<?xml version="1.0" encoding="UTF-8" ?>
<testsuite errors="0" failures="0" hostname="travis-job-9ec2aeb1-a79d-48af-9435-f5a2147a1e4e" name="ptolemy.domains.de.test.junit.JUnitTclTest" skipped="0" tests="101" time="121.194" timestamp="2020-04-11T13:50:36">
  <properties>
    <property name="npm.executable" value="npm" />
    <property name="env.TRAVIS_ROOT" value="/" />
    <property name="ptII.mk.exists" value="true" />
    <property name="env.TRAVIS_APP_HOST" value="build.travis-ci.org" />
    <property name="env.rvm_bin_path" value="/home/travis/.rvm/bin" />
    <property name="java.home" value="/usr/local/lib/jvm/openjdk11" />
    <property name="env.TRAVIS_JOB_NUMBER" value="1598.9" />
    <property name="env.TRAVIS_HOME" value="/home/travis" />
    <property name="env.DISPLAY" value=":99.0" />
    <property name="env.TRAVIS_INIT" value="systemd" />
    <property name="env.SSH_TTY" value="/dev/pts/0" />
    <property name="java.net.preferIPv4Stack" value="true" />
    <property name="env.RUN_TESTS" value="true" />
    <property name="timeout.short" value="1000000" />
    <property name="junit.formatter" value="xml" />
    <property name="env.TRAVIS_SUDO" value="true" />
    <property name="env.TRAVIS_JOB_NAME" value="" />
    <property name="env.TRAVIS_STACK_NODE_ATTRIBUTES" value="/.node-attributes.yml" />
    <property name="env.LOGNAME" value="travis" />
    <property name="jsdoc.home" value="node_modules/@terraswarm/jsdoc" />
    <property name="debuglevel" value="source,lines,vars" />
    <property name="checkstyle.formatter" value="xml" />
    <property name="env._system_version" value="16.04" />
    <property name="bin.vergil.makeable" value="true" />
    <property name="sun.os.patch.level" value="unknown" />
    <property name="java.vendor.url" value="http://java.oracle.com/" />
    <property name="env.TRAVIS_BUILD_WEB_URL" value="https://travis-ci.org/icyphy/ptII/builds/673777329" />
    <property name="java.version" value="11.0.2" />
    <property name="env.TZ" value="UTC" />
    <property name="env.TRAVIS_PULL_REQUEST_SHA" value="" />
    <property name="env.PT_NO_NET" value="true" />
    <property name="env.TRAVIS_SECURE_ENV_VARS" value="true" />
    <property name="env._system_type" value="Linux" />
    <property name="java.vendor.url.bug" value="http://bugreport.java.com/bugreport/" />
    <property name="npmjs-org-is-up" value="true" />
    <property name="env.LANGUAGE" value="en_US.UTF-8" />
    <property name="env.SSH_CLIENT" value="10.24.4.71 37910 22" />
    <property name="env.GEM_HOME" value="/home/travis/.rvm/gems/ruby-2.5.3" />
    <property name="env.HAS_ANTARES_THREE_LITTLE_FRONZIES_BADGE" value="true" />
    <property name="java.version.date" value="2019-01-15" />
    <property name="env.PS4" value="+" />
    <property name="ant.project.invoked-targets" value="build,test.core2.xml" />
    <property name="env.TRAVIS_PULL_REQUEST_BRANCH" value="" />
    <property name="env.TRAVIS_REPO_SLUG" value="icyphy/ptII" />
    <property name="env.XDG_DATA_DIRS" value="/usr/local/share:/usr/share:/var/lib/snapd/desktop" />
    <property name="jdk.debug" value="release" />
    <property name="env.TRAVIS_APT_PROXY" value="http://build-cache.travisci.net" />
    <property name="env.TRAVIS_CPU_ARCH" value="amd64" />
    <property name="node.in.path" value="true" />
    <property name="user.name" value="travis" />
    <property name="java.maxmemory" value="1400m" />
    <property name="env.RUBY_VERSION" value="ruby-2.5.3" />
    <property name="env.LANG" value="en_US.UTF-8" />
    <property name="sun.io.unicode.encoding" value="UnicodeLittle" />
    <property name="sun.jnu.encoding" value="UTF-8" />
    <property name="java.runtime.name" value="OpenJDK Runtime Environment" />
    <property name="usefile" value="false" />
    <property name="return.code" value="0" />
    <property name="junit.single.formatter" value="plain" />
    <property name="env.DYLD_LIBRARY_PATH" value="/home/travis/pthla/certi-tools/lib:" />
    <property name="env.DEBIAN_FRONTEND" value="noninteractive" />
    <property name="env.SSH_CONNECTION" value="10.24.4.71 37910 10.20.0.22 22" />
    <property name="env.MYSQL_UNIX_PORT" value="/var/run/mysqld/mysqld.sock" />
    <property name="env.LC_ALL" value="en_US.UTF-8" />
    <property name="env.TRAVIS_ALLOW_FAILURE" value="" />
    <property name="env.TRAVIS_JOB_WEB_URL" value="https://travis-ci.org/icyphy/ptII/jobs/673777338" />
    <property name="java.specification.name" value="Java Platform API Specification" />
    <property name="node.works" value="true" />
    <property name="user.timezone" value="" />
    <property name="path.separator" value=":" />
    <property name="env.TRAVIS_ENABLE_INFRA_DETECTION" value="true" />
    <property name="env.PYTHON_CFLAGS" value="-g -fstack-protector --param=ssp-buffer-size=4 -Wformat -Werror=format-security" />
    <property name="timeout.long" value="4000000" />
    <property name="env.CERTI_HOME" value="/home/travis/pthla/certi-tools" />
    <property name="ant.file.ptII" value="/home/travis/build/icyphy/ptII/build.xml" />
    <property name="javadoc.packagenames" value="com.*,diva.*,lbnl.*,org.hlacerti.*,org.json.*,org.ptolemy.*,org.terraswarm.*,ptolemy.*,ptserver.*" />
    <property name="file.encoding" value="UTF-8" />
    <property name="env.TRAVIS_PULL_REQUEST_SLUG" value="" />
    <property name="ant.project.default-target" value="build" />
    <property name="env.GIT_ASKPASS" value="echo" />
    <property name="env.HOME" value="/home/travis" />
    <property name="sun.java.command" value="org.apache.tools.ant.taskdefs.optional.junit.JUnitTestRunner ptolemy.domains.de.test.junit.JUnitTclTest skipNonTests=false filtertrace=true haltOnError=false haltOnFailure=false formatter=org.apache.tools.ant.taskdefs.optional.junit.OutErrSummaryJUnitResultFormatter showoutput=true outputtoformatters=true logfailedtests=true threadid=0 logtestlistenerevents=false formatter=org.apache.tools.ant.taskdefs.optional.junit.XMLJUnitResultFormatter,/home/travis/build/icyphy/ptII/reports/junit/TEST-ptolemy.domains.de.test.junit.JUnitTclTest.xml crashfile=/home/travis/build/icyphy/ptII/junitvmwatcher8223716307042067121.properties propsfile=/home/travis/build/icyphy/ptII/junit12996918176845709166.properties" />
    <property name="env.COMPOSER_NO_INTERACTION" value="1" />
    <property name="env.MANPATH" value="/home/travis/.nvm/versions/node/v7.10.1/share/man:/home/travis/.rvm/rubies/ruby-2.5.3/share/man:/usr/local/cmake-3.12.4/man:/usr/local/clang-7.0.0/share/man:/usr/local/man:/usr/local/share/man:/usr/share/man:/home/travis/.rvm/man" />
    <property name="env.TRAVIS_TIMER_ID" value="0159eb38" />
    <property name="ant.file" value="/home/travis/build/icyphy/ptII/build.xml" />
    <property name="env.TRAVIS_COMMIT_RANGE" value="3e950cfe0f3c004454147d0a7dfedd7f8d8e77cc...52bfcaaec950ad6b43d11ffdb9cd3f924b0c1f76" />
    <property name="env._system_name" value="Ubuntu" />
    <property name="ptII.classpath.optional.property" value="/home/travis/build/icyphy/ptII/lib/bsh-2.0b4.jar:/home/travis/build/icyphy/ptII/lib/ptCal.jar:/home/travis/build/icyphy/ptII/lib/java_cup.jar:/home/travis/build/icyphy/ptII/lib/saxon8.jar:/home/travis/build/icyphy/ptII/lib/saxon8-dom.jar:/home/travis/build/icyphy/ptII/lib/chic.jar:/home/travis/build/icyphy/ptII/lib/ptcolt.jar:/home/travis/build/icyphy/ptII/vendors/misc/itext/iText.jar:/home/travis/build/icyphy/ptII/lib/g4ltl.jar:/home/travis/build/icyphy/ptII/lib/StructuralCoder.jar:/home/travis/build/icyphy/ptII/lib/jcerti.jar:/home/travis/build/icyphy/ptII/lib/javax.mail.jar:/home/travis/build/icyphy/ptII/vendors/JMF-2.1.1e/lib/jmf.jar:/home/travis/build/icyphy/ptII/lib/jna-4.0.0-variadic.jar:/home/travis/build/icyphy/ptII/vendors/misc/joystick/Joystick.jar:/home/travis/build/icyphy/ptII/lib/ptjacl.jar:/home/travis/build/icyphy/ptII/lib/jsoup-1.8.2.jar:/home/travis/build/icyphy/ptII/lib/junit-4.8.2.jar:/home/travis/build/icyphy/ptII/lib/JUnitParams-0.4.0.jar:/home/travis/build/icyphy/ptII/ptolemy/actor/lib/excel/jxl.jar:/home/travis/build/icyphy/ptII/lib/jython.jar:/home/travis/build/icyphy/ptII/lib/kieler.jar:/home/travis/build/icyphy/ptII/vendors/opencv/share/OpenCV/java/opencv-341.jar:/home/travis/build/icyphy/ptII/lib/oscP5.jar:/home/travis/build/icyphy/ptII/lib/nrjavaserial-3.11.0.devel.jar:/home/travis/build/icyphy/ptII/vendors/j3d/lib/Linux/j3dcore.jar:/home/travis/build/icyphy/ptII/vendors/j3d/lib/Linux/j3dutils.jar:/home/travis/build/icyphy/ptII/vendors/j3d/lib/Linux/vecmath.jar:/home/travis/build/icyphy/ptII/vendors/jogl/lib/Linux/gluegen-rt-natives-linux-amd64.jar:/home/travis/build/icyphy/ptII/vendors/jogl/lib/Linux/gluegen-rt.jar:/home/travis/build/icyphy/ptII/vendors/jogl/lib/Linux/jogl-all-natives-linux-amd64.jar:/home/travis/build/icyphy/ptII/vendors/jogl/lib/Linux/jogl-all.jar:/home/travis/build/icyphy/ptII/ptolemy/distributed/jini/jar/jini-core.jar:/home/travis/build/icyphy/ptII/ptolemy/distributed/jini/jar/jini-ext.jar:/home/travis/build/icyphy/ptII/ptolemy/distributed/jini/jar/sun-util.jar:/home/travis/build/icyphy/ptII/lib/protobuf-java-2.4.1.jar:/home/travis/build/icyphy/ptII/lib/org.eclipse.paho.client.mqttv3.jar:/home/travis/build/icyphy/ptII/lib/mapss.jar:/home/travis/build/icyphy/ptII/ptolemy/actor/ptalon/antlr/antlr.jar:/home/travis/build/icyphy/ptII/lib/JRI.jar:/home/travis/build/icyphy/ptII/lib/commons-lang-2.6.jar:/home/travis/build/icyphy/ptII/lib/commons-logging-1.1.1.jar:/home/travis/build/icyphy/ptII/lib/sootclasses.jar:/home/travis/build/icyphy/ptII/ptolemy/actor/lib/database/mysql-connector-java-5.1.6-bin.jar:/home/travis/build/icyphy/ptII/vendors/misc/sphinx4/sphinx4-data-5prealpha.jar:/home/travis/build/icyphy/ptII/vendors/misc/sphinx4/sphinx4-core-5prealpha.jar:/home/travis/build/icyphy/ptII/lib/PDFRenderer.jar:/home/travis/build/icyphy/ptII/lib/svgSalamander.jar:/home/travis/build/icyphy/ptII/lib/rsyntaxtextarea-2.6.0-SNAPSHOT.jar:/home/travis/build/icyphy/ptII/lib/hazelcast-3.8.2.jar:/home/travis/build/icyphy/ptII/lib/jackson-annotations-2.9.0.jar:/home/travis/build/icyphy/ptII/lib/jackson-core-2.9.3.jar:/home/travis/build/icyphy/ptII/lib/jackson-databind-2.9.3.jar:/home/travis/build/icyphy/ptII/lib/netty-buffer-4.1.19.Final.jar:/home/travis/build/icyphy/ptII/lib/netty-codec-4.1.19.Final.jar:/home/travis/build/icyphy/ptII/lib/netty-codec-dns-4.1.19.Final.jar:/home/travis/build/icyphy/ptII/lib/netty-codec-http-4.1.19.Final.jar:/home/travis/build/icyphy/ptII/lib/netty-codec-http2-4.1.19.Final.jar:/home/travis/build/icyphy/ptII/lib/netty-common-4.1.19.Final.jar:/home/travis/build/icyphy/ptII/lib/netty-handler-4.1.19.Final.jar:/home/travis/build/icyphy/ptII/lib/netty-resolver-4.1.19.Final.jar:/home/travis/build/icyphy/ptII/lib/netty-resolver-dns-4.1.19.Final.jar:/home/travis/build/icyphy/ptII/lib/netty-transport-4.1.19.Final.jar:/home/travis/build/icyphy/ptII/lib/vertx-codegen-3.5.1.jar:/home/travis/build/icyphy/ptII/lib/vertx-core-3.5.2-SNAPSHOT.jar:/home/travis/build/icyphy/ptII/lib/vertx-hazelcast-3.5.1.jar:/home/travis/build/icyphy/ptII/lib/vertx-lang-js-3.5.1.jar:/home/travis/build/icyphy/ptII/lib/vertx-service-proxy-3.5.1.jar:/home/travis/build/icyphy/ptII/lib/vertx-web-3.5.1.jar:/home/travis/build/icyphy/ptII/lib/slf4j-api-1.7.13.jar:/home/travis/build/icyphy/ptII/lib/slf4j-simple-1.7.13.jar:/home/travis/build/icyphy/ptII/lib/webcam-capture-0.3.12.jar:/home/travis/build/icyphy/ptII/lib/bridj-0.7.0.jar:/home/travis/build/icyphy/ptII/lib/xbjlib-1.1.0.nrjavaserial.jar" />
    <property name="timeout" value="2400000" />
    <property name="test.batch" value="**/junit/*.java" />
    <property name="env._" value="/usr/bin/timeout" />
    <property name="java.io.tmpdir" value="/tmp" />
    <property name="user.language" value="en" />
    <property name="env.TRAVIS_INTERNAL_RUBY_REGEX" value="^ruby-(2\.[0-4]\.[0-9]|1\.9\.3)" />
    <property name="env.HISTCONTROL" value="ignoredups:ignorespace" />
    <property name="env.GOROOT" value="/home/travis/.gimme/versions/go1.11.1.linux.amd64" />
    <property name="line.separator" value="&#xa;" />
    <property name="target" value="11" />
    <property name="env.TRAVIS_BUILD_DIR" value="/home/travis/build/icyphy/ptII" />
    <property name="env.ANT_OPTS" value="-Xmx2048m" />
    <property name="ant.file.type" value="file" />
    <property name="ptolemy.ptII.batchMode" value="true" />
    <property name="env.HISTSIZE" value="1000" />
    <property name="env.MERB_ENV" value="test" />
    <property name="java.vm.info" value="mixed mode" />
    <property name="source" value="11" />
    <property name="java.vm.specification.name" value="Java Virtual Machine Specification" />
    <property name="env.TRAVIS_TEST_RESULT" value="0" />
    <property name="jsdoc.command" value="node_modules/@terraswarm/jsdoc/jsdoc.js" />
    <property name="npm.works" value="true" />
    <property name="cobertura.dir" value="/home/travis/build/icyphy/ptII/vendors/cobertura-2.0.3" />
    <property name="jsdoc.command.exists" value="true" />
    <property name="env.rvm_path" value="/home/travis/.rvm" />
    <property name="env.GEM_PATH" value="/home/travis/.rvm/gems/ruby-2.5.3:/home/travis/.rvm/gems/ruby-2.5.3@global" />
    <property name="env.LC_CTYPE" value="en_US.UTF-8" />
    <property name="env.TRAVIS_CMD" value="$PTII/bin/ptIITravisBuild.sh $SECONDS" />
    <property name="java.awt.printerjob" value="sun.print.PSPrinterJob" />
    <property name="env.TRAVIS_STACK_NAME" value="sardonyx" />
    <property name="env.TRAVIS_TIMER_START_TIME" value="1586612822432414505" />
    <property name="ant.version" value="Apache Ant(TM) version 1.10.1 compiled on February 2 2017" />
    <property name="ptII.reports" value="/home/travis/build/icyphy/ptII/reports" />
    <property name="env.TRAVIS_STACK_TIMESTAMP" value="2019-03-25 16:16:56 UTC" />
    <property name="ant.file.type.ptII" value="file" />
    <property name="env.RBENV_SHELL" value="bash" />
    <property name="os.name" value="Linux" />
    <property name="java.specification.vendor" value="Oracle Corporation" />
    <property name="env.rvm_version" value="1.29.7 (latest)" />
    <property name="env.TRAVIS_INFRA" value="gce" />
    <property name="env.TERM" value="xterm" />
    <property name="java.vm.name" value="OpenJDK 64-Bit Server VM" />
    <property name="env.TRAVIS_BUILD_NUMBER" value="1598" />
    <property name="env.CI" value="true" />
    <property name="java.library.path" value="/home/travis/pthla/certi-tools/lib:/usr/lib/jni:/usr/local/share/OpenCV/java/:/usr/share/OpenCV/java::/usr/java/packages/lib:/usr/lib64:/lib64:/lib:/usr/lib" />
    <property name="jdk.module.path" value="/home/travis/build/icyphy/ptII/vendors/javafx/javafx-sdk-11.0.2/lib:" />
    <property name="env.rvm_prefix" value="/home/travis" />
    <property name="env.PATH" value="/home/travis/pthla/certi-tools/share/scripts:/home/travis/.rvm/gems/ruby-2.5.3/bin:/home/travis/.rvm/gems/ruby-2.5.3@global/bin:/home/travis/.rvm/rubies/ruby-2.5.3/bin:/home/travis/.rvm/bin:/home/travis/.nvm/versions/node/v7.10.1/bin:./node_modules/.bin:/home/travis/build/icyphy/ptII/bin:/home/travis/pthla/certi-tools/bin:/home/travis/bin:/home/travis/.local/bin:/usr/local/lib/jvm/openjdk11/bin:/opt/pyenv/shims:/home/travis/.phpenv/shims:/home/travis/perl5/perlbrew/bin:/home/travis/gopath/bin:/home/travis/.gimme/versions/go1.11.1.linux.amd64/bin:/usr/local/maven-3.6.0/bin:/usr/local/cmake-3.12.4/bin:/usr/local/clang-7.0.0/bin:/usr/local/sbin:/usr/local/bin:/usr/sbin:/usr/bin:/sbin:/bin:/snap/bin:/home/travis/.phpenv/bin:/opt/pyenv/bin:/home/travis/.yarn/bin" />
    <property name="env.TRAVIS_OS_NAME" value="linux" />
    <property name="ant.java.version" value="9" />
    <property name="basedir" value="/home/travis/build/icyphy/ptII" />
    <property name="java.class.version" value="55.0" />
    <property name="env.SHLVL" value="3" />
    <property name="env.LD_LIBRARY_PATH" value="/home/travis/pthla/certi-tools/lib:/usr/lib/jni:/usr/local/share/OpenCV/java/:/usr/share/OpenCV/java:" />
    <property name="env.RACK_ENV" value="test" />
    <property name="ant.home" value="/home/travis/build/icyphy/ptII/ant" />
    <property name="env.NVM_DIR" value="/home/travis/.nvm" />
    <property name="env.CERTI_FOM_PATH" value="/home/travis/pthla/certi-tools/share/federations" />
    <property name="env.TRAVIS_BUILD_ID" value="673777329" />
    <property name="env.PYENV_ROOT" value="/opt/pyenv" />
    <property name="env.TRAVIS_UID" value="2000" />
    <property name="prism.verbose" value="true" />
    <property name="env.NVM_BIN" value="/home/travis/.nvm/versions/node/v7.10.1/bin" />
    <property name="env.TRAVIS_COMMIT" value="52bfcaaec950ad6b43d11ffdb9cd3f924b0c1f76" />
    <property name="env._system_arch" value="x86_64" />
    <property name="node.executable" value="node" />
    <property name="sun.boot.library.path" value="/usr/local/lib/jvm/openjdk11/lib" />
    <property name="sun.management.compiler" value="HotSpot 64-Bit Tiered Compilers" />
    <property name="java.awt.graphicsenv" value="sun.awt.X11GraphicsEnvironment" />
    <property name="env.GOPATH" value="/home/travis/gopath" />
    <property name="ptolemy.ptII.dir" value="/home/travis/build/icyphy/ptII" />
    <property name="env.USER" value="travis" />
    <property name="env.HISTFILESIZE" value="2000" />
    <property name="env.NVM_INC" value="/home/travis/.nvm/versions/node/v7.10.1/include/node" />
    <property name="timeout.longest" value="19000000" />
    <property name="env.PERLBREW_SHELLRC_VERSION" value="0.86" />
    <property name="env.TRAVIS_STACK_FEATURES" value="basic couchdb disabled-ipv6 docker docker-compose elasticsearch firefox go-toolchain google-chrome jdk memcached mongodb mysql nodejs_interpreter perl_interpreter perlbrew phantomjs postgresql python_interpreter redis ruby_interpreter sqlite xserver" />
    <property name="env.TRAVIS_PULL_REQUEST" value="false" />
    <property name="env.PYENV_SHELL" value="bash" />
    <property name="ant.project.name" value="ptII" />
    <property name="env.ANSI_RESET" value="\033[0m" />
    <property name="java.vm.specification.version" value="11" />
    <property name="env.TRAVIS_DIST" value="xenial" />
    <property name="env.CERTI_VERSION" value="4.0.0" />
    <property name="env.CERTI_HOST" value="localhost" />
    <property name="awt.toolkit" value="sun.awt.X11.XToolkit" />
    <property name="env.MY_RUBY_HOME" value="/home/travis/.rvm/rubies/ruby-2.5.3" />
    <property name="sun.cpu.isalist" value="" />
    <property name="env.TRAVIS_TMPDIR" value="/tmp/tmp.i5uEKWDDVJ" />
    <property name="java.vm.compressedOopsMode" value="Zero based" />
    <property name="os.version" value="4.15.0-1028-gcp" />
    <property name="user.home" value="/home/travis" />
    <property name="java.vm.vendor" value="Oracle Corporation" />
    <property name="env.TRAVIS_TAG" value="nightly" />
    <property name="env.ANSI_YELLOW" value="\033[33;1m" />
    <property name="env.TRAVIS_FILTERED" value="redirect_io" />
    <property name="env.ANSI_GREEN" value="\033[32;1m" />
    <property name="env.JAVA_HOME" value="/usr/local/lib/jvm/openjdk11" />
    <property name="javadoc.excludepackagenames" value="adm.cvs2svn.*,build.*,config.*,doc.coding.templates.*,jni.test.jni.meaningOfLife.*,jni.test.jni.testDeux.*,jni.test.jni.testTrois.*,org.terraswarm.accessor.accessors.web.node_modules.*,org.terraswarm.accessor.accessors.web.hosts.cordova.demo.*,org.terraswarm.accessor.accessors.web.hosts.cordova.plugins.*,org.terraswarm.accessor.accessors-svn.*,pt-modules.*,ptolemy.apps.agilent.*,ptolemy.apps.anytimecontrol.*,ptolemy.apps.apes.*,ptolemy.apps.charon.*,ptolemy.apps.crazyboard.*,ptolemy.apps.eclipse.*,ptolemy.apps.etherealSting.*,ptolemy.apps.fullscreen.*,ptolemy.apps.giotto.*,ptolemy.apps.ia.*,ptolemy.apps.interfaces.*,ptolemy.apps.jmf.*,ptolemy.apps.kurt.*,ptolemy.apps.kvm.*,ptolemy.apps.lego.*,ptolemy.apps.lejos.*,ptolemy.apps.midp.*,ptolemy.apps.mobileCoding.*,ptolemy.apps.pendulum.*,ptolemy.apps.rijndael.*,ptolemy.apps.robot.*,ptolemy.apps.security.*,ptolemy.apps.sobel.*,ptolemy.apps.soot.*,ptolemy.apps.throttle.*,ptolemy.apps.tini.*,ptolemy.apps.transmission.*,ptolemy.apps.vergil.*,ptolemy.apps.waba.*,ptolemy.apps.websensor.*,ptolemy.apps.webstart.*,ptolemy.apps.xsl.*,ptolemy.apps.zaurus.*,ptolemy.codegen.c.actor.lib.oldJavaFiles.*,ptolemy.codegen.dsp.lib.*,ptolemy.codegen.kernel.newInterfaces.*,ptolemy.codegen.lib.*,ptolemy.copernicus.kernel.fragment.*,ptolemy.copernicus.shallow.cg.*,ptolemy.domains.giotto.demo.Hierarchy.Hierarchy.*,ptolemy.domains.giotto.demo.Multimode.Multimode.*,ptolemy.domains.giotto.demo.Simple.Simple.*,ptolemy.domains.gr.lib.experimental.*,ptolemy.domains.gro.*,ptolemy.domains.pdf.*,ptolemy.domains.ptinyos.demo.Surge.output.*,ptolemy.moml.test.NoPackageActor.java*,ptolemy.plot.adm.*,ptolemy.plot.servlet.*,reports.*,signed.*,src.*,target.*,vendors.*,ptolemy.copernicus.applet.*,ptolemy.media.viewer.*,ptolemy.actor.corba.*,doc.doclets.*,ptolemy.apps.eclipse.awt.*,ptolemy.backtrack.*,ptolemy.backtrack.ast.*,ptolemy.cg.adapter.generic.program.procedural.c.mbed*,ptolemy.homer.*,ptolemy.actor.lib.jai.*,org.ptolemy.scala.*,diva.util.java2d.svg.*,ptolemy.domains.ptinyos.*,ptolemy.actor.lib.fmi.fmipp.*,,org.terraswarm.accessor.accessors.web.node_modules.*,org.terraswarm.accessor.accessors-svn,ptolemy.apps.*,ptolemy.actor.ptalon.demo.ptinyos.SendAndReceiveCnt.output,ptolemy.actor.ptalon.demo.ptinyos.SenseToLeds.output,ptolemy.domains.ptinyos.demo.CntToLedsAndRfm.output,ptolemy.domains.ptinyos.demo.RfmToLeds.output,ptolemy.domains.ptinyos.demo.SendAndReceiveCnt.output,ptolemy.domains.ptinyos.demo.SenseToLeds.output,ptolemy.actor.lib.jjs.modules.udpSocket.*" />
    <property name="env.PTII" value="/home/travis/build/icyphy/ptII" />
    <property name="env.XDG_SESSION_ID" value="2" />
    <property name="keystore" value="ptKeystore" />
    <property name="env.TRAVIS_COMMIT_MESSAGE" value="Updating models using array data type." />
    <property name="junit.output.dir" value="/home/travis/build/icyphy/ptII/reports/junit" />
    <property name="npm.return.code" value="0" />
    <property name="user.dir" value="/home/travis/build/icyphy/ptII/ptolemy/domains/de/test" />
    <property name="env.TRAVIS_NODE_VERSION" value="7" />
    <property name="env.TRAVIS_EVENT_TYPE" value="cron" />
    <property name="env.MAIL" value="/var/mail/travis" />
    <property name="env.PERLBREW_ROOT" value="/home/travis/perl5/perlbrew" />
    <property name="env.PWD" value="/home/travis/build/icyphy/ptII" />
    <property name="timeout.npm" value="45000" />
    <property name="env.PT_TRAVIS_TEST_CORE2_XML" value="true" />
    <property name="env.TRAVIS_ARCH" value="amd64" />
    <property name="sun.cpu.endian" value="little" />
    <property name="env.PAGER" value="cat" />
    <property name="env.TRAVIS_BUILD_STAGE_NAME" value="test" />
    <property name="env.PERLBREW_HOME" value="/home/travis/.perlbrew" />
    <property name="java.vm.version" value="11.0.2+9" />
    <property name="env.RAILS_ENV" value="test" />
    <property name="java.class.path" value="/home/travis/build/icyphy/ptII:/home/travis/build/icyphy/ptII/lib/bsh-2.0b4.jar:/home/travis/build/icyphy/ptII/lib/ptCal.jar:/home/travis/build/icyphy/ptII/lib/java_cup.jar:/home/travis/build/icyphy/ptII/lib/saxon8.jar:/home/travis/build/icyphy/ptII/lib/saxon8-dom.jar:/home/travis/build/icyphy/ptII/lib/chic.jar:/home/travis/build/icyphy/ptII/lib/ptcolt.jar:/home/travis/build/icyphy/ptII/vendors/misc/itext/iText.jar:/home/travis/build/icyphy/ptII/lib/g4ltl.jar:/home/travis/build/icyphy/ptII/lib/StructuralCoder.jar:/home/travis/build/icyphy/ptII/lib/jcerti.jar:/home/travis/build/icyphy/ptII/lib/javax.mail.jar:/home/travis/build/icyphy/ptII/vendors/JMF-2.1.1e/lib/jmf.jar:/home/travis/build/icyphy/ptII/lib/jna-4.0.0-variadic.jar:/home/travis/build/icyphy/ptII/vendors/misc/joystick/Joystick.jar:/home/travis/build/icyphy/ptII/lib/ptjacl.jar:/home/travis/build/icyphy/ptII/lib/jsoup-1.8.2.jar:/home/travis/build/icyphy/ptII/lib/junit-4.8.2.jar:/home/travis/build/icyphy/ptII/lib/JUnitParams-0.4.0.jar:/home/travis/build/icyphy/ptII/ptolemy/actor/lib/excel/jxl.jar:/home/travis/build/icyphy/ptII/lib/jython.jar:/home/travis/build/icyphy/ptII/lib/kieler.jar:/home/travis/build/icyphy/ptII/vendors/opencv/share/OpenCV/java/opencv-341.jar:/home/travis/build/icyphy/ptII/lib/oscP5.jar:/home/travis/build/icyphy/ptII/lib/nrjavaserial-3.11.0.devel.jar:/home/travis/build/icyphy/ptII/vendors/j3d/lib/Linux/j3dcore.jar:/home/travis/build/icyphy/ptII/vendors/j3d/lib/Linux/j3dutils.jar:/home/travis/build/icyphy/ptII/vendors/j3d/lib/Linux/vecmath.jar:/home/travis/build/icyphy/ptII/vendors/jogl/lib/Linux/gluegen-rt-natives-linux-amd64.jar:/home/travis/build/icyphy/ptII/vendors/jogl/lib/Linux/gluegen-rt.jar:/home/travis/build/icyphy/ptII/vendors/jogl/lib/Linux/jogl-all-natives-linux-amd64.jar:/home/travis/build/icyphy/ptII/vendors/jogl/lib/Linux/jogl-all.jar:/home/travis/build/icyphy/ptII/ptolemy/distributed/jini/jar/jini-core.jar:/home/travis/build/icyphy/ptII/ptolemy/distributed/jini/jar/jini-ext.jar:/home/travis/build/icyphy/ptII/ptolemy/distributed/jini/jar/sun-util.jar:/home/travis/build/icyphy/ptII/lib/protobuf-java-2.4.1.jar:/home/travis/build/icyphy/ptII/lib/org.eclipse.paho.client.mqttv3.jar:/home/travis/build/icyphy/ptII/lib/mapss.jar:/home/travis/build/icyphy/ptII/ptolemy/actor/ptalon/antlr/antlr.jar:/home/travis/build/icyphy/ptII/lib/JRI.jar:/home/travis/build/icyphy/ptII/lib/commons-lang-2.6.jar:/home/travis/build/icyphy/ptII/lib/commons-logging-1.1.1.jar:/home/travis/build/icyphy/ptII/lib/sootclasses.jar:/home/travis/build/icyphy/ptII/ptolemy/actor/lib/database/mysql-connector-java-5.1.6-bin.jar:/home/travis/build/icyphy/ptII/vendors/misc/sphinx4/sphinx4-data-5prealpha.jar:/home/travis/build/icyphy/ptII/vendors/misc/sphinx4/sphinx4-core-5prealpha.jar:/home/travis/build/icyphy/ptII/lib/PDFRenderer.jar:/home/travis/build/icyphy/ptII/lib/svgSalamander.jar:/home/travis/build/icyphy/ptII/lib/rsyntaxtextarea-2.6.0-SNAPSHOT.jar:/home/travis/build/icyphy/ptII/lib/hazelcast-3.8.2.jar:/home/travis/build/icyphy/ptII/lib/jackson-annotations-2.9.0.jar:/home/travis/build/icyphy/ptII/lib/jackson-core-2.9.3.jar:/home/travis/build/icyphy/ptII/lib/jackson-databind-2.9.3.jar:/home/travis/build/icyphy/ptII/lib/netty-buffer-4.1.19.Final.jar:/home/travis/build/icyphy/ptII/lib/netty-codec-4.1.19.Final.jar:/home/travis/build/icyphy/ptII/lib/netty-codec-dns-4.1.19.Final.jar:/home/travis/build/icyphy/ptII/lib/netty-codec-http-4.1.19.Final.jar:/home/travis/build/icyphy/ptII/lib/netty-codec-http2-4.1.19.Final.jar:/home/travis/build/icyphy/ptII/lib/netty-common-4.1.19.Final.jar:/home/travis/build/icyphy/ptII/lib/netty-handler-4.1.19.Final.jar:/home/travis/build/icyphy/ptII/lib/netty-resolver-4.1.19.Final.jar:/home/travis/build/icyphy/ptII/lib/netty-resolver-dns-4.1.19.Final.jar:/home/travis/build/icyphy/ptII/lib/netty-transport-4.1.19.Final.jar:/home/travis/build/icyphy/ptII/lib/vertx-codegen-3.5.1.jar:/home/travis/build/icyphy/ptII/lib/vertx-core-3.5.2-SNAPSHOT.jar:/home/travis/build/icyphy/ptII/lib/vertx-hazelcast-3.5.1.jar:/home/travis/build/icyphy/ptII/lib/vertx-lang-js-3.5.1.jar:/home/travis/build/icyphy/ptII/lib/vertx-service-proxy-3.5.1.jar:/home/travis/build/icyphy/ptII/lib/vertx-web-3.5.1.jar:/home/travis/build/icyphy/ptII/lib/slf4j-api-1.7.13.jar:/home/travis/build/icyphy/ptII/lib/slf4j-simple-1.7.13.jar:/home/travis/build/icyphy/ptII/lib/webcam-capture-0.3.12.jar:/home/travis/build/icyphy/ptII/lib/bridj-0.7.0.jar:/home/travis/build/icyphy/ptII/lib/xbjlib-1.1.0.nrjavaserial.jar:/home/travis/build/icyphy/ptII/ptolemy/moml/test:/home/travis/build/icyphy/ptII/ant/lib/ant-launcher.jar:/home/travis/build/icyphy/ptII/ant/lib/ant.jar:/home/travis/build/icyphy/ptII/ant/lib/ant-junit.jar:/home/travis/build/icyphy/ptII/ant/lib/ant-junit4.jar" />
    <property name="ant.library.dir" value="/home/travis/build/icyphy/ptII/ant/lib" />
    <property name="os.arch" value="amd64" />
    <property name="env.CONTINUOUS_INTEGRATION" value="true" />
    <property name="env.TRAVIS_LANGUAGE" value="node_js" />
    <property name="env.TRAVIS_STACK_LANGUAGES" value="__sardonyx__ c c++ clojure cplusplus cpp default generic go groovy java node_js php pure_java python ruby scala" />
    <property name="test.name" value="ptolemy.actor.lib.test.junit.JUnitTclTest" />
    <property name="env.APT_KEY_DONT_WARN_ON_DANGEROUS_USAGE" value="1" />
    <property name="sun.java.launcher" value="SUN_STANDARD" />
    <property name="env.PYTHON_CONFIGURE_OPTS" value="--enable-unicode=ucs4 --with-wide-unicode --enable-shared --enable-ipv6 --enable-loadable-sqlite-extensions --with-computed-gotos" />
    <property name="ant.core.lib" value="/home/travis/build/icyphy/ptII/ant/lib/ant.jar" />
    <property name="java.vm.specification.vendor" value="Oracle Corporation" />
    <property name="env.BCVTB_HOME" value="/home/travis/build/icyphy/ptII/lbnl" />
    <property name="file.separator" value="/" />
    <property name="spotbugs.home" value="/home/travis/build/icyphy/ptII/vendors/spotbugs-3.1.1" />
    <property name="java.runtime.version" value="11.0.2+9" />
    <property name="env.ANSI_CLEAR" value="\033[0K" />
    <property name="javafx.verbose" value="true" />
    <property name="env.HAS_JOSH_K_SEAL_OF_APPROVAL" value="true" />
    <property name="env.XDG_RUNTIME_DIR" value="/run/user/2000" />
    <property name="env.TRAVIS_OSX_IMAGE" value="" />
    <property name="env.TRAVIS_JOB_ID" value="673777338" />
    <property name="env.TRAVIS_BRANCH" value="master" />
    <property name="user.country" value="US" />
    <property name="env.CERTI_HOME_TRAVIS" value="/home/travis/pthla/certi-tools" />
    <property name="env.SHELL" value="/bin/bash" />
    <property name="java.maxmemory.large" value="3200m" />
    <property name="model" value="" />
    <property name="env.CASHER_DIR" value="/home/travis/.casher" />
    <property name="env.NVM_CD_FLAGS" value="" />
    <property name="java.vendor.version" value="18.9" />
    <property name="jshint.executable" value="/home/travis/node_modules/jshint/bin/jshint" />
    <property name="env.JRUBY_OPTS" value=" --client -J-XX:+TieredCompilation -J-XX:TieredStopAtLevel=1 -J-Xss2m -Xcompile.invokedynamic=false" />
    <property name="java.vendor" value="Oracle Corporation" />
    <property name="env.TRAVIS_PRE_CHEF_BOOTSTRAP_TIME" value="2019-03-25T16:16:42" />
    <property name="env.TRAVIS_STACK_JOB_BOARD_REGISTER" value="/.job-board-register.yml" />
    <property name="env.ANSI_RED" value="\033[31;1m" />
    <property name="java.specification.version" value="11" />
    <property name="env.IRBRC" value="/home/travis/.rvm/rubies/ruby-2.5.3/.irbrc" />
    <property name="env.TRAVIS" value="true" />
    <property name="sun.arch.data.model" value="64" />
  </properties>
  <testcase classname="ptolemy.util.test.junit.TclTests" name="[0] /home/travis/build/icyphy/ptII/ptolemy/domains/de/test/DependencyLoop.tcl (RunTclFile)" time="0.817" />
  <testcase classname="ptolemy.util.test.junit.TclTests" name="[1] /home/travis/build/icyphy/ptII/ptolemy/domains/de/test/RunDETestsAsQSS.tcl (RunTclFile)" time="82.512" />
  <testcase classname="ptolemy.util.test.junit.AutoKnownFailedTests" name="[0] /home/travis/build/icyphy/ptII/ptolemy/domains/de/test/auto/knownFailedTests/DESDFClockTest.xml (RunModel)" time="2.043" />
  <testcase classname="ptolemy.util.test.junit.AutoKnownFailedTests" name="[1] /home/travis/build/icyphy/ptII/ptolemy/domains/de/test/auto/knownFailedTests/DirectFeedback.xml (RunModel)" time="0.016" />
  <testcase classname="ptolemy.util.test.junit.AutoKnownFailedTests" name="[2] /home/travis/build/icyphy/ptII/ptolemy/domains/de/test/auto/knownFailedTests/FSMSource.xml (RunModel)" time="0.033" />
  <testcase classname="ptolemy.util.test.junit.AutoKnownFailedTests" name="[3] /home/travis/build/icyphy/ptII/ptolemy/domains/de/test/auto/knownFailedTests/HierarchicalModel.xml (RunModel)" time="0.042" />
  <testcase classname="ptolemy.util.test.junit.AutoKnownFailedTests" name="[4] /home/travis/build/icyphy/ptII/ptolemy/domains/de/test/auto/knownFailedTests/dependencyLoop.xml (RunModel)" time="0.042" />
  <testcase classname="ptolemy.util.test.junit.AutoKnownFailedTests" name="[5] /home/travis/build/icyphy/ptII/ptolemy/domains/de/test/auto/knownFailedTests/dependencyLoop2.xml (RunModel)" time="0.059" />
  <testcase classname="ptolemy.util.test.junit.AutoNameArchTests" name="[0] ThereAreNoAutoArchTests (RunModel)" time="0.005" />
  <testcase classname="ptolemy.util.test.junit.AutoTests" name="[0] /home/travis/build/icyphy/ptII/ptolemy/domains/de/test/auto/ActorDepthCalculation_actorWithoutPorts.xml (RunModel)" time="0.019" />
  <testcase classname="ptolemy.util.test.junit.AutoTests" name="[1] /home/travis/build/icyphy/ptII/ptolemy/domains/de/test/auto/AssemblyLine.xml (RunModel)" time="0.026" />
  <testcase classname="ptolemy.util.test.junit.AutoTests" name="[2] /home/travis/build/icyphy/ptII/ptolemy/domains/de/test/auto/CQBug1.xml (RunModel)" time="0.009" />
  <testcase classname="ptolemy.util.test.junit.AutoTests" name="[3] /home/travis/build/icyphy/ptII/ptolemy/domains/de/test/auto/CancelFireAt.xml (RunModel)" time="0.01" />
  <testcase classname="ptolemy.util.test.junit.AutoTests" name="[4] /home/travis/build/icyphy/ptII/ptolemy/domains/de/test/auto/CausalityAndComposabilityAnalysis.xml (RunModel)" time="0.01" />
  <testcase classname="ptolemy.util.test.junit.AutoTests" name="[5] /home/travis/build/icyphy/ptII/ptolemy/domains/de/test/auto/CausalityInterface1.xml (RunModel)" time="0.014" />
  <testcase classname="ptolemy.util.test.junit.AutoTests" name="[6] /home/travis/build/icyphy/ptII/ptolemy/domains/de/test/auto/CausalityInterface15.xml (RunModel)" time="0.02" />
  <testcase classname="ptolemy.util.test.junit.AutoTests" name="[7] /home/travis/build/icyphy/ptII/ptolemy/domains/de/test/auto/CausalityInterface2.xml (RunModel)" time="0.017" />
  <testcase classname="ptolemy.util.test.junit.AutoTests" name="[8] /home/travis/build/icyphy/ptII/ptolemy/domains/de/test/auto/CausalityInterface3.xml (RunModel)" time="0.01" />
  <testcase classname="ptolemy.util.test.junit.AutoTests" name="[9] /home/travis/build/icyphy/ptII/ptolemy/domains/de/test/auto/ClockDrift.xml (RunModel)" time="0.035" />
  <testcase classname="ptolemy.util.test.junit.AutoTests" name="[10] /home/travis/build/icyphy/ptII/ptolemy/domains/de/test/auto/ClockDriftAndValueChange.xml (RunModel)" time="0.032" />
  <testcase classname="ptolemy.util.test.junit.AutoTests" name="[11] /home/travis/build/icyphy/ptII/ptolemy/domains/de/test/auto/ClockDriftChange.xml (RunModel)" time="0.035" />
  <testcase classname="ptolemy.util.test.junit.AutoTests" name="[12] /home/travis/build/icyphy/ptII/ptolemy/domains/de/test/auto/ComposableCausalityAnalysis.xml (RunModel)" time="0.016" />
  <testcase classname="ptolemy.util.test.junit.AutoTests" name="[13] /home/travis/build/icyphy/ptII/ptolemy/domains/de/test/auto/DEFixedPointLimitation.xml (RunModel)" time="0.008" />
  <testcase classname="ptolemy.util.test.junit.AutoTests" name="[14] /home/travis/build/icyphy/ptII/ptolemy/domains/de/test/auto/DEScheduleTest.xml (RunModel)" time="0.015" />
  <testcase classname="ptolemy.util.test.junit.AutoTests" name="[15] /home/travis/build/icyphy/ptII/ptolemy/domains/de/test/auto/DEinDEwithStartTimes.xml (RunModel)" time="0.013" />
  <testcase classname="ptolemy.util.test.junit.AutoTests" name="[16] /home/travis/build/icyphy/ptII/ptolemy/domains/de/test/auto/DEinDEwithStartTimes2.xml (RunModel)" time="0.024" />
  <testcase classname="ptolemy.util.test.junit.AutoTests" name="[17] /home/travis/build/icyphy/ptII/ptolemy/domains/de/test/auto/DateDemo.xml (RunModel)" time="0.028" />
  <testcase classname="ptolemy.util.test.junit.AutoTests" name="[18] /home/travis/build/icyphy/ptII/ptolemy/domains/de/test/auto/DateToEvent.xml (RunModel)" time="2.036" />
  <testcase classname="ptolemy.util.test.junit.AutoTests" name="[19] /home/travis/build/icyphy/ptII/ptolemy/domains/de/test/auto/DepthTest1.xml (RunModel)" time="0.017" />
  <testcase classname="ptolemy.util.test.junit.AutoTests" name="[20] /home/travis/build/icyphy/ptII/ptolemy/domains/de/test/auto/DepthTest2.xml (RunModel)" time="0.017" />
  <testcase classname="ptolemy.util.test.junit.AutoTests" name="[21] /home/travis/build/icyphy/ptII/ptolemy/domains/de/test/auto/DepthTest3.xml (RunModel)" time="0.011" />
  <testcase classname="ptolemy.util.test.junit.AutoTests" name="[22] /home/travis/build/icyphy/ptII/ptolemy/domains/de/test/auto/DepthTest4.xml (RunModel)" time="0.018" />
  <testcase classname="ptolemy.util.test.junit.AutoTests" name="[23] /home/travis/build/icyphy/ptII/ptolemy/domains/de/test/auto/DepthTest5.xml (RunModel)" time="0.019" />
  <testcase classname="ptolemy.util.test.junit.AutoTests" name="[24] /home/travis/build/icyphy/ptII/ptolemy/domains/de/test/auto/DepthTest6.xml (RunModel)" time="0.015" />
  <testcase classname="ptolemy.util.test.junit.AutoTests" name="[25] /home/travis/build/icyphy/ptII/ptolemy/domains/de/test/auto/DepthTest7.xml (RunModel)" time="0.013" />
  <testcase classname="ptolemy.util.test.junit.AutoTests" name="[26] /home/travis/build/icyphy/ptII/ptolemy/domains/de/test/auto/EventToDate.xml (RunModel)" time="3.036" />
  <testcase classname="ptolemy.util.test.junit.AutoTests" name="[27] /home/travis/build/icyphy/ptII/ptolemy/domains/de/test/auto/FSM1.xml (RunModel)" time="0.037" />
  <testcase classname="ptolemy.util.test.junit.AutoTests" name="[28] /home/travis/build/icyphy/ptII/ptolemy/domains/de/test/auto/FSM7.xml (RunModel)" time="0.04" />
  <testcase classname="ptolemy.util.test.junit.AutoTests" name="[29] /home/travis/build/icyphy/ptII/ptolemy/domains/de/test/auto/Inspection.xml (RunModel)" time="0.044" />
  <testcase classname="ptolemy.util.test.junit.AutoTests" name="[30] /home/travis/build/icyphy/ptII/ptolemy/domains/de/test/auto/Iteration.xml (RunModel)" time="0.025" />
  <testcase classname="ptolemy.util.test.junit.AutoTests" name="[31] /home/travis/build/icyphy/ptII/ptolemy/domains/de/test/auto/LineFault.xml (RunModel)" time="0.519" />
  <testcase classname="ptolemy.util.test.junit.AutoTests" name="[32] /home/travis/build/icyphy/ptII/ptolemy/domains/de/test/auto/MergeModel1Add.xml (RunModel)" time="0.044" />
  <testcase classname="ptolemy.util.test.junit.AutoTests" name="[33] /home/travis/build/icyphy/ptII/ptolemy/domains/de/test/auto/MergeModel2Add.xml (RunModel)" time="0.03" />
  <testcase classname="ptolemy.util.test.junit.AutoTests" name="[34] /home/travis/build/icyphy/ptII/ptolemy/domains/de/test/auto/MergeModel3Add.xml (RunModel)" time="0.045" />
  <testcase classname="ptolemy.util.test.junit.AutoTests" name="[35] /home/travis/build/icyphy/ptII/ptolemy/domains/de/test/auto/MergeWithoutDiscard.xml (RunModel)" time="0.009" />
  <testcase classname="ptolemy.util.test.junit.AutoTests" name="[36] /home/travis/build/icyphy/ptII/ptolemy/domains/de/test/auto/Modal1.xml (RunModel)" time="0.028" />
  <testcase classname="ptolemy.util.test.junit.AutoTests" name="[37] /home/travis/build/icyphy/ptII/ptolemy/domains/de/test/auto/Modal2.xml (RunModel)" time="0.026" />
  <testcase classname="ptolemy.util.test.junit.AutoTests" name="[38] /home/travis/build/icyphy/ptII/ptolemy/domains/de/test/auto/Modal3.xml (RunModel)" time="0.026" />
  <testcase classname="ptolemy.util.test.junit.AutoTests" name="[39] /home/travis/build/icyphy/ptII/ptolemy/domains/de/test/auto/Modal4.xml (RunModel)" time="0.028" />
  <testcase classname="ptolemy.util.test.junit.AutoTests" name="[40] /home/travis/build/icyphy/ptII/ptolemy/domains/de/test/auto/Modal5.xml (RunModel)" time="0.029" />
  <testcase classname="ptolemy.util.test.junit.AutoTests" name="[41] /home/travis/build/icyphy/ptII/ptolemy/domains/de/test/auto/Modal6.xml (RunModel)" time="0.024" />
  <testcase classname="ptolemy.util.test.junit.AutoTests" name="[42] /home/travis/build/icyphy/ptII/ptolemy/domains/de/test/auto/Modal7.xml (RunModel)" time="0.033" />
  <testcase classname="ptolemy.util.test.junit.AutoTests" name="[43] /home/travis/build/icyphy/ptII/ptolemy/domains/de/test/auto/ModalModel.xml (RunModel)" time="0.164" />
  <testcase classname="ptolemy.util.test.junit.AutoTests" name="[44] /home/travis/build/icyphy/ptII/ptolemy/domains/de/test/auto/ModalSource.xml (RunModel)" time="0.021" />
  <testcase classname="ptolemy.util.test.junit.AutoTests" name="[45] /home/travis/build/icyphy/ptII/ptolemy/domains/de/test/auto/NonInterruptibleTimerZeroDelay.xml (RunModel)" time="0.008" />
  <testcase classname="ptolemy.util.test.junit.AutoTests" name="[46] /home/travis/build/icyphy/ptII/ptolemy/domains/de/test/auto/OpenQueueingNetwork.xml (RunModel)" time="2.314" />
  <testcase classname="ptolemy.util.test.junit.AutoTests" name="[47] /home/travis/build/icyphy/ptII/ptolemy/domains/de/test/auto/OpenQueuingNetwork.xml (RunModel)" time="0.294" />
  <testcase classname="ptolemy.util.test.junit.AutoTests" name="[48] /home/travis/build/icyphy/ptII/ptolemy/domains/de/test/auto/PeriodicSampler.xml (RunModel)" time="0.009" />
  <testcase classname="ptolemy.util.test.junit.AutoTests" name="[49] /home/travis/build/icyphy/ptII/ptolemy/domains/de/test/auto/PersistentIO.xml (RunModel)" time="0.028" />
  <testcase classname="ptolemy.util.test.junit.AutoTests" name="[50] /home/travis/build/icyphy/ptII/ptolemy/domains/de/test/auto/PortParameterResetOnInitialize.xml (RunModel)" time="0.016" />
  <testcase classname="ptolemy.util.test.junit.AutoTests" name="[51] /home/travis/build/icyphy/ptII/ptolemy/domains/de/test/auto/PortParameterUpdates.xml (RunModel)" time="0.017" />
  <testcase classname="ptolemy.util.test.junit.AutoTests" name="[52] /home/travis/build/icyphy/ptII/ptolemy/domains/de/test/auto/QueueAndServer.xml (RunModel)" time="0.022" />
  <testcase classname="ptolemy.util.test.junit.AutoTests" name="[53] /home/travis/build/icyphy/ptII/ptolemy/domains/de/test/auto/Records.xml (RunModel)" time="0.012" />
  <testcase classname="ptolemy.util.test.junit.AutoTests" name="[54] /home/travis/build/icyphy/ptII/ptolemy/domains/de/test/auto/ResetTransitionWithStartTime1.xml (RunModel)" time="0.015" />
  <testcase classname="ptolemy.util.test.junit.AutoTests" name="[55] /home/travis/build/icyphy/ptII/ptolemy/domains/de/test/auto/ResetTransitionWithStartTime2.xml (RunModel)" time="0.018" />
  <testcase classname="ptolemy.util.test.junit.AutoTests" name="[56] /home/travis/build/icyphy/ptII/ptolemy/domains/de/test/auto/ResetTransitionWithStartTime3.xml (RunModel)" time="0.018" />
  <testcase classname="ptolemy.util.test.junit.AutoTests" name="[57] /home/travis/build/icyphy/ptII/ptolemy/domains/de/test/auto/ResetTransitionWithStartTime4.xml (RunModel)" time="0.014" />
  <testcase classname="ptolemy.util.test.junit.AutoTests" name="[58] /home/travis/build/icyphy/ptII/ptolemy/domains/de/test/auto/ResettableTimer1.xml (RunModel)" time="0.008" />
  <testcase classname="ptolemy.util.test.junit.AutoTests" name="[59] /home/travis/build/icyphy/ptII/ptolemy/domains/de/test/auto/ResettableTimer2.xml (RunModel)" time="0.007" />
  <testcase classname="ptolemy.util.test.junit.AutoTests" name="[60] /home/travis/build/icyphy/ptII/ptolemy/domains/de/test/auto/ResettableTimer3.xml (RunModel)" time="0.007" />
  <testcase classname="ptolemy.util.test.junit.AutoTests" name="[61] /home/travis/build/icyphy/ptII/ptolemy/domains/de/test/auto/ResettableTimer4.xml (RunModel)" time="0.023" />
  <testcase classname="ptolemy.util.test.junit.AutoTests" name="[62] /home/travis/build/icyphy/ptII/ptolemy/domains/de/test/auto/ResettableTimer5.xml (RunModel)" time="0.008" />
  <testcase classname="ptolemy.util.test.junit.AutoTests" name="[63] /home/travis/build/icyphy/ptII/ptolemy/domains/de/test/auto/ResettableTimer6.xml (RunModel)" time="0.014" />
  <testcase classname="ptolemy.util.test.junit.AutoTests" name="[64] /home/travis/build/icyphy/ptII/ptolemy/domains/de/test/auto/ServerZeroDelay.xml (RunModel)" time="0.008" />
  <testcase classname="ptolemy.util.test.junit.AutoTests" name="[65] /home/travis/build/icyphy/ptII/ptolemy/domains/de/test/auto/SmartSender.xml (RunModel)" time="3.006" />
  <testcase classname="ptolemy.util.test.junit.AutoTests" name="[66] /home/travis/build/icyphy/ptII/ptolemy/domains/de/test/auto/ThreadedComposite.xml (RunModel)" time="0.114" />
  <testcase classname="ptolemy.util.test.junit.AutoTests" name="[67] /home/travis/build/icyphy/ptII/ptolemy/domains/de/test/auto/Time.xml (RunModel)" time="0.359" />
  <testcase classname="ptolemy.util.test.junit.AutoTests" name="[68] /home/travis/build/icyphy/ptII/ptolemy/domains/de/test/auto/TimeDelayZeroDelay.xml (RunModel)" time="0.009" />
  <testcase classname="ptolemy.util.test.junit.AutoTests" name="[69] /home/travis/build/icyphy/ptII/ptolemy/domains/de/test/auto/TimerZeroDelay.xml (RunModel)" time="0.011" />
  <testcase classname="ptolemy.util.test.junit.AutoTests" name="[70] /home/travis/build/icyphy/ptII/ptolemy/domains/de/test/auto/TimingParadox.xml (RunModel)" time="0.278" />
  <testcase classname="ptolemy.util.test.junit.AutoTests" name="[71] /home/travis/build/icyphy/ptII/ptolemy/domains/de/test/auto/TransferInputs.xml (RunModel)" time="0.015" />
  <testcase classname="ptolemy.util.test.junit.AutoTests" name="[72] /home/travis/build/icyphy/ptII/ptolemy/domains/de/test/auto/TransferOutputs2.xml (RunModel)" time="0.013" />
  <testcase classname="ptolemy.util.test.junit.AutoTests" name="[73] /home/travis/build/icyphy/ptII/ptolemy/domains/de/test/auto/Trilateration.xml (RunModel)" time="9.92" />
  <testcase classname="ptolemy.util.test.junit.AutoTests" name="[74] /home/travis/build/icyphy/ptII/ptolemy/domains/de/test/auto/TwoSigmaDelta.xml (RunModel)" time="1.752" />
  <testcase classname="ptolemy.util.test.junit.AutoTests" name="[75] /home/travis/build/icyphy/ptII/ptolemy/domains/de/test/auto/VariableDelay.xml (RunModel)" time="0.015" />
  <testcase classname="ptolemy.util.test.junit.AutoTests" name="[76] /home/travis/build/icyphy/ptII/ptolemy/domains/de/test/auto/VariableDelay2.xml (RunModel)" time="0.015" />
  <testcase classname="ptolemy.util.test.junit.AutoTests" name="[77] /home/travis/build/icyphy/ptII/ptolemy/domains/de/test/auto/VariableDelayZeroDelay.xml (RunModel)" time="0.013" />
  <testcase classname="ptolemy.util.test.junit.AutoTests" name="[78] /home/travis/build/icyphy/ptII/ptolemy/domains/de/test/auto/VariableDelayZeroDelay2.xml (RunModel)" time="0.008" />
  <testcase classname="ptolemy.util.test.junit.AutoTests" name="[79] /home/travis/build/icyphy/ptII/ptolemy/domains/de/test/auto/deInCt.xml (RunModel)" time="0.013" />
  <testcase classname="ptolemy.util.test.junit.AutoTests" name="[80] /home/travis/build/icyphy/ptII/ptolemy/domains/de/test/auto/deInCt2.xml (RunModel)" time="0.013" />
  <testcase classname="ptolemy.util.test.junit.AutoTests" name="[81] /home/travis/build/icyphy/ptII/ptolemy/domains/de/test/auto/dynamicCausalityInterface1.xml (RunModel)" time="0.017" />
  <testcase classname="ptolemy.util.test.junit.AutoTests" name="[82] /home/travis/build/icyphy/ptII/ptolemy/domains/de/test/auto/fsm_de_test.xml (RunModel)" time="0.02" />
  <testcase classname="ptolemy.util.test.junit.AutoTests" name="[83] /home/travis/build/icyphy/ptII/ptolemy/domains/de/test/auto/functionDependencyReconstruction.xml (RunModel)" time="0.026" />
  <testcase classname="ptolemy.util.test.junit.AutoTests" name="[84] /home/travis/build/icyphy/ptII/ptolemy/domains/de/test/auto/multirate.xml (RunModel)" time="0.012" />
  <testcase classname="ptolemy.util.test.junit.AutoTests" name="[85] /home/travis/build/icyphy/ptII/ptolemy/domains/de/test/auto/multirate2.xml (RunModel)" time="0.014" />
  <testcase classname="ptolemy.util.test.junit.AutoTests" name="[86] /home/travis/build/icyphy/ptII/ptolemy/domains/de/test/auto/realtime.xml (RunModel)" time="10.008" />
  <testcase classname="ptolemy.util.test.junit.AutoTests" name="[87] /home/travis/build/icyphy/ptII/ptolemy/domains/de/test/auto/relationGroup.xml (RunModel)" time="0.01" />
  <testcase classname="ptolemy.util.test.junit.AutoTests" name="[88] /home/travis/build/icyphy/ptII/ptolemy/domains/de/test/auto/relationGroup2.xml (RunModel)" time="0.009" />
  <testcase classname="ptolemy.util.test.junit.AutoTests" name="[89] /home/travis/build/icyphy/ptII/ptolemy/domains/de/test/auto/sortWithOpaquePorts.xml (RunModel)" time="0.011" />
  <testcase classname="ptolemy.util.test.junit.AutoTests" name="[90] /home/travis/build/icyphy/ptII/ptolemy/domains/de/test/auto/transferInputsandOutputs.xml (RunModel)" time="0.016" />
  <testcase classname="ptolemy.util.test.junit.AutoTests" name="[91] /home/travis/build/icyphy/ptII/ptolemy/domains/de/test/auto/triggerType.xml (RunModel)" time="0.011" />
  <system-out><![CDATA[/home/travis/build/icyphy/ptII/ptolemy/domains/de/test/DependencyLoop.tcl
testDefs.tcl: setting time out to 9000 seconds at Sat Apr 11 13:50:37 UTC 2020
55 ms. Memory: 129024K Free: 78788K (61%)
18 ms. Memory: 129024K Free: 61380K (48%)
/home/travis/build/icyphy/ptII/ptolemy/domains/de/test/RunDETestsAsQSS.tcl
Run the DE tests using ptolemy.domains.qss.test.QSSDirectorTest, which extends QSSDirector and prints a message in the constructors.
------------------ testing $PTII/ptolemy/domains/de/test/auto/knownFailedTests/DirectFeedback.xml (Known Failure) 
58 ms. Memory: 129024K Free: 56260K (44%)


==== $PTIIhome/travis/build/icyphy/ptII/ptolemy/domains/de/test/../../../../: Auto Automatic test in file $PTII/ptolemy/domains/de/test/auto/knownFailedTests/DirectFeedback.xml
==== Contents of test case:

	    # FIXME: we should use $relativeFilename here, but it
	    # might have backslashes under Windows, which causes no end
	    # of trouble.
	    createAndExecute $file
	    list {}
	
.... Test generated KNOWN error:
    while executing
ptolemy.kernel.util.IllegalActionException: Test fails in iteration 1.
Value was: 1.0. Should have been: 2.0
  in .DirectFeedback.Test
	at ptolemy.actor.lib.Test.fire(Test.java:268)
	at ptolemy.domains.de.kernel.DEDirector._fire(DEDirector.java:1949)
	at ptolemy.domains.de.kernel.DEDirector.fire(DEDirector.java:502)
	at ptolemy.actor.CompositeActor.fire(CompositeActor.java:455)
	at ptolemy.actor.Manager.iterate(Manager.java:851)
	at ptolemy.actor.Manager.execute(Manager.java:369)
	at ptolemy.actor.Manager.run(Manager.java:1263)
	at ptolemy.actor.Manager$PtolemyRunThread.run(Manager.java:1933)

    while executing
ptolemy.kernel.util.IllegalActionException: Test fails in iteration 1.
Value was: 1.0. Should have been: 2.0
  in .DirectFeedback.Test
    while executing
"java::new ptolemy.moml.MoMLSimpleApplication $file
"
    (procedure "createAndExecute" line 2)
    invoked from within
"createAndExecute $file"
    ("uplevel" body line 5)
    invoked from within
"uplevel $contents_of_test"
------------------ testing $PTII/ptolemy/domains/de/test/auto/knownFailedTests/dependencyLoop.xml (Known Failure) 
15 ms. Memory: 129024K Free: 53188K (41%)


==== $PTIIhome/travis/build/icyphy/ptII/ptolemy/domains/de/test/../../../../: Auto Automatic test in file $PTII/ptolemy/domains/de/test/auto/knownFailedTests/dependencyLoop.xml
==== Contents of test case:

	    # FIXME: we should use $relativeFilename here, but it
	    # might have backslashes under Windows, which causes no end
	    # of trouble.
	    createAndExecute $file
	    list {}
	
.... Test generated KNOWN error:
    while executing
ptolemy.kernel.util.IllegalActionException: Found a zero delay loop containing .dependencyLoop.original
  in .dependencyLoop and .dependencyLoop.original
	at ptolemy.actor.util.CausalityInterfaceForComposites._computeOutputPortDepth(CausalityInterfaceForComposites.java:759)
	at ptolemy.actor.util.CausalityInterfaceForComposites._computeInputDepth(CausalityInterfaceForComposites.java:696)
	at ptolemy.actor.util.CausalityInterfaceForComposites._computeOutputPortDepth(CausalityInterfaceForComposites.java:765)
	at ptolemy.actor.util.CausalityInterfaceForComposites._computeInputDepth(CausalityInterfaceForComposites.java:696)
	at ptolemy.actor.util.CausalityInterfaceForComposites._computeOutputPortDepth(CausalityInterfaceForComposites.java:765)
	at ptolemy.actor.util.CausalityInterfaceForComposites._computeInputDepth(CausalityInterfaceForComposites.java:696)
	at ptolemy.actor.util.CausalityInterfaceForComposites._computeActorDepth(CausalityInterfaceForComposites.java:532)
	at ptolemy.actor.util.CausalityInterfaceForComposites.checkForCycles(CausalityInterfaceForComposites.java:96)
	at ptolemy.domains.de.kernel.DEDirector.preinitialize(DEDirector.java:1338)
	at ptolemy.actor.CompositeActor.preinitialize(CompositeActor.java:1828)
	at ptolemy.actor.Manager.preinitializeAndResolveTypes(Manager.java:1040)
	at ptolemy.actor.Manager.initialize(Manager.java:710)
	at ptolemy.actor.Manager.execute(Manager.java:356)
	at ptolemy.actor.Manager.run(Manager.java:1263)
	at ptolemy.actor.Manager$PtolemyRunThread.run(Manager.java:1933)

    while executing
ptolemy.kernel.util.IllegalActionException: Found a zero delay loop containing .dependencyLoop.original
  in .dependencyLoop and .dependencyLoop.original
    while executing
"java::new ptolemy.moml.MoMLSimpleApplication $file
"
    (procedure "createAndExecute" line 2)
    invoked from within
"createAndExecute $file"
    ("uplevel" body line 5)
    invoked from within
"uplevel $contents_of_test"
------------------ testing $PTII/ptolemy/domains/de/test/auto/knownFailedTests/FSMSource.xml (Known Failure) 
49 ms. Memory: 129024K Free: 111654K (87%)
!!!! Auto was marked as failing, but now passes
------------------ testing $PTII/ptolemy/domains/de/test/auto/knownFailedTests/HierarchicalModel.xml (Known Failure) 
6 ms. Memory: 129024K Free: 94190K (73%)


==== $PTIIhome/travis/build/icyphy/ptII/ptolemy/domains/de/test/../../../../: Auto Automatic test in file $PTII/ptolemy/domains/de/test/auto/knownFailedTests/HierarchicalModel.xml
==== Contents of test case:

	    # FIXME: we should use $relativeFilename here, but it
	    # might have backslashes under Windows, which causes no end
	    # of trouble.
	    createAndExecute $file
	    list {}
	
.... Test generated KNOWN error:
    while executing
ptolemy.kernel.util.IllegalActionException: Found a zero delay loop containing .HierarchicalModel.A
  in .HierarchicalModel and .HierarchicalModel.A
	at ptolemy.actor.util.CausalityInterfaceForComposites._computeOutputPortDepth(CausalityInterfaceForComposites.java:759)
	at ptolemy.actor.util.CausalityInterfaceForComposites._computeInputDepth(CausalityInterfaceForComposites.java:696)
	at ptolemy.actor.util.CausalityInterfaceForComposites._computeOutputPortDepth(CausalityInterfaceForComposites.java:765)
	at ptolemy.actor.util.CausalityInterfaceForComposites._computeInputDepth(CausalityInterfaceForComposites.java:696)
	at ptolemy.actor.util.CausalityInterfaceForComposites._computeOutputPortDepth(CausalityInterfaceForComposites.java:765)
	at ptolemy.actor.util.CausalityInterfaceForComposites._computeInputDepth(CausalityInterfaceForComposites.java:696)
	at ptolemy.actor.util.CausalityInterfaceForComposites._computeActorDepth(CausalityInterfaceForComposites.java:532)
	at ptolemy.actor.util.CausalityInterfaceForComposites.checkForCycles(CausalityInterfaceForComposites.java:96)
	at ptolemy.domains.de.kernel.DEDirector.preinitialize(DEDirector.java:1338)
	at ptolemy.actor.CompositeActor.preinitialize(CompositeActor.java:1828)
	at ptolemy.actor.Manager.preinitializeAndResolveTypes(Manager.java:1040)
	at ptolemy.actor.Manager.initialize(Manager.java:710)
	at ptolemy.actor.Manager.execute(Manager.java:356)
	at ptolemy.actor.Manager.run(Manager.java:1263)
	at ptolemy.actor.Manager$PtolemyRunThread.run(Manager.java:1933)

    while executing
ptolemy.kernel.util.IllegalActionException: Found a zero delay loop containing .HierarchicalModel.A
  in .HierarchicalModel and .HierarchicalModel.A
    while executing
"java::new ptolemy.moml.MoMLSimpleApplication $file
"
    (procedure "createAndExecute" line 2)
    invoked from within
"createAndExecute $file"
    ("uplevel" body line 5)
    invoked from within
"uplevel $contents_of_test"
------------------ testing $PTII/ptolemy/domains/de/test/auto/knownFailedTests/dependencyLoop2.xml (Known Failure) 
4 ms. Memory: 129024K Free: 78313K (61%)


==== $PTIIhome/travis/build/icyphy/ptII/ptolemy/domains/de/test/../../../../: Auto Automatic test in file $PTII/ptolemy/domains/de/test/auto/knownFailedTests/dependencyLoop2.xml
==== Contents of test case:

	    # FIXME: we should use $relativeFilename here, but it
	    # might have backslashes under Windows, which causes no end
	    # of trouble.
	    createAndExecute $file
	    list {}
	
.... Test generated KNOWN error:
    while executing
ptolemy.kernel.util.IllegalActionException: Found a zero delay loop containing .dependencyLoop2.original
  in .dependencyLoop2 and .dependencyLoop2.original
	at ptolemy.actor.util.CausalityInterfaceForComposites._computeOutputPortDepth(CausalityInterfaceForComposites.java:759)
	at ptolemy.actor.util.CausalityInterfaceForComposites._computeInputDepth(CausalityInterfaceForComposites.java:696)
	at ptolemy.actor.util.CausalityInterfaceForComposites._computeOutputPortDepth(CausalityInterfaceForComposites.java:765)
	at ptolemy.actor.util.CausalityInterfaceForComposites._computeInputDepth(CausalityInterfaceForComposites.java:696)
	at ptolemy.actor.util.CausalityInterfaceForComposites._computeOutputPortDepth(CausalityInterfaceForComposites.java:765)
	at ptolemy.actor.util.CausalityInterfaceForComposites._computeInputDepth(CausalityInterfaceForComposites.java:696)
	at ptolemy.actor.util.CausalityInterfaceForComposites._computeActorDepth(CausalityInterfaceForComposites.java:532)
	at ptolemy.actor.util.CausalityInterfaceForComposites.checkForCycles(CausalityInterfaceForComposites.java:96)
	at ptolemy.domains.de.kernel.DEDirector.preinitialize(DEDirector.java:1338)
	at ptolemy.actor.CompositeActor.preinitialize(CompositeActor.java:1828)
	at ptolemy.actor.Manager.preinitializeAndResolveTypes(Manager.java:1040)
	at ptolemy.actor.Manager.initialize(Manager.java:710)
	at ptolemy.actor.Manager.execute(Manager.java:356)
	at ptolemy.actor.Manager.run(Manager.java:1263)
	at ptolemy.actor.Manager$PtolemyRunThread.run(Manager.java:1933)

    while executing
ptolemy.kernel.util.IllegalActionException: Found a zero delay loop containing .dependencyLoop2.original
  in .dependencyLoop2 and .dependencyLoop2.original
    while executing
"java::new ptolemy.moml.MoMLSimpleApplication $file
"
    (procedure "createAndExecute" line 2)
    invoked from within
"createAndExecute $file"
    ("uplevel" body line 5)
    invoked from within
"uplevel $contents_of_test"
------------------ testing $PTII/ptolemy/domains/de/test/auto/knownFailedTests/DESDFClockTest.xml (Known Failure) 
2049 ms. Memory: 129024K Free: 109468K (85%)


==== $PTIIhome/travis/build/icyphy/ptII/ptolemy/domains/de/test/../../../../: Auto Automatic test in file $PTII/ptolemy/domains/de/test/auto/knownFailedTests/DESDFClockTest.xml
==== Contents of test case:

	    # FIXME: we should use $relativeFilename here, but it
	    # might have backslashes under Windows, which causes no end
	    # of trouble.
	    createAndExecute $file
	    list {}
	
.... Test generated KNOWN error:
    while executing
ptolemy.kernel.util.IllegalActionException: Actor is not ready to fire.  Perhaps UpSample.prefire() returned false? Try debugging the actor by selecting "Listen to Actor".  Also, for SDF check moml for tokenConsumptionRate on input.
  in .DESDFClockTest.Play Bell.Copy1:SDF Director and .DESDFClockTest.Play Bell.UpSample
	at ptolemy.actor.sched.StaticSchedulingDirector.fire(StaticSchedulingDirector.java:227)
	at ptolemy.domains.sdf.kernel.SDFDirector.fire(SDFDirector.java:500)
	at ptolemy.actor.CompositeActor.fire(CompositeActor.java:455)
	at ptolemy.domains.de.kernel.DEDirector._fire(DEDirector.java:1949)
	at ptolemy.domains.de.kernel.DEDirector.fire(DEDirector.java:502)
	at ptolemy.actor.CompositeActor.fire(CompositeActor.java:455)
	at ptolemy.actor.Manager.iterate(Manager.java:851)
	at ptolemy.actor.Manager.execute(Manager.java:369)
	at ptolemy.actor.Manager.run(Manager.java:1263)
	at ptolemy.actor.Manager$PtolemyRunThread.run(Manager.java:1933)

    while executing
ptolemy.kernel.util.IllegalActionException: Actor is not ready to fire.  Perhaps UpSample.prefire() returned false? Try debugging the actor by selecting "Listen to Actor".  Also, for SDF check moml for tokenConsumptionRate on input.
  in .DESDFClockTest.Play Bell.Copy1:SDF Director and .DESDFClockTest.Play Bell.UpSample
    while executing
"java::new ptolemy.moml.MoMLSimpleApplication $file
"
    (procedure "createAndExecute" line 2)
    invoked from within
"createAndExecute $file"
    ("uplevel" body line 5)
    invoked from within
"uplevel $contents_of_test"
------------------ testing $PTII/ptolemy/domains/de/test/auto/ActorDepthCalculation_actorWithoutPorts.xml
auto.tcl: Setting watchdog for 200 seconds at Sat Apr 11 13:50:40 UTC 2020
9 ms. Memory: 129024K Free: 101790K (79%)
ptolemy.util.test.WatchDog.cancel(): canceling Sat Apr 11 13:50:40 UTC 2020
auto.tcl: Setting watchdog for 200 seconds at Sat Apr 11 13:50:40 UTC 2020
7 ms. Memory: 129024K Free: 100238K (78%)
ptolemy.util.test.WatchDog.cancel(): canceling Sat Apr 11 13:50:40 UTC 2020
------------------ testing $PTII/ptolemy/domains/de/test/auto/AssemblyLine.xml
auto.tcl: Setting watchdog for 200 seconds at Sat Apr 11 13:50:41 UTC 2020
7 ms. Memory: 51200K Free: 27749K (54%)
ptolemy.util.test.WatchDog.cancel(): canceling Sat Apr 11 13:50:41 UTC 2020
auto.tcl: Setting watchdog for 200 seconds at Sat Apr 11 13:50:41 UTC 2020
8 ms. Memory: 51200K Free: 27242K (53%)
ptolemy.util.test.WatchDog.cancel(): canceling Sat Apr 11 13:50:41 UTC 2020
------------------ testing $PTII/ptolemy/domains/de/test/auto/CQBug1.xml
auto.tcl: Setting watchdog for 200 seconds at Sat Apr 11 13:50:41 UTC 2020
2 ms. Memory: 51200K Free: 33245K (65%)
ptolemy.util.test.WatchDog.cancel(): canceling Sat Apr 11 13:50:41 UTC 2020
auto.tcl: Setting watchdog for 200 seconds at Sat Apr 11 13:50:41 UTC 2020
1 ms. Memory: 51200K Free: 33245K (65%)
ptolemy.util.test.WatchDog.cancel(): canceling Sat Apr 11 13:50:41 UTC 2020
------------------ testing $PTII/ptolemy/domains/de/test/auto/CancelFireAt.xml
auto.tcl: Setting watchdog for 200 seconds at Sat Apr 11 13:50:41 UTC 2020
3 ms. Memory: 51200K Free: 34623K (68%)
ptolemy.util.test.WatchDog.cancel(): canceling Sat Apr 11 13:50:41 UTC 2020
auto.tcl: Setting watchdog for 200 seconds at Sat Apr 11 13:50:41 UTC 2020
1 ms. Memory: 51200K Free: 34140K (67%)
ptolemy.util.test.WatchDog.cancel(): canceling Sat Apr 11 13:50:41 UTC 2020
------------------ testing $PTII/ptolemy/domains/de/test/auto/CausalityAndComposabilityAnalysis.xml
auto.tcl: Setting watchdog for 200 seconds at Sat Apr 11 13:50:41 UTC 2020
14 ms. Memory: 51200K Free: 32395K (63%)
ptolemy.util.test.WatchDog.cancel(): canceling Sat Apr 11 13:50:41 UTC 2020
auto.tcl: Setting watchdog for 200 seconds at Sat Apr 11 13:50:41 UTC 2020
4 ms. Memory: 51200K Free: 31952K (62%)
ptolemy.util.test.WatchDog.cancel(): canceling Sat Apr 11 13:50:41 UTC 2020
------------------ testing $PTII/ptolemy/domains/de/test/auto/CausalityInterface1.xml
auto.tcl: Setting watchdog for 200 seconds at Sat Apr 11 13:50:41 UTC 2020
28 ms. Memory: 51200K Free: 31377K (61%)
ptolemy.util.test.WatchDog.cancel(): canceling Sat Apr 11 13:50:41 UTC 2020
auto.tcl: Setting watchdog for 200 seconds at Sat Apr 11 13:50:41 UTC 2020
4 ms. Memory: 51200K Free: 30386K (59%)
ptolemy.util.test.WatchDog.cancel(): canceling Sat Apr 11 13:50:41 UTC 2020
------------------ testing $PTII/ptolemy/domains/de/test/auto/CausalityInterface15.xml
auto.tcl: Setting watchdog for 200 seconds at Sat Apr 11 13:50:41 UTC 2020
9 ms. Memory: 51200K Free: 31405K (61%)
ptolemy.util.test.WatchDog.cancel(): canceling Sat Apr 11 13:50:41 UTC 2020
auto.tcl: Setting watchdog for 200 seconds at Sat Apr 11 13:50:41 UTC 2020
3 ms. Memory: 51200K Free: 30366K (59%)
ptolemy.util.test.WatchDog.cancel(): canceling Sat Apr 11 13:50:41 UTC 2020
------------------ testing $PTII/ptolemy/domains/de/test/auto/CausalityInterface2.xml
auto.tcl: Setting watchdog for 200 seconds at Sat Apr 11 13:50:41 UTC 2020
4 ms. Memory: 51200K Free: 31997K (62%)
ptolemy.util.test.WatchDog.cancel(): canceling Sat Apr 11 13:50:41 UTC 2020
auto.tcl: Setting watchdog for 200 seconds at Sat Apr 11 13:50:41 UTC 2020
5 ms. Memory: 51200K Free: 31344K (61%)
ptolemy.util.test.WatchDog.cancel(): canceling Sat Apr 11 13:50:41 UTC 2020
------------------ testing $PTII/ptolemy/domains/de/test/auto/CausalityInterface3.xml
auto.tcl: Setting watchdog for 200 seconds at Sat Apr 11 13:50:41 UTC 2020
5 ms. Memory: 51200K Free: 31570K (62%)
ptolemy.util.test.WatchDog.cancel(): canceling Sat Apr 11 13:50:41 UTC 2020
auto.tcl: Setting watchdog for 200 seconds at Sat Apr 11 13:50:41 UTC 2020
2 ms. Memory: 51200K Free: 31086K (61%)
ptolemy.util.test.WatchDog.cancel(): canceling Sat Apr 11 13:50:41 UTC 2020
------------------ testing $PTII/ptolemy/domains/de/test/auto/ClockDrift.xml
auto.tcl: Setting watchdog for 200 seconds at Sat Apr 11 13:50:41 UTC 2020
47 ms. Memory: 51200K Free: 23857K (47%)
ptolemy.util.test.WatchDog.cancel(): canceling Sat Apr 11 13:50:41 UTC 2020
auto.tcl: Setting watchdog for 200 seconds at Sat Apr 11 13:50:41 UTC 2020
49 ms. Memory: 51200K Free: 20649K (40%)
ptolemy.util.test.WatchDog.cancel(): canceling Sat Apr 11 13:50:41 UTC 2020
------------------ testing $PTII/ptolemy/domains/de/test/auto/ClockDriftAndValueChange.xml
auto.tcl: Setting watchdog for 200 seconds at Sat Apr 11 13:50:41 UTC 2020
40 ms. Memory: 51200K Free: 24247K (47%)
ptolemy.util.test.WatchDog.cancel(): canceling Sat Apr 11 13:50:42 UTC 2020
auto.tcl: Setting watchdog for 200 seconds at Sat Apr 11 13:50:42 UTC 2020
24 ms. Memory: 51200K Free: 21601K (42%)
ptolemy.util.test.WatchDog.cancel(): canceling Sat Apr 11 13:50:42 UTC 2020
------------------ testing $PTII/ptolemy/domains/de/test/auto/ClockDriftChange.xml
auto.tcl: Setting watchdog for 200 seconds at Sat Apr 11 13:50:42 UTC 2020
16 ms. Memory: 51200K Free: 26036K (51%)
ptolemy.util.test.WatchDog.cancel(): canceling Sat Apr 11 13:50:42 UTC 2020
auto.tcl: Setting watchdog for 200 seconds at Sat Apr 11 13:50:42 UTC 2020
16 ms. Memory: 51200K Free: 23655K (46%)
ptolemy.util.test.WatchDog.cancel(): canceling Sat Apr 11 13:50:42 UTC 2020
------------------ testing $PTII/ptolemy/domains/de/test/auto/ComposableCausalityAnalysis.xml
auto.tcl: Setting watchdog for 200 seconds at Sat Apr 11 13:50:42 UTC 2020
4 ms. Memory: 51200K Free: 30884K (60%)
ptolemy.util.test.WatchDog.cancel(): canceling Sat Apr 11 13:50:42 UTC 2020
auto.tcl: Setting watchdog for 200 seconds at Sat Apr 11 13:50:42 UTC 2020
4 ms. Memory: 51200K Free: 29803K (58%)
ptolemy.util.test.WatchDog.cancel(): canceling Sat Apr 11 13:50:42 UTC 2020
------------------ testing $PTII/ptolemy/domains/de/test/auto/DEFixedPointLimitation.xml
auto.tcl: Setting watchdog for 200 seconds at Sat Apr 11 13:50:42 UTC 2020
3 ms. Memory: 51200K Free: 31981K (62%)
ptolemy.util.test.WatchDog.cancel(): canceling Sat Apr 11 13:50:42 UTC 2020
auto.tcl: Setting watchdog for 200 seconds at Sat Apr 11 13:50:42 UTC 2020
2 ms. Memory: 51200K Free: 31338K (61%)
ptolemy.util.test.WatchDog.cancel(): canceling Sat Apr 11 13:50:42 UTC 2020
------------------ testing $PTII/ptolemy/domains/de/test/auto/DEScheduleTest.xml
auto.tcl: Setting watchdog for 200 seconds at Sat Apr 11 13:50:42 UTC 2020
13 ms. Memory: 51200K Free: 32579K (64%)
ptolemy.util.test.WatchDog.cancel(): canceling Sat Apr 11 13:50:42 UTC 2020
auto.tcl: Setting watchdog for 200 seconds at Sat Apr 11 13:50:42 UTC 2020
3 ms. Memory: 51200K Free: 31823K (62%)
ptolemy.util.test.WatchDog.cancel(): canceling Sat Apr 11 13:50:42 UTC 2020
------------------ testing $PTII/ptolemy/domains/de/test/auto/DEinDEwithStartTimes.xml
auto.tcl: Setting watchdog for 200 seconds at Sat Apr 11 13:50:42 UTC 2020
3 ms. Memory: 51200K Free: 30750K (60%)
ptolemy.util.test.WatchDog.cancel(): canceling Sat Apr 11 13:50:42 UTC 2020
auto.tcl: Setting watchdog for 200 seconds at Sat Apr 11 13:50:42 UTC 2020
2 ms. Memory: 51200K Free: 29880K (58%)
ptolemy.util.test.WatchDog.cancel(): canceling Sat Apr 11 13:50:42 UTC 2020
------------------ testing $PTII/ptolemy/domains/de/test/auto/DEinDEwithStartTimes2.xml
auto.tcl: Setting watchdog for 200 seconds at Sat Apr 11 13:50:42 UTC 2020
11 ms. Memory: 51200K Free: 29858K (58%)
ptolemy.util.test.WatchDog.cancel(): canceling Sat Apr 11 13:50:42 UTC 2020
auto.tcl: Setting watchdog for 200 seconds at Sat Apr 11 13:50:42 UTC 2020
6 ms. Memory: 51200K Free: 28806K (56%)
ptolemy.util.test.WatchDog.cancel(): canceling Sat Apr 11 13:50:42 UTC 2020
------------------ testing $PTII/ptolemy/domains/de/test/auto/DateDemo.xml
auto.tcl: Setting watchdog for 200 seconds at Sat Apr 11 13:50:42 UTC 2020
23 ms. Memory: 51200K Free: 24559K (48%)
ptolemy.util.test.WatchDog.cancel(): canceling Sat Apr 11 13:50:42 UTC 2020
auto.tcl: Setting watchdog for 200 seconds at Sat Apr 11 13:50:42 UTC 2020
9 ms. Memory: 51200K Free: 22683K (44%)
ptolemy.util.test.WatchDog.cancel(): canceling Sat Apr 11 13:50:42 UTC 2020
------------------ testing $PTII/ptolemy/domains/de/test/auto/DateToEvent.xml
auto.tcl: Setting watchdog for 200 seconds at Sat Apr 11 13:50:42 UTC 2020
2016 ms. Memory: 51200K Free: 20241K (40%)
ptolemy.util.test.WatchDog.cancel(): canceling Sat Apr 11 13:50:44 UTC 2020
auto.tcl: Setting watchdog for 200 seconds at Sat Apr 11 13:50:44 UTC 2020
2005 ms. Memory: 51200K Free: 19360K (38%)
ptolemy.util.test.WatchDog.cancel(): canceling Sat Apr 11 13:50:46 UTC 2020
------------------ testing $PTII/ptolemy/domains/de/test/auto/DepthTest1.xml
auto.tcl: Setting watchdog for 200 seconds at Sat Apr 11 13:50:46 UTC 2020
3 ms. Memory: 51200K Free: 33843K (66%)
ptolemy.util.test.WatchDog.cancel(): canceling Sat Apr 11 13:50:46 UTC 2020
auto.tcl: Setting watchdog for 200 seconds at Sat Apr 11 13:50:46 UTC 2020
1 ms. Memory: 51200K Free: 32918K (64%)
ptolemy.util.test.WatchDog.cancel(): canceling Sat Apr 11 13:50:46 UTC 2020
------------------ testing $PTII/ptolemy/domains/de/test/auto/DepthTest2.xml
auto.tcl: Setting watchdog for 200 seconds at Sat Apr 11 13:50:46 UTC 2020
5 ms. Memory: 51200K Free: 30211K (59%)
ptolemy.util.test.WatchDog.cancel(): canceling Sat Apr 11 13:50:46 UTC 2020
auto.tcl: Setting watchdog for 200 seconds at Sat Apr 11 13:50:46 UTC 2020
2 ms. Memory: 51200K Free: 29762K (58%)
ptolemy.util.test.WatchDog.cancel(): canceling Sat Apr 11 13:50:46 UTC 2020
------------------ testing $PTII/ptolemy/domains/de/test/auto/DepthTest3.xml
auto.tcl: Setting watchdog for 200 seconds at Sat Apr 11 13:50:47 UTC 2020
7 ms. Memory: 51200K Free: 33717K (66%)
ptolemy.util.test.WatchDog.cancel(): canceling Sat Apr 11 13:50:47 UTC 2020
auto.tcl: Setting watchdog for 200 seconds at Sat Apr 11 13:50:47 UTC 2020
2 ms. Memory: 51200K Free: 33275K (65%)
ptolemy.util.test.WatchDog.cancel(): canceling Sat Apr 11 13:50:47 UTC 2020
------------------ testing $PTII/ptolemy/domains/de/test/auto/DepthTest4.xml
auto.tcl: Setting watchdog for 200 seconds at Sat Apr 11 13:50:47 UTC 2020
3 ms. Memory: 51200K Free: 31960K (62%)
ptolemy.util.test.WatchDog.cancel(): canceling Sat Apr 11 13:50:47 UTC 2020
auto.tcl: Setting watchdog for 200 seconds at Sat Apr 11 13:50:47 UTC 2020
2 ms. Memory: 51200K Free: 31271K (61%)
ptolemy.util.test.WatchDog.cancel(): canceling Sat Apr 11 13:50:47 UTC 2020
------------------ testing $PTII/ptolemy/domains/de/test/auto/DepthTest5.xml
auto.tcl: Setting watchdog for 200 seconds at Sat Apr 11 13:50:47 UTC 2020
4 ms. Memory: 51200K Free: 31412K (61%)
ptolemy.util.test.WatchDog.cancel(): canceling Sat Apr 11 13:50:47 UTC 2020
auto.tcl: Setting watchdog for 200 seconds at Sat Apr 11 13:50:47 UTC 2020
2 ms. Memory: 51200K Free: 30679K (60%)
ptolemy.util.test.WatchDog.cancel(): canceling Sat Apr 11 13:50:47 UTC 2020
------------------ testing $PTII/ptolemy/domains/de/test/auto/DepthTest6.xml
auto.tcl: Setting watchdog for 200 seconds at Sat Apr 11 13:50:47 UTC 2020
3 ms. Memory: 51200K Free: 31097K (61%)
ptolemy.util.test.WatchDog.cancel(): canceling Sat Apr 11 13:50:47 UTC 2020
auto.tcl: Setting watchdog for 200 seconds at Sat Apr 11 13:50:47 UTC 2020
3 ms. Memory: 51200K Free: 30657K (60%)
ptolemy.util.test.WatchDog.cancel(): canceling Sat Apr 11 13:50:47 UTC 2020
------------------ testing $PTII/ptolemy/domains/de/test/auto/DepthTest7.xml
auto.tcl: Setting watchdog for 200 seconds at Sat Apr 11 13:50:47 UTC 2020
3 ms. Memory: 51200K Free: 32105K (63%)
ptolemy.util.test.WatchDog.cancel(): canceling Sat Apr 11 13:50:47 UTC 2020
auto.tcl: Setting watchdog for 200 seconds at Sat Apr 11 13:50:47 UTC 2020
2 ms. Memory: 51200K Free: 31187K (61%)
ptolemy.util.test.WatchDog.cancel(): canceling Sat Apr 11 13:50:47 UTC 2020
------------------ testing $PTII/ptolemy/domains/de/test/auto/EventToDate.xml
auto.tcl: Setting watchdog for 200 seconds at Sat Apr 11 13:50:47 UTC 2020
3005 ms. Memory: 51200K Free: 22984K (45%)
ptolemy.util.test.WatchDog.cancel(): canceling Sat Apr 11 13:50:50 UTC 2020
auto.tcl: Setting watchdog for 200 seconds at Sat Apr 11 13:50:50 UTC 2020
3003 ms. Memory: 51200K Free: 22039K (43%)
ptolemy.util.test.WatchDog.cancel(): canceling Sat Apr 11 13:50:53 UTC 2020
------------------ testing $PTII/ptolemy/domains/de/test/auto/FSM1.xml
auto.tcl: Setting watchdog for 200 seconds at Sat Apr 11 13:50:53 UTC 2020
20 ms. Memory: 51200K Free: 23933K (47%)
ptolemy.util.test.WatchDog.cancel(): canceling Sat Apr 11 13:50:53 UTC 2020
auto.tcl: Setting watchdog for 200 seconds at Sat Apr 11 13:50:53 UTC 2020
15 ms. Memory: 51200K Free: 20668K (40%)
ptolemy.util.test.WatchDog.cancel(): canceling Sat Apr 11 13:50:53 UTC 2020
------------------ testing $PTII/ptolemy/domains/de/test/auto/FSM7.xml
auto.tcl: Setting watchdog for 200 seconds at Sat Apr 11 13:50:53 UTC 2020
13 ms. Memory: 51200K Free: 23871K (47%)
ptolemy.util.test.WatchDog.cancel(): canceling Sat Apr 11 13:50:53 UTC 2020
auto.tcl: Setting watchdog for 200 seconds at Sat Apr 11 13:50:53 UTC 2020
17 ms. Memory: 51200K Free: 20883K (41%)
ptolemy.util.test.WatchDog.cancel(): canceling Sat Apr 11 13:50:53 UTC 2020
------------------ testing $PTII/ptolemy/domains/de/test/auto/Inspection.xml
auto.tcl: Setting watchdog for 200 seconds at Sat Apr 11 13:50:53 UTC 2020
28 ms. Memory: 51200K Free: 24151K (47%)
ptolemy.util.test.WatchDog.cancel(): canceling Sat Apr 11 13:50:53 UTC 2020
auto.tcl: Setting watchdog for 200 seconds at Sat Apr 11 13:50:53 UTC 2020
22 ms. Memory: 51200K Free: 22361K (44%)
ptolemy.util.test.WatchDog.cancel(): canceling Sat Apr 11 13:50:53 UTC 2020
------------------ testing $PTII/ptolemy/domains/de/test/auto/Iteration.xml
auto.tcl: Setting watchdog for 200 seconds at Sat Apr 11 13:50:53 UTC 2020
7 ms. Memory: 51200K Free: 29187K (57%)
ptolemy.util.test.WatchDog.cancel(): canceling Sat Apr 11 13:50:53 UTC 2020
auto.tcl: Setting watchdog for 200 seconds at Sat Apr 11 13:50:53 UTC 2020
5 ms. Memory: 51200K Free: 28001K (55%)
ptolemy.util.test.WatchDog.cancel(): canceling Sat Apr 11 13:50:53 UTC 2020
------------------ testing $PTII/ptolemy/domains/de/test/auto/LineFault.xml
auto.tcl: Setting watchdog for 200 seconds at Sat Apr 11 13:50:53 UTC 2020
536 ms. Memory: 51200K Free: 17299K (34%)
ptolemy.util.test.WatchDog.cancel(): canceling Sat Apr 11 13:50:54 UTC 2020
auto.tcl: Setting watchdog for 200 seconds at Sat Apr 11 13:50:54 UTC 2020
558 ms. Memory: 61440K Free: 44131K (72%)
ptolemy.util.test.WatchDog.cancel(): canceling Sat Apr 11 13:50:55 UTC 2020
------------------ testing $PTII/ptolemy/domains/de/test/auto/MergeModel1Add.xml
auto.tcl: Setting watchdog for 200 seconds at Sat Apr 11 13:50:55 UTC 2020
30 ms. Memory: 58368K Free: 22591K (39%)
ptolemy.util.test.WatchDog.cancel(): canceling Sat Apr 11 13:50:55 UTC 2020
auto.tcl: Setting watchdog for 200 seconds at Sat Apr 11 13:50:55 UTC 2020
9 ms. Memory: 58368K Free: 20965K (36%)
ptolemy.util.test.WatchDog.cancel(): canceling Sat Apr 11 13:50:55 UTC 2020
------------------ testing $PTII/ptolemy/domains/de/test/auto/MergeModel2Add.xml
auto.tcl: Setting watchdog for 200 seconds at Sat Apr 11 13:50:55 UTC 2020
8 ms. Memory: 55296K Free: 21570K (39%)
ptolemy.util.test.WatchDog.cancel(): canceling Sat Apr 11 13:50:55 UTC 2020
auto.tcl: Setting watchdog for 200 seconds at Sat Apr 11 13:50:55 UTC 2020
7 ms. Memory: 55296K Free: 19602K (35%)
ptolemy.util.test.WatchDog.cancel(): canceling Sat Apr 11 13:50:55 UTC 2020
------------------ testing $PTII/ptolemy/domains/de/test/auto/MergeModel3Add.xml
auto.tcl: Setting watchdog for 200 seconds at Sat Apr 11 13:50:55 UTC 2020
9 ms. Memory: 51200K Free: 17473K (34%)
ptolemy.util.test.WatchDog.cancel(): canceling Sat Apr 11 13:50:55 UTC 2020
auto.tcl: Setting watchdog for 200 seconds at Sat Apr 11 13:50:55 UTC 2020
8 ms. Memory: 51200K Free: 16098K (31%)
ptolemy.util.test.WatchDog.cancel(): canceling Sat Apr 11 13:50:55 UTC 2020
------------------ testing $PTII/ptolemy/domains/de/test/auto/MergeWithoutDiscard.xml
auto.tcl: Setting watchdog for 200 seconds at Sat Apr 11 13:50:55 UTC 2020
2 ms. Memory: 51200K Free: 32039K (63%)
ptolemy.util.test.WatchDog.cancel(): canceling Sat Apr 11 13:50:55 UTC 2020
auto.tcl: Setting watchdog for 200 seconds at Sat Apr 11 13:50:55 UTC 2020
1 ms. Memory: 51200K Free: 31596K (62%)
ptolemy.util.test.WatchDog.cancel(): canceling Sat Apr 11 13:50:55 UTC 2020
------------------ testing $PTII/ptolemy/domains/de/test/auto/Modal1.xml
auto.tcl: Setting watchdog for 200 seconds at Sat Apr 11 13:50:55 UTC 2020
16 ms. Memory: 51200K Free: 24492K (48%)
ptolemy.util.test.WatchDog.cancel(): canceling Sat Apr 11 13:50:55 UTC 2020
auto.tcl: Setting watchdog for 200 seconds at Sat Apr 11 13:50:55 UTC 2020
19 ms. Memory: 51200K Free: 20970K (41%)
ptolemy.util.test.WatchDog.cancel(): canceling Sat Apr 11 13:50:55 UTC 2020
------------------ testing $PTII/ptolemy/domains/de/test/auto/Modal2.xml
auto.tcl: Setting watchdog for 200 seconds at Sat Apr 11 13:50:55 UTC 2020
15 ms. Memory: 51200K Free: 24346K (48%)
ptolemy.util.test.WatchDog.cancel(): canceling Sat Apr 11 13:50:55 UTC 2020
auto.tcl: Setting watchdog for 200 seconds at Sat Apr 11 13:50:55 UTC 2020
17 ms. Memory: 51200K Free: 20867K (41%)
ptolemy.util.test.WatchDog.cancel(): canceling Sat Apr 11 13:50:55 UTC 2020
------------------ testing $PTII/ptolemy/domains/de/test/auto/Modal3.xml
auto.tcl: Setting watchdog for 200 seconds at Sat Apr 11 13:50:55 UTC 2020
13 ms. Memory: 51200K Free: 24097K (47%)
ptolemy.util.test.WatchDog.cancel(): canceling Sat Apr 11 13:50:55 UTC 2020
auto.tcl: Setting watchdog for 200 seconds at Sat Apr 11 13:50:55 UTC 2020
13 ms. Memory: 51200K Free: 20862K (41%)
ptolemy.util.test.WatchDog.cancel(): canceling Sat Apr 11 13:50:55 UTC 2020
------------------ testing $PTII/ptolemy/domains/de/test/auto/Modal4.xml
auto.tcl: Setting watchdog for 200 seconds at Sat Apr 11 13:50:56 UTC 2020
22 ms. Memory: 51200K Free: 23070K (45%)
ptolemy.util.test.WatchDog.cancel(): canceling Sat Apr 11 13:50:56 UTC 2020
auto.tcl: Setting watchdog for 200 seconds at Sat Apr 11 13:50:56 UTC 2020
14 ms. Memory: 51200K Free: 19222K (38%)
ptolemy.util.test.WatchDog.cancel(): canceling Sat Apr 11 13:50:56 UTC 2020
------------------ testing $PTII/ptolemy/domains/de/test/auto/Modal5.xml
auto.tcl: Setting watchdog for 200 seconds at Sat Apr 11 13:50:56 UTC 2020
15 ms. Memory: 51200K Free: 23017K (45%)
ptolemy.util.test.WatchDog.cancel(): canceling Sat Apr 11 13:50:56 UTC 2020
auto.tcl: Setting watchdog for 200 seconds at Sat Apr 11 13:50:56 UTC 2020
14 ms. Memory: 51200K Free: 19209K (38%)
ptolemy.util.test.WatchDog.cancel(): canceling Sat Apr 11 13:50:56 UTC 2020
------------------ testing $PTII/ptolemy/domains/de/test/auto/Modal6.xml
auto.tcl: Setting watchdog for 200 seconds at Sat Apr 11 13:50:56 UTC 2020
19 ms. Memory: 51200K Free: 23833K (47%)
ptolemy.util.test.WatchDog.cancel(): canceling Sat Apr 11 13:50:56 UTC 2020
auto.tcl: Setting watchdog for 200 seconds at Sat Apr 11 13:50:56 UTC 2020
18 ms. Memory: 51200K Free: 20229K (40%)
ptolemy.util.test.WatchDog.cancel(): canceling Sat Apr 11 13:50:56 UTC 2020
------------------ testing $PTII/ptolemy/domains/de/test/auto/Modal7.xml
auto.tcl: Setting watchdog for 200 seconds at Sat Apr 11 13:50:56 UTC 2020
13 ms. Memory: 51200K Free: 22770K (44%)
ptolemy.util.test.WatchDog.cancel(): canceling Sat Apr 11 13:50:56 UTC 2020
auto.tcl: Setting watchdog for 200 seconds at Sat Apr 11 13:50:56 UTC 2020
11 ms. Memory: 51200K Free: 19467K (38%)
ptolemy.util.test.WatchDog.cancel(): canceling Sat Apr 11 13:50:56 UTC 2020
------------------ testing $PTII/ptolemy/domains/de/test/auto/ModalModel.xml
auto.tcl: Setting watchdog for 200 seconds at Sat Apr 11 13:50:56 UTC 2020
191 ms. Memory: 51200K Free: 14911K (29%)
ptolemy.util.test.WatchDog.cancel(): canceling Sat Apr 11 13:50:56 UTC 2020
auto.tcl: Setting watchdog for 200 seconds at Sat Apr 11 13:50:56 UTC 2020
209 ms. Memory: 63488K Free: 47052K (74%)
ptolemy.util.test.WatchDog.cancel(): canceling Sat Apr 11 13:50:56 UTC 2020
------------------ testing $PTII/ptolemy/domains/de/test/auto/ModalSource.xml
auto.tcl: Setting watchdog for 200 seconds at Sat Apr 11 13:50:56 UTC 2020
10 ms. Memory: 58368K Free: 35050K (60%)
ptolemy.util.test.WatchDog.cancel(): canceling Sat Apr 11 13:50:56 UTC 2020
auto.tcl: Setting watchdog for 200 seconds at Sat Apr 11 13:50:56 UTC 2020
5 ms. Memory: 58368K Free: 33095K (57%)
ptolemy.util.test.WatchDog.cancel(): canceling Sat Apr 11 13:50:56 UTC 2020
------------------ testing $PTII/ptolemy/domains/de/test/auto/NonInterruptibleTimerZeroDelay.xml
auto.tcl: Setting watchdog for 200 seconds at Sat Apr 11 13:50:57 UTC 2020
3 ms. Memory: 55296K Free: 36897K (67%)
ptolemy.util.test.WatchDog.cancel(): canceling Sat Apr 11 13:50:57 UTC 2020
auto.tcl: Setting watchdog for 200 seconds at Sat Apr 11 13:50:57 UTC 2020
2 ms. Memory: 55296K Free: 36249K (66%)
ptolemy.util.test.WatchDog.cancel(): canceling Sat Apr 11 13:50:57 UTC 2020
------------------ testing $PTII/ptolemy/domains/de/test/auto/OpenQueueingNetwork.xml
auto.tcl: Setting watchdog for 200 seconds at Sat Apr 11 13:50:57 UTC 2020
2833 ms. Memory: 91136K Free: 46881K (51%)
ptolemy.util.test.WatchDog.cancel(): canceling Sat Apr 11 13:51:00 UTC 2020
auto.tcl: Setting watchdog for 200 seconds at Sat Apr 11 13:51:00 UTC 2020
2582 ms. Memory: 109568K Free: 82106K (75%)
ptolemy.util.test.WatchDog.cancel(): canceling Sat Apr 11 13:51:02 UTC 2020
------------------ testing $PTII/ptolemy/domains/de/test/auto/OpenQueuingNetwork.xml
auto.tcl: Setting watchdog for 200 seconds at Sat Apr 11 13:51:02 UTC 2020
269 ms. Memory: 66560K Free: 36086K (54%)
ptolemy.util.test.WatchDog.cancel(): canceling Sat Apr 11 13:51:03 UTC 2020
auto.tcl: Setting watchdog for 200 seconds at Sat Apr 11 13:51:03 UTC 2020
243 ms. Memory: 66560K Free: 21209K (32%)
ptolemy.util.test.WatchDog.cancel(): canceling Sat Apr 11 13:51:03 UTC 2020
------------------ testing $PTII/ptolemy/domains/de/test/auto/PeriodicSampler.xml
auto.tcl: Setting watchdog for 200 seconds at Sat Apr 11 13:51:03 UTC 2020
2 ms. Memory: 55296K Free: 36116K (65%)
ptolemy.util.test.WatchDog.cancel(): canceling Sat Apr 11 13:51:03 UTC 2020
auto.tcl: Setting watchdog for 200 seconds at Sat Apr 11 13:51:03 UTC 2020
1 ms. Memory: 55296K Free: 35588K (64%)
ptolemy.util.test.WatchDog.cancel(): canceling Sat Apr 11 13:51:03 UTC 2020
------------------ testing $PTII/ptolemy/domains/de/test/auto/PersistentIO.xml
auto.tcl: Setting watchdog for 200 seconds at Sat Apr 11 13:51:03 UTC 2020
5 ms. Memory: 55296K Free: 31040K (56%)
ptolemy.util.test.WatchDog.cancel(): canceling Sat Apr 11 13:51:03 UTC 2020
auto.tcl: Setting watchdog for 200 seconds at Sat Apr 11 13:51:03 UTC 2020
2 ms. Memory: 55296K Free: 29520K (53%)
ptolemy.util.test.WatchDog.cancel(): canceling Sat Apr 11 13:51:03 UTC 2020
------------------ testing $PTII/ptolemy/domains/de/test/auto/PortParameterResetOnInitialize.xml
auto.tcl: Setting watchdog for 200 seconds at Sat Apr 11 13:51:03 UTC 2020
3 ms. Memory: 55296K Free: 36006K (65%)
ptolemy.util.test.WatchDog.cancel(): canceling Sat Apr 11 13:51:03 UTC 2020
auto.tcl: Setting watchdog for 200 seconds at Sat Apr 11 13:51:03 UTC 2020
2 ms. Memory: 55296K Free: 35529K (64%)
ptolemy.util.test.WatchDog.cancel(): canceling Sat Apr 11 13:51:03 UTC 2020
------------------ testing $PTII/ptolemy/domains/de/test/auto/PortParameterUpdates.xml
auto.tcl: Setting watchdog for 200 seconds at Sat Apr 11 13:51:03 UTC 2020
3 ms. Memory: 55296K Free: 34108K (62%)
ptolemy.util.test.WatchDog.cancel(): canceling Sat Apr 11 13:51:03 UTC 2020
auto.tcl: Setting watchdog for 200 seconds at Sat Apr 11 13:51:03 UTC 2020
4 ms. Memory: 55296K Free: 33066K (60%)
ptolemy.util.test.WatchDog.cancel(): canceling Sat Apr 11 13:51:03 UTC 2020
------------------ testing $PTII/ptolemy/domains/de/test/auto/QueueAndServer.xml
auto.tcl: Setting watchdog for 200 seconds at Sat Apr 11 13:51:03 UTC 2020
13 ms. Memory: 55296K Free: 32960K (60%)
ptolemy.util.test.WatchDog.cancel(): canceling Sat Apr 11 13:51:03 UTC 2020
auto.tcl: Setting watchdog for 200 seconds at Sat Apr 11 13:51:03 UTC 2020
7 ms. Memory: 55296K Free: 31529K (57%)
ptolemy.util.test.WatchDog.cancel(): canceling Sat Apr 11 13:51:03 UTC 2020
------------------ testing $PTII/ptolemy/domains/de/test/auto/Records.xml
auto.tcl: Setting watchdog for 200 seconds at Sat Apr 11 13:51:03 UTC 2020
3 ms. Memory: 55296K Free: 35259K (64%)
ptolemy.util.test.WatchDog.cancel(): canceling Sat Apr 11 13:51:03 UTC 2020
auto.tcl: Setting watchdog for 200 seconds at Sat Apr 11 13:51:03 UTC 2020
2 ms. Memory: 55296K Free: 34744K (63%)
ptolemy.util.test.WatchDog.cancel(): canceling Sat Apr 11 13:51:03 UTC 2020
------------------ testing $PTII/ptolemy/domains/de/test/auto/ResetTransitionWithStartTime1.xml
auto.tcl: Setting watchdog for 200 seconds at Sat Apr 11 13:51:03 UTC 2020
6 ms. Memory: 55296K Free: 32571K (59%)
ptolemy.util.test.WatchDog.cancel(): canceling Sat Apr 11 13:51:03 UTC 2020
auto.tcl: Setting watchdog for 200 seconds at Sat Apr 11 13:51:03 UTC 2020
5 ms. Memory: 55296K Free: 30476K (55%)
ptolemy.util.test.WatchDog.cancel(): canceling Sat Apr 11 13:51:03 UTC 2020
------------------ testing $PTII/ptolemy/domains/de/test/auto/ResetTransitionWithStartTime2.xml
auto.tcl: Setting watchdog for 200 seconds at Sat Apr 11 13:51:03 UTC 2020
6 ms. Memory: 51200K Free: 28384K (55%)
ptolemy.util.test.WatchDog.cancel(): canceling Sat Apr 11 13:51:03 UTC 2020
auto.tcl: Setting watchdog for 200 seconds at Sat Apr 11 13:51:03 UTC 2020
7 ms. Memory: 51200K Free: 26336K (51%)
ptolemy.util.test.WatchDog.cancel(): canceling Sat Apr 11 13:51:03 UTC 2020
------------------ testing $PTII/ptolemy/domains/de/test/auto/ResetTransitionWithStartTime3.xml
auto.tcl: Setting watchdog for 200 seconds at Sat Apr 11 13:51:03 UTC 2020
9 ms. Memory: 51200K Free: 28420K (56%)
ptolemy.util.test.WatchDog.cancel(): canceling Sat Apr 11 13:51:03 UTC 2020
auto.tcl: Setting watchdog for 200 seconds at Sat Apr 11 13:51:03 UTC 2020
5 ms. Memory: 51200K Free: 26335K (51%)
ptolemy.util.test.WatchDog.cancel(): canceling Sat Apr 11 13:51:03 UTC 2020
------------------ testing $PTII/ptolemy/domains/de/test/auto/ResetTransitionWithStartTime4.xml
auto.tcl: Setting watchdog for 200 seconds at Sat Apr 11 13:51:03 UTC 2020
7 ms. Memory: 51200K Free: 28797K (56%)
ptolemy.util.test.WatchDog.cancel(): canceling Sat Apr 11 13:51:03 UTC 2020
auto.tcl: Setting watchdog for 200 seconds at Sat Apr 11 13:51:03 UTC 2020
4 ms. Memory: 51200K Free: 27358K (53%)
ptolemy.util.test.WatchDog.cancel(): canceling Sat Apr 11 13:51:04 UTC 2020
------------------ testing $PTII/ptolemy/domains/de/test/auto/ResettableTimer1.xml
auto.tcl: Setting watchdog for 200 seconds at Sat Apr 11 13:51:04 UTC 2020
2 ms. Memory: 51200K Free: 32594K (64%)
ptolemy.util.test.WatchDog.cancel(): canceling Sat Apr 11 13:51:04 UTC 2020
auto.tcl: Setting watchdog for 200 seconds at Sat Apr 11 13:51:04 UTC 2020
2 ms. Memory: 51200K Free: 31941K (62%)
ptolemy.util.test.WatchDog.cancel(): canceling Sat Apr 11 13:51:04 UTC 2020
------------------ testing $PTII/ptolemy/domains/de/test/auto/ResettableTimer2.xml
auto.tcl: Setting watchdog for 200 seconds at Sat Apr 11 13:51:04 UTC 2020
2 ms. Memory: 51200K Free: 32616K (64%)
ptolemy.util.test.WatchDog.cancel(): canceling Sat Apr 11 13:51:04 UTC 2020
auto.tcl: Setting watchdog for 200 seconds at Sat Apr 11 13:51:04 UTC 2020
2 ms. Memory: 51200K Free: 31988K (62%)
ptolemy.util.test.WatchDog.cancel(): canceling Sat Apr 11 13:51:04 UTC 2020
------------------ testing $PTII/ptolemy/domains/de/test/auto/ResettableTimer3.xml
auto.tcl: Setting watchdog for 200 seconds at Sat Apr 11 13:51:04 UTC 2020
2 ms. Memory: 51200K Free: 32525K (64%)
ptolemy.util.test.WatchDog.cancel(): canceling Sat Apr 11 13:51:04 UTC 2020
auto.tcl: Setting watchdog for 200 seconds at Sat Apr 11 13:51:04 UTC 2020
2 ms. Memory: 51200K Free: 32525K (64%)
ptolemy.util.test.WatchDog.cancel(): canceling Sat Apr 11 13:51:04 UTC 2020
------------------ testing $PTII/ptolemy/domains/de/test/auto/ResettableTimer4.xml
auto.tcl: Setting watchdog for 200 seconds at Sat Apr 11 13:51:04 UTC 2020
1 ms. Memory: 51200K Free: 32539K (64%)
ptolemy.util.test.WatchDog.cancel(): canceling Sat Apr 11 13:51:04 UTC 2020
auto.tcl: Setting watchdog for 200 seconds at Sat Apr 11 13:51:04 UTC 2020
1 ms. Memory: 51200K Free: 32027K (63%)
ptolemy.util.test.WatchDog.cancel(): canceling Sat Apr 11 13:51:04 UTC 2020
------------------ testing $PTII/ptolemy/domains/de/test/auto/ResettableTimer5.xml
auto.tcl: Setting watchdog for 200 seconds at Sat Apr 11 13:51:04 UTC 2020
1 ms. Memory: 51200K Free: 32013K (63%)
ptolemy.util.test.WatchDog.cancel(): canceling Sat Apr 11 13:51:04 UTC 2020
auto.tcl: Setting watchdog for 200 seconds at Sat Apr 11 13:51:04 UTC 2020
1 ms. Memory: 51200K Free: 31503K (62%)
ptolemy.util.test.WatchDog.cancel(): canceling Sat Apr 11 13:51:04 UTC 2020
------------------ testing $PTII/ptolemy/domains/de/test/auto/ResettableTimer6.xml
auto.tcl: Setting watchdog for 200 seconds at Sat Apr 11 13:51:04 UTC 2020
2 ms. Memory: 51200K Free: 32003K (63%)
ptolemy.util.test.WatchDog.cancel(): canceling Sat Apr 11 13:51:04 UTC 2020
auto.tcl: Setting watchdog for 200 seconds at Sat Apr 11 13:51:04 UTC 2020
1 ms. Memory: 51200K Free: 31493K (62%)
ptolemy.util.test.WatchDog.cancel(): canceling Sat Apr 11 13:51:04 UTC 2020
------------------ testing $PTII/ptolemy/domains/de/test/auto/ServerZeroDelay.xml
auto.tcl: Setting watchdog for 200 seconds at Sat Apr 11 13:51:04 UTC 2020
4 ms. Memory: 51200K Free: 32509K (63%)
ptolemy.util.test.WatchDog.cancel(): canceling Sat Apr 11 13:51:04 UTC 2020
auto.tcl: Setting watchdog for 200 seconds at Sat Apr 11 13:51:04 UTC 2020
3 ms. Memory: 51200K Free: 31492K (62%)
ptolemy.util.test.WatchDog.cancel(): canceling Sat Apr 11 13:51:04 UTC 2020
------------------ testing $PTII/ptolemy/domains/de/test/auto/SmartSender.xml
auto.tcl: Setting watchdog for 200 seconds at Sat Apr 11 13:51:04 UTC 2020
3001 ms. Memory: 51200K Free: 32503K (63%)
ptolemy.util.test.WatchDog.cancel(): canceling Sat Apr 11 13:51:07 UTC 2020
auto.tcl: Setting watchdog for 200 seconds at Sat Apr 11 13:51:07 UTC 2020
3002 ms. Memory: 51200K Free: 31975K (62%)
ptolemy.util.test.WatchDog.cancel(): canceling Sat Apr 11 13:51:10 UTC 2020
------------------ testing $PTII/ptolemy/domains/de/test/auto/ThreadedComposite.xml
auto.tcl: Setting watchdog for 200 seconds at Sat Apr 11 13:51:10 UTC 2020
274 ms. Memory: 51200K Free: 9989K (20%)
ptolemy.util.test.WatchDog.cancel(): canceling Sat Apr 11 13:51:10 UTC 2020
auto.tcl: Setting watchdog for 200 seconds at Sat Apr 11 13:51:10 UTC 2020
111 ms. Memory: 51200K Free: 25146K (49%)
ptolemy.util.test.WatchDog.cancel(): canceling Sat Apr 11 13:51:10 UTC 2020
------------------ testing $PTII/ptolemy/domains/de/test/auto/Time.xml
auto.tcl: Setting watchdog for 200 seconds at Sat Apr 11 13:51:10 UTC 2020
445 ms. Memory: 51200K Free: 33685K (66%)
ptolemy.util.test.WatchDog.cancel(): canceling Sat Apr 11 13:51:11 UTC 2020
auto.tcl: Setting watchdog for 200 seconds at Sat Apr 11 13:51:11 UTC 2020
428 ms. Memory: 51200K Free: 34308K (67%)
ptolemy.util.test.WatchDog.cancel(): canceling Sat Apr 11 13:51:11 UTC 2020
------------------ testing $PTII/ptolemy/domains/de/test/auto/TimeDelayZeroDelay.xml
auto.tcl: Setting watchdog for 200 seconds at Sat Apr 11 13:51:11 UTC 2020
2 ms. Memory: 51200K Free: 32432K (63%)
ptolemy.util.test.WatchDog.cancel(): canceling Sat Apr 11 13:51:11 UTC 2020
auto.tcl: Setting watchdog for 200 seconds at Sat Apr 11 13:51:11 UTC 2020
2 ms. Memory: 51200K Free: 31958K (62%)
ptolemy.util.test.WatchDog.cancel(): canceling Sat Apr 11 13:51:11 UTC 2020
------------------ testing $PTII/ptolemy/domains/de/test/auto/TimerZeroDelay.xml
auto.tcl: Setting watchdog for 200 seconds at Sat Apr 11 13:51:11 UTC 2020
3 ms. Memory: 51200K Free: 32475K (63%)
ptolemy.util.test.WatchDog.cancel(): canceling Sat Apr 11 13:51:11 UTC 2020
auto.tcl: Setting watchdog for 200 seconds at Sat Apr 11 13:51:11 UTC 2020
2 ms. Memory: 51200K Free: 31992K (62%)
ptolemy.util.test.WatchDog.cancel(): canceling Sat Apr 11 13:51:11 UTC 2020
------------------ testing $PTII/ptolemy/domains/de/test/auto/TimingParadox.xml
auto.tcl: Setting watchdog for 200 seconds at Sat Apr 11 13:51:11 UTC 2020
327 ms. Memory: 51200K Free: 19567K (38%)
ptolemy.util.test.WatchDog.cancel(): canceling Sat Apr 11 13:51:12 UTC 2020
auto.tcl: Setting watchdog for 200 seconds at Sat Apr 11 13:51:12 UTC 2020
333 ms. Memory: 51200K Free: 9265K (18%)
ptolemy.util.test.WatchDog.cancel(): canceling Sat Apr 11 13:51:12 UTC 2020
------------------ testing $PTII/ptolemy/domains/de/test/auto/TransferInputs.xml
auto.tcl: Setting watchdog for 200 seconds at Sat Apr 11 13:51:12 UTC 2020
1 ms. Memory: 51200K Free: 30943K (60%)
ptolemy.util.test.WatchDog.cancel(): canceling Sat Apr 11 13:51:12 UTC 2020
auto.tcl: Setting watchdog for 200 seconds at Sat Apr 11 13:51:12 UTC 2020
2 ms. Memory: 51200K Free: 30057K (59%)
ptolemy.util.test.WatchDog.cancel(): canceling Sat Apr 11 13:51:12 UTC 2020
------------------ testing $PTII/ptolemy/domains/de/test/auto/TransferOutputs2.xml
auto.tcl: Setting watchdog for 200 seconds at Sat Apr 11 13:51:12 UTC 2020
3 ms. Memory: 51200K Free: 28385K (55%)
ptolemy.util.test.WatchDog.cancel(): canceling Sat Apr 11 13:51:12 UTC 2020
auto.tcl: Setting watchdog for 200 seconds at Sat Apr 11 13:51:12 UTC 2020
2 ms. Memory: 51200K Free: 26957K (53%)
ptolemy.util.test.WatchDog.cancel(): canceling Sat Apr 11 13:51:12 UTC 2020
------------------ testing $PTII/ptolemy/domains/de/test/auto/Trilateration.xml
auto.tcl: Setting watchdog for 200 seconds at Sat Apr 11 13:51:12 UTC 2020
12318 ms. Memory: 558080K Free: 413796K (74%)
ptolemy.util.test.WatchDog.cancel(): canceling Sat Apr 11 13:51:26 UTC 2020
auto.tcl: Setting watchdog for 200 seconds at Sat Apr 11 13:51:26 UTC 2020
8707 ms. Memory: 558080K Free: 426735K (76%)
ptolemy.util.test.WatchDog.cancel(): canceling Sat Apr 11 13:51:35 UTC 2020
------------------ testing $PTII/ptolemy/domains/de/test/auto/TwoSigmaDelta.xml
auto.tcl: Setting watchdog for 200 seconds at Sat Apr 11 13:51:35 UTC 2020
2218 ms. Memory: 89088K Free: 14774K (17%)
ptolemy.util.test.WatchDog.cancel(): canceling Sat Apr 11 13:51:37 UTC 2020
auto.tcl: Setting watchdog for 200 seconds at Sat Apr 11 13:51:37 UTC 2020
1779 ms. Memory: 89088K Free: 61854K (69%)
ptolemy.util.test.WatchDog.cancel(): canceling Sat Apr 11 13:51:39 UTC 2020
------------------ testing $PTII/ptolemy/domains/de/test/auto/VariableDelay.xml
auto.tcl: Setting watchdog for 200 seconds at Sat Apr 11 13:51:39 UTC 2020
2 ms. Memory: 55296K Free: 35530K (64%)
ptolemy.util.test.WatchDog.cancel(): canceling Sat Apr 11 13:51:39 UTC 2020
auto.tcl: Setting watchdog for 200 seconds at Sat Apr 11 13:51:39 UTC 2020
1 ms. Memory: 55296K Free: 34490K (62%)
ptolemy.util.test.WatchDog.cancel(): canceling Sat Apr 11 13:51:39 UTC 2020
------------------ testing $PTII/ptolemy/domains/de/test/auto/VariableDelay2.xml
auto.tcl: Setting watchdog for 200 seconds at Sat Apr 11 13:51:39 UTC 2020
2 ms. Memory: 55296K Free: 35936K (65%)
ptolemy.util.test.WatchDog.cancel(): canceling Sat Apr 11 13:51:39 UTC 2020
auto.tcl: Setting watchdog for 200 seconds at Sat Apr 11 13:51:39 UTC 2020
1 ms. Memory: 55296K Free: 35432K (64%)
ptolemy.util.test.WatchDog.cancel(): canceling Sat Apr 11 13:51:39 UTC 2020
------------------ testing $PTII/ptolemy/domains/de/test/auto/VariableDelayZeroDelay.xml
auto.tcl: Setting watchdog for 200 seconds at Sat Apr 11 13:51:39 UTC 2020
9 ms. Memory: 55296K Free: 36455K (66%)
ptolemy.util.test.WatchDog.cancel(): canceling Sat Apr 11 13:51:39 UTC 2020
auto.tcl: Setting watchdog for 200 seconds at Sat Apr 11 13:51:39 UTC 2020
2 ms. Memory: 55296K Free: 35941K (65%)
ptolemy.util.test.WatchDog.cancel(): canceling Sat Apr 11 13:51:39 UTC 2020
------------------ testing $PTII/ptolemy/domains/de/test/auto/VariableDelayZeroDelay2.xml
auto.tcl: Setting watchdog for 200 seconds at Sat Apr 11 13:51:39 UTC 2020
3 ms. Memory: 55296K Free: 36455K (66%)
ptolemy.util.test.WatchDog.cancel(): canceling Sat Apr 11 13:51:39 UTC 2020
auto.tcl: Setting watchdog for 200 seconds at Sat Apr 11 13:51:39 UTC 2020
2 ms. Memory: 55296K Free: 35431K (64%)
ptolemy.util.test.WatchDog.cancel(): canceling Sat Apr 11 13:51:39 UTC 2020
------------------ testing $PTII/ptolemy/domains/de/test/auto/deInCt.xml
auto.tcl: Setting watchdog for 200 seconds at Sat Apr 11 13:51:39 UTC 2020
0
1
1
1
0
0
0
1
1
1
1
0
0
0
1
1
1
0
0
0
1
1
0
0
0
0
1
1
1
0
0
0
1
1
1
0
0
0
1
1
1
0
0
0
0
0
0
21 ms. Memory: 55296K Free: 35428K (64%)
ptolemy.util.test.WatchDog.cancel(): canceling Sat Apr 11 13:51:39 UTC 2020
auto.tcl: Setting watchdog for 200 seconds at Sat Apr 11 13:51:39 UTC 2020
0
1
1
1
0
0
0
0
0
1
1
1
0
0
0
1
1
1
0
0
0
1
1
1
0
0
0
0
1
1
1
0
0
1
1
1
1
0
0
0
1
1
1
1
9 ms. Memory: 55296K Free: 33890K (61%)
ptolemy.util.test.WatchDog.cancel(): canceling Sat Apr 11 13:51:39 UTC 2020
------------------ testing $PTII/ptolemy/domains/de/test/auto/deInCt2.xml
auto.tcl: Setting watchdog for 200 seconds at Sat Apr 11 13:51:39 UTC 2020
0
1
1
1
0
0
1
1
1
0
0
1
1
1
0
0
1
1
1
0
0
1
1
1
0
0
1
1
1
0
0
1
1
1
0
0
1
1
1
0
0
0
11 ms. Memory: 55296K Free: 35429K (64%)
ptolemy.util.test.WatchDog.cancel(): canceling Sat Apr 11 13:51:39 UTC 2020
auto.tcl: Setting watchdog for 200 seconds at Sat Apr 11 13:51:39 UTC 2020
0
1
1
1
0
0
1
1
1
0
0
1
1
1
0
0
1
1
1
0
0
1
1
1
0
0
1
1
1
0
0
1
1
1
0
0
1
1
1
0
0
0
5 ms. Memory: 55296K Free: 33891K (61%)
ptolemy.util.test.WatchDog.cancel(): canceling Sat Apr 11 13:51:39 UTC 2020
------------------ testing $PTII/ptolemy/domains/de/test/auto/dynamicCausalityInterface1.xml
auto.tcl: Setting watchdog for 200 seconds at Sat Apr 11 13:51:39 UTC 2020
1 ms. Memory: 55296K Free: 31327K (57%)
ptolemy.util.test.WatchDog.cancel(): canceling Sat Apr 11 13:51:39 UTC 2020
auto.tcl: Setting watchdog for 200 seconds at Sat Apr 11 13:51:39 UTC 2020
1 ms. Memory: 55296K Free: 30813K (56%)
ptolemy.util.test.WatchDog.cancel(): canceling Sat Apr 11 13:51:39 UTC 2020
------------------ testing $PTII/ptolemy/domains/de/test/auto/fsm_de_test.xml
auto.tcl: Setting watchdog for 200 seconds at Sat Apr 11 13:51:39 UTC 2020
9 ms. Memory: 51200K Free: 27129K (53%)
ptolemy.util.test.WatchDog.cancel(): canceling Sat Apr 11 13:51:39 UTC 2020
auto.tcl: Setting watchdog for 200 seconds at Sat Apr 11 13:51:39 UTC 2020
6 ms. Memory: 51200K Free: 25081K (49%)
ptolemy.util.test.WatchDog.cancel(): canceling Sat Apr 11 13:51:39 UTC 2020
------------------ testing $PTII/ptolemy/domains/de/test/auto/functionDependencyReconstruction.xml
auto.tcl: Setting watchdog for 200 seconds at Sat Apr 11 13:51:39 UTC 2020
3 ms. Memory: 51200K Free: 20975K (41%)
ptolemy.util.test.WatchDog.cancel(): canceling Sat Apr 11 13:51:39 UTC 2020
auto.tcl: Setting watchdog for 200 seconds at Sat Apr 11 13:51:39 UTC 2020
3 ms. Memory: 51200K Free: 18927K (37%)
ptolemy.util.test.WatchDog.cancel(): canceling Sat Apr 11 13:51:39 UTC 2020
------------------ testing $PTII/ptolemy/domains/de/test/auto/multirate.xml
auto.tcl: Setting watchdog for 200 seconds at Sat Apr 11 13:51:39 UTC 2020
3 ms. Memory: 51200K Free: 29771K (58%)
ptolemy.util.test.WatchDog.cancel(): canceling Sat Apr 11 13:51:39 UTC 2020
auto.tcl: Setting watchdog for 200 seconds at Sat Apr 11 13:51:39 UTC 2020
3 ms. Memory: 51200K Free: 28052K (55%)
ptolemy.util.test.WatchDog.cancel(): canceling Sat Apr 11 13:51:39 UTC 2020
------------------ testing $PTII/ptolemy/domains/de/test/auto/multirate2.xml
auto.tcl: Setting watchdog for 200 seconds at Sat Apr 11 13:51:39 UTC 2020
3 ms. Memory: 51200K Free: 29711K (58%)
ptolemy.util.test.WatchDog.cancel(): canceling Sat Apr 11 13:51:39 UTC 2020
auto.tcl: Setting watchdog for 200 seconds at Sat Apr 11 13:51:39 UTC 2020
2 ms. Memory: 51200K Free: 28233K (55%)
ptolemy.util.test.WatchDog.cancel(): canceling Sat Apr 11 13:51:39 UTC 2020
------------------ testing $PTII/ptolemy/domains/de/test/auto/realtime.xml
auto.tcl: Setting watchdog for 200 seconds at Sat Apr 11 13:51:39 UTC 2020
10001 ms. Memory: 51200K Free: 32012K (63%)
ptolemy.util.test.WatchDog.cancel(): canceling Sat Apr 11 13:51:49 UTC 2020
auto.tcl: Setting watchdog for 200 seconds at Sat Apr 11 13:51:49 UTC 2020
10001 ms. Memory: 51200K Free: 31277K (61%)
ptolemy.util.test.WatchDog.cancel(): canceling Sat Apr 11 13:51:59 UTC 2020
------------------ testing $PTII/ptolemy/domains/de/test/auto/relationGroup.xml
auto.tcl: Setting watchdog for 200 seconds at Sat Apr 11 13:52:00 UTC 2020
8 ms. Memory: 51200K Free: 33062K (65%)
ptolemy.util.test.WatchDog.cancel(): canceling Sat Apr 11 13:52:00 UTC 2020
auto.tcl: Setting watchdog for 200 seconds at Sat Apr 11 13:52:00 UTC 2020
2 ms. Memory: 51200K Free: 32564K (64%)
ptolemy.util.test.WatchDog.cancel(): canceling Sat Apr 11 13:52:00 UTC 2020
------------------ testing $PTII/ptolemy/domains/de/test/auto/relationGroup2.xml
auto.tcl: Setting watchdog for 200 seconds at Sat Apr 11 13:52:00 UTC 2020
2 ms. Memory: 51200K Free: 33118K (65%)
ptolemy.util.test.WatchDog.cancel(): canceling Sat Apr 11 13:52:00 UTC 2020
auto.tcl: Setting watchdog for 200 seconds at Sat Apr 11 13:52:00 UTC 2020
1 ms. Memory: 51200K Free: 32612K (64%)
ptolemy.util.test.WatchDog.cancel(): canceling Sat Apr 11 13:52:00 UTC 2020
------------------ testing $PTII/ptolemy/domains/de/test/auto/sortWithOpaquePorts.xml
auto.tcl: Setting watchdog for 200 seconds at Sat Apr 11 13:52:00 UTC 2020
1 ms. Memory: 51200K Free: 32382K (63%)
ptolemy.util.test.WatchDog.cancel(): canceling Sat Apr 11 13:52:00 UTC 2020
auto.tcl: Setting watchdog for 200 seconds at Sat Apr 11 13:52:00 UTC 2020
2 ms. Memory: 51200K Free: 30846K (60%)
ptolemy.util.test.WatchDog.cancel(): canceling Sat Apr 11 13:52:00 UTC 2020
------------------ testing $PTII/ptolemy/domains/de/test/auto/transferInputsandOutputs.xml
auto.tcl: Setting watchdog for 200 seconds at Sat Apr 11 13:52:00 UTC 2020
4 ms. Memory: 51200K Free: 29299K (57%)
ptolemy.util.test.WatchDog.cancel(): canceling Sat Apr 11 13:52:00 UTC 2020
auto.tcl: Setting watchdog for 200 seconds at Sat Apr 11 13:52:00 UTC 2020
2 ms. Memory: 51200K Free: 28275K (55%)
ptolemy.util.test.WatchDog.cancel(): canceling Sat Apr 11 13:52:00 UTC 2020
------------------ testing $PTII/ptolemy/domains/de/test/auto/triggerType.xml
auto.tcl: Setting watchdog for 200 seconds at Sat Apr 11 13:52:00 UTC 2020
2 ms. Memory: 51200K Free: 32324K (63%)
ptolemy.util.test.WatchDog.cancel(): canceling Sat Apr 11 13:52:00 UTC 2020
auto.tcl: Setting watchdog for 200 seconds at Sat Apr 11 13:52:00 UTC 2020
2 ms. Memory: 51200K Free: 31300K (61%)
ptolemy.util.test.WatchDog.cancel(): canceling Sat Apr 11 13:52:00 UTC 2020
04/11/20 01:52:00
Failed: 0  Total Tests: 192  ((Passed: 187, Newly Passed: 1)  Known Failed: 5) /home/travis/build/icyphy/ptII/ptolemy/domains/de/test
04/11/20 01:52:00
Failed: 0  Total Tests: 192  ((Passed: 187, Newly Passed: 1)  Known Failed: 5) /home/travis/build/icyphy/ptII/ptolemy/domains/de/test
----------------- testing (KnownFailure) /home/travis/build/icyphy/ptII/ptolemy/domains/de/test/auto/knownFailedTests/DESDFClockTest.xml
2019 ms. Memory: 51200K Free: 25209K (49%)
Known Failure: java.lang.reflect.InvocationTargetException
----------------- testing (KnownFailure) /home/travis/build/icyphy/ptII/ptolemy/domains/de/test/auto/knownFailedTests/DirectFeedback.xml
1 ms. Memory: 51200K Free: 21593K (42%)
Known Failure: java.lang.reflect.InvocationTargetException
----------------- testing (KnownFailure) /home/travis/build/icyphy/ptII/ptolemy/domains/de/test/auto/knownFailedTests/FSMSource.xml
17 ms. Memory: 51200K Free: 13417K (26%)
----------------- testing (KnownFailure) /home/travis/build/icyphy/ptII/ptolemy/domains/de/test/auto/knownFailedTests/HierarchicalModel.xml
2 ms. Memory: 51200K Free: 26494K (52%)
Known Failure: java.lang.reflect.InvocationTargetException
----------------- testing (KnownFailure) /home/travis/build/icyphy/ptII/ptolemy/domains/de/test/auto/knownFailedTests/dependencyLoop.xml
3 ms. Memory: 51200K Free: 11553K (23%)
Known Failure: java.lang.reflect.InvocationTargetException
----------------- testing (KnownFailure) /home/travis/build/icyphy/ptII/ptolemy/domains/de/test/auto/knownFailedTests/dependencyLoop2.xml
5 ms. Memory: 51200K Free: 25149K (49%)
Known Failure: java.lang.reflect.InvocationTargetException
No auto/linux-amd64/*.xml tests in /home/travis/build/icyphy/ptII/ptolemy/domains/de/test
AutoTests.java: About to close Vertx.
AutoTests.java: Vertx closed.

===========================================================================================
----------------- testing Sat Apr 11 13:52:02 UTC 2020 /home/travis/build/icyphy/ptII/ptolemy/domains/de/test/auto/ActorDepthCalculation_actorWithoutPorts.xml
----------------- Instantiating /home/travis/build/icyphy/ptII/ptolemy/domains/de/test/auto/ActorDepthCalculation_actorWithoutPorts.xml
2 ms. Memory: 51200K Free: 18260K (36%)
----------------- Invoking toplevel() on ptolemy.moml.MoMLSimpleApplication@48b7befa
----------------- Done invoking toplevel() on ptolemy.moml.MoMLSimpleApplication@48b7befa
reloadAllAccessors: .ActorDepthCalculation_actorWithoutPorts

===========================================================================================
----------------- testing Sat Apr 11 13:52:02 UTC 2020 /home/travis/build/icyphy/ptII/ptolemy/domains/de/test/auto/AssemblyLine.xml
----------------- Instantiating /home/travis/build/icyphy/ptII/ptolemy/domains/de/test/auto/AssemblyLine.xml
2 ms. Memory: 51200K Free: 11418K (22%)
----------------- Invoking toplevel() on ptolemy.moml.MoMLSimpleApplication@17190ed7
----------------- Done invoking toplevel() on ptolemy.moml.MoMLSimpleApplication@17190ed7
reloadAllAccessors: .AssemblyLine

===========================================================================================
----------------- testing Sat Apr 11 13:52:02 UTC 2020 /home/travis/build/icyphy/ptII/ptolemy/domains/de/test/auto/CQBug1.xml
----------------- Instantiating /home/travis/build/icyphy/ptII/ptolemy/domains/de/test/auto/CQBug1.xml
0 ms. Memory: 51200K Free: 8508K (17%)
----------------- Invoking toplevel() on ptolemy.moml.MoMLSimpleApplication@6e292eb6
----------------- Done invoking toplevel() on ptolemy.moml.MoMLSimpleApplication@6e292eb6
reloadAllAccessors: .CQBug1

===========================================================================================
----------------- testing Sat Apr 11 13:52:02 UTC 2020 /home/travis/build/icyphy/ptII/ptolemy/domains/de/test/auto/CancelFireAt.xml
----------------- Instantiating /home/travis/build/icyphy/ptII/ptolemy/domains/de/test/auto/CancelFireAt.xml
1 ms. Memory: 51200K Free: 35156K (69%)
----------------- Invoking toplevel() on ptolemy.moml.MoMLSimpleApplication@e0c0fae
----------------- Done invoking toplevel() on ptolemy.moml.MoMLSimpleApplication@e0c0fae
reloadAllAccessors: .CancelFireAt

===========================================================================================
----------------- testing Sat Apr 11 13:52:02 UTC 2020 /home/travis/build/icyphy/ptII/ptolemy/domains/de/test/auto/CausalityAndComposabilityAnalysis.xml
----------------- Instantiating /home/travis/build/icyphy/ptII/ptolemy/domains/de/test/auto/CausalityAndComposabilityAnalysis.xml
2 ms. Memory: 51200K Free: 30771K (60%)
----------------- Invoking toplevel() on ptolemy.moml.MoMLSimpleApplication@55f93380
----------------- Done invoking toplevel() on ptolemy.moml.MoMLSimpleApplication@55f93380
reloadAllAccessors: .CausalityAndComposabilityAnalysis

===========================================================================================
----------------- testing Sat Apr 11 13:52:02 UTC 2020 /home/travis/build/icyphy/ptII/ptolemy/domains/de/test/auto/CausalityInterface1.xml
----------------- Instantiating /home/travis/build/icyphy/ptII/ptolemy/domains/de/test/auto/CausalityInterface1.xml
5 ms. Memory: 51200K Free: 25940K (51%)
----------------- Invoking toplevel() on ptolemy.moml.MoMLSimpleApplication@33eca0fa
----------------- Done invoking toplevel() on ptolemy.moml.MoMLSimpleApplication@33eca0fa
reloadAllAccessors: .CausalityInterface1

===========================================================================================
----------------- testing Sat Apr 11 13:52:02 UTC 2020 /home/travis/build/icyphy/ptII/ptolemy/domains/de/test/auto/CausalityInterface15.xml
----------------- Instantiating /home/travis/build/icyphy/ptII/ptolemy/domains/de/test/auto/CausalityInterface15.xml
8 ms. Memory: 51200K Free: 20531K (40%)
----------------- Invoking toplevel() on ptolemy.moml.MoMLSimpleApplication@2fe9dff8
----------------- Done invoking toplevel() on ptolemy.moml.MoMLSimpleApplication@2fe9dff8
reloadAllAccessors: .CausalityInterface15

===========================================================================================
----------------- testing Sat Apr 11 13:52:02 UTC 2020 /home/travis/build/icyphy/ptII/ptolemy/domains/de/test/auto/CausalityInterface2.xml
----------------- Instantiating /home/travis/build/icyphy/ptII/ptolemy/domains/de/test/auto/CausalityInterface2.xml
1 ms. Memory: 51200K Free: 15862K (31%)
----------------- Invoking toplevel() on ptolemy.moml.MoMLSimpleApplication@3ed4b088
----------------- Done invoking toplevel() on ptolemy.moml.MoMLSimpleApplication@3ed4b088
reloadAllAccessors: .CausalityInterface2

===========================================================================================
----------------- testing Sat Apr 11 13:52:02 UTC 2020 /home/travis/build/icyphy/ptII/ptolemy/domains/de/test/auto/CausalityInterface3.xml
----------------- Instantiating /home/travis/build/icyphy/ptII/ptolemy/domains/de/test/auto/CausalityInterface3.xml
2 ms. Memory: 51200K Free: 11014K (22%)
----------------- Invoking toplevel() on ptolemy.moml.MoMLSimpleApplication@504d5d98
----------------- Done invoking toplevel() on ptolemy.moml.MoMLSimpleApplication@504d5d98
reloadAllAccessors: .CausalityInterface3

===========================================================================================
----------------- testing Sat Apr 11 13:52:02 UTC 2020 /home/travis/build/icyphy/ptII/ptolemy/domains/de/test/auto/ClockDrift.xml
----------------- Instantiating /home/travis/build/icyphy/ptII/ptolemy/domains/de/test/auto/ClockDrift.xml
13 ms. Memory: 51200K Free: 27881K (54%)
----------------- Invoking toplevel() on ptolemy.moml.MoMLSimpleApplication@2a1a1af2
----------------- Done invoking toplevel() on ptolemy.moml.MoMLSimpleApplication@2a1a1af2
reloadAllAccessors: .ClockDrift

===========================================================================================
----------------- testing Sat Apr 11 13:52:02 UTC 2020 /home/travis/build/icyphy/ptII/ptolemy/domains/de/test/auto/ClockDriftAndValueChange.xml
----------------- Instantiating /home/travis/build/icyphy/ptII/ptolemy/domains/de/test/auto/ClockDriftAndValueChange.xml
10 ms. Memory: 51200K Free: 16181K (32%)
----------------- Invoking toplevel() on ptolemy.moml.MoMLSimpleApplication@5a895a18
----------------- Done invoking toplevel() on ptolemy.moml.MoMLSimpleApplication@5a895a18
reloadAllAccessors: .ClockDriftAndValueChange

===========================================================================================
----------------- testing Sat Apr 11 13:52:02 UTC 2020 /home/travis/build/icyphy/ptII/ptolemy/domains/de/test/auto/ClockDriftChange.xml
----------------- Instantiating /home/travis/build/icyphy/ptII/ptolemy/domains/de/test/auto/ClockDriftChange.xml
14 ms. Memory: 51200K Free: 35126K (69%)
----------------- Invoking toplevel() on ptolemy.moml.MoMLSimpleApplication@70f930f9
----------------- Done invoking toplevel() on ptolemy.moml.MoMLSimpleApplication@70f930f9
reloadAllAccessors: .ClockDriftChange

===========================================================================================
----------------- testing Sat Apr 11 13:52:02 UTC 2020 /home/travis/build/icyphy/ptII/ptolemy/domains/de/test/auto/ComposableCausalityAnalysis.xml
----------------- Instantiating /home/travis/build/icyphy/ptII/ptolemy/domains/de/test/auto/ComposableCausalityAnalysis.xml
0 ms. Memory: 51200K Free: 29391K (57%)
----------------- Invoking toplevel() on ptolemy.moml.MoMLSimpleApplication@19e80298
----------------- Done invoking toplevel() on ptolemy.moml.MoMLSimpleApplication@19e80298
reloadAllAccessors: .ComposableCausalityAnalysis

===========================================================================================
----------------- testing Sat Apr 11 13:52:02 UTC 2020 /home/travis/build/icyphy/ptII/ptolemy/domains/de/test/auto/DEFixedPointLimitation.xml
----------------- Instantiating /home/travis/build/icyphy/ptII/ptolemy/domains/de/test/auto/DEFixedPointLimitation.xml
1 ms. Memory: 51200K Free: 24842K (49%)
----------------- Invoking toplevel() on ptolemy.moml.MoMLSimpleApplication@23a6f29d
----------------- Done invoking toplevel() on ptolemy.moml.MoMLSimpleApplication@23a6f29d
reloadAllAccessors: .DEFixedPointLimitation

===========================================================================================
----------------- testing Sat Apr 11 13:52:02 UTC 2020 /home/travis/build/icyphy/ptII/ptolemy/domains/de/test/auto/DEScheduleTest.xml
----------------- Instantiating /home/travis/build/icyphy/ptII/ptolemy/domains/de/test/auto/DEScheduleTest.xml
4 ms. Memory: 51200K Free: 20746K (41%)
----------------- Invoking toplevel() on ptolemy.moml.MoMLSimpleApplication@4796aeed
----------------- Done invoking toplevel() on ptolemy.moml.MoMLSimpleApplication@4796aeed
reloadAllAccessors: .DEScheduleTest

===========================================================================================
----------------- testing Sat Apr 11 13:52:02 UTC 2020 /home/travis/build/icyphy/ptII/ptolemy/domains/de/test/auto/DEinDEwithStartTimes.xml
----------------- Instantiating /home/travis/build/icyphy/ptII/ptolemy/domains/de/test/auto/DEinDEwithStartTimes.xml
2 ms. Memory: 51200K Free: 15001K (29%)
----------------- Invoking toplevel() on ptolemy.moml.MoMLSimpleApplication@69d04a5c
----------------- Done invoking toplevel() on ptolemy.moml.MoMLSimpleApplication@69d04a5c
reloadAllAccessors: .DEinDEwithStartTimes

===========================================================================================
----------------- testing Sat Apr 11 13:52:02 UTC 2020 /home/travis/build/icyphy/ptII/ptolemy/domains/de/test/auto/DEinDEwithStartTimes2.xml
----------------- Instantiating /home/travis/build/icyphy/ptII/ptolemy/domains/de/test/auto/DEinDEwithStartTimes2.xml
5 ms. Memory: 51200K Free: 35938K (70%)
----------------- Invoking toplevel() on ptolemy.moml.MoMLSimpleApplication@1c5b0c7d
----------------- Done invoking toplevel() on ptolemy.moml.MoMLSimpleApplication@1c5b0c7d
reloadAllAccessors: .DEinDEwithStartTimes2

===========================================================================================
----------------- testing Sat Apr 11 13:52:02 UTC 2020 /home/travis/build/icyphy/ptII/ptolemy/domains/de/test/auto/DateDemo.xml
----------------- Instantiating /home/travis/build/icyphy/ptII/ptolemy/domains/de/test/auto/DateDemo.xml
7 ms. Memory: 51200K Free: 25006K (49%)
----------------- Invoking toplevel() on ptolemy.moml.MoMLSimpleApplication@9e3ec25
----------------- Done invoking toplevel() on ptolemy.moml.MoMLSimpleApplication@9e3ec25
reloadAllAccessors: .DateDemo

===========================================================================================
----------------- testing Sat Apr 11 13:52:02 UTC 2020 /home/travis/build/icyphy/ptII/ptolemy/domains/de/test/auto/DateToEvent.xml
----------------- Instantiating /home/travis/build/icyphy/ptII/ptolemy/domains/de/test/auto/DateToEvent.xml
2003 ms. Memory: 51200K Free: 9705K (19%)
----------------- Invoking toplevel() on ptolemy.moml.MoMLSimpleApplication@179e0861
----------------- Done invoking toplevel() on ptolemy.moml.MoMLSimpleApplication@179e0861
reloadAllAccessors: .DateToEvent

===========================================================================================
----------------- testing Sat Apr 11 13:52:05 UTC 2020 /home/travis/build/icyphy/ptII/ptolemy/domains/de/test/auto/DepthTest1.xml
----------------- Instantiating /home/travis/build/icyphy/ptII/ptolemy/domains/de/test/auto/DepthTest1.xml
1 ms. Memory: 51200K Free: 34357K (67%)
----------------- Invoking toplevel() on ptolemy.moml.MoMLSimpleApplication@78e88648
----------------- Done invoking toplevel() on ptolemy.moml.MoMLSimpleApplication@78e88648
reloadAllAccessors: .DepthTest1

===========================================================================================
----------------- testing Sat Apr 11 13:52:05 UTC 2020 /home/travis/build/icyphy/ptII/ptolemy/domains/de/test/auto/DepthTest2.xml
----------------- Instantiating /home/travis/build/icyphy/ptII/ptolemy/domains/de/test/auto/DepthTest2.xml
1 ms. Memory: 51200K Free: 27959K (55%)
----------------- Invoking toplevel() on ptolemy.moml.MoMLSimpleApplication@2d90b2b3
----------------- Done invoking toplevel() on ptolemy.moml.MoMLSimpleApplication@2d90b2b3
reloadAllAccessors: .DepthTest2

===========================================================================================
----------------- testing Sat Apr 11 13:52:05 UTC 2020 /home/travis/build/icyphy/ptII/ptolemy/domains/de/test/auto/DepthTest3.xml
----------------- Instantiating /home/travis/build/icyphy/ptII/ptolemy/domains/de/test/auto/DepthTest3.xml
0 ms. Memory: 51200K Free: 24919K (49%)
----------------- Invoking toplevel() on ptolemy.moml.MoMLSimpleApplication@3fa1be7f
----------------- Done invoking toplevel() on ptolemy.moml.MoMLSimpleApplication@3fa1be7f
reloadAllAccessors: .DepthTest3

===========================================================================================
----------------- testing Sat Apr 11 13:52:05 UTC 2020 /home/travis/build/icyphy/ptII/ptolemy/domains/de/test/auto/DepthTest4.xml
----------------- Instantiating /home/travis/build/icyphy/ptII/ptolemy/domains/de/test/auto/DepthTest4.xml
1 ms. Memory: 51200K Free: 19981K (39%)
----------------- Invoking toplevel() on ptolemy.moml.MoMLSimpleApplication@449ae7e4
----------------- Done invoking toplevel() on ptolemy.moml.MoMLSimpleApplication@449ae7e4
reloadAllAccessors: .DepthTest4

===========================================================================================
----------------- testing Sat Apr 11 13:52:05 UTC 2020 /home/travis/build/icyphy/ptII/ptolemy/domains/de/test/auto/DepthTest5.xml
----------------- Instantiating /home/travis/build/icyphy/ptII/ptolemy/domains/de/test/auto/DepthTest5.xml
2 ms. Memory: 51200K Free: 14717K (29%)
----------------- Invoking toplevel() on ptolemy.moml.MoMLSimpleApplication@39310472
----------------- Done invoking toplevel() on ptolemy.moml.MoMLSimpleApplication@39310472
reloadAllAccessors: .DepthTest5

===========================================================================================
----------------- testing Sat Apr 11 13:52:05 UTC 2020 /home/travis/build/icyphy/ptII/ptolemy/domains/de/test/auto/DepthTest6.xml
----------------- Instantiating /home/travis/build/icyphy/ptII/ptolemy/domains/de/test/auto/DepthTest6.xml
1 ms. Memory: 51200K Free: 9366K (18%)
----------------- Invoking toplevel() on ptolemy.moml.MoMLSimpleApplication@40f9214e
----------------- Done invoking toplevel() on ptolemy.moml.MoMLSimpleApplication@40f9214e
reloadAllAccessors: .DepthTest6

===========================================================================================
----------------- testing Sat Apr 11 13:52:05 UTC 2020 /home/travis/build/icyphy/ptII/ptolemy/domains/de/test/auto/DepthTest7.xml
----------------- Instantiating /home/travis/build/icyphy/ptII/ptolemy/domains/de/test/auto/DepthTest7.xml
1 ms. Memory: 51200K Free: 32074K (63%)
----------------- Invoking toplevel() on ptolemy.moml.MoMLSimpleApplication@339d0675
----------------- Done invoking toplevel() on ptolemy.moml.MoMLSimpleApplication@339d0675
reloadAllAccessors: .DepthTest7

===========================================================================================
----------------- testing Sat Apr 11 13:52:05 UTC 2020 /home/travis/build/icyphy/ptII/ptolemy/domains/de/test/auto/EventToDate.xml
----------------- Instantiating /home/travis/build/icyphy/ptII/ptolemy/domains/de/test/auto/EventToDate.xml
3003 ms. Memory: 51200K Free: 18994K (37%)
----------------- Invoking toplevel() on ptolemy.moml.MoMLSimpleApplication@61b0d96d
----------------- Done invoking toplevel() on ptolemy.moml.MoMLSimpleApplication@61b0d96d
reloadAllAccessors: .EventToDate

===========================================================================================
----------------- testing Sat Apr 11 13:52:08 UTC 2020 /home/travis/build/icyphy/ptII/ptolemy/domains/de/test/auto/FSM1.xml
----------------- Instantiating /home/travis/build/icyphy/ptII/ptolemy/domains/de/test/auto/FSM1.xml
11 ms. Memory: 51200K Free: 34539K (67%)
----------------- Invoking toplevel() on ptolemy.moml.MoMLSimpleApplication@45c4d531
----------------- Done invoking toplevel() on ptolemy.moml.MoMLSimpleApplication@45c4d531
reloadAllAccessors: .FSM1

===========================================================================================
----------------- testing Sat Apr 11 13:52:08 UTC 2020 /home/travis/build/icyphy/ptII/ptolemy/domains/de/test/auto/FSM7.xml
----------------- Instantiating /home/travis/build/icyphy/ptII/ptolemy/domains/de/test/auto/FSM7.xml
17 ms. Memory: 51200K Free: 22044K (43%)
----------------- Invoking toplevel() on ptolemy.moml.MoMLSimpleApplication@3b53b36d
----------------- Done invoking toplevel() on ptolemy.moml.MoMLSimpleApplication@3b53b36d
reloadAllAccessors: .FSM7

===========================================================================================
----------------- testing Sat Apr 11 13:52:08 UTC 2020 /home/travis/build/icyphy/ptII/ptolemy/domains/de/test/auto/Inspection.xml
----------------- Instantiating /home/travis/build/icyphy/ptII/ptolemy/domains/de/test/auto/Inspection.xml
20 ms. Memory: 51200K Free: 9786K (19%)
----------------- Invoking toplevel() on ptolemy.moml.MoMLSimpleApplication@74dcf5f1
----------------- Done invoking toplevel() on ptolemy.moml.MoMLSimpleApplication@74dcf5f1
reloadAllAccessors: .Inspection

===========================================================================================
----------------- testing Sat Apr 11 13:52:08 UTC 2020 /home/travis/build/icyphy/ptII/ptolemy/domains/de/test/auto/Iteration.xml
----------------- Instantiating /home/travis/build/icyphy/ptII/ptolemy/domains/de/test/auto/Iteration.xml
11 ms. Memory: 51200K Free: 30467K (60%)
----------------- Invoking toplevel() on ptolemy.moml.MoMLSimpleApplication@5f2237ec
----------------- Done invoking toplevel() on ptolemy.moml.MoMLSimpleApplication@5f2237ec
reloadAllAccessors: .Iteration

===========================================================================================
----------------- testing Sat Apr 11 13:52:08 UTC 2020 /home/travis/build/icyphy/ptII/ptolemy/domains/de/test/auto/LineFault.xml
----------------- Instantiating /home/travis/build/icyphy/ptII/ptolemy/domains/de/test/auto/LineFault.xml
406 ms. Memory: 51200K Free: 21981K (43%)
----------------- Invoking toplevel() on ptolemy.moml.MoMLSimpleApplication@78033948
----------------- Done invoking toplevel() on ptolemy.moml.MoMLSimpleApplication@78033948
reloadAllAccessors: .LineFault

===========================================================================================
----------------- testing Sat Apr 11 13:52:08 UTC 2020 /home/travis/build/icyphy/ptII/ptolemy/domains/de/test/auto/MergeModel1Add.xml
----------------- Instantiating /home/travis/build/icyphy/ptII/ptolemy/domains/de/test/auto/MergeModel1Add.xml
6 ms. Memory: 51200K Free: 28884K (56%)
----------------- Invoking toplevel() on ptolemy.moml.MoMLSimpleApplication@606a5aad
----------------- Done invoking toplevel() on ptolemy.moml.MoMLSimpleApplication@606a5aad
reloadAllAccessors: .MergeModel1Add

===========================================================================================
----------------- testing Sat Apr 11 13:52:08 UTC 2020 /home/travis/build/icyphy/ptII/ptolemy/domains/de/test/auto/MergeModel2Add.xml
----------------- Instantiating /home/travis/build/icyphy/ptII/ptolemy/domains/de/test/auto/MergeModel2Add.xml
5 ms. Memory: 51200K Free: 11220K (22%)
----------------- Invoking toplevel() on ptolemy.moml.MoMLSimpleApplication@51c65de3
----------------- Done invoking toplevel() on ptolemy.moml.MoMLSimpleApplication@51c65de3
reloadAllAccessors: .MergeModel2Add

===========================================================================================
----------------- testing Sat Apr 11 13:52:08 UTC 2020 /home/travis/build/icyphy/ptII/ptolemy/domains/de/test/auto/MergeModel3Add.xml
----------------- Instantiating /home/travis/build/icyphy/ptII/ptolemy/domains/de/test/auto/MergeModel3Add.xml
5 ms. Memory: 51200K Free: 19065K (37%)
----------------- Invoking toplevel() on ptolemy.moml.MoMLSimpleApplication@375877d9
----------------- Done invoking toplevel() on ptolemy.moml.MoMLSimpleApplication@375877d9
reloadAllAccessors: .MergeModel3Add

===========================================================================================
----------------- testing Sat Apr 11 13:52:08 UTC 2020 /home/travis/build/icyphy/ptII/ptolemy/domains/de/test/auto/MergeWithoutDiscard.xml
----------------- Instantiating /home/travis/build/icyphy/ptII/ptolemy/domains/de/test/auto/MergeWithoutDiscard.xml
0 ms. Memory: 51200K Free: 14938K (29%)
----------------- Invoking toplevel() on ptolemy.moml.MoMLSimpleApplication@11382bb2
----------------- Done invoking toplevel() on ptolemy.moml.MoMLSimpleApplication@11382bb2
reloadAllAccessors: .MergeWithoutDiscard

===========================================================================================
----------------- testing Sat Apr 11 13:52:08 UTC 2020 /home/travis/build/icyphy/ptII/ptolemy/domains/de/test/auto/Modal1.xml
----------------- Instantiating /home/travis/build/icyphy/ptII/ptolemy/domains/de/test/auto/Modal1.xml
11 ms. Memory: 51200K Free: 28548K (56%)
----------------- Invoking toplevel() on ptolemy.moml.MoMLSimpleApplication@33a63b74
----------------- Done invoking toplevel() on ptolemy.moml.MoMLSimpleApplication@33a63b74
reloadAllAccessors: .Modal1

===========================================================================================
----------------- testing Sat Apr 11 13:52:09 UTC 2020 /home/travis/build/icyphy/ptII/ptolemy/domains/de/test/auto/Modal2.xml
----------------- Instantiating /home/travis/build/icyphy/ptII/ptolemy/domains/de/test/auto/Modal2.xml
9 ms. Memory: 51200K Free: 16699K (33%)
----------------- Invoking toplevel() on ptolemy.moml.MoMLSimpleApplication@6a692fe5
----------------- Done invoking toplevel() on ptolemy.moml.MoMLSimpleApplication@6a692fe5
reloadAllAccessors: .Modal2

===========================================================================================
----------------- testing Sat Apr 11 13:52:09 UTC 2020 /home/travis/build/icyphy/ptII/ptolemy/domains/de/test/auto/Modal3.xml
----------------- Instantiating /home/travis/build/icyphy/ptII/ptolemy/domains/de/test/auto/Modal3.xml
6 ms. Memory: 51200K Free: 30043K (59%)
----------------- Invoking toplevel() on ptolemy.moml.MoMLSimpleApplication@7665199c
----------------- Done invoking toplevel() on ptolemy.moml.MoMLSimpleApplication@7665199c
reloadAllAccessors: .Modal3

===========================================================================================
----------------- testing Sat Apr 11 13:52:09 UTC 2020 /home/travis/build/icyphy/ptII/ptolemy/domains/de/test/auto/Modal4.xml
----------------- Instantiating /home/travis/build/icyphy/ptII/ptolemy/domains/de/test/auto/Modal4.xml
11 ms. Memory: 51200K Free: 17012K (33%)
----------------- Invoking toplevel() on ptolemy.moml.MoMLSimpleApplication@12beae7e
----------------- Done invoking toplevel() on ptolemy.moml.MoMLSimpleApplication@12beae7e
reloadAllAccessors: .Modal4

===========================================================================================
----------------- testing Sat Apr 11 13:52:09 UTC 2020 /home/travis/build/icyphy/ptII/ptolemy/domains/de/test/auto/Modal5.xml
----------------- Instantiating /home/travis/build/icyphy/ptII/ptolemy/domains/de/test/auto/Modal5.xml
9 ms. Memory: 51200K Free: 29703K (58%)
----------------- Invoking toplevel() on ptolemy.moml.MoMLSimpleApplication@64689c74
----------------- Done invoking toplevel() on ptolemy.moml.MoMLSimpleApplication@64689c74
reloadAllAccessors: .Modal5

===========================================================================================
----------------- testing Sat Apr 11 13:52:09 UTC 2020 /home/travis/build/icyphy/ptII/ptolemy/domains/de/test/auto/Modal6.xml
----------------- Instantiating /home/travis/build/icyphy/ptII/ptolemy/domains/de/test/auto/Modal6.xml
8 ms. Memory: 51200K Free: 17455K (34%)
----------------- Invoking toplevel() on ptolemy.moml.MoMLSimpleApplication@7fafe540
----------------- Done invoking toplevel() on ptolemy.moml.MoMLSimpleApplication@7fafe540
reloadAllAccessors: .Modal6

===========================================================================================
----------------- testing Sat Apr 11 13:52:09 UTC 2020 /home/travis/build/icyphy/ptII/ptolemy/domains/de/test/auto/Modal7.xml
----------------- Instantiating /home/travis/build/icyphy/ptII/ptolemy/domains/de/test/auto/Modal7.xml
9 ms. Memory: 61440K Free: 39778K (65%)
----------------- Invoking toplevel() on ptolemy.moml.MoMLSimpleApplication@57d043ae
----------------- Done invoking toplevel() on ptolemy.moml.MoMLSimpleApplication@57d043ae
reloadAllAccessors: .Modal7

===========================================================================================
----------------- testing Sat Apr 11 13:52:09 UTC 2020 /home/travis/build/icyphy/ptII/ptolemy/domains/de/test/auto/ModalModel.xml
----------------- Instantiating /home/travis/build/icyphy/ptII/ptolemy/domains/de/test/auto/ModalModel.xml
122 ms. Memory: 61440K Free: 36448K (59%)
----------------- Invoking toplevel() on ptolemy.moml.MoMLSimpleApplication@3ef0e748
----------------- Done invoking toplevel() on ptolemy.moml.MoMLSimpleApplication@3ef0e748
reloadAllAccessors: .ModalModel

===========================================================================================
----------------- testing Sat Apr 11 13:52:09 UTC 2020 /home/travis/build/icyphy/ptII/ptolemy/domains/de/test/auto/ModalSource.xml
----------------- Instantiating /home/travis/build/icyphy/ptII/ptolemy/domains/de/test/auto/ModalSource.xml
5 ms. Memory: 61440K Free: 28062K (46%)
----------------- Invoking toplevel() on ptolemy.moml.MoMLSimpleApplication@a336910
----------------- Done invoking toplevel() on ptolemy.moml.MoMLSimpleApplication@a336910
reloadAllAccessors: .ModalSource

===========================================================================================
----------------- testing Sat Apr 11 13:52:09 UTC 2020 /home/travis/build/icyphy/ptII/ptolemy/domains/de/test/auto/NonInterruptibleTimerZeroDelay.xml
----------------- Instantiating /home/travis/build/icyphy/ptII/ptolemy/domains/de/test/auto/NonInterruptibleTimerZeroDelay.xml
1 ms. Memory: 61440K Free: 24239K (39%)
----------------- Invoking toplevel() on ptolemy.moml.MoMLSimpleApplication@7cbb1751
----------------- Done invoking toplevel() on ptolemy.moml.MoMLSimpleApplication@7cbb1751
reloadAllAccessors: .NonInterruptibleTimerZeroDelay

===========================================================================================
----------------- testing Sat Apr 11 13:52:09 UTC 2020 /home/travis/build/icyphy/ptII/ptolemy/domains/de/test/auto/OpenQueueingNetwork.xml
----------------- Instantiating /home/travis/build/icyphy/ptII/ptolemy/domains/de/test/auto/OpenQueueingNetwork.xml
2234 ms. Memory: 142336K Free: 58474K (41%)
----------------- Invoking toplevel() on ptolemy.moml.MoMLSimpleApplication@67b18c67
----------------- Done invoking toplevel() on ptolemy.moml.MoMLSimpleApplication@67b18c67
reloadAllAccessors: .OpenQueueingNetwork

===========================================================================================
----------------- testing Sat Apr 11 13:52:11 UTC 2020 /home/travis/build/icyphy/ptII/ptolemy/domains/de/test/auto/OpenQueuingNetwork.xml
----------------- Instantiating /home/travis/build/icyphy/ptII/ptolemy/domains/de/test/auto/OpenQueuingNetwork.xml
237 ms. Memory: 173056K Free: 91567K (53%)
----------------- Invoking toplevel() on ptolemy.moml.MoMLSimpleApplication@1839f44c
----------------- Done invoking toplevel() on ptolemy.moml.MoMLSimpleApplication@1839f44c
reloadAllAccessors: .OpenQueuingNetwork

===========================================================================================
----------------- testing Sat Apr 11 13:52:11 UTC 2020 /home/travis/build/icyphy/ptII/ptolemy/domains/de/test/auto/PeriodicSampler.xml
----------------- Instantiating /home/travis/build/icyphy/ptII/ptolemy/domains/de/test/auto/PeriodicSampler.xml
1 ms. Memory: 173056K Free: 87471K (51%)
----------------- Invoking toplevel() on ptolemy.moml.MoMLSimpleApplication@3ce973fc
----------------- Done invoking toplevel() on ptolemy.moml.MoMLSimpleApplication@3ce973fc
reloadAllAccessors: .PeriodicSampler

===========================================================================================
----------------- testing Sat Apr 11 13:52:12 UTC 2020 /home/travis/build/icyphy/ptII/ptolemy/domains/de/test/auto/PersistentIO.xml
----------------- Instantiating /home/travis/build/icyphy/ptII/ptolemy/domains/de/test/auto/PersistentIO.xml
14 ms. Memory: 173056K Free: 78255K (45%)
----------------- Invoking toplevel() on ptolemy.moml.MoMLSimpleApplication@4493e6b8
----------------- Done invoking toplevel() on ptolemy.moml.MoMLSimpleApplication@4493e6b8
reloadAllAccessors: .PersistentIO

===========================================================================================
----------------- testing Sat Apr 11 13:52:12 UTC 2020 /home/travis/build/icyphy/ptII/ptolemy/domains/de/test/auto/PortParameterResetOnInitialize.xml
----------------- Instantiating /home/travis/build/icyphy/ptII/ptolemy/domains/de/test/auto/PortParameterResetOnInitialize.xml
2 ms. Memory: 173056K Free: 73639K (43%)
----------------- Invoking toplevel() on ptolemy.moml.MoMLSimpleApplication@733ebaaf
----------------- Done invoking toplevel() on ptolemy.moml.MoMLSimpleApplication@733ebaaf
reloadAllAccessors: .PortParameterResetOnInitialize

===========================================================================================
----------------- testing Sat Apr 11 13:52:12 UTC 2020 /home/travis/build/icyphy/ptII/ptolemy/domains/de/test/auto/PortParameterUpdates.xml
----------------- Instantiating /home/travis/build/icyphy/ptII/ptolemy/domains/de/test/auto/PortParameterUpdates.xml
4 ms. Memory: 173056K Free: 66991K (39%)
----------------- Invoking toplevel() on ptolemy.moml.MoMLSimpleApplication@334ab66b
----------------- Done invoking toplevel() on ptolemy.moml.MoMLSimpleApplication@334ab66b
reloadAllAccessors: .PortParameterUpdates

===========================================================================================
----------------- testing Sat Apr 11 13:52:12 UTC 2020 /home/travis/build/icyphy/ptII/ptolemy/domains/de/test/auto/QueueAndServer.xml
----------------- Instantiating /home/travis/build/icyphy/ptII/ptolemy/domains/de/test/auto/QueueAndServer.xml
4 ms. Memory: 173056K Free: 153837K (89%)
----------------- Invoking toplevel() on ptolemy.moml.MoMLSimpleApplication@54fe33de
----------------- Done invoking toplevel() on ptolemy.moml.MoMLSimpleApplication@54fe33de
reloadAllAccessors: .QueueAndServer

===========================================================================================
----------------- testing Sat Apr 11 13:52:12 UTC 2020 /home/travis/build/icyphy/ptII/ptolemy/domains/de/test/auto/Records.xml
----------------- Instantiating /home/travis/build/icyphy/ptII/ptolemy/domains/de/test/auto/Records.xml
3 ms. Memory: 173056K Free: 148207K (86%)
----------------- Invoking toplevel() on ptolemy.moml.MoMLSimpleApplication@3826b79d
----------------- Done invoking toplevel() on ptolemy.moml.MoMLSimpleApplication@3826b79d
reloadAllAccessors: .Records

===========================================================================================
----------------- testing Sat Apr 11 13:52:12 UTC 2020 /home/travis/build/icyphy/ptII/ptolemy/domains/de/test/auto/ResetTransitionWithStartTime1.xml
----------------- Instantiating /home/travis/build/icyphy/ptII/ptolemy/domains/de/test/auto/ResetTransitionWithStartTime1.xml
5 ms. Memory: 173056K Free: 140015K (81%)
----------------- Invoking toplevel() on ptolemy.moml.MoMLSimpleApplication@7fd5b1c3
----------------- Done invoking toplevel() on ptolemy.moml.MoMLSimpleApplication@7fd5b1c3
reloadAllAccessors: .ResetTransitionWithStartTime1

===========================================================================================
----------------- testing Sat Apr 11 13:52:12 UTC 2020 /home/travis/build/icyphy/ptII/ptolemy/domains/de/test/auto/ResetTransitionWithStartTime2.xml
----------------- Instantiating /home/travis/build/icyphy/ptII/ptolemy/domains/de/test/auto/ResetTransitionWithStartTime2.xml
5 ms. Memory: 173056K Free: 131823K (76%)
----------------- Invoking toplevel() on ptolemy.moml.MoMLSimpleApplication@1195242
----------------- Done invoking toplevel() on ptolemy.moml.MoMLSimpleApplication@1195242
reloadAllAccessors: .ResetTransitionWithStartTime2

===========================================================================================
----------------- testing Sat Apr 11 13:52:12 UTC 2020 /home/travis/build/icyphy/ptII/ptolemy/domains/de/test/auto/ResetTransitionWithStartTime3.xml
----------------- Instantiating /home/travis/build/icyphy/ptII/ptolemy/domains/de/test/auto/ResetTransitionWithStartTime3.xml
3 ms. Memory: 173056K Free: 123631K (71%)
----------------- Invoking toplevel() on ptolemy.moml.MoMLSimpleApplication@222779b
----------------- Done invoking toplevel() on ptolemy.moml.MoMLSimpleApplication@222779b
reloadAllAccessors: .ResetTransitionWithStartTime3

===========================================================================================
----------------- testing Sat Apr 11 13:52:12 UTC 2020 /home/travis/build/icyphy/ptII/ptolemy/domains/de/test/auto/ResetTransitionWithStartTime4.xml
----------------- Instantiating /home/travis/build/icyphy/ptII/ptolemy/domains/de/test/auto/ResetTransitionWithStartTime4.xml
3 ms. Memory: 173056K Free: 115943K (67%)
----------------- Invoking toplevel() on ptolemy.moml.MoMLSimpleApplication@3fc5f5a0
----------------- Done invoking toplevel() on ptolemy.moml.MoMLSimpleApplication@3fc5f5a0
reloadAllAccessors: .ResetTransitionWithStartTime4

===========================================================================================
----------------- testing Sat Apr 11 13:52:12 UTC 2020 /home/travis/build/icyphy/ptII/ptolemy/domains/de/test/auto/ResettableTimer1.xml
----------------- Instantiating /home/travis/build/icyphy/ptII/ptolemy/domains/de/test/auto/ResettableTimer1.xml
2 ms. Memory: 173056K Free: 111839K (65%)
----------------- Invoking toplevel() on ptolemy.moml.MoMLSimpleApplication@d269575
----------------- Done invoking toplevel() on ptolemy.moml.MoMLSimpleApplication@d269575
reloadAllAccessors: .ResettableTimer1

===========================================================================================
----------------- testing Sat Apr 11 13:52:12 UTC 2020 /home/travis/build/icyphy/ptII/ptolemy/domains/de/test/auto/ResettableTimer2.xml
----------------- Instantiating /home/travis/build/icyphy/ptII/ptolemy/domains/de/test/auto/ResettableTimer2.xml
2 ms. Memory: 173056K Free: 107727K (62%)
----------------- Invoking toplevel() on ptolemy.moml.MoMLSimpleApplication@7785068b
----------------- Done invoking toplevel() on ptolemy.moml.MoMLSimpleApplication@7785068b
reloadAllAccessors: .ResettableTimer2

===========================================================================================
----------------- testing Sat Apr 11 13:52:12 UTC 2020 /home/travis/build/icyphy/ptII/ptolemy/domains/de/test/auto/ResettableTimer3.xml
----------------- Instantiating /home/travis/build/icyphy/ptII/ptolemy/domains/de/test/auto/ResettableTimer3.xml
1 ms. Memory: 173056K Free: 103661K (60%)
----------------- Invoking toplevel() on ptolemy.moml.MoMLSimpleApplication@fec6d93
----------------- Done invoking toplevel() on ptolemy.moml.MoMLSimpleApplication@fec6d93
reloadAllAccessors: .ResettableTimer3

===========================================================================================
----------------- testing Sat Apr 11 13:52:12 UTC 2020 /home/travis/build/icyphy/ptII/ptolemy/domains/de/test/auto/ResettableTimer4.xml
----------------- Instantiating /home/travis/build/icyphy/ptII/ptolemy/domains/de/test/auto/ResettableTimer4.xml
1 ms. Memory: 173056K Free: 99565K (58%)
----------------- Invoking toplevel() on ptolemy.moml.MoMLSimpleApplication@7c176a2b
----------------- Done invoking toplevel() on ptolemy.moml.MoMLSimpleApplication@7c176a2b
reloadAllAccessors: .ResettableTimer4

===========================================================================================
----------------- testing Sat Apr 11 13:52:12 UTC 2020 /home/travis/build/icyphy/ptII/ptolemy/domains/de/test/auto/ResettableTimer5.xml
----------------- Instantiating /home/travis/build/icyphy/ptII/ptolemy/domains/de/test/auto/ResettableTimer5.xml
1 ms. Memory: 173056K Free: 95469K (55%)
----------------- Invoking toplevel() on ptolemy.moml.MoMLSimpleApplication@14d9d78a
----------------- Done invoking toplevel() on ptolemy.moml.MoMLSimpleApplication@14d9d78a
reloadAllAccessors: .ResettableTimer5

===========================================================================================
----------------- testing Sat Apr 11 13:52:12 UTC 2020 /home/travis/build/icyphy/ptII/ptolemy/domains/de/test/auto/ResettableTimer6.xml
----------------- Instantiating /home/travis/build/icyphy/ptII/ptolemy/domains/de/test/auto/ResettableTimer6.xml
6 ms. Memory: 173056K Free: 90861K (53%)
----------------- Invoking toplevel() on ptolemy.moml.MoMLSimpleApplication@215576ea
----------------- Done invoking toplevel() on ptolemy.moml.MoMLSimpleApplication@215576ea
reloadAllAccessors: .ResettableTimer6

===========================================================================================
----------------- testing Sat Apr 11 13:52:12 UTC 2020 /home/travis/build/icyphy/ptII/ptolemy/domains/de/test/auto/ServerZeroDelay.xml
----------------- Instantiating /home/travis/build/icyphy/ptII/ptolemy/domains/de/test/auto/ServerZeroDelay.xml
2 ms. Memory: 173056K Free: 86767K (50%)
----------------- Invoking toplevel() on ptolemy.moml.MoMLSimpleApplication@105a5525
----------------- Done invoking toplevel() on ptolemy.moml.MoMLSimpleApplication@105a5525
reloadAllAccessors: .ServerZeroDelay

===========================================================================================
----------------- testing Sat Apr 11 13:52:12 UTC 2020 /home/travis/build/icyphy/ptII/ptolemy/domains/de/test/auto/SmartSender.xml
----------------- Instantiating /home/travis/build/icyphy/ptII/ptolemy/domains/de/test/auto/SmartSender.xml
3000 ms. Memory: 173056K Free: 82671K (48%)
----------------- Invoking toplevel() on ptolemy.moml.MoMLSimpleApplication@963db55
----------------- Done invoking toplevel() on ptolemy.moml.MoMLSimpleApplication@963db55
reloadAllAccessors: .SmartSender

===========================================================================================
----------------- testing Sat Apr 11 13:52:15 UTC 2020 /home/travis/build/icyphy/ptII/ptolemy/domains/de/test/auto/ThreadedComposite.xml
----------------- Instantiating /home/travis/build/icyphy/ptII/ptolemy/domains/de/test/auto/ThreadedComposite.xml
93 ms. Memory: 173056K Free: 62191K (36%)
----------------- Invoking toplevel() on ptolemy.moml.MoMLSimpleApplication@21bddf20
----------------- Done invoking toplevel() on ptolemy.moml.MoMLSimpleApplication@21bddf20
reloadAllAccessors: .ThreadedComposite

===========================================================================================
----------------- testing Sat Apr 11 13:52:15 UTC 2020 /home/travis/build/icyphy/ptII/ptolemy/domains/de/test/auto/Time.xml
----------------- Instantiating /home/travis/build/icyphy/ptII/ptolemy/domains/de/test/auto/Time.xml
351 ms. Memory: 173056K Free: 108461K (63%)
----------------- Invoking toplevel() on ptolemy.moml.MoMLSimpleApplication@4cff393c
----------------- Done invoking toplevel() on ptolemy.moml.MoMLSimpleApplication@4cff393c
reloadAllAccessors: .Time

===========================================================================================
----------------- testing Sat Apr 11 13:52:15 UTC 2020 /home/travis/build/icyphy/ptII/ptolemy/domains/de/test/auto/TimeDelayZeroDelay.xml
----------------- Instantiating /home/travis/build/icyphy/ptII/ptolemy/domains/de/test/auto/TimeDelayZeroDelay.xml
2 ms. Memory: 173056K Free: 103837K (60%)
----------------- Invoking toplevel() on ptolemy.moml.MoMLSimpleApplication@16b4fc69
----------------- Done invoking toplevel() on ptolemy.moml.MoMLSimpleApplication@16b4fc69
reloadAllAccessors: .TimeDelayZeroDelay

===========================================================================================
----------------- testing Sat Apr 11 13:52:15 UTC 2020 /home/travis/build/icyphy/ptII/ptolemy/domains/de/test/auto/TimerZeroDelay.xml
----------------- Instantiating /home/travis/build/icyphy/ptII/ptolemy/domains/de/test/auto/TimerZeroDelay.xml
3 ms. Memory: 173056K Free: 99741K (58%)
----------------- Invoking toplevel() on ptolemy.moml.MoMLSimpleApplication@7fdc5a03
----------------- Done invoking toplevel() on ptolemy.moml.MoMLSimpleApplication@7fdc5a03
reloadAllAccessors: .TimerZeroDelay

===========================================================================================
----------------- testing Sat Apr 11 13:52:15 UTC 2020 /home/travis/build/icyphy/ptII/ptolemy/domains/de/test/auto/TimingParadox.xml
----------------- Instantiating /home/travis/build/icyphy/ptII/ptolemy/domains/de/test/auto/TimingParadox.xml
222 ms. Memory: 173056K Free: 133788K (77%)
----------------- Invoking toplevel() on ptolemy.moml.MoMLSimpleApplication@278b23c5
----------------- Done invoking toplevel() on ptolemy.moml.MoMLSimpleApplication@278b23c5
reloadAllAccessors: .TimingParadox

===========================================================================================
----------------- testing Sat Apr 11 13:52:16 UTC 2020 /home/travis/build/icyphy/ptII/ptolemy/domains/de/test/auto/TransferInputs.xml
----------------- Instantiating /home/travis/build/icyphy/ptII/ptolemy/domains/de/test/auto/TransferInputs.xml
1 ms. Memory: 173056K Free: 128507K (74%)
----------------- Invoking toplevel() on ptolemy.moml.MoMLSimpleApplication@29b75d07
----------------- Done invoking toplevel() on ptolemy.moml.MoMLSimpleApplication@29b75d07
reloadAllAccessors: .TransferInputs

===========================================================================================
----------------- testing Sat Apr 11 13:52:16 UTC 2020 /home/travis/build/icyphy/ptII/ptolemy/domains/de/test/auto/TransferOutputs2.xml
----------------- Instantiating /home/travis/build/icyphy/ptII/ptolemy/domains/de/test/auto/TransferOutputs2.xml
2 ms. Memory: 173056K Free: 120843K (70%)
----------------- Invoking toplevel() on ptolemy.moml.MoMLSimpleApplication@bb1c986
----------------- Done invoking toplevel() on ptolemy.moml.MoMLSimpleApplication@bb1c986
reloadAllAccessors: .TransferOutputs2

===========================================================================================
----------------- testing Sat Apr 11 13:52:16 UTC 2020 /home/travis/build/icyphy/ptII/ptolemy/domains/de/test/auto/Trilateration.xml
----------------- Instantiating /home/travis/build/icyphy/ptII/ptolemy/domains/de/test/auto/Trilateration.xml
9201 ms. Memory: 372736K Free: 160918K (43%)
----------------- Invoking toplevel() on ptolemy.moml.MoMLSimpleApplication@36c4af7a
----------------- Done invoking toplevel() on ptolemy.moml.MoMLSimpleApplication@36c4af7a
reloadAllAccessors: .Trilateration

===========================================================================================
----------------- testing Sat Apr 11 13:52:26 UTC 2020 /home/travis/build/icyphy/ptII/ptolemy/domains/de/test/auto/TwoSigmaDelta.xml
----------------- Instantiating /home/travis/build/icyphy/ptII/ptolemy/domains/de/test/auto/TwoSigmaDelta.xml
1704 ms. Memory: 372736K Free: 181152K (49%)
----------------- Invoking toplevel() on ptolemy.moml.MoMLSimpleApplication@2838954e
----------------- Done invoking toplevel() on ptolemy.moml.MoMLSimpleApplication@2838954e
reloadAllAccessors: .TwoSigmaDelta

===========================================================================================
----------------- testing Sat Apr 11 13:52:27 UTC 2020 /home/travis/build/icyphy/ptII/ptolemy/domains/de/test/auto/VariableDelay.xml
----------------- Instantiating /home/travis/build/icyphy/ptII/ptolemy/domains/de/test/auto/VariableDelay.xml
2 ms. Memory: 372736K Free: 175962K (47%)
----------------- Invoking toplevel() on ptolemy.moml.MoMLSimpleApplication@41ad684f
----------------- Done invoking toplevel() on ptolemy.moml.MoMLSimpleApplication@41ad684f
reloadAllAccessors: .VariableDelay

===========================================================================================
----------------- testing Sat Apr 11 13:52:27 UTC 2020 /home/travis/build/icyphy/ptII/ptolemy/domains/de/test/auto/VariableDelay2.xml
----------------- Instantiating /home/travis/build/icyphy/ptII/ptolemy/domains/de/test/auto/VariableDelay2.xml
1 ms. Memory: 372736K Free: 171370K (46%)
----------------- Invoking toplevel() on ptolemy.moml.MoMLSimpleApplication@29138911
----------------- Done invoking toplevel() on ptolemy.moml.MoMLSimpleApplication@29138911
reloadAllAccessors: .VariableDelay2

===========================================================================================
----------------- testing Sat Apr 11 13:52:27 UTC 2020 /home/travis/build/icyphy/ptII/ptolemy/domains/de/test/auto/VariableDelayZeroDelay.xml
----------------- Instantiating /home/travis/build/icyphy/ptII/ptolemy/domains/de/test/auto/VariableDelayZeroDelay.xml
4 ms. Memory: 372736K Free: 167274K (45%)
----------------- Invoking toplevel() on ptolemy.moml.MoMLSimpleApplication@457c42b1
----------------- Done invoking toplevel() on ptolemy.moml.MoMLSimpleApplication@457c42b1
reloadAllAccessors: .VariableDelayZeroDelay

===========================================================================================
----------------- testing Sat Apr 11 13:52:27 UTC 2020 /home/travis/build/icyphy/ptII/ptolemy/domains/de/test/auto/VariableDelayZeroDelay2.xml
----------------- Instantiating /home/travis/build/icyphy/ptII/ptolemy/domains/de/test/auto/VariableDelayZeroDelay2.xml
1 ms. Memory: 372736K Free: 163178K (44%)
----------------- Invoking toplevel() on ptolemy.moml.MoMLSimpleApplication@79dd229e
----------------- Done invoking toplevel() on ptolemy.moml.MoMLSimpleApplication@79dd229e
reloadAllAccessors: .VariableDelayZeroDelay2

===========================================================================================
----------------- testing Sat Apr 11 13:52:27 UTC 2020 /home/travis/build/icyphy/ptII/ptolemy/domains/de/test/auto/deInCt.xml
----------------- Instantiating /home/travis/build/icyphy/ptII/ptolemy/domains/de/test/auto/deInCt.xml
0
1
1
0
0
0
1
1
1
0
0
0
0
1
1
1
0
0
0
1
1
1
0
0
0
1
1
1
0
0
0
0
0
0
0
1
1
1
6 ms. Memory: 372736K Free: 158058K (42%)
----------------- Invoking toplevel() on ptolemy.moml.MoMLSimpleApplication@6734c0
----------------- Done invoking toplevel() on ptolemy.moml.MoMLSimpleApplication@6734c0
reloadAllAccessors: .deInCt

===========================================================================================
----------------- testing Sat Apr 11 13:52:27 UTC 2020 /home/travis/build/icyphy/ptII/ptolemy/domains/de/test/auto/deInCt2.xml
----------------- Instantiating /home/travis/build/icyphy/ptII/ptolemy/domains/de/test/auto/deInCt2.xml
0
1
1
1
0
0
1
1
1
0
0
1
1
1
0
0
1
1
1
0
0
1
1
1
0
0
1
1
1
0
0
1
1
1
0
0
1
1
1
0
0
0
6 ms. Memory: 372736K Free: 152938K (41%)
----------------- Invoking toplevel() on ptolemy.moml.MoMLSimpleApplication@709e68d5
----------------- Done invoking toplevel() on ptolemy.moml.MoMLSimpleApplication@709e68d5
reloadAllAccessors: .deInCt2

===========================================================================================
----------------- testing Sat Apr 11 13:52:27 UTC 2020 /home/travis/build/icyphy/ptII/ptolemy/domains/de/test/auto/dynamicCausalityInterface1.xml
----------------- Instantiating /home/travis/build/icyphy/ptII/ptolemy/domains/de/test/auto/dynamicCausalityInterface1.xml
0 ms. Memory: 372736K Free: 143722K (39%)
----------------- Invoking toplevel() on ptolemy.moml.MoMLSimpleApplication@2b179b5a
----------------- Done invoking toplevel() on ptolemy.moml.MoMLSimpleApplication@2b179b5a
reloadAllAccessors: .dynamicCausalityInterface1

===========================================================================================
----------------- testing Sat Apr 11 13:52:27 UTC 2020 /home/travis/build/icyphy/ptII/ptolemy/domains/de/test/auto/fsm_de_test.xml
----------------- Instantiating /home/travis/build/icyphy/ptII/ptolemy/domains/de/test/auto/fsm_de_test.xml
5 ms. Memory: 372736K Free: 134506K (36%)
----------------- Invoking toplevel() on ptolemy.moml.MoMLSimpleApplication@2823cb9
----------------- Done invoking toplevel() on ptolemy.moml.MoMLSimpleApplication@2823cb9
reloadAllAccessors: .fsm_de_test

===========================================================================================
----------------- testing Sat Apr 11 13:52:27 UTC 2020 /home/travis/build/icyphy/ptII/ptolemy/domains/de/test/auto/functionDependencyReconstruction.xml
----------------- Instantiating /home/travis/build/icyphy/ptII/ptolemy/domains/de/test/auto/functionDependencyReconstruction.xml
2 ms. Memory: 372736K Free: 341903K (92%)
----------------- Invoking toplevel() on ptolemy.moml.MoMLSimpleApplication@1ebfef08
----------------- Done invoking toplevel() on ptolemy.moml.MoMLSimpleApplication@1ebfef08
reloadAllAccessors: .functionDependencyReconstruction

===========================================================================================
----------------- testing Sat Apr 11 13:52:27 UTC 2020 /home/travis/build/icyphy/ptII/ptolemy/domains/de/test/auto/multirate.xml
----------------- Instantiating /home/travis/build/icyphy/ptII/ptolemy/domains/de/test/auto/multirate.xml
3 ms. Memory: 372736K Free: 335279K (90%)
----------------- Invoking toplevel() on ptolemy.moml.MoMLSimpleApplication@710dfce4
----------------- Done invoking toplevel() on ptolemy.moml.MoMLSimpleApplication@710dfce4
reloadAllAccessors: .multirate

===========================================================================================
----------------- testing Sat Apr 11 13:52:27 UTC 2020 /home/travis/build/icyphy/ptII/ptolemy/domains/de/test/auto/multirate2.xml
----------------- Instantiating /home/travis/build/icyphy/ptII/ptolemy/domains/de/test/auto/multirate2.xml
3 ms. Memory: 372736K Free: 328607K (88%)
----------------- Invoking toplevel() on ptolemy.moml.MoMLSimpleApplication@43811301
----------------- Done invoking toplevel() on ptolemy.moml.MoMLSimpleApplication@43811301
reloadAllAccessors: .multirate2

===========================================================================================
----------------- testing Sat Apr 11 13:52:27 UTC 2020 /home/travis/build/icyphy/ptII/ptolemy/domains/de/test/auto/realtime.xml
----------------- Instantiating /home/travis/build/icyphy/ptII/ptolemy/domains/de/test/auto/realtime.xml
10001 ms. Memory: 372736K Free: 324013K (87%)
----------------- Invoking toplevel() on ptolemy.moml.MoMLSimpleApplication@47a190d
----------------- Done invoking toplevel() on ptolemy.moml.MoMLSimpleApplication@47a190d
reloadAllAccessors: .realtime

===========================================================================================
----------------- testing Sat Apr 11 13:52:37 UTC 2020 /home/travis/build/icyphy/ptII/ptolemy/domains/de/test/auto/relationGroup.xml
----------------- Instantiating /home/travis/build/icyphy/ptII/ptolemy/domains/de/test/auto/relationGroup.xml
1 ms. Memory: 372736K Free: 320429K (86%)
----------------- Invoking toplevel() on ptolemy.moml.MoMLSimpleApplication@18b520f7
----------------- Done invoking toplevel() on ptolemy.moml.MoMLSimpleApplication@18b520f7
reloadAllAccessors: .relationGroup

===========================================================================================
----------------- testing Sat Apr 11 13:52:37 UTC 2020 /home/travis/build/icyphy/ptII/ptolemy/domains/de/test/auto/relationGroup2.xml
----------------- Instantiating /home/travis/build/icyphy/ptII/ptolemy/domains/de/test/auto/relationGroup2.xml
2 ms. Memory: 372736K Free: 316847K (85%)
----------------- Invoking toplevel() on ptolemy.moml.MoMLSimpleApplication@46e3cdab
----------------- Done invoking toplevel() on ptolemy.moml.MoMLSimpleApplication@46e3cdab
reloadAllAccessors: .relationGroup2

===========================================================================================
----------------- testing Sat Apr 11 13:52:37 UTC 2020 /home/travis/build/icyphy/ptII/ptolemy/domains/de/test/auto/sortWithOpaquePorts.xml
----------------- Instantiating /home/travis/build/icyphy/ptII/ptolemy/domains/de/test/auto/sortWithOpaquePorts.xml
1 ms. Memory: 372736K Free: 312207K (84%)
----------------- Invoking toplevel() on ptolemy.moml.MoMLSimpleApplication@6382c5f8
----------------- Done invoking toplevel() on ptolemy.moml.MoMLSimpleApplication@6382c5f8
reloadAllAccessors: .sortWithOpaquePorts

===========================================================================================
----------------- testing Sat Apr 11 13:52:37 UTC 2020 /home/travis/build/icyphy/ptII/ptolemy/domains/de/test/auto/transferInputsandOutputs.xml
----------------- Instantiating /home/travis/build/icyphy/ptII/ptolemy/domains/de/test/auto/transferInputsandOutputs.xml
2 ms. Memory: 372736K Free: 305069K (82%)
----------------- Invoking toplevel() on ptolemy.moml.MoMLSimpleApplication@74257817
----------------- Done invoking toplevel() on ptolemy.moml.MoMLSimpleApplication@74257817
reloadAllAccessors: .transferInputsandOutputs

===========================================================================================
----------------- testing Sat Apr 11 13:52:37 UTC 2020 /home/travis/build/icyphy/ptII/ptolemy/domains/de/test/auto/triggerType.xml
----------------- Instantiating /home/travis/build/icyphy/ptII/ptolemy/domains/de/test/auto/triggerType.xml
1 ms. Memory: 372736K Free: 300943K (81%)
----------------- Invoking toplevel() on ptolemy.moml.MoMLSimpleApplication@67b092c9
----------------- Done invoking toplevel() on ptolemy.moml.MoMLSimpleApplication@67b092c9
reloadAllAccessors: .triggerType
AutoTests.java: About to close Vertx.
AutoTests.java: Vertx closed.
]]></system-out>
  <system-err><![CDATA[java.lang.RuntimeException: Execution failed
	at ptolemy.moml.MoMLSimpleApplication$UnloadThread.run(MoMLSimpleApplication.java:402)
Caused by: ptolemy.kernel.util.IllegalActionException: Found a zero delay loop containing .dependencyLoop.original
  in .dependencyLoop and .dependencyLoop.original
	at ptolemy.actor.util.CausalityInterfaceForComposites._computeOutputPortDepth(CausalityInterfaceForComposites.java:759)
	at ptolemy.actor.util.CausalityInterfaceForComposites._computeInputDepth(CausalityInterfaceForComposites.java:696)
	at ptolemy.actor.util.CausalityInterfaceForComposites._computeOutputPortDepth(CausalityInterfaceForComposites.java:765)
	at ptolemy.actor.util.CausalityInterfaceForComposites._computeInputDepth(CausalityInterfaceForComposites.java:696)
	at ptolemy.actor.util.CausalityInterfaceForComposites._computeOutputPortDepth(CausalityInterfaceForComposites.java:765)
	at ptolemy.actor.util.CausalityInterfaceForComposites._computeInputDepth(CausalityInterfaceForComposites.java:696)
	at ptolemy.actor.util.CausalityInterfaceForComposites._computeActorDepth(CausalityInterfaceForComposites.java:532)
	at ptolemy.actor.util.CausalityInterfaceForComposites.checkForCycles(CausalityInterfaceForComposites.java:96)
	at ptolemy.domains.de.kernel.DEDirector.preinitialize(DEDirector.java:1338)
	at ptolemy.actor.CompositeActor.preinitialize(CompositeActor.java:1828)
	at ptolemy.actor.Manager.preinitializeAndResolveTypes(Manager.java:1040)
	at ptolemy.actor.Manager.initialize(Manager.java:710)
	at ptolemy.actor.Manager.execute(Manager.java:356)
	at ptolemy.actor.Manager.run(Manager.java:1263)
	at ptolemy.actor.Manager$PtolemyRunThread.run(Manager.java:1933)
java.lang.RuntimeException: Execution failed
	at ptolemy.moml.MoMLSimpleApplication$UnloadThread.run(MoMLSimpleApplication.java:402)
Caused by: ptolemy.kernel.util.IllegalActionException: Found a zero delay loop containing .dependencyLoop2.original
  in .dependencyLoop2 and .dependencyLoop2.original
	at ptolemy.actor.util.CausalityInterfaceForComposites._computeOutputPortDepth(CausalityInterfaceForComposites.java:759)
	at ptolemy.actor.util.CausalityInterfaceForComposites._computeInputDepth(CausalityInterfaceForComposites.java:696)
	at ptolemy.actor.util.CausalityInterfaceForComposites._computeOutputPortDepth(CausalityInterfaceForComposites.java:765)
	at ptolemy.actor.util.CausalityInterfaceForComposites._computeInputDepth(CausalityInterfaceForComposites.java:696)
	at ptolemy.actor.util.CausalityInterfaceForComposites._computeOutputPortDepth(CausalityInterfaceForComposites.java:765)
	at ptolemy.actor.util.CausalityInterfaceForComposites._computeInputDepth(CausalityInterfaceForComposites.java:696)
	at ptolemy.actor.util.CausalityInterfaceForComposites._computeActorDepth(CausalityInterfaceForComposites.java:532)
	at ptolemy.actor.util.CausalityInterfaceForComposites.checkForCycles(CausalityInterfaceForComposites.java:96)
	at ptolemy.domains.de.kernel.DEDirector.preinitialize(DEDirector.java:1338)
	at ptolemy.actor.CompositeActor.preinitialize(CompositeActor.java:1828)
	at ptolemy.actor.Manager.preinitializeAndResolveTypes(Manager.java:1040)
	at ptolemy.actor.Manager.initialize(Manager.java:710)
	at ptolemy.actor.Manager.execute(Manager.java:356)
	at ptolemy.actor.Manager.run(Manager.java:1263)
	at ptolemy.actor.Manager$PtolemyRunThread.run(Manager.java:1933)
java.lang.RuntimeException: Execution failed
	at ptolemy.moml.MoMLSimpleApplication$UnloadThread.run(MoMLSimpleApplication.java:402)
Caused by: ptolemy.kernel.util.IllegalActionException: Test fails in iteration 1.
Value was: 1.0. Should have been: 2.0
  in .DirectFeedback.Test
	at ptolemy.actor.lib.Test.fire(Test.java:268)
	at ptolemy.domains.de.kernel.DEDirector._fire(DEDirector.java:1949)
	at ptolemy.domains.de.kernel.DEDirector.fire(DEDirector.java:502)
	at ptolemy.actor.CompositeActor.fire(CompositeActor.java:455)
	at ptolemy.actor.Manager.iterate(Manager.java:851)
	at ptolemy.actor.Manager.execute(Manager.java:369)
	at ptolemy.actor.Manager.run(Manager.java:1263)
	at ptolemy.actor.Manager$PtolemyRunThread.run(Manager.java:1933)
java.lang.RuntimeException: Execution failed
	at ptolemy.moml.MoMLSimpleApplication$UnloadThread.run(MoMLSimpleApplication.java:402)
Caused by: ptolemy.kernel.util.IllegalActionException: Found a zero delay loop containing .dependencyLoop.original
  in .dependencyLoop and .dependencyLoop.original
	at ptolemy.actor.util.CausalityInterfaceForComposites._computeOutputPortDepth(CausalityInterfaceForComposites.java:759)
	at ptolemy.actor.util.CausalityInterfaceForComposites._computeInputDepth(CausalityInterfaceForComposites.java:696)
	at ptolemy.actor.util.CausalityInterfaceForComposites._computeOutputPortDepth(CausalityInterfaceForComposites.java:765)
	at ptolemy.actor.util.CausalityInterfaceForComposites._computeInputDepth(CausalityInterfaceForComposites.java:696)
	at ptolemy.actor.util.CausalityInterfaceForComposites._computeOutputPortDepth(CausalityInterfaceForComposites.java:765)
	at ptolemy.actor.util.CausalityInterfaceForComposites._computeInputDepth(CausalityInterfaceForComposites.java:696)
	at ptolemy.actor.util.CausalityInterfaceForComposites._computeActorDepth(CausalityInterfaceForComposites.java:532)
	at ptolemy.actor.util.CausalityInterfaceForComposites.checkForCycles(CausalityInterfaceForComposites.java:96)
	at ptolemy.domains.de.kernel.DEDirector.preinitialize(DEDirector.java:1338)
	at ptolemy.actor.CompositeActor.preinitialize(CompositeActor.java:1828)
	at ptolemy.actor.Manager.preinitializeAndResolveTypes(Manager.java:1040)
	at ptolemy.actor.Manager.initialize(Manager.java:710)
	at ptolemy.actor.Manager.execute(Manager.java:356)
	at ptolemy.actor.Manager.run(Manager.java:1263)
	at ptolemy.actor.Manager$PtolemyRunThread.run(Manager.java:1933)
java.lang.RuntimeException: Execution failed
	at ptolemy.moml.MoMLSimpleApplication$UnloadThread.run(MoMLSimpleApplication.java:402)
Caused by: ptolemy.kernel.util.IllegalActionException: Found a zero delay loop containing .HierarchicalModel.A
  in .HierarchicalModel and .HierarchicalModel.A
	at ptolemy.actor.util.CausalityInterfaceForComposites._computeOutputPortDepth(CausalityInterfaceForComposites.java:759)
	at ptolemy.actor.util.CausalityInterfaceForComposites._computeInputDepth(CausalityInterfaceForComposites.java:696)
	at ptolemy.actor.util.CausalityInterfaceForComposites._computeOutputPortDepth(CausalityInterfaceForComposites.java:765)
	at ptolemy.actor.util.CausalityInterfaceForComposites._computeInputDepth(CausalityInterfaceForComposites.java:696)
	at ptolemy.actor.util.CausalityInterfaceForComposites._computeOutputPortDepth(CausalityInterfaceForComposites.java:765)
	at ptolemy.actor.util.CausalityInterfaceForComposites._computeInputDepth(CausalityInterfaceForComposites.java:696)
	at ptolemy.actor.util.CausalityInterfaceForComposites._computeActorDepth(CausalityInterfaceForComposites.java:532)
	at ptolemy.actor.util.CausalityInterfaceForComposites.checkForCycles(CausalityInterfaceForComposites.java:96)
	at ptolemy.domains.de.kernel.DEDirector.preinitialize(DEDirector.java:1338)
	at ptolemy.actor.CompositeActor.preinitialize(CompositeActor.java:1828)
	at ptolemy.actor.Manager.preinitializeAndResolveTypes(Manager.java:1040)
	at ptolemy.actor.Manager.initialize(Manager.java:710)
	at ptolemy.actor.Manager.execute(Manager.java:356)
	at ptolemy.actor.Manager.run(Manager.java:1263)
	at ptolemy.actor.Manager$PtolemyRunThread.run(Manager.java:1933)
java.lang.RuntimeException: Execution failed
	at ptolemy.moml.MoMLSimpleApplication$UnloadThread.run(MoMLSimpleApplication.java:402)
Caused by: ptolemy.kernel.util.IllegalActionException: Found a zero delay loop containing .dependencyLoop2.original
  in .dependencyLoop2 and .dependencyLoop2.original
	at ptolemy.actor.util.CausalityInterfaceForComposites._computeOutputPortDepth(CausalityInterfaceForComposites.java:759)
	at ptolemy.actor.util.CausalityInterfaceForComposites._computeInputDepth(CausalityInterfaceForComposites.java:696)
	at ptolemy.actor.util.CausalityInterfaceForComposites._computeOutputPortDepth(CausalityInterfaceForComposites.java:765)
	at ptolemy.actor.util.CausalityInterfaceForComposites._computeInputDepth(CausalityInterfaceForComposites.java:696)
	at ptolemy.actor.util.CausalityInterfaceForComposites._computeOutputPortDepth(CausalityInterfaceForComposites.java:765)
	at ptolemy.actor.util.CausalityInterfaceForComposites._computeInputDepth(CausalityInterfaceForComposites.java:696)
	at ptolemy.actor.util.CausalityInterfaceForComposites._computeActorDepth(CausalityInterfaceForComposites.java:532)
	at ptolemy.actor.util.CausalityInterfaceForComposites.checkForCycles(CausalityInterfaceForComposites.java:96)
	at ptolemy.domains.de.kernel.DEDirector.preinitialize(DEDirector.java:1338)
	at ptolemy.actor.CompositeActor.preinitialize(CompositeActor.java:1828)
	at ptolemy.actor.Manager.preinitializeAndResolveTypes(Manager.java:1040)
	at ptolemy.actor.Manager.initialize(Manager.java:710)
	at ptolemy.actor.Manager.execute(Manager.java:356)
	at ptolemy.actor.Manager.run(Manager.java:1263)
	at ptolemy.actor.Manager$PtolemyRunThread.run(Manager.java:1933)
java.lang.RuntimeException: Execution failed
	at ptolemy.moml.MoMLSimpleApplication$UnloadThread.run(MoMLSimpleApplication.java:402)
Caused by: ptolemy.kernel.util.IllegalActionException: Actor is not ready to fire.  Perhaps UpSample.prefire() returned false? Try debugging the actor by selecting "Listen to Actor".  Also, for SDF check moml for tokenConsumptionRate on input.
  in .DESDFClockTest.Play Bell.Copy1:SDF Director and .DESDFClockTest.Play Bell.UpSample
	at ptolemy.actor.sched.StaticSchedulingDirector.fire(StaticSchedulingDirector.java:227)
	at ptolemy.domains.sdf.kernel.SDFDirector.fire(SDFDirector.java:500)
	at ptolemy.actor.CompositeActor.fire(CompositeActor.java:455)
	at ptolemy.domains.de.kernel.DEDirector._fire(DEDirector.java:1949)
	at ptolemy.domains.de.kernel.DEDirector.fire(DEDirector.java:502)
	at ptolemy.actor.CompositeActor.fire(CompositeActor.java:455)
	at ptolemy.actor.Manager.iterate(Manager.java:851)
	at ptolemy.actor.Manager.execute(Manager.java:369)
	at ptolemy.actor.Manager.run(Manager.java:1263)
	at ptolemy.actor.Manager$PtolemyRunThread.run(Manager.java:1933)
java.lang.RuntimeException: Execution failed
	at ptolemy.moml.MoMLSimpleApplication$UnloadThread.run(MoMLSimpleApplication.java:402)
Caused by: ptolemy.kernel.util.IllegalActionException: Actor is not ready to fire.  Perhaps UpSample.prefire() returned false? Try debugging the actor by selecting "Listen to Actor".  Also, for SDF check moml for tokenConsumptionRate on input.
  in .DESDFClockTest.Play Bell.Copy1:SDF Director and .DESDFClockTest.Play Bell.UpSample
	at ptolemy.actor.sched.StaticSchedulingDirector.fire(StaticSchedulingDirector.java:227)
	at ptolemy.domains.sdf.kernel.SDFDirector.fire(SDFDirector.java:500)
	at ptolemy.actor.CompositeActor.fire(CompositeActor.java:455)
	at ptolemy.domains.de.kernel.DEDirector._fire(DEDirector.java:1949)
	at ptolemy.domains.de.kernel.DEDirector.fire(DEDirector.java:502)
	at ptolemy.actor.CompositeActor.fire(CompositeActor.java:455)
	at ptolemy.actor.Manager.iterate(Manager.java:851)
	at ptolemy.actor.Manager.execute(Manager.java:369)
	at ptolemy.actor.Manager.run(Manager.java:1263)
	at ptolemy.actor.Manager$PtolemyRunThread.run(Manager.java:1933)
java.lang.reflect.InvocationTargetException
	at java.base/jdk.internal.reflect.NativeConstructorAccessorImpl.newInstance0(Native Method)
	at java.base/jdk.internal.reflect.NativeConstructorAccessorImpl.newInstance(NativeConstructorAccessorImpl.java:62)
	at java.base/jdk.internal.reflect.DelegatingConstructorAccessorImpl.newInstance(DelegatingConstructorAccessorImpl.java:45)
	at java.base/java.lang.reflect.Constructor.newInstance(Constructor.java:490)
	at ptolemy.util.test.junit.AutoKnownFailedTests.RunModel(AutoKnownFailedTests.java:105)
	at java.base/jdk.internal.reflect.NativeMethodAccessorImpl.invoke0(Native Method)
	at java.base/jdk.internal.reflect.NativeMethodAccessorImpl.invoke(NativeMethodAccessorImpl.java:62)
	at java.base/jdk.internal.reflect.DelegatingMethodAccessorImpl.invoke(DelegatingMethodAccessorImpl.java:43)
	at java.base/java.lang.reflect.Method.invoke(Method.java:566)
	at org.junit.runners.model.FrameworkMethod$1.runReflectiveCall(FrameworkMethod.java:44)
	at org.junit.internal.runners.model.ReflectiveCallable.run(ReflectiveCallable.java:15)
	at org.junit.runners.model.FrameworkMethod.invokeExplosively(FrameworkMethod.java:41)
	at junitparams.internal.InvokeParameterisedMethod.evaluate(InvokeParameterisedMethod.java:102)
	at org.junit.internal.runners.statements.FailOnTimeout$1.run(FailOnTimeout.java:28)
Caused by: ptolemy.kernel.util.IllegalActionException: Actor is not ready to fire.  Perhaps UpSample.prefire() returned false? Try debugging the actor by selecting "Listen to Actor".  Also, for SDF check moml for tokenConsumptionRate on input.
  in .DESDFClockTest.Play Bell.Copy1:SDF Director and .DESDFClockTest.Play Bell.UpSample
	at ptolemy.actor.sched.StaticSchedulingDirector.fire(StaticSchedulingDirector.java:227)
	at ptolemy.domains.sdf.kernel.SDFDirector.fire(SDFDirector.java:500)
	at ptolemy.actor.CompositeActor.fire(CompositeActor.java:455)
	at ptolemy.domains.de.kernel.DEDirector._fire(DEDirector.java:1949)
	at ptolemy.domains.de.kernel.DEDirector.fire(DEDirector.java:502)
	at ptolemy.actor.CompositeActor.fire(CompositeActor.java:455)
	at ptolemy.actor.Manager.iterate(Manager.java:851)
	at ptolemy.actor.Manager.execute(Manager.java:369)
	at ptolemy.actor.Manager.run(Manager.java:1263)
	at ptolemy.actor.Manager$PtolemyRunThread.run(Manager.java:1933)
java.lang.RuntimeException: Execution failed
	at ptolemy.moml.MoMLSimpleApplication$UnloadThread.run(MoMLSimpleApplication.java:402)
Caused by: ptolemy.kernel.util.IllegalActionException: Test fails in iteration 1.
Value was: 1.0. Should have been: 2.0
  in .DirectFeedback.Test
	at ptolemy.actor.lib.Test.fire(Test.java:268)
	at ptolemy.domains.de.kernel.DEDirector._fire(DEDirector.java:1949)
	at ptolemy.domains.de.kernel.DEDirector.fire(DEDirector.java:502)
	at ptolemy.actor.CompositeActor.fire(CompositeActor.java:455)
	at ptolemy.actor.Manager.iterate(Manager.java:851)
	at ptolemy.actor.Manager.execute(Manager.java:369)
	at ptolemy.actor.Manager.run(Manager.java:1263)
	at ptolemy.actor.Manager$PtolemyRunThread.run(Manager.java:1933)
java.lang.reflect.InvocationTargetException
	at java.base/jdk.internal.reflect.NativeConstructorAccessorImpl.newInstance0(Native Method)
	at java.base/jdk.internal.reflect.NativeConstructorAccessorImpl.newInstance(NativeConstructorAccessorImpl.java:62)
	at java.base/jdk.internal.reflect.DelegatingConstructorAccessorImpl.newInstance(DelegatingConstructorAccessorImpl.java:45)
	at java.base/java.lang.reflect.Constructor.newInstance(Constructor.java:490)
	at ptolemy.util.test.junit.AutoKnownFailedTests.RunModel(AutoKnownFailedTests.java:105)
	at java.base/jdk.internal.reflect.NativeMethodAccessorImpl.invoke0(Native Method)
	at java.base/jdk.internal.reflect.NativeMethodAccessorImpl.invoke(NativeMethodAccessorImpl.java:62)
	at java.base/jdk.internal.reflect.DelegatingMethodAccessorImpl.invoke(DelegatingMethodAccessorImpl.java:43)
	at java.base/java.lang.reflect.Method.invoke(Method.java:566)
	at org.junit.runners.model.FrameworkMethod$1.runReflectiveCall(FrameworkMethod.java:44)
	at org.junit.internal.runners.model.ReflectiveCallable.run(ReflectiveCallable.java:15)
	at org.junit.runners.model.FrameworkMethod.invokeExplosively(FrameworkMethod.java:41)
	at junitparams.internal.InvokeParameterisedMethod.evaluate(InvokeParameterisedMethod.java:102)
	at org.junit.internal.runners.statements.FailOnTimeout$1.run(FailOnTimeout.java:28)
Caused by: ptolemy.kernel.util.IllegalActionException: Test fails in iteration 1.
Value was: 1.0. Should have been: 2.0
  in .DirectFeedback.Test
	at ptolemy.actor.lib.Test.fire(Test.java:268)
	at ptolemy.domains.de.kernel.DEDirector._fire(DEDirector.java:1949)
	at ptolemy.domains.de.kernel.DEDirector.fire(DEDirector.java:502)
	at ptolemy.actor.CompositeActor.fire(CompositeActor.java:455)
	at ptolemy.actor.Manager.iterate(Manager.java:851)
	at ptolemy.actor.Manager.execute(Manager.java:369)
	at ptolemy.actor.Manager.run(Manager.java:1263)
	at ptolemy.actor.Manager$PtolemyRunThread.run(Manager.java:1933)
java.lang.RuntimeException: Execution failed
	at ptolemy.moml.MoMLSimpleApplication$UnloadThread.run(MoMLSimpleApplication.java:402)
Caused by: ptolemy.kernel.util.IllegalActionException: Found a zero delay loop containing .HierarchicalModel.A
  in .HierarchicalModel and .HierarchicalModel.A
	at ptolemy.actor.util.CausalityInterfaceForComposites._computeOutputPortDepth(CausalityInterfaceForComposites.java:759)
	at ptolemy.actor.util.CausalityInterfaceForComposites._computeInputDepth(CausalityInterfaceForComposites.java:696)
	at ptolemy.actor.util.CausalityInterfaceForComposites._computeOutputPortDepth(CausalityInterfaceForComposites.java:765)
	at ptolemy.actor.util.CausalityInterfaceForComposites._computeInputDepth(CausalityInterfaceForComposites.java:696)
	at ptolemy.actor.util.CausalityInterfaceForComposites._computeOutputPortDepth(CausalityInterfaceForComposites.java:765)
	at ptolemy.actor.util.CausalityInterfaceForComposites._computeInputDepth(CausalityInterfaceForComposites.java:696)
	at ptolemy.actor.util.CausalityInterfaceForComposites._computeActorDepth(CausalityInterfaceForComposites.java:532)
	at ptolemy.actor.util.CausalityInterfaceForComposites.checkForCycles(CausalityInterfaceForComposites.java:96)
	at ptolemy.domains.de.kernel.DEDirector.preinitialize(DEDirector.java:1338)
	at ptolemy.actor.CompositeActor.preinitialize(CompositeActor.java:1828)
	at ptolemy.actor.Manager.preinitializeAndResolveTypes(Manager.java:1040)
	at ptolemy.actor.Manager.initialize(Manager.java:710)
	at ptolemy.actor.Manager.execute(Manager.java:356)
	at ptolemy.actor.Manager.run(Manager.java:1263)
	at ptolemy.actor.Manager$PtolemyRunThread.run(Manager.java:1933)
java.lang.reflect.InvocationTargetException
	at java.base/jdk.internal.reflect.NativeConstructorAccessorImpl.newInstance0(Native Method)
	at java.base/jdk.internal.reflect.NativeConstructorAccessorImpl.newInstance(NativeConstructorAccessorImpl.java:62)
	at java.base/jdk.internal.reflect.DelegatingConstructorAccessorImpl.newInstance(DelegatingConstructorAccessorImpl.java:45)
	at java.base/java.lang.reflect.Constructor.newInstance(Constructor.java:490)
	at ptolemy.util.test.junit.AutoKnownFailedTests.RunModel(AutoKnownFailedTests.java:105)
	at java.base/jdk.internal.reflect.NativeMethodAccessorImpl.invoke0(Native Method)
	at java.base/jdk.internal.reflect.NativeMethodAccessorImpl.invoke(NativeMethodAccessorImpl.java:62)
	at java.base/jdk.internal.reflect.DelegatingMethodAccessorImpl.invoke(DelegatingMethodAccessorImpl.java:43)
	at java.base/java.lang.reflect.Method.invoke(Method.java:566)
	at org.junit.runners.model.FrameworkMethod$1.runReflectiveCall(FrameworkMethod.java:44)
	at org.junit.internal.runners.model.ReflectiveCallable.run(ReflectiveCallable.java:15)
	at org.junit.runners.model.FrameworkMethod.invokeExplosively(FrameworkMethod.java:41)
	at junitparams.internal.InvokeParameterisedMethod.evaluate(InvokeParameterisedMethod.java:102)
	at org.junit.internal.runners.statements.FailOnTimeout$1.run(FailOnTimeout.java:28)
Caused by: ptolemy.kernel.util.IllegalActionException: Found a zero delay loop containing .HierarchicalModel.A
  in .HierarchicalModel and .HierarchicalModel.A
	at ptolemy.actor.util.CausalityInterfaceForComposites._computeOutputPortDepth(CausalityInterfaceForComposites.java:759)
	at ptolemy.actor.util.CausalityInterfaceForComposites._computeInputDepth(CausalityInterfaceForComposites.java:696)
	at ptolemy.actor.util.CausalityInterfaceForComposites._computeOutputPortDepth(CausalityInterfaceForComposites.java:765)
	at ptolemy.actor.util.CausalityInterfaceForComposites._computeInputDepth(CausalityInterfaceForComposites.java:696)
	at ptolemy.actor.util.CausalityInterfaceForComposites._computeOutputPortDepth(CausalityInterfaceForComposites.java:765)
	at ptolemy.actor.util.CausalityInterfaceForComposites._computeInputDepth(CausalityInterfaceForComposites.java:696)
	at ptolemy.actor.util.CausalityInterfaceForComposites._computeActorDepth(CausalityInterfaceForComposites.java:532)
	at ptolemy.actor.util.CausalityInterfaceForComposites.checkForCycles(CausalityInterfaceForComposites.java:96)
	at ptolemy.domains.de.kernel.DEDirector.preinitialize(DEDirector.java:1338)
	at ptolemy.actor.CompositeActor.preinitialize(CompositeActor.java:1828)
	at ptolemy.actor.Manager.preinitializeAndResolveTypes(Manager.java:1040)
	at ptolemy.actor.Manager.initialize(Manager.java:710)
	at ptolemy.actor.Manager.execute(Manager.java:356)
	at ptolemy.actor.Manager.run(Manager.java:1263)
	at ptolemy.actor.Manager$PtolemyRunThread.run(Manager.java:1933)
java.lang.RuntimeException: Execution failed
	at ptolemy.moml.MoMLSimpleApplication$UnloadThread.run(MoMLSimpleApplication.java:402)
Caused by: ptolemy.kernel.util.IllegalActionException: Found a zero delay loop containing .dependencyLoop.original
  in .dependencyLoop and .dependencyLoop.original
	at ptolemy.actor.util.CausalityInterfaceForComposites._computeOutputPortDepth(CausalityInterfaceForComposites.java:759)
	at ptolemy.actor.util.CausalityInterfaceForComposites._computeInputDepth(CausalityInterfaceForComposites.java:696)
	at ptolemy.actor.util.CausalityInterfaceForComposites._computeOutputPortDepth(CausalityInterfaceForComposites.java:765)
	at ptolemy.actor.util.CausalityInterfaceForComposites._computeInputDepth(CausalityInterfaceForComposites.java:696)
	at ptolemy.actor.util.CausalityInterfaceForComposites._computeOutputPortDepth(CausalityInterfaceForComposites.java:765)
	at ptolemy.actor.util.CausalityInterfaceForComposites._computeInputDepth(CausalityInterfaceForComposites.java:696)
	at ptolemy.actor.util.CausalityInterfaceForComposites._computeActorDepth(CausalityInterfaceForComposites.java:532)
	at ptolemy.actor.util.CausalityInterfaceForComposites.checkForCycles(CausalityInterfaceForComposites.java:96)
	at ptolemy.domains.de.kernel.DEDirector.preinitialize(DEDirector.java:1338)
	at ptolemy.actor.CompositeActor.preinitialize(CompositeActor.java:1828)
	at ptolemy.actor.Manager.preinitializeAndResolveTypes(Manager.java:1040)
	at ptolemy.actor.Manager.initialize(Manager.java:710)
	at ptolemy.actor.Manager.execute(Manager.java:356)
	at ptolemy.actor.Manager.run(Manager.java:1263)
	at ptolemy.actor.Manager$PtolemyRunThread.run(Manager.java:1933)
java.lang.reflect.InvocationTargetException
	at java.base/jdk.internal.reflect.NativeConstructorAccessorImpl.newInstance0(Native Method)
	at java.base/jdk.internal.reflect.NativeConstructorAccessorImpl.newInstance(NativeConstructorAccessorImpl.java:62)
	at java.base/jdk.internal.reflect.DelegatingConstructorAccessorImpl.newInstance(DelegatingConstructorAccessorImpl.java:45)
	at java.base/java.lang.reflect.Constructor.newInstance(Constructor.java:490)
	at ptolemy.util.test.junit.AutoKnownFailedTests.RunModel(AutoKnownFailedTests.java:105)
	at java.base/jdk.internal.reflect.NativeMethodAccessorImpl.invoke0(Native Method)
	at java.base/jdk.internal.reflect.NativeMethodAccessorImpl.invoke(NativeMethodAccessorImpl.java:62)
	at java.base/jdk.internal.reflect.DelegatingMethodAccessorImpl.invoke(DelegatingMethodAccessorImpl.java:43)
	at java.base/java.lang.reflect.Method.invoke(Method.java:566)
	at org.junit.runners.model.FrameworkMethod$1.runReflectiveCall(FrameworkMethod.java:44)
	at org.junit.internal.runners.model.ReflectiveCallable.run(ReflectiveCallable.java:15)
	at org.junit.runners.model.FrameworkMethod.invokeExplosively(FrameworkMethod.java:41)
	at junitparams.internal.InvokeParameterisedMethod.evaluate(InvokeParameterisedMethod.java:102)
	at org.junit.internal.runners.statements.FailOnTimeout$1.run(FailOnTimeout.java:28)
Caused by: ptolemy.kernel.util.IllegalActionException: Found a zero delay loop containing .dependencyLoop.original
  in .dependencyLoop and .dependencyLoop.original
	at ptolemy.actor.util.CausalityInterfaceForComposites._computeOutputPortDepth(CausalityInterfaceForComposites.java:759)
	at ptolemy.actor.util.CausalityInterfaceForComposites._computeInputDepth(CausalityInterfaceForComposites.java:696)
	at ptolemy.actor.util.CausalityInterfaceForComposites._computeOutputPortDepth(CausalityInterfaceForComposites.java:765)
	at ptolemy.actor.util.CausalityInterfaceForComposites._computeInputDepth(CausalityInterfaceForComposites.java:696)
	at ptolemy.actor.util.CausalityInterfaceForComposites._computeOutputPortDepth(CausalityInterfaceForComposites.java:765)
	at ptolemy.actor.util.CausalityInterfaceForComposites._computeInputDepth(CausalityInterfaceForComposites.java:696)
	at ptolemy.actor.util.CausalityInterfaceForComposites._computeActorDepth(CausalityInterfaceForComposites.java:532)
	at ptolemy.actor.util.CausalityInterfaceForComposites.checkForCycles(CausalityInterfaceForComposites.java:96)
	at ptolemy.domains.de.kernel.DEDirector.preinitialize(DEDirector.java:1338)
	at ptolemy.actor.CompositeActor.preinitialize(CompositeActor.java:1828)
	at ptolemy.actor.Manager.preinitializeAndResolveTypes(Manager.java:1040)
	at ptolemy.actor.Manager.initialize(Manager.java:710)
	at ptolemy.actor.Manager.execute(Manager.java:356)
	at ptolemy.actor.Manager.run(Manager.java:1263)
	at ptolemy.actor.Manager$PtolemyRunThread.run(Manager.java:1933)
java.lang.RuntimeException: Execution failed
	at ptolemy.moml.MoMLSimpleApplication$UnloadThread.run(MoMLSimpleApplication.java:402)
Caused by: ptolemy.kernel.util.IllegalActionException: Found a zero delay loop containing .dependencyLoop2.original
  in .dependencyLoop2 and .dependencyLoop2.original
	at ptolemy.actor.util.CausalityInterfaceForComposites._computeOutputPortDepth(CausalityInterfaceForComposites.java:759)
	at ptolemy.actor.util.CausalityInterfaceForComposites._computeInputDepth(CausalityInterfaceForComposites.java:696)
	at ptolemy.actor.util.CausalityInterfaceForComposites._computeOutputPortDepth(CausalityInterfaceForComposites.java:765)
	at ptolemy.actor.util.CausalityInterfaceForComposites._computeInputDepth(CausalityInterfaceForComposites.java:696)
	at ptolemy.actor.util.CausalityInterfaceForComposites._computeOutputPortDepth(CausalityInterfaceForComposites.java:765)
	at ptolemy.actor.util.CausalityInterfaceForComposites._computeInputDepth(CausalityInterfaceForComposites.java:696)
	at ptolemy.actor.util.CausalityInterfaceForComposites._computeActorDepth(CausalityInterfaceForComposites.java:532)
	at ptolemy.actor.util.CausalityInterfaceForComposites.checkForCycles(CausalityInterfaceForComposites.java:96)
	at ptolemy.domains.de.kernel.DEDirector.preinitialize(DEDirector.java:1338)
	at ptolemy.actor.CompositeActor.preinitialize(CompositeActor.java:1828)
	at ptolemy.actor.Manager.preinitializeAndResolveTypes(Manager.java:1040)
	at ptolemy.actor.Manager.initialize(Manager.java:710)
	at ptolemy.actor.Manager.execute(Manager.java:356)
	at ptolemy.actor.Manager.run(Manager.java:1263)
	at ptolemy.actor.Manager$PtolemyRunThread.run(Manager.java:1933)
java.lang.reflect.InvocationTargetException
	at java.base/jdk.internal.reflect.NativeConstructorAccessorImpl.newInstance0(Native Method)
	at java.base/jdk.internal.reflect.NativeConstructorAccessorImpl.newInstance(NativeConstructorAccessorImpl.java:62)
	at java.base/jdk.internal.reflect.DelegatingConstructorAccessorImpl.newInstance(DelegatingConstructorAccessorImpl.java:45)
	at java.base/java.lang.reflect.Constructor.newInstance(Constructor.java:490)
	at ptolemy.util.test.junit.AutoKnownFailedTests.RunModel(AutoKnownFailedTests.java:105)
	at java.base/jdk.internal.reflect.NativeMethodAccessorImpl.invoke0(Native Method)
	at java.base/jdk.internal.reflect.NativeMethodAccessorImpl.invoke(NativeMethodAccessorImpl.java:62)
	at java.base/jdk.internal.reflect.DelegatingMethodAccessorImpl.invoke(DelegatingMethodAccessorImpl.java:43)
	at java.base/java.lang.reflect.Method.invoke(Method.java:566)
	at org.junit.runners.model.FrameworkMethod$1.runReflectiveCall(FrameworkMethod.java:44)
	at org.junit.internal.runners.model.ReflectiveCallable.run(ReflectiveCallable.java:15)
	at org.junit.runners.model.FrameworkMethod.invokeExplosively(FrameworkMethod.java:41)
	at junitparams.internal.InvokeParameterisedMethod.evaluate(InvokeParameterisedMethod.java:102)
	at org.junit.internal.runners.statements.FailOnTimeout$1.run(FailOnTimeout.java:28)
Caused by: ptolemy.kernel.util.IllegalActionException: Found a zero delay loop containing .dependencyLoop2.original
  in .dependencyLoop2 and .dependencyLoop2.original
	at ptolemy.actor.util.CausalityInterfaceForComposites._computeOutputPortDepth(CausalityInterfaceForComposites.java:759)
	at ptolemy.actor.util.CausalityInterfaceForComposites._computeInputDepth(CausalityInterfaceForComposites.java:696)
	at ptolemy.actor.util.CausalityInterfaceForComposites._computeOutputPortDepth(CausalityInterfaceForComposites.java:765)
	at ptolemy.actor.util.CausalityInterfaceForComposites._computeInputDepth(CausalityInterfaceForComposites.java:696)
	at ptolemy.actor.util.CausalityInterfaceForComposites._computeOutputPortDepth(CausalityInterfaceForComposites.java:765)
	at ptolemy.actor.util.CausalityInterfaceForComposites._computeInputDepth(CausalityInterfaceForComposites.java:696)
	at ptolemy.actor.util.CausalityInterfaceForComposites._computeActorDepth(CausalityInterfaceForComposites.java:532)
	at ptolemy.actor.util.CausalityInterfaceForComposites.checkForCycles(CausalityInterfaceForComposites.java:96)
	at ptolemy.domains.de.kernel.DEDirector.preinitialize(DEDirector.java:1338)
	at ptolemy.actor.CompositeActor.preinitialize(CompositeActor.java:1828)
	at ptolemy.actor.Manager.preinitializeAndResolveTypes(Manager.java:1040)
	at ptolemy.actor.Manager.initialize(Manager.java:710)
	at ptolemy.actor.Manager.execute(Manager.java:356)
	at ptolemy.actor.Manager.run(Manager.java:1263)
	at ptolemy.actor.Manager$PtolemyRunThread.run(Manager.java:1933)
]]></system-err>
</testsuite>
