<?xml version="1.0" encoding="UTF-8" ?>
<testsuite errors="0" failures="0" hostname="travis-job-7f4a1dcc-a4b5-48f6-9ba4-6098267aa8a6" name="ptolemy.domains.de.test.junit.JUnitTclTest" skipped="0" tests="101" time="137.73" timestamp="2019-08-28T05:29:13">
  <properties>
    <property name="npm.executable" value="npm" />
    <property name="env.TRAVIS_ROOT" value="/" />
    <property name="ptII.mk.exists" value="true" />
    <property name="env.TRAVIS_APP_HOST" value="build.travis-ci.org" />
    <property name="env.rvm_bin_path" value="/home/travis/.rvm/bin" />
    <property name="java.home" value="/usr/local/lib/jvm/openjdk11" />
    <property name="env.TRAVIS_JOB_NUMBER" value="1310.9" />
    <property name="env.TRAVIS_HOME" value="/home/travis" />
    <property name="env.DISPLAY" value=":99.0" />
    <property name="env.TRAVIS_INIT" value="systemd" />
    <property name="env.SSH_TTY" value="/dev/pts/0" />
    <property name="java.net.preferIPv4Stack" value="true" />
    <property name="env.RUN_TESTS" value="true" />
    <property name="timeout.short" value="1000000" />
    <property name="junit.formatter" value="xml" />
    <property name="env.TRAVIS_SUDO" value="true" />
    <property name="env.TRAVIS_JOB_NAME" value="" />
    <property name="env.TRAVIS_STACK_NODE_ATTRIBUTES" value="/.node-attributes.yml" />
    <property name="env.LOGNAME" value="travis" />
    <property name="jsdoc.home" value="node_modules/@terraswarm/jsdoc" />
    <property name="debuglevel" value="source,lines,vars" />
    <property name="checkstyle.formatter" value="xml" />
    <property name="env._system_version" value="16.04" />
    <property name="bin.vergil.makeable" value="true" />
    <property name="sun.os.patch.level" value="unknown" />
    <property name="java.vendor.url" value="http://java.oracle.com/" />
    <property name="env.TRAVIS_BUILD_WEB_URL" value="https://travis-ci.org/icyphy/ptII/builds/577678225" />
    <property name="java.version" value="11.0.2" />
    <property name="env.TZ" value="UTC" />
    <property name="env.TRAVIS_PULL_REQUEST_SHA" value="" />
    <property name="env.PT_NO_NET" value="true" />
    <property name="env.TRAVIS_SECURE_ENV_VARS" value="true" />
    <property name="env._system_type" value="Linux" />
    <property name="java.vendor.url.bug" value="http://bugreport.java.com/bugreport/" />
    <property name="npmjs-org-is-up" value="true" />
    <property name="env.LANGUAGE" value="en_US.UTF-8" />
    <property name="env.SSH_CLIENT" value="10.16.1.17 44054 22" />
    <property name="env.GEM_HOME" value="/home/travis/.rvm/gems/ruby-2.5.3" />
    <property name="env.HAS_ANTARES_THREE_LITTLE_FRONZIES_BADGE" value="true" />
    <property name="java.version.date" value="2019-01-15" />
    <property name="env.PS4" value="+" />
    <property name="ant.project.invoked-targets" value="build,test.core2.xml" />
    <property name="env.TRAVIS_PULL_REQUEST_BRANCH" value="" />
    <property name="env.TRAVIS_REPO_SLUG" value="icyphy/ptII" />
    <property name="env.XDG_DATA_DIRS" value="/usr/local/share:/usr/share:/var/lib/snapd/desktop" />
    <property name="jdk.debug" value="release" />
    <property name="env.TRAVIS_APT_PROXY" value="http://apt.cache.travis-ci.com" />
    <property name="node.in.path" value="true" />
    <property name="user.name" value="travis" />
    <property name="java.maxmemory" value="1400m" />
    <property name="env.RUBY_VERSION" value="ruby-2.5.3" />
    <property name="env.LANG" value="en_US.UTF-8" />
    <property name="sun.io.unicode.encoding" value="UnicodeLittle" />
    <property name="sun.jnu.encoding" value="UTF-8" />
    <property name="java.runtime.name" value="OpenJDK Runtime Environment" />
    <property name="usefile" value="false" />
    <property name="return.code" value="0" />
    <property name="junit.single.formatter" value="plain" />
    <property name="env.DYLD_LIBRARY_PATH" value="/home/travis/pthla/certi-tools/lib:" />
    <property name="env.DEBIAN_FRONTEND" value="noninteractive" />
    <property name="env.SSH_CONNECTION" value="10.16.1.17 44054 10.20.0.160 22" />
    <property name="env.MYSQL_UNIX_PORT" value="/var/run/mysqld/mysqld.sock" />
    <property name="env.LC_ALL" value="en_US.UTF-8" />
    <property name="env.TRAVIS_ALLOW_FAILURE" value="false" />
    <property name="env.TRAVIS_JOB_WEB_URL" value="https://travis-ci.org/icyphy/ptII/jobs/577678234" />
    <property name="java.specification.name" value="Java Platform API Specification" />
    <property name="node.works" value="true" />
    <property name="user.timezone" value="" />
    <property name="path.separator" value=":" />
    <property name="env.TRAVIS_ENABLE_INFRA_DETECTION" value="true" />
    <property name="env.PYTHON_CFLAGS" value="-g -fstack-protector --param=ssp-buffer-size=4 -Wformat -Werror=format-security" />
    <property name="timeout.long" value="4000000" />
    <property name="env.CERTI_HOME" value="/home/travis/pthla/certi-tools" />
    <property name="ant.file.ptII" value="/home/travis/build/icyphy/ptII/build.xml" />
    <property name="javadoc.packagenames" value="com.*,diva.*,lbnl.*,org.hlacerti.*,org.json.*,org.ptolemy.*,org.terraswarm.*,ptolemy.*,ptserver.*" />
    <property name="file.encoding" value="UTF-8" />
    <property name="env.TRAVIS_PULL_REQUEST_SLUG" value="" />
    <property name="ant.project.default-target" value="build" />
    <property name="env.GIT_ASKPASS" value="echo" />
    <property name="env.HOME" value="/home/travis" />
    <property name="sun.java.command" value="org.apache.tools.ant.taskdefs.optional.junit.JUnitTestRunner ptolemy.domains.de.test.junit.JUnitTclTest skipNonTests=false filtertrace=true haltOnError=false haltOnFailure=false formatter=org.apache.tools.ant.taskdefs.optional.junit.OutErrSummaryJUnitResultFormatter showoutput=true outputtoformatters=true logfailedtests=true threadid=0 logtestlistenerevents=false formatter=org.apache.tools.ant.taskdefs.optional.junit.XMLJUnitResultFormatter,/home/travis/build/icyphy/ptII/reports/junit/TEST-ptolemy.domains.de.test.junit.JUnitTclTest.xml crashfile=/home/travis/build/icyphy/ptII/junitvmwatcher9272540541749005320.properties propsfile=/home/travis/build/icyphy/ptII/junit11362033324187825661.properties" />
    <property name="env.COMPOSER_NO_INTERACTION" value="1" />
    <property name="env.MANPATH" value="/home/travis/.nvm/versions/node/v7.10.1/share/man:/home/travis/.rvm/rubies/ruby-2.5.3/share/man:/usr/local/cmake-3.12.4/man:/usr/local/clang-7.0.0/share/man:/usr/local/man:/usr/local/share/man:/usr/share/man:/home/travis/.rvm/man" />
    <property name="env.TRAVIS_TIMER_ID" value="0146ebd6" />
    <property name="ant.file" value="/home/travis/build/icyphy/ptII/build.xml" />
    <property name="env.TRAVIS_COMMIT_RANGE" value="42e172ae347fdc5d0e580488fa33ff6bc00cac99...f9c12c6b2ccbd758ceec4e9ffc44e2f31da246f0" />
    <property name="env._system_name" value="Ubuntu" />
    <property name="ptII.classpath.optional.property" value="/home/travis/build/icyphy/ptII/lib/bsh-2.0b4.jar:/home/travis/build/icyphy/ptII/lib/ptCal.jar:/home/travis/build/icyphy/ptII/lib/java_cup.jar:/home/travis/build/icyphy/ptII/lib/saxon8.jar:/home/travis/build/icyphy/ptII/lib/saxon8-dom.jar:/home/travis/build/icyphy/ptII/lib/chic.jar:/home/travis/build/icyphy/ptII/lib/ptcolt.jar:/home/travis/build/icyphy/ptII/vendors/misc/itext/iText.jar:/home/travis/build/icyphy/ptII/lib/g4ltl.jar:/home/travis/build/icyphy/ptII/lib/StructuralCoder.jar:/home/travis/build/icyphy/ptII/lib/jcerti.jar:/home/travis/build/icyphy/ptII/lib/javax.mail.jar:/home/travis/build/icyphy/ptII/vendors/JMF-2.1.1e/lib/jmf.jar:/home/travis/build/icyphy/ptII/lib/jna-4.0.0-variadic.jar:/home/travis/build/icyphy/ptII/vendors/misc/joystick/Joystick.jar:/home/travis/build/icyphy/ptII/lib/ptjacl.jar:/home/travis/build/icyphy/ptII/lib/jsoup-1.8.2.jar:/home/travis/build/icyphy/ptII/lib/junit-4.8.2.jar:/home/travis/build/icyphy/ptII/lib/JUnitParams-0.4.0.jar:/home/travis/build/icyphy/ptII/ptolemy/actor/lib/excel/jxl.jar:/home/travis/build/icyphy/ptII/lib/jython.jar:/home/travis/build/icyphy/ptII/lib/kieler.jar:/home/travis/build/icyphy/ptII/vendors/opencv/share/OpenCV/java/opencv-341.jar:/home/travis/build/icyphy/ptII/lib/oscP5.jar:/home/travis/build/icyphy/ptII/lib/nrjavaserial-3.11.0.devel.jar:/home/travis/build/icyphy/ptII/vendors/j3d/lib/Linux/j3dcore.jar:/home/travis/build/icyphy/ptII/vendors/j3d/lib/Linux/j3dutils.jar:/home/travis/build/icyphy/ptII/vendors/j3d/lib/Linux/vecmath.jar:/home/travis/build/icyphy/ptII/vendors/jogl/lib/Linux/gluegen-rt-natives-linux-amd64.jar:/home/travis/build/icyphy/ptII/vendors/jogl/lib/Linux/gluegen-rt.jar:/home/travis/build/icyphy/ptII/vendors/jogl/lib/Linux/jogl-all-natives-linux-amd64.jar:/home/travis/build/icyphy/ptII/vendors/jogl/lib/Linux/jogl-all.jar:/home/travis/build/icyphy/ptII/ptolemy/distributed/jini/jar/jini-core.jar:/home/travis/build/icyphy/ptII/ptolemy/distributed/jini/jar/jini-ext.jar:/home/travis/build/icyphy/ptII/ptolemy/distributed/jini/jar/sun-util.jar:/home/travis/build/icyphy/ptII/lib/protobuf-java-2.4.1.jar:/home/travis/build/icyphy/ptII/lib/org.eclipse.paho.client.mqttv3.jar:/home/travis/build/icyphy/ptII/lib/mapss.jar:/home/travis/build/icyphy/ptII/ptolemy/actor/ptalon/antlr/antlr.jar:/home/travis/build/icyphy/ptII/lib/JRI.jar:/home/travis/build/icyphy/ptII/lib/commons-lang-2.6.jar:/home/travis/build/icyphy/ptII/lib/commons-logging-1.1.1.jar:/home/travis/build/icyphy/ptII/lib/sootclasses.jar:/home/travis/build/icyphy/ptII/ptolemy/actor/lib/database/mysql-connector-java-5.1.6-bin.jar:/home/travis/build/icyphy/ptII/vendors/misc/sphinx4/sphinx4-data-5prealpha.jar:/home/travis/build/icyphy/ptII/vendors/misc/sphinx4/sphinx4-core-5prealpha.jar:/home/travis/build/icyphy/ptII/lib/PDFRenderer.jar:/home/travis/build/icyphy/ptII/lib/svgSalamander.jar:/home/travis/build/icyphy/ptII/lib/rsyntaxtextarea-2.6.0-SNAPSHOT.jar:/home/travis/build/icyphy/ptII/lib/hazelcast-3.8.2.jar:/home/travis/build/icyphy/ptII/lib/jackson-annotations-2.9.0.jar:/home/travis/build/icyphy/ptII/lib/jackson-core-2.9.3.jar:/home/travis/build/icyphy/ptII/lib/jackson-databind-2.9.3.jar:/home/travis/build/icyphy/ptII/lib/netty-buffer-4.1.19.Final.jar:/home/travis/build/icyphy/ptII/lib/netty-codec-4.1.19.Final.jar:/home/travis/build/icyphy/ptII/lib/netty-codec-dns-4.1.19.Final.jar:/home/travis/build/icyphy/ptII/lib/netty-codec-http-4.1.19.Final.jar:/home/travis/build/icyphy/ptII/lib/netty-codec-http2-4.1.19.Final.jar:/home/travis/build/icyphy/ptII/lib/netty-common-4.1.19.Final.jar:/home/travis/build/icyphy/ptII/lib/netty-handler-4.1.19.Final.jar:/home/travis/build/icyphy/ptII/lib/netty-resolver-4.1.19.Final.jar:/home/travis/build/icyphy/ptII/lib/netty-resolver-dns-4.1.19.Final.jar:/home/travis/build/icyphy/ptII/lib/netty-transport-4.1.19.Final.jar:/home/travis/build/icyphy/ptII/lib/vertx-codegen-3.5.1.jar:/home/travis/build/icyphy/ptII/lib/vertx-core-3.5.2-SNAPSHOT.jar:/home/travis/build/icyphy/ptII/lib/vertx-hazelcast-3.5.1.jar:/home/travis/build/icyphy/ptII/lib/vertx-lang-js-3.5.1.jar:/home/travis/build/icyphy/ptII/lib/vertx-service-proxy-3.5.1.jar:/home/travis/build/icyphy/ptII/lib/vertx-web-3.5.1.jar:/home/travis/build/icyphy/ptII/lib/slf4j-api-1.7.13.jar:/home/travis/build/icyphy/ptII/lib/slf4j-simple-1.7.13.jar:/home/travis/build/icyphy/ptII/lib/webcam-capture-0.3.12.jar:/home/travis/build/icyphy/ptII/lib/bridj-0.7.0.jar:/home/travis/build/icyphy/ptII/lib/xbjlib-1.1.0.nrjavaserial.jar" />
    <property name="timeout" value="2400000" />
    <property name="test.batch" value="**/junit/*.java" />
    <property name="env._" value="/usr/bin/timeout" />
    <property name="java.io.tmpdir" value="/tmp" />
    <property name="user.language" value="en" />
    <property name="env.TRAVIS_INTERNAL_RUBY_REGEX" value="^ruby-(2\.[0-4]\.[0-9]|1\.9\.3)" />
    <property name="env.HISTCONTROL" value="ignoredups:ignorespace" />
    <property name="env.GOROOT" value="/home/travis/.gimme/versions/go1.11.1.linux.amd64" />
    <property name="line.separator" value="&#xa;" />
    <property name="target" value="11" />
    <property name="env.TRAVIS_BUILD_DIR" value="/home/travis/build/icyphy/ptII" />
    <property name="env.ANT_OPTS" value="-Xmx2048m" />
    <property name="ant.file.type" value="file" />
    <property name="ptolemy.ptII.batchMode" value="true" />
    <property name="env.HISTSIZE" value="1000" />
    <property name="env.MERB_ENV" value="test" />
    <property name="java.vm.info" value="mixed mode" />
    <property name="source" value="11" />
    <property name="java.vm.specification.name" value="Java Virtual Machine Specification" />
    <property name="env.TRAVIS_TEST_RESULT" value="0" />
    <property name="jsdoc.command" value="node_modules/@terraswarm/jsdoc/jsdoc.js" />
    <property name="npm.works" value="true" />
    <property name="cobertura.dir" value="/home/travis/build/icyphy/ptII/vendors/cobertura-2.0.3" />
    <property name="jsdoc.command.exists" value="true" />
    <property name="env.rvm_path" value="/home/travis/.rvm" />
    <property name="env.GEM_PATH" value="/home/travis/.rvm/gems/ruby-2.5.3:/home/travis/.rvm/gems/ruby-2.5.3@global" />
    <property name="env.LC_CTYPE" value="en_US.UTF-8" />
    <property name="env.TRAVIS_CMD" value="$PTII/bin/ptIITravisBuild.sh $SECONDS" />
    <property name="java.awt.printerjob" value="sun.print.PSPrinterJob" />
    <property name="env.TRAVIS_STACK_NAME" value="sardonyx" />
    <property name="env.TRAVIS_TIMER_START_TIME" value="1566969905207619901" />
    <property name="ant.version" value="Apache Ant(TM) version 1.10.1 compiled on February 2 2017" />
    <property name="ptII.reports" value="/home/travis/build/icyphy/ptII/reports" />
    <property name="env.TRAVIS_STACK_TIMESTAMP" value="2019-03-25 16:16:56 UTC" />
    <property name="ant.file.type.ptII" value="file" />
    <property name="env.RBENV_SHELL" value="bash" />
    <property name="os.name" value="Linux" />
    <property name="java.specification.vendor" value="Oracle Corporation" />
    <property name="env.rvm_version" value="1.29.7 (latest)" />
    <property name="env.TRAVIS_INFRA" value="gce" />
    <property name="env.TERM" value="xterm" />
    <property name="java.vm.name" value="OpenJDK 64-Bit Server VM" />
    <property name="env.TRAVIS_BUILD_NUMBER" value="1310" />
    <property name="env.CI" value="true" />
    <property name="java.library.path" value="/home/travis/pthla/certi-tools/lib:/usr/lib/jni:/usr/local/share/OpenCV/java/:/usr/share/OpenCV/java::/usr/java/packages/lib:/usr/lib64:/lib64:/lib:/usr/lib" />
    <property name="jdk.module.path" value="/home/travis/build/icyphy/ptII/vendors/javafx/javafx-sdk-11.0.2/lib:" />
    <property name="env.rvm_prefix" value="/home/travis" />
    <property name="env.PATH" value="/home/travis/pthla/certi-tools/share/scripts:/home/travis/.rvm/gems/ruby-2.5.3/bin:/home/travis/.rvm/gems/ruby-2.5.3@global/bin:/home/travis/.rvm/rubies/ruby-2.5.3/bin:/home/travis/.rvm/bin:/home/travis/.nvm/versions/node/v7.10.1/bin:./node_modules/.bin:/home/travis/build/icyphy/ptII/bin:/home/travis/pthla/certi-tools/bin:/home/travis/bin:/home/travis/.local/bin:/usr/local/lib/jvm/openjdk11/bin:/opt/pyenv/shims:/home/travis/.phpenv/shims:/home/travis/perl5/perlbrew/bin:/home/travis/gopath/bin:/home/travis/.gimme/versions/go1.11.1.linux.amd64/bin:/usr/local/maven-3.6.0/bin:/usr/local/cmake-3.12.4/bin:/usr/local/clang-7.0.0/bin:/usr/local/sbin:/usr/local/bin:/usr/sbin:/usr/bin:/sbin:/bin:/snap/bin:/home/travis/.phpenv/bin:/opt/pyenv/bin:/home/travis/.yarn/bin" />
    <property name="env.TRAVIS_OS_NAME" value="linux" />
    <property name="ant.java.version" value="9" />
    <property name="basedir" value="/home/travis/build/icyphy/ptII" />
    <property name="java.class.version" value="55.0" />
    <property name="env.SHLVL" value="3" />
    <property name="env.LD_LIBRARY_PATH" value="/home/travis/pthla/certi-tools/lib:/usr/lib/jni:/usr/local/share/OpenCV/java/:/usr/share/OpenCV/java:" />
    <property name="env.RACK_ENV" value="test" />
    <property name="ant.home" value="/home/travis/build/icyphy/ptII/ant" />
    <property name="env.NVM_DIR" value="/home/travis/.nvm" />
    <property name="env.CERTI_FOM_PATH" value="/home/travis/pthla/certi-tools/share/federations" />
    <property name="env.TRAVIS_BUILD_ID" value="577678225" />
    <property name="env.PYENV_ROOT" value="/opt/pyenv" />
    <property name="env.TRAVIS_UID" value="2000" />
    <property name="prism.verbose" value="true" />
    <property name="env.NVM_BIN" value="/home/travis/.nvm/versions/node/v7.10.1/bin" />
    <property name="env.TRAVIS_COMMIT" value="f9c12c6b2ccbd758ceec4e9ffc44e2f31da246f0" />
    <property name="env._system_arch" value="x86_64" />
    <property name="node.executable" value="node" />
    <property name="sun.boot.library.path" value="/usr/local/lib/jvm/openjdk11/lib" />
    <property name="sun.management.compiler" value="HotSpot 64-Bit Tiered Compilers" />
    <property name="java.awt.graphicsenv" value="sun.awt.X11GraphicsEnvironment" />
    <property name="env.GOPATH" value="/home/travis/gopath" />
    <property name="ptolemy.ptII.dir" value="/home/travis/build/icyphy/ptII" />
    <property name="env.USER" value="travis" />
    <property name="env.HISTFILESIZE" value="2000" />
    <property name="timeout.longest" value="19000000" />
    <property name="env.PERLBREW_SHELLRC_VERSION" value="0.86" />
    <property name="env.TRAVIS_STACK_FEATURES" value="basic couchdb disabled-ipv6 docker docker-compose elasticsearch firefox go-toolchain google-chrome jdk memcached mongodb mysql nodejs_interpreter perl_interpreter perlbrew phantomjs postgresql python_interpreter redis ruby_interpreter sqlite xserver" />
    <property name="env.TRAVIS_PULL_REQUEST" value="false" />
    <property name="env.PYENV_SHELL" value="bash" />
    <property name="ant.project.name" value="ptII" />
    <property name="env.ANSI_RESET" value="\033[0m" />
    <property name="java.vm.specification.version" value="11" />
    <property name="env.TRAVIS_DIST" value="xenial" />
    <property name="env.CERTI_VERSION" value="4.0.0" />
    <property name="env.CERTI_HOST" value="localhost" />
    <property name="awt.toolkit" value="sun.awt.X11.XToolkit" />
    <property name="env.MY_RUBY_HOME" value="/home/travis/.rvm/rubies/ruby-2.5.3" />
    <property name="sun.cpu.isalist" value="" />
    <property name="env.TRAVIS_TMPDIR" value="/tmp/tmp.5xyq1m1Piu" />
    <property name="java.vm.compressedOopsMode" value="Zero based" />
    <property name="os.version" value="4.15.0-1028-gcp" />
    <property name="user.home" value="/home/travis" />
    <property name="java.vm.vendor" value="Oracle Corporation" />
    <property name="env.TRAVIS_TAG" value="nightly" />
    <property name="env.ANSI_YELLOW" value="\033[33;1m" />
    <property name="env.TRAVIS_FILTERED" value="redirect_io" />
    <property name="env.ANSI_GREEN" value="\033[32;1m" />
    <property name="env.JAVA_HOME" value="/usr/local/lib/jvm/openjdk11" />
    <property name="javadoc.excludepackagenames" value="adm.cvs2svn.*,build.*,config.*,doc.coding.templates.*,jni.test.jni.meaningOfLife.*,jni.test.jni.testDeux.*,jni.test.jni.testTrois.*,org.terraswarm.accessor.accessors.web.node_modules.*,org.terraswarm.accessor.accessors.web.hosts.cordova.demo.*,org.terraswarm.accessor.accessors.web.hosts.cordova.plugins.*,org.terraswarm.accessor.accessors-svn.*,pt-modules.*,ptolemy.apps.agilent.*,ptolemy.apps.anytimecontrol.*,ptolemy.apps.apes.*,ptolemy.apps.charon.*,ptolemy.apps.crazyboard.*,ptolemy.apps.eclipse.*,ptolemy.apps.etherealSting.*,ptolemy.apps.fullscreen.*,ptolemy.apps.giotto.*,ptolemy.apps.ia.*,ptolemy.apps.interfaces.*,ptolemy.apps.jmf.*,ptolemy.apps.kurt.*,ptolemy.apps.kvm.*,ptolemy.apps.lego.*,ptolemy.apps.lejos.*,ptolemy.apps.midp.*,ptolemy.apps.mobileCoding.*,ptolemy.apps.pendulum.*,ptolemy.apps.rijndael.*,ptolemy.apps.robot.*,ptolemy.apps.security.*,ptolemy.apps.sobel.*,ptolemy.apps.soot.*,ptolemy.apps.throttle.*,ptolemy.apps.tini.*,ptolemy.apps.transmission.*,ptolemy.apps.vergil.*,ptolemy.apps.waba.*,ptolemy.apps.websensor.*,ptolemy.apps.webstart.*,ptolemy.apps.xsl.*,ptolemy.apps.zaurus.*,ptolemy.codegen.c.actor.lib.oldJavaFiles.*,ptolemy.codegen.dsp.lib.*,ptolemy.codegen.kernel.newInterfaces.*,ptolemy.codegen.lib.*,ptolemy.copernicus.kernel.fragment.*,ptolemy.copernicus.shallow.cg.*,ptolemy.domains.giotto.demo.Hierarchy.Hierarchy.*,ptolemy.domains.giotto.demo.Multimode.Multimode.*,ptolemy.domains.giotto.demo.Simple.Simple.*,ptolemy.domains.gr.lib.experimental.*,ptolemy.domains.gro.*,ptolemy.domains.pdf.*,ptolemy.domains.ptinyos.demo.Surge.output.*,ptolemy.moml.test.NoPackageActor.java*,ptolemy.plot.adm.*,ptolemy.plot.servlet.*,reports.*,signed.*,src.*,target.*,vendors.*,ptolemy.copernicus.applet.*,ptolemy.media.viewer.*,ptolemy.actor.corba.*,doc.doclets.*,ptolemy.apps.eclipse.awt.*,ptolemy.backtrack.*,ptolemy.backtrack.ast.*,ptolemy.cg.adapter.generic.program.procedural.c.mbed*,ptolemy.homer.*,ptolemy.actor.lib.jai.*,org.ptolemy.scala.*,diva.util.java2d.svg.*,ptolemy.domains.ptinyos.*,ptolemy.actor.lib.fmi.fmipp.*,,org.terraswarm.accessor.accessors.web.node_modules.*,org.terraswarm.accessor.accessors-svn,ptolemy.apps.*,ptolemy.actor.ptalon.demo.ptinyos.SendAndReceiveCnt.output,ptolemy.actor.ptalon.demo.ptinyos.SenseToLeds.output,ptolemy.domains.ptinyos.demo.CntToLedsAndRfm.output,ptolemy.domains.ptinyos.demo.RfmToLeds.output,ptolemy.domains.ptinyos.demo.SendAndReceiveCnt.output,ptolemy.domains.ptinyos.demo.SenseToLeds.output,ptolemy.actor.lib.jjs.modules.udpSocket.*" />
    <property name="env.PTII" value="/home/travis/build/icyphy/ptII" />
    <property name="env.XDG_SESSION_ID" value="2" />
    <property name="keystore" value="ptKeystore" />
    <property name="env.TRAVIS_COMMIT_MESSAGE" value="Removed mention of svn." />
    <property name="junit.output.dir" value="/home/travis/build/icyphy/ptII/reports/junit" />
    <property name="npm.return.code" value="0" />
    <property name="user.dir" value="/home/travis/build/icyphy/ptII/ptolemy/domains/de/test" />
    <property name="env.TRAVIS_NODE_VERSION" value="7" />
    <property name="env.TRAVIS_EVENT_TYPE" value="cron" />
    <property name="env.MAIL" value="/var/mail/travis" />
    <property name="env.PERLBREW_ROOT" value="/home/travis/perl5/perlbrew" />
    <property name="env.PWD" value="/home/travis/build/icyphy/ptII" />
    <property name="timeout.npm" value="45000" />
    <property name="env.PT_TRAVIS_TEST_CORE2_XML" value="true" />
    <property name="env.TRAVIS_ARCH" value="amd64" />
    <property name="sun.cpu.endian" value="little" />
    <property name="env.PAGER" value="cat" />
    <property name="env.TRAVIS_BUILD_STAGE_NAME" value="Test" />
    <property name="env.PERLBREW_HOME" value="/home/travis/.perlbrew" />
    <property name="java.vm.version" value="11.0.2+9" />
    <property name="env.RAILS_ENV" value="test" />
    <property name="java.class.path" value="/home/travis/build/icyphy/ptII:/home/travis/build/icyphy/ptII/lib/bsh-2.0b4.jar:/home/travis/build/icyphy/ptII/lib/ptCal.jar:/home/travis/build/icyphy/ptII/lib/java_cup.jar:/home/travis/build/icyphy/ptII/lib/saxon8.jar:/home/travis/build/icyphy/ptII/lib/saxon8-dom.jar:/home/travis/build/icyphy/ptII/lib/chic.jar:/home/travis/build/icyphy/ptII/lib/ptcolt.jar:/home/travis/build/icyphy/ptII/vendors/misc/itext/iText.jar:/home/travis/build/icyphy/ptII/lib/g4ltl.jar:/home/travis/build/icyphy/ptII/lib/StructuralCoder.jar:/home/travis/build/icyphy/ptII/lib/jcerti.jar:/home/travis/build/icyphy/ptII/lib/javax.mail.jar:/home/travis/build/icyphy/ptII/vendors/JMF-2.1.1e/lib/jmf.jar:/home/travis/build/icyphy/ptII/lib/jna-4.0.0-variadic.jar:/home/travis/build/icyphy/ptII/vendors/misc/joystick/Joystick.jar:/home/travis/build/icyphy/ptII/lib/ptjacl.jar:/home/travis/build/icyphy/ptII/lib/jsoup-1.8.2.jar:/home/travis/build/icyphy/ptII/lib/junit-4.8.2.jar:/home/travis/build/icyphy/ptII/lib/JUnitParams-0.4.0.jar:/home/travis/build/icyphy/ptII/ptolemy/actor/lib/excel/jxl.jar:/home/travis/build/icyphy/ptII/lib/jython.jar:/home/travis/build/icyphy/ptII/lib/kieler.jar:/home/travis/build/icyphy/ptII/vendors/opencv/share/OpenCV/java/opencv-341.jar:/home/travis/build/icyphy/ptII/lib/oscP5.jar:/home/travis/build/icyphy/ptII/lib/nrjavaserial-3.11.0.devel.jar:/home/travis/build/icyphy/ptII/vendors/j3d/lib/Linux/j3dcore.jar:/home/travis/build/icyphy/ptII/vendors/j3d/lib/Linux/j3dutils.jar:/home/travis/build/icyphy/ptII/vendors/j3d/lib/Linux/vecmath.jar:/home/travis/build/icyphy/ptII/vendors/jogl/lib/Linux/gluegen-rt-natives-linux-amd64.jar:/home/travis/build/icyphy/ptII/vendors/jogl/lib/Linux/gluegen-rt.jar:/home/travis/build/icyphy/ptII/vendors/jogl/lib/Linux/jogl-all-natives-linux-amd64.jar:/home/travis/build/icyphy/ptII/vendors/jogl/lib/Linux/jogl-all.jar:/home/travis/build/icyphy/ptII/ptolemy/distributed/jini/jar/jini-core.jar:/home/travis/build/icyphy/ptII/ptolemy/distributed/jini/jar/jini-ext.jar:/home/travis/build/icyphy/ptII/ptolemy/distributed/jini/jar/sun-util.jar:/home/travis/build/icyphy/ptII/lib/protobuf-java-2.4.1.jar:/home/travis/build/icyphy/ptII/lib/org.eclipse.paho.client.mqttv3.jar:/home/travis/build/icyphy/ptII/lib/mapss.jar:/home/travis/build/icyphy/ptII/ptolemy/actor/ptalon/antlr/antlr.jar:/home/travis/build/icyphy/ptII/lib/JRI.jar:/home/travis/build/icyphy/ptII/lib/commons-lang-2.6.jar:/home/travis/build/icyphy/ptII/lib/commons-logging-1.1.1.jar:/home/travis/build/icyphy/ptII/lib/sootclasses.jar:/home/travis/build/icyphy/ptII/ptolemy/actor/lib/database/mysql-connector-java-5.1.6-bin.jar:/home/travis/build/icyphy/ptII/vendors/misc/sphinx4/sphinx4-data-5prealpha.jar:/home/travis/build/icyphy/ptII/vendors/misc/sphinx4/sphinx4-core-5prealpha.jar:/home/travis/build/icyphy/ptII/lib/PDFRenderer.jar:/home/travis/build/icyphy/ptII/lib/svgSalamander.jar:/home/travis/build/icyphy/ptII/lib/rsyntaxtextarea-2.6.0-SNAPSHOT.jar:/home/travis/build/icyphy/ptII/lib/hazelcast-3.8.2.jar:/home/travis/build/icyphy/ptII/lib/jackson-annotations-2.9.0.jar:/home/travis/build/icyphy/ptII/lib/jackson-core-2.9.3.jar:/home/travis/build/icyphy/ptII/lib/jackson-databind-2.9.3.jar:/home/travis/build/icyphy/ptII/lib/netty-buffer-4.1.19.Final.jar:/home/travis/build/icyphy/ptII/lib/netty-codec-4.1.19.Final.jar:/home/travis/build/icyphy/ptII/lib/netty-codec-dns-4.1.19.Final.jar:/home/travis/build/icyphy/ptII/lib/netty-codec-http-4.1.19.Final.jar:/home/travis/build/icyphy/ptII/lib/netty-codec-http2-4.1.19.Final.jar:/home/travis/build/icyphy/ptII/lib/netty-common-4.1.19.Final.jar:/home/travis/build/icyphy/ptII/lib/netty-handler-4.1.19.Final.jar:/home/travis/build/icyphy/ptII/lib/netty-resolver-4.1.19.Final.jar:/home/travis/build/icyphy/ptII/lib/netty-resolver-dns-4.1.19.Final.jar:/home/travis/build/icyphy/ptII/lib/netty-transport-4.1.19.Final.jar:/home/travis/build/icyphy/ptII/lib/vertx-codegen-3.5.1.jar:/home/travis/build/icyphy/ptII/lib/vertx-core-3.5.2-SNAPSHOT.jar:/home/travis/build/icyphy/ptII/lib/vertx-hazelcast-3.5.1.jar:/home/travis/build/icyphy/ptII/lib/vertx-lang-js-3.5.1.jar:/home/travis/build/icyphy/ptII/lib/vertx-service-proxy-3.5.1.jar:/home/travis/build/icyphy/ptII/lib/vertx-web-3.5.1.jar:/home/travis/build/icyphy/ptII/lib/slf4j-api-1.7.13.jar:/home/travis/build/icyphy/ptII/lib/slf4j-simple-1.7.13.jar:/home/travis/build/icyphy/ptII/lib/webcam-capture-0.3.12.jar:/home/travis/build/icyphy/ptII/lib/bridj-0.7.0.jar:/home/travis/build/icyphy/ptII/lib/xbjlib-1.1.0.nrjavaserial.jar:/home/travis/build/icyphy/ptII/ptolemy/moml/test:/home/travis/build/icyphy/ptII/ant/lib/ant-launcher.jar:/home/travis/build/icyphy/ptII/ant/lib/ant.jar:/home/travis/build/icyphy/ptII/ant/lib/ant-junit.jar:/home/travis/build/icyphy/ptII/ant/lib/ant-junit4.jar" />
    <property name="ant.library.dir" value="/home/travis/build/icyphy/ptII/ant/lib" />
    <property name="os.arch" value="amd64" />
    <property name="env.CONTINUOUS_INTEGRATION" value="true" />
    <property name="env.TRAVIS_LANGUAGE" value="node_js" />
    <property name="env.TRAVIS_STACK_LANGUAGES" value="__sardonyx__ c c++ clojure cplusplus cpp default generic go groovy java node_js php pure_java python ruby scala" />
    <property name="test.name" value="ptolemy.actor.lib.test.junit.JUnitTclTest" />
    <property name="env.APT_KEY_DONT_WARN_ON_DANGEROUS_USAGE" value="1" />
    <property name="sun.java.launcher" value="SUN_STANDARD" />
    <property name="env.PYTHON_CONFIGURE_OPTS" value="--enable-unicode=ucs4 --with-wide-unicode --enable-shared --enable-ipv6 --enable-loadable-sqlite-extensions --with-computed-gotos" />
    <property name="ant.core.lib" value="/home/travis/build/icyphy/ptII/ant/lib/ant.jar" />
    <property name="java.vm.specification.vendor" value="Oracle Corporation" />
    <property name="env.BCVTB_HOME" value="/home/travis/build/icyphy/ptII/lbnl" />
    <property name="file.separator" value="/" />
    <property name="spotbugs.home" value="/home/travis/build/icyphy/ptII/vendors/spotbugs-3.1.1" />
    <property name="java.runtime.version" value="11.0.2+9" />
    <property name="env.ANSI_CLEAR" value="\033[0K" />
    <property name="javafx.verbose" value="true" />
    <property name="env.HAS_JOSH_K_SEAL_OF_APPROVAL" value="true" />
    <property name="env.XDG_RUNTIME_DIR" value="/run/user/2000" />
    <property name="env.TRAVIS_OSX_IMAGE" value="" />
    <property name="env.TRAVIS_JOB_ID" value="577678234" />
    <property name="env.TRAVIS_BRANCH" value="master" />
    <property name="user.country" value="US" />
    <property name="env.CERTI_HOME_TRAVIS" value="/home/travis/pthla/certi-tools" />
    <property name="env.SHELL" value="/bin/bash" />
    <property name="java.maxmemory.large" value="3200m" />
    <property name="model" value="" />
    <property name="env.CASHER_DIR" value="/home/travis/.casher" />
    <property name="env.NVM_CD_FLAGS" value="" />
    <property name="java.vendor.version" value="18.9" />
    <property name="jshint.executable" value="/home/travis/node_modules/jshint/bin/jshint" />
    <property name="env.JRUBY_OPTS" value=" --client -J-XX:+TieredCompilation -J-XX:TieredStopAtLevel=1 -J-Xss2m -Xcompile.invokedynamic=false" />
    <property name="java.vendor" value="Oracle Corporation" />
    <property name="env.TRAVIS_PRE_CHEF_BOOTSTRAP_TIME" value="2019-03-25T16:16:42" />
    <property name="env.TRAVIS_STACK_JOB_BOARD_REGISTER" value="/.job-board-register.yml" />
    <property name="env.ANSI_RED" value="\033[31;1m" />
    <property name="java.specification.version" value="11" />
    <property name="env.IRBRC" value="/home/travis/.rvm/rubies/ruby-2.5.3/.irbrc" />
    <property name="env.TRAVIS" value="true" />
    <property name="sun.arch.data.model" value="64" />
  </properties>
  <testcase classname="ptolemy.util.test.junit.TclTests" name="[0] /home/travis/build/icyphy/ptII/ptolemy/domains/de/test/DependencyLoop.tcl (RunTclFile)" time="1.047" />
  <testcase classname="ptolemy.util.test.junit.TclTests" name="[1] /home/travis/build/icyphy/ptII/ptolemy/domains/de/test/RunDETestsAsQSS.tcl (RunTclFile)" time="94.507" />
  <testcase classname="ptolemy.util.test.junit.AutoKnownFailedTests" name="[0] /home/travis/build/icyphy/ptII/ptolemy/domains/de/test/auto/knownFailedTests/DESDFClockTest.xml (RunModel)" time="2.049" />
  <testcase classname="ptolemy.util.test.junit.AutoKnownFailedTests" name="[1] /home/travis/build/icyphy/ptII/ptolemy/domains/de/test/auto/knownFailedTests/DirectFeedback.xml (RunModel)" time="0.02" />
  <testcase classname="ptolemy.util.test.junit.AutoKnownFailedTests" name="[2] /home/travis/build/icyphy/ptII/ptolemy/domains/de/test/auto/knownFailedTests/FSMSource.xml (RunModel)" time="0.035" />
  <testcase classname="ptolemy.util.test.junit.AutoKnownFailedTests" name="[3] /home/travis/build/icyphy/ptII/ptolemy/domains/de/test/auto/knownFailedTests/HierarchicalModel.xml (RunModel)" time="0.065" />
  <testcase classname="ptolemy.util.test.junit.AutoKnownFailedTests" name="[4] /home/travis/build/icyphy/ptII/ptolemy/domains/de/test/auto/knownFailedTests/dependencyLoop.xml (RunModel)" time="0.05" />
  <testcase classname="ptolemy.util.test.junit.AutoKnownFailedTests" name="[5] /home/travis/build/icyphy/ptII/ptolemy/domains/de/test/auto/knownFailedTests/dependencyLoop2.xml (RunModel)" time="0.06" />
  <testcase classname="ptolemy.util.test.junit.AutoNameArchTests" name="[0] ThereAreNoAutoArchTests (RunModel)" time="0.002" />
  <testcase classname="ptolemy.util.test.junit.AutoTests" name="[0] /home/travis/build/icyphy/ptII/ptolemy/domains/de/test/auto/ActorDepthCalculation_actorWithoutPorts.xml (RunModel)" time="0.02" />
  <testcase classname="ptolemy.util.test.junit.AutoTests" name="[1] /home/travis/build/icyphy/ptII/ptolemy/domains/de/test/auto/AssemblyLine.xml (RunModel)" time="0.031" />
  <testcase classname="ptolemy.util.test.junit.AutoTests" name="[2] /home/travis/build/icyphy/ptII/ptolemy/domains/de/test/auto/CQBug1.xml (RunModel)" time="0.014" />
  <testcase classname="ptolemy.util.test.junit.AutoTests" name="[3] /home/travis/build/icyphy/ptII/ptolemy/domains/de/test/auto/CancelFireAt.xml (RunModel)" time="0.015" />
  <testcase classname="ptolemy.util.test.junit.AutoTests" name="[4] /home/travis/build/icyphy/ptII/ptolemy/domains/de/test/auto/CausalityAndComposabilityAnalysis.xml (RunModel)" time="0.037" />
  <testcase classname="ptolemy.util.test.junit.AutoTests" name="[5] /home/travis/build/icyphy/ptII/ptolemy/domains/de/test/auto/CausalityInterface1.xml (RunModel)" time="0.027" />
  <testcase classname="ptolemy.util.test.junit.AutoTests" name="[6] /home/travis/build/icyphy/ptII/ptolemy/domains/de/test/auto/CausalityInterface15.xml (RunModel)" time="0.015" />
  <testcase classname="ptolemy.util.test.junit.AutoTests" name="[7] /home/travis/build/icyphy/ptII/ptolemy/domains/de/test/auto/CausalityInterface2.xml (RunModel)" time="0.018" />
  <testcase classname="ptolemy.util.test.junit.AutoTests" name="[8] /home/travis/build/icyphy/ptII/ptolemy/domains/de/test/auto/CausalityInterface3.xml (RunModel)" time="0.019" />
  <testcase classname="ptolemy.util.test.junit.AutoTests" name="[9] /home/travis/build/icyphy/ptII/ptolemy/domains/de/test/auto/ClockDrift.xml (RunModel)" time="0.042" />
  <testcase classname="ptolemy.util.test.junit.AutoTests" name="[10] /home/travis/build/icyphy/ptII/ptolemy/domains/de/test/auto/ClockDriftAndValueChange.xml (RunModel)" time="0.043" />
  <testcase classname="ptolemy.util.test.junit.AutoTests" name="[11] /home/travis/build/icyphy/ptII/ptolemy/domains/de/test/auto/ClockDriftChange.xml (RunModel)" time="0.039" />
  <testcase classname="ptolemy.util.test.junit.AutoTests" name="[12] /home/travis/build/icyphy/ptII/ptolemy/domains/de/test/auto/ComposableCausalityAnalysis.xml (RunModel)" time="0.017" />
  <testcase classname="ptolemy.util.test.junit.AutoTests" name="[13] /home/travis/build/icyphy/ptII/ptolemy/domains/de/test/auto/DEFixedPointLimitation.xml (RunModel)" time="0.012" />
  <testcase classname="ptolemy.util.test.junit.AutoTests" name="[14] /home/travis/build/icyphy/ptII/ptolemy/domains/de/test/auto/DEScheduleTest.xml (RunModel)" time="0.018" />
  <testcase classname="ptolemy.util.test.junit.AutoTests" name="[15] /home/travis/build/icyphy/ptII/ptolemy/domains/de/test/auto/DEinDEwithStartTimes.xml (RunModel)" time="0.022" />
  <testcase classname="ptolemy.util.test.junit.AutoTests" name="[16] /home/travis/build/icyphy/ptII/ptolemy/domains/de/test/auto/DEinDEwithStartTimes2.xml (RunModel)" time="0.023" />
  <testcase classname="ptolemy.util.test.junit.AutoTests" name="[17] /home/travis/build/icyphy/ptII/ptolemy/domains/de/test/auto/DateDemo.xml (RunModel)" time="0.036" />
  <testcase classname="ptolemy.util.test.junit.AutoTests" name="[18] /home/travis/build/icyphy/ptII/ptolemy/domains/de/test/auto/DateToEvent.xml (RunModel)" time="2.053" />
  <testcase classname="ptolemy.util.test.junit.AutoTests" name="[19] /home/travis/build/icyphy/ptII/ptolemy/domains/de/test/auto/DepthTest1.xml (RunModel)" time="0.011" />
  <testcase classname="ptolemy.util.test.junit.AutoTests" name="[20] /home/travis/build/icyphy/ptII/ptolemy/domains/de/test/auto/DepthTest2.xml (RunModel)" time="0.024" />
  <testcase classname="ptolemy.util.test.junit.AutoTests" name="[21] /home/travis/build/icyphy/ptII/ptolemy/domains/de/test/auto/DepthTest3.xml (RunModel)" time="0.011" />
  <testcase classname="ptolemy.util.test.junit.AutoTests" name="[22] /home/travis/build/icyphy/ptII/ptolemy/domains/de/test/auto/DepthTest4.xml (RunModel)" time="0.026" />
  <testcase classname="ptolemy.util.test.junit.AutoTests" name="[23] /home/travis/build/icyphy/ptII/ptolemy/domains/de/test/auto/DepthTest5.xml (RunModel)" time="0.013" />
  <testcase classname="ptolemy.util.test.junit.AutoTests" name="[24] /home/travis/build/icyphy/ptII/ptolemy/domains/de/test/auto/DepthTest6.xml (RunModel)" time="0.017" />
  <testcase classname="ptolemy.util.test.junit.AutoTests" name="[25] /home/travis/build/icyphy/ptII/ptolemy/domains/de/test/auto/DepthTest7.xml (RunModel)" time="0.011" />
  <testcase classname="ptolemy.util.test.junit.AutoTests" name="[26] /home/travis/build/icyphy/ptII/ptolemy/domains/de/test/auto/EventToDate.xml (RunModel)" time="3.035" />
  <testcase classname="ptolemy.util.test.junit.AutoTests" name="[27] /home/travis/build/icyphy/ptII/ptolemy/domains/de/test/auto/FSM1.xml (RunModel)" time="0.055" />
  <testcase classname="ptolemy.util.test.junit.AutoTests" name="[28] /home/travis/build/icyphy/ptII/ptolemy/domains/de/test/auto/FSM7.xml (RunModel)" time="0.047" />
  <testcase classname="ptolemy.util.test.junit.AutoTests" name="[29] /home/travis/build/icyphy/ptII/ptolemy/domains/de/test/auto/Inspection.xml (RunModel)" time="0.046" />
  <testcase classname="ptolemy.util.test.junit.AutoTests" name="[30] /home/travis/build/icyphy/ptII/ptolemy/domains/de/test/auto/Iteration.xml (RunModel)" time="0.025" />
  <testcase classname="ptolemy.util.test.junit.AutoTests" name="[31] /home/travis/build/icyphy/ptII/ptolemy/domains/de/test/auto/LineFault.xml (RunModel)" time="0.625" />
  <testcase classname="ptolemy.util.test.junit.AutoTests" name="[32] /home/travis/build/icyphy/ptII/ptolemy/domains/de/test/auto/MergeModel1Add.xml (RunModel)" time="0.055" />
  <testcase classname="ptolemy.util.test.junit.AutoTests" name="[33] /home/travis/build/icyphy/ptII/ptolemy/domains/de/test/auto/MergeModel2Add.xml (RunModel)" time="0.045" />
  <testcase classname="ptolemy.util.test.junit.AutoTests" name="[34] /home/travis/build/icyphy/ptII/ptolemy/domains/de/test/auto/MergeModel3Add.xml (RunModel)" time="0.044" />
  <testcase classname="ptolemy.util.test.junit.AutoTests" name="[35] /home/travis/build/icyphy/ptII/ptolemy/domains/de/test/auto/MergeWithoutDiscard.xml (RunModel)" time="0.023" />
  <testcase classname="ptolemy.util.test.junit.AutoTests" name="[36] /home/travis/build/icyphy/ptII/ptolemy/domains/de/test/auto/Modal1.xml (RunModel)" time="0.031" />
  <testcase classname="ptolemy.util.test.junit.AutoTests" name="[37] /home/travis/build/icyphy/ptII/ptolemy/domains/de/test/auto/Modal2.xml (RunModel)" time="0.035" />
  <testcase classname="ptolemy.util.test.junit.AutoTests" name="[38] /home/travis/build/icyphy/ptII/ptolemy/domains/de/test/auto/Modal3.xml (RunModel)" time="0.034" />
  <testcase classname="ptolemy.util.test.junit.AutoTests" name="[39] /home/travis/build/icyphy/ptII/ptolemy/domains/de/test/auto/Modal4.xml (RunModel)" time="0.036" />
  <testcase classname="ptolemy.util.test.junit.AutoTests" name="[40] /home/travis/build/icyphy/ptII/ptolemy/domains/de/test/auto/Modal5.xml (RunModel)" time="0.033" />
  <testcase classname="ptolemy.util.test.junit.AutoTests" name="[41] /home/travis/build/icyphy/ptII/ptolemy/domains/de/test/auto/Modal6.xml (RunModel)" time="0.033" />
  <testcase classname="ptolemy.util.test.junit.AutoTests" name="[42] /home/travis/build/icyphy/ptII/ptolemy/domains/de/test/auto/Modal7.xml (RunModel)" time="0.038" />
  <testcase classname="ptolemy.util.test.junit.AutoTests" name="[43] /home/travis/build/icyphy/ptII/ptolemy/domains/de/test/auto/ModalModel.xml (RunModel)" time="0.184" />
  <testcase classname="ptolemy.util.test.junit.AutoTests" name="[44] /home/travis/build/icyphy/ptII/ptolemy/domains/de/test/auto/ModalSource.xml (RunModel)" time="0.018" />
  <testcase classname="ptolemy.util.test.junit.AutoTests" name="[45] /home/travis/build/icyphy/ptII/ptolemy/domains/de/test/auto/NonInterruptibleTimerZeroDelay.xml (RunModel)" time="0.01" />
  <testcase classname="ptolemy.util.test.junit.AutoTests" name="[46] /home/travis/build/icyphy/ptII/ptolemy/domains/de/test/auto/OpenQueueingNetwork.xml (RunModel)" time="2.233" />
  <testcase classname="ptolemy.util.test.junit.AutoTests" name="[47] /home/travis/build/icyphy/ptII/ptolemy/domains/de/test/auto/OpenQueuingNetwork.xml (RunModel)" time="0.274" />
  <testcase classname="ptolemy.util.test.junit.AutoTests" name="[48] /home/travis/build/icyphy/ptII/ptolemy/domains/de/test/auto/PeriodicSampler.xml (RunModel)" time="0.017" />
  <testcase classname="ptolemy.util.test.junit.AutoTests" name="[49] /home/travis/build/icyphy/ptII/ptolemy/domains/de/test/auto/PersistentIO.xml (RunModel)" time="0.024" />
  <testcase classname="ptolemy.util.test.junit.AutoTests" name="[50] /home/travis/build/icyphy/ptII/ptolemy/domains/de/test/auto/PortParameterResetOnInitialize.xml (RunModel)" time="0.012" />
  <testcase classname="ptolemy.util.test.junit.AutoTests" name="[51] /home/travis/build/icyphy/ptII/ptolemy/domains/de/test/auto/PortParameterUpdates.xml (RunModel)" time="0.015" />
  <testcase classname="ptolemy.util.test.junit.AutoTests" name="[52] /home/travis/build/icyphy/ptII/ptolemy/domains/de/test/auto/QueueAndServer.xml (RunModel)" time="0.024" />
  <testcase classname="ptolemy.util.test.junit.AutoTests" name="[53] /home/travis/build/icyphy/ptII/ptolemy/domains/de/test/auto/Records.xml (RunModel)" time="0.015" />
  <testcase classname="ptolemy.util.test.junit.AutoTests" name="[54] /home/travis/build/icyphy/ptII/ptolemy/domains/de/test/auto/ResetTransitionWithStartTime1.xml (RunModel)" time="0.018" />
  <testcase classname="ptolemy.util.test.junit.AutoTests" name="[55] /home/travis/build/icyphy/ptII/ptolemy/domains/de/test/auto/ResetTransitionWithStartTime2.xml (RunModel)" time="0.024" />
  <testcase classname="ptolemy.util.test.junit.AutoTests" name="[56] /home/travis/build/icyphy/ptII/ptolemy/domains/de/test/auto/ResetTransitionWithStartTime3.xml (RunModel)" time="0.019" />
  <testcase classname="ptolemy.util.test.junit.AutoTests" name="[57] /home/travis/build/icyphy/ptII/ptolemy/domains/de/test/auto/ResetTransitionWithStartTime4.xml (RunModel)" time="0.023" />
  <testcase classname="ptolemy.util.test.junit.AutoTests" name="[58] /home/travis/build/icyphy/ptII/ptolemy/domains/de/test/auto/ResettableTimer1.xml (RunModel)" time="0.01" />
  <testcase classname="ptolemy.util.test.junit.AutoTests" name="[59] /home/travis/build/icyphy/ptII/ptolemy/domains/de/test/auto/ResettableTimer2.xml (RunModel)" time="0.015" />
  <testcase classname="ptolemy.util.test.junit.AutoTests" name="[60] /home/travis/build/icyphy/ptII/ptolemy/domains/de/test/auto/ResettableTimer3.xml (RunModel)" time="0.01" />
  <testcase classname="ptolemy.util.test.junit.AutoTests" name="[61] /home/travis/build/icyphy/ptII/ptolemy/domains/de/test/auto/ResettableTimer4.xml (RunModel)" time="0.011" />
  <testcase classname="ptolemy.util.test.junit.AutoTests" name="[62] /home/travis/build/icyphy/ptII/ptolemy/domains/de/test/auto/ResettableTimer5.xml (RunModel)" time="0.009" />
  <testcase classname="ptolemy.util.test.junit.AutoTests" name="[63] /home/travis/build/icyphy/ptII/ptolemy/domains/de/test/auto/ResettableTimer6.xml (RunModel)" time="0.018" />
  <testcase classname="ptolemy.util.test.junit.AutoTests" name="[64] /home/travis/build/icyphy/ptII/ptolemy/domains/de/test/auto/ServerZeroDelay.xml (RunModel)" time="0.01" />
  <testcase classname="ptolemy.util.test.junit.AutoTests" name="[65] /home/travis/build/icyphy/ptII/ptolemy/domains/de/test/auto/SmartSender.xml (RunModel)" time="3.007" />
  <testcase classname="ptolemy.util.test.junit.AutoTests" name="[66] /home/travis/build/icyphy/ptII/ptolemy/domains/de/test/auto/ThreadedComposite.xml (RunModel)" time="0.321" />
  <testcase classname="ptolemy.util.test.junit.AutoTests" name="[67] /home/travis/build/icyphy/ptII/ptolemy/domains/de/test/auto/Time.xml (RunModel)" time="0.399" />
  <testcase classname="ptolemy.util.test.junit.AutoTests" name="[68] /home/travis/build/icyphy/ptII/ptolemy/domains/de/test/auto/TimeDelayZeroDelay.xml (RunModel)" time="0.014" />
  <testcase classname="ptolemy.util.test.junit.AutoTests" name="[69] /home/travis/build/icyphy/ptII/ptolemy/domains/de/test/auto/TimerZeroDelay.xml (RunModel)" time="0.035" />
  <testcase classname="ptolemy.util.test.junit.AutoTests" name="[70] /home/travis/build/icyphy/ptII/ptolemy/domains/de/test/auto/TimingParadox.xml (RunModel)" time="0.354" />
  <testcase classname="ptolemy.util.test.junit.AutoTests" name="[71] /home/travis/build/icyphy/ptII/ptolemy/domains/de/test/auto/TransferInputs.xml (RunModel)" time="0.01" />
  <testcase classname="ptolemy.util.test.junit.AutoTests" name="[72] /home/travis/build/icyphy/ptII/ptolemy/domains/de/test/auto/TransferOutputs2.xml (RunModel)" time="0.015" />
  <testcase classname="ptolemy.util.test.junit.AutoTests" name="[73] /home/travis/build/icyphy/ptII/ptolemy/domains/de/test/auto/Trilateration.xml (RunModel)" time="13.267" />
  <testcase classname="ptolemy.util.test.junit.AutoTests" name="[74] /home/travis/build/icyphy/ptII/ptolemy/domains/de/test/auto/TwoSigmaDelta.xml (RunModel)" time="1.93" />
  <testcase classname="ptolemy.util.test.junit.AutoTests" name="[75] /home/travis/build/icyphy/ptII/ptolemy/domains/de/test/auto/VariableDelay.xml (RunModel)" time="0.013" />
  <testcase classname="ptolemy.util.test.junit.AutoTests" name="[76] /home/travis/build/icyphy/ptII/ptolemy/domains/de/test/auto/VariableDelay2.xml (RunModel)" time="0.013" />
  <testcase classname="ptolemy.util.test.junit.AutoTests" name="[77] /home/travis/build/icyphy/ptII/ptolemy/domains/de/test/auto/VariableDelayZeroDelay.xml (RunModel)" time="0.014" />
  <testcase classname="ptolemy.util.test.junit.AutoTests" name="[78] /home/travis/build/icyphy/ptII/ptolemy/domains/de/test/auto/VariableDelayZeroDelay2.xml (RunModel)" time="0.009" />
  <testcase classname="ptolemy.util.test.junit.AutoTests" name="[79] /home/travis/build/icyphy/ptII/ptolemy/domains/de/test/auto/deInCt.xml (RunModel)" time="0.012" />
  <testcase classname="ptolemy.util.test.junit.AutoTests" name="[80] /home/travis/build/icyphy/ptII/ptolemy/domains/de/test/auto/deInCt2.xml (RunModel)" time="0.015" />
  <testcase classname="ptolemy.util.test.junit.AutoTests" name="[81] /home/travis/build/icyphy/ptII/ptolemy/domains/de/test/auto/dynamicCausalityInterface1.xml (RunModel)" time="0.017" />
  <testcase classname="ptolemy.util.test.junit.AutoTests" name="[82] /home/travis/build/icyphy/ptII/ptolemy/domains/de/test/auto/fsm_de_test.xml (RunModel)" time="0.025" />
  <testcase classname="ptolemy.util.test.junit.AutoTests" name="[83] /home/travis/build/icyphy/ptII/ptolemy/domains/de/test/auto/functionDependencyReconstruction.xml (RunModel)" time="0.039" />
  <testcase classname="ptolemy.util.test.junit.AutoTests" name="[84] /home/travis/build/icyphy/ptII/ptolemy/domains/de/test/auto/multirate.xml (RunModel)" time="0.03" />
  <testcase classname="ptolemy.util.test.junit.AutoTests" name="[85] /home/travis/build/icyphy/ptII/ptolemy/domains/de/test/auto/multirate2.xml (RunModel)" time="0.024" />
  <testcase classname="ptolemy.util.test.junit.AutoTests" name="[86] /home/travis/build/icyphy/ptII/ptolemy/domains/de/test/auto/realtime.xml (RunModel)" time="10.016" />
  <testcase classname="ptolemy.util.test.junit.AutoTests" name="[87] /home/travis/build/icyphy/ptII/ptolemy/domains/de/test/auto/relationGroup.xml (RunModel)" time="0.01" />
  <testcase classname="ptolemy.util.test.junit.AutoTests" name="[88] /home/travis/build/icyphy/ptII/ptolemy/domains/de/test/auto/relationGroup2.xml (RunModel)" time="0.008" />
  <testcase classname="ptolemy.util.test.junit.AutoTests" name="[89] /home/travis/build/icyphy/ptII/ptolemy/domains/de/test/auto/sortWithOpaquePorts.xml (RunModel)" time="0.014" />
  <testcase classname="ptolemy.util.test.junit.AutoTests" name="[90] /home/travis/build/icyphy/ptII/ptolemy/domains/de/test/auto/transferInputsandOutputs.xml (RunModel)" time="0.015" />
  <testcase classname="ptolemy.util.test.junit.AutoTests" name="[91] /home/travis/build/icyphy/ptII/ptolemy/domains/de/test/auto/triggerType.xml (RunModel)" time="0.008" />
  <system-out><![CDATA[/home/travis/build/icyphy/ptII/ptolemy/domains/de/test/DependencyLoop.tcl
testDefs.tcl: setting time out to 9000 seconds at Wed Aug 28 05:29:14 UTC 2019
87 ms. Memory: 120832K Free: 72134K (60%)
23 ms. Memory: 120832K Free: 54711K (45%)
/home/travis/build/icyphy/ptII/ptolemy/domains/de/test/RunDETestsAsQSS.tcl
Run the DE tests using ptolemy.domains.qss.test.QSSDirectorTest, which extends QSSDirector and prints a message in the constructors.
------------------ testing $PTII/ptolemy/domains/de/test/auto/knownFailedTests/DirectFeedback.xml (Known Failure) 
31 ms. Memory: 120832K Free: 48582K (40%)


==== $PTIIhome/travis/build/icyphy/ptII/ptolemy/domains/de/test/../../../../: Auto Automatic test in file $PTII/ptolemy/domains/de/test/auto/knownFailedTests/DirectFeedback.xml
==== Contents of test case:

	    # FIXME: we should use $relativeFilename here, but it
	    # might have backslashes under Windows, which causes no end
	    # of trouble.
	    createAndExecute $file
	    list {}
	
.... Test generated KNOWN error:
    while executing
ptolemy.kernel.util.IllegalActionException: Test fails in iteration 1.
Value was: 1.0. Should have been: 2.0
  in .DirectFeedback.Test
	at ptolemy.actor.lib.Test.fire(Test.java:268)
	at ptolemy.domains.de.kernel.DEDirector._fire(DEDirector.java:1949)
	at ptolemy.domains.de.kernel.DEDirector.fire(DEDirector.java:502)
	at ptolemy.actor.CompositeActor.fire(CompositeActor.java:455)
	at ptolemy.actor.Manager.iterate(Manager.java:851)
	at ptolemy.actor.Manager.execute(Manager.java:369)
	at ptolemy.actor.Manager.run(Manager.java:1263)
	at ptolemy.actor.Manager$PtolemyRunThread.run(Manager.java:1933)

    while executing
ptolemy.kernel.util.IllegalActionException: Test fails in iteration 1.
Value was: 1.0. Should have been: 2.0
  in .DirectFeedback.Test
    while executing
"java::new ptolemy.moml.MoMLSimpleApplication $file
"
    (procedure "createAndExecute" line 2)
    invoked from within
"createAndExecute $file"
    ("uplevel" body line 5)
    invoked from within
"uplevel $contents_of_test"
------------------ testing $PTII/ptolemy/domains/de/test/auto/knownFailedTests/dependencyLoop.xml (Known Failure) 
44 ms. Memory: 120832K Free: 108098K (89%)


==== $PTIIhome/travis/build/icyphy/ptII/ptolemy/domains/de/test/../../../../: Auto Automatic test in file $PTII/ptolemy/domains/de/test/auto/knownFailedTests/dependencyLoop.xml
==== Contents of test case:

	    # FIXME: we should use $relativeFilename here, but it
	    # might have backslashes under Windows, which causes no end
	    # of trouble.
	    createAndExecute $file
	    list {}
	
.... Test generated KNOWN error:
    while executing
ptolemy.kernel.util.IllegalActionException: Found a zero delay loop containing .dependencyLoop.original
  in .dependencyLoop and .dependencyLoop.original
	at ptolemy.actor.util.CausalityInterfaceForComposites._computeOutputPortDepth(CausalityInterfaceForComposites.java:759)
	at ptolemy.actor.util.CausalityInterfaceForComposites._computeInputDepth(CausalityInterfaceForComposites.java:696)
	at ptolemy.actor.util.CausalityInterfaceForComposites._computeOutputPortDepth(CausalityInterfaceForComposites.java:765)
	at ptolemy.actor.util.CausalityInterfaceForComposites._computeInputDepth(CausalityInterfaceForComposites.java:696)
	at ptolemy.actor.util.CausalityInterfaceForComposites._computeOutputPortDepth(CausalityInterfaceForComposites.java:765)
	at ptolemy.actor.util.CausalityInterfaceForComposites._computeInputDepth(CausalityInterfaceForComposites.java:696)
	at ptolemy.actor.util.CausalityInterfaceForComposites._computeActorDepth(CausalityInterfaceForComposites.java:532)
	at ptolemy.actor.util.CausalityInterfaceForComposites.checkForCycles(CausalityInterfaceForComposites.java:96)
	at ptolemy.domains.de.kernel.DEDirector.preinitialize(DEDirector.java:1338)
	at ptolemy.actor.CompositeActor.preinitialize(CompositeActor.java:1828)
	at ptolemy.actor.Manager.preinitializeAndResolveTypes(Manager.java:1040)
	at ptolemy.actor.Manager.initialize(Manager.java:710)
	at ptolemy.actor.Manager.execute(Manager.java:356)
	at ptolemy.actor.Manager.run(Manager.java:1263)
	at ptolemy.actor.Manager$PtolemyRunThread.run(Manager.java:1933)

    while executing
ptolemy.kernel.util.IllegalActionException: Found a zero delay loop containing .dependencyLoop.original
  in .dependencyLoop and .dependencyLoop.original
    while executing
"java::new ptolemy.moml.MoMLSimpleApplication $file
"
    (procedure "createAndExecute" line 2)
    invoked from within
"createAndExecute $file"
    ("uplevel" body line 5)
    invoked from within
"uplevel $contents_of_test"
------------------ testing $PTII/ptolemy/domains/de/test/auto/knownFailedTests/FSMSource.xml (Known Failure) 
80 ms. Memory: 120832K Free: 98663K (82%)
!!!! Auto was marked as failing, but now passes
------------------ testing $PTII/ptolemy/domains/de/test/auto/knownFailedTests/HierarchicalModel.xml (Known Failure) 
6 ms. Memory: 120832K Free: 81542K (67%)


==== $PTIIhome/travis/build/icyphy/ptII/ptolemy/domains/de/test/../../../../: Auto Automatic test in file $PTII/ptolemy/domains/de/test/auto/knownFailedTests/HierarchicalModel.xml
==== Contents of test case:

	    # FIXME: we should use $relativeFilename here, but it
	    # might have backslashes under Windows, which causes no end
	    # of trouble.
	    createAndExecute $file
	    list {}
	
.... Test generated KNOWN error:
    while executing
ptolemy.kernel.util.IllegalActionException: Found a zero delay loop containing .HierarchicalModel.A
  in .HierarchicalModel and .HierarchicalModel.A
	at ptolemy.actor.util.CausalityInterfaceForComposites._computeOutputPortDepth(CausalityInterfaceForComposites.java:759)
	at ptolemy.actor.util.CausalityInterfaceForComposites._computeInputDepth(CausalityInterfaceForComposites.java:696)
	at ptolemy.actor.util.CausalityInterfaceForComposites._computeOutputPortDepth(CausalityInterfaceForComposites.java:765)
	at ptolemy.actor.util.CausalityInterfaceForComposites._computeInputDepth(CausalityInterfaceForComposites.java:696)
	at ptolemy.actor.util.CausalityInterfaceForComposites._computeOutputPortDepth(CausalityInterfaceForComposites.java:765)
	at ptolemy.actor.util.CausalityInterfaceForComposites._computeInputDepth(CausalityInterfaceForComposites.java:696)
	at ptolemy.actor.util.CausalityInterfaceForComposites._computeActorDepth(CausalityInterfaceForComposites.java:532)
	at ptolemy.actor.util.CausalityInterfaceForComposites.checkForCycles(CausalityInterfaceForComposites.java:96)
	at ptolemy.domains.de.kernel.DEDirector.preinitialize(DEDirector.java:1338)
	at ptolemy.actor.CompositeActor.preinitialize(CompositeActor.java:1828)
	at ptolemy.actor.Manager.preinitializeAndResolveTypes(Manager.java:1040)
	at ptolemy.actor.Manager.initialize(Manager.java:710)
	at ptolemy.actor.Manager.execute(Manager.java:356)
	at ptolemy.actor.Manager.run(Manager.java:1263)
	at ptolemy.actor.Manager$PtolemyRunThread.run(Manager.java:1933)

    while executing
ptolemy.kernel.util.IllegalActionException: Found a zero delay loop containing .HierarchicalModel.A
  in .HierarchicalModel and .HierarchicalModel.A
    while executing
"java::new ptolemy.moml.MoMLSimpleApplication $file
"
    (procedure "createAndExecute" line 2)
    invoked from within
"createAndExecute $file"
    ("uplevel" body line 5)
    invoked from within
"uplevel $contents_of_test"
------------------ testing $PTII/ptolemy/domains/de/test/auto/knownFailedTests/dependencyLoop2.xml (Known Failure) 
11 ms. Memory: 120832K Free: 104744K (87%)


==== $PTIIhome/travis/build/icyphy/ptII/ptolemy/domains/de/test/../../../../: Auto Automatic test in file $PTII/ptolemy/domains/de/test/auto/knownFailedTests/dependencyLoop2.xml
==== Contents of test case:

	    # FIXME: we should use $relativeFilename here, but it
	    # might have backslashes under Windows, which causes no end
	    # of trouble.
	    createAndExecute $file
	    list {}
	
.... Test generated KNOWN error:
    while executing
ptolemy.kernel.util.IllegalActionException: Found a zero delay loop containing .dependencyLoop2.original
  in .dependencyLoop2 and .dependencyLoop2.original
	at ptolemy.actor.util.CausalityInterfaceForComposites._computeOutputPortDepth(CausalityInterfaceForComposites.java:759)
	at ptolemy.actor.util.CausalityInterfaceForComposites._computeInputDepth(CausalityInterfaceForComposites.java:696)
	at ptolemy.actor.util.CausalityInterfaceForComposites._computeOutputPortDepth(CausalityInterfaceForComposites.java:765)
	at ptolemy.actor.util.CausalityInterfaceForComposites._computeInputDepth(CausalityInterfaceForComposites.java:696)
	at ptolemy.actor.util.CausalityInterfaceForComposites._computeOutputPortDepth(CausalityInterfaceForComposites.java:765)
	at ptolemy.actor.util.CausalityInterfaceForComposites._computeInputDepth(CausalityInterfaceForComposites.java:696)
	at ptolemy.actor.util.CausalityInterfaceForComposites._computeActorDepth(CausalityInterfaceForComposites.java:532)
	at ptolemy.actor.util.CausalityInterfaceForComposites.checkForCycles(CausalityInterfaceForComposites.java:96)
	at ptolemy.domains.de.kernel.DEDirector.preinitialize(DEDirector.java:1338)
	at ptolemy.actor.CompositeActor.preinitialize(CompositeActor.java:1828)
	at ptolemy.actor.Manager.preinitializeAndResolveTypes(Manager.java:1040)
	at ptolemy.actor.Manager.initialize(Manager.java:710)
	at ptolemy.actor.Manager.execute(Manager.java:356)
	at ptolemy.actor.Manager.run(Manager.java:1263)
	at ptolemy.actor.Manager$PtolemyRunThread.run(Manager.java:1933)

    while executing
ptolemy.kernel.util.IllegalActionException: Found a zero delay loop containing .dependencyLoop2.original
  in .dependencyLoop2 and .dependencyLoop2.original
    while executing
"java::new ptolemy.moml.MoMLSimpleApplication $file
"
    (procedure "createAndExecute" line 2)
    invoked from within
"createAndExecute $file"
    ("uplevel" body line 5)
    invoked from within
"uplevel $contents_of_test"
------------------ testing $PTII/ptolemy/domains/de/test/auto/knownFailedTests/DESDFClockTest.xml (Known Failure) 
2060 ms. Memory: 120832K Free: 90928K (75%)


==== $PTIIhome/travis/build/icyphy/ptII/ptolemy/domains/de/test/../../../../: Auto Automatic test in file $PTII/ptolemy/domains/de/test/auto/knownFailedTests/DESDFClockTest.xml
==== Contents of test case:

	    # FIXME: we should use $relativeFilename here, but it
	    # might have backslashes under Windows, which causes no end
	    # of trouble.
	    createAndExecute $file
	    list {}
	
.... Test generated KNOWN error:
    while executing
ptolemy.kernel.util.IllegalActionException: Actor is not ready to fire.  Perhaps UpSample.prefire() returned false? Try debugging the actor by selecting "Listen to Actor".  Also, for SDF check moml for tokenConsumptionRate on input.
  in .DESDFClockTest.Play Bell.Copy1:SDF Director and .DESDFClockTest.Play Bell.UpSample
	at ptolemy.actor.sched.StaticSchedulingDirector.fire(StaticSchedulingDirector.java:227)
	at ptolemy.domains.sdf.kernel.SDFDirector.fire(SDFDirector.java:500)
	at ptolemy.actor.CompositeActor.fire(CompositeActor.java:455)
	at ptolemy.domains.de.kernel.DEDirector._fire(DEDirector.java:1949)
	at ptolemy.domains.de.kernel.DEDirector.fire(DEDirector.java:502)
	at ptolemy.actor.CompositeActor.fire(CompositeActor.java:455)
	at ptolemy.actor.Manager.iterate(Manager.java:851)
	at ptolemy.actor.Manager.execute(Manager.java:369)
	at ptolemy.actor.Manager.run(Manager.java:1263)
	at ptolemy.actor.Manager$PtolemyRunThread.run(Manager.java:1933)

    while executing
ptolemy.kernel.util.IllegalActionException: Actor is not ready to fire.  Perhaps UpSample.prefire() returned false? Try debugging the actor by selecting "Listen to Actor".  Also, for SDF check moml for tokenConsumptionRate on input.
  in .DESDFClockTest.Play Bell.Copy1:SDF Director and .DESDFClockTest.Play Bell.UpSample
    while executing
"java::new ptolemy.moml.MoMLSimpleApplication $file
"
    (procedure "createAndExecute" line 2)
    invoked from within
"createAndExecute $file"
    ("uplevel" body line 5)
    invoked from within
"uplevel $contents_of_test"
------------------ testing $PTII/ptolemy/domains/de/test/auto/ActorDepthCalculation_actorWithoutPorts.xml
auto.tcl: Setting watchdog for 200 seconds at Wed Aug 28 05:29:18 UTC 2019
9 ms. Memory: 120832K Free: 83760K (69%)
ptolemy.util.test.WatchDog.cancel(): canceling Wed Aug 28 05:29:18 UTC 2019
auto.tcl: Setting watchdog for 200 seconds at Wed Aug 28 05:29:18 UTC 2019
5 ms. Memory: 120832K Free: 82208K (68%)
ptolemy.util.test.WatchDog.cancel(): canceling Wed Aug 28 05:29:18 UTC 2019
------------------ testing $PTII/ptolemy/domains/de/test/auto/AssemblyLine.xml
auto.tcl: Setting watchdog for 200 seconds at Wed Aug 28 05:29:18 UTC 2019
17 ms. Memory: 48128K Free: 25521K (53%)
ptolemy.util.test.WatchDog.cancel(): canceling Wed Aug 28 05:29:18 UTC 2019
auto.tcl: Setting watchdog for 200 seconds at Wed Aug 28 05:29:18 UTC 2019
7 ms. Memory: 48128K Free: 24745K (51%)
ptolemy.util.test.WatchDog.cancel(): canceling Wed Aug 28 05:29:18 UTC 2019
------------------ testing $PTII/ptolemy/domains/de/test/auto/CQBug1.xml
auto.tcl: Setting watchdog for 200 seconds at Wed Aug 28 05:29:18 UTC 2019
3 ms. Memory: 48128K Free: 31552K (66%)
ptolemy.util.test.WatchDog.cancel(): canceling Wed Aug 28 05:29:18 UTC 2019
auto.tcl: Setting watchdog for 200 seconds at Wed Aug 28 05:29:18 UTC 2019
2 ms. Memory: 48128K Free: 31088K (65%)
ptolemy.util.test.WatchDog.cancel(): canceling Wed Aug 28 05:29:18 UTC 2019
------------------ testing $PTII/ptolemy/domains/de/test/auto/CancelFireAt.xml
auto.tcl: Setting watchdog for 200 seconds at Wed Aug 28 05:29:18 UTC 2019
6 ms. Memory: 45056K Free: 29612K (66%)
ptolemy.util.test.WatchDog.cancel(): canceling Wed Aug 28 05:29:18 UTC 2019
auto.tcl: Setting watchdog for 200 seconds at Wed Aug 28 05:29:18 UTC 2019
2 ms. Memory: 45056K Free: 29224K (65%)
ptolemy.util.test.WatchDog.cancel(): canceling Wed Aug 28 05:29:18 UTC 2019
------------------ testing $PTII/ptolemy/domains/de/test/auto/CausalityAndComposabilityAnalysis.xml
auto.tcl: Setting watchdog for 200 seconds at Wed Aug 28 05:29:18 UTC 2019
21 ms. Memory: 45056K Free: 27442K (61%)
ptolemy.util.test.WatchDog.cancel(): canceling Wed Aug 28 05:29:18 UTC 2019
auto.tcl: Setting watchdog for 200 seconds at Wed Aug 28 05:29:18 UTC 2019
5 ms. Memory: 45056K Free: 27054K (60%)
ptolemy.util.test.WatchDog.cancel(): canceling Wed Aug 28 05:29:18 UTC 2019
------------------ testing $PTII/ptolemy/domains/de/test/auto/CausalityInterface1.xml
auto.tcl: Setting watchdog for 200 seconds at Wed Aug 28 05:29:19 UTC 2019
39 ms. Memory: 45056K Free: 26360K (59%)
ptolemy.util.test.WatchDog.cancel(): canceling Wed Aug 28 05:29:19 UTC 2019
auto.tcl: Setting watchdog for 200 seconds at Wed Aug 28 05:29:19 UTC 2019
5 ms. Memory: 45056K Free: 25405K (56%)
ptolemy.util.test.WatchDog.cancel(): canceling Wed Aug 28 05:29:19 UTC 2019
------------------ testing $PTII/ptolemy/domains/de/test/auto/CausalityInterface15.xml
auto.tcl: Setting watchdog for 200 seconds at Wed Aug 28 05:29:19 UTC 2019
10 ms. Memory: 45056K Free: 25972K (58%)
ptolemy.util.test.WatchDog.cancel(): canceling Wed Aug 28 05:29:19 UTC 2019
auto.tcl: Setting watchdog for 200 seconds at Wed Aug 28 05:29:19 UTC 2019
8 ms. Memory: 45056K Free: 25369K (56%)
ptolemy.util.test.WatchDog.cancel(): canceling Wed Aug 28 05:29:19 UTC 2019
------------------ testing $PTII/ptolemy/domains/de/test/auto/CausalityInterface2.xml
auto.tcl: Setting watchdog for 200 seconds at Wed Aug 28 05:29:19 UTC 2019
6 ms. Memory: 45056K Free: 26543K (59%)
ptolemy.util.test.WatchDog.cancel(): canceling Wed Aug 28 05:29:19 UTC 2019
auto.tcl: Setting watchdog for 200 seconds at Wed Aug 28 05:29:19 UTC 2019
3 ms. Memory: 45056K Free: 25798K (57%)
ptolemy.util.test.WatchDog.cancel(): canceling Wed Aug 28 05:29:19 UTC 2019
------------------ testing $PTII/ptolemy/domains/de/test/auto/CausalityInterface3.xml
auto.tcl: Setting watchdog for 200 seconds at Wed Aug 28 05:29:19 UTC 2019
3 ms. Memory: 45056K Free: 26491K (59%)
ptolemy.util.test.WatchDog.cancel(): canceling Wed Aug 28 05:29:19 UTC 2019
auto.tcl: Setting watchdog for 200 seconds at Wed Aug 28 05:29:19 UTC 2019
4 ms. Memory: 45056K Free: 25763K (57%)
ptolemy.util.test.WatchDog.cancel(): canceling Wed Aug 28 05:29:19 UTC 2019
------------------ testing $PTII/ptolemy/domains/de/test/auto/ClockDrift.xml
auto.tcl: Setting watchdog for 200 seconds at Wed Aug 28 05:29:19 UTC 2019
83 ms. Memory: 45056K Free: 19127K (42%)
ptolemy.util.test.WatchDog.cancel(): canceling Wed Aug 28 05:29:19 UTC 2019
auto.tcl: Setting watchdog for 200 seconds at Wed Aug 28 05:29:19 UTC 2019
35 ms. Memory: 45056K Free: 16146K (36%)
ptolemy.util.test.WatchDog.cancel(): canceling Wed Aug 28 05:29:19 UTC 2019
------------------ testing $PTII/ptolemy/domains/de/test/auto/ClockDriftAndValueChange.xml
auto.tcl: Setting watchdog for 200 seconds at Wed Aug 28 05:29:19 UTC 2019
51 ms. Memory: 45056K Free: 19215K (43%)
ptolemy.util.test.WatchDog.cancel(): canceling Wed Aug 28 05:29:19 UTC 2019
auto.tcl: Setting watchdog for 200 seconds at Wed Aug 28 05:29:19 UTC 2019
32 ms. Memory: 45056K Free: 16370K (36%)
ptolemy.util.test.WatchDog.cancel(): canceling Wed Aug 28 05:29:19 UTC 2019
------------------ testing $PTII/ptolemy/domains/de/test/auto/ClockDriftChange.xml
auto.tcl: Setting watchdog for 200 seconds at Wed Aug 28 05:29:19 UTC 2019
21 ms. Memory: 45056K Free: 21261K (47%)
ptolemy.util.test.WatchDog.cancel(): canceling Wed Aug 28 05:29:19 UTC 2019
auto.tcl: Setting watchdog for 200 seconds at Wed Aug 28 05:29:19 UTC 2019
23 ms. Memory: 45056K Free: 18732K (42%)
ptolemy.util.test.WatchDog.cancel(): canceling Wed Aug 28 05:29:19 UTC 2019
------------------ testing $PTII/ptolemy/domains/de/test/auto/ComposableCausalityAnalysis.xml
auto.tcl: Setting watchdog for 200 seconds at Wed Aug 28 05:29:20 UTC 2019
2 ms. Memory: 45056K Free: 25892K (57%)
ptolemy.util.test.WatchDog.cancel(): canceling Wed Aug 28 05:29:20 UTC 2019
auto.tcl: Setting watchdog for 200 seconds at Wed Aug 28 05:29:20 UTC 2019
3 ms. Memory: 45056K Free: 24876K (55%)
ptolemy.util.test.WatchDog.cancel(): canceling Wed Aug 28 05:29:20 UTC 2019
------------------ testing $PTII/ptolemy/domains/de/test/auto/DEFixedPointLimitation.xml
auto.tcl: Setting watchdog for 200 seconds at Wed Aug 28 05:29:20 UTC 2019
5 ms. Memory: 45056K Free: 27271K (61%)
ptolemy.util.test.WatchDog.cancel(): canceling Wed Aug 28 05:29:20 UTC 2019
auto.tcl: Setting watchdog for 200 seconds at Wed Aug 28 05:29:20 UTC 2019
2 ms. Memory: 45056K Free: 26357K (58%)
ptolemy.util.test.WatchDog.cancel(): canceling Wed Aug 28 05:29:20 UTC 2019
------------------ testing $PTII/ptolemy/domains/de/test/auto/DEScheduleTest.xml
auto.tcl: Setting watchdog for 200 seconds at Wed Aug 28 05:29:20 UTC 2019
4 ms. Memory: 45056K Free: 27545K (61%)
ptolemy.util.test.WatchDog.cancel(): canceling Wed Aug 28 05:29:20 UTC 2019
auto.tcl: Setting watchdog for 200 seconds at Wed Aug 28 05:29:20 UTC 2019
3 ms. Memory: 45056K Free: 26789K (59%)
ptolemy.util.test.WatchDog.cancel(): canceling Wed Aug 28 05:29:20 UTC 2019
------------------ testing $PTII/ptolemy/domains/de/test/auto/DEinDEwithStartTimes.xml
auto.tcl: Setting watchdog for 200 seconds at Wed Aug 28 05:29:20 UTC 2019
4 ms. Memory: 45056K Free: 25707K (57%)
ptolemy.util.test.WatchDog.cancel(): canceling Wed Aug 28 05:29:20 UTC 2019
auto.tcl: Setting watchdog for 200 seconds at Wed Aug 28 05:29:20 UTC 2019
5 ms. Memory: 45056K Free: 24309K (54%)
ptolemy.util.test.WatchDog.cancel(): canceling Wed Aug 28 05:29:20 UTC 2019
------------------ testing $PTII/ptolemy/domains/de/test/auto/DEinDEwithStartTimes2.xml
auto.tcl: Setting watchdog for 200 seconds at Wed Aug 28 05:29:20 UTC 2019
4 ms. Memory: 45056K Free: 24944K (55%)
ptolemy.util.test.WatchDog.cancel(): canceling Wed Aug 28 05:29:20 UTC 2019
auto.tcl: Setting watchdog for 200 seconds at Wed Aug 28 05:29:20 UTC 2019
4 ms. Memory: 45056K Free: 23620K (52%)
ptolemy.util.test.WatchDog.cancel(): canceling Wed Aug 28 05:29:20 UTC 2019
------------------ testing $PTII/ptolemy/domains/de/test/auto/DateDemo.xml
auto.tcl: Setting watchdog for 200 seconds at Wed Aug 28 05:29:20 UTC 2019
13 ms. Memory: 45056K Free: 19263K (43%)
ptolemy.util.test.WatchDog.cancel(): canceling Wed Aug 28 05:29:20 UTC 2019
auto.tcl: Setting watchdog for 200 seconds at Wed Aug 28 05:29:20 UTC 2019
9 ms. Memory: 45056K Free: 17673K (39%)
ptolemy.util.test.WatchDog.cancel(): canceling Wed Aug 28 05:29:20 UTC 2019
------------------ testing $PTII/ptolemy/domains/de/test/auto/DateToEvent.xml
auto.tcl: Setting watchdog for 200 seconds at Wed Aug 28 05:29:20 UTC 2019
2015 ms. Memory: 45056K Free: 15185K (34%)
ptolemy.util.test.WatchDog.cancel(): canceling Wed Aug 28 05:29:22 UTC 2019
auto.tcl: Setting watchdog for 200 seconds at Wed Aug 28 05:29:22 UTC 2019
2006 ms. Memory: 45056K Free: 14450K (32%)
ptolemy.util.test.WatchDog.cancel(): canceling Wed Aug 28 05:29:24 UTC 2019
------------------ testing $PTII/ptolemy/domains/de/test/auto/DepthTest1.xml
auto.tcl: Setting watchdog for 200 seconds at Wed Aug 28 05:29:24 UTC 2019
4 ms. Memory: 45056K Free: 28477K (63%)
ptolemy.util.test.WatchDog.cancel(): canceling Wed Aug 28 05:29:24 UTC 2019
auto.tcl: Setting watchdog for 200 seconds at Wed Aug 28 05:29:24 UTC 2019
2 ms. Memory: 45056K Free: 27969K (62%)
ptolemy.util.test.WatchDog.cancel(): canceling Wed Aug 28 05:29:24 UTC 2019
------------------ testing $PTII/ptolemy/domains/de/test/auto/DepthTest2.xml
auto.tcl: Setting watchdog for 200 seconds at Wed Aug 28 05:29:24 UTC 2019
3 ms. Memory: 45056K Free: 25161K (56%)
ptolemy.util.test.WatchDog.cancel(): canceling Wed Aug 28 05:29:24 UTC 2019
auto.tcl: Setting watchdog for 200 seconds at Wed Aug 28 05:29:24 UTC 2019
2 ms. Memory: 45056K Free: 24783K (55%)
ptolemy.util.test.WatchDog.cancel(): canceling Wed Aug 28 05:29:24 UTC 2019
------------------ testing $PTII/ptolemy/domains/de/test/auto/DepthTest3.xml
auto.tcl: Setting watchdog for 200 seconds at Wed Aug 28 05:29:24 UTC 2019
2 ms. Memory: 45056K Free: 28660K (64%)
ptolemy.util.test.WatchDog.cancel(): canceling Wed Aug 28 05:29:24 UTC 2019
auto.tcl: Setting watchdog for 200 seconds at Wed Aug 28 05:29:24 UTC 2019
1 ms. Memory: 45056K Free: 28281K (63%)
ptolemy.util.test.WatchDog.cancel(): canceling Wed Aug 28 05:29:24 UTC 2019
------------------ testing $PTII/ptolemy/domains/de/test/auto/DepthTest4.xml
auto.tcl: Setting watchdog for 200 seconds at Wed Aug 28 05:29:24 UTC 2019
4 ms. Memory: 45056K Free: 27012K (60%)
ptolemy.util.test.WatchDog.cancel(): canceling Wed Aug 28 05:29:24 UTC 2019
auto.tcl: Setting watchdog for 200 seconds at Wed Aug 28 05:29:24 UTC 2019
3 ms. Memory: 45056K Free: 26299K (58%)
ptolemy.util.test.WatchDog.cancel(): canceling Wed Aug 28 05:29:24 UTC 2019
------------------ testing $PTII/ptolemy/domains/de/test/auto/DepthTest5.xml
auto.tcl: Setting watchdog for 200 seconds at Wed Aug 28 05:29:24 UTC 2019
3 ms. Memory: 45056K Free: 26164K (58%)
ptolemy.util.test.WatchDog.cancel(): canceling Wed Aug 28 05:29:25 UTC 2019
auto.tcl: Setting watchdog for 200 seconds at Wed Aug 28 05:29:25 UTC 2019
2 ms. Memory: 45056K Free: 25786K (57%)
ptolemy.util.test.WatchDog.cancel(): canceling Wed Aug 28 05:29:25 UTC 2019
------------------ testing $PTII/ptolemy/domains/de/test/auto/DepthTest6.xml
auto.tcl: Setting watchdog for 200 seconds at Wed Aug 28 05:29:25 UTC 2019
3 ms. Memory: 45056K Free: 26140K (58%)
ptolemy.util.test.WatchDog.cancel(): canceling Wed Aug 28 05:29:25 UTC 2019
auto.tcl: Setting watchdog for 200 seconds at Wed Aug 28 05:29:25 UTC 2019
3 ms. Memory: 45056K Free: 25599K (57%)
ptolemy.util.test.WatchDog.cancel(): canceling Wed Aug 28 05:29:25 UTC 2019
------------------ testing $PTII/ptolemy/domains/de/test/auto/DepthTest7.xml
auto.tcl: Setting watchdog for 200 seconds at Wed Aug 28 05:29:25 UTC 2019
3 ms. Memory: 45056K Free: 26942K (60%)
ptolemy.util.test.WatchDog.cancel(): canceling Wed Aug 28 05:29:25 UTC 2019
auto.tcl: Setting watchdog for 200 seconds at Wed Aug 28 05:29:25 UTC 2019
2 ms. Memory: 45056K Free: 26202K (58%)
ptolemy.util.test.WatchDog.cancel(): canceling Wed Aug 28 05:29:25 UTC 2019
------------------ testing $PTII/ptolemy/domains/de/test/auto/EventToDate.xml
auto.tcl: Setting watchdog for 200 seconds at Wed Aug 28 05:29:25 UTC 2019
3007 ms. Memory: 45056K Free: 17749K (39%)
ptolemy.util.test.WatchDog.cancel(): canceling Wed Aug 28 05:29:28 UTC 2019
auto.tcl: Setting watchdog for 200 seconds at Wed Aug 28 05:29:28 UTC 2019
3005 ms. Memory: 45056K Free: 17045K (38%)
ptolemy.util.test.WatchDog.cancel(): canceling Wed Aug 28 05:29:31 UTC 2019
------------------ testing $PTII/ptolemy/domains/de/test/auto/FSM1.xml
auto.tcl: Setting watchdog for 200 seconds at Wed Aug 28 05:29:31 UTC 2019
37 ms. Memory: 45056K Free: 18948K (42%)
ptolemy.util.test.WatchDog.cancel(): canceling Wed Aug 28 05:29:31 UTC 2019
auto.tcl: Setting watchdog for 200 seconds at Wed Aug 28 05:29:31 UTC 2019
23 ms. Memory: 45056K Free: 15722K (35%)
ptolemy.util.test.WatchDog.cancel(): canceling Wed Aug 28 05:29:31 UTC 2019
------------------ testing $PTII/ptolemy/domains/de/test/auto/FSM7.xml
auto.tcl: Setting watchdog for 200 seconds at Wed Aug 28 05:29:31 UTC 2019
27 ms. Memory: 45056K Free: 18627K (41%)
ptolemy.util.test.WatchDog.cancel(): canceling Wed Aug 28 05:29:31 UTC 2019
auto.tcl: Setting watchdog for 200 seconds at Wed Aug 28 05:29:31 UTC 2019
25 ms. Memory: 45056K Free: 15533K (34%)
ptolemy.util.test.WatchDog.cancel(): canceling Wed Aug 28 05:29:31 UTC 2019
------------------ testing $PTII/ptolemy/domains/de/test/auto/Inspection.xml
auto.tcl: Setting watchdog for 200 seconds at Wed Aug 28 05:29:31 UTC 2019
31 ms. Memory: 45056K Free: 18675K (41%)
ptolemy.util.test.WatchDog.cancel(): canceling Wed Aug 28 05:29:31 UTC 2019
auto.tcl: Setting watchdog for 200 seconds at Wed Aug 28 05:29:31 UTC 2019
19 ms. Memory: 45056K Free: 16939K (38%)
ptolemy.util.test.WatchDog.cancel(): canceling Wed Aug 28 05:29:31 UTC 2019
------------------ testing $PTII/ptolemy/domains/de/test/auto/Iteration.xml
auto.tcl: Setting watchdog for 200 seconds at Wed Aug 28 05:29:31 UTC 2019
7 ms. Memory: 45056K Free: 24430K (54%)
ptolemy.util.test.WatchDog.cancel(): canceling Wed Aug 28 05:29:31 UTC 2019
auto.tcl: Setting watchdog for 200 seconds at Wed Aug 28 05:29:31 UTC 2019
7 ms. Memory: 45056K Free: 22993K (51%)
ptolemy.util.test.WatchDog.cancel(): canceling Wed Aug 28 05:29:31 UTC 2019
------------------ testing $PTII/ptolemy/domains/de/test/auto/LineFault.xml
auto.tcl: Setting watchdog for 200 seconds at Wed Aug 28 05:29:31 UTC 2019
660 ms. Memory: 45056K Free: 12139K (27%)
ptolemy.util.test.WatchDog.cancel(): canceling Wed Aug 28 05:29:32 UTC 2019
auto.tcl: Setting watchdog for 200 seconds at Wed Aug 28 05:29:32 UTC 2019
589 ms. Memory: 55296K Free: 27675K (50%)
ptolemy.util.test.WatchDog.cancel(): canceling Wed Aug 28 05:29:33 UTC 2019
------------------ testing $PTII/ptolemy/domains/de/test/auto/MergeModel1Add.xml
auto.tcl: Setting watchdog for 200 seconds at Wed Aug 28 05:29:33 UTC 2019
32 ms. Memory: 55296K Free: 20326K (37%)
ptolemy.util.test.WatchDog.cancel(): canceling Wed Aug 28 05:29:33 UTC 2019
auto.tcl: Setting watchdog for 200 seconds at Wed Aug 28 05:29:33 UTC 2019
12 ms. Memory: 55296K Free: 18682K (34%)
ptolemy.util.test.WatchDog.cancel(): canceling Wed Aug 28 05:29:33 UTC 2019
------------------ testing $PTII/ptolemy/domains/de/test/auto/MergeModel2Add.xml
auto.tcl: Setting watchdog for 200 seconds at Wed Aug 28 05:29:33 UTC 2019
11 ms. Memory: 51200K Free: 18080K (35%)
ptolemy.util.test.WatchDog.cancel(): canceling Wed Aug 28 05:29:33 UTC 2019
auto.tcl: Setting watchdog for 200 seconds at Wed Aug 28 05:29:33 UTC 2019
11 ms. Memory: 51200K Free: 16327K (32%)
ptolemy.util.test.WatchDog.cancel(): canceling Wed Aug 28 05:29:33 UTC 2019
------------------ testing $PTII/ptolemy/domains/de/test/auto/MergeModel3Add.xml
auto.tcl: Setting watchdog for 200 seconds at Wed Aug 28 05:29:33 UTC 2019
9 ms. Memory: 48128K Free: 15210K (32%)
ptolemy.util.test.WatchDog.cancel(): canceling Wed Aug 28 05:29:33 UTC 2019
auto.tcl: Setting watchdog for 200 seconds at Wed Aug 28 05:29:33 UTC 2019
7 ms. Memory: 48128K Free: 13685K (28%)
ptolemy.util.test.WatchDog.cancel(): canceling Wed Aug 28 05:29:33 UTC 2019
------------------ testing $PTII/ptolemy/domains/de/test/auto/MergeWithoutDiscard.xml
auto.tcl: Setting watchdog for 200 seconds at Wed Aug 28 05:29:33 UTC 2019
2 ms. Memory: 48128K Free: 29810K (62%)
ptolemy.util.test.WatchDog.cancel(): canceling Wed Aug 28 05:29:33 UTC 2019
auto.tcl: Setting watchdog for 200 seconds at Wed Aug 28 05:29:33 UTC 2019
1 ms. Memory: 48128K Free: 29395K (61%)
ptolemy.util.test.WatchDog.cancel(): canceling Wed Aug 28 05:29:33 UTC 2019
------------------ testing $PTII/ptolemy/domains/de/test/auto/Modal1.xml
auto.tcl: Setting watchdog for 200 seconds at Wed Aug 28 05:29:34 UTC 2019
18 ms. Memory: 48128K Free: 21943K (46%)
ptolemy.util.test.WatchDog.cancel(): canceling Wed Aug 28 05:29:34 UTC 2019
auto.tcl: Setting watchdog for 200 seconds at Wed Aug 28 05:29:34 UTC 2019
20 ms. Memory: 48128K Free: 18682K (39%)
ptolemy.util.test.WatchDog.cancel(): canceling Wed Aug 28 05:29:34 UTC 2019
------------------ testing $PTII/ptolemy/domains/de/test/auto/Modal2.xml
auto.tcl: Setting watchdog for 200 seconds at Wed Aug 28 05:29:34 UTC 2019
12 ms. Memory: 48128K Free: 21821K (45%)
ptolemy.util.test.WatchDog.cancel(): canceling Wed Aug 28 05:29:34 UTC 2019
auto.tcl: Setting watchdog for 200 seconds at Wed Aug 28 05:29:34 UTC 2019
16 ms. Memory: 48128K Free: 18607K (39%)
ptolemy.util.test.WatchDog.cancel(): canceling Wed Aug 28 05:29:34 UTC 2019
------------------ testing $PTII/ptolemy/domains/de/test/auto/Modal3.xml
auto.tcl: Setting watchdog for 200 seconds at Wed Aug 28 05:29:34 UTC 2019
11 ms. Memory: 48128K Free: 21795K (45%)
ptolemy.util.test.WatchDog.cancel(): canceling Wed Aug 28 05:29:34 UTC 2019
auto.tcl: Setting watchdog for 200 seconds at Wed Aug 28 05:29:34 UTC 2019
12 ms. Memory: 48128K Free: 18206K (38%)
ptolemy.util.test.WatchDog.cancel(): canceling Wed Aug 28 05:29:34 UTC 2019
------------------ testing $PTII/ptolemy/domains/de/test/auto/Modal4.xml
auto.tcl: Setting watchdog for 200 seconds at Wed Aug 28 05:29:34 UTC 2019
30 ms. Memory: 48128K Free: 20806K (43%)
ptolemy.util.test.WatchDog.cancel(): canceling Wed Aug 28 05:29:34 UTC 2019
auto.tcl: Setting watchdog for 200 seconds at Wed Aug 28 05:29:34 UTC 2019
21 ms. Memory: 48128K Free: 16937K (35%)
ptolemy.util.test.WatchDog.cancel(): canceling Wed Aug 28 05:29:34 UTC 2019
------------------ testing $PTII/ptolemy/domains/de/test/auto/Modal5.xml
auto.tcl: Setting watchdog for 200 seconds at Wed Aug 28 05:29:34 UTC 2019
14 ms. Memory: 48128K Free: 20755K (43%)
ptolemy.util.test.WatchDog.cancel(): canceling Wed Aug 28 05:29:34 UTC 2019
auto.tcl: Setting watchdog for 200 seconds at Wed Aug 28 05:29:34 UTC 2019
14 ms. Memory: 48128K Free: 16924K (35%)
ptolemy.util.test.WatchDog.cancel(): canceling Wed Aug 28 05:29:34 UTC 2019
------------------ testing $PTII/ptolemy/domains/de/test/auto/Modal6.xml
auto.tcl: Setting watchdog for 200 seconds at Wed Aug 28 05:29:34 UTC 2019
17 ms. Memory: 48128K Free: 21559K (45%)
ptolemy.util.test.WatchDog.cancel(): canceling Wed Aug 28 05:29:34 UTC 2019
auto.tcl: Setting watchdog for 200 seconds at Wed Aug 28 05:29:34 UTC 2019
20 ms. Memory: 48128K Free: 17572K (37%)
ptolemy.util.test.WatchDog.cancel(): canceling Wed Aug 28 05:29:34 UTC 2019
------------------ testing $PTII/ptolemy/domains/de/test/auto/Modal7.xml
auto.tcl: Setting watchdog for 200 seconds at Wed Aug 28 05:29:34 UTC 2019
18 ms. Memory: 48128K Free: 20567K (43%)
ptolemy.util.test.WatchDog.cancel(): canceling Wed Aug 28 05:29:34 UTC 2019
auto.tcl: Setting watchdog for 200 seconds at Wed Aug 28 05:29:34 UTC 2019
11 ms. Memory: 48128K Free: 16923K (35%)
ptolemy.util.test.WatchDog.cancel(): canceling Wed Aug 28 05:29:34 UTC 2019
------------------ testing $PTII/ptolemy/domains/de/test/auto/ModalModel.xml
auto.tcl: Setting watchdog for 200 seconds at Wed Aug 28 05:29:34 UTC 2019
194 ms. Memory: 58368K Free: 39215K (67%)
ptolemy.util.test.WatchDog.cancel(): canceling Wed Aug 28 05:29:35 UTC 2019
auto.tcl: Setting watchdog for 200 seconds at Wed Aug 28 05:29:35 UTC 2019
215 ms. Memory: 58368K Free: 33550K (57%)
ptolemy.util.test.WatchDog.cancel(): canceling Wed Aug 28 05:29:35 UTC 2019
------------------ testing $PTII/ptolemy/domains/de/test/auto/ModalSource.xml
auto.tcl: Setting watchdog for 200 seconds at Wed Aug 28 05:29:35 UTC 2019
7 ms. Memory: 51200K Free: 28670K (56%)
ptolemy.util.test.WatchDog.cancel(): canceling Wed Aug 28 05:29:35 UTC 2019
auto.tcl: Setting watchdog for 200 seconds at Wed Aug 28 05:29:35 UTC 2019
6 ms. Memory: 51200K Free: 26621K (52%)
ptolemy.util.test.WatchDog.cancel(): canceling Wed Aug 28 05:29:35 UTC 2019
------------------ testing $PTII/ptolemy/domains/de/test/auto/NonInterruptibleTimerZeroDelay.xml
auto.tcl: Setting watchdog for 200 seconds at Wed Aug 28 05:29:35 UTC 2019
4 ms. Memory: 51200K Free: 33612K (66%)
ptolemy.util.test.WatchDog.cancel(): canceling Wed Aug 28 05:29:35 UTC 2019
auto.tcl: Setting watchdog for 200 seconds at Wed Aug 28 05:29:35 UTC 2019
3 ms. Memory: 51200K Free: 32958K (64%)
ptolemy.util.test.WatchDog.cancel(): canceling Wed Aug 28 05:29:35 UTC 2019
------------------ testing $PTII/ptolemy/domains/de/test/auto/OpenQueueingNetwork.xml
auto.tcl: Setting watchdog for 200 seconds at Wed Aug 28 05:29:35 UTC 2019
3287 ms. Memory: 102400K Free: 70040K (68%)
ptolemy.util.test.WatchDog.cancel(): canceling Wed Aug 28 05:29:38 UTC 2019
auto.tcl: Setting watchdog for 200 seconds at Wed Aug 28 05:29:38 UTC 2019
2793 ms. Memory: 147456K Free: 70014K (47%)
ptolemy.util.test.WatchDog.cancel(): canceling Wed Aug 28 05:29:41 UTC 2019
------------------ testing $PTII/ptolemy/domains/de/test/auto/OpenQueuingNetwork.xml
auto.tcl: Setting watchdog for 200 seconds at Wed Aug 28 05:29:41 UTC 2019
304 ms. Memory: 51200K Free: 16121K (31%)
ptolemy.util.test.WatchDog.cancel(): canceling Wed Aug 28 05:29:42 UTC 2019
auto.tcl: Setting watchdog for 200 seconds at Wed Aug 28 05:29:42 UTC 2019
296 ms. Memory: 51200K Free: 19963K (39%)
ptolemy.util.test.WatchDog.cancel(): canceling Wed Aug 28 05:29:42 UTC 2019
------------------ testing $PTII/ptolemy/domains/de/test/auto/PeriodicSampler.xml
auto.tcl: Setting watchdog for 200 seconds at Wed Aug 28 05:29:42 UTC 2019
4 ms. Memory: 48128K Free: 29734K (62%)
ptolemy.util.test.WatchDog.cancel(): canceling Wed Aug 28 05:29:42 UTC 2019
auto.tcl: Setting watchdog for 200 seconds at Wed Aug 28 05:29:42 UTC 2019
2 ms. Memory: 48128K Free: 28762K (60%)
ptolemy.util.test.WatchDog.cancel(): canceling Wed Aug 28 05:29:42 UTC 2019
------------------ testing $PTII/ptolemy/domains/de/test/auto/PersistentIO.xml
auto.tcl: Setting watchdog for 200 seconds at Wed Aug 28 05:29:42 UTC 2019
12 ms. Memory: 48128K Free: 24666K (51%)
ptolemy.util.test.WatchDog.cancel(): canceling Wed Aug 28 05:29:42 UTC 2019
auto.tcl: Setting watchdog for 200 seconds at Wed Aug 28 05:29:42 UTC 2019
5 ms. Memory: 48128K Free: 23215K (48%)
ptolemy.util.test.WatchDog.cancel(): canceling Wed Aug 28 05:29:42 UTC 2019
------------------ testing $PTII/ptolemy/domains/de/test/auto/PortParameterResetOnInitialize.xml
auto.tcl: Setting watchdog for 200 seconds at Wed Aug 28 05:29:42 UTC 2019
2 ms. Memory: 48128K Free: 29630K (62%)
ptolemy.util.test.WatchDog.cancel(): canceling Wed Aug 28 05:29:42 UTC 2019
auto.tcl: Setting watchdog for 200 seconds at Wed Aug 28 05:29:42 UTC 2019
2 ms. Memory: 48128K Free: 29160K (61%)
ptolemy.util.test.WatchDog.cancel(): canceling Wed Aug 28 05:29:42 UTC 2019
------------------ testing $PTII/ptolemy/domains/de/test/auto/PortParameterUpdates.xml
auto.tcl: Setting watchdog for 200 seconds at Wed Aug 28 05:29:42 UTC 2019
5 ms. Memory: 48128K Free: 27711K (58%)
ptolemy.util.test.WatchDog.cancel(): canceling Wed Aug 28 05:29:42 UTC 2019
auto.tcl: Setting watchdog for 200 seconds at Wed Aug 28 05:29:42 UTC 2019
5 ms. Memory: 48128K Free: 26267K (55%)
ptolemy.util.test.WatchDog.cancel(): canceling Wed Aug 28 05:29:42 UTC 2019
------------------ testing $PTII/ptolemy/domains/de/test/auto/QueueAndServer.xml
auto.tcl: Setting watchdog for 200 seconds at Wed Aug 28 05:29:42 UTC 2019
16 ms. Memory: 48128K Free: 26659K (55%)
ptolemy.util.test.WatchDog.cancel(): canceling Wed Aug 28 05:29:42 UTC 2019
auto.tcl: Setting watchdog for 200 seconds at Wed Aug 28 05:29:42 UTC 2019
9 ms. Memory: 48128K Free: 25182K (52%)
ptolemy.util.test.WatchDog.cancel(): canceling Wed Aug 28 05:29:42 UTC 2019
------------------ testing $PTII/ptolemy/domains/de/test/auto/Records.xml
auto.tcl: Setting watchdog for 200 seconds at Wed Aug 28 05:29:42 UTC 2019
5 ms. Memory: 48128K Free: 29192K (61%)
ptolemy.util.test.WatchDog.cancel(): canceling Wed Aug 28 05:29:42 UTC 2019
auto.tcl: Setting watchdog for 200 seconds at Wed Aug 28 05:29:42 UTC 2019
3 ms. Memory: 48128K Free: 28705K (60%)
ptolemy.util.test.WatchDog.cancel(): canceling Wed Aug 28 05:29:42 UTC 2019
------------------ testing $PTII/ptolemy/domains/de/test/auto/ResetTransitionWithStartTime1.xml
auto.tcl: Setting watchdog for 200 seconds at Wed Aug 28 05:29:43 UTC 2019
10 ms. Memory: 48128K Free: 26255K (55%)
ptolemy.util.test.WatchDog.cancel(): canceling Wed Aug 28 05:29:43 UTC 2019
auto.tcl: Setting watchdog for 200 seconds at Wed Aug 28 05:29:43 UTC 2019
6 ms. Memory: 48128K Free: 23626K (49%)
ptolemy.util.test.WatchDog.cancel(): canceling Wed Aug 28 05:29:43 UTC 2019
------------------ testing $PTII/ptolemy/domains/de/test/auto/ResetTransitionWithStartTime2.xml
auto.tcl: Setting watchdog for 200 seconds at Wed Aug 28 05:29:43 UTC 2019
5 ms. Memory: 48128K Free: 26097K (54%)
ptolemy.util.test.WatchDog.cancel(): canceling Wed Aug 28 05:29:43 UTC 2019
auto.tcl: Setting watchdog for 200 seconds at Wed Aug 28 05:29:43 UTC 2019
6 ms. Memory: 48128K Free: 23581K (49%)
ptolemy.util.test.WatchDog.cancel(): canceling Wed Aug 28 05:29:43 UTC 2019
------------------ testing $PTII/ptolemy/domains/de/test/auto/ResetTransitionWithStartTime3.xml
auto.tcl: Setting watchdog for 200 seconds at Wed Aug 28 05:29:43 UTC 2019
10 ms. Memory: 48128K Free: 26096K (54%)
ptolemy.util.test.WatchDog.cancel(): canceling Wed Aug 28 05:29:43 UTC 2019
auto.tcl: Setting watchdog for 200 seconds at Wed Aug 28 05:29:43 UTC 2019
7 ms. Memory: 48128K Free: 23581K (49%)
ptolemy.util.test.WatchDog.cancel(): canceling Wed Aug 28 05:29:43 UTC 2019
------------------ testing $PTII/ptolemy/domains/de/test/auto/ResetTransitionWithStartTime4.xml
auto.tcl: Setting watchdog for 200 seconds at Wed Aug 28 05:29:43 UTC 2019
10 ms. Memory: 48128K Free: 26585K (55%)
ptolemy.util.test.WatchDog.cancel(): canceling Wed Aug 28 05:29:43 UTC 2019
auto.tcl: Setting watchdog for 200 seconds at Wed Aug 28 05:29:43 UTC 2019
5 ms. Memory: 48128K Free: 25132K (52%)
ptolemy.util.test.WatchDog.cancel(): canceling Wed Aug 28 05:29:43 UTC 2019
------------------ testing $PTII/ptolemy/domains/de/test/auto/ResettableTimer1.xml
auto.tcl: Setting watchdog for 200 seconds at Wed Aug 28 05:29:43 UTC 2019
3 ms. Memory: 48128K Free: 30566K (64%)
ptolemy.util.test.WatchDog.cancel(): canceling Wed Aug 28 05:29:43 UTC 2019
auto.tcl: Setting watchdog for 200 seconds at Wed Aug 28 05:29:43 UTC 2019
2 ms. Memory: 48128K Free: 29689K (62%)
ptolemy.util.test.WatchDog.cancel(): canceling Wed Aug 28 05:29:43 UTC 2019
------------------ testing $PTII/ptolemy/domains/de/test/auto/ResettableTimer2.xml
auto.tcl: Setting watchdog for 200 seconds at Wed Aug 28 05:29:43 UTC 2019
3 ms. Memory: 48128K Free: 30382K (63%)
ptolemy.util.test.WatchDog.cancel(): canceling Wed Aug 28 05:29:43 UTC 2019
auto.tcl: Setting watchdog for 200 seconds at Wed Aug 28 05:29:43 UTC 2019
2 ms. Memory: 48128K Free: 29732K (62%)
ptolemy.util.test.WatchDog.cancel(): canceling Wed Aug 28 05:29:43 UTC 2019
------------------ testing $PTII/ptolemy/domains/de/test/auto/ResettableTimer3.xml
auto.tcl: Setting watchdog for 200 seconds at Wed Aug 28 05:29:43 UTC 2019
2 ms. Memory: 48128K Free: 30259K (63%)
ptolemy.util.test.WatchDog.cancel(): canceling Wed Aug 28 05:29:43 UTC 2019
auto.tcl: Setting watchdog for 200 seconds at Wed Aug 28 05:29:43 UTC 2019
1 ms. Memory: 48128K Free: 30229K (63%)
ptolemy.util.test.WatchDog.cancel(): canceling Wed Aug 28 05:29:43 UTC 2019
------------------ testing $PTII/ptolemy/domains/de/test/auto/ResettableTimer4.xml
auto.tcl: Setting watchdog for 200 seconds at Wed Aug 28 05:29:43 UTC 2019
1 ms. Memory: 48128K Free: 30272K (63%)
ptolemy.util.test.WatchDog.cancel(): canceling Wed Aug 28 05:29:43 UTC 2019
auto.tcl: Setting watchdog for 200 seconds at Wed Aug 28 05:29:43 UTC 2019
1 ms. Memory: 48128K Free: 29761K (62%)
ptolemy.util.test.WatchDog.cancel(): canceling Wed Aug 28 05:29:43 UTC 2019
------------------ testing $PTII/ptolemy/domains/de/test/auto/ResettableTimer5.xml
auto.tcl: Setting watchdog for 200 seconds at Wed Aug 28 05:29:43 UTC 2019
2 ms. Memory: 48128K Free: 29713K (62%)
ptolemy.util.test.WatchDog.cancel(): canceling Wed Aug 28 05:29:43 UTC 2019
auto.tcl: Setting watchdog for 200 seconds at Wed Aug 28 05:29:43 UTC 2019
1 ms. Memory: 48128K Free: 29231K (61%)
ptolemy.util.test.WatchDog.cancel(): canceling Wed Aug 28 05:29:43 UTC 2019
------------------ testing $PTII/ptolemy/domains/de/test/auto/ResettableTimer6.xml
auto.tcl: Setting watchdog for 200 seconds at Wed Aug 28 05:29:43 UTC 2019
2 ms. Memory: 48128K Free: 29704K (62%)
ptolemy.util.test.WatchDog.cancel(): canceling Wed Aug 28 05:29:43 UTC 2019
auto.tcl: Setting watchdog for 200 seconds at Wed Aug 28 05:29:43 UTC 2019
2 ms. Memory: 48128K Free: 29208K (61%)
ptolemy.util.test.WatchDog.cancel(): canceling Wed Aug 28 05:29:43 UTC 2019
------------------ testing $PTII/ptolemy/domains/de/test/auto/ServerZeroDelay.xml
auto.tcl: Setting watchdog for 200 seconds at Wed Aug 28 05:29:43 UTC 2019
3 ms. Memory: 48128K Free: 30222K (63%)
ptolemy.util.test.WatchDog.cancel(): canceling Wed Aug 28 05:29:43 UTC 2019
auto.tcl: Setting watchdog for 200 seconds at Wed Aug 28 05:29:43 UTC 2019
3 ms. Memory: 48128K Free: 29275K (61%)
ptolemy.util.test.WatchDog.cancel(): canceling Wed Aug 28 05:29:43 UTC 2019
------------------ testing $PTII/ptolemy/domains/de/test/auto/SmartSender.xml
auto.tcl: Setting watchdog for 200 seconds at Wed Aug 28 05:29:43 UTC 2019
3002 ms. Memory: 48128K Free: 30231K (63%)
ptolemy.util.test.WatchDog.cancel(): canceling Wed Aug 28 05:29:46 UTC 2019
auto.tcl: Setting watchdog for 200 seconds at Wed Aug 28 05:29:46 UTC 2019
3002 ms. Memory: 48128K Free: 29703K (62%)
ptolemy.util.test.WatchDog.cancel(): canceling Wed Aug 28 05:29:49 UTC 2019
------------------ testing $PTII/ptolemy/domains/de/test/auto/ThreadedComposite.xml
auto.tcl: Setting watchdog for 200 seconds at Wed Aug 28 05:29:49 UTC 2019
166 ms. Memory: 48128K Free: 10775K (22%)
ptolemy.util.test.WatchDog.cancel(): canceling Wed Aug 28 05:29:50 UTC 2019
auto.tcl: Setting watchdog for 200 seconds at Wed Aug 28 05:29:50 UTC 2019
1220 ms. Memory: 48128K Free: 28826K (60%)
ptolemy.util.test.WatchDog.cancel(): canceling Wed Aug 28 05:29:51 UTC 2019
------------------ testing $PTII/ptolemy/domains/de/test/auto/Time.xml
auto.tcl: Setting watchdog for 200 seconds at Wed Aug 28 05:29:51 UTC 2019
584 ms. Memory: 48128K Free: 28955K (60%)
ptolemy.util.test.WatchDog.cancel(): canceling Wed Aug 28 05:29:52 UTC 2019
auto.tcl: Setting watchdog for 200 seconds at Wed Aug 28 05:29:52 UTC 2019
548 ms. Memory: 48128K Free: 28052K (58%)
ptolemy.util.test.WatchDog.cancel(): canceling Wed Aug 28 05:29:52 UTC 2019
------------------ testing $PTII/ptolemy/domains/de/test/auto/TimeDelayZeroDelay.xml
auto.tcl: Setting watchdog for 200 seconds at Wed Aug 28 05:29:52 UTC 2019
2 ms. Memory: 48128K Free: 30624K (64%)
ptolemy.util.test.WatchDog.cancel(): canceling Wed Aug 28 05:29:52 UTC 2019
auto.tcl: Setting watchdog for 200 seconds at Wed Aug 28 05:29:52 UTC 2019
1 ms. Memory: 48128K Free: 29784K (62%)
ptolemy.util.test.WatchDog.cancel(): canceling Wed Aug 28 05:29:52 UTC 2019
------------------ testing $PTII/ptolemy/domains/de/test/auto/TimerZeroDelay.xml
auto.tcl: Setting watchdog for 200 seconds at Wed Aug 28 05:29:52 UTC 2019
2 ms. Memory: 48128K Free: 30654K (64%)
ptolemy.util.test.WatchDog.cancel(): canceling Wed Aug 28 05:29:52 UTC 2019
auto.tcl: Setting watchdog for 200 seconds at Wed Aug 28 05:29:52 UTC 2019
2 ms. Memory: 48128K Free: 29813K (62%)
ptolemy.util.test.WatchDog.cancel(): canceling Wed Aug 28 05:29:52 UTC 2019
------------------ testing $PTII/ptolemy/domains/de/test/auto/TimingParadox.xml
auto.tcl: Setting watchdog for 200 seconds at Wed Aug 28 05:29:52 UTC 2019
419 ms. Memory: 48128K Free: 11604K (24%)
ptolemy.util.test.WatchDog.cancel(): canceling Wed Aug 28 05:29:53 UTC 2019
auto.tcl: Setting watchdog for 200 seconds at Wed Aug 28 05:29:53 UTC 2019
391 ms. Memory: 48128K Free: 22174K (46%)
ptolemy.util.test.WatchDog.cancel(): canceling Wed Aug 28 05:29:53 UTC 2019
------------------ testing $PTII/ptolemy/domains/de/test/auto/TransferInputs.xml
auto.tcl: Setting watchdog for 200 seconds at Wed Aug 28 05:29:53 UTC 2019
2 ms. Memory: 48128K Free: 28669K (60%)
ptolemy.util.test.WatchDog.cancel(): canceling Wed Aug 28 05:29:53 UTC 2019
auto.tcl: Setting watchdog for 200 seconds at Wed Aug 28 05:29:53 UTC 2019
2 ms. Memory: 48128K Free: 27817K (58%)
ptolemy.util.test.WatchDog.cancel(): canceling Wed Aug 28 05:29:53 UTC 2019
------------------ testing $PTII/ptolemy/domains/de/test/auto/TransferOutputs2.xml
auto.tcl: Setting watchdog for 200 seconds at Wed Aug 28 05:29:53 UTC 2019
3 ms. Memory: 48128K Free: 26098K (54%)
ptolemy.util.test.WatchDog.cancel(): canceling Wed Aug 28 05:29:53 UTC 2019
auto.tcl: Setting watchdog for 200 seconds at Wed Aug 28 05:29:53 UTC 2019
3 ms. Memory: 48128K Free: 24726K (51%)
ptolemy.util.test.WatchDog.cancel(): canceling Wed Aug 28 05:29:53 UTC 2019
------------------ testing $PTII/ptolemy/domains/de/test/auto/Trilateration.xml
auto.tcl: Setting watchdog for 200 seconds at Wed Aug 28 05:29:53 UTC 2019
15872 ms. Memory: 466944K Free: 255873K (55%)
ptolemy.util.test.WatchDog.cancel(): canceling Wed Aug 28 05:30:11 UTC 2019
auto.tcl: Setting watchdog for 200 seconds at Wed Aug 28 05:30:11 UTC 2019
11856 ms. Memory: 466944K Free: 353452K (76%)
ptolemy.util.test.WatchDog.cancel(): canceling Wed Aug 28 05:30:22 UTC 2019
------------------ testing $PTII/ptolemy/domains/de/test/auto/TwoSigmaDelta.xml
auto.tcl: Setting watchdog for 200 seconds at Wed Aug 28 05:30:23 UTC 2019
2818 ms. Memory: 89088K Free: 61580K (69%)
ptolemy.util.test.WatchDog.cancel(): canceling Wed Aug 28 05:30:25 UTC 2019
auto.tcl: Setting watchdog for 200 seconds at Wed Aug 28 05:30:25 UTC 2019
2319 ms. Memory: 89088K Free: 50354K (57%)
ptolemy.util.test.WatchDog.cancel(): canceling Wed Aug 28 05:30:28 UTC 2019
------------------ testing $PTII/ptolemy/domains/de/test/auto/VariableDelay.xml
auto.tcl: Setting watchdog for 200 seconds at Wed Aug 28 05:30:28 UTC 2019
2 ms. Memory: 55296K Free: 36302K (66%)
ptolemy.util.test.WatchDog.cancel(): canceling Wed Aug 28 05:30:28 UTC 2019
auto.tcl: Setting watchdog for 200 seconds at Wed Aug 28 05:30:28 UTC 2019
2 ms. Memory: 55296K Free: 35308K (64%)
ptolemy.util.test.WatchDog.cancel(): canceling Wed Aug 28 05:30:28 UTC 2019
------------------ testing $PTII/ptolemy/domains/de/test/auto/VariableDelay2.xml
auto.tcl: Setting watchdog for 200 seconds at Wed Aug 28 05:30:28 UTC 2019
9 ms. Memory: 48128K Free: 29548K (61%)
ptolemy.util.test.WatchDog.cancel(): canceling Wed Aug 28 05:30:28 UTC 2019
auto.tcl: Setting watchdog for 200 seconds at Wed Aug 28 05:30:28 UTC 2019
2 ms. Memory: 48128K Free: 29050K (60%)
ptolemy.util.test.WatchDog.cancel(): canceling Wed Aug 28 05:30:28 UTC 2019
------------------ testing $PTII/ptolemy/domains/de/test/auto/VariableDelayZeroDelay.xml
auto.tcl: Setting watchdog for 200 seconds at Wed Aug 28 05:30:28 UTC 2019
2 ms. Memory: 48128K Free: 30075K (62%)
ptolemy.util.test.WatchDog.cancel(): canceling Wed Aug 28 05:30:28 UTC 2019
auto.tcl: Setting watchdog for 200 seconds at Wed Aug 28 05:30:28 UTC 2019
2 ms. Memory: 48128K Free: 29531K (61%)
ptolemy.util.test.WatchDog.cancel(): canceling Wed Aug 28 05:30:28 UTC 2019
------------------ testing $PTII/ptolemy/domains/de/test/auto/VariableDelayZeroDelay2.xml
auto.tcl: Setting watchdog for 200 seconds at Wed Aug 28 05:30:28 UTC 2019
3 ms. Memory: 48128K Free: 30074K (62%)
ptolemy.util.test.WatchDog.cancel(): canceling Wed Aug 28 05:30:28 UTC 2019
auto.tcl: Setting watchdog for 200 seconds at Wed Aug 28 05:30:28 UTC 2019
4 ms. Memory: 48128K Free: 29050K (60%)
ptolemy.util.test.WatchDog.cancel(): canceling Wed Aug 28 05:30:28 UTC 2019
------------------ testing $PTII/ptolemy/domains/de/test/auto/deInCt.xml
auto.tcl: Setting watchdog for 200 seconds at Wed Aug 28 05:30:28 UTC 2019
0
1
1
1
0
0
0
0
1
1
1
1
0
0
1
1
1
1
1
1
0
0
0
1
1
1
0
0
0
0
0
0
11 ms. Memory: 48128K Free: 29048K (60%)
ptolemy.util.test.WatchDog.cancel(): canceling Wed Aug 28 05:30:28 UTC 2019
auto.tcl: Setting watchdog for 200 seconds at Wed Aug 28 05:30:28 UTC 2019
0
1
1
1
0
0
1
1
1
0
0
0
0
0
1
1
1
0
0
0
1
1
1
1
1
0
0
0
1
1
1
0
0
1
1
1
0
0
0
0
8 ms. Memory: 48128K Free: 27510K (57%)
ptolemy.util.test.WatchDog.cancel(): canceling Wed Aug 28 05:30:28 UTC 2019
------------------ testing $PTII/ptolemy/domains/de/test/auto/deInCt2.xml
auto.tcl: Setting watchdog for 200 seconds at Wed Aug 28 05:30:28 UTC 2019
0
1
1
1
0
0
1
1
1
0
0
1
1
1
0
0
1
1
1
0
0
1
1
1
0
0
1
1
1
0
0
1
1
1
0
0
1
1
1
0
0
0
9 ms. Memory: 48128K Free: 29050K (60%)
ptolemy.util.test.WatchDog.cancel(): canceling Wed Aug 28 05:30:28 UTC 2019
auto.tcl: Setting watchdog for 200 seconds at Wed Aug 28 05:30:28 UTC 2019
0
1
1
1
0
0
1
1
1
0
0
1
1
1
0
0
1
1
1
0
0
1
1
1
0
0
1
1
1
0
0
1
1
1
0
0
1
1
1
0
0
0
9 ms. Memory: 48128K Free: 27498K (57%)
ptolemy.util.test.WatchDog.cancel(): canceling Wed Aug 28 05:30:28 UTC 2019
------------------ testing $PTII/ptolemy/domains/de/test/auto/dynamicCausalityInterface1.xml
auto.tcl: Setting watchdog for 200 seconds at Wed Aug 28 05:30:28 UTC 2019
1 ms. Memory: 48128K Free: 24948K (52%)
ptolemy.util.test.WatchDog.cancel(): canceling Wed Aug 28 05:30:28 UTC 2019
auto.tcl: Setting watchdog for 200 seconds at Wed Aug 28 05:30:28 UTC 2019
1 ms. Memory: 48128K Free: 24434K (51%)
ptolemy.util.test.WatchDog.cancel(): canceling Wed Aug 28 05:30:28 UTC 2019
------------------ testing $PTII/ptolemy/domains/de/test/auto/fsm_de_test.xml
auto.tcl: Setting watchdog for 200 seconds at Wed Aug 28 05:30:28 UTC 2019
7 ms. Memory: 48128K Free: 24847K (52%)
ptolemy.util.test.WatchDog.cancel(): canceling Wed Aug 28 05:30:28 UTC 2019
auto.tcl: Setting watchdog for 200 seconds at Wed Aug 28 05:30:28 UTC 2019
5 ms. Memory: 48128K Free: 22799K (47%)
ptolemy.util.test.WatchDog.cancel(): canceling Wed Aug 28 05:30:28 UTC 2019
------------------ testing $PTII/ptolemy/domains/de/test/auto/functionDependencyReconstruction.xml
auto.tcl: Setting watchdog for 200 seconds at Wed Aug 28 05:30:28 UTC 2019
3 ms. Memory: 48128K Free: 18692K (39%)
ptolemy.util.test.WatchDog.cancel(): canceling Wed Aug 28 05:30:28 UTC 2019
auto.tcl: Setting watchdog for 200 seconds at Wed Aug 28 05:30:28 UTC 2019
2 ms. Memory: 48128K Free: 16644K (35%)
ptolemy.util.test.WatchDog.cancel(): canceling Wed Aug 28 05:30:28 UTC 2019
------------------ testing $PTII/ptolemy/domains/de/test/auto/multirate.xml
auto.tcl: Setting watchdog for 200 seconds at Wed Aug 28 05:30:29 UTC 2019
4 ms. Memory: 48128K Free: 27498K (57%)
ptolemy.util.test.WatchDog.cancel(): canceling Wed Aug 28 05:30:29 UTC 2019
auto.tcl: Setting watchdog for 200 seconds at Wed Aug 28 05:30:29 UTC 2019
3 ms. Memory: 48128K Free: 25766K (54%)
ptolemy.util.test.WatchDog.cancel(): canceling Wed Aug 28 05:30:29 UTC 2019
------------------ testing $PTII/ptolemy/domains/de/test/auto/multirate2.xml
auto.tcl: Setting watchdog for 200 seconds at Wed Aug 28 05:30:29 UTC 2019
3 ms. Memory: 48128K Free: 27679K (58%)
ptolemy.util.test.WatchDog.cancel(): canceling Wed Aug 28 05:30:29 UTC 2019
auto.tcl: Setting watchdog for 200 seconds at Wed Aug 28 05:30:29 UTC 2019
3 ms. Memory: 48128K Free: 25938K (54%)
ptolemy.util.test.WatchDog.cancel(): canceling Wed Aug 28 05:30:29 UTC 2019
------------------ testing $PTII/ptolemy/domains/de/test/auto/realtime.xml
auto.tcl: Setting watchdog for 200 seconds at Wed Aug 28 05:30:29 UTC 2019
10001 ms. Memory: 48128K Free: 29709K (62%)
ptolemy.util.test.WatchDog.cancel(): canceling Wed Aug 28 05:30:39 UTC 2019
auto.tcl: Setting watchdog for 200 seconds at Wed Aug 28 05:30:39 UTC 2019
10001 ms. Memory: 48128K Free: 28994K (60%)
ptolemy.util.test.WatchDog.cancel(): canceling Wed Aug 28 05:30:49 UTC 2019
------------------ testing $PTII/ptolemy/domains/de/test/auto/relationGroup.xml
auto.tcl: Setting watchdog for 200 seconds at Wed Aug 28 05:30:49 UTC 2019
2 ms. Memory: 48128K Free: 30799K (64%)
ptolemy.util.test.WatchDog.cancel(): canceling Wed Aug 28 05:30:49 UTC 2019
auto.tcl: Setting watchdog for 200 seconds at Wed Aug 28 05:30:49 UTC 2019
1 ms. Memory: 48128K Free: 30073K (62%)
ptolemy.util.test.WatchDog.cancel(): canceling Wed Aug 28 05:30:49 UTC 2019
------------------ testing $PTII/ptolemy/domains/de/test/auto/relationGroup2.xml
auto.tcl: Setting watchdog for 200 seconds at Wed Aug 28 05:30:49 UTC 2019
2 ms. Memory: 48128K Free: 30603K (64%)
ptolemy.util.test.WatchDog.cancel(): canceling Wed Aug 28 05:30:49 UTC 2019
auto.tcl: Setting watchdog for 200 seconds at Wed Aug 28 05:30:49 UTC 2019
1 ms. Memory: 48128K Free: 30106K (63%)
ptolemy.util.test.WatchDog.cancel(): canceling Wed Aug 28 05:30:49 UTC 2019
------------------ testing $PTII/ptolemy/domains/de/test/auto/sortWithOpaquePorts.xml
auto.tcl: Setting watchdog for 200 seconds at Wed Aug 28 05:30:49 UTC 2019
1 ms. Memory: 48128K Free: 29572K (61%)
ptolemy.util.test.WatchDog.cancel(): canceling Wed Aug 28 05:30:49 UTC 2019
auto.tcl: Setting watchdog for 200 seconds at Wed Aug 28 05:30:49 UTC 2019
1 ms. Memory: 48128K Free: 28544K (59%)
ptolemy.util.test.WatchDog.cancel(): canceling Wed Aug 28 05:30:49 UTC 2019
------------------ testing $PTII/ptolemy/domains/de/test/auto/transferInputsandOutputs.xml
auto.tcl: Setting watchdog for 200 seconds at Wed Aug 28 05:30:49 UTC 2019
5 ms. Memory: 48128K Free: 27016K (56%)
ptolemy.util.test.WatchDog.cancel(): canceling Wed Aug 28 05:30:49 UTC 2019
auto.tcl: Setting watchdog for 200 seconds at Wed Aug 28 05:30:49 UTC 2019
2 ms. Memory: 48128K Free: 26037K (54%)
ptolemy.util.test.WatchDog.cancel(): canceling Wed Aug 28 05:30:49 UTC 2019
------------------ testing $PTII/ptolemy/domains/de/test/auto/triggerType.xml
auto.tcl: Setting watchdog for 200 seconds at Wed Aug 28 05:30:49 UTC 2019
2 ms. Memory: 48128K Free: 30040K (62%)
ptolemy.util.test.WatchDog.cancel(): canceling Wed Aug 28 05:30:49 UTC 2019
auto.tcl: Setting watchdog for 200 seconds at Wed Aug 28 05:30:49 UTC 2019
2 ms. Memory: 48128K Free: 29016K (60%)
ptolemy.util.test.WatchDog.cancel(): canceling Wed Aug 28 05:30:49 UTC 2019
08/28/19 05:30:49
Failed: 0  Total Tests: 192  ((Passed: 187, Newly Passed: 1)  Known Failed: 5) /home/travis/build/icyphy/ptII/ptolemy/domains/de/test
08/28/19 05:30:49
Failed: 0  Total Tests: 192  ((Passed: 187, Newly Passed: 1)  Known Failed: 5) /home/travis/build/icyphy/ptII/ptolemy/domains/de/test
----------------- testing (KnownFailure) /home/travis/build/icyphy/ptII/ptolemy/domains/de/test/auto/knownFailedTests/DESDFClockTest.xml
2021 ms. Memory: 48128K Free: 23435K (49%)
Known Failure: java.lang.reflect.InvocationTargetException
----------------- testing (KnownFailure) /home/travis/build/icyphy/ptII/ptolemy/domains/de/test/auto/knownFailedTests/DirectFeedback.xml
2 ms. Memory: 48128K Free: 19853K (41%)
Known Failure: java.lang.reflect.InvocationTargetException
----------------- testing (KnownFailure) /home/travis/build/icyphy/ptII/ptolemy/domains/de/test/auto/knownFailedTests/FSMSource.xml
12 ms. Memory: 48128K Free: 12685K (26%)
----------------- testing (KnownFailure) /home/travis/build/icyphy/ptII/ptolemy/domains/de/test/auto/knownFailedTests/HierarchicalModel.xml
4 ms. Memory: 48128K Free: 23622K (49%)
Known Failure: java.lang.reflect.InvocationTargetException
----------------- testing (KnownFailure) /home/travis/build/icyphy/ptII/ptolemy/domains/de/test/auto/knownFailedTests/dependencyLoop.xml
3 ms. Memory: 48128K Free: 8254K (17%)
Known Failure: java.lang.reflect.InvocationTargetException
----------------- testing (KnownFailure) /home/travis/build/icyphy/ptII/ptolemy/domains/de/test/auto/knownFailedTests/dependencyLoop2.xml
5 ms. Memory: 48128K Free: 20285K (42%)
Known Failure: java.lang.reflect.InvocationTargetException
No auto/linux-amd64/*.xml tests in /home/travis/build/icyphy/ptII/ptolemy/domains/de/test
AutoTests.java: About to close Vertx.
AutoTests.java: Vertx closed.

===========================================================================================
----------------- testing Wed Aug 28 05:30:51 UTC 2019 /home/travis/build/icyphy/ptII/ptolemy/domains/de/test/auto/ActorDepthCalculation_actorWithoutPorts.xml
----------------- Instantiating /home/travis/build/icyphy/ptII/ptolemy/domains/de/test/auto/ActorDepthCalculation_actorWithoutPorts.xml
3 ms. Memory: 48128K Free: 13560K (28%)
----------------- Invoking toplevel() on ptolemy.moml.MoMLSimpleApplication@440e328b
----------------- Done invoking toplevel() on ptolemy.moml.MoMLSimpleApplication@440e328b
reloadAllAccessors: .ActorDepthCalculation_actorWithoutPorts

===========================================================================================
----------------- testing Wed Aug 28 05:30:51 UTC 2019 /home/travis/build/icyphy/ptII/ptolemy/domains/de/test/auto/AssemblyLine.xml
----------------- Instantiating /home/travis/build/icyphy/ptII/ptolemy/domains/de/test/auto/AssemblyLine.xml
5 ms. Memory: 48128K Free: 32795K (68%)
----------------- Invoking toplevel() on ptolemy.moml.MoMLSimpleApplication@75349d0
----------------- Done invoking toplevel() on ptolemy.moml.MoMLSimpleApplication@75349d0
reloadAllAccessors: .AssemblyLine

===========================================================================================
----------------- testing Wed Aug 28 05:30:51 UTC 2019 /home/travis/build/icyphy/ptII/ptolemy/domains/de/test/auto/CQBug1.xml
----------------- Instantiating /home/travis/build/icyphy/ptII/ptolemy/domains/de/test/auto/CQBug1.xml
1 ms. Memory: 48128K Free: 29723K (62%)
----------------- Invoking toplevel() on ptolemy.moml.MoMLSimpleApplication@74e87ab1
----------------- Done invoking toplevel() on ptolemy.moml.MoMLSimpleApplication@74e87ab1
reloadAllAccessors: .CQBug1

===========================================================================================
----------------- testing Wed Aug 28 05:30:52 UTC 2019 /home/travis/build/icyphy/ptII/ptolemy/domains/de/test/auto/CancelFireAt.xml
----------------- Instantiating /home/travis/build/icyphy/ptII/ptolemy/domains/de/test/auto/CancelFireAt.xml
1 ms. Memory: 48128K Free: 27345K (57%)
----------------- Invoking toplevel() on ptolemy.moml.MoMLSimpleApplication@59f8d808
----------------- Done invoking toplevel() on ptolemy.moml.MoMLSimpleApplication@59f8d808
reloadAllAccessors: .CancelFireAt

===========================================================================================
----------------- testing Wed Aug 28 05:30:52 UTC 2019 /home/travis/build/icyphy/ptII/ptolemy/domains/de/test/auto/CausalityAndComposabilityAnalysis.xml
----------------- Instantiating /home/travis/build/icyphy/ptII/ptolemy/domains/de/test/auto/CausalityAndComposabilityAnalysis.xml
3 ms. Memory: 48128K Free: 23007K (48%)
----------------- Invoking toplevel() on ptolemy.moml.MoMLSimpleApplication@1e8a967f
----------------- Done invoking toplevel() on ptolemy.moml.MoMLSimpleApplication@1e8a967f
reloadAllAccessors: .CausalityAndComposabilityAnalysis

===========================================================================================
----------------- testing Wed Aug 28 05:30:52 UTC 2019 /home/travis/build/icyphy/ptII/ptolemy/domains/de/test/auto/CausalityInterface1.xml
----------------- Instantiating /home/travis/build/icyphy/ptII/ptolemy/domains/de/test/auto/CausalityInterface1.xml
7 ms. Memory: 48128K Free: 17925K (37%)
----------------- Invoking toplevel() on ptolemy.moml.MoMLSimpleApplication@5bfde55c
----------------- Done invoking toplevel() on ptolemy.moml.MoMLSimpleApplication@5bfde55c
reloadAllAccessors: .CausalityInterface1

===========================================================================================
----------------- testing Wed Aug 28 05:30:52 UTC 2019 /home/travis/build/icyphy/ptII/ptolemy/domains/de/test/auto/CausalityInterface15.xml
----------------- Instantiating /home/travis/build/icyphy/ptII/ptolemy/domains/de/test/auto/CausalityInterface15.xml
2 ms. Memory: 48128K Free: 12508K (26%)
----------------- Invoking toplevel() on ptolemy.moml.MoMLSimpleApplication@6c9efd32
----------------- Done invoking toplevel() on ptolemy.moml.MoMLSimpleApplication@6c9efd32
reloadAllAccessors: .CausalityInterface15

===========================================================================================
----------------- testing Wed Aug 28 05:30:52 UTC 2019 /home/travis/build/icyphy/ptII/ptolemy/domains/de/test/auto/CausalityInterface2.xml
----------------- Instantiating /home/travis/build/icyphy/ptII/ptolemy/domains/de/test/auto/CausalityInterface2.xml
1 ms. Memory: 48128K Free: 7951K (17%)
----------------- Invoking toplevel() on ptolemy.moml.MoMLSimpleApplication@72ff8d63
----------------- Done invoking toplevel() on ptolemy.moml.MoMLSimpleApplication@72ff8d63
reloadAllAccessors: .CausalityInterface2

===========================================================================================
----------------- testing Wed Aug 28 05:30:52 UTC 2019 /home/travis/build/icyphy/ptII/ptolemy/domains/de/test/auto/CausalityInterface3.xml
----------------- Instantiating /home/travis/build/icyphy/ptII/ptolemy/domains/de/test/auto/CausalityInterface3.xml
2 ms. Memory: 48128K Free: 29586K (61%)
----------------- Invoking toplevel() on ptolemy.moml.MoMLSimpleApplication@57b15396
----------------- Done invoking toplevel() on ptolemy.moml.MoMLSimpleApplication@57b15396
reloadAllAccessors: .CausalityInterface3

===========================================================================================
----------------- testing Wed Aug 28 05:30:52 UTC 2019 /home/travis/build/icyphy/ptII/ptolemy/domains/de/test/auto/ClockDrift.xml
----------------- Instantiating /home/travis/build/icyphy/ptII/ptolemy/domains/de/test/auto/ClockDrift.xml
18 ms. Memory: 48128K Free: 17790K (37%)
----------------- Invoking toplevel() on ptolemy.moml.MoMLSimpleApplication@6eb1052b
----------------- Done invoking toplevel() on ptolemy.moml.MoMLSimpleApplication@6eb1052b
reloadAllAccessors: .ClockDrift

===========================================================================================
----------------- testing Wed Aug 28 05:30:52 UTC 2019 /home/travis/build/icyphy/ptII/ptolemy/domains/de/test/auto/ClockDriftAndValueChange.xml
----------------- Instantiating /home/travis/build/icyphy/ptII/ptolemy/domains/de/test/auto/ClockDriftAndValueChange.xml
20 ms. Memory: 48128K Free: 32546K (68%)
----------------- Invoking toplevel() on ptolemy.moml.MoMLSimpleApplication@6aa664da
----------------- Done invoking toplevel() on ptolemy.moml.MoMLSimpleApplication@6aa664da
reloadAllAccessors: .ClockDriftAndValueChange

===========================================================================================
----------------- testing Wed Aug 28 05:30:52 UTC 2019 /home/travis/build/icyphy/ptII/ptolemy/domains/de/test/auto/ClockDriftChange.xml
----------------- Instantiating /home/travis/build/icyphy/ptII/ptolemy/domains/de/test/auto/ClockDriftChange.xml
12 ms. Memory: 48128K Free: 22626K (47%)
----------------- Invoking toplevel() on ptolemy.moml.MoMLSimpleApplication@1374f13e
----------------- Done invoking toplevel() on ptolemy.moml.MoMLSimpleApplication@1374f13e
reloadAllAccessors: .ClockDriftChange

===========================================================================================
----------------- testing Wed Aug 28 05:30:52 UTC 2019 /home/travis/build/icyphy/ptII/ptolemy/domains/de/test/auto/ComposableCausalityAnalysis.xml
----------------- Instantiating /home/travis/build/icyphy/ptII/ptolemy/domains/de/test/auto/ComposableCausalityAnalysis.xml
1 ms. Memory: 48128K Free: 16942K (35%)
----------------- Invoking toplevel() on ptolemy.moml.MoMLSimpleApplication@39c09d70
----------------- Done invoking toplevel() on ptolemy.moml.MoMLSimpleApplication@39c09d70
reloadAllAccessors: .ComposableCausalityAnalysis

===========================================================================================
----------------- testing Wed Aug 28 05:30:52 UTC 2019 /home/travis/build/icyphy/ptII/ptolemy/domains/de/test/auto/DEFixedPointLimitation.xml
----------------- Instantiating /home/travis/build/icyphy/ptII/ptolemy/domains/de/test/auto/DEFixedPointLimitation.xml
1 ms. Memory: 48128K Free: 12490K (26%)
----------------- Invoking toplevel() on ptolemy.moml.MoMLSimpleApplication@247af537
----------------- Done invoking toplevel() on ptolemy.moml.MoMLSimpleApplication@247af537
reloadAllAccessors: .DEFixedPointLimitation

===========================================================================================
----------------- testing Wed Aug 28 05:30:52 UTC 2019 /home/travis/build/icyphy/ptII/ptolemy/domains/de/test/auto/DEScheduleTest.xml
----------------- Instantiating /home/travis/build/icyphy/ptII/ptolemy/domains/de/test/auto/DEScheduleTest.xml
2 ms. Memory: 48128K Free: 8256K (17%)
----------------- Invoking toplevel() on ptolemy.moml.MoMLSimpleApplication@2a50d30f
----------------- Done invoking toplevel() on ptolemy.moml.MoMLSimpleApplication@2a50d30f
reloadAllAccessors: .DEScheduleTest

===========================================================================================
----------------- testing Wed Aug 28 05:30:52 UTC 2019 /home/travis/build/icyphy/ptII/ptolemy/domains/de/test/auto/DEinDEwithStartTimes.xml
----------------- Instantiating /home/travis/build/icyphy/ptII/ptolemy/domains/de/test/auto/DEinDEwithStartTimes.xml
2 ms. Memory: 48128K Free: 29067K (60%)
----------------- Invoking toplevel() on ptolemy.moml.MoMLSimpleApplication@1ebfb293
----------------- Done invoking toplevel() on ptolemy.moml.MoMLSimpleApplication@1ebfb293
reloadAllAccessors: .DEinDEwithStartTimes

===========================================================================================
----------------- testing Wed Aug 28 05:30:52 UTC 2019 /home/travis/build/icyphy/ptII/ptolemy/domains/de/test/auto/DEinDEwithStartTimes2.xml
----------------- Instantiating /home/travis/build/icyphy/ptII/ptolemy/domains/de/test/auto/DEinDEwithStartTimes2.xml
3 ms. Memory: 48128K Free: 22496K (47%)
----------------- Invoking toplevel() on ptolemy.moml.MoMLSimpleApplication@10d87d08
----------------- Done invoking toplevel() on ptolemy.moml.MoMLSimpleApplication@10d87d08
reloadAllAccessors: .DEinDEwithStartTimes2

===========================================================================================
----------------- testing Wed Aug 28 05:30:52 UTC 2019 /home/travis/build/icyphy/ptII/ptolemy/domains/de/test/auto/DateDemo.xml
----------------- Instantiating /home/travis/build/icyphy/ptII/ptolemy/domains/de/test/auto/DateDemo.xml
10 ms. Memory: 48128K Free: 11421K (24%)
----------------- Invoking toplevel() on ptolemy.moml.MoMLSimpleApplication@8ed8ce5
----------------- Done invoking toplevel() on ptolemy.moml.MoMLSimpleApplication@8ed8ce5
reloadAllAccessors: .DateDemo

===========================================================================================
----------------- testing Wed Aug 28 05:30:52 UTC 2019 /home/travis/build/icyphy/ptII/ptolemy/domains/de/test/auto/DateToEvent.xml
----------------- Instantiating /home/travis/build/icyphy/ptII/ptolemy/domains/de/test/auto/DateToEvent.xml
2006 ms. Memory: 48128K Free: 22266K (46%)
----------------- Invoking toplevel() on ptolemy.moml.MoMLSimpleApplication@3bac6455
----------------- Done invoking toplevel() on ptolemy.moml.MoMLSimpleApplication@3bac6455
reloadAllAccessors: .DateToEvent

===========================================================================================
----------------- testing Wed Aug 28 05:30:54 UTC 2019 /home/travis/build/icyphy/ptII/ptolemy/domains/de/test/auto/DepthTest1.xml
----------------- Instantiating /home/travis/build/icyphy/ptII/ptolemy/domains/de/test/auto/DepthTest1.xml
1 ms. Memory: 48128K Free: 19340K (40%)
----------------- Invoking toplevel() on ptolemy.moml.MoMLSimpleApplication@464001
----------------- Done invoking toplevel() on ptolemy.moml.MoMLSimpleApplication@464001
reloadAllAccessors: .DepthTest1

===========================================================================================
----------------- testing Wed Aug 28 05:30:54 UTC 2019 /home/travis/build/icyphy/ptII/ptolemy/domains/de/test/auto/DepthTest2.xml
----------------- Instantiating /home/travis/build/icyphy/ptII/ptolemy/domains/de/test/auto/DepthTest2.xml
2 ms. Memory: 48128K Free: 13018K (27%)
----------------- Invoking toplevel() on ptolemy.moml.MoMLSimpleApplication@3c56ea55
----------------- Done invoking toplevel() on ptolemy.moml.MoMLSimpleApplication@3c56ea55
reloadAllAccessors: .DepthTest2

===========================================================================================
----------------- testing Wed Aug 28 05:30:54 UTC 2019 /home/travis/build/icyphy/ptII/ptolemy/domains/de/test/auto/DepthTest3.xml
----------------- Instantiating /home/travis/build/icyphy/ptII/ptolemy/domains/de/test/auto/DepthTest3.xml
1 ms. Memory: 48128K Free: 9960K (21%)
----------------- Invoking toplevel() on ptolemy.moml.MoMLSimpleApplication@6a795664
----------------- Done invoking toplevel() on ptolemy.moml.MoMLSimpleApplication@6a795664
reloadAllAccessors: .DepthTest3

===========================================================================================
----------------- testing Wed Aug 28 05:30:54 UTC 2019 /home/travis/build/icyphy/ptII/ptolemy/domains/de/test/auto/DepthTest4.xml
----------------- Instantiating /home/travis/build/icyphy/ptII/ptolemy/domains/de/test/auto/DepthTest4.xml
2 ms. Memory: 48128K Free: 31008K (64%)
----------------- Invoking toplevel() on ptolemy.moml.MoMLSimpleApplication@4b24464c
----------------- Done invoking toplevel() on ptolemy.moml.MoMLSimpleApplication@4b24464c
reloadAllAccessors: .DepthTest4

===========================================================================================
----------------- testing Wed Aug 28 05:30:54 UTC 2019 /home/travis/build/icyphy/ptII/ptolemy/domains/de/test/auto/DepthTest5.xml
----------------- Instantiating /home/travis/build/icyphy/ptII/ptolemy/domains/de/test/auto/DepthTest5.xml
1 ms. Memory: 48128K Free: 25715K (53%)
----------------- Invoking toplevel() on ptolemy.moml.MoMLSimpleApplication@f324c7f
----------------- Done invoking toplevel() on ptolemy.moml.MoMLSimpleApplication@f324c7f
reloadAllAccessors: .DepthTest5

===========================================================================================
----------------- testing Wed Aug 28 05:30:54 UTC 2019 /home/travis/build/icyphy/ptII/ptolemy/domains/de/test/auto/DepthTest6.xml
----------------- Instantiating /home/travis/build/icyphy/ptII/ptolemy/domains/de/test/auto/DepthTest6.xml
2 ms. Memory: 48128K Free: 20449K (42%)
----------------- Invoking toplevel() on ptolemy.moml.MoMLSimpleApplication@13c4e006
----------------- Done invoking toplevel() on ptolemy.moml.MoMLSimpleApplication@13c4e006
reloadAllAccessors: .DepthTest6

===========================================================================================
----------------- testing Wed Aug 28 05:30:54 UTC 2019 /home/travis/build/icyphy/ptII/ptolemy/domains/de/test/auto/DepthTest7.xml
----------------- Instantiating /home/travis/build/icyphy/ptII/ptolemy/domains/de/test/auto/DepthTest7.xml
2 ms. Memory: 48128K Free: 15680K (33%)
----------------- Invoking toplevel() on ptolemy.moml.MoMLSimpleApplication@2d6faae7
----------------- Done invoking toplevel() on ptolemy.moml.MoMLSimpleApplication@2d6faae7
reloadAllAccessors: .DepthTest7

===========================================================================================
----------------- testing Wed Aug 28 05:30:54 UTC 2019 /home/travis/build/icyphy/ptII/ptolemy/domains/de/test/auto/EventToDate.xml
----------------- Instantiating /home/travis/build/icyphy/ptII/ptolemy/domains/de/test/auto/EventToDate.xml
3003 ms. Memory: 48128K Free: 27745K (58%)
----------------- Invoking toplevel() on ptolemy.moml.MoMLSimpleApplication@26f5aa41
----------------- Done invoking toplevel() on ptolemy.moml.MoMLSimpleApplication@26f5aa41
reloadAllAccessors: .EventToDate

===========================================================================================
----------------- testing Wed Aug 28 05:30:57 UTC 2019 /home/travis/build/icyphy/ptII/ptolemy/domains/de/test/auto/FSM1.xml
----------------- Instantiating /home/travis/build/icyphy/ptII/ptolemy/domains/de/test/auto/FSM1.xml
33 ms. Memory: 48128K Free: 15614K (32%)
----------------- Invoking toplevel() on ptolemy.moml.MoMLSimpleApplication@5a5dc5ca
----------------- Done invoking toplevel() on ptolemy.moml.MoMLSimpleApplication@5a5dc5ca
reloadAllAccessors: .FSM1

===========================================================================================
----------------- testing Wed Aug 28 05:30:57 UTC 2019 /home/travis/build/icyphy/ptII/ptolemy/domains/de/test/auto/FSM7.xml
----------------- Instantiating /home/travis/build/icyphy/ptII/ptolemy/domains/de/test/auto/FSM7.xml
22 ms. Memory: 48128K Free: 28987K (60%)
----------------- Invoking toplevel() on ptolemy.moml.MoMLSimpleApplication@412f623d
----------------- Done invoking toplevel() on ptolemy.moml.MoMLSimpleApplication@412f623d
reloadAllAccessors: .FSM7

===========================================================================================
----------------- testing Wed Aug 28 05:30:57 UTC 2019 /home/travis/build/icyphy/ptII/ptolemy/domains/de/test/auto/Inspection.xml
----------------- Instantiating /home/travis/build/icyphy/ptII/ptolemy/domains/de/test/auto/Inspection.xml
17 ms. Memory: 48128K Free: 16753K (35%)
----------------- Invoking toplevel() on ptolemy.moml.MoMLSimpleApplication@643adce
----------------- Done invoking toplevel() on ptolemy.moml.MoMLSimpleApplication@643adce
reloadAllAccessors: .Inspection

===========================================================================================
----------------- testing Wed Aug 28 05:30:57 UTC 2019 /home/travis/build/icyphy/ptII/ptolemy/domains/de/test/auto/Iteration.xml
----------------- Instantiating /home/travis/build/icyphy/ptII/ptolemy/domains/de/test/auto/Iteration.xml
10 ms. Memory: 48128K Free: 9756K (20%)
----------------- Invoking toplevel() on ptolemy.moml.MoMLSimpleApplication@7e7a0e5f
----------------- Done invoking toplevel() on ptolemy.moml.MoMLSimpleApplication@7e7a0e5f
reloadAllAccessors: .Iteration

===========================================================================================
----------------- testing Wed Aug 28 05:30:57 UTC 2019 /home/travis/build/icyphy/ptII/ptolemy/domains/de/test/auto/LineFault.xml
----------------- Instantiating /home/travis/build/icyphy/ptII/ptolemy/domains/de/test/auto/LineFault.xml
495 ms. Memory: 48128K Free: 17679K (37%)
----------------- Invoking toplevel() on ptolemy.moml.MoMLSimpleApplication@486898b8
----------------- Done invoking toplevel() on ptolemy.moml.MoMLSimpleApplication@486898b8
reloadAllAccessors: .LineFault

===========================================================================================
----------------- testing Wed Aug 28 05:30:58 UTC 2019 /home/travis/build/icyphy/ptII/ptolemy/domains/de/test/auto/MergeModel1Add.xml
----------------- Instantiating /home/travis/build/icyphy/ptII/ptolemy/domains/de/test/auto/MergeModel1Add.xml
7 ms. Memory: 48128K Free: 22378K (46%)
----------------- Invoking toplevel() on ptolemy.moml.MoMLSimpleApplication@1dfeb7c6
----------------- Done invoking toplevel() on ptolemy.moml.MoMLSimpleApplication@1dfeb7c6
reloadAllAccessors: .MergeModel1Add

===========================================================================================
----------------- testing Wed Aug 28 05:30:58 UTC 2019 /home/travis/build/icyphy/ptII/ptolemy/domains/de/test/auto/MergeModel2Add.xml
----------------- Instantiating /home/travis/build/icyphy/ptII/ptolemy/domains/de/test/auto/MergeModel2Add.xml
6 ms. Memory: 48128K Free: 27421K (57%)
----------------- Invoking toplevel() on ptolemy.moml.MoMLSimpleApplication@2addc51
----------------- Done invoking toplevel() on ptolemy.moml.MoMLSimpleApplication@2addc51
reloadAllAccessors: .MergeModel2Add

===========================================================================================
----------------- testing Wed Aug 28 05:30:58 UTC 2019 /home/travis/build/icyphy/ptII/ptolemy/domains/de/test/auto/MergeModel3Add.xml
----------------- Instantiating /home/travis/build/icyphy/ptII/ptolemy/domains/de/test/auto/MergeModel3Add.xml
6 ms. Memory: 48128K Free: 10013K (21%)
----------------- Invoking toplevel() on ptolemy.moml.MoMLSimpleApplication@22d0c307
----------------- Done invoking toplevel() on ptolemy.moml.MoMLSimpleApplication@22d0c307
reloadAllAccessors: .MergeModel3Add

===========================================================================================
----------------- testing Wed Aug 28 05:30:58 UTC 2019 /home/travis/build/icyphy/ptII/ptolemy/domains/de/test/auto/MergeWithoutDiscard.xml
----------------- Instantiating /home/travis/build/icyphy/ptII/ptolemy/domains/de/test/auto/MergeWithoutDiscard.xml
1 ms. Memory: 48128K Free: 27525K (57%)
----------------- Invoking toplevel() on ptolemy.moml.MoMLSimpleApplication@43d9142e
----------------- Done invoking toplevel() on ptolemy.moml.MoMLSimpleApplication@43d9142e
reloadAllAccessors: .MergeWithoutDiscard

===========================================================================================
----------------- testing Wed Aug 28 05:30:58 UTC 2019 /home/travis/build/icyphy/ptII/ptolemy/domains/de/test/auto/Modal1.xml
----------------- Instantiating /home/travis/build/icyphy/ptII/ptolemy/domains/de/test/auto/Modal1.xml
7 ms. Memory: 48128K Free: 15501K (32%)
----------------- Invoking toplevel() on ptolemy.moml.MoMLSimpleApplication@2f531284
----------------- Done invoking toplevel() on ptolemy.moml.MoMLSimpleApplication@2f531284
reloadAllAccessors: .Modal1

===========================================================================================
----------------- testing Wed Aug 28 05:30:58 UTC 2019 /home/travis/build/icyphy/ptII/ptolemy/domains/de/test/auto/Modal2.xml
----------------- Instantiating /home/travis/build/icyphy/ptII/ptolemy/domains/de/test/auto/Modal2.xml
6 ms. Memory: 48128K Free: 25747K (53%)
----------------- Invoking toplevel() on ptolemy.moml.MoMLSimpleApplication@16fa8e7c
----------------- Done invoking toplevel() on ptolemy.moml.MoMLSimpleApplication@16fa8e7c
reloadAllAccessors: .Modal2

===========================================================================================
----------------- testing Wed Aug 28 05:30:58 UTC 2019 /home/travis/build/icyphy/ptII/ptolemy/domains/de/test/auto/Modal3.xml
----------------- Instantiating /home/travis/build/icyphy/ptII/ptolemy/domains/de/test/auto/Modal3.xml
7 ms. Memory: 48128K Free: 13435K (28%)
----------------- Invoking toplevel() on ptolemy.moml.MoMLSimpleApplication@2fcdab6a
----------------- Done invoking toplevel() on ptolemy.moml.MoMLSimpleApplication@2fcdab6a
reloadAllAccessors: .Modal3

===========================================================================================
----------------- testing Wed Aug 28 05:30:58 UTC 2019 /home/travis/build/icyphy/ptII/ptolemy/domains/de/test/auto/Modal4.xml
----------------- Instantiating /home/travis/build/icyphy/ptII/ptolemy/domains/de/test/auto/Modal4.xml
11 ms. Memory: 48128K Free: 22889K (48%)
----------------- Invoking toplevel() on ptolemy.moml.MoMLSimpleApplication@36c9a677
----------------- Done invoking toplevel() on ptolemy.moml.MoMLSimpleApplication@36c9a677
reloadAllAccessors: .Modal4

===========================================================================================
----------------- testing Wed Aug 28 05:30:58 UTC 2019 /home/travis/build/icyphy/ptII/ptolemy/domains/de/test/auto/Modal5.xml
----------------- Instantiating /home/travis/build/icyphy/ptII/ptolemy/domains/de/test/auto/Modal5.xml
8 ms. Memory: 48128K Free: 10118K (21%)
----------------- Invoking toplevel() on ptolemy.moml.MoMLSimpleApplication@a0f780b
----------------- Done invoking toplevel() on ptolemy.moml.MoMLSimpleApplication@a0f780b
reloadAllAccessors: .Modal5

===========================================================================================
----------------- testing Wed Aug 28 05:30:58 UTC 2019 /home/travis/build/icyphy/ptII/ptolemy/domains/de/test/auto/Modal6.xml
----------------- Instantiating /home/travis/build/icyphy/ptII/ptolemy/domains/de/test/auto/Modal6.xml
9 ms. Memory: 48128K Free: 20390K (42%)
----------------- Invoking toplevel() on ptolemy.moml.MoMLSimpleApplication@7082ee55
----------------- Done invoking toplevel() on ptolemy.moml.MoMLSimpleApplication@7082ee55
reloadAllAccessors: .Modal6

===========================================================================================
----------------- testing Wed Aug 28 05:30:58 UTC 2019 /home/travis/build/icyphy/ptII/ptolemy/domains/de/test/auto/Modal7.xml
----------------- Instantiating /home/travis/build/icyphy/ptII/ptolemy/domains/de/test/auto/Modal7.xml
15 ms. Memory: 64512K Free: 46108K (71%)
----------------- Invoking toplevel() on ptolemy.moml.MoMLSimpleApplication@3ce1dd47
----------------- Done invoking toplevel() on ptolemy.moml.MoMLSimpleApplication@3ce1dd47
reloadAllAccessors: .Modal7

===========================================================================================
----------------- testing Wed Aug 28 05:30:58 UTC 2019 /home/travis/build/icyphy/ptII/ptolemy/domains/de/test/auto/ModalModel.xml
----------------- Instantiating /home/travis/build/icyphy/ptII/ptolemy/domains/de/test/auto/ModalModel.xml
134 ms. Memory: 64512K Free: 37447K (58%)
----------------- Invoking toplevel() on ptolemy.moml.MoMLSimpleApplication@4f94f0e5
----------------- Done invoking toplevel() on ptolemy.moml.MoMLSimpleApplication@4f94f0e5
reloadAllAccessors: .ModalModel

===========================================================================================
----------------- testing Wed Aug 28 05:30:59 UTC 2019 /home/travis/build/icyphy/ptII/ptolemy/domains/de/test/auto/ModalSource.xml
----------------- Instantiating /home/travis/build/icyphy/ptII/ptolemy/domains/de/test/auto/ModalSource.xml
5 ms. Memory: 64512K Free: 29088K (45%)
----------------- Invoking toplevel() on ptolemy.moml.MoMLSimpleApplication@2e1bdb17
----------------- Done invoking toplevel() on ptolemy.moml.MoMLSimpleApplication@2e1bdb17
reloadAllAccessors: .ModalSource

===========================================================================================
----------------- testing Wed Aug 28 05:30:59 UTC 2019 /home/travis/build/icyphy/ptII/ptolemy/domains/de/test/auto/NonInterruptibleTimerZeroDelay.xml
----------------- Instantiating /home/travis/build/icyphy/ptII/ptolemy/domains/de/test/auto/NonInterruptibleTimerZeroDelay.xml
2 ms. Memory: 64512K Free: 25283K (39%)
----------------- Invoking toplevel() on ptolemy.moml.MoMLSimpleApplication@16f516d3
----------------- Done invoking toplevel() on ptolemy.moml.MoMLSimpleApplication@16f516d3
reloadAllAccessors: .NonInterruptibleTimerZeroDelay

===========================================================================================
----------------- testing Wed Aug 28 05:30:59 UTC 2019 /home/travis/build/icyphy/ptII/ptolemy/domains/de/test/auto/OpenQueueingNetwork.xml
----------------- Instantiating /home/travis/build/icyphy/ptII/ptolemy/domains/de/test/auto/OpenQueueingNetwork.xml
2130 ms. Memory: 202752K Free: 119227K (59%)
----------------- Invoking toplevel() on ptolemy.moml.MoMLSimpleApplication@1368c8c2
----------------- Done invoking toplevel() on ptolemy.moml.MoMLSimpleApplication@1368c8c2
reloadAllAccessors: .OpenQueueingNetwork

===========================================================================================
----------------- testing Wed Aug 28 05:31:01 UTC 2019 /home/travis/build/icyphy/ptII/ptolemy/domains/de/test/auto/OpenQueuingNetwork.xml
----------------- Instantiating /home/travis/build/icyphy/ptII/ptolemy/domains/de/test/auto/OpenQueuingNetwork.xml
221 ms. Memory: 202752K Free: 150523K (74%)
----------------- Invoking toplevel() on ptolemy.moml.MoMLSimpleApplication@500de296
----------------- Done invoking toplevel() on ptolemy.moml.MoMLSimpleApplication@500de296
reloadAllAccessors: .OpenQueuingNetwork

===========================================================================================
----------------- testing Wed Aug 28 05:31:01 UTC 2019 /home/travis/build/icyphy/ptII/ptolemy/domains/de/test/auto/PeriodicSampler.xml
----------------- Instantiating /home/travis/build/icyphy/ptII/ptolemy/domains/de/test/auto/PeriodicSampler.xml
3 ms. Memory: 202752K Free: 145838K (72%)
----------------- Invoking toplevel() on ptolemy.moml.MoMLSimpleApplication@33f2ffdd
----------------- Done invoking toplevel() on ptolemy.moml.MoMLSimpleApplication@33f2ffdd
reloadAllAccessors: .PeriodicSampler

===========================================================================================
----------------- testing Wed Aug 28 05:31:01 UTC 2019 /home/travis/build/icyphy/ptII/ptolemy/domains/de/test/auto/PersistentIO.xml
----------------- Instantiating /home/travis/build/icyphy/ptII/ptolemy/domains/de/test/auto/PersistentIO.xml
6 ms. Memory: 202752K Free: 136078K (67%)
----------------- Invoking toplevel() on ptolemy.moml.MoMLSimpleApplication@298f2657
----------------- Done invoking toplevel() on ptolemy.moml.MoMLSimpleApplication@298f2657
reloadAllAccessors: .PersistentIO

===========================================================================================
----------------- testing Wed Aug 28 05:31:01 UTC 2019 /home/travis/build/icyphy/ptII/ptolemy/domains/de/test/auto/PortParameterResetOnInitialize.xml
----------------- Instantiating /home/travis/build/icyphy/ptII/ptolemy/domains/de/test/auto/PortParameterResetOnInitialize.xml
1 ms. Memory: 202752K Free: 131502K (65%)
----------------- Invoking toplevel() on ptolemy.moml.MoMLSimpleApplication@5b2113d
----------------- Done invoking toplevel() on ptolemy.moml.MoMLSimpleApplication@5b2113d
reloadAllAccessors: .PortParameterResetOnInitialize

===========================================================================================
----------------- testing Wed Aug 28 05:31:01 UTC 2019 /home/travis/build/icyphy/ptII/ptolemy/domains/de/test/auto/PortParameterUpdates.xml
----------------- Instantiating /home/travis/build/icyphy/ptII/ptolemy/domains/de/test/auto/PortParameterUpdates.xml
3 ms. Memory: 202752K Free: 124830K (62%)
----------------- Invoking toplevel() on ptolemy.moml.MoMLSimpleApplication@480486a2
----------------- Done invoking toplevel() on ptolemy.moml.MoMLSimpleApplication@480486a2
reloadAllAccessors: .PortParameterUpdates

===========================================================================================
----------------- testing Wed Aug 28 05:31:01 UTC 2019 /home/travis/build/icyphy/ptII/ptolemy/domains/de/test/auto/QueueAndServer.xml
----------------- Instantiating /home/travis/build/icyphy/ptII/ptolemy/domains/de/test/auto/QueueAndServer.xml
5 ms. Memory: 202752K Free: 117166K (58%)
----------------- Invoking toplevel() on ptolemy.moml.MoMLSimpleApplication@54fe33de
----------------- Done invoking toplevel() on ptolemy.moml.MoMLSimpleApplication@54fe33de
reloadAllAccessors: .QueueAndServer

===========================================================================================
----------------- testing Wed Aug 28 05:31:01 UTC 2019 /home/travis/build/icyphy/ptII/ptolemy/domains/de/test/auto/Records.xml
----------------- Instantiating /home/travis/build/icyphy/ptII/ptolemy/domains/de/test/auto/Records.xml
3 ms. Memory: 202752K Free: 111532K (55%)
----------------- Invoking toplevel() on ptolemy.moml.MoMLSimpleApplication@25b92448
----------------- Done invoking toplevel() on ptolemy.moml.MoMLSimpleApplication@25b92448
reloadAllAccessors: .Records

===========================================================================================
----------------- testing Wed Aug 28 05:31:01 UTC 2019 /home/travis/build/icyphy/ptII/ptolemy/domains/de/test/auto/ResetTransitionWithStartTime1.xml
----------------- Instantiating /home/travis/build/icyphy/ptII/ptolemy/domains/de/test/auto/ResetTransitionWithStartTime1.xml
6 ms. Memory: 202752K Free: 103326K (51%)
----------------- Invoking toplevel() on ptolemy.moml.MoMLSimpleApplication@4e2bf5cd
----------------- Done invoking toplevel() on ptolemy.moml.MoMLSimpleApplication@4e2bf5cd
reloadAllAccessors: .ResetTransitionWithStartTime1

===========================================================================================
----------------- testing Wed Aug 28 05:31:01 UTC 2019 /home/travis/build/icyphy/ptII/ptolemy/domains/de/test/auto/ResetTransitionWithStartTime2.xml
----------------- Instantiating /home/travis/build/icyphy/ptII/ptolemy/domains/de/test/auto/ResetTransitionWithStartTime2.xml
8 ms. Memory: 202752K Free: 95134K (47%)
----------------- Invoking toplevel() on ptolemy.moml.MoMLSimpleApplication@19a42c72
----------------- Done invoking toplevel() on ptolemy.moml.MoMLSimpleApplication@19a42c72
reloadAllAccessors: .ResetTransitionWithStartTime2

===========================================================================================
----------------- testing Wed Aug 28 05:31:01 UTC 2019 /home/travis/build/icyphy/ptII/ptolemy/domains/de/test/auto/ResetTransitionWithStartTime3.xml
----------------- Instantiating /home/travis/build/icyphy/ptII/ptolemy/domains/de/test/auto/ResetTransitionWithStartTime3.xml
4 ms. Memory: 202752K Free: 86942K (43%)
----------------- Invoking toplevel() on ptolemy.moml.MoMLSimpleApplication@377d8adc
----------------- Done invoking toplevel() on ptolemy.moml.MoMLSimpleApplication@377d8adc
reloadAllAccessors: .ResetTransitionWithStartTime3

===========================================================================================
----------------- testing Wed Aug 28 05:31:01 UTC 2019 /home/travis/build/icyphy/ptII/ptolemy/domains/de/test/auto/ResetTransitionWithStartTime4.xml
----------------- Instantiating /home/travis/build/icyphy/ptII/ptolemy/domains/de/test/auto/ResetTransitionWithStartTime4.xml
4 ms. Memory: 202752K Free: 79278K (39%)
----------------- Invoking toplevel() on ptolemy.moml.MoMLSimpleApplication@7e436858
----------------- Done invoking toplevel() on ptolemy.moml.MoMLSimpleApplication@7e436858
reloadAllAccessors: .ResetTransitionWithStartTime4

===========================================================================================
----------------- testing Wed Aug 28 05:31:01 UTC 2019 /home/travis/build/icyphy/ptII/ptolemy/domains/de/test/auto/ResettableTimer1.xml
----------------- Instantiating /home/travis/build/icyphy/ptII/ptolemy/domains/de/test/auto/ResettableTimer1.xml
2 ms. Memory: 202752K Free: 75182K (37%)
----------------- Invoking toplevel() on ptolemy.moml.MoMLSimpleApplication@58f29432
----------------- Done invoking toplevel() on ptolemy.moml.MoMLSimpleApplication@58f29432
reloadAllAccessors: .ResettableTimer1

===========================================================================================
----------------- testing Wed Aug 28 05:31:01 UTC 2019 /home/travis/build/icyphy/ptII/ptolemy/domains/de/test/auto/ResettableTimer2.xml
----------------- Instantiating /home/travis/build/icyphy/ptII/ptolemy/domains/de/test/auto/ResettableTimer2.xml
2 ms. Memory: 202752K Free: 184111K (91%)
----------------- Invoking toplevel() on ptolemy.moml.MoMLSimpleApplication@2458171d
----------------- Done invoking toplevel() on ptolemy.moml.MoMLSimpleApplication@2458171d
reloadAllAccessors: .ResettableTimer2

===========================================================================================
----------------- testing Wed Aug 28 05:31:01 UTC 2019 /home/travis/build/icyphy/ptII/ptolemy/domains/de/test/auto/ResettableTimer3.xml
----------------- Instantiating /home/travis/build/icyphy/ptII/ptolemy/domains/de/test/auto/ResettableTimer3.xml
1 ms. Memory: 202752K Free: 180015K (89%)
----------------- Invoking toplevel() on ptolemy.moml.MoMLSimpleApplication@fec6d93
----------------- Done invoking toplevel() on ptolemy.moml.MoMLSimpleApplication@fec6d93
reloadAllAccessors: .ResettableTimer3

===========================================================================================
----------------- testing Wed Aug 28 05:31:01 UTC 2019 /home/travis/build/icyphy/ptII/ptolemy/domains/de/test/auto/ResettableTimer4.xml
----------------- Instantiating /home/travis/build/icyphy/ptII/ptolemy/domains/de/test/auto/ResettableTimer4.xml
1 ms. Memory: 202752K Free: 175919K (87%)
----------------- Invoking toplevel() on ptolemy.moml.MoMLSimpleApplication@7c176a2b
----------------- Done invoking toplevel() on ptolemy.moml.MoMLSimpleApplication@7c176a2b
reloadAllAccessors: .ResettableTimer4

===========================================================================================
----------------- testing Wed Aug 28 05:31:01 UTC 2019 /home/travis/build/icyphy/ptII/ptolemy/domains/de/test/auto/ResettableTimer5.xml
----------------- Instantiating /home/travis/build/icyphy/ptII/ptolemy/domains/de/test/auto/ResettableTimer5.xml
1 ms. Memory: 202752K Free: 171309K (84%)
----------------- Invoking toplevel() on ptolemy.moml.MoMLSimpleApplication@1bea02c8
----------------- Done invoking toplevel() on ptolemy.moml.MoMLSimpleApplication@1bea02c8
reloadAllAccessors: .ResettableTimer5

===========================================================================================
----------------- testing Wed Aug 28 05:31:01 UTC 2019 /home/travis/build/icyphy/ptII/ptolemy/domains/de/test/auto/ResettableTimer6.xml
----------------- Instantiating /home/travis/build/icyphy/ptII/ptolemy/domains/de/test/auto/ResettableTimer6.xml
8 ms. Memory: 202752K Free: 166701K (82%)
----------------- Invoking toplevel() on ptolemy.moml.MoMLSimpleApplication@66ff0be6
----------------- Done invoking toplevel() on ptolemy.moml.MoMLSimpleApplication@66ff0be6
reloadAllAccessors: .ResettableTimer6

===========================================================================================
----------------- testing Wed Aug 28 05:31:01 UTC 2019 /home/travis/build/icyphy/ptII/ptolemy/domains/de/test/auto/ServerZeroDelay.xml
----------------- Instantiating /home/travis/build/icyphy/ptII/ptolemy/domains/de/test/auto/ServerZeroDelay.xml
2 ms. Memory: 202752K Free: 162607K (80%)
----------------- Invoking toplevel() on ptolemy.moml.MoMLSimpleApplication@44c9b7bc
----------------- Done invoking toplevel() on ptolemy.moml.MoMLSimpleApplication@44c9b7bc
reloadAllAccessors: .ServerZeroDelay

===========================================================================================
----------------- testing Wed Aug 28 05:31:01 UTC 2019 /home/travis/build/icyphy/ptII/ptolemy/domains/de/test/auto/SmartSender.xml
----------------- Instantiating /home/travis/build/icyphy/ptII/ptolemy/domains/de/test/auto/SmartSender.xml
3001 ms. Memory: 202752K Free: 158511K (78%)
----------------- Invoking toplevel() on ptolemy.moml.MoMLSimpleApplication@50a42d28
----------------- Done invoking toplevel() on ptolemy.moml.MoMLSimpleApplication@50a42d28
reloadAllAccessors: .SmartSender

===========================================================================================
----------------- testing Wed Aug 28 05:31:04 UTC 2019 /home/travis/build/icyphy/ptII/ptolemy/domains/de/test/auto/ThreadedComposite.xml
----------------- Instantiating /home/travis/build/icyphy/ptII/ptolemy/domains/de/test/auto/ThreadedComposite.xml
295 ms. Memory: 202752K Free: 125743K (62%)
----------------- Invoking toplevel() on ptolemy.moml.MoMLSimpleApplication@4e6e7c8
----------------- Done invoking toplevel() on ptolemy.moml.MoMLSimpleApplication@4e6e7c8
reloadAllAccessors: .ThreadedComposite

===========================================================================================
----------------- testing Wed Aug 28 05:31:05 UTC 2019 /home/travis/build/icyphy/ptII/ptolemy/domains/de/test/auto/Time.xml
----------------- Instantiating /home/travis/build/icyphy/ptII/ptolemy/domains/de/test/auto/Time.xml
389 ms. Memory: 202752K Free: 73005K (36%)
----------------- Invoking toplevel() on ptolemy.moml.MoMLSimpleApplication@1d68d28d
----------------- Done invoking toplevel() on ptolemy.moml.MoMLSimpleApplication@1d68d28d
reloadAllAccessors: .Time

===========================================================================================
----------------- testing Wed Aug 28 05:31:05 UTC 2019 /home/travis/build/icyphy/ptII/ptolemy/domains/de/test/auto/TimeDelayZeroDelay.xml
----------------- Instantiating /home/travis/build/icyphy/ptII/ptolemy/domains/de/test/auto/TimeDelayZeroDelay.xml
3 ms. Memory: 202752K Free: 68895K (34%)
----------------- Invoking toplevel() on ptolemy.moml.MoMLSimpleApplication@1cc76fb3
----------------- Done invoking toplevel() on ptolemy.moml.MoMLSimpleApplication@1cc76fb3
reloadAllAccessors: .TimeDelayZeroDelay

===========================================================================================
----------------- testing Wed Aug 28 05:31:05 UTC 2019 /home/travis/build/icyphy/ptII/ptolemy/domains/de/test/auto/TimerZeroDelay.xml
----------------- Instantiating /home/travis/build/icyphy/ptII/ptolemy/domains/de/test/auto/TimerZeroDelay.xml
1 ms. Memory: 202752K Free: 184246K (91%)
----------------- Invoking toplevel() on ptolemy.moml.MoMLSimpleApplication@7acbbac
----------------- Done invoking toplevel() on ptolemy.moml.MoMLSimpleApplication@7acbbac
reloadAllAccessors: .TimerZeroDelay

===========================================================================================
----------------- testing Wed Aug 28 05:31:05 UTC 2019 /home/travis/build/icyphy/ptII/ptolemy/domains/de/test/auto/TimingParadox.xml
----------------- Instantiating /home/travis/build/icyphy/ptII/ptolemy/domains/de/test/auto/TimingParadox.xml
282 ms. Memory: 202752K Free: 117172K (58%)
----------------- Invoking toplevel() on ptolemy.moml.MoMLSimpleApplication@447dd91e
----------------- Done invoking toplevel() on ptolemy.moml.MoMLSimpleApplication@447dd91e
reloadAllAccessors: .TimingParadox

===========================================================================================
----------------- testing Wed Aug 28 05:31:06 UTC 2019 /home/travis/build/icyphy/ptII/ptolemy/domains/de/test/auto/TransferInputs.xml
----------------- Instantiating /home/travis/build/icyphy/ptII/ptolemy/domains/de/test/auto/TransferInputs.xml
1 ms. Memory: 202752K Free: 112566K (56%)
----------------- Invoking toplevel() on ptolemy.moml.MoMLSimpleApplication@3ed52951
----------------- Done invoking toplevel() on ptolemy.moml.MoMLSimpleApplication@3ed52951
reloadAllAccessors: .TransferInputs

===========================================================================================
----------------- testing Wed Aug 28 05:31:06 UTC 2019 /home/travis/build/icyphy/ptII/ptolemy/domains/de/test/auto/TransferOutputs2.xml
----------------- Instantiating /home/travis/build/icyphy/ptII/ptolemy/domains/de/test/auto/TransferOutputs2.xml
3 ms. Memory: 202752K Free: 104374K (51%)
----------------- Invoking toplevel() on ptolemy.moml.MoMLSimpleApplication@314c4a1a
----------------- Done invoking toplevel() on ptolemy.moml.MoMLSimpleApplication@314c4a1a
reloadAllAccessors: .TransferOutputs2

===========================================================================================
----------------- testing Wed Aug 28 05:31:06 UTC 2019 /home/travis/build/icyphy/ptII/ptolemy/domains/de/test/auto/Trilateration.xml
----------------- Instantiating /home/travis/build/icyphy/ptII/ptolemy/domains/de/test/auto/Trilateration.xml
12523 ms. Memory: 433152K Free: 244666K (56%)
----------------- Invoking toplevel() on ptolemy.moml.MoMLSimpleApplication@7f1cb3a0
----------------- Done invoking toplevel() on ptolemy.moml.MoMLSimpleApplication@7f1cb3a0
reloadAllAccessors: .Trilateration

===========================================================================================
----------------- testing Wed Aug 28 05:31:19 UTC 2019 /home/travis/build/icyphy/ptII/ptolemy/domains/de/test/auto/TwoSigmaDelta.xml
----------------- Instantiating /home/travis/build/icyphy/ptII/ptolemy/domains/de/test/auto/TwoSigmaDelta.xml
1869 ms. Memory: 433152K Free: 289891K (67%)
----------------- Invoking toplevel() on ptolemy.moml.MoMLSimpleApplication@47591e16
----------------- Done invoking toplevel() on ptolemy.moml.MoMLSimpleApplication@47591e16
reloadAllAccessors: .TwoSigmaDelta

===========================================================================================
----------------- testing Wed Aug 28 05:31:21 UTC 2019 /home/travis/build/icyphy/ptII/ptolemy/domains/de/test/auto/VariableDelay.xml
----------------- Instantiating /home/travis/build/icyphy/ptII/ptolemy/domains/de/test/auto/VariableDelay.xml
2 ms. Memory: 433152K Free: 284757K (66%)
----------------- Invoking toplevel() on ptolemy.moml.MoMLSimpleApplication@756dab2c
----------------- Done invoking toplevel() on ptolemy.moml.MoMLSimpleApplication@756dab2c
reloadAllAccessors: .VariableDelay

===========================================================================================
----------------- testing Wed Aug 28 05:31:21 UTC 2019 /home/travis/build/icyphy/ptII/ptolemy/domains/de/test/auto/VariableDelay2.xml
----------------- Instantiating /home/travis/build/icyphy/ptII/ptolemy/domains/de/test/auto/VariableDelay2.xml
2 ms. Memory: 433152K Free: 280165K (65%)
----------------- Invoking toplevel() on ptolemy.moml.MoMLSimpleApplication@482ff9bd
----------------- Done invoking toplevel() on ptolemy.moml.MoMLSimpleApplication@482ff9bd
reloadAllAccessors: .VariableDelay2

===========================================================================================
----------------- testing Wed Aug 28 05:31:21 UTC 2019 /home/travis/build/icyphy/ptII/ptolemy/domains/de/test/auto/VariableDelayZeroDelay.xml
----------------- Instantiating /home/travis/build/icyphy/ptII/ptolemy/domains/de/test/auto/VariableDelayZeroDelay.xml
5 ms. Memory: 433152K Free: 276069K (64%)
----------------- Invoking toplevel() on ptolemy.moml.MoMLSimpleApplication@17970cc9
----------------- Done invoking toplevel() on ptolemy.moml.MoMLSimpleApplication@17970cc9
reloadAllAccessors: .VariableDelayZeroDelay

===========================================================================================
----------------- testing Wed Aug 28 05:31:21 UTC 2019 /home/travis/build/icyphy/ptII/ptolemy/domains/de/test/auto/VariableDelayZeroDelay2.xml
----------------- Instantiating /home/travis/build/icyphy/ptII/ptolemy/domains/de/test/auto/VariableDelayZeroDelay2.xml
2 ms. Memory: 433152K Free: 271459K (63%)
----------------- Invoking toplevel() on ptolemy.moml.MoMLSimpleApplication@214cd2d1
----------------- Done invoking toplevel() on ptolemy.moml.MoMLSimpleApplication@214cd2d1
reloadAllAccessors: .VariableDelayZeroDelay2

===========================================================================================
----------------- testing Wed Aug 28 05:31:21 UTC 2019 /home/travis/build/icyphy/ptII/ptolemy/domains/de/test/auto/deInCt.xml
----------------- Instantiating /home/travis/build/icyphy/ptII/ptolemy/domains/de/test/auto/deInCt.xml
0
1
1
1
1
1
0
0
0
0
0
1
1
1
0
0
1
1
1
1
0
0
0
0
0
0
4 ms. Memory: 433152K Free: 266339K (61%)
----------------- Invoking toplevel() on ptolemy.moml.MoMLSimpleApplication@3b43d6b3
----------------- Done invoking toplevel() on ptolemy.moml.MoMLSimpleApplication@3b43d6b3
reloadAllAccessors: .deInCt

===========================================================================================
----------------- testing Wed Aug 28 05:31:21 UTC 2019 /home/travis/build/icyphy/ptII/ptolemy/domains/de/test/auto/deInCt2.xml
----------------- Instantiating /home/travis/build/icyphy/ptII/ptolemy/domains/de/test/auto/deInCt2.xml
0
1
1
1
0
0
1
1
1
0
0
1
1
1
0
0
1
1
1
0
0
1
1
1
0
0
1
1
1
0
0
1
1
1
0
0
1
1
1
0
0
0
7 ms. Memory: 433152K Free: 261213K (60%)
----------------- Invoking toplevel() on ptolemy.moml.MoMLSimpleApplication@14840b4b
----------------- Done invoking toplevel() on ptolemy.moml.MoMLSimpleApplication@14840b4b
reloadAllAccessors: .deInCt2

===========================================================================================
----------------- testing Wed Aug 28 05:31:21 UTC 2019 /home/travis/build/icyphy/ptII/ptolemy/domains/de/test/auto/dynamicCausalityInterface1.xml
----------------- Instantiating /home/travis/build/icyphy/ptII/ptolemy/domains/de/test/auto/dynamicCausalityInterface1.xml
1 ms. Memory: 433152K Free: 252003K (58%)
----------------- Invoking toplevel() on ptolemy.moml.MoMLSimpleApplication@67f53776
----------------- Done invoking toplevel() on ptolemy.moml.MoMLSimpleApplication@67f53776
reloadAllAccessors: .dynamicCausalityInterface1

===========================================================================================
----------------- testing Wed Aug 28 05:31:21 UTC 2019 /home/travis/build/icyphy/ptII/ptolemy/domains/de/test/auto/fsm_de_test.xml
----------------- Instantiating /home/travis/build/icyphy/ptII/ptolemy/domains/de/test/auto/fsm_de_test.xml
8 ms. Memory: 433152K Free: 242773K (56%)
----------------- Invoking toplevel() on ptolemy.moml.MoMLSimpleApplication@52640f9a
----------------- Done invoking toplevel() on ptolemy.moml.MoMLSimpleApplication@52640f9a
reloadAllAccessors: .fsm_de_test

===========================================================================================
----------------- testing Wed Aug 28 05:31:21 UTC 2019 /home/travis/build/icyphy/ptII/ptolemy/domains/de/test/auto/functionDependencyReconstruction.xml
----------------- Instantiating /home/travis/build/icyphy/ptII/ptolemy/domains/de/test/auto/functionDependencyReconstruction.xml
2 ms. Memory: 433152K Free: 227941K (53%)
----------------- Invoking toplevel() on ptolemy.moml.MoMLSimpleApplication@3979b3f7
----------------- Done invoking toplevel() on ptolemy.moml.MoMLSimpleApplication@3979b3f7
reloadAllAccessors: .functionDependencyReconstruction

===========================================================================================
----------------- testing Wed Aug 28 05:31:21 UTC 2019 /home/travis/build/icyphy/ptII/ptolemy/domains/de/test/auto/multirate.xml
----------------- Instantiating /home/travis/build/icyphy/ptII/ptolemy/domains/de/test/auto/multirate.xml
3 ms. Memory: 433152K Free: 221269K (51%)
----------------- Invoking toplevel() on ptolemy.moml.MoMLSimpleApplication@51dc27f3
----------------- Done invoking toplevel() on ptolemy.moml.MoMLSimpleApplication@51dc27f3
reloadAllAccessors: .multirate

===========================================================================================
----------------- testing Wed Aug 28 05:31:21 UTC 2019 /home/travis/build/icyphy/ptII/ptolemy/domains/de/test/auto/multirate2.xml
----------------- Instantiating /home/travis/build/icyphy/ptII/ptolemy/domains/de/test/auto/multirate2.xml
9 ms. Memory: 433152K Free: 214629K (50%)
----------------- Invoking toplevel() on ptolemy.moml.MoMLSimpleApplication@19567cd2
----------------- Done invoking toplevel() on ptolemy.moml.MoMLSimpleApplication@19567cd2
reloadAllAccessors: .multirate2

===========================================================================================
----------------- testing Wed Aug 28 05:31:21 UTC 2019 /home/travis/build/icyphy/ptII/ptolemy/domains/de/test/auto/realtime.xml
----------------- Instantiating /home/travis/build/icyphy/ptII/ptolemy/domains/de/test/auto/realtime.xml
10002 ms. Memory: 433152K Free: 210013K (48%)
----------------- Invoking toplevel() on ptolemy.moml.MoMLSimpleApplication@1b59c6b0
----------------- Done invoking toplevel() on ptolemy.moml.MoMLSimpleApplication@1b59c6b0
reloadAllAccessors: .realtime

===========================================================================================
----------------- testing Wed Aug 28 05:31:31 UTC 2019 /home/travis/build/icyphy/ptII/ptolemy/domains/de/test/auto/relationGroup.xml
----------------- Instantiating /home/travis/build/icyphy/ptII/ptolemy/domains/de/test/auto/relationGroup.xml
1 ms. Memory: 433152K Free: 206437K (48%)
----------------- Invoking toplevel() on ptolemy.moml.MoMLSimpleApplication@2532b1eb
----------------- Done invoking toplevel() on ptolemy.moml.MoMLSimpleApplication@2532b1eb
reloadAllAccessors: .relationGroup

===========================================================================================
----------------- testing Wed Aug 28 05:31:31 UTC 2019 /home/travis/build/icyphy/ptII/ptolemy/domains/de/test/auto/relationGroup2.xml
----------------- Instantiating /home/travis/build/icyphy/ptII/ptolemy/domains/de/test/auto/relationGroup2.xml
2 ms. Memory: 433152K Free: 202851K (47%)
----------------- Invoking toplevel() on ptolemy.moml.MoMLSimpleApplication@663c8f2d
----------------- Done invoking toplevel() on ptolemy.moml.MoMLSimpleApplication@663c8f2d
reloadAllAccessors: .relationGroup2

===========================================================================================
----------------- testing Wed Aug 28 05:31:31 UTC 2019 /home/travis/build/icyphy/ptII/ptolemy/domains/de/test/auto/sortWithOpaquePorts.xml
----------------- Instantiating /home/travis/build/icyphy/ptII/ptolemy/domains/de/test/auto/sortWithOpaquePorts.xml
1 ms. Memory: 433152K Free: 198245K (46%)
----------------- Invoking toplevel() on ptolemy.moml.MoMLSimpleApplication@8aa4ca0
----------------- Done invoking toplevel() on ptolemy.moml.MoMLSimpleApplication@8aa4ca0
reloadAllAccessors: .sortWithOpaquePorts

===========================================================================================
----------------- testing Wed Aug 28 05:31:31 UTC 2019 /home/travis/build/icyphy/ptII/ptolemy/domains/de/test/auto/transferInputsandOutputs.xml
----------------- Instantiating /home/travis/build/icyphy/ptII/ptolemy/domains/de/test/auto/transferInputsandOutputs.xml
1 ms. Memory: 433152K Free: 191077K (44%)
----------------- Invoking toplevel() on ptolemy.moml.MoMLSimpleApplication@56e0eaad
----------------- Done invoking toplevel() on ptolemy.moml.MoMLSimpleApplication@56e0eaad
reloadAllAccessors: .transferInputsandOutputs

===========================================================================================
----------------- testing Wed Aug 28 05:31:31 UTC 2019 /home/travis/build/icyphy/ptII/ptolemy/domains/de/test/auto/triggerType.xml
----------------- Instantiating /home/travis/build/icyphy/ptII/ptolemy/domains/de/test/auto/triggerType.xml
1 ms. Memory: 433152K Free: 186981K (43%)
----------------- Invoking toplevel() on ptolemy.moml.MoMLSimpleApplication@584d28b3
----------------- Done invoking toplevel() on ptolemy.moml.MoMLSimpleApplication@584d28b3
reloadAllAccessors: .triggerType
AutoTests.java: About to close Vertx.
AutoTests.java: Vertx closed.
]]></system-out>
  <system-err><![CDATA[java.lang.RuntimeException: Execution failed
	at ptolemy.moml.MoMLSimpleApplication$UnloadThread.run(MoMLSimpleApplication.java:402)
Caused by: ptolemy.kernel.util.IllegalActionException: Found a zero delay loop containing .dependencyLoop.original
  in .dependencyLoop and .dependencyLoop.original
	at ptolemy.actor.util.CausalityInterfaceForComposites._computeOutputPortDepth(CausalityInterfaceForComposites.java:759)
	at ptolemy.actor.util.CausalityInterfaceForComposites._computeInputDepth(CausalityInterfaceForComposites.java:696)
	at ptolemy.actor.util.CausalityInterfaceForComposites._computeOutputPortDepth(CausalityInterfaceForComposites.java:765)
	at ptolemy.actor.util.CausalityInterfaceForComposites._computeInputDepth(CausalityInterfaceForComposites.java:696)
	at ptolemy.actor.util.CausalityInterfaceForComposites._computeOutputPortDepth(CausalityInterfaceForComposites.java:765)
	at ptolemy.actor.util.CausalityInterfaceForComposites._computeInputDepth(CausalityInterfaceForComposites.java:696)
	at ptolemy.actor.util.CausalityInterfaceForComposites._computeActorDepth(CausalityInterfaceForComposites.java:532)
	at ptolemy.actor.util.CausalityInterfaceForComposites.checkForCycles(CausalityInterfaceForComposites.java:96)
	at ptolemy.domains.de.kernel.DEDirector.preinitialize(DEDirector.java:1338)
	at ptolemy.actor.CompositeActor.preinitialize(CompositeActor.java:1828)
	at ptolemy.actor.Manager.preinitializeAndResolveTypes(Manager.java:1040)
	at ptolemy.actor.Manager.initialize(Manager.java:710)
	at ptolemy.actor.Manager.execute(Manager.java:356)
	at ptolemy.actor.Manager.run(Manager.java:1263)
	at ptolemy.actor.Manager$PtolemyRunThread.run(Manager.java:1933)
java.lang.RuntimeException: Execution failed
	at ptolemy.moml.MoMLSimpleApplication$UnloadThread.run(MoMLSimpleApplication.java:402)
Caused by: ptolemy.kernel.util.IllegalActionException: Found a zero delay loop containing .dependencyLoop2.original
  in .dependencyLoop2 and .dependencyLoop2.original
	at ptolemy.actor.util.CausalityInterfaceForComposites._computeOutputPortDepth(CausalityInterfaceForComposites.java:759)
	at ptolemy.actor.util.CausalityInterfaceForComposites._computeInputDepth(CausalityInterfaceForComposites.java:696)
	at ptolemy.actor.util.CausalityInterfaceForComposites._computeOutputPortDepth(CausalityInterfaceForComposites.java:765)
	at ptolemy.actor.util.CausalityInterfaceForComposites._computeInputDepth(CausalityInterfaceForComposites.java:696)
	at ptolemy.actor.util.CausalityInterfaceForComposites._computeOutputPortDepth(CausalityInterfaceForComposites.java:765)
	at ptolemy.actor.util.CausalityInterfaceForComposites._computeInputDepth(CausalityInterfaceForComposites.java:696)
	at ptolemy.actor.util.CausalityInterfaceForComposites._computeActorDepth(CausalityInterfaceForComposites.java:532)
	at ptolemy.actor.util.CausalityInterfaceForComposites.checkForCycles(CausalityInterfaceForComposites.java:96)
	at ptolemy.domains.de.kernel.DEDirector.preinitialize(DEDirector.java:1338)
	at ptolemy.actor.CompositeActor.preinitialize(CompositeActor.java:1828)
	at ptolemy.actor.Manager.preinitializeAndResolveTypes(Manager.java:1040)
	at ptolemy.actor.Manager.initialize(Manager.java:710)
	at ptolemy.actor.Manager.execute(Manager.java:356)
	at ptolemy.actor.Manager.run(Manager.java:1263)
	at ptolemy.actor.Manager$PtolemyRunThread.run(Manager.java:1933)
java.lang.RuntimeException: Execution failed
	at ptolemy.moml.MoMLSimpleApplication$UnloadThread.run(MoMLSimpleApplication.java:402)
Caused by: ptolemy.kernel.util.IllegalActionException: Test fails in iteration 1.
Value was: 1.0. Should have been: 2.0
  in .DirectFeedback.Test
	at ptolemy.actor.lib.Test.fire(Test.java:268)
	at ptolemy.domains.de.kernel.DEDirector._fire(DEDirector.java:1949)
	at ptolemy.domains.de.kernel.DEDirector.fire(DEDirector.java:502)
	at ptolemy.actor.CompositeActor.fire(CompositeActor.java:455)
	at ptolemy.actor.Manager.iterate(Manager.java:851)
	at ptolemy.actor.Manager.execute(Manager.java:369)
	at ptolemy.actor.Manager.run(Manager.java:1263)
	at ptolemy.actor.Manager$PtolemyRunThread.run(Manager.java:1933)
java.lang.RuntimeException: Execution failed
	at ptolemy.moml.MoMLSimpleApplication$UnloadThread.run(MoMLSimpleApplication.java:402)
Caused by: ptolemy.kernel.util.IllegalActionException: Found a zero delay loop containing .dependencyLoop.original
  in .dependencyLoop and .dependencyLoop.original
	at ptolemy.actor.util.CausalityInterfaceForComposites._computeOutputPortDepth(CausalityInterfaceForComposites.java:759)
	at ptolemy.actor.util.CausalityInterfaceForComposites._computeInputDepth(CausalityInterfaceForComposites.java:696)
	at ptolemy.actor.util.CausalityInterfaceForComposites._computeOutputPortDepth(CausalityInterfaceForComposites.java:765)
	at ptolemy.actor.util.CausalityInterfaceForComposites._computeInputDepth(CausalityInterfaceForComposites.java:696)
	at ptolemy.actor.util.CausalityInterfaceForComposites._computeOutputPortDepth(CausalityInterfaceForComposites.java:765)
	at ptolemy.actor.util.CausalityInterfaceForComposites._computeInputDepth(CausalityInterfaceForComposites.java:696)
	at ptolemy.actor.util.CausalityInterfaceForComposites._computeActorDepth(CausalityInterfaceForComposites.java:532)
	at ptolemy.actor.util.CausalityInterfaceForComposites.checkForCycles(CausalityInterfaceForComposites.java:96)
	at ptolemy.domains.de.kernel.DEDirector.preinitialize(DEDirector.java:1338)
	at ptolemy.actor.CompositeActor.preinitialize(CompositeActor.java:1828)
	at ptolemy.actor.Manager.preinitializeAndResolveTypes(Manager.java:1040)
	at ptolemy.actor.Manager.initialize(Manager.java:710)
	at ptolemy.actor.Manager.execute(Manager.java:356)
	at ptolemy.actor.Manager.run(Manager.java:1263)
	at ptolemy.actor.Manager$PtolemyRunThread.run(Manager.java:1933)
java.lang.RuntimeException: Execution failed
	at ptolemy.moml.MoMLSimpleApplication$UnloadThread.run(MoMLSimpleApplication.java:402)
Caused by: ptolemy.kernel.util.IllegalActionException: Found a zero delay loop containing .HierarchicalModel.A
  in .HierarchicalModel and .HierarchicalModel.A
	at ptolemy.actor.util.CausalityInterfaceForComposites._computeOutputPortDepth(CausalityInterfaceForComposites.java:759)
	at ptolemy.actor.util.CausalityInterfaceForComposites._computeInputDepth(CausalityInterfaceForComposites.java:696)
	at ptolemy.actor.util.CausalityInterfaceForComposites._computeOutputPortDepth(CausalityInterfaceForComposites.java:765)
	at ptolemy.actor.util.CausalityInterfaceForComposites._computeInputDepth(CausalityInterfaceForComposites.java:696)
	at ptolemy.actor.util.CausalityInterfaceForComposites._computeOutputPortDepth(CausalityInterfaceForComposites.java:765)
	at ptolemy.actor.util.CausalityInterfaceForComposites._computeInputDepth(CausalityInterfaceForComposites.java:696)
	at ptolemy.actor.util.CausalityInterfaceForComposites._computeActorDepth(CausalityInterfaceForComposites.java:532)
	at ptolemy.actor.util.CausalityInterfaceForComposites.checkForCycles(CausalityInterfaceForComposites.java:96)
	at ptolemy.domains.de.kernel.DEDirector.preinitialize(DEDirector.java:1338)
	at ptolemy.actor.CompositeActor.preinitialize(CompositeActor.java:1828)
	at ptolemy.actor.Manager.preinitializeAndResolveTypes(Manager.java:1040)
	at ptolemy.actor.Manager.initialize(Manager.java:710)
	at ptolemy.actor.Manager.execute(Manager.java:356)
	at ptolemy.actor.Manager.run(Manager.java:1263)
	at ptolemy.actor.Manager$PtolemyRunThread.run(Manager.java:1933)
java.lang.RuntimeException: Execution failed
	at ptolemy.moml.MoMLSimpleApplication$UnloadThread.run(MoMLSimpleApplication.java:402)
Caused by: ptolemy.kernel.util.IllegalActionException: Found a zero delay loop containing .dependencyLoop2.original
  in .dependencyLoop2 and .dependencyLoop2.original
	at ptolemy.actor.util.CausalityInterfaceForComposites._computeOutputPortDepth(CausalityInterfaceForComposites.java:759)
	at ptolemy.actor.util.CausalityInterfaceForComposites._computeInputDepth(CausalityInterfaceForComposites.java:696)
	at ptolemy.actor.util.CausalityInterfaceForComposites._computeOutputPortDepth(CausalityInterfaceForComposites.java:765)
	at ptolemy.actor.util.CausalityInterfaceForComposites._computeInputDepth(CausalityInterfaceForComposites.java:696)
	at ptolemy.actor.util.CausalityInterfaceForComposites._computeOutputPortDepth(CausalityInterfaceForComposites.java:765)
	at ptolemy.actor.util.CausalityInterfaceForComposites._computeInputDepth(CausalityInterfaceForComposites.java:696)
	at ptolemy.actor.util.CausalityInterfaceForComposites._computeActorDepth(CausalityInterfaceForComposites.java:532)
	at ptolemy.actor.util.CausalityInterfaceForComposites.checkForCycles(CausalityInterfaceForComposites.java:96)
	at ptolemy.domains.de.kernel.DEDirector.preinitialize(DEDirector.java:1338)
	at ptolemy.actor.CompositeActor.preinitialize(CompositeActor.java:1828)
	at ptolemy.actor.Manager.preinitializeAndResolveTypes(Manager.java:1040)
	at ptolemy.actor.Manager.initialize(Manager.java:710)
	at ptolemy.actor.Manager.execute(Manager.java:356)
	at ptolemy.actor.Manager.run(Manager.java:1263)
	at ptolemy.actor.Manager$PtolemyRunThread.run(Manager.java:1933)
java.lang.RuntimeException: Execution failed
	at ptolemy.moml.MoMLSimpleApplication$UnloadThread.run(MoMLSimpleApplication.java:402)
Caused by: ptolemy.kernel.util.IllegalActionException: Actor is not ready to fire.  Perhaps UpSample.prefire() returned false? Try debugging the actor by selecting "Listen to Actor".  Also, for SDF check moml for tokenConsumptionRate on input.
  in .DESDFClockTest.Play Bell.Copy1:SDF Director and .DESDFClockTest.Play Bell.UpSample
	at ptolemy.actor.sched.StaticSchedulingDirector.fire(StaticSchedulingDirector.java:227)
	at ptolemy.domains.sdf.kernel.SDFDirector.fire(SDFDirector.java:500)
	at ptolemy.actor.CompositeActor.fire(CompositeActor.java:455)
	at ptolemy.domains.de.kernel.DEDirector._fire(DEDirector.java:1949)
	at ptolemy.domains.de.kernel.DEDirector.fire(DEDirector.java:502)
	at ptolemy.actor.CompositeActor.fire(CompositeActor.java:455)
	at ptolemy.actor.Manager.iterate(Manager.java:851)
	at ptolemy.actor.Manager.execute(Manager.java:369)
	at ptolemy.actor.Manager.run(Manager.java:1263)
	at ptolemy.actor.Manager$PtolemyRunThread.run(Manager.java:1933)
java.lang.RuntimeException: Execution failed
	at ptolemy.moml.MoMLSimpleApplication$UnloadThread.run(MoMLSimpleApplication.java:402)
Caused by: ptolemy.kernel.util.IllegalActionException: Actor is not ready to fire.  Perhaps UpSample.prefire() returned false? Try debugging the actor by selecting "Listen to Actor".  Also, for SDF check moml for tokenConsumptionRate on input.
  in .DESDFClockTest.Play Bell.Copy1:SDF Director and .DESDFClockTest.Play Bell.UpSample
	at ptolemy.actor.sched.StaticSchedulingDirector.fire(StaticSchedulingDirector.java:227)
	at ptolemy.domains.sdf.kernel.SDFDirector.fire(SDFDirector.java:500)
	at ptolemy.actor.CompositeActor.fire(CompositeActor.java:455)
	at ptolemy.domains.de.kernel.DEDirector._fire(DEDirector.java:1949)
	at ptolemy.domains.de.kernel.DEDirector.fire(DEDirector.java:502)
	at ptolemy.actor.CompositeActor.fire(CompositeActor.java:455)
	at ptolemy.actor.Manager.iterate(Manager.java:851)
	at ptolemy.actor.Manager.execute(Manager.java:369)
	at ptolemy.actor.Manager.run(Manager.java:1263)
	at ptolemy.actor.Manager$PtolemyRunThread.run(Manager.java:1933)
java.lang.reflect.InvocationTargetException
	at java.base/jdk.internal.reflect.NativeConstructorAccessorImpl.newInstance0(Native Method)
	at java.base/jdk.internal.reflect.NativeConstructorAccessorImpl.newInstance(NativeConstructorAccessorImpl.java:62)
	at java.base/jdk.internal.reflect.DelegatingConstructorAccessorImpl.newInstance(DelegatingConstructorAccessorImpl.java:45)
	at java.base/java.lang.reflect.Constructor.newInstance(Constructor.java:490)
	at ptolemy.util.test.junit.AutoKnownFailedTests.RunModel(AutoKnownFailedTests.java:105)
	at java.base/jdk.internal.reflect.NativeMethodAccessorImpl.invoke0(Native Method)
	at java.base/jdk.internal.reflect.NativeMethodAccessorImpl.invoke(NativeMethodAccessorImpl.java:62)
	at java.base/jdk.internal.reflect.DelegatingMethodAccessorImpl.invoke(DelegatingMethodAccessorImpl.java:43)
	at java.base/java.lang.reflect.Method.invoke(Method.java:566)
	at org.junit.runners.model.FrameworkMethod$1.runReflectiveCall(FrameworkMethod.java:44)
	at org.junit.internal.runners.model.ReflectiveCallable.run(ReflectiveCallable.java:15)
	at org.junit.runners.model.FrameworkMethod.invokeExplosively(FrameworkMethod.java:41)
	at junitparams.internal.InvokeParameterisedMethod.evaluate(InvokeParameterisedMethod.java:102)
	at org.junit.internal.runners.statements.FailOnTimeout$1.run(FailOnTimeout.java:28)
Caused by: ptolemy.kernel.util.IllegalActionException: Actor is not ready to fire.  Perhaps UpSample.prefire() returned false? Try debugging the actor by selecting "Listen to Actor".  Also, for SDF check moml for tokenConsumptionRate on input.
  in .DESDFClockTest.Play Bell.Copy1:SDF Director and .DESDFClockTest.Play Bell.UpSample
	at ptolemy.actor.sched.StaticSchedulingDirector.fire(StaticSchedulingDirector.java:227)
	at ptolemy.domains.sdf.kernel.SDFDirector.fire(SDFDirector.java:500)
	at ptolemy.actor.CompositeActor.fire(CompositeActor.java:455)
	at ptolemy.domains.de.kernel.DEDirector._fire(DEDirector.java:1949)
	at ptolemy.domains.de.kernel.DEDirector.fire(DEDirector.java:502)
	at ptolemy.actor.CompositeActor.fire(CompositeActor.java:455)
	at ptolemy.actor.Manager.iterate(Manager.java:851)
	at ptolemy.actor.Manager.execute(Manager.java:369)
	at ptolemy.actor.Manager.run(Manager.java:1263)
	at ptolemy.actor.Manager$PtolemyRunThread.run(Manager.java:1933)
java.lang.RuntimeException: Execution failed
	at ptolemy.moml.MoMLSimpleApplication$UnloadThread.run(MoMLSimpleApplication.java:402)
Caused by: ptolemy.kernel.util.IllegalActionException: Test fails in iteration 1.
Value was: 1.0. Should have been: 2.0
  in .DirectFeedback.Test
	at ptolemy.actor.lib.Test.fire(Test.java:268)
	at ptolemy.domains.de.kernel.DEDirector._fire(DEDirector.java:1949)
	at ptolemy.domains.de.kernel.DEDirector.fire(DEDirector.java:502)
	at ptolemy.actor.CompositeActor.fire(CompositeActor.java:455)
	at ptolemy.actor.Manager.iterate(Manager.java:851)
	at ptolemy.actor.Manager.execute(Manager.java:369)
	at ptolemy.actor.Manager.run(Manager.java:1263)
	at ptolemy.actor.Manager$PtolemyRunThread.run(Manager.java:1933)
java.lang.reflect.InvocationTargetException
	at java.base/jdk.internal.reflect.NativeConstructorAccessorImpl.newInstance0(Native Method)
	at java.base/jdk.internal.reflect.NativeConstructorAccessorImpl.newInstance(NativeConstructorAccessorImpl.java:62)
	at java.base/jdk.internal.reflect.DelegatingConstructorAccessorImpl.newInstance(DelegatingConstructorAccessorImpl.java:45)
	at java.base/java.lang.reflect.Constructor.newInstance(Constructor.java:490)
	at ptolemy.util.test.junit.AutoKnownFailedTests.RunModel(AutoKnownFailedTests.java:105)
	at java.base/jdk.internal.reflect.NativeMethodAccessorImpl.invoke0(Native Method)
	at java.base/jdk.internal.reflect.NativeMethodAccessorImpl.invoke(NativeMethodAccessorImpl.java:62)
	at java.base/jdk.internal.reflect.DelegatingMethodAccessorImpl.invoke(DelegatingMethodAccessorImpl.java:43)
	at java.base/java.lang.reflect.Method.invoke(Method.java:566)
	at org.junit.runners.model.FrameworkMethod$1.runReflectiveCall(FrameworkMethod.java:44)
	at org.junit.internal.runners.model.ReflectiveCallable.run(ReflectiveCallable.java:15)
	at org.junit.runners.model.FrameworkMethod.invokeExplosively(FrameworkMethod.java:41)
	at junitparams.internal.InvokeParameterisedMethod.evaluate(InvokeParameterisedMethod.java:102)
	at org.junit.internal.runners.statements.FailOnTimeout$1.run(FailOnTimeout.java:28)
Caused by: ptolemy.kernel.util.IllegalActionException: Test fails in iteration 1.
Value was: 1.0. Should have been: 2.0
  in .DirectFeedback.Test
	at ptolemy.actor.lib.Test.fire(Test.java:268)
	at ptolemy.domains.de.kernel.DEDirector._fire(DEDirector.java:1949)
	at ptolemy.domains.de.kernel.DEDirector.fire(DEDirector.java:502)
	at ptolemy.actor.CompositeActor.fire(CompositeActor.java:455)
	at ptolemy.actor.Manager.iterate(Manager.java:851)
	at ptolemy.actor.Manager.execute(Manager.java:369)
	at ptolemy.actor.Manager.run(Manager.java:1263)
	at ptolemy.actor.Manager$PtolemyRunThread.run(Manager.java:1933)
java.lang.RuntimeException: Execution failed
	at ptolemy.moml.MoMLSimpleApplication$UnloadThread.run(MoMLSimpleApplication.java:402)
Caused by: ptolemy.kernel.util.IllegalActionException: Found a zero delay loop containing .HierarchicalModel.A
  in .HierarchicalModel and .HierarchicalModel.A
	at ptolemy.actor.util.CausalityInterfaceForComposites._computeOutputPortDepth(CausalityInterfaceForComposites.java:759)
	at ptolemy.actor.util.CausalityInterfaceForComposites._computeInputDepth(CausalityInterfaceForComposites.java:696)
	at ptolemy.actor.util.CausalityInterfaceForComposites._computeOutputPortDepth(CausalityInterfaceForComposites.java:765)
	at ptolemy.actor.util.CausalityInterfaceForComposites._computeInputDepth(CausalityInterfaceForComposites.java:696)
	at ptolemy.actor.util.CausalityInterfaceForComposites._computeOutputPortDepth(CausalityInterfaceForComposites.java:765)
	at ptolemy.actor.util.CausalityInterfaceForComposites._computeInputDepth(CausalityInterfaceForComposites.java:696)
	at ptolemy.actor.util.CausalityInterfaceForComposites._computeActorDepth(CausalityInterfaceForComposites.java:532)
	at ptolemy.actor.util.CausalityInterfaceForComposites.checkForCycles(CausalityInterfaceForComposites.java:96)
	at ptolemy.domains.de.kernel.DEDirector.preinitialize(DEDirector.java:1338)
	at ptolemy.actor.CompositeActor.preinitialize(CompositeActor.java:1828)
	at ptolemy.actor.Manager.preinitializeAndResolveTypes(Manager.java:1040)
	at ptolemy.actor.Manager.initialize(Manager.java:710)
	at ptolemy.actor.Manager.execute(Manager.java:356)
	at ptolemy.actor.Manager.run(Manager.java:1263)
	at ptolemy.actor.Manager$PtolemyRunThread.run(Manager.java:1933)
java.lang.reflect.InvocationTargetException
	at java.base/jdk.internal.reflect.NativeConstructorAccessorImpl.newInstance0(Native Method)
	at java.base/jdk.internal.reflect.NativeConstructorAccessorImpl.newInstance(NativeConstructorAccessorImpl.java:62)
	at java.base/jdk.internal.reflect.DelegatingConstructorAccessorImpl.newInstance(DelegatingConstructorAccessorImpl.java:45)
	at java.base/java.lang.reflect.Constructor.newInstance(Constructor.java:490)
	at ptolemy.util.test.junit.AutoKnownFailedTests.RunModel(AutoKnownFailedTests.java:105)
	at java.base/jdk.internal.reflect.NativeMethodAccessorImpl.invoke0(Native Method)
	at java.base/jdk.internal.reflect.NativeMethodAccessorImpl.invoke(NativeMethodAccessorImpl.java:62)
	at java.base/jdk.internal.reflect.DelegatingMethodAccessorImpl.invoke(DelegatingMethodAccessorImpl.java:43)
	at java.base/java.lang.reflect.Method.invoke(Method.java:566)
	at org.junit.runners.model.FrameworkMethod$1.runReflectiveCall(FrameworkMethod.java:44)
	at org.junit.internal.runners.model.ReflectiveCallable.run(ReflectiveCallable.java:15)
	at org.junit.runners.model.FrameworkMethod.invokeExplosively(FrameworkMethod.java:41)
	at junitparams.internal.InvokeParameterisedMethod.evaluate(InvokeParameterisedMethod.java:102)
	at org.junit.internal.runners.statements.FailOnTimeout$1.run(FailOnTimeout.java:28)
Caused by: ptolemy.kernel.util.IllegalActionException: Found a zero delay loop containing .HierarchicalModel.A
  in .HierarchicalModel and .HierarchicalModel.A
	at ptolemy.actor.util.CausalityInterfaceForComposites._computeOutputPortDepth(CausalityInterfaceForComposites.java:759)
	at ptolemy.actor.util.CausalityInterfaceForComposites._computeInputDepth(CausalityInterfaceForComposites.java:696)
	at ptolemy.actor.util.CausalityInterfaceForComposites._computeOutputPortDepth(CausalityInterfaceForComposites.java:765)
	at ptolemy.actor.util.CausalityInterfaceForComposites._computeInputDepth(CausalityInterfaceForComposites.java:696)
	at ptolemy.actor.util.CausalityInterfaceForComposites._computeOutputPortDepth(CausalityInterfaceForComposites.java:765)
	at ptolemy.actor.util.CausalityInterfaceForComposites._computeInputDepth(CausalityInterfaceForComposites.java:696)
	at ptolemy.actor.util.CausalityInterfaceForComposites._computeActorDepth(CausalityInterfaceForComposites.java:532)
	at ptolemy.actor.util.CausalityInterfaceForComposites.checkForCycles(CausalityInterfaceForComposites.java:96)
	at ptolemy.domains.de.kernel.DEDirector.preinitialize(DEDirector.java:1338)
	at ptolemy.actor.CompositeActor.preinitialize(CompositeActor.java:1828)
	at ptolemy.actor.Manager.preinitializeAndResolveTypes(Manager.java:1040)
	at ptolemy.actor.Manager.initialize(Manager.java:710)
	at ptolemy.actor.Manager.execute(Manager.java:356)
	at ptolemy.actor.Manager.run(Manager.java:1263)
	at ptolemy.actor.Manager$PtolemyRunThread.run(Manager.java:1933)
java.lang.RuntimeException: Execution failed
	at ptolemy.moml.MoMLSimpleApplication$UnloadThread.run(MoMLSimpleApplication.java:402)
Caused by: ptolemy.kernel.util.IllegalActionException: Found a zero delay loop containing .dependencyLoop.original
  in .dependencyLoop and .dependencyLoop.original
	at ptolemy.actor.util.CausalityInterfaceForComposites._computeOutputPortDepth(CausalityInterfaceForComposites.java:759)
	at ptolemy.actor.util.CausalityInterfaceForComposites._computeInputDepth(CausalityInterfaceForComposites.java:696)
	at ptolemy.actor.util.CausalityInterfaceForComposites._computeOutputPortDepth(CausalityInterfaceForComposites.java:765)
	at ptolemy.actor.util.CausalityInterfaceForComposites._computeInputDepth(CausalityInterfaceForComposites.java:696)
	at ptolemy.actor.util.CausalityInterfaceForComposites._computeOutputPortDepth(CausalityInterfaceForComposites.java:765)
	at ptolemy.actor.util.CausalityInterfaceForComposites._computeInputDepth(CausalityInterfaceForComposites.java:696)
	at ptolemy.actor.util.CausalityInterfaceForComposites._computeActorDepth(CausalityInterfaceForComposites.java:532)
	at ptolemy.actor.util.CausalityInterfaceForComposites.checkForCycles(CausalityInterfaceForComposites.java:96)
	at ptolemy.domains.de.kernel.DEDirector.preinitialize(DEDirector.java:1338)
	at ptolemy.actor.CompositeActor.preinitialize(CompositeActor.java:1828)
	at ptolemy.actor.Manager.preinitializeAndResolveTypes(Manager.java:1040)
	at ptolemy.actor.Manager.initialize(Manager.java:710)
	at ptolemy.actor.Manager.execute(Manager.java:356)
	at ptolemy.actor.Manager.run(Manager.java:1263)
	at ptolemy.actor.Manager$PtolemyRunThread.run(Manager.java:1933)
java.lang.reflect.InvocationTargetException
	at java.base/jdk.internal.reflect.NativeConstructorAccessorImpl.newInstance0(Native Method)
	at java.base/jdk.internal.reflect.NativeConstructorAccessorImpl.newInstance(NativeConstructorAccessorImpl.java:62)
	at java.base/jdk.internal.reflect.DelegatingConstructorAccessorImpl.newInstance(DelegatingConstructorAccessorImpl.java:45)
	at java.base/java.lang.reflect.Constructor.newInstance(Constructor.java:490)
	at ptolemy.util.test.junit.AutoKnownFailedTests.RunModel(AutoKnownFailedTests.java:105)
	at java.base/jdk.internal.reflect.NativeMethodAccessorImpl.invoke0(Native Method)
	at java.base/jdk.internal.reflect.NativeMethodAccessorImpl.invoke(NativeMethodAccessorImpl.java:62)
	at java.base/jdk.internal.reflect.DelegatingMethodAccessorImpl.invoke(DelegatingMethodAccessorImpl.java:43)
	at java.base/java.lang.reflect.Method.invoke(Method.java:566)
	at org.junit.runners.model.FrameworkMethod$1.runReflectiveCall(FrameworkMethod.java:44)
	at org.junit.internal.runners.model.ReflectiveCallable.run(ReflectiveCallable.java:15)
	at org.junit.runners.model.FrameworkMethod.invokeExplosively(FrameworkMethod.java:41)
	at junitparams.internal.InvokeParameterisedMethod.evaluate(InvokeParameterisedMethod.java:102)
	at org.junit.internal.runners.statements.FailOnTimeout$1.run(FailOnTimeout.java:28)
Caused by: ptolemy.kernel.util.IllegalActionException: Found a zero delay loop containing .dependencyLoop.original
  in .dependencyLoop and .dependencyLoop.original
	at ptolemy.actor.util.CausalityInterfaceForComposites._computeOutputPortDepth(CausalityInterfaceForComposites.java:759)
	at ptolemy.actor.util.CausalityInterfaceForComposites._computeInputDepth(CausalityInterfaceForComposites.java:696)
	at ptolemy.actor.util.CausalityInterfaceForComposites._computeOutputPortDepth(CausalityInterfaceForComposites.java:765)
	at ptolemy.actor.util.CausalityInterfaceForComposites._computeInputDepth(CausalityInterfaceForComposites.java:696)
	at ptolemy.actor.util.CausalityInterfaceForComposites._computeOutputPortDepth(CausalityInterfaceForComposites.java:765)
	at ptolemy.actor.util.CausalityInterfaceForComposites._computeInputDepth(CausalityInterfaceForComposites.java:696)
	at ptolemy.actor.util.CausalityInterfaceForComposites._computeActorDepth(CausalityInterfaceForComposites.java:532)
	at ptolemy.actor.util.CausalityInterfaceForComposites.checkForCycles(CausalityInterfaceForComposites.java:96)
	at ptolemy.domains.de.kernel.DEDirector.preinitialize(DEDirector.java:1338)
	at ptolemy.actor.CompositeActor.preinitialize(CompositeActor.java:1828)
	at ptolemy.actor.Manager.preinitializeAndResolveTypes(Manager.java:1040)
	at ptolemy.actor.Manager.initialize(Manager.java:710)
	at ptolemy.actor.Manager.execute(Manager.java:356)
	at ptolemy.actor.Manager.run(Manager.java:1263)
	at ptolemy.actor.Manager$PtolemyRunThread.run(Manager.java:1933)
java.lang.RuntimeException: Execution failed
	at ptolemy.moml.MoMLSimpleApplication$UnloadThread.run(MoMLSimpleApplication.java:402)
Caused by: ptolemy.kernel.util.IllegalActionException: Found a zero delay loop containing .dependencyLoop2.original
  in .dependencyLoop2 and .dependencyLoop2.original
	at ptolemy.actor.util.CausalityInterfaceForComposites._computeOutputPortDepth(CausalityInterfaceForComposites.java:759)
	at ptolemy.actor.util.CausalityInterfaceForComposites._computeInputDepth(CausalityInterfaceForComposites.java:696)
	at ptolemy.actor.util.CausalityInterfaceForComposites._computeOutputPortDepth(CausalityInterfaceForComposites.java:765)
	at ptolemy.actor.util.CausalityInterfaceForComposites._computeInputDepth(CausalityInterfaceForComposites.java:696)
	at ptolemy.actor.util.CausalityInterfaceForComposites._computeOutputPortDepth(CausalityInterfaceForComposites.java:765)
	at ptolemy.actor.util.CausalityInterfaceForComposites._computeInputDepth(CausalityInterfaceForComposites.java:696)
	at ptolemy.actor.util.CausalityInterfaceForComposites._computeActorDepth(CausalityInterfaceForComposites.java:532)
	at ptolemy.actor.util.CausalityInterfaceForComposites.checkForCycles(CausalityInterfaceForComposites.java:96)
	at ptolemy.domains.de.kernel.DEDirector.preinitialize(DEDirector.java:1338)
	at ptolemy.actor.CompositeActor.preinitialize(CompositeActor.java:1828)
	at ptolemy.actor.Manager.preinitializeAndResolveTypes(Manager.java:1040)
	at ptolemy.actor.Manager.initialize(Manager.java:710)
	at ptolemy.actor.Manager.execute(Manager.java:356)
	at ptolemy.actor.Manager.run(Manager.java:1263)
	at ptolemy.actor.Manager$PtolemyRunThread.run(Manager.java:1933)
java.lang.reflect.InvocationTargetException
	at java.base/jdk.internal.reflect.NativeConstructorAccessorImpl.newInstance0(Native Method)
	at java.base/jdk.internal.reflect.NativeConstructorAccessorImpl.newInstance(NativeConstructorAccessorImpl.java:62)
	at java.base/jdk.internal.reflect.DelegatingConstructorAccessorImpl.newInstance(DelegatingConstructorAccessorImpl.java:45)
	at java.base/java.lang.reflect.Constructor.newInstance(Constructor.java:490)
	at ptolemy.util.test.junit.AutoKnownFailedTests.RunModel(AutoKnownFailedTests.java:105)
	at java.base/jdk.internal.reflect.NativeMethodAccessorImpl.invoke0(Native Method)
	at java.base/jdk.internal.reflect.NativeMethodAccessorImpl.invoke(NativeMethodAccessorImpl.java:62)
	at java.base/jdk.internal.reflect.DelegatingMethodAccessorImpl.invoke(DelegatingMethodAccessorImpl.java:43)
	at java.base/java.lang.reflect.Method.invoke(Method.java:566)
	at org.junit.runners.model.FrameworkMethod$1.runReflectiveCall(FrameworkMethod.java:44)
	at org.junit.internal.runners.model.ReflectiveCallable.run(ReflectiveCallable.java:15)
	at org.junit.runners.model.FrameworkMethod.invokeExplosively(FrameworkMethod.java:41)
	at junitparams.internal.InvokeParameterisedMethod.evaluate(InvokeParameterisedMethod.java:102)
	at org.junit.internal.runners.statements.FailOnTimeout$1.run(FailOnTimeout.java:28)
Caused by: ptolemy.kernel.util.IllegalActionException: Found a zero delay loop containing .dependencyLoop2.original
  in .dependencyLoop2 and .dependencyLoop2.original
	at ptolemy.actor.util.CausalityInterfaceForComposites._computeOutputPortDepth(CausalityInterfaceForComposites.java:759)
	at ptolemy.actor.util.CausalityInterfaceForComposites._computeInputDepth(CausalityInterfaceForComposites.java:696)
	at ptolemy.actor.util.CausalityInterfaceForComposites._computeOutputPortDepth(CausalityInterfaceForComposites.java:765)
	at ptolemy.actor.util.CausalityInterfaceForComposites._computeInputDepth(CausalityInterfaceForComposites.java:696)
	at ptolemy.actor.util.CausalityInterfaceForComposites._computeOutputPortDepth(CausalityInterfaceForComposites.java:765)
	at ptolemy.actor.util.CausalityInterfaceForComposites._computeInputDepth(CausalityInterfaceForComposites.java:696)
	at ptolemy.actor.util.CausalityInterfaceForComposites._computeActorDepth(CausalityInterfaceForComposites.java:532)
	at ptolemy.actor.util.CausalityInterfaceForComposites.checkForCycles(CausalityInterfaceForComposites.java:96)
	at ptolemy.domains.de.kernel.DEDirector.preinitialize(DEDirector.java:1338)
	at ptolemy.actor.CompositeActor.preinitialize(CompositeActor.java:1828)
	at ptolemy.actor.Manager.preinitializeAndResolveTypes(Manager.java:1040)
	at ptolemy.actor.Manager.initialize(Manager.java:710)
	at ptolemy.actor.Manager.execute(Manager.java:356)
	at ptolemy.actor.Manager.run(Manager.java:1263)
	at ptolemy.actor.Manager$PtolemyRunThread.run(Manager.java:1933)
]]></system-err>
</testsuite>
