<?xml version="1.0" encoding="UTF-8" ?>
<testsuite errors="0" failures="1" hostname="travis-job-7ef8ce96-124d-47a3-9884-6cb41a6b6b45" name="ptolemy.actor.lib.test.junit.JUnitTclTest" skipped="0" tests="517" time="69.377" timestamp="2019-11-05T06:17:55">
  <properties>
    <property name="npm.executable" value="npm" />
    <property name="env.TRAVIS_ROOT" value="/" />
    <property name="ptII.mk.exists" value="true" />
    <property name="env.TRAVIS_APP_HOST" value="build.travis-ci.org" />
    <property name="env.rvm_bin_path" value="/home/travis/.rvm/bin" />
    <property name="java.home" value="/usr/local/lib/jvm/openjdk11" />
    <property name="env.TRAVIS_JOB_NUMBER" value="1386.8" />
    <property name="env.TRAVIS_HOME" value="/home/travis" />
    <property name="env.DISPLAY" value=":99.0" />
    <property name="env.TRAVIS_INIT" value="systemd" />
    <property name="env.SSH_TTY" value="/dev/pts/0" />
    <property name="java.net.preferIPv4Stack" value="true" />
    <property name="env.RUN_TESTS" value="true" />
    <property name="timeout.short" value="1000000" />
    <property name="junit.formatter" value="xml" />
    <property name="env.TRAVIS_SUDO" value="true" />
    <property name="env.TRAVIS_JOB_NAME" value="" />
    <property name="env.TRAVIS_STACK_NODE_ATTRIBUTES" value="/.node-attributes.yml" />
    <property name="env.LOGNAME" value="travis" />
    <property name="env.PT_TRAVIS_TEST_CORE1_XML" value="true" />
    <property name="jsdoc.home" value="node_modules/@terraswarm/jsdoc" />
    <property name="debuglevel" value="source,lines,vars" />
    <property name="checkstyle.formatter" value="xml" />
    <property name="env._system_version" value="16.04" />
    <property name="bin.vergil.makeable" value="true" />
    <property name="sun.os.patch.level" value="unknown" />
    <property name="java.vendor.url" value="http://java.oracle.com/" />
    <property name="env.TRAVIS_BUILD_WEB_URL" value="https://travis-ci.org/icyphy/ptII/builds/607485801" />
    <property name="java.version" value="11.0.2" />
    <property name="env.TZ" value="UTC" />
    <property name="env.TRAVIS_PULL_REQUEST_SHA" value="" />
    <property name="env.PT_NO_NET" value="true" />
    <property name="env.TRAVIS_SECURE_ENV_VARS" value="true" />
    <property name="env._system_type" value="Linux" />
    <property name="java.vendor.url.bug" value="http://bugreport.java.com/bugreport/" />
    <property name="npmjs-org-is-up" value="true" />
    <property name="env.LANGUAGE" value="en_US.UTF-8" />
    <property name="env.SSH_CLIENT" value="10.24.5.15 46112 22" />
    <property name="env.GEM_HOME" value="/home/travis/.rvm/gems/ruby-2.5.3" />
    <property name="env.HAS_ANTARES_THREE_LITTLE_FRONZIES_BADGE" value="true" />
    <property name="java.version.date" value="2019-01-15" />
    <property name="env.PS4" value="+" />
    <property name="ant.project.invoked-targets" value="build,test.core1.xml" />
    <property name="env.TRAVIS_PULL_REQUEST_BRANCH" value="" />
    <property name="env.TRAVIS_REPO_SLUG" value="icyphy/ptII" />
    <property name="env.XDG_DATA_DIRS" value="/usr/local/share:/usr/share:/var/lib/snapd/desktop" />
    <property name="jdk.debug" value="release" />
    <property name="env.TRAVIS_APT_PROXY" value="http://apt.cache.travis-ci.com" />
    <property name="env.TRAVIS_CPU_ARCH" value="amd64" />
    <property name="node.in.path" value="true" />
    <property name="user.name" value="travis" />
    <property name="java.maxmemory" value="1400m" />
    <property name="env.RUBY_VERSION" value="ruby-2.5.3" />
    <property name="env.LANG" value="en_US.UTF-8" />
    <property name="sun.io.unicode.encoding" value="UnicodeLittle" />
    <property name="sun.jnu.encoding" value="UTF-8" />
    <property name="java.runtime.name" value="OpenJDK Runtime Environment" />
    <property name="usefile" value="false" />
    <property name="return.code" value="0" />
    <property name="junit.single.formatter" value="plain" />
    <property name="env.DYLD_LIBRARY_PATH" value="/home/travis/pthla/certi-tools/lib:" />
    <property name="env.DEBIAN_FRONTEND" value="noninteractive" />
    <property name="env.SSH_CONNECTION" value="10.24.5.15 46112 10.20.0.77 22" />
    <property name="env.MYSQL_UNIX_PORT" value="/var/run/mysqld/mysqld.sock" />
    <property name="env.LC_ALL" value="en_US.UTF-8" />
    <property name="env.TRAVIS_ALLOW_FAILURE" value="false" />
    <property name="env.TRAVIS_JOB_WEB_URL" value="https://travis-ci.org/icyphy/ptII/jobs/607485809" />
    <property name="java.specification.name" value="Java Platform API Specification" />
    <property name="node.works" value="true" />
    <property name="user.timezone" value="" />
    <property name="path.separator" value=":" />
    <property name="env.TRAVIS_ENABLE_INFRA_DETECTION" value="true" />
    <property name="env.PYTHON_CFLAGS" value="-g -fstack-protector --param=ssp-buffer-size=4 -Wformat -Werror=format-security" />
    <property name="timeout.long" value="4000000" />
    <property name="env.CERTI_HOME" value="/home/travis/pthla/certi-tools" />
    <property name="ant.file.ptII" value="/home/travis/build/icyphy/ptII/build.xml" />
    <property name="javadoc.packagenames" value="com.*,diva.*,lbnl.*,org.hlacerti.*,org.json.*,org.ptolemy.*,org.terraswarm.*,ptolemy.*,ptserver.*" />
    <property name="file.encoding" value="UTF-8" />
    <property name="env.TRAVIS_PULL_REQUEST_SLUG" value="" />
    <property name="ant.project.default-target" value="build" />
    <property name="env.GIT_ASKPASS" value="echo" />
    <property name="env.HOME" value="/home/travis" />
    <property name="sun.java.command" value="org.apache.tools.ant.taskdefs.optional.junit.JUnitTestRunner ptolemy.actor.lib.test.junit.JUnitTclTest skipNonTests=false filtertrace=true haltOnError=false haltOnFailure=false formatter=org.apache.tools.ant.taskdefs.optional.junit.OutErrSummaryJUnitResultFormatter showoutput=true outputtoformatters=true logfailedtests=true threadid=0 logtestlistenerevents=false formatter=org.apache.tools.ant.taskdefs.optional.junit.XMLJUnitResultFormatter,/home/travis/build/icyphy/ptII/reports/junit/TEST-ptolemy.actor.lib.test.junit.JUnitTclTest.xml crashfile=/home/travis/build/icyphy/ptII/junitvmwatcher6184055055722599984.properties propsfile=/home/travis/build/icyphy/ptII/junit9044258840337351589.properties" />
    <property name="env.COMPOSER_NO_INTERACTION" value="1" />
    <property name="env.MANPATH" value="/home/travis/.nvm/versions/node/v7.10.1/share/man:/home/travis/.rvm/rubies/ruby-2.5.3/share/man:/usr/local/cmake-3.12.4/man:/usr/local/clang-7.0.0/share/man:/usr/local/man:/usr/local/share/man:/usr/share/man:/home/travis/.rvm/man" />
    <property name="env.TRAVIS_TIMER_ID" value="05bd4448" />
    <property name="ant.file" value="/home/travis/build/icyphy/ptII/build.xml" />
    <property name="env.TRAVIS_COMMIT_RANGE" value="948bf656f66248ff65af09b7e6cc9885ef1f544d...4d8f235a1445b5e1cf53b20eaca7c153db736dc2" />
    <property name="env._system_name" value="Ubuntu" />
    <property name="ptII.classpath.optional.property" value="/home/travis/build/icyphy/ptII/lib/bsh-2.0b4.jar:/home/travis/build/icyphy/ptII/lib/ptCal.jar:/home/travis/build/icyphy/ptII/lib/java_cup.jar:/home/travis/build/icyphy/ptII/lib/saxon8.jar:/home/travis/build/icyphy/ptII/lib/saxon8-dom.jar:/home/travis/build/icyphy/ptII/lib/chic.jar:/home/travis/build/icyphy/ptII/lib/ptcolt.jar:/home/travis/build/icyphy/ptII/vendors/misc/itext/iText.jar:/home/travis/build/icyphy/ptII/lib/g4ltl.jar:/home/travis/build/icyphy/ptII/lib/StructuralCoder.jar:/home/travis/build/icyphy/ptII/lib/jcerti.jar:/home/travis/build/icyphy/ptII/lib/javax.mail.jar:/home/travis/build/icyphy/ptII/vendors/JMF-2.1.1e/lib/jmf.jar:/home/travis/build/icyphy/ptII/lib/jna-4.0.0-variadic.jar:/home/travis/build/icyphy/ptII/vendors/misc/joystick/Joystick.jar:/home/travis/build/icyphy/ptII/lib/ptjacl.jar:/home/travis/build/icyphy/ptII/lib/jsoup-1.8.2.jar:/home/travis/build/icyphy/ptII/lib/junit-4.8.2.jar:/home/travis/build/icyphy/ptII/lib/JUnitParams-0.4.0.jar:/home/travis/build/icyphy/ptII/ptolemy/actor/lib/excel/jxl.jar:/home/travis/build/icyphy/ptII/lib/jython.jar:/home/travis/build/icyphy/ptII/lib/kieler.jar:/home/travis/build/icyphy/ptII/vendors/opencv/share/OpenCV/java/opencv-341.jar:/home/travis/build/icyphy/ptII/lib/oscP5.jar:/home/travis/build/icyphy/ptII/lib/nrjavaserial-3.11.0.devel.jar:/home/travis/build/icyphy/ptII/vendors/j3d/lib/Linux/j3dcore.jar:/home/travis/build/icyphy/ptII/vendors/j3d/lib/Linux/j3dutils.jar:/home/travis/build/icyphy/ptII/vendors/j3d/lib/Linux/vecmath.jar:/home/travis/build/icyphy/ptII/vendors/jogl/lib/Linux/gluegen-rt-natives-linux-amd64.jar:/home/travis/build/icyphy/ptII/vendors/jogl/lib/Linux/gluegen-rt.jar:/home/travis/build/icyphy/ptII/vendors/jogl/lib/Linux/jogl-all-natives-linux-amd64.jar:/home/travis/build/icyphy/ptII/vendors/jogl/lib/Linux/jogl-all.jar:/home/travis/build/icyphy/ptII/ptolemy/distributed/jini/jar/jini-core.jar:/home/travis/build/icyphy/ptII/ptolemy/distributed/jini/jar/jini-ext.jar:/home/travis/build/icyphy/ptII/ptolemy/distributed/jini/jar/sun-util.jar:/home/travis/build/icyphy/ptII/lib/protobuf-java-2.4.1.jar:/home/travis/build/icyphy/ptII/lib/org.eclipse.paho.client.mqttv3.jar:/home/travis/build/icyphy/ptII/lib/mapss.jar:/home/travis/build/icyphy/ptII/ptolemy/actor/ptalon/antlr/antlr.jar:/home/travis/build/icyphy/ptII/lib/JRI.jar:/home/travis/build/icyphy/ptII/lib/commons-lang-2.6.jar:/home/travis/build/icyphy/ptII/lib/commons-logging-1.1.1.jar:/home/travis/build/icyphy/ptII/lib/sootclasses.jar:/home/travis/build/icyphy/ptII/ptolemy/actor/lib/database/mysql-connector-java-5.1.6-bin.jar:/home/travis/build/icyphy/ptII/vendors/misc/sphinx4/sphinx4-data-5prealpha.jar:/home/travis/build/icyphy/ptII/vendors/misc/sphinx4/sphinx4-core-5prealpha.jar:/home/travis/build/icyphy/ptII/lib/PDFRenderer.jar:/home/travis/build/icyphy/ptII/lib/svgSalamander.jar:/home/travis/build/icyphy/ptII/lib/rsyntaxtextarea-2.6.0-SNAPSHOT.jar:/home/travis/build/icyphy/ptII/lib/hazelcast-3.8.2.jar:/home/travis/build/icyphy/ptII/lib/jackson-annotations-2.9.0.jar:/home/travis/build/icyphy/ptII/lib/jackson-core-2.9.3.jar:/home/travis/build/icyphy/ptII/lib/jackson-databind-2.9.3.jar:/home/travis/build/icyphy/ptII/lib/netty-buffer-4.1.19.Final.jar:/home/travis/build/icyphy/ptII/lib/netty-codec-4.1.19.Final.jar:/home/travis/build/icyphy/ptII/lib/netty-codec-dns-4.1.19.Final.jar:/home/travis/build/icyphy/ptII/lib/netty-codec-http-4.1.19.Final.jar:/home/travis/build/icyphy/ptII/lib/netty-codec-http2-4.1.19.Final.jar:/home/travis/build/icyphy/ptII/lib/netty-common-4.1.19.Final.jar:/home/travis/build/icyphy/ptII/lib/netty-handler-4.1.19.Final.jar:/home/travis/build/icyphy/ptII/lib/netty-resolver-4.1.19.Final.jar:/home/travis/build/icyphy/ptII/lib/netty-resolver-dns-4.1.19.Final.jar:/home/travis/build/icyphy/ptII/lib/netty-transport-4.1.19.Final.jar:/home/travis/build/icyphy/ptII/lib/vertx-codegen-3.5.1.jar:/home/travis/build/icyphy/ptII/lib/vertx-core-3.5.2-SNAPSHOT.jar:/home/travis/build/icyphy/ptII/lib/vertx-hazelcast-3.5.1.jar:/home/travis/build/icyphy/ptII/lib/vertx-lang-js-3.5.1.jar:/home/travis/build/icyphy/ptII/lib/vertx-service-proxy-3.5.1.jar:/home/travis/build/icyphy/ptII/lib/vertx-web-3.5.1.jar:/home/travis/build/icyphy/ptII/lib/slf4j-api-1.7.13.jar:/home/travis/build/icyphy/ptII/lib/slf4j-simple-1.7.13.jar:/home/travis/build/icyphy/ptII/lib/webcam-capture-0.3.12.jar:/home/travis/build/icyphy/ptII/lib/bridj-0.7.0.jar:/home/travis/build/icyphy/ptII/lib/xbjlib-1.1.0.nrjavaserial.jar" />
    <property name="timeout" value="2400000" />
    <property name="test.batch" value="**/junit/*.java" />
    <property name="env._" value="/usr/bin/timeout" />
    <property name="java.io.tmpdir" value="/tmp" />
    <property name="user.language" value="en" />
    <property name="env.TRAVIS_INTERNAL_RUBY_REGEX" value="^ruby-(2\.[0-4]\.[0-9]|1\.9\.3)" />
    <property name="env.HISTCONTROL" value="ignoredups:ignorespace" />
    <property name="env.GOROOT" value="/home/travis/.gimme/versions/go1.11.1.linux.amd64" />
    <property name="line.separator" value="&#xa;" />
    <property name="target" value="11" />
    <property name="env.TRAVIS_BUILD_DIR" value="/home/travis/build/icyphy/ptII" />
    <property name="env.ANT_OPTS" value="-Xmx2048m" />
    <property name="ant.file.type" value="file" />
    <property name="ptolemy.ptII.batchMode" value="true" />
    <property name="env.HISTSIZE" value="1000" />
    <property name="env.MERB_ENV" value="test" />
    <property name="java.vm.info" value="mixed mode" />
    <property name="source" value="11" />
    <property name="java.vm.specification.name" value="Java Virtual Machine Specification" />
    <property name="env.TRAVIS_TEST_RESULT" value="0" />
    <property name="jsdoc.command" value="node_modules/@terraswarm/jsdoc/jsdoc.js" />
    <property name="npm.works" value="true" />
    <property name="cobertura.dir" value="/home/travis/build/icyphy/ptII/vendors/cobertura-2.0.3" />
    <property name="jsdoc.command.exists" value="true" />
    <property name="env.rvm_path" value="/home/travis/.rvm" />
    <property name="env.GEM_PATH" value="/home/travis/.rvm/gems/ruby-2.5.3:/home/travis/.rvm/gems/ruby-2.5.3@global" />
    <property name="env.LC_CTYPE" value="en_US.UTF-8" />
    <property name="env.TRAVIS_CMD" value="$PTII/bin/ptIITravisBuild.sh $SECONDS" />
    <property name="java.awt.printerjob" value="sun.print.PSPrinterJob" />
    <property name="env.TRAVIS_STACK_NAME" value="sardonyx" />
    <property name="env.TRAVIS_TIMER_START_TIME" value="1572933938635717161" />
    <property name="ant.version" value="Apache Ant(TM) version 1.10.1 compiled on February 2 2017" />
    <property name="ptII.reports" value="/home/travis/build/icyphy/ptII/reports" />
    <property name="env.TRAVIS_STACK_TIMESTAMP" value="2019-03-25 16:16:56 UTC" />
    <property name="ant.file.type.ptII" value="file" />
    <property name="env.RBENV_SHELL" value="bash" />
    <property name="os.name" value="Linux" />
    <property name="java.specification.vendor" value="Oracle Corporation" />
    <property name="env.rvm_version" value="1.29.7 (latest)" />
    <property name="env.TRAVIS_INFRA" value="gce" />
    <property name="env.TERM" value="xterm" />
    <property name="java.vm.name" value="OpenJDK 64-Bit Server VM" />
    <property name="env.TRAVIS_BUILD_NUMBER" value="1386" />
    <property name="env.CI" value="true" />
    <property name="java.library.path" value="/home/travis/pthla/certi-tools/lib:/usr/lib/jni:/usr/local/share/OpenCV/java/:/usr/share/OpenCV/java::/usr/java/packages/lib:/usr/lib64:/lib64:/lib:/usr/lib" />
    <property name="jdk.module.path" value="/home/travis/build/icyphy/ptII/vendors/javafx/javafx-sdk-11.0.2/lib:" />
    <property name="env.rvm_prefix" value="/home/travis" />
    <property name="env.PATH" value="/home/travis/pthla/certi-tools/share/scripts:/home/travis/.rvm/gems/ruby-2.5.3/bin:/home/travis/.rvm/gems/ruby-2.5.3@global/bin:/home/travis/.rvm/rubies/ruby-2.5.3/bin:/home/travis/.rvm/bin:/home/travis/.nvm/versions/node/v7.10.1/bin:./node_modules/.bin:/home/travis/build/icyphy/ptII/bin:/home/travis/pthla/certi-tools/bin:/home/travis/bin:/home/travis/.local/bin:/usr/local/lib/jvm/openjdk11/bin:/opt/pyenv/shims:/home/travis/.phpenv/shims:/home/travis/perl5/perlbrew/bin:/home/travis/gopath/bin:/home/travis/.gimme/versions/go1.11.1.linux.amd64/bin:/usr/local/maven-3.6.0/bin:/usr/local/cmake-3.12.4/bin:/usr/local/clang-7.0.0/bin:/usr/local/sbin:/usr/local/bin:/usr/sbin:/usr/bin:/sbin:/bin:/snap/bin:/home/travis/.phpenv/bin:/opt/pyenv/bin:/home/travis/.yarn/bin" />
    <property name="env.TRAVIS_OS_NAME" value="linux" />
    <property name="ant.java.version" value="9" />
    <property name="basedir" value="/home/travis/build/icyphy/ptII" />
    <property name="java.class.version" value="55.0" />
    <property name="env.SHLVL" value="3" />
    <property name="env.LD_LIBRARY_PATH" value="/home/travis/pthla/certi-tools/lib:/usr/lib/jni:/usr/local/share/OpenCV/java/:/usr/share/OpenCV/java:" />
    <property name="env.RACK_ENV" value="test" />
    <property name="ant.home" value="/home/travis/build/icyphy/ptII/ant" />
    <property name="env.NVM_DIR" value="/home/travis/.nvm" />
    <property name="env.CERTI_FOM_PATH" value="/home/travis/pthla/certi-tools/share/federations" />
    <property name="env.TRAVIS_BUILD_ID" value="607485801" />
    <property name="env.PYENV_ROOT" value="/opt/pyenv" />
    <property name="env.TRAVIS_UID" value="2000" />
    <property name="prism.verbose" value="true" />
    <property name="env.NVM_BIN" value="/home/travis/.nvm/versions/node/v7.10.1/bin" />
    <property name="env.TRAVIS_COMMIT" value="4d8f235a1445b5e1cf53b20eaca7c153db736dc2" />
    <property name="env._system_arch" value="x86_64" />
    <property name="node.executable" value="node" />
    <property name="sun.boot.library.path" value="/usr/local/lib/jvm/openjdk11/lib" />
    <property name="sun.management.compiler" value="HotSpot 64-Bit Tiered Compilers" />
    <property name="java.awt.graphicsenv" value="sun.awt.X11GraphicsEnvironment" />
    <property name="env.GOPATH" value="/home/travis/gopath" />
    <property name="ptolemy.ptII.dir" value="/home/travis/build/icyphy/ptII" />
    <property name="env.USER" value="travis" />
    <property name="env.HISTFILESIZE" value="2000" />
    <property name="timeout.longest" value="19000000" />
    <property name="env.PERLBREW_SHELLRC_VERSION" value="0.86" />
    <property name="env.TRAVIS_STACK_FEATURES" value="basic couchdb disabled-ipv6 docker docker-compose elasticsearch firefox go-toolchain google-chrome jdk memcached mongodb mysql nodejs_interpreter perl_interpreter perlbrew phantomjs postgresql python_interpreter redis ruby_interpreter sqlite xserver" />
    <property name="env.TRAVIS_PULL_REQUEST" value="false" />
    <property name="env.PYENV_SHELL" value="bash" />
    <property name="ant.project.name" value="ptII" />
    <property name="env.ANSI_RESET" value="\033[0m" />
    <property name="java.vm.specification.version" value="11" />
    <property name="env.TRAVIS_DIST" value="xenial" />
    <property name="env.CERTI_VERSION" value="4.0.0" />
    <property name="env.CERTI_HOST" value="localhost" />
    <property name="awt.toolkit" value="sun.awt.X11.XToolkit" />
    <property name="env.MY_RUBY_HOME" value="/home/travis/.rvm/rubies/ruby-2.5.3" />
    <property name="sun.cpu.isalist" value="" />
    <property name="env.TRAVIS_TMPDIR" value="/tmp/tmp.G8Rs92ecj8" />
    <property name="java.vm.compressedOopsMode" value="Zero based" />
    <property name="os.version" value="4.15.0-1028-gcp" />
    <property name="user.home" value="/home/travis" />
    <property name="java.vm.vendor" value="Oracle Corporation" />
    <property name="env.TRAVIS_TAG" value="nightly" />
    <property name="env.ANSI_YELLOW" value="\033[33;1m" />
    <property name="env.TRAVIS_FILTERED" value="redirect_io" />
    <property name="env.ANSI_GREEN" value="\033[32;1m" />
    <property name="env.JAVA_HOME" value="/usr/local/lib/jvm/openjdk11" />
    <property name="javadoc.excludepackagenames" value="adm.cvs2svn.*,build.*,config.*,doc.coding.templates.*,jni.test.jni.meaningOfLife.*,jni.test.jni.testDeux.*,jni.test.jni.testTrois.*,org.terraswarm.accessor.accessors.web.node_modules.*,org.terraswarm.accessor.accessors.web.hosts.cordova.demo.*,org.terraswarm.accessor.accessors.web.hosts.cordova.plugins.*,org.terraswarm.accessor.accessors-svn.*,pt-modules.*,ptolemy.apps.agilent.*,ptolemy.apps.anytimecontrol.*,ptolemy.apps.apes.*,ptolemy.apps.charon.*,ptolemy.apps.crazyboard.*,ptolemy.apps.eclipse.*,ptolemy.apps.etherealSting.*,ptolemy.apps.fullscreen.*,ptolemy.apps.giotto.*,ptolemy.apps.ia.*,ptolemy.apps.interfaces.*,ptolemy.apps.jmf.*,ptolemy.apps.kurt.*,ptolemy.apps.kvm.*,ptolemy.apps.lego.*,ptolemy.apps.lejos.*,ptolemy.apps.midp.*,ptolemy.apps.mobileCoding.*,ptolemy.apps.pendulum.*,ptolemy.apps.rijndael.*,ptolemy.apps.robot.*,ptolemy.apps.security.*,ptolemy.apps.sobel.*,ptolemy.apps.soot.*,ptolemy.apps.throttle.*,ptolemy.apps.tini.*,ptolemy.apps.transmission.*,ptolemy.apps.vergil.*,ptolemy.apps.waba.*,ptolemy.apps.websensor.*,ptolemy.apps.webstart.*,ptolemy.apps.xsl.*,ptolemy.apps.zaurus.*,ptolemy.codegen.c.actor.lib.oldJavaFiles.*,ptolemy.codegen.dsp.lib.*,ptolemy.codegen.kernel.newInterfaces.*,ptolemy.codegen.lib.*,ptolemy.copernicus.kernel.fragment.*,ptolemy.copernicus.shallow.cg.*,ptolemy.domains.giotto.demo.Hierarchy.Hierarchy.*,ptolemy.domains.giotto.demo.Multimode.Multimode.*,ptolemy.domains.giotto.demo.Simple.Simple.*,ptolemy.domains.gr.lib.experimental.*,ptolemy.domains.gro.*,ptolemy.domains.pdf.*,ptolemy.domains.ptinyos.demo.Surge.output.*,ptolemy.moml.test.NoPackageActor.java*,ptolemy.plot.adm.*,ptolemy.plot.servlet.*,reports.*,signed.*,src.*,target.*,vendors.*,ptolemy.copernicus.applet.*,ptolemy.media.viewer.*,ptolemy.actor.corba.*,doc.doclets.*,ptolemy.apps.eclipse.awt.*,ptolemy.backtrack.*,ptolemy.backtrack.ast.*,ptolemy.cg.adapter.generic.program.procedural.c.mbed*,ptolemy.homer.*,ptolemy.actor.lib.jai.*,org.ptolemy.scala.*,diva.util.java2d.svg.*,ptolemy.domains.ptinyos.*,ptolemy.actor.lib.fmi.fmipp.*,,org.terraswarm.accessor.accessors.web.node_modules.*,org.terraswarm.accessor.accessors-svn,ptolemy.apps.*,ptolemy.actor.ptalon.demo.ptinyos.SendAndReceiveCnt.output,ptolemy.actor.ptalon.demo.ptinyos.SenseToLeds.output,ptolemy.domains.ptinyos.demo.CntToLedsAndRfm.output,ptolemy.domains.ptinyos.demo.RfmToLeds.output,ptolemy.domains.ptinyos.demo.SendAndReceiveCnt.output,ptolemy.domains.ptinyos.demo.SenseToLeds.output,ptolemy.actor.lib.jjs.modules.udpSocket.*" />
    <property name="env.PTII" value="/home/travis/build/icyphy/ptII" />
    <property name="env.XDG_SESSION_ID" value="2" />
    <property name="keystore" value="ptKeystore" />
    <property name="env.TRAVIS_COMMIT_MESSAGE" value="Updated occupancy" />
    <property name="junit.output.dir" value="/home/travis/build/icyphy/ptII/reports/junit" />
    <property name="npm.return.code" value="0" />
    <property name="user.dir" value="/home/travis/build/icyphy/ptII/ptolemy/actor/lib/test" />
    <property name="env.TRAVIS_NODE_VERSION" value="7" />
    <property name="env.TRAVIS_EVENT_TYPE" value="cron" />
    <property name="env.MAIL" value="/var/mail/travis" />
    <property name="env.PERLBREW_ROOT" value="/home/travis/perl5/perlbrew" />
    <property name="env.PWD" value="/home/travis/build/icyphy/ptII" />
    <property name="timeout.npm" value="45000" />
    <property name="env.TRAVIS_ARCH" value="amd64" />
    <property name="sun.cpu.endian" value="little" />
    <property name="env.PAGER" value="cat" />
    <property name="env.TRAVIS_BUILD_STAGE_NAME" value="Test" />
    <property name="env.PERLBREW_HOME" value="/home/travis/.perlbrew" />
    <property name="java.vm.version" value="11.0.2+9" />
    <property name="env.RAILS_ENV" value="test" />
    <property name="java.class.path" value="/home/travis/.ptolemyII:/home/travis/.ptolemyII/*:/home/travis/build/icyphy/ptII:/home/travis/build/icyphy/ptII/lib/bsh-2.0b4.jar:/home/travis/build/icyphy/ptII/lib/ptCal.jar:/home/travis/build/icyphy/ptII/lib/java_cup.jar:/home/travis/build/icyphy/ptII/lib/saxon8.jar:/home/travis/build/icyphy/ptII/lib/saxon8-dom.jar:/home/travis/build/icyphy/ptII/lib/chic.jar:/home/travis/build/icyphy/ptII/lib/ptcolt.jar:/home/travis/build/icyphy/ptII/vendors/misc/itext/iText.jar:/home/travis/build/icyphy/ptII/lib/g4ltl.jar:/home/travis/build/icyphy/ptII/lib/StructuralCoder.jar:/home/travis/build/icyphy/ptII/lib/jcerti.jar:/home/travis/build/icyphy/ptII/lib/javax.mail.jar:/home/travis/build/icyphy/ptII/vendors/JMF-2.1.1e/lib/jmf.jar:/home/travis/build/icyphy/ptII/lib/jna-4.0.0-variadic.jar:/home/travis/build/icyphy/ptII/vendors/misc/joystick/Joystick.jar:/home/travis/build/icyphy/ptII/lib/ptjacl.jar:/home/travis/build/icyphy/ptII/lib/jsoup-1.8.2.jar:/home/travis/build/icyphy/ptII/lib/junit-4.8.2.jar:/home/travis/build/icyphy/ptII/lib/JUnitParams-0.4.0.jar:/home/travis/build/icyphy/ptII/ptolemy/actor/lib/excel/jxl.jar:/home/travis/build/icyphy/ptII/lib/jython.jar:/home/travis/build/icyphy/ptII/lib/kieler.jar:/home/travis/build/icyphy/ptII/vendors/opencv/share/OpenCV/java/opencv-341.jar:/home/travis/build/icyphy/ptII/lib/oscP5.jar:/home/travis/build/icyphy/ptII/lib/nrjavaserial-3.11.0.devel.jar:/home/travis/build/icyphy/ptII/vendors/j3d/lib/Linux/j3dcore.jar:/home/travis/build/icyphy/ptII/vendors/j3d/lib/Linux/j3dutils.jar:/home/travis/build/icyphy/ptII/vendors/j3d/lib/Linux/vecmath.jar:/home/travis/build/icyphy/ptII/vendors/jogl/lib/Linux/gluegen-rt-natives-linux-amd64.jar:/home/travis/build/icyphy/ptII/vendors/jogl/lib/Linux/gluegen-rt.jar:/home/travis/build/icyphy/ptII/vendors/jogl/lib/Linux/jogl-all-natives-linux-amd64.jar:/home/travis/build/icyphy/ptII/vendors/jogl/lib/Linux/jogl-all.jar:/home/travis/build/icyphy/ptII/ptolemy/distributed/jini/jar/jini-core.jar:/home/travis/build/icyphy/ptII/ptolemy/distributed/jini/jar/jini-ext.jar:/home/travis/build/icyphy/ptII/ptolemy/distributed/jini/jar/sun-util.jar:/home/travis/build/icyphy/ptII/lib/protobuf-java-2.4.1.jar:/home/travis/build/icyphy/ptII/lib/org.eclipse.paho.client.mqttv3.jar:/home/travis/build/icyphy/ptII/lib/mapss.jar:/home/travis/build/icyphy/ptII/ptolemy/actor/ptalon/antlr/antlr.jar:/home/travis/build/icyphy/ptII/lib/JRI.jar:/home/travis/build/icyphy/ptII/lib/commons-lang-2.6.jar:/home/travis/build/icyphy/ptII/lib/commons-logging-1.1.1.jar:/home/travis/build/icyphy/ptII/lib/sootclasses.jar:/home/travis/build/icyphy/ptII/ptolemy/actor/lib/database/mysql-connector-java-5.1.6-bin.jar:/home/travis/build/icyphy/ptII/vendors/misc/sphinx4/sphinx4-data-5prealpha.jar:/home/travis/build/icyphy/ptII/vendors/misc/sphinx4/sphinx4-core-5prealpha.jar:/home/travis/build/icyphy/ptII/lib/PDFRenderer.jar:/home/travis/build/icyphy/ptII/lib/svgSalamander.jar:/home/travis/build/icyphy/ptII/lib/rsyntaxtextarea-2.6.0-SNAPSHOT.jar:/home/travis/build/icyphy/ptII/lib/hazelcast-3.8.2.jar:/home/travis/build/icyphy/ptII/lib/jackson-annotations-2.9.0.jar:/home/travis/build/icyphy/ptII/lib/jackson-core-2.9.3.jar:/home/travis/build/icyphy/ptII/lib/jackson-databind-2.9.3.jar:/home/travis/build/icyphy/ptII/lib/netty-buffer-4.1.19.Final.jar:/home/travis/build/icyphy/ptII/lib/netty-codec-4.1.19.Final.jar:/home/travis/build/icyphy/ptII/lib/netty-codec-dns-4.1.19.Final.jar:/home/travis/build/icyphy/ptII/lib/netty-codec-http-4.1.19.Final.jar:/home/travis/build/icyphy/ptII/lib/netty-codec-http2-4.1.19.Final.jar:/home/travis/build/icyphy/ptII/lib/netty-common-4.1.19.Final.jar:/home/travis/build/icyphy/ptII/lib/netty-handler-4.1.19.Final.jar:/home/travis/build/icyphy/ptII/lib/netty-resolver-4.1.19.Final.jar:/home/travis/build/icyphy/ptII/lib/netty-resolver-dns-4.1.19.Final.jar:/home/travis/build/icyphy/ptII/lib/netty-transport-4.1.19.Final.jar:/home/travis/build/icyphy/ptII/lib/vertx-codegen-3.5.1.jar:/home/travis/build/icyphy/ptII/lib/vertx-core-3.5.2-SNAPSHOT.jar:/home/travis/build/icyphy/ptII/lib/vertx-hazelcast-3.5.1.jar:/home/travis/build/icyphy/ptII/lib/vertx-lang-js-3.5.1.jar:/home/travis/build/icyphy/ptII/lib/vertx-service-proxy-3.5.1.jar:/home/travis/build/icyphy/ptII/lib/vertx-web-3.5.1.jar:/home/travis/build/icyphy/ptII/lib/slf4j-api-1.7.13.jar:/home/travis/build/icyphy/ptII/lib/slf4j-simple-1.7.13.jar:/home/travis/build/icyphy/ptII/lib/webcam-capture-0.3.12.jar:/home/travis/build/icyphy/ptII/lib/bridj-0.7.0.jar:/home/travis/build/icyphy/ptII/lib/xbjlib-1.1.0.nrjavaserial.jar:/home/travis/build/icyphy/ptII/ptolemy/moml/test:/home/travis/build/icyphy/ptII/ant/lib/ant-launcher.jar:/home/travis/build/icyphy/ptII/ant/lib/ant.jar:/home/travis/build/icyphy/ptII/ant/lib/ant-junit.jar:/home/travis/build/icyphy/ptII/ant/lib/ant-junit4.jar" />
    <property name="ant.library.dir" value="/home/travis/build/icyphy/ptII/ant/lib" />
    <property name="os.arch" value="amd64" />
    <property name="env.CONTINUOUS_INTEGRATION" value="true" />
    <property name="env.TRAVIS_LANGUAGE" value="node_js" />
    <property name="env.TRAVIS_STACK_LANGUAGES" value="__sardonyx__ c c++ clojure cplusplus cpp default generic go groovy java node_js php pure_java python ruby scala" />
    <property name="test.name" value="ptolemy.actor.lib.test.junit.JUnitTclTest" />
    <property name="env.APT_KEY_DONT_WARN_ON_DANGEROUS_USAGE" value="1" />
    <property name="sun.java.launcher" value="SUN_STANDARD" />
    <property name="env.PYTHON_CONFIGURE_OPTS" value="--enable-unicode=ucs4 --with-wide-unicode --enable-shared --enable-ipv6 --enable-loadable-sqlite-extensions --with-computed-gotos" />
    <property name="ant.core.lib" value="/home/travis/build/icyphy/ptII/ant/lib/ant.jar" />
    <property name="java.vm.specification.vendor" value="Oracle Corporation" />
    <property name="env.BCVTB_HOME" value="/home/travis/build/icyphy/ptII/lbnl" />
    <property name="file.separator" value="/" />
    <property name="spotbugs.home" value="/home/travis/build/icyphy/ptII/vendors/spotbugs-3.1.1" />
    <property name="java.runtime.version" value="11.0.2+9" />
    <property name="env.ANSI_CLEAR" value="\033[0K" />
    <property name="javafx.verbose" value="true" />
    <property name="env.HAS_JOSH_K_SEAL_OF_APPROVAL" value="true" />
    <property name="env.XDG_RUNTIME_DIR" value="/run/user/2000" />
    <property name="env.TRAVIS_OSX_IMAGE" value="" />
    <property name="env.TRAVIS_JOB_ID" value="607485809" />
    <property name="env.TRAVIS_BRANCH" value="master" />
    <property name="user.country" value="US" />
    <property name="env.CERTI_HOME_TRAVIS" value="/home/travis/pthla/certi-tools" />
    <property name="env.SHELL" value="/bin/bash" />
    <property name="java.maxmemory.large" value="3200m" />
    <property name="model" value="" />
    <property name="env.CASHER_DIR" value="/home/travis/.casher" />
    <property name="env.NVM_CD_FLAGS" value="" />
    <property name="java.vendor.version" value="18.9" />
    <property name="jshint.executable" value="/home/travis/node_modules/jshint/bin/jshint" />
    <property name="env.JRUBY_OPTS" value=" --client -J-XX:+TieredCompilation -J-XX:TieredStopAtLevel=1 -J-Xss2m -Xcompile.invokedynamic=false" />
    <property name="java.vendor" value="Oracle Corporation" />
    <property name="env.TRAVIS_PRE_CHEF_BOOTSTRAP_TIME" value="2019-03-25T16:16:42" />
    <property name="env.TRAVIS_STACK_JOB_BOARD_REGISTER" value="/.job-board-register.yml" />
    <property name="env.ANSI_RED" value="\033[31;1m" />
    <property name="java.specification.version" value="11" />
    <property name="env.IRBRC" value="/home/travis/.rvm/rubies/ruby-2.5.3/.irbrc" />
    <property name="env.TRAVIS" value="true" />
    <property name="sun.arch.data.model" value="64" />
  </properties>
  <testcase classname="ptolemy.util.test.junit.TclTests" name="[0] /home/travis/build/icyphy/ptII/ptolemy/actor/lib/test/AbsoluteValue.tcl (RunTclFile)" time="0.478" />
  <testcase classname="ptolemy.util.test.junit.TclTests" name="[1] /home/travis/build/icyphy/ptII/ptolemy/actor/lib/test/AddSubtract.tcl (RunTclFile)" time="0.18" />
  <testcase classname="ptolemy.util.test.junit.TclTests" name="[2] /home/travis/build/icyphy/ptII/ptolemy/actor/lib/test/Average.tcl (RunTclFile)" time="0.083" />
  <testcase classname="ptolemy.util.test.junit.TclTests" name="[3] /home/travis/build/icyphy/ptII/ptolemy/actor/lib/test/Bernoulli.tcl (RunTclFile)" time="0.035" />
  <testcase classname="ptolemy.util.test.junit.TclTests" name="[4] /home/travis/build/icyphy/ptII/ptolemy/actor/lib/test/Clock.tcl (RunTclFile)" time="0.127" />
  <testcase classname="ptolemy.util.test.junit.TclTests" name="[5] /home/travis/build/icyphy/ptII/ptolemy/actor/lib/test/Commutator.tcl (RunTclFile)" time="0.231" />
  <testcase classname="ptolemy.util.test.junit.TclTests" name="[6] /home/travis/build/icyphy/ptII/ptolemy/actor/lib/test/Const.tcl (RunTclFile)" time="0.174" />
  <testcase classname="ptolemy.util.test.junit.TclTests" name="[7] /home/travis/build/icyphy/ptII/ptolemy/actor/lib/test/CurrentTime.tcl (RunTclFile)" time="0.044" />
  <testcase classname="ptolemy.util.test.junit.TclTests" name="[8] /home/travis/build/icyphy/ptII/ptolemy/actor/lib/test/DB.tcl (RunTclFile)" time="0.083" />
  <testcase classname="ptolemy.util.test.junit.TclTests" name="[9] /home/travis/build/icyphy/ptII/ptolemy/actor/lib/test/DiscreteRandomSource.tcl (RunTclFile)" time="0.049" />
  <testcase classname="ptolemy.util.test.junit.TclTests" name="[10] /home/travis/build/icyphy/ptII/ptolemy/actor/lib/test/Distributor.tcl (RunTclFile)" time="0.093" />
  <testcase classname="ptolemy.util.test.junit.TclTests" name="[11] /home/travis/build/icyphy/ptII/ptolemy/actor/lib/test/Exit.tcl (RunTclFile)" time="0.093" />
  <testcase classname="ptolemy.util.test.junit.TclTests" name="[12] /home/travis/build/icyphy/ptII/ptolemy/actor/lib/test/Expression.tcl (RunTclFile)" time="0.152" />
  <testcase classname="ptolemy.util.test.junit.TclTests" name="[13] /home/travis/build/icyphy/ptII/ptolemy/actor/lib/test/Gaussian.tcl (RunTclFile)" time="1.013" />
  <testcase classname="ptolemy.util.test.junit.TclTests" name="[14] /home/travis/build/icyphy/ptII/ptolemy/actor/lib/test/IIR.tcl (RunTclFile)" time="0.053" />
  <testcase classname="ptolemy.util.test.junit.TclTests" name="[15] /home/travis/build/icyphy/ptII/ptolemy/actor/lib/test/Interpolator.tcl (RunTclFile)" time="0.111" />
  <testcase classname="ptolemy.util.test.junit.TclTests" name="[16] /home/travis/build/icyphy/ptII/ptolemy/actor/lib/test/MathFunction.tcl (RunTclFile)" time="0.104" />
  <testcase classname="ptolemy.util.test.junit.TclTests" name="[17] /home/travis/build/icyphy/ptII/ptolemy/actor/lib/test/Maximum.tcl (RunTclFile)" time="0.064" />
  <testcase classname="ptolemy.util.test.junit.TclTests" name="[18] /home/travis/build/icyphy/ptII/ptolemy/actor/lib/test/Minimum.tcl (RunTclFile)" time="0.044" />
  <testcase classname="ptolemy.util.test.junit.TclTests" name="[19] /home/travis/build/icyphy/ptII/ptolemy/actor/lib/test/MultiplyDivide.tcl (RunTclFile)" time="0.045" />
  <testcase classname="ptolemy.util.test.junit.TclTests" name="[20] /home/travis/build/icyphy/ptII/ptolemy/actor/lib/test/OrderedMerge.tcl (RunTclFile)" time="0.149" />
  <testcase classname="ptolemy.util.test.junit.TclTests" name="[21] /home/travis/build/icyphy/ptII/ptolemy/actor/lib/test/Publisher.tcl (RunTclFile)" time="1.021" />
  <testcase classname="ptolemy.util.test.junit.TclTests" name="[22] /home/travis/build/icyphy/ptII/ptolemy/actor/lib/test/Pulse.tcl (RunTclFile)" time="0.143" />
  <testcase classname="ptolemy.util.test.junit.TclTests" name="[23] /home/travis/build/icyphy/ptII/ptolemy/actor/lib/test/Ramp.tcl (RunTclFile)" time="2.698" />
  <testcase classname="ptolemy.util.test.junit.TclTests" name="[24] /home/travis/build/icyphy/ptII/ptolemy/actor/lib/test/RampContinuous.tcl (RunTclFile)" time="0.025" />
  <testcase classname="ptolemy.util.test.junit.TclTests" name="[25] /home/travis/build/icyphy/ptII/ptolemy/actor/lib/test/RecordAssembler.tcl (RunTclFile)" time="0.022" />
  <testcase classname="ptolemy.util.test.junit.TclTests" name="[26] /home/travis/build/icyphy/ptII/ptolemy/actor/lib/test/RecordDisassembler.tcl (RunTclFile)" time="0.025" />
  <testcase classname="ptolemy.util.test.junit.TclTests" name="[27] /home/travis/build/icyphy/ptII/ptolemy/actor/lib/test/Scale.tcl (RunTclFile)" time="0.022" />
  <testcase classname="ptolemy.util.test.junit.TclTests" name="[28] /home/travis/build/icyphy/ptII/ptolemy/actor/lib/test/SequentialClock.tcl (RunTclFile)" time="0.015" />
  <testcase classname="ptolemy.util.test.junit.TclTests" name="[29] /home/travis/build/icyphy/ptII/ptolemy/actor/lib/test/SetVariable.tcl (RunTclFile)" time="0.034">
    <failure message="Number of failed tests is has increased. expected:&lt;0&gt; but was:&lt;1&gt;" type="junit.framework.AssertionFailedError">junit.framework.AssertionFailedError: Number of failed tests is has increased. expected:&lt;0&gt; but was:&lt;1&gt;
	at ptolemy.util.test.junit.TclTests.RunTclFile(TclTests.java:286)
	at jdk.internal.reflect.GeneratedMethodAccessor19.invoke(Unknown Source)
	at java.base/jdk.internal.reflect.DelegatingMethodAccessorImpl.invoke(DelegatingMethodAccessorImpl.java:43)
	at junitparams.internal.InvokeParameterisedMethod.evaluate(InvokeParameterisedMethod.java:102)
	at junitparams.internal.ParameterisedTestMethodRunner.runMethodInvoker(ParameterisedTestMethodRunner.java:47)
	at junitparams.internal.ParameterisedTestMethodRunner.runTestMethod(ParameterisedTestMethodRunner.java:41)
	at junitparams.internal.ParameterisedTestClassRunner.runParameterisedTest(ParameterisedTestClassRunner.java:143)
	at junitparams.JUnitParamsRunner.runChild(JUnitParamsRunner.java:237)
	at junitparams.JUnitParamsRunner.runChild(JUnitParamsRunner.java:215)
</failure>
  </testcase>
  <testcase classname="ptolemy.util.test.junit.TclTests" name="[30] /home/travis/build/icyphy/ptII/ptolemy/actor/lib/test/Sinewave.tcl (RunTclFile)" time="0.071" />
  <testcase classname="ptolemy.util.test.junit.TclTests" name="[31] /home/travis/build/icyphy/ptII/ptolemy/actor/lib/test/SubscriptionAggregator.tcl (RunTclFile)" time="2.65" />
  <testcase classname="ptolemy.util.test.junit.TclTests" name="[32] /home/travis/build/icyphy/ptII/ptolemy/actor/lib/test/Test.tcl (RunTclFile)" time="0.15" />
  <testcase classname="ptolemy.util.test.junit.TclTests" name="[33] /home/travis/build/icyphy/ptII/ptolemy/actor/lib/test/TestExceptionHandler.tcl (RunTclFile)" time="0.015" />
  <testcase classname="ptolemy.util.test.junit.TclTests" name="[34] /home/travis/build/icyphy/ptII/ptolemy/actor/lib/test/UnionDisassembler.tcl (RunTclFile)" time="0.087" />
  <testcase classname="ptolemy.util.test.junit.TclTests" name="[35] /home/travis/build/icyphy/ptII/ptolemy/actor/lib/test/VariableClock.tcl (RunTclFile)" time="0.032" />
  <testcase classname="ptolemy.util.test.junit.AutoKnownFailedTests" name="[0] /home/travis/build/icyphy/ptII/ptolemy/actor/lib/test/auto/knownFailedTests/PublisherPortToplevelSubscriber.xml (RunModel)" time="0.033" />
  <testcase classname="ptolemy.util.test.junit.AutoKnownFailedTests" name="[1] /home/travis/build/icyphy/ptII/ptolemy/actor/lib/test/auto/knownFailedTests/PublisherSubscriberPortToplevel.xml (RunModel)" time="0.035" />
  <testcase classname="ptolemy.util.test.junit.AutoKnownFailedTests" name="[2] /home/travis/build/icyphy/ptII/ptolemy/actor/lib/test/auto/knownFailedTests/PublisherSubscriptionAggregatorPort.xml (RunModel)" time="0.021" />
  <testcase classname="ptolemy.util.test.junit.AutoKnownFailedTests" name="[3] /home/travis/build/icyphy/ptII/ptolemy/actor/lib/test/auto/knownFailedTests/sizedarray3.xml (RunModel)" time="0.04" />
  <testcase classname="ptolemy.util.test.junit.AutoNameArchTests" name="[0] ThereAreNoAutoArchTests (RunModel)" time="0.001" />
  <testcase classname="ptolemy.util.test.junit.AutoTests" name="[0] /home/travis/build/icyphy/ptII/ptolemy/actor/lib/test/auto/AbsoluteValue.xml (RunModel)" time="0.106" />
  <testcase classname="ptolemy.util.test.junit.AutoTests" name="[1] /home/travis/build/icyphy/ptII/ptolemy/actor/lib/test/auto/AbsoluteValue2.xml (RunModel)" time="0.062" />
  <testcase classname="ptolemy.util.test.junit.AutoTests" name="[2] /home/travis/build/icyphy/ptII/ptolemy/actor/lib/test/auto/Accumulator.xml (RunModel)" time="0.048" />
  <testcase classname="ptolemy.util.test.junit.AutoTests" name="[3] /home/travis/build/icyphy/ptII/ptolemy/actor/lib/test/auto/Accumulator2.xml (RunModel)" time="0.051" />
  <testcase classname="ptolemy.util.test.junit.AutoTests" name="[4] /home/travis/build/icyphy/ptII/ptolemy/actor/lib/test/auto/Accumulator3.xml (RunModel)" time="0.043" />
  <testcase classname="ptolemy.util.test.junit.AutoTests" name="[5] /home/travis/build/icyphy/ptII/ptolemy/actor/lib/test/auto/ArrayAppend.xml (RunModel)" time="0.094" />
  <testcase classname="ptolemy.util.test.junit.AutoTests" name="[6] /home/travis/build/icyphy/ptII/ptolemy/actor/lib/test/auto/ArrayAppend2.xml (RunModel)" time="0.497" />
  <testcase classname="ptolemy.util.test.junit.AutoTests" name="[7] /home/travis/build/icyphy/ptII/ptolemy/actor/lib/test/auto/ArrayAppend3.xml (RunModel)" time="0.049" />
  <testcase classname="ptolemy.util.test.junit.AutoTests" name="[8] /home/travis/build/icyphy/ptII/ptolemy/actor/lib/test/auto/ArrayAppend4.xml (RunModel)" time="0.036" />
  <testcase classname="ptolemy.util.test.junit.AutoTests" name="[9] /home/travis/build/icyphy/ptII/ptolemy/actor/lib/test/auto/ArrayAppend5.xml (RunModel)" time="0.023" />
  <testcase classname="ptolemy.util.test.junit.AutoTests" name="[10] /home/travis/build/icyphy/ptII/ptolemy/actor/lib/test/auto/ArrayAppend6.xml (RunModel)" time="0.026" />
  <testcase classname="ptolemy.util.test.junit.AutoTests" name="[11] /home/travis/build/icyphy/ptII/ptolemy/actor/lib/test/auto/ArrayAppendPerformanceTest.xml (RunModel)" time="0.095" />
  <testcase classname="ptolemy.util.test.junit.AutoTests" name="[12] /home/travis/build/icyphy/ptII/ptolemy/actor/lib/test/auto/ArrayAppendWithEmptyInput.xml (RunModel)" time="0.068" />
  <testcase classname="ptolemy.util.test.junit.AutoTests" name="[13] /home/travis/build/icyphy/ptII/ptolemy/actor/lib/test/auto/ArrayAverage.xml (RunModel)" time="0.06" />
  <testcase classname="ptolemy.util.test.junit.AutoTests" name="[14] /home/travis/build/icyphy/ptII/ptolemy/actor/lib/test/auto/ArrayContains.xml (RunModel)" time="0.045" />
  <testcase classname="ptolemy.util.test.junit.AutoTests" name="[15] /home/travis/build/icyphy/ptII/ptolemy/actor/lib/test/auto/ArrayElement.xml (RunModel)" time="0.032" />
  <testcase classname="ptolemy.util.test.junit.AutoTests" name="[16] /home/travis/build/icyphy/ptII/ptolemy/actor/lib/test/auto/ArrayElementAsMatrix.xml (RunModel)" time="0.078" />
  <testcase classname="ptolemy.util.test.junit.AutoTests" name="[17] /home/travis/build/icyphy/ptII/ptolemy/actor/lib/test/auto/ArrayElementI.xml (RunModel)" time="0.02" />
  <testcase classname="ptolemy.util.test.junit.AutoTests" name="[18] /home/travis/build/icyphy/ptII/ptolemy/actor/lib/test/auto/ArrayExtract.xml (RunModel)" time="0.034" />
  <testcase classname="ptolemy.util.test.junit.AutoTests" name="[19] /home/travis/build/icyphy/ptII/ptolemy/actor/lib/test/auto/ArrayExtract2.xml (RunModel)" time="0.03" />
  <testcase classname="ptolemy.util.test.junit.AutoTests" name="[20] /home/travis/build/icyphy/ptII/ptolemy/actor/lib/test/auto/ArrayLength.xml (RunModel)" time="0.017" />
  <testcase classname="ptolemy.util.test.junit.AutoTests" name="[21] /home/travis/build/icyphy/ptII/ptolemy/actor/lib/test/auto/ArrayLevelCrossing.xml (RunModel)" time="0.041" />
  <testcase classname="ptolemy.util.test.junit.AutoTests" name="[22] /home/travis/build/icyphy/ptII/ptolemy/actor/lib/test/auto/ArrayLevelCrossing2.xml (RunModel)" time="0.031" />
  <testcase classname="ptolemy.util.test.junit.AutoTests" name="[23] /home/travis/build/icyphy/ptII/ptolemy/actor/lib/test/auto/ArrayPeakSearch.xml (RunModel)" time="0.062" />
  <testcase classname="ptolemy.util.test.junit.AutoTests" name="[24] /home/travis/build/icyphy/ptII/ptolemy/actor/lib/test/auto/ArrayPeakSearch2.xml (RunModel)" time="0.053" />
  <testcase classname="ptolemy.util.test.junit.AutoTests" name="[25] /home/travis/build/icyphy/ptII/ptolemy/actor/lib/test/auto/ArrayPeakSearch3.xml (RunModel)" time="0.041" />
  <testcase classname="ptolemy.util.test.junit.AutoTests" name="[26] /home/travis/build/icyphy/ptII/ptolemy/actor/lib/test/auto/ArrayRemoveElement.xml (RunModel)" time="0.033" />
  <testcase classname="ptolemy.util.test.junit.AutoTests" name="[27] /home/travis/build/icyphy/ptII/ptolemy/actor/lib/test/auto/ArraySort.xml (RunModel)" time="0.042" />
  <testcase classname="ptolemy.util.test.junit.AutoTests" name="[28] /home/travis/build/icyphy/ptII/ptolemy/actor/lib/test/auto/ArraySum.xml (RunModel)" time="0.021" />
  <testcase classname="ptolemy.util.test.junit.AutoTests" name="[29] /home/travis/build/icyphy/ptII/ptolemy/actor/lib/test/auto/ArrayToElements.xml (RunModel)" time="0.025" />
  <testcase classname="ptolemy.util.test.junit.AutoTests" name="[30] /home/travis/build/icyphy/ptII/ptolemy/actor/lib/test/auto/ArrayToMatrix.xml (RunModel)" time="0.053" />
  <testcase classname="ptolemy.util.test.junit.AutoTests" name="[31] /home/travis/build/icyphy/ptII/ptolemy/actor/lib/test/auto/ArrayUpdate1.xml (RunModel)" time="0.019" />
  <testcase classname="ptolemy.util.test.junit.AutoTests" name="[32] /home/travis/build/icyphy/ptII/ptolemy/actor/lib/test/auto/ArrayUpdate2.xml (RunModel)" time="0.033" />
  <testcase classname="ptolemy.util.test.junit.AutoTests" name="[33] /home/travis/build/icyphy/ptII/ptolemy/actor/lib/test/auto/ArrayUpdate3.xml (RunModel)" time="0.018" />
  <testcase classname="ptolemy.util.test.junit.AutoTests" name="[34] /home/travis/build/icyphy/ptII/ptolemy/actor/lib/test/auto/Assert1.xml (RunModel)" time="0.032" />
  <testcase classname="ptolemy.util.test.junit.AutoTests" name="[35] /home/travis/build/icyphy/ptII/ptolemy/actor/lib/test/auto/Assert2.xml (RunModel)" time="0.014" />
  <testcase classname="ptolemy.util.test.junit.AutoTests" name="[36] /home/travis/build/icyphy/ptII/ptolemy/actor/lib/test/auto/BooleanMultiplexor.xml (RunModel)" time="0.02" />
  <testcase classname="ptolemy.util.test.junit.AutoTests" name="[37] /home/travis/build/icyphy/ptII/ptolemy/actor/lib/test/auto/BooleanMultiplexor2.xml (RunModel)" time="0.032" />
  <testcase classname="ptolemy.util.test.junit.AutoTests" name="[38] /home/travis/build/icyphy/ptII/ptolemy/actor/lib/test/auto/BooleanMultiplexor3.xml (RunModel)" time="0.028" />
  <testcase classname="ptolemy.util.test.junit.AutoTests" name="[39] /home/travis/build/icyphy/ptII/ptolemy/actor/lib/test/auto/BooleanSelect.xml (RunModel)" time="0.028" />
  <testcase classname="ptolemy.util.test.junit.AutoTests" name="[40] /home/travis/build/icyphy/ptII/ptolemy/actor/lib/test/auto/BooleanSelect2.xml (RunModel)" time="0.021" />
  <testcase classname="ptolemy.util.test.junit.AutoTests" name="[41] /home/travis/build/icyphy/ptII/ptolemy/actor/lib/test/auto/BooleanSwitch.xml (RunModel)" time="0.029" />
  <testcase classname="ptolemy.util.test.junit.AutoTests" name="[42] /home/travis/build/icyphy/ptII/ptolemy/actor/lib/test/auto/BooleanSwitch2.xml (RunModel)" time="0.016" />
  <testcase classname="ptolemy.util.test.junit.AutoTests" name="[43] /home/travis/build/icyphy/ptII/ptolemy/actor/lib/test/auto/BooleanSwitchCloningBugWithClassRelationGroup.xml (RunModel)" time="0.087" />
  <testcase classname="ptolemy.util.test.junit.AutoTests" name="[44] /home/travis/build/icyphy/ptII/ptolemy/actor/lib/test/auto/BusActors.xml (RunModel)" time="0.068" />
  <testcase classname="ptolemy.util.test.junit.AutoTests" name="[45] /home/travis/build/icyphy/ptII/ptolemy/actor/lib/test/auto/ClassWrapper.xml (RunModel)" time="0.026" />
  <testcase classname="ptolemy.util.test.junit.AutoTests" name="[46] /home/travis/build/icyphy/ptII/ptolemy/actor/lib/test/auto/Clock.xml (RunModel)" time="0.015" />
  <testcase classname="ptolemy.util.test.junit.AutoTests" name="[47] /home/travis/build/icyphy/ptII/ptolemy/actor/lib/test/auto/Clock10.xml (RunModel)" time="0.027" />
  <testcase classname="ptolemy.util.test.junit.AutoTests" name="[48] /home/travis/build/icyphy/ptII/ptolemy/actor/lib/test/auto/Clock11.xml (RunModel)" time="0.025" />
  <testcase classname="ptolemy.util.test.junit.AutoTests" name="[49] /home/travis/build/icyphy/ptII/ptolemy/actor/lib/test/auto/Clock12.xml (RunModel)" time="0.029" />
  <testcase classname="ptolemy.util.test.junit.AutoTests" name="[50] /home/travis/build/icyphy/ptII/ptolemy/actor/lib/test/auto/Clock13.xml (RunModel)" time="0.022" />
  <testcase classname="ptolemy.util.test.junit.AutoTests" name="[51] /home/travis/build/icyphy/ptII/ptolemy/actor/lib/test/auto/Clock14.xml (RunModel)" time="0.022" />
  <testcase classname="ptolemy.util.test.junit.AutoTests" name="[52] /home/travis/build/icyphy/ptII/ptolemy/actor/lib/test/auto/Clock15.xml (RunModel)" time="0.016" />
  <testcase classname="ptolemy.util.test.junit.AutoTests" name="[53] /home/travis/build/icyphy/ptII/ptolemy/actor/lib/test/auto/Clock16.xml (RunModel)" time="0.138" />
  <testcase classname="ptolemy.util.test.junit.AutoTests" name="[54] /home/travis/build/icyphy/ptII/ptolemy/actor/lib/test/auto/Clock17.xml (RunModel)" time="0.092" />
  <testcase classname="ptolemy.util.test.junit.AutoTests" name="[55] /home/travis/build/icyphy/ptII/ptolemy/actor/lib/test/auto/Clock18.xml (RunModel)" time="0.071" />
  <testcase classname="ptolemy.util.test.junit.AutoTests" name="[56] /home/travis/build/icyphy/ptII/ptolemy/actor/lib/test/auto/Clock19.xml (RunModel)" time="0.057" />
  <testcase classname="ptolemy.util.test.junit.AutoTests" name="[57] /home/travis/build/icyphy/ptII/ptolemy/actor/lib/test/auto/Clock2.xml (RunModel)" time="0.019" />
  <testcase classname="ptolemy.util.test.junit.AutoTests" name="[58] /home/travis/build/icyphy/ptII/ptolemy/actor/lib/test/auto/Clock20.xml (RunModel)" time="0.029" />
  <testcase classname="ptolemy.util.test.junit.AutoTests" name="[59] /home/travis/build/icyphy/ptII/ptolemy/actor/lib/test/auto/Clock21.xml (RunModel)" time="0.021" />
  <testcase classname="ptolemy.util.test.junit.AutoTests" name="[60] /home/travis/build/icyphy/ptII/ptolemy/actor/lib/test/auto/Clock22.xml (RunModel)" time="0.027" />
  <testcase classname="ptolemy.util.test.junit.AutoTests" name="[61] /home/travis/build/icyphy/ptII/ptolemy/actor/lib/test/auto/Clock23.xml (RunModel)" time="0.023" />
  <testcase classname="ptolemy.util.test.junit.AutoTests" name="[62] /home/travis/build/icyphy/ptII/ptolemy/actor/lib/test/auto/Clock24.xml (RunModel)" time="0.021" />
  <testcase classname="ptolemy.util.test.junit.AutoTests" name="[63] /home/travis/build/icyphy/ptII/ptolemy/actor/lib/test/auto/Clock4.xml (RunModel)" time="0.021" />
  <testcase classname="ptolemy.util.test.junit.AutoTests" name="[64] /home/travis/build/icyphy/ptII/ptolemy/actor/lib/test/auto/Clock5.xml (RunModel)" time="0.016" />
  <testcase classname="ptolemy.util.test.junit.AutoTests" name="[65] /home/travis/build/icyphy/ptII/ptolemy/actor/lib/test/auto/Clock6.xml (RunModel)" time="0.02" />
  <testcase classname="ptolemy.util.test.junit.AutoTests" name="[66] /home/travis/build/icyphy/ptII/ptolemy/actor/lib/test/auto/Clock7.xml (RunModel)" time="0.015" />
  <testcase classname="ptolemy.util.test.junit.AutoTests" name="[67] /home/travis/build/icyphy/ptII/ptolemy/actor/lib/test/auto/Clock8.xml (RunModel)" time="0.018" />
  <testcase classname="ptolemy.util.test.junit.AutoTests" name="[68] /home/travis/build/icyphy/ptII/ptolemy/actor/lib/test/auto/Clock9.xml (RunModel)" time="0.018" />
  <testcase classname="ptolemy.util.test.junit.AutoTests" name="[69] /home/travis/build/icyphy/ptII/ptolemy/actor/lib/test/auto/CommDistDiscard.xml (RunModel)" time="0.034" />
  <testcase classname="ptolemy.util.test.junit.AutoTests" name="[70] /home/travis/build/icyphy/ptII/ptolemy/actor/lib/test/auto/Commutator.xml (RunModel)" time="0.02" />
  <testcase classname="ptolemy.util.test.junit.AutoTests" name="[71] /home/travis/build/icyphy/ptII/ptolemy/actor/lib/test/auto/Commutator2.xml (RunModel)" time="0.014" />
  <testcase classname="ptolemy.util.test.junit.AutoTests" name="[72] /home/travis/build/icyphy/ptII/ptolemy/actor/lib/test/auto/Commutator3.xml (RunModel)" time="0.014" />
  <testcase classname="ptolemy.util.test.junit.AutoTests" name="[73] /home/travis/build/icyphy/ptII/ptolemy/actor/lib/test/auto/Compare.xml (RunModel)" time="0.026" />
  <testcase classname="ptolemy.util.test.junit.AutoTests" name="[74] /home/travis/build/icyphy/ptII/ptolemy/actor/lib/test/auto/CompareDE.xml (RunModel)" time="0.023" />
  <testcase classname="ptolemy.util.test.junit.AutoTests" name="[75] /home/travis/build/icyphy/ptII/ptolemy/actor/lib/test/auto/ComplexDivide.xml (RunModel)" time="0.019" />
  <testcase classname="ptolemy.util.test.junit.AutoTests" name="[76] /home/travis/build/icyphy/ptII/ptolemy/actor/lib/test/auto/ComputeHistogram.xml (RunModel)" time="0.078" />
  <testcase classname="ptolemy.util.test.junit.AutoTests" name="[77] /home/travis/build/icyphy/ptII/ptolemy/actor/lib/test/auto/ConfigurationSelect.xml (RunModel)" time="0.025" />
  <testcase classname="ptolemy.util.test.junit.AutoTests" name="[78] /home/travis/build/icyphy/ptII/ptolemy/actor/lib/test/auto/ConfigurationSelect2.xml (RunModel)" time="0.018" />
  <testcase classname="ptolemy.util.test.junit.AutoTests" name="[79] /home/travis/build/icyphy/ptII/ptolemy/actor/lib/test/auto/ConfigurationSwitch.xml (RunModel)" time="0.03" />
  <testcase classname="ptolemy.util.test.junit.AutoTests" name="[80] /home/travis/build/icyphy/ptII/ptolemy/actor/lib/test/auto/ConfigurationSwitch2.xml (RunModel)" time="0.044" />
  <testcase classname="ptolemy.util.test.junit.AutoTests" name="[81] /home/travis/build/icyphy/ptII/ptolemy/actor/lib/test/auto/ConfigurationSwitchCloningBugWithClassRelationGroup.xml (RunModel)" time="0.03" />
  <testcase classname="ptolemy.util.test.junit.AutoTests" name="[82] /home/travis/build/icyphy/ptII/ptolemy/actor/lib/test/auto/ConfigurationSwitchSelectSDF.xml (RunModel)" time="0.019" />
  <testcase classname="ptolemy.util.test.junit.AutoTests" name="[83] /home/travis/build/icyphy/ptII/ptolemy/actor/lib/test/auto/ConfigurationSwitchSelectSDF2.xml (RunModel)" time="0.021" />
  <testcase classname="ptolemy.util.test.junit.AutoTests" name="[84] /home/travis/build/icyphy/ptII/ptolemy/actor/lib/test/auto/Const.xml (RunModel)" time="0.01" />
  <testcase classname="ptolemy.util.test.junit.AutoTests" name="[85] /home/travis/build/icyphy/ptII/ptolemy/actor/lib/test/auto/Const2.xml (RunModel)" time="0.015" />
  <testcase classname="ptolemy.util.test.junit.AutoTests" name="[86] /home/travis/build/icyphy/ptII/ptolemy/actor/lib/test/auto/Const3.xml (RunModel)" time="0.01" />
  <testcase classname="ptolemy.util.test.junit.AutoTests" name="[87] /home/travis/build/icyphy/ptII/ptolemy/actor/lib/test/auto/ConstantPublisherPort1.xml (RunModel)" time="0.03" />
  <testcase classname="ptolemy.util.test.junit.AutoTests" name="[88] /home/travis/build/icyphy/ptII/ptolemy/actor/lib/test/auto/ConstantPublisherPort2.xml (RunModel)" time="0.031" />
  <testcase classname="ptolemy.util.test.junit.AutoTests" name="[89] /home/travis/build/icyphy/ptII/ptolemy/actor/lib/test/auto/ConstantPublisherPort3.xml (RunModel)" time="0.027" />
  <testcase classname="ptolemy.util.test.junit.AutoTests" name="[90] /home/travis/build/icyphy/ptII/ptolemy/actor/lib/test/auto/ConstantPublisherPort4.xml (RunModel)" time="0.034" />
  <testcase classname="ptolemy.util.test.junit.AutoTests" name="[91] /home/travis/build/icyphy/ptII/ptolemy/actor/lib/test/auto/ConstantPublisherPort5.xml (RunModel)" time="0.057" />
  <testcase classname="ptolemy.util.test.junit.AutoTests" name="[92] /home/travis/build/icyphy/ptII/ptolemy/actor/lib/test/auto/ConstantPublisherPort6.xml (RunModel)" time="0.041" />
  <testcase classname="ptolemy.util.test.junit.AutoTests" name="[93] /home/travis/build/icyphy/ptII/ptolemy/actor/lib/test/auto/ConstantPublisherPort7.xml (RunModel)" time="0.031" />
  <testcase classname="ptolemy.util.test.junit.AutoTests" name="[94] /home/travis/build/icyphy/ptII/ptolemy/actor/lib/test/auto/ConstraintMonitor1.xml (RunModel)" time="0.046" />
  <testcase classname="ptolemy.util.test.junit.AutoTests" name="[95] /home/travis/build/icyphy/ptII/ptolemy/actor/lib/test/auto/ConstraintMonitor2.xml (RunModel)" time="0.012" />
  <testcase classname="ptolemy.util.test.junit.AutoTests" name="[96] /home/travis/build/icyphy/ptII/ptolemy/actor/lib/test/auto/ConstraintMonitor3.xml (RunModel)" time="0.014" />
  <testcase classname="ptolemy.util.test.junit.AutoTests" name="[97] /home/travis/build/icyphy/ptII/ptolemy/actor/lib/test/auto/ConstraintMonitor4.xml (RunModel)" time="0.016" />
  <testcase classname="ptolemy.util.test.junit.AutoTests" name="[98] /home/travis/build/icyphy/ptII/ptolemy/actor/lib/test/auto/ConstraintMonitor5.xml (RunModel)" time="0.02" />
  <testcase classname="ptolemy.util.test.junit.AutoTests" name="[99] /home/travis/build/icyphy/ptII/ptolemy/actor/lib/test/auto/ConstraintMonitor6.xml (RunModel)" time="0.024" />
  <testcase classname="ptolemy.util.test.junit.AutoTests" name="[100] /home/travis/build/icyphy/ptII/ptolemy/actor/lib/test/auto/ConstraintMonitor7.xml (RunModel)" time="0.033" />
  <testcase classname="ptolemy.util.test.junit.AutoTests" name="[101] /home/travis/build/icyphy/ptII/ptolemy/actor/lib/test/auto/ConstraintMonitor8.xml (RunModel)" time="0.031" />
  <testcase classname="ptolemy.util.test.junit.AutoTests" name="[102] /home/travis/build/icyphy/ptII/ptolemy/actor/lib/test/auto/Counter.xml (RunModel)" time="0.017" />
  <testcase classname="ptolemy.util.test.junit.AutoTests" name="[103] /home/travis/build/icyphy/ptII/ptolemy/actor/lib/test/auto/CurrentTimeSDF.xml (RunModel)" time="0.012" />
  <testcase classname="ptolemy.util.test.junit.AutoTests" name="[104] /home/travis/build/icyphy/ptII/ptolemy/actor/lib/test/auto/DB.xml (RunModel)" time="0.024" />
  <testcase classname="ptolemy.util.test.junit.AutoTests" name="[105] /home/travis/build/icyphy/ptII/ptolemy/actor/lib/test/auto/DBDE.xml (RunModel)" time="0.016" />
  <testcase classname="ptolemy.util.test.junit.AutoTests" name="[106] /home/travis/build/icyphy/ptII/ptolemy/actor/lib/test/auto/DateConstructor.xml (RunModel)" time="0.081" />
  <testcase classname="ptolemy.util.test.junit.AutoTests" name="[107] /home/travis/build/icyphy/ptII/ptolemy/actor/lib/test/auto/DelayTime.xml (RunModel)" time="0.02" />
  <testcase classname="ptolemy.util.test.junit.AutoTests" name="[108] /home/travis/build/icyphy/ptII/ptolemy/actor/lib/test/auto/Dictionary1.xml (RunModel)" time="0.025" />
  <testcase classname="ptolemy.util.test.junit.AutoTests" name="[109] /home/travis/build/icyphy/ptII/ptolemy/actor/lib/test/auto/Dictionary2.xml (RunModel)" time="0.024" />
  <testcase classname="ptolemy.util.test.junit.AutoTests" name="[110] /home/travis/build/icyphy/ptII/ptolemy/actor/lib/test/auto/Dictionary3.xml (RunModel)" time="0.015" />
  <testcase classname="ptolemy.util.test.junit.AutoTests" name="[111] /home/travis/build/icyphy/ptII/ptolemy/actor/lib/test/auto/Dictionary4.xml (RunModel)" time="0.024" />
  <testcase classname="ptolemy.util.test.junit.AutoTests" name="[112] /home/travis/build/icyphy/ptII/ptolemy/actor/lib/test/auto/Differential.xml (RunModel)" time="0.015" />
  <testcase classname="ptolemy.util.test.junit.AutoTests" name="[113] /home/travis/build/icyphy/ptII/ptolemy/actor/lib/test/auto/Director.xml (RunModel)" time="0.014" />
  <testcase classname="ptolemy.util.test.junit.AutoTests" name="[114] /home/travis/build/icyphy/ptII/ptolemy/actor/lib/test/auto/DiscreteClock.xml (RunModel)" time="0.01" />
  <testcase classname="ptolemy.util.test.junit.AutoTests" name="[115] /home/travis/build/icyphy/ptII/ptolemy/actor/lib/test/auto/DiscreteClock10.xml (RunModel)" time="0.018" />
  <testcase classname="ptolemy.util.test.junit.AutoTests" name="[116] /home/travis/build/icyphy/ptII/ptolemy/actor/lib/test/auto/DiscreteClock11.xml (RunModel)" time="0.015" />
  <testcase classname="ptolemy.util.test.junit.AutoTests" name="[117] /home/travis/build/icyphy/ptII/ptolemy/actor/lib/test/auto/DiscreteClock12.xml (RunModel)" time="0.019" />
  <testcase classname="ptolemy.util.test.junit.AutoTests" name="[118] /home/travis/build/icyphy/ptII/ptolemy/actor/lib/test/auto/DiscreteClock13.xml (RunModel)" time="0.018" />
  <testcase classname="ptolemy.util.test.junit.AutoTests" name="[119] /home/travis/build/icyphy/ptII/ptolemy/actor/lib/test/auto/DiscreteClock14.xml (RunModel)" time="0.058" />
  <testcase classname="ptolemy.util.test.junit.AutoTests" name="[120] /home/travis/build/icyphy/ptII/ptolemy/actor/lib/test/auto/DiscreteClock15.xml (RunModel)" time="0.018" />
  <testcase classname="ptolemy.util.test.junit.AutoTests" name="[121] /home/travis/build/icyphy/ptII/ptolemy/actor/lib/test/auto/DiscreteClock16.xml (RunModel)" time="0.067" />
  <testcase classname="ptolemy.util.test.junit.AutoTests" name="[122] /home/travis/build/icyphy/ptII/ptolemy/actor/lib/test/auto/DiscreteClock17.xml (RunModel)" time="0.045" />
  <testcase classname="ptolemy.util.test.junit.AutoTests" name="[123] /home/travis/build/icyphy/ptII/ptolemy/actor/lib/test/auto/DiscreteClock18.xml (RunModel)" time="0.055" />
  <testcase classname="ptolemy.util.test.junit.AutoTests" name="[124] /home/travis/build/icyphy/ptII/ptolemy/actor/lib/test/auto/DiscreteClock19.xml (RunModel)" time="0.064" />
  <testcase classname="ptolemy.util.test.junit.AutoTests" name="[125] /home/travis/build/icyphy/ptII/ptolemy/actor/lib/test/auto/DiscreteClock2.xml (RunModel)" time="0.016" />
  <testcase classname="ptolemy.util.test.junit.AutoTests" name="[126] /home/travis/build/icyphy/ptII/ptolemy/actor/lib/test/auto/DiscreteClock20.xml (RunModel)" time="0.024" />
  <testcase classname="ptolemy.util.test.junit.AutoTests" name="[127] /home/travis/build/icyphy/ptII/ptolemy/actor/lib/test/auto/DiscreteClock21.xml (RunModel)" time="0.018" />
  <testcase classname="ptolemy.util.test.junit.AutoTests" name="[128] /home/travis/build/icyphy/ptII/ptolemy/actor/lib/test/auto/DiscreteClock22.xml (RunModel)" time="0.018" />
  <testcase classname="ptolemy.util.test.junit.AutoTests" name="[129] /home/travis/build/icyphy/ptII/ptolemy/actor/lib/test/auto/DiscreteClock23.xml (RunModel)" time="0.031" />
  <testcase classname="ptolemy.util.test.junit.AutoTests" name="[130] /home/travis/build/icyphy/ptII/ptolemy/actor/lib/test/auto/DiscreteClock24.xml (RunModel)" time="0.015" />
  <testcase classname="ptolemy.util.test.junit.AutoTests" name="[131] /home/travis/build/icyphy/ptII/ptolemy/actor/lib/test/auto/DiscreteClock4.xml (RunModel)" time="0.017" />
  <testcase classname="ptolemy.util.test.junit.AutoTests" name="[132] /home/travis/build/icyphy/ptII/ptolemy/actor/lib/test/auto/DiscreteClock5.xml (RunModel)" time="0.012" />
  <testcase classname="ptolemy.util.test.junit.AutoTests" name="[133] /home/travis/build/icyphy/ptII/ptolemy/actor/lib/test/auto/DiscreteClock6.xml (RunModel)" time="0.015" />
  <testcase classname="ptolemy.util.test.junit.AutoTests" name="[134] /home/travis/build/icyphy/ptII/ptolemy/actor/lib/test/auto/DiscreteClock7.xml (RunModel)" time="0.015" />
  <testcase classname="ptolemy.util.test.junit.AutoTests" name="[135] /home/travis/build/icyphy/ptII/ptolemy/actor/lib/test/auto/DiscreteClock8.xml (RunModel)" time="0.026" />
  <testcase classname="ptolemy.util.test.junit.AutoTests" name="[136] /home/travis/build/icyphy/ptII/ptolemy/actor/lib/test/auto/DiscreteClock9.xml (RunModel)" time="0.016" />
  <testcase classname="ptolemy.util.test.junit.AutoTests" name="[137] /home/travis/build/icyphy/ptII/ptolemy/actor/lib/test/auto/DisplayArray.xml (RunModel)" time="0.012" />
  <testcase classname="ptolemy.util.test.junit.AutoTests" name="[138] /home/travis/build/icyphy/ptII/ptolemy/actor/lib/test/auto/Distributor.xml (RunModel)" time="0.012" />
  <testcase classname="ptolemy.util.test.junit.AutoTests" name="[139] /home/travis/build/icyphy/ptII/ptolemy/actor/lib/test/auto/Distributor2.xml (RunModel)" time="0.014" />
  <testcase classname="ptolemy.util.test.junit.AutoTests" name="[140] /home/travis/build/icyphy/ptII/ptolemy/actor/lib/test/auto/DownSample.xml (RunModel)" time="0.012" />
  <testcase classname="ptolemy.util.test.junit.AutoTests" name="[141] /home/travis/build/icyphy/ptII/ptolemy/actor/lib/test/auto/ElectronicUnitBase1.xml (RunModel)" time="0.065" />
  <testcase classname="ptolemy.util.test.junit.AutoTests" name="[142] /home/travis/build/icyphy/ptII/ptolemy/actor/lib/test/auto/ElementsToArray.xml (RunModel)" time="0.012" />
  <testcase classname="ptolemy.util.test.junit.AutoTests" name="[143] /home/travis/build/icyphy/ptII/ptolemy/actor/lib/test/auto/Equals.xml (RunModel)" time="0.017" />
  <testcase classname="ptolemy.util.test.junit.AutoTests" name="[144] /home/travis/build/icyphy/ptII/ptolemy/actor/lib/test/auto/Exec.xml (RunModel)" time="0.031" />
  <testcase classname="ptolemy.util.test.junit.AutoTests" name="[145] /home/travis/build/icyphy/ptII/ptolemy/actor/lib/test/auto/ExecEnvironment.xml (RunModel)" time="0.059" />
  <testcase classname="ptolemy.util.test.junit.AutoTests" name="[146] /home/travis/build/icyphy/ptII/ptolemy/actor/lib/test/auto/ExecNonZeroReturnOutput.xml (RunModel)" time="0.247" />
  <testcase classname="ptolemy.util.test.junit.AutoTests" name="[147] /home/travis/build/icyphy/ptII/ptolemy/actor/lib/test/auto/ExecRunDemos.xml (RunModel)" time="11.54" />
  <testcase classname="ptolemy.util.test.junit.AutoTests" name="[148] /home/travis/build/icyphy/ptII/ptolemy/actor/lib/test/auto/ExecStop.xml (RunModel)" time="5.042" />
  <testcase classname="ptolemy.util.test.junit.AutoTests" name="[149] /home/travis/build/icyphy/ptII/ptolemy/actor/lib/test/auto/ExecutionTimeSDF.xml (RunModel)" time="6.038" />
  <testcase classname="ptolemy.util.test.junit.AutoTests" name="[150] /home/travis/build/icyphy/ptII/ptolemy/actor/lib/test/auto/Expression1.xml (RunModel)" time="0.012" />
  <testcase classname="ptolemy.util.test.junit.AutoTests" name="[151] /home/travis/build/icyphy/ptII/ptolemy/actor/lib/test/auto/Expression10.xml (RunModel)" time="0.022" />
  <testcase classname="ptolemy.util.test.junit.AutoTests" name="[152] /home/travis/build/icyphy/ptII/ptolemy/actor/lib/test/auto/Expression11.xml (RunModel)" time="0.033" />
  <testcase classname="ptolemy.util.test.junit.AutoTests" name="[153] /home/travis/build/icyphy/ptII/ptolemy/actor/lib/test/auto/Expression12.xml (RunModel)" time="0.016" />
  <testcase classname="ptolemy.util.test.junit.AutoTests" name="[154] /home/travis/build/icyphy/ptII/ptolemy/actor/lib/test/auto/Expression13.xml (RunModel)" time="0.016" />
  <testcase classname="ptolemy.util.test.junit.AutoTests" name="[155] /home/travis/build/icyphy/ptII/ptolemy/actor/lib/test/auto/Expression14.xml (RunModel)" time="0.023" />
  <testcase classname="ptolemy.util.test.junit.AutoTests" name="[156] /home/travis/build/icyphy/ptII/ptolemy/actor/lib/test/auto/Expression15.xml (RunModel)" time="0.01" />
  <testcase classname="ptolemy.util.test.junit.AutoTests" name="[157] /home/travis/build/icyphy/ptII/ptolemy/actor/lib/test/auto/Expression16.xml (RunModel)" time="0.017" />
  <testcase classname="ptolemy.util.test.junit.AutoTests" name="[158] /home/travis/build/icyphy/ptII/ptolemy/actor/lib/test/auto/Expression17.xml (RunModel)" time="0.015" />
  <testcase classname="ptolemy.util.test.junit.AutoTests" name="[159] /home/travis/build/icyphy/ptII/ptolemy/actor/lib/test/auto/Expression18.xml (RunModel)" time="0.021" />
  <testcase classname="ptolemy.util.test.junit.AutoTests" name="[160] /home/travis/build/icyphy/ptII/ptolemy/actor/lib/test/auto/Expression2.xml (RunModel)" time="0.021" />
  <testcase classname="ptolemy.util.test.junit.AutoTests" name="[161] /home/travis/build/icyphy/ptII/ptolemy/actor/lib/test/auto/Expression3.xml (RunModel)" time="0.016" />
  <testcase classname="ptolemy.util.test.junit.AutoTests" name="[162] /home/travis/build/icyphy/ptII/ptolemy/actor/lib/test/auto/Expression4.xml (RunModel)" time="0.019" />
  <testcase classname="ptolemy.util.test.junit.AutoTests" name="[163] /home/travis/build/icyphy/ptII/ptolemy/actor/lib/test/auto/Expression5.xml (RunModel)" time="0.017" />
  <testcase classname="ptolemy.util.test.junit.AutoTests" name="[164] /home/travis/build/icyphy/ptII/ptolemy/actor/lib/test/auto/Expression6.xml (RunModel)" time="0.012" />
  <testcase classname="ptolemy.util.test.junit.AutoTests" name="[165] /home/travis/build/icyphy/ptII/ptolemy/actor/lib/test/auto/Expression7.xml (RunModel)" time="0.014" />
  <testcase classname="ptolemy.util.test.junit.AutoTests" name="[166] /home/travis/build/icyphy/ptII/ptolemy/actor/lib/test/auto/Expression8.xml (RunModel)" time="0.02" />
  <testcase classname="ptolemy.util.test.junit.AutoTests" name="[167] /home/travis/build/icyphy/ptII/ptolemy/actor/lib/test/auto/Expression9.xml (RunModel)" time="0.01" />
  <testcase classname="ptolemy.util.test.junit.AutoTests" name="[168] /home/travis/build/icyphy/ptII/ptolemy/actor/lib/test/auto/ExpressionConcatenateArrayType.xml (RunModel)" time="0.047" />
  <testcase classname="ptolemy.util.test.junit.AutoTests" name="[169] /home/travis/build/icyphy/ptII/ptolemy/actor/lib/test/auto/ExpressionConcatenateArrayType2.xml (RunModel)" time="0.036" />
  <testcase classname="ptolemy.util.test.junit.AutoTests" name="[170] /home/travis/build/icyphy/ptII/ptolemy/actor/lib/test/auto/ExpressionFix.xml (RunModel)" time="0.03" />
  <testcase classname="ptolemy.util.test.junit.AutoTests" name="[171] /home/travis/build/icyphy/ptII/ptolemy/actor/lib/test/auto/ExpressionFix2.xml (RunModel)" time="0.015" />
  <testcase classname="ptolemy.util.test.junit.AutoTests" name="[172] /home/travis/build/icyphy/ptII/ptolemy/actor/lib/test/auto/ExpressionFix3.xml (RunModel)" time="0.019" />
  <testcase classname="ptolemy.util.test.junit.AutoTests" name="[173] /home/travis/build/icyphy/ptII/ptolemy/actor/lib/test/auto/FileWriter1.xml (RunModel)" time="0.017" />
  <testcase classname="ptolemy.util.test.junit.AutoTests" name="[174] /home/travis/build/icyphy/ptII/ptolemy/actor/lib/test/auto/FileWriter2.xml (RunModel)" time="0.013" />
  <testcase classname="ptolemy.util.test.junit.AutoTests" name="[175] /home/travis/build/icyphy/ptII/ptolemy/actor/lib/test/auto/FileWriter3.xml (RunModel)" time="0.014" />
  <testcase classname="ptolemy.util.test.junit.AutoTests" name="[176] /home/travis/build/icyphy/ptII/ptolemy/actor/lib/test/auto/Gaussian.xml (RunModel)" time="0.014" />
  <testcase classname="ptolemy.util.test.junit.AutoTests" name="[177] /home/travis/build/icyphy/ptII/ptolemy/actor/lib/test/auto/Gaussian1.xml (RunModel)" time="0.026" />
  <testcase classname="ptolemy.util.test.junit.AutoTests" name="[178] /home/travis/build/icyphy/ptII/ptolemy/actor/lib/test/auto/Gaussian2.xml (RunModel)" time="0.022" />
  <testcase classname="ptolemy.util.test.junit.AutoTests" name="[179] /home/travis/build/icyphy/ptII/ptolemy/actor/lib/test/auto/GradientAdaptiveLattice.xml (RunModel)" time="0.019" />
  <testcase classname="ptolemy.util.test.junit.AutoTests" name="[180] /home/travis/build/icyphy/ptII/ptolemy/actor/lib/test/auto/IIR.xml (RunModel)" time="0.014" />
  <testcase classname="ptolemy.util.test.junit.AutoTests" name="[181] /home/travis/build/icyphy/ptII/ptolemy/actor/lib/test/auto/InputOutputTransparentPorts.xml (RunModel)" time="0.028" />
  <testcase classname="ptolemy.util.test.junit.AutoTests" name="[182] /home/travis/build/icyphy/ptII/ptolemy/actor/lib/test/auto/Interpolator.xml (RunModel)" time="0.013" />
  <testcase classname="ptolemy.util.test.junit.AutoTests" name="[183] /home/travis/build/icyphy/ptII/ptolemy/actor/lib/test/auto/InterpolatorFiringLimitDE.xml (RunModel)" time="0.017" />
  <testcase classname="ptolemy.util.test.junit.AutoTests" name="[184] /home/travis/build/icyphy/ptII/ptolemy/actor/lib/test/auto/Lattice.xml (RunModel)" time="0.013" />
  <testcase classname="ptolemy.util.test.junit.AutoTests" name="[185] /home/travis/build/icyphy/ptII/ptolemy/actor/lib/test/auto/LazyAOCTestLazy.xml (RunModel)" time="0.047" />
  <testcase classname="ptolemy.util.test.junit.AutoTests" name="[186] /home/travis/build/icyphy/ptII/ptolemy/actor/lib/test/auto/LazyAOCTestNonLazy.xml (RunModel)" time="0.049" />
  <testcase classname="ptolemy.util.test.junit.AutoTests" name="[187] /home/travis/build/icyphy/ptII/ptolemy/actor/lib/test/auto/LazyInnerClass.xml (RunModel)" time="0.125" />
  <testcase classname="ptolemy.util.test.junit.AutoTests" name="[188] /home/travis/build/icyphy/ptII/ptolemy/actor/lib/test/auto/LazyPubSub.xml (RunModel)" time="0.075" />
  <testcase classname="ptolemy.util.test.junit.AutoTests" name="[189] /home/travis/build/icyphy/ptII/ptolemy/actor/lib/test/auto/LazyPubSub2.xml (RunModel)" time="0.044" />
  <testcase classname="ptolemy.util.test.junit.AutoTests" name="[190] /home/travis/build/icyphy/ptII/ptolemy/actor/lib/test/auto/LazyPubSub3.xml (RunModel)" time="0.034" />
  <testcase classname="ptolemy.util.test.junit.AutoTests" name="[191] /home/travis/build/icyphy/ptII/ptolemy/actor/lib/test/auto/LazySubClassModel.xml (RunModel)" time="0.028" />
  <testcase classname="ptolemy.util.test.junit.AutoTests" name="[192] /home/travis/build/icyphy/ptII/ptolemy/actor/lib/test/auto/LevelCrossTest1.xml (RunModel)" time="0.012" />
  <testcase classname="ptolemy.util.test.junit.AutoTests" name="[193] /home/travis/build/icyphy/ptII/ptolemy/actor/lib/test/auto/LevelCrossTest10.xml (RunModel)" time="0.019" />
  <testcase classname="ptolemy.util.test.junit.AutoTests" name="[194] /home/travis/build/icyphy/ptII/ptolemy/actor/lib/test/auto/LevelCrossTest11.xml (RunModel)" time="0.02" />
  <testcase classname="ptolemy.util.test.junit.AutoTests" name="[195] /home/travis/build/icyphy/ptII/ptolemy/actor/lib/test/auto/LevelCrossTest12.xml (RunModel)" time="0.021" />
  <testcase classname="ptolemy.util.test.junit.AutoTests" name="[196] /home/travis/build/icyphy/ptII/ptolemy/actor/lib/test/auto/LevelCrossTest13.xml (RunModel)" time="0.022" />
  <testcase classname="ptolemy.util.test.junit.AutoTests" name="[197] /home/travis/build/icyphy/ptII/ptolemy/actor/lib/test/auto/LevelCrossTest2.xml (RunModel)" time="0.015" />
  <testcase classname="ptolemy.util.test.junit.AutoTests" name="[198] /home/travis/build/icyphy/ptII/ptolemy/actor/lib/test/auto/LevelCrossTest3.xml (RunModel)" time="0.017" />
  <testcase classname="ptolemy.util.test.junit.AutoTests" name="[199] /home/travis/build/icyphy/ptII/ptolemy/actor/lib/test/auto/LevelCrossTest4.xml (RunModel)" time="0.015" />
  <testcase classname="ptolemy.util.test.junit.AutoTests" name="[200] /home/travis/build/icyphy/ptII/ptolemy/actor/lib/test/auto/LevelCrossTest5.xml (RunModel)" time="0.022" />
  <testcase classname="ptolemy.util.test.junit.AutoTests" name="[201] /home/travis/build/icyphy/ptII/ptolemy/actor/lib/test/auto/LevelCrossTest6.xml (RunModel)" time="0.027" />
  <testcase classname="ptolemy.util.test.junit.AutoTests" name="[202] /home/travis/build/icyphy/ptII/ptolemy/actor/lib/test/auto/LevelCrossTest7.xml (RunModel)" time="0.022" />
  <testcase classname="ptolemy.util.test.junit.AutoTests" name="[203] /home/travis/build/icyphy/ptII/ptolemy/actor/lib/test/auto/LevelCrossTest8.xml (RunModel)" time="0.019" />
  <testcase classname="ptolemy.util.test.junit.AutoTests" name="[204] /home/travis/build/icyphy/ptII/ptolemy/actor/lib/test/auto/LevelCrossTest9.xml (RunModel)" time="0.019" />
  <testcase classname="ptolemy.util.test.junit.AutoTests" name="[205] /home/travis/build/icyphy/ptII/ptolemy/actor/lib/test/auto/LevinsonDurbin.xml (RunModel)" time="0.021" />
  <testcase classname="ptolemy.util.test.junit.AutoTests" name="[206] /home/travis/build/icyphy/ptII/ptolemy/actor/lib/test/auto/LevinsonDurbin2.xml (RunModel)" time="0.01" />
  <testcase classname="ptolemy.util.test.junit.AutoTests" name="[207] /home/travis/build/icyphy/ptII/ptolemy/actor/lib/test/auto/LevinsonDurbin3.xml (RunModel)" time="0.008" />
  <testcase classname="ptolemy.util.test.junit.AutoTests" name="[208] /home/travis/build/icyphy/ptII/ptolemy/actor/lib/test/auto/Limiter.xml (RunModel)" time="0.026" />
  <testcase classname="ptolemy.util.test.junit.AutoTests" name="[209] /home/travis/build/icyphy/ptII/ptolemy/actor/lib/test/auto/LinearDifferenceEquationSystem.xml (RunModel)" time="0.049" />
  <testcase classname="ptolemy.util.test.junit.AutoTests" name="[210] /home/travis/build/icyphy/ptII/ptolemy/actor/lib/test/auto/LookupTable.xml (RunModel)" time="0.016" />
  <testcase classname="ptolemy.util.test.junit.AutoTests" name="[211] /home/travis/build/icyphy/ptII/ptolemy/actor/lib/test/auto/MathFunction.xml (RunModel)" time="0.024" />
  <testcase classname="ptolemy.util.test.junit.AutoTests" name="[212] /home/travis/build/icyphy/ptII/ptolemy/actor/lib/test/auto/MathFunction2.xml (RunModel)" time="0.013" />
  <testcase classname="ptolemy.util.test.junit.AutoTests" name="[213] /home/travis/build/icyphy/ptII/ptolemy/actor/lib/test/auto/MathFunction3.xml (RunModel)" time="0.02" />
  <testcase classname="ptolemy.util.test.junit.AutoTests" name="[214] /home/travis/build/icyphy/ptII/ptolemy/actor/lib/test/auto/MatrixCropBoolean.xml (RunModel)" time="0.022" />
  <testcase classname="ptolemy.util.test.junit.AutoTests" name="[215] /home/travis/build/icyphy/ptII/ptolemy/actor/lib/test/auto/MatrixCropComplex.xml (RunModel)" time="0.012" />
  <testcase classname="ptolemy.util.test.junit.AutoTests" name="[216] /home/travis/build/icyphy/ptII/ptolemy/actor/lib/test/auto/MatrixCropDouble.xml (RunModel)" time="0.011" />
  <testcase classname="ptolemy.util.test.junit.AutoTests" name="[217] /home/travis/build/icyphy/ptII/ptolemy/actor/lib/test/auto/MatrixCropFix.xml (RunModel)" time="0.014" />
  <testcase classname="ptolemy.util.test.junit.AutoTests" name="[218] /home/travis/build/icyphy/ptII/ptolemy/actor/lib/test/auto/MatrixCropInt.xml (RunModel)" time="0.012" />
  <testcase classname="ptolemy.util.test.junit.AutoTests" name="[219] /home/travis/build/icyphy/ptII/ptolemy/actor/lib/test/auto/MatrixCropLong.xml (RunModel)" time="0.011" />
  <testcase classname="ptolemy.util.test.junit.AutoTests" name="[220] /home/travis/build/icyphy/ptII/ptolemy/actor/lib/test/auto/MatrixToArray.xml (RunModel)" time="0.059" />
  <testcase classname="ptolemy.util.test.junit.AutoTests" name="[221] /home/travis/build/icyphy/ptII/ptolemy/actor/lib/test/auto/MaxIndex.xml (RunModel)" time="0.014" />
  <testcase classname="ptolemy.util.test.junit.AutoTests" name="[222] /home/travis/build/icyphy/ptII/ptolemy/actor/lib/test/auto/Maximum.xml (RunModel)" time="0.02" />
  <testcase classname="ptolemy.util.test.junit.AutoTests" name="[223] /home/travis/build/icyphy/ptII/ptolemy/actor/lib/test/auto/MaximumComplex.xml (RunModel)" time="0.022" />
  <testcase classname="ptolemy.util.test.junit.AutoTests" name="[224] /home/travis/build/icyphy/ptII/ptolemy/actor/lib/test/auto/MethodCallTest.xml (RunModel)" time="0.023" />
  <testcase classname="ptolemy.util.test.junit.AutoTests" name="[225] /home/travis/build/icyphy/ptII/ptolemy/actor/lib/test/auto/Minimum.xml (RunModel)" time="0.014" />
  <testcase classname="ptolemy.util.test.junit.AutoTests" name="[226] /home/travis/build/icyphy/ptII/ptolemy/actor/lib/test/auto/MinimumComplex.xml (RunModel)" time="0.017" />
  <testcase classname="ptolemy.util.test.junit.AutoTests" name="[227] /home/travis/build/icyphy/ptII/ptolemy/actor/lib/test/auto/MinimumMultiports.xml (RunModel)" time="0.032" />
  <testcase classname="ptolemy.util.test.junit.AutoTests" name="[228] /home/travis/build/icyphy/ptII/ptolemy/actor/lib/test/auto/ModifyDate.xml (RunModel)" time="0.091" />
  <testcase classname="ptolemy.util.test.junit.AutoTests" name="[229] /home/travis/build/icyphy/ptII/ptolemy/actor/lib/test/auto/ModifyDate2.xml (RunModel)" time="0.032" />
  <testcase classname="ptolemy.util.test.junit.AutoTests" name="[230] /home/travis/build/icyphy/ptII/ptolemy/actor/lib/test/auto/MovingAverage.xml (RunModel)" time="0.017" />
  <testcase classname="ptolemy.util.test.junit.AutoTests" name="[231] /home/travis/build/icyphy/ptII/ptolemy/actor/lib/test/auto/MovingMaximum.xml (RunModel)" time="0.012" />
  <testcase classname="ptolemy.util.test.junit.AutoTests" name="[232] /home/travis/build/icyphy/ptII/ptolemy/actor/lib/test/auto/MultipleLinksToSameRelation.xml (RunModel)" time="0.009" />
  <testcase classname="ptolemy.util.test.junit.AutoTests" name="[233] /home/travis/build/icyphy/ptII/ptolemy/actor/lib/test/auto/MultipleLinksToSameRelationDE.xml (RunModel)" time="0.012" />
  <testcase classname="ptolemy.util.test.junit.AutoTests" name="[234] /home/travis/build/icyphy/ptII/ptolemy/actor/lib/test/auto/Multiplexor.xml (RunModel)" time="0.014" />
  <testcase classname="ptolemy.util.test.junit.AutoTests" name="[235] /home/travis/build/icyphy/ptII/ptolemy/actor/lib/test/auto/Multiplexor1.xml (RunModel)" time="0.014" />
  <testcase classname="ptolemy.util.test.junit.AutoTests" name="[236] /home/travis/build/icyphy/ptII/ptolemy/actor/lib/test/auto/Multiplexor2.xml (RunModel)" time="0.015" />
  <testcase classname="ptolemy.util.test.junit.AutoTests" name="[237] /home/travis/build/icyphy/ptII/ptolemy/actor/lib/test/auto/Multiplexor3.xml (RunModel)" time="0.013" />
  <testcase classname="ptolemy.util.test.junit.AutoTests" name="[238] /home/travis/build/icyphy/ptII/ptolemy/actor/lib/test/auto/MultiplexorDE.xml (RunModel)" time="0.021" />
  <testcase classname="ptolemy.util.test.junit.AutoTests" name="[239] /home/travis/build/icyphy/ptII/ptolemy/actor/lib/test/auto/MultiportBroadcastTest.xml (RunModel)" time="0.096" />
  <testcase classname="ptolemy.util.test.junit.AutoTests" name="[240] /home/travis/build/icyphy/ptII/ptolemy/actor/lib/test/auto/MultiportOutHangDuringGetWidth.xml (RunModel)" time="0.032" />
  <testcase classname="ptolemy.util.test.junit.AutoTests" name="[241] /home/travis/build/icyphy/ptII/ptolemy/actor/lib/test/auto/NilToken.xml (RunModel)" time="0.013" />
  <testcase classname="ptolemy.util.test.junit.AutoTests" name="[242] /home/travis/build/icyphy/ptII/ptolemy/actor/lib/test/auto/NilTokenNonStrictTest.xml (RunModel)" time="0.012" />
  <testcase classname="ptolemy.util.test.junit.AutoTests" name="[243] /home/travis/build/icyphy/ptII/ptolemy/actor/lib/test/auto/NilTokenRecord.xml (RunModel)" time="0.035" />
  <testcase classname="ptolemy.util.test.junit.AutoTests" name="[244] /home/travis/build/icyphy/ptII/ptolemy/actor/lib/test/auto/NilTokenTypeTest.xml (RunModel)" time="0.035" />
  <testcase classname="ptolemy.util.test.junit.AutoTests" name="[245] /home/travis/build/icyphy/ptII/ptolemy/actor/lib/test/auto/ObjectToken1.xml (RunModel)" time="0.016" />
  <testcase classname="ptolemy.util.test.junit.AutoTests" name="[246] /home/travis/build/icyphy/ptII/ptolemy/actor/lib/test/auto/OrderedMerge.xml (RunModel)" time="0.026" />
  <testcase classname="ptolemy.util.test.junit.AutoTests" name="[247] /home/travis/build/icyphy/ptII/ptolemy/actor/lib/test/auto/OrderedRecordDisassembler.xml (RunModel)" time="0.021" />
  <testcase classname="ptolemy.util.test.junit.AutoTests" name="[248] /home/travis/build/icyphy/ptII/ptolemy/actor/lib/test/auto/OrderedRecordDisassembler2.xml (RunModel)" time="0.022" />
  <testcase classname="ptolemy.util.test.junit.AutoTests" name="[249] /home/travis/build/icyphy/ptII/ptolemy/actor/lib/test/auto/OrderedRecordUpdater.xml (RunModel)" time="0.013" />
  <testcase classname="ptolemy.util.test.junit.AutoTests" name="[250] /home/travis/build/icyphy/ptII/ptolemy/actor/lib/test/auto/OrderedRecordUpdater2.xml (RunModel)" time="0.022" />
  <testcase classname="ptolemy.util.test.junit.AutoTests" name="[251] /home/travis/build/icyphy/ptII/ptolemy/actor/lib/test/auto/PhaseUnwrap.xml (RunModel)" time="0.017" />
  <testcase classname="ptolemy.util.test.junit.AutoTests" name="[252] /home/travis/build/icyphy/ptII/ptolemy/actor/lib/test/auto/PoissonClock.xml (RunModel)" time="0.013" />
  <testcase classname="ptolemy.util.test.junit.AutoTests" name="[253] /home/travis/build/icyphy/ptII/ptolemy/actor/lib/test/auto/PoissonClock2.xml (RunModel)" time="0.01" />
  <testcase classname="ptolemy.util.test.junit.AutoTests" name="[254] /home/travis/build/icyphy/ptII/ptolemy/actor/lib/test/auto/PoissonClock3.xml (RunModel)" time="0.027" />
  <testcase classname="ptolemy.util.test.junit.AutoTests" name="[255] /home/travis/build/icyphy/ptII/ptolemy/actor/lib/test/auto/PubSubWithInitialTokens.xml (RunModel)" time="0.015" />
  <testcase classname="ptolemy.util.test.junit.AutoTests" name="[256] /home/travis/build/icyphy/ptII/ptolemy/actor/lib/test/auto/PubSubWithInitialTokens2.xml (RunModel)" time="0.019" />
  <testcase classname="ptolemy.util.test.junit.AutoTests" name="[257] /home/travis/build/icyphy/ptII/ptolemy/actor/lib/test/auto/PublisherClassNoParameter.xml (RunModel)" time="0.028" />
  <testcase classname="ptolemy.util.test.junit.AutoTests" name="[258] /home/travis/build/icyphy/ptII/ptolemy/actor/lib/test/auto/PublisherClassParameter.xml (RunModel)" time="0.026" />
  <testcase classname="ptolemy.util.test.junit.AutoTests" name="[259] /home/travis/build/icyphy/ptII/ptolemy/actor/lib/test/auto/PublisherNonStrictTest.xml (RunModel)" time="0.02" />
  <testcase classname="ptolemy.util.test.junit.AutoTests" name="[260] /home/travis/build/icyphy/ptII/ptolemy/actor/lib/test/auto/PublisherPort1.xml (RunModel)" time="0.014" />
  <testcase classname="ptolemy.util.test.junit.AutoTests" name="[261] /home/travis/build/icyphy/ptII/ptolemy/actor/lib/test/auto/PublisherPort2.xml (RunModel)" time="0.012" />
  <testcase classname="ptolemy.util.test.junit.AutoTests" name="[262] /home/travis/build/icyphy/ptII/ptolemy/actor/lib/test/auto/PublisherPort3.xml (RunModel)" time="0.021" />
  <testcase classname="ptolemy.util.test.junit.AutoTests" name="[263] /home/travis/build/icyphy/ptII/ptolemy/actor/lib/test/auto/PublisherPort4.xml (RunModel)" time="0.024" />
  <testcase classname="ptolemy.util.test.junit.AutoTests" name="[264] /home/travis/build/icyphy/ptII/ptolemy/actor/lib/test/auto/PublisherPort5.xml (RunModel)" time="0.016" />
  <testcase classname="ptolemy.util.test.junit.AutoTests" name="[265] /home/travis/build/icyphy/ptII/ptolemy/actor/lib/test/auto/PublisherPort5LookAlike.xml (RunModel)" time="0.02" />
  <testcase classname="ptolemy.util.test.junit.AutoTests" name="[266] /home/travis/build/icyphy/ptII/ptolemy/actor/lib/test/auto/PublisherPort6.xml (RunModel)" time="0.016" />
  <testcase classname="ptolemy.util.test.junit.AutoTests" name="[267] /home/travis/build/icyphy/ptII/ptolemy/actor/lib/test/auto/PublisherPort7.xml (RunModel)" time="0.018" />
  <testcase classname="ptolemy.util.test.junit.AutoTests" name="[268] /home/travis/build/icyphy/ptII/ptolemy/actor/lib/test/auto/PublisherPort8.xml (RunModel)" time="0.023" />
  <testcase classname="ptolemy.util.test.junit.AutoTests" name="[269] /home/travis/build/icyphy/ptII/ptolemy/actor/lib/test/auto/PublisherPortSubscriberChannelVariablesAOC2.xml (RunModel)" time="0.09" />
  <testcase classname="ptolemy.util.test.junit.AutoTests" name="[270] /home/travis/build/icyphy/ptII/ptolemy/actor/lib/test/auto/PublisherPortSubscriberOpaqueWidthInference.xml (RunModel)" time="0.024" />
  <testcase classname="ptolemy.util.test.junit.AutoTests" name="[271] /home/travis/build/icyphy/ptII/ptolemy/actor/lib/test/auto/PublisherPortSubscriberPortAdjacent.xml (RunModel)" time="0.025" />
  <testcase classname="ptolemy.util.test.junit.AutoTests" name="[272] /home/travis/build/icyphy/ptII/ptolemy/actor/lib/test/auto/PublisherPortSubscriberPortExpression.xml (RunModel)" time="0.024" />
  <testcase classname="ptolemy.util.test.junit.AutoTests" name="[273] /home/travis/build/icyphy/ptII/ptolemy/actor/lib/test/auto/PublisherPortSubscriberPortOpaqueD3Reverse.xml (RunModel)" time="0.026" />
  <testcase classname="ptolemy.util.test.junit.AutoTests" name="[274] /home/travis/build/icyphy/ptII/ptolemy/actor/lib/test/auto/PublisherPortSubscriberPortOpaqueWidthInference.xml (RunModel)" time="0.022" />
  <testcase classname="ptolemy.util.test.junit.AutoTests" name="[275] /home/travis/build/icyphy/ptII/ptolemy/actor/lib/test/auto/PublisherPortToplevelSubscriberPortAOC.xml (RunModel)" time="0.015" />
  <testcase classname="ptolemy.util.test.junit.AutoTests" name="[276] /home/travis/build/icyphy/ptII/ptolemy/actor/lib/test/auto/PublisherSubscriber.xml (RunModel)" time="0.017" />
  <testcase classname="ptolemy.util.test.junit.AutoTests" name="[277] /home/travis/build/icyphy/ptII/ptolemy/actor/lib/test/auto/PublisherSubscriber10.xml (RunModel)" time="0.025" />
  <testcase classname="ptolemy.util.test.junit.AutoTests" name="[278] /home/travis/build/icyphy/ptII/ptolemy/actor/lib/test/auto/PublisherSubscriber10InitialOutputs.xml (RunModel)" time="0.032" />
  <testcase classname="ptolemy.util.test.junit.AutoTests" name="[279] /home/travis/build/icyphy/ptII/ptolemy/actor/lib/test/auto/PublisherSubscriber11.xml (RunModel)" time="0.019" />
  <testcase classname="ptolemy.util.test.junit.AutoTests" name="[280] /home/travis/build/icyphy/ptII/ptolemy/actor/lib/test/auto/PublisherSubscriber12.xml (RunModel)" time="0.025" />
  <testcase classname="ptolemy.util.test.junit.AutoTests" name="[281] /home/travis/build/icyphy/ptII/ptolemy/actor/lib/test/auto/PublisherSubscriber13.xml (RunModel)" time="0.011" />
  <testcase classname="ptolemy.util.test.junit.AutoTests" name="[282] /home/travis/build/icyphy/ptII/ptolemy/actor/lib/test/auto/PublisherSubscriber14.xml (RunModel)" time="0.026" />
  <testcase classname="ptolemy.util.test.junit.AutoTests" name="[283] /home/travis/build/icyphy/ptII/ptolemy/actor/lib/test/auto/PublisherSubscriber2.xml (RunModel)" time="0.013" />
  <testcase classname="ptolemy.util.test.junit.AutoTests" name="[284] /home/travis/build/icyphy/ptII/ptolemy/actor/lib/test/auto/PublisherSubscriber3.xml (RunModel)" time="0.011" />
  <testcase classname="ptolemy.util.test.junit.AutoTests" name="[285] /home/travis/build/icyphy/ptII/ptolemy/actor/lib/test/auto/PublisherSubscriber4.xml (RunModel)" time="0.011" />
  <testcase classname="ptolemy.util.test.junit.AutoTests" name="[286] /home/travis/build/icyphy/ptII/ptolemy/actor/lib/test/auto/PublisherSubscriber5.xml (RunModel)" time="0.016" />
  <testcase classname="ptolemy.util.test.junit.AutoTests" name="[287] /home/travis/build/icyphy/ptII/ptolemy/actor/lib/test/auto/PublisherSubscriber6.xml (RunModel)" time="0.018" />
  <testcase classname="ptolemy.util.test.junit.AutoTests" name="[288] /home/travis/build/icyphy/ptII/ptolemy/actor/lib/test/auto/PublisherSubscriber7.xml (RunModel)" time="0.02" />
  <testcase classname="ptolemy.util.test.junit.AutoTests" name="[289] /home/travis/build/icyphy/ptII/ptolemy/actor/lib/test/auto/PublisherSubscriber8.xml (RunModel)" time="0.04" />
  <testcase classname="ptolemy.util.test.junit.AutoTests" name="[290] /home/travis/build/icyphy/ptII/ptolemy/actor/lib/test/auto/PublisherSubscriber9.xml (RunModel)" time="0.026" />
  <testcase classname="ptolemy.util.test.junit.AutoTests" name="[291] /home/travis/build/icyphy/ptII/ptolemy/actor/lib/test/auto/PublisherSubscriberAdjacent.xml (RunModel)" time="0.017" />
  <testcase classname="ptolemy.util.test.junit.AutoTests" name="[292] /home/travis/build/icyphy/ptII/ptolemy/actor/lib/test/auto/PublisherSubscriberChannelVariablesAOC2.xml (RunModel)" time="0.027" />
  <testcase classname="ptolemy.util.test.junit.AutoTests" name="[293] /home/travis/build/icyphy/ptII/ptolemy/actor/lib/test/auto/PublisherSubscriberD3.xml (RunModel)" time="0.013" />
  <testcase classname="ptolemy.util.test.junit.AutoTests" name="[294] /home/travis/build/icyphy/ptII/ptolemy/actor/lib/test/auto/PublisherSubscriberD3Reverse.xml (RunModel)" time="0.013" />
  <testcase classname="ptolemy.util.test.junit.AutoTests" name="[295] /home/travis/build/icyphy/ptII/ptolemy/actor/lib/test/auto/PublisherSubscriberExpression.xml (RunModel)" time="0.018" />
  <testcase classname="ptolemy.util.test.junit.AutoTests" name="[296] /home/travis/build/icyphy/ptII/ptolemy/actor/lib/test/auto/PublisherSubscriberOpaque.xml (RunModel)" time="0.017" />
  <testcase classname="ptolemy.util.test.junit.AutoTests" name="[297] /home/travis/build/icyphy/ptII/ptolemy/actor/lib/test/auto/PublisherSubscriberOpaqueD3.xml (RunModel)" time="0.024" />
  <testcase classname="ptolemy.util.test.junit.AutoTests" name="[298] /home/travis/build/icyphy/ptII/ptolemy/actor/lib/test/auto/PublisherSubscriberOpaqueD3Reverse.xml (RunModel)" time="0.023" />
  <testcase classname="ptolemy.util.test.junit.AutoTests" name="[299] /home/travis/build/icyphy/ptII/ptolemy/actor/lib/test/auto/PublisherSubscriberOpaqueWidthInference.xml (RunModel)" time="0.017" />
  <testcase classname="ptolemy.util.test.junit.AutoTests" name="[300] /home/travis/build/icyphy/ptII/ptolemy/actor/lib/test/auto/PublisherTestSubscriber.xml (RunModel)" time="0.019" />
  <testcase classname="ptolemy.util.test.junit.AutoTests" name="[301] /home/travis/build/icyphy/ptII/ptolemy/actor/lib/test/auto/PublisherToplevelSubscriberPortAOC.xml (RunModel)" time="0.013" />
  <testcase classname="ptolemy.util.test.junit.AutoTests" name="[302] /home/travis/build/icyphy/ptII/ptolemy/actor/lib/test/auto/PulseFiringLimitDE.xml (RunModel)" time="0.015" />
  <testcase classname="ptolemy.util.test.junit.AutoTests" name="[303] /home/travis/build/icyphy/ptII/ptolemy/actor/lib/test/auto/Ramp1.xml (RunModel)" time="0.009" />
  <testcase classname="ptolemy.util.test.junit.AutoTests" name="[304] /home/travis/build/icyphy/ptII/ptolemy/actor/lib/test/auto/RampFiringLimitDE.xml (RunModel)" time="0.056" />
  <testcase classname="ptolemy.util.test.junit.AutoTests" name="[305] /home/travis/build/icyphy/ptII/ptolemy/actor/lib/test/auto/RampFiringLimitSDF.xml (RunModel)" time="0.012" />
  <testcase classname="ptolemy.util.test.junit.AutoTests" name="[306] /home/travis/build/icyphy/ptII/ptolemy/actor/lib/test/auto/RandomInteger.xml (RunModel)" time="0.009" />
  <testcase classname="ptolemy.util.test.junit.AutoTests" name="[307] /home/travis/build/icyphy/ptII/ptolemy/actor/lib/test/auto/ReadFile1.xml (RunModel)" time="0.011" />
  <testcase classname="ptolemy.util.test.junit.AutoTests" name="[308] /home/travis/build/icyphy/ptII/ptolemy/actor/lib/test/auto/ReadFile2.xml (RunModel)" time="0.01" />
  <testcase classname="ptolemy.util.test.junit.AutoTests" name="[309] /home/travis/build/icyphy/ptII/ptolemy/actor/lib/test/auto/Reader.xml (RunModel)" time="0.013" />
  <testcase classname="ptolemy.util.test.junit.AutoTests" name="[310] /home/travis/build/icyphy/ptII/ptolemy/actor/lib/test/auto/RecordAssemblerDisplayNameTest.xml (RunModel)" time="4.739" />
  <testcase classname="ptolemy.util.test.junit.AutoTests" name="[311] /home/travis/build/icyphy/ptII/ptolemy/actor/lib/test/auto/RecordAssemblerTypeError.xml (RunModel)" time="0.048" />
  <testcase classname="ptolemy.util.test.junit.AutoTests" name="[312] /home/travis/build/icyphy/ptII/ptolemy/actor/lib/test/auto/RecordDisassember.xml (RunModel)" time="0.013" />
  <testcase classname="ptolemy.util.test.junit.AutoTests" name="[313] /home/travis/build/icyphy/ptII/ptolemy/actor/lib/test/auto/RecordDisassemberDisplayNameTest.xml (RunModel)" time="0.02" />
  <testcase classname="ptolemy.util.test.junit.AutoTests" name="[314] /home/travis/build/icyphy/ptII/ptolemy/actor/lib/test/auto/RecordDisassembler.xml (RunModel)" time="0.011" />
  <testcase classname="ptolemy.util.test.junit.AutoTests" name="[315] /home/travis/build/icyphy/ptII/ptolemy/actor/lib/test/auto/RecordDisassembler2.xml (RunModel)" time="0.012" />
  <testcase classname="ptolemy.util.test.junit.AutoTests" name="[316] /home/travis/build/icyphy/ptII/ptolemy/actor/lib/test/auto/RecordUpdater.xml (RunModel)" time="0.01" />
  <testcase classname="ptolemy.util.test.junit.AutoTests" name="[317] /home/travis/build/icyphy/ptII/ptolemy/actor/lib/test/auto/RecordUpdater2.xml (RunModel)" time="0.011" />
  <testcase classname="ptolemy.util.test.junit.AutoTests" name="[318] /home/travis/build/icyphy/ptII/ptolemy/actor/lib/test/auto/RecursiveLattice.xml (RunModel)" time="0.01" />
  <testcase classname="ptolemy.util.test.junit.AutoTests" name="[319] /home/travis/build/icyphy/ptII/ptolemy/actor/lib/test/auto/Router.xml (RunModel)" time="3.03" />
  <testcase classname="ptolemy.util.test.junit.AutoTests" name="[320] /home/travis/build/icyphy/ptII/ptolemy/actor/lib/test/auto/Router2.xml (RunModel)" time="3.027" />
  <testcase classname="ptolemy.util.test.junit.AutoTests" name="[321] /home/travis/build/icyphy/ptII/ptolemy/actor/lib/test/auto/RunningMaximum.xml (RunModel)" time="0.017" />
  <testcase classname="ptolemy.util.test.junit.AutoTests" name="[322] /home/travis/build/icyphy/ptII/ptolemy/actor/lib/test/auto/RunningMinimum.xml (RunModel)" time="0.041" />
  <testcase classname="ptolemy.util.test.junit.AutoTests" name="[323] /home/travis/build/icyphy/ptII/ptolemy/actor/lib/test/auto/Scale.xml (RunModel)" time="0.016" />
  <testcase classname="ptolemy.util.test.junit.AutoTests" name="[324] /home/travis/build/icyphy/ptII/ptolemy/actor/lib/test/auto/Scale2.xml (RunModel)" time="0.01" />
  <testcase classname="ptolemy.util.test.junit.AutoTests" name="[325] /home/travis/build/icyphy/ptII/ptolemy/actor/lib/test/auto/Scale3.xml (RunModel)" time="0.013" />
  <testcase classname="ptolemy.util.test.junit.AutoTests" name="[326] /home/travis/build/icyphy/ptII/ptolemy/actor/lib/test/auto/ScaleArray.xml (RunModel)" time="0.007" />
  <testcase classname="ptolemy.util.test.junit.AutoTests" name="[327] /home/travis/build/icyphy/ptII/ptolemy/actor/lib/test/auto/ScaleArray2.xml (RunModel)" time="0.05" />
  <testcase classname="ptolemy.util.test.junit.AutoTests" name="[328] /home/travis/build/icyphy/ptII/ptolemy/actor/lib/test/auto/ScaleMatrix.xml (RunModel)" time="0.134" />
  <testcase classname="ptolemy.util.test.junit.AutoTests" name="[329] /home/travis/build/icyphy/ptII/ptolemy/actor/lib/test/auto/Select.xml (RunModel)" time="0.015" />
  <testcase classname="ptolemy.util.test.junit.AutoTests" name="[330] /home/travis/build/icyphy/ptII/ptolemy/actor/lib/test/auto/Select2.xml (RunModel)" time="0.01" />
  <testcase classname="ptolemy.util.test.junit.AutoTests" name="[331] /home/travis/build/icyphy/ptII/ptolemy/actor/lib/test/auto/SequenceToArray2.xml (RunModel)" time="0.165" />
  <testcase classname="ptolemy.util.test.junit.AutoTests" name="[332] /home/travis/build/icyphy/ptII/ptolemy/actor/lib/test/auto/SequentialClock.xml (RunModel)" time="0.008" />
  <testcase classname="ptolemy.util.test.junit.AutoTests" name="[333] /home/travis/build/icyphy/ptII/ptolemy/actor/lib/test/auto/SetVariable.xml (RunModel)" time="0.011" />
  <testcase classname="ptolemy.util.test.junit.AutoTests" name="[334] /home/travis/build/icyphy/ptII/ptolemy/actor/lib/test/auto/SetVariable2.xml (RunModel)" time="0.011" />
  <testcase classname="ptolemy.util.test.junit.AutoTests" name="[335] /home/travis/build/icyphy/ptII/ptolemy/actor/lib/test/auto/SetVariable3.xml (RunModel)" time="0.018" />
  <testcase classname="ptolemy.util.test.junit.AutoTests" name="[336] /home/travis/build/icyphy/ptII/ptolemy/actor/lib/test/auto/SetVariable4.xml (RunModel)" time="0.032" />
  <testcase classname="ptolemy.util.test.junit.AutoTests" name="[337] /home/travis/build/icyphy/ptII/ptolemy/actor/lib/test/auto/SetVariable5.xml (RunModel)" time="0.041" />
  <testcase classname="ptolemy.util.test.junit.AutoTests" name="[338] /home/travis/build/icyphy/ptII/ptolemy/actor/lib/test/auto/Sinewave.xml (RunModel)" time="0.046" />
  <testcase classname="ptolemy.util.test.junit.AutoTests" name="[339] /home/travis/build/icyphy/ptII/ptolemy/actor/lib/test/auto/Sinewave2.xml (RunModel)" time="0.018" />
  <testcase classname="ptolemy.util.test.junit.AutoTests" name="[340] /home/travis/build/icyphy/ptII/ptolemy/actor/lib/test/auto/Sinewave3.xml (RunModel)" time="0.019" />
  <testcase classname="ptolemy.util.test.junit.AutoTests" name="[341] /home/travis/build/icyphy/ptII/ptolemy/actor/lib/test/auto/SingleEvent.xml (RunModel)" time="0.008" />
  <testcase classname="ptolemy.util.test.junit.AutoTests" name="[342] /home/travis/build/icyphy/ptII/ptolemy/actor/lib/test/auto/Sleep.xml (RunModel)" time="6.029" />
  <testcase classname="ptolemy.util.test.junit.AutoTests" name="[343] /home/travis/build/icyphy/ptII/ptolemy/actor/lib/test/auto/SleepMultipleFire.xml (RunModel)" time="1.021" />
  <testcase classname="ptolemy.util.test.junit.AutoTests" name="[344] /home/travis/build/icyphy/ptII/ptolemy/actor/lib/test/auto/StopDE.xml (RunModel)" time="0.013" />
  <testcase classname="ptolemy.util.test.junit.AutoTests" name="[345] /home/travis/build/icyphy/ptII/ptolemy/actor/lib/test/auto/StopSDF.xml (RunModel)" time="0.009" />
  <testcase classname="ptolemy.util.test.junit.AutoTests" name="[346] /home/travis/build/icyphy/ptII/ptolemy/actor/lib/test/auto/StringConstant.xml (RunModel)" time="0.014" />
  <testcase classname="ptolemy.util.test.junit.AutoTests" name="[347] /home/travis/build/icyphy/ptII/ptolemy/actor/lib/test/auto/SubscriberPortInitialValues1.xml (RunModel)" time="0.022" />
  <testcase classname="ptolemy.util.test.junit.AutoTests" name="[348] /home/travis/build/icyphy/ptII/ptolemy/actor/lib/test/auto/SubscriberPortInitialValues13.xml (RunModel)" time="0.025" />
  <testcase classname="ptolemy.util.test.junit.AutoTests" name="[349] /home/travis/build/icyphy/ptII/ptolemy/actor/lib/test/auto/SubscriberPortInitialValues14.xml (RunModel)" time="0.013" />
  <testcase classname="ptolemy.util.test.junit.AutoTests" name="[350] /home/travis/build/icyphy/ptII/ptolemy/actor/lib/test/auto/SubscriberPortInitialValues2.xml (RunModel)" time="0.02" />
  <testcase classname="ptolemy.util.test.junit.AutoTests" name="[351] /home/travis/build/icyphy/ptII/ptolemy/actor/lib/test/auto/SubscriberPortInitialValues3.xml (RunModel)" time="0.02" />
  <testcase classname="ptolemy.util.test.junit.AutoTests" name="[352] /home/travis/build/icyphy/ptII/ptolemy/actor/lib/test/auto/SubscriptionAggregator.xml (RunModel)" time="0.01" />
  <testcase classname="ptolemy.util.test.junit.AutoTests" name="[353] /home/travis/build/icyphy/ptII/ptolemy/actor/lib/test/auto/SubscriptionAggregator2.xml (RunModel)" time="0.01" />
  <testcase classname="ptolemy.util.test.junit.AutoTests" name="[354] /home/travis/build/icyphy/ptII/ptolemy/actor/lib/test/auto/SubscriptionAggregator3.xml (RunModel)" time="0.015" />
  <testcase classname="ptolemy.util.test.junit.AutoTests" name="[355] /home/travis/build/icyphy/ptII/ptolemy/actor/lib/test/auto/SubscriptionAggregatorMultiply.xml (RunModel)" time="0.014" />
  <testcase classname="ptolemy.util.test.junit.AutoTests" name="[356] /home/travis/build/icyphy/ptII/ptolemy/actor/lib/test/auto/SubscriptionAggregatorPortMultiply1.xml (RunModel)" time="0.012" />
  <testcase classname="ptolemy.util.test.junit.AutoTests" name="[357] /home/travis/build/icyphy/ptII/ptolemy/actor/lib/test/auto/Switch.xml (RunModel)" time="0.018" />
  <testcase classname="ptolemy.util.test.junit.AutoTests" name="[358] /home/travis/build/icyphy/ptII/ptolemy/actor/lib/test/auto/Switch2.xml (RunModel)" time="0.009" />
  <testcase classname="ptolemy.util.test.junit.AutoTests" name="[359] /home/travis/build/icyphy/ptII/ptolemy/actor/lib/test/auto/SwitchDE.xml (RunModel)" time="0.014" />
  <testcase classname="ptolemy.util.test.junit.AutoTests" name="[360] /home/travis/build/icyphy/ptII/ptolemy/actor/lib/test/auto/SynchronizerDE.xml (RunModel)" time="0.02" />
  <testcase classname="ptolemy.util.test.junit.AutoTests" name="[361] /home/travis/build/icyphy/ptII/ptolemy/actor/lib/test/auto/Test.xml (RunModel)" time="0.016" />
  <testcase classname="ptolemy.util.test.junit.AutoTests" name="[362] /home/travis/build/icyphy/ptII/ptolemy/actor/lib/test/auto/TestExceptionAttribute1.xml (RunModel)" time="0.008" />
  <testcase classname="ptolemy.util.test.junit.AutoTests" name="[363] /home/travis/build/icyphy/ptII/ptolemy/actor/lib/test/auto/TestExceptionAttribute2.xml (RunModel)" time="0.076" />
  <testcase classname="ptolemy.util.test.junit.AutoTests" name="[364] /home/travis/build/icyphy/ptII/ptolemy/actor/lib/test/auto/TestExceptionAttribute3.xml (RunModel)" time="0.011" />
  <testcase classname="ptolemy.util.test.junit.AutoTests" name="[365] /home/travis/build/icyphy/ptII/ptolemy/actor/lib/test/auto/TestExceptionAttribute4.xml (RunModel)" time="0.008" />
  <testcase classname="ptolemy.util.test.junit.AutoTests" name="[366] /home/travis/build/icyphy/ptII/ptolemy/actor/lib/test/auto/TestExceptionHandler1.xml (RunModel)" time="0.007" />
  <testcase classname="ptolemy.util.test.junit.AutoTests" name="[367] /home/travis/build/icyphy/ptII/ptolemy/actor/lib/test/auto/TestExceptionHandler2.xml (RunModel)" time="0.012" />
  <testcase classname="ptolemy.util.test.junit.AutoTests" name="[368] /home/travis/build/icyphy/ptII/ptolemy/actor/lib/test/auto/TestExceptionHandler3.xml (RunModel)" time="0.007" />
  <testcase classname="ptolemy.util.test.junit.AutoTests" name="[369] /home/travis/build/icyphy/ptII/ptolemy/actor/lib/test/auto/TestExceptionHandler4.xml (RunModel)" time="0.007" />
  <testcase classname="ptolemy.util.test.junit.AutoTests" name="[370] /home/travis/build/icyphy/ptII/ptolemy/actor/lib/test/auto/TestRequireCorrectOrder.xml (RunModel)" time="0.014" />
  <testcase classname="ptolemy.util.test.junit.AutoTests" name="[371] /home/travis/build/icyphy/ptII/ptolemy/actor/lib/test/auto/TestSimple.xml (RunModel)" time="0.007" />
  <testcase classname="ptolemy.util.test.junit.AutoTests" name="[372] /home/travis/build/icyphy/ptII/ptolemy/actor/lib/test/auto/ThrowModelError.xml (RunModel)" time="0.013" />
  <testcase classname="ptolemy.util.test.junit.AutoTests" name="[373] /home/travis/build/icyphy/ptII/ptolemy/actor/lib/test/auto/TimeDelayMicrosteps.xml (RunModel)" time="0.016" />
  <testcase classname="ptolemy.util.test.junit.AutoTests" name="[374] /home/travis/build/icyphy/ptII/ptolemy/actor/lib/test/auto/TimeDelayMicrosteps2.xml (RunModel)" time="0.017" />
  <testcase classname="ptolemy.util.test.junit.AutoTests" name="[375] /home/travis/build/icyphy/ptII/ptolemy/actor/lib/test/auto/TimeDelayMicrosteps3.xml (RunModel)" time="0.013" />
  <testcase classname="ptolemy.util.test.junit.AutoTests" name="[376] /home/travis/build/icyphy/ptII/ptolemy/actor/lib/test/auto/TimeDelayVariableMicrosteps.xml (RunModel)" time="0.014" />
  <testcase classname="ptolemy.util.test.junit.AutoTests" name="[377] /home/travis/build/icyphy/ptII/ptolemy/actor/lib/test/auto/TimeGap.xml (RunModel)" time="0.038" />
  <testcase classname="ptolemy.util.test.junit.AutoTests" name="[378] /home/travis/build/icyphy/ptII/ptolemy/actor/lib/test/auto/TimeGap2.xml (RunModel)" time="0.013" />
  <testcase classname="ptolemy.util.test.junit.AutoTests" name="[379] /home/travis/build/icyphy/ptII/ptolemy/actor/lib/test/auto/TimedSinewave.xml (RunModel)" time="0.064" />
  <testcase classname="ptolemy.util.test.junit.AutoTests" name="[380] /home/travis/build/icyphy/ptII/ptolemy/actor/lib/test/auto/TimedSinewavePhase.xml (RunModel)" time="0.036" />
  <testcase classname="ptolemy.util.test.junit.AutoTests" name="[381] /home/travis/build/icyphy/ptII/ptolemy/actor/lib/test/auto/Timer.xml (RunModel)" time="0.014" />
  <testcase classname="ptolemy.util.test.junit.AutoTests" name="[382] /home/travis/build/icyphy/ptII/ptolemy/actor/lib/test/auto/TriangularDistTestModel.xml (RunModel)" time="0.019" />
  <testcase classname="ptolemy.util.test.junit.AutoTests" name="[383] /home/travis/build/icyphy/ptII/ptolemy/actor/lib/test/auto/TrigFunction.xml (RunModel)" time="0.012" />
  <testcase classname="ptolemy.util.test.junit.AutoTests" name="[384] /home/travis/build/icyphy/ptII/ptolemy/actor/lib/test/auto/TrigFunctionDE.xml (RunModel)" time="0.012" />
  <testcase classname="ptolemy.util.test.junit.AutoTests" name="[385] /home/travis/build/icyphy/ptII/ptolemy/actor/lib/test/auto/TrigFunctionInverse.xml (RunModel)" time="0.01" />
  <testcase classname="ptolemy.util.test.junit.AutoTests" name="[386] /home/travis/build/icyphy/ptII/ptolemy/actor/lib/test/auto/TrigFunctionTan.xml (RunModel)" time="0.007" />
  <testcase classname="ptolemy.util.test.junit.AutoTests" name="[387] /home/travis/build/icyphy/ptII/ptolemy/actor/lib/test/auto/TriggeredClock.xml (RunModel)" time="0.009" />
  <testcase classname="ptolemy.util.test.junit.AutoTests" name="[388] /home/travis/build/icyphy/ptII/ptolemy/actor/lib/test/auto/URLDirectoryReader.xml (RunModel)" time="0.118" />
  <testcase classname="ptolemy.util.test.junit.AutoTests" name="[389] /home/travis/build/icyphy/ptII/ptolemy/actor/lib/test/auto/URLDirectoryReader3.xml (RunModel)" time="1.507" />
  <testcase classname="ptolemy.util.test.junit.AutoTests" name="[390] /home/travis/build/icyphy/ptII/ptolemy/actor/lib/test/auto/UnaryMathFunction.xml (RunModel)" time="0.027" />
  <testcase classname="ptolemy.util.test.junit.AutoTests" name="[391] /home/travis/build/icyphy/ptII/ptolemy/actor/lib/test/auto/Uniform.xml (RunModel)" time="0.03" />
  <testcase classname="ptolemy.util.test.junit.AutoTests" name="[392] /home/travis/build/icyphy/ptII/ptolemy/actor/lib/test/auto/UnionDisassemblerTest.xml (RunModel)" time="0.019" />
  <testcase classname="ptolemy.util.test.junit.AutoTests" name="[393] /home/travis/build/icyphy/ptII/ptolemy/actor/lib/test/auto/UtilityFunctions.xml (RunModel)" time="0.009" />
  <testcase classname="ptolemy.util.test.junit.AutoTests" name="[394] /home/travis/build/icyphy/ptII/ptolemy/actor/lib/test/auto/VariableSleep.xml (RunModel)" time="0.515" />
  <testcase classname="ptolemy.util.test.junit.AutoTests" name="[395] /home/travis/build/icyphy/ptII/ptolemy/actor/lib/test/auto/VectorAssemblerDisassemblerCT.xml (RunModel)" time="0.126" />
  <testcase classname="ptolemy.util.test.junit.AutoTests" name="[396] /home/travis/build/icyphy/ptII/ptolemy/actor/lib/test/auto/VectorAssemblerDisassemblerDE.xml (RunModel)" time="0.016" />
  <testcase classname="ptolemy.util.test.junit.AutoTests" name="[397] /home/travis/build/icyphy/ptII/ptolemy/actor/lib/test/auto/VectorAssemblerDisassemblerSDF.xml (RunModel)" time="0.014" />
  <testcase classname="ptolemy.util.test.junit.AutoTests" name="[398] /home/travis/build/icyphy/ptII/ptolemy/actor/lib/test/auto/WallClockTime.xml (RunModel)" time="1.015" />
  <testcase classname="ptolemy.util.test.junit.AutoTests" name="[399] /home/travis/build/icyphy/ptII/ptolemy/actor/lib/test/auto/WidthTestWithSubscriberPublisher.xml (RunModel)" time="0.044" />
  <testcase classname="ptolemy.util.test.junit.AutoTests" name="[400] /home/travis/build/icyphy/ptII/ptolemy/actor/lib/test/auto/WidthTestWithSubscriberPublisher2.xml (RunModel)" time="0.017" />
  <testcase classname="ptolemy.util.test.junit.AutoTests" name="[401] /home/travis/build/icyphy/ptII/ptolemy/actor/lib/test/auto/WidthTestWithSubscriberPublisher3.xml (RunModel)" time="0.019" />
  <testcase classname="ptolemy.util.test.junit.AutoTests" name="[402] /home/travis/build/icyphy/ptII/ptolemy/actor/lib/test/auto/Writer.xml (RunModel)" time="0.009" />
  <testcase classname="ptolemy.util.test.junit.AutoTests" name="[403] /home/travis/build/icyphy/ptII/ptolemy/actor/lib/test/auto/array.xml (RunModel)" time="0.01" />
  <testcase classname="ptolemy.util.test.junit.AutoTests" name="[404] /home/travis/build/icyphy/ptII/ptolemy/actor/lib/test/auto/array2.xml (RunModel)" time="0.016" />
  <testcase classname="ptolemy.util.test.junit.AutoTests" name="[405] /home/travis/build/icyphy/ptII/ptolemy/actor/lib/test/auto/arrayType.xml (RunModel)" time="0.012" />
  <testcase classname="ptolemy.util.test.junit.AutoTests" name="[406] /home/travis/build/icyphy/ptII/ptolemy/actor/lib/test/auto/arrayType10.xml (RunModel)" time="0.01" />
  <testcase classname="ptolemy.util.test.junit.AutoTests" name="[407] /home/travis/build/icyphy/ptII/ptolemy/actor/lib/test/auto/arrayType11.xml (RunModel)" time="0.01" />
  <testcase classname="ptolemy.util.test.junit.AutoTests" name="[408] /home/travis/build/icyphy/ptII/ptolemy/actor/lib/test/auto/arrayType12.xml (RunModel)" time="0.01" />
  <testcase classname="ptolemy.util.test.junit.AutoTests" name="[409] /home/travis/build/icyphy/ptII/ptolemy/actor/lib/test/auto/arrayType13.xml (RunModel)" time="0.01" />
  <testcase classname="ptolemy.util.test.junit.AutoTests" name="[410] /home/travis/build/icyphy/ptII/ptolemy/actor/lib/test/auto/arrayType14.xml (RunModel)" time="0.01" />
  <testcase classname="ptolemy.util.test.junit.AutoTests" name="[411] /home/travis/build/icyphy/ptII/ptolemy/actor/lib/test/auto/arrayType15.xml (RunModel)" time="0.012" />
  <testcase classname="ptolemy.util.test.junit.AutoTests" name="[412] /home/travis/build/icyphy/ptII/ptolemy/actor/lib/test/auto/arrayType16.xml (RunModel)" time="0.01" />
  <testcase classname="ptolemy.util.test.junit.AutoTests" name="[413] /home/travis/build/icyphy/ptII/ptolemy/actor/lib/test/auto/arrayType17.xml (RunModel)" time="0.01" />
  <testcase classname="ptolemy.util.test.junit.AutoTests" name="[414] /home/travis/build/icyphy/ptII/ptolemy/actor/lib/test/auto/arrayType18.xml (RunModel)" time="0.009" />
  <testcase classname="ptolemy.util.test.junit.AutoTests" name="[415] /home/travis/build/icyphy/ptII/ptolemy/actor/lib/test/auto/arrayType19.xml (RunModel)" time="0.009" />
  <testcase classname="ptolemy.util.test.junit.AutoTests" name="[416] /home/travis/build/icyphy/ptII/ptolemy/actor/lib/test/auto/arrayType2.xml (RunModel)" time="0.009" />
  <testcase classname="ptolemy.util.test.junit.AutoTests" name="[417] /home/travis/build/icyphy/ptII/ptolemy/actor/lib/test/auto/arrayType20.xml (RunModel)" time="0.01" />
  <testcase classname="ptolemy.util.test.junit.AutoTests" name="[418] /home/travis/build/icyphy/ptII/ptolemy/actor/lib/test/auto/arrayType21.xml (RunModel)" time="0.01" />
  <testcase classname="ptolemy.util.test.junit.AutoTests" name="[419] /home/travis/build/icyphy/ptII/ptolemy/actor/lib/test/auto/arrayType22.xml (RunModel)" time="0.009" />
  <testcase classname="ptolemy.util.test.junit.AutoTests" name="[420] /home/travis/build/icyphy/ptII/ptolemy/actor/lib/test/auto/arrayType23.xml (RunModel)" time="0.01" />
  <testcase classname="ptolemy.util.test.junit.AutoTests" name="[421] /home/travis/build/icyphy/ptII/ptolemy/actor/lib/test/auto/arrayType24.xml (RunModel)" time="0.012" />
  <testcase classname="ptolemy.util.test.junit.AutoTests" name="[422] /home/travis/build/icyphy/ptII/ptolemy/actor/lib/test/auto/arrayType25.xml (RunModel)" time="0.01" />
  <testcase classname="ptolemy.util.test.junit.AutoTests" name="[423] /home/travis/build/icyphy/ptII/ptolemy/actor/lib/test/auto/arrayType26.xml (RunModel)" time="0.009" />
  <testcase classname="ptolemy.util.test.junit.AutoTests" name="[424] /home/travis/build/icyphy/ptII/ptolemy/actor/lib/test/auto/arrayType27.xml (RunModel)" time="0.009" />
  <testcase classname="ptolemy.util.test.junit.AutoTests" name="[425] /home/travis/build/icyphy/ptII/ptolemy/actor/lib/test/auto/arrayType28.xml (RunModel)" time="0.011" />
  <testcase classname="ptolemy.util.test.junit.AutoTests" name="[426] /home/travis/build/icyphy/ptII/ptolemy/actor/lib/test/auto/arrayType3.xml (RunModel)" time="0.009" />
  <testcase classname="ptolemy.util.test.junit.AutoTests" name="[427] /home/travis/build/icyphy/ptII/ptolemy/actor/lib/test/auto/arrayType4.xml (RunModel)" time="0.022" />
  <testcase classname="ptolemy.util.test.junit.AutoTests" name="[428] /home/travis/build/icyphy/ptII/ptolemy/actor/lib/test/auto/arrayType5.xml (RunModel)" time="0.011" />
  <testcase classname="ptolemy.util.test.junit.AutoTests" name="[429] /home/travis/build/icyphy/ptII/ptolemy/actor/lib/test/auto/arrayType6.xml (RunModel)" time="0.009" />
  <testcase classname="ptolemy.util.test.junit.AutoTests" name="[430] /home/travis/build/icyphy/ptII/ptolemy/actor/lib/test/auto/arrayType7.xml (RunModel)" time="0.009" />
  <testcase classname="ptolemy.util.test.junit.AutoTests" name="[431] /home/travis/build/icyphy/ptII/ptolemy/actor/lib/test/auto/arrayType8.xml (RunModel)" time="0.01" />
  <testcase classname="ptolemy.util.test.junit.AutoTests" name="[432] /home/travis/build/icyphy/ptII/ptolemy/actor/lib/test/auto/arrayType9.xml (RunModel)" time="0.009" />
  <testcase classname="ptolemy.util.test.junit.AutoTests" name="[433] /home/travis/build/icyphy/ptII/ptolemy/actor/lib/test/auto/cast.xml (RunModel)" time="0.01" />
  <testcase classname="ptolemy.util.test.junit.AutoTests" name="[434] /home/travis/build/icyphy/ptII/ptolemy/actor/lib/test/auto/compositeMultiPort.xml (RunModel)" time="0.018" />
  <testcase classname="ptolemy.util.test.junit.AutoTests" name="[435] /home/travis/build/icyphy/ptII/ptolemy/actor/lib/test/auto/expressionCastInference.xml (RunModel)" time="0.009" />
  <testcase classname="ptolemy.util.test.junit.AutoTests" name="[436] /home/travis/build/icyphy/ptII/ptolemy/actor/lib/test/auto/expressionCastInference2.xml (RunModel)" time="0.051" />
  <testcase classname="ptolemy.util.test.junit.AutoTests" name="[437] /home/travis/build/icyphy/ptII/ptolemy/actor/lib/test/auto/expressionInference.xml (RunModel)" time="0.026" />
  <testcase classname="ptolemy.util.test.junit.AutoTests" name="[438] /home/travis/build/icyphy/ptII/ptolemy/actor/lib/test/auto/expression_bug.xml (RunModel)" time="0.025" />
  <testcase classname="ptolemy.util.test.junit.AutoTests" name="[439] /home/travis/build/icyphy/ptII/ptolemy/actor/lib/test/auto/factorial.xml (RunModel)" time="0.126" />
  <testcase classname="ptolemy.util.test.junit.AutoTests" name="[440] /home/travis/build/icyphy/ptII/ptolemy/actor/lib/test/auto/filterTest1.xml (RunModel)" time="0.042" />
  <testcase classname="ptolemy.util.test.junit.AutoTests" name="[441] /home/travis/build/icyphy/ptII/ptolemy/actor/lib/test/auto/funcApplyInConst.xml (RunModel)" time="0.028" />
  <testcase classname="ptolemy.util.test.junit.AutoTests" name="[442] /home/travis/build/icyphy/ptII/ptolemy/actor/lib/test/auto/funcApplyInExpr.xml (RunModel)" time="0.01" />
  <testcase classname="ptolemy.util.test.junit.AutoTests" name="[443] /home/travis/build/icyphy/ptII/ptolemy/actor/lib/test/auto/function.xml (RunModel)" time="0.015" />
  <testcase classname="ptolemy.util.test.junit.AutoTests" name="[444] /home/travis/build/icyphy/ptII/ptolemy/actor/lib/test/auto/function2.xml (RunModel)" time="0.011" />
  <testcase classname="ptolemy.util.test.junit.AutoTests" name="[445] /home/travis/build/icyphy/ptII/ptolemy/actor/lib/test/auto/function3.xml (RunModel)" time="0.009" />
  <testcase classname="ptolemy.util.test.junit.AutoTests" name="[446] /home/travis/build/icyphy/ptII/ptolemy/actor/lib/test/auto/functionClosureTest1.xml (RunModel)" time="0.012" />
  <testcase classname="ptolemy.util.test.junit.AutoTests" name="[447] /home/travis/build/icyphy/ptII/ptolemy/actor/lib/test/auto/functionClosureTest2.xml (RunModel)" time="0.008" />
  <testcase classname="ptolemy.util.test.junit.AutoTests" name="[448] /home/travis/build/icyphy/ptII/ptolemy/actor/lib/test/auto/functionClosureTest3.xml (RunModel)" time="0.012" />
  <testcase classname="ptolemy.util.test.junit.AutoTests" name="[449] /home/travis/build/icyphy/ptII/ptolemy/actor/lib/test/auto/functionClosureTest4.xml (RunModel)" time="0.022" />
  <testcase classname="ptolemy.util.test.junit.AutoTests" name="[450] /home/travis/build/icyphy/ptII/ptolemy/actor/lib/test/auto/functionClosureTest5.xml (RunModel)" time="0.013" />
  <testcase classname="ptolemy.util.test.junit.AutoTests" name="[451] /home/travis/build/icyphy/ptII/ptolemy/actor/lib/test/auto/functionClosureTest6.xml (RunModel)" time="0.009" />
  <testcase classname="ptolemy.util.test.junit.AutoTests" name="[452] /home/travis/build/icyphy/ptII/ptolemy/actor/lib/test/auto/functionsOnArcs.xml (RunModel)" time="0.01" />
  <testcase classname="ptolemy.util.test.junit.AutoTests" name="[453] /home/travis/build/icyphy/ptII/ptolemy/actor/lib/test/auto/functionsOnArcsHOF.xml (RunModel)" time="0.014" />
  <testcase classname="ptolemy.util.test.junit.AutoTests" name="[454] /home/travis/build/icyphy/ptII/ptolemy/actor/lib/test/auto/logic.xml (RunModel)" time="0.019" />
  <testcase classname="ptolemy.util.test.junit.AutoTests" name="[455] /home/travis/build/icyphy/ptII/ptolemy/actor/lib/test/auto/matrixType.xml (RunModel)" time="0.011" />
  <testcase classname="ptolemy.util.test.junit.AutoTests" name="[456] /home/travis/build/icyphy/ptII/ptolemy/actor/lib/test/auto/matrixType10.xml (RunModel)" time="0.01" />
  <testcase classname="ptolemy.util.test.junit.AutoTests" name="[457] /home/travis/build/icyphy/ptII/ptolemy/actor/lib/test/auto/matrixType11.xml (RunModel)" time="0.009" />
  <testcase classname="ptolemy.util.test.junit.AutoTests" name="[458] /home/travis/build/icyphy/ptII/ptolemy/actor/lib/test/auto/matrixType12.xml (RunModel)" time="0.013" />
  <testcase classname="ptolemy.util.test.junit.AutoTests" name="[459] /home/travis/build/icyphy/ptII/ptolemy/actor/lib/test/auto/matrixType13.xml (RunModel)" time="0.009" />
  <testcase classname="ptolemy.util.test.junit.AutoTests" name="[460] /home/travis/build/icyphy/ptII/ptolemy/actor/lib/test/auto/matrixType14.xml (RunModel)" time="0.011" />
  <testcase classname="ptolemy.util.test.junit.AutoTests" name="[461] /home/travis/build/icyphy/ptII/ptolemy/actor/lib/test/auto/matrixType2.xml (RunModel)" time="0.01" />
  <testcase classname="ptolemy.util.test.junit.AutoTests" name="[462] /home/travis/build/icyphy/ptII/ptolemy/actor/lib/test/auto/matrixType3.xml (RunModel)" time="0.014" />
  <testcase classname="ptolemy.util.test.junit.AutoTests" name="[463] /home/travis/build/icyphy/ptII/ptolemy/actor/lib/test/auto/matrixType4.xml (RunModel)" time="0.01" />
  <testcase classname="ptolemy.util.test.junit.AutoTests" name="[464] /home/travis/build/icyphy/ptII/ptolemy/actor/lib/test/auto/matrixType5.xml (RunModel)" time="0.01" />
  <testcase classname="ptolemy.util.test.junit.AutoTests" name="[465] /home/travis/build/icyphy/ptII/ptolemy/actor/lib/test/auto/matrixType6.xml (RunModel)" time="0.01" />
  <testcase classname="ptolemy.util.test.junit.AutoTests" name="[466] /home/travis/build/icyphy/ptII/ptolemy/actor/lib/test/auto/matrixType7.xml (RunModel)" time="0.011" />
  <testcase classname="ptolemy.util.test.junit.AutoTests" name="[467] /home/travis/build/icyphy/ptII/ptolemy/actor/lib/test/auto/matrixType8.xml (RunModel)" time="0.01" />
  <testcase classname="ptolemy.util.test.junit.AutoTests" name="[468] /home/travis/build/icyphy/ptII/ptolemy/actor/lib/test/auto/matrixType9.xml (RunModel)" time="0.01" />
  <testcase classname="ptolemy.util.test.junit.AutoTests" name="[469] /home/travis/build/icyphy/ptII/ptolemy/actor/lib/test/auto/paraFunctest.xml (RunModel)" time="0.009" />
  <testcase classname="ptolemy.util.test.junit.AutoTests" name="[470] /home/travis/build/icyphy/ptII/ptolemy/actor/lib/test/auto/paraFunctest2.xml (RunModel)" time="0.015" />
  <testcase classname="ptolemy.util.test.junit.AutoTests" name="[471] /home/travis/build/icyphy/ptII/ptolemy/actor/lib/test/auto/parameterPassing.xml (RunModel)" time="0.009" />
  <testcase classname="ptolemy.util.test.junit.AutoTests" name="[472] /home/travis/build/icyphy/ptII/ptolemy/actor/lib/test/auto/record.xml (RunModel)" time="0.011" />
  <testcase classname="ptolemy.util.test.junit.AutoTests" name="[473] /home/travis/build/icyphy/ptII/ptolemy/actor/lib/test/auto/sizedarray1.xml (RunModel)" time="0.011" />
  <testcase classname="ptolemy.util.test.junit.AutoTests" name="[474] /home/travis/build/icyphy/ptII/ptolemy/actor/lib/test/auto/sizedarray2.xml (RunModel)" time="0.013" />
  <testcase classname="ptolemy.util.test.junit.AutoTests" name="[475] /home/travis/build/icyphy/ptII/ptolemy/actor/lib/test/auto/twoPublishers.xml (RunModel)" time="0.027" />
  <system-out><![CDATA[/home/travis/build/icyphy/ptII/ptolemy/actor/lib/test/AbsoluteValue.tcl
testDefs.tcl: setting time out to 9000 seconds at Tue Nov 05 06:17:56 UTC 2019
98 ms. Memory: 120832K Free: 85960K (71%)
5 ms. Memory: 120832K Free: 84415K (70%)
5 ms. Memory: 120832K Free: 83398K (69%)
6 ms. Memory: 120832K Free: 82888K (69%)
/home/travis/build/icyphy/ptII/ptolemy/actor/lib/test/AddSubtract.tcl
11 ms. Memory: 120832K Free: 80840K (67%)
7 ms. Memory: 120832K Free: 79816K (66%)
7 ms. Memory: 120832K Free: 79302K (66%)
9 ms. Memory: 120832K Free: 78263K (65%)
94 ms. Memory: 120832K Free: 75720K (63%)
14 ms. Memory: 120832K Free: 74696K (62%)
/home/travis/build/icyphy/ptII/ptolemy/actor/lib/test/Average.tcl
23 ms. Memory: 120832K Free: 73143K (61%)
9 ms. Memory: 120832K Free: 71624K (59%)
/home/travis/build/icyphy/ptII/ptolemy/actor/lib/test/Bernoulli.tcl
5 ms. Memory: 120832K Free: 70071K (58%)
4 ms. Memory: 120832K Free: 70071K (58%)
/home/travis/build/icyphy/ptII/ptolemy/actor/lib/test/Clock.tcl
preinitializing
resolving types
initializing
executing number 1
wrapping up
idle
44 ms. Memory: 120832K Free: 67014K (55%)
Completed execution with 5 iterations
preinitializing
resolving types
initializing
executing number 1
wrapping up
idle
5 ms. Memory: 120832K Free: 66504K (55%)
Completed execution with 5 iterations
preinitializing
resolving types
initializing
executing number 1
wrapping up
idle
4 ms. Memory: 120832K Free: 65983K (55%)
Completed execution with 5 iterations
/home/travis/build/icyphy/ptII/ptolemy/actor/lib/test/Commutator.tcl
18 ms. Memory: 120832K Free: 63942K (53%)
17 ms. Memory: 120832K Free: 62903K (52%)
11 ms. Memory: 120832K Free: 57288K (47%)
/home/travis/build/icyphy/ptII/ptolemy/actor/lib/test/Const.tcl
7 ms. Memory: 120832K Free: 55735K (46%)
3 ms. Memory: 120832K Free: 55240K (46%)
9 ms. Memory: 120832K Free: 54726K (45%)
10 ms. Memory: 120832K Free: 54216K (45%)
6 ms. Memory: 120832K Free: 53192K (44%)
30 ms. Memory: 120832K Free: 51654K (43%)
10 ms. Memory: 120832K Free: 50615K (42%)
4 ms. Memory: 120832K Free: 49606K (41%)
/home/travis/build/icyphy/ptII/ptolemy/actor/lib/test/CurrentTime.tcl
preinitializing
resolving types
initializing
executing number 1
wrapping up
idle
9 ms. Memory: 120832K Free: 48072K (40%)
Completed execution with 11 iterations
/home/travis/build/icyphy/ptII/ptolemy/actor/lib/test/DB.tcl
8 ms. Memory: 120832K Free: 46024K (38%)
32 ms. Memory: 120832K Free: 107009K (89%)
13 ms. Memory: 120832K Free: 106499K (88%)
/home/travis/build/icyphy/ptII/ptolemy/actor/lib/test/DiscreteRandomSource.tcl
preinitializing
resolving types
initializing
executing number 1
wrapping up
idle
10 ms. Memory: 120832K Free: 105473K (87%)
Completed execution with 4 iterations
preinitializing
resolving types
initializing
executing number 1
wrapping up
idle
6 ms. Memory: 120832K Free: 104961K (87%)
Completed execution with 4 iterations
preinitializing
resolving types
initializing
executing number 1
wrapping up
idle
3 ms. Memory: 120832K Free: 104451K (86%)
Completed execution with 4 iterations
preinitializing
resolving types
initializing
executing number 1
wrapping up
idle
3 ms. Memory: 120832K Free: 103922K (86%)
Completed execution with 4 iterations
preinitializing
resolving types
initializing
executing number 1
wrapping up
idle
13 ms. Memory: 120832K Free: 103427K (86%)
Completed execution with 4 iterations
/home/travis/build/icyphy/ptII/ptolemy/actor/lib/test/Distributor.tcl
11 ms. Memory: 120832K Free: 101858K (84%)
8 ms. Memory: 120832K Free: 101379K (84%)
StreamChangeRequest.changeExecuted(): <deleteEntity name="rec2"/> succeeded
StreamChangeRequest.changeExecuted(): <deleteRelation name="r2"/> succeeded
5 ms. Memory: 120832K Free: 105140K (87%)
/home/travis/build/icyphy/ptII/ptolemy/actor/lib/test/Exit.tcl
Exit.tcl: this will print a message about Manager.exitAfterWrapup, which can be ignored.
11 ms. Memory: 120832K Free: 102140K (85%)
/home/travis/build/icyphy/ptII/ptolemy/actor/lib/test/Expression.tcl
25 ms. Memory: 120832K Free: 98699K (82%)
13 ms. Memory: 120832K Free: 97646K (81%)
6 ms. Memory: 120832K Free: 97043K (80%)
preinitializing
resolving types
initializing
executing number 1
wrapping up
idle
16 ms. Memory: 120832K Free: 95606K (79%)
Completed execution with 6 iterations
10 ms. Memory: 120832K Free: 94581K (78%)
4 ms. Memory: 120832K Free: 93971K (78%)
6 ms. Memory: 120832K Free: 92555K (77%)
7 ms. Memory: 120832K Free: 91320K (76%)
10 ms. Memory: 120832K Free: 89889K (74%)
/home/travis/build/icyphy/ptII/ptolemy/actor/lib/test/Gaussian.tcl
13 ms. Memory: 120832K Free: 88248K (73%)
sleeping 1 seconds: .................................................................................................................................................................................................................................................................................................................................................................................................................................................................................................................................................................................................................................................................................................................................................................................................................................................................................................................................................................................................................................................................................................................................................................................................................................................................................................................................................................................................................................................................................................................................................................................................................................................................................................................................................................................................................................................................................................................................................................................................................................................................................................................................................................................................................................................................................................................................................................................................................................................................................................................................................................................................................................................................................................................................................................................................................................................................................................................................................................................................................................................................................................................................................................................................................................................................................................................................................................................................................................................................................................................................................................................................................................................................................................................................................................................................................................................................................................................................................................................................................................................................................................................................................................................................................................................................................................................................................................................................................................................................................................................................................................................................................................................................................................................................................................................................................................................................................................................................................................................................................................................................................................................................................................................................................................................................................................................................................................................................................................................................................................................................................................................................................................................................................................................................................................................................................................................................................................................................................................................................................................................................................................................................................................................................................................................................................................................................................................................................................................................................................................................................................................................................................................................................................................................................................................................................................................................................................................................................................................................................................................................................................................................................................................................................................................................................................................................................................................................................................................................................................................................................................................................................................................................................................................................................................................................................................................................................................................................................................................................................................................................................................................................................................................................................................................................................................................................................................................................................................................................................................................................................................................................................................................................................................................................................................................................................................................................................................................................................................................................................................................................................................................................................................................................................................................................................................................................................................................................................................................................................................................................................................................................................................................................................................................................................................................................................................................................................................................................................................................................................................................................................................................................................................................................................................................................................................................................................................................................................................................................................................................................................................................................................................................................................................................................................................................................................................................................................................................................................................................................................................................................................................................................................................................................................................................................................................................................................................................................................................................................................................................................................................................................................................................................................................................................................................................................................................................................................................................................................................................................................................................................................................................................................................................................................................................................................................................................................................................................................................................................................................................................................................................................................................................................................................................................................................................................................................................................................................................................................................................................................................................................................................................................................................................................................................................................................................................................................................................................................................................................................................................................................................................................................................................................................................................................................................................................................................................................................................................................................................................................................................................................................................................................................................................................................................................................................................................................................................................................................................................................................................................................................................................................................................................................................................................................................................................................................................................................................................................................................................................................................................................................................................................................................................................................................................................................................................................................................................................................................................................................................................................................................................................................................................................................................................................................................................................................................................................................................................................................................................................................................................................................................................................................................................................................................................................................................................................................................................................................................................................................................................................................................................................................................................................................................................................................................................................................................................................................................................................................................................................................................................................................................................................................................................................................................................................................................................................................................................................................................................................................................................................................................................................................................................................................................................................................................................................................................................................................................................................................................................................................................................................................................................................................................................................................................................................................................................................................................................................................................................................................................................................................................................................................................................................................................................................................................................................................................................................................................................................................................................................................................................................................................................................................................................................................................................................................................................................................................................................................................................................................................................................................................................................................................................................................................................................................................................................................................................................................................................................................................................................................................................................................................................................................................................................................................................................................................................................................................................................................................................................................................................................................................................................................................................................................................................................................................................................................................................................................................................................................................................................................................................................................................................................................................................................................................................................................................................................................................................................................................................................................................................................................................................................................................................................................................................................................................................................................................................................................................................................................................................................................................................................................................................................................................................................................................................................................................................................................................................................................................................................................................................................................................................................................................................................................................................................................................................................................................................................................................................................................................................................................................................................................................................................................................................................................................................................................................................................................................................................................................................................................................................................................................................................................................................................................................................................................................................................................................................................................................................................................................................................................................................................................................................................................................................................................................................................................................................................................................................................................................................................................................................................................................................................................................................................................................................................................................................................................................................................................................................................................................................................................................................................................................................................................................................................................................................................................................................................................................................................................................................................................................................................................................................................................................................................................................................................................................................................................................................................................................................................................................................................................................................................................................................................................................................................................................................................................................................................................................................................................................................................................................................................................................................................................................................................................................................................................................................................................................................................................................................................................................................................................................................................................................................................................................................................................................................................................................................................................................................................................................................................................................................................................................................................................................................................................................................................................................................................................................................................................................................................................................................................................................................................................................................................................................................................................................................................................................................................................................................................................................................................................................................................................................................................................................................................................................................................................................................................................................................................................................................................................................................................................................................................................................................................................................................................................................................................................................................................................................................................................................................................................................................................................................................................................................................................................................................................................................................................................................................................................................................................................................................................................................................................................................................................................................................................................................................................................................................................................................................................................................................................................................................................................................................................................................................................................................................................................................................................................................................................................................................................................................................................................................................................................................................................................................................................................................................................................................................................................................................................................................................................................................................................................................................................................................................................................................................................................................................................................................................................................................................................................................................................................................................................................................................................................................................................................................................................................................................................................................................................................................................................................................................................................................................................................................................................................................................................................................................................................................................................................................................................................................................................................................................................................................................................................................................................................................................................................................................................................................................................................................................................................................................................................................................................................................................................................................................................................................................................................................................................................................................................................................................................................................................................................................................................................................................................................................................................................................................................................................................................................................................................................................................................................................................................................................................................................................................................................................................................................................................................................................................................................................................................................................................................................................................................................................................................................................................................................................................................................................................................................................................................................................................................................................................................................................................................................................................................................................................................................................................................................................................................................................................................................................................................................................................................................................................................................................................................................................................................................................................................................................................................................................................................................................................................................................................................................................................................................................................................................................................................................................................................................................................................................................................................................................................................................................................................................................................................................................................................................................................................................................................................................................................................................................................................................................................................................................................................................................................................................................................................................................................................................................................................................................................................................................................................................................................................................................................................................................................................................................................................................................................................................................................................................................................................................................................................................................................................................................................................................................................................................................................................................................................................................................................................................................................................................................................................................................................................................................................................................................................................................................................................................................................................................................................................................................................................................................................................................................................................................................................................................................................................................................................................................................................................................................................................................................................................................................................................................................................................................................................................................................................................................................................................................................................................................................................................................................................................................................................................................................................................................................................................................................................................................................................................................................................................................................................................................................................................................................................................................................................................................................................................................................................................................................................................................................................................................................................................................................................................................................................................................................................................................................................................................................................................................................................................................................................................................................................................................................................................................................................................................................................................................................................................................................................................................................................................................................................................................................................................................................................................................................................................................................................................................................................................................................................................................................................................................................................................................................................................................................................................................................................................................................................................................................................................................................................................................................................................................................................................................................................................................................................................................................................................................................................................................................................................................................................................................................................................................................................................................................................................................................................................................................................................................................................................................................................................................................................................................................................................................................................................................................................................................................................................................................................................................................................................................................................................................................................................................................................................................................................................................................................................................................................................................................................................................................................................................................................................................................................................................................................................................................................................................................................................................................................................................................................................................................................................................................................................................................................................................................................................................................................................................................................................................................................................................................................................................................................................................................................................................................................................................................................................................................................................................................................................................................................................................................................................................................................................................................................................................................................................................................................................................................................................................................................................................................................................................................................................................................................................................................................................................................................................................................................................................................................................................................................................................................................................................................................................................................................................................................................................................................................................................................................................................................................................................................................................................................................................................................................................................................................................................................................................................................................................................................................................................................................................................................................................................................................................................................................................................................................................................................................................................................................................................................................................................................................................................................................................................................................................................................................................................................................................................................................................................................................................................................................................................................................................................................................................................................................................................................................................................................................................................................................................................................................................................................................................................................................................................................................................................................................................................................................................................................................................................................................................................................................................................................................................................................................................................................................................................................................................................................................................................................................................................................................................................................................................................................................................................................................................................................................................................................................................................................................................................................................................................................................................................................................................................................................................................................................................................................................................................................................................................................................................................................................................................................................................................................................................................................................................................................................................................................................................................................................................................................................................................................................................................................................................................................................................................................................................................................................................................................................................................................................................................................................................................................................................................................................................................................................................................................................................................................................................................................................................................................................................................................................................................................................................................................................................................................................................................................................................................................................................................................................................................................................................................................................................................................................................................................................................................................................................................................................................................................................................................................................................................................................................................................................................................................................................................................................................................................................................................................................................................................................................................................................................................................................................................................................................................................................................................................................................................................................................................................................................................................................................................................................................................................................................................................................................................................................................................................................................................................................................................................................................................................................................................................................................................................................................................................................................................................................................................................................................................................................................................................................................................................................................................................................................................................................................................................................................................................................................................................................................................................................................................................................................................................................................................................................................................................................................................................................................................................................................................................................................................................................................................................................................................................................................................................................................................................................................................................................................................................................................................................................................................................................................................................................................................................................................................................................................................................................................................................................................................................................................................................................................................................................................................................................................................................................................................................................................................................................................................................................................................................................................................................................................................................................................................................................................................................................................................................................................................................................................................................................................................................................................................................................................................................................................................................................................................................................................................................................................................................................................................................................................................................................................................................................................................................................................................................................................................................................................................................................................................................................................................................................................................................................................................................................................................................................................................................................................................................................................................................................................................................................................................................................................................................................................................................................................................................................................................................................................................................................................................................................................................................................................................................................................................................................................................................................................................................................................................................................................................................................................................................................................................................................................................................................................................................................................................................................................................................................................................................................................................................................................................................................................................................................................................................................................................................................................................................................................................................................................................................................................................................................................................................................................................................................................................................................................................................................................................................................................................................................................................................................................................................................................................................................................................................................................................................................................................................................................................................................................................................................................................................................................................................................................................................................................................................................................................................................................................................................................................................................................................................................................................................................................................................................................................................................................................................................................................................................................................................................................................................................................................................................................................................................................................................................................................................................................................................................................................................................................................................................................................................................................................................................................................................................................................................................................................................................................................................................................................................................................................................................................................................................................................................................................................................................................................................................................................................................................................................................................................................................................................................................................................................................................................................................................................................................................................................................................................................................................................................................................................................................................................................................................................................................................................................................................................................................................................................................................................................................................................................................................................................................................................................................................................................................................................................................................................................................................................................................................................................................................................................4 ms. Memory: 150528K Free: 133190K (88%)
7 ms. Memory: 150528K Free: 132646K (88%)
2 ms. Memory: 150528K Free: 131652K (87%)
2 ms. Memory: 150528K Free: 131142K (87%)
3 ms. Memory: 150528K Free: 130598K (87%)
/home/travis/build/icyphy/ptII/ptolemy/actor/lib/test/IIR.tcl
/home/travis/build/icyphy/ptII/ptolemy/actor/lib/test/Interpolator.tcl
4 ms. Memory: 150528K Free: 127046K (84%)
2 ms. Memory: 150528K Free: 126022K (84%)
3 ms. Memory: 150528K Free: 125508K (83%)
5 ms. Memory: 150528K Free: 124998K (83%)
9 ms. Memory: 150528K Free: 124470K (83%)
2 ms. Memory: 150528K Free: 123460K (82%)
2 ms. Memory: 150528K Free: 122406K (81%)
12 ms. Memory: 150528K Free: 121406K (81%)
2 ms. Memory: 150528K Free: 120902K (80%)
5 ms. Memory: 150528K Free: 119878K (80%)
/home/travis/build/icyphy/ptII/ptolemy/actor/lib/test/MathFunction.tcl
6 ms. Memory: 150528K Free: 117830K (78%)
14 ms. Memory: 150528K Free: 116806K (78%)
2 ms. Memory: 150528K Free: 115782K (77%)
11 ms. Memory: 150528K Free: 114758K (76%)
15 ms. Memory: 150528K Free: 113734K (76%)
12 ms. Memory: 150528K Free: 111686K (74%)
/home/travis/build/icyphy/ptII/ptolemy/actor/lib/test/Maximum.tcl
7 ms. Memory: 150528K Free: 109638K (73%)
4 ms. Memory: 150528K Free: 109118K (72%)
7 ms. Memory: 150528K Free: 108614K (72%)
5 ms. Memory: 150528K Free: 107590K (71%)
/home/travis/build/icyphy/ptII/ptolemy/actor/lib/test/Minimum.tcl
8 ms. Memory: 150528K Free: 106052K (70%)
11 ms. Memory: 150528K Free: 105542K (70%)
3 ms. Memory: 150528K Free: 104518K (69%)
3 ms. Memory: 150528K Free: 104004K (69%)
/home/travis/build/icyphy/ptII/ptolemy/actor/lib/test/MultiplyDivide.tcl
11 ms. Memory: 150528K Free: 101956K (68%)
9 ms. Memory: 150528K Free: 101446K (67%)
6 ms. Memory: 150528K Free: 100422K (67%)
4 ms. Memory: 150528K Free: 99894K (66%)
2 ms. Memory: 150528K Free: 99398K (66%)
/home/travis/build/icyphy/ptII/ptolemy/actor/lib/test/OrderedMerge.tcl
Connections changed on port: inputA
Connections changed on port: inputB
Connections changed on port: output
Connections changed on port: output
Connections changed on port: output
Connections changed on port: input
.top. Preinitializing ...
Invoking preinitialize():  .top.OrderedMerge
Called preinitialize()
Invoking preinitialize():  .top.Ramp
Called preinitialize()
Invoking preinitialize():  .top.Ramp2
Called preinitialize()
Invoking preinitialize():  .top.Test
Called preinitialize()
Connections changed on port: inputA
Connections changed on port: output
Connections changed on port: output
Connections changed on port: input
Connections changed on port: inputB
Connections changed on port: output
.top. Finished preinitialize().
Called initialize().
Invoking initialize():  .top.OrderedMerge
Initializing actor: .top.OrderedMerge
Adding a thread: .top.OrderedMerge
Invoking initialize():  .top.Ramp
Initializing actor: .top.Ramp
Adding a thread: .top.Ramp
Invoking initialize():  .top.Ramp2
Initializing actor: .top.Ramp2
Adding a thread: .top.Ramp2
Invoking initialize():  .top.Test
Initializing actor: .top.Test
Adding a thread: .top.Test
Called fire().
Checking for deadlock:
-- Starting thread.
Called initialize()
Called prefire()
Called fire()
-- Starting thread.
Called initialize()
There are 0 Blocked actors, 0 Stopped actors, and 4 active threads.
Waiting for actors to stop.
-- Starting thread.
Called initialize()
Checking for deadlock:
Called prefire()
Called prefire()
There are 1 Blocked actors, 0 Stopped actors, and 4 active threads.
Waiting for actors to stop.
-- Starting thread.
Called fire()
Called initialize()
Called prefire()
Called fire()
Called fire()
Called postfire()
Called prefire()
Called fire()
Checking for deadlock:
There are 2 Blocked actors, 0 Stopped actors, and 4 active threads.
Waiting for actors to stop.
Called postfire()
Called prefire()
Called fire()
Read input token from inputA with value 0.0
Called postfire()
Called prefire()
Called fire()
Checking for deadlock:
There are 3 Blocked actors, 0 Stopped actors, and 4 active threads.
Waiting for actors to stop.
Next port to read input from is inputB
Called postfire()
Called prefire()
Called fire()
Read input token from inputB with value 0.0
Checking for deadlock:
There are 2 Blocked actors, 0 Stopped actors, and 4 active threads.
Waiting for actors to stop.
Called postfire()
Called prefire()
Called fire()
Checking for deadlock:
There are 2 Blocked actors, 0 Stopped actors, and 4 active threads.
Waiting for actors to stop.
Sent output token with value 0.0
-- Read input: 0.0, which is expected to match: 0.0
Called prefire()
Next port to read input from is inputA
Called fire()
Called postfire()
Called prefire()
Called fire()
Checking for deadlock:
There are 3 Blocked actors, 0 Stopped actors, and 4 active threads.
Waiting for actors to stop.
Checking for deadlock:
There are 2 Blocked actors, 0 Stopped actors, and 4 active threads.
Waiting for actors to stop.
Called postfire()
Called prefire()
Called fire()
Checking for deadlock:
Read input token from inputA with value 1.0
There are 3 Blocked actors, 0 Stopped actors, and 4 active threads.
Waiting for actors to stop.
Sent output token with value 0.0
Next port to read input from is inputB
Called postfire()
Called prefire()
Called fire()
Read input token from inputB with value 1.5
Checking for deadlock:
There are 2 Blocked actors, 0 Stopped actors, and 4 active threads.
Waiting for actors to stop.
Called postfire()
Called prefire()
-- Read input: 0.0, which is expected to match: 0.0
Called fire()
Called prefire()
Called fire()
Checking for deadlock:
There are 3 Blocked actors, 0 Stopped actors, and 4 active threads.
Waiting for actors to stop.
-- Read input: 1.0, which is expected to match: 1.0
Called prefire()
Called fire()
Checking for deadlock:
There are 3 Blocked actors, 0 Stopped actors, and 4 active threads.
Waiting for actors to stop.
Sent output token with value 1.0
Next port to read input from is inputA
Called postfire()
Called prefire()
Called fire()
Called postfire()
Called prefire()
Called fire()
Checking for deadlock:
There are 3 Blocked actors, 0 Stopped actors, and 4 active threads.
Waiting for actors to stop.
Read input token from inputA with value 2.0
-- Read input: 1.5, which is expected to match: 1.5
Called prefire()
Called fire()
Checking for deadlock:
There are 3 Blocked actors, 0 Stopped actors, and 4 active threads.
Waiting for actors to stop.
Sent output token with value 1.5
Next port to read input from is inputB
Called postfire()
Called prefire()
Called fire()
Checking for deadlock:
There are 2 Blocked actors, 0 Stopped actors, and 4 active threads.
Waiting for actors to stop.
Called postfire()
Called prefire()
Called fire()
Checking for deadlock:
There are 3 Blocked actors, 0 Stopped actors, and 4 active threads.
Waiting for actors to stop.
Read input token from inputB with value 3.0
Checking for deadlock:
There are 2 Blocked actors, 0 Stopped actors, and 4 active threads.
Waiting for actors to stop.
-- Read input: 2.0, which is expected to match: 2.0
Called prefire()
Called fire()
Checking for deadlock:
There are 3 Blocked actors, 0 Stopped actors, and 4 active threads.
Waiting for actors to stop.
Sent output token with value 2.0
Next port to read input from is inputA
Called postfire()
Called prefire()
Called fire()
Called postfire()
Called prefire()
Called fire()
Checking for deadlock:
There are 3 Blocked actors, 0 Stopped actors, and 4 active threads.
Waiting for actors to stop.
Read input token from inputA with value 3.0
-- Read input: 3.0, which is expected to match: 3.0
Called prefire()
Called fire()
Checking for deadlock:
There are 3 Blocked actors, 0 Stopped actors, and 4 active threads.
Waiting for actors to stop.
Sent output token with value 3.0
Next port to read input from is inputB
Called postfire()
Called prefire()
Called fire()
Checking for deadlock:
There are 2 Blocked actors, 0 Stopped actors, and 4 active threads.
Waiting for actors to stop.
Called postfire()
Called prefire()
Called fire()
Checking for deadlock:
There are 3 Blocked actors, 0 Stopped actors, and 4 active threads.
Waiting for actors to stop.
Read input token from inputB with value 4.5
Checking for deadlock:
There are 2 Blocked actors, 0 Stopped actors, and 4 active threads.
Waiting for actors to stop.
-- Read input: 3.0, which is expected to match: 3.0
Called prefire()
Called fire()
Checking for deadlock:
There are 3 Blocked actors, 0 Stopped actors, and 4 active threads.
Waiting for actors to stop.
Sent output token with value 3.0
Next port to read input from is inputA
Called postfire()
Called prefire()
Called fire()
Called postfire()
Called prefire()
Called fire()
Checking for deadlock:
There are 3 Blocked actors, 0 Stopped actors, and 4 active threads.
Waiting for actors to stop.
Read input token from inputA with value 4.0
-- Read input: 4.0, which is expected to match: 4.0
Called prefire()
Called fire()
Past the end of training data. Read and discard all inputs.
Checking for deadlock:
There are 3 Blocked actors, 0 Stopped actors, and 4 active threads.
Waiting for actors to stop.
Sent output token with value 4.0
Next port to read input from is inputA
Called postfire()
Called prefire()
Called fire()
Called postfire()
Called prefire()
Called fire()
Checking for deadlock:
There are 3 Blocked actors, 0 Stopped actors, and 4 active threads.
Waiting for actors to stop.
Read input token from inputA with value 5.0
Called prefire()
Called fire()
Past the end of training data. Read and discard all inputs.
Checking for deadlock:
There are 3 Blocked actors, 0 Stopped actors, and 4 active threads.
Waiting for actors to stop.
Sent output token with value 4.5
Next port to read input from is inputB
Called postfire()
Called prefire()
Called fire()
Checking for deadlock:
There are 2 Blocked actors, 0 Stopped actors, and 4 active threads.
Waiting for actors to stop.
Called postfire()
Called prefire()
Called fire()
Checking for deadlock:
There are 3 Blocked actors, 0 Stopped actors, and 4 active threads.
Waiting for actors to stop.
Read input token from inputB with value 6.0
Checking for deadlock:
There are 2 Blocked actors, 0 Stopped actors, and 4 active threads.
Waiting for actors to stop.
Called prefire()
Called fire()
Past the end of training data. Read and discard all inputs.
Checking for deadlock:
There are 3 Blocked actors, 0 Stopped actors, and 4 active threads.
Waiting for actors to stop.
Sent output token with value 5.0
Next port to read input from is inputA
Called postfire()
Called prefire()
Called fire()
Called postfire()
Called prefire()
Called fire()
Checking for deadlock:
There are 3 Blocked actors, 0 Stopped actors, and 4 active threads.
Waiting for actors to stop.
Read input token from inputA with value 6.0
Called prefire()
Called fire()
Past the end of training data. Read and discard all inputs.
Checking for deadlock:
There are 3 Blocked actors, 0 Stopped actors, and 4 active threads.
Waiting for actors to stop.
Sent output token with value 6.0
Next port to read input from is inputB
Called postfire()
Called prefire()
Called fire()
Checking for deadlock:
There are 2 Blocked actors, 0 Stopped actors, and 4 active threads.
Waiting for actors to stop.
Called postfire()
Called prefire()
Called fire()
Checking for deadlock:
There are 3 Blocked actors, 0 Stopped actors, and 4 active threads.
Waiting for actors to stop.
Read input token from inputB with value 7.5
Checking for deadlock:
There are 2 Blocked actors, 0 Stopped actors, and 4 active threads.
Waiting for actors to stop.
Called prefire()
Called fire()
Past the end of training data. Read and discard all inputs.
Checking for deadlock:
There are 3 Blocked actors, 0 Stopped actors, and 4 active threads.
Waiting for actors to stop.
Sent output token with value 6.0
Next port to read input from is inputA
Called postfire()
Called prefire()
Called fire()
Called postfire()
Called prefire()
Called fire()
Checking for deadlock:
There are 3 Blocked actors, 0 Stopped actors, and 4 active threads.
Waiting for actors to stop.
Read input token from inputA with value 7.0
Called prefire()
Called fire()
Past the end of training data. Read and discard all inputs.
Checking for deadlock:
There are 3 Blocked actors, 0 Stopped actors, and 4 active threads.
Waiting for actors to stop.
Sent output token with value 7.0
Next port to read input from is inputA
Called postfire()
Called prefire()
Called fire()
-- Thread wrapup() called.
Called wrapup()
Thread .top.Ramp is exiting.
-- Thread stopped.
Checking for deadlock:
There are 2 Blocked actors, 0 Stopped actors, and 3 active threads.
Waiting for actors to stop.
Read input token from inputA with value 8.0
Checking for deadlock:
There are 1 Blocked actors, 0 Stopped actors, and 3 active threads.
Waiting for actors to stop.
Called prefire()
Called fire()
Past the end of training data. Read and discard all inputs.
Checking for deadlock:
There are 2 Blocked actors, 0 Stopped actors, and 3 active threads.
Waiting for actors to stop.
Sent output token with value 7.5
Next port to read input from is inputB
Called postfire()
Called prefire()
Called fire()
Checking for deadlock:
There are 1 Blocked actors, 0 Stopped actors, and 3 active threads.
Waiting for actors to stop.
Called postfire()
Called prefire()
Called fire()
Checking for deadlock:
There are 2 Blocked actors, 0 Stopped actors, and 3 active threads.
Waiting for actors to stop.
Read input token from inputB with value 9.0
Checking for deadlock:
There are 1 Blocked actors, 0 Stopped actors, and 3 active threads.
Waiting for actors to stop.
Called prefire()
Called fire()
Past the end of training data. Read and discard all inputs.
Checking for deadlock:
There are 2 Blocked actors, 0 Stopped actors, and 3 active threads.
Waiting for actors to stop.
Sent output token with value 8.0
Next port to read input from is inputA
Called postfire()
Called prefire()
Called fire()
Read input token from inputA with value 9.0
Called prefire()
Called fire()
Past the end of training data. Read and discard all inputs.
Checking for deadlock:
There are 2 Blocked actors, 0 Stopped actors, and 3 active threads.
Waiting for actors to stop.
Sent output token with value 9.0
Next port to read input from is inputB
Called postfire()
Called prefire()
Called fire()
Called postfire()
Called prefire()
Called fire()
Checking for deadlock:
There are 2 Blocked actors, 0 Stopped actors, and 3 active threads.
Waiting for actors to stop.
Read input token from inputB with value 10.5
Called prefire()
Called fire()
Past the end of training data. Read and discard all inputs.
Checking for deadlock:
There are 2 Blocked actors, 0 Stopped actors, and 3 active threads.
Waiting for actors to stop.
Sent output token with value 9.0
Next port to read input from is inputA
Called postfire()
Called prefire()
Called fire()
Checking for deadlock:
There are 3 Blocked actors, 0 Stopped actors, and 3 active threads.
Actors have stopped.
Checking for deadlock:
There are 3 Blocked actors, 0 Stopped actors, and 3 active threads.
Deadlock detected.
Resolving Deadlock
Checking for deadlock:
There are 3 Blocked actors, 0 Stopped actors, and 3 active threads.
Artificial Deadlock - increasing queue capacity.
increasing the capacity of receiver ptolemy.actor.TypedIOPort {.top.OrderedMerge.inputB} to 2
Director: Called postfire().
Called postfire().
_stopRequested = false
_stopFireRequested = false
Returning from postfire(): true
Called fire().
Checking for deadlock:
There are 2 Blocked actors, 0 Stopped actors, and 3 active threads.
Waiting for actors to stop.
-- Thread wrapup() called.
Called wrapup()
Thread .top.Ramp2 is exiting.
-- Thread stopped.
Checking for deadlock:
There are 2 Blocked actors, 0 Stopped actors, and 2 active threads.
Actors have stopped.
Checking for deadlock:
There are 2 Blocked actors, 0 Stopped actors, and 2 active threads.
Deadlock detected.
Resolving Deadlock
Checking for deadlock:
There are 2 Blocked actors, 0 Stopped actors, and 2 active threads.
Deadlock detected: no processes blocked on write, but some are blocked on read.
Called postfire().
_stopRequested = false
_stopFireRequested = false
Returning from postfire(): false
Finished deactivating branches.
Called wrapup().
-- Thread wrapup() called.
Called wrapup()
Thread .top.Test is exiting.
-- Thread stopped.
-- Blocked Receiver call threw TerminateProcessException.
-- Thread wrapup() called.
Called wrapup()
Thread .top.OrderedMerge is exiting.
-- Thread stopped.
-- Blocked Receiver call threw TerminateProcessException.
75 ms. Memory: 150528K Free: 94278K (63%)
.top. Preinitializing ...
Invoking preinitialize():  .top.OrderedMerge
Called preinitialize()
Invoking preinitialize():  .top.Ramp
Called preinitialize()
Invoking preinitialize():  .top.Ramp2
Called preinitialize()
Invoking preinitialize():  .top.Test
Called preinitialize()
.top. Finished preinitialize().
Called initialize().
Invoking initialize():  .top.OrderedMerge
Initializing actor: .top.OrderedMerge
Adding a thread: .top.OrderedMerge
Invoking initialize():  .top.Ramp
Initializing actor: .top.Ramp
Adding a thread: .top.Ramp
Invoking initialize():  .top.Ramp2
Initializing actor: .top.Ramp2
Adding a thread: .top.Ramp2
Invoking initialize():  .top.Test
Initializing actor: .top.Test
Adding a thread: .top.Test
-- Starting thread.
Called initialize()
Called prefire()
Called fire()
-- Starting thread.
Called initialize()
Called prefire()
Called fire()
Called postfire()
Called prefire()
Called fire()
-- Starting thread.
Called initialize()
Called prefire()
Called fire()
Called postfire()
Called prefire()
Called fire()
Called fire().
Checking for deadlock:
There are 3 Blocked actors, 0 Stopped actors, and 4 active threads.
Waiting for actors to stop.
-- Starting thread.
Called initialize()
Called prefire()
Called fire()
Checking for deadlock:
There are 2 Blocked actors, 0 Stopped actors, and 4 active threads.
Waiting for actors to stop.
Called postfire()
Called prefire()
Called fire()
Checking for deadlock:
There are 3 Blocked actors, 0 Stopped actors, and 4 active threads.
Waiting for actors to stop.
Read input token from inputA with value 0.0
Next port to read input from is inputB
Called postfire()
Called prefire()
Called fire()
Called postfire()
Called prefire()
Called fire()
Checking for deadlock:
There are 3 Blocked actors, 0 Stopped actors, and 4 active threads.
Waiting for actors to stop.
Read input token from inputB with value 0.0
Checking for deadlock:
There are 2 Blocked actors, 0 Stopped actors, and 4 active threads.
Waiting for actors to stop.
-- Read input: 0.0, which is expected to match: 0.0
Sent output token with value 0.0
Called prefire()
Called fire()
Checking for deadlock:
There are 3 Blocked actors, 0 Stopped actors, and 4 active threads.
Waiting for actors to stop.
Next port to read input from is inputA
Called postfire()
Called prefire()
Called fire()
Checking for deadlock:
There are 2 Blocked actors, 0 Stopped actors, and 4 active threads.
Waiting for actors to stop.
Called postfire()
Called prefire()
Called fire()
Checking for deadlock:
There are 3 Blocked actors, 0 Stopped actors, and 4 active threads.
Waiting for actors to stop.
Read input token from inputA with value 1.0
Checking for deadlock:
There are 2 Blocked actors, 0 Stopped actors, and 4 active threads.
Waiting for actors to stop.
Sent output token with value 0.0
-- Read input: 0.0, which is expected to match: 0.0
Called prefire()
Called fire()
Next port to read input from is inputB
Called postfire()
Called prefire()
Called fire()
Checking for deadlock:
There are 2 Blocked actors, 0 Stopped actors, and 4 active threads.
Waiting for actors to stop.
Called postfire()
Called prefire()
Called fire()
Checking for deadlock:
There are 3 Blocked actors, 0 Stopped actors, and 4 active threads.
Waiting for actors to stop.
Read input token from inputB with value 1.5
Checking for deadlock:
There are 2 Blocked actors, 0 Stopped actors, and 4 active threads.
Waiting for actors to stop.
Sent output token with value 1.0
-- Read input: 1.0, which is expected to match: 1.0
Called prefire()
Called fire()
Next port to read input from is inputA
Called postfire()
Called prefire()
Called fire()
Checking for deadlock:
There are 3 Blocked actors, 0 Stopped actors, and 4 active threads.
Waiting for actors to stop.
Checking for deadlock:
There are 2 Blocked actors, 0 Stopped actors, and 4 active threads.
Waiting for actors to stop.
Called postfire()
Called prefire()
Called fire()
Checking for deadlock:
There are 3 Blocked actors, 0 Stopped actors, and 4 active threads.
Waiting for actors to stop.
Read input token from inputA with value 2.0
Checking for deadlock:
There are 2 Blocked actors, 0 Stopped actors, and 4 active threads.
Waiting for actors to stop.
-- Read input: 1.5, which is expected to match: 1.5
Called prefire()
Called fire()
Checking for deadlock:
There are 3 Blocked actors, 0 Stopped actors, and 4 active threads.
Waiting for actors to stop.
Sent output token with value 1.5
Next port to read input from is inputB
Called postfire()
Called prefire()
Called fire()
Called postfire()
Called prefire()
Called fire()
Checking for deadlock:
There are 3 Blocked actors, 0 Stopped actors, and 4 active threads.
Waiting for actors to stop.
Read input token from inputB with value 3.0
Checking for deadlock:
There are 2 Blocked actors, 0 Stopped actors, and 4 active threads.
Waiting for actors to stop.
Sent output token with value 2.0
-- Read input: 2.0, which is expected to match: 2.0
Called prefire()
Called fire()
Next port to read input from is inputA
Called postfire()
Called prefire()
Called fire()
Checking for deadlock:
There are 3 Blocked actors, 0 Stopped actors, and 4 active threads.
Waiting for actors to stop.
Checking for deadlock:
There are 2 Blocked actors, 0 Stopped actors, and 4 active threads.
Waiting for actors to stop.
Called postfire()
Called prefire()
Called fire()
Checking for deadlock:
There are 3 Blocked actors, 0 Stopped actors, and 4 active threads.
Waiting for actors to stop.
Read input token from inputA with value 3.0
Checking for deadlock:
There are 2 Blocked actors, 0 Stopped actors, and 4 active threads.
Waiting for actors to stop.
Sent output token with value 3.0
-- Read input: 3.0, which is expected to match: 3.0
Next port to read input from is inputB
Called postfire()
Called prefire()
Called fire()
Called prefire()
Called fire()
Called postfire()
Called prefire()
Called fire()
Checking for deadlock:
There are 3 Blocked actors, 0 Stopped actors, and 4 active threads.
Waiting for actors to stop.
Read input token from inputB with value 4.5
-- Read input: 3.0, which is expected to match: 3.0
Called prefire()
Called fire()
Checking for deadlock:
There are 3 Blocked actors, 0 Stopped actors, and 4 active threads.
Waiting for actors to stop.
Sent output token with value 3.0
Next port to read input from is inputA
Called postfire()
Called prefire()
Called fire()
Checking for deadlock:
There are 2 Blocked actors, 0 Stopped actors, and 4 active threads.
Waiting for actors to stop.
Called postfire()
Called prefire()
Called fire()
Read input token from inputA with value 4.0
Checking for deadlock:
There are 3 Blocked actors, 0 Stopped actors, and 4 active threads.
Waiting for actors to stop.
Checking for deadlock:
There are 2 Blocked actors, 0 Stopped actors, and 4 active threads.
Waiting for actors to stop.
-- Read input: 4.0, which is expected to match: 4.0
Called prefire()
Called fire()
Past the end of training data. Read and discard all inputs.
Checking for deadlock:
There are 3 Blocked actors, 0 Stopped actors, and 4 active threads.
Waiting for actors to stop.
Sent output token with value 4.0
Next port to read input from is inputA
Called postfire()
Called prefire()
Called fire()
Called postfire()
Called prefire()
Called fire()
Checking for deadlock:
There are 3 Blocked actors, 0 Stopped actors, and 4 active threads.
Read input token from inputA with value 5.0
Waiting for actors to stop.
Called prefire()
Called fire()
Past the end of training data. Read and discard all inputs.
Checking for deadlock:
There are 3 Blocked actors, 0 Stopped actors, and 4 active threads.
Waiting for actors to stop.
Sent output token with value 4.5
Next port to read input from is inputB
Called postfire()
Called prefire()
Called fire()
Checking for deadlock:
There are 2 Blocked actors, 0 Stopped actors, and 4 active threads.
Waiting for actors to stop.
Called postfire()
Called prefire()
Called fire()
Checking for deadlock:
There are 3 Blocked actors, 0 Stopped actors, and 4 active threads.
Waiting for actors to stop.
Read input token from inputB with value 6.0
Checking for deadlock:
There are 2 Blocked actors, 0 Stopped actors, and 4 active threads.
Waiting for actors to stop.
Called prefire()
Called fire()
Past the end of training data. Read and discard all inputs.
Checking for deadlock:
There are 3 Blocked actors, 0 Stopped actors, and 4 active threads.
Waiting for actors to stop.
Sent output token with value 5.0
Next port to read input from is inputA
Called postfire()
Called prefire()
Called fire()
Checking for deadlock:
There are 2 Blocked actors, 0 Stopped actors, and 4 active threads.
Waiting for actors to stop.
Called postfire()
Called prefire()
Called fire()
Checking for deadlock:
Read input token from inputA with value 6.0
There are 3 Blocked actors, 0 Stopped actors, and 4 active threads.
Waiting for actors to stop.
Checking for deadlock:
There are 2 Blocked actors, 0 Stopped actors, and 4 active threads.
Waiting for actors to stop.
Called prefire()
Sent output token with value 6.0
Called fire()
Past the end of training data. Read and discard all inputs.
Checking for deadlock:
Next port to read input from is inputB
There are 3 Blocked actors, 0 Stopped actors, and 4 active threads.
Waiting for actors to stop.
Called postfire()
Called prefire()
Called fire()
Checking for deadlock:
There are 2 Blocked actors, 0 Stopped actors, and 4 active threads.
Waiting for actors to stop.
Called postfire()
Called prefire()
Called fire()
Checking for deadlock:
Read input token from inputB with value 7.5
There are 3 Blocked actors, 0 Stopped actors, and 4 active threads.
Waiting for actors to stop.
Called prefire()
Called fire()
Past the end of training data. Read and discard all inputs.
Sent output token with value 6.0
Checking for deadlock:
There are 3 Blocked actors, 0 Stopped actors, and 4 active threads.
Waiting for actors to stop.
Next port to read input from is inputA
Called postfire()
Called prefire()
Called fire()
Checking for deadlock:
There are 2 Blocked actors, 0 Stopped actors, and 4 active threads.
Waiting for actors to stop.
Read input token from inputA with value 7.0
Called postfire()
Called prefire()
Called fire()
Checking for deadlock:
There are 3 Blocked actors, 0 Stopped actors, and 4 active threads.
Waiting for actors to stop.
Checking for deadlock:
There are 2 Blocked actors, 0 Stopped actors, and 4 active threads.
Waiting for actors to stop.
Sent output token with value 7.0
Called prefire()
Called fire()
Next port to read input from is inputA
Called postfire()
Past the end of training data. Read and discard all inputs.
Checking for deadlock:
Called prefire()
There are 3 Blocked actors, 0 Stopped actors, and 4 active threads.
Called fire()
Waiting for actors to stop.
Checking for deadlock:
There are 2 Blocked actors, 0 Stopped actors, and 4 active threads.
Waiting for actors to stop.
-- Thread wrapup() called.
Called wrapup()
Thread .top.Ramp is exiting.
-- Thread stopped.
Read input token from inputA with value 8.0
Checking for deadlock:
There are 2 Blocked actors, 0 Stopped actors, and 3 active threads.
Waiting for actors to stop.
Checking for deadlock:
There are 1 Blocked actors, 0 Stopped actors, and 3 active threads.
Waiting for actors to stop.
Sent output token with value 7.5
Called prefire()
Called fire()
Past the end of training data. Read and discard all inputs.
Next port to read input from is inputB
Called postfire()
Checking for deadlock:
Called prefire()
Called fire()
There are 2 Blocked actors, 0 Stopped actors, and 3 active threads.
Waiting for actors to stop.
Checking for deadlock:
There are 1 Blocked actors, 0 Stopped actors, and 3 active threads.
Waiting for actors to stop.
Read input token from inputB with value 9.0
Called postfire()
Called prefire()
Called fire()
Checking for deadlock:
There are 2 Blocked actors, 0 Stopped actors, and 3 active threads.
Waiting for actors to stop.
Called prefire()
Called fire()
Sent output token with value 8.0
Past the end of training data. Read and discard all inputs.
Checking for deadlock:
There are 2 Blocked actors, 0 Stopped actors, and 3 active threads.
Waiting for actors to stop.
Next port to read input from is inputA
Called postfire()
Called prefire()
Called fire()
Read input token from inputA with value 9.0
Called prefire()
Called fire()
Past the end of training data. Read and discard all inputs.
Checking for deadlock:
There are 2 Blocked actors, 0 Stopped actors, and 3 active threads.
Waiting for actors to stop.
Sent output token with value 9.0
Next port to read input from is inputB
Called postfire()
Called prefire()
Called fire()
Checking for deadlock:
There are 1 Blocked actors, 0 Stopped actors, and 3 active threads.
Waiting for actors to stop.
Called postfire()
Called prefire()
Called fire()
Checking for deadlock:
There are 2 Blocked actors, 0 Stopped actors, and 3 active threads.
Waiting for actors to stop.
Read input token from inputB with value 10.5
Checking for deadlock:
There are 1 Blocked actors, 0 Stopped actors, and 3 active threads.
Waiting for actors to stop.
Called prefire()
Called fire()
Past the end of training data. Read and discard all inputs.
Checking for deadlock:
There are 2 Blocked actors, 0 Stopped actors, and 3 active threads.
Waiting for actors to stop.
Sent output token with value 9.0
Next port to read input from is inputA
Called postfire()
Called prefire()
Called fire()
Checking for deadlock:
There are 3 Blocked actors, 0 Stopped actors, and 3 active threads.
Actors have stopped.
Checking for deadlock:
There are 3 Blocked actors, 0 Stopped actors, and 3 active threads.
Deadlock detected.
Resolving Deadlock
Checking for deadlock:
There are 3 Blocked actors, 0 Stopped actors, and 3 active threads.
Artificial Deadlock - increasing queue capacity.
increasing the capacity of receiver ptolemy.actor.TypedIOPort {.top.OrderedMerge.inputB} to 2
Director: Called postfire().
Called postfire().
_stopRequested = false
_stopFireRequested = false
Returning from postfire(): true
Called fire().
Checking for deadlock:
There are 2 Blocked actors, 0 Stopped actors, and 3 active threads.
Waiting for actors to stop.
-- Thread wrapup() called.
Called wrapup()
Thread .top.Ramp2 is exiting.
-- Thread stopped.
Checking for deadlock:
There are 2 Blocked actors, 0 Stopped actors, and 2 active threads.
Actors have stopped.
Checking for deadlock:
There are 2 Blocked actors, 0 Stopped actors, and 2 active threads.
Deadlock detected.
Resolving Deadlock
Checking for deadlock:
There are 2 Blocked actors, 0 Stopped actors, and 2 active threads.
Deadlock detected: no processes blocked on write, but some are blocked on read.
Called postfire().
_stopRequested = false
_stopFireRequested = false
Returning from postfire(): false
Finished deactivating branches.
Called wrapup().
-- Thread wrapup() called.
-- Thread wrapup() called.
Called wrapup()
Called wrapup()
Thread .top.OrderedMerge is exiting.
-- Thread stopped.
-- Blocked Receiver call threw TerminateProcessException.
Thread .top.Test is exiting.
-- Thread stopped.
-- Blocked Receiver call threw TerminateProcessException.
53 ms. Memory: 150528K Free: 91716K (61%)
/home/travis/build/icyphy/ptII/ptolemy/actor/lib/test/Publisher.tcl
21 ms. Memory: 150528K Free: 85572K (57%)
7 ms. Memory: 150528K Free: 80422K (53%)
3 ms. Memory: 150528K Free: 76342K (51%)
4 ms. Memory: 150528K Free: 75332K (50%)
5 ms. Memory: 150528K Free: 74822K (50%)
12 ms. Memory: 150528K Free: 73798K (49%)
4 ms. Memory: 150528K Free: 73270K (49%)
13 ms. Memory: 150528K Free: 72260K (48%)
31 ms. Memory: 150528K Free: 133998K (89%)
5 ms. Memory: 150528K Free: 131117K (87%)
4 ms. Memory: 150528K Free: 130607K (87%)
9 ms. Memory: 150528K Free: 128559K (85%)
6 ms. Memory: 150528K Free: 120877K (80%)
6 ms. Memory: 150528K Free: 111151K (74%)
7 ms. Memory: 150528K Free: 100383K (67%)
/home/travis/build/icyphy/ptII/ptolemy/actor/lib/test/Pulse.tcl
3 ms. Memory: 150528K Free: 62495K (42%)
2 ms. Memory: 150528K Free: 61999K (41%)
8 ms. Memory: 150528K Free: 61485K (41%)
3 ms. Memory: 150528K Free: 60975K (41%)
8 ms. Memory: 150528K Free: 60461K (40%)
15 ms. Memory: 150528K Free: 59437K (39%)
12 ms. Memory: 150528K Free: 58407K (39%)
32 ms. Memory: 150528K Free: 133191K (88%)
1 ms. Memory: 150528K Free: 132727K (88%)
/home/travis/build/icyphy/ptII/ptolemy/actor/lib/test/Ramp.tcl
12 ms. Memory: 150528K Free: 130679K (87%)
3 ms. Memory: 150528K Free: 130159K (86%)
3 ms. Memory: 150528K Free: 129111K (86%)
6 ms. Memory: 150528K Free: 128631K (85%)
12 ms. Memory: 150528K Free: 127607K (85%)
5 ms. Memory: 150528K Free: 126583K (84%)
10 ms. Memory: 150528K Free: 126039K (84%)
5 actors
6000 microseconds per iteration to create
6 ms. Memory: 150528K Free: 122997K (82%)
3 ms. Memory: 150528K Free: 122487K (81%)
2 ms. Memory: 150528K Free: 121943K (81%)
2 ms. Memory: 150528K Free: 121463K (81%)
50 actors
34000 microseconds per iteration to create
61 ms. Memory: 150528K Free: 105589K (70%)
14 ms. Memory: 150528K Free: 104551K (69%)
14 ms. Memory: 150528K Free: 103527K (69%)
14 ms. Memory: 150528K Free: 102517K (68%)
500 actors
1933000 microseconds per iteration to create
335 ms. Memory: 181248K Free: 130101K (72%)
48 ms. Memory: 181248K Free: 124453K (69%)
59 ms. Memory: 181248K Free: 119347K (66%)
53 ms. Memory: 181248K Free: 114227K (63%)
/home/travis/build/icyphy/ptII/ptolemy/actor/lib/test/RampContinuous.tcl
11 ms. Memory: 181248K Free: 112693K (62%)
/home/travis/build/icyphy/ptII/ptolemy/actor/lib/test/RecordAssembler.tcl
6 ms. Memory: 181248K Free: 111141K (61%)
3 ms. Memory: 181248K Free: 110125K (61%)
/home/travis/build/icyphy/ptII/ptolemy/actor/lib/test/RecordDisassembler.tcl
8 ms. Memory: 181248K Free: 108083K (60%)
4 ms. Memory: 181248K Free: 107573K (59%)
4 ms. Memory: 181248K Free: 106549K (59%)
/home/travis/build/icyphy/ptII/ptolemy/actor/lib/test/Scale.tcl
3 ms. Memory: 181248K Free: 104501K (58%)
2 ms. Memory: 181248K Free: 103981K (57%)
1 ms. Memory: 181248K Free: 102949K (57%)
2 ms. Memory: 181248K Free: 101939K (56%)
3 ms. Memory: 181248K Free: 101429K (56%)
/home/travis/build/icyphy/ptII/ptolemy/actor/lib/test/SequentialClock.tcl
preinitializing
resolving types
initializing
executing number 1
wrapping up
idle
3 ms. Memory: 181248K Free: 99877K (55%)
Completed execution with 5 iterations
preinitializing
resolving types
initializing
executing number 1
wrapping up
idle
2 ms. Memory: 181248K Free: 99381K (55%)
Completed execution with 5 iterations
preinitializing
resolving types
initializing
executing number 1
wrapping up
idle
2 ms. Memory: 181248K Free: 98853K (55%)
Completed execution with 5 iterations
/home/travis/build/icyphy/ptII/ptolemy/actor/lib/test/SetVariable.tcl
5 ms. Memory: 181248K Free: 97333K (54%)


==== $PTII/ptolemy/actor/lib/test/SetVariable.tcl: SetVariable-3.1 changeFailed
==== Contents of test case:

    #Uses 2.1 above
    jdkCaptureErr {
        # This test was failing if we ran Exit.tcl and then this test.
        # MessageHandler.error() now actually throws the Exception.
	catch {$setVariable changeFailed [java::null]  [java::new Exception {Test exception for SetVariable.changeFailed()}]} errMsg
    } results
    list [string range $results 0 89] "\n" $errMsg

==== Result was:
{java.lang.Exception: Test exception for SetVariable.changeFailed()
	at java.base/jdk.inter} {
} {java.lang.RuntimeException: java.lang.Exception: Test exception for SetVariable.changeFailed()}
---- Result should have been:
{Failed to set variable.
java.lang.Exception: Test exception for SetVariable.changeFailed()} {
} {java.lang.RuntimeException: java.lang.Exception: Test exception for SetVariable.changeFailed()}
---- SetVariable-3.1 FAILED
/home/travis/build/icyphy/ptII/ptolemy/actor/lib/test/Sinewave.tcl
/home/travis/build/icyphy/ptII/ptolemy/actor/lib/test/SubscriptionAggregator.tcl
7 ms. Memory: 181248K Free: 85045K (47%)
7 ms. Memory: 181248K Free: 84531K (47%)
2 ms. Memory: 181248K Free: 84021K (46%)
1 ms. Memory: 181248K Free: 83493K (46%)
3 ms. Memory: 181248K Free: 79925K (44%)
8 ms. Memory: 181248K Free: 77877K (43%)
...............................................................1265 ms. Memory: 285696K Free: 194638K (68%)
/home/travis/build/icyphy/ptII/ptolemy/actor/lib/test/Test.tcl
 The next command will produce a warning about training mode,
   which may be ignored.
13 ms. Memory: 285696K Free: 192582K (67%)
3 ms. Memory: 285696K Free: 191542K (67%)
1 ms. Memory: 285696K Free: 191062K (67%)
17 ms. Memory: 285696K Free: 190548K (67%)
2 ms. Memory: 285696K Free: 190038K (67%)
5 ms. Memory: 285696K Free: 188500K (66%)
4 ms. Memory: 285696K Free: 187462K (66%)
 The next command will produce a warning about training mode,
   which may be ignored.
15 ms. Memory: 285696K Free: 184918K (65%)
 The next command will produce a warning about training mode,
   which may be ignored.
2 ms. Memory: 285696K Free: 183894K (64%)
1 ms. Memory: 285696K Free: 183350K (64%)
1 ms. Memory: 285696K Free: 182870K (64%)
3 ms. Memory: 285696K Free: 182326K (64%)
9 ms. Memory: 285696K Free: 181332K (63%)
4 ms. Memory: 285696K Free: 177230K (62%)
/home/travis/build/icyphy/ptII/ptolemy/actor/lib/test/TestExceptionHandler.tcl
 The next command will produce a warning about training mode,
   which may be ignored.
3 ms. Memory: 285696K Free: 176206K (62%)
1 ms. Memory: 285696K Free: 175702K (61%)
1 ms. Memory: 285696K Free: 175182K (61%)
/home/travis/build/icyphy/ptII/ptolemy/actor/lib/test/UnionDisassembler.tcl
29 ms. Memory: 285696K Free: 168020K (59%)
/home/travis/build/icyphy/ptII/ptolemy/actor/lib/test/VariableClock.tcl
preinitializing
resolving types
initializing
executing number 1
wrapping up
idle
11 ms. Memory: 285696K Free: 165972K (58%)
Completed execution with 11 iterations
preinitializing
resolving types
initializing
executing number 1
wrapping up
idle
10 ms. Memory: 285696K Free: 164438K (58%)
Completed execution with 10 iterations
11/05/19 06:18:06
Failed: 1  Total Tests: 234  ((Passed: 233, Newly Passed: 0)  Known Failed: 0) /home/travis/build/icyphy/ptII/ptolemy/actor/lib/test
----------------- testing (KnownFailure) /home/travis/build/icyphy/ptII/ptolemy/actor/lib/test/auto/knownFailedTests/PublisherPortToplevelSubscriber.xml
0 ms. Memory: 285696K Free: 160852K (56%)
Known Failure: java.lang.reflect.InvocationTargetException
----------------- testing (KnownFailure) /home/travis/build/icyphy/ptII/ptolemy/actor/lib/test/auto/knownFailedTests/PublisherSubscriberPortToplevel.xml
1 ms. Memory: 285696K Free: 156756K (55%)
Known Failure: java.lang.reflect.InvocationTargetException
----------------- testing (KnownFailure) /home/travis/build/icyphy/ptII/ptolemy/actor/lib/test/auto/knownFailedTests/PublisherSubscriptionAggregatorPort.xml
1 ms. Memory: 285696K Free: 152660K (53%)
Known Failure: java.lang.reflect.InvocationTargetException
----------------- testing (KnownFailure) /home/travis/build/icyphy/ptII/ptolemy/actor/lib/test/auto/knownFailedTests/sizedarray3.xml
5 ms. Memory: 285696K Free: 148564K (52%)
Known Failure: java.lang.reflect.InvocationTargetException
No auto/linux-amd64/*.xml tests in /home/travis/build/icyphy/ptII/ptolemy/actor/lib/test
AutoTests.java: About to close Vertx.
AutoTests.java: Vertx closed.

===========================================================================================
----------------- testing Tue Nov 05 06:18:07 UTC 2019 /home/travis/build/icyphy/ptII/ptolemy/actor/lib/test/auto/AbsoluteValue.xml
----------------- Instantiating /home/travis/build/icyphy/ptII/ptolemy/actor/lib/test/auto/AbsoluteValue.xml
9 ms. Memory: 285696K Free: 125526K (44%)
----------------- Invoking toplevel() on ptolemy.moml.MoMLSimpleApplication@6ae4f545
----------------- Done invoking toplevel() on ptolemy.moml.MoMLSimpleApplication@6ae4f545
reloadAllAccessors: .AbsoluteValue

===========================================================================================
----------------- testing Tue Nov 05 06:18:07 UTC 2019 /home/travis/build/icyphy/ptII/ptolemy/actor/lib/test/auto/AbsoluteValue2.xml
----------------- Instantiating /home/travis/build/icyphy/ptII/ptolemy/actor/lib/test/auto/AbsoluteValue2.xml
15 ms. Memory: 285696K Free: 118868K (42%)
----------------- Invoking toplevel() on ptolemy.moml.MoMLSimpleApplication@5244ba41
----------------- Done invoking toplevel() on ptolemy.moml.MoMLSimpleApplication@5244ba41
reloadAllAccessors: .AbsoluteValue2

===========================================================================================
----------------- testing Tue Nov 05 06:18:07 UTC 2019 /home/travis/build/icyphy/ptII/ptolemy/actor/lib/test/auto/Accumulator.xml
----------------- Instantiating /home/travis/build/icyphy/ptII/ptolemy/actor/lib/test/auto/Accumulator.xml
8 ms. Memory: 285696K Free: 112214K (39%)
----------------- Invoking toplevel() on ptolemy.moml.MoMLSimpleApplication@1c305d79
----------------- Done invoking toplevel() on ptolemy.moml.MoMLSimpleApplication@1c305d79
reloadAllAccessors: .Accumulator

===========================================================================================
----------------- testing Tue Nov 05 06:18:07 UTC 2019 /home/travis/build/icyphy/ptII/ptolemy/actor/lib/test/auto/Accumulator2.xml
----------------- Instantiating /home/travis/build/icyphy/ptII/ptolemy/actor/lib/test/auto/Accumulator2.xml
4 ms. Memory: 285696K Free: 107094K (37%)
----------------- Invoking toplevel() on ptolemy.moml.MoMLSimpleApplication@576ff29b
----------------- Done invoking toplevel() on ptolemy.moml.MoMLSimpleApplication@576ff29b
reloadAllAccessors: .Accumulator2

===========================================================================================
----------------- testing Tue Nov 05 06:18:07 UTC 2019 /home/travis/build/icyphy/ptII/ptolemy/actor/lib/test/auto/Accumulator3.xml
----------------- Instantiating /home/travis/build/icyphy/ptII/ptolemy/actor/lib/test/auto/Accumulator3.xml
3 ms. Memory: 285696K Free: 102484K (36%)
----------------- Invoking toplevel() on ptolemy.moml.MoMLSimpleApplication@309f94f4
----------------- Done invoking toplevel() on ptolemy.moml.MoMLSimpleApplication@309f94f4
reloadAllAccessors: .Accumulator3

===========================================================================================
----------------- testing Tue Nov 05 06:18:07 UTC 2019 /home/travis/build/icyphy/ptII/ptolemy/actor/lib/test/auto/ArrayAppend.xml
----------------- Instantiating /home/travis/build/icyphy/ptII/ptolemy/actor/lib/test/auto/ArrayAppend.xml
6 ms. Memory: 285696K Free: 96854K (34%)
----------------- Invoking toplevel() on ptolemy.moml.MoMLSimpleApplication@262bba62
----------------- Done invoking toplevel() on ptolemy.moml.MoMLSimpleApplication@262bba62
reloadAllAccessors: .ArrayAppend

===========================================================================================
----------------- testing Tue Nov 05 06:18:07 UTC 2019 /home/travis/build/icyphy/ptII/ptolemy/actor/lib/test/auto/ArrayAppend2.xml
----------------- Instantiating /home/travis/build/icyphy/ptII/ptolemy/actor/lib/test/auto/ArrayAppend2.xml
468 ms. Memory: 285696K Free: 161109K (56%)
----------------- Invoking toplevel() on ptolemy.moml.MoMLSimpleApplication@18cab961
----------------- Done invoking toplevel() on ptolemy.moml.MoMLSimpleApplication@18cab961
reloadAllAccessors: .ArrayAppend2

===========================================================================================
----------------- testing Tue Nov 05 06:18:08 UTC 2019 /home/travis/build/icyphy/ptII/ptolemy/actor/lib/test/auto/ArrayAppend3.xml
----------------- Instantiating /home/travis/build/icyphy/ptII/ptolemy/actor/lib/test/auto/ArrayAppend3.xml
8 ms. Memory: 285696K Free: 155242K (54%)
----------------- Invoking toplevel() on ptolemy.moml.MoMLSimpleApplication@627f2409
----------------- Done invoking toplevel() on ptolemy.moml.MoMLSimpleApplication@627f2409
reloadAllAccessors: .ArrayAppend3

===========================================================================================
----------------- testing Tue Nov 05 06:18:08 UTC 2019 /home/travis/build/icyphy/ptII/ptolemy/actor/lib/test/auto/ArrayAppend4.xml
----------------- Instantiating /home/travis/build/icyphy/ptII/ptolemy/actor/lib/test/auto/ArrayAppend4.xml
3 ms. Memory: 285696K Free: 150122K (53%)
----------------- Invoking toplevel() on ptolemy.moml.MoMLSimpleApplication@4d06bba3
----------------- Done invoking toplevel() on ptolemy.moml.MoMLSimpleApplication@4d06bba3
reloadAllAccessors: .ArrayAppend4

===========================================================================================
----------------- testing Tue Nov 05 06:18:08 UTC 2019 /home/travis/build/icyphy/ptII/ptolemy/actor/lib/test/auto/ArrayAppend5.xml
----------------- Instantiating /home/travis/build/icyphy/ptII/ptolemy/actor/lib/test/auto/ArrayAppend5.xml
2 ms. Memory: 285696K Free: 144488K (51%)
----------------- Invoking toplevel() on ptolemy.moml.MoMLSimpleApplication@327f4e1d
----------------- Done invoking toplevel() on ptolemy.moml.MoMLSimpleApplication@327f4e1d
reloadAllAccessors: .ArrayAppend5

===========================================================================================
----------------- testing Tue Nov 05 06:18:08 UTC 2019 /home/travis/build/icyphy/ptII/ptolemy/actor/lib/test/auto/ArrayAppend6.xml
----------------- Instantiating /home/travis/build/icyphy/ptII/ptolemy/actor/lib/test/auto/ArrayAppend6.xml
3 ms. Memory: 285696K Free: 139368K (49%)
----------------- Invoking toplevel() on ptolemy.moml.MoMLSimpleApplication@21fadb41
----------------- Done invoking toplevel() on ptolemy.moml.MoMLSimpleApplication@21fadb41
reloadAllAccessors: .ArrayAppend6

===========================================================================================
----------------- testing Tue Nov 05 06:18:08 UTC 2019 /home/travis/build/icyphy/ptII/ptolemy/actor/lib/test/auto/ArrayAppendPerformanceTest.xml
----------------- Instantiating /home/travis/build/icyphy/ptII/ptolemy/actor/lib/test/auto/ArrayAppendPerformanceTest.xml
56 ms. Memory: 285696K Free: 128104K (45%)
----------------- Invoking toplevel() on ptolemy.moml.MoMLSimpleApplication@78615f26
----------------- Done invoking toplevel() on ptolemy.moml.MoMLSimpleApplication@78615f26
reloadAllAccessors: .ArrayAppendPerformanceTest

===========================================================================================
----------------- testing Tue Nov 05 06:18:08 UTC 2019 /home/travis/build/icyphy/ptII/ptolemy/actor/lib/test/auto/ArrayAppendWithEmptyInput.xml
----------------- Instantiating /home/travis/build/icyphy/ptII/ptolemy/actor/lib/test/auto/ArrayAppendWithEmptyInput.xml
20 ms. Memory: 285696K Free: 120426K (42%)
----------------- Invoking toplevel() on ptolemy.moml.MoMLSimpleApplication@45a49c5a
----------------- Done invoking toplevel() on ptolemy.moml.MoMLSimpleApplication@45a49c5a
reloadAllAccessors: .ArrayAppendWithEmptyInput

===========================================================================================
----------------- testing Tue Nov 05 06:18:08 UTC 2019 /home/travis/build/icyphy/ptII/ptolemy/actor/lib/test/auto/ArrayAverage.xml
----------------- Instantiating /home/travis/build/icyphy/ptII/ptolemy/actor/lib/test/auto/ArrayAverage.xml
15 ms. Memory: 285696K Free: 112234K (39%)
----------------- Invoking toplevel() on ptolemy.moml.MoMLSimpleApplication@123563f7
----------------- Done invoking toplevel() on ptolemy.moml.MoMLSimpleApplication@123563f7
reloadAllAccessors: .ArrayAverage

===========================================================================================
----------------- testing Tue Nov 05 06:18:08 UTC 2019 /home/travis/build/icyphy/ptII/ptolemy/actor/lib/test/auto/ArrayContains.xml
----------------- Instantiating /home/travis/build/icyphy/ptII/ptolemy/actor/lib/test/auto/ArrayContains.xml
16 ms. Memory: 285696K Free: 106600K (37%)
----------------- Invoking toplevel() on ptolemy.moml.MoMLSimpleApplication@731d621b
----------------- Done invoking toplevel() on ptolemy.moml.MoMLSimpleApplication@731d621b
reloadAllAccessors: .ArrayContains

===========================================================================================
----------------- testing Tue Nov 05 06:18:08 UTC 2019 /home/travis/build/icyphy/ptII/ptolemy/actor/lib/test/auto/ArrayElement.xml
----------------- Instantiating /home/travis/build/icyphy/ptII/ptolemy/actor/lib/test/auto/ArrayElement.xml
6 ms. Memory: 285696K Free: 100456K (35%)
----------------- Invoking toplevel() on ptolemy.moml.MoMLSimpleApplication@7634ebfc
----------------- Done invoking toplevel() on ptolemy.moml.MoMLSimpleApplication@7634ebfc
reloadAllAccessors: .ArrayElement

===========================================================================================
----------------- testing Tue Nov 05 06:18:08 UTC 2019 /home/travis/build/icyphy/ptII/ptolemy/actor/lib/test/auto/ArrayElementAsMatrix.xml
----------------- Instantiating /home/travis/build/icyphy/ptII/ptolemy/actor/lib/test/auto/ArrayElementAsMatrix.xml
13 ms. Memory: 285696K Free: 90730K (32%)
----------------- Invoking toplevel() on ptolemy.moml.MoMLSimpleApplication@61615ff3
----------------- Done invoking toplevel() on ptolemy.moml.MoMLSimpleApplication@61615ff3
reloadAllAccessors: .ArrayElementAsMatrix

===========================================================================================
----------------- testing Tue Nov 05 06:18:08 UTC 2019 /home/travis/build/icyphy/ptII/ptolemy/actor/lib/test/auto/ArrayElementI.xml
----------------- Instantiating /home/travis/build/icyphy/ptII/ptolemy/actor/lib/test/auto/ArrayElementI.xml
5 ms. Memory: 285696K Free: 85610K (30%)
----------------- Invoking toplevel() on ptolemy.moml.MoMLSimpleApplication@3b49eca2
----------------- Done invoking toplevel() on ptolemy.moml.MoMLSimpleApplication@3b49eca2
reloadAllAccessors: .ArrayElementI

===========================================================================================
----------------- testing Tue Nov 05 06:18:08 UTC 2019 /home/travis/build/icyphy/ptII/ptolemy/actor/lib/test/auto/ArrayExtract.xml
----------------- Instantiating /home/travis/build/icyphy/ptII/ptolemy/actor/lib/test/auto/ArrayExtract.xml
6 ms. Memory: 285696K Free: 76904K (27%)
----------------- Invoking toplevel() on ptolemy.moml.MoMLSimpleApplication@32260fad
----------------- Done invoking toplevel() on ptolemy.moml.MoMLSimpleApplication@32260fad
reloadAllAccessors: .ArrayExtract

===========================================================================================
----------------- testing Tue Nov 05 06:18:08 UTC 2019 /home/travis/build/icyphy/ptII/ptolemy/actor/lib/test/auto/ArrayExtract2.xml
----------------- Instantiating /home/travis/build/icyphy/ptII/ptolemy/actor/lib/test/auto/ArrayExtract2.xml
3 ms. Memory: 285696K Free: 233546K (82%)
----------------- Invoking toplevel() on ptolemy.moml.MoMLSimpleApplication@42cb325d
----------------- Done invoking toplevel() on ptolemy.moml.MoMLSimpleApplication@42cb325d
reloadAllAccessors: .ArrayExtract2

===========================================================================================
----------------- testing Tue Nov 05 06:18:08 UTC 2019 /home/travis/build/icyphy/ptII/ptolemy/actor/lib/test/auto/ArrayLength.xml
----------------- Instantiating /home/travis/build/icyphy/ptII/ptolemy/actor/lib/test/auto/ArrayLength.xml
2 ms. Memory: 285696K Free: 228970K (80%)
----------------- Invoking toplevel() on ptolemy.moml.MoMLSimpleApplication@2280735e
----------------- Done invoking toplevel() on ptolemy.moml.MoMLSimpleApplication@2280735e
reloadAllAccessors: .ArrayLength

===========================================================================================
----------------- testing Tue Nov 05 06:18:08 UTC 2019 /home/travis/build/icyphy/ptII/ptolemy/actor/lib/test/auto/ArrayLevelCrossing.xml
----------------- Instantiating /home/travis/build/icyphy/ptII/ptolemy/actor/lib/test/auto/ArrayLevelCrossing.xml
4 ms. Memory: 285696K Free: 221288K (77%)
----------------- Invoking toplevel() on ptolemy.moml.MoMLSimpleApplication@669febe6
----------------- Done invoking toplevel() on ptolemy.moml.MoMLSimpleApplication@669febe6
reloadAllAccessors: .ArrayLevelCrossing

===========================================================================================
----------------- testing Tue Nov 05 06:18:08 UTC 2019 /home/travis/build/icyphy/ptII/ptolemy/actor/lib/test/auto/ArrayLevelCrossing2.xml
----------------- Instantiating /home/travis/build/icyphy/ptII/ptolemy/actor/lib/test/auto/ArrayLevelCrossing2.xml
4 ms. Memory: 285696K Free: 213610K (75%)
----------------- Invoking toplevel() on ptolemy.moml.MoMLSimpleApplication@1405c0a5
----------------- Done invoking toplevel() on ptolemy.moml.MoMLSimpleApplication@1405c0a5
reloadAllAccessors: .ArrayLevelCrossing2

===========================================================================================
----------------- testing Tue Nov 05 06:18:08 UTC 2019 /home/travis/build/icyphy/ptII/ptolemy/actor/lib/test/auto/ArrayPeakSearch.xml
----------------- Instantiating /home/travis/build/icyphy/ptII/ptolemy/actor/lib/test/auto/ArrayPeakSearch.xml
10 ms. Memory: 285696K Free: 204904K (72%)
----------------- Invoking toplevel() on ptolemy.moml.MoMLSimpleApplication@1266c011
----------------- Done invoking toplevel() on ptolemy.moml.MoMLSimpleApplication@1266c011
reloadAllAccessors: .ArrayPeakSearch

===========================================================================================
----------------- testing Tue Nov 05 06:18:09 UTC 2019 /home/travis/build/icyphy/ptII/ptolemy/actor/lib/test/auto/ArrayPeakSearch2.xml
----------------- Instantiating /home/travis/build/icyphy/ptII/ptolemy/actor/lib/test/auto/ArrayPeakSearch2.xml
5 ms. Memory: 285696K Free: 194154K (68%)
----------------- Invoking toplevel() on ptolemy.moml.MoMLSimpleApplication@3d56c698
----------------- Done invoking toplevel() on ptolemy.moml.MoMLSimpleApplication@3d56c698
reloadAllAccessors: .ArrayPeakSearch2

===========================================================================================
----------------- testing Tue Nov 05 06:18:09 UTC 2019 /home/travis/build/icyphy/ptII/ptolemy/actor/lib/test/auto/ArrayPeakSearch3.xml
----------------- Instantiating /home/travis/build/icyphy/ptII/ptolemy/actor/lib/test/auto/ArrayPeakSearch3.xml
6 ms. Memory: 285696K Free: 185448K (65%)
----------------- Invoking toplevel() on ptolemy.moml.MoMLSimpleApplication@592ddf33
----------------- Done invoking toplevel() on ptolemy.moml.MoMLSimpleApplication@592ddf33
reloadAllAccessors: .ArrayPeakSearch3

===========================================================================================
----------------- testing Tue Nov 05 06:18:09 UTC 2019 /home/travis/build/icyphy/ptII/ptolemy/actor/lib/test/auto/ArrayRemoveElement.xml
----------------- Instantiating /home/travis/build/icyphy/ptII/ptolemy/actor/lib/test/auto/ArrayRemoveElement.xml
4 ms. Memory: 285696K Free: 177256K (62%)
----------------- Invoking toplevel() on ptolemy.moml.MoMLSimpleApplication@44269865
----------------- Done invoking toplevel() on ptolemy.moml.MoMLSimpleApplication@44269865
reloadAllAccessors: .ArrayRemoveElement

===========================================================================================
----------------- testing Tue Nov 05 06:18:09 UTC 2019 /home/travis/build/icyphy/ptII/ptolemy/actor/lib/test/auto/ArraySort.xml
----------------- Instantiating /home/travis/build/icyphy/ptII/ptolemy/actor/lib/test/auto/ArraySort.xml
9 ms. Memory: 285696K Free: 168554K (59%)
----------------- Invoking toplevel() on ptolemy.moml.MoMLSimpleApplication@252dad94
----------------- Done invoking toplevel() on ptolemy.moml.MoMLSimpleApplication@252dad94
reloadAllAccessors: .ArraySort

===========================================================================================
----------------- testing Tue Nov 05 06:18:09 UTC 2019 /home/travis/build/icyphy/ptII/ptolemy/actor/lib/test/auto/ArraySum.xml
----------------- Instantiating /home/travis/build/icyphy/ptII/ptolemy/actor/lib/test/auto/ArraySum.xml
6 ms. Memory: 285696K Free: 162920K (57%)
----------------- Invoking toplevel() on ptolemy.moml.MoMLSimpleApplication@4e143eee
----------------- Done invoking toplevel() on ptolemy.moml.MoMLSimpleApplication@4e143eee
reloadAllAccessors: .ArraySum

===========================================================================================
----------------- testing Tue Nov 05 06:18:09 UTC 2019 /home/travis/build/icyphy/ptII/ptolemy/actor/lib/test/auto/ArrayToElements.xml
----------------- Instantiating /home/travis/build/icyphy/ptII/ptolemy/actor/lib/test/auto/ArrayToElements.xml
4 ms. Memory: 285696K Free: 157800K (55%)
----------------- Invoking toplevel() on ptolemy.moml.MoMLSimpleApplication@6fa5f91b
----------------- Done invoking toplevel() on ptolemy.moml.MoMLSimpleApplication@6fa5f91b
reloadAllAccessors: .ArrayToElements

===========================================================================================
----------------- testing Tue Nov 05 06:18:09 UTC 2019 /home/travis/build/icyphy/ptII/ptolemy/actor/lib/test/auto/ArrayToMatrix.xml
----------------- Instantiating /home/travis/build/icyphy/ptII/ptolemy/actor/lib/test/auto/ArrayToMatrix.xml
10 ms. Memory: 285696K Free: 143464K (50%)
----------------- Invoking toplevel() on ptolemy.moml.MoMLSimpleApplication@3941ea72
----------------- Done invoking toplevel() on ptolemy.moml.MoMLSimpleApplication@3941ea72
reloadAllAccessors: .ArrayToMatrix

===========================================================================================
----------------- testing Tue Nov 05 06:18:09 UTC 2019 /home/travis/build/icyphy/ptII/ptolemy/actor/lib/test/auto/ArrayUpdate1.xml
----------------- Instantiating /home/travis/build/icyphy/ptII/ptolemy/actor/lib/test/auto/ArrayUpdate1.xml
6 ms. Memory: 285696K Free: 138858K (49%)
----------------- Invoking toplevel() on ptolemy.moml.MoMLSimpleApplication@5f676cfa
----------------- Done invoking toplevel() on ptolemy.moml.MoMLSimpleApplication@5f676cfa
reloadAllAccessors: .ArrayUpdate1

===========================================================================================
----------------- testing Tue Nov 05 06:18:09 UTC 2019 /home/travis/build/icyphy/ptII/ptolemy/actor/lib/test/auto/ArrayUpdate2.xml
----------------- Instantiating /home/travis/build/icyphy/ptII/ptolemy/actor/lib/test/auto/ArrayUpdate2.xml
9 ms. Memory: 285696K Free: 132186K (46%)
----------------- Invoking toplevel() on ptolemy.moml.MoMLSimpleApplication@76c9e772
----------------- Done invoking toplevel() on ptolemy.moml.MoMLSimpleApplication@76c9e772
reloadAllAccessors: .ArrayUpdate2

===========================================================================================
----------------- testing Tue Nov 05 06:18:09 UTC 2019 /home/travis/build/icyphy/ptII/ptolemy/actor/lib/test/auto/ArrayUpdate3.xml
----------------- Instantiating /home/travis/build/icyphy/ptII/ptolemy/actor/lib/test/auto/ArrayUpdate3.xml
6 ms. Memory: 285696K Free: 127594K (45%)
----------------- Invoking toplevel() on ptolemy.moml.MoMLSimpleApplication@15d94cb6
----------------- Done invoking toplevel() on ptolemy.moml.MoMLSimpleApplication@15d94cb6
reloadAllAccessors: .ArrayUpdate3

===========================================================================================
----------------- testing Tue Nov 05 06:18:09 UTC 2019 /home/travis/build/icyphy/ptII/ptolemy/actor/lib/test/auto/Assert1.xml
----------------- Instantiating /home/travis/build/icyphy/ptII/ptolemy/actor/lib/test/auto/Assert1.xml
6 ms. Memory: 285696K Free: 122984K (43%)
----------------- Invoking toplevel() on ptolemy.moml.MoMLSimpleApplication@2585cb90
----------------- Done invoking toplevel() on ptolemy.moml.MoMLSimpleApplication@2585cb90
reloadAllAccessors: .Assert1

===========================================================================================
----------------- testing Tue Nov 05 06:18:09 UTC 2019 /home/travis/build/icyphy/ptII/ptolemy/actor/lib/test/auto/Assert2.xml
----------------- Instantiating /home/travis/build/icyphy/ptII/ptolemy/actor/lib/test/auto/Assert2.xml
2 ms. Memory: 285696K Free: 118888K (42%)
----------------- Invoking toplevel() on ptolemy.moml.MoMLSimpleApplication@6ca963a5
----------------- Done invoking toplevel() on ptolemy.moml.MoMLSimpleApplication@6ca963a5
reloadAllAccessors: .Assert2

===========================================================================================
----------------- testing Tue Nov 05 06:18:09 UTC 2019 /home/travis/build/icyphy/ptII/ptolemy/actor/lib/test/auto/BooleanMultiplexor.xml
----------------- Instantiating /home/travis/build/icyphy/ptII/ptolemy/actor/lib/test/auto/BooleanMultiplexor.xml
2 ms. Memory: 285696K Free: 112730K (39%)
----------------- Invoking toplevel() on ptolemy.moml.MoMLSimpleApplication@7ef5c62
----------------- Done invoking toplevel() on ptolemy.moml.MoMLSimpleApplication@7ef5c62
reloadAllAccessors: .BooleanMultiplexor

===========================================================================================
----------------- testing Tue Nov 05 06:18:09 UTC 2019 /home/travis/build/icyphy/ptII/ptolemy/actor/lib/test/auto/BooleanMultiplexor2.xml
----------------- Instantiating /home/travis/build/icyphy/ptII/ptolemy/actor/lib/test/auto/BooleanMultiplexor2.xml
15 ms. Memory: 285696K Free: 106600K (37%)
----------------- Invoking toplevel() on ptolemy.moml.MoMLSimpleApplication@923a62c
----------------- Done invoking toplevel() on ptolemy.moml.MoMLSimpleApplication@923a62c
reloadAllAccessors: .BooleanMultiplexor2

===========================================================================================
----------------- testing Tue Nov 05 06:18:09 UTC 2019 /home/travis/build/icyphy/ptII/ptolemy/actor/lib/test/auto/BooleanMultiplexor3.xml
----------------- Instantiating /home/travis/build/icyphy/ptII/ptolemy/actor/lib/test/auto/BooleanMultiplexor3.xml
5 ms. Memory: 285696K Free: 102504K (36%)
----------------- Invoking toplevel() on ptolemy.moml.MoMLSimpleApplication@7a7ef729
----------------- Done invoking toplevel() on ptolemy.moml.MoMLSimpleApplication@7a7ef729
reloadAllAccessors: .BooleanMultiplexor3

===========================================================================================
----------------- testing Tue Nov 05 06:18:09 UTC 2019 /home/travis/build/icyphy/ptII/ptolemy/actor/lib/test/auto/BooleanSelect.xml
----------------- Instantiating /home/travis/build/icyphy/ptII/ptolemy/actor/lib/test/auto/BooleanSelect.xml
9 ms. Memory: 285696K Free: 96874K (34%)
----------------- Invoking toplevel() on ptolemy.moml.MoMLSimpleApplication@4be37fd3
----------------- Done invoking toplevel() on ptolemy.moml.MoMLSimpleApplication@4be37fd3
reloadAllAccessors: .BooleanSelect

===========================================================================================
----------------- testing Tue Nov 05 06:18:09 UTC 2019 /home/travis/build/icyphy/ptII/ptolemy/actor/lib/test/auto/BooleanSelect2.xml
----------------- Instantiating /home/travis/build/icyphy/ptII/ptolemy/actor/lib/test/auto/BooleanSelect2.xml
1 ms. Memory: 285696K Free: 92264K (32%)
----------------- Invoking toplevel() on ptolemy.moml.MoMLSimpleApplication@6b75cffc
----------------- Done invoking toplevel() on ptolemy.moml.MoMLSimpleApplication@6b75cffc
reloadAllAccessors: .BooleanSelect2

===========================================================================================
----------------- testing Tue Nov 05 06:18:09 UTC 2019 /home/travis/build/icyphy/ptII/ptolemy/actor/lib/test/auto/BooleanSwitch.xml
----------------- Instantiating /home/travis/build/icyphy/ptII/ptolemy/actor/lib/test/auto/BooleanSwitch.xml
10 ms. Memory: 285696K Free: 86120K (30%)
----------------- Invoking toplevel() on ptolemy.moml.MoMLSimpleApplication@1ebdeef4
----------------- Done invoking toplevel() on ptolemy.moml.MoMLSimpleApplication@1ebdeef4
reloadAllAccessors: .BooleanSwitch

===========================================================================================
----------------- testing Tue Nov 05 06:18:09 UTC 2019 /home/travis/build/icyphy/ptII/ptolemy/actor/lib/test/auto/BooleanSwitch2.xml
----------------- Instantiating /home/travis/build/icyphy/ptII/ptolemy/actor/lib/test/auto/BooleanSwitch2.xml
1 ms. Memory: 285696K Free: 81514K (29%)
----------------- Invoking toplevel() on ptolemy.moml.MoMLSimpleApplication@6bbe7105
----------------- Done invoking toplevel() on ptolemy.moml.MoMLSimpleApplication@6bbe7105
reloadAllAccessors: .BooleanSwitch2

===========================================================================================
----------------- testing Tue Nov 05 06:18:09 UTC 2019 /home/travis/build/icyphy/ptII/ptolemy/actor/lib/test/auto/BooleanSwitchCloningBugWithClassRelationGroup.xml
----------------- Instantiating /home/travis/build/icyphy/ptII/ptolemy/actor/lib/test/auto/BooleanSwitchCloningBugWithClassRelationGroup.xml
5 ms. Memory: 470016K Free: 422082K (90%)
----------------- Invoking toplevel() on ptolemy.moml.MoMLSimpleApplication@257299f8
----------------- Done invoking toplevel() on ptolemy.moml.MoMLSimpleApplication@257299f8
reloadAllAccessors: .BooleanSwitchCloningBugWithClassRelationGroup

===========================================================================================
----------------- testing Tue Nov 05 06:18:09 UTC 2019 /home/travis/build/icyphy/ptII/ptolemy/actor/lib/test/auto/BusActors.xml
----------------- Instantiating /home/travis/build/icyphy/ptII/ptolemy/actor/lib/test/auto/BusActors.xml
9 ms. Memory: 470016K Free: 413802K (88%)
----------------- Invoking toplevel() on ptolemy.moml.MoMLSimpleApplication@622390c7
----------------- Done invoking toplevel() on ptolemy.moml.MoMLSimpleApplication@622390c7
reloadAllAccessors: .BusActors

===========================================================================================
----------------- testing Tue Nov 05 06:18:09 UTC 2019 /home/travis/build/icyphy/ptII/ptolemy/actor/lib/test/auto/ClassWrapper.xml
----------------- Instantiating /home/travis/build/icyphy/ptII/ptolemy/actor/lib/test/auto/ClassWrapper.xml
5 ms. Memory: 470016K Free: 409706K (87%)
----------------- Invoking toplevel() on ptolemy.moml.MoMLSimpleApplication@305f500a
----------------- Done invoking toplevel() on ptolemy.moml.MoMLSimpleApplication@305f500a
reloadAllAccessors: .ClassWrapper

===========================================================================================
----------------- testing Tue Nov 05 06:18:09 UTC 2019 /home/travis/build/icyphy/ptII/ptolemy/actor/lib/test/auto/Clock.xml
----------------- Instantiating /home/travis/build/icyphy/ptII/ptolemy/actor/lib/test/auto/Clock.xml
4 ms. Memory: 470016K Free: 405096K (86%)
----------------- Invoking toplevel() on ptolemy.moml.MoMLSimpleApplication@1726b61a
----------------- Done invoking toplevel() on ptolemy.moml.MoMLSimpleApplication@1726b61a
reloadAllAccessors: .Clock

===========================================================================================
----------------- testing Tue Nov 05 06:18:09 UTC 2019 /home/travis/build/icyphy/ptII/ptolemy/actor/lib/test/auto/Clock10.xml
----------------- Instantiating /home/travis/build/icyphy/ptII/ptolemy/actor/lib/test/auto/Clock10.xml
5 ms. Memory: 470016K Free: 399466K (85%)
----------------- Invoking toplevel() on ptolemy.moml.MoMLSimpleApplication@1e195041
----------------- Done invoking toplevel() on ptolemy.moml.MoMLSimpleApplication@1e195041
reloadAllAccessors: .Clock10

===========================================================================================
----------------- testing Tue Nov 05 06:18:09 UTC 2019 /home/travis/build/icyphy/ptII/ptolemy/actor/lib/test/auto/Clock11.xml
----------------- Instantiating /home/travis/build/icyphy/ptII/ptolemy/actor/lib/test/auto/Clock11.xml
6 ms. Memory: 470016K Free: 393322K (84%)
----------------- Invoking toplevel() on ptolemy.moml.MoMLSimpleApplication@68d79e8b
----------------- Done invoking toplevel() on ptolemy.moml.MoMLSimpleApplication@68d79e8b
reloadAllAccessors: .Clock11

===========================================================================================
----------------- testing Tue Nov 05 06:18:10 UTC 2019 /home/travis/build/icyphy/ptII/ptolemy/actor/lib/test/auto/Clock12.xml
----------------- Instantiating /home/travis/build/icyphy/ptII/ptolemy/actor/lib/test/auto/Clock12.xml
5 ms. Memory: 470016K Free: 387178K (82%)
----------------- Invoking toplevel() on ptolemy.moml.MoMLSimpleApplication@663688ff
----------------- Done invoking toplevel() on ptolemy.moml.MoMLSimpleApplication@663688ff
reloadAllAccessors: .Clock12

===========================================================================================
----------------- testing Tue Nov 05 06:18:10 UTC 2019 /home/travis/build/icyphy/ptII/ptolemy/actor/lib/test/auto/Clock13.xml
----------------- Instantiating /home/travis/build/icyphy/ptII/ptolemy/actor/lib/test/auto/Clock13.xml
5 ms. Memory: 470016K Free: 381530K (81%)
----------------- Invoking toplevel() on ptolemy.moml.MoMLSimpleApplication@412bf676
----------------- Done invoking toplevel() on ptolemy.moml.MoMLSimpleApplication@412bf676
reloadAllAccessors: .Clock13

===========================================================================================
----------------- testing Tue Nov 05 06:18:10 UTC 2019 /home/travis/build/icyphy/ptII/ptolemy/actor/lib/test/auto/Clock14.xml
----------------- Instantiating /home/travis/build/icyphy/ptII/ptolemy/actor/lib/test/auto/Clock14.xml
5 ms. Memory: 470016K Free: 375370K (80%)
----------------- Invoking toplevel() on ptolemy.moml.MoMLSimpleApplication@5a0f754
----------------- Done invoking toplevel() on ptolemy.moml.MoMLSimpleApplication@5a0f754
reloadAllAccessors: .Clock14

===========================================================================================
----------------- testing Tue Nov 05 06:18:10 UTC 2019 /home/travis/build/icyphy/ptII/ptolemy/actor/lib/test/auto/Clock15.xml
----------------- Instantiating /home/travis/build/icyphy/ptII/ptolemy/actor/lib/test/auto/Clock15.xml
3 ms. Memory: 470016K Free: 369770K (79%)
----------------- Invoking toplevel() on ptolemy.moml.MoMLSimpleApplication@7e966f42
----------------- Done invoking toplevel() on ptolemy.moml.MoMLSimpleApplication@7e966f42
reloadAllAccessors: .Clock15

===========================================================================================
----------------- testing Tue Nov 05 06:18:10 UTC 2019 /home/travis/build/icyphy/ptII/ptolemy/actor/lib/test/auto/Clock16.xml
----------------- Instantiating /home/travis/build/icyphy/ptII/ptolemy/actor/lib/test/auto/Clock16.xml
44 ms. Memory: 470016K Free: 354914K (76%)
----------------- Invoking toplevel() on ptolemy.moml.MoMLSimpleApplication@397b291c
----------------- Done invoking toplevel() on ptolemy.moml.MoMLSimpleApplication@397b291c
reloadAllAccessors: .Clock16

===========================================================================================
----------------- testing Tue Nov 05 06:18:10 UTC 2019 /home/travis/build/icyphy/ptII/ptolemy/actor/lib/test/auto/Clock17.xml
----------------- Instantiating /home/travis/build/icyphy/ptII/ptolemy/actor/lib/test/auto/Clock17.xml
34 ms. Memory: 470016K Free: 341098K (73%)
----------------- Invoking toplevel() on ptolemy.moml.MoMLSimpleApplication@78504003
----------------- Done invoking toplevel() on ptolemy.moml.MoMLSimpleApplication@78504003
reloadAllAccessors: .Clock17

===========================================================================================
----------------- testing Tue Nov 05 06:18:10 UTC 2019 /home/travis/build/icyphy/ptII/ptolemy/actor/lib/test/auto/Clock18.xml
----------------- Instantiating /home/travis/build/icyphy/ptII/ptolemy/actor/lib/test/auto/Clock18.xml
32 ms. Memory: 470016K Free: 327274K (70%)
----------------- Invoking toplevel() on ptolemy.moml.MoMLSimpleApplication@20cf1968
----------------- Done invoking toplevel() on ptolemy.moml.MoMLSimpleApplication@20cf1968
reloadAllAccessors: .Clock18

===========================================================================================
----------------- testing Tue Nov 05 06:18:10 UTC 2019 /home/travis/build/icyphy/ptII/ptolemy/actor/lib/test/auto/Clock19.xml
----------------- Instantiating /home/travis/build/icyphy/ptII/ptolemy/actor/lib/test/auto/Clock19.xml
20 ms. Memory: 470016K Free: 314474K (67%)
----------------- Invoking toplevel() on ptolemy.moml.MoMLSimpleApplication@7c5ff58f
----------------- Done invoking toplevel() on ptolemy.moml.MoMLSimpleApplication@7c5ff58f
reloadAllAccessors: .Clock19

===========================================================================================
----------------- testing Tue Nov 05 06:18:10 UTC 2019 /home/travis/build/icyphy/ptII/ptolemy/actor/lib/test/auto/Clock2.xml
----------------- Instantiating /home/travis/build/icyphy/ptII/ptolemy/actor/lib/test/auto/Clock2.xml
9 ms. Memory: 470016K Free: 309858K (66%)
----------------- Invoking toplevel() on ptolemy.moml.MoMLSimpleApplication@387177d5
----------------- Done invoking toplevel() on ptolemy.moml.MoMLSimpleApplication@387177d5
reloadAllAccessors: .Clock2

===========================================================================================
----------------- testing Tue Nov 05 06:18:10 UTC 2019 /home/travis/build/icyphy/ptII/ptolemy/actor/lib/test/auto/Clock20.xml
----------------- Instantiating /home/travis/build/icyphy/ptII/ptolemy/actor/lib/test/auto/Clock20.xml
11 ms. Memory: 470016K Free: 304234K (65%)
----------------- Invoking toplevel() on ptolemy.moml.MoMLSimpleApplication@79b795ad
----------------- Done invoking toplevel() on ptolemy.moml.MoMLSimpleApplication@79b795ad
reloadAllAccessors: .Clock20

===========================================================================================
----------------- testing Tue Nov 05 06:18:10 UTC 2019 /home/travis/build/icyphy/ptII/ptolemy/actor/lib/test/auto/Clock21.xml
----------------- Instantiating /home/travis/build/icyphy/ptII/ptolemy/actor/lib/test/auto/Clock21.xml
5 ms. Memory: 470016K Free: 299114K (64%)
----------------- Invoking toplevel() on ptolemy.moml.MoMLSimpleApplication@323ddd75
----------------- Done invoking toplevel() on ptolemy.moml.MoMLSimpleApplication@323ddd75
reloadAllAccessors: .Clock21

===========================================================================================
----------------- testing Tue Nov 05 06:18:10 UTC 2019 /home/travis/build/icyphy/ptII/ptolemy/actor/lib/test/auto/Clock22.xml
----------------- Instantiating /home/travis/build/icyphy/ptII/ptolemy/actor/lib/test/auto/Clock22.xml
11 ms. Memory: 470016K Free: 293480K (62%)
----------------- Invoking toplevel() on ptolemy.moml.MoMLSimpleApplication@3e323825
----------------- Done invoking toplevel() on ptolemy.moml.MoMLSimpleApplication@3e323825
reloadAllAccessors: .Clock22

===========================================================================================
----------------- testing Tue Nov 05 06:18:10 UTC 2019 /home/travis/build/icyphy/ptII/ptolemy/actor/lib/test/auto/Clock23.xml
----------------- Instantiating /home/travis/build/icyphy/ptII/ptolemy/actor/lib/test/auto/Clock23.xml
5 ms. Memory: 470016K Free: 288360K (61%)
----------------- Invoking toplevel() on ptolemy.moml.MoMLSimpleApplication@1aff5d44
----------------- Done invoking toplevel() on ptolemy.moml.MoMLSimpleApplication@1aff5d44
reloadAllAccessors: .Clock23

===========================================================================================
----------------- testing Tue Nov 05 06:18:10 UTC 2019 /home/travis/build/icyphy/ptII/ptolemy/actor/lib/test/auto/Clock24.xml
----------------- Instantiating /home/travis/build/icyphy/ptII/ptolemy/actor/lib/test/auto/Clock24.xml
5 ms. Memory: 470016K Free: 282730K (60%)
----------------- Invoking toplevel() on ptolemy.moml.MoMLSimpleApplication@23696bab
----------------- Done invoking toplevel() on ptolemy.moml.MoMLSimpleApplication@23696bab
reloadAllAccessors: .Clock24

===========================================================================================
----------------- testing Tue Nov 05 06:18:10 UTC 2019 /home/travis/build/icyphy/ptII/ptolemy/actor/lib/test/auto/Clock4.xml
----------------- Instantiating /home/travis/build/icyphy/ptII/ptolemy/actor/lib/test/auto/Clock4.xml
2 ms. Memory: 470016K Free: 278114K (59%)
----------------- Invoking toplevel() on ptolemy.moml.MoMLSimpleApplication@23df3326
----------------- Done invoking toplevel() on ptolemy.moml.MoMLSimpleApplication@23df3326
reloadAllAccessors: .Clock4

===========================================================================================
----------------- testing Tue Nov 05 06:18:10 UTC 2019 /home/travis/build/icyphy/ptII/ptolemy/actor/lib/test/auto/Clock5.xml
----------------- Instantiating /home/travis/build/icyphy/ptII/ptolemy/actor/lib/test/auto/Clock5.xml
2 ms. Memory: 470016K Free: 272490K (58%)
----------------- Invoking toplevel() on ptolemy.moml.MoMLSimpleApplication@490eed43
----------------- Done invoking toplevel() on ptolemy.moml.MoMLSimpleApplication@490eed43
reloadAllAccessors: .Clock5

===========================================================================================
----------------- testing Tue Nov 05 06:18:10 UTC 2019 /home/travis/build/icyphy/ptII/ptolemy/actor/lib/test/auto/Clock6.xml
----------------- Instantiating /home/travis/build/icyphy/ptII/ptolemy/actor/lib/test/auto/Clock6.xml
4 ms. Memory: 470016K Free: 267880K (57%)
----------------- Invoking toplevel() on ptolemy.moml.MoMLSimpleApplication@3cf4da48
----------------- Done invoking toplevel() on ptolemy.moml.MoMLSimpleApplication@3cf4da48
reloadAllAccessors: .Clock6

===========================================================================================
----------------- testing Tue Nov 05 06:18:10 UTC 2019 /home/travis/build/icyphy/ptII/ptolemy/actor/lib/test/auto/Clock7.xml
----------------- Instantiating /home/travis/build/icyphy/ptII/ptolemy/actor/lib/test/auto/Clock7.xml
2 ms. Memory: 470016K Free: 263784K (56%)
----------------- Invoking toplevel() on ptolemy.moml.MoMLSimpleApplication@1c5e4b23
----------------- Done invoking toplevel() on ptolemy.moml.MoMLSimpleApplication@1c5e4b23
reloadAllAccessors: .Clock7

===========================================================================================
----------------- testing Tue Nov 05 06:18:10 UTC 2019 /home/travis/build/icyphy/ptII/ptolemy/actor/lib/test/auto/Clock8.xml
----------------- Instantiating /home/travis/build/icyphy/ptII/ptolemy/actor/lib/test/auto/Clock8.xml
3 ms. Memory: 470016K Free: 258154K (55%)
----------------- Invoking toplevel() on ptolemy.moml.MoMLSimpleApplication@7df52a02
----------------- Done invoking toplevel() on ptolemy.moml.MoMLSimpleApplication@7df52a02
reloadAllAccessors: .Clock8

===========================================================================================
----------------- testing Tue Nov 05 06:18:10 UTC 2019 /home/travis/build/icyphy/ptII/ptolemy/actor/lib/test/auto/Clock9.xml
----------------- Instantiating /home/travis/build/icyphy/ptII/ptolemy/actor/lib/test/auto/Clock9.xml
4 ms. Memory: 470016K Free: 253034K (54%)
----------------- Invoking toplevel() on ptolemy.moml.MoMLSimpleApplication@31cb44ba
----------------- Done invoking toplevel() on ptolemy.moml.MoMLSimpleApplication@31cb44ba
reloadAllAccessors: .Clock9

===========================================================================================
----------------- testing Tue Nov 05 06:18:10 UTC 2019 /home/travis/build/icyphy/ptII/ptolemy/actor/lib/test/auto/CommDistDiscard.xml
----------------- Instantiating /home/travis/build/icyphy/ptII/ptolemy/actor/lib/test/auto/CommDistDiscard.xml
6 ms. Memory: 470016K Free: 247400K (53%)
----------------- Invoking toplevel() on ptolemy.moml.MoMLSimpleApplication@70821657
----------------- Done invoking toplevel() on ptolemy.moml.MoMLSimpleApplication@70821657
reloadAllAccessors: .CommDistDiscard

===========================================================================================
----------------- testing Tue Nov 05 06:18:10 UTC 2019 /home/travis/build/icyphy/ptII/ptolemy/actor/lib/test/auto/Commutator.xml
----------------- Instantiating /home/travis/build/icyphy/ptII/ptolemy/actor/lib/test/auto/Commutator.xml
4 ms. Memory: 470016K Free: 242794K (52%)
----------------- Invoking toplevel() on ptolemy.moml.MoMLSimpleApplication@2f5389bc
----------------- Done invoking toplevel() on ptolemy.moml.MoMLSimpleApplication@2f5389bc
reloadAllAccessors: .Commutator

===========================================================================================
----------------- testing Tue Nov 05 06:18:10 UTC 2019 /home/travis/build/icyphy/ptII/ptolemy/actor/lib/test/auto/Commutator2.xml
----------------- Instantiating /home/travis/build/icyphy/ptII/ptolemy/actor/lib/test/auto/Commutator2.xml
2 ms. Memory: 470016K Free: 238698K (51%)
----------------- Invoking toplevel() on ptolemy.moml.MoMLSimpleApplication@34a69eef
----------------- Done invoking toplevel() on ptolemy.moml.MoMLSimpleApplication@34a69eef
reloadAllAccessors: .Commutator2

===========================================================================================
----------------- testing Tue Nov 05 06:18:10 UTC 2019 /home/travis/build/icyphy/ptII/ptolemy/actor/lib/test/auto/Commutator3.xml
----------------- Instantiating /home/travis/build/icyphy/ptII/ptolemy/actor/lib/test/auto/Commutator3.xml
3 ms. Memory: 470016K Free: 234088K (50%)
----------------- Invoking toplevel() on ptolemy.moml.MoMLSimpleApplication@7209f89c
----------------- Done invoking toplevel() on ptolemy.moml.MoMLSimpleApplication@7209f89c
reloadAllAccessors: .Commutator3

===========================================================================================
----------------- testing Tue Nov 05 06:18:10 UTC 2019 /home/travis/build/icyphy/ptII/ptolemy/actor/lib/test/auto/Compare.xml
----------------- Instantiating /home/travis/build/icyphy/ptII/ptolemy/actor/lib/test/auto/Compare.xml
3 ms. Memory: 470016K Free: 227944K (48%)
----------------- Invoking toplevel() on ptolemy.moml.MoMLSimpleApplication@1e11b8f
----------------- Done invoking toplevel() on ptolemy.moml.MoMLSimpleApplication@1e11b8f
reloadAllAccessors: .Compare

===========================================================================================
----------------- testing Tue Nov 05 06:18:11 UTC 2019 /home/travis/build/icyphy/ptII/ptolemy/actor/lib/test/auto/CompareDE.xml
----------------- Instantiating /home/travis/build/icyphy/ptII/ptolemy/actor/lib/test/auto/CompareDE.xml
4 ms. Memory: 470016K Free: 220762K (47%)
----------------- Invoking toplevel() on ptolemy.moml.MoMLSimpleApplication@68616ed1
----------------- Done invoking toplevel() on ptolemy.moml.MoMLSimpleApplication@68616ed1
reloadAllAccessors: .CompareDE

===========================================================================================
----------------- testing Tue Nov 05 06:18:11 UTC 2019 /home/travis/build/icyphy/ptII/ptolemy/actor/lib/test/auto/ComplexDivide.xml
----------------- Instantiating /home/travis/build/icyphy/ptII/ptolemy/actor/lib/test/auto/ComplexDivide.xml
1 ms. Memory: 470016K Free: 418920K (89%)
----------------- Invoking toplevel() on ptolemy.moml.MoMLSimpleApplication@20c239ab
----------------- Done invoking toplevel() on ptolemy.moml.MoMLSimpleApplication@20c239ab
reloadAllAccessors: .ComplexDivide

===========================================================================================
----------------- testing Tue Nov 05 06:18:11 UTC 2019 /home/travis/build/icyphy/ptII/ptolemy/actor/lib/test/auto/ComputeHistogram.xml
----------------- Instantiating /home/travis/build/icyphy/ptII/ptolemy/actor/lib/test/auto/ComputeHistogram.xml
37 ms. Memory: 470016K Free: 406632K (87%)
----------------- Invoking toplevel() on ptolemy.moml.MoMLSimpleApplication@58f3958a
----------------- Done invoking toplevel() on ptolemy.moml.MoMLSimpleApplication@58f3958a
reloadAllAccessors: .ComputeHistogram

===========================================================================================
----------------- testing Tue Nov 05 06:18:11 UTC 2019 /home/travis/build/icyphy/ptII/ptolemy/actor/lib/test/auto/ConfigurationSelect.xml
----------------- Instantiating /home/travis/build/icyphy/ptII/ptolemy/actor/lib/test/auto/ConfigurationSelect.xml
9 ms. Memory: 470016K Free: 401002K (85%)
----------------- Invoking toplevel() on ptolemy.moml.MoMLSimpleApplication@4dc5e01c
----------------- Done invoking toplevel() on ptolemy.moml.MoMLSimpleApplication@4dc5e01c
reloadAllAccessors: .ConfigurationSelect

===========================================================================================
----------------- testing Tue Nov 05 06:18:11 UTC 2019 /home/travis/build/icyphy/ptII/ptolemy/actor/lib/test/auto/ConfigurationSelect2.xml
----------------- Instantiating /home/travis/build/icyphy/ptII/ptolemy/actor/lib/test/auto/ConfigurationSelect2.xml
2 ms. Memory: 470016K Free: 396906K (84%)
----------------- Invoking toplevel() on ptolemy.moml.MoMLSimpleApplication@2430ff6d
----------------- Done invoking toplevel() on ptolemy.moml.MoMLSimpleApplication@2430ff6d
reloadAllAccessors: .ConfigurationSelect2

===========================================================================================
----------------- testing Tue Nov 05 06:18:11 UTC 2019 /home/travis/build/icyphy/ptII/ptolemy/actor/lib/test/auto/ConfigurationSwitch.xml
----------------- Instantiating /home/travis/build/icyphy/ptII/ptolemy/actor/lib/test/auto/ConfigurationSwitch.xml
2 ms. Memory: 470016K Free: 391272K (83%)
----------------- Invoking toplevel() on ptolemy.moml.MoMLSimpleApplication@17e8a156
----------------- Done invoking toplevel() on ptolemy.moml.MoMLSimpleApplication@17e8a156
reloadAllAccessors: .ConfigurationSwitch

===========================================================================================
----------------- testing Tue Nov 05 06:18:11 UTC 2019 /home/travis/build/icyphy/ptII/ptolemy/actor/lib/test/auto/ConfigurationSwitch2.xml
----------------- Instantiating /home/travis/build/icyphy/ptII/ptolemy/actor/lib/test/auto/ConfigurationSwitch2.xml
3 ms. Memory: 470016K Free: 385642K (82%)
----------------- Invoking toplevel() on ptolemy.moml.MoMLSimpleApplication@7dd93dc9
----------------- Done invoking toplevel() on ptolemy.moml.MoMLSimpleApplication@7dd93dc9
reloadAllAccessors: .ConfigurationSwitch2

===========================================================================================
----------------- testing Tue Nov 05 06:18:11 UTC 2019 /home/travis/build/icyphy/ptII/ptolemy/actor/lib/test/auto/ConfigurationSwitchCloningBugWithClassRelationGroup.xml
----------------- Instantiating /home/travis/build/icyphy/ptII/ptolemy/actor/lib/test/auto/ConfigurationSwitchCloningBugWithClassRelationGroup.xml
2 ms. Memory: 470016K Free: 378984K (81%)
----------------- Invoking toplevel() on ptolemy.moml.MoMLSimpleApplication@c138223
----------------- Done invoking toplevel() on ptolemy.moml.MoMLSimpleApplication@c138223
reloadAllAccessors: .ConfigurationSwitchCloningBugWithClassRelationGroup

===========================================================================================
----------------- testing Tue Nov 05 06:18:11 UTC 2019 /home/travis/build/icyphy/ptII/ptolemy/actor/lib/test/auto/ConfigurationSwitchSelectSDF.xml
----------------- Instantiating /home/travis/build/icyphy/ptII/ptolemy/actor/lib/test/auto/ConfigurationSwitchSelectSDF.xml
3 ms. Memory: 470016K Free: 373354K (79%)
----------------- Invoking toplevel() on ptolemy.moml.MoMLSimpleApplication@426b0159
----------------- Done invoking toplevel() on ptolemy.moml.MoMLSimpleApplication@426b0159
reloadAllAccessors: .ConfigurationSwitchSelectSDF

===========================================================================================
----------------- testing Tue Nov 05 06:18:11 UTC 2019 /home/travis/build/icyphy/ptII/ptolemy/actor/lib/test/auto/ConfigurationSwitchSelectSDF2.xml
----------------- Instantiating /home/travis/build/icyphy/ptII/ptolemy/actor/lib/test/auto/ConfigurationSwitchSelectSDF2.xml
3 ms. Memory: 470016K Free: 367210K (78%)
----------------- Invoking toplevel() on ptolemy.moml.MoMLSimpleApplication@469b2fbb
----------------- Done invoking toplevel() on ptolemy.moml.MoMLSimpleApplication@469b2fbb
reloadAllAccessors: .ConfigurationSwitchSelectSDF2

===========================================================================================
----------------- testing Tue Nov 05 06:18:11 UTC 2019 /home/travis/build/icyphy/ptII/ptolemy/actor/lib/test/auto/Const.xml
----------------- Instantiating /home/travis/build/icyphy/ptII/ptolemy/actor/lib/test/auto/Const.xml
2 ms. Memory: 470016K Free: 364138K (77%)
----------------- Invoking toplevel() on ptolemy.moml.MoMLSimpleApplication@627c41d3
----------------- Done invoking toplevel() on ptolemy.moml.MoMLSimpleApplication@627c41d3
reloadAllAccessors: .Const

===========================================================================================
----------------- testing Tue Nov 05 06:18:11 UTC 2019 /home/travis/build/icyphy/ptII/ptolemy/actor/lib/test/auto/Const2.xml
----------------- Instantiating /home/travis/build/icyphy/ptII/ptolemy/actor/lib/test/auto/Const2.xml
1 ms. Memory: 470016K Free: 360042K (77%)
----------------- Invoking toplevel() on ptolemy.moml.MoMLSimpleApplication@d80461a
----------------- Done invoking toplevel() on ptolemy.moml.MoMLSimpleApplication@d80461a
reloadAllAccessors: .Const2

===========================================================================================
----------------- testing Tue Nov 05 06:18:11 UTC 2019 /home/travis/build/icyphy/ptII/ptolemy/actor/lib/test/auto/Const3.xml
----------------- Instantiating /home/travis/build/icyphy/ptII/ptolemy/actor/lib/test/auto/Const3.xml
1 ms. Memory: 470016K Free: 356970K (76%)
----------------- Invoking toplevel() on ptolemy.moml.MoMLSimpleApplication@3ebd89f
----------------- Done invoking toplevel() on ptolemy.moml.MoMLSimpleApplication@3ebd89f
reloadAllAccessors: .Const3

===========================================================================================
----------------- testing Tue Nov 05 06:18:11 UTC 2019 /home/travis/build/icyphy/ptII/ptolemy/actor/lib/test/auto/ConstantPublisherPort1.xml
----------------- Instantiating /home/travis/build/icyphy/ptII/ptolemy/actor/lib/test/auto/ConstantPublisherPort1.xml
10 ms. Memory: 470016K Free: 348264K (74%)
----------------- Invoking toplevel() on ptolemy.moml.MoMLSimpleApplication@5743347e
----------------- Done invoking toplevel() on ptolemy.moml.MoMLSimpleApplication@5743347e
reloadAllAccessors: .ConstantPublisherPort1

===========================================================================================
----------------- testing Tue Nov 05 06:18:11 UTC 2019 /home/travis/build/icyphy/ptII/ptolemy/actor/lib/test/auto/ConstantPublisherPort2.xml
----------------- Instantiating /home/travis/build/icyphy/ptII/ptolemy/actor/lib/test/auto/ConstantPublisherPort2.xml
14 ms. Memory: 470016K Free: 340586K (72%)
----------------- Invoking toplevel() on ptolemy.moml.MoMLSimpleApplication@65c362ed
----------------- Done invoking toplevel() on ptolemy.moml.MoMLSimpleApplication@65c362ed
reloadAllAccessors: .ConstantPublisherPort2

===========================================================================================
----------------- testing Tue Nov 05 06:18:11 UTC 2019 /home/travis/build/icyphy/ptII/ptolemy/actor/lib/test/auto/ConstantPublisherPort3.xml
----------------- Instantiating /home/travis/build/icyphy/ptII/ptolemy/actor/lib/test/auto/ConstantPublisherPort3.xml
8 ms. Memory: 470016K Free: 333418K (71%)
----------------- Invoking toplevel() on ptolemy.moml.MoMLSimpleApplication@35da67d
----------------- Done invoking toplevel() on ptolemy.moml.MoMLSimpleApplication@35da67d
reloadAllAccessors: .ConstantPublisherPort3

===========================================================================================
----------------- testing Tue Nov 05 06:18:11 UTC 2019 /home/travis/build/icyphy/ptII/ptolemy/actor/lib/test/auto/ConstantPublisherPort4.xml
----------------- Instantiating /home/travis/build/icyphy/ptII/ptolemy/actor/lib/test/auto/ConstantPublisherPort4.xml
3 ms. Memory: 470016K Free: 326250K (69%)
----------------- Invoking toplevel() on ptolemy.moml.MoMLSimpleApplication@20fe1787
----------------- Done invoking toplevel() on ptolemy.moml.MoMLSimpleApplication@20fe1787
reloadAllAccessors: .ConstantPublisherPort4

===========================================================================================
----------------- testing Tue Nov 05 06:18:11 UTC 2019 /home/travis/build/icyphy/ptII/ptolemy/actor/lib/test/auto/ConstantPublisherPort5.xml
----------------- Instantiating /home/travis/build/icyphy/ptII/ptolemy/actor/lib/test/auto/ConstantPublisherPort5.xml
36 ms. Memory: 470016K Free: 316520K (67%)
----------------- Invoking toplevel() on ptolemy.moml.MoMLSimpleApplication@246a016b
----------------- Done invoking toplevel() on ptolemy.moml.MoMLSimpleApplication@246a016b
reloadAllAccessors: .ConstantPublisherPort5

===========================================================================================
----------------- testing Tue Nov 05 06:18:11 UTC 2019 /home/travis/build/icyphy/ptII/ptolemy/actor/lib/test/auto/ConstantPublisherPort6.xml
----------------- Instantiating /home/travis/build/icyphy/ptII/ptolemy/actor/lib/test/auto/ConstantPublisherPort6.xml
21 ms. Memory: 470016K Free: 307818K (65%)
----------------- Invoking toplevel() on ptolemy.moml.MoMLSimpleApplication@255d4f7
----------------- Done invoking toplevel() on ptolemy.moml.MoMLSimpleApplication@255d4f7
reloadAllAccessors: .ConstantPublisherPort6

===========================================================================================
----------------- testing Tue Nov 05 06:18:11 UTC 2019 /home/travis/build/icyphy/ptII/ptolemy/actor/lib/test/auto/ConstantPublisherPort7.xml
----------------- Instantiating /home/travis/build/icyphy/ptII/ptolemy/actor/lib/test/auto/ConstantPublisherPort7.xml
13 ms. Memory: 470016K Free: 298602K (64%)
----------------- Invoking toplevel() on ptolemy.moml.MoMLSimpleApplication@15765d38
----------------- Done invoking toplevel() on ptolemy.moml.MoMLSimpleApplication@15765d38
reloadAllAccessors: .ConstantPublisherPort7

===========================================================================================
----------------- testing Tue Nov 05 06:18:11 UTC 2019 /home/travis/build/icyphy/ptII/ptolemy/actor/lib/test/auto/ConstraintMonitor1.xml
----------------- Instantiating /home/travis/build/icyphy/ptII/ptolemy/actor/lib/test/auto/ConstraintMonitor1.xml
6 ms. Memory: 470016K Free: 293482K (62%)
----------------- Invoking toplevel() on ptolemy.moml.MoMLSimpleApplication@7c4b649b
----------------- Done invoking toplevel() on ptolemy.moml.MoMLSimpleApplication@7c4b649b
reloadAllAccessors: .ConstraintMonitor1

===========================================================================================
----------------- testing Tue Nov 05 06:18:11 UTC 2019 /home/travis/build/icyphy/ptII/ptolemy/actor/lib/test/auto/ConstraintMonitor2.xml
----------------- Instantiating /home/travis/build/icyphy/ptII/ptolemy/actor/lib/test/auto/ConstraintMonitor2.xml
2 ms. Memory: 470016K Free: 289386K (62%)
----------------- Invoking toplevel() on ptolemy.moml.MoMLSimpleApplication@5feb32c7
----------------- Done invoking toplevel() on ptolemy.moml.MoMLSimpleApplication@5feb32c7
reloadAllAccessors: .ConstraintMonitor2

===========================================================================================
----------------- testing Tue Nov 05 06:18:11 UTC 2019 /home/travis/build/icyphy/ptII/ptolemy/actor/lib/test/auto/ConstraintMonitor3.xml
----------------- Instantiating /home/travis/build/icyphy/ptII/ptolemy/actor/lib/test/auto/ConstraintMonitor3.xml
5 ms. Memory: 470016K Free: 284266K (60%)
----------------- Invoking toplevel() on ptolemy.moml.MoMLSimpleApplication@45c433fa
----------------- Done invoking toplevel() on ptolemy.moml.MoMLSimpleApplication@45c433fa
reloadAllAccessors: .ConstraintMonitor3

===========================================================================================
----------------- testing Tue Nov 05 06:18:11 UTC 2019 /home/travis/build/icyphy/ptII/ptolemy/actor/lib/test/auto/ConstraintMonitor4.xml
----------------- Instantiating /home/travis/build/icyphy/ptII/ptolemy/actor/lib/test/auto/ConstraintMonitor4.xml
5 ms. Memory: 470016K Free: 279146K (59%)
----------------- Invoking toplevel() on ptolemy.moml.MoMLSimpleApplication@42a151f8
----------------- Done invoking toplevel() on ptolemy.moml.MoMLSimpleApplication@42a151f8
reloadAllAccessors: .ConstraintMonitor4

===========================================================================================
----------------- testing Tue Nov 05 06:18:11 UTC 2019 /home/travis/build/icyphy/ptII/ptolemy/actor/lib/test/auto/ConstraintMonitor5.xml
----------------- Instantiating /home/travis/build/icyphy/ptII/ptolemy/actor/lib/test/auto/ConstraintMonitor5.xml
9 ms. Memory: 470016K Free: 274536K (58%)
----------------- Invoking toplevel() on ptolemy.moml.MoMLSimpleApplication@2331fb0e
----------------- Done invoking toplevel() on ptolemy.moml.MoMLSimpleApplication@2331fb0e
reloadAllAccessors: .ConstraintMonitor5

===========================================================================================
----------------- testing Tue Nov 05 06:18:11 UTC 2019 /home/travis/build/icyphy/ptII/ptolemy/actor/lib/test/auto/ConstraintMonitor6.xml
----------------- Instantiating /home/travis/build/icyphy/ptII/ptolemy/actor/lib/test/auto/ConstraintMonitor6.xml
10 ms. Memory: 470016K Free: 268378K (57%)
----------------- Invoking toplevel() on ptolemy.moml.MoMLSimpleApplication@237313df
----------------- Done invoking toplevel() on ptolemy.moml.MoMLSimpleApplication@237313df
reloadAllAccessors: .ConstraintMonitor6

===========================================================================================
----------------- testing Tue Nov 05 06:18:11 UTC 2019 /home/travis/build/icyphy/ptII/ptolemy/actor/lib/test/auto/ConstraintMonitor7.xml
----------------- Instantiating /home/travis/build/icyphy/ptII/ptolemy/actor/lib/test/auto/ConstraintMonitor7.xml
10 ms. Memory: 470016K Free: 261738K (56%)
----------------- Invoking toplevel() on ptolemy.moml.MoMLSimpleApplication@1150185c
----------------- Done invoking toplevel() on ptolemy.moml.MoMLSimpleApplication@1150185c
reloadAllAccessors: .ConstraintMonitor7

===========================================================================================
----------------- testing Tue Nov 05 06:18:11 UTC 2019 /home/travis/build/icyphy/ptII/ptolemy/actor/lib/test/auto/ConstraintMonitor8.xml
----------------- Instantiating /home/travis/build/icyphy/ptII/ptolemy/actor/lib/test/auto/ConstraintMonitor8.xml
10 ms. Memory: 470016K Free: 254056K (54%)
----------------- Invoking toplevel() on ptolemy.moml.MoMLSimpleApplication@5c9fdccc
----------------- Done invoking toplevel() on ptolemy.moml.MoMLSimpleApplication@5c9fdccc
reloadAllAccessors: .ConstraintMonitor8

===========================================================================================
----------------- testing Tue Nov 05 06:18:12 UTC 2019 /home/travis/build/icyphy/ptII/ptolemy/actor/lib/test/auto/Counter.xml
----------------- Instantiating /home/travis/build/icyphy/ptII/ptolemy/actor/lib/test/auto/Counter.xml
3 ms. Memory: 470016K Free: 248936K (53%)
----------------- Invoking toplevel() on ptolemy.moml.MoMLSimpleApplication@7dbc7727
----------------- Done invoking toplevel() on ptolemy.moml.MoMLSimpleApplication@7dbc7727
reloadAllAccessors: .Counter

===========================================================================================
----------------- testing Tue Nov 05 06:18:12 UTC 2019 /home/travis/build/icyphy/ptII/ptolemy/actor/lib/test/auto/CurrentTimeSDF.xml
----------------- Instantiating /home/travis/build/icyphy/ptII/ptolemy/actor/lib/test/auto/CurrentTimeSDF.xml
2 ms. Memory: 470016K Free: 244840K (52%)
----------------- Invoking toplevel() on ptolemy.moml.MoMLSimpleApplication@76e2c696
----------------- Done invoking toplevel() on ptolemy.moml.MoMLSimpleApplication@76e2c696
reloadAllAccessors: .CurrentTimeSDF

===========================================================================================
----------------- testing Tue Nov 05 06:18:12 UTC 2019 /home/travis/build/icyphy/ptII/ptolemy/actor/lib/test/auto/DB.xml
----------------- Instantiating /home/travis/build/icyphy/ptII/ptolemy/actor/lib/test/auto/DB.xml
3 ms. Memory: 470016K Free: 239720K (51%)
----------------- Invoking toplevel() on ptolemy.moml.MoMLSimpleApplication@4ada9b52
----------------- Done invoking toplevel() on ptolemy.moml.MoMLSimpleApplication@4ada9b52
reloadAllAccessors: .DB

===========================================================================================
----------------- testing Tue Nov 05 06:18:12 UTC 2019 /home/travis/build/icyphy/ptII/ptolemy/actor/lib/test/auto/DBDE.xml
----------------- Instantiating /home/travis/build/icyphy/ptII/ptolemy/actor/lib/test/auto/DBDE.xml
2 ms. Memory: 470016K Free: 234090K (50%)
----------------- Invoking toplevel() on ptolemy.moml.MoMLSimpleApplication@58ec846e
----------------- Done invoking toplevel() on ptolemy.moml.MoMLSimpleApplication@58ec846e
reloadAllAccessors: .DBDE

===========================================================================================
----------------- testing Tue Nov 05 06:18:12 UTC 2019 /home/travis/build/icyphy/ptII/ptolemy/actor/lib/test/auto/DateConstructor.xml
----------------- Instantiating /home/travis/build/icyphy/ptII/ptolemy/actor/lib/test/auto/DateConstructor.xml
30 ms. Memory: 470016K Free: 216168K (46%)
----------------- Invoking toplevel() on ptolemy.moml.MoMLSimpleApplication@71693ac0
----------------- Done invoking toplevel() on ptolemy.moml.MoMLSimpleApplication@71693ac0
reloadAllAccessors: .DateConstructor

===========================================================================================
----------------- testing Tue Nov 05 06:18:12 UTC 2019 /home/travis/build/icyphy/ptII/ptolemy/actor/lib/test/auto/DelayTime.xml
----------------- Instantiating /home/travis/build/icyphy/ptII/ptolemy/actor/lib/test/auto/DelayTime.xml
7 ms. Memory: 470016K Free: 211048K (45%)
----------------- Invoking toplevel() on ptolemy.moml.MoMLSimpleApplication@10db98de
----------------- Done invoking toplevel() on ptolemy.moml.MoMLSimpleApplication@10db98de
reloadAllAccessors: .DelayTime

===========================================================================================
----------------- testing Tue Nov 05 06:18:12 UTC 2019 /home/travis/build/icyphy/ptII/ptolemy/actor/lib/test/auto/Dictionary1.xml
----------------- Instantiating /home/travis/build/icyphy/ptII/ptolemy/actor/lib/test/auto/Dictionary1.xml
1 ms. Memory: 470016K Free: 205928K (44%)
----------------- Invoking toplevel() on ptolemy.moml.MoMLSimpleApplication@2b9b7d9b
----------------- Done invoking toplevel() on ptolemy.moml.MoMLSimpleApplication@2b9b7d9b
reloadAllAccessors: .Dictionary1

===========================================================================================
----------------- testing Tue Nov 05 06:18:12 UTC 2019 /home/travis/build/icyphy/ptII/ptolemy/actor/lib/test/auto/Dictionary2.xml
----------------- Instantiating /home/travis/build/icyphy/ptII/ptolemy/actor/lib/test/auto/Dictionary2.xml
9 ms. Memory: 470016K Free: 200298K (43%)
----------------- Invoking toplevel() on ptolemy.moml.MoMLSimpleApplication@6f20c0bd
----------------- Done invoking toplevel() on ptolemy.moml.MoMLSimpleApplication@6f20c0bd
reloadAllAccessors: .Dictionary2

===========================================================================================
----------------- testing Tue Nov 05 06:18:12 UTC 2019 /home/travis/build/icyphy/ptII/ptolemy/actor/lib/test/auto/Dictionary3.xml
----------------- Instantiating /home/travis/build/icyphy/ptII/ptolemy/actor/lib/test/auto/Dictionary3.xml
2 ms. Memory: 470016K Free: 194664K (41%)
----------------- Invoking toplevel() on ptolemy.moml.MoMLSimpleApplication@68f8376a
----------------- Done invoking toplevel() on ptolemy.moml.MoMLSimpleApplication@68f8376a
reloadAllAccessors: .Dictionary3

===========================================================================================
----------------- testing Tue Nov 05 06:18:12 UTC 2019 /home/travis/build/icyphy/ptII/ptolemy/actor/lib/test/auto/Dictionary4.xml
----------------- Instantiating /home/travis/build/icyphy/ptII/ptolemy/actor/lib/test/auto/Dictionary4.xml
3 ms. Memory: 470016K Free: 187496K (40%)
----------------- Invoking toplevel() on ptolemy.moml.MoMLSimpleApplication@79f81330
----------------- Done invoking toplevel() on ptolemy.moml.MoMLSimpleApplication@79f81330
reloadAllAccessors: .Dictionary4

===========================================================================================
----------------- testing Tue Nov 05 06:18:12 UTC 2019 /home/travis/build/icyphy/ptII/ptolemy/actor/lib/test/auto/Differential.xml
----------------- Instantiating /home/travis/build/icyphy/ptII/ptolemy/actor/lib/test/auto/Differential.xml
4 ms. Memory: 470016K Free: 183400K (39%)
----------------- Invoking toplevel() on ptolemy.moml.MoMLSimpleApplication@b6e560e
----------------- Done invoking toplevel() on ptolemy.moml.MoMLSimpleApplication@b6e560e
reloadAllAccessors: .Differential

===========================================================================================
----------------- testing Tue Nov 05 06:18:12 UTC 2019 /home/travis/build/icyphy/ptII/ptolemy/actor/lib/test/auto/Director.xml
----------------- Instantiating /home/travis/build/icyphy/ptII/ptolemy/actor/lib/test/auto/Director.xml
5 ms. Memory: 470016K Free: 179818K (38%)
----------------- Invoking toplevel() on ptolemy.moml.MoMLSimpleApplication@675c6bf
----------------- Done invoking toplevel() on ptolemy.moml.MoMLSimpleApplication@675c6bf
reloadAllAccessors: .Director

===========================================================================================
----------------- testing Tue Nov 05 06:18:12 UTC 2019 /home/travis/build/icyphy/ptII/ptolemy/actor/lib/test/auto/DiscreteClock.xml
----------------- Instantiating /home/travis/build/icyphy/ptII/ptolemy/actor/lib/test/auto/DiscreteClock.xml
1 ms. Memory: 470016K Free: 175722K (37%)
----------------- Invoking toplevel() on ptolemy.moml.MoMLSimpleApplication@ac2e2c8
----------------- Done invoking toplevel() on ptolemy.moml.MoMLSimpleApplication@ac2e2c8
reloadAllAccessors: .DiscreteClock

===========================================================================================
----------------- testing Tue Nov 05 06:18:12 UTC 2019 /home/travis/build/icyphy/ptII/ptolemy/actor/lib/test/auto/DiscreteClock10.xml
----------------- Instantiating /home/travis/build/icyphy/ptII/ptolemy/actor/lib/test/auto/DiscreteClock10.xml
5 ms. Memory: 470016K Free: 170088K (36%)
----------------- Invoking toplevel() on ptolemy.moml.MoMLSimpleApplication@5f5fe209
----------------- Done invoking toplevel() on ptolemy.moml.MoMLSimpleApplication@5f5fe209
reloadAllAccessors: .DiscreteClock10

===========================================================================================
----------------- testing Tue Nov 05 06:18:12 UTC 2019 /home/travis/build/icyphy/ptII/ptolemy/actor/lib/test/auto/DiscreteClock11.xml
----------------- Instantiating /home/travis/build/icyphy/ptII/ptolemy/actor/lib/test/auto/DiscreteClock11.xml
3 ms. Memory: 470016K Free: 163944K (35%)
----------------- Invoking toplevel() on ptolemy.moml.MoMLSimpleApplication@374518ff
----------------- Done invoking toplevel() on ptolemy.moml.MoMLSimpleApplication@374518ff
reloadAllAccessors: .DiscreteClock11

===========================================================================================
----------------- testing Tue Nov 05 06:18:12 UTC 2019 /home/travis/build/icyphy/ptII/ptolemy/actor/lib/test/auto/DiscreteClock12.xml
----------------- Instantiating /home/travis/build/icyphy/ptII/ptolemy/actor/lib/test/auto/DiscreteClock12.xml
3 ms. Memory: 470016K Free: 157800K (34%)
----------------- Invoking toplevel() on ptolemy.moml.MoMLSimpleApplication@7120dc1d
----------------- Done invoking toplevel() on ptolemy.moml.MoMLSimpleApplication@7120dc1d
reloadAllAccessors: .DiscreteClock12

===========================================================================================
----------------- testing Tue Nov 05 06:18:12 UTC 2019 /home/travis/build/icyphy/ptII/ptolemy/actor/lib/test/auto/DiscreteClock13.xml
----------------- Instantiating /home/travis/build/icyphy/ptII/ptolemy/actor/lib/test/auto/DiscreteClock13.xml
6 ms. Memory: 470016K Free: 151650K (32%)
----------------- Invoking toplevel() on ptolemy.moml.MoMLSimpleApplication@140a19c9
----------------- Done invoking toplevel() on ptolemy.moml.MoMLSimpleApplication@140a19c9
reloadAllAccessors: .DiscreteClock13

===========================================================================================
----------------- testing Tue Nov 05 06:18:12 UTC 2019 /home/travis/build/icyphy/ptII/ptolemy/actor/lib/test/auto/DiscreteClock14.xml
----------------- Instantiating /home/travis/build/icyphy/ptII/ptolemy/actor/lib/test/auto/DiscreteClock14.xml
6 ms. Memory: 470016K Free: 417386K (89%)
----------------- Invoking toplevel() on ptolemy.moml.MoMLSimpleApplication@4cdc5c7f
----------------- Done invoking toplevel() on ptolemy.moml.MoMLSimpleApplication@4cdc5c7f
reloadAllAccessors: .DiscreteClock14

===========================================================================================
----------------- testing Tue Nov 05 06:18:12 UTC 2019 /home/travis/build/icyphy/ptII/ptolemy/actor/lib/test/auto/DiscreteClock15.xml
----------------- Instantiating /home/travis/build/icyphy/ptII/ptolemy/actor/lib/test/auto/DiscreteClock15.xml
5 ms. Memory: 470016K Free: 411242K (87%)
----------------- Invoking toplevel() on ptolemy.moml.MoMLSimpleApplication@5deabf59
----------------- Done invoking toplevel() on ptolemy.moml.MoMLSimpleApplication@5deabf59
reloadAllAccessors: .DiscreteClock15

===========================================================================================
----------------- testing Tue Nov 05 06:18:12 UTC 2019 /home/travis/build/icyphy/ptII/ptolemy/actor/lib/test/auto/DiscreteClock16.xml
----------------- Instantiating /home/travis/build/icyphy/ptII/ptolemy/actor/lib/test/auto/DiscreteClock16.xml
18 ms. Memory: 470016K Free: 397402K (85%)
----------------- Invoking toplevel() on ptolemy.moml.MoMLSimpleApplication@7bc2002c
----------------- Done invoking toplevel() on ptolemy.moml.MoMLSimpleApplication@7bc2002c
reloadAllAccessors: .DiscreteClock16

===========================================================================================
----------------- testing Tue Nov 05 06:18:12 UTC 2019 /home/travis/build/icyphy/ptII/ptolemy/actor/lib/test/auto/DiscreteClock17.xml
----------------- Instantiating /home/travis/build/icyphy/ptII/ptolemy/actor/lib/test/auto/DiscreteClock17.xml
17 ms. Memory: 470016K Free: 382570K (81%)
----------------- Invoking toplevel() on ptolemy.moml.MoMLSimpleApplication@5761b92d
----------------- Done invoking toplevel() on ptolemy.moml.MoMLSimpleApplication@5761b92d
reloadAllAccessors: .DiscreteClock17

===========================================================================================
----------------- testing Tue Nov 05 06:18:12 UTC 2019 /home/travis/build/icyphy/ptII/ptolemy/actor/lib/test/auto/DiscreteClock18.xml
----------------- Instantiating /home/travis/build/icyphy/ptII/ptolemy/actor/lib/test/auto/DiscreteClock18.xml
26 ms. Memory: 470016K Free: 369258K (79%)
----------------- Invoking toplevel() on ptolemy.moml.MoMLSimpleApplication@4285ff1
----------------- Done invoking toplevel() on ptolemy.moml.MoMLSimpleApplication@4285ff1
reloadAllAccessors: .DiscreteClock18

===========================================================================================
----------------- testing Tue Nov 05 06:18:12 UTC 2019 /home/travis/build/icyphy/ptII/ptolemy/actor/lib/test/auto/DiscreteClock19.xml
----------------- Instantiating /home/travis/build/icyphy/ptII/ptolemy/actor/lib/test/auto/DiscreteClock19.xml
22 ms. Memory: 470016K Free: 355418K (76%)
----------------- Invoking toplevel() on ptolemy.moml.MoMLSimpleApplication@5da291b6
----------------- Done invoking toplevel() on ptolemy.moml.MoMLSimpleApplication@5da291b6
reloadAllAccessors: .DiscreteClock19

===========================================================================================
----------------- testing Tue Nov 05 06:18:12 UTC 2019 /home/travis/build/icyphy/ptII/ptolemy/actor/lib/test/auto/DiscreteClock2.xml
----------------- Instantiating /home/travis/build/icyphy/ptII/ptolemy/actor/lib/test/auto/DiscreteClock2.xml
6 ms. Memory: 470016K Free: 350306K (75%)
----------------- Invoking toplevel() on ptolemy.moml.MoMLSimpleApplication@6b51c9ab
----------------- Done invoking toplevel() on ptolemy.moml.MoMLSimpleApplication@6b51c9ab
reloadAllAccessors: .DiscreteClock2

===========================================================================================
----------------- testing Tue Nov 05 06:18:12 UTC 2019 /home/travis/build/icyphy/ptII/ptolemy/actor/lib/test/auto/DiscreteClock20.xml
----------------- Instantiating /home/travis/build/icyphy/ptII/ptolemy/actor/lib/test/auto/DiscreteClock20.xml
9 ms. Memory: 470016K Free: 344682K (73%)
----------------- Invoking toplevel() on ptolemy.moml.MoMLSimpleApplication@6a3d913f
----------------- Done invoking toplevel() on ptolemy.moml.MoMLSimpleApplication@6a3d913f
reloadAllAccessors: .DiscreteClock20

===========================================================================================
----------------- testing Tue Nov 05 06:18:12 UTC 2019 /home/travis/build/icyphy/ptII/ptolemy/actor/lib/test/auto/DiscreteClock21.xml
----------------- Instantiating /home/travis/build/icyphy/ptII/ptolemy/actor/lib/test/auto/DiscreteClock21.xml
6 ms. Memory: 470016K Free: 339048K (72%)
----------------- Invoking toplevel() on ptolemy.moml.MoMLSimpleApplication@65a03e86
----------------- Done invoking toplevel() on ptolemy.moml.MoMLSimpleApplication@65a03e86
reloadAllAccessors: .DiscreteClock21

===========================================================================================
----------------- testing Tue Nov 05 06:18:12 UTC 2019 /home/travis/build/icyphy/ptII/ptolemy/actor/lib/test/auto/DiscreteClock22.xml
----------------- Instantiating /home/travis/build/icyphy/ptII/ptolemy/actor/lib/test/auto/DiscreteClock22.xml
6 ms. Memory: 470016K Free: 333928K (71%)
----------------- Invoking toplevel() on ptolemy.moml.MoMLSimpleApplication@1be6ce99
----------------- Done invoking toplevel() on ptolemy.moml.MoMLSimpleApplication@1be6ce99
reloadAllAccessors: .DiscreteClock22

===========================================================================================
----------------- testing Tue Nov 05 06:18:12 UTC 2019 /home/travis/build/icyphy/ptII/ptolemy/actor/lib/test/auto/DiscreteClock23.xml
----------------- Instantiating /home/travis/build/icyphy/ptII/ptolemy/actor/lib/test/auto/DiscreteClock23.xml
15 ms. Memory: 470016K Free: 328298K (70%)
----------------- Invoking toplevel() on ptolemy.moml.MoMLSimpleApplication@44eb8499
----------------- Done invoking toplevel() on ptolemy.moml.MoMLSimpleApplication@44eb8499
reloadAllAccessors: .DiscreteClock23

===========================================================================================
----------------- testing Tue Nov 05 06:18:12 UTC 2019 /home/travis/build/icyphy/ptII/ptolemy/actor/lib/test/auto/DiscreteClock24.xml
----------------- Instantiating /home/travis/build/icyphy/ptII/ptolemy/actor/lib/test/auto/DiscreteClock24.xml
5 ms. Memory: 470016K Free: 322664K (69%)
----------------- Invoking toplevel() on ptolemy.moml.MoMLSimpleApplication@7a2359fa
----------------- Done invoking toplevel() on ptolemy.moml.MoMLSimpleApplication@7a2359fa
reloadAllAccessors: .DiscreteClock24

===========================================================================================
----------------- testing Tue Nov 05 06:18:13 UTC 2019 /home/travis/build/icyphy/ptII/ptolemy/actor/lib/test/auto/DiscreteClock4.xml
----------------- Instantiating /home/travis/build/icyphy/ptII/ptolemy/actor/lib/test/auto/DiscreteClock4.xml
6 ms. Memory: 470016K Free: 317034K (67%)
----------------- Invoking toplevel() on ptolemy.moml.MoMLSimpleApplication@5676b118
----------------- Done invoking toplevel() on ptolemy.moml.MoMLSimpleApplication@5676b118
reloadAllAccessors: .DiscreteClock4

===========================================================================================
----------------- testing Tue Nov 05 06:18:13 UTC 2019 /home/travis/build/icyphy/ptII/ptolemy/actor/lib/test/auto/DiscreteClock5.xml
----------------- Instantiating /home/travis/build/icyphy/ptII/ptolemy/actor/lib/test/auto/DiscreteClock5.xml
2 ms. Memory: 470016K Free: 311914K (66%)
----------------- Invoking toplevel() on ptolemy.moml.MoMLSimpleApplication@62bc5651
----------------- Done invoking toplevel() on ptolemy.moml.MoMLSimpleApplication@62bc5651
reloadAllAccessors: .DiscreteClock5

===========================================================================================
----------------- testing Tue Nov 05 06:18:13 UTC 2019 /home/travis/build/icyphy/ptII/ptolemy/actor/lib/test/auto/DiscreteClock6.xml
----------------- Instantiating /home/travis/build/icyphy/ptII/ptolemy/actor/lib/test/auto/DiscreteClock6.xml
1 ms. Memory: 470016K Free: 307304K (65%)
----------------- Invoking toplevel() on ptolemy.moml.MoMLSimpleApplication@5fc255f6
----------------- Done invoking toplevel() on ptolemy.moml.MoMLSimpleApplication@5fc255f6
reloadAllAccessors: .DiscreteClock6

===========================================================================================
----------------- testing Tue Nov 05 06:18:13 UTC 2019 /home/travis/build/icyphy/ptII/ptolemy/actor/lib/test/auto/DiscreteClock7.xml
----------------- Instantiating /home/travis/build/icyphy/ptII/ptolemy/actor/lib/test/auto/DiscreteClock7.xml
2 ms. Memory: 470016K Free: 302184K (64%)
----------------- Invoking toplevel() on ptolemy.moml.MoMLSimpleApplication@4a96fe79
----------------- Done invoking toplevel() on ptolemy.moml.MoMLSimpleApplication@4a96fe79
reloadAllAccessors: .DiscreteClock7

===========================================================================================
----------------- testing Tue Nov 05 06:18:13 UTC 2019 /home/travis/build/icyphy/ptII/ptolemy/actor/lib/test/auto/DiscreteClock8.xml
----------------- Instantiating /home/travis/build/icyphy/ptII/ptolemy/actor/lib/test/auto/DiscreteClock8.xml
5 ms. Memory: 470016K Free: 296554K (63%)
----------------- Invoking toplevel() on ptolemy.moml.MoMLSimpleApplication@4cf03d23
----------------- Done invoking toplevel() on ptolemy.moml.MoMLSimpleApplication@4cf03d23
reloadAllAccessors: .DiscreteClock8

===========================================================================================
----------------- testing Tue Nov 05 06:18:13 UTC 2019 /home/travis/build/icyphy/ptII/ptolemy/actor/lib/test/auto/DiscreteClock9.xml
----------------- Instantiating /home/travis/build/icyphy/ptII/ptolemy/actor/lib/test/auto/DiscreteClock9.xml
5 ms. Memory: 470016K Free: 291434K (62%)
----------------- Invoking toplevel() on ptolemy.moml.MoMLSimpleApplication@2bde93ac
----------------- Done invoking toplevel() on ptolemy.moml.MoMLSimpleApplication@2bde93ac
reloadAllAccessors: .DiscreteClock9

===========================================================================================
----------------- testing Tue Nov 05 06:18:13 UTC 2019 /home/travis/build/icyphy/ptII/ptolemy/actor/lib/test/auto/DisplayArray.xml
----------------- Instantiating /home/travis/build/icyphy/ptII/ptolemy/actor/lib/test/auto/DisplayArray.xml
1 ms. Memory: 470016K Free: 287848K (61%)
----------------- Invoking toplevel() on ptolemy.moml.MoMLSimpleApplication@9177664
----------------- Done invoking toplevel() on ptolemy.moml.MoMLSimpleApplication@9177664
reloadAllAccessors: .DisplayArray

===========================================================================================
----------------- testing Tue Nov 05 06:18:13 UTC 2019 /home/travis/build/icyphy/ptII/ptolemy/actor/lib/test/auto/Distributor.xml
----------------- Instantiating /home/travis/build/icyphy/ptII/ptolemy/actor/lib/test/auto/Distributor.xml
2 ms. Memory: 470016K Free: 282728K (60%)
----------------- Invoking toplevel() on ptolemy.moml.MoMLSimpleApplication@67d2e6cc
----------------- Done invoking toplevel() on ptolemy.moml.MoMLSimpleApplication@67d2e6cc
reloadAllAccessors: .Distributor

===========================================================================================
----------------- testing Tue Nov 05 06:18:13 UTC 2019 /home/travis/build/icyphy/ptII/ptolemy/actor/lib/test/auto/Distributor2.xml
----------------- Instantiating /home/travis/build/icyphy/ptII/ptolemy/actor/lib/test/auto/Distributor2.xml
2 ms. Memory: 470016K Free: 277608K (59%)
----------------- Invoking toplevel() on ptolemy.moml.MoMLSimpleApplication@2315112b
----------------- Done invoking toplevel() on ptolemy.moml.MoMLSimpleApplication@2315112b
reloadAllAccessors: .Distributor2

===========================================================================================
----------------- testing Tue Nov 05 06:18:13 UTC 2019 /home/travis/build/icyphy/ptII/ptolemy/actor/lib/test/auto/DownSample.xml
----------------- Instantiating /home/travis/build/icyphy/ptII/ptolemy/actor/lib/test/auto/DownSample.xml
2 ms. Memory: 470016K Free: 273002K (58%)
----------------- Invoking toplevel() on ptolemy.moml.MoMLSimpleApplication@2c3a8db8
----------------- Done invoking toplevel() on ptolemy.moml.MoMLSimpleApplication@2c3a8db8
reloadAllAccessors: .DownSample

===========================================================================================
----------------- testing Tue Nov 05 06:18:13 UTC 2019 /home/travis/build/icyphy/ptII/ptolemy/actor/lib/test/auto/ElectronicUnitBase1.xml
----------------- Instantiating /home/travis/build/icyphy/ptII/ptolemy/actor/lib/test/auto/ElectronicUnitBase1.xml
18 ms. Memory: 470016K Free: 257642K (55%)
----------------- Invoking toplevel() on ptolemy.moml.MoMLSimpleApplication@707b46e
----------------- Done invoking toplevel() on ptolemy.moml.MoMLSimpleApplication@707b46e
reloadAllAccessors: .ElectronicUnitBase1

===========================================================================================
----------------- testing Tue Nov 05 06:18:13 UTC 2019 /home/travis/build/icyphy/ptII/ptolemy/actor/lib/test/auto/ElementsToArray.xml
----------------- Instantiating /home/travis/build/icyphy/ptII/ptolemy/actor/lib/test/auto/ElementsToArray.xml
3 ms. Memory: 470016K Free: 252522K (54%)
----------------- Invoking toplevel() on ptolemy.moml.MoMLSimpleApplication@6ebb1004
----------------- Done invoking toplevel() on ptolemy.moml.MoMLSimpleApplication@6ebb1004
reloadAllAccessors: .ElementsToArray

===========================================================================================
----------------- testing Tue Nov 05 06:18:13 UTC 2019 /home/travis/build/icyphy/ptII/ptolemy/actor/lib/test/auto/Equals.xml
----------------- Instantiating /home/travis/build/icyphy/ptII/ptolemy/actor/lib/test/auto/Equals.xml
4 ms. Memory: 470016K Free: 247912K (53%)
----------------- Invoking toplevel() on ptolemy.moml.MoMLSimpleApplication@6ad7966
----------------- Done invoking toplevel() on ptolemy.moml.MoMLSimpleApplication@6ad7966
reloadAllAccessors: .Equals

===========================================================================================
----------------- testing Tue Nov 05 06:18:13 UTC 2019 /home/travis/build/icyphy/ptII/ptolemy/actor/lib/test/auto/Exec.xml
----------------- Instantiating /home/travis/build/icyphy/ptII/ptolemy/actor/lib/test/auto/Exec.xml
18 ms. Memory: 470016K Free: 241768K (51%)
----------------- Invoking toplevel() on ptolemy.moml.MoMLSimpleApplication@737544a5
----------------- Done invoking toplevel() on ptolemy.moml.MoMLSimpleApplication@737544a5
reloadAllAccessors: .Exec

===========================================================================================
----------------- testing Tue Nov 05 06:18:13 UTC 2019 /home/travis/build/icyphy/ptII/ptolemy/actor/lib/test/auto/ExecEnvironment.xml
----------------- Instantiating /home/travis/build/icyphy/ptII/ptolemy/actor/lib/test/auto/ExecEnvironment.xml
44 ms. Memory: 470016K Free: 235624K (50%)
----------------- Invoking toplevel() on ptolemy.moml.MoMLSimpleApplication@71b039c1
----------------- Done invoking toplevel() on ptolemy.moml.MoMLSimpleApplication@71b039c1
reloadAllAccessors: .ExecEnvironment

===========================================================================================
----------------- testing Tue Nov 05 06:18:13 UTC 2019 /home/travis/build/icyphy/ptII/ptolemy/actor/lib/test/auto/ExecNonZeroReturnOutput.xml
----------------- Instantiating /home/travis/build/icyphy/ptII/ptolemy/actor/lib/test/auto/ExecNonZeroReturnOutput.xml
217 ms. Memory: 470016K Free: 224360K (48%)
----------------- Invoking toplevel() on ptolemy.moml.MoMLSimpleApplication@8dae976
----------------- Done invoking toplevel() on ptolemy.moml.MoMLSimpleApplication@8dae976
reloadAllAccessors: .ExecNonZeroReturnOutput

===========================================================================================
----------------- testing Tue Nov 05 06:18:13 UTC 2019 /home/travis/build/icyphy/ptII/ptolemy/actor/lib/test/auto/ExecRunDemos.xml
----------------- Instantiating /home/travis/build/icyphy/ptII/ptolemy/actor/lib/test/auto/ExecRunDemos.xml
Finished: 72 ms. Memory: 120832K Free: 104457K (86%)

Finished: 71 ms. Memory: 120832K Free: 109599K (91%)

Finished: 91 ms. Memory: 120832K Free: 110765K (92%)

Finished: 104 ms. Memory: 120832K Free: 111266K (92%)

Finished: 77 ms. Memory: 120832K Free: 104226K (86%)

11483 ms. Memory: 470016K Free: 203368K (43%)
----------------- Invoking toplevel() on ptolemy.moml.MoMLSimpleApplication@2970b688
----------------- Done invoking toplevel() on ptolemy.moml.MoMLSimpleApplication@2970b688
reloadAllAccessors: .ExecRunDemos

===========================================================================================
----------------- testing Tue Nov 05 06:18:25 UTC 2019 /home/travis/build/icyphy/ptII/ptolemy/actor/lib/test/auto/ExecStop.xml
----------------- Instantiating /home/travis/build/icyphy/ptII/ptolemy/actor/lib/test/auto/ExecStop.xml
5025 ms. Memory: 470016K Free: 357480K (76%)
----------------- Invoking toplevel() on ptolemy.moml.MoMLSimpleApplication@5e29cda6
----------------- Done invoking toplevel() on ptolemy.moml.MoMLSimpleApplication@5e29cda6
reloadAllAccessors: .ExecStop

===========================================================================================
----------------- testing Tue Nov 05 06:18:30 UTC 2019 /home/travis/build/icyphy/ptII/ptolemy/actor/lib/test/auto/ExecutionTimeSDF.xml
----------------- Instantiating /home/travis/build/icyphy/ptII/ptolemy/actor/lib/test/auto/ExecutionTimeSDF.xml
Fired ExecutionTime: 1587200000
Fired ExecutionTime: 1030800000
Fired ExecutionTime: 1081200000
6007 ms. Memory: 470016K Free: 344682K (73%)
----------------- Invoking toplevel() on ptolemy.moml.MoMLSimpleApplication@77f0d750
----------------- Done invoking toplevel() on ptolemy.moml.MoMLSimpleApplication@77f0d750
reloadAllAccessors: .ExecutionTimeSDF

===========================================================================================
----------------- testing Tue Nov 05 06:18:36 UTC 2019 /home/travis/build/icyphy/ptII/ptolemy/actor/lib/test/auto/Expression1.xml
----------------- Instantiating /home/travis/build/icyphy/ptII/ptolemy/actor/lib/test/auto/Expression1.xml
1 ms. Memory: 470016K Free: 341610K (73%)
----------------- Invoking toplevel() on ptolemy.moml.MoMLSimpleApplication@6e07a1e2
----------------- Done invoking toplevel() on ptolemy.moml.MoMLSimpleApplication@6e07a1e2
reloadAllAccessors: .Expression1

===========================================================================================
----------------- testing Tue Nov 05 06:18:36 UTC 2019 /home/travis/build/icyphy/ptII/ptolemy/actor/lib/test/auto/Expression10.xml
----------------- Instantiating /home/travis/build/icyphy/ptII/ptolemy/actor/lib/test/auto/Expression10.xml
9 ms. Memory: 470016K Free: 335976K (71%)
----------------- Invoking toplevel() on ptolemy.moml.MoMLSimpleApplication@7f132cd0
----------------- Done invoking toplevel() on ptolemy.moml.MoMLSimpleApplication@7f132cd0
reloadAllAccessors: .Expression10

===========================================================================================
----------------- testing Tue Nov 05 06:18:36 UTC 2019 /home/travis/build/icyphy/ptII/ptolemy/actor/lib/test/auto/Expression11.xml
----------------- Instantiating /home/travis/build/icyphy/ptII/ptolemy/actor/lib/test/auto/Expression11.xml
3 ms. Memory: 470016K Free: 331880K (71%)
----------------- Invoking toplevel() on ptolemy.moml.MoMLSimpleApplication@46e2087f
----------------- Done invoking toplevel() on ptolemy.moml.MoMLSimpleApplication@46e2087f
reloadAllAccessors: .Expression11

===========================================================================================
----------------- testing Tue Nov 05 06:18:36 UTC 2019 /home/travis/build/icyphy/ptII/ptolemy/actor/lib/test/auto/Expression12.xml
----------------- Instantiating /home/travis/build/icyphy/ptII/ptolemy/actor/lib/test/auto/Expression12.xml
3 ms. Memory: 470016K Free: 326250K (69%)
----------------- Invoking toplevel() on ptolemy.moml.MoMLSimpleApplication@563e4b8b
----------------- Done invoking toplevel() on ptolemy.moml.MoMLSimpleApplication@563e4b8b
reloadAllAccessors: .Expression12

===========================================================================================
----------------- testing Tue Nov 05 06:18:36 UTC 2019 /home/travis/build/icyphy/ptII/ptolemy/actor/lib/test/auto/Expression13.xml
----------------- Instantiating /home/travis/build/icyphy/ptII/ptolemy/actor/lib/test/auto/Expression13.xml
5 ms. Memory: 470016K Free: 321130K (68%)
----------------- Invoking toplevel() on ptolemy.moml.MoMLSimpleApplication@6f865862
----------------- Done invoking toplevel() on ptolemy.moml.MoMLSimpleApplication@6f865862
reloadAllAccessors: .Expression13

===========================================================================================
----------------- testing Tue Nov 05 06:18:36 UTC 2019 /home/travis/build/icyphy/ptII/ptolemy/actor/lib/test/auto/Expression14.xml
----------------- Instantiating /home/travis/build/icyphy/ptII/ptolemy/actor/lib/test/auto/Expression14.xml
10 ms. Memory: 470016K Free: 315496K (67%)
----------------- Invoking toplevel() on ptolemy.moml.MoMLSimpleApplication@5ab3c6be
----------------- Done invoking toplevel() on ptolemy.moml.MoMLSimpleApplication@5ab3c6be
reloadAllAccessors: .Expression14

===========================================================================================
----------------- testing Tue Nov 05 06:18:36 UTC 2019 /home/travis/build/icyphy/ptII/ptolemy/actor/lib/test/auto/Expression15.xml
----------------- Instantiating /home/travis/build/icyphy/ptII/ptolemy/actor/lib/test/auto/Expression15.xml
2 ms. Memory: 470016K Free: 311914K (66%)
----------------- Invoking toplevel() on ptolemy.moml.MoMLSimpleApplication@7d42aaba
----------------- Done invoking toplevel() on ptolemy.moml.MoMLSimpleApplication@7d42aaba
reloadAllAccessors: .Expression15

===========================================================================================
----------------- testing Tue Nov 05 06:18:36 UTC 2019 /home/travis/build/icyphy/ptII/ptolemy/actor/lib/test/auto/Expression16.xml
----------------- Instantiating /home/travis/build/icyphy/ptII/ptolemy/actor/lib/test/auto/Expression16.xml
5 ms. Memory: 470016K Free: 307304K (65%)
----------------- Invoking toplevel() on ptolemy.moml.MoMLSimpleApplication@7853bcf5
----------------- Done invoking toplevel() on ptolemy.moml.MoMLSimpleApplication@7853bcf5
reloadAllAccessors: .Expression16

===========================================================================================
----------------- testing Tue Nov 05 06:18:36 UTC 2019 /home/travis/build/icyphy/ptII/ptolemy/actor/lib/test/auto/Expression17.xml
----------------- Instantiating /home/travis/build/icyphy/ptII/ptolemy/actor/lib/test/auto/Expression17.xml
4 ms. Memory: 470016K Free: 302184K (64%)
----------------- Invoking toplevel() on ptolemy.moml.MoMLSimpleApplication@41f962cf
----------------- Done invoking toplevel() on ptolemy.moml.MoMLSimpleApplication@41f962cf
reloadAllAccessors: .Expression17

===========================================================================================
----------------- testing Tue Nov 05 06:18:36 UTC 2019 /home/travis/build/icyphy/ptII/ptolemy/actor/lib/test/auto/Expression18.xml
----------------- Instantiating /home/travis/build/icyphy/ptII/ptolemy/actor/lib/test/auto/Expression18.xml
4 ms. Memory: 470016K Free: 297064K (63%)
----------------- Invoking toplevel() on ptolemy.moml.MoMLSimpleApplication@5f37b913
----------------- Done invoking toplevel() on ptolemy.moml.MoMLSimpleApplication@5f37b913
reloadAllAccessors: .Expression18

===========================================================================================
----------------- testing Tue Nov 05 06:18:36 UTC 2019 /home/travis/build/icyphy/ptII/ptolemy/actor/lib/test/auto/Expression2.xml
----------------- Instantiating /home/travis/build/icyphy/ptII/ptolemy/actor/lib/test/auto/Expression2.xml
3 ms. Memory: 470016K Free: 291944K (62%)
----------------- Invoking toplevel() on ptolemy.moml.MoMLSimpleApplication@4c3b03c3
----------------- Done invoking toplevel() on ptolemy.moml.MoMLSimpleApplication@4c3b03c3
reloadAllAccessors: .Expression2

===========================================================================================
----------------- testing Tue Nov 05 06:18:36 UTC 2019 /home/travis/build/icyphy/ptII/ptolemy/actor/lib/test/auto/Expression3.xml
----------------- Instantiating /home/travis/build/icyphy/ptII/ptolemy/actor/lib/test/auto/Expression3.xml
8 ms. Memory: 470016K Free: 286824K (61%)
----------------- Invoking toplevel() on ptolemy.moml.MoMLSimpleApplication@50b0860c
----------------- Done invoking toplevel() on ptolemy.moml.MoMLSimpleApplication@50b0860c
reloadAllAccessors: .Expression3

===========================================================================================
----------------- testing Tue Nov 05 06:18:36 UTC 2019 /home/travis/build/icyphy/ptII/ptolemy/actor/lib/test/auto/Expression4.xml
----------------- Instantiating /home/travis/build/icyphy/ptII/ptolemy/actor/lib/test/auto/Expression4.xml
4 ms. Memory: 470016K Free: 279656K (59%)
----------------- Invoking toplevel() on ptolemy.moml.MoMLSimpleApplication@2ed39dc6
----------------- Done invoking toplevel() on ptolemy.moml.MoMLSimpleApplication@2ed39dc6
reloadAllAccessors: .Expression4

===========================================================================================
----------------- testing Tue Nov 05 06:18:36 UTC 2019 /home/travis/build/icyphy/ptII/ptolemy/actor/lib/test/auto/Expression5.xml
----------------- Instantiating /home/travis/build/icyphy/ptII/ptolemy/actor/lib/test/auto/Expression5.xml
6 ms. Memory: 470016K Free: 274536K (58%)
----------------- Invoking toplevel() on ptolemy.moml.MoMLSimpleApplication@77a4dd66
----------------- Done invoking toplevel() on ptolemy.moml.MoMLSimpleApplication@77a4dd66
reloadAllAccessors: .Expression5

===========================================================================================
----------------- testing Tue Nov 05 06:18:36 UTC 2019 /home/travis/build/icyphy/ptII/ptolemy/actor/lib/test/auto/Expression6.xml
----------------- Instantiating /home/travis/build/icyphy/ptII/ptolemy/actor/lib/test/auto/Expression6.xml
3 ms. Memory: 470016K Free: 270440K (58%)
----------------- Invoking toplevel() on ptolemy.moml.MoMLSimpleApplication@175242b6
----------------- Done invoking toplevel() on ptolemy.moml.MoMLSimpleApplication@175242b6
reloadAllAccessors: .Expression6

===========================================================================================
----------------- testing Tue Nov 05 06:18:36 UTC 2019 /home/travis/build/icyphy/ptII/ptolemy/actor/lib/test/auto/Expression7.xml
----------------- Instantiating /home/travis/build/icyphy/ptII/ptolemy/actor/lib/test/auto/Expression7.xml
3 ms. Memory: 470016K Free: 265320K (56%)
----------------- Invoking toplevel() on ptolemy.moml.MoMLSimpleApplication@7fb521d
----------------- Done invoking toplevel() on ptolemy.moml.MoMLSimpleApplication@7fb521d
reloadAllAccessors: .Expression7

===========================================================================================
----------------- testing Tue Nov 05 06:18:36 UTC 2019 /home/travis/build/icyphy/ptII/ptolemy/actor/lib/test/auto/Expression8.xml
----------------- Instantiating /home/travis/build/icyphy/ptII/ptolemy/actor/lib/test/auto/Expression8.xml
12 ms. Memory: 470016K Free: 260200K (55%)
----------------- Invoking toplevel() on ptolemy.moml.MoMLSimpleApplication@7253a42f
----------------- Done invoking toplevel() on ptolemy.moml.MoMLSimpleApplication@7253a42f
reloadAllAccessors: .Expression8

===========================================================================================
----------------- testing Tue Nov 05 06:18:36 UTC 2019 /home/travis/build/icyphy/ptII/ptolemy/actor/lib/test/auto/Expression9.xml
----------------- Instantiating /home/travis/build/icyphy/ptII/ptolemy/actor/lib/test/auto/Expression9.xml
1 ms. Memory: 470016K Free: 256618K (55%)
----------------- Invoking toplevel() on ptolemy.moml.MoMLSimpleApplication@52d057d0
----------------- Done invoking toplevel() on ptolemy.moml.MoMLSimpleApplication@52d057d0
reloadAllAccessors: .Expression9

===========================================================================================
----------------- testing Tue Nov 05 06:18:36 UTC 2019 /home/travis/build/icyphy/ptII/ptolemy/actor/lib/test/auto/ExpressionConcatenateArrayType.xml
----------------- Instantiating /home/travis/build/icyphy/ptII/ptolemy/actor/lib/test/auto/ExpressionConcatenateArrayType.xml
4 ms. Memory: 470016K Free: 249960K (53%)
----------------- Invoking toplevel() on ptolemy.moml.MoMLSimpleApplication@7bd3a473
----------------- Done invoking toplevel() on ptolemy.moml.MoMLSimpleApplication@7bd3a473
reloadAllAccessors: .ExpressionConcatenateArrayType

===========================================================================================
----------------- testing Tue Nov 05 06:18:36 UTC 2019 /home/travis/build/icyphy/ptII/ptolemy/actor/lib/test/auto/ExpressionConcatenateArrayType2.xml
----------------- Instantiating /home/travis/build/icyphy/ptII/ptolemy/actor/lib/test/auto/ExpressionConcatenateArrayType2.xml
3 ms. Memory: 470016K Free: 244840K (52%)
----------------- Invoking toplevel() on ptolemy.moml.MoMLSimpleApplication@7304736a
----------------- Done invoking toplevel() on ptolemy.moml.MoMLSimpleApplication@7304736a
reloadAllAccessors: .ExpressionConcatenateArrayType2

===========================================================================================
----------------- testing Tue Nov 05 06:18:36 UTC 2019 /home/travis/build/icyphy/ptII/ptolemy/actor/lib/test/auto/ExpressionFix.xml
----------------- Instantiating /home/travis/build/icyphy/ptII/ptolemy/actor/lib/test/auto/ExpressionFix.xml
10 ms. Memory: 470016K Free: 238186K (51%)
----------------- Invoking toplevel() on ptolemy.moml.MoMLSimpleApplication@2b5144e5
----------------- Done invoking toplevel() on ptolemy.moml.MoMLSimpleApplication@2b5144e5
reloadAllAccessors: .ExpressionFix

===========================================================================================
----------------- testing Tue Nov 05 06:18:36 UTC 2019 /home/travis/build/icyphy/ptII/ptolemy/actor/lib/test/auto/ExpressionFix2.xml
----------------- Instantiating /home/travis/build/icyphy/ptII/ptolemy/actor/lib/test/auto/ExpressionFix2.xml
7 ms. Memory: 470016K Free: 234090K (50%)
----------------- Invoking toplevel() on ptolemy.moml.MoMLSimpleApplication@134d2fab
----------------- Done invoking toplevel() on ptolemy.moml.MoMLSimpleApplication@134d2fab
reloadAllAccessors: .ExpressionFix2

===========================================================================================
----------------- testing Tue Nov 05 06:18:36 UTC 2019 /home/travis/build/icyphy/ptII/ptolemy/actor/lib/test/auto/ExpressionFix3.xml
----------------- Instantiating /home/travis/build/icyphy/ptII/ptolemy/actor/lib/test/auto/ExpressionFix3.xml
4 ms. Memory: 470016K Free: 229994K (49%)
----------------- Invoking toplevel() on ptolemy.moml.MoMLSimpleApplication@524e168a
----------------- Done invoking toplevel() on ptolemy.moml.MoMLSimpleApplication@524e168a
reloadAllAccessors: .ExpressionFix3

===========================================================================================
----------------- testing Tue Nov 05 06:18:36 UTC 2019 /home/travis/build/icyphy/ptII/ptolemy/actor/lib/test/auto/FileWriter1.xml
----------------- Instantiating /home/travis/build/icyphy/ptII/ptolemy/actor/lib/test/auto/FileWriter1.xml
7 ms. Memory: 470016K Free: 225898K (48%)
----------------- Invoking toplevel() on ptolemy.moml.MoMLSimpleApplication@8f3fc2e
----------------- Done invoking toplevel() on ptolemy.moml.MoMLSimpleApplication@8f3fc2e
reloadAllAccessors: .FileWriter1

===========================================================================================
----------------- testing Tue Nov 05 06:18:36 UTC 2019 /home/travis/build/icyphy/ptII/ptolemy/actor/lib/test/auto/FileWriter2.xml
----------------- Instantiating /home/travis/build/icyphy/ptII/ptolemy/actor/lib/test/auto/FileWriter2.xml
3 ms. Memory: 470016K Free: 221802K (47%)
----------------- Invoking toplevel() on ptolemy.moml.MoMLSimpleApplication@1992f8cb
----------------- Done invoking toplevel() on ptolemy.moml.MoMLSimpleApplication@1992f8cb
reloadAllAccessors: .FileWriter2

===========================================================================================
----------------- testing Tue Nov 05 06:18:36 UTC 2019 /home/travis/build/icyphy/ptII/ptolemy/actor/lib/test/auto/FileWriter3.xml
----------------- Instantiating /home/travis/build/icyphy/ptII/ptolemy/actor/lib/test/auto/FileWriter3.xml
3 ms. Memory: 470016K Free: 217706K (46%)
----------------- Invoking toplevel() on ptolemy.moml.MoMLSimpleApplication@4f101725
----------------- Done invoking toplevel() on ptolemy.moml.MoMLSimpleApplication@4f101725
reloadAllAccessors: .FileWriter3

===========================================================================================
----------------- testing Tue Nov 05 06:18:36 UTC 2019 /home/travis/build/icyphy/ptII/ptolemy/actor/lib/test/auto/Gaussian.xml
----------------- Instantiating /home/travis/build/icyphy/ptII/ptolemy/actor/lib/test/auto/Gaussian.xml
2 ms. Memory: 470016K Free: 213096K (45%)
----------------- Invoking toplevel() on ptolemy.moml.MoMLSimpleApplication@37542135
----------------- Done invoking toplevel() on ptolemy.moml.MoMLSimpleApplication@37542135
reloadAllAccessors: .Gaussian

===========================================================================================
----------------- testing Tue Nov 05 06:18:36 UTC 2019 /home/travis/build/icyphy/ptII/ptolemy/actor/lib/test/auto/Gaussian1.xml
----------------- Instantiating /home/travis/build/icyphy/ptII/ptolemy/actor/lib/test/auto/Gaussian1.xml
14 ms. Memory: 470016K Free: 207946K (44%)
----------------- Invoking toplevel() on ptolemy.moml.MoMLSimpleApplication@39da8cf9
----------------- Done invoking toplevel() on ptolemy.moml.MoMLSimpleApplication@39da8cf9
reloadAllAccessors: .Gaussian1

===========================================================================================
----------------- testing Tue Nov 05 06:18:37 UTC 2019 /home/travis/build/icyphy/ptII/ptolemy/actor/lib/test/auto/Gaussian2.xml
----------------- Instantiating /home/travis/build/icyphy/ptII/ptolemy/actor/lib/test/auto/Gaussian2.xml
2 ms. Memory: 470016K Free: 202346K (43%)
----------------- Invoking toplevel() on ptolemy.moml.MoMLSimpleApplication@a07e03d
----------------- Done invoking toplevel() on ptolemy.moml.MoMLSimpleApplication@a07e03d
reloadAllAccessors: .Gaussian2

===========================================================================================
----------------- testing Tue Nov 05 06:18:37 UTC 2019 /home/travis/build/icyphy/ptII/ptolemy/actor/lib/test/auto/GradientAdaptiveLattice.xml
----------------- Instantiating /home/travis/build/icyphy/ptII/ptolemy/actor/lib/test/auto/GradientAdaptiveLattice.xml
3 ms. Memory: 470016K Free: 197226K (42%)
----------------- Invoking toplevel() on ptolemy.moml.MoMLSimpleApplication@7c29609
----------------- Done invoking toplevel() on ptolemy.moml.MoMLSimpleApplication@7c29609
reloadAllAccessors: .GradientAdaptiveLattice

===========================================================================================
----------------- testing Tue Nov 05 06:18:37 UTC 2019 /home/travis/build/icyphy/ptII/ptolemy/actor/lib/test/auto/IIR.xml
----------------- Instantiating /home/travis/build/icyphy/ptII/ptolemy/actor/lib/test/auto/IIR.xml
2 ms. Memory: 470016K Free: 193130K (41%)
----------------- Invoking toplevel() on ptolemy.moml.MoMLSimpleApplication@784d3c88
----------------- Done invoking toplevel() on ptolemy.moml.MoMLSimpleApplication@784d3c88
reloadAllAccessors: .IIR

===========================================================================================
----------------- testing Tue Nov 05 06:18:37 UTC 2019 /home/travis/build/icyphy/ptII/ptolemy/actor/lib/test/auto/InputOutputTransparentPorts.xml
----------------- Instantiating /home/travis/build/icyphy/ptII/ptolemy/actor/lib/test/auto/InputOutputTransparentPorts.xml
2 ms. Memory: 470016K Free: 185448K (39%)
----------------- Invoking toplevel() on ptolemy.moml.MoMLSimpleApplication@44e9c8fe
----------------- Done invoking toplevel() on ptolemy.moml.MoMLSimpleApplication@44e9c8fe
reloadAllAccessors: .InputOutputTransparentPorts

===========================================================================================
----------------- testing Tue Nov 05 06:18:37 UTC 2019 /home/travis/build/icyphy/ptII/ptolemy/actor/lib/test/auto/Interpolator.xml
----------------- Instantiating /home/travis/build/icyphy/ptII/ptolemy/actor/lib/test/auto/Interpolator.xml
4 ms. Memory: 470016K Free: 181352K (39%)
----------------- Invoking toplevel() on ptolemy.moml.MoMLSimpleApplication@23f49f53
----------------- Done invoking toplevel() on ptolemy.moml.MoMLSimpleApplication@23f49f53
reloadAllAccessors: .Interpolator

===========================================================================================
----------------- testing Tue Nov 05 06:18:37 UTC 2019 /home/travis/build/icyphy/ptII/ptolemy/actor/lib/test/auto/InterpolatorFiringLimitDE.xml
----------------- Instantiating /home/travis/build/icyphy/ptII/ptolemy/actor/lib/test/auto/InterpolatorFiringLimitDE.xml
3 ms. Memory: 470016K Free: 175208K (37%)
----------------- Invoking toplevel() on ptolemy.moml.MoMLSimpleApplication@798155ce
----------------- Done invoking toplevel() on ptolemy.moml.MoMLSimpleApplication@798155ce
reloadAllAccessors: .InterpolatorFiringLimitDE

===========================================================================================
----------------- testing Tue Nov 05 06:18:37 UTC 2019 /home/travis/build/icyphy/ptII/ptolemy/actor/lib/test/auto/Lattice.xml
----------------- Instantiating /home/travis/build/icyphy/ptII/ptolemy/actor/lib/test/auto/Lattice.xml
4 ms. Memory: 470016K Free: 171112K (36%)
----------------- Invoking toplevel() on ptolemy.moml.MoMLSimpleApplication@c493946
----------------- Done invoking toplevel() on ptolemy.moml.MoMLSimpleApplication@c493946
reloadAllAccessors: .Lattice

===========================================================================================
----------------- testing Tue Nov 05 06:18:37 UTC 2019 /home/travis/build/icyphy/ptII/ptolemy/actor/lib/test/auto/LazyAOCTestLazy.xml
----------------- Instantiating /home/travis/build/icyphy/ptII/ptolemy/actor/lib/test/auto/LazyAOCTestLazy.xml
16 ms. Memory: 470016K Free: 165482K (35%)
----------------- Invoking toplevel() on ptolemy.moml.MoMLSimpleApplication@3a693bbe
----------------- Done invoking toplevel() on ptolemy.moml.MoMLSimpleApplication@3a693bbe
reloadAllAccessors: .LazyAOCTestLazy

===========================================================================================
----------------- testing Tue Nov 05 06:18:37 UTC 2019 /home/travis/build/icyphy/ptII/ptolemy/actor/lib/test/auto/LazyAOCTestNonLazy.xml
----------------- Instantiating /home/travis/build/icyphy/ptII/ptolemy/actor/lib/test/auto/LazyAOCTestNonLazy.xml
3 ms. Memory: 470016K Free: 158824K (34%)
----------------- Invoking toplevel() on ptolemy.moml.MoMLSimpleApplication@67541f98
----------------- Done invoking toplevel() on ptolemy.moml.MoMLSimpleApplication@67541f98
reloadAllAccessors: .LazyAOCTestNonLazy

===========================================================================================
----------------- testing Tue Nov 05 06:18:37 UTC 2019 /home/travis/build/icyphy/ptII/ptolemy/actor/lib/test/auto/LazyInnerClass.xml
----------------- Instantiating /home/travis/build/icyphy/ptII/ptolemy/actor/lib/test/auto/LazyInnerClass.xml
91 ms. Memory: 470016K Free: 421665K (90%)
----------------- Invoking toplevel() on ptolemy.moml.MoMLSimpleApplication@29d21281
----------------- Done invoking toplevel() on ptolemy.moml.MoMLSimpleApplication@29d21281
reloadAllAccessors: .LazyInnerClass

===========================================================================================
----------------- testing Tue Nov 05 06:18:37 UTC 2019 /home/travis/build/icyphy/ptII/ptolemy/actor/lib/test/auto/LazyPubSub.xml
----------------- Instantiating /home/travis/build/icyphy/ptII/ptolemy/actor/lib/test/auto/LazyPubSub.xml
31 ms. Memory: 470016K Free: 411240K (87%)
----------------- Invoking toplevel() on ptolemy.moml.MoMLSimpleApplication@315014d4
----------------- Done invoking toplevel() on ptolemy.moml.MoMLSimpleApplication@315014d4
reloadAllAccessors: .LazyPubSub

===========================================================================================
----------------- testing Tue Nov 05 06:18:37 UTC 2019 /home/travis/build/icyphy/ptII/ptolemy/actor/lib/test/auto/LazyPubSub2.xml
----------------- Instantiating /home/travis/build/icyphy/ptII/ptolemy/actor/lib/test/auto/LazyPubSub2.xml
21 ms. Memory: 470016K Free: 401514K (85%)
----------------- Invoking toplevel() on ptolemy.moml.MoMLSimpleApplication@60fd3e59
----------------- Done invoking toplevel() on ptolemy.moml.MoMLSimpleApplication@60fd3e59
reloadAllAccessors: .LazyPubSub2

===========================================================================================
----------------- testing Tue Nov 05 06:18:37 UTC 2019 /home/travis/build/icyphy/ptII/ptolemy/actor/lib/test/auto/LazyPubSub3.xml
----------------- Instantiating /home/travis/build/icyphy/ptII/ptolemy/actor/lib/test/auto/LazyPubSub3.xml
17 ms. Memory: 470016K Free: 391274K (83%)
----------------- Invoking toplevel() on ptolemy.moml.MoMLSimpleApplication@229f8a5c
----------------- Done invoking toplevel() on ptolemy.moml.MoMLSimpleApplication@229f8a5c
reloadAllAccessors: .LazyPubSub3

===========================================================================================
----------------- testing Tue Nov 05 06:18:37 UTC 2019 /home/travis/build/icyphy/ptII/ptolemy/actor/lib/test/auto/LazySubClassModel.xml
----------------- Instantiating /home/travis/build/icyphy/ptII/ptolemy/actor/lib/test/auto/LazySubClassModel.xml
2 ms. Memory: 470016K Free: 382568K (81%)
----------------- Invoking toplevel() on ptolemy.moml.MoMLSimpleApplication@61983fce
----------------- Done invoking toplevel() on ptolemy.moml.MoMLSimpleApplication@61983fce
reloadAllAccessors: .LazySubClassModel

===========================================================================================
----------------- testing Tue Nov 05 06:18:37 UTC 2019 /home/travis/build/icyphy/ptII/ptolemy/actor/lib/test/auto/LevelCrossTest1.xml
----------------- Instantiating /home/travis/build/icyphy/ptII/ptolemy/actor/lib/test/auto/LevelCrossTest1.xml
2 ms. Memory: 470016K Free: 376938K (80%)
----------------- Invoking toplevel() on ptolemy.moml.MoMLSimpleApplication@27f5124c
----------------- Done invoking toplevel() on ptolemy.moml.MoMLSimpleApplication@27f5124c
reloadAllAccessors: .broken

===========================================================================================
----------------- testing Tue Nov 05 06:18:37 UTC 2019 /home/travis/build/icyphy/ptII/ptolemy/actor/lib/test/auto/LevelCrossTest10.xml
----------------- Instantiating /home/travis/build/icyphy/ptII/ptolemy/actor/lib/test/auto/LevelCrossTest10.xml
1 ms. Memory: 470016K Free: 369256K (79%)
----------------- Invoking toplevel() on ptolemy.moml.MoMLSimpleApplication@1bcff2b0
----------------- Done invoking toplevel() on ptolemy.moml.MoMLSimpleApplication@1bcff2b0
reloadAllAccessors: .LevelCrossTest10

===========================================================================================
----------------- testing Tue Nov 05 06:18:37 UTC 2019 /home/travis/build/icyphy/ptII/ptolemy/actor/lib/test/auto/LevelCrossTest11.xml
----------------- Instantiating /home/travis/build/icyphy/ptII/ptolemy/actor/lib/test/auto/LevelCrossTest11.xml
1 ms. Memory: 470016K Free: 362602K (77%)
----------------- Invoking toplevel() on ptolemy.moml.MoMLSimpleApplication@2fb79f80
----------------- Done invoking toplevel() on ptolemy.moml.MoMLSimpleApplication@2fb79f80
reloadAllAccessors: .LevelCrossTest11

===========================================================================================
----------------- testing Tue Nov 05 06:18:37 UTC 2019 /home/travis/build/icyphy/ptII/ptolemy/actor/lib/test/auto/LevelCrossTest12.xml
----------------- Instantiating /home/travis/build/icyphy/ptII/ptolemy/actor/lib/test/auto/LevelCrossTest12.xml
1 ms. Memory: 470016K Free: 355434K (76%)
----------------- Invoking toplevel() on ptolemy.moml.MoMLSimpleApplication@27688784
----------------- Done invoking toplevel() on ptolemy.moml.MoMLSimpleApplication@27688784
reloadAllAccessors: .LevelCrossTest12

===========================================================================================
----------------- testing Tue Nov 05 06:18:37 UTC 2019 /home/travis/build/icyphy/ptII/ptolemy/actor/lib/test/auto/LevelCrossTest13.xml
----------------- Instantiating /home/travis/build/icyphy/ptII/ptolemy/actor/lib/test/auto/LevelCrossTest13.xml
2 ms. Memory: 470016K Free: 347242K (74%)
----------------- Invoking toplevel() on ptolemy.moml.MoMLSimpleApplication@6eccc9da
----------------- Done invoking toplevel() on ptolemy.moml.MoMLSimpleApplication@6eccc9da
reloadAllAccessors: .LevelCrossTest13

===========================================================================================
----------------- testing Tue Nov 05 06:18:37 UTC 2019 /home/travis/build/icyphy/ptII/ptolemy/actor/lib/test/auto/LevelCrossTest2.xml
----------------- Instantiating /home/travis/build/icyphy/ptII/ptolemy/actor/lib/test/auto/LevelCrossTest2.xml
2 ms. Memory: 470016K Free: 342122K (73%)
----------------- Invoking toplevel() on ptolemy.moml.MoMLSimpleApplication@7bf2f58e
----------------- Done invoking toplevel() on ptolemy.moml.MoMLSimpleApplication@7bf2f58e
reloadAllAccessors: .broken

===========================================================================================
----------------- testing Tue Nov 05 06:18:37 UTC 2019 /home/travis/build/icyphy/ptII/ptolemy/actor/lib/test/auto/LevelCrossTest3.xml
----------------- Instantiating /home/travis/build/icyphy/ptII/ptolemy/actor/lib/test/auto/LevelCrossTest3.xml
2 ms. Memory: 470016K Free: 335978K (71%)
----------------- Invoking toplevel() on ptolemy.moml.MoMLSimpleApplication@536d6327
----------------- Done invoking toplevel() on ptolemy.moml.MoMLSimpleApplication@536d6327
reloadAllAccessors: .LevelCrossTest3

===========================================================================================
----------------- testing Tue Nov 05 06:18:37 UTC 2019 /home/travis/build/icyphy/ptII/ptolemy/actor/lib/test/auto/LevelCrossTest4.xml
----------------- Instantiating /home/travis/build/icyphy/ptII/ptolemy/actor/lib/test/auto/LevelCrossTest4.xml
2 ms. Memory: 470016K Free: 330344K (70%)
----------------- Invoking toplevel() on ptolemy.moml.MoMLSimpleApplication@7de918da
----------------- Done invoking toplevel() on ptolemy.moml.MoMLSimpleApplication@7de918da
reloadAllAccessors: .broken

===========================================================================================
----------------- testing Tue Nov 05 06:18:37 UTC 2019 /home/travis/build/icyphy/ptII/ptolemy/actor/lib/test/auto/LevelCrossTest5.xml
----------------- Instantiating /home/travis/build/icyphy/ptII/ptolemy/actor/lib/test/auto/LevelCrossTest5.xml
5 ms. Memory: 470016K Free: 324200K (69%)
----------------- Invoking toplevel() on ptolemy.moml.MoMLSimpleApplication@4bca1e5a
----------------- Done invoking toplevel() on ptolemy.moml.MoMLSimpleApplication@4bca1e5a
reloadAllAccessors: .LevelCrossTest5

===========================================================================================
----------------- testing Tue Nov 05 06:18:37 UTC 2019 /home/travis/build/icyphy/ptII/ptolemy/actor/lib/test/auto/LevelCrossTest6.xml
----------------- Instantiating /home/travis/build/icyphy/ptII/ptolemy/actor/lib/test/auto/LevelCrossTest6.xml
2 ms. Memory: 470016K Free: 317032K (67%)
----------------- Invoking toplevel() on ptolemy.moml.MoMLSimpleApplication@1860c663
----------------- Done invoking toplevel() on ptolemy.moml.MoMLSimpleApplication@1860c663
reloadAllAccessors: .LevelCrossTest6

===========================================================================================
----------------- testing Tue Nov 05 06:18:37 UTC 2019 /home/travis/build/icyphy/ptII/ptolemy/actor/lib/test/auto/LevelCrossTest7.xml
----------------- Instantiating /home/travis/build/icyphy/ptII/ptolemy/actor/lib/test/auto/LevelCrossTest7.xml
1 ms. Memory: 470016K Free: 308840K (66%)
----------------- Invoking toplevel() on ptolemy.moml.MoMLSimpleApplication@5a16611d
----------------- Done invoking toplevel() on ptolemy.moml.MoMLSimpleApplication@5a16611d
reloadAllAccessors: .LevelCrossTest7

===========================================================================================
----------------- testing Tue Nov 05 06:18:37 UTC 2019 /home/travis/build/icyphy/ptII/ptolemy/actor/lib/test/auto/LevelCrossTest8.xml
----------------- Instantiating /home/travis/build/icyphy/ptII/ptolemy/actor/lib/test/auto/LevelCrossTest8.xml
2 ms. Memory: 470016K Free: 301672K (64%)
----------------- Invoking toplevel() on ptolemy.moml.MoMLSimpleApplication@7dc09135
----------------- Done invoking toplevel() on ptolemy.moml.MoMLSimpleApplication@7dc09135
reloadAllAccessors: .LevelCrossTest8

===========================================================================================
----------------- testing Tue Nov 05 06:18:37 UTC 2019 /home/travis/build/icyphy/ptII/ptolemy/actor/lib/test/auto/LevelCrossTest9.xml
----------------- Instantiating /home/travis/build/icyphy/ptII/ptolemy/actor/lib/test/auto/LevelCrossTest9.xml
2 ms. Memory: 470016K Free: 294504K (63%)
----------------- Invoking toplevel() on ptolemy.moml.MoMLSimpleApplication@a3c9a05
----------------- Done invoking toplevel() on ptolemy.moml.MoMLSimpleApplication@a3c9a05
reloadAllAccessors: .LevelCrossTest9

===========================================================================================
----------------- testing Tue Nov 05 06:18:37 UTC 2019 /home/travis/build/icyphy/ptII/ptolemy/actor/lib/test/auto/LevinsonDurbin.xml
----------------- Instantiating /home/travis/build/icyphy/ptII/ptolemy/actor/lib/test/auto/LevinsonDurbin.xml
10 ms. Memory: 470016K Free: 290408K (62%)
----------------- Invoking toplevel() on ptolemy.moml.MoMLSimpleApplication@48f363aa
----------------- Done invoking toplevel() on ptolemy.moml.MoMLSimpleApplication@48f363aa
reloadAllAccessors: .LevinsonDurbin

===========================================================================================
----------------- testing Tue Nov 05 06:18:37 UTC 2019 /home/travis/build/icyphy/ptII/ptolemy/actor/lib/test/auto/LevinsonDurbin2.xml
----------------- Instantiating /home/travis/build/icyphy/ptII/ptolemy/actor/lib/test/auto/LevinsonDurbin2.xml
1 ms. Memory: 470016K Free: 286312K (61%)
----------------- Invoking toplevel() on ptolemy.moml.MoMLSimpleApplication@3b38c6d3
----------------- Done invoking toplevel() on ptolemy.moml.MoMLSimpleApplication@3b38c6d3
reloadAllAccessors: .LevinsonDurbin2

===========================================================================================
----------------- testing Tue Nov 05 06:18:37 UTC 2019 /home/travis/build/icyphy/ptII/ptolemy/actor/lib/test/auto/LevinsonDurbin3.xml
----------------- Instantiating /home/travis/build/icyphy/ptII/ptolemy/actor/lib/test/auto/LevinsonDurbin3.xml
2 ms. Memory: 470016K Free: 282730K (60%)
----------------- Invoking toplevel() on ptolemy.moml.MoMLSimpleApplication@7b17286c
----------------- Done invoking toplevel() on ptolemy.moml.MoMLSimpleApplication@7b17286c
reloadAllAccessors: .LevinsonDurbin3

===========================================================================================
----------------- testing Tue Nov 05 06:18:37 UTC 2019 /home/travis/build/icyphy/ptII/ptolemy/actor/lib/test/auto/Limiter.xml
----------------- Instantiating /home/travis/build/icyphy/ptII/ptolemy/actor/lib/test/auto/Limiter.xml
5 ms. Memory: 470016K Free: 273514K (58%)
----------------- Invoking toplevel() on ptolemy.moml.MoMLSimpleApplication@406361fa
----------------- Done invoking toplevel() on ptolemy.moml.MoMLSimpleApplication@406361fa
reloadAllAccessors: .Limiter

===========================================================================================
----------------- testing Tue Nov 05 06:18:37 UTC 2019 /home/travis/build/icyphy/ptII/ptolemy/actor/lib/test/auto/LinearDifferenceEquationSystem.xml
----------------- Instantiating /home/travis/build/icyphy/ptII/ptolemy/actor/lib/test/auto/LinearDifferenceEquationSystem.xml
4 ms. Memory: 470016K Free: 266346K (57%)
----------------- Invoking toplevel() on ptolemy.moml.MoMLSimpleApplication@1417b24b
----------------- Done invoking toplevel() on ptolemy.moml.MoMLSimpleApplication@1417b24b
reloadAllAccessors: .LinearDifferenceEquationSystem

===========================================================================================
----------------- testing Tue Nov 05 06:18:38 UTC 2019 /home/travis/build/icyphy/ptII/ptolemy/actor/lib/test/auto/LookupTable.xml
----------------- Instantiating /home/travis/build/icyphy/ptII/ptolemy/actor/lib/test/auto/LookupTable.xml
2 ms. Memory: 470016K Free: 262250K (56%)
----------------- Invoking toplevel() on ptolemy.moml.MoMLSimpleApplication@50abb134
----------------- Done invoking toplevel() on ptolemy.moml.MoMLSimpleApplication@50abb134
reloadAllAccessors: .LookupTable

===========================================================================================
----------------- testing Tue Nov 05 06:18:38 UTC 2019 /home/travis/build/icyphy/ptII/ptolemy/actor/lib/test/auto/MathFunction.xml
----------------- Instantiating /home/travis/build/icyphy/ptII/ptolemy/actor/lib/test/auto/MathFunction.xml
2 ms. Memory: 470016K Free: 254058K (54%)
----------------- Invoking toplevel() on ptolemy.moml.MoMLSimpleApplication@12d7c80a
----------------- Done invoking toplevel() on ptolemy.moml.MoMLSimpleApplication@12d7c80a
reloadAllAccessors: .MathFunction

===========================================================================================
----------------- testing Tue Nov 05 06:18:38 UTC 2019 /home/travis/build/icyphy/ptII/ptolemy/actor/lib/test/auto/MathFunction2.xml
----------------- Instantiating /home/travis/build/icyphy/ptII/ptolemy/actor/lib/test/auto/MathFunction2.xml
2 ms. Memory: 470016K Free: 249962K (53%)
----------------- Invoking toplevel() on ptolemy.moml.MoMLSimpleApplication@690c4bc0
----------------- Done invoking toplevel() on ptolemy.moml.MoMLSimpleApplication@690c4bc0
reloadAllAccessors: .MathFunction2

===========================================================================================
----------------- testing Tue Nov 05 06:18:38 UTC 2019 /home/travis/build/icyphy/ptII/ptolemy/actor/lib/test/auto/MathFunction3.xml
----------------- Instantiating /home/travis/build/icyphy/ptII/ptolemy/actor/lib/test/auto/MathFunction3.xml
2 ms. Memory: 470016K Free: 242794K (52%)
----------------- Invoking toplevel() on ptolemy.moml.MoMLSimpleApplication@732d5260
----------------- Done invoking toplevel() on ptolemy.moml.MoMLSimpleApplication@732d5260
reloadAllAccessors: .MathFunction3

===========================================================================================
----------------- testing Tue Nov 05 06:18:38 UTC 2019 /home/travis/build/icyphy/ptII/ptolemy/actor/lib/test/auto/MatrixCropBoolean.xml
----------------- Instantiating /home/travis/build/icyphy/ptII/ptolemy/actor/lib/test/auto/MatrixCropBoolean.xml
2 ms. Memory: 470016K Free: 238154K (51%)
----------------- Invoking toplevel() on ptolemy.moml.MoMLSimpleApplication@5a5891cd
----------------- Done invoking toplevel() on ptolemy.moml.MoMLSimpleApplication@5a5891cd
reloadAllAccessors: .MatrixCropBoolean

===========================================================================================
----------------- testing Tue Nov 05 06:18:38 UTC 2019 /home/travis/build/icyphy/ptII/ptolemy/actor/lib/test/auto/MatrixCropComplex.xml
----------------- Instantiating /home/travis/build/icyphy/ptII/ptolemy/actor/lib/test/auto/MatrixCropComplex.xml
2 ms. Memory: 470016K Free: 233058K (50%)
----------------- Invoking toplevel() on ptolemy.moml.MoMLSimpleApplication@16aba67d
----------------- Done invoking toplevel() on ptolemy.moml.MoMLSimpleApplication@16aba67d
reloadAllAccessors: .MatrixCropComplex

===========================================================================================
----------------- testing Tue Nov 05 06:18:38 UTC 2019 /home/travis/build/icyphy/ptII/ptolemy/actor/lib/test/auto/MatrixCropDouble.xml
----------------- Instantiating /home/travis/build/icyphy/ptII/ptolemy/actor/lib/test/auto/MatrixCropDouble.xml
3 ms. Memory: 470016K Free: 228458K (49%)
----------------- Invoking toplevel() on ptolemy.moml.MoMLSimpleApplication@6a13aa1b
----------------- Done invoking toplevel() on ptolemy.moml.MoMLSimpleApplication@6a13aa1b
reloadAllAccessors: .MatrixCropDouble

===========================================================================================
----------------- testing Tue Nov 05 06:18:38 UTC 2019 /home/travis/build/icyphy/ptII/ptolemy/actor/lib/test/auto/MatrixCropFix.xml
----------------- Instantiating /home/travis/build/icyphy/ptII/ptolemy/actor/lib/test/auto/MatrixCropFix.xml
2 ms. Memory: 470016K Free: 222810K (47%)
----------------- Invoking toplevel() on ptolemy.moml.MoMLSimpleApplication@c22b5d3
----------------- Done invoking toplevel() on ptolemy.moml.MoMLSimpleApplication@c22b5d3
reloadAllAccessors: .MatrixCropFix

===========================================================================================
----------------- testing Tue Nov 05 06:18:38 UTC 2019 /home/travis/build/icyphy/ptII/ptolemy/actor/lib/test/auto/MatrixCropInt.xml
----------------- Instantiating /home/travis/build/icyphy/ptII/ptolemy/actor/lib/test/auto/MatrixCropInt.xml
2 ms. Memory: 470016K Free: 218722K (47%)
----------------- Invoking toplevel() on ptolemy.moml.MoMLSimpleApplication@7afefcf0
----------------- Done invoking toplevel() on ptolemy.moml.MoMLSimpleApplication@7afefcf0
reloadAllAccessors: .MatrixCropInt

===========================================================================================
----------------- testing Tue Nov 05 06:18:38 UTC 2019 /home/travis/build/icyphy/ptII/ptolemy/actor/lib/test/auto/MatrixCropLong.xml
----------------- Instantiating /home/travis/build/icyphy/ptII/ptolemy/actor/lib/test/auto/MatrixCropLong.xml
3 ms. Memory: 470016K Free: 214122K (46%)
----------------- Invoking toplevel() on ptolemy.moml.MoMLSimpleApplication@44369852
----------------- Done invoking toplevel() on ptolemy.moml.MoMLSimpleApplication@44369852
reloadAllAccessors: .MatrixCropLong

===========================================================================================
----------------- testing Tue Nov 05 06:18:38 UTC 2019 /home/travis/build/icyphy/ptII/ptolemy/actor/lib/test/auto/MatrixToArray.xml
----------------- Instantiating /home/travis/build/icyphy/ptII/ptolemy/actor/lib/test/auto/MatrixToArray.xml
8 ms. Memory: 470016K Free: 198762K (42%)
----------------- Invoking toplevel() on ptolemy.moml.MoMLSimpleApplication@2c6a38a0
----------------- Done invoking toplevel() on ptolemy.moml.MoMLSimpleApplication@2c6a38a0
reloadAllAccessors: .MatrixToArray

===========================================================================================
----------------- testing Tue Nov 05 06:18:38 UTC 2019 /home/travis/build/icyphy/ptII/ptolemy/actor/lib/test/auto/MaxIndex.xml
----------------- Instantiating /home/travis/build/icyphy/ptII/ptolemy/actor/lib/test/auto/MaxIndex.xml
2 ms. Memory: 470016K Free: 193642K (41%)
----------------- Invoking toplevel() on ptolemy.moml.MoMLSimpleApplication@40f83b19
----------------- Done invoking toplevel() on ptolemy.moml.MoMLSimpleApplication@40f83b19
reloadAllAccessors: .MaxIndex

===========================================================================================
----------------- testing Tue Nov 05 06:18:38 UTC 2019 /home/travis/build/icyphy/ptII/ptolemy/actor/lib/test/auto/Maximum.xml
----------------- Instantiating /home/travis/build/icyphy/ptII/ptolemy/actor/lib/test/auto/Maximum.xml
8 ms. Memory: 470016K Free: 187498K (40%)
----------------- Invoking toplevel() on ptolemy.moml.MoMLSimpleApplication@3dd9ff55
----------------- Done invoking toplevel() on ptolemy.moml.MoMLSimpleApplication@3dd9ff55
reloadAllAccessors: .Maximum

===========================================================================================
----------------- testing Tue Nov 05 06:18:38 UTC 2019 /home/travis/build/icyphy/ptII/ptolemy/actor/lib/test/auto/MaximumComplex.xml
----------------- Instantiating /home/travis/build/icyphy/ptII/ptolemy/actor/lib/test/auto/MaximumComplex.xml
6 ms. Memory: 470016K Free: 181354K (39%)
----------------- Invoking toplevel() on ptolemy.moml.MoMLSimpleApplication@554d331f
----------------- Done invoking toplevel() on ptolemy.moml.MoMLSimpleApplication@554d331f
reloadAllAccessors: .MaximumComplex

===========================================================================================
----------------- testing Tue Nov 05 06:18:38 UTC 2019 /home/travis/build/icyphy/ptII/ptolemy/actor/lib/test/auto/MethodCallTest.xml
----------------- Instantiating /home/travis/build/icyphy/ptII/ptolemy/actor/lib/test/auto/MethodCallTest.xml
3 ms. Memory: 470016K Free: 174696K (37%)
----------------- Invoking toplevel() on ptolemy.moml.MoMLSimpleApplication@6f1d12b0
----------------- Done invoking toplevel() on ptolemy.moml.MoMLSimpleApplication@6f1d12b0
reloadAllAccessors: .MethodCallTest

===========================================================================================
----------------- testing Tue Nov 05 06:18:38 UTC 2019 /home/travis/build/icyphy/ptII/ptolemy/actor/lib/test/auto/Minimum.xml
----------------- Instantiating /home/travis/build/icyphy/ptII/ptolemy/actor/lib/test/auto/Minimum.xml
2 ms. Memory: 470016K Free: 168042K (36%)
----------------- Invoking toplevel() on ptolemy.moml.MoMLSimpleApplication@11a9ce55
----------------- Done invoking toplevel() on ptolemy.moml.MoMLSimpleApplication@11a9ce55
reloadAllAccessors: .Minimum

===========================================================================================
----------------- testing Tue Nov 05 06:18:38 UTC 2019 /home/travis/build/icyphy/ptII/ptolemy/actor/lib/test/auto/MinimumComplex.xml
----------------- Instantiating /home/travis/build/icyphy/ptII/ptolemy/actor/lib/test/auto/MinimumComplex.xml
3 ms. Memory: 470016K Free: 162394K (35%)
----------------- Invoking toplevel() on ptolemy.moml.MoMLSimpleApplication@3303bcac
----------------- Done invoking toplevel() on ptolemy.moml.MoMLSimpleApplication@3303bcac
reloadAllAccessors: .MinimumComplex

===========================================================================================
----------------- testing Tue Nov 05 06:18:38 UTC 2019 /home/travis/build/icyphy/ptII/ptolemy/actor/lib/test/auto/MinimumMultiports.xml
----------------- Instantiating /home/travis/build/icyphy/ptII/ptolemy/actor/lib/test/auto/MinimumMultiports.xml
5 ms. Memory: 470016K Free: 153706K (33%)
----------------- Invoking toplevel() on ptolemy.moml.MoMLSimpleApplication@54ef80bf
----------------- Done invoking toplevel() on ptolemy.moml.MoMLSimpleApplication@54ef80bf
reloadAllAccessors: .MinimumMultiports

===========================================================================================
----------------- testing Tue Nov 05 06:18:38 UTC 2019 /home/travis/build/icyphy/ptII/ptolemy/actor/lib/test/auto/ModifyDate.xml
----------------- Instantiating /home/travis/build/icyphy/ptII/ptolemy/actor/lib/test/auto/ModifyDate.xml
11 ms. Memory: 470016K Free: 411240K (87%)
----------------- Invoking toplevel() on ptolemy.moml.MoMLSimpleApplication@6dde579
----------------- Done invoking toplevel() on ptolemy.moml.MoMLSimpleApplication@6dde579
reloadAllAccessors: .ModifyDate

===========================================================================================
----------------- testing Tue Nov 05 06:18:38 UTC 2019 /home/travis/build/icyphy/ptII/ptolemy/actor/lib/test/auto/ModifyDate2.xml
----------------- Instantiating /home/travis/build/icyphy/ptII/ptolemy/actor/lib/test/auto/ModifyDate2.xml
8 ms. Memory: 470016K Free: 402538K (86%)
----------------- Invoking toplevel() on ptolemy.moml.MoMLSimpleApplication@9b20692
----------------- Done invoking toplevel() on ptolemy.moml.MoMLSimpleApplication@9b20692
reloadAllAccessors: .ModifyDate2

===========================================================================================
----------------- testing Tue Nov 05 06:18:38 UTC 2019 /home/travis/build/icyphy/ptII/ptolemy/actor/lib/test/auto/MovingAverage.xml
----------------- Instantiating /home/travis/build/icyphy/ptII/ptolemy/actor/lib/test/auto/MovingAverage.xml
3 ms. Memory: 470016K Free: 397418K (85%)
----------------- Invoking toplevel() on ptolemy.moml.MoMLSimpleApplication@75956646
----------------- Done invoking toplevel() on ptolemy.moml.MoMLSimpleApplication@75956646
reloadAllAccessors: .MovingAverage

===========================================================================================
----------------- testing Tue Nov 05 06:18:38 UTC 2019 /home/travis/build/icyphy/ptII/ptolemy/actor/lib/test/auto/MovingMaximum.xml
----------------- Instantiating /home/travis/build/icyphy/ptII/ptolemy/actor/lib/test/auto/MovingMaximum.xml
2 ms. Memory: 470016K Free: 392808K (84%)
----------------- Invoking toplevel() on ptolemy.moml.MoMLSimpleApplication@4f8ce372
----------------- Done invoking toplevel() on ptolemy.moml.MoMLSimpleApplication@4f8ce372
reloadAllAccessors: .MovingMaximum

===========================================================================================
----------------- testing Tue Nov 05 06:18:38 UTC 2019 /home/travis/build/icyphy/ptII/ptolemy/actor/lib/test/auto/MultipleLinksToSameRelation.xml
----------------- Instantiating /home/travis/build/icyphy/ptII/ptolemy/actor/lib/test/auto/MultipleLinksToSameRelation.xml
2 ms. Memory: 470016K Free: 388712K (83%)
----------------- Invoking toplevel() on ptolemy.moml.MoMLSimpleApplication@42b6db57
----------------- Done invoking toplevel() on ptolemy.moml.MoMLSimpleApplication@42b6db57
reloadAllAccessors: .MultipleLinksToSameRelation

===========================================================================================
----------------- testing Tue Nov 05 06:18:38 UTC 2019 /home/travis/build/icyphy/ptII/ptolemy/actor/lib/test/auto/MultipleLinksToSameRelationDE.xml
----------------- Instantiating /home/travis/build/icyphy/ptII/ptolemy/actor/lib/test/auto/MultipleLinksToSameRelationDE.xml
5 ms. Memory: 470016K Free: 384602K (82%)
----------------- Invoking toplevel() on ptolemy.moml.MoMLSimpleApplication@2352a981
----------------- Done invoking toplevel() on ptolemy.moml.MoMLSimpleApplication@2352a981
reloadAllAccessors: .MultipleLinksToSameRelationDE

===========================================================================================
----------------- testing Tue Nov 05 06:18:38 UTC 2019 /home/travis/build/icyphy/ptII/ptolemy/actor/lib/test/auto/Multiplexor.xml
----------------- Instantiating /home/travis/build/icyphy/ptII/ptolemy/actor/lib/test/auto/Multiplexor.xml
2 ms. Memory: 470016K Free: 378986K (81%)
----------------- Invoking toplevel() on ptolemy.moml.MoMLSimpleApplication@14afbc9a
----------------- Done invoking toplevel() on ptolemy.moml.MoMLSimpleApplication@14afbc9a
reloadAllAccessors: .Multiplexor

===========================================================================================
----------------- testing Tue Nov 05 06:18:38 UTC 2019 /home/travis/build/icyphy/ptII/ptolemy/actor/lib/test/auto/Multiplexor1.xml
----------------- Instantiating /home/travis/build/icyphy/ptII/ptolemy/actor/lib/test/auto/Multiplexor1.xml
2 ms. Memory: 470016K Free: 373322K (79%)
----------------- Invoking toplevel() on ptolemy.moml.MoMLSimpleApplication@657b31cc
----------------- Done invoking toplevel() on ptolemy.moml.MoMLSimpleApplication@657b31cc
reloadAllAccessors: .Multiplexor1

===========================================================================================
----------------- testing Tue Nov 05 06:18:38 UTC 2019 /home/travis/build/icyphy/ptII/ptolemy/actor/lib/test/auto/Multiplexor2.xml
----------------- Instantiating /home/travis/build/icyphy/ptII/ptolemy/actor/lib/test/auto/Multiplexor2.xml
3 ms. Memory: 470016K Free: 366698K (78%)
----------------- Invoking toplevel() on ptolemy.moml.MoMLSimpleApplication@be5dab3
----------------- Done invoking toplevel() on ptolemy.moml.MoMLSimpleApplication@be5dab3
reloadAllAccessors: .Multiplexor2

===========================================================================================
----------------- testing Tue Nov 05 06:18:38 UTC 2019 /home/travis/build/icyphy/ptII/ptolemy/actor/lib/test/auto/Multiplexor3.xml
----------------- Instantiating /home/travis/build/icyphy/ptII/ptolemy/actor/lib/test/auto/Multiplexor3.xml
4 ms. Memory: 470016K Free: 362602K (77%)
----------------- Invoking toplevel() on ptolemy.moml.MoMLSimpleApplication@51f61e04
----------------- Done invoking toplevel() on ptolemy.moml.MoMLSimpleApplication@51f61e04
reloadAllAccessors: .Multiplexor3

===========================================================================================
----------------- testing Tue Nov 05 06:18:38 UTC 2019 /home/travis/build/icyphy/ptII/ptolemy/actor/lib/test/auto/MultiplexorDE.xml
----------------- Instantiating /home/travis/build/icyphy/ptII/ptolemy/actor/lib/test/auto/MultiplexorDE.xml
2 ms. Memory: 470016K Free: 355434K (76%)
----------------- Invoking toplevel() on ptolemy.moml.MoMLSimpleApplication@155001f6
----------------- Done invoking toplevel() on ptolemy.moml.MoMLSimpleApplication@155001f6
reloadAllAccessors: .MultiplexorDE

===========================================================================================
----------------- testing Tue Nov 05 06:18:38 UTC 2019 /home/travis/build/icyphy/ptII/ptolemy/actor/lib/test/auto/MultiportBroadcastTest.xml
----------------- Instantiating /home/travis/build/icyphy/ptII/ptolemy/actor/lib/test/auto/MultiportBroadcastTest.xml
85 ms. Memory: 470016K Free: 349290K (74%)
----------------- Invoking toplevel() on ptolemy.moml.MoMLSimpleApplication@27101d70
----------------- Done invoking toplevel() on ptolemy.moml.MoMLSimpleApplication@27101d70
reloadAllAccessors: .MultiportBroadcastTest

===========================================================================================
----------------- testing Tue Nov 05 06:18:38 UTC 2019 /home/travis/build/icyphy/ptII/ptolemy/actor/lib/test/auto/MultiportOutHangDuringGetWidth.xml
----------------- Instantiating /home/travis/build/icyphy/ptII/ptolemy/actor/lib/test/auto/MultiportOutHangDuringGetWidth.xml
5 ms. Memory: 470016K Free: 337002K (72%)
----------------- Invoking toplevel() on ptolemy.moml.MoMLSimpleApplication@2297d366
----------------- Done invoking toplevel() on ptolemy.moml.MoMLSimpleApplication@2297d366
reloadAllAccessors: .MultiportOutHangDuringGetWidth

===========================================================================================
----------------- testing Tue Nov 05 06:18:38 UTC 2019 /home/travis/build/icyphy/ptII/ptolemy/actor/lib/test/auto/NilToken.xml
----------------- Instantiating /home/travis/build/icyphy/ptII/ptolemy/actor/lib/test/auto/NilToken.xml
1 ms. Memory: 470016K Free: 332906K (71%)
----------------- Invoking toplevel() on ptolemy.moml.MoMLSimpleApplication@5fed25f6
----------------- Done invoking toplevel() on ptolemy.moml.MoMLSimpleApplication@5fed25f6
reloadAllAccessors: .NilToken

===========================================================================================
----------------- testing Tue Nov 05 06:18:38 UTC 2019 /home/travis/build/icyphy/ptII/ptolemy/actor/lib/test/auto/NilTokenNonStrictTest.xml
----------------- Instantiating /home/travis/build/icyphy/ptII/ptolemy/actor/lib/test/auto/NilTokenNonStrictTest.xml
2 ms. Memory: 470016K Free: 328296K (70%)
----------------- Invoking toplevel() on ptolemy.moml.MoMLSimpleApplication@1022bf21
----------------- Done invoking toplevel() on ptolemy.moml.MoMLSimpleApplication@1022bf21
reloadAllAccessors: .NilTokenNonStrictTest

===========================================================================================
----------------- testing Tue Nov 05 06:18:38 UTC 2019 /home/travis/build/icyphy/ptII/ptolemy/actor/lib/test/auto/NilTokenRecord.xml
----------------- Instantiating /home/travis/build/icyphy/ptII/ptolemy/actor/lib/test/auto/NilTokenRecord.xml
14 ms. Memory: 470016K Free: 322152K (69%)
----------------- Invoking toplevel() on ptolemy.moml.MoMLSimpleApplication@75b9f3f1
----------------- Done invoking toplevel() on ptolemy.moml.MoMLSimpleApplication@75b9f3f1
reloadAllAccessors: .NilTokenRecord

===========================================================================================
----------------- testing Tue Nov 05 06:18:38 UTC 2019 /home/travis/build/icyphy/ptII/ptolemy/actor/lib/test/auto/NilTokenTypeTest.xml
----------------- Instantiating /home/travis/build/icyphy/ptII/ptolemy/actor/lib/test/auto/NilTokenTypeTest.xml
8 ms. Memory: 470016K Free: 312426K (66%)
----------------- Invoking toplevel() on ptolemy.moml.MoMLSimpleApplication@7c1e9ab9
----------------- Done invoking toplevel() on ptolemy.moml.MoMLSimpleApplication@7c1e9ab9
reloadAllAccessors: .NilTokenTypeTest

===========================================================================================
----------------- testing Tue Nov 05 06:18:39 UTC 2019 /home/travis/build/icyphy/ptII/ptolemy/actor/lib/test/auto/ObjectToken1.xml
----------------- Instantiating /home/travis/build/icyphy/ptII/ptolemy/actor/lib/test/auto/ObjectToken1.xml
3 ms. Memory: 470016K Free: 308330K (66%)
----------------- Invoking toplevel() on ptolemy.moml.MoMLSimpleApplication@455026f0
----------------- Done invoking toplevel() on ptolemy.moml.MoMLSimpleApplication@455026f0
reloadAllAccessors: .ObjectToken1

===========================================================================================
----------------- testing Tue Nov 05 06:18:39 UTC 2019 /home/travis/build/icyphy/ptII/ptolemy/actor/lib/test/auto/OrderedMerge.xml
----------------- Instantiating /home/travis/build/icyphy/ptII/ptolemy/actor/lib/test/auto/OrderedMerge.xml
7 ms. Memory: 470016K Free: 302696K (64%)
----------------- Invoking toplevel() on ptolemy.moml.MoMLSimpleApplication@4aa224d3
----------------- Done invoking toplevel() on ptolemy.moml.MoMLSimpleApplication@4aa224d3
reloadAllAccessors: .OrderedMerge

===========================================================================================
----------------- testing Tue Nov 05 06:18:39 UTC 2019 /home/travis/build/icyphy/ptII/ptolemy/actor/lib/test/auto/OrderedRecordDisassembler.xml
----------------- Instantiating /home/travis/build/icyphy/ptII/ptolemy/actor/lib/test/auto/OrderedRecordDisassembler.xml
4 ms. Memory: 470016K Free: 297546K (63%)
----------------- Invoking toplevel() on ptolemy.moml.MoMLSimpleApplication@da8e0df
----------------- Done invoking toplevel() on ptolemy.moml.MoMLSimpleApplication@da8e0df
reloadAllAccessors: .OrderedRecordDisassembler

===========================================================================================
----------------- testing Tue Nov 05 06:18:39 UTC 2019 /home/travis/build/icyphy/ptII/ptolemy/actor/lib/test/auto/OrderedRecordDisassembler2.xml
----------------- Instantiating /home/travis/build/icyphy/ptII/ptolemy/actor/lib/test/auto/OrderedRecordDisassembler2.xml
5 ms. Memory: 470016K Free: 289898K (62%)
----------------- Invoking toplevel() on ptolemy.moml.MoMLSimpleApplication@694c03ff
----------------- Done invoking toplevel() on ptolemy.moml.MoMLSimpleApplication@694c03ff
reloadAllAccessors: .OrderedRecordDisassembler2

===========================================================================================
----------------- testing Tue Nov 05 06:18:39 UTC 2019 /home/travis/build/icyphy/ptII/ptolemy/actor/lib/test/auto/OrderedRecordUpdater.xml
----------------- Instantiating /home/travis/build/icyphy/ptII/ptolemy/actor/lib/test/auto/OrderedRecordUpdater.xml
2 ms. Memory: 470016K Free: 285802K (61%)
----------------- Invoking toplevel() on ptolemy.moml.MoMLSimpleApplication@3fc1d5dc
----------------- Done invoking toplevel() on ptolemy.moml.MoMLSimpleApplication@3fc1d5dc
reloadAllAccessors: .RecordUpdater

===========================================================================================
----------------- testing Tue Nov 05 06:18:39 UTC 2019 /home/travis/build/icyphy/ptII/ptolemy/actor/lib/test/auto/OrderedRecordUpdater2.xml
----------------- Instantiating /home/travis/build/icyphy/ptII/ptolemy/actor/lib/test/auto/OrderedRecordUpdater2.xml
3 ms. Memory: 470016K Free: 281192K (60%)
----------------- Invoking toplevel() on ptolemy.moml.MoMLSimpleApplication@6cba8acd
----------------- Done invoking toplevel() on ptolemy.moml.MoMLSimpleApplication@6cba8acd
reloadAllAccessors: .RecordUpdater2

===========================================================================================
----------------- testing Tue Nov 05 06:18:39 UTC 2019 /home/travis/build/icyphy/ptII/ptolemy/actor/lib/test/auto/PhaseUnwrap.xml
----------------- Instantiating /home/travis/build/icyphy/ptII/ptolemy/actor/lib/test/auto/PhaseUnwrap.xml
2 ms. Memory: 470016K Free: 276586K (59%)
----------------- Invoking toplevel() on ptolemy.moml.MoMLSimpleApplication@5f63e3b7
----------------- Done invoking toplevel() on ptolemy.moml.MoMLSimpleApplication@5f63e3b7
reloadAllAccessors: .PhaseUnwrap

===========================================================================================
----------------- testing Tue Nov 05 06:18:39 UTC 2019 /home/travis/build/icyphy/ptII/ptolemy/actor/lib/test/auto/PoissonClock.xml
----------------- Instantiating /home/travis/build/icyphy/ptII/ptolemy/actor/lib/test/auto/PoissonClock.xml
1 ms. Memory: 470016K Free: 272490K (58%)
----------------- Invoking toplevel() on ptolemy.moml.MoMLSimpleApplication@4fe0bd01
----------------- Done invoking toplevel() on ptolemy.moml.MoMLSimpleApplication@4fe0bd01
reloadAllAccessors: .PoissonClock

===========================================================================================
----------------- testing Tue Nov 05 06:18:39 UTC 2019 /home/travis/build/icyphy/ptII/ptolemy/actor/lib/test/auto/PoissonClock2.xml
----------------- Instantiating /home/travis/build/icyphy/ptII/ptolemy/actor/lib/test/auto/PoissonClock2.xml
2 ms. Memory: 470016K Free: 268392K (57%)
----------------- Invoking toplevel() on ptolemy.moml.MoMLSimpleApplication@543ee8ca
----------------- Done invoking toplevel() on ptolemy.moml.MoMLSimpleApplication@543ee8ca
reloadAllAccessors: .PoissonClock2

===========================================================================================
----------------- testing Tue Nov 05 06:18:39 UTC 2019 /home/travis/build/icyphy/ptII/ptolemy/actor/lib/test/auto/PoissonClock3.xml
----------------- Instantiating /home/travis/build/icyphy/ptII/ptolemy/actor/lib/test/auto/PoissonClock3.xml
2 ms. Memory: 470016K Free: 263274K (56%)
----------------- Invoking toplevel() on ptolemy.moml.MoMLSimpleApplication@39280c45
----------------- Done invoking toplevel() on ptolemy.moml.MoMLSimpleApplication@39280c45
reloadAllAccessors: .PoissonClock3

===========================================================================================
----------------- testing Tue Nov 05 06:18:39 UTC 2019 /home/travis/build/icyphy/ptII/ptolemy/actor/lib/test/auto/PubSubWithInitialTokens.xml
----------------- Instantiating /home/travis/build/icyphy/ptII/ptolemy/actor/lib/test/auto/PubSubWithInitialTokens.xml
3 ms. Memory: 470016K Free: 258154K (55%)
----------------- Invoking toplevel() on ptolemy.moml.MoMLSimpleApplication@2e639e20
----------------- Done invoking toplevel() on ptolemy.moml.MoMLSimpleApplication@2e639e20
reloadAllAccessors: .PubSubWithInitialTokens

===========================================================================================
----------------- testing Tue Nov 05 06:18:39 UTC 2019 /home/travis/build/icyphy/ptII/ptolemy/actor/lib/test/auto/PubSubWithInitialTokens2.xml
----------------- Instantiating /home/travis/build/icyphy/ptII/ptolemy/actor/lib/test/auto/PubSubWithInitialTokens2.xml
2 ms. Memory: 470016K Free: 252010K (54%)
----------------- Invoking toplevel() on ptolemy.moml.MoMLSimpleApplication@430673aa
----------------- Done invoking toplevel() on ptolemy.moml.MoMLSimpleApplication@430673aa
reloadAllAccessors: .PubSubWithInitialTokens2

===========================================================================================
----------------- testing Tue Nov 05 06:18:39 UTC 2019 /home/travis/build/icyphy/ptII/ptolemy/actor/lib/test/auto/PublisherClassNoParameter.xml
----------------- Instantiating /home/travis/build/icyphy/ptII/ptolemy/actor/lib/test/auto/PublisherClassNoParameter.xml
4 ms. Memory: 470016K Free: 242280K (52%)
----------------- Invoking toplevel() on ptolemy.moml.MoMLSimpleApplication@265df77c
----------------- Done invoking toplevel() on ptolemy.moml.MoMLSimpleApplication@265df77c
reloadAllAccessors: .PublisherClassNoParameter

===========================================================================================
----------------- testing Tue Nov 05 06:18:39 UTC 2019 /home/travis/build/icyphy/ptII/ptolemy/actor/lib/test/auto/PublisherClassParameter.xml
----------------- Instantiating /home/travis/build/icyphy/ptII/ptolemy/actor/lib/test/auto/PublisherClassParameter.xml
3 ms. Memory: 470016K Free: 232040K (49%)
----------------- Invoking toplevel() on ptolemy.moml.MoMLSimpleApplication@16233439
----------------- Done invoking toplevel() on ptolemy.moml.MoMLSimpleApplication@16233439
reloadAllAccessors: .PublisherClassParameter

===========================================================================================
----------------- testing Tue Nov 05 06:18:39 UTC 2019 /home/travis/build/icyphy/ptII/ptolemy/actor/lib/test/auto/PublisherNonStrictTest.xml
----------------- Instantiating /home/travis/build/icyphy/ptII/ptolemy/actor/lib/test/auto/PublisherNonStrictTest.xml
4 ms. Memory: 470016K Free: 224362K (48%)
----------------- Invoking toplevel() on ptolemy.moml.MoMLSimpleApplication@30061eca
----------------- Done invoking toplevel() on ptolemy.moml.MoMLSimpleApplication@30061eca
reloadAllAccessors: .PublisherNonStrictTest

===========================================================================================
----------------- testing Tue Nov 05 06:18:39 UTC 2019 /home/travis/build/icyphy/ptII/ptolemy/actor/lib/test/auto/PublisherPort1.xml
----------------- Instantiating /home/travis/build/icyphy/ptII/ptolemy/actor/lib/test/auto/PublisherPort1.xml
3 ms. Memory: 470016K Free: 218698K (47%)
----------------- Invoking toplevel() on ptolemy.moml.MoMLSimpleApplication@53c47b1c
----------------- Done invoking toplevel() on ptolemy.moml.MoMLSimpleApplication@53c47b1c
reloadAllAccessors: .PublisherPort1

===========================================================================================
----------------- testing Tue Nov 05 06:18:39 UTC 2019 /home/travis/build/icyphy/ptII/ptolemy/actor/lib/test/auto/PublisherPort2.xml
----------------- Instantiating /home/travis/build/icyphy/ptII/ptolemy/actor/lib/test/auto/PublisherPort2.xml
2 ms. Memory: 470016K Free: 213608K (45%)
----------------- Invoking toplevel() on ptolemy.moml.MoMLSimpleApplication@18d694ee
----------------- Done invoking toplevel() on ptolemy.moml.MoMLSimpleApplication@18d694ee
reloadAllAccessors: .PublisherPort2

===========================================================================================
----------------- testing Tue Nov 05 06:18:39 UTC 2019 /home/travis/build/icyphy/ptII/ptolemy/actor/lib/test/auto/PublisherPort3.xml
----------------- Instantiating /home/travis/build/icyphy/ptII/ptolemy/actor/lib/test/auto/PublisherPort3.xml
10 ms. Memory: 470016K Free: 207434K (44%)
----------------- Invoking toplevel() on ptolemy.moml.MoMLSimpleApplication@e14569e
----------------- Done invoking toplevel() on ptolemy.moml.MoMLSimpleApplication@e14569e
reloadAllAccessors: .PublisherPort3

===========================================================================================
----------------- testing Tue Nov 05 06:18:39 UTC 2019 /home/travis/build/icyphy/ptII/ptolemy/actor/lib/test/auto/PublisherPort4.xml
----------------- Instantiating /home/travis/build/icyphy/ptII/ptolemy/actor/lib/test/auto/PublisherPort4.xml
3 ms. Memory: 470016K Free: 201834K (43%)
----------------- Invoking toplevel() on ptolemy.moml.MoMLSimpleApplication@654e469c
----------------- Done invoking toplevel() on ptolemy.moml.MoMLSimpleApplication@654e469c
reloadAllAccessors: .PublisherPort4

===========================================================================================
----------------- testing Tue Nov 05 06:18:39 UTC 2019 /home/travis/build/icyphy/ptII/ptolemy/actor/lib/test/auto/PublisherPort5.xml
----------------- Instantiating /home/travis/build/icyphy/ptII/ptolemy/actor/lib/test/auto/PublisherPort5.xml
4 ms. Memory: 470016K Free: 194152K (41%)
----------------- Invoking toplevel() on ptolemy.moml.MoMLSimpleApplication@6308d25c
----------------- Done invoking toplevel() on ptolemy.moml.MoMLSimpleApplication@6308d25c
reloadAllAccessors: .PublisherPort5

===========================================================================================
----------------- testing Tue Nov 05 06:18:39 UTC 2019 /home/travis/build/icyphy/ptII/ptolemy/actor/lib/test/auto/PublisherPort5LookAlike.xml
----------------- Instantiating /home/travis/build/icyphy/ptII/ptolemy/actor/lib/test/auto/PublisherPort5LookAlike.xml
7 ms. Memory: 470016K Free: 186474K (40%)
----------------- Invoking toplevel() on ptolemy.moml.MoMLSimpleApplication@5e688abc
----------------- Done invoking toplevel() on ptolemy.moml.MoMLSimpleApplication@5e688abc
reloadAllAccessors: .PublisherPort5LookAlike

===========================================================================================
----------------- testing Tue Nov 05 06:18:39 UTC 2019 /home/travis/build/icyphy/ptII/ptolemy/actor/lib/test/auto/PublisherPort6.xml
----------------- Instantiating /home/travis/build/icyphy/ptII/ptolemy/actor/lib/test/auto/PublisherPort6.xml
2 ms. Memory: 470016K Free: 179816K (38%)
----------------- Invoking toplevel() on ptolemy.moml.MoMLSimpleApplication@6892c6ba
----------------- Done invoking toplevel() on ptolemy.moml.MoMLSimpleApplication@6892c6ba
reloadAllAccessors: .PublisherPort6

===========================================================================================
----------------- testing Tue Nov 05 06:18:39 UTC 2019 /home/travis/build/icyphy/ptII/ptolemy/actor/lib/test/auto/PublisherPort7.xml
----------------- Instantiating /home/travis/build/icyphy/ptII/ptolemy/actor/lib/test/auto/PublisherPort7.xml
4 ms. Memory: 470016K Free: 172138K (37%)
----------------- Invoking toplevel() on ptolemy.moml.MoMLSimpleApplication@53ff57e9
----------------- Done invoking toplevel() on ptolemy.moml.MoMLSimpleApplication@53ff57e9
reloadAllAccessors: .PublisherPort7

===========================================================================================
----------------- testing Tue Nov 05 06:18:39 UTC 2019 /home/travis/build/icyphy/ptII/ptolemy/actor/lib/test/auto/PublisherPort8.xml
----------------- Instantiating /home/travis/build/icyphy/ptII/ptolemy/actor/lib/test/auto/PublisherPort8.xml
6 ms. Memory: 470016K Free: 163432K (35%)
----------------- Invoking toplevel() on ptolemy.moml.MoMLSimpleApplication@66cb43f5
----------------- Done invoking toplevel() on ptolemy.moml.MoMLSimpleApplication@66cb43f5
reloadAllAccessors: .PublisherPort8

===========================================================================================
----------------- testing Tue Nov 05 06:18:39 UTC 2019 /home/travis/build/icyphy/ptII/ptolemy/actor/lib/test/auto/PublisherPortSubscriberChannelVariablesAOC2.xml
----------------- Instantiating /home/travis/build/icyphy/ptII/ptolemy/actor/lib/test/auto/PublisherPortSubscriberChannelVariablesAOC2.xml
4 ms. Memory: 470016K Free: 415850K (88%)
----------------- Invoking toplevel() on ptolemy.moml.MoMLSimpleApplication@6d3c86f
----------------- Done invoking toplevel() on ptolemy.moml.MoMLSimpleApplication@6d3c86f
reloadAllAccessors: .PublisherPortSubscriberChannelVariablesAOC2

===========================================================================================
----------------- testing Tue Nov 05 06:18:39 UTC 2019 /home/travis/build/icyphy/ptII/ptolemy/actor/lib/test/auto/PublisherPortSubscriberOpaqueWidthInference.xml
----------------- Instantiating /home/travis/build/icyphy/ptII/ptolemy/actor/lib/test/auto/PublisherPortSubscriberOpaqueWidthInference.xml
5 ms. Memory: 470016K Free: 408154K (87%)
----------------- Invoking toplevel() on ptolemy.moml.MoMLSimpleApplication@468627ac
----------------- Done invoking toplevel() on ptolemy.moml.MoMLSimpleApplication@468627ac
reloadAllAccessors: .PublisherPortSubscriberOpaqueWidthInference

===========================================================================================
----------------- testing Tue Nov 05 06:18:39 UTC 2019 /home/travis/build/icyphy/ptII/ptolemy/actor/lib/test/auto/PublisherPortSubscriberPortAdjacent.xml
----------------- Instantiating /home/travis/build/icyphy/ptII/ptolemy/actor/lib/test/auto/PublisherPortSubscriberPortAdjacent.xml
2 ms. Memory: 470016K Free: 399976K (85%)
----------------- Invoking toplevel() on ptolemy.moml.MoMLSimpleApplication@32e45d0f
----------------- Done invoking toplevel() on ptolemy.moml.MoMLSimpleApplication@32e45d0f
reloadAllAccessors: .PublisherPortSubscriberPortAdjacent

===========================================================================================
----------------- testing Tue Nov 05 06:18:39 UTC 2019 /home/travis/build/icyphy/ptII/ptolemy/actor/lib/test/auto/PublisherPortSubscriberPortExpression.xml
----------------- Instantiating /home/travis/build/icyphy/ptII/ptolemy/actor/lib/test/auto/PublisherPortSubscriberPortExpression.xml
8 ms. Memory: 470016K Free: 391770K (83%)
----------------- Invoking toplevel() on ptolemy.moml.MoMLSimpleApplication@1e8d8672
----------------- Done invoking toplevel() on ptolemy.moml.MoMLSimpleApplication@1e8d8672
reloadAllAccessors: .PublisherPortSubscriberPortExpression

===========================================================================================
----------------- testing Tue Nov 05 06:18:39 UTC 2019 /home/travis/build/icyphy/ptII/ptolemy/actor/lib/test/auto/PublisherPortSubscriberPortOpaqueD3Reverse.xml
----------------- Instantiating /home/travis/build/icyphy/ptII/ptolemy/actor/lib/test/auto/PublisherPortSubscriberPortOpaqueD3Reverse.xml
8 ms. Memory: 470016K Free: 381544K (81%)
----------------- Invoking toplevel() on ptolemy.moml.MoMLSimpleApplication@44ab52f1
----------------- Done invoking toplevel() on ptolemy.moml.MoMLSimpleApplication@44ab52f1
reloadAllAccessors: .PublisherPortSubscriberPortOpaqueD3Reverse

===========================================================================================
----------------- testing Tue Nov 05 06:18:39 UTC 2019 /home/travis/build/icyphy/ptII/ptolemy/actor/lib/test/auto/PublisherPortSubscriberPortOpaqueWidthInference.xml
----------------- Instantiating /home/travis/build/icyphy/ptII/ptolemy/actor/lib/test/auto/PublisherPortSubscriberPortOpaqueWidthInference.xml
4 ms. Memory: 470016K Free: 373866K (80%)
----------------- Invoking toplevel() on ptolemy.moml.MoMLSimpleApplication@58bbc428
----------------- Done invoking toplevel() on ptolemy.moml.MoMLSimpleApplication@58bbc428
reloadAllAccessors: .PublisherPortSubscriberPortOpaqueWidthInference

===========================================================================================
----------------- testing Tue Nov 05 06:18:39 UTC 2019 /home/travis/build/icyphy/ptII/ptolemy/actor/lib/test/auto/PublisherPortToplevelSubscriberPortAOC.xml
----------------- Instantiating /home/travis/build/icyphy/ptII/ptolemy/actor/lib/test/auto/PublisherPortToplevelSubscriberPortAOC.xml
.PublisherPortToplevelSubscriberPortAOC.TestExceptionAttribute: initialize() was not invoked, but wrapup() was.  This is unusual, but not always a problem.  For example, exporting JNLP will do this.
1 ms. Memory: 470016K Free: 368232K (78%)
----------------- Invoking toplevel() on ptolemy.moml.MoMLSimpleApplication@151af91b
----------------- Done invoking toplevel() on ptolemy.moml.MoMLSimpleApplication@151af91b
reloadAllAccessors: .PublisherPortToplevelSubscriberPortAOC

===========================================================================================
----------------- testing Tue Nov 05 06:18:39 UTC 2019 /home/travis/build/icyphy/ptII/ptolemy/actor/lib/test/auto/PublisherSubscriber.xml
----------------- Instantiating /home/travis/build/icyphy/ptII/ptolemy/actor/lib/test/auto/PublisherSubscriber.xml
3 ms. Memory: 470016K Free: 361034K (77%)
----------------- Invoking toplevel() on ptolemy.moml.MoMLSimpleApplication@440f308e
----------------- Done invoking toplevel() on ptolemy.moml.MoMLSimpleApplication@440f308e
reloadAllAccessors: .PublisherSubscriber

===========================================================================================
----------------- testing Tue Nov 05 06:18:39 UTC 2019 /home/travis/build/icyphy/ptII/ptolemy/actor/lib/test/auto/PublisherSubscriber10.xml
----------------- Instantiating /home/travis/build/icyphy/ptII/ptolemy/actor/lib/test/auto/PublisherSubscriber10.xml
8 ms. Memory: 470016K Free: 351338K (75%)
----------------- Invoking toplevel() on ptolemy.moml.MoMLSimpleApplication@1216ea71
----------------- Done invoking toplevel() on ptolemy.moml.MoMLSimpleApplication@1216ea71
reloadAllAccessors: .PublisherSubscriber10

===========================================================================================
----------------- testing Tue Nov 05 06:18:39 UTC 2019 /home/travis/build/icyphy/ptII/ptolemy/actor/lib/test/auto/PublisherSubscriber10InitialOutputs.xml
----------------- Instantiating /home/travis/build/icyphy/ptII/ptolemy/actor/lib/test/auto/PublisherSubscriber10InitialOutputs.xml
17 ms. Memory: 470016K Free: 342122K (73%)
----------------- Invoking toplevel() on ptolemy.moml.MoMLSimpleApplication@4f7aecf9
----------------- Done invoking toplevel() on ptolemy.moml.MoMLSimpleApplication@4f7aecf9
reloadAllAccessors: .PublisherSubscriber10InitialOutputs

===========================================================================================
----------------- testing Tue Nov 05 06:18:39 UTC 2019 /home/travis/build/icyphy/ptII/ptolemy/actor/lib/test/auto/PublisherSubscriber11.xml
----------------- Instantiating /home/travis/build/icyphy/ptII/ptolemy/actor/lib/test/auto/PublisherSubscriber11.xml
4 ms. Memory: 470016K Free: 335978K (71%)
----------------- Invoking toplevel() on ptolemy.moml.MoMLSimpleApplication@4b739f4f
----------------- Done invoking toplevel() on ptolemy.moml.MoMLSimpleApplication@4b739f4f
reloadAllAccessors: .PublisherSubscriber11

===========================================================================================
----------------- testing Tue Nov 05 06:18:39 UTC 2019 /home/travis/build/icyphy/ptII/ptolemy/actor/lib/test/auto/PublisherSubscriber12.xml
----------------- Instantiating /home/travis/build/icyphy/ptII/ptolemy/actor/lib/test/auto/PublisherSubscriber12.xml
6 ms. Memory: 470016K Free: 329320K (70%)
----------------- Invoking toplevel() on ptolemy.moml.MoMLSimpleApplication@7403d9f6
----------------- Done invoking toplevel() on ptolemy.moml.MoMLSimpleApplication@7403d9f6
reloadAllAccessors: .PublisherSubscriber12

===========================================================================================
----------------- testing Tue Nov 05 06:18:39 UTC 2019 /home/travis/build/icyphy/ptII/ptolemy/actor/lib/test/auto/PublisherSubscriber13.xml
----------------- Instantiating /home/travis/build/icyphy/ptII/ptolemy/actor/lib/test/auto/PublisherSubscriber13.xml
2 ms. Memory: 470016K Free: 324170K (69%)
----------------- Invoking toplevel() on ptolemy.moml.MoMLSimpleApplication@7c371b5
----------------- Done invoking toplevel() on ptolemy.moml.MoMLSimpleApplication@7c371b5
reloadAllAccessors: .PublisherSubscriber13

===========================================================================================
----------------- testing Tue Nov 05 06:18:39 UTC 2019 /home/travis/build/icyphy/ptII/ptolemy/actor/lib/test/auto/PublisherSubscriber14.xml
----------------- Instantiating /home/travis/build/icyphy/ptII/ptolemy/actor/lib/test/auto/PublisherSubscriber14.xml
3 ms. Memory: 470016K Free: 315498K (67%)
----------------- Invoking toplevel() on ptolemy.moml.MoMLSimpleApplication@51ce9b6c
----------------- Done invoking toplevel() on ptolemy.moml.MoMLSimpleApplication@51ce9b6c
reloadAllAccessors: .PublisherSubscriber14

===========================================================================================
----------------- testing Tue Nov 05 06:18:40 UTC 2019 /home/travis/build/icyphy/ptII/ptolemy/actor/lib/test/auto/PublisherSubscriber2.xml
----------------- Instantiating /home/travis/build/icyphy/ptII/ptolemy/actor/lib/test/auto/PublisherSubscriber2.xml
4 ms. Memory: 470016K Free: 309850K (66%)
----------------- Invoking toplevel() on ptolemy.moml.MoMLSimpleApplication@64f27041
----------------- Done invoking toplevel() on ptolemy.moml.MoMLSimpleApplication@64f27041
reloadAllAccessors: .PublisherSubscriber2

===========================================================================================
----------------- testing Tue Nov 05 06:18:40 UTC 2019 /home/travis/build/icyphy/ptII/ptolemy/actor/lib/test/auto/PublisherSubscriber3.xml
----------------- Instantiating /home/travis/build/icyphy/ptII/ptolemy/actor/lib/test/auto/PublisherSubscriber3.xml
2 ms. Memory: 470016K Free: 304234K (65%)
----------------- Invoking toplevel() on ptolemy.moml.MoMLSimpleApplication@73a465e3
----------------- Done invoking toplevel() on ptolemy.moml.MoMLSimpleApplication@73a465e3
reloadAllAccessors: .PublisherSubscriber3

===========================================================================================
----------------- testing Tue Nov 05 06:18:40 UTC 2019 /home/travis/build/icyphy/ptII/ptolemy/actor/lib/test/auto/PublisherSubscriber4.xml
----------------- Instantiating /home/travis/build/icyphy/ptII/ptolemy/actor/lib/test/auto/PublisherSubscriber4.xml
2 ms. Memory: 470016K Free: 299114K (64%)
----------------- Invoking toplevel() on ptolemy.moml.MoMLSimpleApplication@36897174
----------------- Done invoking toplevel() on ptolemy.moml.MoMLSimpleApplication@36897174
reloadAllAccessors: .PublisherSubscriber4

===========================================================================================
----------------- testing Tue Nov 05 06:18:40 UTC 2019 /home/travis/build/icyphy/ptII/ptolemy/actor/lib/test/auto/PublisherSubscriber5.xml
----------------- Instantiating /home/travis/build/icyphy/ptII/ptolemy/actor/lib/test/auto/PublisherSubscriber5.xml
3 ms. Memory: 470016K Free: 292442K (62%)
----------------- Invoking toplevel() on ptolemy.moml.MoMLSimpleApplication@3e1ddb64
----------------- Done invoking toplevel() on ptolemy.moml.MoMLSimpleApplication@3e1ddb64
reloadAllAccessors: .PublisherSubscriber5

===========================================================================================
----------------- testing Tue Nov 05 06:18:40 UTC 2019 /home/travis/build/icyphy/ptII/ptolemy/actor/lib/test/auto/PublisherSubscriber6.xml
----------------- Instantiating /home/travis/build/icyphy/ptII/ptolemy/actor/lib/test/auto/PublisherSubscriber6.xml
5 ms. Memory: 470016K Free: 285802K (61%)
----------------- Invoking toplevel() on ptolemy.moml.MoMLSimpleApplication@2aa32b7c
----------------- Done invoking toplevel() on ptolemy.moml.MoMLSimpleApplication@2aa32b7c
reloadAllAccessors: .PublisherSubscriber6

===========================================================================================
----------------- testing Tue Nov 05 06:18:40 UTC 2019 /home/travis/build/icyphy/ptII/ptolemy/actor/lib/test/auto/PublisherSubscriber7.xml
----------------- Instantiating /home/travis/build/icyphy/ptII/ptolemy/actor/lib/test/auto/PublisherSubscriber7.xml
8 ms. Memory: 470016K Free: 279144K (59%)
----------------- Invoking toplevel() on ptolemy.moml.MoMLSimpleApplication@10541f6e
----------------- Done invoking toplevel() on ptolemy.moml.MoMLSimpleApplication@10541f6e
reloadAllAccessors: .PublisherSubscriber7

===========================================================================================
----------------- testing Tue Nov 05 06:18:40 UTC 2019 /home/travis/build/icyphy/ptII/ptolemy/actor/lib/test/auto/PublisherSubscriber8.xml
----------------- Instantiating /home/travis/build/icyphy/ptII/ptolemy/actor/lib/test/auto/PublisherSubscriber8.xml
21 ms. Memory: 470016K Free: 267370K (57%)
----------------- Invoking toplevel() on ptolemy.moml.MoMLSimpleApplication@5fcdfa4
----------------- Done invoking toplevel() on ptolemy.moml.MoMLSimpleApplication@5fcdfa4
reloadAllAccessors: .PublisherSubscriber8

===========================================================================================
----------------- testing Tue Nov 05 06:18:40 UTC 2019 /home/travis/build/icyphy/ptII/ptolemy/actor/lib/test/auto/PublisherSubscriber9.xml
----------------- Instantiating /home/travis/build/icyphy/ptII/ptolemy/actor/lib/test/auto/PublisherSubscriber9.xml
3 ms. Memory: 470016K Free: 260202K (55%)
----------------- Invoking toplevel() on ptolemy.moml.MoMLSimpleApplication@47cd390e
----------------- Done invoking toplevel() on ptolemy.moml.MoMLSimpleApplication@47cd390e
reloadAllAccessors: .PublisherSubscriber9

===========================================================================================
----------------- testing Tue Nov 05 06:18:40 UTC 2019 /home/travis/build/icyphy/ptII/ptolemy/actor/lib/test/auto/PublisherSubscriberAdjacent.xml
----------------- Instantiating /home/travis/build/icyphy/ptII/ptolemy/actor/lib/test/auto/PublisherSubscriberAdjacent.xml
2 ms. Memory: 470016K Free: 252010K (54%)
----------------- Invoking toplevel() on ptolemy.moml.MoMLSimpleApplication@7899a044
----------------- Done invoking toplevel() on ptolemy.moml.MoMLSimpleApplication@7899a044
reloadAllAccessors: .PublisherSubscriberAdjacent

===========================================================================================
----------------- testing Tue Nov 05 06:18:40 UTC 2019 /home/travis/build/icyphy/ptII/ptolemy/actor/lib/test/auto/PublisherSubscriberChannelVariablesAOC2.xml
----------------- Instantiating /home/travis/build/icyphy/ptII/ptolemy/actor/lib/test/auto/PublisherSubscriberChannelVariablesAOC2.xml
2 ms. Memory: 470016K Free: 237160K (50%)
----------------- Invoking toplevel() on ptolemy.moml.MoMLSimpleApplication@2e61f293
----------------- Done invoking toplevel() on ptolemy.moml.MoMLSimpleApplication@2e61f293
reloadAllAccessors: .PublisherSubscriberChannelVariablesAOC2

===========================================================================================
----------------- testing Tue Nov 05 06:18:40 UTC 2019 /home/travis/build/icyphy/ptII/ptolemy/actor/lib/test/auto/PublisherSubscriberD3.xml
----------------- Instantiating /home/travis/build/icyphy/ptII/ptolemy/actor/lib/test/auto/PublisherSubscriberD3.xml
2 ms. Memory: 470016K Free: 229992K (49%)
----------------- Invoking toplevel() on ptolemy.moml.MoMLSimpleApplication@28778118
----------------- Done invoking toplevel() on ptolemy.moml.MoMLSimpleApplication@28778118
reloadAllAccessors: .PublisherSubscriberD3

===========================================================================================
----------------- testing Tue Nov 05 06:18:40 UTC 2019 /home/travis/build/icyphy/ptII/ptolemy/actor/lib/test/auto/PublisherSubscriberD3Reverse.xml
----------------- Instantiating /home/travis/build/icyphy/ptII/ptolemy/actor/lib/test/auto/PublisherSubscriberD3Reverse.xml
1 ms. Memory: 470016K Free: 223848K (48%)
----------------- Invoking toplevel() on ptolemy.moml.MoMLSimpleApplication@5218e8dd
----------------- Done invoking toplevel() on ptolemy.moml.MoMLSimpleApplication@5218e8dd
reloadAllAccessors: .PublisherSubscriberD3Reverse

===========================================================================================
----------------- testing Tue Nov 05 06:18:40 UTC 2019 /home/travis/build/icyphy/ptII/ptolemy/actor/lib/test/auto/PublisherSubscriberExpression.xml
----------------- Instantiating /home/travis/build/icyphy/ptII/ptolemy/actor/lib/test/auto/PublisherSubscriberExpression.xml
3 ms. Memory: 470016K Free: 215146K (46%)
----------------- Invoking toplevel() on ptolemy.moml.MoMLSimpleApplication@29cc1202
----------------- Done invoking toplevel() on ptolemy.moml.MoMLSimpleApplication@29cc1202
reloadAllAccessors: .PublisherSubscriberExpression

===========================================================================================
----------------- testing Tue Nov 05 06:18:40 UTC 2019 /home/travis/build/icyphy/ptII/ptolemy/actor/lib/test/auto/PublisherSubscriberOpaque.xml
----------------- Instantiating /home/travis/build/icyphy/ptII/ptolemy/actor/lib/test/auto/PublisherSubscriberOpaque.xml
4 ms. Memory: 470016K Free: 206954K (44%)
----------------- Invoking toplevel() on ptolemy.moml.MoMLSimpleApplication@56c32ed3
----------------- Done invoking toplevel() on ptolemy.moml.MoMLSimpleApplication@56c32ed3
reloadAllAccessors: .PublisherSubscriberOpaque

===========================================================================================
----------------- testing Tue Nov 05 06:18:40 UTC 2019 /home/travis/build/icyphy/ptII/ptolemy/actor/lib/test/auto/PublisherSubscriberOpaqueD3.xml
----------------- Instantiating /home/travis/build/icyphy/ptII/ptolemy/actor/lib/test/auto/PublisherSubscriberOpaqueD3.xml
6 ms. Memory: 470016K Free: 195176K (42%)
----------------- Invoking toplevel() on ptolemy.moml.MoMLSimpleApplication@3fed73e
----------------- Done invoking toplevel() on ptolemy.moml.MoMLSimpleApplication@3fed73e
reloadAllAccessors: .PublisherSubscriberOpaqueD3

===========================================================================================
----------------- testing Tue Nov 05 06:18:40 UTC 2019 /home/travis/build/icyphy/ptII/ptolemy/actor/lib/test/auto/PublisherSubscriberOpaqueD3Reverse.xml
----------------- Instantiating /home/travis/build/icyphy/ptII/ptolemy/actor/lib/test/auto/PublisherSubscriberOpaqueD3Reverse.xml
9 ms. Memory: 470016K Free: 184426K (39%)
----------------- Invoking toplevel() on ptolemy.moml.MoMLSimpleApplication@1e093e27
----------------- Done invoking toplevel() on ptolemy.moml.MoMLSimpleApplication@1e093e27
reloadAllAccessors: .PublisherSubscriberOpaqueD3Reverse

===========================================================================================
----------------- testing Tue Nov 05 06:18:40 UTC 2019 /home/travis/build/icyphy/ptII/ptolemy/actor/lib/test/auto/PublisherSubscriberOpaqueWidthInference.xml
----------------- Instantiating /home/travis/build/icyphy/ptII/ptolemy/actor/lib/test/auto/PublisherSubscriberOpaqueWidthInference.xml
4 ms. Memory: 470016K Free: 176730K (38%)
----------------- Invoking toplevel() on ptolemy.moml.MoMLSimpleApplication@54a5f061
----------------- Done invoking toplevel() on ptolemy.moml.MoMLSimpleApplication@54a5f061
reloadAllAccessors: .PublisherSubscriberOpaqueWidthInference

===========================================================================================
----------------- testing Tue Nov 05 06:18:40 UTC 2019 /home/travis/build/icyphy/ptII/ptolemy/actor/lib/test/auto/PublisherTestSubscriber.xml
----------------- Instantiating /home/travis/build/icyphy/ptII/ptolemy/actor/lib/test/auto/PublisherTestSubscriber.xml
3 ms. Memory: 470016K Free: 169066K (36%)
----------------- Invoking toplevel() on ptolemy.moml.MoMLSimpleApplication@6a31ef1c
----------------- Done invoking toplevel() on ptolemy.moml.MoMLSimpleApplication@6a31ef1c
reloadAllAccessors: .PublisherTestSubscriber

===========================================================================================
----------------- testing Tue Nov 05 06:18:40 UTC 2019 /home/travis/build/icyphy/ptII/ptolemy/actor/lib/test/auto/PublisherToplevelSubscriberPortAOC.xml
----------------- Instantiating /home/travis/build/icyphy/ptII/ptolemy/actor/lib/test/auto/PublisherToplevelSubscriberPortAOC.xml
2 ms. Memory: 470016K Free: 162394K (35%)
----------------- Invoking toplevel() on ptolemy.moml.MoMLSimpleApplication@a3a4352
----------------- Done invoking toplevel() on ptolemy.moml.MoMLSimpleApplication@a3a4352
reloadAllAccessors: .PublisherToplevelSubscriberPortAOC

===========================================================================================
----------------- testing Tue Nov 05 06:18:40 UTC 2019 /home/travis/build/icyphy/ptII/ptolemy/actor/lib/test/auto/PulseFiringLimitDE.xml
----------------- Instantiating /home/travis/build/icyphy/ptII/ptolemy/actor/lib/test/auto/PulseFiringLimitDE.xml
2 ms. Memory: 470016K Free: 156264K (33%)
----------------- Invoking toplevel() on ptolemy.moml.MoMLSimpleApplication@6d16b7a3
----------------- Done invoking toplevel() on ptolemy.moml.MoMLSimpleApplication@6d16b7a3
reloadAllAccessors: .PulseFiringLimitDE

===========================================================================================
----------------- testing Tue Nov 05 06:18:40 UTC 2019 /home/travis/build/icyphy/ptII/ptolemy/actor/lib/test/auto/Ramp1.xml
----------------- Instantiating /home/travis/build/icyphy/ptII/ptolemy/actor/lib/test/auto/Ramp1.xml
2 ms. Memory: 470016K Free: 152162K (32%)
----------------- Invoking toplevel() on ptolemy.moml.MoMLSimpleApplication@25289105
----------------- Done invoking toplevel() on ptolemy.moml.MoMLSimpleApplication@25289105
reloadAllAccessors: .Ramp1

===========================================================================================
----------------- testing Tue Nov 05 06:18:40 UTC 2019 /home/travis/build/icyphy/ptII/ptolemy/actor/lib/test/auto/RampFiringLimitDE.xml
----------------- Instantiating /home/travis/build/icyphy/ptII/ptolemy/actor/lib/test/auto/RampFiringLimitDE.xml
3 ms. Memory: 470016K Free: 415834K (88%)
----------------- Invoking toplevel() on ptolemy.moml.MoMLSimpleApplication@4996730
----------------- Done invoking toplevel() on ptolemy.moml.MoMLSimpleApplication@4996730
reloadAllAccessors: .RampFiringLimitDE

===========================================================================================
----------------- testing Tue Nov 05 06:18:40 UTC 2019 /home/travis/build/icyphy/ptII/ptolemy/actor/lib/test/auto/RampFiringLimitSDF.xml
----------------- Instantiating /home/travis/build/icyphy/ptII/ptolemy/actor/lib/test/auto/RampFiringLimitSDF.xml
3 ms. Memory: 470016K Free: 410218K (87%)
----------------- Invoking toplevel() on ptolemy.moml.MoMLSimpleApplication@8d93189
----------------- Done invoking toplevel() on ptolemy.moml.MoMLSimpleApplication@8d93189
reloadAllAccessors: .RampFiringLimitSDF

===========================================================================================
----------------- testing Tue Nov 05 06:18:40 UTC 2019 /home/travis/build/icyphy/ptII/ptolemy/actor/lib/test/auto/RandomInteger.xml
----------------- Instantiating /home/travis/build/icyphy/ptII/ptolemy/actor/lib/test/auto/RandomInteger.xml
1 ms. Memory: 470016K Free: 406632K (87%)
----------------- Invoking toplevel() on ptolemy.moml.MoMLSimpleApplication@485317f1
----------------- Done invoking toplevel() on ptolemy.moml.MoMLSimpleApplication@485317f1
reloadAllAccessors: .RandomInteger

===========================================================================================
----------------- testing Tue Nov 05 06:18:40 UTC 2019 /home/travis/build/icyphy/ptII/ptolemy/actor/lib/test/auto/ReadFile1.xml
----------------- Instantiating /home/travis/build/icyphy/ptII/ptolemy/actor/lib/test/auto/ReadFile1.xml
2 ms. Memory: 470016K Free: 402026K (86%)
----------------- Invoking toplevel() on ptolemy.moml.MoMLSimpleApplication@59bda3bc
----------------- Done invoking toplevel() on ptolemy.moml.MoMLSimpleApplication@59bda3bc
reloadAllAccessors: .ReadFile1

===========================================================================================
----------------- testing Tue Nov 05 06:18:40 UTC 2019 /home/travis/build/icyphy/ptII/ptolemy/actor/lib/test/auto/ReadFile2.xml
----------------- Instantiating /home/travis/build/icyphy/ptII/ptolemy/actor/lib/test/auto/ReadFile2.xml
1 ms. Memory: 470016K Free: 397930K (85%)
----------------- Invoking toplevel() on ptolemy.moml.MoMLSimpleApplication@3e5fb51c
----------------- Done invoking toplevel() on ptolemy.moml.MoMLSimpleApplication@3e5fb51c
reloadAllAccessors: .ReadFile2

===========================================================================================
----------------- testing Tue Nov 05 06:18:40 UTC 2019 /home/travis/build/icyphy/ptII/ptolemy/actor/lib/test/auto/Reader.xml
----------------- Instantiating /home/travis/build/icyphy/ptII/ptolemy/actor/lib/test/auto/Reader.xml
actor.lib.Reader is obsolete, use actor.lib.io.ExpressionReader instead
4 ms. Memory: 470016K Free: 393834K (84%)
----------------- Invoking toplevel() on ptolemy.moml.MoMLSimpleApplication@6cecd2f4
----------------- Done invoking toplevel() on ptolemy.moml.MoMLSimpleApplication@6cecd2f4
reloadAllAccessors: .Reader

===========================================================================================
----------------- testing Tue Nov 05 06:18:40 UTC 2019 /home/travis/build/icyphy/ptII/ptolemy/actor/lib/test/auto/RecordAssemblerDisplayNameTest.xml
----------------- Instantiating /home/travis/build/icyphy/ptII/ptolemy/actor/lib/test/auto/RecordAssemblerDisplayNameTest.xml
4729 ms. Memory: 470016K Free: 251496K (54%)
----------------- Invoking toplevel() on ptolemy.moml.MoMLSimpleApplication@1208b1f1
----------------- Done invoking toplevel() on ptolemy.moml.MoMLSimpleApplication@1208b1f1
reloadAllAccessors: .RecordAssemblerDisplayNameTest

===========================================================================================
----------------- testing Tue Nov 05 06:18:45 UTC 2019 /home/travis/build/icyphy/ptII/ptolemy/actor/lib/test/auto/RecordAssemblerTypeError.xml
----------------- Instantiating /home/travis/build/icyphy/ptII/ptolemy/actor/lib/test/auto/RecordAssemblerTypeError.xml
20 ms. Memory: 470016K Free: 241770K (51%)
----------------- Invoking toplevel() on ptolemy.moml.MoMLSimpleApplication@3193f64e
----------------- Done invoking toplevel() on ptolemy.moml.MoMLSimpleApplication@3193f64e
reloadAllAccessors: .RecordAssemblerTypeError

===========================================================================================
----------------- testing Tue Nov 05 06:18:45 UTC 2019 /home/travis/build/icyphy/ptII/ptolemy/actor/lib/test/auto/RecordDisassember.xml
----------------- Instantiating /home/travis/build/icyphy/ptII/ptolemy/actor/lib/test/auto/RecordDisassember.xml
3 ms. Memory: 470016K Free: 237130K (50%)
----------------- Invoking toplevel() on ptolemy.moml.MoMLSimpleApplication@17aa3ebb
----------------- Done invoking toplevel() on ptolemy.moml.MoMLSimpleApplication@17aa3ebb
reloadAllAccessors: .RecordDisassember

===========================================================================================
----------------- testing Tue Nov 05 06:18:45 UTC 2019 /home/travis/build/icyphy/ptII/ptolemy/actor/lib/test/auto/RecordDisassemberDisplayNameTest.xml
----------------- Instantiating /home/travis/build/icyphy/ptII/ptolemy/actor/lib/test/auto/RecordDisassemberDisplayNameTest.xml
6 ms. Memory: 470016K Free: 229482K (49%)
----------------- Invoking toplevel() on ptolemy.moml.MoMLSimpleApplication@366a547f
----------------- Done invoking toplevel() on ptolemy.moml.MoMLSimpleApplication@366a547f
reloadAllAccessors: .RecordDisassemberDisplayNameTest

===========================================================================================
----------------- testing Tue Nov 05 06:18:45 UTC 2019 /home/travis/build/icyphy/ptII/ptolemy/actor/lib/test/auto/RecordDisassembler.xml
----------------- Instantiating /home/travis/build/icyphy/ptII/ptolemy/actor/lib/test/auto/RecordDisassembler.xml
4 ms. Memory: 470016K Free: 224362K (48%)
----------------- Invoking toplevel() on ptolemy.moml.MoMLSimpleApplication@7d056015
----------------- Done invoking toplevel() on ptolemy.moml.MoMLSimpleApplication@7d056015
reloadAllAccessors: .RecordDisassembler

===========================================================================================
----------------- testing Tue Nov 05 06:18:45 UTC 2019 /home/travis/build/icyphy/ptII/ptolemy/actor/lib/test/auto/RecordDisassembler2.xml
----------------- Instantiating /home/travis/build/icyphy/ptII/ptolemy/actor/lib/test/auto/RecordDisassembler2.xml
3 ms. Memory: 470016K Free: 219242K (47%)
----------------- Invoking toplevel() on ptolemy.moml.MoMLSimpleApplication@7a0e9ac6
----------------- Done invoking toplevel() on ptolemy.moml.MoMLSimpleApplication@7a0e9ac6
reloadAllAccessors: .RecordDisassembler2

===========================================================================================
----------------- testing Tue Nov 05 06:18:45 UTC 2019 /home/travis/build/icyphy/ptII/ptolemy/actor/lib/test/auto/RecordUpdater.xml
----------------- Instantiating /home/travis/build/icyphy/ptII/ptolemy/actor/lib/test/auto/RecordUpdater.xml
2 ms. Memory: 470016K Free: 214632K (46%)
----------------- Invoking toplevel() on ptolemy.moml.MoMLSimpleApplication@3f43d8dd
----------------- Done invoking toplevel() on ptolemy.moml.MoMLSimpleApplication@3f43d8dd
reloadAllAccessors: .RecordUpdater

===========================================================================================
----------------- testing Tue Nov 05 06:18:45 UTC 2019 /home/travis/build/icyphy/ptII/ptolemy/actor/lib/test/auto/RecordUpdater2.xml
----------------- Instantiating /home/travis/build/icyphy/ptII/ptolemy/actor/lib/test/auto/RecordUpdater2.xml
2 ms. Memory: 470016K Free: 209512K (45%)
----------------- Invoking toplevel() on ptolemy.moml.MoMLSimpleApplication@283d96da
----------------- Done invoking toplevel() on ptolemy.moml.MoMLSimpleApplication@283d96da
reloadAllAccessors: .RecordUpdater2

===========================================================================================
----------------- testing Tue Nov 05 06:18:45 UTC 2019 /home/travis/build/icyphy/ptII/ptolemy/actor/lib/test/auto/RecursiveLattice.xml
----------------- Instantiating /home/travis/build/icyphy/ptII/ptolemy/actor/lib/test/auto/RecursiveLattice.xml
2 ms. Memory: 470016K Free: 205386K (44%)
----------------- Invoking toplevel() on ptolemy.moml.MoMLSimpleApplication@53ed6393
----------------- Done invoking toplevel() on ptolemy.moml.MoMLSimpleApplication@53ed6393
reloadAllAccessors: .RecursiveLattice

===========================================================================================
----------------- testing Tue Nov 05 06:18:45 UTC 2019 /home/travis/build/icyphy/ptII/ptolemy/actor/lib/test/auto/Router.xml
----------------- Instantiating /home/travis/build/icyphy/ptII/ptolemy/actor/lib/test/auto/Router.xml
3005 ms. Memory: 470016K Free: 194152K (41%)
----------------- Invoking toplevel() on ptolemy.moml.MoMLSimpleApplication@38f8b3e5
----------------- Done invoking toplevel() on ptolemy.moml.MoMLSimpleApplication@38f8b3e5
reloadAllAccessors: .Router

===========================================================================================
----------------- testing Tue Nov 05 06:18:48 UTC 2019 /home/travis/build/icyphy/ptII/ptolemy/actor/lib/test/auto/Router2.xml
----------------- Instantiating /home/travis/build/icyphy/ptII/ptolemy/actor/lib/test/auto/Router2.xml
3004 ms. Memory: 470016K Free: 183402K (39%)
----------------- Invoking toplevel() on ptolemy.moml.MoMLSimpleApplication@690c3634
----------------- Done invoking toplevel() on ptolemy.moml.MoMLSimpleApplication@690c3634
reloadAllAccessors: .Router2

===========================================================================================
----------------- testing Tue Nov 05 06:18:51 UTC 2019 /home/travis/build/icyphy/ptII/ptolemy/actor/lib/test/auto/RunningMaximum.xml
----------------- Instantiating /home/travis/build/icyphy/ptII/ptolemy/actor/lib/test/auto/RunningMaximum.xml
2 ms. Memory: 470016K Free: 178792K (38%)
----------------- Invoking toplevel() on ptolemy.moml.MoMLSimpleApplication@70380d8d
----------------- Done invoking toplevel() on ptolemy.moml.MoMLSimpleApplication@70380d8d
reloadAllAccessors: .RunningMaximum

===========================================================================================
----------------- testing Tue Nov 05 06:18:51 UTC 2019 /home/travis/build/icyphy/ptII/ptolemy/actor/lib/test/auto/RunningMinimum.xml
----------------- Instantiating /home/travis/build/icyphy/ptII/ptolemy/actor/lib/test/auto/RunningMinimum.xml
4 ms. Memory: 470016K Free: 174186K (37%)
----------------- Invoking toplevel() on ptolemy.moml.MoMLSimpleApplication@c6040f
----------------- Done invoking toplevel() on ptolemy.moml.MoMLSimpleApplication@c6040f
reloadAllAccessors: .RunningMinimum

===========================================================================================
----------------- testing Tue Nov 05 06:18:51 UTC 2019 /home/travis/build/icyphy/ptII/ptolemy/actor/lib/test/auto/Scale.xml
----------------- Instantiating /home/travis/build/icyphy/ptII/ptolemy/actor/lib/test/auto/Scale.xml
2 ms. Memory: 470016K Free: 169576K (36%)
----------------- Invoking toplevel() on ptolemy.moml.MoMLSimpleApplication@68cdb243
----------------- Done invoking toplevel() on ptolemy.moml.MoMLSimpleApplication@68cdb243
reloadAllAccessors: .Scale

===========================================================================================
----------------- testing Tue Nov 05 06:18:51 UTC 2019 /home/travis/build/icyphy/ptII/ptolemy/actor/lib/test/auto/Scale2.xml
----------------- Instantiating /home/travis/build/icyphy/ptII/ptolemy/actor/lib/test/auto/Scale2.xml
3 ms. Memory: 470016K Free: 164970K (35%)
----------------- Invoking toplevel() on ptolemy.moml.MoMLSimpleApplication@147f1931
----------------- Done invoking toplevel() on ptolemy.moml.MoMLSimpleApplication@147f1931
reloadAllAccessors: .Scale2

===========================================================================================
----------------- testing Tue Nov 05 06:18:51 UTC 2019 /home/travis/build/icyphy/ptII/ptolemy/actor/lib/test/auto/Scale3.xml
----------------- Instantiating /home/travis/build/icyphy/ptII/ptolemy/actor/lib/test/auto/Scale3.xml
3 ms. Memory: 470016K Free: 158312K (34%)
----------------- Invoking toplevel() on ptolemy.moml.MoMLSimpleApplication@25a6a263
----------------- Done invoking toplevel() on ptolemy.moml.MoMLSimpleApplication@25a6a263
reloadAllAccessors: .Scale3

===========================================================================================
----------------- testing Tue Nov 05 06:18:51 UTC 2019 /home/travis/build/icyphy/ptII/ptolemy/actor/lib/test/auto/ScaleArray.xml
----------------- Instantiating /home/travis/build/icyphy/ptII/ptolemy/actor/lib/test/auto/ScaleArray.xml
2 ms. Memory: 470016K Free: 153706K (33%)
----------------- Invoking toplevel() on ptolemy.moml.MoMLSimpleApplication@27b9d922
----------------- Done invoking toplevel() on ptolemy.moml.MoMLSimpleApplication@27b9d922
reloadAllAccessors: .ScaleArray

===========================================================================================
----------------- testing Tue Nov 05 06:18:51 UTC 2019 /home/travis/build/icyphy/ptII/ptolemy/actor/lib/test/auto/ScaleArray2.xml
----------------- Instantiating /home/travis/build/icyphy/ptII/ptolemy/actor/lib/test/auto/ScaleArray2.xml
44 ms. Memory: 470016K Free: 419944K (89%)
----------------- Invoking toplevel() on ptolemy.moml.MoMLSimpleApplication@1a3a2f3
----------------- Done invoking toplevel() on ptolemy.moml.MoMLSimpleApplication@1a3a2f3
reloadAllAccessors: .ScaleArray2

===========================================================================================
----------------- testing Tue Nov 05 06:18:51 UTC 2019 /home/travis/build/icyphy/ptII/ptolemy/actor/lib/test/auto/ScaleMatrix.xml
----------------- Instantiating /home/travis/build/icyphy/ptII/ptolemy/actor/lib/test/auto/ScaleMatrix.xml
127 ms. Memory: 470016K Free: 406632K (87%)
----------------- Invoking toplevel() on ptolemy.moml.MoMLSimpleApplication@6c86c0f5
----------------- Done invoking toplevel() on ptolemy.moml.MoMLSimpleApplication@6c86c0f5
reloadAllAccessors: .ScaleMatrix

===========================================================================================
----------------- testing Tue Nov 05 06:18:51 UTC 2019 /home/travis/build/icyphy/ptII/ptolemy/actor/lib/test/auto/Select.xml
----------------- Instantiating /home/travis/build/icyphy/ptII/ptolemy/actor/lib/test/auto/Select.xml
3 ms. Memory: 470016K Free: 399978K (85%)
----------------- Invoking toplevel() on ptolemy.moml.MoMLSimpleApplication@505313d6
----------------- Done invoking toplevel() on ptolemy.moml.MoMLSimpleApplication@505313d6
reloadAllAccessors: .Select

===========================================================================================
----------------- testing Tue Nov 05 06:18:51 UTC 2019 /home/travis/build/icyphy/ptII/ptolemy/actor/lib/test/auto/Select2.xml
----------------- Instantiating /home/travis/build/icyphy/ptII/ptolemy/actor/lib/test/auto/Select2.xml
2 ms. Memory: 470016K Free: 395368K (84%)
----------------- Invoking toplevel() on ptolemy.moml.MoMLSimpleApplication@1e255175
----------------- Done invoking toplevel() on ptolemy.moml.MoMLSimpleApplication@1e255175
reloadAllAccessors: .Select2

===========================================================================================
----------------- testing Tue Nov 05 06:18:51 UTC 2019 /home/travis/build/icyphy/ptII/ptolemy/actor/lib/test/auto/SequenceToArray2.xml
----------------- Instantiating /home/travis/build/icyphy/ptII/ptolemy/actor/lib/test/auto/SequenceToArray2.xml
124 ms. Memory: 470016K Free: 371306K (79%)
----------------- Invoking toplevel() on ptolemy.moml.MoMLSimpleApplication@61a8bc07
----------------- Done invoking toplevel() on ptolemy.moml.MoMLSimpleApplication@61a8bc07
reloadAllAccessors: .SequenceToArray2

===========================================================================================
----------------- testing Tue Nov 05 06:18:52 UTC 2019 /home/travis/build/icyphy/ptII/ptolemy/actor/lib/test/auto/SequentialClock.xml
----------------- Instantiating /home/travis/build/icyphy/ptII/ptolemy/actor/lib/test/auto/SequentialClock.xml
1 ms. Memory: 470016K Free: 367210K (78%)
----------------- Invoking toplevel() on ptolemy.moml.MoMLSimpleApplication@1eeda51b
----------------- Done invoking toplevel() on ptolemy.moml.MoMLSimpleApplication@1eeda51b
reloadAllAccessors: .SequentialClock

===========================================================================================
----------------- testing Tue Nov 05 06:18:52 UTC 2019 /home/travis/build/icyphy/ptII/ptolemy/actor/lib/test/auto/SetVariable.xml
----------------- Instantiating /home/travis/build/icyphy/ptII/ptolemy/actor/lib/test/auto/SetVariable.xml
2 ms. Memory: 470016K Free: 362600K (77%)
----------------- Invoking toplevel() on ptolemy.moml.MoMLSimpleApplication@3aa0867
----------------- Done invoking toplevel() on ptolemy.moml.MoMLSimpleApplication@3aa0867
reloadAllAccessors: .SetVariable

===========================================================================================
----------------- testing Tue Nov 05 06:18:52 UTC 2019 /home/travis/build/icyphy/ptII/ptolemy/actor/lib/test/auto/SetVariable2.xml
----------------- Instantiating /home/travis/build/icyphy/ptII/ptolemy/actor/lib/test/auto/SetVariable2.xml
3 ms. Memory: 470016K Free: 357480K (76%)
----------------- Invoking toplevel() on ptolemy.moml.MoMLSimpleApplication@107377ee
----------------- Done invoking toplevel() on ptolemy.moml.MoMLSimpleApplication@107377ee
reloadAllAccessors: .SetVariable2

===========================================================================================
----------------- testing Tue Nov 05 06:18:52 UTC 2019 /home/travis/build/icyphy/ptII/ptolemy/actor/lib/test/auto/SetVariable3.xml
----------------- Instantiating /home/travis/build/icyphy/ptII/ptolemy/actor/lib/test/auto/SetVariable3.xml
9 ms. Memory: 470016K Free: 352360K (75%)
----------------- Invoking toplevel() on ptolemy.moml.MoMLSimpleApplication@101526f3
----------------- Done invoking toplevel() on ptolemy.moml.MoMLSimpleApplication@101526f3
reloadAllAccessors: .SetVariable3

===========================================================================================
----------------- testing Tue Nov 05 06:18:52 UTC 2019 /home/travis/build/icyphy/ptII/ptolemy/actor/lib/test/auto/SetVariable4.xml
----------------- Instantiating /home/travis/build/icyphy/ptII/ptolemy/actor/lib/test/auto/SetVariable4.xml
22 ms. Memory: 470016K Free: 342632K (73%)
----------------- Invoking toplevel() on ptolemy.moml.MoMLSimpleApplication@70443f5b
----------------- Done invoking toplevel() on ptolemy.moml.MoMLSimpleApplication@70443f5b
reloadAllAccessors: .SetVariable4

===========================================================================================
----------------- testing Tue Nov 05 06:18:52 UTC 2019 /home/travis/build/icyphy/ptII/ptolemy/actor/lib/test/auto/SetVariable5.xml
----------------- Instantiating /home/travis/build/icyphy/ptII/ptolemy/actor/lib/test/auto/SetVariable5.xml
20 ms. Memory: 470016K Free: 333418K (71%)
----------------- Invoking toplevel() on ptolemy.moml.MoMLSimpleApplication@5c9e74db
----------------- Done invoking toplevel() on ptolemy.moml.MoMLSimpleApplication@5c9e74db
reloadAllAccessors: .SetVariable5

===========================================================================================
----------------- testing Tue Nov 05 06:18:52 UTC 2019 /home/travis/build/icyphy/ptII/ptolemy/actor/lib/test/auto/Sinewave.xml
----------------- Instantiating /home/travis/build/icyphy/ptII/ptolemy/actor/lib/test/auto/Sinewave.xml
4 ms. Memory: 470016K Free: 323178K (69%)
----------------- Invoking toplevel() on ptolemy.moml.MoMLSimpleApplication@206c1ed0
----------------- Done invoking toplevel() on ptolemy.moml.MoMLSimpleApplication@206c1ed0
reloadAllAccessors: .Sinewave

===========================================================================================
----------------- testing Tue Nov 05 06:18:52 UTC 2019 /home/travis/build/icyphy/ptII/ptolemy/actor/lib/test/auto/Sinewave2.xml
----------------- Instantiating /home/travis/build/icyphy/ptII/ptolemy/actor/lib/test/auto/Sinewave2.xml
5 ms. Memory: 470016K Free: 314466K (67%)
----------------- Invoking toplevel() on ptolemy.moml.MoMLSimpleApplication@57de7502
----------------- Done invoking toplevel() on ptolemy.moml.MoMLSimpleApplication@57de7502
reloadAllAccessors: .Sinewave2

===========================================================================================
----------------- testing Tue Nov 05 06:18:52 UTC 2019 /home/travis/build/icyphy/ptII/ptolemy/actor/lib/test/auto/Sinewave3.xml
----------------- Instantiating /home/travis/build/icyphy/ptII/ptolemy/actor/lib/test/auto/Sinewave3.xml
7 ms. Memory: 470016K Free: 305770K (65%)
----------------- Invoking toplevel() on ptolemy.moml.MoMLSimpleApplication@3be4c42e
----------------- Done invoking toplevel() on ptolemy.moml.MoMLSimpleApplication@3be4c42e
reloadAllAccessors: .Sinewave3

===========================================================================================
----------------- testing Tue Nov 05 06:18:52 UTC 2019 /home/travis/build/icyphy/ptII/ptolemy/actor/lib/test/auto/SingleEvent.xml
----------------- Instantiating /home/travis/build/icyphy/ptII/ptolemy/actor/lib/test/auto/SingleEvent.xml
1 ms. Memory: 470016K Free: 301674K (64%)
----------------- Invoking toplevel() on ptolemy.moml.MoMLSimpleApplication@6210756
----------------- Done invoking toplevel() on ptolemy.moml.MoMLSimpleApplication@6210756
reloadAllAccessors: .SingleEvent

===========================================================================================
----------------- testing Tue Nov 05 06:18:52 UTC 2019 /home/travis/build/icyphy/ptII/ptolemy/actor/lib/test/auto/Sleep.xml
----------------- Instantiating /home/travis/build/icyphy/ptII/ptolemy/actor/lib/test/auto/Sleep.xml
6004 ms. Memory: 470016K Free: 296010K (63%)
----------------- Invoking toplevel() on ptolemy.moml.MoMLSimpleApplication@60ac8131
----------------- Done invoking toplevel() on ptolemy.moml.MoMLSimpleApplication@60ac8131
reloadAllAccessors: .Sleep

===========================================================================================
----------------- testing Tue Nov 05 06:18:58 UTC 2019 /home/travis/build/icyphy/ptII/ptolemy/actor/lib/test/auto/SleepMultipleFire.xml
----------------- Instantiating /home/travis/build/icyphy/ptII/ptolemy/actor/lib/test/auto/SleepMultipleFire.xml
1004 ms. Memory: 470016K Free: 290410K (62%)
----------------- Invoking toplevel() on ptolemy.moml.MoMLSimpleApplication@781e5c69
----------------- Done invoking toplevel() on ptolemy.moml.MoMLSimpleApplication@781e5c69
reloadAllAccessors: .SleepMultipleFire

===========================================================================================
----------------- testing Tue Nov 05 06:18:59 UTC 2019 /home/travis/build/icyphy/ptII/ptolemy/actor/lib/test/auto/StopDE.xml
----------------- Instantiating /home/travis/build/icyphy/ptII/ptolemy/actor/lib/test/auto/StopDE.xml
3 ms. Memory: 470016K Free: 284776K (61%)
----------------- Invoking toplevel() on ptolemy.moml.MoMLSimpleApplication@38d5a99
----------------- Done invoking toplevel() on ptolemy.moml.MoMLSimpleApplication@38d5a99
reloadAllAccessors: .StopDE

===========================================================================================
----------------- testing Tue Nov 05 06:18:59 UTC 2019 /home/travis/build/icyphy/ptII/ptolemy/actor/lib/test/auto/StopSDF.xml
----------------- Instantiating /home/travis/build/icyphy/ptII/ptolemy/actor/lib/test/auto/StopSDF.xml
2 ms. Memory: 470016K Free: 279656K (59%)
----------------- Invoking toplevel() on ptolemy.moml.MoMLSimpleApplication@19d4941d
----------------- Done invoking toplevel() on ptolemy.moml.MoMLSimpleApplication@19d4941d
reloadAllAccessors: .StopSDF

===========================================================================================
----------------- testing Tue Nov 05 06:18:59 UTC 2019 /home/travis/build/icyphy/ptII/ptolemy/actor/lib/test/auto/StringConstant.xml
----------------- Instantiating /home/travis/build/icyphy/ptII/ptolemy/actor/lib/test/auto/StringConstant.xml
8 ms. Memory: 470016K Free: 275050K (59%)
----------------- Invoking toplevel() on ptolemy.moml.MoMLSimpleApplication@16f68a70
----------------- Done invoking toplevel() on ptolemy.moml.MoMLSimpleApplication@16f68a70
reloadAllAccessors: .StringConstant

===========================================================================================
----------------- testing Tue Nov 05 06:18:59 UTC 2019 /home/travis/build/icyphy/ptII/ptolemy/actor/lib/test/auto/SubscriberPortInitialValues1.xml
----------------- Instantiating /home/travis/build/icyphy/ptII/ptolemy/actor/lib/test/auto/SubscriberPortInitialValues1.xml
8 ms. Memory: 470016K Free: 265834K (57%)
----------------- Invoking toplevel() on ptolemy.moml.MoMLSimpleApplication@4883189d
----------------- Done invoking toplevel() on ptolemy.moml.MoMLSimpleApplication@4883189d
reloadAllAccessors: .SubscriberPortInitialValues1

===========================================================================================
----------------- testing Tue Nov 05 06:18:59 UTC 2019 /home/travis/build/icyphy/ptII/ptolemy/actor/lib/test/auto/SubscriberPortInitialValues13.xml
----------------- Instantiating /home/travis/build/icyphy/ptII/ptolemy/actor/lib/test/auto/SubscriberPortInitialValues13.xml
5 ms. Memory: 470016K Free: 253032K (54%)
----------------- Invoking toplevel() on ptolemy.moml.MoMLSimpleApplication@7987500c
----------------- Done invoking toplevel() on ptolemy.moml.MoMLSimpleApplication@7987500c
reloadAllAccessors: .SubscriberPortInitialValues13

===========================================================================================
----------------- testing Tue Nov 05 06:18:59 UTC 2019 /home/travis/build/icyphy/ptII/ptolemy/actor/lib/test/auto/SubscriberPortInitialValues14.xml
----------------- Instantiating /home/travis/build/icyphy/ptII/ptolemy/actor/lib/test/auto/SubscriberPortInitialValues14.xml
3 ms. Memory: 470016K Free: 245352K (52%)
----------------- Invoking toplevel() on ptolemy.moml.MoMLSimpleApplication@18e035c0
----------------- Done invoking toplevel() on ptolemy.moml.MoMLSimpleApplication@18e035c0
reloadAllAccessors: .SubscriberPortInitialValues14

===========================================================================================
----------------- testing Tue Nov 05 06:18:59 UTC 2019 /home/travis/build/icyphy/ptII/ptolemy/actor/lib/test/auto/SubscriberPortInitialValues2.xml
----------------- Instantiating /home/travis/build/icyphy/ptII/ptolemy/actor/lib/test/auto/SubscriberPortInitialValues2.xml
5 ms. Memory: 470016K Free: 237162K (50%)
----------------- Invoking toplevel() on ptolemy.moml.MoMLSimpleApplication@175c74c4
----------------- Done invoking toplevel() on ptolemy.moml.MoMLSimpleApplication@175c74c4
reloadAllAccessors: .SubscriberPortInitialValues2

===========================================================================================
----------------- testing Tue Nov 05 06:18:59 UTC 2019 /home/travis/build/icyphy/ptII/ptolemy/actor/lib/test/auto/SubscriberPortInitialValues3.xml
----------------- Instantiating /home/travis/build/icyphy/ptII/ptolemy/actor/lib/test/auto/SubscriberPortInitialValues3.xml
5 ms. Memory: 470016K Free: 226408K (48%)
----------------- Invoking toplevel() on ptolemy.moml.MoMLSimpleApplication@65bae046
----------------- Done invoking toplevel() on ptolemy.moml.MoMLSimpleApplication@65bae046
reloadAllAccessors: .SubscriberPortInitialValues3

===========================================================================================
----------------- testing Tue Nov 05 06:18:59 UTC 2019 /home/travis/build/icyphy/ptII/ptolemy/actor/lib/test/auto/SubscriptionAggregator.xml
----------------- Instantiating /home/travis/build/icyphy/ptII/ptolemy/actor/lib/test/auto/SubscriptionAggregator.xml
2 ms. Memory: 470016K Free: 219754K (47%)
----------------- Invoking toplevel() on ptolemy.moml.MoMLSimpleApplication@28ea3ebd
----------------- Done invoking toplevel() on ptolemy.moml.MoMLSimpleApplication@28ea3ebd
reloadAllAccessors: .SubscriptionAggregator

===========================================================================================
----------------- testing Tue Nov 05 06:18:59 UTC 2019 /home/travis/build/icyphy/ptII/ptolemy/actor/lib/test/auto/SubscriptionAggregator2.xml
----------------- Instantiating /home/travis/build/icyphy/ptII/ptolemy/actor/lib/test/auto/SubscriptionAggregator2.xml
2 ms. Memory: 470016K Free: 213090K (45%)
----------------- Invoking toplevel() on ptolemy.moml.MoMLSimpleApplication@23178d08
----------------- Done invoking toplevel() on ptolemy.moml.MoMLSimpleApplication@23178d08
reloadAllAccessors: .SubscriptionAggregator2

===========================================================================================
----------------- testing Tue Nov 05 06:18:59 UTC 2019 /home/travis/build/icyphy/ptII/ptolemy/actor/lib/test/auto/SubscriptionAggregator3.xml
----------------- Instantiating /home/travis/build/icyphy/ptII/ptolemy/actor/lib/test/auto/SubscriptionAggregator3.xml
3 ms. Memory: 470016K Free: 204394K (43%)
----------------- Invoking toplevel() on ptolemy.moml.MoMLSimpleApplication@4fd51954
----------------- Done invoking toplevel() on ptolemy.moml.MoMLSimpleApplication@4fd51954
reloadAllAccessors: .SubscriptionAggregator3

===========================================================================================
----------------- testing Tue Nov 05 06:18:59 UTC 2019 /home/travis/build/icyphy/ptII/ptolemy/actor/lib/test/auto/SubscriptionAggregatorMultiply.xml
----------------- Instantiating /home/travis/build/icyphy/ptII/ptolemy/actor/lib/test/auto/SubscriptionAggregatorMultiply.xml
2 ms. Memory: 470016K Free: 195682K (42%)
----------------- Invoking toplevel() on ptolemy.moml.MoMLSimpleApplication@51ad0090
----------------- Done invoking toplevel() on ptolemy.moml.MoMLSimpleApplication@51ad0090
reloadAllAccessors: .SubscriptionAggregatorMultiply

===========================================================================================
----------------- testing Tue Nov 05 06:18:59 UTC 2019 /home/travis/build/icyphy/ptII/ptolemy/actor/lib/test/auto/SubscriptionAggregatorPortMultiply1.xml
----------------- Instantiating /home/travis/build/icyphy/ptII/ptolemy/actor/lib/test/auto/SubscriptionAggregatorPortMultiply1.xml
4 ms. Memory: 470016K Free: 187496K (40%)
----------------- Invoking toplevel() on ptolemy.moml.MoMLSimpleApplication@3654ed8d
----------------- Done invoking toplevel() on ptolemy.moml.MoMLSimpleApplication@3654ed8d
reloadAllAccessors: .SubscriptionAggregatorPortMultiply1

===========================================================================================
----------------- testing Tue Nov 05 06:18:59 UTC 2019 /home/travis/build/icyphy/ptII/ptolemy/actor/lib/test/auto/Switch.xml
----------------- Instantiating /home/travis/build/icyphy/ptII/ptolemy/actor/lib/test/auto/Switch.xml
9 ms. Memory: 470016K Free: 179304K (38%)
----------------- Invoking toplevel() on ptolemy.moml.MoMLSimpleApplication@1f6b7be8
----------------- Done invoking toplevel() on ptolemy.moml.MoMLSimpleApplication@1f6b7be8
reloadAllAccessors: .Switch

===========================================================================================
----------------- testing Tue Nov 05 06:18:59 UTC 2019 /home/travis/build/icyphy/ptII/ptolemy/actor/lib/test/auto/Switch2.xml
----------------- Instantiating /home/travis/build/icyphy/ptII/ptolemy/actor/lib/test/auto/Switch2.xml
1 ms. Memory: 470016K Free: 174698K (37%)
----------------- Invoking toplevel() on ptolemy.moml.MoMLSimpleApplication@442431b9
----------------- Done invoking toplevel() on ptolemy.moml.MoMLSimpleApplication@442431b9
reloadAllAccessors: .Switch2

===========================================================================================
----------------- testing Tue Nov 05 06:18:59 UTC 2019 /home/travis/build/icyphy/ptII/ptolemy/actor/lib/test/auto/SwitchDE.xml
----------------- Instantiating /home/travis/build/icyphy/ptII/ptolemy/actor/lib/test/auto/SwitchDE.xml
4 ms. Memory: 470016K Free: 168554K (36%)
----------------- Invoking toplevel() on ptolemy.moml.MoMLSimpleApplication@67d103cc
----------------- Done invoking toplevel() on ptolemy.moml.MoMLSimpleApplication@67d103cc
reloadAllAccessors: .SwitchDE

===========================================================================================
----------------- testing Tue Nov 05 06:18:59 UTC 2019 /home/travis/build/icyphy/ptII/ptolemy/actor/lib/test/auto/SynchronizerDE.xml
----------------- Instantiating /home/travis/build/icyphy/ptII/ptolemy/actor/lib/test/auto/SynchronizerDE.xml
7 ms. Memory: 470016K Free: 160362K (34%)
----------------- Invoking toplevel() on ptolemy.moml.MoMLSimpleApplication@7ad6fec1
----------------- Done invoking toplevel() on ptolemy.moml.MoMLSimpleApplication@7ad6fec1
reloadAllAccessors: .SynchronizerDE

===========================================================================================
----------------- testing Tue Nov 05 06:18:59 UTC 2019 /home/travis/build/icyphy/ptII/ptolemy/actor/lib/test/auto/Test.xml
----------------- Instantiating /home/travis/build/icyphy/ptII/ptolemy/actor/lib/test/auto/Test.xml
10 ms. Memory: 470016K Free: 155242K (33%)
----------------- Invoking toplevel() on ptolemy.moml.MoMLSimpleApplication@3f4b4400
----------------- Done invoking toplevel() on ptolemy.moml.MoMLSimpleApplication@3f4b4400
reloadAllAccessors: .Test

===========================================================================================
----------------- testing Tue Nov 05 06:18:59 UTC 2019 /home/travis/build/icyphy/ptII/ptolemy/actor/lib/test/auto/TestExceptionAttribute1.xml
----------------- Instantiating /home/travis/build/icyphy/ptII/ptolemy/actor/lib/test/auto/TestExceptionAttribute1.xml
2 ms. Memory: 470016K Free: 151146K (32%)
----------------- Invoking toplevel() on ptolemy.moml.MoMLSimpleApplication@22844531
----------------- Done invoking toplevel() on ptolemy.moml.MoMLSimpleApplication@22844531
reloadAllAccessors: .TestExceptionAttribute1

===========================================================================================
----------------- testing Tue Nov 05 06:18:59 UTC 2019 /home/travis/build/icyphy/ptII/ptolemy/actor/lib/test/auto/TestExceptionAttribute2.xml
----------------- Instantiating /home/travis/build/icyphy/ptII/ptolemy/actor/lib/test/auto/TestExceptionAttribute2.xml
2 ms. Memory: 470016K Free: 418255K (89%)
----------------- Invoking toplevel() on ptolemy.moml.MoMLSimpleApplication@471c888
----------------- Done invoking toplevel() on ptolemy.moml.MoMLSimpleApplication@471c888
reloadAllAccessors: .TestExceptionAttribute2

===========================================================================================
----------------- testing Tue Nov 05 06:18:59 UTC 2019 /home/travis/build/icyphy/ptII/ptolemy/actor/lib/test/auto/TestExceptionAttribute3.xml
----------------- Instantiating /home/travis/build/icyphy/ptII/ptolemy/actor/lib/test/auto/TestExceptionAttribute3.xml
.TestExceptionAttribute3.TestExceptionAttribute: initialize() was not invoked, but wrapup() was.  This is unusual, but not always a problem.  For example, exporting JNLP will do this.
1 ms. Memory: 470016K Free: 414159K (88%)
----------------- Invoking toplevel() on ptolemy.moml.MoMLSimpleApplication@699e1485
----------------- Done invoking toplevel() on ptolemy.moml.MoMLSimpleApplication@699e1485
reloadAllAccessors: .TestExceptionAttribute3

===========================================================================================
----------------- testing Tue Nov 05 06:18:59 UTC 2019 /home/travis/build/icyphy/ptII/ptolemy/actor/lib/test/auto/TestExceptionAttribute4.xml
----------------- Instantiating /home/travis/build/icyphy/ptII/ptolemy/actor/lib/test/auto/TestExceptionAttribute4.xml
.TestExceptionAttribute4.TestExceptionAttribute: initialize() was not invoked, but wrapup() was.  This is unusual, but not always a problem.  For example, exporting JNLP will do this.
.TestExceptionAttribute4.TestExceptionAttribute2: initialize() was not invoked, but wrapup() was.  This is unusual, but not always a problem.  For example, exporting JNLP will do this.
1 ms. Memory: 470016K Free: 410063K (87%)
----------------- Invoking toplevel() on ptolemy.moml.MoMLSimpleApplication@4c601b61
----------------- Done invoking toplevel() on ptolemy.moml.MoMLSimpleApplication@4c601b61
reloadAllAccessors: .TestExceptionAttribute4

===========================================================================================
----------------- testing Tue Nov 05 06:18:59 UTC 2019 /home/travis/build/icyphy/ptII/ptolemy/actor/lib/test/auto/TestExceptionHandler1.xml
----------------- Instantiating /home/travis/build/icyphy/ptII/ptolemy/actor/lib/test/auto/TestExceptionHandler1.xml
1 ms. Memory: 470016K Free: 406481K (86%)
----------------- Invoking toplevel() on ptolemy.moml.MoMLSimpleApplication@e39b66c
----------------- Done invoking toplevel() on ptolemy.moml.MoMLSimpleApplication@e39b66c
reloadAllAccessors: .TestExceptionHandler1

===========================================================================================
----------------- testing Tue Nov 05 06:18:59 UTC 2019 /home/travis/build/icyphy/ptII/ptolemy/actor/lib/test/auto/TestExceptionHandler2.xml
----------------- Instantiating /home/travis/build/icyphy/ptII/ptolemy/actor/lib/test/auto/TestExceptionHandler2.xml
1 ms. Memory: 470016K Free: 402895K (86%)
----------------- Invoking toplevel() on ptolemy.moml.MoMLSimpleApplication@60009323
----------------- Done invoking toplevel() on ptolemy.moml.MoMLSimpleApplication@60009323
reloadAllAccessors: .TestExceptionHandler2

===========================================================================================
----------------- testing Tue Nov 05 06:18:59 UTC 2019 /home/travis/build/icyphy/ptII/ptolemy/actor/lib/test/auto/TestExceptionHandler3.xml
----------------- Instantiating /home/travis/build/icyphy/ptII/ptolemy/actor/lib/test/auto/TestExceptionHandler3.xml
0 ms. Memory: 470016K Free: 399313K (85%)
----------------- Invoking toplevel() on ptolemy.moml.MoMLSimpleApplication@23e7b4a3
----------------- Done invoking toplevel() on ptolemy.moml.MoMLSimpleApplication@23e7b4a3
reloadAllAccessors: .TestExceptionHandler3

===========================================================================================
----------------- testing Tue Nov 05 06:18:59 UTC 2019 /home/travis/build/icyphy/ptII/ptolemy/actor/lib/test/auto/TestExceptionHandler4.xml
----------------- Instantiating /home/travis/build/icyphy/ptII/ptolemy/actor/lib/test/auto/TestExceptionHandler4.xml
0 ms. Memory: 470016K Free: 395217K (84%)
----------------- Invoking toplevel() on ptolemy.moml.MoMLSimpleApplication@1ffbe7c5
----------------- Done invoking toplevel() on ptolemy.moml.MoMLSimpleApplication@1ffbe7c5
reloadAllAccessors: .TestExceptionHandler4

===========================================================================================
----------------- testing Tue Nov 05 06:18:59 UTC 2019 /home/travis/build/icyphy/ptII/ptolemy/actor/lib/test/auto/TestRequireCorrectOrder.xml
----------------- Instantiating /home/travis/build/icyphy/ptII/ptolemy/actor/lib/test/auto/TestRequireCorrectOrder.xml
6 ms. Memory: 470016K Free: 390097K (83%)
----------------- Invoking toplevel() on ptolemy.moml.MoMLSimpleApplication@5ddf8e17
----------------- Done invoking toplevel() on ptolemy.moml.MoMLSimpleApplication@5ddf8e17
reloadAllAccessors: .TestRequireCorrectOrder

===========================================================================================
----------------- testing Tue Nov 05 06:18:59 UTC 2019 /home/travis/build/icyphy/ptII/ptolemy/actor/lib/test/auto/TestSimple.xml
----------------- Instantiating /home/travis/build/icyphy/ptII/ptolemy/actor/lib/test/auto/TestSimple.xml
2 ms. Memory: 470016K Free: 385487K (82%)
----------------- Invoking toplevel() on ptolemy.moml.MoMLSimpleApplication@63955c4c
----------------- Done invoking toplevel() on ptolemy.moml.MoMLSimpleApplication@63955c4c
reloadAllAccessors: .TestSimple

===========================================================================================
----------------- testing Tue Nov 05 06:18:59 UTC 2019 /home/travis/build/icyphy/ptII/ptolemy/actor/lib/test/auto/ThrowModelError.xml
----------------- Instantiating /home/travis/build/icyphy/ptII/ptolemy/actor/lib/test/auto/ThrowModelError.xml
2 ms. Memory: 470016K Free: 380881K (81%)
----------------- Invoking toplevel() on ptolemy.moml.MoMLSimpleApplication@2c6699de
----------------- Done invoking toplevel() on ptolemy.moml.MoMLSimpleApplication@2c6699de
reloadAllAccessors: .ThrowModelError

===========================================================================================
----------------- testing Tue Nov 05 06:18:59 UTC 2019 /home/travis/build/icyphy/ptII/ptolemy/actor/lib/test/auto/TimeDelayMicrosteps.xml
----------------- Instantiating /home/travis/build/icyphy/ptII/ptolemy/actor/lib/test/auto/TimeDelayMicrosteps.xml
3 ms. Memory: 470016K Free: 374209K (80%)
----------------- Invoking toplevel() on ptolemy.moml.MoMLSimpleApplication@55b54dc7
----------------- Done invoking toplevel() on ptolemy.moml.MoMLSimpleApplication@55b54dc7
reloadAllAccessors: .TimeDelayMicrosteps

===========================================================================================
----------------- testing Tue Nov 05 06:19:00 UTC 2019 /home/travis/build/icyphy/ptII/ptolemy/actor/lib/test/auto/TimeDelayMicrosteps2.xml
----------------- Instantiating /home/travis/build/icyphy/ptII/ptolemy/actor/lib/test/auto/TimeDelayMicrosteps2.xml
5 ms. Memory: 470016K Free: 367041K (78%)
----------------- Invoking toplevel() on ptolemy.moml.MoMLSimpleApplication@9c38fe2
----------------- Done invoking toplevel() on ptolemy.moml.MoMLSimpleApplication@9c38fe2
reloadAllAccessors: .TimeDelayMicrosteps2

===========================================================================================
----------------- testing Tue Nov 05 06:19:00 UTC 2019 /home/travis/build/icyphy/ptII/ptolemy/actor/lib/test/auto/TimeDelayMicrosteps3.xml
----------------- Instantiating /home/travis/build/icyphy/ptII/ptolemy/actor/lib/test/auto/TimeDelayMicrosteps3.xml
3 ms. Memory: 470016K Free: 359881K (77%)
----------------- Invoking toplevel() on ptolemy.moml.MoMLSimpleApplication@2e60446f
----------------- Done invoking toplevel() on ptolemy.moml.MoMLSimpleApplication@2e60446f
reloadAllAccessors: .TimeDelayMicrosteps3

===========================================================================================
----------------- testing Tue Nov 05 06:19:00 UTC 2019 /home/travis/build/icyphy/ptII/ptolemy/actor/lib/test/auto/TimeDelayVariableMicrosteps.xml
----------------- Instantiating /home/travis/build/icyphy/ptII/ptolemy/actor/lib/test/auto/TimeDelayVariableMicrosteps.xml
4 ms. Memory: 470016K Free: 353233K (75%)
----------------- Invoking toplevel() on ptolemy.moml.MoMLSimpleApplication@44397a56
----------------- Done invoking toplevel() on ptolemy.moml.MoMLSimpleApplication@44397a56
reloadAllAccessors: .TimeDelayVariableMicrosteps

===========================================================================================
----------------- testing Tue Nov 05 06:19:00 UTC 2019 /home/travis/build/icyphy/ptII/ptolemy/actor/lib/test/auto/TimeGap.xml
----------------- Instantiating /home/travis/build/icyphy/ptII/ptolemy/actor/lib/test/auto/TimeGap.xml
5 ms. Memory: 470016K Free: 348113K (74%)
----------------- Invoking toplevel() on ptolemy.moml.MoMLSimpleApplication@7ad0ca3d
----------------- Done invoking toplevel() on ptolemy.moml.MoMLSimpleApplication@7ad0ca3d
reloadAllAccessors: .TimeGap

===========================================================================================
----------------- testing Tue Nov 05 06:19:00 UTC 2019 /home/travis/build/icyphy/ptII/ptolemy/actor/lib/test/auto/TimeGap2.xml
----------------- Instantiating /home/travis/build/icyphy/ptII/ptolemy/actor/lib/test/auto/TimeGap2.xml
2 ms. Memory: 470016K Free: 342465K (73%)
----------------- Invoking toplevel() on ptolemy.moml.MoMLSimpleApplication@3ab3da7b
----------------- Done invoking toplevel() on ptolemy.moml.MoMLSimpleApplication@3ab3da7b
reloadAllAccessors: .TimeGap2

===========================================================================================
----------------- testing Tue Nov 05 06:19:00 UTC 2019 /home/travis/build/icyphy/ptII/ptolemy/actor/lib/test/auto/TimedSinewave.xml
----------------- Instantiating /home/travis/build/icyphy/ptII/ptolemy/actor/lib/test/auto/TimedSinewave.xml
21 ms. Memory: 470016K Free: 328143K (70%)
----------------- Invoking toplevel() on ptolemy.moml.MoMLSimpleApplication@547e841
----------------- Done invoking toplevel() on ptolemy.moml.MoMLSimpleApplication@547e841
reloadAllAccessors: .TimedSinewave

===========================================================================================
----------------- testing Tue Nov 05 06:19:00 UTC 2019 /home/travis/build/icyphy/ptII/ptolemy/actor/lib/test/auto/TimedSinewavePhase.xml
----------------- Instantiating /home/travis/build/icyphy/ptII/ptolemy/actor/lib/test/auto/TimedSinewavePhase.xml
9 ms. Memory: 470016K Free: 318417K (68%)
----------------- Invoking toplevel() on ptolemy.moml.MoMLSimpleApplication@7fc8513c
----------------- Done invoking toplevel() on ptolemy.moml.MoMLSimpleApplication@7fc8513c
reloadAllAccessors: .TimedSinewavePhase

===========================================================================================
----------------- testing Tue Nov 05 06:19:00 UTC 2019 /home/travis/build/icyphy/ptII/ptolemy/actor/lib/test/auto/Timer.xml
----------------- Instantiating /home/travis/build/icyphy/ptII/ptolemy/actor/lib/test/auto/Timer.xml
4 ms. Memory: 470016K Free: 312777K (67%)
----------------- Invoking toplevel() on ptolemy.moml.MoMLSimpleApplication@314ee708
----------------- Done invoking toplevel() on ptolemy.moml.MoMLSimpleApplication@314ee708
reloadAllAccessors: .Timer

===========================================================================================
----------------- testing Tue Nov 05 06:19:00 UTC 2019 /home/travis/build/icyphy/ptII/ptolemy/actor/lib/test/auto/TriangularDistTestModel.xml
----------------- Instantiating /home/travis/build/icyphy/ptII/ptolemy/actor/lib/test/auto/TriangularDistTestModel.xml
2 ms. Memory: 470016K Free: 307153K (65%)
----------------- Invoking toplevel() on ptolemy.moml.MoMLSimpleApplication@6252eb2e
----------------- Done invoking toplevel() on ptolemy.moml.MoMLSimpleApplication@6252eb2e
reloadAllAccessors: .TriangularDistTestModel

===========================================================================================
----------------- testing Tue Nov 05 06:19:00 UTC 2019 /home/travis/build/icyphy/ptII/ptolemy/actor/lib/test/auto/TrigFunction.xml
----------------- Instantiating /home/travis/build/icyphy/ptII/ptolemy/actor/lib/test/auto/TrigFunction.xml
2 ms. Memory: 470016K Free: 301519K (64%)
----------------- Invoking toplevel() on ptolemy.moml.MoMLSimpleApplication@4c8d3b78
----------------- Done invoking toplevel() on ptolemy.moml.MoMLSimpleApplication@4c8d3b78
reloadAllAccessors: .TrigFunction

===========================================================================================
----------------- testing Tue Nov 05 06:19:00 UTC 2019 /home/travis/build/icyphy/ptII/ptolemy/actor/lib/test/auto/TrigFunctionDE.xml
----------------- Instantiating /home/travis/build/icyphy/ptII/ptolemy/actor/lib/test/auto/TrigFunctionDE.xml
2 ms. Memory: 470016K Free: 295889K (63%)
----------------- Invoking toplevel() on ptolemy.moml.MoMLSimpleApplication@2ddd181f
----------------- Done invoking toplevel() on ptolemy.moml.MoMLSimpleApplication@2ddd181f
reloadAllAccessors: .TrigFunctionDE

===========================================================================================
----------------- testing Tue Nov 05 06:19:00 UTC 2019 /home/travis/build/icyphy/ptII/ptolemy/actor/lib/test/auto/TrigFunctionInverse.xml
----------------- Instantiating /home/travis/build/icyphy/ptII/ptolemy/actor/lib/test/auto/TrigFunctionInverse.xml
2 ms. Memory: 470016K Free: 290769K (62%)
----------------- Invoking toplevel() on ptolemy.moml.MoMLSimpleApplication@66cc006c
----------------- Done invoking toplevel() on ptolemy.moml.MoMLSimpleApplication@66cc006c
reloadAllAccessors: .TrigFunctionInverse

===========================================================================================
----------------- testing Tue Nov 05 06:19:00 UTC 2019 /home/travis/build/icyphy/ptII/ptolemy/actor/lib/test/auto/TrigFunctionTan.xml
----------------- Instantiating /home/travis/build/icyphy/ptII/ptolemy/actor/lib/test/auto/TrigFunctionTan.xml
1 ms. Memory: 470016K Free: 286159K (61%)
----------------- Invoking toplevel() on ptolemy.moml.MoMLSimpleApplication@b628af
----------------- Done invoking toplevel() on ptolemy.moml.MoMLSimpleApplication@b628af
reloadAllAccessors: .TrigFunctionTan

===========================================================================================
----------------- testing Tue Nov 05 06:19:00 UTC 2019 /home/travis/build/icyphy/ptII/ptolemy/actor/lib/test/auto/TriggeredClock.xml
----------------- Instantiating /home/travis/build/icyphy/ptII/ptolemy/actor/lib/test/auto/TriggeredClock.xml
1 ms. Memory: 470016K Free: 281033K (60%)
----------------- Invoking toplevel() on ptolemy.moml.MoMLSimpleApplication@403f626d
----------------- Done invoking toplevel() on ptolemy.moml.MoMLSimpleApplication@403f626d
reloadAllAccessors: .TriggeredClock

===========================================================================================
----------------- testing Tue Nov 05 06:19:00 UTC 2019 /home/travis/build/icyphy/ptII/ptolemy/actor/lib/test/auto/URLDirectoryReader.xml
----------------- Instantiating /home/travis/build/icyphy/ptII/ptolemy/actor/lib/test/auto/URLDirectoryReader.xml
33 ms. Memory: 470016K Free: 271823K (58%)
----------------- Invoking toplevel() on ptolemy.moml.MoMLSimpleApplication@7daadca6
----------------- Done invoking toplevel() on ptolemy.moml.MoMLSimpleApplication@7daadca6
reloadAllAccessors: .URLDirectoryReader

===========================================================================================
----------------- testing Tue Nov 05 06:19:00 UTC 2019 /home/travis/build/icyphy/ptII/ptolemy/actor/lib/test/auto/URLDirectoryReader3.xml
----------------- Instantiating /home/travis/build/icyphy/ptII/ptolemy/actor/lib/test/auto/URLDirectoryReader3.xml
1223 ms. Memory: 470016K Free: 410797K (87%)
----------------- Invoking toplevel() on ptolemy.moml.MoMLSimpleApplication@157ba773
----------------- Done invoking toplevel() on ptolemy.moml.MoMLSimpleApplication@157ba773
reloadAllAccessors: .URLDirectoryReader3

===========================================================================================
----------------- testing Tue Nov 05 06:19:01 UTC 2019 /home/travis/build/icyphy/ptII/ptolemy/actor/lib/test/auto/UnaryMathFunction.xml
----------------- Instantiating /home/travis/build/icyphy/ptII/ptolemy/actor/lib/test/auto/UnaryMathFunction.xml
3 ms. Memory: 470016K Free: 403025K (86%)
----------------- Invoking toplevel() on ptolemy.moml.MoMLSimpleApplication@4840c24f
----------------- Done invoking toplevel() on ptolemy.moml.MoMLSimpleApplication@4840c24f
reloadAllAccessors: .UnaryMathFunction

===========================================================================================
----------------- testing Tue Nov 05 06:19:02 UTC 2019 /home/travis/build/icyphy/ptII/ptolemy/actor/lib/test/auto/Uniform.xml
----------------- Instantiating /home/travis/build/icyphy/ptII/ptolemy/actor/lib/test/auto/Uniform.xml
1 ms. Memory: 470016K Free: 397905K (85%)
----------------- Invoking toplevel() on ptolemy.moml.MoMLSimpleApplication@62ada6f3
----------------- Done invoking toplevel() on ptolemy.moml.MoMLSimpleApplication@62ada6f3
reloadAllAccessors: .Uniform

===========================================================================================
----------------- testing Tue Nov 05 06:19:02 UTC 2019 /home/travis/build/icyphy/ptII/ptolemy/actor/lib/test/auto/UnionDisassemblerTest.xml
----------------- Instantiating /home/travis/build/icyphy/ptII/ptolemy/actor/lib/test/auto/UnionDisassemblerTest.xml
18 ms. Memory: 470016K Free: 394289K (84%)
----------------- Invoking toplevel() on ptolemy.moml.MoMLSimpleApplication@7ba35b68
----------------- Done invoking toplevel() on ptolemy.moml.MoMLSimpleApplication@7ba35b68
reloadAllAccessors: .UnionDisassemblerTest

===========================================================================================
----------------- testing Tue Nov 05 06:19:02 UTC 2019 /home/travis/build/icyphy/ptII/ptolemy/actor/lib/test/auto/UtilityFunctions.xml
----------------- Instantiating /home/travis/build/icyphy/ptII/ptolemy/actor/lib/test/auto/UtilityFunctions.xml
2 ms. Memory: 470016K Free: 389713K (83%)
----------------- Invoking toplevel() on ptolemy.moml.MoMLSimpleApplication@533d447b
----------------- Done invoking toplevel() on ptolemy.moml.MoMLSimpleApplication@533d447b
reloadAllAccessors: .UtilityFunctions

===========================================================================================
----------------- testing Tue Nov 05 06:19:02 UTC 2019 /home/travis/build/icyphy/ptII/ptolemy/actor/lib/test/auto/VariableSleep.xml
----------------- Instantiating /home/travis/build/icyphy/ptII/ptolemy/actor/lib/test/auto/VariableSleep.xml
504 ms. Memory: 470016K Free: 384593K (82%)
----------------- Invoking toplevel() on ptolemy.moml.MoMLSimpleApplication@28601c86
----------------- Done invoking toplevel() on ptolemy.moml.MoMLSimpleApplication@28601c86
reloadAllAccessors: .VariableSleep

===========================================================================================
----------------- testing Tue Nov 05 06:19:02 UTC 2019 /home/travis/build/icyphy/ptII/ptolemy/actor/lib/test/auto/VectorAssemblerDisassemblerCT.xml
----------------- Instantiating /home/travis/build/icyphy/ptII/ptolemy/actor/lib/test/auto/VectorAssemblerDisassemblerCT.xml
81 ms. Memory: 470016K Free: 364623K (78%)
----------------- Invoking toplevel() on ptolemy.moml.MoMLSimpleApplication@777c288b
----------------- Done invoking toplevel() on ptolemy.moml.MoMLSimpleApplication@777c288b
reloadAllAccessors: .VectorAssemblerDisassemblerCT

===========================================================================================
----------------- testing Tue Nov 05 06:19:02 UTC 2019 /home/travis/build/icyphy/ptII/ptolemy/actor/lib/test/auto/VectorAssemblerDisassemblerDE.xml
----------------- Instantiating /home/travis/build/icyphy/ptII/ptolemy/actor/lib/test/auto/VectorAssemblerDisassemblerDE.xml
3 ms. Memory: 470016K Free: 357455K (76%)
----------------- Invoking toplevel() on ptolemy.moml.MoMLSimpleApplication@1ed67435
----------------- Done invoking toplevel() on ptolemy.moml.MoMLSimpleApplication@1ed67435
reloadAllAccessors: .VectorAssemblerDisassemblerDE

===========================================================================================
----------------- testing Tue Nov 05 06:19:02 UTC 2019 /home/travis/build/icyphy/ptII/ptolemy/actor/lib/test/auto/VectorAssemblerDisassemblerSDF.xml
----------------- Instantiating /home/travis/build/icyphy/ptII/ptolemy/actor/lib/test/auto/VectorAssemblerDisassemblerSDF.xml
2 ms. Memory: 470016K Free: 350801K (75%)
----------------- Invoking toplevel() on ptolemy.moml.MoMLSimpleApplication@6fc22ffc
----------------- Done invoking toplevel() on ptolemy.moml.MoMLSimpleApplication@6fc22ffc
reloadAllAccessors: .VectorAssemblerDisassemblerSDF

===========================================================================================
----------------- testing Tue Nov 05 06:19:02 UTC 2019 /home/travis/build/icyphy/ptII/ptolemy/actor/lib/test/auto/WallClockTime.xml
----------------- Instantiating /home/travis/build/icyphy/ptII/ptolemy/actor/lib/test/auto/WallClockTime.xml
1005 ms. Memory: 470016K Free: 345681K (74%)
----------------- Invoking toplevel() on ptolemy.moml.MoMLSimpleApplication@1b44261c
----------------- Done invoking toplevel() on ptolemy.moml.MoMLSimpleApplication@1b44261c
reloadAllAccessors: .WallClockTime

===========================================================================================
----------------- testing Tue Nov 05 06:19:03 UTC 2019 /home/travis/build/icyphy/ptII/ptolemy/actor/lib/test/auto/WidthTestWithSubscriberPublisher.xml
----------------- Instantiating /home/travis/build/icyphy/ptII/ptolemy/actor/lib/test/auto/WidthTestWithSubscriberPublisher.xml
8 ms. Memory: 470016K Free: 326735K (70%)
----------------- Invoking toplevel() on ptolemy.moml.MoMLSimpleApplication@4ade573d
----------------- Done invoking toplevel() on ptolemy.moml.MoMLSimpleApplication@4ade573d
reloadAllAccessors: .WidthTestWithSubscriberPublisher

===========================================================================================
----------------- testing Tue Nov 05 06:19:03 UTC 2019 /home/travis/build/icyphy/ptII/ptolemy/actor/lib/test/auto/WidthTestWithSubscriberPublisher2.xml
----------------- Instantiating /home/travis/build/icyphy/ptII/ptolemy/actor/lib/test/auto/WidthTestWithSubscriberPublisher2.xml
3 ms. Memory: 470016K Free: 320591K (68%)
----------------- Invoking toplevel() on ptolemy.moml.MoMLSimpleApplication@149cab3c
----------------- Done invoking toplevel() on ptolemy.moml.MoMLSimpleApplication@149cab3c
reloadAllAccessors: .WidthTestWithSubscriberPublisher2

===========================================================================================
----------------- testing Tue Nov 05 06:19:03 UTC 2019 /home/travis/build/icyphy/ptII/ptolemy/actor/lib/test/auto/WidthTestWithSubscriberPublisher3.xml
----------------- Instantiating /home/travis/build/icyphy/ptII/ptolemy/actor/lib/test/auto/WidthTestWithSubscriberPublisher3.xml
3 ms. Memory: 470016K Free: 314961K (67%)
----------------- Invoking toplevel() on ptolemy.moml.MoMLSimpleApplication@a4cae23
----------------- Done invoking toplevel() on ptolemy.moml.MoMLSimpleApplication@a4cae23
reloadAllAccessors: .WidthTestWithSubscriberPublisher3

===========================================================================================
----------------- testing Tue Nov 05 06:19:03 UTC 2019 /home/travis/build/icyphy/ptII/ptolemy/actor/lib/test/auto/Writer.xml
----------------- Instantiating /home/travis/build/icyphy/ptII/ptolemy/actor/lib/test/auto/Writer.xml
0
1
2
3
4
1 ms. Memory: 470016K Free: 310865K (66%)
----------------- Invoking toplevel() on ptolemy.moml.MoMLSimpleApplication@6ea28192
----------------- Done invoking toplevel() on ptolemy.moml.MoMLSimpleApplication@6ea28192
reloadAllAccessors: .Writer

===========================================================================================
----------------- testing Tue Nov 05 06:19:03 UTC 2019 /home/travis/build/icyphy/ptII/ptolemy/actor/lib/test/auto/array.xml
----------------- Instantiating /home/travis/build/icyphy/ptII/ptolemy/actor/lib/test/auto/array.xml
2 ms. Memory: 470016K Free: 306255K (65%)
----------------- Invoking toplevel() on ptolemy.moml.MoMLSimpleApplication@6f3aed2e
----------------- Done invoking toplevel() on ptolemy.moml.MoMLSimpleApplication@6f3aed2e
reloadAllAccessors: .array

===========================================================================================
----------------- testing Tue Nov 05 06:19:03 UTC 2019 /home/travis/build/icyphy/ptII/ptolemy/actor/lib/test/auto/array2.xml
----------------- Instantiating /home/travis/build/icyphy/ptII/ptolemy/actor/lib/test/auto/array2.xml
8 ms. Memory: 470016K Free: 301121K (64%)
----------------- Invoking toplevel() on ptolemy.moml.MoMLSimpleApplication@25eba51f
----------------- Done invoking toplevel() on ptolemy.moml.MoMLSimpleApplication@25eba51f
reloadAllAccessors: .array2

===========================================================================================
----------------- testing Tue Nov 05 06:19:03 UTC 2019 /home/travis/build/icyphy/ptII/ptolemy/actor/lib/test/auto/arrayType.xml
----------------- Instantiating /home/travis/build/icyphy/ptII/ptolemy/actor/lib/test/auto/arrayType.xml
2 ms. Memory: 470016K Free: 295505K (63%)
----------------- Invoking toplevel() on ptolemy.moml.MoMLSimpleApplication@645fbc6e
----------------- Done invoking toplevel() on ptolemy.moml.MoMLSimpleApplication@645fbc6e
reloadAllAccessors: .arrayType

===========================================================================================
----------------- testing Tue Nov 05 06:19:03 UTC 2019 /home/travis/build/icyphy/ptII/ptolemy/actor/lib/test/auto/arrayType10.xml
----------------- Instantiating /home/travis/build/icyphy/ptII/ptolemy/actor/lib/test/auto/arrayType10.xml
2 ms. Memory: 470016K Free: 290895K (62%)
----------------- Invoking toplevel() on ptolemy.moml.MoMLSimpleApplication@510f7b80
----------------- Done invoking toplevel() on ptolemy.moml.MoMLSimpleApplication@510f7b80
reloadAllAccessors: .arrayType10

===========================================================================================
----------------- testing Tue Nov 05 06:19:03 UTC 2019 /home/travis/build/icyphy/ptII/ptolemy/actor/lib/test/auto/arrayType11.xml
----------------- Instantiating /home/travis/build/icyphy/ptII/ptolemy/actor/lib/test/auto/arrayType11.xml
2 ms. Memory: 470016K Free: 286289K (61%)
----------------- Invoking toplevel() on ptolemy.moml.MoMLSimpleApplication@3e854653
----------------- Done invoking toplevel() on ptolemy.moml.MoMLSimpleApplication@3e854653
reloadAllAccessors: .arrayType11

===========================================================================================
----------------- testing Tue Nov 05 06:19:03 UTC 2019 /home/travis/build/icyphy/ptII/ptolemy/actor/lib/test/auto/arrayType12.xml
----------------- Instantiating /home/travis/build/icyphy/ptII/ptolemy/actor/lib/test/auto/arrayType12.xml
2 ms. Memory: 470016K Free: 281679K (60%)
----------------- Invoking toplevel() on ptolemy.moml.MoMLSimpleApplication@37be8839
----------------- Done invoking toplevel() on ptolemy.moml.MoMLSimpleApplication@37be8839
reloadAllAccessors: .arrayType12

===========================================================================================
----------------- testing Tue Nov 05 06:19:03 UTC 2019 /home/travis/build/icyphy/ptII/ptolemy/actor/lib/test/auto/arrayType13.xml
----------------- Instantiating /home/travis/build/icyphy/ptII/ptolemy/actor/lib/test/auto/arrayType13.xml
2 ms. Memory: 470016K Free: 276559K (59%)
----------------- Invoking toplevel() on ptolemy.moml.MoMLSimpleApplication@3cd79c2
----------------- Done invoking toplevel() on ptolemy.moml.MoMLSimpleApplication@3cd79c2
reloadAllAccessors: .arrayType13

===========================================================================================
----------------- testing Tue Nov 05 06:19:04 UTC 2019 /home/travis/build/icyphy/ptII/ptolemy/actor/lib/test/auto/arrayType14.xml
----------------- Instantiating /home/travis/build/icyphy/ptII/ptolemy/actor/lib/test/auto/arrayType14.xml
2 ms. Memory: 470016K Free: 270929K (58%)
----------------- Invoking toplevel() on ptolemy.moml.MoMLSimpleApplication@6b84f36a
----------------- Done invoking toplevel() on ptolemy.moml.MoMLSimpleApplication@6b84f36a
reloadAllAccessors: .arrayType14

===========================================================================================
----------------- testing Tue Nov 05 06:19:04 UTC 2019 /home/travis/build/icyphy/ptII/ptolemy/actor/lib/test/auto/arrayType15.xml
----------------- Instantiating /home/travis/build/icyphy/ptII/ptolemy/actor/lib/test/auto/arrayType15.xml
3 ms. Memory: 470016K Free: 265809K (57%)
----------------- Invoking toplevel() on ptolemy.moml.MoMLSimpleApplication@64f011a3
----------------- Done invoking toplevel() on ptolemy.moml.MoMLSimpleApplication@64f011a3
reloadAllAccessors: .arrayType15

===========================================================================================
----------------- testing Tue Nov 05 06:19:04 UTC 2019 /home/travis/build/icyphy/ptII/ptolemy/actor/lib/test/auto/arrayType16.xml
----------------- Instantiating /home/travis/build/icyphy/ptII/ptolemy/actor/lib/test/auto/arrayType16.xml
2 ms. Memory: 470016K Free: 260689K (55%)
----------------- Invoking toplevel() on ptolemy.moml.MoMLSimpleApplication@57e1e4e9
----------------- Done invoking toplevel() on ptolemy.moml.MoMLSimpleApplication@57e1e4e9
reloadAllAccessors: .arrayType16

===========================================================================================
----------------- testing Tue Nov 05 06:19:04 UTC 2019 /home/travis/build/icyphy/ptII/ptolemy/actor/lib/test/auto/arrayType17.xml
----------------- Instantiating /home/travis/build/icyphy/ptII/ptolemy/actor/lib/test/auto/arrayType17.xml
1 ms. Memory: 470016K Free: 255569K (54%)
----------------- Invoking toplevel() on ptolemy.moml.MoMLSimpleApplication@59e364e5
----------------- Done invoking toplevel() on ptolemy.moml.MoMLSimpleApplication@59e364e5
reloadAllAccessors: .arrayType17

===========================================================================================
----------------- testing Tue Nov 05 06:19:04 UTC 2019 /home/travis/build/icyphy/ptII/ptolemy/actor/lib/test/auto/arrayType18.xml
----------------- Instantiating /home/travis/build/icyphy/ptII/ptolemy/actor/lib/test/auto/arrayType18.xml
1 ms. Memory: 470016K Free: 250959K (53%)
----------------- Invoking toplevel() on ptolemy.moml.MoMLSimpleApplication@787e0d89
----------------- Done invoking toplevel() on ptolemy.moml.MoMLSimpleApplication@787e0d89
reloadAllAccessors: .arrayType18

===========================================================================================
----------------- testing Tue Nov 05 06:19:04 UTC 2019 /home/travis/build/icyphy/ptII/ptolemy/actor/lib/test/auto/arrayType19.xml
----------------- Instantiating /home/travis/build/icyphy/ptII/ptolemy/actor/lib/test/auto/arrayType19.xml
2 ms. Memory: 470016K Free: 245839K (52%)
----------------- Invoking toplevel() on ptolemy.moml.MoMLSimpleApplication@2dc4f63b
----------------- Done invoking toplevel() on ptolemy.moml.MoMLSimpleApplication@2dc4f63b
reloadAllAccessors: .arrayType19

===========================================================================================
----------------- testing Tue Nov 05 06:19:04 UTC 2019 /home/travis/build/icyphy/ptII/ptolemy/actor/lib/test/auto/arrayType2.xml
----------------- Instantiating /home/travis/build/icyphy/ptII/ptolemy/actor/lib/test/auto/arrayType2.xml
2 ms. Memory: 470016K Free: 240719K (51%)
----------------- Invoking toplevel() on ptolemy.moml.MoMLSimpleApplication@40e3e001
----------------- Done invoking toplevel() on ptolemy.moml.MoMLSimpleApplication@40e3e001
reloadAllAccessors: .arrayType2

===========================================================================================
----------------- testing Tue Nov 05 06:19:04 UTC 2019 /home/travis/build/icyphy/ptII/ptolemy/actor/lib/test/auto/arrayType20.xml
----------------- Instantiating /home/travis/build/icyphy/ptII/ptolemy/actor/lib/test/auto/arrayType20.xml
1 ms. Memory: 470016K Free: 235599K (50%)
----------------- Invoking toplevel() on ptolemy.moml.MoMLSimpleApplication@7a89f3b7
----------------- Done invoking toplevel() on ptolemy.moml.MoMLSimpleApplication@7a89f3b7
reloadAllAccessors: .arrayType20

===========================================================================================
----------------- testing Tue Nov 05 06:19:04 UTC 2019 /home/travis/build/icyphy/ptII/ptolemy/actor/lib/test/auto/arrayType21.xml
----------------- Instantiating /home/travis/build/icyphy/ptII/ptolemy/actor/lib/test/auto/arrayType21.xml
1 ms. Memory: 470016K Free: 230993K (49%)
----------------- Invoking toplevel() on ptolemy.moml.MoMLSimpleApplication@21f47c59
----------------- Done invoking toplevel() on ptolemy.moml.MoMLSimpleApplication@21f47c59
reloadAllAccessors: .arrayType21

===========================================================================================
----------------- testing Tue Nov 05 06:19:04 UTC 2019 /home/travis/build/icyphy/ptII/ptolemy/actor/lib/test/auto/arrayType22.xml
----------------- Instantiating /home/travis/build/icyphy/ptII/ptolemy/actor/lib/test/auto/arrayType22.xml
2 ms. Memory: 470016K Free: 225873K (48%)
----------------- Invoking toplevel() on ptolemy.moml.MoMLSimpleApplication@c18355d
----------------- Done invoking toplevel() on ptolemy.moml.MoMLSimpleApplication@c18355d
reloadAllAccessors: .arrayType22

===========================================================================================
----------------- testing Tue Nov 05 06:19:04 UTC 2019 /home/travis/build/icyphy/ptII/ptolemy/actor/lib/test/auto/arrayType23.xml
----------------- Instantiating /home/travis/build/icyphy/ptII/ptolemy/actor/lib/test/auto/arrayType23.xml
2 ms. Memory: 470016K Free: 221263K (47%)
----------------- Invoking toplevel() on ptolemy.moml.MoMLSimpleApplication@6cbbfd1
----------------- Done invoking toplevel() on ptolemy.moml.MoMLSimpleApplication@6cbbfd1
reloadAllAccessors: .arrayType23

===========================================================================================
----------------- testing Tue Nov 05 06:19:04 UTC 2019 /home/travis/build/icyphy/ptII/ptolemy/actor/lib/test/auto/arrayType24.xml
----------------- Instantiating /home/travis/build/icyphy/ptII/ptolemy/actor/lib/test/auto/arrayType24.xml
3 ms. Memory: 470016K Free: 216655K (46%)
----------------- Invoking toplevel() on ptolemy.moml.MoMLSimpleApplication@464c1bfc
----------------- Done invoking toplevel() on ptolemy.moml.MoMLSimpleApplication@464c1bfc
reloadAllAccessors: .arrayType24

===========================================================================================
----------------- testing Tue Nov 05 06:19:04 UTC 2019 /home/travis/build/icyphy/ptII/ptolemy/actor/lib/test/auto/arrayType25.xml
----------------- Instantiating /home/travis/build/icyphy/ptII/ptolemy/actor/lib/test/auto/arrayType25.xml
2 ms. Memory: 470016K Free: 211537K (45%)
----------------- Invoking toplevel() on ptolemy.moml.MoMLSimpleApplication@3aea45f6
----------------- Done invoking toplevel() on ptolemy.moml.MoMLSimpleApplication@3aea45f6
reloadAllAccessors: .arrayType25

===========================================================================================
----------------- testing Tue Nov 05 06:19:04 UTC 2019 /home/travis/build/icyphy/ptII/ptolemy/actor/lib/test/auto/arrayType26.xml
----------------- Instantiating /home/travis/build/icyphy/ptII/ptolemy/actor/lib/test/auto/arrayType26.xml
2 ms. Memory: 470016K Free: 206417K (44%)
----------------- Invoking toplevel() on ptolemy.moml.MoMLSimpleApplication@22104b7c
----------------- Done invoking toplevel() on ptolemy.moml.MoMLSimpleApplication@22104b7c
reloadAllAccessors: .arrayType26

===========================================================================================
----------------- testing Tue Nov 05 06:19:04 UTC 2019 /home/travis/build/icyphy/ptII/ptolemy/actor/lib/test/auto/arrayType27.xml
----------------- Instantiating /home/travis/build/icyphy/ptII/ptolemy/actor/lib/test/auto/arrayType27.xml
2 ms. Memory: 470016K Free: 200783K (43%)
----------------- Invoking toplevel() on ptolemy.moml.MoMLSimpleApplication@4594dc2f
----------------- Done invoking toplevel() on ptolemy.moml.MoMLSimpleApplication@4594dc2f
reloadAllAccessors: .arrayType27

===========================================================================================
----------------- testing Tue Nov 05 06:19:04 UTC 2019 /home/travis/build/icyphy/ptII/ptolemy/actor/lib/test/auto/arrayType28.xml
----------------- Instantiating /home/travis/build/icyphy/ptII/ptolemy/actor/lib/test/auto/arrayType28.xml
2 ms. Memory: 470016K Free: 195663K (42%)
----------------- Invoking toplevel() on ptolemy.moml.MoMLSimpleApplication@4713cd08
----------------- Done invoking toplevel() on ptolemy.moml.MoMLSimpleApplication@4713cd08
reloadAllAccessors: .arrayType28

===========================================================================================
----------------- testing Tue Nov 05 06:19:04 UTC 2019 /home/travis/build/icyphy/ptII/ptolemy/actor/lib/test/auto/arrayType3.xml
----------------- Instantiating /home/travis/build/icyphy/ptII/ptolemy/actor/lib/test/auto/arrayType3.xml
1 ms. Memory: 470016K Free: 190543K (41%)
----------------- Invoking toplevel() on ptolemy.moml.MoMLSimpleApplication@49e9901e
----------------- Done invoking toplevel() on ptolemy.moml.MoMLSimpleApplication@49e9901e
reloadAllAccessors: .arrayType3

===========================================================================================
----------------- testing Tue Nov 05 06:19:04 UTC 2019 /home/travis/build/icyphy/ptII/ptolemy/actor/lib/test/auto/arrayType4.xml
----------------- Instantiating /home/travis/build/icyphy/ptII/ptolemy/actor/lib/test/auto/arrayType4.xml
2 ms. Memory: 470016K Free: 185423K (39%)
----------------- Invoking toplevel() on ptolemy.moml.MoMLSimpleApplication@6808d966
----------------- Done invoking toplevel() on ptolemy.moml.MoMLSimpleApplication@6808d966
reloadAllAccessors: .arrayType4

===========================================================================================
----------------- testing Tue Nov 05 06:19:04 UTC 2019 /home/travis/build/icyphy/ptII/ptolemy/actor/lib/test/auto/arrayType5.xml
----------------- Instantiating /home/travis/build/icyphy/ptII/ptolemy/actor/lib/test/auto/arrayType5.xml
2 ms. Memory: 470016K Free: 179793K (38%)
----------------- Invoking toplevel() on ptolemy.moml.MoMLSimpleApplication@212c40a5
----------------- Done invoking toplevel() on ptolemy.moml.MoMLSimpleApplication@212c40a5
reloadAllAccessors: .arrayType5

===========================================================================================
----------------- testing Tue Nov 05 06:19:04 UTC 2019 /home/travis/build/icyphy/ptII/ptolemy/actor/lib/test/auto/arrayType6.xml
----------------- Instantiating /home/travis/build/icyphy/ptII/ptolemy/actor/lib/test/auto/arrayType6.xml
2 ms. Memory: 470016K Free: 175183K (37%)
----------------- Invoking toplevel() on ptolemy.moml.MoMLSimpleApplication@59909880
----------------- Done invoking toplevel() on ptolemy.moml.MoMLSimpleApplication@59909880
reloadAllAccessors: .arrayType6

===========================================================================================
----------------- testing Tue Nov 05 06:19:04 UTC 2019 /home/travis/build/icyphy/ptII/ptolemy/actor/lib/test/auto/arrayType7.xml
----------------- Instantiating /home/travis/build/icyphy/ptII/ptolemy/actor/lib/test/auto/arrayType7.xml
1 ms. Memory: 470016K Free: 170577K (36%)
----------------- Invoking toplevel() on ptolemy.moml.MoMLSimpleApplication@63649a56
----------------- Done invoking toplevel() on ptolemy.moml.MoMLSimpleApplication@63649a56
reloadAllAccessors: .arrayType7

===========================================================================================
----------------- testing Tue Nov 05 06:19:04 UTC 2019 /home/travis/build/icyphy/ptII/ptolemy/actor/lib/test/auto/arrayType8.xml
----------------- Instantiating /home/travis/build/icyphy/ptII/ptolemy/actor/lib/test/auto/arrayType8.xml
1 ms. Memory: 470016K Free: 165967K (35%)
----------------- Invoking toplevel() on ptolemy.moml.MoMLSimpleApplication@cde4985
----------------- Done invoking toplevel() on ptolemy.moml.MoMLSimpleApplication@cde4985
reloadAllAccessors: .arrayType8

===========================================================================================
----------------- testing Tue Nov 05 06:19:04 UTC 2019 /home/travis/build/icyphy/ptII/ptolemy/actor/lib/test/auto/arrayType9.xml
----------------- Instantiating /home/travis/build/icyphy/ptII/ptolemy/actor/lib/test/auto/arrayType9.xml
1 ms. Memory: 470016K Free: 160847K (34%)
----------------- Invoking toplevel() on ptolemy.moml.MoMLSimpleApplication@19d2f1cc
----------------- Done invoking toplevel() on ptolemy.moml.MoMLSimpleApplication@19d2f1cc
reloadAllAccessors: .arrayType9

===========================================================================================
----------------- testing Tue Nov 05 06:19:04 UTC 2019 /home/travis/build/icyphy/ptII/ptolemy/actor/lib/test/auto/cast.xml
----------------- Instantiating /home/travis/build/icyphy/ptII/ptolemy/actor/lib/test/auto/cast.xml
3 ms. Memory: 470016K Free: 156241K (33%)
----------------- Invoking toplevel() on ptolemy.moml.MoMLSimpleApplication@1a1c49a3
----------------- Done invoking toplevel() on ptolemy.moml.MoMLSimpleApplication@1a1c49a3
reloadAllAccessors: .cast

===========================================================================================
----------------- testing Tue Nov 05 06:19:04 UTC 2019 /home/travis/build/icyphy/ptII/ptolemy/actor/lib/test/auto/compositeMultiPort.xml
----------------- Instantiating /home/travis/build/icyphy/ptII/ptolemy/actor/lib/test/auto/compositeMultiPort.xml
4 ms. Memory: 470016K Free: 147521K (31%)
----------------- Invoking toplevel() on ptolemy.moml.MoMLSimpleApplication@5c15a320
----------------- Done invoking toplevel() on ptolemy.moml.MoMLSimpleApplication@5c15a320
reloadAllAccessors: .compositeMultiPort

===========================================================================================
----------------- testing Tue Nov 05 06:19:04 UTC 2019 /home/travis/build/icyphy/ptII/ptolemy/actor/lib/test/auto/expressionCastInference.xml
----------------- Instantiating /home/travis/build/icyphy/ptII/ptolemy/actor/lib/test/auto/expressionCastInference.xml
3 ms. Memory: 470016K Free: 142415K (30%)
----------------- Invoking toplevel() on ptolemy.moml.MoMLSimpleApplication@44d651e3
----------------- Done invoking toplevel() on ptolemy.moml.MoMLSimpleApplication@44d651e3
reloadAllAccessors: .expressionCastInference

===========================================================================================
----------------- testing Tue Nov 05 06:19:04 UTC 2019 /home/travis/build/icyphy/ptII/ptolemy/actor/lib/test/auto/expressionCastInference2.xml
----------------- Instantiating /home/travis/build/icyphy/ptII/ptolemy/actor/lib/test/auto/expressionCastInference2.xml
3 ms. Memory: 470016K Free: 413568K (88%)
----------------- Invoking toplevel() on ptolemy.moml.MoMLSimpleApplication@f136873
----------------- Done invoking toplevel() on ptolemy.moml.MoMLSimpleApplication@f136873
reloadAllAccessors: .expressionCastInference2

===========================================================================================
----------------- testing Tue Nov 05 06:19:04 UTC 2019 /home/travis/build/icyphy/ptII/ptolemy/actor/lib/test/auto/expressionInference.xml
----------------- Instantiating /home/travis/build/icyphy/ptII/ptolemy/actor/lib/test/auto/expressionInference.xml
1 ms. Memory: 470016K Free: 408958K (87%)
----------------- Invoking toplevel() on ptolemy.moml.MoMLSimpleApplication@48ae83f1
----------------- Done invoking toplevel() on ptolemy.moml.MoMLSimpleApplication@48ae83f1
reloadAllAccessors: .expressionInference

===========================================================================================
----------------- testing Tue Nov 05 06:19:04 UTC 2019 /home/travis/build/icyphy/ptII/ptolemy/actor/lib/test/auto/expression_bug.xml
----------------- Instantiating /home/travis/build/icyphy/ptII/ptolemy/actor/lib/test/auto/expression_bug.xml
2 ms. Memory: 470016K Free: 404862K (86%)
----------------- Invoking toplevel() on ptolemy.moml.MoMLSimpleApplication@581a2f02
----------------- Done invoking toplevel() on ptolemy.moml.MoMLSimpleApplication@581a2f02
reloadAllAccessors: .expression_bug

===========================================================================================
----------------- testing Tue Nov 05 06:19:04 UTC 2019 /home/travis/build/icyphy/ptII/ptolemy/actor/lib/test/auto/factorial.xml
----------------- Instantiating /home/travis/build/icyphy/ptII/ptolemy/actor/lib/test/auto/factorial.xml
89 ms. Memory: 470016K Free: 396160K (84%)
----------------- Invoking toplevel() on ptolemy.moml.MoMLSimpleApplication@4e86efe1
----------------- Done invoking toplevel() on ptolemy.moml.MoMLSimpleApplication@4e86efe1
reloadAllAccessors: .factorial

===========================================================================================
----------------- testing Tue Nov 05 06:19:04 UTC 2019 /home/travis/build/icyphy/ptII/ptolemy/actor/lib/test/auto/filterTest1.xml
----------------- Instantiating /home/travis/build/icyphy/ptII/ptolemy/actor/lib/test/auto/filterTest1.xml
4 ms. Memory: 470016K Free: 390016K (83%)
----------------- Invoking toplevel() on ptolemy.moml.MoMLSimpleApplication@52f73a02
----------------- Done invoking toplevel() on ptolemy.moml.MoMLSimpleApplication@52f73a02
reloadAllAccessors: .filterTest1

===========================================================================================
----------------- testing Tue Nov 05 06:19:04 UTC 2019 /home/travis/build/icyphy/ptII/ptolemy/actor/lib/test/auto/funcApplyInConst.xml
----------------- Instantiating /home/travis/build/icyphy/ptII/ptolemy/actor/lib/test/auto/funcApplyInConst.xml
2 ms. Memory: 470016K Free: 386430K (82%)
----------------- Invoking toplevel() on ptolemy.moml.MoMLSimpleApplication@3aacfa65
----------------- Done invoking toplevel() on ptolemy.moml.MoMLSimpleApplication@3aacfa65
reloadAllAccessors: .funcApplyInConst

===========================================================================================
----------------- testing Tue Nov 05 06:19:04 UTC 2019 /home/travis/build/icyphy/ptII/ptolemy/actor/lib/test/auto/funcApplyInExpr.xml
----------------- Instantiating /home/travis/build/icyphy/ptII/ptolemy/actor/lib/test/auto/funcApplyInExpr.xml
1 ms. Memory: 470016K Free: 382848K (81%)
----------------- Invoking toplevel() on ptolemy.moml.MoMLSimpleApplication@3135f5e5
----------------- Done invoking toplevel() on ptolemy.moml.MoMLSimpleApplication@3135f5e5
reloadAllAccessors: .funcApplyInExpr

===========================================================================================
----------------- testing Tue Nov 05 06:19:04 UTC 2019 /home/travis/build/icyphy/ptII/ptolemy/actor/lib/test/auto/function.xml
----------------- Instantiating /home/travis/build/icyphy/ptII/ptolemy/actor/lib/test/auto/function.xml
3 ms. Memory: 470016K Free: 378238K (80%)
----------------- Invoking toplevel() on ptolemy.moml.MoMLSimpleApplication@5d7c281c
----------------- Done invoking toplevel() on ptolemy.moml.MoMLSimpleApplication@5d7c281c
reloadAllAccessors: .function

===========================================================================================
----------------- testing Tue Nov 05 06:19:04 UTC 2019 /home/travis/build/icyphy/ptII/ptolemy/actor/lib/test/auto/function2.xml
----------------- Instantiating /home/travis/build/icyphy/ptII/ptolemy/actor/lib/test/auto/function2.xml
3 ms. Memory: 470016K Free: 373118K (79%)
----------------- Invoking toplevel() on ptolemy.moml.MoMLSimpleApplication@4f22d59a
----------------- Done invoking toplevel() on ptolemy.moml.MoMLSimpleApplication@4f22d59a
reloadAllAccessors: .function2

===========================================================================================
----------------- testing Tue Nov 05 06:19:04 UTC 2019 /home/travis/build/icyphy/ptII/ptolemy/actor/lib/test/auto/function3.xml
----------------- Instantiating /home/travis/build/icyphy/ptII/ptolemy/actor/lib/test/auto/function3.xml
2 ms. Memory: 470016K Free: 369536K (79%)
----------------- Invoking toplevel() on ptolemy.moml.MoMLSimpleApplication@57db9063
----------------- Done invoking toplevel() on ptolemy.moml.MoMLSimpleApplication@57db9063
reloadAllAccessors: .function3

===========================================================================================
----------------- testing Tue Nov 05 06:19:04 UTC 2019 /home/travis/build/icyphy/ptII/ptolemy/actor/lib/test/auto/functionClosureTest1.xml
----------------- Instantiating /home/travis/build/icyphy/ptII/ptolemy/actor/lib/test/auto/functionClosureTest1.xml
2 ms. Memory: 470016K Free: 363888K (77%)
----------------- Invoking toplevel() on ptolemy.moml.MoMLSimpleApplication@30a81402
----------------- Done invoking toplevel() on ptolemy.moml.MoMLSimpleApplication@30a81402
reloadAllAccessors: .functionClosureTest1

===========================================================================================
----------------- testing Tue Nov 05 06:19:04 UTC 2019 /home/travis/build/icyphy/ptII/ptolemy/actor/lib/test/auto/functionClosureTest2.xml
----------------- Instantiating /home/travis/build/icyphy/ptII/ptolemy/actor/lib/test/auto/functionClosureTest2.xml
2 ms. Memory: 470016K Free: 359806K (77%)
----------------- Invoking toplevel() on ptolemy.moml.MoMLSimpleApplication@3585eb93
----------------- Done invoking toplevel() on ptolemy.moml.MoMLSimpleApplication@3585eb93
reloadAllAccessors: .functionClosureTest2

===========================================================================================
----------------- testing Tue Nov 05 06:19:04 UTC 2019 /home/travis/build/icyphy/ptII/ptolemy/actor/lib/test/auto/functionClosureTest3.xml
----------------- Instantiating /home/travis/build/icyphy/ptII/ptolemy/actor/lib/test/auto/functionClosureTest3.xml
3 ms. Memory: 470016K Free: 354672K (75%)
----------------- Invoking toplevel() on ptolemy.moml.MoMLSimpleApplication@3c5d7164
----------------- Done invoking toplevel() on ptolemy.moml.MoMLSimpleApplication@3c5d7164
reloadAllAccessors: .functionClosureTest3

===========================================================================================
----------------- testing Tue Nov 05 06:19:04 UTC 2019 /home/travis/build/icyphy/ptII/ptolemy/actor/lib/test/auto/functionClosureTest4.xml
----------------- Instantiating /home/travis/build/icyphy/ptII/ptolemy/actor/lib/test/auto/functionClosureTest4.xml
10 ms. Memory: 470016K Free: 348542K (74%)
----------------- Invoking toplevel() on ptolemy.moml.MoMLSimpleApplication@3b18832f
----------------- Done invoking toplevel() on ptolemy.moml.MoMLSimpleApplication@3b18832f
reloadAllAccessors: .functionClosureTest4

===========================================================================================
----------------- testing Tue Nov 05 06:19:04 UTC 2019 /home/travis/build/icyphy/ptII/ptolemy/actor/lib/test/auto/functionClosureTest5.xml
----------------- Instantiating /home/travis/build/icyphy/ptII/ptolemy/actor/lib/test/auto/functionClosureTest5.xml
5 ms. Memory: 470016K Free: 342912K (73%)
----------------- Invoking toplevel() on ptolemy.moml.MoMLSimpleApplication@6821bd6e
----------------- Done invoking toplevel() on ptolemy.moml.MoMLSimpleApplication@6821bd6e
reloadAllAccessors: .functionClosureTest5

===========================================================================================
----------------- testing Tue Nov 05 06:19:04 UTC 2019 /home/travis/build/icyphy/ptII/ptolemy/actor/lib/test/auto/functionClosureTest6.xml
----------------- Instantiating /home/travis/build/icyphy/ptII/ptolemy/actor/lib/test/auto/functionClosureTest6.xml
2 ms. Memory: 470016K Free: 338302K (72%)
----------------- Invoking toplevel() on ptolemy.moml.MoMLSimpleApplication@34d0981b
----------------- Done invoking toplevel() on ptolemy.moml.MoMLSimpleApplication@34d0981b
reloadAllAccessors: .functionClosureTest6

===========================================================================================
----------------- testing Tue Nov 05 06:19:04 UTC 2019 /home/travis/build/icyphy/ptII/ptolemy/actor/lib/test/auto/functionsOnArcs.xml
----------------- Instantiating /home/travis/build/icyphy/ptII/ptolemy/actor/lib/test/auto/functionsOnArcs.xml
2 ms. Memory: 470016K Free: 333182K (71%)
----------------- Invoking toplevel() on ptolemy.moml.MoMLSimpleApplication@c7b9bf7
----------------- Done invoking toplevel() on ptolemy.moml.MoMLSimpleApplication@c7b9bf7
reloadAllAccessors: .functionsOnArcs

===========================================================================================
----------------- testing Tue Nov 05 06:19:04 UTC 2019 /home/travis/build/icyphy/ptII/ptolemy/actor/lib/test/auto/functionsOnArcsHOF.xml
----------------- Instantiating /home/travis/build/icyphy/ptII/ptolemy/actor/lib/test/auto/functionsOnArcsHOF.xml
5 ms. Memory: 470016K Free: 327038K (70%)
----------------- Invoking toplevel() on ptolemy.moml.MoMLSimpleApplication@211f91c
----------------- Done invoking toplevel() on ptolemy.moml.MoMLSimpleApplication@211f91c
reloadAllAccessors: .functionsOnArcsHOF

===========================================================================================
----------------- testing Tue Nov 05 06:19:04 UTC 2019 /home/travis/build/icyphy/ptII/ptolemy/actor/lib/test/auto/logic.xml
----------------- Instantiating /home/travis/build/icyphy/ptII/ptolemy/actor/lib/test/auto/logic.xml
2 ms. Memory: 470016K Free: 319870K (68%)
----------------- Invoking toplevel() on ptolemy.moml.MoMLSimpleApplication@10bb2858
----------------- Done invoking toplevel() on ptolemy.moml.MoMLSimpleApplication@10bb2858
reloadAllAccessors: .logic

===========================================================================================
----------------- testing Tue Nov 05 06:19:04 UTC 2019 /home/travis/build/icyphy/ptII/ptolemy/actor/lib/test/auto/matrixType.xml
----------------- Instantiating /home/travis/build/icyphy/ptII/ptolemy/actor/lib/test/auto/matrixType.xml
2 ms. Memory: 470016K Free: 315262K (67%)
----------------- Invoking toplevel() on ptolemy.moml.MoMLSimpleApplication@776be09a
----------------- Done invoking toplevel() on ptolemy.moml.MoMLSimpleApplication@776be09a
reloadAllAccessors: .matrixType

===========================================================================================
----------------- testing Tue Nov 05 06:19:04 UTC 2019 /home/travis/build/icyphy/ptII/ptolemy/actor/lib/test/auto/matrixType10.xml
----------------- Instantiating /home/travis/build/icyphy/ptII/ptolemy/actor/lib/test/auto/matrixType10.xml
2 ms. Memory: 470016K Free: 310144K (66%)
----------------- Invoking toplevel() on ptolemy.moml.MoMLSimpleApplication@6f87adeb
----------------- Done invoking toplevel() on ptolemy.moml.MoMLSimpleApplication@6f87adeb
reloadAllAccessors: .matrixType10

===========================================================================================
----------------- testing Tue Nov 05 06:19:04 UTC 2019 /home/travis/build/icyphy/ptII/ptolemy/actor/lib/test/auto/matrixType11.xml
----------------- Instantiating /home/travis/build/icyphy/ptII/ptolemy/actor/lib/test/auto/matrixType11.xml
2 ms. Memory: 470016K Free: 305534K (65%)
----------------- Invoking toplevel() on ptolemy.moml.MoMLSimpleApplication@2fcebe03
----------------- Done invoking toplevel() on ptolemy.moml.MoMLSimpleApplication@2fcebe03
reloadAllAccessors: .matrixType11

===========================================================================================
----------------- testing Tue Nov 05 06:19:04 UTC 2019 /home/travis/build/icyphy/ptII/ptolemy/actor/lib/test/auto/matrixType12.xml
----------------- Instantiating /home/travis/build/icyphy/ptII/ptolemy/actor/lib/test/auto/matrixType12.xml
1 ms. Memory: 470016K Free: 300928K (64%)
----------------- Invoking toplevel() on ptolemy.moml.MoMLSimpleApplication@704e205f
----------------- Done invoking toplevel() on ptolemy.moml.MoMLSimpleApplication@704e205f
reloadAllAccessors: .matrixType12

===========================================================================================
----------------- testing Tue Nov 05 06:19:05 UTC 2019 /home/travis/build/icyphy/ptII/ptolemy/actor/lib/test/auto/matrixType13.xml
----------------- Instantiating /home/travis/build/icyphy/ptII/ptolemy/actor/lib/test/auto/matrixType13.xml
2 ms. Memory: 470016K Free: 295808K (63%)
----------------- Invoking toplevel() on ptolemy.moml.MoMLSimpleApplication@9e8554e
----------------- Done invoking toplevel() on ptolemy.moml.MoMLSimpleApplication@9e8554e
reloadAllAccessors: .matrixType13

===========================================================================================
----------------- testing Tue Nov 05 06:19:05 UTC 2019 /home/travis/build/icyphy/ptII/ptolemy/actor/lib/test/auto/matrixType14.xml
----------------- Instantiating /home/travis/build/icyphy/ptII/ptolemy/actor/lib/test/auto/matrixType14.xml
2 ms. Memory: 470016K Free: 291198K (62%)
----------------- Invoking toplevel() on ptolemy.moml.MoMLSimpleApplication@3fd1786e
----------------- Done invoking toplevel() on ptolemy.moml.MoMLSimpleApplication@3fd1786e
reloadAllAccessors: .matrixType14

===========================================================================================
----------------- testing Tue Nov 05 06:19:05 UTC 2019 /home/travis/build/icyphy/ptII/ptolemy/actor/lib/test/auto/matrixType2.xml
----------------- Instantiating /home/travis/build/icyphy/ptII/ptolemy/actor/lib/test/auto/matrixType2.xml
1 ms. Memory: 470016K Free: 286590K (61%)
----------------- Invoking toplevel() on ptolemy.moml.MoMLSimpleApplication@4b107150
----------------- Done invoking toplevel() on ptolemy.moml.MoMLSimpleApplication@4b107150
reloadAllAccessors: .matrixType2

===========================================================================================
----------------- testing Tue Nov 05 06:19:05 UTC 2019 /home/travis/build/icyphy/ptII/ptolemy/actor/lib/test/auto/matrixType3.xml
----------------- Instantiating /home/travis/build/icyphy/ptII/ptolemy/actor/lib/test/auto/matrixType3.xml
5 ms. Memory: 470016K Free: 281472K (60%)
----------------- Invoking toplevel() on ptolemy.moml.MoMLSimpleApplication@335c3cc6
----------------- Done invoking toplevel() on ptolemy.moml.MoMLSimpleApplication@335c3cc6
reloadAllAccessors: .matrixType3

===========================================================================================
----------------- testing Tue Nov 05 06:19:05 UTC 2019 /home/travis/build/icyphy/ptII/ptolemy/actor/lib/test/auto/matrixType4.xml
----------------- Instantiating /home/travis/build/icyphy/ptII/ptolemy/actor/lib/test/auto/matrixType4.xml
1 ms. Memory: 470016K Free: 276862K (59%)
----------------- Invoking toplevel() on ptolemy.moml.MoMLSimpleApplication@275b12b
----------------- Done invoking toplevel() on ptolemy.moml.MoMLSimpleApplication@275b12b
reloadAllAccessors: .matrixType4

===========================================================================================
----------------- testing Tue Nov 05 06:19:05 UTC 2019 /home/travis/build/icyphy/ptII/ptolemy/actor/lib/test/auto/matrixType5.xml
----------------- Instantiating /home/travis/build/icyphy/ptII/ptolemy/actor/lib/test/auto/matrixType5.xml
2 ms. Memory: 470016K Free: 272256K (58%)
----------------- Invoking toplevel() on ptolemy.moml.MoMLSimpleApplication@69803e2
----------------- Done invoking toplevel() on ptolemy.moml.MoMLSimpleApplication@69803e2
reloadAllAccessors: .matrixType5

===========================================================================================
----------------- testing Tue Nov 05 06:19:05 UTC 2019 /home/travis/build/icyphy/ptII/ptolemy/actor/lib/test/auto/matrixType6.xml
----------------- Instantiating /home/travis/build/icyphy/ptII/ptolemy/actor/lib/test/auto/matrixType6.xml
1 ms. Memory: 470016K Free: 267136K (57%)
----------------- Invoking toplevel() on ptolemy.moml.MoMLSimpleApplication@47a457c4
----------------- Done invoking toplevel() on ptolemy.moml.MoMLSimpleApplication@47a457c4
reloadAllAccessors: .matrixType6

===========================================================================================
----------------- testing Tue Nov 05 06:19:05 UTC 2019 /home/travis/build/icyphy/ptII/ptolemy/actor/lib/test/auto/matrixType7.xml
----------------- Instantiating /home/travis/build/icyphy/ptII/ptolemy/actor/lib/test/auto/matrixType7.xml
2 ms. Memory: 470016K Free: 262526K (56%)
----------------- Invoking toplevel() on ptolemy.moml.MoMLSimpleApplication@28a4590d
----------------- Done invoking toplevel() on ptolemy.moml.MoMLSimpleApplication@28a4590d
reloadAllAccessors: .matrixType7

===========================================================================================
----------------- testing Tue Nov 05 06:19:05 UTC 2019 /home/travis/build/icyphy/ptII/ptolemy/actor/lib/test/auto/matrixType8.xml
----------------- Instantiating /home/travis/build/icyphy/ptII/ptolemy/actor/lib/test/auto/matrixType8.xml
2 ms. Memory: 470016K Free: 257920K (55%)
----------------- Invoking toplevel() on ptolemy.moml.MoMLSimpleApplication@6fca3dc9
----------------- Done invoking toplevel() on ptolemy.moml.MoMLSimpleApplication@6fca3dc9
reloadAllAccessors: .matrixType8

===========================================================================================
----------------- testing Tue Nov 05 06:19:05 UTC 2019 /home/travis/build/icyphy/ptII/ptolemy/actor/lib/test/auto/matrixType9.xml
----------------- Instantiating /home/travis/build/icyphy/ptII/ptolemy/actor/lib/test/auto/matrixType9.xml
1 ms. Memory: 470016K Free: 252800K (54%)
----------------- Invoking toplevel() on ptolemy.moml.MoMLSimpleApplication@34a43316
----------------- Done invoking toplevel() on ptolemy.moml.MoMLSimpleApplication@34a43316
reloadAllAccessors: .matrixType9

===========================================================================================
----------------- testing Tue Nov 05 06:19:05 UTC 2019 /home/travis/build/icyphy/ptII/ptolemy/actor/lib/test/auto/paraFunctest.xml
----------------- Instantiating /home/travis/build/icyphy/ptII/ptolemy/actor/lib/test/auto/paraFunctest.xml
2 ms. Memory: 470016K Free: 248704K (53%)
----------------- Invoking toplevel() on ptolemy.moml.MoMLSimpleApplication@2e53f45
----------------- Done invoking toplevel() on ptolemy.moml.MoMLSimpleApplication@2e53f45
reloadAllAccessors: .paraFunctest

===========================================================================================
----------------- testing Tue Nov 05 06:19:05 UTC 2019 /home/travis/build/icyphy/ptII/ptolemy/actor/lib/test/auto/paraFunctest2.xml
----------------- Instantiating /home/travis/build/icyphy/ptII/ptolemy/actor/lib/test/auto/paraFunctest2.xml
1 ms. Memory: 470016K Free: 244094K (52%)
----------------- Invoking toplevel() on ptolemy.moml.MoMLSimpleApplication@474cfa2f
----------------- Done invoking toplevel() on ptolemy.moml.MoMLSimpleApplication@474cfa2f
reloadAllAccessors: .paraFunctest2

===========================================================================================
----------------- testing Tue Nov 05 06:19:05 UTC 2019 /home/travis/build/icyphy/ptII/ptolemy/actor/lib/test/auto/parameterPassing.xml
----------------- Instantiating /home/travis/build/icyphy/ptII/ptolemy/actor/lib/test/auto/parameterPassing.xml
1 ms. Memory: 470016K Free: 239998K (51%)
----------------- Invoking toplevel() on ptolemy.moml.MoMLSimpleApplication@38cf6bff
----------------- Done invoking toplevel() on ptolemy.moml.MoMLSimpleApplication@38cf6bff
reloadAllAccessors: .parameterPassing

===========================================================================================
----------------- testing Tue Nov 05 06:19:05 UTC 2019 /home/travis/build/icyphy/ptII/ptolemy/actor/lib/test/auto/record.xml
----------------- Instantiating /home/travis/build/icyphy/ptII/ptolemy/actor/lib/test/auto/record.xml
3 ms. Memory: 470016K Free: 235392K (50%)
----------------- Invoking toplevel() on ptolemy.moml.MoMLSimpleApplication@420d1ac3
----------------- Done invoking toplevel() on ptolemy.moml.MoMLSimpleApplication@420d1ac3
reloadAllAccessors: .record

===========================================================================================
----------------- testing Tue Nov 05 06:19:05 UTC 2019 /home/travis/build/icyphy/ptII/ptolemy/actor/lib/test/auto/sizedarray1.xml
----------------- Instantiating /home/travis/build/icyphy/ptII/ptolemy/actor/lib/test/auto/sizedarray1.xml
1 ms. Memory: 470016K Free: 229758K (49%)
----------------- Invoking toplevel() on ptolemy.moml.MoMLSimpleApplication@7d7f434f
----------------- Done invoking toplevel() on ptolemy.moml.MoMLSimpleApplication@7d7f434f
reloadAllAccessors: .sizedarray1

===========================================================================================
----------------- testing Tue Nov 05 06:19:05 UTC 2019 /home/travis/build/icyphy/ptII/ptolemy/actor/lib/test/auto/sizedarray2.xml
----------------- Instantiating /home/travis/build/icyphy/ptII/ptolemy/actor/lib/test/auto/sizedarray2.xml
3 ms. Memory: 470016K Free: 224638K (48%)
----------------- Invoking toplevel() on ptolemy.moml.MoMLSimpleApplication@3271c6bd
----------------- Done invoking toplevel() on ptolemy.moml.MoMLSimpleApplication@3271c6bd
reloadAllAccessors: .sizedarray2

===========================================================================================
----------------- testing Tue Nov 05 06:19:05 UTC 2019 /home/travis/build/icyphy/ptII/ptolemy/actor/lib/test/auto/twoPublishers.xml
----------------- Instantiating /home/travis/build/icyphy/ptII/ptolemy/actor/lib/test/auto/twoPublishers.xml
8 ms. Memory: 470016K Free: 214398K (46%)
----------------- Invoking toplevel() on ptolemy.moml.MoMLSimpleApplication@1eb67ac3
----------------- Done invoking toplevel() on ptolemy.moml.MoMLSimpleApplication@1eb67ac3
reloadAllAccessors: .twoPublishers
AutoTests.java: About to close Vertx.
AutoTests.java: Vertx closed.
]]></system-out>
  <system-err><![CDATA[java.lang.RuntimeException: Execution failed
	at ptolemy.moml.MoMLSimpleApplication$UnloadThread.run(MoMLSimpleApplication.java:402)
Caused by: java.lang.RuntimeException: StringUtilities.exit() was called. Normally, we would exit here because Manager.exitAfterWrapup() was called.  However, because the ptolemy.ptII.exitAfterWrapup property is set, we throw this exception instead.
	at ptolemy.util.StringUtilities.exit(StringUtilities.java:365)
	at ptolemy.actor.Manager.wrapup(Manager.java:1549)
	at ptolemy.actor.Manager.execute(Manager.java:407)
	at ptolemy.actor.Manager.run(Manager.java:1263)
	at ptolemy.actor.Manager$PtolemyRunThread.run(Manager.java:1933)
Warning: '.top.test' is in training mode, set the trainingMode parameter to false before checking in
Warning: '.top.test' is in training mode, set the trainingMode parameter to false before checking in
Warning: '.top.test' is in training mode, set the trainingMode parameter to false before checking in
Warning: '.BooleanSwitch_RegressionTest_WrongTrainingValues.Test' is in training mode, set the trainingMode parameter to false before checking in
Warning: '.BooleanSwitch_RegressionTest_WrongTrainingValues.Test2' is in training mode, set the trainingMode parameter to false before checking in
Warning: '.BooleanSwitch_RegressionTest_WrongTrainingValues.Test2' The test produced 0 tokens.
Warning: '.top.testExceptionHandler' is in training mode, set the trainingMode parameter to false before checking in
java.lang.RuntimeException: Execution failed
	at ptolemy.moml.MoMLSimpleApplication$UnloadThread.run(MoMLSimpleApplication.java:402)
Caused by: ptolemy.kernel.util.IllegalActionException: PublisherPorts cannot be used at the top level, use a Publisher actor instead.
  in .PublisherPortToplevelSubscriber.PublisherPort
	at ptolemy.actor.PublisherPort.preinitialize(PublisherPort.java:403)
	at ptolemy.actor.CompositeActor.preinitialize(CompositeActor.java:1769)
	at ptolemy.actor.Manager.preinitializeAndResolveTypes(Manager.java:1040)
	at ptolemy.actor.Manager.initialize(Manager.java:710)
	at ptolemy.actor.Manager.execute(Manager.java:356)
	at ptolemy.actor.Manager.run(Manager.java:1263)
	at ptolemy.actor.Manager$PtolemyRunThread.run(Manager.java:1933)
java.lang.reflect.InvocationTargetException
	at java.base/jdk.internal.reflect.NativeConstructorAccessorImpl.newInstance0(Native Method)
	at java.base/jdk.internal.reflect.NativeConstructorAccessorImpl.newInstance(NativeConstructorAccessorImpl.java:62)
	at java.base/jdk.internal.reflect.DelegatingConstructorAccessorImpl.newInstance(DelegatingConstructorAccessorImpl.java:45)
	at java.base/java.lang.reflect.Constructor.newInstance(Constructor.java:490)
	at ptolemy.util.test.junit.AutoKnownFailedTests.RunModel(AutoKnownFailedTests.java:105)
	at java.base/jdk.internal.reflect.NativeMethodAccessorImpl.invoke0(Native Method)
	at java.base/jdk.internal.reflect.NativeMethodAccessorImpl.invoke(NativeMethodAccessorImpl.java:62)
	at java.base/jdk.internal.reflect.DelegatingMethodAccessorImpl.invoke(DelegatingMethodAccessorImpl.java:43)
	at java.base/java.lang.reflect.Method.invoke(Method.java:566)
	at org.junit.runners.model.FrameworkMethod$1.runReflectiveCall(FrameworkMethod.java:44)
	at org.junit.internal.runners.model.ReflectiveCallable.run(ReflectiveCallable.java:15)
	at org.junit.runners.model.FrameworkMethod.invokeExplosively(FrameworkMethod.java:41)
	at junitparams.internal.InvokeParameterisedMethod.evaluate(InvokeParameterisedMethod.java:102)
	at org.junit.internal.runners.statements.FailOnTimeout$1.run(FailOnTimeout.java:28)
Caused by: ptolemy.kernel.util.IllegalActionException: PublisherPorts cannot be used at the top level, use a Publisher actor instead.
  in .PublisherPortToplevelSubscriber.PublisherPort
	at ptolemy.actor.PublisherPort.preinitialize(PublisherPort.java:403)
	at ptolemy.actor.CompositeActor.preinitialize(CompositeActor.java:1769)
	at ptolemy.actor.Manager.preinitializeAndResolveTypes(Manager.java:1040)
	at ptolemy.actor.Manager.initialize(Manager.java:710)
	at ptolemy.actor.Manager.execute(Manager.java:356)
	at ptolemy.actor.Manager.run(Manager.java:1263)
	at ptolemy.actor.Manager$PtolemyRunThread.run(Manager.java:1933)
java.lang.RuntimeException: Execution failed
	at ptolemy.moml.MoMLSimpleApplication$UnloadThread.run(MoMLSimpleApplication.java:402)
Caused by: ptolemy.kernel.util.IllegalActionException: SubscriberPorts cannot be used at the top level, use a Subscriber actor instead.
  in .PublisherSubscriberPortToplevel.SubscriberPort
	at ptolemy.actor.SubscriberPort.preinitialize(SubscriberPort.java:328)
	at ptolemy.actor.CompositeActor.preinitialize(CompositeActor.java:1769)
	at ptolemy.actor.Manager.preinitializeAndResolveTypes(Manager.java:1040)
	at ptolemy.actor.Manager.initialize(Manager.java:710)
	at ptolemy.actor.Manager.execute(Manager.java:356)
	at ptolemy.actor.Manager.run(Manager.java:1263)
	at ptolemy.actor.Manager$PtolemyRunThread.run(Manager.java:1933)
java.lang.reflect.InvocationTargetException
	at java.base/jdk.internal.reflect.NativeConstructorAccessorImpl.newInstance0(Native Method)
	at java.base/jdk.internal.reflect.NativeConstructorAccessorImpl.newInstance(NativeConstructorAccessorImpl.java:62)
	at java.base/jdk.internal.reflect.DelegatingConstructorAccessorImpl.newInstance(DelegatingConstructorAccessorImpl.java:45)
	at java.base/java.lang.reflect.Constructor.newInstance(Constructor.java:490)
	at ptolemy.util.test.junit.AutoKnownFailedTests.RunModel(AutoKnownFailedTests.java:105)
	at java.base/jdk.internal.reflect.NativeMethodAccessorImpl.invoke0(Native Method)
	at java.base/jdk.internal.reflect.NativeMethodAccessorImpl.invoke(NativeMethodAccessorImpl.java:62)
	at java.base/jdk.internal.reflect.DelegatingMethodAccessorImpl.invoke(DelegatingMethodAccessorImpl.java:43)
	at java.base/java.lang.reflect.Method.invoke(Method.java:566)
	at org.junit.runners.model.FrameworkMethod$1.runReflectiveCall(FrameworkMethod.java:44)
	at org.junit.internal.runners.model.ReflectiveCallable.run(ReflectiveCallable.java:15)
	at org.junit.runners.model.FrameworkMethod.invokeExplosively(FrameworkMethod.java:41)
	at junitparams.internal.InvokeParameterisedMethod.evaluate(InvokeParameterisedMethod.java:102)
	at org.junit.internal.runners.statements.FailOnTimeout$1.run(FailOnTimeout.java:28)
Caused by: ptolemy.kernel.util.IllegalActionException: SubscriberPorts cannot be used at the top level, use a Subscriber actor instead.
  in .PublisherSubscriberPortToplevel.SubscriberPort
	at ptolemy.actor.SubscriberPort.preinitialize(SubscriberPort.java:328)
	at ptolemy.actor.CompositeActor.preinitialize(CompositeActor.java:1769)
	at ptolemy.actor.Manager.preinitializeAndResolveTypes(Manager.java:1040)
	at ptolemy.actor.Manager.initialize(Manager.java:710)
	at ptolemy.actor.Manager.execute(Manager.java:356)
	at ptolemy.actor.Manager.run(Manager.java:1263)
	at ptolemy.actor.Manager$PtolemyRunThread.run(Manager.java:1933)
java.lang.RuntimeException: Execution failed
	at ptolemy.moml.MoMLSimpleApplication$UnloadThread.run(MoMLSimpleApplication.java:402)
Caused by: ptolemy.kernel.util.IllegalActionException: SubscriptionAggregatorPorts cannot be used at the top level, use a SubscriptionAggregator actor instead.
  in .PublisherSubscriptionAggregatorPort.SubscriptionAggregatorPort
	at ptolemy.actor.SubscriptionAggregatorPort.preinitialize(SubscriptionAggregatorPort.java:353)
	at ptolemy.actor.CompositeActor.preinitialize(CompositeActor.java:1769)
	at ptolemy.actor.Manager.preinitializeAndResolveTypes(Manager.java:1040)
	at ptolemy.actor.Manager.initialize(Manager.java:710)
	at ptolemy.actor.Manager.execute(Manager.java:356)
	at ptolemy.actor.Manager.run(Manager.java:1263)
	at ptolemy.actor.Manager$PtolemyRunThread.run(Manager.java:1933)
java.lang.reflect.InvocationTargetException
	at java.base/jdk.internal.reflect.NativeConstructorAccessorImpl.newInstance0(Native Method)
	at java.base/jdk.internal.reflect.NativeConstructorAccessorImpl.newInstance(NativeConstructorAccessorImpl.java:62)
	at java.base/jdk.internal.reflect.DelegatingConstructorAccessorImpl.newInstance(DelegatingConstructorAccessorImpl.java:45)
	at java.base/java.lang.reflect.Constructor.newInstance(Constructor.java:490)
	at ptolemy.util.test.junit.AutoKnownFailedTests.RunModel(AutoKnownFailedTests.java:105)
	at java.base/jdk.internal.reflect.NativeMethodAccessorImpl.invoke0(Native Method)
	at java.base/jdk.internal.reflect.NativeMethodAccessorImpl.invoke(NativeMethodAccessorImpl.java:62)
	at java.base/jdk.internal.reflect.DelegatingMethodAccessorImpl.invoke(DelegatingMethodAccessorImpl.java:43)
	at java.base/java.lang.reflect.Method.invoke(Method.java:566)
	at org.junit.runners.model.FrameworkMethod$1.runReflectiveCall(FrameworkMethod.java:44)
	at org.junit.internal.runners.model.ReflectiveCallable.run(ReflectiveCallable.java:15)
	at org.junit.runners.model.FrameworkMethod.invokeExplosively(FrameworkMethod.java:41)
	at junitparams.internal.InvokeParameterisedMethod.evaluate(InvokeParameterisedMethod.java:102)
	at org.junit.internal.runners.statements.FailOnTimeout$1.run(FailOnTimeout.java:28)
Caused by: ptolemy.kernel.util.IllegalActionException: SubscriptionAggregatorPorts cannot be used at the top level, use a SubscriptionAggregator actor instead.
  in .PublisherSubscriptionAggregatorPort.SubscriptionAggregatorPort
	at ptolemy.actor.SubscriptionAggregatorPort.preinitialize(SubscriptionAggregatorPort.java:353)
	at ptolemy.actor.CompositeActor.preinitialize(CompositeActor.java:1769)
	at ptolemy.actor.Manager.preinitializeAndResolveTypes(Manager.java:1040)
	at ptolemy.actor.Manager.initialize(Manager.java:710)
	at ptolemy.actor.Manager.execute(Manager.java:356)
	at ptolemy.actor.Manager.run(Manager.java:1263)
	at ptolemy.actor.Manager$PtolemyRunThread.run(Manager.java:1933)
java.lang.RuntimeException: Execution failed
	at ptolemy.moml.MoMLSimpleApplication$UnloadThread.run(MoMLSimpleApplication.java:402)
Caused by: ptolemy.kernel.util.IllegalActionException: TypeTest actor has no training data.
  in .sizedarray3.TypeTest
	at ptolemy.actor.lib.TypeTest.initialize(TypeTest.java:250)
	at ptolemy.actor.Director.initialize(Director.java:938)
	at ptolemy.actor.Director.initialize(Director.java:907)
	at ptolemy.actor.sched.StaticSchedulingDirector.initialize(StaticSchedulingDirector.java:159)
	at ptolemy.domains.sdf.kernel.SDFDirector.initialize(SDFDirector.java:544)
	at ptolemy.actor.CompositeActor.initialize(CompositeActor.java:935)
	at ptolemy.actor.Manager.initialize(Manager.java:724)
	at ptolemy.actor.Manager.execute(Manager.java:356)
	at ptolemy.actor.Manager.run(Manager.java:1263)
	at ptolemy.actor.Manager$PtolemyRunThread.run(Manager.java:1933)
java.lang.reflect.InvocationTargetException
	at java.base/jdk.internal.reflect.NativeConstructorAccessorImpl.newInstance0(Native Method)
	at java.base/jdk.internal.reflect.NativeConstructorAccessorImpl.newInstance(NativeConstructorAccessorImpl.java:62)
	at java.base/jdk.internal.reflect.DelegatingConstructorAccessorImpl.newInstance(DelegatingConstructorAccessorImpl.java:45)
	at java.base/java.lang.reflect.Constructor.newInstance(Constructor.java:490)
	at ptolemy.util.test.junit.AutoKnownFailedTests.RunModel(AutoKnownFailedTests.java:105)
	at java.base/jdk.internal.reflect.NativeMethodAccessorImpl.invoke0(Native Method)
	at java.base/jdk.internal.reflect.NativeMethodAccessorImpl.invoke(NativeMethodAccessorImpl.java:62)
	at java.base/jdk.internal.reflect.DelegatingMethodAccessorImpl.invoke(DelegatingMethodAccessorImpl.java:43)
	at java.base/java.lang.reflect.Method.invoke(Method.java:566)
	at org.junit.runners.model.FrameworkMethod$1.runReflectiveCall(FrameworkMethod.java:44)
	at org.junit.internal.runners.model.ReflectiveCallable.run(ReflectiveCallable.java:15)
	at org.junit.runners.model.FrameworkMethod.invokeExplosively(FrameworkMethod.java:41)
	at junitparams.internal.InvokeParameterisedMethod.evaluate(InvokeParameterisedMethod.java:102)
	at org.junit.internal.runners.statements.FailOnTimeout$1.run(FailOnTimeout.java:28)
Caused by: ptolemy.kernel.util.IllegalActionException: TypeTest actor has no training data.
  in .sizedarray3.TypeTest
	at ptolemy.actor.lib.TypeTest.initialize(TypeTest.java:250)
	at ptolemy.actor.Director.initialize(Director.java:938)
	at ptolemy.actor.Director.initialize(Director.java:907)
	at ptolemy.actor.sched.StaticSchedulingDirector.initialize(StaticSchedulingDirector.java:159)
	at ptolemy.domains.sdf.kernel.SDFDirector.initialize(SDFDirector.java:544)
	at ptolemy.actor.CompositeActor.initialize(CompositeActor.java:935)
	at ptolemy.actor.Manager.initialize(Manager.java:724)
	at ptolemy.actor.Manager.execute(Manager.java:356)
	at ptolemy.actor.Manager.run(Manager.java:1263)
	at ptolemy.actor.Manager$PtolemyRunThread.run(Manager.java:1933)
]]></system-err>
</testsuite>
