<?xml version="1.0" encoding="UTF-8" ?>
<testsuite errors="0" failures="0" hostname="travis-job-46481b61-e2e1-4de4-8d53-e93f4d136158" name="ptolemy.domains.de.test.junit.JUnitTclTest" skipped="0" tests="101" time="130.457" timestamp="2019-07-15T14:53:18">
  <properties>
    <property name="npm.executable" value="npm" />
    <property name="env.TRAVIS_ROOT" value="/" />
    <property name="ptII.mk.exists" value="true" />
    <property name="env.TRAVIS_APP_HOST" value="build.travis-ci.org" />
    <property name="env.rvm_bin_path" value="/home/travis/.rvm/bin" />
    <property name="java.home" value="/usr/local/lib/jvm/openjdk11" />
    <property name="env.TRAVIS_JOB_NUMBER" value="1240.9" />
    <property name="env.TRAVIS_HOME" value="/home/travis" />
    <property name="env.DISPLAY" value=":99.0" />
    <property name="env.TRAVIS_INIT" value="systemd" />
    <property name="env.SSH_TTY" value="/dev/pts/0" />
    <property name="java.net.preferIPv4Stack" value="true" />
    <property name="env.RUN_TESTS" value="true" />
    <property name="timeout.short" value="1000000" />
    <property name="junit.formatter" value="xml" />
    <property name="env.TRAVIS_SUDO" value="true" />
    <property name="env.TRAVIS_JOB_NAME" value="" />
    <property name="env.TRAVIS_STACK_NODE_ATTRIBUTES" value="/.node-attributes.yml" />
    <property name="env.LOGNAME" value="travis" />
    <property name="jsdoc.home" value="node_modules/@terraswarm/jsdoc" />
    <property name="debuglevel" value="source,lines,vars" />
    <property name="checkstyle.formatter" value="xml" />
    <property name="env._system_version" value="16.04" />
    <property name="bin.vergil.makeable" value="true" />
    <property name="sun.os.patch.level" value="unknown" />
    <property name="java.vendor.url" value="http://java.oracle.com/" />
    <property name="env.TRAVIS_BUILD_WEB_URL" value="https://travis-ci.org/icyphy/ptII/builds/558950340" />
    <property name="java.version" value="11.0.2" />
    <property name="env.TZ" value="UTC" />
    <property name="env.TRAVIS_PULL_REQUEST_SHA" value="" />
    <property name="env.PT_NO_NET" value="true" />
    <property name="env.TRAVIS_SECURE_ENV_VARS" value="true" />
    <property name="env._system_type" value="Linux" />
    <property name="java.vendor.url.bug" value="http://bugreport.java.com/bugreport/" />
    <property name="npmjs-org-is-up" value="true" />
    <property name="env.LANGUAGE" value="en_US.UTF-8" />
    <property name="env.SSH_CLIENT" value="10.10.4.77 45264 22" />
    <property name="env.GEM_HOME" value="/home/travis/.rvm/gems/ruby-2.5.3" />
    <property name="env.HAS_ANTARES_THREE_LITTLE_FRONZIES_BADGE" value="true" />
    <property name="java.version.date" value="2019-01-15" />
    <property name="env.PS4" value="+" />
    <property name="ant.project.invoked-targets" value="build,test.core2.xml" />
    <property name="env.TRAVIS_PULL_REQUEST_BRANCH" value="" />
    <property name="env.TRAVIS_REPO_SLUG" value="icyphy/ptII" />
    <property name="env.XDG_DATA_DIRS" value="/usr/local/share:/usr/share:/var/lib/snapd/desktop" />
    <property name="jdk.debug" value="release" />
    <property name="env.TRAVIS_APT_PROXY" value="http://apt.cache.travis-ci.com" />
    <property name="node.in.path" value="true" />
    <property name="user.name" value="travis" />
    <property name="java.maxmemory" value="1400m" />
    <property name="env.RUBY_VERSION" value="ruby-2.5.3" />
    <property name="env.LANG" value="en_US.UTF-8" />
    <property name="sun.io.unicode.encoding" value="UnicodeLittle" />
    <property name="sun.jnu.encoding" value="UTF-8" />
    <property name="java.runtime.name" value="OpenJDK Runtime Environment" />
    <property name="usefile" value="false" />
    <property name="return.code" value="0" />
    <property name="junit.single.formatter" value="plain" />
    <property name="env.DYLD_LIBRARY_PATH" value="/home/travis/pthla/certi-tools/lib:" />
    <property name="env.DEBIAN_FRONTEND" value="noninteractive" />
    <property name="env.SSH_CONNECTION" value="10.10.4.77 45264 10.20.3.4 22" />
    <property name="env.MYSQL_UNIX_PORT" value="/var/run/mysqld/mysqld.sock" />
    <property name="env.LC_ALL" value="en_US.UTF-8" />
    <property name="env.TRAVIS_ALLOW_FAILURE" value="false" />
    <property name="env.TRAVIS_JOB_WEB_URL" value="https://travis-ci.org/icyphy/ptII/jobs/558950349" />
    <property name="java.specification.name" value="Java Platform API Specification" />
    <property name="node.works" value="true" />
    <property name="user.timezone" value="" />
    <property name="path.separator" value=":" />
    <property name="env.TRAVIS_ENABLE_INFRA_DETECTION" value="true" />
    <property name="env.PYTHON_CFLAGS" value="-g -fstack-protector --param=ssp-buffer-size=4 -Wformat -Werror=format-security" />
    <property name="timeout.long" value="4000000" />
    <property name="env.CERTI_HOME" value="/home/travis/pthla/certi-tools" />
    <property name="ant.file.ptII" value="/home/travis/build/icyphy/ptII/build.xml" />
    <property name="javadoc.packagenames" value="com.*,diva.*,lbnl.*,org.hlacerti.*,org.json.*,org.ptolemy.*,org.terraswarm.*,ptolemy.*,ptserver.*" />
    <property name="file.encoding" value="UTF-8" />
    <property name="env.TRAVIS_PULL_REQUEST_SLUG" value="" />
    <property name="ant.project.default-target" value="build" />
    <property name="env.GIT_ASKPASS" value="echo" />
    <property name="env.HOME" value="/home/travis" />
    <property name="sun.java.command" value="org.apache.tools.ant.taskdefs.optional.junit.JUnitTestRunner ptolemy.domains.de.test.junit.JUnitTclTest skipNonTests=false filtertrace=true haltOnError=false haltOnFailure=false formatter=org.apache.tools.ant.taskdefs.optional.junit.OutErrSummaryJUnitResultFormatter showoutput=true outputtoformatters=true logfailedtests=true threadid=0 logtestlistenerevents=false formatter=org.apache.tools.ant.taskdefs.optional.junit.XMLJUnitResultFormatter,/home/travis/build/icyphy/ptII/reports/junit/TEST-ptolemy.domains.de.test.junit.JUnitTclTest.xml crashfile=/home/travis/build/icyphy/ptII/junitvmwatcher10106424794757495316.properties propsfile=/home/travis/build/icyphy/ptII/junit4132577041395051566.properties" />
    <property name="env.COMPOSER_NO_INTERACTION" value="1" />
    <property name="env.MANPATH" value="/home/travis/.nvm/versions/node/v7.10.1/share/man:/home/travis/.rvm/rubies/ruby-2.5.3/share/man:/usr/local/cmake-3.12.4/man:/usr/local/clang-7.0.0/share/man:/usr/local/man:/usr/local/share/man:/usr/share/man:/home/travis/.rvm/man" />
    <property name="env.TRAVIS_TIMER_ID" value="039d21e3" />
    <property name="ant.file" value="/home/travis/build/icyphy/ptII/build.xml" />
    <property name="env.TRAVIS_COMMIT_RANGE" value="2aee99851cbd...82b8ee24475c" />
    <property name="env._system_name" value="Ubuntu" />
    <property name="ptII.classpath.optional.property" value="/home/travis/build/icyphy/ptII/lib/bsh-2.0b4.jar:/home/travis/build/icyphy/ptII/lib/ptCal.jar:/home/travis/build/icyphy/ptII/lib/java_cup.jar:/home/travis/build/icyphy/ptII/lib/saxon8.jar:/home/travis/build/icyphy/ptII/lib/saxon8-dom.jar:/home/travis/build/icyphy/ptII/lib/chic.jar:/home/travis/build/icyphy/ptII/lib/ptcolt.jar:/home/travis/build/icyphy/ptII/vendors/misc/itext/iText.jar:/home/travis/build/icyphy/ptII/lib/g4ltl.jar:/home/travis/build/icyphy/ptII/lib/StructuralCoder.jar:/home/travis/build/icyphy/ptII/lib/jcerti.jar:/home/travis/build/icyphy/ptII/lib/javax.mail.jar:/home/travis/build/icyphy/ptII/vendors/JMF-2.1.1e/lib/jmf.jar:/home/travis/build/icyphy/ptII/lib/jna-4.0.0-variadic.jar:/home/travis/build/icyphy/ptII/vendors/misc/joystick/Joystick.jar:/home/travis/build/icyphy/ptII/lib/ptjacl.jar:/home/travis/build/icyphy/ptII/lib/jsoup-1.8.2.jar:/home/travis/build/icyphy/ptII/lib/junit-4.8.2.jar:/home/travis/build/icyphy/ptII/lib/JUnitParams-0.4.0.jar:/home/travis/build/icyphy/ptII/ptolemy/actor/lib/excel/jxl.jar:/home/travis/build/icyphy/ptII/lib/jython.jar:/home/travis/build/icyphy/ptII/lib/kieler.jar:/home/travis/build/icyphy/ptII/vendors/opencv/share/OpenCV/java/opencv-341.jar:/home/travis/build/icyphy/ptII/lib/oscP5.jar:/home/travis/build/icyphy/ptII/lib/nrjavaserial-3.11.0.devel.jar:/home/travis/build/icyphy/ptII/vendors/j3d/lib/Linux/j3dcore.jar:/home/travis/build/icyphy/ptII/vendors/j3d/lib/Linux/j3dutils.jar:/home/travis/build/icyphy/ptII/vendors/j3d/lib/Linux/vecmath.jar:/home/travis/build/icyphy/ptII/vendors/jogl/lib/Linux/gluegen-rt-natives-linux-amd64.jar:/home/travis/build/icyphy/ptII/vendors/jogl/lib/Linux/gluegen-rt.jar:/home/travis/build/icyphy/ptII/vendors/jogl/lib/Linux/jogl-all-natives-linux-amd64.jar:/home/travis/build/icyphy/ptII/vendors/jogl/lib/Linux/jogl-all.jar:/home/travis/build/icyphy/ptII/vendors/jogl/lib/natives/linux-amd64/gluegen-rt-natives-linux-amd64.jar:/home/travis/build/icyphy/ptII/vendors/jogl/lib/natives/linux-amd64/jogl-all-natives-linux-amd64.jar:/home/travis/build/icyphy/ptII/ptolemy/distributed/jini/jar/jini-core.jar:/home/travis/build/icyphy/ptII/ptolemy/distributed/jini/jar/jini-ext.jar:/home/travis/build/icyphy/ptII/ptolemy/distributed/jini/jar/sun-util.jar:/home/travis/build/icyphy/ptII/lib/protobuf-java-2.4.1.jar:/home/travis/build/icyphy/ptII/lib/org.eclipse.paho.client.mqttv3.jar:/home/travis/build/icyphy/ptII/lib/mapss.jar:/home/travis/build/icyphy/ptII/ptolemy/actor/ptalon/antlr/antlr.jar:/home/travis/build/icyphy/ptII/lib/JRI.jar:/home/travis/build/icyphy/ptII/lib/commons-lang-2.6.jar:/home/travis/build/icyphy/ptII/lib/commons-logging-1.1.1.jar:/home/travis/build/icyphy/ptII/lib/sootclasses.jar:/home/travis/build/icyphy/ptII/ptolemy/actor/lib/database/mysql-connector-java-5.1.6-bin.jar:/home/travis/build/icyphy/ptII/vendors/misc/sphinx4/sphinx4-data-5prealpha.jar:/home/travis/build/icyphy/ptII/vendors/misc/sphinx4/sphinx4-core-5prealpha.jar:/home/travis/build/icyphy/ptII/lib/PDFRenderer.jar:/home/travis/build/icyphy/ptII/lib/svgSalamander.jar:/home/travis/build/icyphy/ptII/lib/rsyntaxtextarea-2.6.0-SNAPSHOT.jar:/home/travis/build/icyphy/ptII/lib/hazelcast-3.8.2.jar:/home/travis/build/icyphy/ptII/lib/jackson-annotations-2.9.0.jar:/home/travis/build/icyphy/ptII/lib/jackson-core-2.9.3.jar:/home/travis/build/icyphy/ptII/lib/jackson-databind-2.9.3.jar:/home/travis/build/icyphy/ptII/lib/netty-buffer-4.1.19.Final.jar:/home/travis/build/icyphy/ptII/lib/netty-codec-4.1.19.Final.jar:/home/travis/build/icyphy/ptII/lib/netty-codec-dns-4.1.19.Final.jar:/home/travis/build/icyphy/ptII/lib/netty-codec-http-4.1.19.Final.jar:/home/travis/build/icyphy/ptII/lib/netty-codec-http2-4.1.19.Final.jar:/home/travis/build/icyphy/ptII/lib/netty-common-4.1.19.Final.jar:/home/travis/build/icyphy/ptII/lib/netty-handler-4.1.19.Final.jar:/home/travis/build/icyphy/ptII/lib/netty-resolver-4.1.19.Final.jar:/home/travis/build/icyphy/ptII/lib/netty-resolver-dns-4.1.19.Final.jar:/home/travis/build/icyphy/ptII/lib/netty-transport-4.1.19.Final.jar:/home/travis/build/icyphy/ptII/lib/vertx-codegen-3.5.1.jar:/home/travis/build/icyphy/ptII/lib/vertx-core-3.5.2-SNAPSHOT.jar:/home/travis/build/icyphy/ptII/lib/vertx-hazelcast-3.5.1.jar:/home/travis/build/icyphy/ptII/lib/vertx-lang-js-3.5.1.jar:/home/travis/build/icyphy/ptII/lib/vertx-service-proxy-3.5.1.jar:/home/travis/build/icyphy/ptII/lib/vertx-web-3.5.1.jar:/home/travis/build/icyphy/ptII/lib/slf4j-api-1.7.13.jar:/home/travis/build/icyphy/ptII/lib/slf4j-simple-1.7.13.jar:/home/travis/build/icyphy/ptII/lib/webcam-capture-0.3.12.jar:/home/travis/build/icyphy/ptII/lib/bridj-0.7.0.jar:/home/travis/build/icyphy/ptII/lib/xbjlib-1.1.0.nrjavaserial.jar" />
    <property name="timeout" value="2400000" />
    <property name="test.batch" value="**/junit/*.java" />
    <property name="env._" value="/usr/bin/timeout" />
    <property name="java.io.tmpdir" value="/tmp" />
    <property name="user.language" value="en" />
    <property name="env.TRAVIS_INTERNAL_RUBY_REGEX" value="^ruby-(2\.[0-4]\.[0-9]|1\.9\.3)" />
    <property name="env.HISTCONTROL" value="ignoredups:ignorespace" />
    <property name="env.GOROOT" value="/home/travis/.gimme/versions/go1.11.1.linux.amd64" />
    <property name="line.separator" value="&#xa;" />
    <property name="target" value="11" />
    <property name="env.TRAVIS_BUILD_DIR" value="/home/travis/build/icyphy/ptII" />
    <property name="env.ANT_OPTS" value="-Xmx2048m" />
    <property name="ant.file.type" value="file" />
    <property name="ptolemy.ptII.batchMode" value="true" />
    <property name="env.HISTSIZE" value="1000" />
    <property name="env.MERB_ENV" value="test" />
    <property name="java.vm.info" value="mixed mode" />
    <property name="source" value="11" />
    <property name="java.vm.specification.name" value="Java Virtual Machine Specification" />
    <property name="env.TRAVIS_TEST_RESULT" value="0" />
    <property name="jsdoc.command" value="node_modules/@terraswarm/jsdoc/jsdoc.js" />
    <property name="npm.works" value="true" />
    <property name="cobertura.dir" value="/home/travis/build/icyphy/ptII/vendors/cobertura-2.0.3" />
    <property name="jsdoc.command.exists" value="true" />
    <property name="env.rvm_path" value="/home/travis/.rvm" />
    <property name="env.GEM_PATH" value="/home/travis/.rvm/gems/ruby-2.5.3:/home/travis/.rvm/gems/ruby-2.5.3@global" />
    <property name="env.LC_CTYPE" value="en_US.UTF-8" />
    <property name="env.TRAVIS_CMD" value="$PTII/bin/ptIITravisBuild.sh $SECONDS" />
    <property name="java.awt.printerjob" value="sun.print.PSPrinterJob" />
    <property name="env.TRAVIS_STACK_NAME" value="sardonyx" />
    <property name="env.TRAVIS_TIMER_START_TIME" value="1563202149947291268" />
    <property name="ant.version" value="Apache Ant(TM) version 1.10.1 compiled on February 2 2017" />
    <property name="ptII.reports" value="/home/travis/build/icyphy/ptII/reports" />
    <property name="env.TRAVIS_STACK_TIMESTAMP" value="2019-03-25 16:16:56 UTC" />
    <property name="ant.file.type.ptII" value="file" />
    <property name="env.RBENV_SHELL" value="bash" />
    <property name="os.name" value="Linux" />
    <property name="java.specification.vendor" value="Oracle Corporation" />
    <property name="env.rvm_version" value="1.29.7 (latest)" />
    <property name="env.TRAVIS_INFRA" value="gce" />
    <property name="env.TERM" value="xterm" />
    <property name="java.vm.name" value="OpenJDK 64-Bit Server VM" />
    <property name="env.TRAVIS_BUILD_NUMBER" value="1240" />
    <property name="env.CI" value="true" />
    <property name="java.library.path" value="/home/travis/pthla/certi-tools/lib:/usr/lib/jni:/usr/local/share/OpenCV/java/:/usr/share/OpenCV/java::/usr/java/packages/lib:/usr/lib64:/lib64:/lib:/usr/lib" />
    <property name="jdk.module.path" value="/home/travis/build/icyphy/ptII/vendors/javafx/javafx-sdk-11.0.2/lib:" />
    <property name="env.rvm_prefix" value="/home/travis" />
    <property name="env.PATH" value="/home/travis/pthla/certi-tools/share/scripts:/home/travis/.rvm/gems/ruby-2.5.3/bin:/home/travis/.rvm/gems/ruby-2.5.3@global/bin:/home/travis/.rvm/rubies/ruby-2.5.3/bin:/home/travis/.rvm/bin:/home/travis/.nvm/versions/node/v7.10.1/bin:./node_modules/.bin:/home/travis/build/icyphy/ptII/bin:/home/travis/pthla/certi-tools/bin:/home/travis/bin:/home/travis/.local/bin:/usr/local/lib/jvm/openjdk11/bin:/opt/pyenv/shims:/home/travis/.phpenv/shims:/home/travis/perl5/perlbrew/bin:/home/travis/gopath/bin:/home/travis/.gimme/versions/go1.11.1.linux.amd64/bin:/usr/local/maven-3.6.0/bin:/usr/local/cmake-3.12.4/bin:/usr/local/clang-7.0.0/bin:/usr/local/sbin:/usr/local/bin:/usr/sbin:/usr/bin:/sbin:/bin:/snap/bin:/home/travis/.phpenv/bin:/opt/pyenv/bin:/home/travis/.yarn/bin" />
    <property name="env.TRAVIS_OS_NAME" value="linux" />
    <property name="ant.java.version" value="9" />
    <property name="basedir" value="/home/travis/build/icyphy/ptII" />
    <property name="java.class.version" value="55.0" />
    <property name="env.SHLVL" value="3" />
    <property name="env.LD_LIBRARY_PATH" value="/home/travis/pthla/certi-tools/lib:/usr/lib/jni:/usr/local/share/OpenCV/java/:/usr/share/OpenCV/java:" />
    <property name="env.RACK_ENV" value="test" />
    <property name="ant.home" value="/home/travis/build/icyphy/ptII/ant" />
    <property name="env.NVM_DIR" value="/home/travis/.nvm" />
    <property name="env.CERTI_FOM_PATH" value="/home/travis/pthla/certi-tools/share/federations" />
    <property name="env.TRAVIS_BUILD_ID" value="558950340" />
    <property name="env.PYENV_ROOT" value="/opt/pyenv" />
    <property name="env.TRAVIS_UID" value="2000" />
    <property name="prism.verbose" value="true" />
    <property name="env.NVM_BIN" value="/home/travis/.nvm/versions/node/v7.10.1/bin" />
    <property name="env.TRAVIS_COMMIT" value="82b8ee24475c88c899f0c1dc7748b924c3dc2981" />
    <property name="env._system_arch" value="x86_64" />
    <property name="node.executable" value="node" />
    <property name="sun.boot.library.path" value="/usr/local/lib/jvm/openjdk11/lib" />
    <property name="sun.management.compiler" value="HotSpot 64-Bit Tiered Compilers" />
    <property name="java.awt.graphicsenv" value="sun.awt.X11GraphicsEnvironment" />
    <property name="env.GOPATH" value="/home/travis/gopath" />
    <property name="ptolemy.ptII.dir" value="/home/travis/build/icyphy/ptII" />
    <property name="env.USER" value="travis" />
    <property name="env.HISTFILESIZE" value="2000" />
    <property name="timeout.longest" value="19000000" />
    <property name="env.PERLBREW_SHELLRC_VERSION" value="0.86" />
    <property name="env.TRAVIS_STACK_FEATURES" value="basic couchdb disabled-ipv6 docker docker-compose elasticsearch firefox go-toolchain google-chrome jdk memcached mongodb mysql nodejs_interpreter perl_interpreter perlbrew phantomjs postgresql python_interpreter redis ruby_interpreter sqlite xserver" />
    <property name="env.TRAVIS_PULL_REQUEST" value="false" />
    <property name="env.PYENV_SHELL" value="bash" />
    <property name="ant.project.name" value="ptII" />
    <property name="env.ANSI_RESET" value="\033[0m" />
    <property name="java.vm.specification.version" value="11" />
    <property name="env.TRAVIS_DIST" value="xenial" />
    <property name="env.CERTI_VERSION" value="4.0.0" />
    <property name="env.CERTI_HOST" value="localhost" />
    <property name="awt.toolkit" value="sun.awt.X11.XToolkit" />
    <property name="env.MY_RUBY_HOME" value="/home/travis/.rvm/rubies/ruby-2.5.3" />
    <property name="sun.cpu.isalist" value="" />
    <property name="env.TRAVIS_TMPDIR" value="/tmp/tmp.Aszf8p5PlM" />
    <property name="java.vm.compressedOopsMode" value="Zero based" />
    <property name="os.version" value="4.15.0-1028-gcp" />
    <property name="user.home" value="/home/travis" />
    <property name="java.vm.vendor" value="Oracle Corporation" />
    <property name="env.TRAVIS_TAG" value="nightly" />
    <property name="env.ANSI_YELLOW" value="\033[33;1m" />
    <property name="env.TRAVIS_FILTERED" value="redirect_io" />
    <property name="env.ANSI_GREEN" value="\033[32;1m" />
    <property name="env.JAVA_HOME" value="/usr/local/lib/jvm/openjdk11" />
    <property name="javadoc.excludepackagenames" value="adm.cvs2svn.*,build.*,config.*,doc.coding.templates.*,jni.test.jni.meaningOfLife.*,jni.test.jni.testDeux.*,jni.test.jni.testTrois.*,org.terraswarm.accessor.accessors.web.node_modules.*,org.terraswarm.accessor.accessors.web.hosts.cordova.demo.*,org.terraswarm.accessor.accessors.web.hosts.cordova.plugins.*,org.terraswarm.accessor.accessors-svn.*,pt-modules.*,ptolemy.apps.agilent.*,ptolemy.apps.anytimecontrol.*,ptolemy.apps.apes.*,ptolemy.apps.charon.*,ptolemy.apps.crazyboard.*,ptolemy.apps.eclipse.*,ptolemy.apps.etherealSting.*,ptolemy.apps.fullscreen.*,ptolemy.apps.giotto.*,ptolemy.apps.ia.*,ptolemy.apps.interfaces.*,ptolemy.apps.jmf.*,ptolemy.apps.kurt.*,ptolemy.apps.kvm.*,ptolemy.apps.lego.*,ptolemy.apps.lejos.*,ptolemy.apps.midp.*,ptolemy.apps.mobileCoding.*,ptolemy.apps.pendulum.*,ptolemy.apps.rijndael.*,ptolemy.apps.robot.*,ptolemy.apps.security.*,ptolemy.apps.sobel.*,ptolemy.apps.soot.*,ptolemy.apps.throttle.*,ptolemy.apps.tini.*,ptolemy.apps.transmission.*,ptolemy.apps.vergil.*,ptolemy.apps.waba.*,ptolemy.apps.websensor.*,ptolemy.apps.webstart.*,ptolemy.apps.xsl.*,ptolemy.apps.zaurus.*,ptolemy.codegen.c.actor.lib.oldJavaFiles.*,ptolemy.codegen.dsp.lib.*,ptolemy.codegen.kernel.newInterfaces.*,ptolemy.codegen.lib.*,ptolemy.copernicus.kernel.fragment.*,ptolemy.copernicus.shallow.cg.*,ptolemy.domains.giotto.demo.Hierarchy.Hierarchy.*,ptolemy.domains.giotto.demo.Multimode.Multimode.*,ptolemy.domains.giotto.demo.Simple.Simple.*,ptolemy.domains.gr.lib.experimental.*,ptolemy.domains.gro.*,ptolemy.domains.pdf.*,ptolemy.domains.ptinyos.demo.Surge.output.*,ptolemy.moml.test.NoPackageActor.java*,ptolemy.plot.adm.*,ptolemy.plot.servlet.*,reports.*,signed.*,src.*,target.*,vendors.*,ptolemy.copernicus.applet.*,ptolemy.media.viewer.*,ptolemy.actor.corba.*,doc.doclets.*,ptolemy.apps.eclipse.awt.*,ptolemy.backtrack.*,ptolemy.backtrack.ast.*,ptolemy.cg.adapter.generic.program.procedural.c.mbed*,ptolemy.homer.*,ptolemy.actor.lib.jai.*,org.ptolemy.scala.*,diva.util.java2d.svg.*,ptolemy.domains.ptinyos.*,ptolemy.actor.lib.fmi.fmipp.*,,org.terraswarm.accessor.accessors.web.node_modules.*,org.terraswarm.accessor.accessors-svn,ptolemy.apps.*,ptolemy.actor.ptalon.demo.ptinyos.SendAndReceiveCnt.output,ptolemy.actor.ptalon.demo.ptinyos.SenseToLeds.output,ptolemy.domains.ptinyos.demo.CntToLedsAndRfm.output,ptolemy.domains.ptinyos.demo.RfmToLeds.output,ptolemy.domains.ptinyos.demo.SendAndReceiveCnt.output,ptolemy.domains.ptinyos.demo.SenseToLeds.output,ptolemy.actor.lib.jjs.modules.udpSocket.*" />
    <property name="env.PTII" value="/home/travis/build/icyphy/ptII" />
    <property name="env.XDG_SESSION_ID" value="2" />
    <property name="keystore" value="ptKeystore" />
    <property name="env.TRAVIS_COMMIT_MESSAGE" value="Skip running BouncingBall and Gravitation because of internal Java3D problems." />
    <property name="junit.output.dir" value="/home/travis/build/icyphy/ptII/reports/junit" />
    <property name="npm.return.code" value="0" />
    <property name="user.dir" value="/home/travis/build/icyphy/ptII/ptolemy/domains/de/test" />
    <property name="env.TRAVIS_NODE_VERSION" value="7" />
    <property name="env.TRAVIS_EVENT_TYPE" value="push" />
    <property name="env.MAIL" value="/var/mail/travis" />
    <property name="env.PERLBREW_ROOT" value="/home/travis/perl5/perlbrew" />
    <property name="env.PWD" value="/home/travis/build/icyphy/ptII" />
    <property name="timeout.npm" value="45000" />
    <property name="env.PT_TRAVIS_TEST_CORE2_XML" value="true" />
    <property name="env.TRAVIS_ARCH" value="amd64" />
    <property name="sun.cpu.endian" value="little" />
    <property name="env.PAGER" value="cat" />
    <property name="env.TRAVIS_BUILD_STAGE_NAME" value="Test" />
    <property name="env.PERLBREW_HOME" value="/home/travis/.perlbrew" />
    <property name="java.vm.version" value="11.0.2+9" />
    <property name="env.RAILS_ENV" value="test" />
    <property name="java.class.path" value="/home/travis/build/icyphy/ptII:/home/travis/build/icyphy/ptII/lib/bsh-2.0b4.jar:/home/travis/build/icyphy/ptII/lib/ptCal.jar:/home/travis/build/icyphy/ptII/lib/java_cup.jar:/home/travis/build/icyphy/ptII/lib/saxon8.jar:/home/travis/build/icyphy/ptII/lib/saxon8-dom.jar:/home/travis/build/icyphy/ptII/lib/chic.jar:/home/travis/build/icyphy/ptII/lib/ptcolt.jar:/home/travis/build/icyphy/ptII/vendors/misc/itext/iText.jar:/home/travis/build/icyphy/ptII/lib/g4ltl.jar:/home/travis/build/icyphy/ptII/lib/StructuralCoder.jar:/home/travis/build/icyphy/ptII/lib/jcerti.jar:/home/travis/build/icyphy/ptII/lib/javax.mail.jar:/home/travis/build/icyphy/ptII/vendors/JMF-2.1.1e/lib/jmf.jar:/home/travis/build/icyphy/ptII/lib/jna-4.0.0-variadic.jar:/home/travis/build/icyphy/ptII/vendors/misc/joystick/Joystick.jar:/home/travis/build/icyphy/ptII/lib/ptjacl.jar:/home/travis/build/icyphy/ptII/lib/jsoup-1.8.2.jar:/home/travis/build/icyphy/ptII/lib/junit-4.8.2.jar:/home/travis/build/icyphy/ptII/lib/JUnitParams-0.4.0.jar:/home/travis/build/icyphy/ptII/ptolemy/actor/lib/excel/jxl.jar:/home/travis/build/icyphy/ptII/lib/jython.jar:/home/travis/build/icyphy/ptII/lib/kieler.jar:/home/travis/build/icyphy/ptII/vendors/opencv/share/OpenCV/java/opencv-341.jar:/home/travis/build/icyphy/ptII/lib/oscP5.jar:/home/travis/build/icyphy/ptII/lib/nrjavaserial-3.11.0.devel.jar:/home/travis/build/icyphy/ptII/vendors/j3d/lib/Linux/j3dcore.jar:/home/travis/build/icyphy/ptII/vendors/j3d/lib/Linux/j3dutils.jar:/home/travis/build/icyphy/ptII/vendors/j3d/lib/Linux/vecmath.jar:/home/travis/build/icyphy/ptII/vendors/jogl/lib/Linux/gluegen-rt-natives-linux-amd64.jar:/home/travis/build/icyphy/ptII/vendors/jogl/lib/Linux/gluegen-rt.jar:/home/travis/build/icyphy/ptII/vendors/jogl/lib/Linux/jogl-all-natives-linux-amd64.jar:/home/travis/build/icyphy/ptII/vendors/jogl/lib/Linux/jogl-all.jar:/home/travis/build/icyphy/ptII/vendors/jogl/lib/natives/linux-amd64/gluegen-rt-natives-linux-amd64.jar:/home/travis/build/icyphy/ptII/vendors/jogl/lib/natives/linux-amd64/jogl-all-natives-linux-amd64.jar:/home/travis/build/icyphy/ptII/ptolemy/distributed/jini/jar/jini-core.jar:/home/travis/build/icyphy/ptII/ptolemy/distributed/jini/jar/jini-ext.jar:/home/travis/build/icyphy/ptII/ptolemy/distributed/jini/jar/sun-util.jar:/home/travis/build/icyphy/ptII/lib/protobuf-java-2.4.1.jar:/home/travis/build/icyphy/ptII/lib/org.eclipse.paho.client.mqttv3.jar:/home/travis/build/icyphy/ptII/lib/mapss.jar:/home/travis/build/icyphy/ptII/ptolemy/actor/ptalon/antlr/antlr.jar:/home/travis/build/icyphy/ptII/lib/JRI.jar:/home/travis/build/icyphy/ptII/lib/commons-lang-2.6.jar:/home/travis/build/icyphy/ptII/lib/commons-logging-1.1.1.jar:/home/travis/build/icyphy/ptII/lib/sootclasses.jar:/home/travis/build/icyphy/ptII/ptolemy/actor/lib/database/mysql-connector-java-5.1.6-bin.jar:/home/travis/build/icyphy/ptII/vendors/misc/sphinx4/sphinx4-data-5prealpha.jar:/home/travis/build/icyphy/ptII/vendors/misc/sphinx4/sphinx4-core-5prealpha.jar:/home/travis/build/icyphy/ptII/lib/PDFRenderer.jar:/home/travis/build/icyphy/ptII/lib/svgSalamander.jar:/home/travis/build/icyphy/ptII/lib/rsyntaxtextarea-2.6.0-SNAPSHOT.jar:/home/travis/build/icyphy/ptII/lib/hazelcast-3.8.2.jar:/home/travis/build/icyphy/ptII/lib/jackson-annotations-2.9.0.jar:/home/travis/build/icyphy/ptII/lib/jackson-core-2.9.3.jar:/home/travis/build/icyphy/ptII/lib/jackson-databind-2.9.3.jar:/home/travis/build/icyphy/ptII/lib/netty-buffer-4.1.19.Final.jar:/home/travis/build/icyphy/ptII/lib/netty-codec-4.1.19.Final.jar:/home/travis/build/icyphy/ptII/lib/netty-codec-dns-4.1.19.Final.jar:/home/travis/build/icyphy/ptII/lib/netty-codec-http-4.1.19.Final.jar:/home/travis/build/icyphy/ptII/lib/netty-codec-http2-4.1.19.Final.jar:/home/travis/build/icyphy/ptII/lib/netty-common-4.1.19.Final.jar:/home/travis/build/icyphy/ptII/lib/netty-handler-4.1.19.Final.jar:/home/travis/build/icyphy/ptII/lib/netty-resolver-4.1.19.Final.jar:/home/travis/build/icyphy/ptII/lib/netty-resolver-dns-4.1.19.Final.jar:/home/travis/build/icyphy/ptII/lib/netty-transport-4.1.19.Final.jar:/home/travis/build/icyphy/ptII/lib/vertx-codegen-3.5.1.jar:/home/travis/build/icyphy/ptII/lib/vertx-core-3.5.2-SNAPSHOT.jar:/home/travis/build/icyphy/ptII/lib/vertx-hazelcast-3.5.1.jar:/home/travis/build/icyphy/ptII/lib/vertx-lang-js-3.5.1.jar:/home/travis/build/icyphy/ptII/lib/vertx-service-proxy-3.5.1.jar:/home/travis/build/icyphy/ptII/lib/vertx-web-3.5.1.jar:/home/travis/build/icyphy/ptII/lib/slf4j-api-1.7.13.jar:/home/travis/build/icyphy/ptII/lib/slf4j-simple-1.7.13.jar:/home/travis/build/icyphy/ptII/lib/webcam-capture-0.3.12.jar:/home/travis/build/icyphy/ptII/lib/bridj-0.7.0.jar:/home/travis/build/icyphy/ptII/lib/xbjlib-1.1.0.nrjavaserial.jar:/home/travis/build/icyphy/ptII/ptolemy/moml/test:/home/travis/build/icyphy/ptII/ant/lib/ant-launcher.jar:/home/travis/build/icyphy/ptII/ant/lib/ant.jar:/home/travis/build/icyphy/ptII/ant/lib/ant-junit.jar:/home/travis/build/icyphy/ptII/ant/lib/ant-junit4.jar" />
    <property name="ant.library.dir" value="/home/travis/build/icyphy/ptII/ant/lib" />
    <property name="os.arch" value="amd64" />
    <property name="env.CONTINUOUS_INTEGRATION" value="true" />
    <property name="env.TRAVIS_LANGUAGE" value="node_js" />
    <property name="env.TRAVIS_STACK_LANGUAGES" value="__sardonyx__ c c++ clojure cplusplus cpp default generic go groovy java node_js php pure_java python ruby scala" />
    <property name="test.name" value="ptolemy.actor.lib.test.junit.JUnitTclTest" />
    <property name="env.APT_KEY_DONT_WARN_ON_DANGEROUS_USAGE" value="1" />
    <property name="sun.java.launcher" value="SUN_STANDARD" />
    <property name="env.PYTHON_CONFIGURE_OPTS" value="--enable-unicode=ucs4 --with-wide-unicode --enable-shared --enable-ipv6 --enable-loadable-sqlite-extensions --with-computed-gotos" />
    <property name="ant.core.lib" value="/home/travis/build/icyphy/ptII/ant/lib/ant.jar" />
    <property name="java.vm.specification.vendor" value="Oracle Corporation" />
    <property name="env.BCVTB_HOME" value="/home/travis/build/icyphy/ptII/lbnl" />
    <property name="file.separator" value="/" />
    <property name="spotbugs.home" value="/home/travis/build/icyphy/ptII/vendors/spotbugs-3.1.1" />
    <property name="java.runtime.version" value="11.0.2+9" />
    <property name="env.ANSI_CLEAR" value="\033[0K" />
    <property name="javafx.verbose" value="true" />
    <property name="env.HAS_JOSH_K_SEAL_OF_APPROVAL" value="true" />
    <property name="env.XDG_RUNTIME_DIR" value="/run/user/2000" />
    <property name="env.TRAVIS_OSX_IMAGE" value="" />
    <property name="env.TRAVIS_JOB_ID" value="558950349" />
    <property name="env.TRAVIS_BRANCH" value="master" />
    <property name="user.country" value="US" />
    <property name="env.CERTI_HOME_TRAVIS" value="/home/travis/pthla/certi-tools" />
    <property name="env.SHELL" value="/bin/bash" />
    <property name="java.maxmemory.large" value="8000m" />
    <property name="model" value="" />
    <property name="env.CASHER_DIR" value="/home/travis/.casher" />
    <property name="env.NVM_CD_FLAGS" value="" />
    <property name="java.vendor.version" value="18.9" />
    <property name="jshint.executable" value="/home/travis/node_modules/jshint/bin/jshint" />
    <property name="env.JRUBY_OPTS" value=" --client -J-XX:+TieredCompilation -J-XX:TieredStopAtLevel=1 -J-Xss2m -Xcompile.invokedynamic=false" />
    <property name="java.vendor" value="Oracle Corporation" />
    <property name="env.TRAVIS_PRE_CHEF_BOOTSTRAP_TIME" value="2019-03-25T16:16:42" />
    <property name="env.TRAVIS_STACK_JOB_BOARD_REGISTER" value="/.job-board-register.yml" />
    <property name="env.ANSI_RED" value="\033[31;1m" />
    <property name="java.specification.version" value="11" />
    <property name="env.IRBRC" value="/home/travis/.rvm/rubies/ruby-2.5.3/.irbrc" />
    <property name="env.TRAVIS" value="true" />
    <property name="sun.arch.data.model" value="64" />
  </properties>
  <testcase classname="ptolemy.util.test.junit.TclTests" name="[0] /home/travis/build/icyphy/ptII/ptolemy/domains/de/test/DependencyLoop.tcl (RunTclFile)" time="1.036" />
  <testcase classname="ptolemy.util.test.junit.TclTests" name="[1] /home/travis/build/icyphy/ptII/ptolemy/domains/de/test/RunDETestsAsQSS.tcl (RunTclFile)" time="87.526" />
  <testcase classname="ptolemy.util.test.junit.AutoKnownFailedTests" name="[0] /home/travis/build/icyphy/ptII/ptolemy/domains/de/test/auto/knownFailedTests/DESDFClockTest.xml (RunModel)" time="2.063" />
  <testcase classname="ptolemy.util.test.junit.AutoKnownFailedTests" name="[1] /home/travis/build/icyphy/ptII/ptolemy/domains/de/test/auto/knownFailedTests/DirectFeedback.xml (RunModel)" time="0.019" />
  <testcase classname="ptolemy.util.test.junit.AutoKnownFailedTests" name="[2] /home/travis/build/icyphy/ptII/ptolemy/domains/de/test/auto/knownFailedTests/FSMSource.xml (RunModel)" time="0.027" />
  <testcase classname="ptolemy.util.test.junit.AutoKnownFailedTests" name="[3] /home/travis/build/icyphy/ptII/ptolemy/domains/de/test/auto/knownFailedTests/HierarchicalModel.xml (RunModel)" time="0.048" />
  <testcase classname="ptolemy.util.test.junit.AutoKnownFailedTests" name="[4] /home/travis/build/icyphy/ptII/ptolemy/domains/de/test/auto/knownFailedTests/dependencyLoop.xml (RunModel)" time="0.05" />
  <testcase classname="ptolemy.util.test.junit.AutoKnownFailedTests" name="[5] /home/travis/build/icyphy/ptII/ptolemy/domains/de/test/auto/knownFailedTests/dependencyLoop2.xml (RunModel)" time="0.046" />
  <testcase classname="ptolemy.util.test.junit.AutoNameArchTests" name="[0] ThereAreNoAutoArchTests (RunModel)" time="0.001" />
  <testcase classname="ptolemy.util.test.junit.AutoTests" name="[0] /home/travis/build/icyphy/ptII/ptolemy/domains/de/test/auto/ActorDepthCalculation_actorWithoutPorts.xml (RunModel)" time="0.014" />
  <testcase classname="ptolemy.util.test.junit.AutoTests" name="[1] /home/travis/build/icyphy/ptII/ptolemy/domains/de/test/auto/AssemblyLine.xml (RunModel)" time="0.019" />
  <testcase classname="ptolemy.util.test.junit.AutoTests" name="[2] /home/travis/build/icyphy/ptII/ptolemy/domains/de/test/auto/CQBug1.xml (RunModel)" time="0.01" />
  <testcase classname="ptolemy.util.test.junit.AutoTests" name="[3] /home/travis/build/icyphy/ptII/ptolemy/domains/de/test/auto/CancelFireAt.xml (RunModel)" time="0.006" />
  <testcase classname="ptolemy.util.test.junit.AutoTests" name="[4] /home/travis/build/icyphy/ptII/ptolemy/domains/de/test/auto/CausalityAndComposabilityAnalysis.xml (RunModel)" time="0.013" />
  <testcase classname="ptolemy.util.test.junit.AutoTests" name="[5] /home/travis/build/icyphy/ptII/ptolemy/domains/de/test/auto/CausalityInterface1.xml (RunModel)" time="0.019" />
  <testcase classname="ptolemy.util.test.junit.AutoTests" name="[6] /home/travis/build/icyphy/ptII/ptolemy/domains/de/test/auto/CausalityInterface15.xml (RunModel)" time="0.021" />
  <testcase classname="ptolemy.util.test.junit.AutoTests" name="[7] /home/travis/build/icyphy/ptII/ptolemy/domains/de/test/auto/CausalityInterface2.xml (RunModel)" time="0.027" />
  <testcase classname="ptolemy.util.test.junit.AutoTests" name="[8] /home/travis/build/icyphy/ptII/ptolemy/domains/de/test/auto/CausalityInterface3.xml (RunModel)" time="0.015" />
  <testcase classname="ptolemy.util.test.junit.AutoTests" name="[9] /home/travis/build/icyphy/ptII/ptolemy/domains/de/test/auto/ClockDrift.xml (RunModel)" time="0.037" />
  <testcase classname="ptolemy.util.test.junit.AutoTests" name="[10] /home/travis/build/icyphy/ptII/ptolemy/domains/de/test/auto/ClockDriftAndValueChange.xml (RunModel)" time="0.036" />
  <testcase classname="ptolemy.util.test.junit.AutoTests" name="[11] /home/travis/build/icyphy/ptII/ptolemy/domains/de/test/auto/ClockDriftChange.xml (RunModel)" time="0.033" />
  <testcase classname="ptolemy.util.test.junit.AutoTests" name="[12] /home/travis/build/icyphy/ptII/ptolemy/domains/de/test/auto/ComposableCausalityAnalysis.xml (RunModel)" time="0.015" />
  <testcase classname="ptolemy.util.test.junit.AutoTests" name="[13] /home/travis/build/icyphy/ptII/ptolemy/domains/de/test/auto/DEFixedPointLimitation.xml (RunModel)" time="0.013" />
  <testcase classname="ptolemy.util.test.junit.AutoTests" name="[14] /home/travis/build/icyphy/ptII/ptolemy/domains/de/test/auto/DEScheduleTest.xml (RunModel)" time="0.013" />
  <testcase classname="ptolemy.util.test.junit.AutoTests" name="[15] /home/travis/build/icyphy/ptII/ptolemy/domains/de/test/auto/DEinDEwithStartTimes.xml (RunModel)" time="0.014" />
  <testcase classname="ptolemy.util.test.junit.AutoTests" name="[16] /home/travis/build/icyphy/ptII/ptolemy/domains/de/test/auto/DEinDEwithStartTimes2.xml (RunModel)" time="0.018" />
  <testcase classname="ptolemy.util.test.junit.AutoTests" name="[17] /home/travis/build/icyphy/ptII/ptolemy/domains/de/test/auto/DateDemo.xml (RunModel)" time="0.039" />
  <testcase classname="ptolemy.util.test.junit.AutoTests" name="[18] /home/travis/build/icyphy/ptII/ptolemy/domains/de/test/auto/DateToEvent.xml (RunModel)" time="2.04" />
  <testcase classname="ptolemy.util.test.junit.AutoTests" name="[19] /home/travis/build/icyphy/ptII/ptolemy/domains/de/test/auto/DepthTest1.xml (RunModel)" time="0.015" />
  <testcase classname="ptolemy.util.test.junit.AutoTests" name="[20] /home/travis/build/icyphy/ptII/ptolemy/domains/de/test/auto/DepthTest2.xml (RunModel)" time="0.023" />
  <testcase classname="ptolemy.util.test.junit.AutoTests" name="[21] /home/travis/build/icyphy/ptII/ptolemy/domains/de/test/auto/DepthTest3.xml (RunModel)" time="0.01" />
  <testcase classname="ptolemy.util.test.junit.AutoTests" name="[22] /home/travis/build/icyphy/ptII/ptolemy/domains/de/test/auto/DepthTest4.xml (RunModel)" time="0.022" />
  <testcase classname="ptolemy.util.test.junit.AutoTests" name="[23] /home/travis/build/icyphy/ptII/ptolemy/domains/de/test/auto/DepthTest5.xml (RunModel)" time="0.012" />
  <testcase classname="ptolemy.util.test.junit.AutoTests" name="[24] /home/travis/build/icyphy/ptII/ptolemy/domains/de/test/auto/DepthTest6.xml (RunModel)" time="0.012" />
  <testcase classname="ptolemy.util.test.junit.AutoTests" name="[25] /home/travis/build/icyphy/ptII/ptolemy/domains/de/test/auto/DepthTest7.xml (RunModel)" time="0.019" />
  <testcase classname="ptolemy.util.test.junit.AutoTests" name="[26] /home/travis/build/icyphy/ptII/ptolemy/domains/de/test/auto/EventToDate.xml (RunModel)" time="3.047" />
  <testcase classname="ptolemy.util.test.junit.AutoTests" name="[27] /home/travis/build/icyphy/ptII/ptolemy/domains/de/test/auto/FSM1.xml (RunModel)" time="0.037" />
  <testcase classname="ptolemy.util.test.junit.AutoTests" name="[28] /home/travis/build/icyphy/ptII/ptolemy/domains/de/test/auto/FSM7.xml (RunModel)" time="0.044" />
  <testcase classname="ptolemy.util.test.junit.AutoTests" name="[29] /home/travis/build/icyphy/ptII/ptolemy/domains/de/test/auto/Inspection.xml (RunModel)" time="0.043" />
  <testcase classname="ptolemy.util.test.junit.AutoTests" name="[30] /home/travis/build/icyphy/ptII/ptolemy/domains/de/test/auto/Iteration.xml (RunModel)" time="0.025" />
  <testcase classname="ptolemy.util.test.junit.AutoTests" name="[31] /home/travis/build/icyphy/ptII/ptolemy/domains/de/test/auto/LineFault.xml (RunModel)" time="0.621" />
  <testcase classname="ptolemy.util.test.junit.AutoTests" name="[32] /home/travis/build/icyphy/ptII/ptolemy/domains/de/test/auto/MergeModel1Add.xml (RunModel)" time="0.052" />
  <testcase classname="ptolemy.util.test.junit.AutoTests" name="[33] /home/travis/build/icyphy/ptII/ptolemy/domains/de/test/auto/MergeModel2Add.xml (RunModel)" time="0.039" />
  <testcase classname="ptolemy.util.test.junit.AutoTests" name="[34] /home/travis/build/icyphy/ptII/ptolemy/domains/de/test/auto/MergeModel3Add.xml (RunModel)" time="0.042" />
  <testcase classname="ptolemy.util.test.junit.AutoTests" name="[35] /home/travis/build/icyphy/ptII/ptolemy/domains/de/test/auto/MergeWithoutDiscard.xml (RunModel)" time="0.026" />
  <testcase classname="ptolemy.util.test.junit.AutoTests" name="[36] /home/travis/build/icyphy/ptII/ptolemy/domains/de/test/auto/Modal1.xml (RunModel)" time="0.027" />
  <testcase classname="ptolemy.util.test.junit.AutoTests" name="[37] /home/travis/build/icyphy/ptII/ptolemy/domains/de/test/auto/Modal2.xml (RunModel)" time="0.033" />
  <testcase classname="ptolemy.util.test.junit.AutoTests" name="[38] /home/travis/build/icyphy/ptII/ptolemy/domains/de/test/auto/Modal3.xml (RunModel)" time="0.031" />
  <testcase classname="ptolemy.util.test.junit.AutoTests" name="[39] /home/travis/build/icyphy/ptII/ptolemy/domains/de/test/auto/Modal4.xml (RunModel)" time="0.038" />
  <testcase classname="ptolemy.util.test.junit.AutoTests" name="[40] /home/travis/build/icyphy/ptII/ptolemy/domains/de/test/auto/Modal5.xml (RunModel)" time="0.043" />
  <testcase classname="ptolemy.util.test.junit.AutoTests" name="[41] /home/travis/build/icyphy/ptII/ptolemy/domains/de/test/auto/Modal6.xml (RunModel)" time="0.036" />
  <testcase classname="ptolemy.util.test.junit.AutoTests" name="[42] /home/travis/build/icyphy/ptII/ptolemy/domains/de/test/auto/Modal7.xml (RunModel)" time="0.032" />
  <testcase classname="ptolemy.util.test.junit.AutoTests" name="[43] /home/travis/build/icyphy/ptII/ptolemy/domains/de/test/auto/ModalModel.xml (RunModel)" time="0.183" />
  <testcase classname="ptolemy.util.test.junit.AutoTests" name="[44] /home/travis/build/icyphy/ptII/ptolemy/domains/de/test/auto/ModalSource.xml (RunModel)" time="0.023" />
  <testcase classname="ptolemy.util.test.junit.AutoTests" name="[45] /home/travis/build/icyphy/ptII/ptolemy/domains/de/test/auto/NonInterruptibleTimerZeroDelay.xml (RunModel)" time="0.014" />
  <testcase classname="ptolemy.util.test.junit.AutoTests" name="[46] /home/travis/build/icyphy/ptII/ptolemy/domains/de/test/auto/OpenQueueingNetwork.xml (RunModel)" time="2.606" />
  <testcase classname="ptolemy.util.test.junit.AutoTests" name="[47] /home/travis/build/icyphy/ptII/ptolemy/domains/de/test/auto/OpenQueuingNetwork.xml (RunModel)" time="0.276" />
  <testcase classname="ptolemy.util.test.junit.AutoTests" name="[48] /home/travis/build/icyphy/ptII/ptolemy/domains/de/test/auto/PeriodicSampler.xml (RunModel)" time="0.008" />
  <testcase classname="ptolemy.util.test.junit.AutoTests" name="[49] /home/travis/build/icyphy/ptII/ptolemy/domains/de/test/auto/PersistentIO.xml (RunModel)" time="0.021" />
  <testcase classname="ptolemy.util.test.junit.AutoTests" name="[50] /home/travis/build/icyphy/ptII/ptolemy/domains/de/test/auto/PortParameterResetOnInitialize.xml (RunModel)" time="0.011" />
  <testcase classname="ptolemy.util.test.junit.AutoTests" name="[51] /home/travis/build/icyphy/ptII/ptolemy/domains/de/test/auto/PortParameterUpdates.xml (RunModel)" time="0.016" />
  <testcase classname="ptolemy.util.test.junit.AutoTests" name="[52] /home/travis/build/icyphy/ptII/ptolemy/domains/de/test/auto/QueueAndServer.xml (RunModel)" time="0.022" />
  <testcase classname="ptolemy.util.test.junit.AutoTests" name="[53] /home/travis/build/icyphy/ptII/ptolemy/domains/de/test/auto/Records.xml (RunModel)" time="0.024" />
  <testcase classname="ptolemy.util.test.junit.AutoTests" name="[54] /home/travis/build/icyphy/ptII/ptolemy/domains/de/test/auto/ResetTransitionWithStartTime1.xml (RunModel)" time="0.02" />
  <testcase classname="ptolemy.util.test.junit.AutoTests" name="[55] /home/travis/build/icyphy/ptII/ptolemy/domains/de/test/auto/ResetTransitionWithStartTime2.xml (RunModel)" time="0.018" />
  <testcase classname="ptolemy.util.test.junit.AutoTests" name="[56] /home/travis/build/icyphy/ptII/ptolemy/domains/de/test/auto/ResetTransitionWithStartTime3.xml (RunModel)" time="0.026" />
  <testcase classname="ptolemy.util.test.junit.AutoTests" name="[57] /home/travis/build/icyphy/ptII/ptolemy/domains/de/test/auto/ResetTransitionWithStartTime4.xml (RunModel)" time="0.017" />
  <testcase classname="ptolemy.util.test.junit.AutoTests" name="[58] /home/travis/build/icyphy/ptII/ptolemy/domains/de/test/auto/ResettableTimer1.xml (RunModel)" time="0.01" />
  <testcase classname="ptolemy.util.test.junit.AutoTests" name="[59] /home/travis/build/icyphy/ptII/ptolemy/domains/de/test/auto/ResettableTimer2.xml (RunModel)" time="0.009" />
  <testcase classname="ptolemy.util.test.junit.AutoTests" name="[60] /home/travis/build/icyphy/ptII/ptolemy/domains/de/test/auto/ResettableTimer3.xml (RunModel)" time="0.008" />
  <testcase classname="ptolemy.util.test.junit.AutoTests" name="[61] /home/travis/build/icyphy/ptII/ptolemy/domains/de/test/auto/ResettableTimer4.xml (RunModel)" time="0.011" />
  <testcase classname="ptolemy.util.test.junit.AutoTests" name="[62] /home/travis/build/icyphy/ptII/ptolemy/domains/de/test/auto/ResettableTimer5.xml (RunModel)" time="0.008" />
  <testcase classname="ptolemy.util.test.junit.AutoTests" name="[63] /home/travis/build/icyphy/ptII/ptolemy/domains/de/test/auto/ResettableTimer6.xml (RunModel)" time="0.015" />
  <testcase classname="ptolemy.util.test.junit.AutoTests" name="[64] /home/travis/build/icyphy/ptII/ptolemy/domains/de/test/auto/ServerZeroDelay.xml (RunModel)" time="0.011" />
  <testcase classname="ptolemy.util.test.junit.AutoTests" name="[65] /home/travis/build/icyphy/ptII/ptolemy/domains/de/test/auto/SmartSender.xml (RunModel)" time="3.009" />
  <testcase classname="ptolemy.util.test.junit.AutoTests" name="[66] /home/travis/build/icyphy/ptII/ptolemy/domains/de/test/auto/ThreadedComposite.xml (RunModel)" time="0.127" />
  <testcase classname="ptolemy.util.test.junit.AutoTests" name="[67] /home/travis/build/icyphy/ptII/ptolemy/domains/de/test/auto/Time.xml (RunModel)" time="0.423" />
  <testcase classname="ptolemy.util.test.junit.AutoTests" name="[68] /home/travis/build/icyphy/ptII/ptolemy/domains/de/test/auto/TimeDelayZeroDelay.xml (RunModel)" time="0.013" />
  <testcase classname="ptolemy.util.test.junit.AutoTests" name="[69] /home/travis/build/icyphy/ptII/ptolemy/domains/de/test/auto/TimerZeroDelay.xml (RunModel)" time="0.011" />
  <testcase classname="ptolemy.util.test.junit.AutoTests" name="[70] /home/travis/build/icyphy/ptII/ptolemy/domains/de/test/auto/TimingParadox.xml (RunModel)" time="0.341" />
  <testcase classname="ptolemy.util.test.junit.AutoTests" name="[71] /home/travis/build/icyphy/ptII/ptolemy/domains/de/test/auto/TransferInputs.xml (RunModel)" time="0.016" />
  <testcase classname="ptolemy.util.test.junit.AutoTests" name="[72] /home/travis/build/icyphy/ptII/ptolemy/domains/de/test/auto/TransferOutputs2.xml (RunModel)" time="0.017" />
  <testcase classname="ptolemy.util.test.junit.AutoTests" name="[73] /home/travis/build/icyphy/ptII/ptolemy/domains/de/test/auto/Trilateration.xml (RunModel)" time="12.568" />
  <testcase classname="ptolemy.util.test.junit.AutoTests" name="[74] /home/travis/build/icyphy/ptII/ptolemy/domains/de/test/auto/TwoSigmaDelta.xml (RunModel)" time="2.405" />
  <testcase classname="ptolemy.util.test.junit.AutoTests" name="[75] /home/travis/build/icyphy/ptII/ptolemy/domains/de/test/auto/VariableDelay.xml (RunModel)" time="0.015" />
  <testcase classname="ptolemy.util.test.junit.AutoTests" name="[76] /home/travis/build/icyphy/ptII/ptolemy/domains/de/test/auto/VariableDelay2.xml (RunModel)" time="0.015" />
  <testcase classname="ptolemy.util.test.junit.AutoTests" name="[77] /home/travis/build/icyphy/ptII/ptolemy/domains/de/test/auto/VariableDelayZeroDelay.xml (RunModel)" time="0.013" />
  <testcase classname="ptolemy.util.test.junit.AutoTests" name="[78] /home/travis/build/icyphy/ptII/ptolemy/domains/de/test/auto/VariableDelayZeroDelay2.xml (RunModel)" time="0.009" />
  <testcase classname="ptolemy.util.test.junit.AutoTests" name="[79] /home/travis/build/icyphy/ptII/ptolemy/domains/de/test/auto/deInCt.xml (RunModel)" time="0.031" />
  <testcase classname="ptolemy.util.test.junit.AutoTests" name="[80] /home/travis/build/icyphy/ptII/ptolemy/domains/de/test/auto/deInCt2.xml (RunModel)" time="0.016" />
  <testcase classname="ptolemy.util.test.junit.AutoTests" name="[81] /home/travis/build/icyphy/ptII/ptolemy/domains/de/test/auto/dynamicCausalityInterface1.xml (RunModel)" time="0.019" />
  <testcase classname="ptolemy.util.test.junit.AutoTests" name="[82] /home/travis/build/icyphy/ptII/ptolemy/domains/de/test/auto/fsm_de_test.xml (RunModel)" time="0.025" />
  <testcase classname="ptolemy.util.test.junit.AutoTests" name="[83] /home/travis/build/icyphy/ptII/ptolemy/domains/de/test/auto/functionDependencyReconstruction.xml (RunModel)" time="0.029" />
  <testcase classname="ptolemy.util.test.junit.AutoTests" name="[84] /home/travis/build/icyphy/ptII/ptolemy/domains/de/test/auto/multirate.xml (RunModel)" time="0.014" />
  <testcase classname="ptolemy.util.test.junit.AutoTests" name="[85] /home/travis/build/icyphy/ptII/ptolemy/domains/de/test/auto/multirate2.xml (RunModel)" time="0.013" />
  <testcase classname="ptolemy.util.test.junit.AutoTests" name="[86] /home/travis/build/icyphy/ptII/ptolemy/domains/de/test/auto/realtime.xml (RunModel)" time="10.009" />
  <testcase classname="ptolemy.util.test.junit.AutoTests" name="[87] /home/travis/build/icyphy/ptII/ptolemy/domains/de/test/auto/relationGroup.xml (RunModel)" time="0.017" />
  <testcase classname="ptolemy.util.test.junit.AutoTests" name="[88] /home/travis/build/icyphy/ptII/ptolemy/domains/de/test/auto/relationGroup2.xml (RunModel)" time="0.012" />
  <testcase classname="ptolemy.util.test.junit.AutoTests" name="[89] /home/travis/build/icyphy/ptII/ptolemy/domains/de/test/auto/sortWithOpaquePorts.xml (RunModel)" time="0.016" />
  <testcase classname="ptolemy.util.test.junit.AutoTests" name="[90] /home/travis/build/icyphy/ptII/ptolemy/domains/de/test/auto/transferInputsandOutputs.xml (RunModel)" time="0.019" />
  <testcase classname="ptolemy.util.test.junit.AutoTests" name="[91] /home/travis/build/icyphy/ptII/ptolemy/domains/de/test/auto/triggerType.xml (RunModel)" time="0.009" />
  <system-out><![CDATA[/home/travis/build/icyphy/ptII/ptolemy/domains/de/test/DependencyLoop.tcl
testDefs.tcl: setting time out to 9000 seconds at Mon Jul 15 14:53:19 UTC 2019
84 ms. Memory: 120832K Free: 71620K (59%)
29 ms. Memory: 120832K Free: 54212K (45%)
/home/travis/build/icyphy/ptII/ptolemy/domains/de/test/RunDETestsAsQSS.tcl
Run the DE tests using ptolemy.domains.qss.test.QSSDirectorTest, which extends QSSDirector and prints a message in the constructors.
------------------ testing $PTII/ptolemy/domains/de/test/auto/knownFailedTests/DirectFeedback.xml (Known Failure) 
44 ms. Memory: 120832K Free: 49092K (41%)


==== $PTIIhome/travis/build/icyphy/ptII/ptolemy/domains/de/test/../../../../: Auto Automatic test in file $PTII/ptolemy/domains/de/test/auto/knownFailedTests/DirectFeedback.xml
==== Contents of test case:

	    # FIXME: we should use $relativeFilename here, but it
	    # might have backslashes under Windows, which causes no end
	    # of trouble.
	    createAndExecute $file
	    list {}
	
.... Test generated KNOWN error:
    while executing
ptolemy.kernel.util.IllegalActionException: Test fails in iteration 1.
Value was: 1.0. Should have been: 2.0
  in .DirectFeedback.Test
	at ptolemy.actor.lib.Test.fire(Test.java:268)
	at ptolemy.domains.de.kernel.DEDirector._fire(DEDirector.java:1949)
	at ptolemy.domains.de.kernel.DEDirector.fire(DEDirector.java:502)
	at ptolemy.actor.CompositeActor.fire(CompositeActor.java:455)
	at ptolemy.actor.Manager.iterate(Manager.java:851)
	at ptolemy.actor.Manager.execute(Manager.java:369)
	at ptolemy.actor.Manager.run(Manager.java:1263)
	at ptolemy.actor.Manager$PtolemyRunThread.run(Manager.java:1915)

    while executing
ptolemy.kernel.util.IllegalActionException: Test fails in iteration 1.
Value was: 1.0. Should have been: 2.0
  in .DirectFeedback.Test
    while executing
"java::new ptolemy.moml.MoMLSimpleApplication $file
"
    (procedure "createAndExecute" line 2)
    invoked from within
"createAndExecute $file"
    ("uplevel" body line 5)
    invoked from within
"uplevel $contents_of_test"
------------------ testing $PTII/ptolemy/domains/de/test/auto/knownFailedTests/dependencyLoop.xml (Known Failure) 
16 ms. Memory: 120832K Free: 46020K (38%)


==== $PTIIhome/travis/build/icyphy/ptII/ptolemy/domains/de/test/../../../../: Auto Automatic test in file $PTII/ptolemy/domains/de/test/auto/knownFailedTests/dependencyLoop.xml
==== Contents of test case:

	    # FIXME: we should use $relativeFilename here, but it
	    # might have backslashes under Windows, which causes no end
	    # of trouble.
	    createAndExecute $file
	    list {}
	
.... Test generated KNOWN error:
    while executing
ptolemy.kernel.util.IllegalActionException: Found a zero delay loop containing .dependencyLoop.original
  in .dependencyLoop and .dependencyLoop.original
	at ptolemy.actor.util.CausalityInterfaceForComposites._computeOutputPortDepth(CausalityInterfaceForComposites.java:759)
	at ptolemy.actor.util.CausalityInterfaceForComposites._computeInputDepth(CausalityInterfaceForComposites.java:696)
	at ptolemy.actor.util.CausalityInterfaceForComposites._computeOutputPortDepth(CausalityInterfaceForComposites.java:765)
	at ptolemy.actor.util.CausalityInterfaceForComposites._computeInputDepth(CausalityInterfaceForComposites.java:696)
	at ptolemy.actor.util.CausalityInterfaceForComposites._computeOutputPortDepth(CausalityInterfaceForComposites.java:765)
	at ptolemy.actor.util.CausalityInterfaceForComposites._computeInputDepth(CausalityInterfaceForComposites.java:696)
	at ptolemy.actor.util.CausalityInterfaceForComposites._computeActorDepth(CausalityInterfaceForComposites.java:532)
	at ptolemy.actor.util.CausalityInterfaceForComposites.checkForCycles(CausalityInterfaceForComposites.java:96)
	at ptolemy.domains.de.kernel.DEDirector.preinitialize(DEDirector.java:1338)
	at ptolemy.actor.CompositeActor.preinitialize(CompositeActor.java:1828)
	at ptolemy.actor.Manager.preinitializeAndResolveTypes(Manager.java:1040)
	at ptolemy.actor.Manager.initialize(Manager.java:710)
	at ptolemy.actor.Manager.execute(Manager.java:356)
	at ptolemy.actor.Manager.run(Manager.java:1263)
	at ptolemy.actor.Manager$PtolemyRunThread.run(Manager.java:1915)

    while executing
ptolemy.kernel.util.IllegalActionException: Found a zero delay loop containing .dependencyLoop.original
  in .dependencyLoop and .dependencyLoop.original
    while executing
"java::new ptolemy.moml.MoMLSimpleApplication $file
"
    (procedure "createAndExecute" line 2)
    invoked from within
"createAndExecute $file"
    ("uplevel" body line 5)
    invoked from within
"uplevel $contents_of_test"
------------------ testing $PTII/ptolemy/domains/de/test/auto/knownFailedTests/FSMSource.xml (Known Failure) 
68 ms. Memory: 120832K Free: 99534K (82%)
!!!! Auto was marked as failing, but now passes
------------------ testing $PTII/ptolemy/domains/de/test/auto/knownFailedTests/HierarchicalModel.xml (Known Failure) 
5 ms. Memory: 120832K Free: 82131K (68%)


==== $PTIIhome/travis/build/icyphy/ptII/ptolemy/domains/de/test/../../../../: Auto Automatic test in file $PTII/ptolemy/domains/de/test/auto/knownFailedTests/HierarchicalModel.xml
==== Contents of test case:

	    # FIXME: we should use $relativeFilename here, but it
	    # might have backslashes under Windows, which causes no end
	    # of trouble.
	    createAndExecute $file
	    list {}
	
.... Test generated KNOWN error:
    while executing
ptolemy.kernel.util.IllegalActionException: Found a zero delay loop containing .HierarchicalModel.A
  in .HierarchicalModel and .HierarchicalModel.A
	at ptolemy.actor.util.CausalityInterfaceForComposites._computeOutputPortDepth(CausalityInterfaceForComposites.java:759)
	at ptolemy.actor.util.CausalityInterfaceForComposites._computeInputDepth(CausalityInterfaceForComposites.java:696)
	at ptolemy.actor.util.CausalityInterfaceForComposites._computeOutputPortDepth(CausalityInterfaceForComposites.java:765)
	at ptolemy.actor.util.CausalityInterfaceForComposites._computeInputDepth(CausalityInterfaceForComposites.java:696)
	at ptolemy.actor.util.CausalityInterfaceForComposites._computeOutputPortDepth(CausalityInterfaceForComposites.java:765)
	at ptolemy.actor.util.CausalityInterfaceForComposites._computeInputDepth(CausalityInterfaceForComposites.java:696)
	at ptolemy.actor.util.CausalityInterfaceForComposites._computeActorDepth(CausalityInterfaceForComposites.java:532)
	at ptolemy.actor.util.CausalityInterfaceForComposites.checkForCycles(CausalityInterfaceForComposites.java:96)
	at ptolemy.domains.de.kernel.DEDirector.preinitialize(DEDirector.java:1338)
	at ptolemy.actor.CompositeActor.preinitialize(CompositeActor.java:1828)
	at ptolemy.actor.Manager.preinitializeAndResolveTypes(Manager.java:1040)
	at ptolemy.actor.Manager.initialize(Manager.java:710)
	at ptolemy.actor.Manager.execute(Manager.java:356)
	at ptolemy.actor.Manager.run(Manager.java:1263)
	at ptolemy.actor.Manager$PtolemyRunThread.run(Manager.java:1915)

    while executing
ptolemy.kernel.util.IllegalActionException: Found a zero delay loop containing .HierarchicalModel.A
  in .HierarchicalModel and .HierarchicalModel.A
    while executing
"java::new ptolemy.moml.MoMLSimpleApplication $file
"
    (procedure "createAndExecute" line 2)
    invoked from within
"createAndExecute $file"
    ("uplevel" body line 5)
    invoked from within
"uplevel $contents_of_test"
------------------ testing $PTII/ptolemy/domains/de/test/auto/knownFailedTests/dependencyLoop2.xml (Known Failure) 
5 ms. Memory: 120832K Free: 66217K (55%)


==== $PTIIhome/travis/build/icyphy/ptII/ptolemy/domains/de/test/../../../../: Auto Automatic test in file $PTII/ptolemy/domains/de/test/auto/knownFailedTests/dependencyLoop2.xml
==== Contents of test case:

	    # FIXME: we should use $relativeFilename here, but it
	    # might have backslashes under Windows, which causes no end
	    # of trouble.
	    createAndExecute $file
	    list {}
	
.... Test generated KNOWN error:
    while executing
ptolemy.kernel.util.IllegalActionException: Found a zero delay loop containing .dependencyLoop2.original
  in .dependencyLoop2 and .dependencyLoop2.original
	at ptolemy.actor.util.CausalityInterfaceForComposites._computeOutputPortDepth(CausalityInterfaceForComposites.java:759)
	at ptolemy.actor.util.CausalityInterfaceForComposites._computeInputDepth(CausalityInterfaceForComposites.java:696)
	at ptolemy.actor.util.CausalityInterfaceForComposites._computeOutputPortDepth(CausalityInterfaceForComposites.java:765)
	at ptolemy.actor.util.CausalityInterfaceForComposites._computeInputDepth(CausalityInterfaceForComposites.java:696)
	at ptolemy.actor.util.CausalityInterfaceForComposites._computeOutputPortDepth(CausalityInterfaceForComposites.java:765)
	at ptolemy.actor.util.CausalityInterfaceForComposites._computeInputDepth(CausalityInterfaceForComposites.java:696)
	at ptolemy.actor.util.CausalityInterfaceForComposites._computeActorDepth(CausalityInterfaceForComposites.java:532)
	at ptolemy.actor.util.CausalityInterfaceForComposites.checkForCycles(CausalityInterfaceForComposites.java:96)
	at ptolemy.domains.de.kernel.DEDirector.preinitialize(DEDirector.java:1338)
	at ptolemy.actor.CompositeActor.preinitialize(CompositeActor.java:1828)
	at ptolemy.actor.Manager.preinitializeAndResolveTypes(Manager.java:1040)
	at ptolemy.actor.Manager.initialize(Manager.java:710)
	at ptolemy.actor.Manager.execute(Manager.java:356)
	at ptolemy.actor.Manager.run(Manager.java:1263)
	at ptolemy.actor.Manager$PtolemyRunThread.run(Manager.java:1915)

    while executing
ptolemy.kernel.util.IllegalActionException: Found a zero delay loop containing .dependencyLoop2.original
  in .dependencyLoop2 and .dependencyLoop2.original
    while executing
"java::new ptolemy.moml.MoMLSimpleApplication $file
"
    (procedure "createAndExecute" line 2)
    invoked from within
"createAndExecute $file"
    ("uplevel" body line 5)
    invoked from within
"uplevel $contents_of_test"
------------------ testing $PTII/ptolemy/domains/de/test/auto/knownFailedTests/DESDFClockTest.xml (Known Failure) 
2052 ms. Memory: 120832K Free: 94948K (79%)


==== $PTIIhome/travis/build/icyphy/ptII/ptolemy/domains/de/test/../../../../: Auto Automatic test in file $PTII/ptolemy/domains/de/test/auto/knownFailedTests/DESDFClockTest.xml
==== Contents of test case:

	    # FIXME: we should use $relativeFilename here, but it
	    # might have backslashes under Windows, which causes no end
	    # of trouble.
	    createAndExecute $file
	    list {}
	
.... Test generated KNOWN error:
    while executing
ptolemy.kernel.util.IllegalActionException: Actor is not ready to fire.  Perhaps UpSample.prefire() returned false? Try debugging the actor by selecting "Listen to Actor".  Also, for SDF check moml for tokenConsumptionRate on input.
  in .DESDFClockTest.Play Bell.Copy1:SDF Director and .DESDFClockTest.Play Bell.UpSample
	at ptolemy.actor.sched.StaticSchedulingDirector.fire(StaticSchedulingDirector.java:227)
	at ptolemy.domains.sdf.kernel.SDFDirector.fire(SDFDirector.java:500)
	at ptolemy.actor.CompositeActor.fire(CompositeActor.java:455)
	at ptolemy.domains.de.kernel.DEDirector._fire(DEDirector.java:1949)
	at ptolemy.domains.de.kernel.DEDirector.fire(DEDirector.java:502)
	at ptolemy.actor.CompositeActor.fire(CompositeActor.java:455)
	at ptolemy.actor.Manager.iterate(Manager.java:851)
	at ptolemy.actor.Manager.execute(Manager.java:369)
	at ptolemy.actor.Manager.run(Manager.java:1263)
	at ptolemy.actor.Manager$PtolemyRunThread.run(Manager.java:1915)

    while executing
ptolemy.kernel.util.IllegalActionException: Actor is not ready to fire.  Perhaps UpSample.prefire() returned false? Try debugging the actor by selecting "Listen to Actor".  Also, for SDF check moml for tokenConsumptionRate on input.
  in .DESDFClockTest.Play Bell.Copy1:SDF Director and .DESDFClockTest.Play Bell.UpSample
    while executing
"java::new ptolemy.moml.MoMLSimpleApplication $file
"
    (procedure "createAndExecute" line 2)
    invoked from within
"createAndExecute $file"
    ("uplevel" body line 5)
    invoked from within
"uplevel $contents_of_test"
------------------ testing $PTII/ptolemy/domains/de/test/auto/ActorDepthCalculation_actorWithoutPorts.xml
auto.tcl: Setting watchdog for 200 seconds at Mon Jul 15 14:53:22 UTC 2019
6 ms. Memory: 120832K Free: 87755K (73%)
ptolemy.util.test.WatchDog.cancel(): canceling Mon Jul 15 14:53:22 UTC 2019
auto.tcl: Setting watchdog for 200 seconds at Mon Jul 15 14:53:22 UTC 2019
8 ms. Memory: 120832K Free: 86617K (72%)
ptolemy.util.test.WatchDog.cancel(): canceling Mon Jul 15 14:53:22 UTC 2019
------------------ testing $PTII/ptolemy/domains/de/test/auto/AssemblyLine.xml
auto.tcl: Setting watchdog for 200 seconds at Mon Jul 15 14:53:23 UTC 2019
24 ms. Memory: 48128K Free: 25498K (53%)
ptolemy.util.test.WatchDog.cancel(): canceling Mon Jul 15 14:53:23 UTC 2019
auto.tcl: Setting watchdog for 200 seconds at Mon Jul 15 14:53:23 UTC 2019
10 ms. Memory: 48128K Free: 25066K (52%)
ptolemy.util.test.WatchDog.cancel(): canceling Mon Jul 15 14:53:23 UTC 2019
------------------ testing $PTII/ptolemy/domains/de/test/auto/CQBug1.xml
auto.tcl: Setting watchdog for 200 seconds at Mon Jul 15 14:53:23 UTC 2019
3 ms. Memory: 48128K Free: 31573K (66%)
ptolemy.util.test.WatchDog.cancel(): canceling Mon Jul 15 14:53:23 UTC 2019
auto.tcl: Setting watchdog for 200 seconds at Mon Jul 15 14:53:23 UTC 2019
2 ms. Memory: 48128K Free: 31142K (65%)
ptolemy.util.test.WatchDog.cancel(): canceling Mon Jul 15 14:53:23 UTC 2019
------------------ testing $PTII/ptolemy/domains/de/test/auto/CancelFireAt.xml
auto.tcl: Setting watchdog for 200 seconds at Mon Jul 15 14:53:23 UTC 2019
3 ms. Memory: 48128K Free: 32744K (68%)
ptolemy.util.test.WatchDog.cancel(): canceling Mon Jul 15 14:53:23 UTC 2019
auto.tcl: Setting watchdog for 200 seconds at Mon Jul 15 14:53:23 UTC 2019
1 ms. Memory: 48128K Free: 32312K (67%)
ptolemy.util.test.WatchDog.cancel(): canceling Mon Jul 15 14:53:23 UTC 2019
------------------ testing $PTII/ptolemy/domains/de/test/auto/CausalityAndComposabilityAnalysis.xml
auto.tcl: Setting watchdog for 200 seconds at Mon Jul 15 14:53:23 UTC 2019
7 ms. Memory: 48128K Free: 30478K (63%)
ptolemy.util.test.WatchDog.cancel(): canceling Mon Jul 15 14:53:23 UTC 2019
auto.tcl: Setting watchdog for 200 seconds at Mon Jul 15 14:53:23 UTC 2019
6 ms. Memory: 48128K Free: 30046K (62%)
ptolemy.util.test.WatchDog.cancel(): canceling Mon Jul 15 14:53:23 UTC 2019
------------------ testing $PTII/ptolemy/domains/de/test/auto/CausalityInterface1.xml
auto.tcl: Setting watchdog for 200 seconds at Mon Jul 15 14:53:23 UTC 2019
16 ms. Memory: 48128K Free: 29428K (61%)
ptolemy.util.test.WatchDog.cancel(): canceling Mon Jul 15 14:53:23 UTC 2019
auto.tcl: Setting watchdog for 200 seconds at Mon Jul 15 14:53:23 UTC 2019
4 ms. Memory: 48128K Free: 28432K (59%)
ptolemy.util.test.WatchDog.cancel(): canceling Mon Jul 15 14:53:23 UTC 2019
------------------ testing $PTII/ptolemy/domains/de/test/auto/CausalityInterface15.xml
auto.tcl: Setting watchdog for 200 seconds at Mon Jul 15 14:53:23 UTC 2019
13 ms. Memory: 48128K Free: 28977K (60%)
ptolemy.util.test.WatchDog.cancel(): canceling Mon Jul 15 14:53:23 UTC 2019
auto.tcl: Setting watchdog for 200 seconds at Mon Jul 15 14:53:23 UTC 2019
12 ms. Memory: 48128K Free: 28394K (59%)
ptolemy.util.test.WatchDog.cancel(): canceling Mon Jul 15 14:53:23 UTC 2019
------------------ testing $PTII/ptolemy/domains/de/test/auto/CausalityInterface2.xml
auto.tcl: Setting watchdog for 200 seconds at Mon Jul 15 14:53:23 UTC 2019
9 ms. Memory: 48128K Free: 30294K (63%)
ptolemy.util.test.WatchDog.cancel(): canceling Mon Jul 15 14:53:24 UTC 2019
auto.tcl: Setting watchdog for 200 seconds at Mon Jul 15 14:53:24 UTC 2019
3 ms. Memory: 48128K Free: 29422K (61%)
ptolemy.util.test.WatchDog.cancel(): canceling Mon Jul 15 14:53:24 UTC 2019
------------------ testing $PTII/ptolemy/domains/de/test/auto/CausalityInterface3.xml
auto.tcl: Setting watchdog for 200 seconds at Mon Jul 15 14:53:24 UTC 2019
5 ms. Memory: 48128K Free: 29353K (61%)
ptolemy.util.test.WatchDog.cancel(): canceling Mon Jul 15 14:53:24 UTC 2019
auto.tcl: Setting watchdog for 200 seconds at Mon Jul 15 14:53:24 UTC 2019
3 ms. Memory: 48128K Free: 28824K (60%)
ptolemy.util.test.WatchDog.cancel(): canceling Mon Jul 15 14:53:24 UTC 2019
------------------ testing $PTII/ptolemy/domains/de/test/auto/ClockDrift.xml
auto.tcl: Setting watchdog for 200 seconds at Mon Jul 15 14:53:24 UTC 2019
70 ms. Memory: 48128K Free: 22195K (46%)
ptolemy.util.test.WatchDog.cancel(): canceling Mon Jul 15 14:53:24 UTC 2019
auto.tcl: Setting watchdog for 200 seconds at Mon Jul 15 14:53:24 UTC 2019
66 ms. Memory: 48128K Free: 18767K (39%)
ptolemy.util.test.WatchDog.cancel(): canceling Mon Jul 15 14:53:24 UTC 2019
------------------ testing $PTII/ptolemy/domains/de/test/auto/ClockDriftAndValueChange.xml
auto.tcl: Setting watchdog for 200 seconds at Mon Jul 15 14:53:24 UTC 2019
39 ms. Memory: 48128K Free: 22590K (47%)
ptolemy.util.test.WatchDog.cancel(): canceling Mon Jul 15 14:53:24 UTC 2019
auto.tcl: Setting watchdog for 200 seconds at Mon Jul 15 14:53:24 UTC 2019
23 ms. Memory: 48128K Free: 19438K (40%)
ptolemy.util.test.WatchDog.cancel(): canceling Mon Jul 15 14:53:24 UTC 2019
------------------ testing $PTII/ptolemy/domains/de/test/auto/ClockDriftChange.xml
auto.tcl: Setting watchdog for 200 seconds at Mon Jul 15 14:53:24 UTC 2019
23 ms. Memory: 48128K Free: 24322K (51%)
ptolemy.util.test.WatchDog.cancel(): canceling Mon Jul 15 14:53:24 UTC 2019
auto.tcl: Setting watchdog for 200 seconds at Mon Jul 15 14:53:24 UTC 2019
20 ms. Memory: 48128K Free: 21744K (45%)
ptolemy.util.test.WatchDog.cancel(): canceling Mon Jul 15 14:53:24 UTC 2019
------------------ testing $PTII/ptolemy/domains/de/test/auto/ComposableCausalityAnalysis.xml
auto.tcl: Setting watchdog for 200 seconds at Mon Jul 15 14:53:24 UTC 2019
2 ms. Memory: 48128K Free: 28916K (60%)
ptolemy.util.test.WatchDog.cancel(): canceling Mon Jul 15 14:53:24 UTC 2019
auto.tcl: Setting watchdog for 200 seconds at Mon Jul 15 14:53:24 UTC 2019
2 ms. Memory: 48128K Free: 27855K (58%)
ptolemy.util.test.WatchDog.cancel(): canceling Mon Jul 15 14:53:24 UTC 2019
------------------ testing $PTII/ptolemy/domains/de/test/auto/DEFixedPointLimitation.xml
auto.tcl: Setting watchdog for 200 seconds at Mon Jul 15 14:53:24 UTC 2019
2 ms. Memory: 48128K Free: 30225K (63%)
ptolemy.util.test.WatchDog.cancel(): canceling Mon Jul 15 14:53:24 UTC 2019
auto.tcl: Setting watchdog for 200 seconds at Mon Jul 15 14:53:24 UTC 2019
1 ms. Memory: 48128K Free: 29370K (61%)
ptolemy.util.test.WatchDog.cancel(): canceling Mon Jul 15 14:53:24 UTC 2019
------------------ testing $PTII/ptolemy/domains/de/test/auto/DEScheduleTest.xml
auto.tcl: Setting watchdog for 200 seconds at Mon Jul 15 14:53:24 UTC 2019
3 ms. Memory: 48128K Free: 30618K (64%)
ptolemy.util.test.WatchDog.cancel(): canceling Mon Jul 15 14:53:24 UTC 2019
auto.tcl: Setting watchdog for 200 seconds at Mon Jul 15 14:53:24 UTC 2019
3 ms. Memory: 48128K Free: 29861K (62%)
ptolemy.util.test.WatchDog.cancel(): canceling Mon Jul 15 14:53:24 UTC 2019
------------------ testing $PTII/ptolemy/domains/de/test/auto/DEinDEwithStartTimes.xml
auto.tcl: Setting watchdog for 200 seconds at Mon Jul 15 14:53:24 UTC 2019
4 ms. Memory: 48128K Free: 28760K (60%)
ptolemy.util.test.WatchDog.cancel(): canceling Mon Jul 15 14:53:24 UTC 2019
auto.tcl: Setting watchdog for 200 seconds at Mon Jul 15 14:53:24 UTC 2019
4 ms. Memory: 48128K Free: 27734K (58%)
ptolemy.util.test.WatchDog.cancel(): canceling Mon Jul 15 14:53:24 UTC 2019
------------------ testing $PTII/ptolemy/domains/de/test/auto/DEinDEwithStartTimes2.xml
auto.tcl: Setting watchdog for 200 seconds at Mon Jul 15 14:53:24 UTC 2019
7 ms. Memory: 48128K Free: 27984K (58%)
ptolemy.util.test.WatchDog.cancel(): canceling Mon Jul 15 14:53:25 UTC 2019
auto.tcl: Setting watchdog for 200 seconds at Mon Jul 15 14:53:25 UTC 2019
4 ms. Memory: 48128K Free: 26876K (56%)
ptolemy.util.test.WatchDog.cancel(): canceling Mon Jul 15 14:53:25 UTC 2019
------------------ testing $PTII/ptolemy/domains/de/test/auto/DateDemo.xml
auto.tcl: Setting watchdog for 200 seconds at Mon Jul 15 14:53:25 UTC 2019
12 ms. Memory: 45056K Free: 19579K (43%)
ptolemy.util.test.WatchDog.cancel(): canceling Mon Jul 15 14:53:25 UTC 2019
auto.tcl: Setting watchdog for 200 seconds at Mon Jul 15 14:53:25 UTC 2019
11 ms. Memory: 45056K Free: 17748K (39%)
ptolemy.util.test.WatchDog.cancel(): canceling Mon Jul 15 14:53:25 UTC 2019
------------------ testing $PTII/ptolemy/domains/de/test/auto/DateToEvent.xml
auto.tcl: Setting watchdog for 200 seconds at Mon Jul 15 14:53:25 UTC 2019
2016 ms. Memory: 45056K Free: 14319K (32%)
ptolemy.util.test.WatchDog.cancel(): canceling Mon Jul 15 14:53:27 UTC 2019
auto.tcl: Setting watchdog for 200 seconds at Mon Jul 15 14:53:27 UTC 2019
2005 ms. Memory: 45056K Free: 13807K (31%)
ptolemy.util.test.WatchDog.cancel(): canceling Mon Jul 15 14:53:29 UTC 2019
------------------ testing $PTII/ptolemy/domains/de/test/auto/DepthTest1.xml
auto.tcl: Setting watchdog for 200 seconds at Mon Jul 15 14:53:29 UTC 2019
2 ms. Memory: 45056K Free: 28454K (63%)
ptolemy.util.test.WatchDog.cancel(): canceling Mon Jul 15 14:53:29 UTC 2019
auto.tcl: Setting watchdog for 200 seconds at Mon Jul 15 14:53:29 UTC 2019
1 ms. Memory: 45056K Free: 27941K (62%)
ptolemy.util.test.WatchDog.cancel(): canceling Mon Jul 15 14:53:29 UTC 2019
------------------ testing $PTII/ptolemy/domains/de/test/auto/DepthTest2.xml
auto.tcl: Setting watchdog for 200 seconds at Mon Jul 15 14:53:29 UTC 2019
4 ms. Memory: 45056K Free: 25190K (56%)
ptolemy.util.test.WatchDog.cancel(): canceling Mon Jul 15 14:53:29 UTC 2019
auto.tcl: Setting watchdog for 200 seconds at Mon Jul 15 14:53:29 UTC 2019
2 ms. Memory: 45056K Free: 24769K (55%)
ptolemy.util.test.WatchDog.cancel(): canceling Mon Jul 15 14:53:29 UTC 2019
------------------ testing $PTII/ptolemy/domains/de/test/auto/DepthTest3.xml
auto.tcl: Setting watchdog for 200 seconds at Mon Jul 15 14:53:29 UTC 2019
4 ms. Memory: 45056K Free: 28657K (64%)
ptolemy.util.test.WatchDog.cancel(): canceling Mon Jul 15 14:53:29 UTC 2019
auto.tcl: Setting watchdog for 200 seconds at Mon Jul 15 14:53:29 UTC 2019
2 ms. Memory: 45056K Free: 27878K (62%)
ptolemy.util.test.WatchDog.cancel(): canceling Mon Jul 15 14:53:29 UTC 2019
------------------ testing $PTII/ptolemy/domains/de/test/auto/DepthTest4.xml
auto.tcl: Setting watchdog for 200 seconds at Mon Jul 15 14:53:29 UTC 2019
6 ms. Memory: 45056K Free: 27014K (60%)
ptolemy.util.test.WatchDog.cancel(): canceling Mon Jul 15 14:53:29 UTC 2019
auto.tcl: Setting watchdog for 200 seconds at Mon Jul 15 14:53:29 UTC 2019
3 ms. Memory: 45056K Free: 26280K (58%)
ptolemy.util.test.WatchDog.cancel(): canceling Mon Jul 15 14:53:29 UTC 2019
------------------ testing $PTII/ptolemy/domains/de/test/auto/DepthTest5.xml
auto.tcl: Setting watchdog for 200 seconds at Mon Jul 15 14:53:29 UTC 2019
4 ms. Memory: 45056K Free: 26414K (59%)
ptolemy.util.test.WatchDog.cancel(): canceling Mon Jul 15 14:53:29 UTC 2019
auto.tcl: Setting watchdog for 200 seconds at Mon Jul 15 14:53:29 UTC 2019
2 ms. Memory: 45056K Free: 25645K (57%)
ptolemy.util.test.WatchDog.cancel(): canceling Mon Jul 15 14:53:29 UTC 2019
------------------ testing $PTII/ptolemy/domains/de/test/auto/DepthTest6.xml
auto.tcl: Setting watchdog for 200 seconds at Mon Jul 15 14:53:29 UTC 2019
4 ms. Memory: 45056K Free: 26096K (58%)
ptolemy.util.test.WatchDog.cancel(): canceling Mon Jul 15 14:53:29 UTC 2019
auto.tcl: Setting watchdog for 200 seconds at Mon Jul 15 14:53:29 UTC 2019
2 ms. Memory: 45056K Free: 25716K (57%)
ptolemy.util.test.WatchDog.cancel(): canceling Mon Jul 15 14:53:29 UTC 2019
------------------ testing $PTII/ptolemy/domains/de/test/auto/DepthTest7.xml
auto.tcl: Setting watchdog for 200 seconds at Mon Jul 15 14:53:29 UTC 2019
3 ms. Memory: 45056K Free: 26616K (59%)
ptolemy.util.test.WatchDog.cancel(): canceling Mon Jul 15 14:53:29 UTC 2019
auto.tcl: Setting watchdog for 200 seconds at Mon Jul 15 14:53:29 UTC 2019
2 ms. Memory: 45056K Free: 26221K (58%)
ptolemy.util.test.WatchDog.cancel(): canceling Mon Jul 15 14:53:29 UTC 2019
------------------ testing $PTII/ptolemy/domains/de/test/auto/EventToDate.xml
auto.tcl: Setting watchdog for 200 seconds at Mon Jul 15 14:53:29 UTC 2019
3006 ms. Memory: 45056K Free: 17744K (39%)
ptolemy.util.test.WatchDog.cancel(): canceling Mon Jul 15 14:53:32 UTC 2019
auto.tcl: Setting watchdog for 200 seconds at Mon Jul 15 14:53:32 UTC 2019
3004 ms. Memory: 45056K Free: 17024K (38%)
ptolemy.util.test.WatchDog.cancel(): canceling Mon Jul 15 14:53:35 UTC 2019
------------------ testing $PTII/ptolemy/domains/de/test/auto/FSM1.xml
auto.tcl: Setting watchdog for 200 seconds at Mon Jul 15 14:53:35 UTC 2019
31 ms. Memory: 45056K Free: 18942K (42%)
ptolemy.util.test.WatchDog.cancel(): canceling Mon Jul 15 14:53:36 UTC 2019
auto.tcl: Setting watchdog for 200 seconds at Mon Jul 15 14:53:36 UTC 2019
19 ms. Memory: 45056K Free: 15713K (35%)
ptolemy.util.test.WatchDog.cancel(): canceling Mon Jul 15 14:53:36 UTC 2019
------------------ testing $PTII/ptolemy/domains/de/test/auto/FSM7.xml
auto.tcl: Setting watchdog for 200 seconds at Mon Jul 15 14:53:36 UTC 2019
20 ms. Memory: 45056K Free: 18634K (41%)
ptolemy.util.test.WatchDog.cancel(): canceling Mon Jul 15 14:53:36 UTC 2019
auto.tcl: Setting watchdog for 200 seconds at Mon Jul 15 14:53:36 UTC 2019
14 ms. Memory: 45056K Free: 15497K (34%)
ptolemy.util.test.WatchDog.cancel(): canceling Mon Jul 15 14:53:36 UTC 2019
------------------ testing $PTII/ptolemy/domains/de/test/auto/Inspection.xml
auto.tcl: Setting watchdog for 200 seconds at Mon Jul 15 14:53:36 UTC 2019
28 ms. Memory: 45056K Free: 18444K (41%)
ptolemy.util.test.WatchDog.cancel(): canceling Mon Jul 15 14:53:36 UTC 2019
auto.tcl: Setting watchdog for 200 seconds at Mon Jul 15 14:53:36 UTC 2019
33 ms. Memory: 45056K Free: 16562K (37%)
ptolemy.util.test.WatchDog.cancel(): canceling Mon Jul 15 14:53:36 UTC 2019
------------------ testing $PTII/ptolemy/domains/de/test/auto/Iteration.xml
auto.tcl: Setting watchdog for 200 seconds at Mon Jul 15 14:53:36 UTC 2019
7 ms. Memory: 45056K Free: 24382K (54%)
ptolemy.util.test.WatchDog.cancel(): canceling Mon Jul 15 14:53:36 UTC 2019
auto.tcl: Setting watchdog for 200 seconds at Mon Jul 15 14:53:36 UTC 2019
7 ms. Memory: 45056K Free: 23358K (52%)
ptolemy.util.test.WatchDog.cancel(): canceling Mon Jul 15 14:53:36 UTC 2019
------------------ testing $PTII/ptolemy/domains/de/test/auto/LineFault.xml
auto.tcl: Setting watchdog for 200 seconds at Mon Jul 15 14:53:36 UTC 2019
463 ms. Memory: 54272K Free: 14287K (26%)
ptolemy.util.test.WatchDog.cancel(): canceling Mon Jul 15 14:53:37 UTC 2019
auto.tcl: Setting watchdog for 200 seconds at Mon Jul 15 14:53:37 UTC 2019
385 ms. Memory: 65536K Free: 48204K (74%)
ptolemy.util.test.WatchDog.cancel(): canceling Mon Jul 15 14:53:37 UTC 2019
------------------ testing $PTII/ptolemy/domains/de/test/auto/MergeModel1Add.xml
auto.tcl: Setting watchdog for 200 seconds at Mon Jul 15 14:53:37 UTC 2019
22 ms. Memory: 55296K Free: 20291K (37%)
ptolemy.util.test.WatchDog.cancel(): canceling Mon Jul 15 14:53:37 UTC 2019
auto.tcl: Setting watchdog for 200 seconds at Mon Jul 15 14:53:37 UTC 2019
7 ms. Memory: 55296K Free: 18931K (34%)
ptolemy.util.test.WatchDog.cancel(): canceling Mon Jul 15 14:53:37 UTC 2019
------------------ testing $PTII/ptolemy/domains/de/test/auto/MergeModel2Add.xml
auto.tcl: Setting watchdog for 200 seconds at Mon Jul 15 14:53:37 UTC 2019
16 ms. Memory: 51200K Free: 18821K (37%)
ptolemy.util.test.WatchDog.cancel(): canceling Mon Jul 15 14:53:37 UTC 2019
auto.tcl: Setting watchdog for 200 seconds at Mon Jul 15 14:53:37 UTC 2019
9 ms. Memory: 51200K Free: 17613K (34%)
ptolemy.util.test.WatchDog.cancel(): canceling Mon Jul 15 14:53:37 UTC 2019
------------------ testing $PTII/ptolemy/domains/de/test/auto/MergeModel3Add.xml
auto.tcl: Setting watchdog for 200 seconds at Mon Jul 15 14:53:37 UTC 2019
9 ms. Memory: 48128K Free: 15240K (32%)
ptolemy.util.test.WatchDog.cancel(): canceling Mon Jul 15 14:53:37 UTC 2019
auto.tcl: Setting watchdog for 200 seconds at Mon Jul 15 14:53:37 UTC 2019
9 ms. Memory: 48128K Free: 13537K (28%)
ptolemy.util.test.WatchDog.cancel(): canceling Mon Jul 15 14:53:37 UTC 2019
------------------ testing $PTII/ptolemy/domains/de/test/auto/MergeWithoutDiscard.xml
auto.tcl: Setting watchdog for 200 seconds at Mon Jul 15 14:53:37 UTC 2019
4 ms. Memory: 48128K Free: 30360K (63%)
ptolemy.util.test.WatchDog.cancel(): canceling Mon Jul 15 14:53:37 UTC 2019
auto.tcl: Setting watchdog for 200 seconds at Mon Jul 15 14:53:37 UTC 2019
1 ms. Memory: 48128K Free: 29466K (61%)
ptolemy.util.test.WatchDog.cancel(): canceling Mon Jul 15 14:53:37 UTC 2019
------------------ testing $PTII/ptolemy/domains/de/test/auto/Modal1.xml
auto.tcl: Setting watchdog for 200 seconds at Mon Jul 15 14:53:38 UTC 2019
15 ms. Memory: 48128K Free: 21950K (46%)
ptolemy.util.test.WatchDog.cancel(): canceling Mon Jul 15 14:53:38 UTC 2019
auto.tcl: Setting watchdog for 200 seconds at Mon Jul 15 14:53:38 UTC 2019
18 ms. Memory: 48128K Free: 18482K (38%)
ptolemy.util.test.WatchDog.cancel(): canceling Mon Jul 15 14:53:38 UTC 2019
------------------ testing $PTII/ptolemy/domains/de/test/auto/Modal2.xml
auto.tcl: Setting watchdog for 200 seconds at Mon Jul 15 14:53:38 UTC 2019
13 ms. Memory: 48128K Free: 22097K (46%)
ptolemy.util.test.WatchDog.cancel(): canceling Mon Jul 15 14:53:38 UTC 2019
auto.tcl: Setting watchdog for 200 seconds at Mon Jul 15 14:53:38 UTC 2019
19 ms. Memory: 48128K Free: 18856K (39%)
ptolemy.util.test.WatchDog.cancel(): canceling Mon Jul 15 14:53:38 UTC 2019
------------------ testing $PTII/ptolemy/domains/de/test/auto/Modal3.xml
auto.tcl: Setting watchdog for 200 seconds at Mon Jul 15 14:53:38 UTC 2019
10 ms. Memory: 48128K Free: 21800K (45%)
ptolemy.util.test.WatchDog.cancel(): canceling Mon Jul 15 14:53:38 UTC 2019
auto.tcl: Setting watchdog for 200 seconds at Mon Jul 15 14:53:38 UTC 2019
11 ms. Memory: 48128K Free: 18862K (39%)
ptolemy.util.test.WatchDog.cancel(): canceling Mon Jul 15 14:53:38 UTC 2019
------------------ testing $PTII/ptolemy/domains/de/test/auto/Modal4.xml
auto.tcl: Setting watchdog for 200 seconds at Mon Jul 15 14:53:38 UTC 2019
12 ms. Memory: 48128K Free: 21047K (44%)
ptolemy.util.test.WatchDog.cancel(): canceling Mon Jul 15 14:53:38 UTC 2019
auto.tcl: Setting watchdog for 200 seconds at Mon Jul 15 14:53:38 UTC 2019
13 ms. Memory: 48128K Free: 17231K (36%)
ptolemy.util.test.WatchDog.cancel(): canceling Mon Jul 15 14:53:38 UTC 2019
------------------ testing $PTII/ptolemy/domains/de/test/auto/Modal5.xml
auto.tcl: Setting watchdog for 200 seconds at Mon Jul 15 14:53:38 UTC 2019
17 ms. Memory: 48128K Free: 21025K (44%)
ptolemy.util.test.WatchDog.cancel(): canceling Mon Jul 15 14:53:38 UTC 2019
auto.tcl: Setting watchdog for 200 seconds at Mon Jul 15 14:53:38 UTC 2019
14 ms. Memory: 48128K Free: 17217K (36%)
ptolemy.util.test.WatchDog.cancel(): canceling Mon Jul 15 14:53:38 UTC 2019
------------------ testing $PTII/ptolemy/domains/de/test/auto/Modal6.xml
auto.tcl: Setting watchdog for 200 seconds at Mon Jul 15 14:53:38 UTC 2019
19 ms. Memory: 48128K Free: 21789K (45%)
ptolemy.util.test.WatchDog.cancel(): canceling Mon Jul 15 14:53:38 UTC 2019
auto.tcl: Setting watchdog for 200 seconds at Mon Jul 15 14:53:38 UTC 2019
16 ms. Memory: 48128K Free: 17835K (37%)
ptolemy.util.test.WatchDog.cancel(): canceling Mon Jul 15 14:53:38 UTC 2019
------------------ testing $PTII/ptolemy/domains/de/test/auto/Modal7.xml
auto.tcl: Setting watchdog for 200 seconds at Mon Jul 15 14:53:38 UTC 2019
16 ms. Memory: 48128K Free: 20289K (42%)
ptolemy.util.test.WatchDog.cancel(): canceling Mon Jul 15 14:53:38 UTC 2019
auto.tcl: Setting watchdog for 200 seconds at Mon Jul 15 14:53:38 UTC 2019
10 ms. Memory: 48128K Free: 16811K (35%)
ptolemy.util.test.WatchDog.cancel(): canceling Mon Jul 15 14:53:38 UTC 2019
------------------ testing $PTII/ptolemy/domains/de/test/auto/ModalModel.xml
auto.tcl: Setting watchdog for 200 seconds at Mon Jul 15 14:53:38 UTC 2019
221 ms. Memory: 48128K Free: 13965K (29%)
ptolemy.util.test.WatchDog.cancel(): canceling Mon Jul 15 14:53:39 UTC 2019
auto.tcl: Setting watchdog for 200 seconds at Mon Jul 15 14:53:39 UTC 2019
217 ms. Memory: 69632K Free: 25737K (37%)
ptolemy.util.test.WatchDog.cancel(): canceling Mon Jul 15 14:53:39 UTC 2019
------------------ testing $PTII/ptolemy/domains/de/test/auto/ModalSource.xml
auto.tcl: Setting watchdog for 200 seconds at Mon Jul 15 14:53:39 UTC 2019
6 ms. Memory: 48128K Free: 25889K (54%)
ptolemy.util.test.WatchDog.cancel(): canceling Mon Jul 15 14:53:39 UTC 2019
auto.tcl: Setting watchdog for 200 seconds at Mon Jul 15 14:53:39 UTC 2019
5 ms. Memory: 48128K Free: 23839K (50%)
ptolemy.util.test.WatchDog.cancel(): canceling Mon Jul 15 14:53:39 UTC 2019
------------------ testing $PTII/ptolemy/domains/de/test/auto/NonInterruptibleTimerZeroDelay.xml
auto.tcl: Setting watchdog for 200 seconds at Mon Jul 15 14:53:39 UTC 2019
3 ms. Memory: 48128K Free: 31075K (65%)
ptolemy.util.test.WatchDog.cancel(): canceling Mon Jul 15 14:53:39 UTC 2019
auto.tcl: Setting watchdog for 200 seconds at Mon Jul 15 14:53:39 UTC 2019
2 ms. Memory: 48128K Free: 30172K (63%)
ptolemy.util.test.WatchDog.cancel(): canceling Mon Jul 15 14:53:39 UTC 2019
------------------ testing $PTII/ptolemy/domains/de/test/auto/OpenQueueingNetwork.xml
auto.tcl: Setting watchdog for 200 seconds at Mon Jul 15 14:53:39 UTC 2019
2903 ms. Memory: 115712K Free: 76077K (66%)
ptolemy.util.test.WatchDog.cancel(): canceling Mon Jul 15 14:53:42 UTC 2019
auto.tcl: Setting watchdog for 200 seconds at Mon Jul 15 14:53:42 UTC 2019
2281 ms. Memory: 139264K Free: 62223K (45%)
ptolemy.util.test.WatchDog.cancel(): canceling Mon Jul 15 14:53:44 UTC 2019
------------------ testing $PTII/ptolemy/domains/de/test/auto/OpenQueuingNetwork.xml
auto.tcl: Setting watchdog for 200 seconds at Mon Jul 15 14:53:44 UTC 2019
270 ms. Memory: 55296K Free: 25581K (46%)
ptolemy.util.test.WatchDog.cancel(): canceling Mon Jul 15 14:53:45 UTC 2019
auto.tcl: Setting watchdog for 200 seconds at Mon Jul 15 14:53:45 UTC 2019
235 ms. Memory: 55296K Free: 35551K (64%)
ptolemy.util.test.WatchDog.cancel(): canceling Mon Jul 15 14:53:45 UTC 2019
------------------ testing $PTII/ptolemy/domains/de/test/auto/PeriodicSampler.xml
auto.tcl: Setting watchdog for 200 seconds at Mon Jul 15 14:53:45 UTC 2019
2 ms. Memory: 51200K Free: 33095K (65%)
ptolemy.util.test.WatchDog.cancel(): canceling Mon Jul 15 14:53:45 UTC 2019
auto.tcl: Setting watchdog for 200 seconds at Mon Jul 15 14:53:45 UTC 2019
2 ms. Memory: 51200K Free: 32570K (64%)
ptolemy.util.test.WatchDog.cancel(): canceling Mon Jul 15 14:53:45 UTC 2019
------------------ testing $PTII/ptolemy/domains/de/test/auto/PersistentIO.xml
auto.tcl: Setting watchdog for 200 seconds at Mon Jul 15 14:53:45 UTC 2019
16 ms. Memory: 48128K Free: 24948K (52%)
ptolemy.util.test.WatchDog.cancel(): canceling Mon Jul 15 14:53:45 UTC 2019
auto.tcl: Setting watchdog for 200 seconds at Mon Jul 15 14:53:45 UTC 2019
4 ms. Memory: 48128K Free: 23459K (49%)
ptolemy.util.test.WatchDog.cancel(): canceling Mon Jul 15 14:53:45 UTC 2019
------------------ testing $PTII/ptolemy/domains/de/test/auto/PortParameterResetOnInitialize.xml
auto.tcl: Setting watchdog for 200 seconds at Mon Jul 15 14:53:45 UTC 2019
2 ms. Memory: 48128K Free: 29945K (62%)
ptolemy.util.test.WatchDog.cancel(): canceling Mon Jul 15 14:53:45 UTC 2019
auto.tcl: Setting watchdog for 200 seconds at Mon Jul 15 14:53:45 UTC 2019
2 ms. Memory: 48128K Free: 29470K (61%)
ptolemy.util.test.WatchDog.cancel(): canceling Mon Jul 15 14:53:45 UTC 2019
------------------ testing $PTII/ptolemy/domains/de/test/auto/PortParameterUpdates.xml
auto.tcl: Setting watchdog for 200 seconds at Mon Jul 15 14:53:45 UTC 2019
8 ms. Memory: 48128K Free: 28000K (58%)
ptolemy.util.test.WatchDog.cancel(): canceling Mon Jul 15 14:53:45 UTC 2019
auto.tcl: Setting watchdog for 200 seconds at Mon Jul 15 14:53:45 UTC 2019
8 ms. Memory: 48128K Free: 26535K (55%)
ptolemy.util.test.WatchDog.cancel(): canceling Mon Jul 15 14:53:45 UTC 2019
------------------ testing $PTII/ptolemy/domains/de/test/auto/QueueAndServer.xml
auto.tcl: Setting watchdog for 200 seconds at Mon Jul 15 14:53:45 UTC 2019
13 ms. Memory: 48128K Free: 26970K (56%)
ptolemy.util.test.WatchDog.cancel(): canceling Mon Jul 15 14:53:45 UTC 2019
auto.tcl: Setting watchdog for 200 seconds at Mon Jul 15 14:53:45 UTC 2019
7 ms. Memory: 48128K Free: 25476K (53%)
ptolemy.util.test.WatchDog.cancel(): canceling Mon Jul 15 14:53:45 UTC 2019
------------------ testing $PTII/ptolemy/domains/de/test/auto/Records.xml
auto.tcl: Setting watchdog for 200 seconds at Mon Jul 15 14:53:45 UTC 2019
4 ms. Memory: 48128K Free: 29474K (61%)
ptolemy.util.test.WatchDog.cancel(): canceling Mon Jul 15 14:53:45 UTC 2019
auto.tcl: Setting watchdog for 200 seconds at Mon Jul 15 14:53:45 UTC 2019
2 ms. Memory: 48128K Free: 28982K (60%)
ptolemy.util.test.WatchDog.cancel(): canceling Mon Jul 15 14:53:45 UTC 2019
------------------ testing $PTII/ptolemy/domains/de/test/auto/ResetTransitionWithStartTime1.xml
auto.tcl: Setting watchdog for 200 seconds at Mon Jul 15 14:53:46 UTC 2019
14 ms. Memory: 48128K Free: 26431K (55%)
ptolemy.util.test.WatchDog.cancel(): canceling Mon Jul 15 14:53:46 UTC 2019
auto.tcl: Setting watchdog for 200 seconds at Mon Jul 15 14:53:46 UTC 2019
6 ms. Memory: 48128K Free: 24383K (51%)
ptolemy.util.test.WatchDog.cancel(): canceling Mon Jul 15 14:53:46 UTC 2019
------------------ testing $PTII/ptolemy/domains/de/test/auto/ResetTransitionWithStartTime2.xml
auto.tcl: Setting watchdog for 200 seconds at Mon Jul 15 14:53:46 UTC 2019
9 ms. Memory: 48128K Free: 26386K (55%)
ptolemy.util.test.WatchDog.cancel(): canceling Mon Jul 15 14:53:46 UTC 2019
auto.tcl: Setting watchdog for 200 seconds at Mon Jul 15 14:53:46 UTC 2019
7 ms. Memory: 48128K Free: 23848K (50%)
ptolemy.util.test.WatchDog.cancel(): canceling Mon Jul 15 14:53:46 UTC 2019
------------------ testing $PTII/ptolemy/domains/de/test/auto/ResetTransitionWithStartTime3.xml
auto.tcl: Setting watchdog for 200 seconds at Mon Jul 15 14:53:46 UTC 2019
6 ms. Memory: 48128K Free: 26385K (55%)
ptolemy.util.test.WatchDog.cancel(): canceling Mon Jul 15 14:53:46 UTC 2019
auto.tcl: Setting watchdog for 200 seconds at Mon Jul 15 14:53:46 UTC 2019
6 ms. Memory: 48128K Free: 23863K (50%)
ptolemy.util.test.WatchDog.cancel(): canceling Mon Jul 15 14:53:46 UTC 2019
------------------ testing $PTII/ptolemy/domains/de/test/auto/ResetTransitionWithStartTime4.xml
auto.tcl: Setting watchdog for 200 seconds at Mon Jul 15 14:53:46 UTC 2019
6 ms. Memory: 48128K Free: 26832K (56%)
ptolemy.util.test.WatchDog.cancel(): canceling Mon Jul 15 14:53:46 UTC 2019
auto.tcl: Setting watchdog for 200 seconds at Mon Jul 15 14:53:46 UTC 2019
2 ms. Memory: 48128K Free: 25435K (53%)
ptolemy.util.test.WatchDog.cancel(): canceling Mon Jul 15 14:53:46 UTC 2019
------------------ testing $PTII/ptolemy/domains/de/test/auto/ResettableTimer1.xml
auto.tcl: Setting watchdog for 200 seconds at Mon Jul 15 14:53:46 UTC 2019
3 ms. Memory: 48128K Free: 30592K (64%)
ptolemy.util.test.WatchDog.cancel(): canceling Mon Jul 15 14:53:46 UTC 2019
auto.tcl: Setting watchdog for 200 seconds at Mon Jul 15 14:53:46 UTC 2019
2 ms. Memory: 48128K Free: 29486K (61%)
ptolemy.util.test.WatchDog.cancel(): canceling Mon Jul 15 14:53:46 UTC 2019
------------------ testing $PTII/ptolemy/domains/de/test/auto/ResettableTimer2.xml
auto.tcl: Setting watchdog for 200 seconds at Mon Jul 15 14:53:46 UTC 2019
6 ms. Memory: 48128K Free: 30633K (64%)
ptolemy.util.test.WatchDog.cancel(): canceling Mon Jul 15 14:53:46 UTC 2019
auto.tcl: Setting watchdog for 200 seconds at Mon Jul 15 14:53:46 UTC 2019
2 ms. Memory: 48128K Free: 29564K (61%)
ptolemy.util.test.WatchDog.cancel(): canceling Mon Jul 15 14:53:46 UTC 2019
------------------ testing $PTII/ptolemy/domains/de/test/auto/ResettableTimer3.xml
auto.tcl: Setting watchdog for 200 seconds at Mon Jul 15 14:53:46 UTC 2019
1 ms. Memory: 48128K Free: 30931K (64%)
ptolemy.util.test.WatchDog.cancel(): canceling Mon Jul 15 14:53:46 UTC 2019
auto.tcl: Setting watchdog for 200 seconds at Mon Jul 15 14:53:46 UTC 2019
1 ms. Memory: 48128K Free: 30040K (62%)
ptolemy.util.test.WatchDog.cancel(): canceling Mon Jul 15 14:53:46 UTC 2019
------------------ testing $PTII/ptolemy/domains/de/test/auto/ResettableTimer4.xml
auto.tcl: Setting watchdog for 200 seconds at Mon Jul 15 14:53:46 UTC 2019
1 ms. Memory: 48128K Free: 31027K (64%)
ptolemy.util.test.WatchDog.cancel(): canceling Mon Jul 15 14:53:46 UTC 2019
auto.tcl: Setting watchdog for 200 seconds at Mon Jul 15 14:53:46 UTC 2019
1 ms. Memory: 48128K Free: 30531K (63%)
ptolemy.util.test.WatchDog.cancel(): canceling Mon Jul 15 14:53:46 UTC 2019
------------------ testing $PTII/ptolemy/domains/de/test/auto/ResettableTimer5.xml
auto.tcl: Setting watchdog for 200 seconds at Mon Jul 15 14:53:46 UTC 2019
1 ms. Memory: 48128K Free: 30001K (62%)
ptolemy.util.test.WatchDog.cancel(): canceling Mon Jul 15 14:53:46 UTC 2019
auto.tcl: Setting watchdog for 200 seconds at Mon Jul 15 14:53:46 UTC 2019
1 ms. Memory: 48128K Free: 29525K (61%)
ptolemy.util.test.WatchDog.cancel(): canceling Mon Jul 15 14:53:46 UTC 2019
------------------ testing $PTII/ptolemy/domains/de/test/auto/ResettableTimer6.xml
auto.tcl: Setting watchdog for 200 seconds at Mon Jul 15 14:53:46 UTC 2019
2 ms. Memory: 48128K Free: 29927K (62%)
ptolemy.util.test.WatchDog.cancel(): canceling Mon Jul 15 14:53:46 UTC 2019
auto.tcl: Setting watchdog for 200 seconds at Mon Jul 15 14:53:46 UTC 2019
1 ms. Memory: 48128K Free: 29496K (61%)
ptolemy.util.test.WatchDog.cancel(): canceling Mon Jul 15 14:53:46 UTC 2019
------------------ testing $PTII/ptolemy/domains/de/test/auto/ServerZeroDelay.xml
auto.tcl: Setting watchdog for 200 seconds at Mon Jul 15 14:53:46 UTC 2019
5 ms. Memory: 48128K Free: 30607K (64%)
ptolemy.util.test.WatchDog.cancel(): canceling Mon Jul 15 14:53:46 UTC 2019
auto.tcl: Setting watchdog for 200 seconds at Mon Jul 15 14:53:46 UTC 2019
3 ms. Memory: 48128K Free: 29519K (61%)
ptolemy.util.test.WatchDog.cancel(): canceling Mon Jul 15 14:53:46 UTC 2019
------------------ testing $PTII/ptolemy/domains/de/test/auto/SmartSender.xml
auto.tcl: Setting watchdog for 200 seconds at Mon Jul 15 14:53:46 UTC 2019
3002 ms. Memory: 48128K Free: 30540K (63%)
ptolemy.util.test.WatchDog.cancel(): canceling Mon Jul 15 14:53:49 UTC 2019
auto.tcl: Setting watchdog for 200 seconds at Mon Jul 15 14:53:49 UTC 2019
3001 ms. Memory: 48128K Free: 30028K (62%)
ptolemy.util.test.WatchDog.cancel(): canceling Mon Jul 15 14:53:52 UTC 2019
------------------ testing $PTII/ptolemy/domains/de/test/auto/ThreadedComposite.xml
auto.tcl: Setting watchdog for 200 seconds at Mon Jul 15 14:53:52 UTC 2019
163 ms. Memory: 48128K Free: 11574K (24%)
ptolemy.util.test.WatchDog.cancel(): canceling Mon Jul 15 14:53:53 UTC 2019
auto.tcl: Setting watchdog for 200 seconds at Mon Jul 15 14:53:53 UTC 2019
148 ms. Memory: 48128K Free: 24474K (51%)
ptolemy.util.test.WatchDog.cancel(): canceling Mon Jul 15 14:53:53 UTC 2019
------------------ testing $PTII/ptolemy/domains/de/test/auto/Time.xml
auto.tcl: Setting watchdog for 200 seconds at Mon Jul 15 14:53:53 UTC 2019
538 ms. Memory: 48128K Free: 28264K (59%)
ptolemy.util.test.WatchDog.cancel(): canceling Mon Jul 15 14:53:53 UTC 2019
auto.tcl: Setting watchdog for 200 seconds at Mon Jul 15 14:53:53 UTC 2019
513 ms. Memory: 48128K Free: 25218K (52%)
ptolemy.util.test.WatchDog.cancel(): canceling Mon Jul 15 14:53:54 UTC 2019
------------------ testing $PTII/ptolemy/domains/de/test/auto/TimeDelayZeroDelay.xml
auto.tcl: Setting watchdog for 200 seconds at Mon Jul 15 14:53:54 UTC 2019
4 ms. Memory: 48128K Free: 30917K (64%)
ptolemy.util.test.WatchDog.cancel(): canceling Mon Jul 15 14:53:54 UTC 2019
auto.tcl: Setting watchdog for 200 seconds at Mon Jul 15 14:53:54 UTC 2019
2 ms. Memory: 48128K Free: 30024K (62%)
ptolemy.util.test.WatchDog.cancel(): canceling Mon Jul 15 14:53:54 UTC 2019
------------------ testing $PTII/ptolemy/domains/de/test/auto/TimerZeroDelay.xml
auto.tcl: Setting watchdog for 200 seconds at Mon Jul 15 14:53:54 UTC 2019
3 ms. Memory: 48128K Free: 30907K (64%)
ptolemy.util.test.WatchDog.cancel(): canceling Mon Jul 15 14:53:54 UTC 2019
auto.tcl: Setting watchdog for 200 seconds at Mon Jul 15 14:53:54 UTC 2019
2 ms. Memory: 48128K Free: 30051K (62%)
ptolemy.util.test.WatchDog.cancel(): canceling Mon Jul 15 14:53:54 UTC 2019
------------------ testing $PTII/ptolemy/domains/de/test/auto/TimingParadox.xml
auto.tcl: Setting watchdog for 200 seconds at Mon Jul 15 14:53:54 UTC 2019
371 ms. Memory: 48128K Free: 12151K (25%)
ptolemy.util.test.WatchDog.cancel(): canceling Mon Jul 15 14:53:55 UTC 2019
auto.tcl: Setting watchdog for 200 seconds at Mon Jul 15 14:53:55 UTC 2019
391 ms. Memory: 58368K Free: 32924K (56%)
ptolemy.util.test.WatchDog.cancel(): canceling Mon Jul 15 14:53:55 UTC 2019
------------------ testing $PTII/ptolemy/domains/de/test/auto/TransferInputs.xml
auto.tcl: Setting watchdog for 200 seconds at Mon Jul 15 14:53:55 UTC 2019
2 ms. Memory: 51200K Free: 32019K (63%)
ptolemy.util.test.WatchDog.cancel(): canceling Mon Jul 15 14:53:55 UTC 2019
auto.tcl: Setting watchdog for 200 seconds at Mon Jul 15 14:53:55 UTC 2019
2 ms. Memory: 51200K Free: 31120K (61%)
ptolemy.util.test.WatchDog.cancel(): canceling Mon Jul 15 14:53:55 UTC 2019
------------------ testing $PTII/ptolemy/domains/de/test/auto/TransferOutputs2.xml
auto.tcl: Setting watchdog for 200 seconds at Mon Jul 15 14:53:55 UTC 2019
3 ms. Memory: 51200K Free: 29462K (58%)
ptolemy.util.test.WatchDog.cancel(): canceling Mon Jul 15 14:53:55 UTC 2019
auto.tcl: Setting watchdog for 200 seconds at Mon Jul 15 14:53:55 UTC 2019
3 ms. Memory: 51200K Free: 28065K (55%)
ptolemy.util.test.WatchDog.cancel(): canceling Mon Jul 15 14:53:55 UTC 2019
------------------ testing $PTII/ptolemy/domains/de/test/auto/Trilateration.xml
auto.tcl: Setting watchdog for 200 seconds at Mon Jul 15 14:53:55 UTC 2019
13775 ms. Memory: 555008K Free: 465803K (84%)
ptolemy.util.test.WatchDog.cancel(): canceling Mon Jul 15 14:54:10 UTC 2019
auto.tcl: Setting watchdog for 200 seconds at Mon Jul 15 14:54:10 UTC 2019
10928 ms. Memory: 666624K Free: 588623K (88%)
ptolemy.util.test.WatchDog.cancel(): canceling Mon Jul 15 14:54:21 UTC 2019
------------------ testing $PTII/ptolemy/domains/de/test/auto/TwoSigmaDelta.xml
auto.tcl: Setting watchdog for 200 seconds at Mon Jul 15 14:54:21 UTC 2019
2687 ms. Memory: 89088K Free: 25089K (28%)
ptolemy.util.test.WatchDog.cancel(): canceling Mon Jul 15 14:54:24 UTC 2019
auto.tcl: Setting watchdog for 200 seconds at Mon Jul 15 14:54:24 UTC 2019
1921 ms. Memory: 89088K Free: 24556K (28%)
ptolemy.util.test.WatchDog.cancel(): canceling Mon Jul 15 14:54:26 UTC 2019
------------------ testing $PTII/ptolemy/domains/de/test/auto/VariableDelay.xml
auto.tcl: Setting watchdog for 200 seconds at Mon Jul 15 14:54:26 UTC 2019
3 ms. Memory: 51200K Free: 32521K (64%)
ptolemy.util.test.WatchDog.cancel(): canceling Mon Jul 15 14:54:26 UTC 2019
auto.tcl: Setting watchdog for 200 seconds at Mon Jul 15 14:54:26 UTC 2019
2 ms. Memory: 51200K Free: 31511K (62%)
ptolemy.util.test.WatchDog.cancel(): canceling Mon Jul 15 14:54:26 UTC 2019
------------------ testing $PTII/ptolemy/domains/de/test/auto/VariableDelay2.xml
auto.tcl: Setting watchdog for 200 seconds at Mon Jul 15 14:54:26 UTC 2019
7 ms. Memory: 51200K Free: 32829K (64%)
ptolemy.util.test.WatchDog.cancel(): canceling Mon Jul 15 14:54:26 UTC 2019
auto.tcl: Setting watchdog for 200 seconds at Mon Jul 15 14:54:26 UTC 2019
2 ms. Memory: 51200K Free: 31879K (62%)
ptolemy.util.test.WatchDog.cancel(): canceling Mon Jul 15 14:54:26 UTC 2019
------------------ testing $PTII/ptolemy/domains/de/test/auto/VariableDelayZeroDelay.xml
auto.tcl: Setting watchdog for 200 seconds at Mon Jul 15 14:54:26 UTC 2019
2 ms. Memory: 51200K Free: 33545K (66%)
ptolemy.util.test.WatchDog.cancel(): canceling Mon Jul 15 14:54:26 UTC 2019
auto.tcl: Setting watchdog for 200 seconds at Mon Jul 15 14:54:26 UTC 2019
2 ms. Memory: 51200K Free: 32918K (64%)
ptolemy.util.test.WatchDog.cancel(): canceling Mon Jul 15 14:54:26 UTC 2019
------------------ testing $PTII/ptolemy/domains/de/test/auto/VariableDelayZeroDelay2.xml
auto.tcl: Setting watchdog for 200 seconds at Mon Jul 15 14:54:26 UTC 2019
4 ms. Memory: 51200K Free: 33445K (65%)
ptolemy.util.test.WatchDog.cancel(): canceling Mon Jul 15 14:54:26 UTC 2019
auto.tcl: Setting watchdog for 200 seconds at Mon Jul 15 14:54:26 UTC 2019
2 ms. Memory: 51200K Free: 32421K (63%)
ptolemy.util.test.WatchDog.cancel(): canceling Mon Jul 15 14:54:26 UTC 2019
------------------ testing $PTII/ptolemy/domains/de/test/auto/deInCt.xml
auto.tcl: Setting watchdog for 200 seconds at Mon Jul 15 14:54:26 UTC 2019
0
1
1
1
0
0
1
1
1
1
0
0
0
1
1
1
0
0
0
0
1
1
1
0
0
0
0
1
1
1
1
0
0
0
0
0
14 ms. Memory: 48128K Free: 29346K (61%)
ptolemy.util.test.WatchDog.cancel(): canceling Mon Jul 15 14:54:26 UTC 2019
auto.tcl: Setting watchdog for 200 seconds at Mon Jul 15 14:54:26 UTC 2019
0
1
1
0
0
0
1
1
1
0
0
0
1
1
1
1
1
0
0
0
0
1
1
1
1
0
0
0
0
0
1
1
1
1
7 ms. Memory: 48128K Free: 27837K (58%)
ptolemy.util.test.WatchDog.cancel(): canceling Mon Jul 15 14:54:26 UTC 2019
------------------ testing $PTII/ptolemy/domains/de/test/auto/deInCt2.xml
auto.tcl: Setting watchdog for 200 seconds at Mon Jul 15 14:54:26 UTC 2019
0
1
1
1
0
0
1
1
1
0
0
1
1
1
0
0
1
1
1
0
0
1
1
1
0
0
1
1
1
0
0
1
1
1
0
0
1
1
1
0
0
0
14 ms. Memory: 48128K Free: 29349K (61%)
ptolemy.util.test.WatchDog.cancel(): canceling Mon Jul 15 14:54:26 UTC 2019
auto.tcl: Setting watchdog for 200 seconds at Mon Jul 15 14:54:26 UTC 2019
0
1
1
1
0
0
1
1
1
0
0
1
1
1
0
0
1
1
1
0
0
1
1
1
0
0
1
1
1
0
0
1
1
1
0
0
1
1
1
0
0
0
8 ms. Memory: 48128K Free: 27827K (58%)
ptolemy.util.test.WatchDog.cancel(): canceling Mon Jul 15 14:54:26 UTC 2019
------------------ testing $PTII/ptolemy/domains/de/test/auto/dynamicCausalityInterface1.xml
auto.tcl: Setting watchdog for 200 seconds at Mon Jul 15 14:54:26 UTC 2019
1 ms. Memory: 48128K Free: 24703K (51%)
ptolemy.util.test.WatchDog.cancel(): canceling Mon Jul 15 14:54:26 UTC 2019
auto.tcl: Setting watchdog for 200 seconds at Mon Jul 15 14:54:26 UTC 2019
0 ms. Memory: 48128K Free: 24223K (50%)
ptolemy.util.test.WatchDog.cancel(): canceling Mon Jul 15 14:54:26 UTC 2019
------------------ testing $PTII/ptolemy/domains/de/test/auto/fsm_de_test.xml
auto.tcl: Setting watchdog for 200 seconds at Mon Jul 15 14:54:26 UTC 2019
7 ms. Memory: 48128K Free: 25146K (52%)
ptolemy.util.test.WatchDog.cancel(): canceling Mon Jul 15 14:54:26 UTC 2019
auto.tcl: Setting watchdog for 200 seconds at Mon Jul 15 14:54:26 UTC 2019
4 ms. Memory: 48128K Free: 23098K (48%)
ptolemy.util.test.WatchDog.cancel(): canceling Mon Jul 15 14:54:26 UTC 2019
------------------ testing $PTII/ptolemy/domains/de/test/auto/functionDependencyReconstruction.xml
auto.tcl: Setting watchdog for 200 seconds at Mon Jul 15 14:54:26 UTC 2019
2 ms. Memory: 48128K Free: 18992K (39%)
ptolemy.util.test.WatchDog.cancel(): canceling Mon Jul 15 14:54:26 UTC 2019
auto.tcl: Setting watchdog for 200 seconds at Mon Jul 15 14:54:26 UTC 2019
2 ms. Memory: 48128K Free: 16996K (35%)
ptolemy.util.test.WatchDog.cancel(): canceling Mon Jul 15 14:54:26 UTC 2019
------------------ testing $PTII/ptolemy/domains/de/test/auto/multirate.xml
auto.tcl: Setting watchdog for 200 seconds at Mon Jul 15 14:54:26 UTC 2019
3 ms. Memory: 48128K Free: 27219K (57%)
ptolemy.util.test.WatchDog.cancel(): canceling Mon Jul 15 14:54:27 UTC 2019
auto.tcl: Setting watchdog for 200 seconds at Mon Jul 15 14:54:27 UTC 2019
2 ms. Memory: 48128K Free: 26112K (54%)
ptolemy.util.test.WatchDog.cancel(): canceling Mon Jul 15 14:54:27 UTC 2019
------------------ testing $PTII/ptolemy/domains/de/test/auto/multirate2.xml
auto.tcl: Setting watchdog for 200 seconds at Mon Jul 15 14:54:27 UTC 2019
6 ms. Memory: 48128K Free: 27757K (58%)
ptolemy.util.test.WatchDog.cancel(): canceling Mon Jul 15 14:54:27 UTC 2019
auto.tcl: Setting watchdog for 200 seconds at Mon Jul 15 14:54:27 UTC 2019
5 ms. Memory: 48128K Free: 26291K (55%)
ptolemy.util.test.WatchDog.cancel(): canceling Mon Jul 15 14:54:27 UTC 2019
------------------ testing $PTII/ptolemy/domains/de/test/auto/realtime.xml
auto.tcl: Setting watchdog for 200 seconds at Mon Jul 15 14:54:27 UTC 2019
10001 ms. Memory: 48128K Free: 30041K (62%)
ptolemy.util.test.WatchDog.cancel(): canceling Mon Jul 15 14:54:37 UTC 2019
auto.tcl: Setting watchdog for 200 seconds at Mon Jul 15 14:54:37 UTC 2019
10002 ms. Memory: 48128K Free: 29325K (61%)
ptolemy.util.test.WatchDog.cancel(): canceling Mon Jul 15 14:54:47 UTC 2019
------------------ testing $PTII/ptolemy/domains/de/test/auto/relationGroup.xml
auto.tcl: Setting watchdog for 200 seconds at Mon Jul 15 14:54:47 UTC 2019
9 ms. Memory: 48128K Free: 31084K (65%)
ptolemy.util.test.WatchDog.cancel(): canceling Mon Jul 15 14:54:47 UTC 2019
auto.tcl: Setting watchdog for 200 seconds at Mon Jul 15 14:54:47 UTC 2019
1 ms. Memory: 48128K Free: 30375K (63%)
ptolemy.util.test.WatchDog.cancel(): canceling Mon Jul 15 14:54:47 UTC 2019
------------------ testing $PTII/ptolemy/domains/de/test/auto/relationGroup2.xml
auto.tcl: Setting watchdog for 200 seconds at Mon Jul 15 14:54:47 UTC 2019
1 ms. Memory: 48128K Free: 30905K (64%)
ptolemy.util.test.WatchDog.cancel(): canceling Mon Jul 15 14:54:47 UTC 2019
auto.tcl: Setting watchdog for 200 seconds at Mon Jul 15 14:54:47 UTC 2019
1 ms. Memory: 48128K Free: 29938K (62%)
ptolemy.util.test.WatchDog.cancel(): canceling Mon Jul 15 14:54:47 UTC 2019
------------------ testing $PTII/ptolemy/domains/de/test/auto/sortWithOpaquePorts.xml
auto.tcl: Setting watchdog for 200 seconds at Mon Jul 15 14:54:47 UTC 2019
1 ms. Memory: 48128K Free: 29873K (62%)
ptolemy.util.test.WatchDog.cancel(): canceling Mon Jul 15 14:54:47 UTC 2019
auto.tcl: Setting watchdog for 200 seconds at Mon Jul 15 14:54:47 UTC 2019
2 ms. Memory: 48128K Free: 28907K (60%)
ptolemy.util.test.WatchDog.cancel(): canceling Mon Jul 15 14:54:47 UTC 2019
------------------ testing $PTII/ptolemy/domains/de/test/auto/transferInputsandOutputs.xml
auto.tcl: Setting watchdog for 200 seconds at Mon Jul 15 14:54:47 UTC 2019
2 ms. Memory: 48128K Free: 27317K (57%)
ptolemy.util.test.WatchDog.cancel(): canceling Mon Jul 15 14:54:47 UTC 2019
auto.tcl: Setting watchdog for 200 seconds at Mon Jul 15 14:54:47 UTC 2019
3 ms. Memory: 48128K Free: 26348K (55%)
ptolemy.util.test.WatchDog.cancel(): canceling Mon Jul 15 14:54:47 UTC 2019
------------------ testing $PTII/ptolemy/domains/de/test/auto/triggerType.xml
auto.tcl: Setting watchdog for 200 seconds at Mon Jul 15 14:54:47 UTC 2019
1 ms. Memory: 48128K Free: 30342K (63%)
ptolemy.util.test.WatchDog.cancel(): canceling Mon Jul 15 14:54:47 UTC 2019
auto.tcl: Setting watchdog for 200 seconds at Mon Jul 15 14:54:47 UTC 2019
1 ms. Memory: 48128K Free: 29402K (61%)
ptolemy.util.test.WatchDog.cancel(): canceling Mon Jul 15 14:54:47 UTC 2019
07/15/19 02:54:47
Failed: 0  Total Tests: 192  ((Passed: 187, Newly Passed: 1)  Known Failed: 5) /home/travis/build/icyphy/ptII/ptolemy/domains/de/test
07/15/19 02:54:47
Failed: 0  Total Tests: 192  ((Passed: 187, Newly Passed: 1)  Known Failed: 5) /home/travis/build/icyphy/ptII/ptolemy/domains/de/test
----------------- testing (KnownFailure) /home/travis/build/icyphy/ptII/ptolemy/domains/de/test/auto/knownFailedTests/DESDFClockTest.xml
2025 ms. Memory: 48128K Free: 23737K (49%)
Known Failure: java.lang.reflect.InvocationTargetException
----------------- testing (KnownFailure) /home/travis/build/icyphy/ptII/ptolemy/domains/de/test/auto/knownFailedTests/DirectFeedback.xml
1 ms. Memory: 48128K Free: 19131K (40%)
Known Failure: java.lang.reflect.InvocationTargetException
----------------- testing (KnownFailure) /home/travis/build/icyphy/ptII/ptolemy/domains/de/test/auto/knownFailedTests/FSMSource.xml
13 ms. Memory: 48128K Free: 11963K (25%)
----------------- testing (KnownFailure) /home/travis/build/icyphy/ptII/ptolemy/domains/de/test/auto/knownFailedTests/HierarchicalModel.xml
6 ms. Memory: 48128K Free: 22059K (46%)
Known Failure: java.lang.reflect.InvocationTargetException
----------------- testing (KnownFailure) /home/travis/build/icyphy/ptII/ptolemy/domains/de/test/auto/knownFailedTests/dependencyLoop.xml
8 ms. Memory: 48128K Free: 32713K (68%)
Known Failure: java.lang.reflect.InvocationTargetException
----------------- testing (KnownFailure) /home/travis/build/icyphy/ptII/ptolemy/domains/de/test/auto/knownFailedTests/dependencyLoop2.xml
7 ms. Memory: 48128K Free: 17500K (36%)
Known Failure: java.lang.reflect.InvocationTargetException
No auto/linux-amd64/*.xml tests in /home/travis/build/icyphy/ptII/ptolemy/domains/de/test
AutoTests.java: About to close Vertx.
AutoTests.java: Vertx closed.

===========================================================================================
----------------- testing Mon Jul 15 14:54:49 UTC 2019 /home/travis/build/icyphy/ptII/ptolemy/domains/de/test/auto/ActorDepthCalculation_actorWithoutPorts.xml
----------------- Instantiating /home/travis/build/icyphy/ptII/ptolemy/domains/de/test/auto/ActorDepthCalculation_actorWithoutPorts.xml
2 ms. Memory: 48128K Free: 11202K (23%)
----------------- Invoking toplevel() on ptolemy.moml.MoMLSimpleApplication@2d66b587
----------------- Done invoking toplevel() on ptolemy.moml.MoMLSimpleApplication@2d66b587
reloadAllAccessors: .ActorDepthCalculation_actorWithoutPorts

===========================================================================================
----------------- testing Mon Jul 15 14:54:49 UTC 2019 /home/travis/build/icyphy/ptII/ptolemy/domains/de/test/auto/AssemblyLine.xml
----------------- Instantiating /home/travis/build/icyphy/ptII/ptolemy/domains/de/test/auto/AssemblyLine.xml
2 ms. Memory: 48128K Free: 29842K (62%)
----------------- Invoking toplevel() on ptolemy.moml.MoMLSimpleApplication@2ac44f7f
----------------- Done invoking toplevel() on ptolemy.moml.MoMLSimpleApplication@2ac44f7f
reloadAllAccessors: .AssemblyLine

===========================================================================================
----------------- testing Mon Jul 15 14:54:49 UTC 2019 /home/travis/build/icyphy/ptII/ptolemy/domains/de/test/auto/CQBug1.xml
----------------- Instantiating /home/travis/build/icyphy/ptII/ptolemy/domains/de/test/auto/CQBug1.xml
0 ms. Memory: 48128K Free: 26943K (56%)
----------------- Invoking toplevel() on ptolemy.moml.MoMLSimpleApplication@5af4269d
----------------- Done invoking toplevel() on ptolemy.moml.MoMLSimpleApplication@5af4269d
reloadAllAccessors: .CQBug1

===========================================================================================
----------------- testing Mon Jul 15 14:54:49 UTC 2019 /home/travis/build/icyphy/ptII/ptolemy/domains/de/test/auto/CancelFireAt.xml
----------------- Instantiating /home/travis/build/icyphy/ptII/ptolemy/domains/de/test/auto/CancelFireAt.xml
2 ms. Memory: 48128K Free: 24487K (51%)
----------------- Invoking toplevel() on ptolemy.moml.MoMLSimpleApplication@2832df46
----------------- Done invoking toplevel() on ptolemy.moml.MoMLSimpleApplication@2832df46
reloadAllAccessors: .CancelFireAt

===========================================================================================
----------------- testing Mon Jul 15 14:54:49 UTC 2019 /home/travis/build/icyphy/ptII/ptolemy/domains/de/test/auto/CausalityAndComposabilityAnalysis.xml
----------------- Instantiating /home/travis/build/icyphy/ptII/ptolemy/domains/de/test/auto/CausalityAndComposabilityAnalysis.xml
2 ms. Memory: 48128K Free: 20198K (42%)
----------------- Invoking toplevel() on ptolemy.moml.MoMLSimpleApplication@52c98711
----------------- Done invoking toplevel() on ptolemy.moml.MoMLSimpleApplication@52c98711
reloadAllAccessors: .CausalityAndComposabilityAnalysis

===========================================================================================
----------------- testing Mon Jul 15 14:54:49 UTC 2019 /home/travis/build/icyphy/ptII/ptolemy/domains/de/test/auto/CausalityInterface1.xml
----------------- Instantiating /home/travis/build/icyphy/ptII/ptolemy/domains/de/test/auto/CausalityInterface1.xml
5 ms. Memory: 48128K Free: 15506K (32%)
----------------- Invoking toplevel() on ptolemy.moml.MoMLSimpleApplication@2b4690b4
----------------- Done invoking toplevel() on ptolemy.moml.MoMLSimpleApplication@2b4690b4
reloadAllAccessors: .CausalityInterface1

===========================================================================================
----------------- testing Mon Jul 15 14:54:49 UTC 2019 /home/travis/build/icyphy/ptII/ptolemy/domains/de/test/auto/CausalityInterface15.xml
----------------- Instantiating /home/travis/build/icyphy/ptII/ptolemy/domains/de/test/auto/CausalityInterface15.xml
9 ms. Memory: 48128K Free: 9950K (21%)
----------------- Invoking toplevel() on ptolemy.moml.MoMLSimpleApplication@231e7d8e
----------------- Done invoking toplevel() on ptolemy.moml.MoMLSimpleApplication@231e7d8e
reloadAllAccessors: .CausalityInterface15

===========================================================================================
----------------- testing Mon Jul 15 14:54:49 UTC 2019 /home/travis/build/icyphy/ptII/ptolemy/domains/de/test/auto/CausalityInterface2.xml
----------------- Instantiating /home/travis/build/icyphy/ptII/ptolemy/domains/de/test/auto/CausalityInterface2.xml
1 ms. Memory: 48128K Free: 31021K (64%)
----------------- Invoking toplevel() on ptolemy.moml.MoMLSimpleApplication@65aa9be5
----------------- Done invoking toplevel() on ptolemy.moml.MoMLSimpleApplication@65aa9be5
reloadAllAccessors: .CausalityInterface2

===========================================================================================
----------------- testing Mon Jul 15 14:54:49 UTC 2019 /home/travis/build/icyphy/ptII/ptolemy/domains/de/test/auto/CausalityInterface3.xml
----------------- Instantiating /home/travis/build/icyphy/ptII/ptolemy/domains/de/test/auto/CausalityInterface3.xml
2 ms. Memory: 48128K Free: 26106K (54%)
----------------- Invoking toplevel() on ptolemy.moml.MoMLSimpleApplication@6024a368
----------------- Done invoking toplevel() on ptolemy.moml.MoMLSimpleApplication@6024a368
reloadAllAccessors: .CausalityInterface3

===========================================================================================
----------------- testing Mon Jul 15 14:54:49 UTC 2019 /home/travis/build/icyphy/ptII/ptolemy/domains/de/test/auto/ClockDrift.xml
----------------- Instantiating /home/travis/build/icyphy/ptII/ptolemy/domains/de/test/auto/ClockDrift.xml
16 ms. Memory: 48128K Free: 14293K (30%)
----------------- Invoking toplevel() on ptolemy.moml.MoMLSimpleApplication@2b1cef6b
----------------- Done invoking toplevel() on ptolemy.moml.MoMLSimpleApplication@2b1cef6b
reloadAllAccessors: .ClockDrift

===========================================================================================
----------------- testing Mon Jul 15 14:54:50 UTC 2019 /home/travis/build/icyphy/ptII/ptolemy/domains/de/test/auto/ClockDriftAndValueChange.xml
----------------- Instantiating /home/travis/build/icyphy/ptII/ptolemy/domains/de/test/auto/ClockDriftAndValueChange.xml
11 ms. Memory: 48128K Free: 28196K (59%)
----------------- Invoking toplevel() on ptolemy.moml.MoMLSimpleApplication@431b004c
----------------- Done invoking toplevel() on ptolemy.moml.MoMLSimpleApplication@431b004c
reloadAllAccessors: .ClockDriftAndValueChange

===========================================================================================
----------------- testing Mon Jul 15 14:54:50 UTC 2019 /home/travis/build/icyphy/ptII/ptolemy/domains/de/test/auto/ClockDriftChange.xml
----------------- Instantiating /home/travis/build/icyphy/ptII/ptolemy/domains/de/test/auto/ClockDriftChange.xml
9 ms. Memory: 48128K Free: 18284K (38%)
----------------- Invoking toplevel() on ptolemy.moml.MoMLSimpleApplication@2fda19db
----------------- Done invoking toplevel() on ptolemy.moml.MoMLSimpleApplication@2fda19db
reloadAllAccessors: .ClockDriftChange

===========================================================================================
----------------- testing Mon Jul 15 14:54:50 UTC 2019 /home/travis/build/icyphy/ptII/ptolemy/domains/de/test/auto/ComposableCausalityAnalysis.xml
----------------- Instantiating /home/travis/build/icyphy/ptII/ptolemy/domains/de/test/auto/ComposableCausalityAnalysis.xml
1 ms. Memory: 48128K Free: 12274K (26%)
----------------- Invoking toplevel() on ptolemy.moml.MoMLSimpleApplication@20180c28
----------------- Done invoking toplevel() on ptolemy.moml.MoMLSimpleApplication@20180c28
reloadAllAccessors: .ComposableCausalityAnalysis

===========================================================================================
----------------- testing Mon Jul 15 14:54:50 UTC 2019 /home/travis/build/icyphy/ptII/ptolemy/domains/de/test/auto/DEFixedPointLimitation.xml
----------------- Instantiating /home/travis/build/icyphy/ptII/ptolemy/domains/de/test/auto/DEFixedPointLimitation.xml
0 ms. Memory: 48128K Free: 32493K (68%)
----------------- Invoking toplevel() on ptolemy.moml.MoMLSimpleApplication@7cb3194
----------------- Done invoking toplevel() on ptolemy.moml.MoMLSimpleApplication@7cb3194
reloadAllAccessors: .DEFixedPointLimitation

===========================================================================================
----------------- testing Mon Jul 15 14:54:50 UTC 2019 /home/travis/build/icyphy/ptII/ptolemy/domains/de/test/auto/DEScheduleTest.xml
----------------- Instantiating /home/travis/build/icyphy/ptII/ptolemy/domains/de/test/auto/DEScheduleTest.xml
3 ms. Memory: 48128K Free: 28300K (59%)
----------------- Invoking toplevel() on ptolemy.moml.MoMLSimpleApplication@2439f7f8
----------------- Done invoking toplevel() on ptolemy.moml.MoMLSimpleApplication@2439f7f8
reloadAllAccessors: .DEScheduleTest

===========================================================================================
----------------- testing Mon Jul 15 14:54:50 UTC 2019 /home/travis/build/icyphy/ptII/ptolemy/domains/de/test/auto/DEinDEwithStartTimes.xml
----------------- Instantiating /home/travis/build/icyphy/ptII/ptolemy/domains/de/test/auto/DEinDEwithStartTimes.xml
2 ms. Memory: 48128K Free: 22487K (47%)
----------------- Invoking toplevel() on ptolemy.moml.MoMLSimpleApplication@669e7b25
----------------- Done invoking toplevel() on ptolemy.moml.MoMLSimpleApplication@669e7b25
reloadAllAccessors: .DEinDEwithStartTimes

===========================================================================================
----------------- testing Mon Jul 15 14:54:50 UTC 2019 /home/travis/build/icyphy/ptII/ptolemy/domains/de/test/auto/DEinDEwithStartTimes2.xml
----------------- Instantiating /home/travis/build/icyphy/ptII/ptolemy/domains/de/test/auto/DEinDEwithStartTimes2.xml
2 ms. Memory: 48128K Free: 16109K (33%)
----------------- Invoking toplevel() on ptolemy.moml.MoMLSimpleApplication@46c67d3c
----------------- Done invoking toplevel() on ptolemy.moml.MoMLSimpleApplication@46c67d3c
reloadAllAccessors: .DEinDEwithStartTimes2

===========================================================================================
----------------- testing Mon Jul 15 14:54:50 UTC 2019 /home/travis/build/icyphy/ptII/ptolemy/domains/de/test/auto/DateDemo.xml
----------------- Instantiating /home/travis/build/icyphy/ptII/ptolemy/domains/de/test/auto/DateDemo.xml
8 ms. Memory: 48128K Free: 29087K (60%)
----------------- Invoking toplevel() on ptolemy.moml.MoMLSimpleApplication@7e944565
----------------- Done invoking toplevel() on ptolemy.moml.MoMLSimpleApplication@7e944565
reloadAllAccessors: .DateDemo

===========================================================================================
----------------- testing Mon Jul 15 14:54:50 UTC 2019 /home/travis/build/icyphy/ptII/ptolemy/domains/de/test/auto/DateToEvent.xml
----------------- Instantiating /home/travis/build/icyphy/ptII/ptolemy/domains/de/test/auto/DateToEvent.xml
2005 ms. Memory: 48128K Free: 13677K (28%)
----------------- Invoking toplevel() on ptolemy.moml.MoMLSimpleApplication@6b97e666
----------------- Done invoking toplevel() on ptolemy.moml.MoMLSimpleApplication@6b97e666
reloadAllAccessors: .DateToEvent

===========================================================================================
----------------- testing Mon Jul 15 14:54:52 UTC 2019 /home/travis/build/icyphy/ptII/ptolemy/domains/de/test/auto/DepthTest1.xml
----------------- Instantiating /home/travis/build/icyphy/ptII/ptolemy/domains/de/test/auto/DepthTest1.xml
1 ms. Memory: 48128K Free: 10901K (23%)
----------------- Invoking toplevel() on ptolemy.moml.MoMLSimpleApplication@664fa963
----------------- Done invoking toplevel() on ptolemy.moml.MoMLSimpleApplication@664fa963
reloadAllAccessors: .DepthTest1

===========================================================================================
----------------- testing Mon Jul 15 14:54:52 UTC 2019 /home/travis/build/icyphy/ptII/ptolemy/domains/de/test/auto/DepthTest2.xml
----------------- Instantiating /home/travis/build/icyphy/ptII/ptolemy/domains/de/test/auto/DepthTest2.xml
1 ms. Memory: 48128K Free: 29274K (61%)
----------------- Invoking toplevel() on ptolemy.moml.MoMLSimpleApplication@1db38a61
----------------- Done invoking toplevel() on ptolemy.moml.MoMLSimpleApplication@1db38a61
reloadAllAccessors: .DepthTest2

===========================================================================================
----------------- testing Mon Jul 15 14:54:52 UTC 2019 /home/travis/build/icyphy/ptII/ptolemy/domains/de/test/auto/DepthTest3.xml
----------------- Instantiating /home/travis/build/icyphy/ptII/ptolemy/domains/de/test/auto/DepthTest3.xml
1 ms. Memory: 48128K Free: 26406K (55%)
----------------- Invoking toplevel() on ptolemy.moml.MoMLSimpleApplication@3208ad4a
----------------- Done invoking toplevel() on ptolemy.moml.MoMLSimpleApplication@3208ad4a
reloadAllAccessors: .DepthTest3

===========================================================================================
----------------- testing Mon Jul 15 14:54:52 UTC 2019 /home/travis/build/icyphy/ptII/ptolemy/domains/de/test/auto/DepthTest4.xml
----------------- Instantiating /home/travis/build/icyphy/ptII/ptolemy/domains/de/test/auto/DepthTest4.xml
3 ms. Memory: 48128K Free: 21630K (45%)
----------------- Invoking toplevel() on ptolemy.moml.MoMLSimpleApplication@3b2cf1f1
----------------- Done invoking toplevel() on ptolemy.moml.MoMLSimpleApplication@3b2cf1f1
reloadAllAccessors: .DepthTest4

===========================================================================================
----------------- testing Mon Jul 15 14:54:52 UTC 2019 /home/travis/build/icyphy/ptII/ptolemy/domains/de/test/auto/DepthTest5.xml
----------------- Instantiating /home/travis/build/icyphy/ptII/ptolemy/domains/de/test/auto/DepthTest5.xml
2 ms. Memory: 48128K Free: 16344K (34%)
----------------- Invoking toplevel() on ptolemy.moml.MoMLSimpleApplication@4e3e4617
----------------- Done invoking toplevel() on ptolemy.moml.MoMLSimpleApplication@4e3e4617
reloadAllAccessors: .DepthTest5

===========================================================================================
----------------- testing Mon Jul 15 14:54:52 UTC 2019 /home/travis/build/icyphy/ptII/ptolemy/domains/de/test/auto/DepthTest6.xml
----------------- Instantiating /home/travis/build/icyphy/ptII/ptolemy/domains/de/test/auto/DepthTest6.xml
2 ms. Memory: 48128K Free: 11028K (23%)
----------------- Invoking toplevel() on ptolemy.moml.MoMLSimpleApplication@d56e77
----------------- Done invoking toplevel() on ptolemy.moml.MoMLSimpleApplication@d56e77
reloadAllAccessors: .DepthTest6

===========================================================================================
----------------- testing Mon Jul 15 14:54:52 UTC 2019 /home/travis/build/icyphy/ptII/ptolemy/domains/de/test/auto/DepthTest7.xml
----------------- Instantiating /home/travis/build/icyphy/ptII/ptolemy/domains/de/test/auto/DepthTest7.xml
1 ms. Memory: 48128K Free: 30701K (64%)
----------------- Invoking toplevel() on ptolemy.moml.MoMLSimpleApplication@735b57b4
----------------- Done invoking toplevel() on ptolemy.moml.MoMLSimpleApplication@735b57b4
reloadAllAccessors: .DepthTest7

===========================================================================================
----------------- testing Mon Jul 15 14:54:52 UTC 2019 /home/travis/build/icyphy/ptII/ptolemy/domains/de/test/auto/EventToDate.xml
----------------- Instantiating /home/travis/build/icyphy/ptII/ptolemy/domains/de/test/auto/EventToDate.xml
3008 ms. Memory: 48128K Free: 17215K (36%)
----------------- Invoking toplevel() on ptolemy.moml.MoMLSimpleApplication@7f79aaa
----------------- Done invoking toplevel() on ptolemy.moml.MoMLSimpleApplication@7f79aaa
reloadAllAccessors: .EventToDate

===========================================================================================
----------------- testing Mon Jul 15 14:54:55 UTC 2019 /home/travis/build/icyphy/ptII/ptolemy/domains/de/test/auto/FSM1.xml
----------------- Instantiating /home/travis/build/icyphy/ptII/ptolemy/domains/de/test/auto/FSM1.xml
14 ms. Memory: 48128K Free: 29590K (61%)
----------------- Invoking toplevel() on ptolemy.moml.MoMLSimpleApplication@185f7eb4
----------------- Done invoking toplevel() on ptolemy.moml.MoMLSimpleApplication@185f7eb4
reloadAllAccessors: .FSM1

===========================================================================================
----------------- testing Mon Jul 15 14:54:55 UTC 2019 /home/travis/build/icyphy/ptII/ptolemy/domains/de/test/auto/FSM7.xml
----------------- Instantiating /home/travis/build/icyphy/ptII/ptolemy/domains/de/test/auto/FSM7.xml
16 ms. Memory: 48128K Free: 17272K (36%)
----------------- Invoking toplevel() on ptolemy.moml.MoMLSimpleApplication@4b30d7e8
----------------- Done invoking toplevel() on ptolemy.moml.MoMLSimpleApplication@4b30d7e8
reloadAllAccessors: .FSM7

===========================================================================================
----------------- testing Mon Jul 15 14:54:55 UTC 2019 /home/travis/build/icyphy/ptII/ptolemy/domains/de/test/auto/Inspection.xml
----------------- Instantiating /home/travis/build/icyphy/ptII/ptolemy/domains/de/test/auto/Inspection.xml
16 ms. Memory: 48128K Free: 29743K (62%)
----------------- Invoking toplevel() on ptolemy.moml.MoMLSimpleApplication@66cf2611
----------------- Done invoking toplevel() on ptolemy.moml.MoMLSimpleApplication@66cf2611
reloadAllAccessors: .Inspection

===========================================================================================
----------------- testing Mon Jul 15 14:54:55 UTC 2019 /home/travis/build/icyphy/ptII/ptolemy/domains/de/test/auto/Iteration.xml
----------------- Instantiating /home/travis/build/icyphy/ptII/ptolemy/domains/de/test/auto/Iteration.xml
9 ms. Memory: 48128K Free: 22833K (47%)
----------------- Invoking toplevel() on ptolemy.moml.MoMLSimpleApplication@1e76aaf7
----------------- Done invoking toplevel() on ptolemy.moml.MoMLSimpleApplication@1e76aaf7
reloadAllAccessors: .Iteration

===========================================================================================
----------------- testing Mon Jul 15 14:54:55 UTC 2019 /home/travis/build/icyphy/ptII/ptolemy/domains/de/test/auto/LineFault.xml
----------------- Instantiating /home/travis/build/icyphy/ptII/ptolemy/domains/de/test/auto/LineFault.xml
490 ms. Memory: 48128K Free: 25046K (52%)
----------------- Invoking toplevel() on ptolemy.moml.MoMLSimpleApplication@2ad2fd00
----------------- Done invoking toplevel() on ptolemy.moml.MoMLSimpleApplication@2ad2fd00
reloadAllAccessors: .LineFault

===========================================================================================
----------------- testing Mon Jul 15 14:54:56 UTC 2019 /home/travis/build/icyphy/ptII/ptolemy/domains/de/test/auto/MergeModel1Add.xml
----------------- Instantiating /home/travis/build/icyphy/ptII/ptolemy/domains/de/test/auto/MergeModel1Add.xml
6 ms. Memory: 48128K Free: 27089K (56%)
----------------- Invoking toplevel() on ptolemy.moml.MoMLSimpleApplication@2f6be123
----------------- Done invoking toplevel() on ptolemy.moml.MoMLSimpleApplication@2f6be123
reloadAllAccessors: .MergeModel1Add

===========================================================================================
----------------- testing Mon Jul 15 14:54:56 UTC 2019 /home/travis/build/icyphy/ptII/ptolemy/domains/de/test/auto/MergeModel2Add.xml
----------------- Instantiating /home/travis/build/icyphy/ptII/ptolemy/domains/de/test/auto/MergeModel2Add.xml
6 ms. Memory: 48128K Free: 29471K (61%)
----------------- Invoking toplevel() on ptolemy.moml.MoMLSimpleApplication@72c43551
----------------- Done invoking toplevel() on ptolemy.moml.MoMLSimpleApplication@72c43551
reloadAllAccessors: .MergeModel2Add

===========================================================================================
----------------- testing Mon Jul 15 14:54:56 UTC 2019 /home/travis/build/icyphy/ptII/ptolemy/domains/de/test/auto/MergeModel3Add.xml
----------------- Instantiating /home/travis/build/icyphy/ptII/ptolemy/domains/de/test/auto/MergeModel3Add.xml
6 ms. Memory: 48128K Free: 11828K (25%)
----------------- Invoking toplevel() on ptolemy.moml.MoMLSimpleApplication@4adf7a2e
----------------- Done invoking toplevel() on ptolemy.moml.MoMLSimpleApplication@4adf7a2e
reloadAllAccessors: .MergeModel3Add

===========================================================================================
----------------- testing Mon Jul 15 14:54:56 UTC 2019 /home/travis/build/icyphy/ptII/ptolemy/domains/de/test/auto/MergeWithoutDiscard.xml
----------------- Instantiating /home/travis/build/icyphy/ptII/ptolemy/domains/de/test/auto/MergeWithoutDiscard.xml
1 ms. Memory: 48128K Free: 28448K (59%)
----------------- Invoking toplevel() on ptolemy.moml.MoMLSimpleApplication@5456cb00
----------------- Done invoking toplevel() on ptolemy.moml.MoMLSimpleApplication@5456cb00
reloadAllAccessors: .MergeWithoutDiscard

===========================================================================================
----------------- testing Mon Jul 15 14:54:56 UTC 2019 /home/travis/build/icyphy/ptII/ptolemy/domains/de/test/auto/Modal1.xml
----------------- Instantiating /home/travis/build/icyphy/ptII/ptolemy/domains/de/test/auto/Modal1.xml
7 ms. Memory: 48128K Free: 16385K (34%)
----------------- Invoking toplevel() on ptolemy.moml.MoMLSimpleApplication@169d2e56
----------------- Done invoking toplevel() on ptolemy.moml.MoMLSimpleApplication@169d2e56
reloadAllAccessors: .Modal1

===========================================================================================
----------------- testing Mon Jul 15 14:54:56 UTC 2019 /home/travis/build/icyphy/ptII/ptolemy/domains/de/test/auto/Modal2.xml
----------------- Instantiating /home/travis/build/icyphy/ptII/ptolemy/domains/de/test/auto/Modal2.xml
6 ms. Memory: 48128K Free: 25794K (54%)
----------------- Invoking toplevel() on ptolemy.moml.MoMLSimpleApplication@68e1fe58
----------------- Done invoking toplevel() on ptolemy.moml.MoMLSimpleApplication@68e1fe58
reloadAllAccessors: .Modal2

===========================================================================================
----------------- testing Mon Jul 15 14:54:56 UTC 2019 /home/travis/build/icyphy/ptII/ptolemy/domains/de/test/auto/Modal3.xml
----------------- Instantiating /home/travis/build/icyphy/ptII/ptolemy/domains/de/test/auto/Modal3.xml
8 ms. Memory: 48128K Free: 13628K (28%)
----------------- Invoking toplevel() on ptolemy.moml.MoMLSimpleApplication@6b68619f
----------------- Done invoking toplevel() on ptolemy.moml.MoMLSimpleApplication@6b68619f
reloadAllAccessors: .Modal3

===========================================================================================
----------------- testing Mon Jul 15 14:54:56 UTC 2019 /home/travis/build/icyphy/ptII/ptolemy/domains/de/test/auto/Modal4.xml
----------------- Instantiating /home/travis/build/icyphy/ptII/ptolemy/domains/de/test/auto/Modal4.xml
12 ms. Memory: 48128K Free: 22121K (46%)
----------------- Invoking toplevel() on ptolemy.moml.MoMLSimpleApplication@1d07aa9f
----------------- Done invoking toplevel() on ptolemy.moml.MoMLSimpleApplication@1d07aa9f
reloadAllAccessors: .Modal4

===========================================================================================
----------------- testing Mon Jul 15 14:54:56 UTC 2019 /home/travis/build/icyphy/ptII/ptolemy/domains/de/test/auto/Modal5.xml
----------------- Instantiating /home/travis/build/icyphy/ptII/ptolemy/domains/de/test/auto/Modal5.xml
20 ms. Memory: 66560K Free: 48183K (72%)
----------------- Invoking toplevel() on ptolemy.moml.MoMLSimpleApplication@7082ee55
----------------- Done invoking toplevel() on ptolemy.moml.MoMLSimpleApplication@7082ee55
reloadAllAccessors: .Modal5

===========================================================================================
----------------- testing Mon Jul 15 14:54:56 UTC 2019 /home/travis/build/icyphy/ptII/ptolemy/domains/de/test/auto/Modal6.xml
----------------- Instantiating /home/travis/build/icyphy/ptII/ptolemy/domains/de/test/auto/Modal6.xml
12 ms. Memory: 66560K Free: 35624K (54%)
----------------- Invoking toplevel() on ptolemy.moml.MoMLSimpleApplication@29323404
----------------- Done invoking toplevel() on ptolemy.moml.MoMLSimpleApplication@29323404
reloadAllAccessors: .Modal6

===========================================================================================
----------------- testing Mon Jul 15 14:54:56 UTC 2019 /home/travis/build/icyphy/ptII/ptolemy/domains/de/test/auto/Modal7.xml
----------------- Instantiating /home/travis/build/icyphy/ptII/ptolemy/domains/de/test/auto/Modal7.xml
7 ms. Memory: 66560K Free: 22540K (34%)
----------------- Invoking toplevel() on ptolemy.moml.MoMLSimpleApplication@135a9819
----------------- Done invoking toplevel() on ptolemy.moml.MoMLSimpleApplication@135a9819
reloadAllAccessors: .Modal7

===========================================================================================
----------------- testing Mon Jul 15 14:54:56 UTC 2019 /home/travis/build/icyphy/ptII/ptolemy/domains/de/test/auto/ModalModel.xml
----------------- Instantiating /home/travis/build/icyphy/ptII/ptolemy/domains/de/test/auto/ModalModel.xml
126 ms. Memory: 66560K Free: 18067K (27%)
----------------- Invoking toplevel() on ptolemy.moml.MoMLSimpleApplication@5ae86b3
----------------- Done invoking toplevel() on ptolemy.moml.MoMLSimpleApplication@5ae86b3
reloadAllAccessors: .ModalModel

===========================================================================================
----------------- testing Mon Jul 15 14:54:56 UTC 2019 /home/travis/build/icyphy/ptII/ptolemy/domains/de/test/auto/ModalSource.xml
----------------- Instantiating /home/travis/build/icyphy/ptII/ptolemy/domains/de/test/auto/ModalSource.xml
4 ms. Memory: 66560K Free: 41230K (62%)
----------------- Invoking toplevel() on ptolemy.moml.MoMLSimpleApplication@2cb0094a
----------------- Done invoking toplevel() on ptolemy.moml.MoMLSimpleApplication@2cb0094a
reloadAllAccessors: .ModalSource

===========================================================================================
----------------- testing Mon Jul 15 14:54:56 UTC 2019 /home/travis/build/icyphy/ptII/ptolemy/domains/de/test/auto/NonInterruptibleTimerZeroDelay.xml
----------------- Instantiating /home/travis/build/icyphy/ptII/ptolemy/domains/de/test/auto/NonInterruptibleTimerZeroDelay.xml
1 ms. Memory: 66560K Free: 37172K (56%)
----------------- Invoking toplevel() on ptolemy.moml.MoMLSimpleApplication@17f4ffe
----------------- Done invoking toplevel() on ptolemy.moml.MoMLSimpleApplication@17f4ffe
reloadAllAccessors: .NonInterruptibleTimerZeroDelay

===========================================================================================
----------------- testing Mon Jul 15 14:54:56 UTC 2019 /home/travis/build/icyphy/ptII/ptolemy/domains/de/test/auto/OpenQueueingNetwork.xml
----------------- Instantiating /home/travis/build/icyphy/ptII/ptolemy/domains/de/test/auto/OpenQueueingNetwork.xml
2495 ms. Memory: 239616K Free: 136043K (57%)
----------------- Invoking toplevel() on ptolemy.moml.MoMLSimpleApplication@668affa2
----------------- Done invoking toplevel() on ptolemy.moml.MoMLSimpleApplication@668affa2
reloadAllAccessors: .OpenQueueingNetwork

===========================================================================================
----------------- testing Mon Jul 15 14:54:59 UTC 2019 /home/travis/build/icyphy/ptII/ptolemy/domains/de/test/auto/OpenQueuingNetwork.xml
----------------- Instantiating /home/travis/build/icyphy/ptII/ptolemy/domains/de/test/auto/OpenQueuingNetwork.xml
230 ms. Memory: 239616K Free: 194137K (81%)
----------------- Invoking toplevel() on ptolemy.moml.MoMLSimpleApplication@500de296
----------------- Done invoking toplevel() on ptolemy.moml.MoMLSimpleApplication@500de296
reloadAllAccessors: .OpenQueuingNetwork

===========================================================================================
----------------- testing Mon Jul 15 14:54:59 UTC 2019 /home/travis/build/icyphy/ptII/ptolemy/domains/de/test/auto/PeriodicSampler.xml
----------------- Instantiating /home/travis/build/icyphy/ptII/ptolemy/domains/de/test/auto/PeriodicSampler.xml
2 ms. Memory: 239616K Free: 190012K (79%)
----------------- Invoking toplevel() on ptolemy.moml.MoMLSimpleApplication@33f2ffdd
----------------- Done invoking toplevel() on ptolemy.moml.MoMLSimpleApplication@33f2ffdd
reloadAllAccessors: .PeriodicSampler

===========================================================================================
----------------- testing Mon Jul 15 14:54:59 UTC 2019 /home/travis/build/icyphy/ptII/ptolemy/domains/de/test/auto/PersistentIO.xml
----------------- Instantiating /home/travis/build/icyphy/ptII/ptolemy/domains/de/test/auto/PersistentIO.xml
5 ms. Memory: 239616K Free: 180251K (75%)
----------------- Invoking toplevel() on ptolemy.moml.MoMLSimpleApplication@298f2657
----------------- Done invoking toplevel() on ptolemy.moml.MoMLSimpleApplication@298f2657
reloadAllAccessors: .PersistentIO

===========================================================================================
----------------- testing Mon Jul 15 14:54:59 UTC 2019 /home/travis/build/icyphy/ptII/ptolemy/domains/de/test/auto/PortParameterResetOnInitialize.xml
----------------- Instantiating /home/travis/build/icyphy/ptII/ptolemy/domains/de/test/auto/PortParameterResetOnInitialize.xml
2 ms. Memory: 239616K Free: 175676K (73%)
----------------- Invoking toplevel() on ptolemy.moml.MoMLSimpleApplication@24feb705
----------------- Done invoking toplevel() on ptolemy.moml.MoMLSimpleApplication@24feb705
reloadAllAccessors: .PortParameterResetOnInitialize

===========================================================================================
----------------- testing Mon Jul 15 14:54:59 UTC 2019 /home/travis/build/icyphy/ptII/ptolemy/domains/de/test/auto/PortParameterUpdates.xml
----------------- Instantiating /home/travis/build/icyphy/ptII/ptolemy/domains/de/test/auto/PortParameterUpdates.xml
5 ms. Memory: 239616K Free: 169004K (71%)
----------------- Invoking toplevel() on ptolemy.moml.MoMLSimpleApplication@7e7ac669
----------------- Done invoking toplevel() on ptolemy.moml.MoMLSimpleApplication@7e7ac669
reloadAllAccessors: .PortParameterUpdates

===========================================================================================
----------------- testing Mon Jul 15 14:54:59 UTC 2019 /home/travis/build/icyphy/ptII/ptolemy/domains/de/test/auto/QueueAndServer.xml
----------------- Instantiating /home/travis/build/icyphy/ptII/ptolemy/domains/de/test/auto/QueueAndServer.xml
5 ms. Memory: 239616K Free: 161340K (67%)
----------------- Invoking toplevel() on ptolemy.moml.MoMLSimpleApplication@1d74f5e9
----------------- Done invoking toplevel() on ptolemy.moml.MoMLSimpleApplication@1d74f5e9
reloadAllAccessors: .QueueAndServer

===========================================================================================
----------------- testing Mon Jul 15 14:54:59 UTC 2019 /home/travis/build/icyphy/ptII/ptolemy/domains/de/test/auto/Records.xml
----------------- Instantiating /home/travis/build/icyphy/ptII/ptolemy/domains/de/test/auto/Records.xml
8 ms. Memory: 239616K Free: 155706K (65%)
----------------- Invoking toplevel() on ptolemy.moml.MoMLSimpleApplication@2519532b
----------------- Done invoking toplevel() on ptolemy.moml.MoMLSimpleApplication@2519532b
reloadAllAccessors: .Records

===========================================================================================
----------------- testing Mon Jul 15 14:54:59 UTC 2019 /home/travis/build/icyphy/ptII/ptolemy/domains/de/test/auto/ResetTransitionWithStartTime1.xml
----------------- Instantiating /home/travis/build/icyphy/ptII/ptolemy/domains/de/test/auto/ResetTransitionWithStartTime1.xml
5 ms. Memory: 239616K Free: 147500K (62%)
----------------- Invoking toplevel() on ptolemy.moml.MoMLSimpleApplication@78267884
----------------- Done invoking toplevel() on ptolemy.moml.MoMLSimpleApplication@78267884
reloadAllAccessors: .ResetTransitionWithStartTime1

===========================================================================================
----------------- testing Mon Jul 15 14:54:59 UTC 2019 /home/travis/build/icyphy/ptII/ptolemy/domains/de/test/auto/ResetTransitionWithStartTime2.xml
----------------- Instantiating /home/travis/build/icyphy/ptII/ptolemy/domains/de/test/auto/ResetTransitionWithStartTime2.xml
4 ms. Memory: 239616K Free: 139308K (58%)
----------------- Invoking toplevel() on ptolemy.moml.MoMLSimpleApplication@499be8d6
----------------- Done invoking toplevel() on ptolemy.moml.MoMLSimpleApplication@499be8d6
reloadAllAccessors: .ResetTransitionWithStartTime2

===========================================================================================
----------------- testing Mon Jul 15 14:54:59 UTC 2019 /home/travis/build/icyphy/ptII/ptolemy/domains/de/test/auto/ResetTransitionWithStartTime3.xml
----------------- Instantiating /home/travis/build/icyphy/ptII/ptolemy/domains/de/test/auto/ResetTransitionWithStartTime3.xml
5 ms. Memory: 239616K Free: 131116K (55%)
----------------- Invoking toplevel() on ptolemy.moml.MoMLSimpleApplication@394fd673
----------------- Done invoking toplevel() on ptolemy.moml.MoMLSimpleApplication@394fd673
reloadAllAccessors: .ResetTransitionWithStartTime3

===========================================================================================
----------------- testing Mon Jul 15 14:54:59 UTC 2019 /home/travis/build/icyphy/ptII/ptolemy/domains/de/test/auto/ResetTransitionWithStartTime4.xml
----------------- Instantiating /home/travis/build/icyphy/ptII/ptolemy/domains/de/test/auto/ResetTransitionWithStartTime4.xml
3 ms. Memory: 239616K Free: 123452K (52%)
----------------- Invoking toplevel() on ptolemy.moml.MoMLSimpleApplication@748e4ed6
----------------- Done invoking toplevel() on ptolemy.moml.MoMLSimpleApplication@748e4ed6
reloadAllAccessors: .ResetTransitionWithStartTime4

===========================================================================================
----------------- testing Mon Jul 15 14:54:59 UTC 2019 /home/travis/build/icyphy/ptII/ptolemy/domains/de/test/auto/ResettableTimer1.xml
----------------- Instantiating /home/travis/build/icyphy/ptII/ptolemy/domains/de/test/auto/ResettableTimer1.xml
2 ms. Memory: 239616K Free: 119356K (50%)
----------------- Invoking toplevel() on ptolemy.moml.MoMLSimpleApplication@4aea6b9c
----------------- Done invoking toplevel() on ptolemy.moml.MoMLSimpleApplication@4aea6b9c
reloadAllAccessors: .ResettableTimer1

===========================================================================================
----------------- testing Mon Jul 15 14:54:59 UTC 2019 /home/travis/build/icyphy/ptII/ptolemy/domains/de/test/auto/ResettableTimer2.xml
----------------- Instantiating /home/travis/build/icyphy/ptII/ptolemy/domains/de/test/auto/ResettableTimer2.xml
3 ms. Memory: 239616K Free: 115260K (48%)
----------------- Invoking toplevel() on ptolemy.moml.MoMLSimpleApplication@21a3cc00
----------------- Done invoking toplevel() on ptolemy.moml.MoMLSimpleApplication@21a3cc00
reloadAllAccessors: .ResettableTimer2

===========================================================================================
----------------- testing Mon Jul 15 14:54:59 UTC 2019 /home/travis/build/icyphy/ptII/ptolemy/domains/de/test/auto/ResettableTimer3.xml
----------------- Instantiating /home/travis/build/icyphy/ptII/ptolemy/domains/de/test/auto/ResettableTimer3.xml
1 ms. Memory: 239616K Free: 111164K (46%)
----------------- Invoking toplevel() on ptolemy.moml.MoMLSimpleApplication@5a1e0548
----------------- Done invoking toplevel() on ptolemy.moml.MoMLSimpleApplication@5a1e0548
reloadAllAccessors: .ResettableTimer3

===========================================================================================
----------------- testing Mon Jul 15 14:54:59 UTC 2019 /home/travis/build/icyphy/ptII/ptolemy/domains/de/test/auto/ResettableTimer4.xml
----------------- Instantiating /home/travis/build/icyphy/ptII/ptolemy/domains/de/test/auto/ResettableTimer4.xml
1 ms. Memory: 239616K Free: 107068K (45%)
----------------- Invoking toplevel() on ptolemy.moml.MoMLSimpleApplication@a3c85b6
----------------- Done invoking toplevel() on ptolemy.moml.MoMLSimpleApplication@a3c85b6
reloadAllAccessors: .ResettableTimer4

===========================================================================================
----------------- testing Mon Jul 15 14:54:59 UTC 2019 /home/travis/build/icyphy/ptII/ptolemy/domains/de/test/auto/ResettableTimer5.xml
----------------- Instantiating /home/travis/build/icyphy/ptII/ptolemy/domains/de/test/auto/ResettableTimer5.xml
1 ms. Memory: 239616K Free: 102458K (43%)
----------------- Invoking toplevel() on ptolemy.moml.MoMLSimpleApplication@111f3e4
----------------- Done invoking toplevel() on ptolemy.moml.MoMLSimpleApplication@111f3e4
reloadAllAccessors: .ResettableTimer5

===========================================================================================
----------------- testing Mon Jul 15 14:54:59 UTC 2019 /home/travis/build/icyphy/ptII/ptolemy/domains/de/test/auto/ResettableTimer6.xml
----------------- Instantiating /home/travis/build/icyphy/ptII/ptolemy/domains/de/test/auto/ResettableTimer6.xml
7 ms. Memory: 239616K Free: 97850K (41%)
----------------- Invoking toplevel() on ptolemy.moml.MoMLSimpleApplication@512430f9
----------------- Done invoking toplevel() on ptolemy.moml.MoMLSimpleApplication@512430f9
reloadAllAccessors: .ResettableTimer6

===========================================================================================
----------------- testing Mon Jul 15 14:55:00 UTC 2019 /home/travis/build/icyphy/ptII/ptolemy/domains/de/test/auto/ServerZeroDelay.xml
----------------- Instantiating /home/travis/build/icyphy/ptII/ptolemy/domains/de/test/auto/ServerZeroDelay.xml
2 ms. Memory: 239616K Free: 93756K (39%)
----------------- Invoking toplevel() on ptolemy.moml.MoMLSimpleApplication@2d2e7e96
----------------- Done invoking toplevel() on ptolemy.moml.MoMLSimpleApplication@2d2e7e96
reloadAllAccessors: .ServerZeroDelay

===========================================================================================
----------------- testing Mon Jul 15 14:55:00 UTC 2019 /home/travis/build/icyphy/ptII/ptolemy/domains/de/test/auto/SmartSender.xml
----------------- Instantiating /home/travis/build/icyphy/ptII/ptolemy/domains/de/test/auto/SmartSender.xml
3001 ms. Memory: 239616K Free: 89660K (37%)
----------------- Invoking toplevel() on ptolemy.moml.MoMLSimpleApplication@7e305564
----------------- Done invoking toplevel() on ptolemy.moml.MoMLSimpleApplication@7e305564
reloadAllAccessors: .SmartSender

===========================================================================================
----------------- testing Mon Jul 15 14:55:03 UTC 2019 /home/travis/build/icyphy/ptII/ptolemy/domains/de/test/auto/ThreadedComposite.xml
----------------- Instantiating /home/travis/build/icyphy/ptII/ptolemy/domains/de/test/auto/ThreadedComposite.xml
93 ms. Memory: 239616K Free: 210872K (88%)
----------------- Invoking toplevel() on ptolemy.moml.MoMLSimpleApplication@52a0abf1
----------------- Done invoking toplevel() on ptolemy.moml.MoMLSimpleApplication@52a0abf1
reloadAllAccessors: .ThreadedComposite

===========================================================================================
----------------- testing Mon Jul 15 14:55:03 UTC 2019 /home/travis/build/icyphy/ptII/ptolemy/domains/de/test/auto/Time.xml
----------------- Instantiating /home/travis/build/icyphy/ptII/ptolemy/domains/de/test/auto/Time.xml
412 ms. Memory: 239616K Free: 159158K (66%)
----------------- Invoking toplevel() on ptolemy.moml.MoMLSimpleApplication@52771e46
----------------- Done invoking toplevel() on ptolemy.moml.MoMLSimpleApplication@52771e46
reloadAllAccessors: .Time

===========================================================================================
----------------- testing Mon Jul 15 14:55:03 UTC 2019 /home/travis/build/icyphy/ptII/ptolemy/domains/de/test/auto/TimeDelayZeroDelay.xml
----------------- Instantiating /home/travis/build/icyphy/ptII/ptolemy/domains/de/test/auto/TimeDelayZeroDelay.xml
4 ms. Memory: 239616K Free: 155032K (65%)
----------------- Invoking toplevel() on ptolemy.moml.MoMLSimpleApplication@2068215e
----------------- Done invoking toplevel() on ptolemy.moml.MoMLSimpleApplication@2068215e
reloadAllAccessors: .TimeDelayZeroDelay

===========================================================================================
----------------- testing Mon Jul 15 14:55:03 UTC 2019 /home/travis/build/icyphy/ptII/ptolemy/domains/de/test/auto/TimerZeroDelay.xml
----------------- Instantiating /home/travis/build/icyphy/ptII/ptolemy/domains/de/test/auto/TimerZeroDelay.xml
3 ms. Memory: 239616K Free: 150952K (63%)
----------------- Invoking toplevel() on ptolemy.moml.MoMLSimpleApplication@56130266
----------------- Done invoking toplevel() on ptolemy.moml.MoMLSimpleApplication@56130266
reloadAllAccessors: .TimerZeroDelay

===========================================================================================
----------------- testing Mon Jul 15 14:55:03 UTC 2019 /home/travis/build/icyphy/ptII/ptolemy/domains/de/test/auto/TimingParadox.xml
----------------- Instantiating /home/travis/build/icyphy/ptII/ptolemy/domains/de/test/auto/TimingParadox.xml
276 ms. Memory: 239616K Free: 84920K (35%)
----------------- Invoking toplevel() on ptolemy.moml.MoMLSimpleApplication@3d09a053
----------------- Done invoking toplevel() on ptolemy.moml.MoMLSimpleApplication@3d09a053
reloadAllAccessors: .TimingParadox

===========================================================================================
----------------- testing Mon Jul 15 14:55:03 UTC 2019 /home/travis/build/icyphy/ptII/ptolemy/domains/de/test/auto/TransferInputs.xml
----------------- Instantiating /home/travis/build/icyphy/ptII/ptolemy/domains/de/test/auto/TransferInputs.xml
6 ms. Memory: 239616K Free: 223140K (93%)
----------------- Invoking toplevel() on ptolemy.moml.MoMLSimpleApplication@26ece403
----------------- Done invoking toplevel() on ptolemy.moml.MoMLSimpleApplication@26ece403
reloadAllAccessors: .TransferInputs

===========================================================================================
----------------- testing Mon Jul 15 14:55:03 UTC 2019 /home/travis/build/icyphy/ptII/ptolemy/domains/de/test/auto/TransferOutputs2.xml
----------------- Instantiating /home/travis/build/icyphy/ptII/ptolemy/domains/de/test/auto/TransferOutputs2.xml
2 ms. Memory: 239616K Free: 214711K (90%)
----------------- Invoking toplevel() on ptolemy.moml.MoMLSimpleApplication@3e8ebd4
----------------- Done invoking toplevel() on ptolemy.moml.MoMLSimpleApplication@3e8ebd4
reloadAllAccessors: .TransferOutputs2

===========================================================================================
----------------- testing Mon Jul 15 14:55:03 UTC 2019 /home/travis/build/icyphy/ptII/ptolemy/domains/de/test/auto/Trilateration.xml
----------------- Instantiating /home/travis/build/icyphy/ptII/ptolemy/domains/de/test/auto/Trilateration.xml
11873 ms. Memory: 508928K Free: 402536K (79%)
----------------- Invoking toplevel() on ptolemy.moml.MoMLSimpleApplication@55002b26
----------------- Done invoking toplevel() on ptolemy.moml.MoMLSimpleApplication@55002b26
reloadAllAccessors: .Trilateration

===========================================================================================
----------------- testing Mon Jul 15 14:55:16 UTC 2019 /home/travis/build/icyphy/ptII/ptolemy/domains/de/test/auto/TwoSigmaDelta.xml
----------------- Instantiating /home/travis/build/icyphy/ptII/ptolemy/domains/de/test/auto/TwoSigmaDelta.xml
2361 ms. Memory: 508928K Free: 202358K (40%)
----------------- Invoking toplevel() on ptolemy.moml.MoMLSimpleApplication@6ba85930
----------------- Done invoking toplevel() on ptolemy.moml.MoMLSimpleApplication@6ba85930
reloadAllAccessors: .TwoSigmaDelta

===========================================================================================
----------------- testing Mon Jul 15 14:55:18 UTC 2019 /home/travis/build/icyphy/ptII/ptolemy/domains/de/test/auto/VariableDelay.xml
----------------- Instantiating /home/travis/build/icyphy/ptII/ptolemy/domains/de/test/auto/VariableDelay.xml
2 ms. Memory: 508928K Free: 197240K (39%)
----------------- Invoking toplevel() on ptolemy.moml.MoMLSimpleApplication@353682d2
----------------- Done invoking toplevel() on ptolemy.moml.MoMLSimpleApplication@353682d2
reloadAllAccessors: .VariableDelay

===========================================================================================
----------------- testing Mon Jul 15 14:55:18 UTC 2019 /home/travis/build/icyphy/ptII/ptolemy/domains/de/test/auto/VariableDelay2.xml
----------------- Instantiating /home/travis/build/icyphy/ptII/ptolemy/domains/de/test/auto/VariableDelay2.xml
2 ms. Memory: 508928K Free: 192600K (38%)
----------------- Invoking toplevel() on ptolemy.moml.MoMLSimpleApplication@4f32d6d
----------------- Done invoking toplevel() on ptolemy.moml.MoMLSimpleApplication@4f32d6d
reloadAllAccessors: .VariableDelay2

===========================================================================================
----------------- testing Mon Jul 15 14:55:18 UTC 2019 /home/travis/build/icyphy/ptII/ptolemy/domains/de/test/auto/VariableDelayZeroDelay.xml
----------------- Instantiating /home/travis/build/icyphy/ptII/ptolemy/domains/de/test/auto/VariableDelayZeroDelay.xml
4 ms. Memory: 508928K Free: 188534K (37%)
----------------- Invoking toplevel() on ptolemy.moml.MoMLSimpleApplication@27c6855c
----------------- Done invoking toplevel() on ptolemy.moml.MoMLSimpleApplication@27c6855c
reloadAllAccessors: .VariableDelayZeroDelay

===========================================================================================
----------------- testing Mon Jul 15 14:55:19 UTC 2019 /home/travis/build/icyphy/ptII/ptolemy/domains/de/test/auto/VariableDelayZeroDelay2.xml
----------------- Instantiating /home/travis/build/icyphy/ptII/ptolemy/domains/de/test/auto/VariableDelayZeroDelay2.xml
2 ms. Memory: 508928K Free: 183928K (36%)
----------------- Invoking toplevel() on ptolemy.moml.MoMLSimpleApplication@71689b81
----------------- Done invoking toplevel() on ptolemy.moml.MoMLSimpleApplication@71689b81
reloadAllAccessors: .VariableDelayZeroDelay2

===========================================================================================
----------------- testing Mon Jul 15 14:55:19 UTC 2019 /home/travis/build/icyphy/ptII/ptolemy/domains/de/test/auto/deInCt.xml
----------------- Instantiating /home/travis/build/icyphy/ptII/ptolemy/domains/de/test/auto/deInCt.xml
0
1
1
1
1
0
0
0
1
1
1
0
0
0
1
1
1
1
0
0
0
1
1
1
0
0
1
1
1
1
0
0
0
0
1
1
1
0
0
0
0
6 ms. Memory: 508928K Free: 478434K (94%)
----------------- Invoking toplevel() on ptolemy.moml.MoMLSimpleApplication@e529197
----------------- Done invoking toplevel() on ptolemy.moml.MoMLSimpleApplication@e529197
reloadAllAccessors: .deInCt

===========================================================================================
----------------- testing Mon Jul 15 14:55:19 UTC 2019 /home/travis/build/icyphy/ptII/ptolemy/domains/de/test/auto/deInCt2.xml
----------------- Instantiating /home/travis/build/icyphy/ptII/ptolemy/domains/de/test/auto/deInCt2.xml
0
1
1
1
0
0
1
1
1
0
0
1
1
1
0
0
1
1
1
0
0
1
1
1
0
0
1
1
1
0
0
1
1
1
0
0
1
1
1
0
0
0
9 ms. Memory: 508928K Free: 473314K (93%)
----------------- Invoking toplevel() on ptolemy.moml.MoMLSimpleApplication@3e15ace2
----------------- Done invoking toplevel() on ptolemy.moml.MoMLSimpleApplication@3e15ace2
reloadAllAccessors: .deInCt2

===========================================================================================
----------------- testing Mon Jul 15 14:55:19 UTC 2019 /home/travis/build/icyphy/ptII/ptolemy/domains/de/test/auto/dynamicCausalityInterface1.xml
----------------- Instantiating /home/travis/build/icyphy/ptII/ptolemy/domains/de/test/auto/dynamicCausalityInterface1.xml
1 ms. Memory: 508928K Free: 464098K (91%)
----------------- Invoking toplevel() on ptolemy.moml.MoMLSimpleApplication@73158813
----------------- Done invoking toplevel() on ptolemy.moml.MoMLSimpleApplication@73158813
reloadAllAccessors: .dynamicCausalityInterface1

===========================================================================================
----------------- testing Mon Jul 15 14:55:19 UTC 2019 /home/travis/build/icyphy/ptII/ptolemy/domains/de/test/auto/fsm_de_test.xml
----------------- Instantiating /home/travis/build/icyphy/ptII/ptolemy/domains/de/test/auto/fsm_de_test.xml
5 ms. Memory: 508928K Free: 454882K (89%)
----------------- Invoking toplevel() on ptolemy.moml.MoMLSimpleApplication@52e30596
----------------- Done invoking toplevel() on ptolemy.moml.MoMLSimpleApplication@52e30596
reloadAllAccessors: .fsm_de_test

===========================================================================================
----------------- testing Mon Jul 15 14:55:19 UTC 2019 /home/travis/build/icyphy/ptII/ptolemy/domains/de/test/auto/functionDependencyReconstruction.xml
----------------- Instantiating /home/travis/build/icyphy/ptII/ptolemy/domains/de/test/auto/functionDependencyReconstruction.xml
2 ms. Memory: 508928K Free: 440002K (86%)
----------------- Invoking toplevel() on ptolemy.moml.MoMLSimpleApplication@59742656
----------------- Done invoking toplevel() on ptolemy.moml.MoMLSimpleApplication@59742656
reloadAllAccessors: .functionDependencyReconstruction

===========================================================================================
----------------- testing Mon Jul 15 14:55:19 UTC 2019 /home/travis/build/icyphy/ptII/ptolemy/domains/de/test/auto/multirate.xml
----------------- Instantiating /home/travis/build/icyphy/ptII/ptolemy/domains/de/test/auto/multirate.xml
3 ms. Memory: 508928K Free: 433378K (85%)
----------------- Invoking toplevel() on ptolemy.moml.MoMLSimpleApplication@a35b54b
----------------- Done invoking toplevel() on ptolemy.moml.MoMLSimpleApplication@a35b54b
reloadAllAccessors: .multirate

===========================================================================================
----------------- testing Mon Jul 15 14:55:19 UTC 2019 /home/travis/build/icyphy/ptII/ptolemy/domains/de/test/auto/multirate2.xml
----------------- Instantiating /home/travis/build/icyphy/ptII/ptolemy/domains/de/test/auto/multirate2.xml
2 ms. Memory: 508928K Free: 426706K (84%)
----------------- Invoking toplevel() on ptolemy.moml.MoMLSimpleApplication@7dd1aa48
----------------- Done invoking toplevel() on ptolemy.moml.MoMLSimpleApplication@7dd1aa48
reloadAllAccessors: .multirate2

===========================================================================================
----------------- testing Mon Jul 15 14:55:19 UTC 2019 /home/travis/build/icyphy/ptII/ptolemy/domains/de/test/auto/realtime.xml
----------------- Instantiating /home/travis/build/icyphy/ptII/ptolemy/domains/de/test/auto/realtime.xml
10002 ms. Memory: 508928K Free: 422114K (83%)
----------------- Invoking toplevel() on ptolemy.moml.MoMLSimpleApplication@173cc886
----------------- Done invoking toplevel() on ptolemy.moml.MoMLSimpleApplication@173cc886
reloadAllAccessors: .realtime

===========================================================================================
----------------- testing Mon Jul 15 14:55:29 UTC 2019 /home/travis/build/icyphy/ptII/ptolemy/domains/de/test/auto/relationGroup.xml
----------------- Instantiating /home/travis/build/icyphy/ptII/ptolemy/domains/de/test/auto/relationGroup.xml
2 ms. Memory: 508928K Free: 418528K (82%)
----------------- Invoking toplevel() on ptolemy.moml.MoMLSimpleApplication@4083d12b
----------------- Done invoking toplevel() on ptolemy.moml.MoMLSimpleApplication@4083d12b
reloadAllAccessors: .relationGroup

===========================================================================================
----------------- testing Mon Jul 15 14:55:29 UTC 2019 /home/travis/build/icyphy/ptII/ptolemy/domains/de/test/auto/relationGroup2.xml
----------------- Instantiating /home/travis/build/icyphy/ptII/ptolemy/domains/de/test/auto/relationGroup2.xml
1 ms. Memory: 508928K Free: 414946K (82%)
----------------- Invoking toplevel() on ptolemy.moml.MoMLSimpleApplication@6981e2c6
----------------- Done invoking toplevel() on ptolemy.moml.MoMLSimpleApplication@6981e2c6
reloadAllAccessors: .relationGroup2

===========================================================================================
----------------- testing Mon Jul 15 14:55:29 UTC 2019 /home/travis/build/icyphy/ptII/ptolemy/domains/de/test/auto/sortWithOpaquePorts.xml
----------------- Instantiating /home/travis/build/icyphy/ptII/ptolemy/domains/de/test/auto/sortWithOpaquePorts.xml
7 ms. Memory: 508928K Free: 410306K (81%)
----------------- Invoking toplevel() on ptolemy.moml.MoMLSimpleApplication@10d900d8
----------------- Done invoking toplevel() on ptolemy.moml.MoMLSimpleApplication@10d900d8
reloadAllAccessors: .sortWithOpaquePorts

===========================================================================================
----------------- testing Mon Jul 15 14:55:29 UTC 2019 /home/travis/build/icyphy/ptII/ptolemy/domains/de/test/auto/transferInputsandOutputs.xml
----------------- Instantiating /home/travis/build/icyphy/ptII/ptolemy/domains/de/test/auto/transferInputsandOutputs.xml
2 ms. Memory: 508928K Free: 403168K (79%)
----------------- Invoking toplevel() on ptolemy.moml.MoMLSimpleApplication@73969fc6
----------------- Done invoking toplevel() on ptolemy.moml.MoMLSimpleApplication@73969fc6
reloadAllAccessors: .transferInputsandOutputs

===========================================================================================
----------------- testing Mon Jul 15 14:55:29 UTC 2019 /home/travis/build/icyphy/ptII/ptolemy/domains/de/test/auto/triggerType.xml
----------------- Instantiating /home/travis/build/icyphy/ptII/ptolemy/domains/de/test/auto/triggerType.xml
2 ms. Memory: 508928K Free: 399066K (78%)
----------------- Invoking toplevel() on ptolemy.moml.MoMLSimpleApplication@52b0361b
----------------- Done invoking toplevel() on ptolemy.moml.MoMLSimpleApplication@52b0361b
reloadAllAccessors: .triggerType
AutoTests.java: About to close Vertx.
AutoTests.java: Vertx closed.
]]></system-out>
  <system-err><![CDATA[java.lang.RuntimeException: Execution failed
	at ptolemy.moml.MoMLSimpleApplication$UnloadThread.run(MoMLSimpleApplication.java:402)
Caused by: ptolemy.kernel.util.IllegalActionException: Found a zero delay loop containing .dependencyLoop.original
  in .dependencyLoop and .dependencyLoop.original
	at ptolemy.actor.util.CausalityInterfaceForComposites._computeOutputPortDepth(CausalityInterfaceForComposites.java:759)
	at ptolemy.actor.util.CausalityInterfaceForComposites._computeInputDepth(CausalityInterfaceForComposites.java:696)
	at ptolemy.actor.util.CausalityInterfaceForComposites._computeOutputPortDepth(CausalityInterfaceForComposites.java:765)
	at ptolemy.actor.util.CausalityInterfaceForComposites._computeInputDepth(CausalityInterfaceForComposites.java:696)
	at ptolemy.actor.util.CausalityInterfaceForComposites._computeOutputPortDepth(CausalityInterfaceForComposites.java:765)
	at ptolemy.actor.util.CausalityInterfaceForComposites._computeInputDepth(CausalityInterfaceForComposites.java:696)
	at ptolemy.actor.util.CausalityInterfaceForComposites._computeActorDepth(CausalityInterfaceForComposites.java:532)
	at ptolemy.actor.util.CausalityInterfaceForComposites.checkForCycles(CausalityInterfaceForComposites.java:96)
	at ptolemy.domains.de.kernel.DEDirector.preinitialize(DEDirector.java:1338)
	at ptolemy.actor.CompositeActor.preinitialize(CompositeActor.java:1828)
	at ptolemy.actor.Manager.preinitializeAndResolveTypes(Manager.java:1040)
	at ptolemy.actor.Manager.initialize(Manager.java:710)
	at ptolemy.actor.Manager.execute(Manager.java:356)
	at ptolemy.actor.Manager.run(Manager.java:1263)
	at ptolemy.actor.Manager$PtolemyRunThread.run(Manager.java:1915)
java.lang.RuntimeException: Execution failed
	at ptolemy.moml.MoMLSimpleApplication$UnloadThread.run(MoMLSimpleApplication.java:402)
Caused by: ptolemy.kernel.util.IllegalActionException: Found a zero delay loop containing .dependencyLoop2.original
  in .dependencyLoop2 and .dependencyLoop2.original
	at ptolemy.actor.util.CausalityInterfaceForComposites._computeOutputPortDepth(CausalityInterfaceForComposites.java:759)
	at ptolemy.actor.util.CausalityInterfaceForComposites._computeInputDepth(CausalityInterfaceForComposites.java:696)
	at ptolemy.actor.util.CausalityInterfaceForComposites._computeOutputPortDepth(CausalityInterfaceForComposites.java:765)
	at ptolemy.actor.util.CausalityInterfaceForComposites._computeInputDepth(CausalityInterfaceForComposites.java:696)
	at ptolemy.actor.util.CausalityInterfaceForComposites._computeOutputPortDepth(CausalityInterfaceForComposites.java:765)
	at ptolemy.actor.util.CausalityInterfaceForComposites._computeInputDepth(CausalityInterfaceForComposites.java:696)
	at ptolemy.actor.util.CausalityInterfaceForComposites._computeActorDepth(CausalityInterfaceForComposites.java:532)
	at ptolemy.actor.util.CausalityInterfaceForComposites.checkForCycles(CausalityInterfaceForComposites.java:96)
	at ptolemy.domains.de.kernel.DEDirector.preinitialize(DEDirector.java:1338)
	at ptolemy.actor.CompositeActor.preinitialize(CompositeActor.java:1828)
	at ptolemy.actor.Manager.preinitializeAndResolveTypes(Manager.java:1040)
	at ptolemy.actor.Manager.initialize(Manager.java:710)
	at ptolemy.actor.Manager.execute(Manager.java:356)
	at ptolemy.actor.Manager.run(Manager.java:1263)
	at ptolemy.actor.Manager$PtolemyRunThread.run(Manager.java:1915)
java.lang.RuntimeException: Execution failed
	at ptolemy.moml.MoMLSimpleApplication$UnloadThread.run(MoMLSimpleApplication.java:402)
Caused by: ptolemy.kernel.util.IllegalActionException: Test fails in iteration 1.
Value was: 1.0. Should have been: 2.0
  in .DirectFeedback.Test
	at ptolemy.actor.lib.Test.fire(Test.java:268)
	at ptolemy.domains.de.kernel.DEDirector._fire(DEDirector.java:1949)
	at ptolemy.domains.de.kernel.DEDirector.fire(DEDirector.java:502)
	at ptolemy.actor.CompositeActor.fire(CompositeActor.java:455)
	at ptolemy.actor.Manager.iterate(Manager.java:851)
	at ptolemy.actor.Manager.execute(Manager.java:369)
	at ptolemy.actor.Manager.run(Manager.java:1263)
	at ptolemy.actor.Manager$PtolemyRunThread.run(Manager.java:1915)
java.lang.RuntimeException: Execution failed
	at ptolemy.moml.MoMLSimpleApplication$UnloadThread.run(MoMLSimpleApplication.java:402)
Caused by: ptolemy.kernel.util.IllegalActionException: Found a zero delay loop containing .dependencyLoop.original
  in .dependencyLoop and .dependencyLoop.original
	at ptolemy.actor.util.CausalityInterfaceForComposites._computeOutputPortDepth(CausalityInterfaceForComposites.java:759)
	at ptolemy.actor.util.CausalityInterfaceForComposites._computeInputDepth(CausalityInterfaceForComposites.java:696)
	at ptolemy.actor.util.CausalityInterfaceForComposites._computeOutputPortDepth(CausalityInterfaceForComposites.java:765)
	at ptolemy.actor.util.CausalityInterfaceForComposites._computeInputDepth(CausalityInterfaceForComposites.java:696)
	at ptolemy.actor.util.CausalityInterfaceForComposites._computeOutputPortDepth(CausalityInterfaceForComposites.java:765)
	at ptolemy.actor.util.CausalityInterfaceForComposites._computeInputDepth(CausalityInterfaceForComposites.java:696)
	at ptolemy.actor.util.CausalityInterfaceForComposites._computeActorDepth(CausalityInterfaceForComposites.java:532)
	at ptolemy.actor.util.CausalityInterfaceForComposites.checkForCycles(CausalityInterfaceForComposites.java:96)
	at ptolemy.domains.de.kernel.DEDirector.preinitialize(DEDirector.java:1338)
	at ptolemy.actor.CompositeActor.preinitialize(CompositeActor.java:1828)
	at ptolemy.actor.Manager.preinitializeAndResolveTypes(Manager.java:1040)
	at ptolemy.actor.Manager.initialize(Manager.java:710)
	at ptolemy.actor.Manager.execute(Manager.java:356)
	at ptolemy.actor.Manager.run(Manager.java:1263)
	at ptolemy.actor.Manager$PtolemyRunThread.run(Manager.java:1915)
java.lang.RuntimeException: Execution failed
	at ptolemy.moml.MoMLSimpleApplication$UnloadThread.run(MoMLSimpleApplication.java:402)
Caused by: ptolemy.kernel.util.IllegalActionException: Found a zero delay loop containing .HierarchicalModel.A
  in .HierarchicalModel and .HierarchicalModel.A
	at ptolemy.actor.util.CausalityInterfaceForComposites._computeOutputPortDepth(CausalityInterfaceForComposites.java:759)
	at ptolemy.actor.util.CausalityInterfaceForComposites._computeInputDepth(CausalityInterfaceForComposites.java:696)
	at ptolemy.actor.util.CausalityInterfaceForComposites._computeOutputPortDepth(CausalityInterfaceForComposites.java:765)
	at ptolemy.actor.util.CausalityInterfaceForComposites._computeInputDepth(CausalityInterfaceForComposites.java:696)
	at ptolemy.actor.util.CausalityInterfaceForComposites._computeOutputPortDepth(CausalityInterfaceForComposites.java:765)
	at ptolemy.actor.util.CausalityInterfaceForComposites._computeInputDepth(CausalityInterfaceForComposites.java:696)
	at ptolemy.actor.util.CausalityInterfaceForComposites._computeActorDepth(CausalityInterfaceForComposites.java:532)
	at ptolemy.actor.util.CausalityInterfaceForComposites.checkForCycles(CausalityInterfaceForComposites.java:96)
	at ptolemy.domains.de.kernel.DEDirector.preinitialize(DEDirector.java:1338)
	at ptolemy.actor.CompositeActor.preinitialize(CompositeActor.java:1828)
	at ptolemy.actor.Manager.preinitializeAndResolveTypes(Manager.java:1040)
	at ptolemy.actor.Manager.initialize(Manager.java:710)
	at ptolemy.actor.Manager.execute(Manager.java:356)
	at ptolemy.actor.Manager.run(Manager.java:1263)
	at ptolemy.actor.Manager$PtolemyRunThread.run(Manager.java:1915)
java.lang.RuntimeException: Execution failed
	at ptolemy.moml.MoMLSimpleApplication$UnloadThread.run(MoMLSimpleApplication.java:402)
Caused by: ptolemy.kernel.util.IllegalActionException: Found a zero delay loop containing .dependencyLoop2.original
  in .dependencyLoop2 and .dependencyLoop2.original
	at ptolemy.actor.util.CausalityInterfaceForComposites._computeOutputPortDepth(CausalityInterfaceForComposites.java:759)
	at ptolemy.actor.util.CausalityInterfaceForComposites._computeInputDepth(CausalityInterfaceForComposites.java:696)
	at ptolemy.actor.util.CausalityInterfaceForComposites._computeOutputPortDepth(CausalityInterfaceForComposites.java:765)
	at ptolemy.actor.util.CausalityInterfaceForComposites._computeInputDepth(CausalityInterfaceForComposites.java:696)
	at ptolemy.actor.util.CausalityInterfaceForComposites._computeOutputPortDepth(CausalityInterfaceForComposites.java:765)
	at ptolemy.actor.util.CausalityInterfaceForComposites._computeInputDepth(CausalityInterfaceForComposites.java:696)
	at ptolemy.actor.util.CausalityInterfaceForComposites._computeActorDepth(CausalityInterfaceForComposites.java:532)
	at ptolemy.actor.util.CausalityInterfaceForComposites.checkForCycles(CausalityInterfaceForComposites.java:96)
	at ptolemy.domains.de.kernel.DEDirector.preinitialize(DEDirector.java:1338)
	at ptolemy.actor.CompositeActor.preinitialize(CompositeActor.java:1828)
	at ptolemy.actor.Manager.preinitializeAndResolveTypes(Manager.java:1040)
	at ptolemy.actor.Manager.initialize(Manager.java:710)
	at ptolemy.actor.Manager.execute(Manager.java:356)
	at ptolemy.actor.Manager.run(Manager.java:1263)
	at ptolemy.actor.Manager$PtolemyRunThread.run(Manager.java:1915)
java.lang.RuntimeException: Execution failed
	at ptolemy.moml.MoMLSimpleApplication$UnloadThread.run(MoMLSimpleApplication.java:402)
Caused by: ptolemy.kernel.util.IllegalActionException: Actor is not ready to fire.  Perhaps UpSample.prefire() returned false? Try debugging the actor by selecting "Listen to Actor".  Also, for SDF check moml for tokenConsumptionRate on input.
  in .DESDFClockTest.Play Bell.Copy1:SDF Director and .DESDFClockTest.Play Bell.UpSample
	at ptolemy.actor.sched.StaticSchedulingDirector.fire(StaticSchedulingDirector.java:227)
	at ptolemy.domains.sdf.kernel.SDFDirector.fire(SDFDirector.java:500)
	at ptolemy.actor.CompositeActor.fire(CompositeActor.java:455)
	at ptolemy.domains.de.kernel.DEDirector._fire(DEDirector.java:1949)
	at ptolemy.domains.de.kernel.DEDirector.fire(DEDirector.java:502)
	at ptolemy.actor.CompositeActor.fire(CompositeActor.java:455)
	at ptolemy.actor.Manager.iterate(Manager.java:851)
	at ptolemy.actor.Manager.execute(Manager.java:369)
	at ptolemy.actor.Manager.run(Manager.java:1263)
	at ptolemy.actor.Manager$PtolemyRunThread.run(Manager.java:1915)
java.lang.RuntimeException: Execution failed
	at ptolemy.moml.MoMLSimpleApplication$UnloadThread.run(MoMLSimpleApplication.java:402)
Caused by: ptolemy.kernel.util.IllegalActionException: Actor is not ready to fire.  Perhaps UpSample.prefire() returned false? Try debugging the actor by selecting "Listen to Actor".  Also, for SDF check moml for tokenConsumptionRate on input.
  in .DESDFClockTest.Play Bell.Copy1:SDF Director and .DESDFClockTest.Play Bell.UpSample
	at ptolemy.actor.sched.StaticSchedulingDirector.fire(StaticSchedulingDirector.java:227)
	at ptolemy.domains.sdf.kernel.SDFDirector.fire(SDFDirector.java:500)
	at ptolemy.actor.CompositeActor.fire(CompositeActor.java:455)
	at ptolemy.domains.de.kernel.DEDirector._fire(DEDirector.java:1949)
	at ptolemy.domains.de.kernel.DEDirector.fire(DEDirector.java:502)
	at ptolemy.actor.CompositeActor.fire(CompositeActor.java:455)
	at ptolemy.actor.Manager.iterate(Manager.java:851)
	at ptolemy.actor.Manager.execute(Manager.java:369)
	at ptolemy.actor.Manager.run(Manager.java:1263)
	at ptolemy.actor.Manager$PtolemyRunThread.run(Manager.java:1915)
java.lang.reflect.InvocationTargetException
	at java.base/jdk.internal.reflect.NativeConstructorAccessorImpl.newInstance0(Native Method)
	at java.base/jdk.internal.reflect.NativeConstructorAccessorImpl.newInstance(NativeConstructorAccessorImpl.java:62)
	at java.base/jdk.internal.reflect.DelegatingConstructorAccessorImpl.newInstance(DelegatingConstructorAccessorImpl.java:45)
	at java.base/java.lang.reflect.Constructor.newInstance(Constructor.java:490)
	at ptolemy.util.test.junit.AutoKnownFailedTests.RunModel(AutoKnownFailedTests.java:105)
	at java.base/jdk.internal.reflect.NativeMethodAccessorImpl.invoke0(Native Method)
	at java.base/jdk.internal.reflect.NativeMethodAccessorImpl.invoke(NativeMethodAccessorImpl.java:62)
	at java.base/jdk.internal.reflect.DelegatingMethodAccessorImpl.invoke(DelegatingMethodAccessorImpl.java:43)
	at java.base/java.lang.reflect.Method.invoke(Method.java:566)
	at org.junit.runners.model.FrameworkMethod$1.runReflectiveCall(FrameworkMethod.java:44)
	at org.junit.internal.runners.model.ReflectiveCallable.run(ReflectiveCallable.java:15)
	at org.junit.runners.model.FrameworkMethod.invokeExplosively(FrameworkMethod.java:41)
	at junitparams.internal.InvokeParameterisedMethod.evaluate(InvokeParameterisedMethod.java:102)
	at org.junit.internal.runners.statements.FailOnTimeout$1.run(FailOnTimeout.java:28)
Caused by: ptolemy.kernel.util.IllegalActionException: Actor is not ready to fire.  Perhaps UpSample.prefire() returned false? Try debugging the actor by selecting "Listen to Actor".  Also, for SDF check moml for tokenConsumptionRate on input.
  in .DESDFClockTest.Play Bell.Copy1:SDF Director and .DESDFClockTest.Play Bell.UpSample
	at ptolemy.actor.sched.StaticSchedulingDirector.fire(StaticSchedulingDirector.java:227)
	at ptolemy.domains.sdf.kernel.SDFDirector.fire(SDFDirector.java:500)
	at ptolemy.actor.CompositeActor.fire(CompositeActor.java:455)
	at ptolemy.domains.de.kernel.DEDirector._fire(DEDirector.java:1949)
	at ptolemy.domains.de.kernel.DEDirector.fire(DEDirector.java:502)
	at ptolemy.actor.CompositeActor.fire(CompositeActor.java:455)
	at ptolemy.actor.Manager.iterate(Manager.java:851)
	at ptolemy.actor.Manager.execute(Manager.java:369)
	at ptolemy.actor.Manager.run(Manager.java:1263)
	at ptolemy.actor.Manager$PtolemyRunThread.run(Manager.java:1915)
java.lang.RuntimeException: Execution failed
	at ptolemy.moml.MoMLSimpleApplication$UnloadThread.run(MoMLSimpleApplication.java:402)
Caused by: ptolemy.kernel.util.IllegalActionException: Test fails in iteration 1.
Value was: 1.0. Should have been: 2.0
  in .DirectFeedback.Test
	at ptolemy.actor.lib.Test.fire(Test.java:268)
	at ptolemy.domains.de.kernel.DEDirector._fire(DEDirector.java:1949)
	at ptolemy.domains.de.kernel.DEDirector.fire(DEDirector.java:502)
	at ptolemy.actor.CompositeActor.fire(CompositeActor.java:455)
	at ptolemy.actor.Manager.iterate(Manager.java:851)
	at ptolemy.actor.Manager.execute(Manager.java:369)
	at ptolemy.actor.Manager.run(Manager.java:1263)
	at ptolemy.actor.Manager$PtolemyRunThread.run(Manager.java:1915)
java.lang.reflect.InvocationTargetException
	at java.base/jdk.internal.reflect.NativeConstructorAccessorImpl.newInstance0(Native Method)
	at java.base/jdk.internal.reflect.NativeConstructorAccessorImpl.newInstance(NativeConstructorAccessorImpl.java:62)
	at java.base/jdk.internal.reflect.DelegatingConstructorAccessorImpl.newInstance(DelegatingConstructorAccessorImpl.java:45)
	at java.base/java.lang.reflect.Constructor.newInstance(Constructor.java:490)
	at ptolemy.util.test.junit.AutoKnownFailedTests.RunModel(AutoKnownFailedTests.java:105)
	at java.base/jdk.internal.reflect.NativeMethodAccessorImpl.invoke0(Native Method)
	at java.base/jdk.internal.reflect.NativeMethodAccessorImpl.invoke(NativeMethodAccessorImpl.java:62)
	at java.base/jdk.internal.reflect.DelegatingMethodAccessorImpl.invoke(DelegatingMethodAccessorImpl.java:43)
	at java.base/java.lang.reflect.Method.invoke(Method.java:566)
	at org.junit.runners.model.FrameworkMethod$1.runReflectiveCall(FrameworkMethod.java:44)
	at org.junit.internal.runners.model.ReflectiveCallable.run(ReflectiveCallable.java:15)
	at org.junit.runners.model.FrameworkMethod.invokeExplosively(FrameworkMethod.java:41)
	at junitparams.internal.InvokeParameterisedMethod.evaluate(InvokeParameterisedMethod.java:102)
	at org.junit.internal.runners.statements.FailOnTimeout$1.run(FailOnTimeout.java:28)
Caused by: ptolemy.kernel.util.IllegalActionException: Test fails in iteration 1.
Value was: 1.0. Should have been: 2.0
  in .DirectFeedback.Test
	at ptolemy.actor.lib.Test.fire(Test.java:268)
	at ptolemy.domains.de.kernel.DEDirector._fire(DEDirector.java:1949)
	at ptolemy.domains.de.kernel.DEDirector.fire(DEDirector.java:502)
	at ptolemy.actor.CompositeActor.fire(CompositeActor.java:455)
	at ptolemy.actor.Manager.iterate(Manager.java:851)
	at ptolemy.actor.Manager.execute(Manager.java:369)
	at ptolemy.actor.Manager.run(Manager.java:1263)
	at ptolemy.actor.Manager$PtolemyRunThread.run(Manager.java:1915)
java.lang.RuntimeException: Execution failed
	at ptolemy.moml.MoMLSimpleApplication$UnloadThread.run(MoMLSimpleApplication.java:402)
Caused by: ptolemy.kernel.util.IllegalActionException: Found a zero delay loop containing .HierarchicalModel.A
  in .HierarchicalModel and .HierarchicalModel.A
	at ptolemy.actor.util.CausalityInterfaceForComposites._computeOutputPortDepth(CausalityInterfaceForComposites.java:759)
	at ptolemy.actor.util.CausalityInterfaceForComposites._computeInputDepth(CausalityInterfaceForComposites.java:696)
	at ptolemy.actor.util.CausalityInterfaceForComposites._computeOutputPortDepth(CausalityInterfaceForComposites.java:765)
	at ptolemy.actor.util.CausalityInterfaceForComposites._computeInputDepth(CausalityInterfaceForComposites.java:696)
	at ptolemy.actor.util.CausalityInterfaceForComposites._computeOutputPortDepth(CausalityInterfaceForComposites.java:765)
	at ptolemy.actor.util.CausalityInterfaceForComposites._computeInputDepth(CausalityInterfaceForComposites.java:696)
	at ptolemy.actor.util.CausalityInterfaceForComposites._computeActorDepth(CausalityInterfaceForComposites.java:532)
	at ptolemy.actor.util.CausalityInterfaceForComposites.checkForCycles(CausalityInterfaceForComposites.java:96)
	at ptolemy.domains.de.kernel.DEDirector.preinitialize(DEDirector.java:1338)
	at ptolemy.actor.CompositeActor.preinitialize(CompositeActor.java:1828)
	at ptolemy.actor.Manager.preinitializeAndResolveTypes(Manager.java:1040)
	at ptolemy.actor.Manager.initialize(Manager.java:710)
	at ptolemy.actor.Manager.execute(Manager.java:356)
	at ptolemy.actor.Manager.run(Manager.java:1263)
	at ptolemy.actor.Manager$PtolemyRunThread.run(Manager.java:1915)
java.lang.reflect.InvocationTargetException
	at java.base/jdk.internal.reflect.NativeConstructorAccessorImpl.newInstance0(Native Method)
	at java.base/jdk.internal.reflect.NativeConstructorAccessorImpl.newInstance(NativeConstructorAccessorImpl.java:62)
	at java.base/jdk.internal.reflect.DelegatingConstructorAccessorImpl.newInstance(DelegatingConstructorAccessorImpl.java:45)
	at java.base/java.lang.reflect.Constructor.newInstance(Constructor.java:490)
	at ptolemy.util.test.junit.AutoKnownFailedTests.RunModel(AutoKnownFailedTests.java:105)
	at java.base/jdk.internal.reflect.NativeMethodAccessorImpl.invoke0(Native Method)
	at java.base/jdk.internal.reflect.NativeMethodAccessorImpl.invoke(NativeMethodAccessorImpl.java:62)
	at java.base/jdk.internal.reflect.DelegatingMethodAccessorImpl.invoke(DelegatingMethodAccessorImpl.java:43)
	at java.base/java.lang.reflect.Method.invoke(Method.java:566)
	at org.junit.runners.model.FrameworkMethod$1.runReflectiveCall(FrameworkMethod.java:44)
	at org.junit.internal.runners.model.ReflectiveCallable.run(ReflectiveCallable.java:15)
	at org.junit.runners.model.FrameworkMethod.invokeExplosively(FrameworkMethod.java:41)
	at junitparams.internal.InvokeParameterisedMethod.evaluate(InvokeParameterisedMethod.java:102)
	at org.junit.internal.runners.statements.FailOnTimeout$1.run(FailOnTimeout.java:28)
Caused by: ptolemy.kernel.util.IllegalActionException: Found a zero delay loop containing .HierarchicalModel.A
  in .HierarchicalModel and .HierarchicalModel.A
	at ptolemy.actor.util.CausalityInterfaceForComposites._computeOutputPortDepth(CausalityInterfaceForComposites.java:759)
	at ptolemy.actor.util.CausalityInterfaceForComposites._computeInputDepth(CausalityInterfaceForComposites.java:696)
	at ptolemy.actor.util.CausalityInterfaceForComposites._computeOutputPortDepth(CausalityInterfaceForComposites.java:765)
	at ptolemy.actor.util.CausalityInterfaceForComposites._computeInputDepth(CausalityInterfaceForComposites.java:696)
	at ptolemy.actor.util.CausalityInterfaceForComposites._computeOutputPortDepth(CausalityInterfaceForComposites.java:765)
	at ptolemy.actor.util.CausalityInterfaceForComposites._computeInputDepth(CausalityInterfaceForComposites.java:696)
	at ptolemy.actor.util.CausalityInterfaceForComposites._computeActorDepth(CausalityInterfaceForComposites.java:532)
	at ptolemy.actor.util.CausalityInterfaceForComposites.checkForCycles(CausalityInterfaceForComposites.java:96)
	at ptolemy.domains.de.kernel.DEDirector.preinitialize(DEDirector.java:1338)
	at ptolemy.actor.CompositeActor.preinitialize(CompositeActor.java:1828)
	at ptolemy.actor.Manager.preinitializeAndResolveTypes(Manager.java:1040)
	at ptolemy.actor.Manager.initialize(Manager.java:710)
	at ptolemy.actor.Manager.execute(Manager.java:356)
	at ptolemy.actor.Manager.run(Manager.java:1263)
	at ptolemy.actor.Manager$PtolemyRunThread.run(Manager.java:1915)
java.lang.RuntimeException: Execution failed
	at ptolemy.moml.MoMLSimpleApplication$UnloadThread.run(MoMLSimpleApplication.java:402)
Caused by: ptolemy.kernel.util.IllegalActionException: Found a zero delay loop containing .dependencyLoop.original
  in .dependencyLoop and .dependencyLoop.original
	at ptolemy.actor.util.CausalityInterfaceForComposites._computeOutputPortDepth(CausalityInterfaceForComposites.java:759)
	at ptolemy.actor.util.CausalityInterfaceForComposites._computeInputDepth(CausalityInterfaceForComposites.java:696)
	at ptolemy.actor.util.CausalityInterfaceForComposites._computeOutputPortDepth(CausalityInterfaceForComposites.java:765)
	at ptolemy.actor.util.CausalityInterfaceForComposites._computeInputDepth(CausalityInterfaceForComposites.java:696)
	at ptolemy.actor.util.CausalityInterfaceForComposites._computeOutputPortDepth(CausalityInterfaceForComposites.java:765)
	at ptolemy.actor.util.CausalityInterfaceForComposites._computeInputDepth(CausalityInterfaceForComposites.java:696)
	at ptolemy.actor.util.CausalityInterfaceForComposites._computeActorDepth(CausalityInterfaceForComposites.java:532)
	at ptolemy.actor.util.CausalityInterfaceForComposites.checkForCycles(CausalityInterfaceForComposites.java:96)
	at ptolemy.domains.de.kernel.DEDirector.preinitialize(DEDirector.java:1338)
	at ptolemy.actor.CompositeActor.preinitialize(CompositeActor.java:1828)
	at ptolemy.actor.Manager.preinitializeAndResolveTypes(Manager.java:1040)
	at ptolemy.actor.Manager.initialize(Manager.java:710)
	at ptolemy.actor.Manager.execute(Manager.java:356)
	at ptolemy.actor.Manager.run(Manager.java:1263)
	at ptolemy.actor.Manager$PtolemyRunThread.run(Manager.java:1915)
java.lang.reflect.InvocationTargetException
	at java.base/jdk.internal.reflect.NativeConstructorAccessorImpl.newInstance0(Native Method)
	at java.base/jdk.internal.reflect.NativeConstructorAccessorImpl.newInstance(NativeConstructorAccessorImpl.java:62)
	at java.base/jdk.internal.reflect.DelegatingConstructorAccessorImpl.newInstance(DelegatingConstructorAccessorImpl.java:45)
	at java.base/java.lang.reflect.Constructor.newInstance(Constructor.java:490)
	at ptolemy.util.test.junit.AutoKnownFailedTests.RunModel(AutoKnownFailedTests.java:105)
	at java.base/jdk.internal.reflect.NativeMethodAccessorImpl.invoke0(Native Method)
	at java.base/jdk.internal.reflect.NativeMethodAccessorImpl.invoke(NativeMethodAccessorImpl.java:62)
	at java.base/jdk.internal.reflect.DelegatingMethodAccessorImpl.invoke(DelegatingMethodAccessorImpl.java:43)
	at java.base/java.lang.reflect.Method.invoke(Method.java:566)
	at org.junit.runners.model.FrameworkMethod$1.runReflectiveCall(FrameworkMethod.java:44)
	at org.junit.internal.runners.model.ReflectiveCallable.run(ReflectiveCallable.java:15)
	at org.junit.runners.model.FrameworkMethod.invokeExplosively(FrameworkMethod.java:41)
	at junitparams.internal.InvokeParameterisedMethod.evaluate(InvokeParameterisedMethod.java:102)
	at org.junit.internal.runners.statements.FailOnTimeout$1.run(FailOnTimeout.java:28)
Caused by: ptolemy.kernel.util.IllegalActionException: Found a zero delay loop containing .dependencyLoop.original
  in .dependencyLoop and .dependencyLoop.original
	at ptolemy.actor.util.CausalityInterfaceForComposites._computeOutputPortDepth(CausalityInterfaceForComposites.java:759)
	at ptolemy.actor.util.CausalityInterfaceForComposites._computeInputDepth(CausalityInterfaceForComposites.java:696)
	at ptolemy.actor.util.CausalityInterfaceForComposites._computeOutputPortDepth(CausalityInterfaceForComposites.java:765)
	at ptolemy.actor.util.CausalityInterfaceForComposites._computeInputDepth(CausalityInterfaceForComposites.java:696)
	at ptolemy.actor.util.CausalityInterfaceForComposites._computeOutputPortDepth(CausalityInterfaceForComposites.java:765)
	at ptolemy.actor.util.CausalityInterfaceForComposites._computeInputDepth(CausalityInterfaceForComposites.java:696)
	at ptolemy.actor.util.CausalityInterfaceForComposites._computeActorDepth(CausalityInterfaceForComposites.java:532)
	at ptolemy.actor.util.CausalityInterfaceForComposites.checkForCycles(CausalityInterfaceForComposites.java:96)
	at ptolemy.domains.de.kernel.DEDirector.preinitialize(DEDirector.java:1338)
	at ptolemy.actor.CompositeActor.preinitialize(CompositeActor.java:1828)
	at ptolemy.actor.Manager.preinitializeAndResolveTypes(Manager.java:1040)
	at ptolemy.actor.Manager.initialize(Manager.java:710)
	at ptolemy.actor.Manager.execute(Manager.java:356)
	at ptolemy.actor.Manager.run(Manager.java:1263)
	at ptolemy.actor.Manager$PtolemyRunThread.run(Manager.java:1915)
java.lang.RuntimeException: Execution failed
	at ptolemy.moml.MoMLSimpleApplication$UnloadThread.run(MoMLSimpleApplication.java:402)
Caused by: ptolemy.kernel.util.IllegalActionException: Found a zero delay loop containing .dependencyLoop2.original
  in .dependencyLoop2 and .dependencyLoop2.original
	at ptolemy.actor.util.CausalityInterfaceForComposites._computeOutputPortDepth(CausalityInterfaceForComposites.java:759)
	at ptolemy.actor.util.CausalityInterfaceForComposites._computeInputDepth(CausalityInterfaceForComposites.java:696)
	at ptolemy.actor.util.CausalityInterfaceForComposites._computeOutputPortDepth(CausalityInterfaceForComposites.java:765)
	at ptolemy.actor.util.CausalityInterfaceForComposites._computeInputDepth(CausalityInterfaceForComposites.java:696)
	at ptolemy.actor.util.CausalityInterfaceForComposites._computeOutputPortDepth(CausalityInterfaceForComposites.java:765)
	at ptolemy.actor.util.CausalityInterfaceForComposites._computeInputDepth(CausalityInterfaceForComposites.java:696)
	at ptolemy.actor.util.CausalityInterfaceForComposites._computeActorDepth(CausalityInterfaceForComposites.java:532)
	at ptolemy.actor.util.CausalityInterfaceForComposites.checkForCycles(CausalityInterfaceForComposites.java:96)
	at ptolemy.domains.de.kernel.DEDirector.preinitialize(DEDirector.java:1338)
	at ptolemy.actor.CompositeActor.preinitialize(CompositeActor.java:1828)
	at ptolemy.actor.Manager.preinitializeAndResolveTypes(Manager.java:1040)
	at ptolemy.actor.Manager.initialize(Manager.java:710)
	at ptolemy.actor.Manager.execute(Manager.java:356)
	at ptolemy.actor.Manager.run(Manager.java:1263)
	at ptolemy.actor.Manager$PtolemyRunThread.run(Manager.java:1915)
java.lang.reflect.InvocationTargetException
	at java.base/jdk.internal.reflect.NativeConstructorAccessorImpl.newInstance0(Native Method)
	at java.base/jdk.internal.reflect.NativeConstructorAccessorImpl.newInstance(NativeConstructorAccessorImpl.java:62)
	at java.base/jdk.internal.reflect.DelegatingConstructorAccessorImpl.newInstance(DelegatingConstructorAccessorImpl.java:45)
	at java.base/java.lang.reflect.Constructor.newInstance(Constructor.java:490)
	at ptolemy.util.test.junit.AutoKnownFailedTests.RunModel(AutoKnownFailedTests.java:105)
	at java.base/jdk.internal.reflect.NativeMethodAccessorImpl.invoke0(Native Method)
	at java.base/jdk.internal.reflect.NativeMethodAccessorImpl.invoke(NativeMethodAccessorImpl.java:62)
	at java.base/jdk.internal.reflect.DelegatingMethodAccessorImpl.invoke(DelegatingMethodAccessorImpl.java:43)
	at java.base/java.lang.reflect.Method.invoke(Method.java:566)
	at org.junit.runners.model.FrameworkMethod$1.runReflectiveCall(FrameworkMethod.java:44)
	at org.junit.internal.runners.model.ReflectiveCallable.run(ReflectiveCallable.java:15)
	at org.junit.runners.model.FrameworkMethod.invokeExplosively(FrameworkMethod.java:41)
	at junitparams.internal.InvokeParameterisedMethod.evaluate(InvokeParameterisedMethod.java:102)
	at org.junit.internal.runners.statements.FailOnTimeout$1.run(FailOnTimeout.java:28)
Caused by: ptolemy.kernel.util.IllegalActionException: Found a zero delay loop containing .dependencyLoop2.original
  in .dependencyLoop2 and .dependencyLoop2.original
	at ptolemy.actor.util.CausalityInterfaceForComposites._computeOutputPortDepth(CausalityInterfaceForComposites.java:759)
	at ptolemy.actor.util.CausalityInterfaceForComposites._computeInputDepth(CausalityInterfaceForComposites.java:696)
	at ptolemy.actor.util.CausalityInterfaceForComposites._computeOutputPortDepth(CausalityInterfaceForComposites.java:765)
	at ptolemy.actor.util.CausalityInterfaceForComposites._computeInputDepth(CausalityInterfaceForComposites.java:696)
	at ptolemy.actor.util.CausalityInterfaceForComposites._computeOutputPortDepth(CausalityInterfaceForComposites.java:765)
	at ptolemy.actor.util.CausalityInterfaceForComposites._computeInputDepth(CausalityInterfaceForComposites.java:696)
	at ptolemy.actor.util.CausalityInterfaceForComposites._computeActorDepth(CausalityInterfaceForComposites.java:532)
	at ptolemy.actor.util.CausalityInterfaceForComposites.checkForCycles(CausalityInterfaceForComposites.java:96)
	at ptolemy.domains.de.kernel.DEDirector.preinitialize(DEDirector.java:1338)
	at ptolemy.actor.CompositeActor.preinitialize(CompositeActor.java:1828)
	at ptolemy.actor.Manager.preinitializeAndResolveTypes(Manager.java:1040)
	at ptolemy.actor.Manager.initialize(Manager.java:710)
	at ptolemy.actor.Manager.execute(Manager.java:356)
	at ptolemy.actor.Manager.run(Manager.java:1263)
	at ptolemy.actor.Manager$PtolemyRunThread.run(Manager.java:1915)
]]></system-err>
</testsuite>
