<?xml version="1.0" encoding="UTF-8" ?>
<testsuite errors="0" failures="0" hostname="travis-job-5a04918b-bfc0-46b6-8f30-1ad6c5a4f360" name="ptolemy.actor.lib.test.junit.JUnitTclTest" skipped="0" tests="517" time="59.467" timestamp="2019-04-16T04:00:30">
  <properties>
    <property name="npm.executable" value="npm" />
    <property name="file.encoding.pkg" value="sun.io" />
    <property name="env.TRAVIS_ROOT" value="/" />
    <property name="ptII.mk.exists" value="true" />
    <property name="env.TRAVIS_APP_HOST" value="build.travis-ci.org" />
    <property name="env.rvm_bin_path" value="/home/travis/.rvm/bin" />
    <property name="java.home" value="/usr/lib/jvm/java-8-oracle/jre" />
    <property name="env.TRAVIS_JOB_NUMBER" value="1091.8" />
    <property name="env.TRAVIS_HOME" value="/home/travis" />
    <property name="env.DISPLAY" value=":99.0" />
    <property name="java.net.preferIPv4Stack" value="true" />
    <property name="env.TRAVIS_INIT" value="upstart" />
    <property name="env.SSH_TTY" value="/dev/pts/0" />
    <property name="env.RUN_TESTS" value="true" />
    <property name="timeout.short" value="1000000" />
    <property name="env.TRAVIS_JOB_NAME" value="" />
    <property name="env.TRAVIS_STACK_NODE_ATTRIBUTES" value="/.node-attributes.yml" />
    <property name="junit.formatter" value="xml" />
    <property name="java.endorsed.dirs" value="/usr/lib/jvm/java-8-oracle/jre/lib/endorsed" />
    <property name="env.TRAVIS_SUDO" value="true" />
    <property name="env.LOGNAME" value="travis" />
    <property name="env.PT_TRAVIS_TEST_CORE1_XML" value="true" />
    <property name="jsdoc.home" value="node_modules/@terraswarm/jsdoc" />
    <property name="debuglevel" value="source,lines,vars" />
    <property name="checkstyle.formatter" value="xml" />
    <property name="bin.vergil.makeable" value="true" />
    <property name="env._system_version" value="14.04" />
    <property name="sun.os.patch.level" value="unknown" />
    <property name="java.vendor.url" value="http://java.oracle.com/" />
    <property name="env.TRAVIS_BUILD_WEB_URL" value="https://travis-ci.org/icyphy/ptII/builds/520577568" />
    <property name="java.version" value="1.8.0_151" />
    <property name="env.TZ" value="UTC" />
    <property name="env.PT_NO_NET" value="true" />
    <property name="env.TRAVIS_PULL_REQUEST_SHA" value="" />
    <property name="env.TRAVIS_SECURE_ENV_VARS" value="true" />
    <property name="env._system_type" value="Linux" />
    <property name="java.vendor.url.bug" value="http://bugreport.sun.com/bugreport/" />
    <property name="env.SSH_CLIENT" value="10.10.4.54 34990 22" />
    <property name="npmjs-org-is-up" value="true" />
    <property name="env.GEM_HOME" value="/home/travis/.rvm/gems/ruby-2.4.1" />
    <property name="env.HAS_ANTARES_THREE_LITTLE_FRONZIES_BADGE" value="true" />
    <property name="env.PS4" value="+" />
    <property name="ant.project.invoked-targets" value="build,test.core1.xml" />
    <property name="env.TRAVIS_PULL_REQUEST_BRANCH" value="" />
    <property name="env.TRAVIS_REPO_SLUG" value="icyphy/ptII" />
    <property name="env.TRAVIS_APT_PROXY" value="http://build-cache.travisci.net" />
    <property name="node.in.path" value="true" />
    <property name="java.maxmemory" value="1400m" />
    <property name="env.RUBY_VERSION" value="ruby-2.4.1" />
    <property name="user.name" value="travis" />
    <property name="env.LANG" value="en_US.UTF-8" />
    <property name="sun.io.unicode.encoding" value="UnicodeLittle" />
    <property name="sun.jnu.encoding" value="UTF-8" />
    <property name="java.runtime.name" value="Java(TM) SE Runtime Environment" />
    <property name="usefile" value="false" />
    <property name="return.code" value="0" />
    <property name="junit.single.formatter" value="plain" />
    <property name="env.DYLD_LIBRARY_PATH" value="/home/travis/pthla/certi-tools/lib:" />
    <property name="env.DEBIAN_FRONTEND" value="noninteractive" />
    <property name="env.SSH_CONNECTION" value="10.10.4.54 34990 10.20.1.236 22" />
    <property name="env.MYSQL_UNIX_PORT" value="/var/run/mysqld/mysqld.sock" />
    <property name="env.TRAVIS_ALLOW_FAILURE" value="false" />
    <property name="env.LC_ALL" value="en_US.UTF-8" />
    <property name="env.TRAVIS_JOB_WEB_URL" value="https://travis-ci.org/icyphy/ptII/jobs/520577576" />
    <property name="java.specification.name" value="Java Platform API Specification" />
    <property name="node.works" value="true" />
    <property name="user.timezone" value="" />
    <property name="path.separator" value=":" />
    <property name="env.TRAVIS_ENABLE_INFRA_DETECTION" value="true" />
    <property name="env.PYTHON_CFLAGS" value="-g -fstack-protector --param=ssp-buffer-size=4 -Wformat -Werror=format-security" />
    <property name="timeout.long" value="4000000" />
    <property name="env.CERTI_HOME" value="/home/travis/pthla/certi-tools" />
    <property name="file.encoding" value="UTF-8" />
    <property name="ant.file.ptII" value="/home/travis/build/icyphy/ptII/build.xml" />
    <property name="javadoc.packagenames" value="com.*,diva.*,lbnl.*,org.hlacerti.*,org.json.*,org.ptolemy.*,org.terraswarm.*,ptolemy.*,ptserver.*" />
    <property name="env.TRAVIS_PULL_REQUEST_SLUG" value="" />
    <property name="ant.project.default-target" value="build" />
    <property name="env.GIT_ASKPASS" value="echo" />
    <property name="env.HOME" value="/home/travis" />
    <property name="sun.java.command" value="org.apache.tools.ant.taskdefs.optional.junit.JUnitTestRunner ptolemy.actor.lib.test.junit.JUnitTclTest skipNonTests=false filtertrace=true haltOnError=false haltOnFailure=false formatter=org.apache.tools.ant.taskdefs.optional.junit.OutErrSummaryJUnitResultFormatter showoutput=true outputtoformatters=true logfailedtests=true threadid=0 logtestlistenerevents=false formatter=org.apache.tools.ant.taskdefs.optional.junit.XMLJUnitResultFormatter,/home/travis/build/icyphy/ptII/reports/junit/TEST-ptolemy.actor.lib.test.junit.JUnitTclTest.xml crashfile=/home/travis/build/icyphy/ptII/junitvmwatcher7236028818909799233.properties propsfile=/home/travis/build/icyphy/ptII/junit4389740506622655508.properties" />
    <property name="env.MANPATH" value="/home/travis/.nvm/versions/node/v7.10.1/share/man:/home/travis/.kiex/elixirs/elixir-1.4.5/man:/home/travis/.rvm/rubies/ruby-2.4.1/share/man:/usr/local/man:/usr/local/cmake-3.9.2/man:/usr/local/clang-5.0.0/share/man:/usr/local/share/man:/usr/share/man:/home/travis/.rvm/man" />
    <property name="env.COMPOSER_NO_INTERACTION" value="1" />
    <property name="env.JDK_SWITCHER_DEFAULT" value="oraclejdk8" />
    <property name="env.TRAVIS_TIMER_ID" value="289a67e8" />
    <property name="ant.file" value="/home/travis/build/icyphy/ptII/build.xml" />
    <property name="env.TRAVIS_COMMIT_RANGE" value="3d6a7c638f166608a27885e62bff14e707681c86...45a395352d464eed1eb0f8bdc087b807cbfe8a46" />
    <property name="env._system_name" value="Ubuntu" />
    <property name="timeout" value="2400000" />
    <property name="ptII.classpath.optional.property" value="/home/travis/build/icyphy/ptII/lib/bsh-2.0b4.jar:/home/travis/build/icyphy/ptII/lib/ptCal.jar:/home/travis/build/icyphy/ptII/lib/java_cup.jar:/home/travis/build/icyphy/ptII/lib/saxon8.jar:/home/travis/build/icyphy/ptII/lib/saxon8-dom.jar:/home/travis/build/icyphy/ptII/lib/chic.jar:/home/travis/build/icyphy/ptII/lib/ptcolt.jar:/usr/lib/jvm/java-8-oracle/lib/tools.jar:/home/travis/build/icyphy/ptII/vendors/misc/itext/iText.jar:/home/travis/build/icyphy/ptII/lib/g4ltl.jar:/home/travis/build/icyphy/ptII/lib/StructuralCoder.jar:/home/travis/build/icyphy/ptII/vendors/jai-1_1_2_01/lib/jai_core.jar:/home/travis/build/icyphy/ptII/vendors/jai-1_1_2_01/lib/jai_codec.jar:/home/travis/build/icyphy/ptII/lib/jcerti.jar:/home/travis/build/icyphy/ptII/lib/javax.mail.jar:/home/travis/build/icyphy/ptII/vendors/JMF-2.1.1e/lib/jmf.jar:/home/travis/build/icyphy/ptII/lib/jna-4.0.0-variadic.jar:/home/travis/build/icyphy/ptII/vendors/misc/joystick/Joystick.jar:/home/travis/build/icyphy/ptII/lib/ptjacl.jar:/home/travis/build/icyphy/ptII/lib/jsoup-1.8.2.jar:/home/travis/build/icyphy/ptII/lib/junit-4.8.2.jar:/home/travis/build/icyphy/ptII/lib/JUnitParams-0.4.0.jar:/home/travis/build/icyphy/ptII/ptolemy/actor/lib/excel/jxl.jar:/home/travis/build/icyphy/ptII/lib/jython.jar:/home/travis/build/icyphy/ptII/lib/kieler.jar:/home/travis/build/icyphy/ptII/vendors/opencv/share/OpenCV/java/opencv-341.jar:/home/travis/build/icyphy/ptII/lib/oscP5.jar:/home/travis/build/icyphy/ptII/lib/nrjavaserial-3.11.0.devel.jar:/home/travis/build/icyphy/ptII/vendors/j3d/lib/j3dcore.jar:/home/travis/build/icyphy/ptII/vendors/j3d/lib/j3dutils.jar:/home/travis/build/icyphy/ptII/vendors/j3d/lib/vecmath.jar:/home/travis/build/icyphy/ptII/ptolemy/distributed/jini/jar/jini-core.jar:/home/travis/build/icyphy/ptII/ptolemy/distributed/jini/jar/jini-ext.jar:/home/travis/build/icyphy/ptII/ptolemy/distributed/jini/jar/sun-util.jar:/home/travis/build/icyphy/ptII/lib/protobuf-java-2.4.1.jar:/home/travis/build/icyphy/ptII/lib/org.eclipse.paho.client.mqttv3.jar:/home/travis/build/icyphy/ptII/lib/mapss.jar:/home/travis/build/icyphy/ptII/ptolemy/actor/ptalon/antlr/antlr.jar:/home/travis/build/icyphy/ptII/lib/JRI.jar:/home/travis/build/icyphy/ptII/lib/commons-lang-2.6.jar:/home/travis/build/icyphy/ptII/lib/commons-logging-1.1.1.jar:/home/travis/build/icyphy/ptII/lib/sootclasses.jar:/home/travis/build/icyphy/ptII/ptolemy/actor/lib/database/mysql-connector-java-5.1.6-bin.jar:/home/travis/build/icyphy/ptII/vendors/misc/sphinx4/sphinx4-data-5prealpha.jar:/home/travis/build/icyphy/ptII/vendors/misc/sphinx4/sphinx4-core-5prealpha.jar:/home/travis/build/icyphy/ptII/lib/PDFRenderer.jar:/home/travis/build/icyphy/ptII/lib/svgSalamander.jar:/home/travis/build/icyphy/ptII/lib/rsyntaxtextarea-2.6.0-SNAPSHOT.jar:/home/travis/build/icyphy/ptII/lib/hazelcast-3.8.2.jar:/home/travis/build/icyphy/ptII/lib/jackson-annotations-2.9.0.jar:/home/travis/build/icyphy/ptII/lib/jackson-core-2.9.3.jar:/home/travis/build/icyphy/ptII/lib/jackson-databind-2.9.3.jar:/home/travis/build/icyphy/ptII/lib/netty-buffer-4.1.19.Final.jar:/home/travis/build/icyphy/ptII/lib/netty-codec-4.1.19.Final.jar:/home/travis/build/icyphy/ptII/lib/netty-codec-dns-4.1.19.Final.jar:/home/travis/build/icyphy/ptII/lib/netty-codec-http-4.1.19.Final.jar:/home/travis/build/icyphy/ptII/lib/netty-codec-http2-4.1.19.Final.jar:/home/travis/build/icyphy/ptII/lib/netty-common-4.1.19.Final.jar:/home/travis/build/icyphy/ptII/lib/netty-handler-4.1.19.Final.jar:/home/travis/build/icyphy/ptII/lib/netty-resolver-4.1.19.Final.jar:/home/travis/build/icyphy/ptII/lib/netty-resolver-dns-4.1.19.Final.jar:/home/travis/build/icyphy/ptII/lib/netty-transport-4.1.19.Final.jar:/home/travis/build/icyphy/ptII/lib/vertx-codegen-3.5.1.jar:/home/travis/build/icyphy/ptII/lib/vertx-core-3.5.2-SNAPSHOT.jar:/home/travis/build/icyphy/ptII/lib/vertx-hazelcast-3.5.1.jar:/home/travis/build/icyphy/ptII/lib/vertx-lang-js-3.5.1.jar:/home/travis/build/icyphy/ptII/lib/vertx-service-proxy-3.5.1.jar:/home/travis/build/icyphy/ptII/lib/vertx-web-3.5.1.jar:/home/travis/build/icyphy/ptII/lib/slf4j-api-1.7.13.jar:/home/travis/build/icyphy/ptII/lib/slf4j-simple-1.7.13.jar:/home/travis/build/icyphy/ptII/lib/webcam-capture-0.3.12.jar:/home/travis/build/icyphy/ptII/lib/bridj-0.7.0.jar:/home/travis/build/icyphy/ptII/lib/xbjlib-1.1.0.nrjavaserial.jar" />
    <property name="test.batch" value="**/junit/*.java" />
    <property name="env._" value="/usr/bin/timeout" />
    <property name="java.io.tmpdir" value="/tmp" />
    <property name="env.TRAVIS_INTERNAL_RUBY_REGEX" value="^ruby-(2\.[0-4]\.[0-9]|1\.9\.3)" />
    <property name="user.language" value="en" />
    <property name="env.HISTCONTROL" value="ignoredups:ignorespace" />
    <property name="env.GOROOT" value="/home/travis/.gimme/versions/go1.7.4.linux.amd64" />
    <property name="line.separator" value="&#xa;" />
    <property name="target" value="1.8" />
    <property name="env.TRAVIS_BUILD_DIR" value="/home/travis/build/icyphy/ptII" />
    <property name="env.ANT_OPTS" value="-Xmx2048m" />
    <property name="ant.file.type" value="file" />
    <property name="ptolemy.ptII.batchMode" value="true" />
    <property name="env.HISTSIZE" value="1000" />
    <property name="env.MERB_ENV" value="test" />
    <property name="java.vm.info" value="mixed mode" />
    <property name="source" value="1.8" />
    <property name="java.vm.specification.name" value="Java Virtual Machine Specification" />
    <property name="env.TRAVIS_TEST_RESULT" value="0" />
    <property name="jsdoc.command" value="node_modules/@terraswarm/jsdoc/jsdoc.js" />
    <property name="npm.works" value="true" />
    <property name="cobertura.dir" value="/home/travis/build/icyphy/ptII/vendors/cobertura-2.0.3" />
    <property name="env.rvm_path" value="/home/travis/.rvm" />
    <property name="env.GEM_PATH" value="/home/travis/.rvm/gems/ruby-2.4.1:/home/travis/.rvm/gems/ruby-2.4.1@global" />
    <property name="env.LC_CTYPE" value="en_US.UTF-8" />
    <property name="java.awt.printerjob" value="sun.print.PSPrinterJob" />
    <property name="env.TRAVIS_CMD" value="$PTII/bin/ptIITravisBuild.sh $SECONDS" />
    <property name="env.TRAVIS_STACK_NAME" value="garnet" />
    <property name="env.TRAVIS_TIMER_START_TIME" value="1555386874851228075" />
    <property name="ant.version" value="Apache Ant(TM) version 1.10.1 compiled on February 2 2017" />
    <property name="ptII.reports" value="/home/travis/build/icyphy/ptII/reports" />
    <property name="env.TRAVIS_STACK_TIMESTAMP" value="2017-12-05 19:33:09 UTC" />
    <property name="ant.file.type.ptII" value="file" />
    <property name="env.RBENV_SHELL" value="bash" />
    <property name="os.name" value="Linux" />
    <property name="java.specification.vendor" value="Oracle Corporation" />
    <property name="env.rvm_version" value="1.29.3 (latest)" />
    <property name="env.TRAVIS_INFRA" value="gce" />
    <property name="env.TERM" value="xterm" />
    <property name="java.vm.name" value="Java HotSpot(TM) 64-Bit Server VM" />
    <property name="env.TRAVIS_BUILD_NUMBER" value="1091" />
    <property name="env.CI" value="true" />
    <property name="java.library.path" value="/home/travis/pthla/certi-tools/lib:/usr/lib/jni:/usr/local/share/OpenCV/java/:/usr/share/OpenCV/java::/usr/java/packages/lib/amd64:/usr/lib64:/lib64:/lib:/usr/lib" />
    <property name="env.rvm_prefix" value="/home/travis" />
    <property name="env.PATH" value="/home/travis/pthla/certi-tools/share/scripts:/home/travis/.rvm/gems/ruby-2.4.1/bin:/home/travis/.rvm/gems/ruby-2.4.1@global/bin:/home/travis/.rvm/rubies/ruby-2.4.1/bin:/home/travis/.rvm/bin:/home/travis/.nvm/versions/node/v7.10.1/bin:./node_modules/.bin:/home/travis/build/icyphy/ptII/bin:/home/travis/pthla/certi-tools/bin:/home/travis/bin:/home/travis/.local/bin:/opt/pyenv/shims:/home/travis/.phpenv/shims:/home/travis/perl5/perlbrew/bin:/home/travis/.kiex/elixirs/elixir-1.4.5/bin:/home/travis/.kiex/bin:/home/travis/gopath/bin:/home/travis/.gimme/versions/go1.7.4.linux.amd64/bin:/usr/local/phantomjs/bin:/usr/local/phantomjs:/usr/local/neo4j-3.2.7/bin:/usr/local/maven-3.5.2/bin:/usr/local/cmake-3.9.2/bin:/usr/local/clang-5.0.0/bin:/usr/local/sbin:/usr/local/bin:/usr/sbin:/usr/bin:/sbin:/bin:/home/travis/.phpenv/bin:/opt/pyenv/bin:/home/travis/.yarn/bin" />
    <property name="env.TRAVIS_OS_NAME" value="linux" />
    <property name="ant.java.version" value="1.8" />
    <property name="basedir" value="/home/travis/build/icyphy/ptII" />
    <property name="java.class.version" value="52.0" />
    <property name="env.SHLVL" value="3" />
    <property name="env.LD_LIBRARY_PATH" value="/home/travis/pthla/certi-tools/lib:/usr/lib/jni:/usr/local/share/OpenCV/java/:/usr/share/OpenCV/java:" />
    <property name="env.RACK_ENV" value="test" />
    <property name="ant.home" value="/home/travis/build/icyphy/ptII/ant" />
    <property name="env.PERLBREW_BASHRC_VERSION" value="0.80" />
    <property name="env.NVM_DIR" value="/home/travis/.nvm" />
    <property name="env.TRAVIS_BUILD_ID" value="520577568" />
    <property name="env.CERTI_FOM_PATH" value="/home/travis/pthla/certi-tools/share/federations" />
    <property name="env.PYENV_ROOT" value="/opt/pyenv" />
    <property name="env.TRAVIS_UID" value="2000" />
    <property name="env.rvm_pretty_print_flag" value="auto" />
    <property name="env.NVM_BIN" value="/home/travis/.nvm/versions/node/v7.10.1/bin" />
    <property name="env.TRAVIS_COMMIT" value="45a395352d464eed1eb0f8bdc087b807cbfe8a46" />
    <property name="env._system_arch" value="x86_64" />
    <property name="node.executable" value="node" />
    <property name="sun.boot.library.path" value="/usr/lib/jvm/java-8-oracle/jre/lib/amd64" />
    <property name="sun.management.compiler" value="HotSpot 64-Bit Tiered Compilers" />
    <property name="env.GOPATH" value="/home/travis/gopath" />
    <property name="java.awt.graphicsenv" value="sun.awt.X11GraphicsEnvironment" />
    <property name="ptolemy.ptII.dir" value="/home/travis/build/icyphy/ptII" />
    <property name="env.USER" value="travis" />
    <property name="env.HISTFILESIZE" value="2000" />
    <property name="timeout.longest" value="19000000" />
    <property name="env.TRAVIS_STACK_FEATURES" value="basic cassandra chromium couchdb disabled-ipv6 docker docker-compose elasticsearch firefox go-toolchain google-chrome jdk memcached mongodb mysql neo4j nodejs_interpreter perl_interpreter perlbrew phantomjs postgresql python_interpreter rabbitmq redis riak ruby_interpreter sqlite xserver" />
    <property name="env.TRAVIS_PULL_REQUEST" value="false" />
    <property name="env.PYENV_SHELL" value="bash" />
    <property name="ant.project.name" value="ptII" />
    <property name="java.vm.specification.version" value="1.8" />
    <property name="env.ANSI_RESET" value="\033[0m" />
    <property name="env.TRAVIS_DIST" value="trusty" />
    <property name="env.CERTI_VERSION" value="4.0.0" />
    <property name="env.NLSPATH" value="/usr/dt/lib/nls/msg/%L/%N.cat" />
    <property name="awt.toolkit" value="sun.awt.X11.XToolkit" />
    <property name="env.CERTI_HOST" value="localhost" />
    <property name="env.MY_RUBY_HOME" value="/home/travis/.rvm/rubies/ruby-2.4.1" />
    <property name="sun.cpu.isalist" value="" />
    <property name="env.TRAVIS_TMPDIR" value="/tmp/tmp.z5663o9FEn" />
    <property name="java.ext.dirs" value="/usr/lib/jvm/java-8-oracle/jre/lib/ext:/usr/java/packages/lib/ext" />
    <property name="os.version" value="4.4.0-101-generic" />
    <property name="user.home" value="/home/travis" />
    <property name="env.MIX_ARCHIVES" value="/home/travis/.kiex/mix/elixir-1.4.5" />
    <property name="java.vm.vendor" value="Oracle Corporation" />
    <property name="env.TRAVIS_TAG" value="nightly" />
    <property name="env.ANSI_YELLOW" value="\033[33;1m" />
    <property name="env.TRAVIS_FILTERED" value="redirect_io" />
    <property name="env.ANSI_GREEN" value="\033[32;1m" />
    <property name="env.JAVA_HOME" value="/usr/lib/jvm/java-8-oracle" />
    <property name="env.PTII" value="/home/travis/build/icyphy/ptII" />
    <property name="javadoc.excludepackagenames" value="adm.cvs2svn.*,build.*,config.*,doc.coding.templates.*,jni.test.jni.meaningOfLife.*,jni.test.jni.testDeux.*,jni.test.jni.testTrois.*,org.terraswarm.accessor.accessors.web.node_modules.*,org.terraswarm.accessor.accessors.web.hosts.cordova.demo.*,org.terraswarm.accessor.accessors.web.hosts.cordova.plugins.*,org.terraswarm.accessor.accessors-svn.*,pt-modules.*,ptolemy.apps.agilent.*,ptolemy.apps.anytimecontrol.*,ptolemy.apps.apes.*,ptolemy.apps.charon.*,ptolemy.apps.crazyboard.*,ptolemy.apps.eclipse.*,ptolemy.apps.etherealSting.*,ptolemy.apps.fullscreen.*,ptolemy.apps.giotto.*,ptolemy.apps.ia.*,ptolemy.apps.interfaces.*,ptolemy.apps.jmf.*,ptolemy.apps.kurt.*,ptolemy.apps.kvm.*,ptolemy.apps.lego.*,ptolemy.apps.lejos.*,ptolemy.apps.midp.*,ptolemy.apps.mobileCoding.*,ptolemy.apps.pendulum.*,ptolemy.apps.rijndael.*,ptolemy.apps.robot.*,ptolemy.apps.security.*,ptolemy.apps.sobel.*,ptolemy.apps.soot.*,ptolemy.apps.throttle.*,ptolemy.apps.tini.*,ptolemy.apps.transmission.*,ptolemy.apps.vergil.*,ptolemy.apps.waba.*,ptolemy.apps.websensor.*,ptolemy.apps.webstart.*,ptolemy.apps.xsl.*,ptolemy.apps.zaurus.*,ptolemy.codegen.c.actor.lib.oldJavaFiles.*,ptolemy.codegen.dsp.lib.*,ptolemy.codegen.kernel.newInterfaces.*,ptolemy.codegen.lib.*,ptolemy.copernicus.kernel.fragment.*,ptolemy.copernicus.shallow.cg.*,ptolemy.domains.giotto.demo.Hierarchy.Hierarchy.*,ptolemy.domains.giotto.demo.Multimode.Multimode.*,ptolemy.domains.giotto.demo.Simple.Simple.*,ptolemy.domains.gr.lib.experimental.*,ptolemy.domains.gro.*,ptolemy.domains.pdf.*,ptolemy.domains.ptinyos.demo.Surge.output.*,ptolemy.moml.test.NoPackageActor.java*,ptolemy.plot.adm.*,ptolemy.plot.servlet.*,reports.*,signed.*,src.*,target.*,vendors.*,ptolemy.apps.eclipse.awt.*,ptolemy.backtrack.*,ptolemy.backtrack.ast.*,ptolemy.cg.adapter.generic.program.procedural.c.mbed*,ptolemy.homer.*,org.ptolemy.scala.*,diva.util.java2d.svg.*,ptolemy.domains.ptinyos.*,ptolemy.actor.lib.fmi.fmipp.*,,org.terraswarm.accessor.accessors.web.node_modules.*,org.terraswarm.accessor.accessors-svn,ptolemy.apps.*,ptolemy.actor.ptalon.demo.ptinyos.SendAndReceiveCnt.output,ptolemy.actor.ptalon.demo.ptinyos.SenseToLeds.output,ptolemy.domains.ptinyos.demo.CntToLedsAndRfm.output,ptolemy.domains.ptinyos.demo.RfmToLeds.output,ptolemy.domains.ptinyos.demo.SendAndReceiveCnt.output,ptolemy.domains.ptinyos.demo.SenseToLeds.output,ptolemy.actor.lib.jjs.modules.udpSocket.*" />
    <property name="env.TRAVIS_COMMIT_MESSAGE" value="Tuning documentation in org.hlacerti.lib (renaming some variables)." />
    <property name="keystore" value="ptKeystore" />
    <property name="env.XDG_SESSION_ID" value="2" />
    <property name="junit.output.dir" value="/home/travis/build/icyphy/ptII/reports/junit" />
    <property name="npm.return.code" value="0" />
    <property name="user.dir" value="/home/travis/build/icyphy/ptII/ptolemy/actor/lib/test" />
    <property name="env.TRAVIS_NODE_VERSION" value="7" />
    <property name="env.XFILESEARCHPATH" value="/usr/dt/app-defaults/%L/Dt" />
    <property name="env.TRAVIS_EVENT_TYPE" value="cron" />
    <property name="env.MAIL" value="/var/mail/travis" />
    <property name="env.PWD" value="/home/travis/build/icyphy/ptII" />
    <property name="env.PERLBREW_ROOT" value="/home/travis/perl5/perlbrew" />
    <property name="timeout.npm" value="45000" />
    <property name="env.TRAVIS_ARCH" value="amd64" />
    <property name="env.PAGER" value="cat" />
    <property name="sun.cpu.endian" value="little" />
    <property name="env.TRAVIS_BUILD_STAGE_NAME" value="Test" />
    <property name="env.PERLBREW_HOME" value="/home/travis/.perlbrew" />
    <property name="env.RAILS_ENV" value="test" />
    <property name="java.vm.version" value="25.151-b12" />
    <property name="java.class.path" value="/home/travis/.ptolemyII:/home/travis/.ptolemyII/*:/home/travis/build/icyphy/ptII:/home/travis/build/icyphy/ptII/lib/bsh-2.0b4.jar:/home/travis/build/icyphy/ptII/lib/ptCal.jar:/home/travis/build/icyphy/ptII/lib/java_cup.jar:/home/travis/build/icyphy/ptII/lib/saxon8.jar:/home/travis/build/icyphy/ptII/lib/saxon8-dom.jar:/home/travis/build/icyphy/ptII/lib/chic.jar:/home/travis/build/icyphy/ptII/lib/ptcolt.jar:/usr/lib/jvm/java-8-oracle/lib/tools.jar:/home/travis/build/icyphy/ptII/vendors/misc/itext/iText.jar:/home/travis/build/icyphy/ptII/lib/g4ltl.jar:/home/travis/build/icyphy/ptII/lib/StructuralCoder.jar:/home/travis/build/icyphy/ptII/vendors/jai-1_1_2_01/lib/jai_core.jar:/home/travis/build/icyphy/ptII/vendors/jai-1_1_2_01/lib/jai_codec.jar:/home/travis/build/icyphy/ptII/lib/jcerti.jar:/home/travis/build/icyphy/ptII/lib/javax.mail.jar:/home/travis/build/icyphy/ptII/vendors/JMF-2.1.1e/lib/jmf.jar:/home/travis/build/icyphy/ptII/lib/jna-4.0.0-variadic.jar:/home/travis/build/icyphy/ptII/vendors/misc/joystick/Joystick.jar:/home/travis/build/icyphy/ptII/lib/ptjacl.jar:/home/travis/build/icyphy/ptII/lib/jsoup-1.8.2.jar:/home/travis/build/icyphy/ptII/lib/junit-4.8.2.jar:/home/travis/build/icyphy/ptII/lib/JUnitParams-0.4.0.jar:/home/travis/build/icyphy/ptII/ptolemy/actor/lib/excel/jxl.jar:/home/travis/build/icyphy/ptII/lib/jython.jar:/home/travis/build/icyphy/ptII/lib/kieler.jar:/home/travis/build/icyphy/ptII/vendors/opencv/share/OpenCV/java/opencv-341.jar:/home/travis/build/icyphy/ptII/lib/oscP5.jar:/home/travis/build/icyphy/ptII/lib/nrjavaserial-3.11.0.devel.jar:/home/travis/build/icyphy/ptII/vendors/j3d/lib/j3dcore.jar:/home/travis/build/icyphy/ptII/vendors/j3d/lib/j3dutils.jar:/home/travis/build/icyphy/ptII/vendors/j3d/lib/vecmath.jar:/home/travis/build/icyphy/ptII/ptolemy/distributed/jini/jar/jini-core.jar:/home/travis/build/icyphy/ptII/ptolemy/distributed/jini/jar/jini-ext.jar:/home/travis/build/icyphy/ptII/ptolemy/distributed/jini/jar/sun-util.jar:/home/travis/build/icyphy/ptII/lib/protobuf-java-2.4.1.jar:/home/travis/build/icyphy/ptII/lib/org.eclipse.paho.client.mqttv3.jar:/home/travis/build/icyphy/ptII/lib/mapss.jar:/home/travis/build/icyphy/ptII/ptolemy/actor/ptalon/antlr/antlr.jar:/home/travis/build/icyphy/ptII/lib/JRI.jar:/home/travis/build/icyphy/ptII/lib/commons-lang-2.6.jar:/home/travis/build/icyphy/ptII/lib/commons-logging-1.1.1.jar:/home/travis/build/icyphy/ptII/lib/sootclasses.jar:/home/travis/build/icyphy/ptII/ptolemy/actor/lib/database/mysql-connector-java-5.1.6-bin.jar:/home/travis/build/icyphy/ptII/vendors/misc/sphinx4/sphinx4-data-5prealpha.jar:/home/travis/build/icyphy/ptII/vendors/misc/sphinx4/sphinx4-core-5prealpha.jar:/home/travis/build/icyphy/ptII/lib/PDFRenderer.jar:/home/travis/build/icyphy/ptII/lib/svgSalamander.jar:/home/travis/build/icyphy/ptII/lib/rsyntaxtextarea-2.6.0-SNAPSHOT.jar:/home/travis/build/icyphy/ptII/lib/hazelcast-3.8.2.jar:/home/travis/build/icyphy/ptII/lib/jackson-annotations-2.9.0.jar:/home/travis/build/icyphy/ptII/lib/jackson-core-2.9.3.jar:/home/travis/build/icyphy/ptII/lib/jackson-databind-2.9.3.jar:/home/travis/build/icyphy/ptII/lib/netty-buffer-4.1.19.Final.jar:/home/travis/build/icyphy/ptII/lib/netty-codec-4.1.19.Final.jar:/home/travis/build/icyphy/ptII/lib/netty-codec-dns-4.1.19.Final.jar:/home/travis/build/icyphy/ptII/lib/netty-codec-http-4.1.19.Final.jar:/home/travis/build/icyphy/ptII/lib/netty-codec-http2-4.1.19.Final.jar:/home/travis/build/icyphy/ptII/lib/netty-common-4.1.19.Final.jar:/home/travis/build/icyphy/ptII/lib/netty-handler-4.1.19.Final.jar:/home/travis/build/icyphy/ptII/lib/netty-resolver-4.1.19.Final.jar:/home/travis/build/icyphy/ptII/lib/netty-resolver-dns-4.1.19.Final.jar:/home/travis/build/icyphy/ptII/lib/netty-transport-4.1.19.Final.jar:/home/travis/build/icyphy/ptII/lib/vertx-codegen-3.5.1.jar:/home/travis/build/icyphy/ptII/lib/vertx-core-3.5.2-SNAPSHOT.jar:/home/travis/build/icyphy/ptII/lib/vertx-hazelcast-3.5.1.jar:/home/travis/build/icyphy/ptII/lib/vertx-lang-js-3.5.1.jar:/home/travis/build/icyphy/ptII/lib/vertx-service-proxy-3.5.1.jar:/home/travis/build/icyphy/ptII/lib/vertx-web-3.5.1.jar:/home/travis/build/icyphy/ptII/lib/slf4j-api-1.7.13.jar:/home/travis/build/icyphy/ptII/lib/slf4j-simple-1.7.13.jar:/home/travis/build/icyphy/ptII/lib/webcam-capture-0.3.12.jar:/home/travis/build/icyphy/ptII/lib/bridj-0.7.0.jar:/home/travis/build/icyphy/ptII/lib/xbjlib-1.1.0.nrjavaserial.jar:/home/travis/build/icyphy/ptII/ptolemy/moml/test:/home/travis/build/icyphy/ptII/ant/lib/ant-launcher.jar:/home/travis/build/icyphy/ptII/ant/lib/ant.jar:/home/travis/build/icyphy/ptII/ant/lib/ant-junit.jar:/home/travis/build/icyphy/ptII/ant/lib/ant-junit4.jar" />
    <property name="ant.library.dir" value="/home/travis/build/icyphy/ptII/ant/lib" />
    <property name="os.arch" value="amd64" />
    <property name="env.TRAVIS_LANGUAGE" value="node_js" />
    <property name="env.CONTINUOUS_INTEGRATION" value="true" />
    <property name="env.TRAVIS_STACK_LANGUAGES" value="__garnet__ c c++ clojure cplusplus cpp default go groovy java node_js php pure_java python ruby scala" />
    <property name="test.name" value="ptolemy.actor.lib.test.junit.JUnitTclTest" />
    <property name="sun.java.launcher" value="SUN_STANDARD" />
    <property name="env.PYTHON_CONFIGURE_OPTS" value="--enable-unicode=ucs4 --with-wide-unicode --enable-shared --enable-ipv6 --enable-loadable-sqlite-extensions --with-computed-gotos" />
    <property name="ant.core.lib" value="/home/travis/build/icyphy/ptII/ant/lib/ant.jar" />
    <property name="java.vm.specification.vendor" value="Oracle Corporation" />
    <property name="env.BCVTB_HOME" value="/home/travis/build/icyphy/ptII/lbnl" />
    <property name="file.separator" value="/" />
    <property name="spotbugs.home" value="/home/travis/build/icyphy/ptII/vendors/spotbugs-3.1.1" />
    <property name="java.runtime.version" value="1.8.0_151-b12" />
    <property name="sun.boot.class.path" value="/usr/lib/jvm/java-8-oracle/jre/lib/resources.jar:/usr/lib/jvm/java-8-oracle/jre/lib/rt.jar:/usr/lib/jvm/java-8-oracle/jre/lib/sunrsasign.jar:/usr/lib/jvm/java-8-oracle/jre/lib/jsse.jar:/usr/lib/jvm/java-8-oracle/jre/lib/jce.jar:/usr/lib/jvm/java-8-oracle/jre/lib/charsets.jar:/usr/lib/jvm/java-8-oracle/jre/lib/jfr.jar:/usr/lib/jvm/java-8-oracle/jre/classes" />
    <property name="env.ANSI_CLEAR" value="\033[0K" />
    <property name="env.HAS_JOSH_K_SEAL_OF_APPROVAL" value="true" />
    <property name="env.XDG_RUNTIME_DIR" value="/run/user/2000" />
    <property name="env.TRAVIS_OSX_IMAGE" value="" />
    <property name="env.TRAVIS_BRANCH" value="master" />
    <property name="env.TRAVIS_JOB_ID" value="520577576" />
    <property name="user.country" value="US" />
    <property name="env.CERTI_HOME_TRAVIS" value="/home/travis/pthla/certi-tools" />
    <property name="env.SHELL" value="/bin/bash" />
    <property name="java.maxmemory.large" value="5000m" />
    <property name="model" value="" />
    <property name="env.CASHER_DIR" value="/home/travis/.casher" />
    <property name="env.NVM_CD_FLAGS" value="" />
    <property name="jshint.executable" value="/home/travis/node_modules/jshint/bin/jshint" />
    <property name="java.vendor" value="Oracle Corporation" />
    <property name="env.JRUBY_OPTS" value=" --client -J-XX:+TieredCompilation -J-XX:TieredStopAtLevel=1 -J-Xss2m -Xcompile.invokedynamic=false" />
    <property name="env.TRAVIS_PRE_CHEF_BOOTSTRAP_TIME" value="2017-12-05T19:32:55" />
    <property name="env.TRAVIS_STACK_JOB_BOARD_REGISTER" value="/.job-board-register.yml" />
    <property name="env.ELIXIR_VERSION" value="1.4.5" />
    <property name="env.ANSI_RED" value="\033[31;1m" />
    <property name="java.specification.version" value="1.8" />
    <property name="env.TRAVIS" value="true" />
    <property name="env.IRBRC" value="/home/travis/.rvm/rubies/ruby-2.4.1/.irbrc" />
    <property name="sun.arch.data.model" value="64" />
  </properties>
  <testcase classname="ptolemy.util.test.junit.TclTests" name="[0] /home/travis/build/icyphy/ptII/ptolemy/actor/lib/test/AbsoluteValue.tcl (RunTclFile)" time="0.472" />
  <testcase classname="ptolemy.util.test.junit.TclTests" name="[1] /home/travis/build/icyphy/ptII/ptolemy/actor/lib/test/AddSubtract.tcl (RunTclFile)" time="0.067" />
  <testcase classname="ptolemy.util.test.junit.TclTests" name="[2] /home/travis/build/icyphy/ptII/ptolemy/actor/lib/test/Average.tcl (RunTclFile)" time="0.041" />
  <testcase classname="ptolemy.util.test.junit.TclTests" name="[3] /home/travis/build/icyphy/ptII/ptolemy/actor/lib/test/Bernoulli.tcl (RunTclFile)" time="0.025" />
  <testcase classname="ptolemy.util.test.junit.TclTests" name="[4] /home/travis/build/icyphy/ptII/ptolemy/actor/lib/test/Clock.tcl (RunTclFile)" time="0.107" />
  <testcase classname="ptolemy.util.test.junit.TclTests" name="[5] /home/travis/build/icyphy/ptII/ptolemy/actor/lib/test/Commutator.tcl (RunTclFile)" time="0.152" />
  <testcase classname="ptolemy.util.test.junit.TclTests" name="[6] /home/travis/build/icyphy/ptII/ptolemy/actor/lib/test/Const.tcl (RunTclFile)" time="0.149" />
  <testcase classname="ptolemy.util.test.junit.TclTests" name="[7] /home/travis/build/icyphy/ptII/ptolemy/actor/lib/test/CurrentTime.tcl (RunTclFile)" time="0.037" />
  <testcase classname="ptolemy.util.test.junit.TclTests" name="[8] /home/travis/build/icyphy/ptII/ptolemy/actor/lib/test/DB.tcl (RunTclFile)" time="0.033" />
  <testcase classname="ptolemy.util.test.junit.TclTests" name="[9] /home/travis/build/icyphy/ptII/ptolemy/actor/lib/test/DiscreteRandomSource.tcl (RunTclFile)" time="0.04" />
  <testcase classname="ptolemy.util.test.junit.TclTests" name="[10] /home/travis/build/icyphy/ptII/ptolemy/actor/lib/test/Distributor.tcl (RunTclFile)" time="0.036" />
  <testcase classname="ptolemy.util.test.junit.TclTests" name="[11] /home/travis/build/icyphy/ptII/ptolemy/actor/lib/test/Exit.tcl (RunTclFile)" time="0.056" />
  <testcase classname="ptolemy.util.test.junit.TclTests" name="[12] /home/travis/build/icyphy/ptII/ptolemy/actor/lib/test/Expression.tcl (RunTclFile)" time="0.108" />
  <testcase classname="ptolemy.util.test.junit.TclTests" name="[13] /home/travis/build/icyphy/ptII/ptolemy/actor/lib/test/Gaussian.tcl (RunTclFile)" time="0.375" />
  <testcase classname="ptolemy.util.test.junit.TclTests" name="[14] /home/travis/build/icyphy/ptII/ptolemy/actor/lib/test/IIR.tcl (RunTclFile)" time="0.038" />
  <testcase classname="ptolemy.util.test.junit.TclTests" name="[15] /home/travis/build/icyphy/ptII/ptolemy/actor/lib/test/Interpolator.tcl (RunTclFile)" time="0.076" />
  <testcase classname="ptolemy.util.test.junit.TclTests" name="[16] /home/travis/build/icyphy/ptII/ptolemy/actor/lib/test/MathFunction.tcl (RunTclFile)" time="0.06" />
  <testcase classname="ptolemy.util.test.junit.TclTests" name="[17] /home/travis/build/icyphy/ptII/ptolemy/actor/lib/test/Maximum.tcl (RunTclFile)" time="0.024" />
  <testcase classname="ptolemy.util.test.junit.TclTests" name="[18] /home/travis/build/icyphy/ptII/ptolemy/actor/lib/test/Minimum.tcl (RunTclFile)" time="0.02" />
  <testcase classname="ptolemy.util.test.junit.TclTests" name="[19] /home/travis/build/icyphy/ptII/ptolemy/actor/lib/test/MultiplyDivide.tcl (RunTclFile)" time="0.024" />
  <testcase classname="ptolemy.util.test.junit.TclTests" name="[20] /home/travis/build/icyphy/ptII/ptolemy/actor/lib/test/OrderedMerge.tcl (RunTclFile)" time="0.071" />
  <testcase classname="ptolemy.util.test.junit.TclTests" name="[21] /home/travis/build/icyphy/ptII/ptolemy/actor/lib/test/Publisher.tcl (RunTclFile)" time="0.688" />
  <testcase classname="ptolemy.util.test.junit.TclTests" name="[22] /home/travis/build/icyphy/ptII/ptolemy/actor/lib/test/Pulse.tcl (RunTclFile)" time="0.038" />
  <testcase classname="ptolemy.util.test.junit.TclTests" name="[23] /home/travis/build/icyphy/ptII/ptolemy/actor/lib/test/Ramp.tcl (RunTclFile)" time="1.912" />
  <testcase classname="ptolemy.util.test.junit.TclTests" name="[24] /home/travis/build/icyphy/ptII/ptolemy/actor/lib/test/RampContinuous.tcl (RunTclFile)" time="0.023" />
  <testcase classname="ptolemy.util.test.junit.TclTests" name="[25] /home/travis/build/icyphy/ptII/ptolemy/actor/lib/test/RecordAssembler.tcl (RunTclFile)" time="0.015" />
  <testcase classname="ptolemy.util.test.junit.TclTests" name="[26] /home/travis/build/icyphy/ptII/ptolemy/actor/lib/test/RecordDisassembler.tcl (RunTclFile)" time="0.027" />
  <testcase classname="ptolemy.util.test.junit.TclTests" name="[27] /home/travis/build/icyphy/ptII/ptolemy/actor/lib/test/Scale.tcl (RunTclFile)" time="0.028" />
  <testcase classname="ptolemy.util.test.junit.TclTests" name="[28] /home/travis/build/icyphy/ptII/ptolemy/actor/lib/test/SequentialClock.tcl (RunTclFile)" time="0.013" />
  <testcase classname="ptolemy.util.test.junit.TclTests" name="[29] /home/travis/build/icyphy/ptII/ptolemy/actor/lib/test/SetVariable.tcl (RunTclFile)" time="0.013" />
  <testcase classname="ptolemy.util.test.junit.TclTests" name="[30] /home/travis/build/icyphy/ptII/ptolemy/actor/lib/test/Sinewave.tcl (RunTclFile)" time="0.042" />
  <testcase classname="ptolemy.util.test.junit.TclTests" name="[31] /home/travis/build/icyphy/ptII/ptolemy/actor/lib/test/SubscriptionAggregator.tcl (RunTclFile)" time="2.056" />
  <testcase classname="ptolemy.util.test.junit.TclTests" name="[32] /home/travis/build/icyphy/ptII/ptolemy/actor/lib/test/Test.tcl (RunTclFile)" time="0.113" />
  <testcase classname="ptolemy.util.test.junit.TclTests" name="[33] /home/travis/build/icyphy/ptII/ptolemy/actor/lib/test/TestExceptionHandler.tcl (RunTclFile)" time="0.011" />
  <testcase classname="ptolemy.util.test.junit.TclTests" name="[34] /home/travis/build/icyphy/ptII/ptolemy/actor/lib/test/UnionDisassembler.tcl (RunTclFile)" time="0.088" />
  <testcase classname="ptolemy.util.test.junit.TclTests" name="[35] /home/travis/build/icyphy/ptII/ptolemy/actor/lib/test/VariableClock.tcl (RunTclFile)" time="0.023" />
  <testcase classname="ptolemy.util.test.junit.AutoKnownFailedTests" name="[0] /home/travis/build/icyphy/ptII/ptolemy/actor/lib/test/auto/knownFailedTests/PublisherPortToplevelSubscriber.xml (RunModel)" time="0.017" />
  <testcase classname="ptolemy.util.test.junit.AutoKnownFailedTests" name="[1] /home/travis/build/icyphy/ptII/ptolemy/actor/lib/test/auto/knownFailedTests/PublisherSubscriberPortToplevel.xml (RunModel)" time="0.031" />
  <testcase classname="ptolemy.util.test.junit.AutoKnownFailedTests" name="[2] /home/travis/build/icyphy/ptII/ptolemy/actor/lib/test/auto/knownFailedTests/PublisherSubscriptionAggregatorPort.xml (RunModel)" time="0.024" />
  <testcase classname="ptolemy.util.test.junit.AutoKnownFailedTests" name="[3] /home/travis/build/icyphy/ptII/ptolemy/actor/lib/test/auto/knownFailedTests/sizedarray3.xml (RunModel)" time="0.031" />
  <testcase classname="ptolemy.util.test.junit.AutoNameArchTests" name="[0] ThereAreNoAutoArchTests (RunModel)" time="0.002" />
  <testcase classname="ptolemy.util.test.junit.AutoTests" name="[0] /home/travis/build/icyphy/ptII/ptolemy/actor/lib/test/auto/AbsoluteValue.xml (RunModel)" time="0.092" />
  <testcase classname="ptolemy.util.test.junit.AutoTests" name="[1] /home/travis/build/icyphy/ptII/ptolemy/actor/lib/test/auto/AbsoluteValue2.xml (RunModel)" time="0.074" />
  <testcase classname="ptolemy.util.test.junit.AutoTests" name="[2] /home/travis/build/icyphy/ptII/ptolemy/actor/lib/test/auto/Accumulator.xml (RunModel)" time="0.048" />
  <testcase classname="ptolemy.util.test.junit.AutoTests" name="[3] /home/travis/build/icyphy/ptII/ptolemy/actor/lib/test/auto/Accumulator2.xml (RunModel)" time="0.143" />
  <testcase classname="ptolemy.util.test.junit.AutoTests" name="[4] /home/travis/build/icyphy/ptII/ptolemy/actor/lib/test/auto/Accumulator3.xml (RunModel)" time="0.05" />
  <testcase classname="ptolemy.util.test.junit.AutoTests" name="[5] /home/travis/build/icyphy/ptII/ptolemy/actor/lib/test/auto/ArrayAppend.xml (RunModel)" time="0.068" />
  <testcase classname="ptolemy.util.test.junit.AutoTests" name="[6] /home/travis/build/icyphy/ptII/ptolemy/actor/lib/test/auto/ArrayAppend2.xml (RunModel)" time="0.447" />
  <testcase classname="ptolemy.util.test.junit.AutoTests" name="[7] /home/travis/build/icyphy/ptII/ptolemy/actor/lib/test/auto/ArrayAppend3.xml (RunModel)" time="0.032" />
  <testcase classname="ptolemy.util.test.junit.AutoTests" name="[8] /home/travis/build/icyphy/ptII/ptolemy/actor/lib/test/auto/ArrayAppend4.xml (RunModel)" time="0.037" />
  <testcase classname="ptolemy.util.test.junit.AutoTests" name="[9] /home/travis/build/icyphy/ptII/ptolemy/actor/lib/test/auto/ArrayAppend5.xml (RunModel)" time="0.029" />
  <testcase classname="ptolemy.util.test.junit.AutoTests" name="[10] /home/travis/build/icyphy/ptII/ptolemy/actor/lib/test/auto/ArrayAppend6.xml (RunModel)" time="0.027" />
  <testcase classname="ptolemy.util.test.junit.AutoTests" name="[11] /home/travis/build/icyphy/ptII/ptolemy/actor/lib/test/auto/ArrayAppendPerformanceTest.xml (RunModel)" time="0.054" />
  <testcase classname="ptolemy.util.test.junit.AutoTests" name="[12] /home/travis/build/icyphy/ptII/ptolemy/actor/lib/test/auto/ArrayAppendWithEmptyInput.xml (RunModel)" time="0.057" />
  <testcase classname="ptolemy.util.test.junit.AutoTests" name="[13] /home/travis/build/icyphy/ptII/ptolemy/actor/lib/test/auto/ArrayAverage.xml (RunModel)" time="0.049" />
  <testcase classname="ptolemy.util.test.junit.AutoTests" name="[14] /home/travis/build/icyphy/ptII/ptolemy/actor/lib/test/auto/ArrayContains.xml (RunModel)" time="0.05" />
  <testcase classname="ptolemy.util.test.junit.AutoTests" name="[15] /home/travis/build/icyphy/ptII/ptolemy/actor/lib/test/auto/ArrayElement.xml (RunModel)" time="0.024" />
  <testcase classname="ptolemy.util.test.junit.AutoTests" name="[16] /home/travis/build/icyphy/ptII/ptolemy/actor/lib/test/auto/ArrayElementAsMatrix.xml (RunModel)" time="0.064" />
  <testcase classname="ptolemy.util.test.junit.AutoTests" name="[17] /home/travis/build/icyphy/ptII/ptolemy/actor/lib/test/auto/ArrayElementI.xml (RunModel)" time="0.02" />
  <testcase classname="ptolemy.util.test.junit.AutoTests" name="[18] /home/travis/build/icyphy/ptII/ptolemy/actor/lib/test/auto/ArrayExtract.xml (RunModel)" time="0.039" />
  <testcase classname="ptolemy.util.test.junit.AutoTests" name="[19] /home/travis/build/icyphy/ptII/ptolemy/actor/lib/test/auto/ArrayExtract2.xml (RunModel)" time="0.022" />
  <testcase classname="ptolemy.util.test.junit.AutoTests" name="[20] /home/travis/build/icyphy/ptII/ptolemy/actor/lib/test/auto/ArrayLength.xml (RunModel)" time="0.029" />
  <testcase classname="ptolemy.util.test.junit.AutoTests" name="[21] /home/travis/build/icyphy/ptII/ptolemy/actor/lib/test/auto/ArrayLevelCrossing.xml (RunModel)" time="0.037" />
  <testcase classname="ptolemy.util.test.junit.AutoTests" name="[22] /home/travis/build/icyphy/ptII/ptolemy/actor/lib/test/auto/ArrayLevelCrossing2.xml (RunModel)" time="0.023" />
  <testcase classname="ptolemy.util.test.junit.AutoTests" name="[23] /home/travis/build/icyphy/ptII/ptolemy/actor/lib/test/auto/ArrayPeakSearch.xml (RunModel)" time="0.052" />
  <testcase classname="ptolemy.util.test.junit.AutoTests" name="[24] /home/travis/build/icyphy/ptII/ptolemy/actor/lib/test/auto/ArrayPeakSearch2.xml (RunModel)" time="0.045" />
  <testcase classname="ptolemy.util.test.junit.AutoTests" name="[25] /home/travis/build/icyphy/ptII/ptolemy/actor/lib/test/auto/ArrayPeakSearch3.xml (RunModel)" time="0.033" />
  <testcase classname="ptolemy.util.test.junit.AutoTests" name="[26] /home/travis/build/icyphy/ptII/ptolemy/actor/lib/test/auto/ArrayRemoveElement.xml (RunModel)" time="0.029" />
  <testcase classname="ptolemy.util.test.junit.AutoTests" name="[27] /home/travis/build/icyphy/ptII/ptolemy/actor/lib/test/auto/ArraySort.xml (RunModel)" time="0.036" />
  <testcase classname="ptolemy.util.test.junit.AutoTests" name="[28] /home/travis/build/icyphy/ptII/ptolemy/actor/lib/test/auto/ArraySum.xml (RunModel)" time="0.02" />
  <testcase classname="ptolemy.util.test.junit.AutoTests" name="[29] /home/travis/build/icyphy/ptII/ptolemy/actor/lib/test/auto/ArrayToElements.xml (RunModel)" time="0.031" />
  <testcase classname="ptolemy.util.test.junit.AutoTests" name="[30] /home/travis/build/icyphy/ptII/ptolemy/actor/lib/test/auto/ArrayToMatrix.xml (RunModel)" time="0.056" />
  <testcase classname="ptolemy.util.test.junit.AutoTests" name="[31] /home/travis/build/icyphy/ptII/ptolemy/actor/lib/test/auto/ArrayUpdate1.xml (RunModel)" time="0.019" />
  <testcase classname="ptolemy.util.test.junit.AutoTests" name="[32] /home/travis/build/icyphy/ptII/ptolemy/actor/lib/test/auto/ArrayUpdate2.xml (RunModel)" time="0.022" />
  <testcase classname="ptolemy.util.test.junit.AutoTests" name="[33] /home/travis/build/icyphy/ptII/ptolemy/actor/lib/test/auto/ArrayUpdate3.xml (RunModel)" time="0.03" />
  <testcase classname="ptolemy.util.test.junit.AutoTests" name="[34] /home/travis/build/icyphy/ptII/ptolemy/actor/lib/test/auto/Assert1.xml (RunModel)" time="0.034" />
  <testcase classname="ptolemy.util.test.junit.AutoTests" name="[35] /home/travis/build/icyphy/ptII/ptolemy/actor/lib/test/auto/Assert2.xml (RunModel)" time="0.018" />
  <testcase classname="ptolemy.util.test.junit.AutoTests" name="[36] /home/travis/build/icyphy/ptII/ptolemy/actor/lib/test/auto/BooleanMultiplexor.xml (RunModel)" time="0.016" />
  <testcase classname="ptolemy.util.test.junit.AutoTests" name="[37] /home/travis/build/icyphy/ptII/ptolemy/actor/lib/test/auto/BooleanMultiplexor2.xml (RunModel)" time="0.035" />
  <testcase classname="ptolemy.util.test.junit.AutoTests" name="[38] /home/travis/build/icyphy/ptII/ptolemy/actor/lib/test/auto/BooleanMultiplexor3.xml (RunModel)" time="0.024" />
  <testcase classname="ptolemy.util.test.junit.AutoTests" name="[39] /home/travis/build/icyphy/ptII/ptolemy/actor/lib/test/auto/BooleanSelect.xml (RunModel)" time="0.073" />
  <testcase classname="ptolemy.util.test.junit.AutoTests" name="[40] /home/travis/build/icyphy/ptII/ptolemy/actor/lib/test/auto/BooleanSelect2.xml (RunModel)" time="0.019" />
  <testcase classname="ptolemy.util.test.junit.AutoTests" name="[41] /home/travis/build/icyphy/ptII/ptolemy/actor/lib/test/auto/BooleanSwitch.xml (RunModel)" time="0.015" />
  <testcase classname="ptolemy.util.test.junit.AutoTests" name="[42] /home/travis/build/icyphy/ptII/ptolemy/actor/lib/test/auto/BooleanSwitch2.xml (RunModel)" time="0.012" />
  <testcase classname="ptolemy.util.test.junit.AutoTests" name="[43] /home/travis/build/icyphy/ptII/ptolemy/actor/lib/test/auto/BooleanSwitchCloningBugWithClassRelationGroup.xml (RunModel)" time="0.022" />
  <testcase classname="ptolemy.util.test.junit.AutoTests" name="[44] /home/travis/build/icyphy/ptII/ptolemy/actor/lib/test/auto/BusActors.xml (RunModel)" time="0.041" />
  <testcase classname="ptolemy.util.test.junit.AutoTests" name="[45] /home/travis/build/icyphy/ptII/ptolemy/actor/lib/test/auto/ClassWrapper.xml (RunModel)" time="0.01" />
  <testcase classname="ptolemy.util.test.junit.AutoTests" name="[46] /home/travis/build/icyphy/ptII/ptolemy/actor/lib/test/auto/Clock.xml (RunModel)" time="0.008" />
  <testcase classname="ptolemy.util.test.junit.AutoTests" name="[47] /home/travis/build/icyphy/ptII/ptolemy/actor/lib/test/auto/Clock10.xml (RunModel)" time="0.014" />
  <testcase classname="ptolemy.util.test.junit.AutoTests" name="[48] /home/travis/build/icyphy/ptII/ptolemy/actor/lib/test/auto/Clock11.xml (RunModel)" time="0.019" />
  <testcase classname="ptolemy.util.test.junit.AutoTests" name="[49] /home/travis/build/icyphy/ptII/ptolemy/actor/lib/test/auto/Clock12.xml (RunModel)" time="0.017" />
  <testcase classname="ptolemy.util.test.junit.AutoTests" name="[50] /home/travis/build/icyphy/ptII/ptolemy/actor/lib/test/auto/Clock13.xml (RunModel)" time="0.02" />
  <testcase classname="ptolemy.util.test.junit.AutoTests" name="[51] /home/travis/build/icyphy/ptII/ptolemy/actor/lib/test/auto/Clock14.xml (RunModel)" time="0.02" />
  <testcase classname="ptolemy.util.test.junit.AutoTests" name="[52] /home/travis/build/icyphy/ptII/ptolemy/actor/lib/test/auto/Clock15.xml (RunModel)" time="0.018" />
  <testcase classname="ptolemy.util.test.junit.AutoTests" name="[53] /home/travis/build/icyphy/ptII/ptolemy/actor/lib/test/auto/Clock16.xml (RunModel)" time="0.102" />
  <testcase classname="ptolemy.util.test.junit.AutoTests" name="[54] /home/travis/build/icyphy/ptII/ptolemy/actor/lib/test/auto/Clock17.xml (RunModel)" time="0.072" />
  <testcase classname="ptolemy.util.test.junit.AutoTests" name="[55] /home/travis/build/icyphy/ptII/ptolemy/actor/lib/test/auto/Clock18.xml (RunModel)" time="0.047" />
  <testcase classname="ptolemy.util.test.junit.AutoTests" name="[56] /home/travis/build/icyphy/ptII/ptolemy/actor/lib/test/auto/Clock19.xml (RunModel)" time="0.042" />
  <testcase classname="ptolemy.util.test.junit.AutoTests" name="[57] /home/travis/build/icyphy/ptII/ptolemy/actor/lib/test/auto/Clock2.xml (RunModel)" time="0.017" />
  <testcase classname="ptolemy.util.test.junit.AutoTests" name="[58] /home/travis/build/icyphy/ptII/ptolemy/actor/lib/test/auto/Clock20.xml (RunModel)" time="0.026" />
  <testcase classname="ptolemy.util.test.junit.AutoTests" name="[59] /home/travis/build/icyphy/ptII/ptolemy/actor/lib/test/auto/Clock21.xml (RunModel)" time="0.017" />
  <testcase classname="ptolemy.util.test.junit.AutoTests" name="[60] /home/travis/build/icyphy/ptII/ptolemy/actor/lib/test/auto/Clock22.xml (RunModel)" time="0.015" />
  <testcase classname="ptolemy.util.test.junit.AutoTests" name="[61] /home/travis/build/icyphy/ptII/ptolemy/actor/lib/test/auto/Clock23.xml (RunModel)" time="0.018" />
  <testcase classname="ptolemy.util.test.junit.AutoTests" name="[62] /home/travis/build/icyphy/ptII/ptolemy/actor/lib/test/auto/Clock24.xml (RunModel)" time="0.02" />
  <testcase classname="ptolemy.util.test.junit.AutoTests" name="[63] /home/travis/build/icyphy/ptII/ptolemy/actor/lib/test/auto/Clock4.xml (RunModel)" time="0.016" />
  <testcase classname="ptolemy.util.test.junit.AutoTests" name="[64] /home/travis/build/icyphy/ptII/ptolemy/actor/lib/test/auto/Clock5.xml (RunModel)" time="0.013" />
  <testcase classname="ptolemy.util.test.junit.AutoTests" name="[65] /home/travis/build/icyphy/ptII/ptolemy/actor/lib/test/auto/Clock6.xml (RunModel)" time="0.007" />
  <testcase classname="ptolemy.util.test.junit.AutoTests" name="[66] /home/travis/build/icyphy/ptII/ptolemy/actor/lib/test/auto/Clock7.xml (RunModel)" time="0.01" />
  <testcase classname="ptolemy.util.test.junit.AutoTests" name="[67] /home/travis/build/icyphy/ptII/ptolemy/actor/lib/test/auto/Clock8.xml (RunModel)" time="0.017" />
  <testcase classname="ptolemy.util.test.junit.AutoTests" name="[68] /home/travis/build/icyphy/ptII/ptolemy/actor/lib/test/auto/Clock9.xml (RunModel)" time="0.016" />
  <testcase classname="ptolemy.util.test.junit.AutoTests" name="[69] /home/travis/build/icyphy/ptII/ptolemy/actor/lib/test/auto/CommDistDiscard.xml (RunModel)" time="0.023" />
  <testcase classname="ptolemy.util.test.junit.AutoTests" name="[70] /home/travis/build/icyphy/ptII/ptolemy/actor/lib/test/auto/Commutator.xml (RunModel)" time="0.02" />
  <testcase classname="ptolemy.util.test.junit.AutoTests" name="[71] /home/travis/build/icyphy/ptII/ptolemy/actor/lib/test/auto/Commutator2.xml (RunModel)" time="0.012" />
  <testcase classname="ptolemy.util.test.junit.AutoTests" name="[72] /home/travis/build/icyphy/ptII/ptolemy/actor/lib/test/auto/Commutator3.xml (RunModel)" time="0.011" />
  <testcase classname="ptolemy.util.test.junit.AutoTests" name="[73] /home/travis/build/icyphy/ptII/ptolemy/actor/lib/test/auto/Compare.xml (RunModel)" time="0.019" />
  <testcase classname="ptolemy.util.test.junit.AutoTests" name="[74] /home/travis/build/icyphy/ptII/ptolemy/actor/lib/test/auto/CompareDE.xml (RunModel)" time="0.017" />
  <testcase classname="ptolemy.util.test.junit.AutoTests" name="[75] /home/travis/build/icyphy/ptII/ptolemy/actor/lib/test/auto/ComplexDivide.xml (RunModel)" time="0.009" />
  <testcase classname="ptolemy.util.test.junit.AutoTests" name="[76] /home/travis/build/icyphy/ptII/ptolemy/actor/lib/test/auto/ComputeHistogram.xml (RunModel)" time="0.05" />
  <testcase classname="ptolemy.util.test.junit.AutoTests" name="[77] /home/travis/build/icyphy/ptII/ptolemy/actor/lib/test/auto/ConfigurationSelect.xml (RunModel)" time="0.014" />
  <testcase classname="ptolemy.util.test.junit.AutoTests" name="[78] /home/travis/build/icyphy/ptII/ptolemy/actor/lib/test/auto/ConfigurationSelect2.xml (RunModel)" time="0.012" />
  <testcase classname="ptolemy.util.test.junit.AutoTests" name="[79] /home/travis/build/icyphy/ptII/ptolemy/actor/lib/test/auto/ConfigurationSwitch.xml (RunModel)" time="0.015" />
  <testcase classname="ptolemy.util.test.junit.AutoTests" name="[80] /home/travis/build/icyphy/ptII/ptolemy/actor/lib/test/auto/ConfigurationSwitch2.xml (RunModel)" time="0.014" />
  <testcase classname="ptolemy.util.test.junit.AutoTests" name="[81] /home/travis/build/icyphy/ptII/ptolemy/actor/lib/test/auto/ConfigurationSwitchCloningBugWithClassRelationGroup.xml (RunModel)" time="0.019" />
  <testcase classname="ptolemy.util.test.junit.AutoTests" name="[82] /home/travis/build/icyphy/ptII/ptolemy/actor/lib/test/auto/ConfigurationSwitchSelectSDF.xml (RunModel)" time="0.015" />
  <testcase classname="ptolemy.util.test.junit.AutoTests" name="[83] /home/travis/build/icyphy/ptII/ptolemy/actor/lib/test/auto/ConfigurationSwitchSelectSDF2.xml (RunModel)" time="0.014" />
  <testcase classname="ptolemy.util.test.junit.AutoTests" name="[84] /home/travis/build/icyphy/ptII/ptolemy/actor/lib/test/auto/Const.xml (RunModel)" time="0.007" />
  <testcase classname="ptolemy.util.test.junit.AutoTests" name="[85] /home/travis/build/icyphy/ptII/ptolemy/actor/lib/test/auto/Const2.xml (RunModel)" time="0.01" />
  <testcase classname="ptolemy.util.test.junit.AutoTests" name="[86] /home/travis/build/icyphy/ptII/ptolemy/actor/lib/test/auto/Const3.xml (RunModel)" time="0.01" />
  <testcase classname="ptolemy.util.test.junit.AutoTests" name="[87] /home/travis/build/icyphy/ptII/ptolemy/actor/lib/test/auto/ConstantPublisherPort1.xml (RunModel)" time="0.021" />
  <testcase classname="ptolemy.util.test.junit.AutoTests" name="[88] /home/travis/build/icyphy/ptII/ptolemy/actor/lib/test/auto/ConstantPublisherPort2.xml (RunModel)" time="0.017" />
  <testcase classname="ptolemy.util.test.junit.AutoTests" name="[89] /home/travis/build/icyphy/ptII/ptolemy/actor/lib/test/auto/ConstantPublisherPort3.xml (RunModel)" time="0.017" />
  <testcase classname="ptolemy.util.test.junit.AutoTests" name="[90] /home/travis/build/icyphy/ptII/ptolemy/actor/lib/test/auto/ConstantPublisherPort4.xml (RunModel)" time="0.017" />
  <testcase classname="ptolemy.util.test.junit.AutoTests" name="[91] /home/travis/build/icyphy/ptII/ptolemy/actor/lib/test/auto/ConstantPublisherPort5.xml (RunModel)" time="0.038" />
  <testcase classname="ptolemy.util.test.junit.AutoTests" name="[92] /home/travis/build/icyphy/ptII/ptolemy/actor/lib/test/auto/ConstantPublisherPort6.xml (RunModel)" time="0.03" />
  <testcase classname="ptolemy.util.test.junit.AutoTests" name="[93] /home/travis/build/icyphy/ptII/ptolemy/actor/lib/test/auto/ConstantPublisherPort7.xml (RunModel)" time="0.035" />
  <testcase classname="ptolemy.util.test.junit.AutoTests" name="[94] /home/travis/build/icyphy/ptII/ptolemy/actor/lib/test/auto/ConstraintMonitor1.xml (RunModel)" time="0.064" />
  <testcase classname="ptolemy.util.test.junit.AutoTests" name="[95] /home/travis/build/icyphy/ptII/ptolemy/actor/lib/test/auto/ConstraintMonitor2.xml (RunModel)" time="0.014" />
  <testcase classname="ptolemy.util.test.junit.AutoTests" name="[96] /home/travis/build/icyphy/ptII/ptolemy/actor/lib/test/auto/ConstraintMonitor3.xml (RunModel)" time="0.016" />
  <testcase classname="ptolemy.util.test.junit.AutoTests" name="[97] /home/travis/build/icyphy/ptII/ptolemy/actor/lib/test/auto/ConstraintMonitor4.xml (RunModel)" time="0.015" />
  <testcase classname="ptolemy.util.test.junit.AutoTests" name="[98] /home/travis/build/icyphy/ptII/ptolemy/actor/lib/test/auto/ConstraintMonitor5.xml (RunModel)" time="0.012" />
  <testcase classname="ptolemy.util.test.junit.AutoTests" name="[99] /home/travis/build/icyphy/ptII/ptolemy/actor/lib/test/auto/ConstraintMonitor6.xml (RunModel)" time="0.012" />
  <testcase classname="ptolemy.util.test.junit.AutoTests" name="[100] /home/travis/build/icyphy/ptII/ptolemy/actor/lib/test/auto/ConstraintMonitor7.xml (RunModel)" time="0.021" />
  <testcase classname="ptolemy.util.test.junit.AutoTests" name="[101] /home/travis/build/icyphy/ptII/ptolemy/actor/lib/test/auto/ConstraintMonitor8.xml (RunModel)" time="0.019" />
  <testcase classname="ptolemy.util.test.junit.AutoTests" name="[102] /home/travis/build/icyphy/ptII/ptolemy/actor/lib/test/auto/Counter.xml (RunModel)" time="0.015" />
  <testcase classname="ptolemy.util.test.junit.AutoTests" name="[103] /home/travis/build/icyphy/ptII/ptolemy/actor/lib/test/auto/CurrentTimeSDF.xml (RunModel)" time="0.01" />
  <testcase classname="ptolemy.util.test.junit.AutoTests" name="[104] /home/travis/build/icyphy/ptII/ptolemy/actor/lib/test/auto/DB.xml (RunModel)" time="0.011" />
  <testcase classname="ptolemy.util.test.junit.AutoTests" name="[105] /home/travis/build/icyphy/ptII/ptolemy/actor/lib/test/auto/DBDE.xml (RunModel)" time="0.014" />
  <testcase classname="ptolemy.util.test.junit.AutoTests" name="[106] /home/travis/build/icyphy/ptII/ptolemy/actor/lib/test/auto/DateConstructor.xml (RunModel)" time="0.046" />
  <testcase classname="ptolemy.util.test.junit.AutoTests" name="[107] /home/travis/build/icyphy/ptII/ptolemy/actor/lib/test/auto/DelayTime.xml (RunModel)" time="0.016" />
  <testcase classname="ptolemy.util.test.junit.AutoTests" name="[108] /home/travis/build/icyphy/ptII/ptolemy/actor/lib/test/auto/Dictionary1.xml (RunModel)" time="0.017" />
  <testcase classname="ptolemy.util.test.junit.AutoTests" name="[109] /home/travis/build/icyphy/ptII/ptolemy/actor/lib/test/auto/Dictionary2.xml (RunModel)" time="0.014" />
  <testcase classname="ptolemy.util.test.junit.AutoTests" name="[110] /home/travis/build/icyphy/ptII/ptolemy/actor/lib/test/auto/Dictionary3.xml (RunModel)" time="0.012" />
  <testcase classname="ptolemy.util.test.junit.AutoTests" name="[111] /home/travis/build/icyphy/ptII/ptolemy/actor/lib/test/auto/Dictionary4.xml (RunModel)" time="0.015" />
  <testcase classname="ptolemy.util.test.junit.AutoTests" name="[112] /home/travis/build/icyphy/ptII/ptolemy/actor/lib/test/auto/Differential.xml (RunModel)" time="0.012" />
  <testcase classname="ptolemy.util.test.junit.AutoTests" name="[113] /home/travis/build/icyphy/ptII/ptolemy/actor/lib/test/auto/Director.xml (RunModel)" time="0.009" />
  <testcase classname="ptolemy.util.test.junit.AutoTests" name="[114] /home/travis/build/icyphy/ptII/ptolemy/actor/lib/test/auto/DiscreteClock.xml (RunModel)" time="0.007" />
  <testcase classname="ptolemy.util.test.junit.AutoTests" name="[115] /home/travis/build/icyphy/ptII/ptolemy/actor/lib/test/auto/DiscreteClock10.xml (RunModel)" time="0.011" />
  <testcase classname="ptolemy.util.test.junit.AutoTests" name="[116] /home/travis/build/icyphy/ptII/ptolemy/actor/lib/test/auto/DiscreteClock11.xml (RunModel)" time="0.011" />
  <testcase classname="ptolemy.util.test.junit.AutoTests" name="[117] /home/travis/build/icyphy/ptII/ptolemy/actor/lib/test/auto/DiscreteClock12.xml (RunModel)" time="0.011" />
  <testcase classname="ptolemy.util.test.junit.AutoTests" name="[118] /home/travis/build/icyphy/ptII/ptolemy/actor/lib/test/auto/DiscreteClock13.xml (RunModel)" time="0.016" />
  <testcase classname="ptolemy.util.test.junit.AutoTests" name="[119] /home/travis/build/icyphy/ptII/ptolemy/actor/lib/test/auto/DiscreteClock14.xml (RunModel)" time="0.014" />
  <testcase classname="ptolemy.util.test.junit.AutoTests" name="[120] /home/travis/build/icyphy/ptII/ptolemy/actor/lib/test/auto/DiscreteClock15.xml (RunModel)" time="0.014" />
  <testcase classname="ptolemy.util.test.junit.AutoTests" name="[121] /home/travis/build/icyphy/ptII/ptolemy/actor/lib/test/auto/DiscreteClock16.xml (RunModel)" time="0.034" />
  <testcase classname="ptolemy.util.test.junit.AutoTests" name="[122] /home/travis/build/icyphy/ptII/ptolemy/actor/lib/test/auto/DiscreteClock17.xml (RunModel)" time="0.036" />
  <testcase classname="ptolemy.util.test.junit.AutoTests" name="[123] /home/travis/build/icyphy/ptII/ptolemy/actor/lib/test/auto/DiscreteClock18.xml (RunModel)" time="0.032" />
  <testcase classname="ptolemy.util.test.junit.AutoTests" name="[124] /home/travis/build/icyphy/ptII/ptolemy/actor/lib/test/auto/DiscreteClock19.xml (RunModel)" time="0.034" />
  <testcase classname="ptolemy.util.test.junit.AutoTests" name="[125] /home/travis/build/icyphy/ptII/ptolemy/actor/lib/test/auto/DiscreteClock2.xml (RunModel)" time="0.012" />
  <testcase classname="ptolemy.util.test.junit.AutoTests" name="[126] /home/travis/build/icyphy/ptII/ptolemy/actor/lib/test/auto/DiscreteClock20.xml (RunModel)" time="0.014" />
  <testcase classname="ptolemy.util.test.junit.AutoTests" name="[127] /home/travis/build/icyphy/ptII/ptolemy/actor/lib/test/auto/DiscreteClock21.xml (RunModel)" time="0.016" />
  <testcase classname="ptolemy.util.test.junit.AutoTests" name="[128] /home/travis/build/icyphy/ptII/ptolemy/actor/lib/test/auto/DiscreteClock22.xml (RunModel)" time="0.02" />
  <testcase classname="ptolemy.util.test.junit.AutoTests" name="[129] /home/travis/build/icyphy/ptII/ptolemy/actor/lib/test/auto/DiscreteClock23.xml (RunModel)" time="0.016" />
  <testcase classname="ptolemy.util.test.junit.AutoTests" name="[130] /home/travis/build/icyphy/ptII/ptolemy/actor/lib/test/auto/DiscreteClock24.xml (RunModel)" time="0.015" />
  <testcase classname="ptolemy.util.test.junit.AutoTests" name="[131] /home/travis/build/icyphy/ptII/ptolemy/actor/lib/test/auto/DiscreteClock4.xml (RunModel)" time="0.01" />
  <testcase classname="ptolemy.util.test.junit.AutoTests" name="[132] /home/travis/build/icyphy/ptII/ptolemy/actor/lib/test/auto/DiscreteClock5.xml (RunModel)" time="0.009" />
  <testcase classname="ptolemy.util.test.junit.AutoTests" name="[133] /home/travis/build/icyphy/ptII/ptolemy/actor/lib/test/auto/DiscreteClock6.xml (RunModel)" time="0.007" />
  <testcase classname="ptolemy.util.test.junit.AutoTests" name="[134] /home/travis/build/icyphy/ptII/ptolemy/actor/lib/test/auto/DiscreteClock7.xml (RunModel)" time="0.008" />
  <testcase classname="ptolemy.util.test.junit.AutoTests" name="[135] /home/travis/build/icyphy/ptII/ptolemy/actor/lib/test/auto/DiscreteClock8.xml (RunModel)" time="0.015" />
  <testcase classname="ptolemy.util.test.junit.AutoTests" name="[136] /home/travis/build/icyphy/ptII/ptolemy/actor/lib/test/auto/DiscreteClock9.xml (RunModel)" time="0.014" />
  <testcase classname="ptolemy.util.test.junit.AutoTests" name="[137] /home/travis/build/icyphy/ptII/ptolemy/actor/lib/test/auto/DisplayArray.xml (RunModel)" time="0.008" />
  <testcase classname="ptolemy.util.test.junit.AutoTests" name="[138] /home/travis/build/icyphy/ptII/ptolemy/actor/lib/test/auto/Distributor.xml (RunModel)" time="0.011" />
  <testcase classname="ptolemy.util.test.junit.AutoTests" name="[139] /home/travis/build/icyphy/ptII/ptolemy/actor/lib/test/auto/Distributor2.xml (RunModel)" time="0.014" />
  <testcase classname="ptolemy.util.test.junit.AutoTests" name="[140] /home/travis/build/icyphy/ptII/ptolemy/actor/lib/test/auto/DownSample.xml (RunModel)" time="0.015" />
  <testcase classname="ptolemy.util.test.junit.AutoTests" name="[141] /home/travis/build/icyphy/ptII/ptolemy/actor/lib/test/auto/ElectronicUnitBase1.xml (RunModel)" time="0.084" />
  <testcase classname="ptolemy.util.test.junit.AutoTests" name="[142] /home/travis/build/icyphy/ptII/ptolemy/actor/lib/test/auto/ElementsToArray.xml (RunModel)" time="0.01" />
  <testcase classname="ptolemy.util.test.junit.AutoTests" name="[143] /home/travis/build/icyphy/ptII/ptolemy/actor/lib/test/auto/Equals.xml (RunModel)" time="0.011" />
  <testcase classname="ptolemy.util.test.junit.AutoTests" name="[144] /home/travis/build/icyphy/ptII/ptolemy/actor/lib/test/auto/Exec.xml (RunModel)" time="0.457" />
  <testcase classname="ptolemy.util.test.junit.AutoTests" name="[145] /home/travis/build/icyphy/ptII/ptolemy/actor/lib/test/auto/ExecEnvironment.xml (RunModel)" time="0.039" />
  <testcase classname="ptolemy.util.test.junit.AutoTests" name="[146] /home/travis/build/icyphy/ptII/ptolemy/actor/lib/test/auto/ExecNonZeroReturnOutput.xml (RunModel)" time="0.146" />
  <testcase classname="ptolemy.util.test.junit.AutoTests" name="[147] /home/travis/build/icyphy/ptII/ptolemy/actor/lib/test/auto/ExecRunDemos.xml (RunModel)" time="9.373" />
  <testcase classname="ptolemy.util.test.junit.AutoTests" name="[148] /home/travis/build/icyphy/ptII/ptolemy/actor/lib/test/auto/ExecStop.xml (RunModel)" time="5.021" />
  <testcase classname="ptolemy.util.test.junit.AutoTests" name="[149] /home/travis/build/icyphy/ptII/ptolemy/actor/lib/test/auto/ExecutionTimeSDF.xml (RunModel)" time="6.041" />
  <testcase classname="ptolemy.util.test.junit.AutoTests" name="[150] /home/travis/build/icyphy/ptII/ptolemy/actor/lib/test/auto/Expression1.xml (RunModel)" time="0.007" />
  <testcase classname="ptolemy.util.test.junit.AutoTests" name="[151] /home/travis/build/icyphy/ptII/ptolemy/actor/lib/test/auto/Expression10.xml (RunModel)" time="0.013" />
  <testcase classname="ptolemy.util.test.junit.AutoTests" name="[152] /home/travis/build/icyphy/ptII/ptolemy/actor/lib/test/auto/Expression11.xml (RunModel)" time="0.011" />
  <testcase classname="ptolemy.util.test.junit.AutoTests" name="[153] /home/travis/build/icyphy/ptII/ptolemy/actor/lib/test/auto/Expression12.xml (RunModel)" time="0.013" />
  <testcase classname="ptolemy.util.test.junit.AutoTests" name="[154] /home/travis/build/icyphy/ptII/ptolemy/actor/lib/test/auto/Expression13.xml (RunModel)" time="0.012" />
  <testcase classname="ptolemy.util.test.junit.AutoTests" name="[155] /home/travis/build/icyphy/ptII/ptolemy/actor/lib/test/auto/Expression14.xml (RunModel)" time="0.015" />
  <testcase classname="ptolemy.util.test.junit.AutoTests" name="[156] /home/travis/build/icyphy/ptII/ptolemy/actor/lib/test/auto/Expression15.xml (RunModel)" time="0.008" />
  <testcase classname="ptolemy.util.test.junit.AutoTests" name="[157] /home/travis/build/icyphy/ptII/ptolemy/actor/lib/test/auto/Expression16.xml (RunModel)" time="0.011" />
  <testcase classname="ptolemy.util.test.junit.AutoTests" name="[158] /home/travis/build/icyphy/ptII/ptolemy/actor/lib/test/auto/Expression17.xml (RunModel)" time="0.01" />
  <testcase classname="ptolemy.util.test.junit.AutoTests" name="[159] /home/travis/build/icyphy/ptII/ptolemy/actor/lib/test/auto/Expression18.xml (RunModel)" time="0.013" />
  <testcase classname="ptolemy.util.test.junit.AutoTests" name="[160] /home/travis/build/icyphy/ptII/ptolemy/actor/lib/test/auto/Expression2.xml (RunModel)" time="0.01" />
  <testcase classname="ptolemy.util.test.junit.AutoTests" name="[161] /home/travis/build/icyphy/ptII/ptolemy/actor/lib/test/auto/Expression3.xml (RunModel)" time="0.009" />
  <testcase classname="ptolemy.util.test.junit.AutoTests" name="[162] /home/travis/build/icyphy/ptII/ptolemy/actor/lib/test/auto/Expression4.xml (RunModel)" time="0.016" />
  <testcase classname="ptolemy.util.test.junit.AutoTests" name="[163] /home/travis/build/icyphy/ptII/ptolemy/actor/lib/test/auto/Expression5.xml (RunModel)" time="0.011" />
  <testcase classname="ptolemy.util.test.junit.AutoTests" name="[164] /home/travis/build/icyphy/ptII/ptolemy/actor/lib/test/auto/Expression6.xml (RunModel)" time="0.009" />
  <testcase classname="ptolemy.util.test.junit.AutoTests" name="[165] /home/travis/build/icyphy/ptII/ptolemy/actor/lib/test/auto/Expression7.xml (RunModel)" time="0.011" />
  <testcase classname="ptolemy.util.test.junit.AutoTests" name="[166] /home/travis/build/icyphy/ptII/ptolemy/actor/lib/test/auto/Expression8.xml (RunModel)" time="0.011" />
  <testcase classname="ptolemy.util.test.junit.AutoTests" name="[167] /home/travis/build/icyphy/ptII/ptolemy/actor/lib/test/auto/Expression9.xml (RunModel)" time="0.009" />
  <testcase classname="ptolemy.util.test.junit.AutoTests" name="[168] /home/travis/build/icyphy/ptII/ptolemy/actor/lib/test/auto/ExpressionConcatenateArrayType.xml (RunModel)" time="0.022" />
  <testcase classname="ptolemy.util.test.junit.AutoTests" name="[169] /home/travis/build/icyphy/ptII/ptolemy/actor/lib/test/auto/ExpressionConcatenateArrayType2.xml (RunModel)" time="0.014" />
  <testcase classname="ptolemy.util.test.junit.AutoTests" name="[170] /home/travis/build/icyphy/ptII/ptolemy/actor/lib/test/auto/ExpressionFix.xml (RunModel)" time="0.036" />
  <testcase classname="ptolemy.util.test.junit.AutoTests" name="[171] /home/travis/build/icyphy/ptII/ptolemy/actor/lib/test/auto/ExpressionFix2.xml (RunModel)" time="0.01" />
  <testcase classname="ptolemy.util.test.junit.AutoTests" name="[172] /home/travis/build/icyphy/ptII/ptolemy/actor/lib/test/auto/ExpressionFix3.xml (RunModel)" time="0.01" />
  <testcase classname="ptolemy.util.test.junit.AutoTests" name="[173] /home/travis/build/icyphy/ptII/ptolemy/actor/lib/test/auto/FileWriter1.xml (RunModel)" time="0.009" />
  <testcase classname="ptolemy.util.test.junit.AutoTests" name="[174] /home/travis/build/icyphy/ptII/ptolemy/actor/lib/test/auto/FileWriter2.xml (RunModel)" time="0.01" />
  <testcase classname="ptolemy.util.test.junit.AutoTests" name="[175] /home/travis/build/icyphy/ptII/ptolemy/actor/lib/test/auto/FileWriter3.xml (RunModel)" time="0.016" />
  <testcase classname="ptolemy.util.test.junit.AutoTests" name="[176] /home/travis/build/icyphy/ptII/ptolemy/actor/lib/test/auto/Gaussian.xml (RunModel)" time="0.01" />
  <testcase classname="ptolemy.util.test.junit.AutoTests" name="[177] /home/travis/build/icyphy/ptII/ptolemy/actor/lib/test/auto/Gaussian1.xml (RunModel)" time="0.013" />
  <testcase classname="ptolemy.util.test.junit.AutoTests" name="[178] /home/travis/build/icyphy/ptII/ptolemy/actor/lib/test/auto/Gaussian2.xml (RunModel)" time="0.015" />
  <testcase classname="ptolemy.util.test.junit.AutoTests" name="[179] /home/travis/build/icyphy/ptII/ptolemy/actor/lib/test/auto/GradientAdaptiveLattice.xml (RunModel)" time="0.017" />
  <testcase classname="ptolemy.util.test.junit.AutoTests" name="[180] /home/travis/build/icyphy/ptII/ptolemy/actor/lib/test/auto/IIR.xml (RunModel)" time="0.01" />
  <testcase classname="ptolemy.util.test.junit.AutoTests" name="[181] /home/travis/build/icyphy/ptII/ptolemy/actor/lib/test/auto/InputOutputTransparentPorts.xml (RunModel)" time="0.018" />
  <testcase classname="ptolemy.util.test.junit.AutoTests" name="[182] /home/travis/build/icyphy/ptII/ptolemy/actor/lib/test/auto/Interpolator.xml (RunModel)" time="0.011" />
  <testcase classname="ptolemy.util.test.junit.AutoTests" name="[183] /home/travis/build/icyphy/ptII/ptolemy/actor/lib/test/auto/InterpolatorFiringLimitDE.xml (RunModel)" time="0.015" />
  <testcase classname="ptolemy.util.test.junit.AutoTests" name="[184] /home/travis/build/icyphy/ptII/ptolemy/actor/lib/test/auto/Lattice.xml (RunModel)" time="0.009" />
  <testcase classname="ptolemy.util.test.junit.AutoTests" name="[185] /home/travis/build/icyphy/ptII/ptolemy/actor/lib/test/auto/LazyAOCTestLazy.xml (RunModel)" time="0.022" />
  <testcase classname="ptolemy.util.test.junit.AutoTests" name="[186] /home/travis/build/icyphy/ptII/ptolemy/actor/lib/test/auto/LazyAOCTestNonLazy.xml (RunModel)" time="0.016" />
  <testcase classname="ptolemy.util.test.junit.AutoTests" name="[187] /home/travis/build/icyphy/ptII/ptolemy/actor/lib/test/auto/LazyInnerClass.xml (RunModel)" time="0.041" />
  <testcase classname="ptolemy.util.test.junit.AutoTests" name="[188] /home/travis/build/icyphy/ptII/ptolemy/actor/lib/test/auto/LazyPubSub.xml (RunModel)" time="0.058" />
  <testcase classname="ptolemy.util.test.junit.AutoTests" name="[189] /home/travis/build/icyphy/ptII/ptolemy/actor/lib/test/auto/LazyPubSub2.xml (RunModel)" time="0.065" />
  <testcase classname="ptolemy.util.test.junit.AutoTests" name="[190] /home/travis/build/icyphy/ptII/ptolemy/actor/lib/test/auto/LazyPubSub3.xml (RunModel)" time="0.051" />
  <testcase classname="ptolemy.util.test.junit.AutoTests" name="[191] /home/travis/build/icyphy/ptII/ptolemy/actor/lib/test/auto/LazySubClassModel.xml (RunModel)" time="0.026" />
  <testcase classname="ptolemy.util.test.junit.AutoTests" name="[192] /home/travis/build/icyphy/ptII/ptolemy/actor/lib/test/auto/LevelCrossTest1.xml (RunModel)" time="0.011" />
  <testcase classname="ptolemy.util.test.junit.AutoTests" name="[193] /home/travis/build/icyphy/ptII/ptolemy/actor/lib/test/auto/LevelCrossTest10.xml (RunModel)" time="0.019" />
  <testcase classname="ptolemy.util.test.junit.AutoTests" name="[194] /home/travis/build/icyphy/ptII/ptolemy/actor/lib/test/auto/LevelCrossTest11.xml (RunModel)" time="0.012" />
  <testcase classname="ptolemy.util.test.junit.AutoTests" name="[195] /home/travis/build/icyphy/ptII/ptolemy/actor/lib/test/auto/LevelCrossTest12.xml (RunModel)" time="0.019" />
  <testcase classname="ptolemy.util.test.junit.AutoTests" name="[196] /home/travis/build/icyphy/ptII/ptolemy/actor/lib/test/auto/LevelCrossTest13.xml (RunModel)" time="0.012" />
  <testcase classname="ptolemy.util.test.junit.AutoTests" name="[197] /home/travis/build/icyphy/ptII/ptolemy/actor/lib/test/auto/LevelCrossTest2.xml (RunModel)" time="0.01" />
  <testcase classname="ptolemy.util.test.junit.AutoTests" name="[198] /home/travis/build/icyphy/ptII/ptolemy/actor/lib/test/auto/LevelCrossTest3.xml (RunModel)" time="0.014" />
  <testcase classname="ptolemy.util.test.junit.AutoTests" name="[199] /home/travis/build/icyphy/ptII/ptolemy/actor/lib/test/auto/LevelCrossTest4.xml (RunModel)" time="0.009" />
  <testcase classname="ptolemy.util.test.junit.AutoTests" name="[200] /home/travis/build/icyphy/ptII/ptolemy/actor/lib/test/auto/LevelCrossTest5.xml (RunModel)" time="0.015" />
  <testcase classname="ptolemy.util.test.junit.AutoTests" name="[201] /home/travis/build/icyphy/ptII/ptolemy/actor/lib/test/auto/LevelCrossTest6.xml (RunModel)" time="0.013" />
  <testcase classname="ptolemy.util.test.junit.AutoTests" name="[202] /home/travis/build/icyphy/ptII/ptolemy/actor/lib/test/auto/LevelCrossTest7.xml (RunModel)" time="0.021" />
  <testcase classname="ptolemy.util.test.junit.AutoTests" name="[203] /home/travis/build/icyphy/ptII/ptolemy/actor/lib/test/auto/LevelCrossTest8.xml (RunModel)" time="0.011" />
  <testcase classname="ptolemy.util.test.junit.AutoTests" name="[204] /home/travis/build/icyphy/ptII/ptolemy/actor/lib/test/auto/LevelCrossTest9.xml (RunModel)" time="0.012" />
  <testcase classname="ptolemy.util.test.junit.AutoTests" name="[205] /home/travis/build/icyphy/ptII/ptolemy/actor/lib/test/auto/LevinsonDurbin.xml (RunModel)" time="0.013" />
  <testcase classname="ptolemy.util.test.junit.AutoTests" name="[206] /home/travis/build/icyphy/ptII/ptolemy/actor/lib/test/auto/LevinsonDurbin2.xml (RunModel)" time="0.008" />
  <testcase classname="ptolemy.util.test.junit.AutoTests" name="[207] /home/travis/build/icyphy/ptII/ptolemy/actor/lib/test/auto/LevinsonDurbin3.xml (RunModel)" time="0.012" />
  <testcase classname="ptolemy.util.test.junit.AutoTests" name="[208] /home/travis/build/icyphy/ptII/ptolemy/actor/lib/test/auto/Limiter.xml (RunModel)" time="0.03" />
  <testcase classname="ptolemy.util.test.junit.AutoTests" name="[209] /home/travis/build/icyphy/ptII/ptolemy/actor/lib/test/auto/LinearDifferenceEquationSystem.xml (RunModel)" time="0.019" />
  <testcase classname="ptolemy.util.test.junit.AutoTests" name="[210] /home/travis/build/icyphy/ptII/ptolemy/actor/lib/test/auto/LookupTable.xml (RunModel)" time="0.009" />
  <testcase classname="ptolemy.util.test.junit.AutoTests" name="[211] /home/travis/build/icyphy/ptII/ptolemy/actor/lib/test/auto/MathFunction.xml (RunModel)" time="0.027" />
  <testcase classname="ptolemy.util.test.junit.AutoTests" name="[212] /home/travis/build/icyphy/ptII/ptolemy/actor/lib/test/auto/MathFunction2.xml (RunModel)" time="0.014" />
  <testcase classname="ptolemy.util.test.junit.AutoTests" name="[213] /home/travis/build/icyphy/ptII/ptolemy/actor/lib/test/auto/MathFunction3.xml (RunModel)" time="0.019" />
  <testcase classname="ptolemy.util.test.junit.AutoTests" name="[214] /home/travis/build/icyphy/ptII/ptolemy/actor/lib/test/auto/MatrixCropBoolean.xml (RunModel)" time="0.017" />
  <testcase classname="ptolemy.util.test.junit.AutoTests" name="[215] /home/travis/build/icyphy/ptII/ptolemy/actor/lib/test/auto/MatrixCropComplex.xml (RunModel)" time="0.009" />
  <testcase classname="ptolemy.util.test.junit.AutoTests" name="[216] /home/travis/build/icyphy/ptII/ptolemy/actor/lib/test/auto/MatrixCropDouble.xml (RunModel)" time="0.008" />
  <testcase classname="ptolemy.util.test.junit.AutoTests" name="[217] /home/travis/build/icyphy/ptII/ptolemy/actor/lib/test/auto/MatrixCropFix.xml (RunModel)" time="0.015" />
  <testcase classname="ptolemy.util.test.junit.AutoTests" name="[218] /home/travis/build/icyphy/ptII/ptolemy/actor/lib/test/auto/MatrixCropInt.xml (RunModel)" time="0.008" />
  <testcase classname="ptolemy.util.test.junit.AutoTests" name="[219] /home/travis/build/icyphy/ptII/ptolemy/actor/lib/test/auto/MatrixCropLong.xml (RunModel)" time="0.007" />
  <testcase classname="ptolemy.util.test.junit.AutoTests" name="[220] /home/travis/build/icyphy/ptII/ptolemy/actor/lib/test/auto/MatrixToArray.xml (RunModel)" time="0.036" />
  <testcase classname="ptolemy.util.test.junit.AutoTests" name="[221] /home/travis/build/icyphy/ptII/ptolemy/actor/lib/test/auto/MaxIndex.xml (RunModel)" time="0.011" />
  <testcase classname="ptolemy.util.test.junit.AutoTests" name="[222] /home/travis/build/icyphy/ptII/ptolemy/actor/lib/test/auto/Maximum.xml (RunModel)" time="0.011" />
  <testcase classname="ptolemy.util.test.junit.AutoTests" name="[223] /home/travis/build/icyphy/ptII/ptolemy/actor/lib/test/auto/MaximumComplex.xml (RunModel)" time="0.011" />
  <testcase classname="ptolemy.util.test.junit.AutoTests" name="[224] /home/travis/build/icyphy/ptII/ptolemy/actor/lib/test/auto/MethodCallTest.xml (RunModel)" time="0.016" />
  <testcase classname="ptolemy.util.test.junit.AutoTests" name="[225] /home/travis/build/icyphy/ptII/ptolemy/actor/lib/test/auto/Minimum.xml (RunModel)" time="0.011" />
  <testcase classname="ptolemy.util.test.junit.AutoTests" name="[226] /home/travis/build/icyphy/ptII/ptolemy/actor/lib/test/auto/MinimumComplex.xml (RunModel)" time="0.012" />
  <testcase classname="ptolemy.util.test.junit.AutoTests" name="[227] /home/travis/build/icyphy/ptII/ptolemy/actor/lib/test/auto/MinimumMultiports.xml (RunModel)" time="0.016" />
  <testcase classname="ptolemy.util.test.junit.AutoTests" name="[228] /home/travis/build/icyphy/ptII/ptolemy/actor/lib/test/auto/ModifyDate.xml (RunModel)" time="0.035" />
  <testcase classname="ptolemy.util.test.junit.AutoTests" name="[229] /home/travis/build/icyphy/ptII/ptolemy/actor/lib/test/auto/ModifyDate2.xml (RunModel)" time="0.024" />
  <testcase classname="ptolemy.util.test.junit.AutoTests" name="[230] /home/travis/build/icyphy/ptII/ptolemy/actor/lib/test/auto/MovingAverage.xml (RunModel)" time="0.011" />
  <testcase classname="ptolemy.util.test.junit.AutoTests" name="[231] /home/travis/build/icyphy/ptII/ptolemy/actor/lib/test/auto/MovingMaximum.xml (RunModel)" time="0.013" />
  <testcase classname="ptolemy.util.test.junit.AutoTests" name="[232] /home/travis/build/icyphy/ptII/ptolemy/actor/lib/test/auto/MultipleLinksToSameRelation.xml (RunModel)" time="0.007" />
  <testcase classname="ptolemy.util.test.junit.AutoTests" name="[233] /home/travis/build/icyphy/ptII/ptolemy/actor/lib/test/auto/MultipleLinksToSameRelationDE.xml (RunModel)" time="0.009" />
  <testcase classname="ptolemy.util.test.junit.AutoTests" name="[234] /home/travis/build/icyphy/ptII/ptolemy/actor/lib/test/auto/Multiplexor.xml (RunModel)" time="0.011" />
  <testcase classname="ptolemy.util.test.junit.AutoTests" name="[235] /home/travis/build/icyphy/ptII/ptolemy/actor/lib/test/auto/Multiplexor1.xml (RunModel)" time="0.011" />
  <testcase classname="ptolemy.util.test.junit.AutoTests" name="[236] /home/travis/build/icyphy/ptII/ptolemy/actor/lib/test/auto/Multiplexor2.xml (RunModel)" time="0.013" />
  <testcase classname="ptolemy.util.test.junit.AutoTests" name="[237] /home/travis/build/icyphy/ptII/ptolemy/actor/lib/test/auto/Multiplexor3.xml (RunModel)" time="0.008" />
  <testcase classname="ptolemy.util.test.junit.AutoTests" name="[238] /home/travis/build/icyphy/ptII/ptolemy/actor/lib/test/auto/MultiplexorDE.xml (RunModel)" time="0.016" />
  <testcase classname="ptolemy.util.test.junit.AutoTests" name="[239] /home/travis/build/icyphy/ptII/ptolemy/actor/lib/test/auto/MultiportBroadcastTest.xml (RunModel)" time="0.092" />
  <testcase classname="ptolemy.util.test.junit.AutoTests" name="[240] /home/travis/build/icyphy/ptII/ptolemy/actor/lib/test/auto/MultiportOutHangDuringGetWidth.xml (RunModel)" time="0.03" />
  <testcase classname="ptolemy.util.test.junit.AutoTests" name="[241] /home/travis/build/icyphy/ptII/ptolemy/actor/lib/test/auto/NilToken.xml (RunModel)" time="0.009" />
  <testcase classname="ptolemy.util.test.junit.AutoTests" name="[242] /home/travis/build/icyphy/ptII/ptolemy/actor/lib/test/auto/NilTokenNonStrictTest.xml (RunModel)" time="0.012" />
  <testcase classname="ptolemy.util.test.junit.AutoTests" name="[243] /home/travis/build/icyphy/ptII/ptolemy/actor/lib/test/auto/NilTokenRecord.xml (RunModel)" time="0.023" />
  <testcase classname="ptolemy.util.test.junit.AutoTests" name="[244] /home/travis/build/icyphy/ptII/ptolemy/actor/lib/test/auto/NilTokenTypeTest.xml (RunModel)" time="0.029" />
  <testcase classname="ptolemy.util.test.junit.AutoTests" name="[245] /home/travis/build/icyphy/ptII/ptolemy/actor/lib/test/auto/ObjectToken1.xml (RunModel)" time="0.006" />
  <testcase classname="ptolemy.util.test.junit.AutoTests" name="[246] /home/travis/build/icyphy/ptII/ptolemy/actor/lib/test/auto/OrderedMerge.xml (RunModel)" time="0.023" />
  <testcase classname="ptolemy.util.test.junit.AutoTests" name="[247] /home/travis/build/icyphy/ptII/ptolemy/actor/lib/test/auto/OrderedRecordDisassembler.xml (RunModel)" time="0.019" />
  <testcase classname="ptolemy.util.test.junit.AutoTests" name="[248] /home/travis/build/icyphy/ptII/ptolemy/actor/lib/test/auto/OrderedRecordDisassembler2.xml (RunModel)" time="0.019" />
  <testcase classname="ptolemy.util.test.junit.AutoTests" name="[249] /home/travis/build/icyphy/ptII/ptolemy/actor/lib/test/auto/OrderedRecordUpdater.xml (RunModel)" time="0.011" />
  <testcase classname="ptolemy.util.test.junit.AutoTests" name="[250] /home/travis/build/icyphy/ptII/ptolemy/actor/lib/test/auto/OrderedRecordUpdater2.xml (RunModel)" time="0.019" />
  <testcase classname="ptolemy.util.test.junit.AutoTests" name="[251] /home/travis/build/icyphy/ptII/ptolemy/actor/lib/test/auto/PhaseUnwrap.xml (RunModel)" time="0.012" />
  <testcase classname="ptolemy.util.test.junit.AutoTests" name="[252] /home/travis/build/icyphy/ptII/ptolemy/actor/lib/test/auto/PoissonClock.xml (RunModel)" time="0.009" />
  <testcase classname="ptolemy.util.test.junit.AutoTests" name="[253] /home/travis/build/icyphy/ptII/ptolemy/actor/lib/test/auto/PoissonClock2.xml (RunModel)" time="0.008" />
  <testcase classname="ptolemy.util.test.junit.AutoTests" name="[254] /home/travis/build/icyphy/ptII/ptolemy/actor/lib/test/auto/PoissonClock3.xml (RunModel)" time="0.011" />
  <testcase classname="ptolemy.util.test.junit.AutoTests" name="[255] /home/travis/build/icyphy/ptII/ptolemy/actor/lib/test/auto/PubSubWithInitialTokens.xml (RunModel)" time="0.012" />
  <testcase classname="ptolemy.util.test.junit.AutoTests" name="[256] /home/travis/build/icyphy/ptII/ptolemy/actor/lib/test/auto/PubSubWithInitialTokens2.xml (RunModel)" time="0.011" />
  <testcase classname="ptolemy.util.test.junit.AutoTests" name="[257] /home/travis/build/icyphy/ptII/ptolemy/actor/lib/test/auto/PublisherClassNoParameter.xml (RunModel)" time="0.02" />
  <testcase classname="ptolemy.util.test.junit.AutoTests" name="[258] /home/travis/build/icyphy/ptII/ptolemy/actor/lib/test/auto/PublisherClassParameter.xml (RunModel)" time="0.02" />
  <testcase classname="ptolemy.util.test.junit.AutoTests" name="[259] /home/travis/build/icyphy/ptII/ptolemy/actor/lib/test/auto/PublisherNonStrictTest.xml (RunModel)" time="0.017" />
  <testcase classname="ptolemy.util.test.junit.AutoTests" name="[260] /home/travis/build/icyphy/ptII/ptolemy/actor/lib/test/auto/PublisherPort1.xml (RunModel)" time="0.012" />
  <testcase classname="ptolemy.util.test.junit.AutoTests" name="[261] /home/travis/build/icyphy/ptII/ptolemy/actor/lib/test/auto/PublisherPort2.xml (RunModel)" time="0.008" />
  <testcase classname="ptolemy.util.test.junit.AutoTests" name="[262] /home/travis/build/icyphy/ptII/ptolemy/actor/lib/test/auto/PublisherPort3.xml (RunModel)" time="0.012" />
  <testcase classname="ptolemy.util.test.junit.AutoTests" name="[263] /home/travis/build/icyphy/ptII/ptolemy/actor/lib/test/auto/PublisherPort4.xml (RunModel)" time="0.012" />
  <testcase classname="ptolemy.util.test.junit.AutoTests" name="[264] /home/travis/build/icyphy/ptII/ptolemy/actor/lib/test/auto/PublisherPort5.xml (RunModel)" time="0.014" />
  <testcase classname="ptolemy.util.test.junit.AutoTests" name="[265] /home/travis/build/icyphy/ptII/ptolemy/actor/lib/test/auto/PublisherPort5LookAlike.xml (RunModel)" time="0.025" />
  <testcase classname="ptolemy.util.test.junit.AutoTests" name="[266] /home/travis/build/icyphy/ptII/ptolemy/actor/lib/test/auto/PublisherPort6.xml (RunModel)" time="0.012" />
  <testcase classname="ptolemy.util.test.junit.AutoTests" name="[267] /home/travis/build/icyphy/ptII/ptolemy/actor/lib/test/auto/PublisherPort7.xml (RunModel)" time="0.015" />
  <testcase classname="ptolemy.util.test.junit.AutoTests" name="[268] /home/travis/build/icyphy/ptII/ptolemy/actor/lib/test/auto/PublisherPort8.xml (RunModel)" time="0.015" />
  <testcase classname="ptolemy.util.test.junit.AutoTests" name="[269] /home/travis/build/icyphy/ptII/ptolemy/actor/lib/test/auto/PublisherPortSubscriberChannelVariablesAOC2.xml (RunModel)" time="0.035" />
  <testcase classname="ptolemy.util.test.junit.AutoTests" name="[270] /home/travis/build/icyphy/ptII/ptolemy/actor/lib/test/auto/PublisherPortSubscriberOpaqueWidthInference.xml (RunModel)" time="0.014" />
  <testcase classname="ptolemy.util.test.junit.AutoTests" name="[271] /home/travis/build/icyphy/ptII/ptolemy/actor/lib/test/auto/PublisherPortSubscriberPortAdjacent.xml (RunModel)" time="0.021" />
  <testcase classname="ptolemy.util.test.junit.AutoTests" name="[272] /home/travis/build/icyphy/ptII/ptolemy/actor/lib/test/auto/PublisherPortSubscriberPortExpression.xml (RunModel)" time="0.015" />
  <testcase classname="ptolemy.util.test.junit.AutoTests" name="[273] /home/travis/build/icyphy/ptII/ptolemy/actor/lib/test/auto/PublisherPortSubscriberPortOpaqueD3Reverse.xml (RunModel)" time="0.018" />
  <testcase classname="ptolemy.util.test.junit.AutoTests" name="[274] /home/travis/build/icyphy/ptII/ptolemy/actor/lib/test/auto/PublisherPortSubscriberPortOpaqueWidthInference.xml (RunModel)" time="0.016" />
  <testcase classname="ptolemy.util.test.junit.AutoTests" name="[275] /home/travis/build/icyphy/ptII/ptolemy/actor/lib/test/auto/PublisherPortToplevelSubscriberPortAOC.xml (RunModel)" time="0.011" />
  <testcase classname="ptolemy.util.test.junit.AutoTests" name="[276] /home/travis/build/icyphy/ptII/ptolemy/actor/lib/test/auto/PublisherSubscriber.xml (RunModel)" time="0.02" />
  <testcase classname="ptolemy.util.test.junit.AutoTests" name="[277] /home/travis/build/icyphy/ptII/ptolemy/actor/lib/test/auto/PublisherSubscriber10.xml (RunModel)" time="0.023" />
  <testcase classname="ptolemy.util.test.junit.AutoTests" name="[278] /home/travis/build/icyphy/ptII/ptolemy/actor/lib/test/auto/PublisherSubscriber10InitialOutputs.xml (RunModel)" time="0.027" />
  <testcase classname="ptolemy.util.test.junit.AutoTests" name="[279] /home/travis/build/icyphy/ptII/ptolemy/actor/lib/test/auto/PublisherSubscriber11.xml (RunModel)" time="0.017" />
  <testcase classname="ptolemy.util.test.junit.AutoTests" name="[280] /home/travis/build/icyphy/ptII/ptolemy/actor/lib/test/auto/PublisherSubscriber12.xml (RunModel)" time="0.017" />
  <testcase classname="ptolemy.util.test.junit.AutoTests" name="[281] /home/travis/build/icyphy/ptII/ptolemy/actor/lib/test/auto/PublisherSubscriber13.xml (RunModel)" time="0.013" />
  <testcase classname="ptolemy.util.test.junit.AutoTests" name="[282] /home/travis/build/icyphy/ptII/ptolemy/actor/lib/test/auto/PublisherSubscriber14.xml (RunModel)" time="0.029" />
  <testcase classname="ptolemy.util.test.junit.AutoTests" name="[283] /home/travis/build/icyphy/ptII/ptolemy/actor/lib/test/auto/PublisherSubscriber2.xml (RunModel)" time="0.01" />
  <testcase classname="ptolemy.util.test.junit.AutoTests" name="[284] /home/travis/build/icyphy/ptII/ptolemy/actor/lib/test/auto/PublisherSubscriber3.xml (RunModel)" time="0.008" />
  <testcase classname="ptolemy.util.test.junit.AutoTests" name="[285] /home/travis/build/icyphy/ptII/ptolemy/actor/lib/test/auto/PublisherSubscriber4.xml (RunModel)" time="0.015" />
  <testcase classname="ptolemy.util.test.junit.AutoTests" name="[286] /home/travis/build/icyphy/ptII/ptolemy/actor/lib/test/auto/PublisherSubscriber5.xml (RunModel)" time="0.01" />
  <testcase classname="ptolemy.util.test.junit.AutoTests" name="[287] /home/travis/build/icyphy/ptII/ptolemy/actor/lib/test/auto/PublisherSubscriber6.xml (RunModel)" time="0.015" />
  <testcase classname="ptolemy.util.test.junit.AutoTests" name="[288] /home/travis/build/icyphy/ptII/ptolemy/actor/lib/test/auto/PublisherSubscriber7.xml (RunModel)" time="0.023" />
  <testcase classname="ptolemy.util.test.junit.AutoTests" name="[289] /home/travis/build/icyphy/ptII/ptolemy/actor/lib/test/auto/PublisherSubscriber8.xml (RunModel)" time="0.019" />
  <testcase classname="ptolemy.util.test.junit.AutoTests" name="[290] /home/travis/build/icyphy/ptII/ptolemy/actor/lib/test/auto/PublisherSubscriber9.xml (RunModel)" time="0.014" />
  <testcase classname="ptolemy.util.test.junit.AutoTests" name="[291] /home/travis/build/icyphy/ptII/ptolemy/actor/lib/test/auto/PublisherSubscriberAdjacent.xml (RunModel)" time="0.017" />
  <testcase classname="ptolemy.util.test.junit.AutoTests" name="[292] /home/travis/build/icyphy/ptII/ptolemy/actor/lib/test/auto/PublisherSubscriberChannelVariablesAOC2.xml (RunModel)" time="0.03" />
  <testcase classname="ptolemy.util.test.junit.AutoTests" name="[293] /home/travis/build/icyphy/ptII/ptolemy/actor/lib/test/auto/PublisherSubscriberD3.xml (RunModel)" time="0.021" />
  <testcase classname="ptolemy.util.test.junit.AutoTests" name="[294] /home/travis/build/icyphy/ptII/ptolemy/actor/lib/test/auto/PublisherSubscriberD3Reverse.xml (RunModel)" time="0.01" />
  <testcase classname="ptolemy.util.test.junit.AutoTests" name="[295] /home/travis/build/icyphy/ptII/ptolemy/actor/lib/test/auto/PublisherSubscriberExpression.xml (RunModel)" time="0.015" />
  <testcase classname="ptolemy.util.test.junit.AutoTests" name="[296] /home/travis/build/icyphy/ptII/ptolemy/actor/lib/test/auto/PublisherSubscriberOpaque.xml (RunModel)" time="0.029" />
  <testcase classname="ptolemy.util.test.junit.AutoTests" name="[297] /home/travis/build/icyphy/ptII/ptolemy/actor/lib/test/auto/PublisherSubscriberOpaqueD3.xml (RunModel)" time="0.021" />
  <testcase classname="ptolemy.util.test.junit.AutoTests" name="[298] /home/travis/build/icyphy/ptII/ptolemy/actor/lib/test/auto/PublisherSubscriberOpaqueD3Reverse.xml (RunModel)" time="0.023" />
  <testcase classname="ptolemy.util.test.junit.AutoTests" name="[299] /home/travis/build/icyphy/ptII/ptolemy/actor/lib/test/auto/PublisherSubscriberOpaqueWidthInference.xml (RunModel)" time="0.016" />
  <testcase classname="ptolemy.util.test.junit.AutoTests" name="[300] /home/travis/build/icyphy/ptII/ptolemy/actor/lib/test/auto/PublisherTestSubscriber.xml (RunModel)" time="0.014" />
  <testcase classname="ptolemy.util.test.junit.AutoTests" name="[301] /home/travis/build/icyphy/ptII/ptolemy/actor/lib/test/auto/PublisherToplevelSubscriberPortAOC.xml (RunModel)" time="0.01" />
  <testcase classname="ptolemy.util.test.junit.AutoTests" name="[302] /home/travis/build/icyphy/ptII/ptolemy/actor/lib/test/auto/PulseFiringLimitDE.xml (RunModel)" time="0.012" />
  <testcase classname="ptolemy.util.test.junit.AutoTests" name="[303] /home/travis/build/icyphy/ptII/ptolemy/actor/lib/test/auto/Ramp1.xml (RunModel)" time="0.006" />
  <testcase classname="ptolemy.util.test.junit.AutoTests" name="[304] /home/travis/build/icyphy/ptII/ptolemy/actor/lib/test/auto/RampFiringLimitDE.xml (RunModel)" time="0.011" />
  <testcase classname="ptolemy.util.test.junit.AutoTests" name="[305] /home/travis/build/icyphy/ptII/ptolemy/actor/lib/test/auto/RampFiringLimitSDF.xml (RunModel)" time="0.009" />
  <testcase classname="ptolemy.util.test.junit.AutoTests" name="[306] /home/travis/build/icyphy/ptII/ptolemy/actor/lib/test/auto/RandomInteger.xml (RunModel)" time="0.007" />
  <testcase classname="ptolemy.util.test.junit.AutoTests" name="[307] /home/travis/build/icyphy/ptII/ptolemy/actor/lib/test/auto/ReadFile1.xml (RunModel)" time="0.007" />
  <testcase classname="ptolemy.util.test.junit.AutoTests" name="[308] /home/travis/build/icyphy/ptII/ptolemy/actor/lib/test/auto/ReadFile2.xml (RunModel)" time="0.007" />
  <testcase classname="ptolemy.util.test.junit.AutoTests" name="[309] /home/travis/build/icyphy/ptII/ptolemy/actor/lib/test/auto/Reader.xml (RunModel)" time="0.013" />
  <testcase classname="ptolemy.util.test.junit.AutoTests" name="[310] /home/travis/build/icyphy/ptII/ptolemy/actor/lib/test/auto/RecordAssemblerDisplayNameTest.xml (RunModel)" time="3.132" />
  <testcase classname="ptolemy.util.test.junit.AutoTests" name="[311] /home/travis/build/icyphy/ptII/ptolemy/actor/lib/test/auto/RecordAssemblerTypeError.xml (RunModel)" time="0.03" />
  <testcase classname="ptolemy.util.test.junit.AutoTests" name="[312] /home/travis/build/icyphy/ptII/ptolemy/actor/lib/test/auto/RecordDisassember.xml (RunModel)" time="0.012" />
  <testcase classname="ptolemy.util.test.junit.AutoTests" name="[313] /home/travis/build/icyphy/ptII/ptolemy/actor/lib/test/auto/RecordDisassemberDisplayNameTest.xml (RunModel)" time="0.017" />
  <testcase classname="ptolemy.util.test.junit.AutoTests" name="[314] /home/travis/build/icyphy/ptII/ptolemy/actor/lib/test/auto/RecordDisassembler.xml (RunModel)" time="0.009" />
  <testcase classname="ptolemy.util.test.junit.AutoTests" name="[315] /home/travis/build/icyphy/ptII/ptolemy/actor/lib/test/auto/RecordDisassembler2.xml (RunModel)" time="0.01" />
  <testcase classname="ptolemy.util.test.junit.AutoTests" name="[316] /home/travis/build/icyphy/ptII/ptolemy/actor/lib/test/auto/RecordUpdater.xml (RunModel)" time="0.011" />
  <testcase classname="ptolemy.util.test.junit.AutoTests" name="[317] /home/travis/build/icyphy/ptII/ptolemy/actor/lib/test/auto/RecordUpdater2.xml (RunModel)" time="0.009" />
  <testcase classname="ptolemy.util.test.junit.AutoTests" name="[318] /home/travis/build/icyphy/ptII/ptolemy/actor/lib/test/auto/RecursiveLattice.xml (RunModel)" time="0.008" />
  <testcase classname="ptolemy.util.test.junit.AutoTests" name="[319] /home/travis/build/icyphy/ptII/ptolemy/actor/lib/test/auto/Router.xml (RunModel)" time="3.029" />
  <testcase classname="ptolemy.util.test.junit.AutoTests" name="[320] /home/travis/build/icyphy/ptII/ptolemy/actor/lib/test/auto/Router2.xml (RunModel)" time="3.023" />
  <testcase classname="ptolemy.util.test.junit.AutoTests" name="[321] /home/travis/build/icyphy/ptII/ptolemy/actor/lib/test/auto/RunningMaximum.xml (RunModel)" time="0.011" />
  <testcase classname="ptolemy.util.test.junit.AutoTests" name="[322] /home/travis/build/icyphy/ptII/ptolemy/actor/lib/test/auto/RunningMinimum.xml (RunModel)" time="0.015" />
  <testcase classname="ptolemy.util.test.junit.AutoTests" name="[323] /home/travis/build/icyphy/ptII/ptolemy/actor/lib/test/auto/Scale.xml (RunModel)" time="0.01" />
  <testcase classname="ptolemy.util.test.junit.AutoTests" name="[324] /home/travis/build/icyphy/ptII/ptolemy/actor/lib/test/auto/Scale2.xml (RunModel)" time="0.009" />
  <testcase classname="ptolemy.util.test.junit.AutoTests" name="[325] /home/travis/build/icyphy/ptII/ptolemy/actor/lib/test/auto/Scale3.xml (RunModel)" time="0.012" />
  <testcase classname="ptolemy.util.test.junit.AutoTests" name="[326] /home/travis/build/icyphy/ptII/ptolemy/actor/lib/test/auto/ScaleArray.xml (RunModel)" time="0.007" />
  <testcase classname="ptolemy.util.test.junit.AutoTests" name="[327] /home/travis/build/icyphy/ptII/ptolemy/actor/lib/test/auto/ScaleArray2.xml (RunModel)" time="0.008" />
  <testcase classname="ptolemy.util.test.junit.AutoTests" name="[328] /home/travis/build/icyphy/ptII/ptolemy/actor/lib/test/auto/ScaleMatrix.xml (RunModel)" time="0.125" />
  <testcase classname="ptolemy.util.test.junit.AutoTests" name="[329] /home/travis/build/icyphy/ptII/ptolemy/actor/lib/test/auto/Select.xml (RunModel)" time="0.013" />
  <testcase classname="ptolemy.util.test.junit.AutoTests" name="[330] /home/travis/build/icyphy/ptII/ptolemy/actor/lib/test/auto/Select2.xml (RunModel)" time="0.008" />
  <testcase classname="ptolemy.util.test.junit.AutoTests" name="[331] /home/travis/build/icyphy/ptII/ptolemy/actor/lib/test/auto/SequenceToArray2.xml (RunModel)" time="0.127" />
  <testcase classname="ptolemy.util.test.junit.AutoTests" name="[332] /home/travis/build/icyphy/ptII/ptolemy/actor/lib/test/auto/SequentialClock.xml (RunModel)" time="0.013" />
  <testcase classname="ptolemy.util.test.junit.AutoTests" name="[333] /home/travis/build/icyphy/ptII/ptolemy/actor/lib/test/auto/SetVariable.xml (RunModel)" time="0.018" />
  <testcase classname="ptolemy.util.test.junit.AutoTests" name="[334] /home/travis/build/icyphy/ptII/ptolemy/actor/lib/test/auto/SetVariable2.xml (RunModel)" time="0.011" />
  <testcase classname="ptolemy.util.test.junit.AutoTests" name="[335] /home/travis/build/icyphy/ptII/ptolemy/actor/lib/test/auto/SetVariable3.xml (RunModel)" time="0.016" />
  <testcase classname="ptolemy.util.test.junit.AutoTests" name="[336] /home/travis/build/icyphy/ptII/ptolemy/actor/lib/test/auto/SetVariable4.xml (RunModel)" time="0.02" />
  <testcase classname="ptolemy.util.test.junit.AutoTests" name="[337] /home/travis/build/icyphy/ptII/ptolemy/actor/lib/test/auto/SetVariable5.xml (RunModel)" time="0.037" />
  <testcase classname="ptolemy.util.test.junit.AutoTests" name="[338] /home/travis/build/icyphy/ptII/ptolemy/actor/lib/test/auto/Sinewave.xml (RunModel)" time="0.023" />
  <testcase classname="ptolemy.util.test.junit.AutoTests" name="[339] /home/travis/build/icyphy/ptII/ptolemy/actor/lib/test/auto/Sinewave2.xml (RunModel)" time="0.015" />
  <testcase classname="ptolemy.util.test.junit.AutoTests" name="[340] /home/travis/build/icyphy/ptII/ptolemy/actor/lib/test/auto/Sinewave3.xml (RunModel)" time="0.022" />
  <testcase classname="ptolemy.util.test.junit.AutoTests" name="[341] /home/travis/build/icyphy/ptII/ptolemy/actor/lib/test/auto/SingleEvent.xml (RunModel)" time="0.006" />
  <testcase classname="ptolemy.util.test.junit.AutoTests" name="[342] /home/travis/build/icyphy/ptII/ptolemy/actor/lib/test/auto/Sleep.xml (RunModel)" time="6.018" />
  <testcase classname="ptolemy.util.test.junit.AutoTests" name="[343] /home/travis/build/icyphy/ptII/ptolemy/actor/lib/test/auto/SleepMultipleFire.xml (RunModel)" time="1.016" />
  <testcase classname="ptolemy.util.test.junit.AutoTests" name="[344] /home/travis/build/icyphy/ptII/ptolemy/actor/lib/test/auto/StopDE.xml (RunModel)" time="0.013" />
  <testcase classname="ptolemy.util.test.junit.AutoTests" name="[345] /home/travis/build/icyphy/ptII/ptolemy/actor/lib/test/auto/StopSDF.xml (RunModel)" time="0.011" />
  <testcase classname="ptolemy.util.test.junit.AutoTests" name="[346] /home/travis/build/icyphy/ptII/ptolemy/actor/lib/test/auto/StringConstant.xml (RunModel)" time="0.009" />
  <testcase classname="ptolemy.util.test.junit.AutoTests" name="[347] /home/travis/build/icyphy/ptII/ptolemy/actor/lib/test/auto/SubscriberPortInitialValues1.xml (RunModel)" time="0.023" />
  <testcase classname="ptolemy.util.test.junit.AutoTests" name="[348] /home/travis/build/icyphy/ptII/ptolemy/actor/lib/test/auto/SubscriberPortInitialValues13.xml (RunModel)" time="0.022" />
  <testcase classname="ptolemy.util.test.junit.AutoTests" name="[349] /home/travis/build/icyphy/ptII/ptolemy/actor/lib/test/auto/SubscriberPortInitialValues14.xml (RunModel)" time="0.014" />
  <testcase classname="ptolemy.util.test.junit.AutoTests" name="[350] /home/travis/build/icyphy/ptII/ptolemy/actor/lib/test/auto/SubscriberPortInitialValues2.xml (RunModel)" time="0.013" />
  <testcase classname="ptolemy.util.test.junit.AutoTests" name="[351] /home/travis/build/icyphy/ptII/ptolemy/actor/lib/test/auto/SubscriberPortInitialValues3.xml (RunModel)" time="0.02" />
  <testcase classname="ptolemy.util.test.junit.AutoTests" name="[352] /home/travis/build/icyphy/ptII/ptolemy/actor/lib/test/auto/SubscriptionAggregator.xml (RunModel)" time="0.012" />
  <testcase classname="ptolemy.util.test.junit.AutoTests" name="[353] /home/travis/build/icyphy/ptII/ptolemy/actor/lib/test/auto/SubscriptionAggregator2.xml (RunModel)" time="0.01" />
  <testcase classname="ptolemy.util.test.junit.AutoTests" name="[354] /home/travis/build/icyphy/ptII/ptolemy/actor/lib/test/auto/SubscriptionAggregator3.xml (RunModel)" time="0.014" />
  <testcase classname="ptolemy.util.test.junit.AutoTests" name="[355] /home/travis/build/icyphy/ptII/ptolemy/actor/lib/test/auto/SubscriptionAggregatorMultiply.xml (RunModel)" time="0.014" />
  <testcase classname="ptolemy.util.test.junit.AutoTests" name="[356] /home/travis/build/icyphy/ptII/ptolemy/actor/lib/test/auto/SubscriptionAggregatorPortMultiply1.xml (RunModel)" time="0.014" />
  <testcase classname="ptolemy.util.test.junit.AutoTests" name="[357] /home/travis/build/icyphy/ptII/ptolemy/actor/lib/test/auto/Switch.xml (RunModel)" time="0.014" />
  <testcase classname="ptolemy.util.test.junit.AutoTests" name="[358] /home/travis/build/icyphy/ptII/ptolemy/actor/lib/test/auto/Switch2.xml (RunModel)" time="0.01" />
  <testcase classname="ptolemy.util.test.junit.AutoTests" name="[359] /home/travis/build/icyphy/ptII/ptolemy/actor/lib/test/auto/SwitchDE.xml (RunModel)" time="0.012" />
  <testcase classname="ptolemy.util.test.junit.AutoTests" name="[360] /home/travis/build/icyphy/ptII/ptolemy/actor/lib/test/auto/SynchronizerDE.xml (RunModel)" time="0.017" />
  <testcase classname="ptolemy.util.test.junit.AutoTests" name="[361] /home/travis/build/icyphy/ptII/ptolemy/actor/lib/test/auto/Test.xml (RunModel)" time="0.009" />
  <testcase classname="ptolemy.util.test.junit.AutoTests" name="[362] /home/travis/build/icyphy/ptII/ptolemy/actor/lib/test/auto/TestExceptionAttribute1.xml (RunModel)" time="0.006" />
  <testcase classname="ptolemy.util.test.junit.AutoTests" name="[363] /home/travis/build/icyphy/ptII/ptolemy/actor/lib/test/auto/TestExceptionAttribute2.xml (RunModel)" time="0.005" />
  <testcase classname="ptolemy.util.test.junit.AutoTests" name="[364] /home/travis/build/icyphy/ptII/ptolemy/actor/lib/test/auto/TestExceptionAttribute3.xml (RunModel)" time="0.005" />
  <testcase classname="ptolemy.util.test.junit.AutoTests" name="[365] /home/travis/build/icyphy/ptII/ptolemy/actor/lib/test/auto/TestExceptionAttribute4.xml (RunModel)" time="0.005" />
  <testcase classname="ptolemy.util.test.junit.AutoTests" name="[366] /home/travis/build/icyphy/ptII/ptolemy/actor/lib/test/auto/TestExceptionHandler1.xml (RunModel)" time="0.004" />
  <testcase classname="ptolemy.util.test.junit.AutoTests" name="[367] /home/travis/build/icyphy/ptII/ptolemy/actor/lib/test/auto/TestExceptionHandler2.xml (RunModel)" time="0.005" />
  <testcase classname="ptolemy.util.test.junit.AutoTests" name="[368] /home/travis/build/icyphy/ptII/ptolemy/actor/lib/test/auto/TestExceptionHandler3.xml (RunModel)" time="0.005" />
  <testcase classname="ptolemy.util.test.junit.AutoTests" name="[369] /home/travis/build/icyphy/ptII/ptolemy/actor/lib/test/auto/TestExceptionHandler4.xml (RunModel)" time="0.005" />
  <testcase classname="ptolemy.util.test.junit.AutoTests" name="[370] /home/travis/build/icyphy/ptII/ptolemy/actor/lib/test/auto/TestRequireCorrectOrder.xml (RunModel)" time="0.008" />
  <testcase classname="ptolemy.util.test.junit.AutoTests" name="[371] /home/travis/build/icyphy/ptII/ptolemy/actor/lib/test/auto/TestSimple.xml (RunModel)" time="0.006" />
  <testcase classname="ptolemy.util.test.junit.AutoTests" name="[372] /home/travis/build/icyphy/ptII/ptolemy/actor/lib/test/auto/ThrowModelError.xml (RunModel)" time="0.01" />
  <testcase classname="ptolemy.util.test.junit.AutoTests" name="[373] /home/travis/build/icyphy/ptII/ptolemy/actor/lib/test/auto/TimeDelayMicrosteps.xml (RunModel)" time="0.011" />
  <testcase classname="ptolemy.util.test.junit.AutoTests" name="[374] /home/travis/build/icyphy/ptII/ptolemy/actor/lib/test/auto/TimeDelayMicrosteps2.xml (RunModel)" time="0.014" />
  <testcase classname="ptolemy.util.test.junit.AutoTests" name="[375] /home/travis/build/icyphy/ptII/ptolemy/actor/lib/test/auto/TimeDelayMicrosteps3.xml (RunModel)" time="0.011" />
  <testcase classname="ptolemy.util.test.junit.AutoTests" name="[376] /home/travis/build/icyphy/ptII/ptolemy/actor/lib/test/auto/TimeDelayVariableMicrosteps.xml (RunModel)" time="0.01" />
  <testcase classname="ptolemy.util.test.junit.AutoTests" name="[377] /home/travis/build/icyphy/ptII/ptolemy/actor/lib/test/auto/TimeGap.xml (RunModel)" time="0.011" />
  <testcase classname="ptolemy.util.test.junit.AutoTests" name="[378] /home/travis/build/icyphy/ptII/ptolemy/actor/lib/test/auto/TimeGap2.xml (RunModel)" time="0.01" />
  <testcase classname="ptolemy.util.test.junit.AutoTests" name="[379] /home/travis/build/icyphy/ptII/ptolemy/actor/lib/test/auto/TimedSinewave.xml (RunModel)" time="0.036" />
  <testcase classname="ptolemy.util.test.junit.AutoTests" name="[380] /home/travis/build/icyphy/ptII/ptolemy/actor/lib/test/auto/TimedSinewavePhase.xml (RunModel)" time="0.04" />
  <testcase classname="ptolemy.util.test.junit.AutoTests" name="[381] /home/travis/build/icyphy/ptII/ptolemy/actor/lib/test/auto/Timer.xml (RunModel)" time="0.011" />
  <testcase classname="ptolemy.util.test.junit.AutoTests" name="[382] /home/travis/build/icyphy/ptII/ptolemy/actor/lib/test/auto/TriangularDistTestModel.xml (RunModel)" time="0.02" />
  <testcase classname="ptolemy.util.test.junit.AutoTests" name="[383] /home/travis/build/icyphy/ptII/ptolemy/actor/lib/test/auto/TrigFunction.xml (RunModel)" time="0.011" />
  <testcase classname="ptolemy.util.test.junit.AutoTests" name="[384] /home/travis/build/icyphy/ptII/ptolemy/actor/lib/test/auto/TrigFunctionDE.xml (RunModel)" time="0.01" />
  <testcase classname="ptolemy.util.test.junit.AutoTests" name="[385] /home/travis/build/icyphy/ptII/ptolemy/actor/lib/test/auto/TrigFunctionInverse.xml (RunModel)" time="0.009" />
  <testcase classname="ptolemy.util.test.junit.AutoTests" name="[386] /home/travis/build/icyphy/ptII/ptolemy/actor/lib/test/auto/TrigFunctionTan.xml (RunModel)" time="0.007" />
  <testcase classname="ptolemy.util.test.junit.AutoTests" name="[387] /home/travis/build/icyphy/ptII/ptolemy/actor/lib/test/auto/TriggeredClock.xml (RunModel)" time="0.009" />
  <testcase classname="ptolemy.util.test.junit.AutoTests" name="[388] /home/travis/build/icyphy/ptII/ptolemy/actor/lib/test/auto/URLDirectoryReader.xml (RunModel)" time="0.121" />
  <testcase classname="ptolemy.util.test.junit.AutoTests" name="[389] /home/travis/build/icyphy/ptII/ptolemy/actor/lib/test/auto/URLDirectoryReader3.xml (RunModel)" time="1.244" />
  <testcase classname="ptolemy.util.test.junit.AutoTests" name="[390] /home/travis/build/icyphy/ptII/ptolemy/actor/lib/test/auto/UnaryMathFunction.xml (RunModel)" time="0.036" />
  <testcase classname="ptolemy.util.test.junit.AutoTests" name="[391] /home/travis/build/icyphy/ptII/ptolemy/actor/lib/test/auto/Uniform.xml (RunModel)" time="0.011" />
  <testcase classname="ptolemy.util.test.junit.AutoTests" name="[392] /home/travis/build/icyphy/ptII/ptolemy/actor/lib/test/auto/UnionDisassemblerTest.xml (RunModel)" time="0.007" />
  <testcase classname="ptolemy.util.test.junit.AutoTests" name="[393] /home/travis/build/icyphy/ptII/ptolemy/actor/lib/test/auto/UtilityFunctions.xml (RunModel)" time="0.007" />
  <testcase classname="ptolemy.util.test.junit.AutoTests" name="[394] /home/travis/build/icyphy/ptII/ptolemy/actor/lib/test/auto/VariableSleep.xml (RunModel)" time="0.512" />
  <testcase classname="ptolemy.util.test.junit.AutoTests" name="[395] /home/travis/build/icyphy/ptII/ptolemy/actor/lib/test/auto/VectorAssemblerDisassemblerCT.xml (RunModel)" time="0.1" />
  <testcase classname="ptolemy.util.test.junit.AutoTests" name="[396] /home/travis/build/icyphy/ptII/ptolemy/actor/lib/test/auto/VectorAssemblerDisassemblerDE.xml (RunModel)" time="0.013" />
  <testcase classname="ptolemy.util.test.junit.AutoTests" name="[397] /home/travis/build/icyphy/ptII/ptolemy/actor/lib/test/auto/VectorAssemblerDisassemblerSDF.xml (RunModel)" time="0.017" />
  <testcase classname="ptolemy.util.test.junit.AutoTests" name="[398] /home/travis/build/icyphy/ptII/ptolemy/actor/lib/test/auto/WallClockTime.xml (RunModel)" time="1.014" />
  <testcase classname="ptolemy.util.test.junit.AutoTests" name="[399] /home/travis/build/icyphy/ptII/ptolemy/actor/lib/test/auto/WidthTestWithSubscriberPublisher.xml (RunModel)" time="0.073" />
  <testcase classname="ptolemy.util.test.junit.AutoTests" name="[400] /home/travis/build/icyphy/ptII/ptolemy/actor/lib/test/auto/WidthTestWithSubscriberPublisher2.xml (RunModel)" time="0.021" />
  <testcase classname="ptolemy.util.test.junit.AutoTests" name="[401] /home/travis/build/icyphy/ptII/ptolemy/actor/lib/test/auto/WidthTestWithSubscriberPublisher3.xml (RunModel)" time="0.027" />
  <testcase classname="ptolemy.util.test.junit.AutoTests" name="[402] /home/travis/build/icyphy/ptII/ptolemy/actor/lib/test/auto/Writer.xml (RunModel)" time="0.008" />
  <testcase classname="ptolemy.util.test.junit.AutoTests" name="[403] /home/travis/build/icyphy/ptII/ptolemy/actor/lib/test/auto/array.xml (RunModel)" time="0.009" />
  <testcase classname="ptolemy.util.test.junit.AutoTests" name="[404] /home/travis/build/icyphy/ptII/ptolemy/actor/lib/test/auto/array2.xml (RunModel)" time="0.018" />
  <testcase classname="ptolemy.util.test.junit.AutoTests" name="[405] /home/travis/build/icyphy/ptII/ptolemy/actor/lib/test/auto/arrayType.xml (RunModel)" time="0.011" />
  <testcase classname="ptolemy.util.test.junit.AutoTests" name="[406] /home/travis/build/icyphy/ptII/ptolemy/actor/lib/test/auto/arrayType10.xml (RunModel)" time="0.009" />
  <testcase classname="ptolemy.util.test.junit.AutoTests" name="[407] /home/travis/build/icyphy/ptII/ptolemy/actor/lib/test/auto/arrayType11.xml (RunModel)" time="0.009" />
  <testcase classname="ptolemy.util.test.junit.AutoTests" name="[408] /home/travis/build/icyphy/ptII/ptolemy/actor/lib/test/auto/arrayType12.xml (RunModel)" time="0.01" />
  <testcase classname="ptolemy.util.test.junit.AutoTests" name="[409] /home/travis/build/icyphy/ptII/ptolemy/actor/lib/test/auto/arrayType13.xml (RunModel)" time="0.009" />
  <testcase classname="ptolemy.util.test.junit.AutoTests" name="[410] /home/travis/build/icyphy/ptII/ptolemy/actor/lib/test/auto/arrayType14.xml (RunModel)" time="0.01" />
  <testcase classname="ptolemy.util.test.junit.AutoTests" name="[411] /home/travis/build/icyphy/ptII/ptolemy/actor/lib/test/auto/arrayType15.xml (RunModel)" time="0.009" />
  <testcase classname="ptolemy.util.test.junit.AutoTests" name="[412] /home/travis/build/icyphy/ptII/ptolemy/actor/lib/test/auto/arrayType16.xml (RunModel)" time="0.01" />
  <testcase classname="ptolemy.util.test.junit.AutoTests" name="[413] /home/travis/build/icyphy/ptII/ptolemy/actor/lib/test/auto/arrayType17.xml (RunModel)" time="0.011" />
  <testcase classname="ptolemy.util.test.junit.AutoTests" name="[414] /home/travis/build/icyphy/ptII/ptolemy/actor/lib/test/auto/arrayType18.xml (RunModel)" time="0.011" />
  <testcase classname="ptolemy.util.test.junit.AutoTests" name="[415] /home/travis/build/icyphy/ptII/ptolemy/actor/lib/test/auto/arrayType19.xml (RunModel)" time="0.011" />
  <testcase classname="ptolemy.util.test.junit.AutoTests" name="[416] /home/travis/build/icyphy/ptII/ptolemy/actor/lib/test/auto/arrayType2.xml (RunModel)" time="0.012" />
  <testcase classname="ptolemy.util.test.junit.AutoTests" name="[417] /home/travis/build/icyphy/ptII/ptolemy/actor/lib/test/auto/arrayType20.xml (RunModel)" time="0.01" />
  <testcase classname="ptolemy.util.test.junit.AutoTests" name="[418] /home/travis/build/icyphy/ptII/ptolemy/actor/lib/test/auto/arrayType21.xml (RunModel)" time="0.009" />
  <testcase classname="ptolemy.util.test.junit.AutoTests" name="[419] /home/travis/build/icyphy/ptII/ptolemy/actor/lib/test/auto/arrayType22.xml (RunModel)" time="0.01" />
  <testcase classname="ptolemy.util.test.junit.AutoTests" name="[420] /home/travis/build/icyphy/ptII/ptolemy/actor/lib/test/auto/arrayType23.xml (RunModel)" time="0.01" />
  <testcase classname="ptolemy.util.test.junit.AutoTests" name="[421] /home/travis/build/icyphy/ptII/ptolemy/actor/lib/test/auto/arrayType24.xml (RunModel)" time="0.012" />
  <testcase classname="ptolemy.util.test.junit.AutoTests" name="[422] /home/travis/build/icyphy/ptII/ptolemy/actor/lib/test/auto/arrayType25.xml (RunModel)" time="0.01" />
  <testcase classname="ptolemy.util.test.junit.AutoTests" name="[423] /home/travis/build/icyphy/ptII/ptolemy/actor/lib/test/auto/arrayType26.xml (RunModel)" time="0.011" />
  <testcase classname="ptolemy.util.test.junit.AutoTests" name="[424] /home/travis/build/icyphy/ptII/ptolemy/actor/lib/test/auto/arrayType27.xml (RunModel)" time="0.011" />
  <testcase classname="ptolemy.util.test.junit.AutoTests" name="[425] /home/travis/build/icyphy/ptII/ptolemy/actor/lib/test/auto/arrayType28.xml (RunModel)" time="0.012" />
  <testcase classname="ptolemy.util.test.junit.AutoTests" name="[426] /home/travis/build/icyphy/ptII/ptolemy/actor/lib/test/auto/arrayType3.xml (RunModel)" time="0.01" />
  <testcase classname="ptolemy.util.test.junit.AutoTests" name="[427] /home/travis/build/icyphy/ptII/ptolemy/actor/lib/test/auto/arrayType4.xml (RunModel)" time="0.011" />
  <testcase classname="ptolemy.util.test.junit.AutoTests" name="[428] /home/travis/build/icyphy/ptII/ptolemy/actor/lib/test/auto/arrayType5.xml (RunModel)" time="0.014" />
  <testcase classname="ptolemy.util.test.junit.AutoTests" name="[429] /home/travis/build/icyphy/ptII/ptolemy/actor/lib/test/auto/arrayType6.xml (RunModel)" time="0.014" />
  <testcase classname="ptolemy.util.test.junit.AutoTests" name="[430] /home/travis/build/icyphy/ptII/ptolemy/actor/lib/test/auto/arrayType7.xml (RunModel)" time="0.012" />
  <testcase classname="ptolemy.util.test.junit.AutoTests" name="[431] /home/travis/build/icyphy/ptII/ptolemy/actor/lib/test/auto/arrayType8.xml (RunModel)" time="0.022" />
  <testcase classname="ptolemy.util.test.junit.AutoTests" name="[432] /home/travis/build/icyphy/ptII/ptolemy/actor/lib/test/auto/arrayType9.xml (RunModel)" time="0.008" />
  <testcase classname="ptolemy.util.test.junit.AutoTests" name="[433] /home/travis/build/icyphy/ptII/ptolemy/actor/lib/test/auto/cast.xml (RunModel)" time="0.008" />
  <testcase classname="ptolemy.util.test.junit.AutoTests" name="[434] /home/travis/build/icyphy/ptII/ptolemy/actor/lib/test/auto/compositeMultiPort.xml (RunModel)" time="0.017" />
  <testcase classname="ptolemy.util.test.junit.AutoTests" name="[435] /home/travis/build/icyphy/ptII/ptolemy/actor/lib/test/auto/expressionCastInference.xml (RunModel)" time="0.008" />
  <testcase classname="ptolemy.util.test.junit.AutoTests" name="[436] /home/travis/build/icyphy/ptII/ptolemy/actor/lib/test/auto/expressionCastInference2.xml (RunModel)" time="0.008" />
  <testcase classname="ptolemy.util.test.junit.AutoTests" name="[437] /home/travis/build/icyphy/ptII/ptolemy/actor/lib/test/auto/expressionInference.xml (RunModel)" time="0.007" />
  <testcase classname="ptolemy.util.test.junit.AutoTests" name="[438] /home/travis/build/icyphy/ptII/ptolemy/actor/lib/test/auto/expression_bug.xml (RunModel)" time="0.007" />
  <testcase classname="ptolemy.util.test.junit.AutoTests" name="[439] /home/travis/build/icyphy/ptII/ptolemy/actor/lib/test/auto/factorial.xml (RunModel)" time="0.038" />
  <testcase classname="ptolemy.util.test.junit.AutoTests" name="[440] /home/travis/build/icyphy/ptII/ptolemy/actor/lib/test/auto/filterTest1.xml (RunModel)" time="0.013" />
  <testcase classname="ptolemy.util.test.junit.AutoTests" name="[441] /home/travis/build/icyphy/ptII/ptolemy/actor/lib/test/auto/funcApplyInConst.xml (RunModel)" time="0.006" />
  <testcase classname="ptolemy.util.test.junit.AutoTests" name="[442] /home/travis/build/icyphy/ptII/ptolemy/actor/lib/test/auto/funcApplyInExpr.xml (RunModel)" time="0.006" />
  <testcase classname="ptolemy.util.test.junit.AutoTests" name="[443] /home/travis/build/icyphy/ptII/ptolemy/actor/lib/test/auto/function.xml (RunModel)" time="0.011" />
  <testcase classname="ptolemy.util.test.junit.AutoTests" name="[444] /home/travis/build/icyphy/ptII/ptolemy/actor/lib/test/auto/function2.xml (RunModel)" time="0.009" />
  <testcase classname="ptolemy.util.test.junit.AutoTests" name="[445] /home/travis/build/icyphy/ptII/ptolemy/actor/lib/test/auto/function3.xml (RunModel)" time="0.01" />
  <testcase classname="ptolemy.util.test.junit.AutoTests" name="[446] /home/travis/build/icyphy/ptII/ptolemy/actor/lib/test/auto/functionClosureTest1.xml (RunModel)" time="0.011" />
  <testcase classname="ptolemy.util.test.junit.AutoTests" name="[447] /home/travis/build/icyphy/ptII/ptolemy/actor/lib/test/auto/functionClosureTest2.xml (RunModel)" time="0.007" />
  <testcase classname="ptolemy.util.test.junit.AutoTests" name="[448] /home/travis/build/icyphy/ptII/ptolemy/actor/lib/test/auto/functionClosureTest3.xml (RunModel)" time="0.009" />
  <testcase classname="ptolemy.util.test.junit.AutoTests" name="[449] /home/travis/build/icyphy/ptII/ptolemy/actor/lib/test/auto/functionClosureTest4.xml (RunModel)" time="0.012" />
  <testcase classname="ptolemy.util.test.junit.AutoTests" name="[450] /home/travis/build/icyphy/ptII/ptolemy/actor/lib/test/auto/functionClosureTest5.xml (RunModel)" time="0.01" />
  <testcase classname="ptolemy.util.test.junit.AutoTests" name="[451] /home/travis/build/icyphy/ptII/ptolemy/actor/lib/test/auto/functionClosureTest6.xml (RunModel)" time="0.007" />
  <testcase classname="ptolemy.util.test.junit.AutoTests" name="[452] /home/travis/build/icyphy/ptII/ptolemy/actor/lib/test/auto/functionsOnArcs.xml (RunModel)" time="0.009" />
  <testcase classname="ptolemy.util.test.junit.AutoTests" name="[453] /home/travis/build/icyphy/ptII/ptolemy/actor/lib/test/auto/functionsOnArcsHOF.xml (RunModel)" time="0.011" />
  <testcase classname="ptolemy.util.test.junit.AutoTests" name="[454] /home/travis/build/icyphy/ptII/ptolemy/actor/lib/test/auto/logic.xml (RunModel)" time="0.016" />
  <testcase classname="ptolemy.util.test.junit.AutoTests" name="[455] /home/travis/build/icyphy/ptII/ptolemy/actor/lib/test/auto/matrixType.xml (RunModel)" time="0.011" />
  <testcase classname="ptolemy.util.test.junit.AutoTests" name="[456] /home/travis/build/icyphy/ptII/ptolemy/actor/lib/test/auto/matrixType10.xml (RunModel)" time="0.008" />
  <testcase classname="ptolemy.util.test.junit.AutoTests" name="[457] /home/travis/build/icyphy/ptII/ptolemy/actor/lib/test/auto/matrixType11.xml (RunModel)" time="0.008" />
  <testcase classname="ptolemy.util.test.junit.AutoTests" name="[458] /home/travis/build/icyphy/ptII/ptolemy/actor/lib/test/auto/matrixType12.xml (RunModel)" time="0.008" />
  <testcase classname="ptolemy.util.test.junit.AutoTests" name="[459] /home/travis/build/icyphy/ptII/ptolemy/actor/lib/test/auto/matrixType13.xml (RunModel)" time="0.008" />
  <testcase classname="ptolemy.util.test.junit.AutoTests" name="[460] /home/travis/build/icyphy/ptII/ptolemy/actor/lib/test/auto/matrixType14.xml (RunModel)" time="0.009" />
  <testcase classname="ptolemy.util.test.junit.AutoTests" name="[461] /home/travis/build/icyphy/ptII/ptolemy/actor/lib/test/auto/matrixType2.xml (RunModel)" time="0.008" />
  <testcase classname="ptolemy.util.test.junit.AutoTests" name="[462] /home/travis/build/icyphy/ptII/ptolemy/actor/lib/test/auto/matrixType3.xml (RunModel)" time="0.01" />
  <testcase classname="ptolemy.util.test.junit.AutoTests" name="[463] /home/travis/build/icyphy/ptII/ptolemy/actor/lib/test/auto/matrixType4.xml (RunModel)" time="0.007" />
  <testcase classname="ptolemy.util.test.junit.AutoTests" name="[464] /home/travis/build/icyphy/ptII/ptolemy/actor/lib/test/auto/matrixType5.xml (RunModel)" time="0.007" />
  <testcase classname="ptolemy.util.test.junit.AutoTests" name="[465] /home/travis/build/icyphy/ptII/ptolemy/actor/lib/test/auto/matrixType6.xml (RunModel)" time="0.007" />
  <testcase classname="ptolemy.util.test.junit.AutoTests" name="[466] /home/travis/build/icyphy/ptII/ptolemy/actor/lib/test/auto/matrixType7.xml (RunModel)" time="0.008" />
  <testcase classname="ptolemy.util.test.junit.AutoTests" name="[467] /home/travis/build/icyphy/ptII/ptolemy/actor/lib/test/auto/matrixType8.xml (RunModel)" time="0.008" />
  <testcase classname="ptolemy.util.test.junit.AutoTests" name="[468] /home/travis/build/icyphy/ptII/ptolemy/actor/lib/test/auto/matrixType9.xml (RunModel)" time="0.007" />
  <testcase classname="ptolemy.util.test.junit.AutoTests" name="[469] /home/travis/build/icyphy/ptII/ptolemy/actor/lib/test/auto/paraFunctest.xml (RunModel)" time="0.007" />
  <testcase classname="ptolemy.util.test.junit.AutoTests" name="[470] /home/travis/build/icyphy/ptII/ptolemy/actor/lib/test/auto/paraFunctest2.xml (RunModel)" time="0.01" />
  <testcase classname="ptolemy.util.test.junit.AutoTests" name="[471] /home/travis/build/icyphy/ptII/ptolemy/actor/lib/test/auto/parameterPassing.xml (RunModel)" time="0.009" />
  <testcase classname="ptolemy.util.test.junit.AutoTests" name="[472] /home/travis/build/icyphy/ptII/ptolemy/actor/lib/test/auto/record.xml (RunModel)" time="0.009" />
  <testcase classname="ptolemy.util.test.junit.AutoTests" name="[473] /home/travis/build/icyphy/ptII/ptolemy/actor/lib/test/auto/sizedarray1.xml (RunModel)" time="0.009" />
  <testcase classname="ptolemy.util.test.junit.AutoTests" name="[474] /home/travis/build/icyphy/ptII/ptolemy/actor/lib/test/auto/sizedarray2.xml (RunModel)" time="0.01" />
  <testcase classname="ptolemy.util.test.junit.AutoTests" name="[475] /home/travis/build/icyphy/ptII/ptolemy/actor/lib/test/auto/twoPublishers.xml (RunModel)" time="0.019" />
  <system-out><![CDATA[/home/travis/build/icyphy/ptII/ptolemy/actor/lib/test/AbsoluteValue.tcl
testDefs.tcl: setting time out to 9000 seconds at Tue Apr 16 04:00:30 UTC 2019
84 ms. Memory: 116224K Free: 109662K (94%)
4 ms. Memory: 116224K Free: 108468K (93%)
4 ms. Memory: 116224K Free: 107878K (93%)
4 ms. Memory: 116224K Free: 106698K (92%)
/home/travis/build/icyphy/ptII/ptolemy/actor/lib/test/AddSubtract.tcl
8 ms. Memory: 116224K Free: 104898K (90%)
5 ms. Memory: 116224K Free: 104269K (90%)
5 ms. Memory: 116224K Free: 103090K (89%)
5 ms. Memory: 116224K Free: 102485K (88%)
11 ms. Memory: 116224K Free: 101896K (88%)
9 ms. Memory: 116224K Free: 100709K (87%)
/home/travis/build/icyphy/ptII/ptolemy/actor/lib/test/Average.tcl
6 ms. Memory: 116224K Free: 99522K (86%)
6 ms. Memory: 116224K Free: 97714K (84%)
/home/travis/build/icyphy/ptII/ptolemy/actor/lib/test/Bernoulli.tcl
5 ms. Memory: 116224K Free: 96512K (83%)
2 ms. Memory: 116224K Free: 95907K (83%)
/home/travis/build/icyphy/ptII/ptolemy/actor/lib/test/Clock.tcl
preinitializing
resolving types
initializing
executing number 1
wrapping up
idle
18 ms. Memory: 116224K Free: 93502K (80%)
Completed execution with 5 iterations
preinitializing
resolving types
initializing
executing number 1
wrapping up
idle
3 ms. Memory: 116224K Free: 92896K (80%)
Completed execution with 5 iterations
preinitializing
resolving types
initializing
executing number 1
wrapping up
idle
9 ms. Memory: 116224K Free: 92291K (79%)
Completed execution with 5 iterations
/home/travis/build/icyphy/ptII/ptolemy/actor/lib/test/Commutator.tcl
14 ms. Memory: 116224K Free: 90490K (78%)
13 ms. Memory: 116224K Free: 89296K (77%)
19 ms. Memory: 116224K Free: 84327K (73%)
/home/travis/build/icyphy/ptII/ptolemy/actor/lib/test/Const.tcl
4 ms. Memory: 116224K Free: 81938K (71%)
15 ms. Memory: 116224K Free: 81938K (71%)
2 ms. Memory: 116224K Free: 81349K (70%)
12 ms. Memory: 146944K Free: 140405K (96%)
6 ms. Memory: 146944K Free: 140405K (96%)
19 ms. Memory: 146944K Free: 139207K (95%)
4 ms. Memory: 146944K Free: 137625K (94%)
3 ms. Memory: 146944K Free: 136443K (93%)
/home/travis/build/icyphy/ptII/ptolemy/actor/lib/test/CurrentTime.tcl
preinitializing
resolving types
initializing
executing number 1
wrapping up
idle
19 ms. Memory: 146944K Free: 134079K (91%)
Completed execution with 11 iterations
/home/travis/build/icyphy/ptII/ptolemy/actor/lib/test/DB.tcl
3 ms. Memory: 146944K Free: 132897K (90%)
6 ms. Memory: 146944K Free: 131699K (90%)
2 ms. Memory: 146944K Free: 131699K (90%)
/home/travis/build/icyphy/ptII/ptolemy/actor/lib/test/DiscreteRandomSource.tcl
preinitializing
resolving types
initializing
executing number 1
wrapping up
idle
8 ms. Memory: 146944K Free: 130517K (89%)
Completed execution with 4 iterations
preinitializing
resolving types
initializing
executing number 1
wrapping up
idle
9 ms. Memory: 146944K Free: 129319K (88%)
Completed execution with 4 iterations
preinitializing
resolving types
initializing
executing number 1
wrapping up
idle
2 ms. Memory: 146944K Free: 129319K (88%)
Completed execution with 4 iterations
preinitializing
resolving types
initializing
executing number 1
wrapping up
idle
3 ms. Memory: 146944K Free: 128121K (87%)
Completed execution with 4 iterations
preinitializing
resolving types
initializing
executing number 1
wrapping up
idle
4 ms. Memory: 146944K Free: 128121K (87%)
Completed execution with 4 iterations
/home/travis/build/icyphy/ptII/ptolemy/actor/lib/test/Distributor.tcl
5 ms. Memory: 146944K Free: 126939K (86%)
4 ms. Memory: 146944K Free: 125757K (86%)
StreamChangeRequest.changeExecuted(): <deleteEntity name="rec2"/> succeeded
StreamChangeRequest.changeExecuted(): <deleteRelation name="r2"/> succeeded
StreamChangeRequest.changeExecuted(): Record firings per iteration succeeded
4 ms. Memory: 146944K Free: 123386K (84%)
/home/travis/build/icyphy/ptII/ptolemy/actor/lib/test/Exit.tcl
Exit.tcl: this will print a message about Manager.exitAfterWrapup, which can be ignored.
6 ms. Memory: 146944K Free: 120407K (82%)
/home/travis/build/icyphy/ptII/ptolemy/actor/lib/test/Expression.tcl
9 ms. Memory: 146944K Free: 116799K (79%)
2 ms. Memory: 146944K Free: 116799K (79%)
3 ms. Memory: 146944K Free: 115617K (79%)
preinitializing
resolving types
initializing
executing number 1
wrapping up
idle
7 ms. Memory: 146944K Free: 114419K (78%)
Completed execution with 6 iterations
8 ms. Memory: 146944K Free: 113237K (77%)
3 ms. Memory: 146944K Free: 112055K (76%)
12 ms. Memory: 146944K Free: 110873K (75%)
11 ms. Memory: 146944K Free: 109691K (75%)
4 ms. Memory: 146944K Free: 108509K (74%)
/home/travis/build/icyphy/ptII/ptolemy/actor/lib/test/Gaussian.tcl
9 ms. Memory: 146944K Free: 107327K (73%)
sleeping 1 seconds: .............................................................................................................................................................................................................................................................................................................................................................................................................................................................................................................................................................................................................................................................................................................................................................................................................................................................................................................................................................................................................................................................................................................................................................................................................................................................................................................................................................................................................................................................................................................................................................................................................................................................................................................................................................................................................................................................................................................................................................................................................................................................................................................................................................................................................................................................................................................................................................................................................................................................................................................................................................................................................................................................................................................................................................................................................................................................................................................................................................................................................................................................................................................................................................................................................................................................................................................................................................................................................................................................................................................................................................................................................................................................................................................................................................................................................................................................................................................................................................................................................................................................................................................................................................................................................................................................................................................................................................................................................................................................................................................................................................................................................................................................................................................................................................................................................................................................................................................................................................................................................................................................................................................................................................................................................................................................................................................................................................................................................................................................................................................................................................................................................................................................................................................................................................................................................................................................................................................................................................................................................................................................................................................................................................................................................................................................................................................................................................................................................................................................................................................................................................................................................................................................................................................................................................................................................................................................................................................................................................................................................................................................................................................................................................................................................................................................................................................................................................................................................................................................................................................................................................................................................................................................................................................................................................................................................................................................................................................................................................................................................................................................................................................................................................................................................................................................................................................................................................................................................................................................................................................................................................................................................................................................................................................................................................................................................................................................................................................................................................................................................................................................................................................................................................................................................................................................................................................................................................................................................................................................................................................................................................................................................................................................................................................................................................................................................................................................................................................................................................................................................................................................................................................................................................................................................................................................................................................................................................................................................................................................................................................................................................................................................................................................................................................................................................................................................................................................................................................................................................................................................................................................................................................................................................................................................................................................................................................................................................................................................................................................................................................................................................................................................................................................................................................................................................................................................................................................................................................................................................................................................................................................................................................................................................................................................................................................................................................................................................................................................................................................................................................................................................................................................................................................................................................................................................................................................................................................................................................................................................................................................................................................................................................................................................................................................................................................................................................................................................................................................................................................................................................................................................................................................................................................................................................................................................................................................................................................................................................................................................................................................................................................................................................................................................................................................................................................................................................................................................................................................................................................................................................................................................................................................................................................................................................................................................................................................................................................................................................................................................................................................................................................................................................................................................................................................................................................................................................................................................................................................................................................................................................................................................................................................................................................................................................................................................................................................................................................................................................................................................................................................................................................................................................................................................................................................................................................................................................................................................................................................................................................................................................................................................................................................................................................................................................................................................................................................................................................................................................................................................................................................................................................................................................................................................................................................................................................................................................................................................................................................................................................................................................................................................................................................................................................................................................................................................................................................................................................................................................................................................................................................................................................................................................................................................................................................................................................................................................................................................................................................................................................................................................................................................................................................................................................................................................................................................................................................................................................................................................................................................................................................................................................................................................................................................................................................................................................................................................................................................................................................................................................................................................................................................................................................................................................................................................................................................................................................................................................................................................................................................................................................................................................................................................................................................................................................................................................................................................................................................................................................................................................................................................................4 ms. Memory: 146944K Free: 84058K (57%)
2 ms. Memory: 146944K Free: 82617K (56%)
1 ms. Memory: 146944K Free: 81435K (55%)
2 ms. Memory: 146944K Free: 81435K (55%)
2 ms. Memory: 146944K Free: 80536K (55%)
/home/travis/build/icyphy/ptII/ptolemy/actor/lib/test/IIR.tcl
/home/travis/build/icyphy/ptII/ptolemy/actor/lib/test/Interpolator.tcl
2 ms. Memory: 208384K Free: 198163K (95%)
1 ms. Memory: 208384K Free: 198163K (95%)
1 ms. Memory: 208384K Free: 198163K (95%)
2 ms. Memory: 208384K Free: 195766K (94%)
2 ms. Memory: 208384K Free: 195766K (94%)
2 ms. Memory: 208384K Free: 195766K (94%)
3 ms. Memory: 208384K Free: 193369K (93%)
1 ms. Memory: 208384K Free: 193369K (93%)
2 ms. Memory: 208384K Free: 193369K (93%)
9 ms. Memory: 208384K Free: 190972K (92%)
/home/travis/build/icyphy/ptII/ptolemy/actor/lib/test/MathFunction.tcl
5 ms. Memory: 208384K Free: 188576K (90%)
3 ms. Memory: 208384K Free: 188576K (90%)
8 ms. Memory: 208384K Free: 186179K (89%)
2 ms. Memory: 208384K Free: 186179K (89%)
3 ms. Memory: 208384K Free: 186179K (89%)
5 ms. Memory: 208384K Free: 183782K (88%)
/home/travis/build/icyphy/ptII/ptolemy/actor/lib/test/Maximum.tcl
4 ms. Memory: 208384K Free: 181385K (87%)
2 ms. Memory: 208384K Free: 181385K (87%)
2 ms. Memory: 208384K Free: 178989K (86%)
2 ms. Memory: 208384K Free: 178989K (86%)
/home/travis/build/icyphy/ptII/ptolemy/actor/lib/test/Minimum.tcl
3 ms. Memory: 208384K Free: 176592K (85%)
2 ms. Memory: 208384K Free: 176592K (85%)
2 ms. Memory: 208384K Free: 176592K (85%)
2 ms. Memory: 208384K Free: 174195K (84%)
/home/travis/build/icyphy/ptII/ptolemy/actor/lib/test/MultiplyDivide.tcl
4 ms. Memory: 208384K Free: 174195K (84%)
2 ms. Memory: 208384K Free: 171798K (82%)
2 ms. Memory: 208384K Free: 171798K (82%)
3 ms. Memory: 208384K Free: 171798K (82%)
2 ms. Memory: 208384K Free: 169402K (81%)
/home/travis/build/icyphy/ptII/ptolemy/actor/lib/test/OrderedMerge.tcl
Connections changed on port: inputA
Connections changed on port: inputB
Connections changed on port: output
Connections changed on port: output
Connections changed on port: output
Connections changed on port: input
.top. Preinitializing ...
Invoking preinitialize():  .top.OrderedMerge
Called preinitialize()
Invoking preinitialize():  .top.Ramp
Called preinitialize()
Invoking preinitialize():  .top.Ramp2
Called preinitialize()
Invoking preinitialize():  .top.Test
Called preinitialize()
Connections changed on port: inputA
Connections changed on port: output
Connections changed on port: inputB
Connections changed on port: output
Connections changed on port: output
Connections changed on port: input
.top. Finished preinitialize().
Called initialize().
Invoking initialize():  .top.OrderedMerge
Initializing actor: .top.OrderedMerge
Adding a thread: .top.OrderedMerge
Invoking initialize():  .top.Ramp
Initializing actor: .top.Ramp
Adding a thread: .top.Ramp
Invoking initialize():  .top.Ramp2
Initializing actor: .top.Ramp2
Adding a thread: .top.Ramp2
Invoking initialize():  .top.Test
Initializing actor: .top.Test
Adding a thread: .top.Test
-- Starting thread.
Called initialize()
Called prefire()
Called fire()
-- Starting thread.
Called initialize()
Called prefire()
Called fire()
Called postfire()
Called prefire()
Called fire()
-- Starting thread.
Called initialize()
Called prefire()
Called fire()
Called postfire()
Called prefire()
Called fire()
Called fire().
Checking for deadlock:
There are 3 Blocked actors, 0 Stopped actors, and 4 active threads.
Waiting for actors to stop.
-- Starting thread.
Called initialize()
Called prefire()
Called fire()
Checking for deadlock:
There are 2 Blocked actors, 0 Stopped actors, and 4 active threads.
Waiting for actors to stop.
Called postfire()
Called prefire()
Called fire()
Checking for deadlock:
There are 3 Blocked actors, 0 Stopped actors, and 4 active threads.
Waiting for actors to stop.
Read input token from inputA with value 0.0
Next port to read input from is inputB
Called postfire()
Called prefire()
Called fire()
Checking for deadlock:
There are 2 Blocked actors, 0 Stopped actors, and 4 active threads.
Waiting for actors to stop.
Called postfire()
Called prefire()
Called fire()
Checking for deadlock:
There are 3 Blocked actors, 0 Stopped actors, and 4 active threads.
Waiting for actors to stop.
Read input token from inputB with value 0.0
Checking for deadlock:
There are 2 Blocked actors, 0 Stopped actors, and 4 active threads.
Waiting for actors to stop.
-- Read input: 0.0, which is expected to match: 0.0
Called prefire()
Called fire()
Checking for deadlock:
There are 3 Blocked actors, 0 Stopped actors, and 4 active threads.
Waiting for actors to stop.
Sent output token with value 0.0
Next port to read input from is inputA
Called postfire()
Called prefire()
Called fire()
Called postfire()
Called prefire()
Called fire()
Checking for deadlock:
There are 3 Blocked actors, 0 Stopped actors, and 4 active threads.
Waiting for actors to stop.
Read input token from inputA with value 1.0
-- Read input: 0.0, which is expected to match: 0.0
Called prefire()
Called fire()
Checking for deadlock:
There are 3 Blocked actors, 0 Stopped actors, and 4 active threads.
Waiting for actors to stop.
Sent output token with value 0.0
Next port to read input from is inputB
Called postfire()
Called prefire()
Called fire()
Checking for deadlock:
There are 2 Blocked actors, 0 Stopped actors, and 4 active threads.
Waiting for actors to stop.
Called postfire()
Called prefire()
Called fire()
Checking for deadlock:
There are 3 Blocked actors, 0 Stopped actors, and 4 active threads.
Waiting for actors to stop.
Read input token from inputB with value 1.5
Checking for deadlock:
There are 2 Blocked actors, 0 Stopped actors, and 4 active threads.
Waiting for actors to stop.
-- Read input: 1.0, which is expected to match: 1.0
Called prefire()
Called fire()
Checking for deadlock:
There are 3 Blocked actors, 0 Stopped actors, and 4 active threads.
Waiting for actors to stop.
Sent output token with value 1.0
Next port to read input from is inputA
Called postfire()
Called prefire()
Called fire()
Called postfire()
Called prefire()
Called fire()
Checking for deadlock:
There are 3 Blocked actors, 0 Stopped actors, and 4 active threads.
Waiting for actors to stop.
Read input token from inputA with value 2.0
-- Read input: 1.5, which is expected to match: 1.5
Called prefire()
Called fire()
Checking for deadlock:
There are 3 Blocked actors, 0 Stopped actors, and 4 active threads.
Waiting for actors to stop.
Sent output token with value 1.5
Next port to read input from is inputB
Called postfire()
Called prefire()
Called fire()
Checking for deadlock:
There are 2 Blocked actors, 0 Stopped actors, and 4 active threads.
Waiting for actors to stop.
Called postfire()
Called prefire()
Called fire()
Checking for deadlock:
There are 3 Blocked actors, 0 Stopped actors, and 4 active threads.
Waiting for actors to stop.
Read input token from inputB with value 3.0
Checking for deadlock:
There are 2 Blocked actors, 0 Stopped actors, and 4 active threads.
Waiting for actors to stop.
-- Read input: 2.0, which is expected to match: 2.0
Called prefire()
Called fire()
Checking for deadlock:
There are 3 Blocked actors, 0 Stopped actors, and 4 active threads.
Waiting for actors to stop.
Sent output token with value 2.0
Next port to read input from is inputA
Called postfire()
Called prefire()
Called fire()
Called postfire()
Called prefire()
Called fire()
Checking for deadlock:
There are 3 Blocked actors, 0 Stopped actors, and 4 active threads.
Waiting for actors to stop.
Read input token from inputA with value 3.0
-- Read input: 3.0, which is expected to match: 3.0
Called prefire()
Called fire()
Checking for deadlock:
There are 3 Blocked actors, 0 Stopped actors, and 4 active threads.
Waiting for actors to stop.
Sent output token with value 3.0
Next port to read input from is inputB
Called postfire()
Called prefire()
Called fire()
Checking for deadlock:
There are 2 Blocked actors, 0 Stopped actors, and 4 active threads.
Waiting for actors to stop.
Called postfire()
Called prefire()
Called fire()
Checking for deadlock:
There are 3 Blocked actors, 0 Stopped actors, and 4 active threads.
Waiting for actors to stop.
Read input token from inputB with value 4.5
Checking for deadlock:
There are 2 Blocked actors, 0 Stopped actors, and 4 active threads.
Waiting for actors to stop.
-- Read input: 3.0, which is expected to match: 3.0
Called prefire()
Called fire()
Checking for deadlock:
There are 3 Blocked actors, 0 Stopped actors, and 4 active threads.
Waiting for actors to stop.
Sent output token with value 3.0
Next port to read input from is inputA
Called postfire()
Called prefire()
Called fire()
Called postfire()
Called prefire()
Called fire()
Checking for deadlock:
There are 3 Blocked actors, 0 Stopped actors, and 4 active threads.
Waiting for actors to stop.
Read input token from inputA with value 4.0
-- Read input: 4.0, which is expected to match: 4.0
Called prefire()
Called fire()
Past the end of training data. Read and discard all inputs.
Checking for deadlock:
There are 3 Blocked actors, 0 Stopped actors, and 4 active threads.
Waiting for actors to stop.
Sent output token with value 4.0
Next port to read input from is inputA
Called postfire()
Called prefire()
Called fire()
Called postfire()
Called prefire()
Called fire()
Checking for deadlock:
There are 3 Blocked actors, 0 Stopped actors, and 4 active threads.
Waiting for actors to stop.
Read input token from inputA with value 5.0
Called prefire()
Called fire()
Past the end of training data. Read and discard all inputs.
Checking for deadlock:
There are 3 Blocked actors, 0 Stopped actors, and 4 active threads.
Waiting for actors to stop.
Sent output token with value 4.5
Next port to read input from is inputB
Called postfire()
Called prefire()
Called fire()
Checking for deadlock:
There are 2 Blocked actors, 0 Stopped actors, and 4 active threads.
Waiting for actors to stop.
Called postfire()
Called prefire()
Called fire()
Checking for deadlock:
There are 3 Blocked actors, 0 Stopped actors, and 4 active threads.
Waiting for actors to stop.
Read input token from inputB with value 6.0
Checking for deadlock:
There are 2 Blocked actors, 0 Stopped actors, and 4 active threads.
Waiting for actors to stop.
Called prefire()
Called fire()
Past the end of training data. Read and discard all inputs.
Checking for deadlock:
There are 3 Blocked actors, 0 Stopped actors, and 4 active threads.
Waiting for actors to stop.
Sent output token with value 5.0
Next port to read input from is inputA
Called postfire()
Called prefire()
Called fire()
Called postfire()
Called prefire()
Called fire()
Checking for deadlock:
There are 3 Blocked actors, 0 Stopped actors, and 4 active threads.
Waiting for actors to stop.
Read input token from inputA with value 6.0
Called prefire()
Called fire()
Past the end of training data. Read and discard all inputs.
Checking for deadlock:
There are 3 Blocked actors, 0 Stopped actors, and 4 active threads.
Waiting for actors to stop.
Sent output token with value 6.0
Next port to read input from is inputB
Called postfire()
Called prefire()
Called fire()
Checking for deadlock:
There are 2 Blocked actors, 0 Stopped actors, and 4 active threads.
Waiting for actors to stop.
Called postfire()
Called prefire()
Called fire()
Checking for deadlock:
There are 3 Blocked actors, 0 Stopped actors, and 4 active threads.
Waiting for actors to stop.
Read input token from inputB with value 7.5
Checking for deadlock:
There are 2 Blocked actors, 0 Stopped actors, and 4 active threads.
Waiting for actors to stop.
Called prefire()
Called fire()
Past the end of training data. Read and discard all inputs.
Checking for deadlock:
There are 3 Blocked actors, 0 Stopped actors, and 4 active threads.
Waiting for actors to stop.
Sent output token with value 6.0
Next port to read input from is inputA
Called postfire()
Called prefire()
Called fire()
Called postfire()
Called prefire()
Called fire()
Checking for deadlock:
There are 3 Blocked actors, 0 Stopped actors, and 4 active threads.
Waiting for actors to stop.
Read input token from inputA with value 7.0
Called prefire()
Called fire()
Past the end of training data. Read and discard all inputs.
Checking for deadlock:
There are 3 Blocked actors, 0 Stopped actors, and 4 active threads.
Waiting for actors to stop.
Sent output token with value 7.0
Next port to read input from is inputA
Called postfire()
Called prefire()
Called fire()
-- Thread wrapup() called.
Called wrapup()
Thread .top.Ramp is exiting.
-- Thread stopped.
Checking for deadlock:
There are 2 Blocked actors, 0 Stopped actors, and 3 active threads.
Waiting for actors to stop.
Read input token from inputA with value 8.0
Called prefire()
Called fire()
Past the end of training data. Read and discard all inputs.
Checking for deadlock:
There are 2 Blocked actors, 0 Stopped actors, and 3 active threads.
Waiting for actors to stop.
Sent output token with value 7.5
Next port to read input from is inputB
Called postfire()
Called prefire()
Called fire()
Checking for deadlock:
There are 1 Blocked actors, 0 Stopped actors, and 3 active threads.
Waiting for actors to stop.
Called postfire()
Called prefire()
Called fire()
Checking for deadlock:
There are 2 Blocked actors, 0 Stopped actors, and 3 active threads.
Waiting for actors to stop.
Read input token from inputB with value 9.0
Checking for deadlock:
There are 1 Blocked actors, 0 Stopped actors, and 3 active threads.
Waiting for actors to stop.
Called prefire()
Called fire()
Past the end of training data. Read and discard all inputs.
Checking for deadlock:
There are 2 Blocked actors, 0 Stopped actors, and 3 active threads.
Waiting for actors to stop.
Sent output token with value 8.0
Next port to read input from is inputA
Called postfire()
Called prefire()
Called fire()
Read input token from inputA with value 9.0
Checking for deadlock:
There are 1 Blocked actors, 0 Stopped actors, and 3 active threads.
Waiting for actors to stop.
Called prefire()
Called fire()
Past the end of training data. Read and discard all inputs.
Checking for deadlock:
There are 2 Blocked actors, 0 Stopped actors, and 3 active threads.
Waiting for actors to stop.
Sent output token with value 9.0
Next port to read input from is inputB
Called postfire()
Called prefire()
Called fire()
Checking for deadlock:
There are 1 Blocked actors, 0 Stopped actors, and 3 active threads.
Waiting for actors to stop.
Called postfire()
Called prefire()
Called fire()
Checking for deadlock:
There are 2 Blocked actors, 0 Stopped actors, and 3 active threads.
Waiting for actors to stop.
Read input token from inputB with value 10.5
Checking for deadlock:
There are 1 Blocked actors, 0 Stopped actors, and 3 active threads.
Waiting for actors to stop.
Called prefire()
Called fire()
Past the end of training data. Read and discard all inputs.
Checking for deadlock:
There are 2 Blocked actors, 0 Stopped actors, and 3 active threads.
Waiting for actors to stop.
Sent output token with value 9.0
Next port to read input from is inputA
Called postfire()
Called prefire()
Called fire()
Checking for deadlock:
There are 3 Blocked actors, 0 Stopped actors, and 3 active threads.
Actors have stopped.
Checking for deadlock:
There are 3 Blocked actors, 0 Stopped actors, and 3 active threads.
Deadlock detected.
Resolving Deadlock
Checking for deadlock:
There are 3 Blocked actors, 0 Stopped actors, and 3 active threads.
Artificial Deadlock - increasing queue capacity.
increasing the capacity of receiver ptolemy.actor.TypedIOPort {.top.OrderedMerge.inputB} to 2
Director: Called postfire().
Called postfire().
_stopRequested = false
_stopFireRequested = false
Returning from postfire(): true
Called fire().
Checking for deadlock:
There are 2 Blocked actors, 0 Stopped actors, and 3 active threads.
Waiting for actors to stop.
-- Thread wrapup() called.
Called wrapup()
Thread .top.Ramp2 is exiting.
-- Thread stopped.
Checking for deadlock:
There are 2 Blocked actors, 0 Stopped actors, and 2 active threads.
Actors have stopped.
Checking for deadlock:
There are 2 Blocked actors, 0 Stopped actors, and 2 active threads.
Deadlock detected.
Resolving Deadlock
Checking for deadlock:
There are 2 Blocked actors, 0 Stopped actors, and 2 active threads.
Deadlock detected: no processes blocked on write, but some are blocked on read.
Called postfire().
_stopRequested = false
_stopFireRequested = false
Returning from postfire(): false
Finished deactivating branches.
Called wrapup().
-- Thread wrapup() called.
Called wrapup()
Thread .top.Test is exiting.
-- Thread stopped.
-- Blocked Receiver call threw TerminateProcessException.
-- Thread wrapup() called.
Called wrapup()
Thread .top.OrderedMerge is exiting.
33 ms. Memory: 208384K Free: 162090K (78%)
.top. Preinitializing ...
Invoking preinitialize():  .top.OrderedMerge
Called preinitialize()
Invoking preinitialize():  .top.Ramp
Called preinitialize()
Invoking preinitialize():  .top.Ramp2
Called preinitialize()
Invoking preinitialize():  .top.Test
Called preinitialize()
.top. Finished preinitialize().
Called initialize().
Invoking initialize():  .top.OrderedMerge
Initializing actor: .top.OrderedMerge
Adding a thread: .top.OrderedMerge
Invoking initialize():  .top.Ramp
Initializing actor: .top.Ramp
Adding a thread: .top.Ramp
Invoking initialize():  .top.Ramp2
Initializing actor: .top.Ramp2
Adding a thread: .top.Ramp2
Invoking initialize():  .top.Test
Initializing actor: .top.Test
Adding a thread: .top.Test
-- Thread stopped.
-- Blocked Receiver call threw TerminateProcessException.
-- Starting thread.
Called initialize()
Called prefire()
Called fire()
-- Starting thread.
Called initialize()
Called prefire()
Called fire()
Called postfire()
Called prefire()
Called fire()
-- Starting thread.
Called initialize()
Called prefire()
Called fire()
Called postfire()
Called prefire()
Called fire()
Called fire().
Checking for deadlock:
There are 3 Blocked actors, 0 Stopped actors, and 4 active threads.
Waiting for actors to stop.
-- Starting thread.
Called initialize()
Called prefire()
Called fire()
Checking for deadlock:
There are 2 Blocked actors, 0 Stopped actors, and 4 active threads.
Waiting for actors to stop.
Called postfire()
Called prefire()
Called fire()
Checking for deadlock:
There are 3 Blocked actors, 0 Stopped actors, and 4 active threads.
Waiting for actors to stop.
Read input token from inputA with value 0.0
Next port to read input from is inputB
Called postfire()
Called prefire()
Called fire()
Checking for deadlock:
There are 2 Blocked actors, 0 Stopped actors, and 4 active threads.
Waiting for actors to stop.
Called postfire()
Called prefire()
Called fire()
Checking for deadlock:
There are 3 Blocked actors, 0 Stopped actors, and 4 active threads.
Waiting for actors to stop.
Read input token from inputB with value 0.0
Checking for deadlock:
There are 2 Blocked actors, 0 Stopped actors, and 4 active threads.
Waiting for actors to stop.
-- Read input: 0.0, which is expected to match: 0.0
Called prefire()
Called fire()
Checking for deadlock:
There are 3 Blocked actors, 0 Stopped actors, and 4 active threads.
Waiting for actors to stop.
Sent output token with value 0.0
Next port to read input from is inputA
Called postfire()
Called prefire()
Called fire()
Checking for deadlock:
There are 2 Blocked actors, 0 Stopped actors, and 4 active threads.
Waiting for actors to stop.
Called postfire()
Called prefire()
Called fire()
Checking for deadlock:
There are 3 Blocked actors, 0 Stopped actors, and 4 active threads.
Waiting for actors to stop.
Read input token from inputA with value 1.0
Checking for deadlock:
There are 2 Blocked actors, 0 Stopped actors, and 4 active threads.
Waiting for actors to stop.
-- Read input: 0.0, which is expected to match: 0.0
Called prefire()
Called fire()
Checking for deadlock:
There are 3 Blocked actors, 0 Stopped actors, and 4 active threads.
Waiting for actors to stop.
Sent output token with value 0.0
Next port to read input from is inputB
Called postfire()
Called prefire()
Called fire()
Checking for deadlock:
There are 2 Blocked actors, 0 Stopped actors, and 4 active threads.
Waiting for actors to stop.
Called postfire()
Called prefire()
Called fire()
Checking for deadlock:
There are 3 Blocked actors, 0 Stopped actors, and 4 active threads.
Waiting for actors to stop.
Read input token from inputB with value 1.5
Checking for deadlock:
There are 2 Blocked actors, 0 Stopped actors, and 4 active threads.
Waiting for actors to stop.
-- Read input: 1.0, which is expected to match: 1.0
Called prefire()
Called fire()
Checking for deadlock:
There are 3 Blocked actors, 0 Stopped actors, and 4 active threads.
Waiting for actors to stop.
Sent output token with value 1.0
Next port to read input from is inputA
Called postfire()
Called prefire()
Called fire()
Checking for deadlock:
There are 2 Blocked actors, 0 Stopped actors, and 4 active threads.
Waiting for actors to stop.
Called postfire()
Called prefire()
Called fire()
Checking for deadlock:
There are 3 Blocked actors, 0 Stopped actors, and 4 active threads.
Waiting for actors to stop.
Read input token from inputA with value 2.0
Checking for deadlock:
There are 2 Blocked actors, 0 Stopped actors, and 4 active threads.
Waiting for actors to stop.
-- Read input: 1.5, which is expected to match: 1.5
Called prefire()
Called fire()
Checking for deadlock:
There are 3 Blocked actors, 0 Stopped actors, and 4 active threads.
Waiting for actors to stop.
Sent output token with value 1.5
Next port to read input from is inputB
Called postfire()
Called prefire()
Called fire()
Checking for deadlock:
There are 2 Blocked actors, 0 Stopped actors, and 4 active threads.
Waiting for actors to stop.
Called postfire()
Called prefire()
Called fire()
Checking for deadlock:
There are 3 Blocked actors, 0 Stopped actors, and 4 active threads.
Waiting for actors to stop.
Read input token from inputB with value 3.0
Checking for deadlock:
There are 2 Blocked actors, 0 Stopped actors, and 4 active threads.
Waiting for actors to stop.
-- Read input: 2.0, which is expected to match: 2.0
Called prefire()
Called fire()
Checking for deadlock:
There are 3 Blocked actors, 0 Stopped actors, and 4 active threads.
Waiting for actors to stop.
Sent output token with value 2.0
Next port to read input from is inputA
Called postfire()
Called prefire()
Called fire()
Checking for deadlock:
There are 2 Blocked actors, 0 Stopped actors, and 4 active threads.
Waiting for actors to stop.
Called postfire()
Called prefire()
Called fire()
Checking for deadlock:
There are 3 Blocked actors, 0 Stopped actors, and 4 active threads.
Waiting for actors to stop.
Read input token from inputA with value 3.0
Checking for deadlock:
There are 2 Blocked actors, 0 Stopped actors, and 4 active threads.
Waiting for actors to stop.
-- Read input: 3.0, which is expected to match: 3.0
Called prefire()
Called fire()
Checking for deadlock:
There are 3 Blocked actors, 0 Stopped actors, and 4 active threads.
Waiting for actors to stop.
Sent output token with value 3.0
Next port to read input from is inputB
Called postfire()
Called prefire()
Called fire()
Checking for deadlock:
There are 2 Blocked actors, 0 Stopped actors, and 4 active threads.
Waiting for actors to stop.
Called postfire()
Called prefire()
Called fire()
Checking for deadlock:
There are 3 Blocked actors, 0 Stopped actors, and 4 active threads.
Waiting for actors to stop.
Read input token from inputB with value 4.5
Checking for deadlock:
There are 2 Blocked actors, 0 Stopped actors, and 4 active threads.
Waiting for actors to stop.
-- Read input: 3.0, which is expected to match: 3.0
Called prefire()
Called fire()
Checking for deadlock:
There are 3 Blocked actors, 0 Stopped actors, and 4 active threads.
Waiting for actors to stop.
Sent output token with value 3.0
Next port to read input from is inputA
Called postfire()
Called prefire()
Called fire()
Checking for deadlock:
There are 2 Blocked actors, 0 Stopped actors, and 4 active threads.
Waiting for actors to stop.
Called postfire()
Called prefire()
Called fire()
Checking for deadlock:
There are 3 Blocked actors, 0 Stopped actors, and 4 active threads.
Waiting for actors to stop.
Read input token from inputA with value 4.0
Checking for deadlock:
There are 2 Blocked actors, 0 Stopped actors, and 4 active threads.
Waiting for actors to stop.
-- Read input: 4.0, which is expected to match: 4.0
Called prefire()
Called fire()
Past the end of training data. Read and discard all inputs.
Checking for deadlock:
There are 3 Blocked actors, 0 Stopped actors, and 4 active threads.
Waiting for actors to stop.
Sent output token with value 4.0
Next port to read input from is inputA
Called postfire()
Called prefire()
Called fire()
Checking for deadlock:
There are 2 Blocked actors, 0 Stopped actors, and 4 active threads.
Waiting for actors to stop.
Called postfire()
Called prefire()
Called fire()
Checking for deadlock:
There are 3 Blocked actors, 0 Stopped actors, and 4 active threads.
Waiting for actors to stop.
Read input token from inputA with value 5.0
Checking for deadlock:
There are 2 Blocked actors, 0 Stopped actors, and 4 active threads.
Waiting for actors to stop.
Called prefire()
Called fire()
Past the end of training data. Read and discard all inputs.
Checking for deadlock:
There are 3 Blocked actors, 0 Stopped actors, and 4 active threads.
Waiting for actors to stop.
Sent output token with value 4.5
Next port to read input from is inputB
Called postfire()
Called prefire()
Called fire()
Checking for deadlock:
There are 2 Blocked actors, 0 Stopped actors, and 4 active threads.
Waiting for actors to stop.
Called postfire()
Called prefire()
Called fire()
Checking for deadlock:
There are 3 Blocked actors, 0 Stopped actors, and 4 active threads.
Waiting for actors to stop.
Read input token from inputB with value 6.0
Checking for deadlock:
There are 2 Blocked actors, 0 Stopped actors, and 4 active threads.
Waiting for actors to stop.
Called prefire()
Called fire()
Past the end of training data. Read and discard all inputs.
Checking for deadlock:
There are 3 Blocked actors, 0 Stopped actors, and 4 active threads.
Waiting for actors to stop.
Sent output token with value 5.0
Next port to read input from is inputA
Called postfire()
Called prefire()
Called fire()
Checking for deadlock:
There are 2 Blocked actors, 0 Stopped actors, and 4 active threads.
Waiting for actors to stop.
Called postfire()
Called prefire()
Called fire()
Checking for deadlock:
There are 3 Blocked actors, 0 Stopped actors, and 4 active threads.
Waiting for actors to stop.
Read input token from inputA with value 6.0
Checking for deadlock:
There are 2 Blocked actors, 0 Stopped actors, and 4 active threads.
Waiting for actors to stop.
Called prefire()
Called fire()
Past the end of training data. Read and discard all inputs.
Checking for deadlock:
There are 3 Blocked actors, 0 Stopped actors, and 4 active threads.
Waiting for actors to stop.
Sent output token with value 6.0
Next port to read input from is inputB
Called postfire()
Called prefire()
Called fire()
Checking for deadlock:
There are 2 Blocked actors, 0 Stopped actors, and 4 active threads.
Waiting for actors to stop.
Called postfire()
Called prefire()
Called fire()
Checking for deadlock:
There are 3 Blocked actors, 0 Stopped actors, and 4 active threads.
Waiting for actors to stop.
Read input token from inputB with value 7.5
Checking for deadlock:
There are 2 Blocked actors, 0 Stopped actors, and 4 active threads.
Waiting for actors to stop.
Called prefire()
Called fire()
Past the end of training data. Read and discard all inputs.
Checking for deadlock:
There are 3 Blocked actors, 0 Stopped actors, and 4 active threads.
Waiting for actors to stop.
Sent output token with value 6.0
Next port to read input from is inputA
Called postfire()
Called prefire()
Called fire()
Called postfire()
Called prefire()
Called fire()
Checking for deadlock:
There are 3 Blocked actors, 0 Stopped actors, and 4 active threads.
Waiting for actors to stop.
Read input token from inputA with value 7.0
Called prefire()
Called fire()
Past the end of training data. Read and discard all inputs.
Checking for deadlock:
There are 3 Blocked actors, 0 Stopped actors, and 4 active threads.
Waiting for actors to stop.
Sent output token with value 7.0
Next port to read input from is inputA
Called postfire()
Called prefire()
Called fire()
-- Thread wrapup() called.
Called wrapup()
Thread .top.Ramp is exiting.
-- Thread stopped.
Checking for deadlock:
There are 2 Blocked actors, 0 Stopped actors, and 3 active threads.
Waiting for actors to stop.
Read input token from inputA with value 8.0
Called prefire()
Called fire()
Past the end of training data. Read and discard all inputs.
Checking for deadlock:
There are 2 Blocked actors, 0 Stopped actors, and 3 active threads.
Waiting for actors to stop.
Sent output token with value 7.5
Next port to read input from is inputB
Called postfire()
Called prefire()
Called fire()
Checking for deadlock:
There are 1 Blocked actors, 0 Stopped actors, and 3 active threads.
Waiting for actors to stop.
Called postfire()
Called prefire()
Called fire()
Checking for deadlock:
There are 2 Blocked actors, 0 Stopped actors, and 3 active threads.
Waiting for actors to stop.
Read input token from inputB with value 9.0
Checking for deadlock:
There are 1 Blocked actors, 0 Stopped actors, and 3 active threads.
Waiting for actors to stop.
Called prefire()
Called fire()
Past the end of training data. Read and discard all inputs.
Checking for deadlock:
There are 2 Blocked actors, 0 Stopped actors, and 3 active threads.
Waiting for actors to stop.
Sent output token with value 8.0
Next port to read input from is inputA
Called postfire()
Called prefire()
Called fire()
Read input token from inputA with value 9.0
Checking for deadlock:
There are 1 Blocked actors, 0 Stopped actors, and 3 active threads.
Waiting for actors to stop.
Called prefire()
Called fire()
Past the end of training data. Read and discard all inputs.
Checking for deadlock:
There are 2 Blocked actors, 0 Stopped actors, and 3 active threads.
Waiting for actors to stop.
Sent output token with value 9.0
Next port to read input from is inputB
Called postfire()
Called prefire()
Called fire()
Checking for deadlock:
There are 1 Blocked actors, 0 Stopped actors, and 3 active threads.
Waiting for actors to stop.
Called postfire()
Called prefire()
Called fire()
Checking for deadlock:
There are 2 Blocked actors, 0 Stopped actors, and 3 active threads.
Waiting for actors to stop.
Read input token from inputB with value 10.5
Checking for deadlock:
There are 1 Blocked actors, 0 Stopped actors, and 3 active threads.
Waiting for actors to stop.
Called prefire()
Called fire()
Past the end of training data. Read and discard all inputs.
Checking for deadlock:
There are 2 Blocked actors, 0 Stopped actors, and 3 active threads.
Waiting for actors to stop.
Sent output token with value 9.0
Next port to read input from is inputA
Called postfire()
Called prefire()
Called fire()
Checking for deadlock:
There are 3 Blocked actors, 0 Stopped actors, and 3 active threads.
Actors have stopped.
Checking for deadlock:
There are 3 Blocked actors, 0 Stopped actors, and 3 active threads.
Deadlock detected.
Resolving Deadlock
Checking for deadlock:
There are 3 Blocked actors, 0 Stopped actors, and 3 active threads.
Artificial Deadlock - increasing queue capacity.
increasing the capacity of receiver ptolemy.actor.TypedIOPort {.top.OrderedMerge.inputB} to 2
Director: Called postfire().
Called postfire().
_stopRequested = false
_stopFireRequested = false
Returning from postfire(): true
Called fire().
Checking for deadlock:
There are 2 Blocked actors, 0 Stopped actors, and 3 active threads.
Waiting for actors to stop.
-- Thread wrapup() called.
Called wrapup()
Thread .top.Ramp2 is exiting.
-- Thread stopped.
Checking for deadlock:
There are 2 Blocked actors, 0 Stopped actors, and 2 active threads.
Actors have stopped.
Checking for deadlock:
There are 2 Blocked actors, 0 Stopped actors, and 2 active threads.
Deadlock detected.
Resolving Deadlock
Checking for deadlock:
There are 2 Blocked actors, 0 Stopped actors, and 2 active threads.
Deadlock detected: no processes blocked on write, but some are blocked on read.
Called postfire().
_stopRequested = false
_stopFireRequested = false
Returning from postfire(): false
Finished deactivating branches.
Called wrapup().
-- Thread wrapup() called.
Called wrapup()
Thread .top.Test is exiting.
-- Thread stopped.
-- Blocked Receiver call threw TerminateProcessException.
-- Thread wrapup() called.
Called wrapup()
Thread .top.OrderedMerge is exiting.
12 ms. Memory: 208384K Free: 157174K (75%)
/home/travis/build/icyphy/ptII/ptolemy/actor/lib/test/Publisher.tcl
-- Thread stopped.
-- Blocked Receiver call threw TerminateProcessException.
6 ms. Memory: 208384K Free: 152381K (73%)
4 ms. Memory: 208384K Free: 145191K (70%)
5 ms. Memory: 208384K Free: 142794K (69%)
9 ms. Memory: 208384K Free: 140397K (67%)
5 ms. Memory: 208384K Free: 140397K (67%)
9 ms. Memory: 208384K Free: 140397K (67%)
3 ms. Memory: 208384K Free: 138000K (66%)
2 ms. Memory: 208384K Free: 138000K (66%)
1 ms. Memory: 208384K Free: 128414K (62%)
4 ms. Memory: 208384K Free: 126017K (60%)
2 ms. Memory: 208384K Free: 123620K (59%)
1 ms. Memory: 208384K Free: 121223K (58%)
6 ms. Memory: 208384K Free: 114033K (55%)
6 ms. Memory: 208384K Free: 104446K (50%)
6 ms. Memory: 208384K Free: 92463K (44%)
/home/travis/build/icyphy/ptII/ptolemy/actor/lib/test/Pulse.tcl
2 ms. Memory: 208384K Free: 173032K (83%)
1 ms. Memory: 208384K Free: 173032K (83%)
1 ms. Memory: 208384K Free: 173032K (83%)
1 ms. Memory: 208384K Free: 170670K (82%)
0 ms. Memory: 208384K Free: 170670K (82%)
1 ms. Memory: 208384K Free: 170670K (82%)
2 ms. Memory: 208384K Free: 168292K (81%)
1 ms. Memory: 208384K Free: 168292K (81%)
10 ms. Memory: 208384K Free: 168292K (81%)
/home/travis/build/icyphy/ptII/ptolemy/actor/lib/test/Ramp.tcl
3 ms. Memory: 208384K Free: 165709K (80%)
2 ms. Memory: 208384K Free: 165709K (80%)
2 ms. Memory: 208384K Free: 163331K (78%)
1 ms. Memory: 208384K Free: 163331K (78%)
9 ms. Memory: 208384K Free: 163331K (78%)
7 ms. Memory: 208384K Free: 160968K (77%)
4 ms. Memory: 208384K Free: 160968K (77%)
5 actors
10000 microseconds per iteration to create
11 ms. Memory: 208384K Free: 158606K (76%)
10 ms. Memory: 208384K Free: 156243K (75%)
2 ms. Memory: 208384K Free: 156243K (75%)
2 ms. Memory: 208384K Free: 156243K (75%)
50 actors
43000 microseconds per iteration to create
46 ms. Memory: 208384K Free: 139649K (67%)
5 ms. Memory: 208384K Free: 139649K (67%)
20 ms. Memory: 208384K Free: 139649K (67%)
4 ms. Memory: 208384K Free: 137287K (66%)
500 actors
1317000 microseconds per iteration to create
225 ms. Memory: 331776K Free: 206262K (62%)
54 ms. Memory: 331776K Free: 201505K (61%)
53 ms. Memory: 331776K Free: 196749K (59%)
43 ms. Memory: 331776K Free: 191992K (58%)
/home/travis/build/icyphy/ptII/ptolemy/actor/lib/test/RampContinuous.tcl
7 ms. Memory: 331776K Free: 191992K (58%)
/home/travis/build/icyphy/ptII/ptolemy/actor/lib/test/RecordAssembler.tcl
5 ms. Memory: 331776K Free: 187235K (56%)
3 ms. Memory: 331776K Free: 187235K (56%)
/home/travis/build/icyphy/ptII/ptolemy/actor/lib/test/RecordDisassembler.tcl
6 ms. Memory: 331776K Free: 187235K (56%)
5 ms. Memory: 331776K Free: 182478K (55%)
4 ms. Memory: 331776K Free: 182478K (55%)
/home/travis/build/icyphy/ptII/ptolemy/actor/lib/test/Scale.tcl
3 ms. Memory: 331776K Free: 182478K (55%)
2 ms. Memory: 331776K Free: 182478K (55%)
2 ms. Memory: 331776K Free: 177705K (54%)
3 ms. Memory: 331776K Free: 177705K (54%)
3 ms. Memory: 331776K Free: 177705K (54%)
/home/travis/build/icyphy/ptII/ptolemy/actor/lib/test/SequentialClock.tcl
preinitializing
resolving types
initializing
executing number 1
wrapping up
idle
3 ms. Memory: 331776K Free: 177705K (54%)
Completed execution with 5 iterations
preinitializing
resolving types
initializing
executing number 1
wrapping up
idle
1 ms. Memory: 331776K Free: 177705K (54%)
Completed execution with 5 iterations
preinitializing
resolving types
initializing
executing number 1
wrapping up
idle
1 ms. Memory: 331776K Free: 177705K (54%)
Completed execution with 5 iterations
/home/travis/build/icyphy/ptII/ptolemy/actor/lib/test/SetVariable.tcl
5 ms. Memory: 331776K Free: 172948K (52%)
/home/travis/build/icyphy/ptII/ptolemy/actor/lib/test/Sinewave.tcl
/home/travis/build/icyphy/ptII/ptolemy/actor/lib/test/SubscriptionAggregator.tcl
16 ms. Memory: 331776K Free: 158661K (48%)
3 ms. Memory: 331776K Free: 158661K (48%)
4 ms. Memory: 331776K Free: 158661K (48%)
0 ms. Memory: 331776K Free: 158661K (48%)
1 ms. Memory: 331776K Free: 153888K (46%)
4 ms. Memory: 331776K Free: 153888K (46%)
...............................................................952 ms. Memory: 579072K Free: 278031K (48%)
/home/travis/build/icyphy/ptII/ptolemy/actor/lib/test/Test.tcl
 The next command will produce a warning about training mode,
   which may be ignored.
4 ms. Memory: 579072K Free: 278031K (48%)
3 ms. Memory: 579072K Free: 278031K (48%)
1 ms. Memory: 579072K Free: 278031K (48%)
1 ms. Memory: 579072K Free: 278031K (48%)
2 ms. Memory: 579072K Free: 278031K (48%)
3 ms. Memory: 579072K Free: 278031K (48%)
5 ms. Memory: 579072K Free: 278031K (48%)
 The next command will produce a warning about training mode,
   which may be ignored.
8 ms. Memory: 579072K Free: 268400K (46%)
 The next command will produce a warning about training mode,
   which may be ignored.
3 ms. Memory: 579072K Free: 268400K (46%)
1 ms. Memory: 579072K Free: 268400K (46%)
1 ms. Memory: 579072K Free: 268400K (46%)
2 ms. Memory: 579072K Free: 268400K (46%)
4 ms. Memory: 579072K Free: 268400K (46%)
5 ms. Memory: 579072K Free: 268400K (46%)
/home/travis/build/icyphy/ptII/ptolemy/actor/lib/test/TestExceptionHandler.tcl
 The next command will produce a warning about training mode,
   which may be ignored.
2 ms. Memory: 579072K Free: 268400K (46%)
1 ms. Memory: 579072K Free: 268400K (46%)
0 ms. Memory: 579072K Free: 258769K (45%)
/home/travis/build/icyphy/ptII/ptolemy/actor/lib/test/UnionDisassembler.tcl
30 ms. Memory: 579072K Free: 258769K (45%)
/home/travis/build/icyphy/ptII/ptolemy/actor/lib/test/VariableClock.tcl
preinitializing
resolving types
initializing
executing number 1
wrapping up
idle
8 ms. Memory: 579072K Free: 249138K (43%)
Completed execution with 11 iterations
preinitializing
resolving types
initializing
executing number 1
wrapping up
idle
4 ms. Memory: 579072K Free: 249138K (43%)
Completed execution with 10 iterations
04/16/19 04:00:37
Failed: 0  Total Tests: 234  ((Passed: 234, Newly Passed: 0)  Known Failed: 0) /home/travis/build/icyphy/ptII/ptolemy/actor/lib/test
----------------- testing (KnownFailure) /home/travis/build/icyphy/ptII/ptolemy/actor/lib/test/auto/knownFailedTests/PublisherPortToplevelSubscriber.xml
1 ms. Memory: 579072K Free: 239410K (41%)
Known Failure: java.lang.reflect.InvocationTargetException
----------------- testing (KnownFailure) /home/travis/build/icyphy/ptII/ptolemy/actor/lib/test/auto/knownFailedTests/PublisherSubscriberPortToplevel.xml
1 ms. Memory: 579072K Free: 219954K (38%)
Known Failure: java.lang.reflect.InvocationTargetException
----------------- testing (KnownFailure) /home/travis/build/icyphy/ptII/ptolemy/actor/lib/test/auto/knownFailedTests/PublisherSubscriptionAggregatorPort.xml
2 ms. Memory: 579072K Free: 200498K (35%)
Known Failure: java.lang.reflect.InvocationTargetException
----------------- testing (KnownFailure) /home/travis/build/icyphy/ptII/ptolemy/actor/lib/test/auto/knownFailedTests/sizedarray3.xml
4 ms. Memory: 579072K Free: 181041K (31%)
Known Failure: java.lang.reflect.InvocationTargetException
No auto/linux-amd64/*.xml tests in /home/travis/build/icyphy/ptII/ptolemy/actor/lib/test
AutoTests.java: About to close Vertx.
AutoTests.java: Vertx closed.

===========================================================================================
----------------- testing Tue Apr 16 04:00:37 UTC 2019 /home/travis/build/icyphy/ptII/ptolemy/actor/lib/test/auto/AbsoluteValue.xml
----------------- Instantiating /home/travis/build/icyphy/ptII/ptolemy/actor/lib/test/auto/AbsoluteValue.xml
4 ms. Memory: 579072K Free: 103443K (18%)
----------------- Invoking toplevel() on ptolemy.moml.MoMLSimpleApplication@72892b44
----------------- Done invoking toplevel() on ptolemy.moml.MoMLSimpleApplication@72892b44
reloadAllAccessors: .AbsoluteValue

===========================================================================================
----------------- testing Tue Apr 16 04:00:38 UTC 2019 /home/travis/build/icyphy/ptII/ptolemy/actor/lib/test/auto/AbsoluteValue2.xml
----------------- Instantiating /home/travis/build/icyphy/ptII/ptolemy/actor/lib/test/auto/AbsoluteValue2.xml
9 ms. Memory: 579072K Free: 93715K (16%)
----------------- Invoking toplevel() on ptolemy.moml.MoMLSimpleApplication@4d623329
----------------- Done invoking toplevel() on ptolemy.moml.MoMLSimpleApplication@4d623329
reloadAllAccessors: .AbsoluteValue2

===========================================================================================
----------------- testing Tue Apr 16 04:00:38 UTC 2019 /home/travis/build/icyphy/ptII/ptolemy/actor/lib/test/auto/Accumulator.xml
----------------- Instantiating /home/travis/build/icyphy/ptII/ptolemy/actor/lib/test/auto/Accumulator.xml
8 ms. Memory: 579072K Free: 74372K (13%)
----------------- Invoking toplevel() on ptolemy.moml.MoMLSimpleApplication@1ec32479
----------------- Done invoking toplevel() on ptolemy.moml.MoMLSimpleApplication@1ec32479
reloadAllAccessors: .Accumulator

===========================================================================================
----------------- testing Tue Apr 16 04:00:38 UTC 2019 /home/travis/build/icyphy/ptII/ptolemy/actor/lib/test/auto/Accumulator2.xml
----------------- Instantiating /home/travis/build/icyphy/ptII/ptolemy/actor/lib/test/auto/Accumulator2.xml
95 ms. Memory: 581120K Free: 536960K (92%)
----------------- Invoking toplevel() on ptolemy.moml.MoMLSimpleApplication@f13c1ea
----------------- Done invoking toplevel() on ptolemy.moml.MoMLSimpleApplication@f13c1ea
reloadAllAccessors: .Accumulator2

===========================================================================================
----------------- testing Tue Apr 16 04:00:38 UTC 2019 /home/travis/build/icyphy/ptII/ptolemy/actor/lib/test/auto/Accumulator3.xml
----------------- Instantiating /home/travis/build/icyphy/ptII/ptolemy/actor/lib/test/auto/Accumulator3.xml
9 ms. Memory: 581120K Free: 519503K (89%)
----------------- Invoking toplevel() on ptolemy.moml.MoMLSimpleApplication@4fb0a129
----------------- Done invoking toplevel() on ptolemy.moml.MoMLSimpleApplication@4fb0a129
reloadAllAccessors: .Accumulator3

===========================================================================================
----------------- testing Tue Apr 16 04:00:38 UTC 2019 /home/travis/build/icyphy/ptII/ptolemy/actor/lib/test/auto/ArrayAppend.xml
----------------- Instantiating /home/travis/build/icyphy/ptII/ptolemy/actor/lib/test/auto/ArrayAppend.xml
8 ms. Memory: 581120K Free: 509767K (88%)
----------------- Invoking toplevel() on ptolemy.moml.MoMLSimpleApplication@4ac20e9d
----------------- Done invoking toplevel() on ptolemy.moml.MoMLSimpleApplication@4ac20e9d
reloadAllAccessors: .ArrayAppend

===========================================================================================
----------------- testing Tue Apr 16 04:00:38 UTC 2019 /home/travis/build/icyphy/ptII/ptolemy/actor/lib/test/auto/ArrayAppend2.xml
----------------- Instantiating /home/travis/build/icyphy/ptII/ptolemy/actor/lib/test/auto/ArrayAppend2.xml
416 ms. Memory: 581120K Free: 422043K (73%)
----------------- Invoking toplevel() on ptolemy.moml.MoMLSimpleApplication@100b96f5
----------------- Done invoking toplevel() on ptolemy.moml.MoMLSimpleApplication@100b96f5
reloadAllAccessors: .ArrayAppend2

===========================================================================================
----------------- testing Tue Apr 16 04:00:38 UTC 2019 /home/travis/build/icyphy/ptII/ptolemy/actor/lib/test/auto/ArrayAppend3.xml
----------------- Instantiating /home/travis/build/icyphy/ptII/ptolemy/actor/lib/test/auto/ArrayAppend3.xml
4 ms. Memory: 581120K Free: 407019K (70%)
----------------- Invoking toplevel() on ptolemy.moml.MoMLSimpleApplication@3f38aa23
----------------- Done invoking toplevel() on ptolemy.moml.MoMLSimpleApplication@3f38aa23
reloadAllAccessors: .ArrayAppend3

===========================================================================================
----------------- testing Tue Apr 16 04:00:38 UTC 2019 /home/travis/build/icyphy/ptII/ptolemy/actor/lib/test/auto/ArrayAppend4.xml
----------------- Instantiating /home/travis/build/icyphy/ptII/ptolemy/actor/lib/test/auto/ArrayAppend4.xml
10 ms. Memory: 581120K Free: 400534K (69%)
----------------- Invoking toplevel() on ptolemy.moml.MoMLSimpleApplication@2728121b
----------------- Done invoking toplevel() on ptolemy.moml.MoMLSimpleApplication@2728121b
reloadAllAccessors: .ArrayAppend4

===========================================================================================
----------------- testing Tue Apr 16 04:00:38 UTC 2019 /home/travis/build/icyphy/ptII/ptolemy/actor/lib/test/auto/ArrayAppend5.xml
----------------- Instantiating /home/travis/build/icyphy/ptII/ptolemy/actor/lib/test/auto/ArrayAppend5.xml
2 ms. Memory: 581120K Free: 394048K (68%)
----------------- Invoking toplevel() on ptolemy.moml.MoMLSimpleApplication@a00fc43
----------------- Done invoking toplevel() on ptolemy.moml.MoMLSimpleApplication@a00fc43
reloadAllAccessors: .ArrayAppend5

===========================================================================================
----------------- testing Tue Apr 16 04:00:39 UTC 2019 /home/travis/build/icyphy/ptII/ptolemy/actor/lib/test/auto/ArrayAppend6.xml
----------------- Instantiating /home/travis/build/icyphy/ptII/ptolemy/actor/lib/test/auto/ArrayAppend6.xml
4 ms. Memory: 581120K Free: 387563K (67%)
----------------- Invoking toplevel() on ptolemy.moml.MoMLSimpleApplication@4b705eff
----------------- Done invoking toplevel() on ptolemy.moml.MoMLSimpleApplication@4b705eff
reloadAllAccessors: .ArrayAppend6

===========================================================================================
----------------- testing Tue Apr 16 04:00:39 UTC 2019 /home/travis/build/icyphy/ptII/ptolemy/actor/lib/test/auto/ArrayAppendPerformanceTest.xml
----------------- Instantiating /home/travis/build/icyphy/ptII/ptolemy/actor/lib/test/auto/ArrayAppendPerformanceTest.xml
25 ms. Memory: 581120K Free: 366045K (63%)
----------------- Invoking toplevel() on ptolemy.moml.MoMLSimpleApplication@3522ee31
----------------- Done invoking toplevel() on ptolemy.moml.MoMLSimpleApplication@3522ee31
reloadAllAccessors: .ArrayAppendPerformanceTest

===========================================================================================
----------------- testing Tue Apr 16 04:00:39 UTC 2019 /home/travis/build/icyphy/ptII/ptolemy/actor/lib/test/auto/ArrayAppendWithEmptyInput.xml
----------------- Instantiating /home/travis/build/icyphy/ptII/ptolemy/actor/lib/test/auto/ArrayAppendWithEmptyInput.xml
20 ms. Memory: 581120K Free: 356301K (61%)
----------------- Invoking toplevel() on ptolemy.moml.MoMLSimpleApplication@73d60404
----------------- Done invoking toplevel() on ptolemy.moml.MoMLSimpleApplication@73d60404
reloadAllAccessors: .ArrayAppendWithEmptyInput

===========================================================================================
----------------- testing Tue Apr 16 04:00:39 UTC 2019 /home/travis/build/icyphy/ptII/ptolemy/actor/lib/test/auto/ArrayAverage.xml
----------------- Instantiating /home/travis/build/icyphy/ptII/ptolemy/actor/lib/test/auto/ArrayAverage.xml
11 ms. Memory: 581120K Free: 346557K (60%)
----------------- Invoking toplevel() on ptolemy.moml.MoMLSimpleApplication@2898ea5
----------------- Done invoking toplevel() on ptolemy.moml.MoMLSimpleApplication@2898ea5
reloadAllAccessors: .ArrayAverage

===========================================================================================
----------------- testing Tue Apr 16 04:00:39 UTC 2019 /home/travis/build/icyphy/ptII/ptolemy/actor/lib/test/auto/ArrayContains.xml
----------------- Instantiating /home/travis/build/icyphy/ptII/ptolemy/actor/lib/test/auto/ArrayContains.xml
3 ms. Memory: 581120K Free: 336828K (58%)
----------------- Invoking toplevel() on ptolemy.moml.MoMLSimpleApplication@3334857f
----------------- Done invoking toplevel() on ptolemy.moml.MoMLSimpleApplication@3334857f
reloadAllAccessors: .ArrayContains

===========================================================================================
----------------- testing Tue Apr 16 04:00:39 UTC 2019 /home/travis/build/icyphy/ptII/ptolemy/actor/lib/test/auto/ArrayElement.xml
----------------- Instantiating /home/travis/build/icyphy/ptII/ptolemy/actor/lib/test/auto/ArrayElement.xml
5 ms. Memory: 581120K Free: 321804K (55%)
----------------- Invoking toplevel() on ptolemy.moml.MoMLSimpleApplication@1c37c412
----------------- Done invoking toplevel() on ptolemy.moml.MoMLSimpleApplication@1c37c412
reloadAllAccessors: .ArrayElement

===========================================================================================
----------------- testing Tue Apr 16 04:00:39 UTC 2019 /home/travis/build/icyphy/ptII/ptolemy/actor/lib/test/auto/ArrayElementAsMatrix.xml
----------------- Instantiating /home/travis/build/icyphy/ptII/ptolemy/actor/lib/test/auto/ArrayElementAsMatrix.xml
22 ms. Memory: 581120K Free: 312076K (54%)
----------------- Invoking toplevel() on ptolemy.moml.MoMLSimpleApplication@30ec7817
----------------- Done invoking toplevel() on ptolemy.moml.MoMLSimpleApplication@30ec7817
reloadAllAccessors: .ArrayElementAsMatrix

===========================================================================================
----------------- testing Tue Apr 16 04:00:39 UTC 2019 /home/travis/build/icyphy/ptII/ptolemy/actor/lib/test/auto/ArrayElementI.xml
----------------- Instantiating /home/travis/build/icyphy/ptII/ptolemy/actor/lib/test/auto/ArrayElementI.xml
4 ms. Memory: 581120K Free: 305591K (53%)
----------------- Invoking toplevel() on ptolemy.moml.MoMLSimpleApplication@4fcd025a
----------------- Done invoking toplevel() on ptolemy.moml.MoMLSimpleApplication@4fcd025a
reloadAllAccessors: .ArrayElementI

===========================================================================================
----------------- testing Tue Apr 16 04:00:39 UTC 2019 /home/travis/build/icyphy/ptII/ptolemy/actor/lib/test/auto/ArrayExtract.xml
----------------- Instantiating /home/travis/build/icyphy/ptII/ptolemy/actor/lib/test/auto/ArrayExtract.xml
4 ms. Memory: 581120K Free: 295847K (51%)
----------------- Invoking toplevel() on ptolemy.moml.MoMLSimpleApplication@9fd58f
----------------- Done invoking toplevel() on ptolemy.moml.MoMLSimpleApplication@9fd58f
reloadAllAccessors: .ArrayExtract

===========================================================================================
----------------- testing Tue Apr 16 04:00:39 UTC 2019 /home/travis/build/icyphy/ptII/ptolemy/actor/lib/test/auto/ArrayExtract2.xml
----------------- Instantiating /home/travis/build/icyphy/ptII/ptolemy/actor/lib/test/auto/ArrayExtract2.xml
4 ms. Memory: 581120K Free: 280822K (48%)
----------------- Invoking toplevel() on ptolemy.moml.MoMLSimpleApplication@4e3c42c0
----------------- Done invoking toplevel() on ptolemy.moml.MoMLSimpleApplication@4e3c42c0
reloadAllAccessors: .ArrayExtract2

===========================================================================================
----------------- testing Tue Apr 16 04:00:39 UTC 2019 /home/travis/build/icyphy/ptII/ptolemy/actor/lib/test/auto/ArrayLength.xml
----------------- Instantiating /home/travis/build/icyphy/ptII/ptolemy/actor/lib/test/auto/ArrayLength.xml
2 ms. Memory: 581120K Free: 274337K (47%)
----------------- Invoking toplevel() on ptolemy.moml.MoMLSimpleApplication@576e449b
----------------- Done invoking toplevel() on ptolemy.moml.MoMLSimpleApplication@576e449b
reloadAllAccessors: .ArrayLength

===========================================================================================
----------------- testing Tue Apr 16 04:00:39 UTC 2019 /home/travis/build/icyphy/ptII/ptolemy/actor/lib/test/auto/ArrayLevelCrossing.xml
----------------- Instantiating /home/travis/build/icyphy/ptII/ptolemy/actor/lib/test/auto/ArrayLevelCrossing.xml
4 ms. Memory: 581120K Free: 264593K (46%)
----------------- Invoking toplevel() on ptolemy.moml.MoMLSimpleApplication@146c0d47
----------------- Done invoking toplevel() on ptolemy.moml.MoMLSimpleApplication@146c0d47
reloadAllAccessors: .ArrayLevelCrossing

===========================================================================================
----------------- testing Tue Apr 16 04:00:39 UTC 2019 /home/travis/build/icyphy/ptII/ptolemy/actor/lib/test/auto/ArrayLevelCrossing2.xml
----------------- Instantiating /home/travis/build/icyphy/ptII/ptolemy/actor/lib/test/auto/ArrayLevelCrossing2.xml
3 ms. Memory: 581120K Free: 254849K (44%)
----------------- Invoking toplevel() on ptolemy.moml.MoMLSimpleApplication@1c55325a
----------------- Done invoking toplevel() on ptolemy.moml.MoMLSimpleApplication@1c55325a
reloadAllAccessors: .ArrayLevelCrossing2

===========================================================================================
----------------- testing Tue Apr 16 04:00:39 UTC 2019 /home/travis/build/icyphy/ptII/ptolemy/actor/lib/test/auto/ArrayPeakSearch.xml
----------------- Instantiating /home/travis/build/icyphy/ptII/ptolemy/actor/lib/test/auto/ArrayPeakSearch.xml
7 ms. Memory: 581120K Free: 233307K (40%)
----------------- Invoking toplevel() on ptolemy.moml.MoMLSimpleApplication@39681c68
----------------- Done invoking toplevel() on ptolemy.moml.MoMLSimpleApplication@39681c68
reloadAllAccessors: .ArrayPeakSearch

===========================================================================================
----------------- testing Tue Apr 16 04:00:39 UTC 2019 /home/travis/build/icyphy/ptII/ptolemy/actor/lib/test/auto/ArrayPeakSearch2.xml
----------------- Instantiating /home/travis/build/icyphy/ptII/ptolemy/actor/lib/test/auto/ArrayPeakSearch2.xml
11 ms. Memory: 581120K Free: 220328K (38%)
----------------- Invoking toplevel() on ptolemy.moml.MoMLSimpleApplication@602c0f5e
----------------- Done invoking toplevel() on ptolemy.moml.MoMLSimpleApplication@602c0f5e
reloadAllAccessors: .ArrayPeakSearch2

===========================================================================================
----------------- testing Tue Apr 16 04:00:39 UTC 2019 /home/travis/build/icyphy/ptII/ptolemy/actor/lib/test/auto/ArrayPeakSearch3.xml
----------------- Instantiating /home/travis/build/icyphy/ptII/ptolemy/actor/lib/test/auto/ArrayPeakSearch3.xml
6 ms. Memory: 581120K Free: 207325K (36%)
----------------- Invoking toplevel() on ptolemy.moml.MoMLSimpleApplication@645d0007
----------------- Done invoking toplevel() on ptolemy.moml.MoMLSimpleApplication@645d0007
reloadAllAccessors: .ArrayPeakSearch3

===========================================================================================
----------------- testing Tue Apr 16 04:00:39 UTC 2019 /home/travis/build/icyphy/ptII/ptolemy/actor/lib/test/auto/ArrayRemoveElement.xml
----------------- Instantiating /home/travis/build/icyphy/ptII/ptolemy/actor/lib/test/auto/ArrayRemoveElement.xml
3 ms. Memory: 581120K Free: 197597K (34%)
----------------- Invoking toplevel() on ptolemy.moml.MoMLSimpleApplication@47a9d136
----------------- Done invoking toplevel() on ptolemy.moml.MoMLSimpleApplication@47a9d136
reloadAllAccessors: .ArrayRemoveElement

===========================================================================================
----------------- testing Tue Apr 16 04:00:39 UTC 2019 /home/travis/build/icyphy/ptII/ptolemy/actor/lib/test/auto/ArraySort.xml
----------------- Instantiating /home/travis/build/icyphy/ptII/ptolemy/actor/lib/test/auto/ArraySort.xml
4 ms. Memory: 581120K Free: 176071K (30%)
----------------- Invoking toplevel() on ptolemy.moml.MoMLSimpleApplication@7856a1c7
----------------- Done invoking toplevel() on ptolemy.moml.MoMLSimpleApplication@7856a1c7
reloadAllAccessors: .ArraySort

===========================================================================================
----------------- testing Tue Apr 16 04:00:39 UTC 2019 /home/travis/build/icyphy/ptII/ptolemy/actor/lib/test/auto/ArraySum.xml
----------------- Instantiating /home/travis/build/icyphy/ptII/ptolemy/actor/lib/test/auto/ArraySum.xml
2 ms. Memory: 581120K Free: 169586K (29%)
----------------- Invoking toplevel() on ptolemy.moml.MoMLSimpleApplication@6165fc3
----------------- Done invoking toplevel() on ptolemy.moml.MoMLSimpleApplication@6165fc3
reloadAllAccessors: .ArraySum

===========================================================================================
----------------- testing Tue Apr 16 04:00:39 UTC 2019 /home/travis/build/icyphy/ptII/ptolemy/actor/lib/test/auto/ArrayToElements.xml
----------------- Instantiating /home/travis/build/icyphy/ptII/ptolemy/actor/lib/test/auto/ArrayToElements.xml
10 ms. Memory: 581120K Free: 163101K (28%)
----------------- Invoking toplevel() on ptolemy.moml.MoMLSimpleApplication@5bc4bdd1
----------------- Done invoking toplevel() on ptolemy.moml.MoMLSimpleApplication@5bc4bdd1
reloadAllAccessors: .ArrayToElements

===========================================================================================
----------------- testing Tue Apr 16 04:00:39 UTC 2019 /home/travis/build/icyphy/ptII/ptolemy/actor/lib/test/auto/ArrayToMatrix.xml
----------------- Instantiating /home/travis/build/icyphy/ptII/ptolemy/actor/lib/test/auto/ArrayToMatrix.xml
8 ms. Memory: 581120K Free: 146863K (25%)
----------------- Invoking toplevel() on ptolemy.moml.MoMLSimpleApplication@502b6c72
----------------- Done invoking toplevel() on ptolemy.moml.MoMLSimpleApplication@502b6c72
reloadAllAccessors: .ArrayToMatrix

===========================================================================================
----------------- testing Tue Apr 16 04:00:39 UTC 2019 /home/travis/build/icyphy/ptII/ptolemy/actor/lib/test/auto/ArrayUpdate1.xml
----------------- Instantiating /home/travis/build/icyphy/ptII/ptolemy/actor/lib/test/auto/ArrayUpdate1.xml
2 ms. Memory: 581120K Free: 131839K (23%)
----------------- Invoking toplevel() on ptolemy.moml.MoMLSimpleApplication@7ebd19cf
----------------- Done invoking toplevel() on ptolemy.moml.MoMLSimpleApplication@7ebd19cf
reloadAllAccessors: .ArrayUpdate1

===========================================================================================
----------------- testing Tue Apr 16 04:00:39 UTC 2019 /home/travis/build/icyphy/ptII/ptolemy/actor/lib/test/auto/ArrayUpdate2.xml
----------------- Instantiating /home/travis/build/icyphy/ptII/ptolemy/actor/lib/test/auto/ArrayUpdate2.xml
6 ms. Memory: 581120K Free: 122095K (21%)
----------------- Invoking toplevel() on ptolemy.moml.MoMLSimpleApplication@406a9d19
----------------- Done invoking toplevel() on ptolemy.moml.MoMLSimpleApplication@406a9d19
reloadAllAccessors: .ArrayUpdate2

===========================================================================================
----------------- testing Tue Apr 16 04:00:39 UTC 2019 /home/travis/build/icyphy/ptII/ptolemy/actor/lib/test/auto/ArrayUpdate3.xml
----------------- Instantiating /home/travis/build/icyphy/ptII/ptolemy/actor/lib/test/auto/ArrayUpdate3.xml
8 ms. Memory: 581120K Free: 115609K (20%)
----------------- Invoking toplevel() on ptolemy.moml.MoMLSimpleApplication@20700ad
----------------- Done invoking toplevel() on ptolemy.moml.MoMLSimpleApplication@20700ad
reloadAllAccessors: .ArrayUpdate3

===========================================================================================
----------------- testing Tue Apr 16 04:00:40 UTC 2019 /home/travis/build/icyphy/ptII/ptolemy/actor/lib/test/auto/Assert1.xml
----------------- Instantiating /home/travis/build/icyphy/ptII/ptolemy/actor/lib/test/auto/Assert1.xml
3 ms. Memory: 581120K Free: 109124K (19%)
----------------- Invoking toplevel() on ptolemy.moml.MoMLSimpleApplication@7f79d7a7
----------------- Done invoking toplevel() on ptolemy.moml.MoMLSimpleApplication@7f79d7a7
reloadAllAccessors: .Assert1

===========================================================================================
----------------- testing Tue Apr 16 04:00:40 UTC 2019 /home/travis/build/icyphy/ptII/ptolemy/actor/lib/test/auto/Assert2.xml
----------------- Instantiating /home/travis/build/icyphy/ptII/ptolemy/actor/lib/test/auto/Assert2.xml
7 ms. Memory: 581120K Free: 94099K (16%)
----------------- Invoking toplevel() on ptolemy.moml.MoMLSimpleApplication@54344e82
----------------- Done invoking toplevel() on ptolemy.moml.MoMLSimpleApplication@54344e82
reloadAllAccessors: .Assert2

===========================================================================================
----------------- testing Tue Apr 16 04:00:40 UTC 2019 /home/travis/build/icyphy/ptII/ptolemy/actor/lib/test/auto/BooleanMultiplexor.xml
----------------- Instantiating /home/travis/build/icyphy/ptII/ptolemy/actor/lib/test/auto/BooleanMultiplexor.xml
2 ms. Memory: 581120K Free: 87614K (15%)
----------------- Invoking toplevel() on ptolemy.moml.MoMLSimpleApplication@252004c6
----------------- Done invoking toplevel() on ptolemy.moml.MoMLSimpleApplication@252004c6
reloadAllAccessors: .BooleanMultiplexor

===========================================================================================
----------------- testing Tue Apr 16 04:00:40 UTC 2019 /home/travis/build/icyphy/ptII/ptolemy/actor/lib/test/auto/BooleanMultiplexor2.xml
----------------- Instantiating /home/travis/build/icyphy/ptII/ptolemy/actor/lib/test/auto/BooleanMultiplexor2.xml
10 ms. Memory: 581120K Free: 77870K (13%)
----------------- Invoking toplevel() on ptolemy.moml.MoMLSimpleApplication@3392c0d3
----------------- Done invoking toplevel() on ptolemy.moml.MoMLSimpleApplication@3392c0d3
reloadAllAccessors: .BooleanMultiplexor2

===========================================================================================
----------------- testing Tue Apr 16 04:00:40 UTC 2019 /home/travis/build/icyphy/ptII/ptolemy/actor/lib/test/auto/BooleanMultiplexor3.xml
----------------- Instantiating /home/travis/build/icyphy/ptII/ptolemy/actor/lib/test/auto/BooleanMultiplexor3.xml
3 ms. Memory: 581120K Free: 62845K (11%)
----------------- Invoking toplevel() on ptolemy.moml.MoMLSimpleApplication@43c949f4
----------------- Done invoking toplevel() on ptolemy.moml.MoMLSimpleApplication@43c949f4
reloadAllAccessors: .BooleanMultiplexor3

===========================================================================================
----------------- testing Tue Apr 16 04:00:40 UTC 2019 /home/travis/build/icyphy/ptII/ptolemy/actor/lib/test/auto/BooleanSelect.xml
----------------- Instantiating /home/travis/build/icyphy/ptII/ptolemy/actor/lib/test/auto/BooleanSelect.xml
54 ms. Memory: 879104K Free: 836113K (95%)
----------------- Invoking toplevel() on ptolemy.moml.MoMLSimpleApplication@9b8d890
----------------- Done invoking toplevel() on ptolemy.moml.MoMLSimpleApplication@9b8d890
reloadAllAccessors: .BooleanSelect

===========================================================================================
----------------- testing Tue Apr 16 04:00:40 UTC 2019 /home/travis/build/icyphy/ptII/ptolemy/actor/lib/test/auto/BooleanSelect2.xml
----------------- Instantiating /home/travis/build/icyphy/ptII/ptolemy/actor/lib/test/auto/BooleanSelect2.xml
2 ms. Memory: 879104K Free: 813162K (92%)
----------------- Invoking toplevel() on ptolemy.moml.MoMLSimpleApplication@790eb180
----------------- Done invoking toplevel() on ptolemy.moml.MoMLSimpleApplication@790eb180
reloadAllAccessors: .BooleanSelect2

===========================================================================================
----------------- testing Tue Apr 16 04:00:40 UTC 2019 /home/travis/build/icyphy/ptII/ptolemy/actor/lib/test/auto/BooleanSwitch.xml
----------------- Instantiating /home/travis/build/icyphy/ptII/ptolemy/actor/lib/test/auto/BooleanSwitch.xml
2 ms. Memory: 879104K Free: 802786K (91%)
----------------- Invoking toplevel() on ptolemy.moml.MoMLSimpleApplication@20d28f98
----------------- Done invoking toplevel() on ptolemy.moml.MoMLSimpleApplication@20d28f98
reloadAllAccessors: .BooleanSwitch

===========================================================================================
----------------- testing Tue Apr 16 04:00:40 UTC 2019 /home/travis/build/icyphy/ptII/ptolemy/actor/lib/test/auto/BooleanSwitch2.xml
----------------- Instantiating /home/travis/build/icyphy/ptII/ptolemy/actor/lib/test/auto/BooleanSwitch2.xml
1 ms. Memory: 879104K Free: 792409K (90%)
----------------- Invoking toplevel() on ptolemy.moml.MoMLSimpleApplication@12824720
----------------- Done invoking toplevel() on ptolemy.moml.MoMLSimpleApplication@12824720
reloadAllAccessors: .BooleanSwitch2

===========================================================================================
----------------- testing Tue Apr 16 04:00:40 UTC 2019 /home/travis/build/icyphy/ptII/ptolemy/actor/lib/test/auto/BooleanSwitchCloningBugWithClassRelationGroup.xml
----------------- Instantiating /home/travis/build/icyphy/ptII/ptolemy/actor/lib/test/auto/BooleanSwitchCloningBugWithClassRelationGroup.xml
3 ms. Memory: 879104K Free: 782032K (89%)
----------------- Invoking toplevel() on ptolemy.moml.MoMLSimpleApplication@4d51a4d0
----------------- Done invoking toplevel() on ptolemy.moml.MoMLSimpleApplication@4d51a4d0
reloadAllAccessors: .BooleanSwitchCloningBugWithClassRelationGroup

===========================================================================================
----------------- testing Tue Apr 16 04:00:40 UTC 2019 /home/travis/build/icyphy/ptII/ptolemy/actor/lib/test/auto/BusActors.xml
----------------- Instantiating /home/travis/build/icyphy/ptII/ptolemy/actor/lib/test/auto/BusActors.xml
4 ms. Memory: 879104K Free: 756686K (86%)
----------------- Invoking toplevel() on ptolemy.moml.MoMLSimpleApplication@2a819b
----------------- Done invoking toplevel() on ptolemy.moml.MoMLSimpleApplication@2a819b
reloadAllAccessors: .BusActors

===========================================================================================
----------------- testing Tue Apr 16 04:00:40 UTC 2019 /home/travis/build/icyphy/ptII/ptolemy/actor/lib/test/auto/ClassWrapper.xml
----------------- Instantiating /home/travis/build/icyphy/ptII/ptolemy/actor/lib/test/auto/ClassWrapper.xml
2 ms. Memory: 879104K Free: 746309K (85%)
----------------- Invoking toplevel() on ptolemy.moml.MoMLSimpleApplication@349912a1
----------------- Done invoking toplevel() on ptolemy.moml.MoMLSimpleApplication@349912a1
reloadAllAccessors: .ClassWrapper

===========================================================================================
----------------- testing Tue Apr 16 04:00:40 UTC 2019 /home/travis/build/icyphy/ptII/ptolemy/actor/lib/test/auto/Clock.xml
----------------- Instantiating /home/travis/build/icyphy/ptII/ptolemy/actor/lib/test/auto/Clock.xml
2 ms. Memory: 879104K Free: 735932K (84%)
----------------- Invoking toplevel() on ptolemy.moml.MoMLSimpleApplication@5a134a2e
----------------- Done invoking toplevel() on ptolemy.moml.MoMLSimpleApplication@5a134a2e
reloadAllAccessors: .Clock

===========================================================================================
----------------- testing Tue Apr 16 04:00:40 UTC 2019 /home/travis/build/icyphy/ptII/ptolemy/actor/lib/test/auto/Clock10.xml
----------------- Instantiating /home/travis/build/icyphy/ptII/ptolemy/actor/lib/test/auto/Clock10.xml
3 ms. Memory: 879104K Free: 725556K (83%)
----------------- Invoking toplevel() on ptolemy.moml.MoMLSimpleApplication@2d5e91ad
----------------- Done invoking toplevel() on ptolemy.moml.MoMLSimpleApplication@2d5e91ad
reloadAllAccessors: .Clock10

===========================================================================================
----------------- testing Tue Apr 16 04:00:40 UTC 2019 /home/travis/build/icyphy/ptII/ptolemy/actor/lib/test/auto/Clock11.xml
----------------- Instantiating /home/travis/build/icyphy/ptII/ptolemy/actor/lib/test/auto/Clock11.xml
6 ms. Memory: 879104K Free: 705413K (80%)
----------------- Invoking toplevel() on ptolemy.moml.MoMLSimpleApplication@7157a98c
----------------- Done invoking toplevel() on ptolemy.moml.MoMLSimpleApplication@7157a98c
reloadAllAccessors: .Clock11

===========================================================================================
----------------- testing Tue Apr 16 04:00:40 UTC 2019 /home/travis/build/icyphy/ptII/ptolemy/actor/lib/test/auto/Clock12.xml
----------------- Instantiating /home/travis/build/icyphy/ptII/ptolemy/actor/lib/test/auto/Clock12.xml
4 ms. Memory: 879104K Free: 695036K (79%)
----------------- Invoking toplevel() on ptolemy.moml.MoMLSimpleApplication@796e5a3f
----------------- Done invoking toplevel() on ptolemy.moml.MoMLSimpleApplication@796e5a3f
reloadAllAccessors: .Clock12

===========================================================================================
----------------- testing Tue Apr 16 04:00:40 UTC 2019 /home/travis/build/icyphy/ptII/ptolemy/actor/lib/test/auto/Clock13.xml
----------------- Instantiating /home/travis/build/icyphy/ptII/ptolemy/actor/lib/test/auto/Clock13.xml
2 ms. Memory: 879104K Free: 684660K (78%)
----------------- Invoking toplevel() on ptolemy.moml.MoMLSimpleApplication@15f4ca5e
----------------- Done invoking toplevel() on ptolemy.moml.MoMLSimpleApplication@15f4ca5e
reloadAllAccessors: .Clock13

===========================================================================================
----------------- testing Tue Apr 16 04:00:40 UTC 2019 /home/travis/build/icyphy/ptII/ptolemy/actor/lib/test/auto/Clock14.xml
----------------- Instantiating /home/travis/build/icyphy/ptII/ptolemy/actor/lib/test/auto/Clock14.xml
3 ms. Memory: 879104K Free: 674283K (77%)
----------------- Invoking toplevel() on ptolemy.moml.MoMLSimpleApplication@5c275f3c
----------------- Done invoking toplevel() on ptolemy.moml.MoMLSimpleApplication@5c275f3c
reloadAllAccessors: .Clock14

===========================================================================================
----------------- testing Tue Apr 16 04:00:40 UTC 2019 /home/travis/build/icyphy/ptII/ptolemy/actor/lib/test/auto/Clock15.xml
----------------- Instantiating /home/travis/build/icyphy/ptII/ptolemy/actor/lib/test/auto/Clock15.xml
8 ms. Memory: 879104K Free: 663907K (76%)
----------------- Invoking toplevel() on ptolemy.moml.MoMLSimpleApplication@453152d3
----------------- Done invoking toplevel() on ptolemy.moml.MoMLSimpleApplication@453152d3
reloadAllAccessors: .Clock15

===========================================================================================
----------------- testing Tue Apr 16 04:00:40 UTC 2019 /home/travis/build/icyphy/ptII/ptolemy/actor/lib/test/auto/Clock16.xml
----------------- Instantiating /home/travis/build/icyphy/ptII/ptolemy/actor/lib/test/auto/Clock16.xml
32 ms. Memory: 879104K Free: 638568K (73%)
----------------- Invoking toplevel() on ptolemy.moml.MoMLSimpleApplication@67c7432
----------------- Done invoking toplevel() on ptolemy.moml.MoMLSimpleApplication@67c7432
reloadAllAccessors: .Clock16

===========================================================================================
----------------- testing Tue Apr 16 04:00:40 UTC 2019 /home/travis/build/icyphy/ptII/ptolemy/actor/lib/test/auto/Clock17.xml
----------------- Instantiating /home/travis/build/icyphy/ptII/ptolemy/actor/lib/test/auto/Clock17.xml
24 ms. Memory: 879104K Free: 622987K (71%)
----------------- Invoking toplevel() on ptolemy.moml.MoMLSimpleApplication@138408ec
----------------- Done invoking toplevel() on ptolemy.moml.MoMLSimpleApplication@138408ec
reloadAllAccessors: .Clock17

===========================================================================================
----------------- testing Tue Apr 16 04:00:40 UTC 2019 /home/travis/build/icyphy/ptII/ptolemy/actor/lib/test/auto/Clock18.xml
----------------- Instantiating /home/travis/build/icyphy/ptII/ptolemy/actor/lib/test/auto/Clock18.xml
17 ms. Memory: 879104K Free: 607414K (69%)
----------------- Invoking toplevel() on ptolemy.moml.MoMLSimpleApplication@788ad7f8
----------------- Done invoking toplevel() on ptolemy.moml.MoMLSimpleApplication@788ad7f8
reloadAllAccessors: .Clock18

===========================================================================================
----------------- testing Tue Apr 16 04:00:40 UTC 2019 /home/travis/build/icyphy/ptII/ptolemy/actor/lib/test/auto/Clock19.xml
----------------- Instantiating /home/travis/build/icyphy/ptII/ptolemy/actor/lib/test/auto/Clock19.xml
15 ms. Memory: 879104K Free: 591841K (67%)
----------------- Invoking toplevel() on ptolemy.moml.MoMLSimpleApplication@77a853ff
----------------- Done invoking toplevel() on ptolemy.moml.MoMLSimpleApplication@77a853ff
reloadAllAccessors: .Clock19

===========================================================================================
----------------- testing Tue Apr 16 04:00:40 UTC 2019 /home/travis/build/icyphy/ptII/ptolemy/actor/lib/test/auto/Clock2.xml
----------------- Instantiating /home/travis/build/icyphy/ptII/ptolemy/actor/lib/test/auto/Clock2.xml
9 ms. Memory: 879104K Free: 571698K (65%)
----------------- Invoking toplevel() on ptolemy.moml.MoMLSimpleApplication@1fcfb4b3
----------------- Done invoking toplevel() on ptolemy.moml.MoMLSimpleApplication@1fcfb4b3
reloadAllAccessors: .Clock2

===========================================================================================
----------------- testing Tue Apr 16 04:00:40 UTC 2019 /home/travis/build/icyphy/ptII/ptolemy/actor/lib/test/auto/Clock20.xml
----------------- Instantiating /home/travis/build/icyphy/ptII/ptolemy/actor/lib/test/auto/Clock20.xml
14 ms. Memory: 879104K Free: 561322K (64%)
----------------- Invoking toplevel() on ptolemy.moml.MoMLSimpleApplication@332fed68
----------------- Done invoking toplevel() on ptolemy.moml.MoMLSimpleApplication@332fed68
reloadAllAccessors: .Clock20

===========================================================================================
----------------- testing Tue Apr 16 04:00:40 UTC 2019 /home/travis/build/icyphy/ptII/ptolemy/actor/lib/test/auto/Clock21.xml
----------------- Instantiating /home/travis/build/icyphy/ptII/ptolemy/actor/lib/test/auto/Clock21.xml
6 ms. Memory: 879104K Free: 550945K (63%)
----------------- Invoking toplevel() on ptolemy.moml.MoMLSimpleApplication@5a4a4350
----------------- Done invoking toplevel() on ptolemy.moml.MoMLSimpleApplication@5a4a4350
reloadAllAccessors: .Clock21

===========================================================================================
----------------- testing Tue Apr 16 04:00:40 UTC 2019 /home/travis/build/icyphy/ptII/ptolemy/actor/lib/test/auto/Clock22.xml
----------------- Instantiating /home/travis/build/icyphy/ptII/ptolemy/actor/lib/test/auto/Clock22.xml
6 ms. Memory: 879104K Free: 540568K (61%)
----------------- Invoking toplevel() on ptolemy.moml.MoMLSimpleApplication@4f667761
----------------- Done invoking toplevel() on ptolemy.moml.MoMLSimpleApplication@4f667761
reloadAllAccessors: .Clock22

===========================================================================================
----------------- testing Tue Apr 16 04:00:40 UTC 2019 /home/travis/build/icyphy/ptII/ptolemy/actor/lib/test/auto/Clock23.xml
----------------- Instantiating /home/travis/build/icyphy/ptII/ptolemy/actor/lib/test/auto/Clock23.xml
8 ms. Memory: 879104K Free: 520426K (59%)
----------------- Invoking toplevel() on ptolemy.moml.MoMLSimpleApplication@2f2d296a
----------------- Done invoking toplevel() on ptolemy.moml.MoMLSimpleApplication@2f2d296a
reloadAllAccessors: .Clock23

===========================================================================================
----------------- testing Tue Apr 16 04:00:40 UTC 2019 /home/travis/build/icyphy/ptII/ptolemy/actor/lib/test/auto/Clock24.xml
----------------- Instantiating /home/travis/build/icyphy/ptII/ptolemy/actor/lib/test/auto/Clock24.xml
7 ms. Memory: 879104K Free: 510049K (58%)
----------------- Invoking toplevel() on ptolemy.moml.MoMLSimpleApplication@4169fc1e
----------------- Done invoking toplevel() on ptolemy.moml.MoMLSimpleApplication@4169fc1e
reloadAllAccessors: .Clock24

===========================================================================================
----------------- testing Tue Apr 16 04:00:41 UTC 2019 /home/travis/build/icyphy/ptII/ptolemy/actor/lib/test/auto/Clock4.xml
----------------- Instantiating /home/travis/build/icyphy/ptII/ptolemy/actor/lib/test/auto/Clock4.xml
6 ms. Memory: 879104K Free: 499672K (57%)
----------------- Invoking toplevel() on ptolemy.moml.MoMLSimpleApplication@e21e563
----------------- Done invoking toplevel() on ptolemy.moml.MoMLSimpleApplication@e21e563
reloadAllAccessors: .Clock4

===========================================================================================
----------------- testing Tue Apr 16 04:00:41 UTC 2019 /home/travis/build/icyphy/ptII/ptolemy/actor/lib/test/auto/Clock5.xml
----------------- Instantiating /home/travis/build/icyphy/ptII/ptolemy/actor/lib/test/auto/Clock5.xml
1 ms. Memory: 879104K Free: 489296K (56%)
----------------- Invoking toplevel() on ptolemy.moml.MoMLSimpleApplication@5d3a7b59
----------------- Done invoking toplevel() on ptolemy.moml.MoMLSimpleApplication@5d3a7b59
reloadAllAccessors: .Clock5

===========================================================================================
----------------- testing Tue Apr 16 04:00:41 UTC 2019 /home/travis/build/icyphy/ptII/ptolemy/actor/lib/test/auto/Clock6.xml
----------------- Instantiating /home/travis/build/icyphy/ptII/ptolemy/actor/lib/test/auto/Clock6.xml
1 ms. Memory: 879104K Free: 478919K (54%)
----------------- Invoking toplevel() on ptolemy.moml.MoMLSimpleApplication@5d2c4a99
----------------- Done invoking toplevel() on ptolemy.moml.MoMLSimpleApplication@5d2c4a99
reloadAllAccessors: .Clock6

===========================================================================================
----------------- testing Tue Apr 16 04:00:41 UTC 2019 /home/travis/build/icyphy/ptII/ptolemy/actor/lib/test/auto/Clock7.xml
----------------- Instantiating /home/travis/build/icyphy/ptII/ptolemy/actor/lib/test/auto/Clock7.xml
3 ms. Memory: 879104K Free: 458777K (52%)
----------------- Invoking toplevel() on ptolemy.moml.MoMLSimpleApplication@297d0c2f
----------------- Done invoking toplevel() on ptolemy.moml.MoMLSimpleApplication@297d0c2f
reloadAllAccessors: .Clock7

===========================================================================================
----------------- testing Tue Apr 16 04:00:41 UTC 2019 /home/travis/build/icyphy/ptII/ptolemy/actor/lib/test/auto/Clock8.xml
----------------- Instantiating /home/travis/build/icyphy/ptII/ptolemy/actor/lib/test/auto/Clock8.xml
7 ms. Memory: 879104K Free: 448400K (51%)
----------------- Invoking toplevel() on ptolemy.moml.MoMLSimpleApplication@2db6be6e
----------------- Done invoking toplevel() on ptolemy.moml.MoMLSimpleApplication@2db6be6e
reloadAllAccessors: .Clock8

===========================================================================================
----------------- testing Tue Apr 16 04:00:41 UTC 2019 /home/travis/build/icyphy/ptII/ptolemy/actor/lib/test/auto/Clock9.xml
----------------- Instantiating /home/travis/build/icyphy/ptII/ptolemy/actor/lib/test/auto/Clock9.xml
7 ms. Memory: 879104K Free: 438023K (50%)
----------------- Invoking toplevel() on ptolemy.moml.MoMLSimpleApplication@5590e856
----------------- Done invoking toplevel() on ptolemy.moml.MoMLSimpleApplication@5590e856
reloadAllAccessors: .Clock9

===========================================================================================
----------------- testing Tue Apr 16 04:00:41 UTC 2019 /home/travis/build/icyphy/ptII/ptolemy/actor/lib/test/auto/CommDistDiscard.xml
----------------- Instantiating /home/travis/build/icyphy/ptII/ptolemy/actor/lib/test/auto/CommDistDiscard.xml
4 ms. Memory: 879104K Free: 427647K (49%)
----------------- Invoking toplevel() on ptolemy.moml.MoMLSimpleApplication@5944a528
----------------- Done invoking toplevel() on ptolemy.moml.MoMLSimpleApplication@5944a528
reloadAllAccessors: .CommDistDiscard

===========================================================================================
----------------- testing Tue Apr 16 04:00:41 UTC 2019 /home/travis/build/icyphy/ptII/ptolemy/actor/lib/test/auto/Commutator.xml
----------------- Instantiating /home/travis/build/icyphy/ptII/ptolemy/actor/lib/test/auto/Commutator.xml
3 ms. Memory: 879104K Free: 407504K (46%)
----------------- Invoking toplevel() on ptolemy.moml.MoMLSimpleApplication@49da1e75
----------------- Done invoking toplevel() on ptolemy.moml.MoMLSimpleApplication@49da1e75
reloadAllAccessors: .Commutator

===========================================================================================
----------------- testing Tue Apr 16 04:00:41 UTC 2019 /home/travis/build/icyphy/ptII/ptolemy/actor/lib/test/auto/Commutator2.xml
----------------- Instantiating /home/travis/build/icyphy/ptII/ptolemy/actor/lib/test/auto/Commutator2.xml
1 ms. Memory: 879104K Free: 397127K (45%)
----------------- Invoking toplevel() on ptolemy.moml.MoMLSimpleApplication@1c8736c
----------------- Done invoking toplevel() on ptolemy.moml.MoMLSimpleApplication@1c8736c
reloadAllAccessors: .Commutator2

===========================================================================================
----------------- testing Tue Apr 16 04:00:41 UTC 2019 /home/travis/build/icyphy/ptII/ptolemy/actor/lib/test/auto/Commutator3.xml
----------------- Instantiating /home/travis/build/icyphy/ptII/ptolemy/actor/lib/test/auto/Commutator3.xml
2 ms. Memory: 879104K Free: 386751K (44%)
----------------- Invoking toplevel() on ptolemy.moml.MoMLSimpleApplication@cf81d8c
----------------- Done invoking toplevel() on ptolemy.moml.MoMLSimpleApplication@cf81d8c
reloadAllAccessors: .Commutator3

===========================================================================================
----------------- testing Tue Apr 16 04:00:41 UTC 2019 /home/travis/build/icyphy/ptII/ptolemy/actor/lib/test/auto/Compare.xml
----------------- Instantiating /home/travis/build/icyphy/ptII/ptolemy/actor/lib/test/auto/Compare.xml
3 ms. Memory: 879104K Free: 376374K (43%)
----------------- Invoking toplevel() on ptolemy.moml.MoMLSimpleApplication@1aa5e2d4
----------------- Done invoking toplevel() on ptolemy.moml.MoMLSimpleApplication@1aa5e2d4
reloadAllAccessors: .Compare

===========================================================================================
----------------- testing Tue Apr 16 04:00:41 UTC 2019 /home/travis/build/icyphy/ptII/ptolemy/actor/lib/test/auto/CompareDE.xml
----------------- Instantiating /home/travis/build/icyphy/ptII/ptolemy/actor/lib/test/auto/CompareDE.xml
3 ms. Memory: 879104K Free: 356231K (41%)
----------------- Invoking toplevel() on ptolemy.moml.MoMLSimpleApplication@31d22709
----------------- Done invoking toplevel() on ptolemy.moml.MoMLSimpleApplication@31d22709
reloadAllAccessors: .CompareDE

===========================================================================================
----------------- testing Tue Apr 16 04:00:41 UTC 2019 /home/travis/build/icyphy/ptII/ptolemy/actor/lib/test/auto/ComplexDivide.xml
----------------- Instantiating /home/travis/build/icyphy/ptII/ptolemy/actor/lib/test/auto/ComplexDivide.xml
2 ms. Memory: 879104K Free: 345855K (39%)
----------------- Invoking toplevel() on ptolemy.moml.MoMLSimpleApplication@4913963a
----------------- Done invoking toplevel() on ptolemy.moml.MoMLSimpleApplication@4913963a
reloadAllAccessors: .ComplexDivide

===========================================================================================
----------------- testing Tue Apr 16 04:00:41 UTC 2019 /home/travis/build/icyphy/ptII/ptolemy/actor/lib/test/auto/ComputeHistogram.xml
----------------- Instantiating /home/travis/build/icyphy/ptII/ptolemy/actor/lib/test/auto/ComputeHistogram.xml
23 ms. Memory: 879104K Free: 330274K (38%)
----------------- Invoking toplevel() on ptolemy.moml.MoMLSimpleApplication@4357362a
----------------- Done invoking toplevel() on ptolemy.moml.MoMLSimpleApplication@4357362a
reloadAllAccessors: .ComputeHistogram

===========================================================================================
----------------- testing Tue Apr 16 04:00:41 UTC 2019 /home/travis/build/icyphy/ptII/ptolemy/actor/lib/test/auto/ConfigurationSelect.xml
----------------- Instantiating /home/travis/build/icyphy/ptII/ptolemy/actor/lib/test/auto/ConfigurationSelect.xml
3 ms. Memory: 879104K Free: 319897K (36%)
----------------- Invoking toplevel() on ptolemy.moml.MoMLSimpleApplication@2d2c9bbd
----------------- Done invoking toplevel() on ptolemy.moml.MoMLSimpleApplication@2d2c9bbd
reloadAllAccessors: .ConfigurationSelect

===========================================================================================
----------------- testing Tue Apr 16 04:00:41 UTC 2019 /home/travis/build/icyphy/ptII/ptolemy/actor/lib/test/auto/ConfigurationSelect2.xml
----------------- Instantiating /home/travis/build/icyphy/ptII/ptolemy/actor/lib/test/auto/ConfigurationSelect2.xml
2 ms. Memory: 879104K Free: 309520K (35%)
----------------- Invoking toplevel() on ptolemy.moml.MoMLSimpleApplication@491d3777
----------------- Done invoking toplevel() on ptolemy.moml.MoMLSimpleApplication@491d3777
reloadAllAccessors: .ConfigurationSelect2

===========================================================================================
----------------- testing Tue Apr 16 04:00:41 UTC 2019 /home/travis/build/icyphy/ptII/ptolemy/actor/lib/test/auto/ConfigurationSwitch.xml
----------------- Instantiating /home/travis/build/icyphy/ptII/ptolemy/actor/lib/test/auto/ConfigurationSwitch.xml
2 ms. Memory: 879104K Free: 289378K (33%)
----------------- Invoking toplevel() on ptolemy.moml.MoMLSimpleApplication@853fd31
----------------- Done invoking toplevel() on ptolemy.moml.MoMLSimpleApplication@853fd31
reloadAllAccessors: .ConfigurationSwitch

===========================================================================================
----------------- testing Tue Apr 16 04:00:41 UTC 2019 /home/travis/build/icyphy/ptII/ptolemy/actor/lib/test/auto/ConfigurationSwitch2.xml
----------------- Instantiating /home/travis/build/icyphy/ptII/ptolemy/actor/lib/test/auto/ConfigurationSwitch2.xml
2 ms. Memory: 879104K Free: 279001K (32%)
----------------- Invoking toplevel() on ptolemy.moml.MoMLSimpleApplication@5fe40afd
----------------- Done invoking toplevel() on ptolemy.moml.MoMLSimpleApplication@5fe40afd
reloadAllAccessors: .ConfigurationSwitch2

===========================================================================================
----------------- testing Tue Apr 16 04:00:41 UTC 2019 /home/travis/build/icyphy/ptII/ptolemy/actor/lib/test/auto/ConfigurationSwitchCloningBugWithClassRelationGroup.xml
----------------- Instantiating /home/travis/build/icyphy/ptII/ptolemy/actor/lib/test/auto/ConfigurationSwitchCloningBugWithClassRelationGroup.xml
1 ms. Memory: 879104K Free: 268625K (31%)
----------------- Invoking toplevel() on ptolemy.moml.MoMLSimpleApplication@4b3b6b64
----------------- Done invoking toplevel() on ptolemy.moml.MoMLSimpleApplication@4b3b6b64
reloadAllAccessors: .ConfigurationSwitchCloningBugWithClassRelationGroup

===========================================================================================
----------------- testing Tue Apr 16 04:00:41 UTC 2019 /home/travis/build/icyphy/ptII/ptolemy/actor/lib/test/auto/ConfigurationSwitchSelectSDF.xml
----------------- Instantiating /home/travis/build/icyphy/ptII/ptolemy/actor/lib/test/auto/ConfigurationSwitchSelectSDF.xml
3 ms. Memory: 879104K Free: 258248K (29%)
----------------- Invoking toplevel() on ptolemy.moml.MoMLSimpleApplication@7960a41
----------------- Done invoking toplevel() on ptolemy.moml.MoMLSimpleApplication@7960a41
reloadAllAccessors: .ConfigurationSwitchSelectSDF

===========================================================================================
----------------- testing Tue Apr 16 04:00:41 UTC 2019 /home/travis/build/icyphy/ptII/ptolemy/actor/lib/test/auto/ConfigurationSwitchSelectSDF2.xml
----------------- Instantiating /home/travis/build/icyphy/ptII/ptolemy/actor/lib/test/auto/ConfigurationSwitchSelectSDF2.xml
2 ms. Memory: 879104K Free: 238105K (27%)
----------------- Invoking toplevel() on ptolemy.moml.MoMLSimpleApplication@7b9b4b42
----------------- Done invoking toplevel() on ptolemy.moml.MoMLSimpleApplication@7b9b4b42
reloadAllAccessors: .ConfigurationSwitchSelectSDF2

===========================================================================================
----------------- testing Tue Apr 16 04:00:41 UTC 2019 /home/travis/build/icyphy/ptII/ptolemy/actor/lib/test/auto/Const.xml
----------------- Instantiating /home/travis/build/icyphy/ptII/ptolemy/actor/lib/test/auto/Const.xml
2 ms. Memory: 879104K Free: 227729K (26%)
----------------- Invoking toplevel() on ptolemy.moml.MoMLSimpleApplication@3bd7d57f
----------------- Done invoking toplevel() on ptolemy.moml.MoMLSimpleApplication@3bd7d57f
reloadAllAccessors: .Const

===========================================================================================
----------------- testing Tue Apr 16 04:00:41 UTC 2019 /home/travis/build/icyphy/ptII/ptolemy/actor/lib/test/auto/Const2.xml
----------------- Instantiating /home/travis/build/icyphy/ptII/ptolemy/actor/lib/test/auto/Const2.xml
1 ms. Memory: 879104K Free: 217352K (25%)
----------------- Invoking toplevel() on ptolemy.moml.MoMLSimpleApplication@4bd91a9
----------------- Done invoking toplevel() on ptolemy.moml.MoMLSimpleApplication@4bd91a9
reloadAllAccessors: .Const2

===========================================================================================
----------------- testing Tue Apr 16 04:00:41 UTC 2019 /home/travis/build/icyphy/ptII/ptolemy/actor/lib/test/auto/Const3.xml
----------------- Instantiating /home/travis/build/icyphy/ptII/ptolemy/actor/lib/test/auto/Const3.xml
1 ms. Memory: 879104K Free: 206976K (24%)
----------------- Invoking toplevel() on ptolemy.moml.MoMLSimpleApplication@67d243b
----------------- Done invoking toplevel() on ptolemy.moml.MoMLSimpleApplication@67d243b
reloadAllAccessors: .Const3

===========================================================================================
----------------- testing Tue Apr 16 04:00:41 UTC 2019 /home/travis/build/icyphy/ptII/ptolemy/actor/lib/test/auto/ConstantPublisherPort1.xml
----------------- Instantiating /home/travis/build/icyphy/ptII/ptolemy/actor/lib/test/auto/ConstantPublisherPort1.xml
5 ms. Memory: 879104K Free: 181629K (21%)
----------------- Invoking toplevel() on ptolemy.moml.MoMLSimpleApplication@3bc7be71
----------------- Done invoking toplevel() on ptolemy.moml.MoMLSimpleApplication@3bc7be71
reloadAllAccessors: .ConstantPublisherPort1

===========================================================================================
----------------- testing Tue Apr 16 04:00:41 UTC 2019 /home/travis/build/icyphy/ptII/ptolemy/actor/lib/test/auto/ConstantPublisherPort2.xml
----------------- Instantiating /home/travis/build/icyphy/ptII/ptolemy/actor/lib/test/auto/ConstantPublisherPort2.xml
4 ms. Memory: 879104K Free: 171252K (19%)
----------------- Invoking toplevel() on ptolemy.moml.MoMLSimpleApplication@4451d5dc
----------------- Done invoking toplevel() on ptolemy.moml.MoMLSimpleApplication@4451d5dc
reloadAllAccessors: .ConstantPublisherPort2

===========================================================================================
----------------- testing Tue Apr 16 04:00:41 UTC 2019 /home/travis/build/icyphy/ptII/ptolemy/actor/lib/test/auto/ConstantPublisherPort3.xml
----------------- Instantiating /home/travis/build/icyphy/ptII/ptolemy/actor/lib/test/auto/ConstantPublisherPort3.xml
4 ms. Memory: 879104K Free: 160875K (18%)
----------------- Invoking toplevel() on ptolemy.moml.MoMLSimpleApplication@2ef101bf
----------------- Done invoking toplevel() on ptolemy.moml.MoMLSimpleApplication@2ef101bf
reloadAllAccessors: .ConstantPublisherPort3

===========================================================================================
----------------- testing Tue Apr 16 04:00:41 UTC 2019 /home/travis/build/icyphy/ptII/ptolemy/actor/lib/test/auto/ConstantPublisherPort4.xml
----------------- Instantiating /home/travis/build/icyphy/ptII/ptolemy/actor/lib/test/auto/ConstantPublisherPort4.xml
3 ms. Memory: 879104K Free: 150499K (17%)
----------------- Invoking toplevel() on ptolemy.moml.MoMLSimpleApplication@5ad0b3be
----------------- Done invoking toplevel() on ptolemy.moml.MoMLSimpleApplication@5ad0b3be
reloadAllAccessors: .ConstantPublisherPort4

===========================================================================================
----------------- testing Tue Apr 16 04:00:41 UTC 2019 /home/travis/build/icyphy/ptII/ptolemy/actor/lib/test/auto/ConstantPublisherPort5.xml
----------------- Instantiating /home/travis/build/icyphy/ptII/ptolemy/actor/lib/test/auto/ConstantPublisherPort5.xml
23 ms. Memory: 879104K Free: 114775K (13%)
----------------- Invoking toplevel() on ptolemy.moml.MoMLSimpleApplication@4ff5140
----------------- Done invoking toplevel() on ptolemy.moml.MoMLSimpleApplication@4ff5140
reloadAllAccessors: .ConstantPublisherPort5

===========================================================================================
----------------- testing Tue Apr 16 04:00:41 UTC 2019 /home/travis/build/icyphy/ptII/ptolemy/actor/lib/test/auto/ConstantPublisherPort6.xml
----------------- Instantiating /home/travis/build/icyphy/ptII/ptolemy/actor/lib/test/auto/ConstantPublisherPort6.xml
16 ms. Memory: 879104K Free: 88834K (10%)
----------------- Invoking toplevel() on ptolemy.moml.MoMLSimpleApplication@2d4d0432
----------------- Done invoking toplevel() on ptolemy.moml.MoMLSimpleApplication@2d4d0432
reloadAllAccessors: .ConstantPublisherPort6

===========================================================================================
----------------- testing Tue Apr 16 04:00:41 UTC 2019 /home/travis/build/icyphy/ptII/ptolemy/actor/lib/test/auto/ConstantPublisherPort7.xml
----------------- Instantiating /home/travis/build/icyphy/ptII/ptolemy/actor/lib/test/auto/ConstantPublisherPort7.xml
16 ms. Memory: 879104K Free: 62892K (7%)
----------------- Invoking toplevel() on ptolemy.moml.MoMLSimpleApplication@3cfab472
----------------- Done invoking toplevel() on ptolemy.moml.MoMLSimpleApplication@3cfab472
reloadAllAccessors: .ConstantPublisherPort7

===========================================================================================
----------------- testing Tue Apr 16 04:00:41 UTC 2019 /home/travis/build/icyphy/ptII/ptolemy/actor/lib/test/auto/ConstraintMonitor1.xml
----------------- Instantiating /home/travis/build/icyphy/ptII/ptolemy/actor/lib/test/auto/ConstraintMonitor1.xml
6 ms. Memory: 880128K Free: 823639K (94%)
----------------- Invoking toplevel() on ptolemy.moml.MoMLSimpleApplication@374c45f0
----------------- Done invoking toplevel() on ptolemy.moml.MoMLSimpleApplication@374c45f0
reloadAllAccessors: .ConstraintMonitor1

===========================================================================================
----------------- testing Tue Apr 16 04:00:41 UTC 2019 /home/travis/build/icyphy/ptII/ptolemy/actor/lib/test/auto/ConstraintMonitor2.xml
----------------- Instantiating /home/travis/build/icyphy/ptII/ptolemy/actor/lib/test/auto/ConstraintMonitor2.xml
4 ms. Memory: 880128K Free: 805972K (92%)
----------------- Invoking toplevel() on ptolemy.moml.MoMLSimpleApplication@62b20457
----------------- Done invoking toplevel() on ptolemy.moml.MoMLSimpleApplication@62b20457
reloadAllAccessors: .ConstraintMonitor2

===========================================================================================
----------------- testing Tue Apr 16 04:00:41 UTC 2019 /home/travis/build/icyphy/ptII/ptolemy/actor/lib/test/auto/ConstraintMonitor3.xml
----------------- Instantiating /home/travis/build/icyphy/ptII/ptolemy/actor/lib/test/auto/ConstraintMonitor3.xml
6 ms. Memory: 880128K Free: 795596K (90%)
----------------- Invoking toplevel() on ptolemy.moml.MoMLSimpleApplication@7fc3d29c
----------------- Done invoking toplevel() on ptolemy.moml.MoMLSimpleApplication@7fc3d29c
reloadAllAccessors: .ConstraintMonitor3

===========================================================================================
----------------- testing Tue Apr 16 04:00:41 UTC 2019 /home/travis/build/icyphy/ptII/ptolemy/actor/lib/test/auto/ConstraintMonitor4.xml
----------------- Instantiating /home/travis/build/icyphy/ptII/ptolemy/actor/lib/test/auto/ConstraintMonitor4.xml
5 ms. Memory: 880128K Free: 785219K (89%)
----------------- Invoking toplevel() on ptolemy.moml.MoMLSimpleApplication@7ea069c6
----------------- Done invoking toplevel() on ptolemy.moml.MoMLSimpleApplication@7ea069c6
reloadAllAccessors: .ConstraintMonitor4

===========================================================================================
----------------- testing Tue Apr 16 04:00:41 UTC 2019 /home/travis/build/icyphy/ptII/ptolemy/actor/lib/test/auto/ConstraintMonitor5.xml
----------------- Instantiating /home/travis/build/icyphy/ptII/ptolemy/actor/lib/test/auto/ConstraintMonitor5.xml
3 ms. Memory: 880128K Free: 767657K (87%)
----------------- Invoking toplevel() on ptolemy.moml.MoMLSimpleApplication@1a095183
----------------- Done invoking toplevel() on ptolemy.moml.MoMLSimpleApplication@1a095183
reloadAllAccessors: .ConstraintMonitor5

===========================================================================================
----------------- testing Tue Apr 16 04:00:41 UTC 2019 /home/travis/build/icyphy/ptII/ptolemy/actor/lib/test/auto/ConstraintMonitor6.xml
----------------- Instantiating /home/travis/build/icyphy/ptII/ptolemy/actor/lib/test/auto/ConstraintMonitor6.xml
3 ms. Memory: 880128K Free: 757281K (86%)
----------------- Invoking toplevel() on ptolemy.moml.MoMLSimpleApplication@72e84ce8
----------------- Done invoking toplevel() on ptolemy.moml.MoMLSimpleApplication@72e84ce8
reloadAllAccessors: .ConstraintMonitor6

===========================================================================================
----------------- testing Tue Apr 16 04:00:41 UTC 2019 /home/travis/build/icyphy/ptII/ptolemy/actor/lib/test/auto/ConstraintMonitor7.xml
----------------- Instantiating /home/travis/build/icyphy/ptII/ptolemy/actor/lib/test/auto/ConstraintMonitor7.xml
4 ms. Memory: 880128K Free: 746904K (85%)
----------------- Invoking toplevel() on ptolemy.moml.MoMLSimpleApplication@661cf25d
----------------- Done invoking toplevel() on ptolemy.moml.MoMLSimpleApplication@661cf25d
reloadAllAccessors: .ConstraintMonitor7

===========================================================================================
----------------- testing Tue Apr 16 04:00:41 UTC 2019 /home/travis/build/icyphy/ptII/ptolemy/actor/lib/test/auto/ConstraintMonitor8.xml
----------------- Instantiating /home/travis/build/icyphy/ptII/ptolemy/actor/lib/test/auto/ConstraintMonitor8.xml
7 ms. Memory: 880128K Free: 729343K (83%)
----------------- Invoking toplevel() on ptolemy.moml.MoMLSimpleApplication@6c9e67da
----------------- Done invoking toplevel() on ptolemy.moml.MoMLSimpleApplication@6c9e67da
reloadAllAccessors: .ConstraintMonitor8

===========================================================================================
----------------- testing Tue Apr 16 04:00:42 UTC 2019 /home/travis/build/icyphy/ptII/ptolemy/actor/lib/test/auto/Counter.xml
----------------- Instantiating /home/travis/build/icyphy/ptII/ptolemy/actor/lib/test/auto/Counter.xml
1 ms. Memory: 880128K Free: 718966K (82%)
----------------- Invoking toplevel() on ptolemy.moml.MoMLSimpleApplication@6e281e36
----------------- Done invoking toplevel() on ptolemy.moml.MoMLSimpleApplication@6e281e36
reloadAllAccessors: .Counter

===========================================================================================
----------------- testing Tue Apr 16 04:00:42 UTC 2019 /home/travis/build/icyphy/ptII/ptolemy/actor/lib/test/auto/CurrentTimeSDF.xml
----------------- Instantiating /home/travis/build/icyphy/ptII/ptolemy/actor/lib/test/auto/CurrentTimeSDF.xml
2 ms. Memory: 880128K Free: 708589K (81%)
----------------- Invoking toplevel() on ptolemy.moml.MoMLSimpleApplication@5b9f04a7
----------------- Done invoking toplevel() on ptolemy.moml.MoMLSimpleApplication@5b9f04a7
reloadAllAccessors: .CurrentTimeSDF

===========================================================================================
----------------- testing Tue Apr 16 04:00:42 UTC 2019 /home/travis/build/icyphy/ptII/ptolemy/actor/lib/test/auto/DB.xml
----------------- Instantiating /home/travis/build/icyphy/ptII/ptolemy/actor/lib/test/auto/DB.xml
2 ms. Memory: 880128K Free: 691028K (79%)
----------------- Invoking toplevel() on ptolemy.moml.MoMLSimpleApplication@633b373b
----------------- Done invoking toplevel() on ptolemy.moml.MoMLSimpleApplication@633b373b
reloadAllAccessors: .DB

===========================================================================================
----------------- testing Tue Apr 16 04:00:42 UTC 2019 /home/travis/build/icyphy/ptII/ptolemy/actor/lib/test/auto/DBDE.xml
----------------- Instantiating /home/travis/build/icyphy/ptII/ptolemy/actor/lib/test/auto/DBDE.xml
2 ms. Memory: 880128K Free: 680651K (77%)
----------------- Invoking toplevel() on ptolemy.moml.MoMLSimpleApplication@df7b467
----------------- Done invoking toplevel() on ptolemy.moml.MoMLSimpleApplication@df7b467
reloadAllAccessors: .DBDE

===========================================================================================
----------------- testing Tue Apr 16 04:00:42 UTC 2019 /home/travis/build/icyphy/ptII/ptolemy/actor/lib/test/auto/DateConstructor.xml
----------------- Instantiating /home/travis/build/icyphy/ptII/ptolemy/actor/lib/test/auto/DateConstructor.xml
11 ms. Memory: 880128K Free: 659890K (75%)
----------------- Invoking toplevel() on ptolemy.moml.MoMLSimpleApplication@6962a9e0
----------------- Done invoking toplevel() on ptolemy.moml.MoMLSimpleApplication@6962a9e0
reloadAllAccessors: .DateConstructor

===========================================================================================
----------------- testing Tue Apr 16 04:00:42 UTC 2019 /home/travis/build/icyphy/ptII/ptolemy/actor/lib/test/auto/DelayTime.xml
----------------- Instantiating /home/travis/build/icyphy/ptII/ptolemy/actor/lib/test/auto/DelayTime.xml
3 ms. Memory: 880128K Free: 642328K (73%)
----------------- Invoking toplevel() on ptolemy.moml.MoMLSimpleApplication@3e8401d3
----------------- Done invoking toplevel() on ptolemy.moml.MoMLSimpleApplication@3e8401d3
reloadAllAccessors: .DelayTime

===========================================================================================
----------------- testing Tue Apr 16 04:00:42 UTC 2019 /home/travis/build/icyphy/ptII/ptolemy/actor/lib/test/auto/Dictionary1.xml
----------------- Instantiating /home/travis/build/icyphy/ptII/ptolemy/actor/lib/test/auto/Dictionary1.xml
1 ms. Memory: 880128K Free: 631952K (72%)
----------------- Invoking toplevel() on ptolemy.moml.MoMLSimpleApplication@3976a0bf
----------------- Done invoking toplevel() on ptolemy.moml.MoMLSimpleApplication@3976a0bf
reloadAllAccessors: .Dictionary1

===========================================================================================
----------------- testing Tue Apr 16 04:00:42 UTC 2019 /home/travis/build/icyphy/ptII/ptolemy/actor/lib/test/auto/Dictionary2.xml
----------------- Instantiating /home/travis/build/icyphy/ptII/ptolemy/actor/lib/test/auto/Dictionary2.xml
1 ms. Memory: 880128K Free: 621575K (71%)
----------------- Invoking toplevel() on ptolemy.moml.MoMLSimpleApplication@5efbb93d
----------------- Done invoking toplevel() on ptolemy.moml.MoMLSimpleApplication@5efbb93d
reloadAllAccessors: .Dictionary2

===========================================================================================
----------------- testing Tue Apr 16 04:00:42 UTC 2019 /home/travis/build/icyphy/ptII/ptolemy/actor/lib/test/auto/Dictionary3.xml
----------------- Instantiating /home/travis/build/icyphy/ptII/ptolemy/actor/lib/test/auto/Dictionary3.xml
1 ms. Memory: 880128K Free: 604014K (69%)
----------------- Invoking toplevel() on ptolemy.moml.MoMLSimpleApplication@37cbbf88
----------------- Done invoking toplevel() on ptolemy.moml.MoMLSimpleApplication@37cbbf88
reloadAllAccessors: .Dictionary3

===========================================================================================
----------------- testing Tue Apr 16 04:00:42 UTC 2019 /home/travis/build/icyphy/ptII/ptolemy/actor/lib/test/auto/Dictionary4.xml
----------------- Instantiating /home/travis/build/icyphy/ptII/ptolemy/actor/lib/test/auto/Dictionary4.xml
3 ms. Memory: 880128K Free: 593637K (67%)
----------------- Invoking toplevel() on ptolemy.moml.MoMLSimpleApplication@77106aa2
----------------- Done invoking toplevel() on ptolemy.moml.MoMLSimpleApplication@77106aa2
reloadAllAccessors: .Dictionary4

===========================================================================================
----------------- testing Tue Apr 16 04:00:42 UTC 2019 /home/travis/build/icyphy/ptII/ptolemy/actor/lib/test/auto/Differential.xml
----------------- Instantiating /home/travis/build/icyphy/ptII/ptolemy/actor/lib/test/auto/Differential.xml
1 ms. Memory: 880128K Free: 583260K (66%)
----------------- Invoking toplevel() on ptolemy.moml.MoMLSimpleApplication@2f17b732
----------------- Done invoking toplevel() on ptolemy.moml.MoMLSimpleApplication@2f17b732
reloadAllAccessors: .Differential

===========================================================================================
----------------- testing Tue Apr 16 04:00:42 UTC 2019 /home/travis/build/icyphy/ptII/ptolemy/actor/lib/test/auto/Director.xml
----------------- Instantiating /home/travis/build/icyphy/ptII/ptolemy/actor/lib/test/auto/Director.xml
2 ms. Memory: 880128K Free: 565699K (64%)
----------------- Invoking toplevel() on ptolemy.moml.MoMLSimpleApplication@2ecb59b8
----------------- Done invoking toplevel() on ptolemy.moml.MoMLSimpleApplication@2ecb59b8
reloadAllAccessors: .Director

===========================================================================================
----------------- testing Tue Apr 16 04:00:42 UTC 2019 /home/travis/build/icyphy/ptII/ptolemy/actor/lib/test/auto/DiscreteClock.xml
----------------- Instantiating /home/travis/build/icyphy/ptII/ptolemy/actor/lib/test/auto/DiscreteClock.xml
1 ms. Memory: 880128K Free: 555322K (63%)
----------------- Invoking toplevel() on ptolemy.moml.MoMLSimpleApplication@a12b695
----------------- Done invoking toplevel() on ptolemy.moml.MoMLSimpleApplication@a12b695
reloadAllAccessors: .DiscreteClock

===========================================================================================
----------------- testing Tue Apr 16 04:00:42 UTC 2019 /home/travis/build/icyphy/ptII/ptolemy/actor/lib/test/auto/DiscreteClock10.xml
----------------- Instantiating /home/travis/build/icyphy/ptII/ptolemy/actor/lib/test/auto/DiscreteClock10.xml
3 ms. Memory: 880128K Free: 544946K (62%)
----------------- Invoking toplevel() on ptolemy.moml.MoMLSimpleApplication@7b2f1f3a
----------------- Done invoking toplevel() on ptolemy.moml.MoMLSimpleApplication@7b2f1f3a
reloadAllAccessors: .DiscreteClock10

===========================================================================================
----------------- testing Tue Apr 16 04:00:42 UTC 2019 /home/travis/build/icyphy/ptII/ptolemy/actor/lib/test/auto/DiscreteClock11.xml
----------------- Instantiating /home/travis/build/icyphy/ptII/ptolemy/actor/lib/test/auto/DiscreteClock11.xml
3 ms. Memory: 880128K Free: 527384K (60%)
----------------- Invoking toplevel() on ptolemy.moml.MoMLSimpleApplication@79b9ff68
----------------- Done invoking toplevel() on ptolemy.moml.MoMLSimpleApplication@79b9ff68
reloadAllAccessors: .DiscreteClock11

===========================================================================================
----------------- testing Tue Apr 16 04:00:42 UTC 2019 /home/travis/build/icyphy/ptII/ptolemy/actor/lib/test/auto/DiscreteClock12.xml
----------------- Instantiating /home/travis/build/icyphy/ptII/ptolemy/actor/lib/test/auto/DiscreteClock12.xml
2 ms. Memory: 880128K Free: 517008K (59%)
----------------- Invoking toplevel() on ptolemy.moml.MoMLSimpleApplication@59bbc0f
----------------- Done invoking toplevel() on ptolemy.moml.MoMLSimpleApplication@59bbc0f
reloadAllAccessors: .DiscreteClock12

===========================================================================================
----------------- testing Tue Apr 16 04:00:42 UTC 2019 /home/travis/build/icyphy/ptII/ptolemy/actor/lib/test/auto/DiscreteClock13.xml
----------------- Instantiating /home/travis/build/icyphy/ptII/ptolemy/actor/lib/test/auto/DiscreteClock13.xml
6 ms. Memory: 880128K Free: 506631K (58%)
----------------- Invoking toplevel() on ptolemy.moml.MoMLSimpleApplication@2f71c10e
----------------- Done invoking toplevel() on ptolemy.moml.MoMLSimpleApplication@2f71c10e
reloadAllAccessors: .DiscreteClock13

===========================================================================================
----------------- testing Tue Apr 16 04:00:42 UTC 2019 /home/travis/build/icyphy/ptII/ptolemy/actor/lib/test/auto/DiscreteClock14.xml
----------------- Instantiating /home/travis/build/icyphy/ptII/ptolemy/actor/lib/test/auto/DiscreteClock14.xml
6 ms. Memory: 880128K Free: 489070K (56%)
----------------- Invoking toplevel() on ptolemy.moml.MoMLSimpleApplication@6cf69f6d
----------------- Done invoking toplevel() on ptolemy.moml.MoMLSimpleApplication@6cf69f6d
reloadAllAccessors: .DiscreteClock14

===========================================================================================
----------------- testing Tue Apr 16 04:00:42 UTC 2019 /home/travis/build/icyphy/ptII/ptolemy/actor/lib/test/auto/DiscreteClock15.xml
----------------- Instantiating /home/travis/build/icyphy/ptII/ptolemy/actor/lib/test/auto/DiscreteClock15.xml
6 ms. Memory: 880128K Free: 478693K (54%)
----------------- Invoking toplevel() on ptolemy.moml.MoMLSimpleApplication@53693329
----------------- Done invoking toplevel() on ptolemy.moml.MoMLSimpleApplication@53693329
reloadAllAccessors: .DiscreteClock15

===========================================================================================
----------------- testing Tue Apr 16 04:00:42 UTC 2019 /home/travis/build/icyphy/ptII/ptolemy/actor/lib/test/auto/DiscreteClock16.xml
----------------- Instantiating /home/travis/build/icyphy/ptII/ptolemy/actor/lib/test/auto/DiscreteClock16.xml
13 ms. Memory: 880128K Free: 463112K (53%)
----------------- Invoking toplevel() on ptolemy.moml.MoMLSimpleApplication@5f0e6e3f
----------------- Done invoking toplevel() on ptolemy.moml.MoMLSimpleApplication@5f0e6e3f
reloadAllAccessors: .DiscreteClock16

===========================================================================================
----------------- testing Tue Apr 16 04:00:42 UTC 2019 /home/travis/build/icyphy/ptII/ptolemy/actor/lib/test/auto/DiscreteClock17.xml
----------------- Instantiating /home/travis/build/icyphy/ptII/ptolemy/actor/lib/test/auto/DiscreteClock17.xml
14 ms. Memory: 880128K Free: 440354K (50%)
----------------- Invoking toplevel() on ptolemy.moml.MoMLSimpleApplication@5c2e9dfb
----------------- Done invoking toplevel() on ptolemy.moml.MoMLSimpleApplication@5c2e9dfb
reloadAllAccessors: .DiscreteClock17

===========================================================================================
----------------- testing Tue Apr 16 04:00:42 UTC 2019 /home/travis/build/icyphy/ptII/ptolemy/actor/lib/test/auto/DiscreteClock18.xml
----------------- Instantiating /home/travis/build/icyphy/ptII/ptolemy/actor/lib/test/auto/DiscreteClock18.xml
12 ms. Memory: 880128K Free: 424789K (48%)
----------------- Invoking toplevel() on ptolemy.moml.MoMLSimpleApplication@3095c4d8
----------------- Done invoking toplevel() on ptolemy.moml.MoMLSimpleApplication@3095c4d8
reloadAllAccessors: .DiscreteClock18

===========================================================================================
----------------- testing Tue Apr 16 04:00:42 UTC 2019 /home/travis/build/icyphy/ptII/ptolemy/actor/lib/test/auto/DiscreteClock19.xml
----------------- Instantiating /home/travis/build/icyphy/ptII/ptolemy/actor/lib/test/auto/DiscreteClock19.xml
11 ms. Memory: 880128K Free: 409208K (46%)
----------------- Invoking toplevel() on ptolemy.moml.MoMLSimpleApplication@6ad9fc44
----------------- Done invoking toplevel() on ptolemy.moml.MoMLSimpleApplication@6ad9fc44
reloadAllAccessors: .DiscreteClock19

===========================================================================================
----------------- testing Tue Apr 16 04:00:42 UTC 2019 /home/travis/build/icyphy/ptII/ptolemy/actor/lib/test/auto/DiscreteClock2.xml
----------------- Instantiating /home/travis/build/icyphy/ptII/ptolemy/actor/lib/test/auto/DiscreteClock2.xml
6 ms. Memory: 880128K Free: 391647K (44%)
----------------- Invoking toplevel() on ptolemy.moml.MoMLSimpleApplication@21a899fd
----------------- Done invoking toplevel() on ptolemy.moml.MoMLSimpleApplication@21a899fd
reloadAllAccessors: .DiscreteClock2

===========================================================================================
----------------- testing Tue Apr 16 04:00:42 UTC 2019 /home/travis/build/icyphy/ptII/ptolemy/actor/lib/test/auto/DiscreteClock20.xml
----------------- Instantiating /home/travis/build/icyphy/ptII/ptolemy/actor/lib/test/auto/DiscreteClock20.xml
4 ms. Memory: 880128K Free: 381270K (43%)
----------------- Invoking toplevel() on ptolemy.moml.MoMLSimpleApplication@130b0b77
----------------- Done invoking toplevel() on ptolemy.moml.MoMLSimpleApplication@130b0b77
reloadAllAccessors: .DiscreteClock20

===========================================================================================
----------------- testing Tue Apr 16 04:00:42 UTC 2019 /home/travis/build/icyphy/ptII/ptolemy/actor/lib/test/auto/DiscreteClock21.xml
----------------- Instantiating /home/travis/build/icyphy/ptII/ptolemy/actor/lib/test/auto/DiscreteClock21.xml
6 ms. Memory: 880128K Free: 370894K (42%)
----------------- Invoking toplevel() on ptolemy.moml.MoMLSimpleApplication@29b8af28
----------------- Done invoking toplevel() on ptolemy.moml.MoMLSimpleApplication@29b8af28
reloadAllAccessors: .DiscreteClock21

===========================================================================================
----------------- testing Tue Apr 16 04:00:42 UTC 2019 /home/travis/build/icyphy/ptII/ptolemy/actor/lib/test/auto/DiscreteClock22.xml
----------------- Instantiating /home/travis/build/icyphy/ptII/ptolemy/actor/lib/test/auto/DiscreteClock22.xml
6 ms. Memory: 880128K Free: 360517K (41%)
----------------- Invoking toplevel() on ptolemy.moml.MoMLSimpleApplication@7d09834f
----------------- Done invoking toplevel() on ptolemy.moml.MoMLSimpleApplication@7d09834f
reloadAllAccessors: .DiscreteClock22

===========================================================================================
----------------- testing Tue Apr 16 04:00:42 UTC 2019 /home/travis/build/icyphy/ptII/ptolemy/actor/lib/test/auto/DiscreteClock23.xml
----------------- Instantiating /home/travis/build/icyphy/ptII/ptolemy/actor/lib/test/auto/DiscreteClock23.xml
6 ms. Memory: 880128K Free: 342956K (39%)
----------------- Invoking toplevel() on ptolemy.moml.MoMLSimpleApplication@35fdbd2e
----------------- Done invoking toplevel() on ptolemy.moml.MoMLSimpleApplication@35fdbd2e
reloadAllAccessors: .DiscreteClock23

===========================================================================================
----------------- testing Tue Apr 16 04:00:42 UTC 2019 /home/travis/build/icyphy/ptII/ptolemy/actor/lib/test/auto/DiscreteClock24.xml
----------------- Instantiating /home/travis/build/icyphy/ptII/ptolemy/actor/lib/test/auto/DiscreteClock24.xml
6 ms. Memory: 880128K Free: 332579K (38%)
----------------- Invoking toplevel() on ptolemy.moml.MoMLSimpleApplication@7cb1c9c
----------------- Done invoking toplevel() on ptolemy.moml.MoMLSimpleApplication@7cb1c9c
reloadAllAccessors: .DiscreteClock24

===========================================================================================
----------------- testing Tue Apr 16 04:00:42 UTC 2019 /home/travis/build/icyphy/ptII/ptolemy/actor/lib/test/auto/DiscreteClock4.xml
----------------- Instantiating /home/travis/build/icyphy/ptII/ptolemy/actor/lib/test/auto/DiscreteClock4.xml
2 ms. Memory: 880128K Free: 322202K (37%)
----------------- Invoking toplevel() on ptolemy.moml.MoMLSimpleApplication@72205ff0
----------------- Done invoking toplevel() on ptolemy.moml.MoMLSimpleApplication@72205ff0
reloadAllAccessors: .DiscreteClock4

===========================================================================================
----------------- testing Tue Apr 16 04:00:42 UTC 2019 /home/travis/build/icyphy/ptII/ptolemy/actor/lib/test/auto/DiscreteClock5.xml
----------------- Instantiating /home/travis/build/icyphy/ptII/ptolemy/actor/lib/test/auto/DiscreteClock5.xml
1 ms. Memory: 880128K Free: 304641K (35%)
----------------- Invoking toplevel() on ptolemy.moml.MoMLSimpleApplication@2660467
----------------- Done invoking toplevel() on ptolemy.moml.MoMLSimpleApplication@2660467
reloadAllAccessors: .DiscreteClock5

===========================================================================================
----------------- testing Tue Apr 16 04:00:42 UTC 2019 /home/travis/build/icyphy/ptII/ptolemy/actor/lib/test/auto/DiscreteClock6.xml
----------------- Instantiating /home/travis/build/icyphy/ptII/ptolemy/actor/lib/test/auto/DiscreteClock6.xml
1 ms. Memory: 880128K Free: 294264K (33%)
----------------- Invoking toplevel() on ptolemy.moml.MoMLSimpleApplication@760e66e
----------------- Done invoking toplevel() on ptolemy.moml.MoMLSimpleApplication@760e66e
reloadAllAccessors: .DiscreteClock6

===========================================================================================
----------------- testing Tue Apr 16 04:00:42 UTC 2019 /home/travis/build/icyphy/ptII/ptolemy/actor/lib/test/auto/DiscreteClock7.xml
----------------- Instantiating /home/travis/build/icyphy/ptII/ptolemy/actor/lib/test/auto/DiscreteClock7.xml
2 ms. Memory: 880128K Free: 283888K (32%)
----------------- Invoking toplevel() on ptolemy.moml.MoMLSimpleApplication@69daa979
----------------- Done invoking toplevel() on ptolemy.moml.MoMLSimpleApplication@69daa979
reloadAllAccessors: .DiscreteClock7

===========================================================================================
----------------- testing Tue Apr 16 04:00:42 UTC 2019 /home/travis/build/icyphy/ptII/ptolemy/actor/lib/test/auto/DiscreteClock8.xml
----------------- Instantiating /home/travis/build/icyphy/ptII/ptolemy/actor/lib/test/auto/DiscreteClock8.xml
6 ms. Memory: 880128K Free: 266326K (30%)
----------------- Invoking toplevel() on ptolemy.moml.MoMLSimpleApplication@4ce79b5
----------------- Done invoking toplevel() on ptolemy.moml.MoMLSimpleApplication@4ce79b5
reloadAllAccessors: .DiscreteClock8

===========================================================================================
----------------- testing Tue Apr 16 04:00:42 UTC 2019 /home/travis/build/icyphy/ptII/ptolemy/actor/lib/test/auto/DiscreteClock9.xml
----------------- Instantiating /home/travis/build/icyphy/ptII/ptolemy/actor/lib/test/auto/DiscreteClock9.xml
6 ms. Memory: 880128K Free: 255950K (29%)
----------------- Invoking toplevel() on ptolemy.moml.MoMLSimpleApplication@11ef21e9
----------------- Done invoking toplevel() on ptolemy.moml.MoMLSimpleApplication@11ef21e9
reloadAllAccessors: .DiscreteClock9

===========================================================================================
----------------- testing Tue Apr 16 04:00:42 UTC 2019 /home/travis/build/icyphy/ptII/ptolemy/actor/lib/test/auto/DisplayArray.xml
----------------- Instantiating /home/travis/build/icyphy/ptII/ptolemy/actor/lib/test/auto/DisplayArray.xml
1 ms. Memory: 880128K Free: 245573K (28%)
----------------- Invoking toplevel() on ptolemy.moml.MoMLSimpleApplication@594b3e29
----------------- Done invoking toplevel() on ptolemy.moml.MoMLSimpleApplication@594b3e29
reloadAllAccessors: .DisplayArray

===========================================================================================
----------------- testing Tue Apr 16 04:00:42 UTC 2019 /home/travis/build/icyphy/ptII/ptolemy/actor/lib/test/auto/Distributor.xml
----------------- Instantiating /home/travis/build/icyphy/ptII/ptolemy/actor/lib/test/auto/Distributor.xml
2 ms. Memory: 880128K Free: 228012K (26%)
----------------- Invoking toplevel() on ptolemy.moml.MoMLSimpleApplication@1d30ac5c
----------------- Done invoking toplevel() on ptolemy.moml.MoMLSimpleApplication@1d30ac5c
reloadAllAccessors: .Distributor

===========================================================================================
----------------- testing Tue Apr 16 04:00:42 UTC 2019 /home/travis/build/icyphy/ptII/ptolemy/actor/lib/test/auto/Distributor2.xml
----------------- Instantiating /home/travis/build/icyphy/ptII/ptolemy/actor/lib/test/auto/Distributor2.xml
2 ms. Memory: 880128K Free: 217635K (25%)
----------------- Invoking toplevel() on ptolemy.moml.MoMLSimpleApplication@3dd87aa3
----------------- Done invoking toplevel() on ptolemy.moml.MoMLSimpleApplication@3dd87aa3
reloadAllAccessors: .Distributor2

===========================================================================================
----------------- testing Tue Apr 16 04:00:42 UTC 2019 /home/travis/build/icyphy/ptII/ptolemy/actor/lib/test/auto/DownSample.xml
----------------- Instantiating /home/travis/build/icyphy/ptII/ptolemy/actor/lib/test/auto/DownSample.xml
2 ms. Memory: 880128K Free: 207258K (24%)
----------------- Invoking toplevel() on ptolemy.moml.MoMLSimpleApplication@41908a53
----------------- Done invoking toplevel() on ptolemy.moml.MoMLSimpleApplication@41908a53
reloadAllAccessors: .DownSample

===========================================================================================
----------------- testing Tue Apr 16 04:00:42 UTC 2019 /home/travis/build/icyphy/ptII/ptolemy/actor/lib/test/auto/ElectronicUnitBase1.xml
----------------- Instantiating /home/travis/build/icyphy/ptII/ptolemy/actor/lib/test/auto/ElectronicUnitBase1.xml
13 ms. Memory: 880128K Free: 179320K (20%)
----------------- Invoking toplevel() on ptolemy.moml.MoMLSimpleApplication@41d9d609
----------------- Done invoking toplevel() on ptolemy.moml.MoMLSimpleApplication@41d9d609
reloadAllAccessors: .ElectronicUnitBase1

===========================================================================================
----------------- testing Tue Apr 16 04:00:42 UTC 2019 /home/travis/build/icyphy/ptII/ptolemy/actor/lib/test/auto/ElementsToArray.xml
----------------- Instantiating /home/travis/build/icyphy/ptII/ptolemy/actor/lib/test/auto/ElementsToArray.xml
2 ms. Memory: 880128K Free: 168943K (19%)
----------------- Invoking toplevel() on ptolemy.moml.MoMLSimpleApplication@754763df
----------------- Done invoking toplevel() on ptolemy.moml.MoMLSimpleApplication@754763df
reloadAllAccessors: .ElementsToArray

===========================================================================================
----------------- testing Tue Apr 16 04:00:42 UTC 2019 /home/travis/build/icyphy/ptII/ptolemy/actor/lib/test/auto/Equals.xml
----------------- Instantiating /home/travis/build/icyphy/ptII/ptolemy/actor/lib/test/auto/Equals.xml
2 ms. Memory: 880128K Free: 158567K (18%)
----------------- Invoking toplevel() on ptolemy.moml.MoMLSimpleApplication@1c8f80aa
----------------- Done invoking toplevel() on ptolemy.moml.MoMLSimpleApplication@1c8f80aa
reloadAllAccessors: .Equals

===========================================================================================
----------------- testing Tue Apr 16 04:00:43 UTC 2019 /home/travis/build/icyphy/ptII/ptolemy/actor/lib/test/auto/Exec.xml
----------------- Instantiating /home/travis/build/icyphy/ptII/ptolemy/actor/lib/test/auto/Exec.xml
12 ms. Memory: 1364992K Free: 1293062K (95%)
----------------- Invoking toplevel() on ptolemy.moml.MoMLSimpleApplication@75c7e851
----------------- Done invoking toplevel() on ptolemy.moml.MoMLSimpleApplication@75c7e851
reloadAllAccessors: .Exec

===========================================================================================
----------------- testing Tue Apr 16 04:00:43 UTC 2019 /home/travis/build/icyphy/ptII/ptolemy/actor/lib/test/auto/ExecEnvironment.xml
----------------- Instantiating /home/travis/build/icyphy/ptII/ptolemy/actor/lib/test/auto/ExecEnvironment.xml
23 ms. Memory: 1364992K Free: 1267451K (93%)
----------------- Invoking toplevel() on ptolemy.moml.MoMLSimpleApplication@6776cfcd
----------------- Done invoking toplevel() on ptolemy.moml.MoMLSimpleApplication@6776cfcd
reloadAllAccessors: .ExecEnvironment

===========================================================================================
----------------- testing Tue Apr 16 04:00:43 UTC 2019 /home/travis/build/icyphy/ptII/ptolemy/actor/lib/test/auto/ExecNonZeroReturnOutput.xml
----------------- Instantiating /home/travis/build/icyphy/ptII/ptolemy/actor/lib/test/auto/ExecNonZeroReturnOutput.xml
130 ms. Memory: 1364992K Free: 1142932K (84%)
----------------- Invoking toplevel() on ptolemy.moml.MoMLSimpleApplication@471d7dd8
----------------- Done invoking toplevel() on ptolemy.moml.MoMLSimpleApplication@471d7dd8
reloadAllAccessors: .ExecNonZeroReturnOutput

===========================================================================================
----------------- testing Tue Apr 16 04:00:43 UTC 2019 /home/travis/build/icyphy/ptII/ptolemy/actor/lib/test/auto/ExecRunDemos.xml
----------------- Instantiating /home/travis/build/icyphy/ptII/ptolemy/actor/lib/test/auto/ExecRunDemos.xml
Finished: 51 ms. Memory: 116224K Free: 100560K (87%)

Finished: 52 ms. Memory: 116224K Free: 97676K (84%)

Finished: 68 ms. Memory: 116224K Free: 98219K (85%)

Finished: 38 ms. Memory: 116224K Free: 99544K (86%)

Finished: 58 ms. Memory: 116224K Free: 100658K (87%)

9323 ms. Memory: 1364992K Free: 1026588K (75%)
----------------- Invoking toplevel() on ptolemy.moml.MoMLSimpleApplication@35887b74
----------------- Done invoking toplevel() on ptolemy.moml.MoMLSimpleApplication@35887b74
reloadAllAccessors: .ExecRunDemos

===========================================================================================
----------------- testing Tue Apr 16 04:00:53 UTC 2019 /home/travis/build/icyphy/ptII/ptolemy/actor/lib/test/auto/ExecStop.xml
----------------- Instantiating /home/travis/build/icyphy/ptII/ptolemy/actor/lib/test/auto/ExecStop.xml
5009 ms. Memory: 1364992K Free: 801747K (59%)
----------------- Invoking toplevel() on ptolemy.moml.MoMLSimpleApplication@32be17d3
----------------- Done invoking toplevel() on ptolemy.moml.MoMLSimpleApplication@32be17d3
reloadAllAccessors: .ExecStop

===========================================================================================
----------------- testing Tue Apr 16 04:00:58 UTC 2019 /home/travis/build/icyphy/ptII/ptolemy/actor/lib/test/auto/ExecutionTimeSDF.xml
----------------- Instantiating /home/travis/build/icyphy/ptII/ptolemy/actor/lib/test/auto/ExecutionTimeSDF.xml
Fired ExecutionTime: 1563600000
Fired ExecutionTime: 988000000
Fired ExecutionTime: -1645767296
6007 ms. Memory: 1364992K Free: 776827K (57%)
----------------- Invoking toplevel() on ptolemy.moml.MoMLSimpleApplication@258089c4
----------------- Done invoking toplevel() on ptolemy.moml.MoMLSimpleApplication@258089c4
reloadAllAccessors: .ExecutionTimeSDF

===========================================================================================
----------------- testing Tue Apr 16 04:01:04 UTC 2019 /home/travis/build/icyphy/ptII/ptolemy/actor/lib/test/auto/Expression1.xml
----------------- Instantiating /home/travis/build/icyphy/ptII/ptolemy/actor/lib/test/auto/Expression1.xml
1 ms. Memory: 1364992K Free: 760224K (56%)
----------------- Invoking toplevel() on ptolemy.moml.MoMLSimpleApplication@29a0e933
----------------- Done invoking toplevel() on ptolemy.moml.MoMLSimpleApplication@29a0e933
reloadAllAccessors: .Expression1

===========================================================================================
----------------- testing Tue Apr 16 04:01:04 UTC 2019 /home/travis/build/icyphy/ptII/ptolemy/actor/lib/test/auto/Expression10.xml
----------------- Instantiating /home/travis/build/icyphy/ptII/ptolemy/actor/lib/test/auto/Expression10.xml
4 ms. Memory: 1364992K Free: 743622K (54%)
----------------- Invoking toplevel() on ptolemy.moml.MoMLSimpleApplication@50394f3f
----------------- Done invoking toplevel() on ptolemy.moml.MoMLSimpleApplication@50394f3f
reloadAllAccessors: .Expression10

===========================================================================================
----------------- testing Tue Apr 16 04:01:04 UTC 2019 /home/travis/build/icyphy/ptII/ptolemy/actor/lib/test/auto/Expression11.xml
----------------- Instantiating /home/travis/build/icyphy/ptII/ptolemy/actor/lib/test/auto/Expression11.xml
3 ms. Memory: 1364992K Free: 718011K (53%)
----------------- Invoking toplevel() on ptolemy.moml.MoMLSimpleApplication@7815fdd2
----------------- Done invoking toplevel() on ptolemy.moml.MoMLSimpleApplication@7815fdd2
reloadAllAccessors: .Expression11

===========================================================================================
----------------- testing Tue Apr 16 04:01:04 UTC 2019 /home/travis/build/icyphy/ptII/ptolemy/actor/lib/test/auto/Expression12.xml
----------------- Instantiating /home/travis/build/icyphy/ptII/ptolemy/actor/lib/test/auto/Expression12.xml
3 ms. Memory: 1364992K Free: 701409K (51%)
----------------- Invoking toplevel() on ptolemy.moml.MoMLSimpleApplication@32e2742c
----------------- Done invoking toplevel() on ptolemy.moml.MoMLSimpleApplication@32e2742c
reloadAllAccessors: .Expression12

===========================================================================================
----------------- testing Tue Apr 16 04:01:04 UTC 2019 /home/travis/build/icyphy/ptII/ptolemy/actor/lib/test/auto/Expression13.xml
----------------- Instantiating /home/travis/build/icyphy/ptII/ptolemy/actor/lib/test/auto/Expression13.xml
2 ms. Memory: 1364992K Free: 684806K (50%)
----------------- Invoking toplevel() on ptolemy.moml.MoMLSimpleApplication@3132e764
----------------- Done invoking toplevel() on ptolemy.moml.MoMLSimpleApplication@3132e764
reloadAllAccessors: .Expression13

===========================================================================================
----------------- testing Tue Apr 16 04:01:04 UTC 2019 /home/travis/build/icyphy/ptII/ptolemy/actor/lib/test/auto/Expression14.xml
----------------- Instantiating /home/travis/build/icyphy/ptII/ptolemy/actor/lib/test/auto/Expression14.xml
4 ms. Memory: 1364992K Free: 668204K (49%)
----------------- Invoking toplevel() on ptolemy.moml.MoMLSimpleApplication@1a0e5095
----------------- Done invoking toplevel() on ptolemy.moml.MoMLSimpleApplication@1a0e5095
reloadAllAccessors: .Expression14

===========================================================================================
----------------- testing Tue Apr 16 04:01:04 UTC 2019 /home/travis/build/icyphy/ptII/ptolemy/actor/lib/test/auto/Expression15.xml
----------------- Instantiating /home/travis/build/icyphy/ptII/ptolemy/actor/lib/test/auto/Expression15.xml
2 ms. Memory: 1364992K Free: 642593K (47%)
----------------- Invoking toplevel() on ptolemy.moml.MoMLSimpleApplication@766f6159
----------------- Done invoking toplevel() on ptolemy.moml.MoMLSimpleApplication@766f6159
reloadAllAccessors: .Expression15

===========================================================================================
----------------- testing Tue Apr 16 04:01:04 UTC 2019 /home/travis/build/icyphy/ptII/ptolemy/actor/lib/test/auto/Expression16.xml
----------------- Instantiating /home/travis/build/icyphy/ptII/ptolemy/actor/lib/test/auto/Expression16.xml
2 ms. Memory: 1364992K Free: 625990K (46%)
----------------- Invoking toplevel() on ptolemy.moml.MoMLSimpleApplication@6cb9ec47
----------------- Done invoking toplevel() on ptolemy.moml.MoMLSimpleApplication@6cb9ec47
reloadAllAccessors: .Expression16

===========================================================================================
----------------- testing Tue Apr 16 04:01:04 UTC 2019 /home/travis/build/icyphy/ptII/ptolemy/actor/lib/test/auto/Expression17.xml
----------------- Instantiating /home/travis/build/icyphy/ptII/ptolemy/actor/lib/test/auto/Expression17.xml
2 ms. Memory: 1364992K Free: 609388K (45%)
----------------- Invoking toplevel() on ptolemy.moml.MoMLSimpleApplication@677f58d6
----------------- Done invoking toplevel() on ptolemy.moml.MoMLSimpleApplication@677f58d6
reloadAllAccessors: .Expression17

===========================================================================================
----------------- testing Tue Apr 16 04:01:04 UTC 2019 /home/travis/build/icyphy/ptII/ptolemy/actor/lib/test/auto/Expression18.xml
----------------- Instantiating /home/travis/build/icyphy/ptII/ptolemy/actor/lib/test/auto/Expression18.xml
1 ms. Memory: 1364992K Free: 592785K (43%)
----------------- Invoking toplevel() on ptolemy.moml.MoMLSimpleApplication@7dab8811
----------------- Done invoking toplevel() on ptolemy.moml.MoMLSimpleApplication@7dab8811
reloadAllAccessors: .Expression18

===========================================================================================
----------------- testing Tue Apr 16 04:01:04 UTC 2019 /home/travis/build/icyphy/ptII/ptolemy/actor/lib/test/auto/Expression2.xml
----------------- Instantiating /home/travis/build/icyphy/ptII/ptolemy/actor/lib/test/auto/Expression2.xml
2 ms. Memory: 1364992K Free: 567175K (42%)
----------------- Invoking toplevel() on ptolemy.moml.MoMLSimpleApplication@d7d196f
----------------- Done invoking toplevel() on ptolemy.moml.MoMLSimpleApplication@d7d196f
reloadAllAccessors: .Expression2

===========================================================================================
----------------- testing Tue Apr 16 04:01:04 UTC 2019 /home/travis/build/icyphy/ptII/ptolemy/actor/lib/test/auto/Expression3.xml
----------------- Instantiating /home/travis/build/icyphy/ptII/ptolemy/actor/lib/test/auto/Expression3.xml
3 ms. Memory: 1364992K Free: 550572K (40%)
----------------- Invoking toplevel() on ptolemy.moml.MoMLSimpleApplication@47aa4be7
----------------- Done invoking toplevel() on ptolemy.moml.MoMLSimpleApplication@47aa4be7
reloadAllAccessors: .Expression3

===========================================================================================
----------------- testing Tue Apr 16 04:01:04 UTC 2019 /home/travis/build/icyphy/ptII/ptolemy/actor/lib/test/auto/Expression4.xml
----------------- Instantiating /home/travis/build/icyphy/ptII/ptolemy/actor/lib/test/auto/Expression4.xml
3 ms. Memory: 1364992K Free: 533970K (39%)
----------------- Invoking toplevel() on ptolemy.moml.MoMLSimpleApplication@7ef62c29
----------------- Done invoking toplevel() on ptolemy.moml.MoMLSimpleApplication@7ef62c29
reloadAllAccessors: .Expression4

===========================================================================================
----------------- testing Tue Apr 16 04:01:04 UTC 2019 /home/travis/build/icyphy/ptII/ptolemy/actor/lib/test/auto/Expression5.xml
----------------- Instantiating /home/travis/build/icyphy/ptII/ptolemy/actor/lib/test/auto/Expression5.xml
2 ms. Memory: 1364992K Free: 517367K (38%)
----------------- Invoking toplevel() on ptolemy.moml.MoMLSimpleApplication@39ee48c7
----------------- Done invoking toplevel() on ptolemy.moml.MoMLSimpleApplication@39ee48c7
reloadAllAccessors: .Expression5

===========================================================================================
----------------- testing Tue Apr 16 04:01:04 UTC 2019 /home/travis/build/icyphy/ptII/ptolemy/actor/lib/test/auto/Expression6.xml
----------------- Instantiating /home/travis/build/icyphy/ptII/ptolemy/actor/lib/test/auto/Expression6.xml
2 ms. Memory: 1364992K Free: 491757K (36%)
----------------- Invoking toplevel() on ptolemy.moml.MoMLSimpleApplication@640c4175
----------------- Done invoking toplevel() on ptolemy.moml.MoMLSimpleApplication@640c4175
reloadAllAccessors: .Expression6

===========================================================================================
----------------- testing Tue Apr 16 04:01:04 UTC 2019 /home/travis/build/icyphy/ptII/ptolemy/actor/lib/test/auto/Expression7.xml
----------------- Instantiating /home/travis/build/icyphy/ptII/ptolemy/actor/lib/test/auto/Expression7.xml
3 ms. Memory: 1364992K Free: 475154K (35%)
----------------- Invoking toplevel() on ptolemy.moml.MoMLSimpleApplication@7ef7ee42
----------------- Done invoking toplevel() on ptolemy.moml.MoMLSimpleApplication@7ef7ee42
reloadAllAccessors: .Expression7

===========================================================================================
----------------- testing Tue Apr 16 04:01:04 UTC 2019 /home/travis/build/icyphy/ptII/ptolemy/actor/lib/test/auto/Expression8.xml
----------------- Instantiating /home/travis/build/icyphy/ptII/ptolemy/actor/lib/test/auto/Expression8.xml
4 ms. Memory: 1364992K Free: 458552K (34%)
----------------- Invoking toplevel() on ptolemy.moml.MoMLSimpleApplication@51c24786
----------------- Done invoking toplevel() on ptolemy.moml.MoMLSimpleApplication@51c24786
reloadAllAccessors: .Expression8

===========================================================================================
----------------- testing Tue Apr 16 04:01:04 UTC 2019 /home/travis/build/icyphy/ptII/ptolemy/actor/lib/test/auto/Expression9.xml
----------------- Instantiating /home/travis/build/icyphy/ptII/ptolemy/actor/lib/test/auto/Expression9.xml
1 ms. Memory: 1364992K Free: 441949K (32%)
----------------- Invoking toplevel() on ptolemy.moml.MoMLSimpleApplication@5c786193
----------------- Done invoking toplevel() on ptolemy.moml.MoMLSimpleApplication@5c786193
reloadAllAccessors: .Expression9

===========================================================================================
----------------- testing Tue Apr 16 04:01:04 UTC 2019 /home/travis/build/icyphy/ptII/ptolemy/actor/lib/test/auto/ExpressionConcatenateArrayType.xml
----------------- Instantiating /home/travis/build/icyphy/ptII/ptolemy/actor/lib/test/auto/ExpressionConcatenateArrayType.xml
3 ms. Memory: 1364992K Free: 416339K (31%)
----------------- Invoking toplevel() on ptolemy.moml.MoMLSimpleApplication@74a2235f
----------------- Done invoking toplevel() on ptolemy.moml.MoMLSimpleApplication@74a2235f
reloadAllAccessors: .ExpressionConcatenateArrayType

===========================================================================================
----------------- testing Tue Apr 16 04:01:04 UTC 2019 /home/travis/build/icyphy/ptII/ptolemy/actor/lib/test/auto/ExpressionConcatenateArrayType2.xml
----------------- Instantiating /home/travis/build/icyphy/ptII/ptolemy/actor/lib/test/auto/ExpressionConcatenateArrayType2.xml
2 ms. Memory: 1364992K Free: 399736K (29%)
----------------- Invoking toplevel() on ptolemy.moml.MoMLSimpleApplication@258761c0
----------------- Done invoking toplevel() on ptolemy.moml.MoMLSimpleApplication@258761c0
reloadAllAccessors: .ExpressionConcatenateArrayType2

===========================================================================================
----------------- testing Tue Apr 16 04:01:04 UTC 2019 /home/travis/build/icyphy/ptII/ptolemy/actor/lib/test/auto/ExpressionFix.xml
----------------- Instantiating /home/travis/build/icyphy/ptII/ptolemy/actor/lib/test/auto/ExpressionFix.xml
21 ms. Memory: 1364992K Free: 383134K (28%)
----------------- Invoking toplevel() on ptolemy.moml.MoMLSimpleApplication@39dc7f27
----------------- Done invoking toplevel() on ptolemy.moml.MoMLSimpleApplication@39dc7f27
reloadAllAccessors: .ExpressionFix

===========================================================================================
----------------- testing Tue Apr 16 04:01:04 UTC 2019 /home/travis/build/icyphy/ptII/ptolemy/actor/lib/test/auto/ExpressionFix2.xml
----------------- Instantiating /home/travis/build/icyphy/ptII/ptolemy/actor/lib/test/auto/ExpressionFix2.xml
3 ms. Memory: 1364992K Free: 366531K (27%)
----------------- Invoking toplevel() on ptolemy.moml.MoMLSimpleApplication@2eb3a456
----------------- Done invoking toplevel() on ptolemy.moml.MoMLSimpleApplication@2eb3a456
reloadAllAccessors: .ExpressionFix2

===========================================================================================
----------------- testing Tue Apr 16 04:01:04 UTC 2019 /home/travis/build/icyphy/ptII/ptolemy/actor/lib/test/auto/ExpressionFix3.xml
----------------- Instantiating /home/travis/build/icyphy/ptII/ptolemy/actor/lib/test/auto/ExpressionFix3.xml
2 ms. Memory: 1364992K Free: 340921K (25%)
----------------- Invoking toplevel() on ptolemy.moml.MoMLSimpleApplication@60b95656
----------------- Done invoking toplevel() on ptolemy.moml.MoMLSimpleApplication@60b95656
reloadAllAccessors: .ExpressionFix3

===========================================================================================
----------------- testing Tue Apr 16 04:01:04 UTC 2019 /home/travis/build/icyphy/ptII/ptolemy/actor/lib/test/auto/FileWriter1.xml
----------------- Instantiating /home/travis/build/icyphy/ptII/ptolemy/actor/lib/test/auto/FileWriter1.xml
3 ms. Memory: 1364992K Free: 324318K (24%)
----------------- Invoking toplevel() on ptolemy.moml.MoMLSimpleApplication@7933512f
----------------- Done invoking toplevel() on ptolemy.moml.MoMLSimpleApplication@7933512f
reloadAllAccessors: .FileWriter1

===========================================================================================
----------------- testing Tue Apr 16 04:01:04 UTC 2019 /home/travis/build/icyphy/ptII/ptolemy/actor/lib/test/auto/FileWriter2.xml
----------------- Instantiating /home/travis/build/icyphy/ptII/ptolemy/actor/lib/test/auto/FileWriter2.xml
3 ms. Memory: 1364992K Free: 307715K (23%)
----------------- Invoking toplevel() on ptolemy.moml.MoMLSimpleApplication@25251f39
----------------- Done invoking toplevel() on ptolemy.moml.MoMLSimpleApplication@25251f39
reloadAllAccessors: .FileWriter2

===========================================================================================
----------------- testing Tue Apr 16 04:01:04 UTC 2019 /home/travis/build/icyphy/ptII/ptolemy/actor/lib/test/auto/FileWriter3.xml
----------------- Instantiating /home/travis/build/icyphy/ptII/ptolemy/actor/lib/test/auto/FileWriter3.xml
6 ms. Memory: 1364992K Free: 291113K (21%)
----------------- Invoking toplevel() on ptolemy.moml.MoMLSimpleApplication@3ea7a52d
----------------- Done invoking toplevel() on ptolemy.moml.MoMLSimpleApplication@3ea7a52d
reloadAllAccessors: .FileWriter3

===========================================================================================
----------------- testing Tue Apr 16 04:01:04 UTC 2019 /home/travis/build/icyphy/ptII/ptolemy/actor/lib/test/auto/Gaussian.xml
----------------- Instantiating /home/travis/build/icyphy/ptII/ptolemy/actor/lib/test/auto/Gaussian.xml
2 ms. Memory: 1364992K Free: 265503K (19%)
----------------- Invoking toplevel() on ptolemy.moml.MoMLSimpleApplication@7110621b
----------------- Done invoking toplevel() on ptolemy.moml.MoMLSimpleApplication@7110621b
reloadAllAccessors: .Gaussian

===========================================================================================
----------------- testing Tue Apr 16 04:01:04 UTC 2019 /home/travis/build/icyphy/ptII/ptolemy/actor/lib/test/auto/Gaussian1.xml
----------------- Instantiating /home/travis/build/icyphy/ptII/ptolemy/actor/lib/test/auto/Gaussian1.xml
2 ms. Memory: 1364992K Free: 248900K (18%)
----------------- Invoking toplevel() on ptolemy.moml.MoMLSimpleApplication@448734a4
----------------- Done invoking toplevel() on ptolemy.moml.MoMLSimpleApplication@448734a4
reloadAllAccessors: .Gaussian1

===========================================================================================
----------------- testing Tue Apr 16 04:01:04 UTC 2019 /home/travis/build/icyphy/ptII/ptolemy/actor/lib/test/auto/Gaussian2.xml
----------------- Instantiating /home/travis/build/icyphy/ptII/ptolemy/actor/lib/test/auto/Gaussian2.xml
3 ms. Memory: 1364992K Free: 232297K (17%)
----------------- Invoking toplevel() on ptolemy.moml.MoMLSimpleApplication@49aa8f26
----------------- Done invoking toplevel() on ptolemy.moml.MoMLSimpleApplication@49aa8f26
reloadAllAccessors: .Gaussian2

===========================================================================================
----------------- testing Tue Apr 16 04:01:04 UTC 2019 /home/travis/build/icyphy/ptII/ptolemy/actor/lib/test/auto/GradientAdaptiveLattice.xml
----------------- Instantiating /home/travis/build/icyphy/ptII/ptolemy/actor/lib/test/auto/GradientAdaptiveLattice.xml
3 ms. Memory: 1364992K Free: 215695K (16%)
----------------- Invoking toplevel() on ptolemy.moml.MoMLSimpleApplication@5b845aaa
----------------- Done invoking toplevel() on ptolemy.moml.MoMLSimpleApplication@5b845aaa
reloadAllAccessors: .GradientAdaptiveLattice

===========================================================================================
----------------- testing Tue Apr 16 04:01:04 UTC 2019 /home/travis/build/icyphy/ptII/ptolemy/actor/lib/test/auto/IIR.xml
----------------- Instantiating /home/travis/build/icyphy/ptII/ptolemy/actor/lib/test/auto/IIR.xml
1 ms. Memory: 1364992K Free: 190084K (14%)
----------------- Invoking toplevel() on ptolemy.moml.MoMLSimpleApplication@441a9981
----------------- Done invoking toplevel() on ptolemy.moml.MoMLSimpleApplication@441a9981
reloadAllAccessors: .IIR

===========================================================================================
----------------- testing Tue Apr 16 04:01:04 UTC 2019 /home/travis/build/icyphy/ptII/ptolemy/actor/lib/test/auto/InputOutputTransparentPorts.xml
----------------- Instantiating /home/travis/build/icyphy/ptII/ptolemy/actor/lib/test/auto/InputOutputTransparentPorts.xml
2 ms. Memory: 1364992K Free: 173482K (13%)
----------------- Invoking toplevel() on ptolemy.moml.MoMLSimpleApplication@17011f27
----------------- Done invoking toplevel() on ptolemy.moml.MoMLSimpleApplication@17011f27
reloadAllAccessors: .InputOutputTransparentPorts

===========================================================================================
----------------- testing Tue Apr 16 04:01:04 UTC 2019 /home/travis/build/icyphy/ptII/ptolemy/actor/lib/test/auto/Interpolator.xml
----------------- Instantiating /home/travis/build/icyphy/ptII/ptolemy/actor/lib/test/auto/Interpolator.xml
3 ms. Memory: 1364992K Free: 156879K (11%)
----------------- Invoking toplevel() on ptolemy.moml.MoMLSimpleApplication@565fef06
----------------- Done invoking toplevel() on ptolemy.moml.MoMLSimpleApplication@565fef06
reloadAllAccessors: .Interpolator

===========================================================================================
----------------- testing Tue Apr 16 04:01:04 UTC 2019 /home/travis/build/icyphy/ptII/ptolemy/actor/lib/test/auto/InterpolatorFiringLimitDE.xml
----------------- Instantiating /home/travis/build/icyphy/ptII/ptolemy/actor/lib/test/auto/InterpolatorFiringLimitDE.xml
2 ms. Memory: 1364992K Free: 140277K (10%)
----------------- Invoking toplevel() on ptolemy.moml.MoMLSimpleApplication@34a34eab
----------------- Done invoking toplevel() on ptolemy.moml.MoMLSimpleApplication@34a34eab
reloadAllAccessors: .InterpolatorFiringLimitDE

===========================================================================================
----------------- testing Tue Apr 16 04:01:04 UTC 2019 /home/travis/build/icyphy/ptII/ptolemy/actor/lib/test/auto/Lattice.xml
----------------- Instantiating /home/travis/build/icyphy/ptII/ptolemy/actor/lib/test/auto/Lattice.xml
2 ms. Memory: 1364992K Free: 114666K (8%)
----------------- Invoking toplevel() on ptolemy.moml.MoMLSimpleApplication@6b57e933
----------------- Done invoking toplevel() on ptolemy.moml.MoMLSimpleApplication@6b57e933
reloadAllAccessors: .Lattice

===========================================================================================
----------------- testing Tue Apr 16 04:01:04 UTC 2019 /home/travis/build/icyphy/ptII/ptolemy/actor/lib/test/auto/LazyAOCTestLazy.xml
----------------- Instantiating /home/travis/build/icyphy/ptII/ptolemy/actor/lib/test/auto/LazyAOCTestLazy.xml
8 ms. Memory: 1364992K Free: 98063K (7%)
----------------- Invoking toplevel() on ptolemy.moml.MoMLSimpleApplication@45343b1
----------------- Done invoking toplevel() on ptolemy.moml.MoMLSimpleApplication@45343b1
reloadAllAccessors: .LazyAOCTestLazy

===========================================================================================
----------------- testing Tue Apr 16 04:01:04 UTC 2019 /home/travis/build/icyphy/ptII/ptolemy/actor/lib/test/auto/LazyAOCTestNonLazy.xml
----------------- Instantiating /home/travis/build/icyphy/ptII/ptolemy/actor/lib/test/auto/LazyAOCTestNonLazy.xml
2 ms. Memory: 1364992K Free: 81461K (6%)
----------------- Invoking toplevel() on ptolemy.moml.MoMLSimpleApplication@112d0406
----------------- Done invoking toplevel() on ptolemy.moml.MoMLSimpleApplication@112d0406
reloadAllAccessors: .LazyAOCTestNonLazy

===========================================================================================
----------------- testing Tue Apr 16 04:01:04 UTC 2019 /home/travis/build/icyphy/ptII/ptolemy/actor/lib/test/auto/LazyInnerClass.xml
----------------- Instantiating /home/travis/build/icyphy/ptII/ptolemy/actor/lib/test/auto/LazyInnerClass.xml
22 ms. Memory: 1364992K Free: 1314629K (96%)
----------------- Invoking toplevel() on ptolemy.moml.MoMLSimpleApplication@4acbb983
----------------- Done invoking toplevel() on ptolemy.moml.MoMLSimpleApplication@4acbb983
reloadAllAccessors: .LazyInnerClass

===========================================================================================
----------------- testing Tue Apr 16 04:01:04 UTC 2019 /home/travis/build/icyphy/ptII/ptolemy/actor/lib/test/auto/LazyPubSub.xml
----------------- Instantiating /home/travis/build/icyphy/ptII/ptolemy/actor/lib/test/auto/LazyPubSub.xml
24 ms. Memory: 1364992K Free: 1295691K (95%)
----------------- Invoking toplevel() on ptolemy.moml.MoMLSimpleApplication@1b8cdd82
----------------- Done invoking toplevel() on ptolemy.moml.MoMLSimpleApplication@1b8cdd82
reloadAllAccessors: .LazyPubSub

===========================================================================================
----------------- testing Tue Apr 16 04:01:04 UTC 2019 /home/travis/build/icyphy/ptII/ptolemy/actor/lib/test/auto/LazyPubSub2.xml
----------------- Instantiating /home/travis/build/icyphy/ptII/ptolemy/actor/lib/test/auto/LazyPubSub2.xml
25 ms. Memory: 1364992K Free: 1283239K (94%)
----------------- Invoking toplevel() on ptolemy.moml.MoMLSimpleApplication@51fd8cbd
----------------- Done invoking toplevel() on ptolemy.moml.MoMLSimpleApplication@51fd8cbd
reloadAllAccessors: .LazyPubSub2

===========================================================================================
----------------- testing Tue Apr 16 04:01:04 UTC 2019 /home/travis/build/icyphy/ptII/ptolemy/actor/lib/test/auto/LazyPubSub3.xml
----------------- Instantiating /home/travis/build/icyphy/ptII/ptolemy/actor/lib/test/auto/LazyPubSub3.xml
18 ms. Memory: 1364992K Free: 1264302K (93%)
----------------- Invoking toplevel() on ptolemy.moml.MoMLSimpleApplication@1648ede5
----------------- Done invoking toplevel() on ptolemy.moml.MoMLSimpleApplication@1648ede5
reloadAllAccessors: .LazyPubSub3

===========================================================================================
----------------- testing Tue Apr 16 04:01:05 UTC 2019 /home/travis/build/icyphy/ptII/ptolemy/actor/lib/test/auto/LazySubClassModel.xml
----------------- Instantiating /home/travis/build/icyphy/ptII/ptolemy/actor/lib/test/auto/LazySubClassModel.xml
2 ms. Memory: 1364992K Free: 1245545K (91%)
----------------- Invoking toplevel() on ptolemy.moml.MoMLSimpleApplication@59e6d173
----------------- Done invoking toplevel() on ptolemy.moml.MoMLSimpleApplication@59e6d173
reloadAllAccessors: .LazySubClassModel

===========================================================================================
----------------- testing Tue Apr 16 04:01:05 UTC 2019 /home/travis/build/icyphy/ptII/ptolemy/actor/lib/test/auto/LevelCrossTest1.xml
----------------- Instantiating /home/travis/build/icyphy/ptII/ptolemy/actor/lib/test/auto/LevelCrossTest1.xml
1 ms. Memory: 1364992K Free: 1233093K (90%)
----------------- Invoking toplevel() on ptolemy.moml.MoMLSimpleApplication@5dc99016
----------------- Done invoking toplevel() on ptolemy.moml.MoMLSimpleApplication@5dc99016
reloadAllAccessors: .broken

===========================================================================================
----------------- testing Tue Apr 16 04:01:05 UTC 2019 /home/travis/build/icyphy/ptII/ptolemy/actor/lib/test/auto/LevelCrossTest10.xml
----------------- Instantiating /home/travis/build/icyphy/ptII/ptolemy/actor/lib/test/auto/LevelCrossTest10.xml
1 ms. Memory: 1364992K Free: 1214155K (89%)
----------------- Invoking toplevel() on ptolemy.moml.MoMLSimpleApplication@19c86508
----------------- Done invoking toplevel() on ptolemy.moml.MoMLSimpleApplication@19c86508
reloadAllAccessors: .LevelCrossTest10

===========================================================================================
----------------- testing Tue Apr 16 04:01:05 UTC 2019 /home/travis/build/icyphy/ptII/ptolemy/actor/lib/test/auto/LevelCrossTest11.xml
----------------- Instantiating /home/travis/build/icyphy/ptII/ptolemy/actor/lib/test/auto/LevelCrossTest11.xml
1 ms. Memory: 1364992K Free: 1201703K (88%)
----------------- Invoking toplevel() on ptolemy.moml.MoMLSimpleApplication@648a16ec
----------------- Done invoking toplevel() on ptolemy.moml.MoMLSimpleApplication@648a16ec
reloadAllAccessors: .LevelCrossTest11

===========================================================================================
----------------- testing Tue Apr 16 04:01:05 UTC 2019 /home/travis/build/icyphy/ptII/ptolemy/actor/lib/test/auto/LevelCrossTest12.xml
----------------- Instantiating /home/travis/build/icyphy/ptII/ptolemy/actor/lib/test/auto/LevelCrossTest12.xml
1 ms. Memory: 1364992K Free: 1189251K (87%)
----------------- Invoking toplevel() on ptolemy.moml.MoMLSimpleApplication@20350d02
----------------- Done invoking toplevel() on ptolemy.moml.MoMLSimpleApplication@20350d02
reloadAllAccessors: .LevelCrossTest12

===========================================================================================
----------------- testing Tue Apr 16 04:01:05 UTC 2019 /home/travis/build/icyphy/ptII/ptolemy/actor/lib/test/auto/LevelCrossTest13.xml
----------------- Instantiating /home/travis/build/icyphy/ptII/ptolemy/actor/lib/test/auto/LevelCrossTest13.xml
1 ms. Memory: 1364992K Free: 1170313K (86%)
----------------- Invoking toplevel() on ptolemy.moml.MoMLSimpleApplication@29d67734
----------------- Done invoking toplevel() on ptolemy.moml.MoMLSimpleApplication@29d67734
reloadAllAccessors: .LevelCrossTest13

===========================================================================================
----------------- testing Tue Apr 16 04:01:05 UTC 2019 /home/travis/build/icyphy/ptII/ptolemy/actor/lib/test/auto/LevelCrossTest2.xml
----------------- Instantiating /home/travis/build/icyphy/ptII/ptolemy/actor/lib/test/auto/LevelCrossTest2.xml
2 ms. Memory: 1364992K Free: 1149768K (84%)
----------------- Invoking toplevel() on ptolemy.moml.MoMLSimpleApplication@19e1a8d3
----------------- Done invoking toplevel() on ptolemy.moml.MoMLSimpleApplication@19e1a8d3
reloadAllAccessors: .broken

===========================================================================================
----------------- testing Tue Apr 16 04:01:05 UTC 2019 /home/travis/build/icyphy/ptII/ptolemy/actor/lib/test/auto/LevelCrossTest3.xml
----------------- Instantiating /home/travis/build/icyphy/ptII/ptolemy/actor/lib/test/auto/LevelCrossTest3.xml
1 ms. Memory: 1364992K Free: 1137316K (83%)
----------------- Invoking toplevel() on ptolemy.moml.MoMLSimpleApplication@c1798eb
----------------- Done invoking toplevel() on ptolemy.moml.MoMLSimpleApplication@c1798eb
reloadAllAccessors: .LevelCrossTest3

===========================================================================================
----------------- testing Tue Apr 16 04:01:05 UTC 2019 /home/travis/build/icyphy/ptII/ptolemy/actor/lib/test/auto/LevelCrossTest4.xml
----------------- Instantiating /home/travis/build/icyphy/ptII/ptolemy/actor/lib/test/auto/LevelCrossTest4.xml
1 ms. Memory: 1364992K Free: 1118378K (82%)
----------------- Invoking toplevel() on ptolemy.moml.MoMLSimpleApplication@276dcc16
----------------- Done invoking toplevel() on ptolemy.moml.MoMLSimpleApplication@276dcc16
reloadAllAccessors: .broken

===========================================================================================
----------------- testing Tue Apr 16 04:01:05 UTC 2019 /home/travis/build/icyphy/ptII/ptolemy/actor/lib/test/auto/LevelCrossTest5.xml
----------------- Instantiating /home/travis/build/icyphy/ptII/ptolemy/actor/lib/test/auto/LevelCrossTest5.xml
4 ms. Memory: 1364992K Free: 1105926K (81%)
----------------- Invoking toplevel() on ptolemy.moml.MoMLSimpleApplication@57f93c62
----------------- Done invoking toplevel() on ptolemy.moml.MoMLSimpleApplication@57f93c62
reloadAllAccessors: .LevelCrossTest5

===========================================================================================
----------------- testing Tue Apr 16 04:01:05 UTC 2019 /home/travis/build/icyphy/ptII/ptolemy/actor/lib/test/auto/LevelCrossTest6.xml
----------------- Instantiating /home/travis/build/icyphy/ptII/ptolemy/actor/lib/test/auto/LevelCrossTest6.xml
1 ms. Memory: 1364992K Free: 1093474K (80%)
----------------- Invoking toplevel() on ptolemy.moml.MoMLSimpleApplication@5509c3bc
----------------- Done invoking toplevel() on ptolemy.moml.MoMLSimpleApplication@5509c3bc
reloadAllAccessors: .LevelCrossTest6

===========================================================================================
----------------- testing Tue Apr 16 04:01:05 UTC 2019 /home/travis/build/icyphy/ptII/ptolemy/actor/lib/test/auto/LevelCrossTest7.xml
----------------- Instantiating /home/travis/build/icyphy/ptII/ptolemy/actor/lib/test/auto/LevelCrossTest7.xml
1 ms. Memory: 1364992K Free: 1074537K (79%)
----------------- Invoking toplevel() on ptolemy.moml.MoMLSimpleApplication@3c8a8fe5
----------------- Done invoking toplevel() on ptolemy.moml.MoMLSimpleApplication@3c8a8fe5
reloadAllAccessors: .LevelCrossTest7

===========================================================================================
----------------- testing Tue Apr 16 04:01:05 UTC 2019 /home/travis/build/icyphy/ptII/ptolemy/actor/lib/test/auto/LevelCrossTest8.xml
----------------- Instantiating /home/travis/build/icyphy/ptII/ptolemy/actor/lib/test/auto/LevelCrossTest8.xml
1 ms. Memory: 1364992K Free: 1062085K (78%)
----------------- Invoking toplevel() on ptolemy.moml.MoMLSimpleApplication@746b51bb
----------------- Done invoking toplevel() on ptolemy.moml.MoMLSimpleApplication@746b51bb
reloadAllAccessors: .LevelCrossTest8

===========================================================================================
----------------- testing Tue Apr 16 04:01:05 UTC 2019 /home/travis/build/icyphy/ptII/ptolemy/actor/lib/test/auto/LevelCrossTest9.xml
----------------- Instantiating /home/travis/build/icyphy/ptII/ptolemy/actor/lib/test/auto/LevelCrossTest9.xml
1 ms. Memory: 1364992K Free: 1043147K (76%)
----------------- Invoking toplevel() on ptolemy.moml.MoMLSimpleApplication@1f9cc2b9
----------------- Done invoking toplevel() on ptolemy.moml.MoMLSimpleApplication@1f9cc2b9
reloadAllAccessors: .LevelCrossTest9

===========================================================================================
----------------- testing Tue Apr 16 04:01:05 UTC 2019 /home/travis/build/icyphy/ptII/ptolemy/actor/lib/test/auto/LevinsonDurbin.xml
----------------- Instantiating /home/travis/build/icyphy/ptII/ptolemy/actor/lib/test/auto/LevinsonDurbin.xml
4 ms. Memory: 1364992K Free: 1030695K (76%)
----------------- Invoking toplevel() on ptolemy.moml.MoMLSimpleApplication@29f1bce0
----------------- Done invoking toplevel() on ptolemy.moml.MoMLSimpleApplication@29f1bce0
reloadAllAccessors: .LevinsonDurbin

===========================================================================================
----------------- testing Tue Apr 16 04:01:05 UTC 2019 /home/travis/build/icyphy/ptII/ptolemy/actor/lib/test/auto/LevinsonDurbin2.xml
----------------- Instantiating /home/travis/build/icyphy/ptII/ptolemy/actor/lib/test/auto/LevinsonDurbin2.xml
1 ms. Memory: 1364992K Free: 1018243K (75%)
----------------- Invoking toplevel() on ptolemy.moml.MoMLSimpleApplication@616f18de
----------------- Done invoking toplevel() on ptolemy.moml.MoMLSimpleApplication@616f18de
reloadAllAccessors: .LevinsonDurbin2

===========================================================================================
----------------- testing Tue Apr 16 04:01:05 UTC 2019 /home/travis/build/icyphy/ptII/ptolemy/actor/lib/test/auto/LevinsonDurbin3.xml
----------------- Instantiating /home/travis/build/icyphy/ptII/ptolemy/actor/lib/test/auto/LevinsonDurbin3.xml
2 ms. Memory: 1364992K Free: 999305K (73%)
----------------- Invoking toplevel() on ptolemy.moml.MoMLSimpleApplication@7a6270af
----------------- Done invoking toplevel() on ptolemy.moml.MoMLSimpleApplication@7a6270af
reloadAllAccessors: .LevinsonDurbin3

===========================================================================================
----------------- testing Tue Apr 16 04:01:05 UTC 2019 /home/travis/build/icyphy/ptII/ptolemy/actor/lib/test/auto/Limiter.xml
----------------- Instantiating /home/travis/build/icyphy/ptII/ptolemy/actor/lib/test/auto/Limiter.xml
3 ms. Memory: 1364992K Free: 986853K (72%)
----------------- Invoking toplevel() on ptolemy.moml.MoMLSimpleApplication@13a92f7e
----------------- Done invoking toplevel() on ptolemy.moml.MoMLSimpleApplication@13a92f7e
reloadAllAccessors: .Limiter

===========================================================================================
----------------- testing Tue Apr 16 04:01:05 UTC 2019 /home/travis/build/icyphy/ptII/ptolemy/actor/lib/test/auto/LinearDifferenceEquationSystem.xml
----------------- Instantiating /home/travis/build/icyphy/ptII/ptolemy/actor/lib/test/auto/LinearDifferenceEquationSystem.xml
4 ms. Memory: 1364992K Free: 974401K (71%)
----------------- Invoking toplevel() on ptolemy.moml.MoMLSimpleApplication@40c7047d
----------------- Done invoking toplevel() on ptolemy.moml.MoMLSimpleApplication@40c7047d
reloadAllAccessors: .LinearDifferenceEquationSystem

===========================================================================================
----------------- testing Tue Apr 16 04:01:05 UTC 2019 /home/travis/build/icyphy/ptII/ptolemy/actor/lib/test/auto/LookupTable.xml
----------------- Instantiating /home/travis/build/icyphy/ptII/ptolemy/actor/lib/test/auto/LookupTable.xml
2 ms. Memory: 1364992K Free: 955464K (70%)
----------------- Invoking toplevel() on ptolemy.moml.MoMLSimpleApplication@35ebd83e
----------------- Done invoking toplevel() on ptolemy.moml.MoMLSimpleApplication@35ebd83e
reloadAllAccessors: .LookupTable

===========================================================================================
----------------- testing Tue Apr 16 04:01:05 UTC 2019 /home/travis/build/icyphy/ptII/ptolemy/actor/lib/test/auto/MathFunction.xml
----------------- Instantiating /home/travis/build/icyphy/ptII/ptolemy/actor/lib/test/auto/MathFunction.xml
8 ms. Memory: 1364992K Free: 943012K (69%)
----------------- Invoking toplevel() on ptolemy.moml.MoMLSimpleApplication@265fd1fd
----------------- Done invoking toplevel() on ptolemy.moml.MoMLSimpleApplication@265fd1fd
reloadAllAccessors: .MathFunction

===========================================================================================
----------------- testing Tue Apr 16 04:01:05 UTC 2019 /home/travis/build/icyphy/ptII/ptolemy/actor/lib/test/auto/MathFunction2.xml
----------------- Instantiating /home/travis/build/icyphy/ptII/ptolemy/actor/lib/test/auto/MathFunction2.xml
2 ms. Memory: 1364992K Free: 930560K (68%)
----------------- Invoking toplevel() on ptolemy.moml.MoMLSimpleApplication@599441c6
----------------- Done invoking toplevel() on ptolemy.moml.MoMLSimpleApplication@599441c6
reloadAllAccessors: .MathFunction2

===========================================================================================
----------------- testing Tue Apr 16 04:01:05 UTC 2019 /home/travis/build/icyphy/ptII/ptolemy/actor/lib/test/auto/MathFunction3.xml
----------------- Instantiating /home/travis/build/icyphy/ptII/ptolemy/actor/lib/test/auto/MathFunction3.xml
6 ms. Memory: 1364992K Free: 911622K (67%)
----------------- Invoking toplevel() on ptolemy.moml.MoMLSimpleApplication@f4cafd9
----------------- Done invoking toplevel() on ptolemy.moml.MoMLSimpleApplication@f4cafd9
reloadAllAccessors: .MathFunction3

===========================================================================================
----------------- testing Tue Apr 16 04:01:05 UTC 2019 /home/travis/build/icyphy/ptII/ptolemy/actor/lib/test/auto/MatrixCropBoolean.xml
----------------- Instantiating /home/travis/build/icyphy/ptII/ptolemy/actor/lib/test/auto/MatrixCropBoolean.xml
2 ms. Memory: 1364992K Free: 899170K (66%)
----------------- Invoking toplevel() on ptolemy.moml.MoMLSimpleApplication@355cef4a
----------------- Done invoking toplevel() on ptolemy.moml.MoMLSimpleApplication@355cef4a
reloadAllAccessors: .MatrixCropBoolean

===========================================================================================
----------------- testing Tue Apr 16 04:01:05 UTC 2019 /home/travis/build/icyphy/ptII/ptolemy/actor/lib/test/auto/MatrixCropComplex.xml
----------------- Instantiating /home/travis/build/icyphy/ptII/ptolemy/actor/lib/test/auto/MatrixCropComplex.xml
1 ms. Memory: 1364992K Free: 886718K (65%)
----------------- Invoking toplevel() on ptolemy.moml.MoMLSimpleApplication@68a9f3f2
----------------- Done invoking toplevel() on ptolemy.moml.MoMLSimpleApplication@68a9f3f2
reloadAllAccessors: .MatrixCropComplex

===========================================================================================
----------------- testing Tue Apr 16 04:01:05 UTC 2019 /home/travis/build/icyphy/ptII/ptolemy/actor/lib/test/auto/MatrixCropDouble.xml
----------------- Instantiating /home/travis/build/icyphy/ptII/ptolemy/actor/lib/test/auto/MatrixCropDouble.xml
2 ms. Memory: 1364992K Free: 867781K (64%)
----------------- Invoking toplevel() on ptolemy.moml.MoMLSimpleApplication@3a58b31a
----------------- Done invoking toplevel() on ptolemy.moml.MoMLSimpleApplication@3a58b31a
reloadAllAccessors: .MatrixCropDouble

===========================================================================================
----------------- testing Tue Apr 16 04:01:05 UTC 2019 /home/travis/build/icyphy/ptII/ptolemy/actor/lib/test/auto/MatrixCropFix.xml
----------------- Instantiating /home/travis/build/icyphy/ptII/ptolemy/actor/lib/test/auto/MatrixCropFix.xml
1 ms. Memory: 1364992K Free: 855329K (63%)
----------------- Invoking toplevel() on ptolemy.moml.MoMLSimpleApplication@5d77f154
----------------- Done invoking toplevel() on ptolemy.moml.MoMLSimpleApplication@5d77f154
reloadAllAccessors: .MatrixCropFix

===========================================================================================
----------------- testing Tue Apr 16 04:01:05 UTC 2019 /home/travis/build/icyphy/ptII/ptolemy/actor/lib/test/auto/MatrixCropInt.xml
----------------- Instantiating /home/travis/build/icyphy/ptII/ptolemy/actor/lib/test/auto/MatrixCropInt.xml
2 ms. Memory: 1364992K Free: 836391K (61%)
----------------- Invoking toplevel() on ptolemy.moml.MoMLSimpleApplication@22dbf940
----------------- Done invoking toplevel() on ptolemy.moml.MoMLSimpleApplication@22dbf940
reloadAllAccessors: .MatrixCropInt

===========================================================================================
----------------- testing Tue Apr 16 04:01:05 UTC 2019 /home/travis/build/icyphy/ptII/ptolemy/actor/lib/test/auto/MatrixCropLong.xml
----------------- Instantiating /home/travis/build/icyphy/ptII/ptolemy/actor/lib/test/auto/MatrixCropLong.xml
1 ms. Memory: 1364992K Free: 823939K (60%)
----------------- Invoking toplevel() on ptolemy.moml.MoMLSimpleApplication@aaf3b6c
----------------- Done invoking toplevel() on ptolemy.moml.MoMLSimpleApplication@aaf3b6c
reloadAllAccessors: .MatrixCropLong

===========================================================================================
----------------- testing Tue Apr 16 04:01:05 UTC 2019 /home/travis/build/icyphy/ptII/ptolemy/actor/lib/test/auto/MatrixToArray.xml
----------------- Instantiating /home/travis/build/icyphy/ptII/ptolemy/actor/lib/test/auto/MatrixToArray.xml
4 ms. Memory: 1364992K Free: 799004K (59%)
----------------- Invoking toplevel() on ptolemy.moml.MoMLSimpleApplication@e8c2bc7
----------------- Done invoking toplevel() on ptolemy.moml.MoMLSimpleApplication@e8c2bc7
reloadAllAccessors: .MatrixToArray

===========================================================================================
----------------- testing Tue Apr 16 04:01:05 UTC 2019 /home/travis/build/icyphy/ptII/ptolemy/actor/lib/test/auto/MaxIndex.xml
----------------- Instantiating /home/travis/build/icyphy/ptII/ptolemy/actor/lib/test/auto/MaxIndex.xml
1 ms. Memory: 1364992K Free: 780066K (57%)
----------------- Invoking toplevel() on ptolemy.moml.MoMLSimpleApplication@1bba0b8f
----------------- Done invoking toplevel() on ptolemy.moml.MoMLSimpleApplication@1bba0b8f
reloadAllAccessors: .MaxIndex

===========================================================================================
----------------- testing Tue Apr 16 04:01:05 UTC 2019 /home/travis/build/icyphy/ptII/ptolemy/actor/lib/test/auto/Maximum.xml
----------------- Instantiating /home/travis/build/icyphy/ptII/ptolemy/actor/lib/test/auto/Maximum.xml
2 ms. Memory: 1364992K Free: 767614K (56%)
----------------- Invoking toplevel() on ptolemy.moml.MoMLSimpleApplication@26ea269
----------------- Done invoking toplevel() on ptolemy.moml.MoMLSimpleApplication@26ea269
reloadAllAccessors: .Maximum

===========================================================================================
----------------- testing Tue Apr 16 04:01:05 UTC 2019 /home/travis/build/icyphy/ptII/ptolemy/actor/lib/test/auto/MaximumComplex.xml
----------------- Instantiating /home/travis/build/icyphy/ptII/ptolemy/actor/lib/test/auto/MaximumComplex.xml
2 ms. Memory: 1364992K Free: 755162K (55%)
----------------- Invoking toplevel() on ptolemy.moml.MoMLSimpleApplication@25cfb1a2
----------------- Done invoking toplevel() on ptolemy.moml.MoMLSimpleApplication@25cfb1a2
reloadAllAccessors: .MaximumComplex

===========================================================================================
----------------- testing Tue Apr 16 04:01:05 UTC 2019 /home/travis/build/icyphy/ptII/ptolemy/actor/lib/test/auto/MethodCallTest.xml
----------------- Instantiating /home/travis/build/icyphy/ptII/ptolemy/actor/lib/test/auto/MethodCallTest.xml
2 ms. Memory: 1364992K Free: 736225K (54%)
----------------- Invoking toplevel() on ptolemy.moml.MoMLSimpleApplication@10c895fb
----------------- Done invoking toplevel() on ptolemy.moml.MoMLSimpleApplication@10c895fb
reloadAllAccessors: .MethodCallTest

===========================================================================================
----------------- testing Tue Apr 16 04:01:05 UTC 2019 /home/travis/build/icyphy/ptII/ptolemy/actor/lib/test/auto/Minimum.xml
----------------- Instantiating /home/travis/build/icyphy/ptII/ptolemy/actor/lib/test/auto/Minimum.xml
1 ms. Memory: 1364992K Free: 723773K (53%)
----------------- Invoking toplevel() on ptolemy.moml.MoMLSimpleApplication@1fce8516
----------------- Done invoking toplevel() on ptolemy.moml.MoMLSimpleApplication@1fce8516
reloadAllAccessors: .Minimum

===========================================================================================
----------------- testing Tue Apr 16 04:01:05 UTC 2019 /home/travis/build/icyphy/ptII/ptolemy/actor/lib/test/auto/MinimumComplex.xml
----------------- Instantiating /home/travis/build/icyphy/ptII/ptolemy/actor/lib/test/auto/MinimumComplex.xml
2 ms. Memory: 1364992K Free: 711321K (52%)
----------------- Invoking toplevel() on ptolemy.moml.MoMLSimpleApplication@10191e21
----------------- Done invoking toplevel() on ptolemy.moml.MoMLSimpleApplication@10191e21
reloadAllAccessors: .MinimumComplex

===========================================================================================
----------------- testing Tue Apr 16 04:01:05 UTC 2019 /home/travis/build/icyphy/ptII/ptolemy/actor/lib/test/auto/MinimumMultiports.xml
----------------- Instantiating /home/travis/build/icyphy/ptII/ptolemy/actor/lib/test/auto/MinimumMultiports.xml
3 ms. Memory: 1364992K Free: 692383K (51%)
----------------- Invoking toplevel() on ptolemy.moml.MoMLSimpleApplication@3be1c3bf
----------------- Done invoking toplevel() on ptolemy.moml.MoMLSimpleApplication@3be1c3bf
reloadAllAccessors: .MinimumMultiports

===========================================================================================
----------------- testing Tue Apr 16 04:01:05 UTC 2019 /home/travis/build/icyphy/ptII/ptolemy/actor/lib/test/auto/ModifyDate.xml
----------------- Instantiating /home/travis/build/icyphy/ptII/ptolemy/actor/lib/test/auto/ModifyDate.xml
5 ms. Memory: 1364992K Free: 673690K (49%)
----------------- Invoking toplevel() on ptolemy.moml.MoMLSimpleApplication@1a037dd9
----------------- Done invoking toplevel() on ptolemy.moml.MoMLSimpleApplication@1a037dd9
reloadAllAccessors: .ModifyDate

===========================================================================================
----------------- testing Tue Apr 16 04:01:05 UTC 2019 /home/travis/build/icyphy/ptII/ptolemy/actor/lib/test/auto/ModifyDate2.xml
----------------- Instantiating /home/travis/build/icyphy/ptII/ptolemy/actor/lib/test/auto/ModifyDate2.xml
3 ms. Memory: 1364992K Free: 648510K (48%)
----------------- Invoking toplevel() on ptolemy.moml.MoMLSimpleApplication@7601d244
----------------- Done invoking toplevel() on ptolemy.moml.MoMLSimpleApplication@7601d244
reloadAllAccessors: .ModifyDate2

===========================================================================================
----------------- testing Tue Apr 16 04:01:05 UTC 2019 /home/travis/build/icyphy/ptII/ptolemy/actor/lib/test/auto/MovingAverage.xml
----------------- Instantiating /home/travis/build/icyphy/ptII/ptolemy/actor/lib/test/auto/MovingAverage.xml
1 ms. Memory: 1364992K Free: 636058K (47%)
----------------- Invoking toplevel() on ptolemy.moml.MoMLSimpleApplication@416d8028
----------------- Done invoking toplevel() on ptolemy.moml.MoMLSimpleApplication@416d8028
reloadAllAccessors: .MovingAverage

===========================================================================================
----------------- testing Tue Apr 16 04:01:05 UTC 2019 /home/travis/build/icyphy/ptII/ptolemy/actor/lib/test/auto/MovingMaximum.xml
----------------- Instantiating /home/travis/build/icyphy/ptII/ptolemy/actor/lib/test/auto/MovingMaximum.xml
5 ms. Memory: 1364992K Free: 623606K (46%)
----------------- Invoking toplevel() on ptolemy.moml.MoMLSimpleApplication@4d0c3541
----------------- Done invoking toplevel() on ptolemy.moml.MoMLSimpleApplication@4d0c3541
reloadAllAccessors: .MovingMaximum

===========================================================================================
----------------- testing Tue Apr 16 04:01:05 UTC 2019 /home/travis/build/icyphy/ptII/ptolemy/actor/lib/test/auto/MultipleLinksToSameRelation.xml
----------------- Instantiating /home/travis/build/icyphy/ptII/ptolemy/actor/lib/test/auto/MultipleLinksToSameRelation.xml
1 ms. Memory: 1364992K Free: 604669K (44%)
----------------- Invoking toplevel() on ptolemy.moml.MoMLSimpleApplication@61333365
----------------- Done invoking toplevel() on ptolemy.moml.MoMLSimpleApplication@61333365
reloadAllAccessors: .MultipleLinksToSameRelation

===========================================================================================
----------------- testing Tue Apr 16 04:01:05 UTC 2019 /home/travis/build/icyphy/ptII/ptolemy/actor/lib/test/auto/MultipleLinksToSameRelationDE.xml
----------------- Instantiating /home/travis/build/icyphy/ptII/ptolemy/actor/lib/test/auto/MultipleLinksToSameRelationDE.xml
2 ms. Memory: 1364992K Free: 592217K (43%)
----------------- Invoking toplevel() on ptolemy.moml.MoMLSimpleApplication@2e7cd28b
----------------- Done invoking toplevel() on ptolemy.moml.MoMLSimpleApplication@2e7cd28b
reloadAllAccessors: .MultipleLinksToSameRelationDE

===========================================================================================
----------------- testing Tue Apr 16 04:01:05 UTC 2019 /home/travis/build/icyphy/ptII/ptolemy/actor/lib/test/auto/Multiplexor.xml
----------------- Instantiating /home/travis/build/icyphy/ptII/ptolemy/actor/lib/test/auto/Multiplexor.xml
2 ms. Memory: 1364992K Free: 579765K (42%)
----------------- Invoking toplevel() on ptolemy.moml.MoMLSimpleApplication@46a0dd69
----------------- Done invoking toplevel() on ptolemy.moml.MoMLSimpleApplication@46a0dd69
reloadAllAccessors: .Multiplexor

===========================================================================================
----------------- testing Tue Apr 16 04:01:05 UTC 2019 /home/travis/build/icyphy/ptII/ptolemy/actor/lib/test/auto/Multiplexor1.xml
----------------- Instantiating /home/travis/build/icyphy/ptII/ptolemy/actor/lib/test/auto/Multiplexor1.xml
1 ms. Memory: 1364992K Free: 560827K (41%)
----------------- Invoking toplevel() on ptolemy.moml.MoMLSimpleApplication@3bce7bb0
----------------- Done invoking toplevel() on ptolemy.moml.MoMLSimpleApplication@3bce7bb0
reloadAllAccessors: .Multiplexor1

===========================================================================================
----------------- testing Tue Apr 16 04:01:05 UTC 2019 /home/travis/build/icyphy/ptII/ptolemy/actor/lib/test/auto/Multiplexor2.xml
----------------- Instantiating /home/travis/build/icyphy/ptII/ptolemy/actor/lib/test/auto/Multiplexor2.xml
3 ms. Memory: 1364992K Free: 548376K (40%)
----------------- Invoking toplevel() on ptolemy.moml.MoMLSimpleApplication@39031cdd
----------------- Done invoking toplevel() on ptolemy.moml.MoMLSimpleApplication@39031cdd
reloadAllAccessors: .Multiplexor2

===========================================================================================
----------------- testing Tue Apr 16 04:01:05 UTC 2019 /home/travis/build/icyphy/ptII/ptolemy/actor/lib/test/auto/Multiplexor3.xml
----------------- Instantiating /home/travis/build/icyphy/ptII/ptolemy/actor/lib/test/auto/Multiplexor3.xml
1 ms. Memory: 1364992K Free: 535924K (39%)
----------------- Invoking toplevel() on ptolemy.moml.MoMLSimpleApplication@7510fdee
----------------- Done invoking toplevel() on ptolemy.moml.MoMLSimpleApplication@7510fdee
reloadAllAccessors: .Multiplexor3

===========================================================================================
----------------- testing Tue Apr 16 04:01:05 UTC 2019 /home/travis/build/icyphy/ptII/ptolemy/actor/lib/test/auto/MultiplexorDE.xml
----------------- Instantiating /home/travis/build/icyphy/ptII/ptolemy/actor/lib/test/auto/MultiplexorDE.xml
1 ms. Memory: 1364992K Free: 516986K (38%)
----------------- Invoking toplevel() on ptolemy.moml.MoMLSimpleApplication@288c53c7
----------------- Done invoking toplevel() on ptolemy.moml.MoMLSimpleApplication@288c53c7
reloadAllAccessors: .MultiplexorDE

===========================================================================================
----------------- testing Tue Apr 16 04:01:05 UTC 2019 /home/travis/build/icyphy/ptII/ptolemy/actor/lib/test/auto/MultiportBroadcastTest.xml
----------------- Instantiating /home/travis/build/icyphy/ptII/ptolemy/actor/lib/test/auto/MultiportBroadcastTest.xml
83 ms. Memory: 1364992K Free: 504534K (37%)
----------------- Invoking toplevel() on ptolemy.moml.MoMLSimpleApplication@3e429ff8
----------------- Done invoking toplevel() on ptolemy.moml.MoMLSimpleApplication@3e429ff8
reloadAllAccessors: .MultiportBroadcastTest

===========================================================================================
----------------- testing Tue Apr 16 04:01:06 UTC 2019 /home/travis/build/icyphy/ptII/ptolemy/actor/lib/test/auto/MultiportOutHangDuringGetWidth.xml
----------------- Instantiating /home/travis/build/icyphy/ptII/ptolemy/actor/lib/test/auto/MultiportOutHangDuringGetWidth.xml
4 ms. Memory: 1364992K Free: 479371K (35%)
----------------- Invoking toplevel() on ptolemy.moml.MoMLSimpleApplication@31d0ee94
----------------- Done invoking toplevel() on ptolemy.moml.MoMLSimpleApplication@31d0ee94
reloadAllAccessors: .MultiportOutHangDuringGetWidth

===========================================================================================
----------------- testing Tue Apr 16 04:01:06 UTC 2019 /home/travis/build/icyphy/ptII/ptolemy/actor/lib/test/auto/NilToken.xml
----------------- Instantiating /home/travis/build/icyphy/ptII/ptolemy/actor/lib/test/auto/NilToken.xml
1 ms. Memory: 1364992K Free: 466919K (34%)
----------------- Invoking toplevel() on ptolemy.moml.MoMLSimpleApplication@7870941e
----------------- Done invoking toplevel() on ptolemy.moml.MoMLSimpleApplication@7870941e
reloadAllAccessors: .NilToken

===========================================================================================
----------------- testing Tue Apr 16 04:01:06 UTC 2019 /home/travis/build/icyphy/ptII/ptolemy/actor/lib/test/auto/NilTokenNonStrictTest.xml
----------------- Instantiating /home/travis/build/icyphy/ptII/ptolemy/actor/lib/test/auto/NilTokenNonStrictTest.xml
2 ms. Memory: 1364992K Free: 454467K (33%)
----------------- Invoking toplevel() on ptolemy.moml.MoMLSimpleApplication@7fbdb410
----------------- Done invoking toplevel() on ptolemy.moml.MoMLSimpleApplication@7fbdb410
reloadAllAccessors: .NilTokenNonStrictTest

===========================================================================================
----------------- testing Tue Apr 16 04:01:06 UTC 2019 /home/travis/build/icyphy/ptII/ptolemy/actor/lib/test/auto/NilTokenRecord.xml
----------------- Instantiating /home/travis/build/icyphy/ptII/ptolemy/actor/lib/test/auto/NilTokenRecord.xml
8 ms. Memory: 1364992K Free: 435529K (32%)
----------------- Invoking toplevel() on ptolemy.moml.MoMLSimpleApplication@6469f101
----------------- Done invoking toplevel() on ptolemy.moml.MoMLSimpleApplication@6469f101
reloadAllAccessors: .NilTokenRecord

===========================================================================================
----------------- testing Tue Apr 16 04:01:06 UTC 2019 /home/travis/build/icyphy/ptII/ptolemy/actor/lib/test/auto/NilTokenTypeTest.xml
----------------- Instantiating /home/travis/build/icyphy/ptII/ptolemy/actor/lib/test/auto/NilTokenTypeTest.xml
8 ms. Memory: 1364992K Free: 416836K (31%)
----------------- Invoking toplevel() on ptolemy.moml.MoMLSimpleApplication@2b8daa23
----------------- Done invoking toplevel() on ptolemy.moml.MoMLSimpleApplication@2b8daa23
reloadAllAccessors: .NilTokenTypeTest

===========================================================================================
----------------- testing Tue Apr 16 04:01:06 UTC 2019 /home/travis/build/icyphy/ptII/ptolemy/actor/lib/test/auto/ObjectToken1.xml
----------------- Instantiating /home/travis/build/icyphy/ptII/ptolemy/actor/lib/test/auto/ObjectToken1.xml
1 ms. Memory: 1364992K Free: 404384K (30%)
----------------- Invoking toplevel() on ptolemy.moml.MoMLSimpleApplication@5592f12d
----------------- Done invoking toplevel() on ptolemy.moml.MoMLSimpleApplication@5592f12d
reloadAllAccessors: .ObjectToken1

===========================================================================================
----------------- testing Tue Apr 16 04:01:06 UTC 2019 /home/travis/build/icyphy/ptII/ptolemy/actor/lib/test/auto/OrderedMerge.xml
----------------- Instantiating /home/travis/build/icyphy/ptII/ptolemy/actor/lib/test/auto/OrderedMerge.xml
14 ms. Memory: 1364992K Free: 360542K (26%)
----------------- Invoking toplevel() on ptolemy.moml.MoMLSimpleApplication@31e7a96e
----------------- Done invoking toplevel() on ptolemy.moml.MoMLSimpleApplication@31e7a96e
reloadAllAccessors: .OrderedMerge

===========================================================================================
----------------- testing Tue Apr 16 04:01:06 UTC 2019 /home/travis/build/icyphy/ptII/ptolemy/actor/lib/test/auto/OrderedRecordDisassembler.xml
----------------- Instantiating /home/travis/build/icyphy/ptII/ptolemy/actor/lib/test/auto/OrderedRecordDisassembler.xml
3 ms. Memory: 1364992K Free: 348091K (26%)
----------------- Invoking toplevel() on ptolemy.moml.MoMLSimpleApplication@1d6fa422
----------------- Done invoking toplevel() on ptolemy.moml.MoMLSimpleApplication@1d6fa422
reloadAllAccessors: .OrderedRecordDisassembler

===========================================================================================
----------------- testing Tue Apr 16 04:01:06 UTC 2019 /home/travis/build/icyphy/ptII/ptolemy/actor/lib/test/auto/OrderedRecordDisassembler2.xml
----------------- Instantiating /home/travis/build/icyphy/ptII/ptolemy/actor/lib/test/auto/OrderedRecordDisassembler2.xml
4 ms. Memory: 1364992K Free: 335639K (25%)
----------------- Invoking toplevel() on ptolemy.moml.MoMLSimpleApplication@1c28bb4e
----------------- Done invoking toplevel() on ptolemy.moml.MoMLSimpleApplication@1c28bb4e
reloadAllAccessors: .OrderedRecordDisassembler2

===========================================================================================
----------------- testing Tue Apr 16 04:01:06 UTC 2019 /home/travis/build/icyphy/ptII/ptolemy/actor/lib/test/auto/OrderedRecordUpdater.xml
----------------- Instantiating /home/travis/build/icyphy/ptII/ptolemy/actor/lib/test/auto/OrderedRecordUpdater.xml
2 ms. Memory: 1364992K Free: 316701K (23%)
----------------- Invoking toplevel() on ptolemy.moml.MoMLSimpleApplication@56d18fe
----------------- Done invoking toplevel() on ptolemy.moml.MoMLSimpleApplication@56d18fe
reloadAllAccessors: .RecordUpdater

===========================================================================================
----------------- testing Tue Apr 16 04:01:06 UTC 2019 /home/travis/build/icyphy/ptII/ptolemy/actor/lib/test/auto/OrderedRecordUpdater2.xml
----------------- Instantiating /home/travis/build/icyphy/ptII/ptolemy/actor/lib/test/auto/OrderedRecordUpdater2.xml
3 ms. Memory: 1364992K Free: 304249K (22%)
----------------- Invoking toplevel() on ptolemy.moml.MoMLSimpleApplication@11acfebf
----------------- Done invoking toplevel() on ptolemy.moml.MoMLSimpleApplication@11acfebf
reloadAllAccessors: .RecordUpdater2

===========================================================================================
----------------- testing Tue Apr 16 04:01:06 UTC 2019 /home/travis/build/icyphy/ptII/ptolemy/actor/lib/test/auto/PhaseUnwrap.xml
----------------- Instantiating /home/travis/build/icyphy/ptII/ptolemy/actor/lib/test/auto/PhaseUnwrap.xml
1 ms. Memory: 1364992K Free: 285312K (21%)
----------------- Invoking toplevel() on ptolemy.moml.MoMLSimpleApplication@6c18f897
----------------- Done invoking toplevel() on ptolemy.moml.MoMLSimpleApplication@6c18f897
reloadAllAccessors: .PhaseUnwrap

===========================================================================================
----------------- testing Tue Apr 16 04:01:06 UTC 2019 /home/travis/build/icyphy/ptII/ptolemy/actor/lib/test/auto/PoissonClock.xml
----------------- Instantiating /home/travis/build/icyphy/ptII/ptolemy/actor/lib/test/auto/PoissonClock.xml
1 ms. Memory: 1364992K Free: 272860K (20%)
----------------- Invoking toplevel() on ptolemy.moml.MoMLSimpleApplication@3cfb8ba6
----------------- Done invoking toplevel() on ptolemy.moml.MoMLSimpleApplication@3cfb8ba6
reloadAllAccessors: .PoissonClock

===========================================================================================
----------------- testing Tue Apr 16 04:01:06 UTC 2019 /home/travis/build/icyphy/ptII/ptolemy/actor/lib/test/auto/PoissonClock2.xml
----------------- Instantiating /home/travis/build/icyphy/ptII/ptolemy/actor/lib/test/auto/PoissonClock2.xml
1 ms. Memory: 1364992K Free: 260408K (19%)
----------------- Invoking toplevel() on ptolemy.moml.MoMLSimpleApplication@3e7101af
----------------- Done invoking toplevel() on ptolemy.moml.MoMLSimpleApplication@3e7101af
reloadAllAccessors: .PoissonClock2

===========================================================================================
----------------- testing Tue Apr 16 04:01:06 UTC 2019 /home/travis/build/icyphy/ptII/ptolemy/actor/lib/test/auto/PoissonClock3.xml
----------------- Instantiating /home/travis/build/icyphy/ptII/ptolemy/actor/lib/test/auto/PoissonClock3.xml
1 ms. Memory: 1364992K Free: 241470K (18%)
----------------- Invoking toplevel() on ptolemy.moml.MoMLSimpleApplication@379e5ef
----------------- Done invoking toplevel() on ptolemy.moml.MoMLSimpleApplication@379e5ef
reloadAllAccessors: .PoissonClock3

===========================================================================================
----------------- testing Tue Apr 16 04:01:06 UTC 2019 /home/travis/build/icyphy/ptII/ptolemy/actor/lib/test/auto/PubSubWithInitialTokens.xml
----------------- Instantiating /home/travis/build/icyphy/ptII/ptolemy/actor/lib/test/auto/PubSubWithInitialTokens.xml
3 ms. Memory: 1364992K Free: 229018K (17%)
----------------- Invoking toplevel() on ptolemy.moml.MoMLSimpleApplication@427cd0cd
----------------- Done invoking toplevel() on ptolemy.moml.MoMLSimpleApplication@427cd0cd
reloadAllAccessors: .PubSubWithInitialTokens

===========================================================================================
----------------- testing Tue Apr 16 04:01:06 UTC 2019 /home/travis/build/icyphy/ptII/ptolemy/actor/lib/test/auto/PubSubWithInitialTokens2.xml
----------------- Instantiating /home/travis/build/icyphy/ptII/ptolemy/actor/lib/test/auto/PubSubWithInitialTokens2.xml
2 ms. Memory: 1364992K Free: 216566K (16%)
----------------- Invoking toplevel() on ptolemy.moml.MoMLSimpleApplication@552d5f1d
----------------- Done invoking toplevel() on ptolemy.moml.MoMLSimpleApplication@552d5f1d
reloadAllAccessors: .PubSubWithInitialTokens2

===========================================================================================
----------------- testing Tue Apr 16 04:01:06 UTC 2019 /home/travis/build/icyphy/ptII/ptolemy/actor/lib/test/auto/PublisherClassNoParameter.xml
----------------- Instantiating /home/travis/build/icyphy/ptII/ptolemy/actor/lib/test/auto/PublisherClassNoParameter.xml
2 ms. Memory: 1364992K Free: 191387K (14%)
----------------- Invoking toplevel() on ptolemy.moml.MoMLSimpleApplication@1ef59075
----------------- Done invoking toplevel() on ptolemy.moml.MoMLSimpleApplication@1ef59075
reloadAllAccessors: .PublisherClassNoParameter

===========================================================================================
----------------- testing Tue Apr 16 04:01:06 UTC 2019 /home/travis/build/icyphy/ptII/ptolemy/actor/lib/test/auto/PublisherClassParameter.xml
----------------- Instantiating /home/travis/build/icyphy/ptII/ptolemy/actor/lib/test/auto/PublisherClassParameter.xml
3 ms. Memory: 1364992K Free: 172693K (13%)
----------------- Invoking toplevel() on ptolemy.moml.MoMLSimpleApplication@49398ff0
----------------- Done invoking toplevel() on ptolemy.moml.MoMLSimpleApplication@49398ff0
reloadAllAccessors: .PublisherClassParameter

===========================================================================================
----------------- testing Tue Apr 16 04:01:06 UTC 2019 /home/travis/build/icyphy/ptII/ptolemy/actor/lib/test/auto/PublisherNonStrictTest.xml
----------------- Instantiating /home/travis/build/icyphy/ptII/ptolemy/actor/lib/test/auto/PublisherNonStrictTest.xml
3 ms. Memory: 1364992K Free: 153755K (11%)
----------------- Invoking toplevel() on ptolemy.moml.MoMLSimpleApplication@bf41364
----------------- Done invoking toplevel() on ptolemy.moml.MoMLSimpleApplication@bf41364
reloadAllAccessors: .PublisherNonStrictTest

===========================================================================================
----------------- testing Tue Apr 16 04:01:06 UTC 2019 /home/travis/build/icyphy/ptII/ptolemy/actor/lib/test/auto/PublisherPort1.xml
----------------- Instantiating /home/travis/build/icyphy/ptII/ptolemy/actor/lib/test/auto/PublisherPort1.xml
2 ms. Memory: 1364992K Free: 141304K (10%)
----------------- Invoking toplevel() on ptolemy.moml.MoMLSimpleApplication@6f8ad851
----------------- Done invoking toplevel() on ptolemy.moml.MoMLSimpleApplication@6f8ad851
reloadAllAccessors: .PublisherPort1

===========================================================================================
----------------- testing Tue Apr 16 04:01:06 UTC 2019 /home/travis/build/icyphy/ptII/ptolemy/actor/lib/test/auto/PublisherPort2.xml
----------------- Instantiating /home/travis/build/icyphy/ptII/ptolemy/actor/lib/test/auto/PublisherPort2.xml
2 ms. Memory: 1364992K Free: 128852K (9%)
----------------- Invoking toplevel() on ptolemy.moml.MoMLSimpleApplication@1a05e866
----------------- Done invoking toplevel() on ptolemy.moml.MoMLSimpleApplication@1a05e866
reloadAllAccessors: .PublisherPort2

===========================================================================================
----------------- testing Tue Apr 16 04:01:06 UTC 2019 /home/travis/build/icyphy/ptII/ptolemy/actor/lib/test/auto/PublisherPort3.xml
----------------- Instantiating /home/travis/build/icyphy/ptII/ptolemy/actor/lib/test/auto/PublisherPort3.xml
3 ms. Memory: 1364992K Free: 109914K (8%)
----------------- Invoking toplevel() on ptolemy.moml.MoMLSimpleApplication@177bb5ce
----------------- Done invoking toplevel() on ptolemy.moml.MoMLSimpleApplication@177bb5ce
reloadAllAccessors: .PublisherPort3

===========================================================================================
----------------- testing Tue Apr 16 04:01:06 UTC 2019 /home/travis/build/icyphy/ptII/ptolemy/actor/lib/test/auto/PublisherPort4.xml
----------------- Instantiating /home/travis/build/icyphy/ptII/ptolemy/actor/lib/test/auto/PublisherPort4.xml
2 ms. Memory: 1364992K Free: 97462K (7%)
----------------- Invoking toplevel() on ptolemy.moml.MoMLSimpleApplication@78e49d64
----------------- Done invoking toplevel() on ptolemy.moml.MoMLSimpleApplication@78e49d64
reloadAllAccessors: .PublisherPort4

===========================================================================================
----------------- testing Tue Apr 16 04:01:06 UTC 2019 /home/travis/build/icyphy/ptII/ptolemy/actor/lib/test/auto/PublisherPort5.xml
----------------- Instantiating /home/travis/build/icyphy/ptII/ptolemy/actor/lib/test/auto/PublisherPort5.xml
3 ms. Memory: 1364992K Free: 85011K (6%)
----------------- Invoking toplevel() on ptolemy.moml.MoMLSimpleApplication@3b8791ca
----------------- Done invoking toplevel() on ptolemy.moml.MoMLSimpleApplication@3b8791ca
reloadAllAccessors: .PublisherPort5

===========================================================================================
----------------- testing Tue Apr 16 04:01:06 UTC 2019 /home/travis/build/icyphy/ptII/ptolemy/actor/lib/test/auto/PublisherPort5LookAlike.xml
----------------- Instantiating /home/travis/build/icyphy/ptII/ptolemy/actor/lib/test/auto/PublisherPort5LookAlike.xml
8 ms. Memory: 1568256K Free: 1513256K (96%)
----------------- Invoking toplevel() on ptolemy.moml.MoMLSimpleApplication@1cce3e61
----------------- Done invoking toplevel() on ptolemy.moml.MoMLSimpleApplication@1cce3e61
reloadAllAccessors: .PublisherPort5LookAlike

===========================================================================================
----------------- testing Tue Apr 16 04:01:06 UTC 2019 /home/travis/build/icyphy/ptII/ptolemy/actor/lib/test/auto/PublisherPort6.xml
----------------- Instantiating /home/travis/build/icyphy/ptII/ptolemy/actor/lib/test/auto/PublisherPort6.xml
2 ms. Memory: 1568256K Free: 1492036K (95%)
----------------- Invoking toplevel() on ptolemy.moml.MoMLSimpleApplication@7131fc04
----------------- Done invoking toplevel() on ptolemy.moml.MoMLSimpleApplication@7131fc04
reloadAllAccessors: .PublisherPort6

===========================================================================================
----------------- testing Tue Apr 16 04:01:06 UTC 2019 /home/travis/build/icyphy/ptII/ptolemy/actor/lib/test/auto/PublisherPort7.xml
----------------- Instantiating /home/travis/build/icyphy/ptII/ptolemy/actor/lib/test/auto/PublisherPort7.xml
4 ms. Memory: 1568256K Free: 1477351K (94%)
----------------- Invoking toplevel() on ptolemy.moml.MoMLSimpleApplication@44ad2757
----------------- Done invoking toplevel() on ptolemy.moml.MoMLSimpleApplication@44ad2757
reloadAllAccessors: .PublisherPort7

===========================================================================================
----------------- testing Tue Apr 16 04:01:06 UTC 2019 /home/travis/build/icyphy/ptII/ptolemy/actor/lib/test/auto/PublisherPort8.xml
----------------- Instantiating /home/travis/build/icyphy/ptII/ptolemy/actor/lib/test/auto/PublisherPort8.xml
3 ms. Memory: 1568256K Free: 1456130K (93%)
----------------- Invoking toplevel() on ptolemy.moml.MoMLSimpleApplication@48ea7580
----------------- Done invoking toplevel() on ptolemy.moml.MoMLSimpleApplication@48ea7580
reloadAllAccessors: .PublisherPort8

===========================================================================================
----------------- testing Tue Apr 16 04:01:06 UTC 2019 /home/travis/build/icyphy/ptII/ptolemy/actor/lib/test/auto/PublisherPortSubscriberChannelVariablesAOC2.xml
----------------- Instantiating /home/travis/build/icyphy/ptII/ptolemy/actor/lib/test/auto/PublisherPortSubscriberChannelVariablesAOC2.xml
3 ms. Memory: 1568256K Free: 1426762K (91%)
----------------- Invoking toplevel() on ptolemy.moml.MoMLSimpleApplication@18e31624
----------------- Done invoking toplevel() on ptolemy.moml.MoMLSimpleApplication@18e31624
reloadAllAccessors: .PublisherPortSubscriberChannelVariablesAOC2

===========================================================================================
----------------- testing Tue Apr 16 04:01:06 UTC 2019 /home/travis/build/icyphy/ptII/ptolemy/actor/lib/test/auto/PublisherPortSubscriberOpaqueWidthInference.xml
----------------- Instantiating /home/travis/build/icyphy/ptII/ptolemy/actor/lib/test/auto/PublisherPortSubscriberOpaqueWidthInference.xml
4 ms. Memory: 1568256K Free: 1412078K (90%)
----------------- Invoking toplevel() on ptolemy.moml.MoMLSimpleApplication@2627b305
----------------- Done invoking toplevel() on ptolemy.moml.MoMLSimpleApplication@2627b305
reloadAllAccessors: .PublisherPortSubscriberOpaqueWidthInference

===========================================================================================
----------------- testing Tue Apr 16 04:01:06 UTC 2019 /home/travis/build/icyphy/ptII/ptolemy/actor/lib/test/auto/PublisherPortSubscriberPortAdjacent.xml
----------------- Instantiating /home/travis/build/icyphy/ptII/ptolemy/actor/lib/test/auto/PublisherPortSubscriberPortAdjacent.xml
3 ms. Memory: 1568256K Free: 1390857K (89%)
----------------- Invoking toplevel() on ptolemy.moml.MoMLSimpleApplication@7c80b6b6
----------------- Done invoking toplevel() on ptolemy.moml.MoMLSimpleApplication@7c80b6b6
reloadAllAccessors: .PublisherPortSubscriberPortAdjacent

===========================================================================================
----------------- testing Tue Apr 16 04:01:06 UTC 2019 /home/travis/build/icyphy/ptII/ptolemy/actor/lib/test/auto/PublisherPortSubscriberPortExpression.xml
----------------- Instantiating /home/travis/build/icyphy/ptII/ptolemy/actor/lib/test/auto/PublisherPortSubscriberPortExpression.xml
3 ms. Memory: 1568256K Free: 1376172K (88%)
----------------- Invoking toplevel() on ptolemy.moml.MoMLSimpleApplication@14dc936f
----------------- Done invoking toplevel() on ptolemy.moml.MoMLSimpleApplication@14dc936f
reloadAllAccessors: .PublisherPortSubscriberPortExpression

===========================================================================================
----------------- testing Tue Apr 16 04:01:06 UTC 2019 /home/travis/build/icyphy/ptII/ptolemy/actor/lib/test/auto/PublisherPortSubscriberPortOpaqueD3Reverse.xml
----------------- Instantiating /home/travis/build/icyphy/ptII/ptolemy/actor/lib/test/auto/PublisherPortSubscriberPortOpaqueD3Reverse.xml
5 ms. Memory: 1568256K Free: 1361488K (87%)
----------------- Invoking toplevel() on ptolemy.moml.MoMLSimpleApplication@67b7f134
----------------- Done invoking toplevel() on ptolemy.moml.MoMLSimpleApplication@67b7f134
reloadAllAccessors: .PublisherPortSubscriberPortOpaqueD3Reverse

===========================================================================================
----------------- testing Tue Apr 16 04:01:06 UTC 2019 /home/travis/build/icyphy/ptII/ptolemy/actor/lib/test/auto/PublisherPortSubscriberPortOpaqueWidthInference.xml
----------------- Instantiating /home/travis/build/icyphy/ptII/ptolemy/actor/lib/test/auto/PublisherPortSubscriberPortOpaqueWidthInference.xml
4 ms. Memory: 1568256K Free: 1340267K (85%)
----------------- Invoking toplevel() on ptolemy.moml.MoMLSimpleApplication@24e3caf6
----------------- Done invoking toplevel() on ptolemy.moml.MoMLSimpleApplication@24e3caf6
reloadAllAccessors: .PublisherPortSubscriberPortOpaqueWidthInference

===========================================================================================
----------------- testing Tue Apr 16 04:01:06 UTC 2019 /home/travis/build/icyphy/ptII/ptolemy/actor/lib/test/auto/PublisherPortToplevelSubscriberPortAOC.xml
----------------- Instantiating /home/travis/build/icyphy/ptII/ptolemy/actor/lib/test/auto/PublisherPortToplevelSubscriberPortAOC.xml
.PublisherPortToplevelSubscriberPortAOC.TestExceptionAttribute: initialize() was not invoked, but wrapup() was.  This is unusual, but not always a problem.  For example, exporting JNLP will do this.
1 ms. Memory: 1568256K Free: 1325583K (85%)
----------------- Invoking toplevel() on ptolemy.moml.MoMLSimpleApplication@692ddfb7
----------------- Done invoking toplevel() on ptolemy.moml.MoMLSimpleApplication@692ddfb7
reloadAllAccessors: .PublisherPortToplevelSubscriberPortAOC

===========================================================================================
----------------- testing Tue Apr 16 04:01:06 UTC 2019 /home/travis/build/icyphy/ptII/ptolemy/actor/lib/test/auto/PublisherSubscriber.xml
----------------- Instantiating /home/travis/build/icyphy/ptII/ptolemy/actor/lib/test/auto/PublisherSubscriber.xml
3 ms. Memory: 1568256K Free: 1304362K (83%)
----------------- Invoking toplevel() on ptolemy.moml.MoMLSimpleApplication@21f6dedd
----------------- Done invoking toplevel() on ptolemy.moml.MoMLSimpleApplication@21f6dedd
reloadAllAccessors: .PublisherSubscriber

===========================================================================================
----------------- testing Tue Apr 16 04:01:06 UTC 2019 /home/travis/build/icyphy/ptII/ptolemy/actor/lib/test/auto/PublisherSubscriber10.xml
----------------- Instantiating /home/travis/build/icyphy/ptII/ptolemy/actor/lib/test/auto/PublisherSubscriber10.xml
7 ms. Memory: 1568256K Free: 1289678K (82%)
----------------- Invoking toplevel() on ptolemy.moml.MoMLSimpleApplication@5df4982d
----------------- Done invoking toplevel() on ptolemy.moml.MoMLSimpleApplication@5df4982d
reloadAllAccessors: .PublisherSubscriber10

===========================================================================================
----------------- testing Tue Apr 16 04:01:06 UTC 2019 /home/travis/build/icyphy/ptII/ptolemy/actor/lib/test/auto/PublisherSubscriber10InitialOutputs.xml
----------------- Instantiating /home/travis/build/icyphy/ptII/ptolemy/actor/lib/test/auto/PublisherSubscriber10InitialOutputs.xml
9 ms. Memory: 1568256K Free: 1274994K (81%)
----------------- Invoking toplevel() on ptolemy.moml.MoMLSimpleApplication@5772a114
----------------- Done invoking toplevel() on ptolemy.moml.MoMLSimpleApplication@5772a114
reloadAllAccessors: .PublisherSubscriber10InitialOutputs

===========================================================================================
----------------- testing Tue Apr 16 04:01:06 UTC 2019 /home/travis/build/icyphy/ptII/ptolemy/actor/lib/test/auto/PublisherSubscriber11.xml
----------------- Instantiating /home/travis/build/icyphy/ptII/ptolemy/actor/lib/test/auto/PublisherSubscriber11.xml
9 ms. Memory: 1568256K Free: 1253773K (80%)
----------------- Invoking toplevel() on ptolemy.moml.MoMLSimpleApplication@7e436e70
----------------- Done invoking toplevel() on ptolemy.moml.MoMLSimpleApplication@7e436e70
reloadAllAccessors: .PublisherSubscriber11

===========================================================================================
----------------- testing Tue Apr 16 04:01:06 UTC 2019 /home/travis/build/icyphy/ptII/ptolemy/actor/lib/test/auto/PublisherSubscriber12.xml
----------------- Instantiating /home/travis/build/icyphy/ptII/ptolemy/actor/lib/test/auto/PublisherSubscriber12.xml
2 ms. Memory: 1568256K Free: 1239089K (79%)
----------------- Invoking toplevel() on ptolemy.moml.MoMLSimpleApplication@738c1c54
----------------- Done invoking toplevel() on ptolemy.moml.MoMLSimpleApplication@738c1c54
reloadAllAccessors: .PublisherSubscriber12

===========================================================================================
----------------- testing Tue Apr 16 04:01:06 UTC 2019 /home/travis/build/icyphy/ptII/ptolemy/actor/lib/test/auto/PublisherSubscriber13.xml
----------------- Instantiating /home/travis/build/icyphy/ptII/ptolemy/actor/lib/test/auto/PublisherSubscriber13.xml
2 ms. Memory: 1568256K Free: 1224404K (78%)
----------------- Invoking toplevel() on ptolemy.moml.MoMLSimpleApplication@126dc13f
----------------- Done invoking toplevel() on ptolemy.moml.MoMLSimpleApplication@126dc13f
reloadAllAccessors: .PublisherSubscriber13

===========================================================================================
----------------- testing Tue Apr 16 04:01:06 UTC 2019 /home/travis/build/icyphy/ptII/ptolemy/actor/lib/test/auto/PublisherSubscriber14.xml
----------------- Instantiating /home/travis/build/icyphy/ptII/ptolemy/actor/lib/test/auto/PublisherSubscriber14.xml
1 ms. Memory: 1568256K Free: 1203183K (77%)
----------------- Invoking toplevel() on ptolemy.moml.MoMLSimpleApplication@e0b9ab6
----------------- Done invoking toplevel() on ptolemy.moml.MoMLSimpleApplication@e0b9ab6
reloadAllAccessors: .PublisherSubscriber14

===========================================================================================
----------------- testing Tue Apr 16 04:01:06 UTC 2019 /home/travis/build/icyphy/ptII/ptolemy/actor/lib/test/auto/PublisherSubscriber2.xml
----------------- Instantiating /home/travis/build/icyphy/ptII/ptolemy/actor/lib/test/auto/PublisherSubscriber2.xml
3 ms. Memory: 1568256K Free: 1188499K (76%)
----------------- Invoking toplevel() on ptolemy.moml.MoMLSimpleApplication@b4b7b2
----------------- Done invoking toplevel() on ptolemy.moml.MoMLSimpleApplication@b4b7b2
reloadAllAccessors: .PublisherSubscriber2

===========================================================================================
----------------- testing Tue Apr 16 04:01:06 UTC 2019 /home/travis/build/icyphy/ptII/ptolemy/actor/lib/test/auto/PublisherSubscriber3.xml
----------------- Instantiating /home/travis/build/icyphy/ptII/ptolemy/actor/lib/test/auto/PublisherSubscriber3.xml
2 ms. Memory: 1568256K Free: 1167278K (74%)
----------------- Invoking toplevel() on ptolemy.moml.MoMLSimpleApplication@4245fb3d
----------------- Done invoking toplevel() on ptolemy.moml.MoMLSimpleApplication@4245fb3d
reloadAllAccessors: .PublisherSubscriber3

===========================================================================================
----------------- testing Tue Apr 16 04:01:06 UTC 2019 /home/travis/build/icyphy/ptII/ptolemy/actor/lib/test/auto/PublisherSubscriber4.xml
----------------- Instantiating /home/travis/build/icyphy/ptII/ptolemy/actor/lib/test/auto/PublisherSubscriber4.xml
2 ms. Memory: 1568256K Free: 1152594K (73%)
----------------- Invoking toplevel() on ptolemy.moml.MoMLSimpleApplication@76568571
----------------- Done invoking toplevel() on ptolemy.moml.MoMLSimpleApplication@76568571
reloadAllAccessors: .PublisherSubscriber4

===========================================================================================
----------------- testing Tue Apr 16 04:01:06 UTC 2019 /home/travis/build/icyphy/ptII/ptolemy/actor/lib/test/auto/PublisherSubscriber5.xml
----------------- Instantiating /home/travis/build/icyphy/ptII/ptolemy/actor/lib/test/auto/PublisherSubscriber5.xml
2 ms. Memory: 1568256K Free: 1137910K (73%)
----------------- Invoking toplevel() on ptolemy.moml.MoMLSimpleApplication@edee4d3
----------------- Done invoking toplevel() on ptolemy.moml.MoMLSimpleApplication@edee4d3
reloadAllAccessors: .PublisherSubscriber5

===========================================================================================
----------------- testing Tue Apr 16 04:01:07 UTC 2019 /home/travis/build/icyphy/ptII/ptolemy/actor/lib/test/auto/PublisherSubscriber6.xml
----------------- Instantiating /home/travis/build/icyphy/ptII/ptolemy/actor/lib/test/auto/PublisherSubscriber6.xml
4 ms. Memory: 1568256K Free: 1116689K (71%)
----------------- Invoking toplevel() on ptolemy.moml.MoMLSimpleApplication@4f58fc1
----------------- Done invoking toplevel() on ptolemy.moml.MoMLSimpleApplication@4f58fc1
reloadAllAccessors: .PublisherSubscriber6

===========================================================================================
----------------- testing Tue Apr 16 04:01:07 UTC 2019 /home/travis/build/icyphy/ptII/ptolemy/actor/lib/test/auto/PublisherSubscriber7.xml
----------------- Instantiating /home/travis/build/icyphy/ptII/ptolemy/actor/lib/test/auto/PublisherSubscriber7.xml
6 ms. Memory: 1568256K Free: 1102005K (70%)
----------------- Invoking toplevel() on ptolemy.moml.MoMLSimpleApplication@12ffb1e7
----------------- Done invoking toplevel() on ptolemy.moml.MoMLSimpleApplication@12ffb1e7
reloadAllAccessors: .PublisherSubscriber7

===========================================================================================
----------------- testing Tue Apr 16 04:01:07 UTC 2019 /home/travis/build/icyphy/ptII/ptolemy/actor/lib/test/auto/PublisherSubscriber8.xml
----------------- Instantiating /home/travis/build/icyphy/ptII/ptolemy/actor/lib/test/auto/PublisherSubscriber8.xml
7 ms. Memory: 1568256K Free: 1013900K (65%)
----------------- Invoking toplevel() on ptolemy.moml.MoMLSimpleApplication@32fb904d
----------------- Done invoking toplevel() on ptolemy.moml.MoMLSimpleApplication@32fb904d
reloadAllAccessors: .PublisherSubscriber8

===========================================================================================
----------------- testing Tue Apr 16 04:01:07 UTC 2019 /home/travis/build/icyphy/ptII/ptolemy/actor/lib/test/auto/PublisherSubscriber9.xml
----------------- Instantiating /home/travis/build/icyphy/ptII/ptolemy/actor/lib/test/auto/PublisherSubscriber9.xml
3 ms. Memory: 1568256K Free: 992678K (63%)
----------------- Invoking toplevel() on ptolemy.moml.MoMLSimpleApplication@5e946740
----------------- Done invoking toplevel() on ptolemy.moml.MoMLSimpleApplication@5e946740
reloadAllAccessors: .PublisherSubscriber9

===========================================================================================
----------------- testing Tue Apr 16 04:01:07 UTC 2019 /home/travis/build/icyphy/ptII/ptolemy/actor/lib/test/auto/PublisherSubscriberAdjacent.xml
----------------- Instantiating /home/travis/build/icyphy/ptII/ptolemy/actor/lib/test/auto/PublisherSubscriberAdjacent.xml
2 ms. Memory: 1568256K Free: 977994K (62%)
----------------- Invoking toplevel() on ptolemy.moml.MoMLSimpleApplication@5c845683
----------------- Done invoking toplevel() on ptolemy.moml.MoMLSimpleApplication@5c845683
reloadAllAccessors: .PublisherSubscriberAdjacent

===========================================================================================
----------------- testing Tue Apr 16 04:01:07 UTC 2019 /home/travis/build/icyphy/ptII/ptolemy/actor/lib/test/auto/PublisherSubscriberChannelVariablesAOC2.xml
----------------- Instantiating /home/travis/build/icyphy/ptII/ptolemy/actor/lib/test/auto/PublisherSubscriberChannelVariablesAOC2.xml
2 ms. Memory: 1568256K Free: 955952K (61%)
----------------- Invoking toplevel() on ptolemy.moml.MoMLSimpleApplication@be238e3
----------------- Done invoking toplevel() on ptolemy.moml.MoMLSimpleApplication@be238e3
reloadAllAccessors: .PublisherSubscriberChannelVariablesAOC2

===========================================================================================
----------------- testing Tue Apr 16 04:01:07 UTC 2019 /home/travis/build/icyphy/ptII/ptolemy/actor/lib/test/auto/PublisherSubscriberD3.xml
----------------- Instantiating /home/travis/build/icyphy/ptII/ptolemy/actor/lib/test/auto/PublisherSubscriberD3.xml
1 ms. Memory: 1568256K Free: 934731K (60%)
----------------- Invoking toplevel() on ptolemy.moml.MoMLSimpleApplication@2edcf49d
----------------- Done invoking toplevel() on ptolemy.moml.MoMLSimpleApplication@2edcf49d
reloadAllAccessors: .PublisherSubscriberD3

===========================================================================================
----------------- testing Tue Apr 16 04:01:07 UTC 2019 /home/travis/build/icyphy/ptII/ptolemy/actor/lib/test/auto/PublisherSubscriberD3Reverse.xml
----------------- Instantiating /home/travis/build/icyphy/ptII/ptolemy/actor/lib/test/auto/PublisherSubscriberD3Reverse.xml
1 ms. Memory: 1568256K Free: 920047K (59%)
----------------- Invoking toplevel() on ptolemy.moml.MoMLSimpleApplication@bc6797b
----------------- Done invoking toplevel() on ptolemy.moml.MoMLSimpleApplication@bc6797b
reloadAllAccessors: .PublisherSubscriberD3Reverse

===========================================================================================
----------------- testing Tue Apr 16 04:01:07 UTC 2019 /home/travis/build/icyphy/ptII/ptolemy/actor/lib/test/auto/PublisherSubscriberExpression.xml
----------------- Instantiating /home/travis/build/icyphy/ptII/ptolemy/actor/lib/test/auto/PublisherSubscriberExpression.xml
4 ms. Memory: 1568256K Free: 898825K (57%)
----------------- Invoking toplevel() on ptolemy.moml.MoMLSimpleApplication@416c426b
----------------- Done invoking toplevel() on ptolemy.moml.MoMLSimpleApplication@416c426b
reloadAllAccessors: .PublisherSubscriberExpression

===========================================================================================
----------------- testing Tue Apr 16 04:01:07 UTC 2019 /home/travis/build/icyphy/ptII/ptolemy/actor/lib/test/auto/PublisherSubscriberOpaque.xml
----------------- Instantiating /home/travis/build/icyphy/ptII/ptolemy/actor/lib/test/auto/PublisherSubscriberOpaque.xml
5 ms. Memory: 1568256K Free: 884141K (56%)
----------------- Invoking toplevel() on ptolemy.moml.MoMLSimpleApplication@5bf8a9e2
----------------- Done invoking toplevel() on ptolemy.moml.MoMLSimpleApplication@5bf8a9e2
reloadAllAccessors: .PublisherSubscriberOpaque

===========================================================================================
----------------- testing Tue Apr 16 04:01:07 UTC 2019 /home/travis/build/icyphy/ptII/ptolemy/actor/lib/test/auto/PublisherSubscriberOpaqueD3.xml
----------------- Instantiating /home/travis/build/icyphy/ptII/ptolemy/actor/lib/test/auto/PublisherSubscriberOpaqueD3.xml
5 ms. Memory: 1568256K Free: 862115K (55%)
----------------- Invoking toplevel() on ptolemy.moml.MoMLSimpleApplication@2da73326
----------------- Done invoking toplevel() on ptolemy.moml.MoMLSimpleApplication@2da73326
reloadAllAccessors: .PublisherSubscriberOpaqueD3

===========================================================================================
----------------- testing Tue Apr 16 04:01:07 UTC 2019 /home/travis/build/icyphy/ptII/ptolemy/actor/lib/test/auto/PublisherSubscriberOpaqueD3Reverse.xml
----------------- Instantiating /home/travis/build/icyphy/ptII/ptolemy/actor/lib/test/auto/PublisherSubscriberOpaqueD3Reverse.xml
5 ms. Memory: 1568256K Free: 840894K (54%)
----------------- Invoking toplevel() on ptolemy.moml.MoMLSimpleApplication@1d5ebcb2
----------------- Done invoking toplevel() on ptolemy.moml.MoMLSimpleApplication@1d5ebcb2
reloadAllAccessors: .PublisherSubscriberOpaqueD3Reverse

===========================================================================================
----------------- testing Tue Apr 16 04:01:07 UTC 2019 /home/travis/build/icyphy/ptII/ptolemy/actor/lib/test/auto/PublisherSubscriberOpaqueWidthInference.xml
----------------- Instantiating /home/travis/build/icyphy/ptII/ptolemy/actor/lib/test/auto/PublisherSubscriberOpaqueWidthInference.xml
3 ms. Memory: 1568256K Free: 826210K (53%)
----------------- Invoking toplevel() on ptolemy.moml.MoMLSimpleApplication@3de96e0e
----------------- Done invoking toplevel() on ptolemy.moml.MoMLSimpleApplication@3de96e0e
reloadAllAccessors: .PublisherSubscriberOpaqueWidthInference

===========================================================================================
----------------- testing Tue Apr 16 04:01:07 UTC 2019 /home/travis/build/icyphy/ptII/ptolemy/actor/lib/test/auto/PublisherTestSubscriber.xml
----------------- Instantiating /home/travis/build/icyphy/ptII/ptolemy/actor/lib/test/auto/PublisherTestSubscriber.xml
3 ms. Memory: 1568256K Free: 811525K (52%)
----------------- Invoking toplevel() on ptolemy.moml.MoMLSimpleApplication@6d4adbd3
----------------- Done invoking toplevel() on ptolemy.moml.MoMLSimpleApplication@6d4adbd3
reloadAllAccessors: .PublisherTestSubscriber

===========================================================================================
----------------- testing Tue Apr 16 04:01:07 UTC 2019 /home/travis/build/icyphy/ptII/ptolemy/actor/lib/test/auto/PublisherToplevelSubscriberPortAOC.xml
----------------- Instantiating /home/travis/build/icyphy/ptII/ptolemy/actor/lib/test/auto/PublisherToplevelSubscriberPortAOC.xml
2 ms. Memory: 1568256K Free: 790305K (50%)
----------------- Invoking toplevel() on ptolemy.moml.MoMLSimpleApplication@75ecf3b3
----------------- Done invoking toplevel() on ptolemy.moml.MoMLSimpleApplication@75ecf3b3
reloadAllAccessors: .PublisherToplevelSubscriberPortAOC

===========================================================================================
----------------- testing Tue Apr 16 04:01:07 UTC 2019 /home/travis/build/icyphy/ptII/ptolemy/actor/lib/test/auto/PulseFiringLimitDE.xml
----------------- Instantiating /home/travis/build/icyphy/ptII/ptolemy/actor/lib/test/auto/PulseFiringLimitDE.xml
2 ms. Memory: 1568256K Free: 775620K (49%)
----------------- Invoking toplevel() on ptolemy.moml.MoMLSimpleApplication@4aa66b9
----------------- Done invoking toplevel() on ptolemy.moml.MoMLSimpleApplication@4aa66b9
reloadAllAccessors: .PulseFiringLimitDE

===========================================================================================
----------------- testing Tue Apr 16 04:01:07 UTC 2019 /home/travis/build/icyphy/ptII/ptolemy/actor/lib/test/auto/Ramp1.xml
----------------- Instantiating /home/travis/build/icyphy/ptII/ptolemy/actor/lib/test/auto/Ramp1.xml
1 ms. Memory: 1568256K Free: 754399K (48%)
----------------- Invoking toplevel() on ptolemy.moml.MoMLSimpleApplication@4be567f6
----------------- Done invoking toplevel() on ptolemy.moml.MoMLSimpleApplication@4be567f6
reloadAllAccessors: .Ramp1

===========================================================================================
----------------- testing Tue Apr 16 04:01:07 UTC 2019 /home/travis/build/icyphy/ptII/ptolemy/actor/lib/test/auto/RampFiringLimitDE.xml
----------------- Instantiating /home/travis/build/icyphy/ptII/ptolemy/actor/lib/test/auto/RampFiringLimitDE.xml
2 ms. Memory: 1568256K Free: 739715K (47%)
----------------- Invoking toplevel() on ptolemy.moml.MoMLSimpleApplication@74050e33
----------------- Done invoking toplevel() on ptolemy.moml.MoMLSimpleApplication@74050e33
reloadAllAccessors: .RampFiringLimitDE

===========================================================================================
----------------- testing Tue Apr 16 04:01:07 UTC 2019 /home/travis/build/icyphy/ptII/ptolemy/actor/lib/test/auto/RampFiringLimitSDF.xml
----------------- Instantiating /home/travis/build/icyphy/ptII/ptolemy/actor/lib/test/auto/RampFiringLimitSDF.xml
2 ms. Memory: 1568256K Free: 725031K (46%)
----------------- Invoking toplevel() on ptolemy.moml.MoMLSimpleApplication@653ac1df
----------------- Done invoking toplevel() on ptolemy.moml.MoMLSimpleApplication@653ac1df
reloadAllAccessors: .RampFiringLimitSDF

===========================================================================================
----------------- testing Tue Apr 16 04:01:07 UTC 2019 /home/travis/build/icyphy/ptII/ptolemy/actor/lib/test/auto/RandomInteger.xml
----------------- Instantiating /home/travis/build/icyphy/ptII/ptolemy/actor/lib/test/auto/RandomInteger.xml
1 ms. Memory: 1568256K Free: 703810K (45%)
----------------- Invoking toplevel() on ptolemy.moml.MoMLSimpleApplication@b8416ae
----------------- Done invoking toplevel() on ptolemy.moml.MoMLSimpleApplication@b8416ae
reloadAllAccessors: .RandomInteger

===========================================================================================
----------------- testing Tue Apr 16 04:01:07 UTC 2019 /home/travis/build/icyphy/ptII/ptolemy/actor/lib/test/auto/ReadFile1.xml
----------------- Instantiating /home/travis/build/icyphy/ptII/ptolemy/actor/lib/test/auto/ReadFile1.xml
2 ms. Memory: 1568256K Free: 689126K (44%)
----------------- Invoking toplevel() on ptolemy.moml.MoMLSimpleApplication@7048cff4
----------------- Done invoking toplevel() on ptolemy.moml.MoMLSimpleApplication@7048cff4
reloadAllAccessors: .ReadFile1

===========================================================================================
----------------- testing Tue Apr 16 04:01:07 UTC 2019 /home/travis/build/icyphy/ptII/ptolemy/actor/lib/test/auto/ReadFile2.xml
----------------- Instantiating /home/travis/build/icyphy/ptII/ptolemy/actor/lib/test/auto/ReadFile2.xml
1 ms. Memory: 1568256K Free: 674442K (43%)
----------------- Invoking toplevel() on ptolemy.moml.MoMLSimpleApplication@56e860d
----------------- Done invoking toplevel() on ptolemy.moml.MoMLSimpleApplication@56e860d
reloadAllAccessors: .ReadFile2

===========================================================================================
----------------- testing Tue Apr 16 04:01:07 UTC 2019 /home/travis/build/icyphy/ptII/ptolemy/actor/lib/test/auto/Reader.xml
----------------- Instantiating /home/travis/build/icyphy/ptII/ptolemy/actor/lib/test/auto/Reader.xml
actor.lib.Reader is obsolete, use actor.lib.io.ExpressionReader instead
6 ms. Memory: 1568256K Free: 653221K (42%)
----------------- Invoking toplevel() on ptolemy.moml.MoMLSimpleApplication@52b40ef8
----------------- Done invoking toplevel() on ptolemy.moml.MoMLSimpleApplication@52b40ef8
reloadAllAccessors: .Reader

===========================================================================================
----------------- testing Tue Apr 16 04:01:07 UTC 2019 /home/travis/build/icyphy/ptII/ptolemy/actor/lib/test/auto/RecordAssemblerDisplayNameTest.xml
----------------- Instantiating /home/travis/build/icyphy/ptII/ptolemy/actor/lib/test/auto/RecordAssemblerDisplayNameTest.xml
3122 ms. Memory: 1609216K Free: 872250K (54%)
----------------- Invoking toplevel() on ptolemy.moml.MoMLSimpleApplication@730a2650
----------------- Done invoking toplevel() on ptolemy.moml.MoMLSimpleApplication@730a2650
reloadAllAccessors: .RecordAssemblerDisplayNameTest

===========================================================================================
----------------- testing Tue Apr 16 04:01:10 UTC 2019 /home/travis/build/icyphy/ptII/ptolemy/actor/lib/test/auto/RecordAssemblerTypeError.xml
----------------- Instantiating /home/travis/build/icyphy/ptII/ptolemy/actor/lib/test/auto/RecordAssemblerTypeError.xml
5 ms. Memory: 1609216K Free: 841104K (52%)
----------------- Invoking toplevel() on ptolemy.moml.MoMLSimpleApplication@3ba3545a
----------------- Done invoking toplevel() on ptolemy.moml.MoMLSimpleApplication@3ba3545a
reloadAllAccessors: .RecordAssemblerTypeError

===========================================================================================
----------------- testing Tue Apr 16 04:01:10 UTC 2019 /home/travis/build/icyphy/ptII/ptolemy/actor/lib/test/auto/RecordDisassember.xml
----------------- Instantiating /home/travis/build/icyphy/ptII/ptolemy/actor/lib/test/auto/RecordDisassember.xml
6 ms. Memory: 1609216K Free: 826205K (51%)
----------------- Invoking toplevel() on ptolemy.moml.MoMLSimpleApplication@4391aba6
----------------- Done invoking toplevel() on ptolemy.moml.MoMLSimpleApplication@4391aba6
reloadAllAccessors: .RecordDisassember

===========================================================================================
----------------- testing Tue Apr 16 04:01:10 UTC 2019 /home/travis/build/icyphy/ptII/ptolemy/actor/lib/test/auto/RecordDisassemberDisplayNameTest.xml
----------------- Instantiating /home/travis/build/icyphy/ptII/ptolemy/actor/lib/test/auto/RecordDisassemberDisplayNameTest.xml
4 ms. Memory: 1609216K Free: 806241K (50%)
----------------- Invoking toplevel() on ptolemy.moml.MoMLSimpleApplication@51b5d09e
----------------- Done invoking toplevel() on ptolemy.moml.MoMLSimpleApplication@51b5d09e
reloadAllAccessors: .RecordDisassemberDisplayNameTest

===========================================================================================
----------------- testing Tue Apr 16 04:01:10 UTC 2019 /home/travis/build/icyphy/ptII/ptolemy/actor/lib/test/auto/RecordDisassembler.xml
----------------- Instantiating /home/travis/build/icyphy/ptII/ptolemy/actor/lib/test/auto/RecordDisassembler.xml
2 ms. Memory: 1609216K Free: 791342K (49%)
----------------- Invoking toplevel() on ptolemy.moml.MoMLSimpleApplication@6b2f5e81
----------------- Done invoking toplevel() on ptolemy.moml.MoMLSimpleApplication@6b2f5e81
reloadAllAccessors: .RecordDisassembler

===========================================================================================
----------------- testing Tue Apr 16 04:01:10 UTC 2019 /home/travis/build/icyphy/ptII/ptolemy/actor/lib/test/auto/RecordDisassembler2.xml
----------------- Instantiating /home/travis/build/icyphy/ptII/ptolemy/actor/lib/test/auto/RecordDisassembler2.xml
2 ms. Memory: 1609216K Free: 771378K (48%)
----------------- Invoking toplevel() on ptolemy.moml.MoMLSimpleApplication@723a5875
----------------- Done invoking toplevel() on ptolemy.moml.MoMLSimpleApplication@723a5875
reloadAllAccessors: .RecordDisassembler2

===========================================================================================
----------------- testing Tue Apr 16 04:01:10 UTC 2019 /home/travis/build/icyphy/ptII/ptolemy/actor/lib/test/auto/RecordUpdater.xml
----------------- Instantiating /home/travis/build/icyphy/ptII/ptolemy/actor/lib/test/auto/RecordUpdater.xml
2 ms. Memory: 1609216K Free: 756479K (47%)
----------------- Invoking toplevel() on ptolemy.moml.MoMLSimpleApplication@38258de
----------------- Done invoking toplevel() on ptolemy.moml.MoMLSimpleApplication@38258de
reloadAllAccessors: .RecordUpdater

===========================================================================================
----------------- testing Tue Apr 16 04:01:10 UTC 2019 /home/travis/build/icyphy/ptII/ptolemy/actor/lib/test/auto/RecordUpdater2.xml
----------------- Instantiating /home/travis/build/icyphy/ptII/ptolemy/actor/lib/test/auto/RecordUpdater2.xml
1 ms. Memory: 1609216K Free: 736515K (46%)
----------------- Invoking toplevel() on ptolemy.moml.MoMLSimpleApplication@234bbcef
----------------- Done invoking toplevel() on ptolemy.moml.MoMLSimpleApplication@234bbcef
reloadAllAccessors: .RecordUpdater2

===========================================================================================
----------------- testing Tue Apr 16 04:01:10 UTC 2019 /home/travis/build/icyphy/ptII/ptolemy/actor/lib/test/auto/RecursiveLattice.xml
----------------- Instantiating /home/travis/build/icyphy/ptII/ptolemy/actor/lib/test/auto/RecursiveLattice.xml
2 ms. Memory: 1609216K Free: 721616K (45%)
----------------- Invoking toplevel() on ptolemy.moml.MoMLSimpleApplication@50978f60
----------------- Done invoking toplevel() on ptolemy.moml.MoMLSimpleApplication@50978f60
reloadAllAccessors: .RecursiveLattice

===========================================================================================
----------------- testing Tue Apr 16 04:01:10 UTC 2019 /home/travis/build/icyphy/ptII/ptolemy/actor/lib/test/auto/Router.xml
----------------- Instantiating /home/travis/build/icyphy/ptII/ptolemy/actor/lib/test/auto/Router.xml
3004 ms. Memory: 1609216K Free: 701652K (44%)
----------------- Invoking toplevel() on ptolemy.moml.MoMLSimpleApplication@7e3d12d7
----------------- Done invoking toplevel() on ptolemy.moml.MoMLSimpleApplication@7e3d12d7
reloadAllAccessors: .Router

===========================================================================================
----------------- testing Tue Apr 16 04:01:13 UTC 2019 /home/travis/build/icyphy/ptII/ptolemy/actor/lib/test/auto/Router2.xml
----------------- Instantiating /home/travis/build/icyphy/ptII/ptolemy/actor/lib/test/auto/Router2.xml
3003 ms. Memory: 1609216K Free: 686753K (43%)
----------------- Invoking toplevel() on ptolemy.moml.MoMLSimpleApplication@3924c384
----------------- Done invoking toplevel() on ptolemy.moml.MoMLSimpleApplication@3924c384
reloadAllAccessors: .Router2

===========================================================================================
----------------- testing Tue Apr 16 04:01:16 UTC 2019 /home/travis/build/icyphy/ptII/ptolemy/actor/lib/test/auto/RunningMaximum.xml
----------------- Instantiating /home/travis/build/icyphy/ptII/ptolemy/actor/lib/test/auto/RunningMaximum.xml
1 ms. Memory: 1609216K Free: 666789K (41%)
----------------- Invoking toplevel() on ptolemy.moml.MoMLSimpleApplication@5e69c980
----------------- Done invoking toplevel() on ptolemy.moml.MoMLSimpleApplication@5e69c980
reloadAllAccessors: .RunningMaximum

===========================================================================================
----------------- testing Tue Apr 16 04:01:16 UTC 2019 /home/travis/build/icyphy/ptII/ptolemy/actor/lib/test/auto/RunningMinimum.xml
----------------- Instantiating /home/travis/build/icyphy/ptII/ptolemy/actor/lib/test/auto/RunningMinimum.xml
2 ms. Memory: 1609216K Free: 651889K (41%)
----------------- Invoking toplevel() on ptolemy.moml.MoMLSimpleApplication@396cc293
----------------- Done invoking toplevel() on ptolemy.moml.MoMLSimpleApplication@396cc293
reloadAllAccessors: .RunningMinimum

===========================================================================================
----------------- testing Tue Apr 16 04:01:16 UTC 2019 /home/travis/build/icyphy/ptII/ptolemy/actor/lib/test/auto/Scale.xml
----------------- Instantiating /home/travis/build/icyphy/ptII/ptolemy/actor/lib/test/auto/Scale.xml
2 ms. Memory: 1609216K Free: 631925K (39%)
----------------- Invoking toplevel() on ptolemy.moml.MoMLSimpleApplication@106fdc68
----------------- Done invoking toplevel() on ptolemy.moml.MoMLSimpleApplication@106fdc68
reloadAllAccessors: .Scale

===========================================================================================
----------------- testing Tue Apr 16 04:01:16 UTC 2019 /home/travis/build/icyphy/ptII/ptolemy/actor/lib/test/auto/Scale2.xml
----------------- Instantiating /home/travis/build/icyphy/ptII/ptolemy/actor/lib/test/auto/Scale2.xml
2 ms. Memory: 1609216K Free: 617026K (38%)
----------------- Invoking toplevel() on ptolemy.moml.MoMLSimpleApplication@530294e8
----------------- Done invoking toplevel() on ptolemy.moml.MoMLSimpleApplication@530294e8
reloadAllAccessors: .Scale2

===========================================================================================
----------------- testing Tue Apr 16 04:01:16 UTC 2019 /home/travis/build/icyphy/ptII/ptolemy/actor/lib/test/auto/Scale3.xml
----------------- Instantiating /home/travis/build/icyphy/ptII/ptolemy/actor/lib/test/auto/Scale3.xml
3 ms. Memory: 1609216K Free: 597062K (37%)
----------------- Invoking toplevel() on ptolemy.moml.MoMLSimpleApplication@59efe5f2
----------------- Done invoking toplevel() on ptolemy.moml.MoMLSimpleApplication@59efe5f2
reloadAllAccessors: .Scale3

===========================================================================================
----------------- testing Tue Apr 16 04:01:16 UTC 2019 /home/travis/build/icyphy/ptII/ptolemy/actor/lib/test/auto/ScaleArray.xml
----------------- Instantiating /home/travis/build/icyphy/ptII/ptolemy/actor/lib/test/auto/ScaleArray.xml
1 ms. Memory: 1609216K Free: 582163K (36%)
----------------- Invoking toplevel() on ptolemy.moml.MoMLSimpleApplication@6d5d08a3
----------------- Done invoking toplevel() on ptolemy.moml.MoMLSimpleApplication@6d5d08a3
reloadAllAccessors: .ScaleArray

===========================================================================================
----------------- testing Tue Apr 16 04:01:16 UTC 2019 /home/travis/build/icyphy/ptII/ptolemy/actor/lib/test/auto/ScaleArray2.xml
----------------- Instantiating /home/travis/build/icyphy/ptII/ptolemy/actor/lib/test/auto/ScaleArray2.xml
1 ms. Memory: 1609216K Free: 562199K (35%)
----------------- Invoking toplevel() on ptolemy.moml.MoMLSimpleApplication@1a86af3f
----------------- Done invoking toplevel() on ptolemy.moml.MoMLSimpleApplication@1a86af3f
reloadAllAccessors: .ScaleArray2

===========================================================================================
----------------- testing Tue Apr 16 04:01:16 UTC 2019 /home/travis/build/icyphy/ptII/ptolemy/actor/lib/test/auto/ScaleMatrix.xml
----------------- Instantiating /home/travis/build/icyphy/ptII/ptolemy/actor/lib/test/auto/ScaleMatrix.xml
118 ms. Memory: 1609216K Free: 539814K (34%)
----------------- Invoking toplevel() on ptolemy.moml.MoMLSimpleApplication@212bbe10
----------------- Done invoking toplevel() on ptolemy.moml.MoMLSimpleApplication@212bbe10
reloadAllAccessors: .ScaleMatrix

===========================================================================================
----------------- testing Tue Apr 16 04:01:17 UTC 2019 /home/travis/build/icyphy/ptII/ptolemy/actor/lib/test/auto/Select.xml
----------------- Instantiating /home/travis/build/icyphy/ptII/ptolemy/actor/lib/test/auto/Select.xml
3 ms. Memory: 1609216K Free: 519850K (32%)
----------------- Invoking toplevel() on ptolemy.moml.MoMLSimpleApplication@10d9c477
----------------- Done invoking toplevel() on ptolemy.moml.MoMLSimpleApplication@10d9c477
reloadAllAccessors: .Select

===========================================================================================
----------------- testing Tue Apr 16 04:01:17 UTC 2019 /home/travis/build/icyphy/ptII/ptolemy/actor/lib/test/auto/Select2.xml
----------------- Instantiating /home/travis/build/icyphy/ptII/ptolemy/actor/lib/test/auto/Select2.xml
0 ms. Memory: 1609216K Free: 504951K (31%)
----------------- Invoking toplevel() on ptolemy.moml.MoMLSimpleApplication@6a79f36b
----------------- Done invoking toplevel() on ptolemy.moml.MoMLSimpleApplication@6a79f36b
reloadAllAccessors: .Select2

===========================================================================================
----------------- testing Tue Apr 16 04:01:17 UTC 2019 /home/travis/build/icyphy/ptII/ptolemy/actor/lib/test/auto/SequenceToArray2.xml
----------------- Instantiating /home/travis/build/icyphy/ptII/ptolemy/actor/lib/test/auto/SequenceToArray2.xml
94 ms. Memory: 1609216K Free: 410475K (26%)
----------------- Invoking toplevel() on ptolemy.moml.MoMLSimpleApplication@55c11a8f
----------------- Done invoking toplevel() on ptolemy.moml.MoMLSimpleApplication@55c11a8f
reloadAllAccessors: .SequenceToArray2

===========================================================================================
----------------- testing Tue Apr 16 04:01:17 UTC 2019 /home/travis/build/icyphy/ptII/ptolemy/actor/lib/test/auto/SequentialClock.xml
----------------- Instantiating /home/travis/build/icyphy/ptII/ptolemy/actor/lib/test/auto/SequentialClock.xml
2 ms. Memory: 1609216K Free: 395576K (25%)
----------------- Invoking toplevel() on ptolemy.moml.MoMLSimpleApplication@3a36bca3
----------------- Done invoking toplevel() on ptolemy.moml.MoMLSimpleApplication@3a36bca3
reloadAllAccessors: .SequentialClock

===========================================================================================
----------------- testing Tue Apr 16 04:01:17 UTC 2019 /home/travis/build/icyphy/ptII/ptolemy/actor/lib/test/auto/SetVariable.xml
----------------- Instantiating /home/travis/build/icyphy/ptII/ptolemy/actor/lib/test/auto/SetVariable.xml
4 ms. Memory: 1609216K Free: 375612K (23%)
----------------- Invoking toplevel() on ptolemy.moml.MoMLSimpleApplication@33319088
----------------- Done invoking toplevel() on ptolemy.moml.MoMLSimpleApplication@33319088
reloadAllAccessors: .SetVariable

===========================================================================================
----------------- testing Tue Apr 16 04:01:17 UTC 2019 /home/travis/build/icyphy/ptII/ptolemy/actor/lib/test/auto/SetVariable2.xml
----------------- Instantiating /home/travis/build/icyphy/ptII/ptolemy/actor/lib/test/auto/SetVariable2.xml
4 ms. Memory: 1609216K Free: 360713K (22%)
----------------- Invoking toplevel() on ptolemy.moml.MoMLSimpleApplication@568146d
----------------- Done invoking toplevel() on ptolemy.moml.MoMLSimpleApplication@568146d
reloadAllAccessors: .SetVariable2

===========================================================================================
----------------- testing Tue Apr 16 04:01:17 UTC 2019 /home/travis/build/icyphy/ptII/ptolemy/actor/lib/test/auto/SetVariable3.xml
----------------- Instantiating /home/travis/build/icyphy/ptII/ptolemy/actor/lib/test/auto/SetVariable3.xml
6 ms. Memory: 1609216K Free: 340749K (21%)
----------------- Invoking toplevel() on ptolemy.moml.MoMLSimpleApplication@3afadeda
----------------- Done invoking toplevel() on ptolemy.moml.MoMLSimpleApplication@3afadeda
reloadAllAccessors: .SetVariable3

===========================================================================================
----------------- testing Tue Apr 16 04:01:17 UTC 2019 /home/travis/build/icyphy/ptII/ptolemy/actor/lib/test/auto/SetVariable4.xml
----------------- Instantiating /home/travis/build/icyphy/ptII/ptolemy/actor/lib/test/auto/SetVariable4.xml
6 ms. Memory: 1609216K Free: 273702K (17%)
----------------- Invoking toplevel() on ptolemy.moml.MoMLSimpleApplication@5fd3aca4
----------------- Done invoking toplevel() on ptolemy.moml.MoMLSimpleApplication@5fd3aca4
reloadAllAccessors: .SetVariable4

===========================================================================================
----------------- testing Tue Apr 16 04:01:17 UTC 2019 /home/travis/build/icyphy/ptII/ptolemy/actor/lib/test/auto/SetVariable5.xml
----------------- Instantiating /home/travis/build/icyphy/ptII/ptolemy/actor/lib/test/auto/SetVariable5.xml
13 ms. Memory: 1609216K Free: 253739K (16%)
----------------- Invoking toplevel() on ptolemy.moml.MoMLSimpleApplication@57b67071
----------------- Done invoking toplevel() on ptolemy.moml.MoMLSimpleApplication@57b67071
reloadAllAccessors: .SetVariable5

===========================================================================================
----------------- testing Tue Apr 16 04:01:17 UTC 2019 /home/travis/build/icyphy/ptII/ptolemy/actor/lib/test/auto/Sinewave.xml
----------------- Instantiating /home/travis/build/icyphy/ptII/ptolemy/actor/lib/test/auto/Sinewave.xml
4 ms. Memory: 1609216K Free: 231382K (14%)
----------------- Invoking toplevel() on ptolemy.moml.MoMLSimpleApplication@69336b5
----------------- Done invoking toplevel() on ptolemy.moml.MoMLSimpleApplication@69336b5
reloadAllAccessors: .Sinewave

===========================================================================================
----------------- testing Tue Apr 16 04:01:17 UTC 2019 /home/travis/build/icyphy/ptII/ptolemy/actor/lib/test/auto/Sinewave2.xml
----------------- Instantiating /home/travis/build/icyphy/ptII/ptolemy/actor/lib/test/auto/Sinewave2.xml
6 ms. Memory: 1609216K Free: 211418K (13%)
----------------- Invoking toplevel() on ptolemy.moml.MoMLSimpleApplication@3b70c0d
----------------- Done invoking toplevel() on ptolemy.moml.MoMLSimpleApplication@3b70c0d
reloadAllAccessors: .Sinewave2

===========================================================================================
----------------- testing Tue Apr 16 04:01:17 UTC 2019 /home/travis/build/icyphy/ptII/ptolemy/actor/lib/test/auto/Sinewave3.xml
----------------- Instantiating /home/travis/build/icyphy/ptII/ptolemy/actor/lib/test/auto/Sinewave3.xml
11 ms. Memory: 1609216K Free: 196518K (12%)
----------------- Invoking toplevel() on ptolemy.moml.MoMLSimpleApplication@5630a9c2
----------------- Done invoking toplevel() on ptolemy.moml.MoMLSimpleApplication@5630a9c2
reloadAllAccessors: .Sinewave3

===========================================================================================
----------------- testing Tue Apr 16 04:01:17 UTC 2019 /home/travis/build/icyphy/ptII/ptolemy/actor/lib/test/auto/SingleEvent.xml
----------------- Instantiating /home/travis/build/icyphy/ptII/ptolemy/actor/lib/test/auto/SingleEvent.xml
1 ms. Memory: 1609216K Free: 176555K (11%)
----------------- Invoking toplevel() on ptolemy.moml.MoMLSimpleApplication@4a69523b
----------------- Done invoking toplevel() on ptolemy.moml.MoMLSimpleApplication@4a69523b
reloadAllAccessors: .SingleEvent

===========================================================================================
----------------- testing Tue Apr 16 04:01:17 UTC 2019 /home/travis/build/icyphy/ptII/ptolemy/actor/lib/test/auto/Sleep.xml
----------------- Instantiating /home/travis/build/icyphy/ptII/ptolemy/actor/lib/test/auto/Sleep.xml
6003 ms. Memory: 1609216K Free: 161655K (10%)
----------------- Invoking toplevel() on ptolemy.moml.MoMLSimpleApplication@25c6a36c
----------------- Done invoking toplevel() on ptolemy.moml.MoMLSimpleApplication@25c6a36c
reloadAllAccessors: .Sleep

===========================================================================================
----------------- testing Tue Apr 16 04:01:23 UTC 2019 /home/travis/build/icyphy/ptII/ptolemy/actor/lib/test/auto/SleepMultipleFire.xml
----------------- Instantiating /home/travis/build/icyphy/ptII/ptolemy/actor/lib/test/auto/SleepMultipleFire.xml
1006 ms. Memory: 1609216K Free: 141691K (9%)
----------------- Invoking toplevel() on ptolemy.moml.MoMLSimpleApplication@69406445
----------------- Done invoking toplevel() on ptolemy.moml.MoMLSimpleApplication@69406445
reloadAllAccessors: .SleepMultipleFire

===========================================================================================
----------------- testing Tue Apr 16 04:01:24 UTC 2019 /home/travis/build/icyphy/ptII/ptolemy/actor/lib/test/auto/StopDE.xml
----------------- Instantiating /home/travis/build/icyphy/ptII/ptolemy/actor/lib/test/auto/StopDE.xml
2 ms. Memory: 1609216K Free: 126792K (8%)
----------------- Invoking toplevel() on ptolemy.moml.MoMLSimpleApplication@49dfec57
----------------- Done invoking toplevel() on ptolemy.moml.MoMLSimpleApplication@49dfec57
reloadAllAccessors: .StopDE

===========================================================================================
----------------- testing Tue Apr 16 04:01:24 UTC 2019 /home/travis/build/icyphy/ptII/ptolemy/actor/lib/test/auto/StopSDF.xml
----------------- Instantiating /home/travis/build/icyphy/ptII/ptolemy/actor/lib/test/auto/StopSDF.xml
2 ms. Memory: 1609216K Free: 106828K (7%)
----------------- Invoking toplevel() on ptolemy.moml.MoMLSimpleApplication@45001ef7
----------------- Done invoking toplevel() on ptolemy.moml.MoMLSimpleApplication@45001ef7
reloadAllAccessors: .StopSDF

===========================================================================================
----------------- testing Tue Apr 16 04:01:24 UTC 2019 /home/travis/build/icyphy/ptII/ptolemy/actor/lib/test/auto/StringConstant.xml
----------------- Instantiating /home/travis/build/icyphy/ptII/ptolemy/actor/lib/test/auto/StringConstant.xml
1 ms. Memory: 1609216K Free: 91929K (6%)
----------------- Invoking toplevel() on ptolemy.moml.MoMLSimpleApplication@df9b1c2
----------------- Done invoking toplevel() on ptolemy.moml.MoMLSimpleApplication@df9b1c2
reloadAllAccessors: .StringConstant

===========================================================================================
----------------- testing Tue Apr 16 04:01:24 UTC 2019 /home/travis/build/icyphy/ptII/ptolemy/actor/lib/test/auto/SubscriberPortInitialValues1.xml
----------------- Instantiating /home/travis/build/icyphy/ptII/ptolemy/actor/lib/test/auto/SubscriberPortInitialValues1.xml
11 ms. Memory: 1782272K Free: 1737188K (97%)
----------------- Invoking toplevel() on ptolemy.moml.MoMLSimpleApplication@69dda52d
----------------- Done invoking toplevel() on ptolemy.moml.MoMLSimpleApplication@69dda52d
reloadAllAccessors: .SubscriberPortInitialValues1

===========================================================================================
----------------- testing Tue Apr 16 04:01:24 UTC 2019 /home/travis/build/icyphy/ptII/ptolemy/actor/lib/test/auto/SubscriberPortInitialValues13.xml
----------------- Instantiating /home/travis/build/icyphy/ptII/ptolemy/actor/lib/test/auto/SubscriberPortInitialValues13.xml
4 ms. Memory: 1782272K Free: 1703605K (96%)
----------------- Invoking toplevel() on ptolemy.moml.MoMLSimpleApplication@118ada61
----------------- Done invoking toplevel() on ptolemy.moml.MoMLSimpleApplication@118ada61
reloadAllAccessors: .SubscriberPortInitialValues13

===========================================================================================
----------------- testing Tue Apr 16 04:01:24 UTC 2019 /home/travis/build/icyphy/ptII/ptolemy/actor/lib/test/auto/SubscriberPortInitialValues14.xml
----------------- Instantiating /home/travis/build/icyphy/ptII/ptolemy/actor/lib/test/auto/SubscriberPortInitialValues14.xml
3 ms. Memory: 1782272K Free: 1682525K (94%)
----------------- Invoking toplevel() on ptolemy.moml.MoMLSimpleApplication@48e4b75f
----------------- Done invoking toplevel() on ptolemy.moml.MoMLSimpleApplication@48e4b75f
reloadAllAccessors: .SubscriberPortInitialValues14

===========================================================================================
----------------- testing Tue Apr 16 04:01:24 UTC 2019 /home/travis/build/icyphy/ptII/ptolemy/actor/lib/test/auto/SubscriberPortInitialValues2.xml
----------------- Instantiating /home/travis/build/icyphy/ptII/ptolemy/actor/lib/test/auto/SubscriberPortInitialValues2.xml
3 ms. Memory: 1782272K Free: 1665874K (93%)
----------------- Invoking toplevel() on ptolemy.moml.MoMLSimpleApplication@6d6bdb39
----------------- Done invoking toplevel() on ptolemy.moml.MoMLSimpleApplication@6d6bdb39
reloadAllAccessors: .SubscriberPortInitialValues2

===========================================================================================
----------------- testing Tue Apr 16 04:01:24 UTC 2019 /home/travis/build/icyphy/ptII/ptolemy/actor/lib/test/auto/SubscriberPortInitialValues3.xml
----------------- Instantiating /home/travis/build/icyphy/ptII/ptolemy/actor/lib/test/auto/SubscriberPortInitialValues3.xml
4 ms. Memory: 1782272K Free: 1644794K (92%)
----------------- Invoking toplevel() on ptolemy.moml.MoMLSimpleApplication@4d946866
----------------- Done invoking toplevel() on ptolemy.moml.MoMLSimpleApplication@4d946866
reloadAllAccessors: .SubscriberPortInitialValues3

===========================================================================================
----------------- testing Tue Apr 16 04:01:24 UTC 2019 /home/travis/build/icyphy/ptII/ptolemy/actor/lib/test/auto/SubscriptionAggregator.xml
----------------- Instantiating /home/travis/build/icyphy/ptII/ptolemy/actor/lib/test/auto/SubscriptionAggregator.xml
3 ms. Memory: 1782272K Free: 1628144K (91%)
----------------- Invoking toplevel() on ptolemy.moml.MoMLSimpleApplication@1b633f97
----------------- Done invoking toplevel() on ptolemy.moml.MoMLSimpleApplication@1b633f97
reloadAllAccessors: .SubscriptionAggregator

===========================================================================================
----------------- testing Tue Apr 16 04:01:24 UTC 2019 /home/travis/build/icyphy/ptII/ptolemy/actor/lib/test/auto/SubscriptionAggregator2.xml
----------------- Instantiating /home/travis/build/icyphy/ptII/ptolemy/actor/lib/test/auto/SubscriptionAggregator2.xml
2 ms. Memory: 1782272K Free: 1607064K (90%)
----------------- Invoking toplevel() on ptolemy.moml.MoMLSimpleApplication@2b53c642
----------------- Done invoking toplevel() on ptolemy.moml.MoMLSimpleApplication@2b53c642
reloadAllAccessors: .SubscriptionAggregator2

===========================================================================================
----------------- testing Tue Apr 16 04:01:24 UTC 2019 /home/travis/build/icyphy/ptII/ptolemy/actor/lib/test/auto/SubscriptionAggregator3.xml
----------------- Instantiating /home/travis/build/icyphy/ptII/ptolemy/actor/lib/test/auto/SubscriptionAggregator3.xml
2 ms. Memory: 1782272K Free: 1590414K (89%)
----------------- Invoking toplevel() on ptolemy.moml.MoMLSimpleApplication@1a0eb4e8
----------------- Done invoking toplevel() on ptolemy.moml.MoMLSimpleApplication@1a0eb4e8
reloadAllAccessors: .SubscriptionAggregator3

===========================================================================================
----------------- testing Tue Apr 16 04:01:24 UTC 2019 /home/travis/build/icyphy/ptII/ptolemy/actor/lib/test/auto/SubscriptionAggregatorMultiply.xml
----------------- Instantiating /home/travis/build/icyphy/ptII/ptolemy/actor/lib/test/auto/SubscriptionAggregatorMultiply.xml
2 ms. Memory: 1782272K Free: 1569334K (88%)
----------------- Invoking toplevel() on ptolemy.moml.MoMLSimpleApplication@7d863ff4
----------------- Done invoking toplevel() on ptolemy.moml.MoMLSimpleApplication@7d863ff4
reloadAllAccessors: .SubscriptionAggregatorMultiply

===========================================================================================
----------------- testing Tue Apr 16 04:01:24 UTC 2019 /home/travis/build/icyphy/ptII/ptolemy/actor/lib/test/auto/SubscriptionAggregatorPortMultiply1.xml
----------------- Instantiating /home/travis/build/icyphy/ptII/ptolemy/actor/lib/test/auto/SubscriptionAggregatorPortMultiply1.xml
4 ms. Memory: 1782272K Free: 1548254K (87%)
----------------- Invoking toplevel() on ptolemy.moml.MoMLSimpleApplication@46139eab
----------------- Done invoking toplevel() on ptolemy.moml.MoMLSimpleApplication@46139eab
reloadAllAccessors: .SubscriptionAggregatorPortMultiply1

===========================================================================================
----------------- testing Tue Apr 16 04:01:24 UTC 2019 /home/travis/build/icyphy/ptII/ptolemy/actor/lib/test/auto/Switch.xml
----------------- Instantiating /home/travis/build/icyphy/ptII/ptolemy/actor/lib/test/auto/Switch.xml
4 ms. Memory: 1782272K Free: 1481626K (83%)
----------------- Invoking toplevel() on ptolemy.moml.MoMLSimpleApplication@631aacbf
----------------- Done invoking toplevel() on ptolemy.moml.MoMLSimpleApplication@631aacbf
reloadAllAccessors: .Switch

===========================================================================================
----------------- testing Tue Apr 16 04:01:24 UTC 2019 /home/travis/build/icyphy/ptII/ptolemy/actor/lib/test/auto/Switch2.xml
----------------- Instantiating /home/travis/build/icyphy/ptII/ptolemy/actor/lib/test/auto/Switch2.xml
2 ms. Memory: 1782272K Free: 1460546K (82%)
----------------- Invoking toplevel() on ptolemy.moml.MoMLSimpleApplication@53961691
----------------- Done invoking toplevel() on ptolemy.moml.MoMLSimpleApplication@53961691
reloadAllAccessors: .Switch2

===========================================================================================
----------------- testing Tue Apr 16 04:01:24 UTC 2019 /home/travis/build/icyphy/ptII/ptolemy/actor/lib/test/auto/SwitchDE.xml
----------------- Instantiating /home/travis/build/icyphy/ptII/ptolemy/actor/lib/test/auto/SwitchDE.xml
2 ms. Memory: 1782272K Free: 1443896K (81%)
----------------- Invoking toplevel() on ptolemy.moml.MoMLSimpleApplication@7121606
----------------- Done invoking toplevel() on ptolemy.moml.MoMLSimpleApplication@7121606
reloadAllAccessors: .SwitchDE

===========================================================================================
----------------- testing Tue Apr 16 04:01:24 UTC 2019 /home/travis/build/icyphy/ptII/ptolemy/actor/lib/test/auto/SynchronizerDE.xml
----------------- Instantiating /home/travis/build/icyphy/ptII/ptolemy/actor/lib/test/auto/SynchronizerDE.xml
3 ms. Memory: 1782272K Free: 1422816K (80%)
----------------- Invoking toplevel() on ptolemy.moml.MoMLSimpleApplication@3cf0b162
----------------- Done invoking toplevel() on ptolemy.moml.MoMLSimpleApplication@3cf0b162
reloadAllAccessors: .SynchronizerDE

===========================================================================================
----------------- testing Tue Apr 16 04:01:24 UTC 2019 /home/travis/build/icyphy/ptII/ptolemy/actor/lib/test/auto/Test.xml
----------------- Instantiating /home/travis/build/icyphy/ptII/ptolemy/actor/lib/test/auto/Test.xml
2 ms. Memory: 1782272K Free: 1406166K (79%)
----------------- Invoking toplevel() on ptolemy.moml.MoMLSimpleApplication@65e3e010
----------------- Done invoking toplevel() on ptolemy.moml.MoMLSimpleApplication@65e3e010
reloadAllAccessors: .Test

===========================================================================================
----------------- testing Tue Apr 16 04:01:24 UTC 2019 /home/travis/build/icyphy/ptII/ptolemy/actor/lib/test/auto/TestExceptionAttribute1.xml
----------------- Instantiating /home/travis/build/icyphy/ptII/ptolemy/actor/lib/test/auto/TestExceptionAttribute1.xml
2 ms. Memory: 1782272K Free: 1385086K (78%)
----------------- Invoking toplevel() on ptolemy.moml.MoMLSimpleApplication@d922e09
----------------- Done invoking toplevel() on ptolemy.moml.MoMLSimpleApplication@d922e09
reloadAllAccessors: .TestExceptionAttribute1

===========================================================================================
----------------- testing Tue Apr 16 04:01:24 UTC 2019 /home/travis/build/icyphy/ptII/ptolemy/actor/lib/test/auto/TestExceptionAttribute2.xml
----------------- Instantiating /home/travis/build/icyphy/ptII/ptolemy/actor/lib/test/auto/TestExceptionAttribute2.xml
1 ms. Memory: 1782272K Free: 1368436K (77%)
----------------- Invoking toplevel() on ptolemy.moml.MoMLSimpleApplication@46591f9f
----------------- Done invoking toplevel() on ptolemy.moml.MoMLSimpleApplication@46591f9f
reloadAllAccessors: .TestExceptionAttribute2

===========================================================================================
----------------- testing Tue Apr 16 04:01:24 UTC 2019 /home/travis/build/icyphy/ptII/ptolemy/actor/lib/test/auto/TestExceptionAttribute3.xml
----------------- Instantiating /home/travis/build/icyphy/ptII/ptolemy/actor/lib/test/auto/TestExceptionAttribute3.xml
.TestExceptionAttribute3.TestExceptionAttribute: initialize() was not invoked, but wrapup() was.  This is unusual, but not always a problem.  For example, exporting JNLP will do this.
1 ms. Memory: 1782272K Free: 1347356K (76%)
----------------- Invoking toplevel() on ptolemy.moml.MoMLSimpleApplication@3893bfd2
----------------- Done invoking toplevel() on ptolemy.moml.MoMLSimpleApplication@3893bfd2
reloadAllAccessors: .TestExceptionAttribute3

===========================================================================================
----------------- testing Tue Apr 16 04:01:24 UTC 2019 /home/travis/build/icyphy/ptII/ptolemy/actor/lib/test/auto/TestExceptionAttribute4.xml
----------------- Instantiating /home/travis/build/icyphy/ptII/ptolemy/actor/lib/test/auto/TestExceptionAttribute4.xml
.TestExceptionAttribute4.TestExceptionAttribute: initialize() was not invoked, but wrapup() was.  This is unusual, but not always a problem.  For example, exporting JNLP will do this.
.TestExceptionAttribute4.TestExceptionAttribute2: initialize() was not invoked, but wrapup() was.  This is unusual, but not always a problem.  For example, exporting JNLP will do this.
1 ms. Memory: 1782272K Free: 1326276K (74%)
----------------- Invoking toplevel() on ptolemy.moml.MoMLSimpleApplication@26fa813d
----------------- Done invoking toplevel() on ptolemy.moml.MoMLSimpleApplication@26fa813d
reloadAllAccessors: .TestExceptionAttribute4

===========================================================================================
----------------- testing Tue Apr 16 04:01:24 UTC 2019 /home/travis/build/icyphy/ptII/ptolemy/actor/lib/test/auto/TestExceptionHandler1.xml
----------------- Instantiating /home/travis/build/icyphy/ptII/ptolemy/actor/lib/test/auto/TestExceptionHandler1.xml
1 ms. Memory: 1782272K Free: 1309626K (73%)
----------------- Invoking toplevel() on ptolemy.moml.MoMLSimpleApplication@3211ca30
----------------- Done invoking toplevel() on ptolemy.moml.MoMLSimpleApplication@3211ca30
reloadAllAccessors: .TestExceptionHandler1

===========================================================================================
----------------- testing Tue Apr 16 04:01:24 UTC 2019 /home/travis/build/icyphy/ptII/ptolemy/actor/lib/test/auto/TestExceptionHandler2.xml
----------------- Instantiating /home/travis/build/icyphy/ptII/ptolemy/actor/lib/test/auto/TestExceptionHandler2.xml
1 ms. Memory: 1782272K Free: 1288545K (72%)
----------------- Invoking toplevel() on ptolemy.moml.MoMLSimpleApplication@7f066a1d
----------------- Done invoking toplevel() on ptolemy.moml.MoMLSimpleApplication@7f066a1d
reloadAllAccessors: .TestExceptionHandler2

===========================================================================================
----------------- testing Tue Apr 16 04:01:24 UTC 2019 /home/travis/build/icyphy/ptII/ptolemy/actor/lib/test/auto/TestExceptionHandler3.xml
----------------- Instantiating /home/travis/build/icyphy/ptII/ptolemy/actor/lib/test/auto/TestExceptionHandler3.xml
0 ms. Memory: 1782272K Free: 1271895K (71%)
----------------- Invoking toplevel() on ptolemy.moml.MoMLSimpleApplication@a6b7c41
----------------- Done invoking toplevel() on ptolemy.moml.MoMLSimpleApplication@a6b7c41
reloadAllAccessors: .TestExceptionHandler3

===========================================================================================
----------------- testing Tue Apr 16 04:01:24 UTC 2019 /home/travis/build/icyphy/ptII/ptolemy/actor/lib/test/auto/TestExceptionHandler4.xml
----------------- Instantiating /home/travis/build/icyphy/ptII/ptolemy/actor/lib/test/auto/TestExceptionHandler4.xml
1 ms. Memory: 1782272K Free: 1250815K (70%)
----------------- Invoking toplevel() on ptolemy.moml.MoMLSimpleApplication@7946167
----------------- Done invoking toplevel() on ptolemy.moml.MoMLSimpleApplication@7946167
reloadAllAccessors: .TestExceptionHandler4

===========================================================================================
----------------- testing Tue Apr 16 04:01:24 UTC 2019 /home/travis/build/icyphy/ptII/ptolemy/actor/lib/test/auto/TestRequireCorrectOrder.xml
----------------- Instantiating /home/travis/build/icyphy/ptII/ptolemy/actor/lib/test/auto/TestRequireCorrectOrder.xml
1 ms. Memory: 1782272K Free: 1234165K (69%)
----------------- Invoking toplevel() on ptolemy.moml.MoMLSimpleApplication@79aca95e
----------------- Done invoking toplevel() on ptolemy.moml.MoMLSimpleApplication@79aca95e
reloadAllAccessors: .TestRequireCorrectOrder

===========================================================================================
----------------- testing Tue Apr 16 04:01:24 UTC 2019 /home/travis/build/icyphy/ptII/ptolemy/actor/lib/test/auto/TestSimple.xml
----------------- Instantiating /home/travis/build/icyphy/ptII/ptolemy/actor/lib/test/auto/TestSimple.xml
1 ms. Memory: 1782272K Free: 1213085K (68%)
----------------- Invoking toplevel() on ptolemy.moml.MoMLSimpleApplication@38f65bc4
----------------- Done invoking toplevel() on ptolemy.moml.MoMLSimpleApplication@38f65bc4
reloadAllAccessors: .TestSimple

===========================================================================================
----------------- testing Tue Apr 16 04:01:24 UTC 2019 /home/travis/build/icyphy/ptII/ptolemy/actor/lib/test/auto/ThrowModelError.xml
----------------- Instantiating /home/travis/build/icyphy/ptII/ptolemy/actor/lib/test/auto/ThrowModelError.xml
1 ms. Memory: 1782272K Free: 1192005K (67%)
----------------- Invoking toplevel() on ptolemy.moml.MoMLSimpleApplication@1a0b5a36
----------------- Done invoking toplevel() on ptolemy.moml.MoMLSimpleApplication@1a0b5a36
reloadAllAccessors: .ThrowModelError

===========================================================================================
----------------- testing Tue Apr 16 04:01:24 UTC 2019 /home/travis/build/icyphy/ptII/ptolemy/actor/lib/test/auto/TimeDelayMicrosteps.xml
----------------- Instantiating /home/travis/build/icyphy/ptII/ptolemy/actor/lib/test/auto/TimeDelayMicrosteps.xml
2 ms. Memory: 1782272K Free: 1175355K (66%)
----------------- Invoking toplevel() on ptolemy.moml.MoMLSimpleApplication@687643f5
----------------- Done invoking toplevel() on ptolemy.moml.MoMLSimpleApplication@687643f5
reloadAllAccessors: .TimeDelayMicrosteps

===========================================================================================
----------------- testing Tue Apr 16 04:01:24 UTC 2019 /home/travis/build/icyphy/ptII/ptolemy/actor/lib/test/auto/TimeDelayMicrosteps2.xml
----------------- Instantiating /home/travis/build/icyphy/ptII/ptolemy/actor/lib/test/auto/TimeDelayMicrosteps2.xml
2 ms. Memory: 1782272K Free: 1154275K (65%)
----------------- Invoking toplevel() on ptolemy.moml.MoMLSimpleApplication@7a9524d0
----------------- Done invoking toplevel() on ptolemy.moml.MoMLSimpleApplication@7a9524d0
reloadAllAccessors: .TimeDelayMicrosteps2

===========================================================================================
----------------- testing Tue Apr 16 04:01:24 UTC 2019 /home/travis/build/icyphy/ptII/ptolemy/actor/lib/test/auto/TimeDelayMicrosteps3.xml
----------------- Instantiating /home/travis/build/icyphy/ptII/ptolemy/actor/lib/test/auto/TimeDelayMicrosteps3.xml
3 ms. Memory: 1782272K Free: 1137625K (64%)
----------------- Invoking toplevel() on ptolemy.moml.MoMLSimpleApplication@5bc5ff8e
----------------- Done invoking toplevel() on ptolemy.moml.MoMLSimpleApplication@5bc5ff8e
reloadAllAccessors: .TimeDelayMicrosteps3

===========================================================================================
----------------- testing Tue Apr 16 04:01:25 UTC 2019 /home/travis/build/icyphy/ptII/ptolemy/actor/lib/test/auto/TimeDelayVariableMicrosteps.xml
----------------- Instantiating /home/travis/build/icyphy/ptII/ptolemy/actor/lib/test/auto/TimeDelayVariableMicrosteps.xml
2 ms. Memory: 1782272K Free: 1116545K (63%)
----------------- Invoking toplevel() on ptolemy.moml.MoMLSimpleApplication@3084b5d6
----------------- Done invoking toplevel() on ptolemy.moml.MoMLSimpleApplication@3084b5d6
reloadAllAccessors: .TimeDelayVariableMicrosteps

===========================================================================================
----------------- testing Tue Apr 16 04:01:25 UTC 2019 /home/travis/build/icyphy/ptII/ptolemy/actor/lib/test/auto/TimeGap.xml
----------------- Instantiating /home/travis/build/icyphy/ptII/ptolemy/actor/lib/test/auto/TimeGap.xml
3 ms. Memory: 1782272K Free: 1099894K (62%)
----------------- Invoking toplevel() on ptolemy.moml.MoMLSimpleApplication@79ab79b7
----------------- Done invoking toplevel() on ptolemy.moml.MoMLSimpleApplication@79ab79b7
reloadAllAccessors: .TimeGap

===========================================================================================
----------------- testing Tue Apr 16 04:01:25 UTC 2019 /home/travis/build/icyphy/ptII/ptolemy/actor/lib/test/auto/TimeGap2.xml
----------------- Instantiating /home/travis/build/icyphy/ptII/ptolemy/actor/lib/test/auto/TimeGap2.xml
2 ms. Memory: 1782272K Free: 1078814K (61%)
----------------- Invoking toplevel() on ptolemy.moml.MoMLSimpleApplication@62b6a035
----------------- Done invoking toplevel() on ptolemy.moml.MoMLSimpleApplication@62b6a035
reloadAllAccessors: .TimeGap2

===========================================================================================
----------------- testing Tue Apr 16 04:01:25 UTC 2019 /home/travis/build/icyphy/ptII/ptolemy/actor/lib/test/auto/TimedSinewave.xml
----------------- Instantiating /home/travis/build/icyphy/ptII/ptolemy/actor/lib/test/auto/TimedSinewave.xml
13 ms. Memory: 1782272K Free: 1049409K (59%)
----------------- Invoking toplevel() on ptolemy.moml.MoMLSimpleApplication@93abd37
----------------- Done invoking toplevel() on ptolemy.moml.MoMLSimpleApplication@93abd37
reloadAllAccessors: .TimedSinewave

===========================================================================================
----------------- testing Tue Apr 16 04:01:25 UTC 2019 /home/travis/build/icyphy/ptII/ptolemy/actor/lib/test/auto/TimedSinewavePhase.xml
----------------- Instantiating /home/travis/build/icyphy/ptII/ptolemy/actor/lib/test/auto/TimedSinewavePhase.xml
8 ms. Memory: 1782272K Free: 1032759K (58%)
----------------- Invoking toplevel() on ptolemy.moml.MoMLSimpleApplication@3e2cea4e
----------------- Done invoking toplevel() on ptolemy.moml.MoMLSimpleApplication@3e2cea4e
reloadAllAccessors: .TimedSinewavePhase

===========================================================================================
----------------- testing Tue Apr 16 04:01:25 UTC 2019 /home/travis/build/icyphy/ptII/ptolemy/actor/lib/test/auto/Timer.xml
----------------- Instantiating /home/travis/build/icyphy/ptII/ptolemy/actor/lib/test/auto/Timer.xml
2 ms. Memory: 1782272K Free: 1011679K (57%)
----------------- Invoking toplevel() on ptolemy.moml.MoMLSimpleApplication@2bcabd86
----------------- Done invoking toplevel() on ptolemy.moml.MoMLSimpleApplication@2bcabd86
reloadAllAccessors: .Timer

===========================================================================================
----------------- testing Tue Apr 16 04:01:25 UTC 2019 /home/travis/build/icyphy/ptII/ptolemy/actor/lib/test/auto/TriangularDistTestModel.xml
----------------- Instantiating /home/travis/build/icyphy/ptII/ptolemy/actor/lib/test/auto/TriangularDistTestModel.xml
2 ms. Memory: 1782272K Free: 995029K (56%)
----------------- Invoking toplevel() on ptolemy.moml.MoMLSimpleApplication@18913aa
----------------- Done invoking toplevel() on ptolemy.moml.MoMLSimpleApplication@18913aa
reloadAllAccessors: .TriangularDistTestModel

===========================================================================================
----------------- testing Tue Apr 16 04:01:25 UTC 2019 /home/travis/build/icyphy/ptII/ptolemy/actor/lib/test/auto/TrigFunction.xml
----------------- Instantiating /home/travis/build/icyphy/ptII/ptolemy/actor/lib/test/auto/TrigFunction.xml
2 ms. Memory: 1782272K Free: 973949K (55%)
----------------- Invoking toplevel() on ptolemy.moml.MoMLSimpleApplication@29782c99
----------------- Done invoking toplevel() on ptolemy.moml.MoMLSimpleApplication@29782c99
reloadAllAccessors: .TrigFunction

===========================================================================================
----------------- testing Tue Apr 16 04:01:25 UTC 2019 /home/travis/build/icyphy/ptII/ptolemy/actor/lib/test/auto/TrigFunctionDE.xml
----------------- Instantiating /home/travis/build/icyphy/ptII/ptolemy/actor/lib/test/auto/TrigFunctionDE.xml
2 ms. Memory: 1782272K Free: 957298K (54%)
----------------- Invoking toplevel() on ptolemy.moml.MoMLSimpleApplication@6bcfbf0c
----------------- Done invoking toplevel() on ptolemy.moml.MoMLSimpleApplication@6bcfbf0c
reloadAllAccessors: .TrigFunctionDE

===========================================================================================
----------------- testing Tue Apr 16 04:01:25 UTC 2019 /home/travis/build/icyphy/ptII/ptolemy/actor/lib/test/auto/TrigFunctionInverse.xml
----------------- Instantiating /home/travis/build/icyphy/ptII/ptolemy/actor/lib/test/auto/TrigFunctionInverse.xml
1 ms. Memory: 1782272K Free: 936219K (53%)
----------------- Invoking toplevel() on ptolemy.moml.MoMLSimpleApplication@24aed273
----------------- Done invoking toplevel() on ptolemy.moml.MoMLSimpleApplication@24aed273
reloadAllAccessors: .TrigFunctionInverse

===========================================================================================
----------------- testing Tue Apr 16 04:01:25 UTC 2019 /home/travis/build/icyphy/ptII/ptolemy/actor/lib/test/auto/TrigFunctionTan.xml
----------------- Instantiating /home/travis/build/icyphy/ptII/ptolemy/actor/lib/test/auto/TrigFunctionTan.xml
2 ms. Memory: 1782272K Free: 919568K (52%)
----------------- Invoking toplevel() on ptolemy.moml.MoMLSimpleApplication@5e5dcb2b
----------------- Done invoking toplevel() on ptolemy.moml.MoMLSimpleApplication@5e5dcb2b
reloadAllAccessors: .TrigFunctionTan

===========================================================================================
----------------- testing Tue Apr 16 04:01:25 UTC 2019 /home/travis/build/icyphy/ptII/ptolemy/actor/lib/test/auto/TriggeredClock.xml
----------------- Instantiating /home/travis/build/icyphy/ptII/ptolemy/actor/lib/test/auto/TriggeredClock.xml
2 ms. Memory: 1782272K Free: 898488K (50%)
----------------- Invoking toplevel() on ptolemy.moml.MoMLSimpleApplication@5c46d3a7
----------------- Done invoking toplevel() on ptolemy.moml.MoMLSimpleApplication@5c46d3a7
reloadAllAccessors: .TriggeredClock

===========================================================================================
----------------- testing Tue Apr 16 04:01:25 UTC 2019 /home/travis/build/icyphy/ptII/ptolemy/actor/lib/test/auto/URLDirectoryReader.xml
----------------- Instantiating /home/travis/build/icyphy/ptII/ptolemy/actor/lib/test/auto/URLDirectoryReader.xml
39 ms. Memory: 1782272K Free: 877408K (49%)
----------------- Invoking toplevel() on ptolemy.moml.MoMLSimpleApplication@6e1cc1fe
----------------- Done invoking toplevel() on ptolemy.moml.MoMLSimpleApplication@6e1cc1fe
reloadAllAccessors: .URLDirectoryReader

===========================================================================================
----------------- testing Tue Apr 16 04:01:25 UTC 2019 /home/travis/build/icyphy/ptII/ptolemy/actor/lib/test/auto/URLDirectoryReader3.xml
----------------- Instantiating /home/travis/build/icyphy/ptII/ptolemy/actor/lib/test/auto/URLDirectoryReader3.xml
1019 ms. Memory: 1782272K Free: 819132K (46%)
----------------- Invoking toplevel() on ptolemy.moml.MoMLSimpleApplication@7b96c6a8
----------------- Done invoking toplevel() on ptolemy.moml.MoMLSimpleApplication@7b96c6a8
reloadAllAccessors: .URLDirectoryReader3

===========================================================================================
----------------- testing Tue Apr 16 04:01:26 UTC 2019 /home/travis/build/icyphy/ptII/ptolemy/actor/lib/test/auto/UnaryMathFunction.xml
----------------- Instantiating /home/travis/build/icyphy/ptII/ptolemy/actor/lib/test/auto/UnaryMathFunction.xml
2 ms. Memory: 1782272K Free: 798052K (45%)
----------------- Invoking toplevel() on ptolemy.moml.MoMLSimpleApplication@4a6ccd7c
----------------- Done invoking toplevel() on ptolemy.moml.MoMLSimpleApplication@4a6ccd7c
reloadAllAccessors: .UnaryMathFunction

===========================================================================================
----------------- testing Tue Apr 16 04:01:26 UTC 2019 /home/travis/build/icyphy/ptII/ptolemy/actor/lib/test/auto/Uniform.xml
----------------- Instantiating /home/travis/build/icyphy/ptII/ptolemy/actor/lib/test/auto/Uniform.xml
1 ms. Memory: 1782272K Free: 781402K (44%)
----------------- Invoking toplevel() on ptolemy.moml.MoMLSimpleApplication@6287f11a
----------------- Done invoking toplevel() on ptolemy.moml.MoMLSimpleApplication@6287f11a
reloadAllAccessors: .Uniform

===========================================================================================
----------------- testing Tue Apr 16 04:01:26 UTC 2019 /home/travis/build/icyphy/ptII/ptolemy/actor/lib/test/auto/UnionDisassemblerTest.xml
----------------- Instantiating /home/travis/build/icyphy/ptII/ptolemy/actor/lib/test/auto/UnionDisassemblerTest.xml
6 ms. Memory: 1782272K Free: 760322K (43%)
----------------- Invoking toplevel() on ptolemy.moml.MoMLSimpleApplication@424d1b51
----------------- Done invoking toplevel() on ptolemy.moml.MoMLSimpleApplication@424d1b51
reloadAllAccessors: .UnionDisassemblerTest

===========================================================================================
----------------- testing Tue Apr 16 04:01:26 UTC 2019 /home/travis/build/icyphy/ptII/ptolemy/actor/lib/test/auto/UtilityFunctions.xml
----------------- Instantiating /home/travis/build/icyphy/ptII/ptolemy/actor/lib/test/auto/UtilityFunctions.xml
1 ms. Memory: 1782272K Free: 743672K (42%)
----------------- Invoking toplevel() on ptolemy.moml.MoMLSimpleApplication@3484681b
----------------- Done invoking toplevel() on ptolemy.moml.MoMLSimpleApplication@3484681b
reloadAllAccessors: .UtilityFunctions

===========================================================================================
----------------- testing Tue Apr 16 04:01:26 UTC 2019 /home/travis/build/icyphy/ptII/ptolemy/actor/lib/test/auto/VariableSleep.xml
----------------- Instantiating /home/travis/build/icyphy/ptII/ptolemy/actor/lib/test/auto/VariableSleep.xml
503 ms. Memory: 1782272K Free: 722592K (41%)
----------------- Invoking toplevel() on ptolemy.moml.MoMLSimpleApplication@16770cc1
----------------- Done invoking toplevel() on ptolemy.moml.MoMLSimpleApplication@16770cc1
reloadAllAccessors: .VariableSleep

===========================================================================================
----------------- testing Tue Apr 16 04:01:27 UTC 2019 /home/travis/build/icyphy/ptII/ptolemy/actor/lib/test/auto/VectorAssemblerDisassemblerCT.xml
----------------- Instantiating /home/travis/build/icyphy/ptII/ptolemy/actor/lib/test/auto/VectorAssemblerDisassemblerCT.xml
58 ms. Memory: 1782272K Free: 693187K (39%)
----------------- Invoking toplevel() on ptolemy.moml.MoMLSimpleApplication@7cc1b9ba
----------------- Done invoking toplevel() on ptolemy.moml.MoMLSimpleApplication@7cc1b9ba
reloadAllAccessors: .VectorAssemblerDisassemblerCT

===========================================================================================
----------------- testing Tue Apr 16 04:01:27 UTC 2019 /home/travis/build/icyphy/ptII/ptolemy/actor/lib/test/auto/VectorAssemblerDisassemblerDE.xml
----------------- Instantiating /home/travis/build/icyphy/ptII/ptolemy/actor/lib/test/auto/VectorAssemblerDisassemblerDE.xml
2 ms. Memory: 1782272K Free: 676537K (38%)
----------------- Invoking toplevel() on ptolemy.moml.MoMLSimpleApplication@6801e2c2
----------------- Done invoking toplevel() on ptolemy.moml.MoMLSimpleApplication@6801e2c2
reloadAllAccessors: .VectorAssemblerDisassemblerDE

===========================================================================================
----------------- testing Tue Apr 16 04:01:27 UTC 2019 /home/travis/build/icyphy/ptII/ptolemy/actor/lib/test/auto/VectorAssemblerDisassemblerSDF.xml
----------------- Instantiating /home/travis/build/icyphy/ptII/ptolemy/actor/lib/test/auto/VectorAssemblerDisassemblerSDF.xml
3 ms. Memory: 1782272K Free: 655457K (37%)
----------------- Invoking toplevel() on ptolemy.moml.MoMLSimpleApplication@49f8137c
----------------- Done invoking toplevel() on ptolemy.moml.MoMLSimpleApplication@49f8137c
reloadAllAccessors: .VectorAssemblerDisassemblerSDF

===========================================================================================
----------------- testing Tue Apr 16 04:01:27 UTC 2019 /home/travis/build/icyphy/ptII/ptolemy/actor/lib/test/auto/WallClockTime.xml
----------------- Instantiating /home/travis/build/icyphy/ptII/ptolemy/actor/lib/test/auto/WallClockTime.xml
1004 ms. Memory: 1782272K Free: 638806K (36%)
----------------- Invoking toplevel() on ptolemy.moml.MoMLSimpleApplication@bb5265b
----------------- Done invoking toplevel() on ptolemy.moml.MoMLSimpleApplication@bb5265b
reloadAllAccessors: .WallClockTime

===========================================================================================
----------------- testing Tue Apr 16 04:01:28 UTC 2019 /home/travis/build/icyphy/ptII/ptolemy/actor/lib/test/auto/WidthTestWithSubscriberPublisher.xml
----------------- Instantiating /home/travis/build/icyphy/ptII/ptolemy/actor/lib/test/auto/WidthTestWithSubscriberPublisher.xml
6 ms. Memory: 1782272K Free: 609401K (34%)
----------------- Invoking toplevel() on ptolemy.moml.MoMLSimpleApplication@5ed87e
----------------- Done invoking toplevel() on ptolemy.moml.MoMLSimpleApplication@5ed87e
reloadAllAccessors: .WidthTestWithSubscriberPublisher

===========================================================================================
----------------- testing Tue Apr 16 04:01:28 UTC 2019 /home/travis/build/icyphy/ptII/ptolemy/actor/lib/test/auto/WidthTestWithSubscriberPublisher2.xml
----------------- Instantiating /home/travis/build/icyphy/ptII/ptolemy/actor/lib/test/auto/WidthTestWithSubscriberPublisher2.xml
3 ms. Memory: 1782272K Free: 592751K (33%)
----------------- Invoking toplevel() on ptolemy.moml.MoMLSimpleApplication@1e7cd01b
----------------- Done invoking toplevel() on ptolemy.moml.MoMLSimpleApplication@1e7cd01b
reloadAllAccessors: .WidthTestWithSubscriberPublisher2

===========================================================================================
----------------- testing Tue Apr 16 04:01:28 UTC 2019 /home/travis/build/icyphy/ptII/ptolemy/actor/lib/test/auto/WidthTestWithSubscriberPublisher3.xml
----------------- Instantiating /home/travis/build/icyphy/ptII/ptolemy/actor/lib/test/auto/WidthTestWithSubscriberPublisher3.xml
2 ms. Memory: 1782272K Free: 571671K (32%)
----------------- Invoking toplevel() on ptolemy.moml.MoMLSimpleApplication@28713f5a
----------------- Done invoking toplevel() on ptolemy.moml.MoMLSimpleApplication@28713f5a
reloadAllAccessors: .WidthTestWithSubscriberPublisher3

===========================================================================================
----------------- testing Tue Apr 16 04:01:28 UTC 2019 /home/travis/build/icyphy/ptII/ptolemy/actor/lib/test/auto/Writer.xml
----------------- Instantiating /home/travis/build/icyphy/ptII/ptolemy/actor/lib/test/auto/Writer.xml
0
1
2
3
4
2 ms. Memory: 1782272K Free: 550591K (31%)
----------------- Invoking toplevel() on ptolemy.moml.MoMLSimpleApplication@2b914abb
----------------- Done invoking toplevel() on ptolemy.moml.MoMLSimpleApplication@2b914abb
reloadAllAccessors: .Writer

===========================================================================================
----------------- testing Tue Apr 16 04:01:28 UTC 2019 /home/travis/build/icyphy/ptII/ptolemy/actor/lib/test/auto/array.xml
----------------- Instantiating /home/travis/build/icyphy/ptII/ptolemy/actor/lib/test/auto/array.xml
1 ms. Memory: 1782272K Free: 533941K (30%)
----------------- Invoking toplevel() on ptolemy.moml.MoMLSimpleApplication@2a1d8758
----------------- Done invoking toplevel() on ptolemy.moml.MoMLSimpleApplication@2a1d8758
reloadAllAccessors: .array

===========================================================================================
----------------- testing Tue Apr 16 04:01:28 UTC 2019 /home/travis/build/icyphy/ptII/ptolemy/actor/lib/test/auto/array2.xml
----------------- Instantiating /home/travis/build/icyphy/ptII/ptolemy/actor/lib/test/auto/array2.xml
11 ms. Memory: 1782272K Free: 512861K (29%)
----------------- Invoking toplevel() on ptolemy.moml.MoMLSimpleApplication@7657530a
----------------- Done invoking toplevel() on ptolemy.moml.MoMLSimpleApplication@7657530a
reloadAllAccessors: .array2

===========================================================================================
----------------- testing Tue Apr 16 04:01:28 UTC 2019 /home/travis/build/icyphy/ptII/ptolemy/actor/lib/test/auto/arrayType.xml
----------------- Instantiating /home/travis/build/icyphy/ptII/ptolemy/actor/lib/test/auto/arrayType.xml
2 ms. Memory: 1782272K Free: 496211K (28%)
----------------- Invoking toplevel() on ptolemy.moml.MoMLSimpleApplication@dd764c1
----------------- Done invoking toplevel() on ptolemy.moml.MoMLSimpleApplication@dd764c1
reloadAllAccessors: .arrayType

===========================================================================================
----------------- testing Tue Apr 16 04:01:28 UTC 2019 /home/travis/build/icyphy/ptII/ptolemy/actor/lib/test/auto/arrayType10.xml
----------------- Instantiating /home/travis/build/icyphy/ptII/ptolemy/actor/lib/test/auto/arrayType10.xml
2 ms. Memory: 1782272K Free: 475131K (27%)
----------------- Invoking toplevel() on ptolemy.moml.MoMLSimpleApplication@f2b00af
----------------- Done invoking toplevel() on ptolemy.moml.MoMLSimpleApplication@f2b00af
reloadAllAccessors: .arrayType10

===========================================================================================
----------------- testing Tue Apr 16 04:01:28 UTC 2019 /home/travis/build/icyphy/ptII/ptolemy/actor/lib/test/auto/arrayType11.xml
----------------- Instantiating /home/travis/build/icyphy/ptII/ptolemy/actor/lib/test/auto/arrayType11.xml
2 ms. Memory: 1782272K Free: 458481K (26%)
----------------- Invoking toplevel() on ptolemy.moml.MoMLSimpleApplication@df0d47d
----------------- Done invoking toplevel() on ptolemy.moml.MoMLSimpleApplication@df0d47d
reloadAllAccessors: .arrayType11

===========================================================================================
----------------- testing Tue Apr 16 04:01:28 UTC 2019 /home/travis/build/icyphy/ptII/ptolemy/actor/lib/test/auto/arrayType12.xml
----------------- Instantiating /home/travis/build/icyphy/ptII/ptolemy/actor/lib/test/auto/arrayType12.xml
2 ms. Memory: 1782272K Free: 437401K (25%)
----------------- Invoking toplevel() on ptolemy.moml.MoMLSimpleApplication@2978ffb9
----------------- Done invoking toplevel() on ptolemy.moml.MoMLSimpleApplication@2978ffb9
reloadAllAccessors: .arrayType12

===========================================================================================
----------------- testing Tue Apr 16 04:01:28 UTC 2019 /home/travis/build/icyphy/ptII/ptolemy/actor/lib/test/auto/arrayType13.xml
----------------- Instantiating /home/travis/build/icyphy/ptII/ptolemy/actor/lib/test/auto/arrayType13.xml
2 ms. Memory: 1782272K Free: 416321K (23%)
----------------- Invoking toplevel() on ptolemy.moml.MoMLSimpleApplication@573f6bcb
----------------- Done invoking toplevel() on ptolemy.moml.MoMLSimpleApplication@573f6bcb
reloadAllAccessors: .arrayType13

===========================================================================================
----------------- testing Tue Apr 16 04:01:28 UTC 2019 /home/travis/build/icyphy/ptII/ptolemy/actor/lib/test/auto/arrayType14.xml
----------------- Instantiating /home/travis/build/icyphy/ptII/ptolemy/actor/lib/test/auto/arrayType14.xml
3 ms. Memory: 1782272K Free: 399670K (22%)
----------------- Invoking toplevel() on ptolemy.moml.MoMLSimpleApplication@4747280e
----------------- Done invoking toplevel() on ptolemy.moml.MoMLSimpleApplication@4747280e
reloadAllAccessors: .arrayType14

===========================================================================================
----------------- testing Tue Apr 16 04:01:28 UTC 2019 /home/travis/build/icyphy/ptII/ptolemy/actor/lib/test/auto/arrayType15.xml
----------------- Instantiating /home/travis/build/icyphy/ptII/ptolemy/actor/lib/test/auto/arrayType15.xml
1 ms. Memory: 1782272K Free: 378590K (21%)
----------------- Invoking toplevel() on ptolemy.moml.MoMLSimpleApplication@362f3d46
----------------- Done invoking toplevel() on ptolemy.moml.MoMLSimpleApplication@362f3d46
reloadAllAccessors: .arrayType15

===========================================================================================
----------------- testing Tue Apr 16 04:01:28 UTC 2019 /home/travis/build/icyphy/ptII/ptolemy/actor/lib/test/auto/arrayType16.xml
----------------- Instantiating /home/travis/build/icyphy/ptII/ptolemy/actor/lib/test/auto/arrayType16.xml
1 ms. Memory: 1782272K Free: 361940K (20%)
----------------- Invoking toplevel() on ptolemy.moml.MoMLSimpleApplication@7d0af099
----------------- Done invoking toplevel() on ptolemy.moml.MoMLSimpleApplication@7d0af099
reloadAllAccessors: .arrayType16

===========================================================================================
----------------- testing Tue Apr 16 04:01:28 UTC 2019 /home/travis/build/icyphy/ptII/ptolemy/actor/lib/test/auto/arrayType17.xml
----------------- Instantiating /home/travis/build/icyphy/ptII/ptolemy/actor/lib/test/auto/arrayType17.xml
3 ms. Memory: 1782272K Free: 340860K (19%)
----------------- Invoking toplevel() on ptolemy.moml.MoMLSimpleApplication@3d435dbd
----------------- Done invoking toplevel() on ptolemy.moml.MoMLSimpleApplication@3d435dbd
reloadAllAccessors: .arrayType17

===========================================================================================
----------------- testing Tue Apr 16 04:01:28 UTC 2019 /home/travis/build/icyphy/ptII/ptolemy/actor/lib/test/auto/arrayType18.xml
----------------- Instantiating /home/travis/build/icyphy/ptII/ptolemy/actor/lib/test/auto/arrayType18.xml
1 ms. Memory: 1782272K Free: 319780K (18%)
----------------- Invoking toplevel() on ptolemy.moml.MoMLSimpleApplication@4b2815f1
----------------- Done invoking toplevel() on ptolemy.moml.MoMLSimpleApplication@4b2815f1
reloadAllAccessors: .arrayType18

===========================================================================================
----------------- testing Tue Apr 16 04:01:28 UTC 2019 /home/travis/build/icyphy/ptII/ptolemy/actor/lib/test/auto/arrayType19.xml
----------------- Instantiating /home/travis/build/icyphy/ptII/ptolemy/actor/lib/test/auto/arrayType19.xml
1 ms. Memory: 1782272K Free: 303130K (17%)
----------------- Invoking toplevel() on ptolemy.moml.MoMLSimpleApplication@40379a12
----------------- Done invoking toplevel() on ptolemy.moml.MoMLSimpleApplication@40379a12
reloadAllAccessors: .arrayType19

===========================================================================================
----------------- testing Tue Apr 16 04:01:28 UTC 2019 /home/travis/build/icyphy/ptII/ptolemy/actor/lib/test/auto/arrayType2.xml
----------------- Instantiating /home/travis/build/icyphy/ptII/ptolemy/actor/lib/test/auto/arrayType2.xml
1 ms. Memory: 1782272K Free: 282050K (16%)
----------------- Invoking toplevel() on ptolemy.moml.MoMLSimpleApplication@7032d231
----------------- Done invoking toplevel() on ptolemy.moml.MoMLSimpleApplication@7032d231
reloadAllAccessors: .arrayType2

===========================================================================================
----------------- testing Tue Apr 16 04:01:28 UTC 2019 /home/travis/build/icyphy/ptII/ptolemy/actor/lib/test/auto/arrayType20.xml
----------------- Instantiating /home/travis/build/icyphy/ptII/ptolemy/actor/lib/test/auto/arrayType20.xml
1 ms. Memory: 1782272K Free: 265400K (15%)
----------------- Invoking toplevel() on ptolemy.moml.MoMLSimpleApplication@2cc496eb
----------------- Done invoking toplevel() on ptolemy.moml.MoMLSimpleApplication@2cc496eb
reloadAllAccessors: .arrayType20

===========================================================================================
----------------- testing Tue Apr 16 04:01:28 UTC 2019 /home/travis/build/icyphy/ptII/ptolemy/actor/lib/test/auto/arrayType21.xml
----------------- Instantiating /home/travis/build/icyphy/ptII/ptolemy/actor/lib/test/auto/arrayType21.xml
1 ms. Memory: 1782272K Free: 244319K (14%)
----------------- Invoking toplevel() on ptolemy.moml.MoMLSimpleApplication@7d687290
----------------- Done invoking toplevel() on ptolemy.moml.MoMLSimpleApplication@7d687290
reloadAllAccessors: .arrayType21

===========================================================================================
----------------- testing Tue Apr 16 04:01:28 UTC 2019 /home/travis/build/icyphy/ptII/ptolemy/actor/lib/test/auto/arrayType22.xml
----------------- Instantiating /home/travis/build/icyphy/ptII/ptolemy/actor/lib/test/auto/arrayType22.xml
3 ms. Memory: 1782272K Free: 227669K (13%)
----------------- Invoking toplevel() on ptolemy.moml.MoMLSimpleApplication@72c70d8c
----------------- Done invoking toplevel() on ptolemy.moml.MoMLSimpleApplication@72c70d8c
reloadAllAccessors: .arrayType22

===========================================================================================
----------------- testing Tue Apr 16 04:01:28 UTC 2019 /home/travis/build/icyphy/ptII/ptolemy/actor/lib/test/auto/arrayType23.xml
----------------- Instantiating /home/travis/build/icyphy/ptII/ptolemy/actor/lib/test/auto/arrayType23.xml
2 ms. Memory: 1782272K Free: 206589K (12%)
----------------- Invoking toplevel() on ptolemy.moml.MoMLSimpleApplication@2919dd3a
----------------- Done invoking toplevel() on ptolemy.moml.MoMLSimpleApplication@2919dd3a
reloadAllAccessors: .arrayType23

===========================================================================================
----------------- testing Tue Apr 16 04:01:28 UTC 2019 /home/travis/build/icyphy/ptII/ptolemy/actor/lib/test/auto/arrayType24.xml
----------------- Instantiating /home/travis/build/icyphy/ptII/ptolemy/actor/lib/test/auto/arrayType24.xml
1 ms. Memory: 1782272K Free: 185509K (10%)
----------------- Invoking toplevel() on ptolemy.moml.MoMLSimpleApplication@13fa1b24
----------------- Done invoking toplevel() on ptolemy.moml.MoMLSimpleApplication@13fa1b24
reloadAllAccessors: .arrayType24

===========================================================================================
----------------- testing Tue Apr 16 04:01:28 UTC 2019 /home/travis/build/icyphy/ptII/ptolemy/actor/lib/test/auto/arrayType25.xml
----------------- Instantiating /home/travis/build/icyphy/ptII/ptolemy/actor/lib/test/auto/arrayType25.xml
2 ms. Memory: 1782272K Free: 168859K (9%)
----------------- Invoking toplevel() on ptolemy.moml.MoMLSimpleApplication@66f2d67b
----------------- Done invoking toplevel() on ptolemy.moml.MoMLSimpleApplication@66f2d67b
reloadAllAccessors: .arrayType25

===========================================================================================
----------------- testing Tue Apr 16 04:01:28 UTC 2019 /home/travis/build/icyphy/ptII/ptolemy/actor/lib/test/auto/arrayType26.xml
----------------- Instantiating /home/travis/build/icyphy/ptII/ptolemy/actor/lib/test/auto/arrayType26.xml
3 ms. Memory: 1782272K Free: 147779K (8%)
----------------- Invoking toplevel() on ptolemy.moml.MoMLSimpleApplication@4e8db1a9
----------------- Done invoking toplevel() on ptolemy.moml.MoMLSimpleApplication@4e8db1a9
reloadAllAccessors: .arrayType26

===========================================================================================
----------------- testing Tue Apr 16 04:01:28 UTC 2019 /home/travis/build/icyphy/ptII/ptolemy/actor/lib/test/auto/arrayType27.xml
----------------- Instantiating /home/travis/build/icyphy/ptII/ptolemy/actor/lib/test/auto/arrayType27.xml
3 ms. Memory: 1782272K Free: 131129K (7%)
----------------- Invoking toplevel() on ptolemy.moml.MoMLSimpleApplication@437af1cb
----------------- Done invoking toplevel() on ptolemy.moml.MoMLSimpleApplication@437af1cb
reloadAllAccessors: .arrayType27

===========================================================================================
----------------- testing Tue Apr 16 04:01:28 UTC 2019 /home/travis/build/icyphy/ptII/ptolemy/actor/lib/test/auto/arrayType28.xml
----------------- Instantiating /home/travis/build/icyphy/ptII/ptolemy/actor/lib/test/auto/arrayType28.xml
2 ms. Memory: 1782272K Free: 110049K (6%)
----------------- Invoking toplevel() on ptolemy.moml.MoMLSimpleApplication@382bec11
----------------- Done invoking toplevel() on ptolemy.moml.MoMLSimpleApplication@382bec11
reloadAllAccessors: .arrayType28

===========================================================================================
----------------- testing Tue Apr 16 04:01:28 UTC 2019 /home/travis/build/icyphy/ptII/ptolemy/actor/lib/test/auto/arrayType3.xml
----------------- Instantiating /home/travis/build/icyphy/ptII/ptolemy/actor/lib/test/auto/arrayType3.xml
2 ms. Memory: 1782272K Free: 93399K (5%)
----------------- Invoking toplevel() on ptolemy.moml.MoMLSimpleApplication@5c7780bc
----------------- Done invoking toplevel() on ptolemy.moml.MoMLSimpleApplication@5c7780bc
reloadAllAccessors: .arrayType3

===========================================================================================
----------------- testing Tue Apr 16 04:01:28 UTC 2019 /home/travis/build/icyphy/ptII/ptolemy/actor/lib/test/auto/arrayType4.xml
----------------- Instantiating /home/travis/build/icyphy/ptII/ptolemy/actor/lib/test/auto/arrayType4.xml
2 ms. Memory: 1782272K Free: 76333K (4%)
----------------- Invoking toplevel() on ptolemy.moml.MoMLSimpleApplication@345974cc
----------------- Done invoking toplevel() on ptolemy.moml.MoMLSimpleApplication@345974cc
reloadAllAccessors: .arrayType4

===========================================================================================
----------------- testing Tue Apr 16 04:01:28 UTC 2019 /home/travis/build/icyphy/ptII/ptolemy/actor/lib/test/auto/arrayType5.xml
----------------- Instantiating /home/travis/build/icyphy/ptII/ptolemy/actor/lib/test/auto/arrayType5.xml
2 ms. Memory: 1783296K Free: 1709693K (96%)
----------------- Invoking toplevel() on ptolemy.moml.MoMLSimpleApplication@445a3701
----------------- Done invoking toplevel() on ptolemy.moml.MoMLSimpleApplication@445a3701
reloadAllAccessors: .arrayType5

===========================================================================================
----------------- testing Tue Apr 16 04:01:28 UTC 2019 /home/travis/build/icyphy/ptII/ptolemy/actor/lib/test/auto/arrayType6.xml
----------------- Instantiating /home/travis/build/icyphy/ptII/ptolemy/actor/lib/test/auto/arrayType6.xml
1 ms. Memory: 1783296K Free: 1693043K (95%)
----------------- Invoking toplevel() on ptolemy.moml.MoMLSimpleApplication@1b41fe31
----------------- Done invoking toplevel() on ptolemy.moml.MoMLSimpleApplication@1b41fe31
reloadAllAccessors: .arrayType6

===========================================================================================
----------------- testing Tue Apr 16 04:01:28 UTC 2019 /home/travis/build/icyphy/ptII/ptolemy/actor/lib/test/auto/arrayType7.xml
----------------- Instantiating /home/travis/build/icyphy/ptII/ptolemy/actor/lib/test/auto/arrayType7.xml
2 ms. Memory: 1783296K Free: 1672081K (94%)
----------------- Invoking toplevel() on ptolemy.moml.MoMLSimpleApplication@52b8501f
----------------- Done invoking toplevel() on ptolemy.moml.MoMLSimpleApplication@52b8501f
reloadAllAccessors: .arrayType7

===========================================================================================
----------------- testing Tue Apr 16 04:01:28 UTC 2019 /home/travis/build/icyphy/ptII/ptolemy/actor/lib/test/auto/arrayType8.xml
----------------- Instantiating /home/travis/build/icyphy/ptII/ptolemy/actor/lib/test/auto/arrayType8.xml
2 ms. Memory: 1783296K Free: 1655431K (93%)
----------------- Invoking toplevel() on ptolemy.moml.MoMLSimpleApplication@2b84ec32
----------------- Done invoking toplevel() on ptolemy.moml.MoMLSimpleApplication@2b84ec32
reloadAllAccessors: .arrayType8

===========================================================================================
----------------- testing Tue Apr 16 04:01:29 UTC 2019 /home/travis/build/icyphy/ptII/ptolemy/actor/lib/test/auto/arrayType9.xml
----------------- Instantiating /home/travis/build/icyphy/ptII/ptolemy/actor/lib/test/auto/arrayType9.xml
1 ms. Memory: 1783296K Free: 1634470K (92%)
----------------- Invoking toplevel() on ptolemy.moml.MoMLSimpleApplication@226ef505
----------------- Done invoking toplevel() on ptolemy.moml.MoMLSimpleApplication@226ef505
reloadAllAccessors: .arrayType9

===========================================================================================
----------------- testing Tue Apr 16 04:01:29 UTC 2019 /home/travis/build/icyphy/ptII/ptolemy/actor/lib/test/auto/cast.xml
----------------- Instantiating /home/travis/build/icyphy/ptII/ptolemy/actor/lib/test/auto/cast.xml
2 ms. Memory: 1783296K Free: 1613508K (90%)
----------------- Invoking toplevel() on ptolemy.moml.MoMLSimpleApplication@8438369
----------------- Done invoking toplevel() on ptolemy.moml.MoMLSimpleApplication@8438369
reloadAllAccessors: .cast

===========================================================================================
----------------- testing Tue Apr 16 04:01:29 UTC 2019 /home/travis/build/icyphy/ptII/ptolemy/actor/lib/test/auto/compositeMultiPort.xml
----------------- Instantiating /home/travis/build/icyphy/ptII/ptolemy/actor/lib/test/auto/compositeMultiPort.xml
2 ms. Memory: 1783296K Free: 1596858K (90%)
----------------- Invoking toplevel() on ptolemy.moml.MoMLSimpleApplication@4250dad9
----------------- Done invoking toplevel() on ptolemy.moml.MoMLSimpleApplication@4250dad9
reloadAllAccessors: .compositeMultiPort

===========================================================================================
----------------- testing Tue Apr 16 04:01:29 UTC 2019 /home/travis/build/icyphy/ptII/ptolemy/actor/lib/test/auto/expressionCastInference.xml
----------------- Instantiating /home/travis/build/icyphy/ptII/ptolemy/actor/lib/test/auto/expressionCastInference.xml
2 ms. Memory: 1783296K Free: 1575897K (88%)
----------------- Invoking toplevel() on ptolemy.moml.MoMLSimpleApplication@24524707
----------------- Done invoking toplevel() on ptolemy.moml.MoMLSimpleApplication@24524707
reloadAllAccessors: .expressionCastInference

===========================================================================================
----------------- testing Tue Apr 16 04:01:29 UTC 2019 /home/travis/build/icyphy/ptII/ptolemy/actor/lib/test/auto/expressionCastInference2.xml
----------------- Instantiating /home/travis/build/icyphy/ptII/ptolemy/actor/lib/test/auto/expressionCastInference2.xml
2 ms. Memory: 1783296K Free: 1559246K (87%)
----------------- Invoking toplevel() on ptolemy.moml.MoMLSimpleApplication@19352c13
----------------- Done invoking toplevel() on ptolemy.moml.MoMLSimpleApplication@19352c13
reloadAllAccessors: .expressionCastInference2

===========================================================================================
----------------- testing Tue Apr 16 04:01:29 UTC 2019 /home/travis/build/icyphy/ptII/ptolemy/actor/lib/test/auto/expressionInference.xml
----------------- Instantiating /home/travis/build/icyphy/ptII/ptolemy/actor/lib/test/auto/expressionInference.xml
1 ms. Memory: 1783296K Free: 1538285K (86%)
----------------- Invoking toplevel() on ptolemy.moml.MoMLSimpleApplication@9994a27
----------------- Done invoking toplevel() on ptolemy.moml.MoMLSimpleApplication@9994a27
reloadAllAccessors: .expressionInference

===========================================================================================
----------------- testing Tue Apr 16 04:01:29 UTC 2019 /home/travis/build/icyphy/ptII/ptolemy/actor/lib/test/auto/expression_bug.xml
----------------- Instantiating /home/travis/build/icyphy/ptII/ptolemy/actor/lib/test/auto/expression_bug.xml
1 ms. Memory: 1783296K Free: 1517324K (85%)
----------------- Invoking toplevel() on ptolemy.moml.MoMLSimpleApplication@1f4b72d0
----------------- Done invoking toplevel() on ptolemy.moml.MoMLSimpleApplication@1f4b72d0
reloadAllAccessors: .expression_bug

===========================================================================================
----------------- testing Tue Apr 16 04:01:29 UTC 2019 /home/travis/build/icyphy/ptII/ptolemy/actor/lib/test/auto/factorial.xml
----------------- Instantiating /home/travis/build/icyphy/ptII/ptolemy/actor/lib/test/auto/factorial.xml
27 ms. Memory: 1783296K Free: 1500656K (84%)
----------------- Invoking toplevel() on ptolemy.moml.MoMLSimpleApplication@2046a7d7
----------------- Done invoking toplevel() on ptolemy.moml.MoMLSimpleApplication@2046a7d7
reloadAllAccessors: .factorial

===========================================================================================
----------------- testing Tue Apr 16 04:01:29 UTC 2019 /home/travis/build/icyphy/ptII/ptolemy/actor/lib/test/auto/filterTest1.xml
----------------- Instantiating /home/travis/build/icyphy/ptII/ptolemy/actor/lib/test/auto/filterTest1.xml
3 ms. Memory: 1783296K Free: 1479695K (83%)
----------------- Invoking toplevel() on ptolemy.moml.MoMLSimpleApplication@7217b966
----------------- Done invoking toplevel() on ptolemy.moml.MoMLSimpleApplication@7217b966
reloadAllAccessors: .filterTest1

===========================================================================================
----------------- testing Tue Apr 16 04:01:29 UTC 2019 /home/travis/build/icyphy/ptII/ptolemy/actor/lib/test/auto/funcApplyInConst.xml
----------------- Instantiating /home/travis/build/icyphy/ptII/ptolemy/actor/lib/test/auto/funcApplyInConst.xml
0 ms. Memory: 1783296K Free: 1463045K (82%)
----------------- Invoking toplevel() on ptolemy.moml.MoMLSimpleApplication@65ff3d1
----------------- Done invoking toplevel() on ptolemy.moml.MoMLSimpleApplication@65ff3d1
reloadAllAccessors: .funcApplyInConst

===========================================================================================
----------------- testing Tue Apr 16 04:01:29 UTC 2019 /home/travis/build/icyphy/ptII/ptolemy/actor/lib/test/auto/funcApplyInExpr.xml
----------------- Instantiating /home/travis/build/icyphy/ptII/ptolemy/actor/lib/test/auto/funcApplyInExpr.xml
1 ms. Memory: 1783296K Free: 1442083K (81%)
----------------- Invoking toplevel() on ptolemy.moml.MoMLSimpleApplication@12224304
----------------- Done invoking toplevel() on ptolemy.moml.MoMLSimpleApplication@12224304
reloadAllAccessors: .funcApplyInExpr

===========================================================================================
----------------- testing Tue Apr 16 04:01:29 UTC 2019 /home/travis/build/icyphy/ptII/ptolemy/actor/lib/test/auto/function.xml
----------------- Instantiating /home/travis/build/icyphy/ptII/ptolemy/actor/lib/test/auto/function.xml
2 ms. Memory: 1783296K Free: 1421122K (80%)
----------------- Invoking toplevel() on ptolemy.moml.MoMLSimpleApplication@249b2ae
----------------- Done invoking toplevel() on ptolemy.moml.MoMLSimpleApplication@249b2ae
reloadAllAccessors: .function

===========================================================================================
----------------- testing Tue Apr 16 04:01:29 UTC 2019 /home/travis/build/icyphy/ptII/ptolemy/actor/lib/test/auto/function2.xml
----------------- Instantiating /home/travis/build/icyphy/ptII/ptolemy/actor/lib/test/auto/function2.xml
1 ms. Memory: 1783296K Free: 1404472K (79%)
----------------- Invoking toplevel() on ptolemy.moml.MoMLSimpleApplication@a8f513f
----------------- Done invoking toplevel() on ptolemy.moml.MoMLSimpleApplication@a8f513f
reloadAllAccessors: .function2

===========================================================================================
----------------- testing Tue Apr 16 04:01:29 UTC 2019 /home/travis/build/icyphy/ptII/ptolemy/actor/lib/test/auto/function3.xml
----------------- Instantiating /home/travis/build/icyphy/ptII/ptolemy/actor/lib/test/auto/function3.xml
1 ms. Memory: 1783296K Free: 1383510K (78%)
----------------- Invoking toplevel() on ptolemy.moml.MoMLSimpleApplication@5b784491
----------------- Done invoking toplevel() on ptolemy.moml.MoMLSimpleApplication@5b784491
reloadAllAccessors: .function3

===========================================================================================
----------------- testing Tue Apr 16 04:01:29 UTC 2019 /home/travis/build/icyphy/ptII/ptolemy/actor/lib/test/auto/functionClosureTest1.xml
----------------- Instantiating /home/travis/build/icyphy/ptII/ptolemy/actor/lib/test/auto/functionClosureTest1.xml
1 ms. Memory: 1783296K Free: 1366860K (77%)
----------------- Invoking toplevel() on ptolemy.moml.MoMLSimpleApplication@41552f50
----------------- Done invoking toplevel() on ptolemy.moml.MoMLSimpleApplication@41552f50
reloadAllAccessors: .functionClosureTest1

===========================================================================================
----------------- testing Tue Apr 16 04:01:29 UTC 2019 /home/travis/build/icyphy/ptII/ptolemy/actor/lib/test/auto/functionClosureTest2.xml
----------------- Instantiating /home/travis/build/icyphy/ptII/ptolemy/actor/lib/test/auto/functionClosureTest2.xml
1 ms. Memory: 1783296K Free: 1345899K (75%)
----------------- Invoking toplevel() on ptolemy.moml.MoMLSimpleApplication@7ec8dd87
----------------- Done invoking toplevel() on ptolemy.moml.MoMLSimpleApplication@7ec8dd87
reloadAllAccessors: .functionClosureTest2

===========================================================================================
----------------- testing Tue Apr 16 04:01:29 UTC 2019 /home/travis/build/icyphy/ptII/ptolemy/actor/lib/test/auto/functionClosureTest3.xml
----------------- Instantiating /home/travis/build/icyphy/ptII/ptolemy/actor/lib/test/auto/functionClosureTest3.xml
2 ms. Memory: 1783296K Free: 1324937K (74%)
----------------- Invoking toplevel() on ptolemy.moml.MoMLSimpleApplication@229148d1
----------------- Done invoking toplevel() on ptolemy.moml.MoMLSimpleApplication@229148d1
reloadAllAccessors: .functionClosureTest3

===========================================================================================
----------------- testing Tue Apr 16 04:01:29 UTC 2019 /home/travis/build/icyphy/ptII/ptolemy/actor/lib/test/auto/functionClosureTest4.xml
----------------- Instantiating /home/travis/build/icyphy/ptII/ptolemy/actor/lib/test/auto/functionClosureTest4.xml
2 ms. Memory: 1783296K Free: 1308287K (73%)
----------------- Invoking toplevel() on ptolemy.moml.MoMLSimpleApplication@64b1ece4
----------------- Done invoking toplevel() on ptolemy.moml.MoMLSimpleApplication@64b1ece4
reloadAllAccessors: .functionClosureTest4

===========================================================================================
----------------- testing Tue Apr 16 04:01:29 UTC 2019 /home/travis/build/icyphy/ptII/ptolemy/actor/lib/test/auto/functionClosureTest5.xml
----------------- Instantiating /home/travis/build/icyphy/ptII/ptolemy/actor/lib/test/auto/functionClosureTest5.xml
3 ms. Memory: 1783296K Free: 1287326K (72%)
----------------- Invoking toplevel() on ptolemy.moml.MoMLSimpleApplication@7c3a00c7
----------------- Done invoking toplevel() on ptolemy.moml.MoMLSimpleApplication@7c3a00c7
reloadAllAccessors: .functionClosureTest5

===========================================================================================
----------------- testing Tue Apr 16 04:01:29 UTC 2019 /home/travis/build/icyphy/ptII/ptolemy/actor/lib/test/auto/functionClosureTest6.xml
----------------- Instantiating /home/travis/build/icyphy/ptII/ptolemy/actor/lib/test/auto/functionClosureTest6.xml
1 ms. Memory: 1783296K Free: 1270675K (71%)
----------------- Invoking toplevel() on ptolemy.moml.MoMLSimpleApplication@b1c7efb
----------------- Done invoking toplevel() on ptolemy.moml.MoMLSimpleApplication@b1c7efb
reloadAllAccessors: .functionClosureTest6

===========================================================================================
----------------- testing Tue Apr 16 04:01:29 UTC 2019 /home/travis/build/icyphy/ptII/ptolemy/actor/lib/test/auto/functionsOnArcs.xml
----------------- Instantiating /home/travis/build/icyphy/ptII/ptolemy/actor/lib/test/auto/functionsOnArcs.xml
1 ms. Memory: 1783296K Free: 1249714K (70%)
----------------- Invoking toplevel() on ptolemy.moml.MoMLSimpleApplication@7b25ee9c
----------------- Done invoking toplevel() on ptolemy.moml.MoMLSimpleApplication@7b25ee9c
reloadAllAccessors: .functionsOnArcs

===========================================================================================
----------------- testing Tue Apr 16 04:01:29 UTC 2019 /home/travis/build/icyphy/ptII/ptolemy/actor/lib/test/auto/functionsOnArcsHOF.xml
----------------- Instantiating /home/travis/build/icyphy/ptII/ptolemy/actor/lib/test/auto/functionsOnArcsHOF.xml
2 ms. Memory: 1783296K Free: 1228752K (69%)
----------------- Invoking toplevel() on ptolemy.moml.MoMLSimpleApplication@31085d4d
----------------- Done invoking toplevel() on ptolemy.moml.MoMLSimpleApplication@31085d4d
reloadAllAccessors: .functionsOnArcsHOF

===========================================================================================
----------------- testing Tue Apr 16 04:01:29 UTC 2019 /home/travis/build/icyphy/ptII/ptolemy/actor/lib/test/auto/logic.xml
----------------- Instantiating /home/travis/build/icyphy/ptII/ptolemy/actor/lib/test/auto/logic.xml
3 ms. Memory: 1783296K Free: 1212102K (68%)
----------------- Invoking toplevel() on ptolemy.moml.MoMLSimpleApplication@5e4c1101
----------------- Done invoking toplevel() on ptolemy.moml.MoMLSimpleApplication@5e4c1101
reloadAllAccessors: .logic

===========================================================================================
----------------- testing Tue Apr 16 04:01:29 UTC 2019 /home/travis/build/icyphy/ptII/ptolemy/actor/lib/test/auto/matrixType.xml
----------------- Instantiating /home/travis/build/icyphy/ptII/ptolemy/actor/lib/test/auto/matrixType.xml
4 ms. Memory: 1783296K Free: 1191141K (67%)
----------------- Invoking toplevel() on ptolemy.moml.MoMLSimpleApplication@486f5399
----------------- Done invoking toplevel() on ptolemy.moml.MoMLSimpleApplication@486f5399
reloadAllAccessors: .matrixType

===========================================================================================
----------------- testing Tue Apr 16 04:01:29 UTC 2019 /home/travis/build/icyphy/ptII/ptolemy/actor/lib/test/auto/matrixType10.xml
----------------- Instantiating /home/travis/build/icyphy/ptII/ptolemy/actor/lib/test/auto/matrixType10.xml
1 ms. Memory: 1783296K Free: 1174491K (66%)
----------------- Invoking toplevel() on ptolemy.moml.MoMLSimpleApplication@15d11cc6
----------------- Done invoking toplevel() on ptolemy.moml.MoMLSimpleApplication@15d11cc6
reloadAllAccessors: .matrixType10

===========================================================================================
----------------- testing Tue Apr 16 04:01:29 UTC 2019 /home/travis/build/icyphy/ptII/ptolemy/actor/lib/test/auto/matrixType11.xml
----------------- Instantiating /home/travis/build/icyphy/ptII/ptolemy/actor/lib/test/auto/matrixType11.xml
1 ms. Memory: 1783296K Free: 1153529K (65%)
----------------- Invoking toplevel() on ptolemy.moml.MoMLSimpleApplication@2945a4b0
----------------- Done invoking toplevel() on ptolemy.moml.MoMLSimpleApplication@2945a4b0
reloadAllAccessors: .matrixType11

===========================================================================================
----------------- testing Tue Apr 16 04:01:29 UTC 2019 /home/travis/build/icyphy/ptII/ptolemy/actor/lib/test/auto/matrixType12.xml
----------------- Instantiating /home/travis/build/icyphy/ptII/ptolemy/actor/lib/test/auto/matrixType12.xml
1 ms. Memory: 1783296K Free: 1132568K (64%)
----------------- Invoking toplevel() on ptolemy.moml.MoMLSimpleApplication@7646ca34
----------------- Done invoking toplevel() on ptolemy.moml.MoMLSimpleApplication@7646ca34
reloadAllAccessors: .matrixType12

===========================================================================================
----------------- testing Tue Apr 16 04:01:29 UTC 2019 /home/travis/build/icyphy/ptII/ptolemy/actor/lib/test/auto/matrixType13.xml
----------------- Instantiating /home/travis/build/icyphy/ptII/ptolemy/actor/lib/test/auto/matrixType13.xml
1 ms. Memory: 1783296K Free: 1115917K (63%)
----------------- Invoking toplevel() on ptolemy.moml.MoMLSimpleApplication@48b55e7b
----------------- Done invoking toplevel() on ptolemy.moml.MoMLSimpleApplication@48b55e7b
reloadAllAccessors: .matrixType13

===========================================================================================
----------------- testing Tue Apr 16 04:01:29 UTC 2019 /home/travis/build/icyphy/ptII/ptolemy/actor/lib/test/auto/matrixType14.xml
----------------- Instantiating /home/travis/build/icyphy/ptII/ptolemy/actor/lib/test/auto/matrixType14.xml
1 ms. Memory: 1783296K Free: 1094956K (61%)
----------------- Invoking toplevel() on ptolemy.moml.MoMLSimpleApplication@2bee53d7
----------------- Done invoking toplevel() on ptolemy.moml.MoMLSimpleApplication@2bee53d7
reloadAllAccessors: .matrixType14

===========================================================================================
----------------- testing Tue Apr 16 04:01:29 UTC 2019 /home/travis/build/icyphy/ptII/ptolemy/actor/lib/test/auto/matrixType2.xml
----------------- Instantiating /home/travis/build/icyphy/ptII/ptolemy/actor/lib/test/auto/matrixType2.xml
1 ms. Memory: 1783296K Free: 1078306K (60%)
----------------- Invoking toplevel() on ptolemy.moml.MoMLSimpleApplication@1335ca99
----------------- Done invoking toplevel() on ptolemy.moml.MoMLSimpleApplication@1335ca99
reloadAllAccessors: .matrixType2

===========================================================================================
----------------- testing Tue Apr 16 04:01:29 UTC 2019 /home/travis/build/icyphy/ptII/ptolemy/actor/lib/test/auto/matrixType3.xml
----------------- Instantiating /home/travis/build/icyphy/ptII/ptolemy/actor/lib/test/auto/matrixType3.xml
3 ms. Memory: 1783296K Free: 1057344K (59%)
----------------- Invoking toplevel() on ptolemy.moml.MoMLSimpleApplication@6363ac7e
----------------- Done invoking toplevel() on ptolemy.moml.MoMLSimpleApplication@6363ac7e
reloadAllAccessors: .matrixType3

===========================================================================================
----------------- testing Tue Apr 16 04:01:29 UTC 2019 /home/travis/build/icyphy/ptII/ptolemy/actor/lib/test/auto/matrixType4.xml
----------------- Instantiating /home/travis/build/icyphy/ptII/ptolemy/actor/lib/test/auto/matrixType4.xml
1 ms. Memory: 1783296K Free: 1036383K (58%)
----------------- Invoking toplevel() on ptolemy.moml.MoMLSimpleApplication@6841cdc2
----------------- Done invoking toplevel() on ptolemy.moml.MoMLSimpleApplication@6841cdc2
reloadAllAccessors: .matrixType4

===========================================================================================
----------------- testing Tue Apr 16 04:01:29 UTC 2019 /home/travis/build/icyphy/ptII/ptolemy/actor/lib/test/auto/matrixType5.xml
----------------- Instantiating /home/travis/build/icyphy/ptII/ptolemy/actor/lib/test/auto/matrixType5.xml
1 ms. Memory: 1783296K Free: 1019733K (57%)
----------------- Invoking toplevel() on ptolemy.moml.MoMLSimpleApplication@6d545a5
----------------- Done invoking toplevel() on ptolemy.moml.MoMLSimpleApplication@6d545a5
reloadAllAccessors: .matrixType5

===========================================================================================
----------------- testing Tue Apr 16 04:01:29 UTC 2019 /home/travis/build/icyphy/ptII/ptolemy/actor/lib/test/auto/matrixType6.xml
----------------- Instantiating /home/travis/build/icyphy/ptII/ptolemy/actor/lib/test/auto/matrixType6.xml
1 ms. Memory: 1783296K Free: 998771K (56%)
----------------- Invoking toplevel() on ptolemy.moml.MoMLSimpleApplication@1f3ce748
----------------- Done invoking toplevel() on ptolemy.moml.MoMLSimpleApplication@1f3ce748
reloadAllAccessors: .matrixType6

===========================================================================================
----------------- testing Tue Apr 16 04:01:29 UTC 2019 /home/travis/build/icyphy/ptII/ptolemy/actor/lib/test/auto/matrixType7.xml
----------------- Instantiating /home/travis/build/icyphy/ptII/ptolemy/actor/lib/test/auto/matrixType7.xml
1 ms. Memory: 1783296K Free: 977810K (55%)
----------------- Invoking toplevel() on ptolemy.moml.MoMLSimpleApplication@33165da
----------------- Done invoking toplevel() on ptolemy.moml.MoMLSimpleApplication@33165da
reloadAllAccessors: .matrixType7

===========================================================================================
----------------- testing Tue Apr 16 04:01:29 UTC 2019 /home/travis/build/icyphy/ptII/ptolemy/actor/lib/test/auto/matrixType8.xml
----------------- Instantiating /home/travis/build/icyphy/ptII/ptolemy/actor/lib/test/auto/matrixType8.xml
1 ms. Memory: 1783296K Free: 961160K (54%)
----------------- Invoking toplevel() on ptolemy.moml.MoMLSimpleApplication@3305c40f
----------------- Done invoking toplevel() on ptolemy.moml.MoMLSimpleApplication@3305c40f
reloadAllAccessors: .matrixType8

===========================================================================================
----------------- testing Tue Apr 16 04:01:29 UTC 2019 /home/travis/build/icyphy/ptII/ptolemy/actor/lib/test/auto/matrixType9.xml
----------------- Instantiating /home/travis/build/icyphy/ptII/ptolemy/actor/lib/test/auto/matrixType9.xml
1 ms. Memory: 1783296K Free: 940198K (53%)
----------------- Invoking toplevel() on ptolemy.moml.MoMLSimpleApplication@4e1a00e1
----------------- Done invoking toplevel() on ptolemy.moml.MoMLSimpleApplication@4e1a00e1
reloadAllAccessors: .matrixType9

===========================================================================================
----------------- testing Tue Apr 16 04:01:29 UTC 2019 /home/travis/build/icyphy/ptII/ptolemy/actor/lib/test/auto/paraFunctest.xml
----------------- Instantiating /home/travis/build/icyphy/ptII/ptolemy/actor/lib/test/auto/paraFunctest.xml
2 ms. Memory: 1783296K Free: 923548K (52%)
----------------- Invoking toplevel() on ptolemy.moml.MoMLSimpleApplication@305e172f
----------------- Done invoking toplevel() on ptolemy.moml.MoMLSimpleApplication@305e172f
reloadAllAccessors: .paraFunctest

===========================================================================================
----------------- testing Tue Apr 16 04:01:29 UTC 2019 /home/travis/build/icyphy/ptII/ptolemy/actor/lib/test/auto/paraFunctest2.xml
----------------- Instantiating /home/travis/build/icyphy/ptII/ptolemy/actor/lib/test/auto/paraFunctest2.xml
1 ms. Memory: 1783296K Free: 902587K (51%)
----------------- Invoking toplevel() on ptolemy.moml.MoMLSimpleApplication@552a8dee
----------------- Done invoking toplevel() on ptolemy.moml.MoMLSimpleApplication@552a8dee
reloadAllAccessors: .paraFunctest2

===========================================================================================
----------------- testing Tue Apr 16 04:01:29 UTC 2019 /home/travis/build/icyphy/ptII/ptolemy/actor/lib/test/auto/parameterPassing.xml
----------------- Instantiating /home/travis/build/icyphy/ptII/ptolemy/actor/lib/test/auto/parameterPassing.xml
1 ms. Memory: 1783296K Free: 881625K (49%)
----------------- Invoking toplevel() on ptolemy.moml.MoMLSimpleApplication@6e964017
----------------- Done invoking toplevel() on ptolemy.moml.MoMLSimpleApplication@6e964017
reloadAllAccessors: .parameterPassing

===========================================================================================
----------------- testing Tue Apr 16 04:01:29 UTC 2019 /home/travis/build/icyphy/ptII/ptolemy/actor/lib/test/auto/record.xml
----------------- Instantiating /home/travis/build/icyphy/ptII/ptolemy/actor/lib/test/auto/record.xml
2 ms. Memory: 1783296K Free: 864975K (49%)
----------------- Invoking toplevel() on ptolemy.moml.MoMLSimpleApplication@60aaa6f0
----------------- Done invoking toplevel() on ptolemy.moml.MoMLSimpleApplication@60aaa6f0
reloadAllAccessors: .record

===========================================================================================
----------------- testing Tue Apr 16 04:01:29 UTC 2019 /home/travis/build/icyphy/ptII/ptolemy/actor/lib/test/auto/sizedarray1.xml
----------------- Instantiating /home/travis/build/icyphy/ptII/ptolemy/actor/lib/test/auto/sizedarray1.xml
2 ms. Memory: 1783296K Free: 844014K (47%)
----------------- Invoking toplevel() on ptolemy.moml.MoMLSimpleApplication@1cda5a0b
----------------- Done invoking toplevel() on ptolemy.moml.MoMLSimpleApplication@1cda5a0b
reloadAllAccessors: .sizedarray1

===========================================================================================
----------------- testing Tue Apr 16 04:01:29 UTC 2019 /home/travis/build/icyphy/ptII/ptolemy/actor/lib/test/auto/sizedarray2.xml
----------------- Instantiating /home/travis/build/icyphy/ptII/ptolemy/actor/lib/test/auto/sizedarray2.xml
2 ms. Memory: 1783296K Free: 827363K (46%)
----------------- Invoking toplevel() on ptolemy.moml.MoMLSimpleApplication@654169c1
----------------- Done invoking toplevel() on ptolemy.moml.MoMLSimpleApplication@654169c1
reloadAllAccessors: .sizedarray2

===========================================================================================
----------------- testing Tue Apr 16 04:01:29 UTC 2019 /home/travis/build/icyphy/ptII/ptolemy/actor/lib/test/auto/twoPublishers.xml
----------------- Instantiating /home/travis/build/icyphy/ptII/ptolemy/actor/lib/test/auto/twoPublishers.xml
4 ms. Memory: 1783296K Free: 806402K (45%)
----------------- Invoking toplevel() on ptolemy.moml.MoMLSimpleApplication@8db146d
----------------- Done invoking toplevel() on ptolemy.moml.MoMLSimpleApplication@8db146d
reloadAllAccessors: .twoPublishers
AutoTests.java: About to close Vertx.
AutoTests.java: Vertx closed.
]]></system-out>
  <system-err><![CDATA[java.lang.RuntimeException: Execution failed
	at ptolemy.moml.MoMLSimpleApplication$UnloadThread.run(MoMLSimpleApplication.java:402)
Caused by: java.lang.RuntimeException: StringUtilities.exit() was called. Normally, we would exit here because Manager.exitAfterWrapup() was called.  However, because the ptolemy.ptII.exitAfterWrapup property is set, we throw this exception instead.
	at ptolemy.util.StringUtilities.exit(StringUtilities.java:363)
	at ptolemy.actor.Manager.wrapup(Manager.java:1531)
	at ptolemy.actor.Manager.execute(Manager.java:407)
	at ptolemy.actor.Manager.run(Manager.java:1263)
	at ptolemy.actor.Manager$PtolemyRunThread.run(Manager.java:1915)
Warning: '.top.test' is in training mode, set the trainingMode parameter to false before checking in
Warning: '.top.test' is in training mode, set the trainingMode parameter to false before checking in
Warning: '.top.test' is in training mode, set the trainingMode parameter to false before checking in
Warning: '.BooleanSwitch_RegressionTest_WrongTrainingValues.Test' is in training mode, set the trainingMode parameter to false before checking in
Warning: '.BooleanSwitch_RegressionTest_WrongTrainingValues.Test2' is in training mode, set the trainingMode parameter to false before checking in
Warning: '.BooleanSwitch_RegressionTest_WrongTrainingValues.Test2' The test produced 0 tokens.
Warning: '.top.testExceptionHandler' is in training mode, set the trainingMode parameter to false before checking in
java.lang.RuntimeException: Execution failed
	at ptolemy.moml.MoMLSimpleApplication$UnloadThread.run(MoMLSimpleApplication.java:402)
Caused by: ptolemy.kernel.util.IllegalActionException: PublisherPorts cannot be used at the top level, use a Publisher actor instead.
  in .PublisherPortToplevelSubscriber.PublisherPort
	at ptolemy.actor.PublisherPort.preinitialize(PublisherPort.java:403)
	at ptolemy.actor.CompositeActor.preinitialize(CompositeActor.java:1769)
	at ptolemy.actor.Manager.preinitializeAndResolveTypes(Manager.java:1040)
	at ptolemy.actor.Manager.initialize(Manager.java:710)
	at ptolemy.actor.Manager.execute(Manager.java:356)
	at ptolemy.actor.Manager.run(Manager.java:1263)
	at ptolemy.actor.Manager$PtolemyRunThread.run(Manager.java:1915)
java.lang.reflect.InvocationTargetException
	at sun.reflect.NativeConstructorAccessorImpl.newInstance0(Native Method)
	at sun.reflect.NativeConstructorAccessorImpl.newInstance(NativeConstructorAccessorImpl.java:62)
	at sun.reflect.DelegatingConstructorAccessorImpl.newInstance(DelegatingConstructorAccessorImpl.java:45)
	at java.lang.reflect.Constructor.newInstance(Constructor.java:423)
	at ptolemy.util.test.junit.AutoKnownFailedTests.RunModel(AutoKnownFailedTests.java:105)
	at sun.reflect.NativeMethodAccessorImpl.invoke0(Native Method)
	at sun.reflect.NativeMethodAccessorImpl.invoke(NativeMethodAccessorImpl.java:62)
	at sun.reflect.DelegatingMethodAccessorImpl.invoke(DelegatingMethodAccessorImpl.java:43)
	at java.lang.reflect.Method.invoke(Method.java:498)
	at org.junit.runners.model.FrameworkMethod$1.runReflectiveCall(FrameworkMethod.java:44)
	at org.junit.internal.runners.model.ReflectiveCallable.run(ReflectiveCallable.java:15)
	at org.junit.runners.model.FrameworkMethod.invokeExplosively(FrameworkMethod.java:41)
	at junitparams.internal.InvokeParameterisedMethod.evaluate(InvokeParameterisedMethod.java:102)
	at org.junit.internal.runners.statements.FailOnTimeout$1.run(FailOnTimeout.java:28)
Caused by: ptolemy.kernel.util.IllegalActionException: PublisherPorts cannot be used at the top level, use a Publisher actor instead.
  in .PublisherPortToplevelSubscriber.PublisherPort
	at ptolemy.actor.PublisherPort.preinitialize(PublisherPort.java:403)
	at ptolemy.actor.CompositeActor.preinitialize(CompositeActor.java:1769)
	at ptolemy.actor.Manager.preinitializeAndResolveTypes(Manager.java:1040)
	at ptolemy.actor.Manager.initialize(Manager.java:710)
	at ptolemy.actor.Manager.execute(Manager.java:356)
	at ptolemy.actor.Manager.run(Manager.java:1263)
	at ptolemy.actor.Manager$PtolemyRunThread.run(Manager.java:1915)
java.lang.RuntimeException: Execution failed
	at ptolemy.moml.MoMLSimpleApplication$UnloadThread.run(MoMLSimpleApplication.java:402)
Caused by: ptolemy.kernel.util.IllegalActionException: SubscriberPorts cannot be used at the top level, use a Subscriber actor instead.
  in .PublisherSubscriberPortToplevel.SubscriberPort
	at ptolemy.actor.SubscriberPort.preinitialize(SubscriberPort.java:328)
	at ptolemy.actor.CompositeActor.preinitialize(CompositeActor.java:1769)
	at ptolemy.actor.Manager.preinitializeAndResolveTypes(Manager.java:1040)
	at ptolemy.actor.Manager.initialize(Manager.java:710)
	at ptolemy.actor.Manager.execute(Manager.java:356)
	at ptolemy.actor.Manager.run(Manager.java:1263)
	at ptolemy.actor.Manager$PtolemyRunThread.run(Manager.java:1915)
java.lang.reflect.InvocationTargetException
	at sun.reflect.NativeConstructorAccessorImpl.newInstance0(Native Method)
	at sun.reflect.NativeConstructorAccessorImpl.newInstance(NativeConstructorAccessorImpl.java:62)
	at sun.reflect.DelegatingConstructorAccessorImpl.newInstance(DelegatingConstructorAccessorImpl.java:45)
	at java.lang.reflect.Constructor.newInstance(Constructor.java:423)
	at ptolemy.util.test.junit.AutoKnownFailedTests.RunModel(AutoKnownFailedTests.java:105)
	at sun.reflect.NativeMethodAccessorImpl.invoke0(Native Method)
	at sun.reflect.NativeMethodAccessorImpl.invoke(NativeMethodAccessorImpl.java:62)
	at sun.reflect.DelegatingMethodAccessorImpl.invoke(DelegatingMethodAccessorImpl.java:43)
	at java.lang.reflect.Method.invoke(Method.java:498)
	at org.junit.runners.model.FrameworkMethod$1.runReflectiveCall(FrameworkMethod.java:44)
	at org.junit.internal.runners.model.ReflectiveCallable.run(ReflectiveCallable.java:15)
	at org.junit.runners.model.FrameworkMethod.invokeExplosively(FrameworkMethod.java:41)
	at junitparams.internal.InvokeParameterisedMethod.evaluate(InvokeParameterisedMethod.java:102)
	at org.junit.internal.runners.statements.FailOnTimeout$1.run(FailOnTimeout.java:28)
Caused by: ptolemy.kernel.util.IllegalActionException: SubscriberPorts cannot be used at the top level, use a Subscriber actor instead.
  in .PublisherSubscriberPortToplevel.SubscriberPort
	at ptolemy.actor.SubscriberPort.preinitialize(SubscriberPort.java:328)
	at ptolemy.actor.CompositeActor.preinitialize(CompositeActor.java:1769)
	at ptolemy.actor.Manager.preinitializeAndResolveTypes(Manager.java:1040)
	at ptolemy.actor.Manager.initialize(Manager.java:710)
	at ptolemy.actor.Manager.execute(Manager.java:356)
	at ptolemy.actor.Manager.run(Manager.java:1263)
	at ptolemy.actor.Manager$PtolemyRunThread.run(Manager.java:1915)
java.lang.RuntimeException: Execution failed
	at ptolemy.moml.MoMLSimpleApplication$UnloadThread.run(MoMLSimpleApplication.java:402)
Caused by: ptolemy.kernel.util.IllegalActionException: SubscriptionAggregatorPorts cannot be used at the top level, use a SubscriptionAggregator actor instead.
  in .PublisherSubscriptionAggregatorPort.SubscriptionAggregatorPort
	at ptolemy.actor.SubscriptionAggregatorPort.preinitialize(SubscriptionAggregatorPort.java:353)
	at ptolemy.actor.CompositeActor.preinitialize(CompositeActor.java:1769)
	at ptolemy.actor.Manager.preinitializeAndResolveTypes(Manager.java:1040)
	at ptolemy.actor.Manager.initialize(Manager.java:710)
	at ptolemy.actor.Manager.execute(Manager.java:356)
	at ptolemy.actor.Manager.run(Manager.java:1263)
	at ptolemy.actor.Manager$PtolemyRunThread.run(Manager.java:1915)
java.lang.reflect.InvocationTargetException
	at sun.reflect.NativeConstructorAccessorImpl.newInstance0(Native Method)
	at sun.reflect.NativeConstructorAccessorImpl.newInstance(NativeConstructorAccessorImpl.java:62)
	at sun.reflect.DelegatingConstructorAccessorImpl.newInstance(DelegatingConstructorAccessorImpl.java:45)
	at java.lang.reflect.Constructor.newInstance(Constructor.java:423)
	at ptolemy.util.test.junit.AutoKnownFailedTests.RunModel(AutoKnownFailedTests.java:105)
	at sun.reflect.NativeMethodAccessorImpl.invoke0(Native Method)
	at sun.reflect.NativeMethodAccessorImpl.invoke(NativeMethodAccessorImpl.java:62)
	at sun.reflect.DelegatingMethodAccessorImpl.invoke(DelegatingMethodAccessorImpl.java:43)
	at java.lang.reflect.Method.invoke(Method.java:498)
	at org.junit.runners.model.FrameworkMethod$1.runReflectiveCall(FrameworkMethod.java:44)
	at org.junit.internal.runners.model.ReflectiveCallable.run(ReflectiveCallable.java:15)
	at org.junit.runners.model.FrameworkMethod.invokeExplosively(FrameworkMethod.java:41)
	at junitparams.internal.InvokeParameterisedMethod.evaluate(InvokeParameterisedMethod.java:102)
	at org.junit.internal.runners.statements.FailOnTimeout$1.run(FailOnTimeout.java:28)
Caused by: ptolemy.kernel.util.IllegalActionException: SubscriptionAggregatorPorts cannot be used at the top level, use a SubscriptionAggregator actor instead.
  in .PublisherSubscriptionAggregatorPort.SubscriptionAggregatorPort
	at ptolemy.actor.SubscriptionAggregatorPort.preinitialize(SubscriptionAggregatorPort.java:353)
	at ptolemy.actor.CompositeActor.preinitialize(CompositeActor.java:1769)
	at ptolemy.actor.Manager.preinitializeAndResolveTypes(Manager.java:1040)
	at ptolemy.actor.Manager.initialize(Manager.java:710)
	at ptolemy.actor.Manager.execute(Manager.java:356)
	at ptolemy.actor.Manager.run(Manager.java:1263)
	at ptolemy.actor.Manager$PtolemyRunThread.run(Manager.java:1915)
java.lang.RuntimeException: Execution failed
	at ptolemy.moml.MoMLSimpleApplication$UnloadThread.run(MoMLSimpleApplication.java:402)
Caused by: ptolemy.kernel.util.IllegalActionException: TypeTest actor has no training data.
  in .sizedarray3.TypeTest
	at ptolemy.actor.lib.TypeTest.initialize(TypeTest.java:250)
	at ptolemy.actor.Director.initialize(Director.java:938)
	at ptolemy.actor.Director.initialize(Director.java:907)
	at ptolemy.actor.sched.StaticSchedulingDirector.initialize(StaticSchedulingDirector.java:159)
	at ptolemy.domains.sdf.kernel.SDFDirector.initialize(SDFDirector.java:544)
	at ptolemy.actor.CompositeActor.initialize(CompositeActor.java:935)
	at ptolemy.actor.Manager.initialize(Manager.java:724)
	at ptolemy.actor.Manager.execute(Manager.java:356)
	at ptolemy.actor.Manager.run(Manager.java:1263)
	at ptolemy.actor.Manager$PtolemyRunThread.run(Manager.java:1915)
java.lang.reflect.InvocationTargetException
	at sun.reflect.NativeConstructorAccessorImpl.newInstance0(Native Method)
	at sun.reflect.NativeConstructorAccessorImpl.newInstance(NativeConstructorAccessorImpl.java:62)
	at sun.reflect.DelegatingConstructorAccessorImpl.newInstance(DelegatingConstructorAccessorImpl.java:45)
	at java.lang.reflect.Constructor.newInstance(Constructor.java:423)
	at ptolemy.util.test.junit.AutoKnownFailedTests.RunModel(AutoKnownFailedTests.java:105)
	at sun.reflect.NativeMethodAccessorImpl.invoke0(Native Method)
	at sun.reflect.NativeMethodAccessorImpl.invoke(NativeMethodAccessorImpl.java:62)
	at sun.reflect.DelegatingMethodAccessorImpl.invoke(DelegatingMethodAccessorImpl.java:43)
	at java.lang.reflect.Method.invoke(Method.java:498)
	at org.junit.runners.model.FrameworkMethod$1.runReflectiveCall(FrameworkMethod.java:44)
	at org.junit.internal.runners.model.ReflectiveCallable.run(ReflectiveCallable.java:15)
	at org.junit.runners.model.FrameworkMethod.invokeExplosively(FrameworkMethod.java:41)
	at junitparams.internal.InvokeParameterisedMethod.evaluate(InvokeParameterisedMethod.java:102)
	at org.junit.internal.runners.statements.FailOnTimeout$1.run(FailOnTimeout.java:28)
Caused by: ptolemy.kernel.util.IllegalActionException: TypeTest actor has no training data.
  in .sizedarray3.TypeTest
	at ptolemy.actor.lib.TypeTest.initialize(TypeTest.java:250)
	at ptolemy.actor.Director.initialize(Director.java:938)
	at ptolemy.actor.Director.initialize(Director.java:907)
	at ptolemy.actor.sched.StaticSchedulingDirector.initialize(StaticSchedulingDirector.java:159)
	at ptolemy.domains.sdf.kernel.SDFDirector.initialize(SDFDirector.java:544)
	at ptolemy.actor.CompositeActor.initialize(CompositeActor.java:935)
	at ptolemy.actor.Manager.initialize(Manager.java:724)
	at ptolemy.actor.Manager.execute(Manager.java:356)
	at ptolemy.actor.Manager.run(Manager.java:1263)
	at ptolemy.actor.Manager$PtolemyRunThread.run(Manager.java:1915)
]]></system-err>
</testsuite>
