<?xml version="1.0" encoding="UTF-8" ?>
<testsuite errors="0" failures="0" hostname="travis-job-bbdb9748-23f8-4daa-bc55-da133afb1b5f" name="ptolemy.actor.lib.test.junit.JUnitTclTest" skipped="0" tests="517" time="63.918" timestamp="2020-01-30T15:29:22">
  <properties>
    <property name="npm.executable" value="npm" />
    <property name="env.TRAVIS_ROOT" value="/" />
    <property name="ptII.mk.exists" value="true" />
    <property name="env.TRAVIS_APP_HOST" value="build.travis-ci.org" />
    <property name="env.rvm_bin_path" value="/home/travis/.rvm/bin" />
    <property name="java.home" value="/usr/local/lib/jvm/openjdk11" />
    <property name="env.TRAVIS_JOB_NUMBER" value="1488.8" />
    <property name="env.TRAVIS_HOME" value="/home/travis" />
    <property name="env.DISPLAY" value=":99.0" />
    <property name="env.TRAVIS_INIT" value="systemd" />
    <property name="env.SSH_TTY" value="/dev/pts/0" />
    <property name="java.net.preferIPv4Stack" value="true" />
    <property name="env.RUN_TESTS" value="true" />
    <property name="timeout.short" value="1000000" />
    <property name="junit.formatter" value="xml" />
    <property name="env.TRAVIS_SUDO" value="true" />
    <property name="env.TRAVIS_JOB_NAME" value="" />
    <property name="env.TRAVIS_STACK_NODE_ATTRIBUTES" value="/.node-attributes.yml" />
    <property name="env.LOGNAME" value="travis" />
    <property name="env.PT_TRAVIS_TEST_CORE1_XML" value="true" />
    <property name="jsdoc.home" value="node_modules/@terraswarm/jsdoc" />
    <property name="debuglevel" value="source,lines,vars" />
    <property name="checkstyle.formatter" value="xml" />
    <property name="env._system_version" value="16.04" />
    <property name="bin.vergil.makeable" value="true" />
    <property name="sun.os.patch.level" value="unknown" />
    <property name="java.vendor.url" value="http://java.oracle.com/" />
    <property name="env.TRAVIS_BUILD_WEB_URL" value="https://travis-ci.org/icyphy/ptII/builds/643902101" />
    <property name="java.version" value="11.0.2" />
    <property name="env.TZ" value="UTC" />
    <property name="env.TRAVIS_PULL_REQUEST_SHA" value="" />
    <property name="env.PT_NO_NET" value="true" />
    <property name="env.TRAVIS_SECURE_ENV_VARS" value="true" />
    <property name="env._system_type" value="Linux" />
    <property name="java.vendor.url.bug" value="http://bugreport.java.com/bugreport/" />
    <property name="npmjs-org-is-up" value="true" />
    <property name="env.LANGUAGE" value="en_US.UTF-8" />
    <property name="env.SSH_CLIENT" value="10.44.0.56 55610 22" />
    <property name="env.GEM_HOME" value="/home/travis/.rvm/gems/ruby-2.5.3" />
    <property name="env.HAS_ANTARES_THREE_LITTLE_FRONZIES_BADGE" value="true" />
    <property name="java.version.date" value="2019-01-15" />
    <property name="env.PS4" value="+" />
    <property name="ant.project.invoked-targets" value="build,test.core1.xml" />
    <property name="env.TRAVIS_PULL_REQUEST_BRANCH" value="" />
    <property name="env.TRAVIS_REPO_SLUG" value="icyphy/ptII" />
    <property name="env.XDG_DATA_DIRS" value="/usr/local/share:/usr/share:/var/lib/snapd/desktop" />
    <property name="jdk.debug" value="release" />
    <property name="env.TRAVIS_APT_PROXY" value="http://build-cache.travisci.net" />
    <property name="env.TRAVIS_CPU_ARCH" value="amd64" />
    <property name="node.in.path" value="true" />
    <property name="user.name" value="travis" />
    <property name="java.maxmemory" value="1400m" />
    <property name="env.RUBY_VERSION" value="ruby-2.5.3" />
    <property name="env.LANG" value="en_US.UTF-8" />
    <property name="sun.io.unicode.encoding" value="UnicodeLittle" />
    <property name="sun.jnu.encoding" value="UTF-8" />
    <property name="java.runtime.name" value="OpenJDK Runtime Environment" />
    <property name="usefile" value="false" />
    <property name="return.code" value="0" />
    <property name="junit.single.formatter" value="plain" />
    <property name="env.DYLD_LIBRARY_PATH" value="/home/travis/pthla/certi-tools/lib:" />
    <property name="env.DEBIAN_FRONTEND" value="noninteractive" />
    <property name="env.SSH_CONNECTION" value="10.44.0.56 55610 10.20.255.52 22" />
    <property name="env.MYSQL_UNIX_PORT" value="/var/run/mysqld/mysqld.sock" />
    <property name="env.LC_ALL" value="en_US.UTF-8" />
    <property name="env.TRAVIS_ALLOW_FAILURE" value="false" />
    <property name="env.TRAVIS_JOB_WEB_URL" value="https://travis-ci.org/icyphy/ptII/jobs/643902109" />
    <property name="java.specification.name" value="Java Platform API Specification" />
    <property name="node.works" value="true" />
    <property name="user.timezone" value="" />
    <property name="path.separator" value=":" />
    <property name="env.TRAVIS_ENABLE_INFRA_DETECTION" value="true" />
    <property name="env.PYTHON_CFLAGS" value="-g -fstack-protector --param=ssp-buffer-size=4 -Wformat -Werror=format-security" />
    <property name="timeout.long" value="4000000" />
    <property name="env.CERTI_HOME" value="/home/travis/pthla/certi-tools" />
    <property name="ant.file.ptII" value="/home/travis/build/icyphy/ptII/build.xml" />
    <property name="javadoc.packagenames" value="com.*,diva.*,lbnl.*,org.hlacerti.*,org.json.*,org.ptolemy.*,org.terraswarm.*,ptolemy.*,ptserver.*" />
    <property name="file.encoding" value="UTF-8" />
    <property name="env.TRAVIS_PULL_REQUEST_SLUG" value="" />
    <property name="ant.project.default-target" value="build" />
    <property name="env.GIT_ASKPASS" value="echo" />
    <property name="env.HOME" value="/home/travis" />
    <property name="sun.java.command" value="org.apache.tools.ant.taskdefs.optional.junit.JUnitTestRunner ptolemy.actor.lib.test.junit.JUnitTclTest skipNonTests=false filtertrace=true haltOnError=false haltOnFailure=false formatter=org.apache.tools.ant.taskdefs.optional.junit.OutErrSummaryJUnitResultFormatter showoutput=true outputtoformatters=true logfailedtests=true threadid=0 logtestlistenerevents=false formatter=org.apache.tools.ant.taskdefs.optional.junit.XMLJUnitResultFormatter,/home/travis/build/icyphy/ptII/reports/junit/TEST-ptolemy.actor.lib.test.junit.JUnitTclTest.xml crashfile=/home/travis/build/icyphy/ptII/junitvmwatcher12156852041561602071.properties propsfile=/home/travis/build/icyphy/ptII/junit12767103394190438263.properties" />
    <property name="env.COMPOSER_NO_INTERACTION" value="1" />
    <property name="env.MANPATH" value="/home/travis/.nvm/versions/node/v7.10.1/share/man:/home/travis/.rvm/rubies/ruby-2.5.3/share/man:/usr/local/cmake-3.12.4/man:/usr/local/clang-7.0.0/share/man:/usr/local/man:/usr/local/share/man:/usr/share/man:/home/travis/.rvm/man" />
    <property name="env.TRAVIS_TIMER_ID" value="11d9fcfe" />
    <property name="ant.file" value="/home/travis/build/icyphy/ptII/build.xml" />
    <property name="env.TRAVIS_COMMIT_RANGE" value="cc5a3a026236...b06f35d163e9" />
    <property name="env._system_name" value="Ubuntu" />
    <property name="ptII.classpath.optional.property" value="/home/travis/build/icyphy/ptII/lib/bsh-2.0b4.jar:/home/travis/build/icyphy/ptII/lib/ptCal.jar:/home/travis/build/icyphy/ptII/lib/java_cup.jar:/home/travis/build/icyphy/ptII/lib/saxon8.jar:/home/travis/build/icyphy/ptII/lib/saxon8-dom.jar:/home/travis/build/icyphy/ptII/lib/chic.jar:/home/travis/build/icyphy/ptII/lib/ptcolt.jar:/home/travis/build/icyphy/ptII/vendors/misc/itext/iText.jar:/home/travis/build/icyphy/ptII/lib/g4ltl.jar:/home/travis/build/icyphy/ptII/lib/StructuralCoder.jar:/home/travis/build/icyphy/ptII/lib/jcerti.jar:/home/travis/build/icyphy/ptII/lib/javax.mail.jar:/home/travis/build/icyphy/ptII/vendors/JMF-2.1.1e/lib/jmf.jar:/home/travis/build/icyphy/ptII/lib/jna-4.0.0-variadic.jar:/home/travis/build/icyphy/ptII/vendors/misc/joystick/Joystick.jar:/home/travis/build/icyphy/ptII/lib/ptjacl.jar:/home/travis/build/icyphy/ptII/lib/jsoup-1.8.2.jar:/home/travis/build/icyphy/ptII/lib/junit-4.8.2.jar:/home/travis/build/icyphy/ptII/lib/JUnitParams-0.4.0.jar:/home/travis/build/icyphy/ptII/ptolemy/actor/lib/excel/jxl.jar:/home/travis/build/icyphy/ptII/lib/jython.jar:/home/travis/build/icyphy/ptII/lib/kieler.jar:/home/travis/build/icyphy/ptII/vendors/opencv/share/OpenCV/java/opencv-341.jar:/home/travis/build/icyphy/ptII/lib/oscP5.jar:/home/travis/build/icyphy/ptII/lib/nrjavaserial-3.11.0.devel.jar:/home/travis/build/icyphy/ptII/vendors/j3d/lib/Linux/j3dcore.jar:/home/travis/build/icyphy/ptII/vendors/j3d/lib/Linux/j3dutils.jar:/home/travis/build/icyphy/ptII/vendors/j3d/lib/Linux/vecmath.jar:/home/travis/build/icyphy/ptII/vendors/jogl/lib/Linux/gluegen-rt-natives-linux-amd64.jar:/home/travis/build/icyphy/ptII/vendors/jogl/lib/Linux/gluegen-rt.jar:/home/travis/build/icyphy/ptII/vendors/jogl/lib/Linux/jogl-all-natives-linux-amd64.jar:/home/travis/build/icyphy/ptII/vendors/jogl/lib/Linux/jogl-all.jar:/home/travis/build/icyphy/ptII/ptolemy/distributed/jini/jar/jini-core.jar:/home/travis/build/icyphy/ptII/ptolemy/distributed/jini/jar/jini-ext.jar:/home/travis/build/icyphy/ptII/ptolemy/distributed/jini/jar/sun-util.jar:/home/travis/build/icyphy/ptII/lib/protobuf-java-2.4.1.jar:/home/travis/build/icyphy/ptII/lib/org.eclipse.paho.client.mqttv3.jar:/home/travis/build/icyphy/ptII/lib/mapss.jar:/home/travis/build/icyphy/ptII/ptolemy/actor/ptalon/antlr/antlr.jar:/home/travis/build/icyphy/ptII/lib/JRI.jar:/home/travis/build/icyphy/ptII/lib/commons-lang-2.6.jar:/home/travis/build/icyphy/ptII/lib/commons-logging-1.1.1.jar:/home/travis/build/icyphy/ptII/lib/sootclasses.jar:/home/travis/build/icyphy/ptII/ptolemy/actor/lib/database/mysql-connector-java-5.1.6-bin.jar:/home/travis/build/icyphy/ptII/vendors/misc/sphinx4/sphinx4-data-5prealpha.jar:/home/travis/build/icyphy/ptII/vendors/misc/sphinx4/sphinx4-core-5prealpha.jar:/home/travis/build/icyphy/ptII/lib/PDFRenderer.jar:/home/travis/build/icyphy/ptII/lib/svgSalamander.jar:/home/travis/build/icyphy/ptII/lib/rsyntaxtextarea-2.6.0-SNAPSHOT.jar:/home/travis/build/icyphy/ptII/lib/hazelcast-3.8.2.jar:/home/travis/build/icyphy/ptII/lib/jackson-annotations-2.9.0.jar:/home/travis/build/icyphy/ptII/lib/jackson-core-2.9.3.jar:/home/travis/build/icyphy/ptII/lib/jackson-databind-2.9.3.jar:/home/travis/build/icyphy/ptII/lib/netty-buffer-4.1.19.Final.jar:/home/travis/build/icyphy/ptII/lib/netty-codec-4.1.19.Final.jar:/home/travis/build/icyphy/ptII/lib/netty-codec-dns-4.1.19.Final.jar:/home/travis/build/icyphy/ptII/lib/netty-codec-http-4.1.19.Final.jar:/home/travis/build/icyphy/ptII/lib/netty-codec-http2-4.1.19.Final.jar:/home/travis/build/icyphy/ptII/lib/netty-common-4.1.19.Final.jar:/home/travis/build/icyphy/ptII/lib/netty-handler-4.1.19.Final.jar:/home/travis/build/icyphy/ptII/lib/netty-resolver-4.1.19.Final.jar:/home/travis/build/icyphy/ptII/lib/netty-resolver-dns-4.1.19.Final.jar:/home/travis/build/icyphy/ptII/lib/netty-transport-4.1.19.Final.jar:/home/travis/build/icyphy/ptII/lib/vertx-codegen-3.5.1.jar:/home/travis/build/icyphy/ptII/lib/vertx-core-3.5.2-SNAPSHOT.jar:/home/travis/build/icyphy/ptII/lib/vertx-hazelcast-3.5.1.jar:/home/travis/build/icyphy/ptII/lib/vertx-lang-js-3.5.1.jar:/home/travis/build/icyphy/ptII/lib/vertx-service-proxy-3.5.1.jar:/home/travis/build/icyphy/ptII/lib/vertx-web-3.5.1.jar:/home/travis/build/icyphy/ptII/lib/slf4j-api-1.7.13.jar:/home/travis/build/icyphy/ptII/lib/slf4j-simple-1.7.13.jar:/home/travis/build/icyphy/ptII/lib/webcam-capture-0.3.12.jar:/home/travis/build/icyphy/ptII/lib/bridj-0.7.0.jar:/home/travis/build/icyphy/ptII/lib/xbjlib-1.1.0.nrjavaserial.jar" />
    <property name="timeout" value="2400000" />
    <property name="test.batch" value="**/junit/*.java" />
    <property name="env._" value="/usr/bin/timeout" />
    <property name="java.io.tmpdir" value="/tmp" />
    <property name="user.language" value="en" />
    <property name="env.TRAVIS_INTERNAL_RUBY_REGEX" value="^ruby-(2\.[0-4]\.[0-9]|1\.9\.3)" />
    <property name="env.HISTCONTROL" value="ignoredups:ignorespace" />
    <property name="env.GOROOT" value="/home/travis/.gimme/versions/go1.11.1.linux.amd64" />
    <property name="line.separator" value="&#xa;" />
    <property name="target" value="11" />
    <property name="env.TRAVIS_BUILD_DIR" value="/home/travis/build/icyphy/ptII" />
    <property name="env.ANT_OPTS" value="-Xmx2048m" />
    <property name="ant.file.type" value="file" />
    <property name="ptolemy.ptII.batchMode" value="true" />
    <property name="env.HISTSIZE" value="1000" />
    <property name="env.MERB_ENV" value="test" />
    <property name="java.vm.info" value="mixed mode" />
    <property name="source" value="11" />
    <property name="java.vm.specification.name" value="Java Virtual Machine Specification" />
    <property name="env.TRAVIS_TEST_RESULT" value="0" />
    <property name="jsdoc.command" value="node_modules/@terraswarm/jsdoc/jsdoc.js" />
    <property name="npm.works" value="true" />
    <property name="cobertura.dir" value="/home/travis/build/icyphy/ptII/vendors/cobertura-2.0.3" />
    <property name="jsdoc.command.exists" value="true" />
    <property name="env.rvm_path" value="/home/travis/.rvm" />
    <property name="env.GEM_PATH" value="/home/travis/.rvm/gems/ruby-2.5.3:/home/travis/.rvm/gems/ruby-2.5.3@global" />
    <property name="env.LC_CTYPE" value="en_US.UTF-8" />
    <property name="env.TRAVIS_CMD" value="$PTII/bin/ptIITravisBuild.sh $SECONDS" />
    <property name="java.awt.printerjob" value="sun.print.PSPrinterJob" />
    <property name="env.TRAVIS_STACK_NAME" value="sardonyx" />
    <property name="env.TRAVIS_TIMER_START_TIME" value="1580397475129184209" />
    <property name="ant.version" value="Apache Ant(TM) version 1.10.1 compiled on February 2 2017" />
    <property name="ptII.reports" value="/home/travis/build/icyphy/ptII/reports" />
    <property name="env.TRAVIS_STACK_TIMESTAMP" value="2019-03-25 16:16:56 UTC" />
    <property name="ant.file.type.ptII" value="file" />
    <property name="env.RBENV_SHELL" value="bash" />
    <property name="os.name" value="Linux" />
    <property name="java.specification.vendor" value="Oracle Corporation" />
    <property name="env.rvm_version" value="1.29.7 (latest)" />
    <property name="env.TRAVIS_INFRA" value="unknown" />
    <property name="env.TERM" value="xterm" />
    <property name="java.vm.name" value="OpenJDK 64-Bit Server VM" />
    <property name="env.TRAVIS_BUILD_NUMBER" value="1488" />
    <property name="env.CI" value="true" />
    <property name="java.library.path" value="/home/travis/pthla/certi-tools/lib:/usr/lib/jni:/usr/local/share/OpenCV/java/:/usr/share/OpenCV/java::/usr/java/packages/lib:/usr/lib64:/lib64:/lib:/usr/lib" />
    <property name="jdk.module.path" value="/home/travis/build/icyphy/ptII/vendors/javafx/javafx-sdk-11.0.2/lib:" />
    <property name="env.rvm_prefix" value="/home/travis" />
    <property name="env.PATH" value="/home/travis/pthla/certi-tools/share/scripts:/home/travis/.rvm/gems/ruby-2.5.3/bin:/home/travis/.rvm/gems/ruby-2.5.3@global/bin:/home/travis/.rvm/rubies/ruby-2.5.3/bin:/home/travis/.rvm/bin:/home/travis/.nvm/versions/node/v7.10.1/bin:./node_modules/.bin:/home/travis/build/icyphy/ptII/bin:/home/travis/pthla/certi-tools/bin:/home/travis/bin:/home/travis/.local/bin:/usr/local/lib/jvm/openjdk11/bin:/opt/pyenv/shims:/home/travis/.phpenv/shims:/home/travis/perl5/perlbrew/bin:/home/travis/gopath/bin:/home/travis/.gimme/versions/go1.11.1.linux.amd64/bin:/usr/local/maven-3.6.0/bin:/usr/local/cmake-3.12.4/bin:/usr/local/clang-7.0.0/bin:/usr/local/sbin:/usr/local/bin:/usr/sbin:/usr/bin:/sbin:/bin:/snap/bin:/home/travis/.phpenv/bin:/opt/pyenv/bin:/home/travis/.yarn/bin" />
    <property name="env.TRAVIS_OS_NAME" value="linux" />
    <property name="ant.java.version" value="9" />
    <property name="basedir" value="/home/travis/build/icyphy/ptII" />
    <property name="java.class.version" value="55.0" />
    <property name="env.SHLVL" value="3" />
    <property name="env.LD_LIBRARY_PATH" value="/home/travis/pthla/certi-tools/lib:/usr/lib/jni:/usr/local/share/OpenCV/java/:/usr/share/OpenCV/java:" />
    <property name="env.RACK_ENV" value="test" />
    <property name="ant.home" value="/home/travis/build/icyphy/ptII/ant" />
    <property name="env.NVM_DIR" value="/home/travis/.nvm" />
    <property name="env.CERTI_FOM_PATH" value="/home/travis/pthla/certi-tools/share/federations" />
    <property name="env.TRAVIS_BUILD_ID" value="643902101" />
    <property name="env.PYENV_ROOT" value="/opt/pyenv" />
    <property name="env.TRAVIS_UID" value="2000" />
    <property name="prism.verbose" value="true" />
    <property name="env.NVM_BIN" value="/home/travis/.nvm/versions/node/v7.10.1/bin" />
    <property name="env.TRAVIS_COMMIT" value="b06f35d163e9d2fd60960e07537511f3f2abf6c1" />
    <property name="env._system_arch" value="x86_64" />
    <property name="node.executable" value="node" />
    <property name="sun.boot.library.path" value="/usr/local/lib/jvm/openjdk11/lib" />
    <property name="sun.management.compiler" value="HotSpot 64-Bit Tiered Compilers" />
    <property name="java.awt.graphicsenv" value="sun.awt.X11GraphicsEnvironment" />
    <property name="env.GOPATH" value="/home/travis/gopath" />
    <property name="ptolemy.ptII.dir" value="/home/travis/build/icyphy/ptII" />
    <property name="env.USER" value="travis" />
    <property name="env.HISTFILESIZE" value="2000" />
    <property name="timeout.longest" value="19000000" />
    <property name="env.PERLBREW_SHELLRC_VERSION" value="0.86" />
    <property name="env.TRAVIS_STACK_FEATURES" value="basic couchdb disabled-ipv6 docker docker-compose elasticsearch firefox go-toolchain google-chrome jdk memcached mongodb mysql nodejs_interpreter perl_interpreter perlbrew phantomjs postgresql python_interpreter redis ruby_interpreter sqlite xserver" />
    <property name="env.TRAVIS_PULL_REQUEST" value="false" />
    <property name="env.PYENV_SHELL" value="bash" />
    <property name="ant.project.name" value="ptII" />
    <property name="env.ANSI_RESET" value="\033[0m" />
    <property name="java.vm.specification.version" value="11" />
    <property name="env.TRAVIS_DIST" value="xenial" />
    <property name="env.CERTI_VERSION" value="4.0.0" />
    <property name="env.CERTI_HOST" value="localhost" />
    <property name="awt.toolkit" value="sun.awt.X11.XToolkit" />
    <property name="env.MY_RUBY_HOME" value="/home/travis/.rvm/rubies/ruby-2.5.3" />
    <property name="sun.cpu.isalist" value="" />
    <property name="env.TRAVIS_TMPDIR" value="/tmp/tmp.TMlAxjyMff" />
    <property name="java.vm.compressedOopsMode" value="Zero based" />
    <property name="os.version" value="4.15.0-1028-gcp" />
    <property name="user.home" value="/home/travis" />
    <property name="java.vm.vendor" value="Oracle Corporation" />
    <property name="env.TRAVIS_TAG" value="nightly" />
    <property name="env.ANSI_YELLOW" value="\033[33;1m" />
    <property name="env.TRAVIS_FILTERED" value="redirect_io" />
    <property name="env.ANSI_GREEN" value="\033[32;1m" />
    <property name="env.JAVA_HOME" value="/usr/local/lib/jvm/openjdk11" />
    <property name="javadoc.excludepackagenames" value="adm.cvs2svn.*,build.*,config.*,doc.coding.templates.*,jni.test.jni.meaningOfLife.*,jni.test.jni.testDeux.*,jni.test.jni.testTrois.*,org.terraswarm.accessor.accessors.web.node_modules.*,org.terraswarm.accessor.accessors.web.hosts.cordova.demo.*,org.terraswarm.accessor.accessors.web.hosts.cordova.plugins.*,org.terraswarm.accessor.accessors-svn.*,pt-modules.*,ptolemy.apps.agilent.*,ptolemy.apps.anytimecontrol.*,ptolemy.apps.apes.*,ptolemy.apps.charon.*,ptolemy.apps.crazyboard.*,ptolemy.apps.eclipse.*,ptolemy.apps.etherealSting.*,ptolemy.apps.fullscreen.*,ptolemy.apps.giotto.*,ptolemy.apps.ia.*,ptolemy.apps.interfaces.*,ptolemy.apps.jmf.*,ptolemy.apps.kurt.*,ptolemy.apps.kvm.*,ptolemy.apps.lego.*,ptolemy.apps.lejos.*,ptolemy.apps.midp.*,ptolemy.apps.mobileCoding.*,ptolemy.apps.pendulum.*,ptolemy.apps.rijndael.*,ptolemy.apps.robot.*,ptolemy.apps.security.*,ptolemy.apps.sobel.*,ptolemy.apps.soot.*,ptolemy.apps.throttle.*,ptolemy.apps.tini.*,ptolemy.apps.transmission.*,ptolemy.apps.vergil.*,ptolemy.apps.waba.*,ptolemy.apps.websensor.*,ptolemy.apps.webstart.*,ptolemy.apps.xsl.*,ptolemy.apps.zaurus.*,ptolemy.codegen.c.actor.lib.oldJavaFiles.*,ptolemy.codegen.dsp.lib.*,ptolemy.codegen.kernel.newInterfaces.*,ptolemy.codegen.lib.*,ptolemy.copernicus.kernel.fragment.*,ptolemy.copernicus.shallow.cg.*,ptolemy.domains.giotto.demo.Hierarchy.Hierarchy.*,ptolemy.domains.giotto.demo.Multimode.Multimode.*,ptolemy.domains.giotto.demo.Simple.Simple.*,ptolemy.domains.gr.lib.experimental.*,ptolemy.domains.gro.*,ptolemy.domains.pdf.*,ptolemy.domains.ptinyos.demo.Surge.output.*,ptolemy.moml.test.NoPackageActor.java*,ptolemy.plot.adm.*,ptolemy.plot.servlet.*,reports.*,signed.*,src.*,target.*,vendors.*,ptolemy.copernicus.applet.*,ptolemy.media.viewer.*,ptolemy.actor.corba.*,doc.doclets.*,ptolemy.apps.eclipse.awt.*,ptolemy.backtrack.*,ptolemy.backtrack.ast.*,ptolemy.cg.adapter.generic.program.procedural.c.mbed*,ptolemy.homer.*,ptolemy.actor.lib.jai.*,org.ptolemy.scala.*,diva.util.java2d.svg.*,ptolemy.domains.ptinyos.*,ptolemy.actor.lib.fmi.fmipp.*,,org.terraswarm.accessor.accessors.web.node_modules.*,org.terraswarm.accessor.accessors-svn,ptolemy.apps.*,ptolemy.actor.ptalon.demo.ptinyos.SendAndReceiveCnt.output,ptolemy.actor.ptalon.demo.ptinyos.SenseToLeds.output,ptolemy.domains.ptinyos.demo.CntToLedsAndRfm.output,ptolemy.domains.ptinyos.demo.RfmToLeds.output,ptolemy.domains.ptinyos.demo.SendAndReceiveCnt.output,ptolemy.domains.ptinyos.demo.SenseToLeds.output,ptolemy.actor.lib.jjs.modules.udpSocket.*" />
    <property name="env.PTII" value="/home/travis/build/icyphy/ptII" />
    <property name="env.XDG_SESSION_ID" value="2" />
    <property name="keystore" value="ptKeystore" />
    <property name="env.TRAVIS_COMMIT_MESSAGE" value="Fixing the name of the branch in build-certi1516e.sh." />
    <property name="junit.output.dir" value="/home/travis/build/icyphy/ptII/reports/junit" />
    <property name="npm.return.code" value="0" />
    <property name="user.dir" value="/home/travis/build/icyphy/ptII/ptolemy/actor/lib/test" />
    <property name="env.TRAVIS_NODE_VERSION" value="7" />
    <property name="env.TRAVIS_EVENT_TYPE" value="push" />
    <property name="env.MAIL" value="/var/mail/travis" />
    <property name="env.PERLBREW_ROOT" value="/home/travis/perl5/perlbrew" />
    <property name="env.PWD" value="/home/travis/build/icyphy/ptII" />
    <property name="timeout.npm" value="45000" />
    <property name="env.TRAVIS_ARCH" value="amd64" />
    <property name="sun.cpu.endian" value="little" />
    <property name="env.PAGER" value="cat" />
    <property name="env.TRAVIS_BUILD_STAGE_NAME" value="Test" />
    <property name="env.PERLBREW_HOME" value="/home/travis/.perlbrew" />
    <property name="java.vm.version" value="11.0.2+9" />
    <property name="env.RAILS_ENV" value="test" />
    <property name="java.class.path" value="/home/travis/.ptolemyII:/home/travis/.ptolemyII/*:/home/travis/build/icyphy/ptII:/home/travis/build/icyphy/ptII/lib/bsh-2.0b4.jar:/home/travis/build/icyphy/ptII/lib/ptCal.jar:/home/travis/build/icyphy/ptII/lib/java_cup.jar:/home/travis/build/icyphy/ptII/lib/saxon8.jar:/home/travis/build/icyphy/ptII/lib/saxon8-dom.jar:/home/travis/build/icyphy/ptII/lib/chic.jar:/home/travis/build/icyphy/ptII/lib/ptcolt.jar:/home/travis/build/icyphy/ptII/vendors/misc/itext/iText.jar:/home/travis/build/icyphy/ptII/lib/g4ltl.jar:/home/travis/build/icyphy/ptII/lib/StructuralCoder.jar:/home/travis/build/icyphy/ptII/lib/jcerti.jar:/home/travis/build/icyphy/ptII/lib/javax.mail.jar:/home/travis/build/icyphy/ptII/vendors/JMF-2.1.1e/lib/jmf.jar:/home/travis/build/icyphy/ptII/lib/jna-4.0.0-variadic.jar:/home/travis/build/icyphy/ptII/vendors/misc/joystick/Joystick.jar:/home/travis/build/icyphy/ptII/lib/ptjacl.jar:/home/travis/build/icyphy/ptII/lib/jsoup-1.8.2.jar:/home/travis/build/icyphy/ptII/lib/junit-4.8.2.jar:/home/travis/build/icyphy/ptII/lib/JUnitParams-0.4.0.jar:/home/travis/build/icyphy/ptII/ptolemy/actor/lib/excel/jxl.jar:/home/travis/build/icyphy/ptII/lib/jython.jar:/home/travis/build/icyphy/ptII/lib/kieler.jar:/home/travis/build/icyphy/ptII/vendors/opencv/share/OpenCV/java/opencv-341.jar:/home/travis/build/icyphy/ptII/lib/oscP5.jar:/home/travis/build/icyphy/ptII/lib/nrjavaserial-3.11.0.devel.jar:/home/travis/build/icyphy/ptII/vendors/j3d/lib/Linux/j3dcore.jar:/home/travis/build/icyphy/ptII/vendors/j3d/lib/Linux/j3dutils.jar:/home/travis/build/icyphy/ptII/vendors/j3d/lib/Linux/vecmath.jar:/home/travis/build/icyphy/ptII/vendors/jogl/lib/Linux/gluegen-rt-natives-linux-amd64.jar:/home/travis/build/icyphy/ptII/vendors/jogl/lib/Linux/gluegen-rt.jar:/home/travis/build/icyphy/ptII/vendors/jogl/lib/Linux/jogl-all-natives-linux-amd64.jar:/home/travis/build/icyphy/ptII/vendors/jogl/lib/Linux/jogl-all.jar:/home/travis/build/icyphy/ptII/ptolemy/distributed/jini/jar/jini-core.jar:/home/travis/build/icyphy/ptII/ptolemy/distributed/jini/jar/jini-ext.jar:/home/travis/build/icyphy/ptII/ptolemy/distributed/jini/jar/sun-util.jar:/home/travis/build/icyphy/ptII/lib/protobuf-java-2.4.1.jar:/home/travis/build/icyphy/ptII/lib/org.eclipse.paho.client.mqttv3.jar:/home/travis/build/icyphy/ptII/lib/mapss.jar:/home/travis/build/icyphy/ptII/ptolemy/actor/ptalon/antlr/antlr.jar:/home/travis/build/icyphy/ptII/lib/JRI.jar:/home/travis/build/icyphy/ptII/lib/commons-lang-2.6.jar:/home/travis/build/icyphy/ptII/lib/commons-logging-1.1.1.jar:/home/travis/build/icyphy/ptII/lib/sootclasses.jar:/home/travis/build/icyphy/ptII/ptolemy/actor/lib/database/mysql-connector-java-5.1.6-bin.jar:/home/travis/build/icyphy/ptII/vendors/misc/sphinx4/sphinx4-data-5prealpha.jar:/home/travis/build/icyphy/ptII/vendors/misc/sphinx4/sphinx4-core-5prealpha.jar:/home/travis/build/icyphy/ptII/lib/PDFRenderer.jar:/home/travis/build/icyphy/ptII/lib/svgSalamander.jar:/home/travis/build/icyphy/ptII/lib/rsyntaxtextarea-2.6.0-SNAPSHOT.jar:/home/travis/build/icyphy/ptII/lib/hazelcast-3.8.2.jar:/home/travis/build/icyphy/ptII/lib/jackson-annotations-2.9.0.jar:/home/travis/build/icyphy/ptII/lib/jackson-core-2.9.3.jar:/home/travis/build/icyphy/ptII/lib/jackson-databind-2.9.3.jar:/home/travis/build/icyphy/ptII/lib/netty-buffer-4.1.19.Final.jar:/home/travis/build/icyphy/ptII/lib/netty-codec-4.1.19.Final.jar:/home/travis/build/icyphy/ptII/lib/netty-codec-dns-4.1.19.Final.jar:/home/travis/build/icyphy/ptII/lib/netty-codec-http-4.1.19.Final.jar:/home/travis/build/icyphy/ptII/lib/netty-codec-http2-4.1.19.Final.jar:/home/travis/build/icyphy/ptII/lib/netty-common-4.1.19.Final.jar:/home/travis/build/icyphy/ptII/lib/netty-handler-4.1.19.Final.jar:/home/travis/build/icyphy/ptII/lib/netty-resolver-4.1.19.Final.jar:/home/travis/build/icyphy/ptII/lib/netty-resolver-dns-4.1.19.Final.jar:/home/travis/build/icyphy/ptII/lib/netty-transport-4.1.19.Final.jar:/home/travis/build/icyphy/ptII/lib/vertx-codegen-3.5.1.jar:/home/travis/build/icyphy/ptII/lib/vertx-core-3.5.2-SNAPSHOT.jar:/home/travis/build/icyphy/ptII/lib/vertx-hazelcast-3.5.1.jar:/home/travis/build/icyphy/ptII/lib/vertx-lang-js-3.5.1.jar:/home/travis/build/icyphy/ptII/lib/vertx-service-proxy-3.5.1.jar:/home/travis/build/icyphy/ptII/lib/vertx-web-3.5.1.jar:/home/travis/build/icyphy/ptII/lib/slf4j-api-1.7.13.jar:/home/travis/build/icyphy/ptII/lib/slf4j-simple-1.7.13.jar:/home/travis/build/icyphy/ptII/lib/webcam-capture-0.3.12.jar:/home/travis/build/icyphy/ptII/lib/bridj-0.7.0.jar:/home/travis/build/icyphy/ptII/lib/xbjlib-1.1.0.nrjavaserial.jar:/home/travis/build/icyphy/ptII/ptolemy/moml/test:/home/travis/build/icyphy/ptII/ant/lib/ant-launcher.jar:/home/travis/build/icyphy/ptII/ant/lib/ant.jar:/home/travis/build/icyphy/ptII/ant/lib/ant-junit.jar:/home/travis/build/icyphy/ptII/ant/lib/ant-junit4.jar" />
    <property name="ant.library.dir" value="/home/travis/build/icyphy/ptII/ant/lib" />
    <property name="os.arch" value="amd64" />
    <property name="env.CONTINUOUS_INTEGRATION" value="true" />
    <property name="env.TRAVIS_LANGUAGE" value="node_js" />
    <property name="env.TRAVIS_STACK_LANGUAGES" value="__sardonyx__ c c++ clojure cplusplus cpp default generic go groovy java node_js php pure_java python ruby scala" />
    <property name="test.name" value="ptolemy.actor.lib.test.junit.JUnitTclTest" />
    <property name="env.APT_KEY_DONT_WARN_ON_DANGEROUS_USAGE" value="1" />
    <property name="sun.java.launcher" value="SUN_STANDARD" />
    <property name="env.PYTHON_CONFIGURE_OPTS" value="--enable-unicode=ucs4 --with-wide-unicode --enable-shared --enable-ipv6 --enable-loadable-sqlite-extensions --with-computed-gotos" />
    <property name="ant.core.lib" value="/home/travis/build/icyphy/ptII/ant/lib/ant.jar" />
    <property name="java.vm.specification.vendor" value="Oracle Corporation" />
    <property name="env.BCVTB_HOME" value="/home/travis/build/icyphy/ptII/lbnl" />
    <property name="file.separator" value="/" />
    <property name="spotbugs.home" value="/home/travis/build/icyphy/ptII/vendors/spotbugs-3.1.1" />
    <property name="java.runtime.version" value="11.0.2+9" />
    <property name="env.ANSI_CLEAR" value="\033[0K" />
    <property name="javafx.verbose" value="true" />
    <property name="env.HAS_JOSH_K_SEAL_OF_APPROVAL" value="true" />
    <property name="env.XDG_RUNTIME_DIR" value="/run/user/2000" />
    <property name="env.TRAVIS_OSX_IMAGE" value="" />
    <property name="env.TRAVIS_JOB_ID" value="643902109" />
    <property name="env.TRAVIS_BRANCH" value="master" />
    <property name="user.country" value="US" />
    <property name="env.CERTI_HOME_TRAVIS" value="/home/travis/pthla/certi-tools" />
    <property name="env.SHELL" value="/bin/bash" />
    <property name="java.maxmemory.large" value="3200m" />
    <property name="model" value="" />
    <property name="env.CASHER_DIR" value="/home/travis/.casher" />
    <property name="env.NVM_CD_FLAGS" value="" />
    <property name="java.vendor.version" value="18.9" />
    <property name="jshint.executable" value="/home/travis/node_modules/jshint/bin/jshint" />
    <property name="env.JRUBY_OPTS" value=" --client -J-XX:+TieredCompilation -J-XX:TieredStopAtLevel=1 -J-Xss2m -Xcompile.invokedynamic=false" />
    <property name="java.vendor" value="Oracle Corporation" />
    <property name="env.TRAVIS_PRE_CHEF_BOOTSTRAP_TIME" value="2019-03-25T16:16:42" />
    <property name="env.TRAVIS_STACK_JOB_BOARD_REGISTER" value="/.job-board-register.yml" />
    <property name="env.ANSI_RED" value="\033[31;1m" />
    <property name="java.specification.version" value="11" />
    <property name="env.IRBRC" value="/home/travis/.rvm/rubies/ruby-2.5.3/.irbrc" />
    <property name="env.TRAVIS" value="true" />
    <property name="sun.arch.data.model" value="64" />
  </properties>
  <testcase classname="ptolemy.util.test.junit.TclTests" name="[0] /home/travis/build/icyphy/ptII/ptolemy/actor/lib/test/AbsoluteValue.tcl (RunTclFile)" time="0.66" />
  <testcase classname="ptolemy.util.test.junit.TclTests" name="[1] /home/travis/build/icyphy/ptII/ptolemy/actor/lib/test/AddSubtract.tcl (RunTclFile)" time="0.234" />
  <testcase classname="ptolemy.util.test.junit.TclTests" name="[2] /home/travis/build/icyphy/ptII/ptolemy/actor/lib/test/Average.tcl (RunTclFile)" time="0.075" />
  <testcase classname="ptolemy.util.test.junit.TclTests" name="[3] /home/travis/build/icyphy/ptII/ptolemy/actor/lib/test/Bernoulli.tcl (RunTclFile)" time="0.042" />
  <testcase classname="ptolemy.util.test.junit.TclTests" name="[4] /home/travis/build/icyphy/ptII/ptolemy/actor/lib/test/Clock.tcl (RunTclFile)" time="0.146" />
  <testcase classname="ptolemy.util.test.junit.TclTests" name="[5] /home/travis/build/icyphy/ptII/ptolemy/actor/lib/test/Commutator.tcl (RunTclFile)" time="0.187" />
  <testcase classname="ptolemy.util.test.junit.TclTests" name="[6] /home/travis/build/icyphy/ptII/ptolemy/actor/lib/test/Const.tcl (RunTclFile)" time="0.161" />
  <testcase classname="ptolemy.util.test.junit.TclTests" name="[7] /home/travis/build/icyphy/ptII/ptolemy/actor/lib/test/CurrentTime.tcl (RunTclFile)" time="0.045" />
  <testcase classname="ptolemy.util.test.junit.TclTests" name="[8] /home/travis/build/icyphy/ptII/ptolemy/actor/lib/test/DB.tcl (RunTclFile)" time="0.045" />
  <testcase classname="ptolemy.util.test.junit.TclTests" name="[9] /home/travis/build/icyphy/ptII/ptolemy/actor/lib/test/DiscreteRandomSource.tcl (RunTclFile)" time="0.049" />
  <testcase classname="ptolemy.util.test.junit.TclTests" name="[10] /home/travis/build/icyphy/ptII/ptolemy/actor/lib/test/Distributor.tcl (RunTclFile)" time="0.075" />
  <testcase classname="ptolemy.util.test.junit.TclTests" name="[11] /home/travis/build/icyphy/ptII/ptolemy/actor/lib/test/Exit.tcl (RunTclFile)" time="0.082" />
  <testcase classname="ptolemy.util.test.junit.TclTests" name="[12] /home/travis/build/icyphy/ptII/ptolemy/actor/lib/test/Expression.tcl (RunTclFile)" time="0.109" />
  <testcase classname="ptolemy.util.test.junit.TclTests" name="[13] /home/travis/build/icyphy/ptII/ptolemy/actor/lib/test/Gaussian.tcl (RunTclFile)" time="0.551" />
  <testcase classname="ptolemy.util.test.junit.TclTests" name="[14] /home/travis/build/icyphy/ptII/ptolemy/actor/lib/test/IIR.tcl (RunTclFile)" time="0.047" />
  <testcase classname="ptolemy.util.test.junit.TclTests" name="[15] /home/travis/build/icyphy/ptII/ptolemy/actor/lib/test/Interpolator.tcl (RunTclFile)" time="0.108" />
  <testcase classname="ptolemy.util.test.junit.TclTests" name="[16] /home/travis/build/icyphy/ptII/ptolemy/actor/lib/test/MathFunction.tcl (RunTclFile)" time="0.093" />
  <testcase classname="ptolemy.util.test.junit.TclTests" name="[17] /home/travis/build/icyphy/ptII/ptolemy/actor/lib/test/Maximum.tcl (RunTclFile)" time="0.037" />
  <testcase classname="ptolemy.util.test.junit.TclTests" name="[18] /home/travis/build/icyphy/ptII/ptolemy/actor/lib/test/Minimum.tcl (RunTclFile)" time="0.034" />
  <testcase classname="ptolemy.util.test.junit.TclTests" name="[19] /home/travis/build/icyphy/ptII/ptolemy/actor/lib/test/MultiplyDivide.tcl (RunTclFile)" time="0.043" />
  <testcase classname="ptolemy.util.test.junit.TclTests" name="[20] /home/travis/build/icyphy/ptII/ptolemy/actor/lib/test/OrderedMerge.tcl (RunTclFile)" time="0.117" />
  <testcase classname="ptolemy.util.test.junit.TclTests" name="[21] /home/travis/build/icyphy/ptII/ptolemy/actor/lib/test/Publisher.tcl (RunTclFile)" time="0.954" />
  <testcase classname="ptolemy.util.test.junit.TclTests" name="[22] /home/travis/build/icyphy/ptII/ptolemy/actor/lib/test/Pulse.tcl (RunTclFile)" time="0.074" />
  <testcase classname="ptolemy.util.test.junit.TclTests" name="[23] /home/travis/build/icyphy/ptII/ptolemy/actor/lib/test/Ramp.tcl (RunTclFile)" time="2.059" />
  <testcase classname="ptolemy.util.test.junit.TclTests" name="[24] /home/travis/build/icyphy/ptII/ptolemy/actor/lib/test/RampContinuous.tcl (RunTclFile)" time="0.027" />
  <testcase classname="ptolemy.util.test.junit.TclTests" name="[25] /home/travis/build/icyphy/ptII/ptolemy/actor/lib/test/RecordAssembler.tcl (RunTclFile)" time="0.021" />
  <testcase classname="ptolemy.util.test.junit.TclTests" name="[26] /home/travis/build/icyphy/ptII/ptolemy/actor/lib/test/RecordDisassembler.tcl (RunTclFile)" time="0.042" />
  <testcase classname="ptolemy.util.test.junit.TclTests" name="[27] /home/travis/build/icyphy/ptII/ptolemy/actor/lib/test/Scale.tcl (RunTclFile)" time="0.037" />
  <testcase classname="ptolemy.util.test.junit.TclTests" name="[28] /home/travis/build/icyphy/ptII/ptolemy/actor/lib/test/SequentialClock.tcl (RunTclFile)" time="0.014" />
  <testcase classname="ptolemy.util.test.junit.TclTests" name="[29] /home/travis/build/icyphy/ptII/ptolemy/actor/lib/test/SetVariable.tcl (RunTclFile)" time="0.01" />
  <testcase classname="ptolemy.util.test.junit.TclTests" name="[30] /home/travis/build/icyphy/ptII/ptolemy/actor/lib/test/Sinewave.tcl (RunTclFile)" time="0.057" />
  <testcase classname="ptolemy.util.test.junit.TclTests" name="[31] /home/travis/build/icyphy/ptII/ptolemy/actor/lib/test/SubscriptionAggregator.tcl (RunTclFile)" time="2.393" />
  <testcase classname="ptolemy.util.test.junit.TclTests" name="[32] /home/travis/build/icyphy/ptII/ptolemy/actor/lib/test/Test.tcl (RunTclFile)" time="0.097" />
  <testcase classname="ptolemy.util.test.junit.TclTests" name="[33] /home/travis/build/icyphy/ptII/ptolemy/actor/lib/test/TestExceptionHandler.tcl (RunTclFile)" time="0.012" />
  <testcase classname="ptolemy.util.test.junit.TclTests" name="[34] /home/travis/build/icyphy/ptII/ptolemy/actor/lib/test/UnionDisassembler.tcl (RunTclFile)" time="0.049" />
  <testcase classname="ptolemy.util.test.junit.TclTests" name="[35] /home/travis/build/icyphy/ptII/ptolemy/actor/lib/test/VariableClock.tcl (RunTclFile)" time="0.018" />
  <testcase classname="ptolemy.util.test.junit.AutoKnownFailedTests" name="[0] /home/travis/build/icyphy/ptII/ptolemy/actor/lib/test/auto/knownFailedTests/PublisherPortToplevelSubscriber.xml (RunModel)" time="0.036" />
  <testcase classname="ptolemy.util.test.junit.AutoKnownFailedTests" name="[1] /home/travis/build/icyphy/ptII/ptolemy/actor/lib/test/auto/knownFailedTests/PublisherSubscriberPortToplevel.xml (RunModel)" time="0.02" />
  <testcase classname="ptolemy.util.test.junit.AutoKnownFailedTests" name="[2] /home/travis/build/icyphy/ptII/ptolemy/actor/lib/test/auto/knownFailedTests/PublisherSubscriptionAggregatorPort.xml (RunModel)" time="0.024" />
  <testcase classname="ptolemy.util.test.junit.AutoKnownFailedTests" name="[3] /home/travis/build/icyphy/ptII/ptolemy/actor/lib/test/auto/knownFailedTests/sizedarray3.xml (RunModel)" time="0.027" />
  <testcase classname="ptolemy.util.test.junit.AutoNameArchTests" name="[0] ThereAreNoAutoArchTests (RunModel)" time="0.003" />
  <testcase classname="ptolemy.util.test.junit.AutoTests" name="[0] /home/travis/build/icyphy/ptII/ptolemy/actor/lib/test/auto/AbsoluteValue.xml (RunModel)" time="0.105" />
  <testcase classname="ptolemy.util.test.junit.AutoTests" name="[1] /home/travis/build/icyphy/ptII/ptolemy/actor/lib/test/auto/AbsoluteValue2.xml (RunModel)" time="0.053" />
  <testcase classname="ptolemy.util.test.junit.AutoTests" name="[2] /home/travis/build/icyphy/ptII/ptolemy/actor/lib/test/auto/Accumulator.xml (RunModel)" time="0.029" />
  <testcase classname="ptolemy.util.test.junit.AutoTests" name="[3] /home/travis/build/icyphy/ptII/ptolemy/actor/lib/test/auto/Accumulator2.xml (RunModel)" time="0.051" />
  <testcase classname="ptolemy.util.test.junit.AutoTests" name="[4] /home/travis/build/icyphy/ptII/ptolemy/actor/lib/test/auto/Accumulator3.xml (RunModel)" time="0.039" />
  <testcase classname="ptolemy.util.test.junit.AutoTests" name="[5] /home/travis/build/icyphy/ptII/ptolemy/actor/lib/test/auto/ArrayAppend.xml (RunModel)" time="0.067" />
  <testcase classname="ptolemy.util.test.junit.AutoTests" name="[6] /home/travis/build/icyphy/ptII/ptolemy/actor/lib/test/auto/ArrayAppend2.xml (RunModel)" time="0.429" />
  <testcase classname="ptolemy.util.test.junit.AutoTests" name="[7] /home/travis/build/icyphy/ptII/ptolemy/actor/lib/test/auto/ArrayAppend3.xml (RunModel)" time="0.036" />
  <testcase classname="ptolemy.util.test.junit.AutoTests" name="[8] /home/travis/build/icyphy/ptII/ptolemy/actor/lib/test/auto/ArrayAppend4.xml (RunModel)" time="0.021" />
  <testcase classname="ptolemy.util.test.junit.AutoTests" name="[9] /home/travis/build/icyphy/ptII/ptolemy/actor/lib/test/auto/ArrayAppend5.xml (RunModel)" time="0.028" />
  <testcase classname="ptolemy.util.test.junit.AutoTests" name="[10] /home/travis/build/icyphy/ptII/ptolemy/actor/lib/test/auto/ArrayAppend6.xml (RunModel)" time="0.021" />
  <testcase classname="ptolemy.util.test.junit.AutoTests" name="[11] /home/travis/build/icyphy/ptII/ptolemy/actor/lib/test/auto/ArrayAppendPerformanceTest.xml (RunModel)" time="0.081" />
  <testcase classname="ptolemy.util.test.junit.AutoTests" name="[12] /home/travis/build/icyphy/ptII/ptolemy/actor/lib/test/auto/ArrayAppendWithEmptyInput.xml (RunModel)" time="0.098" />
  <testcase classname="ptolemy.util.test.junit.AutoTests" name="[13] /home/travis/build/icyphy/ptII/ptolemy/actor/lib/test/auto/ArrayAverage.xml (RunModel)" time="0.073" />
  <testcase classname="ptolemy.util.test.junit.AutoTests" name="[14] /home/travis/build/icyphy/ptII/ptolemy/actor/lib/test/auto/ArrayContains.xml (RunModel)" time="0.045" />
  <testcase classname="ptolemy.util.test.junit.AutoTests" name="[15] /home/travis/build/icyphy/ptII/ptolemy/actor/lib/test/auto/ArrayElement.xml (RunModel)" time="0.037" />
  <testcase classname="ptolemy.util.test.junit.AutoTests" name="[16] /home/travis/build/icyphy/ptII/ptolemy/actor/lib/test/auto/ArrayElementAsMatrix.xml (RunModel)" time="0.067" />
  <testcase classname="ptolemy.util.test.junit.AutoTests" name="[17] /home/travis/build/icyphy/ptII/ptolemy/actor/lib/test/auto/ArrayElementI.xml (RunModel)" time="0.022" />
  <testcase classname="ptolemy.util.test.junit.AutoTests" name="[18] /home/travis/build/icyphy/ptII/ptolemy/actor/lib/test/auto/ArrayExtract.xml (RunModel)" time="0.048" />
  <testcase classname="ptolemy.util.test.junit.AutoTests" name="[19] /home/travis/build/icyphy/ptII/ptolemy/actor/lib/test/auto/ArrayExtract2.xml (RunModel)" time="0.02" />
  <testcase classname="ptolemy.util.test.junit.AutoTests" name="[20] /home/travis/build/icyphy/ptII/ptolemy/actor/lib/test/auto/ArrayLength.xml (RunModel)" time="0.026" />
  <testcase classname="ptolemy.util.test.junit.AutoTests" name="[21] /home/travis/build/icyphy/ptII/ptolemy/actor/lib/test/auto/ArrayLevelCrossing.xml (RunModel)" time="0.03" />
  <testcase classname="ptolemy.util.test.junit.AutoTests" name="[22] /home/travis/build/icyphy/ptII/ptolemy/actor/lib/test/auto/ArrayLevelCrossing2.xml (RunModel)" time="0.025" />
  <testcase classname="ptolemy.util.test.junit.AutoTests" name="[23] /home/travis/build/icyphy/ptII/ptolemy/actor/lib/test/auto/ArrayPeakSearch.xml (RunModel)" time="0.029" />
  <testcase classname="ptolemy.util.test.junit.AutoTests" name="[24] /home/travis/build/icyphy/ptII/ptolemy/actor/lib/test/auto/ArrayPeakSearch2.xml (RunModel)" time="0.032" />
  <testcase classname="ptolemy.util.test.junit.AutoTests" name="[25] /home/travis/build/icyphy/ptII/ptolemy/actor/lib/test/auto/ArrayPeakSearch3.xml (RunModel)" time="0.029" />
  <testcase classname="ptolemy.util.test.junit.AutoTests" name="[26] /home/travis/build/icyphy/ptII/ptolemy/actor/lib/test/auto/ArrayRemoveElement.xml (RunModel)" time="0.032" />
  <testcase classname="ptolemy.util.test.junit.AutoTests" name="[27] /home/travis/build/icyphy/ptII/ptolemy/actor/lib/test/auto/ArraySort.xml (RunModel)" time="0.031" />
  <testcase classname="ptolemy.util.test.junit.AutoTests" name="[28] /home/travis/build/icyphy/ptII/ptolemy/actor/lib/test/auto/ArraySum.xml (RunModel)" time="0.016" />
  <testcase classname="ptolemy.util.test.junit.AutoTests" name="[29] /home/travis/build/icyphy/ptII/ptolemy/actor/lib/test/auto/ArrayToElements.xml (RunModel)" time="0.019" />
  <testcase classname="ptolemy.util.test.junit.AutoTests" name="[30] /home/travis/build/icyphy/ptII/ptolemy/actor/lib/test/auto/ArrayToMatrix.xml (RunModel)" time="0.049" />
  <testcase classname="ptolemy.util.test.junit.AutoTests" name="[31] /home/travis/build/icyphy/ptII/ptolemy/actor/lib/test/auto/ArrayUpdate1.xml (RunModel)" time="0.017" />
  <testcase classname="ptolemy.util.test.junit.AutoTests" name="[32] /home/travis/build/icyphy/ptII/ptolemy/actor/lib/test/auto/ArrayUpdate2.xml (RunModel)" time="0.019" />
  <testcase classname="ptolemy.util.test.junit.AutoTests" name="[33] /home/travis/build/icyphy/ptII/ptolemy/actor/lib/test/auto/ArrayUpdate3.xml (RunModel)" time="0.017" />
  <testcase classname="ptolemy.util.test.junit.AutoTests" name="[34] /home/travis/build/icyphy/ptII/ptolemy/actor/lib/test/auto/Assert1.xml (RunModel)" time="0.026" />
  <testcase classname="ptolemy.util.test.junit.AutoTests" name="[35] /home/travis/build/icyphy/ptII/ptolemy/actor/lib/test/auto/Assert2.xml (RunModel)" time="0.018" />
  <testcase classname="ptolemy.util.test.junit.AutoTests" name="[36] /home/travis/build/icyphy/ptII/ptolemy/actor/lib/test/auto/BooleanMultiplexor.xml (RunModel)" time="0.024" />
  <testcase classname="ptolemy.util.test.junit.AutoTests" name="[37] /home/travis/build/icyphy/ptII/ptolemy/actor/lib/test/auto/BooleanMultiplexor2.xml (RunModel)" time="0.027" />
  <testcase classname="ptolemy.util.test.junit.AutoTests" name="[38] /home/travis/build/icyphy/ptII/ptolemy/actor/lib/test/auto/BooleanMultiplexor3.xml (RunModel)" time="0.018" />
  <testcase classname="ptolemy.util.test.junit.AutoTests" name="[39] /home/travis/build/icyphy/ptII/ptolemy/actor/lib/test/auto/BooleanSelect.xml (RunModel)" time="0.028" />
  <testcase classname="ptolemy.util.test.junit.AutoTests" name="[40] /home/travis/build/icyphy/ptII/ptolemy/actor/lib/test/auto/BooleanSelect2.xml (RunModel)" time="0.025" />
  <testcase classname="ptolemy.util.test.junit.AutoTests" name="[41] /home/travis/build/icyphy/ptII/ptolemy/actor/lib/test/auto/BooleanSwitch.xml (RunModel)" time="0.024" />
  <testcase classname="ptolemy.util.test.junit.AutoTests" name="[42] /home/travis/build/icyphy/ptII/ptolemy/actor/lib/test/auto/BooleanSwitch2.xml (RunModel)" time="0.018" />
  <testcase classname="ptolemy.util.test.junit.AutoTests" name="[43] /home/travis/build/icyphy/ptII/ptolemy/actor/lib/test/auto/BooleanSwitchCloningBugWithClassRelationGroup.xml (RunModel)" time="0.031" />
  <testcase classname="ptolemy.util.test.junit.AutoTests" name="[44] /home/travis/build/icyphy/ptII/ptolemy/actor/lib/test/auto/BusActors.xml (RunModel)" time="0.046" />
  <testcase classname="ptolemy.util.test.junit.AutoTests" name="[45] /home/travis/build/icyphy/ptII/ptolemy/actor/lib/test/auto/ClassWrapper.xml (RunModel)" time="0.027" />
  <testcase classname="ptolemy.util.test.junit.AutoTests" name="[46] /home/travis/build/icyphy/ptII/ptolemy/actor/lib/test/auto/Clock.xml (RunModel)" time="0.014" />
  <testcase classname="ptolemy.util.test.junit.AutoTests" name="[47] /home/travis/build/icyphy/ptII/ptolemy/actor/lib/test/auto/Clock10.xml (RunModel)" time="0.017" />
  <testcase classname="ptolemy.util.test.junit.AutoTests" name="[48] /home/travis/build/icyphy/ptII/ptolemy/actor/lib/test/auto/Clock11.xml (RunModel)" time="0.02" />
  <testcase classname="ptolemy.util.test.junit.AutoTests" name="[49] /home/travis/build/icyphy/ptII/ptolemy/actor/lib/test/auto/Clock12.xml (RunModel)" time="0.027" />
  <testcase classname="ptolemy.util.test.junit.AutoTests" name="[50] /home/travis/build/icyphy/ptII/ptolemy/actor/lib/test/auto/Clock13.xml (RunModel)" time="0.019" />
  <testcase classname="ptolemy.util.test.junit.AutoTests" name="[51] /home/travis/build/icyphy/ptII/ptolemy/actor/lib/test/auto/Clock14.xml (RunModel)" time="0.021" />
  <testcase classname="ptolemy.util.test.junit.AutoTests" name="[52] /home/travis/build/icyphy/ptII/ptolemy/actor/lib/test/auto/Clock15.xml (RunModel)" time="0.017" />
  <testcase classname="ptolemy.util.test.junit.AutoTests" name="[53] /home/travis/build/icyphy/ptII/ptolemy/actor/lib/test/auto/Clock16.xml (RunModel)" time="0.091" />
  <testcase classname="ptolemy.util.test.junit.AutoTests" name="[54] /home/travis/build/icyphy/ptII/ptolemy/actor/lib/test/auto/Clock17.xml (RunModel)" time="0.067" />
  <testcase classname="ptolemy.util.test.junit.AutoTests" name="[55] /home/travis/build/icyphy/ptII/ptolemy/actor/lib/test/auto/Clock18.xml (RunModel)" time="0.036" />
  <testcase classname="ptolemy.util.test.junit.AutoTests" name="[56] /home/travis/build/icyphy/ptII/ptolemy/actor/lib/test/auto/Clock19.xml (RunModel)" time="0.091" />
  <testcase classname="ptolemy.util.test.junit.AutoTests" name="[57] /home/travis/build/icyphy/ptII/ptolemy/actor/lib/test/auto/Clock2.xml (RunModel)" time="0.014" />
  <testcase classname="ptolemy.util.test.junit.AutoTests" name="[58] /home/travis/build/icyphy/ptII/ptolemy/actor/lib/test/auto/Clock20.xml (RunModel)" time="0.023" />
  <testcase classname="ptolemy.util.test.junit.AutoTests" name="[59] /home/travis/build/icyphy/ptII/ptolemy/actor/lib/test/auto/Clock21.xml (RunModel)" time="0.02" />
  <testcase classname="ptolemy.util.test.junit.AutoTests" name="[60] /home/travis/build/icyphy/ptII/ptolemy/actor/lib/test/auto/Clock22.xml (RunModel)" time="0.019" />
  <testcase classname="ptolemy.util.test.junit.AutoTests" name="[61] /home/travis/build/icyphy/ptII/ptolemy/actor/lib/test/auto/Clock23.xml (RunModel)" time="0.019" />
  <testcase classname="ptolemy.util.test.junit.AutoTests" name="[62] /home/travis/build/icyphy/ptII/ptolemy/actor/lib/test/auto/Clock24.xml (RunModel)" time="0.018" />
  <testcase classname="ptolemy.util.test.junit.AutoTests" name="[63] /home/travis/build/icyphy/ptII/ptolemy/actor/lib/test/auto/Clock4.xml (RunModel)" time="0.014" />
  <testcase classname="ptolemy.util.test.junit.AutoTests" name="[64] /home/travis/build/icyphy/ptII/ptolemy/actor/lib/test/auto/Clock5.xml (RunModel)" time="0.014" />
  <testcase classname="ptolemy.util.test.junit.AutoTests" name="[65] /home/travis/build/icyphy/ptII/ptolemy/actor/lib/test/auto/Clock6.xml (RunModel)" time="0.016" />
  <testcase classname="ptolemy.util.test.junit.AutoTests" name="[66] /home/travis/build/icyphy/ptII/ptolemy/actor/lib/test/auto/Clock7.xml (RunModel)" time="0.013" />
  <testcase classname="ptolemy.util.test.junit.AutoTests" name="[67] /home/travis/build/icyphy/ptII/ptolemy/actor/lib/test/auto/Clock8.xml (RunModel)" time="0.016" />
  <testcase classname="ptolemy.util.test.junit.AutoTests" name="[68] /home/travis/build/icyphy/ptII/ptolemy/actor/lib/test/auto/Clock9.xml (RunModel)" time="0.018" />
  <testcase classname="ptolemy.util.test.junit.AutoTests" name="[69] /home/travis/build/icyphy/ptII/ptolemy/actor/lib/test/auto/CommDistDiscard.xml (RunModel)" time="0.025" />
  <testcase classname="ptolemy.util.test.junit.AutoTests" name="[70] /home/travis/build/icyphy/ptII/ptolemy/actor/lib/test/auto/Commutator.xml (RunModel)" time="0.018" />
  <testcase classname="ptolemy.util.test.junit.AutoTests" name="[71] /home/travis/build/icyphy/ptII/ptolemy/actor/lib/test/auto/Commutator2.xml (RunModel)" time="0.012" />
  <testcase classname="ptolemy.util.test.junit.AutoTests" name="[72] /home/travis/build/icyphy/ptII/ptolemy/actor/lib/test/auto/Commutator3.xml (RunModel)" time="0.015" />
  <testcase classname="ptolemy.util.test.junit.AutoTests" name="[73] /home/travis/build/icyphy/ptII/ptolemy/actor/lib/test/auto/Compare.xml (RunModel)" time="0.022" />
  <testcase classname="ptolemy.util.test.junit.AutoTests" name="[74] /home/travis/build/icyphy/ptII/ptolemy/actor/lib/test/auto/CompareDE.xml (RunModel)" time="0.024" />
  <testcase classname="ptolemy.util.test.junit.AutoTests" name="[75] /home/travis/build/icyphy/ptII/ptolemy/actor/lib/test/auto/ComplexDivide.xml (RunModel)" time="0.011" />
  <testcase classname="ptolemy.util.test.junit.AutoTests" name="[76] /home/travis/build/icyphy/ptII/ptolemy/actor/lib/test/auto/ComputeHistogram.xml (RunModel)" time="0.081" />
  <testcase classname="ptolemy.util.test.junit.AutoTests" name="[77] /home/travis/build/icyphy/ptII/ptolemy/actor/lib/test/auto/ConfigurationSelect.xml (RunModel)" time="0.025" />
  <testcase classname="ptolemy.util.test.junit.AutoTests" name="[78] /home/travis/build/icyphy/ptII/ptolemy/actor/lib/test/auto/ConfigurationSelect2.xml (RunModel)" time="0.013" />
  <testcase classname="ptolemy.util.test.junit.AutoTests" name="[79] /home/travis/build/icyphy/ptII/ptolemy/actor/lib/test/auto/ConfigurationSwitch.xml (RunModel)" time="0.03" />
  <testcase classname="ptolemy.util.test.junit.AutoTests" name="[80] /home/travis/build/icyphy/ptII/ptolemy/actor/lib/test/auto/ConfigurationSwitch2.xml (RunModel)" time="0.017" />
  <testcase classname="ptolemy.util.test.junit.AutoTests" name="[81] /home/travis/build/icyphy/ptII/ptolemy/actor/lib/test/auto/ConfigurationSwitchCloningBugWithClassRelationGroup.xml (RunModel)" time="0.026" />
  <testcase classname="ptolemy.util.test.junit.AutoTests" name="[82] /home/travis/build/icyphy/ptII/ptolemy/actor/lib/test/auto/ConfigurationSwitchSelectSDF.xml (RunModel)" time="0.019" />
  <testcase classname="ptolemy.util.test.junit.AutoTests" name="[83] /home/travis/build/icyphy/ptII/ptolemy/actor/lib/test/auto/ConfigurationSwitchSelectSDF2.xml (RunModel)" time="0.016" />
  <testcase classname="ptolemy.util.test.junit.AutoTests" name="[84] /home/travis/build/icyphy/ptII/ptolemy/actor/lib/test/auto/Const.xml (RunModel)" time="0.009" />
  <testcase classname="ptolemy.util.test.junit.AutoTests" name="[85] /home/travis/build/icyphy/ptII/ptolemy/actor/lib/test/auto/Const2.xml (RunModel)" time="0.012" />
  <testcase classname="ptolemy.util.test.junit.AutoTests" name="[86] /home/travis/build/icyphy/ptII/ptolemy/actor/lib/test/auto/Const3.xml (RunModel)" time="0.009" />
  <testcase classname="ptolemy.util.test.junit.AutoTests" name="[87] /home/travis/build/icyphy/ptII/ptolemy/actor/lib/test/auto/ConstantPublisherPort1.xml (RunModel)" time="0.029" />
  <testcase classname="ptolemy.util.test.junit.AutoTests" name="[88] /home/travis/build/icyphy/ptII/ptolemy/actor/lib/test/auto/ConstantPublisherPort2.xml (RunModel)" time="0.03" />
  <testcase classname="ptolemy.util.test.junit.AutoTests" name="[89] /home/travis/build/icyphy/ptII/ptolemy/actor/lib/test/auto/ConstantPublisherPort3.xml (RunModel)" time="0.034" />
  <testcase classname="ptolemy.util.test.junit.AutoTests" name="[90] /home/travis/build/icyphy/ptII/ptolemy/actor/lib/test/auto/ConstantPublisherPort4.xml (RunModel)" time="0.026" />
  <testcase classname="ptolemy.util.test.junit.AutoTests" name="[91] /home/travis/build/icyphy/ptII/ptolemy/actor/lib/test/auto/ConstantPublisherPort5.xml (RunModel)" time="0.051" />
  <testcase classname="ptolemy.util.test.junit.AutoTests" name="[92] /home/travis/build/icyphy/ptII/ptolemy/actor/lib/test/auto/ConstantPublisherPort6.xml (RunModel)" time="0.033" />
  <testcase classname="ptolemy.util.test.junit.AutoTests" name="[93] /home/travis/build/icyphy/ptII/ptolemy/actor/lib/test/auto/ConstantPublisherPort7.xml (RunModel)" time="0.075" />
  <testcase classname="ptolemy.util.test.junit.AutoTests" name="[94] /home/travis/build/icyphy/ptII/ptolemy/actor/lib/test/auto/ConstraintMonitor1.xml (RunModel)" time="0.049" />
  <testcase classname="ptolemy.util.test.junit.AutoTests" name="[95] /home/travis/build/icyphy/ptII/ptolemy/actor/lib/test/auto/ConstraintMonitor2.xml (RunModel)" time="0.018" />
  <testcase classname="ptolemy.util.test.junit.AutoTests" name="[96] /home/travis/build/icyphy/ptII/ptolemy/actor/lib/test/auto/ConstraintMonitor3.xml (RunModel)" time="0.017" />
  <testcase classname="ptolemy.util.test.junit.AutoTests" name="[97] /home/travis/build/icyphy/ptII/ptolemy/actor/lib/test/auto/ConstraintMonitor4.xml (RunModel)" time="0.01" />
  <testcase classname="ptolemy.util.test.junit.AutoTests" name="[98] /home/travis/build/icyphy/ptII/ptolemy/actor/lib/test/auto/ConstraintMonitor5.xml (RunModel)" time="0.021" />
  <testcase classname="ptolemy.util.test.junit.AutoTests" name="[99] /home/travis/build/icyphy/ptII/ptolemy/actor/lib/test/auto/ConstraintMonitor6.xml (RunModel)" time="0.015" />
  <testcase classname="ptolemy.util.test.junit.AutoTests" name="[100] /home/travis/build/icyphy/ptII/ptolemy/actor/lib/test/auto/ConstraintMonitor7.xml (RunModel)" time="0.02" />
  <testcase classname="ptolemy.util.test.junit.AutoTests" name="[101] /home/travis/build/icyphy/ptII/ptolemy/actor/lib/test/auto/ConstraintMonitor8.xml (RunModel)" time="0.021" />
  <testcase classname="ptolemy.util.test.junit.AutoTests" name="[102] /home/travis/build/icyphy/ptII/ptolemy/actor/lib/test/auto/Counter.xml (RunModel)" time="0.018" />
  <testcase classname="ptolemy.util.test.junit.AutoTests" name="[103] /home/travis/build/icyphy/ptII/ptolemy/actor/lib/test/auto/CurrentTimeSDF.xml (RunModel)" time="0.01" />
  <testcase classname="ptolemy.util.test.junit.AutoTests" name="[104] /home/travis/build/icyphy/ptII/ptolemy/actor/lib/test/auto/DB.xml (RunModel)" time="0.015" />
  <testcase classname="ptolemy.util.test.junit.AutoTests" name="[105] /home/travis/build/icyphy/ptII/ptolemy/actor/lib/test/auto/DBDE.xml (RunModel)" time="0.017" />
  <testcase classname="ptolemy.util.test.junit.AutoTests" name="[106] /home/travis/build/icyphy/ptII/ptolemy/actor/lib/test/auto/DateConstructor.xml (RunModel)" time="0.076" />
  <testcase classname="ptolemy.util.test.junit.AutoTests" name="[107] /home/travis/build/icyphy/ptII/ptolemy/actor/lib/test/auto/DelayTime.xml (RunModel)" time="0.019" />
  <testcase classname="ptolemy.util.test.junit.AutoTests" name="[108] /home/travis/build/icyphy/ptII/ptolemy/actor/lib/test/auto/Dictionary1.xml (RunModel)" time="0.025" />
  <testcase classname="ptolemy.util.test.junit.AutoTests" name="[109] /home/travis/build/icyphy/ptII/ptolemy/actor/lib/test/auto/Dictionary2.xml (RunModel)" time="0.017" />
  <testcase classname="ptolemy.util.test.junit.AutoTests" name="[110] /home/travis/build/icyphy/ptII/ptolemy/actor/lib/test/auto/Dictionary3.xml (RunModel)" time="0.012" />
  <testcase classname="ptolemy.util.test.junit.AutoTests" name="[111] /home/travis/build/icyphy/ptII/ptolemy/actor/lib/test/auto/Dictionary4.xml (RunModel)" time="0.019" />
  <testcase classname="ptolemy.util.test.junit.AutoTests" name="[112] /home/travis/build/icyphy/ptII/ptolemy/actor/lib/test/auto/Differential.xml (RunModel)" time="0.012" />
  <testcase classname="ptolemy.util.test.junit.AutoTests" name="[113] /home/travis/build/icyphy/ptII/ptolemy/actor/lib/test/auto/Director.xml (RunModel)" time="0.013" />
  <testcase classname="ptolemy.util.test.junit.AutoTests" name="[114] /home/travis/build/icyphy/ptII/ptolemy/actor/lib/test/auto/DiscreteClock.xml (RunModel)" time="0.009" />
  <testcase classname="ptolemy.util.test.junit.AutoTests" name="[115] /home/travis/build/icyphy/ptII/ptolemy/actor/lib/test/auto/DiscreteClock10.xml (RunModel)" time="0.013" />
  <testcase classname="ptolemy.util.test.junit.AutoTests" name="[116] /home/travis/build/icyphy/ptII/ptolemy/actor/lib/test/auto/DiscreteClock11.xml (RunModel)" time="0.012" />
  <testcase classname="ptolemy.util.test.junit.AutoTests" name="[117] /home/travis/build/icyphy/ptII/ptolemy/actor/lib/test/auto/DiscreteClock12.xml (RunModel)" time="0.014" />
  <testcase classname="ptolemy.util.test.junit.AutoTests" name="[118] /home/travis/build/icyphy/ptII/ptolemy/actor/lib/test/auto/DiscreteClock13.xml (RunModel)" time="0.018" />
  <testcase classname="ptolemy.util.test.junit.AutoTests" name="[119] /home/travis/build/icyphy/ptII/ptolemy/actor/lib/test/auto/DiscreteClock14.xml (RunModel)" time="0.018" />
  <testcase classname="ptolemy.util.test.junit.AutoTests" name="[120] /home/travis/build/icyphy/ptII/ptolemy/actor/lib/test/auto/DiscreteClock15.xml (RunModel)" time="0.019" />
  <testcase classname="ptolemy.util.test.junit.AutoTests" name="[121] /home/travis/build/icyphy/ptII/ptolemy/actor/lib/test/auto/DiscreteClock16.xml (RunModel)" time="0.046" />
  <testcase classname="ptolemy.util.test.junit.AutoTests" name="[122] /home/travis/build/icyphy/ptII/ptolemy/actor/lib/test/auto/DiscreteClock17.xml (RunModel)" time="0.04" />
  <testcase classname="ptolemy.util.test.junit.AutoTests" name="[123] /home/travis/build/icyphy/ptII/ptolemy/actor/lib/test/auto/DiscreteClock18.xml (RunModel)" time="0.05" />
  <testcase classname="ptolemy.util.test.junit.AutoTests" name="[124] /home/travis/build/icyphy/ptII/ptolemy/actor/lib/test/auto/DiscreteClock19.xml (RunModel)" time="0.057" />
  <testcase classname="ptolemy.util.test.junit.AutoTests" name="[125] /home/travis/build/icyphy/ptII/ptolemy/actor/lib/test/auto/DiscreteClock2.xml (RunModel)" time="0.016" />
  <testcase classname="ptolemy.util.test.junit.AutoTests" name="[126] /home/travis/build/icyphy/ptII/ptolemy/actor/lib/test/auto/DiscreteClock20.xml (RunModel)" time="0.024" />
  <testcase classname="ptolemy.util.test.junit.AutoTests" name="[127] /home/travis/build/icyphy/ptII/ptolemy/actor/lib/test/auto/DiscreteClock21.xml (RunModel)" time="0.016" />
  <testcase classname="ptolemy.util.test.junit.AutoTests" name="[128] /home/travis/build/icyphy/ptII/ptolemy/actor/lib/test/auto/DiscreteClock22.xml (RunModel)" time="0.014" />
  <testcase classname="ptolemy.util.test.junit.AutoTests" name="[129] /home/travis/build/icyphy/ptII/ptolemy/actor/lib/test/auto/DiscreteClock23.xml (RunModel)" time="0.016" />
  <testcase classname="ptolemy.util.test.junit.AutoTests" name="[130] /home/travis/build/icyphy/ptII/ptolemy/actor/lib/test/auto/DiscreteClock24.xml (RunModel)" time="0.014" />
  <testcase classname="ptolemy.util.test.junit.AutoTests" name="[131] /home/travis/build/icyphy/ptII/ptolemy/actor/lib/test/auto/DiscreteClock4.xml (RunModel)" time="0.013" />
  <testcase classname="ptolemy.util.test.junit.AutoTests" name="[132] /home/travis/build/icyphy/ptII/ptolemy/actor/lib/test/auto/DiscreteClock5.xml (RunModel)" time="0.011" />
  <testcase classname="ptolemy.util.test.junit.AutoTests" name="[133] /home/travis/build/icyphy/ptII/ptolemy/actor/lib/test/auto/DiscreteClock6.xml (RunModel)" time="0.012" />
  <testcase classname="ptolemy.util.test.junit.AutoTests" name="[134] /home/travis/build/icyphy/ptII/ptolemy/actor/lib/test/auto/DiscreteClock7.xml (RunModel)" time="0.011" />
  <testcase classname="ptolemy.util.test.junit.AutoTests" name="[135] /home/travis/build/icyphy/ptII/ptolemy/actor/lib/test/auto/DiscreteClock8.xml (RunModel)" time="0.028" />
  <testcase classname="ptolemy.util.test.junit.AutoTests" name="[136] /home/travis/build/icyphy/ptII/ptolemy/actor/lib/test/auto/DiscreteClock9.xml (RunModel)" time="0.056" />
  <testcase classname="ptolemy.util.test.junit.AutoTests" name="[137] /home/travis/build/icyphy/ptII/ptolemy/actor/lib/test/auto/DisplayArray.xml (RunModel)" time="0.015" />
  <testcase classname="ptolemy.util.test.junit.AutoTests" name="[138] /home/travis/build/icyphy/ptII/ptolemy/actor/lib/test/auto/Distributor.xml (RunModel)" time="0.009" />
  <testcase classname="ptolemy.util.test.junit.AutoTests" name="[139] /home/travis/build/icyphy/ptII/ptolemy/actor/lib/test/auto/Distributor2.xml (RunModel)" time="0.01" />
  <testcase classname="ptolemy.util.test.junit.AutoTests" name="[140] /home/travis/build/icyphy/ptII/ptolemy/actor/lib/test/auto/DownSample.xml (RunModel)" time="0.012" />
  <testcase classname="ptolemy.util.test.junit.AutoTests" name="[141] /home/travis/build/icyphy/ptII/ptolemy/actor/lib/test/auto/ElectronicUnitBase1.xml (RunModel)" time="0.054" />
  <testcase classname="ptolemy.util.test.junit.AutoTests" name="[142] /home/travis/build/icyphy/ptII/ptolemy/actor/lib/test/auto/ElementsToArray.xml (RunModel)" time="0.011" />
  <testcase classname="ptolemy.util.test.junit.AutoTests" name="[143] /home/travis/build/icyphy/ptII/ptolemy/actor/lib/test/auto/Equals.xml (RunModel)" time="0.014" />
  <testcase classname="ptolemy.util.test.junit.AutoTests" name="[144] /home/travis/build/icyphy/ptII/ptolemy/actor/lib/test/auto/Exec.xml (RunModel)" time="0.032" />
  <testcase classname="ptolemy.util.test.junit.AutoTests" name="[145] /home/travis/build/icyphy/ptII/ptolemy/actor/lib/test/auto/ExecEnvironment.xml (RunModel)" time="0.037" />
  <testcase classname="ptolemy.util.test.junit.AutoTests" name="[146] /home/travis/build/icyphy/ptII/ptolemy/actor/lib/test/auto/ExecNonZeroReturnOutput.xml (RunModel)" time="0.199" />
  <testcase classname="ptolemy.util.test.junit.AutoTests" name="[147] /home/travis/build/icyphy/ptII/ptolemy/actor/lib/test/auto/ExecRunDemos.xml (RunModel)" time="11.078" />
  <testcase classname="ptolemy.util.test.junit.AutoTests" name="[148] /home/travis/build/icyphy/ptII/ptolemy/actor/lib/test/auto/ExecStop.xml (RunModel)" time="5.033" />
  <testcase classname="ptolemy.util.test.junit.AutoTests" name="[149] /home/travis/build/icyphy/ptII/ptolemy/actor/lib/test/auto/ExecutionTimeSDF.xml (RunModel)" time="6.032" />
  <testcase classname="ptolemy.util.test.junit.AutoTests" name="[150] /home/travis/build/icyphy/ptII/ptolemy/actor/lib/test/auto/Expression1.xml (RunModel)" time="0.018" />
  <testcase classname="ptolemy.util.test.junit.AutoTests" name="[151] /home/travis/build/icyphy/ptII/ptolemy/actor/lib/test/auto/Expression10.xml (RunModel)" time="0.016" />
  <testcase classname="ptolemy.util.test.junit.AutoTests" name="[152] /home/travis/build/icyphy/ptII/ptolemy/actor/lib/test/auto/Expression11.xml (RunModel)" time="0.011" />
  <testcase classname="ptolemy.util.test.junit.AutoTests" name="[153] /home/travis/build/icyphy/ptII/ptolemy/actor/lib/test/auto/Expression12.xml (RunModel)" time="0.015" />
  <testcase classname="ptolemy.util.test.junit.AutoTests" name="[154] /home/travis/build/icyphy/ptII/ptolemy/actor/lib/test/auto/Expression13.xml (RunModel)" time="0.017" />
  <testcase classname="ptolemy.util.test.junit.AutoTests" name="[155] /home/travis/build/icyphy/ptII/ptolemy/actor/lib/test/auto/Expression14.xml (RunModel)" time="0.016" />
  <testcase classname="ptolemy.util.test.junit.AutoTests" name="[156] /home/travis/build/icyphy/ptII/ptolemy/actor/lib/test/auto/Expression15.xml (RunModel)" time="0.007" />
  <testcase classname="ptolemy.util.test.junit.AutoTests" name="[157] /home/travis/build/icyphy/ptII/ptolemy/actor/lib/test/auto/Expression16.xml (RunModel)" time="0.015" />
  <testcase classname="ptolemy.util.test.junit.AutoTests" name="[158] /home/travis/build/icyphy/ptII/ptolemy/actor/lib/test/auto/Expression17.xml (RunModel)" time="0.011" />
  <testcase classname="ptolemy.util.test.junit.AutoTests" name="[159] /home/travis/build/icyphy/ptII/ptolemy/actor/lib/test/auto/Expression18.xml (RunModel)" time="0.011" />
  <testcase classname="ptolemy.util.test.junit.AutoTests" name="[160] /home/travis/build/icyphy/ptII/ptolemy/actor/lib/test/auto/Expression2.xml (RunModel)" time="0.046" />
  <testcase classname="ptolemy.util.test.junit.AutoTests" name="[161] /home/travis/build/icyphy/ptII/ptolemy/actor/lib/test/auto/Expression3.xml (RunModel)" time="0.013" />
  <testcase classname="ptolemy.util.test.junit.AutoTests" name="[162] /home/travis/build/icyphy/ptII/ptolemy/actor/lib/test/auto/Expression4.xml (RunModel)" time="0.017" />
  <testcase classname="ptolemy.util.test.junit.AutoTests" name="[163] /home/travis/build/icyphy/ptII/ptolemy/actor/lib/test/auto/Expression5.xml (RunModel)" time="0.017" />
  <testcase classname="ptolemy.util.test.junit.AutoTests" name="[164] /home/travis/build/icyphy/ptII/ptolemy/actor/lib/test/auto/Expression6.xml (RunModel)" time="0.01" />
  <testcase classname="ptolemy.util.test.junit.AutoTests" name="[165] /home/travis/build/icyphy/ptII/ptolemy/actor/lib/test/auto/Expression7.xml (RunModel)" time="0.012" />
  <testcase classname="ptolemy.util.test.junit.AutoTests" name="[166] /home/travis/build/icyphy/ptII/ptolemy/actor/lib/test/auto/Expression8.xml (RunModel)" time="0.015" />
  <testcase classname="ptolemy.util.test.junit.AutoTests" name="[167] /home/travis/build/icyphy/ptII/ptolemy/actor/lib/test/auto/Expression9.xml (RunModel)" time="0.007" />
  <testcase classname="ptolemy.util.test.junit.AutoTests" name="[168] /home/travis/build/icyphy/ptII/ptolemy/actor/lib/test/auto/ExpressionConcatenateArrayType.xml (RunModel)" time="0.031" />
  <testcase classname="ptolemy.util.test.junit.AutoTests" name="[169] /home/travis/build/icyphy/ptII/ptolemy/actor/lib/test/auto/ExpressionConcatenateArrayType2.xml (RunModel)" time="0.021" />
  <testcase classname="ptolemy.util.test.junit.AutoTests" name="[170] /home/travis/build/icyphy/ptII/ptolemy/actor/lib/test/auto/ExpressionFix.xml (RunModel)" time="0.03" />
  <testcase classname="ptolemy.util.test.junit.AutoTests" name="[171] /home/travis/build/icyphy/ptII/ptolemy/actor/lib/test/auto/ExpressionFix2.xml (RunModel)" time="0.01" />
  <testcase classname="ptolemy.util.test.junit.AutoTests" name="[172] /home/travis/build/icyphy/ptII/ptolemy/actor/lib/test/auto/ExpressionFix3.xml (RunModel)" time="0.012" />
  <testcase classname="ptolemy.util.test.junit.AutoTests" name="[173] /home/travis/build/icyphy/ptII/ptolemy/actor/lib/test/auto/FileWriter1.xml (RunModel)" time="0.01" />
  <testcase classname="ptolemy.util.test.junit.AutoTests" name="[174] /home/travis/build/icyphy/ptII/ptolemy/actor/lib/test/auto/FileWriter2.xml (RunModel)" time="0.013" />
  <testcase classname="ptolemy.util.test.junit.AutoTests" name="[175] /home/travis/build/icyphy/ptII/ptolemy/actor/lib/test/auto/FileWriter3.xml (RunModel)" time="0.011" />
  <testcase classname="ptolemy.util.test.junit.AutoTests" name="[176] /home/travis/build/icyphy/ptII/ptolemy/actor/lib/test/auto/Gaussian.xml (RunModel)" time="0.013" />
  <testcase classname="ptolemy.util.test.junit.AutoTests" name="[177] /home/travis/build/icyphy/ptII/ptolemy/actor/lib/test/auto/Gaussian1.xml (RunModel)" time="0.025" />
  <testcase classname="ptolemy.util.test.junit.AutoTests" name="[178] /home/travis/build/icyphy/ptII/ptolemy/actor/lib/test/auto/Gaussian2.xml (RunModel)" time="0.021" />
  <testcase classname="ptolemy.util.test.junit.AutoTests" name="[179] /home/travis/build/icyphy/ptII/ptolemy/actor/lib/test/auto/GradientAdaptiveLattice.xml (RunModel)" time="0.019" />
  <testcase classname="ptolemy.util.test.junit.AutoTests" name="[180] /home/travis/build/icyphy/ptII/ptolemy/actor/lib/test/auto/IIR.xml (RunModel)" time="0.012" />
  <testcase classname="ptolemy.util.test.junit.AutoTests" name="[181] /home/travis/build/icyphy/ptII/ptolemy/actor/lib/test/auto/InputOutputTransparentPorts.xml (RunModel)" time="0.02" />
  <testcase classname="ptolemy.util.test.junit.AutoTests" name="[182] /home/travis/build/icyphy/ptII/ptolemy/actor/lib/test/auto/Interpolator.xml (RunModel)" time="0.012" />
  <testcase classname="ptolemy.util.test.junit.AutoTests" name="[183] /home/travis/build/icyphy/ptII/ptolemy/actor/lib/test/auto/InterpolatorFiringLimitDE.xml (RunModel)" time="0.016" />
  <testcase classname="ptolemy.util.test.junit.AutoTests" name="[184] /home/travis/build/icyphy/ptII/ptolemy/actor/lib/test/auto/Lattice.xml (RunModel)" time="0.013" />
  <testcase classname="ptolemy.util.test.junit.AutoTests" name="[185] /home/travis/build/icyphy/ptII/ptolemy/actor/lib/test/auto/LazyAOCTestLazy.xml (RunModel)" time="0.032" />
  <testcase classname="ptolemy.util.test.junit.AutoTests" name="[186] /home/travis/build/icyphy/ptII/ptolemy/actor/lib/test/auto/LazyAOCTestNonLazy.xml (RunModel)" time="0.017" />
  <testcase classname="ptolemy.util.test.junit.AutoTests" name="[187] /home/travis/build/icyphy/ptII/ptolemy/actor/lib/test/auto/LazyInnerClass.xml (RunModel)" time="0.021" />
  <testcase classname="ptolemy.util.test.junit.AutoTests" name="[188] /home/travis/build/icyphy/ptII/ptolemy/actor/lib/test/auto/LazyPubSub.xml (RunModel)" time="0.025" />
  <testcase classname="ptolemy.util.test.junit.AutoTests" name="[189] /home/travis/build/icyphy/ptII/ptolemy/actor/lib/test/auto/LazyPubSub2.xml (RunModel)" time="0.025" />
  <testcase classname="ptolemy.util.test.junit.AutoTests" name="[190] /home/travis/build/icyphy/ptII/ptolemy/actor/lib/test/auto/LazyPubSub3.xml (RunModel)" time="0.023" />
  <testcase classname="ptolemy.util.test.junit.AutoTests" name="[191] /home/travis/build/icyphy/ptII/ptolemy/actor/lib/test/auto/LazySubClassModel.xml (RunModel)" time="0.022" />
  <testcase classname="ptolemy.util.test.junit.AutoTests" name="[192] /home/travis/build/icyphy/ptII/ptolemy/actor/lib/test/auto/LevelCrossTest1.xml (RunModel)" time="0.013" />
  <testcase classname="ptolemy.util.test.junit.AutoTests" name="[193] /home/travis/build/icyphy/ptII/ptolemy/actor/lib/test/auto/LevelCrossTest10.xml (RunModel)" time="0.017" />
  <testcase classname="ptolemy.util.test.junit.AutoTests" name="[194] /home/travis/build/icyphy/ptII/ptolemy/actor/lib/test/auto/LevelCrossTest11.xml (RunModel)" time="0.041" />
  <testcase classname="ptolemy.util.test.junit.AutoTests" name="[195] /home/travis/build/icyphy/ptII/ptolemy/actor/lib/test/auto/LevelCrossTest12.xml (RunModel)" time="0.033" />
  <testcase classname="ptolemy.util.test.junit.AutoTests" name="[196] /home/travis/build/icyphy/ptII/ptolemy/actor/lib/test/auto/LevelCrossTest13.xml (RunModel)" time="0.02" />
  <testcase classname="ptolemy.util.test.junit.AutoTests" name="[197] /home/travis/build/icyphy/ptII/ptolemy/actor/lib/test/auto/LevelCrossTest2.xml (RunModel)" time="0.016" />
  <testcase classname="ptolemy.util.test.junit.AutoTests" name="[198] /home/travis/build/icyphy/ptII/ptolemy/actor/lib/test/auto/LevelCrossTest3.xml (RunModel)" time="0.011" />
  <testcase classname="ptolemy.util.test.junit.AutoTests" name="[199] /home/travis/build/icyphy/ptII/ptolemy/actor/lib/test/auto/LevelCrossTest4.xml (RunModel)" time="0.014" />
  <testcase classname="ptolemy.util.test.junit.AutoTests" name="[200] /home/travis/build/icyphy/ptII/ptolemy/actor/lib/test/auto/LevelCrossTest5.xml (RunModel)" time="0.017" />
  <testcase classname="ptolemy.util.test.junit.AutoTests" name="[201] /home/travis/build/icyphy/ptII/ptolemy/actor/lib/test/auto/LevelCrossTest6.xml (RunModel)" time="0.016" />
  <testcase classname="ptolemy.util.test.junit.AutoTests" name="[202] /home/travis/build/icyphy/ptII/ptolemy/actor/lib/test/auto/LevelCrossTest7.xml (RunModel)" time="0.024" />
  <testcase classname="ptolemy.util.test.junit.AutoTests" name="[203] /home/travis/build/icyphy/ptII/ptolemy/actor/lib/test/auto/LevelCrossTest8.xml (RunModel)" time="0.016" />
  <testcase classname="ptolemy.util.test.junit.AutoTests" name="[204] /home/travis/build/icyphy/ptII/ptolemy/actor/lib/test/auto/LevelCrossTest9.xml (RunModel)" time="0.013" />
  <testcase classname="ptolemy.util.test.junit.AutoTests" name="[205] /home/travis/build/icyphy/ptII/ptolemy/actor/lib/test/auto/LevinsonDurbin.xml (RunModel)" time="0.01" />
  <testcase classname="ptolemy.util.test.junit.AutoTests" name="[206] /home/travis/build/icyphy/ptII/ptolemy/actor/lib/test/auto/LevinsonDurbin2.xml (RunModel)" time="0.044" />
  <testcase classname="ptolemy.util.test.junit.AutoTests" name="[207] /home/travis/build/icyphy/ptII/ptolemy/actor/lib/test/auto/LevinsonDurbin3.xml (RunModel)" time="0.015" />
  <testcase classname="ptolemy.util.test.junit.AutoTests" name="[208] /home/travis/build/icyphy/ptII/ptolemy/actor/lib/test/auto/Limiter.xml (RunModel)" time="0.052" />
  <testcase classname="ptolemy.util.test.junit.AutoTests" name="[209] /home/travis/build/icyphy/ptII/ptolemy/actor/lib/test/auto/LinearDifferenceEquationSystem.xml (RunModel)" time="0.026" />
  <testcase classname="ptolemy.util.test.junit.AutoTests" name="[210] /home/travis/build/icyphy/ptII/ptolemy/actor/lib/test/auto/LookupTable.xml (RunModel)" time="0.013" />
  <testcase classname="ptolemy.util.test.junit.AutoTests" name="[211] /home/travis/build/icyphy/ptII/ptolemy/actor/lib/test/auto/MathFunction.xml (RunModel)" time="0.035" />
  <testcase classname="ptolemy.util.test.junit.AutoTests" name="[212] /home/travis/build/icyphy/ptII/ptolemy/actor/lib/test/auto/MathFunction2.xml (RunModel)" time="0.02" />
  <testcase classname="ptolemy.util.test.junit.AutoTests" name="[213] /home/travis/build/icyphy/ptII/ptolemy/actor/lib/test/auto/MathFunction3.xml (RunModel)" time="0.024" />
  <testcase classname="ptolemy.util.test.junit.AutoTests" name="[214] /home/travis/build/icyphy/ptII/ptolemy/actor/lib/test/auto/MatrixCropBoolean.xml (RunModel)" time="0.014" />
  <testcase classname="ptolemy.util.test.junit.AutoTests" name="[215] /home/travis/build/icyphy/ptII/ptolemy/actor/lib/test/auto/MatrixCropComplex.xml (RunModel)" time="0.012" />
  <testcase classname="ptolemy.util.test.junit.AutoTests" name="[216] /home/travis/build/icyphy/ptII/ptolemy/actor/lib/test/auto/MatrixCropDouble.xml (RunModel)" time="0.012" />
  <testcase classname="ptolemy.util.test.junit.AutoTests" name="[217] /home/travis/build/icyphy/ptII/ptolemy/actor/lib/test/auto/MatrixCropFix.xml (RunModel)" time="0.014" />
  <testcase classname="ptolemy.util.test.junit.AutoTests" name="[218] /home/travis/build/icyphy/ptII/ptolemy/actor/lib/test/auto/MatrixCropInt.xml (RunModel)" time="0.013" />
  <testcase classname="ptolemy.util.test.junit.AutoTests" name="[219] /home/travis/build/icyphy/ptII/ptolemy/actor/lib/test/auto/MatrixCropLong.xml (RunModel)" time="0.009" />
  <testcase classname="ptolemy.util.test.junit.AutoTests" name="[220] /home/travis/build/icyphy/ptII/ptolemy/actor/lib/test/auto/MatrixToArray.xml (RunModel)" time="0.069" />
  <testcase classname="ptolemy.util.test.junit.AutoTests" name="[221] /home/travis/build/icyphy/ptII/ptolemy/actor/lib/test/auto/MaxIndex.xml (RunModel)" time="0.018" />
  <testcase classname="ptolemy.util.test.junit.AutoTests" name="[222] /home/travis/build/icyphy/ptII/ptolemy/actor/lib/test/auto/Maximum.xml (RunModel)" time="0.014" />
  <testcase classname="ptolemy.util.test.junit.AutoTests" name="[223] /home/travis/build/icyphy/ptII/ptolemy/actor/lib/test/auto/MaximumComplex.xml (RunModel)" time="0.016" />
  <testcase classname="ptolemy.util.test.junit.AutoTests" name="[224] /home/travis/build/icyphy/ptII/ptolemy/actor/lib/test/auto/MethodCallTest.xml (RunModel)" time="0.025" />
  <testcase classname="ptolemy.util.test.junit.AutoTests" name="[225] /home/travis/build/icyphy/ptII/ptolemy/actor/lib/test/auto/Minimum.xml (RunModel)" time="0.016" />
  <testcase classname="ptolemy.util.test.junit.AutoTests" name="[226] /home/travis/build/icyphy/ptII/ptolemy/actor/lib/test/auto/MinimumComplex.xml (RunModel)" time="0.029" />
  <testcase classname="ptolemy.util.test.junit.AutoTests" name="[227] /home/travis/build/icyphy/ptII/ptolemy/actor/lib/test/auto/MinimumMultiports.xml (RunModel)" time="0.018" />
  <testcase classname="ptolemy.util.test.junit.AutoTests" name="[228] /home/travis/build/icyphy/ptII/ptolemy/actor/lib/test/auto/ModifyDate.xml (RunModel)" time="0.041" />
  <testcase classname="ptolemy.util.test.junit.AutoTests" name="[229] /home/travis/build/icyphy/ptII/ptolemy/actor/lib/test/auto/ModifyDate2.xml (RunModel)" time="0.037" />
  <testcase classname="ptolemy.util.test.junit.AutoTests" name="[230] /home/travis/build/icyphy/ptII/ptolemy/actor/lib/test/auto/MovingAverage.xml (RunModel)" time="0.013" />
  <testcase classname="ptolemy.util.test.junit.AutoTests" name="[231] /home/travis/build/icyphy/ptII/ptolemy/actor/lib/test/auto/MovingMaximum.xml (RunModel)" time="0.013" />
  <testcase classname="ptolemy.util.test.junit.AutoTests" name="[232] /home/travis/build/icyphy/ptII/ptolemy/actor/lib/test/auto/MultipleLinksToSameRelation.xml (RunModel)" time="0.01" />
  <testcase classname="ptolemy.util.test.junit.AutoTests" name="[233] /home/travis/build/icyphy/ptII/ptolemy/actor/lib/test/auto/MultipleLinksToSameRelationDE.xml (RunModel)" time="0.008" />
  <testcase classname="ptolemy.util.test.junit.AutoTests" name="[234] /home/travis/build/icyphy/ptII/ptolemy/actor/lib/test/auto/Multiplexor.xml (RunModel)" time="0.012" />
  <testcase classname="ptolemy.util.test.junit.AutoTests" name="[235] /home/travis/build/icyphy/ptII/ptolemy/actor/lib/test/auto/Multiplexor1.xml (RunModel)" time="0.012" />
  <testcase classname="ptolemy.util.test.junit.AutoTests" name="[236] /home/travis/build/icyphy/ptII/ptolemy/actor/lib/test/auto/Multiplexor2.xml (RunModel)" time="0.013" />
  <testcase classname="ptolemy.util.test.junit.AutoTests" name="[237] /home/travis/build/icyphy/ptII/ptolemy/actor/lib/test/auto/Multiplexor3.xml (RunModel)" time="0.011" />
  <testcase classname="ptolemy.util.test.junit.AutoTests" name="[238] /home/travis/build/icyphy/ptII/ptolemy/actor/lib/test/auto/MultiplexorDE.xml (RunModel)" time="0.019" />
  <testcase classname="ptolemy.util.test.junit.AutoTests" name="[239] /home/travis/build/icyphy/ptII/ptolemy/actor/lib/test/auto/MultiportBroadcastTest.xml (RunModel)" time="0.08" />
  <testcase classname="ptolemy.util.test.junit.AutoTests" name="[240] /home/travis/build/icyphy/ptII/ptolemy/actor/lib/test/auto/MultiportOutHangDuringGetWidth.xml (RunModel)" time="0.028" />
  <testcase classname="ptolemy.util.test.junit.AutoTests" name="[241] /home/travis/build/icyphy/ptII/ptolemy/actor/lib/test/auto/NilToken.xml (RunModel)" time="0.007" />
  <testcase classname="ptolemy.util.test.junit.AutoTests" name="[242] /home/travis/build/icyphy/ptII/ptolemy/actor/lib/test/auto/NilTokenNonStrictTest.xml (RunModel)" time="0.01" />
  <testcase classname="ptolemy.util.test.junit.AutoTests" name="[243] /home/travis/build/icyphy/ptII/ptolemy/actor/lib/test/auto/NilTokenRecord.xml (RunModel)" time="0.02" />
  <testcase classname="ptolemy.util.test.junit.AutoTests" name="[244] /home/travis/build/icyphy/ptII/ptolemy/actor/lib/test/auto/NilTokenTypeTest.xml (RunModel)" time="0.033" />
  <testcase classname="ptolemy.util.test.junit.AutoTests" name="[245] /home/travis/build/icyphy/ptII/ptolemy/actor/lib/test/auto/ObjectToken1.xml (RunModel)" time="0.013" />
  <testcase classname="ptolemy.util.test.junit.AutoTests" name="[246] /home/travis/build/icyphy/ptII/ptolemy/actor/lib/test/auto/OrderedMerge.xml (RunModel)" time="0.018" />
  <testcase classname="ptolemy.util.test.junit.AutoTests" name="[247] /home/travis/build/icyphy/ptII/ptolemy/actor/lib/test/auto/OrderedRecordDisassembler.xml (RunModel)" time="0.023" />
  <testcase classname="ptolemy.util.test.junit.AutoTests" name="[248] /home/travis/build/icyphy/ptII/ptolemy/actor/lib/test/auto/OrderedRecordDisassembler2.xml (RunModel)" time="0.022" />
  <testcase classname="ptolemy.util.test.junit.AutoTests" name="[249] /home/travis/build/icyphy/ptII/ptolemy/actor/lib/test/auto/OrderedRecordUpdater.xml (RunModel)" time="0.047" />
  <testcase classname="ptolemy.util.test.junit.AutoTests" name="[250] /home/travis/build/icyphy/ptII/ptolemy/actor/lib/test/auto/OrderedRecordUpdater2.xml (RunModel)" time="0.022" />
  <testcase classname="ptolemy.util.test.junit.AutoTests" name="[251] /home/travis/build/icyphy/ptII/ptolemy/actor/lib/test/auto/PhaseUnwrap.xml (RunModel)" time="0.014" />
  <testcase classname="ptolemy.util.test.junit.AutoTests" name="[252] /home/travis/build/icyphy/ptII/ptolemy/actor/lib/test/auto/PoissonClock.xml (RunModel)" time="0.011" />
  <testcase classname="ptolemy.util.test.junit.AutoTests" name="[253] /home/travis/build/icyphy/ptII/ptolemy/actor/lib/test/auto/PoissonClock2.xml (RunModel)" time="0.007" />
  <testcase classname="ptolemy.util.test.junit.AutoTests" name="[254] /home/travis/build/icyphy/ptII/ptolemy/actor/lib/test/auto/PoissonClock3.xml (RunModel)" time="0.023" />
  <testcase classname="ptolemy.util.test.junit.AutoTests" name="[255] /home/travis/build/icyphy/ptII/ptolemy/actor/lib/test/auto/PubSubWithInitialTokens.xml (RunModel)" time="0.017" />
  <testcase classname="ptolemy.util.test.junit.AutoTests" name="[256] /home/travis/build/icyphy/ptII/ptolemy/actor/lib/test/auto/PubSubWithInitialTokens2.xml (RunModel)" time="0.013" />
  <testcase classname="ptolemy.util.test.junit.AutoTests" name="[257] /home/travis/build/icyphy/ptII/ptolemy/actor/lib/test/auto/PublisherClassNoParameter.xml (RunModel)" time="0.023" />
  <testcase classname="ptolemy.util.test.junit.AutoTests" name="[258] /home/travis/build/icyphy/ptII/ptolemy/actor/lib/test/auto/PublisherClassParameter.xml (RunModel)" time="0.021" />
  <testcase classname="ptolemy.util.test.junit.AutoTests" name="[259] /home/travis/build/icyphy/ptII/ptolemy/actor/lib/test/auto/PublisherNonStrictTest.xml (RunModel)" time="0.014" />
  <testcase classname="ptolemy.util.test.junit.AutoTests" name="[260] /home/travis/build/icyphy/ptII/ptolemy/actor/lib/test/auto/PublisherPort1.xml (RunModel)" time="0.018" />
  <testcase classname="ptolemy.util.test.junit.AutoTests" name="[261] /home/travis/build/icyphy/ptII/ptolemy/actor/lib/test/auto/PublisherPort2.xml (RunModel)" time="0.01" />
  <testcase classname="ptolemy.util.test.junit.AutoTests" name="[262] /home/travis/build/icyphy/ptII/ptolemy/actor/lib/test/auto/PublisherPort3.xml (RunModel)" time="0.012" />
  <testcase classname="ptolemy.util.test.junit.AutoTests" name="[263] /home/travis/build/icyphy/ptII/ptolemy/actor/lib/test/auto/PublisherPort4.xml (RunModel)" time="0.012" />
  <testcase classname="ptolemy.util.test.junit.AutoTests" name="[264] /home/travis/build/icyphy/ptII/ptolemy/actor/lib/test/auto/PublisherPort5.xml (RunModel)" time="0.014" />
  <testcase classname="ptolemy.util.test.junit.AutoTests" name="[265] /home/travis/build/icyphy/ptII/ptolemy/actor/lib/test/auto/PublisherPort5LookAlike.xml (RunModel)" time="0.019" />
  <testcase classname="ptolemy.util.test.junit.AutoTests" name="[266] /home/travis/build/icyphy/ptII/ptolemy/actor/lib/test/auto/PublisherPort6.xml (RunModel)" time="0.012" />
  <testcase classname="ptolemy.util.test.junit.AutoTests" name="[267] /home/travis/build/icyphy/ptII/ptolemy/actor/lib/test/auto/PublisherPort7.xml (RunModel)" time="0.015" />
  <testcase classname="ptolemy.util.test.junit.AutoTests" name="[268] /home/travis/build/icyphy/ptII/ptolemy/actor/lib/test/auto/PublisherPort8.xml (RunModel)" time="0.016" />
  <testcase classname="ptolemy.util.test.junit.AutoTests" name="[269] /home/travis/build/icyphy/ptII/ptolemy/actor/lib/test/auto/PublisherPortSubscriberChannelVariablesAOC2.xml (RunModel)" time="0.034" />
  <testcase classname="ptolemy.util.test.junit.AutoTests" name="[270] /home/travis/build/icyphy/ptII/ptolemy/actor/lib/test/auto/PublisherPortSubscriberOpaqueWidthInference.xml (RunModel)" time="0.025" />
  <testcase classname="ptolemy.util.test.junit.AutoTests" name="[271] /home/travis/build/icyphy/ptII/ptolemy/actor/lib/test/auto/PublisherPortSubscriberPortAdjacent.xml (RunModel)" time="0.017" />
  <testcase classname="ptolemy.util.test.junit.AutoTests" name="[272] /home/travis/build/icyphy/ptII/ptolemy/actor/lib/test/auto/PublisherPortSubscriberPortExpression.xml (RunModel)" time="0.016" />
  <testcase classname="ptolemy.util.test.junit.AutoTests" name="[273] /home/travis/build/icyphy/ptII/ptolemy/actor/lib/test/auto/PublisherPortSubscriberPortOpaqueD3Reverse.xml (RunModel)" time="0.038" />
  <testcase classname="ptolemy.util.test.junit.AutoTests" name="[274] /home/travis/build/icyphy/ptII/ptolemy/actor/lib/test/auto/PublisherPortSubscriberPortOpaqueWidthInference.xml (RunModel)" time="0.015" />
  <testcase classname="ptolemy.util.test.junit.AutoTests" name="[275] /home/travis/build/icyphy/ptII/ptolemy/actor/lib/test/auto/PublisherPortToplevelSubscriberPortAOC.xml (RunModel)" time="0.01" />
  <testcase classname="ptolemy.util.test.junit.AutoTests" name="[276] /home/travis/build/icyphy/ptII/ptolemy/actor/lib/test/auto/PublisherSubscriber.xml (RunModel)" time="0.013" />
  <testcase classname="ptolemy.util.test.junit.AutoTests" name="[277] /home/travis/build/icyphy/ptII/ptolemy/actor/lib/test/auto/PublisherSubscriber10.xml (RunModel)" time="0.021" />
  <testcase classname="ptolemy.util.test.junit.AutoTests" name="[278] /home/travis/build/icyphy/ptII/ptolemy/actor/lib/test/auto/PublisherSubscriber10InitialOutputs.xml (RunModel)" time="0.029" />
  <testcase classname="ptolemy.util.test.junit.AutoTests" name="[279] /home/travis/build/icyphy/ptII/ptolemy/actor/lib/test/auto/PublisherSubscriber11.xml (RunModel)" time="0.015" />
  <testcase classname="ptolemy.util.test.junit.AutoTests" name="[280] /home/travis/build/icyphy/ptII/ptolemy/actor/lib/test/auto/PublisherSubscriber12.xml (RunModel)" time="0.015" />
  <testcase classname="ptolemy.util.test.junit.AutoTests" name="[281] /home/travis/build/icyphy/ptII/ptolemy/actor/lib/test/auto/PublisherSubscriber13.xml (RunModel)" time="0.01" />
  <testcase classname="ptolemy.util.test.junit.AutoTests" name="[282] /home/travis/build/icyphy/ptII/ptolemy/actor/lib/test/auto/PublisherSubscriber14.xml (RunModel)" time="0.021" />
  <testcase classname="ptolemy.util.test.junit.AutoTests" name="[283] /home/travis/build/icyphy/ptII/ptolemy/actor/lib/test/auto/PublisherSubscriber2.xml (RunModel)" time="0.011" />
  <testcase classname="ptolemy.util.test.junit.AutoTests" name="[284] /home/travis/build/icyphy/ptII/ptolemy/actor/lib/test/auto/PublisherSubscriber3.xml (RunModel)" time="0.012" />
  <testcase classname="ptolemy.util.test.junit.AutoTests" name="[285] /home/travis/build/icyphy/ptII/ptolemy/actor/lib/test/auto/PublisherSubscriber4.xml (RunModel)" time="0.009" />
  <testcase classname="ptolemy.util.test.junit.AutoTests" name="[286] /home/travis/build/icyphy/ptII/ptolemy/actor/lib/test/auto/PublisherSubscriber5.xml (RunModel)" time="0.012" />
  <testcase classname="ptolemy.util.test.junit.AutoTests" name="[287] /home/travis/build/icyphy/ptII/ptolemy/actor/lib/test/auto/PublisherSubscriber6.xml (RunModel)" time="0.015" />
  <testcase classname="ptolemy.util.test.junit.AutoTests" name="[288] /home/travis/build/icyphy/ptII/ptolemy/actor/lib/test/auto/PublisherSubscriber7.xml (RunModel)" time="0.026" />
  <testcase classname="ptolemy.util.test.junit.AutoTests" name="[289] /home/travis/build/icyphy/ptII/ptolemy/actor/lib/test/auto/PublisherSubscriber8.xml (RunModel)" time="0.034" />
  <testcase classname="ptolemy.util.test.junit.AutoTests" name="[290] /home/travis/build/icyphy/ptII/ptolemy/actor/lib/test/auto/PublisherSubscriber9.xml (RunModel)" time="0.018" />
  <testcase classname="ptolemy.util.test.junit.AutoTests" name="[291] /home/travis/build/icyphy/ptII/ptolemy/actor/lib/test/auto/PublisherSubscriberAdjacent.xml (RunModel)" time="0.016" />
  <testcase classname="ptolemy.util.test.junit.AutoTests" name="[292] /home/travis/build/icyphy/ptII/ptolemy/actor/lib/test/auto/PublisherSubscriberChannelVariablesAOC2.xml (RunModel)" time="0.033" />
  <testcase classname="ptolemy.util.test.junit.AutoTests" name="[293] /home/travis/build/icyphy/ptII/ptolemy/actor/lib/test/auto/PublisherSubscriberD3.xml (RunModel)" time="0.015" />
  <testcase classname="ptolemy.util.test.junit.AutoTests" name="[294] /home/travis/build/icyphy/ptII/ptolemy/actor/lib/test/auto/PublisherSubscriberD3Reverse.xml (RunModel)" time="0.011" />
  <testcase classname="ptolemy.util.test.junit.AutoTests" name="[295] /home/travis/build/icyphy/ptII/ptolemy/actor/lib/test/auto/PublisherSubscriberExpression.xml (RunModel)" time="0.016" />
  <testcase classname="ptolemy.util.test.junit.AutoTests" name="[296] /home/travis/build/icyphy/ptII/ptolemy/actor/lib/test/auto/PublisherSubscriberOpaque.xml (RunModel)" time="0.014" />
  <testcase classname="ptolemy.util.test.junit.AutoTests" name="[297] /home/travis/build/icyphy/ptII/ptolemy/actor/lib/test/auto/PublisherSubscriberOpaqueD3.xml (RunModel)" time="0.022" />
  <testcase classname="ptolemy.util.test.junit.AutoTests" name="[298] /home/travis/build/icyphy/ptII/ptolemy/actor/lib/test/auto/PublisherSubscriberOpaqueD3Reverse.xml (RunModel)" time="0.021" />
  <testcase classname="ptolemy.util.test.junit.AutoTests" name="[299] /home/travis/build/icyphy/ptII/ptolemy/actor/lib/test/auto/PublisherSubscriberOpaqueWidthInference.xml (RunModel)" time="0.014" />
  <testcase classname="ptolemy.util.test.junit.AutoTests" name="[300] /home/travis/build/icyphy/ptII/ptolemy/actor/lib/test/auto/PublisherTestSubscriber.xml (RunModel)" time="0.014" />
  <testcase classname="ptolemy.util.test.junit.AutoTests" name="[301] /home/travis/build/icyphy/ptII/ptolemy/actor/lib/test/auto/PublisherToplevelSubscriberPortAOC.xml (RunModel)" time="0.011" />
  <testcase classname="ptolemy.util.test.junit.AutoTests" name="[302] /home/travis/build/icyphy/ptII/ptolemy/actor/lib/test/auto/PulseFiringLimitDE.xml (RunModel)" time="0.018" />
  <testcase classname="ptolemy.util.test.junit.AutoTests" name="[303] /home/travis/build/icyphy/ptII/ptolemy/actor/lib/test/auto/Ramp1.xml (RunModel)" time="0.007" />
  <testcase classname="ptolemy.util.test.junit.AutoTests" name="[304] /home/travis/build/icyphy/ptII/ptolemy/actor/lib/test/auto/RampFiringLimitDE.xml (RunModel)" time="0.01" />
  <testcase classname="ptolemy.util.test.junit.AutoTests" name="[305] /home/travis/build/icyphy/ptII/ptolemy/actor/lib/test/auto/RampFiringLimitSDF.xml (RunModel)" time="0.01" />
  <testcase classname="ptolemy.util.test.junit.AutoTests" name="[306] /home/travis/build/icyphy/ptII/ptolemy/actor/lib/test/auto/RandomInteger.xml (RunModel)" time="0.008" />
  <testcase classname="ptolemy.util.test.junit.AutoTests" name="[307] /home/travis/build/icyphy/ptII/ptolemy/actor/lib/test/auto/ReadFile1.xml (RunModel)" time="0.007" />
  <testcase classname="ptolemy.util.test.junit.AutoTests" name="[308] /home/travis/build/icyphy/ptII/ptolemy/actor/lib/test/auto/ReadFile2.xml (RunModel)" time="0.008" />
  <testcase classname="ptolemy.util.test.junit.AutoTests" name="[309] /home/travis/build/icyphy/ptII/ptolemy/actor/lib/test/auto/Reader.xml (RunModel)" time="0.011" />
  <testcase classname="ptolemy.util.test.junit.AutoTests" name="[310] /home/travis/build/icyphy/ptII/ptolemy/actor/lib/test/auto/RecordAssemblerDisplayNameTest.xml (RunModel)" time="3.255" />
  <testcase classname="ptolemy.util.test.junit.AutoTests" name="[311] /home/travis/build/icyphy/ptII/ptolemy/actor/lib/test/auto/RecordAssemblerTypeError.xml (RunModel)" time="0.066" />
  <testcase classname="ptolemy.util.test.junit.AutoTests" name="[312] /home/travis/build/icyphy/ptII/ptolemy/actor/lib/test/auto/RecordDisassember.xml (RunModel)" time="0.01" />
  <testcase classname="ptolemy.util.test.junit.AutoTests" name="[313] /home/travis/build/icyphy/ptII/ptolemy/actor/lib/test/auto/RecordDisassemberDisplayNameTest.xml (RunModel)" time="0.023" />
  <testcase classname="ptolemy.util.test.junit.AutoTests" name="[314] /home/travis/build/icyphy/ptII/ptolemy/actor/lib/test/auto/RecordDisassembler.xml (RunModel)" time="0.01" />
  <testcase classname="ptolemy.util.test.junit.AutoTests" name="[315] /home/travis/build/icyphy/ptII/ptolemy/actor/lib/test/auto/RecordDisassembler2.xml (RunModel)" time="0.012" />
  <testcase classname="ptolemy.util.test.junit.AutoTests" name="[316] /home/travis/build/icyphy/ptII/ptolemy/actor/lib/test/auto/RecordUpdater.xml (RunModel)" time="0.009" />
  <testcase classname="ptolemy.util.test.junit.AutoTests" name="[317] /home/travis/build/icyphy/ptII/ptolemy/actor/lib/test/auto/RecordUpdater2.xml (RunModel)" time="0.009" />
  <testcase classname="ptolemy.util.test.junit.AutoTests" name="[318] /home/travis/build/icyphy/ptII/ptolemy/actor/lib/test/auto/RecursiveLattice.xml (RunModel)" time="0.011" />
  <testcase classname="ptolemy.util.test.junit.AutoTests" name="[319] /home/travis/build/icyphy/ptII/ptolemy/actor/lib/test/auto/Router.xml (RunModel)" time="3.024" />
  <testcase classname="ptolemy.util.test.junit.AutoTests" name="[320] /home/travis/build/icyphy/ptII/ptolemy/actor/lib/test/auto/Router2.xml (RunModel)" time="3.026" />
  <testcase classname="ptolemy.util.test.junit.AutoTests" name="[321] /home/travis/build/icyphy/ptII/ptolemy/actor/lib/test/auto/RunningMaximum.xml (RunModel)" time="0.014" />
  <testcase classname="ptolemy.util.test.junit.AutoTests" name="[322] /home/travis/build/icyphy/ptII/ptolemy/actor/lib/test/auto/RunningMinimum.xml (RunModel)" time="0.011" />
  <testcase classname="ptolemy.util.test.junit.AutoTests" name="[323] /home/travis/build/icyphy/ptII/ptolemy/actor/lib/test/auto/Scale.xml (RunModel)" time="0.009" />
  <testcase classname="ptolemy.util.test.junit.AutoTests" name="[324] /home/travis/build/icyphy/ptII/ptolemy/actor/lib/test/auto/Scale2.xml (RunModel)" time="0.009" />
  <testcase classname="ptolemy.util.test.junit.AutoTests" name="[325] /home/travis/build/icyphy/ptII/ptolemy/actor/lib/test/auto/Scale3.xml (RunModel)" time="0.018" />
  <testcase classname="ptolemy.util.test.junit.AutoTests" name="[326] /home/travis/build/icyphy/ptII/ptolemy/actor/lib/test/auto/ScaleArray.xml (RunModel)" time="0.008" />
  <testcase classname="ptolemy.util.test.junit.AutoTests" name="[327] /home/travis/build/icyphy/ptII/ptolemy/actor/lib/test/auto/ScaleArray2.xml (RunModel)" time="0.008" />
  <testcase classname="ptolemy.util.test.junit.AutoTests" name="[328] /home/travis/build/icyphy/ptII/ptolemy/actor/lib/test/auto/ScaleMatrix.xml (RunModel)" time="0.135" />
  <testcase classname="ptolemy.util.test.junit.AutoTests" name="[329] /home/travis/build/icyphy/ptII/ptolemy/actor/lib/test/auto/Select.xml (RunModel)" time="0.017" />
  <testcase classname="ptolemy.util.test.junit.AutoTests" name="[330] /home/travis/build/icyphy/ptII/ptolemy/actor/lib/test/auto/Select2.xml (RunModel)" time="0.009" />
  <testcase classname="ptolemy.util.test.junit.AutoTests" name="[331] /home/travis/build/icyphy/ptII/ptolemy/actor/lib/test/auto/SequenceToArray2.xml (RunModel)" time="0.153" />
  <testcase classname="ptolemy.util.test.junit.AutoTests" name="[332] /home/travis/build/icyphy/ptII/ptolemy/actor/lib/test/auto/SequentialClock.xml (RunModel)" time="0.011" />
  <testcase classname="ptolemy.util.test.junit.AutoTests" name="[333] /home/travis/build/icyphy/ptII/ptolemy/actor/lib/test/auto/SetVariable.xml (RunModel)" time="0.01" />
  <testcase classname="ptolemy.util.test.junit.AutoTests" name="[334] /home/travis/build/icyphy/ptII/ptolemy/actor/lib/test/auto/SetVariable2.xml (RunModel)" time="0.012" />
  <testcase classname="ptolemy.util.test.junit.AutoTests" name="[335] /home/travis/build/icyphy/ptII/ptolemy/actor/lib/test/auto/SetVariable3.xml (RunModel)" time="0.02" />
  <testcase classname="ptolemy.util.test.junit.AutoTests" name="[336] /home/travis/build/icyphy/ptII/ptolemy/actor/lib/test/auto/SetVariable4.xml (RunModel)" time="0.027" />
  <testcase classname="ptolemy.util.test.junit.AutoTests" name="[337] /home/travis/build/icyphy/ptII/ptolemy/actor/lib/test/auto/SetVariable5.xml (RunModel)" time="0.04" />
  <testcase classname="ptolemy.util.test.junit.AutoTests" name="[338] /home/travis/build/icyphy/ptII/ptolemy/actor/lib/test/auto/Sinewave.xml (RunModel)" time="0.025" />
  <testcase classname="ptolemy.util.test.junit.AutoTests" name="[339] /home/travis/build/icyphy/ptII/ptolemy/actor/lib/test/auto/Sinewave2.xml (RunModel)" time="0.017" />
  <testcase classname="ptolemy.util.test.junit.AutoTests" name="[340] /home/travis/build/icyphy/ptII/ptolemy/actor/lib/test/auto/Sinewave3.xml (RunModel)" time="0.017" />
  <testcase classname="ptolemy.util.test.junit.AutoTests" name="[341] /home/travis/build/icyphy/ptII/ptolemy/actor/lib/test/auto/SingleEvent.xml (RunModel)" time="0.007" />
  <testcase classname="ptolemy.util.test.junit.AutoTests" name="[342] /home/travis/build/icyphy/ptII/ptolemy/actor/lib/test/auto/Sleep.xml (RunModel)" time="6.014" />
  <testcase classname="ptolemy.util.test.junit.AutoTests" name="[343] /home/travis/build/icyphy/ptII/ptolemy/actor/lib/test/auto/SleepMultipleFire.xml (RunModel)" time="1.021" />
  <testcase classname="ptolemy.util.test.junit.AutoTests" name="[344] /home/travis/build/icyphy/ptII/ptolemy/actor/lib/test/auto/StopDE.xml (RunModel)" time="0.021" />
  <testcase classname="ptolemy.util.test.junit.AutoTests" name="[345] /home/travis/build/icyphy/ptII/ptolemy/actor/lib/test/auto/StopSDF.xml (RunModel)" time="0.015" />
  <testcase classname="ptolemy.util.test.junit.AutoTests" name="[346] /home/travis/build/icyphy/ptII/ptolemy/actor/lib/test/auto/StringConstant.xml (RunModel)" time="0.019" />
  <testcase classname="ptolemy.util.test.junit.AutoTests" name="[347] /home/travis/build/icyphy/ptII/ptolemy/actor/lib/test/auto/SubscriberPortInitialValues1.xml (RunModel)" time="0.031" />
  <testcase classname="ptolemy.util.test.junit.AutoTests" name="[348] /home/travis/build/icyphy/ptII/ptolemy/actor/lib/test/auto/SubscriberPortInitialValues13.xml (RunModel)" time="0.03" />
  <testcase classname="ptolemy.util.test.junit.AutoTests" name="[349] /home/travis/build/icyphy/ptII/ptolemy/actor/lib/test/auto/SubscriberPortInitialValues14.xml (RunModel)" time="0.015" />
  <testcase classname="ptolemy.util.test.junit.AutoTests" name="[350] /home/travis/build/icyphy/ptII/ptolemy/actor/lib/test/auto/SubscriberPortInitialValues2.xml (RunModel)" time="0.063" />
  <testcase classname="ptolemy.util.test.junit.AutoTests" name="[351] /home/travis/build/icyphy/ptII/ptolemy/actor/lib/test/auto/SubscriberPortInitialValues3.xml (RunModel)" time="0.031" />
  <testcase classname="ptolemy.util.test.junit.AutoTests" name="[352] /home/travis/build/icyphy/ptII/ptolemy/actor/lib/test/auto/SubscriptionAggregator.xml (RunModel)" time="0.012" />
  <testcase classname="ptolemy.util.test.junit.AutoTests" name="[353] /home/travis/build/icyphy/ptII/ptolemy/actor/lib/test/auto/SubscriptionAggregator2.xml (RunModel)" time="0.011" />
  <testcase classname="ptolemy.util.test.junit.AutoTests" name="[354] /home/travis/build/icyphy/ptII/ptolemy/actor/lib/test/auto/SubscriptionAggregator3.xml (RunModel)" time="0.017" />
  <testcase classname="ptolemy.util.test.junit.AutoTests" name="[355] /home/travis/build/icyphy/ptII/ptolemy/actor/lib/test/auto/SubscriptionAggregatorMultiply.xml (RunModel)" time="0.024" />
  <testcase classname="ptolemy.util.test.junit.AutoTests" name="[356] /home/travis/build/icyphy/ptII/ptolemy/actor/lib/test/auto/SubscriptionAggregatorPortMultiply1.xml (RunModel)" time="0.016" />
  <testcase classname="ptolemy.util.test.junit.AutoTests" name="[357] /home/travis/build/icyphy/ptII/ptolemy/actor/lib/test/auto/Switch.xml (RunModel)" time="0.019" />
  <testcase classname="ptolemy.util.test.junit.AutoTests" name="[358] /home/travis/build/icyphy/ptII/ptolemy/actor/lib/test/auto/Switch2.xml (RunModel)" time="0.012" />
  <testcase classname="ptolemy.util.test.junit.AutoTests" name="[359] /home/travis/build/icyphy/ptII/ptolemy/actor/lib/test/auto/SwitchDE.xml (RunModel)" time="0.015" />
  <testcase classname="ptolemy.util.test.junit.AutoTests" name="[360] /home/travis/build/icyphy/ptII/ptolemy/actor/lib/test/auto/SynchronizerDE.xml (RunModel)" time="0.025" />
  <testcase classname="ptolemy.util.test.junit.AutoTests" name="[361] /home/travis/build/icyphy/ptII/ptolemy/actor/lib/test/auto/Test.xml (RunModel)" time="0.017" />
  <testcase classname="ptolemy.util.test.junit.AutoTests" name="[362] /home/travis/build/icyphy/ptII/ptolemy/actor/lib/test/auto/TestExceptionAttribute1.xml (RunModel)" time="0.008" />
  <testcase classname="ptolemy.util.test.junit.AutoTests" name="[363] /home/travis/build/icyphy/ptII/ptolemy/actor/lib/test/auto/TestExceptionAttribute2.xml (RunModel)" time="0.01" />
  <testcase classname="ptolemy.util.test.junit.AutoTests" name="[364] /home/travis/build/icyphy/ptII/ptolemy/actor/lib/test/auto/TestExceptionAttribute3.xml (RunModel)" time="0.012" />
  <testcase classname="ptolemy.util.test.junit.AutoTests" name="[365] /home/travis/build/icyphy/ptII/ptolemy/actor/lib/test/auto/TestExceptionAttribute4.xml (RunModel)" time="0.009" />
  <testcase classname="ptolemy.util.test.junit.AutoTests" name="[366] /home/travis/build/icyphy/ptII/ptolemy/actor/lib/test/auto/TestExceptionHandler1.xml (RunModel)" time="0.006" />
  <testcase classname="ptolemy.util.test.junit.AutoTests" name="[367] /home/travis/build/icyphy/ptII/ptolemy/actor/lib/test/auto/TestExceptionHandler2.xml (RunModel)" time="0.009" />
  <testcase classname="ptolemy.util.test.junit.AutoTests" name="[368] /home/travis/build/icyphy/ptII/ptolemy/actor/lib/test/auto/TestExceptionHandler3.xml (RunModel)" time="0.009" />
  <testcase classname="ptolemy.util.test.junit.AutoTests" name="[369] /home/travis/build/icyphy/ptII/ptolemy/actor/lib/test/auto/TestExceptionHandler4.xml (RunModel)" time="0.006" />
  <testcase classname="ptolemy.util.test.junit.AutoTests" name="[370] /home/travis/build/icyphy/ptII/ptolemy/actor/lib/test/auto/TestRequireCorrectOrder.xml (RunModel)" time="0.015" />
  <testcase classname="ptolemy.util.test.junit.AutoTests" name="[371] /home/travis/build/icyphy/ptII/ptolemy/actor/lib/test/auto/TestSimple.xml (RunModel)" time="0.007" />
  <testcase classname="ptolemy.util.test.junit.AutoTests" name="[372] /home/travis/build/icyphy/ptII/ptolemy/actor/lib/test/auto/ThrowModelError.xml (RunModel)" time="0.011" />
  <testcase classname="ptolemy.util.test.junit.AutoTests" name="[373] /home/travis/build/icyphy/ptII/ptolemy/actor/lib/test/auto/TimeDelayMicrosteps.xml (RunModel)" time="0.013" />
  <testcase classname="ptolemy.util.test.junit.AutoTests" name="[374] /home/travis/build/icyphy/ptII/ptolemy/actor/lib/test/auto/TimeDelayMicrosteps2.xml (RunModel)" time="0.016" />
  <testcase classname="ptolemy.util.test.junit.AutoTests" name="[375] /home/travis/build/icyphy/ptII/ptolemy/actor/lib/test/auto/TimeDelayMicrosteps3.xml (RunModel)" time="0.012" />
  <testcase classname="ptolemy.util.test.junit.AutoTests" name="[376] /home/travis/build/icyphy/ptII/ptolemy/actor/lib/test/auto/TimeDelayVariableMicrosteps.xml (RunModel)" time="0.013" />
  <testcase classname="ptolemy.util.test.junit.AutoTests" name="[377] /home/travis/build/icyphy/ptII/ptolemy/actor/lib/test/auto/TimeGap.xml (RunModel)" time="0.018" />
  <testcase classname="ptolemy.util.test.junit.AutoTests" name="[378] /home/travis/build/icyphy/ptII/ptolemy/actor/lib/test/auto/TimeGap2.xml (RunModel)" time="0.011" />
  <testcase classname="ptolemy.util.test.junit.AutoTests" name="[379] /home/travis/build/icyphy/ptII/ptolemy/actor/lib/test/auto/TimedSinewave.xml (RunModel)" time="0.053" />
  <testcase classname="ptolemy.util.test.junit.AutoTests" name="[380] /home/travis/build/icyphy/ptII/ptolemy/actor/lib/test/auto/TimedSinewavePhase.xml (RunModel)" time="0.037" />
  <testcase classname="ptolemy.util.test.junit.AutoTests" name="[381] /home/travis/build/icyphy/ptII/ptolemy/actor/lib/test/auto/Timer.xml (RunModel)" time="0.017" />
  <testcase classname="ptolemy.util.test.junit.AutoTests" name="[382] /home/travis/build/icyphy/ptII/ptolemy/actor/lib/test/auto/TriangularDistTestModel.xml (RunModel)" time="0.017" />
  <testcase classname="ptolemy.util.test.junit.AutoTests" name="[383] /home/travis/build/icyphy/ptII/ptolemy/actor/lib/test/auto/TrigFunction.xml (RunModel)" time="0.009" />
  <testcase classname="ptolemy.util.test.junit.AutoTests" name="[384] /home/travis/build/icyphy/ptII/ptolemy/actor/lib/test/auto/TrigFunctionDE.xml (RunModel)" time="0.011" />
  <testcase classname="ptolemy.util.test.junit.AutoTests" name="[385] /home/travis/build/icyphy/ptII/ptolemy/actor/lib/test/auto/TrigFunctionInverse.xml (RunModel)" time="0.01" />
  <testcase classname="ptolemy.util.test.junit.AutoTests" name="[386] /home/travis/build/icyphy/ptII/ptolemy/actor/lib/test/auto/TrigFunctionTan.xml (RunModel)" time="0.007" />
  <testcase classname="ptolemy.util.test.junit.AutoTests" name="[387] /home/travis/build/icyphy/ptII/ptolemy/actor/lib/test/auto/TriggeredClock.xml (RunModel)" time="0.009" />
  <testcase classname="ptolemy.util.test.junit.AutoTests" name="[388] /home/travis/build/icyphy/ptII/ptolemy/actor/lib/test/auto/URLDirectoryReader.xml (RunModel)" time="0.105" />
  <testcase classname="ptolemy.util.test.junit.AutoTests" name="[389] /home/travis/build/icyphy/ptII/ptolemy/actor/lib/test/auto/URLDirectoryReader3.xml (RunModel)" time="1.748" />
  <testcase classname="ptolemy.util.test.junit.AutoTests" name="[390] /home/travis/build/icyphy/ptII/ptolemy/actor/lib/test/auto/UnaryMathFunction.xml (RunModel)" time="0.023" />
  <testcase classname="ptolemy.util.test.junit.AutoTests" name="[391] /home/travis/build/icyphy/ptII/ptolemy/actor/lib/test/auto/Uniform.xml (RunModel)" time="0.01" />
  <testcase classname="ptolemy.util.test.junit.AutoTests" name="[392] /home/travis/build/icyphy/ptII/ptolemy/actor/lib/test/auto/UnionDisassemblerTest.xml (RunModel)" time="0.011" />
  <testcase classname="ptolemy.util.test.junit.AutoTests" name="[393] /home/travis/build/icyphy/ptII/ptolemy/actor/lib/test/auto/UtilityFunctions.xml (RunModel)" time="0.007" />
  <testcase classname="ptolemy.util.test.junit.AutoTests" name="[394] /home/travis/build/icyphy/ptII/ptolemy/actor/lib/test/auto/VariableSleep.xml (RunModel)" time="0.511" />
  <testcase classname="ptolemy.util.test.junit.AutoTests" name="[395] /home/travis/build/icyphy/ptII/ptolemy/actor/lib/test/auto/VectorAssemblerDisassemblerCT.xml (RunModel)" time="0.104" />
  <testcase classname="ptolemy.util.test.junit.AutoTests" name="[396] /home/travis/build/icyphy/ptII/ptolemy/actor/lib/test/auto/VectorAssemblerDisassemblerDE.xml (RunModel)" time="0.012" />
  <testcase classname="ptolemy.util.test.junit.AutoTests" name="[397] /home/travis/build/icyphy/ptII/ptolemy/actor/lib/test/auto/VectorAssemblerDisassemblerSDF.xml (RunModel)" time="0.011" />
  <testcase classname="ptolemy.util.test.junit.AutoTests" name="[398] /home/travis/build/icyphy/ptII/ptolemy/actor/lib/test/auto/WallClockTime.xml (RunModel)" time="1.013" />
  <testcase classname="ptolemy.util.test.junit.AutoTests" name="[399] /home/travis/build/icyphy/ptII/ptolemy/actor/lib/test/auto/WidthTestWithSubscriberPublisher.xml (RunModel)" time="0.038" />
  <testcase classname="ptolemy.util.test.junit.AutoTests" name="[400] /home/travis/build/icyphy/ptII/ptolemy/actor/lib/test/auto/WidthTestWithSubscriberPublisher2.xml (RunModel)" time="0.018" />
  <testcase classname="ptolemy.util.test.junit.AutoTests" name="[401] /home/travis/build/icyphy/ptII/ptolemy/actor/lib/test/auto/WidthTestWithSubscriberPublisher3.xml (RunModel)" time="0.017" />
  <testcase classname="ptolemy.util.test.junit.AutoTests" name="[402] /home/travis/build/icyphy/ptII/ptolemy/actor/lib/test/auto/Writer.xml (RunModel)" time="0.012" />
  <testcase classname="ptolemy.util.test.junit.AutoTests" name="[403] /home/travis/build/icyphy/ptII/ptolemy/actor/lib/test/auto/array.xml (RunModel)" time="0.037" />
  <testcase classname="ptolemy.util.test.junit.AutoTests" name="[404] /home/travis/build/icyphy/ptII/ptolemy/actor/lib/test/auto/array2.xml (RunModel)" time="0.01" />
  <testcase classname="ptolemy.util.test.junit.AutoTests" name="[405] /home/travis/build/icyphy/ptII/ptolemy/actor/lib/test/auto/arrayType.xml (RunModel)" time="0.022" />
  <testcase classname="ptolemy.util.test.junit.AutoTests" name="[406] /home/travis/build/icyphy/ptII/ptolemy/actor/lib/test/auto/arrayType10.xml (RunModel)" time="0.012" />
  <testcase classname="ptolemy.util.test.junit.AutoTests" name="[407] /home/travis/build/icyphy/ptII/ptolemy/actor/lib/test/auto/arrayType11.xml (RunModel)" time="0.008" />
  <testcase classname="ptolemy.util.test.junit.AutoTests" name="[408] /home/travis/build/icyphy/ptII/ptolemy/actor/lib/test/auto/arrayType12.xml (RunModel)" time="0.009" />
  <testcase classname="ptolemy.util.test.junit.AutoTests" name="[409] /home/travis/build/icyphy/ptII/ptolemy/actor/lib/test/auto/arrayType13.xml (RunModel)" time="0.009" />
  <testcase classname="ptolemy.util.test.junit.AutoTests" name="[410] /home/travis/build/icyphy/ptII/ptolemy/actor/lib/test/auto/arrayType14.xml (RunModel)" time="0.008" />
  <testcase classname="ptolemy.util.test.junit.AutoTests" name="[411] /home/travis/build/icyphy/ptII/ptolemy/actor/lib/test/auto/arrayType15.xml (RunModel)" time="0.01" />
  <testcase classname="ptolemy.util.test.junit.AutoTests" name="[412] /home/travis/build/icyphy/ptII/ptolemy/actor/lib/test/auto/arrayType16.xml (RunModel)" time="0.008" />
  <testcase classname="ptolemy.util.test.junit.AutoTests" name="[413] /home/travis/build/icyphy/ptII/ptolemy/actor/lib/test/auto/arrayType17.xml (RunModel)" time="0.01" />
  <testcase classname="ptolemy.util.test.junit.AutoTests" name="[414] /home/travis/build/icyphy/ptII/ptolemy/actor/lib/test/auto/arrayType18.xml (RunModel)" time="0.008" />
  <testcase classname="ptolemy.util.test.junit.AutoTests" name="[415] /home/travis/build/icyphy/ptII/ptolemy/actor/lib/test/auto/arrayType19.xml (RunModel)" time="0.008" />
  <testcase classname="ptolemy.util.test.junit.AutoTests" name="[416] /home/travis/build/icyphy/ptII/ptolemy/actor/lib/test/auto/arrayType2.xml (RunModel)" time="0.008" />
  <testcase classname="ptolemy.util.test.junit.AutoTests" name="[417] /home/travis/build/icyphy/ptII/ptolemy/actor/lib/test/auto/arrayType20.xml (RunModel)" time="0.008" />
  <testcase classname="ptolemy.util.test.junit.AutoTests" name="[418] /home/travis/build/icyphy/ptII/ptolemy/actor/lib/test/auto/arrayType21.xml (RunModel)" time="0.007" />
  <testcase classname="ptolemy.util.test.junit.AutoTests" name="[419] /home/travis/build/icyphy/ptII/ptolemy/actor/lib/test/auto/arrayType22.xml (RunModel)" time="0.008" />
  <testcase classname="ptolemy.util.test.junit.AutoTests" name="[420] /home/travis/build/icyphy/ptII/ptolemy/actor/lib/test/auto/arrayType23.xml (RunModel)" time="0.008" />
  <testcase classname="ptolemy.util.test.junit.AutoTests" name="[421] /home/travis/build/icyphy/ptII/ptolemy/actor/lib/test/auto/arrayType24.xml (RunModel)" time="0.009" />
  <testcase classname="ptolemy.util.test.junit.AutoTests" name="[422] /home/travis/build/icyphy/ptII/ptolemy/actor/lib/test/auto/arrayType25.xml (RunModel)" time="0.008" />
  <testcase classname="ptolemy.util.test.junit.AutoTests" name="[423] /home/travis/build/icyphy/ptII/ptolemy/actor/lib/test/auto/arrayType26.xml (RunModel)" time="0.01" />
  <testcase classname="ptolemy.util.test.junit.AutoTests" name="[424] /home/travis/build/icyphy/ptII/ptolemy/actor/lib/test/auto/arrayType27.xml (RunModel)" time="0.009" />
  <testcase classname="ptolemy.util.test.junit.AutoTests" name="[425] /home/travis/build/icyphy/ptII/ptolemy/actor/lib/test/auto/arrayType28.xml (RunModel)" time="0.017" />
  <testcase classname="ptolemy.util.test.junit.AutoTests" name="[426] /home/travis/build/icyphy/ptII/ptolemy/actor/lib/test/auto/arrayType3.xml (RunModel)" time="0.01" />
  <testcase classname="ptolemy.util.test.junit.AutoTests" name="[427] /home/travis/build/icyphy/ptII/ptolemy/actor/lib/test/auto/arrayType4.xml (RunModel)" time="0.008" />
  <testcase classname="ptolemy.util.test.junit.AutoTests" name="[428] /home/travis/build/icyphy/ptII/ptolemy/actor/lib/test/auto/arrayType5.xml (RunModel)" time="0.008" />
  <testcase classname="ptolemy.util.test.junit.AutoTests" name="[429] /home/travis/build/icyphy/ptII/ptolemy/actor/lib/test/auto/arrayType6.xml (RunModel)" time="0.008" />
  <testcase classname="ptolemy.util.test.junit.AutoTests" name="[430] /home/travis/build/icyphy/ptII/ptolemy/actor/lib/test/auto/arrayType7.xml (RunModel)" time="0.008" />
  <testcase classname="ptolemy.util.test.junit.AutoTests" name="[431] /home/travis/build/icyphy/ptII/ptolemy/actor/lib/test/auto/arrayType8.xml (RunModel)" time="0.024" />
  <testcase classname="ptolemy.util.test.junit.AutoTests" name="[432] /home/travis/build/icyphy/ptII/ptolemy/actor/lib/test/auto/arrayType9.xml (RunModel)" time="0.007" />
  <testcase classname="ptolemy.util.test.junit.AutoTests" name="[433] /home/travis/build/icyphy/ptII/ptolemy/actor/lib/test/auto/cast.xml (RunModel)" time="0.008" />
  <testcase classname="ptolemy.util.test.junit.AutoTests" name="[434] /home/travis/build/icyphy/ptII/ptolemy/actor/lib/test/auto/compositeMultiPort.xml (RunModel)" time="0.019" />
  <testcase classname="ptolemy.util.test.junit.AutoTests" name="[435] /home/travis/build/icyphy/ptII/ptolemy/actor/lib/test/auto/expressionCastInference.xml (RunModel)" time="0.011" />
  <testcase classname="ptolemy.util.test.junit.AutoTests" name="[436] /home/travis/build/icyphy/ptII/ptolemy/actor/lib/test/auto/expressionCastInference2.xml (RunModel)" time="0.008" />
  <testcase classname="ptolemy.util.test.junit.AutoTests" name="[437] /home/travis/build/icyphy/ptII/ptolemy/actor/lib/test/auto/expressionInference.xml (RunModel)" time="0.032" />
  <testcase classname="ptolemy.util.test.junit.AutoTests" name="[438] /home/travis/build/icyphy/ptII/ptolemy/actor/lib/test/auto/expression_bug.xml (RunModel)" time="0.028" />
  <testcase classname="ptolemy.util.test.junit.AutoTests" name="[439] /home/travis/build/icyphy/ptII/ptolemy/actor/lib/test/auto/factorial.xml (RunModel)" time="0.095" />
  <testcase classname="ptolemy.util.test.junit.AutoTests" name="[440] /home/travis/build/icyphy/ptII/ptolemy/actor/lib/test/auto/filterTest1.xml (RunModel)" time="0.041" />
  <testcase classname="ptolemy.util.test.junit.AutoTests" name="[441] /home/travis/build/icyphy/ptII/ptolemy/actor/lib/test/auto/funcApplyInConst.xml (RunModel)" time="0.032" />
  <testcase classname="ptolemy.util.test.junit.AutoTests" name="[442] /home/travis/build/icyphy/ptII/ptolemy/actor/lib/test/auto/funcApplyInExpr.xml (RunModel)" time="0.008" />
  <testcase classname="ptolemy.util.test.junit.AutoTests" name="[443] /home/travis/build/icyphy/ptII/ptolemy/actor/lib/test/auto/function.xml (RunModel)" time="0.011" />
  <testcase classname="ptolemy.util.test.junit.AutoTests" name="[444] /home/travis/build/icyphy/ptII/ptolemy/actor/lib/test/auto/function2.xml (RunModel)" time="0.008" />
  <testcase classname="ptolemy.util.test.junit.AutoTests" name="[445] /home/travis/build/icyphy/ptII/ptolemy/actor/lib/test/auto/function3.xml (RunModel)" time="0.01" />
  <testcase classname="ptolemy.util.test.junit.AutoTests" name="[446] /home/travis/build/icyphy/ptII/ptolemy/actor/lib/test/auto/functionClosureTest1.xml (RunModel)" time="0.011" />
  <testcase classname="ptolemy.util.test.junit.AutoTests" name="[447] /home/travis/build/icyphy/ptII/ptolemy/actor/lib/test/auto/functionClosureTest2.xml (RunModel)" time="0.007" />
  <testcase classname="ptolemy.util.test.junit.AutoTests" name="[448] /home/travis/build/icyphy/ptII/ptolemy/actor/lib/test/auto/functionClosureTest3.xml (RunModel)" time="0.009" />
  <testcase classname="ptolemy.util.test.junit.AutoTests" name="[449] /home/travis/build/icyphy/ptII/ptolemy/actor/lib/test/auto/functionClosureTest4.xml (RunModel)" time="0.015" />
  <testcase classname="ptolemy.util.test.junit.AutoTests" name="[450] /home/travis/build/icyphy/ptII/ptolemy/actor/lib/test/auto/functionClosureTest5.xml (RunModel)" time="0.013" />
  <testcase classname="ptolemy.util.test.junit.AutoTests" name="[451] /home/travis/build/icyphy/ptII/ptolemy/actor/lib/test/auto/functionClosureTest6.xml (RunModel)" time="0.009" />
  <testcase classname="ptolemy.util.test.junit.AutoTests" name="[452] /home/travis/build/icyphy/ptII/ptolemy/actor/lib/test/auto/functionsOnArcs.xml (RunModel)" time="0.01" />
  <testcase classname="ptolemy.util.test.junit.AutoTests" name="[453] /home/travis/build/icyphy/ptII/ptolemy/actor/lib/test/auto/functionsOnArcsHOF.xml (RunModel)" time="0.011" />
  <testcase classname="ptolemy.util.test.junit.AutoTests" name="[454] /home/travis/build/icyphy/ptII/ptolemy/actor/lib/test/auto/logic.xml (RunModel)" time="0.016" />
  <testcase classname="ptolemy.util.test.junit.AutoTests" name="[455] /home/travis/build/icyphy/ptII/ptolemy/actor/lib/test/auto/matrixType.xml (RunModel)" time="0.009" />
  <testcase classname="ptolemy.util.test.junit.AutoTests" name="[456] /home/travis/build/icyphy/ptII/ptolemy/actor/lib/test/auto/matrixType10.xml (RunModel)" time="0.009" />
  <testcase classname="ptolemy.util.test.junit.AutoTests" name="[457] /home/travis/build/icyphy/ptII/ptolemy/actor/lib/test/auto/matrixType11.xml (RunModel)" time="0.007" />
  <testcase classname="ptolemy.util.test.junit.AutoTests" name="[458] /home/travis/build/icyphy/ptII/ptolemy/actor/lib/test/auto/matrixType12.xml (RunModel)" time="0.01" />
  <testcase classname="ptolemy.util.test.junit.AutoTests" name="[459] /home/travis/build/icyphy/ptII/ptolemy/actor/lib/test/auto/matrixType13.xml (RunModel)" time="0.007" />
  <testcase classname="ptolemy.util.test.junit.AutoTests" name="[460] /home/travis/build/icyphy/ptII/ptolemy/actor/lib/test/auto/matrixType14.xml (RunModel)" time="0.009" />
  <testcase classname="ptolemy.util.test.junit.AutoTests" name="[461] /home/travis/build/icyphy/ptII/ptolemy/actor/lib/test/auto/matrixType2.xml (RunModel)" time="0.013" />
  <testcase classname="ptolemy.util.test.junit.AutoTests" name="[462] /home/travis/build/icyphy/ptII/ptolemy/actor/lib/test/auto/matrixType3.xml (RunModel)" time="0.009" />
  <testcase classname="ptolemy.util.test.junit.AutoTests" name="[463] /home/travis/build/icyphy/ptII/ptolemy/actor/lib/test/auto/matrixType4.xml (RunModel)" time="0.007" />
  <testcase classname="ptolemy.util.test.junit.AutoTests" name="[464] /home/travis/build/icyphy/ptII/ptolemy/actor/lib/test/auto/matrixType5.xml (RunModel)" time="0.008" />
  <testcase classname="ptolemy.util.test.junit.AutoTests" name="[465] /home/travis/build/icyphy/ptII/ptolemy/actor/lib/test/auto/matrixType6.xml (RunModel)" time="0.008" />
  <testcase classname="ptolemy.util.test.junit.AutoTests" name="[466] /home/travis/build/icyphy/ptII/ptolemy/actor/lib/test/auto/matrixType7.xml (RunModel)" time="0.009" />
  <testcase classname="ptolemy.util.test.junit.AutoTests" name="[467] /home/travis/build/icyphy/ptII/ptolemy/actor/lib/test/auto/matrixType8.xml (RunModel)" time="0.01" />
  <testcase classname="ptolemy.util.test.junit.AutoTests" name="[468] /home/travis/build/icyphy/ptII/ptolemy/actor/lib/test/auto/matrixType9.xml (RunModel)" time="0.011" />
  <testcase classname="ptolemy.util.test.junit.AutoTests" name="[469] /home/travis/build/icyphy/ptII/ptolemy/actor/lib/test/auto/paraFunctest.xml (RunModel)" time="0.007" />
  <testcase classname="ptolemy.util.test.junit.AutoTests" name="[470] /home/travis/build/icyphy/ptII/ptolemy/actor/lib/test/auto/paraFunctest2.xml (RunModel)" time="0.012" />
  <testcase classname="ptolemy.util.test.junit.AutoTests" name="[471] /home/travis/build/icyphy/ptII/ptolemy/actor/lib/test/auto/parameterPassing.xml (RunModel)" time="0.012" />
  <testcase classname="ptolemy.util.test.junit.AutoTests" name="[472] /home/travis/build/icyphy/ptII/ptolemy/actor/lib/test/auto/record.xml (RunModel)" time="0.009" />
  <testcase classname="ptolemy.util.test.junit.AutoTests" name="[473] /home/travis/build/icyphy/ptII/ptolemy/actor/lib/test/auto/sizedarray1.xml (RunModel)" time="0.009" />
  <testcase classname="ptolemy.util.test.junit.AutoTests" name="[474] /home/travis/build/icyphy/ptII/ptolemy/actor/lib/test/auto/sizedarray2.xml (RunModel)" time="0.009" />
  <testcase classname="ptolemy.util.test.junit.AutoTests" name="[475] /home/travis/build/icyphy/ptII/ptolemy/actor/lib/test/auto/twoPublishers.xml (RunModel)" time="0.026" />
  <system-out><![CDATA[/home/travis/build/icyphy/ptII/ptolemy/actor/lib/test/AbsoluteValue.tcl
testDefs.tcl: setting time out to 9000 seconds at Thu Jan 30 15:29:22 UTC 2020
129 ms. Memory: 129024K Free: 93123K (72%)
5 ms. Memory: 129024K Free: 91075K (71%)
5 ms. Memory: 129024K Free: 90555K (70%)
5 ms. Memory: 129024K Free: 89523K (69%)
/home/travis/build/icyphy/ptII/ptolemy/actor/lib/test/AddSubtract.tcl
18 ms. Memory: 129024K Free: 87489K (68%)
15 ms. Memory: 129024K Free: 86979K (67%)
16 ms. Memory: 129024K Free: 85955K (67%)
16 ms. Memory: 129024K Free: 85435K (66%)
90 ms. Memory: 129024K Free: 82369K (64%)
19 ms. Memory: 129024K Free: 81345K (63%)
/home/travis/build/icyphy/ptII/ptolemy/actor/lib/test/Average.tcl
14 ms. Memory: 129024K Free: 79811K (62%)
14 ms. Memory: 129024K Free: 78787K (61%)
/home/travis/build/icyphy/ptII/ptolemy/actor/lib/test/Bernoulli.tcl
14 ms. Memory: 129024K Free: 77235K (60%)
1 ms. Memory: 129024K Free: 76739K (59%)
/home/travis/build/icyphy/ptII/ptolemy/actor/lib/test/Clock.tcl
preinitializing
resolving types
initializing
executing number 1
wrapping up
idle
34 ms. Memory: 129024K Free: 74177K (57%)
Completed execution with 5 iterations
preinitializing
resolving types
initializing
executing number 1
wrapping up
idle
13 ms. Memory: 129024K Free: 73123K (57%)
Completed execution with 5 iterations
preinitializing
resolving types
initializing
executing number 1
wrapping up
idle
4 ms. Memory: 129024K Free: 72643K (56%)
Completed execution with 5 iterations
/home/travis/build/icyphy/ptII/ptolemy/actor/lib/test/Commutator.tcl
19 ms. Memory: 129024K Free: 70595K (55%)
12 ms. Memory: 129024K Free: 69571K (54%)
14 ms. Memory: 129024K Free: 63907K (50%)
/home/travis/build/icyphy/ptII/ptolemy/actor/lib/test/Const.tcl
6 ms. Memory: 129024K Free: 62403K (48%)
2 ms. Memory: 129024K Free: 61875K (48%)
3 ms. Memory: 129024K Free: 61379K (48%)
6 ms. Memory: 129024K Free: 60859K (47%)
4 ms. Memory: 129024K Free: 60355K (47%)
19 ms. Memory: 129024K Free: 58817K (46%)
14 ms. Memory: 129024K Free: 57283K (44%)
11 ms. Memory: 129024K Free: 56763K (44%)
/home/travis/build/icyphy/ptII/ptolemy/actor/lib/test/CurrentTime.tcl
preinitializing
resolving types
initializing
executing number 1
wrapping up
idle
15 ms. Memory: 129024K Free: 54707K (42%)
Completed execution with 11 iterations
/home/travis/build/icyphy/ptII/ptolemy/actor/lib/test/DB.tcl
10 ms. Memory: 129024K Free: 53187K (41%)
6 ms. Memory: 129024K Free: 52672K (41%)
2 ms. Memory: 129024K Free: 52163K (40%)
/home/travis/build/icyphy/ptII/ptolemy/actor/lib/test/DiscreteRandomSource.tcl
preinitializing
resolving types
initializing
executing number 1
wrapping up
idle
10 ms. Memory: 129024K Free: 50611K (39%)
Completed execution with 4 iterations
preinitializing
resolving types
initializing
executing number 1
wrapping up
idle
6 ms. Memory: 129024K Free: 50115K (39%)
Completed execution with 4 iterations
preinitializing
resolving types
initializing
executing number 1
wrapping up
idle
5 ms. Memory: 129024K Free: 49601K (38%)
Completed execution with 4 iterations
preinitializing
resolving types
initializing
executing number 1
wrapping up
idle
8 ms. Memory: 129024K Free: 49091K (38%)
Completed execution with 4 iterations
preinitializing
resolving types
initializing
executing number 1
wrapping up
idle
4 ms. Memory: 129024K Free: 48577K (38%)
Completed execution with 4 iterations
/home/travis/build/icyphy/ptII/ptolemy/actor/lib/test/Distributor.tcl
22 ms. Memory: 129024K Free: 113671K (88%)
19 ms. Memory: 129024K Free: 113123K (88%)
StreamChangeRequest.changeExecuted(): <deleteEntity name="rec2"/> succeeded
StreamChangeRequest.changeExecuted(): <deleteRelation name="r2"/> succeeded
StreamChangeRequest.changeExecuted(): Record firings per iteration succeeded
4 ms. Memory: 129024K Free: 110511K (86%)
/home/travis/build/icyphy/ptII/ptolemy/actor/lib/test/Exit.tcl
Exit.tcl: this will print a message about Manager.exitAfterWrapup, which can be ignored.
7 ms. Memory: 129024K Free: 107512K (83%)
/home/travis/build/icyphy/ptII/ptolemy/actor/lib/test/Expression.tcl
13 ms. Memory: 129024K Free: 103921K (81%)
3 ms. Memory: 129024K Free: 103461K (80%)
3 ms. Memory: 129024K Free: 102437K (79%)
preinitializing
resolving types
initializing
executing number 1
wrapping up
idle
7 ms. Memory: 129024K Free: 101295K (79%)
Completed execution with 6 iterations
8 ms. Memory: 129024K Free: 100389K (78%)
3 ms. Memory: 129024K Free: 99365K (77%)
11 ms. Memory: 129024K Free: 98311K (76%)
9 ms. Memory: 129024K Free: 97199K (75%)
13 ms. Memory: 129024K Free: 95699K (74%)
/home/travis/build/icyphy/ptII/ptolemy/actor/lib/test/Gaussian.tcl
5 ms. Memory: 129024K Free: 94231K (73%)
sleeping 1 seconds: ...........................................................................................................................................................................................................................................................................................................................................................................................................................................................................................................................................................................................................................................................................................................................................................................................................................................................................................................................................................................................................................................................................................................................................................................................................................................................................................................................................................................................................................................................................................................................................................................................................................................................................................................................................................................................................................................................................................................................................................................................................................................................................................................................................................................................................................................................................................................................................................................................................................................................................................................................................................................................................................................................................................................................................................................................................................................................................................................................................................................................................................................................................................................................................................................................................................................................................................................................................................................................................................................................................................................................................................................................................................................................................................................................................................................................................................................................................................................................................................................................................................................................................................................................................................................................................................................................................................................................................................................................................................................................................................................................................................................................................................................................................................................................................................................................................................................................................................................................................................................................................................................................................................................................................................................................................................................................................................................................................................................................................................................................................................................................................................................................................................................................................................................................................................................................................................................................................................................................................................................................................................................................................................................................................................................................................................................................................................................................................................................................................................................................................................................................................................................................................................................................................................................................................................................................................................................................................................................................................................................................................................................................................................................................................................................................................................................................................................................................................................................................................................................................................................................................................................................................................................................................................................................................................................................................................................................................................................................................................................................................................................................................................................................................................................................................................................................................................................................................................................................................................................................................................................................................................................................................................................................................................................................................................................................................................................................................................................................................................................................................................................................................................................................................................................................................................................................................................................................................................................................................................................................................................................................................................................................................................................................................................................................................................................................................................................................................................................................................................................................................................................................................................................................................................................................................................................................................................................................................................................................................................................................................................................................................................................................................................................................................................................................................................................................................................................................................................................................................................................................................................................................................................................................................................................................................................................................................................................................................................................................................................................................................................................................................................................................................................................................................................................................................................................................................................................................................................................................................................................................................................................................................................................................................................................................................................................................................................................................................................................................................................................................................................................................................................................................................................................................................................................................................................................................................................................................................................................................................................................................................................................................................................................................................................................................................................................................................................................................................................................................................................................................................................................................................................................................................................................................................................................................................................................................................................................................................................................................................................................................................................................................................................................................................................................................................................................................................................................................................................................................................................................................................................................................................................................................................................................................................................................................................................................................................................................................................................................................................................................................................................................................................................................................................................................................................................................................................................................................................................................................................................................................................................................................................................................................................................................................................................................................................................................................................................................................................................................................................................................................................................................................................................................................................................................................................................................................................................................................................................................................................................................................................................................................................................................................................................................................................................................................................................................................................................................................................................................................................................................................................................................................................................................................................................................................................................................................................................................................................................................................................................................................................................................................................................................................................................................................................................................................................................................................................................................................................................................................................................................................................................................................................................................................................................................................................................................................................................................................................................................................................................................................................................................................................................................................................................................................................................................................................................................................................................................................................................................................................................................................................................................................................................................................................................................................................................................................................................................................................................................................................................................................................................................................................................................................................................................................................................................................................................................................................................................................................................................................................................................................................................................................................................................................................................................................................................................................................................................................................................................................................................................................................................................................................................................................................................................................................................................................................................................................................................................................................................................................................................................................................................................................................................................................................................................................................................................................................................................................................................................................................................................................................................................................................................................................................................................................................................................................................................................................................................................................................................................................................................................................................................................................................................................................................................................................................................................................................................................................................................................................................................................................................................................................................................................................................................................................................................................................................................................................................................................................................................................................................................................................................................................................................................................................................................................................................................................................................................................................................................................................................................................................................................................................................................................................................................................................................................................................................................................................................................................................................................................................................................................................................................................................................................................................................................................................................................................................................................................................................................................................................................................................................................................................................................................................................................................................................................................................................................................................................................................................................................................................................................................................................................................................................................................................................................................................................................................................................................................................................................................................................................................................................................................................................................................................................6 ms. Memory: 129024K Free: 93121K (72%)
3 ms. Memory: 129024K Free: 92611K (72%)
2 ms. Memory: 129024K Free: 92091K (71%)
3 ms. Memory: 129024K Free: 91059K (71%)
2 ms. Memory: 129024K Free: 90563K (70%)
/home/travis/build/icyphy/ptII/ptolemy/actor/lib/test/IIR.tcl
/home/travis/build/icyphy/ptII/ptolemy/actor/lib/test/Interpolator.tcl
4 ms. Memory: 129024K Free: 86977K (67%)
2 ms. Memory: 129024K Free: 86467K (67%)
3 ms. Memory: 129024K Free: 85953K (67%)
2 ms. Memory: 129024K Free: 85441K (66%)
7 ms. Memory: 129024K Free: 84419K (65%)
4 ms. Memory: 129024K Free: 83395K (65%)
2 ms. Memory: 129024K Free: 82875K (64%)
10 ms. Memory: 129024K Free: 81857K (63%)
2 ms. Memory: 129024K Free: 80819K (63%)
4 ms. Memory: 129024K Free: 79809K (62%)
/home/travis/build/icyphy/ptII/ptolemy/actor/lib/test/MathFunction.tcl
4 ms. Memory: 129024K Free: 77761K (60%)
2 ms. Memory: 129024K Free: 76737K (59%)
11 ms. Memory: 129024K Free: 75699K (59%)
2 ms. Memory: 129024K Free: 75203K (58%)
4 ms. Memory: 129024K Free: 73651K (57%)
7 ms. Memory: 129024K Free: 71603K (55%)
/home/travis/build/icyphy/ptII/ptolemy/actor/lib/test/Maximum.tcl
5 ms. Memory: 129024K Free: 69569K (54%)
4 ms. Memory: 129024K Free: 69057K (54%)
6 ms. Memory: 129024K Free: 68513K (53%)
3 ms. Memory: 129024K Free: 68035K (53%)
/home/travis/build/icyphy/ptII/ptolemy/actor/lib/test/Minimum.tcl
5 ms. Memory: 129024K Free: 65987K (51%)
6 ms. Memory: 129024K Free: 65473K (51%)
2 ms. Memory: 129024K Free: 64963K (50%)
2 ms. Memory: 129024K Free: 63939K (50%)
/home/travis/build/icyphy/ptII/ptolemy/actor/lib/test/MultiplyDivide.tcl
12 ms. Memory: 129024K Free: 62387K (48%)
9 ms. Memory: 129024K Free: 61220K (47%)
3 ms. Memory: 129024K Free: 60867K (47%)
4 ms. Memory: 129024K Free: 59843K (46%)
3 ms. Memory: 129024K Free: 59329K (46%)
/home/travis/build/icyphy/ptII/ptolemy/actor/lib/test/OrderedMerge.tcl
Connections changed on port: inputA
Connections changed on port: inputB
Connections changed on port: output
Connections changed on port: output
Connections changed on port: output
Connections changed on port: input
.top. Preinitializing ...
Invoking preinitialize():  .top.OrderedMerge
Called preinitialize()
Invoking preinitialize():  .top.Ramp
Called preinitialize()
Invoking preinitialize():  .top.Ramp2
Called preinitialize()
Invoking preinitialize():  .top.Test
Called preinitialize()
Connections changed on port: inputA
Connections changed on port: output
Connections changed on port: output
Connections changed on port: input
Connections changed on port: inputB
Connections changed on port: output
.top. Finished preinitialize().
Called initialize().
Invoking initialize():  .top.OrderedMerge
Initializing actor: .top.OrderedMerge
Adding a thread: .top.OrderedMerge
Invoking initialize():  .top.Ramp
Initializing actor: .top.Ramp
Adding a thread: .top.Ramp
Invoking initialize():  .top.Ramp2
Initializing actor: .top.Ramp2
Adding a thread: .top.Ramp2
Invoking initialize():  .top.Test
Initializing actor: .top.Test
Adding a thread: .top.Test
Called fire().
Checking for deadlock:
-- Starting thread.
Called initialize()
Called prefire()
Called fire()
-- Starting thread.
Called initialize()
Called prefire()
Called fire()
-- Starting thread.
Called initialize()
Called prefire()
Called fire()
-- Starting thread.
Called initialize()
Called prefire()
Called fire()
There are 0 Blocked actors, 0 Stopped actors, and 4 active threads.
Waiting for actors to stop.
Called postfire()
Called prefire()
Called fire()
Called postfire()
Called prefire()
Called fire()
Read input token from inputA with value 0.0
Checking for deadlock:
There are 2 Blocked actors, 0 Stopped actors, and 4 active threads.
Waiting for actors to stop.
Called postfire()
Called prefire()
Called fire()
Checking for deadlock:
There are 3 Blocked actors, 0 Stopped actors, and 4 active threads.
Waiting for actors to stop.
Next port to read input from is inputB
Called postfire()
Called prefire()
Called fire()
Read input token from inputB with value 0.0
Sent output token with value 0.0
Next port to read input from is inputA
Called postfire()
Called prefire()
Called fire()
Read input token from inputA with value 1.0
Checking for deadlock:
There are 1 Blocked actors, 0 Stopped actors, and 4 active threads.
Waiting for actors to stop.
Called postfire()
Called prefire()
Called fire()
-- Read input: 0.0, which is expected to match: 0.0
Called prefire()
Called fire()
Checking for deadlock:
There are 2 Blocked actors, 0 Stopped actors, and 4 active threads.
Waiting for actors to stop.
Called postfire()
Called prefire()
Called fire()
Sent output token with value 0.0
Next port to read input from is inputB
Called postfire()
Called prefire()
Called fire()
Read input token from inputB with value 1.5
Checking for deadlock:
There are 2 Blocked actors, 0 Stopped actors, and 4 active threads.
Waiting for actors to stop.
-- Read input: 0.0, which is expected to match: 0.0
Called prefire()
Called fire()
Called postfire()
Called prefire()
Called fire()
Checking for deadlock:
There are 3 Blocked actors, 0 Stopped actors, and 4 active threads.
Waiting for actors to stop.
Sent output token with value 1.0
Next port to read input from is inputA
Called postfire()
Called prefire()
Called fire()
Read input token from inputA with value 2.0
Checking for deadlock:
There are 2 Blocked actors, 0 Stopped actors, and 4 active threads.
Waiting for actors to stop.
-- Read input: 1.0, which is expected to match: 1.0
Called prefire()
Called fire()
Called postfire()
Called prefire()
Called fire()
Checking for deadlock:
There are 3 Blocked actors, 0 Stopped actors, and 4 active threads.
Waiting for actors to stop.
-- Read input: 1.5, which is expected to match: 1.5
Called prefire()
Called fire()
Sent output token with value 1.5
Next port to read input from is inputB
Called postfire()
Called prefire()
Called fire()
Read input token from inputB with value 3.0
Sent output token with value 2.0
Next port to read input from is inputA
Called postfire()
Called prefire()
Called fire()
Read input token from inputA with value 3.0
Checking for deadlock:
There are 1 Blocked actors, 0 Stopped actors, and 4 active threads.
Waiting for actors to stop.
Called postfire()
Called prefire()
Called fire()
-- Read input: 2.0, which is expected to match: 2.0
Called prefire()
Called fire()
Called postfire()
Called prefire()
Called fire()
Checking for deadlock:
There are 3 Blocked actors, 0 Stopped actors, and 4 active threads.
Waiting for actors to stop.
-- Read input: 3.0, which is expected to match: 3.0
Called prefire()
Called fire()
Sent output token with value 3.0
Next port to read input from is inputB
Called postfire()
Called prefire()
Called fire()
Read input token from inputB with value 4.5
Sent output token with value 3.0
Next port to read input from is inputA
Called postfire()
Called prefire()
Called fire()
Read input token from inputA with value 4.0
Checking for deadlock:
There are 1 Blocked actors, 0 Stopped actors, and 4 active threads.
Waiting for actors to stop.
Called postfire()
Called prefire()
Called fire()
-- Read input: 3.0, which is expected to match: 3.0
Called prefire()
Called fire()
Called postfire()
Called prefire()
Called fire()
Checking for deadlock:
There are 3 Blocked actors, 0 Stopped actors, and 4 active threads.
Waiting for actors to stop.
-- Read input: 4.0, which is expected to match: 4.0
Called prefire()
Called fire()
Past the end of training data. Read and discard all inputs.
Checking for deadlock:
There are 3 Blocked actors, 0 Stopped actors, and 4 active threads.
Waiting for actors to stop.
Sent output token with value 4.0
Next port to read input from is inputA
Called postfire()
Called prefire()
Called fire()
Called postfire()
Called prefire()
Called fire()
Checking for deadlock:
There are 3 Blocked actors, 0 Stopped actors, and 4 active threads.
Waiting for actors to stop.
Read input token from inputA with value 5.0
Called prefire()
Called fire()
Past the end of training data. Read and discard all inputs.
Checking for deadlock:
There are 3 Blocked actors, 0 Stopped actors, and 4 active threads.
Waiting for actors to stop.
Sent output token with value 4.5
Next port to read input from is inputB
Called postfire()
Called prefire()
Called fire()
Called postfire()
Called prefire()
Called fire()
Checking for deadlock:
There are 3 Blocked actors, 0 Stopped actors, and 4 active threads.
Waiting for actors to stop.
Read input token from inputB with value 6.0
Called prefire()
Called fire()
Past the end of training data. Read and discard all inputs.
Checking for deadlock:
There are 3 Blocked actors, 0 Stopped actors, and 4 active threads.
Waiting for actors to stop.
Sent output token with value 5.0
Next port to read input from is inputA
Called postfire()
Called prefire()
Called fire()
Checking for deadlock:
There are 2 Blocked actors, 0 Stopped actors, and 4 active threads.
Waiting for actors to stop.
Called postfire()
Called prefire()
Called fire()
Checking for deadlock:
There are 3 Blocked actors, 0 Stopped actors, and 4 active threads.
Waiting for actors to stop.
Read input token from inputA with value 6.0
Checking for deadlock:
There are 2 Blocked actors, 0 Stopped actors, and 4 active threads.
Waiting for actors to stop.
Called prefire()
Called fire()
Past the end of training data. Read and discard all inputs.
Checking for deadlock:
There are 3 Blocked actors, 0 Stopped actors, and 4 active threads.
Waiting for actors to stop.
Sent output token with value 6.0
Next port to read input from is inputB
Called postfire()
Called prefire()
Called fire()
Called postfire()
Called prefire()
Called fire()
Checking for deadlock:
There are 3 Blocked actors, 0 Stopped actors, and 4 active threads.
Waiting for actors to stop.
Read input token from inputB with value 7.5
Called prefire()
Called fire()
Past the end of training data. Read and discard all inputs.
Checking for deadlock:
There are 3 Blocked actors, 0 Stopped actors, and 4 active threads.
Waiting for actors to stop.
Sent output token with value 6.0
Next port to read input from is inputA
Called postfire()
Called prefire()
Called fire()
Checking for deadlock:
There are 2 Blocked actors, 0 Stopped actors, and 4 active threads.
Waiting for actors to stop.
Called postfire()
Called prefire()
Called fire()
Checking for deadlock:
There are 3 Blocked actors, 0 Stopped actors, and 4 active threads.
Waiting for actors to stop.
Read input token from inputA with value 7.0
Checking for deadlock:
There are 2 Blocked actors, 0 Stopped actors, and 4 active threads.
Waiting for actors to stop.
Called prefire()
Called fire()
Past the end of training data. Read and discard all inputs.
Checking for deadlock:
There are 3 Blocked actors, 0 Stopped actors, and 4 active threads.
Waiting for actors to stop.
Sent output token with value 7.0
Next port to read input from is inputA
Called postfire()
Called prefire()
Called fire()
Checking for deadlock:
There are 2 Blocked actors, 0 Stopped actors, and 4 active threads.
Waiting for actors to stop.
-- Thread wrapup() called.
Called wrapup()
Thread .top.Ramp is exiting.
-- Thread stopped.
Read input token from inputA with value 8.0
Sent output token with value 7.5
Next port to read input from is inputB
Called postfire()
Called prefire()
Called fire()
Read input token from inputB with value 9.0
Checking for deadlock:
There are 1 Blocked actors, 0 Stopped actors, and 3 active threads.
Waiting for actors to stop.
Called postfire()
Called prefire()
Called fire()
Called prefire()
Called fire()
Past the end of training data. Read and discard all inputs.
Checking for deadlock:
There are 2 Blocked actors, 0 Stopped actors, and 3 active threads.
Waiting for actors to stop.
Called prefire()
Called fire()
Past the end of training data. Read and discard all inputs.
Checking for deadlock:
There are 2 Blocked actors, 0 Stopped actors, and 3 active threads.
Waiting for actors to stop.
Sent output token with value 8.0
Next port to read input from is inputA
Called postfire()
Called prefire()
Called fire()
Read input token from inputA with value 9.0
Called prefire()
Called fire()
Past the end of training data. Read and discard all inputs.
Checking for deadlock:
There are 2 Blocked actors, 0 Stopped actors, and 3 active threads.
Waiting for actors to stop.
Sent output token with value 9.0
Next port to read input from is inputB
Called postfire()
Called prefire()
Called fire()
Called postfire()
Called prefire()
Called fire()
Checking for deadlock:
There are 2 Blocked actors, 0 Stopped actors, and 3 active threads.
Waiting for actors to stop.
Read input token from inputB with value 10.5
Called prefire()
Called fire()
Past the end of training data. Read and discard all inputs.
Checking for deadlock:
There are 2 Blocked actors, 0 Stopped actors, and 3 active threads.
Waiting for actors to stop.
Sent output token with value 9.0
Next port to read input from is inputA
Called postfire()
Called prefire()
Called fire()
Checking for deadlock:
There are 3 Blocked actors, 0 Stopped actors, and 3 active threads.
Actors have stopped.
Checking for deadlock:
There are 3 Blocked actors, 0 Stopped actors, and 3 active threads.
Deadlock detected.
Resolving Deadlock
Checking for deadlock:
There are 3 Blocked actors, 0 Stopped actors, and 3 active threads.
Artificial Deadlock - increasing queue capacity.
increasing the capacity of receiver ptolemy.actor.TypedIOPort {.top.OrderedMerge.inputB} to 2
Director: Called postfire().
Called postfire().
_stopRequested = false
_stopFireRequested = false
Returning from postfire(): true
Called fire().
Checking for deadlock:
There are 2 Blocked actors, 0 Stopped actors, and 3 active threads.
Waiting for actors to stop.
-- Thread wrapup() called.
Called wrapup()
Thread .top.Ramp2 is exiting.
-- Thread stopped.
Checking for deadlock:
There are 2 Blocked actors, 0 Stopped actors, and 2 active threads.
Actors have stopped.
Checking for deadlock:
There are 2 Blocked actors, 0 Stopped actors, and 2 active threads.
Deadlock detected.
Resolving Deadlock
Checking for deadlock:
There are 2 Blocked actors, 0 Stopped actors, and 2 active threads.
Deadlock detected: no processes blocked on write, but some are blocked on read.
Called postfire().
_stopRequested = false
_stopFireRequested = false
Returning from postfire(): false
Finished deactivating branches.
Called wrapup().
-- Thread wrapup() called.
Called wrapup()
Thread .top.Test is exiting.
-- Thread stopped.
-- Blocked Receiver call threw TerminateProcessException.
-- Thread wrapup() called.
Called wrapup()
Thread .top.OrderedMerge is exiting.
-- Thread stopped.
-- Blocked Receiver call threw TerminateProcessException.
63 ms. Memory: 129024K Free: 110311K (85%)
.top. Preinitializing ...
Invoking preinitialize():  .top.OrderedMerge
Called preinitialize()
Invoking preinitialize():  .top.Ramp
Called preinitialize()
Invoking preinitialize():  .top.Ramp2
Called preinitialize()
Invoking preinitialize():  .top.Test
Called preinitialize()
.top. Finished preinitialize().
Called initialize().
Invoking initialize():  .top.OrderedMerge
Initializing actor: .top.OrderedMerge
Adding a thread: .top.OrderedMerge
Invoking initialize():  .top.Ramp
Initializing actor: .top.Ramp
Adding a thread: .top.Ramp
Invoking initialize():  .top.Ramp2
Initializing actor: .top.Ramp2
Adding a thread: .top.Ramp2
Invoking initialize():  .top.Test
Initializing actor: .top.Test
Adding a thread: .top.Test
-- Starting thread.
Called initialize()
Called prefire()
Called fire()
-- Starting thread.
Called initialize()
Called prefire()
Called fire()
Called postfire()
Called prefire()
Called fire()
-- Starting thread.
Called initialize()
Called prefire()
Called fire()
Called postfire()
Called prefire()
Called fire()
Called fire().
Checking for deadlock:
There are 3 Blocked actors, 0 Stopped actors, and 4 active threads.
Waiting for actors to stop.
-- Starting thread.
Called initialize()
Called prefire()
Called fire()
Checking for deadlock:
There are 2 Blocked actors, 0 Stopped actors, and 4 active threads.
Waiting for actors to stop.
Called postfire()
Called prefire()
Called fire()
Checking for deadlock:
There are 3 Blocked actors, 0 Stopped actors, and 4 active threads.
Waiting for actors to stop.
Read input token from inputA with value 0.0
Next port to read input from is inputB
Called postfire()
Called prefire()
Called fire()
Called postfire()
Called prefire()
Called fire()
Checking for deadlock:
There are 3 Blocked actors, 0 Stopped actors, and 4 active threads.
Waiting for actors to stop.
Read input token from inputB with value 0.0
Checking for deadlock:
There are 2 Blocked actors, 0 Stopped actors, and 4 active threads.
Waiting for actors to stop.
-- Read input: 0.0, which is expected to match: 0.0
Called prefire()
Called fire()
Checking for deadlock:
There are 3 Blocked actors, 0 Stopped actors, and 4 active threads.
Waiting for actors to stop.
Sent output token with value 0.0
Next port to read input from is inputA
Called postfire()
Called prefire()
Called fire()
Checking for deadlock:
There are 2 Blocked actors, 0 Stopped actors, and 4 active threads.
Waiting for actors to stop.
Called postfire()
Called prefire()
Called fire()
Checking for deadlock:
There are 3 Blocked actors, 0 Stopped actors, and 4 active threads.
Waiting for actors to stop.
Read input token from inputA with value 1.0
Checking for deadlock:
There are 2 Blocked actors, 0 Stopped actors, and 4 active threads.
Waiting for actors to stop.
-- Read input: 0.0, which is expected to match: 0.0
Called prefire()
Called fire()
Checking for deadlock:
There are 3 Blocked actors, 0 Stopped actors, and 4 active threads.
Waiting for actors to stop.
Sent output token with value 0.0
Next port to read input from is inputB
Called postfire()
Called prefire()
Called fire()
Called postfire()
Called prefire()
Called fire()
Checking for deadlock:
There are 3 Blocked actors, 0 Stopped actors, and 4 active threads.
Waiting for actors to stop.
Read input token from inputB with value 1.5
-- Read input: 1.0, which is expected to match: 1.0
Called prefire()
Called fire()
Checking for deadlock:
There are 3 Blocked actors, 0 Stopped actors, and 4 active threads.
Waiting for actors to stop.
Sent output token with value 1.0
Next port to read input from is inputA
Called postfire()
Called prefire()
Called fire()
Checking for deadlock:
There are 2 Blocked actors, 0 Stopped actors, and 4 active threads.
Waiting for actors to stop.
Called postfire()
Called prefire()
Called fire()
Checking for deadlock:
There are 3 Blocked actors, 0 Stopped actors, and 4 active threads.
Waiting for actors to stop.
Read input token from inputA with value 2.0
Checking for deadlock:
There are 2 Blocked actors, 0 Stopped actors, and 4 active threads.
Waiting for actors to stop.
-- Read input: 1.5, which is expected to match: 1.5
Called prefire()
Called fire()
Checking for deadlock:
There are 3 Blocked actors, 0 Stopped actors, and 4 active threads.
Waiting for actors to stop.
Sent output token with value 1.5
Next port to read input from is inputB
Called postfire()
Called prefire()
Called fire()
Checking for deadlock:
There are 2 Blocked actors, 0 Stopped actors, and 4 active threads.
Waiting for actors to stop.
Called postfire()
Called prefire()
Called fire()
Checking for deadlock:
There are 3 Blocked actors, 0 Stopped actors, and 4 active threads.
Waiting for actors to stop.
Read input token from inputB with value 3.0
Checking for deadlock:
There are 2 Blocked actors, 0 Stopped actors, and 4 active threads.
Waiting for actors to stop.
-- Read input: 2.0, which is expected to match: 2.0
Called prefire()
Called fire()
Checking for deadlock:
There are 3 Blocked actors, 0 Stopped actors, and 4 active threads.
Waiting for actors to stop.
Sent output token with value 2.0
Next port to read input from is inputA
Called postfire()
Called prefire()
Called fire()
Checking for deadlock:
There are 2 Blocked actors, 0 Stopped actors, and 4 active threads.
Waiting for actors to stop.
Called postfire()
Called prefire()
Called fire()
Checking for deadlock:
There are 3 Blocked actors, 0 Stopped actors, and 4 active threads.
Waiting for actors to stop.
Read input token from inputA with value 3.0
Checking for deadlock:
There are 2 Blocked actors, 0 Stopped actors, and 4 active threads.
Waiting for actors to stop.
-- Read input: 3.0, which is expected to match: 3.0
Called prefire()
Called fire()
Checking for deadlock:
There are 3 Blocked actors, 0 Stopped actors, and 4 active threads.
Waiting for actors to stop.
Sent output token with value 3.0
Next port to read input from is inputB
Called postfire()
Called prefire()
Called fire()
Called postfire()
Called prefire()
Called fire()
Checking for deadlock:
There are 3 Blocked actors, 0 Stopped actors, and 4 active threads.
Waiting for actors to stop.
Read input token from inputB with value 4.5
-- Read input: 3.0, which is expected to match: 3.0
Called prefire()
Called fire()
Checking for deadlock:
There are 3 Blocked actors, 0 Stopped actors, and 4 active threads.
Waiting for actors to stop.
Sent output token with value 3.0
Next port to read input from is inputA
Called postfire()
Called prefire()
Called fire()
Called postfire()
Called prefire()
Called fire()
Checking for deadlock:
There are 3 Blocked actors, 0 Stopped actors, and 4 active threads.
Waiting for actors to stop.
Read input token from inputA with value 4.0
-- Read input: 4.0, which is expected to match: 4.0
Called prefire()
Called fire()
Past the end of training data. Read and discard all inputs.
Checking for deadlock:
There are 3 Blocked actors, 0 Stopped actors, and 4 active threads.
Waiting for actors to stop.
Sent output token with value 4.0
Next port to read input from is inputA
Called postfire()
Called prefire()
Called fire()
Called postfire()
Called prefire()
Called fire()
Checking for deadlock:
There are 3 Blocked actors, 0 Stopped actors, and 4 active threads.
Waiting for actors to stop.
Read input token from inputA with value 5.0
Called prefire()
Called fire()
Past the end of training data. Read and discard all inputs.
Checking for deadlock:
There are 3 Blocked actors, 0 Stopped actors, and 4 active threads.
Waiting for actors to stop.
Sent output token with value 4.5
Next port to read input from is inputB
Called postfire()
Called prefire()
Called fire()
Checking for deadlock:
There are 2 Blocked actors, 0 Stopped actors, and 4 active threads.
Waiting for actors to stop.
Called postfire()
Called prefire()
Called fire()
Checking for deadlock:
There are 3 Blocked actors, 0 Stopped actors, and 4 active threads.
Waiting for actors to stop.
Read input token from inputB with value 6.0
Checking for deadlock:
There are 2 Blocked actors, 0 Stopped actors, and 4 active threads.
Waiting for actors to stop.
Called prefire()
Called fire()
Past the end of training data. Read and discard all inputs.
Checking for deadlock:
There are 3 Blocked actors, 0 Stopped actors, and 4 active threads.
Waiting for actors to stop.
Sent output token with value 5.0
Next port to read input from is inputA
Called postfire()
Called prefire()
Called fire()
Called postfire()
Called prefire()
Called fire()
Checking for deadlock:
There are 3 Blocked actors, 0 Stopped actors, and 4 active threads.
Waiting for actors to stop.
Read input token from inputA with value 6.0
Called prefire()
Called fire()
Past the end of training data. Read and discard all inputs.
Checking for deadlock:
There are 3 Blocked actors, 0 Stopped actors, and 4 active threads.
Waiting for actors to stop.
Sent output token with value 6.0
Next port to read input from is inputB
Called postfire()
Called prefire()
Called fire()
Checking for deadlock:
There are 2 Blocked actors, 0 Stopped actors, and 4 active threads.
Waiting for actors to stop.
Called postfire()
Called prefire()
Called fire()
Checking for deadlock:
There are 3 Blocked actors, 0 Stopped actors, and 4 active threads.
Waiting for actors to stop.
Read input token from inputB with value 7.5
Checking for deadlock:
There are 2 Blocked actors, 0 Stopped actors, and 4 active threads.
Waiting for actors to stop.
Called prefire()
Called fire()
Past the end of training data. Read and discard all inputs.
Checking for deadlock:
There are 3 Blocked actors, 0 Stopped actors, and 4 active threads.
Waiting for actors to stop.
Sent output token with value 6.0
Next port to read input from is inputA
Called postfire()
Called prefire()
Called fire()
Called postfire()
Called prefire()
Called fire()
Checking for deadlock:
There are 3 Blocked actors, 0 Stopped actors, and 4 active threads.
Waiting for actors to stop.
Read input token from inputA with value 7.0
Called prefire()
Called fire()
Past the end of training data. Read and discard all inputs.
Checking for deadlock:
There are 3 Blocked actors, 0 Stopped actors, and 4 active threads.
Waiting for actors to stop.
Sent output token with value 7.0
Next port to read input from is inputA
Called postfire()
Called prefire()
Called fire()
-- Thread wrapup() called.
Called wrapup()
Thread .top.Ramp is exiting.
-- Thread stopped.
Checking for deadlock:
There are 2 Blocked actors, 0 Stopped actors, and 3 active threads.
Waiting for actors to stop.
Read input token from inputA with value 8.0
Checking for deadlock:
There are 1 Blocked actors, 0 Stopped actors, and 3 active threads.
Waiting for actors to stop.
Called prefire()
Called fire()
Past the end of training data. Read and discard all inputs.
Checking for deadlock:
There are 2 Blocked actors, 0 Stopped actors, and 3 active threads.
Waiting for actors to stop.
Sent output token with value 7.5
Next port to read input from is inputB
Called postfire()
Called prefire()
Called fire()
Checking for deadlock:
There are 1 Blocked actors, 0 Stopped actors, and 3 active threads.
Waiting for actors to stop.
Called postfire()
Called prefire()
Called fire()
Checking for deadlock:
There are 2 Blocked actors, 0 Stopped actors, and 3 active threads.
Waiting for actors to stop.
Read input token from inputB with value 9.0
Checking for deadlock:
There are 1 Blocked actors, 0 Stopped actors, and 3 active threads.
Waiting for actors to stop.
Called prefire()
Called fire()
Past the end of training data. Read and discard all inputs.
Checking for deadlock:
There are 2 Blocked actors, 0 Stopped actors, and 3 active threads.
Waiting for actors to stop.
Sent output token with value 8.0
Next port to read input from is inputA
Called postfire()
Called prefire()
Called fire()
Read input token from inputA with value 9.0
Called prefire()
Called fire()
Past the end of training data. Read and discard all inputs.
Checking for deadlock:
There are 2 Blocked actors, 0 Stopped actors, and 3 active threads.
Waiting for actors to stop.
Sent output token with value 9.0
Next port to read input from is inputB
Called postfire()
Called prefire()
Called fire()
Called postfire()
Called prefire()
Called fire()
Checking for deadlock:
There are 2 Blocked actors, 0 Stopped actors, and 3 active threads.
Waiting for actors to stop.
Read input token from inputB with value 10.5
Called prefire()
Called fire()
Past the end of training data. Read and discard all inputs.
Checking for deadlock:
There are 2 Blocked actors, 0 Stopped actors, and 3 active threads.
Waiting for actors to stop.
Sent output token with value 9.0
Next port to read input from is inputA
Called postfire()
Called prefire()
Called fire()
Checking for deadlock:
There are 3 Blocked actors, 0 Stopped actors, and 3 active threads.
Actors have stopped.
Checking for deadlock:
There are 3 Blocked actors, 0 Stopped actors, and 3 active threads.
Deadlock detected.
Resolving Deadlock
Checking for deadlock:
There are 3 Blocked actors, 0 Stopped actors, and 3 active threads.
Artificial Deadlock - increasing queue capacity.
increasing the capacity of receiver ptolemy.actor.TypedIOPort {.top.OrderedMerge.inputB} to 2
Director: Called postfire().
Called postfire().
_stopRequested = false
_stopFireRequested = false
Returning from postfire(): true
Called fire().
Checking for deadlock:
There are 2 Blocked actors, 0 Stopped actors, and 3 active threads.
Waiting for actors to stop.
-- Thread wrapup() called.
Called wrapup()
Thread .top.Ramp2 is exiting.
-- Thread stopped.
Checking for deadlock:
There are 2 Blocked actors, 0 Stopped actors, and 2 active threads.
Actors have stopped.
Checking for deadlock:
There are 2 Blocked actors, 0 Stopped actors, and 2 active threads.
Deadlock detected.
Resolving Deadlock
Checking for deadlock:
There are 2 Blocked actors, 0 Stopped actors, and 2 active threads.
Deadlock detected: no processes blocked on write, but some are blocked on read.
Called postfire().
_stopRequested = false
_stopFireRequested = false
Returning from postfire(): false
Finished deactivating branches.
Called wrapup().
-- Thread wrapup() called.
Called wrapup()
-- Thread wrapup() called.
Called wrapup()
Thread .top.Test is exiting.
-- Thread stopped.
-- Blocked Receiver call threw TerminateProcessException.
Thread .top.OrderedMerge is exiting.
-- Thread stopped.
-- Blocked Receiver call threw TerminateProcessException.
28 ms. Memory: 129024K Free: 107640K (83%)
/home/travis/build/icyphy/ptII/ptolemy/actor/lib/test/Publisher.tcl
22 ms. Memory: 129024K Free: 101591K (79%)
14 ms. Memory: 129024K Free: 96485K (75%)
2 ms. Memory: 129024K Free: 92903K (72%)
4 ms. Memory: 129024K Free: 91879K (71%)
2 ms. Memory: 129024K Free: 90855K (70%)
3 ms. Memory: 129024K Free: 90327K (70%)
2 ms. Memory: 129024K Free: 89303K (69%)
3 ms. Memory: 129024K Free: 88279K (68%)
73 ms. Memory: 129024K Free: 111834K (87%)
3 ms. Memory: 129024K Free: 108218K (84%)
2 ms. Memory: 129024K Free: 107218K (83%)
4 ms. Memory: 129024K Free: 105162K (82%)
6 ms. Memory: 129024K Free: 97498K (76%)
5 ms. Memory: 129024K Free: 87768K (68%)
8 ms. Memory: 129024K Free: 77018K (60%)
/home/travis/build/icyphy/ptII/ptolemy/actor/lib/test/Pulse.tcl
8 ms. Memory: 155648K Free: 129396K (83%)
10 ms. Memory: 155648K Free: 128868K (83%)
2 ms. Memory: 155648K Free: 128372K (82%)
11 ms. Memory: 155648K Free: 127828K (82%)
3 ms. Memory: 155648K Free: 127348K (82%)
6 ms. Memory: 155648K Free: 126324K (81%)
4 ms. Memory: 155648K Free: 125300K (81%)
2 ms. Memory: 155648K Free: 124276K (80%)
1 ms. Memory: 155648K Free: 123732K (79%)
/home/travis/build/icyphy/ptII/ptolemy/actor/lib/test/Ramp.tcl
7 ms. Memory: 155648K Free: 121714K (78%)
4 ms. Memory: 155648K Free: 121204K (78%)
4 ms. Memory: 155648K Free: 120180K (77%)
3 ms. Memory: 155648K Free: 119660K (77%)
8 ms. Memory: 155648K Free: 118642K (76%)
9 ms. Memory: 155648K Free: 118132K (76%)
9 ms. Memory: 155648K Free: 117108K (75%)
5 actors
7000 microseconds per iteration to create
13 ms. Memory: 155648K Free: 114036K (73%)
4 ms. Memory: 155648K Free: 113522K (73%)
4 ms. Memory: 155648K Free: 113012K (73%)
2 ms. Memory: 155648K Free: 112492K (72%)
50 actors
47000 microseconds per iteration to create
52 ms. Memory: 155648K Free: 97138K (62%)
11 ms. Memory: 155648K Free: 96114K (62%)
11 ms. Memory: 155648K Free: 94580K (61%)
9 ms. Memory: 155648K Free: 93556K (60%)
500 actors
1437000 microseconds per iteration to create
232 ms. Memory: 155648K Free: 86234K (55%)
41 ms. Memory: 155648K Free: 81114K (52%)
52 ms. Memory: 155648K Free: 75994K (49%)
48 ms. Memory: 155648K Free: 70874K (46%)
/home/travis/build/icyphy/ptII/ptolemy/actor/lib/test/RampContinuous.tcl
11 ms. Memory: 155648K Free: 69336K (45%)
/home/travis/build/icyphy/ptII/ptolemy/actor/lib/test/RecordAssembler.tcl
6 ms. Memory: 155648K Free: 67802K (44%)
4 ms. Memory: 155648K Free: 66778K (43%)
/home/travis/build/icyphy/ptII/ptolemy/actor/lib/test/RecordDisassembler.tcl
16 ms. Memory: 155648K Free: 64730K (42%)
6 ms. Memory: 155648K Free: 64216K (41%)
5 ms. Memory: 155648K Free: 63192K (41%)
/home/travis/build/icyphy/ptII/ptolemy/actor/lib/test/Scale.tcl
3 ms. Memory: 155648K Free: 61114K (39%)
2 ms. Memory: 155648K Free: 60634K (39%)
2 ms. Memory: 155648K Free: 59610K (38%)
4 ms. Memory: 155648K Free: 58586K (38%)
8 ms. Memory: 155648K Free: 58058K (37%)
/home/travis/build/icyphy/ptII/ptolemy/actor/lib/test/SequentialClock.tcl
preinitializing
resolving types
initializing
executing number 1
wrapping up
idle
3 ms. Memory: 155648K Free: 56538K (36%)
Completed execution with 5 iterations
preinitializing
resolving types
initializing
executing number 1
wrapping up
idle
1 ms. Memory: 155648K Free: 56018K (36%)
Completed execution with 5 iterations
preinitializing
resolving types
initializing
executing number 1
wrapping up
idle
1 ms. Memory: 155648K Free: 55514K (36%)
Completed execution with 5 iterations
/home/travis/build/icyphy/ptII/ptolemy/actor/lib/test/SetVariable.tcl
4 ms. Memory: 155648K Free: 53962K (35%)
/home/travis/build/icyphy/ptII/ptolemy/actor/lib/test/Sinewave.tcl
/home/travis/build/icyphy/ptII/ptolemy/actor/lib/test/SubscriptionAggregator.tcl
3 ms. Memory: 155648K Free: 121301K (78%)
2 ms. Memory: 155648K Free: 120780K (78%)
0 ms. Memory: 155648K Free: 120277K (77%)
0 ms. Memory: 155648K Free: 119748K (77%)
1 ms. Memory: 155648K Free: 116181K (75%)
9 ms. Memory: 155648K Free: 114133K (73%)
...............................................................1178 ms. Memory: 275456K Free: 186630K (68%)
/home/travis/build/icyphy/ptII/ptolemy/actor/lib/test/Test.tcl
 The next command will produce a warning about training mode,
   which may be ignored.
7 ms. Memory: 275456K Free: 184584K (67%)
7 ms. Memory: 275456K Free: 183560K (67%)
2 ms. Memory: 275456K Free: 183032K (66%)
2 ms. Memory: 275456K Free: 182536K (66%)
1 ms. Memory: 275456K Free: 182016K (66%)
4 ms. Memory: 275456K Free: 180488K (66%)
4 ms. Memory: 275456K Free: 179464K (65%)
 The next command will produce a warning about training mode,
   which may be ignored.
5 ms. Memory: 275456K Free: 176896K (64%)
 The next command will produce a warning about training mode,
   which may be ignored.
3 ms. Memory: 275456K Free: 175872K (64%)
1 ms. Memory: 275456K Free: 175368K (64%)
2 ms. Memory: 275456K Free: 174824K (63%)
1 ms. Memory: 275456K Free: 174344K (63%)
7 ms. Memory: 275456K Free: 173320K (63%)
3 ms. Memory: 275456K Free: 169728K (62%)
/home/travis/build/icyphy/ptII/ptolemy/actor/lib/test/TestExceptionHandler.tcl
 The next command will produce a warning about training mode,
   which may be ignored.
3 ms. Memory: 275456K Free: 168200K (61%)
1 ms. Memory: 275456K Free: 167686K (61%)
1 ms. Memory: 275456K Free: 167176K (61%)
/home/travis/build/icyphy/ptII/ptolemy/actor/lib/test/UnionDisassembler.tcl
14 ms. Memory: 275456K Free: 160006K (58%)
/home/travis/build/icyphy/ptII/ptolemy/actor/lib/test/VariableClock.tcl
preinitializing
resolving types
initializing
executing number 1
wrapping up
idle
3 ms. Memory: 275456K Free: 157960K (57%)
Completed execution with 11 iterations
preinitializing
resolving types
initializing
executing number 1
wrapping up
idle
5 ms. Memory: 275456K Free: 156422K (57%)
Completed execution with 10 iterations
01/30/20 03:29:31
Failed: 0  Total Tests: 233  ((Passed: 233, Newly Passed: 0)  Known Failed: 0) /home/travis/build/icyphy/ptII/ptolemy/actor/lib/test
----------------- testing (KnownFailure) /home/travis/build/icyphy/ptII/ptolemy/actor/lib/test/auto/knownFailedTests/PublisherPortToplevelSubscriber.xml
1 ms. Memory: 275456K Free: 153350K (56%)
Known Failure: java.lang.reflect.InvocationTargetException
----------------- testing (KnownFailure) /home/travis/build/icyphy/ptII/ptolemy/actor/lib/test/auto/knownFailedTests/PublisherSubscriberPortToplevel.xml
1 ms. Memory: 275456K Free: 149254K (54%)
Known Failure: java.lang.reflect.InvocationTargetException
----------------- testing (KnownFailure) /home/travis/build/icyphy/ptII/ptolemy/actor/lib/test/auto/knownFailedTests/PublisherSubscriptionAggregatorPort.xml
0 ms. Memory: 275456K Free: 144648K (53%)
Known Failure: java.lang.reflect.InvocationTargetException
----------------- testing (KnownFailure) /home/travis/build/icyphy/ptII/ptolemy/actor/lib/test/auto/knownFailedTests/sizedarray3.xml
7 ms. Memory: 275456K Free: 140552K (51%)
Known Failure: java.lang.reflect.InvocationTargetException
No auto/linux-amd64/*.xml tests in /home/travis/build/icyphy/ptII/ptolemy/actor/lib/test
AutoTests.java: About to close Vertx.
AutoTests.java: Vertx closed.

===========================================================================================
----------------- testing Thu Jan 30 15:29:31 UTC 2020 /home/travis/build/icyphy/ptII/ptolemy/actor/lib/test/auto/AbsoluteValue.xml
----------------- Instantiating /home/travis/build/icyphy/ptII/ptolemy/actor/lib/test/auto/AbsoluteValue.xml
4 ms. Memory: 275456K Free: 118024K (43%)
----------------- Invoking toplevel() on ptolemy.moml.MoMLSimpleApplication@4867b805
----------------- Done invoking toplevel() on ptolemy.moml.MoMLSimpleApplication@4867b805
reloadAllAccessors: .AbsoluteValue

===========================================================================================
----------------- testing Thu Jan 30 15:29:31 UTC 2020 /home/travis/build/icyphy/ptII/ptolemy/actor/lib/test/auto/AbsoluteValue2.xml
----------------- Instantiating /home/travis/build/icyphy/ptII/ptolemy/actor/lib/test/auto/AbsoluteValue2.xml
4 ms. Memory: 275456K Free: 111366K (40%)
----------------- Invoking toplevel() on ptolemy.moml.MoMLSimpleApplication@29835d44
----------------- Done invoking toplevel() on ptolemy.moml.MoMLSimpleApplication@29835d44
reloadAllAccessors: .AbsoluteValue2

===========================================================================================
----------------- testing Thu Jan 30 15:29:32 UTC 2020 /home/travis/build/icyphy/ptII/ptolemy/actor/lib/test/auto/Accumulator.xml
----------------- Instantiating /home/travis/build/icyphy/ptII/ptolemy/actor/lib/test/auto/Accumulator.xml
4 ms. Memory: 275456K Free: 104712K (38%)
----------------- Invoking toplevel() on ptolemy.moml.MoMLSimpleApplication@1c6c00a4
----------------- Done invoking toplevel() on ptolemy.moml.MoMLSimpleApplication@1c6c00a4
reloadAllAccessors: .Accumulator

===========================================================================================
----------------- testing Thu Jan 30 15:29:32 UTC 2020 /home/travis/build/icyphy/ptII/ptolemy/actor/lib/test/auto/Accumulator2.xml
----------------- Instantiating /home/travis/build/icyphy/ptII/ptolemy/actor/lib/test/auto/Accumulator2.xml
13 ms. Memory: 275456K Free: 222259K (81%)
----------------- Invoking toplevel() on ptolemy.moml.MoMLSimpleApplication@683c20b9
----------------- Done invoking toplevel() on ptolemy.moml.MoMLSimpleApplication@683c20b9
reloadAllAccessors: .Accumulator2

===========================================================================================
----------------- testing Thu Jan 30 15:29:32 UTC 2020 /home/travis/build/icyphy/ptII/ptolemy/actor/lib/test/auto/Accumulator3.xml
----------------- Instantiating /home/travis/build/icyphy/ptII/ptolemy/actor/lib/test/auto/Accumulator3.xml
3 ms. Memory: 275456K Free: 217653K (79%)
----------------- Invoking toplevel() on ptolemy.moml.MoMLSimpleApplication@69da270d
----------------- Done invoking toplevel() on ptolemy.moml.MoMLSimpleApplication@69da270d
reloadAllAccessors: .Accumulator3

===========================================================================================
----------------- testing Thu Jan 30 15:29:32 UTC 2020 /home/travis/build/icyphy/ptII/ptolemy/actor/lib/test/auto/ArrayAppend.xml
----------------- Instantiating /home/travis/build/icyphy/ptII/ptolemy/actor/lib/test/auto/ArrayAppend.xml
5 ms. Memory: 275456K Free: 212004K (77%)
----------------- Invoking toplevel() on ptolemy.moml.MoMLSimpleApplication@2a41bfe0
----------------- Done invoking toplevel() on ptolemy.moml.MoMLSimpleApplication@2a41bfe0
reloadAllAccessors: .ArrayAppend

===========================================================================================
----------------- testing Thu Jan 30 15:29:32 UTC 2020 /home/travis/build/icyphy/ptII/ptolemy/actor/lib/test/auto/ArrayAppend2.xml
----------------- Instantiating /home/travis/build/icyphy/ptII/ptolemy/actor/lib/test/auto/ArrayAppend2.xml
382 ms. Memory: 275456K Free: 129075K (47%)
----------------- Invoking toplevel() on ptolemy.moml.MoMLSimpleApplication@78e65224
----------------- Done invoking toplevel() on ptolemy.moml.MoMLSimpleApplication@78e65224
reloadAllAccessors: .ArrayAppend2

===========================================================================================
----------------- testing Thu Jan 30 15:29:32 UTC 2020 /home/travis/build/icyphy/ptII/ptolemy/actor/lib/test/auto/ArrayAppend3.xml
----------------- Instantiating /home/travis/build/icyphy/ptII/ptolemy/actor/lib/test/auto/ArrayAppend3.xml
5 ms. Memory: 275456K Free: 123955K (45%)
----------------- Invoking toplevel() on ptolemy.moml.MoMLSimpleApplication@53b44af5
----------------- Done invoking toplevel() on ptolemy.moml.MoMLSimpleApplication@53b44af5
reloadAllAccessors: .ArrayAppend3

===========================================================================================
----------------- testing Thu Jan 30 15:29:32 UTC 2020 /home/travis/build/icyphy/ptII/ptolemy/actor/lib/test/auto/ArrayAppend4.xml
----------------- Instantiating /home/travis/build/icyphy/ptII/ptolemy/actor/lib/test/auto/ArrayAppend4.xml
2 ms. Memory: 275456K Free: 118835K (43%)
----------------- Invoking toplevel() on ptolemy.moml.MoMLSimpleApplication@662d5c1b
----------------- Done invoking toplevel() on ptolemy.moml.MoMLSimpleApplication@662d5c1b
reloadAllAccessors: .ArrayAppend4

===========================================================================================
----------------- testing Thu Jan 30 15:29:32 UTC 2020 /home/travis/build/icyphy/ptII/ptolemy/actor/lib/test/auto/ArrayAppend5.xml
----------------- Instantiating /home/travis/build/icyphy/ptII/ptolemy/actor/lib/test/auto/ArrayAppend5.xml
2 ms. Memory: 275456K Free: 113205K (41%)
----------------- Invoking toplevel() on ptolemy.moml.MoMLSimpleApplication@2c818c8d
----------------- Done invoking toplevel() on ptolemy.moml.MoMLSimpleApplication@2c818c8d
reloadAllAccessors: .ArrayAppend5

===========================================================================================
----------------- testing Thu Jan 30 15:29:32 UTC 2020 /home/travis/build/icyphy/ptII/ptolemy/actor/lib/test/auto/ArrayAppend6.xml
----------------- Instantiating /home/travis/build/icyphy/ptII/ptolemy/actor/lib/test/auto/ArrayAppend6.xml
3 ms. Memory: 275456K Free: 108085K (39%)
----------------- Invoking toplevel() on ptolemy.moml.MoMLSimpleApplication@50bf833b
----------------- Done invoking toplevel() on ptolemy.moml.MoMLSimpleApplication@50bf833b
reloadAllAccessors: .ArrayAppend6

===========================================================================================
----------------- testing Thu Jan 30 15:29:32 UTC 2020 /home/travis/build/icyphy/ptII/ptolemy/actor/lib/test/auto/ArrayAppendPerformanceTest.xml
----------------- Instantiating /home/travis/build/icyphy/ptII/ptolemy/actor/lib/test/auto/ArrayAppendPerformanceTest.xml
49 ms. Memory: 275456K Free: 96821K (35%)
----------------- Invoking toplevel() on ptolemy.moml.MoMLSimpleApplication@7120edc5
----------------- Done invoking toplevel() on ptolemy.moml.MoMLSimpleApplication@7120edc5
reloadAllAccessors: .ArrayAppendPerformanceTest

===========================================================================================
----------------- testing Thu Jan 30 15:29:32 UTC 2020 /home/travis/build/icyphy/ptII/ptolemy/actor/lib/test/auto/ArrayAppendWithEmptyInput.xml
----------------- Instantiating /home/travis/build/icyphy/ptII/ptolemy/actor/lib/test/auto/ArrayAppendWithEmptyInput.xml
53 ms. Memory: 275456K Free: 225434K (82%)
----------------- Invoking toplevel() on ptolemy.moml.MoMLSimpleApplication@29e6e682
----------------- Done invoking toplevel() on ptolemy.moml.MoMLSimpleApplication@29e6e682
reloadAllAccessors: .ArrayAppendWithEmptyInput

===========================================================================================
----------------- testing Thu Jan 30 15:29:33 UTC 2020 /home/travis/build/icyphy/ptII/ptolemy/actor/lib/test/auto/ArrayAverage.xml
----------------- Instantiating /home/travis/build/icyphy/ptII/ptolemy/actor/lib/test/auto/ArrayAverage.xml
11 ms. Memory: 275456K Free: 216732K (79%)
----------------- Invoking toplevel() on ptolemy.moml.MoMLSimpleApplication@68c51bf
----------------- Done invoking toplevel() on ptolemy.moml.MoMLSimpleApplication@68c51bf
reloadAllAccessors: .ArrayAverage

===========================================================================================
----------------- testing Thu Jan 30 15:29:33 UTC 2020 /home/travis/build/icyphy/ptII/ptolemy/actor/lib/test/auto/ArrayContains.xml
----------------- Instantiating /home/travis/build/icyphy/ptII/ptolemy/actor/lib/test/auto/ArrayContains.xml
8 ms. Memory: 275456K Free: 211098K (77%)
----------------- Invoking toplevel() on ptolemy.moml.MoMLSimpleApplication@4ea6047b
----------------- Done invoking toplevel() on ptolemy.moml.MoMLSimpleApplication@4ea6047b
reloadAllAccessors: .ArrayContains

===========================================================================================
----------------- testing Thu Jan 30 15:29:33 UTC 2020 /home/travis/build/icyphy/ptII/ptolemy/actor/lib/test/auto/ArrayElement.xml
----------------- Instantiating /home/travis/build/icyphy/ptII/ptolemy/actor/lib/test/auto/ArrayElement.xml
10 ms. Memory: 275456K Free: 204954K (74%)
----------------- Invoking toplevel() on ptolemy.moml.MoMLSimpleApplication@cb64472
----------------- Done invoking toplevel() on ptolemy.moml.MoMLSimpleApplication@cb64472
reloadAllAccessors: .ArrayElement

===========================================================================================
----------------- testing Thu Jan 30 15:29:33 UTC 2020 /home/travis/build/icyphy/ptII/ptolemy/actor/lib/test/auto/ArrayElementAsMatrix.xml
----------------- Instantiating /home/travis/build/icyphy/ptII/ptolemy/actor/lib/test/auto/ArrayElementAsMatrix.xml
20 ms. Memory: 275456K Free: 195228K (71%)
----------------- Invoking toplevel() on ptolemy.moml.MoMLSimpleApplication@64b309b4
----------------- Done invoking toplevel() on ptolemy.moml.MoMLSimpleApplication@64b309b4
reloadAllAccessors: .ArrayElementAsMatrix

===========================================================================================
----------------- testing Thu Jan 30 15:29:33 UTC 2020 /home/travis/build/icyphy/ptII/ptolemy/actor/lib/test/auto/ArrayElementI.xml
----------------- Instantiating /home/travis/build/icyphy/ptII/ptolemy/actor/lib/test/auto/ArrayElementI.xml
3 ms. Memory: 275456K Free: 190618K (69%)
----------------- Invoking toplevel() on ptolemy.moml.MoMLSimpleApplication@2e0b4f55
----------------- Done invoking toplevel() on ptolemy.moml.MoMLSimpleApplication@2e0b4f55
reloadAllAccessors: .ArrayElementI

===========================================================================================
----------------- testing Thu Jan 30 15:29:33 UTC 2020 /home/travis/build/icyphy/ptII/ptolemy/actor/lib/test/auto/ArrayExtract.xml
----------------- Instantiating /home/travis/build/icyphy/ptII/ptolemy/actor/lib/test/auto/ArrayExtract.xml
6 ms. Memory: 275456K Free: 182426K (66%)
----------------- Invoking toplevel() on ptolemy.moml.MoMLSimpleApplication@6d975210
----------------- Done invoking toplevel() on ptolemy.moml.MoMLSimpleApplication@6d975210
reloadAllAccessors: .ArrayExtract

===========================================================================================
----------------- testing Thu Jan 30 15:29:33 UTC 2020 /home/travis/build/icyphy/ptII/ptolemy/actor/lib/test/auto/ArrayExtract2.xml
----------------- Instantiating /home/travis/build/icyphy/ptII/ptolemy/actor/lib/test/auto/ArrayExtract2.xml
3 ms. Memory: 275456K Free: 177275K (64%)
----------------- Invoking toplevel() on ptolemy.moml.MoMLSimpleApplication@6c0d06e9
----------------- Done invoking toplevel() on ptolemy.moml.MoMLSimpleApplication@6c0d06e9
reloadAllAccessors: .ArrayExtract2

===========================================================================================
----------------- testing Thu Jan 30 15:29:33 UTC 2020 /home/travis/build/icyphy/ptII/ptolemy/actor/lib/test/auto/ArrayLength.xml
----------------- Instantiating /home/travis/build/icyphy/ptII/ptolemy/actor/lib/test/auto/ArrayLength.xml
2 ms. Memory: 275456K Free: 173210K (63%)
----------------- Invoking toplevel() on ptolemy.moml.MoMLSimpleApplication@53b129e8
----------------- Done invoking toplevel() on ptolemy.moml.MoMLSimpleApplication@53b129e8
reloadAllAccessors: .ArrayLength

===========================================================================================
----------------- testing Thu Jan 30 15:29:33 UTC 2020 /home/travis/build/icyphy/ptII/ptolemy/actor/lib/test/auto/ArrayLevelCrossing.xml
----------------- Instantiating /home/travis/build/icyphy/ptII/ptolemy/actor/lib/test/auto/ArrayLevelCrossing.xml
8 ms. Memory: 275456K Free: 165532K (60%)
----------------- Invoking toplevel() on ptolemy.moml.MoMLSimpleApplication@33345f1c
----------------- Done invoking toplevel() on ptolemy.moml.MoMLSimpleApplication@33345f1c
reloadAllAccessors: .ArrayLevelCrossing

===========================================================================================
----------------- testing Thu Jan 30 15:29:33 UTC 2020 /home/travis/build/icyphy/ptII/ptolemy/actor/lib/test/auto/ArrayLevelCrossing2.xml
----------------- Instantiating /home/travis/build/icyphy/ptII/ptolemy/actor/lib/test/auto/ArrayLevelCrossing2.xml
3 ms. Memory: 275456K Free: 157835K (57%)
----------------- Invoking toplevel() on ptolemy.moml.MoMLSimpleApplication@6d6daae6
----------------- Done invoking toplevel() on ptolemy.moml.MoMLSimpleApplication@6d6daae6
reloadAllAccessors: .ArrayLevelCrossing2

===========================================================================================
----------------- testing Thu Jan 30 15:29:33 UTC 2020 /home/travis/build/icyphy/ptII/ptolemy/actor/lib/test/auto/ArrayPeakSearch.xml
----------------- Instantiating /home/travis/build/icyphy/ptII/ptolemy/actor/lib/test/auto/ArrayPeakSearch.xml
4 ms. Memory: 275456K Free: 149148K (54%)
----------------- Invoking toplevel() on ptolemy.moml.MoMLSimpleApplication@571d95e1
----------------- Done invoking toplevel() on ptolemy.moml.MoMLSimpleApplication@571d95e1
reloadAllAccessors: .ArrayPeakSearch

===========================================================================================
----------------- testing Thu Jan 30 15:29:33 UTC 2020 /home/travis/build/icyphy/ptII/ptolemy/actor/lib/test/auto/ArrayPeakSearch2.xml
----------------- Instantiating /home/travis/build/icyphy/ptII/ptolemy/actor/lib/test/auto/ArrayPeakSearch2.xml
4 ms. Memory: 275456K Free: 138363K (50%)
----------------- Invoking toplevel() on ptolemy.moml.MoMLSimpleApplication@568fbea3
----------------- Done invoking toplevel() on ptolemy.moml.MoMLSimpleApplication@568fbea3
reloadAllAccessors: .ArrayPeakSearch2

===========================================================================================
----------------- testing Thu Jan 30 15:29:33 UTC 2020 /home/travis/build/icyphy/ptII/ptolemy/actor/lib/test/auto/ArrayPeakSearch3.xml
----------------- Instantiating /home/travis/build/icyphy/ptII/ptolemy/actor/lib/test/auto/ArrayPeakSearch3.xml
4 ms. Memory: 275456K Free: 129692K (47%)
----------------- Invoking toplevel() on ptolemy.moml.MoMLSimpleApplication@476e957d
----------------- Done invoking toplevel() on ptolemy.moml.MoMLSimpleApplication@476e957d
reloadAllAccessors: .ArrayPeakSearch3

===========================================================================================
----------------- testing Thu Jan 30 15:29:33 UTC 2020 /home/travis/build/icyphy/ptII/ptolemy/actor/lib/test/auto/ArrayRemoveElement.xml
----------------- Instantiating /home/travis/build/icyphy/ptII/ptolemy/actor/lib/test/auto/ArrayRemoveElement.xml
4 ms. Memory: 275456K Free: 121500K (44%)
----------------- Invoking toplevel() on ptolemy.moml.MoMLSimpleApplication@246385a9
----------------- Done invoking toplevel() on ptolemy.moml.MoMLSimpleApplication@246385a9
reloadAllAccessors: .ArrayRemoveElement

===========================================================================================
----------------- testing Thu Jan 30 15:29:33 UTC 2020 /home/travis/build/icyphy/ptII/ptolemy/actor/lib/test/auto/ArraySort.xml
----------------- Instantiating /home/travis/build/icyphy/ptII/ptolemy/actor/lib/test/auto/ArraySort.xml
9 ms. Memory: 275456K Free: 112794K (41%)
----------------- Invoking toplevel() on ptolemy.moml.MoMLSimpleApplication@17ecce48
----------------- Done invoking toplevel() on ptolemy.moml.MoMLSimpleApplication@17ecce48
reloadAllAccessors: .ArraySort

===========================================================================================
----------------- testing Thu Jan 30 15:29:33 UTC 2020 /home/travis/build/icyphy/ptII/ptolemy/actor/lib/test/auto/ArraySum.xml
----------------- Instantiating /home/travis/build/icyphy/ptII/ptolemy/actor/lib/test/auto/ArraySum.xml
3 ms. Memory: 275456K Free: 107164K (39%)
----------------- Invoking toplevel() on ptolemy.moml.MoMLSimpleApplication@5d15dfec
----------------- Done invoking toplevel() on ptolemy.moml.MoMLSimpleApplication@5d15dfec
reloadAllAccessors: .ArraySum

===========================================================================================
----------------- testing Thu Jan 30 15:29:33 UTC 2020 /home/travis/build/icyphy/ptII/ptolemy/actor/lib/test/auto/ArrayToElements.xml
----------------- Instantiating /home/travis/build/icyphy/ptII/ptolemy/actor/lib/test/auto/ArrayToElements.xml
3 ms. Memory: 275456K Free: 102044K (37%)
----------------- Invoking toplevel() on ptolemy.moml.MoMLSimpleApplication@296e17bf
----------------- Done invoking toplevel() on ptolemy.moml.MoMLSimpleApplication@296e17bf
reloadAllAccessors: .ArrayToElements

===========================================================================================
----------------- testing Thu Jan 30 15:29:33 UTC 2020 /home/travis/build/icyphy/ptII/ptolemy/actor/lib/test/auto/ArrayToMatrix.xml
----------------- Instantiating /home/travis/build/icyphy/ptII/ptolemy/actor/lib/test/auto/ArrayToMatrix.xml
7 ms. Memory: 275456K Free: 87708K (32%)
----------------- Invoking toplevel() on ptolemy.moml.MoMLSimpleApplication@2c4485c6
----------------- Done invoking toplevel() on ptolemy.moml.MoMLSimpleApplication@2c4485c6
reloadAllAccessors: .ArrayToMatrix

===========================================================================================
----------------- testing Thu Jan 30 15:29:33 UTC 2020 /home/travis/build/icyphy/ptII/ptolemy/actor/lib/test/auto/ArrayUpdate1.xml
----------------- Instantiating /home/travis/build/icyphy/ptII/ptolemy/actor/lib/test/auto/ArrayUpdate1.xml
2 ms. Memory: 275456K Free: 83098K (30%)
----------------- Invoking toplevel() on ptolemy.moml.MoMLSimpleApplication@e89434e
----------------- Done invoking toplevel() on ptolemy.moml.MoMLSimpleApplication@e89434e
reloadAllAccessors: .ArrayUpdate1

===========================================================================================
----------------- testing Thu Jan 30 15:29:33 UTC 2020 /home/travis/build/icyphy/ptII/ptolemy/actor/lib/test/auto/ArrayUpdate2.xml
----------------- Instantiating /home/travis/build/icyphy/ptII/ptolemy/actor/lib/test/auto/ArrayUpdate2.xml
4 ms. Memory: 275456K Free: 76444K (28%)
----------------- Invoking toplevel() on ptolemy.moml.MoMLSimpleApplication@7b9aaf63
----------------- Done invoking toplevel() on ptolemy.moml.MoMLSimpleApplication@7b9aaf63
reloadAllAccessors: .ArrayUpdate2

===========================================================================================
----------------- testing Thu Jan 30 15:29:33 UTC 2020 /home/travis/build/icyphy/ptII/ptolemy/actor/lib/test/auto/ArrayUpdate3.xml
----------------- Instantiating /home/travis/build/icyphy/ptII/ptolemy/actor/lib/test/auto/ArrayUpdate3.xml
2 ms. Memory: 275456K Free: 71834K (26%)
----------------- Invoking toplevel() on ptolemy.moml.MoMLSimpleApplication@3d14ef64
----------------- Done invoking toplevel() on ptolemy.moml.MoMLSimpleApplication@3d14ef64
reloadAllAccessors: .ArrayUpdate3

===========================================================================================
----------------- testing Thu Jan 30 15:29:33 UTC 2020 /home/travis/build/icyphy/ptII/ptolemy/actor/lib/test/auto/Assert1.xml
----------------- Instantiating /home/travis/build/icyphy/ptII/ptolemy/actor/lib/test/auto/Assert1.xml
9 ms. Memory: 275456K Free: 223388K (81%)
----------------- Invoking toplevel() on ptolemy.moml.MoMLSimpleApplication@336311f2
----------------- Done invoking toplevel() on ptolemy.moml.MoMLSimpleApplication@336311f2
reloadAllAccessors: .Assert1

===========================================================================================
----------------- testing Thu Jan 30 15:29:33 UTC 2020 /home/travis/build/icyphy/ptII/ptolemy/actor/lib/test/auto/Assert2.xml
----------------- Instantiating /home/travis/build/icyphy/ptII/ptolemy/actor/lib/test/auto/Assert2.xml
9 ms. Memory: 275456K Free: 218778K (79%)
----------------- Invoking toplevel() on ptolemy.moml.MoMLSimpleApplication@26f7d154
----------------- Done invoking toplevel() on ptolemy.moml.MoMLSimpleApplication@26f7d154
reloadAllAccessors: .Assert2

===========================================================================================
----------------- testing Thu Jan 30 15:29:33 UTC 2020 /home/travis/build/icyphy/ptII/ptolemy/actor/lib/test/auto/BooleanMultiplexor.xml
----------------- Instantiating /home/travis/build/icyphy/ptII/ptolemy/actor/lib/test/auto/BooleanMultiplexor.xml
2 ms. Memory: 275456K Free: 213148K (77%)
----------------- Invoking toplevel() on ptolemy.moml.MoMLSimpleApplication@368da2fa
----------------- Done invoking toplevel() on ptolemy.moml.MoMLSimpleApplication@368da2fa
reloadAllAccessors: .BooleanMultiplexor

===========================================================================================
----------------- testing Thu Jan 30 15:29:33 UTC 2020 /home/travis/build/icyphy/ptII/ptolemy/actor/lib/test/auto/BooleanMultiplexor2.xml
----------------- Instantiating /home/travis/build/icyphy/ptII/ptolemy/actor/lib/test/auto/BooleanMultiplexor2.xml
12 ms. Memory: 275456K Free: 207004K (75%)
----------------- Invoking toplevel() on ptolemy.moml.MoMLSimpleApplication@c58e97
----------------- Done invoking toplevel() on ptolemy.moml.MoMLSimpleApplication@c58e97
reloadAllAccessors: .BooleanMultiplexor2

===========================================================================================
----------------- testing Thu Jan 30 15:29:34 UTC 2020 /home/travis/build/icyphy/ptII/ptolemy/actor/lib/test/auto/BooleanMultiplexor3.xml
----------------- Instantiating /home/travis/build/icyphy/ptII/ptolemy/actor/lib/test/auto/BooleanMultiplexor3.xml
2 ms. Memory: 275456K Free: 202908K (74%)
----------------- Invoking toplevel() on ptolemy.moml.MoMLSimpleApplication@79d6d240
----------------- Done invoking toplevel() on ptolemy.moml.MoMLSimpleApplication@79d6d240
reloadAllAccessors: .BooleanMultiplexor3

===========================================================================================
----------------- testing Thu Jan 30 15:29:34 UTC 2020 /home/travis/build/icyphy/ptII/ptolemy/actor/lib/test/auto/BooleanSelect.xml
----------------- Instantiating /home/travis/build/icyphy/ptII/ptolemy/actor/lib/test/auto/BooleanSelect.xml
12 ms. Memory: 275456K Free: 197259K (72%)
----------------- Invoking toplevel() on ptolemy.moml.MoMLSimpleApplication@2b5fb1a7
----------------- Done invoking toplevel() on ptolemy.moml.MoMLSimpleApplication@2b5fb1a7
reloadAllAccessors: .BooleanSelect

===========================================================================================
----------------- testing Thu Jan 30 15:29:34 UTC 2020 /home/travis/build/icyphy/ptII/ptolemy/actor/lib/test/auto/BooleanSelect2.xml
----------------- Instantiating /home/travis/build/icyphy/ptII/ptolemy/actor/lib/test/auto/BooleanSelect2.xml
7 ms. Memory: 275456K Free: 192668K (70%)
----------------- Invoking toplevel() on ptolemy.moml.MoMLSimpleApplication@5cfbcca7
----------------- Done invoking toplevel() on ptolemy.moml.MoMLSimpleApplication@5cfbcca7
reloadAllAccessors: .BooleanSelect2

===========================================================================================
----------------- testing Thu Jan 30 15:29:34 UTC 2020 /home/travis/build/icyphy/ptII/ptolemy/actor/lib/test/auto/BooleanSwitch.xml
----------------- Instantiating /home/travis/build/icyphy/ptII/ptolemy/actor/lib/test/auto/BooleanSwitch.xml
8 ms. Memory: 275456K Free: 187034K (68%)
----------------- Invoking toplevel() on ptolemy.moml.MoMLSimpleApplication@24b12867
----------------- Done invoking toplevel() on ptolemy.moml.MoMLSimpleApplication@24b12867
reloadAllAccessors: .BooleanSwitch

===========================================================================================
----------------- testing Thu Jan 30 15:29:34 UTC 2020 /home/travis/build/icyphy/ptII/ptolemy/actor/lib/test/auto/BooleanSwitch2.xml
----------------- Instantiating /home/travis/build/icyphy/ptII/ptolemy/actor/lib/test/auto/BooleanSwitch2.xml
3 ms. Memory: 275456K Free: 182428K (66%)
----------------- Invoking toplevel() on ptolemy.moml.MoMLSimpleApplication@3c97a879
----------------- Done invoking toplevel() on ptolemy.moml.MoMLSimpleApplication@3c97a879
reloadAllAccessors: .BooleanSwitch2

===========================================================================================
----------------- testing Thu Jan 30 15:29:34 UTC 2020 /home/travis/build/icyphy/ptII/ptolemy/actor/lib/test/auto/BooleanSwitchCloningBugWithClassRelationGroup.xml
----------------- Instantiating /home/travis/build/icyphy/ptII/ptolemy/actor/lib/test/auto/BooleanSwitchCloningBugWithClassRelationGroup.xml
5 ms. Memory: 275456K Free: 176284K (64%)
----------------- Invoking toplevel() on ptolemy.moml.MoMLSimpleApplication@31b9cc
----------------- Done invoking toplevel() on ptolemy.moml.MoMLSimpleApplication@31b9cc
reloadAllAccessors: .BooleanSwitchCloningBugWithClassRelationGroup

===========================================================================================
----------------- testing Thu Jan 30 15:29:34 UTC 2020 /home/travis/build/icyphy/ptII/ptolemy/actor/lib/test/auto/BusActors.xml
----------------- Instantiating /home/travis/build/icyphy/ptII/ptolemy/actor/lib/test/auto/BusActors.xml
6 ms. Memory: 275456K Free: 168092K (61%)
----------------- Invoking toplevel() on ptolemy.moml.MoMLSimpleApplication@592e76c2
----------------- Done invoking toplevel() on ptolemy.moml.MoMLSimpleApplication@592e76c2
reloadAllAccessors: .BusActors

===========================================================================================
----------------- testing Thu Jan 30 15:29:34 UTC 2020 /home/travis/build/icyphy/ptII/ptolemy/actor/lib/test/auto/ClassWrapper.xml
----------------- Instantiating /home/travis/build/icyphy/ptII/ptolemy/actor/lib/test/auto/ClassWrapper.xml
3 ms. Memory: 275456K Free: 163996K (60%)
----------------- Invoking toplevel() on ptolemy.moml.MoMLSimpleApplication@3bd85e07
----------------- Done invoking toplevel() on ptolemy.moml.MoMLSimpleApplication@3bd85e07
reloadAllAccessors: .ClassWrapper

===========================================================================================
----------------- testing Thu Jan 30 15:29:34 UTC 2020 /home/travis/build/icyphy/ptII/ptolemy/actor/lib/test/auto/Clock.xml
----------------- Instantiating /home/travis/build/icyphy/ptII/ptolemy/actor/lib/test/auto/Clock.xml
3 ms. Memory: 275456K Free: 159900K (58%)
----------------- Invoking toplevel() on ptolemy.moml.MoMLSimpleApplication@390e550d
----------------- Done invoking toplevel() on ptolemy.moml.MoMLSimpleApplication@390e550d
reloadAllAccessors: .Clock

===========================================================================================
----------------- testing Thu Jan 30 15:29:34 UTC 2020 /home/travis/build/icyphy/ptII/ptolemy/actor/lib/test/auto/Clock10.xml
----------------- Instantiating /home/travis/build/icyphy/ptII/ptolemy/actor/lib/test/auto/Clock10.xml
4 ms. Memory: 275456K Free: 154266K (56%)
----------------- Invoking toplevel() on ptolemy.moml.MoMLSimpleApplication@b432b46
----------------- Done invoking toplevel() on ptolemy.moml.MoMLSimpleApplication@b432b46
reloadAllAccessors: .Clock10

===========================================================================================
----------------- testing Thu Jan 30 15:29:34 UTC 2020 /home/travis/build/icyphy/ptII/ptolemy/actor/lib/test/auto/Clock11.xml
----------------- Instantiating /home/travis/build/icyphy/ptII/ptolemy/actor/lib/test/auto/Clock11.xml
6 ms. Memory: 275456K Free: 148122K (54%)
----------------- Invoking toplevel() on ptolemy.moml.MoMLSimpleApplication@7bb2290e
----------------- Done invoking toplevel() on ptolemy.moml.MoMLSimpleApplication@7bb2290e
reloadAllAccessors: .Clock11

===========================================================================================
----------------- testing Thu Jan 30 15:29:34 UTC 2020 /home/travis/build/icyphy/ptII/ptolemy/actor/lib/test/auto/Clock12.xml
----------------- Instantiating /home/travis/build/icyphy/ptII/ptolemy/actor/lib/test/auto/Clock12.xml
5 ms. Memory: 275456K Free: 142492K (52%)
----------------- Invoking toplevel() on ptolemy.moml.MoMLSimpleApplication@52447d41
----------------- Done invoking toplevel() on ptolemy.moml.MoMLSimpleApplication@52447d41
reloadAllAccessors: .Clock12

===========================================================================================
----------------- testing Thu Jan 30 15:29:34 UTC 2020 /home/travis/build/icyphy/ptII/ptolemy/actor/lib/test/auto/Clock13.xml
----------------- Instantiating /home/travis/build/icyphy/ptII/ptolemy/actor/lib/test/auto/Clock13.xml
7 ms. Memory: 275456K Free: 136348K (49%)
----------------- Invoking toplevel() on ptolemy.moml.MoMLSimpleApplication@36178798
----------------- Done invoking toplevel() on ptolemy.moml.MoMLSimpleApplication@36178798
reloadAllAccessors: .Clock13

===========================================================================================
----------------- testing Thu Jan 30 15:29:34 UTC 2020 /home/travis/build/icyphy/ptII/ptolemy/actor/lib/test/auto/Clock14.xml
----------------- Instantiating /home/travis/build/icyphy/ptII/ptolemy/actor/lib/test/auto/Clock14.xml
6 ms. Memory: 275456K Free: 130204K (47%)
----------------- Invoking toplevel() on ptolemy.moml.MoMLSimpleApplication@224e7242
----------------- Done invoking toplevel() on ptolemy.moml.MoMLSimpleApplication@224e7242
reloadAllAccessors: .Clock14

===========================================================================================
----------------- testing Thu Jan 30 15:29:34 UTC 2020 /home/travis/build/icyphy/ptII/ptolemy/actor/lib/test/auto/Clock15.xml
----------------- Instantiating /home/travis/build/icyphy/ptII/ptolemy/actor/lib/test/auto/Clock15.xml
4 ms. Memory: 275456K Free: 124563K (45%)
----------------- Invoking toplevel() on ptolemy.moml.MoMLSimpleApplication@557547de
----------------- Done invoking toplevel() on ptolemy.moml.MoMLSimpleApplication@557547de
reloadAllAccessors: .Clock15

===========================================================================================
----------------- testing Thu Jan 30 15:29:34 UTC 2020 /home/travis/build/icyphy/ptII/ptolemy/actor/lib/test/auto/Clock16.xml
----------------- Instantiating /home/travis/build/icyphy/ptII/ptolemy/actor/lib/test/auto/Clock16.xml
37 ms. Memory: 275456K Free: 109707K (40%)
----------------- Invoking toplevel() on ptolemy.moml.MoMLSimpleApplication@27b493e6
----------------- Done invoking toplevel() on ptolemy.moml.MoMLSimpleApplication@27b493e6
reloadAllAccessors: .Clock16

===========================================================================================
----------------- testing Thu Jan 30 15:29:34 UTC 2020 /home/travis/build/icyphy/ptII/ptolemy/actor/lib/test/auto/Clock17.xml
----------------- Instantiating /home/travis/build/icyphy/ptII/ptolemy/actor/lib/test/auto/Clock17.xml
32 ms. Memory: 275456K Free: 95883K (35%)
----------------- Invoking toplevel() on ptolemy.moml.MoMLSimpleApplication@49db3e27
----------------- Done invoking toplevel() on ptolemy.moml.MoMLSimpleApplication@49db3e27
reloadAllAccessors: .Clock17

===========================================================================================
----------------- testing Thu Jan 30 15:29:34 UTC 2020 /home/travis/build/icyphy/ptII/ptolemy/actor/lib/test/auto/Clock18.xml
----------------- Instantiating /home/travis/build/icyphy/ptII/ptolemy/actor/lib/test/auto/Clock18.xml
11 ms. Memory: 275456K Free: 82076K (30%)
----------------- Invoking toplevel() on ptolemy.moml.MoMLSimpleApplication@2975eae3
----------------- Done invoking toplevel() on ptolemy.moml.MoMLSimpleApplication@2975eae3
reloadAllAccessors: .Clock18

===========================================================================================
----------------- testing Thu Jan 30 15:29:34 UTC 2020 /home/travis/build/icyphy/ptII/ptolemy/actor/lib/test/auto/Clock19.xml
----------------- Instantiating /home/travis/build/icyphy/ptII/ptolemy/actor/lib/test/auto/Clock19.xml
64 ms. Memory: 481280K Free: 431397K (90%)
----------------- Invoking toplevel() on ptolemy.moml.MoMLSimpleApplication@3e53ee2c
----------------- Done invoking toplevel() on ptolemy.moml.MoMLSimpleApplication@3e53ee2c
reloadAllAccessors: .Clock19

===========================================================================================
----------------- testing Thu Jan 30 15:29:34 UTC 2020 /home/travis/build/icyphy/ptII/ptolemy/actor/lib/test/auto/Clock2.xml
----------------- Instantiating /home/travis/build/icyphy/ptII/ptolemy/actor/lib/test/auto/Clock2.xml
2 ms. Memory: 481280K Free: 426131K (89%)
----------------- Invoking toplevel() on ptolemy.moml.MoMLSimpleApplication@47747b87
----------------- Done invoking toplevel() on ptolemy.moml.MoMLSimpleApplication@47747b87
reloadAllAccessors: .Clock2

===========================================================================================
----------------- testing Thu Jan 30 15:29:34 UTC 2020 /home/travis/build/icyphy/ptII/ptolemy/actor/lib/test/auto/Clock20.xml
----------------- Instantiating /home/travis/build/icyphy/ptII/ptolemy/actor/lib/test/auto/Clock20.xml
4 ms. Memory: 481280K Free: 421018K (87%)
----------------- Invoking toplevel() on ptolemy.moml.MoMLSimpleApplication@68dd6490
----------------- Done invoking toplevel() on ptolemy.moml.MoMLSimpleApplication@68dd6490
reloadAllAccessors: .Clock20

===========================================================================================
----------------- testing Thu Jan 30 15:29:34 UTC 2020 /home/travis/build/icyphy/ptII/ptolemy/actor/lib/test/auto/Clock21.xml
----------------- Instantiating /home/travis/build/icyphy/ptII/ptolemy/actor/lib/test/auto/Clock21.xml
4 ms. Memory: 481280K Free: 415388K (86%)
----------------- Invoking toplevel() on ptolemy.moml.MoMLSimpleApplication@b891b0a
----------------- Done invoking toplevel() on ptolemy.moml.MoMLSimpleApplication@b891b0a
reloadAllAccessors: .Clock21

===========================================================================================
----------------- testing Thu Jan 30 15:29:34 UTC 2020 /home/travis/build/icyphy/ptII/ptolemy/actor/lib/test/auto/Clock22.xml
----------------- Instantiating /home/travis/build/icyphy/ptII/ptolemy/actor/lib/test/auto/Clock22.xml
3 ms. Memory: 481280K Free: 410268K (85%)
----------------- Invoking toplevel() on ptolemy.moml.MoMLSimpleApplication@506a44cf
----------------- Done invoking toplevel() on ptolemy.moml.MoMLSimpleApplication@506a44cf
reloadAllAccessors: .Clock22

===========================================================================================
----------------- testing Thu Jan 30 15:29:34 UTC 2020 /home/travis/build/icyphy/ptII/ptolemy/actor/lib/test/auto/Clock23.xml
----------------- Instantiating /home/travis/build/icyphy/ptII/ptolemy/actor/lib/test/auto/Clock23.xml
5 ms. Memory: 481280K Free: 404634K (84%)
----------------- Invoking toplevel() on ptolemy.moml.MoMLSimpleApplication@665dde80
----------------- Done invoking toplevel() on ptolemy.moml.MoMLSimpleApplication@665dde80
reloadAllAccessors: .Clock23

===========================================================================================
----------------- testing Thu Jan 30 15:29:34 UTC 2020 /home/travis/build/icyphy/ptII/ptolemy/actor/lib/test/auto/Clock24.xml
----------------- Instantiating /home/travis/build/icyphy/ptII/ptolemy/actor/lib/test/auto/Clock24.xml
6 ms. Memory: 481280K Free: 399004K (83%)
----------------- Invoking toplevel() on ptolemy.moml.MoMLSimpleApplication@7b9f8c06
----------------- Done invoking toplevel() on ptolemy.moml.MoMLSimpleApplication@7b9f8c06
reloadAllAccessors: .Clock24

===========================================================================================
----------------- testing Thu Jan 30 15:29:34 UTC 2020 /home/travis/build/icyphy/ptII/ptolemy/actor/lib/test/auto/Clock4.xml
----------------- Instantiating /home/travis/build/icyphy/ptII/ptolemy/actor/lib/test/auto/Clock4.xml
1 ms. Memory: 481280K Free: 394363K (82%)
----------------- Invoking toplevel() on ptolemy.moml.MoMLSimpleApplication@64a19bfb
----------------- Done invoking toplevel() on ptolemy.moml.MoMLSimpleApplication@64a19bfb
reloadAllAccessors: .Clock4

===========================================================================================
----------------- testing Thu Jan 30 15:29:34 UTC 2020 /home/travis/build/icyphy/ptII/ptolemy/actor/lib/test/auto/Clock5.xml
----------------- Instantiating /home/travis/build/icyphy/ptII/ptolemy/actor/lib/test/auto/Clock5.xml
2 ms. Memory: 481280K Free: 388764K (81%)
----------------- Invoking toplevel() on ptolemy.moml.MoMLSimpleApplication@7a5a4a59
----------------- Done invoking toplevel() on ptolemy.moml.MoMLSimpleApplication@7a5a4a59
reloadAllAccessors: .Clock5

===========================================================================================
----------------- testing Thu Jan 30 15:29:34 UTC 2020 /home/travis/build/icyphy/ptII/ptolemy/actor/lib/test/auto/Clock6.xml
----------------- Instantiating /home/travis/build/icyphy/ptII/ptolemy/actor/lib/test/auto/Clock6.xml
3 ms. Memory: 481280K Free: 384668K (80%)
----------------- Invoking toplevel() on ptolemy.moml.MoMLSimpleApplication@2b1ae42
----------------- Done invoking toplevel() on ptolemy.moml.MoMLSimpleApplication@2b1ae42
reloadAllAccessors: .Clock6

===========================================================================================
----------------- testing Thu Jan 30 15:29:34 UTC 2020 /home/travis/build/icyphy/ptII/ptolemy/actor/lib/test/auto/Clock7.xml
----------------- Instantiating /home/travis/build/icyphy/ptII/ptolemy/actor/lib/test/auto/Clock7.xml
2 ms. Memory: 481280K Free: 380058K (79%)
----------------- Invoking toplevel() on ptolemy.moml.MoMLSimpleApplication@6a3b83c5
----------------- Done invoking toplevel() on ptolemy.moml.MoMLSimpleApplication@6a3b83c5
reloadAllAccessors: .Clock7

===========================================================================================
----------------- testing Thu Jan 30 15:29:35 UTC 2020 /home/travis/build/icyphy/ptII/ptolemy/actor/lib/test/auto/Clock8.xml
----------------- Instantiating /home/travis/build/icyphy/ptII/ptolemy/actor/lib/test/auto/Clock8.xml
5 ms. Memory: 481280K Free: 374428K (78%)
----------------- Invoking toplevel() on ptolemy.moml.MoMLSimpleApplication@15066c3
----------------- Done invoking toplevel() on ptolemy.moml.MoMLSimpleApplication@15066c3
reloadAllAccessors: .Clock8

===========================================================================================
----------------- testing Thu Jan 30 15:29:35 UTC 2020 /home/travis/build/icyphy/ptII/ptolemy/actor/lib/test/auto/Clock9.xml
----------------- Instantiating /home/travis/build/icyphy/ptII/ptolemy/actor/lib/test/auto/Clock9.xml
7 ms. Memory: 481280K Free: 369308K (77%)
----------------- Invoking toplevel() on ptolemy.moml.MoMLSimpleApplication@683bd0c8
----------------- Done invoking toplevel() on ptolemy.moml.MoMLSimpleApplication@683bd0c8
reloadAllAccessors: .Clock9

===========================================================================================
----------------- testing Thu Jan 30 15:29:35 UTC 2020 /home/travis/build/icyphy/ptII/ptolemy/actor/lib/test/auto/CommDistDiscard.xml
----------------- Instantiating /home/travis/build/icyphy/ptII/ptolemy/actor/lib/test/auto/CommDistDiscard.xml
5 ms. Memory: 481280K Free: 363674K (76%)
----------------- Invoking toplevel() on ptolemy.moml.MoMLSimpleApplication@61d5bbfb
----------------- Done invoking toplevel() on ptolemy.moml.MoMLSimpleApplication@61d5bbfb
reloadAllAccessors: .CommDistDiscard

===========================================================================================
----------------- testing Thu Jan 30 15:29:35 UTC 2020 /home/travis/build/icyphy/ptII/ptolemy/actor/lib/test/auto/Commutator.xml
----------------- Instantiating /home/travis/build/icyphy/ptII/ptolemy/actor/lib/test/auto/Commutator.xml
2 ms. Memory: 481280K Free: 359578K (75%)
----------------- Invoking toplevel() on ptolemy.moml.MoMLSimpleApplication@1dbf0df
----------------- Done invoking toplevel() on ptolemy.moml.MoMLSimpleApplication@1dbf0df
reloadAllAccessors: .Commutator

===========================================================================================
----------------- testing Thu Jan 30 15:29:35 UTC 2020 /home/travis/build/icyphy/ptII/ptolemy/actor/lib/test/auto/Commutator2.xml
----------------- Instantiating /home/travis/build/icyphy/ptII/ptolemy/actor/lib/test/auto/Commutator2.xml
1 ms. Memory: 481280K Free: 354972K (74%)
----------------- Invoking toplevel() on ptolemy.moml.MoMLSimpleApplication@5ccaea23
----------------- Done invoking toplevel() on ptolemy.moml.MoMLSimpleApplication@5ccaea23
reloadAllAccessors: .Commutator2

===========================================================================================
----------------- testing Thu Jan 30 15:29:35 UTC 2020 /home/travis/build/icyphy/ptII/ptolemy/actor/lib/test/auto/Commutator3.xml
----------------- Instantiating /home/travis/build/icyphy/ptII/ptolemy/actor/lib/test/auto/Commutator3.xml
3 ms. Memory: 481280K Free: 350362K (73%)
----------------- Invoking toplevel() on ptolemy.moml.MoMLSimpleApplication@5de5f99b
----------------- Done invoking toplevel() on ptolemy.moml.MoMLSimpleApplication@5de5f99b
reloadAllAccessors: .Commutator3

===========================================================================================
----------------- testing Thu Jan 30 15:29:35 UTC 2020 /home/travis/build/icyphy/ptII/ptolemy/actor/lib/test/auto/Compare.xml
----------------- Instantiating /home/travis/build/icyphy/ptII/ptolemy/actor/lib/test/auto/Compare.xml
3 ms. Memory: 481280K Free: 344218K (72%)
----------------- Invoking toplevel() on ptolemy.moml.MoMLSimpleApplication@230661c3
----------------- Done invoking toplevel() on ptolemy.moml.MoMLSimpleApplication@230661c3
reloadAllAccessors: .Compare

===========================================================================================
----------------- testing Thu Jan 30 15:29:35 UTC 2020 /home/travis/build/icyphy/ptII/ptolemy/actor/lib/test/auto/CompareDE.xml
----------------- Instantiating /home/travis/build/icyphy/ptII/ptolemy/actor/lib/test/auto/CompareDE.xml
4 ms. Memory: 481280K Free: 337035K (70%)
----------------- Invoking toplevel() on ptolemy.moml.MoMLSimpleApplication@610ab59f
----------------- Done invoking toplevel() on ptolemy.moml.MoMLSimpleApplication@610ab59f
reloadAllAccessors: .CompareDE

===========================================================================================
----------------- testing Thu Jan 30 15:29:35 UTC 2020 /home/travis/build/icyphy/ptII/ptolemy/actor/lib/test/auto/ComplexDivide.xml
----------------- Instantiating /home/travis/build/icyphy/ptII/ptolemy/actor/lib/test/auto/ComplexDivide.xml
1 ms. Memory: 481280K Free: 333468K (69%)
----------------- Invoking toplevel() on ptolemy.moml.MoMLSimpleApplication@1ae35578
----------------- Done invoking toplevel() on ptolemy.moml.MoMLSimpleApplication@1ae35578
reloadAllAccessors: .ComplexDivide

===========================================================================================
----------------- testing Thu Jan 30 15:29:35 UTC 2020 /home/travis/build/icyphy/ptII/ptolemy/actor/lib/test/auto/ComputeHistogram.xml
----------------- Instantiating /home/travis/build/icyphy/ptII/ptolemy/actor/lib/test/auto/ComputeHistogram.xml
40 ms. Memory: 481280K Free: 320666K (67%)
----------------- Invoking toplevel() on ptolemy.moml.MoMLSimpleApplication@62c1388c
----------------- Done invoking toplevel() on ptolemy.moml.MoMLSimpleApplication@62c1388c
reloadAllAccessors: .ComputeHistogram

===========================================================================================
----------------- testing Thu Jan 30 15:29:35 UTC 2020 /home/travis/build/icyphy/ptII/ptolemy/actor/lib/test/auto/ConfigurationSelect.xml
----------------- Instantiating /home/travis/build/icyphy/ptII/ptolemy/actor/lib/test/auto/ConfigurationSelect.xml
12 ms. Memory: 481280K Free: 315036K (65%)
----------------- Invoking toplevel() on ptolemy.moml.MoMLSimpleApplication@4fe6bc3e
----------------- Done invoking toplevel() on ptolemy.moml.MoMLSimpleApplication@4fe6bc3e
reloadAllAccessors: .ConfigurationSelect

===========================================================================================
----------------- testing Thu Jan 30 15:29:35 UTC 2020 /home/travis/build/icyphy/ptII/ptolemy/actor/lib/test/auto/ConfigurationSelect2.xml
----------------- Instantiating /home/travis/build/icyphy/ptII/ptolemy/actor/lib/test/auto/ConfigurationSelect2.xml
1 ms. Memory: 481280K Free: 310940K (65%)
----------------- Invoking toplevel() on ptolemy.moml.MoMLSimpleApplication@467a4dcd
----------------- Done invoking toplevel() on ptolemy.moml.MoMLSimpleApplication@467a4dcd
reloadAllAccessors: .ConfigurationSelect2

===========================================================================================
----------------- testing Thu Jan 30 15:29:35 UTC 2020 /home/travis/build/icyphy/ptII/ptolemy/actor/lib/test/auto/ConfigurationSwitch.xml
----------------- Instantiating /home/travis/build/icyphy/ptII/ptolemy/actor/lib/test/auto/ConfigurationSwitch.xml
2 ms. Memory: 481280K Free: 305306K (63%)
----------------- Invoking toplevel() on ptolemy.moml.MoMLSimpleApplication@67ec41e5
----------------- Done invoking toplevel() on ptolemy.moml.MoMLSimpleApplication@67ec41e5
reloadAllAccessors: .ConfigurationSwitch

===========================================================================================
----------------- testing Thu Jan 30 15:29:35 UTC 2020 /home/travis/build/icyphy/ptII/ptolemy/actor/lib/test/auto/ConfigurationSwitch2.xml
----------------- Instantiating /home/travis/build/icyphy/ptII/ptolemy/actor/lib/test/auto/ConfigurationSwitch2.xml
4 ms. Memory: 481280K Free: 300186K (62%)
----------------- Invoking toplevel() on ptolemy.moml.MoMLSimpleApplication@46637a95
----------------- Done invoking toplevel() on ptolemy.moml.MoMLSimpleApplication@46637a95
reloadAllAccessors: .ConfigurationSwitch2

===========================================================================================
----------------- testing Thu Jan 30 15:29:35 UTC 2020 /home/travis/build/icyphy/ptII/ptolemy/actor/lib/test/auto/ConfigurationSwitchCloningBugWithClassRelationGroup.xml
----------------- Instantiating /home/travis/build/icyphy/ptII/ptolemy/actor/lib/test/auto/ConfigurationSwitchCloningBugWithClassRelationGroup.xml
1 ms. Memory: 481280K Free: 293532K (61%)
----------------- Invoking toplevel() on ptolemy.moml.MoMLSimpleApplication@442ba57
----------------- Done invoking toplevel() on ptolemy.moml.MoMLSimpleApplication@442ba57
reloadAllAccessors: .ConfigurationSwitchCloningBugWithClassRelationGroup

===========================================================================================
----------------- testing Thu Jan 30 15:29:35 UTC 2020 /home/travis/build/icyphy/ptII/ptolemy/actor/lib/test/auto/ConfigurationSwitchSelectSDF.xml
----------------- Instantiating /home/travis/build/icyphy/ptII/ptolemy/actor/lib/test/auto/ConfigurationSwitchSelectSDF.xml
4 ms. Memory: 481280K Free: 287898K (60%)
----------------- Invoking toplevel() on ptolemy.moml.MoMLSimpleApplication@c27c64f
----------------- Done invoking toplevel() on ptolemy.moml.MoMLSimpleApplication@c27c64f
reloadAllAccessors: .ConfigurationSwitchSelectSDF

===========================================================================================
----------------- testing Thu Jan 30 15:29:35 UTC 2020 /home/travis/build/icyphy/ptII/ptolemy/actor/lib/test/auto/ConfigurationSwitchSelectSDF2.xml
----------------- Instantiating /home/travis/build/icyphy/ptII/ptolemy/actor/lib/test/auto/ConfigurationSwitchSelectSDF2.xml
2 ms. Memory: 481280K Free: 282268K (59%)
----------------- Invoking toplevel() on ptolemy.moml.MoMLSimpleApplication@4731b4ad
----------------- Done invoking toplevel() on ptolemy.moml.MoMLSimpleApplication@4731b4ad
reloadAllAccessors: .ConfigurationSwitchSelectSDF2

===========================================================================================
----------------- testing Thu Jan 30 15:29:35 UTC 2020 /home/travis/build/icyphy/ptII/ptolemy/actor/lib/test/auto/Const.xml
----------------- Instantiating /home/travis/build/icyphy/ptII/ptolemy/actor/lib/test/auto/Const.xml
2 ms. Memory: 481280K Free: 278682K (58%)
----------------- Invoking toplevel() on ptolemy.moml.MoMLSimpleApplication@5155346f
----------------- Done invoking toplevel() on ptolemy.moml.MoMLSimpleApplication@5155346f
reloadAllAccessors: .Const

===========================================================================================
----------------- testing Thu Jan 30 15:29:35 UTC 2020 /home/travis/build/icyphy/ptII/ptolemy/actor/lib/test/auto/Const2.xml
----------------- Instantiating /home/travis/build/icyphy/ptII/ptolemy/actor/lib/test/auto/Const2.xml
1 ms. Memory: 481280K Free: 274586K (57%)
----------------- Invoking toplevel() on ptolemy.moml.MoMLSimpleApplication@778523f
----------------- Done invoking toplevel() on ptolemy.moml.MoMLSimpleApplication@778523f
reloadAllAccessors: .Const2

===========================================================================================
----------------- testing Thu Jan 30 15:29:35 UTC 2020 /home/travis/build/icyphy/ptII/ptolemy/actor/lib/test/auto/Const3.xml
----------------- Instantiating /home/travis/build/icyphy/ptII/ptolemy/actor/lib/test/auto/Const3.xml
1 ms. Memory: 481280K Free: 272028K (57%)
----------------- Invoking toplevel() on ptolemy.moml.MoMLSimpleApplication@297c8a6d
----------------- Done invoking toplevel() on ptolemy.moml.MoMLSimpleApplication@297c8a6d
reloadAllAccessors: .Const3

===========================================================================================
----------------- testing Thu Jan 30 15:29:35 UTC 2020 /home/travis/build/icyphy/ptII/ptolemy/actor/lib/test/auto/ConstantPublisherPort1.xml
----------------- Instantiating /home/travis/build/icyphy/ptII/ptolemy/actor/lib/test/auto/ConstantPublisherPort1.xml
10 ms. Memory: 481280K Free: 263322K (55%)
----------------- Invoking toplevel() on ptolemy.moml.MoMLSimpleApplication@3650eac6
----------------- Done invoking toplevel() on ptolemy.moml.MoMLSimpleApplication@3650eac6
reloadAllAccessors: .ConstantPublisherPort1

===========================================================================================
----------------- testing Thu Jan 30 15:29:35 UTC 2020 /home/travis/build/icyphy/ptII/ptolemy/actor/lib/test/auto/ConstantPublisherPort2.xml
----------------- Instantiating /home/travis/build/icyphy/ptII/ptolemy/actor/lib/test/auto/ConstantPublisherPort2.xml
11 ms. Memory: 481280K Free: 255644K (53%)
----------------- Invoking toplevel() on ptolemy.moml.MoMLSimpleApplication@65e2c31c
----------------- Done invoking toplevel() on ptolemy.moml.MoMLSimpleApplication@65e2c31c
reloadAllAccessors: .ConstantPublisherPort2

===========================================================================================
----------------- testing Thu Jan 30 15:29:35 UTC 2020 /home/travis/build/icyphy/ptII/ptolemy/actor/lib/test/auto/ConstantPublisherPort3.xml
----------------- Instantiating /home/travis/build/icyphy/ptII/ptolemy/actor/lib/test/auto/ConstantPublisherPort3.xml
14 ms. Memory: 481280K Free: 248476K (52%)
----------------- Invoking toplevel() on ptolemy.moml.MoMLSimpleApplication@5d1375f9
----------------- Done invoking toplevel() on ptolemy.moml.MoMLSimpleApplication@5d1375f9
reloadAllAccessors: .ConstantPublisherPort3

===========================================================================================
----------------- testing Thu Jan 30 15:29:35 UTC 2020 /home/travis/build/icyphy/ptII/ptolemy/actor/lib/test/auto/ConstantPublisherPort4.xml
----------------- Instantiating /home/travis/build/icyphy/ptII/ptolemy/actor/lib/test/auto/ConstantPublisherPort4.xml
5 ms. Memory: 481280K Free: 241308K (50%)
----------------- Invoking toplevel() on ptolemy.moml.MoMLSimpleApplication@5e2942bb
----------------- Done invoking toplevel() on ptolemy.moml.MoMLSimpleApplication@5e2942bb
reloadAllAccessors: .ConstantPublisherPort4

===========================================================================================
----------------- testing Thu Jan 30 15:29:35 UTC 2020 /home/travis/build/icyphy/ptII/ptolemy/actor/lib/test/auto/ConstantPublisherPort5.xml
----------------- Instantiating /home/travis/build/icyphy/ptII/ptolemy/actor/lib/test/auto/ConstantPublisherPort5.xml
31 ms. Memory: 481280K Free: 231578K (48%)
----------------- Invoking toplevel() on ptolemy.moml.MoMLSimpleApplication@4cef6717
----------------- Done invoking toplevel() on ptolemy.moml.MoMLSimpleApplication@4cef6717
reloadAllAccessors: .ConstantPublisherPort5

===========================================================================================
----------------- testing Thu Jan 30 15:29:35 UTC 2020 /home/travis/build/icyphy/ptII/ptolemy/actor/lib/test/auto/ConstantPublisherPort6.xml
----------------- Instantiating /home/travis/build/icyphy/ptII/ptolemy/actor/lib/test/auto/ConstantPublisherPort6.xml
16 ms. Memory: 481280K Free: 222362K (46%)
----------------- Invoking toplevel() on ptolemy.moml.MoMLSimpleApplication@1552d979
----------------- Done invoking toplevel() on ptolemy.moml.MoMLSimpleApplication@1552d979
reloadAllAccessors: .ConstantPublisherPort6

===========================================================================================
----------------- testing Thu Jan 30 15:29:35 UTC 2020 /home/travis/build/icyphy/ptII/ptolemy/actor/lib/test/auto/ConstantPublisherPort7.xml
----------------- Instantiating /home/travis/build/icyphy/ptII/ptolemy/actor/lib/test/auto/ConstantPublisherPort7.xml
22 ms. Memory: 481280K Free: 427674K (89%)
----------------- Invoking toplevel() on ptolemy.moml.MoMLSimpleApplication@79088011
----------------- Done invoking toplevel() on ptolemy.moml.MoMLSimpleApplication@79088011
reloadAllAccessors: .ConstantPublisherPort7

===========================================================================================
----------------- testing Thu Jan 30 15:29:35 UTC 2020 /home/travis/build/icyphy/ptII/ptolemy/actor/lib/test/auto/ConstraintMonitor1.xml
----------------- Instantiating /home/travis/build/icyphy/ptII/ptolemy/actor/lib/test/auto/ConstraintMonitor1.xml
4 ms. Memory: 481280K Free: 422554K (88%)
----------------- Invoking toplevel() on ptolemy.moml.MoMLSimpleApplication@9a3b9bc
----------------- Done invoking toplevel() on ptolemy.moml.MoMLSimpleApplication@9a3b9bc
reloadAllAccessors: .ConstraintMonitor1

===========================================================================================
----------------- testing Thu Jan 30 15:29:35 UTC 2020 /home/travis/build/icyphy/ptII/ptolemy/actor/lib/test/auto/ConstraintMonitor2.xml
----------------- Instantiating /home/travis/build/icyphy/ptII/ptolemy/actor/lib/test/auto/ConstraintMonitor2.xml
5 ms. Memory: 481280K Free: 417948K (87%)
----------------- Invoking toplevel() on ptolemy.moml.MoMLSimpleApplication@78a4bc3e
----------------- Done invoking toplevel() on ptolemy.moml.MoMLSimpleApplication@78a4bc3e
reloadAllAccessors: .ConstraintMonitor2

===========================================================================================
----------------- testing Thu Jan 30 15:29:35 UTC 2020 /home/travis/build/icyphy/ptII/ptolemy/actor/lib/test/auto/ConstraintMonitor3.xml
----------------- Instantiating /home/travis/build/icyphy/ptII/ptolemy/actor/lib/test/auto/ConstraintMonitor3.xml
1 ms. Memory: 481280K Free: 413338K (86%)
----------------- Invoking toplevel() on ptolemy.moml.MoMLSimpleApplication@44386a4f
----------------- Done invoking toplevel() on ptolemy.moml.MoMLSimpleApplication@44386a4f
reloadAllAccessors: .ConstraintMonitor3

===========================================================================================
----------------- testing Thu Jan 30 15:29:35 UTC 2020 /home/travis/build/icyphy/ptII/ptolemy/actor/lib/test/auto/ConstraintMonitor4.xml
----------------- Instantiating /home/travis/build/icyphy/ptII/ptolemy/actor/lib/test/auto/ConstraintMonitor4.xml
2 ms. Memory: 481280K Free: 408732K (85%)
----------------- Invoking toplevel() on ptolemy.moml.MoMLSimpleApplication@772bc61
----------------- Done invoking toplevel() on ptolemy.moml.MoMLSimpleApplication@772bc61
reloadAllAccessors: .ConstraintMonitor4

===========================================================================================
----------------- testing Thu Jan 30 15:29:35 UTC 2020 /home/travis/build/icyphy/ptII/ptolemy/actor/lib/test/auto/ConstraintMonitor5.xml
----------------- Instantiating /home/travis/build/icyphy/ptII/ptolemy/actor/lib/test/auto/ConstraintMonitor5.xml
10 ms. Memory: 481280K Free: 403612K (84%)
----------------- Invoking toplevel() on ptolemy.moml.MoMLSimpleApplication@4e0dc7d7
----------------- Done invoking toplevel() on ptolemy.moml.MoMLSimpleApplication@4e0dc7d7
reloadAllAccessors: .ConstraintMonitor5

===========================================================================================
----------------- testing Thu Jan 30 15:29:36 UTC 2020 /home/travis/build/icyphy/ptII/ptolemy/actor/lib/test/auto/ConstraintMonitor6.xml
----------------- Instantiating /home/travis/build/icyphy/ptII/ptolemy/actor/lib/test/auto/ConstraintMonitor6.xml
4 ms. Memory: 481280K Free: 396923K (82%)
----------------- Invoking toplevel() on ptolemy.moml.MoMLSimpleApplication@27a6ad
----------------- Done invoking toplevel() on ptolemy.moml.MoMLSimpleApplication@27a6ad
reloadAllAccessors: .ConstraintMonitor6

===========================================================================================
----------------- testing Thu Jan 30 15:29:36 UTC 2020 /home/travis/build/icyphy/ptII/ptolemy/actor/lib/test/auto/ConstraintMonitor7.xml
----------------- Instantiating /home/travis/build/icyphy/ptII/ptolemy/actor/lib/test/auto/ConstraintMonitor7.xml
3 ms. Memory: 481280K Free: 390803K (81%)
----------------- Invoking toplevel() on ptolemy.moml.MoMLSimpleApplication@462c7d57
----------------- Done invoking toplevel() on ptolemy.moml.MoMLSimpleApplication@462c7d57
reloadAllAccessors: .ConstraintMonitor7

===========================================================================================
----------------- testing Thu Jan 30 15:29:36 UTC 2020 /home/travis/build/icyphy/ptII/ptolemy/actor/lib/test/auto/ConstraintMonitor8.xml
----------------- Instantiating /home/travis/build/icyphy/ptII/ptolemy/actor/lib/test/auto/ConstraintMonitor8.xml
5 ms. Memory: 481280K Free: 383132K (80%)
----------------- Invoking toplevel() on ptolemy.moml.MoMLSimpleApplication@239fa96f
----------------- Done invoking toplevel() on ptolemy.moml.MoMLSimpleApplication@239fa96f
reloadAllAccessors: .ConstraintMonitor8

===========================================================================================
----------------- testing Thu Jan 30 15:29:36 UTC 2020 /home/travis/build/icyphy/ptII/ptolemy/actor/lib/test/auto/Counter.xml
----------------- Instantiating /home/travis/build/icyphy/ptII/ptolemy/actor/lib/test/auto/Counter.xml
2 ms. Memory: 481280K Free: 378012K (79%)
----------------- Invoking toplevel() on ptolemy.moml.MoMLSimpleApplication@46f1fb3e
----------------- Done invoking toplevel() on ptolemy.moml.MoMLSimpleApplication@46f1fb3e
reloadAllAccessors: .Counter

===========================================================================================
----------------- testing Thu Jan 30 15:29:36 UTC 2020 /home/travis/build/icyphy/ptII/ptolemy/actor/lib/test/auto/CurrentTimeSDF.xml
----------------- Instantiating /home/travis/build/icyphy/ptII/ptolemy/actor/lib/test/auto/CurrentTimeSDF.xml
2 ms. Memory: 481280K Free: 374426K (78%)
----------------- Invoking toplevel() on ptolemy.moml.MoMLSimpleApplication@425a2829
----------------- Done invoking toplevel() on ptolemy.moml.MoMLSimpleApplication@425a2829
reloadAllAccessors: .CurrentTimeSDF

===========================================================================================
----------------- testing Thu Jan 30 15:29:36 UTC 2020 /home/travis/build/icyphy/ptII/ptolemy/actor/lib/test/auto/DB.xml
----------------- Instantiating /home/travis/build/icyphy/ptII/ptolemy/actor/lib/test/auto/DB.xml
2 ms. Memory: 481280K Free: 368796K (77%)
----------------- Invoking toplevel() on ptolemy.moml.MoMLSimpleApplication@10daa319
----------------- Done invoking toplevel() on ptolemy.moml.MoMLSimpleApplication@10daa319
reloadAllAccessors: .DB

===========================================================================================
----------------- testing Thu Jan 30 15:29:36 UTC 2020 /home/travis/build/icyphy/ptII/ptolemy/actor/lib/test/auto/DBDE.xml
----------------- Instantiating /home/travis/build/icyphy/ptII/ptolemy/actor/lib/test/auto/DBDE.xml
3 ms. Memory: 481280K Free: 362652K (75%)
----------------- Invoking toplevel() on ptolemy.moml.MoMLSimpleApplication@441b8da7
----------------- Done invoking toplevel() on ptolemy.moml.MoMLSimpleApplication@441b8da7
reloadAllAccessors: .DBDE

===========================================================================================
----------------- testing Thu Jan 30 15:29:36 UTC 2020 /home/travis/build/icyphy/ptII/ptolemy/actor/lib/test/auto/DateConstructor.xml
----------------- Instantiating /home/travis/build/icyphy/ptII/ptolemy/actor/lib/test/auto/DateConstructor.xml
30 ms. Memory: 481280K Free: 345244K (72%)
----------------- Invoking toplevel() on ptolemy.moml.MoMLSimpleApplication@7f99119f
----------------- Done invoking toplevel() on ptolemy.moml.MoMLSimpleApplication@7f99119f
reloadAllAccessors: .DateConstructor

===========================================================================================
----------------- testing Thu Jan 30 15:29:36 UTC 2020 /home/travis/build/icyphy/ptII/ptolemy/actor/lib/test/auto/DelayTime.xml
----------------- Instantiating /home/travis/build/icyphy/ptII/ptolemy/actor/lib/test/auto/DelayTime.xml
6 ms. Memory: 481280K Free: 340124K (71%)
----------------- Invoking toplevel() on ptolemy.moml.MoMLSimpleApplication@22078748
----------------- Done invoking toplevel() on ptolemy.moml.MoMLSimpleApplication@22078748
reloadAllAccessors: .DelayTime

===========================================================================================
----------------- testing Thu Jan 30 15:29:36 UTC 2020 /home/travis/build/icyphy/ptII/ptolemy/actor/lib/test/auto/Dictionary1.xml
----------------- Instantiating /home/travis/build/icyphy/ptII/ptolemy/actor/lib/test/auto/Dictionary1.xml
2 ms. Memory: 481280K Free: 333980K (69%)
----------------- Invoking toplevel() on ptolemy.moml.MoMLSimpleApplication@1869db5e
----------------- Done invoking toplevel() on ptolemy.moml.MoMLSimpleApplication@1869db5e
reloadAllAccessors: .Dictionary1

===========================================================================================
----------------- testing Thu Jan 30 15:29:36 UTC 2020 /home/travis/build/icyphy/ptII/ptolemy/actor/lib/test/auto/Dictionary2.xml
----------------- Instantiating /home/travis/build/icyphy/ptII/ptolemy/actor/lib/test/auto/Dictionary2.xml
4 ms. Memory: 481280K Free: 328346K (68%)
----------------- Invoking toplevel() on ptolemy.moml.MoMLSimpleApplication@16a452ce
----------------- Done invoking toplevel() on ptolemy.moml.MoMLSimpleApplication@16a452ce
reloadAllAccessors: .Dictionary2

===========================================================================================
----------------- testing Thu Jan 30 15:29:36 UTC 2020 /home/travis/build/icyphy/ptII/ptolemy/actor/lib/test/auto/Dictionary3.xml
----------------- Instantiating /home/travis/build/icyphy/ptII/ptolemy/actor/lib/test/auto/Dictionary3.xml
2 ms. Memory: 481280K Free: 323226K (67%)
----------------- Invoking toplevel() on ptolemy.moml.MoMLSimpleApplication@6a3b515b
----------------- Done invoking toplevel() on ptolemy.moml.MoMLSimpleApplication@6a3b515b
reloadAllAccessors: .Dictionary3

===========================================================================================
----------------- testing Thu Jan 30 15:29:36 UTC 2020 /home/travis/build/icyphy/ptII/ptolemy/actor/lib/test/auto/Dictionary4.xml
----------------- Instantiating /home/travis/build/icyphy/ptII/ptolemy/actor/lib/test/auto/Dictionary4.xml
2 ms. Memory: 481280K Free: 316058K (66%)
----------------- Invoking toplevel() on ptolemy.moml.MoMLSimpleApplication@6e12a3fb
----------------- Done invoking toplevel() on ptolemy.moml.MoMLSimpleApplication@6e12a3fb
reloadAllAccessors: .Dictionary4

===========================================================================================
----------------- testing Thu Jan 30 15:29:36 UTC 2020 /home/travis/build/icyphy/ptII/ptolemy/actor/lib/test/auto/Differential.xml
----------------- Instantiating /home/travis/build/icyphy/ptII/ptolemy/actor/lib/test/auto/Differential.xml
3 ms. Memory: 481280K Free: 311452K (65%)
----------------- Invoking toplevel() on ptolemy.moml.MoMLSimpleApplication@1237a506
----------------- Done invoking toplevel() on ptolemy.moml.MoMLSimpleApplication@1237a506
reloadAllAccessors: .Differential

===========================================================================================
----------------- testing Thu Jan 30 15:29:36 UTC 2020 /home/travis/build/icyphy/ptII/ptolemy/actor/lib/test/auto/Director.xml
----------------- Instantiating /home/travis/build/icyphy/ptII/ptolemy/actor/lib/test/auto/Director.xml
3 ms. Memory: 481280K Free: 308380K (64%)
----------------- Invoking toplevel() on ptolemy.moml.MoMLSimpleApplication@74180b7f
----------------- Done invoking toplevel() on ptolemy.moml.MoMLSimpleApplication@74180b7f
reloadAllAccessors: .Director

===========================================================================================
----------------- testing Thu Jan 30 15:29:36 UTC 2020 /home/travis/build/icyphy/ptII/ptolemy/actor/lib/test/auto/DiscreteClock.xml
----------------- Instantiating /home/travis/build/icyphy/ptII/ptolemy/actor/lib/test/auto/DiscreteClock.xml
1 ms. Memory: 481280K Free: 304284K (63%)
----------------- Invoking toplevel() on ptolemy.moml.MoMLSimpleApplication@1f684569
----------------- Done invoking toplevel() on ptolemy.moml.MoMLSimpleApplication@1f684569
reloadAllAccessors: .DiscreteClock

===========================================================================================
----------------- testing Thu Jan 30 15:29:36 UTC 2020 /home/travis/build/icyphy/ptII/ptolemy/actor/lib/test/auto/DiscreteClock10.xml
----------------- Instantiating /home/travis/build/icyphy/ptII/ptolemy/actor/lib/test/auto/DiscreteClock10.xml
3 ms. Memory: 481280K Free: 298140K (62%)
----------------- Invoking toplevel() on ptolemy.moml.MoMLSimpleApplication@20e0a64c
----------------- Done invoking toplevel() on ptolemy.moml.MoMLSimpleApplication@20e0a64c
reloadAllAccessors: .DiscreteClock10

===========================================================================================
----------------- testing Thu Jan 30 15:29:36 UTC 2020 /home/travis/build/icyphy/ptII/ptolemy/actor/lib/test/auto/DiscreteClock11.xml
----------------- Instantiating /home/travis/build/icyphy/ptII/ptolemy/actor/lib/test/auto/DiscreteClock11.xml
2 ms. Memory: 481280K Free: 291996K (61%)
----------------- Invoking toplevel() on ptolemy.moml.MoMLSimpleApplication@63e03b03
----------------- Done invoking toplevel() on ptolemy.moml.MoMLSimpleApplication@63e03b03
reloadAllAccessors: .DiscreteClock11

===========================================================================================
----------------- testing Thu Jan 30 15:29:36 UTC 2020 /home/travis/build/icyphy/ptII/ptolemy/actor/lib/test/auto/DiscreteClock12.xml
----------------- Instantiating /home/travis/build/icyphy/ptII/ptolemy/actor/lib/test/auto/DiscreteClock12.xml
3 ms. Memory: 481280K Free: 286362K (60%)
----------------- Invoking toplevel() on ptolemy.moml.MoMLSimpleApplication@13eb71c0
----------------- Done invoking toplevel() on ptolemy.moml.MoMLSimpleApplication@13eb71c0
reloadAllAccessors: .DiscreteClock12

===========================================================================================
----------------- testing Thu Jan 30 15:29:36 UTC 2020 /home/travis/build/icyphy/ptII/ptolemy/actor/lib/test/auto/DiscreteClock13.xml
----------------- Instantiating /home/travis/build/icyphy/ptII/ptolemy/actor/lib/test/auto/DiscreteClock13.xml
6 ms. Memory: 481280K Free: 280187K (58%)
----------------- Invoking toplevel() on ptolemy.moml.MoMLSimpleApplication@70543fbe
----------------- Done invoking toplevel() on ptolemy.moml.MoMLSimpleApplication@70543fbe
reloadAllAccessors: .DiscreteClock13

===========================================================================================
----------------- testing Thu Jan 30 15:29:36 UTC 2020 /home/travis/build/icyphy/ptII/ptolemy/actor/lib/test/auto/DiscreteClock14.xml
----------------- Instantiating /home/travis/build/icyphy/ptII/ptolemy/actor/lib/test/auto/DiscreteClock14.xml
5 ms. Memory: 481280K Free: 274067K (57%)
----------------- Invoking toplevel() on ptolemy.moml.MoMLSimpleApplication@7a744b7d
----------------- Done invoking toplevel() on ptolemy.moml.MoMLSimpleApplication@7a744b7d
reloadAllAccessors: .DiscreteClock14

===========================================================================================
----------------- testing Thu Jan 30 15:29:36 UTC 2020 /home/travis/build/icyphy/ptII/ptolemy/actor/lib/test/auto/DiscreteClock15.xml
----------------- Instantiating /home/travis/build/icyphy/ptII/ptolemy/actor/lib/test/auto/DiscreteClock15.xml
4 ms. Memory: 481280K Free: 267899K (56%)
----------------- Invoking toplevel() on ptolemy.moml.MoMLSimpleApplication@48c6b04a
----------------- Done invoking toplevel() on ptolemy.moml.MoMLSimpleApplication@48c6b04a
reloadAllAccessors: .DiscreteClock15

===========================================================================================
----------------- testing Thu Jan 30 15:29:36 UTC 2020 /home/travis/build/icyphy/ptII/ptolemy/actor/lib/test/auto/DiscreteClock16.xml
----------------- Instantiating /home/travis/build/icyphy/ptII/ptolemy/actor/lib/test/auto/DiscreteClock16.xml
17 ms. Memory: 481280K Free: 254618K (53%)
----------------- Invoking toplevel() on ptolemy.moml.MoMLSimpleApplication@5108fbd2
----------------- Done invoking toplevel() on ptolemy.moml.MoMLSimpleApplication@5108fbd2
reloadAllAccessors: .DiscreteClock16

===========================================================================================
----------------- testing Thu Jan 30 15:29:36 UTC 2020 /home/travis/build/icyphy/ptII/ptolemy/actor/lib/test/auto/DiscreteClock17.xml
----------------- Instantiating /home/travis/build/icyphy/ptII/ptolemy/actor/lib/test/auto/DiscreteClock17.xml
17 ms. Memory: 481280K Free: 239772K (50%)
----------------- Invoking toplevel() on ptolemy.moml.MoMLSimpleApplication@6955112a
----------------- Done invoking toplevel() on ptolemy.moml.MoMLSimpleApplication@6955112a
reloadAllAccessors: .DiscreteClock17

===========================================================================================
----------------- testing Thu Jan 30 15:29:36 UTC 2020 /home/travis/build/icyphy/ptII/ptolemy/actor/lib/test/auto/DiscreteClock18.xml
----------------- Instantiating /home/travis/build/icyphy/ptII/ptolemy/actor/lib/test/auto/DiscreteClock18.xml
26 ms. Memory: 481280K Free: 225946K (47%)
----------------- Invoking toplevel() on ptolemy.moml.MoMLSimpleApplication@1c31c713
----------------- Done invoking toplevel() on ptolemy.moml.MoMLSimpleApplication@1c31c713
reloadAllAccessors: .DiscreteClock18

===========================================================================================
----------------- testing Thu Jan 30 15:29:36 UTC 2020 /home/travis/build/icyphy/ptII/ptolemy/actor/lib/test/auto/DiscreteClock19.xml
----------------- Instantiating /home/travis/build/icyphy/ptII/ptolemy/actor/lib/test/auto/DiscreteClock19.xml
24 ms. Memory: 481280K Free: 212122K (44%)
----------------- Invoking toplevel() on ptolemy.moml.MoMLSimpleApplication@d926969
----------------- Done invoking toplevel() on ptolemy.moml.MoMLSimpleApplication@d926969
reloadAllAccessors: .DiscreteClock19

===========================================================================================
----------------- testing Thu Jan 30 15:29:36 UTC 2020 /home/travis/build/icyphy/ptII/ptolemy/actor/lib/test/auto/DiscreteClock2.xml
----------------- Instantiating /home/travis/build/icyphy/ptII/ptolemy/actor/lib/test/auto/DiscreteClock2.xml
5 ms. Memory: 481280K Free: 207507K (43%)
----------------- Invoking toplevel() on ptolemy.moml.MoMLSimpleApplication@56d85e9
----------------- Done invoking toplevel() on ptolemy.moml.MoMLSimpleApplication@56d85e9
reloadAllAccessors: .DiscreteClock2

===========================================================================================
----------------- testing Thu Jan 30 15:29:36 UTC 2020 /home/travis/build/icyphy/ptII/ptolemy/actor/lib/test/auto/DiscreteClock20.xml
----------------- Instantiating /home/travis/build/icyphy/ptII/ptolemy/actor/lib/test/auto/DiscreteClock20.xml
8 ms. Memory: 481280K Free: 201884K (42%)
----------------- Invoking toplevel() on ptolemy.moml.MoMLSimpleApplication@5b531f27
----------------- Done invoking toplevel() on ptolemy.moml.MoMLSimpleApplication@5b531f27
reloadAllAccessors: .DiscreteClock20

===========================================================================================
----------------- testing Thu Jan 30 15:29:36 UTC 2020 /home/travis/build/icyphy/ptII/ptolemy/actor/lib/test/auto/DiscreteClock21.xml
----------------- Instantiating /home/travis/build/icyphy/ptII/ptolemy/actor/lib/test/auto/DiscreteClock21.xml
7 ms. Memory: 481280K Free: 196250K (41%)
----------------- Invoking toplevel() on ptolemy.moml.MoMLSimpleApplication@92d9158
----------------- Done invoking toplevel() on ptolemy.moml.MoMLSimpleApplication@92d9158
reloadAllAccessors: .DiscreteClock21

===========================================================================================
----------------- testing Thu Jan 30 15:29:36 UTC 2020 /home/travis/build/icyphy/ptII/ptolemy/actor/lib/test/auto/DiscreteClock22.xml
----------------- Instantiating /home/travis/build/icyphy/ptII/ptolemy/actor/lib/test/auto/DiscreteClock22.xml
5 ms. Memory: 481280K Free: 191130K (40%)
----------------- Invoking toplevel() on ptolemy.moml.MoMLSimpleApplication@3bd23c02
----------------- Done invoking toplevel() on ptolemy.moml.MoMLSimpleApplication@3bd23c02
reloadAllAccessors: .DiscreteClock22

===========================================================================================
----------------- testing Thu Jan 30 15:29:36 UTC 2020 /home/travis/build/icyphy/ptII/ptolemy/actor/lib/test/auto/DiscreteClock23.xml
----------------- Instantiating /home/travis/build/icyphy/ptII/ptolemy/actor/lib/test/auto/DiscreteClock23.xml
5 ms. Memory: 481280K Free: 185500K (39%)
----------------- Invoking toplevel() on ptolemy.moml.MoMLSimpleApplication@53c0a6bb
----------------- Done invoking toplevel() on ptolemy.moml.MoMLSimpleApplication@53c0a6bb
reloadAllAccessors: .DiscreteClock23

===========================================================================================
----------------- testing Thu Jan 30 15:29:36 UTC 2020 /home/travis/build/icyphy/ptII/ptolemy/actor/lib/test/auto/DiscreteClock24.xml
----------------- Instantiating /home/travis/build/icyphy/ptII/ptolemy/actor/lib/test/auto/DiscreteClock24.xml
4 ms. Memory: 481280K Free: 179866K (37%)
----------------- Invoking toplevel() on ptolemy.moml.MoMLSimpleApplication@7972924c
----------------- Done invoking toplevel() on ptolemy.moml.MoMLSimpleApplication@7972924c
reloadAllAccessors: .DiscreteClock24

===========================================================================================
----------------- testing Thu Jan 30 15:29:36 UTC 2020 /home/travis/build/icyphy/ptII/ptolemy/actor/lib/test/auto/DiscreteClock4.xml
----------------- Instantiating /home/travis/build/icyphy/ptII/ptolemy/actor/lib/test/auto/DiscreteClock4.xml
4 ms. Memory: 481280K Free: 174236K (36%)
----------------- Invoking toplevel() on ptolemy.moml.MoMLSimpleApplication@5d87bee9
----------------- Done invoking toplevel() on ptolemy.moml.MoMLSimpleApplication@5d87bee9
reloadAllAccessors: .DiscreteClock4

===========================================================================================
----------------- testing Thu Jan 30 15:29:36 UTC 2020 /home/travis/build/icyphy/ptII/ptolemy/actor/lib/test/auto/DiscreteClock5.xml
----------------- Instantiating /home/travis/build/icyphy/ptII/ptolemy/actor/lib/test/auto/DiscreteClock5.xml
1 ms. Memory: 481280K Free: 169116K (35%)
----------------- Invoking toplevel() on ptolemy.moml.MoMLSimpleApplication@5d11559a
----------------- Done invoking toplevel() on ptolemy.moml.MoMLSimpleApplication@5d11559a
reloadAllAccessors: .DiscreteClock5

===========================================================================================
----------------- testing Thu Jan 30 15:29:36 UTC 2020 /home/travis/build/icyphy/ptII/ptolemy/actor/lib/test/auto/DiscreteClock6.xml
----------------- Instantiating /home/travis/build/icyphy/ptII/ptolemy/actor/lib/test/auto/DiscreteClock6.xml
1 ms. Memory: 481280K Free: 165020K (34%)
----------------- Invoking toplevel() on ptolemy.moml.MoMLSimpleApplication@2cb6afe1
----------------- Done invoking toplevel() on ptolemy.moml.MoMLSimpleApplication@2cb6afe1
reloadAllAccessors: .DiscreteClock6

===========================================================================================
----------------- testing Thu Jan 30 15:29:36 UTC 2020 /home/travis/build/icyphy/ptII/ptolemy/actor/lib/test/auto/DiscreteClock7.xml
----------------- Instantiating /home/travis/build/icyphy/ptII/ptolemy/actor/lib/test/auto/DiscreteClock7.xml
2 ms. Memory: 481280K Free: 160410K (33%)
----------------- Invoking toplevel() on ptolemy.moml.MoMLSimpleApplication@3efa779b
----------------- Done invoking toplevel() on ptolemy.moml.MoMLSimpleApplication@3efa779b
reloadAllAccessors: .DiscreteClock7

===========================================================================================
----------------- testing Thu Jan 30 15:29:36 UTC 2020 /home/travis/build/icyphy/ptII/ptolemy/actor/lib/test/auto/DiscreteClock8.xml
----------------- Instantiating /home/travis/build/icyphy/ptII/ptolemy/actor/lib/test/auto/DiscreteClock8.xml
5 ms. Memory: 481280K Free: 155259K (32%)
----------------- Invoking toplevel() on ptolemy.moml.MoMLSimpleApplication@449f507
----------------- Done invoking toplevel() on ptolemy.moml.MoMLSimpleApplication@449f507
reloadAllAccessors: .DiscreteClock8

===========================================================================================
----------------- testing Thu Jan 30 15:29:36 UTC 2020 /home/travis/build/icyphy/ptII/ptolemy/actor/lib/test/auto/DiscreteClock9.xml
----------------- Instantiating /home/travis/build/icyphy/ptII/ptolemy/actor/lib/test/auto/DiscreteClock9.xml
4 ms. Memory: 481280K Free: 428683K (89%)
----------------- Invoking toplevel() on ptolemy.moml.MoMLSimpleApplication@60a4b3c1
----------------- Done invoking toplevel() on ptolemy.moml.MoMLSimpleApplication@60a4b3c1
reloadAllAccessors: .DiscreteClock9

===========================================================================================
----------------- testing Thu Jan 30 15:29:37 UTC 2020 /home/travis/build/icyphy/ptII/ptolemy/actor/lib/test/auto/DisplayArray.xml
----------------- Instantiating /home/travis/build/icyphy/ptII/ptolemy/actor/lib/test/auto/DisplayArray.xml
3 ms. Memory: 481280K Free: 425116K (88%)
----------------- Invoking toplevel() on ptolemy.moml.MoMLSimpleApplication@7bb16b63
----------------- Done invoking toplevel() on ptolemy.moml.MoMLSimpleApplication@7bb16b63
reloadAllAccessors: .DisplayArray

===========================================================================================
----------------- testing Thu Jan 30 15:29:37 UTC 2020 /home/travis/build/icyphy/ptII/ptolemy/actor/lib/test/auto/Distributor.xml
----------------- Instantiating /home/travis/build/icyphy/ptII/ptolemy/actor/lib/test/auto/Distributor.xml
2 ms. Memory: 481280K Free: 420506K (87%)
----------------- Invoking toplevel() on ptolemy.moml.MoMLSimpleApplication@56782e78
----------------- Done invoking toplevel() on ptolemy.moml.MoMLSimpleApplication@56782e78
reloadAllAccessors: .Distributor

===========================================================================================
----------------- testing Thu Jan 30 15:29:37 UTC 2020 /home/travis/build/icyphy/ptII/ptolemy/actor/lib/test/auto/Distributor2.xml
----------------- Instantiating /home/travis/build/icyphy/ptII/ptolemy/actor/lib/test/auto/Distributor2.xml
1 ms. Memory: 481280K Free: 415386K (86%)
----------------- Invoking toplevel() on ptolemy.moml.MoMLSimpleApplication@e28a849
----------------- Done invoking toplevel() on ptolemy.moml.MoMLSimpleApplication@e28a849
reloadAllAccessors: .Distributor2

===========================================================================================
----------------- testing Thu Jan 30 15:29:37 UTC 2020 /home/travis/build/icyphy/ptII/ptolemy/actor/lib/test/auto/DownSample.xml
----------------- Instantiating /home/travis/build/icyphy/ptII/ptolemy/actor/lib/test/auto/DownSample.xml
1 ms. Memory: 481280K Free: 411290K (85%)
----------------- Invoking toplevel() on ptolemy.moml.MoMLSimpleApplication@410e93dc
----------------- Done invoking toplevel() on ptolemy.moml.MoMLSimpleApplication@410e93dc
reloadAllAccessors: .DownSample

===========================================================================================
----------------- testing Thu Jan 30 15:29:37 UTC 2020 /home/travis/build/icyphy/ptII/ptolemy/actor/lib/test/auto/ElectronicUnitBase1.xml
----------------- Instantiating /home/travis/build/icyphy/ptII/ptolemy/actor/lib/test/auto/ElectronicUnitBase1.xml
13 ms. Memory: 481280K Free: 395420K (82%)
----------------- Invoking toplevel() on ptolemy.moml.MoMLSimpleApplication@30bfc304
----------------- Done invoking toplevel() on ptolemy.moml.MoMLSimpleApplication@30bfc304
reloadAllAccessors: .ElectronicUnitBase1

===========================================================================================
----------------- testing Thu Jan 30 15:29:37 UTC 2020 /home/travis/build/icyphy/ptII/ptolemy/actor/lib/test/auto/ElementsToArray.xml
----------------- Instantiating /home/travis/build/icyphy/ptII/ptolemy/actor/lib/test/auto/ElementsToArray.xml
2 ms. Memory: 481280K Free: 390300K (81%)
----------------- Invoking toplevel() on ptolemy.moml.MoMLSimpleApplication@e5380e3
----------------- Done invoking toplevel() on ptolemy.moml.MoMLSimpleApplication@e5380e3
reloadAllAccessors: .ElementsToArray

===========================================================================================
----------------- testing Thu Jan 30 15:29:37 UTC 2020 /home/travis/build/icyphy/ptII/ptolemy/actor/lib/test/auto/Equals.xml
----------------- Instantiating /home/travis/build/icyphy/ptII/ptolemy/actor/lib/test/auto/Equals.xml
3 ms. Memory: 481280K Free: 385690K (80%)
----------------- Invoking toplevel() on ptolemy.moml.MoMLSimpleApplication@267e7b8e
----------------- Done invoking toplevel() on ptolemy.moml.MoMLSimpleApplication@267e7b8e
reloadAllAccessors: .Equals

===========================================================================================
----------------- testing Thu Jan 30 15:29:37 UTC 2020 /home/travis/build/icyphy/ptII/ptolemy/actor/lib/test/auto/Exec.xml
----------------- Instantiating /home/travis/build/icyphy/ptII/ptolemy/actor/lib/test/auto/Exec.xml
20 ms. Memory: 481280K Free: 380060K (79%)
----------------- Invoking toplevel() on ptolemy.moml.MoMLSimpleApplication@4a3a27d9
----------------- Done invoking toplevel() on ptolemy.moml.MoMLSimpleApplication@4a3a27d9
reloadAllAccessors: .Exec

===========================================================================================
----------------- testing Thu Jan 30 15:29:37 UTC 2020 /home/travis/build/icyphy/ptII/ptolemy/actor/lib/test/auto/ExecEnvironment.xml
----------------- Instantiating /home/travis/build/icyphy/ptII/ptolemy/actor/lib/test/auto/ExecEnvironment.xml
23 ms. Memory: 481280K Free: 374940K (78%)
----------------- Invoking toplevel() on ptolemy.moml.MoMLSimpleApplication@537293a2
----------------- Done invoking toplevel() on ptolemy.moml.MoMLSimpleApplication@537293a2
reloadAllAccessors: .ExecEnvironment

===========================================================================================
----------------- testing Thu Jan 30 15:29:37 UTC 2020 /home/travis/build/icyphy/ptII/ptolemy/actor/lib/test/auto/ExecNonZeroReturnOutput.xml
----------------- Instantiating /home/travis/build/icyphy/ptII/ptolemy/actor/lib/test/auto/ExecNonZeroReturnOutput.xml
172 ms. Memory: 481280K Free: 363676K (76%)
----------------- Invoking toplevel() on ptolemy.moml.MoMLSimpleApplication@68929ad6
----------------- Done invoking toplevel() on ptolemy.moml.MoMLSimpleApplication@68929ad6
reloadAllAccessors: .ExecNonZeroReturnOutput

===========================================================================================
----------------- testing Thu Jan 30 15:29:37 UTC 2020 /home/travis/build/icyphy/ptII/ptolemy/actor/lib/test/auto/ExecRunDemos.xml
----------------- Instantiating /home/travis/build/icyphy/ptII/ptolemy/actor/lib/test/auto/ExecRunDemos.xml
Finished: 105 ms. Memory: 129024K Free: 112089K (87%)

Finished: 76 ms. Memory: 129024K Free: 109469K (85%)

Finished: 103 ms. Memory: 129024K Free: 109539K (85%)

Finished: 87 ms. Memory: 129024K Free: 111116K (86%)

Finished: 72 ms. Memory: 129024K Free: 112032K (87%)

11032 ms. Memory: 481280K Free: 342170K (71%)
----------------- Invoking toplevel() on ptolemy.moml.MoMLSimpleApplication@24b53894
----------------- Done invoking toplevel() on ptolemy.moml.MoMLSimpleApplication@24b53894
reloadAllAccessors: .ExecRunDemos

===========================================================================================
----------------- testing Thu Jan 30 15:29:48 UTC 2020 /home/travis/build/icyphy/ptII/ptolemy/actor/lib/test/auto/ExecStop.xml
----------------- Instantiating /home/travis/build/icyphy/ptII/ptolemy/actor/lib/test/auto/ExecStop.xml
5017 ms. Memory: 481280K Free: 217244K (45%)
----------------- Invoking toplevel() on ptolemy.moml.MoMLSimpleApplication@281bb7aa
----------------- Done invoking toplevel() on ptolemy.moml.MoMLSimpleApplication@281bb7aa
reloadAllAccessors: .ExecStop

===========================================================================================
----------------- testing Thu Jan 30 15:29:53 UTC 2020 /home/travis/build/icyphy/ptII/ptolemy/actor/lib/test/auto/ExecutionTimeSDF.xml
----------------- Instantiating /home/travis/build/icyphy/ptII/ptolemy/actor/lib/test/auto/ExecutionTimeSDF.xml
Fired ExecutionTime: -521367296
Fired ExecutionTime: 1336400000
Fired ExecutionTime: -225367296
6005 ms. Memory: 481280K Free: 205451K (43%)
----------------- Invoking toplevel() on ptolemy.moml.MoMLSimpleApplication@1403e38d
----------------- Done invoking toplevel() on ptolemy.moml.MoMLSimpleApplication@1403e38d
reloadAllAccessors: .ExecutionTimeSDF

===========================================================================================
----------------- testing Thu Jan 30 15:29:59 UTC 2020 /home/travis/build/icyphy/ptII/ptolemy/actor/lib/test/auto/Expression1.xml
----------------- Instantiating /home/travis/build/icyphy/ptII/ptolemy/actor/lib/test/auto/Expression1.xml
5 ms. Memory: 481280K Free: 201884K (42%)
----------------- Invoking toplevel() on ptolemy.moml.MoMLSimpleApplication@7fd2ef4d
----------------- Done invoking toplevel() on ptolemy.moml.MoMLSimpleApplication@7fd2ef4d
reloadAllAccessors: .Expression1

===========================================================================================
----------------- testing Thu Jan 30 15:29:59 UTC 2020 /home/travis/build/icyphy/ptII/ptolemy/actor/lib/test/auto/Expression10.xml
----------------- Instantiating /home/travis/build/icyphy/ptII/ptolemy/actor/lib/test/auto/Expression10.xml
5 ms. Memory: 481280K Free: 196250K (41%)
----------------- Invoking toplevel() on ptolemy.moml.MoMLSimpleApplication@3852c091
----------------- Done invoking toplevel() on ptolemy.moml.MoMLSimpleApplication@3852c091
reloadAllAccessors: .Expression10

===========================================================================================
----------------- testing Thu Jan 30 15:29:59 UTC 2020 /home/travis/build/icyphy/ptII/ptolemy/actor/lib/test/auto/Expression11.xml
----------------- Instantiating /home/travis/build/icyphy/ptII/ptolemy/actor/lib/test/auto/Expression11.xml
2 ms. Memory: 481280K Free: 191130K (40%)
----------------- Invoking toplevel() on ptolemy.moml.MoMLSimpleApplication@672f078b
----------------- Done invoking toplevel() on ptolemy.moml.MoMLSimpleApplication@672f078b
reloadAllAccessors: .Expression11

===========================================================================================
----------------- testing Thu Jan 30 15:29:59 UTC 2020 /home/travis/build/icyphy/ptII/ptolemy/actor/lib/test/auto/Expression12.xml
----------------- Instantiating /home/travis/build/icyphy/ptII/ptolemy/actor/lib/test/auto/Expression12.xml
3 ms. Memory: 481280K Free: 186010K (39%)
----------------- Invoking toplevel() on ptolemy.moml.MoMLSimpleApplication@50696443
----------------- Done invoking toplevel() on ptolemy.moml.MoMLSimpleApplication@50696443
reloadAllAccessors: .Expression12

===========================================================================================
----------------- testing Thu Jan 30 15:29:59 UTC 2020 /home/travis/build/icyphy/ptII/ptolemy/actor/lib/test/auto/Expression13.xml
----------------- Instantiating /home/travis/build/icyphy/ptII/ptolemy/actor/lib/test/auto/Expression13.xml
4 ms. Memory: 481280K Free: 180890K (38%)
----------------- Invoking toplevel() on ptolemy.moml.MoMLSimpleApplication@64f7c338
----------------- Done invoking toplevel() on ptolemy.moml.MoMLSimpleApplication@64f7c338
reloadAllAccessors: .Expression13

===========================================================================================
----------------- testing Thu Jan 30 15:29:59 UTC 2020 /home/travis/build/icyphy/ptII/ptolemy/actor/lib/test/auto/Expression14.xml
----------------- Instantiating /home/travis/build/icyphy/ptII/ptolemy/actor/lib/test/auto/Expression14.xml
4 ms. Memory: 481280K Free: 174746K (36%)
----------------- Invoking toplevel() on ptolemy.moml.MoMLSimpleApplication@7bdbd5cb
----------------- Done invoking toplevel() on ptolemy.moml.MoMLSimpleApplication@7bdbd5cb
reloadAllAccessors: .Expression14

===========================================================================================
----------------- testing Thu Jan 30 15:29:59 UTC 2020 /home/travis/build/icyphy/ptII/ptolemy/actor/lib/test/auto/Expression15.xml
----------------- Instantiating /home/travis/build/icyphy/ptII/ptolemy/actor/lib/test/auto/Expression15.xml
1 ms. Memory: 481280K Free: 170650K (35%)
----------------- Invoking toplevel() on ptolemy.moml.MoMLSimpleApplication@615e0181
----------------- Done invoking toplevel() on ptolemy.moml.MoMLSimpleApplication@615e0181
reloadAllAccessors: .Expression15

===========================================================================================
----------------- testing Thu Jan 30 15:29:59 UTC 2020 /home/travis/build/icyphy/ptII/ptolemy/actor/lib/test/auto/Expression16.xml
----------------- Instantiating /home/travis/build/icyphy/ptII/ptolemy/actor/lib/test/auto/Expression16.xml
2 ms. Memory: 481280K Free: 165530K (34%)
----------------- Invoking toplevel() on ptolemy.moml.MoMLSimpleApplication@4b4f19e7
----------------- Done invoking toplevel() on ptolemy.moml.MoMLSimpleApplication@4b4f19e7
reloadAllAccessors: .Expression16

===========================================================================================
----------------- testing Thu Jan 30 15:29:59 UTC 2020 /home/travis/build/icyphy/ptII/ptolemy/actor/lib/test/auto/Expression17.xml
----------------- Instantiating /home/travis/build/icyphy/ptII/ptolemy/actor/lib/test/auto/Expression17.xml
3 ms. Memory: 481280K Free: 160924K (33%)
----------------- Invoking toplevel() on ptolemy.moml.MoMLSimpleApplication@670dfb4f
----------------- Done invoking toplevel() on ptolemy.moml.MoMLSimpleApplication@670dfb4f
reloadAllAccessors: .Expression17

===========================================================================================
----------------- testing Thu Jan 30 15:29:59 UTC 2020 /home/travis/build/icyphy/ptII/ptolemy/actor/lib/test/auto/Expression18.xml
----------------- Instantiating /home/travis/build/icyphy/ptII/ptolemy/actor/lib/test/auto/Expression18.xml
2 ms. Memory: 481280K Free: 155290K (32%)
----------------- Invoking toplevel() on ptolemy.moml.MoMLSimpleApplication@1edfed52
----------------- Done invoking toplevel() on ptolemy.moml.MoMLSimpleApplication@1edfed52
reloadAllAccessors: .Expression18

===========================================================================================
----------------- testing Thu Jan 30 15:29:59 UTC 2020 /home/travis/build/icyphy/ptII/ptolemy/actor/lib/test/auto/Expression2.xml
----------------- Instantiating /home/travis/build/icyphy/ptII/ptolemy/actor/lib/test/auto/Expression2.xml
3 ms. Memory: 481280K Free: 429691K (89%)
----------------- Invoking toplevel() on ptolemy.moml.MoMLSimpleApplication@e4f6ff9
----------------- Done invoking toplevel() on ptolemy.moml.MoMLSimpleApplication@e4f6ff9
reloadAllAccessors: .Expression2

===========================================================================================
----------------- testing Thu Jan 30 15:29:59 UTC 2020 /home/travis/build/icyphy/ptII/ptolemy/actor/lib/test/auto/Expression3.xml
----------------- Instantiating /home/travis/build/icyphy/ptII/ptolemy/actor/lib/test/auto/Expression3.xml
2 ms. Memory: 481280K Free: 424602K (88%)
----------------- Invoking toplevel() on ptolemy.moml.MoMLSimpleApplication@7fb5fe42
----------------- Done invoking toplevel() on ptolemy.moml.MoMLSimpleApplication@7fb5fe42
reloadAllAccessors: .Expression3

===========================================================================================
----------------- testing Thu Jan 30 15:29:59 UTC 2020 /home/travis/build/icyphy/ptII/ptolemy/actor/lib/test/auto/Expression4.xml
----------------- Instantiating /home/travis/build/icyphy/ptII/ptolemy/actor/lib/test/auto/Expression4.xml
3 ms. Memory: 481280K Free: 416924K (87%)
----------------- Invoking toplevel() on ptolemy.moml.MoMLSimpleApplication@69e7bfc1
----------------- Done invoking toplevel() on ptolemy.moml.MoMLSimpleApplication@69e7bfc1
reloadAllAccessors: .Expression4

===========================================================================================
----------------- testing Thu Jan 30 15:29:59 UTC 2020 /home/travis/build/icyphy/ptII/ptolemy/actor/lib/test/auto/Expression5.xml
----------------- Instantiating /home/travis/build/icyphy/ptII/ptolemy/actor/lib/test/auto/Expression5.xml
6 ms. Memory: 481280K Free: 411804K (86%)
----------------- Invoking toplevel() on ptolemy.moml.MoMLSimpleApplication@448b14e3
----------------- Done invoking toplevel() on ptolemy.moml.MoMLSimpleApplication@448b14e3
reloadAllAccessors: .Expression5

===========================================================================================
----------------- testing Thu Jan 30 15:29:59 UTC 2020 /home/travis/build/icyphy/ptII/ptolemy/actor/lib/test/auto/Expression6.xml
----------------- Instantiating /home/travis/build/icyphy/ptII/ptolemy/actor/lib/test/auto/Expression6.xml
2 ms. Memory: 481280K Free: 407194K (85%)
----------------- Invoking toplevel() on ptolemy.moml.MoMLSimpleApplication@b22d2f
----------------- Done invoking toplevel() on ptolemy.moml.MoMLSimpleApplication@b22d2f
reloadAllAccessors: .Expression6

===========================================================================================
----------------- testing Thu Jan 30 15:29:59 UTC 2020 /home/travis/build/icyphy/ptII/ptolemy/actor/lib/test/auto/Expression7.xml
----------------- Instantiating /home/travis/build/icyphy/ptII/ptolemy/actor/lib/test/auto/Expression7.xml
2 ms. Memory: 481280K Free: 402074K (84%)
----------------- Invoking toplevel() on ptolemy.moml.MoMLSimpleApplication@14a24350
----------------- Done invoking toplevel() on ptolemy.moml.MoMLSimpleApplication@14a24350
reloadAllAccessors: .Expression7

===========================================================================================
----------------- testing Thu Jan 30 15:29:59 UTC 2020 /home/travis/build/icyphy/ptII/ptolemy/actor/lib/test/auto/Expression8.xml
----------------- Instantiating /home/travis/build/icyphy/ptII/ptolemy/actor/lib/test/auto/Expression8.xml
8 ms. Memory: 481280K Free: 397468K (83%)
----------------- Invoking toplevel() on ptolemy.moml.MoMLSimpleApplication@2b862013
----------------- Done invoking toplevel() on ptolemy.moml.MoMLSimpleApplication@2b862013
reloadAllAccessors: .Expression8

===========================================================================================
----------------- testing Thu Jan 30 15:29:59 UTC 2020 /home/travis/build/icyphy/ptII/ptolemy/actor/lib/test/auto/Expression9.xml
----------------- Instantiating /home/travis/build/icyphy/ptII/ptolemy/actor/lib/test/auto/Expression9.xml
1 ms. Memory: 481280K Free: 393372K (82%)
----------------- Invoking toplevel() on ptolemy.moml.MoMLSimpleApplication@2f99fc49
----------------- Done invoking toplevel() on ptolemy.moml.MoMLSimpleApplication@2f99fc49
reloadAllAccessors: .Expression9

===========================================================================================
----------------- testing Thu Jan 30 15:29:59 UTC 2020 /home/travis/build/icyphy/ptII/ptolemy/actor/lib/test/auto/ExpressionConcatenateArrayType.xml
----------------- Instantiating /home/travis/build/icyphy/ptII/ptolemy/actor/lib/test/auto/ExpressionConcatenateArrayType.xml
5 ms. Memory: 481280K Free: 386714K (80%)
----------------- Invoking toplevel() on ptolemy.moml.MoMLSimpleApplication@2e2bdb5e
----------------- Done invoking toplevel() on ptolemy.moml.MoMLSimpleApplication@2e2bdb5e
reloadAllAccessors: .ExpressionConcatenateArrayType

===========================================================================================
----------------- testing Thu Jan 30 15:29:59 UTC 2020 /home/travis/build/icyphy/ptII/ptolemy/actor/lib/test/auto/ExpressionConcatenateArrayType2.xml
----------------- Instantiating /home/travis/build/icyphy/ptII/ptolemy/actor/lib/test/auto/ExpressionConcatenateArrayType2.xml
2 ms. Memory: 481280K Free: 380570K (79%)
----------------- Invoking toplevel() on ptolemy.moml.MoMLSimpleApplication@3d6d6f
----------------- Done invoking toplevel() on ptolemy.moml.MoMLSimpleApplication@3d6d6f
reloadAllAccessors: .ExpressionConcatenateArrayType2

===========================================================================================
----------------- testing Thu Jan 30 15:30:00 UTC 2020 /home/travis/build/icyphy/ptII/ptolemy/actor/lib/test/auto/ExpressionFix.xml
----------------- Instantiating /home/travis/build/icyphy/ptII/ptolemy/actor/lib/test/auto/ExpressionFix.xml
9 ms. Memory: 481280K Free: 373914K (78%)
----------------- Invoking toplevel() on ptolemy.moml.MoMLSimpleApplication@21ee60f9
----------------- Done invoking toplevel() on ptolemy.moml.MoMLSimpleApplication@21ee60f9
reloadAllAccessors: .ExpressionFix

===========================================================================================
----------------- testing Thu Jan 30 15:30:00 UTC 2020 /home/travis/build/icyphy/ptII/ptolemy/actor/lib/test/auto/ExpressionFix2.xml
----------------- Instantiating /home/travis/build/icyphy/ptII/ptolemy/actor/lib/test/auto/ExpressionFix2.xml
2 ms. Memory: 481280K Free: 369820K (77%)
----------------- Invoking toplevel() on ptolemy.moml.MoMLSimpleApplication@59872f73
----------------- Done invoking toplevel() on ptolemy.moml.MoMLSimpleApplication@59872f73
reloadAllAccessors: .ExpressionFix2

===========================================================================================
----------------- testing Thu Jan 30 15:30:00 UTC 2020 /home/travis/build/icyphy/ptII/ptolemy/actor/lib/test/auto/ExpressionFix3.xml
----------------- Instantiating /home/travis/build/icyphy/ptII/ptolemy/actor/lib/test/auto/ExpressionFix3.xml
2 ms. Memory: 481280K Free: 365724K (76%)
----------------- Invoking toplevel() on ptolemy.moml.MoMLSimpleApplication@22c3de71
----------------- Done invoking toplevel() on ptolemy.moml.MoMLSimpleApplication@22c3de71
reloadAllAccessors: .ExpressionFix3

===========================================================================================
----------------- testing Thu Jan 30 15:30:00 UTC 2020 /home/travis/build/icyphy/ptII/ptolemy/actor/lib/test/auto/FileWriter1.xml
----------------- Instantiating /home/travis/build/icyphy/ptII/ptolemy/actor/lib/test/auto/FileWriter1.xml
1 ms. Memory: 481280K Free: 361628K (75%)
----------------- Invoking toplevel() on ptolemy.moml.MoMLSimpleApplication@160822f9
----------------- Done invoking toplevel() on ptolemy.moml.MoMLSimpleApplication@160822f9
reloadAllAccessors: .FileWriter1

===========================================================================================
----------------- testing Thu Jan 30 15:30:00 UTC 2020 /home/travis/build/icyphy/ptII/ptolemy/actor/lib/test/auto/FileWriter2.xml
----------------- Instantiating /home/travis/build/icyphy/ptII/ptolemy/actor/lib/test/auto/FileWriter2.xml
5 ms. Memory: 481280K Free: 357018K (74%)
----------------- Invoking toplevel() on ptolemy.moml.MoMLSimpleApplication@36ae5040
----------------- Done invoking toplevel() on ptolemy.moml.MoMLSimpleApplication@36ae5040
reloadAllAccessors: .FileWriter2

===========================================================================================
----------------- testing Thu Jan 30 15:30:00 UTC 2020 /home/travis/build/icyphy/ptII/ptolemy/actor/lib/test/auto/FileWriter3.xml
----------------- Instantiating /home/travis/build/icyphy/ptII/ptolemy/actor/lib/test/auto/FileWriter3.xml
2 ms. Memory: 481280K Free: 352922K (73%)
----------------- Invoking toplevel() on ptolemy.moml.MoMLSimpleApplication@650f714c
----------------- Done invoking toplevel() on ptolemy.moml.MoMLSimpleApplication@650f714c
reloadAllAccessors: .FileWriter3

===========================================================================================
----------------- testing Thu Jan 30 15:30:00 UTC 2020 /home/travis/build/icyphy/ptII/ptolemy/actor/lib/test/auto/Gaussian.xml
----------------- Instantiating /home/travis/build/icyphy/ptII/ptolemy/actor/lib/test/auto/Gaussian.xml
3 ms. Memory: 481280K Free: 348316K (72%)
----------------- Invoking toplevel() on ptolemy.moml.MoMLSimpleApplication@10925986
----------------- Done invoking toplevel() on ptolemy.moml.MoMLSimpleApplication@10925986
reloadAllAccessors: .Gaussian

===========================================================================================
----------------- testing Thu Jan 30 15:30:00 UTC 2020 /home/travis/build/icyphy/ptII/ptolemy/actor/lib/test/auto/Gaussian1.xml
----------------- Instantiating /home/travis/build/icyphy/ptII/ptolemy/actor/lib/test/auto/Gaussian1.xml
11 ms. Memory: 481280K Free: 343196K (71%)
----------------- Invoking toplevel() on ptolemy.moml.MoMLSimpleApplication@5433826d
----------------- Done invoking toplevel() on ptolemy.moml.MoMLSimpleApplication@5433826d
reloadAllAccessors: .Gaussian1

===========================================================================================
----------------- testing Thu Jan 30 15:30:00 UTC 2020 /home/travis/build/icyphy/ptII/ptolemy/actor/lib/test/auto/Gaussian2.xml
----------------- Instantiating /home/travis/build/icyphy/ptII/ptolemy/actor/lib/test/auto/Gaussian2.xml
2 ms. Memory: 481280K Free: 338076K (70%)
----------------- Invoking toplevel() on ptolemy.moml.MoMLSimpleApplication@59391d4b
----------------- Done invoking toplevel() on ptolemy.moml.MoMLSimpleApplication@59391d4b
reloadAllAccessors: .Gaussian2

===========================================================================================
----------------- testing Thu Jan 30 15:30:00 UTC 2020 /home/travis/build/icyphy/ptII/ptolemy/actor/lib/test/auto/GradientAdaptiveLattice.xml
----------------- Instantiating /home/travis/build/icyphy/ptII/ptolemy/actor/lib/test/auto/GradientAdaptiveLattice.xml
4 ms. Memory: 481280K Free: 332956K (69%)
----------------- Invoking toplevel() on ptolemy.moml.MoMLSimpleApplication@f6ff1e9
----------------- Done invoking toplevel() on ptolemy.moml.MoMLSimpleApplication@f6ff1e9
reloadAllAccessors: .GradientAdaptiveLattice

===========================================================================================
----------------- testing Thu Jan 30 15:30:00 UTC 2020 /home/travis/build/icyphy/ptII/ptolemy/actor/lib/test/auto/IIR.xml
----------------- Instantiating /home/travis/build/icyphy/ptII/ptolemy/actor/lib/test/auto/IIR.xml
2 ms. Memory: 481280K Free: 328346K (68%)
----------------- Invoking toplevel() on ptolemy.moml.MoMLSimpleApplication@31f7a85
----------------- Done invoking toplevel() on ptolemy.moml.MoMLSimpleApplication@31f7a85
reloadAllAccessors: .IIR

===========================================================================================
----------------- testing Thu Jan 30 15:30:00 UTC 2020 /home/travis/build/icyphy/ptII/ptolemy/actor/lib/test/auto/InputOutputTransparentPorts.xml
----------------- Instantiating /home/travis/build/icyphy/ptII/ptolemy/actor/lib/test/auto/InputOutputTransparentPorts.xml
2 ms. Memory: 481280K Free: 321178K (67%)
----------------- Invoking toplevel() on ptolemy.moml.MoMLSimpleApplication@6702f39f
----------------- Done invoking toplevel() on ptolemy.moml.MoMLSimpleApplication@6702f39f
reloadAllAccessors: .InputOutputTransparentPorts

===========================================================================================
----------------- testing Thu Jan 30 15:30:00 UTC 2020 /home/travis/build/icyphy/ptII/ptolemy/actor/lib/test/auto/Interpolator.xml
----------------- Instantiating /home/travis/build/icyphy/ptII/ptolemy/actor/lib/test/auto/Interpolator.xml
4 ms. Memory: 481280K Free: 317082K (66%)
----------------- Invoking toplevel() on ptolemy.moml.MoMLSimpleApplication@1fa8949b
----------------- Done invoking toplevel() on ptolemy.moml.MoMLSimpleApplication@1fa8949b
reloadAllAccessors: .Interpolator

===========================================================================================
----------------- testing Thu Jan 30 15:30:00 UTC 2020 /home/travis/build/icyphy/ptII/ptolemy/actor/lib/test/auto/InterpolatorFiringLimitDE.xml
----------------- Instantiating /home/travis/build/icyphy/ptII/ptolemy/actor/lib/test/auto/InterpolatorFiringLimitDE.xml
2 ms. Memory: 481280K Free: 310938K (65%)
----------------- Invoking toplevel() on ptolemy.moml.MoMLSimpleApplication@74ecfde7
----------------- Done invoking toplevel() on ptolemy.moml.MoMLSimpleApplication@74ecfde7
reloadAllAccessors: .InterpolatorFiringLimitDE

===========================================================================================
----------------- testing Thu Jan 30 15:30:00 UTC 2020 /home/travis/build/icyphy/ptII/ptolemy/actor/lib/test/auto/Lattice.xml
----------------- Instantiating /home/travis/build/icyphy/ptII/ptolemy/actor/lib/test/auto/Lattice.xml
1 ms. Memory: 481280K Free: 306842K (64%)
----------------- Invoking toplevel() on ptolemy.moml.MoMLSimpleApplication@56b30a75
----------------- Done invoking toplevel() on ptolemy.moml.MoMLSimpleApplication@56b30a75
reloadAllAccessors: .Lattice

===========================================================================================
----------------- testing Thu Jan 30 15:30:00 UTC 2020 /home/travis/build/icyphy/ptII/ptolemy/actor/lib/test/auto/LazyAOCTestLazy.xml
----------------- Instantiating /home/travis/build/icyphy/ptII/ptolemy/actor/lib/test/auto/LazyAOCTestLazy.xml
9 ms. Memory: 481280K Free: 301212K (63%)
----------------- Invoking toplevel() on ptolemy.moml.MoMLSimpleApplication@6c4c3f21
----------------- Done invoking toplevel() on ptolemy.moml.MoMLSimpleApplication@6c4c3f21
reloadAllAccessors: .LazyAOCTestLazy

===========================================================================================
----------------- testing Thu Jan 30 15:30:00 UTC 2020 /home/travis/build/icyphy/ptII/ptolemy/actor/lib/test/auto/LazyAOCTestNonLazy.xml
----------------- Instantiating /home/travis/build/icyphy/ptII/ptolemy/actor/lib/test/auto/LazyAOCTestNonLazy.xml
2 ms. Memory: 481280K Free: 294554K (61%)
----------------- Invoking toplevel() on ptolemy.moml.MoMLSimpleApplication@148061da
----------------- Done invoking toplevel() on ptolemy.moml.MoMLSimpleApplication@148061da
reloadAllAccessors: .LazyAOCTestNonLazy

===========================================================================================
----------------- testing Thu Jan 30 15:30:00 UTC 2020 /home/travis/build/icyphy/ptII/ptolemy/actor/lib/test/auto/LazyInnerClass.xml
----------------- Instantiating /home/travis/build/icyphy/ptII/ptolemy/actor/lib/test/auto/LazyInnerClass.xml
11 ms. Memory: 481280K Free: 285852K (59%)
----------------- Invoking toplevel() on ptolemy.moml.MoMLSimpleApplication@6fc1b4ca
----------------- Done invoking toplevel() on ptolemy.moml.MoMLSimpleApplication@6fc1b4ca
reloadAllAccessors: .LazyInnerClass

===========================================================================================
----------------- testing Thu Jan 30 15:30:00 UTC 2020 /home/travis/build/icyphy/ptII/ptolemy/actor/lib/test/auto/LazyPubSub.xml
----------------- Instantiating /home/travis/build/icyphy/ptII/ptolemy/actor/lib/test/auto/LazyPubSub.xml
12 ms. Memory: 481280K Free: 276122K (57%)
----------------- Invoking toplevel() on ptolemy.moml.MoMLSimpleApplication@1f2d3b29
----------------- Done invoking toplevel() on ptolemy.moml.MoMLSimpleApplication@1f2d3b29
reloadAllAccessors: .LazyPubSub

===========================================================================================
----------------- testing Thu Jan 30 15:30:00 UTC 2020 /home/travis/build/icyphy/ptII/ptolemy/actor/lib/test/auto/LazyPubSub2.xml
----------------- Instantiating /home/travis/build/icyphy/ptII/ptolemy/actor/lib/test/auto/LazyPubSub2.xml
11 ms. Memory: 481280K Free: 266396K (55%)
----------------- Invoking toplevel() on ptolemy.moml.MoMLSimpleApplication@48d91e53
----------------- Done invoking toplevel() on ptolemy.moml.MoMLSimpleApplication@48d91e53
reloadAllAccessors: .LazyPubSub2

===========================================================================================
----------------- testing Thu Jan 30 15:30:00 UTC 2020 /home/travis/build/icyphy/ptII/ptolemy/actor/lib/test/auto/LazyPubSub3.xml
----------------- Instantiating /home/travis/build/icyphy/ptII/ptolemy/actor/lib/test/auto/LazyPubSub3.xml
11 ms. Memory: 481280K Free: 256156K (53%)
----------------- Invoking toplevel() on ptolemy.moml.MoMLSimpleApplication@7d09d10f
----------------- Done invoking toplevel() on ptolemy.moml.MoMLSimpleApplication@7d09d10f
reloadAllAccessors: .LazyPubSub3

===========================================================================================
----------------- testing Thu Jan 30 15:30:00 UTC 2020 /home/travis/build/icyphy/ptII/ptolemy/actor/lib/test/auto/LazySubClassModel.xml
----------------- Instantiating /home/travis/build/icyphy/ptII/ptolemy/actor/lib/test/auto/LazySubClassModel.xml
3 ms. Memory: 481280K Free: 246940K (51%)
----------------- Invoking toplevel() on ptolemy.moml.MoMLSimpleApplication@3f2ff4cd
----------------- Done invoking toplevel() on ptolemy.moml.MoMLSimpleApplication@3f2ff4cd
reloadAllAccessors: .LazySubClassModel

===========================================================================================
----------------- testing Thu Jan 30 15:30:00 UTC 2020 /home/travis/build/icyphy/ptII/ptolemy/actor/lib/test/auto/LevelCrossTest1.xml
----------------- Instantiating /home/travis/build/icyphy/ptII/ptolemy/actor/lib/test/auto/LevelCrossTest1.xml
2 ms. Memory: 481280K Free: 241306K (50%)
----------------- Invoking toplevel() on ptolemy.moml.MoMLSimpleApplication@df6f51a
----------------- Done invoking toplevel() on ptolemy.moml.MoMLSimpleApplication@df6f51a
reloadAllAccessors: .broken

===========================================================================================
----------------- testing Thu Jan 30 15:30:00 UTC 2020 /home/travis/build/icyphy/ptII/ptolemy/actor/lib/test/auto/LevelCrossTest10.xml
----------------- Instantiating /home/travis/build/icyphy/ptII/ptolemy/actor/lib/test/auto/LevelCrossTest10.xml
1 ms. Memory: 481280K Free: 234652K (49%)
----------------- Invoking toplevel() on ptolemy.moml.MoMLSimpleApplication@8d1ce52
----------------- Done invoking toplevel() on ptolemy.moml.MoMLSimpleApplication@8d1ce52
reloadAllAccessors: .LevelCrossTest10

===========================================================================================
----------------- testing Thu Jan 30 15:30:00 UTC 2020 /home/travis/build/icyphy/ptII/ptolemy/actor/lib/test/auto/LevelCrossTest11.xml
----------------- Instantiating /home/travis/build/icyphy/ptII/ptolemy/actor/lib/test/auto/LevelCrossTest11.xml
1 ms. Memory: 481280K Free: 227484K (47%)
----------------- Invoking toplevel() on ptolemy.moml.MoMLSimpleApplication@6fdd545a
----------------- Done invoking toplevel() on ptolemy.moml.MoMLSimpleApplication@6fdd545a
reloadAllAccessors: .LevelCrossTest11

===========================================================================================
----------------- testing Thu Jan 30 15:30:00 UTC 2020 /home/travis/build/icyphy/ptII/ptolemy/actor/lib/test/auto/LevelCrossTest12.xml
----------------- Instantiating /home/travis/build/icyphy/ptII/ptolemy/actor/lib/test/auto/LevelCrossTest12.xml
1 ms. Memory: 481280K Free: 220316K (46%)
----------------- Invoking toplevel() on ptolemy.moml.MoMLSimpleApplication@2868200b
----------------- Done invoking toplevel() on ptolemy.moml.MoMLSimpleApplication@2868200b
reloadAllAccessors: .LevelCrossTest12

===========================================================================================
----------------- testing Thu Jan 30 15:30:00 UTC 2020 /home/travis/build/icyphy/ptII/ptolemy/actor/lib/test/auto/LevelCrossTest13.xml
----------------- Instantiating /home/travis/build/icyphy/ptII/ptolemy/actor/lib/test/auto/LevelCrossTest13.xml
5 ms. Memory: 481280K Free: 212634K (44%)
----------------- Invoking toplevel() on ptolemy.moml.MoMLSimpleApplication@3a0da766
----------------- Done invoking toplevel() on ptolemy.moml.MoMLSimpleApplication@3a0da766
reloadAllAccessors: .LevelCrossTest13

===========================================================================================
----------------- testing Thu Jan 30 15:30:00 UTC 2020 /home/travis/build/icyphy/ptII/ptolemy/actor/lib/test/auto/LevelCrossTest2.xml
----------------- Instantiating /home/travis/build/icyphy/ptII/ptolemy/actor/lib/test/auto/LevelCrossTest2.xml
1 ms. Memory: 481280K Free: 207004K (43%)
----------------- Invoking toplevel() on ptolemy.moml.MoMLSimpleApplication@1d1b8286
----------------- Done invoking toplevel() on ptolemy.moml.MoMLSimpleApplication@1d1b8286
reloadAllAccessors: .broken

===========================================================================================
----------------- testing Thu Jan 30 15:30:00 UTC 2020 /home/travis/build/icyphy/ptII/ptolemy/actor/lib/test/auto/LevelCrossTest3.xml
----------------- Instantiating /home/travis/build/icyphy/ptII/ptolemy/actor/lib/test/auto/LevelCrossTest3.xml
1 ms. Memory: 481280K Free: 200860K (42%)
----------------- Invoking toplevel() on ptolemy.moml.MoMLSimpleApplication@76a6a085
----------------- Done invoking toplevel() on ptolemy.moml.MoMLSimpleApplication@76a6a085
reloadAllAccessors: .LevelCrossTest3

===========================================================================================
----------------- testing Thu Jan 30 15:30:00 UTC 2020 /home/travis/build/icyphy/ptII/ptolemy/actor/lib/test/auto/LevelCrossTest4.xml
----------------- Instantiating /home/travis/build/icyphy/ptII/ptolemy/actor/lib/test/auto/LevelCrossTest4.xml
1 ms. Memory: 481280K Free: 195740K (41%)
----------------- Invoking toplevel() on ptolemy.moml.MoMLSimpleApplication@10fa28d5
----------------- Done invoking toplevel() on ptolemy.moml.MoMLSimpleApplication@10fa28d5
reloadAllAccessors: .broken

===========================================================================================
----------------- testing Thu Jan 30 15:30:00 UTC 2020 /home/travis/build/icyphy/ptII/ptolemy/actor/lib/test/auto/LevelCrossTest5.xml
----------------- Instantiating /home/travis/build/icyphy/ptII/ptolemy/actor/lib/test/auto/LevelCrossTest5.xml
2 ms. Memory: 481280K Free: 188572K (39%)
----------------- Invoking toplevel() on ptolemy.moml.MoMLSimpleApplication@652e1d92
----------------- Done invoking toplevel() on ptolemy.moml.MoMLSimpleApplication@652e1d92
reloadAllAccessors: .LevelCrossTest5

===========================================================================================
----------------- testing Thu Jan 30 15:30:00 UTC 2020 /home/travis/build/icyphy/ptII/ptolemy/actor/lib/test/auto/LevelCrossTest6.xml
----------------- Instantiating /home/travis/build/icyphy/ptII/ptolemy/actor/lib/test/auto/LevelCrossTest6.xml
1 ms. Memory: 481280K Free: 181404K (38%)
----------------- Invoking toplevel() on ptolemy.moml.MoMLSimpleApplication@817c9ae
----------------- Done invoking toplevel() on ptolemy.moml.MoMLSimpleApplication@817c9ae
reloadAllAccessors: .LevelCrossTest6

===========================================================================================
----------------- testing Thu Jan 30 15:30:00 UTC 2020 /home/travis/build/icyphy/ptII/ptolemy/actor/lib/test/auto/LevelCrossTest7.xml
----------------- Instantiating /home/travis/build/icyphy/ptII/ptolemy/actor/lib/test/auto/LevelCrossTest7.xml
9 ms. Memory: 481280K Free: 173212K (36%)
----------------- Invoking toplevel() on ptolemy.moml.MoMLSimpleApplication@7dc9b206
----------------- Done invoking toplevel() on ptolemy.moml.MoMLSimpleApplication@7dc9b206
reloadAllAccessors: .LevelCrossTest7

===========================================================================================
----------------- testing Thu Jan 30 15:30:00 UTC 2020 /home/travis/build/icyphy/ptII/ptolemy/actor/lib/test/auto/LevelCrossTest8.xml
----------------- Instantiating /home/travis/build/icyphy/ptII/ptolemy/actor/lib/test/auto/LevelCrossTest8.xml
1 ms. Memory: 481280K Free: 166044K (35%)
----------------- Invoking toplevel() on ptolemy.moml.MoMLSimpleApplication@1630e629
----------------- Done invoking toplevel() on ptolemy.moml.MoMLSimpleApplication@1630e629
reloadAllAccessors: .LevelCrossTest8

===========================================================================================
----------------- testing Thu Jan 30 15:30:00 UTC 2020 /home/travis/build/icyphy/ptII/ptolemy/actor/lib/test/auto/LevelCrossTest9.xml
----------------- Instantiating /home/travis/build/icyphy/ptII/ptolemy/actor/lib/test/auto/LevelCrossTest9.xml
2 ms. Memory: 481280K Free: 159386K (33%)
----------------- Invoking toplevel() on ptolemy.moml.MoMLSimpleApplication@60ac7ff9
----------------- Done invoking toplevel() on ptolemy.moml.MoMLSimpleApplication@60ac7ff9
reloadAllAccessors: .LevelCrossTest9

===========================================================================================
----------------- testing Thu Jan 30 15:30:00 UTC 2020 /home/travis/build/icyphy/ptII/ptolemy/actor/lib/test/auto/LevinsonDurbin.xml
----------------- Instantiating /home/travis/build/icyphy/ptII/ptolemy/actor/lib/test/auto/LevinsonDurbin.xml
1 ms. Memory: 481280K Free: 155290K (32%)
----------------- Invoking toplevel() on ptolemy.moml.MoMLSimpleApplication@469b914d
----------------- Done invoking toplevel() on ptolemy.moml.MoMLSimpleApplication@469b914d
reloadAllAccessors: .LevinsonDurbin

===========================================================================================
----------------- testing Thu Jan 30 15:30:00 UTC 2020 /home/travis/build/icyphy/ptII/ptolemy/actor/lib/test/auto/LevinsonDurbin2.xml
----------------- Instantiating /home/travis/build/icyphy/ptII/ptolemy/actor/lib/test/auto/LevinsonDurbin2.xml
2 ms. Memory: 481280K Free: 430219K (89%)
----------------- Invoking toplevel() on ptolemy.moml.MoMLSimpleApplication@3bd9fd32
----------------- Done invoking toplevel() on ptolemy.moml.MoMLSimpleApplication@3bd9fd32
reloadAllAccessors: .LevinsonDurbin2

===========================================================================================
----------------- testing Thu Jan 30 15:30:00 UTC 2020 /home/travis/build/icyphy/ptII/ptolemy/actor/lib/test/auto/LevinsonDurbin3.xml
----------------- Instantiating /home/travis/build/icyphy/ptII/ptolemy/actor/lib/test/auto/LevinsonDurbin3.xml
2 ms. Memory: 481280K Free: 426138K (89%)
----------------- Invoking toplevel() on ptolemy.moml.MoMLSimpleApplication@2dc6c25
----------------- Done invoking toplevel() on ptolemy.moml.MoMLSimpleApplication@2dc6c25
reloadAllAccessors: .LevinsonDurbin3

===========================================================================================
----------------- testing Thu Jan 30 15:30:00 UTC 2020 /home/travis/build/icyphy/ptII/ptolemy/actor/lib/test/auto/Limiter.xml
----------------- Instantiating /home/travis/build/icyphy/ptII/ptolemy/actor/lib/test/auto/Limiter.xml
5 ms. Memory: 481280K Free: 416891K (87%)
----------------- Invoking toplevel() on ptolemy.moml.MoMLSimpleApplication@1ef86b72
----------------- Done invoking toplevel() on ptolemy.moml.MoMLSimpleApplication@1ef86b72
reloadAllAccessors: .Limiter

===========================================================================================
----------------- testing Thu Jan 30 15:30:00 UTC 2020 /home/travis/build/icyphy/ptII/ptolemy/actor/lib/test/auto/LinearDifferenceEquationSystem.xml
----------------- Instantiating /home/travis/build/icyphy/ptII/ptolemy/actor/lib/test/auto/LinearDifferenceEquationSystem.xml
5 ms. Memory: 481280K Free: 409754K (85%)
----------------- Invoking toplevel() on ptolemy.moml.MoMLSimpleApplication@61b6f615
----------------- Done invoking toplevel() on ptolemy.moml.MoMLSimpleApplication@61b6f615
reloadAllAccessors: .LinearDifferenceEquationSystem

===========================================================================================
----------------- testing Thu Jan 30 15:30:00 UTC 2020 /home/travis/build/icyphy/ptII/ptolemy/actor/lib/test/auto/LookupTable.xml
----------------- Instantiating /home/travis/build/icyphy/ptII/ptolemy/actor/lib/test/auto/LookupTable.xml
3 ms. Memory: 481280K Free: 405148K (84%)
----------------- Invoking toplevel() on ptolemy.moml.MoMLSimpleApplication@49c615f9
----------------- Done invoking toplevel() on ptolemy.moml.MoMLSimpleApplication@49c615f9
reloadAllAccessors: .LookupTable

===========================================================================================
----------------- testing Thu Jan 30 15:30:00 UTC 2020 /home/travis/build/icyphy/ptII/ptolemy/actor/lib/test/auto/MathFunction.xml
----------------- Instantiating /home/travis/build/icyphy/ptII/ptolemy/actor/lib/test/auto/MathFunction.xml
9 ms. Memory: 481280K Free: 396956K (82%)
----------------- Invoking toplevel() on ptolemy.moml.MoMLSimpleApplication@4640f69b
----------------- Done invoking toplevel() on ptolemy.moml.MoMLSimpleApplication@4640f69b
reloadAllAccessors: .MathFunction

===========================================================================================
----------------- testing Thu Jan 30 15:30:01 UTC 2020 /home/travis/build/icyphy/ptII/ptolemy/actor/lib/test/auto/MathFunction2.xml
----------------- Instantiating /home/travis/build/icyphy/ptII/ptolemy/actor/lib/test/auto/MathFunction2.xml
4 ms. Memory: 481280K Free: 392860K (82%)
----------------- Invoking toplevel() on ptolemy.moml.MoMLSimpleApplication@77cf52cb
----------------- Done invoking toplevel() on ptolemy.moml.MoMLSimpleApplication@77cf52cb
reloadAllAccessors: .MathFunction2

===========================================================================================
----------------- testing Thu Jan 30 15:30:01 UTC 2020 /home/travis/build/icyphy/ptII/ptolemy/actor/lib/test/auto/MathFunction3.xml
----------------- Instantiating /home/travis/build/icyphy/ptII/ptolemy/actor/lib/test/auto/MathFunction3.xml
2 ms. Memory: 481280K Free: 385692K (80%)
----------------- Invoking toplevel() on ptolemy.moml.MoMLSimpleApplication@4bea7c38
----------------- Done invoking toplevel() on ptolemy.moml.MoMLSimpleApplication@4bea7c38
reloadAllAccessors: .MathFunction3

===========================================================================================
----------------- testing Thu Jan 30 15:30:01 UTC 2020 /home/travis/build/icyphy/ptII/ptolemy/actor/lib/test/auto/MatrixCropBoolean.xml
----------------- Instantiating /home/travis/build/icyphy/ptII/ptolemy/actor/lib/test/auto/MatrixCropBoolean.xml
2 ms. Memory: 481280K Free: 380572K (79%)
----------------- Invoking toplevel() on ptolemy.moml.MoMLSimpleApplication@1c53fb5
----------------- Done invoking toplevel() on ptolemy.moml.MoMLSimpleApplication@1c53fb5
reloadAllAccessors: .MatrixCropBoolean

===========================================================================================
----------------- testing Thu Jan 30 15:30:01 UTC 2020 /home/travis/build/icyphy/ptII/ptolemy/actor/lib/test/auto/MatrixCropComplex.xml
----------------- Instantiating /home/travis/build/icyphy/ptII/ptolemy/actor/lib/test/auto/MatrixCropComplex.xml
1 ms. Memory: 481280K Free: 375452K (78%)
----------------- Invoking toplevel() on ptolemy.moml.MoMLSimpleApplication@5a153d9b
----------------- Done invoking toplevel() on ptolemy.moml.MoMLSimpleApplication@5a153d9b
reloadAllAccessors: .MatrixCropComplex

===========================================================================================
----------------- testing Thu Jan 30 15:30:01 UTC 2020 /home/travis/build/icyphy/ptII/ptolemy/actor/lib/test/auto/MatrixCropDouble.xml
----------------- Instantiating /home/travis/build/icyphy/ptII/ptolemy/actor/lib/test/auto/MatrixCropDouble.xml
3 ms. Memory: 481280K Free: 370332K (77%)
----------------- Invoking toplevel() on ptolemy.moml.MoMLSimpleApplication@646cf2f8
----------------- Done invoking toplevel() on ptolemy.moml.MoMLSimpleApplication@646cf2f8
reloadAllAccessors: .MatrixCropDouble

===========================================================================================
----------------- testing Thu Jan 30 15:30:01 UTC 2020 /home/travis/build/icyphy/ptII/ptolemy/actor/lib/test/auto/MatrixCropFix.xml
----------------- Instantiating /home/travis/build/icyphy/ptII/ptolemy/actor/lib/test/auto/MatrixCropFix.xml
2 ms. Memory: 481280K Free: 365212K (76%)
----------------- Invoking toplevel() on ptolemy.moml.MoMLSimpleApplication@6de3bbc2
----------------- Done invoking toplevel() on ptolemy.moml.MoMLSimpleApplication@6de3bbc2
reloadAllAccessors: .MatrixCropFix

===========================================================================================
----------------- testing Thu Jan 30 15:30:01 UTC 2020 /home/travis/build/icyphy/ptII/ptolemy/actor/lib/test/auto/MatrixCropInt.xml
----------------- Instantiating /home/travis/build/icyphy/ptII/ptolemy/actor/lib/test/auto/MatrixCropInt.xml
2 ms. Memory: 481280K Free: 360092K (75%)
----------------- Invoking toplevel() on ptolemy.moml.MoMLSimpleApplication@4c8cc97e
----------------- Done invoking toplevel() on ptolemy.moml.MoMLSimpleApplication@4c8cc97e
reloadAllAccessors: .MatrixCropInt

===========================================================================================
----------------- testing Thu Jan 30 15:30:01 UTC 2020 /home/travis/build/icyphy/ptII/ptolemy/actor/lib/test/auto/MatrixCropLong.xml
----------------- Instantiating /home/travis/build/icyphy/ptII/ptolemy/actor/lib/test/auto/MatrixCropLong.xml
2 ms. Memory: 481280K Free: 354972K (74%)
----------------- Invoking toplevel() on ptolemy.moml.MoMLSimpleApplication@2a789b78
----------------- Done invoking toplevel() on ptolemy.moml.MoMLSimpleApplication@2a789b78
reloadAllAccessors: .MatrixCropLong

===========================================================================================
----------------- testing Thu Jan 30 15:30:01 UTC 2020 /home/travis/build/icyphy/ptII/ptolemy/actor/lib/test/auto/MatrixToArray.xml
----------------- Instantiating /home/travis/build/icyphy/ptII/ptolemy/actor/lib/test/auto/MatrixToArray.xml
16 ms. Memory: 481280K Free: 340122K (71%)
----------------- Invoking toplevel() on ptolemy.moml.MoMLSimpleApplication@77ba2b40
----------------- Done invoking toplevel() on ptolemy.moml.MoMLSimpleApplication@77ba2b40
reloadAllAccessors: .MatrixToArray

===========================================================================================
----------------- testing Thu Jan 30 15:30:01 UTC 2020 /home/travis/build/icyphy/ptII/ptolemy/actor/lib/test/auto/MaxIndex.xml
----------------- Instantiating /home/travis/build/icyphy/ptII/ptolemy/actor/lib/test/auto/MaxIndex.xml
2 ms. Memory: 481280K Free: 335002K (70%)
----------------- Invoking toplevel() on ptolemy.moml.MoMLSimpleApplication@2b49643a
----------------- Done invoking toplevel() on ptolemy.moml.MoMLSimpleApplication@2b49643a
reloadAllAccessors: .MaxIndex

===========================================================================================
----------------- testing Thu Jan 30 15:30:01 UTC 2020 /home/travis/build/icyphy/ptII/ptolemy/actor/lib/test/auto/Maximum.xml
----------------- Instantiating /home/travis/build/icyphy/ptII/ptolemy/actor/lib/test/auto/Maximum.xml
2 ms. Memory: 481280K Free: 328348K (68%)
----------------- Invoking toplevel() on ptolemy.moml.MoMLSimpleApplication@4674d194
----------------- Done invoking toplevel() on ptolemy.moml.MoMLSimpleApplication@4674d194
reloadAllAccessors: .Maximum

===========================================================================================
----------------- testing Thu Jan 30 15:30:01 UTC 2020 /home/travis/build/icyphy/ptII/ptolemy/actor/lib/test/auto/MaximumComplex.xml
----------------- Instantiating /home/travis/build/icyphy/ptII/ptolemy/actor/lib/test/auto/MaximumComplex.xml
6 ms. Memory: 481280K Free: 322204K (67%)
----------------- Invoking toplevel() on ptolemy.moml.MoMLSimpleApplication@1517c72b
----------------- Done invoking toplevel() on ptolemy.moml.MoMLSimpleApplication@1517c72b
reloadAllAccessors: .MaximumComplex

===========================================================================================
----------------- testing Thu Jan 30 15:30:01 UTC 2020 /home/travis/build/icyphy/ptII/ptolemy/actor/lib/test/auto/MethodCallTest.xml
----------------- Instantiating /home/travis/build/icyphy/ptII/ptolemy/actor/lib/test/auto/MethodCallTest.xml
3 ms. Memory: 481280K Free: 315546K (66%)
----------------- Invoking toplevel() on ptolemy.moml.MoMLSimpleApplication@77a453f5
----------------- Done invoking toplevel() on ptolemy.moml.MoMLSimpleApplication@77a453f5
reloadAllAccessors: .MethodCallTest

===========================================================================================
----------------- testing Thu Jan 30 15:30:01 UTC 2020 /home/travis/build/icyphy/ptII/ptolemy/actor/lib/test/auto/Minimum.xml
----------------- Instantiating /home/travis/build/icyphy/ptII/ptolemy/actor/lib/test/auto/Minimum.xml
2 ms. Memory: 481280K Free: 308892K (64%)
----------------- Invoking toplevel() on ptolemy.moml.MoMLSimpleApplication@2c3a09c7
----------------- Done invoking toplevel() on ptolemy.moml.MoMLSimpleApplication@2c3a09c7
reloadAllAccessors: .Minimum

===========================================================================================
----------------- testing Thu Jan 30 15:30:01 UTC 2020 /home/travis/build/icyphy/ptII/ptolemy/actor/lib/test/auto/MinimumComplex.xml
----------------- Instantiating /home/travis/build/icyphy/ptII/ptolemy/actor/lib/test/auto/MinimumComplex.xml
3 ms. Memory: 481280K Free: 302748K (63%)
----------------- Invoking toplevel() on ptolemy.moml.MoMLSimpleApplication@3b3fe616
----------------- Done invoking toplevel() on ptolemy.moml.MoMLSimpleApplication@3b3fe616
reloadAllAccessors: .MinimumComplex

===========================================================================================
----------------- testing Thu Jan 30 15:30:01 UTC 2020 /home/travis/build/icyphy/ptII/ptolemy/actor/lib/test/auto/MinimumMultiports.xml
----------------- Instantiating /home/travis/build/icyphy/ptII/ptolemy/actor/lib/test/auto/MinimumMultiports.xml
4 ms. Memory: 481280K Free: 294027K (61%)
----------------- Invoking toplevel() on ptolemy.moml.MoMLSimpleApplication@2b0f7839
----------------- Done invoking toplevel() on ptolemy.moml.MoMLSimpleApplication@2b0f7839
reloadAllAccessors: .MinimumMultiports

===========================================================================================
----------------- testing Thu Jan 30 15:30:01 UTC 2020 /home/travis/build/icyphy/ptII/ptolemy/actor/lib/test/auto/ModifyDate.xml
----------------- Instantiating /home/travis/build/icyphy/ptII/ptolemy/actor/lib/test/auto/ModifyDate.xml
7 ms. Memory: 481280K Free: 281244K (58%)
----------------- Invoking toplevel() on ptolemy.moml.MoMLSimpleApplication@6791ea39
----------------- Done invoking toplevel() on ptolemy.moml.MoMLSimpleApplication@6791ea39
reloadAllAccessors: .ModifyDate

===========================================================================================
----------------- testing Thu Jan 30 15:30:01 UTC 2020 /home/travis/build/icyphy/ptII/ptolemy/actor/lib/test/auto/ModifyDate2.xml
----------------- Instantiating /home/travis/build/icyphy/ptII/ptolemy/actor/lib/test/auto/ModifyDate2.xml
7 ms. Memory: 481280K Free: 272538K (57%)
----------------- Invoking toplevel() on ptolemy.moml.MoMLSimpleApplication@1b7c143e
----------------- Done invoking toplevel() on ptolemy.moml.MoMLSimpleApplication@1b7c143e
reloadAllAccessors: .ModifyDate2

===========================================================================================
----------------- testing Thu Jan 30 15:30:01 UTC 2020 /home/travis/build/icyphy/ptII/ptolemy/actor/lib/test/auto/MovingAverage.xml
----------------- Instantiating /home/travis/build/icyphy/ptII/ptolemy/actor/lib/test/auto/MovingAverage.xml
2 ms. Memory: 481280K Free: 267418K (56%)
----------------- Invoking toplevel() on ptolemy.moml.MoMLSimpleApplication@3a98a202
----------------- Done invoking toplevel() on ptolemy.moml.MoMLSimpleApplication@3a98a202
reloadAllAccessors: .MovingAverage

===========================================================================================
----------------- testing Thu Jan 30 15:30:01 UTC 2020 /home/travis/build/icyphy/ptII/ptolemy/actor/lib/test/auto/MovingMaximum.xml
----------------- Instantiating /home/travis/build/icyphy/ptII/ptolemy/actor/lib/test/auto/MovingMaximum.xml
2 ms. Memory: 481280K Free: 262812K (55%)
----------------- Invoking toplevel() on ptolemy.moml.MoMLSimpleApplication@501fc7e
----------------- Done invoking toplevel() on ptolemy.moml.MoMLSimpleApplication@501fc7e
reloadAllAccessors: .MovingMaximum

===========================================================================================
----------------- testing Thu Jan 30 15:30:01 UTC 2020 /home/travis/build/icyphy/ptII/ptolemy/actor/lib/test/auto/MultipleLinksToSameRelation.xml
----------------- Instantiating /home/travis/build/icyphy/ptII/ptolemy/actor/lib/test/auto/MultipleLinksToSameRelation.xml
4 ms. Memory: 481280K Free: 258716K (54%)
----------------- Invoking toplevel() on ptolemy.moml.MoMLSimpleApplication@43c0b336
----------------- Done invoking toplevel() on ptolemy.moml.MoMLSimpleApplication@43c0b336
reloadAllAccessors: .MultipleLinksToSameRelation

===========================================================================================
----------------- testing Thu Jan 30 15:30:01 UTC 2020 /home/travis/build/icyphy/ptII/ptolemy/actor/lib/test/auto/MultipleLinksToSameRelationDE.xml
----------------- Instantiating /home/travis/build/icyphy/ptII/ptolemy/actor/lib/test/auto/MultipleLinksToSameRelationDE.xml
1 ms. Memory: 481280K Free: 254091K (53%)
----------------- Invoking toplevel() on ptolemy.moml.MoMLSimpleApplication@3541be49
----------------- Done invoking toplevel() on ptolemy.moml.MoMLSimpleApplication@3541be49
reloadAllAccessors: .MultipleLinksToSameRelationDE

===========================================================================================
----------------- testing Thu Jan 30 15:30:01 UTC 2020 /home/travis/build/icyphy/ptII/ptolemy/actor/lib/test/auto/Multiplexor.xml
----------------- Instantiating /home/travis/build/icyphy/ptII/ptolemy/actor/lib/test/auto/Multiplexor.xml
2 ms. Memory: 481280K Free: 248476K (52%)
----------------- Invoking toplevel() on ptolemy.moml.MoMLSimpleApplication@62a4800a
----------------- Done invoking toplevel() on ptolemy.moml.MoMLSimpleApplication@62a4800a
reloadAllAccessors: .Multiplexor

===========================================================================================
----------------- testing Thu Jan 30 15:30:01 UTC 2020 /home/travis/build/icyphy/ptII/ptolemy/actor/lib/test/auto/Multiplexor1.xml
----------------- Instantiating /home/travis/build/icyphy/ptII/ptolemy/actor/lib/test/auto/Multiplexor1.xml
2 ms. Memory: 481280K Free: 242332K (50%)
----------------- Invoking toplevel() on ptolemy.moml.MoMLSimpleApplication@7ecf8e7b
----------------- Done invoking toplevel() on ptolemy.moml.MoMLSimpleApplication@7ecf8e7b
reloadAllAccessors: .Multiplexor1

===========================================================================================
----------------- testing Thu Jan 30 15:30:01 UTC 2020 /home/travis/build/icyphy/ptII/ptolemy/actor/lib/test/auto/Multiplexor2.xml
----------------- Instantiating /home/travis/build/icyphy/ptII/ptolemy/actor/lib/test/auto/Multiplexor2.xml
2 ms. Memory: 481280K Free: 235674K (49%)
----------------- Invoking toplevel() on ptolemy.moml.MoMLSimpleApplication@3d7cb1e1
----------------- Done invoking toplevel() on ptolemy.moml.MoMLSimpleApplication@3d7cb1e1
reloadAllAccessors: .Multiplexor2

===========================================================================================
----------------- testing Thu Jan 30 15:30:01 UTC 2020 /home/travis/build/icyphy/ptII/ptolemy/actor/lib/test/auto/Multiplexor3.xml
----------------- Instantiating /home/travis/build/icyphy/ptII/ptolemy/actor/lib/test/auto/Multiplexor3.xml
1 ms. Memory: 481280K Free: 231578K (48%)
----------------- Invoking toplevel() on ptolemy.moml.MoMLSimpleApplication@75dfc5c4
----------------- Done invoking toplevel() on ptolemy.moml.MoMLSimpleApplication@75dfc5c4
reloadAllAccessors: .Multiplexor3

===========================================================================================
----------------- testing Thu Jan 30 15:30:01 UTC 2020 /home/travis/build/icyphy/ptII/ptolemy/actor/lib/test/auto/MultiplexorDE.xml
----------------- Instantiating /home/travis/build/icyphy/ptII/ptolemy/actor/lib/test/auto/MultiplexorDE.xml
3 ms. Memory: 481280K Free: 223371K (46%)
----------------- Invoking toplevel() on ptolemy.moml.MoMLSimpleApplication@53542359
----------------- Done invoking toplevel() on ptolemy.moml.MoMLSimpleApplication@53542359
reloadAllAccessors: .MultiplexorDE

===========================================================================================
----------------- testing Thu Jan 30 15:30:01 UTC 2020 /home/travis/build/icyphy/ptII/ptolemy/actor/lib/test/auto/MultiportBroadcastTest.xml
----------------- Instantiating /home/travis/build/icyphy/ptII/ptolemy/actor/lib/test/auto/MultiportBroadcastTest.xml
71 ms. Memory: 481280K Free: 217235K (45%)
----------------- Invoking toplevel() on ptolemy.moml.MoMLSimpleApplication@595af397
----------------- Done invoking toplevel() on ptolemy.moml.MoMLSimpleApplication@595af397
reloadAllAccessors: .MultiportBroadcastTest

===========================================================================================
----------------- testing Thu Jan 30 15:30:01 UTC 2020 /home/travis/build/icyphy/ptII/ptolemy/actor/lib/test/auto/MultiportOutHangDuringGetWidth.xml
----------------- Instantiating /home/travis/build/icyphy/ptII/ptolemy/actor/lib/test/auto/MultiportOutHangDuringGetWidth.xml
5 ms. Memory: 481280K Free: 204954K (43%)
----------------- Invoking toplevel() on ptolemy.moml.MoMLSimpleApplication@26175b13
----------------- Done invoking toplevel() on ptolemy.moml.MoMLSimpleApplication@26175b13
reloadAllAccessors: .MultiportOutHangDuringGetWidth

===========================================================================================
----------------- testing Thu Jan 30 15:30:01 UTC 2020 /home/travis/build/icyphy/ptII/ptolemy/actor/lib/test/auto/NilToken.xml
----------------- Instantiating /home/travis/build/icyphy/ptII/ptolemy/actor/lib/test/auto/NilToken.xml
1 ms. Memory: 481280K Free: 200858K (42%)
----------------- Invoking toplevel() on ptolemy.moml.MoMLSimpleApplication@2f5b4f34
----------------- Done invoking toplevel() on ptolemy.moml.MoMLSimpleApplication@2f5b4f34
reloadAllAccessors: .NilToken

===========================================================================================
----------------- testing Thu Jan 30 15:30:01 UTC 2020 /home/travis/build/icyphy/ptII/ptolemy/actor/lib/test/auto/NilTokenNonStrictTest.xml
----------------- Instantiating /home/travis/build/icyphy/ptII/ptolemy/actor/lib/test/auto/NilTokenNonStrictTest.xml
2 ms. Memory: 481280K Free: 195738K (41%)
----------------- Invoking toplevel() on ptolemy.moml.MoMLSimpleApplication@473ea479
----------------- Done invoking toplevel() on ptolemy.moml.MoMLSimpleApplication@473ea479
reloadAllAccessors: .NilTokenNonStrictTest

===========================================================================================
----------------- testing Thu Jan 30 15:30:01 UTC 2020 /home/travis/build/icyphy/ptII/ptolemy/actor/lib/test/auto/NilTokenRecord.xml
----------------- Instantiating /home/travis/build/icyphy/ptII/ptolemy/actor/lib/test/auto/NilTokenRecord.xml
6 ms. Memory: 481280K Free: 189084K (39%)
----------------- Invoking toplevel() on ptolemy.moml.MoMLSimpleApplication@3b7d0219
----------------- Done invoking toplevel() on ptolemy.moml.MoMLSimpleApplication@3b7d0219
reloadAllAccessors: .NilTokenRecord

===========================================================================================
----------------- testing Thu Jan 30 15:30:01 UTC 2020 /home/travis/build/icyphy/ptII/ptolemy/actor/lib/test/auto/NilTokenTypeTest.xml
----------------- Instantiating /home/travis/build/icyphy/ptII/ptolemy/actor/lib/test/auto/NilTokenTypeTest.xml
11 ms. Memory: 481280K Free: 179354K (37%)
----------------- Invoking toplevel() on ptolemy.moml.MoMLSimpleApplication@77651e44
----------------- Done invoking toplevel() on ptolemy.moml.MoMLSimpleApplication@77651e44
reloadAllAccessors: .NilTokenTypeTest

===========================================================================================
----------------- testing Thu Jan 30 15:30:01 UTC 2020 /home/travis/build/icyphy/ptII/ptolemy/actor/lib/test/auto/ObjectToken1.xml
----------------- Instantiating /home/travis/build/icyphy/ptII/ptolemy/actor/lib/test/auto/ObjectToken1.xml
3 ms. Memory: 481280K Free: 175258K (36%)
----------------- Invoking toplevel() on ptolemy.moml.MoMLSimpleApplication@736e2bb1
----------------- Done invoking toplevel() on ptolemy.moml.MoMLSimpleApplication@736e2bb1
reloadAllAccessors: .ObjectToken1

===========================================================================================
----------------- testing Thu Jan 30 15:30:01 UTC 2020 /home/travis/build/icyphy/ptII/ptolemy/actor/lib/test/auto/OrderedMerge.xml
----------------- Instantiating /home/travis/build/icyphy/ptII/ptolemy/actor/lib/test/auto/OrderedMerge.xml
8 ms. Memory: 481280K Free: 169628K (35%)
----------------- Invoking toplevel() on ptolemy.moml.MoMLSimpleApplication@3233c262
----------------- Done invoking toplevel() on ptolemy.moml.MoMLSimpleApplication@3233c262
reloadAllAccessors: .OrderedMerge

===========================================================================================
----------------- testing Thu Jan 30 15:30:01 UTC 2020 /home/travis/build/icyphy/ptII/ptolemy/actor/lib/test/auto/OrderedRecordDisassembler.xml
----------------- Instantiating /home/travis/build/icyphy/ptII/ptolemy/actor/lib/test/auto/OrderedRecordDisassembler.xml
3 ms. Memory: 481280K Free: 164508K (34%)
----------------- Invoking toplevel() on ptolemy.moml.MoMLSimpleApplication@348d7d35
----------------- Done invoking toplevel() on ptolemy.moml.MoMLSimpleApplication@348d7d35
reloadAllAccessors: .OrderedRecordDisassembler

===========================================================================================
----------------- testing Thu Jan 30 15:30:01 UTC 2020 /home/travis/build/icyphy/ptII/ptolemy/actor/lib/test/auto/OrderedRecordDisassembler2.xml
----------------- Instantiating /home/travis/build/icyphy/ptII/ptolemy/actor/lib/test/auto/OrderedRecordDisassembler2.xml
4 ms. Memory: 481280K Free: 156811K (33%)
----------------- Invoking toplevel() on ptolemy.moml.MoMLSimpleApplication@486e2eb1
----------------- Done invoking toplevel() on ptolemy.moml.MoMLSimpleApplication@486e2eb1
reloadAllAccessors: .OrderedRecordDisassembler2

===========================================================================================
----------------- testing Thu Jan 30 15:30:01 UTC 2020 /home/travis/build/icyphy/ptII/ptolemy/actor/lib/test/auto/OrderedRecordUpdater.xml
----------------- Instantiating /home/travis/build/icyphy/ptII/ptolemy/actor/lib/test/auto/OrderedRecordUpdater.xml
2 ms. Memory: 481280K Free: 430748K (90%)
----------------- Invoking toplevel() on ptolemy.moml.MoMLSimpleApplication@6a2fb158
----------------- Done invoking toplevel() on ptolemy.moml.MoMLSimpleApplication@6a2fb158
reloadAllAccessors: .RecordUpdater

===========================================================================================
----------------- testing Thu Jan 30 15:30:01 UTC 2020 /home/travis/build/icyphy/ptII/ptolemy/actor/lib/test/auto/OrderedRecordUpdater2.xml
----------------- Instantiating /home/travis/build/icyphy/ptII/ptolemy/actor/lib/test/auto/OrderedRecordUpdater2.xml
4 ms. Memory: 481280K Free: 425114K (88%)
----------------- Invoking toplevel() on ptolemy.moml.MoMLSimpleApplication@387792ad
----------------- Done invoking toplevel() on ptolemy.moml.MoMLSimpleApplication@387792ad
reloadAllAccessors: .RecordUpdater2

===========================================================================================
----------------- testing Thu Jan 30 15:30:02 UTC 2020 /home/travis/build/icyphy/ptII/ptolemy/actor/lib/test/auto/PhaseUnwrap.xml
----------------- Instantiating /home/travis/build/icyphy/ptII/ptolemy/actor/lib/test/auto/PhaseUnwrap.xml
1 ms. Memory: 481280K Free: 420508K (87%)
----------------- Invoking toplevel() on ptolemy.moml.MoMLSimpleApplication@5e651634
----------------- Done invoking toplevel() on ptolemy.moml.MoMLSimpleApplication@5e651634
reloadAllAccessors: .PhaseUnwrap

===========================================================================================
----------------- testing Thu Jan 30 15:30:02 UTC 2020 /home/travis/build/icyphy/ptII/ptolemy/actor/lib/test/auto/PoissonClock.xml
----------------- Instantiating /home/travis/build/icyphy/ptII/ptolemy/actor/lib/test/auto/PoissonClock.xml
3 ms. Memory: 481280K Free: 416412K (87%)
----------------- Invoking toplevel() on ptolemy.moml.MoMLSimpleApplication@1830e91e
----------------- Done invoking toplevel() on ptolemy.moml.MoMLSimpleApplication@1830e91e
reloadAllAccessors: .PoissonClock

===========================================================================================
----------------- testing Thu Jan 30 15:30:02 UTC 2020 /home/travis/build/icyphy/ptII/ptolemy/actor/lib/test/auto/PoissonClock2.xml
----------------- Instantiating /home/travis/build/icyphy/ptII/ptolemy/actor/lib/test/auto/PoissonClock2.xml
1 ms. Memory: 481280K Free: 411802K (86%)
----------------- Invoking toplevel() on ptolemy.moml.MoMLSimpleApplication@570a34a4
----------------- Done invoking toplevel() on ptolemy.moml.MoMLSimpleApplication@570a34a4
reloadAllAccessors: .PoissonClock2

===========================================================================================
----------------- testing Thu Jan 30 15:30:02 UTC 2020 /home/travis/build/icyphy/ptII/ptolemy/actor/lib/test/auto/PoissonClock3.xml
----------------- Instantiating /home/travis/build/icyphy/ptII/ptolemy/actor/lib/test/auto/PoissonClock3.xml
2 ms. Memory: 481280K Free: 407196K (85%)
----------------- Invoking toplevel() on ptolemy.moml.MoMLSimpleApplication@2eb75009
----------------- Done invoking toplevel() on ptolemy.moml.MoMLSimpleApplication@2eb75009
reloadAllAccessors: .PoissonClock3

===========================================================================================
----------------- testing Thu Jan 30 15:30:02 UTC 2020 /home/travis/build/icyphy/ptII/ptolemy/actor/lib/test/auto/PubSubWithInitialTokens.xml
----------------- Instantiating /home/travis/build/icyphy/ptII/ptolemy/actor/lib/test/auto/PubSubWithInitialTokens.xml
2 ms. Memory: 481280K Free: 401531K (83%)
----------------- Invoking toplevel() on ptolemy.moml.MoMLSimpleApplication@5bf68432
----------------- Done invoking toplevel() on ptolemy.moml.MoMLSimpleApplication@5bf68432
reloadAllAccessors: .PubSubWithInitialTokens

===========================================================================================
----------------- testing Thu Jan 30 15:30:02 UTC 2020 /home/travis/build/icyphy/ptII/ptolemy/actor/lib/test/auto/PubSubWithInitialTokens2.xml
----------------- Instantiating /home/travis/build/icyphy/ptII/ptolemy/actor/lib/test/auto/PubSubWithInitialTokens2.xml
2 ms. Memory: 481280K Free: 395387K (82%)
----------------- Invoking toplevel() on ptolemy.moml.MoMLSimpleApplication@73f9f7d
----------------- Done invoking toplevel() on ptolemy.moml.MoMLSimpleApplication@73f9f7d
reloadAllAccessors: .PubSubWithInitialTokens2

===========================================================================================
----------------- testing Thu Jan 30 15:30:02 UTC 2020 /home/travis/build/icyphy/ptII/ptolemy/actor/lib/test/auto/PublisherClassNoParameter.xml
----------------- Instantiating /home/travis/build/icyphy/ptII/ptolemy/actor/lib/test/auto/PublisherClassNoParameter.xml
2 ms. Memory: 481280K Free: 385692K (80%)
----------------- Invoking toplevel() on ptolemy.moml.MoMLSimpleApplication@69ecede1
----------------- Done invoking toplevel() on ptolemy.moml.MoMLSimpleApplication@69ecede1
reloadAllAccessors: .PublisherClassNoParameter

===========================================================================================
----------------- testing Thu Jan 30 15:30:02 UTC 2020 /home/travis/build/icyphy/ptII/ptolemy/actor/lib/test/auto/PublisherClassParameter.xml
----------------- Instantiating /home/travis/build/icyphy/ptII/ptolemy/actor/lib/test/auto/PublisherClassParameter.xml
3 ms. Memory: 481280K Free: 374938K (78%)
----------------- Invoking toplevel() on ptolemy.moml.MoMLSimpleApplication@28b72f7f
----------------- Done invoking toplevel() on ptolemy.moml.MoMLSimpleApplication@28b72f7f
reloadAllAccessors: .PublisherClassParameter

===========================================================================================
----------------- testing Thu Jan 30 15:30:02 UTC 2020 /home/travis/build/icyphy/ptII/ptolemy/actor/lib/test/auto/PublisherNonStrictTest.xml
----------------- Instantiating /home/travis/build/icyphy/ptII/ptolemy/actor/lib/test/auto/PublisherNonStrictTest.xml
3 ms. Memory: 481280K Free: 366739K (76%)
----------------- Invoking toplevel() on ptolemy.moml.MoMLSimpleApplication@14e3a83b
----------------- Done invoking toplevel() on ptolemy.moml.MoMLSimpleApplication@14e3a83b
reloadAllAccessors: .PublisherNonStrictTest

===========================================================================================
----------------- testing Thu Jan 30 15:30:02 UTC 2020 /home/travis/build/icyphy/ptII/ptolemy/actor/lib/test/auto/PublisherPort1.xml
----------------- Instantiating /home/travis/build/icyphy/ptII/ptolemy/actor/lib/test/auto/PublisherPort1.xml
10 ms. Memory: 481280K Free: 361116K (75%)
----------------- Invoking toplevel() on ptolemy.moml.MoMLSimpleApplication@527fb9a9
----------------- Done invoking toplevel() on ptolemy.moml.MoMLSimpleApplication@527fb9a9
reloadAllAccessors: .PublisherPort1

===========================================================================================
----------------- testing Thu Jan 30 15:30:02 UTC 2020 /home/travis/build/icyphy/ptII/ptolemy/actor/lib/test/auto/PublisherPort2.xml
----------------- Instantiating /home/travis/build/icyphy/ptII/ptolemy/actor/lib/test/auto/PublisherPort2.xml
1 ms. Memory: 481280K Free: 355996K (74%)
----------------- Invoking toplevel() on ptolemy.moml.MoMLSimpleApplication@3da5af60
----------------- Done invoking toplevel() on ptolemy.moml.MoMLSimpleApplication@3da5af60
reloadAllAccessors: .PublisherPort2

===========================================================================================
----------------- testing Thu Jan 30 15:30:02 UTC 2020 /home/travis/build/icyphy/ptII/ptolemy/actor/lib/test/auto/PublisherPort3.xml
----------------- Instantiating /home/travis/build/icyphy/ptII/ptolemy/actor/lib/test/auto/PublisherPort3.xml
3 ms. Memory: 481280K Free: 349307K (73%)
----------------- Invoking toplevel() on ptolemy.moml.MoMLSimpleApplication@1c878ff1
----------------- Done invoking toplevel() on ptolemy.moml.MoMLSimpleApplication@1c878ff1
reloadAllAccessors: .PublisherPort3

===========================================================================================
----------------- testing Thu Jan 30 15:30:02 UTC 2020 /home/travis/build/icyphy/ptII/ptolemy/actor/lib/test/auto/PublisherPort4.xml
----------------- Instantiating /home/travis/build/icyphy/ptII/ptolemy/actor/lib/test/auto/PublisherPort4.xml
2 ms. Memory: 481280K Free: 343179K (71%)
----------------- Invoking toplevel() on ptolemy.moml.MoMLSimpleApplication@25a9e57
----------------- Done invoking toplevel() on ptolemy.moml.MoMLSimpleApplication@25a9e57
reloadAllAccessors: .PublisherPort4

===========================================================================================
----------------- testing Thu Jan 30 15:30:02 UTC 2020 /home/travis/build/icyphy/ptII/ptolemy/actor/lib/test/auto/PublisherPort5.xml
----------------- Instantiating /home/travis/build/icyphy/ptII/ptolemy/actor/lib/test/auto/PublisherPort5.xml
4 ms. Memory: 481280K Free: 335516K (70%)
----------------- Invoking toplevel() on ptolemy.moml.MoMLSimpleApplication@6858116e
----------------- Done invoking toplevel() on ptolemy.moml.MoMLSimpleApplication@6858116e
reloadAllAccessors: .PublisherPort5

===========================================================================================
----------------- testing Thu Jan 30 15:30:02 UTC 2020 /home/travis/build/icyphy/ptII/ptolemy/actor/lib/test/auto/PublisherPort5LookAlike.xml
----------------- Instantiating /home/travis/build/icyphy/ptII/ptolemy/actor/lib/test/auto/PublisherPort5LookAlike.xml
8 ms. Memory: 481280K Free: 327834K (68%)
----------------- Invoking toplevel() on ptolemy.moml.MoMLSimpleApplication@63a77a73
----------------- Done invoking toplevel() on ptolemy.moml.MoMLSimpleApplication@63a77a73
reloadAllAccessors: .PublisherPort5LookAlike

===========================================================================================
----------------- testing Thu Jan 30 15:30:02 UTC 2020 /home/travis/build/icyphy/ptII/ptolemy/actor/lib/test/auto/PublisherPort6.xml
----------------- Instantiating /home/travis/build/icyphy/ptII/ptolemy/actor/lib/test/auto/PublisherPort6.xml
2 ms. Memory: 481280K Free: 321180K (67%)
----------------- Invoking toplevel() on ptolemy.moml.MoMLSimpleApplication@48c5ccc2
----------------- Done invoking toplevel() on ptolemy.moml.MoMLSimpleApplication@48c5ccc2
reloadAllAccessors: .PublisherPort6

===========================================================================================
----------------- testing Thu Jan 30 15:30:02 UTC 2020 /home/travis/build/icyphy/ptII/ptolemy/actor/lib/test/auto/PublisherPort7.xml
----------------- Instantiating /home/travis/build/icyphy/ptII/ptolemy/actor/lib/test/auto/PublisherPort7.xml
3 ms. Memory: 481280K Free: 313498K (65%)
----------------- Invoking toplevel() on ptolemy.moml.MoMLSimpleApplication@156347e8
----------------- Done invoking toplevel() on ptolemy.moml.MoMLSimpleApplication@156347e8
reloadAllAccessors: .PublisherPort7

===========================================================================================
----------------- testing Thu Jan 30 15:30:02 UTC 2020 /home/travis/build/icyphy/ptII/ptolemy/actor/lib/test/auto/PublisherPort8.xml
----------------- Instantiating /home/travis/build/icyphy/ptII/ptolemy/actor/lib/test/auto/PublisherPort8.xml
4 ms. Memory: 481280K Free: 304796K (63%)
----------------- Invoking toplevel() on ptolemy.moml.MoMLSimpleApplication@2f051717
----------------- Done invoking toplevel() on ptolemy.moml.MoMLSimpleApplication@2f051717
reloadAllAccessors: .PublisherPort8

===========================================================================================
----------------- testing Thu Jan 30 15:30:02 UTC 2020 /home/travis/build/icyphy/ptII/ptolemy/actor/lib/test/auto/PublisherPortSubscriberChannelVariablesAOC2.xml
----------------- Instantiating /home/travis/build/icyphy/ptII/ptolemy/actor/lib/test/auto/PublisherPortSubscriberChannelVariablesAOC2.xml
3 ms. Memory: 481280K Free: 286874K (60%)
----------------- Invoking toplevel() on ptolemy.moml.MoMLSimpleApplication@2546b157
----------------- Done invoking toplevel() on ptolemy.moml.MoMLSimpleApplication@2546b157
reloadAllAccessors: .PublisherPortSubscriberChannelVariablesAOC2

===========================================================================================
----------------- testing Thu Jan 30 15:30:02 UTC 2020 /home/travis/build/icyphy/ptII/ptolemy/actor/lib/test/auto/PublisherPortSubscriberOpaqueWidthInference.xml
----------------- Instantiating /home/travis/build/icyphy/ptII/ptolemy/actor/lib/test/auto/PublisherPortSubscriberOpaqueWidthInference.xml
4 ms. Memory: 481280K Free: 278667K (58%)
----------------- Invoking toplevel() on ptolemy.moml.MoMLSimpleApplication@6ba4ca7f
----------------- Done invoking toplevel() on ptolemy.moml.MoMLSimpleApplication@6ba4ca7f
reloadAllAccessors: .PublisherPortSubscriberOpaqueWidthInference

===========================================================================================
----------------- testing Thu Jan 30 15:30:02 UTC 2020 /home/travis/build/icyphy/ptII/ptolemy/actor/lib/test/auto/PublisherPortSubscriberPortAdjacent.xml
----------------- Instantiating /home/travis/build/icyphy/ptII/ptolemy/actor/lib/test/auto/PublisherPortSubscriberPortAdjacent.xml
2 ms. Memory: 481280K Free: 270490K (56%)
----------------- Invoking toplevel() on ptolemy.moml.MoMLSimpleApplication@291bf30d
----------------- Done invoking toplevel() on ptolemy.moml.MoMLSimpleApplication@291bf30d
reloadAllAccessors: .PublisherPortSubscriberPortAdjacent

===========================================================================================
----------------- testing Thu Jan 30 15:30:02 UTC 2020 /home/travis/build/icyphy/ptII/ptolemy/actor/lib/test/auto/PublisherPortSubscriberPortExpression.xml
----------------- Instantiating /home/travis/build/icyphy/ptII/ptolemy/actor/lib/test/auto/PublisherPortSubscriberPortExpression.xml
4 ms. Memory: 481280K Free: 262283K (54%)
----------------- Invoking toplevel() on ptolemy.moml.MoMLSimpleApplication@3223a523
----------------- Done invoking toplevel() on ptolemy.moml.MoMLSimpleApplication@3223a523
reloadAllAccessors: .PublisherPortSubscriberPortExpression

===========================================================================================
----------------- testing Thu Jan 30 15:30:02 UTC 2020 /home/travis/build/icyphy/ptII/ptolemy/actor/lib/test/auto/PublisherPortSubscriberPortOpaqueD3Reverse.xml
----------------- Instantiating /home/travis/build/icyphy/ptII/ptolemy/actor/lib/test/auto/PublisherPortSubscriberPortOpaqueD3Reverse.xml
6 ms. Memory: 481280K Free: 252058K (52%)
----------------- Invoking toplevel() on ptolemy.moml.MoMLSimpleApplication@2d71eef6
----------------- Done invoking toplevel() on ptolemy.moml.MoMLSimpleApplication@2d71eef6
reloadAllAccessors: .PublisherPortSubscriberPortOpaqueD3Reverse

===========================================================================================
----------------- testing Thu Jan 30 15:30:02 UTC 2020 /home/travis/build/icyphy/ptII/ptolemy/actor/lib/test/auto/PublisherPortSubscriberPortOpaqueWidthInference.xml
----------------- Instantiating /home/travis/build/icyphy/ptII/ptolemy/actor/lib/test/auto/PublisherPortSubscriberPortOpaqueWidthInference.xml
4 ms. Memory: 481280K Free: 244380K (51%)
----------------- Invoking toplevel() on ptolemy.moml.MoMLSimpleApplication@2d5a070
----------------- Done invoking toplevel() on ptolemy.moml.MoMLSimpleApplication@2d5a070
reloadAllAccessors: .PublisherPortSubscriberPortOpaqueWidthInference

===========================================================================================
----------------- testing Thu Jan 30 15:30:02 UTC 2020 /home/travis/build/icyphy/ptII/ptolemy/actor/lib/test/auto/PublisherPortToplevelSubscriberPortAOC.xml
----------------- Instantiating /home/travis/build/icyphy/ptII/ptolemy/actor/lib/test/auto/PublisherPortToplevelSubscriberPortAOC.xml
.PublisherPortToplevelSubscriberPortAOC.TestExceptionAttribute: initialize() was not invoked, but wrapup() was.  This is unusual, but not always a problem.  For example, exporting JNLP will do this.
1 ms. Memory: 481280K Free: 238236K (50%)
----------------- Invoking toplevel() on ptolemy.moml.MoMLSimpleApplication@34c6a3a0
----------------- Done invoking toplevel() on ptolemy.moml.MoMLSimpleApplication@34c6a3a0
reloadAllAccessors: .PublisherPortToplevelSubscriberPortAOC

===========================================================================================
----------------- testing Thu Jan 30 15:30:02 UTC 2020 /home/travis/build/icyphy/ptII/ptolemy/actor/lib/test/auto/PublisherSubscriber.xml
----------------- Instantiating /home/travis/build/icyphy/ptII/ptolemy/actor/lib/test/auto/PublisherSubscriber.xml
3 ms. Memory: 481280K Free: 230523K (48%)
----------------- Invoking toplevel() on ptolemy.moml.MoMLSimpleApplication@7392fa0d
----------------- Done invoking toplevel() on ptolemy.moml.MoMLSimpleApplication@7392fa0d
reloadAllAccessors: .PublisherSubscriber

===========================================================================================
----------------- testing Thu Jan 30 15:30:02 UTC 2020 /home/travis/build/icyphy/ptII/ptolemy/actor/lib/test/auto/PublisherSubscriber10.xml
----------------- Instantiating /home/travis/build/icyphy/ptII/ptolemy/actor/lib/test/auto/PublisherSubscriber10.xml
7 ms. Memory: 481280K Free: 221338K (46%)
----------------- Invoking toplevel() on ptolemy.moml.MoMLSimpleApplication@75b45fe8
----------------- Done invoking toplevel() on ptolemy.moml.MoMLSimpleApplication@75b45fe8
reloadAllAccessors: .PublisherSubscriber10

===========================================================================================
----------------- testing Thu Jan 30 15:30:02 UTC 2020 /home/travis/build/icyphy/ptII/ptolemy/actor/lib/test/auto/PublisherSubscriber10InitialOutputs.xml
----------------- Instantiating /home/travis/build/icyphy/ptII/ptolemy/actor/lib/test/auto/PublisherSubscriber10InitialOutputs.xml
16 ms. Memory: 481280K Free: 212122K (44%)
----------------- Invoking toplevel() on ptolemy.moml.MoMLSimpleApplication@4323aa6d
----------------- Done invoking toplevel() on ptolemy.moml.MoMLSimpleApplication@4323aa6d
reloadAllAccessors: .PublisherSubscriber10InitialOutputs

===========================================================================================
----------------- testing Thu Jan 30 15:30:02 UTC 2020 /home/travis/build/icyphy/ptII/ptolemy/actor/lib/test/auto/PublisherSubscriber11.xml
----------------- Instantiating /home/travis/build/icyphy/ptII/ptolemy/actor/lib/test/auto/PublisherSubscriber11.xml
4 ms. Memory: 481280K Free: 205468K (43%)
----------------- Invoking toplevel() on ptolemy.moml.MoMLSimpleApplication@30760ede
----------------- Done invoking toplevel() on ptolemy.moml.MoMLSimpleApplication@30760ede
reloadAllAccessors: .PublisherSubscriber11

===========================================================================================
----------------- testing Thu Jan 30 15:30:02 UTC 2020 /home/travis/build/icyphy/ptII/ptolemy/actor/lib/test/auto/PublisherSubscriber12.xml
----------------- Instantiating /home/travis/build/icyphy/ptII/ptolemy/actor/lib/test/auto/PublisherSubscriber12.xml
5 ms. Memory: 481280K Free: 198300K (41%)
----------------- Invoking toplevel() on ptolemy.moml.MoMLSimpleApplication@5a7b41b0
----------------- Done invoking toplevel() on ptolemy.moml.MoMLSimpleApplication@5a7b41b0
reloadAllAccessors: .PublisherSubscriber12

===========================================================================================
----------------- testing Thu Jan 30 15:30:02 UTC 2020 /home/travis/build/icyphy/ptII/ptolemy/actor/lib/test/auto/PublisherSubscriber13.xml
----------------- Instantiating /home/travis/build/icyphy/ptII/ptolemy/actor/lib/test/auto/PublisherSubscriber13.xml
2 ms. Memory: 481280K Free: 192635K (40%)
----------------- Invoking toplevel() on ptolemy.moml.MoMLSimpleApplication@3f4fcfd0
----------------- Done invoking toplevel() on ptolemy.moml.MoMLSimpleApplication@3f4fcfd0
reloadAllAccessors: .PublisherSubscriber13

===========================================================================================
----------------- testing Thu Jan 30 15:30:02 UTC 2020 /home/travis/build/icyphy/ptII/ptolemy/actor/lib/test/auto/PublisherSubscriber14.xml
----------------- Instantiating /home/travis/build/icyphy/ptII/ptolemy/actor/lib/test/auto/PublisherSubscriber14.xml
2 ms. Memory: 481280K Free: 183964K (38%)
----------------- Invoking toplevel() on ptolemy.moml.MoMLSimpleApplication@748e079c
----------------- Done invoking toplevel() on ptolemy.moml.MoMLSimpleApplication@748e079c
reloadAllAccessors: .PublisherSubscriber14

===========================================================================================
----------------- testing Thu Jan 30 15:30:02 UTC 2020 /home/travis/build/icyphy/ptII/ptolemy/actor/lib/test/auto/PublisherSubscriber2.xml
----------------- Instantiating /home/travis/build/icyphy/ptII/ptolemy/actor/lib/test/auto/PublisherSubscriber2.xml
4 ms. Memory: 481280K Free: 178315K (37%)
----------------- Invoking toplevel() on ptolemy.moml.MoMLSimpleApplication@283c6a79
----------------- Done invoking toplevel() on ptolemy.moml.MoMLSimpleApplication@283c6a79
reloadAllAccessors: .PublisherSubscriber2

===========================================================================================
----------------- testing Thu Jan 30 15:30:02 UTC 2020 /home/travis/build/icyphy/ptII/ptolemy/actor/lib/test/auto/PublisherSubscriber3.xml
----------------- Instantiating /home/travis/build/icyphy/ptII/ptolemy/actor/lib/test/auto/PublisherSubscriber3.xml
5 ms. Memory: 481280K Free: 172700K (36%)
----------------- Invoking toplevel() on ptolemy.moml.MoMLSimpleApplication@2d92a630
----------------- Done invoking toplevel() on ptolemy.moml.MoMLSimpleApplication@2d92a630
reloadAllAccessors: .PublisherSubscriber3

===========================================================================================
----------------- testing Thu Jan 30 15:30:02 UTC 2020 /home/travis/build/icyphy/ptII/ptolemy/actor/lib/test/auto/PublisherSubscriber4.xml
----------------- Instantiating /home/travis/build/icyphy/ptII/ptolemy/actor/lib/test/auto/PublisherSubscriber4.xml
2 ms. Memory: 481280K Free: 167580K (35%)
----------------- Invoking toplevel() on ptolemy.moml.MoMLSimpleApplication@1c2da7f2
----------------- Done invoking toplevel() on ptolemy.moml.MoMLSimpleApplication@1c2da7f2
reloadAllAccessors: .PublisherSubscriber4

===========================================================================================
----------------- testing Thu Jan 30 15:30:02 UTC 2020 /home/travis/build/icyphy/ptII/ptolemy/actor/lib/test/auto/PublisherSubscriber5.xml
----------------- Instantiating /home/travis/build/icyphy/ptII/ptolemy/actor/lib/test/auto/PublisherSubscriber5.xml
2 ms. Memory: 481280K Free: 160412K (33%)
----------------- Invoking toplevel() on ptolemy.moml.MoMLSimpleApplication@6d595d2d
----------------- Done invoking toplevel() on ptolemy.moml.MoMLSimpleApplication@6d595d2d
reloadAllAccessors: .PublisherSubscriber5

===========================================================================================
----------------- testing Thu Jan 30 15:30:02 UTC 2020 /home/travis/build/icyphy/ptII/ptolemy/actor/lib/test/auto/PublisherSubscriber6.xml
----------------- Instantiating /home/travis/build/icyphy/ptII/ptolemy/actor/lib/test/auto/PublisherSubscriber6.xml
4 ms. Memory: 481280K Free: 153754K (32%)
----------------- Invoking toplevel() on ptolemy.moml.MoMLSimpleApplication@44dcd6dc
----------------- Done invoking toplevel() on ptolemy.moml.MoMLSimpleApplication@44dcd6dc
reloadAllAccessors: .PublisherSubscriber6

===========================================================================================
----------------- testing Thu Jan 30 15:30:02 UTC 2020 /home/travis/build/icyphy/ptII/ptolemy/actor/lib/test/auto/PublisherSubscriber7.xml
----------------- Instantiating /home/travis/build/icyphy/ptII/ptolemy/actor/lib/test/auto/PublisherSubscriber7.xml
7 ms. Memory: 481280K Free: 424602K (88%)
----------------- Invoking toplevel() on ptolemy.moml.MoMLSimpleApplication@51a027c6
----------------- Done invoking toplevel() on ptolemy.moml.MoMLSimpleApplication@51a027c6
reloadAllAccessors: .PublisherSubscriber7

===========================================================================================
----------------- testing Thu Jan 30 15:30:02 UTC 2020 /home/travis/build/icyphy/ptII/ptolemy/actor/lib/test/auto/PublisherSubscriber8.xml
----------------- Instantiating /home/travis/build/icyphy/ptII/ptolemy/actor/lib/test/auto/PublisherSubscriber8.xml
18 ms. Memory: 481280K Free: 412314K (86%)
----------------- Invoking toplevel() on ptolemy.moml.MoMLSimpleApplication@5c6415db
----------------- Done invoking toplevel() on ptolemy.moml.MoMLSimpleApplication@5c6415db
reloadAllAccessors: .PublisherSubscriber8

===========================================================================================
----------------- testing Thu Jan 30 15:30:02 UTC 2020 /home/travis/build/icyphy/ptII/ptolemy/actor/lib/test/auto/PublisherSubscriber9.xml
----------------- Instantiating /home/travis/build/icyphy/ptII/ptolemy/actor/lib/test/auto/PublisherSubscriber9.xml
3 ms. Memory: 481280K Free: 405131K (84%)
----------------- Invoking toplevel() on ptolemy.moml.MoMLSimpleApplication@5b168a4f
----------------- Done invoking toplevel() on ptolemy.moml.MoMLSimpleApplication@5b168a4f
reloadAllAccessors: .PublisherSubscriber9

===========================================================================================
----------------- testing Thu Jan 30 15:30:02 UTC 2020 /home/travis/build/icyphy/ptII/ptolemy/actor/lib/test/auto/PublisherSubscriberAdjacent.xml
----------------- Instantiating /home/travis/build/icyphy/ptII/ptolemy/actor/lib/test/auto/PublisherSubscriberAdjacent.xml
2 ms. Memory: 481280K Free: 396954K (82%)
----------------- Invoking toplevel() on ptolemy.moml.MoMLSimpleApplication@607f9561
----------------- Done invoking toplevel() on ptolemy.moml.MoMLSimpleApplication@607f9561
reloadAllAccessors: .PublisherSubscriberAdjacent

===========================================================================================
----------------- testing Thu Jan 30 15:30:02 UTC 2020 /home/travis/build/icyphy/ptII/ptolemy/actor/lib/test/auto/PublisherSubscriberChannelVariablesAOC2.xml
----------------- Instantiating /home/travis/build/icyphy/ptII/ptolemy/actor/lib/test/auto/PublisherSubscriberChannelVariablesAOC2.xml
2 ms. Memory: 481280K Free: 381579K (79%)
----------------- Invoking toplevel() on ptolemy.moml.MoMLSimpleApplication@5a9b2937
----------------- Done invoking toplevel() on ptolemy.moml.MoMLSimpleApplication@5a9b2937
reloadAllAccessors: .PublisherSubscriberChannelVariablesAOC2

===========================================================================================
----------------- testing Thu Jan 30 15:30:02 UTC 2020 /home/travis/build/icyphy/ptII/ptolemy/actor/lib/test/auto/PublisherSubscriberD3.xml
----------------- Instantiating /home/travis/build/icyphy/ptII/ptolemy/actor/lib/test/auto/PublisherSubscriberD3.xml
2 ms. Memory: 481280K Free: 374426K (78%)
----------------- Invoking toplevel() on ptolemy.moml.MoMLSimpleApplication@3cdfd4f
----------------- Done invoking toplevel() on ptolemy.moml.MoMLSimpleApplication@3cdfd4f
reloadAllAccessors: .PublisherSubscriberD3

===========================================================================================
----------------- testing Thu Jan 30 15:30:02 UTC 2020 /home/travis/build/icyphy/ptII/ptolemy/actor/lib/test/auto/PublisherSubscriberD3Reverse.xml
----------------- Instantiating /home/travis/build/icyphy/ptII/ptolemy/actor/lib/test/auto/PublisherSubscriberD3Reverse.xml
2 ms. Memory: 481280K Free: 368282K (77%)
----------------- Invoking toplevel() on ptolemy.moml.MoMLSimpleApplication@12f67877
----------------- Done invoking toplevel() on ptolemy.moml.MoMLSimpleApplication@12f67877
reloadAllAccessors: .PublisherSubscriberD3Reverse

===========================================================================================
----------------- testing Thu Jan 30 15:30:02 UTC 2020 /home/travis/build/icyphy/ptII/ptolemy/actor/lib/test/auto/PublisherSubscriberExpression.xml
----------------- Instantiating /home/travis/build/icyphy/ptII/ptolemy/actor/lib/test/auto/PublisherSubscriberExpression.xml
4 ms. Memory: 481280K Free: 359580K (75%)
----------------- Invoking toplevel() on ptolemy.moml.MoMLSimpleApplication@236aa9df
----------------- Done invoking toplevel() on ptolemy.moml.MoMLSimpleApplication@236aa9df
reloadAllAccessors: .PublisherSubscriberExpression

===========================================================================================
----------------- testing Thu Jan 30 15:30:02 UTC 2020 /home/travis/build/icyphy/ptII/ptolemy/actor/lib/test/auto/PublisherSubscriberOpaque.xml
----------------- Instantiating /home/travis/build/icyphy/ptII/ptolemy/actor/lib/test/auto/PublisherSubscriberOpaque.xml
4 ms. Memory: 481280K Free: 351388K (73%)
----------------- Invoking toplevel() on ptolemy.moml.MoMLSimpleApplication@88a1d53
----------------- Done invoking toplevel() on ptolemy.moml.MoMLSimpleApplication@88a1d53
reloadAllAccessors: .PublisherSubscriberOpaque

===========================================================================================
----------------- testing Thu Jan 30 15:30:02 UTC 2020 /home/travis/build/icyphy/ptII/ptolemy/actor/lib/test/auto/PublisherSubscriberOpaqueD3.xml
----------------- Instantiating /home/travis/build/icyphy/ptII/ptolemy/actor/lib/test/auto/PublisherSubscriberOpaqueD3.xml
5 ms. Memory: 481280K Free: 340124K (71%)
----------------- Invoking toplevel() on ptolemy.moml.MoMLSimpleApplication@60cf2eed
----------------- Done invoking toplevel() on ptolemy.moml.MoMLSimpleApplication@60cf2eed
reloadAllAccessors: .PublisherSubscriberOpaqueD3

===========================================================================================
----------------- testing Thu Jan 30 15:30:03 UTC 2020 /home/travis/build/icyphy/ptII/ptolemy/actor/lib/test/auto/PublisherSubscriberOpaqueD3Reverse.xml
----------------- Instantiating /home/travis/build/icyphy/ptII/ptolemy/actor/lib/test/auto/PublisherSubscriberOpaqueD3Reverse.xml
7 ms. Memory: 481280K Free: 328860K (68%)
----------------- Invoking toplevel() on ptolemy.moml.MoMLSimpleApplication@1ac997c7
----------------- Done invoking toplevel() on ptolemy.moml.MoMLSimpleApplication@1ac997c7
reloadAllAccessors: .PublisherSubscriberOpaqueD3Reverse

===========================================================================================
----------------- testing Thu Jan 30 15:30:03 UTC 2020 /home/travis/build/icyphy/ptII/ptolemy/actor/lib/test/auto/PublisherSubscriberOpaqueWidthInference.xml
----------------- Instantiating /home/travis/build/icyphy/ptII/ptolemy/actor/lib/test/auto/PublisherSubscriberOpaqueWidthInference.xml
4 ms. Memory: 481280K Free: 320668K (67%)
----------------- Invoking toplevel() on ptolemy.moml.MoMLSimpleApplication@3ae1a33b
----------------- Done invoking toplevel() on ptolemy.moml.MoMLSimpleApplication@3ae1a33b
reloadAllAccessors: .PublisherSubscriberOpaqueWidthInference

===========================================================================================
----------------- testing Thu Jan 30 15:30:03 UTC 2020 /home/travis/build/icyphy/ptII/ptolemy/actor/lib/test/auto/PublisherTestSubscriber.xml
----------------- Instantiating /home/travis/build/icyphy/ptII/ptolemy/actor/lib/test/auto/PublisherTestSubscriber.xml
3 ms. Memory: 481280K Free: 312979K (65%)
----------------- Invoking toplevel() on ptolemy.moml.MoMLSimpleApplication@57ae53f1
----------------- Done invoking toplevel() on ptolemy.moml.MoMLSimpleApplication@57ae53f1
reloadAllAccessors: .PublisherTestSubscriber

===========================================================================================
----------------- testing Thu Jan 30 15:30:03 UTC 2020 /home/travis/build/icyphy/ptII/ptolemy/actor/lib/test/auto/PublisherToplevelSubscriberPortAOC.xml
----------------- Instantiating /home/travis/build/icyphy/ptII/ptolemy/actor/lib/test/auto/PublisherToplevelSubscriberPortAOC.xml
2 ms. Memory: 481280K Free: 306332K (64%)
----------------- Invoking toplevel() on ptolemy.moml.MoMLSimpleApplication@362b9f4f
----------------- Done invoking toplevel() on ptolemy.moml.MoMLSimpleApplication@362b9f4f
reloadAllAccessors: .PublisherToplevelSubscriberPortAOC

===========================================================================================
----------------- testing Thu Jan 30 15:30:03 UTC 2020 /home/travis/build/icyphy/ptII/ptolemy/actor/lib/test/auto/PulseFiringLimitDE.xml
----------------- Instantiating /home/travis/build/icyphy/ptII/ptolemy/actor/lib/test/auto/PulseFiringLimitDE.xml
2 ms. Memory: 481280K Free: 300188K (62%)
----------------- Invoking toplevel() on ptolemy.moml.MoMLSimpleApplication@7016c59a
----------------- Done invoking toplevel() on ptolemy.moml.MoMLSimpleApplication@7016c59a
reloadAllAccessors: .PulseFiringLimitDE

===========================================================================================
----------------- testing Thu Jan 30 15:30:03 UTC 2020 /home/travis/build/icyphy/ptII/ptolemy/actor/lib/test/auto/Ramp1.xml
----------------- Instantiating /home/travis/build/icyphy/ptII/ptolemy/actor/lib/test/auto/Ramp1.xml
2 ms. Memory: 481280K Free: 295571K (61%)
----------------- Invoking toplevel() on ptolemy.moml.MoMLSimpleApplication@5e0cbb67
----------------- Done invoking toplevel() on ptolemy.moml.MoMLSimpleApplication@5e0cbb67
reloadAllAccessors: .Ramp1

===========================================================================================
----------------- testing Thu Jan 30 15:30:03 UTC 2020 /home/travis/build/icyphy/ptII/ptolemy/actor/lib/test/auto/RampFiringLimitDE.xml
----------------- Instantiating /home/travis/build/icyphy/ptII/ptolemy/actor/lib/test/auto/RampFiringLimitDE.xml
2 ms. Memory: 481280K Free: 289419K (60%)
----------------- Invoking toplevel() on ptolemy.moml.MoMLSimpleApplication@4c64150e
----------------- Done invoking toplevel() on ptolemy.moml.MoMLSimpleApplication@4c64150e
reloadAllAccessors: .RampFiringLimitDE

===========================================================================================
----------------- testing Thu Jan 30 15:30:03 UTC 2020 /home/travis/build/icyphy/ptII/ptolemy/actor/lib/test/auto/RampFiringLimitSDF.xml
----------------- Instantiating /home/travis/build/icyphy/ptII/ptolemy/actor/lib/test/auto/RampFiringLimitSDF.xml
2 ms. Memory: 481280K Free: 284299K (59%)
----------------- Invoking toplevel() on ptolemy.moml.MoMLSimpleApplication@319f2e0e
----------------- Done invoking toplevel() on ptolemy.moml.MoMLSimpleApplication@319f2e0e
reloadAllAccessors: .RampFiringLimitSDF

===========================================================================================
----------------- testing Thu Jan 30 15:30:03 UTC 2020 /home/travis/build/icyphy/ptII/ptolemy/actor/lib/test/auto/RandomInteger.xml
----------------- Instantiating /home/travis/build/icyphy/ptII/ptolemy/actor/lib/test/auto/RandomInteger.xml
1 ms. Memory: 481280K Free: 280218K (58%)
----------------- Invoking toplevel() on ptolemy.moml.MoMLSimpleApplication@fe5689a
----------------- Done invoking toplevel() on ptolemy.moml.MoMLSimpleApplication@fe5689a
reloadAllAccessors: .RandomInteger

===========================================================================================
----------------- testing Thu Jan 30 15:30:03 UTC 2020 /home/travis/build/icyphy/ptII/ptolemy/actor/lib/test/auto/ReadFile1.xml
----------------- Instantiating /home/travis/build/icyphy/ptII/ptolemy/actor/lib/test/auto/ReadFile1.xml
2 ms. Memory: 481280K Free: 275098K (57%)
----------------- Invoking toplevel() on ptolemy.moml.MoMLSimpleApplication@256393c2
----------------- Done invoking toplevel() on ptolemy.moml.MoMLSimpleApplication@256393c2
reloadAllAccessors: .ReadFile1

===========================================================================================
----------------- testing Thu Jan 30 15:30:03 UTC 2020 /home/travis/build/icyphy/ptII/ptolemy/actor/lib/test/auto/ReadFile2.xml
----------------- Instantiating /home/travis/build/icyphy/ptII/ptolemy/actor/lib/test/auto/ReadFile2.xml
1 ms. Memory: 481280K Free: 271002K (56%)
----------------- Invoking toplevel() on ptolemy.moml.MoMLSimpleApplication@232eb76c
----------------- Done invoking toplevel() on ptolemy.moml.MoMLSimpleApplication@232eb76c
reloadAllAccessors: .ReadFile2

===========================================================================================
----------------- testing Thu Jan 30 15:30:03 UTC 2020 /home/travis/build/icyphy/ptII/ptolemy/actor/lib/test/auto/Reader.xml
----------------- Instantiating /home/travis/build/icyphy/ptII/ptolemy/actor/lib/test/auto/Reader.xml
actor.lib.Reader is obsolete, use actor.lib.io.ExpressionReader instead
4 ms. Memory: 481280K Free: 266906K (55%)
----------------- Invoking toplevel() on ptolemy.moml.MoMLSimpleApplication@51534a90
----------------- Done invoking toplevel() on ptolemy.moml.MoMLSimpleApplication@51534a90
reloadAllAccessors: .Reader

===========================================================================================
----------------- testing Thu Jan 30 15:30:03 UTC 2020 /home/travis/build/icyphy/ptII/ptolemy/actor/lib/test/auto/RecordAssemblerDisplayNameTest.xml
----------------- Instantiating /home/travis/build/icyphy/ptII/ptolemy/actor/lib/test/auto/RecordAssemblerDisplayNameTest.xml
3246 ms. Memory: 481280K Free: 158876K (33%)
----------------- Invoking toplevel() on ptolemy.moml.MoMLSimpleApplication@2c5fb969
----------------- Done invoking toplevel() on ptolemy.moml.MoMLSimpleApplication@2c5fb969
reloadAllAccessors: .RecordAssemblerDisplayNameTest

===========================================================================================
----------------- testing Thu Jan 30 15:30:06 UTC 2020 /home/travis/build/icyphy/ptII/ptolemy/actor/lib/test/auto/RecordAssemblerTypeError.xml
----------------- Instantiating /home/travis/build/icyphy/ptII/ptolemy/actor/lib/test/auto/RecordAssemblerTypeError.xml
18 ms. Memory: 481280K Free: 427674K (89%)
----------------- Invoking toplevel() on ptolemy.moml.MoMLSimpleApplication@2e59d4c9
----------------- Done invoking toplevel() on ptolemy.moml.MoMLSimpleApplication@2e59d4c9
reloadAllAccessors: .RecordAssemblerTypeError

===========================================================================================
----------------- testing Thu Jan 30 15:30:06 UTC 2020 /home/travis/build/icyphy/ptII/ptolemy/actor/lib/test/auto/RecordDisassember.xml
----------------- Instantiating /home/travis/build/icyphy/ptII/ptolemy/actor/lib/test/auto/RecordDisassember.xml
3 ms. Memory: 481280K Free: 422523K (88%)
----------------- Invoking toplevel() on ptolemy.moml.MoMLSimpleApplication@66513203
----------------- Done invoking toplevel() on ptolemy.moml.MoMLSimpleApplication@66513203
reloadAllAccessors: .RecordDisassember

===========================================================================================
----------------- testing Thu Jan 30 15:30:06 UTC 2020 /home/travis/build/icyphy/ptII/ptolemy/actor/lib/test/auto/RecordDisassemberDisplayNameTest.xml
----------------- Instantiating /home/travis/build/icyphy/ptII/ptolemy/actor/lib/test/auto/RecordDisassemberDisplayNameTest.xml
6 ms. Memory: 481280K Free: 414876K (86%)
----------------- Invoking toplevel() on ptolemy.moml.MoMLSimpleApplication@6c9c5d9b
----------------- Done invoking toplevel() on ptolemy.moml.MoMLSimpleApplication@6c9c5d9b
reloadAllAccessors: .RecordDisassemberDisplayNameTest

===========================================================================================
----------------- testing Thu Jan 30 15:30:06 UTC 2020 /home/travis/build/icyphy/ptII/ptolemy/actor/lib/test/auto/RecordDisassembler.xml
----------------- Instantiating /home/travis/build/icyphy/ptII/ptolemy/actor/lib/test/auto/RecordDisassembler.xml
3 ms. Memory: 481280K Free: 409756K (85%)
----------------- Invoking toplevel() on ptolemy.moml.MoMLSimpleApplication@29572265
----------------- Done invoking toplevel() on ptolemy.moml.MoMLSimpleApplication@29572265
reloadAllAccessors: .RecordDisassembler

===========================================================================================
----------------- testing Thu Jan 30 15:30:06 UTC 2020 /home/travis/build/icyphy/ptII/ptolemy/actor/lib/test/auto/RecordDisassembler2.xml
----------------- Instantiating /home/travis/build/icyphy/ptII/ptolemy/actor/lib/test/auto/RecordDisassembler2.xml
4 ms. Memory: 481280K Free: 404636K (84%)
----------------- Invoking toplevel() on ptolemy.moml.MoMLSimpleApplication@1986b72d
----------------- Done invoking toplevel() on ptolemy.moml.MoMLSimpleApplication@1986b72d
reloadAllAccessors: .RecordDisassembler2

===========================================================================================
----------------- testing Thu Jan 30 15:30:06 UTC 2020 /home/travis/build/icyphy/ptII/ptolemy/actor/lib/test/auto/RecordUpdater.xml
----------------- Instantiating /home/travis/build/icyphy/ptII/ptolemy/actor/lib/test/auto/RecordUpdater.xml
1 ms. Memory: 481280K Free: 400026K (83%)
----------------- Invoking toplevel() on ptolemy.moml.MoMLSimpleApplication@444caf98
----------------- Done invoking toplevel() on ptolemy.moml.MoMLSimpleApplication@444caf98
reloadAllAccessors: .RecordUpdater

===========================================================================================
----------------- testing Thu Jan 30 15:30:06 UTC 2020 /home/travis/build/icyphy/ptII/ptolemy/actor/lib/test/auto/RecordUpdater2.xml
----------------- Instantiating /home/travis/build/icyphy/ptII/ptolemy/actor/lib/test/auto/RecordUpdater2.xml
2 ms. Memory: 481280K Free: 394906K (82%)
----------------- Invoking toplevel() on ptolemy.moml.MoMLSimpleApplication@28dfff59
----------------- Done invoking toplevel() on ptolemy.moml.MoMLSimpleApplication@28dfff59
reloadAllAccessors: .RecordUpdater2

===========================================================================================
----------------- testing Thu Jan 30 15:30:06 UTC 2020 /home/travis/build/icyphy/ptII/ptolemy/actor/lib/test/auto/RecursiveLattice.xml
----------------- Instantiating /home/travis/build/icyphy/ptII/ptolemy/actor/lib/test/auto/RecursiveLattice.xml
1 ms. Memory: 481280K Free: 390300K (81%)
----------------- Invoking toplevel() on ptolemy.moml.MoMLSimpleApplication@85cc652
----------------- Done invoking toplevel() on ptolemy.moml.MoMLSimpleApplication@85cc652
reloadAllAccessors: .RecursiveLattice

===========================================================================================
----------------- testing Thu Jan 30 15:30:06 UTC 2020 /home/travis/build/icyphy/ptII/ptolemy/actor/lib/test/auto/Router.xml
----------------- Instantiating /home/travis/build/icyphy/ptII/ptolemy/actor/lib/test/auto/Router.xml
3004 ms. Memory: 481280K Free: 379546K (79%)
----------------- Invoking toplevel() on ptolemy.moml.MoMLSimpleApplication@39b13c25
----------------- Done invoking toplevel() on ptolemy.moml.MoMLSimpleApplication@39b13c25
reloadAllAccessors: .Router

===========================================================================================
----------------- testing Thu Jan 30 15:30:09 UTC 2020 /home/travis/build/icyphy/ptII/ptolemy/actor/lib/test/auto/Router2.xml
----------------- Instantiating /home/travis/build/icyphy/ptII/ptolemy/actor/lib/test/auto/Router2.xml
3006 ms. Memory: 481280K Free: 369820K (77%)
----------------- Invoking toplevel() on ptolemy.moml.MoMLSimpleApplication@56910637
----------------- Done invoking toplevel() on ptolemy.moml.MoMLSimpleApplication@56910637
reloadAllAccessors: .Router2

===========================================================================================
----------------- testing Thu Jan 30 15:30:12 UTC 2020 /home/travis/build/icyphy/ptII/ptolemy/actor/lib/test/auto/RunningMaximum.xml
----------------- Instantiating /home/travis/build/icyphy/ptII/ptolemy/actor/lib/test/auto/RunningMaximum.xml
2 ms. Memory: 481280K Free: 365210K (76%)
----------------- Invoking toplevel() on ptolemy.moml.MoMLSimpleApplication@26cbff26
----------------- Done invoking toplevel() on ptolemy.moml.MoMLSimpleApplication@26cbff26
reloadAllAccessors: .RunningMaximum

===========================================================================================
----------------- testing Thu Jan 30 15:30:12 UTC 2020 /home/travis/build/icyphy/ptII/ptolemy/actor/lib/test/auto/RunningMinimum.xml
----------------- Instantiating /home/travis/build/icyphy/ptII/ptolemy/actor/lib/test/auto/RunningMinimum.xml
1 ms. Memory: 481280K Free: 360604K (75%)
----------------- Invoking toplevel() on ptolemy.moml.MoMLSimpleApplication@1f5b916b
----------------- Done invoking toplevel() on ptolemy.moml.MoMLSimpleApplication@1f5b916b
reloadAllAccessors: .RunningMinimum

===========================================================================================
----------------- testing Thu Jan 30 15:30:12 UTC 2020 /home/travis/build/icyphy/ptII/ptolemy/actor/lib/test/auto/Scale.xml
----------------- Instantiating /home/travis/build/icyphy/ptII/ptolemy/actor/lib/test/auto/Scale.xml
2 ms. Memory: 481280K Free: 355994K (74%)
----------------- Invoking toplevel() on ptolemy.moml.MoMLSimpleApplication@51f4ce0a
----------------- Done invoking toplevel() on ptolemy.moml.MoMLSimpleApplication@51f4ce0a
reloadAllAccessors: .Scale

===========================================================================================
----------------- testing Thu Jan 30 15:30:12 UTC 2020 /home/travis/build/icyphy/ptII/ptolemy/actor/lib/test/auto/Scale2.xml
----------------- Instantiating /home/travis/build/icyphy/ptII/ptolemy/actor/lib/test/auto/Scale2.xml
2 ms. Memory: 481280K Free: 350874K (73%)
----------------- Invoking toplevel() on ptolemy.moml.MoMLSimpleApplication@1525ad4a
----------------- Done invoking toplevel() on ptolemy.moml.MoMLSimpleApplication@1525ad4a
reloadAllAccessors: .Scale2

===========================================================================================
----------------- testing Thu Jan 30 15:30:12 UTC 2020 /home/travis/build/icyphy/ptII/ptolemy/actor/lib/test/auto/Scale3.xml
----------------- Instantiating /home/travis/build/icyphy/ptII/ptolemy/actor/lib/test/auto/Scale3.xml
6 ms. Memory: 481280K Free: 344220K (72%)
----------------- Invoking toplevel() on ptolemy.moml.MoMLSimpleApplication@2b509c4
----------------- Done invoking toplevel() on ptolemy.moml.MoMLSimpleApplication@2b509c4
reloadAllAccessors: .Scale3

===========================================================================================
----------------- testing Thu Jan 30 15:30:12 UTC 2020 /home/travis/build/icyphy/ptII/ptolemy/actor/lib/test/auto/ScaleArray.xml
----------------- Instantiating /home/travis/build/icyphy/ptII/ptolemy/actor/lib/test/auto/ScaleArray.xml
1 ms. Memory: 481280K Free: 339610K (71%)
----------------- Invoking toplevel() on ptolemy.moml.MoMLSimpleApplication@39eee5e
----------------- Done invoking toplevel() on ptolemy.moml.MoMLSimpleApplication@39eee5e
reloadAllAccessors: .ScaleArray

===========================================================================================
----------------- testing Thu Jan 30 15:30:12 UTC 2020 /home/travis/build/icyphy/ptII/ptolemy/actor/lib/test/auto/ScaleArray2.xml
----------------- Instantiating /home/travis/build/icyphy/ptII/ptolemy/actor/lib/test/auto/ScaleArray2.xml
1 ms. Memory: 481280K Free: 335004K (70%)
----------------- Invoking toplevel() on ptolemy.moml.MoMLSimpleApplication@4ae169df
----------------- Done invoking toplevel() on ptolemy.moml.MoMLSimpleApplication@4ae169df
reloadAllAccessors: .ScaleArray2

===========================================================================================
----------------- testing Thu Jan 30 15:30:12 UTC 2020 /home/travis/build/icyphy/ptII/ptolemy/actor/lib/test/auto/ScaleMatrix.xml
----------------- Instantiating /home/travis/build/icyphy/ptII/ptolemy/actor/lib/test/auto/ScaleMatrix.xml
126 ms. Memory: 481280K Free: 319644K (66%)
----------------- Invoking toplevel() on ptolemy.moml.MoMLSimpleApplication@9d3e867
----------------- Done invoking toplevel() on ptolemy.moml.MoMLSimpleApplication@9d3e867
reloadAllAccessors: .ScaleMatrix

===========================================================================================
----------------- testing Thu Jan 30 15:30:12 UTC 2020 /home/travis/build/icyphy/ptII/ptolemy/actor/lib/test/auto/Select.xml
----------------- Instantiating /home/travis/build/icyphy/ptII/ptolemy/actor/lib/test/auto/Select.xml
2 ms. Memory: 481280K Free: 312476K (65%)
----------------- Invoking toplevel() on ptolemy.moml.MoMLSimpleApplication@57061d92
----------------- Done invoking toplevel() on ptolemy.moml.MoMLSimpleApplication@57061d92
reloadAllAccessors: .Select

===========================================================================================
----------------- testing Thu Jan 30 15:30:12 UTC 2020 /home/travis/build/icyphy/ptII/ptolemy/actor/lib/test/auto/Select2.xml
----------------- Instantiating /home/travis/build/icyphy/ptII/ptolemy/actor/lib/test/auto/Select2.xml
1 ms. Memory: 481280K Free: 307866K (64%)
----------------- Invoking toplevel() on ptolemy.moml.MoMLSimpleApplication@4b695d
----------------- Done invoking toplevel() on ptolemy.moml.MoMLSimpleApplication@4b695d
reloadAllAccessors: .Select2

===========================================================================================
----------------- testing Thu Jan 30 15:30:12 UTC 2020 /home/travis/build/icyphy/ptII/ptolemy/actor/lib/test/auto/SequenceToArray2.xml
----------------- Instantiating /home/travis/build/icyphy/ptII/ptolemy/actor/lib/test/auto/SequenceToArray2.xml
110 ms. Memory: 481280K Free: 283290K (59%)
----------------- Invoking toplevel() on ptolemy.moml.MoMLSimpleApplication@4f81fbc7
----------------- Done invoking toplevel() on ptolemy.moml.MoMLSimpleApplication@4f81fbc7
reloadAllAccessors: .SequenceToArray2

===========================================================================================
----------------- testing Thu Jan 30 15:30:13 UTC 2020 /home/travis/build/icyphy/ptII/ptolemy/actor/lib/test/auto/SequentialClock.xml
----------------- Instantiating /home/travis/build/icyphy/ptII/ptolemy/actor/lib/test/auto/SequentialClock.xml
1 ms. Memory: 481280K Free: 279194K (58%)
----------------- Invoking toplevel() on ptolemy.moml.MoMLSimpleApplication@2e539bac
----------------- Done invoking toplevel() on ptolemy.moml.MoMLSimpleApplication@2e539bac
reloadAllAccessors: .SequentialClock

===========================================================================================
----------------- testing Thu Jan 30 15:30:13 UTC 2020 /home/travis/build/icyphy/ptII/ptolemy/actor/lib/test/auto/SetVariable.xml
----------------- Instantiating /home/travis/build/icyphy/ptII/ptolemy/actor/lib/test/auto/SetVariable.xml
2 ms. Memory: 481280K Free: 274588K (57%)
----------------- Invoking toplevel() on ptolemy.moml.MoMLSimpleApplication@31c436ed
----------------- Done invoking toplevel() on ptolemy.moml.MoMLSimpleApplication@31c436ed
reloadAllAccessors: .SetVariable

===========================================================================================
----------------- testing Thu Jan 30 15:30:13 UTC 2020 /home/travis/build/icyphy/ptII/ptolemy/actor/lib/test/auto/SetVariable2.xml
----------------- Instantiating /home/travis/build/icyphy/ptII/ptolemy/actor/lib/test/auto/SetVariable2.xml
2 ms. Memory: 481280K Free: 268954K (56%)
----------------- Invoking toplevel() on ptolemy.moml.MoMLSimpleApplication@3d6d99f3
----------------- Done invoking toplevel() on ptolemy.moml.MoMLSimpleApplication@3d6d99f3
reloadAllAccessors: .SetVariable2

===========================================================================================
----------------- testing Thu Jan 30 15:30:13 UTC 2020 /home/travis/build/icyphy/ptII/ptolemy/actor/lib/test/auto/SetVariable3.xml
----------------- Instantiating /home/travis/build/icyphy/ptII/ptolemy/actor/lib/test/auto/SetVariable3.xml
7 ms. Memory: 481280K Free: 263834K (55%)
----------------- Invoking toplevel() on ptolemy.moml.MoMLSimpleApplication@40a607d7
----------------- Done invoking toplevel() on ptolemy.moml.MoMLSimpleApplication@40a607d7
reloadAllAccessors: .SetVariable3

===========================================================================================
----------------- testing Thu Jan 30 15:30:13 UTC 2020 /home/travis/build/icyphy/ptII/ptolemy/actor/lib/test/auto/SetVariable4.xml
----------------- Instantiating /home/travis/build/icyphy/ptII/ptolemy/actor/lib/test/auto/SetVariable4.xml
14 ms. Memory: 481280K Free: 254618K (53%)
----------------- Invoking toplevel() on ptolemy.moml.MoMLSimpleApplication@49057b4
----------------- Done invoking toplevel() on ptolemy.moml.MoMLSimpleApplication@49057b4
reloadAllAccessors: .SetVariable4

===========================================================================================
----------------- testing Thu Jan 30 15:30:13 UTC 2020 /home/travis/build/icyphy/ptII/ptolemy/actor/lib/test/auto/SetVariable5.xml
----------------- Instantiating /home/travis/build/icyphy/ptII/ptolemy/actor/lib/test/auto/SetVariable5.xml
19 ms. Memory: 481280K Free: 245402K (51%)
----------------- Invoking toplevel() on ptolemy.moml.MoMLSimpleApplication@56051af0
----------------- Done invoking toplevel() on ptolemy.moml.MoMLSimpleApplication@56051af0
reloadAllAccessors: .SetVariable5

===========================================================================================
----------------- testing Thu Jan 30 15:30:13 UTC 2020 /home/travis/build/icyphy/ptII/ptolemy/actor/lib/test/auto/Sinewave.xml
----------------- Instantiating /home/travis/build/icyphy/ptII/ptolemy/actor/lib/test/auto/Sinewave.xml
4 ms. Memory: 481280K Free: 234652K (49%)
----------------- Invoking toplevel() on ptolemy.moml.MoMLSimpleApplication@42d8ad26
----------------- Done invoking toplevel() on ptolemy.moml.MoMLSimpleApplication@42d8ad26
reloadAllAccessors: .Sinewave

===========================================================================================
----------------- testing Thu Jan 30 15:30:13 UTC 2020 /home/travis/build/icyphy/ptII/ptolemy/actor/lib/test/auto/Sinewave2.xml
----------------- Instantiating /home/travis/build/icyphy/ptII/ptolemy/actor/lib/test/auto/Sinewave2.xml
7 ms. Memory: 481280K Free: 225946K (47%)
----------------- Invoking toplevel() on ptolemy.moml.MoMLSimpleApplication@3875481f
----------------- Done invoking toplevel() on ptolemy.moml.MoMLSimpleApplication@3875481f
reloadAllAccessors: .Sinewave2

===========================================================================================
----------------- testing Thu Jan 30 15:30:13 UTC 2020 /home/travis/build/icyphy/ptII/ptolemy/actor/lib/test/auto/Sinewave3.xml
----------------- Instantiating /home/travis/build/icyphy/ptII/ptolemy/actor/lib/test/auto/Sinewave3.xml
6 ms. Memory: 481280K Free: 217723K (45%)
----------------- Invoking toplevel() on ptolemy.moml.MoMLSimpleApplication@46cfb841
----------------- Done invoking toplevel() on ptolemy.moml.MoMLSimpleApplication@46cfb841
reloadAllAccessors: .Sinewave3

===========================================================================================
----------------- testing Thu Jan 30 15:30:13 UTC 2020 /home/travis/build/icyphy/ptII/ptolemy/actor/lib/test/auto/SingleEvent.xml
----------------- Instantiating /home/travis/build/icyphy/ptII/ptolemy/actor/lib/test/auto/SingleEvent.xml
1 ms. Memory: 481280K Free: 213658K (44%)
----------------- Invoking toplevel() on ptolemy.moml.MoMLSimpleApplication@6984c43c
----------------- Done invoking toplevel() on ptolemy.moml.MoMLSimpleApplication@6984c43c
reloadAllAccessors: .SingleEvent

===========================================================================================
----------------- testing Thu Jan 30 15:30:13 UTC 2020 /home/travis/build/icyphy/ptII/ptolemy/actor/lib/test/auto/Sleep.xml
----------------- Instantiating /home/travis/build/icyphy/ptII/ptolemy/actor/lib/test/auto/Sleep.xml
6003 ms. Memory: 481280K Free: 208507K (43%)
----------------- Invoking toplevel() on ptolemy.moml.MoMLSimpleApplication@13d7ba00
----------------- Done invoking toplevel() on ptolemy.moml.MoMLSimpleApplication@13d7ba00
reloadAllAccessors: .Sleep

===========================================================================================
----------------- testing Thu Jan 30 15:30:19 UTC 2020 /home/travis/build/icyphy/ptII/ptolemy/actor/lib/test/auto/SleepMultipleFire.xml
----------------- Instantiating /home/travis/build/icyphy/ptII/ptolemy/actor/lib/test/auto/SleepMultipleFire.xml
1005 ms. Memory: 481280K Free: 202394K (42%)
----------------- Invoking toplevel() on ptolemy.moml.MoMLSimpleApplication@7ee181b8
----------------- Done invoking toplevel() on ptolemy.moml.MoMLSimpleApplication@7ee181b8
reloadAllAccessors: .SleepMultipleFire

===========================================================================================
----------------- testing Thu Jan 30 15:30:20 UTC 2020 /home/travis/build/icyphy/ptII/ptolemy/actor/lib/test/auto/StopDE.xml
----------------- Instantiating /home/travis/build/icyphy/ptII/ptolemy/actor/lib/test/auto/StopDE.xml
7 ms. Memory: 481280K Free: 196764K (41%)
----------------- Invoking toplevel() on ptolemy.moml.MoMLSimpleApplication@660b40c8
----------------- Done invoking toplevel() on ptolemy.moml.MoMLSimpleApplication@660b40c8
reloadAllAccessors: .StopDE

===========================================================================================
----------------- testing Thu Jan 30 15:30:20 UTC 2020 /home/travis/build/icyphy/ptII/ptolemy/actor/lib/test/auto/StopSDF.xml
----------------- Instantiating /home/travis/build/icyphy/ptII/ptolemy/actor/lib/test/auto/StopSDF.xml
6 ms. Memory: 481280K Free: 191644K (40%)
----------------- Invoking toplevel() on ptolemy.moml.MoMLSimpleApplication@7ae9c031
----------------- Done invoking toplevel() on ptolemy.moml.MoMLSimpleApplication@7ae9c031
reloadAllAccessors: .StopSDF

===========================================================================================
----------------- testing Thu Jan 30 15:30:20 UTC 2020 /home/travis/build/icyphy/ptII/ptolemy/actor/lib/test/auto/StringConstant.xml
----------------- Instantiating /home/travis/build/icyphy/ptII/ptolemy/actor/lib/test/auto/StringConstant.xml
13 ms. Memory: 481280K Free: 187548K (39%)
----------------- Invoking toplevel() on ptolemy.moml.MoMLSimpleApplication@2f077c55
----------------- Done invoking toplevel() on ptolemy.moml.MoMLSimpleApplication@2f077c55
reloadAllAccessors: .StringConstant

===========================================================================================
----------------- testing Thu Jan 30 15:30:20 UTC 2020 /home/travis/build/icyphy/ptII/ptolemy/actor/lib/test/auto/SubscriberPortInitialValues1.xml
----------------- Instantiating /home/travis/build/icyphy/ptII/ptolemy/actor/lib/test/auto/SubscriberPortInitialValues1.xml
14 ms. Memory: 481280K Free: 178332K (37%)
----------------- Invoking toplevel() on ptolemy.moml.MoMLSimpleApplication@4871dcf2
----------------- Done invoking toplevel() on ptolemy.moml.MoMLSimpleApplication@4871dcf2
reloadAllAccessors: .SubscriberPortInitialValues1

===========================================================================================
----------------- testing Thu Jan 30 15:30:20 UTC 2020 /home/travis/build/icyphy/ptII/ptolemy/actor/lib/test/auto/SubscriberPortInitialValues13.xml
----------------- Instantiating /home/travis/build/icyphy/ptII/ptolemy/actor/lib/test/auto/SubscriberPortInitialValues13.xml
6 ms. Memory: 481280K Free: 165530K (34%)
----------------- Invoking toplevel() on ptolemy.moml.MoMLSimpleApplication@599e02b2
----------------- Done invoking toplevel() on ptolemy.moml.MoMLSimpleApplication@599e02b2
reloadAllAccessors: .SubscriberPortInitialValues13

===========================================================================================
----------------- testing Thu Jan 30 15:30:20 UTC 2020 /home/travis/build/icyphy/ptII/ptolemy/actor/lib/test/auto/SubscriberPortInitialValues14.xml
----------------- Instantiating /home/travis/build/icyphy/ptII/ptolemy/actor/lib/test/auto/SubscriberPortInitialValues14.xml
4 ms. Memory: 481280K Free: 157852K (33%)
----------------- Invoking toplevel() on ptolemy.moml.MoMLSimpleApplication@6becfcf6
----------------- Done invoking toplevel() on ptolemy.moml.MoMLSimpleApplication@6becfcf6
reloadAllAccessors: .SubscriberPortInitialValues14

===========================================================================================
----------------- testing Thu Jan 30 15:30:20 UTC 2020 /home/travis/build/icyphy/ptII/ptolemy/actor/lib/test/auto/SubscriberPortInitialValues2.xml
----------------- Instantiating /home/travis/build/icyphy/ptII/ptolemy/actor/lib/test/auto/SubscriberPortInitialValues2.xml
4 ms. Memory: 481280K Free: 428413K (89%)
----------------- Invoking toplevel() on ptolemy.moml.MoMLSimpleApplication@1da436c8
----------------- Done invoking toplevel() on ptolemy.moml.MoMLSimpleApplication@1da436c8
reloadAllAccessors: .SubscriberPortInitialValues2

===========================================================================================
----------------- testing Thu Jan 30 15:30:20 UTC 2020 /home/travis/build/icyphy/ptII/ptolemy/actor/lib/test/auto/SubscriberPortInitialValues3.xml
----------------- Instantiating /home/travis/build/icyphy/ptII/ptolemy/actor/lib/test/auto/SubscriberPortInitialValues3.xml
5 ms. Memory: 481280K Free: 417149K (87%)
----------------- Invoking toplevel() on ptolemy.moml.MoMLSimpleApplication@5cf79ee6
----------------- Done invoking toplevel() on ptolemy.moml.MoMLSimpleApplication@5cf79ee6
reloadAllAccessors: .SubscriberPortInitialValues3

===========================================================================================
----------------- testing Thu Jan 30 15:30:20 UTC 2020 /home/travis/build/icyphy/ptII/ptolemy/actor/lib/test/auto/SubscriptionAggregator.xml
----------------- Instantiating /home/travis/build/icyphy/ptII/ptolemy/actor/lib/test/auto/SubscriptionAggregator.xml
2 ms. Memory: 481280K Free: 410495K (85%)
----------------- Invoking toplevel() on ptolemy.moml.MoMLSimpleApplication@719494c
----------------- Done invoking toplevel() on ptolemy.moml.MoMLSimpleApplication@719494c
reloadAllAccessors: .SubscriptionAggregator

===========================================================================================
----------------- testing Thu Jan 30 15:30:20 UTC 2020 /home/travis/build/icyphy/ptII/ptolemy/actor/lib/test/auto/SubscriptionAggregator2.xml
----------------- Instantiating /home/travis/build/icyphy/ptII/ptolemy/actor/lib/test/auto/SubscriptionAggregator2.xml
2 ms. Memory: 481280K Free: 403327K (84%)
----------------- Invoking toplevel() on ptolemy.moml.MoMLSimpleApplication@193c4429
----------------- Done invoking toplevel() on ptolemy.moml.MoMLSimpleApplication@193c4429
reloadAllAccessors: .SubscriptionAggregator2

===========================================================================================
----------------- testing Thu Jan 30 15:30:20 UTC 2020 /home/travis/build/icyphy/ptII/ptolemy/actor/lib/test/auto/SubscriptionAggregator3.xml
----------------- Instantiating /home/travis/build/icyphy/ptII/ptolemy/actor/lib/test/auto/SubscriptionAggregator3.xml
4 ms. Memory: 481280K Free: 394111K (82%)
----------------- Invoking toplevel() on ptolemy.moml.MoMLSimpleApplication@70201ad
----------------- Done invoking toplevel() on ptolemy.moml.MoMLSimpleApplication@70201ad
reloadAllAccessors: .SubscriptionAggregator3

===========================================================================================
----------------- testing Thu Jan 30 15:30:20 UTC 2020 /home/travis/build/icyphy/ptII/ptolemy/actor/lib/test/auto/SubscriptionAggregatorMultiply.xml
----------------- Instantiating /home/travis/build/icyphy/ptII/ptolemy/actor/lib/test/auto/SubscriptionAggregatorMultiply.xml
13 ms. Memory: 481280K Free: 385919K (80%)
----------------- Invoking toplevel() on ptolemy.moml.MoMLSimpleApplication@1419ca33
----------------- Done invoking toplevel() on ptolemy.moml.MoMLSimpleApplication@1419ca33
reloadAllAccessors: .SubscriptionAggregatorMultiply

===========================================================================================
----------------- testing Thu Jan 30 15:30:20 UTC 2020 /home/travis/build/icyphy/ptII/ptolemy/actor/lib/test/auto/SubscriptionAggregatorPortMultiply1.xml
----------------- Instantiating /home/travis/build/icyphy/ptII/ptolemy/actor/lib/test/auto/SubscriptionAggregatorPortMultiply1.xml
4 ms. Memory: 481280K Free: 378237K (79%)
----------------- Invoking toplevel() on ptolemy.moml.MoMLSimpleApplication@59a6b2ae
----------------- Done invoking toplevel() on ptolemy.moml.MoMLSimpleApplication@59a6b2ae
reloadAllAccessors: .SubscriptionAggregatorPortMultiply1

===========================================================================================
----------------- testing Thu Jan 30 15:30:20 UTC 2020 /home/travis/build/icyphy/ptII/ptolemy/actor/lib/test/auto/Switch.xml
----------------- Instantiating /home/travis/build/icyphy/ptII/ptolemy/actor/lib/test/auto/Switch.xml
8 ms. Memory: 481280K Free: 370045K (77%)
----------------- Invoking toplevel() on ptolemy.moml.MoMLSimpleApplication@67e5bc46
----------------- Done invoking toplevel() on ptolemy.moml.MoMLSimpleApplication@67e5bc46
reloadAllAccessors: .Switch

===========================================================================================
----------------- testing Thu Jan 30 15:30:20 UTC 2020 /home/travis/build/icyphy/ptII/ptolemy/actor/lib/test/auto/Switch2.xml
----------------- Instantiating /home/travis/build/icyphy/ptII/ptolemy/actor/lib/test/auto/Switch2.xml
1 ms. Memory: 481280K Free: 364925K (76%)
----------------- Invoking toplevel() on ptolemy.moml.MoMLSimpleApplication@7d973e75
----------------- Done invoking toplevel() on ptolemy.moml.MoMLSimpleApplication@7d973e75
reloadAllAccessors: .Switch2

===========================================================================================
----------------- testing Thu Jan 30 15:30:20 UTC 2020 /home/travis/build/icyphy/ptII/ptolemy/actor/lib/test/auto/SwitchDE.xml
----------------- Instantiating /home/travis/build/icyphy/ptII/ptolemy/actor/lib/test/auto/SwitchDE.xml
2 ms. Memory: 481280K Free: 358750K (75%)
----------------- Invoking toplevel() on ptolemy.moml.MoMLSimpleApplication@3ba77ea1
----------------- Done invoking toplevel() on ptolemy.moml.MoMLSimpleApplication@3ba77ea1
reloadAllAccessors: .SwitchDE

===========================================================================================
----------------- testing Thu Jan 30 15:30:20 UTC 2020 /home/travis/build/icyphy/ptII/ptolemy/actor/lib/test/auto/SynchronizerDE.xml
----------------- Instantiating /home/travis/build/icyphy/ptII/ptolemy/actor/lib/test/auto/SynchronizerDE.xml
9 ms. Memory: 481280K Free: 350582K (73%)
----------------- Invoking toplevel() on ptolemy.moml.MoMLSimpleApplication@560b00b
----------------- Done invoking toplevel() on ptolemy.moml.MoMLSimpleApplication@560b00b
reloadAllAccessors: .SynchronizerDE

===========================================================================================
----------------- testing Thu Jan 30 15:30:20 UTC 2020 /home/travis/build/icyphy/ptII/ptolemy/actor/lib/test/auto/Test.xml
----------------- Instantiating /home/travis/build/icyphy/ptII/ptolemy/actor/lib/test/auto/Test.xml
9 ms. Memory: 481280K Free: 345438K (72%)
----------------- Invoking toplevel() on ptolemy.moml.MoMLSimpleApplication@381ac1bb
----------------- Done invoking toplevel() on ptolemy.moml.MoMLSimpleApplication@381ac1bb
reloadAllAccessors: .Test

===========================================================================================
----------------- testing Thu Jan 30 15:30:20 UTC 2020 /home/travis/build/icyphy/ptII/ptolemy/actor/lib/test/auto/TestExceptionAttribute1.xml
----------------- Instantiating /home/travis/build/icyphy/ptII/ptolemy/actor/lib/test/auto/TestExceptionAttribute1.xml
1 ms. Memory: 481280K Free: 341373K (71%)
----------------- Invoking toplevel() on ptolemy.moml.MoMLSimpleApplication@260514a5
----------------- Done invoking toplevel() on ptolemy.moml.MoMLSimpleApplication@260514a5
reloadAllAccessors: .TestExceptionAttribute1

===========================================================================================
----------------- testing Thu Jan 30 15:30:20 UTC 2020 /home/travis/build/icyphy/ptII/ptolemy/actor/lib/test/auto/TestExceptionAttribute2.xml
----------------- Instantiating /home/travis/build/icyphy/ptII/ptolemy/actor/lib/test/auto/TestExceptionAttribute2.xml
1 ms. Memory: 481280K Free: 337277K (70%)
----------------- Invoking toplevel() on ptolemy.moml.MoMLSimpleApplication@4724131c
----------------- Done invoking toplevel() on ptolemy.moml.MoMLSimpleApplication@4724131c
reloadAllAccessors: .TestExceptionAttribute2

===========================================================================================
----------------- testing Thu Jan 30 15:30:20 UTC 2020 /home/travis/build/icyphy/ptII/ptolemy/actor/lib/test/auto/TestExceptionAttribute3.xml
----------------- Instantiating /home/travis/build/icyphy/ptII/ptolemy/actor/lib/test/auto/TestExceptionAttribute3.xml
.TestExceptionAttribute3.TestExceptionAttribute: initialize() was not invoked, but wrapup() was.  This is unusual, but not always a problem.  For example, exporting JNLP will do this.
1 ms. Memory: 481280K Free: 333695K (69%)
----------------- Invoking toplevel() on ptolemy.moml.MoMLSimpleApplication@45ce2ddb
----------------- Done invoking toplevel() on ptolemy.moml.MoMLSimpleApplication@45ce2ddb
reloadAllAccessors: .TestExceptionAttribute3

===========================================================================================
----------------- testing Thu Jan 30 15:30:20 UTC 2020 /home/travis/build/icyphy/ptII/ptolemy/actor/lib/test/auto/TestExceptionAttribute4.xml
----------------- Instantiating /home/travis/build/icyphy/ptII/ptolemy/actor/lib/test/auto/TestExceptionAttribute4.xml
.TestExceptionAttribute4.TestExceptionAttribute: initialize() was not invoked, but wrapup() was.  This is unusual, but not always a problem.  For example, exporting JNLP will do this.
.TestExceptionAttribute4.TestExceptionAttribute2: initialize() was not invoked, but wrapup() was.  This is unusual, but not always a problem.  For example, exporting JNLP will do this.
0 ms. Memory: 481280K Free: 329085K (68%)
----------------- Invoking toplevel() on ptolemy.moml.MoMLSimpleApplication@34f2dd06
----------------- Done invoking toplevel() on ptolemy.moml.MoMLSimpleApplication@34f2dd06
reloadAllAccessors: .TestExceptionAttribute4

===========================================================================================
----------------- testing Thu Jan 30 15:30:20 UTC 2020 /home/travis/build/icyphy/ptII/ptolemy/actor/lib/test/auto/TestExceptionHandler1.xml
----------------- Instantiating /home/travis/build/icyphy/ptII/ptolemy/actor/lib/test/auto/TestExceptionHandler1.xml
1 ms. Memory: 481280K Free: 325503K (68%)
----------------- Invoking toplevel() on ptolemy.moml.MoMLSimpleApplication@891a8be
----------------- Done invoking toplevel() on ptolemy.moml.MoMLSimpleApplication@891a8be
reloadAllAccessors: .TestExceptionHandler1

===========================================================================================
----------------- testing Thu Jan 30 15:30:20 UTC 2020 /home/travis/build/icyphy/ptII/ptolemy/actor/lib/test/auto/TestExceptionHandler2.xml
----------------- Instantiating /home/travis/build/icyphy/ptII/ptolemy/actor/lib/test/auto/TestExceptionHandler2.xml
1 ms. Memory: 481280K Free: 321917K (67%)
----------------- Invoking toplevel() on ptolemy.moml.MoMLSimpleApplication@193767bb
----------------- Done invoking toplevel() on ptolemy.moml.MoMLSimpleApplication@193767bb
reloadAllAccessors: .TestExceptionHandler2

===========================================================================================
----------------- testing Thu Jan 30 15:30:20 UTC 2020 /home/travis/build/icyphy/ptII/ptolemy/actor/lib/test/auto/TestExceptionHandler3.xml
----------------- Instantiating /home/travis/build/icyphy/ptII/ptolemy/actor/lib/test/auto/TestExceptionHandler3.xml
0 ms. Memory: 481280K Free: 317821K (66%)
----------------- Invoking toplevel() on ptolemy.moml.MoMLSimpleApplication@205d947e
----------------- Done invoking toplevel() on ptolemy.moml.MoMLSimpleApplication@205d947e
reloadAllAccessors: .TestExceptionHandler3

===========================================================================================
----------------- testing Thu Jan 30 15:30:20 UTC 2020 /home/travis/build/icyphy/ptII/ptolemy/actor/lib/test/auto/TestExceptionHandler4.xml
----------------- Instantiating /home/travis/build/icyphy/ptII/ptolemy/actor/lib/test/auto/TestExceptionHandler4.xml
0 ms. Memory: 481280K Free: 313725K (65%)
----------------- Invoking toplevel() on ptolemy.moml.MoMLSimpleApplication@6e7ac89d
----------------- Done invoking toplevel() on ptolemy.moml.MoMLSimpleApplication@6e7ac89d
reloadAllAccessors: .TestExceptionHandler4

===========================================================================================
----------------- testing Thu Jan 30 15:30:20 UTC 2020 /home/travis/build/icyphy/ptII/ptolemy/actor/lib/test/auto/TestRequireCorrectOrder.xml
----------------- Instantiating /home/travis/build/icyphy/ptII/ptolemy/actor/lib/test/auto/TestRequireCorrectOrder.xml
5 ms. Memory: 481280K Free: 308574K (64%)
----------------- Invoking toplevel() on ptolemy.moml.MoMLSimpleApplication@9128665
----------------- Done invoking toplevel() on ptolemy.moml.MoMLSimpleApplication@9128665
reloadAllAccessors: .TestRequireCorrectOrder

===========================================================================================
----------------- testing Thu Jan 30 15:30:20 UTC 2020 /home/travis/build/icyphy/ptII/ptolemy/actor/lib/test/auto/TestSimple.xml
----------------- Instantiating /home/travis/build/icyphy/ptII/ptolemy/actor/lib/test/auto/TestSimple.xml
1 ms. Memory: 481280K Free: 303478K (63%)
----------------- Invoking toplevel() on ptolemy.moml.MoMLSimpleApplication@54423ccf
----------------- Done invoking toplevel() on ptolemy.moml.MoMLSimpleApplication@54423ccf
reloadAllAccessors: .TestSimple

===========================================================================================
----------------- testing Thu Jan 30 15:30:20 UTC 2020 /home/travis/build/icyphy/ptII/ptolemy/actor/lib/test/auto/ThrowModelError.xml
----------------- Instantiating /home/travis/build/icyphy/ptII/ptolemy/actor/lib/test/auto/ThrowModelError.xml
2 ms. Memory: 481280K Free: 298879K (62%)
----------------- Invoking toplevel() on ptolemy.moml.MoMLSimpleApplication@5859a5e1
----------------- Done invoking toplevel() on ptolemy.moml.MoMLSimpleApplication@5859a5e1
reloadAllAccessors: .ThrowModelError

===========================================================================================
----------------- testing Thu Jan 30 15:30:21 UTC 2020 /home/travis/build/icyphy/ptII/ptolemy/actor/lib/test/auto/TimeDelayMicrosteps.xml
----------------- Instantiating /home/travis/build/icyphy/ptII/ptolemy/actor/lib/test/auto/TimeDelayMicrosteps.xml
3 ms. Memory: 481280K Free: 292214K (61%)
----------------- Invoking toplevel() on ptolemy.moml.MoMLSimpleApplication@28373c83
----------------- Done invoking toplevel() on ptolemy.moml.MoMLSimpleApplication@28373c83
reloadAllAccessors: .TimeDelayMicrosteps

===========================================================================================
----------------- testing Thu Jan 30 15:30:21 UTC 2020 /home/travis/build/icyphy/ptII/ptolemy/actor/lib/test/auto/TimeDelayMicrosteps2.xml
----------------- Instantiating /home/travis/build/icyphy/ptII/ptolemy/actor/lib/test/auto/TimeDelayMicrosteps2.xml
4 ms. Memory: 481280K Free: 284543K (59%)
----------------- Invoking toplevel() on ptolemy.moml.MoMLSimpleApplication@302f1eae
----------------- Done invoking toplevel() on ptolemy.moml.MoMLSimpleApplication@302f1eae
reloadAllAccessors: .TimeDelayMicrosteps2

===========================================================================================
----------------- testing Thu Jan 30 15:30:21 UTC 2020 /home/travis/build/icyphy/ptII/ptolemy/actor/lib/test/auto/TimeDelayMicrosteps3.xml
----------------- Instantiating /home/travis/build/icyphy/ptII/ptolemy/actor/lib/test/auto/TimeDelayMicrosteps3.xml
3 ms. Memory: 481280K Free: 277870K (58%)
----------------- Invoking toplevel() on ptolemy.moml.MoMLSimpleApplication@50ac95b5
----------------- Done invoking toplevel() on ptolemy.moml.MoMLSimpleApplication@50ac95b5
reloadAllAccessors: .TimeDelayMicrosteps3

===========================================================================================
----------------- testing Thu Jan 30 15:30:21 UTC 2020 /home/travis/build/icyphy/ptII/ptolemy/actor/lib/test/auto/TimeDelayVariableMicrosteps.xml
----------------- Instantiating /home/travis/build/icyphy/ptII/ptolemy/actor/lib/test/auto/TimeDelayVariableMicrosteps.xml
4 ms. Memory: 481280K Free: 271229K (56%)
----------------- Invoking toplevel() on ptolemy.moml.MoMLSimpleApplication@46b89a23
----------------- Done invoking toplevel() on ptolemy.moml.MoMLSimpleApplication@46b89a23
reloadAllAccessors: .TimeDelayVariableMicrosteps

===========================================================================================
----------------- testing Thu Jan 30 15:30:21 UTC 2020 /home/travis/build/icyphy/ptII/ptolemy/actor/lib/test/auto/TimeGap.xml
----------------- Instantiating /home/travis/build/icyphy/ptII/ptolemy/actor/lib/test/auto/TimeGap.xml
3 ms. Memory: 481280K Free: 266111K (55%)
----------------- Invoking toplevel() on ptolemy.moml.MoMLSimpleApplication@d6083d5
----------------- Done invoking toplevel() on ptolemy.moml.MoMLSimpleApplication@d6083d5
reloadAllAccessors: .TimeGap

===========================================================================================
----------------- testing Thu Jan 30 15:30:21 UTC 2020 /home/travis/build/icyphy/ptII/ptolemy/actor/lib/test/auto/TimeGap2.xml
----------------- Instantiating /home/travis/build/icyphy/ptII/ptolemy/actor/lib/test/auto/TimeGap2.xml
2 ms. Memory: 481280K Free: 258943K (54%)
----------------- Invoking toplevel() on ptolemy.moml.MoMLSimpleApplication@1536afab
----------------- Done invoking toplevel() on ptolemy.moml.MoMLSimpleApplication@1536afab
reloadAllAccessors: .TimeGap2

===========================================================================================
----------------- testing Thu Jan 30 15:30:21 UTC 2020 /home/travis/build/icyphy/ptII/ptolemy/actor/lib/test/auto/TimedSinewave.xml
----------------- Instantiating /home/travis/build/icyphy/ptII/ptolemy/actor/lib/test/auto/TimedSinewave.xml
25 ms. Memory: 481280K Free: 245117K (51%)
----------------- Invoking toplevel() on ptolemy.moml.MoMLSimpleApplication@5365e1aa
----------------- Done invoking toplevel() on ptolemy.moml.MoMLSimpleApplication@5365e1aa
reloadAllAccessors: .TimedSinewave

===========================================================================================
----------------- testing Thu Jan 30 15:30:21 UTC 2020 /home/travis/build/icyphy/ptII/ptolemy/actor/lib/test/auto/TimedSinewavePhase.xml
----------------- Instantiating /home/travis/build/icyphy/ptII/ptolemy/actor/lib/test/auto/TimedSinewavePhase.xml
9 ms. Memory: 481280K Free: 235391K (49%)
----------------- Invoking toplevel() on ptolemy.moml.MoMLSimpleApplication@378abebb
----------------- Done invoking toplevel() on ptolemy.moml.MoMLSimpleApplication@378abebb
reloadAllAccessors: .TimedSinewavePhase

===========================================================================================
----------------- testing Thu Jan 30 15:30:21 UTC 2020 /home/travis/build/icyphy/ptII/ptolemy/actor/lib/test/auto/Timer.xml
----------------- Instantiating /home/travis/build/icyphy/ptII/ptolemy/actor/lib/test/auto/Timer.xml
3 ms. Memory: 481280K Free: 229247K (48%)
----------------- Invoking toplevel() on ptolemy.moml.MoMLSimpleApplication@6eb0ba17
----------------- Done invoking toplevel() on ptolemy.moml.MoMLSimpleApplication@6eb0ba17
reloadAllAccessors: .Timer

===========================================================================================
----------------- testing Thu Jan 30 15:30:21 UTC 2020 /home/travis/build/icyphy/ptII/ptolemy/actor/lib/test/auto/TriangularDistTestModel.xml
----------------- Instantiating /home/travis/build/icyphy/ptII/ptolemy/actor/lib/test/auto/TriangularDistTestModel.xml
2 ms. Memory: 481280K Free: 223598K (46%)
----------------- Invoking toplevel() on ptolemy.moml.MoMLSimpleApplication@35d05c4f
----------------- Done invoking toplevel() on ptolemy.moml.MoMLSimpleApplication@35d05c4f
reloadAllAccessors: .TriangularDistTestModel

===========================================================================================
----------------- testing Thu Jan 30 15:30:21 UTC 2020 /home/travis/build/icyphy/ptII/ptolemy/actor/lib/test/auto/TrigFunction.xml
----------------- Instantiating /home/travis/build/icyphy/ptII/ptolemy/actor/lib/test/auto/TrigFunction.xml
1 ms. Memory: 481280K Free: 218493K (45%)
----------------- Invoking toplevel() on ptolemy.moml.MoMLSimpleApplication@e582d44
----------------- Done invoking toplevel() on ptolemy.moml.MoMLSimpleApplication@e582d44
reloadAllAccessors: .TrigFunction

===========================================================================================
----------------- testing Thu Jan 30 15:30:21 UTC 2020 /home/travis/build/icyphy/ptII/ptolemy/actor/lib/test/auto/TrigFunctionDE.xml
----------------- Instantiating /home/travis/build/icyphy/ptII/ptolemy/actor/lib/test/auto/TrigFunctionDE.xml
2 ms. Memory: 481280K Free: 212863K (44%)
----------------- Invoking toplevel() on ptolemy.moml.MoMLSimpleApplication@338d7101
----------------- Done invoking toplevel() on ptolemy.moml.MoMLSimpleApplication@338d7101
reloadAllAccessors: .TrigFunctionDE

===========================================================================================
----------------- testing Thu Jan 30 15:30:21 UTC 2020 /home/travis/build/icyphy/ptII/ptolemy/actor/lib/test/auto/TrigFunctionInverse.xml
----------------- Instantiating /home/travis/build/icyphy/ptII/ptolemy/actor/lib/test/auto/TrigFunctionInverse.xml
1 ms. Memory: 481280K Free: 207743K (43%)
----------------- Invoking toplevel() on ptolemy.moml.MoMLSimpleApplication@378d1d76
----------------- Done invoking toplevel() on ptolemy.moml.MoMLSimpleApplication@378d1d76
reloadAllAccessors: .TrigFunctionInverse

===========================================================================================
----------------- testing Thu Jan 30 15:30:21 UTC 2020 /home/travis/build/icyphy/ptII/ptolemy/actor/lib/test/auto/TrigFunctionTan.xml
----------------- Instantiating /home/travis/build/icyphy/ptII/ptolemy/actor/lib/test/auto/TrigFunctionTan.xml
2 ms. Memory: 481280K Free: 202623K (42%)
----------------- Invoking toplevel() on ptolemy.moml.MoMLSimpleApplication@a60feae
----------------- Done invoking toplevel() on ptolemy.moml.MoMLSimpleApplication@a60feae
reloadAllAccessors: .TrigFunctionTan

===========================================================================================
----------------- testing Thu Jan 30 15:30:21 UTC 2020 /home/travis/build/icyphy/ptII/ptolemy/actor/lib/test/auto/TriggeredClock.xml
----------------- Instantiating /home/travis/build/icyphy/ptII/ptolemy/actor/lib/test/auto/TriggeredClock.xml
1 ms. Memory: 481280K Free: 197996K (41%)
----------------- Invoking toplevel() on ptolemy.moml.MoMLSimpleApplication@52d31e5e
----------------- Done invoking toplevel() on ptolemy.moml.MoMLSimpleApplication@52d31e5e
reloadAllAccessors: .TriggeredClock

===========================================================================================
----------------- testing Thu Jan 30 15:30:21 UTC 2020 /home/travis/build/icyphy/ptII/ptolemy/actor/lib/test/auto/URLDirectoryReader.xml
----------------- Instantiating /home/travis/build/icyphy/ptII/ptolemy/actor/lib/test/auto/URLDirectoryReader.xml
35 ms. Memory: 481280K Free: 189311K (39%)
----------------- Invoking toplevel() on ptolemy.moml.MoMLSimpleApplication@16405f67
----------------- Done invoking toplevel() on ptolemy.moml.MoMLSimpleApplication@16405f67
reloadAllAccessors: .URLDirectoryReader

===========================================================================================
----------------- testing Thu Jan 30 15:30:21 UTC 2020 /home/travis/build/icyphy/ptII/ptolemy/actor/lib/test/auto/URLDirectoryReader3.xml
----------------- Instantiating /home/travis/build/icyphy/ptII/ptolemy/actor/lib/test/auto/URLDirectoryReader3.xml
1418 ms. Memory: 481280K Free: 421454K (88%)
----------------- Invoking toplevel() on ptolemy.moml.MoMLSimpleApplication@66034255
----------------- Done invoking toplevel() on ptolemy.moml.MoMLSimpleApplication@66034255
reloadAllAccessors: .URLDirectoryReader3

===========================================================================================
----------------- testing Thu Jan 30 15:30:23 UTC 2020 /home/travis/build/icyphy/ptII/ptolemy/actor/lib/test/auto/UnaryMathFunction.xml
----------------- Instantiating /home/travis/build/icyphy/ptII/ptolemy/actor/lib/test/auto/UnaryMathFunction.xml
5 ms. Memory: 481280K Free: 413772K (86%)
----------------- Invoking toplevel() on ptolemy.moml.MoMLSimpleApplication@7b7ffdb4
----------------- Done invoking toplevel() on ptolemy.moml.MoMLSimpleApplication@7b7ffdb4
reloadAllAccessors: .UnaryMathFunction

===========================================================================================
----------------- testing Thu Jan 30 15:30:23 UTC 2020 /home/travis/build/icyphy/ptII/ptolemy/actor/lib/test/auto/Uniform.xml
----------------- Instantiating /home/travis/build/icyphy/ptII/ptolemy/actor/lib/test/auto/Uniform.xml
2 ms. Memory: 481280K Free: 408652K (85%)
----------------- Invoking toplevel() on ptolemy.moml.MoMLSimpleApplication@28d3aae3
----------------- Done invoking toplevel() on ptolemy.moml.MoMLSimpleApplication@28d3aae3
reloadAllAccessors: .Uniform

===========================================================================================
----------------- testing Thu Jan 30 15:30:23 UTC 2020 /home/travis/build/icyphy/ptII/ptolemy/actor/lib/test/auto/UnionDisassemblerTest.xml
----------------- Instantiating /home/travis/build/icyphy/ptII/ptolemy/actor/lib/test/auto/UnionDisassemblerTest.xml
9 ms. Memory: 481280K Free: 404556K (84%)
----------------- Invoking toplevel() on ptolemy.moml.MoMLSimpleApplication@66a38ccc
----------------- Done invoking toplevel() on ptolemy.moml.MoMLSimpleApplication@66a38ccc
reloadAllAccessors: .UnionDisassemblerTest

===========================================================================================
----------------- testing Thu Jan 30 15:30:23 UTC 2020 /home/travis/build/icyphy/ptII/ptolemy/actor/lib/test/auto/UtilityFunctions.xml
----------------- Instantiating /home/travis/build/icyphy/ptII/ptolemy/actor/lib/test/auto/UtilityFunctions.xml
1 ms. Memory: 481280K Free: 399950K (83%)
----------------- Invoking toplevel() on ptolemy.moml.MoMLSimpleApplication@1cbbbc7d
----------------- Done invoking toplevel() on ptolemy.moml.MoMLSimpleApplication@1cbbbc7d
reloadAllAccessors: .UtilityFunctions

===========================================================================================
----------------- testing Thu Jan 30 15:30:23 UTC 2020 /home/travis/build/icyphy/ptII/ptolemy/actor/lib/test/auto/VariableSleep.xml
----------------- Instantiating /home/travis/build/icyphy/ptII/ptolemy/actor/lib/test/auto/VariableSleep.xml
503 ms. Memory: 481280K Free: 394830K (82%)
----------------- Invoking toplevel() on ptolemy.moml.MoMLSimpleApplication@7fe9dabf
----------------- Done invoking toplevel() on ptolemy.moml.MoMLSimpleApplication@7fe9dabf
reloadAllAccessors: .VariableSleep

===========================================================================================
----------------- testing Thu Jan 30 15:30:23 UTC 2020 /home/travis/build/icyphy/ptII/ptolemy/actor/lib/test/auto/VectorAssemblerDisassemblerCT.xml
----------------- Instantiating /home/travis/build/icyphy/ptII/ptolemy/actor/lib/test/auto/VectorAssemblerDisassemblerCT.xml
69 ms. Memory: 481280K Free: 374350K (78%)
----------------- Invoking toplevel() on ptolemy.moml.MoMLSimpleApplication@2be80093
----------------- Done invoking toplevel() on ptolemy.moml.MoMLSimpleApplication@2be80093
reloadAllAccessors: .VectorAssemblerDisassemblerCT

===========================================================================================
----------------- testing Thu Jan 30 15:30:23 UTC 2020 /home/travis/build/icyphy/ptII/ptolemy/actor/lib/test/auto/VectorAssemblerDisassemblerDE.xml
----------------- Instantiating /home/travis/build/icyphy/ptII/ptolemy/actor/lib/test/auto/VectorAssemblerDisassemblerDE.xml
2 ms. Memory: 481280K Free: 366668K (76%)
----------------- Invoking toplevel() on ptolemy.moml.MoMLSimpleApplication@d8a86ad
----------------- Done invoking toplevel() on ptolemy.moml.MoMLSimpleApplication@d8a86ad
reloadAllAccessors: .VectorAssemblerDisassemblerDE

===========================================================================================
----------------- testing Thu Jan 30 15:30:23 UTC 2020 /home/travis/build/icyphy/ptII/ptolemy/actor/lib/test/auto/VectorAssemblerDisassemblerSDF.xml
----------------- Instantiating /home/travis/build/icyphy/ptII/ptolemy/actor/lib/test/auto/VectorAssemblerDisassemblerSDF.xml
2 ms. Memory: 481280K Free: 360510K (75%)
----------------- Invoking toplevel() on ptolemy.moml.MoMLSimpleApplication@5b72fe84
----------------- Done invoking toplevel() on ptolemy.moml.MoMLSimpleApplication@5b72fe84
reloadAllAccessors: .VectorAssemblerDisassemblerSDF

===========================================================================================
----------------- testing Thu Jan 30 15:30:23 UTC 2020 /home/travis/build/icyphy/ptII/ptolemy/actor/lib/test/auto/WallClockTime.xml
----------------- Instantiating /home/travis/build/icyphy/ptII/ptolemy/actor/lib/test/auto/WallClockTime.xml
1004 ms. Memory: 481280K Free: 354894K (74%)
----------------- Invoking toplevel() on ptolemy.moml.MoMLSimpleApplication@7ef2d3d0
----------------- Done invoking toplevel() on ptolemy.moml.MoMLSimpleApplication@7ef2d3d0
reloadAllAccessors: .WallClockTime

===========================================================================================
----------------- testing Thu Jan 30 15:30:24 UTC 2020 /home/travis/build/icyphy/ptII/ptolemy/actor/lib/test/auto/WidthTestWithSubscriberPublisher.xml
----------------- Instantiating /home/travis/build/icyphy/ptII/ptolemy/actor/lib/test/auto/WidthTestWithSubscriberPublisher.xml
7 ms. Memory: 481280K Free: 336462K (70%)
----------------- Invoking toplevel() on ptolemy.moml.MoMLSimpleApplication@4c29e9fa
----------------- Done invoking toplevel() on ptolemy.moml.MoMLSimpleApplication@4c29e9fa
reloadAllAccessors: .WidthTestWithSubscriberPublisher

===========================================================================================
----------------- testing Thu Jan 30 15:30:24 UTC 2020 /home/travis/build/icyphy/ptII/ptolemy/actor/lib/test/auto/WidthTestWithSubscriberPublisher2.xml
----------------- Instantiating /home/travis/build/icyphy/ptII/ptolemy/actor/lib/test/auto/WidthTestWithSubscriberPublisher2.xml
5 ms. Memory: 481280K Free: 330318K (69%)
----------------- Invoking toplevel() on ptolemy.moml.MoMLSimpleApplication@21768fe6
----------------- Done invoking toplevel() on ptolemy.moml.MoMLSimpleApplication@21768fe6
reloadAllAccessors: .WidthTestWithSubscriberPublisher2

===========================================================================================
----------------- testing Thu Jan 30 15:30:24 UTC 2020 /home/travis/build/icyphy/ptII/ptolemy/actor/lib/test/auto/WidthTestWithSubscriberPublisher3.xml
----------------- Instantiating /home/travis/build/icyphy/ptII/ptolemy/actor/lib/test/auto/WidthTestWithSubscriberPublisher3.xml
2 ms. Memory: 481280K Free: 324174K (67%)
----------------- Invoking toplevel() on ptolemy.moml.MoMLSimpleApplication@2424fe29
----------------- Done invoking toplevel() on ptolemy.moml.MoMLSimpleApplication@2424fe29
reloadAllAccessors: .WidthTestWithSubscriberPublisher3

===========================================================================================
----------------- testing Thu Jan 30 15:30:24 UTC 2020 /home/travis/build/icyphy/ptII/ptolemy/actor/lib/test/auto/Writer.xml
----------------- Instantiating /home/travis/build/icyphy/ptII/ptolemy/actor/lib/test/auto/Writer.xml
0
1
2
3
4
2 ms. Memory: 481280K Free: 319550K (66%)
----------------- Invoking toplevel() on ptolemy.moml.MoMLSimpleApplication@1971f2df
----------------- Done invoking toplevel() on ptolemy.moml.MoMLSimpleApplication@1971f2df
reloadAllAccessors: .Writer

===========================================================================================
----------------- testing Thu Jan 30 15:30:25 UTC 2020 /home/travis/build/icyphy/ptII/ptolemy/actor/lib/test/auto/array.xml
----------------- Instantiating /home/travis/build/icyphy/ptII/ptolemy/actor/lib/test/auto/array.xml
9 ms. Memory: 481280K Free: 314958K (65%)
----------------- Invoking toplevel() on ptolemy.moml.MoMLSimpleApplication@353919e5
----------------- Done invoking toplevel() on ptolemy.moml.MoMLSimpleApplication@353919e5
reloadAllAccessors: .array

===========================================================================================
----------------- testing Thu Jan 30 15:30:25 UTC 2020 /home/travis/build/icyphy/ptII/ptolemy/actor/lib/test/auto/array2.xml
----------------- Instantiating /home/travis/build/icyphy/ptII/ptolemy/actor/lib/test/auto/array2.xml
2 ms. Memory: 481280K Free: 310334K (64%)
----------------- Invoking toplevel() on ptolemy.moml.MoMLSimpleApplication@54ce3a62
----------------- Done invoking toplevel() on ptolemy.moml.MoMLSimpleApplication@54ce3a62
reloadAllAccessors: .array2

===========================================================================================
----------------- testing Thu Jan 30 15:30:25 UTC 2020 /home/travis/build/icyphy/ptII/ptolemy/actor/lib/test/auto/arrayType.xml
----------------- Instantiating /home/travis/build/icyphy/ptII/ptolemy/actor/lib/test/auto/arrayType.xml
2 ms. Memory: 481280K Free: 304204K (63%)
----------------- Invoking toplevel() on ptolemy.moml.MoMLSimpleApplication@7a4a1b20
----------------- Done invoking toplevel() on ptolemy.moml.MoMLSimpleApplication@7a4a1b20
reloadAllAccessors: .arrayType

===========================================================================================
----------------- testing Thu Jan 30 15:30:25 UTC 2020 /home/travis/build/icyphy/ptII/ptolemy/actor/lib/test/auto/arrayType10.xml
----------------- Instantiating /home/travis/build/icyphy/ptII/ptolemy/actor/lib/test/auto/arrayType10.xml
2 ms. Memory: 481280K Free: 299598K (62%)
----------------- Invoking toplevel() on ptolemy.moml.MoMLSimpleApplication@40343fad
----------------- Done invoking toplevel() on ptolemy.moml.MoMLSimpleApplication@40343fad
reloadAllAccessors: .arrayType10

===========================================================================================
----------------- testing Thu Jan 30 15:30:25 UTC 2020 /home/travis/build/icyphy/ptII/ptolemy/actor/lib/test/auto/arrayType11.xml
----------------- Instantiating /home/travis/build/icyphy/ptII/ptolemy/actor/lib/test/auto/arrayType11.xml
2 ms. Memory: 481280K Free: 294988K (61%)
----------------- Invoking toplevel() on ptolemy.moml.MoMLSimpleApplication@15ac6877
----------------- Done invoking toplevel() on ptolemy.moml.MoMLSimpleApplication@15ac6877
reloadAllAccessors: .arrayType11

===========================================================================================
----------------- testing Thu Jan 30 15:30:25 UTC 2020 /home/travis/build/icyphy/ptII/ptolemy/actor/lib/test/auto/arrayType12.xml
----------------- Instantiating /home/travis/build/icyphy/ptII/ptolemy/actor/lib/test/auto/arrayType12.xml
1 ms. Memory: 481280K Free: 289868K (60%)
----------------- Invoking toplevel() on ptolemy.moml.MoMLSimpleApplication@3985baba
----------------- Done invoking toplevel() on ptolemy.moml.MoMLSimpleApplication@3985baba
reloadAllAccessors: .arrayType12

===========================================================================================
----------------- testing Thu Jan 30 15:30:25 UTC 2020 /home/travis/build/icyphy/ptII/ptolemy/actor/lib/test/auto/arrayType13.xml
----------------- Instantiating /home/travis/build/icyphy/ptII/ptolemy/actor/lib/test/auto/arrayType13.xml
1 ms. Memory: 481280K Free: 284748K (59%)
----------------- Invoking toplevel() on ptolemy.moml.MoMLSimpleApplication@205df2cb
----------------- Done invoking toplevel() on ptolemy.moml.MoMLSimpleApplication@205df2cb
reloadAllAccessors: .arrayType13

===========================================================================================
----------------- testing Thu Jan 30 15:30:25 UTC 2020 /home/travis/build/icyphy/ptII/ptolemy/actor/lib/test/auto/arrayType14.xml
----------------- Instantiating /home/travis/build/icyphy/ptII/ptolemy/actor/lib/test/auto/arrayType14.xml
2 ms. Memory: 481280K Free: 279628K (58%)
----------------- Invoking toplevel() on ptolemy.moml.MoMLSimpleApplication@4aaf603e
----------------- Done invoking toplevel() on ptolemy.moml.MoMLSimpleApplication@4aaf603e
reloadAllAccessors: .arrayType14

===========================================================================================
----------------- testing Thu Jan 30 15:30:25 UTC 2020 /home/travis/build/icyphy/ptII/ptolemy/actor/lib/test/auto/arrayType15.xml
----------------- Instantiating /home/travis/build/icyphy/ptII/ptolemy/actor/lib/test/auto/arrayType15.xml
2 ms. Memory: 481280K Free: 273998K (57%)
----------------- Invoking toplevel() on ptolemy.moml.MoMLSimpleApplication@5fd8a07b
----------------- Done invoking toplevel() on ptolemy.moml.MoMLSimpleApplication@5fd8a07b
reloadAllAccessors: .arrayType15

===========================================================================================
----------------- testing Thu Jan 30 15:30:25 UTC 2020 /home/travis/build/icyphy/ptII/ptolemy/actor/lib/test/auto/arrayType16.xml
----------------- Instantiating /home/travis/build/icyphy/ptII/ptolemy/actor/lib/test/auto/arrayType16.xml
2 ms. Memory: 481280K Free: 268878K (56%)
----------------- Invoking toplevel() on ptolemy.moml.MoMLSimpleApplication@6dcf627d
----------------- Done invoking toplevel() on ptolemy.moml.MoMLSimpleApplication@6dcf627d
reloadAllAccessors: .arrayType16

===========================================================================================
----------------- testing Thu Jan 30 15:30:25 UTC 2020 /home/travis/build/icyphy/ptII/ptolemy/actor/lib/test/auto/arrayType17.xml
----------------- Instantiating /home/travis/build/icyphy/ptII/ptolemy/actor/lib/test/auto/arrayType17.xml
3 ms. Memory: 481280K Free: 263758K (55%)
----------------- Invoking toplevel() on ptolemy.moml.MoMLSimpleApplication@67e1973e
----------------- Done invoking toplevel() on ptolemy.moml.MoMLSimpleApplication@67e1973e
reloadAllAccessors: .arrayType17

===========================================================================================
----------------- testing Thu Jan 30 15:30:25 UTC 2020 /home/travis/build/icyphy/ptII/ptolemy/actor/lib/test/auto/arrayType18.xml
----------------- Instantiating /home/travis/build/icyphy/ptII/ptolemy/actor/lib/test/auto/arrayType18.xml
1 ms. Memory: 481280K Free: 258638K (54%)
----------------- Invoking toplevel() on ptolemy.moml.MoMLSimpleApplication@7fd7aef9
----------------- Done invoking toplevel() on ptolemy.moml.MoMLSimpleApplication@7fd7aef9
reloadAllAccessors: .arrayType18

===========================================================================================
----------------- testing Thu Jan 30 15:30:25 UTC 2020 /home/travis/build/icyphy/ptII/ptolemy/actor/lib/test/auto/arrayType19.xml
----------------- Instantiating /home/travis/build/icyphy/ptII/ptolemy/actor/lib/test/auto/arrayType19.xml
1 ms. Memory: 481280K Free: 254028K (53%)
----------------- Invoking toplevel() on ptolemy.moml.MoMLSimpleApplication@40ff4323
----------------- Done invoking toplevel() on ptolemy.moml.MoMLSimpleApplication@40ff4323
reloadAllAccessors: .arrayType19

===========================================================================================
----------------- testing Thu Jan 30 15:30:25 UTC 2020 /home/travis/build/icyphy/ptII/ptolemy/actor/lib/test/auto/arrayType2.xml
----------------- Instantiating /home/travis/build/icyphy/ptII/ptolemy/actor/lib/test/auto/arrayType2.xml
1 ms. Memory: 481280K Free: 248894K (52%)
----------------- Invoking toplevel() on ptolemy.moml.MoMLSimpleApplication@2c1ae056
----------------- Done invoking toplevel() on ptolemy.moml.MoMLSimpleApplication@2c1ae056
reloadAllAccessors: .arrayType2

===========================================================================================
----------------- testing Thu Jan 30 15:30:25 UTC 2020 /home/travis/build/icyphy/ptII/ptolemy/actor/lib/test/auto/arrayType20.xml
----------------- Instantiating /home/travis/build/icyphy/ptII/ptolemy/actor/lib/test/auto/arrayType20.xml
2 ms. Memory: 481280K Free: 243788K (51%)
----------------- Invoking toplevel() on ptolemy.moml.MoMLSimpleApplication@67964b94
----------------- Done invoking toplevel() on ptolemy.moml.MoMLSimpleApplication@67964b94
reloadAllAccessors: .arrayType20

===========================================================================================
----------------- testing Thu Jan 30 15:30:25 UTC 2020 /home/travis/build/icyphy/ptII/ptolemy/actor/lib/test/auto/arrayType21.xml
----------------- Instantiating /home/travis/build/icyphy/ptII/ptolemy/actor/lib/test/auto/arrayType21.xml
2 ms. Memory: 481280K Free: 239182K (50%)
----------------- Invoking toplevel() on ptolemy.moml.MoMLSimpleApplication@2e0ce14d
----------------- Done invoking toplevel() on ptolemy.moml.MoMLSimpleApplication@2e0ce14d
reloadAllAccessors: .arrayType21

===========================================================================================
----------------- testing Thu Jan 30 15:30:25 UTC 2020 /home/travis/build/icyphy/ptII/ptolemy/actor/lib/test/auto/arrayType22.xml
----------------- Instantiating /home/travis/build/icyphy/ptII/ptolemy/actor/lib/test/auto/arrayType22.xml
1 ms. Memory: 481280K Free: 234062K (49%)
----------------- Invoking toplevel() on ptolemy.moml.MoMLSimpleApplication@3cb5b90c
----------------- Done invoking toplevel() on ptolemy.moml.MoMLSimpleApplication@3cb5b90c
reloadAllAccessors: .arrayType22

===========================================================================================
----------------- testing Thu Jan 30 15:30:25 UTC 2020 /home/travis/build/icyphy/ptII/ptolemy/actor/lib/test/auto/arrayType23.xml
----------------- Instantiating /home/travis/build/icyphy/ptII/ptolemy/actor/lib/test/auto/arrayType23.xml
1 ms. Memory: 481280K Free: 229452K (48%)
----------------- Invoking toplevel() on ptolemy.moml.MoMLSimpleApplication@5e3e7fa5
----------------- Done invoking toplevel() on ptolemy.moml.MoMLSimpleApplication@5e3e7fa5
reloadAllAccessors: .arrayType23

===========================================================================================
----------------- testing Thu Jan 30 15:30:25 UTC 2020 /home/travis/build/icyphy/ptII/ptolemy/actor/lib/test/auto/arrayType24.xml
----------------- Instantiating /home/travis/build/icyphy/ptII/ptolemy/actor/lib/test/auto/arrayType24.xml
1 ms. Memory: 481280K Free: 224846K (47%)
----------------- Invoking toplevel() on ptolemy.moml.MoMLSimpleApplication@5a289e16
----------------- Done invoking toplevel() on ptolemy.moml.MoMLSimpleApplication@5a289e16
reloadAllAccessors: .arrayType24

===========================================================================================
----------------- testing Thu Jan 30 15:30:25 UTC 2020 /home/travis/build/icyphy/ptII/ptolemy/actor/lib/test/auto/arrayType25.xml
----------------- Instantiating /home/travis/build/icyphy/ptII/ptolemy/actor/lib/test/auto/arrayType25.xml
2 ms. Memory: 481280K Free: 219212K (46%)
----------------- Invoking toplevel() on ptolemy.moml.MoMLSimpleApplication@71776a6a
----------------- Done invoking toplevel() on ptolemy.moml.MoMLSimpleApplication@71776a6a
reloadAllAccessors: .arrayType25

===========================================================================================
----------------- testing Thu Jan 30 15:30:25 UTC 2020 /home/travis/build/icyphy/ptII/ptolemy/actor/lib/test/auto/arrayType26.xml
----------------- Instantiating /home/travis/build/icyphy/ptII/ptolemy/actor/lib/test/auto/arrayType26.xml
2 ms. Memory: 481280K Free: 214078K (44%)
----------------- Invoking toplevel() on ptolemy.moml.MoMLSimpleApplication@1cd2da9f
----------------- Done invoking toplevel() on ptolemy.moml.MoMLSimpleApplication@1cd2da9f
reloadAllAccessors: .arrayType26

===========================================================================================
----------------- testing Thu Jan 30 15:30:25 UTC 2020 /home/travis/build/icyphy/ptII/ptolemy/actor/lib/test/auto/arrayType27.xml
----------------- Instantiating /home/travis/build/icyphy/ptII/ptolemy/actor/lib/test/auto/arrayType27.xml
1 ms. Memory: 481280K Free: 208972K (43%)
----------------- Invoking toplevel() on ptolemy.moml.MoMLSimpleApplication@2cb78829
----------------- Done invoking toplevel() on ptolemy.moml.MoMLSimpleApplication@2cb78829
reloadAllAccessors: .arrayType27

===========================================================================================
----------------- testing Thu Jan 30 15:30:25 UTC 2020 /home/travis/build/icyphy/ptII/ptolemy/actor/lib/test/auto/arrayType28.xml
----------------- Instantiating /home/travis/build/icyphy/ptII/ptolemy/actor/lib/test/auto/arrayType28.xml
8 ms. Memory: 481280K Free: 203342K (42%)
----------------- Invoking toplevel() on ptolemy.moml.MoMLSimpleApplication@5d2c692c
----------------- Done invoking toplevel() on ptolemy.moml.MoMLSimpleApplication@5d2c692c
reloadAllAccessors: .arrayType28

===========================================================================================
----------------- testing Thu Jan 30 15:30:25 UTC 2020 /home/travis/build/icyphy/ptII/ptolemy/actor/lib/test/auto/arrayType3.xml
----------------- Instantiating /home/travis/build/icyphy/ptII/ptolemy/actor/lib/test/auto/arrayType3.xml
1 ms. Memory: 481280K Free: 198222K (41%)
----------------- Invoking toplevel() on ptolemy.moml.MoMLSimpleApplication@34c370f2
----------------- Done invoking toplevel() on ptolemy.moml.MoMLSimpleApplication@34c370f2
reloadAllAccessors: .arrayType3

===========================================================================================
----------------- testing Thu Jan 30 15:30:25 UTC 2020 /home/travis/build/icyphy/ptII/ptolemy/actor/lib/test/auto/arrayType4.xml
----------------- Instantiating /home/travis/build/icyphy/ptII/ptolemy/actor/lib/test/auto/arrayType4.xml
1 ms. Memory: 481280K Free: 192588K (40%)
----------------- Invoking toplevel() on ptolemy.moml.MoMLSimpleApplication@4b6ba3cc
----------------- Done invoking toplevel() on ptolemy.moml.MoMLSimpleApplication@4b6ba3cc
reloadAllAccessors: .arrayType4

===========================================================================================
----------------- testing Thu Jan 30 15:30:25 UTC 2020 /home/travis/build/icyphy/ptII/ptolemy/actor/lib/test/auto/arrayType5.xml
----------------- Instantiating /home/travis/build/icyphy/ptII/ptolemy/actor/lib/test/auto/arrayType5.xml
2 ms. Memory: 481280K Free: 187468K (39%)
----------------- Invoking toplevel() on ptolemy.moml.MoMLSimpleApplication@e6aeeea
----------------- Done invoking toplevel() on ptolemy.moml.MoMLSimpleApplication@e6aeeea
reloadAllAccessors: .arrayType5

===========================================================================================
----------------- testing Thu Jan 30 15:30:25 UTC 2020 /home/travis/build/icyphy/ptII/ptolemy/actor/lib/test/auto/arrayType6.xml
----------------- Instantiating /home/travis/build/icyphy/ptII/ptolemy/actor/lib/test/auto/arrayType6.xml
1 ms. Memory: 481280K Free: 182862K (38%)
----------------- Invoking toplevel() on ptolemy.moml.MoMLSimpleApplication@503c574e
----------------- Done invoking toplevel() on ptolemy.moml.MoMLSimpleApplication@503c574e
reloadAllAccessors: .arrayType6

===========================================================================================
----------------- testing Thu Jan 30 15:30:25 UTC 2020 /home/travis/build/icyphy/ptII/ptolemy/actor/lib/test/auto/arrayType7.xml
----------------- Instantiating /home/travis/build/icyphy/ptII/ptolemy/actor/lib/test/auto/arrayType7.xml
1 ms. Memory: 481280K Free: 177742K (37%)
----------------- Invoking toplevel() on ptolemy.moml.MoMLSimpleApplication@3a2c4012
----------------- Done invoking toplevel() on ptolemy.moml.MoMLSimpleApplication@3a2c4012
reloadAllAccessors: .arrayType7

===========================================================================================
----------------- testing Thu Jan 30 15:30:25 UTC 2020 /home/travis/build/icyphy/ptII/ptolemy/actor/lib/test/auto/arrayType8.xml
----------------- Instantiating /home/travis/build/icyphy/ptII/ptolemy/actor/lib/test/auto/arrayType8.xml
6 ms. Memory: 481280K Free: 173132K (36%)
----------------- Invoking toplevel() on ptolemy.moml.MoMLSimpleApplication@40ae1773
----------------- Done invoking toplevel() on ptolemy.moml.MoMLSimpleApplication@40ae1773
reloadAllAccessors: .arrayType8

===========================================================================================
----------------- testing Thu Jan 30 15:30:25 UTC 2020 /home/travis/build/icyphy/ptII/ptolemy/actor/lib/test/auto/arrayType9.xml
----------------- Instantiating /home/travis/build/icyphy/ptII/ptolemy/actor/lib/test/auto/arrayType9.xml
1 ms. Memory: 481280K Free: 168012K (35%)
----------------- Invoking toplevel() on ptolemy.moml.MoMLSimpleApplication@7827a692
----------------- Done invoking toplevel() on ptolemy.moml.MoMLSimpleApplication@7827a692
reloadAllAccessors: .arrayType9

===========================================================================================
----------------- testing Thu Jan 30 15:30:25 UTC 2020 /home/travis/build/icyphy/ptII/ptolemy/actor/lib/test/auto/cast.xml
----------------- Instantiating /home/travis/build/icyphy/ptII/ptolemy/actor/lib/test/auto/cast.xml
2 ms. Memory: 481280K Free: 163406K (34%)
----------------- Invoking toplevel() on ptolemy.moml.MoMLSimpleApplication@7abd80be
----------------- Done invoking toplevel() on ptolemy.moml.MoMLSimpleApplication@7abd80be
reloadAllAccessors: .cast

===========================================================================================
----------------- testing Thu Jan 30 15:30:25 UTC 2020 /home/travis/build/icyphy/ptII/ptolemy/actor/lib/test/auto/compositeMultiPort.xml
----------------- Instantiating /home/travis/build/icyphy/ptII/ptolemy/actor/lib/test/auto/compositeMultiPort.xml
3 ms. Memory: 481280K Free: 154694K (32%)
----------------- Invoking toplevel() on ptolemy.moml.MoMLSimpleApplication@7e2282ad
----------------- Done invoking toplevel() on ptolemy.moml.MoMLSimpleApplication@7e2282ad
reloadAllAccessors: .compositeMultiPort

===========================================================================================
----------------- testing Thu Jan 30 15:30:25 UTC 2020 /home/travis/build/icyphy/ptII/ptolemy/actor/lib/test/auto/expressionCastInference.xml
----------------- Instantiating /home/travis/build/icyphy/ptII/ptolemy/actor/lib/test/auto/expressionCastInference.xml
4 ms. Memory: 481280K Free: 149580K (31%)
----------------- Invoking toplevel() on ptolemy.moml.MoMLSimpleApplication@4635523b
----------------- Done invoking toplevel() on ptolemy.moml.MoMLSimpleApplication@4635523b
reloadAllAccessors: .expressionCastInference

===========================================================================================
----------------- testing Thu Jan 30 15:30:25 UTC 2020 /home/travis/build/icyphy/ptII/ptolemy/actor/lib/test/auto/expressionCastInference2.xml
----------------- Instantiating /home/travis/build/icyphy/ptII/ptolemy/actor/lib/test/auto/expressionCastInference2.xml
2 ms. Memory: 481280K Free: 144974K (30%)
----------------- Invoking toplevel() on ptolemy.moml.MoMLSimpleApplication@64153868
----------------- Done invoking toplevel() on ptolemy.moml.MoMLSimpleApplication@64153868
reloadAllAccessors: .expressionCastInference2

===========================================================================================
----------------- testing Thu Jan 30 15:30:25 UTC 2020 /home/travis/build/icyphy/ptII/ptolemy/actor/lib/test/auto/expressionInference.xml
----------------- Instantiating /home/travis/build/icyphy/ptII/ptolemy/actor/lib/test/auto/expressionInference.xml
1 ms. Memory: 481280K Free: 423114K (88%)
----------------- Invoking toplevel() on ptolemy.moml.MoMLSimpleApplication@1d7a7cca
----------------- Done invoking toplevel() on ptolemy.moml.MoMLSimpleApplication@1d7a7cca
reloadAllAccessors: .expressionInference

===========================================================================================
----------------- testing Thu Jan 30 15:30:25 UTC 2020 /home/travis/build/icyphy/ptII/ptolemy/actor/lib/test/auto/expression_bug.xml
----------------- Instantiating /home/travis/build/icyphy/ptII/ptolemy/actor/lib/test/auto/expression_bug.xml
1 ms. Memory: 481280K Free: 419018K (87%)
----------------- Invoking toplevel() on ptolemy.moml.MoMLSimpleApplication@30d72f63
----------------- Done invoking toplevel() on ptolemy.moml.MoMLSimpleApplication@30d72f63
reloadAllAccessors: .expression_bug

===========================================================================================
----------------- testing Thu Jan 30 15:30:25 UTC 2020 /home/travis/build/icyphy/ptII/ptolemy/actor/lib/test/auto/factorial.xml
----------------- Instantiating /home/travis/build/icyphy/ptII/ptolemy/actor/lib/test/auto/factorial.xml
58 ms. Memory: 481280K Free: 409802K (85%)
----------------- Invoking toplevel() on ptolemy.moml.MoMLSimpleApplication@2f5162dc
----------------- Done invoking toplevel() on ptolemy.moml.MoMLSimpleApplication@2f5162dc
reloadAllAccessors: .factorial

===========================================================================================
----------------- testing Thu Jan 30 15:30:25 UTC 2020 /home/travis/build/icyphy/ptII/ptolemy/actor/lib/test/auto/filterTest1.xml
----------------- Instantiating /home/travis/build/icyphy/ptII/ptolemy/actor/lib/test/auto/filterTest1.xml
3 ms. Memory: 481280K Free: 404172K (84%)
----------------- Invoking toplevel() on ptolemy.moml.MoMLSimpleApplication@29c0677c
----------------- Done invoking toplevel() on ptolemy.moml.MoMLSimpleApplication@29c0677c
reloadAllAccessors: .filterTest1

===========================================================================================
----------------- testing Thu Jan 30 15:30:25 UTC 2020 /home/travis/build/icyphy/ptII/ptolemy/actor/lib/test/auto/funcApplyInConst.xml
----------------- Instantiating /home/travis/build/icyphy/ptII/ptolemy/actor/lib/test/auto/funcApplyInConst.xml
1 ms. Memory: 481280K Free: 400586K (83%)
----------------- Invoking toplevel() on ptolemy.moml.MoMLSimpleApplication@2e6739ed
----------------- Done invoking toplevel() on ptolemy.moml.MoMLSimpleApplication@2e6739ed
reloadAllAccessors: .funcApplyInConst

===========================================================================================
----------------- testing Thu Jan 30 15:30:25 UTC 2020 /home/travis/build/icyphy/ptII/ptolemy/actor/lib/test/auto/funcApplyInExpr.xml
----------------- Instantiating /home/travis/build/icyphy/ptII/ptolemy/actor/lib/test/auto/funcApplyInExpr.xml
1 ms. Memory: 481280K Free: 396490K (82%)
----------------- Invoking toplevel() on ptolemy.moml.MoMLSimpleApplication@783f9740
----------------- Done invoking toplevel() on ptolemy.moml.MoMLSimpleApplication@783f9740
reloadAllAccessors: .funcApplyInExpr

===========================================================================================
----------------- testing Thu Jan 30 15:30:25 UTC 2020 /home/travis/build/icyphy/ptII/ptolemy/actor/lib/test/auto/function.xml
----------------- Instantiating /home/travis/build/icyphy/ptII/ptolemy/actor/lib/test/auto/function.xml
2 ms. Memory: 481280K Free: 391884K (81%)
----------------- Invoking toplevel() on ptolemy.moml.MoMLSimpleApplication@599e6439
----------------- Done invoking toplevel() on ptolemy.moml.MoMLSimpleApplication@599e6439
reloadAllAccessors: .function

===========================================================================================
----------------- testing Thu Jan 30 15:30:25 UTC 2020 /home/travis/build/icyphy/ptII/ptolemy/actor/lib/test/auto/function2.xml
----------------- Instantiating /home/travis/build/icyphy/ptII/ptolemy/actor/lib/test/auto/function2.xml
1 ms. Memory: 481280K Free: 386764K (80%)
----------------- Invoking toplevel() on ptolemy.moml.MoMLSimpleApplication@3bae6b6
----------------- Done invoking toplevel() on ptolemy.moml.MoMLSimpleApplication@3bae6b6
reloadAllAccessors: .function2

===========================================================================================
----------------- testing Thu Jan 30 15:30:25 UTC 2020 /home/travis/build/icyphy/ptII/ptolemy/actor/lib/test/auto/function3.xml
----------------- Instantiating /home/travis/build/icyphy/ptII/ptolemy/actor/lib/test/auto/function3.xml
1 ms. Memory: 481280K Free: 383178K (80%)
----------------- Invoking toplevel() on ptolemy.moml.MoMLSimpleApplication@13ff3fba
----------------- Done invoking toplevel() on ptolemy.moml.MoMLSimpleApplication@13ff3fba
reloadAllAccessors: .function3

===========================================================================================
----------------- testing Thu Jan 30 15:30:25 UTC 2020 /home/travis/build/icyphy/ptII/ptolemy/actor/lib/test/auto/functionClosureTest1.xml
----------------- Instantiating /home/travis/build/icyphy/ptII/ptolemy/actor/lib/test/auto/functionClosureTest1.xml
2 ms. Memory: 481280K Free: 377027K (78%)
----------------- Invoking toplevel() on ptolemy.moml.MoMLSimpleApplication@750513ea
----------------- Done invoking toplevel() on ptolemy.moml.MoMLSimpleApplication@750513ea
reloadAllAccessors: .functionClosureTest1

===========================================================================================
----------------- testing Thu Jan 30 15:30:25 UTC 2020 /home/travis/build/icyphy/ptII/ptolemy/actor/lib/test/auto/functionClosureTest2.xml
----------------- Instantiating /home/travis/build/icyphy/ptII/ptolemy/actor/lib/test/auto/functionClosureTest2.xml
1 ms. Memory: 481280K Free: 373452K (78%)
----------------- Invoking toplevel() on ptolemy.moml.MoMLSimpleApplication@6cf45142
----------------- Done invoking toplevel() on ptolemy.moml.MoMLSimpleApplication@6cf45142
reloadAllAccessors: .functionClosureTest2

===========================================================================================
----------------- testing Thu Jan 30 15:30:25 UTC 2020 /home/travis/build/icyphy/ptII/ptolemy/actor/lib/test/auto/functionClosureTest3.xml
----------------- Instantiating /home/travis/build/icyphy/ptII/ptolemy/actor/lib/test/auto/functionClosureTest3.xml
1 ms. Memory: 481280K Free: 368332K (77%)
----------------- Invoking toplevel() on ptolemy.moml.MoMLSimpleApplication@37b95b85
----------------- Done invoking toplevel() on ptolemy.moml.MoMLSimpleApplication@37b95b85
reloadAllAccessors: .functionClosureTest3

===========================================================================================
----------------- testing Thu Jan 30 15:30:25 UTC 2020 /home/travis/build/icyphy/ptII/ptolemy/actor/lib/test/auto/functionClosureTest4.xml
----------------- Instantiating /home/travis/build/icyphy/ptII/ptolemy/actor/lib/test/auto/functionClosureTest4.xml
5 ms. Memory: 481280K Free: 361674K (75%)
----------------- Invoking toplevel() on ptolemy.moml.MoMLSimpleApplication@50ac6cab
----------------- Done invoking toplevel() on ptolemy.moml.MoMLSimpleApplication@50ac6cab
reloadAllAccessors: .functionClosureTest4

===========================================================================================
----------------- testing Thu Jan 30 15:30:25 UTC 2020 /home/travis/build/icyphy/ptII/ptolemy/actor/lib/test/auto/functionClosureTest5.xml
----------------- Instantiating /home/travis/build/icyphy/ptII/ptolemy/actor/lib/test/auto/functionClosureTest5.xml
5 ms. Memory: 481280K Free: 356539K (74%)
----------------- Invoking toplevel() on ptolemy.moml.MoMLSimpleApplication@6d289c09
----------------- Done invoking toplevel() on ptolemy.moml.MoMLSimpleApplication@6d289c09
reloadAllAccessors: .functionClosureTest5

===========================================================================================
----------------- testing Thu Jan 30 15:30:25 UTC 2020 /home/travis/build/icyphy/ptII/ptolemy/actor/lib/test/auto/functionClosureTest6.xml
----------------- Instantiating /home/travis/build/icyphy/ptII/ptolemy/actor/lib/test/auto/functionClosureTest6.xml
2 ms. Memory: 481280K Free: 351427K (73%)
----------------- Invoking toplevel() on ptolemy.moml.MoMLSimpleApplication@66026c38
----------------- Done invoking toplevel() on ptolemy.moml.MoMLSimpleApplication@66026c38
reloadAllAccessors: .functionClosureTest6

===========================================================================================
----------------- testing Thu Jan 30 15:30:25 UTC 2020 /home/travis/build/icyphy/ptII/ptolemy/actor/lib/test/auto/functionsOnArcs.xml
----------------- Instantiating /home/travis/build/icyphy/ptII/ptolemy/actor/lib/test/auto/functionsOnArcs.xml
2 ms. Memory: 481280K Free: 346314K (72%)
----------------- Invoking toplevel() on ptolemy.moml.MoMLSimpleApplication@27446559
----------------- Done invoking toplevel() on ptolemy.moml.MoMLSimpleApplication@27446559
reloadAllAccessors: .functionsOnArcs

===========================================================================================
----------------- testing Thu Jan 30 15:30:25 UTC 2020 /home/travis/build/icyphy/ptII/ptolemy/actor/lib/test/auto/functionsOnArcsHOF.xml
----------------- Instantiating /home/travis/build/icyphy/ptII/ptolemy/actor/lib/test/auto/functionsOnArcsHOF.xml
4 ms. Memory: 481280K Free: 340170K (71%)
----------------- Invoking toplevel() on ptolemy.moml.MoMLSimpleApplication@16d62b4b
----------------- Done invoking toplevel() on ptolemy.moml.MoMLSimpleApplication@16d62b4b
reloadAllAccessors: .functionsOnArcsHOF

===========================================================================================
----------------- testing Thu Jan 30 15:30:25 UTC 2020 /home/travis/build/icyphy/ptII/ptolemy/actor/lib/test/auto/logic.xml
----------------- Instantiating /home/travis/build/icyphy/ptII/ptolemy/actor/lib/test/auto/logic.xml
1 ms. Memory: 481280K Free: 333002K (69%)
----------------- Invoking toplevel() on ptolemy.moml.MoMLSimpleApplication@5873e973
----------------- Done invoking toplevel() on ptolemy.moml.MoMLSimpleApplication@5873e973
reloadAllAccessors: .logic

===========================================================================================
----------------- testing Thu Jan 30 15:30:25 UTC 2020 /home/travis/build/icyphy/ptII/ptolemy/actor/lib/test/auto/matrixType.xml
----------------- Instantiating /home/travis/build/icyphy/ptII/ptolemy/actor/lib/test/auto/matrixType.xml
1 ms. Memory: 481280K Free: 327882K (68%)
----------------- Invoking toplevel() on ptolemy.moml.MoMLSimpleApplication@2ac079b0
----------------- Done invoking toplevel() on ptolemy.moml.MoMLSimpleApplication@2ac079b0
reloadAllAccessors: .matrixType

===========================================================================================
----------------- testing Thu Jan 30 15:30:25 UTC 2020 /home/travis/build/icyphy/ptII/ptolemy/actor/lib/test/auto/matrixType10.xml
----------------- Instantiating /home/travis/build/icyphy/ptII/ptolemy/actor/lib/test/auto/matrixType10.xml
2 ms. Memory: 481280K Free: 323276K (67%)
----------------- Invoking toplevel() on ptolemy.moml.MoMLSimpleApplication@139dc2c2
----------------- Done invoking toplevel() on ptolemy.moml.MoMLSimpleApplication@139dc2c2
reloadAllAccessors: .matrixType10

===========================================================================================
----------------- testing Thu Jan 30 15:30:25 UTC 2020 /home/travis/build/icyphy/ptII/ptolemy/actor/lib/test/auto/matrixType11.xml
----------------- Instantiating /home/travis/build/icyphy/ptII/ptolemy/actor/lib/test/auto/matrixType11.xml
1 ms. Memory: 481280K Free: 318156K (66%)
----------------- Invoking toplevel() on ptolemy.moml.MoMLSimpleApplication@21855c3f
----------------- Done invoking toplevel() on ptolemy.moml.MoMLSimpleApplication@21855c3f
reloadAllAccessors: .matrixType11

===========================================================================================
----------------- testing Thu Jan 30 15:30:25 UTC 2020 /home/travis/build/icyphy/ptII/ptolemy/actor/lib/test/auto/matrixType12.xml
----------------- Instantiating /home/travis/build/icyphy/ptII/ptolemy/actor/lib/test/auto/matrixType12.xml
1 ms. Memory: 481280K Free: 313546K (65%)
----------------- Invoking toplevel() on ptolemy.moml.MoMLSimpleApplication@6f6ef7a0
----------------- Done invoking toplevel() on ptolemy.moml.MoMLSimpleApplication@6f6ef7a0
reloadAllAccessors: .matrixType12

===========================================================================================
----------------- testing Thu Jan 30 15:30:26 UTC 2020 /home/travis/build/icyphy/ptII/ptolemy/actor/lib/test/auto/matrixType13.xml
----------------- Instantiating /home/travis/build/icyphy/ptII/ptolemy/actor/lib/test/auto/matrixType13.xml
1 ms. Memory: 481280K Free: 308426K (64%)
----------------- Invoking toplevel() on ptolemy.moml.MoMLSimpleApplication@688f158d
----------------- Done invoking toplevel() on ptolemy.moml.MoMLSimpleApplication@688f158d
reloadAllAccessors: .matrixType13

===========================================================================================
----------------- testing Thu Jan 30 15:30:26 UTC 2020 /home/travis/build/icyphy/ptII/ptolemy/actor/lib/test/auto/matrixType14.xml
----------------- Instantiating /home/travis/build/icyphy/ptII/ptolemy/actor/lib/test/auto/matrixType14.xml
1 ms. Memory: 481280K Free: 303291K (63%)
----------------- Invoking toplevel() on ptolemy.moml.MoMLSimpleApplication@1be31ba9
----------------- Done invoking toplevel() on ptolemy.moml.MoMLSimpleApplication@1be31ba9
reloadAllAccessors: .matrixType14

===========================================================================================
----------------- testing Thu Jan 30 15:30:26 UTC 2020 /home/travis/build/icyphy/ptII/ptolemy/actor/lib/test/auto/matrixType2.xml
----------------- Instantiating /home/travis/build/icyphy/ptII/ptolemy/actor/lib/test/auto/matrixType2.xml
1 ms. Memory: 481280K Free: 298186K (62%)
----------------- Invoking toplevel() on ptolemy.moml.MoMLSimpleApplication@6063a16b
----------------- Done invoking toplevel() on ptolemy.moml.MoMLSimpleApplication@6063a16b
reloadAllAccessors: .matrixType2

===========================================================================================
----------------- testing Thu Jan 30 15:30:26 UTC 2020 /home/travis/build/icyphy/ptII/ptolemy/actor/lib/test/auto/matrixType3.xml
----------------- Instantiating /home/travis/build/icyphy/ptII/ptolemy/actor/lib/test/auto/matrixType3.xml
4 ms. Memory: 481280K Free: 293580K (61%)
----------------- Invoking toplevel() on ptolemy.moml.MoMLSimpleApplication@16b2b2dd
----------------- Done invoking toplevel() on ptolemy.moml.MoMLSimpleApplication@16b2b2dd
reloadAllAccessors: .matrixType3

===========================================================================================
----------------- testing Thu Jan 30 15:30:26 UTC 2020 /home/travis/build/icyphy/ptII/ptolemy/actor/lib/test/auto/matrixType4.xml
----------------- Instantiating /home/travis/build/icyphy/ptII/ptolemy/actor/lib/test/auto/matrixType4.xml
2 ms. Memory: 481280K Free: 288460K (60%)
----------------- Invoking toplevel() on ptolemy.moml.MoMLSimpleApplication@52cc6b75
----------------- Done invoking toplevel() on ptolemy.moml.MoMLSimpleApplication@52cc6b75
reloadAllAccessors: .matrixType4

===========================================================================================
----------------- testing Thu Jan 30 15:30:26 UTC 2020 /home/travis/build/icyphy/ptII/ptolemy/actor/lib/test/auto/matrixType5.xml
----------------- Instantiating /home/travis/build/icyphy/ptII/ptolemy/actor/lib/test/auto/matrixType5.xml
2 ms. Memory: 481280K Free: 283850K (59%)
----------------- Invoking toplevel() on ptolemy.moml.MoMLSimpleApplication@68efecfb
----------------- Done invoking toplevel() on ptolemy.moml.MoMLSimpleApplication@68efecfb
reloadAllAccessors: .matrixType5

===========================================================================================
----------------- testing Thu Jan 30 15:30:26 UTC 2020 /home/travis/build/icyphy/ptII/ptolemy/actor/lib/test/auto/matrixType6.xml
----------------- Instantiating /home/travis/build/icyphy/ptII/ptolemy/actor/lib/test/auto/matrixType6.xml
2 ms. Memory: 481280K Free: 278730K (58%)
----------------- Invoking toplevel() on ptolemy.moml.MoMLSimpleApplication@2f18d379
----------------- Done invoking toplevel() on ptolemy.moml.MoMLSimpleApplication@2f18d379
reloadAllAccessors: .matrixType6

===========================================================================================
----------------- testing Thu Jan 30 15:30:26 UTC 2020 /home/travis/build/icyphy/ptII/ptolemy/actor/lib/test/auto/matrixType7.xml
----------------- Instantiating /home/travis/build/icyphy/ptII/ptolemy/actor/lib/test/auto/matrixType7.xml
1 ms. Memory: 481280K Free: 274124K (57%)
----------------- Invoking toplevel() on ptolemy.moml.MoMLSimpleApplication@372ff1ea
----------------- Done invoking toplevel() on ptolemy.moml.MoMLSimpleApplication@372ff1ea
reloadAllAccessors: .matrixType7

===========================================================================================
----------------- testing Thu Jan 30 15:30:26 UTC 2020 /home/travis/build/icyphy/ptII/ptolemy/actor/lib/test/auto/matrixType8.xml
----------------- Instantiating /home/travis/build/icyphy/ptII/ptolemy/actor/lib/test/auto/matrixType8.xml
1 ms. Memory: 481280K Free: 269004K (56%)
----------------- Invoking toplevel() on ptolemy.moml.MoMLSimpleApplication@4e7e4607
----------------- Done invoking toplevel() on ptolemy.moml.MoMLSimpleApplication@4e7e4607
reloadAllAccessors: .matrixType8

===========================================================================================
----------------- testing Thu Jan 30 15:30:26 UTC 2020 /home/travis/build/icyphy/ptII/ptolemy/actor/lib/test/auto/matrixType9.xml
----------------- Instantiating /home/travis/build/icyphy/ptII/ptolemy/actor/lib/test/auto/matrixType9.xml
2 ms. Memory: 481280K Free: 264394K (55%)
----------------- Invoking toplevel() on ptolemy.moml.MoMLSimpleApplication@28a8152f
----------------- Done invoking toplevel() on ptolemy.moml.MoMLSimpleApplication@28a8152f
reloadAllAccessors: .matrixType9

===========================================================================================
----------------- testing Thu Jan 30 15:30:26 UTC 2020 /home/travis/build/icyphy/ptII/ptolemy/actor/lib/test/auto/paraFunctest.xml
----------------- Instantiating /home/travis/build/icyphy/ptII/ptolemy/actor/lib/test/auto/paraFunctest.xml
2 ms. Memory: 481280K Free: 259788K (54%)
----------------- Invoking toplevel() on ptolemy.moml.MoMLSimpleApplication@58f8ad87
----------------- Done invoking toplevel() on ptolemy.moml.MoMLSimpleApplication@58f8ad87
reloadAllAccessors: .paraFunctest

===========================================================================================
----------------- testing Thu Jan 30 15:30:26 UTC 2020 /home/travis/build/icyphy/ptII/ptolemy/actor/lib/test/auto/paraFunctest2.xml
----------------- Instantiating /home/travis/build/icyphy/ptII/ptolemy/actor/lib/test/auto/paraFunctest2.xml
2 ms. Memory: 481280K Free: 256202K (53%)
----------------- Invoking toplevel() on ptolemy.moml.MoMLSimpleApplication@7dfb1db6
----------------- Done invoking toplevel() on ptolemy.moml.MoMLSimpleApplication@7dfb1db6
reloadAllAccessors: .paraFunctest2

===========================================================================================
----------------- testing Thu Jan 30 15:30:26 UTC 2020 /home/travis/build/icyphy/ptII/ptolemy/actor/lib/test/auto/parameterPassing.xml
----------------- Instantiating /home/travis/build/icyphy/ptII/ptolemy/actor/lib/test/auto/parameterPassing.xml
1 ms. Memory: 481280K Free: 251596K (52%)
----------------- Invoking toplevel() on ptolemy.moml.MoMLSimpleApplication@45da5d41
----------------- Done invoking toplevel() on ptolemy.moml.MoMLSimpleApplication@45da5d41
reloadAllAccessors: .parameterPassing

===========================================================================================
----------------- testing Thu Jan 30 15:30:26 UTC 2020 /home/travis/build/icyphy/ptII/ptolemy/actor/lib/test/auto/record.xml
----------------- Instantiating /home/travis/build/icyphy/ptII/ptolemy/actor/lib/test/auto/record.xml
3 ms. Memory: 481280K Free: 246986K (51%)
----------------- Invoking toplevel() on ptolemy.moml.MoMLSimpleApplication@4d433d24
----------------- Done invoking toplevel() on ptolemy.moml.MoMLSimpleApplication@4d433d24
reloadAllAccessors: .record

===========================================================================================
----------------- testing Thu Jan 30 15:30:26 UTC 2020 /home/travis/build/icyphy/ptII/ptolemy/actor/lib/test/auto/sizedarray1.xml
----------------- Instantiating /home/travis/build/icyphy/ptII/ptolemy/actor/lib/test/auto/sizedarray1.xml
1 ms. Memory: 481280K Free: 241356K (50%)
----------------- Invoking toplevel() on ptolemy.moml.MoMLSimpleApplication@27d6e6e
----------------- Done invoking toplevel() on ptolemy.moml.MoMLSimpleApplication@27d6e6e
reloadAllAccessors: .sizedarray1

===========================================================================================
----------------- testing Thu Jan 30 15:30:26 UTC 2020 /home/travis/build/icyphy/ptII/ptolemy/actor/lib/test/auto/sizedarray2.xml
----------------- Instantiating /home/travis/build/icyphy/ptII/ptolemy/actor/lib/test/auto/sizedarray2.xml
3 ms. Memory: 481280K Free: 236236K (49%)
----------------- Invoking toplevel() on ptolemy.moml.MoMLSimpleApplication@33c5e856
----------------- Done invoking toplevel() on ptolemy.moml.MoMLSimpleApplication@33c5e856
reloadAllAccessors: .sizedarray2

===========================================================================================
----------------- testing Thu Jan 30 15:30:26 UTC 2020 /home/travis/build/icyphy/ptII/ptolemy/actor/lib/test/auto/twoPublishers.xml
----------------- Instantiating /home/travis/build/icyphy/ptII/ptolemy/actor/lib/test/auto/twoPublishers.xml
6 ms. Memory: 481280K Free: 225467K (47%)
----------------- Invoking toplevel() on ptolemy.moml.MoMLSimpleApplication@6ddef2bb
----------------- Done invoking toplevel() on ptolemy.moml.MoMLSimpleApplication@6ddef2bb
reloadAllAccessors: .twoPublishers
AutoTests.java: About to close Vertx.
AutoTests.java: Vertx closed.
]]></system-out>
  <system-err><![CDATA[java.lang.RuntimeException: Execution failed
	at ptolemy.moml.MoMLSimpleApplication$UnloadThread.run(MoMLSimpleApplication.java:402)
Caused by: java.lang.RuntimeException: StringUtilities.exit() was called. Normally, we would exit here because Manager.exitAfterWrapup() was called.  However, because the ptolemy.ptII.exitAfterWrapup property is set, we throw this exception instead.
	at ptolemy.util.StringUtilities.exit(StringUtilities.java:365)
	at ptolemy.actor.Manager.wrapup(Manager.java:1549)
	at ptolemy.actor.Manager.execute(Manager.java:407)
	at ptolemy.actor.Manager.run(Manager.java:1263)
	at ptolemy.actor.Manager$PtolemyRunThread.run(Manager.java:1933)
Warning: '.top.test' is in training mode, set the trainingMode parameter to false before checking in
Warning: '.top.test' is in training mode, set the trainingMode parameter to false before checking in
Warning: '.top.test' is in training mode, set the trainingMode parameter to false before checking in
Warning: '.BooleanSwitch_RegressionTest_WrongTrainingValues.Test' is in training mode, set the trainingMode parameter to false before checking in
Warning: '.BooleanSwitch_RegressionTest_WrongTrainingValues.Test2' is in training mode, set the trainingMode parameter to false before checking in
Warning: '.BooleanSwitch_RegressionTest_WrongTrainingValues.Test2' The test produced 0 tokens.
Warning: '.top.testExceptionHandler' is in training mode, set the trainingMode parameter to false before checking in
java.lang.RuntimeException: Execution failed
	at ptolemy.moml.MoMLSimpleApplication$UnloadThread.run(MoMLSimpleApplication.java:402)
Caused by: ptolemy.kernel.util.IllegalActionException: PublisherPorts cannot be used at the top level, use a Publisher actor instead.
  in .PublisherPortToplevelSubscriber.PublisherPort
	at ptolemy.actor.PublisherPort.preinitialize(PublisherPort.java:403)
	at ptolemy.actor.CompositeActor.preinitialize(CompositeActor.java:1769)
	at ptolemy.actor.Manager.preinitializeAndResolveTypes(Manager.java:1040)
	at ptolemy.actor.Manager.initialize(Manager.java:710)
	at ptolemy.actor.Manager.execute(Manager.java:356)
	at ptolemy.actor.Manager.run(Manager.java:1263)
	at ptolemy.actor.Manager$PtolemyRunThread.run(Manager.java:1933)
java.lang.reflect.InvocationTargetException
	at java.base/jdk.internal.reflect.NativeConstructorAccessorImpl.newInstance0(Native Method)
	at java.base/jdk.internal.reflect.NativeConstructorAccessorImpl.newInstance(NativeConstructorAccessorImpl.java:62)
	at java.base/jdk.internal.reflect.DelegatingConstructorAccessorImpl.newInstance(DelegatingConstructorAccessorImpl.java:45)
	at java.base/java.lang.reflect.Constructor.newInstance(Constructor.java:490)
	at ptolemy.util.test.junit.AutoKnownFailedTests.RunModel(AutoKnownFailedTests.java:105)
	at java.base/jdk.internal.reflect.NativeMethodAccessorImpl.invoke0(Native Method)
	at java.base/jdk.internal.reflect.NativeMethodAccessorImpl.invoke(NativeMethodAccessorImpl.java:62)
	at java.base/jdk.internal.reflect.DelegatingMethodAccessorImpl.invoke(DelegatingMethodAccessorImpl.java:43)
	at java.base/java.lang.reflect.Method.invoke(Method.java:566)
	at org.junit.runners.model.FrameworkMethod$1.runReflectiveCall(FrameworkMethod.java:44)
	at org.junit.internal.runners.model.ReflectiveCallable.run(ReflectiveCallable.java:15)
	at org.junit.runners.model.FrameworkMethod.invokeExplosively(FrameworkMethod.java:41)
	at junitparams.internal.InvokeParameterisedMethod.evaluate(InvokeParameterisedMethod.java:102)
	at org.junit.internal.runners.statements.FailOnTimeout$1.run(FailOnTimeout.java:28)
Caused by: ptolemy.kernel.util.IllegalActionException: PublisherPorts cannot be used at the top level, use a Publisher actor instead.
  in .PublisherPortToplevelSubscriber.PublisherPort
	at ptolemy.actor.PublisherPort.preinitialize(PublisherPort.java:403)
	at ptolemy.actor.CompositeActor.preinitialize(CompositeActor.java:1769)
	at ptolemy.actor.Manager.preinitializeAndResolveTypes(Manager.java:1040)
	at ptolemy.actor.Manager.initialize(Manager.java:710)
	at ptolemy.actor.Manager.execute(Manager.java:356)
	at ptolemy.actor.Manager.run(Manager.java:1263)
	at ptolemy.actor.Manager$PtolemyRunThread.run(Manager.java:1933)
java.lang.RuntimeException: Execution failed
	at ptolemy.moml.MoMLSimpleApplication$UnloadThread.run(MoMLSimpleApplication.java:402)
Caused by: ptolemy.kernel.util.IllegalActionException: SubscriberPorts cannot be used at the top level, use a Subscriber actor instead.
  in .PublisherSubscriberPortToplevel.SubscriberPort
	at ptolemy.actor.SubscriberPort.preinitialize(SubscriberPort.java:328)
	at ptolemy.actor.CompositeActor.preinitialize(CompositeActor.java:1769)
	at ptolemy.actor.Manager.preinitializeAndResolveTypes(Manager.java:1040)
	at ptolemy.actor.Manager.initialize(Manager.java:710)
	at ptolemy.actor.Manager.execute(Manager.java:356)
	at ptolemy.actor.Manager.run(Manager.java:1263)
	at ptolemy.actor.Manager$PtolemyRunThread.run(Manager.java:1933)
java.lang.reflect.InvocationTargetException
	at java.base/jdk.internal.reflect.NativeConstructorAccessorImpl.newInstance0(Native Method)
	at java.base/jdk.internal.reflect.NativeConstructorAccessorImpl.newInstance(NativeConstructorAccessorImpl.java:62)
	at java.base/jdk.internal.reflect.DelegatingConstructorAccessorImpl.newInstance(DelegatingConstructorAccessorImpl.java:45)
	at java.base/java.lang.reflect.Constructor.newInstance(Constructor.java:490)
	at ptolemy.util.test.junit.AutoKnownFailedTests.RunModel(AutoKnownFailedTests.java:105)
	at java.base/jdk.internal.reflect.NativeMethodAccessorImpl.invoke0(Native Method)
	at java.base/jdk.internal.reflect.NativeMethodAccessorImpl.invoke(NativeMethodAccessorImpl.java:62)
	at java.base/jdk.internal.reflect.DelegatingMethodAccessorImpl.invoke(DelegatingMethodAccessorImpl.java:43)
	at java.base/java.lang.reflect.Method.invoke(Method.java:566)
	at org.junit.runners.model.FrameworkMethod$1.runReflectiveCall(FrameworkMethod.java:44)
	at org.junit.internal.runners.model.ReflectiveCallable.run(ReflectiveCallable.java:15)
	at org.junit.runners.model.FrameworkMethod.invokeExplosively(FrameworkMethod.java:41)
	at junitparams.internal.InvokeParameterisedMethod.evaluate(InvokeParameterisedMethod.java:102)
	at org.junit.internal.runners.statements.FailOnTimeout$1.run(FailOnTimeout.java:28)
Caused by: ptolemy.kernel.util.IllegalActionException: SubscriberPorts cannot be used at the top level, use a Subscriber actor instead.
  in .PublisherSubscriberPortToplevel.SubscriberPort
	at ptolemy.actor.SubscriberPort.preinitialize(SubscriberPort.java:328)
	at ptolemy.actor.CompositeActor.preinitialize(CompositeActor.java:1769)
	at ptolemy.actor.Manager.preinitializeAndResolveTypes(Manager.java:1040)
	at ptolemy.actor.Manager.initialize(Manager.java:710)
	at ptolemy.actor.Manager.execute(Manager.java:356)
	at ptolemy.actor.Manager.run(Manager.java:1263)
	at ptolemy.actor.Manager$PtolemyRunThread.run(Manager.java:1933)
java.lang.RuntimeException: Execution failed
	at ptolemy.moml.MoMLSimpleApplication$UnloadThread.run(MoMLSimpleApplication.java:402)
Caused by: ptolemy.kernel.util.IllegalActionException: SubscriptionAggregatorPorts cannot be used at the top level, use a SubscriptionAggregator actor instead.
  in .PublisherSubscriptionAggregatorPort.SubscriptionAggregatorPort
	at ptolemy.actor.SubscriptionAggregatorPort.preinitialize(SubscriptionAggregatorPort.java:353)
	at ptolemy.actor.CompositeActor.preinitialize(CompositeActor.java:1769)
	at ptolemy.actor.Manager.preinitializeAndResolveTypes(Manager.java:1040)
	at ptolemy.actor.Manager.initialize(Manager.java:710)
	at ptolemy.actor.Manager.execute(Manager.java:356)
	at ptolemy.actor.Manager.run(Manager.java:1263)
	at ptolemy.actor.Manager$PtolemyRunThread.run(Manager.java:1933)
java.lang.reflect.InvocationTargetException
	at java.base/jdk.internal.reflect.NativeConstructorAccessorImpl.newInstance0(Native Method)
	at java.base/jdk.internal.reflect.NativeConstructorAccessorImpl.newInstance(NativeConstructorAccessorImpl.java:62)
	at java.base/jdk.internal.reflect.DelegatingConstructorAccessorImpl.newInstance(DelegatingConstructorAccessorImpl.java:45)
	at java.base/java.lang.reflect.Constructor.newInstance(Constructor.java:490)
	at ptolemy.util.test.junit.AutoKnownFailedTests.RunModel(AutoKnownFailedTests.java:105)
	at java.base/jdk.internal.reflect.NativeMethodAccessorImpl.invoke0(Native Method)
	at java.base/jdk.internal.reflect.NativeMethodAccessorImpl.invoke(NativeMethodAccessorImpl.java:62)
	at java.base/jdk.internal.reflect.DelegatingMethodAccessorImpl.invoke(DelegatingMethodAccessorImpl.java:43)
	at java.base/java.lang.reflect.Method.invoke(Method.java:566)
	at org.junit.runners.model.FrameworkMethod$1.runReflectiveCall(FrameworkMethod.java:44)
	at org.junit.internal.runners.model.ReflectiveCallable.run(ReflectiveCallable.java:15)
	at org.junit.runners.model.FrameworkMethod.invokeExplosively(FrameworkMethod.java:41)
	at junitparams.internal.InvokeParameterisedMethod.evaluate(InvokeParameterisedMethod.java:102)
	at org.junit.internal.runners.statements.FailOnTimeout$1.run(FailOnTimeout.java:28)
Caused by: ptolemy.kernel.util.IllegalActionException: SubscriptionAggregatorPorts cannot be used at the top level, use a SubscriptionAggregator actor instead.
  in .PublisherSubscriptionAggregatorPort.SubscriptionAggregatorPort
	at ptolemy.actor.SubscriptionAggregatorPort.preinitialize(SubscriptionAggregatorPort.java:353)
	at ptolemy.actor.CompositeActor.preinitialize(CompositeActor.java:1769)
	at ptolemy.actor.Manager.preinitializeAndResolveTypes(Manager.java:1040)
	at ptolemy.actor.Manager.initialize(Manager.java:710)
	at ptolemy.actor.Manager.execute(Manager.java:356)
	at ptolemy.actor.Manager.run(Manager.java:1263)
	at ptolemy.actor.Manager$PtolemyRunThread.run(Manager.java:1933)
java.lang.RuntimeException: Execution failed
	at ptolemy.moml.MoMLSimpleApplication$UnloadThread.run(MoMLSimpleApplication.java:402)
Caused by: ptolemy.kernel.util.IllegalActionException: TypeTest actor has no training data.
  in .sizedarray3.TypeTest
	at ptolemy.actor.lib.TypeTest.initialize(TypeTest.java:250)
	at ptolemy.actor.Director.initialize(Director.java:938)
	at ptolemy.actor.Director.initialize(Director.java:907)
	at ptolemy.actor.sched.StaticSchedulingDirector.initialize(StaticSchedulingDirector.java:159)
	at ptolemy.domains.sdf.kernel.SDFDirector.initialize(SDFDirector.java:544)
	at ptolemy.actor.CompositeActor.initialize(CompositeActor.java:935)
	at ptolemy.actor.Manager.initialize(Manager.java:724)
	at ptolemy.actor.Manager.execute(Manager.java:356)
	at ptolemy.actor.Manager.run(Manager.java:1263)
	at ptolemy.actor.Manager$PtolemyRunThread.run(Manager.java:1933)
java.lang.reflect.InvocationTargetException
	at java.base/jdk.internal.reflect.NativeConstructorAccessorImpl.newInstance0(Native Method)
	at java.base/jdk.internal.reflect.NativeConstructorAccessorImpl.newInstance(NativeConstructorAccessorImpl.java:62)
	at java.base/jdk.internal.reflect.DelegatingConstructorAccessorImpl.newInstance(DelegatingConstructorAccessorImpl.java:45)
	at java.base/java.lang.reflect.Constructor.newInstance(Constructor.java:490)
	at ptolemy.util.test.junit.AutoKnownFailedTests.RunModel(AutoKnownFailedTests.java:105)
	at java.base/jdk.internal.reflect.NativeMethodAccessorImpl.invoke0(Native Method)
	at java.base/jdk.internal.reflect.NativeMethodAccessorImpl.invoke(NativeMethodAccessorImpl.java:62)
	at java.base/jdk.internal.reflect.DelegatingMethodAccessorImpl.invoke(DelegatingMethodAccessorImpl.java:43)
	at java.base/java.lang.reflect.Method.invoke(Method.java:566)
	at org.junit.runners.model.FrameworkMethod$1.runReflectiveCall(FrameworkMethod.java:44)
	at org.junit.internal.runners.model.ReflectiveCallable.run(ReflectiveCallable.java:15)
	at org.junit.runners.model.FrameworkMethod.invokeExplosively(FrameworkMethod.java:41)
	at junitparams.internal.InvokeParameterisedMethod.evaluate(InvokeParameterisedMethod.java:102)
	at org.junit.internal.runners.statements.FailOnTimeout$1.run(FailOnTimeout.java:28)
Caused by: ptolemy.kernel.util.IllegalActionException: TypeTest actor has no training data.
  in .sizedarray3.TypeTest
	at ptolemy.actor.lib.TypeTest.initialize(TypeTest.java:250)
	at ptolemy.actor.Director.initialize(Director.java:938)
	at ptolemy.actor.Director.initialize(Director.java:907)
	at ptolemy.actor.sched.StaticSchedulingDirector.initialize(StaticSchedulingDirector.java:159)
	at ptolemy.domains.sdf.kernel.SDFDirector.initialize(SDFDirector.java:544)
	at ptolemy.actor.CompositeActor.initialize(CompositeActor.java:935)
	at ptolemy.actor.Manager.initialize(Manager.java:724)
	at ptolemy.actor.Manager.execute(Manager.java:356)
	at ptolemy.actor.Manager.run(Manager.java:1263)
	at ptolemy.actor.Manager$PtolemyRunThread.run(Manager.java:1933)
]]></system-err>
</testsuite>
