<?xml version="1.0" encoding="UTF-8" ?>
<testsuite errors="0" failures="0" hostname="travis-job-cc4cbf90-af97-4f86-8759-a369f192dcc3" name="ptolemy.actor.lib.test.junit.JUnitTclTest" skipped="0" tests="517" time="62.359" timestamp="2020-10-05T15:45:33">
  <properties>
    <property name="npm.executable" value="npm" />
    <property name="env.TRAVIS_ROOT" value="/" />
    <property name="ptII.mk.exists" value="true" />
    <property name="env.TRAVIS_APP_HOST" value="build.travis-ci.com" />
    <property name="env.rvm_bin_path" value="/home/travis/.rvm/bin" />
    <property name="java.home" value="/usr/local/lib/jvm/openjdk11" />
    <property name="env.TRAVIS_JOB_NUMBER" value="1787.8" />
    <property name="env.TRAVIS_HOME" value="/home/travis" />
    <property name="env.DISPLAY" value=":99.0" />
    <property name="env.TRAVIS_INIT" value="systemd" />
    <property name="env.SSH_TTY" value="/dev/pts/0" />
    <property name="java.net.preferIPv4Stack" value="true" />
    <property name="env.RUN_TESTS" value="true" />
    <property name="timeout.short" value="1000000" />
    <property name="junit.formatter" value="xml" />
    <property name="env.TRAVIS_SUDO" value="true" />
    <property name="env.TRAVIS_JOB_NAME" value="" />
    <property name="env.TRAVIS_STACK_NODE_ATTRIBUTES" value="/.node-attributes.yml" />
    <property name="env.LOGNAME" value="travis" />
    <property name="env.PT_TRAVIS_TEST_CORE1_XML" value="true" />
    <property name="jsdoc.home" value="node_modules/@terraswarm/jsdoc" />
    <property name="debuglevel" value="source,lines,vars" />
    <property name="checkstyle.formatter" value="xml" />
    <property name="bin.vergil.makeable" value="true" />
    <property name="sun.os.patch.level" value="unknown" />
    <property name="java.vendor.url" value="http://java.oracle.com/" />
    <property name="env.TRAVIS_BUILD_WEB_URL" value="https://travis-ci.com/icyphy/ptII/builds/188188911" />
    <property name="java.version" value="11.0.2" />
    <property name="env.TZ" value="UTC" />
    <property name="env.TRAVIS_PULL_REQUEST_SHA" value="" />
    <property name="env.PT_NO_NET" value="true" />
    <property name="env.TRAVIS_SECURE_ENV_VARS" value="true" />
    <property name="java.vendor.url.bug" value="http://bugreport.java.com/bugreport/" />
    <property name="npmjs-org-is-up" value="true" />
    <property name="env.LANGUAGE" value="en_US.UTF-8" />
    <property name="env.SSH_CLIENT" value="10.16.0.3 44448 22" />
    <property name="env.GEM_HOME" value="/home/travis/.rvm/gems/ruby-2.5.3" />
    <property name="env.HAS_ANTARES_THREE_LITTLE_FRONZIES_BADGE" value="true" />
    <property name="java.version.date" value="2019-01-15" />
    <property name="env.PS4" value="+" />
    <property name="ant.project.invoked-targets" value="build,test.core1.xml" />
    <property name="env.TRAVIS_PULL_REQUEST_BRANCH" value="" />
    <property name="env.TRAVIS_REPO_SLUG" value="icyphy/ptII" />
    <property name="env.XDG_DATA_DIRS" value="/usr/local/share:/usr/share:/var/lib/snapd/desktop" />
    <property name="jdk.debug" value="release" />
    <property name="env.TRAVIS_APT_PROXY" value="http://build-cache.travisci.net" />
    <property name="env.TRAVIS_CPU_ARCH" value="amd64" />
    <property name="node.in.path" value="true" />
    <property name="user.name" value="travis" />
    <property name="java.maxmemory" value="1400m" />
    <property name="env.RUBY_VERSION" value="ruby-2.5.3" />
    <property name="env.LANG" value="en_US.UTF-8" />
    <property name="sun.io.unicode.encoding" value="UnicodeLittle" />
    <property name="sun.jnu.encoding" value="UTF-8" />
    <property name="java.runtime.name" value="OpenJDK Runtime Environment" />
    <property name="usefile" value="false" />
    <property name="return.code" value="0" />
    <property name="junit.single.formatter" value="plain" />
    <property name="env.DYLD_LIBRARY_PATH" value="/home/travis/pthla/certi-tools/lib:" />
    <property name="env.DEBIAN_FRONTEND" value="noninteractive" />
    <property name="env.SSH_CONNECTION" value="10.16.0.3 44448 10.30.2.215 22" />
    <property name="env.MYSQL_UNIX_PORT" value="/var/run/mysqld/mysqld.sock" />
    <property name="env.LC_ALL" value="en_US.UTF-8" />
    <property name="env.TRAVIS_ALLOW_FAILURE" value="" />
    <property name="env.TRAVIS_JOB_WEB_URL" value="https://travis-ci.com/icyphy/ptII/jobs/395213314" />
    <property name="java.specification.name" value="Java Platform API Specification" />
    <property name="node.works" value="true" />
    <property name="user.timezone" value="" />
    <property name="path.separator" value=":" />
    <property name="env.TRAVIS_ENABLE_INFRA_DETECTION" value="true" />
    <property name="env.PYTHON_CFLAGS" value="-g -fstack-protector --param=ssp-buffer-size=4 -Wformat -Werror=format-security" />
    <property name="timeout.long" value="4000000" />
    <property name="env.CERTI_HOME" value="/home/travis/pthla/certi-tools" />
    <property name="ant.file.ptII" value="/home/travis/build/icyphy/ptII/build.xml" />
    <property name="javadoc.packagenames" value="com.*,diva.*,lbnl.*,org.hlacerti.*,org.json.*,org.ptolemy.*,org.terraswarm.*,ptolemy.*,ptserver.*" />
    <property name="file.encoding" value="UTF-8" />
    <property name="env.TRAVIS_PULL_REQUEST_SLUG" value="" />
    <property name="ant.project.default-target" value="build" />
    <property name="env.GIT_ASKPASS" value="echo" />
    <property name="env.HOME" value="/home/travis" />
    <property name="sun.java.command" value="org.apache.tools.ant.taskdefs.optional.junit.JUnitTestRunner ptolemy.actor.lib.test.junit.JUnitTclTest skipNonTests=false filtertrace=true haltOnError=false haltOnFailure=false formatter=org.apache.tools.ant.taskdefs.optional.junit.OutErrSummaryJUnitResultFormatter showoutput=true outputtoformatters=true logfailedtests=true threadid=0 logtestlistenerevents=false formatter=org.apache.tools.ant.taskdefs.optional.junit.XMLJUnitResultFormatter,/home/travis/build/icyphy/ptII/reports/junit/TEST-ptolemy.actor.lib.test.junit.JUnitTclTest.xml crashfile=/home/travis/build/icyphy/ptII/junitvmwatcher6879053161903613604.properties propsfile=/home/travis/build/icyphy/ptII/junit7804819441394559232.properties" />
    <property name="env.COMPOSER_NO_INTERACTION" value="1" />
    <property name="env.MANPATH" value="/home/travis/.nvm/versions/node/v7.10.1/share/man:/home/travis/.rvm/rubies/ruby-2.5.3/share/man:/usr/local/cmake-3.12.4/man:/usr/local/clang-7.0.0/share/man:/usr/local/man:/usr/local/share/man:/usr/share/man:/home/travis/.rvm/man" />
    <property name="env.TRAVIS_TIMER_ID" value="0c2c9a60" />
    <property name="ant.file" value="/home/travis/build/icyphy/ptII/build.xml" />
    <property name="env.TRAVIS_COMMIT_RANGE" value="3bb573e462e9b4151952318d01b7e361e9f419ad...74248200255084cca0f8d02e5ad09f36c0965423" />
    <property name="ptII.classpath.optional.property" value="/home/travis/build/icyphy/ptII/lib/bsh-2.0b4.jar:/home/travis/build/icyphy/ptII/lib/ptCal.jar:/home/travis/build/icyphy/ptII/lib/java_cup.jar:/home/travis/build/icyphy/ptII/lib/saxon8.jar:/home/travis/build/icyphy/ptII/lib/saxon8-dom.jar:/home/travis/build/icyphy/ptII/lib/chic.jar:/home/travis/build/icyphy/ptII/lib/ptcolt.jar:/home/travis/build/icyphy/ptII/vendors/misc/itext/iText.jar:/home/travis/build/icyphy/ptII/lib/g4ltl.jar:/home/travis/build/icyphy/ptII/lib/StructuralCoder.jar:/home/travis/build/icyphy/ptII/lib/jcerti.jar:/home/travis/build/icyphy/ptII/lib/javax.mail.jar:/home/travis/build/icyphy/ptII/vendors/JMF-2.1.1e/lib/jmf.jar:/home/travis/build/icyphy/ptII/lib/jna-4.0.0-variadic.jar:/home/travis/build/icyphy/ptII/vendors/misc/joystick/Joystick.jar:/home/travis/build/icyphy/ptII/lib/ptjacl.jar:/home/travis/build/icyphy/ptII/lib/jsoup-1.8.2.jar:/home/travis/build/icyphy/ptII/lib/junit-4.8.2.jar:/home/travis/build/icyphy/ptII/lib/JUnitParams-0.4.0.jar:/home/travis/build/icyphy/ptII/ptolemy/actor/lib/excel/jxl.jar:/home/travis/build/icyphy/ptII/lib/jython.jar:/home/travis/build/icyphy/ptII/lib/kieler.jar:/home/travis/build/icyphy/ptII/vendors/opencv/share/OpenCV/java/opencv-341.jar:/home/travis/build/icyphy/ptII/lib/oscP5.jar:/home/travis/build/icyphy/ptII/lib/nrjavaserial-3.11.0.devel.jar:/home/travis/build/icyphy/ptII/vendors/j3d/lib/Linux/j3dcore.jar:/home/travis/build/icyphy/ptII/vendors/j3d/lib/Linux/j3dutils.jar:/home/travis/build/icyphy/ptII/vendors/j3d/lib/Linux/vecmath.jar:/home/travis/build/icyphy/ptII/vendors/jogl/lib/Linux/gluegen-rt-natives-linux-amd64.jar:/home/travis/build/icyphy/ptII/vendors/jogl/lib/Linux/gluegen-rt.jar:/home/travis/build/icyphy/ptII/vendors/jogl/lib/Linux/jogl-all-natives-linux-amd64.jar:/home/travis/build/icyphy/ptII/vendors/jogl/lib/Linux/jogl-all.jar:/home/travis/build/icyphy/ptII/ptolemy/distributed/jini/jar/jini-core.jar:/home/travis/build/icyphy/ptII/ptolemy/distributed/jini/jar/jini-ext.jar:/home/travis/build/icyphy/ptII/ptolemy/distributed/jini/jar/sun-util.jar:/home/travis/build/icyphy/ptII/lib/protobuf-java-2.4.1.jar:/home/travis/build/icyphy/ptII/lib/org.eclipse.paho.client.mqttv3.jar:/home/travis/build/icyphy/ptII/lib/mapss.jar:/home/travis/build/icyphy/ptII/ptolemy/actor/ptalon/antlr/antlr.jar:/home/travis/build/icyphy/ptII/lib/JRI.jar:/home/travis/build/icyphy/ptII/lib/commons-lang-2.6.jar:/home/travis/build/icyphy/ptII/lib/commons-logging-1.1.1.jar:/home/travis/build/icyphy/ptII/lib/sootclasses.jar:/home/travis/build/icyphy/ptII/ptolemy/actor/lib/database/mysql-connector-java-5.1.6-bin.jar:/home/travis/build/icyphy/ptII/vendors/misc/sphinx4/sphinx4-data-5prealpha.jar:/home/travis/build/icyphy/ptII/vendors/misc/sphinx4/sphinx4-core-5prealpha.jar:/home/travis/build/icyphy/ptII/lib/PDFRenderer.jar:/home/travis/build/icyphy/ptII/lib/svgSalamander.jar:/home/travis/build/icyphy/ptII/lib/rsyntaxtextarea-2.6.0-SNAPSHOT.jar:/home/travis/build/icyphy/ptII/lib/hazelcast-3.8.2.jar:/home/travis/build/icyphy/ptII/lib/jackson-annotations-2.9.0.jar:/home/travis/build/icyphy/ptII/lib/jackson-core-2.9.3.jar:/home/travis/build/icyphy/ptII/lib/jackson-databind-2.9.3.jar:/home/travis/build/icyphy/ptII/lib/netty-buffer-4.1.19.Final.jar:/home/travis/build/icyphy/ptII/lib/netty-codec-4.1.19.Final.jar:/home/travis/build/icyphy/ptII/lib/netty-codec-dns-4.1.19.Final.jar:/home/travis/build/icyphy/ptII/lib/netty-codec-http-4.1.19.Final.jar:/home/travis/build/icyphy/ptII/lib/netty-codec-http2-4.1.19.Final.jar:/home/travis/build/icyphy/ptII/lib/netty-common-4.1.19.Final.jar:/home/travis/build/icyphy/ptII/lib/netty-handler-4.1.19.Final.jar:/home/travis/build/icyphy/ptII/lib/netty-resolver-4.1.19.Final.jar:/home/travis/build/icyphy/ptII/lib/netty-resolver-dns-4.1.19.Final.jar:/home/travis/build/icyphy/ptII/lib/netty-transport-4.1.19.Final.jar:/home/travis/build/icyphy/ptII/lib/vertx-codegen-3.5.1.jar:/home/travis/build/icyphy/ptII/lib/vertx-core-3.5.2-SNAPSHOT.jar:/home/travis/build/icyphy/ptII/lib/vertx-hazelcast-3.5.1.jar:/home/travis/build/icyphy/ptII/lib/vertx-lang-js-3.5.1.jar:/home/travis/build/icyphy/ptII/lib/vertx-service-proxy-3.5.1.jar:/home/travis/build/icyphy/ptII/lib/vertx-web-3.5.1.jar:/home/travis/build/icyphy/ptII/lib/slf4j-api-1.7.13.jar:/home/travis/build/icyphy/ptII/lib/slf4j-simple-1.7.13.jar:/home/travis/build/icyphy/ptII/lib/webcam-capture-0.3.12.jar:/home/travis/build/icyphy/ptII/lib/bridj-0.7.0.jar:/home/travis/build/icyphy/ptII/lib/xbjlib-1.1.0.nrjavaserial.jar" />
    <property name="timeout" value="2400000" />
    <property name="test.batch" value="**/junit/*.java" />
    <property name="env._" value="/usr/bin/timeout" />
    <property name="java.io.tmpdir" value="/tmp" />
    <property name="user.language" value="en" />
    <property name="env.TRAVIS_INTERNAL_RUBY_REGEX" value="^ruby-(2\.[0-4]\.[0-9]|1\.9\.3)" />
    <property name="env.HISTCONTROL" value="ignoredups:ignorespace" />
    <property name="env.GOROOT" value="/home/travis/.gimme/versions/go1.11.1.linux.amd64" />
    <property name="line.separator" value="&#xa;" />
    <property name="target" value="11" />
    <property name="env.TRAVIS_BUILD_DIR" value="/home/travis/build/icyphy/ptII" />
    <property name="env.ANT_OPTS" value="-Xmx2048m" />
    <property name="ant.file.type" value="file" />
    <property name="ptolemy.ptII.batchMode" value="true" />
    <property name="env.HISTSIZE" value="1000" />
    <property name="env.MERB_ENV" value="test" />
    <property name="java.vm.info" value="mixed mode" />
    <property name="source" value="11" />
    <property name="java.vm.specification.name" value="Java Virtual Machine Specification" />
    <property name="env.TRAVIS_TEST_RESULT" value="0" />
    <property name="jsdoc.command" value="node_modules/@terraswarm/jsdoc/jsdoc.js" />
    <property name="npm.works" value="true" />
    <property name="cobertura.dir" value="/home/travis/build/icyphy/ptII/vendors/cobertura-2.0.3" />
    <property name="jsdoc.command.exists" value="true" />
    <property name="env.rvm_path" value="/home/travis/.rvm" />
    <property name="env.GEM_PATH" value="/home/travis/.rvm/gems/ruby-2.5.3:/home/travis/.rvm/gems/ruby-2.5.3@global" />
    <property name="env.LC_CTYPE" value="en_US.UTF-8" />
    <property name="env.TRAVIS_CMD" value="$PTII/bin/ptIITravisBuild.sh $SECONDS" />
    <property name="java.awt.printerjob" value="sun.print.PSPrinterJob" />
    <property name="env.TRAVIS_STACK_NAME" value="sardonyx" />
    <property name="env.TRAVIS_TIMER_START_TIME" value="1601912086647008906" />
    <property name="ant.version" value="Apache Ant(TM) version 1.10.1 compiled on February 2 2017" />
    <property name="ptII.reports" value="/home/travis/build/icyphy/ptII/reports" />
    <property name="env.TRAVIS_STACK_TIMESTAMP" value="2020-06-24 13:13:18 UTC" />
    <property name="ant.file.type.ptII" value="file" />
    <property name="env.RBENV_SHELL" value="bash" />
    <property name="os.name" value="Linux" />
    <property name="java.specification.vendor" value="Oracle Corporation" />
    <property name="env.rvm_version" value="1.29.10 (latest)" />
    <property name="env.TRAVIS_INFRA" value="unknown" />
    <property name="env.TERM" value="xterm" />
    <property name="java.vm.name" value="OpenJDK 64-Bit Server VM" />
    <property name="env.TRAVIS_BUILD_NUMBER" value="1787" />
    <property name="env.CI" value="true" />
    <property name="java.library.path" value="/home/travis/pthla/certi-tools/lib:/usr/lib/jni:/usr/local/share/OpenCV/java/:/usr/share/OpenCV/java::/usr/java/packages/lib:/usr/lib64:/lib64:/lib:/usr/lib" />
    <property name="jdk.module.path" value="/home/travis/build/icyphy/ptII/vendors/javafx/javafx-sdk-11.0.2/lib:" />
    <property name="env.rvm_prefix" value="/home/travis" />
    <property name="env.PATH" value="/home/travis/pthla/certi-tools/share/scripts:/home/travis/.rvm/gems/ruby-2.5.3/bin:/home/travis/.rvm/gems/ruby-2.5.3@global/bin:/home/travis/.rvm/rubies/ruby-2.5.3/bin:/home/travis/.rvm/bin:/home/travis/.nvm/versions/node/v7.10.1/bin:./node_modules/.bin:/home/travis/build/icyphy/ptII/bin:/home/travis/pthla/certi-tools/bin:/home/travis/bin:/home/travis/.local/bin:/usr/local/lib/jvm/openjdk11/bin:/opt/pyenv/shims:/home/travis/.phpenv/shims:/home/travis/perl5/perlbrew/bin:/home/travis/gopath/bin:/home/travis/.gimme/versions/go1.11.1.linux.amd64/bin:/usr/local/maven-3.6.3/bin:/usr/local/cmake-3.12.4/bin:/usr/local/clang-7.0.0/bin:/usr/local/sbin:/usr/local/bin:/usr/sbin:/usr/bin:/sbin:/bin:/snap/bin:/home/travis/.phpenv/bin:/opt/pyenv/bin:/home/travis/.yarn/bin" />
    <property name="env.TRAVIS_OS_NAME" value="linux" />
    <property name="ant.java.version" value="9" />
    <property name="basedir" value="/home/travis/build/icyphy/ptII" />
    <property name="java.class.version" value="55.0" />
    <property name="env.SHLVL" value="3" />
    <property name="env.LD_LIBRARY_PATH" value="/home/travis/pthla/certi-tools/lib:/usr/lib/jni:/usr/local/share/OpenCV/java/:/usr/share/OpenCV/java:" />
    <property name="env.RACK_ENV" value="test" />
    <property name="ant.home" value="/home/travis/build/icyphy/ptII/ant" />
    <property name="env.NVM_DIR" value="/home/travis/.nvm" />
    <property name="env.CERTI_FOM_PATH" value="/home/travis/pthla/certi-tools/share/federations" />
    <property name="env.TRAVIS_BUILD_ID" value="188188911" />
    <property name="env.PYENV_ROOT" value="/opt/pyenv" />
    <property name="env.TRAVIS_UID" value="2000" />
    <property name="prism.verbose" value="true" />
    <property name="env.NVM_BIN" value="/home/travis/.nvm/versions/node/v7.10.1/bin" />
    <property name="env.TRAVIS_COMMIT" value="74248200255084cca0f8d02e5ad09f36c0965423" />
    <property name="node.executable" value="node" />
    <property name="sun.boot.library.path" value="/usr/local/lib/jvm/openjdk11/lib" />
    <property name="sun.management.compiler" value="HotSpot 64-Bit Tiered Compilers" />
    <property name="java.awt.graphicsenv" value="sun.awt.X11GraphicsEnvironment" />
    <property name="env.GOPATH" value="/home/travis/gopath" />
    <property name="ptolemy.ptII.dir" value="/home/travis/build/icyphy/ptII" />
    <property name="env.USER" value="travis" />
    <property name="env.HISTFILESIZE" value="2000" />
    <property name="env.NVM_INC" value="/home/travis/.nvm/versions/node/v7.10.1/include/node" />
    <property name="timeout.longest" value="19000000" />
    <property name="env.PERLBREW_SHELLRC_VERSION" value="0.88" />
    <property name="env.TRAVIS_STACK_FEATURES" value="basic couchdb disabled-ipv6 docker docker-compose elasticsearch firefox go-toolchain google-chrome jdk memcached mongodb mysql nodejs_interpreter perl_interpreter perlbrew phantomjs postgresql python_interpreter redis ruby_interpreter sqlite xserver" />
    <property name="env.TRAVIS_PULL_REQUEST" value="false" />
    <property name="env.PYENV_SHELL" value="bash" />
    <property name="ant.project.name" value="ptII" />
    <property name="env.ANSI_RESET" value="\033[0m" />
    <property name="java.vm.specification.version" value="11" />
    <property name="env.TRAVIS_DIST" value="xenial" />
    <property name="env.CERTI_VERSION" value="4.0.0" />
    <property name="env.CERTI_HOST" value="localhost" />
    <property name="awt.toolkit" value="sun.awt.X11.XToolkit" />
    <property name="env.MY_RUBY_HOME" value="/home/travis/.rvm/rubies/ruby-2.5.3" />
    <property name="sun.cpu.isalist" value="" />
    <property name="env.TRAVIS_TMPDIR" value="/tmp/tmp.qPJi9UfpSW" />
    <property name="java.vm.compressedOopsMode" value="Zero based" />
    <property name="os.version" value="4.15.0-1077-gcp" />
    <property name="user.home" value="/home/travis" />
    <property name="java.vm.vendor" value="Oracle Corporation" />
    <property name="env.TRAVIS_TAG" value="nightly" />
    <property name="env.ANSI_YELLOW" value="\033[33;1m" />
    <property name="env.TRAVIS_FILTERED" value="redirect_io" />
    <property name="env.ANSI_GREEN" value="\033[32;1m" />
    <property name="env.JAVA_HOME" value="/usr/local/lib/jvm/openjdk11" />
    <property name="javadoc.excludepackagenames" value="adm.cvs2svn.*,build.*,config.*,doc.coding.templates.*,jni.test.jni.meaningOfLife.*,jni.test.jni.testDeux.*,jni.test.jni.testTrois.*,org.terraswarm.accessor.accessors.web.node_modules.*,org.terraswarm.accessor.accessors.web.hosts.cordova.demo.*,org.terraswarm.accessor.accessors.web.hosts.cordova.plugins.*,org.terraswarm.accessor.accessors-svn.*,pt-modules.*,ptolemy.apps.agilent.*,ptolemy.apps.anytimecontrol.*,ptolemy.apps.apes.*,ptolemy.apps.charon.*,ptolemy.apps.crazyboard.*,ptolemy.apps.eclipse.*,ptolemy.apps.etherealSting.*,ptolemy.apps.fullscreen.*,ptolemy.apps.giotto.*,ptolemy.apps.ia.*,ptolemy.apps.interfaces.*,ptolemy.apps.jmf.*,ptolemy.apps.kurt.*,ptolemy.apps.kvm.*,ptolemy.apps.lego.*,ptolemy.apps.lejos.*,ptolemy.apps.midp.*,ptolemy.apps.mobileCoding.*,ptolemy.apps.pendulum.*,ptolemy.apps.rijndael.*,ptolemy.apps.robot.*,ptolemy.apps.security.*,ptolemy.apps.sobel.*,ptolemy.apps.soot.*,ptolemy.apps.throttle.*,ptolemy.apps.tini.*,ptolemy.apps.transmission.*,ptolemy.apps.vergil.*,ptolemy.apps.waba.*,ptolemy.apps.websensor.*,ptolemy.apps.webstart.*,ptolemy.apps.xsl.*,ptolemy.apps.zaurus.*,ptolemy.codegen.c.actor.lib.oldJavaFiles.*,ptolemy.codegen.dsp.lib.*,ptolemy.codegen.kernel.newInterfaces.*,ptolemy.codegen.lib.*,ptolemy.copernicus.kernel.fragment.*,ptolemy.copernicus.shallow.cg.*,ptolemy.domains.giotto.demo.Hierarchy.Hierarchy.*,ptolemy.domains.giotto.demo.Multimode.Multimode.*,ptolemy.domains.giotto.demo.Simple.Simple.*,ptolemy.domains.gr.lib.experimental.*,ptolemy.domains.gro.*,ptolemy.domains.pdf.*,ptolemy.domains.ptinyos.demo.Surge.output.*,ptolemy.moml.test.NoPackageActor.java*,ptolemy.plot.adm.*,ptolemy.plot.servlet.*,reports.*,signed.*,src.*,target.*,vendors.*,ptolemy.copernicus.applet.*,ptolemy.media.viewer.*,ptolemy.actor.corba.*,doc.doclets.*,ptolemy.apps.eclipse.awt.*,ptolemy.backtrack.*,ptolemy.backtrack.ast.*,ptolemy.cg.adapter.generic.program.procedural.c.mbed*,ptolemy.homer.*,ptolemy.actor.lib.jai.*,org.ptolemy.scala.*,diva.util.java2d.svg.*,ptolemy.domains.ptinyos.*,ptolemy.actor.lib.fmi.fmipp.*,,org.terraswarm.accessor.accessors.web.node_modules.*,org.terraswarm.accessor.accessors-svn,ptolemy.apps.*,ptolemy.actor.ptalon.demo.ptinyos.SendAndReceiveCnt.output,ptolemy.actor.ptalon.demo.ptinyos.SenseToLeds.output,ptolemy.domains.ptinyos.demo.CntToLedsAndRfm.output,ptolemy.domains.ptinyos.demo.RfmToLeds.output,ptolemy.domains.ptinyos.demo.SendAndReceiveCnt.output,ptolemy.domains.ptinyos.demo.SenseToLeds.output,ptolemy.actor.lib.jjs.modules.udpSocket.*" />
    <property name="env.PTII" value="/home/travis/build/icyphy/ptII" />
    <property name="env.XDG_SESSION_ID" value="2" />
    <property name="keystore" value="ptKeystore" />
    <property name="env.TRAVIS_COMMIT_MESSAGE" value="Exclude org/hlacerti/newModels1516e/VariableArrayPTIIJavaFed" />
    <property name="junit.output.dir" value="/home/travis/build/icyphy/ptII/reports/junit" />
    <property name="npm.return.code" value="0" />
    <property name="user.dir" value="/home/travis/build/icyphy/ptII/ptolemy/actor/lib/test" />
    <property name="env.TRAVIS_NODE_VERSION" value="7" />
    <property name="env.TRAVIS_EVENT_TYPE" value="cron" />
    <property name="env.MAIL" value="/var/mail/travis" />
    <property name="env.PERLBREW_ROOT" value="/home/travis/perl5/perlbrew" />
    <property name="env.PWD" value="/home/travis/build/icyphy/ptII" />
    <property name="timeout.npm" value="45000" />
    <property name="env.TRAVIS_ARCH" value="amd64" />
    <property name="sun.cpu.endian" value="little" />
    <property name="env.PAGER" value="cat" />
    <property name="env.TRAVIS_BUILD_STAGE_NAME" value="test" />
    <property name="env.PERLBREW_HOME" value="/home/travis/.perlbrew" />
    <property name="java.vm.version" value="11.0.2+9" />
    <property name="env.RAILS_ENV" value="test" />
    <property name="java.class.path" value="/home/travis/.ptolemyII:/home/travis/.ptolemyII/*:/home/travis/build/icyphy/ptII:/home/travis/build/icyphy/ptII/lib/bsh-2.0b4.jar:/home/travis/build/icyphy/ptII/lib/ptCal.jar:/home/travis/build/icyphy/ptII/lib/java_cup.jar:/home/travis/build/icyphy/ptII/lib/saxon8.jar:/home/travis/build/icyphy/ptII/lib/saxon8-dom.jar:/home/travis/build/icyphy/ptII/lib/chic.jar:/home/travis/build/icyphy/ptII/lib/ptcolt.jar:/home/travis/build/icyphy/ptII/vendors/misc/itext/iText.jar:/home/travis/build/icyphy/ptII/lib/g4ltl.jar:/home/travis/build/icyphy/ptII/lib/StructuralCoder.jar:/home/travis/build/icyphy/ptII/lib/jcerti.jar:/home/travis/build/icyphy/ptII/lib/javax.mail.jar:/home/travis/build/icyphy/ptII/vendors/JMF-2.1.1e/lib/jmf.jar:/home/travis/build/icyphy/ptII/lib/jna-4.0.0-variadic.jar:/home/travis/build/icyphy/ptII/vendors/misc/joystick/Joystick.jar:/home/travis/build/icyphy/ptII/lib/ptjacl.jar:/home/travis/build/icyphy/ptII/lib/jsoup-1.8.2.jar:/home/travis/build/icyphy/ptII/lib/junit-4.8.2.jar:/home/travis/build/icyphy/ptII/lib/JUnitParams-0.4.0.jar:/home/travis/build/icyphy/ptII/ptolemy/actor/lib/excel/jxl.jar:/home/travis/build/icyphy/ptII/lib/jython.jar:/home/travis/build/icyphy/ptII/lib/kieler.jar:/home/travis/build/icyphy/ptII/vendors/opencv/share/OpenCV/java/opencv-341.jar:/home/travis/build/icyphy/ptII/lib/oscP5.jar:/home/travis/build/icyphy/ptII/lib/nrjavaserial-3.11.0.devel.jar:/home/travis/build/icyphy/ptII/vendors/j3d/lib/Linux/j3dcore.jar:/home/travis/build/icyphy/ptII/vendors/j3d/lib/Linux/j3dutils.jar:/home/travis/build/icyphy/ptII/vendors/j3d/lib/Linux/vecmath.jar:/home/travis/build/icyphy/ptII/vendors/jogl/lib/Linux/gluegen-rt-natives-linux-amd64.jar:/home/travis/build/icyphy/ptII/vendors/jogl/lib/Linux/gluegen-rt.jar:/home/travis/build/icyphy/ptII/vendors/jogl/lib/Linux/jogl-all-natives-linux-amd64.jar:/home/travis/build/icyphy/ptII/vendors/jogl/lib/Linux/jogl-all.jar:/home/travis/build/icyphy/ptII/ptolemy/distributed/jini/jar/jini-core.jar:/home/travis/build/icyphy/ptII/ptolemy/distributed/jini/jar/jini-ext.jar:/home/travis/build/icyphy/ptII/ptolemy/distributed/jini/jar/sun-util.jar:/home/travis/build/icyphy/ptII/lib/protobuf-java-2.4.1.jar:/home/travis/build/icyphy/ptII/lib/org.eclipse.paho.client.mqttv3.jar:/home/travis/build/icyphy/ptII/lib/mapss.jar:/home/travis/build/icyphy/ptII/ptolemy/actor/ptalon/antlr/antlr.jar:/home/travis/build/icyphy/ptII/lib/JRI.jar:/home/travis/build/icyphy/ptII/lib/commons-lang-2.6.jar:/home/travis/build/icyphy/ptII/lib/commons-logging-1.1.1.jar:/home/travis/build/icyphy/ptII/lib/sootclasses.jar:/home/travis/build/icyphy/ptII/ptolemy/actor/lib/database/mysql-connector-java-5.1.6-bin.jar:/home/travis/build/icyphy/ptII/vendors/misc/sphinx4/sphinx4-data-5prealpha.jar:/home/travis/build/icyphy/ptII/vendors/misc/sphinx4/sphinx4-core-5prealpha.jar:/home/travis/build/icyphy/ptII/lib/PDFRenderer.jar:/home/travis/build/icyphy/ptII/lib/svgSalamander.jar:/home/travis/build/icyphy/ptII/lib/rsyntaxtextarea-2.6.0-SNAPSHOT.jar:/home/travis/build/icyphy/ptII/lib/hazelcast-3.8.2.jar:/home/travis/build/icyphy/ptII/lib/jackson-annotations-2.9.0.jar:/home/travis/build/icyphy/ptII/lib/jackson-core-2.9.3.jar:/home/travis/build/icyphy/ptII/lib/jackson-databind-2.9.3.jar:/home/travis/build/icyphy/ptII/lib/netty-buffer-4.1.19.Final.jar:/home/travis/build/icyphy/ptII/lib/netty-codec-4.1.19.Final.jar:/home/travis/build/icyphy/ptII/lib/netty-codec-dns-4.1.19.Final.jar:/home/travis/build/icyphy/ptII/lib/netty-codec-http-4.1.19.Final.jar:/home/travis/build/icyphy/ptII/lib/netty-codec-http2-4.1.19.Final.jar:/home/travis/build/icyphy/ptII/lib/netty-common-4.1.19.Final.jar:/home/travis/build/icyphy/ptII/lib/netty-handler-4.1.19.Final.jar:/home/travis/build/icyphy/ptII/lib/netty-resolver-4.1.19.Final.jar:/home/travis/build/icyphy/ptII/lib/netty-resolver-dns-4.1.19.Final.jar:/home/travis/build/icyphy/ptII/lib/netty-transport-4.1.19.Final.jar:/home/travis/build/icyphy/ptII/lib/vertx-codegen-3.5.1.jar:/home/travis/build/icyphy/ptII/lib/vertx-core-3.5.2-SNAPSHOT.jar:/home/travis/build/icyphy/ptII/lib/vertx-hazelcast-3.5.1.jar:/home/travis/build/icyphy/ptII/lib/vertx-lang-js-3.5.1.jar:/home/travis/build/icyphy/ptII/lib/vertx-service-proxy-3.5.1.jar:/home/travis/build/icyphy/ptII/lib/vertx-web-3.5.1.jar:/home/travis/build/icyphy/ptII/lib/slf4j-api-1.7.13.jar:/home/travis/build/icyphy/ptII/lib/slf4j-simple-1.7.13.jar:/home/travis/build/icyphy/ptII/lib/webcam-capture-0.3.12.jar:/home/travis/build/icyphy/ptII/lib/bridj-0.7.0.jar:/home/travis/build/icyphy/ptII/lib/xbjlib-1.1.0.nrjavaserial.jar:/home/travis/build/icyphy/ptII/ptolemy/moml/test:/home/travis/build/icyphy/ptII/ant/lib/ant-launcher.jar:/home/travis/build/icyphy/ptII/ant/lib/ant.jar:/home/travis/build/icyphy/ptII/ant/lib/ant-junit.jar:/home/travis/build/icyphy/ptII/ant/lib/ant-junit4.jar" />
    <property name="ant.library.dir" value="/home/travis/build/icyphy/ptII/ant/lib" />
    <property name="os.arch" value="amd64" />
    <property name="env.CONTINUOUS_INTEGRATION" value="true" />
    <property name="env.TRAVIS_LANGUAGE" value="node_js" />
    <property name="env.TRAVIS_STACK_LANGUAGES" value="__sardonyx__ c c++ clojure cplusplus cpp default generic go groovy java node_js php pure_java python ruby scala" />
    <property name="test.name" value="ptolemy.actor.lib.test.junit.JUnitTclTest" />
    <property name="env.APT_KEY_DONT_WARN_ON_DANGEROUS_USAGE" value="1" />
    <property name="sun.java.launcher" value="SUN_STANDARD" />
    <property name="env.PYTHON_CONFIGURE_OPTS" value="--enable-unicode=ucs4 --with-wide-unicode --enable-shared --enable-ipv6 --enable-loadable-sqlite-extensions --with-computed-gotos" />
    <property name="ant.core.lib" value="/home/travis/build/icyphy/ptII/ant/lib/ant.jar" />
    <property name="java.vm.specification.vendor" value="Oracle Corporation" />
    <property name="env.BCVTB_HOME" value="/home/travis/build/icyphy/ptII/lbnl" />
    <property name="file.separator" value="/" />
    <property name="spotbugs.home" value="/home/travis/build/icyphy/ptII/vendors/spotbugs-3.1.1" />
    <property name="java.runtime.version" value="11.0.2+9" />
    <property name="env.ANSI_CLEAR" value="\033[0K" />
    <property name="javafx.verbose" value="true" />
    <property name="env.HAS_JOSH_K_SEAL_OF_APPROVAL" value="true" />
    <property name="env.XDG_RUNTIME_DIR" value="/run/user/2000" />
    <property name="env.TRAVIS_OSX_IMAGE" value="" />
    <property name="env.TRAVIS_JOB_ID" value="395213314" />
    <property name="env.TRAVIS_BRANCH" value="master" />
    <property name="user.country" value="US" />
    <property name="env.CERTI_HOME_TRAVIS" value="/home/travis/pthla/certi-tools" />
    <property name="env.SHELL" value="/bin/bash" />
    <property name="java.maxmemory.large" value="3200m" />
    <property name="model" value="" />
    <property name="env.CASHER_DIR" value="/home/travis/.casher" />
    <property name="env.NVM_CD_FLAGS" value="" />
    <property name="java.vendor.version" value="18.9" />
    <property name="jshint.executable" value="/home/travis/node_modules/jshint/bin/jshint" />
    <property name="env.JRUBY_OPTS" value=" --client -J-XX:+TieredCompilation -J-XX:TieredStopAtLevel=1 -J-Xss2m -Xcompile.invokedynamic=false" />
    <property name="java.vendor" value="Oracle Corporation" />
    <property name="env.TRAVIS_PRE_CHEF_BOOTSTRAP_TIME" value="2020-06-24T13:13:03" />
    <property name="env.TRAVIS_STACK_JOB_BOARD_REGISTER" value="/.job-board-register.yml" />
    <property name="env.ANSI_RED" value="\033[31;1m" />
    <property name="java.specification.version" value="11" />
    <property name="env.IRBRC" value="/home/travis/.rvm/rubies/ruby-2.5.3/.irbrc" />
    <property name="env.TRAVIS" value="true" />
    <property name="sun.arch.data.model" value="64" />
  </properties>
  <testcase classname="ptolemy.util.test.junit.TclTests" name="[0] /home/travis/build/icyphy/ptII/ptolemy/actor/lib/test/AbsoluteValue.tcl (RunTclFile)" time="0.531" />
  <testcase classname="ptolemy.util.test.junit.TclTests" name="[1] /home/travis/build/icyphy/ptII/ptolemy/actor/lib/test/AddSubtract.tcl (RunTclFile)" time="0.197" />
  <testcase classname="ptolemy.util.test.junit.TclTests" name="[2] /home/travis/build/icyphy/ptII/ptolemy/actor/lib/test/Average.tcl (RunTclFile)" time="0.037" />
  <testcase classname="ptolemy.util.test.junit.TclTests" name="[3] /home/travis/build/icyphy/ptII/ptolemy/actor/lib/test/Bernoulli.tcl (RunTclFile)" time="0.018" />
  <testcase classname="ptolemy.util.test.junit.TclTests" name="[4] /home/travis/build/icyphy/ptII/ptolemy/actor/lib/test/Clock.tcl (RunTclFile)" time="0.102" />
  <testcase classname="ptolemy.util.test.junit.TclTests" name="[5] /home/travis/build/icyphy/ptII/ptolemy/actor/lib/test/Commutator.tcl (RunTclFile)" time="0.139" />
  <testcase classname="ptolemy.util.test.junit.TclTests" name="[6] /home/travis/build/icyphy/ptII/ptolemy/actor/lib/test/Const.tcl (RunTclFile)" time="0.122" />
  <testcase classname="ptolemy.util.test.junit.TclTests" name="[7] /home/travis/build/icyphy/ptII/ptolemy/actor/lib/test/CurrentTime.tcl (RunTclFile)" time="0.021" />
  <testcase classname="ptolemy.util.test.junit.TclTests" name="[8] /home/travis/build/icyphy/ptII/ptolemy/actor/lib/test/DB.tcl (RunTclFile)" time="0.023" />
  <testcase classname="ptolemy.util.test.junit.TclTests" name="[9] /home/travis/build/icyphy/ptII/ptolemy/actor/lib/test/DiscreteRandomSource.tcl (RunTclFile)" time="0.047" />
  <testcase classname="ptolemy.util.test.junit.TclTests" name="[10] /home/travis/build/icyphy/ptII/ptolemy/actor/lib/test/Distributor.tcl (RunTclFile)" time="0.089" />
  <testcase classname="ptolemy.util.test.junit.TclTests" name="[11] /home/travis/build/icyphy/ptII/ptolemy/actor/lib/test/Exit.tcl (RunTclFile)" time="0.095" />
  <testcase classname="ptolemy.util.test.junit.TclTests" name="[12] /home/travis/build/icyphy/ptII/ptolemy/actor/lib/test/Expression.tcl (RunTclFile)" time="0.074" />
  <testcase classname="ptolemy.util.test.junit.TclTests" name="[13] /home/travis/build/icyphy/ptII/ptolemy/actor/lib/test/Gaussian.tcl (RunTclFile)" time="1.025" />
  <testcase classname="ptolemy.util.test.junit.TclTests" name="[14] /home/travis/build/icyphy/ptII/ptolemy/actor/lib/test/IIR.tcl (RunTclFile)" time="0.045" />
  <testcase classname="ptolemy.util.test.junit.TclTests" name="[15] /home/travis/build/icyphy/ptII/ptolemy/actor/lib/test/Interpolator.tcl (RunTclFile)" time="0.105" />
  <testcase classname="ptolemy.util.test.junit.TclTests" name="[16] /home/travis/build/icyphy/ptII/ptolemy/actor/lib/test/MathFunction.tcl (RunTclFile)" time="0.079" />
  <testcase classname="ptolemy.util.test.junit.TclTests" name="[17] /home/travis/build/icyphy/ptII/ptolemy/actor/lib/test/Maximum.tcl (RunTclFile)" time="0.022" />
  <testcase classname="ptolemy.util.test.junit.TclTests" name="[18] /home/travis/build/icyphy/ptII/ptolemy/actor/lib/test/Minimum.tcl (RunTclFile)" time="0.021" />
  <testcase classname="ptolemy.util.test.junit.TclTests" name="[19] /home/travis/build/icyphy/ptII/ptolemy/actor/lib/test/MultiplyDivide.tcl (RunTclFile)" time="0.086" />
  <testcase classname="ptolemy.util.test.junit.TclTests" name="[20] /home/travis/build/icyphy/ptII/ptolemy/actor/lib/test/OrderedMerge.tcl (RunTclFile)" time="0.158" />
  <testcase classname="ptolemy.util.test.junit.TclTests" name="[21] /home/travis/build/icyphy/ptII/ptolemy/actor/lib/test/Publisher.tcl (RunTclFile)" time="0.848" />
  <testcase classname="ptolemy.util.test.junit.TclTests" name="[22] /home/travis/build/icyphy/ptII/ptolemy/actor/lib/test/Pulse.tcl (RunTclFile)" time="0.065" />
  <testcase classname="ptolemy.util.test.junit.TclTests" name="[23] /home/travis/build/icyphy/ptII/ptolemy/actor/lib/test/Ramp.tcl (RunTclFile)" time="2.145" />
  <testcase classname="ptolemy.util.test.junit.TclTests" name="[24] /home/travis/build/icyphy/ptII/ptolemy/actor/lib/test/RampContinuous.tcl (RunTclFile)" time="0.016" />
  <testcase classname="ptolemy.util.test.junit.TclTests" name="[25] /home/travis/build/icyphy/ptII/ptolemy/actor/lib/test/RecordAssembler.tcl (RunTclFile)" time="0.015" />
  <testcase classname="ptolemy.util.test.junit.TclTests" name="[26] /home/travis/build/icyphy/ptII/ptolemy/actor/lib/test/RecordDisassembler.tcl (RunTclFile)" time="0.018" />
  <testcase classname="ptolemy.util.test.junit.TclTests" name="[27] /home/travis/build/icyphy/ptII/ptolemy/actor/lib/test/Scale.tcl (RunTclFile)" time="0.023" />
  <testcase classname="ptolemy.util.test.junit.TclTests" name="[28] /home/travis/build/icyphy/ptII/ptolemy/actor/lib/test/SequentialClock.tcl (RunTclFile)" time="0.02" />
  <testcase classname="ptolemy.util.test.junit.TclTests" name="[29] /home/travis/build/icyphy/ptII/ptolemy/actor/lib/test/SetVariable.tcl (RunTclFile)" time="0.011" />
  <testcase classname="ptolemy.util.test.junit.TclTests" name="[30] /home/travis/build/icyphy/ptII/ptolemy/actor/lib/test/Sinewave.tcl (RunTclFile)" time="0.059" />
  <testcase classname="ptolemy.util.test.junit.TclTests" name="[31] /home/travis/build/icyphy/ptII/ptolemy/actor/lib/test/SubscriptionAggregator.tcl (RunTclFile)" time="1.962" />
  <testcase classname="ptolemy.util.test.junit.TclTests" name="[32] /home/travis/build/icyphy/ptII/ptolemy/actor/lib/test/Test.tcl (RunTclFile)" time="0.075" />
  <testcase classname="ptolemy.util.test.junit.TclTests" name="[33] /home/travis/build/icyphy/ptII/ptolemy/actor/lib/test/TestExceptionHandler.tcl (RunTclFile)" time="0.012" />
  <testcase classname="ptolemy.util.test.junit.TclTests" name="[34] /home/travis/build/icyphy/ptII/ptolemy/actor/lib/test/UnionDisassembler.tcl (RunTclFile)" time="0.055" />
  <testcase classname="ptolemy.util.test.junit.TclTests" name="[35] /home/travis/build/icyphy/ptII/ptolemy/actor/lib/test/VariableClock.tcl (RunTclFile)" time="0.016" />
  <testcase classname="ptolemy.util.test.junit.AutoKnownFailedTests" name="[0] /home/travis/build/icyphy/ptII/ptolemy/actor/lib/test/auto/knownFailedTests/PublisherPortToplevelSubscriber.xml (RunModel)" time="0.038" />
  <testcase classname="ptolemy.util.test.junit.AutoKnownFailedTests" name="[1] /home/travis/build/icyphy/ptII/ptolemy/actor/lib/test/auto/knownFailedTests/PublisherSubscriberPortToplevel.xml (RunModel)" time="0.017" />
  <testcase classname="ptolemy.util.test.junit.AutoKnownFailedTests" name="[2] /home/travis/build/icyphy/ptII/ptolemy/actor/lib/test/auto/knownFailedTests/PublisherSubscriptionAggregatorPort.xml (RunModel)" time="0.02" />
  <testcase classname="ptolemy.util.test.junit.AutoKnownFailedTests" name="[3] /home/travis/build/icyphy/ptII/ptolemy/actor/lib/test/auto/knownFailedTests/sizedarray3.xml (RunModel)" time="0.031" />
  <testcase classname="ptolemy.util.test.junit.AutoNameArchTests" name="[0] ThereAreNoAutoArchTests (RunModel)" time="0.006" />
  <testcase classname="ptolemy.util.test.junit.AutoTests" name="[0] /home/travis/build/icyphy/ptII/ptolemy/actor/lib/test/auto/AbsoluteValue.xml (RunModel)" time="0.091" />
  <testcase classname="ptolemy.util.test.junit.AutoTests" name="[1] /home/travis/build/icyphy/ptII/ptolemy/actor/lib/test/auto/AbsoluteValue2.xml (RunModel)" time="0.05" />
  <testcase classname="ptolemy.util.test.junit.AutoTests" name="[2] /home/travis/build/icyphy/ptII/ptolemy/actor/lib/test/auto/Accumulator.xml (RunModel)" time="0.057" />
  <testcase classname="ptolemy.util.test.junit.AutoTests" name="[3] /home/travis/build/icyphy/ptII/ptolemy/actor/lib/test/auto/Accumulator2.xml (RunModel)" time="0.132" />
  <testcase classname="ptolemy.util.test.junit.AutoTests" name="[4] /home/travis/build/icyphy/ptII/ptolemy/actor/lib/test/auto/Accumulator3.xml (RunModel)" time="0.031" />
  <testcase classname="ptolemy.util.test.junit.AutoTests" name="[5] /home/travis/build/icyphy/ptII/ptolemy/actor/lib/test/auto/ArrayAppend.xml (RunModel)" time="0.024" />
  <testcase classname="ptolemy.util.test.junit.AutoTests" name="[6] /home/travis/build/icyphy/ptII/ptolemy/actor/lib/test/auto/ArrayAppend2.xml (RunModel)" time="0.311" />
  <testcase classname="ptolemy.util.test.junit.AutoTests" name="[7] /home/travis/build/icyphy/ptII/ptolemy/actor/lib/test/auto/ArrayAppend3.xml (RunModel)" time="0.046" />
  <testcase classname="ptolemy.util.test.junit.AutoTests" name="[8] /home/travis/build/icyphy/ptII/ptolemy/actor/lib/test/auto/ArrayAppend4.xml (RunModel)" time="0.016" />
  <testcase classname="ptolemy.util.test.junit.AutoTests" name="[9] /home/travis/build/icyphy/ptII/ptolemy/actor/lib/test/auto/ArrayAppend5.xml (RunModel)" time="0.02" />
  <testcase classname="ptolemy.util.test.junit.AutoTests" name="[10] /home/travis/build/icyphy/ptII/ptolemy/actor/lib/test/auto/ArrayAppend6.xml (RunModel)" time="0.015" />
  <testcase classname="ptolemy.util.test.junit.AutoTests" name="[11] /home/travis/build/icyphy/ptII/ptolemy/actor/lib/test/auto/ArrayAppendPerformanceTest.xml (RunModel)" time="0.068" />
  <testcase classname="ptolemy.util.test.junit.AutoTests" name="[12] /home/travis/build/icyphy/ptII/ptolemy/actor/lib/test/auto/ArrayAppendWithEmptyInput.xml (RunModel)" time="0.04" />
  <testcase classname="ptolemy.util.test.junit.AutoTests" name="[13] /home/travis/build/icyphy/ptII/ptolemy/actor/lib/test/auto/ArrayAverage.xml (RunModel)" time="0.047" />
  <testcase classname="ptolemy.util.test.junit.AutoTests" name="[14] /home/travis/build/icyphy/ptII/ptolemy/actor/lib/test/auto/ArrayContains.xml (RunModel)" time="0.034" />
  <testcase classname="ptolemy.util.test.junit.AutoTests" name="[15] /home/travis/build/icyphy/ptII/ptolemy/actor/lib/test/auto/ArrayElement.xml (RunModel)" time="0.035" />
  <testcase classname="ptolemy.util.test.junit.AutoTests" name="[16] /home/travis/build/icyphy/ptII/ptolemy/actor/lib/test/auto/ArrayElementAsMatrix.xml (RunModel)" time="0.042" />
  <testcase classname="ptolemy.util.test.junit.AutoTests" name="[17] /home/travis/build/icyphy/ptII/ptolemy/actor/lib/test/auto/ArrayElementI.xml (RunModel)" time="0.027" />
  <testcase classname="ptolemy.util.test.junit.AutoTests" name="[18] /home/travis/build/icyphy/ptII/ptolemy/actor/lib/test/auto/ArrayExtract.xml (RunModel)" time="0.039" />
  <testcase classname="ptolemy.util.test.junit.AutoTests" name="[19] /home/travis/build/icyphy/ptII/ptolemy/actor/lib/test/auto/ArrayExtract2.xml (RunModel)" time="0.018" />
  <testcase classname="ptolemy.util.test.junit.AutoTests" name="[20] /home/travis/build/icyphy/ptII/ptolemy/actor/lib/test/auto/ArrayLength.xml (RunModel)" time="0.021" />
  <testcase classname="ptolemy.util.test.junit.AutoTests" name="[21] /home/travis/build/icyphy/ptII/ptolemy/actor/lib/test/auto/ArrayLevelCrossing.xml (RunModel)" time="0.024" />
  <testcase classname="ptolemy.util.test.junit.AutoTests" name="[22] /home/travis/build/icyphy/ptII/ptolemy/actor/lib/test/auto/ArrayLevelCrossing2.xml (RunModel)" time="0.026" />
  <testcase classname="ptolemy.util.test.junit.AutoTests" name="[23] /home/travis/build/icyphy/ptII/ptolemy/actor/lib/test/auto/ArrayPeakSearch.xml (RunModel)" time="0.04" />
  <testcase classname="ptolemy.util.test.junit.AutoTests" name="[24] /home/travis/build/icyphy/ptII/ptolemy/actor/lib/test/auto/ArrayPeakSearch2.xml (RunModel)" time="0.042" />
  <testcase classname="ptolemy.util.test.junit.AutoTests" name="[25] /home/travis/build/icyphy/ptII/ptolemy/actor/lib/test/auto/ArrayPeakSearch3.xml (RunModel)" time="0.033" />
  <testcase classname="ptolemy.util.test.junit.AutoTests" name="[26] /home/travis/build/icyphy/ptII/ptolemy/actor/lib/test/auto/ArrayRemoveElement.xml (RunModel)" time="0.03" />
  <testcase classname="ptolemy.util.test.junit.AutoTests" name="[27] /home/travis/build/icyphy/ptII/ptolemy/actor/lib/test/auto/ArraySort.xml (RunModel)" time="0.035" />
  <testcase classname="ptolemy.util.test.junit.AutoTests" name="[28] /home/travis/build/icyphy/ptII/ptolemy/actor/lib/test/auto/ArraySum.xml (RunModel)" time="0.02" />
  <testcase classname="ptolemy.util.test.junit.AutoTests" name="[29] /home/travis/build/icyphy/ptII/ptolemy/actor/lib/test/auto/ArrayToElements.xml (RunModel)" time="0.022" />
  <testcase classname="ptolemy.util.test.junit.AutoTests" name="[30] /home/travis/build/icyphy/ptII/ptolemy/actor/lib/test/auto/ArrayToMatrix.xml (RunModel)" time="0.054" />
  <testcase classname="ptolemy.util.test.junit.AutoTests" name="[31] /home/travis/build/icyphy/ptII/ptolemy/actor/lib/test/auto/ArrayUpdate1.xml (RunModel)" time="0.021" />
  <testcase classname="ptolemy.util.test.junit.AutoTests" name="[32] /home/travis/build/icyphy/ptII/ptolemy/actor/lib/test/auto/ArrayUpdate2.xml (RunModel)" time="0.015" />
  <testcase classname="ptolemy.util.test.junit.AutoTests" name="[33] /home/travis/build/icyphy/ptII/ptolemy/actor/lib/test/auto/ArrayUpdate3.xml (RunModel)" time="0.016" />
  <testcase classname="ptolemy.util.test.junit.AutoTests" name="[34] /home/travis/build/icyphy/ptII/ptolemy/actor/lib/test/auto/Assert1.xml (RunModel)" time="0.019" />
  <testcase classname="ptolemy.util.test.junit.AutoTests" name="[35] /home/travis/build/icyphy/ptII/ptolemy/actor/lib/test/auto/Assert2.xml (RunModel)" time="0.016" />
  <testcase classname="ptolemy.util.test.junit.AutoTests" name="[36] /home/travis/build/icyphy/ptII/ptolemy/actor/lib/test/auto/BooleanMultiplexor.xml (RunModel)" time="0.013" />
  <testcase classname="ptolemy.util.test.junit.AutoTests" name="[37] /home/travis/build/icyphy/ptII/ptolemy/actor/lib/test/auto/BooleanMultiplexor2.xml (RunModel)" time="0.025" />
  <testcase classname="ptolemy.util.test.junit.AutoTests" name="[38] /home/travis/build/icyphy/ptII/ptolemy/actor/lib/test/auto/BooleanMultiplexor3.xml (RunModel)" time="0.017" />
  <testcase classname="ptolemy.util.test.junit.AutoTests" name="[39] /home/travis/build/icyphy/ptII/ptolemy/actor/lib/test/auto/BooleanSelect.xml (RunModel)" time="0.026" />
  <testcase classname="ptolemy.util.test.junit.AutoTests" name="[40] /home/travis/build/icyphy/ptII/ptolemy/actor/lib/test/auto/BooleanSelect2.xml (RunModel)" time="0.014" />
  <testcase classname="ptolemy.util.test.junit.AutoTests" name="[41] /home/travis/build/icyphy/ptII/ptolemy/actor/lib/test/auto/BooleanSwitch.xml (RunModel)" time="0.022" />
  <testcase classname="ptolemy.util.test.junit.AutoTests" name="[42] /home/travis/build/icyphy/ptII/ptolemy/actor/lib/test/auto/BooleanSwitch2.xml (RunModel)" time="0.022" />
  <testcase classname="ptolemy.util.test.junit.AutoTests" name="[43] /home/travis/build/icyphy/ptII/ptolemy/actor/lib/test/auto/BooleanSwitchCloningBugWithClassRelationGroup.xml (RunModel)" time="0.036" />
  <testcase classname="ptolemy.util.test.junit.AutoTests" name="[44] /home/travis/build/icyphy/ptII/ptolemy/actor/lib/test/auto/BusActors.xml (RunModel)" time="0.039" />
  <testcase classname="ptolemy.util.test.junit.AutoTests" name="[45] /home/travis/build/icyphy/ptII/ptolemy/actor/lib/test/auto/ClassWrapper.xml (RunModel)" time="0.022" />
  <testcase classname="ptolemy.util.test.junit.AutoTests" name="[46] /home/travis/build/icyphy/ptII/ptolemy/actor/lib/test/auto/Clock.xml (RunModel)" time="0.009" />
  <testcase classname="ptolemy.util.test.junit.AutoTests" name="[47] /home/travis/build/icyphy/ptII/ptolemy/actor/lib/test/auto/Clock10.xml (RunModel)" time="0.024" />
  <testcase classname="ptolemy.util.test.junit.AutoTests" name="[48] /home/travis/build/icyphy/ptII/ptolemy/actor/lib/test/auto/Clock11.xml (RunModel)" time="0.023" />
  <testcase classname="ptolemy.util.test.junit.AutoTests" name="[49] /home/travis/build/icyphy/ptII/ptolemy/actor/lib/test/auto/Clock12.xml (RunModel)" time="0.02" />
  <testcase classname="ptolemy.util.test.junit.AutoTests" name="[50] /home/travis/build/icyphy/ptII/ptolemy/actor/lib/test/auto/Clock13.xml (RunModel)" time="0.018" />
  <testcase classname="ptolemy.util.test.junit.AutoTests" name="[51] /home/travis/build/icyphy/ptII/ptolemy/actor/lib/test/auto/Clock14.xml (RunModel)" time="0.018" />
  <testcase classname="ptolemy.util.test.junit.AutoTests" name="[52] /home/travis/build/icyphy/ptII/ptolemy/actor/lib/test/auto/Clock15.xml (RunModel)" time="0.017" />
  <testcase classname="ptolemy.util.test.junit.AutoTests" name="[53] /home/travis/build/icyphy/ptII/ptolemy/actor/lib/test/auto/Clock16.xml (RunModel)" time="0.107" />
  <testcase classname="ptolemy.util.test.junit.AutoTests" name="[54] /home/travis/build/icyphy/ptII/ptolemy/actor/lib/test/auto/Clock17.xml (RunModel)" time="0.077" />
  <testcase classname="ptolemy.util.test.junit.AutoTests" name="[55] /home/travis/build/icyphy/ptII/ptolemy/actor/lib/test/auto/Clock18.xml (RunModel)" time="0.057" />
  <testcase classname="ptolemy.util.test.junit.AutoTests" name="[56] /home/travis/build/icyphy/ptII/ptolemy/actor/lib/test/auto/Clock19.xml (RunModel)" time="0.047" />
  <testcase classname="ptolemy.util.test.junit.AutoTests" name="[57] /home/travis/build/icyphy/ptII/ptolemy/actor/lib/test/auto/Clock2.xml (RunModel)" time="0.015" />
  <testcase classname="ptolemy.util.test.junit.AutoTests" name="[58] /home/travis/build/icyphy/ptII/ptolemy/actor/lib/test/auto/Clock20.xml (RunModel)" time="0.024" />
  <testcase classname="ptolemy.util.test.junit.AutoTests" name="[59] /home/travis/build/icyphy/ptII/ptolemy/actor/lib/test/auto/Clock21.xml (RunModel)" time="0.026" />
  <testcase classname="ptolemy.util.test.junit.AutoTests" name="[60] /home/travis/build/icyphy/ptII/ptolemy/actor/lib/test/auto/Clock22.xml (RunModel)" time="0.021" />
  <testcase classname="ptolemy.util.test.junit.AutoTests" name="[61] /home/travis/build/icyphy/ptII/ptolemy/actor/lib/test/auto/Clock23.xml (RunModel)" time="0.02" />
  <testcase classname="ptolemy.util.test.junit.AutoTests" name="[62] /home/travis/build/icyphy/ptII/ptolemy/actor/lib/test/auto/Clock24.xml (RunModel)" time="0.016" />
  <testcase classname="ptolemy.util.test.junit.AutoTests" name="[63] /home/travis/build/icyphy/ptII/ptolemy/actor/lib/test/auto/Clock4.xml (RunModel)" time="0.013" />
  <testcase classname="ptolemy.util.test.junit.AutoTests" name="[64] /home/travis/build/icyphy/ptII/ptolemy/actor/lib/test/auto/Clock5.xml (RunModel)" time="0.012" />
  <testcase classname="ptolemy.util.test.junit.AutoTests" name="[65] /home/travis/build/icyphy/ptII/ptolemy/actor/lib/test/auto/Clock6.xml (RunModel)" time="0.01" />
  <testcase classname="ptolemy.util.test.junit.AutoTests" name="[66] /home/travis/build/icyphy/ptII/ptolemy/actor/lib/test/auto/Clock7.xml (RunModel)" time="0.011" />
  <testcase classname="ptolemy.util.test.junit.AutoTests" name="[67] /home/travis/build/icyphy/ptII/ptolemy/actor/lib/test/auto/Clock8.xml (RunModel)" time="0.015" />
  <testcase classname="ptolemy.util.test.junit.AutoTests" name="[68] /home/travis/build/icyphy/ptII/ptolemy/actor/lib/test/auto/Clock9.xml (RunModel)" time="0.016" />
  <testcase classname="ptolemy.util.test.junit.AutoTests" name="[69] /home/travis/build/icyphy/ptII/ptolemy/actor/lib/test/auto/CommDistDiscard.xml (RunModel)" time="0.024" />
  <testcase classname="ptolemy.util.test.junit.AutoTests" name="[70] /home/travis/build/icyphy/ptII/ptolemy/actor/lib/test/auto/Commutator.xml (RunModel)" time="0.015" />
  <testcase classname="ptolemy.util.test.junit.AutoTests" name="[71] /home/travis/build/icyphy/ptII/ptolemy/actor/lib/test/auto/Commutator2.xml (RunModel)" time="0.009" />
  <testcase classname="ptolemy.util.test.junit.AutoTests" name="[72] /home/travis/build/icyphy/ptII/ptolemy/actor/lib/test/auto/Commutator3.xml (RunModel)" time="0.011" />
  <testcase classname="ptolemy.util.test.junit.AutoTests" name="[73] /home/travis/build/icyphy/ptII/ptolemy/actor/lib/test/auto/Compare.xml (RunModel)" time="0.019" />
  <testcase classname="ptolemy.util.test.junit.AutoTests" name="[74] /home/travis/build/icyphy/ptII/ptolemy/actor/lib/test/auto/CompareDE.xml (RunModel)" time="0.015" />
  <testcase classname="ptolemy.util.test.junit.AutoTests" name="[75] /home/travis/build/icyphy/ptII/ptolemy/actor/lib/test/auto/ComplexDivide.xml (RunModel)" time="0.008" />
  <testcase classname="ptolemy.util.test.junit.AutoTests" name="[76] /home/travis/build/icyphy/ptII/ptolemy/actor/lib/test/auto/ComputeHistogram.xml (RunModel)" time="0.065" />
  <testcase classname="ptolemy.util.test.junit.AutoTests" name="[77] /home/travis/build/icyphy/ptII/ptolemy/actor/lib/test/auto/ConfigurationSelect.xml (RunModel)" time="0.021" />
  <testcase classname="ptolemy.util.test.junit.AutoTests" name="[78] /home/travis/build/icyphy/ptII/ptolemy/actor/lib/test/auto/ConfigurationSelect2.xml (RunModel)" time="0.018" />
  <testcase classname="ptolemy.util.test.junit.AutoTests" name="[79] /home/travis/build/icyphy/ptII/ptolemy/actor/lib/test/auto/ConfigurationSwitch.xml (RunModel)" time="0.023" />
  <testcase classname="ptolemy.util.test.junit.AutoTests" name="[80] /home/travis/build/icyphy/ptII/ptolemy/actor/lib/test/auto/ConfigurationSwitch2.xml (RunModel)" time="0.037" />
  <testcase classname="ptolemy.util.test.junit.AutoTests" name="[81] /home/travis/build/icyphy/ptII/ptolemy/actor/lib/test/auto/ConfigurationSwitchCloningBugWithClassRelationGroup.xml (RunModel)" time="0.024" />
  <testcase classname="ptolemy.util.test.junit.AutoTests" name="[82] /home/travis/build/icyphy/ptII/ptolemy/actor/lib/test/auto/ConfigurationSwitchSelectSDF.xml (RunModel)" time="0.015" />
  <testcase classname="ptolemy.util.test.junit.AutoTests" name="[83] /home/travis/build/icyphy/ptII/ptolemy/actor/lib/test/auto/ConfigurationSwitchSelectSDF2.xml (RunModel)" time="0.015" />
  <testcase classname="ptolemy.util.test.junit.AutoTests" name="[84] /home/travis/build/icyphy/ptII/ptolemy/actor/lib/test/auto/Const.xml (RunModel)" time="0.007" />
  <testcase classname="ptolemy.util.test.junit.AutoTests" name="[85] /home/travis/build/icyphy/ptII/ptolemy/actor/lib/test/auto/Const2.xml (RunModel)" time="0.012" />
  <testcase classname="ptolemy.util.test.junit.AutoTests" name="[86] /home/travis/build/icyphy/ptII/ptolemy/actor/lib/test/auto/Const3.xml (RunModel)" time="0.011" />
  <testcase classname="ptolemy.util.test.junit.AutoTests" name="[87] /home/travis/build/icyphy/ptII/ptolemy/actor/lib/test/auto/ConstantPublisherPort1.xml (RunModel)" time="0.024" />
  <testcase classname="ptolemy.util.test.junit.AutoTests" name="[88] /home/travis/build/icyphy/ptII/ptolemy/actor/lib/test/auto/ConstantPublisherPort2.xml (RunModel)" time="0.03" />
  <testcase classname="ptolemy.util.test.junit.AutoTests" name="[89] /home/travis/build/icyphy/ptII/ptolemy/actor/lib/test/auto/ConstantPublisherPort3.xml (RunModel)" time="0.02" />
  <testcase classname="ptolemy.util.test.junit.AutoTests" name="[90] /home/travis/build/icyphy/ptII/ptolemy/actor/lib/test/auto/ConstantPublisherPort4.xml (RunModel)" time="0.015" />
  <testcase classname="ptolemy.util.test.junit.AutoTests" name="[91] /home/travis/build/icyphy/ptII/ptolemy/actor/lib/test/auto/ConstantPublisherPort5.xml (RunModel)" time="0.045" />
  <testcase classname="ptolemy.util.test.junit.AutoTests" name="[92] /home/travis/build/icyphy/ptII/ptolemy/actor/lib/test/auto/ConstantPublisherPort6.xml (RunModel)" time="0.028" />
  <testcase classname="ptolemy.util.test.junit.AutoTests" name="[93] /home/travis/build/icyphy/ptII/ptolemy/actor/lib/test/auto/ConstantPublisherPort7.xml (RunModel)" time="0.046" />
  <testcase classname="ptolemy.util.test.junit.AutoTests" name="[94] /home/travis/build/icyphy/ptII/ptolemy/actor/lib/test/auto/ConstraintMonitor1.xml (RunModel)" time="0.04" />
  <testcase classname="ptolemy.util.test.junit.AutoTests" name="[95] /home/travis/build/icyphy/ptII/ptolemy/actor/lib/test/auto/ConstraintMonitor2.xml (RunModel)" time="0.013" />
  <testcase classname="ptolemy.util.test.junit.AutoTests" name="[96] /home/travis/build/icyphy/ptII/ptolemy/actor/lib/test/auto/ConstraintMonitor3.xml (RunModel)" time="0.009" />
  <testcase classname="ptolemy.util.test.junit.AutoTests" name="[97] /home/travis/build/icyphy/ptII/ptolemy/actor/lib/test/auto/ConstraintMonitor4.xml (RunModel)" time="0.016" />
  <testcase classname="ptolemy.util.test.junit.AutoTests" name="[98] /home/travis/build/icyphy/ptII/ptolemy/actor/lib/test/auto/ConstraintMonitor5.xml (RunModel)" time="0.011" />
  <testcase classname="ptolemy.util.test.junit.AutoTests" name="[99] /home/travis/build/icyphy/ptII/ptolemy/actor/lib/test/auto/ConstraintMonitor6.xml (RunModel)" time="0.013" />
  <testcase classname="ptolemy.util.test.junit.AutoTests" name="[100] /home/travis/build/icyphy/ptII/ptolemy/actor/lib/test/auto/ConstraintMonitor7.xml (RunModel)" time="0.014" />
  <testcase classname="ptolemy.util.test.junit.AutoTests" name="[101] /home/travis/build/icyphy/ptII/ptolemy/actor/lib/test/auto/ConstraintMonitor8.xml (RunModel)" time="0.018" />
  <testcase classname="ptolemy.util.test.junit.AutoTests" name="[102] /home/travis/build/icyphy/ptII/ptolemy/actor/lib/test/auto/Counter.xml (RunModel)" time="0.013" />
  <testcase classname="ptolemy.util.test.junit.AutoTests" name="[103] /home/travis/build/icyphy/ptII/ptolemy/actor/lib/test/auto/CurrentTimeSDF.xml (RunModel)" time="0.009" />
  <testcase classname="ptolemy.util.test.junit.AutoTests" name="[104] /home/travis/build/icyphy/ptII/ptolemy/actor/lib/test/auto/DB.xml (RunModel)" time="0.013" />
  <testcase classname="ptolemy.util.test.junit.AutoTests" name="[105] /home/travis/build/icyphy/ptII/ptolemy/actor/lib/test/auto/DBDE.xml (RunModel)" time="0.019" />
  <testcase classname="ptolemy.util.test.junit.AutoTests" name="[106] /home/travis/build/icyphy/ptII/ptolemy/actor/lib/test/auto/DateConstructor.xml (RunModel)" time="0.065" />
  <testcase classname="ptolemy.util.test.junit.AutoTests" name="[107] /home/travis/build/icyphy/ptII/ptolemy/actor/lib/test/auto/DelayTime.xml (RunModel)" time="0.018" />
  <testcase classname="ptolemy.util.test.junit.AutoTests" name="[108] /home/travis/build/icyphy/ptII/ptolemy/actor/lib/test/auto/Dictionary1.xml (RunModel)" time="0.017" />
  <testcase classname="ptolemy.util.test.junit.AutoTests" name="[109] /home/travis/build/icyphy/ptII/ptolemy/actor/lib/test/auto/Dictionary2.xml (RunModel)" time="0.013" />
  <testcase classname="ptolemy.util.test.junit.AutoTests" name="[110] /home/travis/build/icyphy/ptII/ptolemy/actor/lib/test/auto/Dictionary3.xml (RunModel)" time="0.012" />
  <testcase classname="ptolemy.util.test.junit.AutoTests" name="[111] /home/travis/build/icyphy/ptII/ptolemy/actor/lib/test/auto/Dictionary4.xml (RunModel)" time="0.017" />
  <testcase classname="ptolemy.util.test.junit.AutoTests" name="[112] /home/travis/build/icyphy/ptII/ptolemy/actor/lib/test/auto/Differential.xml (RunModel)" time="0.015" />
  <testcase classname="ptolemy.util.test.junit.AutoTests" name="[113] /home/travis/build/icyphy/ptII/ptolemy/actor/lib/test/auto/Director.xml (RunModel)" time="0.011" />
  <testcase classname="ptolemy.util.test.junit.AutoTests" name="[114] /home/travis/build/icyphy/ptII/ptolemy/actor/lib/test/auto/DiscreteClock.xml (RunModel)" time="0.009" />
  <testcase classname="ptolemy.util.test.junit.AutoTests" name="[115] /home/travis/build/icyphy/ptII/ptolemy/actor/lib/test/auto/DiscreteClock10.xml (RunModel)" time="0.014" />
  <testcase classname="ptolemy.util.test.junit.AutoTests" name="[116] /home/travis/build/icyphy/ptII/ptolemy/actor/lib/test/auto/DiscreteClock11.xml (RunModel)" time="0.012" />
  <testcase classname="ptolemy.util.test.junit.AutoTests" name="[117] /home/travis/build/icyphy/ptII/ptolemy/actor/lib/test/auto/DiscreteClock12.xml (RunModel)" time="0.012" />
  <testcase classname="ptolemy.util.test.junit.AutoTests" name="[118] /home/travis/build/icyphy/ptII/ptolemy/actor/lib/test/auto/DiscreteClock13.xml (RunModel)" time="0.015" />
  <testcase classname="ptolemy.util.test.junit.AutoTests" name="[119] /home/travis/build/icyphy/ptII/ptolemy/actor/lib/test/auto/DiscreteClock14.xml (RunModel)" time="0.015" />
  <testcase classname="ptolemy.util.test.junit.AutoTests" name="[120] /home/travis/build/icyphy/ptII/ptolemy/actor/lib/test/auto/DiscreteClock15.xml (RunModel)" time="0.015" />
  <testcase classname="ptolemy.util.test.junit.AutoTests" name="[121] /home/travis/build/icyphy/ptII/ptolemy/actor/lib/test/auto/DiscreteClock16.xml (RunModel)" time="0.041" />
  <testcase classname="ptolemy.util.test.junit.AutoTests" name="[122] /home/travis/build/icyphy/ptII/ptolemy/actor/lib/test/auto/DiscreteClock17.xml (RunModel)" time="0.05" />
  <testcase classname="ptolemy.util.test.junit.AutoTests" name="[123] /home/travis/build/icyphy/ptII/ptolemy/actor/lib/test/auto/DiscreteClock18.xml (RunModel)" time="0.069" />
  <testcase classname="ptolemy.util.test.junit.AutoTests" name="[124] /home/travis/build/icyphy/ptII/ptolemy/actor/lib/test/auto/DiscreteClock19.xml (RunModel)" time="0.053" />
  <testcase classname="ptolemy.util.test.junit.AutoTests" name="[125] /home/travis/build/icyphy/ptII/ptolemy/actor/lib/test/auto/DiscreteClock2.xml (RunModel)" time="0.012" />
  <testcase classname="ptolemy.util.test.junit.AutoTests" name="[126] /home/travis/build/icyphy/ptII/ptolemy/actor/lib/test/auto/DiscreteClock20.xml (RunModel)" time="0.016" />
  <testcase classname="ptolemy.util.test.junit.AutoTests" name="[127] /home/travis/build/icyphy/ptII/ptolemy/actor/lib/test/auto/DiscreteClock21.xml (RunModel)" time="0.017" />
  <testcase classname="ptolemy.util.test.junit.AutoTests" name="[128] /home/travis/build/icyphy/ptII/ptolemy/actor/lib/test/auto/DiscreteClock22.xml (RunModel)" time="0.015" />
  <testcase classname="ptolemy.util.test.junit.AutoTests" name="[129] /home/travis/build/icyphy/ptII/ptolemy/actor/lib/test/auto/DiscreteClock23.xml (RunModel)" time="0.021" />
  <testcase classname="ptolemy.util.test.junit.AutoTests" name="[130] /home/travis/build/icyphy/ptII/ptolemy/actor/lib/test/auto/DiscreteClock24.xml (RunModel)" time="0.016" />
  <testcase classname="ptolemy.util.test.junit.AutoTests" name="[131] /home/travis/build/icyphy/ptII/ptolemy/actor/lib/test/auto/DiscreteClock4.xml (RunModel)" time="0.013" />
  <testcase classname="ptolemy.util.test.junit.AutoTests" name="[132] /home/travis/build/icyphy/ptII/ptolemy/actor/lib/test/auto/DiscreteClock5.xml (RunModel)" time="0.011" />
  <testcase classname="ptolemy.util.test.junit.AutoTests" name="[133] /home/travis/build/icyphy/ptII/ptolemy/actor/lib/test/auto/DiscreteClock6.xml (RunModel)" time="0.012" />
  <testcase classname="ptolemy.util.test.junit.AutoTests" name="[134] /home/travis/build/icyphy/ptII/ptolemy/actor/lib/test/auto/DiscreteClock7.xml (RunModel)" time="0.011" />
  <testcase classname="ptolemy.util.test.junit.AutoTests" name="[135] /home/travis/build/icyphy/ptII/ptolemy/actor/lib/test/auto/DiscreteClock8.xml (RunModel)" time="0.038" />
  <testcase classname="ptolemy.util.test.junit.AutoTests" name="[136] /home/travis/build/icyphy/ptII/ptolemy/actor/lib/test/auto/DiscreteClock9.xml (RunModel)" time="0.011" />
  <testcase classname="ptolemy.util.test.junit.AutoTests" name="[137] /home/travis/build/icyphy/ptII/ptolemy/actor/lib/test/auto/DisplayArray.xml (RunModel)" time="0.01" />
  <testcase classname="ptolemy.util.test.junit.AutoTests" name="[138] /home/travis/build/icyphy/ptII/ptolemy/actor/lib/test/auto/Distributor.xml (RunModel)" time="0.01" />
  <testcase classname="ptolemy.util.test.junit.AutoTests" name="[139] /home/travis/build/icyphy/ptII/ptolemy/actor/lib/test/auto/Distributor2.xml (RunModel)" time="0.012" />
  <testcase classname="ptolemy.util.test.junit.AutoTests" name="[140] /home/travis/build/icyphy/ptII/ptolemy/actor/lib/test/auto/DownSample.xml (RunModel)" time="0.01" />
  <testcase classname="ptolemy.util.test.junit.AutoTests" name="[141] /home/travis/build/icyphy/ptII/ptolemy/actor/lib/test/auto/ElectronicUnitBase1.xml (RunModel)" time="0.06" />
  <testcase classname="ptolemy.util.test.junit.AutoTests" name="[142] /home/travis/build/icyphy/ptII/ptolemy/actor/lib/test/auto/ElementsToArray.xml (RunModel)" time="0.014" />
  <testcase classname="ptolemy.util.test.junit.AutoTests" name="[143] /home/travis/build/icyphy/ptII/ptolemy/actor/lib/test/auto/Equals.xml (RunModel)" time="0.014" />
  <testcase classname="ptolemy.util.test.junit.AutoTests" name="[144] /home/travis/build/icyphy/ptII/ptolemy/actor/lib/test/auto/Exec.xml (RunModel)" time="0.028" />
  <testcase classname="ptolemy.util.test.junit.AutoTests" name="[145] /home/travis/build/icyphy/ptII/ptolemy/actor/lib/test/auto/ExecEnvironment.xml (RunModel)" time="0.042" />
  <testcase classname="ptolemy.util.test.junit.AutoTests" name="[146] /home/travis/build/icyphy/ptII/ptolemy/actor/lib/test/auto/ExecNonZeroReturnOutput.xml (RunModel)" time="0.19" />
  <testcase classname="ptolemy.util.test.junit.AutoTests" name="[147] /home/travis/build/icyphy/ptII/ptolemy/actor/lib/test/auto/ExecRunDemos.xml (RunModel)" time="10.497" />
  <testcase classname="ptolemy.util.test.junit.AutoTests" name="[148] /home/travis/build/icyphy/ptII/ptolemy/actor/lib/test/auto/ExecStop.xml (RunModel)" time="5.035" />
  <testcase classname="ptolemy.util.test.junit.AutoTests" name="[149] /home/travis/build/icyphy/ptII/ptolemy/actor/lib/test/auto/ExecutionTimeSDF.xml (RunModel)" time="6.027" />
  <testcase classname="ptolemy.util.test.junit.AutoTests" name="[150] /home/travis/build/icyphy/ptII/ptolemy/actor/lib/test/auto/Expression1.xml (RunModel)" time="0.008" />
  <testcase classname="ptolemy.util.test.junit.AutoTests" name="[151] /home/travis/build/icyphy/ptII/ptolemy/actor/lib/test/auto/Expression10.xml (RunModel)" time="0.015" />
  <testcase classname="ptolemy.util.test.junit.AutoTests" name="[152] /home/travis/build/icyphy/ptII/ptolemy/actor/lib/test/auto/Expression11.xml (RunModel)" time="0.027" />
  <testcase classname="ptolemy.util.test.junit.AutoTests" name="[153] /home/travis/build/icyphy/ptII/ptolemy/actor/lib/test/auto/Expression12.xml (RunModel)" time="0.014" />
  <testcase classname="ptolemy.util.test.junit.AutoTests" name="[154] /home/travis/build/icyphy/ptII/ptolemy/actor/lib/test/auto/Expression13.xml (RunModel)" time="0.013" />
  <testcase classname="ptolemy.util.test.junit.AutoTests" name="[155] /home/travis/build/icyphy/ptII/ptolemy/actor/lib/test/auto/Expression14.xml (RunModel)" time="0.021" />
  <testcase classname="ptolemy.util.test.junit.AutoTests" name="[156] /home/travis/build/icyphy/ptII/ptolemy/actor/lib/test/auto/Expression15.xml (RunModel)" time="0.008" />
  <testcase classname="ptolemy.util.test.junit.AutoTests" name="[157] /home/travis/build/icyphy/ptII/ptolemy/actor/lib/test/auto/Expression16.xml (RunModel)" time="0.013" />
  <testcase classname="ptolemy.util.test.junit.AutoTests" name="[158] /home/travis/build/icyphy/ptII/ptolemy/actor/lib/test/auto/Expression17.xml (RunModel)" time="0.01" />
  <testcase classname="ptolemy.util.test.junit.AutoTests" name="[159] /home/travis/build/icyphy/ptII/ptolemy/actor/lib/test/auto/Expression18.xml (RunModel)" time="0.013" />
  <testcase classname="ptolemy.util.test.junit.AutoTests" name="[160] /home/travis/build/icyphy/ptII/ptolemy/actor/lib/test/auto/Expression2.xml (RunModel)" time="0.013" />
  <testcase classname="ptolemy.util.test.junit.AutoTests" name="[161] /home/travis/build/icyphy/ptII/ptolemy/actor/lib/test/auto/Expression3.xml (RunModel)" time="0.014" />
  <testcase classname="ptolemy.util.test.junit.AutoTests" name="[162] /home/travis/build/icyphy/ptII/ptolemy/actor/lib/test/auto/Expression4.xml (RunModel)" time="0.018" />
  <testcase classname="ptolemy.util.test.junit.AutoTests" name="[163] /home/travis/build/icyphy/ptII/ptolemy/actor/lib/test/auto/Expression5.xml (RunModel)" time="0.012" />
  <testcase classname="ptolemy.util.test.junit.AutoTests" name="[164] /home/travis/build/icyphy/ptII/ptolemy/actor/lib/test/auto/Expression6.xml (RunModel)" time="0.009" />
  <testcase classname="ptolemy.util.test.junit.AutoTests" name="[165] /home/travis/build/icyphy/ptII/ptolemy/actor/lib/test/auto/Expression7.xml (RunModel)" time="0.011" />
  <testcase classname="ptolemy.util.test.junit.AutoTests" name="[166] /home/travis/build/icyphy/ptII/ptolemy/actor/lib/test/auto/Expression8.xml (RunModel)" time="0.016" />
  <testcase classname="ptolemy.util.test.junit.AutoTests" name="[167] /home/travis/build/icyphy/ptII/ptolemy/actor/lib/test/auto/Expression9.xml (RunModel)" time="0.008" />
  <testcase classname="ptolemy.util.test.junit.AutoTests" name="[168] /home/travis/build/icyphy/ptII/ptolemy/actor/lib/test/auto/ExpressionConcatenateArrayType.xml (RunModel)" time="0.043" />
  <testcase classname="ptolemy.util.test.junit.AutoTests" name="[169] /home/travis/build/icyphy/ptII/ptolemy/actor/lib/test/auto/ExpressionConcatenateArrayType2.xml (RunModel)" time="0.022" />
  <testcase classname="ptolemy.util.test.junit.AutoTests" name="[170] /home/travis/build/icyphy/ptII/ptolemy/actor/lib/test/auto/ExpressionFix.xml (RunModel)" time="0.044" />
  <testcase classname="ptolemy.util.test.junit.AutoTests" name="[171] /home/travis/build/icyphy/ptII/ptolemy/actor/lib/test/auto/ExpressionFix2.xml (RunModel)" time="0.013" />
  <testcase classname="ptolemy.util.test.junit.AutoTests" name="[172] /home/travis/build/icyphy/ptII/ptolemy/actor/lib/test/auto/ExpressionFix3.xml (RunModel)" time="0.013" />
  <testcase classname="ptolemy.util.test.junit.AutoTests" name="[173] /home/travis/build/icyphy/ptII/ptolemy/actor/lib/test/auto/FileWriter1.xml (RunModel)" time="0.009" />
  <testcase classname="ptolemy.util.test.junit.AutoTests" name="[174] /home/travis/build/icyphy/ptII/ptolemy/actor/lib/test/auto/FileWriter2.xml (RunModel)" time="0.018" />
  <testcase classname="ptolemy.util.test.junit.AutoTests" name="[175] /home/travis/build/icyphy/ptII/ptolemy/actor/lib/test/auto/FileWriter3.xml (RunModel)" time="0.013" />
  <testcase classname="ptolemy.util.test.junit.AutoTests" name="[176] /home/travis/build/icyphy/ptII/ptolemy/actor/lib/test/auto/Gaussian.xml (RunModel)" time="0.012" />
  <testcase classname="ptolemy.util.test.junit.AutoTests" name="[177] /home/travis/build/icyphy/ptII/ptolemy/actor/lib/test/auto/Gaussian1.xml (RunModel)" time="0.019" />
  <testcase classname="ptolemy.util.test.junit.AutoTests" name="[178] /home/travis/build/icyphy/ptII/ptolemy/actor/lib/test/auto/Gaussian2.xml (RunModel)" time="0.017" />
  <testcase classname="ptolemy.util.test.junit.AutoTests" name="[179] /home/travis/build/icyphy/ptII/ptolemy/actor/lib/test/auto/GradientAdaptiveLattice.xml (RunModel)" time="0.015" />
  <testcase classname="ptolemy.util.test.junit.AutoTests" name="[180] /home/travis/build/icyphy/ptII/ptolemy/actor/lib/test/auto/IIR.xml (RunModel)" time="0.01" />
  <testcase classname="ptolemy.util.test.junit.AutoTests" name="[181] /home/travis/build/icyphy/ptII/ptolemy/actor/lib/test/auto/InputOutputTransparentPorts.xml (RunModel)" time="0.016" />
  <testcase classname="ptolemy.util.test.junit.AutoTests" name="[182] /home/travis/build/icyphy/ptII/ptolemy/actor/lib/test/auto/Interpolator.xml (RunModel)" time="0.014" />
  <testcase classname="ptolemy.util.test.junit.AutoTests" name="[183] /home/travis/build/icyphy/ptII/ptolemy/actor/lib/test/auto/InterpolatorFiringLimitDE.xml (RunModel)" time="0.014" />
  <testcase classname="ptolemy.util.test.junit.AutoTests" name="[184] /home/travis/build/icyphy/ptII/ptolemy/actor/lib/test/auto/Lattice.xml (RunModel)" time="0.012" />
  <testcase classname="ptolemy.util.test.junit.AutoTests" name="[185] /home/travis/build/icyphy/ptII/ptolemy/actor/lib/test/auto/LazyAOCTestLazy.xml (RunModel)" time="0.034" />
  <testcase classname="ptolemy.util.test.junit.AutoTests" name="[186] /home/travis/build/icyphy/ptII/ptolemy/actor/lib/test/auto/LazyAOCTestNonLazy.xml (RunModel)" time="0.052" />
  <testcase classname="ptolemy.util.test.junit.AutoTests" name="[187] /home/travis/build/icyphy/ptII/ptolemy/actor/lib/test/auto/LazyInnerClass.xml (RunModel)" time="0.035" />
  <testcase classname="ptolemy.util.test.junit.AutoTests" name="[188] /home/travis/build/icyphy/ptII/ptolemy/actor/lib/test/auto/LazyPubSub.xml (RunModel)" time="0.058" />
  <testcase classname="ptolemy.util.test.junit.AutoTests" name="[189] /home/travis/build/icyphy/ptII/ptolemy/actor/lib/test/auto/LazyPubSub2.xml (RunModel)" time="0.028" />
  <testcase classname="ptolemy.util.test.junit.AutoTests" name="[190] /home/travis/build/icyphy/ptII/ptolemy/actor/lib/test/auto/LazyPubSub3.xml (RunModel)" time="0.043" />
  <testcase classname="ptolemy.util.test.junit.AutoTests" name="[191] /home/travis/build/icyphy/ptII/ptolemy/actor/lib/test/auto/LazySubClassModel.xml (RunModel)" time="0.024" />
  <testcase classname="ptolemy.util.test.junit.AutoTests" name="[192] /home/travis/build/icyphy/ptII/ptolemy/actor/lib/test/auto/LevelCrossTest1.xml (RunModel)" time="0.01" />
  <testcase classname="ptolemy.util.test.junit.AutoTests" name="[193] /home/travis/build/icyphy/ptII/ptolemy/actor/lib/test/auto/LevelCrossTest10.xml (RunModel)" time="0.025" />
  <testcase classname="ptolemy.util.test.junit.AutoTests" name="[194] /home/travis/build/icyphy/ptII/ptolemy/actor/lib/test/auto/LevelCrossTest11.xml (RunModel)" time="0.017" />
  <testcase classname="ptolemy.util.test.junit.AutoTests" name="[195] /home/travis/build/icyphy/ptII/ptolemy/actor/lib/test/auto/LevelCrossTest12.xml (RunModel)" time="0.016" />
  <testcase classname="ptolemy.util.test.junit.AutoTests" name="[196] /home/travis/build/icyphy/ptII/ptolemy/actor/lib/test/auto/LevelCrossTest13.xml (RunModel)" time="0.014" />
  <testcase classname="ptolemy.util.test.junit.AutoTests" name="[197] /home/travis/build/icyphy/ptII/ptolemy/actor/lib/test/auto/LevelCrossTest2.xml (RunModel)" time="0.01" />
  <testcase classname="ptolemy.util.test.junit.AutoTests" name="[198] /home/travis/build/icyphy/ptII/ptolemy/actor/lib/test/auto/LevelCrossTest3.xml (RunModel)" time="0.013" />
  <testcase classname="ptolemy.util.test.junit.AutoTests" name="[199] /home/travis/build/icyphy/ptII/ptolemy/actor/lib/test/auto/LevelCrossTest4.xml (RunModel)" time="0.01" />
  <testcase classname="ptolemy.util.test.junit.AutoTests" name="[200] /home/travis/build/icyphy/ptII/ptolemy/actor/lib/test/auto/LevelCrossTest5.xml (RunModel)" time="0.013" />
  <testcase classname="ptolemy.util.test.junit.AutoTests" name="[201] /home/travis/build/icyphy/ptII/ptolemy/actor/lib/test/auto/LevelCrossTest6.xml (RunModel)" time="0.021" />
  <testcase classname="ptolemy.util.test.junit.AutoTests" name="[202] /home/travis/build/icyphy/ptII/ptolemy/actor/lib/test/auto/LevelCrossTest7.xml (RunModel)" time="0.026" />
  <testcase classname="ptolemy.util.test.junit.AutoTests" name="[203] /home/travis/build/icyphy/ptII/ptolemy/actor/lib/test/auto/LevelCrossTest8.xml (RunModel)" time="0.019" />
  <testcase classname="ptolemy.util.test.junit.AutoTests" name="[204] /home/travis/build/icyphy/ptII/ptolemy/actor/lib/test/auto/LevelCrossTest9.xml (RunModel)" time="0.015" />
  <testcase classname="ptolemy.util.test.junit.AutoTests" name="[205] /home/travis/build/icyphy/ptII/ptolemy/actor/lib/test/auto/LevinsonDurbin.xml (RunModel)" time="0.018" />
  <testcase classname="ptolemy.util.test.junit.AutoTests" name="[206] /home/travis/build/icyphy/ptII/ptolemy/actor/lib/test/auto/LevinsonDurbin2.xml (RunModel)" time="0.012" />
  <testcase classname="ptolemy.util.test.junit.AutoTests" name="[207] /home/travis/build/icyphy/ptII/ptolemy/actor/lib/test/auto/LevinsonDurbin3.xml (RunModel)" time="0.013" />
  <testcase classname="ptolemy.util.test.junit.AutoTests" name="[208] /home/travis/build/icyphy/ptII/ptolemy/actor/lib/test/auto/Limiter.xml (RunModel)" time="0.038" />
  <testcase classname="ptolemy.util.test.junit.AutoTests" name="[209] /home/travis/build/icyphy/ptII/ptolemy/actor/lib/test/auto/LinearDifferenceEquationSystem.xml (RunModel)" time="0.021" />
  <testcase classname="ptolemy.util.test.junit.AutoTests" name="[210] /home/travis/build/icyphy/ptII/ptolemy/actor/lib/test/auto/LookupTable.xml (RunModel)" time="0.01" />
  <testcase classname="ptolemy.util.test.junit.AutoTests" name="[211] /home/travis/build/icyphy/ptII/ptolemy/actor/lib/test/auto/MathFunction.xml (RunModel)" time="0.02" />
  <testcase classname="ptolemy.util.test.junit.AutoTests" name="[212] /home/travis/build/icyphy/ptII/ptolemy/actor/lib/test/auto/MathFunction2.xml (RunModel)" time="0.01" />
  <testcase classname="ptolemy.util.test.junit.AutoTests" name="[213] /home/travis/build/icyphy/ptII/ptolemy/actor/lib/test/auto/MathFunction3.xml (RunModel)" time="0.017" />
  <testcase classname="ptolemy.util.test.junit.AutoTests" name="[214] /home/travis/build/icyphy/ptII/ptolemy/actor/lib/test/auto/MatrixCropBoolean.xml (RunModel)" time="0.014" />
  <testcase classname="ptolemy.util.test.junit.AutoTests" name="[215] /home/travis/build/icyphy/ptII/ptolemy/actor/lib/test/auto/MatrixCropComplex.xml (RunModel)" time="0.011" />
  <testcase classname="ptolemy.util.test.junit.AutoTests" name="[216] /home/travis/build/icyphy/ptII/ptolemy/actor/lib/test/auto/MatrixCropDouble.xml (RunModel)" time="0.009" />
  <testcase classname="ptolemy.util.test.junit.AutoTests" name="[217] /home/travis/build/icyphy/ptII/ptolemy/actor/lib/test/auto/MatrixCropFix.xml (RunModel)" time="0.013" />
  <testcase classname="ptolemy.util.test.junit.AutoTests" name="[218] /home/travis/build/icyphy/ptII/ptolemy/actor/lib/test/auto/MatrixCropInt.xml (RunModel)" time="0.01" />
  <testcase classname="ptolemy.util.test.junit.AutoTests" name="[219] /home/travis/build/icyphy/ptII/ptolemy/actor/lib/test/auto/MatrixCropLong.xml (RunModel)" time="0.011" />
  <testcase classname="ptolemy.util.test.junit.AutoTests" name="[220] /home/travis/build/icyphy/ptII/ptolemy/actor/lib/test/auto/MatrixToArray.xml (RunModel)" time="0.054" />
  <testcase classname="ptolemy.util.test.junit.AutoTests" name="[221] /home/travis/build/icyphy/ptII/ptolemy/actor/lib/test/auto/MaxIndex.xml (RunModel)" time="0.015" />
  <testcase classname="ptolemy.util.test.junit.AutoTests" name="[222] /home/travis/build/icyphy/ptII/ptolemy/actor/lib/test/auto/Maximum.xml (RunModel)" time="0.016" />
  <testcase classname="ptolemy.util.test.junit.AutoTests" name="[223] /home/travis/build/icyphy/ptII/ptolemy/actor/lib/test/auto/MaximumComplex.xml (RunModel)" time="0.015" />
  <testcase classname="ptolemy.util.test.junit.AutoTests" name="[224] /home/travis/build/icyphy/ptII/ptolemy/actor/lib/test/auto/MethodCallTest.xml (RunModel)" time="0.021" />
  <testcase classname="ptolemy.util.test.junit.AutoTests" name="[225] /home/travis/build/icyphy/ptII/ptolemy/actor/lib/test/auto/Minimum.xml (RunModel)" time="0.016" />
  <testcase classname="ptolemy.util.test.junit.AutoTests" name="[226] /home/travis/build/icyphy/ptII/ptolemy/actor/lib/test/auto/MinimumComplex.xml (RunModel)" time="0.028" />
  <testcase classname="ptolemy.util.test.junit.AutoTests" name="[227] /home/travis/build/icyphy/ptII/ptolemy/actor/lib/test/auto/MinimumMultiports.xml (RunModel)" time="0.018" />
  <testcase classname="ptolemy.util.test.junit.AutoTests" name="[228] /home/travis/build/icyphy/ptII/ptolemy/actor/lib/test/auto/ModifyDate.xml (RunModel)" time="0.04" />
  <testcase classname="ptolemy.util.test.junit.AutoTests" name="[229] /home/travis/build/icyphy/ptII/ptolemy/actor/lib/test/auto/ModifyDate2.xml (RunModel)" time="0.025" />
  <testcase classname="ptolemy.util.test.junit.AutoTests" name="[230] /home/travis/build/icyphy/ptII/ptolemy/actor/lib/test/auto/MovingAverage.xml (RunModel)" time="0.011" />
  <testcase classname="ptolemy.util.test.junit.AutoTests" name="[231] /home/travis/build/icyphy/ptII/ptolemy/actor/lib/test/auto/MovingMaximum.xml (RunModel)" time="0.012" />
  <testcase classname="ptolemy.util.test.junit.AutoTests" name="[232] /home/travis/build/icyphy/ptII/ptolemy/actor/lib/test/auto/MultipleLinksToSameRelation.xml (RunModel)" time="0.014" />
  <testcase classname="ptolemy.util.test.junit.AutoTests" name="[233] /home/travis/build/icyphy/ptII/ptolemy/actor/lib/test/auto/MultipleLinksToSameRelationDE.xml (RunModel)" time="0.008" />
  <testcase classname="ptolemy.util.test.junit.AutoTests" name="[234] /home/travis/build/icyphy/ptII/ptolemy/actor/lib/test/auto/Multiplexor.xml (RunModel)" time="0.011" />
  <testcase classname="ptolemy.util.test.junit.AutoTests" name="[235] /home/travis/build/icyphy/ptII/ptolemy/actor/lib/test/auto/Multiplexor1.xml (RunModel)" time="0.01" />
  <testcase classname="ptolemy.util.test.junit.AutoTests" name="[236] /home/travis/build/icyphy/ptII/ptolemy/actor/lib/test/auto/Multiplexor2.xml (RunModel)" time="0.024" />
  <testcase classname="ptolemy.util.test.junit.AutoTests" name="[237] /home/travis/build/icyphy/ptII/ptolemy/actor/lib/test/auto/Multiplexor3.xml (RunModel)" time="0.01" />
  <testcase classname="ptolemy.util.test.junit.AutoTests" name="[238] /home/travis/build/icyphy/ptII/ptolemy/actor/lib/test/auto/MultiplexorDE.xml (RunModel)" time="0.017" />
  <testcase classname="ptolemy.util.test.junit.AutoTests" name="[239] /home/travis/build/icyphy/ptII/ptolemy/actor/lib/test/auto/MultiportBroadcastTest.xml (RunModel)" time="0.091" />
  <testcase classname="ptolemy.util.test.junit.AutoTests" name="[240] /home/travis/build/icyphy/ptII/ptolemy/actor/lib/test/auto/MultiportOutHangDuringGetWidth.xml (RunModel)" time="0.03" />
  <testcase classname="ptolemy.util.test.junit.AutoTests" name="[241] /home/travis/build/icyphy/ptII/ptolemy/actor/lib/test/auto/NilToken.xml (RunModel)" time="0.008" />
  <testcase classname="ptolemy.util.test.junit.AutoTests" name="[242] /home/travis/build/icyphy/ptII/ptolemy/actor/lib/test/auto/NilTokenNonStrictTest.xml (RunModel)" time="0.01" />
  <testcase classname="ptolemy.util.test.junit.AutoTests" name="[243] /home/travis/build/icyphy/ptII/ptolemy/actor/lib/test/auto/NilTokenRecord.xml (RunModel)" time="0.023" />
  <testcase classname="ptolemy.util.test.junit.AutoTests" name="[244] /home/travis/build/icyphy/ptII/ptolemy/actor/lib/test/auto/NilTokenTypeTest.xml (RunModel)" time="0.04" />
  <testcase classname="ptolemy.util.test.junit.AutoTests" name="[245] /home/travis/build/icyphy/ptII/ptolemy/actor/lib/test/auto/ObjectToken1.xml (RunModel)" time="0.009" />
  <testcase classname="ptolemy.util.test.junit.AutoTests" name="[246] /home/travis/build/icyphy/ptII/ptolemy/actor/lib/test/auto/OrderedMerge.xml (RunModel)" time="0.022" />
  <testcase classname="ptolemy.util.test.junit.AutoTests" name="[247] /home/travis/build/icyphy/ptII/ptolemy/actor/lib/test/auto/OrderedRecordDisassembler.xml (RunModel)" time="0.024" />
  <testcase classname="ptolemy.util.test.junit.AutoTests" name="[248] /home/travis/build/icyphy/ptII/ptolemy/actor/lib/test/auto/OrderedRecordDisassembler2.xml (RunModel)" time="0.021" />
  <testcase classname="ptolemy.util.test.junit.AutoTests" name="[249] /home/travis/build/icyphy/ptII/ptolemy/actor/lib/test/auto/OrderedRecordUpdater.xml (RunModel)" time="0.011" />
  <testcase classname="ptolemy.util.test.junit.AutoTests" name="[250] /home/travis/build/icyphy/ptII/ptolemy/actor/lib/test/auto/OrderedRecordUpdater2.xml (RunModel)" time="0.018" />
  <testcase classname="ptolemy.util.test.junit.AutoTests" name="[251] /home/travis/build/icyphy/ptII/ptolemy/actor/lib/test/auto/PhaseUnwrap.xml (RunModel)" time="0.012" />
  <testcase classname="ptolemy.util.test.junit.AutoTests" name="[252] /home/travis/build/icyphy/ptII/ptolemy/actor/lib/test/auto/PoissonClock.xml (RunModel)" time="0.011" />
  <testcase classname="ptolemy.util.test.junit.AutoTests" name="[253] /home/travis/build/icyphy/ptII/ptolemy/actor/lib/test/auto/PoissonClock2.xml (RunModel)" time="0.008" />
  <testcase classname="ptolemy.util.test.junit.AutoTests" name="[254] /home/travis/build/icyphy/ptII/ptolemy/actor/lib/test/auto/PoissonClock3.xml (RunModel)" time="0.026" />
  <testcase classname="ptolemy.util.test.junit.AutoTests" name="[255] /home/travis/build/icyphy/ptII/ptolemy/actor/lib/test/auto/PubSubWithInitialTokens.xml (RunModel)" time="0.016" />
  <testcase classname="ptolemy.util.test.junit.AutoTests" name="[256] /home/travis/build/icyphy/ptII/ptolemy/actor/lib/test/auto/PubSubWithInitialTokens2.xml (RunModel)" time="0.013" />
  <testcase classname="ptolemy.util.test.junit.AutoTests" name="[257] /home/travis/build/icyphy/ptII/ptolemy/actor/lib/test/auto/PublisherClassNoParameter.xml (RunModel)" time="0.025" />
  <testcase classname="ptolemy.util.test.junit.AutoTests" name="[258] /home/travis/build/icyphy/ptII/ptolemy/actor/lib/test/auto/PublisherClassParameter.xml (RunModel)" time="0.023" />
  <testcase classname="ptolemy.util.test.junit.AutoTests" name="[259] /home/travis/build/icyphy/ptII/ptolemy/actor/lib/test/auto/PublisherNonStrictTest.xml (RunModel)" time="0.016" />
  <testcase classname="ptolemy.util.test.junit.AutoTests" name="[260] /home/travis/build/icyphy/ptII/ptolemy/actor/lib/test/auto/PublisherPort1.xml (RunModel)" time="0.011" />
  <testcase classname="ptolemy.util.test.junit.AutoTests" name="[261] /home/travis/build/icyphy/ptII/ptolemy/actor/lib/test/auto/PublisherPort2.xml (RunModel)" time="0.021" />
  <testcase classname="ptolemy.util.test.junit.AutoTests" name="[262] /home/travis/build/icyphy/ptII/ptolemy/actor/lib/test/auto/PublisherPort3.xml (RunModel)" time="0.012" />
  <testcase classname="ptolemy.util.test.junit.AutoTests" name="[263] /home/travis/build/icyphy/ptII/ptolemy/actor/lib/test/auto/PublisherPort4.xml (RunModel)" time="0.013" />
  <testcase classname="ptolemy.util.test.junit.AutoTests" name="[264] /home/travis/build/icyphy/ptII/ptolemy/actor/lib/test/auto/PublisherPort5.xml (RunModel)" time="0.015" />
  <testcase classname="ptolemy.util.test.junit.AutoTests" name="[265] /home/travis/build/icyphy/ptII/ptolemy/actor/lib/test/auto/PublisherPort5LookAlike.xml (RunModel)" time="0.018" />
  <testcase classname="ptolemy.util.test.junit.AutoTests" name="[266] /home/travis/build/icyphy/ptII/ptolemy/actor/lib/test/auto/PublisherPort6.xml (RunModel)" time="0.012" />
  <testcase classname="ptolemy.util.test.junit.AutoTests" name="[267] /home/travis/build/icyphy/ptII/ptolemy/actor/lib/test/auto/PublisherPort7.xml (RunModel)" time="0.016" />
  <testcase classname="ptolemy.util.test.junit.AutoTests" name="[268] /home/travis/build/icyphy/ptII/ptolemy/actor/lib/test/auto/PublisherPort8.xml (RunModel)" time="0.019" />
  <testcase classname="ptolemy.util.test.junit.AutoTests" name="[269] /home/travis/build/icyphy/ptII/ptolemy/actor/lib/test/auto/PublisherPortSubscriberChannelVariablesAOC2.xml (RunModel)" time="0.034" />
  <testcase classname="ptolemy.util.test.junit.AutoTests" name="[270] /home/travis/build/icyphy/ptII/ptolemy/actor/lib/test/auto/PublisherPortSubscriberOpaqueWidthInference.xml (RunModel)" time="0.015" />
  <testcase classname="ptolemy.util.test.junit.AutoTests" name="[271] /home/travis/build/icyphy/ptII/ptolemy/actor/lib/test/auto/PublisherPortSubscriberPortAdjacent.xml (RunModel)" time="0.017" />
  <testcase classname="ptolemy.util.test.junit.AutoTests" name="[272] /home/travis/build/icyphy/ptII/ptolemy/actor/lib/test/auto/PublisherPortSubscriberPortExpression.xml (RunModel)" time="0.017" />
  <testcase classname="ptolemy.util.test.junit.AutoTests" name="[273] /home/travis/build/icyphy/ptII/ptolemy/actor/lib/test/auto/PublisherPortSubscriberPortOpaqueD3Reverse.xml (RunModel)" time="0.018" />
  <testcase classname="ptolemy.util.test.junit.AutoTests" name="[274] /home/travis/build/icyphy/ptII/ptolemy/actor/lib/test/auto/PublisherPortSubscriberPortOpaqueWidthInference.xml (RunModel)" time="0.02" />
  <testcase classname="ptolemy.util.test.junit.AutoTests" name="[275] /home/travis/build/icyphy/ptII/ptolemy/actor/lib/test/auto/PublisherPortToplevelSubscriberPortAOC.xml (RunModel)" time="0.021" />
  <testcase classname="ptolemy.util.test.junit.AutoTests" name="[276] /home/travis/build/icyphy/ptII/ptolemy/actor/lib/test/auto/PublisherSubscriber.xml (RunModel)" time="0.012" />
  <testcase classname="ptolemy.util.test.junit.AutoTests" name="[277] /home/travis/build/icyphy/ptII/ptolemy/actor/lib/test/auto/PublisherSubscriber10.xml (RunModel)" time="0.022" />
  <testcase classname="ptolemy.util.test.junit.AutoTests" name="[278] /home/travis/build/icyphy/ptII/ptolemy/actor/lib/test/auto/PublisherSubscriber10InitialOutputs.xml (RunModel)" time="0.029" />
  <testcase classname="ptolemy.util.test.junit.AutoTests" name="[279] /home/travis/build/icyphy/ptII/ptolemy/actor/lib/test/auto/PublisherSubscriber11.xml (RunModel)" time="0.014" />
  <testcase classname="ptolemy.util.test.junit.AutoTests" name="[280] /home/travis/build/icyphy/ptII/ptolemy/actor/lib/test/auto/PublisherSubscriber12.xml (RunModel)" time="0.024" />
  <testcase classname="ptolemy.util.test.junit.AutoTests" name="[281] /home/travis/build/icyphy/ptII/ptolemy/actor/lib/test/auto/PublisherSubscriber13.xml (RunModel)" time="0.01" />
  <testcase classname="ptolemy.util.test.junit.AutoTests" name="[282] /home/travis/build/icyphy/ptII/ptolemy/actor/lib/test/auto/PublisherSubscriber14.xml (RunModel)" time="0.047" />
  <testcase classname="ptolemy.util.test.junit.AutoTests" name="[283] /home/travis/build/icyphy/ptII/ptolemy/actor/lib/test/auto/PublisherSubscriber2.xml (RunModel)" time="0.011" />
  <testcase classname="ptolemy.util.test.junit.AutoTests" name="[284] /home/travis/build/icyphy/ptII/ptolemy/actor/lib/test/auto/PublisherSubscriber3.xml (RunModel)" time="0.009" />
  <testcase classname="ptolemy.util.test.junit.AutoTests" name="[285] /home/travis/build/icyphy/ptII/ptolemy/actor/lib/test/auto/PublisherSubscriber4.xml (RunModel)" time="0.007" />
  <testcase classname="ptolemy.util.test.junit.AutoTests" name="[286] /home/travis/build/icyphy/ptII/ptolemy/actor/lib/test/auto/PublisherSubscriber5.xml (RunModel)" time="0.011" />
  <testcase classname="ptolemy.util.test.junit.AutoTests" name="[287] /home/travis/build/icyphy/ptII/ptolemy/actor/lib/test/auto/PublisherSubscriber6.xml (RunModel)" time="0.013" />
  <testcase classname="ptolemy.util.test.junit.AutoTests" name="[288] /home/travis/build/icyphy/ptII/ptolemy/actor/lib/test/auto/PublisherSubscriber7.xml (RunModel)" time="0.017" />
  <testcase classname="ptolemy.util.test.junit.AutoTests" name="[289] /home/travis/build/icyphy/ptII/ptolemy/actor/lib/test/auto/PublisherSubscriber8.xml (RunModel)" time="0.027" />
  <testcase classname="ptolemy.util.test.junit.AutoTests" name="[290] /home/travis/build/icyphy/ptII/ptolemy/actor/lib/test/auto/PublisherSubscriber9.xml (RunModel)" time="0.02" />
  <testcase classname="ptolemy.util.test.junit.AutoTests" name="[291] /home/travis/build/icyphy/ptII/ptolemy/actor/lib/test/auto/PublisherSubscriberAdjacent.xml (RunModel)" time="0.018" />
  <testcase classname="ptolemy.util.test.junit.AutoTests" name="[292] /home/travis/build/icyphy/ptII/ptolemy/actor/lib/test/auto/PublisherSubscriberChannelVariablesAOC2.xml (RunModel)" time="0.027" />
  <testcase classname="ptolemy.util.test.junit.AutoTests" name="[293] /home/travis/build/icyphy/ptII/ptolemy/actor/lib/test/auto/PublisherSubscriberD3.xml (RunModel)" time="0.014" />
  <testcase classname="ptolemy.util.test.junit.AutoTests" name="[294] /home/travis/build/icyphy/ptII/ptolemy/actor/lib/test/auto/PublisherSubscriberD3Reverse.xml (RunModel)" time="0.012" />
  <testcase classname="ptolemy.util.test.junit.AutoTests" name="[295] /home/travis/build/icyphy/ptII/ptolemy/actor/lib/test/auto/PublisherSubscriberExpression.xml (RunModel)" time="0.016" />
  <testcase classname="ptolemy.util.test.junit.AutoTests" name="[296] /home/travis/build/icyphy/ptII/ptolemy/actor/lib/test/auto/PublisherSubscriberOpaque.xml (RunModel)" time="0.018" />
  <testcase classname="ptolemy.util.test.junit.AutoTests" name="[297] /home/travis/build/icyphy/ptII/ptolemy/actor/lib/test/auto/PublisherSubscriberOpaqueD3.xml (RunModel)" time="0.021" />
  <testcase classname="ptolemy.util.test.junit.AutoTests" name="[298] /home/travis/build/icyphy/ptII/ptolemy/actor/lib/test/auto/PublisherSubscriberOpaqueD3Reverse.xml (RunModel)" time="0.022" />
  <testcase classname="ptolemy.util.test.junit.AutoTests" name="[299] /home/travis/build/icyphy/ptII/ptolemy/actor/lib/test/auto/PublisherSubscriberOpaqueWidthInference.xml (RunModel)" time="0.014" />
  <testcase classname="ptolemy.util.test.junit.AutoTests" name="[300] /home/travis/build/icyphy/ptII/ptolemy/actor/lib/test/auto/PublisherTestSubscriber.xml (RunModel)" time="0.02" />
  <testcase classname="ptolemy.util.test.junit.AutoTests" name="[301] /home/travis/build/icyphy/ptII/ptolemy/actor/lib/test/auto/PublisherToplevelSubscriberPortAOC.xml (RunModel)" time="0.01" />
  <testcase classname="ptolemy.util.test.junit.AutoTests" name="[302] /home/travis/build/icyphy/ptII/ptolemy/actor/lib/test/auto/PulseFiringLimitDE.xml (RunModel)" time="0.014" />
  <testcase classname="ptolemy.util.test.junit.AutoTests" name="[303] /home/travis/build/icyphy/ptII/ptolemy/actor/lib/test/auto/Ramp1.xml (RunModel)" time="0.007" />
  <testcase classname="ptolemy.util.test.junit.AutoTests" name="[304] /home/travis/build/icyphy/ptII/ptolemy/actor/lib/test/auto/RampFiringLimitDE.xml (RunModel)" time="0.011" />
  <testcase classname="ptolemy.util.test.junit.AutoTests" name="[305] /home/travis/build/icyphy/ptII/ptolemy/actor/lib/test/auto/RampFiringLimitSDF.xml (RunModel)" time="0.01" />
  <testcase classname="ptolemy.util.test.junit.AutoTests" name="[306] /home/travis/build/icyphy/ptII/ptolemy/actor/lib/test/auto/RandomInteger.xml (RunModel)" time="0.008" />
  <testcase classname="ptolemy.util.test.junit.AutoTests" name="[307] /home/travis/build/icyphy/ptII/ptolemy/actor/lib/test/auto/ReadFile1.xml (RunModel)" time="0.007" />
  <testcase classname="ptolemy.util.test.junit.AutoTests" name="[308] /home/travis/build/icyphy/ptII/ptolemy/actor/lib/test/auto/ReadFile2.xml (RunModel)" time="0.008" />
  <testcase classname="ptolemy.util.test.junit.AutoTests" name="[309] /home/travis/build/icyphy/ptII/ptolemy/actor/lib/test/auto/Reader.xml (RunModel)" time="0.016" />
  <testcase classname="ptolemy.util.test.junit.AutoTests" name="[310] /home/travis/build/icyphy/ptII/ptolemy/actor/lib/test/auto/RecordAssemblerDisplayNameTest.xml (RunModel)" time="3.527" />
  <testcase classname="ptolemy.util.test.junit.AutoTests" name="[311] /home/travis/build/icyphy/ptII/ptolemy/actor/lib/test/auto/RecordAssemblerTypeError.xml (RunModel)" time="0.044" />
  <testcase classname="ptolemy.util.test.junit.AutoTests" name="[312] /home/travis/build/icyphy/ptII/ptolemy/actor/lib/test/auto/RecordDisassember.xml (RunModel)" time="0.012" />
  <testcase classname="ptolemy.util.test.junit.AutoTests" name="[313] /home/travis/build/icyphy/ptII/ptolemy/actor/lib/test/auto/RecordDisassemberDisplayNameTest.xml (RunModel)" time="0.018" />
  <testcase classname="ptolemy.util.test.junit.AutoTests" name="[314] /home/travis/build/icyphy/ptII/ptolemy/actor/lib/test/auto/RecordDisassembler.xml (RunModel)" time="0.009" />
  <testcase classname="ptolemy.util.test.junit.AutoTests" name="[315] /home/travis/build/icyphy/ptII/ptolemy/actor/lib/test/auto/RecordDisassembler2.xml (RunModel)" time="0.01" />
  <testcase classname="ptolemy.util.test.junit.AutoTests" name="[316] /home/travis/build/icyphy/ptII/ptolemy/actor/lib/test/auto/RecordUpdater.xml (RunModel)" time="0.011" />
  <testcase classname="ptolemy.util.test.junit.AutoTests" name="[317] /home/travis/build/icyphy/ptII/ptolemy/actor/lib/test/auto/RecordUpdater2.xml (RunModel)" time="0.009" />
  <testcase classname="ptolemy.util.test.junit.AutoTests" name="[318] /home/travis/build/icyphy/ptII/ptolemy/actor/lib/test/auto/RecursiveLattice.xml (RunModel)" time="0.008" />
  <testcase classname="ptolemy.util.test.junit.AutoTests" name="[319] /home/travis/build/icyphy/ptII/ptolemy/actor/lib/test/auto/Router.xml (RunModel)" time="3.026" />
  <testcase classname="ptolemy.util.test.junit.AutoTests" name="[320] /home/travis/build/icyphy/ptII/ptolemy/actor/lib/test/auto/Router2.xml (RunModel)" time="3.033" />
  <testcase classname="ptolemy.util.test.junit.AutoTests" name="[321] /home/travis/build/icyphy/ptII/ptolemy/actor/lib/test/auto/RunningMaximum.xml (RunModel)" time="0.014" />
  <testcase classname="ptolemy.util.test.junit.AutoTests" name="[322] /home/travis/build/icyphy/ptII/ptolemy/actor/lib/test/auto/RunningMinimum.xml (RunModel)" time="0.01" />
  <testcase classname="ptolemy.util.test.junit.AutoTests" name="[323] /home/travis/build/icyphy/ptII/ptolemy/actor/lib/test/auto/Scale.xml (RunModel)" time="0.011" />
  <testcase classname="ptolemy.util.test.junit.AutoTests" name="[324] /home/travis/build/icyphy/ptII/ptolemy/actor/lib/test/auto/Scale2.xml (RunModel)" time="0.009" />
  <testcase classname="ptolemy.util.test.junit.AutoTests" name="[325] /home/travis/build/icyphy/ptII/ptolemy/actor/lib/test/auto/Scale3.xml (RunModel)" time="0.022" />
  <testcase classname="ptolemy.util.test.junit.AutoTests" name="[326] /home/travis/build/icyphy/ptII/ptolemy/actor/lib/test/auto/ScaleArray.xml (RunModel)" time="0.008" />
  <testcase classname="ptolemy.util.test.junit.AutoTests" name="[327] /home/travis/build/icyphy/ptII/ptolemy/actor/lib/test/auto/ScaleArray2.xml (RunModel)" time="0.008" />
  <testcase classname="ptolemy.util.test.junit.AutoTests" name="[328] /home/travis/build/icyphy/ptII/ptolemy/actor/lib/test/auto/ScaleMatrix.xml (RunModel)" time="0.108" />
  <testcase classname="ptolemy.util.test.junit.AutoTests" name="[329] /home/travis/build/icyphy/ptII/ptolemy/actor/lib/test/auto/Select.xml (RunModel)" time="0.014" />
  <testcase classname="ptolemy.util.test.junit.AutoTests" name="[330] /home/travis/build/icyphy/ptII/ptolemy/actor/lib/test/auto/Select2.xml (RunModel)" time="0.013" />
  <testcase classname="ptolemy.util.test.junit.AutoTests" name="[331] /home/travis/build/icyphy/ptII/ptolemy/actor/lib/test/auto/SequenceToArray2.xml (RunModel)" time="0.129" />
  <testcase classname="ptolemy.util.test.junit.AutoTests" name="[332] /home/travis/build/icyphy/ptII/ptolemy/actor/lib/test/auto/SequentialClock.xml (RunModel)" time="0.014" />
  <testcase classname="ptolemy.util.test.junit.AutoTests" name="[333] /home/travis/build/icyphy/ptII/ptolemy/actor/lib/test/auto/SetVariable.xml (RunModel)" time="0.008" />
  <testcase classname="ptolemy.util.test.junit.AutoTests" name="[334] /home/travis/build/icyphy/ptII/ptolemy/actor/lib/test/auto/SetVariable2.xml (RunModel)" time="0.011" />
  <testcase classname="ptolemy.util.test.junit.AutoTests" name="[335] /home/travis/build/icyphy/ptII/ptolemy/actor/lib/test/auto/SetVariable3.xml (RunModel)" time="0.014" />
  <testcase classname="ptolemy.util.test.junit.AutoTests" name="[336] /home/travis/build/icyphy/ptII/ptolemy/actor/lib/test/auto/SetVariable4.xml (RunModel)" time="0.027" />
  <testcase classname="ptolemy.util.test.junit.AutoTests" name="[337] /home/travis/build/icyphy/ptII/ptolemy/actor/lib/test/auto/SetVariable5.xml (RunModel)" time="0.037" />
  <testcase classname="ptolemy.util.test.junit.AutoTests" name="[338] /home/travis/build/icyphy/ptII/ptolemy/actor/lib/test/auto/Sinewave.xml (RunModel)" time="0.043" />
  <testcase classname="ptolemy.util.test.junit.AutoTests" name="[339] /home/travis/build/icyphy/ptII/ptolemy/actor/lib/test/auto/Sinewave2.xml (RunModel)" time="0.018" />
  <testcase classname="ptolemy.util.test.junit.AutoTests" name="[340] /home/travis/build/icyphy/ptII/ptolemy/actor/lib/test/auto/Sinewave3.xml (RunModel)" time="0.021" />
  <testcase classname="ptolemy.util.test.junit.AutoTests" name="[341] /home/travis/build/icyphy/ptII/ptolemy/actor/lib/test/auto/SingleEvent.xml (RunModel)" time="0.007" />
  <testcase classname="ptolemy.util.test.junit.AutoTests" name="[342] /home/travis/build/icyphy/ptII/ptolemy/actor/lib/test/auto/Sleep.xml (RunModel)" time="6.013" />
  <testcase classname="ptolemy.util.test.junit.AutoTests" name="[343] /home/travis/build/icyphy/ptII/ptolemy/actor/lib/test/auto/SleepMultipleFire.xml (RunModel)" time="1.019" />
  <testcase classname="ptolemy.util.test.junit.AutoTests" name="[344] /home/travis/build/icyphy/ptII/ptolemy/actor/lib/test/auto/StopDE.xml (RunModel)" time="0.012" />
  <testcase classname="ptolemy.util.test.junit.AutoTests" name="[345] /home/travis/build/icyphy/ptII/ptolemy/actor/lib/test/auto/StopSDF.xml (RunModel)" time="0.01" />
  <testcase classname="ptolemy.util.test.junit.AutoTests" name="[346] /home/travis/build/icyphy/ptII/ptolemy/actor/lib/test/auto/StringConstant.xml (RunModel)" time="0.016" />
  <testcase classname="ptolemy.util.test.junit.AutoTests" name="[347] /home/travis/build/icyphy/ptII/ptolemy/actor/lib/test/auto/SubscriberPortInitialValues1.xml (RunModel)" time="0.018" />
  <testcase classname="ptolemy.util.test.junit.AutoTests" name="[348] /home/travis/build/icyphy/ptII/ptolemy/actor/lib/test/auto/SubscriberPortInitialValues13.xml (RunModel)" time="0.025" />
  <testcase classname="ptolemy.util.test.junit.AutoTests" name="[349] /home/travis/build/icyphy/ptII/ptolemy/actor/lib/test/auto/SubscriberPortInitialValues14.xml (RunModel)" time="0.013" />
  <testcase classname="ptolemy.util.test.junit.AutoTests" name="[350] /home/travis/build/icyphy/ptII/ptolemy/actor/lib/test/auto/SubscriberPortInitialValues2.xml (RunModel)" time="0.013" />
  <testcase classname="ptolemy.util.test.junit.AutoTests" name="[351] /home/travis/build/icyphy/ptII/ptolemy/actor/lib/test/auto/SubscriberPortInitialValues3.xml (RunModel)" time="0.02" />
  <testcase classname="ptolemy.util.test.junit.AutoTests" name="[352] /home/travis/build/icyphy/ptII/ptolemy/actor/lib/test/auto/SubscriptionAggregator.xml (RunModel)" time="0.01" />
  <testcase classname="ptolemy.util.test.junit.AutoTests" name="[353] /home/travis/build/icyphy/ptII/ptolemy/actor/lib/test/auto/SubscriptionAggregator2.xml (RunModel)" time="0.011" />
  <testcase classname="ptolemy.util.test.junit.AutoTests" name="[354] /home/travis/build/icyphy/ptII/ptolemy/actor/lib/test/auto/SubscriptionAggregator3.xml (RunModel)" time="0.018" />
  <testcase classname="ptolemy.util.test.junit.AutoTests" name="[355] /home/travis/build/icyphy/ptII/ptolemy/actor/lib/test/auto/SubscriptionAggregatorMultiply.xml (RunModel)" time="0.014" />
  <testcase classname="ptolemy.util.test.junit.AutoTests" name="[356] /home/travis/build/icyphy/ptII/ptolemy/actor/lib/test/auto/SubscriptionAggregatorPortMultiply1.xml (RunModel)" time="0.013" />
  <testcase classname="ptolemy.util.test.junit.AutoTests" name="[357] /home/travis/build/icyphy/ptII/ptolemy/actor/lib/test/auto/Switch.xml (RunModel)" time="0.017" />
  <testcase classname="ptolemy.util.test.junit.AutoTests" name="[358] /home/travis/build/icyphy/ptII/ptolemy/actor/lib/test/auto/Switch2.xml (RunModel)" time="0.013" />
  <testcase classname="ptolemy.util.test.junit.AutoTests" name="[359] /home/travis/build/icyphy/ptII/ptolemy/actor/lib/test/auto/SwitchDE.xml (RunModel)" time="0.014" />
  <testcase classname="ptolemy.util.test.junit.AutoTests" name="[360] /home/travis/build/icyphy/ptII/ptolemy/actor/lib/test/auto/SynchronizerDE.xml (RunModel)" time="0.02" />
  <testcase classname="ptolemy.util.test.junit.AutoTests" name="[361] /home/travis/build/icyphy/ptII/ptolemy/actor/lib/test/auto/Test.xml (RunModel)" time="0.016" />
  <testcase classname="ptolemy.util.test.junit.AutoTests" name="[362] /home/travis/build/icyphy/ptII/ptolemy/actor/lib/test/auto/TestExceptionAttribute1.xml (RunModel)" time="0.008" />
  <testcase classname="ptolemy.util.test.junit.AutoTests" name="[363] /home/travis/build/icyphy/ptII/ptolemy/actor/lib/test/auto/TestExceptionAttribute2.xml (RunModel)" time="0.007" />
  <testcase classname="ptolemy.util.test.junit.AutoTests" name="[364] /home/travis/build/icyphy/ptII/ptolemy/actor/lib/test/auto/TestExceptionAttribute3.xml (RunModel)" time="0.011" />
  <testcase classname="ptolemy.util.test.junit.AutoTests" name="[365] /home/travis/build/icyphy/ptII/ptolemy/actor/lib/test/auto/TestExceptionAttribute4.xml (RunModel)" time="0.007" />
  <testcase classname="ptolemy.util.test.junit.AutoTests" name="[366] /home/travis/build/icyphy/ptII/ptolemy/actor/lib/test/auto/TestExceptionHandler1.xml (RunModel)" time="0.006" />
  <testcase classname="ptolemy.util.test.junit.AutoTests" name="[367] /home/travis/build/icyphy/ptII/ptolemy/actor/lib/test/auto/TestExceptionHandler2.xml (RunModel)" time="0.01" />
  <testcase classname="ptolemy.util.test.junit.AutoTests" name="[368] /home/travis/build/icyphy/ptII/ptolemy/actor/lib/test/auto/TestExceptionHandler3.xml (RunModel)" time="0.008" />
  <testcase classname="ptolemy.util.test.junit.AutoTests" name="[369] /home/travis/build/icyphy/ptII/ptolemy/actor/lib/test/auto/TestExceptionHandler4.xml (RunModel)" time="0.005" />
  <testcase classname="ptolemy.util.test.junit.AutoTests" name="[370] /home/travis/build/icyphy/ptII/ptolemy/actor/lib/test/auto/TestRequireCorrectOrder.xml (RunModel)" time="0.013" />
  <testcase classname="ptolemy.util.test.junit.AutoTests" name="[371] /home/travis/build/icyphy/ptII/ptolemy/actor/lib/test/auto/TestSimple.xml (RunModel)" time="0.007" />
  <testcase classname="ptolemy.util.test.junit.AutoTests" name="[372] /home/travis/build/icyphy/ptII/ptolemy/actor/lib/test/auto/ThrowModelError.xml (RunModel)" time="0.01" />
  <testcase classname="ptolemy.util.test.junit.AutoTests" name="[373] /home/travis/build/icyphy/ptII/ptolemy/actor/lib/test/auto/TimeDelayMicrosteps.xml (RunModel)" time="0.013" />
  <testcase classname="ptolemy.util.test.junit.AutoTests" name="[374] /home/travis/build/icyphy/ptII/ptolemy/actor/lib/test/auto/TimeDelayMicrosteps2.xml (RunModel)" time="0.034" />
  <testcase classname="ptolemy.util.test.junit.AutoTests" name="[375] /home/travis/build/icyphy/ptII/ptolemy/actor/lib/test/auto/TimeDelayMicrosteps3.xml (RunModel)" time="0.011" />
  <testcase classname="ptolemy.util.test.junit.AutoTests" name="[376] /home/travis/build/icyphy/ptII/ptolemy/actor/lib/test/auto/TimeDelayVariableMicrosteps.xml (RunModel)" time="0.011" />
  <testcase classname="ptolemy.util.test.junit.AutoTests" name="[377] /home/travis/build/icyphy/ptII/ptolemy/actor/lib/test/auto/TimeGap.xml (RunModel)" time="0.023" />
  <testcase classname="ptolemy.util.test.junit.AutoTests" name="[378] /home/travis/build/icyphy/ptII/ptolemy/actor/lib/test/auto/TimeGap2.xml (RunModel)" time="0.017" />
  <testcase classname="ptolemy.util.test.junit.AutoTests" name="[379] /home/travis/build/icyphy/ptII/ptolemy/actor/lib/test/auto/TimedSinewave.xml (RunModel)" time="0.043" />
  <testcase classname="ptolemy.util.test.junit.AutoTests" name="[380] /home/travis/build/icyphy/ptII/ptolemy/actor/lib/test/auto/TimedSinewavePhase.xml (RunModel)" time="0.026" />
  <testcase classname="ptolemy.util.test.junit.AutoTests" name="[381] /home/travis/build/icyphy/ptII/ptolemy/actor/lib/test/auto/Timer.xml (RunModel)" time="0.012" />
  <testcase classname="ptolemy.util.test.junit.AutoTests" name="[382] /home/travis/build/icyphy/ptII/ptolemy/actor/lib/test/auto/TriangularDistTestModel.xml (RunModel)" time="0.014" />
  <testcase classname="ptolemy.util.test.junit.AutoTests" name="[383] /home/travis/build/icyphy/ptII/ptolemy/actor/lib/test/auto/TrigFunction.xml (RunModel)" time="0.008" />
  <testcase classname="ptolemy.util.test.junit.AutoTests" name="[384] /home/travis/build/icyphy/ptII/ptolemy/actor/lib/test/auto/TrigFunctionDE.xml (RunModel)" time="0.01" />
  <testcase classname="ptolemy.util.test.junit.AutoTests" name="[385] /home/travis/build/icyphy/ptII/ptolemy/actor/lib/test/auto/TrigFunctionInverse.xml (RunModel)" time="0.009" />
  <testcase classname="ptolemy.util.test.junit.AutoTests" name="[386] /home/travis/build/icyphy/ptII/ptolemy/actor/lib/test/auto/TrigFunctionTan.xml (RunModel)" time="0.007" />
  <testcase classname="ptolemy.util.test.junit.AutoTests" name="[387] /home/travis/build/icyphy/ptII/ptolemy/actor/lib/test/auto/TriggeredClock.xml (RunModel)" time="0.008" />
  <testcase classname="ptolemy.util.test.junit.AutoTests" name="[388] /home/travis/build/icyphy/ptII/ptolemy/actor/lib/test/auto/URLDirectoryReader.xml (RunModel)" time="0.122" />
  <testcase classname="ptolemy.util.test.junit.AutoTests" name="[389] /home/travis/build/icyphy/ptII/ptolemy/actor/lib/test/auto/URLDirectoryReader3.xml (RunModel)" time="1.749" />
  <testcase classname="ptolemy.util.test.junit.AutoTests" name="[390] /home/travis/build/icyphy/ptII/ptolemy/actor/lib/test/auto/UnaryMathFunction.xml (RunModel)" time="0.033" />
  <testcase classname="ptolemy.util.test.junit.AutoTests" name="[391] /home/travis/build/icyphy/ptII/ptolemy/actor/lib/test/auto/Uniform.xml (RunModel)" time="0.013" />
  <testcase classname="ptolemy.util.test.junit.AutoTests" name="[392] /home/travis/build/icyphy/ptII/ptolemy/actor/lib/test/auto/UnionDisassemblerTest.xml (RunModel)" time="0.019" />
  <testcase classname="ptolemy.util.test.junit.AutoTests" name="[393] /home/travis/build/icyphy/ptII/ptolemy/actor/lib/test/auto/UtilityFunctions.xml (RunModel)" time="0.007" />
  <testcase classname="ptolemy.util.test.junit.AutoTests" name="[394] /home/travis/build/icyphy/ptII/ptolemy/actor/lib/test/auto/VariableSleep.xml (RunModel)" time="0.51" />
  <testcase classname="ptolemy.util.test.junit.AutoTests" name="[395] /home/travis/build/icyphy/ptII/ptolemy/actor/lib/test/auto/VectorAssemblerDisassemblerCT.xml (RunModel)" time="0.089" />
  <testcase classname="ptolemy.util.test.junit.AutoTests" name="[396] /home/travis/build/icyphy/ptII/ptolemy/actor/lib/test/auto/VectorAssemblerDisassemblerDE.xml (RunModel)" time="0.02" />
  <testcase classname="ptolemy.util.test.junit.AutoTests" name="[397] /home/travis/build/icyphy/ptII/ptolemy/actor/lib/test/auto/VectorAssemblerDisassemblerSDF.xml (RunModel)" time="0.017" />
  <testcase classname="ptolemy.util.test.junit.AutoTests" name="[398] /home/travis/build/icyphy/ptII/ptolemy/actor/lib/test/auto/WallClockTime.xml (RunModel)" time="1.012" />
  <testcase classname="ptolemy.util.test.junit.AutoTests" name="[399] /home/travis/build/icyphy/ptII/ptolemy/actor/lib/test/auto/WidthTestWithSubscriberPublisher.xml (RunModel)" time="0.036" />
  <testcase classname="ptolemy.util.test.junit.AutoTests" name="[400] /home/travis/build/icyphy/ptII/ptolemy/actor/lib/test/auto/WidthTestWithSubscriberPublisher2.xml (RunModel)" time="0.013" />
  <testcase classname="ptolemy.util.test.junit.AutoTests" name="[401] /home/travis/build/icyphy/ptII/ptolemy/actor/lib/test/auto/WidthTestWithSubscriberPublisher3.xml (RunModel)" time="0.011" />
  <testcase classname="ptolemy.util.test.junit.AutoTests" name="[402] /home/travis/build/icyphy/ptII/ptolemy/actor/lib/test/auto/Writer.xml (RunModel)" time="0.007" />
  <testcase classname="ptolemy.util.test.junit.AutoTests" name="[403] /home/travis/build/icyphy/ptII/ptolemy/actor/lib/test/auto/array.xml (RunModel)" time="0.008" />
  <testcase classname="ptolemy.util.test.junit.AutoTests" name="[404] /home/travis/build/icyphy/ptII/ptolemy/actor/lib/test/auto/array2.xml (RunModel)" time="0.012" />
  <testcase classname="ptolemy.util.test.junit.AutoTests" name="[405] /home/travis/build/icyphy/ptII/ptolemy/actor/lib/test/auto/arrayType.xml (RunModel)" time="0.01" />
  <testcase classname="ptolemy.util.test.junit.AutoTests" name="[406] /home/travis/build/icyphy/ptII/ptolemy/actor/lib/test/auto/arrayType10.xml (RunModel)" time="0.007" />
  <testcase classname="ptolemy.util.test.junit.AutoTests" name="[407] /home/travis/build/icyphy/ptII/ptolemy/actor/lib/test/auto/arrayType11.xml (RunModel)" time="0.008" />
  <testcase classname="ptolemy.util.test.junit.AutoTests" name="[408] /home/travis/build/icyphy/ptII/ptolemy/actor/lib/test/auto/arrayType12.xml (RunModel)" time="0.008" />
  <testcase classname="ptolemy.util.test.junit.AutoTests" name="[409] /home/travis/build/icyphy/ptII/ptolemy/actor/lib/test/auto/arrayType13.xml (RunModel)" time="0.008" />
  <testcase classname="ptolemy.util.test.junit.AutoTests" name="[410] /home/travis/build/icyphy/ptII/ptolemy/actor/lib/test/auto/arrayType14.xml (RunModel)" time="0.008" />
  <testcase classname="ptolemy.util.test.junit.AutoTests" name="[411] /home/travis/build/icyphy/ptII/ptolemy/actor/lib/test/auto/arrayType15.xml (RunModel)" time="0.01" />
  <testcase classname="ptolemy.util.test.junit.AutoTests" name="[412] /home/travis/build/icyphy/ptII/ptolemy/actor/lib/test/auto/arrayType16.xml (RunModel)" time="0.008" />
  <testcase classname="ptolemy.util.test.junit.AutoTests" name="[413] /home/travis/build/icyphy/ptII/ptolemy/actor/lib/test/auto/arrayType17.xml (RunModel)" time="0.009" />
  <testcase classname="ptolemy.util.test.junit.AutoTests" name="[414] /home/travis/build/icyphy/ptII/ptolemy/actor/lib/test/auto/arrayType18.xml (RunModel)" time="0.009" />
  <testcase classname="ptolemy.util.test.junit.AutoTests" name="[415] /home/travis/build/icyphy/ptII/ptolemy/actor/lib/test/auto/arrayType19.xml (RunModel)" time="0.009" />
  <testcase classname="ptolemy.util.test.junit.AutoTests" name="[416] /home/travis/build/icyphy/ptII/ptolemy/actor/lib/test/auto/arrayType2.xml (RunModel)" time="0.008" />
  <testcase classname="ptolemy.util.test.junit.AutoTests" name="[417] /home/travis/build/icyphy/ptII/ptolemy/actor/lib/test/auto/arrayType20.xml (RunModel)" time="0.009" />
  <testcase classname="ptolemy.util.test.junit.AutoTests" name="[418] /home/travis/build/icyphy/ptII/ptolemy/actor/lib/test/auto/arrayType21.xml (RunModel)" time="0.01" />
  <testcase classname="ptolemy.util.test.junit.AutoTests" name="[419] /home/travis/build/icyphy/ptII/ptolemy/actor/lib/test/auto/arrayType22.xml (RunModel)" time="0.008" />
  <testcase classname="ptolemy.util.test.junit.AutoTests" name="[420] /home/travis/build/icyphy/ptII/ptolemy/actor/lib/test/auto/arrayType23.xml (RunModel)" time="0.009" />
  <testcase classname="ptolemy.util.test.junit.AutoTests" name="[421] /home/travis/build/icyphy/ptII/ptolemy/actor/lib/test/auto/arrayType24.xml (RunModel)" time="0.009" />
  <testcase classname="ptolemy.util.test.junit.AutoTests" name="[422] /home/travis/build/icyphy/ptII/ptolemy/actor/lib/test/auto/arrayType25.xml (RunModel)" time="0.009" />
  <testcase classname="ptolemy.util.test.junit.AutoTests" name="[423] /home/travis/build/icyphy/ptII/ptolemy/actor/lib/test/auto/arrayType26.xml (RunModel)" time="0.009" />
  <testcase classname="ptolemy.util.test.junit.AutoTests" name="[424] /home/travis/build/icyphy/ptII/ptolemy/actor/lib/test/auto/arrayType27.xml (RunModel)" time="0.009" />
  <testcase classname="ptolemy.util.test.junit.AutoTests" name="[425] /home/travis/build/icyphy/ptII/ptolemy/actor/lib/test/auto/arrayType28.xml (RunModel)" time="0.009" />
  <testcase classname="ptolemy.util.test.junit.AutoTests" name="[426] /home/travis/build/icyphy/ptII/ptolemy/actor/lib/test/auto/arrayType3.xml (RunModel)" time="0.016" />
  <testcase classname="ptolemy.util.test.junit.AutoTests" name="[427] /home/travis/build/icyphy/ptII/ptolemy/actor/lib/test/auto/arrayType4.xml (RunModel)" time="0.009" />
  <testcase classname="ptolemy.util.test.junit.AutoTests" name="[428] /home/travis/build/icyphy/ptII/ptolemy/actor/lib/test/auto/arrayType5.xml (RunModel)" time="0.01" />
  <testcase classname="ptolemy.util.test.junit.AutoTests" name="[429] /home/travis/build/icyphy/ptII/ptolemy/actor/lib/test/auto/arrayType6.xml (RunModel)" time="0.007" />
  <testcase classname="ptolemy.util.test.junit.AutoTests" name="[430] /home/travis/build/icyphy/ptII/ptolemy/actor/lib/test/auto/arrayType7.xml (RunModel)" time="0.007" />
  <testcase classname="ptolemy.util.test.junit.AutoTests" name="[431] /home/travis/build/icyphy/ptII/ptolemy/actor/lib/test/auto/arrayType8.xml (RunModel)" time="0.008" />
  <testcase classname="ptolemy.util.test.junit.AutoTests" name="[432] /home/travis/build/icyphy/ptII/ptolemy/actor/lib/test/auto/arrayType9.xml (RunModel)" time="0.007" />
  <testcase classname="ptolemy.util.test.junit.AutoTests" name="[433] /home/travis/build/icyphy/ptII/ptolemy/actor/lib/test/auto/cast.xml (RunModel)" time="0.008" />
  <testcase classname="ptolemy.util.test.junit.AutoTests" name="[434] /home/travis/build/icyphy/ptII/ptolemy/actor/lib/test/auto/compositeMultiPort.xml (RunModel)" time="0.017" />
  <testcase classname="ptolemy.util.test.junit.AutoTests" name="[435] /home/travis/build/icyphy/ptII/ptolemy/actor/lib/test/auto/expressionCastInference.xml (RunModel)" time="0.031" />
  <testcase classname="ptolemy.util.test.junit.AutoTests" name="[436] /home/travis/build/icyphy/ptII/ptolemy/actor/lib/test/auto/expressionCastInference2.xml (RunModel)" time="0.035" />
  <testcase classname="ptolemy.util.test.junit.AutoTests" name="[437] /home/travis/build/icyphy/ptII/ptolemy/actor/lib/test/auto/expressionInference.xml (RunModel)" time="0.032" />
  <testcase classname="ptolemy.util.test.junit.AutoTests" name="[438] /home/travis/build/icyphy/ptII/ptolemy/actor/lib/test/auto/expression_bug.xml (RunModel)" time="0.036" />
  <testcase classname="ptolemy.util.test.junit.AutoTests" name="[439] /home/travis/build/icyphy/ptII/ptolemy/actor/lib/test/auto/factorial.xml (RunModel)" time="0.111" />
  <testcase classname="ptolemy.util.test.junit.AutoTests" name="[440] /home/travis/build/icyphy/ptII/ptolemy/actor/lib/test/auto/filterTest1.xml (RunModel)" time="0.024" />
  <testcase classname="ptolemy.util.test.junit.AutoTests" name="[441] /home/travis/build/icyphy/ptII/ptolemy/actor/lib/test/auto/funcApplyInConst.xml (RunModel)" time="0.006" />
  <testcase classname="ptolemy.util.test.junit.AutoTests" name="[442] /home/travis/build/icyphy/ptII/ptolemy/actor/lib/test/auto/funcApplyInExpr.xml (RunModel)" time="0.006" />
  <testcase classname="ptolemy.util.test.junit.AutoTests" name="[443] /home/travis/build/icyphy/ptII/ptolemy/actor/lib/test/auto/function.xml (RunModel)" time="0.016" />
  <testcase classname="ptolemy.util.test.junit.AutoTests" name="[444] /home/travis/build/icyphy/ptII/ptolemy/actor/lib/test/auto/function2.xml (RunModel)" time="0.009" />
  <testcase classname="ptolemy.util.test.junit.AutoTests" name="[445] /home/travis/build/icyphy/ptII/ptolemy/actor/lib/test/auto/function3.xml (RunModel)" time="0.007" />
  <testcase classname="ptolemy.util.test.junit.AutoTests" name="[446] /home/travis/build/icyphy/ptII/ptolemy/actor/lib/test/auto/functionClosureTest1.xml (RunModel)" time="0.01" />
  <testcase classname="ptolemy.util.test.junit.AutoTests" name="[447] /home/travis/build/icyphy/ptII/ptolemy/actor/lib/test/auto/functionClosureTest2.xml (RunModel)" time="0.006" />
  <testcase classname="ptolemy.util.test.junit.AutoTests" name="[448] /home/travis/build/icyphy/ptII/ptolemy/actor/lib/test/auto/functionClosureTest3.xml (RunModel)" time="0.008" />
  <testcase classname="ptolemy.util.test.junit.AutoTests" name="[449] /home/travis/build/icyphy/ptII/ptolemy/actor/lib/test/auto/functionClosureTest4.xml (RunModel)" time="0.011" />
  <testcase classname="ptolemy.util.test.junit.AutoTests" name="[450] /home/travis/build/icyphy/ptII/ptolemy/actor/lib/test/auto/functionClosureTest5.xml (RunModel)" time="0.01" />
  <testcase classname="ptolemy.util.test.junit.AutoTests" name="[451] /home/travis/build/icyphy/ptII/ptolemy/actor/lib/test/auto/functionClosureTest6.xml (RunModel)" time="0.009" />
  <testcase classname="ptolemy.util.test.junit.AutoTests" name="[452] /home/travis/build/icyphy/ptII/ptolemy/actor/lib/test/auto/functionsOnArcs.xml (RunModel)" time="0.009" />
  <testcase classname="ptolemy.util.test.junit.AutoTests" name="[453] /home/travis/build/icyphy/ptII/ptolemy/actor/lib/test/auto/functionsOnArcsHOF.xml (RunModel)" time="0.01" />
  <testcase classname="ptolemy.util.test.junit.AutoTests" name="[454] /home/travis/build/icyphy/ptII/ptolemy/actor/lib/test/auto/logic.xml (RunModel)" time="0.018" />
  <testcase classname="ptolemy.util.test.junit.AutoTests" name="[455] /home/travis/build/icyphy/ptII/ptolemy/actor/lib/test/auto/matrixType.xml (RunModel)" time="0.008" />
  <testcase classname="ptolemy.util.test.junit.AutoTests" name="[456] /home/travis/build/icyphy/ptII/ptolemy/actor/lib/test/auto/matrixType10.xml (RunModel)" time="0.009" />
  <testcase classname="ptolemy.util.test.junit.AutoTests" name="[457] /home/travis/build/icyphy/ptII/ptolemy/actor/lib/test/auto/matrixType11.xml (RunModel)" time="0.008" />
  <testcase classname="ptolemy.util.test.junit.AutoTests" name="[458] /home/travis/build/icyphy/ptII/ptolemy/actor/lib/test/auto/matrixType12.xml (RunModel)" time="0.012" />
  <testcase classname="ptolemy.util.test.junit.AutoTests" name="[459] /home/travis/build/icyphy/ptII/ptolemy/actor/lib/test/auto/matrixType13.xml (RunModel)" time="0.008" />
  <testcase classname="ptolemy.util.test.junit.AutoTests" name="[460] /home/travis/build/icyphy/ptII/ptolemy/actor/lib/test/auto/matrixType14.xml (RunModel)" time="0.009" />
  <testcase classname="ptolemy.util.test.junit.AutoTests" name="[461] /home/travis/build/icyphy/ptII/ptolemy/actor/lib/test/auto/matrixType2.xml (RunModel)" time="0.008" />
  <testcase classname="ptolemy.util.test.junit.AutoTests" name="[462] /home/travis/build/icyphy/ptII/ptolemy/actor/lib/test/auto/matrixType3.xml (RunModel)" time="0.01" />
  <testcase classname="ptolemy.util.test.junit.AutoTests" name="[463] /home/travis/build/icyphy/ptII/ptolemy/actor/lib/test/auto/matrixType4.xml (RunModel)" time="0.007" />
  <testcase classname="ptolemy.util.test.junit.AutoTests" name="[464] /home/travis/build/icyphy/ptII/ptolemy/actor/lib/test/auto/matrixType5.xml (RunModel)" time="0.008" />
  <testcase classname="ptolemy.util.test.junit.AutoTests" name="[465] /home/travis/build/icyphy/ptII/ptolemy/actor/lib/test/auto/matrixType6.xml (RunModel)" time="0.007" />
  <testcase classname="ptolemy.util.test.junit.AutoTests" name="[466] /home/travis/build/icyphy/ptII/ptolemy/actor/lib/test/auto/matrixType7.xml (RunModel)" time="0.009" />
  <testcase classname="ptolemy.util.test.junit.AutoTests" name="[467] /home/travis/build/icyphy/ptII/ptolemy/actor/lib/test/auto/matrixType8.xml (RunModel)" time="0.009" />
  <testcase classname="ptolemy.util.test.junit.AutoTests" name="[468] /home/travis/build/icyphy/ptII/ptolemy/actor/lib/test/auto/matrixType9.xml (RunModel)" time="0.007" />
  <testcase classname="ptolemy.util.test.junit.AutoTests" name="[469] /home/travis/build/icyphy/ptII/ptolemy/actor/lib/test/auto/paraFunctest.xml (RunModel)" time="0.007" />
  <testcase classname="ptolemy.util.test.junit.AutoTests" name="[470] /home/travis/build/icyphy/ptII/ptolemy/actor/lib/test/auto/paraFunctest2.xml (RunModel)" time="0.011" />
  <testcase classname="ptolemy.util.test.junit.AutoTests" name="[471] /home/travis/build/icyphy/ptII/ptolemy/actor/lib/test/auto/parameterPassing.xml (RunModel)" time="0.008" />
  <testcase classname="ptolemy.util.test.junit.AutoTests" name="[472] /home/travis/build/icyphy/ptII/ptolemy/actor/lib/test/auto/record.xml (RunModel)" time="0.009" />
  <testcase classname="ptolemy.util.test.junit.AutoTests" name="[473] /home/travis/build/icyphy/ptII/ptolemy/actor/lib/test/auto/sizedarray1.xml (RunModel)" time="0.009" />
  <testcase classname="ptolemy.util.test.junit.AutoTests" name="[474] /home/travis/build/icyphy/ptII/ptolemy/actor/lib/test/auto/sizedarray2.xml (RunModel)" time="0.009" />
  <testcase classname="ptolemy.util.test.junit.AutoTests" name="[475] /home/travis/build/icyphy/ptII/ptolemy/actor/lib/test/auto/twoPublishers.xml (RunModel)" time="0.017" />
  <system-out><![CDATA[/home/travis/build/icyphy/ptII/ptolemy/actor/lib/test/AbsoluteValue.tcl
testDefs.tcl: setting time out to 9000 seconds at Mon Oct 05 15:45:33 UTC 2020
90 ms. Memory: 129024K Free: 93123K (72%)
5 ms. Memory: 129024K Free: 91075K (71%)
5 ms. Memory: 129024K Free: 90531K (70%)
5 ms. Memory: 129024K Free: 89523K (69%)
/home/travis/build/icyphy/ptII/ptolemy/actor/lib/test/AddSubtract.tcl
10 ms. Memory: 129024K Free: 87459K (68%)
7 ms. Memory: 129024K Free: 86979K (67%)
7 ms. Memory: 129024K Free: 85955K (67%)
13 ms. Memory: 129024K Free: 85411K (66%)
94 ms. Memory: 129024K Free: 82369K (64%)
12 ms. Memory: 129024K Free: 81345K (63%)
/home/travis/build/icyphy/ptII/ptolemy/actor/lib/test/Average.tcl
7 ms. Memory: 129024K Free: 79811K (62%)
7 ms. Memory: 129024K Free: 78787K (61%)
/home/travis/build/icyphy/ptII/ptolemy/actor/lib/test/Bernoulli.tcl
4 ms. Memory: 129024K Free: 77235K (60%)
2 ms. Memory: 129024K Free: 76739K (59%)
/home/travis/build/icyphy/ptII/ptolemy/actor/lib/test/Clock.tcl
preinitializing
resolving types
initializing
executing number 1
wrapping up
idle
34 ms. Memory: 129024K Free: 74177K (57%)
Completed execution with 5 iterations
preinitializing
resolving types
initializing
executing number 1
wrapping up
idle
7 ms. Memory: 129024K Free: 73123K (57%)
Completed execution with 5 iterations
preinitializing
resolving types
initializing
executing number 1
wrapping up
idle
12 ms. Memory: 129024K Free: 72643K (56%)
Completed execution with 5 iterations
/home/travis/build/icyphy/ptII/ptolemy/actor/lib/test/Commutator.tcl
22 ms. Memory: 129024K Free: 70595K (55%)
6 ms. Memory: 129024K Free: 69571K (54%)
12 ms. Memory: 129024K Free: 63907K (50%)
/home/travis/build/icyphy/ptII/ptolemy/actor/lib/test/Const.tcl
4 ms. Memory: 129024K Free: 62403K (48%)
2 ms. Memory: 129024K Free: 61875K (48%)
3 ms. Memory: 129024K Free: 61379K (48%)
2 ms. Memory: 129024K Free: 60851K (47%)
3 ms. Memory: 129024K Free: 60355K (47%)
21 ms. Memory: 129024K Free: 58817K (46%)
6 ms. Memory: 129024K Free: 57283K (44%)
3 ms. Memory: 129024K Free: 56259K (44%)
/home/travis/build/icyphy/ptII/ptolemy/actor/lib/test/CurrentTime.tcl
preinitializing
resolving types
initializing
executing number 1
wrapping up
idle
7 ms. Memory: 129024K Free: 54211K (42%)
Completed execution with 11 iterations
/home/travis/build/icyphy/ptII/ptolemy/actor/lib/test/DB.tcl
4 ms. Memory: 129024K Free: 52667K (41%)
3 ms. Memory: 129024K Free: 52163K (40%)
2 ms. Memory: 129024K Free: 51649K (40%)
/home/travis/build/icyphy/ptII/ptolemy/actor/lib/test/DiscreteRandomSource.tcl
preinitializing
resolving types
initializing
executing number 1
wrapping up
idle
10 ms. Memory: 129024K Free: 50115K (39%)
Completed execution with 4 iterations
preinitializing
resolving types
initializing
executing number 1
wrapping up
idle
4 ms. Memory: 129024K Free: 49587K (38%)
Completed execution with 4 iterations
preinitializing
resolving types
initializing
executing number 1
wrapping up
idle
3 ms. Memory: 129024K Free: 49091K (38%)
Completed execution with 4 iterations
preinitializing
resolving types
initializing
executing number 1
wrapping up
idle
11 ms. Memory: 129024K Free: 48571K (38%)
Completed execution with 4 iterations
preinitializing
resolving types
initializing
executing number 1
wrapping up
idle
4 ms. Memory: 129024K Free: 48067K (37%)
Completed execution with 4 iterations
/home/travis/build/icyphy/ptII/ptolemy/actor/lib/test/Distributor.tcl
11 ms. Memory: 129024K Free: 113048K (88%)
4 ms. Memory: 129024K Free: 112454K (87%)
StreamChangeRequest.changeExecuted(): <deleteEntity name="rec2"/> succeeded
StreamChangeRequest.changeExecuted(): <deleteRelation name="r2"/> succeeded
StreamChangeRequest.changeExecuted(): Record firings per iteration succeeded
5 ms. Memory: 129024K Free: 109976K (85%)
/home/travis/build/icyphy/ptII/ptolemy/actor/lib/test/Exit.tcl
Exit.tcl: this will print a message about Manager.exitAfterWrapup, which can be ignored.
15 ms. Memory: 129024K Free: 106993K (83%)
/home/travis/build/icyphy/ptII/ptolemy/actor/lib/test/Expression.tcl
12 ms. Memory: 129024K Free: 103380K (80%)
3 ms. Memory: 129024K Free: 102808K (80%)
3 ms. Memory: 129024K Free: 102348K (79%)
preinitializing
resolving types
initializing
executing number 1
wrapping up
idle
5 ms. Memory: 129024K Free: 100738K (78%)
Completed execution with 6 iterations
3 ms. Memory: 129024K Free: 99736K (77%)
3 ms. Memory: 129024K Free: 99276K (77%)
4 ms. Memory: 129024K Free: 97658K (76%)
3 ms. Memory: 129024K Free: 96650K (75%)
3 ms. Memory: 129024K Free: 95166K (74%)
/home/travis/build/icyphy/ptII/ptolemy/actor/lib/test/Gaussian.tcl
3 ms. Memory: 129024K Free: 93554K (73%)
sleeping 1 seconds: ......................................................................................................................................................................................................................................................................................................................................................................................................................................................................................................................................................................................................................................................................................................................................................................................................................................................................................................................................................................................................................................................................................................................................................................................................................................................................................................................................................................................................................................................................................................................................................................................................................................................................................................................................................................................................................................................................................................................................................................................................................................................................................................................................................................................................................................................................................................................................................................................................................................................................................................................................................................................................................................................................................................................................................................................................................................................................................................................................................................................................................................................................................................................................................................................................................................................................................................................................................................................................................................................................................................................................................................................................................................................................................................................................................................................................................................................................................................................................................................................................................................................................................................................................................................................................................................................................................................................................................................................................................................................................................................................................................................................................................................................................................................................................................................................................................................................................................................................................................................................................................................................................................................................................................................................................................................................................................................................................................................................................................................................................................................................................................................................................................................................................................................................................................................................................................................................................................................................................................................................................................................................................................................................................................................................................................................................................................................................................................................................................................................................................................................................................................................................................................................................................................................................................................................................................................................................................................................................................................................................................................................................................................................................................................................................................................................................................................................................................................................................................................................................................................................................................................................................................................................................................................................................................................................................................................................................................................................................................................................................................................................................................................................................................................................................................................................................................................................................................................................................................................................................................................................................................................................................................................................................................................................................................................................................................................................................................................................................................................................................................................................................................................................................................................................................................................................................................................................................................................................................................................................................................................................................................................................................................................................................................................................................................................................................................................................................................................................................................................................................................................................................................................................................................................................................................................................................................................................................................................................................................................................................................................................................................................................................................................................................................................................................................................................................................................................................................................................................................................................................................................................................................................................................................................................................................................................................................................................................................................................................................................................................................................................................................................................................................................................................................................................................................................................................................................................................................................................................................................................................................................................................................................................................................................................................................................................................................................................................................................................................................................................................................................................................................................................................................................................................................................................................................................................................................................................................................................................................................................................................................................................................................................................................................................................................................................................................................................................................................................................................................................................................................................................................................................................................................................................................................................................................................................................................................................................................................................................................................................................................................................................................................................................................................................................................................................................................................................................................................................................................................................................................................................................................................................................................................................................................................................................................................................................................................................................................................................................................................................................................................................................................................................................................................................................................................................................................................................................................................................................................................................................................................................................................................................................................................................................................................................................................................................................................................................................................................................................................................................................................................................................................................................................................................................................................................................................................................................................................................................................................................................................................................................................................................................................................................................................................................................................................................................................................................................................................................................................................................................................................................................................................................................................................................................................................................................................................................................................................................................................................................................................................................................................................................................................................................................................................................................................................................................................................................................................................................................................................................................................................................................................................................................................................................................................................................................................................................................................................................................................................................................................................................................................................................................................................................................................................................................................................................................................................................................................................................................................................................................................................................................................................................................................................................................................................................................................................................................................................................................................................................................................................................................................................................................................................................................................................................................................................................................................................................................................................................................................................................................................................................................................................................................................................................................................................................................................................................................................................................................................................................................................................................................................................................................................................................................................................................................................................................................................................................................................................................................................................................................................................................................................................................................................................................................................................................................................................................................................................................................................................................................................................................................................................................................................................................................................................................................................................................................................................................................................................................................................................................................................................................................................................................................................................................................................................................................................................................................................................................................................................................................................................................................................................................................................................................................................................................................................................................................................................................................................................................................................................................................................................................................................................................................................................................................................................................................................................................................................................................................................................................................................................................................................................................................................................................................................................................................................................................................................................................................................................................................................................................................................................................................................................................................................................................................................................................................................................................................................................................................................................................................................................................................................................................................................................................................................................................................................................................................................................................................................................................................................................................................................................................................................................................................................................................................................................................................................................................................................................................................................................................................................................................................................................................................................................................................................................................................................................................................................................................................................................................................................................................................................................................................................................................................................................................................................................................................................................................................................................................................................................................................................................................................................................................................................................................................................................................................................................................................................................................................................................................................................................................................................................................................................................................................................................................................................................................................................................................................................................................................................................................................................................................................................................................................................................................................................................................................................................................................................................................................................................................................................................................................................................................................................................................................................................................................................................................................................................................................................................................................................................................................................................................................................................................................................................................................................................................................................................................................................................................................................................................................................................................................................................................................................................................................................................................................................................................................................................................................................................................................................................................................................................................................................................................................................................................................................................................................................................................................................................................................................................................................................................................................................................................................................................................................................................................................................................................................................................................................................................................................................................................................................................................................................................................................................................................................................................................................................................................................................................................................................................................................................................................................................................................................................................................................................................................................................................................................................................................................................................................................................................................................................................................................................................................................................................................................................................................................................................................................................................................................................................................................................................................................................................................................................................................................................................................................................................................................................................................................................................................................................................................................................................................................................................................................................................................................................................................................................................................................................................................................................................................................................................................................................................................................................................................................................................................................................................................................................................................................................................................................................................................................................................................................................................................................................................................................................................................................................................................................................................................................................................................................................................................................................................................................................................................................................................................................................................................................................................................................................................................................................................................................................................................................................................................................................................................................................................................................................................................................................................................................................................................................................................................................................................................................................................................................................................................................................................................................................................................................................................................................................................................................................................................................................................................................................................................................................................................................................................................................................................................................................................................................................................................................................................................................................................................................................................................................................................................................................................................................................................................................................................................................................................................................................................................................................................................................................................................................................................................................................................................................................................................................................................................................................................................................................................................................................................................................................................................................................................................................................................................................................................................................................................................................................................................................................................................................................................................................................................................................................................................................................................................................................................................................................................................................................................................................................................................................................................................................................................................................................................................................................................................................................................................................................................................................................................................................................................................................................................................................................................................................................................................................................................................................................................................................................................................................................................................................................................................................................................................................................................................................................................................................................................................................................................................................................................................................................................................................................................................................................................................................................................................................................................................................................................................................................................................................................................................................................................................................................................................................................................................................................................................................................................................................................................................................................................................................................................................................................................................................................................................................................................................................................................................................................................................................................................................................................................................................................................................................................................................................................................................................................................................................................................................................................................................................................................................................................................................................................................................................................................................................................................................................................................................................................................................................................................................................................................................................................................................................................................................................................................................................................................................................................................................................................................................................................................................................................................................................................................................................................................................................................................................................................................................................................................................................................................................................................................................................................................................................................................................................................................................................................................................................................................................................................................................................................................................................................................................................................................................................................................................................................................................................................................................................................................................................................................................................................................................................................................................................................................................................................................................................................................................................................................................................................................................................................................................................................................................................................................................................................................................................................................................................................................................................................................................................................................................................................................................................................................................................................................................................................................................................................................................................................................................................................................................................................................................................................................................................................................................................................................................................................................................................................................................................................................................................................................................................................................................................................................................................................................................................................................................................................................................................................................................................................................................................................................................................................................................................................................................................................................................................................................................................................................................................................................................................................................................................................................................................................................................................................................................................................................................................................................................................................................................................................................................................................................................................................................................................................................................................................................................................................................................................................................................................................................................................................................................................................................................................................................................................................................................................................................................................................................................................................................................................................................................................................................................................................................................................................................................................................................................................................................................................................................................................................................................................................................................................................................................................................................................................................................................................................................................................................................................................................................................................................................................................................................................................................................................................................................................................................................................................................................................................................................................................................................................................................................................................................................................................................................................................................................................................................................................................................................................................................................................................................................................................................................................................................................................................................................................................................................................................................................................................................................................................................................................................................................................................................................................................................................................................................................................................................................................................................................................................................................................................................................................................................................................................................................................................................................................................................................................................................................................................................................................................................................................................................................................................................................................................................................................................................................................................................................................................................................................................................................................................................................................................................................................................................................................................................................................................................................................................................................................................................................................................................................................................................................................................................................................................................................................................................................................................................................................................................................................................................................................................................................................................................................................................................................................................................................................................................................................................................................................................................................................................................................................................................................................................................................................................................................................................................................................................................................................................................................................................................................................................................................................................................................................................................................................................................................................................................................................................................................................................................................................................................................................................................................................................................................................................................................................................................................................................................................................................................................................................................................................................................................................................................................................................................................................................................................................................................................................................................................................................................................................................................................................................................................................................................................................................................................................................................................................................................................................................................................................................................................................................................................................................................................................................................................................................................................................................................................................................................................................................................................................................................................................................................................................................................................................................................................................................................................................................................................................................................................................................................................................................................................................................................................................................................................................................................................................................................................................................................................................................................................................................................................................................................................................................................................................................................................................................................................................................................................................................................................................................................................................................................................................................................................................................................................................................................................................................................................................................................................................................................................................................................................................................................................................................................................................................................................................................................................................................................................................................................................................................................................................................................................................................................................................................................................................................................................................................................................................................................................................................................................................................................................................................................................................................................................................................................................................................................................................................................................................................................................................................................................................................................................................................................................................................................................................................................................................................................................................................................................................................................................................................................................................................................................................................................................................................................................................................................................................................................................................................................................................................................................................................................................................................................................................................................................................................................................................................................................................................................................................................................................................................................................................................................................................................................................................................................................................................................................................................................................................................................................................................................................................................................................................................................................................................................................................................................................................................................................................................................................................................................................................................................................................................................................................................................................................................................................................................................................................................................................................................................................................................................................................................................................................................................................................................................................................................................................................................................................................................................................................................................................................................................................................................................................................................................................................................................................................................................................................................................................................................................................................................................................................................................................................................................................................................................................................................................................................................................................................................................................................................................................................................................................................................................................................................................................................................................................................................................................................................................................................................................................................................................................................................................................................................................................................................................................................................................................................................................................................................................................................................................................................................................................................................................................................................................................................................................................................................................................................................................................................................................................................................................................................................................................................................................................................................................................................................................................................................................................................................................................................................................................................................................................................................................................................................................................................................................................................................................................................................................................................................................................................................................................................................................................................................................................................................................................................................................................................................................................................................................................................................................................................................................................................................................................................................................................................................................................................................................................................................................................................................................................................................................................................................................................................................................................................................................................................................................................................................................................................................................................................................................................................................................................................................................................................................................................................................................................................................................................................................................................................................................................................................................................................................................................................................................................................................................................................................................................................................................................................................................................................................................................................................................................................................................................................................................................................................................................................................................................................................................................................................................................................................................................................................................................................................................................................................................................................................................................................................................................................................................................................................................................................................................................................................................................................................................................................................................................................................................................................................................................................................................................................................................................................................................................................................................................................................................................................................................................................................................................................................................................................................................................................................................................................................................................................................................................................................................................................................................................................................................................................................................................................................................................................................................................................................................................................................................................................................................................................................................................................................................................................................................................................................................................................................................................................................................................................................................................................................................................................................................................................................................................................................................................................................................................................................................................................................................................................................................................................................................................................................................................................................................................................................................................................................................................................................................................................................................................................................................................................................................................................................................................................................................................................................................................................................................................................................................................................................................................................................................................................................................................................................................................................................................................................................................................................................................................................................................................................................................................................................................................................................................................................................................................................................................................................................................................................................................................................................................................................................................................................................................................................................................................................................................................................................................................................................................................................................................................................................................................................................................................................................................................................................................................................................................................................................................................................................................................................................................................................................................................................................................................................................................................................................................................................................................................................................................................................................................................4 ms. Memory: 129024K Free: 76343K (59%)
3 ms. Memory: 129024K Free: 75319K (58%)
2 ms. Memory: 129024K Free: 74791K (58%)
5 ms. Memory: 129024K Free: 74295K (58%)
1 ms. Memory: 129024K Free: 73751K (57%)
/home/travis/build/icyphy/ptII/ptolemy/actor/lib/test/IIR.tcl
/home/travis/build/icyphy/ptII/ptolemy/actor/lib/test/Interpolator.tcl
5 ms. Memory: 129024K Free: 69679K (54%)
6 ms. Memory: 129024K Free: 69175K (54%)
3 ms. Memory: 129024K Free: 68647K (53%)
2 ms. Memory: 129024K Free: 68151K (53%)
2 ms. Memory: 129024K Free: 67127K (52%)
2 ms. Memory: 129024K Free: 66607K (52%)
4 ms. Memory: 129024K Free: 65575K (51%)
7 ms. Memory: 129024K Free: 64535K (50%)
3 ms. Memory: 129024K Free: 63541K (49%)
10 ms. Memory: 129024K Free: 62517K (48%)
/home/travis/build/icyphy/ptII/ptolemy/actor/lib/test/MathFunction.tcl
10 ms. Memory: 129024K Free: 60463K (47%)
2 ms. Memory: 129024K Free: 59445K (46%)
10 ms. Memory: 129024K Free: 58407K (45%)
2 ms. Memory: 129024K Free: 57911K (45%)
3 ms. Memory: 129024K Free: 56343K (44%)
6 ms. Memory: 129024K Free: 54325K (42%)
/home/travis/build/icyphy/ptII/ptolemy/actor/lib/test/Maximum.tcl
4 ms. Memory: 129024K Free: 52791K (41%)
2 ms. Memory: 129024K Free: 51767K (40%)
2 ms. Memory: 129024K Free: 51239K (40%)
2 ms. Memory: 129024K Free: 50743K (39%)
/home/travis/build/icyphy/ptII/ptolemy/actor/lib/test/Minimum.tcl
3 ms. Memory: 129024K Free: 48695K (38%)
2 ms. Memory: 129024K Free: 48167K (37%)
2 ms. Memory: 129024K Free: 47671K (37%)
2 ms. Memory: 129024K Free: 46647K (36%)
/home/travis/build/icyphy/ptII/ptolemy/actor/lib/test/MultiplyDivide.tcl
13 ms. Memory: 155648K Free: 138059K (89%)
3 ms. Memory: 155648K Free: 137531K (88%)
15 ms. Memory: 155648K Free: 137035K (88%)
18 ms. Memory: 155648K Free: 136011K (87%)
3 ms. Memory: 155648K Free: 135491K (87%)
/home/travis/build/icyphy/ptII/ptolemy/actor/lib/test/OrderedMerge.tcl
Connections changed on port: inputA
Connections changed on port: inputB
Connections changed on port: output
Connections changed on port: output
Connections changed on port: output
Connections changed on port: input
.top. Preinitializing ...
Invoking preinitialize():  .top.OrderedMerge
Called preinitialize()
Invoking preinitialize():  .top.Ramp
Called preinitialize()
Invoking preinitialize():  .top.Ramp2
Called preinitialize()
Invoking preinitialize():  .top.Test
Called preinitialize()
Connections changed on port: inputA
Connections changed on port: output
Connections changed on port: output
Connections changed on port: input
Connections changed on port: inputB
Connections changed on port: output
.top. Finished preinitialize().
Called initialize().
Invoking initialize():  .top.OrderedMerge
Initializing actor: .top.OrderedMerge
Adding a thread: .top.OrderedMerge
Invoking initialize():  .top.Ramp
Initializing actor: .top.Ramp
Adding a thread: .top.Ramp
Invoking initialize():  .top.Ramp2
Initializing actor: .top.Ramp2
Adding a thread: .top.Ramp2
Invoking initialize():  .top.Test
Initializing actor: .top.Test
Adding a thread: .top.Test
Called fire().
Checking for deadlock:
-- Starting thread.
Called initialize()
Called prefire()
Called fire()
-- Starting thread.
-- Starting thread.
-- Starting thread.
Called initialize()
Called initialize()
Called prefire()
Called initialize()
Called prefire()
Called fire()
Called fire()
There are 0 Blocked actors, 0 Stopped actors, and 4 active threads.
Waiting for actors to stop.
Checking for deadlock:
Called postfire()
Called postfire()
Called prefire()
Called prefire()
Called fire()
Called fire()
There are 1 Blocked actors, 0 Stopped actors, and 4 active threads.
Waiting for actors to stop.
Checking for deadlock:
There are 3 Blocked actors, 0 Stopped actors, and 4 active threads.
Waiting for actors to stop.
Called prefire()
Called fire()
Checking for deadlock:
There are 2 Blocked actors, 0 Stopped actors, and 4 active threads.
Waiting for actors to stop.
Called postfire()
Called prefire()
Called fire()
Checking for deadlock:
There are 3 Blocked actors, 0 Stopped actors, and 4 active threads.
Waiting for actors to stop.
Read input token from inputA with value 0.0
Next port to read input from is inputB
Called postfire()
Called prefire()
Called fire()
Checking for deadlock:
There are 2 Blocked actors, 0 Stopped actors, and 4 active threads.
Waiting for actors to stop.
Called postfire()
Called prefire()
Called fire()
Checking for deadlock:
There are 3 Blocked actors, 0 Stopped actors, and 4 active threads.
Waiting for actors to stop.
Read input token from inputB with value 0.0
Checking for deadlock:
There are 2 Blocked actors, 0 Stopped actors, and 4 active threads.
Waiting for actors to stop.
-- Read input: 0.0, which is expected to match: 0.0
Called prefire()
Called fire()
Checking for deadlock:
There are 3 Blocked actors, 0 Stopped actors, and 4 active threads.
Waiting for actors to stop.
Sent output token with value 0.0
Next port to read input from is inputA
Called postfire()
Called prefire()
Called fire()
Checking for deadlock:
There are 2 Blocked actors, 0 Stopped actors, and 4 active threads.
Waiting for actors to stop.
Called postfire()
Read input token from inputA with value 1.0
Called prefire()
Called fire()
Checking for deadlock:
There are 2 Blocked actors, 0 Stopped actors, and 4 active threads.
Waiting for actors to stop.
-- Read input: 0.0, which is expected to match: 0.0
Called prefire()
Called fire()
Checking for deadlock:
There are 3 Blocked actors, 0 Stopped actors, and 4 active threads.
Waiting for actors to stop.
Sent output token with value 0.0
Next port to read input from is inputB
Called postfire()
Called prefire()
Called fire()
Called postfire()
Called prefire()
Called fire()
Checking for deadlock:
There are 3 Blocked actors, 0 Stopped actors, and 4 active threads.
Waiting for actors to stop.
Read input token from inputB with value 1.5
-- Read input: 1.0, which is expected to match: 1.0
Called prefire()
Called fire()
Sent output token with value 1.0
Checking for deadlock:
There are 3 Blocked actors, 0 Stopped actors, and 4 active threads.
Waiting for actors to stop.
Next port to read input from is inputA
Called postfire()
Called prefire()
Called fire()
Read input token from inputA with value 2.0
Checking for deadlock:
There are 2 Blocked actors, 0 Stopped actors, and 4 active threads.
Waiting for actors to stop.
Called postfire()
Called prefire()
Called fire()
Checking for deadlock:
There are 2 Blocked actors, 0 Stopped actors, and 4 active threads.
Waiting for actors to stop.
Sent output token with value 1.5
-- Read input: 1.5, which is expected to match: 1.5
Next port to read input from is inputB
Called postfire()
Called prefire()
Called prefire()
Called fire()
Called fire()
Checking for deadlock:
There are 2 Blocked actors, 0 Stopped actors, and 4 active threads.
Waiting for actors to stop.
Called postfire()
Called prefire()
Called fire()
Read input token from inputB with value 3.0
Checking for deadlock:
There are 3 Blocked actors, 0 Stopped actors, and 4 active threads.
Waiting for actors to stop.
Checking for deadlock:
There are 2 Blocked actors, 0 Stopped actors, and 4 active threads.
Waiting for actors to stop.
Sent output token with value 2.0
-- Read input: 2.0, which is expected to match: 2.0
Next port to read input from is inputA
Called postfire()
Called prefire()
Called fire()
Called prefire()
Called fire()
Checking for deadlock:
There are 1 Blocked actors, 0 Stopped actors, and 4 active threads.
Waiting for actors to stop.
Called postfire()
Called prefire()
Called fire()
Checking for deadlock:
There are 3 Blocked actors, 0 Stopped actors, and 4 active threads.
Waiting for actors to stop.
Read input token from inputA with value 3.0
Checking for deadlock:
There are 2 Blocked actors, 0 Stopped actors, and 4 active threads.
Waiting for actors to stop.
-- Read input: 3.0, which is expected to match: 3.0
Called prefire()
Called fire()
Sent output token with value 3.0
Checking for deadlock:
Next port to read input from is inputB
Called postfire()
There are 3 Blocked actors, 0 Stopped actors, and 4 active threads.
Called prefire()
Waiting for actors to stop.
Called fire()
Called postfire()
Called prefire()
Called fire()
Read input token from inputB with value 4.5
Checking for deadlock:
There are 3 Blocked actors, 0 Stopped actors, and 4 active threads.
Waiting for actors to stop.
Checking for deadlock:
There are 2 Blocked actors, 0 Stopped actors, and 4 active threads.
Waiting for actors to stop.
-- Read input: 3.0, which is expected to match: 3.0
Called prefire()
Called fire()
Sent output token with value 3.0
Checking for deadlock:
There are 3 Blocked actors, 0 Stopped actors, and 4 active threads.
Waiting for actors to stop.
Next port to read input from is inputA
Called postfire()
Called prefire()
Called fire()
Checking for deadlock:
There are 2 Blocked actors, 0 Stopped actors, and 4 active threads.
Waiting for actors to stop.
Read input token from inputA with value 4.0
Called postfire()
Called prefire()
Called fire()
Checking for deadlock:
There are 2 Blocked actors, 0 Stopped actors, and 4 active threads.
Waiting for actors to stop.
-- Read input: 4.0, which is expected to match: 4.0
Called prefire()
Called fire()
Past the end of training data. Read and discard all inputs.
Checking for deadlock:
There are 3 Blocked actors, 0 Stopped actors, and 4 active threads.
Waiting for actors to stop.
Sent output token with value 4.0
Next port to read input from is inputA
Called postfire()
Called prefire()
Called fire()
Checking for deadlock:
There are 2 Blocked actors, 0 Stopped actors, and 4 active threads.
Waiting for actors to stop.
Called postfire()
Called prefire()
Called fire()
Checking for deadlock:
There are 3 Blocked actors, 0 Stopped actors, and 4 active threads.
Waiting for actors to stop.
Read input token from inputA with value 5.0
Sent output token with value 4.5
Next port to read input from is inputB
Called postfire()
Checking for deadlock:
Called prefire()
Called fire()
There are 2 Blocked actors, 0 Stopped actors, and 4 active threads.
Waiting for actors to stop.
Called prefire()
Called fire()
Past the end of training data. Read and discard all inputs.
Checking for deadlock:
There are 2 Blocked actors, 0 Stopped actors, and 4 active threads.
Waiting for actors to stop.
Read input token from inputB with value 6.0
Called postfire()
Called prefire()
Called fire()
Sent output token with value 5.0
Checking for deadlock:
There are 2 Blocked actors, 0 Stopped actors, and 4 active threads.
Waiting for actors to stop.
Called prefire()
Called fire()
Past the end of training data. Read and discard all inputs.
Next port to read input from is inputA
Called postfire()
Called prefire()
Called fire()
Checking for deadlock:
There are 3 Blocked actors, 0 Stopped actors, and 4 active threads.
Waiting for actors to stop.
Called postfire()
Read input token from inputA with value 6.0
Called prefire()
Called fire()
Checking for deadlock:
Sent output token with value 6.0
There are 2 Blocked actors, 0 Stopped actors, and 4 active threads.
Waiting for actors to stop.
Called prefire()
Called fire()
Past the end of training data. Read and discard all inputs.
Next port to read input from is inputB
Called postfire()
Checking for deadlock:
Called prefire()
Called fire()
There are 3 Blocked actors, 0 Stopped actors, and 4 active threads.
Waiting for actors to stop.
Checking for deadlock:
There are 2 Blocked actors, 0 Stopped actors, and 4 active threads.
Waiting for actors to stop.
Read input token from inputB with value 7.5
Called postfire()
Called prefire()
Called fire()
Sent output token with value 6.0
Checking for deadlock:
There are 2 Blocked actors, 0 Stopped actors, and 4 active threads.
Next port to read input from is inputA
Called postfire()
Called prefire()
Waiting for actors to stop.
Called fire()
Called prefire()
Called fire()
Past the end of training data. Read and discard all inputs.
Checking for deadlock:
There are 2 Blocked actors, 0 Stopped actors, and 4 active threads.
Read input token from inputA with value 7.0
Waiting for actors to stop.
Called postfire()
Called prefire()
Called fire()
Sent output token with value 7.0
Next port to read input from is inputA
Called postfire()
Called prefire()
Called prefire()
Called fire()
Checking for deadlock:
Past the end of training data. Read and discard all inputs.
There are 2 Blocked actors, 0 Stopped actors, and 4 active threads.
Waiting for actors to stop.
Called fire()
Checking for deadlock:
There are 2 Blocked actors, 0 Stopped actors, and 4 active threads.
Waiting for actors to stop.
Read input token from inputA with value 8.0
Called prefire()
Called fire()
Checking for deadlock:
Past the end of training data. Read and discard all inputs.
There are 1 Blocked actors, 0 Stopped actors, and 4 active threads.
Waiting for actors to stop.
Sent output token with value 7.5
-- Thread wrapup() called.
Next port to read input from is inputB
Called postfire()
Called prefire()
Called fire()
Called wrapup()
Read input token from inputB with value 9.0
Thread .top.Ramp is exiting.
-- Thread stopped.
Checking for deadlock:
There are 1 Blocked actors, 0 Stopped actors, and 3 active threads.
Waiting for actors to stop.
Called postfire()
Called prefire()
Called prefire()
Called fire()
Checking for deadlock:
There are 0 Blocked actors, 0 Stopped actors, and 3 active threads.
Waiting for actors to stop.
Called fire()
Sent output token with value 8.0
Past the end of training data. Read and discard all inputs.
Checking for deadlock:
There are 2 Blocked actors, 0 Stopped actors, and 3 active threads.
Waiting for actors to stop.
Next port to read input from is inputA
Called postfire()
Called prefire()
Called fire()
Read input token from inputA with value 9.0
Called prefire()
Checking for deadlock:
Called fire()
There are 1 Blocked actors, 0 Stopped actors, and 3 active threads.
Past the end of training data. Read and discard all inputs.
Waiting for actors to stop.
Checking for deadlock:
Sent output token with value 9.0
There are 2 Blocked actors, 0 Stopped actors, and 3 active threads.
Waiting for actors to stop.
Next port to read input from is inputB
Called postfire()
Called prefire()
Called fire()
Checking for deadlock:
There are 1 Blocked actors, 0 Stopped actors, and 3 active threads.
Waiting for actors to stop.
Read input token from inputB with value 10.5
Called postfire()
Called prefire()
Called fire()
Called prefire()
Called fire()
Checking for deadlock:
Past the end of training data. Read and discard all inputs.
There are 1 Blocked actors, 0 Stopped actors, and 3 active threads.
Waiting for actors to stop.
Checking for deadlock:
Sent output token with value 9.0
There are 2 Blocked actors, 0 Stopped actors, and 3 active threads.
Waiting for actors to stop.
Next port to read input from is inputA
Called postfire()
Called prefire()
Called fire()
Checking for deadlock:
There are 3 Blocked actors, 0 Stopped actors, and 3 active threads.
Actors have stopped.
Checking for deadlock:
There are 3 Blocked actors, 0 Stopped actors, and 3 active threads.
Deadlock detected.
Resolving Deadlock
Checking for deadlock:
There are 3 Blocked actors, 0 Stopped actors, and 3 active threads.
Artificial Deadlock - increasing queue capacity.
increasing the capacity of receiver ptolemy.actor.TypedIOPort {.top.OrderedMerge.inputB} to 2
Director: Called postfire().
Called postfire().
-- Thread wrapup() called.
Called wrapup()
_stopRequested = false
_stopFireRequested = false
Returning from postfire(): true
Thread .top.Ramp2 is exiting.
-- Thread stopped.
Called fire().
Checking for deadlock:
There are 2 Blocked actors, 0 Stopped actors, and 2 active threads.
Actors have stopped.
Checking for deadlock:
There are 2 Blocked actors, 0 Stopped actors, and 2 active threads.
Deadlock detected.
Resolving Deadlock
Checking for deadlock:
There are 2 Blocked actors, 0 Stopped actors, and 2 active threads.
Deadlock detected: no processes blocked on write, but some are blocked on read.
Called postfire().
_stopRequested = false
_stopFireRequested = false
Returning from postfire(): false
Finished deactivating branches.
Called wrapup().
-- Thread wrapup() called.
Called wrapup()
Thread .top.Test is exiting.
-- Thread stopped.
-- Blocked Receiver call threw TerminateProcessException.
-- Thread wrapup() called.
Called wrapup()
Thread .top.OrderedMerge is exiting.
-- Thread stopped.
-- Blocked Receiver call threw TerminateProcessException.
68 ms. Memory: 155648K Free: 130377K (84%)
.top. Preinitializing ...
Invoking preinitialize():  .top.OrderedMerge
Called preinitialize()
Invoking preinitialize():  .top.Ramp
Called preinitialize()
Invoking preinitialize():  .top.Ramp2
Called preinitialize()
Invoking preinitialize():  .top.Test
Called preinitialize()
.top. Finished preinitialize().
Called initialize().
Invoking initialize():  .top.OrderedMerge
Initializing actor: .top.OrderedMerge
Adding a thread: .top.OrderedMerge
Invoking initialize():  .top.Ramp
Initializing actor: .top.Ramp
Adding a thread: .top.Ramp
Invoking initialize():  .top.Ramp2
Initializing actor: .top.Ramp2
Adding a thread: .top.Ramp2
Invoking initialize():  .top.Test
Initializing actor: .top.Test
Adding a thread: .top.Test
-- Starting thread.
Called initialize()
Called prefire()
Called fire()
-- Starting thread.
Called initialize()
Called prefire()
Called fire()
Called postfire()
Called prefire()
Called fire()
-- Starting thread.
Called initialize()
Called prefire()
Called fire()
Called postfire()
Called prefire()
Called fire()
Called fire().
Checking for deadlock:
There are 3 Blocked actors, 0 Stopped actors, and 4 active threads.
-- Starting thread.
Waiting for actors to stop.
Called initialize()
Called prefire()
Called fire()
Called postfire()
Called prefire()
Called fire()
Read input token from inputA with value 0.0
Checking for deadlock:
There are 3 Blocked actors, 0 Stopped actors, and 4 active threads.
Waiting for actors to stop.
Next port to read input from is inputB
Called postfire()
Called prefire()
Called fire()
Read input token from inputB with value 0.0
Called postfire()
Called prefire()
Called fire()
Sent output token with value 0.0
Checking for deadlock:
There are 2 Blocked actors, 0 Stopped actors, and 4 active threads.
Next port to read input from is inputA
Called postfire()
Waiting for actors to stop.
Called prefire()
Called fire()
-- Read input: 0.0, which is expected to match: 0.0
Called prefire()
Called fire()
Called postfire()
Called prefire()
Called fire()
Checking for deadlock:
There are 3 Blocked actors, 0 Stopped actors, and 4 active threads.
Waiting for actors to stop.
Read input token from inputA with value 1.0
Sent output token with value 0.0
-- Read input: 0.0, which is expected to match: 0.0
Called prefire()
Called fire()
Next port to read input from is inputB
Called postfire()
Called prefire()
Called fire()
Checking for deadlock:
There are 2 Blocked actors, 0 Stopped actors, and 4 active threads.
Waiting for actors to stop.
Read input token from inputB with value 1.5
Called postfire()
Called prefire()
Sent output token with value 1.0
Next port to read input from is inputA
Called postfire()
-- Read input: 1.0, which is expected to match: 1.0
Called prefire()
Called fire()
Checking for deadlock:
There are 2 Blocked actors, 0 Stopped actors, and 4 active threads.
Waiting for actors to stop.
Called fire()
Checking for deadlock:
There are 3 Blocked actors, 0 Stopped actors, and 4 active threads.
Waiting for actors to stop.
Called prefire()
Called fire()
Called postfire()
Read input token from inputA with value 2.0
Called prefire()
Called fire()
Checking for deadlock:
Sent output token with value 1.5
There are 2 Blocked actors, 0 Stopped actors, and 4 active threads.
Waiting for actors to stop.
Next port to read input from is inputB
Called postfire()
Called prefire()
Called fire()
-- Read input: 1.5, which is expected to match: 1.5
Called prefire()
Called fire()
Read input token from inputB with value 3.0
Sent output token with value 2.0
Called postfire()
Called prefire()
Called fire()
Next port to read input from is inputA
Called postfire()
Called prefire()
Called fire()
-- Read input: 2.0, which is expected to match: 2.0
Read input token from inputA with value 3.0
Called prefire()
Called fire()
Sent output token with value 3.0
-- Read input: 3.0, which is expected to match: 3.0
Next port to read input from is inputB
Called postfire()
Called prefire()
Called fire()
Called prefire()
Checking for deadlock:
Called fire()
There are 1 Blocked actors, 0 Stopped actors, and 4 active threads.
Waiting for actors to stop.
Called postfire()
Called prefire()
Called fire()
Read input token from inputB with value 4.5
Sent output token with value 3.0
-- Read input: 3.0, which is expected to match: 3.0
Next port to read input from is inputA
Called postfire()
Called prefire()
Called fire()
Checking for deadlock:
There are 1 Blocked actors, 0 Stopped actors, and 4 active threads.
Waiting for actors to stop.
Called prefire()
Called fire()
Called postfire()
Called prefire()
Called fire()
Checking for deadlock:
Read input token from inputA with value 4.0
There are 2 Blocked actors, 0 Stopped actors, and 4 active threads.
Waiting for actors to stop.
Sent output token with value 4.0
Called postfire()
Next port to read input from is inputA
Called postfire()
Checking for deadlock:
There are 1 Blocked actors, 0 Stopped actors, and 4 active threads.
Waiting for actors to stop.
-- Read input: 4.0, which is expected to match: 4.0
Called prefire()
Called fire()
Past the end of training data. Read and discard all inputs.
Called prefire()
Called prefire()
Checking for deadlock:
There are 2 Blocked actors, 0 Stopped actors, and 4 active threads.
Waiting for actors to stop.
Called fire()
Called fire()
Called postfire()
Called prefire()
Called fire()
Read input token from inputA with value 5.0
Called prefire()
Called fire()
Sent output token with value 4.5
Past the end of training data. Read and discard all inputs.
Next port to read input from is inputB
Called postfire()
Called prefire()
Checking for deadlock:
Called fire()
There are 3 Blocked actors, 0 Stopped actors, and 4 active threads.
Waiting for actors to stop.
Checking for deadlock:
There are 2 Blocked actors, 0 Stopped actors, and 4 active threads.
Read input token from inputB with value 6.0
Waiting for actors to stop.
Called postfire()
Sent output token with value 5.0
Called prefire()
Called fire()
Past the end of training data. Read and discard all inputs.
Called prefire()
Next port to read input from is inputA
Checking for deadlock:
There are 2 Blocked actors, 0 Stopped actors, and 4 active threads.
Waiting for actors to stop.
Called fire()
Called postfire()
Called prefire()
Called fire()
Checking for deadlock:
There are 3 Blocked actors, 0 Stopped actors, and 4 active threads.
Waiting for actors to stop.
Checking for deadlock:
Read input token from inputA with value 6.0
There are 2 Blocked actors, 0 Stopped actors, and 4 active threads.
Waiting for actors to stop.
Called postfire()
Sent output token with value 6.0
Checking for deadlock:
There are 1 Blocked actors, 0 Stopped actors, and 4 active threads.
Waiting for actors to stop.
Next port to read input from is inputB
Called postfire()
Called prefire()
Called fire()
Called prefire()
Called fire()
Checking for deadlock:
There are 0 Blocked actors, 0 Stopped actors, and 4 active threads.
Called prefire()
Waiting for actors to stop.
Called fire()
Past the end of training data. Read and discard all inputs.
Read input token from inputB with value 7.5
Called postfire()
Called prefire()
Called fire()
Sent output token with value 6.0
Called prefire()
Called fire()
Next port to read input from is inputA
Checking for deadlock:
There are 2 Blocked actors, 0 Stopped actors, and 4 active threads.
Waiting for actors to stop.
Past the end of training data. Read and discard all inputs.
Called postfire()
Called prefire()
Called fire()
Checking for deadlock:
There are 3 Blocked actors, 0 Stopped actors, and 4 active threads.
Waiting for actors to stop.
Checking for deadlock:
Read input token from inputA with value 7.0
There are 2 Blocked actors, 0 Stopped actors, and 4 active threads.
Waiting for actors to stop.
Called postfire()
Sent output token with value 7.0
Next port to read input from is inputA
Called postfire()
Checking for deadlock:
There are 1 Blocked actors, 0 Stopped actors, and 4 active threads.
Waiting for actors to stop.
Called prefire()
Called prefire()
Called fire()
Called prefire()
Called fire()
Past the end of training data. Read and discard all inputs.
Read input token from inputA with value 8.0
Called fire()
Sent output token with value 7.5
-- Thread wrapup() called.
Called wrapup()
Next port to read input from is inputB
Called postfire()
Called prefire()
Thread .top.Ramp is exiting.
Called fire()
-- Thread stopped.
Read input token from inputB with value 9.0
Checking for deadlock:
There are 1 Blocked actors, 0 Stopped actors, and 3 active threads.
Waiting for actors to stop.
Called postfire()
Called prefire()
Called fire()
Called prefire()
Called fire()
Past the end of training data. Read and discard all inputs.
Checking for deadlock:
There are 2 Blocked actors, 0 Stopped actors, and 3 active threads.
Waiting for actors to stop.
Called prefire()
Called fire()
Sent output token with value 8.0
Past the end of training data. Read and discard all inputs.
Checking for deadlock:
Next port to read input from is inputA
Called postfire()
Called prefire()
There are 2 Blocked actors, 0 Stopped actors, and 3 active threads.
Waiting for actors to stop.
Called fire()
Read input token from inputA with value 9.0
Sent output token with value 9.0
Called prefire()
Called fire()
Past the end of training data. Read and discard all inputs.
Next port to read input from is inputB
Called postfire()
Called prefire()
Called fire()
Called postfire()
Called prefire()
Called fire()
Read input token from inputB with value 10.5
Checking for deadlock:
There are 2 Blocked actors, 0 Stopped actors, and 3 active threads.
Waiting for actors to stop.
Called prefire()
Called fire()
Sent output token with value 9.0
Checking for deadlock:
There are 1 Blocked actors, 0 Stopped actors, and 3 active threads.
Waiting for actors to stop.
Past the end of training data. Read and discard all inputs.
Next port to read input from is inputA
Called postfire()
Called prefire()
Checking for deadlock:
Called fire()
There are 2 Blocked actors, 0 Stopped actors, and 3 active threads.
Waiting for actors to stop.
Checking for deadlock:
There are 3 Blocked actors, 0 Stopped actors, and 3 active threads.
Actors have stopped.
Checking for deadlock:
There are 3 Blocked actors, 0 Stopped actors, and 3 active threads.
Deadlock detected.
Resolving Deadlock
Checking for deadlock:
There are 3 Blocked actors, 0 Stopped actors, and 3 active threads.
Artificial Deadlock - increasing queue capacity.
increasing the capacity of receiver ptolemy.actor.TypedIOPort {.top.OrderedMerge.inputB} to 2
Director: Called postfire().
Called postfire().
_stopRequested = false
_stopFireRequested = false
Returning from postfire(): true
Called fire().
Checking for deadlock:
There are 2 Blocked actors, 0 Stopped actors, and 3 active threads.
Waiting for actors to stop.
-- Thread wrapup() called.
Called wrapup()
Thread .top.Ramp2 is exiting.
-- Thread stopped.
Checking for deadlock:
There are 2 Blocked actors, 0 Stopped actors, and 2 active threads.
Actors have stopped.
Checking for deadlock:
There are 2 Blocked actors, 0 Stopped actors, and 2 active threads.
Deadlock detected.
Resolving Deadlock
Checking for deadlock:
There are 2 Blocked actors, 0 Stopped actors, and 2 active threads.
Deadlock detected: no processes blocked on write, but some are blocked on read.
Called postfire().
_stopRequested = false
_stopFireRequested = false
Returning from postfire(): false
Finished deactivating branches.
Called wrapup().
-- Thread wrapup() called.
Called wrapup()
-- Thread wrapup() called.
Called wrapup()
Thread .top.OrderedMerge is exiting.
-- Thread stopped.
-- Blocked Receiver call threw TerminateProcessException.
Thread .top.Test is exiting.
-- Thread stopped.
-- Blocked Receiver call threw TerminateProcessException.
53 ms. Memory: 155648K Free: 128329K (82%)
/home/travis/build/icyphy/ptII/ptolemy/actor/lib/test/Publisher.tcl
18 ms. Memory: 155648K Free: 122185K (79%)
10 ms. Memory: 155648K Free: 116555K (75%)
11 ms. Memory: 155648K Free: 112969K (73%)
5 ms. Memory: 155648K Free: 111915K (72%)
2 ms. Memory: 155648K Free: 111435K (72%)
3 ms. Memory: 155648K Free: 110411K (71%)
2 ms. Memory: 155648K Free: 109897K (71%)
3 ms. Memory: 155648K Free: 108859K (70%)
39 ms. Memory: 155648K Free: 130098K (84%)
6 ms. Memory: 155648K Free: 126512K (81%)
4 ms. Memory: 155648K Free: 126002K (81%)
3 ms. Memory: 155648K Free: 123954K (80%)
6 ms. Memory: 155648K Free: 116181K (75%)
6 ms. Memory: 155648K Free: 106546K (68%)
12 ms. Memory: 155648K Free: 95778K (62%)
/home/travis/build/icyphy/ptII/ptolemy/actor/lib/test/Pulse.tcl
2 ms. Memory: 155648K Free: 135150K (87%)
2 ms. Memory: 155648K Free: 134630K (86%)
1 ms. Memory: 155648K Free: 134126K (86%)
1 ms. Memory: 155648K Free: 133612K (86%)
1 ms. Memory: 155648K Free: 133102K (86%)
12 ms. Memory: 155648K Free: 131564K (85%)
2 ms. Memory: 155648K Free: 130540K (84%)
2 ms. Memory: 155648K Free: 130030K (84%)
1 ms. Memory: 155648K Free: 129516K (83%)
/home/travis/build/icyphy/ptII/ptolemy/actor/lib/test/Ramp.tcl
5 ms. Memory: 155648K Free: 127454K (82%)
1 ms. Memory: 155648K Free: 126444K (81%)
6 ms. Memory: 155648K Free: 125934K (81%)
2 ms. Memory: 155648K Free: 124910K (80%)
5 ms. Memory: 155648K Free: 124382K (80%)
11 ms. Memory: 155648K Free: 123358K (79%)
9 ms. Memory: 155648K Free: 122348K (79%)
5 actors
4000 microseconds per iteration to create
5 ms. Memory: 155648K Free: 119790K (77%)
1 ms. Memory: 155648K Free: 119276K (77%)
1 ms. Memory: 155648K Free: 118766K (76%)
2 ms. Memory: 155648K Free: 118246K (76%)
50 actors
54000 microseconds per iteration to create
38 ms. Memory: 155648K Free: 102382K (66%)
17 ms. Memory: 155648K Free: 101358K (65%)
4 ms. Memory: 155648K Free: 100334K (64%)
9 ms. Memory: 155648K Free: 99310K (64%)
500 actors
1586000 microseconds per iteration to create
256 ms. Memory: 187392K Free: 135852K (72%)
35 ms. Memory: 187392K Free: 130717K (70%)
32 ms. Memory: 187392K Free: 125612K (67%)
32 ms. Memory: 187392K Free: 120492K (64%)
/home/travis/build/icyphy/ptII/ptolemy/actor/lib/test/RampContinuous.tcl
6 ms. Memory: 187392K Free: 118958K (63%)
/home/travis/build/icyphy/ptII/ptolemy/actor/lib/test/RecordAssembler.tcl
5 ms. Memory: 187392K Free: 117405K (63%)
3 ms. Memory: 187392K Free: 116365K (62%)
/home/travis/build/icyphy/ptII/ptolemy/actor/lib/test/RecordDisassembler.tcl
5 ms. Memory: 187392K Free: 114862K (61%)
2 ms. Memory: 187392K Free: 113838K (61%)
3 ms. Memory: 187392K Free: 112814K (60%)
/home/travis/build/icyphy/ptII/ptolemy/actor/lib/test/Scale.tcl
3 ms. Memory: 187392K Free: 110766K (59%)
1 ms. Memory: 187392K Free: 110237K (59%)
1 ms. Memory: 187392K Free: 109213K (58%)
3 ms. Memory: 187392K Free: 108718K (58%)
8 ms. Memory: 187392K Free: 107694K (57%)
/home/travis/build/icyphy/ptII/ptolemy/actor/lib/test/SequentialClock.tcl
preinitializing
resolving types
initializing
executing number 1
wrapping up
idle
2 ms. Memory: 187392K Free: 106670K (57%)
Completed execution with 5 iterations
preinitializing
resolving types
initializing
executing number 1
wrapping up
idle
2 ms. Memory: 187392K Free: 105646K (56%)
Completed execution with 5 iterations
preinitializing
resolving types
initializing
executing number 1
wrapping up
idle
2 ms. Memory: 187392K Free: 105646K (56%)
Completed execution with 5 iterations
/home/travis/build/icyphy/ptII/ptolemy/actor/lib/test/SetVariable.tcl
4 ms. Memory: 187392K Free: 103598K (55%)
/home/travis/build/icyphy/ptII/ptolemy/actor/lib/test/Sinewave.tcl
/home/travis/build/icyphy/ptII/ptolemy/actor/lib/test/SubscriptionAggregator.tcl
4 ms. Memory: 187392K Free: 92334K (49%)
2 ms. Memory: 187392K Free: 91805K (49%)
1 ms. Memory: 187392K Free: 91310K (49%)
1 ms. Memory: 187392K Free: 90789K (48%)
1 ms. Memory: 187392K Free: 87214K (47%)
8 ms. Memory: 187392K Free: 85166K (45%)
...............................................................848 ms. Memory: 274432K Free: 170346K (62%)
/home/travis/build/icyphy/ptII/ptolemy/actor/lib/test/Test.tcl
 The next command will produce a warning about training mode,
   which may be ignored.
5 ms. Memory: 274432K Free: 168300K (61%)
3 ms. Memory: 274432K Free: 167276K (61%)
2 ms. Memory: 274432K Free: 166748K (61%)
1 ms. Memory: 274432K Free: 166252K (61%)
1 ms. Memory: 274432K Free: 165732K (60%)
3 ms. Memory: 274432K Free: 164204K (60%)
3 ms. Memory: 274432K Free: 163180K (59%)
 The next command will produce a warning about training mode,
   which may be ignored.
4 ms. Memory: 274432K Free: 160612K (59%)
 The next command will produce a warning about training mode,
   which may be ignored.
2 ms. Memory: 274432K Free: 159594K (58%)
1 ms. Memory: 274432K Free: 159084K (58%)
2 ms. Memory: 274432K Free: 158540K (58%)
2 ms. Memory: 274432K Free: 158060K (58%)
5 ms. Memory: 274432K Free: 157036K (57%)
3 ms. Memory: 274432K Free: 153436K (56%)
/home/travis/build/icyphy/ptII/ptolemy/actor/lib/test/TestExceptionHandler.tcl
 The next command will produce a warning about training mode,
   which may be ignored.
2 ms. Memory: 274432K Free: 151916K (55%)
1 ms. Memory: 274432K Free: 151388K (55%)
1 ms. Memory: 274432K Free: 150892K (55%)
/home/travis/build/icyphy/ptII/ptolemy/actor/lib/test/UnionDisassembler.tcl
14 ms. Memory: 274432K Free: 143724K (52%)
/home/travis/build/icyphy/ptII/ptolemy/actor/lib/test/VariableClock.tcl
preinitializing
resolving types
initializing
executing number 1
wrapping up
idle
3 ms. Memory: 274432K Free: 141676K (52%)
Completed execution with 11 iterations
preinitializing
resolving types
initializing
executing number 1
wrapping up
idle
3 ms. Memory: 274432K Free: 140138K (51%)
Completed execution with 10 iterations
10/05/20 03:45:41
Failed: 0  Total Tests: 233  ((Passed: 233, Newly Passed: 0)  Known Failed: 0) /home/travis/build/icyphy/ptII/ptolemy/actor/lib/test
----------------- testing (KnownFailure) /home/travis/build/icyphy/ptII/ptolemy/actor/lib/test/auto/knownFailedTests/PublisherPortToplevelSubscriber.xml
5 ms. Memory: 274432K Free: 137066K (50%)
Known Failure: java.lang.reflect.InvocationTargetException
----------------- testing (KnownFailure) /home/travis/build/icyphy/ptII/ptolemy/actor/lib/test/auto/knownFailedTests/PublisherSubscriberPortToplevel.xml
1 ms. Memory: 274432K Free: 132970K (48%)
Known Failure: java.lang.reflect.InvocationTargetException
----------------- testing (KnownFailure) /home/travis/build/icyphy/ptII/ptolemy/actor/lib/test/auto/knownFailedTests/PublisherSubscriptionAggregatorPort.xml
7 ms. Memory: 274432K Free: 128874K (47%)
Known Failure: java.lang.reflect.InvocationTargetException
----------------- testing (KnownFailure) /home/travis/build/icyphy/ptII/ptolemy/actor/lib/test/auto/knownFailedTests/sizedarray3.xml
8 ms. Memory: 274432K Free: 124268K (45%)
Known Failure: java.lang.reflect.InvocationTargetException
No auto/linux-amd64/*.xml tests in /home/travis/build/icyphy/ptII/ptolemy/actor/lib/test
AutoTests.java: About to close Vertx.
AutoTests.java: Vertx closed.

===========================================================================================
----------------- testing Mon Oct 05 15:45:42 UTC 2020 /home/travis/build/icyphy/ptII/ptolemy/actor/lib/test/auto/AbsoluteValue.xml
----------------- Instantiating /home/travis/build/icyphy/ptII/ptolemy/actor/lib/test/auto/AbsoluteValue.xml
11 ms. Memory: 274432K Free: 102250K (37%)
----------------- Invoking toplevel() on ptolemy.moml.MoMLSimpleApplication@411b5ca1
----------------- Done invoking toplevel() on ptolemy.moml.MoMLSimpleApplication@411b5ca1
reloadAllAccessors: .AbsoluteValue

===========================================================================================
----------------- testing Mon Oct 05 15:45:42 UTC 2020 /home/travis/build/icyphy/ptII/ptolemy/actor/lib/test/auto/AbsoluteValue2.xml
----------------- Instantiating /home/travis/build/icyphy/ptII/ptolemy/actor/lib/test/auto/AbsoluteValue2.xml
5 ms. Memory: 274432K Free: 95082K (35%)
----------------- Invoking toplevel() on ptolemy.moml.MoMLSimpleApplication@3821be30
----------------- Done invoking toplevel() on ptolemy.moml.MoMLSimpleApplication@3821be30
reloadAllAccessors: .AbsoluteValue2

===========================================================================================
----------------- testing Mon Oct 05 15:45:42 UTC 2020 /home/travis/build/icyphy/ptII/ptolemy/actor/lib/test/auto/Accumulator.xml
----------------- Instantiating /home/travis/build/icyphy/ptII/ptolemy/actor/lib/test/auto/Accumulator.xml
6 ms. Memory: 274432K Free: 88938K (32%)
----------------- Invoking toplevel() on ptolemy.moml.MoMLSimpleApplication@715061ba
----------------- Done invoking toplevel() on ptolemy.moml.MoMLSimpleApplication@715061ba
reloadAllAccessors: .Accumulator

===========================================================================================
----------------- testing Mon Oct 05 15:45:42 UTC 2020 /home/travis/build/icyphy/ptII/ptolemy/actor/lib/test/auto/Accumulator2.xml
----------------- Instantiating /home/travis/build/icyphy/ptII/ptolemy/actor/lib/test/auto/Accumulator2.xml
19 ms. Memory: 274432K Free: 224699K (82%)
----------------- Invoking toplevel() on ptolemy.moml.MoMLSimpleApplication@2581d5d8
----------------- Done invoking toplevel() on ptolemy.moml.MoMLSimpleApplication@2581d5d8
reloadAllAccessors: .Accumulator2

===========================================================================================
----------------- testing Mon Oct 05 15:45:42 UTC 2020 /home/travis/build/icyphy/ptII/ptolemy/actor/lib/test/auto/Accumulator3.xml
----------------- Instantiating /home/travis/build/icyphy/ptII/ptolemy/actor/lib/test/auto/Accumulator3.xml
5 ms. Memory: 274432K Free: 220089K (80%)
----------------- Invoking toplevel() on ptolemy.moml.MoMLSimpleApplication@2d9f3461
----------------- Done invoking toplevel() on ptolemy.moml.MoMLSimpleApplication@2d9f3461
reloadAllAccessors: .Accumulator3

===========================================================================================
----------------- testing Mon Oct 05 15:45:42 UTC 2020 /home/travis/build/icyphy/ptII/ptolemy/actor/lib/test/auto/ArrayAppend.xml
----------------- Instantiating /home/travis/build/icyphy/ptII/ptolemy/actor/lib/test/auto/ArrayAppend.xml
4 ms. Memory: 274432K Free: 214459K (78%)
----------------- Invoking toplevel() on ptolemy.moml.MoMLSimpleApplication@4d422a41
----------------- Done invoking toplevel() on ptolemy.moml.MoMLSimpleApplication@4d422a41
reloadAllAccessors: .ArrayAppend

===========================================================================================
----------------- testing Mon Oct 05 15:45:42 UTC 2020 /home/travis/build/icyphy/ptII/ptolemy/actor/lib/test/auto/ArrayAppend2.xml
----------------- Instantiating /home/travis/build/icyphy/ptII/ptolemy/actor/lib/test/auto/ArrayAppend2.xml
296 ms. Memory: 274432K Free: 155067K (57%)
----------------- Invoking toplevel() on ptolemy.moml.MoMLSimpleApplication@67d2219b
----------------- Done invoking toplevel() on ptolemy.moml.MoMLSimpleApplication@67d2219b
reloadAllAccessors: .ArrayAppend2

===========================================================================================
----------------- testing Mon Oct 05 15:45:43 UTC 2020 /home/travis/build/icyphy/ptII/ptolemy/actor/lib/test/auto/ArrayAppend3.xml
----------------- Instantiating /home/travis/build/icyphy/ptII/ptolemy/actor/lib/test/auto/ArrayAppend3.xml
6 ms. Memory: 274432K Free: 150457K (55%)
----------------- Invoking toplevel() on ptolemy.moml.MoMLSimpleApplication@6743a17d
----------------- Done invoking toplevel() on ptolemy.moml.MoMLSimpleApplication@6743a17d
reloadAllAccessors: .ArrayAppend3

===========================================================================================
----------------- testing Mon Oct 05 15:45:43 UTC 2020 /home/travis/build/icyphy/ptII/ptolemy/actor/lib/test/auto/ArrayAppend4.xml
----------------- Instantiating /home/travis/build/icyphy/ptII/ptolemy/actor/lib/test/auto/ArrayAppend4.xml
2 ms. Memory: 274432K Free: 144313K (53%)
----------------- Invoking toplevel() on ptolemy.moml.MoMLSimpleApplication@50fadc9d
----------------- Done invoking toplevel() on ptolemy.moml.MoMLSimpleApplication@50fadc9d
reloadAllAccessors: .ArrayAppend4

===========================================================================================
----------------- testing Mon Oct 05 15:45:43 UTC 2020 /home/travis/build/icyphy/ptII/ptolemy/actor/lib/test/auto/ArrayAppend5.xml
----------------- Instantiating /home/travis/build/icyphy/ptII/ptolemy/actor/lib/test/auto/ArrayAppend5.xml
2 ms. Memory: 274432K Free: 139193K (51%)
----------------- Invoking toplevel() on ptolemy.moml.MoMLSimpleApplication@4322b3dc
----------------- Done invoking toplevel() on ptolemy.moml.MoMLSimpleApplication@4322b3dc
reloadAllAccessors: .ArrayAppend5

===========================================================================================
----------------- testing Mon Oct 05 15:45:43 UTC 2020 /home/travis/build/icyphy/ptII/ptolemy/actor/lib/test/auto/ArrayAppend6.xml
----------------- Instantiating /home/travis/build/icyphy/ptII/ptolemy/actor/lib/test/auto/ArrayAppend6.xml
2 ms. Memory: 274432K Free: 134073K (49%)
----------------- Invoking toplevel() on ptolemy.moml.MoMLSimpleApplication@f3416ac
----------------- Done invoking toplevel() on ptolemy.moml.MoMLSimpleApplication@f3416ac
reloadAllAccessors: .ArrayAppend6

===========================================================================================
----------------- testing Mon Oct 05 15:45:43 UTC 2020 /home/travis/build/icyphy/ptII/ptolemy/actor/lib/test/auto/ArrayAppendPerformanceTest.xml
----------------- Instantiating /home/travis/build/icyphy/ptII/ptolemy/actor/lib/test/auto/ArrayAppendPerformanceTest.xml
42 ms. Memory: 274432K Free: 122803K (45%)
----------------- Invoking toplevel() on ptolemy.moml.MoMLSimpleApplication@1f1577f
----------------- Done invoking toplevel() on ptolemy.moml.MoMLSimpleApplication@1f1577f
reloadAllAccessors: .ArrayAppendPerformanceTest

===========================================================================================
----------------- testing Mon Oct 05 15:45:43 UTC 2020 /home/travis/build/icyphy/ptII/ptolemy/actor/lib/test/auto/ArrayAppendWithEmptyInput.xml
----------------- Instantiating /home/travis/build/icyphy/ptII/ptolemy/actor/lib/test/auto/ArrayAppendWithEmptyInput.xml
7 ms. Memory: 274432K Free: 115131K (42%)
----------------- Invoking toplevel() on ptolemy.moml.MoMLSimpleApplication@de41323
----------------- Done invoking toplevel() on ptolemy.moml.MoMLSimpleApplication@de41323
reloadAllAccessors: .ArrayAppendWithEmptyInput

===========================================================================================
----------------- testing Mon Oct 05 15:45:43 UTC 2020 /home/travis/build/icyphy/ptII/ptolemy/actor/lib/test/auto/ArrayAverage.xml
----------------- Instantiating /home/travis/build/icyphy/ptII/ptolemy/actor/lib/test/auto/ArrayAverage.xml
9 ms. Memory: 274432K Free: 107449K (39%)
----------------- Invoking toplevel() on ptolemy.moml.MoMLSimpleApplication@6efad8eb
----------------- Done invoking toplevel() on ptolemy.moml.MoMLSimpleApplication@6efad8eb
reloadAllAccessors: .ArrayAverage

===========================================================================================
----------------- testing Mon Oct 05 15:45:43 UTC 2020 /home/travis/build/icyphy/ptII/ptolemy/actor/lib/test/auto/ArrayContains.xml
----------------- Instantiating /home/travis/build/icyphy/ptII/ptolemy/actor/lib/test/auto/ArrayContains.xml
11 ms. Memory: 274432K Free: 101819K (37%)
----------------- Invoking toplevel() on ptolemy.moml.MoMLSimpleApplication@5e704208
----------------- Done invoking toplevel() on ptolemy.moml.MoMLSimpleApplication@5e704208
reloadAllAccessors: .ArrayContains

===========================================================================================
----------------- testing Mon Oct 05 15:45:43 UTC 2020 /home/travis/build/icyphy/ptII/ptolemy/actor/lib/test/auto/ArrayElement.xml
----------------- Instantiating /home/travis/build/icyphy/ptII/ptolemy/actor/lib/test/auto/ArrayElement.xml
10 ms. Memory: 274432K Free: 95675K (35%)
----------------- Invoking toplevel() on ptolemy.moml.MoMLSimpleApplication@1499ec9a
----------------- Done invoking toplevel() on ptolemy.moml.MoMLSimpleApplication@1499ec9a
reloadAllAccessors: .ArrayElement

===========================================================================================
----------------- testing Mon Oct 05 15:45:43 UTC 2020 /home/travis/build/icyphy/ptII/ptolemy/actor/lib/test/auto/ArrayElementAsMatrix.xml
----------------- Instantiating /home/travis/build/icyphy/ptII/ptolemy/actor/lib/test/auto/ArrayElementAsMatrix.xml
9 ms. Memory: 274432K Free: 85945K (31%)
----------------- Invoking toplevel() on ptolemy.moml.MoMLSimpleApplication@67c8bebd
----------------- Done invoking toplevel() on ptolemy.moml.MoMLSimpleApplication@67c8bebd
reloadAllAccessors: .ArrayElementAsMatrix

===========================================================================================
----------------- testing Mon Oct 05 15:45:43 UTC 2020 /home/travis/build/icyphy/ptII/ptolemy/actor/lib/test/auto/ArrayElementI.xml
----------------- Instantiating /home/travis/build/icyphy/ptII/ptolemy/actor/lib/test/auto/ArrayElementI.xml
4 ms. Memory: 274432K Free: 80811K (29%)
----------------- Invoking toplevel() on ptolemy.moml.MoMLSimpleApplication@239d7d11
----------------- Done invoking toplevel() on ptolemy.moml.MoMLSimpleApplication@239d7d11
reloadAllAccessors: .ArrayElementI

===========================================================================================
----------------- testing Mon Oct 05 15:45:43 UTC 2020 /home/travis/build/icyphy/ptII/ptolemy/actor/lib/test/auto/ArrayExtract.xml
----------------- Instantiating /home/travis/build/icyphy/ptII/ptolemy/actor/lib/test/auto/ArrayExtract.xml
6 ms. Memory: 274432K Free: 218116K (79%)
----------------- Invoking toplevel() on ptolemy.moml.MoMLSimpleApplication@62d9a3db
----------------- Done invoking toplevel() on ptolemy.moml.MoMLSimpleApplication@62d9a3db
reloadAllAccessors: .ArrayExtract

===========================================================================================
----------------- testing Mon Oct 05 15:45:43 UTC 2020 /home/travis/build/icyphy/ptII/ptolemy/actor/lib/test/auto/ArrayExtract2.xml
----------------- Instantiating /home/travis/build/icyphy/ptII/ptolemy/actor/lib/test/auto/ArrayExtract2.xml
2 ms. Memory: 274432K Free: 212486K (77%)
----------------- Invoking toplevel() on ptolemy.moml.MoMLSimpleApplication@56b17880
----------------- Done invoking toplevel() on ptolemy.moml.MoMLSimpleApplication@56b17880
reloadAllAccessors: .ArrayExtract2

===========================================================================================
----------------- testing Mon Oct 05 15:45:43 UTC 2020 /home/travis/build/icyphy/ptII/ptolemy/actor/lib/test/auto/ArrayLength.xml
----------------- Instantiating /home/travis/build/icyphy/ptII/ptolemy/actor/lib/test/auto/ArrayLength.xml
2 ms. Memory: 274432K Free: 208900K (76%)
----------------- Invoking toplevel() on ptolemy.moml.MoMLSimpleApplication@5d683529
----------------- Done invoking toplevel() on ptolemy.moml.MoMLSimpleApplication@5d683529
reloadAllAccessors: .ArrayLength

===========================================================================================
----------------- testing Mon Oct 05 15:45:43 UTC 2020 /home/travis/build/icyphy/ptII/ptolemy/actor/lib/test/auto/ArrayLevelCrossing.xml
----------------- Instantiating /home/travis/build/icyphy/ptII/ptolemy/actor/lib/test/auto/ArrayLevelCrossing.xml
3 ms. Memory: 274432K Free: 200708K (73%)
----------------- Invoking toplevel() on ptolemy.moml.MoMLSimpleApplication@32b4ba01
----------------- Done invoking toplevel() on ptolemy.moml.MoMLSimpleApplication@32b4ba01
reloadAllAccessors: .ArrayLevelCrossing

===========================================================================================
----------------- testing Mon Oct 05 15:45:43 UTC 2020 /home/travis/build/icyphy/ptII/ptolemy/actor/lib/test/auto/ArrayLevelCrossing2.xml
----------------- Instantiating /home/travis/build/icyphy/ptII/ptolemy/actor/lib/test/auto/ArrayLevelCrossing2.xml
3 ms. Memory: 274432K Free: 193525K (71%)
----------------- Invoking toplevel() on ptolemy.moml.MoMLSimpleApplication@1360e442
----------------- Done invoking toplevel() on ptolemy.moml.MoMLSimpleApplication@1360e442
reloadAllAccessors: .ArrayLevelCrossing2

===========================================================================================
----------------- testing Mon Oct 05 15:45:43 UTC 2020 /home/travis/build/icyphy/ptII/ptolemy/actor/lib/test/auto/ArrayPeakSearch.xml
----------------- Instantiating /home/travis/build/icyphy/ptII/ptolemy/actor/lib/test/auto/ArrayPeakSearch.xml
6 ms. Memory: 274432K Free: 184838K (67%)
----------------- Invoking toplevel() on ptolemy.moml.MoMLSimpleApplication@caad86e
----------------- Done invoking toplevel() on ptolemy.moml.MoMLSimpleApplication@caad86e
reloadAllAccessors: .ArrayPeakSearch

===========================================================================================
----------------- testing Mon Oct 05 15:45:43 UTC 2020 /home/travis/build/icyphy/ptII/ptolemy/actor/lib/test/auto/ArrayPeakSearch2.xml
----------------- Instantiating /home/travis/build/icyphy/ptII/ptolemy/actor/lib/test/auto/ArrayPeakSearch2.xml
7 ms. Memory: 274432K Free: 174053K (63%)
----------------- Invoking toplevel() on ptolemy.moml.MoMLSimpleApplication@7acbe7e4
----------------- Done invoking toplevel() on ptolemy.moml.MoMLSimpleApplication@7acbe7e4
reloadAllAccessors: .ArrayPeakSearch2

===========================================================================================
----------------- testing Mon Oct 05 15:45:43 UTC 2020 /home/travis/build/icyphy/ptII/ptolemy/actor/lib/test/auto/ArrayPeakSearch3.xml
----------------- Instantiating /home/travis/build/icyphy/ptII/ptolemy/actor/lib/test/auto/ArrayPeakSearch3.xml
6 ms. Memory: 274432K Free: 165382K (60%)
----------------- Invoking toplevel() on ptolemy.moml.MoMLSimpleApplication@1f820fbc
----------------- Done invoking toplevel() on ptolemy.moml.MoMLSimpleApplication@1f820fbc
reloadAllAccessors: .ArrayPeakSearch3

===========================================================================================
----------------- testing Mon Oct 05 15:45:43 UTC 2020 /home/travis/build/icyphy/ptII/ptolemy/actor/lib/test/auto/ArrayRemoveElement.xml
----------------- Instantiating /home/travis/build/icyphy/ptII/ptolemy/actor/lib/test/auto/ArrayRemoveElement.xml
4 ms. Memory: 274432K Free: 157190K (57%)
----------------- Invoking toplevel() on ptolemy.moml.MoMLSimpleApplication@6ea887e4
----------------- Done invoking toplevel() on ptolemy.moml.MoMLSimpleApplication@6ea887e4
reloadAllAccessors: .ArrayRemoveElement

===========================================================================================
----------------- testing Mon Oct 05 15:45:43 UTC 2020 /home/travis/build/icyphy/ptII/ptolemy/actor/lib/test/auto/ArraySort.xml
----------------- Instantiating /home/travis/build/icyphy/ptII/ptolemy/actor/lib/test/auto/ArraySort.xml
5 ms. Memory: 274432K Free: 148484K (54%)
----------------- Invoking toplevel() on ptolemy.moml.MoMLSimpleApplication@588df154
----------------- Done invoking toplevel() on ptolemy.moml.MoMLSimpleApplication@588df154
reloadAllAccessors: .ArraySort

===========================================================================================
----------------- testing Mon Oct 05 15:45:43 UTC 2020 /home/travis/build/icyphy/ptII/ptolemy/actor/lib/test/auto/ArraySum.xml
----------------- Instantiating /home/travis/build/icyphy/ptII/ptolemy/actor/lib/test/auto/ArraySum.xml
5 ms. Memory: 274432K Free: 142854K (52%)
----------------- Invoking toplevel() on ptolemy.moml.MoMLSimpleApplication@311dfa0
----------------- Done invoking toplevel() on ptolemy.moml.MoMLSimpleApplication@311dfa0
reloadAllAccessors: .ArraySum

===========================================================================================
----------------- testing Mon Oct 05 15:45:43 UTC 2020 /home/travis/build/icyphy/ptII/ptolemy/actor/lib/test/auto/ArrayToElements.xml
----------------- Instantiating /home/travis/build/icyphy/ptII/ptolemy/actor/lib/test/auto/ArrayToElements.xml
7 ms. Memory: 274432K Free: 137734K (50%)
----------------- Invoking toplevel() on ptolemy.moml.MoMLSimpleApplication@747026fe
----------------- Done invoking toplevel() on ptolemy.moml.MoMLSimpleApplication@747026fe
reloadAllAccessors: .ArrayToElements

===========================================================================================
----------------- testing Mon Oct 05 15:45:43 UTC 2020 /home/travis/build/icyphy/ptII/ptolemy/actor/lib/test/auto/ArrayToMatrix.xml
----------------- Instantiating /home/travis/build/icyphy/ptII/ptolemy/actor/lib/test/auto/ArrayToMatrix.xml
8 ms. Memory: 274432K Free: 123398K (45%)
----------------- Invoking toplevel() on ptolemy.moml.MoMLSimpleApplication@5692fcc5
----------------- Done invoking toplevel() on ptolemy.moml.MoMLSimpleApplication@5692fcc5
reloadAllAccessors: .ArrayToMatrix

===========================================================================================
----------------- testing Mon Oct 05 15:45:44 UTC 2020 /home/travis/build/icyphy/ptII/ptolemy/actor/lib/test/auto/ArrayUpdate1.xml
----------------- Instantiating /home/travis/build/icyphy/ptII/ptolemy/actor/lib/test/auto/ArrayUpdate1.xml
10 ms. Memory: 274432K Free: 118788K (43%)
----------------- Invoking toplevel() on ptolemy.moml.MoMLSimpleApplication@13d96bcf
----------------- Done invoking toplevel() on ptolemy.moml.MoMLSimpleApplication@13d96bcf
reloadAllAccessors: .ArrayUpdate1

===========================================================================================
----------------- testing Mon Oct 05 15:45:44 UTC 2020 /home/travis/build/icyphy/ptII/ptolemy/actor/lib/test/auto/ArrayUpdate2.xml
----------------- Instantiating /home/travis/build/icyphy/ptII/ptolemy/actor/lib/test/auto/ArrayUpdate2.xml
4 ms. Memory: 274432K Free: 112134K (41%)
----------------- Invoking toplevel() on ptolemy.moml.MoMLSimpleApplication@32147679
----------------- Done invoking toplevel() on ptolemy.moml.MoMLSimpleApplication@32147679
reloadAllAccessors: .ArrayUpdate2

===========================================================================================
----------------- testing Mon Oct 05 15:45:44 UTC 2020 /home/travis/build/icyphy/ptII/ptolemy/actor/lib/test/auto/ArrayUpdate3.xml
----------------- Instantiating /home/travis/build/icyphy/ptII/ptolemy/actor/lib/test/auto/ArrayUpdate3.xml
6 ms. Memory: 274432K Free: 107524K (39%)
----------------- Invoking toplevel() on ptolemy.moml.MoMLSimpleApplication@3bc6f422
----------------- Done invoking toplevel() on ptolemy.moml.MoMLSimpleApplication@3bc6f422
reloadAllAccessors: .ArrayUpdate3

===========================================================================================
----------------- testing Mon Oct 05 15:45:44 UTC 2020 /home/travis/build/icyphy/ptII/ptolemy/actor/lib/test/auto/Assert1.xml
----------------- Instantiating /home/travis/build/icyphy/ptII/ptolemy/actor/lib/test/auto/Assert1.xml
6 ms. Memory: 274432K Free: 102918K (38%)
----------------- Invoking toplevel() on ptolemy.moml.MoMLSimpleApplication@4b833fb4
----------------- Done invoking toplevel() on ptolemy.moml.MoMLSimpleApplication@4b833fb4
reloadAllAccessors: .Assert1

===========================================================================================
----------------- testing Mon Oct 05 15:45:44 UTC 2020 /home/travis/build/icyphy/ptII/ptolemy/actor/lib/test/auto/Assert2.xml
----------------- Instantiating /home/travis/build/icyphy/ptII/ptolemy/actor/lib/test/auto/Assert2.xml
2 ms. Memory: 274432K Free: 98293K (36%)
----------------- Invoking toplevel() on ptolemy.moml.MoMLSimpleApplication@69c1ef6c
----------------- Done invoking toplevel() on ptolemy.moml.MoMLSimpleApplication@69c1ef6c
reloadAllAccessors: .Assert2

===========================================================================================
----------------- testing Mon Oct 05 15:45:44 UTC 2020 /home/travis/build/icyphy/ptII/ptolemy/actor/lib/test/auto/BooleanMultiplexor.xml
----------------- Instantiating /home/travis/build/icyphy/ptII/ptolemy/actor/lib/test/auto/BooleanMultiplexor.xml
1 ms. Memory: 274432K Free: 92678K (34%)
----------------- Invoking toplevel() on ptolemy.moml.MoMLSimpleApplication@40bd0bc9
----------------- Done invoking toplevel() on ptolemy.moml.MoMLSimpleApplication@40bd0bc9
reloadAllAccessors: .BooleanMultiplexor

===========================================================================================
----------------- testing Mon Oct 05 15:45:44 UTC 2020 /home/travis/build/icyphy/ptII/ptolemy/actor/lib/test/auto/BooleanMultiplexor2.xml
----------------- Instantiating /home/travis/build/icyphy/ptII/ptolemy/actor/lib/test/auto/BooleanMultiplexor2.xml
3 ms. Memory: 274432K Free: 86534K (32%)
----------------- Invoking toplevel() on ptolemy.moml.MoMLSimpleApplication@6879f68b
----------------- Done invoking toplevel() on ptolemy.moml.MoMLSimpleApplication@6879f68b
reloadAllAccessors: .BooleanMultiplexor2

===========================================================================================
----------------- testing Mon Oct 05 15:45:44 UTC 2020 /home/travis/build/icyphy/ptII/ptolemy/actor/lib/test/auto/BooleanMultiplexor3.xml
----------------- Instantiating /home/travis/build/icyphy/ptII/ptolemy/actor/lib/test/auto/BooleanMultiplexor3.xml
5 ms. Memory: 274432K Free: 82438K (30%)
----------------- Invoking toplevel() on ptolemy.moml.MoMLSimpleApplication@461f1066
----------------- Done invoking toplevel() on ptolemy.moml.MoMLSimpleApplication@461f1066
reloadAllAccessors: .BooleanMultiplexor3

===========================================================================================
----------------- testing Mon Oct 05 15:45:44 UTC 2020 /home/travis/build/icyphy/ptII/ptolemy/actor/lib/test/auto/BooleanSelect.xml
----------------- Instantiating /home/travis/build/icyphy/ptII/ptolemy/actor/lib/test/auto/BooleanSelect.xml
9 ms. Memory: 274432K Free: 76294K (28%)
----------------- Invoking toplevel() on ptolemy.moml.MoMLSimpleApplication@1382bd5c
----------------- Done invoking toplevel() on ptolemy.moml.MoMLSimpleApplication@1382bd5c
reloadAllAccessors: .BooleanSelect

===========================================================================================
----------------- testing Mon Oct 05 15:45:44 UTC 2020 /home/travis/build/icyphy/ptII/ptolemy/actor/lib/test/auto/BooleanSelect2.xml
----------------- Instantiating /home/travis/build/icyphy/ptII/ptolemy/actor/lib/test/auto/BooleanSelect2.xml
2 ms. Memory: 274432K Free: 71684K (26%)
----------------- Invoking toplevel() on ptolemy.moml.MoMLSimpleApplication@3efd3ed4
----------------- Done invoking toplevel() on ptolemy.moml.MoMLSimpleApplication@3efd3ed4
reloadAllAccessors: .BooleanSelect2

===========================================================================================
----------------- testing Mon Oct 05 15:45:44 UTC 2020 /home/travis/build/icyphy/ptII/ptolemy/actor/lib/test/auto/BooleanSwitch.xml
----------------- Instantiating /home/travis/build/icyphy/ptII/ptolemy/actor/lib/test/auto/BooleanSwitch.xml
5 ms. Memory: 274432K Free: 66054K (24%)
----------------- Invoking toplevel() on ptolemy.moml.MoMLSimpleApplication@85a18c7
----------------- Done invoking toplevel() on ptolemy.moml.MoMLSimpleApplication@85a18c7
reloadAllAccessors: .BooleanSwitch

===========================================================================================
----------------- testing Mon Oct 05 15:45:44 UTC 2020 /home/travis/build/icyphy/ptII/ptolemy/actor/lib/test/auto/BooleanSwitch2.xml
----------------- Instantiating /home/travis/build/icyphy/ptII/ptolemy/actor/lib/test/auto/BooleanSwitch2.xml
2 ms. Memory: 461824K Free: 411825K (89%)
----------------- Invoking toplevel() on ptolemy.moml.MoMLSimpleApplication@2889f8b7
----------------- Done invoking toplevel() on ptolemy.moml.MoMLSimpleApplication@2889f8b7
reloadAllAccessors: .BooleanSwitch2

===========================================================================================
----------------- testing Mon Oct 05 15:45:44 UTC 2020 /home/travis/build/icyphy/ptII/ptolemy/actor/lib/test/auto/BooleanSwitchCloningBugWithClassRelationGroup.xml
----------------- Instantiating /home/travis/build/icyphy/ptII/ptolemy/actor/lib/test/auto/BooleanSwitchCloningBugWithClassRelationGroup.xml
4 ms. Memory: 461824K Free: 405171K (88%)
----------------- Invoking toplevel() on ptolemy.moml.MoMLSimpleApplication@1fd30ce6
----------------- Done invoking toplevel() on ptolemy.moml.MoMLSimpleApplication@1fd30ce6
reloadAllAccessors: .BooleanSwitchCloningBugWithClassRelationGroup

===========================================================================================
----------------- testing Mon Oct 05 15:45:44 UTC 2020 /home/travis/build/icyphy/ptII/ptolemy/actor/lib/test/auto/BusActors.xml
----------------- Instantiating /home/travis/build/icyphy/ptII/ptolemy/actor/lib/test/auto/BusActors.xml
8 ms. Memory: 461824K Free: 396979K (86%)
----------------- Invoking toplevel() on ptolemy.moml.MoMLSimpleApplication@1de4a084
----------------- Done invoking toplevel() on ptolemy.moml.MoMLSimpleApplication@1de4a084
reloadAllAccessors: .BusActors

===========================================================================================
----------------- testing Mon Oct 05 15:45:44 UTC 2020 /home/travis/build/icyphy/ptII/ptolemy/actor/lib/test/auto/ClassWrapper.xml
----------------- Instantiating /home/travis/build/icyphy/ptII/ptolemy/actor/lib/test/auto/ClassWrapper.xml
4 ms. Memory: 461824K Free: 392883K (85%)
----------------- Invoking toplevel() on ptolemy.moml.MoMLSimpleApplication@5f5eefa7
----------------- Done invoking toplevel() on ptolemy.moml.MoMLSimpleApplication@5f5eefa7
reloadAllAccessors: .ClassWrapper

===========================================================================================
----------------- testing Mon Oct 05 15:45:44 UTC 2020 /home/travis/build/icyphy/ptII/ptolemy/actor/lib/test/auto/Clock.xml
----------------- Instantiating /home/travis/build/icyphy/ptII/ptolemy/actor/lib/test/auto/Clock.xml
2 ms. Memory: 461824K Free: 388787K (84%)
----------------- Invoking toplevel() on ptolemy.moml.MoMLSimpleApplication@4e9161a4
----------------- Done invoking toplevel() on ptolemy.moml.MoMLSimpleApplication@4e9161a4
reloadAllAccessors: .Clock

===========================================================================================
----------------- testing Mon Oct 05 15:45:44 UTC 2020 /home/travis/build/icyphy/ptII/ptolemy/actor/lib/test/auto/Clock10.xml
----------------- Instantiating /home/travis/build/icyphy/ptII/ptolemy/actor/lib/test/auto/Clock10.xml
6 ms. Memory: 461824K Free: 383153K (83%)
----------------- Invoking toplevel() on ptolemy.moml.MoMLSimpleApplication@47569bab
----------------- Done invoking toplevel() on ptolemy.moml.MoMLSimpleApplication@47569bab
reloadAllAccessors: .Clock10

===========================================================================================
----------------- testing Mon Oct 05 15:45:44 UTC 2020 /home/travis/build/icyphy/ptII/ptolemy/actor/lib/test/auto/Clock11.xml
----------------- Instantiating /home/travis/build/icyphy/ptII/ptolemy/actor/lib/test/auto/Clock11.xml
9 ms. Memory: 461824K Free: 377009K (82%)
----------------- Invoking toplevel() on ptolemy.moml.MoMLSimpleApplication@5355f86d
----------------- Done invoking toplevel() on ptolemy.moml.MoMLSimpleApplication@5355f86d
reloadAllAccessors: .Clock11

===========================================================================================
----------------- testing Mon Oct 05 15:45:44 UTC 2020 /home/travis/build/icyphy/ptII/ptolemy/actor/lib/test/auto/Clock12.xml
----------------- Instantiating /home/travis/build/icyphy/ptII/ptolemy/actor/lib/test/auto/Clock12.xml
3 ms. Memory: 461824K Free: 371379K (80%)
----------------- Invoking toplevel() on ptolemy.moml.MoMLSimpleApplication@195fe339
----------------- Done invoking toplevel() on ptolemy.moml.MoMLSimpleApplication@195fe339
reloadAllAccessors: .Clock12

===========================================================================================
----------------- testing Mon Oct 05 15:45:44 UTC 2020 /home/travis/build/icyphy/ptII/ptolemy/actor/lib/test/auto/Clock13.xml
----------------- Instantiating /home/travis/build/icyphy/ptII/ptolemy/actor/lib/test/auto/Clock13.xml
5 ms. Memory: 461824K Free: 365235K (79%)
----------------- Invoking toplevel() on ptolemy.moml.MoMLSimpleApplication@c196cf0
----------------- Done invoking toplevel() on ptolemy.moml.MoMLSimpleApplication@c196cf0
reloadAllAccessors: .Clock13

===========================================================================================
----------------- testing Mon Oct 05 15:45:44 UTC 2020 /home/travis/build/icyphy/ptII/ptolemy/actor/lib/test/auto/Clock14.xml
----------------- Instantiating /home/travis/build/icyphy/ptII/ptolemy/actor/lib/test/auto/Clock14.xml
5 ms. Memory: 461824K Free: 359571K (78%)
----------------- Invoking toplevel() on ptolemy.moml.MoMLSimpleApplication@535c0e59
----------------- Done invoking toplevel() on ptolemy.moml.MoMLSimpleApplication@535c0e59
reloadAllAccessors: .Clock14

===========================================================================================
----------------- testing Mon Oct 05 15:45:44 UTC 2020 /home/travis/build/icyphy/ptII/ptolemy/actor/lib/test/auto/Clock15.xml
----------------- Instantiating /home/travis/build/icyphy/ptII/ptolemy/actor/lib/test/auto/Clock15.xml
5 ms. Memory: 461824K Free: 353443K (77%)
----------------- Invoking toplevel() on ptolemy.moml.MoMLSimpleApplication@3afd4e56
----------------- Done invoking toplevel() on ptolemy.moml.MoMLSimpleApplication@3afd4e56
reloadAllAccessors: .Clock15

===========================================================================================
----------------- testing Mon Oct 05 15:45:44 UTC 2020 /home/travis/build/icyphy/ptII/ptolemy/actor/lib/test/auto/Clock16.xml
----------------- Instantiating /home/travis/build/icyphy/ptII/ptolemy/actor/lib/test/auto/Clock16.xml
45 ms. Memory: 461824K Free: 339107K (73%)
----------------- Invoking toplevel() on ptolemy.moml.MoMLSimpleApplication@7e236bfc
----------------- Done invoking toplevel() on ptolemy.moml.MoMLSimpleApplication@7e236bfc
reloadAllAccessors: .Clock16

===========================================================================================
----------------- testing Mon Oct 05 15:45:44 UTC 2020 /home/travis/build/icyphy/ptII/ptolemy/actor/lib/test/auto/Clock17.xml
----------------- Instantiating /home/travis/build/icyphy/ptII/ptolemy/actor/lib/test/auto/Clock17.xml
29 ms. Memory: 461824K Free: 324771K (70%)
----------------- Invoking toplevel() on ptolemy.moml.MoMLSimpleApplication@60491440
----------------- Done invoking toplevel() on ptolemy.moml.MoMLSimpleApplication@60491440
reloadAllAccessors: .Clock17

===========================================================================================
----------------- testing Mon Oct 05 15:45:44 UTC 2020 /home/travis/build/icyphy/ptII/ptolemy/actor/lib/test/auto/Clock18.xml
----------------- Instantiating /home/travis/build/icyphy/ptII/ptolemy/actor/lib/test/auto/Clock18.xml
25 ms. Memory: 461824K Free: 311473K (67%)
----------------- Invoking toplevel() on ptolemy.moml.MoMLSimpleApplication@5b81b456
----------------- Done invoking toplevel() on ptolemy.moml.MoMLSimpleApplication@5b81b456
reloadAllAccessors: .Clock18

===========================================================================================
----------------- testing Mon Oct 05 15:45:44 UTC 2020 /home/travis/build/icyphy/ptII/ptolemy/actor/lib/test/auto/Clock19.xml
----------------- Instantiating /home/travis/build/icyphy/ptII/ptolemy/actor/lib/test/auto/Clock19.xml
17 ms. Memory: 461824K Free: 298675K (65%)
----------------- Invoking toplevel() on ptolemy.moml.MoMLSimpleApplication@1c458e4d
----------------- Done invoking toplevel() on ptolemy.moml.MoMLSimpleApplication@1c458e4d
reloadAllAccessors: .Clock19

===========================================================================================
----------------- testing Mon Oct 05 15:45:44 UTC 2020 /home/travis/build/icyphy/ptII/ptolemy/actor/lib/test/auto/Clock2.xml
----------------- Instantiating /home/travis/build/icyphy/ptII/ptolemy/actor/lib/test/auto/Clock2.xml
7 ms. Memory: 461824K Free: 294059K (64%)
----------------- Invoking toplevel() on ptolemy.moml.MoMLSimpleApplication@217bffde
----------------- Done invoking toplevel() on ptolemy.moml.MoMLSimpleApplication@217bffde
reloadAllAccessors: .Clock2

===========================================================================================
----------------- testing Mon Oct 05 15:45:44 UTC 2020 /home/travis/build/icyphy/ptII/ptolemy/actor/lib/test/auto/Clock20.xml
----------------- Instantiating /home/travis/build/icyphy/ptII/ptolemy/actor/lib/test/auto/Clock20.xml
10 ms. Memory: 461824K Free: 288945K (63%)
----------------- Invoking toplevel() on ptolemy.moml.MoMLSimpleApplication@c4a8fca
----------------- Done invoking toplevel() on ptolemy.moml.MoMLSimpleApplication@c4a8fca
reloadAllAccessors: .Clock20

===========================================================================================
----------------- testing Mon Oct 05 15:45:45 UTC 2020 /home/travis/build/icyphy/ptII/ptolemy/actor/lib/test/auto/Clock21.xml
----------------- Instantiating /home/travis/build/icyphy/ptII/ptolemy/actor/lib/test/auto/Clock21.xml
5 ms. Memory: 461824K Free: 283315K (61%)
----------------- Invoking toplevel() on ptolemy.moml.MoMLSimpleApplication@2e766dba
----------------- Done invoking toplevel() on ptolemy.moml.MoMLSimpleApplication@2e766dba
reloadAllAccessors: .Clock21

===========================================================================================
----------------- testing Mon Oct 05 15:45:45 UTC 2020 /home/travis/build/icyphy/ptII/ptolemy/actor/lib/test/auto/Clock22.xml
----------------- Instantiating /home/travis/build/icyphy/ptII/ptolemy/actor/lib/test/auto/Clock22.xml
9 ms. Memory: 461824K Free: 278195K (60%)
----------------- Invoking toplevel() on ptolemy.moml.MoMLSimpleApplication@7b9f8c06
----------------- Done invoking toplevel() on ptolemy.moml.MoMLSimpleApplication@7b9f8c06
reloadAllAccessors: .Clock22

===========================================================================================
----------------- testing Mon Oct 05 15:45:45 UTC 2020 /home/travis/build/icyphy/ptII/ptolemy/actor/lib/test/auto/Clock23.xml
----------------- Instantiating /home/travis/build/icyphy/ptII/ptolemy/actor/lib/test/auto/Clock23.xml
6 ms. Memory: 461824K Free: 272561K (59%)
----------------- Invoking toplevel() on ptolemy.moml.MoMLSimpleApplication@743c9d82
----------------- Done invoking toplevel() on ptolemy.moml.MoMLSimpleApplication@743c9d82
reloadAllAccessors: .Clock23

===========================================================================================
----------------- testing Mon Oct 05 15:45:45 UTC 2020 /home/travis/build/icyphy/ptII/ptolemy/actor/lib/test/auto/Clock24.xml
----------------- Instantiating /home/travis/build/icyphy/ptII/ptolemy/actor/lib/test/auto/Clock24.xml
4 ms. Memory: 461824K Free: 266931K (58%)
----------------- Invoking toplevel() on ptolemy.moml.MoMLSimpleApplication@586c70b8
----------------- Done invoking toplevel() on ptolemy.moml.MoMLSimpleApplication@586c70b8
reloadAllAccessors: .Clock24

===========================================================================================
----------------- testing Mon Oct 05 15:45:45 UTC 2020 /home/travis/build/icyphy/ptII/ptolemy/actor/lib/test/auto/Clock4.xml
----------------- Instantiating /home/travis/build/icyphy/ptII/ptolemy/actor/lib/test/auto/Clock4.xml
2 ms. Memory: 461824K Free: 262291K (57%)
----------------- Invoking toplevel() on ptolemy.moml.MoMLSimpleApplication@793f5224
----------------- Done invoking toplevel() on ptolemy.moml.MoMLSimpleApplication@793f5224
reloadAllAccessors: .Clock4

===========================================================================================
----------------- testing Mon Oct 05 15:45:45 UTC 2020 /home/travis/build/icyphy/ptII/ptolemy/actor/lib/test/auto/Clock5.xml
----------------- Instantiating /home/travis/build/icyphy/ptII/ptolemy/actor/lib/test/auto/Clock5.xml
2 ms. Memory: 461824K Free: 256691K (56%)
----------------- Invoking toplevel() on ptolemy.moml.MoMLSimpleApplication@452c2524
----------------- Done invoking toplevel() on ptolemy.moml.MoMLSimpleApplication@452c2524
reloadAllAccessors: .Clock5

===========================================================================================
----------------- testing Mon Oct 05 15:45:45 UTC 2020 /home/travis/build/icyphy/ptII/ptolemy/actor/lib/test/auto/Clock6.xml
----------------- Instantiating /home/travis/build/icyphy/ptII/ptolemy/actor/lib/test/auto/Clock6.xml
2 ms. Memory: 461824K Free: 253105K (55%)
----------------- Invoking toplevel() on ptolemy.moml.MoMLSimpleApplication@4926db77
----------------- Done invoking toplevel() on ptolemy.moml.MoMLSimpleApplication@4926db77
reloadAllAccessors: .Clock6

===========================================================================================
----------------- testing Mon Oct 05 15:45:45 UTC 2020 /home/travis/build/icyphy/ptII/ptolemy/actor/lib/test/auto/Clock7.xml
----------------- Instantiating /home/travis/build/icyphy/ptII/ptolemy/actor/lib/test/auto/Clock7.xml
2 ms. Memory: 461824K Free: 247985K (54%)
----------------- Invoking toplevel() on ptolemy.moml.MoMLSimpleApplication@6955a62e
----------------- Done invoking toplevel() on ptolemy.moml.MoMLSimpleApplication@6955a62e
reloadAllAccessors: .Clock7

===========================================================================================
----------------- testing Mon Oct 05 15:45:45 UTC 2020 /home/travis/build/icyphy/ptII/ptolemy/actor/lib/test/auto/Clock8.xml
----------------- Instantiating /home/travis/build/icyphy/ptII/ptolemy/actor/lib/test/auto/Clock8.xml
6 ms. Memory: 461824K Free: 242355K (52%)
----------------- Invoking toplevel() on ptolemy.moml.MoMLSimpleApplication@687224a6
----------------- Done invoking toplevel() on ptolemy.moml.MoMLSimpleApplication@687224a6
reloadAllAccessors: .Clock8

===========================================================================================
----------------- testing Mon Oct 05 15:45:45 UTC 2020 /home/travis/build/icyphy/ptII/ptolemy/actor/lib/test/auto/Clock9.xml
----------------- Instantiating /home/travis/build/icyphy/ptII/ptolemy/actor/lib/test/auto/Clock9.xml
5 ms. Memory: 461824K Free: 237235K (51%)
----------------- Invoking toplevel() on ptolemy.moml.MoMLSimpleApplication@5391a587
----------------- Done invoking toplevel() on ptolemy.moml.MoMLSimpleApplication@5391a587
reloadAllAccessors: .Clock9

===========================================================================================
----------------- testing Mon Oct 05 15:45:45 UTC 2020 /home/travis/build/icyphy/ptII/ptolemy/actor/lib/test/auto/CommDistDiscard.xml
----------------- Instantiating /home/travis/build/icyphy/ptII/ptolemy/actor/lib/test/auto/CommDistDiscard.xml
4 ms. Memory: 461824K Free: 231601K (50%)
----------------- Invoking toplevel() on ptolemy.moml.MoMLSimpleApplication@535a79db
----------------- Done invoking toplevel() on ptolemy.moml.MoMLSimpleApplication@535a79db
reloadAllAccessors: .CommDistDiscard

===========================================================================================
----------------- testing Mon Oct 05 15:45:45 UTC 2020 /home/travis/build/icyphy/ptII/ptolemy/actor/lib/test/auto/Commutator.xml
----------------- Instantiating /home/travis/build/icyphy/ptII/ptolemy/actor/lib/test/auto/Commutator.xml
2 ms. Memory: 461824K Free: 227505K (49%)
----------------- Invoking toplevel() on ptolemy.moml.MoMLSimpleApplication@69de43a8
----------------- Done invoking toplevel() on ptolemy.moml.MoMLSimpleApplication@69de43a8
reloadAllAccessors: .Commutator

===========================================================================================
----------------- testing Mon Oct 05 15:45:45 UTC 2020 /home/travis/build/icyphy/ptII/ptolemy/actor/lib/test/auto/Commutator2.xml
----------------- Instantiating /home/travis/build/icyphy/ptII/ptolemy/actor/lib/test/auto/Commutator2.xml
1 ms. Memory: 461824K Free: 222899K (48%)
----------------- Invoking toplevel() on ptolemy.moml.MoMLSimpleApplication@75e8a061
----------------- Done invoking toplevel() on ptolemy.moml.MoMLSimpleApplication@75e8a061
reloadAllAccessors: .Commutator2

===========================================================================================
----------------- testing Mon Oct 05 15:45:45 UTC 2020 /home/travis/build/icyphy/ptII/ptolemy/actor/lib/test/auto/Commutator3.xml
----------------- Instantiating /home/travis/build/icyphy/ptII/ptolemy/actor/lib/test/auto/Commutator3.xml
1 ms. Memory: 461824K Free: 218289K (47%)
----------------- Invoking toplevel() on ptolemy.moml.MoMLSimpleApplication@10f62ca1
----------------- Done invoking toplevel() on ptolemy.moml.MoMLSimpleApplication@10f62ca1
reloadAllAccessors: .Commutator3

===========================================================================================
----------------- testing Mon Oct 05 15:45:45 UTC 2020 /home/travis/build/icyphy/ptII/ptolemy/actor/lib/test/auto/Compare.xml
----------------- Instantiating /home/travis/build/icyphy/ptII/ptolemy/actor/lib/test/auto/Compare.xml
2 ms. Memory: 461824K Free: 212145K (46%)
----------------- Invoking toplevel() on ptolemy.moml.MoMLSimpleApplication@2f3e314d
----------------- Done invoking toplevel() on ptolemy.moml.MoMLSimpleApplication@2f3e314d
reloadAllAccessors: .Compare

===========================================================================================
----------------- testing Mon Oct 05 15:45:45 UTC 2020 /home/travis/build/icyphy/ptII/ptolemy/actor/lib/test/auto/CompareDE.xml
----------------- Instantiating /home/travis/build/icyphy/ptII/ptolemy/actor/lib/test/auto/CompareDE.xml
4 ms. Memory: 461824K Free: 204963K (44%)
----------------- Invoking toplevel() on ptolemy.moml.MoMLSimpleApplication@4dbe5bd5
----------------- Done invoking toplevel() on ptolemy.moml.MoMLSimpleApplication@4dbe5bd5
reloadAllAccessors: .CompareDE

===========================================================================================
----------------- testing Mon Oct 05 15:45:45 UTC 2020 /home/travis/build/icyphy/ptII/ptolemy/actor/lib/test/auto/ComplexDivide.xml
----------------- Instantiating /home/travis/build/icyphy/ptII/ptolemy/actor/lib/test/auto/ComplexDivide.xml
1 ms. Memory: 461824K Free: 201395K (44%)
----------------- Invoking toplevel() on ptolemy.moml.MoMLSimpleApplication@7ca769e6
----------------- Done invoking toplevel() on ptolemy.moml.MoMLSimpleApplication@7ca769e6
reloadAllAccessors: .ComplexDivide

===========================================================================================
----------------- testing Mon Oct 05 15:45:45 UTC 2020 /home/travis/build/icyphy/ptII/ptolemy/actor/lib/test/auto/ComputeHistogram.xml
----------------- Instantiating /home/travis/build/icyphy/ptII/ptolemy/actor/lib/test/auto/ComputeHistogram.xml
34 ms. Memory: 461824K Free: 188593K (41%)
----------------- Invoking toplevel() on ptolemy.moml.MoMLSimpleApplication@16a688e9
----------------- Done invoking toplevel() on ptolemy.moml.MoMLSimpleApplication@16a688e9
reloadAllAccessors: .ComputeHistogram

===========================================================================================
----------------- testing Mon Oct 05 15:45:45 UTC 2020 /home/travis/build/icyphy/ptII/ptolemy/actor/lib/test/auto/ConfigurationSelect.xml
----------------- Instantiating /home/travis/build/icyphy/ptII/ptolemy/actor/lib/test/auto/ConfigurationSelect.xml
9 ms. Memory: 461824K Free: 182963K (40%)
----------------- Invoking toplevel() on ptolemy.moml.MoMLSimpleApplication@2ad67535
----------------- Done invoking toplevel() on ptolemy.moml.MoMLSimpleApplication@2ad67535
reloadAllAccessors: .ConfigurationSelect

===========================================================================================
----------------- testing Mon Oct 05 15:45:45 UTC 2020 /home/travis/build/icyphy/ptII/ptolemy/actor/lib/test/auto/ConfigurationSelect2.xml
----------------- Instantiating /home/travis/build/icyphy/ptII/ptolemy/actor/lib/test/auto/ConfigurationSelect2.xml
4 ms. Memory: 461824K Free: 178867K (39%)
----------------- Invoking toplevel() on ptolemy.moml.MoMLSimpleApplication@73142849
----------------- Done invoking toplevel() on ptolemy.moml.MoMLSimpleApplication@73142849
reloadAllAccessors: .ConfigurationSelect2

===========================================================================================
----------------- testing Mon Oct 05 15:45:45 UTC 2020 /home/travis/build/icyphy/ptII/ptolemy/actor/lib/test/auto/ConfigurationSwitch.xml
----------------- Instantiating /home/travis/build/icyphy/ptII/ptolemy/actor/lib/test/auto/ConfigurationSwitch.xml
2 ms. Memory: 461824K Free: 173233K (38%)
----------------- Invoking toplevel() on ptolemy.moml.MoMLSimpleApplication@58d238f4
----------------- Done invoking toplevel() on ptolemy.moml.MoMLSimpleApplication@58d238f4
reloadAllAccessors: .ConfigurationSwitch

===========================================================================================
----------------- testing Mon Oct 05 15:45:45 UTC 2020 /home/travis/build/icyphy/ptII/ptolemy/actor/lib/test/auto/ConfigurationSwitch2.xml
----------------- Instantiating /home/travis/build/icyphy/ptII/ptolemy/actor/lib/test/auto/ConfigurationSwitch2.xml
9 ms. Memory: 461824K Free: 411847K (89%)
----------------- Invoking toplevel() on ptolemy.moml.MoMLSimpleApplication@f17b8af
----------------- Done invoking toplevel() on ptolemy.moml.MoMLSimpleApplication@f17b8af
reloadAllAccessors: .ConfigurationSwitch2

===========================================================================================
----------------- testing Mon Oct 05 15:45:45 UTC 2020 /home/travis/build/icyphy/ptII/ptolemy/actor/lib/test/auto/ConfigurationSwitchCloningBugWithClassRelationGroup.xml
----------------- Instantiating /home/travis/build/icyphy/ptII/ptolemy/actor/lib/test/auto/ConfigurationSwitchCloningBugWithClassRelationGroup.xml
1 ms. Memory: 461824K Free: 404679K (88%)
----------------- Invoking toplevel() on ptolemy.moml.MoMLSimpleApplication@46303521
----------------- Done invoking toplevel() on ptolemy.moml.MoMLSimpleApplication@46303521
reloadAllAccessors: .ConfigurationSwitchCloningBugWithClassRelationGroup

===========================================================================================
----------------- testing Mon Oct 05 15:45:45 UTC 2020 /home/travis/build/icyphy/ptII/ptolemy/actor/lib/test/auto/ConfigurationSwitchSelectSDF.xml
----------------- Instantiating /home/travis/build/icyphy/ptII/ptolemy/actor/lib/test/auto/ConfigurationSwitchSelectSDF.xml
2 ms. Memory: 461824K Free: 399559K (87%)
----------------- Invoking toplevel() on ptolemy.moml.MoMLSimpleApplication@2362dc51
----------------- Done invoking toplevel() on ptolemy.moml.MoMLSimpleApplication@2362dc51
reloadAllAccessors: .ConfigurationSwitchSelectSDF

===========================================================================================
----------------- testing Mon Oct 05 15:45:45 UTC 2020 /home/travis/build/icyphy/ptII/ptolemy/actor/lib/test/auto/ConfigurationSwitchSelectSDF2.xml
----------------- Instantiating /home/travis/build/icyphy/ptII/ptolemy/actor/lib/test/auto/ConfigurationSwitchSelectSDF2.xml
3 ms. Memory: 461824K Free: 393415K (85%)
----------------- Invoking toplevel() on ptolemy.moml.MoMLSimpleApplication@32c5945d
----------------- Done invoking toplevel() on ptolemy.moml.MoMLSimpleApplication@32c5945d
reloadAllAccessors: .ConfigurationSwitchSelectSDF2

===========================================================================================
----------------- testing Mon Oct 05 15:45:45 UTC 2020 /home/travis/build/icyphy/ptII/ptolemy/actor/lib/test/auto/Const.xml
----------------- Instantiating /home/travis/build/icyphy/ptII/ptolemy/actor/lib/test/auto/Const.xml
2 ms. Memory: 461824K Free: 389829K (84%)
----------------- Invoking toplevel() on ptolemy.moml.MoMLSimpleApplication@6cb0ddf7
----------------- Done invoking toplevel() on ptolemy.moml.MoMLSimpleApplication@6cb0ddf7
reloadAllAccessors: .Const

===========================================================================================
----------------- testing Mon Oct 05 15:45:45 UTC 2020 /home/travis/build/icyphy/ptII/ptolemy/actor/lib/test/auto/Const2.xml
----------------- Instantiating /home/travis/build/icyphy/ptII/ptolemy/actor/lib/test/auto/Const2.xml
1 ms. Memory: 461824K Free: 386247K (84%)
----------------- Invoking toplevel() on ptolemy.moml.MoMLSimpleApplication@1eecffe5
----------------- Done invoking toplevel() on ptolemy.moml.MoMLSimpleApplication@1eecffe5
reloadAllAccessors: .Const2

===========================================================================================
----------------- testing Mon Oct 05 15:45:45 UTC 2020 /home/travis/build/icyphy/ptII/ptolemy/actor/lib/test/auto/Const3.xml
----------------- Instantiating /home/travis/build/icyphy/ptII/ptolemy/actor/lib/test/auto/Const3.xml
6 ms. Memory: 461824K Free: 383175K (83%)
----------------- Invoking toplevel() on ptolemy.moml.MoMLSimpleApplication@330aaf4f
----------------- Done invoking toplevel() on ptolemy.moml.MoMLSimpleApplication@330aaf4f
reloadAllAccessors: .Const3

===========================================================================================
----------------- testing Mon Oct 05 15:45:45 UTC 2020 /home/travis/build/icyphy/ptII/ptolemy/actor/lib/test/auto/ConstantPublisherPort1.xml
----------------- Instantiating /home/travis/build/icyphy/ptII/ptolemy/actor/lib/test/auto/ConstantPublisherPort1.xml
9 ms. Memory: 461824K Free: 374469K (81%)
----------------- Invoking toplevel() on ptolemy.moml.MoMLSimpleApplication@502038f9
----------------- Done invoking toplevel() on ptolemy.moml.MoMLSimpleApplication@502038f9
reloadAllAccessors: .ConstantPublisherPort1

===========================================================================================
----------------- testing Mon Oct 05 15:45:45 UTC 2020 /home/travis/build/icyphy/ptII/ptolemy/actor/lib/test/auto/ConstantPublisherPort2.xml
----------------- Instantiating /home/travis/build/icyphy/ptII/ptolemy/actor/lib/test/auto/ConstantPublisherPort2.xml
11 ms. Memory: 461824K Free: 367301K (80%)
----------------- Invoking toplevel() on ptolemy.moml.MoMLSimpleApplication@7e698cc7
----------------- Done invoking toplevel() on ptolemy.moml.MoMLSimpleApplication@7e698cc7
reloadAllAccessors: .ConstantPublisherPort2

===========================================================================================
----------------- testing Mon Oct 05 15:45:45 UTC 2020 /home/travis/build/icyphy/ptII/ptolemy/actor/lib/test/auto/ConstantPublisherPort3.xml
----------------- Instantiating /home/travis/build/icyphy/ptII/ptolemy/actor/lib/test/auto/ConstantPublisherPort3.xml
5 ms. Memory: 461824K Free: 359623K (78%)
----------------- Invoking toplevel() on ptolemy.moml.MoMLSimpleApplication@6866093a
----------------- Done invoking toplevel() on ptolemy.moml.MoMLSimpleApplication@6866093a
reloadAllAccessors: .ConstantPublisherPort3

===========================================================================================
----------------- testing Mon Oct 05 15:45:45 UTC 2020 /home/travis/build/icyphy/ptII/ptolemy/actor/lib/test/auto/ConstantPublisherPort4.xml
----------------- Instantiating /home/travis/build/icyphy/ptII/ptolemy/actor/lib/test/auto/ConstantPublisherPort4.xml
3 ms. Memory: 461824K Free: 352455K (76%)
----------------- Invoking toplevel() on ptolemy.moml.MoMLSimpleApplication@4bc60e1d
----------------- Done invoking toplevel() on ptolemy.moml.MoMLSimpleApplication@4bc60e1d
reloadAllAccessors: .ConstantPublisherPort4

===========================================================================================
----------------- testing Mon Oct 05 15:45:45 UTC 2020 /home/travis/build/icyphy/ptII/ptolemy/actor/lib/test/auto/ConstantPublisherPort5.xml
----------------- Instantiating /home/travis/build/icyphy/ptII/ptolemy/actor/lib/test/auto/ConstantPublisherPort5.xml
29 ms. Memory: 461824K Free: 343239K (74%)
----------------- Invoking toplevel() on ptolemy.moml.MoMLSimpleApplication@6fa3e11e
----------------- Done invoking toplevel() on ptolemy.moml.MoMLSimpleApplication@6fa3e11e
reloadAllAccessors: .ConstantPublisherPort5

===========================================================================================
----------------- testing Mon Oct 05 15:45:45 UTC 2020 /home/travis/build/icyphy/ptII/ptolemy/actor/lib/test/auto/ConstantPublisherPort6.xml
----------------- Instantiating /home/travis/build/icyphy/ptII/ptolemy/actor/lib/test/auto/ConstantPublisherPort6.xml
14 ms. Memory: 461824K Free: 334023K (72%)
----------------- Invoking toplevel() on ptolemy.moml.MoMLSimpleApplication@16104b4c
----------------- Done invoking toplevel() on ptolemy.moml.MoMLSimpleApplication@16104b4c
reloadAllAccessors: .ConstantPublisherPort6

===========================================================================================
----------------- testing Mon Oct 05 15:45:45 UTC 2020 /home/travis/build/icyphy/ptII/ptolemy/actor/lib/test/auto/ConstantPublisherPort7.xml
----------------- Instantiating /home/travis/build/icyphy/ptII/ptolemy/actor/lib/test/auto/ConstantPublisherPort7.xml
29 ms. Memory: 461824K Free: 324807K (70%)
----------------- Invoking toplevel() on ptolemy.moml.MoMLSimpleApplication@7769e5e0
----------------- Done invoking toplevel() on ptolemy.moml.MoMLSimpleApplication@7769e5e0
reloadAllAccessors: .ConstantPublisherPort7

===========================================================================================
----------------- testing Mon Oct 05 15:45:45 UTC 2020 /home/travis/build/icyphy/ptII/ptolemy/actor/lib/test/auto/ConstraintMonitor1.xml
----------------- Instantiating /home/travis/build/icyphy/ptII/ptolemy/actor/lib/test/auto/ConstraintMonitor1.xml
5 ms. Memory: 461824K Free: 319687K (69%)
----------------- Invoking toplevel() on ptolemy.moml.MoMLSimpleApplication@3f07b5ad
----------------- Done invoking toplevel() on ptolemy.moml.MoMLSimpleApplication@3f07b5ad
reloadAllAccessors: .ConstraintMonitor1

===========================================================================================
----------------- testing Mon Oct 05 15:45:45 UTC 2020 /home/travis/build/icyphy/ptII/ptolemy/actor/lib/test/auto/ConstraintMonitor2.xml
----------------- Instantiating /home/travis/build/icyphy/ptII/ptolemy/actor/lib/test/auto/ConstraintMonitor2.xml
5 ms. Memory: 461824K Free: 315077K (68%)
----------------- Invoking toplevel() on ptolemy.moml.MoMLSimpleApplication@1a3f3922
----------------- Done invoking toplevel() on ptolemy.moml.MoMLSimpleApplication@1a3f3922
reloadAllAccessors: .ConstraintMonitor2

===========================================================================================
----------------- testing Mon Oct 05 15:45:46 UTC 2020 /home/travis/build/icyphy/ptII/ptolemy/actor/lib/test/auto/ConstraintMonitor3.xml
----------------- Instantiating /home/travis/build/icyphy/ptII/ptolemy/actor/lib/test/auto/ConstraintMonitor3.xml
1 ms. Memory: 461824K Free: 310981K (67%)
----------------- Invoking toplevel() on ptolemy.moml.MoMLSimpleApplication@5ca332f8
----------------- Done invoking toplevel() on ptolemy.moml.MoMLSimpleApplication@5ca332f8
reloadAllAccessors: .ConstraintMonitor3

===========================================================================================
----------------- testing Mon Oct 05 15:45:46 UTC 2020 /home/travis/build/icyphy/ptII/ptolemy/actor/lib/test/auto/ConstraintMonitor4.xml
----------------- Instantiating /home/travis/build/icyphy/ptII/ptolemy/actor/lib/test/auto/ConstraintMonitor4.xml
3 ms. Memory: 461824K Free: 305351K (66%)
----------------- Invoking toplevel() on ptolemy.moml.MoMLSimpleApplication@639ba38c
----------------- Done invoking toplevel() on ptolemy.moml.MoMLSimpleApplication@639ba38c
reloadAllAccessors: .ConstraintMonitor4

===========================================================================================
----------------- testing Mon Oct 05 15:45:46 UTC 2020 /home/travis/build/icyphy/ptII/ptolemy/actor/lib/test/auto/ConstraintMonitor5.xml
----------------- Instantiating /home/travis/build/icyphy/ptII/ptolemy/actor/lib/test/auto/ConstraintMonitor5.xml
1 ms. Memory: 461824K Free: 299717K (65%)
----------------- Invoking toplevel() on ptolemy.moml.MoMLSimpleApplication@a7477f6
----------------- Done invoking toplevel() on ptolemy.moml.MoMLSimpleApplication@a7477f6
reloadAllAccessors: .ConstraintMonitor5

===========================================================================================
----------------- testing Mon Oct 05 15:45:46 UTC 2020 /home/travis/build/icyphy/ptII/ptolemy/actor/lib/test/auto/ConstraintMonitor6.xml
----------------- Instantiating /home/travis/build/icyphy/ptII/ptolemy/actor/lib/test/auto/ConstraintMonitor6.xml
3 ms. Memory: 461824K Free: 293567K (64%)
----------------- Invoking toplevel() on ptolemy.moml.MoMLSimpleApplication@47d270b6
----------------- Done invoking toplevel() on ptolemy.moml.MoMLSimpleApplication@47d270b6
reloadAllAccessors: .ConstraintMonitor6

===========================================================================================
----------------- testing Mon Oct 05 15:45:46 UTC 2020 /home/travis/build/icyphy/ptII/ptolemy/actor/lib/test/auto/ConstraintMonitor7.xml
----------------- Instantiating /home/travis/build/icyphy/ptII/ptolemy/actor/lib/test/auto/ConstraintMonitor7.xml
3 ms. Memory: 461824K Free: 287423K (62%)
----------------- Invoking toplevel() on ptolemy.moml.MoMLSimpleApplication@37897d33
----------------- Done invoking toplevel() on ptolemy.moml.MoMLSimpleApplication@37897d33
reloadAllAccessors: .ConstraintMonitor7

===========================================================================================
----------------- testing Mon Oct 05 15:45:46 UTC 2020 /home/travis/build/icyphy/ptII/ptolemy/actor/lib/test/auto/ConstraintMonitor8.xml
----------------- Instantiating /home/travis/build/icyphy/ptII/ptolemy/actor/lib/test/auto/ConstraintMonitor8.xml
6 ms. Memory: 461824K Free: 279751K (61%)
----------------- Invoking toplevel() on ptolemy.moml.MoMLSimpleApplication@25ae907a
----------------- Done invoking toplevel() on ptolemy.moml.MoMLSimpleApplication@25ae907a
reloadAllAccessors: .ConstraintMonitor8

===========================================================================================
----------------- testing Mon Oct 05 15:45:46 UTC 2020 /home/travis/build/icyphy/ptII/ptolemy/actor/lib/test/auto/Counter.xml
----------------- Instantiating /home/travis/build/icyphy/ptII/ptolemy/actor/lib/test/auto/Counter.xml
2 ms. Memory: 461824K Free: 274631K (59%)
----------------- Invoking toplevel() on ptolemy.moml.MoMLSimpleApplication@688d207d
----------------- Done invoking toplevel() on ptolemy.moml.MoMLSimpleApplication@688d207d
reloadAllAccessors: .Counter

===========================================================================================
----------------- testing Mon Oct 05 15:45:46 UTC 2020 /home/travis/build/icyphy/ptII/ptolemy/actor/lib/test/auto/CurrentTimeSDF.xml
----------------- Instantiating /home/travis/build/icyphy/ptII/ptolemy/actor/lib/test/auto/CurrentTimeSDF.xml
2 ms. Memory: 461824K Free: 271045K (59%)
----------------- Invoking toplevel() on ptolemy.moml.MoMLSimpleApplication@38b7fae7
----------------- Done invoking toplevel() on ptolemy.moml.MoMLSimpleApplication@38b7fae7
reloadAllAccessors: .CurrentTimeSDF

===========================================================================================
----------------- testing Mon Oct 05 15:45:46 UTC 2020 /home/travis/build/icyphy/ptII/ptolemy/actor/lib/test/auto/DB.xml
----------------- Instantiating /home/travis/build/icyphy/ptII/ptolemy/actor/lib/test/auto/DB.xml
2 ms. Memory: 461824K Free: 265925K (58%)
----------------- Invoking toplevel() on ptolemy.moml.MoMLSimpleApplication@30534433
----------------- Done invoking toplevel() on ptolemy.moml.MoMLSimpleApplication@30534433
reloadAllAccessors: .DB

===========================================================================================
----------------- testing Mon Oct 05 15:45:46 UTC 2020 /home/travis/build/icyphy/ptII/ptolemy/actor/lib/test/auto/DBDE.xml
----------------- Instantiating /home/travis/build/icyphy/ptII/ptolemy/actor/lib/test/auto/DBDE.xml
3 ms. Memory: 461824K Free: 259767K (56%)
----------------- Invoking toplevel() on ptolemy.moml.MoMLSimpleApplication@437ee520
----------------- Done invoking toplevel() on ptolemy.moml.MoMLSimpleApplication@437ee520
reloadAllAccessors: .DBDE

===========================================================================================
----------------- testing Mon Oct 05 15:45:46 UTC 2020 /home/travis/build/icyphy/ptII/ptolemy/actor/lib/test/auto/DateConstructor.xml
----------------- Instantiating /home/travis/build/icyphy/ptII/ptolemy/actor/lib/test/auto/DateConstructor.xml
24 ms. Memory: 461824K Free: 242373K (52%)
----------------- Invoking toplevel() on ptolemy.moml.MoMLSimpleApplication@6c988804
----------------- Done invoking toplevel() on ptolemy.moml.MoMLSimpleApplication@6c988804
reloadAllAccessors: .DateConstructor

===========================================================================================
----------------- testing Mon Oct 05 15:45:46 UTC 2020 /home/travis/build/icyphy/ptII/ptolemy/actor/lib/test/auto/DelayTime.xml
----------------- Instantiating /home/travis/build/icyphy/ptII/ptolemy/actor/lib/test/auto/DelayTime.xml
6 ms. Memory: 461824K Free: 237253K (51%)
----------------- Invoking toplevel() on ptolemy.moml.MoMLSimpleApplication@418d399a
----------------- Done invoking toplevel() on ptolemy.moml.MoMLSimpleApplication@418d399a
reloadAllAccessors: .DelayTime

===========================================================================================
----------------- testing Mon Oct 05 15:45:46 UTC 2020 /home/travis/build/icyphy/ptII/ptolemy/actor/lib/test/auto/Dictionary1.xml
----------------- Instantiating /home/travis/build/icyphy/ptII/ptolemy/actor/lib/test/auto/Dictionary1.xml
2 ms. Memory: 461824K Free: 231623K (50%)
----------------- Invoking toplevel() on ptolemy.moml.MoMLSimpleApplication@2e8003cd
----------------- Done invoking toplevel() on ptolemy.moml.MoMLSimpleApplication@2e8003cd
reloadAllAccessors: .Dictionary1

===========================================================================================
----------------- testing Mon Oct 05 15:45:46 UTC 2020 /home/travis/build/icyphy/ptII/ptolemy/actor/lib/test/auto/Dictionary2.xml
----------------- Instantiating /home/travis/build/icyphy/ptII/ptolemy/actor/lib/test/auto/Dictionary2.xml
2 ms. Memory: 461824K Free: 225989K (49%)
----------------- Invoking toplevel() on ptolemy.moml.MoMLSimpleApplication@7dee48ba
----------------- Done invoking toplevel() on ptolemy.moml.MoMLSimpleApplication@7dee48ba
reloadAllAccessors: .Dictionary2

===========================================================================================
----------------- testing Mon Oct 05 15:45:46 UTC 2020 /home/travis/build/icyphy/ptII/ptolemy/actor/lib/test/auto/Dictionary3.xml
----------------- Instantiating /home/travis/build/icyphy/ptII/ptolemy/actor/lib/test/auto/Dictionary3.xml
2 ms. Memory: 461824K Free: 220869K (48%)
----------------- Invoking toplevel() on ptolemy.moml.MoMLSimpleApplication@77dc23cc
----------------- Done invoking toplevel() on ptolemy.moml.MoMLSimpleApplication@77dc23cc
reloadAllAccessors: .Dictionary3

===========================================================================================
----------------- testing Mon Oct 05 15:45:46 UTC 2020 /home/travis/build/icyphy/ptII/ptolemy/actor/lib/test/auto/Dictionary4.xml
----------------- Instantiating /home/travis/build/icyphy/ptII/ptolemy/actor/lib/test/auto/Dictionary4.xml
3 ms. Memory: 461824K Free: 213701K (46%)
----------------- Invoking toplevel() on ptolemy.moml.MoMLSimpleApplication@63451699
----------------- Done invoking toplevel() on ptolemy.moml.MoMLSimpleApplication@63451699
reloadAllAccessors: .Dictionary4

===========================================================================================
----------------- testing Mon Oct 05 15:45:46 UTC 2020 /home/travis/build/icyphy/ptII/ptolemy/actor/lib/test/auto/Differential.xml
----------------- Instantiating /home/travis/build/icyphy/ptII/ptolemy/actor/lib/test/auto/Differential.xml
3 ms. Memory: 461824K Free: 209095K (45%)
----------------- Invoking toplevel() on ptolemy.moml.MoMLSimpleApplication@54238b9c
----------------- Done invoking toplevel() on ptolemy.moml.MoMLSimpleApplication@54238b9c
reloadAllAccessors: .Differential

===========================================================================================
----------------- testing Mon Oct 05 15:45:46 UTC 2020 /home/travis/build/icyphy/ptII/ptolemy/actor/lib/test/auto/Director.xml
----------------- Instantiating /home/travis/build/icyphy/ptII/ptolemy/actor/lib/test/auto/Director.xml
3 ms. Memory: 461824K Free: 206023K (45%)
----------------- Invoking toplevel() on ptolemy.moml.MoMLSimpleApplication@1e42491c
----------------- Done invoking toplevel() on ptolemy.moml.MoMLSimpleApplication@1e42491c
reloadAllAccessors: .Director

===========================================================================================
----------------- testing Mon Oct 05 15:45:46 UTC 2020 /home/travis/build/icyphy/ptII/ptolemy/actor/lib/test/auto/DiscreteClock.xml
----------------- Instantiating /home/travis/build/icyphy/ptII/ptolemy/actor/lib/test/auto/DiscreteClock.xml
1 ms. Memory: 461824K Free: 201927K (44%)
----------------- Invoking toplevel() on ptolemy.moml.MoMLSimpleApplication@731ed64d
----------------- Done invoking toplevel() on ptolemy.moml.MoMLSimpleApplication@731ed64d
reloadAllAccessors: .DiscreteClock

===========================================================================================
----------------- testing Mon Oct 05 15:45:46 UTC 2020 /home/travis/build/icyphy/ptII/ptolemy/actor/lib/test/auto/DiscreteClock10.xml
----------------- Instantiating /home/travis/build/icyphy/ptII/ptolemy/actor/lib/test/auto/DiscreteClock10.xml
4 ms. Memory: 461824K Free: 195783K (42%)
----------------- Invoking toplevel() on ptolemy.moml.MoMLSimpleApplication@13eb71c0
----------------- Done invoking toplevel() on ptolemy.moml.MoMLSimpleApplication@13eb71c0
reloadAllAccessors: .DiscreteClock10

===========================================================================================
----------------- testing Mon Oct 05 15:45:46 UTC 2020 /home/travis/build/icyphy/ptII/ptolemy/actor/lib/test/auto/DiscreteClock11.xml
----------------- Instantiating /home/travis/build/icyphy/ptII/ptolemy/actor/lib/test/auto/DiscreteClock11.xml
2 ms. Memory: 461824K Free: 189639K (41%)
----------------- Invoking toplevel() on ptolemy.moml.MoMLSimpleApplication@490e56d4
----------------- Done invoking toplevel() on ptolemy.moml.MoMLSimpleApplication@490e56d4
reloadAllAccessors: .DiscreteClock11

===========================================================================================
----------------- testing Mon Oct 05 15:45:46 UTC 2020 /home/travis/build/icyphy/ptII/ptolemy/actor/lib/test/auto/DiscreteClock12.xml
----------------- Instantiating /home/travis/build/icyphy/ptII/ptolemy/actor/lib/test/auto/DiscreteClock12.xml
3 ms. Memory: 461824K Free: 184005K (40%)
----------------- Invoking toplevel() on ptolemy.moml.MoMLSimpleApplication@59faf307
----------------- Done invoking toplevel() on ptolemy.moml.MoMLSimpleApplication@59faf307
reloadAllAccessors: .DiscreteClock12

===========================================================================================
----------------- testing Mon Oct 05 15:45:46 UTC 2020 /home/travis/build/icyphy/ptII/ptolemy/actor/lib/test/auto/DiscreteClock13.xml
----------------- Instantiating /home/travis/build/icyphy/ptII/ptolemy/actor/lib/test/auto/DiscreteClock13.xml
5 ms. Memory: 461824K Free: 177831K (39%)
----------------- Invoking toplevel() on ptolemy.moml.MoMLSimpleApplication@7ef9014
----------------- Done invoking toplevel() on ptolemy.moml.MoMLSimpleApplication@7ef9014
reloadAllAccessors: .DiscreteClock13

===========================================================================================
----------------- testing Mon Oct 05 15:45:46 UTC 2020 /home/travis/build/icyphy/ptII/ptolemy/actor/lib/test/auto/DiscreteClock14.xml
----------------- Instantiating /home/travis/build/icyphy/ptII/ptolemy/actor/lib/test/auto/DiscreteClock14.xml
6 ms. Memory: 461824K Free: 171703K (37%)
----------------- Invoking toplevel() on ptolemy.moml.MoMLSimpleApplication@230eb4f7
----------------- Done invoking toplevel() on ptolemy.moml.MoMLSimpleApplication@230eb4f7
reloadAllAccessors: .DiscreteClock14

===========================================================================================
----------------- testing Mon Oct 05 15:45:46 UTC 2020 /home/travis/build/icyphy/ptII/ptolemy/actor/lib/test/auto/DiscreteClock15.xml
----------------- Instantiating /home/travis/build/icyphy/ptII/ptolemy/actor/lib/test/auto/DiscreteClock15.xml
5 ms. Memory: 461824K Free: 165559K (36%)
----------------- Invoking toplevel() on ptolemy.moml.MoMLSimpleApplication@11a8210d
----------------- Done invoking toplevel() on ptolemy.moml.MoMLSimpleApplication@11a8210d
reloadAllAccessors: .DiscreteClock15

===========================================================================================
----------------- testing Mon Oct 05 15:45:46 UTC 2020 /home/travis/build/icyphy/ptII/ptolemy/actor/lib/test/auto/DiscreteClock16.xml
----------------- Instantiating /home/travis/build/icyphy/ptII/ptolemy/actor/lib/test/auto/DiscreteClock16.xml
17 ms. Memory: 461824K Free: 152247K (33%)
----------------- Invoking toplevel() on ptolemy.moml.MoMLSimpleApplication@443d80cd
----------------- Done invoking toplevel() on ptolemy.moml.MoMLSimpleApplication@443d80cd
reloadAllAccessors: .DiscreteClock16

===========================================================================================
----------------- testing Mon Oct 05 15:45:46 UTC 2020 /home/travis/build/icyphy/ptII/ptolemy/actor/lib/test/auto/DiscreteClock17.xml
----------------- Instantiating /home/travis/build/icyphy/ptII/ptolemy/actor/lib/test/auto/DiscreteClock17.xml
27 ms. Memory: 461824K Free: 412009K (89%)
----------------- Invoking toplevel() on ptolemy.moml.MoMLSimpleApplication@57f5c0ac
----------------- Done invoking toplevel() on ptolemy.moml.MoMLSimpleApplication@57f5c0ac
reloadAllAccessors: .DiscreteClock17

===========================================================================================
----------------- testing Mon Oct 05 15:45:46 UTC 2020 /home/travis/build/icyphy/ptII/ptolemy/actor/lib/test/auto/DiscreteClock18.xml
----------------- Instantiating /home/travis/build/icyphy/ptII/ptolemy/actor/lib/test/auto/DiscreteClock18.xml
27 ms. Memory: 461824K Free: 398254K (86%)
----------------- Invoking toplevel() on ptolemy.moml.MoMLSimpleApplication@5c4728bf
----------------- Done invoking toplevel() on ptolemy.moml.MoMLSimpleApplication@5c4728bf
reloadAllAccessors: .DiscreteClock18

===========================================================================================
----------------- testing Mon Oct 05 15:45:46 UTC 2020 /home/travis/build/icyphy/ptII/ptolemy/actor/lib/test/auto/DiscreteClock19.xml
----------------- Instantiating /home/travis/build/icyphy/ptII/ptolemy/actor/lib/test/auto/DiscreteClock19.xml
20 ms. Memory: 461824K Free: 384428K (83%)
----------------- Invoking toplevel() on ptolemy.moml.MoMLSimpleApplication@188a4d48
----------------- Done invoking toplevel() on ptolemy.moml.MoMLSimpleApplication@188a4d48
reloadAllAccessors: .DiscreteClock19

===========================================================================================
----------------- testing Mon Oct 05 15:45:46 UTC 2020 /home/travis/build/icyphy/ptII/ptolemy/actor/lib/test/auto/DiscreteClock2.xml
----------------- Instantiating /home/travis/build/icyphy/ptII/ptolemy/actor/lib/test/auto/DiscreteClock2.xml
4 ms. Memory: 461824K Free: 379294K (82%)
----------------- Invoking toplevel() on ptolemy.moml.MoMLSimpleApplication@9f42bb1
----------------- Done invoking toplevel() on ptolemy.moml.MoMLSimpleApplication@9f42bb1
reloadAllAccessors: .DiscreteClock2

===========================================================================================
----------------- testing Mon Oct 05 15:45:46 UTC 2020 /home/travis/build/icyphy/ptII/ptolemy/actor/lib/test/auto/DiscreteClock20.xml
----------------- Instantiating /home/travis/build/icyphy/ptII/ptolemy/actor/lib/test/auto/DiscreteClock20.xml
5 ms. Memory: 461824K Free: 374188K (81%)
----------------- Invoking toplevel() on ptolemy.moml.MoMLSimpleApplication@4879346c
----------------- Done invoking toplevel() on ptolemy.moml.MoMLSimpleApplication@4879346c
reloadAllAccessors: .DiscreteClock20

===========================================================================================
----------------- testing Mon Oct 05 15:45:46 UTC 2020 /home/travis/build/icyphy/ptII/ptolemy/actor/lib/test/auto/DiscreteClock21.xml
----------------- Instantiating /home/travis/build/icyphy/ptII/ptolemy/actor/lib/test/auto/DiscreteClock21.xml
5 ms. Memory: 461824K Free: 368558K (80%)
----------------- Invoking toplevel() on ptolemy.moml.MoMLSimpleApplication@692844cf
----------------- Done invoking toplevel() on ptolemy.moml.MoMLSimpleApplication@692844cf
reloadAllAccessors: .DiscreteClock21

===========================================================================================
----------------- testing Mon Oct 05 15:45:46 UTC 2020 /home/travis/build/icyphy/ptII/ptolemy/actor/lib/test/auto/DiscreteClock22.xml
----------------- Instantiating /home/travis/build/icyphy/ptII/ptolemy/actor/lib/test/auto/DiscreteClock22.xml
4 ms. Memory: 461824K Free: 362924K (79%)
----------------- Invoking toplevel() on ptolemy.moml.MoMLSimpleApplication@6e32f910
----------------- Done invoking toplevel() on ptolemy.moml.MoMLSimpleApplication@6e32f910
reloadAllAccessors: .DiscreteClock22

===========================================================================================
----------------- testing Mon Oct 05 15:45:46 UTC 2020 /home/travis/build/icyphy/ptII/ptolemy/actor/lib/test/auto/DiscreteClock23.xml
----------------- Instantiating /home/travis/build/icyphy/ptII/ptolemy/actor/lib/test/auto/DiscreteClock23.xml
8 ms. Memory: 461824K Free: 357294K (77%)
----------------- Invoking toplevel() on ptolemy.moml.MoMLSimpleApplication@7457746b
----------------- Done invoking toplevel() on ptolemy.moml.MoMLSimpleApplication@7457746b
reloadAllAccessors: .DiscreteClock23

===========================================================================================
----------------- testing Mon Oct 05 15:45:46 UTC 2020 /home/travis/build/icyphy/ptII/ptolemy/actor/lib/test/auto/DiscreteClock24.xml
----------------- Instantiating /home/travis/build/icyphy/ptII/ptolemy/actor/lib/test/auto/DiscreteClock24.xml
4 ms. Memory: 461824K Free: 352174K (76%)
----------------- Invoking toplevel() on ptolemy.moml.MoMLSimpleApplication@613c2439
----------------- Done invoking toplevel() on ptolemy.moml.MoMLSimpleApplication@613c2439
reloadAllAccessors: .DiscreteClock24

===========================================================================================
----------------- testing Mon Oct 05 15:45:46 UTC 2020 /home/travis/build/icyphy/ptII/ptolemy/actor/lib/test/auto/DiscreteClock4.xml
----------------- Instantiating /home/travis/build/icyphy/ptII/ptolemy/actor/lib/test/auto/DiscreteClock4.xml
4 ms. Memory: 461824K Free: 346526K (75%)
----------------- Invoking toplevel() on ptolemy.moml.MoMLSimpleApplication@4c131be3
----------------- Done invoking toplevel() on ptolemy.moml.MoMLSimpleApplication@4c131be3
reloadAllAccessors: .DiscreteClock4

===========================================================================================
----------------- testing Mon Oct 05 15:45:46 UTC 2020 /home/travis/build/icyphy/ptII/ptolemy/actor/lib/test/auto/DiscreteClock5.xml
----------------- Instantiating /home/travis/build/icyphy/ptII/ptolemy/actor/lib/test/auto/DiscreteClock5.xml
2 ms. Memory: 461824K Free: 340910K (74%)
----------------- Invoking toplevel() on ptolemy.moml.MoMLSimpleApplication@6f4b5dd0
----------------- Done invoking toplevel() on ptolemy.moml.MoMLSimpleApplication@6f4b5dd0
reloadAllAccessors: .DiscreteClock5

===========================================================================================
----------------- testing Mon Oct 05 15:45:46 UTC 2020 /home/travis/build/icyphy/ptII/ptolemy/actor/lib/test/auto/DiscreteClock6.xml
----------------- Instantiating /home/travis/build/icyphy/ptII/ptolemy/actor/lib/test/auto/DiscreteClock6.xml
1 ms. Memory: 461824K Free: 336814K (73%)
----------------- Invoking toplevel() on ptolemy.moml.MoMLSimpleApplication@4e02ffc1
----------------- Done invoking toplevel() on ptolemy.moml.MoMLSimpleApplication@4e02ffc1
reloadAllAccessors: .DiscreteClock6

===========================================================================================
----------------- testing Mon Oct 05 15:45:46 UTC 2020 /home/travis/build/icyphy/ptII/ptolemy/actor/lib/test/auto/DiscreteClock7.xml
----------------- Instantiating /home/travis/build/icyphy/ptII/ptolemy/actor/lib/test/auto/DiscreteClock7.xml
1 ms. Memory: 461824K Free: 332204K (72%)
----------------- Invoking toplevel() on ptolemy.moml.MoMLSimpleApplication@5b59c495
----------------- Done invoking toplevel() on ptolemy.moml.MoMLSimpleApplication@5b59c495
reloadAllAccessors: .DiscreteClock7

===========================================================================================
----------------- testing Mon Oct 05 15:45:46 UTC 2020 /home/travis/build/icyphy/ptII/ptolemy/actor/lib/test/auto/DiscreteClock8.xml
----------------- Instantiating /home/travis/build/icyphy/ptII/ptolemy/actor/lib/test/auto/DiscreteClock8.xml
10 ms. Memory: 461824K Free: 326574K (71%)
----------------- Invoking toplevel() on ptolemy.moml.MoMLSimpleApplication@5569dfb0
----------------- Done invoking toplevel() on ptolemy.moml.MoMLSimpleApplication@5569dfb0
reloadAllAccessors: .DiscreteClock8

===========================================================================================
----------------- testing Mon Oct 05 15:45:47 UTC 2020 /home/travis/build/icyphy/ptII/ptolemy/actor/lib/test/auto/DiscreteClock9.xml
----------------- Instantiating /home/travis/build/icyphy/ptII/ptolemy/actor/lib/test/auto/DiscreteClock9.xml
3 ms. Memory: 461824K Free: 320910K (69%)
----------------- Invoking toplevel() on ptolemy.moml.MoMLSimpleApplication@50d79db6
----------------- Done invoking toplevel() on ptolemy.moml.MoMLSimpleApplication@50d79db6
reloadAllAccessors: .DiscreteClock9

===========================================================================================
----------------- testing Mon Oct 05 15:45:47 UTC 2020 /home/travis/build/icyphy/ptII/ptolemy/actor/lib/test/auto/DisplayArray.xml
----------------- Instantiating /home/travis/build/icyphy/ptII/ptolemy/actor/lib/test/auto/DisplayArray.xml
1 ms. Memory: 461824K Free: 317358K (69%)
----------------- Invoking toplevel() on ptolemy.moml.MoMLSimpleApplication@66706005
----------------- Done invoking toplevel() on ptolemy.moml.MoMLSimpleApplication@66706005
reloadAllAccessors: .DisplayArray

===========================================================================================
----------------- testing Mon Oct 05 15:45:47 UTC 2020 /home/travis/build/icyphy/ptII/ptolemy/actor/lib/test/auto/Distributor.xml
----------------- Instantiating /home/travis/build/icyphy/ptII/ptolemy/actor/lib/test/auto/Distributor.xml
1 ms. Memory: 461824K Free: 312748K (68%)
----------------- Invoking toplevel() on ptolemy.moml.MoMLSimpleApplication@6eb307dc
----------------- Done invoking toplevel() on ptolemy.moml.MoMLSimpleApplication@6eb307dc
reloadAllAccessors: .Distributor

===========================================================================================
----------------- testing Mon Oct 05 15:45:47 UTC 2020 /home/travis/build/icyphy/ptII/ptolemy/actor/lib/test/auto/Distributor2.xml
----------------- Instantiating /home/travis/build/icyphy/ptII/ptolemy/actor/lib/test/auto/Distributor2.xml
2 ms. Memory: 461824K Free: 308142K (67%)
----------------- Invoking toplevel() on ptolemy.moml.MoMLSimpleApplication@7e8ef063
----------------- Done invoking toplevel() on ptolemy.moml.MoMLSimpleApplication@7e8ef063
reloadAllAccessors: .Distributor2

===========================================================================================
----------------- testing Mon Oct 05 15:45:47 UTC 2020 /home/travis/build/icyphy/ptII/ptolemy/actor/lib/test/auto/DownSample.xml
----------------- Instantiating /home/travis/build/icyphy/ptII/ptolemy/actor/lib/test/auto/DownSample.xml
2 ms. Memory: 461824K Free: 303532K (66%)
----------------- Invoking toplevel() on ptolemy.moml.MoMLSimpleApplication@e970068
----------------- Done invoking toplevel() on ptolemy.moml.MoMLSimpleApplication@e970068
reloadAllAccessors: .DownSample

===========================================================================================
----------------- testing Mon Oct 05 15:45:47 UTC 2020 /home/travis/build/icyphy/ptII/ptolemy/actor/lib/test/auto/ElectronicUnitBase1.xml
----------------- Instantiating /home/travis/build/icyphy/ptII/ptolemy/actor/lib/test/auto/ElectronicUnitBase1.xml
17 ms. Memory: 461824K Free: 287662K (62%)
----------------- Invoking toplevel() on ptolemy.moml.MoMLSimpleApplication@616f7961
----------------- Done invoking toplevel() on ptolemy.moml.MoMLSimpleApplication@616f7961
reloadAllAccessors: .ElectronicUnitBase1

===========================================================================================
----------------- testing Mon Oct 05 15:45:47 UTC 2020 /home/travis/build/icyphy/ptII/ptolemy/actor/lib/test/auto/ElementsToArray.xml
----------------- Instantiating /home/travis/build/icyphy/ptII/ptolemy/actor/lib/test/auto/ElementsToArray.xml
3 ms. Memory: 461824K Free: 282542K (61%)
----------------- Invoking toplevel() on ptolemy.moml.MoMLSimpleApplication@2d61741c
----------------- Done invoking toplevel() on ptolemy.moml.MoMLSimpleApplication@2d61741c
reloadAllAccessors: .ElementsToArray

===========================================================================================
----------------- testing Mon Oct 05 15:45:47 UTC 2020 /home/travis/build/icyphy/ptII/ptolemy/actor/lib/test/auto/Equals.xml
----------------- Instantiating /home/travis/build/icyphy/ptII/ptolemy/actor/lib/test/auto/Equals.xml
3 ms. Memory: 461824K Free: 277932K (60%)
----------------- Invoking toplevel() on ptolemy.moml.MoMLSimpleApplication@30b7951c
----------------- Done invoking toplevel() on ptolemy.moml.MoMLSimpleApplication@30b7951c
reloadAllAccessors: .Equals

===========================================================================================
----------------- testing Mon Oct 05 15:45:47 UTC 2020 /home/travis/build/icyphy/ptII/ptolemy/actor/lib/test/auto/Exec.xml
----------------- Instantiating /home/travis/build/icyphy/ptII/ptolemy/actor/lib/test/auto/Exec.xml
18 ms. Memory: 461824K Free: 272812K (59%)
----------------- Invoking toplevel() on ptolemy.moml.MoMLSimpleApplication@61a4cf88
----------------- Done invoking toplevel() on ptolemy.moml.MoMLSimpleApplication@61a4cf88
reloadAllAccessors: .Exec

===========================================================================================
----------------- testing Mon Oct 05 15:45:47 UTC 2020 /home/travis/build/icyphy/ptII/ptolemy/actor/lib/test/auto/ExecEnvironment.xml
----------------- Instantiating /home/travis/build/icyphy/ptII/ptolemy/actor/lib/test/auto/ExecEnvironment.xml
28 ms. Memory: 461824K Free: 267678K (58%)
----------------- Invoking toplevel() on ptolemy.moml.MoMLSimpleApplication@10c2b045
----------------- Done invoking toplevel() on ptolemy.moml.MoMLSimpleApplication@10c2b045
reloadAllAccessors: .ExecEnvironment

===========================================================================================
----------------- testing Mon Oct 05 15:45:47 UTC 2020 /home/travis/build/icyphy/ptII/ptolemy/actor/lib/test/auto/ExecNonZeroReturnOutput.xml
----------------- Instantiating /home/travis/build/icyphy/ptII/ptolemy/actor/lib/test/auto/ExecNonZeroReturnOutput.xml
166 ms. Memory: 461824K Free: 255918K (55%)
----------------- Invoking toplevel() on ptolemy.moml.MoMLSimpleApplication@36a86136
----------------- Done invoking toplevel() on ptolemy.moml.MoMLSimpleApplication@36a86136
reloadAllAccessors: .ExecNonZeroReturnOutput

===========================================================================================
----------------- testing Mon Oct 05 15:45:47 UTC 2020 /home/travis/build/icyphy/ptII/ptolemy/actor/lib/test/auto/ExecRunDemos.xml
----------------- Instantiating /home/travis/build/icyphy/ptII/ptolemy/actor/lib/test/auto/ExecRunDemos.xml
Finished: 64 ms. Memory: 129024K Free: 112323K (87%)

Finished: 70 ms. Memory: 129024K Free: 109458K (85%)

Finished: 109 ms. Memory: 129024K Free: 109504K (85%)

Finished: 57 ms. Memory: 129024K Free: 111037K (86%)

Finished: 60 ms. Memory: 129024K Free: 111895K (87%)

10452 ms. Memory: 461824K Free: 234412K (51%)
----------------- Invoking toplevel() on ptolemy.moml.MoMLSimpleApplication@37310b51
----------------- Done invoking toplevel() on ptolemy.moml.MoMLSimpleApplication@37310b51
reloadAllAccessors: .ExecRunDemos

===========================================================================================
----------------- testing Mon Oct 05 15:45:57 UTC 2020 /home/travis/build/icyphy/ptII/ptolemy/actor/lib/test/auto/ExecStop.xml
----------------- Instantiating /home/travis/build/icyphy/ptII/ptolemy/actor/lib/test/auto/ExecStop.xml
5011 ms. Memory: 461824K Free: 400614K (87%)
----------------- Invoking toplevel() on ptolemy.moml.MoMLSimpleApplication@438e398a
----------------- Done invoking toplevel() on ptolemy.moml.MoMLSimpleApplication@438e398a
reloadAllAccessors: .ExecStop

===========================================================================================
----------------- testing Mon Oct 05 15:46:03 UTC 2020 /home/travis/build/icyphy/ptII/ptolemy/actor/lib/test/auto/ExecutionTimeSDF.xml
----------------- Instantiating /home/travis/build/icyphy/ptII/ptolemy/actor/lib/test/auto/ExecutionTimeSDF.xml
Fired ExecutionTime: -915367296
Fired ExecutionTime: 1526000000
Fired ExecutionTime: -179767296
6004 ms. Memory: 461824K Free: 388327K (84%)
----------------- Invoking toplevel() on ptolemy.moml.MoMLSimpleApplication@1b98e63
----------------- Done invoking toplevel() on ptolemy.moml.MoMLSimpleApplication@1b98e63
reloadAllAccessors: .ExecutionTimeSDF

===========================================================================================
----------------- testing Mon Oct 05 15:46:09 UTC 2020 /home/travis/build/icyphy/ptII/ptolemy/actor/lib/test/auto/Expression1.xml
----------------- Instantiating /home/travis/build/icyphy/ptII/ptolemy/actor/lib/test/auto/Expression1.xml
1 ms. Memory: 461824K Free: 384745K (83%)
----------------- Invoking toplevel() on ptolemy.moml.MoMLSimpleApplication@6c20f5c3
----------------- Done invoking toplevel() on ptolemy.moml.MoMLSimpleApplication@6c20f5c3
reloadAllAccessors: .Expression1

===========================================================================================
----------------- testing Mon Oct 05 15:46:09 UTC 2020 /home/travis/build/icyphy/ptII/ptolemy/actor/lib/test/auto/Expression10.xml
----------------- Instantiating /home/travis/build/icyphy/ptII/ptolemy/actor/lib/test/auto/Expression10.xml
7 ms. Memory: 461824K Free: 379625K (82%)
----------------- Invoking toplevel() on ptolemy.moml.MoMLSimpleApplication@2712aedd
----------------- Done invoking toplevel() on ptolemy.moml.MoMLSimpleApplication@2712aedd
reloadAllAccessors: .Expression10

===========================================================================================
----------------- testing Mon Oct 05 15:46:09 UTC 2020 /home/travis/build/icyphy/ptII/ptolemy/actor/lib/test/auto/Expression11.xml
----------------- Instantiating /home/travis/build/icyphy/ptII/ptolemy/actor/lib/test/auto/Expression11.xml
4 ms. Memory: 461824K Free: 375015K (81%)
----------------- Invoking toplevel() on ptolemy.moml.MoMLSimpleApplication@17b55309
----------------- Done invoking toplevel() on ptolemy.moml.MoMLSimpleApplication@17b55309
reloadAllAccessors: .Expression11

===========================================================================================
----------------- testing Mon Oct 05 15:46:09 UTC 2020 /home/travis/build/icyphy/ptII/ptolemy/actor/lib/test/auto/Expression12.xml
----------------- Instantiating /home/travis/build/icyphy/ptII/ptolemy/actor/lib/test/auto/Expression12.xml
3 ms. Memory: 461824K Free: 369385K (80%)
----------------- Invoking toplevel() on ptolemy.moml.MoMLSimpleApplication@11f9c245
----------------- Done invoking toplevel() on ptolemy.moml.MoMLSimpleApplication@11f9c245
reloadAllAccessors: .Expression12

===========================================================================================
----------------- testing Mon Oct 05 15:46:09 UTC 2020 /home/travis/build/icyphy/ptII/ptolemy/actor/lib/test/auto/Expression13.xml
----------------- Instantiating /home/travis/build/icyphy/ptII/ptolemy/actor/lib/test/auto/Expression13.xml
3 ms. Memory: 461824K Free: 364265K (79%)
----------------- Invoking toplevel() on ptolemy.moml.MoMLSimpleApplication@3f96b9be
----------------- Done invoking toplevel() on ptolemy.moml.MoMLSimpleApplication@3f96b9be
reloadAllAccessors: .Expression13

===========================================================================================
----------------- testing Mon Oct 05 15:46:09 UTC 2020 /home/travis/build/icyphy/ptII/ptolemy/actor/lib/test/auto/Expression14.xml
----------------- Instantiating /home/travis/build/icyphy/ptII/ptolemy/actor/lib/test/auto/Expression14.xml
8 ms. Memory: 461824K Free: 358631K (78%)
----------------- Invoking toplevel() on ptolemy.moml.MoMLSimpleApplication@f401b17
----------------- Done invoking toplevel() on ptolemy.moml.MoMLSimpleApplication@f401b17
reloadAllAccessors: .Expression14

===========================================================================================
----------------- testing Mon Oct 05 15:46:09 UTC 2020 /home/travis/build/icyphy/ptII/ptolemy/actor/lib/test/auto/Expression15.xml
----------------- Instantiating /home/travis/build/icyphy/ptII/ptolemy/actor/lib/test/auto/Expression15.xml
1 ms. Memory: 461824K Free: 354535K (77%)
----------------- Invoking toplevel() on ptolemy.moml.MoMLSimpleApplication@40a32e43
----------------- Done invoking toplevel() on ptolemy.moml.MoMLSimpleApplication@40a32e43
reloadAllAccessors: .Expression15

===========================================================================================
----------------- testing Mon Oct 05 15:46:09 UTC 2020 /home/travis/build/icyphy/ptII/ptolemy/actor/lib/test/auto/Expression16.xml
----------------- Instantiating /home/travis/build/icyphy/ptII/ptolemy/actor/lib/test/auto/Expression16.xml
5 ms. Memory: 461824K Free: 349415K (76%)
----------------- Invoking toplevel() on ptolemy.moml.MoMLSimpleApplication@168412b2
----------------- Done invoking toplevel() on ptolemy.moml.MoMLSimpleApplication@168412b2
reloadAllAccessors: .Expression16

===========================================================================================
----------------- testing Mon Oct 05 15:46:09 UTC 2020 /home/travis/build/icyphy/ptII/ptolemy/actor/lib/test/auto/Expression17.xml
----------------- Instantiating /home/travis/build/icyphy/ptII/ptolemy/actor/lib/test/auto/Expression17.xml
3 ms. Memory: 461824K Free: 344295K (75%)
----------------- Invoking toplevel() on ptolemy.moml.MoMLSimpleApplication@3ab856ca
----------------- Done invoking toplevel() on ptolemy.moml.MoMLSimpleApplication@3ab856ca
reloadAllAccessors: .Expression17

===========================================================================================
----------------- testing Mon Oct 05 15:46:09 UTC 2020 /home/travis/build/icyphy/ptII/ptolemy/actor/lib/test/auto/Expression18.xml
----------------- Instantiating /home/travis/build/icyphy/ptII/ptolemy/actor/lib/test/auto/Expression18.xml
4 ms. Memory: 461824K Free: 339175K (73%)
----------------- Invoking toplevel() on ptolemy.moml.MoMLSimpleApplication@621b2b85
----------------- Done invoking toplevel() on ptolemy.moml.MoMLSimpleApplication@621b2b85
reloadAllAccessors: .Expression18

===========================================================================================
----------------- testing Mon Oct 05 15:46:09 UTC 2020 /home/travis/build/icyphy/ptII/ptolemy/actor/lib/test/auto/Expression2.xml
----------------- Instantiating /home/travis/build/icyphy/ptII/ptolemy/actor/lib/test/auto/Expression2.xml
3 ms. Memory: 461824K Free: 334569K (72%)
----------------- Invoking toplevel() on ptolemy.moml.MoMLSimpleApplication@31571b68
----------------- Done invoking toplevel() on ptolemy.moml.MoMLSimpleApplication@31571b68
reloadAllAccessors: .Expression2

===========================================================================================
----------------- testing Mon Oct 05 15:46:09 UTC 2020 /home/travis/build/icyphy/ptII/ptolemy/actor/lib/test/auto/Expression3.xml
----------------- Instantiating /home/travis/build/icyphy/ptII/ptolemy/actor/lib/test/auto/Expression3.xml
6 ms. Memory: 461824K Free: 329449K (71%)
----------------- Invoking toplevel() on ptolemy.moml.MoMLSimpleApplication@78ecc54d
----------------- Done invoking toplevel() on ptolemy.moml.MoMLSimpleApplication@78ecc54d
reloadAllAccessors: .Expression3

===========================================================================================
----------------- testing Mon Oct 05 15:46:09 UTC 2020 /home/travis/build/icyphy/ptII/ptolemy/actor/lib/test/auto/Expression4.xml
----------------- Instantiating /home/travis/build/icyphy/ptII/ptolemy/actor/lib/test/auto/Expression4.xml
6 ms. Memory: 461824K Free: 321753K (70%)
----------------- Invoking toplevel() on ptolemy.moml.MoMLSimpleApplication@dff8807
----------------- Done invoking toplevel() on ptolemy.moml.MoMLSimpleApplication@dff8807
reloadAllAccessors: .Expression4

===========================================================================================
----------------- testing Mon Oct 05 15:46:09 UTC 2020 /home/travis/build/icyphy/ptII/ptolemy/actor/lib/test/auto/Expression5.xml
----------------- Instantiating /home/travis/build/icyphy/ptII/ptolemy/actor/lib/test/auto/Expression5.xml
5 ms. Memory: 461824K Free: 316647K (69%)
----------------- Invoking toplevel() on ptolemy.moml.MoMLSimpleApplication@7e7292fc
----------------- Done invoking toplevel() on ptolemy.moml.MoMLSimpleApplication@7e7292fc
reloadAllAccessors: .Expression5

===========================================================================================
----------------- testing Mon Oct 05 15:46:09 UTC 2020 /home/travis/build/icyphy/ptII/ptolemy/actor/lib/test/auto/Expression6.xml
----------------- Instantiating /home/travis/build/icyphy/ptII/ptolemy/actor/lib/test/auto/Expression6.xml
2 ms. Memory: 461824K Free: 312041K (68%)
----------------- Invoking toplevel() on ptolemy.moml.MoMLSimpleApplication@6ad69986
----------------- Done invoking toplevel() on ptolemy.moml.MoMLSimpleApplication@6ad69986
reloadAllAccessors: .Expression6

===========================================================================================
----------------- testing Mon Oct 05 15:46:09 UTC 2020 /home/travis/build/icyphy/ptII/ptolemy/actor/lib/test/auto/Expression7.xml
----------------- Instantiating /home/travis/build/icyphy/ptII/ptolemy/actor/lib/test/auto/Expression7.xml
3 ms. Memory: 461824K Free: 306921K (66%)
----------------- Invoking toplevel() on ptolemy.moml.MoMLSimpleApplication@5748ac1b
----------------- Done invoking toplevel() on ptolemy.moml.MoMLSimpleApplication@5748ac1b
reloadAllAccessors: .Expression7

===========================================================================================
----------------- testing Mon Oct 05 15:46:09 UTC 2020 /home/travis/build/icyphy/ptII/ptolemy/actor/lib/test/auto/Expression8.xml
----------------- Instantiating /home/travis/build/icyphy/ptII/ptolemy/actor/lib/test/auto/Expression8.xml
8 ms. Memory: 461824K Free: 302311K (65%)
----------------- Invoking toplevel() on ptolemy.moml.MoMLSimpleApplication@5cadd08d
----------------- Done invoking toplevel() on ptolemy.moml.MoMLSimpleApplication@5cadd08d
reloadAllAccessors: .Expression8

===========================================================================================
----------------- testing Mon Oct 05 15:46:09 UTC 2020 /home/travis/build/icyphy/ptII/ptolemy/actor/lib/test/auto/Expression9.xml
----------------- Instantiating /home/travis/build/icyphy/ptII/ptolemy/actor/lib/test/auto/Expression9.xml
1 ms. Memory: 461824K Free: 298215K (65%)
----------------- Invoking toplevel() on ptolemy.moml.MoMLSimpleApplication@68778d29
----------------- Done invoking toplevel() on ptolemy.moml.MoMLSimpleApplication@68778d29
reloadAllAccessors: .Expression9

===========================================================================================
----------------- testing Mon Oct 05 15:46:09 UTC 2020 /home/travis/build/icyphy/ptII/ptolemy/actor/lib/test/auto/ExpressionConcatenateArrayType.xml
----------------- Instantiating /home/travis/build/icyphy/ptII/ptolemy/actor/lib/test/auto/ExpressionConcatenateArrayType.xml
3 ms. Memory: 461824K Free: 291561K (63%)
----------------- Invoking toplevel() on ptolemy.moml.MoMLSimpleApplication@403ff363
----------------- Done invoking toplevel() on ptolemy.moml.MoMLSimpleApplication@403ff363
reloadAllAccessors: .ExpressionConcatenateArrayType

===========================================================================================
----------------- testing Mon Oct 05 15:46:09 UTC 2020 /home/travis/build/icyphy/ptII/ptolemy/actor/lib/test/auto/ExpressionConcatenateArrayType2.xml
----------------- Instantiating /home/travis/build/icyphy/ptII/ptolemy/actor/lib/test/auto/ExpressionConcatenateArrayType2.xml
2 ms. Memory: 461824K Free: 285927K (62%)
----------------- Invoking toplevel() on ptolemy.moml.MoMLSimpleApplication@4c81476c
----------------- Done invoking toplevel() on ptolemy.moml.MoMLSimpleApplication@4c81476c
reloadAllAccessors: .ExpressionConcatenateArrayType2

===========================================================================================
----------------- testing Mon Oct 05 15:46:09 UTC 2020 /home/travis/build/icyphy/ptII/ptolemy/actor/lib/test/auto/ExpressionFix.xml
----------------- Instantiating /home/travis/build/icyphy/ptII/ptolemy/actor/lib/test/auto/ExpressionFix.xml
22 ms. Memory: 461824K Free: 279273K (60%)
----------------- Invoking toplevel() on ptolemy.moml.MoMLSimpleApplication@6caaf426
----------------- Done invoking toplevel() on ptolemy.moml.MoMLSimpleApplication@6caaf426
reloadAllAccessors: .ExpressionFix

===========================================================================================
----------------- testing Mon Oct 05 15:46:09 UTC 2020 /home/travis/build/icyphy/ptII/ptolemy/actor/lib/test/auto/ExpressionFix2.xml
----------------- Instantiating /home/travis/build/icyphy/ptII/ptolemy/actor/lib/test/auto/ExpressionFix2.xml
4 ms. Memory: 461824K Free: 275687K (60%)
----------------- Invoking toplevel() on ptolemy.moml.MoMLSimpleApplication@68b6b14f
----------------- Done invoking toplevel() on ptolemy.moml.MoMLSimpleApplication@68b6b14f
reloadAllAccessors: .ExpressionFix2

===========================================================================================
----------------- testing Mon Oct 05 15:46:09 UTC 2020 /home/travis/build/icyphy/ptII/ptolemy/actor/lib/test/auto/ExpressionFix3.xml
----------------- Instantiating /home/travis/build/icyphy/ptII/ptolemy/actor/lib/test/auto/ExpressionFix3.xml
3 ms. Memory: 461824K Free: 271081K (59%)
----------------- Invoking toplevel() on ptolemy.moml.MoMLSimpleApplication@7837834b
----------------- Done invoking toplevel() on ptolemy.moml.MoMLSimpleApplication@7837834b
reloadAllAccessors: .ExpressionFix3

===========================================================================================
----------------- testing Mon Oct 05 15:46:09 UTC 2020 /home/travis/build/icyphy/ptII/ptolemy/actor/lib/test/auto/FileWriter1.xml
----------------- Instantiating /home/travis/build/icyphy/ptII/ptolemy/actor/lib/test/auto/FileWriter1.xml
2 ms. Memory: 461824K Free: 266985K (58%)
----------------- Invoking toplevel() on ptolemy.moml.MoMLSimpleApplication@1015d313
----------------- Done invoking toplevel() on ptolemy.moml.MoMLSimpleApplication@1015d313
reloadAllAccessors: .FileWriter1

===========================================================================================
----------------- testing Mon Oct 05 15:46:09 UTC 2020 /home/travis/build/icyphy/ptII/ptolemy/actor/lib/test/auto/FileWriter2.xml
----------------- Instantiating /home/travis/build/icyphy/ptII/ptolemy/actor/lib/test/auto/FileWriter2.xml
6 ms. Memory: 461824K Free: 262375K (57%)
----------------- Invoking toplevel() on ptolemy.moml.MoMLSimpleApplication@153b2721
----------------- Done invoking toplevel() on ptolemy.moml.MoMLSimpleApplication@153b2721
reloadAllAccessors: .FileWriter2

===========================================================================================
----------------- testing Mon Oct 05 15:46:09 UTC 2020 /home/travis/build/icyphy/ptII/ptolemy/actor/lib/test/auto/FileWriter3.xml
----------------- Instantiating /home/travis/build/icyphy/ptII/ptolemy/actor/lib/test/auto/FileWriter3.xml
4 ms. Memory: 461824K Free: 258279K (56%)
----------------- Invoking toplevel() on ptolemy.moml.MoMLSimpleApplication@1af89d3a
----------------- Done invoking toplevel() on ptolemy.moml.MoMLSimpleApplication@1af89d3a
reloadAllAccessors: .FileWriter3

===========================================================================================
----------------- testing Mon Oct 05 15:46:09 UTC 2020 /home/travis/build/icyphy/ptII/ptolemy/actor/lib/test/auto/Gaussian.xml
----------------- Instantiating /home/travis/build/icyphy/ptII/ptolemy/actor/lib/test/auto/Gaussian.xml
3 ms. Memory: 461824K Free: 253673K (55%)
----------------- Invoking toplevel() on ptolemy.moml.MoMLSimpleApplication@5e7fce
----------------- Done invoking toplevel() on ptolemy.moml.MoMLSimpleApplication@5e7fce
reloadAllAccessors: .Gaussian

===========================================================================================
----------------- testing Mon Oct 05 15:46:09 UTC 2020 /home/travis/build/icyphy/ptII/ptolemy/actor/lib/test/auto/Gaussian1.xml
----------------- Instantiating /home/travis/build/icyphy/ptII/ptolemy/actor/lib/test/auto/Gaussian1.xml
9 ms. Memory: 461824K Free: 248553K (54%)
----------------- Invoking toplevel() on ptolemy.moml.MoMLSimpleApplication@edb59d7
----------------- Done invoking toplevel() on ptolemy.moml.MoMLSimpleApplication@edb59d7
reloadAllAccessors: .Gaussian1

===========================================================================================
----------------- testing Mon Oct 05 15:46:09 UTC 2020 /home/travis/build/icyphy/ptII/ptolemy/actor/lib/test/auto/Gaussian2.xml
----------------- Instantiating /home/travis/build/icyphy/ptII/ptolemy/actor/lib/test/auto/Gaussian2.xml
2 ms. Memory: 461824K Free: 242913K (53%)
----------------- Invoking toplevel() on ptolemy.moml.MoMLSimpleApplication@28f47c9e
----------------- Done invoking toplevel() on ptolemy.moml.MoMLSimpleApplication@28f47c9e
reloadAllAccessors: .Gaussian2

===========================================================================================
----------------- testing Mon Oct 05 15:46:09 UTC 2020 /home/travis/build/icyphy/ptII/ptolemy/actor/lib/test/auto/GradientAdaptiveLattice.xml
----------------- Instantiating /home/travis/build/icyphy/ptII/ptolemy/actor/lib/test/auto/GradientAdaptiveLattice.xml
3 ms. Memory: 461824K Free: 237799K (51%)
----------------- Invoking toplevel() on ptolemy.moml.MoMLSimpleApplication@524995b4
----------------- Done invoking toplevel() on ptolemy.moml.MoMLSimpleApplication@524995b4
reloadAllAccessors: .GradientAdaptiveLattice

===========================================================================================
----------------- testing Mon Oct 05 15:46:09 UTC 2020 /home/travis/build/icyphy/ptII/ptolemy/actor/lib/test/auto/IIR.xml
----------------- Instantiating /home/travis/build/icyphy/ptII/ptolemy/actor/lib/test/auto/IIR.xml
1 ms. Memory: 461824K Free: 233193K (50%)
----------------- Invoking toplevel() on ptolemy.moml.MoMLSimpleApplication@2d828d6a
----------------- Done invoking toplevel() on ptolemy.moml.MoMLSimpleApplication@2d828d6a
reloadAllAccessors: .IIR

===========================================================================================
----------------- testing Mon Oct 05 15:46:09 UTC 2020 /home/travis/build/icyphy/ptII/ptolemy/actor/lib/test/auto/InputOutputTransparentPorts.xml
----------------- Instantiating /home/travis/build/icyphy/ptII/ptolemy/actor/lib/test/auto/InputOutputTransparentPorts.xml
2 ms. Memory: 461824K Free: 225511K (49%)
----------------- Invoking toplevel() on ptolemy.moml.MoMLSimpleApplication@58b8f47d
----------------- Done invoking toplevel() on ptolemy.moml.MoMLSimpleApplication@58b8f47d
reloadAllAccessors: .InputOutputTransparentPorts

===========================================================================================
----------------- testing Mon Oct 05 15:46:09 UTC 2020 /home/travis/build/icyphy/ptII/ptolemy/actor/lib/test/auto/Interpolator.xml
----------------- Instantiating /home/travis/build/icyphy/ptII/ptolemy/actor/lib/test/auto/Interpolator.xml
4 ms. Memory: 461824K Free: 220903K (48%)
----------------- Invoking toplevel() on ptolemy.moml.MoMLSimpleApplication@33844fce
----------------- Done invoking toplevel() on ptolemy.moml.MoMLSimpleApplication@33844fce
reloadAllAccessors: .Interpolator

===========================================================================================
----------------- testing Mon Oct 05 15:46:09 UTC 2020 /home/travis/build/icyphy/ptII/ptolemy/actor/lib/test/auto/InterpolatorFiringLimitDE.xml
----------------- Instantiating /home/travis/build/icyphy/ptII/ptolemy/actor/lib/test/auto/InterpolatorFiringLimitDE.xml
2 ms. Memory: 461824K Free: 214247K (46%)
----------------- Invoking toplevel() on ptolemy.moml.MoMLSimpleApplication@50bacbcc
----------------- Done invoking toplevel() on ptolemy.moml.MoMLSimpleApplication@50bacbcc
reloadAllAccessors: .InterpolatorFiringLimitDE

===========================================================================================
----------------- testing Mon Oct 05 15:46:09 UTC 2020 /home/travis/build/icyphy/ptII/ptolemy/actor/lib/test/auto/Lattice.xml
----------------- Instantiating /home/travis/build/icyphy/ptII/ptolemy/actor/lib/test/auto/Lattice.xml
1 ms. Memory: 461824K Free: 210665K (46%)
----------------- Invoking toplevel() on ptolemy.moml.MoMLSimpleApplication@34964289
----------------- Done invoking toplevel() on ptolemy.moml.MoMLSimpleApplication@34964289
reloadAllAccessors: .Lattice

===========================================================================================
----------------- testing Mon Oct 05 15:46:09 UTC 2020 /home/travis/build/icyphy/ptII/ptolemy/actor/lib/test/auto/LazyAOCTestLazy.xml
----------------- Instantiating /home/travis/build/icyphy/ptII/ptolemy/actor/lib/test/auto/LazyAOCTestLazy.xml
19 ms. Memory: 461824K Free: 204521K (44%)
----------------- Invoking toplevel() on ptolemy.moml.MoMLSimpleApplication@c41dba2
----------------- Done invoking toplevel() on ptolemy.moml.MoMLSimpleApplication@c41dba2
reloadAllAccessors: .LazyAOCTestLazy

===========================================================================================
----------------- testing Mon Oct 05 15:46:09 UTC 2020 /home/travis/build/icyphy/ptII/ptolemy/actor/lib/test/auto/LazyAOCTestNonLazy.xml
----------------- Instantiating /home/travis/build/icyphy/ptII/ptolemy/actor/lib/test/auto/LazyAOCTestNonLazy.xml
2 ms. Memory: 461824K Free: 197863K (43%)
----------------- Invoking toplevel() on ptolemy.moml.MoMLSimpleApplication@79e123f5
----------------- Done invoking toplevel() on ptolemy.moml.MoMLSimpleApplication@79e123f5
reloadAllAccessors: .LazyAOCTestNonLazy

===========================================================================================
----------------- testing Mon Oct 05 15:46:09 UTC 2020 /home/travis/build/icyphy/ptII/ptolemy/actor/lib/test/auto/LazyInnerClass.xml
----------------- Instantiating /home/travis/build/icyphy/ptII/ptolemy/actor/lib/test/auto/LazyInnerClass.xml
10 ms. Memory: 461824K Free: 189161K (41%)
----------------- Invoking toplevel() on ptolemy.moml.MoMLSimpleApplication@381658a0
----------------- Done invoking toplevel() on ptolemy.moml.MoMLSimpleApplication@381658a0
reloadAllAccessors: .LazyInnerClass

===========================================================================================
----------------- testing Mon Oct 05 15:46:09 UTC 2020 /home/travis/build/icyphy/ptII/ptolemy/actor/lib/test/auto/LazyPubSub.xml
----------------- Instantiating /home/travis/build/icyphy/ptII/ptolemy/actor/lib/test/auto/LazyPubSub.xml
21 ms. Memory: 461824K Free: 178921K (39%)
----------------- Invoking toplevel() on ptolemy.moml.MoMLSimpleApplication@484870b0
----------------- Done invoking toplevel() on ptolemy.moml.MoMLSimpleApplication@484870b0
reloadAllAccessors: .LazyPubSub

===========================================================================================
----------------- testing Mon Oct 05 15:46:09 UTC 2020 /home/travis/build/icyphy/ptII/ptolemy/actor/lib/test/auto/LazyPubSub2.xml
----------------- Instantiating /home/travis/build/icyphy/ptII/ptolemy/actor/lib/test/auto/LazyPubSub2.xml
14 ms. Memory: 461824K Free: 168681K (37%)
----------------- Invoking toplevel() on ptolemy.moml.MoMLSimpleApplication@53d5748c
----------------- Done invoking toplevel() on ptolemy.moml.MoMLSimpleApplication@53d5748c
reloadAllAccessors: .LazyPubSub2

===========================================================================================
----------------- testing Mon Oct 05 15:46:09 UTC 2020 /home/travis/build/icyphy/ptII/ptolemy/actor/lib/test/auto/LazyPubSub3.xml
----------------- Instantiating /home/travis/build/icyphy/ptII/ptolemy/actor/lib/test/auto/LazyPubSub3.xml
12 ms. Memory: 461824K Free: 158441K (34%)
----------------- Invoking toplevel() on ptolemy.moml.MoMLSimpleApplication@75fd8dfd
----------------- Done invoking toplevel() on ptolemy.moml.MoMLSimpleApplication@75fd8dfd
reloadAllAccessors: .LazyPubSub3

===========================================================================================
----------------- testing Mon Oct 05 15:46:10 UTC 2020 /home/travis/build/icyphy/ptII/ptolemy/actor/lib/test/auto/LazySubClassModel.xml
----------------- Instantiating /home/travis/build/icyphy/ptII/ptolemy/actor/lib/test/auto/LazySubClassModel.xml
2 ms. Memory: 461824K Free: 149225K (32%)
----------------- Invoking toplevel() on ptolemy.moml.MoMLSimpleApplication@6177acff
----------------- Done invoking toplevel() on ptolemy.moml.MoMLSimpleApplication@6177acff
reloadAllAccessors: .LazySubClassModel

===========================================================================================
----------------- testing Mon Oct 05 15:46:10 UTC 2020 /home/travis/build/icyphy/ptII/ptolemy/actor/lib/test/auto/LevelCrossTest1.xml
----------------- Instantiating /home/travis/build/icyphy/ptII/ptolemy/actor/lib/test/auto/LevelCrossTest1.xml
1 ms. Memory: 461824K Free: 144105K (31%)
----------------- Invoking toplevel() on ptolemy.moml.MoMLSimpleApplication@438464d3
----------------- Done invoking toplevel() on ptolemy.moml.MoMLSimpleApplication@438464d3
reloadAllAccessors: .broken

===========================================================================================
----------------- testing Mon Oct 05 15:46:10 UTC 2020 /home/travis/build/icyphy/ptII/ptolemy/actor/lib/test/auto/LevelCrossTest10.xml
----------------- Instantiating /home/travis/build/icyphy/ptII/ptolemy/actor/lib/test/auto/LevelCrossTest10.xml
1 ms. Memory: 461824K Free: 409947K (89%)
----------------- Invoking toplevel() on ptolemy.moml.MoMLSimpleApplication@69273fcd
----------------- Done invoking toplevel() on ptolemy.moml.MoMLSimpleApplication@69273fcd
reloadAllAccessors: .LevelCrossTest10

===========================================================================================
----------------- testing Mon Oct 05 15:46:10 UTC 2020 /home/travis/build/icyphy/ptII/ptolemy/actor/lib/test/auto/LevelCrossTest11.xml
----------------- Instantiating /home/travis/build/icyphy/ptII/ptolemy/actor/lib/test/auto/LevelCrossTest11.xml
3 ms. Memory: 461824K Free: 403293K (87%)
----------------- Invoking toplevel() on ptolemy.moml.MoMLSimpleApplication@1a9c360c
----------------- Done invoking toplevel() on ptolemy.moml.MoMLSimpleApplication@1a9c360c
reloadAllAccessors: .LevelCrossTest11

===========================================================================================
----------------- testing Mon Oct 05 15:46:10 UTC 2020 /home/travis/build/icyphy/ptII/ptolemy/actor/lib/test/auto/LevelCrossTest12.xml
----------------- Instantiating /home/travis/build/icyphy/ptII/ptolemy/actor/lib/test/auto/LevelCrossTest12.xml
1 ms. Memory: 461824K Free: 396125K (86%)
----------------- Invoking toplevel() on ptolemy.moml.MoMLSimpleApplication@7f773f85
----------------- Done invoking toplevel() on ptolemy.moml.MoMLSimpleApplication@7f773f85
reloadAllAccessors: .LevelCrossTest12

===========================================================================================
----------------- testing Mon Oct 05 15:46:10 UTC 2020 /home/travis/build/icyphy/ptII/ptolemy/actor/lib/test/auto/LevelCrossTest13.xml
----------------- Instantiating /home/travis/build/icyphy/ptII/ptolemy/actor/lib/test/auto/LevelCrossTest13.xml
1 ms. Memory: 461824K Free: 388443K (84%)
----------------- Invoking toplevel() on ptolemy.moml.MoMLSimpleApplication@1fb34a72
----------------- Done invoking toplevel() on ptolemy.moml.MoMLSimpleApplication@1fb34a72
reloadAllAccessors: .LevelCrossTest13

===========================================================================================
----------------- testing Mon Oct 05 15:46:10 UTC 2020 /home/travis/build/icyphy/ptII/ptolemy/actor/lib/test/auto/LevelCrossTest2.xml
----------------- Instantiating /home/travis/build/icyphy/ptII/ptolemy/actor/lib/test/auto/LevelCrossTest2.xml
2 ms. Memory: 461824K Free: 382813K (83%)
----------------- Invoking toplevel() on ptolemy.moml.MoMLSimpleApplication@2efca7cc
----------------- Done invoking toplevel() on ptolemy.moml.MoMLSimpleApplication@2efca7cc
reloadAllAccessors: .broken

===========================================================================================
----------------- testing Mon Oct 05 15:46:10 UTC 2020 /home/travis/build/icyphy/ptII/ptolemy/actor/lib/test/auto/LevelCrossTest3.xml
----------------- Instantiating /home/travis/build/icyphy/ptII/ptolemy/actor/lib/test/auto/LevelCrossTest3.xml
1 ms. Memory: 461824K Free: 376669K (82%)
----------------- Invoking toplevel() on ptolemy.moml.MoMLSimpleApplication@5622da24
----------------- Done invoking toplevel() on ptolemy.moml.MoMLSimpleApplication@5622da24
reloadAllAccessors: .LevelCrossTest3

===========================================================================================
----------------- testing Mon Oct 05 15:46:10 UTC 2020 /home/travis/build/icyphy/ptII/ptolemy/actor/lib/test/auto/LevelCrossTest4.xml
----------------- Instantiating /home/travis/build/icyphy/ptII/ptolemy/actor/lib/test/auto/LevelCrossTest4.xml
1 ms. Memory: 461824K Free: 371549K (80%)
----------------- Invoking toplevel() on ptolemy.moml.MoMLSimpleApplication@6fefabaf
----------------- Done invoking toplevel() on ptolemy.moml.MoMLSimpleApplication@6fefabaf
reloadAllAccessors: .broken

===========================================================================================
----------------- testing Mon Oct 05 15:46:10 UTC 2020 /home/travis/build/icyphy/ptII/ptolemy/actor/lib/test/auto/LevelCrossTest5.xml
----------------- Instantiating /home/travis/build/icyphy/ptII/ptolemy/actor/lib/test/auto/LevelCrossTest5.xml
1 ms. Memory: 461824K Free: 363867K (79%)
----------------- Invoking toplevel() on ptolemy.moml.MoMLSimpleApplication@61cb6634
----------------- Done invoking toplevel() on ptolemy.moml.MoMLSimpleApplication@61cb6634
reloadAllAccessors: .LevelCrossTest5

===========================================================================================
----------------- testing Mon Oct 05 15:46:10 UTC 2020 /home/travis/build/icyphy/ptII/ptolemy/actor/lib/test/auto/LevelCrossTest6.xml
----------------- Instantiating /home/travis/build/icyphy/ptII/ptolemy/actor/lib/test/auto/LevelCrossTest6.xml
6 ms. Memory: 461824K Free: 357693K (77%)
----------------- Invoking toplevel() on ptolemy.moml.MoMLSimpleApplication@45d2e642
----------------- Done invoking toplevel() on ptolemy.moml.MoMLSimpleApplication@45d2e642
reloadAllAccessors: .LevelCrossTest6

===========================================================================================
----------------- testing Mon Oct 05 15:46:10 UTC 2020 /home/travis/build/icyphy/ptII/ptolemy/actor/lib/test/auto/LevelCrossTest7.xml
----------------- Instantiating /home/travis/build/icyphy/ptII/ptolemy/actor/lib/test/auto/LevelCrossTest7.xml
13 ms. Memory: 461824K Free: 350045K (76%)
----------------- Invoking toplevel() on ptolemy.moml.MoMLSimpleApplication@48503d3b
----------------- Done invoking toplevel() on ptolemy.moml.MoMLSimpleApplication@48503d3b
reloadAllAccessors: .LevelCrossTest7

===========================================================================================
----------------- testing Mon Oct 05 15:46:10 UTC 2020 /home/travis/build/icyphy/ptII/ptolemy/actor/lib/test/auto/LevelCrossTest8.xml
----------------- Instantiating /home/travis/build/icyphy/ptII/ptolemy/actor/lib/test/auto/LevelCrossTest8.xml
2 ms. Memory: 461824K Free: 342363K (74%)
----------------- Invoking toplevel() on ptolemy.moml.MoMLSimpleApplication@154e7e5c
----------------- Done invoking toplevel() on ptolemy.moml.MoMLSimpleApplication@154e7e5c
reloadAllAccessors: .LevelCrossTest8

===========================================================================================
----------------- testing Mon Oct 05 15:46:10 UTC 2020 /home/travis/build/icyphy/ptII/ptolemy/actor/lib/test/auto/LevelCrossTest9.xml
----------------- Instantiating /home/travis/build/icyphy/ptII/ptolemy/actor/lib/test/auto/LevelCrossTest9.xml
2 ms. Memory: 461824K Free: 336219K (73%)
----------------- Invoking toplevel() on ptolemy.moml.MoMLSimpleApplication@3a060141
----------------- Done invoking toplevel() on ptolemy.moml.MoMLSimpleApplication@3a060141
reloadAllAccessors: .LevelCrossTest9

===========================================================================================
----------------- testing Mon Oct 05 15:46:10 UTC 2020 /home/travis/build/icyphy/ptII/ptolemy/actor/lib/test/auto/LevinsonDurbin.xml
----------------- Instantiating /home/travis/build/icyphy/ptII/ptolemy/actor/lib/test/auto/LevinsonDurbin.xml
11 ms. Memory: 461824K Free: 332123K (72%)
----------------- Invoking toplevel() on ptolemy.moml.MoMLSimpleApplication@4a0e5e8d
----------------- Done invoking toplevel() on ptolemy.moml.MoMLSimpleApplication@4a0e5e8d
reloadAllAccessors: .LevinsonDurbin

===========================================================================================
----------------- testing Mon Oct 05 15:46:10 UTC 2020 /home/travis/build/icyphy/ptII/ptolemy/actor/lib/test/auto/LevinsonDurbin2.xml
----------------- Instantiating /home/travis/build/icyphy/ptII/ptolemy/actor/lib/test/auto/LevinsonDurbin2.xml
2 ms. Memory: 461824K Free: 328027K (71%)
----------------- Invoking toplevel() on ptolemy.moml.MoMLSimpleApplication@58a6b8d1
----------------- Done invoking toplevel() on ptolemy.moml.MoMLSimpleApplication@58a6b8d1
reloadAllAccessors: .LevinsonDurbin2

===========================================================================================
----------------- testing Mon Oct 05 15:46:10 UTC 2020 /home/travis/build/icyphy/ptII/ptolemy/actor/lib/test/auto/LevinsonDurbin3.xml
----------------- Instantiating /home/travis/build/icyphy/ptII/ptolemy/actor/lib/test/auto/LevinsonDurbin3.xml
2 ms. Memory: 461824K Free: 323931K (70%)
----------------- Invoking toplevel() on ptolemy.moml.MoMLSimpleApplication@79532bdb
----------------- Done invoking toplevel() on ptolemy.moml.MoMLSimpleApplication@79532bdb
reloadAllAccessors: .LevinsonDurbin3

===========================================================================================
----------------- testing Mon Oct 05 15:46:10 UTC 2020 /home/travis/build/icyphy/ptII/ptolemy/actor/lib/test/auto/Limiter.xml
----------------- Instantiating /home/travis/build/icyphy/ptII/ptolemy/actor/lib/test/auto/Limiter.xml
4 ms. Memory: 461824K Free: 314709K (68%)
----------------- Invoking toplevel() on ptolemy.moml.MoMLSimpleApplication@57866711
----------------- Done invoking toplevel() on ptolemy.moml.MoMLSimpleApplication@57866711
reloadAllAccessors: .Limiter

===========================================================================================
----------------- testing Mon Oct 05 15:46:10 UTC 2020 /home/travis/build/icyphy/ptII/ptolemy/actor/lib/test/auto/LinearDifferenceEquationSystem.xml
----------------- Instantiating /home/travis/build/icyphy/ptII/ptolemy/actor/lib/test/auto/LinearDifferenceEquationSystem.xml
5 ms. Memory: 461824K Free: 307547K (67%)
----------------- Invoking toplevel() on ptolemy.moml.MoMLSimpleApplication@627b4d75
----------------- Done invoking toplevel() on ptolemy.moml.MoMLSimpleApplication@627b4d75
reloadAllAccessors: .LinearDifferenceEquationSystem

===========================================================================================
----------------- testing Mon Oct 05 15:46:10 UTC 2020 /home/travis/build/icyphy/ptII/ptolemy/actor/lib/test/auto/LookupTable.xml
----------------- Instantiating /home/travis/build/icyphy/ptII/ptolemy/actor/lib/test/auto/LookupTable.xml
2 ms. Memory: 461824K Free: 302941K (66%)
----------------- Invoking toplevel() on ptolemy.moml.MoMLSimpleApplication@386fd53a
----------------- Done invoking toplevel() on ptolemy.moml.MoMLSimpleApplication@386fd53a
reloadAllAccessors: .LookupTable

===========================================================================================
----------------- testing Mon Oct 05 15:46:10 UTC 2020 /home/travis/build/icyphy/ptII/ptolemy/actor/lib/test/auto/MathFunction.xml
----------------- Instantiating /home/travis/build/icyphy/ptII/ptolemy/actor/lib/test/auto/MathFunction.xml
3 ms. Memory: 461824K Free: 294749K (64%)
----------------- Invoking toplevel() on ptolemy.moml.MoMLSimpleApplication@17982c33
----------------- Done invoking toplevel() on ptolemy.moml.MoMLSimpleApplication@17982c33
reloadAllAccessors: .MathFunction

===========================================================================================
----------------- testing Mon Oct 05 15:46:10 UTC 2020 /home/travis/build/icyphy/ptII/ptolemy/actor/lib/test/auto/MathFunction2.xml
----------------- Instantiating /home/travis/build/icyphy/ptII/ptolemy/actor/lib/test/auto/MathFunction2.xml
1 ms. Memory: 461824K Free: 290653K (63%)
----------------- Invoking toplevel() on ptolemy.moml.MoMLSimpleApplication@61fe56c
----------------- Done invoking toplevel() on ptolemy.moml.MoMLSimpleApplication@61fe56c
reloadAllAccessors: .MathFunction2

===========================================================================================
----------------- testing Mon Oct 05 15:46:10 UTC 2020 /home/travis/build/icyphy/ptII/ptolemy/actor/lib/test/auto/MathFunction3.xml
----------------- Instantiating /home/travis/build/icyphy/ptII/ptolemy/actor/lib/test/auto/MathFunction3.xml
2 ms. Memory: 461824K Free: 283485K (61%)
----------------- Invoking toplevel() on ptolemy.moml.MoMLSimpleApplication@7d7d73fc
----------------- Done invoking toplevel() on ptolemy.moml.MoMLSimpleApplication@7d7d73fc
reloadAllAccessors: .MathFunction3

===========================================================================================
----------------- testing Mon Oct 05 15:46:10 UTC 2020 /home/travis/build/icyphy/ptII/ptolemy/actor/lib/test/auto/MatrixCropBoolean.xml
----------------- Instantiating /home/travis/build/icyphy/ptII/ptolemy/actor/lib/test/auto/MatrixCropBoolean.xml
1 ms. Memory: 461824K Free: 278365K (60%)
----------------- Invoking toplevel() on ptolemy.moml.MoMLSimpleApplication@714a5a75
----------------- Done invoking toplevel() on ptolemy.moml.MoMLSimpleApplication@714a5a75
reloadAllAccessors: .MatrixCropBoolean

===========================================================================================
----------------- testing Mon Oct 05 15:46:10 UTC 2020 /home/travis/build/icyphy/ptII/ptolemy/actor/lib/test/auto/MatrixCropComplex.xml
----------------- Instantiating /home/travis/build/icyphy/ptII/ptolemy/actor/lib/test/auto/MatrixCropComplex.xml
2 ms. Memory: 461824K Free: 273725K (59%)
----------------- Invoking toplevel() on ptolemy.moml.MoMLSimpleApplication@3a4f244f
----------------- Done invoking toplevel() on ptolemy.moml.MoMLSimpleApplication@3a4f244f
reloadAllAccessors: .MatrixCropComplex

===========================================================================================
----------------- testing Mon Oct 05 15:46:10 UTC 2020 /home/travis/build/icyphy/ptII/ptolemy/actor/lib/test/auto/MatrixCropDouble.xml
----------------- Instantiating /home/travis/build/icyphy/ptII/ptolemy/actor/lib/test/auto/MatrixCropDouble.xml
2 ms. Memory: 461824K Free: 268621K (58%)
----------------- Invoking toplevel() on ptolemy.moml.MoMLSimpleApplication@1b13d435
----------------- Done invoking toplevel() on ptolemy.moml.MoMLSimpleApplication@1b13d435
reloadAllAccessors: .MatrixCropDouble

===========================================================================================
----------------- testing Mon Oct 05 15:46:10 UTC 2020 /home/travis/build/icyphy/ptII/ptolemy/actor/lib/test/auto/MatrixCropFix.xml
----------------- Instantiating /home/travis/build/icyphy/ptII/ptolemy/actor/lib/test/auto/MatrixCropFix.xml
1 ms. Memory: 461824K Free: 263509K (57%)
----------------- Invoking toplevel() on ptolemy.moml.MoMLSimpleApplication@32632908
----------------- Done invoking toplevel() on ptolemy.moml.MoMLSimpleApplication@32632908
reloadAllAccessors: .MatrixCropFix

===========================================================================================
----------------- testing Mon Oct 05 15:46:10 UTC 2020 /home/travis/build/icyphy/ptII/ptolemy/actor/lib/test/auto/MatrixCropInt.xml
----------------- Instantiating /home/travis/build/icyphy/ptII/ptolemy/actor/lib/test/auto/MatrixCropInt.xml
1 ms. Memory: 461824K Free: 258909K (56%)
----------------- Invoking toplevel() on ptolemy.moml.MoMLSimpleApplication@12a9ded0
----------------- Done invoking toplevel() on ptolemy.moml.MoMLSimpleApplication@12a9ded0
reloadAllAccessors: .MatrixCropInt

===========================================================================================
----------------- testing Mon Oct 05 15:46:10 UTC 2020 /home/travis/build/icyphy/ptII/ptolemy/actor/lib/test/auto/MatrixCropLong.xml
----------------- Instantiating /home/travis/build/icyphy/ptII/ptolemy/actor/lib/test/auto/MatrixCropLong.xml
2 ms. Memory: 461824K Free: 253261K (55%)
----------------- Invoking toplevel() on ptolemy.moml.MoMLSimpleApplication@66417c29
----------------- Done invoking toplevel() on ptolemy.moml.MoMLSimpleApplication@66417c29
reloadAllAccessors: .MatrixCropLong

===========================================================================================
----------------- testing Mon Oct 05 15:46:10 UTC 2020 /home/travis/build/icyphy/ptII/ptolemy/actor/lib/test/auto/MatrixToArray.xml
----------------- Instantiating /home/travis/build/icyphy/ptII/ptolemy/actor/lib/test/auto/MatrixToArray.xml
8 ms. Memory: 461824K Free: 238429K (52%)
----------------- Invoking toplevel() on ptolemy.moml.MoMLSimpleApplication@57006efd
----------------- Done invoking toplevel() on ptolemy.moml.MoMLSimpleApplication@57006efd
reloadAllAccessors: .MatrixToArray

===========================================================================================
----------------- testing Mon Oct 05 15:46:10 UTC 2020 /home/travis/build/icyphy/ptII/ptolemy/actor/lib/test/auto/MaxIndex.xml
----------------- Instantiating /home/travis/build/icyphy/ptII/ptolemy/actor/lib/test/auto/MaxIndex.xml
2 ms. Memory: 461824K Free: 233309K (51%)
----------------- Invoking toplevel() on ptolemy.moml.MoMLSimpleApplication@1d7a13ad
----------------- Done invoking toplevel() on ptolemy.moml.MoMLSimpleApplication@1d7a13ad
reloadAllAccessors: .MaxIndex

===========================================================================================
----------------- testing Mon Oct 05 15:46:10 UTC 2020 /home/travis/build/icyphy/ptII/ptolemy/actor/lib/test/auto/Maximum.xml
----------------- Instantiating /home/travis/build/icyphy/ptII/ptolemy/actor/lib/test/auto/Maximum.xml
4 ms. Memory: 461824K Free: 226621K (49%)
----------------- Invoking toplevel() on ptolemy.moml.MoMLSimpleApplication@236b992e
----------------- Done invoking toplevel() on ptolemy.moml.MoMLSimpleApplication@236b992e
reloadAllAccessors: .Maximum

===========================================================================================
----------------- testing Mon Oct 05 15:46:10 UTC 2020 /home/travis/build/icyphy/ptII/ptolemy/actor/lib/test/auto/MaximumComplex.xml
----------------- Instantiating /home/travis/build/icyphy/ptII/ptolemy/actor/lib/test/auto/MaximumComplex.xml
4 ms. Memory: 461824K Free: 220493K (48%)
----------------- Invoking toplevel() on ptolemy.moml.MoMLSimpleApplication@4c518c8b
----------------- Done invoking toplevel() on ptolemy.moml.MoMLSimpleApplication@4c518c8b
reloadAllAccessors: .MaximumComplex

===========================================================================================
----------------- testing Mon Oct 05 15:46:10 UTC 2020 /home/travis/build/icyphy/ptII/ptolemy/actor/lib/test/auto/MethodCallTest.xml
----------------- Instantiating /home/travis/build/icyphy/ptII/ptolemy/actor/lib/test/auto/MethodCallTest.xml
2 ms. Memory: 461824K Free: 213853K (46%)
----------------- Invoking toplevel() on ptolemy.moml.MoMLSimpleApplication@6e94f61a
----------------- Done invoking toplevel() on ptolemy.moml.MoMLSimpleApplication@6e94f61a
reloadAllAccessors: .MethodCallTest

===========================================================================================
----------------- testing Mon Oct 05 15:46:10 UTC 2020 /home/travis/build/icyphy/ptII/ptolemy/actor/lib/test/auto/Minimum.xml
----------------- Instantiating /home/travis/build/icyphy/ptII/ptolemy/actor/lib/test/auto/Minimum.xml
3 ms. Memory: 461824K Free: 207181K (45%)
----------------- Invoking toplevel() on ptolemy.moml.MoMLSimpleApplication@19aa463c
----------------- Done invoking toplevel() on ptolemy.moml.MoMLSimpleApplication@19aa463c
reloadAllAccessors: .Minimum

===========================================================================================
----------------- testing Mon Oct 05 15:46:10 UTC 2020 /home/travis/build/icyphy/ptII/ptolemy/actor/lib/test/auto/MinimumComplex.xml
----------------- Instantiating /home/travis/build/icyphy/ptII/ptolemy/actor/lib/test/auto/MinimumComplex.xml
3 ms. Memory: 461824K Free: 201021K (44%)
----------------- Invoking toplevel() on ptolemy.moml.MoMLSimpleApplication@1308a904
----------------- Done invoking toplevel() on ptolemy.moml.MoMLSimpleApplication@1308a904
reloadAllAccessors: .MinimumComplex

===========================================================================================
----------------- testing Mon Oct 05 15:46:10 UTC 2020 /home/travis/build/icyphy/ptII/ptolemy/actor/lib/test/auto/MinimumMultiports.xml
----------------- Instantiating /home/travis/build/icyphy/ptII/ptolemy/actor/lib/test/auto/MinimumMultiports.xml
3 ms. Memory: 461824K Free: 192349K (42%)
----------------- Invoking toplevel() on ptolemy.moml.MoMLSimpleApplication@76c123a5
----------------- Done invoking toplevel() on ptolemy.moml.MoMLSimpleApplication@76c123a5
reloadAllAccessors: .MinimumMultiports

===========================================================================================
----------------- testing Mon Oct 05 15:46:10 UTC 2020 /home/travis/build/icyphy/ptII/ptolemy/actor/lib/test/auto/ModifyDate.xml
----------------- Instantiating /home/travis/build/icyphy/ptII/ptolemy/actor/lib/test/auto/ModifyDate.xml
7 ms. Memory: 461824K Free: 179547K (39%)
----------------- Invoking toplevel() on ptolemy.moml.MoMLSimpleApplication@70934c98
----------------- Done invoking toplevel() on ptolemy.moml.MoMLSimpleApplication@70934c98
reloadAllAccessors: .ModifyDate

===========================================================================================
----------------- testing Mon Oct 05 15:46:10 UTC 2020 /home/travis/build/icyphy/ptII/ptolemy/actor/lib/test/auto/ModifyDate2.xml
----------------- Instantiating /home/travis/build/icyphy/ptII/ptolemy/actor/lib/test/auto/ModifyDate2.xml
5 ms. Memory: 461824K Free: 170845K (37%)
----------------- Invoking toplevel() on ptolemy.moml.MoMLSimpleApplication@6f01239a
----------------- Done invoking toplevel() on ptolemy.moml.MoMLSimpleApplication@6f01239a
reloadAllAccessors: .ModifyDate2

===========================================================================================
----------------- testing Mon Oct 05 15:46:10 UTC 2020 /home/travis/build/icyphy/ptII/ptolemy/actor/lib/test/auto/MovingAverage.xml
----------------- Instantiating /home/travis/build/icyphy/ptII/ptolemy/actor/lib/test/auto/MovingAverage.xml
1 ms. Memory: 461824K Free: 165725K (36%)
----------------- Invoking toplevel() on ptolemy.moml.MoMLSimpleApplication@11ab272e
----------------- Done invoking toplevel() on ptolemy.moml.MoMLSimpleApplication@11ab272e
reloadAllAccessors: .MovingAverage

===========================================================================================
----------------- testing Mon Oct 05 15:46:10 UTC 2020 /home/travis/build/icyphy/ptII/ptolemy/actor/lib/test/auto/MovingMaximum.xml
----------------- Instantiating /home/travis/build/icyphy/ptII/ptolemy/actor/lib/test/auto/MovingMaximum.xml
1 ms. Memory: 461824K Free: 161115K (35%)
----------------- Invoking toplevel() on ptolemy.moml.MoMLSimpleApplication@48f82715
----------------- Done invoking toplevel() on ptolemy.moml.MoMLSimpleApplication@48f82715
reloadAllAccessors: .MovingMaximum

===========================================================================================
----------------- testing Mon Oct 05 15:46:10 UTC 2020 /home/travis/build/icyphy/ptII/ptolemy/actor/lib/test/auto/MultipleLinksToSameRelation.xml
----------------- Instantiating /home/travis/build/icyphy/ptII/ptolemy/actor/lib/test/auto/MultipleLinksToSameRelation.xml
4 ms. Memory: 461824K Free: 157019K (34%)
----------------- Invoking toplevel() on ptolemy.moml.MoMLSimpleApplication@18ad3c98
----------------- Done invoking toplevel() on ptolemy.moml.MoMLSimpleApplication@18ad3c98
reloadAllAccessors: .MultipleLinksToSameRelation

===========================================================================================
----------------- testing Mon Oct 05 15:46:10 UTC 2020 /home/travis/build/icyphy/ptII/ptolemy/actor/lib/test/auto/MultipleLinksToSameRelationDE.xml
----------------- Instantiating /home/travis/build/icyphy/ptII/ptolemy/actor/lib/test/auto/MultipleLinksToSameRelationDE.xml
2 ms. Memory: 461824K Free: 152413K (33%)
----------------- Invoking toplevel() on ptolemy.moml.MoMLSimpleApplication@74f2f845
----------------- Done invoking toplevel() on ptolemy.moml.MoMLSimpleApplication@74f2f845
reloadAllAccessors: .MultipleLinksToSameRelationDE

===========================================================================================
----------------- testing Mon Oct 05 15:46:10 UTC 2020 /home/travis/build/icyphy/ptII/ptolemy/actor/lib/test/auto/Multiplexor.xml
----------------- Instantiating /home/travis/build/icyphy/ptII/ptolemy/actor/lib/test/auto/Multiplexor.xml
2 ms. Memory: 461824K Free: 146779K (32%)
----------------- Invoking toplevel() on ptolemy.moml.MoMLSimpleApplication@49b63a48
----------------- Done invoking toplevel() on ptolemy.moml.MoMLSimpleApplication@49b63a48
reloadAllAccessors: .Multiplexor

===========================================================================================
----------------- testing Mon Oct 05 15:46:10 UTC 2020 /home/travis/build/icyphy/ptII/ptolemy/actor/lib/test/auto/Multiplexor1.xml
----------------- Instantiating /home/travis/build/icyphy/ptII/ptolemy/actor/lib/test/auto/Multiplexor1.xml
2 ms. Memory: 461824K Free: 141149K (31%)
----------------- Invoking toplevel() on ptolemy.moml.MoMLSimpleApplication@4d079b69
----------------- Done invoking toplevel() on ptolemy.moml.MoMLSimpleApplication@4d079b69
reloadAllAccessors: .Multiplexor1

===========================================================================================
----------------- testing Mon Oct 05 15:46:10 UTC 2020 /home/travis/build/icyphy/ptII/ptolemy/actor/lib/test/auto/Multiplexor2.xml
----------------- Instantiating /home/travis/build/icyphy/ptII/ptolemy/actor/lib/test/auto/Multiplexor2.xml
5 ms. Memory: 461824K Free: 407965K (88%)
----------------- Invoking toplevel() on ptolemy.moml.MoMLSimpleApplication@62a3c02d
----------------- Done invoking toplevel() on ptolemy.moml.MoMLSimpleApplication@62a3c02d
reloadAllAccessors: .Multiplexor2

===========================================================================================
----------------- testing Mon Oct 05 15:46:10 UTC 2020 /home/travis/build/icyphy/ptII/ptolemy/actor/lib/test/auto/Multiplexor3.xml
----------------- Instantiating /home/travis/build/icyphy/ptII/ptolemy/actor/lib/test/auto/Multiplexor3.xml
2 ms. Memory: 461824K Free: 403367K (87%)
----------------- Invoking toplevel() on ptolemy.moml.MoMLSimpleApplication@48697c59
----------------- Done invoking toplevel() on ptolemy.moml.MoMLSimpleApplication@48697c59
reloadAllAccessors: .Multiplexor3

===========================================================================================
----------------- testing Mon Oct 05 15:46:10 UTC 2020 /home/travis/build/icyphy/ptII/ptolemy/actor/lib/test/auto/MultiplexorDE.xml
----------------- Instantiating /home/travis/build/icyphy/ptII/ptolemy/actor/lib/test/auto/MultiplexorDE.xml
2 ms. Memory: 461824K Free: 395679K (86%)
----------------- Invoking toplevel() on ptolemy.moml.MoMLSimpleApplication@7ad3475c
----------------- Done invoking toplevel() on ptolemy.moml.MoMLSimpleApplication@7ad3475c
reloadAllAccessors: .MultiplexorDE

===========================================================================================
----------------- testing Mon Oct 05 15:46:10 UTC 2020 /home/travis/build/icyphy/ptII/ptolemy/actor/lib/test/auto/MultiportBroadcastTest.xml
----------------- Instantiating /home/travis/build/icyphy/ptII/ptolemy/actor/lib/test/auto/MultiportBroadcastTest.xml
82 ms. Memory: 461824K Free: 389541K (84%)
----------------- Invoking toplevel() on ptolemy.moml.MoMLSimpleApplication@5c8189de
----------------- Done invoking toplevel() on ptolemy.moml.MoMLSimpleApplication@5c8189de
reloadAllAccessors: .MultiportBroadcastTest

===========================================================================================
----------------- testing Mon Oct 05 15:46:11 UTC 2020 /home/travis/build/icyphy/ptII/ptolemy/actor/lib/test/auto/MultiportOutHangDuringGetWidth.xml
----------------- Instantiating /home/travis/build/icyphy/ptII/ptolemy/actor/lib/test/auto/MultiportOutHangDuringGetWidth.xml
4 ms. Memory: 461824K Free: 377767K (82%)
----------------- Invoking toplevel() on ptolemy.moml.MoMLSimpleApplication@1051b64f
----------------- Done invoking toplevel() on ptolemy.moml.MoMLSimpleApplication@1051b64f
reloadAllAccessors: .MultiportOutHangDuringGetWidth

===========================================================================================
----------------- testing Mon Oct 05 15:46:11 UTC 2020 /home/travis/build/icyphy/ptII/ptolemy/actor/lib/test/auto/NilToken.xml
----------------- Instantiating /home/travis/build/icyphy/ptII/ptolemy/actor/lib/test/auto/NilToken.xml
1 ms. Memory: 461824K Free: 373671K (81%)
----------------- Invoking toplevel() on ptolemy.moml.MoMLSimpleApplication@56b74e91
----------------- Done invoking toplevel() on ptolemy.moml.MoMLSimpleApplication@56b74e91
reloadAllAccessors: .NilToken

===========================================================================================
----------------- testing Mon Oct 05 15:46:11 UTC 2020 /home/travis/build/icyphy/ptII/ptolemy/actor/lib/test/auto/NilTokenNonStrictTest.xml
----------------- Instantiating /home/travis/build/icyphy/ptII/ptolemy/actor/lib/test/auto/NilTokenNonStrictTest.xml
2 ms. Memory: 461824K Free: 369061K (80%)
----------------- Invoking toplevel() on ptolemy.moml.MoMLSimpleApplication@67926ab
----------------- Done invoking toplevel() on ptolemy.moml.MoMLSimpleApplication@67926ab
reloadAllAccessors: .NilTokenNonStrictTest

===========================================================================================
----------------- testing Mon Oct 05 15:46:11 UTC 2020 /home/travis/build/icyphy/ptII/ptolemy/actor/lib/test/auto/NilTokenRecord.xml
----------------- Instantiating /home/travis/build/icyphy/ptII/ptolemy/actor/lib/test/auto/NilTokenRecord.xml
5 ms. Memory: 461824K Free: 362407K (78%)
----------------- Invoking toplevel() on ptolemy.moml.MoMLSimpleApplication@3087d06b
----------------- Done invoking toplevel() on ptolemy.moml.MoMLSimpleApplication@3087d06b
reloadAllAccessors: .NilTokenRecord

===========================================================================================
----------------- testing Mon Oct 05 15:46:11 UTC 2020 /home/travis/build/icyphy/ptII/ptolemy/actor/lib/test/auto/NilTokenTypeTest.xml
----------------- Instantiating /home/travis/build/icyphy/ptII/ptolemy/actor/lib/test/auto/NilTokenTypeTest.xml
9 ms. Memory: 461824K Free: 352677K (76%)
----------------- Invoking toplevel() on ptolemy.moml.MoMLSimpleApplication@b58d0c4
----------------- Done invoking toplevel() on ptolemy.moml.MoMLSimpleApplication@b58d0c4
reloadAllAccessors: .NilTokenTypeTest

===========================================================================================
----------------- testing Mon Oct 05 15:46:11 UTC 2020 /home/travis/build/icyphy/ptII/ptolemy/actor/lib/test/auto/ObjectToken1.xml
----------------- Instantiating /home/travis/build/icyphy/ptII/ptolemy/actor/lib/test/auto/ObjectToken1.xml
3 ms. Memory: 461824K Free: 348581K (75%)
----------------- Invoking toplevel() on ptolemy.moml.MoMLSimpleApplication@62efe02a
----------------- Done invoking toplevel() on ptolemy.moml.MoMLSimpleApplication@62efe02a
reloadAllAccessors: .ObjectToken1

===========================================================================================
----------------- testing Mon Oct 05 15:46:11 UTC 2020 /home/travis/build/icyphy/ptII/ptolemy/actor/lib/test/auto/OrderedMerge.xml
----------------- Instantiating /home/travis/build/icyphy/ptII/ptolemy/actor/lib/test/auto/OrderedMerge.xml
12 ms. Memory: 461824K Free: 342951K (74%)
----------------- Invoking toplevel() on ptolemy.moml.MoMLSimpleApplication@6827307b
----------------- Done invoking toplevel() on ptolemy.moml.MoMLSimpleApplication@6827307b
reloadAllAccessors: .OrderedMerge

===========================================================================================
----------------- testing Mon Oct 05 15:46:11 UTC 2020 /home/travis/build/icyphy/ptII/ptolemy/actor/lib/test/auto/OrderedRecordDisassembler.xml
----------------- Instantiating /home/travis/build/icyphy/ptII/ptolemy/actor/lib/test/auto/OrderedRecordDisassembler.xml
2 ms. Memory: 461824K Free: 337831K (73%)
----------------- Invoking toplevel() on ptolemy.moml.MoMLSimpleApplication@7288e468
----------------- Done invoking toplevel() on ptolemy.moml.MoMLSimpleApplication@7288e468
reloadAllAccessors: .OrderedRecordDisassembler

===========================================================================================
----------------- testing Mon Oct 05 15:46:11 UTC 2020 /home/travis/build/icyphy/ptII/ptolemy/actor/lib/test/auto/OrderedRecordDisassembler2.xml
----------------- Instantiating /home/travis/build/icyphy/ptII/ptolemy/actor/lib/test/auto/OrderedRecordDisassembler2.xml
5 ms. Memory: 461824K Free: 330119K (71%)
----------------- Invoking toplevel() on ptolemy.moml.MoMLSimpleApplication@663dd767
----------------- Done invoking toplevel() on ptolemy.moml.MoMLSimpleApplication@663dd767
reloadAllAccessors: .OrderedRecordDisassembler2

===========================================================================================
----------------- testing Mon Oct 05 15:46:11 UTC 2020 /home/travis/build/icyphy/ptII/ptolemy/actor/lib/test/auto/OrderedRecordUpdater.xml
----------------- Instantiating /home/travis/build/icyphy/ptII/ptolemy/actor/lib/test/auto/OrderedRecordUpdater.xml
1 ms. Memory: 461824K Free: 325029K (70%)
----------------- Invoking toplevel() on ptolemy.moml.MoMLSimpleApplication@34346d43
----------------- Done invoking toplevel() on ptolemy.moml.MoMLSimpleApplication@34346d43
reloadAllAccessors: .RecordUpdater

===========================================================================================
----------------- testing Mon Oct 05 15:46:11 UTC 2020 /home/travis/build/icyphy/ptII/ptolemy/actor/lib/test/auto/OrderedRecordUpdater2.xml
----------------- Instantiating /home/travis/build/icyphy/ptII/ptolemy/actor/lib/test/auto/OrderedRecordUpdater2.xml
3 ms. Memory: 461824K Free: 319909K (69%)
----------------- Invoking toplevel() on ptolemy.moml.MoMLSimpleApplication@2e6b0a73
----------------- Done invoking toplevel() on ptolemy.moml.MoMLSimpleApplication@2e6b0a73
reloadAllAccessors: .RecordUpdater2

===========================================================================================
----------------- testing Mon Oct 05 15:46:11 UTC 2020 /home/travis/build/icyphy/ptII/ptolemy/actor/lib/test/auto/PhaseUnwrap.xml
----------------- Instantiating /home/travis/build/icyphy/ptII/ptolemy/actor/lib/test/auto/PhaseUnwrap.xml
2 ms. Memory: 461824K Free: 315303K (68%)
----------------- Invoking toplevel() on ptolemy.moml.MoMLSimpleApplication@7cd4b107
----------------- Done invoking toplevel() on ptolemy.moml.MoMLSimpleApplication@7cd4b107
reloadAllAccessors: .PhaseUnwrap

===========================================================================================
----------------- testing Mon Oct 05 15:46:11 UTC 2020 /home/travis/build/icyphy/ptII/ptolemy/actor/lib/test/auto/PoissonClock.xml
----------------- Instantiating /home/travis/build/icyphy/ptII/ptolemy/actor/lib/test/auto/PoissonClock.xml
2 ms. Memory: 461824K Free: 311207K (67%)
----------------- Invoking toplevel() on ptolemy.moml.MoMLSimpleApplication@33b29a92
----------------- Done invoking toplevel() on ptolemy.moml.MoMLSimpleApplication@33b29a92
reloadAllAccessors: .PoissonClock

===========================================================================================
----------------- testing Mon Oct 05 15:46:11 UTC 2020 /home/travis/build/icyphy/ptII/ptolemy/actor/lib/test/auto/PoissonClock2.xml
----------------- Instantiating /home/travis/build/icyphy/ptII/ptolemy/actor/lib/test/auto/PoissonClock2.xml
1 ms. Memory: 461824K Free: 306597K (66%)
----------------- Invoking toplevel() on ptolemy.moml.MoMLSimpleApplication@56c6b36c
----------------- Done invoking toplevel() on ptolemy.moml.MoMLSimpleApplication@56c6b36c
reloadAllAccessors: .PoissonClock2

===========================================================================================
----------------- testing Mon Oct 05 15:46:11 UTC 2020 /home/travis/build/icyphy/ptII/ptolemy/actor/lib/test/auto/PoissonClock3.xml
----------------- Instantiating /home/travis/build/icyphy/ptII/ptolemy/actor/lib/test/auto/PoissonClock3.xml
1 ms. Memory: 461824K Free: 301991K (65%)
----------------- Invoking toplevel() on ptolemy.moml.MoMLSimpleApplication@f5ec458
----------------- Done invoking toplevel() on ptolemy.moml.MoMLSimpleApplication@f5ec458
reloadAllAccessors: .PoissonClock3

===========================================================================================
----------------- testing Mon Oct 05 15:46:11 UTC 2020 /home/travis/build/icyphy/ptII/ptolemy/actor/lib/test/auto/PubSubWithInitialTokens.xml
----------------- Instantiating /home/travis/build/icyphy/ptII/ptolemy/actor/lib/test/auto/PubSubWithInitialTokens.xml
2 ms. Memory: 461824K Free: 296351K (64%)
----------------- Invoking toplevel() on ptolemy.moml.MoMLSimpleApplication@595be288
----------------- Done invoking toplevel() on ptolemy.moml.MoMLSimpleApplication@595be288
reloadAllAccessors: .PubSubWithInitialTokens

===========================================================================================
----------------- testing Mon Oct 05 15:46:11 UTC 2020 /home/travis/build/icyphy/ptII/ptolemy/actor/lib/test/auto/PubSubWithInitialTokens2.xml
----------------- Instantiating /home/travis/build/icyphy/ptII/ptolemy/actor/lib/test/auto/PubSubWithInitialTokens2.xml
2 ms. Memory: 461824K Free: 290199K (63%)
----------------- Invoking toplevel() on ptolemy.moml.MoMLSimpleApplication@730cac6c
----------------- Done invoking toplevel() on ptolemy.moml.MoMLSimpleApplication@730cac6c
reloadAllAccessors: .PubSubWithInitialTokens2

===========================================================================================
----------------- testing Mon Oct 05 15:46:11 UTC 2020 /home/travis/build/icyphy/ptII/ptolemy/actor/lib/test/auto/PublisherClassNoParameter.xml
----------------- Instantiating /home/travis/build/icyphy/ptII/ptolemy/actor/lib/test/auto/PublisherClassNoParameter.xml
2 ms. Memory: 461824K Free: 280487K (61%)
----------------- Invoking toplevel() on ptolemy.moml.MoMLSimpleApplication@1314ac8d
----------------- Done invoking toplevel() on ptolemy.moml.MoMLSimpleApplication@1314ac8d
reloadAllAccessors: .PublisherClassNoParameter

===========================================================================================
----------------- testing Mon Oct 05 15:46:11 UTC 2020 /home/travis/build/icyphy/ptII/ptolemy/actor/lib/test/auto/PublisherClassParameter.xml
----------------- Instantiating /home/travis/build/icyphy/ptII/ptolemy/actor/lib/test/auto/PublisherClassParameter.xml
2 ms. Memory: 461824K Free: 269733K (58%)
----------------- Invoking toplevel() on ptolemy.moml.MoMLSimpleApplication@4bb4cbbe
----------------- Done invoking toplevel() on ptolemy.moml.MoMLSimpleApplication@4bb4cbbe
reloadAllAccessors: .PublisherClassParameter

===========================================================================================
----------------- testing Mon Oct 05 15:46:11 UTC 2020 /home/travis/build/icyphy/ptII/ptolemy/actor/lib/test/auto/PublisherNonStrictTest.xml
----------------- Instantiating /home/travis/build/icyphy/ptII/ptolemy/actor/lib/test/auto/PublisherNonStrictTest.xml
3 ms. Memory: 461824K Free: 262055K (57%)
----------------- Invoking toplevel() on ptolemy.moml.MoMLSimpleApplication@620786f2
----------------- Done invoking toplevel() on ptolemy.moml.MoMLSimpleApplication@620786f2
reloadAllAccessors: .PublisherNonStrictTest

===========================================================================================
----------------- testing Mon Oct 05 15:46:11 UTC 2020 /home/travis/build/icyphy/ptII/ptolemy/actor/lib/test/auto/PublisherPort1.xml
----------------- Instantiating /home/travis/build/icyphy/ptII/ptolemy/actor/lib/test/auto/PublisherPort1.xml
2 ms. Memory: 461824K Free: 256407K (56%)
----------------- Invoking toplevel() on ptolemy.moml.MoMLSimpleApplication@4aa224d3
----------------- Done invoking toplevel() on ptolemy.moml.MoMLSimpleApplication@4aa224d3
reloadAllAccessors: .PublisherPort1

===========================================================================================
----------------- testing Mon Oct 05 15:46:11 UTC 2020 /home/travis/build/icyphy/ptII/ptolemy/actor/lib/test/auto/PublisherPort2.xml
----------------- Instantiating /home/travis/build/icyphy/ptII/ptolemy/actor/lib/test/auto/PublisherPort2.xml
13 ms. Memory: 461824K Free: 251301K (54%)
----------------- Invoking toplevel() on ptolemy.moml.MoMLSimpleApplication@7a5155f4
----------------- Done invoking toplevel() on ptolemy.moml.MoMLSimpleApplication@7a5155f4
reloadAllAccessors: .PublisherPort2

===========================================================================================
----------------- testing Mon Oct 05 15:46:11 UTC 2020 /home/travis/build/icyphy/ptII/ptolemy/actor/lib/test/auto/PublisherPort3.xml
----------------- Instantiating /home/travis/build/icyphy/ptII/ptolemy/actor/lib/test/auto/PublisherPort3.xml
3 ms. Memory: 461824K Free: 244647K (53%)
----------------- Invoking toplevel() on ptolemy.moml.MoMLSimpleApplication@64f5b5fc
----------------- Done invoking toplevel() on ptolemy.moml.MoMLSimpleApplication@64f5b5fc
reloadAllAccessors: .PublisherPort3

===========================================================================================
----------------- testing Mon Oct 05 15:46:11 UTC 2020 /home/travis/build/icyphy/ptII/ptolemy/actor/lib/test/auto/PublisherPort4.xml
----------------- Instantiating /home/travis/build/icyphy/ptII/ptolemy/actor/lib/test/auto/PublisherPort4.xml
2 ms. Memory: 461824K Free: 239007K (52%)
----------------- Invoking toplevel() on ptolemy.moml.MoMLSimpleApplication@630f0533
----------------- Done invoking toplevel() on ptolemy.moml.MoMLSimpleApplication@630f0533
reloadAllAccessors: .PublisherPort4

===========================================================================================
----------------- testing Mon Oct 05 15:46:11 UTC 2020 /home/travis/build/icyphy/ptII/ptolemy/actor/lib/test/auto/PublisherPort5.xml
----------------- Instantiating /home/travis/build/icyphy/ptII/ptolemy/actor/lib/test/auto/PublisherPort5.xml
3 ms. Memory: 461824K Free: 231335K (50%)
----------------- Invoking toplevel() on ptolemy.moml.MoMLSimpleApplication@5fb63990
----------------- Done invoking toplevel() on ptolemy.moml.MoMLSimpleApplication@5fb63990
reloadAllAccessors: .PublisherPort5

===========================================================================================
----------------- testing Mon Oct 05 15:46:11 UTC 2020 /home/travis/build/icyphy/ptII/ptolemy/actor/lib/test/auto/PublisherPort5LookAlike.xml
----------------- Instantiating /home/travis/build/icyphy/ptII/ptolemy/actor/lib/test/auto/PublisherPort5LookAlike.xml
8 ms. Memory: 461824K Free: 223653K (48%)
----------------- Invoking toplevel() on ptolemy.moml.MoMLSimpleApplication@332f9192
----------------- Done invoking toplevel() on ptolemy.moml.MoMLSimpleApplication@332f9192
reloadAllAccessors: .PublisherPort5LookAlike

===========================================================================================
----------------- testing Mon Oct 05 15:46:11 UTC 2020 /home/travis/build/icyphy/ptII/ptolemy/actor/lib/test/auto/PublisherPort6.xml
----------------- Instantiating /home/travis/build/icyphy/ptII/ptolemy/actor/lib/test/auto/PublisherPort6.xml
2 ms. Memory: 461824K Free: 216999K (47%)
----------------- Invoking toplevel() on ptolemy.moml.MoMLSimpleApplication@76d5506c
----------------- Done invoking toplevel() on ptolemy.moml.MoMLSimpleApplication@76d5506c
reloadAllAccessors: .PublisherPort6

===========================================================================================
----------------- testing Mon Oct 05 15:46:11 UTC 2020 /home/travis/build/icyphy/ptII/ptolemy/actor/lib/test/auto/PublisherPort7.xml
----------------- Instantiating /home/travis/build/icyphy/ptII/ptolemy/actor/lib/test/auto/PublisherPort7.xml
3 ms. Memory: 461824K Free: 209317K (45%)
----------------- Invoking toplevel() on ptolemy.moml.MoMLSimpleApplication@12a77a80
----------------- Done invoking toplevel() on ptolemy.moml.MoMLSimpleApplication@12a77a80
reloadAllAccessors: .PublisherPort7

===========================================================================================
----------------- testing Mon Oct 05 15:46:11 UTC 2020 /home/travis/build/icyphy/ptII/ptolemy/actor/lib/test/auto/PublisherPort8.xml
----------------- Instantiating /home/travis/build/icyphy/ptII/ptolemy/actor/lib/test/auto/PublisherPort8.xml
4 ms. Memory: 461824K Free: 200615K (43%)
----------------- Invoking toplevel() on ptolemy.moml.MoMLSimpleApplication@e8ac1da
----------------- Done invoking toplevel() on ptolemy.moml.MoMLSimpleApplication@e8ac1da
reloadAllAccessors: .PublisherPort8

===========================================================================================
----------------- testing Mon Oct 05 15:46:11 UTC 2020 /home/travis/build/icyphy/ptII/ptolemy/actor/lib/test/auto/PublisherPortSubscriberChannelVariablesAOC2.xml
----------------- Instantiating /home/travis/build/icyphy/ptII/ptolemy/actor/lib/test/auto/PublisherPortSubscriberChannelVariablesAOC2.xml
2 ms. Memory: 461824K Free: 182693K (40%)
----------------- Invoking toplevel() on ptolemy.moml.MoMLSimpleApplication@7ae78bdd
----------------- Done invoking toplevel() on ptolemy.moml.MoMLSimpleApplication@7ae78bdd
reloadAllAccessors: .PublisherPortSubscriberChannelVariablesAOC2

===========================================================================================
----------------- testing Mon Oct 05 15:46:11 UTC 2020 /home/travis/build/icyphy/ptII/ptolemy/actor/lib/test/auto/PublisherPortSubscriberOpaqueWidthInference.xml
----------------- Instantiating /home/travis/build/icyphy/ptII/ptolemy/actor/lib/test/auto/PublisherPortSubscriberOpaqueWidthInference.xml
4 ms. Memory: 461824K Free: 175015K (38%)
----------------- Invoking toplevel() on ptolemy.moml.MoMLSimpleApplication@76f7a585
----------------- Done invoking toplevel() on ptolemy.moml.MoMLSimpleApplication@76f7a585
reloadAllAccessors: .PublisherPortSubscriberOpaqueWidthInference

===========================================================================================
----------------- testing Mon Oct 05 15:46:11 UTC 2020 /home/travis/build/icyphy/ptII/ptolemy/actor/lib/test/auto/PublisherPortSubscriberPortAdjacent.xml
----------------- Instantiating /home/travis/build/icyphy/ptII/ptolemy/actor/lib/test/auto/PublisherPortSubscriberPortAdjacent.xml
1 ms. Memory: 461824K Free: 166823K (36%)
----------------- Invoking toplevel() on ptolemy.moml.MoMLSimpleApplication@169c0d74
----------------- Done invoking toplevel() on ptolemy.moml.MoMLSimpleApplication@169c0d74
reloadAllAccessors: .PublisherPortSubscriberPortAdjacent

===========================================================================================
----------------- testing Mon Oct 05 15:46:11 UTC 2020 /home/travis/build/icyphy/ptII/ptolemy/actor/lib/test/auto/PublisherPortSubscriberPortExpression.xml
----------------- Instantiating /home/travis/build/icyphy/ptII/ptolemy/actor/lib/test/auto/PublisherPortSubscriberPortExpression.xml
4 ms. Memory: 461824K Free: 159135K (34%)
----------------- Invoking toplevel() on ptolemy.moml.MoMLSimpleApplication@8be3cba
----------------- Done invoking toplevel() on ptolemy.moml.MoMLSimpleApplication@8be3cba
reloadAllAccessors: .PublisherPortSubscriberPortExpression

===========================================================================================
----------------- testing Mon Oct 05 15:46:11 UTC 2020 /home/travis/build/icyphy/ptII/ptolemy/actor/lib/test/auto/PublisherPortSubscriberPortOpaqueD3Reverse.xml
----------------- Instantiating /home/travis/build/icyphy/ptII/ptolemy/actor/lib/test/auto/PublisherPortSubscriberPortOpaqueD3Reverse.xml
6 ms. Memory: 461824K Free: 148901K (32%)
----------------- Invoking toplevel() on ptolemy.moml.MoMLSimpleApplication@7b80f9ec
----------------- Done invoking toplevel() on ptolemy.moml.MoMLSimpleApplication@7b80f9ec
reloadAllAccessors: .PublisherPortSubscriberPortOpaqueD3Reverse

===========================================================================================
----------------- testing Mon Oct 05 15:46:11 UTC 2020 /home/travis/build/icyphy/ptII/ptolemy/actor/lib/test/auto/PublisherPortSubscriberPortOpaqueWidthInference.xml
----------------- Instantiating /home/travis/build/icyphy/ptII/ptolemy/actor/lib/test/auto/PublisherPortSubscriberPortOpaqueWidthInference.xml
5 ms. Memory: 461824K Free: 141223K (31%)
----------------- Invoking toplevel() on ptolemy.moml.MoMLSimpleApplication@3d5b2882
----------------- Done invoking toplevel() on ptolemy.moml.MoMLSimpleApplication@3d5b2882
reloadAllAccessors: .PublisherPortSubscriberPortOpaqueWidthInference

===========================================================================================
----------------- testing Mon Oct 05 15:46:11 UTC 2020 /home/travis/build/icyphy/ptII/ptolemy/actor/lib/test/auto/PublisherPortToplevelSubscriberPortAOC.xml
----------------- Instantiating /home/travis/build/icyphy/ptII/ptolemy/actor/lib/test/auto/PublisherPortToplevelSubscriberPortAOC.xml
.PublisherPortToplevelSubscriberPortAOC.TestExceptionAttribute: initialize() was not invoked, but wrapup() was.  This is unusual, but not always a problem.  For example, exporting JNLP will do this.
1 ms. Memory: 461824K Free: 408792K (89%)
----------------- Invoking toplevel() on ptolemy.moml.MoMLSimpleApplication@291d4c01
----------------- Done invoking toplevel() on ptolemy.moml.MoMLSimpleApplication@291d4c01
reloadAllAccessors: .PublisherPortToplevelSubscriberPortAOC

===========================================================================================
----------------- testing Mon Oct 05 15:46:11 UTC 2020 /home/travis/build/icyphy/ptII/ptolemy/actor/lib/test/auto/PublisherSubscriber.xml
----------------- Instantiating /home/travis/build/icyphy/ptII/ptolemy/actor/lib/test/auto/PublisherSubscriber.xml
3 ms. Memory: 461824K Free: 401411K (87%)
----------------- Invoking toplevel() on ptolemy.moml.MoMLSimpleApplication@74cd4214
----------------- Done invoking toplevel() on ptolemy.moml.MoMLSimpleApplication@74cd4214
reloadAllAccessors: .PublisherSubscriber

===========================================================================================
----------------- testing Mon Oct 05 15:46:11 UTC 2020 /home/travis/build/icyphy/ptII/ptolemy/actor/lib/test/auto/PublisherSubscriber10.xml
----------------- Instantiating /home/travis/build/icyphy/ptII/ptolemy/actor/lib/test/auto/PublisherSubscriber10.xml
6 ms. Memory: 461824K Free: 391681K (85%)
----------------- Invoking toplevel() on ptolemy.moml.MoMLSimpleApplication@7fe3c57e
----------------- Done invoking toplevel() on ptolemy.moml.MoMLSimpleApplication@7fe3c57e
reloadAllAccessors: .PublisherSubscriber10

===========================================================================================
----------------- testing Mon Oct 05 15:46:11 UTC 2020 /home/travis/build/icyphy/ptII/ptolemy/actor/lib/test/auto/PublisherSubscriber10InitialOutputs.xml
----------------- Instantiating /home/travis/build/icyphy/ptII/ptolemy/actor/lib/test/auto/PublisherSubscriber10InitialOutputs.xml
15 ms. Memory: 461824K Free: 382465K (83%)
----------------- Invoking toplevel() on ptolemy.moml.MoMLSimpleApplication@58e3ba6a
----------------- Done invoking toplevel() on ptolemy.moml.MoMLSimpleApplication@58e3ba6a
reloadAllAccessors: .PublisherSubscriber10InitialOutputs

===========================================================================================
----------------- testing Mon Oct 05 15:46:11 UTC 2020 /home/travis/build/icyphy/ptII/ptolemy/actor/lib/test/auto/PublisherSubscriber11.xml
----------------- Instantiating /home/travis/build/icyphy/ptII/ptolemy/actor/lib/test/auto/PublisherSubscriber11.xml
3 ms. Memory: 461824K Free: 375811K (81%)
----------------- Invoking toplevel() on ptolemy.moml.MoMLSimpleApplication@2260fcbd
----------------- Done invoking toplevel() on ptolemy.moml.MoMLSimpleApplication@2260fcbd
reloadAllAccessors: .PublisherSubscriber11

===========================================================================================
----------------- testing Mon Oct 05 15:46:11 UTC 2020 /home/travis/build/icyphy/ptII/ptolemy/actor/lib/test/auto/PublisherSubscriber12.xml
----------------- Instantiating /home/travis/build/icyphy/ptII/ptolemy/actor/lib/test/auto/PublisherSubscriber12.xml
5 ms. Memory: 461824K Free: 369153K (80%)
----------------- Invoking toplevel() on ptolemy.moml.MoMLSimpleApplication@57661ead
----------------- Done invoking toplevel() on ptolemy.moml.MoMLSimpleApplication@57661ead
reloadAllAccessors: .PublisherSubscriber12

===========================================================================================
----------------- testing Mon Oct 05 15:46:11 UTC 2020 /home/travis/build/icyphy/ptII/ptolemy/actor/lib/test/auto/PublisherSubscriber13.xml
----------------- Instantiating /home/travis/build/icyphy/ptII/ptolemy/actor/lib/test/auto/PublisherSubscriber13.xml
2 ms. Memory: 461824K Free: 363523K (79%)
----------------- Invoking toplevel() on ptolemy.moml.MoMLSimpleApplication@4b3dc85e
----------------- Done invoking toplevel() on ptolemy.moml.MoMLSimpleApplication@4b3dc85e
reloadAllAccessors: .PublisherSubscriber13

===========================================================================================
----------------- testing Mon Oct 05 15:46:11 UTC 2020 /home/travis/build/icyphy/ptII/ptolemy/actor/lib/test/auto/PublisherSubscriber14.xml
----------------- Instantiating /home/travis/build/icyphy/ptII/ptolemy/actor/lib/test/auto/PublisherSubscriber14.xml
25 ms. Memory: 461824K Free: 354817K (77%)
----------------- Invoking toplevel() on ptolemy.moml.MoMLSimpleApplication@4ebf4469
----------------- Done invoking toplevel() on ptolemy.moml.MoMLSimpleApplication@4ebf4469
reloadAllAccessors: .PublisherSubscriber14

===========================================================================================
----------------- testing Mon Oct 05 15:46:12 UTC 2020 /home/travis/build/icyphy/ptII/ptolemy/actor/lib/test/auto/PublisherSubscriber2.xml
----------------- Instantiating /home/travis/build/icyphy/ptII/ptolemy/actor/lib/test/auto/PublisherSubscriber2.xml
3 ms. Memory: 461824K Free: 349187K (76%)
----------------- Invoking toplevel() on ptolemy.moml.MoMLSimpleApplication@28f10e87
----------------- Done invoking toplevel() on ptolemy.moml.MoMLSimpleApplication@28f10e87
reloadAllAccessors: .PublisherSubscriber2

===========================================================================================
----------------- testing Mon Oct 05 15:46:12 UTC 2020 /home/travis/build/icyphy/ptII/ptolemy/actor/lib/test/auto/PublisherSubscriber3.xml
----------------- Instantiating /home/travis/build/icyphy/ptII/ptolemy/actor/lib/test/auto/PublisherSubscriber3.xml
2 ms. Memory: 461824K Free: 343539K (74%)
----------------- Invoking toplevel() on ptolemy.moml.MoMLSimpleApplication@1f758b7f
----------------- Done invoking toplevel() on ptolemy.moml.MoMLSimpleApplication@1f758b7f
reloadAllAccessors: .PublisherSubscriber3

===========================================================================================
----------------- testing Mon Oct 05 15:46:12 UTC 2020 /home/travis/build/icyphy/ptII/ptolemy/actor/lib/test/auto/PublisherSubscriber4.xml
----------------- Instantiating /home/travis/build/icyphy/ptII/ptolemy/actor/lib/test/auto/PublisherSubscriber4.xml
2 ms. Memory: 461824K Free: 338433K (73%)
----------------- Invoking toplevel() on ptolemy.moml.MoMLSimpleApplication@f07c7c1
----------------- Done invoking toplevel() on ptolemy.moml.MoMLSimpleApplication@f07c7c1
reloadAllAccessors: .PublisherSubscriber4

===========================================================================================
----------------- testing Mon Oct 05 15:46:12 UTC 2020 /home/travis/build/icyphy/ptII/ptolemy/actor/lib/test/auto/PublisherSubscriber5.xml
----------------- Instantiating /home/travis/build/icyphy/ptII/ptolemy/actor/lib/test/auto/PublisherSubscriber5.xml
2 ms. Memory: 461824K Free: 331251K (72%)
----------------- Invoking toplevel() on ptolemy.moml.MoMLSimpleApplication@168b23a1
----------------- Done invoking toplevel() on ptolemy.moml.MoMLSimpleApplication@168b23a1
reloadAllAccessors: .PublisherSubscriber5

===========================================================================================
----------------- testing Mon Oct 05 15:46:12 UTC 2020 /home/travis/build/icyphy/ptII/ptolemy/actor/lib/test/auto/PublisherSubscriber6.xml
----------------- Instantiating /home/travis/build/icyphy/ptII/ptolemy/actor/lib/test/auto/PublisherSubscriber6.xml
4 ms. Memory: 461824K Free: 324611K (70%)
----------------- Invoking toplevel() on ptolemy.moml.MoMLSimpleApplication@ab59f74
----------------- Done invoking toplevel() on ptolemy.moml.MoMLSimpleApplication@ab59f74
reloadAllAccessors: .PublisherSubscriber6

===========================================================================================
----------------- testing Mon Oct 05 15:46:12 UTC 2020 /home/travis/build/icyphy/ptII/ptolemy/actor/lib/test/auto/PublisherSubscriber7.xml
----------------- Instantiating /home/travis/build/icyphy/ptII/ptolemy/actor/lib/test/auto/PublisherSubscriber7.xml
7 ms. Memory: 461824K Free: 317953K (69%)
----------------- Invoking toplevel() on ptolemy.moml.MoMLSimpleApplication@30f98ef8
----------------- Done invoking toplevel() on ptolemy.moml.MoMLSimpleApplication@30f98ef8
reloadAllAccessors: .PublisherSubscriber7

===========================================================================================
----------------- testing Mon Oct 05 15:46:12 UTC 2020 /home/travis/build/icyphy/ptII/ptolemy/actor/lib/test/auto/PublisherSubscriber8.xml
----------------- Instantiating /home/travis/build/icyphy/ptII/ptolemy/actor/lib/test/auto/PublisherSubscriber8.xml
14 ms. Memory: 461824K Free: 306179K (66%)
----------------- Invoking toplevel() on ptolemy.moml.MoMLSimpleApplication@41fe2562
----------------- Done invoking toplevel() on ptolemy.moml.MoMLSimpleApplication@41fe2562
reloadAllAccessors: .PublisherSubscriber8

===========================================================================================
----------------- testing Mon Oct 05 15:46:12 UTC 2020 /home/travis/build/icyphy/ptII/ptolemy/actor/lib/test/auto/PublisherSubscriber9.xml
----------------- Instantiating /home/travis/build/icyphy/ptII/ptolemy/actor/lib/test/auto/PublisherSubscriber9.xml
3 ms. Memory: 461824K Free: 299011K (65%)
----------------- Invoking toplevel() on ptolemy.moml.MoMLSimpleApplication@53c50111
----------------- Done invoking toplevel() on ptolemy.moml.MoMLSimpleApplication@53c50111
reloadAllAccessors: .PublisherSubscriber9

===========================================================================================
----------------- testing Mon Oct 05 15:46:12 UTC 2020 /home/travis/build/icyphy/ptII/ptolemy/actor/lib/test/auto/PublisherSubscriberAdjacent.xml
----------------- Instantiating /home/travis/build/icyphy/ptII/ptolemy/actor/lib/test/auto/PublisherSubscriberAdjacent.xml
2 ms. Memory: 461824K Free: 290819K (63%)
----------------- Invoking toplevel() on ptolemy.moml.MoMLSimpleApplication@1c3d8f80
----------------- Done invoking toplevel() on ptolemy.moml.MoMLSimpleApplication@1c3d8f80
reloadAllAccessors: .PublisherSubscriberAdjacent

===========================================================================================
----------------- testing Mon Oct 05 15:46:12 UTC 2020 /home/travis/build/icyphy/ptII/ptolemy/actor/lib/test/auto/PublisherSubscriberChannelVariablesAOC2.xml
----------------- Instantiating /home/travis/build/icyphy/ptII/ptolemy/actor/lib/test/auto/PublisherSubscriberChannelVariablesAOC2.xml
3 ms. Memory: 461824K Free: 275955K (60%)
----------------- Invoking toplevel() on ptolemy.moml.MoMLSimpleApplication@693394ef
----------------- Done invoking toplevel() on ptolemy.moml.MoMLSimpleApplication@693394ef
reloadAllAccessors: .PublisherSubscriberChannelVariablesAOC2

===========================================================================================
----------------- testing Mon Oct 05 15:46:12 UTC 2020 /home/travis/build/icyphy/ptII/ptolemy/actor/lib/test/auto/PublisherSubscriberD3.xml
----------------- Instantiating /home/travis/build/icyphy/ptII/ptolemy/actor/lib/test/auto/PublisherSubscriberD3.xml
1 ms. Memory: 461824K Free: 268801K (58%)
----------------- Invoking toplevel() on ptolemy.moml.MoMLSimpleApplication@56521c70
----------------- Done invoking toplevel() on ptolemy.moml.MoMLSimpleApplication@56521c70
reloadAllAccessors: .PublisherSubscriberD3

===========================================================================================
----------------- testing Mon Oct 05 15:46:12 UTC 2020 /home/travis/build/icyphy/ptII/ptolemy/actor/lib/test/auto/PublisherSubscriberD3Reverse.xml
----------------- Instantiating /home/travis/build/icyphy/ptII/ptolemy/actor/lib/test/auto/PublisherSubscriberD3Reverse.xml
1 ms. Memory: 461824K Free: 262657K (57%)
----------------- Invoking toplevel() on ptolemy.moml.MoMLSimpleApplication@6ecbd20d
----------------- Done invoking toplevel() on ptolemy.moml.MoMLSimpleApplication@6ecbd20d
reloadAllAccessors: .PublisherSubscriberD3Reverse

===========================================================================================
----------------- testing Mon Oct 05 15:46:12 UTC 2020 /home/travis/build/icyphy/ptII/ptolemy/actor/lib/test/auto/PublisherSubscriberExpression.xml
----------------- Instantiating /home/travis/build/icyphy/ptII/ptolemy/actor/lib/test/auto/PublisherSubscriberExpression.xml
4 ms. Memory: 461824K Free: 254435K (55%)
----------------- Invoking toplevel() on ptolemy.moml.MoMLSimpleApplication@77630b5f
----------------- Done invoking toplevel() on ptolemy.moml.MoMLSimpleApplication@77630b5f
reloadAllAccessors: .PublisherSubscriberExpression

===========================================================================================
----------------- testing Mon Oct 05 15:46:12 UTC 2020 /home/travis/build/icyphy/ptII/ptolemy/actor/lib/test/auto/PublisherSubscriberOpaque.xml
----------------- Instantiating /home/travis/build/icyphy/ptII/ptolemy/actor/lib/test/auto/PublisherSubscriberOpaque.xml
6 ms. Memory: 461824K Free: 246273K (53%)
----------------- Invoking toplevel() on ptolemy.moml.MoMLSimpleApplication@217cbca4
----------------- Done invoking toplevel() on ptolemy.moml.MoMLSimpleApplication@217cbca4
reloadAllAccessors: .PublisherSubscriberOpaque

===========================================================================================
----------------- testing Mon Oct 05 15:46:12 UTC 2020 /home/travis/build/icyphy/ptII/ptolemy/actor/lib/test/auto/PublisherSubscriberOpaqueD3.xml
----------------- Instantiating /home/travis/build/icyphy/ptII/ptolemy/actor/lib/test/auto/PublisherSubscriberOpaqueD3.xml
5 ms. Memory: 461824K Free: 233475K (51%)
----------------- Invoking toplevel() on ptolemy.moml.MoMLSimpleApplication@389bd915
----------------- Done invoking toplevel() on ptolemy.moml.MoMLSimpleApplication@389bd915
reloadAllAccessors: .PublisherSubscriberOpaqueD3

===========================================================================================
----------------- testing Mon Oct 05 15:46:12 UTC 2020 /home/travis/build/icyphy/ptII/ptolemy/actor/lib/test/auto/PublisherSubscriberOpaqueD3Reverse.xml
----------------- Instantiating /home/travis/build/icyphy/ptII/ptolemy/actor/lib/test/auto/PublisherSubscriberOpaqueD3Reverse.xml
7 ms. Memory: 461824K Free: 222721K (48%)
----------------- Invoking toplevel() on ptolemy.moml.MoMLSimpleApplication@80dc82b
----------------- Done invoking toplevel() on ptolemy.moml.MoMLSimpleApplication@80dc82b
reloadAllAccessors: .PublisherSubscriberOpaqueD3Reverse

===========================================================================================
----------------- testing Mon Oct 05 15:46:12 UTC 2020 /home/travis/build/icyphy/ptII/ptolemy/actor/lib/test/auto/PublisherSubscriberOpaqueWidthInference.xml
----------------- Instantiating /home/travis/build/icyphy/ptII/ptolemy/actor/lib/test/auto/PublisherSubscriberOpaqueWidthInference.xml
4 ms. Memory: 461824K Free: 214515K (46%)
----------------- Invoking toplevel() on ptolemy.moml.MoMLSimpleApplication@21911ae6
----------------- Done invoking toplevel() on ptolemy.moml.MoMLSimpleApplication@21911ae6
reloadAllAccessors: .PublisherSubscriberOpaqueWidthInference

===========================================================================================
----------------- testing Mon Oct 05 15:46:12 UTC 2020 /home/travis/build/icyphy/ptII/ptolemy/actor/lib/test/auto/PublisherTestSubscriber.xml
----------------- Instantiating /home/travis/build/icyphy/ptII/ptolemy/actor/lib/test/auto/PublisherTestSubscriber.xml
5 ms. Memory: 461824K Free: 206851K (45%)
----------------- Invoking toplevel() on ptolemy.moml.MoMLSimpleApplication@17a39cd5
----------------- Done invoking toplevel() on ptolemy.moml.MoMLSimpleApplication@17a39cd5
reloadAllAccessors: .PublisherTestSubscriber

===========================================================================================
----------------- testing Mon Oct 05 15:46:12 UTC 2020 /home/travis/build/icyphy/ptII/ptolemy/actor/lib/test/auto/PublisherToplevelSubscriberPortAOC.xml
----------------- Instantiating /home/travis/build/icyphy/ptII/ptolemy/actor/lib/test/auto/PublisherToplevelSubscriberPortAOC.xml
2 ms. Memory: 461824K Free: 200707K (43%)
----------------- Invoking toplevel() on ptolemy.moml.MoMLSimpleApplication@4ebe5cdf
----------------- Done invoking toplevel() on ptolemy.moml.MoMLSimpleApplication@4ebe5cdf
reloadAllAccessors: .PublisherToplevelSubscriberPortAOC

===========================================================================================
----------------- testing Mon Oct 05 15:46:12 UTC 2020 /home/travis/build/icyphy/ptII/ptolemy/actor/lib/test/auto/PulseFiringLimitDE.xml
----------------- Instantiating /home/travis/build/icyphy/ptII/ptolemy/actor/lib/test/auto/PulseFiringLimitDE.xml
1 ms. Memory: 461824K Free: 194049K (42%)
----------------- Invoking toplevel() on ptolemy.moml.MoMLSimpleApplication@358d1945
----------------- Done invoking toplevel() on ptolemy.moml.MoMLSimpleApplication@358d1945
reloadAllAccessors: .PulseFiringLimitDE

===========================================================================================
----------------- testing Mon Oct 05 15:46:12 UTC 2020 /home/travis/build/icyphy/ptII/ptolemy/actor/lib/test/auto/Ramp1.xml
----------------- Instantiating /home/travis/build/icyphy/ptII/ptolemy/actor/lib/test/auto/Ramp1.xml
1 ms. Memory: 461824K Free: 189939K (41%)
----------------- Invoking toplevel() on ptolemy.moml.MoMLSimpleApplication@7412769f
----------------- Done invoking toplevel() on ptolemy.moml.MoMLSimpleApplication@7412769f
reloadAllAccessors: .Ramp1

===========================================================================================
----------------- testing Mon Oct 05 15:46:12 UTC 2020 /home/travis/build/icyphy/ptII/ptolemy/actor/lib/test/auto/RampFiringLimitDE.xml
----------------- Instantiating /home/travis/build/icyphy/ptII/ptolemy/actor/lib/test/auto/RampFiringLimitDE.xml
4 ms. Memory: 461824K Free: 183795K (40%)
----------------- Invoking toplevel() on ptolemy.moml.MoMLSimpleApplication@1ee7371a
----------------- Done invoking toplevel() on ptolemy.moml.MoMLSimpleApplication@1ee7371a
reloadAllAccessors: .RampFiringLimitDE

===========================================================================================
----------------- testing Mon Oct 05 15:46:12 UTC 2020 /home/travis/build/icyphy/ptII/ptolemy/actor/lib/test/auto/RampFiringLimitSDF.xml
----------------- Instantiating /home/travis/build/icyphy/ptII/ptolemy/actor/lib/test/auto/RampFiringLimitSDF.xml
2 ms. Memory: 461824K Free: 178683K (39%)
----------------- Invoking toplevel() on ptolemy.moml.MoMLSimpleApplication@5f35729
----------------- Done invoking toplevel() on ptolemy.moml.MoMLSimpleApplication@5f35729
reloadAllAccessors: .RampFiringLimitSDF

===========================================================================================
----------------- testing Mon Oct 05 15:46:12 UTC 2020 /home/travis/build/icyphy/ptII/ptolemy/actor/lib/test/auto/RandomInteger.xml
----------------- Instantiating /home/travis/build/icyphy/ptII/ptolemy/actor/lib/test/auto/RandomInteger.xml
1 ms. Memory: 461824K Free: 174593K (38%)
----------------- Invoking toplevel() on ptolemy.moml.MoMLSimpleApplication@42080621
----------------- Done invoking toplevel() on ptolemy.moml.MoMLSimpleApplication@42080621
reloadAllAccessors: .RandomInteger

===========================================================================================
----------------- testing Mon Oct 05 15:46:12 UTC 2020 /home/travis/build/icyphy/ptII/ptolemy/actor/lib/test/auto/ReadFile1.xml
----------------- Instantiating /home/travis/build/icyphy/ptII/ptolemy/actor/lib/test/auto/ReadFile1.xml
2 ms. Memory: 461824K Free: 169459K (37%)
----------------- Invoking toplevel() on ptolemy.moml.MoMLSimpleApplication@7506ebf8
----------------- Done invoking toplevel() on ptolemy.moml.MoMLSimpleApplication@7506ebf8
reloadAllAccessors: .ReadFile1

===========================================================================================
----------------- testing Mon Oct 05 15:46:12 UTC 2020 /home/travis/build/icyphy/ptII/ptolemy/actor/lib/test/auto/ReadFile2.xml
----------------- Instantiating /home/travis/build/icyphy/ptII/ptolemy/actor/lib/test/auto/ReadFile2.xml
1 ms. Memory: 461824K Free: 165377K (36%)
----------------- Invoking toplevel() on ptolemy.moml.MoMLSimpleApplication@28ee2226
----------------- Done invoking toplevel() on ptolemy.moml.MoMLSimpleApplication@28ee2226
reloadAllAccessors: .ReadFile2

===========================================================================================
----------------- testing Mon Oct 05 15:46:12 UTC 2020 /home/travis/build/icyphy/ptII/ptolemy/actor/lib/test/auto/Reader.xml
----------------- Instantiating /home/travis/build/icyphy/ptII/ptolemy/actor/lib/test/auto/Reader.xml
actor.lib.Reader is obsolete, use actor.lib.io.ExpressionReader instead
5 ms. Memory: 461824K Free: 161281K (35%)
----------------- Invoking toplevel() on ptolemy.moml.MoMLSimpleApplication@19e8ed7c
----------------- Done invoking toplevel() on ptolemy.moml.MoMLSimpleApplication@19e8ed7c
reloadAllAccessors: .Reader

===========================================================================================
----------------- testing Mon Oct 05 15:46:12 UTC 2020 /home/travis/build/icyphy/ptII/ptolemy/actor/lib/test/auto/RecordAssemblerDisplayNameTest.xml
----------------- Instantiating /home/travis/build/icyphy/ptII/ptolemy/actor/lib/test/auto/RecordAssemblerDisplayNameTest.xml
3517 ms. Memory: 461824K Free: 293987K (64%)
----------------- Invoking toplevel() on ptolemy.moml.MoMLSimpleApplication@6c7b2c26
----------------- Done invoking toplevel() on ptolemy.moml.MoMLSimpleApplication@6c7b2c26
reloadAllAccessors: .RecordAssemblerDisplayNameTest

===========================================================================================
----------------- testing Mon Oct 05 15:46:16 UTC 2020 /home/travis/build/icyphy/ptII/ptolemy/actor/lib/test/auto/RecordAssemblerTypeError.xml
----------------- Instantiating /home/travis/build/icyphy/ptII/ptolemy/actor/lib/test/auto/RecordAssemblerTypeError.xml
19 ms. Memory: 461824K Free: 284257K (62%)
----------------- Invoking toplevel() on ptolemy.moml.MoMLSimpleApplication@da01d5c
----------------- Done invoking toplevel() on ptolemy.moml.MoMLSimpleApplication@da01d5c
reloadAllAccessors: .RecordAssemblerTypeError

===========================================================================================
----------------- testing Mon Oct 05 15:46:16 UTC 2020 /home/travis/build/icyphy/ptII/ptolemy/actor/lib/test/auto/RecordDisassember.xml
----------------- Instantiating /home/travis/build/icyphy/ptII/ptolemy/actor/lib/test/auto/RecordDisassember.xml
5 ms. Memory: 461824K Free: 279651K (61%)
----------------- Invoking toplevel() on ptolemy.moml.MoMLSimpleApplication@1ab4cc9d
----------------- Done invoking toplevel() on ptolemy.moml.MoMLSimpleApplication@1ab4cc9d
reloadAllAccessors: .RecordDisassember

===========================================================================================
----------------- testing Mon Oct 05 15:46:16 UTC 2020 /home/travis/build/icyphy/ptII/ptolemy/actor/lib/test/auto/RecordDisassemberDisplayNameTest.xml
----------------- Instantiating /home/travis/build/icyphy/ptII/ptolemy/actor/lib/test/auto/RecordDisassemberDisplayNameTest.xml
6 ms. Memory: 461824K Free: 271459K (59%)
----------------- Invoking toplevel() on ptolemy.moml.MoMLSimpleApplication@6326fd8f
----------------- Done invoking toplevel() on ptolemy.moml.MoMLSimpleApplication@6326fd8f
reloadAllAccessors: .RecordDisassemberDisplayNameTest

===========================================================================================
----------------- testing Mon Oct 05 15:46:16 UTC 2020 /home/travis/build/icyphy/ptII/ptolemy/actor/lib/test/auto/RecordDisassembler.xml
----------------- Instantiating /home/travis/build/icyphy/ptII/ptolemy/actor/lib/test/auto/RecordDisassembler.xml
2 ms. Memory: 461824K Free: 266339K (58%)
----------------- Invoking toplevel() on ptolemy.moml.MoMLSimpleApplication@2091a26b
----------------- Done invoking toplevel() on ptolemy.moml.MoMLSimpleApplication@2091a26b
reloadAllAccessors: .RecordDisassembler

===========================================================================================
----------------- testing Mon Oct 05 15:46:16 UTC 2020 /home/travis/build/icyphy/ptII/ptolemy/actor/lib/test/auto/RecordDisassembler2.xml
----------------- Instantiating /home/travis/build/icyphy/ptII/ptolemy/actor/lib/test/auto/RecordDisassembler2.xml
2 ms. Memory: 461824K Free: 261219K (57%)
----------------- Invoking toplevel() on ptolemy.moml.MoMLSimpleApplication@5f5309a1
----------------- Done invoking toplevel() on ptolemy.moml.MoMLSimpleApplication@5f5309a1
reloadAllAccessors: .RecordDisassembler2

===========================================================================================
----------------- testing Mon Oct 05 15:46:16 UTC 2020 /home/travis/build/icyphy/ptII/ptolemy/actor/lib/test/auto/RecordUpdater.xml
----------------- Instantiating /home/travis/build/icyphy/ptII/ptolemy/actor/lib/test/auto/RecordUpdater.xml
2 ms. Memory: 461824K Free: 256609K (56%)
----------------- Invoking toplevel() on ptolemy.moml.MoMLSimpleApplication@bdadc0a
----------------- Done invoking toplevel() on ptolemy.moml.MoMLSimpleApplication@bdadc0a
reloadAllAccessors: .RecordUpdater

===========================================================================================
----------------- testing Mon Oct 05 15:46:16 UTC 2020 /home/travis/build/icyphy/ptII/ptolemy/actor/lib/test/auto/RecordUpdater2.xml
----------------- Instantiating /home/travis/build/icyphy/ptII/ptolemy/actor/lib/test/auto/RecordUpdater2.xml
2 ms. Memory: 461824K Free: 250979K (54%)
----------------- Invoking toplevel() on ptolemy.moml.MoMLSimpleApplication@615c57f
----------------- Done invoking toplevel() on ptolemy.moml.MoMLSimpleApplication@615c57f
reloadAllAccessors: .RecordUpdater2

===========================================================================================
----------------- testing Mon Oct 05 15:46:16 UTC 2020 /home/travis/build/icyphy/ptII/ptolemy/actor/lib/test/auto/RecursiveLattice.xml
----------------- Instantiating /home/travis/build/icyphy/ptII/ptolemy/actor/lib/test/auto/RecursiveLattice.xml
1 ms. Memory: 461824K Free: 246883K (53%)
----------------- Invoking toplevel() on ptolemy.moml.MoMLSimpleApplication@1a2eac42
----------------- Done invoking toplevel() on ptolemy.moml.MoMLSimpleApplication@1a2eac42
reloadAllAccessors: .RecursiveLattice

===========================================================================================
----------------- testing Mon Oct 05 15:46:16 UTC 2020 /home/travis/build/icyphy/ptII/ptolemy/actor/lib/test/auto/Router.xml
----------------- Instantiating /home/travis/build/icyphy/ptII/ptolemy/actor/lib/test/auto/Router.xml
3004 ms. Memory: 461824K Free: 236129K (51%)
----------------- Invoking toplevel() on ptolemy.moml.MoMLSimpleApplication@43278399
----------------- Done invoking toplevel() on ptolemy.moml.MoMLSimpleApplication@43278399
reloadAllAccessors: .Router

===========================================================================================
----------------- testing Mon Oct 05 15:46:19 UTC 2020 /home/travis/build/icyphy/ptII/ptolemy/actor/lib/test/auto/Router2.xml
----------------- Instantiating /home/travis/build/icyphy/ptII/ptolemy/actor/lib/test/auto/Router2.xml
3004 ms. Memory: 461824K Free: 225889K (49%)
----------------- Invoking toplevel() on ptolemy.moml.MoMLSimpleApplication@1e0b8307
----------------- Done invoking toplevel() on ptolemy.moml.MoMLSimpleApplication@1e0b8307
reloadAllAccessors: .Router2

===========================================================================================
----------------- testing Mon Oct 05 15:46:22 UTC 2020 /home/travis/build/icyphy/ptII/ptolemy/actor/lib/test/auto/RunningMaximum.xml
----------------- Instantiating /home/travis/build/icyphy/ptII/ptolemy/actor/lib/test/auto/RunningMaximum.xml
2 ms. Memory: 461824K Free: 220769K (48%)
----------------- Invoking toplevel() on ptolemy.moml.MoMLSimpleApplication@20da00c7
----------------- Done invoking toplevel() on ptolemy.moml.MoMLSimpleApplication@20da00c7
reloadAllAccessors: .RunningMaximum

===========================================================================================
----------------- testing Mon Oct 05 15:46:22 UTC 2020 /home/travis/build/icyphy/ptII/ptolemy/actor/lib/test/auto/RunningMinimum.xml
----------------- Instantiating /home/travis/build/icyphy/ptII/ptolemy/actor/lib/test/auto/RunningMinimum.xml
1 ms. Memory: 461824K Free: 216163K (47%)
----------------- Invoking toplevel() on ptolemy.moml.MoMLSimpleApplication@2ef5295b
----------------- Done invoking toplevel() on ptolemy.moml.MoMLSimpleApplication@2ef5295b
reloadAllAccessors: .RunningMinimum

===========================================================================================
----------------- testing Mon Oct 05 15:46:22 UTC 2020 /home/travis/build/icyphy/ptII/ptolemy/actor/lib/test/auto/Scale.xml
----------------- Instantiating /home/travis/build/icyphy/ptII/ptolemy/actor/lib/test/auto/Scale.xml
1 ms. Memory: 461824K Free: 211553K (46%)
----------------- Invoking toplevel() on ptolemy.moml.MoMLSimpleApplication@5e4ffb56
----------------- Done invoking toplevel() on ptolemy.moml.MoMLSimpleApplication@5e4ffb56
reloadAllAccessors: .Scale

===========================================================================================
----------------- testing Mon Oct 05 15:46:22 UTC 2020 /home/travis/build/icyphy/ptII/ptolemy/actor/lib/test/auto/Scale2.xml
----------------- Instantiating /home/travis/build/icyphy/ptII/ptolemy/actor/lib/test/auto/Scale2.xml
1 ms. Memory: 461824K Free: 206947K (45%)
----------------- Invoking toplevel() on ptolemy.moml.MoMLSimpleApplication@597b398a
----------------- Done invoking toplevel() on ptolemy.moml.MoMLSimpleApplication@597b398a
reloadAllAccessors: .Scale2

===========================================================================================
----------------- testing Mon Oct 05 15:46:22 UTC 2020 /home/travis/build/icyphy/ptII/ptolemy/actor/lib/test/auto/Scale3.xml
----------------- Instantiating /home/travis/build/icyphy/ptII/ptolemy/actor/lib/test/auto/Scale3.xml
11 ms. Memory: 461824K Free: 200289K (43%)
----------------- Invoking toplevel() on ptolemy.moml.MoMLSimpleApplication@14cfeabe
----------------- Done invoking toplevel() on ptolemy.moml.MoMLSimpleApplication@14cfeabe
reloadAllAccessors: .Scale3

===========================================================================================
----------------- testing Mon Oct 05 15:46:22 UTC 2020 /home/travis/build/icyphy/ptII/ptolemy/actor/lib/test/auto/ScaleArray.xml
----------------- Instantiating /home/travis/build/icyphy/ptII/ptolemy/actor/lib/test/auto/ScaleArray.xml
1 ms. Memory: 461824K Free: 195683K (42%)
----------------- Invoking toplevel() on ptolemy.moml.MoMLSimpleApplication@2075f875
----------------- Done invoking toplevel() on ptolemy.moml.MoMLSimpleApplication@2075f875
reloadAllAccessors: .ScaleArray

===========================================================================================
----------------- testing Mon Oct 05 15:46:22 UTC 2020 /home/travis/build/icyphy/ptII/ptolemy/actor/lib/test/auto/ScaleArray2.xml
----------------- Instantiating /home/travis/build/icyphy/ptII/ptolemy/actor/lib/test/auto/ScaleArray2.xml
1 ms. Memory: 461824K Free: 191073K (41%)
----------------- Invoking toplevel() on ptolemy.moml.MoMLSimpleApplication@53b76c4c
----------------- Done invoking toplevel() on ptolemy.moml.MoMLSimpleApplication@53b76c4c
reloadAllAccessors: .ScaleArray2

===========================================================================================
----------------- testing Mon Oct 05 15:46:22 UTC 2020 /home/travis/build/icyphy/ptII/ptolemy/actor/lib/test/auto/ScaleMatrix.xml
----------------- Instantiating /home/travis/build/icyphy/ptII/ptolemy/actor/lib/test/auto/ScaleMatrix.xml
100 ms. Memory: 461824K Free: 175713K (38%)
----------------- Invoking toplevel() on ptolemy.moml.MoMLSimpleApplication@4b8c1a01
----------------- Done invoking toplevel() on ptolemy.moml.MoMLSimpleApplication@4b8c1a01
reloadAllAccessors: .ScaleMatrix

===========================================================================================
----------------- testing Mon Oct 05 15:46:22 UTC 2020 /home/travis/build/icyphy/ptII/ptolemy/actor/lib/test/auto/Select.xml
----------------- Instantiating /home/travis/build/icyphy/ptII/ptolemy/actor/lib/test/auto/Select.xml
2 ms. Memory: 461824K Free: 169059K (37%)
----------------- Invoking toplevel() on ptolemy.moml.MoMLSimpleApplication@670ecfdc
----------------- Done invoking toplevel() on ptolemy.moml.MoMLSimpleApplication@670ecfdc
reloadAllAccessors: .Select

===========================================================================================
----------------- testing Mon Oct 05 15:46:22 UTC 2020 /home/travis/build/icyphy/ptII/ptolemy/actor/lib/test/auto/Select2.xml
----------------- Instantiating /home/travis/build/icyphy/ptII/ptolemy/actor/lib/test/auto/Select2.xml
1 ms. Memory: 461824K Free: 164449K (36%)
----------------- Invoking toplevel() on ptolemy.moml.MoMLSimpleApplication@c971c50
----------------- Done invoking toplevel() on ptolemy.moml.MoMLSimpleApplication@c971c50
reloadAllAccessors: .Select2

===========================================================================================
----------------- testing Mon Oct 05 15:46:22 UTC 2020 /home/travis/build/icyphy/ptII/ptolemy/actor/lib/test/auto/SequenceToArray2.xml
----------------- Instantiating /home/travis/build/icyphy/ptII/ptolemy/actor/lib/test/auto/SequenceToArray2.xml
94 ms. Memory: 461824K Free: 139873K (30%)
----------------- Invoking toplevel() on ptolemy.moml.MoMLSimpleApplication@11c96991
----------------- Done invoking toplevel() on ptolemy.moml.MoMLSimpleApplication@11c96991
reloadAllAccessors: .SequenceToArray2

===========================================================================================
----------------- testing Mon Oct 05 15:46:22 UTC 2020 /home/travis/build/icyphy/ptII/ptolemy/actor/lib/test/auto/SequentialClock.xml
----------------- Instantiating /home/travis/build/icyphy/ptII/ptolemy/actor/lib/test/auto/SequentialClock.xml
1 ms. Memory: 461824K Free: 408675K (88%)
----------------- Invoking toplevel() on ptolemy.moml.MoMLSimpleApplication@1af1176b
----------------- Done invoking toplevel() on ptolemy.moml.MoMLSimpleApplication@1af1176b
reloadAllAccessors: .SequentialClock

===========================================================================================
----------------- testing Mon Oct 05 15:46:22 UTC 2020 /home/travis/build/icyphy/ptII/ptolemy/actor/lib/test/auto/SetVariable.xml
----------------- Instantiating /home/travis/build/icyphy/ptII/ptolemy/actor/lib/test/auto/SetVariable.xml
2 ms. Memory: 461824K Free: 403855K (87%)
----------------- Invoking toplevel() on ptolemy.moml.MoMLSimpleApplication@173ed8e2
----------------- Done invoking toplevel() on ptolemy.moml.MoMLSimpleApplication@173ed8e2
reloadAllAccessors: .SetVariable

===========================================================================================
----------------- testing Mon Oct 05 15:46:22 UTC 2020 /home/travis/build/icyphy/ptII/ptolemy/actor/lib/test/auto/SetVariable2.xml
----------------- Instantiating /home/travis/build/icyphy/ptII/ptolemy/actor/lib/test/auto/SetVariable2.xml
3 ms. Memory: 461824K Free: 398225K (86%)
----------------- Invoking toplevel() on ptolemy.moml.MoMLSimpleApplication@78fe44f8
----------------- Done invoking toplevel() on ptolemy.moml.MoMLSimpleApplication@78fe44f8
reloadAllAccessors: .SetVariable2

===========================================================================================
----------------- testing Mon Oct 05 15:46:22 UTC 2020 /home/travis/build/icyphy/ptII/ptolemy/actor/lib/test/auto/SetVariable3.xml
----------------- Instantiating /home/travis/build/icyphy/ptII/ptolemy/actor/lib/test/auto/SetVariable3.xml
6 ms. Memory: 461824K Free: 393105K (85%)
----------------- Invoking toplevel() on ptolemy.moml.MoMLSimpleApplication@7726e835
----------------- Done invoking toplevel() on ptolemy.moml.MoMLSimpleApplication@7726e835
reloadAllAccessors: .SetVariable3

===========================================================================================
----------------- testing Mon Oct 05 15:46:22 UTC 2020 /home/travis/build/icyphy/ptII/ptolemy/actor/lib/test/auto/SetVariable4.xml
----------------- Instantiating /home/travis/build/icyphy/ptII/ptolemy/actor/lib/test/auto/SetVariable4.xml
18 ms. Memory: 461824K Free: 383375K (83%)
----------------- Invoking toplevel() on ptolemy.moml.MoMLSimpleApplication@782ab7e3
----------------- Done invoking toplevel() on ptolemy.moml.MoMLSimpleApplication@782ab7e3
reloadAllAccessors: .SetVariable4

===========================================================================================
----------------- testing Mon Oct 05 15:46:22 UTC 2020 /home/travis/build/icyphy/ptII/ptolemy/actor/lib/test/auto/SetVariable5.xml
----------------- Instantiating /home/travis/build/icyphy/ptII/ptolemy/actor/lib/test/auto/SetVariable5.xml
19 ms. Memory: 461824K Free: 373649K (81%)
----------------- Invoking toplevel() on ptolemy.moml.MoMLSimpleApplication@46760578
----------------- Done invoking toplevel() on ptolemy.moml.MoMLSimpleApplication@46760578
reloadAllAccessors: .SetVariable5

===========================================================================================
----------------- testing Mon Oct 05 15:46:22 UTC 2020 /home/travis/build/icyphy/ptII/ptolemy/actor/lib/test/auto/Sinewave.xml
----------------- Instantiating /home/travis/build/icyphy/ptII/ptolemy/actor/lib/test/auto/Sinewave.xml
5 ms. Memory: 461824K Free: 363409K (79%)
----------------- Invoking toplevel() on ptolemy.moml.MoMLSimpleApplication@7e2f51d
----------------- Done invoking toplevel() on ptolemy.moml.MoMLSimpleApplication@7e2f51d
reloadAllAccessors: .Sinewave

===========================================================================================
----------------- testing Mon Oct 05 15:46:22 UTC 2020 /home/travis/build/icyphy/ptII/ptolemy/actor/lib/test/auto/Sinewave2.xml
----------------- Instantiating /home/travis/build/icyphy/ptII/ptolemy/actor/lib/test/auto/Sinewave2.xml
7 ms. Memory: 461824K Free: 355217K (77%)
----------------- Invoking toplevel() on ptolemy.moml.MoMLSimpleApplication@285bf9cf
----------------- Done invoking toplevel() on ptolemy.moml.MoMLSimpleApplication@285bf9cf
reloadAllAccessors: .Sinewave2

===========================================================================================
----------------- testing Mon Oct 05 15:46:22 UTC 2020 /home/travis/build/icyphy/ptII/ptolemy/actor/lib/test/auto/Sinewave3.xml
----------------- Instantiating /home/travis/build/icyphy/ptII/ptolemy/actor/lib/test/auto/Sinewave3.xml
9 ms. Memory: 461824K Free: 347025K (75%)
----------------- Invoking toplevel() on ptolemy.moml.MoMLSimpleApplication@c7b5de4
----------------- Done invoking toplevel() on ptolemy.moml.MoMLSimpleApplication@c7b5de4
reloadAllAccessors: .Sinewave3

===========================================================================================
----------------- testing Mon Oct 05 15:46:22 UTC 2020 /home/travis/build/icyphy/ptII/ptolemy/actor/lib/test/auto/SingleEvent.xml
----------------- Instantiating /home/travis/build/icyphy/ptII/ptolemy/actor/lib/test/auto/SingleEvent.xml
1 ms. Memory: 461824K Free: 342415K (74%)
----------------- Invoking toplevel() on ptolemy.moml.MoMLSimpleApplication@5372eab3
----------------- Done invoking toplevel() on ptolemy.moml.MoMLSimpleApplication@5372eab3
reloadAllAccessors: .SingleEvent

===========================================================================================
----------------- testing Mon Oct 05 15:46:22 UTC 2020 /home/travis/build/icyphy/ptII/ptolemy/actor/lib/test/auto/Sleep.xml
----------------- Instantiating /home/travis/build/icyphy/ptII/ptolemy/actor/lib/test/auto/Sleep.xml
6003 ms. Memory: 461824K Free: 337281K (73%)
----------------- Invoking toplevel() on ptolemy.moml.MoMLSimpleApplication@543b0789
----------------- Done invoking toplevel() on ptolemy.moml.MoMLSimpleApplication@543b0789
reloadAllAccessors: .Sleep

===========================================================================================
----------------- testing Mon Oct 05 15:46:28 UTC 2020 /home/travis/build/icyphy/ptII/ptolemy/actor/lib/test/auto/SleepMultipleFire.xml
----------------- Instantiating /home/travis/build/icyphy/ptII/ptolemy/actor/lib/test/auto/SleepMultipleFire.xml
1004 ms. Memory: 461824K Free: 331665K (72%)
----------------- Invoking toplevel() on ptolemy.moml.MoMLSimpleApplication@53b7f002
----------------- Done invoking toplevel() on ptolemy.moml.MoMLSimpleApplication@53b7f002
reloadAllAccessors: .SleepMultipleFire

===========================================================================================
----------------- testing Mon Oct 05 15:46:29 UTC 2020 /home/travis/build/icyphy/ptII/ptolemy/actor/lib/test/auto/StopDE.xml
----------------- Instantiating /home/travis/build/icyphy/ptII/ptolemy/actor/lib/test/auto/StopDE.xml
3 ms. Memory: 461824K Free: 325521K (70%)
----------------- Invoking toplevel() on ptolemy.moml.MoMLSimpleApplication@561ac395
----------------- Done invoking toplevel() on ptolemy.moml.MoMLSimpleApplication@561ac395
reloadAllAccessors: .StopDE

===========================================================================================
----------------- testing Mon Oct 05 15:46:29 UTC 2020 /home/travis/build/icyphy/ptII/ptolemy/actor/lib/test/auto/StopSDF.xml
----------------- Instantiating /home/travis/build/icyphy/ptII/ptolemy/actor/lib/test/auto/StopSDF.xml
2 ms. Memory: 461824K Free: 320401K (69%)
----------------- Invoking toplevel() on ptolemy.moml.MoMLSimpleApplication@df2deb3
----------------- Done invoking toplevel() on ptolemy.moml.MoMLSimpleApplication@df2deb3
reloadAllAccessors: .StopSDF

===========================================================================================
----------------- testing Mon Oct 05 15:46:29 UTC 2020 /home/travis/build/icyphy/ptII/ptolemy/actor/lib/test/auto/StringConstant.xml
----------------- Instantiating /home/travis/build/icyphy/ptII/ptolemy/actor/lib/test/auto/StringConstant.xml
7 ms. Memory: 461824K Free: 316305K (68%)
----------------- Invoking toplevel() on ptolemy.moml.MoMLSimpleApplication@649c993e
----------------- Done invoking toplevel() on ptolemy.moml.MoMLSimpleApplication@649c993e
reloadAllAccessors: .StringConstant

===========================================================================================
----------------- testing Mon Oct 05 15:46:29 UTC 2020 /home/travis/build/icyphy/ptII/ptolemy/actor/lib/test/auto/SubscriberPortInitialValues1.xml
----------------- Instantiating /home/travis/build/icyphy/ptII/ptolemy/actor/lib/test/auto/SubscriberPortInitialValues1.xml
8 ms. Memory: 461824K Free: 307089K (66%)
----------------- Invoking toplevel() on ptolemy.moml.MoMLSimpleApplication@198ff0a6
----------------- Done invoking toplevel() on ptolemy.moml.MoMLSimpleApplication@198ff0a6
reloadAllAccessors: .SubscriberPortInitialValues1

===========================================================================================
----------------- testing Mon Oct 05 15:46:30 UTC 2020 /home/travis/build/icyphy/ptII/ptolemy/actor/lib/test/auto/SubscriberPortInitialValues13.xml
----------------- Instantiating /home/travis/build/icyphy/ptII/ptolemy/actor/lib/test/auto/SubscriberPortInitialValues13.xml
6 ms. Memory: 461824K Free: 294287K (64%)
----------------- Invoking toplevel() on ptolemy.moml.MoMLSimpleApplication@50cfec85
----------------- Done invoking toplevel() on ptolemy.moml.MoMLSimpleApplication@50cfec85
reloadAllAccessors: .SubscriberPortInitialValues13

===========================================================================================
----------------- testing Mon Oct 05 15:46:30 UTC 2020 /home/travis/build/icyphy/ptII/ptolemy/actor/lib/test/auto/SubscriberPortInitialValues14.xml
----------------- Instantiating /home/travis/build/icyphy/ptII/ptolemy/actor/lib/test/auto/SubscriberPortInitialValues14.xml
4 ms. Memory: 461824K Free: 286609K (62%)
----------------- Invoking toplevel() on ptolemy.moml.MoMLSimpleApplication@10a28ed2
----------------- Done invoking toplevel() on ptolemy.moml.MoMLSimpleApplication@10a28ed2
reloadAllAccessors: .SubscriberPortInitialValues14

===========================================================================================
----------------- testing Mon Oct 05 15:46:30 UTC 2020 /home/travis/build/icyphy/ptII/ptolemy/actor/lib/test/auto/SubscriberPortInitialValues2.xml
----------------- Instantiating /home/travis/build/icyphy/ptII/ptolemy/actor/lib/test/auto/SubscriberPortInitialValues2.xml
4 ms. Memory: 461824K Free: 278417K (60%)
----------------- Invoking toplevel() on ptolemy.moml.MoMLSimpleApplication@7b873315
----------------- Done invoking toplevel() on ptolemy.moml.MoMLSimpleApplication@7b873315
reloadAllAccessors: .SubscriberPortInitialValues2

===========================================================================================
----------------- testing Mon Oct 05 15:46:30 UTC 2020 /home/travis/build/icyphy/ptII/ptolemy/actor/lib/test/auto/SubscriberPortInitialValues3.xml
----------------- Instantiating /home/travis/build/icyphy/ptII/ptolemy/actor/lib/test/auto/SubscriberPortInitialValues3.xml
5 ms. Memory: 461824K Free: 267663K (58%)
----------------- Invoking toplevel() on ptolemy.moml.MoMLSimpleApplication@768c1a0b
----------------- Done invoking toplevel() on ptolemy.moml.MoMLSimpleApplication@768c1a0b
reloadAllAccessors: .SubscriberPortInitialValues3

===========================================================================================
----------------- testing Mon Oct 05 15:46:30 UTC 2020 /home/travis/build/icyphy/ptII/ptolemy/actor/lib/test/auto/SubscriptionAggregator.xml
----------------- Instantiating /home/travis/build/icyphy/ptII/ptolemy/actor/lib/test/auto/SubscriptionAggregator.xml
2 ms. Memory: 461824K Free: 261009K (57%)
----------------- Invoking toplevel() on ptolemy.moml.MoMLSimpleApplication@3068f8cd
----------------- Done invoking toplevel() on ptolemy.moml.MoMLSimpleApplication@3068f8cd
reloadAllAccessors: .SubscriptionAggregator

===========================================================================================
----------------- testing Mon Oct 05 15:46:30 UTC 2020 /home/travis/build/icyphy/ptII/ptolemy/actor/lib/test/auto/SubscriptionAggregator2.xml
----------------- Instantiating /home/travis/build/icyphy/ptII/ptolemy/actor/lib/test/auto/SubscriptionAggregator2.xml
2 ms. Memory: 461824K Free: 253321K (55%)
----------------- Invoking toplevel() on ptolemy.moml.MoMLSimpleApplication@17a300d4
----------------- Done invoking toplevel() on ptolemy.moml.MoMLSimpleApplication@17a300d4
reloadAllAccessors: .SubscriptionAggregator2

===========================================================================================
----------------- testing Mon Oct 05 15:46:30 UTC 2020 /home/travis/build/icyphy/ptII/ptolemy/actor/lib/test/auto/SubscriptionAggregator3.xml
----------------- Instantiating /home/travis/build/icyphy/ptII/ptolemy/actor/lib/test/auto/SubscriptionAggregator3.xml
6 ms. Memory: 461824K Free: 244625K (53%)
----------------- Invoking toplevel() on ptolemy.moml.MoMLSimpleApplication@53e18189
----------------- Done invoking toplevel() on ptolemy.moml.MoMLSimpleApplication@53e18189
reloadAllAccessors: .SubscriptionAggregator3

===========================================================================================
----------------- testing Mon Oct 05 15:46:30 UTC 2020 /home/travis/build/icyphy/ptII/ptolemy/actor/lib/test/auto/SubscriptionAggregatorMultiply.xml
----------------- Instantiating /home/travis/build/icyphy/ptII/ptolemy/actor/lib/test/auto/SubscriptionAggregatorMultiply.xml
3 ms. Memory: 461824K Free: 236433K (51%)
----------------- Invoking toplevel() on ptolemy.moml.MoMLSimpleApplication@386555bd
----------------- Done invoking toplevel() on ptolemy.moml.MoMLSimpleApplication@386555bd
reloadAllAccessors: .SubscriptionAggregatorMultiply

===========================================================================================
----------------- testing Mon Oct 05 15:46:30 UTC 2020 /home/travis/build/icyphy/ptII/ptolemy/actor/lib/test/auto/SubscriptionAggregatorPortMultiply1.xml
----------------- Instantiating /home/travis/build/icyphy/ptII/ptolemy/actor/lib/test/auto/SubscriptionAggregatorPortMultiply1.xml
3 ms. Memory: 461824K Free: 228241K (49%)
----------------- Invoking toplevel() on ptolemy.moml.MoMLSimpleApplication@425a9ca5
----------------- Done invoking toplevel() on ptolemy.moml.MoMLSimpleApplication@425a9ca5
reloadAllAccessors: .SubscriptionAggregatorPortMultiply1

===========================================================================================
----------------- testing Mon Oct 05 15:46:30 UTC 2020 /home/travis/build/icyphy/ptII/ptolemy/actor/lib/test/auto/Switch.xml
----------------- Instantiating /home/travis/build/icyphy/ptII/ptolemy/actor/lib/test/auto/Switch.xml
8 ms. Memory: 461824K Free: 220559K (48%)
----------------- Invoking toplevel() on ptolemy.moml.MoMLSimpleApplication@4c8324b7
----------------- Done invoking toplevel() on ptolemy.moml.MoMLSimpleApplication@4c8324b7
reloadAllAccessors: .Switch

===========================================================================================
----------------- testing Mon Oct 05 15:46:30 UTC 2020 /home/travis/build/icyphy/ptII/ptolemy/actor/lib/test/auto/Switch2.xml
----------------- Instantiating /home/travis/build/icyphy/ptII/ptolemy/actor/lib/test/auto/Switch2.xml
1 ms. Memory: 461824K Free: 215953K (47%)
----------------- Invoking toplevel() on ptolemy.moml.MoMLSimpleApplication@1d59f838
----------------- Done invoking toplevel() on ptolemy.moml.MoMLSimpleApplication@1d59f838
reloadAllAccessors: .Switch2

===========================================================================================
----------------- testing Mon Oct 05 15:46:30 UTC 2020 /home/travis/build/icyphy/ptII/ptolemy/actor/lib/test/auto/SwitchDE.xml
----------------- Instantiating /home/travis/build/icyphy/ptII/ptolemy/actor/lib/test/auto/SwitchDE.xml
4 ms. Memory: 461824K Free: 209289K (45%)
----------------- Invoking toplevel() on ptolemy.moml.MoMLSimpleApplication@28e1b439
----------------- Done invoking toplevel() on ptolemy.moml.MoMLSimpleApplication@28e1b439
reloadAllAccessors: .SwitchDE

===========================================================================================
----------------- testing Mon Oct 05 15:46:30 UTC 2020 /home/travis/build/icyphy/ptII/ptolemy/actor/lib/test/auto/SynchronizerDE.xml
----------------- Instantiating /home/travis/build/icyphy/ptII/ptolemy/actor/lib/test/auto/SynchronizerDE.xml
7 ms. Memory: 461824K Free: 201073K (44%)
----------------- Invoking toplevel() on ptolemy.moml.MoMLSimpleApplication@7f715581
----------------- Done invoking toplevel() on ptolemy.moml.MoMLSimpleApplication@7f715581
reloadAllAccessors: .SynchronizerDE

===========================================================================================
----------------- testing Mon Oct 05 15:46:30 UTC 2020 /home/travis/build/icyphy/ptII/ptolemy/actor/lib/test/auto/Test.xml
----------------- Instantiating /home/travis/build/icyphy/ptII/ptolemy/actor/lib/test/auto/Test.xml
10 ms. Memory: 461824K Free: 195977K (42%)
----------------- Invoking toplevel() on ptolemy.moml.MoMLSimpleApplication@697d4b99
----------------- Done invoking toplevel() on ptolemy.moml.MoMLSimpleApplication@697d4b99
reloadAllAccessors: .Test

===========================================================================================
----------------- testing Mon Oct 05 15:46:30 UTC 2020 /home/travis/build/icyphy/ptII/ptolemy/actor/lib/test/auto/TestExceptionAttribute1.xml
----------------- Instantiating /home/travis/build/icyphy/ptII/ptolemy/actor/lib/test/auto/TestExceptionAttribute1.xml
1 ms. Memory: 461824K Free: 191887K (42%)
----------------- Invoking toplevel() on ptolemy.moml.MoMLSimpleApplication@3949a342
----------------- Done invoking toplevel() on ptolemy.moml.MoMLSimpleApplication@3949a342
reloadAllAccessors: .TestExceptionAttribute1

===========================================================================================
----------------- testing Mon Oct 05 15:46:30 UTC 2020 /home/travis/build/icyphy/ptII/ptolemy/actor/lib/test/auto/TestExceptionAttribute2.xml
----------------- Instantiating /home/travis/build/icyphy/ptII/ptolemy/actor/lib/test/auto/TestExceptionAttribute2.xml
2 ms. Memory: 461824K Free: 188305K (41%)
----------------- Invoking toplevel() on ptolemy.moml.MoMLSimpleApplication@3d37b702
----------------- Done invoking toplevel() on ptolemy.moml.MoMLSimpleApplication@3d37b702
reloadAllAccessors: .TestExceptionAttribute2

===========================================================================================
----------------- testing Mon Oct 05 15:46:30 UTC 2020 /home/travis/build/icyphy/ptII/ptolemy/actor/lib/test/auto/TestExceptionAttribute3.xml
----------------- Instantiating /home/travis/build/icyphy/ptII/ptolemy/actor/lib/test/auto/TestExceptionAttribute3.xml
.TestExceptionAttribute3.TestExceptionAttribute: initialize() was not invoked, but wrapup() was.  This is unusual, but not always a problem.  For example, exporting JNLP will do this.
1 ms. Memory: 461824K Free: 184209K (40%)
----------------- Invoking toplevel() on ptolemy.moml.MoMLSimpleApplication@32944b07
----------------- Done invoking toplevel() on ptolemy.moml.MoMLSimpleApplication@32944b07
reloadAllAccessors: .TestExceptionAttribute3

===========================================================================================
----------------- testing Mon Oct 05 15:46:30 UTC 2020 /home/travis/build/icyphy/ptII/ptolemy/actor/lib/test/auto/TestExceptionAttribute4.xml
----------------- Instantiating /home/travis/build/icyphy/ptII/ptolemy/actor/lib/test/auto/TestExceptionAttribute4.xml
.TestExceptionAttribute4.TestExceptionAttribute: initialize() was not invoked, but wrapup() was.  This is unusual, but not always a problem.  For example, exporting JNLP will do this.
.TestExceptionAttribute4.TestExceptionAttribute2: initialize() was not invoked, but wrapup() was.  This is unusual, but not always a problem.  For example, exporting JNLP will do this.
1 ms. Memory: 461824K Free: 180113K (39%)
----------------- Invoking toplevel() on ptolemy.moml.MoMLSimpleApplication@6d26a20f
----------------- Done invoking toplevel() on ptolemy.moml.MoMLSimpleApplication@6d26a20f
reloadAllAccessors: .TestExceptionAttribute4

===========================================================================================
----------------- testing Mon Oct 05 15:46:30 UTC 2020 /home/travis/build/icyphy/ptII/ptolemy/actor/lib/test/auto/TestExceptionHandler1.xml
----------------- Instantiating /home/travis/build/icyphy/ptII/ptolemy/actor/lib/test/auto/TestExceptionHandler1.xml
1 ms. Memory: 461824K Free: 176527K (38%)
----------------- Invoking toplevel() on ptolemy.moml.MoMLSimpleApplication@42f3eb9
----------------- Done invoking toplevel() on ptolemy.moml.MoMLSimpleApplication@42f3eb9
reloadAllAccessors: .TestExceptionHandler1

===========================================================================================
----------------- testing Mon Oct 05 15:46:30 UTC 2020 /home/travis/build/icyphy/ptII/ptolemy/actor/lib/test/auto/TestExceptionHandler2.xml
----------------- Instantiating /home/travis/build/icyphy/ptII/ptolemy/actor/lib/test/auto/TestExceptionHandler2.xml
2 ms. Memory: 461824K Free: 172431K (37%)
----------------- Invoking toplevel() on ptolemy.moml.MoMLSimpleApplication@4336c312
----------------- Done invoking toplevel() on ptolemy.moml.MoMLSimpleApplication@4336c312
reloadAllAccessors: .TestExceptionHandler2

===========================================================================================
----------------- testing Mon Oct 05 15:46:30 UTC 2020 /home/travis/build/icyphy/ptII/ptolemy/actor/lib/test/auto/TestExceptionHandler3.xml
----------------- Instantiating /home/travis/build/icyphy/ptII/ptolemy/actor/lib/test/auto/TestExceptionHandler3.xml
0 ms. Memory: 461824K Free: 168849K (37%)
----------------- Invoking toplevel() on ptolemy.moml.MoMLSimpleApplication@1cb79977
----------------- Done invoking toplevel() on ptolemy.moml.MoMLSimpleApplication@1cb79977
reloadAllAccessors: .TestExceptionHandler3

===========================================================================================
----------------- testing Mon Oct 05 15:46:30 UTC 2020 /home/travis/build/icyphy/ptII/ptolemy/actor/lib/test/auto/TestExceptionHandler4.xml
----------------- Instantiating /home/travis/build/icyphy/ptII/ptolemy/actor/lib/test/auto/TestExceptionHandler4.xml
1 ms. Memory: 461824K Free: 164753K (36%)
----------------- Invoking toplevel() on ptolemy.moml.MoMLSimpleApplication@526de67b
----------------- Done invoking toplevel() on ptolemy.moml.MoMLSimpleApplication@526de67b
reloadAllAccessors: .TestExceptionHandler4

===========================================================================================
----------------- testing Mon Oct 05 15:46:30 UTC 2020 /home/travis/build/icyphy/ptII/ptolemy/actor/lib/test/auto/TestRequireCorrectOrder.xml
----------------- Instantiating /home/travis/build/icyphy/ptII/ptolemy/actor/lib/test/auto/TestRequireCorrectOrder.xml
6 ms. Memory: 461824K Free: 159089K (34%)
----------------- Invoking toplevel() on ptolemy.moml.MoMLSimpleApplication@73bdcb35
----------------- Done invoking toplevel() on ptolemy.moml.MoMLSimpleApplication@73bdcb35
reloadAllAccessors: .TestRequireCorrectOrder

===========================================================================================
----------------- testing Mon Oct 05 15:46:30 UTC 2020 /home/travis/build/icyphy/ptII/ptolemy/actor/lib/test/auto/TestSimple.xml
----------------- Instantiating /home/travis/build/icyphy/ptII/ptolemy/actor/lib/test/auto/TestSimple.xml
1 ms. Memory: 461824K Free: 155017K (34%)
----------------- Invoking toplevel() on ptolemy.moml.MoMLSimpleApplication@64c48eff
----------------- Done invoking toplevel() on ptolemy.moml.MoMLSimpleApplication@64c48eff
reloadAllAccessors: .TestSimple

===========================================================================================
----------------- testing Mon Oct 05 15:46:30 UTC 2020 /home/travis/build/icyphy/ptII/ptolemy/actor/lib/test/auto/ThrowModelError.xml
----------------- Instantiating /home/travis/build/icyphy/ptII/ptolemy/actor/lib/test/auto/ThrowModelError.xml
1 ms. Memory: 461824K Free: 149903K (32%)
----------------- Invoking toplevel() on ptolemy.moml.MoMLSimpleApplication@2d70de4b
----------------- Done invoking toplevel() on ptolemy.moml.MoMLSimpleApplication@2d70de4b
reloadAllAccessors: .ThrowModelError

===========================================================================================
----------------- testing Mon Oct 05 15:46:30 UTC 2020 /home/travis/build/icyphy/ptII/ptolemy/actor/lib/test/auto/TimeDelayMicrosteps.xml
----------------- Instantiating /home/travis/build/icyphy/ptII/ptolemy/actor/lib/test/auto/TimeDelayMicrosteps.xml
2 ms. Memory: 461824K Free: 143249K (31%)
----------------- Invoking toplevel() on ptolemy.moml.MoMLSimpleApplication@3a80f8af
----------------- Done invoking toplevel() on ptolemy.moml.MoMLSimpleApplication@3a80f8af
reloadAllAccessors: .TimeDelayMicrosteps

===========================================================================================
----------------- testing Mon Oct 05 15:46:30 UTC 2020 /home/travis/build/icyphy/ptII/ptolemy/actor/lib/test/auto/TimeDelayMicrosteps2.xml
----------------- Instantiating /home/travis/build/icyphy/ptII/ptolemy/actor/lib/test/auto/TimeDelayMicrosteps2.xml
24 ms. Memory: 461824K Free: 409204K (89%)
----------------- Invoking toplevel() on ptolemy.moml.MoMLSimpleApplication@416e3a12
----------------- Done invoking toplevel() on ptolemy.moml.MoMLSimpleApplication@416e3a12
reloadAllAccessors: .TimeDelayMicrosteps2

===========================================================================================
----------------- testing Mon Oct 05 15:46:30 UTC 2020 /home/travis/build/icyphy/ptII/ptolemy/actor/lib/test/auto/TimeDelayMicrosteps3.xml
----------------- Instantiating /home/travis/build/icyphy/ptII/ptolemy/actor/lib/test/auto/TimeDelayMicrosteps3.xml
3 ms. Memory: 461824K Free: 402036K (87%)
----------------- Invoking toplevel() on ptolemy.moml.MoMLSimpleApplication@4d1cbed1
----------------- Done invoking toplevel() on ptolemy.moml.MoMLSimpleApplication@4d1cbed1
reloadAllAccessors: .TimeDelayMicrosteps3

===========================================================================================
----------------- testing Mon Oct 05 15:46:30 UTC 2020 /home/travis/build/icyphy/ptII/ptolemy/actor/lib/test/auto/TimeDelayVariableMicrosteps.xml
----------------- Instantiating /home/travis/build/icyphy/ptII/ptolemy/actor/lib/test/auto/TimeDelayVariableMicrosteps.xml
2 ms. Memory: 461824K Free: 395378K (86%)
----------------- Invoking toplevel() on ptolemy.moml.MoMLSimpleApplication@69b963f5
----------------- Done invoking toplevel() on ptolemy.moml.MoMLSimpleApplication@69b963f5
reloadAllAccessors: .TimeDelayVariableMicrosteps

===========================================================================================
----------------- testing Mon Oct 05 15:46:30 UTC 2020 /home/travis/build/icyphy/ptII/ptolemy/actor/lib/test/auto/TimeGap.xml
----------------- Instantiating /home/travis/build/icyphy/ptII/ptolemy/actor/lib/test/auto/TimeGap.xml
2 ms. Memory: 461824K Free: 390252K (85%)
----------------- Invoking toplevel() on ptolemy.moml.MoMLSimpleApplication@2f1e6a51
----------------- Done invoking toplevel() on ptolemy.moml.MoMLSimpleApplication@2f1e6a51
reloadAllAccessors: .TimeGap

===========================================================================================
----------------- testing Mon Oct 05 15:46:30 UTC 2020 /home/travis/build/icyphy/ptII/ptolemy/actor/lib/test/auto/TimeGap2.xml
----------------- Instantiating /home/travis/build/icyphy/ptII/ptolemy/actor/lib/test/auto/TimeGap2.xml
1 ms. Memory: 461824K Free: 384084K (83%)
----------------- Invoking toplevel() on ptolemy.moml.MoMLSimpleApplication@145d404e
----------------- Done invoking toplevel() on ptolemy.moml.MoMLSimpleApplication@145d404e
reloadAllAccessors: .TimeGap2

===========================================================================================
----------------- testing Mon Oct 05 15:46:30 UTC 2020 /home/travis/build/icyphy/ptII/ptolemy/actor/lib/test/auto/TimedSinewave.xml
----------------- Instantiating /home/travis/build/icyphy/ptII/ptolemy/actor/lib/test/auto/TimedSinewave.xml
12 ms. Memory: 461824K Free: 370292K (80%)
----------------- Invoking toplevel() on ptolemy.moml.MoMLSimpleApplication@3e5f5908
----------------- Done invoking toplevel() on ptolemy.moml.MoMLSimpleApplication@3e5f5908
reloadAllAccessors: .TimedSinewave

===========================================================================================
----------------- testing Mon Oct 05 15:46:30 UTC 2020 /home/travis/build/icyphy/ptII/ptolemy/actor/lib/test/auto/TimedSinewavePhase.xml
----------------- Instantiating /home/travis/build/icyphy/ptII/ptolemy/actor/lib/test/auto/TimedSinewavePhase.xml
7 ms. Memory: 461824K Free: 360052K (78%)
----------------- Invoking toplevel() on ptolemy.moml.MoMLSimpleApplication@5827ad94
----------------- Done invoking toplevel() on ptolemy.moml.MoMLSimpleApplication@5827ad94
reloadAllAccessors: .TimedSinewavePhase

===========================================================================================
----------------- testing Mon Oct 05 15:46:30 UTC 2020 /home/travis/build/icyphy/ptII/ptolemy/actor/lib/test/auto/Timer.xml
----------------- Instantiating /home/travis/build/icyphy/ptII/ptolemy/actor/lib/test/auto/Timer.xml
1 ms. Memory: 461824K Free: 354412K (77%)
----------------- Invoking toplevel() on ptolemy.moml.MoMLSimpleApplication@5b7d41d4
----------------- Done invoking toplevel() on ptolemy.moml.MoMLSimpleApplication@5b7d41d4
reloadAllAccessors: .Timer

===========================================================================================
----------------- testing Mon Oct 05 15:46:30 UTC 2020 /home/travis/build/icyphy/ptII/ptolemy/actor/lib/test/auto/TriangularDistTestModel.xml
----------------- Instantiating /home/travis/build/icyphy/ptII/ptolemy/actor/lib/test/auto/TriangularDistTestModel.xml
2 ms. Memory: 461824K Free: 348788K (76%)
----------------- Invoking toplevel() on ptolemy.moml.MoMLSimpleApplication@11586f33
----------------- Done invoking toplevel() on ptolemy.moml.MoMLSimpleApplication@11586f33
reloadAllAccessors: .TriangularDistTestModel

===========================================================================================
----------------- testing Mon Oct 05 15:46:30 UTC 2020 /home/travis/build/icyphy/ptII/ptolemy/actor/lib/test/auto/TrigFunction.xml
----------------- Instantiating /home/travis/build/icyphy/ptII/ptolemy/actor/lib/test/auto/TrigFunction.xml
2 ms. Memory: 461824K Free: 343668K (74%)
----------------- Invoking toplevel() on ptolemy.moml.MoMLSimpleApplication@239ba6b
----------------- Done invoking toplevel() on ptolemy.moml.MoMLSimpleApplication@239ba6b
reloadAllAccessors: .TrigFunction

===========================================================================================
----------------- testing Mon Oct 05 15:46:30 UTC 2020 /home/travis/build/icyphy/ptII/ptolemy/actor/lib/test/auto/TrigFunctionDE.xml
----------------- Instantiating /home/travis/build/icyphy/ptII/ptolemy/actor/lib/test/auto/TrigFunctionDE.xml
2 ms. Memory: 461824K Free: 338028K (73%)
----------------- Invoking toplevel() on ptolemy.moml.MoMLSimpleApplication@282cb9c6
----------------- Done invoking toplevel() on ptolemy.moml.MoMLSimpleApplication@282cb9c6
reloadAllAccessors: .TrigFunctionDE

===========================================================================================
----------------- testing Mon Oct 05 15:46:30 UTC 2020 /home/travis/build/icyphy/ptII/ptolemy/actor/lib/test/auto/TrigFunctionInverse.xml
----------------- Instantiating /home/travis/build/icyphy/ptII/ptolemy/actor/lib/test/auto/TrigFunctionInverse.xml
2 ms. Memory: 461824K Free: 332404K (72%)
----------------- Invoking toplevel() on ptolemy.moml.MoMLSimpleApplication@49572a4e
----------------- Done invoking toplevel() on ptolemy.moml.MoMLSimpleApplication@49572a4e
reloadAllAccessors: .TrigFunctionInverse

===========================================================================================
----------------- testing Mon Oct 05 15:46:30 UTC 2020 /home/travis/build/icyphy/ptII/ptolemy/actor/lib/test/auto/TrigFunctionTan.xml
----------------- Instantiating /home/travis/build/icyphy/ptII/ptolemy/actor/lib/test/auto/TrigFunctionTan.xml
1 ms. Memory: 461824K Free: 327794K (71%)
----------------- Invoking toplevel() on ptolemy.moml.MoMLSimpleApplication@db5b846
----------------- Done invoking toplevel() on ptolemy.moml.MoMLSimpleApplication@db5b846
reloadAllAccessors: .TrigFunctionTan

===========================================================================================
----------------- testing Mon Oct 05 15:46:30 UTC 2020 /home/travis/build/icyphy/ptII/ptolemy/actor/lib/test/auto/TriggeredClock.xml
----------------- Instantiating /home/travis/build/icyphy/ptII/ptolemy/actor/lib/test/auto/TriggeredClock.xml
1 ms. Memory: 461824K Free: 322164K (70%)
----------------- Invoking toplevel() on ptolemy.moml.MoMLSimpleApplication@274c8053
----------------- Done invoking toplevel() on ptolemy.moml.MoMLSimpleApplication@274c8053
reloadAllAccessors: .TriggeredClock

===========================================================================================
----------------- testing Mon Oct 05 15:46:30 UTC 2020 /home/travis/build/icyphy/ptII/ptolemy/actor/lib/test/auto/URLDirectoryReader.xml
----------------- Instantiating /home/travis/build/icyphy/ptII/ptolemy/actor/lib/test/auto/URLDirectoryReader.xml
44 ms. Memory: 461824K Free: 312948K (68%)
----------------- Invoking toplevel() on ptolemy.moml.MoMLSimpleApplication@73f34179
----------------- Done invoking toplevel() on ptolemy.moml.MoMLSimpleApplication@73f34179
reloadAllAccessors: .URLDirectoryReader

===========================================================================================
----------------- testing Mon Oct 05 15:46:30 UTC 2020 /home/travis/build/icyphy/ptII/ptolemy/actor/lib/test/auto/URLDirectoryReader3.xml
----------------- Instantiating /home/travis/build/icyphy/ptII/ptolemy/actor/lib/test/auto/URLDirectoryReader3.xml
1412 ms. Memory: 461824K Free: 402421K (87%)
----------------- Invoking toplevel() on ptolemy.moml.MoMLSimpleApplication@261ebe75
----------------- Done invoking toplevel() on ptolemy.moml.MoMLSimpleApplication@261ebe75
reloadAllAccessors: .URLDirectoryReader3

===========================================================================================
----------------- testing Mon Oct 05 15:46:32 UTC 2020 /home/travis/build/icyphy/ptII/ptolemy/actor/lib/test/auto/UnaryMathFunction.xml
----------------- Instantiating /home/travis/build/icyphy/ptII/ptolemy/actor/lib/test/auto/UnaryMathFunction.xml
3 ms. Memory: 461824K Free: 394227K (85%)
----------------- Invoking toplevel() on ptolemy.moml.MoMLSimpleApplication@f889e1a
----------------- Done invoking toplevel() on ptolemy.moml.MoMLSimpleApplication@f889e1a
reloadAllAccessors: .UnaryMathFunction

===========================================================================================
----------------- testing Mon Oct 05 15:46:32 UTC 2020 /home/travis/build/icyphy/ptII/ptolemy/actor/lib/test/auto/Uniform.xml
----------------- Instantiating /home/travis/build/icyphy/ptII/ptolemy/actor/lib/test/auto/Uniform.xml
4 ms. Memory: 461824K Free: 389617K (84%)
----------------- Invoking toplevel() on ptolemy.moml.MoMLSimpleApplication@17da0e75
----------------- Done invoking toplevel() on ptolemy.moml.MoMLSimpleApplication@17da0e75
reloadAllAccessors: .Uniform

===========================================================================================
----------------- testing Mon Oct 05 15:46:32 UTC 2020 /home/travis/build/icyphy/ptII/ptolemy/actor/lib/test/auto/UnionDisassemblerTest.xml
----------------- Instantiating /home/travis/build/icyphy/ptII/ptolemy/actor/lib/test/auto/UnionDisassemblerTest.xml
19 ms. Memory: 461824K Free: 385515K (83%)
----------------- Invoking toplevel() on ptolemy.moml.MoMLSimpleApplication@71f093a3
----------------- Done invoking toplevel() on ptolemy.moml.MoMLSimpleApplication@71f093a3
reloadAllAccessors: .UnionDisassemblerTest

===========================================================================================
----------------- testing Mon Oct 05 15:46:32 UTC 2020 /home/travis/build/icyphy/ptII/ptolemy/actor/lib/test/auto/UtilityFunctions.xml
----------------- Instantiating /home/travis/build/icyphy/ptII/ptolemy/actor/lib/test/auto/UtilityFunctions.xml
1 ms. Memory: 461824K Free: 381425K (83%)
----------------- Invoking toplevel() on ptolemy.moml.MoMLSimpleApplication@65977020
----------------- Done invoking toplevel() on ptolemy.moml.MoMLSimpleApplication@65977020
reloadAllAccessors: .UtilityFunctions

===========================================================================================
----------------- testing Mon Oct 05 15:46:32 UTC 2020 /home/travis/build/icyphy/ptII/ptolemy/actor/lib/test/auto/VariableSleep.xml
----------------- Instantiating /home/travis/build/icyphy/ptII/ptolemy/actor/lib/test/auto/VariableSleep.xml
503 ms. Memory: 461824K Free: 375795K (81%)
----------------- Invoking toplevel() on ptolemy.moml.MoMLSimpleApplication@3abae0a9
----------------- Done invoking toplevel() on ptolemy.moml.MoMLSimpleApplication@3abae0a9
reloadAllAccessors: .VariableSleep

===========================================================================================
----------------- testing Mon Oct 05 15:46:33 UTC 2020 /home/travis/build/icyphy/ptII/ptolemy/actor/lib/test/auto/VectorAssemblerDisassemblerCT.xml
----------------- Instantiating /home/travis/build/icyphy/ptII/ptolemy/actor/lib/test/auto/VectorAssemblerDisassemblerCT.xml
52 ms. Memory: 461824K Free: 355315K (77%)
----------------- Invoking toplevel() on ptolemy.moml.MoMLSimpleApplication@16f2e2a5
----------------- Done invoking toplevel() on ptolemy.moml.MoMLSimpleApplication@16f2e2a5
reloadAllAccessors: .VectorAssemblerDisassemblerCT

===========================================================================================
----------------- testing Mon Oct 05 15:46:33 UTC 2020 /home/travis/build/icyphy/ptII/ptolemy/actor/lib/test/auto/VectorAssemblerDisassemblerDE.xml
----------------- Instantiating /home/travis/build/icyphy/ptII/ptolemy/actor/lib/test/auto/VectorAssemblerDisassemblerDE.xml
10 ms. Memory: 461824K Free: 348147K (75%)
----------------- Invoking toplevel() on ptolemy.moml.MoMLSimpleApplication@12381c4e
----------------- Done invoking toplevel() on ptolemy.moml.MoMLSimpleApplication@12381c4e
reloadAllAccessors: .VectorAssemblerDisassemblerDE

===========================================================================================
----------------- testing Mon Oct 05 15:46:33 UTC 2020 /home/travis/build/icyphy/ptII/ptolemy/actor/lib/test/auto/VectorAssemblerDisassemblerSDF.xml
----------------- Instantiating /home/travis/build/icyphy/ptII/ptolemy/actor/lib/test/auto/VectorAssemblerDisassemblerSDF.xml
8 ms. Memory: 461824K Free: 341489K (74%)
----------------- Invoking toplevel() on ptolemy.moml.MoMLSimpleApplication@6f93fdd0
----------------- Done invoking toplevel() on ptolemy.moml.MoMLSimpleApplication@6f93fdd0
reloadAllAccessors: .VectorAssemblerDisassemblerSDF

===========================================================================================
----------------- testing Mon Oct 05 15:46:33 UTC 2020 /home/travis/build/icyphy/ptII/ptolemy/actor/lib/test/auto/WallClockTime.xml
----------------- Instantiating /home/travis/build/icyphy/ptII/ptolemy/actor/lib/test/auto/WallClockTime.xml
1004 ms. Memory: 461824K Free: 336369K (73%)
----------------- Invoking toplevel() on ptolemy.moml.MoMLSimpleApplication@76fb1058
----------------- Done invoking toplevel() on ptolemy.moml.MoMLSimpleApplication@76fb1058
reloadAllAccessors: .WallClockTime

===========================================================================================
----------------- testing Mon Oct 05 15:46:34 UTC 2020 /home/travis/build/icyphy/ptII/ptolemy/actor/lib/test/auto/WidthTestWithSubscriberPublisher.xml
----------------- Instantiating /home/travis/build/icyphy/ptII/ptolemy/actor/lib/test/auto/WidthTestWithSubscriberPublisher.xml
7 ms. Memory: 461824K Free: 318451K (69%)
----------------- Invoking toplevel() on ptolemy.moml.MoMLSimpleApplication@7876571d
----------------- Done invoking toplevel() on ptolemy.moml.MoMLSimpleApplication@7876571d
reloadAllAccessors: .WidthTestWithSubscriberPublisher

===========================================================================================
----------------- testing Mon Oct 05 15:46:34 UTC 2020 /home/travis/build/icyphy/ptII/ptolemy/actor/lib/test/auto/WidthTestWithSubscriberPublisher2.xml
----------------- Instantiating /home/travis/build/icyphy/ptII/ptolemy/actor/lib/test/auto/WidthTestWithSubscriberPublisher2.xml
3 ms. Memory: 461824K Free: 311793K (68%)
----------------- Invoking toplevel() on ptolemy.moml.MoMLSimpleApplication@202773b8
----------------- Done invoking toplevel() on ptolemy.moml.MoMLSimpleApplication@202773b8
reloadAllAccessors: .WidthTestWithSubscriberPublisher2

===========================================================================================
----------------- testing Mon Oct 05 15:46:34 UTC 2020 /home/travis/build/icyphy/ptII/ptolemy/actor/lib/test/auto/WidthTestWithSubscriberPublisher3.xml
----------------- Instantiating /home/travis/build/icyphy/ptII/ptolemy/actor/lib/test/auto/WidthTestWithSubscriberPublisher3.xml
2 ms. Memory: 461824K Free: 306163K (66%)
----------------- Invoking toplevel() on ptolemy.moml.MoMLSimpleApplication@408925d
----------------- Done invoking toplevel() on ptolemy.moml.MoMLSimpleApplication@408925d
reloadAllAccessors: .WidthTestWithSubscriberPublisher3

===========================================================================================
----------------- testing Mon Oct 05 15:46:34 UTC 2020 /home/travis/build/icyphy/ptII/ptolemy/actor/lib/test/auto/Writer.xml
----------------- Instantiating /home/travis/build/icyphy/ptII/ptolemy/actor/lib/test/auto/Writer.xml
0
1
2
3
4
2 ms. Memory: 461824K Free: 302067K (65%)
----------------- Invoking toplevel() on ptolemy.moml.MoMLSimpleApplication@64687d2c
----------------- Done invoking toplevel() on ptolemy.moml.MoMLSimpleApplication@64687d2c
reloadAllAccessors: .Writer

===========================================================================================
----------------- testing Mon Oct 05 15:46:34 UTC 2020 /home/travis/build/icyphy/ptII/ptolemy/actor/lib/test/auto/array.xml
----------------- Instantiating /home/travis/build/icyphy/ptII/ptolemy/actor/lib/test/auto/array.xml
2 ms. Memory: 461824K Free: 296947K (64%)
----------------- Invoking toplevel() on ptolemy.moml.MoMLSimpleApplication@bf6da56
----------------- Done invoking toplevel() on ptolemy.moml.MoMLSimpleApplication@bf6da56
reloadAllAccessors: .array

===========================================================================================
----------------- testing Mon Oct 05 15:46:34 UTC 2020 /home/travis/build/icyphy/ptII/ptolemy/actor/lib/test/auto/array2.xml
----------------- Instantiating /home/travis/build/icyphy/ptII/ptolemy/actor/lib/test/auto/array2.xml
3 ms. Memory: 461824K Free: 292323K (63%)
----------------- Invoking toplevel() on ptolemy.moml.MoMLSimpleApplication@132b9f0d
----------------- Done invoking toplevel() on ptolemy.moml.MoMLSimpleApplication@132b9f0d
reloadAllAccessors: .array2

===========================================================================================
----------------- testing Mon Oct 05 15:46:34 UTC 2020 /home/travis/build/icyphy/ptII/ptolemy/actor/lib/test/auto/arrayType.xml
----------------- Instantiating /home/travis/build/icyphy/ptII/ptolemy/actor/lib/test/auto/arrayType.xml
2 ms. Memory: 461824K Free: 287217K (62%)
----------------- Invoking toplevel() on ptolemy.moml.MoMLSimpleApplication@35533570
----------------- Done invoking toplevel() on ptolemy.moml.MoMLSimpleApplication@35533570
reloadAllAccessors: .arrayType

===========================================================================================
----------------- testing Mon Oct 05 15:46:34 UTC 2020 /home/travis/build/icyphy/ptII/ptolemy/actor/lib/test/auto/arrayType10.xml
----------------- Instantiating /home/travis/build/icyphy/ptII/ptolemy/actor/lib/test/auto/arrayType10.xml
1 ms. Memory: 461824K Free: 282097K (61%)
----------------- Invoking toplevel() on ptolemy.moml.MoMLSimpleApplication@26458e0d
----------------- Done invoking toplevel() on ptolemy.moml.MoMLSimpleApplication@26458e0d
reloadAllAccessors: .arrayType10

===========================================================================================
----------------- testing Mon Oct 05 15:46:34 UTC 2020 /home/travis/build/icyphy/ptII/ptolemy/actor/lib/test/auto/arrayType11.xml
----------------- Instantiating /home/travis/build/icyphy/ptII/ptolemy/actor/lib/test/auto/arrayType11.xml
1 ms. Memory: 461824K Free: 277491K (60%)
----------------- Invoking toplevel() on ptolemy.moml.MoMLSimpleApplication@4bb0eea1
----------------- Done invoking toplevel() on ptolemy.moml.MoMLSimpleApplication@4bb0eea1
reloadAllAccessors: .arrayType11

===========================================================================================
----------------- testing Mon Oct 05 15:46:34 UTC 2020 /home/travis/build/icyphy/ptII/ptolemy/actor/lib/test/auto/arrayType12.xml
----------------- Instantiating /home/travis/build/icyphy/ptII/ptolemy/actor/lib/test/auto/arrayType12.xml
2 ms. Memory: 461824K Free: 272881K (59%)
----------------- Invoking toplevel() on ptolemy.moml.MoMLSimpleApplication@5927d287
----------------- Done invoking toplevel() on ptolemy.moml.MoMLSimpleApplication@5927d287
reloadAllAccessors: .arrayType12

===========================================================================================
----------------- testing Mon Oct 05 15:46:34 UTC 2020 /home/travis/build/icyphy/ptII/ptolemy/actor/lib/test/auto/arrayType13.xml
----------------- Instantiating /home/travis/build/icyphy/ptII/ptolemy/actor/lib/test/auto/arrayType13.xml
2 ms. Memory: 461824K Free: 267251K (58%)
----------------- Invoking toplevel() on ptolemy.moml.MoMLSimpleApplication@c11593c
----------------- Done invoking toplevel() on ptolemy.moml.MoMLSimpleApplication@c11593c
reloadAllAccessors: .arrayType13

===========================================================================================
----------------- testing Mon Oct 05 15:46:34 UTC 2020 /home/travis/build/icyphy/ptII/ptolemy/actor/lib/test/auto/arrayType14.xml
----------------- Instantiating /home/travis/build/icyphy/ptII/ptolemy/actor/lib/test/auto/arrayType14.xml
2 ms. Memory: 461824K Free: 262131K (57%)
----------------- Invoking toplevel() on ptolemy.moml.MoMLSimpleApplication@689476a4
----------------- Done invoking toplevel() on ptolemy.moml.MoMLSimpleApplication@689476a4
reloadAllAccessors: .arrayType14

===========================================================================================
----------------- testing Mon Oct 05 15:46:34 UTC 2020 /home/travis/build/icyphy/ptII/ptolemy/actor/lib/test/auto/arrayType15.xml
----------------- Instantiating /home/travis/build/icyphy/ptII/ptolemy/actor/lib/test/auto/arrayType15.xml
3 ms. Memory: 461824K Free: 257011K (56%)
----------------- Invoking toplevel() on ptolemy.moml.MoMLSimpleApplication@12f65f51
----------------- Done invoking toplevel() on ptolemy.moml.MoMLSimpleApplication@12f65f51
reloadAllAccessors: .arrayType15

===========================================================================================
----------------- testing Mon Oct 05 15:46:34 UTC 2020 /home/travis/build/icyphy/ptII/ptolemy/actor/lib/test/auto/arrayType16.xml
----------------- Instantiating /home/travis/build/icyphy/ptII/ptolemy/actor/lib/test/auto/arrayType16.xml
2 ms. Memory: 461824K Free: 251377K (54%)
----------------- Invoking toplevel() on ptolemy.moml.MoMLSimpleApplication@7eee3fd5
----------------- Done invoking toplevel() on ptolemy.moml.MoMLSimpleApplication@7eee3fd5
reloadAllAccessors: .arrayType16

===========================================================================================
----------------- testing Mon Oct 05 15:46:34 UTC 2020 /home/travis/build/icyphy/ptII/ptolemy/actor/lib/test/auto/arrayType17.xml
----------------- Instantiating /home/travis/build/icyphy/ptII/ptolemy/actor/lib/test/auto/arrayType17.xml
1 ms. Memory: 461824K Free: 246257K (53%)
----------------- Invoking toplevel() on ptolemy.moml.MoMLSimpleApplication@686304f0
----------------- Done invoking toplevel() on ptolemy.moml.MoMLSimpleApplication@686304f0
reloadAllAccessors: .arrayType17

===========================================================================================
----------------- testing Mon Oct 05 15:46:34 UTC 2020 /home/travis/build/icyphy/ptII/ptolemy/actor/lib/test/auto/arrayType18.xml
----------------- Instantiating /home/travis/build/icyphy/ptII/ptolemy/actor/lib/test/auto/arrayType18.xml
1 ms. Memory: 461824K Free: 241651K (52%)
----------------- Invoking toplevel() on ptolemy.moml.MoMLSimpleApplication@5566b875
----------------- Done invoking toplevel() on ptolemy.moml.MoMLSimpleApplication@5566b875
reloadAllAccessors: .arrayType18

===========================================================================================
----------------- testing Mon Oct 05 15:46:34 UTC 2020 /home/travis/build/icyphy/ptII/ptolemy/actor/lib/test/auto/arrayType19.xml
----------------- Instantiating /home/travis/build/icyphy/ptII/ptolemy/actor/lib/test/auto/arrayType19.xml
1 ms. Memory: 461824K Free: 236531K (51%)
----------------- Invoking toplevel() on ptolemy.moml.MoMLSimpleApplication@ff2d52c
----------------- Done invoking toplevel() on ptolemy.moml.MoMLSimpleApplication@ff2d52c
reloadAllAccessors: .arrayType19

===========================================================================================
----------------- testing Mon Oct 05 15:46:34 UTC 2020 /home/travis/build/icyphy/ptII/ptolemy/actor/lib/test/auto/arrayType2.xml
----------------- Instantiating /home/travis/build/icyphy/ptII/ptolemy/actor/lib/test/auto/arrayType2.xml
2 ms. Memory: 461824K Free: 231411K (50%)
----------------- Invoking toplevel() on ptolemy.moml.MoMLSimpleApplication@3531b71b
----------------- Done invoking toplevel() on ptolemy.moml.MoMLSimpleApplication@3531b71b
reloadAllAccessors: .arrayType2

===========================================================================================
----------------- testing Mon Oct 05 15:46:34 UTC 2020 /home/travis/build/icyphy/ptII/ptolemy/actor/lib/test/auto/arrayType20.xml
----------------- Instantiating /home/travis/build/icyphy/ptII/ptolemy/actor/lib/test/auto/arrayType20.xml
2 ms. Memory: 461824K Free: 226801K (49%)
----------------- Invoking toplevel() on ptolemy.moml.MoMLSimpleApplication@31dab2e9
----------------- Done invoking toplevel() on ptolemy.moml.MoMLSimpleApplication@31dab2e9
reloadAllAccessors: .arrayType20

===========================================================================================
----------------- testing Mon Oct 05 15:46:34 UTC 2020 /home/travis/build/icyphy/ptII/ptolemy/actor/lib/test/auto/arrayType21.xml
----------------- Instantiating /home/travis/build/icyphy/ptII/ptolemy/actor/lib/test/auto/arrayType21.xml
2 ms. Memory: 461824K Free: 221681K (48%)
----------------- Invoking toplevel() on ptolemy.moml.MoMLSimpleApplication@3e4104e5
----------------- Done invoking toplevel() on ptolemy.moml.MoMLSimpleApplication@3e4104e5
reloadAllAccessors: .arrayType21

===========================================================================================
----------------- testing Mon Oct 05 15:46:34 UTC 2020 /home/travis/build/icyphy/ptII/ptolemy/actor/lib/test/auto/arrayType22.xml
----------------- Instantiating /home/travis/build/icyphy/ptII/ptolemy/actor/lib/test/auto/arrayType22.xml
1 ms. Memory: 461824K Free: 217075K (47%)
----------------- Invoking toplevel() on ptolemy.moml.MoMLSimpleApplication@40343fad
----------------- Done invoking toplevel() on ptolemy.moml.MoMLSimpleApplication@40343fad
reloadAllAccessors: .arrayType22

===========================================================================================
----------------- testing Mon Oct 05 15:46:34 UTC 2020 /home/travis/build/icyphy/ptII/ptolemy/actor/lib/test/auto/arrayType23.xml
----------------- Instantiating /home/travis/build/icyphy/ptII/ptolemy/actor/lib/test/auto/arrayType23.xml
1 ms. Memory: 461824K Free: 212465K (46%)
----------------- Invoking toplevel() on ptolemy.moml.MoMLSimpleApplication@15ac6877
----------------- Done invoking toplevel() on ptolemy.moml.MoMLSimpleApplication@15ac6877
reloadAllAccessors: .arrayType23

===========================================================================================
----------------- testing Mon Oct 05 15:46:34 UTC 2020 /home/travis/build/icyphy/ptII/ptolemy/actor/lib/test/auto/arrayType24.xml
----------------- Instantiating /home/travis/build/icyphy/ptII/ptolemy/actor/lib/test/auto/arrayType24.xml
1 ms. Memory: 461824K Free: 207345K (45%)
----------------- Invoking toplevel() on ptolemy.moml.MoMLSimpleApplication@270da8bb
----------------- Done invoking toplevel() on ptolemy.moml.MoMLSimpleApplication@270da8bb
reloadAllAccessors: .arrayType24

===========================================================================================
----------------- testing Mon Oct 05 15:46:34 UTC 2020 /home/travis/build/icyphy/ptII/ptolemy/actor/lib/test/auto/arrayType25.xml
----------------- Instantiating /home/travis/build/icyphy/ptII/ptolemy/actor/lib/test/auto/arrayType25.xml
1 ms. Memory: 461824K Free: 202211K (44%)
----------------- Invoking toplevel() on ptolemy.moml.MoMLSimpleApplication@205df2cb
----------------- Done invoking toplevel() on ptolemy.moml.MoMLSimpleApplication@205df2cb
reloadAllAccessors: .arrayType25

===========================================================================================
----------------- testing Mon Oct 05 15:46:34 UTC 2020 /home/travis/build/icyphy/ptII/ptolemy/actor/lib/test/auto/arrayType26.xml
----------------- Instantiating /home/travis/build/icyphy/ptII/ptolemy/actor/lib/test/auto/arrayType26.xml
1 ms. Memory: 461824K Free: 196595K (43%)
----------------- Invoking toplevel() on ptolemy.moml.MoMLSimpleApplication@2ca31349
----------------- Done invoking toplevel() on ptolemy.moml.MoMLSimpleApplication@2ca31349
reloadAllAccessors: .arrayType26

===========================================================================================
----------------- testing Mon Oct 05 15:46:34 UTC 2020 /home/travis/build/icyphy/ptII/ptolemy/actor/lib/test/auto/arrayType27.xml
----------------- Instantiating /home/travis/build/icyphy/ptII/ptolemy/actor/lib/test/auto/arrayType27.xml
2 ms. Memory: 461824K Free: 191475K (41%)
----------------- Invoking toplevel() on ptolemy.moml.MoMLSimpleApplication@64b461e6
----------------- Done invoking toplevel() on ptolemy.moml.MoMLSimpleApplication@64b461e6
reloadAllAccessors: .arrayType27

===========================================================================================
----------------- testing Mon Oct 05 15:46:34 UTC 2020 /home/travis/build/icyphy/ptII/ptolemy/actor/lib/test/auto/arrayType28.xml
----------------- Instantiating /home/travis/build/icyphy/ptII/ptolemy/actor/lib/test/auto/arrayType28.xml
2 ms. Memory: 461824K Free: 186355K (40%)
----------------- Invoking toplevel() on ptolemy.moml.MoMLSimpleApplication@315e7e24
----------------- Done invoking toplevel() on ptolemy.moml.MoMLSimpleApplication@315e7e24
reloadAllAccessors: .arrayType28

===========================================================================================
----------------- testing Mon Oct 05 15:46:34 UTC 2020 /home/travis/build/icyphy/ptII/ptolemy/actor/lib/test/auto/arrayType3.xml
----------------- Instantiating /home/travis/build/icyphy/ptII/ptolemy/actor/lib/test/auto/arrayType3.xml
6 ms. Memory: 461824K Free: 180721K (39%)
----------------- Invoking toplevel() on ptolemy.moml.MoMLSimpleApplication@279703aa
----------------- Done invoking toplevel() on ptolemy.moml.MoMLSimpleApplication@279703aa
reloadAllAccessors: .arrayType3

===========================================================================================
----------------- testing Mon Oct 05 15:46:34 UTC 2020 /home/travis/build/icyphy/ptII/ptolemy/actor/lib/test/auto/arrayType4.xml
----------------- Instantiating /home/travis/build/icyphy/ptII/ptolemy/actor/lib/test/auto/arrayType4.xml
1 ms. Memory: 461824K Free: 175601K (38%)
----------------- Invoking toplevel() on ptolemy.moml.MoMLSimpleApplication@67e1973e
----------------- Done invoking toplevel() on ptolemy.moml.MoMLSimpleApplication@67e1973e
reloadAllAccessors: .arrayType4

===========================================================================================
----------------- testing Mon Oct 05 15:46:34 UTC 2020 /home/travis/build/icyphy/ptII/ptolemy/actor/lib/test/auto/arrayType5.xml
----------------- Instantiating /home/travis/build/icyphy/ptII/ptolemy/actor/lib/test/auto/arrayType5.xml
2 ms. Memory: 461824K Free: 169971K (37%)
----------------- Invoking toplevel() on ptolemy.moml.MoMLSimpleApplication@7bedfecd
----------------- Done invoking toplevel() on ptolemy.moml.MoMLSimpleApplication@7bedfecd
reloadAllAccessors: .arrayType5

===========================================================================================
----------------- testing Mon Oct 05 15:46:34 UTC 2020 /home/travis/build/icyphy/ptII/ptolemy/actor/lib/test/auto/arrayType6.xml
----------------- Instantiating /home/travis/build/icyphy/ptII/ptolemy/actor/lib/test/auto/arrayType6.xml
2 ms. Memory: 461824K Free: 165361K (36%)
----------------- Invoking toplevel() on ptolemy.moml.MoMLSimpleApplication@40ff4323
----------------- Done invoking toplevel() on ptolemy.moml.MoMLSimpleApplication@40ff4323
reloadAllAccessors: .arrayType6

===========================================================================================
----------------- testing Mon Oct 05 15:46:34 UTC 2020 /home/travis/build/icyphy/ptII/ptolemy/actor/lib/test/auto/arrayType7.xml
----------------- Instantiating /home/travis/build/icyphy/ptII/ptolemy/actor/lib/test/auto/arrayType7.xml
2 ms. Memory: 461824K Free: 160755K (35%)
----------------- Invoking toplevel() on ptolemy.moml.MoMLSimpleApplication@273de7a1
----------------- Done invoking toplevel() on ptolemy.moml.MoMLSimpleApplication@273de7a1
reloadAllAccessors: .arrayType7

===========================================================================================
----------------- testing Mon Oct 05 15:46:34 UTC 2020 /home/travis/build/icyphy/ptII/ptolemy/actor/lib/test/auto/arrayType8.xml
----------------- Instantiating /home/travis/build/icyphy/ptII/ptolemy/actor/lib/test/auto/arrayType8.xml
2 ms. Memory: 461824K Free: 155635K (34%)
----------------- Invoking toplevel() on ptolemy.moml.MoMLSimpleApplication@10b4ea83
----------------- Done invoking toplevel() on ptolemy.moml.MoMLSimpleApplication@10b4ea83
reloadAllAccessors: .arrayType8

===========================================================================================
----------------- testing Mon Oct 05 15:46:34 UTC 2020 /home/travis/build/icyphy/ptII/ptolemy/actor/lib/test/auto/arrayType9.xml
----------------- Instantiating /home/travis/build/icyphy/ptII/ptolemy/actor/lib/test/auto/arrayType9.xml
1 ms. Memory: 461824K Free: 151025K (33%)
----------------- Invoking toplevel() on ptolemy.moml.MoMLSimpleApplication@701bb1e5
----------------- Done invoking toplevel() on ptolemy.moml.MoMLSimpleApplication@701bb1e5
reloadAllAccessors: .arrayType9

===========================================================================================
----------------- testing Mon Oct 05 15:46:34 UTC 2020 /home/travis/build/icyphy/ptII/ptolemy/actor/lib/test/auto/cast.xml
----------------- Instantiating /home/travis/build/icyphy/ptII/ptolemy/actor/lib/test/auto/cast.xml
2 ms. Memory: 461824K Free: 145905K (32%)
----------------- Invoking toplevel() on ptolemy.moml.MoMLSimpleApplication@46fa6363
----------------- Done invoking toplevel() on ptolemy.moml.MoMLSimpleApplication@46fa6363
reloadAllAccessors: .cast

===========================================================================================
----------------- testing Mon Oct 05 15:46:34 UTC 2020 /home/travis/build/icyphy/ptII/ptolemy/actor/lib/test/auto/compositeMultiPort.xml
----------------- Instantiating /home/travis/build/icyphy/ptII/ptolemy/actor/lib/test/auto/compositeMultiPort.xml
3 ms. Memory: 461824K Free: 137203K (30%)
----------------- Invoking toplevel() on ptolemy.moml.MoMLSimpleApplication@ebb3d29
----------------- Done invoking toplevel() on ptolemy.moml.MoMLSimpleApplication@ebb3d29
reloadAllAccessors: .compositeMultiPort

===========================================================================================
----------------- testing Mon Oct 05 15:46:34 UTC 2020 /home/travis/build/icyphy/ptII/ptolemy/actor/lib/test/auto/expressionCastInference.xml
----------------- Instantiating /home/travis/build/icyphy/ptII/ptolemy/actor/lib/test/auto/expressionCastInference.xml
9 ms. Memory: 461824K Free: 402827K (87%)
----------------- Invoking toplevel() on ptolemy.moml.MoMLSimpleApplication@1b5e59f0
----------------- Done invoking toplevel() on ptolemy.moml.MoMLSimpleApplication@1b5e59f0
reloadAllAccessors: .expressionCastInference

===========================================================================================
----------------- testing Mon Oct 05 15:46:34 UTC 2020 /home/travis/build/icyphy/ptII/ptolemy/actor/lib/test/auto/expressionCastInference2.xml
----------------- Instantiating /home/travis/build/icyphy/ptII/ptolemy/actor/lib/test/auto/expressionCastInference2.xml
2 ms. Memory: 461824K Free: 397707K (86%)
----------------- Invoking toplevel() on ptolemy.moml.MoMLSimpleApplication@3ba6e8e5
----------------- Done invoking toplevel() on ptolemy.moml.MoMLSimpleApplication@3ba6e8e5
reloadAllAccessors: .expressionCastInference2

===========================================================================================
----------------- testing Mon Oct 05 15:46:34 UTC 2020 /home/travis/build/icyphy/ptII/ptolemy/actor/lib/test/auto/expressionInference.xml
----------------- Instantiating /home/travis/build/icyphy/ptII/ptolemy/actor/lib/test/auto/expressionInference.xml
2 ms. Memory: 461824K Free: 393611K (85%)
----------------- Invoking toplevel() on ptolemy.moml.MoMLSimpleApplication@276edba4
----------------- Done invoking toplevel() on ptolemy.moml.MoMLSimpleApplication@276edba4
reloadAllAccessors: .expressionInference

===========================================================================================
----------------- testing Mon Oct 05 15:46:34 UTC 2020 /home/travis/build/icyphy/ptII/ptolemy/actor/lib/test/auto/expression_bug.xml
----------------- Instantiating /home/travis/build/icyphy/ptII/ptolemy/actor/lib/test/auto/expression_bug.xml
2 ms. Memory: 461824K Free: 389001K (84%)
----------------- Invoking toplevel() on ptolemy.moml.MoMLSimpleApplication@1ac1ee2c
----------------- Done invoking toplevel() on ptolemy.moml.MoMLSimpleApplication@1ac1ee2c
reloadAllAccessors: .expression_bug

===========================================================================================
----------------- testing Mon Oct 05 15:46:35 UTC 2020 /home/travis/build/icyphy/ptII/ptolemy/actor/lib/test/auto/factorial.xml
----------------- Instantiating /home/travis/build/icyphy/ptII/ptolemy/actor/lib/test/auto/factorial.xml
67 ms. Memory: 461824K Free: 380809K (82%)
----------------- Invoking toplevel() on ptolemy.moml.MoMLSimpleApplication@3dbc906f
----------------- Done invoking toplevel() on ptolemy.moml.MoMLSimpleApplication@3dbc906f
reloadAllAccessors: .factorial

===========================================================================================
----------------- testing Mon Oct 05 15:46:35 UTC 2020 /home/travis/build/icyphy/ptII/ptolemy/actor/lib/test/auto/filterTest1.xml
----------------- Instantiating /home/travis/build/icyphy/ptII/ptolemy/actor/lib/test/auto/filterTest1.xml
4 ms. Memory: 461824K Free: 375179K (81%)
----------------- Invoking toplevel() on ptolemy.moml.MoMLSimpleApplication@7baac196
----------------- Done invoking toplevel() on ptolemy.moml.MoMLSimpleApplication@7baac196
reloadAllAccessors: .filterTest1

===========================================================================================
----------------- testing Mon Oct 05 15:46:35 UTC 2020 /home/travis/build/icyphy/ptII/ptolemy/actor/lib/test/auto/funcApplyInConst.xml
----------------- Instantiating /home/travis/build/icyphy/ptII/ptolemy/actor/lib/test/auto/funcApplyInConst.xml
1 ms. Memory: 461824K Free: 371083K (80%)
----------------- Invoking toplevel() on ptolemy.moml.MoMLSimpleApplication@1df00e6a
----------------- Done invoking toplevel() on ptolemy.moml.MoMLSimpleApplication@1df00e6a
reloadAllAccessors: .funcApplyInConst

===========================================================================================
----------------- testing Mon Oct 05 15:46:35 UTC 2020 /home/travis/build/icyphy/ptII/ptolemy/actor/lib/test/auto/funcApplyInExpr.xml
----------------- Instantiating /home/travis/build/icyphy/ptII/ptolemy/actor/lib/test/auto/funcApplyInExpr.xml
2 ms. Memory: 461824K Free: 367497K (80%)
----------------- Invoking toplevel() on ptolemy.moml.MoMLSimpleApplication@2679bd73
----------------- Done invoking toplevel() on ptolemy.moml.MoMLSimpleApplication@2679bd73
reloadAllAccessors: .funcApplyInExpr

===========================================================================================
----------------- testing Mon Oct 05 15:46:35 UTC 2020 /home/travis/build/icyphy/ptII/ptolemy/actor/lib/test/auto/function.xml
----------------- Instantiating /home/travis/build/icyphy/ptII/ptolemy/actor/lib/test/auto/function.xml
5 ms. Memory: 461824K Free: 362377K (78%)
----------------- Invoking toplevel() on ptolemy.moml.MoMLSimpleApplication@462384c2
----------------- Done invoking toplevel() on ptolemy.moml.MoMLSimpleApplication@462384c2
reloadAllAccessors: .function

===========================================================================================
----------------- testing Mon Oct 05 15:46:35 UTC 2020 /home/travis/build/icyphy/ptII/ptolemy/actor/lib/test/auto/function2.xml
----------------- Instantiating /home/travis/build/icyphy/ptII/ptolemy/actor/lib/test/auto/function2.xml
2 ms. Memory: 461824K Free: 357771K (77%)
----------------- Invoking toplevel() on ptolemy.moml.MoMLSimpleApplication@47a041f
----------------- Done invoking toplevel() on ptolemy.moml.MoMLSimpleApplication@47a041f
reloadAllAccessors: .function2

===========================================================================================
----------------- testing Mon Oct 05 15:46:35 UTC 2020 /home/travis/build/icyphy/ptII/ptolemy/actor/lib/test/auto/function3.xml
----------------- Instantiating /home/travis/build/icyphy/ptII/ptolemy/actor/lib/test/auto/function3.xml
2 ms. Memory: 461824K Free: 353675K (77%)
----------------- Invoking toplevel() on ptolemy.moml.MoMLSimpleApplication@186645c8
----------------- Done invoking toplevel() on ptolemy.moml.MoMLSimpleApplication@186645c8
reloadAllAccessors: .function3

===========================================================================================
----------------- testing Mon Oct 05 15:46:35 UTC 2020 /home/travis/build/icyphy/ptII/ptolemy/actor/lib/test/auto/functionClosureTest1.xml
----------------- Instantiating /home/travis/build/icyphy/ptII/ptolemy/actor/lib/test/auto/functionClosureTest1.xml
1 ms. Memory: 461824K Free: 348027K (75%)
----------------- Invoking toplevel() on ptolemy.moml.MoMLSimpleApplication@1f9f7eee
----------------- Done invoking toplevel() on ptolemy.moml.MoMLSimpleApplication@1f9f7eee
reloadAllAccessors: .functionClosureTest1

===========================================================================================
----------------- testing Mon Oct 05 15:46:35 UTC 2020 /home/travis/build/icyphy/ptII/ptolemy/actor/lib/test/auto/functionClosureTest2.xml
----------------- Instantiating /home/travis/build/icyphy/ptII/ptolemy/actor/lib/test/auto/functionClosureTest2.xml
1 ms. Memory: 461824K Free: 343945K (74%)
----------------- Invoking toplevel() on ptolemy.moml.MoMLSimpleApplication@7daab7b0
----------------- Done invoking toplevel() on ptolemy.moml.MoMLSimpleApplication@7daab7b0
reloadAllAccessors: .functionClosureTest2

===========================================================================================
----------------- testing Mon Oct 05 15:46:35 UTC 2020 /home/travis/build/icyphy/ptII/ptolemy/actor/lib/test/auto/functionClosureTest3.xml
----------------- Instantiating /home/travis/build/icyphy/ptII/ptolemy/actor/lib/test/auto/functionClosureTest3.xml
2 ms. Memory: 461824K Free: 338811K (73%)
----------------- Invoking toplevel() on ptolemy.moml.MoMLSimpleApplication@513cd8de
----------------- Done invoking toplevel() on ptolemy.moml.MoMLSimpleApplication@513cd8de
reloadAllAccessors: .functionClosureTest3

===========================================================================================
----------------- testing Mon Oct 05 15:46:35 UTC 2020 /home/travis/build/icyphy/ptII/ptolemy/actor/lib/test/auto/functionClosureTest4.xml
----------------- Instantiating /home/travis/build/icyphy/ptII/ptolemy/actor/lib/test/auto/functionClosureTest4.xml
3 ms. Memory: 461824K Free: 332681K (72%)
----------------- Invoking toplevel() on ptolemy.moml.MoMLSimpleApplication@201cc853
----------------- Done invoking toplevel() on ptolemy.moml.MoMLSimpleApplication@201cc853
reloadAllAccessors: .functionClosureTest4

===========================================================================================
----------------- testing Mon Oct 05 15:46:35 UTC 2020 /home/travis/build/icyphy/ptII/ptolemy/actor/lib/test/auto/functionClosureTest5.xml
----------------- Instantiating /home/travis/build/icyphy/ptII/ptolemy/actor/lib/test/auto/functionClosureTest5.xml
3 ms. Memory: 461824K Free: 327051K (71%)
----------------- Invoking toplevel() on ptolemy.moml.MoMLSimpleApplication@55ed0686
----------------- Done invoking toplevel() on ptolemy.moml.MoMLSimpleApplication@55ed0686
reloadAllAccessors: .functionClosureTest5

===========================================================================================
----------------- testing Mon Oct 05 15:46:35 UTC 2020 /home/travis/build/icyphy/ptII/ptolemy/actor/lib/test/auto/functionClosureTest6.xml
----------------- Instantiating /home/travis/build/icyphy/ptII/ptolemy/actor/lib/test/auto/functionClosureTest6.xml
2 ms. Memory: 461824K Free: 322441K (70%)
----------------- Invoking toplevel() on ptolemy.moml.MoMLSimpleApplication@78f78ff2
----------------- Done invoking toplevel() on ptolemy.moml.MoMLSimpleApplication@78f78ff2
reloadAllAccessors: .functionClosureTest6

===========================================================================================
----------------- testing Mon Oct 05 15:46:35 UTC 2020 /home/travis/build/icyphy/ptII/ptolemy/actor/lib/test/auto/functionsOnArcs.xml
----------------- Instantiating /home/travis/build/icyphy/ptII/ptolemy/actor/lib/test/auto/functionsOnArcs.xml
2 ms. Memory: 461824K Free: 316811K (69%)
----------------- Invoking toplevel() on ptolemy.moml.MoMLSimpleApplication@65bcf4dd
----------------- Done invoking toplevel() on ptolemy.moml.MoMLSimpleApplication@65bcf4dd
reloadAllAccessors: .functionsOnArcs

===========================================================================================
----------------- testing Mon Oct 05 15:46:35 UTC 2020 /home/travis/build/icyphy/ptII/ptolemy/actor/lib/test/auto/functionsOnArcsHOF.xml
----------------- Instantiating /home/travis/build/icyphy/ptII/ptolemy/actor/lib/test/auto/functionsOnArcsHOF.xml
3 ms. Memory: 461824K Free: 311177K (67%)
----------------- Invoking toplevel() on ptolemy.moml.MoMLSimpleApplication@22031e00
----------------- Done invoking toplevel() on ptolemy.moml.MoMLSimpleApplication@22031e00
reloadAllAccessors: .functionsOnArcsHOF

===========================================================================================
----------------- testing Mon Oct 05 15:46:35 UTC 2020 /home/travis/build/icyphy/ptII/ptolemy/actor/lib/test/auto/logic.xml
----------------- Instantiating /home/travis/build/icyphy/ptII/ptolemy/actor/lib/test/auto/logic.xml
2 ms. Memory: 461824K Free: 303499K (66%)
----------------- Invoking toplevel() on ptolemy.moml.MoMLSimpleApplication@3873e251
----------------- Done invoking toplevel() on ptolemy.moml.MoMLSimpleApplication@3873e251
reloadAllAccessors: .logic

===========================================================================================
----------------- testing Mon Oct 05 15:46:35 UTC 2020 /home/travis/build/icyphy/ptII/ptolemy/actor/lib/test/auto/matrixType.xml
----------------- Instantiating /home/travis/build/icyphy/ptII/ptolemy/actor/lib/test/auto/matrixType.xml
2 ms. Memory: 461824K Free: 298889K (65%)
----------------- Invoking toplevel() on ptolemy.moml.MoMLSimpleApplication@40ca47d9
----------------- Done invoking toplevel() on ptolemy.moml.MoMLSimpleApplication@40ca47d9
reloadAllAccessors: .matrixType

===========================================================================================
----------------- testing Mon Oct 05 15:46:35 UTC 2020 /home/travis/build/icyphy/ptII/ptolemy/actor/lib/test/auto/matrixType10.xml
----------------- Instantiating /home/travis/build/icyphy/ptII/ptolemy/actor/lib/test/auto/matrixType10.xml
2 ms. Memory: 461824K Free: 293769K (64%)
----------------- Invoking toplevel() on ptolemy.moml.MoMLSimpleApplication@2a49f93
----------------- Done invoking toplevel() on ptolemy.moml.MoMLSimpleApplication@2a49f93
reloadAllAccessors: .matrixType10

===========================================================================================
----------------- testing Mon Oct 05 15:46:35 UTC 2020 /home/travis/build/icyphy/ptII/ptolemy/actor/lib/test/auto/matrixType11.xml
----------------- Instantiating /home/travis/build/icyphy/ptII/ptolemy/actor/lib/test/auto/matrixType11.xml
2 ms. Memory: 461824K Free: 289163K (63%)
----------------- Invoking toplevel() on ptolemy.moml.MoMLSimpleApplication@719a7117
----------------- Done invoking toplevel() on ptolemy.moml.MoMLSimpleApplication@719a7117
reloadAllAccessors: .matrixType11

===========================================================================================
----------------- testing Mon Oct 05 15:46:35 UTC 2020 /home/travis/build/icyphy/ptII/ptolemy/actor/lib/test/auto/matrixType12.xml
----------------- Instantiating /home/travis/build/icyphy/ptII/ptolemy/actor/lib/test/auto/matrixType12.xml
1 ms. Memory: 461824K Free: 284043K (62%)
----------------- Invoking toplevel() on ptolemy.moml.MoMLSimpleApplication@5966abde
----------------- Done invoking toplevel() on ptolemy.moml.MoMLSimpleApplication@5966abde
reloadAllAccessors: .matrixType12

===========================================================================================
----------------- testing Mon Oct 05 15:46:35 UTC 2020 /home/travis/build/icyphy/ptII/ptolemy/actor/lib/test/auto/matrixType13.xml
----------------- Instantiating /home/travis/build/icyphy/ptII/ptolemy/actor/lib/test/auto/matrixType13.xml
1 ms. Memory: 461824K Free: 279433K (61%)
----------------- Invoking toplevel() on ptolemy.moml.MoMLSimpleApplication@dd27cb2
----------------- Done invoking toplevel() on ptolemy.moml.MoMLSimpleApplication@dd27cb2
reloadAllAccessors: .matrixType13

===========================================================================================
----------------- testing Mon Oct 05 15:46:35 UTC 2020 /home/travis/build/icyphy/ptII/ptolemy/actor/lib/test/auto/matrixType14.xml
----------------- Instantiating /home/travis/build/icyphy/ptII/ptolemy/actor/lib/test/auto/matrixType14.xml
2 ms. Memory: 461824K Free: 274313K (59%)
----------------- Invoking toplevel() on ptolemy.moml.MoMLSimpleApplication@43bc3b8c
----------------- Done invoking toplevel() on ptolemy.moml.MoMLSimpleApplication@43bc3b8c
reloadAllAccessors: .matrixType14

===========================================================================================
----------------- testing Mon Oct 05 15:46:35 UTC 2020 /home/travis/build/icyphy/ptII/ptolemy/actor/lib/test/auto/matrixType2.xml
----------------- Instantiating /home/travis/build/icyphy/ptII/ptolemy/actor/lib/test/auto/matrixType2.xml
2 ms. Memory: 461824K Free: 269707K (58%)
----------------- Invoking toplevel() on ptolemy.moml.MoMLSimpleApplication@6d7ecba2
----------------- Done invoking toplevel() on ptolemy.moml.MoMLSimpleApplication@6d7ecba2
reloadAllAccessors: .matrixType2

===========================================================================================
----------------- testing Mon Oct 05 15:46:35 UTC 2020 /home/travis/build/icyphy/ptII/ptolemy/actor/lib/test/auto/matrixType3.xml
----------------- Instantiating /home/travis/build/icyphy/ptII/ptolemy/actor/lib/test/auto/matrixType3.xml
3 ms. Memory: 461824K Free: 264587K (57%)
----------------- Invoking toplevel() on ptolemy.moml.MoMLSimpleApplication@59909880
----------------- Done invoking toplevel() on ptolemy.moml.MoMLSimpleApplication@59909880
reloadAllAccessors: .matrixType3

===========================================================================================
----------------- testing Mon Oct 05 15:46:35 UTC 2020 /home/travis/build/icyphy/ptII/ptolemy/actor/lib/test/auto/matrixType4.xml
----------------- Instantiating /home/travis/build/icyphy/ptII/ptolemy/actor/lib/test/auto/matrixType4.xml
2 ms. Memory: 461824K Free: 259977K (56%)
----------------- Invoking toplevel() on ptolemy.moml.MoMLSimpleApplication@6743fb6b
----------------- Done invoking toplevel() on ptolemy.moml.MoMLSimpleApplication@6743fb6b
reloadAllAccessors: .matrixType4

===========================================================================================
----------------- testing Mon Oct 05 15:46:35 UTC 2020 /home/travis/build/icyphy/ptII/ptolemy/actor/lib/test/auto/matrixType5.xml
----------------- Instantiating /home/travis/build/icyphy/ptII/ptolemy/actor/lib/test/auto/matrixType5.xml
1 ms. Memory: 461824K Free: 254857K (55%)
----------------- Invoking toplevel() on ptolemy.moml.MoMLSimpleApplication@63c1e07a
----------------- Done invoking toplevel() on ptolemy.moml.MoMLSimpleApplication@63c1e07a
reloadAllAccessors: .matrixType5

===========================================================================================
----------------- testing Mon Oct 05 15:46:35 UTC 2020 /home/travis/build/icyphy/ptII/ptolemy/actor/lib/test/auto/matrixType6.xml
----------------- Instantiating /home/travis/build/icyphy/ptII/ptolemy/actor/lib/test/auto/matrixType6.xml
2 ms. Memory: 461824K Free: 250251K (54%)
----------------- Invoking toplevel() on ptolemy.moml.MoMLSimpleApplication@2ff0fc98
----------------- Done invoking toplevel() on ptolemy.moml.MoMLSimpleApplication@2ff0fc98
reloadAllAccessors: .matrixType6

===========================================================================================
----------------- testing Mon Oct 05 15:46:35 UTC 2020 /home/travis/build/icyphy/ptII/ptolemy/actor/lib/test/auto/matrixType7.xml
----------------- Instantiating /home/travis/build/icyphy/ptII/ptolemy/actor/lib/test/auto/matrixType7.xml
2 ms. Memory: 461824K Free: 245131K (53%)
----------------- Invoking toplevel() on ptolemy.moml.MoMLSimpleApplication@1cdc9b90
----------------- Done invoking toplevel() on ptolemy.moml.MoMLSimpleApplication@1cdc9b90
reloadAllAccessors: .matrixType7

===========================================================================================
----------------- testing Mon Oct 05 15:46:35 UTC 2020 /home/travis/build/icyphy/ptII/ptolemy/actor/lib/test/auto/matrixType8.xml
----------------- Instantiating /home/travis/build/icyphy/ptII/ptolemy/actor/lib/test/auto/matrixType8.xml
1 ms. Memory: 461824K Free: 240521K (52%)
----------------- Invoking toplevel() on ptolemy.moml.MoMLSimpleApplication@1322972
----------------- Done invoking toplevel() on ptolemy.moml.MoMLSimpleApplication@1322972
reloadAllAccessors: .matrixType8

===========================================================================================
----------------- testing Mon Oct 05 15:46:35 UTC 2020 /home/travis/build/icyphy/ptII/ptolemy/actor/lib/test/auto/matrixType9.xml
----------------- Instantiating /home/travis/build/icyphy/ptII/ptolemy/actor/lib/test/auto/matrixType9.xml
2 ms. Memory: 461824K Free: 235401K (51%)
----------------- Invoking toplevel() on ptolemy.moml.MoMLSimpleApplication@12d7d88b
----------------- Done invoking toplevel() on ptolemy.moml.MoMLSimpleApplication@12d7d88b
reloadAllAccessors: .matrixType9

===========================================================================================
----------------- testing Mon Oct 05 15:46:35 UTC 2020 /home/travis/build/icyphy/ptII/ptolemy/actor/lib/test/auto/paraFunctest.xml
----------------- Instantiating /home/travis/build/icyphy/ptII/ptolemy/actor/lib/test/auto/paraFunctest.xml
2 ms. Memory: 461824K Free: 231305K (50%)
----------------- Invoking toplevel() on ptolemy.moml.MoMLSimpleApplication@7934b03d
----------------- Done invoking toplevel() on ptolemy.moml.MoMLSimpleApplication@7934b03d
reloadAllAccessors: .paraFunctest

===========================================================================================
----------------- testing Mon Oct 05 15:46:35 UTC 2020 /home/travis/build/icyphy/ptII/ptolemy/actor/lib/test/auto/paraFunctest2.xml
----------------- Instantiating /home/travis/build/icyphy/ptII/ptolemy/actor/lib/test/auto/paraFunctest2.xml
2 ms. Memory: 461824K Free: 226185K (49%)
----------------- Invoking toplevel() on ptolemy.moml.MoMLSimpleApplication@2a43014f
----------------- Done invoking toplevel() on ptolemy.moml.MoMLSimpleApplication@2a43014f
reloadAllAccessors: .paraFunctest2

===========================================================================================
----------------- testing Mon Oct 05 15:46:35 UTC 2020 /home/travis/build/icyphy/ptII/ptolemy/actor/lib/test/auto/parameterPassing.xml
----------------- Instantiating /home/travis/build/icyphy/ptII/ptolemy/actor/lib/test/auto/parameterPassing.xml
1 ms. Memory: 461824K Free: 222089K (48%)
----------------- Invoking toplevel() on ptolemy.moml.MoMLSimpleApplication@4281a38e
----------------- Done invoking toplevel() on ptolemy.moml.MoMLSimpleApplication@4281a38e
reloadAllAccessors: .parameterPassing

===========================================================================================
----------------- testing Mon Oct 05 15:46:35 UTC 2020 /home/travis/build/icyphy/ptII/ptolemy/actor/lib/test/auto/record.xml
----------------- Instantiating /home/travis/build/icyphy/ptII/ptolemy/actor/lib/test/auto/record.xml
2 ms. Memory: 461824K Free: 216969K (47%)
----------------- Invoking toplevel() on ptolemy.moml.MoMLSimpleApplication@2fb50fb6
----------------- Done invoking toplevel() on ptolemy.moml.MoMLSimpleApplication@2fb50fb6
reloadAllAccessors: .record

===========================================================================================
----------------- testing Mon Oct 05 15:46:35 UTC 2020 /home/travis/build/icyphy/ptII/ptolemy/actor/lib/test/auto/sizedarray1.xml
----------------- Instantiating /home/travis/build/icyphy/ptII/ptolemy/actor/lib/test/auto/sizedarray1.xml
2 ms. Memory: 461824K Free: 211849K (46%)
----------------- Invoking toplevel() on ptolemy.moml.MoMLSimpleApplication@25428245
----------------- Done invoking toplevel() on ptolemy.moml.MoMLSimpleApplication@25428245
reloadAllAccessors: .sizedarray1

===========================================================================================
----------------- testing Mon Oct 05 15:46:35 UTC 2020 /home/travis/build/icyphy/ptII/ptolemy/actor/lib/test/auto/sizedarray2.xml
----------------- Instantiating /home/travis/build/icyphy/ptII/ptolemy/actor/lib/test/auto/sizedarray2.xml
2 ms. Memory: 461824K Free: 206219K (45%)
----------------- Invoking toplevel() on ptolemy.moml.MoMLSimpleApplication@76717321
----------------- Done invoking toplevel() on ptolemy.moml.MoMLSimpleApplication@76717321
reloadAllAccessors: .sizedarray2

===========================================================================================
----------------- testing Mon Oct 05 15:46:35 UTC 2020 /home/travis/build/icyphy/ptII/ptolemy/actor/lib/test/auto/twoPublishers.xml
----------------- Instantiating /home/travis/build/icyphy/ptII/ptolemy/actor/lib/test/auto/twoPublishers.xml
2 ms. Memory: 461824K Free: 195459K (42%)
----------------- Invoking toplevel() on ptolemy.moml.MoMLSimpleApplication@774c3782
----------------- Done invoking toplevel() on ptolemy.moml.MoMLSimpleApplication@774c3782
reloadAllAccessors: .twoPublishers
AutoTests.java: About to close Vertx.
AutoTests.java: Vertx closed.
]]></system-out>
  <system-err><![CDATA[java.lang.RuntimeException: Execution failed
	at ptolemy.moml.MoMLSimpleApplication$UnloadThread.run(MoMLSimpleApplication.java:402)
Caused by: java.lang.RuntimeException: StringUtilities.exit() was called. Normally, we would exit here because Manager.exitAfterWrapup() was called.  However, because the ptolemy.ptII.exitAfterWrapup property is set, we throw this exception instead.
	at ptolemy.util.StringUtilities.exit(StringUtilities.java:365)
	at ptolemy.actor.Manager.wrapup(Manager.java:1549)
	at ptolemy.actor.Manager.execute(Manager.java:407)
	at ptolemy.actor.Manager.run(Manager.java:1263)
	at ptolemy.actor.Manager$PtolemyRunThread.run(Manager.java:1933)
Warning: '.top.test' is in training mode, set the trainingMode parameter to false before checking in
Warning: '.top.test' is in training mode, set the trainingMode parameter to false before checking in
Warning: '.top.test' is in training mode, set the trainingMode parameter to false before checking in
Warning: '.BooleanSwitch_RegressionTest_WrongTrainingValues.Test' is in training mode, set the trainingMode parameter to false before checking in
Warning: '.BooleanSwitch_RegressionTest_WrongTrainingValues.Test2' is in training mode, set the trainingMode parameter to false before checking in
Warning: '.BooleanSwitch_RegressionTest_WrongTrainingValues.Test2' The test produced 0 tokens.
Warning: '.top.testExceptionHandler' is in training mode, set the trainingMode parameter to false before checking in
java.lang.RuntimeException: Execution failed
	at ptolemy.moml.MoMLSimpleApplication$UnloadThread.run(MoMLSimpleApplication.java:402)
Caused by: ptolemy.kernel.util.IllegalActionException: PublisherPorts cannot be used at the top level, use a Publisher actor instead.
  in .PublisherPortToplevelSubscriber.PublisherPort
	at ptolemy.actor.PublisherPort.preinitialize(PublisherPort.java:403)
	at ptolemy.actor.CompositeActor.preinitialize(CompositeActor.java:1769)
	at ptolemy.actor.Manager.preinitializeAndResolveTypes(Manager.java:1040)
	at ptolemy.actor.Manager.initialize(Manager.java:710)
	at ptolemy.actor.Manager.execute(Manager.java:356)
	at ptolemy.actor.Manager.run(Manager.java:1263)
	at ptolemy.actor.Manager$PtolemyRunThread.run(Manager.java:1933)
java.lang.reflect.InvocationTargetException
	at java.base/jdk.internal.reflect.NativeConstructorAccessorImpl.newInstance0(Native Method)
	at java.base/jdk.internal.reflect.NativeConstructorAccessorImpl.newInstance(NativeConstructorAccessorImpl.java:62)
	at java.base/jdk.internal.reflect.DelegatingConstructorAccessorImpl.newInstance(DelegatingConstructorAccessorImpl.java:45)
	at java.base/java.lang.reflect.Constructor.newInstance(Constructor.java:490)
	at ptolemy.util.test.junit.AutoKnownFailedTests.RunModel(AutoKnownFailedTests.java:105)
	at java.base/jdk.internal.reflect.NativeMethodAccessorImpl.invoke0(Native Method)
	at java.base/jdk.internal.reflect.NativeMethodAccessorImpl.invoke(NativeMethodAccessorImpl.java:62)
	at java.base/jdk.internal.reflect.DelegatingMethodAccessorImpl.invoke(DelegatingMethodAccessorImpl.java:43)
	at java.base/java.lang.reflect.Method.invoke(Method.java:566)
	at org.junit.runners.model.FrameworkMethod$1.runReflectiveCall(FrameworkMethod.java:44)
	at org.junit.internal.runners.model.ReflectiveCallable.run(ReflectiveCallable.java:15)
	at org.junit.runners.model.FrameworkMethod.invokeExplosively(FrameworkMethod.java:41)
	at junitparams.internal.InvokeParameterisedMethod.evaluate(InvokeParameterisedMethod.java:102)
	at org.junit.internal.runners.statements.FailOnTimeout$1.run(FailOnTimeout.java:28)
Caused by: ptolemy.kernel.util.IllegalActionException: PublisherPorts cannot be used at the top level, use a Publisher actor instead.
  in .PublisherPortToplevelSubscriber.PublisherPort
	at ptolemy.actor.PublisherPort.preinitialize(PublisherPort.java:403)
	at ptolemy.actor.CompositeActor.preinitialize(CompositeActor.java:1769)
	at ptolemy.actor.Manager.preinitializeAndResolveTypes(Manager.java:1040)
	at ptolemy.actor.Manager.initialize(Manager.java:710)
	at ptolemy.actor.Manager.execute(Manager.java:356)
	at ptolemy.actor.Manager.run(Manager.java:1263)
	at ptolemy.actor.Manager$PtolemyRunThread.run(Manager.java:1933)
java.lang.RuntimeException: Execution failed
	at ptolemy.moml.MoMLSimpleApplication$UnloadThread.run(MoMLSimpleApplication.java:402)
Caused by: ptolemy.kernel.util.IllegalActionException: SubscriberPorts cannot be used at the top level, use a Subscriber actor instead.
  in .PublisherSubscriberPortToplevel.SubscriberPort
	at ptolemy.actor.SubscriberPort.preinitialize(SubscriberPort.java:328)
	at ptolemy.actor.CompositeActor.preinitialize(CompositeActor.java:1769)
	at ptolemy.actor.Manager.preinitializeAndResolveTypes(Manager.java:1040)
	at ptolemy.actor.Manager.initialize(Manager.java:710)
	at ptolemy.actor.Manager.execute(Manager.java:356)
	at ptolemy.actor.Manager.run(Manager.java:1263)
	at ptolemy.actor.Manager$PtolemyRunThread.run(Manager.java:1933)
java.lang.reflect.InvocationTargetException
	at java.base/jdk.internal.reflect.NativeConstructorAccessorImpl.newInstance0(Native Method)
	at java.base/jdk.internal.reflect.NativeConstructorAccessorImpl.newInstance(NativeConstructorAccessorImpl.java:62)
	at java.base/jdk.internal.reflect.DelegatingConstructorAccessorImpl.newInstance(DelegatingConstructorAccessorImpl.java:45)
	at java.base/java.lang.reflect.Constructor.newInstance(Constructor.java:490)
	at ptolemy.util.test.junit.AutoKnownFailedTests.RunModel(AutoKnownFailedTests.java:105)
	at java.base/jdk.internal.reflect.NativeMethodAccessorImpl.invoke0(Native Method)
	at java.base/jdk.internal.reflect.NativeMethodAccessorImpl.invoke(NativeMethodAccessorImpl.java:62)
	at java.base/jdk.internal.reflect.DelegatingMethodAccessorImpl.invoke(DelegatingMethodAccessorImpl.java:43)
	at java.base/java.lang.reflect.Method.invoke(Method.java:566)
	at org.junit.runners.model.FrameworkMethod$1.runReflectiveCall(FrameworkMethod.java:44)
	at org.junit.internal.runners.model.ReflectiveCallable.run(ReflectiveCallable.java:15)
	at org.junit.runners.model.FrameworkMethod.invokeExplosively(FrameworkMethod.java:41)
	at junitparams.internal.InvokeParameterisedMethod.evaluate(InvokeParameterisedMethod.java:102)
	at org.junit.internal.runners.statements.FailOnTimeout$1.run(FailOnTimeout.java:28)
Caused by: ptolemy.kernel.util.IllegalActionException: SubscriberPorts cannot be used at the top level, use a Subscriber actor instead.
  in .PublisherSubscriberPortToplevel.SubscriberPort
	at ptolemy.actor.SubscriberPort.preinitialize(SubscriberPort.java:328)
	at ptolemy.actor.CompositeActor.preinitialize(CompositeActor.java:1769)
	at ptolemy.actor.Manager.preinitializeAndResolveTypes(Manager.java:1040)
	at ptolemy.actor.Manager.initialize(Manager.java:710)
	at ptolemy.actor.Manager.execute(Manager.java:356)
	at ptolemy.actor.Manager.run(Manager.java:1263)
	at ptolemy.actor.Manager$PtolemyRunThread.run(Manager.java:1933)
java.lang.RuntimeException: Execution failed
	at ptolemy.moml.MoMLSimpleApplication$UnloadThread.run(MoMLSimpleApplication.java:402)
Caused by: ptolemy.kernel.util.IllegalActionException: SubscriptionAggregatorPorts cannot be used at the top level, use a SubscriptionAggregator actor instead.
  in .PublisherSubscriptionAggregatorPort.SubscriptionAggregatorPort
	at ptolemy.actor.SubscriptionAggregatorPort.preinitialize(SubscriptionAggregatorPort.java:353)
	at ptolemy.actor.CompositeActor.preinitialize(CompositeActor.java:1769)
	at ptolemy.actor.Manager.preinitializeAndResolveTypes(Manager.java:1040)
	at ptolemy.actor.Manager.initialize(Manager.java:710)
	at ptolemy.actor.Manager.execute(Manager.java:356)
	at ptolemy.actor.Manager.run(Manager.java:1263)
	at ptolemy.actor.Manager$PtolemyRunThread.run(Manager.java:1933)
java.lang.reflect.InvocationTargetException
	at java.base/jdk.internal.reflect.NativeConstructorAccessorImpl.newInstance0(Native Method)
	at java.base/jdk.internal.reflect.NativeConstructorAccessorImpl.newInstance(NativeConstructorAccessorImpl.java:62)
	at java.base/jdk.internal.reflect.DelegatingConstructorAccessorImpl.newInstance(DelegatingConstructorAccessorImpl.java:45)
	at java.base/java.lang.reflect.Constructor.newInstance(Constructor.java:490)
	at ptolemy.util.test.junit.AutoKnownFailedTests.RunModel(AutoKnownFailedTests.java:105)
	at java.base/jdk.internal.reflect.NativeMethodAccessorImpl.invoke0(Native Method)
	at java.base/jdk.internal.reflect.NativeMethodAccessorImpl.invoke(NativeMethodAccessorImpl.java:62)
	at java.base/jdk.internal.reflect.DelegatingMethodAccessorImpl.invoke(DelegatingMethodAccessorImpl.java:43)
	at java.base/java.lang.reflect.Method.invoke(Method.java:566)
	at org.junit.runners.model.FrameworkMethod$1.runReflectiveCall(FrameworkMethod.java:44)
	at org.junit.internal.runners.model.ReflectiveCallable.run(ReflectiveCallable.java:15)
	at org.junit.runners.model.FrameworkMethod.invokeExplosively(FrameworkMethod.java:41)
	at junitparams.internal.InvokeParameterisedMethod.evaluate(InvokeParameterisedMethod.java:102)
	at org.junit.internal.runners.statements.FailOnTimeout$1.run(FailOnTimeout.java:28)
Caused by: ptolemy.kernel.util.IllegalActionException: SubscriptionAggregatorPorts cannot be used at the top level, use a SubscriptionAggregator actor instead.
  in .PublisherSubscriptionAggregatorPort.SubscriptionAggregatorPort
	at ptolemy.actor.SubscriptionAggregatorPort.preinitialize(SubscriptionAggregatorPort.java:353)
	at ptolemy.actor.CompositeActor.preinitialize(CompositeActor.java:1769)
	at ptolemy.actor.Manager.preinitializeAndResolveTypes(Manager.java:1040)
	at ptolemy.actor.Manager.initialize(Manager.java:710)
	at ptolemy.actor.Manager.execute(Manager.java:356)
	at ptolemy.actor.Manager.run(Manager.java:1263)
	at ptolemy.actor.Manager$PtolemyRunThread.run(Manager.java:1933)
java.lang.RuntimeException: Execution failed
	at ptolemy.moml.MoMLSimpleApplication$UnloadThread.run(MoMLSimpleApplication.java:402)
Caused by: ptolemy.kernel.util.IllegalActionException: TypeTest actor has no training data.
  in .sizedarray3.TypeTest
	at ptolemy.actor.lib.TypeTest.initialize(TypeTest.java:250)
	at ptolemy.actor.Director.initialize(Director.java:938)
	at ptolemy.actor.Director.initialize(Director.java:907)
	at ptolemy.actor.sched.StaticSchedulingDirector.initialize(StaticSchedulingDirector.java:159)
	at ptolemy.domains.sdf.kernel.SDFDirector.initialize(SDFDirector.java:544)
	at ptolemy.actor.CompositeActor.initialize(CompositeActor.java:935)
	at ptolemy.actor.Manager.initialize(Manager.java:724)
	at ptolemy.actor.Manager.execute(Manager.java:356)
	at ptolemy.actor.Manager.run(Manager.java:1263)
	at ptolemy.actor.Manager$PtolemyRunThread.run(Manager.java:1933)
java.lang.reflect.InvocationTargetException
	at java.base/jdk.internal.reflect.NativeConstructorAccessorImpl.newInstance0(Native Method)
	at java.base/jdk.internal.reflect.NativeConstructorAccessorImpl.newInstance(NativeConstructorAccessorImpl.java:62)
	at java.base/jdk.internal.reflect.DelegatingConstructorAccessorImpl.newInstance(DelegatingConstructorAccessorImpl.java:45)
	at java.base/java.lang.reflect.Constructor.newInstance(Constructor.java:490)
	at ptolemy.util.test.junit.AutoKnownFailedTests.RunModel(AutoKnownFailedTests.java:105)
	at java.base/jdk.internal.reflect.NativeMethodAccessorImpl.invoke0(Native Method)
	at java.base/jdk.internal.reflect.NativeMethodAccessorImpl.invoke(NativeMethodAccessorImpl.java:62)
	at java.base/jdk.internal.reflect.DelegatingMethodAccessorImpl.invoke(DelegatingMethodAccessorImpl.java:43)
	at java.base/java.lang.reflect.Method.invoke(Method.java:566)
	at org.junit.runners.model.FrameworkMethod$1.runReflectiveCall(FrameworkMethod.java:44)
	at org.junit.internal.runners.model.ReflectiveCallable.run(ReflectiveCallable.java:15)
	at org.junit.runners.model.FrameworkMethod.invokeExplosively(FrameworkMethod.java:41)
	at junitparams.internal.InvokeParameterisedMethod.evaluate(InvokeParameterisedMethod.java:102)
	at org.junit.internal.runners.statements.FailOnTimeout$1.run(FailOnTimeout.java:28)
Caused by: ptolemy.kernel.util.IllegalActionException: TypeTest actor has no training data.
  in .sizedarray3.TypeTest
	at ptolemy.actor.lib.TypeTest.initialize(TypeTest.java:250)
	at ptolemy.actor.Director.initialize(Director.java:938)
	at ptolemy.actor.Director.initialize(Director.java:907)
	at ptolemy.actor.sched.StaticSchedulingDirector.initialize(StaticSchedulingDirector.java:159)
	at ptolemy.domains.sdf.kernel.SDFDirector.initialize(SDFDirector.java:544)
	at ptolemy.actor.CompositeActor.initialize(CompositeActor.java:935)
	at ptolemy.actor.Manager.initialize(Manager.java:724)
	at ptolemy.actor.Manager.execute(Manager.java:356)
	at ptolemy.actor.Manager.run(Manager.java:1263)
	at ptolemy.actor.Manager$PtolemyRunThread.run(Manager.java:1933)
]]></system-err>
</testsuite>
