<?xml version="1.0" encoding="UTF-8" ?>
<testsuite errors="0" failures="0" hostname="travis-job-e3a398c7-278b-4ef0-b113-23f62e529fc3" name="ptolemy.actor.lib.test.junit.JUnitTclTest" skipped="0" tests="517" time="63.51" timestamp="2020-02-15T07:03:00">
  <properties>
    <property name="npm.executable" value="npm" />
    <property name="env.TRAVIS_ROOT" value="/" />
    <property name="ptII.mk.exists" value="true" />
    <property name="env.TRAVIS_APP_HOST" value="build.travis-ci.org" />
    <property name="env.rvm_bin_path" value="/home/travis/.rvm/bin" />
    <property name="java.home" value="/usr/local/lib/jvm/openjdk11" />
    <property name="env.TRAVIS_JOB_NUMBER" value="1512.8" />
    <property name="env.TRAVIS_HOME" value="/home/travis" />
    <property name="env.DISPLAY" value=":99.0" />
    <property name="env.TRAVIS_INIT" value="systemd" />
    <property name="env.SSH_TTY" value="/dev/pts/0" />
    <property name="java.net.preferIPv4Stack" value="true" />
    <property name="env.RUN_TESTS" value="true" />
    <property name="timeout.short" value="1000000" />
    <property name="junit.formatter" value="xml" />
    <property name="env.TRAVIS_SUDO" value="true" />
    <property name="env.TRAVIS_JOB_NAME" value="" />
    <property name="env.TRAVIS_STACK_NODE_ATTRIBUTES" value="/.node-attributes.yml" />
    <property name="env.LOGNAME" value="travis" />
    <property name="env.PT_TRAVIS_TEST_CORE1_XML" value="true" />
    <property name="jsdoc.home" value="node_modules/@terraswarm/jsdoc" />
    <property name="debuglevel" value="source,lines,vars" />
    <property name="checkstyle.formatter" value="xml" />
    <property name="env._system_version" value="16.04" />
    <property name="bin.vergil.makeable" value="true" />
    <property name="sun.os.patch.level" value="unknown" />
    <property name="java.vendor.url" value="http://java.oracle.com/" />
    <property name="env.TRAVIS_BUILD_WEB_URL" value="https://travis-ci.org/icyphy/ptII/builds/650739880" />
    <property name="java.version" value="11.0.2" />
    <property name="env.TZ" value="UTC" />
    <property name="env.TRAVIS_PULL_REQUEST_SHA" value="" />
    <property name="env.PT_NO_NET" value="true" />
    <property name="env.TRAVIS_SECURE_ENV_VARS" value="true" />
    <property name="env._system_type" value="Linux" />
    <property name="java.vendor.url.bug" value="http://bugreport.java.com/bugreport/" />
    <property name="npmjs-org-is-up" value="true" />
    <property name="env.LANGUAGE" value="en_US.UTF-8" />
    <property name="env.SSH_CLIENT" value="10.16.4.82 58422 22" />
    <property name="env.GEM_HOME" value="/home/travis/.rvm/gems/ruby-2.5.3" />
    <property name="env.HAS_ANTARES_THREE_LITTLE_FRONZIES_BADGE" value="true" />
    <property name="java.version.date" value="2019-01-15" />
    <property name="env.PS4" value="+" />
    <property name="ant.project.invoked-targets" value="build,test.core1.xml" />
    <property name="env.TRAVIS_PULL_REQUEST_BRANCH" value="" />
    <property name="env.TRAVIS_REPO_SLUG" value="icyphy/ptII" />
    <property name="env.XDG_DATA_DIRS" value="/usr/local/share:/usr/share:/var/lib/snapd/desktop" />
    <property name="jdk.debug" value="release" />
    <property name="env.TRAVIS_APT_PROXY" value="http://build-cache.travisci.net" />
    <property name="env.TRAVIS_CPU_ARCH" value="amd64" />
    <property name="node.in.path" value="true" />
    <property name="user.name" value="travis" />
    <property name="java.maxmemory" value="1400m" />
    <property name="env.RUBY_VERSION" value="ruby-2.5.3" />
    <property name="env.LANG" value="en_US.UTF-8" />
    <property name="sun.io.unicode.encoding" value="UnicodeLittle" />
    <property name="sun.jnu.encoding" value="UTF-8" />
    <property name="java.runtime.name" value="OpenJDK Runtime Environment" />
    <property name="usefile" value="false" />
    <property name="return.code" value="0" />
    <property name="junit.single.formatter" value="plain" />
    <property name="env.DYLD_LIBRARY_PATH" value="/home/travis/pthla/certi-tools/lib:" />
    <property name="env.DEBIAN_FRONTEND" value="noninteractive" />
    <property name="env.SSH_CONNECTION" value="10.16.4.82 58422 10.20.0.142 22" />
    <property name="env.MYSQL_UNIX_PORT" value="/var/run/mysqld/mysqld.sock" />
    <property name="env.LC_ALL" value="en_US.UTF-8" />
    <property name="env.TRAVIS_ALLOW_FAILURE" value="false" />
    <property name="env.TRAVIS_JOB_WEB_URL" value="https://travis-ci.org/icyphy/ptII/jobs/650739888" />
    <property name="java.specification.name" value="Java Platform API Specification" />
    <property name="node.works" value="true" />
    <property name="user.timezone" value="" />
    <property name="path.separator" value=":" />
    <property name="env.TRAVIS_ENABLE_INFRA_DETECTION" value="true" />
    <property name="env.PYTHON_CFLAGS" value="-g -fstack-protector --param=ssp-buffer-size=4 -Wformat -Werror=format-security" />
    <property name="timeout.long" value="4000000" />
    <property name="env.CERTI_HOME" value="/home/travis/pthla/certi-tools" />
    <property name="ant.file.ptII" value="/home/travis/build/icyphy/ptII/build.xml" />
    <property name="javadoc.packagenames" value="com.*,diva.*,lbnl.*,org.hlacerti.*,org.json.*,org.ptolemy.*,org.terraswarm.*,ptolemy.*,ptserver.*" />
    <property name="file.encoding" value="UTF-8" />
    <property name="env.TRAVIS_PULL_REQUEST_SLUG" value="" />
    <property name="ant.project.default-target" value="build" />
    <property name="env.GIT_ASKPASS" value="echo" />
    <property name="env.HOME" value="/home/travis" />
    <property name="sun.java.command" value="org.apache.tools.ant.taskdefs.optional.junit.JUnitTestRunner ptolemy.actor.lib.test.junit.JUnitTclTest skipNonTests=false filtertrace=true haltOnError=false haltOnFailure=false formatter=org.apache.tools.ant.taskdefs.optional.junit.OutErrSummaryJUnitResultFormatter showoutput=true outputtoformatters=true logfailedtests=true threadid=0 logtestlistenerevents=false formatter=org.apache.tools.ant.taskdefs.optional.junit.XMLJUnitResultFormatter,/home/travis/build/icyphy/ptII/reports/junit/TEST-ptolemy.actor.lib.test.junit.JUnitTclTest.xml crashfile=/home/travis/build/icyphy/ptII/junitvmwatcher609999680451856585.properties propsfile=/home/travis/build/icyphy/ptII/junit6627280100585556208.properties" />
    <property name="env.COMPOSER_NO_INTERACTION" value="1" />
    <property name="env.MANPATH" value="/home/travis/.nvm/versions/node/v7.10.1/share/man:/home/travis/.rvm/rubies/ruby-2.5.3/share/man:/usr/local/cmake-3.12.4/man:/usr/local/clang-7.0.0/share/man:/usr/local/man:/usr/local/share/man:/usr/share/man:/home/travis/.rvm/man" />
    <property name="env.TRAVIS_TIMER_ID" value="09598ac0" />
    <property name="ant.file" value="/home/travis/build/icyphy/ptII/build.xml" />
    <property name="env.TRAVIS_COMMIT_RANGE" value="b63f92b7e99116e6021a9191bd9f4d9e886ca49e...a6491ed7f2267374dc578aa6fe882e96ca36ea8a" />
    <property name="env._system_name" value="Ubuntu" />
    <property name="ptII.classpath.optional.property" value="/home/travis/build/icyphy/ptII/lib/bsh-2.0b4.jar:/home/travis/build/icyphy/ptII/lib/ptCal.jar:/home/travis/build/icyphy/ptII/lib/java_cup.jar:/home/travis/build/icyphy/ptII/lib/saxon8.jar:/home/travis/build/icyphy/ptII/lib/saxon8-dom.jar:/home/travis/build/icyphy/ptII/lib/chic.jar:/home/travis/build/icyphy/ptII/lib/ptcolt.jar:/home/travis/build/icyphy/ptII/vendors/misc/itext/iText.jar:/home/travis/build/icyphy/ptII/lib/g4ltl.jar:/home/travis/build/icyphy/ptII/lib/StructuralCoder.jar:/home/travis/build/icyphy/ptII/lib/jcerti.jar:/home/travis/build/icyphy/ptII/lib/javax.mail.jar:/home/travis/build/icyphy/ptII/vendors/JMF-2.1.1e/lib/jmf.jar:/home/travis/build/icyphy/ptII/lib/jna-4.0.0-variadic.jar:/home/travis/build/icyphy/ptII/vendors/misc/joystick/Joystick.jar:/home/travis/build/icyphy/ptII/lib/ptjacl.jar:/home/travis/build/icyphy/ptII/lib/jsoup-1.8.2.jar:/home/travis/build/icyphy/ptII/lib/junit-4.8.2.jar:/home/travis/build/icyphy/ptII/lib/JUnitParams-0.4.0.jar:/home/travis/build/icyphy/ptII/ptolemy/actor/lib/excel/jxl.jar:/home/travis/build/icyphy/ptII/lib/jython.jar:/home/travis/build/icyphy/ptII/lib/kieler.jar:/home/travis/build/icyphy/ptII/vendors/opencv/share/OpenCV/java/opencv-341.jar:/home/travis/build/icyphy/ptII/lib/oscP5.jar:/home/travis/build/icyphy/ptII/lib/nrjavaserial-3.11.0.devel.jar:/home/travis/build/icyphy/ptII/vendors/j3d/lib/Linux/j3dcore.jar:/home/travis/build/icyphy/ptII/vendors/j3d/lib/Linux/j3dutils.jar:/home/travis/build/icyphy/ptII/vendors/j3d/lib/Linux/vecmath.jar:/home/travis/build/icyphy/ptII/vendors/jogl/lib/Linux/gluegen-rt-natives-linux-amd64.jar:/home/travis/build/icyphy/ptII/vendors/jogl/lib/Linux/gluegen-rt.jar:/home/travis/build/icyphy/ptII/vendors/jogl/lib/Linux/jogl-all-natives-linux-amd64.jar:/home/travis/build/icyphy/ptII/vendors/jogl/lib/Linux/jogl-all.jar:/home/travis/build/icyphy/ptII/ptolemy/distributed/jini/jar/jini-core.jar:/home/travis/build/icyphy/ptII/ptolemy/distributed/jini/jar/jini-ext.jar:/home/travis/build/icyphy/ptII/ptolemy/distributed/jini/jar/sun-util.jar:/home/travis/build/icyphy/ptII/lib/protobuf-java-2.4.1.jar:/home/travis/build/icyphy/ptII/lib/org.eclipse.paho.client.mqttv3.jar:/home/travis/build/icyphy/ptII/lib/mapss.jar:/home/travis/build/icyphy/ptII/ptolemy/actor/ptalon/antlr/antlr.jar:/home/travis/build/icyphy/ptII/lib/JRI.jar:/home/travis/build/icyphy/ptII/lib/commons-lang-2.6.jar:/home/travis/build/icyphy/ptII/lib/commons-logging-1.1.1.jar:/home/travis/build/icyphy/ptII/lib/sootclasses.jar:/home/travis/build/icyphy/ptII/ptolemy/actor/lib/database/mysql-connector-java-5.1.6-bin.jar:/home/travis/build/icyphy/ptII/vendors/misc/sphinx4/sphinx4-data-5prealpha.jar:/home/travis/build/icyphy/ptII/vendors/misc/sphinx4/sphinx4-core-5prealpha.jar:/home/travis/build/icyphy/ptII/lib/PDFRenderer.jar:/home/travis/build/icyphy/ptII/lib/svgSalamander.jar:/home/travis/build/icyphy/ptII/lib/rsyntaxtextarea-2.6.0-SNAPSHOT.jar:/home/travis/build/icyphy/ptII/lib/hazelcast-3.8.2.jar:/home/travis/build/icyphy/ptII/lib/jackson-annotations-2.9.0.jar:/home/travis/build/icyphy/ptII/lib/jackson-core-2.9.3.jar:/home/travis/build/icyphy/ptII/lib/jackson-databind-2.9.3.jar:/home/travis/build/icyphy/ptII/lib/netty-buffer-4.1.19.Final.jar:/home/travis/build/icyphy/ptII/lib/netty-codec-4.1.19.Final.jar:/home/travis/build/icyphy/ptII/lib/netty-codec-dns-4.1.19.Final.jar:/home/travis/build/icyphy/ptII/lib/netty-codec-http-4.1.19.Final.jar:/home/travis/build/icyphy/ptII/lib/netty-codec-http2-4.1.19.Final.jar:/home/travis/build/icyphy/ptII/lib/netty-common-4.1.19.Final.jar:/home/travis/build/icyphy/ptII/lib/netty-handler-4.1.19.Final.jar:/home/travis/build/icyphy/ptII/lib/netty-resolver-4.1.19.Final.jar:/home/travis/build/icyphy/ptII/lib/netty-resolver-dns-4.1.19.Final.jar:/home/travis/build/icyphy/ptII/lib/netty-transport-4.1.19.Final.jar:/home/travis/build/icyphy/ptII/lib/vertx-codegen-3.5.1.jar:/home/travis/build/icyphy/ptII/lib/vertx-core-3.5.2-SNAPSHOT.jar:/home/travis/build/icyphy/ptII/lib/vertx-hazelcast-3.5.1.jar:/home/travis/build/icyphy/ptII/lib/vertx-lang-js-3.5.1.jar:/home/travis/build/icyphy/ptII/lib/vertx-service-proxy-3.5.1.jar:/home/travis/build/icyphy/ptII/lib/vertx-web-3.5.1.jar:/home/travis/build/icyphy/ptII/lib/slf4j-api-1.7.13.jar:/home/travis/build/icyphy/ptII/lib/slf4j-simple-1.7.13.jar:/home/travis/build/icyphy/ptII/lib/webcam-capture-0.3.12.jar:/home/travis/build/icyphy/ptII/lib/bridj-0.7.0.jar:/home/travis/build/icyphy/ptII/lib/xbjlib-1.1.0.nrjavaserial.jar" />
    <property name="timeout" value="2400000" />
    <property name="test.batch" value="**/junit/*.java" />
    <property name="env._" value="/usr/bin/timeout" />
    <property name="java.io.tmpdir" value="/tmp" />
    <property name="user.language" value="en" />
    <property name="env.TRAVIS_INTERNAL_RUBY_REGEX" value="^ruby-(2\.[0-4]\.[0-9]|1\.9\.3)" />
    <property name="env.HISTCONTROL" value="ignoredups:ignorespace" />
    <property name="env.GOROOT" value="/home/travis/.gimme/versions/go1.11.1.linux.amd64" />
    <property name="line.separator" value="&#xa;" />
    <property name="target" value="11" />
    <property name="env.TRAVIS_BUILD_DIR" value="/home/travis/build/icyphy/ptII" />
    <property name="env.ANT_OPTS" value="-Xmx2048m" />
    <property name="ant.file.type" value="file" />
    <property name="ptolemy.ptII.batchMode" value="true" />
    <property name="env.HISTSIZE" value="1000" />
    <property name="env.MERB_ENV" value="test" />
    <property name="java.vm.info" value="mixed mode" />
    <property name="source" value="11" />
    <property name="java.vm.specification.name" value="Java Virtual Machine Specification" />
    <property name="env.TRAVIS_TEST_RESULT" value="0" />
    <property name="jsdoc.command" value="node_modules/@terraswarm/jsdoc/jsdoc.js" />
    <property name="npm.works" value="true" />
    <property name="cobertura.dir" value="/home/travis/build/icyphy/ptII/vendors/cobertura-2.0.3" />
    <property name="jsdoc.command.exists" value="true" />
    <property name="env.rvm_path" value="/home/travis/.rvm" />
    <property name="env.GEM_PATH" value="/home/travis/.rvm/gems/ruby-2.5.3:/home/travis/.rvm/gems/ruby-2.5.3@global" />
    <property name="env.LC_CTYPE" value="en_US.UTF-8" />
    <property name="env.TRAVIS_CMD" value="$PTII/bin/ptIITravisBuild.sh $SECONDS" />
    <property name="java.awt.printerjob" value="sun.print.PSPrinterJob" />
    <property name="env.TRAVIS_STACK_NAME" value="sardonyx" />
    <property name="env.TRAVIS_TIMER_START_TIME" value="1581749584192054749" />
    <property name="ant.version" value="Apache Ant(TM) version 1.10.1 compiled on February 2 2017" />
    <property name="ptII.reports" value="/home/travis/build/icyphy/ptII/reports" />
    <property name="env.TRAVIS_STACK_TIMESTAMP" value="2019-03-25 16:16:56 UTC" />
    <property name="ant.file.type.ptII" value="file" />
    <property name="env.RBENV_SHELL" value="bash" />
    <property name="os.name" value="Linux" />
    <property name="java.specification.vendor" value="Oracle Corporation" />
    <property name="env.rvm_version" value="1.29.7 (latest)" />
    <property name="env.TRAVIS_INFRA" value="gce" />
    <property name="env.TERM" value="xterm" />
    <property name="java.vm.name" value="OpenJDK 64-Bit Server VM" />
    <property name="env.TRAVIS_BUILD_NUMBER" value="1512" />
    <property name="env.CI" value="true" />
    <property name="java.library.path" value="/home/travis/pthla/certi-tools/lib:/usr/lib/jni:/usr/local/share/OpenCV/java/:/usr/share/OpenCV/java::/usr/java/packages/lib:/usr/lib64:/lib64:/lib:/usr/lib" />
    <property name="jdk.module.path" value="/home/travis/build/icyphy/ptII/vendors/javafx/javafx-sdk-11.0.2/lib:" />
    <property name="env.rvm_prefix" value="/home/travis" />
    <property name="env.PATH" value="/home/travis/pthla/certi-tools/share/scripts:/home/travis/.rvm/gems/ruby-2.5.3/bin:/home/travis/.rvm/gems/ruby-2.5.3@global/bin:/home/travis/.rvm/rubies/ruby-2.5.3/bin:/home/travis/.rvm/bin:/home/travis/.nvm/versions/node/v7.10.1/bin:./node_modules/.bin:/home/travis/build/icyphy/ptII/bin:/home/travis/pthla/certi-tools/bin:/home/travis/bin:/home/travis/.local/bin:/usr/local/lib/jvm/openjdk11/bin:/opt/pyenv/shims:/home/travis/.phpenv/shims:/home/travis/perl5/perlbrew/bin:/home/travis/gopath/bin:/home/travis/.gimme/versions/go1.11.1.linux.amd64/bin:/usr/local/maven-3.6.0/bin:/usr/local/cmake-3.12.4/bin:/usr/local/clang-7.0.0/bin:/usr/local/sbin:/usr/local/bin:/usr/sbin:/usr/bin:/sbin:/bin:/snap/bin:/home/travis/.phpenv/bin:/opt/pyenv/bin:/home/travis/.yarn/bin" />
    <property name="env.TRAVIS_OS_NAME" value="linux" />
    <property name="ant.java.version" value="9" />
    <property name="basedir" value="/home/travis/build/icyphy/ptII" />
    <property name="java.class.version" value="55.0" />
    <property name="env.SHLVL" value="3" />
    <property name="env.LD_LIBRARY_PATH" value="/home/travis/pthla/certi-tools/lib:/usr/lib/jni:/usr/local/share/OpenCV/java/:/usr/share/OpenCV/java:" />
    <property name="env.RACK_ENV" value="test" />
    <property name="ant.home" value="/home/travis/build/icyphy/ptII/ant" />
    <property name="env.NVM_DIR" value="/home/travis/.nvm" />
    <property name="env.CERTI_FOM_PATH" value="/home/travis/pthla/certi-tools/share/federations" />
    <property name="env.TRAVIS_BUILD_ID" value="650739880" />
    <property name="env.PYENV_ROOT" value="/opt/pyenv" />
    <property name="env.TRAVIS_UID" value="2000" />
    <property name="prism.verbose" value="true" />
    <property name="env.NVM_BIN" value="/home/travis/.nvm/versions/node/v7.10.1/bin" />
    <property name="env.TRAVIS_COMMIT" value="a6491ed7f2267374dc578aa6fe882e96ca36ea8a" />
    <property name="env._system_arch" value="x86_64" />
    <property name="node.executable" value="node" />
    <property name="sun.boot.library.path" value="/usr/local/lib/jvm/openjdk11/lib" />
    <property name="sun.management.compiler" value="HotSpot 64-Bit Tiered Compilers" />
    <property name="java.awt.graphicsenv" value="sun.awt.X11GraphicsEnvironment" />
    <property name="env.GOPATH" value="/home/travis/gopath" />
    <property name="ptolemy.ptII.dir" value="/home/travis/build/icyphy/ptII" />
    <property name="env.USER" value="travis" />
    <property name="env.HISTFILESIZE" value="2000" />
    <property name="timeout.longest" value="19000000" />
    <property name="env.PERLBREW_SHELLRC_VERSION" value="0.86" />
    <property name="env.TRAVIS_STACK_FEATURES" value="basic couchdb disabled-ipv6 docker docker-compose elasticsearch firefox go-toolchain google-chrome jdk memcached mongodb mysql nodejs_interpreter perl_interpreter perlbrew phantomjs postgresql python_interpreter redis ruby_interpreter sqlite xserver" />
    <property name="env.TRAVIS_PULL_REQUEST" value="false" />
    <property name="env.PYENV_SHELL" value="bash" />
    <property name="ant.project.name" value="ptII" />
    <property name="env.ANSI_RESET" value="\033[0m" />
    <property name="java.vm.specification.version" value="11" />
    <property name="env.TRAVIS_DIST" value="xenial" />
    <property name="env.CERTI_VERSION" value="4.0.0" />
    <property name="env.CERTI_HOST" value="localhost" />
    <property name="awt.toolkit" value="sun.awt.X11.XToolkit" />
    <property name="env.MY_RUBY_HOME" value="/home/travis/.rvm/rubies/ruby-2.5.3" />
    <property name="sun.cpu.isalist" value="" />
    <property name="env.TRAVIS_TMPDIR" value="/tmp/tmp.Vc4f354OQB" />
    <property name="java.vm.compressedOopsMode" value="Zero based" />
    <property name="os.version" value="4.15.0-1028-gcp" />
    <property name="user.home" value="/home/travis" />
    <property name="java.vm.vendor" value="Oracle Corporation" />
    <property name="env.TRAVIS_TAG" value="nightly" />
    <property name="env.ANSI_YELLOW" value="\033[33;1m" />
    <property name="env.TRAVIS_FILTERED" value="redirect_io" />
    <property name="env.ANSI_GREEN" value="\033[32;1m" />
    <property name="env.JAVA_HOME" value="/usr/local/lib/jvm/openjdk11" />
    <property name="javadoc.excludepackagenames" value="adm.cvs2svn.*,build.*,config.*,doc.coding.templates.*,jni.test.jni.meaningOfLife.*,jni.test.jni.testDeux.*,jni.test.jni.testTrois.*,org.terraswarm.accessor.accessors.web.node_modules.*,org.terraswarm.accessor.accessors.web.hosts.cordova.demo.*,org.terraswarm.accessor.accessors.web.hosts.cordova.plugins.*,org.terraswarm.accessor.accessors-svn.*,pt-modules.*,ptolemy.apps.agilent.*,ptolemy.apps.anytimecontrol.*,ptolemy.apps.apes.*,ptolemy.apps.charon.*,ptolemy.apps.crazyboard.*,ptolemy.apps.eclipse.*,ptolemy.apps.etherealSting.*,ptolemy.apps.fullscreen.*,ptolemy.apps.giotto.*,ptolemy.apps.ia.*,ptolemy.apps.interfaces.*,ptolemy.apps.jmf.*,ptolemy.apps.kurt.*,ptolemy.apps.kvm.*,ptolemy.apps.lego.*,ptolemy.apps.lejos.*,ptolemy.apps.midp.*,ptolemy.apps.mobileCoding.*,ptolemy.apps.pendulum.*,ptolemy.apps.rijndael.*,ptolemy.apps.robot.*,ptolemy.apps.security.*,ptolemy.apps.sobel.*,ptolemy.apps.soot.*,ptolemy.apps.throttle.*,ptolemy.apps.tini.*,ptolemy.apps.transmission.*,ptolemy.apps.vergil.*,ptolemy.apps.waba.*,ptolemy.apps.websensor.*,ptolemy.apps.webstart.*,ptolemy.apps.xsl.*,ptolemy.apps.zaurus.*,ptolemy.codegen.c.actor.lib.oldJavaFiles.*,ptolemy.codegen.dsp.lib.*,ptolemy.codegen.kernel.newInterfaces.*,ptolemy.codegen.lib.*,ptolemy.copernicus.kernel.fragment.*,ptolemy.copernicus.shallow.cg.*,ptolemy.domains.giotto.demo.Hierarchy.Hierarchy.*,ptolemy.domains.giotto.demo.Multimode.Multimode.*,ptolemy.domains.giotto.demo.Simple.Simple.*,ptolemy.domains.gr.lib.experimental.*,ptolemy.domains.gro.*,ptolemy.domains.pdf.*,ptolemy.domains.ptinyos.demo.Surge.output.*,ptolemy.moml.test.NoPackageActor.java*,ptolemy.plot.adm.*,ptolemy.plot.servlet.*,reports.*,signed.*,src.*,target.*,vendors.*,ptolemy.copernicus.applet.*,ptolemy.media.viewer.*,ptolemy.actor.corba.*,doc.doclets.*,ptolemy.apps.eclipse.awt.*,ptolemy.backtrack.*,ptolemy.backtrack.ast.*,ptolemy.cg.adapter.generic.program.procedural.c.mbed*,ptolemy.homer.*,ptolemy.actor.lib.jai.*,org.ptolemy.scala.*,diva.util.java2d.svg.*,ptolemy.domains.ptinyos.*,ptolemy.actor.lib.fmi.fmipp.*,,org.terraswarm.accessor.accessors.web.node_modules.*,org.terraswarm.accessor.accessors-svn,ptolemy.apps.*,ptolemy.actor.ptalon.demo.ptinyos.SendAndReceiveCnt.output,ptolemy.actor.ptalon.demo.ptinyos.SenseToLeds.output,ptolemy.domains.ptinyos.demo.CntToLedsAndRfm.output,ptolemy.domains.ptinyos.demo.RfmToLeds.output,ptolemy.domains.ptinyos.demo.SendAndReceiveCnt.output,ptolemy.domains.ptinyos.demo.SenseToLeds.output,ptolemy.actor.lib.jjs.modules.udpSocket.*" />
    <property name="env.PTII" value="/home/travis/build/icyphy/ptII" />
    <property name="env.XDG_SESSION_ID" value="2" />
    <property name="keystore" value="ptKeystore" />
    <property name="env.TRAVIS_COMMIT_MESSAGE" value="Added 3 tests for 1516e version of HLA; the federations are named 1516." />
    <property name="junit.output.dir" value="/home/travis/build/icyphy/ptII/reports/junit" />
    <property name="npm.return.code" value="0" />
    <property name="user.dir" value="/home/travis/build/icyphy/ptII/ptolemy/actor/lib/test" />
    <property name="env.TRAVIS_NODE_VERSION" value="7" />
    <property name="env.TRAVIS_EVENT_TYPE" value="cron" />
    <property name="env.MAIL" value="/var/mail/travis" />
    <property name="env.PERLBREW_ROOT" value="/home/travis/perl5/perlbrew" />
    <property name="env.PWD" value="/home/travis/build/icyphy/ptII" />
    <property name="timeout.npm" value="45000" />
    <property name="env.TRAVIS_ARCH" value="amd64" />
    <property name="sun.cpu.endian" value="little" />
    <property name="env.PAGER" value="cat" />
    <property name="env.TRAVIS_BUILD_STAGE_NAME" value="Test" />
    <property name="env.PERLBREW_HOME" value="/home/travis/.perlbrew" />
    <property name="java.vm.version" value="11.0.2+9" />
    <property name="env.RAILS_ENV" value="test" />
    <property name="java.class.path" value="/home/travis/.ptolemyII:/home/travis/.ptolemyII/*:/home/travis/build/icyphy/ptII:/home/travis/build/icyphy/ptII/lib/bsh-2.0b4.jar:/home/travis/build/icyphy/ptII/lib/ptCal.jar:/home/travis/build/icyphy/ptII/lib/java_cup.jar:/home/travis/build/icyphy/ptII/lib/saxon8.jar:/home/travis/build/icyphy/ptII/lib/saxon8-dom.jar:/home/travis/build/icyphy/ptII/lib/chic.jar:/home/travis/build/icyphy/ptII/lib/ptcolt.jar:/home/travis/build/icyphy/ptII/vendors/misc/itext/iText.jar:/home/travis/build/icyphy/ptII/lib/g4ltl.jar:/home/travis/build/icyphy/ptII/lib/StructuralCoder.jar:/home/travis/build/icyphy/ptII/lib/jcerti.jar:/home/travis/build/icyphy/ptII/lib/javax.mail.jar:/home/travis/build/icyphy/ptII/vendors/JMF-2.1.1e/lib/jmf.jar:/home/travis/build/icyphy/ptII/lib/jna-4.0.0-variadic.jar:/home/travis/build/icyphy/ptII/vendors/misc/joystick/Joystick.jar:/home/travis/build/icyphy/ptII/lib/ptjacl.jar:/home/travis/build/icyphy/ptII/lib/jsoup-1.8.2.jar:/home/travis/build/icyphy/ptII/lib/junit-4.8.2.jar:/home/travis/build/icyphy/ptII/lib/JUnitParams-0.4.0.jar:/home/travis/build/icyphy/ptII/ptolemy/actor/lib/excel/jxl.jar:/home/travis/build/icyphy/ptII/lib/jython.jar:/home/travis/build/icyphy/ptII/lib/kieler.jar:/home/travis/build/icyphy/ptII/vendors/opencv/share/OpenCV/java/opencv-341.jar:/home/travis/build/icyphy/ptII/lib/oscP5.jar:/home/travis/build/icyphy/ptII/lib/nrjavaserial-3.11.0.devel.jar:/home/travis/build/icyphy/ptII/vendors/j3d/lib/Linux/j3dcore.jar:/home/travis/build/icyphy/ptII/vendors/j3d/lib/Linux/j3dutils.jar:/home/travis/build/icyphy/ptII/vendors/j3d/lib/Linux/vecmath.jar:/home/travis/build/icyphy/ptII/vendors/jogl/lib/Linux/gluegen-rt-natives-linux-amd64.jar:/home/travis/build/icyphy/ptII/vendors/jogl/lib/Linux/gluegen-rt.jar:/home/travis/build/icyphy/ptII/vendors/jogl/lib/Linux/jogl-all-natives-linux-amd64.jar:/home/travis/build/icyphy/ptII/vendors/jogl/lib/Linux/jogl-all.jar:/home/travis/build/icyphy/ptII/ptolemy/distributed/jini/jar/jini-core.jar:/home/travis/build/icyphy/ptII/ptolemy/distributed/jini/jar/jini-ext.jar:/home/travis/build/icyphy/ptII/ptolemy/distributed/jini/jar/sun-util.jar:/home/travis/build/icyphy/ptII/lib/protobuf-java-2.4.1.jar:/home/travis/build/icyphy/ptII/lib/org.eclipse.paho.client.mqttv3.jar:/home/travis/build/icyphy/ptII/lib/mapss.jar:/home/travis/build/icyphy/ptII/ptolemy/actor/ptalon/antlr/antlr.jar:/home/travis/build/icyphy/ptII/lib/JRI.jar:/home/travis/build/icyphy/ptII/lib/commons-lang-2.6.jar:/home/travis/build/icyphy/ptII/lib/commons-logging-1.1.1.jar:/home/travis/build/icyphy/ptII/lib/sootclasses.jar:/home/travis/build/icyphy/ptII/ptolemy/actor/lib/database/mysql-connector-java-5.1.6-bin.jar:/home/travis/build/icyphy/ptII/vendors/misc/sphinx4/sphinx4-data-5prealpha.jar:/home/travis/build/icyphy/ptII/vendors/misc/sphinx4/sphinx4-core-5prealpha.jar:/home/travis/build/icyphy/ptII/lib/PDFRenderer.jar:/home/travis/build/icyphy/ptII/lib/svgSalamander.jar:/home/travis/build/icyphy/ptII/lib/rsyntaxtextarea-2.6.0-SNAPSHOT.jar:/home/travis/build/icyphy/ptII/lib/hazelcast-3.8.2.jar:/home/travis/build/icyphy/ptII/lib/jackson-annotations-2.9.0.jar:/home/travis/build/icyphy/ptII/lib/jackson-core-2.9.3.jar:/home/travis/build/icyphy/ptII/lib/jackson-databind-2.9.3.jar:/home/travis/build/icyphy/ptII/lib/netty-buffer-4.1.19.Final.jar:/home/travis/build/icyphy/ptII/lib/netty-codec-4.1.19.Final.jar:/home/travis/build/icyphy/ptII/lib/netty-codec-dns-4.1.19.Final.jar:/home/travis/build/icyphy/ptII/lib/netty-codec-http-4.1.19.Final.jar:/home/travis/build/icyphy/ptII/lib/netty-codec-http2-4.1.19.Final.jar:/home/travis/build/icyphy/ptII/lib/netty-common-4.1.19.Final.jar:/home/travis/build/icyphy/ptII/lib/netty-handler-4.1.19.Final.jar:/home/travis/build/icyphy/ptII/lib/netty-resolver-4.1.19.Final.jar:/home/travis/build/icyphy/ptII/lib/netty-resolver-dns-4.1.19.Final.jar:/home/travis/build/icyphy/ptII/lib/netty-transport-4.1.19.Final.jar:/home/travis/build/icyphy/ptII/lib/vertx-codegen-3.5.1.jar:/home/travis/build/icyphy/ptII/lib/vertx-core-3.5.2-SNAPSHOT.jar:/home/travis/build/icyphy/ptII/lib/vertx-hazelcast-3.5.1.jar:/home/travis/build/icyphy/ptII/lib/vertx-lang-js-3.5.1.jar:/home/travis/build/icyphy/ptII/lib/vertx-service-proxy-3.5.1.jar:/home/travis/build/icyphy/ptII/lib/vertx-web-3.5.1.jar:/home/travis/build/icyphy/ptII/lib/slf4j-api-1.7.13.jar:/home/travis/build/icyphy/ptII/lib/slf4j-simple-1.7.13.jar:/home/travis/build/icyphy/ptII/lib/webcam-capture-0.3.12.jar:/home/travis/build/icyphy/ptII/lib/bridj-0.7.0.jar:/home/travis/build/icyphy/ptII/lib/xbjlib-1.1.0.nrjavaserial.jar:/home/travis/build/icyphy/ptII/ptolemy/moml/test:/home/travis/build/icyphy/ptII/ant/lib/ant-launcher.jar:/home/travis/build/icyphy/ptII/ant/lib/ant.jar:/home/travis/build/icyphy/ptII/ant/lib/ant-junit.jar:/home/travis/build/icyphy/ptII/ant/lib/ant-junit4.jar" />
    <property name="ant.library.dir" value="/home/travis/build/icyphy/ptII/ant/lib" />
    <property name="os.arch" value="amd64" />
    <property name="env.CONTINUOUS_INTEGRATION" value="true" />
    <property name="env.TRAVIS_LANGUAGE" value="node_js" />
    <property name="env.TRAVIS_STACK_LANGUAGES" value="__sardonyx__ c c++ clojure cplusplus cpp default generic go groovy java node_js php pure_java python ruby scala" />
    <property name="test.name" value="ptolemy.actor.lib.test.junit.JUnitTclTest" />
    <property name="env.APT_KEY_DONT_WARN_ON_DANGEROUS_USAGE" value="1" />
    <property name="sun.java.launcher" value="SUN_STANDARD" />
    <property name="env.PYTHON_CONFIGURE_OPTS" value="--enable-unicode=ucs4 --with-wide-unicode --enable-shared --enable-ipv6 --enable-loadable-sqlite-extensions --with-computed-gotos" />
    <property name="ant.core.lib" value="/home/travis/build/icyphy/ptII/ant/lib/ant.jar" />
    <property name="java.vm.specification.vendor" value="Oracle Corporation" />
    <property name="env.BCVTB_HOME" value="/home/travis/build/icyphy/ptII/lbnl" />
    <property name="file.separator" value="/" />
    <property name="spotbugs.home" value="/home/travis/build/icyphy/ptII/vendors/spotbugs-3.1.1" />
    <property name="java.runtime.version" value="11.0.2+9" />
    <property name="env.ANSI_CLEAR" value="\033[0K" />
    <property name="javafx.verbose" value="true" />
    <property name="env.HAS_JOSH_K_SEAL_OF_APPROVAL" value="true" />
    <property name="env.XDG_RUNTIME_DIR" value="/run/user/2000" />
    <property name="env.TRAVIS_OSX_IMAGE" value="" />
    <property name="env.TRAVIS_JOB_ID" value="650739888" />
    <property name="env.TRAVIS_BRANCH" value="master" />
    <property name="user.country" value="US" />
    <property name="env.CERTI_HOME_TRAVIS" value="/home/travis/pthla/certi-tools" />
    <property name="env.SHELL" value="/bin/bash" />
    <property name="java.maxmemory.large" value="3200m" />
    <property name="model" value="" />
    <property name="env.CASHER_DIR" value="/home/travis/.casher" />
    <property name="env.NVM_CD_FLAGS" value="" />
    <property name="java.vendor.version" value="18.9" />
    <property name="jshint.executable" value="/home/travis/node_modules/jshint/bin/jshint" />
    <property name="env.JRUBY_OPTS" value=" --client -J-XX:+TieredCompilation -J-XX:TieredStopAtLevel=1 -J-Xss2m -Xcompile.invokedynamic=false" />
    <property name="java.vendor" value="Oracle Corporation" />
    <property name="env.TRAVIS_PRE_CHEF_BOOTSTRAP_TIME" value="2019-03-25T16:16:42" />
    <property name="env.TRAVIS_STACK_JOB_BOARD_REGISTER" value="/.job-board-register.yml" />
    <property name="env.ANSI_RED" value="\033[31;1m" />
    <property name="java.specification.version" value="11" />
    <property name="env.IRBRC" value="/home/travis/.rvm/rubies/ruby-2.5.3/.irbrc" />
    <property name="env.TRAVIS" value="true" />
    <property name="sun.arch.data.model" value="64" />
  </properties>
  <testcase classname="ptolemy.util.test.junit.TclTests" name="[0] /home/travis/build/icyphy/ptII/ptolemy/actor/lib/test/AbsoluteValue.tcl (RunTclFile)" time="0.536" />
  <testcase classname="ptolemy.util.test.junit.TclTests" name="[1] /home/travis/build/icyphy/ptII/ptolemy/actor/lib/test/AddSubtract.tcl (RunTclFile)" time="0.144" />
  <testcase classname="ptolemy.util.test.junit.TclTests" name="[2] /home/travis/build/icyphy/ptII/ptolemy/actor/lib/test/Average.tcl (RunTclFile)" time="0.073" />
  <testcase classname="ptolemy.util.test.junit.TclTests" name="[3] /home/travis/build/icyphy/ptII/ptolemy/actor/lib/test/Bernoulli.tcl (RunTclFile)" time="0.035" />
  <testcase classname="ptolemy.util.test.junit.TclTests" name="[4] /home/travis/build/icyphy/ptII/ptolemy/actor/lib/test/Clock.tcl (RunTclFile)" time="0.077" />
  <testcase classname="ptolemy.util.test.junit.TclTests" name="[5] /home/travis/build/icyphy/ptII/ptolemy/actor/lib/test/Commutator.tcl (RunTclFile)" time="0.186" />
  <testcase classname="ptolemy.util.test.junit.TclTests" name="[6] /home/travis/build/icyphy/ptII/ptolemy/actor/lib/test/Const.tcl (RunTclFile)" time="0.122" />
  <testcase classname="ptolemy.util.test.junit.TclTests" name="[7] /home/travis/build/icyphy/ptII/ptolemy/actor/lib/test/CurrentTime.tcl (RunTclFile)" time="0.019" />
  <testcase classname="ptolemy.util.test.junit.TclTests" name="[8] /home/travis/build/icyphy/ptII/ptolemy/actor/lib/test/DB.tcl (RunTclFile)" time="0.02" />
  <testcase classname="ptolemy.util.test.junit.TclTests" name="[9] /home/travis/build/icyphy/ptII/ptolemy/actor/lib/test/DiscreteRandomSource.tcl (RunTclFile)" time="0.034" />
  <testcase classname="ptolemy.util.test.junit.TclTests" name="[10] /home/travis/build/icyphy/ptII/ptolemy/actor/lib/test/Distributor.tcl (RunTclFile)" time="0.095" />
  <testcase classname="ptolemy.util.test.junit.TclTests" name="[11] /home/travis/build/icyphy/ptII/ptolemy/actor/lib/test/Exit.tcl (RunTclFile)" time="0.084" />
  <testcase classname="ptolemy.util.test.junit.TclTests" name="[12] /home/travis/build/icyphy/ptII/ptolemy/actor/lib/test/Expression.tcl (RunTclFile)" time="0.066" />
  <testcase classname="ptolemy.util.test.junit.TclTests" name="[13] /home/travis/build/icyphy/ptII/ptolemy/actor/lib/test/Gaussian.tcl (RunTclFile)" time="0.898" />
  <testcase classname="ptolemy.util.test.junit.TclTests" name="[14] /home/travis/build/icyphy/ptII/ptolemy/actor/lib/test/IIR.tcl (RunTclFile)" time="0.041" />
  <testcase classname="ptolemy.util.test.junit.TclTests" name="[15] /home/travis/build/icyphy/ptII/ptolemy/actor/lib/test/Interpolator.tcl (RunTclFile)" time="0.114" />
  <testcase classname="ptolemy.util.test.junit.TclTests" name="[16] /home/travis/build/icyphy/ptII/ptolemy/actor/lib/test/MathFunction.tcl (RunTclFile)" time="0.087" />
  <testcase classname="ptolemy.util.test.junit.TclTests" name="[17] /home/travis/build/icyphy/ptII/ptolemy/actor/lib/test/Maximum.tcl (RunTclFile)" time="0.044" />
  <testcase classname="ptolemy.util.test.junit.TclTests" name="[18] /home/travis/build/icyphy/ptII/ptolemy/actor/lib/test/Minimum.tcl (RunTclFile)" time="0.04" />
  <testcase classname="ptolemy.util.test.junit.TclTests" name="[19] /home/travis/build/icyphy/ptII/ptolemy/actor/lib/test/MultiplyDivide.tcl (RunTclFile)" time="0.045" />
  <testcase classname="ptolemy.util.test.junit.TclTests" name="[20] /home/travis/build/icyphy/ptII/ptolemy/actor/lib/test/OrderedMerge.tcl (RunTclFile)" time="0.129" />
  <testcase classname="ptolemy.util.test.junit.TclTests" name="[21] /home/travis/build/icyphy/ptII/ptolemy/actor/lib/test/Publisher.tcl (RunTclFile)" time="0.816" />
  <testcase classname="ptolemy.util.test.junit.TclTests" name="[22] /home/travis/build/icyphy/ptII/ptolemy/actor/lib/test/Pulse.tcl (RunTclFile)" time="0.046" />
  <testcase classname="ptolemy.util.test.junit.TclTests" name="[23] /home/travis/build/icyphy/ptII/ptolemy/actor/lib/test/Ramp.tcl (RunTclFile)" time="2.027" />
  <testcase classname="ptolemy.util.test.junit.TclTests" name="[24] /home/travis/build/icyphy/ptII/ptolemy/actor/lib/test/RampContinuous.tcl (RunTclFile)" time="0.022" />
  <testcase classname="ptolemy.util.test.junit.TclTests" name="[25] /home/travis/build/icyphy/ptII/ptolemy/actor/lib/test/RecordAssembler.tcl (RunTclFile)" time="0.017" />
  <testcase classname="ptolemy.util.test.junit.TclTests" name="[26] /home/travis/build/icyphy/ptII/ptolemy/actor/lib/test/RecordDisassembler.tcl (RunTclFile)" time="0.028" />
  <testcase classname="ptolemy.util.test.junit.TclTests" name="[27] /home/travis/build/icyphy/ptII/ptolemy/actor/lib/test/Scale.tcl (RunTclFile)" time="0.013" />
  <testcase classname="ptolemy.util.test.junit.TclTests" name="[28] /home/travis/build/icyphy/ptII/ptolemy/actor/lib/test/SequentialClock.tcl (RunTclFile)" time="0.012" />
  <testcase classname="ptolemy.util.test.junit.TclTests" name="[29] /home/travis/build/icyphy/ptII/ptolemy/actor/lib/test/SetVariable.tcl (RunTclFile)" time="0.009" />
  <testcase classname="ptolemy.util.test.junit.TclTests" name="[30] /home/travis/build/icyphy/ptII/ptolemy/actor/lib/test/Sinewave.tcl (RunTclFile)" time="0.023" />
  <testcase classname="ptolemy.util.test.junit.TclTests" name="[31] /home/travis/build/icyphy/ptII/ptolemy/actor/lib/test/SubscriptionAggregator.tcl (RunTclFile)" time="2.289" />
  <testcase classname="ptolemy.util.test.junit.TclTests" name="[32] /home/travis/build/icyphy/ptII/ptolemy/actor/lib/test/Test.tcl (RunTclFile)" time="0.087" />
  <testcase classname="ptolemy.util.test.junit.TclTests" name="[33] /home/travis/build/icyphy/ptII/ptolemy/actor/lib/test/TestExceptionHandler.tcl (RunTclFile)" time="0.011" />
  <testcase classname="ptolemy.util.test.junit.TclTests" name="[34] /home/travis/build/icyphy/ptII/ptolemy/actor/lib/test/UnionDisassembler.tcl (RunTclFile)" time="0.052" />
  <testcase classname="ptolemy.util.test.junit.TclTests" name="[35] /home/travis/build/icyphy/ptII/ptolemy/actor/lib/test/VariableClock.tcl (RunTclFile)" time="0.017" />
  <testcase classname="ptolemy.util.test.junit.AutoKnownFailedTests" name="[0] /home/travis/build/icyphy/ptII/ptolemy/actor/lib/test/auto/knownFailedTests/PublisherPortToplevelSubscriber.xml (RunModel)" time="0.03" />
  <testcase classname="ptolemy.util.test.junit.AutoKnownFailedTests" name="[1] /home/travis/build/icyphy/ptII/ptolemy/actor/lib/test/auto/knownFailedTests/PublisherSubscriberPortToplevel.xml (RunModel)" time="0.016" />
  <testcase classname="ptolemy.util.test.junit.AutoKnownFailedTests" name="[2] /home/travis/build/icyphy/ptII/ptolemy/actor/lib/test/auto/knownFailedTests/PublisherSubscriptionAggregatorPort.xml (RunModel)" time="0.023" />
  <testcase classname="ptolemy.util.test.junit.AutoKnownFailedTests" name="[3] /home/travis/build/icyphy/ptII/ptolemy/actor/lib/test/auto/knownFailedTests/sizedarray3.xml (RunModel)" time="0.025" />
  <testcase classname="ptolemy.util.test.junit.AutoNameArchTests" name="[0] ThereAreNoAutoArchTests (RunModel)" time="0.008" />
  <testcase classname="ptolemy.util.test.junit.AutoTests" name="[0] /home/travis/build/icyphy/ptII/ptolemy/actor/lib/test/auto/AbsoluteValue.xml (RunModel)" time="0.091" />
  <testcase classname="ptolemy.util.test.junit.AutoTests" name="[1] /home/travis/build/icyphy/ptII/ptolemy/actor/lib/test/auto/AbsoluteValue2.xml (RunModel)" time="0.046" />
  <testcase classname="ptolemy.util.test.junit.AutoTests" name="[2] /home/travis/build/icyphy/ptII/ptolemy/actor/lib/test/auto/Accumulator.xml (RunModel)" time="0.035" />
  <testcase classname="ptolemy.util.test.junit.AutoTests" name="[3] /home/travis/build/icyphy/ptII/ptolemy/actor/lib/test/auto/Accumulator2.xml (RunModel)" time="0.043" />
  <testcase classname="ptolemy.util.test.junit.AutoTests" name="[4] /home/travis/build/icyphy/ptII/ptolemy/actor/lib/test/auto/Accumulator3.xml (RunModel)" time="0.037" />
  <testcase classname="ptolemy.util.test.junit.AutoTests" name="[5] /home/travis/build/icyphy/ptII/ptolemy/actor/lib/test/auto/ArrayAppend.xml (RunModel)" time="0.167" />
  <testcase classname="ptolemy.util.test.junit.AutoTests" name="[6] /home/travis/build/icyphy/ptII/ptolemy/actor/lib/test/auto/ArrayAppend2.xml (RunModel)" time="0.317" />
  <testcase classname="ptolemy.util.test.junit.AutoTests" name="[7] /home/travis/build/icyphy/ptII/ptolemy/actor/lib/test/auto/ArrayAppend3.xml (RunModel)" time="0.037" />
  <testcase classname="ptolemy.util.test.junit.AutoTests" name="[8] /home/travis/build/icyphy/ptII/ptolemy/actor/lib/test/auto/ArrayAppend4.xml (RunModel)" time="0.022" />
  <testcase classname="ptolemy.util.test.junit.AutoTests" name="[9] /home/travis/build/icyphy/ptII/ptolemy/actor/lib/test/auto/ArrayAppend5.xml (RunModel)" time="0.014" />
  <testcase classname="ptolemy.util.test.junit.AutoTests" name="[10] /home/travis/build/icyphy/ptII/ptolemy/actor/lib/test/auto/ArrayAppend6.xml (RunModel)" time="0.014" />
  <testcase classname="ptolemy.util.test.junit.AutoTests" name="[11] /home/travis/build/icyphy/ptII/ptolemy/actor/lib/test/auto/ArrayAppendPerformanceTest.xml (RunModel)" time="0.045" />
  <testcase classname="ptolemy.util.test.junit.AutoTests" name="[12] /home/travis/build/icyphy/ptII/ptolemy/actor/lib/test/auto/ArrayAppendWithEmptyInput.xml (RunModel)" time="0.05" />
  <testcase classname="ptolemy.util.test.junit.AutoTests" name="[13] /home/travis/build/icyphy/ptII/ptolemy/actor/lib/test/auto/ArrayAverage.xml (RunModel)" time="0.055" />
  <testcase classname="ptolemy.util.test.junit.AutoTests" name="[14] /home/travis/build/icyphy/ptII/ptolemy/actor/lib/test/auto/ArrayContains.xml (RunModel)" time="0.033" />
  <testcase classname="ptolemy.util.test.junit.AutoTests" name="[15] /home/travis/build/icyphy/ptII/ptolemy/actor/lib/test/auto/ArrayElement.xml (RunModel)" time="0.043" />
  <testcase classname="ptolemy.util.test.junit.AutoTests" name="[16] /home/travis/build/icyphy/ptII/ptolemy/actor/lib/test/auto/ArrayElementAsMatrix.xml (RunModel)" time="0.063" />
  <testcase classname="ptolemy.util.test.junit.AutoTests" name="[17] /home/travis/build/icyphy/ptII/ptolemy/actor/lib/test/auto/ArrayElementI.xml (RunModel)" time="0.022" />
  <testcase classname="ptolemy.util.test.junit.AutoTests" name="[18] /home/travis/build/icyphy/ptII/ptolemy/actor/lib/test/auto/ArrayExtract.xml (RunModel)" time="0.03" />
  <testcase classname="ptolemy.util.test.junit.AutoTests" name="[19] /home/travis/build/icyphy/ptII/ptolemy/actor/lib/test/auto/ArrayExtract2.xml (RunModel)" time="0.015" />
  <testcase classname="ptolemy.util.test.junit.AutoTests" name="[20] /home/travis/build/icyphy/ptII/ptolemy/actor/lib/test/auto/ArrayLength.xml (RunModel)" time="0.018" />
  <testcase classname="ptolemy.util.test.junit.AutoTests" name="[21] /home/travis/build/icyphy/ptII/ptolemy/actor/lib/test/auto/ArrayLevelCrossing.xml (RunModel)" time="0.027" />
  <testcase classname="ptolemy.util.test.junit.AutoTests" name="[22] /home/travis/build/icyphy/ptII/ptolemy/actor/lib/test/auto/ArrayLevelCrossing2.xml (RunModel)" time="0.022" />
  <testcase classname="ptolemy.util.test.junit.AutoTests" name="[23] /home/travis/build/icyphy/ptII/ptolemy/actor/lib/test/auto/ArrayPeakSearch.xml (RunModel)" time="0.042" />
  <testcase classname="ptolemy.util.test.junit.AutoTests" name="[24] /home/travis/build/icyphy/ptII/ptolemy/actor/lib/test/auto/ArrayPeakSearch2.xml (RunModel)" time="0.046" />
  <testcase classname="ptolemy.util.test.junit.AutoTests" name="[25] /home/travis/build/icyphy/ptII/ptolemy/actor/lib/test/auto/ArrayPeakSearch3.xml (RunModel)" time="0.03" />
  <testcase classname="ptolemy.util.test.junit.AutoTests" name="[26] /home/travis/build/icyphy/ptII/ptolemy/actor/lib/test/auto/ArrayRemoveElement.xml (RunModel)" time="0.028" />
  <testcase classname="ptolemy.util.test.junit.AutoTests" name="[27] /home/travis/build/icyphy/ptII/ptolemy/actor/lib/test/auto/ArraySort.xml (RunModel)" time="0.031" />
  <testcase classname="ptolemy.util.test.junit.AutoTests" name="[28] /home/travis/build/icyphy/ptII/ptolemy/actor/lib/test/auto/ArraySum.xml (RunModel)" time="0.016" />
  <testcase classname="ptolemy.util.test.junit.AutoTests" name="[29] /home/travis/build/icyphy/ptII/ptolemy/actor/lib/test/auto/ArrayToElements.xml (RunModel)" time="0.016" />
  <testcase classname="ptolemy.util.test.junit.AutoTests" name="[30] /home/travis/build/icyphy/ptII/ptolemy/actor/lib/test/auto/ArrayToMatrix.xml (RunModel)" time="0.048" />
  <testcase classname="ptolemy.util.test.junit.AutoTests" name="[31] /home/travis/build/icyphy/ptII/ptolemy/actor/lib/test/auto/ArrayUpdate1.xml (RunModel)" time="0.016" />
  <testcase classname="ptolemy.util.test.junit.AutoTests" name="[32] /home/travis/build/icyphy/ptII/ptolemy/actor/lib/test/auto/ArrayUpdate2.xml (RunModel)" time="0.017" />
  <testcase classname="ptolemy.util.test.junit.AutoTests" name="[33] /home/travis/build/icyphy/ptII/ptolemy/actor/lib/test/auto/ArrayUpdate3.xml (RunModel)" time="0.026" />
  <testcase classname="ptolemy.util.test.junit.AutoTests" name="[34] /home/travis/build/icyphy/ptII/ptolemy/actor/lib/test/auto/Assert1.xml (RunModel)" time="0.026" />
  <testcase classname="ptolemy.util.test.junit.AutoTests" name="[35] /home/travis/build/icyphy/ptII/ptolemy/actor/lib/test/auto/Assert2.xml (RunModel)" time="0.011" />
  <testcase classname="ptolemy.util.test.junit.AutoTests" name="[36] /home/travis/build/icyphy/ptII/ptolemy/actor/lib/test/auto/BooleanMultiplexor.xml (RunModel)" time="0.015" />
  <testcase classname="ptolemy.util.test.junit.AutoTests" name="[37] /home/travis/build/icyphy/ptII/ptolemy/actor/lib/test/auto/BooleanMultiplexor2.xml (RunModel)" time="0.055" />
  <testcase classname="ptolemy.util.test.junit.AutoTests" name="[38] /home/travis/build/icyphy/ptII/ptolemy/actor/lib/test/auto/BooleanMultiplexor3.xml (RunModel)" time="0.026" />
  <testcase classname="ptolemy.util.test.junit.AutoTests" name="[39] /home/travis/build/icyphy/ptII/ptolemy/actor/lib/test/auto/BooleanSelect.xml (RunModel)" time="0.017" />
  <testcase classname="ptolemy.util.test.junit.AutoTests" name="[40] /home/travis/build/icyphy/ptII/ptolemy/actor/lib/test/auto/BooleanSelect2.xml (RunModel)" time="0.021" />
  <testcase classname="ptolemy.util.test.junit.AutoTests" name="[41] /home/travis/build/icyphy/ptII/ptolemy/actor/lib/test/auto/BooleanSwitch.xml (RunModel)" time="0.017" />
  <testcase classname="ptolemy.util.test.junit.AutoTests" name="[42] /home/travis/build/icyphy/ptII/ptolemy/actor/lib/test/auto/BooleanSwitch2.xml (RunModel)" time="0.012" />
  <testcase classname="ptolemy.util.test.junit.AutoTests" name="[43] /home/travis/build/icyphy/ptII/ptolemy/actor/lib/test/auto/BooleanSwitchCloningBugWithClassRelationGroup.xml (RunModel)" time="0.023" />
  <testcase classname="ptolemy.util.test.junit.AutoTests" name="[44] /home/travis/build/icyphy/ptII/ptolemy/actor/lib/test/auto/BusActors.xml (RunModel)" time="0.029" />
  <testcase classname="ptolemy.util.test.junit.AutoTests" name="[45] /home/travis/build/icyphy/ptII/ptolemy/actor/lib/test/auto/ClassWrapper.xml (RunModel)" time="0.011" />
  <testcase classname="ptolemy.util.test.junit.AutoTests" name="[46] /home/travis/build/icyphy/ptII/ptolemy/actor/lib/test/auto/Clock.xml (RunModel)" time="0.008" />
  <testcase classname="ptolemy.util.test.junit.AutoTests" name="[47] /home/travis/build/icyphy/ptII/ptolemy/actor/lib/test/auto/Clock10.xml (RunModel)" time="0.014" />
  <testcase classname="ptolemy.util.test.junit.AutoTests" name="[48] /home/travis/build/icyphy/ptII/ptolemy/actor/lib/test/auto/Clock11.xml (RunModel)" time="0.013" />
  <testcase classname="ptolemy.util.test.junit.AutoTests" name="[49] /home/travis/build/icyphy/ptII/ptolemy/actor/lib/test/auto/Clock12.xml (RunModel)" time="0.012" />
  <testcase classname="ptolemy.util.test.junit.AutoTests" name="[50] /home/travis/build/icyphy/ptII/ptolemy/actor/lib/test/auto/Clock13.xml (RunModel)" time="0.013" />
  <testcase classname="ptolemy.util.test.junit.AutoTests" name="[51] /home/travis/build/icyphy/ptII/ptolemy/actor/lib/test/auto/Clock14.xml (RunModel)" time="0.022" />
  <testcase classname="ptolemy.util.test.junit.AutoTests" name="[52] /home/travis/build/icyphy/ptII/ptolemy/actor/lib/test/auto/Clock15.xml (RunModel)" time="0.014" />
  <testcase classname="ptolemy.util.test.junit.AutoTests" name="[53] /home/travis/build/icyphy/ptII/ptolemy/actor/lib/test/auto/Clock16.xml (RunModel)" time="0.087" />
  <testcase classname="ptolemy.util.test.junit.AutoTests" name="[54] /home/travis/build/icyphy/ptII/ptolemy/actor/lib/test/auto/Clock17.xml (RunModel)" time="0.052" />
  <testcase classname="ptolemy.util.test.junit.AutoTests" name="[55] /home/travis/build/icyphy/ptII/ptolemy/actor/lib/test/auto/Clock18.xml (RunModel)" time="0.045" />
  <testcase classname="ptolemy.util.test.junit.AutoTests" name="[56] /home/travis/build/icyphy/ptII/ptolemy/actor/lib/test/auto/Clock19.xml (RunModel)" time="0.039" />
  <testcase classname="ptolemy.util.test.junit.AutoTests" name="[57] /home/travis/build/icyphy/ptII/ptolemy/actor/lib/test/auto/Clock2.xml (RunModel)" time="0.014" />
  <testcase classname="ptolemy.util.test.junit.AutoTests" name="[58] /home/travis/build/icyphy/ptII/ptolemy/actor/lib/test/auto/Clock20.xml (RunModel)" time="0.019" />
  <testcase classname="ptolemy.util.test.junit.AutoTests" name="[59] /home/travis/build/icyphy/ptII/ptolemy/actor/lib/test/auto/Clock21.xml (RunModel)" time="0.017" />
  <testcase classname="ptolemy.util.test.junit.AutoTests" name="[60] /home/travis/build/icyphy/ptII/ptolemy/actor/lib/test/auto/Clock22.xml (RunModel)" time="0.044" />
  <testcase classname="ptolemy.util.test.junit.AutoTests" name="[61] /home/travis/build/icyphy/ptII/ptolemy/actor/lib/test/auto/Clock23.xml (RunModel)" time="0.019" />
  <testcase classname="ptolemy.util.test.junit.AutoTests" name="[62] /home/travis/build/icyphy/ptII/ptolemy/actor/lib/test/auto/Clock24.xml (RunModel)" time="0.019" />
  <testcase classname="ptolemy.util.test.junit.AutoTests" name="[63] /home/travis/build/icyphy/ptII/ptolemy/actor/lib/test/auto/Clock4.xml (RunModel)" time="0.012" />
  <testcase classname="ptolemy.util.test.junit.AutoTests" name="[64] /home/travis/build/icyphy/ptII/ptolemy/actor/lib/test/auto/Clock5.xml (RunModel)" time="0.013" />
  <testcase classname="ptolemy.util.test.junit.AutoTests" name="[65] /home/travis/build/icyphy/ptII/ptolemy/actor/lib/test/auto/Clock6.xml (RunModel)" time="0.008" />
  <testcase classname="ptolemy.util.test.junit.AutoTests" name="[66] /home/travis/build/icyphy/ptII/ptolemy/actor/lib/test/auto/Clock7.xml (RunModel)" time="0.011" />
  <testcase classname="ptolemy.util.test.junit.AutoTests" name="[67] /home/travis/build/icyphy/ptII/ptolemy/actor/lib/test/auto/Clock8.xml (RunModel)" time="0.013" />
  <testcase classname="ptolemy.util.test.junit.AutoTests" name="[68] /home/travis/build/icyphy/ptII/ptolemy/actor/lib/test/auto/Clock9.xml (RunModel)" time="0.015" />
  <testcase classname="ptolemy.util.test.junit.AutoTests" name="[69] /home/travis/build/icyphy/ptII/ptolemy/actor/lib/test/auto/CommDistDiscard.xml (RunModel)" time="0.025" />
  <testcase classname="ptolemy.util.test.junit.AutoTests" name="[70] /home/travis/build/icyphy/ptII/ptolemy/actor/lib/test/auto/Commutator.xml (RunModel)" time="0.018" />
  <testcase classname="ptolemy.util.test.junit.AutoTests" name="[71] /home/travis/build/icyphy/ptII/ptolemy/actor/lib/test/auto/Commutator2.xml (RunModel)" time="0.012" />
  <testcase classname="ptolemy.util.test.junit.AutoTests" name="[72] /home/travis/build/icyphy/ptII/ptolemy/actor/lib/test/auto/Commutator3.xml (RunModel)" time="0.012" />
  <testcase classname="ptolemy.util.test.junit.AutoTests" name="[73] /home/travis/build/icyphy/ptII/ptolemy/actor/lib/test/auto/Compare.xml (RunModel)" time="0.019" />
  <testcase classname="ptolemy.util.test.junit.AutoTests" name="[74] /home/travis/build/icyphy/ptII/ptolemy/actor/lib/test/auto/CompareDE.xml (RunModel)" time="0.017" />
  <testcase classname="ptolemy.util.test.junit.AutoTests" name="[75] /home/travis/build/icyphy/ptII/ptolemy/actor/lib/test/auto/ComplexDivide.xml (RunModel)" time="0.012" />
  <testcase classname="ptolemy.util.test.junit.AutoTests" name="[76] /home/travis/build/icyphy/ptII/ptolemy/actor/lib/test/auto/ComputeHistogram.xml (RunModel)" time="0.071" />
  <testcase classname="ptolemy.util.test.junit.AutoTests" name="[77] /home/travis/build/icyphy/ptII/ptolemy/actor/lib/test/auto/ConfigurationSelect.xml (RunModel)" time="0.025" />
  <testcase classname="ptolemy.util.test.junit.AutoTests" name="[78] /home/travis/build/icyphy/ptII/ptolemy/actor/lib/test/auto/ConfigurationSelect2.xml (RunModel)" time="0.016" />
  <testcase classname="ptolemy.util.test.junit.AutoTests" name="[79] /home/travis/build/icyphy/ptII/ptolemy/actor/lib/test/auto/ConfigurationSwitch.xml (RunModel)" time="0.026" />
  <testcase classname="ptolemy.util.test.junit.AutoTests" name="[80] /home/travis/build/icyphy/ptII/ptolemy/actor/lib/test/auto/ConfigurationSwitch2.xml (RunModel)" time="0.04" />
  <testcase classname="ptolemy.util.test.junit.AutoTests" name="[81] /home/travis/build/icyphy/ptII/ptolemy/actor/lib/test/auto/ConfigurationSwitchCloningBugWithClassRelationGroup.xml (RunModel)" time="0.023" />
  <testcase classname="ptolemy.util.test.junit.AutoTests" name="[82] /home/travis/build/icyphy/ptII/ptolemy/actor/lib/test/auto/ConfigurationSwitchSelectSDF.xml (RunModel)" time="0.018" />
  <testcase classname="ptolemy.util.test.junit.AutoTests" name="[83] /home/travis/build/icyphy/ptII/ptolemy/actor/lib/test/auto/ConfigurationSwitchSelectSDF2.xml (RunModel)" time="0.022" />
  <testcase classname="ptolemy.util.test.junit.AutoTests" name="[84] /home/travis/build/icyphy/ptII/ptolemy/actor/lib/test/auto/Const.xml (RunModel)" time="0.008" />
  <testcase classname="ptolemy.util.test.junit.AutoTests" name="[85] /home/travis/build/icyphy/ptII/ptolemy/actor/lib/test/auto/Const2.xml (RunModel)" time="0.009" />
  <testcase classname="ptolemy.util.test.junit.AutoTests" name="[86] /home/travis/build/icyphy/ptII/ptolemy/actor/lib/test/auto/Const3.xml (RunModel)" time="0.006" />
  <testcase classname="ptolemy.util.test.junit.AutoTests" name="[87] /home/travis/build/icyphy/ptII/ptolemy/actor/lib/test/auto/ConstantPublisherPort1.xml (RunModel)" time="0.024" />
  <testcase classname="ptolemy.util.test.junit.AutoTests" name="[88] /home/travis/build/icyphy/ptII/ptolemy/actor/lib/test/auto/ConstantPublisherPort2.xml (RunModel)" time="0.02" />
  <testcase classname="ptolemy.util.test.junit.AutoTests" name="[89] /home/travis/build/icyphy/ptII/ptolemy/actor/lib/test/auto/ConstantPublisherPort3.xml (RunModel)" time="0.02" />
  <testcase classname="ptolemy.util.test.junit.AutoTests" name="[90] /home/travis/build/icyphy/ptII/ptolemy/actor/lib/test/auto/ConstantPublisherPort4.xml (RunModel)" time="0.017" />
  <testcase classname="ptolemy.util.test.junit.AutoTests" name="[91] /home/travis/build/icyphy/ptII/ptolemy/actor/lib/test/auto/ConstantPublisherPort5.xml (RunModel)" time="0.043" />
  <testcase classname="ptolemy.util.test.junit.AutoTests" name="[92] /home/travis/build/icyphy/ptII/ptolemy/actor/lib/test/auto/ConstantPublisherPort6.xml (RunModel)" time="0.032" />
  <testcase classname="ptolemy.util.test.junit.AutoTests" name="[93] /home/travis/build/icyphy/ptII/ptolemy/actor/lib/test/auto/ConstantPublisherPort7.xml (RunModel)" time="0.042" />
  <testcase classname="ptolemy.util.test.junit.AutoTests" name="[94] /home/travis/build/icyphy/ptII/ptolemy/actor/lib/test/auto/ConstraintMonitor1.xml (RunModel)" time="0.04" />
  <testcase classname="ptolemy.util.test.junit.AutoTests" name="[95] /home/travis/build/icyphy/ptII/ptolemy/actor/lib/test/auto/ConstraintMonitor2.xml (RunModel)" time="0.012" />
  <testcase classname="ptolemy.util.test.junit.AutoTests" name="[96] /home/travis/build/icyphy/ptII/ptolemy/actor/lib/test/auto/ConstraintMonitor3.xml (RunModel)" time="0.018" />
  <testcase classname="ptolemy.util.test.junit.AutoTests" name="[97] /home/travis/build/icyphy/ptII/ptolemy/actor/lib/test/auto/ConstraintMonitor4.xml (RunModel)" time="0.016" />
  <testcase classname="ptolemy.util.test.junit.AutoTests" name="[98] /home/travis/build/icyphy/ptII/ptolemy/actor/lib/test/auto/ConstraintMonitor5.xml (RunModel)" time="0.016" />
  <testcase classname="ptolemy.util.test.junit.AutoTests" name="[99] /home/travis/build/icyphy/ptII/ptolemy/actor/lib/test/auto/ConstraintMonitor6.xml (RunModel)" time="0.016" />
  <testcase classname="ptolemy.util.test.junit.AutoTests" name="[100] /home/travis/build/icyphy/ptII/ptolemy/actor/lib/test/auto/ConstraintMonitor7.xml (RunModel)" time="0.019" />
  <testcase classname="ptolemy.util.test.junit.AutoTests" name="[101] /home/travis/build/icyphy/ptII/ptolemy/actor/lib/test/auto/ConstraintMonitor8.xml (RunModel)" time="0.029" />
  <testcase classname="ptolemy.util.test.junit.AutoTests" name="[102] /home/travis/build/icyphy/ptII/ptolemy/actor/lib/test/auto/Counter.xml (RunModel)" time="0.017" />
  <testcase classname="ptolemy.util.test.junit.AutoTests" name="[103] /home/travis/build/icyphy/ptII/ptolemy/actor/lib/test/auto/CurrentTimeSDF.xml (RunModel)" time="0.011" />
  <testcase classname="ptolemy.util.test.junit.AutoTests" name="[104] /home/travis/build/icyphy/ptII/ptolemy/actor/lib/test/auto/DB.xml (RunModel)" time="0.015" />
  <testcase classname="ptolemy.util.test.junit.AutoTests" name="[105] /home/travis/build/icyphy/ptII/ptolemy/actor/lib/test/auto/DBDE.xml (RunModel)" time="0.017" />
  <testcase classname="ptolemy.util.test.junit.AutoTests" name="[106] /home/travis/build/icyphy/ptII/ptolemy/actor/lib/test/auto/DateConstructor.xml (RunModel)" time="0.063" />
  <testcase classname="ptolemy.util.test.junit.AutoTests" name="[107] /home/travis/build/icyphy/ptII/ptolemy/actor/lib/test/auto/DelayTime.xml (RunModel)" time="0.014" />
  <testcase classname="ptolemy.util.test.junit.AutoTests" name="[108] /home/travis/build/icyphy/ptII/ptolemy/actor/lib/test/auto/Dictionary1.xml (RunModel)" time="0.015" />
  <testcase classname="ptolemy.util.test.junit.AutoTests" name="[109] /home/travis/build/icyphy/ptII/ptolemy/actor/lib/test/auto/Dictionary2.xml (RunModel)" time="0.015" />
  <testcase classname="ptolemy.util.test.junit.AutoTests" name="[110] /home/travis/build/icyphy/ptII/ptolemy/actor/lib/test/auto/Dictionary3.xml (RunModel)" time="0.013" />
  <testcase classname="ptolemy.util.test.junit.AutoTests" name="[111] /home/travis/build/icyphy/ptII/ptolemy/actor/lib/test/auto/Dictionary4.xml (RunModel)" time="0.021" />
  <testcase classname="ptolemy.util.test.junit.AutoTests" name="[112] /home/travis/build/icyphy/ptII/ptolemy/actor/lib/test/auto/Differential.xml (RunModel)" time="0.013" />
  <testcase classname="ptolemy.util.test.junit.AutoTests" name="[113] /home/travis/build/icyphy/ptII/ptolemy/actor/lib/test/auto/Director.xml (RunModel)" time="0.036" />
  <testcase classname="ptolemy.util.test.junit.AutoTests" name="[114] /home/travis/build/icyphy/ptII/ptolemy/actor/lib/test/auto/DiscreteClock.xml (RunModel)" time="0.012" />
  <testcase classname="ptolemy.util.test.junit.AutoTests" name="[115] /home/travis/build/icyphy/ptII/ptolemy/actor/lib/test/auto/DiscreteClock10.xml (RunModel)" time="0.02" />
  <testcase classname="ptolemy.util.test.junit.AutoTests" name="[116] /home/travis/build/icyphy/ptII/ptolemy/actor/lib/test/auto/DiscreteClock11.xml (RunModel)" time="0.013" />
  <testcase classname="ptolemy.util.test.junit.AutoTests" name="[117] /home/travis/build/icyphy/ptII/ptolemy/actor/lib/test/auto/DiscreteClock12.xml (RunModel)" time="0.015" />
  <testcase classname="ptolemy.util.test.junit.AutoTests" name="[118] /home/travis/build/icyphy/ptII/ptolemy/actor/lib/test/auto/DiscreteClock13.xml (RunModel)" time="0.013" />
  <testcase classname="ptolemy.util.test.junit.AutoTests" name="[119] /home/travis/build/icyphy/ptII/ptolemy/actor/lib/test/auto/DiscreteClock14.xml (RunModel)" time="0.012" />
  <testcase classname="ptolemy.util.test.junit.AutoTests" name="[120] /home/travis/build/icyphy/ptII/ptolemy/actor/lib/test/auto/DiscreteClock15.xml (RunModel)" time="0.016" />
  <testcase classname="ptolemy.util.test.junit.AutoTests" name="[121] /home/travis/build/icyphy/ptII/ptolemy/actor/lib/test/auto/DiscreteClock16.xml (RunModel)" time="0.048" />
  <testcase classname="ptolemy.util.test.junit.AutoTests" name="[122] /home/travis/build/icyphy/ptII/ptolemy/actor/lib/test/auto/DiscreteClock17.xml (RunModel)" time="0.042" />
  <testcase classname="ptolemy.util.test.junit.AutoTests" name="[123] /home/travis/build/icyphy/ptII/ptolemy/actor/lib/test/auto/DiscreteClock18.xml (RunModel)" time="0.035" />
  <testcase classname="ptolemy.util.test.junit.AutoTests" name="[124] /home/travis/build/icyphy/ptII/ptolemy/actor/lib/test/auto/DiscreteClock19.xml (RunModel)" time="0.048" />
  <testcase classname="ptolemy.util.test.junit.AutoTests" name="[125] /home/travis/build/icyphy/ptII/ptolemy/actor/lib/test/auto/DiscreteClock2.xml (RunModel)" time="0.013" />
  <testcase classname="ptolemy.util.test.junit.AutoTests" name="[126] /home/travis/build/icyphy/ptII/ptolemy/actor/lib/test/auto/DiscreteClock20.xml (RunModel)" time="0.012" />
  <testcase classname="ptolemy.util.test.junit.AutoTests" name="[127] /home/travis/build/icyphy/ptII/ptolemy/actor/lib/test/auto/DiscreteClock21.xml (RunModel)" time="0.012" />
  <testcase classname="ptolemy.util.test.junit.AutoTests" name="[128] /home/travis/build/icyphy/ptII/ptolemy/actor/lib/test/auto/DiscreteClock22.xml (RunModel)" time="0.014" />
  <testcase classname="ptolemy.util.test.junit.AutoTests" name="[129] /home/travis/build/icyphy/ptII/ptolemy/actor/lib/test/auto/DiscreteClock23.xml (RunModel)" time="0.014" />
  <testcase classname="ptolemy.util.test.junit.AutoTests" name="[130] /home/travis/build/icyphy/ptII/ptolemy/actor/lib/test/auto/DiscreteClock24.xml (RunModel)" time="0.013" />
  <testcase classname="ptolemy.util.test.junit.AutoTests" name="[131] /home/travis/build/icyphy/ptII/ptolemy/actor/lib/test/auto/DiscreteClock4.xml (RunModel)" time="0.013" />
  <testcase classname="ptolemy.util.test.junit.AutoTests" name="[132] /home/travis/build/icyphy/ptII/ptolemy/actor/lib/test/auto/DiscreteClock5.xml (RunModel)" time="0.01" />
  <testcase classname="ptolemy.util.test.junit.AutoTests" name="[133] /home/travis/build/icyphy/ptII/ptolemy/actor/lib/test/auto/DiscreteClock6.xml (RunModel)" time="0.011" />
  <testcase classname="ptolemy.util.test.junit.AutoTests" name="[134] /home/travis/build/icyphy/ptII/ptolemy/actor/lib/test/auto/DiscreteClock7.xml (RunModel)" time="0.01" />
  <testcase classname="ptolemy.util.test.junit.AutoTests" name="[135] /home/travis/build/icyphy/ptII/ptolemy/actor/lib/test/auto/DiscreteClock8.xml (RunModel)" time="0.024" />
  <testcase classname="ptolemy.util.test.junit.AutoTests" name="[136] /home/travis/build/icyphy/ptII/ptolemy/actor/lib/test/auto/DiscreteClock9.xml (RunModel)" time="0.012" />
  <testcase classname="ptolemy.util.test.junit.AutoTests" name="[137] /home/travis/build/icyphy/ptII/ptolemy/actor/lib/test/auto/DisplayArray.xml (RunModel)" time="0.008" />
  <testcase classname="ptolemy.util.test.junit.AutoTests" name="[138] /home/travis/build/icyphy/ptII/ptolemy/actor/lib/test/auto/Distributor.xml (RunModel)" time="0.01" />
  <testcase classname="ptolemy.util.test.junit.AutoTests" name="[139] /home/travis/build/icyphy/ptII/ptolemy/actor/lib/test/auto/Distributor2.xml (RunModel)" time="0.013" />
  <testcase classname="ptolemy.util.test.junit.AutoTests" name="[140] /home/travis/build/icyphy/ptII/ptolemy/actor/lib/test/auto/DownSample.xml (RunModel)" time="0.009" />
  <testcase classname="ptolemy.util.test.junit.AutoTests" name="[141] /home/travis/build/icyphy/ptII/ptolemy/actor/lib/test/auto/ElectronicUnitBase1.xml (RunModel)" time="0.074" />
  <testcase classname="ptolemy.util.test.junit.AutoTests" name="[142] /home/travis/build/icyphy/ptII/ptolemy/actor/lib/test/auto/ElementsToArray.xml (RunModel)" time="0.012" />
  <testcase classname="ptolemy.util.test.junit.AutoTests" name="[143] /home/travis/build/icyphy/ptII/ptolemy/actor/lib/test/auto/Equals.xml (RunModel)" time="0.015" />
  <testcase classname="ptolemy.util.test.junit.AutoTests" name="[144] /home/travis/build/icyphy/ptII/ptolemy/actor/lib/test/auto/Exec.xml (RunModel)" time="0.022" />
  <testcase classname="ptolemy.util.test.junit.AutoTests" name="[145] /home/travis/build/icyphy/ptII/ptolemy/actor/lib/test/auto/ExecEnvironment.xml (RunModel)" time="0.033" />
  <testcase classname="ptolemy.util.test.junit.AutoTests" name="[146] /home/travis/build/icyphy/ptII/ptolemy/actor/lib/test/auto/ExecNonZeroReturnOutput.xml (RunModel)" time="0.184" />
  <testcase classname="ptolemy.util.test.junit.AutoTests" name="[147] /home/travis/build/icyphy/ptII/ptolemy/actor/lib/test/auto/ExecRunDemos.xml (RunModel)" time="10.53" />
  <testcase classname="ptolemy.util.test.junit.AutoTests" name="[148] /home/travis/build/icyphy/ptII/ptolemy/actor/lib/test/auto/ExecStop.xml (RunModel)" time="5.046" />
  <testcase classname="ptolemy.util.test.junit.AutoTests" name="[149] /home/travis/build/icyphy/ptII/ptolemy/actor/lib/test/auto/ExecutionTimeSDF.xml (RunModel)" time="6.031" />
  <testcase classname="ptolemy.util.test.junit.AutoTests" name="[150] /home/travis/build/icyphy/ptII/ptolemy/actor/lib/test/auto/Expression1.xml (RunModel)" time="0.031" />
  <testcase classname="ptolemy.util.test.junit.AutoTests" name="[151] /home/travis/build/icyphy/ptII/ptolemy/actor/lib/test/auto/Expression10.xml (RunModel)" time="0.032" />
  <testcase classname="ptolemy.util.test.junit.AutoTests" name="[152] /home/travis/build/icyphy/ptII/ptolemy/actor/lib/test/auto/Expression11.xml (RunModel)" time="0.018" />
  <testcase classname="ptolemy.util.test.junit.AutoTests" name="[153] /home/travis/build/icyphy/ptII/ptolemy/actor/lib/test/auto/Expression12.xml (RunModel)" time="0.028" />
  <testcase classname="ptolemy.util.test.junit.AutoTests" name="[154] /home/travis/build/icyphy/ptII/ptolemy/actor/lib/test/auto/Expression13.xml (RunModel)" time="0.012" />
  <testcase classname="ptolemy.util.test.junit.AutoTests" name="[155] /home/travis/build/icyphy/ptII/ptolemy/actor/lib/test/auto/Expression14.xml (RunModel)" time="0.018" />
  <testcase classname="ptolemy.util.test.junit.AutoTests" name="[156] /home/travis/build/icyphy/ptII/ptolemy/actor/lib/test/auto/Expression15.xml (RunModel)" time="0.006" />
  <testcase classname="ptolemy.util.test.junit.AutoTests" name="[157] /home/travis/build/icyphy/ptII/ptolemy/actor/lib/test/auto/Expression16.xml (RunModel)" time="0.01" />
  <testcase classname="ptolemy.util.test.junit.AutoTests" name="[158] /home/travis/build/icyphy/ptII/ptolemy/actor/lib/test/auto/Expression17.xml (RunModel)" time="0.01" />
  <testcase classname="ptolemy.util.test.junit.AutoTests" name="[159] /home/travis/build/icyphy/ptII/ptolemy/actor/lib/test/auto/Expression18.xml (RunModel)" time="0.009" />
  <testcase classname="ptolemy.util.test.junit.AutoTests" name="[160] /home/travis/build/icyphy/ptII/ptolemy/actor/lib/test/auto/Expression2.xml (RunModel)" time="0.01" />
  <testcase classname="ptolemy.util.test.junit.AutoTests" name="[161] /home/travis/build/icyphy/ptII/ptolemy/actor/lib/test/auto/Expression3.xml (RunModel)" time="0.011" />
  <testcase classname="ptolemy.util.test.junit.AutoTests" name="[162] /home/travis/build/icyphy/ptII/ptolemy/actor/lib/test/auto/Expression4.xml (RunModel)" time="0.016" />
  <testcase classname="ptolemy.util.test.junit.AutoTests" name="[163] /home/travis/build/icyphy/ptII/ptolemy/actor/lib/test/auto/Expression5.xml (RunModel)" time="0.01" />
  <testcase classname="ptolemy.util.test.junit.AutoTests" name="[164] /home/travis/build/icyphy/ptII/ptolemy/actor/lib/test/auto/Expression6.xml (RunModel)" time="0.008" />
  <testcase classname="ptolemy.util.test.junit.AutoTests" name="[165] /home/travis/build/icyphy/ptII/ptolemy/actor/lib/test/auto/Expression7.xml (RunModel)" time="0.01" />
  <testcase classname="ptolemy.util.test.junit.AutoTests" name="[166] /home/travis/build/icyphy/ptII/ptolemy/actor/lib/test/auto/Expression8.xml (RunModel)" time="0.014" />
  <testcase classname="ptolemy.util.test.junit.AutoTests" name="[167] /home/travis/build/icyphy/ptII/ptolemy/actor/lib/test/auto/Expression9.xml (RunModel)" time="0.006" />
  <testcase classname="ptolemy.util.test.junit.AutoTests" name="[168] /home/travis/build/icyphy/ptII/ptolemy/actor/lib/test/auto/ExpressionConcatenateArrayType.xml (RunModel)" time="0.025" />
  <testcase classname="ptolemy.util.test.junit.AutoTests" name="[169] /home/travis/build/icyphy/ptII/ptolemy/actor/lib/test/auto/ExpressionConcatenateArrayType2.xml (RunModel)" time="0.022" />
  <testcase classname="ptolemy.util.test.junit.AutoTests" name="[170] /home/travis/build/icyphy/ptII/ptolemy/actor/lib/test/auto/ExpressionFix.xml (RunModel)" time="0.046" />
  <testcase classname="ptolemy.util.test.junit.AutoTests" name="[171] /home/travis/build/icyphy/ptII/ptolemy/actor/lib/test/auto/ExpressionFix2.xml (RunModel)" time="0.011" />
  <testcase classname="ptolemy.util.test.junit.AutoTests" name="[172] /home/travis/build/icyphy/ptII/ptolemy/actor/lib/test/auto/ExpressionFix3.xml (RunModel)" time="0.012" />
  <testcase classname="ptolemy.util.test.junit.AutoTests" name="[173] /home/travis/build/icyphy/ptII/ptolemy/actor/lib/test/auto/FileWriter1.xml (RunModel)" time="0.009" />
  <testcase classname="ptolemy.util.test.junit.AutoTests" name="[174] /home/travis/build/icyphy/ptII/ptolemy/actor/lib/test/auto/FileWriter2.xml (RunModel)" time="0.013" />
  <testcase classname="ptolemy.util.test.junit.AutoTests" name="[175] /home/travis/build/icyphy/ptII/ptolemy/actor/lib/test/auto/FileWriter3.xml (RunModel)" time="0.012" />
  <testcase classname="ptolemy.util.test.junit.AutoTests" name="[176] /home/travis/build/icyphy/ptII/ptolemy/actor/lib/test/auto/Gaussian.xml (RunModel)" time="0.011" />
  <testcase classname="ptolemy.util.test.junit.AutoTests" name="[177] /home/travis/build/icyphy/ptII/ptolemy/actor/lib/test/auto/Gaussian1.xml (RunModel)" time="0.022" />
  <testcase classname="ptolemy.util.test.junit.AutoTests" name="[178] /home/travis/build/icyphy/ptII/ptolemy/actor/lib/test/auto/Gaussian2.xml (RunModel)" time="0.02" />
  <testcase classname="ptolemy.util.test.junit.AutoTests" name="[179] /home/travis/build/icyphy/ptII/ptolemy/actor/lib/test/auto/GradientAdaptiveLattice.xml (RunModel)" time="0.017" />
  <testcase classname="ptolemy.util.test.junit.AutoTests" name="[180] /home/travis/build/icyphy/ptII/ptolemy/actor/lib/test/auto/IIR.xml (RunModel)" time="0.01" />
  <testcase classname="ptolemy.util.test.junit.AutoTests" name="[181] /home/travis/build/icyphy/ptII/ptolemy/actor/lib/test/auto/InputOutputTransparentPorts.xml (RunModel)" time="0.02" />
  <testcase classname="ptolemy.util.test.junit.AutoTests" name="[182] /home/travis/build/icyphy/ptII/ptolemy/actor/lib/test/auto/Interpolator.xml (RunModel)" time="0.013" />
  <testcase classname="ptolemy.util.test.junit.AutoTests" name="[183] /home/travis/build/icyphy/ptII/ptolemy/actor/lib/test/auto/InterpolatorFiringLimitDE.xml (RunModel)" time="0.016" />
  <testcase classname="ptolemy.util.test.junit.AutoTests" name="[184] /home/travis/build/icyphy/ptII/ptolemy/actor/lib/test/auto/Lattice.xml (RunModel)" time="0.011" />
  <testcase classname="ptolemy.util.test.junit.AutoTests" name="[185] /home/travis/build/icyphy/ptII/ptolemy/actor/lib/test/auto/LazyAOCTestLazy.xml (RunModel)" time="0.043" />
  <testcase classname="ptolemy.util.test.junit.AutoTests" name="[186] /home/travis/build/icyphy/ptII/ptolemy/actor/lib/test/auto/LazyAOCTestNonLazy.xml (RunModel)" time="0.059" />
  <testcase classname="ptolemy.util.test.junit.AutoTests" name="[187] /home/travis/build/icyphy/ptII/ptolemy/actor/lib/test/auto/LazyInnerClass.xml (RunModel)" time="0.054" />
  <testcase classname="ptolemy.util.test.junit.AutoTests" name="[188] /home/travis/build/icyphy/ptII/ptolemy/actor/lib/test/auto/LazyPubSub.xml (RunModel)" time="0.045" />
  <testcase classname="ptolemy.util.test.junit.AutoTests" name="[189] /home/travis/build/icyphy/ptII/ptolemy/actor/lib/test/auto/LazyPubSub2.xml (RunModel)" time="0.028" />
  <testcase classname="ptolemy.util.test.junit.AutoTests" name="[190] /home/travis/build/icyphy/ptII/ptolemy/actor/lib/test/auto/LazyPubSub3.xml (RunModel)" time="0.025" />
  <testcase classname="ptolemy.util.test.junit.AutoTests" name="[191] /home/travis/build/icyphy/ptII/ptolemy/actor/lib/test/auto/LazySubClassModel.xml (RunModel)" time="0.025" />
  <testcase classname="ptolemy.util.test.junit.AutoTests" name="[192] /home/travis/build/icyphy/ptII/ptolemy/actor/lib/test/auto/LevelCrossTest1.xml (RunModel)" time="0.012" />
  <testcase classname="ptolemy.util.test.junit.AutoTests" name="[193] /home/travis/build/icyphy/ptII/ptolemy/actor/lib/test/auto/LevelCrossTest10.xml (RunModel)" time="0.015" />
  <testcase classname="ptolemy.util.test.junit.AutoTests" name="[194] /home/travis/build/icyphy/ptII/ptolemy/actor/lib/test/auto/LevelCrossTest11.xml (RunModel)" time="0.017" />
  <testcase classname="ptolemy.util.test.junit.AutoTests" name="[195] /home/travis/build/icyphy/ptII/ptolemy/actor/lib/test/auto/LevelCrossTest12.xml (RunModel)" time="0.018" />
  <testcase classname="ptolemy.util.test.junit.AutoTests" name="[196] /home/travis/build/icyphy/ptII/ptolemy/actor/lib/test/auto/LevelCrossTest13.xml (RunModel)" time="0.016" />
  <testcase classname="ptolemy.util.test.junit.AutoTests" name="[197] /home/travis/build/icyphy/ptII/ptolemy/actor/lib/test/auto/LevelCrossTest2.xml (RunModel)" time="0.011" />
  <testcase classname="ptolemy.util.test.junit.AutoTests" name="[198] /home/travis/build/icyphy/ptII/ptolemy/actor/lib/test/auto/LevelCrossTest3.xml (RunModel)" time="0.037" />
  <testcase classname="ptolemy.util.test.junit.AutoTests" name="[199] /home/travis/build/icyphy/ptII/ptolemy/actor/lib/test/auto/LevelCrossTest4.xml (RunModel)" time="0.011" />
  <testcase classname="ptolemy.util.test.junit.AutoTests" name="[200] /home/travis/build/icyphy/ptII/ptolemy/actor/lib/test/auto/LevelCrossTest5.xml (RunModel)" time="0.015" />
  <testcase classname="ptolemy.util.test.junit.AutoTests" name="[201] /home/travis/build/icyphy/ptII/ptolemy/actor/lib/test/auto/LevelCrossTest6.xml (RunModel)" time="0.018" />
  <testcase classname="ptolemy.util.test.junit.AutoTests" name="[202] /home/travis/build/icyphy/ptII/ptolemy/actor/lib/test/auto/LevelCrossTest7.xml (RunModel)" time="0.014" />
  <testcase classname="ptolemy.util.test.junit.AutoTests" name="[203] /home/travis/build/icyphy/ptII/ptolemy/actor/lib/test/auto/LevelCrossTest8.xml (RunModel)" time="0.014" />
  <testcase classname="ptolemy.util.test.junit.AutoTests" name="[204] /home/travis/build/icyphy/ptII/ptolemy/actor/lib/test/auto/LevelCrossTest9.xml (RunModel)" time="0.015" />
  <testcase classname="ptolemy.util.test.junit.AutoTests" name="[205] /home/travis/build/icyphy/ptII/ptolemy/actor/lib/test/auto/LevinsonDurbin.xml (RunModel)" time="0.011" />
  <testcase classname="ptolemy.util.test.junit.AutoTests" name="[206] /home/travis/build/icyphy/ptII/ptolemy/actor/lib/test/auto/LevinsonDurbin2.xml (RunModel)" time="0.009" />
  <testcase classname="ptolemy.util.test.junit.AutoTests" name="[207] /home/travis/build/icyphy/ptII/ptolemy/actor/lib/test/auto/LevinsonDurbin3.xml (RunModel)" time="0.012" />
  <testcase classname="ptolemy.util.test.junit.AutoTests" name="[208] /home/travis/build/icyphy/ptII/ptolemy/actor/lib/test/auto/Limiter.xml (RunModel)" time="0.042" />
  <testcase classname="ptolemy.util.test.junit.AutoTests" name="[209] /home/travis/build/icyphy/ptII/ptolemy/actor/lib/test/auto/LinearDifferenceEquationSystem.xml (RunModel)" time="0.023" />
  <testcase classname="ptolemy.util.test.junit.AutoTests" name="[210] /home/travis/build/icyphy/ptII/ptolemy/actor/lib/test/auto/LookupTable.xml (RunModel)" time="0.029" />
  <testcase classname="ptolemy.util.test.junit.AutoTests" name="[211] /home/travis/build/icyphy/ptII/ptolemy/actor/lib/test/auto/MathFunction.xml (RunModel)" time="0.021" />
  <testcase classname="ptolemy.util.test.junit.AutoTests" name="[212] /home/travis/build/icyphy/ptII/ptolemy/actor/lib/test/auto/MathFunction2.xml (RunModel)" time="0.01" />
  <testcase classname="ptolemy.util.test.junit.AutoTests" name="[213] /home/travis/build/icyphy/ptII/ptolemy/actor/lib/test/auto/MathFunction3.xml (RunModel)" time="0.018" />
  <testcase classname="ptolemy.util.test.junit.AutoTests" name="[214] /home/travis/build/icyphy/ptII/ptolemy/actor/lib/test/auto/MatrixCropBoolean.xml (RunModel)" time="0.012" />
  <testcase classname="ptolemy.util.test.junit.AutoTests" name="[215] /home/travis/build/icyphy/ptII/ptolemy/actor/lib/test/auto/MatrixCropComplex.xml (RunModel)" time="0.01" />
  <testcase classname="ptolemy.util.test.junit.AutoTests" name="[216] /home/travis/build/icyphy/ptII/ptolemy/actor/lib/test/auto/MatrixCropDouble.xml (RunModel)" time="0.02" />
  <testcase classname="ptolemy.util.test.junit.AutoTests" name="[217] /home/travis/build/icyphy/ptII/ptolemy/actor/lib/test/auto/MatrixCropFix.xml (RunModel)" time="0.014" />
  <testcase classname="ptolemy.util.test.junit.AutoTests" name="[218] /home/travis/build/icyphy/ptII/ptolemy/actor/lib/test/auto/MatrixCropInt.xml (RunModel)" time="0.009" />
  <testcase classname="ptolemy.util.test.junit.AutoTests" name="[219] /home/travis/build/icyphy/ptII/ptolemy/actor/lib/test/auto/MatrixCropLong.xml (RunModel)" time="0.012" />
  <testcase classname="ptolemy.util.test.junit.AutoTests" name="[220] /home/travis/build/icyphy/ptII/ptolemy/actor/lib/test/auto/MatrixToArray.xml (RunModel)" time="0.051" />
  <testcase classname="ptolemy.util.test.junit.AutoTests" name="[221] /home/travis/build/icyphy/ptII/ptolemy/actor/lib/test/auto/MaxIndex.xml (RunModel)" time="0.012" />
  <testcase classname="ptolemy.util.test.junit.AutoTests" name="[222] /home/travis/build/icyphy/ptII/ptolemy/actor/lib/test/auto/Maximum.xml (RunModel)" time="0.012" />
  <testcase classname="ptolemy.util.test.junit.AutoTests" name="[223] /home/travis/build/icyphy/ptII/ptolemy/actor/lib/test/auto/MaximumComplex.xml (RunModel)" time="0.018" />
  <testcase classname="ptolemy.util.test.junit.AutoTests" name="[224] /home/travis/build/icyphy/ptII/ptolemy/actor/lib/test/auto/MethodCallTest.xml (RunModel)" time="0.023" />
  <testcase classname="ptolemy.util.test.junit.AutoTests" name="[225] /home/travis/build/icyphy/ptII/ptolemy/actor/lib/test/auto/Minimum.xml (RunModel)" time="0.013" />
  <testcase classname="ptolemy.util.test.junit.AutoTests" name="[226] /home/travis/build/icyphy/ptII/ptolemy/actor/lib/test/auto/MinimumComplex.xml (RunModel)" time="0.023" />
  <testcase classname="ptolemy.util.test.junit.AutoTests" name="[227] /home/travis/build/icyphy/ptII/ptolemy/actor/lib/test/auto/MinimumMultiports.xml (RunModel)" time="0.021" />
  <testcase classname="ptolemy.util.test.junit.AutoTests" name="[228] /home/travis/build/icyphy/ptII/ptolemy/actor/lib/test/auto/ModifyDate.xml (RunModel)" time="0.044" />
  <testcase classname="ptolemy.util.test.junit.AutoTests" name="[229] /home/travis/build/icyphy/ptII/ptolemy/actor/lib/test/auto/ModifyDate2.xml (RunModel)" time="0.03" />
  <testcase classname="ptolemy.util.test.junit.AutoTests" name="[230] /home/travis/build/icyphy/ptII/ptolemy/actor/lib/test/auto/MovingAverage.xml (RunModel)" time="0.015" />
  <testcase classname="ptolemy.util.test.junit.AutoTests" name="[231] /home/travis/build/icyphy/ptII/ptolemy/actor/lib/test/auto/MovingMaximum.xml (RunModel)" time="0.01" />
  <testcase classname="ptolemy.util.test.junit.AutoTests" name="[232] /home/travis/build/icyphy/ptII/ptolemy/actor/lib/test/auto/MultipleLinksToSameRelation.xml (RunModel)" time="0.007" />
  <testcase classname="ptolemy.util.test.junit.AutoTests" name="[233] /home/travis/build/icyphy/ptII/ptolemy/actor/lib/test/auto/MultipleLinksToSameRelationDE.xml (RunModel)" time="0.007" />
  <testcase classname="ptolemy.util.test.junit.AutoTests" name="[234] /home/travis/build/icyphy/ptII/ptolemy/actor/lib/test/auto/Multiplexor.xml (RunModel)" time="0.01" />
  <testcase classname="ptolemy.util.test.junit.AutoTests" name="[235] /home/travis/build/icyphy/ptII/ptolemy/actor/lib/test/auto/Multiplexor1.xml (RunModel)" time="0.01" />
  <testcase classname="ptolemy.util.test.junit.AutoTests" name="[236] /home/travis/build/icyphy/ptII/ptolemy/actor/lib/test/auto/Multiplexor2.xml (RunModel)" time="0.012" />
  <testcase classname="ptolemy.util.test.junit.AutoTests" name="[237] /home/travis/build/icyphy/ptII/ptolemy/actor/lib/test/auto/Multiplexor3.xml (RunModel)" time="0.014" />
  <testcase classname="ptolemy.util.test.junit.AutoTests" name="[238] /home/travis/build/icyphy/ptII/ptolemy/actor/lib/test/auto/MultiplexorDE.xml (RunModel)" time="0.016" />
  <testcase classname="ptolemy.util.test.junit.AutoTests" name="[239] /home/travis/build/icyphy/ptII/ptolemy/actor/lib/test/auto/MultiportBroadcastTest.xml (RunModel)" time="0.083" />
  <testcase classname="ptolemy.util.test.junit.AutoTests" name="[240] /home/travis/build/icyphy/ptII/ptolemy/actor/lib/test/auto/MultiportOutHangDuringGetWidth.xml (RunModel)" time="0.034" />
  <testcase classname="ptolemy.util.test.junit.AutoTests" name="[241] /home/travis/build/icyphy/ptII/ptolemy/actor/lib/test/auto/NilToken.xml (RunModel)" time="0.01" />
  <testcase classname="ptolemy.util.test.junit.AutoTests" name="[242] /home/travis/build/icyphy/ptII/ptolemy/actor/lib/test/auto/NilTokenNonStrictTest.xml (RunModel)" time="0.01" />
  <testcase classname="ptolemy.util.test.junit.AutoTests" name="[243] /home/travis/build/icyphy/ptII/ptolemy/actor/lib/test/auto/NilTokenRecord.xml (RunModel)" time="0.022" />
  <testcase classname="ptolemy.util.test.junit.AutoTests" name="[244] /home/travis/build/icyphy/ptII/ptolemy/actor/lib/test/auto/NilTokenTypeTest.xml (RunModel)" time="0.033" />
  <testcase classname="ptolemy.util.test.junit.AutoTests" name="[245] /home/travis/build/icyphy/ptII/ptolemy/actor/lib/test/auto/ObjectToken1.xml (RunModel)" time="0.007" />
  <testcase classname="ptolemy.util.test.junit.AutoTests" name="[246] /home/travis/build/icyphy/ptII/ptolemy/actor/lib/test/auto/OrderedMerge.xml (RunModel)" time="0.022" />
  <testcase classname="ptolemy.util.test.junit.AutoTests" name="[247] /home/travis/build/icyphy/ptII/ptolemy/actor/lib/test/auto/OrderedRecordDisassembler.xml (RunModel)" time="0.014" />
  <testcase classname="ptolemy.util.test.junit.AutoTests" name="[248] /home/travis/build/icyphy/ptII/ptolemy/actor/lib/test/auto/OrderedRecordDisassembler2.xml (RunModel)" time="0.053" />
  <testcase classname="ptolemy.util.test.junit.AutoTests" name="[249] /home/travis/build/icyphy/ptII/ptolemy/actor/lib/test/auto/OrderedRecordUpdater.xml (RunModel)" time="0.009" />
  <testcase classname="ptolemy.util.test.junit.AutoTests" name="[250] /home/travis/build/icyphy/ptII/ptolemy/actor/lib/test/auto/OrderedRecordUpdater2.xml (RunModel)" time="0.015" />
  <testcase classname="ptolemy.util.test.junit.AutoTests" name="[251] /home/travis/build/icyphy/ptII/ptolemy/actor/lib/test/auto/PhaseUnwrap.xml (RunModel)" time="0.012" />
  <testcase classname="ptolemy.util.test.junit.AutoTests" name="[252] /home/travis/build/icyphy/ptII/ptolemy/actor/lib/test/auto/PoissonClock.xml (RunModel)" time="0.008" />
  <testcase classname="ptolemy.util.test.junit.AutoTests" name="[253] /home/travis/build/icyphy/ptII/ptolemy/actor/lib/test/auto/PoissonClock2.xml (RunModel)" time="0.006" />
  <testcase classname="ptolemy.util.test.junit.AutoTests" name="[254] /home/travis/build/icyphy/ptII/ptolemy/actor/lib/test/auto/PoissonClock3.xml (RunModel)" time="0.017" />
  <testcase classname="ptolemy.util.test.junit.AutoTests" name="[255] /home/travis/build/icyphy/ptII/ptolemy/actor/lib/test/auto/PubSubWithInitialTokens.xml (RunModel)" time="0.015" />
  <testcase classname="ptolemy.util.test.junit.AutoTests" name="[256] /home/travis/build/icyphy/ptII/ptolemy/actor/lib/test/auto/PubSubWithInitialTokens2.xml (RunModel)" time="0.009" />
  <testcase classname="ptolemy.util.test.junit.AutoTests" name="[257] /home/travis/build/icyphy/ptII/ptolemy/actor/lib/test/auto/PublisherClassNoParameter.xml (RunModel)" time="0.019" />
  <testcase classname="ptolemy.util.test.junit.AutoTests" name="[258] /home/travis/build/icyphy/ptII/ptolemy/actor/lib/test/auto/PublisherClassParameter.xml (RunModel)" time="0.018" />
  <testcase classname="ptolemy.util.test.junit.AutoTests" name="[259] /home/travis/build/icyphy/ptII/ptolemy/actor/lib/test/auto/PublisherNonStrictTest.xml (RunModel)" time="0.013" />
  <testcase classname="ptolemy.util.test.junit.AutoTests" name="[260] /home/travis/build/icyphy/ptII/ptolemy/actor/lib/test/auto/PublisherPort1.xml (RunModel)" time="0.009" />
  <testcase classname="ptolemy.util.test.junit.AutoTests" name="[261] /home/travis/build/icyphy/ptII/ptolemy/actor/lib/test/auto/PublisherPort2.xml (RunModel)" time="0.007" />
  <testcase classname="ptolemy.util.test.junit.AutoTests" name="[262] /home/travis/build/icyphy/ptII/ptolemy/actor/lib/test/auto/PublisherPort3.xml (RunModel)" time="0.019" />
  <testcase classname="ptolemy.util.test.junit.AutoTests" name="[263] /home/travis/build/icyphy/ptII/ptolemy/actor/lib/test/auto/PublisherPort4.xml (RunModel)" time="0.015" />
  <testcase classname="ptolemy.util.test.junit.AutoTests" name="[264] /home/travis/build/icyphy/ptII/ptolemy/actor/lib/test/auto/PublisherPort5.xml (RunModel)" time="0.012" />
  <testcase classname="ptolemy.util.test.junit.AutoTests" name="[265] /home/travis/build/icyphy/ptII/ptolemy/actor/lib/test/auto/PublisherPort5LookAlike.xml (RunModel)" time="0.016" />
  <testcase classname="ptolemy.util.test.junit.AutoTests" name="[266] /home/travis/build/icyphy/ptII/ptolemy/actor/lib/test/auto/PublisherPort6.xml (RunModel)" time="0.011" />
  <testcase classname="ptolemy.util.test.junit.AutoTests" name="[267] /home/travis/build/icyphy/ptII/ptolemy/actor/lib/test/auto/PublisherPort7.xml (RunModel)" time="0.013" />
  <testcase classname="ptolemy.util.test.junit.AutoTests" name="[268] /home/travis/build/icyphy/ptII/ptolemy/actor/lib/test/auto/PublisherPort8.xml (RunModel)" time="0.013" />
  <testcase classname="ptolemy.util.test.junit.AutoTests" name="[269] /home/travis/build/icyphy/ptII/ptolemy/actor/lib/test/auto/PublisherPortSubscriberChannelVariablesAOC2.xml (RunModel)" time="0.031" />
  <testcase classname="ptolemy.util.test.junit.AutoTests" name="[270] /home/travis/build/icyphy/ptII/ptolemy/actor/lib/test/auto/PublisherPortSubscriberOpaqueWidthInference.xml (RunModel)" time="0.013" />
  <testcase classname="ptolemy.util.test.junit.AutoTests" name="[271] /home/travis/build/icyphy/ptII/ptolemy/actor/lib/test/auto/PublisherPortSubscriberPortAdjacent.xml (RunModel)" time="0.016" />
  <testcase classname="ptolemy.util.test.junit.AutoTests" name="[272] /home/travis/build/icyphy/ptII/ptolemy/actor/lib/test/auto/PublisherPortSubscriberPortExpression.xml (RunModel)" time="0.014" />
  <testcase classname="ptolemy.util.test.junit.AutoTests" name="[273] /home/travis/build/icyphy/ptII/ptolemy/actor/lib/test/auto/PublisherPortSubscriberPortOpaqueD3Reverse.xml (RunModel)" time="0.018" />
  <testcase classname="ptolemy.util.test.junit.AutoTests" name="[274] /home/travis/build/icyphy/ptII/ptolemy/actor/lib/test/auto/PublisherPortSubscriberPortOpaqueWidthInference.xml (RunModel)" time="0.015" />
  <testcase classname="ptolemy.util.test.junit.AutoTests" name="[275] /home/travis/build/icyphy/ptII/ptolemy/actor/lib/test/auto/PublisherPortToplevelSubscriberPortAOC.xml (RunModel)" time="0.017" />
  <testcase classname="ptolemy.util.test.junit.AutoTests" name="[276] /home/travis/build/icyphy/ptII/ptolemy/actor/lib/test/auto/PublisherSubscriber.xml (RunModel)" time="0.016" />
  <testcase classname="ptolemy.util.test.junit.AutoTests" name="[277] /home/travis/build/icyphy/ptII/ptolemy/actor/lib/test/auto/PublisherSubscriber10.xml (RunModel)" time="0.018" />
  <testcase classname="ptolemy.util.test.junit.AutoTests" name="[278] /home/travis/build/icyphy/ptII/ptolemy/actor/lib/test/auto/PublisherSubscriber10InitialOutputs.xml (RunModel)" time="0.023" />
  <testcase classname="ptolemy.util.test.junit.AutoTests" name="[279] /home/travis/build/icyphy/ptII/ptolemy/actor/lib/test/auto/PublisherSubscriber11.xml (RunModel)" time="0.017" />
  <testcase classname="ptolemy.util.test.junit.AutoTests" name="[280] /home/travis/build/icyphy/ptII/ptolemy/actor/lib/test/auto/PublisherSubscriber12.xml (RunModel)" time="0.015" />
  <testcase classname="ptolemy.util.test.junit.AutoTests" name="[281] /home/travis/build/icyphy/ptII/ptolemy/actor/lib/test/auto/PublisherSubscriber13.xml (RunModel)" time="0.012" />
  <testcase classname="ptolemy.util.test.junit.AutoTests" name="[282] /home/travis/build/icyphy/ptII/ptolemy/actor/lib/test/auto/PublisherSubscriber14.xml (RunModel)" time="0.024" />
  <testcase classname="ptolemy.util.test.junit.AutoTests" name="[283] /home/travis/build/icyphy/ptII/ptolemy/actor/lib/test/auto/PublisherSubscriber2.xml (RunModel)" time="0.01" />
  <testcase classname="ptolemy.util.test.junit.AutoTests" name="[284] /home/travis/build/icyphy/ptII/ptolemy/actor/lib/test/auto/PublisherSubscriber3.xml (RunModel)" time="0.01" />
  <testcase classname="ptolemy.util.test.junit.AutoTests" name="[285] /home/travis/build/icyphy/ptII/ptolemy/actor/lib/test/auto/PublisherSubscriber4.xml (RunModel)" time="0.008" />
  <testcase classname="ptolemy.util.test.junit.AutoTests" name="[286] /home/travis/build/icyphy/ptII/ptolemy/actor/lib/test/auto/PublisherSubscriber5.xml (RunModel)" time="0.011" />
  <testcase classname="ptolemy.util.test.junit.AutoTests" name="[287] /home/travis/build/icyphy/ptII/ptolemy/actor/lib/test/auto/PublisherSubscriber6.xml (RunModel)" time="0.015" />
  <testcase classname="ptolemy.util.test.junit.AutoTests" name="[288] /home/travis/build/icyphy/ptII/ptolemy/actor/lib/test/auto/PublisherSubscriber7.xml (RunModel)" time="0.019" />
  <testcase classname="ptolemy.util.test.junit.AutoTests" name="[289] /home/travis/build/icyphy/ptII/ptolemy/actor/lib/test/auto/PublisherSubscriber8.xml (RunModel)" time="0.021" />
  <testcase classname="ptolemy.util.test.junit.AutoTests" name="[290] /home/travis/build/icyphy/ptII/ptolemy/actor/lib/test/auto/PublisherSubscriber9.xml (RunModel)" time="0.013" />
  <testcase classname="ptolemy.util.test.junit.AutoTests" name="[291] /home/travis/build/icyphy/ptII/ptolemy/actor/lib/test/auto/PublisherSubscriberAdjacent.xml (RunModel)" time="0.05" />
  <testcase classname="ptolemy.util.test.junit.AutoTests" name="[292] /home/travis/build/icyphy/ptII/ptolemy/actor/lib/test/auto/PublisherSubscriberChannelVariablesAOC2.xml (RunModel)" time="0.028" />
  <testcase classname="ptolemy.util.test.junit.AutoTests" name="[293] /home/travis/build/icyphy/ptII/ptolemy/actor/lib/test/auto/PublisherSubscriberD3.xml (RunModel)" time="0.015" />
  <testcase classname="ptolemy.util.test.junit.AutoTests" name="[294] /home/travis/build/icyphy/ptII/ptolemy/actor/lib/test/auto/PublisherSubscriberD3Reverse.xml (RunModel)" time="0.009" />
  <testcase classname="ptolemy.util.test.junit.AutoTests" name="[295] /home/travis/build/icyphy/ptII/ptolemy/actor/lib/test/auto/PublisherSubscriberExpression.xml (RunModel)" time="0.016" />
  <testcase classname="ptolemy.util.test.junit.AutoTests" name="[296] /home/travis/build/icyphy/ptII/ptolemy/actor/lib/test/auto/PublisherSubscriberOpaque.xml (RunModel)" time="0.016" />
  <testcase classname="ptolemy.util.test.junit.AutoTests" name="[297] /home/travis/build/icyphy/ptII/ptolemy/actor/lib/test/auto/PublisherSubscriberOpaqueD3.xml (RunModel)" time="0.023" />
  <testcase classname="ptolemy.util.test.junit.AutoTests" name="[298] /home/travis/build/icyphy/ptII/ptolemy/actor/lib/test/auto/PublisherSubscriberOpaqueD3Reverse.xml (RunModel)" time="0.021" />
  <testcase classname="ptolemy.util.test.junit.AutoTests" name="[299] /home/travis/build/icyphy/ptII/ptolemy/actor/lib/test/auto/PublisherSubscriberOpaqueWidthInference.xml (RunModel)" time="0.015" />
  <testcase classname="ptolemy.util.test.junit.AutoTests" name="[300] /home/travis/build/icyphy/ptII/ptolemy/actor/lib/test/auto/PublisherTestSubscriber.xml (RunModel)" time="0.016" />
  <testcase classname="ptolemy.util.test.junit.AutoTests" name="[301] /home/travis/build/icyphy/ptII/ptolemy/actor/lib/test/auto/PublisherToplevelSubscriberPortAOC.xml (RunModel)" time="0.009" />
  <testcase classname="ptolemy.util.test.junit.AutoTests" name="[302] /home/travis/build/icyphy/ptII/ptolemy/actor/lib/test/auto/PulseFiringLimitDE.xml (RunModel)" time="0.012" />
  <testcase classname="ptolemy.util.test.junit.AutoTests" name="[303] /home/travis/build/icyphy/ptII/ptolemy/actor/lib/test/auto/Ramp1.xml (RunModel)" time="0.006" />
  <testcase classname="ptolemy.util.test.junit.AutoTests" name="[304] /home/travis/build/icyphy/ptII/ptolemy/actor/lib/test/auto/RampFiringLimitDE.xml (RunModel)" time="0.009" />
  <testcase classname="ptolemy.util.test.junit.AutoTests" name="[305] /home/travis/build/icyphy/ptII/ptolemy/actor/lib/test/auto/RampFiringLimitSDF.xml (RunModel)" time="0.009" />
  <testcase classname="ptolemy.util.test.junit.AutoTests" name="[306] /home/travis/build/icyphy/ptII/ptolemy/actor/lib/test/auto/RandomInteger.xml (RunModel)" time="0.008" />
  <testcase classname="ptolemy.util.test.junit.AutoTests" name="[307] /home/travis/build/icyphy/ptII/ptolemy/actor/lib/test/auto/ReadFile1.xml (RunModel)" time="0.007" />
  <testcase classname="ptolemy.util.test.junit.AutoTests" name="[308] /home/travis/build/icyphy/ptII/ptolemy/actor/lib/test/auto/ReadFile2.xml (RunModel)" time="0.007" />
  <testcase classname="ptolemy.util.test.junit.AutoTests" name="[309] /home/travis/build/icyphy/ptII/ptolemy/actor/lib/test/auto/Reader.xml (RunModel)" time="0.011" />
  <testcase classname="ptolemy.util.test.junit.AutoTests" name="[310] /home/travis/build/icyphy/ptII/ptolemy/actor/lib/test/auto/RecordAssemblerDisplayNameTest.xml (RunModel)" time="4.887" />
  <testcase classname="ptolemy.util.test.junit.AutoTests" name="[311] /home/travis/build/icyphy/ptII/ptolemy/actor/lib/test/auto/RecordAssemblerTypeError.xml (RunModel)" time="0.036" />
  <testcase classname="ptolemy.util.test.junit.AutoTests" name="[312] /home/travis/build/icyphy/ptII/ptolemy/actor/lib/test/auto/RecordDisassember.xml (RunModel)" time="0.009" />
  <testcase classname="ptolemy.util.test.junit.AutoTests" name="[313] /home/travis/build/icyphy/ptII/ptolemy/actor/lib/test/auto/RecordDisassemberDisplayNameTest.xml (RunModel)" time="0.022" />
  <testcase classname="ptolemy.util.test.junit.AutoTests" name="[314] /home/travis/build/icyphy/ptII/ptolemy/actor/lib/test/auto/RecordDisassembler.xml (RunModel)" time="0.009" />
  <testcase classname="ptolemy.util.test.junit.AutoTests" name="[315] /home/travis/build/icyphy/ptII/ptolemy/actor/lib/test/auto/RecordDisassembler2.xml (RunModel)" time="0.01" />
  <testcase classname="ptolemy.util.test.junit.AutoTests" name="[316] /home/travis/build/icyphy/ptII/ptolemy/actor/lib/test/auto/RecordUpdater.xml (RunModel)" time="0.009" />
  <testcase classname="ptolemy.util.test.junit.AutoTests" name="[317] /home/travis/build/icyphy/ptII/ptolemy/actor/lib/test/auto/RecordUpdater2.xml (RunModel)" time="0.009" />
  <testcase classname="ptolemy.util.test.junit.AutoTests" name="[318] /home/travis/build/icyphy/ptII/ptolemy/actor/lib/test/auto/RecursiveLattice.xml (RunModel)" time="0.008" />
  <testcase classname="ptolemy.util.test.junit.AutoTests" name="[319] /home/travis/build/icyphy/ptII/ptolemy/actor/lib/test/auto/Router.xml (RunModel)" time="3.028" />
  <testcase classname="ptolemy.util.test.junit.AutoTests" name="[320] /home/travis/build/icyphy/ptII/ptolemy/actor/lib/test/auto/Router2.xml (RunModel)" time="3.032" />
  <testcase classname="ptolemy.util.test.junit.AutoTests" name="[321] /home/travis/build/icyphy/ptII/ptolemy/actor/lib/test/auto/RunningMaximum.xml (RunModel)" time="0.015" />
  <testcase classname="ptolemy.util.test.junit.AutoTests" name="[322] /home/travis/build/icyphy/ptII/ptolemy/actor/lib/test/auto/RunningMinimum.xml (RunModel)" time="0.015" />
  <testcase classname="ptolemy.util.test.junit.AutoTests" name="[323] /home/travis/build/icyphy/ptII/ptolemy/actor/lib/test/auto/Scale.xml (RunModel)" time="0.007" />
  <testcase classname="ptolemy.util.test.junit.AutoTests" name="[324] /home/travis/build/icyphy/ptII/ptolemy/actor/lib/test/auto/Scale2.xml (RunModel)" time="0.009" />
  <testcase classname="ptolemy.util.test.junit.AutoTests" name="[325] /home/travis/build/icyphy/ptII/ptolemy/actor/lib/test/auto/Scale3.xml (RunModel)" time="0.019" />
  <testcase classname="ptolemy.util.test.junit.AutoTests" name="[326] /home/travis/build/icyphy/ptII/ptolemy/actor/lib/test/auto/ScaleArray.xml (RunModel)" time="0.007" />
  <testcase classname="ptolemy.util.test.junit.AutoTests" name="[327] /home/travis/build/icyphy/ptII/ptolemy/actor/lib/test/auto/ScaleArray2.xml (RunModel)" time="0.007" />
  <testcase classname="ptolemy.util.test.junit.AutoTests" name="[328] /home/travis/build/icyphy/ptII/ptolemy/actor/lib/test/auto/ScaleMatrix.xml (RunModel)" time="0.224" />
  <testcase classname="ptolemy.util.test.junit.AutoTests" name="[329] /home/travis/build/icyphy/ptII/ptolemy/actor/lib/test/auto/Select.xml (RunModel)" time="0.016" />
  <testcase classname="ptolemy.util.test.junit.AutoTests" name="[330] /home/travis/build/icyphy/ptII/ptolemy/actor/lib/test/auto/Select2.xml (RunModel)" time="0.006" />
  <testcase classname="ptolemy.util.test.junit.AutoTests" name="[331] /home/travis/build/icyphy/ptII/ptolemy/actor/lib/test/auto/SequenceToArray2.xml (RunModel)" time="0.14" />
  <testcase classname="ptolemy.util.test.junit.AutoTests" name="[332] /home/travis/build/icyphy/ptII/ptolemy/actor/lib/test/auto/SequentialClock.xml (RunModel)" time="0.011" />
  <testcase classname="ptolemy.util.test.junit.AutoTests" name="[333] /home/travis/build/icyphy/ptII/ptolemy/actor/lib/test/auto/SetVariable.xml (RunModel)" time="0.011" />
  <testcase classname="ptolemy.util.test.junit.AutoTests" name="[334] /home/travis/build/icyphy/ptII/ptolemy/actor/lib/test/auto/SetVariable2.xml (RunModel)" time="0.008" />
  <testcase classname="ptolemy.util.test.junit.AutoTests" name="[335] /home/travis/build/icyphy/ptII/ptolemy/actor/lib/test/auto/SetVariable3.xml (RunModel)" time="0.013" />
  <testcase classname="ptolemy.util.test.junit.AutoTests" name="[336] /home/travis/build/icyphy/ptII/ptolemy/actor/lib/test/auto/SetVariable4.xml (RunModel)" time="0.022" />
  <testcase classname="ptolemy.util.test.junit.AutoTests" name="[337] /home/travis/build/icyphy/ptII/ptolemy/actor/lib/test/auto/SetVariable5.xml (RunModel)" time="0.035" />
  <testcase classname="ptolemy.util.test.junit.AutoTests" name="[338] /home/travis/build/icyphy/ptII/ptolemy/actor/lib/test/auto/Sinewave.xml (RunModel)" time="0.035" />
  <testcase classname="ptolemy.util.test.junit.AutoTests" name="[339] /home/travis/build/icyphy/ptII/ptolemy/actor/lib/test/auto/Sinewave2.xml (RunModel)" time="0.016" />
  <testcase classname="ptolemy.util.test.junit.AutoTests" name="[340] /home/travis/build/icyphy/ptII/ptolemy/actor/lib/test/auto/Sinewave3.xml (RunModel)" time="0.043" />
  <testcase classname="ptolemy.util.test.junit.AutoTests" name="[341] /home/travis/build/icyphy/ptII/ptolemy/actor/lib/test/auto/SingleEvent.xml (RunModel)" time="0.011" />
  <testcase classname="ptolemy.util.test.junit.AutoTests" name="[342] /home/travis/build/icyphy/ptII/ptolemy/actor/lib/test/auto/Sleep.xml (RunModel)" time="6.013" />
  <testcase classname="ptolemy.util.test.junit.AutoTests" name="[343] /home/travis/build/icyphy/ptII/ptolemy/actor/lib/test/auto/SleepMultipleFire.xml (RunModel)" time="1.019" />
  <testcase classname="ptolemy.util.test.junit.AutoTests" name="[344] /home/travis/build/icyphy/ptII/ptolemy/actor/lib/test/auto/StopDE.xml (RunModel)" time="0.015" />
  <testcase classname="ptolemy.util.test.junit.AutoTests" name="[345] /home/travis/build/icyphy/ptII/ptolemy/actor/lib/test/auto/StopSDF.xml (RunModel)" time="0.01" />
  <testcase classname="ptolemy.util.test.junit.AutoTests" name="[346] /home/travis/build/icyphy/ptII/ptolemy/actor/lib/test/auto/StringConstant.xml (RunModel)" time="0.017" />
  <testcase classname="ptolemy.util.test.junit.AutoTests" name="[347] /home/travis/build/icyphy/ptII/ptolemy/actor/lib/test/auto/SubscriberPortInitialValues1.xml (RunModel)" time="0.02" />
  <testcase classname="ptolemy.util.test.junit.AutoTests" name="[348] /home/travis/build/icyphy/ptII/ptolemy/actor/lib/test/auto/SubscriberPortInitialValues13.xml (RunModel)" time="0.027" />
  <testcase classname="ptolemy.util.test.junit.AutoTests" name="[349] /home/travis/build/icyphy/ptII/ptolemy/actor/lib/test/auto/SubscriberPortInitialValues14.xml (RunModel)" time="0.015" />
  <testcase classname="ptolemy.util.test.junit.AutoTests" name="[350] /home/travis/build/icyphy/ptII/ptolemy/actor/lib/test/auto/SubscriberPortInitialValues2.xml (RunModel)" time="0.015" />
  <testcase classname="ptolemy.util.test.junit.AutoTests" name="[351] /home/travis/build/icyphy/ptII/ptolemy/actor/lib/test/auto/SubscriberPortInitialValues3.xml (RunModel)" time="0.019" />
  <testcase classname="ptolemy.util.test.junit.AutoTests" name="[352] /home/travis/build/icyphy/ptII/ptolemy/actor/lib/test/auto/SubscriptionAggregator.xml (RunModel)" time="0.011" />
  <testcase classname="ptolemy.util.test.junit.AutoTests" name="[353] /home/travis/build/icyphy/ptII/ptolemy/actor/lib/test/auto/SubscriptionAggregator2.xml (RunModel)" time="0.01" />
  <testcase classname="ptolemy.util.test.junit.AutoTests" name="[354] /home/travis/build/icyphy/ptII/ptolemy/actor/lib/test/auto/SubscriptionAggregator3.xml (RunModel)" time="0.013" />
  <testcase classname="ptolemy.util.test.junit.AutoTests" name="[355] /home/travis/build/icyphy/ptII/ptolemy/actor/lib/test/auto/SubscriptionAggregatorMultiply.xml (RunModel)" time="0.022" />
  <testcase classname="ptolemy.util.test.junit.AutoTests" name="[356] /home/travis/build/icyphy/ptII/ptolemy/actor/lib/test/auto/SubscriptionAggregatorPortMultiply1.xml (RunModel)" time="0.013" />
  <testcase classname="ptolemy.util.test.junit.AutoTests" name="[357] /home/travis/build/icyphy/ptII/ptolemy/actor/lib/test/auto/Switch.xml (RunModel)" time="0.015" />
  <testcase classname="ptolemy.util.test.junit.AutoTests" name="[358] /home/travis/build/icyphy/ptII/ptolemy/actor/lib/test/auto/Switch2.xml (RunModel)" time="0.01" />
  <testcase classname="ptolemy.util.test.junit.AutoTests" name="[359] /home/travis/build/icyphy/ptII/ptolemy/actor/lib/test/auto/SwitchDE.xml (RunModel)" time="0.012" />
  <testcase classname="ptolemy.util.test.junit.AutoTests" name="[360] /home/travis/build/icyphy/ptII/ptolemy/actor/lib/test/auto/SynchronizerDE.xml (RunModel)" time="0.019" />
  <testcase classname="ptolemy.util.test.junit.AutoTests" name="[361] /home/travis/build/icyphy/ptII/ptolemy/actor/lib/test/auto/Test.xml (RunModel)" time="0.014" />
  <testcase classname="ptolemy.util.test.junit.AutoTests" name="[362] /home/travis/build/icyphy/ptII/ptolemy/actor/lib/test/auto/TestExceptionAttribute1.xml (RunModel)" time="0.008" />
  <testcase classname="ptolemy.util.test.junit.AutoTests" name="[363] /home/travis/build/icyphy/ptII/ptolemy/actor/lib/test/auto/TestExceptionAttribute2.xml (RunModel)" time="0.006" />
  <testcase classname="ptolemy.util.test.junit.AutoTests" name="[364] /home/travis/build/icyphy/ptII/ptolemy/actor/lib/test/auto/TestExceptionAttribute3.xml (RunModel)" time="0.009" />
  <testcase classname="ptolemy.util.test.junit.AutoTests" name="[365] /home/travis/build/icyphy/ptII/ptolemy/actor/lib/test/auto/TestExceptionAttribute4.xml (RunModel)" time="0.005" />
  <testcase classname="ptolemy.util.test.junit.AutoTests" name="[366] /home/travis/build/icyphy/ptII/ptolemy/actor/lib/test/auto/TestExceptionHandler1.xml (RunModel)" time="0.005" />
  <testcase classname="ptolemy.util.test.junit.AutoTests" name="[367] /home/travis/build/icyphy/ptII/ptolemy/actor/lib/test/auto/TestExceptionHandler2.xml (RunModel)" time="0.014" />
  <testcase classname="ptolemy.util.test.junit.AutoTests" name="[368] /home/travis/build/icyphy/ptII/ptolemy/actor/lib/test/auto/TestExceptionHandler3.xml (RunModel)" time="0.004" />
  <testcase classname="ptolemy.util.test.junit.AutoTests" name="[369] /home/travis/build/icyphy/ptII/ptolemy/actor/lib/test/auto/TestExceptionHandler4.xml (RunModel)" time="0.005" />
  <testcase classname="ptolemy.util.test.junit.AutoTests" name="[370] /home/travis/build/icyphy/ptII/ptolemy/actor/lib/test/auto/TestRequireCorrectOrder.xml (RunModel)" time="0.011" />
  <testcase classname="ptolemy.util.test.junit.AutoTests" name="[371] /home/travis/build/icyphy/ptII/ptolemy/actor/lib/test/auto/TestSimple.xml (RunModel)" time="0.006" />
  <testcase classname="ptolemy.util.test.junit.AutoTests" name="[372] /home/travis/build/icyphy/ptII/ptolemy/actor/lib/test/auto/ThrowModelError.xml (RunModel)" time="0.009" />
  <testcase classname="ptolemy.util.test.junit.AutoTests" name="[373] /home/travis/build/icyphy/ptII/ptolemy/actor/lib/test/auto/TimeDelayMicrosteps.xml (RunModel)" time="0.011" />
  <testcase classname="ptolemy.util.test.junit.AutoTests" name="[374] /home/travis/build/icyphy/ptII/ptolemy/actor/lib/test/auto/TimeDelayMicrosteps2.xml (RunModel)" time="0.013" />
  <testcase classname="ptolemy.util.test.junit.AutoTests" name="[375] /home/travis/build/icyphy/ptII/ptolemy/actor/lib/test/auto/TimeDelayMicrosteps3.xml (RunModel)" time="0.01" />
  <testcase classname="ptolemy.util.test.junit.AutoTests" name="[376] /home/travis/build/icyphy/ptII/ptolemy/actor/lib/test/auto/TimeDelayVariableMicrosteps.xml (RunModel)" time="0.011" />
  <testcase classname="ptolemy.util.test.junit.AutoTests" name="[377] /home/travis/build/icyphy/ptII/ptolemy/actor/lib/test/auto/TimeGap.xml (RunModel)" time="0.021" />
  <testcase classname="ptolemy.util.test.junit.AutoTests" name="[378] /home/travis/build/icyphy/ptII/ptolemy/actor/lib/test/auto/TimeGap2.xml (RunModel)" time="0.015" />
  <testcase classname="ptolemy.util.test.junit.AutoTests" name="[379] /home/travis/build/icyphy/ptII/ptolemy/actor/lib/test/auto/TimedSinewave.xml (RunModel)" time="0.047" />
  <testcase classname="ptolemy.util.test.junit.AutoTests" name="[380] /home/travis/build/icyphy/ptII/ptolemy/actor/lib/test/auto/TimedSinewavePhase.xml (RunModel)" time="0.032" />
  <testcase classname="ptolemy.util.test.junit.AutoTests" name="[381] /home/travis/build/icyphy/ptII/ptolemy/actor/lib/test/auto/Timer.xml (RunModel)" time="0.018" />
  <testcase classname="ptolemy.util.test.junit.AutoTests" name="[382] /home/travis/build/icyphy/ptII/ptolemy/actor/lib/test/auto/TriangularDistTestModel.xml (RunModel)" time="0.031" />
  <testcase classname="ptolemy.util.test.junit.AutoTests" name="[383] /home/travis/build/icyphy/ptII/ptolemy/actor/lib/test/auto/TrigFunction.xml (RunModel)" time="0.01" />
  <testcase classname="ptolemy.util.test.junit.AutoTests" name="[384] /home/travis/build/icyphy/ptII/ptolemy/actor/lib/test/auto/TrigFunctionDE.xml (RunModel)" time="0.01" />
  <testcase classname="ptolemy.util.test.junit.AutoTests" name="[385] /home/travis/build/icyphy/ptII/ptolemy/actor/lib/test/auto/TrigFunctionInverse.xml (RunModel)" time="0.008" />
  <testcase classname="ptolemy.util.test.junit.AutoTests" name="[386] /home/travis/build/icyphy/ptII/ptolemy/actor/lib/test/auto/TrigFunctionTan.xml (RunModel)" time="0.006" />
  <testcase classname="ptolemy.util.test.junit.AutoTests" name="[387] /home/travis/build/icyphy/ptII/ptolemy/actor/lib/test/auto/TriggeredClock.xml (RunModel)" time="0.007" />
  <testcase classname="ptolemy.util.test.junit.AutoTests" name="[388] /home/travis/build/icyphy/ptII/ptolemy/actor/lib/test/auto/URLDirectoryReader.xml (RunModel)" time="0.121" />
  <testcase classname="ptolemy.util.test.junit.AutoTests" name="[389] /home/travis/build/icyphy/ptII/ptolemy/actor/lib/test/auto/URLDirectoryReader3.xml (RunModel)" time="1.414" />
  <testcase classname="ptolemy.util.test.junit.AutoTests" name="[390] /home/travis/build/icyphy/ptII/ptolemy/actor/lib/test/auto/UnaryMathFunction.xml (RunModel)" time="0.033" />
  <testcase classname="ptolemy.util.test.junit.AutoTests" name="[391] /home/travis/build/icyphy/ptII/ptolemy/actor/lib/test/auto/Uniform.xml (RunModel)" time="0.011" />
  <testcase classname="ptolemy.util.test.junit.AutoTests" name="[392] /home/travis/build/icyphy/ptII/ptolemy/actor/lib/test/auto/UnionDisassemblerTest.xml (RunModel)" time="0.018" />
  <testcase classname="ptolemy.util.test.junit.AutoTests" name="[393] /home/travis/build/icyphy/ptII/ptolemy/actor/lib/test/auto/UtilityFunctions.xml (RunModel)" time="0.008" />
  <testcase classname="ptolemy.util.test.junit.AutoTests" name="[394] /home/travis/build/icyphy/ptII/ptolemy/actor/lib/test/auto/VariableSleep.xml (RunModel)" time="0.51" />
  <testcase classname="ptolemy.util.test.junit.AutoTests" name="[395] /home/travis/build/icyphy/ptII/ptolemy/actor/lib/test/auto/VectorAssemblerDisassemblerCT.xml (RunModel)" time="0.122" />
  <testcase classname="ptolemy.util.test.junit.AutoTests" name="[396] /home/travis/build/icyphy/ptII/ptolemy/actor/lib/test/auto/VectorAssemblerDisassemblerDE.xml (RunModel)" time="0.02" />
  <testcase classname="ptolemy.util.test.junit.AutoTests" name="[397] /home/travis/build/icyphy/ptII/ptolemy/actor/lib/test/auto/VectorAssemblerDisassemblerSDF.xml (RunModel)" time="0.014" />
  <testcase classname="ptolemy.util.test.junit.AutoTests" name="[398] /home/travis/build/icyphy/ptII/ptolemy/actor/lib/test/auto/WallClockTime.xml (RunModel)" time="1.014" />
  <testcase classname="ptolemy.util.test.junit.AutoTests" name="[399] /home/travis/build/icyphy/ptII/ptolemy/actor/lib/test/auto/WidthTestWithSubscriberPublisher.xml (RunModel)" time="0.049" />
  <testcase classname="ptolemy.util.test.junit.AutoTests" name="[400] /home/travis/build/icyphy/ptII/ptolemy/actor/lib/test/auto/WidthTestWithSubscriberPublisher2.xml (RunModel)" time="0.016" />
  <testcase classname="ptolemy.util.test.junit.AutoTests" name="[401] /home/travis/build/icyphy/ptII/ptolemy/actor/lib/test/auto/WidthTestWithSubscriberPublisher3.xml (RunModel)" time="0.01" />
  <testcase classname="ptolemy.util.test.junit.AutoTests" name="[402] /home/travis/build/icyphy/ptII/ptolemy/actor/lib/test/auto/Writer.xml (RunModel)" time="0.007" />
  <testcase classname="ptolemy.util.test.junit.AutoTests" name="[403] /home/travis/build/icyphy/ptII/ptolemy/actor/lib/test/auto/array.xml (RunModel)" time="0.008" />
  <testcase classname="ptolemy.util.test.junit.AutoTests" name="[404] /home/travis/build/icyphy/ptII/ptolemy/actor/lib/test/auto/array2.xml (RunModel)" time="0.01" />
  <testcase classname="ptolemy.util.test.junit.AutoTests" name="[405] /home/travis/build/icyphy/ptII/ptolemy/actor/lib/test/auto/arrayType.xml (RunModel)" time="0.011" />
  <testcase classname="ptolemy.util.test.junit.AutoTests" name="[406] /home/travis/build/icyphy/ptII/ptolemy/actor/lib/test/auto/arrayType10.xml (RunModel)" time="0.009" />
  <testcase classname="ptolemy.util.test.junit.AutoTests" name="[407] /home/travis/build/icyphy/ptII/ptolemy/actor/lib/test/auto/arrayType11.xml (RunModel)" time="0.007" />
  <testcase classname="ptolemy.util.test.junit.AutoTests" name="[408] /home/travis/build/icyphy/ptII/ptolemy/actor/lib/test/auto/arrayType12.xml (RunModel)" time="0.008" />
  <testcase classname="ptolemy.util.test.junit.AutoTests" name="[409] /home/travis/build/icyphy/ptII/ptolemy/actor/lib/test/auto/arrayType13.xml (RunModel)" time="0.008" />
  <testcase classname="ptolemy.util.test.junit.AutoTests" name="[410] /home/travis/build/icyphy/ptII/ptolemy/actor/lib/test/auto/arrayType14.xml (RunModel)" time="0.008" />
  <testcase classname="ptolemy.util.test.junit.AutoTests" name="[411] /home/travis/build/icyphy/ptII/ptolemy/actor/lib/test/auto/arrayType15.xml (RunModel)" time="0.009" />
  <testcase classname="ptolemy.util.test.junit.AutoTests" name="[412] /home/travis/build/icyphy/ptII/ptolemy/actor/lib/test/auto/arrayType16.xml (RunModel)" time="0.008" />
  <testcase classname="ptolemy.util.test.junit.AutoTests" name="[413] /home/travis/build/icyphy/ptII/ptolemy/actor/lib/test/auto/arrayType17.xml (RunModel)" time="0.009" />
  <testcase classname="ptolemy.util.test.junit.AutoTests" name="[414] /home/travis/build/icyphy/ptII/ptolemy/actor/lib/test/auto/arrayType18.xml (RunModel)" time="0.008" />
  <testcase classname="ptolemy.util.test.junit.AutoTests" name="[415] /home/travis/build/icyphy/ptII/ptolemy/actor/lib/test/auto/arrayType19.xml (RunModel)" time="0.007" />
  <testcase classname="ptolemy.util.test.junit.AutoTests" name="[416] /home/travis/build/icyphy/ptII/ptolemy/actor/lib/test/auto/arrayType2.xml (RunModel)" time="0.008" />
  <testcase classname="ptolemy.util.test.junit.AutoTests" name="[417] /home/travis/build/icyphy/ptII/ptolemy/actor/lib/test/auto/arrayType20.xml (RunModel)" time="0.007" />
  <testcase classname="ptolemy.util.test.junit.AutoTests" name="[418] /home/travis/build/icyphy/ptII/ptolemy/actor/lib/test/auto/arrayType21.xml (RunModel)" time="0.007" />
  <testcase classname="ptolemy.util.test.junit.AutoTests" name="[419] /home/travis/build/icyphy/ptII/ptolemy/actor/lib/test/auto/arrayType22.xml (RunModel)" time="0.007" />
  <testcase classname="ptolemy.util.test.junit.AutoTests" name="[420] /home/travis/build/icyphy/ptII/ptolemy/actor/lib/test/auto/arrayType23.xml (RunModel)" time="0.007" />
  <testcase classname="ptolemy.util.test.junit.AutoTests" name="[421] /home/travis/build/icyphy/ptII/ptolemy/actor/lib/test/auto/arrayType24.xml (RunModel)" time="0.009" />
  <testcase classname="ptolemy.util.test.junit.AutoTests" name="[422] /home/travis/build/icyphy/ptII/ptolemy/actor/lib/test/auto/arrayType25.xml (RunModel)" time="0.007" />
  <testcase classname="ptolemy.util.test.junit.AutoTests" name="[423] /home/travis/build/icyphy/ptII/ptolemy/actor/lib/test/auto/arrayType26.xml (RunModel)" time="0.009" />
  <testcase classname="ptolemy.util.test.junit.AutoTests" name="[424] /home/travis/build/icyphy/ptII/ptolemy/actor/lib/test/auto/arrayType27.xml (RunModel)" time="0.009" />
  <testcase classname="ptolemy.util.test.junit.AutoTests" name="[425] /home/travis/build/icyphy/ptII/ptolemy/actor/lib/test/auto/arrayType28.xml (RunModel)" time="0.009" />
  <testcase classname="ptolemy.util.test.junit.AutoTests" name="[426] /home/travis/build/icyphy/ptII/ptolemy/actor/lib/test/auto/arrayType3.xml (RunModel)" time="0.011" />
  <testcase classname="ptolemy.util.test.junit.AutoTests" name="[427] /home/travis/build/icyphy/ptII/ptolemy/actor/lib/test/auto/arrayType4.xml (RunModel)" time="0.009" />
  <testcase classname="ptolemy.util.test.junit.AutoTests" name="[428] /home/travis/build/icyphy/ptII/ptolemy/actor/lib/test/auto/arrayType5.xml (RunModel)" time="0.013" />
  <testcase classname="ptolemy.util.test.junit.AutoTests" name="[429] /home/travis/build/icyphy/ptII/ptolemy/actor/lib/test/auto/arrayType6.xml (RunModel)" time="0.008" />
  <testcase classname="ptolemy.util.test.junit.AutoTests" name="[430] /home/travis/build/icyphy/ptII/ptolemy/actor/lib/test/auto/arrayType7.xml (RunModel)" time="0.019" />
  <testcase classname="ptolemy.util.test.junit.AutoTests" name="[431] /home/travis/build/icyphy/ptII/ptolemy/actor/lib/test/auto/arrayType8.xml (RunModel)" time="0.011" />
  <testcase classname="ptolemy.util.test.junit.AutoTests" name="[432] /home/travis/build/icyphy/ptII/ptolemy/actor/lib/test/auto/arrayType9.xml (RunModel)" time="0.008" />
  <testcase classname="ptolemy.util.test.junit.AutoTests" name="[433] /home/travis/build/icyphy/ptII/ptolemy/actor/lib/test/auto/cast.xml (RunModel)" time="0.008" />
  <testcase classname="ptolemy.util.test.junit.AutoTests" name="[434] /home/travis/build/icyphy/ptII/ptolemy/actor/lib/test/auto/compositeMultiPort.xml (RunModel)" time="0.05" />
  <testcase classname="ptolemy.util.test.junit.AutoTests" name="[435] /home/travis/build/icyphy/ptII/ptolemy/actor/lib/test/auto/expressionCastInference.xml (RunModel)" time="0.024" />
  <testcase classname="ptolemy.util.test.junit.AutoTests" name="[436] /home/travis/build/icyphy/ptII/ptolemy/actor/lib/test/auto/expressionCastInference2.xml (RunModel)" time="0.025" />
  <testcase classname="ptolemy.util.test.junit.AutoTests" name="[437] /home/travis/build/icyphy/ptII/ptolemy/actor/lib/test/auto/expressionInference.xml (RunModel)" time="0.03" />
  <testcase classname="ptolemy.util.test.junit.AutoTests" name="[438] /home/travis/build/icyphy/ptII/ptolemy/actor/lib/test/auto/expression_bug.xml (RunModel)" time="0.043" />
  <testcase classname="ptolemy.util.test.junit.AutoTests" name="[439] /home/travis/build/icyphy/ptII/ptolemy/actor/lib/test/auto/factorial.xml (RunModel)" time="0.052" />
  <testcase classname="ptolemy.util.test.junit.AutoTests" name="[440] /home/travis/build/icyphy/ptII/ptolemy/actor/lib/test/auto/filterTest1.xml (RunModel)" time="0.012" />
  <testcase classname="ptolemy.util.test.junit.AutoTests" name="[441] /home/travis/build/icyphy/ptII/ptolemy/actor/lib/test/auto/funcApplyInConst.xml (RunModel)" time="0.006" />
  <testcase classname="ptolemy.util.test.junit.AutoTests" name="[442] /home/travis/build/icyphy/ptII/ptolemy/actor/lib/test/auto/funcApplyInExpr.xml (RunModel)" time="0.005" />
  <testcase classname="ptolemy.util.test.junit.AutoTests" name="[443] /home/travis/build/icyphy/ptII/ptolemy/actor/lib/test/auto/function.xml (RunModel)" time="0.011" />
  <testcase classname="ptolemy.util.test.junit.AutoTests" name="[444] /home/travis/build/icyphy/ptII/ptolemy/actor/lib/test/auto/function2.xml (RunModel)" time="0.008" />
  <testcase classname="ptolemy.util.test.junit.AutoTests" name="[445] /home/travis/build/icyphy/ptII/ptolemy/actor/lib/test/auto/function3.xml (RunModel)" time="0.006" />
  <testcase classname="ptolemy.util.test.junit.AutoTests" name="[446] /home/travis/build/icyphy/ptII/ptolemy/actor/lib/test/auto/functionClosureTest1.xml (RunModel)" time="0.026" />
  <testcase classname="ptolemy.util.test.junit.AutoTests" name="[447] /home/travis/build/icyphy/ptII/ptolemy/actor/lib/test/auto/functionClosureTest2.xml (RunModel)" time="0.005" />
  <testcase classname="ptolemy.util.test.junit.AutoTests" name="[448] /home/travis/build/icyphy/ptII/ptolemy/actor/lib/test/auto/functionClosureTest3.xml (RunModel)" time="0.008" />
  <testcase classname="ptolemy.util.test.junit.AutoTests" name="[449] /home/travis/build/icyphy/ptII/ptolemy/actor/lib/test/auto/functionClosureTest4.xml (RunModel)" time="0.013" />
  <testcase classname="ptolemy.util.test.junit.AutoTests" name="[450] /home/travis/build/icyphy/ptII/ptolemy/actor/lib/test/auto/functionClosureTest5.xml (RunModel)" time="0.009" />
  <testcase classname="ptolemy.util.test.junit.AutoTests" name="[451] /home/travis/build/icyphy/ptII/ptolemy/actor/lib/test/auto/functionClosureTest6.xml (RunModel)" time="0.006" />
  <testcase classname="ptolemy.util.test.junit.AutoTests" name="[452] /home/travis/build/icyphy/ptII/ptolemy/actor/lib/test/auto/functionsOnArcs.xml (RunModel)" time="0.008" />
  <testcase classname="ptolemy.util.test.junit.AutoTests" name="[453] /home/travis/build/icyphy/ptII/ptolemy/actor/lib/test/auto/functionsOnArcsHOF.xml (RunModel)" time="0.012" />
  <testcase classname="ptolemy.util.test.junit.AutoTests" name="[454] /home/travis/build/icyphy/ptII/ptolemy/actor/lib/test/auto/logic.xml (RunModel)" time="0.014" />
  <testcase classname="ptolemy.util.test.junit.AutoTests" name="[455] /home/travis/build/icyphy/ptII/ptolemy/actor/lib/test/auto/matrixType.xml (RunModel)" time="0.006" />
  <testcase classname="ptolemy.util.test.junit.AutoTests" name="[456] /home/travis/build/icyphy/ptII/ptolemy/actor/lib/test/auto/matrixType10.xml (RunModel)" time="0.007" />
  <testcase classname="ptolemy.util.test.junit.AutoTests" name="[457] /home/travis/build/icyphy/ptII/ptolemy/actor/lib/test/auto/matrixType11.xml (RunModel)" time="0.006" />
  <testcase classname="ptolemy.util.test.junit.AutoTests" name="[458] /home/travis/build/icyphy/ptII/ptolemy/actor/lib/test/auto/matrixType12.xml (RunModel)" time="0.009" />
  <testcase classname="ptolemy.util.test.junit.AutoTests" name="[459] /home/travis/build/icyphy/ptII/ptolemy/actor/lib/test/auto/matrixType13.xml (RunModel)" time="0.006" />
  <testcase classname="ptolemy.util.test.junit.AutoTests" name="[460] /home/travis/build/icyphy/ptII/ptolemy/actor/lib/test/auto/matrixType14.xml (RunModel)" time="0.007" />
  <testcase classname="ptolemy.util.test.junit.AutoTests" name="[461] /home/travis/build/icyphy/ptII/ptolemy/actor/lib/test/auto/matrixType2.xml (RunModel)" time="0.006" />
  <testcase classname="ptolemy.util.test.junit.AutoTests" name="[462] /home/travis/build/icyphy/ptII/ptolemy/actor/lib/test/auto/matrixType3.xml (RunModel)" time="0.005" />
  <testcase classname="ptolemy.util.test.junit.AutoTests" name="[463] /home/travis/build/icyphy/ptII/ptolemy/actor/lib/test/auto/matrixType4.xml (RunModel)" time="0.005" />
  <testcase classname="ptolemy.util.test.junit.AutoTests" name="[464] /home/travis/build/icyphy/ptII/ptolemy/actor/lib/test/auto/matrixType5.xml (RunModel)" time="0.005" />
  <testcase classname="ptolemy.util.test.junit.AutoTests" name="[465] /home/travis/build/icyphy/ptII/ptolemy/actor/lib/test/auto/matrixType6.xml (RunModel)" time="0.006" />
  <testcase classname="ptolemy.util.test.junit.AutoTests" name="[466] /home/travis/build/icyphy/ptII/ptolemy/actor/lib/test/auto/matrixType7.xml (RunModel)" time="0.006" />
  <testcase classname="ptolemy.util.test.junit.AutoTests" name="[467] /home/travis/build/icyphy/ptII/ptolemy/actor/lib/test/auto/matrixType8.xml (RunModel)" time="0.006" />
  <testcase classname="ptolemy.util.test.junit.AutoTests" name="[468] /home/travis/build/icyphy/ptII/ptolemy/actor/lib/test/auto/matrixType9.xml (RunModel)" time="0.006" />
  <testcase classname="ptolemy.util.test.junit.AutoTests" name="[469] /home/travis/build/icyphy/ptII/ptolemy/actor/lib/test/auto/paraFunctest.xml (RunModel)" time="0.005" />
  <testcase classname="ptolemy.util.test.junit.AutoTests" name="[470] /home/travis/build/icyphy/ptII/ptolemy/actor/lib/test/auto/paraFunctest2.xml (RunModel)" time="0.009" />
  <testcase classname="ptolemy.util.test.junit.AutoTests" name="[471] /home/travis/build/icyphy/ptII/ptolemy/actor/lib/test/auto/parameterPassing.xml (RunModel)" time="0.009" />
  <testcase classname="ptolemy.util.test.junit.AutoTests" name="[472] /home/travis/build/icyphy/ptII/ptolemy/actor/lib/test/auto/record.xml (RunModel)" time="0.007" />
  <testcase classname="ptolemy.util.test.junit.AutoTests" name="[473] /home/travis/build/icyphy/ptII/ptolemy/actor/lib/test/auto/sizedarray1.xml (RunModel)" time="0.007" />
  <testcase classname="ptolemy.util.test.junit.AutoTests" name="[474] /home/travis/build/icyphy/ptII/ptolemy/actor/lib/test/auto/sizedarray2.xml (RunModel)" time="0.007" />
  <testcase classname="ptolemy.util.test.junit.AutoTests" name="[475] /home/travis/build/icyphy/ptII/ptolemy/actor/lib/test/auto/twoPublishers.xml (RunModel)" time="0.022" />
  <system-out><![CDATA[/home/travis/build/icyphy/ptII/ptolemy/actor/lib/test/AbsoluteValue.tcl
testDefs.tcl: setting time out to 9000 seconds at Sat Feb 15 07:03:00 UTC 2020
93 ms. Memory: 129024K Free: 92598K (72%)
4 ms. Memory: 129024K Free: 90534K (70%)
5 ms. Memory: 129024K Free: 90053K (70%)
4 ms. Memory: 129024K Free: 89031K (69%)
/home/travis/build/icyphy/ptII/ptolemy/actor/lib/test/AddSubtract.tcl
8 ms. Memory: 129024K Free: 86983K (67%)
5 ms. Memory: 129024K Free: 86438K (67%)
5 ms. Memory: 129024K Free: 85445K (66%)
8 ms. Memory: 129024K Free: 84935K (66%)
72 ms. Memory: 129024K Free: 81863K (63%)
13 ms. Memory: 129024K Free: 80839K (63%)
/home/travis/build/icyphy/ptII/ptolemy/actor/lib/test/Average.tcl
17 ms. Memory: 129024K Free: 79301K (61%)
7 ms. Memory: 129024K Free: 78277K (61%)
/home/travis/build/icyphy/ptII/ptolemy/actor/lib/test/Bernoulli.tcl
13 ms. Memory: 129024K Free: 76743K (59%)
2 ms. Memory: 129024K Free: 76198K (59%)
/home/travis/build/icyphy/ptII/ptolemy/actor/lib/test/Clock.tcl
preinitializing
resolving types
initializing
executing number 1
wrapping up
idle
23 ms. Memory: 129024K Free: 73671K (57%)
Completed execution with 5 iterations
preinitializing
resolving types
initializing
executing number 1
wrapping up
idle
3 ms. Memory: 129024K Free: 72647K (56%)
Completed execution with 5 iterations
preinitializing
resolving types
initializing
executing number 1
wrapping up
idle
4 ms. Memory: 129024K Free: 72118K (56%)
Completed execution with 5 iterations
/home/travis/build/icyphy/ptII/ptolemy/actor/lib/test/Commutator.tcl
14 ms. Memory: 129024K Free: 70054K (54%)
8 ms. Memory: 129024K Free: 69030K (54%)
18 ms. Memory: 129024K Free: 63431K (49%)
/home/travis/build/icyphy/ptII/ptolemy/actor/lib/test/Const.tcl
9 ms. Memory: 129024K Free: 61878K (48%)
2 ms. Memory: 129024K Free: 61383K (48%)
2 ms. Memory: 129024K Free: 60854K (47%)
2 ms. Memory: 129024K Free: 60359K (47%)
2 ms. Memory: 129024K Free: 59845K (46%)
24 ms. Memory: 129024K Free: 57797K (45%)
13 ms. Memory: 129024K Free: 56758K (44%)
3 ms. Memory: 129024K Free: 56263K (44%)
/home/travis/build/icyphy/ptII/ptolemy/actor/lib/test/CurrentTime.tcl
preinitializing
resolving types
initializing
executing number 1
wrapping up
idle
7 ms. Memory: 129024K Free: 54215K (42%)
Completed execution with 11 iterations
/home/travis/build/icyphy/ptII/ptolemy/actor/lib/test/DB.tcl
4 ms. Memory: 129024K Free: 52662K (41%)
2 ms. Memory: 129024K Free: 52167K (40%)
1 ms. Memory: 129024K Free: 51653K (40%)
/home/travis/build/icyphy/ptII/ptolemy/actor/lib/test/DiscreteRandomSource.tcl
preinitializing
resolving types
initializing
executing number 1
wrapping up
idle
5 ms. Memory: 129024K Free: 50119K (39%)
Completed execution with 4 iterations
preinitializing
resolving types
initializing
executing number 1
wrapping up
idle
3 ms. Memory: 129024K Free: 49598K (38%)
Completed execution with 4 iterations
preinitializing
resolving types
initializing
executing number 1
wrapping up
idle
3 ms. Memory: 129024K Free: 49095K (38%)
Completed execution with 4 iterations
preinitializing
resolving types
initializing
executing number 1
wrapping up
idle
12 ms. Memory: 129024K Free: 48566K (38%)
Completed execution with 4 iterations
preinitializing
resolving types
initializing
executing number 1
wrapping up
idle
4 ms. Memory: 129024K Free: 48071K (37%)
Completed execution with 4 iterations
/home/travis/build/icyphy/ptII/ptolemy/actor/lib/test/Distributor.tcl
13 ms. Memory: 129024K Free: 112883K (87%)
13 ms. Memory: 129024K Free: 111982K (87%)
StreamChangeRequest.changeExecuted(): <deleteEntity name="rec2"/> succeeded
StreamChangeRequest.changeExecuted(): <deleteRelation name="r2"/> succeeded
StreamChangeRequest.changeExecuted(): Record firings per iteration succeeded
5 ms. Memory: 129024K Free: 109950K (85%)
/home/travis/build/icyphy/ptII/ptolemy/actor/lib/test/Exit.tcl
Exit.tcl: this will print a message about Manager.exitAfterWrapup, which can be ignored.
7 ms. Memory: 129024K Free: 107034K (83%)
/home/travis/build/icyphy/ptII/ptolemy/actor/lib/test/Expression.tcl
13 ms. Memory: 129024K Free: 103340K (80%)
3 ms. Memory: 129024K Free: 102796K (80%)
2 ms. Memory: 129024K Free: 102316K (79%)
preinitializing
resolving types
initializing
executing number 1
wrapping up
idle
5 ms. Memory: 129024K Free: 100718K (78%)
Completed execution with 6 iterations
3 ms. Memory: 129024K Free: 99702K (77%)
3 ms. Memory: 129024K Free: 99222K (77%)
4 ms. Memory: 129024K Free: 97676K (76%)
3 ms. Memory: 129024K Free: 96622K (75%)
4 ms. Memory: 129024K Free: 95598K (74%)
/home/travis/build/icyphy/ptII/ptolemy/actor/lib/test/Gaussian.tcl
3 ms. Memory: 129024K Free: 93580K (73%)
sleeping 1 seconds: ........................................................................................................................................................................................................................................................................................................................................................................................................................................................................................................................................................................................................................................................................................................................................................................................................................................................................................................................................................................................................................................................................................................................................................................................................................................................................................................................................................................................................................................................................................................................................................................................................................................................................................................................................................................................................................................................................................................................................................................................................................................................................................................................................................................................................................................................................................................................................................................................................................................................................................................................................................................................................................................................................................................................................................................................................................................................................................................................................................................................................................................................................................................................................................................................................................................................................................................................................................................................................................................................................................................................................................................................................................................................................................................................................................................................................................................................................................................................................................................................................................................................................................................................................................................................................................................................................................................................................................................................................................................................................................................................................................................................................................................................................................................................................................................................................................................................................................................................................................................................................................................................................................................................................................................................................................................................................................................................................................................................................................................................................................................................................................................................................................................................................................................................................................................................................................................................................................................................................................................................................................................................................................................................................................................................................................................................................................................................................................................................................................................................................................................................................................................................................................................................................................................................................................................................................................................................................................................................................................................................................................................................................................................................................................................................................................................................................................................................................................................................................................................................................................................................................................................................................................................................................................................................................................................................................................................................................................................................................................................................................................................................................................................................................................................................................................................................................................................................................................................................................................................................................................................................................................................................................................................................................................................................................................................................................................................................................................................................................................................................................................................................................................................................................................................................................................................................................................................................................................................................................................................................................................................................................................................................................................................................................................................................................................................................................................................................................................................................................................................................................................................................................................................................................................................................................................................................................................................................................................................................................................................................................................................................................................................................................................................................................................................................................................................................................................................................................................................................................................................................................................................................................................................................................................................................................................................................................................................................................................................................................................................................................................................................................................................................................................................................................................................................................................................................................................................................................................................................................................................................................................................................................................................................................................................................................................................................................................................................................................................................................................................................................................................................................................................................................................................................................................................................................................................................................................................................................................................................................................................................................................................................................................................................................................................................................................................................................................................................................................................................................................................................................................................................................................................................................................................................................................................................................................................................................................................................................................................................................................................................................................................................................................................................................................................................................................................................................................................................................................................................................................................................................................................................................................................................................................................................................................................................................................................................................................................................................................................................................................................................................................................................................................................................................................................................................................................................................................................................................................................................................................................................................................................................................................................................................................................................................................................................................................................................................................................................................................................................................................................................................................................................................................................................................................................................................................................................................................................................................................................................................................................................................................................................................................................................................................................................................................................................................................................................................................................................................................................................................................................................................................................................................................................................................................................................................................................................................................................................................................................................................................................................................................................................................................................................................................................................................................................................................................................................................................................................................................................................................................................................................................................................................................................................................................................................................................................................................................................................................................................................................................................................................................................................................................................................................................................................................................................................................................................................................................................................................................................................................................................................................................................................................................................................................................................................................................................................................................................................................................................................................................................................................................................................................................................................................................................................................................................................................................................................................................................................................................................................................................................................................................................................................................................................................................................................................................................................................................................................................................................................................................................................................................................................................................................................................................................................................................................................................................................................................................................................................................................................................................................................................................................................................................................................................................................................................................................................................................................................................................................................................................................................................................................................................................................................................................................................................................................................................................................................................................................................................................................................................................................................................................................................................................................................................................................................................................................................................................................................................................................................................................................................................................................................................................................................................................................................................................................................................................................................................................................................................................................................................................................................................................................................................................................................................................................................................................................................................................................................................................................................................................................................................................................................................................................................................................................................................................................................................................................................................................................................................................................................................................................................................................................................................................................................................................................................................................................................................................................................................................................................................................................................................................................................................................................................................................................................................................................................................................................................................................................................................................................................................................................................................................................................................................................................................................................................................................................................................................................................................................................................................................................................................................................................................................................................................................................................................................................................................................................................................................................................................................................................................................................................................................................................................................................................................................................................................................................................................................................................................................................................................................................................................................................................................................................................................................................................................................................................................................................................................................................................................................................................................................................................................................................................................................................................................................................................................................................................................................................................................................................................................................................................................................................................................................................................................................................................................................................................................................................................................................................................................................................................................................................................................................................................................................................................................................................................................................................................................................................................................................................................................................................................................................................................................................................................................................................................................................................................................................................................................................................................................................................................................................................................................................................................................................................................................................................................................................................................................................................................................................................................................................................................................................................................................................................................................................................................................................................................................................................................................................................................................................................................................................................................................................................................................................................................................................................................................................................................................................................................................................................................................................................................................................................................................................................................................................................................................................................................................................................................................................................................................................................................................................................................................................................................................................................................................................................................................................................................................................................................................................................................................................................................................................................................................................................................................................................................................................................................................................................................................................................................................................................................................................................................................................................................................................................................................................................................................................................................................................................................................................................................................................................................................................................................................................................................................................................................................................................................................................................................................................................................................................................................................................................................................................................................................................................................................................................................................................................................................................................................................................................................................................................................................................................................................................................................................................................................................................................................................................................................................................................................................................................................................................................................................................................................................................................................................................................................................................................................................................................................................................................................................................................................................................................................................................................................................................................................................................................................................................................................................................................................................................................................................................................................................................................................................................................................................................................................................................................................................................................................................................................................................................................................................................................................................................................................................................................................................................................................................................................................................................................................................................................................................................................................................................................................................................................................................................................................................................................................................................................................................................................................................................................................................................................................................................................................................................................................................................................................................................................................................................................................................................................................................................................................................................................................................................................................................................................................................................................................................................................................................................................................................................................................................................................................................................................................................................................................................................................................................................................................................................................................................................................................................................................................................................................................................................................................................................................................................................................................................................................................................................................................................................................................................................................................................................................................................................................................................................................................................................................................................................................................................................................................................................................................................................................................................................................................................................................................................................................................................................................................................................................................................................................................................................................................................................................................................................................................................................................................................................................................................................................................................................................................................................................................................................................................................................................................................................................................................................................................................................................................................................................................................................................................................................................................................................................................................................................................................................................................................................................................................................................................................................................................................................................................................................................................................................................................................................................................................................................................................................................................................................................................................................................................................................................................................................................................................................................................................................................................................................................................................................................................................................................................................................................................................................................................................................................................................................................................................................................................................................................................................................................................................................................................................................................................................................................................................................................................................................................................................................................................................................................................................................................................................................................................................................................................................................................................................................................................................................................................................................................................................................................................................................................................................................................................................................................................................................................................................................................................................................................................................................................................................................................................................................................................................................................................................................................................................................................................................................................................................................................................................................................................................................................................................................................................................................................................................................................................................................................................................................................................................................................................................................................................................................................................................................................................................................................................................................................................................................................................................................................................................................................................................................................................................................................................................................................................................................................................................................................................................................................................................................................................................................................................................................................................................................................................................................................................................................................................................................................................................................................................................................................................................................................................................................................................................................................................................................................................................................................................................................................................................................................................................................................................................................................................................................................................................................................................................................................................................................................................................................................................................................................................................................................................................................................................................................................................................................................................................................................................................................................................................................................................................................................................................................................................................................................................................................................................................................................................................................................................................................................................................................................................................................................................................................................................................................................................................................................................................................................................................................................................................................................................................................................................................................................................................................................................................................................................................................................................................................................................................................................................................................................................................................................................................................................................................................................................................................................................................................................................................................................................................................................................................................................................................................................................................................................................................................................................................................................................................................................................................................................................................................................................................................................................................................................................................................................................................................................................................................................................................................................................................................................................................................................................................................................................................................................................................................................................................................................................................................................................................................................................................................................................................................................................................................................................................................................................................................................................................................................................................................................................................................................................................................................................................................................................................................................................................................................................................................................................................................................................................................................................................................................................................................................................................................................................................................................................................................................................................................................................................................................................................................................................................................................................................................................................................................................................................................................................................................................................................................................................................................................................................................................................................................................................................................................................................................................................................................................................................................................................................................................................................................................................................................................................................................................................................................................................................................................................................................................................................................................................................................................................................................................................................................................................................................................................................................................................................................................5 ms. Memory: 129024K Free: 47261K (37%)
3 ms. Memory: 129024K Free: 112851K (87%)
3 ms. Memory: 129024K Free: 112135K (87%)
6 ms. Memory: 129024K Free: 111299K (86%)
5 ms. Memory: 129024K Free: 110803K (86%)
/home/travis/build/icyphy/ptII/ptolemy/actor/lib/test/IIR.tcl
/home/travis/build/icyphy/ptII/ptolemy/actor/lib/test/Interpolator.tcl
4 ms. Memory: 129024K Free: 107217K (83%)
1 ms. Memory: 129024K Free: 106707K (83%)
5 ms. Memory: 129024K Free: 106193K (82%)
2 ms. Memory: 129024K Free: 105683K (82%)
2 ms. Memory: 129024K Free: 104659K (81%)
10 ms. Memory: 129024K Free: 103635K (80%)
2 ms. Memory: 129024K Free: 103107K (80%)
11 ms. Memory: 129024K Free: 102083K (79%)
2 ms. Memory: 129024K Free: 101073K (78%)
4 ms. Memory: 129024K Free: 100049K (78%)
/home/travis/build/icyphy/ptII/ptolemy/actor/lib/test/MathFunction.tcl
7 ms. Memory: 129024K Free: 97987K (76%)
2 ms. Memory: 129024K Free: 96963K (75%)
2 ms. Memory: 129024K Free: 95953K (74%)
7 ms. Memory: 129024K Free: 95443K (74%)
3 ms. Memory: 129024K Free: 93899K (73%)
13 ms. Memory: 129024K Free: 91857K (71%)
/home/travis/build/icyphy/ptII/ptolemy/actor/lib/test/Maximum.tcl
7 ms. Memory: 129024K Free: 90323K (70%)
9 ms. Memory: 129024K Free: 89299K (69%)
2 ms. Memory: 129024K Free: 88785K (69%)
8 ms. Memory: 129024K Free: 88275K (68%)
/home/travis/build/icyphy/ptII/ptolemy/actor/lib/test/Minimum.tcl
8 ms. Memory: 129024K Free: 86227K (67%)
5 ms. Memory: 129024K Free: 85713K (66%)
1 ms. Memory: 129024K Free: 85203K (66%)
5 ms. Memory: 129024K Free: 84689K (66%)
/home/travis/build/icyphy/ptII/ptolemy/actor/lib/test/MultiplyDivide.tcl
8 ms. Memory: 129024K Free: 82641K (64%)
6 ms. Memory: 129024K Free: 81603K (63%)
6 ms. Memory: 129024K Free: 81107K (63%)
4 ms. Memory: 129024K Free: 80579K (62%)
5 ms. Memory: 129024K Free: 79555K (62%)
/home/travis/build/icyphy/ptII/ptolemy/actor/lib/test/OrderedMerge.tcl
Connections changed on port: inputA
Connections changed on port: inputB
Connections changed on port: output
Connections changed on port: output
Connections changed on port: output
Connections changed on port: input
.top. Preinitializing ...
Invoking preinitialize():  .top.OrderedMerge
Called preinitialize()
Invoking preinitialize():  .top.Ramp
Called preinitialize()
Invoking preinitialize():  .top.Ramp2
Called preinitialize()
Invoking preinitialize():  .top.Test
Called preinitialize()
Connections changed on port: inputA
Connections changed on port: output
Connections changed on port: output
Connections changed on port: input
Connections changed on port: inputB
Connections changed on port: output
.top. Finished preinitialize().
Called initialize().
Invoking initialize():  .top.OrderedMerge
Initializing actor: .top.OrderedMerge
Adding a thread: .top.OrderedMerge
Invoking initialize():  .top.Ramp
Initializing actor: .top.Ramp
Adding a thread: .top.Ramp
Invoking initialize():  .top.Ramp2
Initializing actor: .top.Ramp2
Adding a thread: .top.Ramp2
Invoking initialize():  .top.Test
Initializing actor: .top.Test
Adding a thread: .top.Test
Called fire().
Checking for deadlock:
-- Starting thread.
Called initialize()
Called prefire()
Called fire()
-- Starting thread.
Called initialize()
Called prefire()
Called fire()
-- Starting thread.
Called initialize()
Called prefire()
Called fire()
-- Starting thread.
Called initialize()
Called prefire()
Called fire()
There are 0 Blocked actors, 0 Stopped actors, and 4 active threads.
Waiting for actors to stop.
Called postfire()
Called prefire()
Called fire()
Called postfire()
Called prefire()
Called fire()
Called postfire()
Called prefire()
Called fire()
Read input token from inputA with value 0.0
Next port to read input from is inputB
Called postfire()
Called prefire()
Called fire()
Read input token from inputB with value 0.0
Sent output token with value 0.0
Next port to read input from is inputA
Called postfire()
Called prefire()
Called fire()
Read input token from inputA with value 1.0
Checking for deadlock:
There are 1 Blocked actors, 0 Stopped actors, and 4 active threads.
Waiting for actors to stop.
Called postfire()
Called prefire()
Called fire()
Called postfire()
Called prefire()
Called fire()
-- Read input: 0.0, which is expected to match: 0.0
Called prefire()
Called fire()
Checking for deadlock:
There are 3 Blocked actors, 0 Stopped actors, and 4 active threads.
Waiting for actors to stop.
Sent output token with value 0.0
Next port to read input from is inputB
Called postfire()
Called prefire()
Called fire()
Read input token from inputB with value 1.5
Checking for deadlock:
There are 2 Blocked actors, 0 Stopped actors, and 4 active threads.
Waiting for actors to stop.
Called postfire()
Called prefire()
Called fire()
-- Read input: 0.0, which is expected to match: 0.0
Called prefire()
Called fire()
Checking for deadlock:
There are 3 Blocked actors, 0 Stopped actors, and 4 active threads.
Waiting for actors to stop.
Sent output token with value 1.0
Next port to read input from is inputA
Called postfire()
Called prefire()
Called fire()
Read input token from inputA with value 2.0
Called postfire()
Called prefire()
Called fire()
Checking for deadlock:
There are 3 Blocked actors, 0 Stopped actors, and 4 active threads.
Waiting for actors to stop.
-- Read input: 1.0, which is expected to match: 1.0
Called prefire()
Called fire()
Sent output token with value 1.5
Next port to read input from is inputB
Called postfire()
Called prefire()
Called fire()
Read input token from inputB with value 3.0
Checking for deadlock:
There are 2 Blocked actors, 0 Stopped actors, and 4 active threads.
Waiting for actors to stop.
Called postfire()
Called prefire()
Called fire()
-- Read input: 1.5, which is expected to match: 1.5
Called prefire()
Called fire()
Checking for deadlock:
There are 3 Blocked actors, 0 Stopped actors, and 4 active threads.
Waiting for actors to stop.
Sent output token with value 2.0
Next port to read input from is inputA
Called postfire()
Called prefire()
Called fire()
Read input token from inputA with value 3.0
Checking for deadlock:
There are 2 Blocked actors, 0 Stopped actors, and 4 active threads.
Waiting for actors to stop.
Called postfire()
Called prefire()
Called fire()
-- Read input: 2.0, which is expected to match: 2.0
Called prefire()
Called fire()
Checking for deadlock:
There are 3 Blocked actors, 0 Stopped actors, and 4 active threads.
Waiting for actors to stop.
Sent output token with value 3.0
Next port to read input from is inputB
Called postfire()
Called prefire()
Called fire()
Read input token from inputB with value 4.5
Called postfire()
Called prefire()
Called fire()
Checking for deadlock:
There are 3 Blocked actors, 0 Stopped actors, and 4 active threads.
Waiting for actors to stop.
-- Read input: 3.0, which is expected to match: 3.0
Called prefire()
Called fire()
Sent output token with value 3.0
Next port to read input from is inputA
Called postfire()
Called prefire()
Called fire()
Read input token from inputA with value 4.0
Checking for deadlock:
There are 2 Blocked actors, 0 Stopped actors, and 4 active threads.
Waiting for actors to stop.
Called postfire()
Called prefire()
Called fire()
-- Read input: 3.0, which is expected to match: 3.0
Called prefire()
Called fire()
Checking for deadlock:
There are 3 Blocked actors, 0 Stopped actors, and 4 active threads.
Waiting for actors to stop.
Sent output token with value 4.0
Next port to read input from is inputA
Called postfire()
Called prefire()
Called fire()
Read input token from inputA with value 5.0
Called postfire()
Called prefire()
Called fire()
Checking for deadlock:
There are 3 Blocked actors, 0 Stopped actors, and 4 active threads.
Waiting for actors to stop.
-- Read input: 4.0, which is expected to match: 4.0
Called prefire()
Called fire()
Past the end of training data. Read and discard all inputs.
Sent output token with value 4.5
Next port to read input from is inputB
Called postfire()
Called prefire()
Called fire()
Read input token from inputB with value 6.0
Checking for deadlock:
There are 2 Blocked actors, 0 Stopped actors, and 4 active threads.
Waiting for actors to stop.
Called postfire()
Called prefire()
Called fire()
Called prefire()
Called fire()
Past the end of training data. Read and discard all inputs.
Checking for deadlock:
There are 3 Blocked actors, 0 Stopped actors, and 4 active threads.
Waiting for actors to stop.
Sent output token with value 5.0
Next port to read input from is inputA
Called postfire()
Called prefire()
Called fire()
Read input token from inputA with value 6.0
Called prefire()
Called fire()
Past the end of training data. Read and discard all inputs.
Checking for deadlock:
There are 2 Blocked actors, 0 Stopped actors, and 4 active threads.
Waiting for actors to stop.
Called postfire()
Called prefire()
Called fire()
Sent output token with value 6.0
Next port to read input from is inputB
Called postfire()
Called prefire()
Called fire()
Read input token from inputB with value 7.5
Checking for deadlock:
There are 2 Blocked actors, 0 Stopped actors, and 4 active threads.
Waiting for actors to stop.
Called postfire()
Called prefire()
Called fire()
Called prefire()
Called fire()
Past the end of training data. Read and discard all inputs.
Checking for deadlock:
There are 3 Blocked actors, 0 Stopped actors, and 4 active threads.
Waiting for actors to stop.
Sent output token with value 6.0
Next port to read input from is inputA
Called postfire()
Called prefire()
Called fire()
Read input token from inputA with value 7.0
Called postfire()
Called prefire()
Called fire()
Checking for deadlock:
There are 3 Blocked actors, 0 Stopped actors, and 4 active threads.
Waiting for actors to stop.
Called prefire()
Called fire()
Past the end of training data. Read and discard all inputs.
Checking for deadlock:
There are 3 Blocked actors, 0 Stopped actors, and 4 active threads.
Waiting for actors to stop.
Sent output token with value 7.0
Next port to read input from is inputA
Called postfire()
Called prefire()
Called fire()
Read input token from inputA with value 8.0
Called prefire()
Called fire()
Past the end of training data. Read and discard all inputs.
-- Thread wrapup() called.
Called wrapup()
Thread .top.Ramp is exiting.
-- Thread stopped.
Checking for deadlock:
There are 2 Blocked actors, 0 Stopped actors, and 3 active threads.
Waiting for actors to stop.
Sent output token with value 7.5
Next port to read input from is inputB
Called postfire()
Called prefire()
Called fire()
Read input token from inputB with value 9.0
Checking for deadlock:
There are 1 Blocked actors, 0 Stopped actors, and 3 active threads.
Waiting for actors to stop.
Called prefire()
Called fire()
Past the end of training data. Read and discard all inputs.
Called postfire()
Called prefire()
Called fire()
Checking for deadlock:
There are 2 Blocked actors, 0 Stopped actors, and 3 active threads.
Waiting for actors to stop.
Sent output token with value 8.0
Next port to read input from is inputA
Called postfire()
Called prefire()
Called fire()
Read input token from inputA with value 9.0
Called prefire()
Called fire()
Past the end of training data. Read and discard all inputs.
Checking for deadlock:
There are 2 Blocked actors, 0 Stopped actors, and 3 active threads.
Waiting for actors to stop.
Sent output token with value 9.0
Next port to read input from is inputB
Called postfire()
Called prefire()
Called fire()
Read input token from inputB with value 10.5
Called prefire()
Called fire()
Past the end of training data. Read and discard all inputs.
Called postfire()
Called prefire()
Called fire()
Checking for deadlock:
There are 2 Blocked actors, 0 Stopped actors, and 3 active threads.
Waiting for actors to stop.
Called prefire()
Called fire()
Past the end of training data. Read and discard all inputs.
Sent output token with value 9.0
Next port to read input from is inputA
Called postfire()
Called prefire()
Called fire()
Checking for deadlock:
There are 3 Blocked actors, 0 Stopped actors, and 3 active threads.
Actors have stopped.
Checking for deadlock:
There are 3 Blocked actors, 0 Stopped actors, and 3 active threads.
Deadlock detected.
Resolving Deadlock
Checking for deadlock:
There are 3 Blocked actors, 0 Stopped actors, and 3 active threads.
Artificial Deadlock - increasing queue capacity.
increasing the capacity of receiver ptolemy.actor.TypedIOPort {.top.OrderedMerge.inputB} to 2
-- Thread wrapup() called.
Called wrapup()
Thread .top.Ramp2 is exiting.
-- Thread stopped.
Director: Called postfire().
Called postfire().
_stopRequested = false
_stopFireRequested = false
Returning from postfire(): true
Called fire().
Checking for deadlock:
There are 2 Blocked actors, 0 Stopped actors, and 2 active threads.
Actors have stopped.
Checking for deadlock:
There are 2 Blocked actors, 0 Stopped actors, and 2 active threads.
Deadlock detected.
Resolving Deadlock
Checking for deadlock:
There are 2 Blocked actors, 0 Stopped actors, and 2 active threads.
Deadlock detected: no processes blocked on write, but some are blocked on read.
Called postfire().
_stopRequested = false
_stopFireRequested = false
Returning from postfire(): false
Finished deactivating branches.
Called wrapup().
-- Thread wrapup() called.
Called wrapup()
Thread .top.Test is exiting.
-- Thread stopped.
-- Blocked Receiver call threw TerminateProcessException.
-- Thread wrapup() called.
Called wrapup()
Thread .top.OrderedMerge is exiting.
-- Thread stopped.
-- Blocked Receiver call threw TerminateProcessException.
77 ms. Memory: 129024K Free: 74963K (58%)
.top. Preinitializing ...
Invoking preinitialize():  .top.OrderedMerge
Called preinitialize()
Invoking preinitialize():  .top.Ramp
Called preinitialize()
Invoking preinitialize():  .top.Ramp2
Called preinitialize()
Invoking preinitialize():  .top.Test
Called preinitialize()
.top. Finished preinitialize().
Called initialize().
Invoking initialize():  .top.OrderedMerge
Initializing actor: .top.OrderedMerge
Adding a thread: .top.OrderedMerge
Invoking initialize():  .top.Ramp
Initializing actor: .top.Ramp
Adding a thread: .top.Ramp
Invoking initialize():  .top.Ramp2
Initializing actor: .top.Ramp2
Adding a thread: .top.Ramp2
Invoking initialize():  .top.Test
Initializing actor: .top.Test
Adding a thread: .top.Test
-- Starting thread.
Called initialize()
Called prefire()
Called fire()
Called postfire()
Called prefire()
Called fire()
-- Starting thread.
Called initialize()
Called prefire()
Called fire()
Called postfire()
Called prefire()
Called fire()
Called fire().
Checking for deadlock:
There are 2 Blocked actors, 0 Stopped actors, and 4 active threads.
Waiting for actors to stop.
-- Starting thread.
Called initialize()
Called prefire()
Called fire()
Checking for deadlock:
There are 3 Blocked actors, 0 Stopped actors, and 4 active threads.
Waiting for actors to stop.
-- Starting thread.
Called initialize()
Called prefire()
Called fire()
Checking for deadlock:
There are 2 Blocked actors, 0 Stopped actors, and 4 active threads.
Waiting for actors to stop.
Called postfire()
Called prefire()
Called fire()
Checking for deadlock:
There are 3 Blocked actors, 0 Stopped actors, and 4 active threads.
Waiting for actors to stop.
Read input token from inputA with value 0.0
Next port to read input from is inputB
Called postfire()
Called prefire()
Called fire()
Read input token from inputB with value 0.0
Sent output token with value 0.0
Next port to read input from is inputA
Called postfire()
Called prefire()
Called fire()
Read input token from inputA with value 1.0
Checking for deadlock:
There are 1 Blocked actors, 0 Stopped actors, and 4 active threads.
Waiting for actors to stop.
-- Read input: 0.0, which is expected to match: 0.0
Called prefire()
Called fire()
Called postfire()
Called prefire()
Called fire()
Called postfire()
Called prefire()
Called fire()
Checking for deadlock:
There are 3 Blocked actors, 0 Stopped actors, and 4 active threads.
Waiting for actors to stop.
Sent output token with value 0.0
Next port to read input from is inputB
Called postfire()
Called prefire()
Called fire()
Read input token from inputB with value 1.5
Checking for deadlock:
There are 2 Blocked actors, 0 Stopped actors, and 4 active threads.
Waiting for actors to stop.
-- Read input: 0.0, which is expected to match: 0.0
Called prefire()
Called fire()
Called postfire()
Called prefire()
Called fire()
Checking for deadlock:
There are 3 Blocked actors, 0 Stopped actors, and 4 active threads.
Waiting for actors to stop.
Checking for deadlock:
There are 2 Blocked actors, 0 Stopped actors, and 4 active threads.
Waiting for actors to stop.
-- Read input: 1.0, which is expected to match: 1.0
Called prefire()
Called fire()
Checking for deadlock:
There are 3 Blocked actors, 0 Stopped actors, and 4 active threads.
Waiting for actors to stop.
Sent output token with value 1.0
Next port to read input from is inputA
Called postfire()
Called prefire()
Called fire()
Checking for deadlock:
There are 2 Blocked actors, 0 Stopped actors, and 4 active threads.
Waiting for actors to stop.
Called postfire()
Called prefire()
Called fire()
Checking for deadlock:
There are 3 Blocked actors, 0 Stopped actors, and 4 active threads.
Waiting for actors to stop.
Read input token from inputA with value 2.0
Sent output token with value 1.5
Next port to read input from is inputB
Called postfire()
Called prefire()
Called fire()
Read input token from inputB with value 3.0
Checking for deadlock:
There are 2 Blocked actors, 0 Stopped actors, and 4 active threads.
Waiting for actors to stop.
-- Read input: 1.5, which is expected to match: 1.5
Called prefire()
Called fire()
Called postfire()
Called prefire()
Called fire()
Checking for deadlock:
There are 2 Blocked actors, 0 Stopped actors, and 4 active threads.
Sent output token with value 2.0
Waiting for actors to stop.
Next port to read input from is inputA
Called postfire()
Called prefire()
Called fire()
-- Read input: 2.0, which is expected to match: 2.0
Called prefire()
Read input token from inputA with value 3.0
Called fire()
Sent output token with value 3.0
-- Read input: 3.0, which is expected to match: 3.0
Next port to read input from is inputB
Called postfire()
Called prefire()
Called fire()
Called prefire()
Called fire()
Read input token from inputB with value 4.5
Called postfire()
Called prefire()
Called fire()
Sent output token with value 3.0
Next port to read input from is inputA
Called postfire()
Called prefire()
Called fire()
-- Read input: 3.0, which is expected to match: 3.0
Called prefire()
Called fire()
Checking for deadlock:
There are 3 Blocked actors, 0 Stopped actors, and 4 active threads.
Waiting for actors to stop.
Called postfire()
Called prefire()
Called fire()
Checking for deadlock:
There are 2 Blocked actors, 0 Stopped actors, and 4 active threads.
Waiting for actors to stop.
Called postfire()
Read input token from inputA with value 4.0
Called prefire()
Called fire()
Checking for deadlock:
-- Read input: 4.0, which is expected to match: 4.0
There are 2 Blocked actors, 0 Stopped actors, and 4 active threads.
Waiting for actors to stop.
Called prefire()
Called fire()
Sent output token with value 4.0
Past the end of training data. Read and discard all inputs.
Next port to read input from is inputA
Called postfire()
Called prefire()
Checking for deadlock:
There are 3 Blocked actors, 0 Stopped actors, and 4 active threads.
Waiting for actors to stop.
Called fire()
Read input token from inputA with value 5.0
Sent output token with value 4.5
Next port to read input from is inputB
Called postfire()
Called prefire()
Called fire()
Read input token from inputB with value 6.0
Called postfire()
Checking for deadlock:
There are 1 Blocked actors, 0 Stopped actors, and 4 active threads.
Waiting for actors to stop.
Called postfire()
Called prefire()
Called fire()
Called prefire()
Called fire()
Past the end of training data. Read and discard all inputs.
Called prefire()
Checking for deadlock:
Called fire()
There are 1 Blocked actors, 0 Stopped actors, and 4 active threads.
Waiting for actors to stop.
Checking for deadlock:
There are 2 Blocked actors, 0 Stopped actors, and 4 active threads.
Waiting for actors to stop.
Called prefire()
Called fire()
Past the end of training data. Read and discard all inputs.
Checking for deadlock:
There are 3 Blocked actors, 0 Stopped actors, and 4 active threads.
Waiting for actors to stop.
Sent output token with value 5.0
Next port to read input from is inputA
Called postfire()
Called prefire()
Called fire()
Read input token from inputA with value 6.0
Sent output token with value 6.0
Next port to read input from is inputB
Called postfire()
Called prefire()
Called fire()
Read input token from inputB with value 7.5
Called postfire()
Called prefire()
Called fire()
Checking for deadlock:
There are 2 Blocked actors, 0 Stopped actors, and 4 active threads.
Waiting for actors to stop.
Called prefire()
Called fire()
Past the end of training data. Read and discard all inputs.
Called postfire()
Called prefire()
Called fire()
Checking for deadlock:
There are 3 Blocked actors, 0 Stopped actors, and 4 active threads.
Waiting for actors to stop.
Sent output token with value 6.0
Next port to read input from is inputA
Called postfire()
Called prefire()
Called fire()
Read input token from inputA with value 7.0
Checking for deadlock:
There are 2 Blocked actors, 0 Stopped actors, and 4 active threads.
Waiting for actors to stop.
Called prefire()
Called fire()
Past the end of training data. Read and discard all inputs.
Called postfire()
Called prefire()
Called fire()
Checking for deadlock:
There are 3 Blocked actors, 0 Stopped actors, and 4 active threads.
Waiting for actors to stop.
Sent output token with value 7.0
Next port to read input from is inputA
Called postfire()
Called prefire()
Called fire()
Read input token from inputA with value 8.0
Checking for deadlock:
There are 2 Blocked actors, 0 Stopped actors, and 4 active threads.
Waiting for actors to stop.
Called prefire()
Called fire()
Past the end of training data. Read and discard all inputs.
-- Thread wrapup() called.
Called wrapup()
Thread .top.Ramp is exiting.
-- Thread stopped.
Checking for deadlock:
There are 2 Blocked actors, 0 Stopped actors, and 3 active threads.
Waiting for actors to stop.
Called prefire()
Called fire()
Past the end of training data. Read and discard all inputs.
Checking for deadlock:
There are 2 Blocked actors, 0 Stopped actors, and 3 active threads.
Waiting for actors to stop.
Sent output token with value 7.5
Next port to read input from is inputB
Called postfire()
Called prefire()
Called fire()
Checking for deadlock:
There are 1 Blocked actors, 0 Stopped actors, and 3 active threads.
Waiting for actors to stop.
Called postfire()
Called prefire()
Called fire()
Checking for deadlock:
There are 2 Blocked actors, 0 Stopped actors, and 3 active threads.
Waiting for actors to stop.
Read input token from inputB with value 9.0
Checking for deadlock:
There are 1 Blocked actors, 0 Stopped actors, and 3 active threads.
Waiting for actors to stop.
Called prefire()
Called fire()
Past the end of training data. Read and discard all inputs.
Checking for deadlock:
There are 2 Blocked actors, 0 Stopped actors, and 3 active threads.
Waiting for actors to stop.
Sent output token with value 8.0
Next port to read input from is inputA
Called postfire()
Called prefire()
Called fire()
Read input token from inputA with value 9.0
Called prefire()
Called fire()
Past the end of training data. Read and discard all inputs.
Checking for deadlock:
There are 2 Blocked actors, 0 Stopped actors, and 3 active threads.
Waiting for actors to stop.
Sent output token with value 9.0
Next port to read input from is inputB
Called postfire()
Called prefire()
Called fire()
Called postfire()
Called prefire()
Called fire()
Checking for deadlock:
There are 2 Blocked actors, 0 Stopped actors, and 3 active threads.
Waiting for actors to stop.
Read input token from inputB with value 10.5
Called prefire()
Called fire()
Past the end of training data. Read and discard all inputs.
Checking for deadlock:
There are 2 Blocked actors, 0 Stopped actors, and 3 active threads.
Waiting for actors to stop.
Sent output token with value 9.0
Next port to read input from is inputA
Called postfire()
Called prefire()
Called fire()
Checking for deadlock:
There are 3 Blocked actors, 0 Stopped actors, and 3 active threads.
Actors have stopped.
Checking for deadlock:
There are 3 Blocked actors, 0 Stopped actors, and 3 active threads.
Deadlock detected.
Resolving Deadlock
Checking for deadlock:
There are 3 Blocked actors, 0 Stopped actors, and 3 active threads.
Artificial Deadlock - increasing queue capacity.
increasing the capacity of receiver ptolemy.actor.TypedIOPort {.top.OrderedMerge.inputB} to 2
Director: Called postfire().
Called postfire().
_stopRequested = false
_stopFireRequested = false
Returning from postfire(): true
Called fire().
Checking for deadlock:
There are 2 Blocked actors, 0 Stopped actors, and 3 active threads.
Waiting for actors to stop.
-- Thread wrapup() called.
Called wrapup()
Thread .top.Ramp2 is exiting.
-- Thread stopped.
Checking for deadlock:
There are 2 Blocked actors, 0 Stopped actors, and 2 active threads.
Actors have stopped.
Checking for deadlock:
There are 2 Blocked actors, 0 Stopped actors, and 2 active threads.
Deadlock detected.
Resolving Deadlock
Checking for deadlock:
There are 2 Blocked actors, 0 Stopped actors, and 2 active threads.
Deadlock detected: no processes blocked on write, but some are blocked on read.
Called postfire().
_stopRequested = false
_stopFireRequested = false
Returning from postfire(): false
Finished deactivating branches.
Called wrapup().
-- Thread wrapup() called.
Called wrapup()
-- Thread wrapup() called.
Called wrapup()
Thread .top.Test is exiting.
-- Thread stopped.
-- Blocked Receiver call threw TerminateProcessException.
Thread .top.OrderedMerge is exiting.
-- Thread stopped.
-- Blocked Receiver call threw TerminateProcessException.
28 ms. Memory: 129024K Free: 72401K (56%)
/home/travis/build/icyphy/ptII/ptolemy/actor/lib/test/Publisher.tcl
20 ms. Memory: 129024K Free: 66251K (51%)
6 ms. Memory: 129024K Free: 60627K (47%)
6 ms. Memory: 129024K Free: 57041K (44%)
6 ms. Memory: 129024K Free: 56011K (43%)
3 ms. Memory: 129024K Free: 55507K (43%)
10 ms. Memory: 129024K Free: 54483K (42%)
2 ms. Memory: 129024K Free: 53955K (42%)
2 ms. Memory: 129024K Free: 52939K (41%)
31 ms. Memory: 129024K Free: 105735K (82%)
3 ms. Memory: 129024K Free: 102153K (79%)
3 ms. Memory: 129024K Free: 101129K (78%)
5 ms. Memory: 129024K Free: 99081K (77%)
21 ms. Memory: 129024K Free: 91399K (71%)
17 ms. Memory: 129024K Free: 81673K (63%)
6 ms. Memory: 129024K Free: 70919K (55%)
/home/travis/build/icyphy/ptII/ptolemy/actor/lib/test/Pulse.tcl
3 ms. Memory: 155648K Free: 128313K (82%)
1 ms. Memory: 155648K Free: 127817K (82%)
2 ms. Memory: 155648K Free: 127303K (82%)
2 ms. Memory: 155648K Free: 126793K (81%)
1 ms. Memory: 155648K Free: 126279K (81%)
9 ms. Memory: 155648K Free: 125255K (80%)
8 ms. Memory: 155648K Free: 124225K (80%)
2 ms. Memory: 155648K Free: 123721K (79%)
1 ms. Memory: 155648K Free: 122697K (79%)
/home/travis/build/icyphy/ptII/ptolemy/actor/lib/test/Ramp.tcl
6 ms. Memory: 155648K Free: 120649K (78%)
2 ms. Memory: 155648K Free: 120121K (77%)
2 ms. Memory: 155648K Free: 119625K (77%)
2 ms. Memory: 155648K Free: 118601K (76%)
4 ms. Memory: 155648K Free: 118087K (76%)
10 ms. Memory: 155648K Free: 117057K (75%)
5 ms. Memory: 155648K Free: 116039K (75%)
5 actors
4000 microseconds per iteration to create
5 ms. Memory: 155648K Free: 113481K (73%)
2 ms. Memory: 155648K Free: 112457K (72%)
2 ms. Memory: 155648K Free: 111943K (72%)
4 ms. Memory: 155648K Free: 111433K (72%)
50 actors
43000 microseconds per iteration to create
36 ms. Memory: 155648K Free: 96073K (62%)
6 ms. Memory: 155648K Free: 95049K (61%)
7 ms. Memory: 155648K Free: 94025K (60%)
13 ms. Memory: 155648K Free: 93001K (60%)
500 actors
1489000 microseconds per iteration to create
250 ms. Memory: 155648K Free: 96221K (62%)
34 ms. Memory: 155648K Free: 91101K (59%)
38 ms. Memory: 155648K Free: 85981K (55%)
30 ms. Memory: 155648K Free: 80351K (52%)
/home/travis/build/icyphy/ptII/ptolemy/actor/lib/test/RampContinuous.tcl
11 ms. Memory: 155648K Free: 79327K (51%)
/home/travis/build/icyphy/ptII/ptolemy/actor/lib/test/RecordAssembler.tcl
5 ms. Memory: 155648K Free: 77775K (50%)
4 ms. Memory: 155648K Free: 76751K (49%)
/home/travis/build/icyphy/ptII/ptolemy/actor/lib/test/RecordDisassembler.tcl
11 ms. Memory: 155648K Free: 74717K (48%)
2 ms. Memory: 155648K Free: 74207K (48%)
5 ms. Memory: 155648K Free: 72655K (47%)
/home/travis/build/icyphy/ptII/ptolemy/actor/lib/test/Scale.tcl
2 ms. Memory: 155648K Free: 71135K (46%)
2 ms. Memory: 155648K Free: 70111K (45%)
1 ms. Memory: 155648K Free: 69567K (45%)
2 ms. Memory: 155648K Free: 68573K (44%)
2 ms. Memory: 155648K Free: 68063K (44%)
/home/travis/build/icyphy/ptII/ptolemy/actor/lib/test/SequentialClock.tcl
preinitializing
resolving types
initializing
executing number 1
wrapping up
idle
2 ms. Memory: 155648K Free: 66525K (43%)
Completed execution with 5 iterations
preinitializing
resolving types
initializing
executing number 1
wrapping up
idle
1 ms. Memory: 155648K Free: 66015K (42%)
Completed execution with 5 iterations
preinitializing
resolving types
initializing
executing number 1
wrapping up
idle
1 ms. Memory: 155648K Free: 65487K (42%)
Completed execution with 5 iterations
/home/travis/build/icyphy/ptII/ptolemy/actor/lib/test/SetVariable.tcl
3 ms. Memory: 155648K Free: 63439K (41%)
/home/travis/build/icyphy/ptII/ptolemy/actor/lib/test/Sinewave.tcl
/home/travis/build/icyphy/ptII/ptolemy/actor/lib/test/SubscriptionAggregator.tcl
5 ms. Memory: 155648K Free: 52189K (34%)
3 ms. Memory: 155648K Free: 51679K (33%)
1 ms. Memory: 155648K Free: 51165K (33%)
0 ms. Memory: 155648K Free: 50655K (33%)
2 ms. Memory: 155648K Free: 130230K (84%)
12 ms. Memory: 155648K Free: 128197K (82%)
...............................................................1017 ms. Memory: 271360K Free: 196608K (72%)
/home/travis/build/icyphy/ptII/ptolemy/actor/lib/test/Test.tcl
 The next command will produce a warning about training mode,
   which may be ignored.
5 ms. Memory: 271360K Free: 194560K (72%)
3 ms. Memory: 271360K Free: 194046K (72%)
1 ms. Memory: 271360K Free: 193536K (71%)
1 ms. Memory: 271360K Free: 192991K (71%)
2 ms. Memory: 271360K Free: 191983K (71%)
3 ms. Memory: 271360K Free: 190974K (70%)
3 ms. Memory: 271360K Free: 189440K (70%)
 The next command will produce a warning about training mode,
   which may be ignored.
4 ms. Memory: 271360K Free: 187392K (69%)
 The next command will produce a warning about training mode,
   which may be ignored.
3 ms. Memory: 271360K Free: 185854K (68%)
1 ms. Memory: 271360K Free: 185854K (68%)
1 ms. Memory: 271360K Free: 185344K (68%)
2 ms. Memory: 271360K Free: 184830K (68%)
7 ms. Memory: 271360K Free: 183775K (68%)
3 ms. Memory: 271360K Free: 179710K (66%)
/home/travis/build/icyphy/ptII/ptolemy/actor/lib/test/TestExceptionHandler.tcl
 The next command will produce a warning about training mode,
   which may be ignored.
3 ms. Memory: 271360K Free: 178686K (66%)
1 ms. Memory: 271360K Free: 178176K (66%)
1 ms. Memory: 271360K Free: 177655K (65%)
/home/travis/build/icyphy/ptII/ptolemy/actor/lib/test/UnionDisassembler.tcl
17 ms. Memory: 271360K Free: 169984K (63%)
/home/travis/build/icyphy/ptII/ptolemy/actor/lib/test/VariableClock.tcl
preinitializing
resolving types
initializing
executing number 1
wrapping up
idle
4 ms. Memory: 271360K Free: 168431K (62%)
Completed execution with 11 iterations
preinitializing
resolving types
initializing
executing number 1
wrapping up
idle
3 ms. Memory: 271360K Free: 166912K (62%)
Completed execution with 10 iterations
02/15/20 07:03:09
Failed: 0  Total Tests: 233  ((Passed: 233, Newly Passed: 0)  Known Failed: 0) /home/travis/build/icyphy/ptII/ptolemy/actor/lib/test
----------------- testing (KnownFailure) /home/travis/build/icyphy/ptII/ptolemy/actor/lib/test/auto/knownFailedTests/PublisherPortToplevelSubscriber.xml
0 ms. Memory: 271360K Free: 163326K (60%)
Known Failure: java.lang.reflect.InvocationTargetException
----------------- testing (KnownFailure) /home/travis/build/icyphy/ptII/ptolemy/actor/lib/test/auto/knownFailedTests/PublisherSubscriberPortToplevel.xml
0 ms. Memory: 271360K Free: 159230K (59%)
Known Failure: java.lang.reflect.InvocationTargetException
----------------- testing (KnownFailure) /home/travis/build/icyphy/ptII/ptolemy/actor/lib/test/auto/knownFailedTests/PublisherSubscriptionAggregatorPort.xml
0 ms. Memory: 271360K Free: 155134K (57%)
Known Failure: java.lang.reflect.InvocationTargetException
----------------- testing (KnownFailure) /home/travis/build/icyphy/ptII/ptolemy/actor/lib/test/auto/knownFailedTests/sizedarray3.xml
5 ms. Memory: 271360K Free: 151038K (56%)
Known Failure: java.lang.reflect.InvocationTargetException
No auto/linux-amd64/*.xml tests in /home/travis/build/icyphy/ptII/ptolemy/actor/lib/test
AutoTests.java: About to close Vertx.
AutoTests.java: Vertx closed.

===========================================================================================
----------------- testing Sat Feb 15 07:03:09 UTC 2020 /home/travis/build/icyphy/ptII/ptolemy/actor/lib/test/auto/AbsoluteValue.xml
----------------- Instantiating /home/travis/build/icyphy/ptII/ptolemy/actor/lib/test/auto/AbsoluteValue.xml
13 ms. Memory: 271360K Free: 128000K (47%)
----------------- Invoking toplevel() on ptolemy.moml.MoMLSimpleApplication@6669b6cd
----------------- Done invoking toplevel() on ptolemy.moml.MoMLSimpleApplication@6669b6cd
reloadAllAccessors: .AbsoluteValue

===========================================================================================
----------------- testing Sat Feb 15 07:03:09 UTC 2020 /home/travis/build/icyphy/ptII/ptolemy/actor/lib/test/auto/AbsoluteValue2.xml
----------------- Instantiating /home/travis/build/icyphy/ptII/ptolemy/actor/lib/test/auto/AbsoluteValue2.xml
11 ms. Memory: 271360K Free: 120832K (45%)
----------------- Invoking toplevel() on ptolemy.moml.MoMLSimpleApplication@5550d15e
----------------- Done invoking toplevel() on ptolemy.moml.MoMLSimpleApplication@5550d15e
reloadAllAccessors: .AbsoluteValue2

===========================================================================================
----------------- testing Sat Feb 15 07:03:09 UTC 2020 /home/travis/build/icyphy/ptII/ptolemy/actor/lib/test/auto/Accumulator.xml
----------------- Instantiating /home/travis/build/icyphy/ptII/ptolemy/actor/lib/test/auto/Accumulator.xml
5 ms. Memory: 271360K Free: 114688K (42%)
----------------- Invoking toplevel() on ptolemy.moml.MoMLSimpleApplication@1c54d55a
----------------- Done invoking toplevel() on ptolemy.moml.MoMLSimpleApplication@1c54d55a
reloadAllAccessors: .Accumulator

===========================================================================================
----------------- testing Sat Feb 15 07:03:09 UTC 2020 /home/travis/build/icyphy/ptII/ptolemy/actor/lib/test/auto/Accumulator2.xml
----------------- Instantiating /home/travis/build/icyphy/ptII/ptolemy/actor/lib/test/auto/Accumulator2.xml
3 ms. Memory: 271360K Free: 109568K (40%)
----------------- Invoking toplevel() on ptolemy.moml.MoMLSimpleApplication@1190ffee
----------------- Done invoking toplevel() on ptolemy.moml.MoMLSimpleApplication@1190ffee
reloadAllAccessors: .Accumulator2

===========================================================================================
----------------- testing Sat Feb 15 07:03:09 UTC 2020 /home/travis/build/icyphy/ptII/ptolemy/actor/lib/test/auto/Accumulator3.xml
----------------- Instantiating /home/travis/build/icyphy/ptII/ptolemy/actor/lib/test/auto/Accumulator3.xml
3 ms. Memory: 271360K Free: 104958K (39%)
----------------- Invoking toplevel() on ptolemy.moml.MoMLSimpleApplication@57a11e2b
----------------- Done invoking toplevel() on ptolemy.moml.MoMLSimpleApplication@57a11e2b
reloadAllAccessors: .Accumulator3

===========================================================================================
----------------- testing Sat Feb 15 07:03:09 UTC 2020 /home/travis/build/icyphy/ptII/ptolemy/actor/lib/test/auto/ArrayAppend.xml
----------------- Instantiating /home/travis/build/icyphy/ptII/ptolemy/actor/lib/test/auto/ArrayAppend.xml
5 ms. Memory: 271360K Free: 214528K (79%)
----------------- Invoking toplevel() on ptolemy.moml.MoMLSimpleApplication@1c358c21
----------------- Done invoking toplevel() on ptolemy.moml.MoMLSimpleApplication@1c358c21
reloadAllAccessors: .ArrayAppend

===========================================================================================
----------------- testing Sat Feb 15 07:03:09 UTC 2020 /home/travis/build/icyphy/ptII/ptolemy/actor/lib/test/auto/ArrayAppend2.xml
----------------- Instantiating /home/travis/build/icyphy/ptII/ptolemy/actor/lib/test/auto/ArrayAppend2.xml
299 ms. Memory: 271360K Free: 142848K (53%)
----------------- Invoking toplevel() on ptolemy.moml.MoMLSimpleApplication@5eaf0577
----------------- Done invoking toplevel() on ptolemy.moml.MoMLSimpleApplication@5eaf0577
reloadAllAccessors: .ArrayAppend2

===========================================================================================
----------------- testing Sat Feb 15 07:03:10 UTC 2020 /home/travis/build/icyphy/ptII/ptolemy/actor/lib/test/auto/ArrayAppend3.xml
----------------- Instantiating /home/travis/build/icyphy/ptII/ptolemy/actor/lib/test/auto/ArrayAppend3.xml
7 ms. Memory: 271360K Free: 137728K (51%)
----------------- Invoking toplevel() on ptolemy.moml.MoMLSimpleApplication@1b20c6d0
----------------- Done invoking toplevel() on ptolemy.moml.MoMLSimpleApplication@1b20c6d0
reloadAllAccessors: .ArrayAppend3

===========================================================================================
----------------- testing Sat Feb 15 07:03:10 UTC 2020 /home/travis/build/icyphy/ptII/ptolemy/actor/lib/test/auto/ArrayAppend4.xml
----------------- Instantiating /home/travis/build/icyphy/ptII/ptolemy/actor/lib/test/auto/ArrayAppend4.xml
4 ms. Memory: 271360K Free: 132094K (49%)
----------------- Invoking toplevel() on ptolemy.moml.MoMLSimpleApplication@d1e8b81
----------------- Done invoking toplevel() on ptolemy.moml.MoMLSimpleApplication@d1e8b81
reloadAllAccessors: .ArrayAppend4

===========================================================================================
----------------- testing Sat Feb 15 07:03:10 UTC 2020 /home/travis/build/icyphy/ptII/ptolemy/actor/lib/test/auto/ArrayAppend5.xml
----------------- Instantiating /home/travis/build/icyphy/ptII/ptolemy/actor/lib/test/auto/ArrayAppend5.xml
2 ms. Memory: 271360K Free: 126974K (47%)
----------------- Invoking toplevel() on ptolemy.moml.MoMLSimpleApplication@798b596c
----------------- Done invoking toplevel() on ptolemy.moml.MoMLSimpleApplication@798b596c
reloadAllAccessors: .ArrayAppend5

===========================================================================================
----------------- testing Sat Feb 15 07:03:10 UTC 2020 /home/travis/build/icyphy/ptII/ptolemy/actor/lib/test/auto/ArrayAppend6.xml
----------------- Instantiating /home/travis/build/icyphy/ptII/ptolemy/actor/lib/test/auto/ArrayAppend6.xml
2 ms. Memory: 271360K Free: 121344K (45%)
----------------- Invoking toplevel() on ptolemy.moml.MoMLSimpleApplication@20186250
----------------- Done invoking toplevel() on ptolemy.moml.MoMLSimpleApplication@20186250
reloadAllAccessors: .ArrayAppend6

===========================================================================================
----------------- testing Sat Feb 15 07:03:10 UTC 2020 /home/travis/build/icyphy/ptII/ptolemy/actor/lib/test/auto/ArrayAppendPerformanceTest.xml
----------------- Instantiating /home/travis/build/icyphy/ptII/ptolemy/actor/lib/test/auto/ArrayAppendPerformanceTest.xml
24 ms. Memory: 271360K Free: 111104K (41%)
----------------- Invoking toplevel() on ptolemy.moml.MoMLSimpleApplication@e9dc71c
----------------- Done invoking toplevel() on ptolemy.moml.MoMLSimpleApplication@e9dc71c
reloadAllAccessors: .ArrayAppendPerformanceTest

===========================================================================================
----------------- testing Sat Feb 15 07:03:10 UTC 2020 /home/travis/build/icyphy/ptII/ptolemy/actor/lib/test/auto/ArrayAppendWithEmptyInput.xml
----------------- Instantiating /home/travis/build/icyphy/ptII/ptolemy/actor/lib/test/auto/ArrayAppendWithEmptyInput.xml
14 ms. Memory: 271360K Free: 103422K (38%)
----------------- Invoking toplevel() on ptolemy.moml.MoMLSimpleApplication@153ca636
----------------- Done invoking toplevel() on ptolemy.moml.MoMLSimpleApplication@153ca636
reloadAllAccessors: .ArrayAppendWithEmptyInput

===========================================================================================
----------------- testing Sat Feb 15 07:03:10 UTC 2020 /home/travis/build/icyphy/ptII/ptolemy/actor/lib/test/auto/ArrayAverage.xml
----------------- Instantiating /home/travis/build/icyphy/ptII/ptolemy/actor/lib/test/auto/ArrayAverage.xml
7 ms. Memory: 271360K Free: 95744K (35%)
----------------- Invoking toplevel() on ptolemy.moml.MoMLSimpleApplication@bb299f3
----------------- Done invoking toplevel() on ptolemy.moml.MoMLSimpleApplication@bb299f3
reloadAllAccessors: .ArrayAverage

===========================================================================================
----------------- testing Sat Feb 15 07:03:10 UTC 2020 /home/travis/build/icyphy/ptII/ptolemy/actor/lib/test/auto/ArrayContains.xml
----------------- Instantiating /home/travis/build/icyphy/ptII/ptolemy/actor/lib/test/auto/ArrayContains.xml
11 ms. Memory: 271360K Free: 90110K (33%)
----------------- Invoking toplevel() on ptolemy.moml.MoMLSimpleApplication@464a8d7a
----------------- Done invoking toplevel() on ptolemy.moml.MoMLSimpleApplication@464a8d7a
reloadAllAccessors: .ArrayContains

===========================================================================================
----------------- testing Sat Feb 15 07:03:10 UTC 2020 /home/travis/build/icyphy/ptII/ptolemy/actor/lib/test/auto/ArrayElement.xml
----------------- Instantiating /home/travis/build/icyphy/ptII/ptolemy/actor/lib/test/auto/ArrayElement.xml
5 ms. Memory: 271360K Free: 217088K (80%)
----------------- Invoking toplevel() on ptolemy.moml.MoMLSimpleApplication@52ad5f4
----------------- Done invoking toplevel() on ptolemy.moml.MoMLSimpleApplication@52ad5f4
reloadAllAccessors: .ArrayElement

===========================================================================================
----------------- testing Sat Feb 15 07:03:10 UTC 2020 /home/travis/build/icyphy/ptII/ptolemy/actor/lib/test/auto/ArrayElementAsMatrix.xml
----------------- Instantiating /home/travis/build/icyphy/ptII/ptolemy/actor/lib/test/auto/ArrayElementAsMatrix.xml
25 ms. Memory: 271360K Free: 206848K (76%)
----------------- Invoking toplevel() on ptolemy.moml.MoMLSimpleApplication@85f888e
----------------- Done invoking toplevel() on ptolemy.moml.MoMLSimpleApplication@85f888e
reloadAllAccessors: .ArrayElementAsMatrix

===========================================================================================
----------------- testing Sat Feb 15 07:03:10 UTC 2020 /home/travis/build/icyphy/ptII/ptolemy/actor/lib/test/auto/ArrayElementI.xml
----------------- Instantiating /home/travis/build/icyphy/ptII/ptolemy/actor/lib/test/auto/ArrayElementI.xml
4 ms. Memory: 271360K Free: 201728K (74%)
----------------- Invoking toplevel() on ptolemy.moml.MoMLSimpleApplication@7868e46e
----------------- Done invoking toplevel() on ptolemy.moml.MoMLSimpleApplication@7868e46e
reloadAllAccessors: .ArrayElementI

===========================================================================================
----------------- testing Sat Feb 15 07:03:10 UTC 2020 /home/travis/build/icyphy/ptII/ptolemy/actor/lib/test/auto/ArrayExtract.xml
----------------- Instantiating /home/travis/build/icyphy/ptII/ptolemy/actor/lib/test/auto/ArrayExtract.xml
5 ms. Memory: 271360K Free: 193022K (71%)
----------------- Invoking toplevel() on ptolemy.moml.MoMLSimpleApplication@32a65039
----------------- Done invoking toplevel() on ptolemy.moml.MoMLSimpleApplication@32a65039
reloadAllAccessors: .ArrayExtract

===========================================================================================
----------------- testing Sat Feb 15 07:03:10 UTC 2020 /home/travis/build/icyphy/ptII/ptolemy/actor/lib/test/auto/ArrayExtract2.xml
----------------- Instantiating /home/travis/build/icyphy/ptII/ptolemy/actor/lib/test/auto/ArrayExtract2.xml
2 ms. Memory: 271360K Free: 187887K (69%)
----------------- Invoking toplevel() on ptolemy.moml.MoMLSimpleApplication@13457391
----------------- Done invoking toplevel() on ptolemy.moml.MoMLSimpleApplication@13457391
reloadAllAccessors: .ArrayExtract2

===========================================================================================
----------------- testing Sat Feb 15 07:03:10 UTC 2020 /home/travis/build/icyphy/ptII/ptolemy/actor/lib/test/auto/ArrayLength.xml
----------------- Instantiating /home/travis/build/icyphy/ptII/ptolemy/actor/lib/test/auto/ArrayLength.xml
1 ms. Memory: 271360K Free: 183806K (68%)
----------------- Invoking toplevel() on ptolemy.moml.MoMLSimpleApplication@69962062
----------------- Done invoking toplevel() on ptolemy.moml.MoMLSimpleApplication@69962062
reloadAllAccessors: .ArrayLength

===========================================================================================
----------------- testing Sat Feb 15 07:03:10 UTC 2020 /home/travis/build/icyphy/ptII/ptolemy/actor/lib/test/auto/ArrayLevelCrossing.xml
----------------- Instantiating /home/travis/build/icyphy/ptII/ptolemy/actor/lib/test/auto/ArrayLevelCrossing.xml
3 ms. Memory: 271360K Free: 176128K (65%)
----------------- Invoking toplevel() on ptolemy.moml.MoMLSimpleApplication@57edb026
----------------- Done invoking toplevel() on ptolemy.moml.MoMLSimpleApplication@57edb026
reloadAllAccessors: .ArrayLevelCrossing

===========================================================================================
----------------- testing Sat Feb 15 07:03:10 UTC 2020 /home/travis/build/icyphy/ptII/ptolemy/actor/lib/test/auto/ArrayLevelCrossing2.xml
----------------- Instantiating /home/travis/build/icyphy/ptII/ptolemy/actor/lib/test/auto/ArrayLevelCrossing2.xml
2 ms. Memory: 271360K Free: 168431K (62%)
----------------- Invoking toplevel() on ptolemy.moml.MoMLSimpleApplication@6e1a7118
----------------- Done invoking toplevel() on ptolemy.moml.MoMLSimpleApplication@6e1a7118
reloadAllAccessors: .ArrayLevelCrossing2

===========================================================================================
----------------- testing Sat Feb 15 07:03:10 UTC 2020 /home/travis/build/icyphy/ptII/ptolemy/actor/lib/test/auto/ArrayPeakSearch.xml
----------------- Instantiating /home/travis/build/icyphy/ptII/ptolemy/actor/lib/test/auto/ArrayPeakSearch.xml
7 ms. Memory: 271360K Free: 159744K (59%)
----------------- Invoking toplevel() on ptolemy.moml.MoMLSimpleApplication@7ae7e89d
----------------- Done invoking toplevel() on ptolemy.moml.MoMLSimpleApplication@7ae7e89d
reloadAllAccessors: .ArrayPeakSearch

===========================================================================================
----------------- testing Sat Feb 15 07:03:10 UTC 2020 /home/travis/build/icyphy/ptII/ptolemy/actor/lib/test/auto/ArrayPeakSearch2.xml
----------------- Instantiating /home/travis/build/icyphy/ptII/ptolemy/actor/lib/test/auto/ArrayPeakSearch2.xml
6 ms. Memory: 271360K Free: 148975K (55%)
----------------- Invoking toplevel() on ptolemy.moml.MoMLSimpleApplication@2345967e
----------------- Done invoking toplevel() on ptolemy.moml.MoMLSimpleApplication@2345967e
reloadAllAccessors: .ArrayPeakSearch2

===========================================================================================
----------------- testing Sat Feb 15 07:03:10 UTC 2020 /home/travis/build/icyphy/ptII/ptolemy/actor/lib/test/auto/ArrayPeakSearch3.xml
----------------- Instantiating /home/travis/build/icyphy/ptII/ptolemy/actor/lib/test/auto/ArrayPeakSearch3.xml
4 ms. Memory: 271360K Free: 140288K (52%)
----------------- Invoking toplevel() on ptolemy.moml.MoMLSimpleApplication@52c68bbe
----------------- Done invoking toplevel() on ptolemy.moml.MoMLSimpleApplication@52c68bbe
reloadAllAccessors: .ArrayPeakSearch3

===========================================================================================
----------------- testing Sat Feb 15 07:03:11 UTC 2020 /home/travis/build/icyphy/ptII/ptolemy/actor/lib/test/auto/ArrayRemoveElement.xml
----------------- Instantiating /home/travis/build/icyphy/ptII/ptolemy/actor/lib/test/auto/ArrayRemoveElement.xml
4 ms. Memory: 271360K Free: 132096K (49%)
----------------- Invoking toplevel() on ptolemy.moml.MoMLSimpleApplication@38d7ab6a
----------------- Done invoking toplevel() on ptolemy.moml.MoMLSimpleApplication@38d7ab6a
reloadAllAccessors: .ArrayRemoveElement

===========================================================================================
----------------- testing Sat Feb 15 07:03:11 UTC 2020 /home/travis/build/icyphy/ptII/ptolemy/actor/lib/test/auto/ArraySort.xml
----------------- Instantiating /home/travis/build/icyphy/ptII/ptolemy/actor/lib/test/auto/ArraySort.xml
6 ms. Memory: 271360K Free: 123390K (45%)
----------------- Invoking toplevel() on ptolemy.moml.MoMLSimpleApplication@6f9e4425
----------------- Done invoking toplevel() on ptolemy.moml.MoMLSimpleApplication@6f9e4425
reloadAllAccessors: .ArraySort

===========================================================================================
----------------- testing Sat Feb 15 07:03:11 UTC 2020 /home/travis/build/icyphy/ptII/ptolemy/actor/lib/test/auto/ArraySum.xml
----------------- Instantiating /home/travis/build/icyphy/ptII/ptolemy/actor/lib/test/auto/ArraySum.xml
4 ms. Memory: 271360K Free: 117760K (43%)
----------------- Invoking toplevel() on ptolemy.moml.MoMLSimpleApplication@2bda2d7c
----------------- Done invoking toplevel() on ptolemy.moml.MoMLSimpleApplication@2bda2d7c
reloadAllAccessors: .ArraySum

===========================================================================================
----------------- testing Sat Feb 15 07:03:11 UTC 2020 /home/travis/build/icyphy/ptII/ptolemy/actor/lib/test/auto/ArrayToElements.xml
----------------- Instantiating /home/travis/build/icyphy/ptII/ptolemy/actor/lib/test/auto/ArrayToElements.xml
6 ms. Memory: 271360K Free: 112640K (42%)
----------------- Invoking toplevel() on ptolemy.moml.MoMLSimpleApplication@1a10acf4
----------------- Done invoking toplevel() on ptolemy.moml.MoMLSimpleApplication@1a10acf4
reloadAllAccessors: .ArrayToElements

===========================================================================================
----------------- testing Sat Feb 15 07:03:11 UTC 2020 /home/travis/build/icyphy/ptII/ptolemy/actor/lib/test/auto/ArrayToMatrix.xml
----------------- Instantiating /home/travis/build/icyphy/ptII/ptolemy/actor/lib/test/auto/ArrayToMatrix.xml
9 ms. Memory: 271360K Free: 98304K (36%)
----------------- Invoking toplevel() on ptolemy.moml.MoMLSimpleApplication@493e148f
----------------- Done invoking toplevel() on ptolemy.moml.MoMLSimpleApplication@493e148f
reloadAllAccessors: .ArrayToMatrix

===========================================================================================
----------------- testing Sat Feb 15 07:03:11 UTC 2020 /home/travis/build/icyphy/ptII/ptolemy/actor/lib/test/auto/ArrayUpdate1.xml
----------------- Instantiating /home/travis/build/icyphy/ptII/ptolemy/actor/lib/test/auto/ArrayUpdate1.xml
4 ms. Memory: 271360K Free: 93694K (35%)
----------------- Invoking toplevel() on ptolemy.moml.MoMLSimpleApplication@49bc1765
----------------- Done invoking toplevel() on ptolemy.moml.MoMLSimpleApplication@49bc1765
reloadAllAccessors: .ArrayUpdate1

===========================================================================================
----------------- testing Sat Feb 15 07:03:11 UTC 2020 /home/travis/build/icyphy/ptII/ptolemy/actor/lib/test/auto/ArrayUpdate2.xml
----------------- Instantiating /home/travis/build/icyphy/ptII/ptolemy/actor/lib/test/auto/ArrayUpdate2.xml
6 ms. Memory: 271360K Free: 87040K (32%)
----------------- Invoking toplevel() on ptolemy.moml.MoMLSimpleApplication@2c835793
----------------- Done invoking toplevel() on ptolemy.moml.MoMLSimpleApplication@2c835793
reloadAllAccessors: .ArrayUpdate2

===========================================================================================
----------------- testing Sat Feb 15 07:03:11 UTC 2020 /home/travis/build/icyphy/ptII/ptolemy/actor/lib/test/auto/ArrayUpdate3.xml
----------------- Instantiating /home/travis/build/icyphy/ptII/ptolemy/actor/lib/test/auto/ArrayUpdate3.xml
4 ms. Memory: 271360K Free: 82430K (30%)
----------------- Invoking toplevel() on ptolemy.moml.MoMLSimpleApplication@142de7c4
----------------- Done invoking toplevel() on ptolemy.moml.MoMLSimpleApplication@142de7c4
reloadAllAccessors: .ArrayUpdate3

===========================================================================================
----------------- testing Sat Feb 15 07:03:11 UTC 2020 /home/travis/build/icyphy/ptII/ptolemy/actor/lib/test/auto/Assert1.xml
----------------- Instantiating /home/travis/build/icyphy/ptII/ptolemy/actor/lib/test/auto/Assert1.xml
5 ms. Memory: 271360K Free: 77824K (29%)
----------------- Invoking toplevel() on ptolemy.moml.MoMLSimpleApplication@190c86e7
----------------- Done invoking toplevel() on ptolemy.moml.MoMLSimpleApplication@190c86e7
reloadAllAccessors: .Assert1

===========================================================================================
----------------- testing Sat Feb 15 07:03:11 UTC 2020 /home/travis/build/icyphy/ptII/ptolemy/actor/lib/test/auto/Assert2.xml
----------------- Instantiating /home/travis/build/icyphy/ptII/ptolemy/actor/lib/test/auto/Assert2.xml
2 ms. Memory: 271360K Free: 73214K (27%)
----------------- Invoking toplevel() on ptolemy.moml.MoMLSimpleApplication@250fdc52
----------------- Done invoking toplevel() on ptolemy.moml.MoMLSimpleApplication@250fdc52
reloadAllAccessors: .Assert2

===========================================================================================
----------------- testing Sat Feb 15 07:03:11 UTC 2020 /home/travis/build/icyphy/ptII/ptolemy/actor/lib/test/auto/BooleanMultiplexor.xml
----------------- Instantiating /home/travis/build/icyphy/ptII/ptolemy/actor/lib/test/auto/BooleanMultiplexor.xml
2 ms. Memory: 271360K Free: 67584K (25%)
----------------- Invoking toplevel() on ptolemy.moml.MoMLSimpleApplication@5175a6ad
----------------- Done invoking toplevel() on ptolemy.moml.MoMLSimpleApplication@5175a6ad
reloadAllAccessors: .BooleanMultiplexor

===========================================================================================
----------------- testing Sat Feb 15 07:03:11 UTC 2020 /home/travis/build/icyphy/ptII/ptolemy/actor/lib/test/auto/BooleanMultiplexor2.xml
----------------- Instantiating /home/travis/build/icyphy/ptII/ptolemy/actor/lib/test/auto/BooleanMultiplexor2.xml
36 ms. Memory: 271360K Free: 218624K (81%)
----------------- Invoking toplevel() on ptolemy.moml.MoMLSimpleApplication@9fda74
----------------- Done invoking toplevel() on ptolemy.moml.MoMLSimpleApplication@9fda74
reloadAllAccessors: .BooleanMultiplexor2

===========================================================================================
----------------- testing Sat Feb 15 07:03:11 UTC 2020 /home/travis/build/icyphy/ptII/ptolemy/actor/lib/test/auto/BooleanMultiplexor3.xml
----------------- Instantiating /home/travis/build/icyphy/ptII/ptolemy/actor/lib/test/auto/BooleanMultiplexor3.xml
1 ms. Memory: 271360K Free: 214014K (79%)
----------------- Invoking toplevel() on ptolemy.moml.MoMLSimpleApplication@7d2e3613
----------------- Done invoking toplevel() on ptolemy.moml.MoMLSimpleApplication@7d2e3613
reloadAllAccessors: .BooleanMultiplexor3

===========================================================================================
----------------- testing Sat Feb 15 07:03:11 UTC 2020 /home/travis/build/icyphy/ptII/ptolemy/actor/lib/test/auto/BooleanSelect.xml
----------------- Instantiating /home/travis/build/icyphy/ptII/ptolemy/actor/lib/test/auto/BooleanSelect.xml
3 ms. Memory: 271360K Free: 208384K (77%)
----------------- Invoking toplevel() on ptolemy.moml.MoMLSimpleApplication@7996e115
----------------- Done invoking toplevel() on ptolemy.moml.MoMLSimpleApplication@7996e115
reloadAllAccessors: .BooleanSelect

===========================================================================================
----------------- testing Sat Feb 15 07:03:11 UTC 2020 /home/travis/build/icyphy/ptII/ptolemy/actor/lib/test/auto/BooleanSelect2.xml
----------------- Instantiating /home/travis/build/icyphy/ptII/ptolemy/actor/lib/test/auto/BooleanSelect2.xml
1 ms. Memory: 271360K Free: 203774K (75%)
----------------- Invoking toplevel() on ptolemy.moml.MoMLSimpleApplication@4932ea36
----------------- Done invoking toplevel() on ptolemy.moml.MoMLSimpleApplication@4932ea36
reloadAllAccessors: .BooleanSelect2

===========================================================================================
----------------- testing Sat Feb 15 07:03:11 UTC 2020 /home/travis/build/icyphy/ptII/ptolemy/actor/lib/test/auto/BooleanSwitch.xml
----------------- Instantiating /home/travis/build/icyphy/ptII/ptolemy/actor/lib/test/auto/BooleanSwitch.xml
2 ms. Memory: 271360K Free: 198144K (73%)
----------------- Invoking toplevel() on ptolemy.moml.MoMLSimpleApplication@b203a47
----------------- Done invoking toplevel() on ptolemy.moml.MoMLSimpleApplication@b203a47
reloadAllAccessors: .BooleanSwitch

===========================================================================================
----------------- testing Sat Feb 15 07:03:11 UTC 2020 /home/travis/build/icyphy/ptII/ptolemy/actor/lib/test/auto/BooleanSwitch2.xml
----------------- Instantiating /home/travis/build/icyphy/ptII/ptolemy/actor/lib/test/auto/BooleanSwitch2.xml
1 ms. Memory: 271360K Free: 193534K (71%)
----------------- Invoking toplevel() on ptolemy.moml.MoMLSimpleApplication@2ac9859d
----------------- Done invoking toplevel() on ptolemy.moml.MoMLSimpleApplication@2ac9859d
reloadAllAccessors: .BooleanSwitch2

===========================================================================================
----------------- testing Sat Feb 15 07:03:11 UTC 2020 /home/travis/build/icyphy/ptII/ptolemy/actor/lib/test/auto/BooleanSwitchCloningBugWithClassRelationGroup.xml
----------------- Instantiating /home/travis/build/icyphy/ptII/ptolemy/actor/lib/test/auto/BooleanSwitchCloningBugWithClassRelationGroup.xml
3 ms. Memory: 271360K Free: 187390K (69%)
----------------- Invoking toplevel() on ptolemy.moml.MoMLSimpleApplication@510edb32
----------------- Done invoking toplevel() on ptolemy.moml.MoMLSimpleApplication@510edb32
reloadAllAccessors: .BooleanSwitchCloningBugWithClassRelationGroup

===========================================================================================
----------------- testing Sat Feb 15 07:03:11 UTC 2020 /home/travis/build/icyphy/ptII/ptolemy/actor/lib/test/auto/BusActors.xml
----------------- Instantiating /home/travis/build/icyphy/ptII/ptolemy/actor/lib/test/auto/BusActors.xml
7 ms. Memory: 271360K Free: 179198K (66%)
----------------- Invoking toplevel() on ptolemy.moml.MoMLSimpleApplication@22578870
----------------- Done invoking toplevel() on ptolemy.moml.MoMLSimpleApplication@22578870
reloadAllAccessors: .BusActors

===========================================================================================
----------------- testing Sat Feb 15 07:03:11 UTC 2020 /home/travis/build/icyphy/ptII/ptolemy/actor/lib/test/auto/ClassWrapper.xml
----------------- Instantiating /home/travis/build/icyphy/ptII/ptolemy/actor/lib/test/auto/ClassWrapper.xml
3 ms. Memory: 271360K Free: 175102K (65%)
----------------- Invoking toplevel() on ptolemy.moml.MoMLSimpleApplication@458c1241
----------------- Done invoking toplevel() on ptolemy.moml.MoMLSimpleApplication@458c1241
reloadAllAccessors: .ClassWrapper

===========================================================================================
----------------- testing Sat Feb 15 07:03:11 UTC 2020 /home/travis/build/icyphy/ptII/ptolemy/actor/lib/test/auto/Clock.xml
----------------- Instantiating /home/travis/build/icyphy/ptII/ptolemy/actor/lib/test/auto/Clock.xml
1 ms. Memory: 271360K Free: 171006K (63%)
----------------- Invoking toplevel() on ptolemy.moml.MoMLSimpleApplication@67b5128c
----------------- Done invoking toplevel() on ptolemy.moml.MoMLSimpleApplication@67b5128c
reloadAllAccessors: .Clock

===========================================================================================
----------------- testing Sat Feb 15 07:03:11 UTC 2020 /home/travis/build/icyphy/ptII/ptolemy/actor/lib/test/auto/Clock10.xml
----------------- Instantiating /home/travis/build/icyphy/ptII/ptolemy/actor/lib/test/auto/Clock10.xml
2 ms. Memory: 271360K Free: 165376K (61%)
----------------- Invoking toplevel() on ptolemy.moml.MoMLSimpleApplication@3d2d9e8f
----------------- Done invoking toplevel() on ptolemy.moml.MoMLSimpleApplication@3d2d9e8f
reloadAllAccessors: .Clock10

===========================================================================================
----------------- testing Sat Feb 15 07:03:11 UTC 2020 /home/travis/build/icyphy/ptII/ptolemy/actor/lib/test/auto/Clock11.xml
----------------- Instantiating /home/travis/build/icyphy/ptII/ptolemy/actor/lib/test/auto/Clock11.xml
2 ms. Memory: 271360K Free: 159232K (59%)
----------------- Invoking toplevel() on ptolemy.moml.MoMLSimpleApplication@3ea63dcb
----------------- Done invoking toplevel() on ptolemy.moml.MoMLSimpleApplication@3ea63dcb
reloadAllAccessors: .Clock11

===========================================================================================
----------------- testing Sat Feb 15 07:03:11 UTC 2020 /home/travis/build/icyphy/ptII/ptolemy/actor/lib/test/auto/Clock12.xml
----------------- Instantiating /home/travis/build/icyphy/ptII/ptolemy/actor/lib/test/auto/Clock12.xml
3 ms. Memory: 271360K Free: 153598K (57%)
----------------- Invoking toplevel() on ptolemy.moml.MoMLSimpleApplication@320038a1
----------------- Done invoking toplevel() on ptolemy.moml.MoMLSimpleApplication@320038a1
reloadAllAccessors: .Clock12

===========================================================================================
----------------- testing Sat Feb 15 07:03:11 UTC 2020 /home/travis/build/icyphy/ptII/ptolemy/actor/lib/test/auto/Clock13.xml
----------------- Instantiating /home/travis/build/icyphy/ptII/ptolemy/actor/lib/test/auto/Clock13.xml
4 ms. Memory: 271360K Free: 147447K (54%)
----------------- Invoking toplevel() on ptolemy.moml.MoMLSimpleApplication@393b4737
----------------- Done invoking toplevel() on ptolemy.moml.MoMLSimpleApplication@393b4737
reloadAllAccessors: .Clock13

===========================================================================================
----------------- testing Sat Feb 15 07:03:11 UTC 2020 /home/travis/build/icyphy/ptII/ptolemy/actor/lib/test/auto/Clock14.xml
----------------- Instantiating /home/travis/build/icyphy/ptII/ptolemy/actor/lib/test/auto/Clock14.xml
4 ms. Memory: 271360K Free: 141824K (52%)
----------------- Invoking toplevel() on ptolemy.moml.MoMLSimpleApplication@3c630780
----------------- Done invoking toplevel() on ptolemy.moml.MoMLSimpleApplication@3c630780
reloadAllAccessors: .Clock14

===========================================================================================
----------------- testing Sat Feb 15 07:03:11 UTC 2020 /home/travis/build/icyphy/ptII/ptolemy/actor/lib/test/auto/Clock15.xml
----------------- Instantiating /home/travis/build/icyphy/ptII/ptolemy/actor/lib/test/auto/Clock15.xml
4 ms. Memory: 271360K Free: 135680K (50%)
----------------- Invoking toplevel() on ptolemy.moml.MoMLSimpleApplication@37ff1801
----------------- Done invoking toplevel() on ptolemy.moml.MoMLSimpleApplication@37ff1801
reloadAllAccessors: .Clock15

===========================================================================================
----------------- testing Sat Feb 15 07:03:11 UTC 2020 /home/travis/build/icyphy/ptII/ptolemy/actor/lib/test/auto/Clock16.xml
----------------- Instantiating /home/travis/build/icyphy/ptII/ptolemy/actor/lib/test/auto/Clock16.xml
29 ms. Memory: 271360K Free: 120823K (45%)
----------------- Invoking toplevel() on ptolemy.moml.MoMLSimpleApplication@350d030c
----------------- Done invoking toplevel() on ptolemy.moml.MoMLSimpleApplication@350d030c
reloadAllAccessors: .Clock16

===========================================================================================
----------------- testing Sat Feb 15 07:03:11 UTC 2020 /home/travis/build/icyphy/ptII/ptolemy/actor/lib/test/auto/Clock17.xml
----------------- Instantiating /home/travis/build/icyphy/ptII/ptolemy/actor/lib/test/auto/Clock17.xml
23 ms. Memory: 271360K Free: 107008K (39%)
----------------- Invoking toplevel() on ptolemy.moml.MoMLSimpleApplication@92fdf67
----------------- Done invoking toplevel() on ptolemy.moml.MoMLSimpleApplication@92fdf67
reloadAllAccessors: .Clock17

===========================================================================================
----------------- testing Sat Feb 15 07:03:11 UTC 2020 /home/travis/build/icyphy/ptII/ptolemy/actor/lib/test/auto/Clock18.xml
----------------- Instantiating /home/travis/build/icyphy/ptII/ptolemy/actor/lib/test/auto/Clock18.xml
18 ms. Memory: 271360K Free: 93696K (35%)
----------------- Invoking toplevel() on ptolemy.moml.MoMLSimpleApplication@4f594de3
----------------- Done invoking toplevel() on ptolemy.moml.MoMLSimpleApplication@4f594de3
reloadAllAccessors: .Clock18

===========================================================================================
----------------- testing Sat Feb 15 07:03:11 UTC 2020 /home/travis/build/icyphy/ptII/ptolemy/actor/lib/test/auto/Clock19.xml
----------------- Instantiating /home/travis/build/icyphy/ptII/ptolemy/actor/lib/test/auto/Clock19.xml
15 ms. Memory: 271360K Free: 80894K (30%)
----------------- Invoking toplevel() on ptolemy.moml.MoMLSimpleApplication@1b37aa52
----------------- Done invoking toplevel() on ptolemy.moml.MoMLSimpleApplication@1b37aa52
reloadAllAccessors: .Clock19

===========================================================================================
----------------- testing Sat Feb 15 07:03:12 UTC 2020 /home/travis/build/icyphy/ptII/ptolemy/actor/lib/test/auto/Clock2.xml
----------------- Instantiating /home/travis/build/icyphy/ptII/ptolemy/actor/lib/test/auto/Clock2.xml
6 ms. Memory: 271360K Free: 76288K (28%)
----------------- Invoking toplevel() on ptolemy.moml.MoMLSimpleApplication@66456dfd
----------------- Done invoking toplevel() on ptolemy.moml.MoMLSimpleApplication@66456dfd
reloadAllAccessors: .Clock2

===========================================================================================
----------------- testing Sat Feb 15 07:03:12 UTC 2020 /home/travis/build/icyphy/ptII/ptolemy/actor/lib/test/auto/Clock20.xml
----------------- Instantiating /home/travis/build/icyphy/ptII/ptolemy/actor/lib/test/auto/Clock20.xml
9 ms. Memory: 271360K Free: 71168K (26%)
----------------- Invoking toplevel() on ptolemy.moml.MoMLSimpleApplication@2d6930d
----------------- Done invoking toplevel() on ptolemy.moml.MoMLSimpleApplication@2d6930d
reloadAllAccessors: .Clock20

===========================================================================================
----------------- testing Sat Feb 15 07:03:12 UTC 2020 /home/travis/build/icyphy/ptII/ptolemy/actor/lib/test/auto/Clock21.xml
----------------- Instantiating /home/travis/build/icyphy/ptII/ptolemy/actor/lib/test/auto/Clock21.xml
7 ms. Memory: 271360K Free: 65534K (24%)
----------------- Invoking toplevel() on ptolemy.moml.MoMLSimpleApplication@256a61b9
----------------- Done invoking toplevel() on ptolemy.moml.MoMLSimpleApplication@256a61b9
reloadAllAccessors: .Clock21

===========================================================================================
----------------- testing Sat Feb 15 07:03:12 UTC 2020 /home/travis/build/icyphy/ptII/ptolemy/actor/lib/test/auto/Clock22.xml
----------------- Instantiating /home/travis/build/icyphy/ptII/ptolemy/actor/lib/test/auto/Clock22.xml
7 ms. Memory: 542720K Free: 488446K (90%)
----------------- Invoking toplevel() on ptolemy.moml.MoMLSimpleApplication@4603115
----------------- Done invoking toplevel() on ptolemy.moml.MoMLSimpleApplication@4603115
reloadAllAccessors: .Clock22

===========================================================================================
----------------- testing Sat Feb 15 07:03:12 UTC 2020 /home/travis/build/icyphy/ptII/ptolemy/actor/lib/test/auto/Clock23.xml
----------------- Instantiating /home/travis/build/icyphy/ptII/ptolemy/actor/lib/test/auto/Clock23.xml
6 ms. Memory: 542720K Free: 482816K (89%)
----------------- Invoking toplevel() on ptolemy.moml.MoMLSimpleApplication@4c06253
----------------- Done invoking toplevel() on ptolemy.moml.MoMLSimpleApplication@4c06253
reloadAllAccessors: .Clock23

===========================================================================================
----------------- testing Sat Feb 15 07:03:12 UTC 2020 /home/travis/build/icyphy/ptII/ptolemy/actor/lib/test/auto/Clock24.xml
----------------- Instantiating /home/travis/build/icyphy/ptII/ptolemy/actor/lib/test/auto/Clock24.xml
4 ms. Memory: 542720K Free: 477182K (88%)
----------------- Invoking toplevel() on ptolemy.moml.MoMLSimpleApplication@2d0caea7
----------------- Done invoking toplevel() on ptolemy.moml.MoMLSimpleApplication@2d0caea7
reloadAllAccessors: .Clock24

===========================================================================================
----------------- testing Sat Feb 15 07:03:12 UTC 2020 /home/travis/build/icyphy/ptII/ptolemy/actor/lib/test/auto/Clock4.xml
----------------- Instantiating /home/travis/build/icyphy/ptII/ptolemy/actor/lib/test/auto/Clock4.xml
2 ms. Memory: 542720K Free: 472576K (87%)
----------------- Invoking toplevel() on ptolemy.moml.MoMLSimpleApplication@7662bca7
----------------- Done invoking toplevel() on ptolemy.moml.MoMLSimpleApplication@7662bca7
reloadAllAccessors: .Clock4

===========================================================================================
----------------- testing Sat Feb 15 07:03:12 UTC 2020 /home/travis/build/icyphy/ptII/ptolemy/actor/lib/test/auto/Clock5.xml
----------------- Instantiating /home/travis/build/icyphy/ptII/ptolemy/actor/lib/test/auto/Clock5.xml
2 ms. Memory: 542720K Free: 466935K (86%)
----------------- Invoking toplevel() on ptolemy.moml.MoMLSimpleApplication@7c859a18
----------------- Done invoking toplevel() on ptolemy.moml.MoMLSimpleApplication@7c859a18
reloadAllAccessors: .Clock5

===========================================================================================
----------------- testing Sat Feb 15 07:03:12 UTC 2020 /home/travis/build/icyphy/ptII/ptolemy/actor/lib/test/auto/Clock6.xml
----------------- Instantiating /home/travis/build/icyphy/ptII/ptolemy/actor/lib/test/auto/Clock6.xml
2 ms. Memory: 542720K Free: 462846K (85%)
----------------- Invoking toplevel() on ptolemy.moml.MoMLSimpleApplication@5d52b2aa
----------------- Done invoking toplevel() on ptolemy.moml.MoMLSimpleApplication@5d52b2aa
reloadAllAccessors: .Clock6

===========================================================================================
----------------- testing Sat Feb 15 07:03:12 UTC 2020 /home/travis/build/icyphy/ptII/ptolemy/actor/lib/test/auto/Clock7.xml
----------------- Instantiating /home/travis/build/icyphy/ptII/ptolemy/actor/lib/test/auto/Clock7.xml
3 ms. Memory: 542720K Free: 457726K (84%)
----------------- Invoking toplevel() on ptolemy.moml.MoMLSimpleApplication@1ff49caa
----------------- Done invoking toplevel() on ptolemy.moml.MoMLSimpleApplication@1ff49caa
reloadAllAccessors: .Clock7

===========================================================================================
----------------- testing Sat Feb 15 07:03:12 UTC 2020 /home/travis/build/icyphy/ptII/ptolemy/actor/lib/test/auto/Clock8.xml
----------------- Instantiating /home/travis/build/icyphy/ptII/ptolemy/actor/lib/test/auto/Clock8.xml
4 ms. Memory: 542720K Free: 452096K (83%)
----------------- Invoking toplevel() on ptolemy.moml.MoMLSimpleApplication@5ba8af13
----------------- Done invoking toplevel() on ptolemy.moml.MoMLSimpleApplication@5ba8af13
reloadAllAccessors: .Clock8

===========================================================================================
----------------- testing Sat Feb 15 07:03:12 UTC 2020 /home/travis/build/icyphy/ptII/ptolemy/actor/lib/test/auto/Clock9.xml
----------------- Instantiating /home/travis/build/icyphy/ptII/ptolemy/actor/lib/test/auto/Clock9.xml
5 ms. Memory: 542720K Free: 446976K (82%)
----------------- Invoking toplevel() on ptolemy.moml.MoMLSimpleApplication@2ede06c5
----------------- Done invoking toplevel() on ptolemy.moml.MoMLSimpleApplication@2ede06c5
reloadAllAccessors: .Clock9

===========================================================================================
----------------- testing Sat Feb 15 07:03:12 UTC 2020 /home/travis/build/icyphy/ptII/ptolemy/actor/lib/test/auto/CommDistDiscard.xml
----------------- Instantiating /home/travis/build/icyphy/ptII/ptolemy/actor/lib/test/auto/CommDistDiscard.xml
4 ms. Memory: 542720K Free: 441342K (81%)
----------------- Invoking toplevel() on ptolemy.moml.MoMLSimpleApplication@1e3df36
----------------- Done invoking toplevel() on ptolemy.moml.MoMLSimpleApplication@1e3df36
reloadAllAccessors: .CommDistDiscard

===========================================================================================
----------------- testing Sat Feb 15 07:03:12 UTC 2020 /home/travis/build/icyphy/ptII/ptolemy/actor/lib/test/auto/Commutator.xml
----------------- Instantiating /home/travis/build/icyphy/ptII/ptolemy/actor/lib/test/auto/Commutator.xml
3 ms. Memory: 542720K Free: 437246K (81%)
----------------- Invoking toplevel() on ptolemy.moml.MoMLSimpleApplication@1e68f9fa
----------------- Done invoking toplevel() on ptolemy.moml.MoMLSimpleApplication@1e68f9fa
reloadAllAccessors: .Commutator

===========================================================================================
----------------- testing Sat Feb 15 07:03:12 UTC 2020 /home/travis/build/icyphy/ptII/ptolemy/actor/lib/test/auto/Commutator2.xml
----------------- Instantiating /home/travis/build/icyphy/ptII/ptolemy/actor/lib/test/auto/Commutator2.xml
3 ms. Memory: 542720K Free: 432640K (80%)
----------------- Invoking toplevel() on ptolemy.moml.MoMLSimpleApplication@357c72b6
----------------- Done invoking toplevel() on ptolemy.moml.MoMLSimpleApplication@357c72b6
reloadAllAccessors: .Commutator2

===========================================================================================
----------------- testing Sat Feb 15 07:03:12 UTC 2020 /home/travis/build/icyphy/ptII/ptolemy/actor/lib/test/auto/Commutator3.xml
----------------- Instantiating /home/travis/build/icyphy/ptII/ptolemy/actor/lib/test/auto/Commutator3.xml
2 ms. Memory: 542720K Free: 428030K (79%)
----------------- Invoking toplevel() on ptolemy.moml.MoMLSimpleApplication@d5d1045
----------------- Done invoking toplevel() on ptolemy.moml.MoMLSimpleApplication@d5d1045
reloadAllAccessors: .Commutator3

===========================================================================================
----------------- testing Sat Feb 15 07:03:12 UTC 2020 /home/travis/build/icyphy/ptII/ptolemy/actor/lib/test/auto/Compare.xml
----------------- Instantiating /home/travis/build/icyphy/ptII/ptolemy/actor/lib/test/auto/Compare.xml
2 ms. Memory: 542720K Free: 421886K (78%)
----------------- Invoking toplevel() on ptolemy.moml.MoMLSimpleApplication@637947f
----------------- Done invoking toplevel() on ptolemy.moml.MoMLSimpleApplication@637947f
reloadAllAccessors: .Compare

===========================================================================================
----------------- testing Sat Feb 15 07:03:12 UTC 2020 /home/travis/build/icyphy/ptII/ptolemy/actor/lib/test/auto/CompareDE.xml
----------------- Instantiating /home/travis/build/icyphy/ptII/ptolemy/actor/lib/test/auto/CompareDE.xml
4 ms. Memory: 542720K Free: 414703K (76%)
----------------- Invoking toplevel() on ptolemy.moml.MoMLSimpleApplication@72c453aa
----------------- Done invoking toplevel() on ptolemy.moml.MoMLSimpleApplication@72c453aa
reloadAllAccessors: .CompareDE

===========================================================================================
----------------- testing Sat Feb 15 07:03:12 UTC 2020 /home/travis/build/icyphy/ptII/ptolemy/actor/lib/test/auto/ComplexDivide.xml
----------------- Instantiating /home/travis/build/icyphy/ptII/ptolemy/actor/lib/test/auto/ComplexDivide.xml
1 ms. Memory: 542720K Free: 411136K (76%)
----------------- Invoking toplevel() on ptolemy.moml.MoMLSimpleApplication@23e92c1d
----------------- Done invoking toplevel() on ptolemy.moml.MoMLSimpleApplication@23e92c1d
reloadAllAccessors: .ComplexDivide

===========================================================================================
----------------- testing Sat Feb 15 07:03:12 UTC 2020 /home/travis/build/icyphy/ptII/ptolemy/actor/lib/test/auto/ComputeHistogram.xml
----------------- Instantiating /home/travis/build/icyphy/ptII/ptolemy/actor/lib/test/auto/ComputeHistogram.xml
35 ms. Memory: 542720K Free: 398334K (73%)
----------------- Invoking toplevel() on ptolemy.moml.MoMLSimpleApplication@69b9160a
----------------- Done invoking toplevel() on ptolemy.moml.MoMLSimpleApplication@69b9160a
reloadAllAccessors: .ComputeHistogram

===========================================================================================
----------------- testing Sat Feb 15 07:03:12 UTC 2020 /home/travis/build/icyphy/ptII/ptolemy/actor/lib/test/auto/ConfigurationSelect.xml
----------------- Instantiating /home/travis/build/icyphy/ptII/ptolemy/actor/lib/test/auto/ConfigurationSelect.xml
10 ms. Memory: 542720K Free: 392704K (72%)
----------------- Invoking toplevel() on ptolemy.moml.MoMLSimpleApplication@6af8eb9b
----------------- Done invoking toplevel() on ptolemy.moml.MoMLSimpleApplication@6af8eb9b
reloadAllAccessors: .ConfigurationSelect

===========================================================================================
----------------- testing Sat Feb 15 07:03:12 UTC 2020 /home/travis/build/icyphy/ptII/ptolemy/actor/lib/test/auto/ConfigurationSelect2.xml
----------------- Instantiating /home/travis/build/icyphy/ptII/ptolemy/actor/lib/test/auto/ConfigurationSelect2.xml
2 ms. Memory: 542720K Free: 388608K (72%)
----------------- Invoking toplevel() on ptolemy.moml.MoMLSimpleApplication@341c46f
----------------- Done invoking toplevel() on ptolemy.moml.MoMLSimpleApplication@341c46f
reloadAllAccessors: .ConfigurationSelect2

===========================================================================================
----------------- testing Sat Feb 15 07:03:12 UTC 2020 /home/travis/build/icyphy/ptII/ptolemy/actor/lib/test/auto/ConfigurationSwitch.xml
----------------- Instantiating /home/travis/build/icyphy/ptII/ptolemy/actor/lib/test/auto/ConfigurationSwitch.xml
4 ms. Memory: 542720K Free: 382974K (71%)
----------------- Invoking toplevel() on ptolemy.moml.MoMLSimpleApplication@31cf9fc4
----------------- Done invoking toplevel() on ptolemy.moml.MoMLSimpleApplication@31cf9fc4
reloadAllAccessors: .ConfigurationSwitch

===========================================================================================
----------------- testing Sat Feb 15 07:03:12 UTC 2020 /home/travis/build/icyphy/ptII/ptolemy/actor/lib/test/auto/ConfigurationSwitch2.xml
----------------- Instantiating /home/travis/build/icyphy/ptII/ptolemy/actor/lib/test/auto/ConfigurationSwitch2.xml
12 ms. Memory: 542720K Free: 377344K (70%)
----------------- Invoking toplevel() on ptolemy.moml.MoMLSimpleApplication@6faf82f5
----------------- Done invoking toplevel() on ptolemy.moml.MoMLSimpleApplication@6faf82f5
reloadAllAccessors: .ConfigurationSwitch2

===========================================================================================
----------------- testing Sat Feb 15 07:03:12 UTC 2020 /home/travis/build/icyphy/ptII/ptolemy/actor/lib/test/auto/ConfigurationSwitchCloningBugWithClassRelationGroup.xml
----------------- Instantiating /home/travis/build/icyphy/ptII/ptolemy/actor/lib/test/auto/ConfigurationSwitchCloningBugWithClassRelationGroup.xml
2 ms. Memory: 542720K Free: 370686K (68%)
----------------- Invoking toplevel() on ptolemy.moml.MoMLSimpleApplication@ce73532
----------------- Done invoking toplevel() on ptolemy.moml.MoMLSimpleApplication@ce73532
reloadAllAccessors: .ConfigurationSwitchCloningBugWithClassRelationGroup

===========================================================================================
----------------- testing Sat Feb 15 07:03:12 UTC 2020 /home/travis/build/icyphy/ptII/ptolemy/actor/lib/test/auto/ConfigurationSwitchSelectSDF.xml
----------------- Instantiating /home/travis/build/icyphy/ptII/ptolemy/actor/lib/test/auto/ConfigurationSwitchSelectSDF.xml
3 ms. Memory: 542720K Free: 365056K (67%)
----------------- Invoking toplevel() on ptolemy.moml.MoMLSimpleApplication@39a6025
----------------- Done invoking toplevel() on ptolemy.moml.MoMLSimpleApplication@39a6025
reloadAllAccessors: .ConfigurationSwitchSelectSDF

===========================================================================================
----------------- testing Sat Feb 15 07:03:12 UTC 2020 /home/travis/build/icyphy/ptII/ptolemy/actor/lib/test/auto/ConfigurationSwitchSelectSDF2.xml
----------------- Instantiating /home/travis/build/icyphy/ptII/ptolemy/actor/lib/test/auto/ConfigurationSwitchSelectSDF2.xml
3 ms. Memory: 542720K Free: 359422K (66%)
----------------- Invoking toplevel() on ptolemy.moml.MoMLSimpleApplication@165187b7
----------------- Done invoking toplevel() on ptolemy.moml.MoMLSimpleApplication@165187b7
reloadAllAccessors: .ConfigurationSwitchSelectSDF2

===========================================================================================
----------------- testing Sat Feb 15 07:03:12 UTC 2020 /home/travis/build/icyphy/ptII/ptolemy/actor/lib/test/auto/Const.xml
----------------- Instantiating /home/travis/build/icyphy/ptII/ptolemy/actor/lib/test/auto/Const.xml
1 ms. Memory: 542720K Free: 355840K (66%)
----------------- Invoking toplevel() on ptolemy.moml.MoMLSimpleApplication@c7c6e4f
----------------- Done invoking toplevel() on ptolemy.moml.MoMLSimpleApplication@c7c6e4f
reloadAllAccessors: .Const

===========================================================================================
----------------- testing Sat Feb 15 07:03:12 UTC 2020 /home/travis/build/icyphy/ptII/ptolemy/actor/lib/test/auto/Const2.xml
----------------- Instantiating /home/travis/build/icyphy/ptII/ptolemy/actor/lib/test/auto/Const2.xml
2 ms. Memory: 542720K Free: 351744K (65%)
----------------- Invoking toplevel() on ptolemy.moml.MoMLSimpleApplication@71c25a4a
----------------- Done invoking toplevel() on ptolemy.moml.MoMLSimpleApplication@71c25a4a
reloadAllAccessors: .Const2

===========================================================================================
----------------- testing Sat Feb 15 07:03:12 UTC 2020 /home/travis/build/icyphy/ptII/ptolemy/actor/lib/test/auto/Const3.xml
----------------- Instantiating /home/travis/build/icyphy/ptII/ptolemy/actor/lib/test/auto/Const3.xml
2 ms. Memory: 542720K Free: 349182K (64%)
----------------- Invoking toplevel() on ptolemy.moml.MoMLSimpleApplication@32e45238
----------------- Done invoking toplevel() on ptolemy.moml.MoMLSimpleApplication@32e45238
reloadAllAccessors: .Const3

===========================================================================================
----------------- testing Sat Feb 15 07:03:12 UTC 2020 /home/travis/build/icyphy/ptII/ptolemy/actor/lib/test/auto/ConstantPublisherPort1.xml
----------------- Instantiating /home/travis/build/icyphy/ptII/ptolemy/actor/lib/test/auto/ConstantPublisherPort1.xml
8 ms. Memory: 542720K Free: 340480K (63%)
----------------- Invoking toplevel() on ptolemy.moml.MoMLSimpleApplication@78ada5b0
----------------- Done invoking toplevel() on ptolemy.moml.MoMLSimpleApplication@78ada5b0
reloadAllAccessors: .ConstantPublisherPort1

===========================================================================================
----------------- testing Sat Feb 15 07:03:12 UTC 2020 /home/travis/build/icyphy/ptII/ptolemy/actor/lib/test/auto/ConstantPublisherPort2.xml
----------------- Instantiating /home/travis/build/icyphy/ptII/ptolemy/actor/lib/test/auto/ConstantPublisherPort2.xml
5 ms. Memory: 542720K Free: 332288K (61%)
----------------- Invoking toplevel() on ptolemy.moml.MoMLSimpleApplication@3a3a4820
----------------- Done invoking toplevel() on ptolemy.moml.MoMLSimpleApplication@3a3a4820
reloadAllAccessors: .ConstantPublisherPort2

===========================================================================================
----------------- testing Sat Feb 15 07:03:12 UTC 2020 /home/travis/build/icyphy/ptII/ptolemy/actor/lib/test/auto/ConstantPublisherPort3.xml
----------------- Instantiating /home/travis/build/icyphy/ptII/ptolemy/actor/lib/test/auto/ConstantPublisherPort3.xml
5 ms. Memory: 542720K Free: 325120K (60%)
----------------- Invoking toplevel() on ptolemy.moml.MoMLSimpleApplication@4a700eb0
----------------- Done invoking toplevel() on ptolemy.moml.MoMLSimpleApplication@4a700eb0
reloadAllAccessors: .ConstantPublisherPort3

===========================================================================================
----------------- testing Sat Feb 15 07:03:12 UTC 2020 /home/travis/build/icyphy/ptII/ptolemy/actor/lib/test/auto/ConstantPublisherPort4.xml
----------------- Instantiating /home/travis/build/icyphy/ptII/ptolemy/actor/lib/test/auto/ConstantPublisherPort4.xml
3 ms. Memory: 542720K Free: 317952K (59%)
----------------- Invoking toplevel() on ptolemy.moml.MoMLSimpleApplication@55c72729
----------------- Done invoking toplevel() on ptolemy.moml.MoMLSimpleApplication@55c72729
reloadAllAccessors: .ConstantPublisherPort4

===========================================================================================
----------------- testing Sat Feb 15 07:03:12 UTC 2020 /home/travis/build/icyphy/ptII/ptolemy/actor/lib/test/auto/ConstantPublisherPort5.xml
----------------- Instantiating /home/travis/build/icyphy/ptII/ptolemy/actor/lib/test/auto/ConstantPublisherPort5.xml
24 ms. Memory: 542720K Free: 308222K (57%)
----------------- Invoking toplevel() on ptolemy.moml.MoMLSimpleApplication@1c461126
----------------- Done invoking toplevel() on ptolemy.moml.MoMLSimpleApplication@1c461126
reloadAllAccessors: .ConstantPublisherPort5

===========================================================================================
----------------- testing Sat Feb 15 07:03:12 UTC 2020 /home/travis/build/icyphy/ptII/ptolemy/actor/lib/test/auto/ConstantPublisherPort6.xml
----------------- Instantiating /home/travis/build/icyphy/ptII/ptolemy/actor/lib/test/auto/ConstantPublisherPort6.xml
14 ms. Memory: 542720K Free: 299520K (55%)
----------------- Invoking toplevel() on ptolemy.moml.MoMLSimpleApplication@62258e42
----------------- Done invoking toplevel() on ptolemy.moml.MoMLSimpleApplication@62258e42
reloadAllAccessors: .ConstantPublisherPort6

===========================================================================================
----------------- testing Sat Feb 15 07:03:12 UTC 2020 /home/travis/build/icyphy/ptII/ptolemy/actor/lib/test/auto/ConstantPublisherPort7.xml
----------------- Instantiating /home/travis/build/icyphy/ptII/ptolemy/actor/lib/test/auto/ConstantPublisherPort7.xml
22 ms. Memory: 542720K Free: 289790K (53%)
----------------- Invoking toplevel() on ptolemy.moml.MoMLSimpleApplication@2f1ab43
----------------- Done invoking toplevel() on ptolemy.moml.MoMLSimpleApplication@2f1ab43
reloadAllAccessors: .ConstantPublisherPort7

===========================================================================================
----------------- testing Sat Feb 15 07:03:13 UTC 2020 /home/travis/build/icyphy/ptII/ptolemy/actor/lib/test/auto/ConstraintMonitor1.xml
----------------- Instantiating /home/travis/build/icyphy/ptII/ptolemy/actor/lib/test/auto/ConstraintMonitor1.xml
4 ms. Memory: 542720K Free: 284160K (52%)
----------------- Invoking toplevel() on ptolemy.moml.MoMLSimpleApplication@78a6ecb
----------------- Done invoking toplevel() on ptolemy.moml.MoMLSimpleApplication@78a6ecb
reloadAllAccessors: .ConstraintMonitor1

===========================================================================================
----------------- testing Sat Feb 15 07:03:13 UTC 2020 /home/travis/build/icyphy/ptII/ptolemy/actor/lib/test/auto/ConstraintMonitor2.xml
----------------- Instantiating /home/travis/build/icyphy/ptII/ptolemy/actor/lib/test/auto/ConstraintMonitor2.xml
2 ms. Memory: 542720K Free: 280064K (52%)
----------------- Invoking toplevel() on ptolemy.moml.MoMLSimpleApplication@55cd35e3
----------------- Done invoking toplevel() on ptolemy.moml.MoMLSimpleApplication@55cd35e3
reloadAllAccessors: .ConstraintMonitor2

===========================================================================================
----------------- testing Sat Feb 15 07:03:13 UTC 2020 /home/travis/build/icyphy/ptII/ptolemy/actor/lib/test/auto/ConstraintMonitor3.xml
----------------- Instantiating /home/travis/build/icyphy/ptII/ptolemy/actor/lib/test/auto/ConstraintMonitor3.xml
8 ms. Memory: 542720K Free: 275454K (51%)
----------------- Invoking toplevel() on ptolemy.moml.MoMLSimpleApplication@52f3cbe9
----------------- Done invoking toplevel() on ptolemy.moml.MoMLSimpleApplication@52f3cbe9
reloadAllAccessors: .ConstraintMonitor3

===========================================================================================
----------------- testing Sat Feb 15 07:03:13 UTC 2020 /home/travis/build/icyphy/ptII/ptolemy/actor/lib/test/auto/ConstraintMonitor4.xml
----------------- Instantiating /home/travis/build/icyphy/ptII/ptolemy/actor/lib/test/auto/ConstraintMonitor4.xml
4 ms. Memory: 542720K Free: 270334K (50%)
----------------- Invoking toplevel() on ptolemy.moml.MoMLSimpleApplication@43839c5a
----------------- Done invoking toplevel() on ptolemy.moml.MoMLSimpleApplication@43839c5a
reloadAllAccessors: .ConstraintMonitor4

===========================================================================================
----------------- testing Sat Feb 15 07:03:13 UTC 2020 /home/travis/build/icyphy/ptII/ptolemy/actor/lib/test/auto/ConstraintMonitor5.xml
----------------- Instantiating /home/travis/build/icyphy/ptII/ptolemy/actor/lib/test/auto/ConstraintMonitor5.xml
4 ms. Memory: 542720K Free: 265214K (49%)
----------------- Invoking toplevel() on ptolemy.moml.MoMLSimpleApplication@5c2f2a00
----------------- Done invoking toplevel() on ptolemy.moml.MoMLSimpleApplication@5c2f2a00
reloadAllAccessors: .ConstraintMonitor5

===========================================================================================
----------------- testing Sat Feb 15 07:03:13 UTC 2020 /home/travis/build/icyphy/ptII/ptolemy/actor/lib/test/auto/ConstraintMonitor6.xml
----------------- Instantiating /home/travis/build/icyphy/ptII/ptolemy/actor/lib/test/auto/ConstraintMonitor6.xml
4 ms. Memory: 542720K Free: 259055K (48%)
----------------- Invoking toplevel() on ptolemy.moml.MoMLSimpleApplication@41a9520c
----------------- Done invoking toplevel() on ptolemy.moml.MoMLSimpleApplication@41a9520c
reloadAllAccessors: .ConstraintMonitor6

===========================================================================================
----------------- testing Sat Feb 15 07:03:13 UTC 2020 /home/travis/build/icyphy/ptII/ptolemy/actor/lib/test/auto/ConstraintMonitor7.xml
----------------- Instantiating /home/travis/build/icyphy/ptII/ptolemy/actor/lib/test/auto/ConstraintMonitor7.xml
6 ms. Memory: 542720K Free: 252416K (47%)
----------------- Invoking toplevel() on ptolemy.moml.MoMLSimpleApplication@af22bd6
----------------- Done invoking toplevel() on ptolemy.moml.MoMLSimpleApplication@af22bd6
reloadAllAccessors: .ConstraintMonitor7

===========================================================================================
----------------- testing Sat Feb 15 07:03:13 UTC 2020 /home/travis/build/icyphy/ptII/ptolemy/actor/lib/test/auto/ConstraintMonitor8.xml
----------------- Instantiating /home/travis/build/icyphy/ptII/ptolemy/actor/lib/test/auto/ConstraintMonitor8.xml
15 ms. Memory: 542720K Free: 245248K (45%)
----------------- Invoking toplevel() on ptolemy.moml.MoMLSimpleApplication@7d5c738b
----------------- Done invoking toplevel() on ptolemy.moml.MoMLSimpleApplication@7d5c738b
reloadAllAccessors: .ConstraintMonitor8

===========================================================================================
----------------- testing Sat Feb 15 07:03:13 UTC 2020 /home/travis/build/icyphy/ptII/ptolemy/actor/lib/test/auto/Counter.xml
----------------- Instantiating /home/travis/build/icyphy/ptII/ptolemy/actor/lib/test/auto/Counter.xml
3 ms. Memory: 542720K Free: 239614K (44%)
----------------- Invoking toplevel() on ptolemy.moml.MoMLSimpleApplication@3889204a
----------------- Done invoking toplevel() on ptolemy.moml.MoMLSimpleApplication@3889204a
reloadAllAccessors: .Counter

===========================================================================================
----------------- testing Sat Feb 15 07:03:13 UTC 2020 /home/travis/build/icyphy/ptII/ptolemy/actor/lib/test/auto/CurrentTimeSDF.xml
----------------- Instantiating /home/travis/build/icyphy/ptII/ptolemy/actor/lib/test/auto/CurrentTimeSDF.xml
2 ms. Memory: 542720K Free: 235518K (43%)
----------------- Invoking toplevel() on ptolemy.moml.MoMLSimpleApplication@2bc352a3
----------------- Done invoking toplevel() on ptolemy.moml.MoMLSimpleApplication@2bc352a3
reloadAllAccessors: .CurrentTimeSDF

===========================================================================================
----------------- testing Sat Feb 15 07:03:13 UTC 2020 /home/travis/build/icyphy/ptII/ptolemy/actor/lib/test/auto/DB.xml
----------------- Instantiating /home/travis/build/icyphy/ptII/ptolemy/actor/lib/test/auto/DB.xml
3 ms. Memory: 542720K Free: 230912K (43%)
----------------- Invoking toplevel() on ptolemy.moml.MoMLSimpleApplication@fb360
----------------- Done invoking toplevel() on ptolemy.moml.MoMLSimpleApplication@fb360
reloadAllAccessors: .DB

===========================================================================================
----------------- testing Sat Feb 15 07:03:13 UTC 2020 /home/travis/build/icyphy/ptII/ptolemy/actor/lib/test/auto/DBDE.xml
----------------- Instantiating /home/travis/build/icyphy/ptII/ptolemy/actor/lib/test/auto/DBDE.xml
3 ms. Memory: 542720K Free: 224768K (41%)
----------------- Invoking toplevel() on ptolemy.moml.MoMLSimpleApplication@4fcb76c2
----------------- Done invoking toplevel() on ptolemy.moml.MoMLSimpleApplication@4fcb76c2
reloadAllAccessors: .DBDE

===========================================================================================
----------------- testing Sat Feb 15 07:03:13 UTC 2020 /home/travis/build/icyphy/ptII/ptolemy/actor/lib/test/auto/DateConstructor.xml
----------------- Instantiating /home/travis/build/icyphy/ptII/ptolemy/actor/lib/test/auto/DateConstructor.xml
21 ms. Memory: 542720K Free: 207360K (38%)
----------------- Invoking toplevel() on ptolemy.moml.MoMLSimpleApplication@54ed324b
----------------- Done invoking toplevel() on ptolemy.moml.MoMLSimpleApplication@54ed324b
reloadAllAccessors: .DateConstructor

===========================================================================================
----------------- testing Sat Feb 15 07:03:13 UTC 2020 /home/travis/build/icyphy/ptII/ptolemy/actor/lib/test/auto/DelayTime.xml
----------------- Instantiating /home/travis/build/icyphy/ptII/ptolemy/actor/lib/test/auto/DelayTime.xml
5 ms. Memory: 542720K Free: 202240K (37%)
----------------- Invoking toplevel() on ptolemy.moml.MoMLSimpleApplication@21bc2314
----------------- Done invoking toplevel() on ptolemy.moml.MoMLSimpleApplication@21bc2314
reloadAllAccessors: .DelayTime

===========================================================================================
----------------- testing Sat Feb 15 07:03:13 UTC 2020 /home/travis/build/icyphy/ptII/ptolemy/actor/lib/test/auto/Dictionary1.xml
----------------- Instantiating /home/travis/build/icyphy/ptII/ptolemy/actor/lib/test/auto/Dictionary1.xml
1 ms. Memory: 542720K Free: 197120K (36%)
----------------- Invoking toplevel() on ptolemy.moml.MoMLSimpleApplication@55fe0e6
----------------- Done invoking toplevel() on ptolemy.moml.MoMLSimpleApplication@55fe0e6
reloadAllAccessors: .Dictionary1

===========================================================================================
----------------- testing Sat Feb 15 07:03:13 UTC 2020 /home/travis/build/icyphy/ptII/ptolemy/actor/lib/test/auto/Dictionary2.xml
----------------- Instantiating /home/travis/build/icyphy/ptII/ptolemy/actor/lib/test/auto/Dictionary2.xml
3 ms. Memory: 542720K Free: 191486K (35%)
----------------- Invoking toplevel() on ptolemy.moml.MoMLSimpleApplication@45567028
----------------- Done invoking toplevel() on ptolemy.moml.MoMLSimpleApplication@45567028
reloadAllAccessors: .Dictionary2

===========================================================================================
----------------- testing Sat Feb 15 07:03:13 UTC 2020 /home/travis/build/icyphy/ptII/ptolemy/actor/lib/test/auto/Dictionary3.xml
----------------- Instantiating /home/travis/build/icyphy/ptII/ptolemy/actor/lib/test/auto/Dictionary3.xml
2 ms. Memory: 542720K Free: 185856K (34%)
----------------- Invoking toplevel() on ptolemy.moml.MoMLSimpleApplication@67945bc4
----------------- Done invoking toplevel() on ptolemy.moml.MoMLSimpleApplication@67945bc4
reloadAllAccessors: .Dictionary3

===========================================================================================
----------------- testing Sat Feb 15 07:03:13 UTC 2020 /home/travis/build/icyphy/ptII/ptolemy/actor/lib/test/auto/Dictionary4.xml
----------------- Instantiating /home/travis/build/icyphy/ptII/ptolemy/actor/lib/test/auto/Dictionary4.xml
3 ms. Memory: 542720K Free: 179198K (33%)
----------------- Invoking toplevel() on ptolemy.moml.MoMLSimpleApplication@2398a78d
----------------- Done invoking toplevel() on ptolemy.moml.MoMLSimpleApplication@2398a78d
reloadAllAccessors: .Dictionary4

===========================================================================================
----------------- testing Sat Feb 15 07:03:13 UTC 2020 /home/travis/build/icyphy/ptII/ptolemy/actor/lib/test/auto/Differential.xml
----------------- Instantiating /home/travis/build/icyphy/ptII/ptolemy/actor/lib/test/auto/Differential.xml
2 ms. Memory: 542720K Free: 174592K (32%)
----------------- Invoking toplevel() on ptolemy.moml.MoMLSimpleApplication@7c5f0209
----------------- Done invoking toplevel() on ptolemy.moml.MoMLSimpleApplication@7c5f0209
reloadAllAccessors: .Differential

===========================================================================================
----------------- testing Sat Feb 15 07:03:13 UTC 2020 /home/travis/build/icyphy/ptII/ptolemy/actor/lib/test/auto/Director.xml
----------------- Instantiating /home/travis/build/icyphy/ptII/ptolemy/actor/lib/test/auto/Director.xml
25 ms. Memory: 542720K Free: 489471K (90%)
----------------- Invoking toplevel() on ptolemy.moml.MoMLSimpleApplication@53e8c422
----------------- Done invoking toplevel() on ptolemy.moml.MoMLSimpleApplication@53e8c422
reloadAllAccessors: .Director

===========================================================================================
----------------- testing Sat Feb 15 07:03:13 UTC 2020 /home/travis/build/icyphy/ptII/ptolemy/actor/lib/test/auto/DiscreteClock.xml
----------------- Instantiating /home/travis/build/icyphy/ptII/ptolemy/actor/lib/test/auto/DiscreteClock.xml
2 ms. Memory: 542720K Free: 484864K (89%)
----------------- Invoking toplevel() on ptolemy.moml.MoMLSimpleApplication@14aca44f
----------------- Done invoking toplevel() on ptolemy.moml.MoMLSimpleApplication@14aca44f
reloadAllAccessors: .DiscreteClock

===========================================================================================
----------------- testing Sat Feb 15 07:03:13 UTC 2020 /home/travis/build/icyphy/ptII/ptolemy/actor/lib/test/auto/DiscreteClock10.xml
----------------- Instantiating /home/travis/build/icyphy/ptII/ptolemy/actor/lib/test/auto/DiscreteClock10.xml
6 ms. Memory: 542720K Free: 479230K (88%)
----------------- Invoking toplevel() on ptolemy.moml.MoMLSimpleApplication@141562ff
----------------- Done invoking toplevel() on ptolemy.moml.MoMLSimpleApplication@141562ff
reloadAllAccessors: .DiscreteClock10

===========================================================================================
----------------- testing Sat Feb 15 07:03:13 UTC 2020 /home/travis/build/icyphy/ptII/ptolemy/actor/lib/test/auto/DiscreteClock11.xml
----------------- Instantiating /home/travis/build/icyphy/ptII/ptolemy/actor/lib/test/auto/DiscreteClock11.xml
2 ms. Memory: 542720K Free: 473086K (87%)
----------------- Invoking toplevel() on ptolemy.moml.MoMLSimpleApplication@7626bc1d
----------------- Done invoking toplevel() on ptolemy.moml.MoMLSimpleApplication@7626bc1d
reloadAllAccessors: .DiscreteClock11

===========================================================================================
----------------- testing Sat Feb 15 07:03:13 UTC 2020 /home/travis/build/icyphy/ptII/ptolemy/actor/lib/test/auto/DiscreteClock12.xml
----------------- Instantiating /home/travis/build/icyphy/ptII/ptolemy/actor/lib/test/auto/DiscreteClock12.xml
3 ms. Memory: 542720K Free: 466942K (86%)
----------------- Invoking toplevel() on ptolemy.moml.MoMLSimpleApplication@408ff7ae
----------------- Done invoking toplevel() on ptolemy.moml.MoMLSimpleApplication@408ff7ae
reloadAllAccessors: .DiscreteClock12

===========================================================================================
----------------- testing Sat Feb 15 07:03:13 UTC 2020 /home/travis/build/icyphy/ptII/ptolemy/actor/lib/test/auto/DiscreteClock13.xml
----------------- Instantiating /home/travis/build/icyphy/ptII/ptolemy/actor/lib/test/auto/DiscreteClock13.xml
2 ms. Memory: 542720K Free: 460791K (85%)
----------------- Invoking toplevel() on ptolemy.moml.MoMLSimpleApplication@2ed717f6
----------------- Done invoking toplevel() on ptolemy.moml.MoMLSimpleApplication@2ed717f6
reloadAllAccessors: .DiscreteClock13

===========================================================================================
----------------- testing Sat Feb 15 07:03:13 UTC 2020 /home/travis/build/icyphy/ptII/ptolemy/actor/lib/test/auto/DiscreteClock14.xml
----------------- Instantiating /home/travis/build/icyphy/ptII/ptolemy/actor/lib/test/auto/DiscreteClock14.xml
3 ms. Memory: 542720K Free: 455168K (84%)
----------------- Invoking toplevel() on ptolemy.moml.MoMLSimpleApplication@7ef4ad3b
----------------- Done invoking toplevel() on ptolemy.moml.MoMLSimpleApplication@7ef4ad3b
reloadAllAccessors: .DiscreteClock14

===========================================================================================
----------------- testing Sat Feb 15 07:03:13 UTC 2020 /home/travis/build/icyphy/ptII/ptolemy/actor/lib/test/auto/DiscreteClock15.xml
----------------- Instantiating /home/travis/build/icyphy/ptII/ptolemy/actor/lib/test/auto/DiscreteClock15.xml
4 ms. Memory: 542720K Free: 449024K (83%)
----------------- Invoking toplevel() on ptolemy.moml.MoMLSimpleApplication@57fe0b4f
----------------- Done invoking toplevel() on ptolemy.moml.MoMLSimpleApplication@57fe0b4f
reloadAllAccessors: .DiscreteClock15

===========================================================================================
----------------- testing Sat Feb 15 07:03:13 UTC 2020 /home/travis/build/icyphy/ptII/ptolemy/actor/lib/test/auto/DiscreteClock16.xml
----------------- Instantiating /home/travis/build/icyphy/ptII/ptolemy/actor/lib/test/auto/DiscreteClock16.xml
19 ms. Memory: 542720K Free: 435183K (80%)
----------------- Invoking toplevel() on ptolemy.moml.MoMLSimpleApplication@ce1b7ef
----------------- Done invoking toplevel() on ptolemy.moml.MoMLSimpleApplication@ce1b7ef
reloadAllAccessors: .DiscreteClock16

===========================================================================================
----------------- testing Sat Feb 15 07:03:13 UTC 2020 /home/travis/build/icyphy/ptII/ptolemy/actor/lib/test/auto/DiscreteClock17.xml
----------------- Instantiating /home/travis/build/icyphy/ptII/ptolemy/actor/lib/test/auto/DiscreteClock17.xml
18 ms. Memory: 542720K Free: 420847K (78%)
----------------- Invoking toplevel() on ptolemy.moml.MoMLSimpleApplication@394656c5
----------------- Done invoking toplevel() on ptolemy.moml.MoMLSimpleApplication@394656c5
reloadAllAccessors: .DiscreteClock17

===========================================================================================
----------------- testing Sat Feb 15 07:03:13 UTC 2020 /home/travis/build/icyphy/ptII/ptolemy/actor/lib/test/auto/DiscreteClock18.xml
----------------- Instantiating /home/travis/build/icyphy/ptII/ptolemy/actor/lib/test/auto/DiscreteClock18.xml
13 ms. Memory: 542720K Free: 408064K (75%)
----------------- Invoking toplevel() on ptolemy.moml.MoMLSimpleApplication@2687fede
----------------- Done invoking toplevel() on ptolemy.moml.MoMLSimpleApplication@2687fede
reloadAllAccessors: .DiscreteClock18

===========================================================================================
----------------- testing Sat Feb 15 07:03:13 UTC 2020 /home/travis/build/icyphy/ptII/ptolemy/actor/lib/test/auto/DiscreteClock19.xml
----------------- Instantiating /home/travis/build/icyphy/ptII/ptolemy/actor/lib/test/auto/DiscreteClock19.xml
19 ms. Memory: 542720K Free: 394223K (73%)
----------------- Invoking toplevel() on ptolemy.moml.MoMLSimpleApplication@5c73bbd7
----------------- Done invoking toplevel() on ptolemy.moml.MoMLSimpleApplication@5c73bbd7
reloadAllAccessors: .DiscreteClock19

===========================================================================================
----------------- testing Sat Feb 15 07:03:13 UTC 2020 /home/travis/build/icyphy/ptII/ptolemy/actor/lib/test/auto/DiscreteClock2.xml
----------------- Instantiating /home/travis/build/icyphy/ptII/ptolemy/actor/lib/test/auto/DiscreteClock2.xml
2 ms. Memory: 542720K Free: 389087K (72%)
----------------- Invoking toplevel() on ptolemy.moml.MoMLSimpleApplication@21249b76
----------------- Done invoking toplevel() on ptolemy.moml.MoMLSimpleApplication@21249b76
reloadAllAccessors: .DiscreteClock2

===========================================================================================
----------------- testing Sat Feb 15 07:03:13 UTC 2020 /home/travis/build/icyphy/ptII/ptolemy/actor/lib/test/auto/DiscreteClock20.xml
----------------- Instantiating /home/travis/build/icyphy/ptII/ptolemy/actor/lib/test/auto/DiscreteClock20.xml
3 ms. Memory: 542720K Free: 383488K (71%)
----------------- Invoking toplevel() on ptolemy.moml.MoMLSimpleApplication@4253e629
----------------- Done invoking toplevel() on ptolemy.moml.MoMLSimpleApplication@4253e629
reloadAllAccessors: .DiscreteClock20

===========================================================================================
----------------- testing Sat Feb 15 07:03:13 UTC 2020 /home/travis/build/icyphy/ptII/ptolemy/actor/lib/test/auto/DiscreteClock21.xml
----------------- Instantiating /home/travis/build/icyphy/ptII/ptolemy/actor/lib/test/auto/DiscreteClock21.xml
3 ms. Memory: 542720K Free: 377854K (70%)
----------------- Invoking toplevel() on ptolemy.moml.MoMLSimpleApplication@2545a046
----------------- Done invoking toplevel() on ptolemy.moml.MoMLSimpleApplication@2545a046
reloadAllAccessors: .DiscreteClock21

===========================================================================================
----------------- testing Sat Feb 15 07:03:13 UTC 2020 /home/travis/build/icyphy/ptII/ptolemy/actor/lib/test/auto/DiscreteClock22.xml
----------------- Instantiating /home/travis/build/icyphy/ptII/ptolemy/actor/lib/test/auto/DiscreteClock22.xml
5 ms. Memory: 542720K Free: 372734K (69%)
----------------- Invoking toplevel() on ptolemy.moml.MoMLSimpleApplication@2374300c
----------------- Done invoking toplevel() on ptolemy.moml.MoMLSimpleApplication@2374300c
reloadAllAccessors: .DiscreteClock22

===========================================================================================
----------------- testing Sat Feb 15 07:03:14 UTC 2020 /home/travis/build/icyphy/ptII/ptolemy/actor/lib/test/auto/DiscreteClock23.xml
----------------- Instantiating /home/travis/build/icyphy/ptII/ptolemy/actor/lib/test/auto/DiscreteClock23.xml
5 ms. Memory: 542720K Free: 367104K (68%)
----------------- Invoking toplevel() on ptolemy.moml.MoMLSimpleApplication@7af93435
----------------- Done invoking toplevel() on ptolemy.moml.MoMLSimpleApplication@7af93435
reloadAllAccessors: .DiscreteClock23

===========================================================================================
----------------- testing Sat Feb 15 07:03:14 UTC 2020 /home/travis/build/icyphy/ptII/ptolemy/actor/lib/test/auto/DiscreteClock24.xml
----------------- Instantiating /home/travis/build/icyphy/ptII/ptolemy/actor/lib/test/auto/DiscreteClock24.xml
4 ms. Memory: 542720K Free: 361470K (67%)
----------------- Invoking toplevel() on ptolemy.moml.MoMLSimpleApplication@72982177
----------------- Done invoking toplevel() on ptolemy.moml.MoMLSimpleApplication@72982177
reloadAllAccessors: .DiscreteClock24

===========================================================================================
----------------- testing Sat Feb 15 07:03:14 UTC 2020 /home/travis/build/icyphy/ptII/ptolemy/actor/lib/test/auto/DiscreteClock4.xml
----------------- Instantiating /home/travis/build/icyphy/ptII/ptolemy/actor/lib/test/auto/DiscreteClock4.xml
4 ms. Memory: 542720K Free: 355840K (66%)
----------------- Invoking toplevel() on ptolemy.moml.MoMLSimpleApplication@124f6fcb
----------------- Done invoking toplevel() on ptolemy.moml.MoMLSimpleApplication@124f6fcb
reloadAllAccessors: .DiscreteClock4

===========================================================================================
----------------- testing Sat Feb 15 07:03:14 UTC 2020 /home/travis/build/icyphy/ptII/ptolemy/actor/lib/test/auto/DiscreteClock5.xml
----------------- Instantiating /home/travis/build/icyphy/ptII/ptolemy/actor/lib/test/auto/DiscreteClock5.xml
1 ms. Memory: 542720K Free: 350720K (65%)
----------------- Invoking toplevel() on ptolemy.moml.MoMLSimpleApplication@3221842e
----------------- Done invoking toplevel() on ptolemy.moml.MoMLSimpleApplication@3221842e
reloadAllAccessors: .DiscreteClock5

===========================================================================================
----------------- testing Sat Feb 15 07:03:14 UTC 2020 /home/travis/build/icyphy/ptII/ptolemy/actor/lib/test/auto/DiscreteClock6.xml
----------------- Instantiating /home/travis/build/icyphy/ptII/ptolemy/actor/lib/test/auto/DiscreteClock6.xml
1 ms. Memory: 542720K Free: 346110K (64%)
----------------- Invoking toplevel() on ptolemy.moml.MoMLSimpleApplication@7d0cb9c0
----------------- Done invoking toplevel() on ptolemy.moml.MoMLSimpleApplication@7d0cb9c0
reloadAllAccessors: .DiscreteClock6

===========================================================================================
----------------- testing Sat Feb 15 07:03:14 UTC 2020 /home/travis/build/icyphy/ptII/ptolemy/actor/lib/test/auto/DiscreteClock7.xml
----------------- Instantiating /home/travis/build/icyphy/ptII/ptolemy/actor/lib/test/auto/DiscreteClock7.xml
1 ms. Memory: 542720K Free: 340990K (63%)
----------------- Invoking toplevel() on ptolemy.moml.MoMLSimpleApplication@1f69a22a
----------------- Done invoking toplevel() on ptolemy.moml.MoMLSimpleApplication@1f69a22a
reloadAllAccessors: .DiscreteClock7

===========================================================================================
----------------- testing Sat Feb 15 07:03:14 UTC 2020 /home/travis/build/icyphy/ptII/ptolemy/actor/lib/test/auto/DiscreteClock8.xml
----------------- Instantiating /home/travis/build/icyphy/ptII/ptolemy/actor/lib/test/auto/DiscreteClock8.xml
2 ms. Memory: 542720K Free: 335360K (62%)
----------------- Invoking toplevel() on ptolemy.moml.MoMLSimpleApplication@f3f488f
----------------- Done invoking toplevel() on ptolemy.moml.MoMLSimpleApplication@f3f488f
reloadAllAccessors: .DiscreteClock8

===========================================================================================
----------------- testing Sat Feb 15 07:03:14 UTC 2020 /home/travis/build/icyphy/ptII/ptolemy/actor/lib/test/auto/DiscreteClock9.xml
----------------- Instantiating /home/travis/build/icyphy/ptII/ptolemy/actor/lib/test/auto/DiscreteClock9.xml
2 ms. Memory: 542720K Free: 329719K (61%)
----------------- Invoking toplevel() on ptolemy.moml.MoMLSimpleApplication@599ec2bb
----------------- Done invoking toplevel() on ptolemy.moml.MoMLSimpleApplication@599ec2bb
reloadAllAccessors: .DiscreteClock9

===========================================================================================
----------------- testing Sat Feb 15 07:03:14 UTC 2020 /home/travis/build/icyphy/ptII/ptolemy/actor/lib/test/auto/DisplayArray.xml
----------------- Instantiating /home/travis/build/icyphy/ptII/ptolemy/actor/lib/test/auto/DisplayArray.xml
1 ms. Memory: 542720K Free: 326144K (60%)
----------------- Invoking toplevel() on ptolemy.moml.MoMLSimpleApplication@4b196c91
----------------- Done invoking toplevel() on ptolemy.moml.MoMLSimpleApplication@4b196c91
reloadAllAccessors: .DisplayArray

===========================================================================================
----------------- testing Sat Feb 15 07:03:14 UTC 2020 /home/travis/build/icyphy/ptII/ptolemy/actor/lib/test/auto/Distributor.xml
----------------- Instantiating /home/travis/build/icyphy/ptII/ptolemy/actor/lib/test/auto/Distributor.xml
1 ms. Memory: 542720K Free: 321024K (59%)
----------------- Invoking toplevel() on ptolemy.moml.MoMLSimpleApplication@7081e30b
----------------- Done invoking toplevel() on ptolemy.moml.MoMLSimpleApplication@7081e30b
reloadAllAccessors: .Distributor

===========================================================================================
----------------- testing Sat Feb 15 07:03:14 UTC 2020 /home/travis/build/icyphy/ptII/ptolemy/actor/lib/test/auto/Distributor2.xml
----------------- Instantiating /home/travis/build/icyphy/ptII/ptolemy/actor/lib/test/auto/Distributor2.xml
2 ms. Memory: 542720K Free: 316414K (58%)
----------------- Invoking toplevel() on ptolemy.moml.MoMLSimpleApplication@7b95bd7e
----------------- Done invoking toplevel() on ptolemy.moml.MoMLSimpleApplication@7b95bd7e
reloadAllAccessors: .Distributor2

===========================================================================================
----------------- testing Sat Feb 15 07:03:14 UTC 2020 /home/travis/build/icyphy/ptII/ptolemy/actor/lib/test/auto/DownSample.xml
----------------- Instantiating /home/travis/build/icyphy/ptII/ptolemy/actor/lib/test/auto/DownSample.xml
2 ms. Memory: 542720K Free: 311808K (57%)
----------------- Invoking toplevel() on ptolemy.moml.MoMLSimpleApplication@8450334
----------------- Done invoking toplevel() on ptolemy.moml.MoMLSimpleApplication@8450334
reloadAllAccessors: .DownSample

===========================================================================================
----------------- testing Sat Feb 15 07:03:14 UTC 2020 /home/travis/build/icyphy/ptII/ptolemy/actor/lib/test/auto/ElectronicUnitBase1.xml
----------------- Instantiating /home/travis/build/icyphy/ptII/ptolemy/actor/lib/test/auto/ElectronicUnitBase1.xml
21 ms. Memory: 542720K Free: 295424K (54%)
----------------- Invoking toplevel() on ptolemy.moml.MoMLSimpleApplication@1770450d
----------------- Done invoking toplevel() on ptolemy.moml.MoMLSimpleApplication@1770450d
reloadAllAccessors: .ElectronicUnitBase1

===========================================================================================
----------------- testing Sat Feb 15 07:03:14 UTC 2020 /home/travis/build/icyphy/ptII/ptolemy/actor/lib/test/auto/ElementsToArray.xml
----------------- Instantiating /home/travis/build/icyphy/ptII/ptolemy/actor/lib/test/auto/ElementsToArray.xml
3 ms. Memory: 542720K Free: 290304K (53%)
----------------- Invoking toplevel() on ptolemy.moml.MoMLSimpleApplication@471bce2a
----------------- Done invoking toplevel() on ptolemy.moml.MoMLSimpleApplication@471bce2a
reloadAllAccessors: .ElementsToArray

===========================================================================================
----------------- testing Sat Feb 15 07:03:14 UTC 2020 /home/travis/build/icyphy/ptII/ptolemy/actor/lib/test/auto/Equals.xml
----------------- Instantiating /home/travis/build/icyphy/ptII/ptolemy/actor/lib/test/auto/Equals.xml
3 ms. Memory: 542720K Free: 285694K (53%)
----------------- Invoking toplevel() on ptolemy.moml.MoMLSimpleApplication@6927d721
----------------- Done invoking toplevel() on ptolemy.moml.MoMLSimpleApplication@6927d721
reloadAllAccessors: .Equals

===========================================================================================
----------------- testing Sat Feb 15 07:03:14 UTC 2020 /home/travis/build/icyphy/ptII/ptolemy/actor/lib/test/auto/Exec.xml
----------------- Instantiating /home/travis/build/icyphy/ptII/ptolemy/actor/lib/test/auto/Exec.xml
13 ms. Memory: 542720K Free: 279550K (52%)
----------------- Invoking toplevel() on ptolemy.moml.MoMLSimpleApplication@44b8452c
----------------- Done invoking toplevel() on ptolemy.moml.MoMLSimpleApplication@44b8452c
reloadAllAccessors: .Exec

===========================================================================================
----------------- testing Sat Feb 15 07:03:14 UTC 2020 /home/travis/build/icyphy/ptII/ptolemy/actor/lib/test/auto/ExecEnvironment.xml
----------------- Instantiating /home/travis/build/icyphy/ptII/ptolemy/actor/lib/test/auto/ExecEnvironment.xml
20 ms. Memory: 542720K Free: 274944K (51%)
----------------- Invoking toplevel() on ptolemy.moml.MoMLSimpleApplication@5be43a5c
----------------- Done invoking toplevel() on ptolemy.moml.MoMLSimpleApplication@5be43a5c
reloadAllAccessors: .ExecEnvironment

===========================================================================================
----------------- testing Sat Feb 15 07:03:14 UTC 2020 /home/travis/build/icyphy/ptII/ptolemy/actor/lib/test/auto/ExecNonZeroReturnOutput.xml
----------------- Instantiating /home/travis/build/icyphy/ptII/ptolemy/actor/lib/test/auto/ExecNonZeroReturnOutput.xml
162 ms. Memory: 542720K Free: 263680K (49%)
----------------- Invoking toplevel() on ptolemy.moml.MoMLSimpleApplication@7103687f
----------------- Done invoking toplevel() on ptolemy.moml.MoMLSimpleApplication@7103687f
reloadAllAccessors: .ExecNonZeroReturnOutput

===========================================================================================
----------------- testing Sat Feb 15 07:03:14 UTC 2020 /home/travis/build/icyphy/ptII/ptolemy/actor/lib/test/auto/ExecRunDemos.xml
----------------- Instantiating /home/travis/build/icyphy/ptII/ptolemy/actor/lib/test/auto/ExecRunDemos.xml
Finished: 53 ms. Memory: 129024K Free: 112376K (87%)

Finished: 68 ms. Memory: 129024K Free: 118311K (92%)

Finished: 99 ms. Memory: 129024K Free: 109491K (85%)

Finished: 89 ms. Memory: 129024K Free: 111042K (86%)

Finished: 64 ms. Memory: 129024K Free: 111956K (87%)

10492 ms. Memory: 542720K Free: 242174K (45%)
----------------- Invoking toplevel() on ptolemy.moml.MoMLSimpleApplication@2a40a2ce
----------------- Done invoking toplevel() on ptolemy.moml.MoMLSimpleApplication@2a40a2ce
reloadAllAccessors: .ExecRunDemos

===========================================================================================
----------------- testing Sat Feb 15 07:03:25 UTC 2020 /home/travis/build/icyphy/ptII/ptolemy/actor/lib/test/auto/ExecStop.xml
----------------- Instantiating /home/travis/build/icyphy/ptII/ptolemy/actor/lib/test/auto/ExecStop.xml
5017 ms. Memory: 542720K Free: 468992K (86%)
----------------- Invoking toplevel() on ptolemy.moml.MoMLSimpleApplication@1f9dfc0e
----------------- Done invoking toplevel() on ptolemy.moml.MoMLSimpleApplication@1f9dfc0e
reloadAllAccessors: .ExecStop

===========================================================================================
----------------- testing Sat Feb 15 07:03:30 UTC 2020 /home/travis/build/icyphy/ptII/ptolemy/actor/lib/test/auto/ExecutionTimeSDF.xml
----------------- Instantiating /home/travis/build/icyphy/ptII/ptolemy/actor/lib/test/auto/ExecutionTimeSDF.xml
Fired ExecutionTime: -581367296
Fired ExecutionTime: 1311200000
Fired ExecutionTime: -336967296
6008 ms. Memory: 542720K Free: 456190K (84%)
----------------- Invoking toplevel() on ptolemy.moml.MoMLSimpleApplication@6923c8ba
----------------- Done invoking toplevel() on ptolemy.moml.MoMLSimpleApplication@6923c8ba
reloadAllAccessors: .ExecutionTimeSDF

===========================================================================================
----------------- testing Sat Feb 15 07:03:36 UTC 2020 /home/travis/build/icyphy/ptII/ptolemy/actor/lib/test/auto/Expression1.xml
----------------- Instantiating /home/travis/build/icyphy/ptII/ptolemy/actor/lib/test/auto/Expression1.xml
1 ms. Memory: 542720K Free: 452608K (83%)
----------------- Invoking toplevel() on ptolemy.moml.MoMLSimpleApplication@55763fe3
----------------- Done invoking toplevel() on ptolemy.moml.MoMLSimpleApplication@55763fe3
reloadAllAccessors: .Expression1

===========================================================================================
----------------- testing Sat Feb 15 07:03:36 UTC 2020 /home/travis/build/icyphy/ptII/ptolemy/actor/lib/test/auto/Expression10.xml
----------------- Instantiating /home/travis/build/icyphy/ptII/ptolemy/actor/lib/test/auto/Expression10.xml
19 ms. Memory: 542720K Free: 447488K (82%)
----------------- Invoking toplevel() on ptolemy.moml.MoMLSimpleApplication@3a759c4a
----------------- Done invoking toplevel() on ptolemy.moml.MoMLSimpleApplication@3a759c4a
reloadAllAccessors: .Expression10

===========================================================================================
----------------- testing Sat Feb 15 07:03:36 UTC 2020 /home/travis/build/icyphy/ptII/ptolemy/actor/lib/test/auto/Expression11.xml
----------------- Instantiating /home/travis/build/icyphy/ptII/ptolemy/actor/lib/test/auto/Expression11.xml
3 ms. Memory: 542720K Free: 442878K (82%)
----------------- Invoking toplevel() on ptolemy.moml.MoMLSimpleApplication@4511ce3a
----------------- Done invoking toplevel() on ptolemy.moml.MoMLSimpleApplication@4511ce3a
reloadAllAccessors: .Expression11

===========================================================================================
----------------- testing Sat Feb 15 07:03:36 UTC 2020 /home/travis/build/icyphy/ptII/ptolemy/actor/lib/test/auto/Expression12.xml
----------------- Instantiating /home/travis/build/icyphy/ptII/ptolemy/actor/lib/test/auto/Expression12.xml
3 ms. Memory: 542720K Free: 437248K (81%)
----------------- Invoking toplevel() on ptolemy.moml.MoMLSimpleApplication@5fca663b
----------------- Done invoking toplevel() on ptolemy.moml.MoMLSimpleApplication@5fca663b
reloadAllAccessors: .Expression12

===========================================================================================
----------------- testing Sat Feb 15 07:03:36 UTC 2020 /home/travis/build/icyphy/ptII/ptolemy/actor/lib/test/auto/Expression13.xml
----------------- Instantiating /home/travis/build/icyphy/ptII/ptolemy/actor/lib/test/auto/Expression13.xml
3 ms. Memory: 542720K Free: 432128K (80%)
----------------- Invoking toplevel() on ptolemy.moml.MoMLSimpleApplication@4b315c2e
----------------- Done invoking toplevel() on ptolemy.moml.MoMLSimpleApplication@4b315c2e
reloadAllAccessors: .Expression13

===========================================================================================
----------------- testing Sat Feb 15 07:03:36 UTC 2020 /home/travis/build/icyphy/ptII/ptolemy/actor/lib/test/auto/Expression14.xml
----------------- Instantiating /home/travis/build/icyphy/ptII/ptolemy/actor/lib/test/auto/Expression14.xml
8 ms. Memory: 542720K Free: 425984K (78%)
----------------- Invoking toplevel() on ptolemy.moml.MoMLSimpleApplication@60afee26
----------------- Done invoking toplevel() on ptolemy.moml.MoMLSimpleApplication@60afee26
reloadAllAccessors: .Expression14

===========================================================================================
----------------- testing Sat Feb 15 07:03:36 UTC 2020 /home/travis/build/icyphy/ptII/ptolemy/actor/lib/test/auto/Expression15.xml
----------------- Instantiating /home/travis/build/icyphy/ptII/ptolemy/actor/lib/test/auto/Expression15.xml
1 ms. Memory: 542720K Free: 422398K (78%)
----------------- Invoking toplevel() on ptolemy.moml.MoMLSimpleApplication@388ea538
----------------- Done invoking toplevel() on ptolemy.moml.MoMLSimpleApplication@388ea538
reloadAllAccessors: .Expression15

===========================================================================================
----------------- testing Sat Feb 15 07:03:36 UTC 2020 /home/travis/build/icyphy/ptII/ptolemy/actor/lib/test/auto/Expression16.xml
----------------- Instantiating /home/travis/build/icyphy/ptII/ptolemy/actor/lib/test/auto/Expression16.xml
4 ms. Memory: 542720K Free: 417278K (77%)
----------------- Invoking toplevel() on ptolemy.moml.MoMLSimpleApplication@a6b0c0a
----------------- Done invoking toplevel() on ptolemy.moml.MoMLSimpleApplication@a6b0c0a
reloadAllAccessors: .Expression16

===========================================================================================
----------------- testing Sat Feb 15 07:03:36 UTC 2020 /home/travis/build/icyphy/ptII/ptolemy/actor/lib/test/auto/Expression17.xml
----------------- Instantiating /home/travis/build/icyphy/ptII/ptolemy/actor/lib/test/auto/Expression17.xml
4 ms. Memory: 542720K Free: 412158K (76%)
----------------- Invoking toplevel() on ptolemy.moml.MoMLSimpleApplication@57a0cc99
----------------- Done invoking toplevel() on ptolemy.moml.MoMLSimpleApplication@57a0cc99
reloadAllAccessors: .Expression17

===========================================================================================
----------------- testing Sat Feb 15 07:03:36 UTC 2020 /home/travis/build/icyphy/ptII/ptolemy/actor/lib/test/auto/Expression18.xml
----------------- Instantiating /home/travis/build/icyphy/ptII/ptolemy/actor/lib/test/auto/Expression18.xml
2 ms. Memory: 542720K Free: 407038K (75%)
----------------- Invoking toplevel() on ptolemy.moml.MoMLSimpleApplication@7a17ef08
----------------- Done invoking toplevel() on ptolemy.moml.MoMLSimpleApplication@7a17ef08
reloadAllAccessors: .Expression18

===========================================================================================
----------------- testing Sat Feb 15 07:03:36 UTC 2020 /home/travis/build/icyphy/ptII/ptolemy/actor/lib/test/auto/Expression2.xml
----------------- Instantiating /home/travis/build/icyphy/ptII/ptolemy/actor/lib/test/auto/Expression2.xml
3 ms. Memory: 542720K Free: 401918K (74%)
----------------- Invoking toplevel() on ptolemy.moml.MoMLSimpleApplication@ca46f24
----------------- Done invoking toplevel() on ptolemy.moml.MoMLSimpleApplication@ca46f24
reloadAllAccessors: .Expression2

===========================================================================================
----------------- testing Sat Feb 15 07:03:36 UTC 2020 /home/travis/build/icyphy/ptII/ptolemy/actor/lib/test/auto/Expression3.xml
----------------- Instantiating /home/travis/build/icyphy/ptII/ptolemy/actor/lib/test/auto/Expression3.xml
5 ms. Memory: 542720K Free: 396798K (73%)
----------------- Invoking toplevel() on ptolemy.moml.MoMLSimpleApplication@c930b56
----------------- Done invoking toplevel() on ptolemy.moml.MoMLSimpleApplication@c930b56
reloadAllAccessors: .Expression3

===========================================================================================
----------------- testing Sat Feb 15 07:03:36 UTC 2020 /home/travis/build/icyphy/ptII/ptolemy/actor/lib/test/auto/Expression4.xml
----------------- Instantiating /home/travis/build/icyphy/ptII/ptolemy/actor/lib/test/auto/Expression4.xml
4 ms. Memory: 542720K Free: 389615K (72%)
----------------- Invoking toplevel() on ptolemy.moml.MoMLSimpleApplication@178d9a1e
----------------- Done invoking toplevel() on ptolemy.moml.MoMLSimpleApplication@178d9a1e
reloadAllAccessors: .Expression4

===========================================================================================
----------------- testing Sat Feb 15 07:03:36 UTC 2020 /home/travis/build/icyphy/ptII/ptolemy/actor/lib/test/auto/Expression5.xml
----------------- Instantiating /home/travis/build/icyphy/ptII/ptolemy/actor/lib/test/auto/Expression5.xml
3 ms. Memory: 542720K Free: 384510K (71%)
----------------- Invoking toplevel() on ptolemy.moml.MoMLSimpleApplication@60ad8033
----------------- Done invoking toplevel() on ptolemy.moml.MoMLSimpleApplication@60ad8033
reloadAllAccessors: .Expression5

===========================================================================================
----------------- testing Sat Feb 15 07:03:36 UTC 2020 /home/travis/build/icyphy/ptII/ptolemy/actor/lib/test/auto/Expression6.xml
----------------- Instantiating /home/travis/build/icyphy/ptII/ptolemy/actor/lib/test/auto/Expression6.xml
2 ms. Memory: 542720K Free: 379904K (70%)
----------------- Invoking toplevel() on ptolemy.moml.MoMLSimpleApplication@602ed684
----------------- Done invoking toplevel() on ptolemy.moml.MoMLSimpleApplication@602ed684
reloadAllAccessors: .Expression6

===========================================================================================
----------------- testing Sat Feb 15 07:03:36 UTC 2020 /home/travis/build/icyphy/ptII/ptolemy/actor/lib/test/auto/Expression7.xml
----------------- Instantiating /home/travis/build/icyphy/ptII/ptolemy/actor/lib/test/auto/Expression7.xml
1 ms. Memory: 542720K Free: 374784K (69%)
----------------- Invoking toplevel() on ptolemy.moml.MoMLSimpleApplication@68721518
----------------- Done invoking toplevel() on ptolemy.moml.MoMLSimpleApplication@68721518
reloadAllAccessors: .Expression7

===========================================================================================
----------------- testing Sat Feb 15 07:03:36 UTC 2020 /home/travis/build/icyphy/ptII/ptolemy/actor/lib/test/auto/Expression8.xml
----------------- Instantiating /home/travis/build/icyphy/ptII/ptolemy/actor/lib/test/auto/Expression8.xml
7 ms. Memory: 542720K Free: 369664K (68%)
----------------- Invoking toplevel() on ptolemy.moml.MoMLSimpleApplication@2fa8e044
----------------- Done invoking toplevel() on ptolemy.moml.MoMLSimpleApplication@2fa8e044
reloadAllAccessors: .Expression8

===========================================================================================
----------------- testing Sat Feb 15 07:03:36 UTC 2020 /home/travis/build/icyphy/ptII/ptolemy/actor/lib/test/auto/Expression9.xml
----------------- Instantiating /home/travis/build/icyphy/ptII/ptolemy/actor/lib/test/auto/Expression9.xml
1 ms. Memory: 542720K Free: 365568K (67%)
----------------- Invoking toplevel() on ptolemy.moml.MoMLSimpleApplication@6861beff
----------------- Done invoking toplevel() on ptolemy.moml.MoMLSimpleApplication@6861beff
reloadAllAccessors: .Expression9

===========================================================================================
----------------- testing Sat Feb 15 07:03:36 UTC 2020 /home/travis/build/icyphy/ptII/ptolemy/actor/lib/test/auto/ExpressionConcatenateArrayType.xml
----------------- Instantiating /home/travis/build/icyphy/ptII/ptolemy/actor/lib/test/auto/ExpressionConcatenateArrayType.xml
3 ms. Memory: 542720K Free: 359424K (66%)
----------------- Invoking toplevel() on ptolemy.moml.MoMLSimpleApplication@17689174
----------------- Done invoking toplevel() on ptolemy.moml.MoMLSimpleApplication@17689174
reloadAllAccessors: .ExpressionConcatenateArrayType

===========================================================================================
----------------- testing Sat Feb 15 07:03:36 UTC 2020 /home/travis/build/icyphy/ptII/ptolemy/actor/lib/test/auto/ExpressionConcatenateArrayType2.xml
----------------- Instantiating /home/travis/build/icyphy/ptII/ptolemy/actor/lib/test/auto/ExpressionConcatenateArrayType2.xml
2 ms. Memory: 542720K Free: 353790K (65%)
----------------- Invoking toplevel() on ptolemy.moml.MoMLSimpleApplication@26feb85b
----------------- Done invoking toplevel() on ptolemy.moml.MoMLSimpleApplication@26feb85b
reloadAllAccessors: .ExpressionConcatenateArrayType2

===========================================================================================
----------------- testing Sat Feb 15 07:03:36 UTC 2020 /home/travis/build/icyphy/ptII/ptolemy/actor/lib/test/auto/ExpressionFix.xml
----------------- Instantiating /home/travis/build/icyphy/ptII/ptolemy/actor/lib/test/auto/ExpressionFix.xml
22 ms. Memory: 542720K Free: 347136K (64%)
----------------- Invoking toplevel() on ptolemy.moml.MoMLSimpleApplication@216a7ea1
----------------- Done invoking toplevel() on ptolemy.moml.MoMLSimpleApplication@216a7ea1
reloadAllAccessors: .ExpressionFix

===========================================================================================
----------------- testing Sat Feb 15 07:03:36 UTC 2020 /home/travis/build/icyphy/ptII/ptolemy/actor/lib/test/auto/ExpressionFix2.xml
----------------- Instantiating /home/travis/build/icyphy/ptII/ptolemy/actor/lib/test/auto/ExpressionFix2.xml
3 ms. Memory: 542720K Free: 342526K (63%)
----------------- Invoking toplevel() on ptolemy.moml.MoMLSimpleApplication@be5c16e
----------------- Done invoking toplevel() on ptolemy.moml.MoMLSimpleApplication@be5c16e
reloadAllAccessors: .ExpressionFix2

===========================================================================================
----------------- testing Sat Feb 15 07:03:36 UTC 2020 /home/travis/build/icyphy/ptII/ptolemy/actor/lib/test/auto/ExpressionFix3.xml
----------------- Instantiating /home/travis/build/icyphy/ptII/ptolemy/actor/lib/test/auto/ExpressionFix3.xml
3 ms. Memory: 542720K Free: 337920K (62%)
----------------- Invoking toplevel() on ptolemy.moml.MoMLSimpleApplication@76d7e708
----------------- Done invoking toplevel() on ptolemy.moml.MoMLSimpleApplication@76d7e708
reloadAllAccessors: .ExpressionFix3

===========================================================================================
----------------- testing Sat Feb 15 07:03:36 UTC 2020 /home/travis/build/icyphy/ptII/ptolemy/actor/lib/test/auto/FileWriter1.xml
----------------- Instantiating /home/travis/build/icyphy/ptII/ptolemy/actor/lib/test/auto/FileWriter1.xml
2 ms. Memory: 542720K Free: 333824K (62%)
----------------- Invoking toplevel() on ptolemy.moml.MoMLSimpleApplication@65c410e0
----------------- Done invoking toplevel() on ptolemy.moml.MoMLSimpleApplication@65c410e0
reloadAllAccessors: .FileWriter1

===========================================================================================
----------------- testing Sat Feb 15 07:03:36 UTC 2020 /home/travis/build/icyphy/ptII/ptolemy/actor/lib/test/auto/FileWriter2.xml
----------------- Instantiating /home/travis/build/icyphy/ptII/ptolemy/actor/lib/test/auto/FileWriter2.xml
3 ms. Memory: 542720K Free: 329728K (61%)
----------------- Invoking toplevel() on ptolemy.moml.MoMLSimpleApplication@236f4a32
----------------- Done invoking toplevel() on ptolemy.moml.MoMLSimpleApplication@236f4a32
reloadAllAccessors: .FileWriter2

===========================================================================================
----------------- testing Sat Feb 15 07:03:36 UTC 2020 /home/travis/build/icyphy/ptII/ptolemy/actor/lib/test/auto/FileWriter3.xml
----------------- Instantiating /home/travis/build/icyphy/ptII/ptolemy/actor/lib/test/auto/FileWriter3.xml
3 ms. Memory: 542720K Free: 325632K (60%)
----------------- Invoking toplevel() on ptolemy.moml.MoMLSimpleApplication@4a8ff236
----------------- Done invoking toplevel() on ptolemy.moml.MoMLSimpleApplication@4a8ff236
reloadAllAccessors: .FileWriter3

===========================================================================================
----------------- testing Sat Feb 15 07:03:36 UTC 2020 /home/travis/build/icyphy/ptII/ptolemy/actor/lib/test/auto/Gaussian.xml
----------------- Instantiating /home/travis/build/icyphy/ptII/ptolemy/actor/lib/test/auto/Gaussian.xml
2 ms. Memory: 542720K Free: 321022K (59%)
----------------- Invoking toplevel() on ptolemy.moml.MoMLSimpleApplication@20d8f89
----------------- Done invoking toplevel() on ptolemy.moml.MoMLSimpleApplication@20d8f89
reloadAllAccessors: .Gaussian

===========================================================================================
----------------- testing Sat Feb 15 07:03:36 UTC 2020 /home/travis/build/icyphy/ptII/ptolemy/actor/lib/test/auto/Gaussian1.xml
----------------- Instantiating /home/travis/build/icyphy/ptII/ptolemy/actor/lib/test/auto/Gaussian1.xml
11 ms. Memory: 542720K Free: 315392K (58%)
----------------- Invoking toplevel() on ptolemy.moml.MoMLSimpleApplication@6c4bde33
----------------- Done invoking toplevel() on ptolemy.moml.MoMLSimpleApplication@6c4bde33
reloadAllAccessors: .Gaussian1

===========================================================================================
----------------- testing Sat Feb 15 07:03:36 UTC 2020 /home/travis/build/icyphy/ptII/ptolemy/actor/lib/test/auto/Gaussian2.xml
----------------- Instantiating /home/travis/build/icyphy/ptII/ptolemy/actor/lib/test/auto/Gaussian2.xml
2 ms. Memory: 542720K Free: 309743K (57%)
----------------- Invoking toplevel() on ptolemy.moml.MoMLSimpleApplication@3e9976c1
----------------- Done invoking toplevel() on ptolemy.moml.MoMLSimpleApplication@3e9976c1
reloadAllAccessors: .Gaussian2

===========================================================================================
----------------- testing Sat Feb 15 07:03:36 UTC 2020 /home/travis/build/icyphy/ptII/ptolemy/actor/lib/test/auto/GradientAdaptiveLattice.xml
----------------- Instantiating /home/travis/build/icyphy/ptII/ptolemy/actor/lib/test/auto/GradientAdaptiveLattice.xml
3 ms. Memory: 542720K Free: 304638K (56%)
----------------- Invoking toplevel() on ptolemy.moml.MoMLSimpleApplication@5cdae554
----------------- Done invoking toplevel() on ptolemy.moml.MoMLSimpleApplication@5cdae554
reloadAllAccessors: .GradientAdaptiveLattice

===========================================================================================
----------------- testing Sat Feb 15 07:03:36 UTC 2020 /home/travis/build/icyphy/ptII/ptolemy/actor/lib/test/auto/IIR.xml
----------------- Instantiating /home/travis/build/icyphy/ptII/ptolemy/actor/lib/test/auto/IIR.xml
2 ms. Memory: 542720K Free: 300032K (55%)
----------------- Invoking toplevel() on ptolemy.moml.MoMLSimpleApplication@72685b71
----------------- Done invoking toplevel() on ptolemy.moml.MoMLSimpleApplication@72685b71
reloadAllAccessors: .IIR

===========================================================================================
----------------- testing Sat Feb 15 07:03:36 UTC 2020 /home/travis/build/icyphy/ptII/ptolemy/actor/lib/test/auto/InputOutputTransparentPorts.xml
----------------- Instantiating /home/travis/build/icyphy/ptII/ptolemy/actor/lib/test/auto/InputOutputTransparentPorts.xml
4 ms. Memory: 542720K Free: 292350K (54%)
----------------- Invoking toplevel() on ptolemy.moml.MoMLSimpleApplication@1b0471fa
----------------- Done invoking toplevel() on ptolemy.moml.MoMLSimpleApplication@1b0471fa
reloadAllAccessors: .InputOutputTransparentPorts

===========================================================================================
----------------- testing Sat Feb 15 07:03:36 UTC 2020 /home/travis/build/icyphy/ptII/ptolemy/actor/lib/test/auto/Interpolator.xml
----------------- Instantiating /home/travis/build/icyphy/ptII/ptolemy/actor/lib/test/auto/Interpolator.xml
5 ms. Memory: 542720K Free: 288254K (53%)
----------------- Invoking toplevel() on ptolemy.moml.MoMLSimpleApplication@4b4b6cfd
----------------- Done invoking toplevel() on ptolemy.moml.MoMLSimpleApplication@4b4b6cfd
reloadAllAccessors: .Interpolator

===========================================================================================
----------------- testing Sat Feb 15 07:03:36 UTC 2020 /home/travis/build/icyphy/ptII/ptolemy/actor/lib/test/auto/InterpolatorFiringLimitDE.xml
----------------- Instantiating /home/travis/build/icyphy/ptII/ptolemy/actor/lib/test/auto/InterpolatorFiringLimitDE.xml
2 ms. Memory: 542720K Free: 282110K (52%)
----------------- Invoking toplevel() on ptolemy.moml.MoMLSimpleApplication@5c2d20a
----------------- Done invoking toplevel() on ptolemy.moml.MoMLSimpleApplication@5c2d20a
reloadAllAccessors: .InterpolatorFiringLimitDE

===========================================================================================
----------------- testing Sat Feb 15 07:03:36 UTC 2020 /home/travis/build/icyphy/ptII/ptolemy/actor/lib/test/auto/Lattice.xml
----------------- Instantiating /home/travis/build/icyphy/ptII/ptolemy/actor/lib/test/auto/Lattice.xml
2 ms. Memory: 542720K Free: 278014K (51%)
----------------- Invoking toplevel() on ptolemy.moml.MoMLSimpleApplication@6a5c025f
----------------- Done invoking toplevel() on ptolemy.moml.MoMLSimpleApplication@6a5c025f
reloadAllAccessors: .Lattice

===========================================================================================
----------------- testing Sat Feb 15 07:03:36 UTC 2020 /home/travis/build/icyphy/ptII/ptolemy/actor/lib/test/auto/LazyAOCTestLazy.xml
----------------- Instantiating /home/travis/build/icyphy/ptII/ptolemy/actor/lib/test/auto/LazyAOCTestLazy.xml
14 ms. Memory: 542720K Free: 271855K (50%)
----------------- Invoking toplevel() on ptolemy.moml.MoMLSimpleApplication@674d164a
----------------- Done invoking toplevel() on ptolemy.moml.MoMLSimpleApplication@674d164a
reloadAllAccessors: .LazyAOCTestLazy

===========================================================================================
----------------- testing Sat Feb 15 07:03:36 UTC 2020 /home/travis/build/icyphy/ptII/ptolemy/actor/lib/test/auto/LazyAOCTestNonLazy.xml
----------------- Instantiating /home/travis/build/icyphy/ptII/ptolemy/actor/lib/test/auto/LazyAOCTestNonLazy.xml
2 ms. Memory: 542720K Free: 264702K (49%)
----------------- Invoking toplevel() on ptolemy.moml.MoMLSimpleApplication@57df89fb
----------------- Done invoking toplevel() on ptolemy.moml.MoMLSimpleApplication@57df89fb
reloadAllAccessors: .LazyAOCTestNonLazy

===========================================================================================
----------------- testing Sat Feb 15 07:03:37 UTC 2020 /home/travis/build/icyphy/ptII/ptolemy/actor/lib/test/auto/LazyInnerClass.xml
----------------- Instantiating /home/travis/build/icyphy/ptII/ptolemy/actor/lib/test/auto/LazyInnerClass.xml
21 ms. Memory: 542720K Free: 256000K (47%)
----------------- Invoking toplevel() on ptolemy.moml.MoMLSimpleApplication@763f752e
----------------- Done invoking toplevel() on ptolemy.moml.MoMLSimpleApplication@763f752e
reloadAllAccessors: .LazyInnerClass

===========================================================================================
----------------- testing Sat Feb 15 07:03:37 UTC 2020 /home/travis/build/icyphy/ptII/ptolemy/actor/lib/test/auto/LazyPubSub.xml
----------------- Instantiating /home/travis/build/icyphy/ptII/ptolemy/actor/lib/test/auto/LazyPubSub.xml
14 ms. Memory: 542720K Free: 245760K (45%)
----------------- Invoking toplevel() on ptolemy.moml.MoMLSimpleApplication@355a6fa6
----------------- Done invoking toplevel() on ptolemy.moml.MoMLSimpleApplication@355a6fa6
reloadAllAccessors: .LazyPubSub

===========================================================================================
----------------- testing Sat Feb 15 07:03:37 UTC 2020 /home/travis/build/icyphy/ptII/ptolemy/actor/lib/test/auto/LazyPubSub2.xml
----------------- Instantiating /home/travis/build/icyphy/ptII/ptolemy/actor/lib/test/auto/LazyPubSub2.xml
14 ms. Memory: 542720K Free: 235520K (43%)
----------------- Invoking toplevel() on ptolemy.moml.MoMLSimpleApplication@24d6b163
----------------- Done invoking toplevel() on ptolemy.moml.MoMLSimpleApplication@24d6b163
reloadAllAccessors: .LazyPubSub2

===========================================================================================
----------------- testing Sat Feb 15 07:03:37 UTC 2020 /home/travis/build/icyphy/ptII/ptolemy/actor/lib/test/auto/LazyPubSub3.xml
----------------- Instantiating /home/travis/build/icyphy/ptII/ptolemy/actor/lib/test/auto/LazyPubSub3.xml
12 ms. Memory: 542720K Free: 225280K (42%)
----------------- Invoking toplevel() on ptolemy.moml.MoMLSimpleApplication@4ba25460
----------------- Done invoking toplevel() on ptolemy.moml.MoMLSimpleApplication@4ba25460
reloadAllAccessors: .LazyPubSub3

===========================================================================================
----------------- testing Sat Feb 15 07:03:37 UTC 2020 /home/travis/build/icyphy/ptII/ptolemy/actor/lib/test/auto/LazySubClassModel.xml
----------------- Instantiating /home/travis/build/icyphy/ptII/ptolemy/actor/lib/test/auto/LazySubClassModel.xml
3 ms. Memory: 542720K Free: 215550K (40%)
----------------- Invoking toplevel() on ptolemy.moml.MoMLSimpleApplication@4153128b
----------------- Done invoking toplevel() on ptolemy.moml.MoMLSimpleApplication@4153128b
reloadAllAccessors: .LazySubClassModel

===========================================================================================
----------------- testing Sat Feb 15 07:03:37 UTC 2020 /home/travis/build/icyphy/ptII/ptolemy/actor/lib/test/auto/LevelCrossTest1.xml
----------------- Instantiating /home/travis/build/icyphy/ptII/ptolemy/actor/lib/test/auto/LevelCrossTest1.xml
1 ms. Memory: 542720K Free: 210430K (39%)
----------------- Invoking toplevel() on ptolemy.moml.MoMLSimpleApplication@4fa0b05a
----------------- Done invoking toplevel() on ptolemy.moml.MoMLSimpleApplication@4fa0b05a
reloadAllAccessors: .broken

===========================================================================================
----------------- testing Sat Feb 15 07:03:37 UTC 2020 /home/travis/build/icyphy/ptII/ptolemy/actor/lib/test/auto/LevelCrossTest10.xml
----------------- Instantiating /home/travis/build/icyphy/ptII/ptolemy/actor/lib/test/auto/LevelCrossTest10.xml
1 ms. Memory: 542720K Free: 202752K (37%)
----------------- Invoking toplevel() on ptolemy.moml.MoMLSimpleApplication@550e5681
----------------- Done invoking toplevel() on ptolemy.moml.MoMLSimpleApplication@550e5681
reloadAllAccessors: .LevelCrossTest10

===========================================================================================
----------------- testing Sat Feb 15 07:03:37 UTC 2020 /home/travis/build/icyphy/ptII/ptolemy/actor/lib/test/auto/LevelCrossTest11.xml
----------------- Instantiating /home/travis/build/icyphy/ptII/ptolemy/actor/lib/test/auto/LevelCrossTest11.xml
1 ms. Memory: 542720K Free: 195584K (36%)
----------------- Invoking toplevel() on ptolemy.moml.MoMLSimpleApplication@5452e8a8
----------------- Done invoking toplevel() on ptolemy.moml.MoMLSimpleApplication@5452e8a8
reloadAllAccessors: .LevelCrossTest11

===========================================================================================
----------------- testing Sat Feb 15 07:03:37 UTC 2020 /home/travis/build/icyphy/ptII/ptolemy/actor/lib/test/auto/LevelCrossTest12.xml
----------------- Instantiating /home/travis/build/icyphy/ptII/ptolemy/actor/lib/test/auto/LevelCrossTest12.xml
2 ms. Memory: 542720K Free: 188926K (35%)
----------------- Invoking toplevel() on ptolemy.moml.MoMLSimpleApplication@182135f
----------------- Done invoking toplevel() on ptolemy.moml.MoMLSimpleApplication@182135f
reloadAllAccessors: .LevelCrossTest12

===========================================================================================
----------------- testing Sat Feb 15 07:03:37 UTC 2020 /home/travis/build/icyphy/ptII/ptolemy/actor/lib/test/auto/LevelCrossTest13.xml
----------------- Instantiating /home/travis/build/icyphy/ptII/ptolemy/actor/lib/test/auto/LevelCrossTest13.xml
2 ms. Memory: 542720K Free: 181248K (33%)
----------------- Invoking toplevel() on ptolemy.moml.MoMLSimpleApplication@30db37f6
----------------- Done invoking toplevel() on ptolemy.moml.MoMLSimpleApplication@30db37f6
reloadAllAccessors: .LevelCrossTest13

===========================================================================================
----------------- testing Sat Feb 15 07:03:37 UTC 2020 /home/travis/build/icyphy/ptII/ptolemy/actor/lib/test/auto/LevelCrossTest2.xml
----------------- Instantiating /home/travis/build/icyphy/ptII/ptolemy/actor/lib/test/auto/LevelCrossTest2.xml
1 ms. Memory: 542720K Free: 175614K (32%)
----------------- Invoking toplevel() on ptolemy.moml.MoMLSimpleApplication@21cc9908
----------------- Done invoking toplevel() on ptolemy.moml.MoMLSimpleApplication@21cc9908
reloadAllAccessors: .broken

===========================================================================================
----------------- testing Sat Feb 15 07:03:37 UTC 2020 /home/travis/build/icyphy/ptII/ptolemy/actor/lib/test/auto/LevelCrossTest3.xml
----------------- Instantiating /home/travis/build/icyphy/ptII/ptolemy/actor/lib/test/auto/LevelCrossTest3.xml
1 ms. Memory: 542720K Free: 487422K (90%)
----------------- Invoking toplevel() on ptolemy.moml.MoMLSimpleApplication@22923035
----------------- Done invoking toplevel() on ptolemy.moml.MoMLSimpleApplication@22923035
reloadAllAccessors: .LevelCrossTest3

===========================================================================================
----------------- testing Sat Feb 15 07:03:37 UTC 2020 /home/travis/build/icyphy/ptII/ptolemy/actor/lib/test/auto/LevelCrossTest4.xml
----------------- Instantiating /home/travis/build/icyphy/ptII/ptolemy/actor/lib/test/auto/LevelCrossTest4.xml
1 ms. Memory: 542720K Free: 481792K (89%)
----------------- Invoking toplevel() on ptolemy.moml.MoMLSimpleApplication@2e413ad9
----------------- Done invoking toplevel() on ptolemy.moml.MoMLSimpleApplication@2e413ad9
reloadAllAccessors: .broken

===========================================================================================
----------------- testing Sat Feb 15 07:03:37 UTC 2020 /home/travis/build/icyphy/ptII/ptolemy/actor/lib/test/auto/LevelCrossTest5.xml
----------------- Instantiating /home/travis/build/icyphy/ptII/ptolemy/actor/lib/test/auto/LevelCrossTest5.xml
3 ms. Memory: 542720K Free: 475134K (88%)
----------------- Invoking toplevel() on ptolemy.moml.MoMLSimpleApplication@4bff3a68
----------------- Done invoking toplevel() on ptolemy.moml.MoMLSimpleApplication@4bff3a68
reloadAllAccessors: .LevelCrossTest5

===========================================================================================
----------------- testing Sat Feb 15 07:03:37 UTC 2020 /home/travis/build/icyphy/ptII/ptolemy/actor/lib/test/auto/LevelCrossTest6.xml
----------------- Instantiating /home/travis/build/icyphy/ptII/ptolemy/actor/lib/test/auto/LevelCrossTest6.xml
1 ms. Memory: 542720K Free: 468480K (86%)
----------------- Invoking toplevel() on ptolemy.moml.MoMLSimpleApplication@69f3702
----------------- Done invoking toplevel() on ptolemy.moml.MoMLSimpleApplication@69f3702
reloadAllAccessors: .LevelCrossTest6

===========================================================================================
----------------- testing Sat Feb 15 07:03:37 UTC 2020 /home/travis/build/icyphy/ptII/ptolemy/actor/lib/test/auto/LevelCrossTest7.xml
----------------- Instantiating /home/travis/build/icyphy/ptII/ptolemy/actor/lib/test/auto/LevelCrossTest7.xml
1 ms. Memory: 542720K Free: 460798K (85%)
----------------- Invoking toplevel() on ptolemy.moml.MoMLSimpleApplication@1c7c5f91
----------------- Done invoking toplevel() on ptolemy.moml.MoMLSimpleApplication@1c7c5f91
reloadAllAccessors: .LevelCrossTest7

===========================================================================================
----------------- testing Sat Feb 15 07:03:37 UTC 2020 /home/travis/build/icyphy/ptII/ptolemy/actor/lib/test/auto/LevelCrossTest8.xml
----------------- Instantiating /home/travis/build/icyphy/ptII/ptolemy/actor/lib/test/auto/LevelCrossTest8.xml
1 ms. Memory: 542720K Free: 453630K (84%)
----------------- Invoking toplevel() on ptolemy.moml.MoMLSimpleApplication@58c44330
----------------- Done invoking toplevel() on ptolemy.moml.MoMLSimpleApplication@58c44330
reloadAllAccessors: .LevelCrossTest8

===========================================================================================
----------------- testing Sat Feb 15 07:03:37 UTC 2020 /home/travis/build/icyphy/ptII/ptolemy/actor/lib/test/auto/LevelCrossTest9.xml
----------------- Instantiating /home/travis/build/icyphy/ptII/ptolemy/actor/lib/test/auto/LevelCrossTest9.xml
1 ms. Memory: 542720K Free: 445952K (82%)
----------------- Invoking toplevel() on ptolemy.moml.MoMLSimpleApplication@29cfc318
----------------- Done invoking toplevel() on ptolemy.moml.MoMLSimpleApplication@29cfc318
reloadAllAccessors: .LevelCrossTest9

===========================================================================================
----------------- testing Sat Feb 15 07:03:37 UTC 2020 /home/travis/build/icyphy/ptII/ptolemy/actor/lib/test/auto/LevinsonDurbin.xml
----------------- Instantiating /home/travis/build/icyphy/ptII/ptolemy/actor/lib/test/auto/LevinsonDurbin.xml
2 ms. Memory: 542720K Free: 441856K (81%)
----------------- Invoking toplevel() on ptolemy.moml.MoMLSimpleApplication@884cb73
----------------- Done invoking toplevel() on ptolemy.moml.MoMLSimpleApplication@884cb73
reloadAllAccessors: .LevinsonDurbin

===========================================================================================
----------------- testing Sat Feb 15 07:03:37 UTC 2020 /home/travis/build/icyphy/ptII/ptolemy/actor/lib/test/auto/LevinsonDurbin2.xml
----------------- Instantiating /home/travis/build/icyphy/ptII/ptolemy/actor/lib/test/auto/LevinsonDurbin2.xml
2 ms. Memory: 542720K Free: 437760K (81%)
----------------- Invoking toplevel() on ptolemy.moml.MoMLSimpleApplication@16b9b810
----------------- Done invoking toplevel() on ptolemy.moml.MoMLSimpleApplication@16b9b810
reloadAllAccessors: .LevinsonDurbin2

===========================================================================================
----------------- testing Sat Feb 15 07:03:37 UTC 2020 /home/travis/build/icyphy/ptII/ptolemy/actor/lib/test/auto/LevinsonDurbin3.xml
----------------- Instantiating /home/travis/build/icyphy/ptII/ptolemy/actor/lib/test/auto/LevinsonDurbin3.xml
2 ms. Memory: 542720K Free: 433664K (80%)
----------------- Invoking toplevel() on ptolemy.moml.MoMLSimpleApplication@411b1790
----------------- Done invoking toplevel() on ptolemy.moml.MoMLSimpleApplication@411b1790
reloadAllAccessors: .LevinsonDurbin3

===========================================================================================
----------------- testing Sat Feb 15 07:03:37 UTC 2020 /home/travis/build/icyphy/ptII/ptolemy/actor/lib/test/auto/Limiter.xml
----------------- Instantiating /home/travis/build/icyphy/ptII/ptolemy/actor/lib/test/auto/Limiter.xml
5 ms. Memory: 542720K Free: 424448K (78%)
----------------- Invoking toplevel() on ptolemy.moml.MoMLSimpleApplication@1b8b9dcf
----------------- Done invoking toplevel() on ptolemy.moml.MoMLSimpleApplication@1b8b9dcf
reloadAllAccessors: .Limiter

===========================================================================================
----------------- testing Sat Feb 15 07:03:37 UTC 2020 /home/travis/build/icyphy/ptII/ptolemy/actor/lib/test/auto/LinearDifferenceEquationSystem.xml
----------------- Instantiating /home/travis/build/icyphy/ptII/ptolemy/actor/lib/test/auto/LinearDifferenceEquationSystem.xml
4 ms. Memory: 542720K Free: 416766K (77%)
----------------- Invoking toplevel() on ptolemy.moml.MoMLSimpleApplication@42fd7d90
----------------- Done invoking toplevel() on ptolemy.moml.MoMLSimpleApplication@42fd7d90
reloadAllAccessors: .LinearDifferenceEquationSystem

===========================================================================================
----------------- testing Sat Feb 15 07:03:37 UTC 2020 /home/travis/build/icyphy/ptII/ptolemy/actor/lib/test/auto/LookupTable.xml
----------------- Instantiating /home/travis/build/icyphy/ptII/ptolemy/actor/lib/test/auto/LookupTable.xml
19 ms. Memory: 542720K Free: 412160K (76%)
----------------- Invoking toplevel() on ptolemy.moml.MoMLSimpleApplication@44d0069b
----------------- Done invoking toplevel() on ptolemy.moml.MoMLSimpleApplication@44d0069b
reloadAllAccessors: .LookupTable

===========================================================================================
----------------- testing Sat Feb 15 07:03:37 UTC 2020 /home/travis/build/icyphy/ptII/ptolemy/actor/lib/test/auto/MathFunction.xml
----------------- Instantiating /home/travis/build/icyphy/ptII/ptolemy/actor/lib/test/auto/MathFunction.xml
3 ms. Memory: 542720K Free: 403968K (74%)
----------------- Invoking toplevel() on ptolemy.moml.MoMLSimpleApplication@2dc18332
----------------- Done invoking toplevel() on ptolemy.moml.MoMLSimpleApplication@2dc18332
reloadAllAccessors: .MathFunction

===========================================================================================
----------------- testing Sat Feb 15 07:03:37 UTC 2020 /home/travis/build/icyphy/ptII/ptolemy/actor/lib/test/auto/MathFunction2.xml
----------------- Instantiating /home/travis/build/icyphy/ptII/ptolemy/actor/lib/test/auto/MathFunction2.xml
2 ms. Memory: 542720K Free: 399872K (74%)
----------------- Invoking toplevel() on ptolemy.moml.MoMLSimpleApplication@600dcd4a
----------------- Done invoking toplevel() on ptolemy.moml.MoMLSimpleApplication@600dcd4a
reloadAllAccessors: .MathFunction2

===========================================================================================
----------------- testing Sat Feb 15 07:03:37 UTC 2020 /home/travis/build/icyphy/ptII/ptolemy/actor/lib/test/auto/MathFunction3.xml
----------------- Instantiating /home/travis/build/icyphy/ptII/ptolemy/actor/lib/test/auto/MathFunction3.xml
2 ms. Memory: 542720K Free: 392704K (72%)
----------------- Invoking toplevel() on ptolemy.moml.MoMLSimpleApplication@baf01ce
----------------- Done invoking toplevel() on ptolemy.moml.MoMLSimpleApplication@baf01ce
reloadAllAccessors: .MathFunction3

===========================================================================================
----------------- testing Sat Feb 15 07:03:37 UTC 2020 /home/travis/build/icyphy/ptII/ptolemy/actor/lib/test/auto/MatrixCropBoolean.xml
----------------- Instantiating /home/travis/build/icyphy/ptII/ptolemy/actor/lib/test/auto/MatrixCropBoolean.xml
2 ms. Memory: 542720K Free: 387584K (71%)
----------------- Invoking toplevel() on ptolemy.moml.MoMLSimpleApplication@7f65f65a
----------------- Done invoking toplevel() on ptolemy.moml.MoMLSimpleApplication@7f65f65a
reloadAllAccessors: .MatrixCropBoolean

===========================================================================================
----------------- testing Sat Feb 15 07:03:37 UTC 2020 /home/travis/build/icyphy/ptII/ptolemy/actor/lib/test/auto/MatrixCropComplex.xml
----------------- Instantiating /home/travis/build/icyphy/ptII/ptolemy/actor/lib/test/auto/MatrixCropComplex.xml
2 ms. Memory: 542720K Free: 382464K (70%)
----------------- Invoking toplevel() on ptolemy.moml.MoMLSimpleApplication@4c02a277
----------------- Done invoking toplevel() on ptolemy.moml.MoMLSimpleApplication@4c02a277
reloadAllAccessors: .MatrixCropComplex

===========================================================================================
----------------- testing Sat Feb 15 07:03:37 UTC 2020 /home/travis/build/icyphy/ptII/ptolemy/actor/lib/test/auto/MatrixCropDouble.xml
----------------- Instantiating /home/travis/build/icyphy/ptII/ptolemy/actor/lib/test/auto/MatrixCropDouble.xml
5 ms. Memory: 542720K Free: 377344K (70%)
----------------- Invoking toplevel() on ptolemy.moml.MoMLSimpleApplication@1ba88bda
----------------- Done invoking toplevel() on ptolemy.moml.MoMLSimpleApplication@1ba88bda
reloadAllAccessors: .MatrixCropDouble

===========================================================================================
----------------- testing Sat Feb 15 07:03:37 UTC 2020 /home/travis/build/icyphy/ptII/ptolemy/actor/lib/test/auto/MatrixCropFix.xml
----------------- Instantiating /home/travis/build/icyphy/ptII/ptolemy/actor/lib/test/auto/MatrixCropFix.xml
3 ms. Memory: 542720K Free: 372224K (69%)
----------------- Invoking toplevel() on ptolemy.moml.MoMLSimpleApplication@58e67333
----------------- Done invoking toplevel() on ptolemy.moml.MoMLSimpleApplication@58e67333
reloadAllAccessors: .MatrixCropFix

===========================================================================================
----------------- testing Sat Feb 15 07:03:37 UTC 2020 /home/travis/build/icyphy/ptII/ptolemy/actor/lib/test/auto/MatrixCropInt.xml
----------------- Instantiating /home/travis/build/icyphy/ptII/ptolemy/actor/lib/test/auto/MatrixCropInt.xml
2 ms. Memory: 542720K Free: 367607K (68%)
----------------- Invoking toplevel() on ptolemy.moml.MoMLSimpleApplication@1825b768
----------------- Done invoking toplevel() on ptolemy.moml.MoMLSimpleApplication@1825b768
reloadAllAccessors: .MatrixCropInt

===========================================================================================
----------------- testing Sat Feb 15 07:03:37 UTC 2020 /home/travis/build/icyphy/ptII/ptolemy/actor/lib/test/auto/MatrixCropLong.xml
----------------- Instantiating /home/travis/build/icyphy/ptII/ptolemy/actor/lib/test/auto/MatrixCropLong.xml
5 ms. Memory: 542720K Free: 363008K (67%)
----------------- Invoking toplevel() on ptolemy.moml.MoMLSimpleApplication@48df2ba
----------------- Done invoking toplevel() on ptolemy.moml.MoMLSimpleApplication@48df2ba
reloadAllAccessors: .MatrixCropLong

===========================================================================================
----------------- testing Sat Feb 15 07:03:37 UTC 2020 /home/travis/build/icyphy/ptII/ptolemy/actor/lib/test/auto/MatrixToArray.xml
----------------- Instantiating /home/travis/build/icyphy/ptII/ptolemy/actor/lib/test/auto/MatrixToArray.xml
7 ms. Memory: 542720K Free: 347648K (64%)
----------------- Invoking toplevel() on ptolemy.moml.MoMLSimpleApplication@4e57447b
----------------- Done invoking toplevel() on ptolemy.moml.MoMLSimpleApplication@4e57447b
reloadAllAccessors: .MatrixToArray

===========================================================================================
----------------- testing Sat Feb 15 07:03:37 UTC 2020 /home/travis/build/icyphy/ptII/ptolemy/actor/lib/test/auto/MaxIndex.xml
----------------- Instantiating /home/travis/build/icyphy/ptII/ptolemy/actor/lib/test/auto/MaxIndex.xml
2 ms. Memory: 542720K Free: 342528K (63%)
----------------- Invoking toplevel() on ptolemy.moml.MoMLSimpleApplication@7c2ed64c
----------------- Done invoking toplevel() on ptolemy.moml.MoMLSimpleApplication@7c2ed64c
reloadAllAccessors: .MaxIndex

===========================================================================================
----------------- testing Sat Feb 15 07:03:37 UTC 2020 /home/travis/build/icyphy/ptII/ptolemy/actor/lib/test/auto/Maximum.xml
----------------- Instantiating /home/travis/build/icyphy/ptII/ptolemy/actor/lib/test/auto/Maximum.xml
2 ms. Memory: 542720K Free: 335839K (62%)
----------------- Invoking toplevel() on ptolemy.moml.MoMLSimpleApplication@c788b65
----------------- Done invoking toplevel() on ptolemy.moml.MoMLSimpleApplication@c788b65
reloadAllAccessors: .Maximum

===========================================================================================
----------------- testing Sat Feb 15 07:03:37 UTC 2020 /home/travis/build/icyphy/ptII/ptolemy/actor/lib/test/auto/MaximumComplex.xml
----------------- Instantiating /home/travis/build/icyphy/ptII/ptolemy/actor/lib/test/auto/MaximumComplex.xml
4 ms. Memory: 542720K Free: 329726K (61%)
----------------- Invoking toplevel() on ptolemy.moml.MoMLSimpleApplication@642dcfa7
----------------- Done invoking toplevel() on ptolemy.moml.MoMLSimpleApplication@642dcfa7
reloadAllAccessors: .MaximumComplex

===========================================================================================
----------------- testing Sat Feb 15 07:03:38 UTC 2020 /home/travis/build/icyphy/ptII/ptolemy/actor/lib/test/auto/MethodCallTest.xml
----------------- Instantiating /home/travis/build/icyphy/ptII/ptolemy/actor/lib/test/auto/MethodCallTest.xml
2 ms. Memory: 542720K Free: 323072K (60%)
----------------- Invoking toplevel() on ptolemy.moml.MoMLSimpleApplication@26164a18
----------------- Done invoking toplevel() on ptolemy.moml.MoMLSimpleApplication@26164a18
reloadAllAccessors: .MethodCallTest

===========================================================================================
----------------- testing Sat Feb 15 07:03:38 UTC 2020 /home/travis/build/icyphy/ptII/ptolemy/actor/lib/test/auto/Minimum.xml
----------------- Instantiating /home/travis/build/icyphy/ptII/ptolemy/actor/lib/test/auto/Minimum.xml
3 ms. Memory: 542720K Free: 316399K (58%)
----------------- Invoking toplevel() on ptolemy.moml.MoMLSimpleApplication@604f8bbc
----------------- Done invoking toplevel() on ptolemy.moml.MoMLSimpleApplication@604f8bbc
reloadAllAccessors: .Minimum

===========================================================================================
----------------- testing Sat Feb 15 07:03:38 UTC 2020 /home/travis/build/icyphy/ptII/ptolemy/actor/lib/test/auto/MinimumComplex.xml
----------------- Instantiating /home/travis/build/icyphy/ptII/ptolemy/actor/lib/test/auto/MinimumComplex.xml
4 ms. Memory: 542720K Free: 310270K (57%)
----------------- Invoking toplevel() on ptolemy.moml.MoMLSimpleApplication@1357326f
----------------- Done invoking toplevel() on ptolemy.moml.MoMLSimpleApplication@1357326f
reloadAllAccessors: .MinimumComplex

===========================================================================================
----------------- testing Sat Feb 15 07:03:38 UTC 2020 /home/travis/build/icyphy/ptII/ptolemy/actor/lib/test/auto/MinimumMultiports.xml
----------------- Instantiating /home/travis/build/icyphy/ptII/ptolemy/actor/lib/test/auto/MinimumMultiports.xml
5 ms. Memory: 542720K Free: 301568K (56%)
----------------- Invoking toplevel() on ptolemy.moml.MoMLSimpleApplication@295e4c68
----------------- Done invoking toplevel() on ptolemy.moml.MoMLSimpleApplication@295e4c68
reloadAllAccessors: .MinimumMultiports

===========================================================================================
----------------- testing Sat Feb 15 07:03:38 UTC 2020 /home/travis/build/icyphy/ptII/ptolemy/actor/lib/test/auto/ModifyDate.xml
----------------- Instantiating /home/travis/build/icyphy/ptII/ptolemy/actor/lib/test/auto/ModifyDate.xml
8 ms. Memory: 542720K Free: 288766K (53%)
----------------- Invoking toplevel() on ptolemy.moml.MoMLSimpleApplication@7b18635d
----------------- Done invoking toplevel() on ptolemy.moml.MoMLSimpleApplication@7b18635d
reloadAllAccessors: .ModifyDate

===========================================================================================
----------------- testing Sat Feb 15 07:03:38 UTC 2020 /home/travis/build/icyphy/ptII/ptolemy/actor/lib/test/auto/ModifyDate2.xml
----------------- Instantiating /home/travis/build/icyphy/ptII/ptolemy/actor/lib/test/auto/ModifyDate2.xml
8 ms. Memory: 542720K Free: 280064K (52%)
----------------- Invoking toplevel() on ptolemy.moml.MoMLSimpleApplication@61239a70
----------------- Done invoking toplevel() on ptolemy.moml.MoMLSimpleApplication@61239a70
reloadAllAccessors: .ModifyDate2

===========================================================================================
----------------- testing Sat Feb 15 07:03:38 UTC 2020 /home/travis/build/icyphy/ptII/ptolemy/actor/lib/test/auto/MovingAverage.xml
----------------- Instantiating /home/travis/build/icyphy/ptII/ptolemy/actor/lib/test/auto/MovingAverage.xml
2 ms. Memory: 542720K Free: 274944K (51%)
----------------- Invoking toplevel() on ptolemy.moml.MoMLSimpleApplication@59eed2fb
----------------- Done invoking toplevel() on ptolemy.moml.MoMLSimpleApplication@59eed2fb
reloadAllAccessors: .MovingAverage

===========================================================================================
----------------- testing Sat Feb 15 07:03:38 UTC 2020 /home/travis/build/icyphy/ptII/ptolemy/actor/lib/test/auto/MovingMaximum.xml
----------------- Instantiating /home/travis/build/icyphy/ptII/ptolemy/actor/lib/test/auto/MovingMaximum.xml
2 ms. Memory: 542720K Free: 270334K (50%)
----------------- Invoking toplevel() on ptolemy.moml.MoMLSimpleApplication@1476d2bf
----------------- Done invoking toplevel() on ptolemy.moml.MoMLSimpleApplication@1476d2bf
reloadAllAccessors: .MovingMaximum

===========================================================================================
----------------- testing Sat Feb 15 07:03:38 UTC 2020 /home/travis/build/icyphy/ptII/ptolemy/actor/lib/test/auto/MultipleLinksToSameRelation.xml
----------------- Instantiating /home/travis/build/icyphy/ptII/ptolemy/actor/lib/test/auto/MultipleLinksToSameRelation.xml
1 ms. Memory: 542720K Free: 266238K (49%)
----------------- Invoking toplevel() on ptolemy.moml.MoMLSimpleApplication@15ddef4a
----------------- Done invoking toplevel() on ptolemy.moml.MoMLSimpleApplication@15ddef4a
reloadAllAccessors: .MultipleLinksToSameRelation

===========================================================================================
----------------- testing Sat Feb 15 07:03:38 UTC 2020 /home/travis/build/icyphy/ptII/ptolemy/actor/lib/test/auto/MultipleLinksToSameRelationDE.xml
----------------- Instantiating /home/travis/build/icyphy/ptII/ptolemy/actor/lib/test/auto/MultipleLinksToSameRelationDE.xml
2 ms. Memory: 542720K Free: 261632K (48%)
----------------- Invoking toplevel() on ptolemy.moml.MoMLSimpleApplication@50a82c9
----------------- Done invoking toplevel() on ptolemy.moml.MoMLSimpleApplication@50a82c9
reloadAllAccessors: .MultipleLinksToSameRelationDE

===========================================================================================
----------------- testing Sat Feb 15 07:03:38 UTC 2020 /home/travis/build/icyphy/ptII/ptolemy/actor/lib/test/auto/Multiplexor.xml
----------------- Instantiating /home/travis/build/icyphy/ptII/ptolemy/actor/lib/test/auto/Multiplexor.xml
2 ms. Memory: 542720K Free: 255998K (47%)
----------------- Invoking toplevel() on ptolemy.moml.MoMLSimpleApplication@3471bdf0
----------------- Done invoking toplevel() on ptolemy.moml.MoMLSimpleApplication@3471bdf0
reloadAllAccessors: .Multiplexor

===========================================================================================
----------------- testing Sat Feb 15 07:03:38 UTC 2020 /home/travis/build/icyphy/ptII/ptolemy/actor/lib/test/auto/Multiplexor1.xml
----------------- Instantiating /home/travis/build/icyphy/ptII/ptolemy/actor/lib/test/auto/Multiplexor1.xml
2 ms. Memory: 542720K Free: 250368K (46%)
----------------- Invoking toplevel() on ptolemy.moml.MoMLSimpleApplication@58dd3704
----------------- Done invoking toplevel() on ptolemy.moml.MoMLSimpleApplication@58dd3704
reloadAllAccessors: .Multiplexor1

===========================================================================================
----------------- testing Sat Feb 15 07:03:38 UTC 2020 /home/travis/build/icyphy/ptII/ptolemy/actor/lib/test/auto/Multiplexor2.xml
----------------- Instantiating /home/travis/build/icyphy/ptII/ptolemy/actor/lib/test/auto/Multiplexor2.xml
3 ms. Memory: 542720K Free: 243710K (45%)
----------------- Invoking toplevel() on ptolemy.moml.MoMLSimpleApplication@49d62e77
----------------- Done invoking toplevel() on ptolemy.moml.MoMLSimpleApplication@49d62e77
reloadAllAccessors: .Multiplexor2

===========================================================================================
----------------- testing Sat Feb 15 07:03:38 UTC 2020 /home/travis/build/icyphy/ptII/ptolemy/actor/lib/test/auto/Multiplexor3.xml
----------------- Instantiating /home/travis/build/icyphy/ptII/ptolemy/actor/lib/test/auto/Multiplexor3.xml
1 ms. Memory: 542720K Free: 239614K (44%)
----------------- Invoking toplevel() on ptolemy.moml.MoMLSimpleApplication@4c6035d5
----------------- Done invoking toplevel() on ptolemy.moml.MoMLSimpleApplication@4c6035d5
reloadAllAccessors: .Multiplexor3

===========================================================================================
----------------- testing Sat Feb 15 07:03:38 UTC 2020 /home/travis/build/icyphy/ptII/ptolemy/actor/lib/test/auto/MultiplexorDE.xml
----------------- Instantiating /home/travis/build/icyphy/ptII/ptolemy/actor/lib/test/auto/MultiplexorDE.xml
2 ms. Memory: 542720K Free: 231936K (43%)
----------------- Invoking toplevel() on ptolemy.moml.MoMLSimpleApplication@7e1990a6
----------------- Done invoking toplevel() on ptolemy.moml.MoMLSimpleApplication@7e1990a6
reloadAllAccessors: .MultiplexorDE

===========================================================================================
----------------- testing Sat Feb 15 07:03:38 UTC 2020 /home/travis/build/icyphy/ptII/ptolemy/actor/lib/test/auto/MultiportBroadcastTest.xml
----------------- Instantiating /home/travis/build/icyphy/ptII/ptolemy/actor/lib/test/auto/MultiportBroadcastTest.xml
75 ms. Memory: 542720K Free: 225792K (42%)
----------------- Invoking toplevel() on ptolemy.moml.MoMLSimpleApplication@2b2d4f40
----------------- Done invoking toplevel() on ptolemy.moml.MoMLSimpleApplication@2b2d4f40
reloadAllAccessors: .MultiportBroadcastTest

===========================================================================================
----------------- testing Sat Feb 15 07:03:38 UTC 2020 /home/travis/build/icyphy/ptII/ptolemy/actor/lib/test/auto/MultiportOutHangDuringGetWidth.xml
----------------- Instantiating /home/travis/build/icyphy/ptII/ptolemy/actor/lib/test/auto/MultiportOutHangDuringGetWidth.xml
4 ms. Memory: 542720K Free: 213504K (39%)
----------------- Invoking toplevel() on ptolemy.moml.MoMLSimpleApplication@7a33df76
----------------- Done invoking toplevel() on ptolemy.moml.MoMLSimpleApplication@7a33df76
reloadAllAccessors: .MultiportOutHangDuringGetWidth

===========================================================================================
----------------- testing Sat Feb 15 07:03:38 UTC 2020 /home/travis/build/icyphy/ptII/ptolemy/actor/lib/test/auto/NilToken.xml
----------------- Instantiating /home/travis/build/icyphy/ptII/ptolemy/actor/lib/test/auto/NilToken.xml
1 ms. Memory: 542720K Free: 209408K (39%)
----------------- Invoking toplevel() on ptolemy.moml.MoMLSimpleApplication@7500c353
----------------- Done invoking toplevel() on ptolemy.moml.MoMLSimpleApplication@7500c353
reloadAllAccessors: .NilToken

===========================================================================================
----------------- testing Sat Feb 15 07:03:38 UTC 2020 /home/travis/build/icyphy/ptII/ptolemy/actor/lib/test/auto/NilTokenNonStrictTest.xml
----------------- Instantiating /home/travis/build/icyphy/ptII/ptolemy/actor/lib/test/auto/NilTokenNonStrictTest.xml
2 ms. Memory: 542720K Free: 204798K (38%)
----------------- Invoking toplevel() on ptolemy.moml.MoMLSimpleApplication@7ee849f5
----------------- Done invoking toplevel() on ptolemy.moml.MoMLSimpleApplication@7ee849f5
reloadAllAccessors: .NilTokenNonStrictTest

===========================================================================================
----------------- testing Sat Feb 15 07:03:38 UTC 2020 /home/travis/build/icyphy/ptII/ptolemy/actor/lib/test/auto/NilTokenRecord.xml
----------------- Instantiating /home/travis/build/icyphy/ptII/ptolemy/actor/lib/test/auto/NilTokenRecord.xml
6 ms. Memory: 542720K Free: 198144K (37%)
----------------- Invoking toplevel() on ptolemy.moml.MoMLSimpleApplication@403078ec
----------------- Done invoking toplevel() on ptolemy.moml.MoMLSimpleApplication@403078ec
reloadAllAccessors: .NilTokenRecord

===========================================================================================
----------------- testing Sat Feb 15 07:03:38 UTC 2020 /home/travis/build/icyphy/ptII/ptolemy/actor/lib/test/auto/NilTokenTypeTest.xml
----------------- Instantiating /home/travis/build/icyphy/ptII/ptolemy/actor/lib/test/auto/NilTokenTypeTest.xml
8 ms. Memory: 542720K Free: 188414K (35%)
----------------- Invoking toplevel() on ptolemy.moml.MoMLSimpleApplication@2379a805
----------------- Done invoking toplevel() on ptolemy.moml.MoMLSimpleApplication@2379a805
reloadAllAccessors: .NilTokenTypeTest

===========================================================================================
----------------- testing Sat Feb 15 07:03:38 UTC 2020 /home/travis/build/icyphy/ptII/ptolemy/actor/lib/test/auto/ObjectToken1.xml
----------------- Instantiating /home/travis/build/icyphy/ptII/ptolemy/actor/lib/test/auto/ObjectToken1.xml
2 ms. Memory: 542720K Free: 184318K (34%)
----------------- Invoking toplevel() on ptolemy.moml.MoMLSimpleApplication@4ae881a7
----------------- Done invoking toplevel() on ptolemy.moml.MoMLSimpleApplication@4ae881a7
reloadAllAccessors: .ObjectToken1

===========================================================================================
----------------- testing Sat Feb 15 07:03:38 UTC 2020 /home/travis/build/icyphy/ptII/ptolemy/actor/lib/test/auto/OrderedMerge.xml
----------------- Instantiating /home/travis/build/icyphy/ptII/ptolemy/actor/lib/test/auto/OrderedMerge.xml
14 ms. Memory: 542720K Free: 178688K (33%)
----------------- Invoking toplevel() on ptolemy.moml.MoMLSimpleApplication@394d312b
----------------- Done invoking toplevel() on ptolemy.moml.MoMLSimpleApplication@394d312b
reloadAllAccessors: .OrderedMerge

===========================================================================================
----------------- testing Sat Feb 15 07:03:38 UTC 2020 /home/travis/build/icyphy/ptII/ptolemy/actor/lib/test/auto/OrderedRecordDisassembler.xml
----------------- Instantiating /home/travis/build/icyphy/ptII/ptolemy/actor/lib/test/auto/OrderedRecordDisassembler.xml
3 ms. Memory: 542720K Free: 173568K (32%)
----------------- Invoking toplevel() on ptolemy.moml.MoMLSimpleApplication@5b301562
----------------- Done invoking toplevel() on ptolemy.moml.MoMLSimpleApplication@5b301562
reloadAllAccessors: .OrderedRecordDisassembler

===========================================================================================
----------------- testing Sat Feb 15 07:03:38 UTC 2020 /home/travis/build/icyphy/ptII/ptolemy/actor/lib/test/auto/OrderedRecordDisassembler2.xml
----------------- Instantiating /home/travis/build/icyphy/ptII/ptolemy/actor/lib/test/auto/OrderedRecordDisassembler2.xml
4 ms. Memory: 542720K Free: 483311K (89%)
----------------- Invoking toplevel() on ptolemy.moml.MoMLSimpleApplication@14caedfa
----------------- Done invoking toplevel() on ptolemy.moml.MoMLSimpleApplication@14caedfa
reloadAllAccessors: .OrderedRecordDisassembler2

===========================================================================================
----------------- testing Sat Feb 15 07:03:38 UTC 2020 /home/travis/build/icyphy/ptII/ptolemy/actor/lib/test/auto/OrderedRecordUpdater.xml
----------------- Instantiating /home/travis/build/icyphy/ptII/ptolemy/actor/lib/test/auto/OrderedRecordUpdater.xml
1 ms. Memory: 542720K Free: 477696K (88%)
----------------- Invoking toplevel() on ptolemy.moml.MoMLSimpleApplication@1758db50
----------------- Done invoking toplevel() on ptolemy.moml.MoMLSimpleApplication@1758db50
reloadAllAccessors: .RecordUpdater

===========================================================================================
----------------- testing Sat Feb 15 07:03:38 UTC 2020 /home/travis/build/icyphy/ptII/ptolemy/actor/lib/test/auto/OrderedRecordUpdater2.xml
----------------- Instantiating /home/travis/build/icyphy/ptII/ptolemy/actor/lib/test/auto/OrderedRecordUpdater2.xml
3 ms. Memory: 542720K Free: 472576K (87%)
----------------- Invoking toplevel() on ptolemy.moml.MoMLSimpleApplication@24055cb2
----------------- Done invoking toplevel() on ptolemy.moml.MoMLSimpleApplication@24055cb2
reloadAllAccessors: .RecordUpdater2

===========================================================================================
----------------- testing Sat Feb 15 07:03:38 UTC 2020 /home/travis/build/icyphy/ptII/ptolemy/actor/lib/test/auto/PhaseUnwrap.xml
----------------- Instantiating /home/travis/build/icyphy/ptII/ptolemy/actor/lib/test/auto/PhaseUnwrap.xml
1 ms. Memory: 542720K Free: 467966K (86%)
----------------- Invoking toplevel() on ptolemy.moml.MoMLSimpleApplication@7caa17c9
----------------- Done invoking toplevel() on ptolemy.moml.MoMLSimpleApplication@7caa17c9
reloadAllAccessors: .PhaseUnwrap

===========================================================================================
----------------- testing Sat Feb 15 07:03:38 UTC 2020 /home/travis/build/icyphy/ptII/ptolemy/actor/lib/test/auto/PoissonClock.xml
----------------- Instantiating /home/travis/build/icyphy/ptII/ptolemy/actor/lib/test/auto/PoissonClock.xml
1 ms. Memory: 542720K Free: 463870K (85%)
----------------- Invoking toplevel() on ptolemy.moml.MoMLSimpleApplication@601c9fcd
----------------- Done invoking toplevel() on ptolemy.moml.MoMLSimpleApplication@601c9fcd
reloadAllAccessors: .PoissonClock

===========================================================================================
----------------- testing Sat Feb 15 07:03:38 UTC 2020 /home/travis/build/icyphy/ptII/ptolemy/actor/lib/test/auto/PoissonClock2.xml
----------------- Instantiating /home/travis/build/icyphy/ptII/ptolemy/actor/lib/test/auto/PoissonClock2.xml
1 ms. Memory: 542720K Free: 459264K (85%)
----------------- Invoking toplevel() on ptolemy.moml.MoMLSimpleApplication@775f930d
----------------- Done invoking toplevel() on ptolemy.moml.MoMLSimpleApplication@775f930d
reloadAllAccessors: .PoissonClock2

===========================================================================================
----------------- testing Sat Feb 15 07:03:38 UTC 2020 /home/travis/build/icyphy/ptII/ptolemy/actor/lib/test/auto/PoissonClock3.xml
----------------- Instantiating /home/travis/build/icyphy/ptII/ptolemy/actor/lib/test/auto/PoissonClock3.xml
1 ms. Memory: 542720K Free: 454654K (84%)
----------------- Invoking toplevel() on ptolemy.moml.MoMLSimpleApplication@6372c96c
----------------- Done invoking toplevel() on ptolemy.moml.MoMLSimpleApplication@6372c96c
reloadAllAccessors: .PoissonClock3

===========================================================================================
----------------- testing Sat Feb 15 07:03:38 UTC 2020 /home/travis/build/icyphy/ptII/ptolemy/actor/lib/test/auto/PubSubWithInitialTokens.xml
----------------- Instantiating /home/travis/build/icyphy/ptII/ptolemy/actor/lib/test/auto/PubSubWithInitialTokens.xml
1 ms. Memory: 542720K Free: 449024K (83%)
----------------- Invoking toplevel() on ptolemy.moml.MoMLSimpleApplication@64a07365
----------------- Done invoking toplevel() on ptolemy.moml.MoMLSimpleApplication@64a07365
reloadAllAccessors: .PubSubWithInitialTokens

===========================================================================================
----------------- testing Sat Feb 15 07:03:38 UTC 2020 /home/travis/build/icyphy/ptII/ptolemy/actor/lib/test/auto/PubSubWithInitialTokens2.xml
----------------- Instantiating /home/travis/build/icyphy/ptII/ptolemy/actor/lib/test/auto/PubSubWithInitialTokens2.xml
2 ms. Memory: 542720K Free: 442880K (82%)
----------------- Invoking toplevel() on ptolemy.moml.MoMLSimpleApplication@667a9f6d
----------------- Done invoking toplevel() on ptolemy.moml.MoMLSimpleApplication@667a9f6d
reloadAllAccessors: .PubSubWithInitialTokens2

===========================================================================================
----------------- testing Sat Feb 15 07:03:38 UTC 2020 /home/travis/build/icyphy/ptII/ptolemy/actor/lib/test/auto/PublisherClassNoParameter.xml
----------------- Instantiating /home/travis/build/icyphy/ptII/ptolemy/actor/lib/test/auto/PublisherClassNoParameter.xml
2 ms. Memory: 542720K Free: 433135K (80%)
----------------- Invoking toplevel() on ptolemy.moml.MoMLSimpleApplication@1effa802
----------------- Done invoking toplevel() on ptolemy.moml.MoMLSimpleApplication@1effa802
reloadAllAccessors: .PublisherClassNoParameter

===========================================================================================
----------------- testing Sat Feb 15 07:03:38 UTC 2020 /home/travis/build/icyphy/ptII/ptolemy/actor/lib/test/auto/PublisherClassParameter.xml
----------------- Instantiating /home/travis/build/icyphy/ptII/ptolemy/actor/lib/test/auto/PublisherClassParameter.xml
1 ms. Memory: 542720K Free: 422895K (78%)
----------------- Invoking toplevel() on ptolemy.moml.MoMLSimpleApplication@1be3738a
----------------- Done invoking toplevel() on ptolemy.moml.MoMLSimpleApplication@1be3738a
reloadAllAccessors: .PublisherClassParameter

===========================================================================================
----------------- testing Sat Feb 15 07:03:38 UTC 2020 /home/travis/build/icyphy/ptII/ptolemy/actor/lib/test/auto/PublisherNonStrictTest.xml
----------------- Instantiating /home/travis/build/icyphy/ptII/ptolemy/actor/lib/test/auto/PublisherNonStrictTest.xml
3 ms. Memory: 542720K Free: 415232K (77%)
----------------- Invoking toplevel() on ptolemy.moml.MoMLSimpleApplication@7fce3b3e
----------------- Done invoking toplevel() on ptolemy.moml.MoMLSimpleApplication@7fce3b3e
reloadAllAccessors: .PublisherNonStrictTest

===========================================================================================
----------------- testing Sat Feb 15 07:03:38 UTC 2020 /home/travis/build/icyphy/ptII/ptolemy/actor/lib/test/auto/PublisherPort1.xml
----------------- Instantiating /home/travis/build/icyphy/ptII/ptolemy/actor/lib/test/auto/PublisherPort1.xml
2 ms. Memory: 542720K Free: 409088K (75%)
----------------- Invoking toplevel() on ptolemy.moml.MoMLSimpleApplication@4568affd
----------------- Done invoking toplevel() on ptolemy.moml.MoMLSimpleApplication@4568affd
reloadAllAccessors: .PublisherPort1

===========================================================================================
----------------- testing Sat Feb 15 07:03:38 UTC 2020 /home/travis/build/icyphy/ptII/ptolemy/actor/lib/test/auto/PublisherPort2.xml
----------------- Instantiating /home/travis/build/icyphy/ptII/ptolemy/actor/lib/test/auto/PublisherPort2.xml
2 ms. Memory: 542720K Free: 403968K (74%)
----------------- Invoking toplevel() on ptolemy.moml.MoMLSimpleApplication@2c5f2f0c
----------------- Done invoking toplevel() on ptolemy.moml.MoMLSimpleApplication@2c5f2f0c
reloadAllAccessors: .PublisherPort2

===========================================================================================
----------------- testing Sat Feb 15 07:03:38 UTC 2020 /home/travis/build/icyphy/ptII/ptolemy/actor/lib/test/auto/PublisherPort3.xml
----------------- Instantiating /home/travis/build/icyphy/ptII/ptolemy/actor/lib/test/auto/PublisherPort3.xml
13 ms. Memory: 542720K Free: 397279K (73%)
----------------- Invoking toplevel() on ptolemy.moml.MoMLSimpleApplication@3647106
----------------- Done invoking toplevel() on ptolemy.moml.MoMLSimpleApplication@3647106
reloadAllAccessors: .PublisherPort3

===========================================================================================
----------------- testing Sat Feb 15 07:03:38 UTC 2020 /home/travis/build/icyphy/ptII/ptolemy/actor/lib/test/auto/PublisherPort4.xml
----------------- Instantiating /home/travis/build/icyphy/ptII/ptolemy/actor/lib/test/auto/PublisherPort4.xml
2 ms. Memory: 542720K Free: 391680K (72%)
----------------- Invoking toplevel() on ptolemy.moml.MoMLSimpleApplication@39795d02
----------------- Done invoking toplevel() on ptolemy.moml.MoMLSimpleApplication@39795d02
reloadAllAccessors: .PublisherPort4

===========================================================================================
----------------- testing Sat Feb 15 07:03:38 UTC 2020 /home/travis/build/icyphy/ptII/ptolemy/actor/lib/test/auto/PublisherPort5.xml
----------------- Instantiating /home/travis/build/icyphy/ptII/ptolemy/actor/lib/test/auto/PublisherPort5.xml
3 ms. Memory: 542720K Free: 383998K (71%)
----------------- Invoking toplevel() on ptolemy.moml.MoMLSimpleApplication@1625961a
----------------- Done invoking toplevel() on ptolemy.moml.MoMLSimpleApplication@1625961a
reloadAllAccessors: .PublisherPort5

===========================================================================================
----------------- testing Sat Feb 15 07:03:38 UTC 2020 /home/travis/build/icyphy/ptII/ptolemy/actor/lib/test/auto/PublisherPort5LookAlike.xml
----------------- Instantiating /home/travis/build/icyphy/ptII/ptolemy/actor/lib/test/auto/PublisherPort5LookAlike.xml
7 ms. Memory: 542720K Free: 376320K (69%)
----------------- Invoking toplevel() on ptolemy.moml.MoMLSimpleApplication@37cfc758
----------------- Done invoking toplevel() on ptolemy.moml.MoMLSimpleApplication@37cfc758
reloadAllAccessors: .PublisherPort5LookAlike

===========================================================================================
----------------- testing Sat Feb 15 07:03:38 UTC 2020 /home/travis/build/icyphy/ptII/ptolemy/actor/lib/test/auto/PublisherPort6.xml
----------------- Instantiating /home/travis/build/icyphy/ptII/ptolemy/actor/lib/test/auto/PublisherPort6.xml
2 ms. Memory: 542720K Free: 369662K (68%)
----------------- Invoking toplevel() on ptolemy.moml.MoMLSimpleApplication@2a6f3751
----------------- Done invoking toplevel() on ptolemy.moml.MoMLSimpleApplication@2a6f3751
reloadAllAccessors: .PublisherPort6

===========================================================================================
----------------- testing Sat Feb 15 07:03:38 UTC 2020 /home/travis/build/icyphy/ptII/ptolemy/actor/lib/test/auto/PublisherPort7.xml
----------------- Instantiating /home/travis/build/icyphy/ptII/ptolemy/actor/lib/test/auto/PublisherPort7.xml
3 ms. Memory: 542720K Free: 361984K (67%)
----------------- Invoking toplevel() on ptolemy.moml.MoMLSimpleApplication@5314a286
----------------- Done invoking toplevel() on ptolemy.moml.MoMLSimpleApplication@5314a286
reloadAllAccessors: .PublisherPort7

===========================================================================================
----------------- testing Sat Feb 15 07:03:38 UTC 2020 /home/travis/build/icyphy/ptII/ptolemy/actor/lib/test/auto/PublisherPort8.xml
----------------- Instantiating /home/travis/build/icyphy/ptII/ptolemy/actor/lib/test/auto/PublisherPort8.xml
4 ms. Memory: 542720K Free: 352768K (65%)
----------------- Invoking toplevel() on ptolemy.moml.MoMLSimpleApplication@7a95d055
----------------- Done invoking toplevel() on ptolemy.moml.MoMLSimpleApplication@7a95d055
reloadAllAccessors: .PublisherPort8

===========================================================================================
----------------- testing Sat Feb 15 07:03:38 UTC 2020 /home/travis/build/icyphy/ptII/ptolemy/actor/lib/test/auto/PublisherPortSubscriberChannelVariablesAOC2.xml
----------------- Instantiating /home/travis/build/icyphy/ptII/ptolemy/actor/lib/test/auto/PublisherPortSubscriberChannelVariablesAOC2.xml
3 ms. Memory: 542720K Free: 334846K (62%)
----------------- Invoking toplevel() on ptolemy.moml.MoMLSimpleApplication@8c636a9
----------------- Done invoking toplevel() on ptolemy.moml.MoMLSimpleApplication@8c636a9
reloadAllAccessors: .PublisherPortSubscriberChannelVariablesAOC2

===========================================================================================
----------------- testing Sat Feb 15 07:03:39 UTC 2020 /home/travis/build/icyphy/ptII/ptolemy/actor/lib/test/auto/PublisherPortSubscriberOpaqueWidthInference.xml
----------------- Instantiating /home/travis/build/icyphy/ptII/ptolemy/actor/lib/test/auto/PublisherPortSubscriberOpaqueWidthInference.xml
3 ms. Memory: 542720K Free: 326639K (60%)
----------------- Invoking toplevel() on ptolemy.moml.MoMLSimpleApplication@7287ef04
----------------- Done invoking toplevel() on ptolemy.moml.MoMLSimpleApplication@7287ef04
reloadAllAccessors: .PublisherPortSubscriberOpaqueWidthInference

===========================================================================================
----------------- testing Sat Feb 15 07:03:39 UTC 2020 /home/travis/build/icyphy/ptII/ptolemy/actor/lib/test/auto/PublisherPortSubscriberPortAdjacent.xml
----------------- Instantiating /home/travis/build/icyphy/ptII/ptolemy/actor/lib/test/auto/PublisherPortSubscriberPortAdjacent.xml
1 ms. Memory: 542720K Free: 318462K (59%)
----------------- Invoking toplevel() on ptolemy.moml.MoMLSimpleApplication@126350fa
----------------- Done invoking toplevel() on ptolemy.moml.MoMLSimpleApplication@126350fa
reloadAllAccessors: .PublisherPortSubscriberPortAdjacent

===========================================================================================
----------------- testing Sat Feb 15 07:03:39 UTC 2020 /home/travis/build/icyphy/ptII/ptolemy/actor/lib/test/auto/PublisherPortSubscriberPortExpression.xml
----------------- Instantiating /home/travis/build/icyphy/ptII/ptolemy/actor/lib/test/auto/PublisherPortSubscriberPortExpression.xml
4 ms. Memory: 542720K Free: 310784K (57%)
----------------- Invoking toplevel() on ptolemy.moml.MoMLSimpleApplication@ba26c42
----------------- Done invoking toplevel() on ptolemy.moml.MoMLSimpleApplication@ba26c42
reloadAllAccessors: .PublisherPortSubscriberPortExpression

===========================================================================================
----------------- testing Sat Feb 15 07:03:39 UTC 2020 /home/travis/build/icyphy/ptII/ptolemy/actor/lib/test/auto/PublisherPortSubscriberPortOpaqueD3Reverse.xml
----------------- Instantiating /home/travis/build/icyphy/ptII/ptolemy/actor/lib/test/auto/PublisherPortSubscriberPortOpaqueD3Reverse.xml
8 ms. Memory: 542720K Free: 300544K (55%)
----------------- Invoking toplevel() on ptolemy.moml.MoMLSimpleApplication@4d816e42
----------------- Done invoking toplevel() on ptolemy.moml.MoMLSimpleApplication@4d816e42
reloadAllAccessors: .PublisherPortSubscriberPortOpaqueD3Reverse

===========================================================================================
----------------- testing Sat Feb 15 07:03:39 UTC 2020 /home/travis/build/icyphy/ptII/ptolemy/actor/lib/test/auto/PublisherPortSubscriberPortOpaqueWidthInference.xml
----------------- Instantiating /home/travis/build/icyphy/ptII/ptolemy/actor/lib/test/auto/PublisherPortSubscriberPortOpaqueWidthInference.xml
3 ms. Memory: 542720K Free: 292847K (54%)
----------------- Invoking toplevel() on ptolemy.moml.MoMLSimpleApplication@65b21bed
----------------- Done invoking toplevel() on ptolemy.moml.MoMLSimpleApplication@65b21bed
reloadAllAccessors: .PublisherPortSubscriberPortOpaqueWidthInference

===========================================================================================
----------------- testing Sat Feb 15 07:03:39 UTC 2020 /home/travis/build/icyphy/ptII/ptolemy/actor/lib/test/auto/PublisherPortToplevelSubscriberPortAOC.xml
----------------- Instantiating /home/travis/build/icyphy/ptII/ptolemy/actor/lib/test/auto/PublisherPortToplevelSubscriberPortAOC.xml
.PublisherPortToplevelSubscriberPortAOC.TestExceptionAttribute: initialize() was not invoked, but wrapup() was.  This is unusual, but not always a problem.  For example, exporting JNLP will do this.
1 ms. Memory: 542720K Free: 286718K (53%)
----------------- Invoking toplevel() on ptolemy.moml.MoMLSimpleApplication@3beb073d
----------------- Done invoking toplevel() on ptolemy.moml.MoMLSimpleApplication@3beb073d
reloadAllAccessors: .PublisherPortToplevelSubscriberPortAOC

===========================================================================================
----------------- testing Sat Feb 15 07:03:39 UTC 2020 /home/travis/build/icyphy/ptII/ptolemy/actor/lib/test/auto/PublisherSubscriber.xml
----------------- Instantiating /home/travis/build/icyphy/ptII/ptolemy/actor/lib/test/auto/PublisherSubscriber.xml
6 ms. Memory: 542720K Free: 279040K (51%)
----------------- Invoking toplevel() on ptolemy.moml.MoMLSimpleApplication@506420b8
----------------- Done invoking toplevel() on ptolemy.moml.MoMLSimpleApplication@506420b8
reloadAllAccessors: .PublisherSubscriber

===========================================================================================
----------------- testing Sat Feb 15 07:03:39 UTC 2020 /home/travis/build/icyphy/ptII/ptolemy/actor/lib/test/auto/PublisherSubscriber10.xml
----------------- Instantiating /home/travis/build/icyphy/ptII/ptolemy/actor/lib/test/auto/PublisherSubscriber10.xml
6 ms. Memory: 542720K Free: 269310K (50%)
----------------- Invoking toplevel() on ptolemy.moml.MoMLSimpleApplication@7a5d1099
----------------- Done invoking toplevel() on ptolemy.moml.MoMLSimpleApplication@7a5d1099
reloadAllAccessors: .PublisherSubscriber10

===========================================================================================
----------------- testing Sat Feb 15 07:03:39 UTC 2020 /home/travis/build/icyphy/ptII/ptolemy/actor/lib/test/auto/PublisherSubscriber10InitialOutputs.xml
----------------- Instantiating /home/travis/build/icyphy/ptII/ptolemy/actor/lib/test/auto/PublisherSubscriber10InitialOutputs.xml
11 ms. Memory: 542720K Free: 260094K (48%)
----------------- Invoking toplevel() on ptolemy.moml.MoMLSimpleApplication@2ebad52e
----------------- Done invoking toplevel() on ptolemy.moml.MoMLSimpleApplication@2ebad52e
reloadAllAccessors: .PublisherSubscriber10InitialOutputs

===========================================================================================
----------------- testing Sat Feb 15 07:03:39 UTC 2020 /home/travis/build/icyphy/ptII/ptolemy/actor/lib/test/auto/PublisherSubscriber11.xml
----------------- Instantiating /home/travis/build/icyphy/ptII/ptolemy/actor/lib/test/auto/PublisherSubscriber11.xml
3 ms. Memory: 542720K Free: 253919K (47%)
----------------- Invoking toplevel() on ptolemy.moml.MoMLSimpleApplication@5c366cba
----------------- Done invoking toplevel() on ptolemy.moml.MoMLSimpleApplication@5c366cba
reloadAllAccessors: .PublisherSubscriber11

===========================================================================================
----------------- testing Sat Feb 15 07:03:39 UTC 2020 /home/travis/build/icyphy/ptII/ptolemy/actor/lib/test/auto/PublisherSubscriber12.xml
----------------- Instantiating /home/travis/build/icyphy/ptII/ptolemy/actor/lib/test/auto/PublisherSubscriber12.xml
5 ms. Memory: 542720K Free: 247296K (46%)
----------------- Invoking toplevel() on ptolemy.moml.MoMLSimpleApplication@5ba5c6d3
----------------- Done invoking toplevel() on ptolemy.moml.MoMLSimpleApplication@5ba5c6d3
reloadAllAccessors: .PublisherSubscriber12

===========================================================================================
----------------- testing Sat Feb 15 07:03:39 UTC 2020 /home/travis/build/icyphy/ptII/ptolemy/actor/lib/test/auto/PublisherSubscriber13.xml
----------------- Instantiating /home/travis/build/icyphy/ptII/ptolemy/actor/lib/test/auto/PublisherSubscriber13.xml
2 ms. Memory: 542720K Free: 241631K (45%)
----------------- Invoking toplevel() on ptolemy.moml.MoMLSimpleApplication@4c6e7d9f
----------------- Done invoking toplevel() on ptolemy.moml.MoMLSimpleApplication@4c6e7d9f
reloadAllAccessors: .PublisherSubscriber13

===========================================================================================
----------------- testing Sat Feb 15 07:03:39 UTC 2020 /home/travis/build/icyphy/ptII/ptolemy/actor/lib/test/auto/PublisherSubscriber14.xml
----------------- Instantiating /home/travis/build/icyphy/ptII/ptolemy/actor/lib/test/auto/PublisherSubscriber14.xml
2 ms. Memory: 542720K Free: 232415K (43%)
----------------- Invoking toplevel() on ptolemy.moml.MoMLSimpleApplication@7570feae
----------------- Done invoking toplevel() on ptolemy.moml.MoMLSimpleApplication@7570feae
reloadAllAccessors: .PublisherSubscriber14

===========================================================================================
----------------- testing Sat Feb 15 07:03:39 UTC 2020 /home/travis/build/icyphy/ptII/ptolemy/actor/lib/test/auto/PublisherSubscriber2.xml
----------------- Instantiating /home/travis/build/icyphy/ptII/ptolemy/actor/lib/test/auto/PublisherSubscriber2.xml
3 ms. Memory: 542720K Free: 226816K (42%)
----------------- Invoking toplevel() on ptolemy.moml.MoMLSimpleApplication@2576e0e8
----------------- Done invoking toplevel() on ptolemy.moml.MoMLSimpleApplication@2576e0e8
reloadAllAccessors: .PublisherSubscriber2

===========================================================================================
----------------- testing Sat Feb 15 07:03:39 UTC 2020 /home/travis/build/icyphy/ptII/ptolemy/actor/lib/test/auto/PublisherSubscriber3.xml
----------------- Instantiating /home/travis/build/icyphy/ptII/ptolemy/actor/lib/test/auto/PublisherSubscriber3.xml
2 ms. Memory: 542720K Free: 221151K (41%)
----------------- Invoking toplevel() on ptolemy.moml.MoMLSimpleApplication@6a661c5c
----------------- Done invoking toplevel() on ptolemy.moml.MoMLSimpleApplication@6a661c5c
reloadAllAccessors: .PublisherSubscriber3

===========================================================================================
----------------- testing Sat Feb 15 07:03:39 UTC 2020 /home/travis/build/icyphy/ptII/ptolemy/actor/lib/test/auto/PublisherSubscriber4.xml
----------------- Instantiating /home/travis/build/icyphy/ptII/ptolemy/actor/lib/test/auto/PublisherSubscriber4.xml
1 ms. Memory: 542720K Free: 215552K (40%)
----------------- Invoking toplevel() on ptolemy.moml.MoMLSimpleApplication@4d6c1e97
----------------- Done invoking toplevel() on ptolemy.moml.MoMLSimpleApplication@4d6c1e97
reloadAllAccessors: .PublisherSubscriber4

===========================================================================================
----------------- testing Sat Feb 15 07:03:39 UTC 2020 /home/travis/build/icyphy/ptII/ptolemy/actor/lib/test/auto/PublisherSubscriber5.xml
----------------- Instantiating /home/travis/build/icyphy/ptII/ptolemy/actor/lib/test/auto/PublisherSubscriber5.xml
3 ms. Memory: 542720K Free: 208879K (38%)
----------------- Invoking toplevel() on ptolemy.moml.MoMLSimpleApplication@7a394d5c
----------------- Done invoking toplevel() on ptolemy.moml.MoMLSimpleApplication@7a394d5c
reloadAllAccessors: .PublisherSubscriber5

===========================================================================================
----------------- testing Sat Feb 15 07:03:39 UTC 2020 /home/travis/build/icyphy/ptII/ptolemy/actor/lib/test/auto/PublisherSubscriber6.xml
----------------- Instantiating /home/travis/build/icyphy/ptII/ptolemy/actor/lib/test/auto/PublisherSubscriber6.xml
4 ms. Memory: 542720K Free: 201711K (37%)
----------------- Invoking toplevel() on ptolemy.moml.MoMLSimpleApplication@6b1ec2eb
----------------- Done invoking toplevel() on ptolemy.moml.MoMLSimpleApplication@6b1ec2eb
reloadAllAccessors: .PublisherSubscriber6

===========================================================================================
----------------- testing Sat Feb 15 07:03:39 UTC 2020 /home/travis/build/icyphy/ptII/ptolemy/actor/lib/test/auto/PublisherSubscriber7.xml
----------------- Instantiating /home/travis/build/icyphy/ptII/ptolemy/actor/lib/test/auto/PublisherSubscriber7.xml
6 ms. Memory: 542720K Free: 195072K (36%)
----------------- Invoking toplevel() on ptolemy.moml.MoMLSimpleApplication@241206f5
----------------- Done invoking toplevel() on ptolemy.moml.MoMLSimpleApplication@241206f5
reloadAllAccessors: .PublisherSubscriber7

===========================================================================================
----------------- testing Sat Feb 15 07:03:39 UTC 2020 /home/travis/build/icyphy/ptII/ptolemy/actor/lib/test/auto/PublisherSubscriber8.xml
----------------- Instantiating /home/travis/build/icyphy/ptII/ptolemy/actor/lib/test/auto/PublisherSubscriber8.xml
10 ms. Memory: 542720K Free: 183294K (34%)
----------------- Invoking toplevel() on ptolemy.moml.MoMLSimpleApplication@32a3177a
----------------- Done invoking toplevel() on ptolemy.moml.MoMLSimpleApplication@32a3177a
reloadAllAccessors: .PublisherSubscriber8

===========================================================================================
----------------- testing Sat Feb 15 07:03:39 UTC 2020 /home/travis/build/icyphy/ptII/ptolemy/actor/lib/test/auto/PublisherSubscriber9.xml
----------------- Instantiating /home/travis/build/icyphy/ptII/ptolemy/actor/lib/test/auto/PublisherSubscriber9.xml
2 ms. Memory: 542720K Free: 176126K (32%)
----------------- Invoking toplevel() on ptolemy.moml.MoMLSimpleApplication@5539c696
----------------- Done invoking toplevel() on ptolemy.moml.MoMLSimpleApplication@5539c696
reloadAllAccessors: .PublisherSubscriber9

===========================================================================================
----------------- testing Sat Feb 15 07:03:39 UTC 2020 /home/travis/build/icyphy/ptII/ptolemy/actor/lib/test/auto/PublisherSubscriberAdjacent.xml
----------------- Instantiating /home/travis/build/icyphy/ptII/ptolemy/actor/lib/test/auto/PublisherSubscriberAdjacent.xml
2 ms. Memory: 542720K Free: 485374K (89%)
----------------- Invoking toplevel() on ptolemy.moml.MoMLSimpleApplication@73fa0666
----------------- Done invoking toplevel() on ptolemy.moml.MoMLSimpleApplication@73fa0666
reloadAllAccessors: .PublisherSubscriberAdjacent

===========================================================================================
----------------- testing Sat Feb 15 07:03:39 UTC 2020 /home/travis/build/icyphy/ptII/ptolemy/actor/lib/test/auto/PublisherSubscriberChannelVariablesAOC2.xml
----------------- Instantiating /home/travis/build/icyphy/ptII/ptolemy/actor/lib/test/auto/PublisherSubscriberChannelVariablesAOC2.xml
3 ms. Memory: 542720K Free: 469504K (87%)
----------------- Invoking toplevel() on ptolemy.moml.MoMLSimpleApplication@6ce6dc25
----------------- Done invoking toplevel() on ptolemy.moml.MoMLSimpleApplication@6ce6dc25
reloadAllAccessors: .PublisherSubscriberChannelVariablesAOC2

===========================================================================================
----------------- testing Sat Feb 15 07:03:39 UTC 2020 /home/travis/build/icyphy/ptII/ptolemy/actor/lib/test/auto/PublisherSubscriberD3.xml
----------------- Instantiating /home/travis/build/icyphy/ptII/ptolemy/actor/lib/test/auto/PublisherSubscriberD3.xml
2 ms. Memory: 542720K Free: 462336K (85%)
----------------- Invoking toplevel() on ptolemy.moml.MoMLSimpleApplication@5520e55d
----------------- Done invoking toplevel() on ptolemy.moml.MoMLSimpleApplication@5520e55d
reloadAllAccessors: .PublisherSubscriberD3

===========================================================================================
----------------- testing Sat Feb 15 07:03:39 UTC 2020 /home/travis/build/icyphy/ptII/ptolemy/actor/lib/test/auto/PublisherSubscriberD3Reverse.xml
----------------- Instantiating /home/travis/build/icyphy/ptII/ptolemy/actor/lib/test/auto/PublisherSubscriberD3Reverse.xml
2 ms. Memory: 542720K Free: 456192K (84%)
----------------- Invoking toplevel() on ptolemy.moml.MoMLSimpleApplication@298fcb43
----------------- Done invoking toplevel() on ptolemy.moml.MoMLSimpleApplication@298fcb43
reloadAllAccessors: .PublisherSubscriberD3Reverse

===========================================================================================
----------------- testing Sat Feb 15 07:03:39 UTC 2020 /home/travis/build/icyphy/ptII/ptolemy/actor/lib/test/auto/PublisherSubscriberExpression.xml
----------------- Instantiating /home/travis/build/icyphy/ptII/ptolemy/actor/lib/test/auto/PublisherSubscriberExpression.xml
3 ms. Memory: 542720K Free: 448000K (83%)
----------------- Invoking toplevel() on ptolemy.moml.MoMLSimpleApplication@50897393
----------------- Done invoking toplevel() on ptolemy.moml.MoMLSimpleApplication@50897393
reloadAllAccessors: .PublisherSubscriberExpression

===========================================================================================
----------------- testing Sat Feb 15 07:03:39 UTC 2020 /home/travis/build/icyphy/ptII/ptolemy/actor/lib/test/auto/PublisherSubscriberOpaque.xml
----------------- Instantiating /home/travis/build/icyphy/ptII/ptolemy/actor/lib/test/auto/PublisherSubscriberOpaque.xml
3 ms. Memory: 542720K Free: 439808K (81%)
----------------- Invoking toplevel() on ptolemy.moml.MoMLSimpleApplication@29fec613
----------------- Done invoking toplevel() on ptolemy.moml.MoMLSimpleApplication@29fec613
reloadAllAccessors: .PublisherSubscriberOpaque

===========================================================================================
----------------- testing Sat Feb 15 07:03:39 UTC 2020 /home/travis/build/icyphy/ptII/ptolemy/actor/lib/test/auto/PublisherSubscriberOpaqueD3.xml
----------------- Instantiating /home/travis/build/icyphy/ptII/ptolemy/actor/lib/test/auto/PublisherSubscriberOpaqueD3.xml
6 ms. Memory: 542720K Free: 428030K (79%)
----------------- Invoking toplevel() on ptolemy.moml.MoMLSimpleApplication@3d7cbf85
----------------- Done invoking toplevel() on ptolemy.moml.MoMLSimpleApplication@3d7cbf85
reloadAllAccessors: .PublisherSubscriberOpaqueD3

===========================================================================================
----------------- testing Sat Feb 15 07:03:39 UTC 2020 /home/travis/build/icyphy/ptII/ptolemy/actor/lib/test/auto/PublisherSubscriberOpaqueD3Reverse.xml
----------------- Instantiating /home/travis/build/icyphy/ptII/ptolemy/actor/lib/test/auto/PublisherSubscriberOpaqueD3Reverse.xml
7 ms. Memory: 542720K Free: 417790K (77%)
----------------- Invoking toplevel() on ptolemy.moml.MoMLSimpleApplication@18d89500
----------------- Done invoking toplevel() on ptolemy.moml.MoMLSimpleApplication@18d89500
reloadAllAccessors: .PublisherSubscriberOpaqueD3Reverse

===========================================================================================
----------------- testing Sat Feb 15 07:03:39 UTC 2020 /home/travis/build/icyphy/ptII/ptolemy/actor/lib/test/auto/PublisherSubscriberOpaqueWidthInference.xml
----------------- Instantiating /home/travis/build/icyphy/ptII/ptolemy/actor/lib/test/auto/PublisherSubscriberOpaqueWidthInference.xml
4 ms. Memory: 542720K Free: 409583K (75%)
----------------- Invoking toplevel() on ptolemy.moml.MoMLSimpleApplication@9026d4f
----------------- Done invoking toplevel() on ptolemy.moml.MoMLSimpleApplication@9026d4f
reloadAllAccessors: .PublisherSubscriberOpaqueWidthInference

===========================================================================================
----------------- testing Sat Feb 15 07:03:39 UTC 2020 /home/travis/build/icyphy/ptII/ptolemy/actor/lib/test/auto/PublisherTestSubscriber.xml
----------------- Instantiating /home/travis/build/icyphy/ptII/ptolemy/actor/lib/test/auto/PublisherTestSubscriber.xml
3 ms. Memory: 542720K Free: 401920K (74%)
----------------- Invoking toplevel() on ptolemy.moml.MoMLSimpleApplication@6973403b
----------------- Done invoking toplevel() on ptolemy.moml.MoMLSimpleApplication@6973403b
reloadAllAccessors: .PublisherTestSubscriber

===========================================================================================
----------------- testing Sat Feb 15 07:03:39 UTC 2020 /home/travis/build/icyphy/ptII/ptolemy/actor/lib/test/auto/PublisherToplevelSubscriberPortAOC.xml
----------------- Instantiating /home/travis/build/icyphy/ptII/ptolemy/actor/lib/test/auto/PublisherToplevelSubscriberPortAOC.xml
2 ms. Memory: 542720K Free: 394752K (73%)
----------------- Invoking toplevel() on ptolemy.moml.MoMLSimpleApplication@266c8e2a
----------------- Done invoking toplevel() on ptolemy.moml.MoMLSimpleApplication@266c8e2a
reloadAllAccessors: .PublisherToplevelSubscriberPortAOC

===========================================================================================
----------------- testing Sat Feb 15 07:03:39 UTC 2020 /home/travis/build/icyphy/ptII/ptolemy/actor/lib/test/auto/PulseFiringLimitDE.xml
----------------- Instantiating /home/travis/build/icyphy/ptII/ptolemy/actor/lib/test/auto/PulseFiringLimitDE.xml
3 ms. Memory: 542720K Free: 388608K (72%)
----------------- Invoking toplevel() on ptolemy.moml.MoMLSimpleApplication@77526792
----------------- Done invoking toplevel() on ptolemy.moml.MoMLSimpleApplication@77526792
reloadAllAccessors: .PulseFiringLimitDE

===========================================================================================
----------------- testing Sat Feb 15 07:03:39 UTC 2020 /home/travis/build/icyphy/ptII/ptolemy/actor/lib/test/auto/Ramp1.xml
----------------- Instantiating /home/travis/build/icyphy/ptII/ptolemy/actor/lib/test/auto/Ramp1.xml
1 ms. Memory: 542720K Free: 384512K (71%)
----------------- Invoking toplevel() on ptolemy.moml.MoMLSimpleApplication@7d453ee7
----------------- Done invoking toplevel() on ptolemy.moml.MoMLSimpleApplication@7d453ee7
reloadAllAccessors: .Ramp1

===========================================================================================
----------------- testing Sat Feb 15 07:03:39 UTC 2020 /home/travis/build/icyphy/ptII/ptolemy/actor/lib/test/auto/RampFiringLimitDE.xml
----------------- Instantiating /home/travis/build/icyphy/ptII/ptolemy/actor/lib/test/auto/RampFiringLimitDE.xml
2 ms. Memory: 542720K Free: 378368K (70%)
----------------- Invoking toplevel() on ptolemy.moml.MoMLSimpleApplication@4395e006
----------------- Done invoking toplevel() on ptolemy.moml.MoMLSimpleApplication@4395e006
reloadAllAccessors: .RampFiringLimitDE

===========================================================================================
----------------- testing Sat Feb 15 07:03:39 UTC 2020 /home/travis/build/icyphy/ptII/ptolemy/actor/lib/test/auto/RampFiringLimitSDF.xml
----------------- Instantiating /home/travis/build/icyphy/ptII/ptolemy/actor/lib/test/auto/RampFiringLimitSDF.xml
2 ms. Memory: 542720K Free: 373248K (69%)
----------------- Invoking toplevel() on ptolemy.moml.MoMLSimpleApplication@5fcfb75b
----------------- Done invoking toplevel() on ptolemy.moml.MoMLSimpleApplication@5fcfb75b
reloadAllAccessors: .RampFiringLimitSDF

===========================================================================================
----------------- testing Sat Feb 15 07:03:39 UTC 2020 /home/travis/build/icyphy/ptII/ptolemy/actor/lib/test/auto/RandomInteger.xml
----------------- Instantiating /home/travis/build/icyphy/ptII/ptolemy/actor/lib/test/auto/RandomInteger.xml
1 ms. Memory: 542720K Free: 368638K (68%)
----------------- Invoking toplevel() on ptolemy.moml.MoMLSimpleApplication@31cf5e51
----------------- Done invoking toplevel() on ptolemy.moml.MoMLSimpleApplication@31cf5e51
reloadAllAccessors: .RandomInteger

===========================================================================================
----------------- testing Sat Feb 15 07:03:39 UTC 2020 /home/travis/build/icyphy/ptII/ptolemy/actor/lib/test/auto/ReadFile1.xml
----------------- Instantiating /home/travis/build/icyphy/ptII/ptolemy/actor/lib/test/auto/ReadFile1.xml
1 ms. Memory: 542720K Free: 364032K (67%)
----------------- Invoking toplevel() on ptolemy.moml.MoMLSimpleApplication@137160aa
----------------- Done invoking toplevel() on ptolemy.moml.MoMLSimpleApplication@137160aa
reloadAllAccessors: .ReadFile1

===========================================================================================
----------------- testing Sat Feb 15 07:03:39 UTC 2020 /home/travis/build/icyphy/ptII/ptolemy/actor/lib/test/auto/ReadFile2.xml
----------------- Instantiating /home/travis/build/icyphy/ptII/ptolemy/actor/lib/test/auto/ReadFile2.xml
1 ms. Memory: 542720K Free: 359936K (66%)
----------------- Invoking toplevel() on ptolemy.moml.MoMLSimpleApplication@15e91c0
----------------- Done invoking toplevel() on ptolemy.moml.MoMLSimpleApplication@15e91c0
reloadAllAccessors: .ReadFile2

===========================================================================================
----------------- testing Sat Feb 15 07:03:39 UTC 2020 /home/travis/build/icyphy/ptII/ptolemy/actor/lib/test/auto/Reader.xml
----------------- Instantiating /home/travis/build/icyphy/ptII/ptolemy/actor/lib/test/auto/Reader.xml
actor.lib.Reader is obsolete, use actor.lib.io.ExpressionReader instead
1 ms. Memory: 542720K Free: 355840K (66%)
----------------- Invoking toplevel() on ptolemy.moml.MoMLSimpleApplication@144d54f5
----------------- Done invoking toplevel() on ptolemy.moml.MoMLSimpleApplication@144d54f5
reloadAllAccessors: .Reader

===========================================================================================
----------------- testing Sat Feb 15 07:03:39 UTC 2020 /home/travis/build/icyphy/ptII/ptolemy/actor/lib/test/auto/RecordAssemblerDisplayNameTest.xml
----------------- Instantiating /home/travis/build/icyphy/ptII/ptolemy/actor/lib/test/auto/RecordAssemblerDisplayNameTest.xml
4875 ms. Memory: 542720K Free: 390656K (72%)
----------------- Invoking toplevel() on ptolemy.moml.MoMLSimpleApplication@4bfc77a4
----------------- Done invoking toplevel() on ptolemy.moml.MoMLSimpleApplication@4bfc77a4
reloadAllAccessors: .RecordAssemblerDisplayNameTest

===========================================================================================
----------------- testing Sat Feb 15 07:03:44 UTC 2020 /home/travis/build/icyphy/ptII/ptolemy/actor/lib/test/auto/RecordAssemblerTypeError.xml
----------------- Instantiating /home/travis/build/icyphy/ptII/ptolemy/actor/lib/test/auto/RecordAssemblerTypeError.xml
8 ms. Memory: 542720K Free: 380926K (70%)
----------------- Invoking toplevel() on ptolemy.moml.MoMLSimpleApplication@590d278c
----------------- Done invoking toplevel() on ptolemy.moml.MoMLSimpleApplication@590d278c
reloadAllAccessors: .RecordAssemblerTypeError

===========================================================================================
----------------- testing Sat Feb 15 07:03:44 UTC 2020 /home/travis/build/icyphy/ptII/ptolemy/actor/lib/test/auto/RecordDisassember.xml
----------------- Instantiating /home/travis/build/icyphy/ptII/ptolemy/actor/lib/test/auto/RecordDisassember.xml
3 ms. Memory: 542720K Free: 375775K (69%)
----------------- Invoking toplevel() on ptolemy.moml.MoMLSimpleApplication@1a4c201d
----------------- Done invoking toplevel() on ptolemy.moml.MoMLSimpleApplication@1a4c201d
reloadAllAccessors: .RecordDisassember

===========================================================================================
----------------- testing Sat Feb 15 07:03:44 UTC 2020 /home/travis/build/icyphy/ptII/ptolemy/actor/lib/test/auto/RecordDisassemberDisplayNameTest.xml
----------------- Instantiating /home/travis/build/icyphy/ptII/ptolemy/actor/lib/test/auto/RecordDisassemberDisplayNameTest.xml
6 ms. Memory: 542720K Free: 368128K (68%)
----------------- Invoking toplevel() on ptolemy.moml.MoMLSimpleApplication@7044f42
----------------- Done invoking toplevel() on ptolemy.moml.MoMLSimpleApplication@7044f42
reloadAllAccessors: .RecordDisassemberDisplayNameTest

===========================================================================================
----------------- testing Sat Feb 15 07:03:44 UTC 2020 /home/travis/build/icyphy/ptII/ptolemy/actor/lib/test/auto/RecordDisassembler.xml
----------------- Instantiating /home/travis/build/icyphy/ptII/ptolemy/actor/lib/test/auto/RecordDisassembler.xml
3 ms. Memory: 542720K Free: 363008K (67%)
----------------- Invoking toplevel() on ptolemy.moml.MoMLSimpleApplication@20d4bef8
----------------- Done invoking toplevel() on ptolemy.moml.MoMLSimpleApplication@20d4bef8
reloadAllAccessors: .RecordDisassembler

===========================================================================================
----------------- testing Sat Feb 15 07:03:44 UTC 2020 /home/travis/build/icyphy/ptII/ptolemy/actor/lib/test/auto/RecordDisassembler2.xml
----------------- Instantiating /home/travis/build/icyphy/ptII/ptolemy/actor/lib/test/auto/RecordDisassembler2.xml
3 ms. Memory: 542720K Free: 357888K (66%)
----------------- Invoking toplevel() on ptolemy.moml.MoMLSimpleApplication@7fd8a2d5
----------------- Done invoking toplevel() on ptolemy.moml.MoMLSimpleApplication@7fd8a2d5
reloadAllAccessors: .RecordDisassembler2

===========================================================================================
----------------- testing Sat Feb 15 07:03:44 UTC 2020 /home/travis/build/icyphy/ptII/ptolemy/actor/lib/test/auto/RecordUpdater.xml
----------------- Instantiating /home/travis/build/icyphy/ptII/ptolemy/actor/lib/test/auto/RecordUpdater.xml
1 ms. Memory: 542720K Free: 352768K (65%)
----------------- Invoking toplevel() on ptolemy.moml.MoMLSimpleApplication@193d1c23
----------------- Done invoking toplevel() on ptolemy.moml.MoMLSimpleApplication@193d1c23
reloadAllAccessors: .RecordUpdater

===========================================================================================
----------------- testing Sat Feb 15 07:03:44 UTC 2020 /home/travis/build/icyphy/ptII/ptolemy/actor/lib/test/auto/RecordUpdater2.xml
----------------- Instantiating /home/travis/build/icyphy/ptII/ptolemy/actor/lib/test/auto/RecordUpdater2.xml
1 ms. Memory: 542720K Free: 347648K (64%)
----------------- Invoking toplevel() on ptolemy.moml.MoMLSimpleApplication@6651d7d2
----------------- Done invoking toplevel() on ptolemy.moml.MoMLSimpleApplication@6651d7d2
reloadAllAccessors: .RecordUpdater2

===========================================================================================
----------------- testing Sat Feb 15 07:03:44 UTC 2020 /home/travis/build/icyphy/ptII/ptolemy/actor/lib/test/auto/RecursiveLattice.xml
----------------- Instantiating /home/travis/build/icyphy/ptII/ptolemy/actor/lib/test/auto/RecursiveLattice.xml
1 ms. Memory: 542720K Free: 343552K (63%)
----------------- Invoking toplevel() on ptolemy.moml.MoMLSimpleApplication@565959db
----------------- Done invoking toplevel() on ptolemy.moml.MoMLSimpleApplication@565959db
reloadAllAccessors: .RecursiveLattice

===========================================================================================
----------------- testing Sat Feb 15 07:03:44 UTC 2020 /home/travis/build/icyphy/ptII/ptolemy/actor/lib/test/auto/Router.xml
----------------- Instantiating /home/travis/build/icyphy/ptII/ptolemy/actor/lib/test/auto/Router.xml
3004 ms. Memory: 542720K Free: 332288K (61%)
----------------- Invoking toplevel() on ptolemy.moml.MoMLSimpleApplication@d4bd4c7
----------------- Done invoking toplevel() on ptolemy.moml.MoMLSimpleApplication@d4bd4c7
reloadAllAccessors: .Router

===========================================================================================
----------------- testing Sat Feb 15 07:03:47 UTC 2020 /home/travis/build/icyphy/ptII/ptolemy/actor/lib/test/auto/Router2.xml
----------------- Instantiating /home/travis/build/icyphy/ptII/ptolemy/actor/lib/test/auto/Router2.xml
3003 ms. Memory: 542720K Free: 320510K (59%)
----------------- Invoking toplevel() on ptolemy.moml.MoMLSimpleApplication@4bc05c69
----------------- Done invoking toplevel() on ptolemy.moml.MoMLSimpleApplication@4bc05c69
reloadAllAccessors: .Router2

===========================================================================================
----------------- testing Sat Feb 15 07:03:50 UTC 2020 /home/travis/build/icyphy/ptII/ptolemy/actor/lib/test/auto/RunningMaximum.xml
----------------- Instantiating /home/travis/build/icyphy/ptII/ptolemy/actor/lib/test/auto/RunningMaximum.xml
1 ms. Memory: 542720K Free: 315904K (58%)
----------------- Invoking toplevel() on ptolemy.moml.MoMLSimpleApplication@5b72b2dc
----------------- Done invoking toplevel() on ptolemy.moml.MoMLSimpleApplication@5b72b2dc
reloadAllAccessors: .RunningMaximum

===========================================================================================
----------------- testing Sat Feb 15 07:03:50 UTC 2020 /home/travis/build/icyphy/ptII/ptolemy/actor/lib/test/auto/RunningMinimum.xml
----------------- Instantiating /home/travis/build/icyphy/ptII/ptolemy/actor/lib/test/auto/RunningMinimum.xml
7 ms. Memory: 542720K Free: 311294K (57%)
----------------- Invoking toplevel() on ptolemy.moml.MoMLSimpleApplication@4a5be0db
----------------- Done invoking toplevel() on ptolemy.moml.MoMLSimpleApplication@4a5be0db
reloadAllAccessors: .RunningMinimum

===========================================================================================
----------------- testing Sat Feb 15 07:03:50 UTC 2020 /home/travis/build/icyphy/ptII/ptolemy/actor/lib/test/auto/Scale.xml
----------------- Instantiating /home/travis/build/icyphy/ptII/ptolemy/actor/lib/test/auto/Scale.xml
1 ms. Memory: 542720K Free: 306688K (57%)
----------------- Invoking toplevel() on ptolemy.moml.MoMLSimpleApplication@26ba5606
----------------- Done invoking toplevel() on ptolemy.moml.MoMLSimpleApplication@26ba5606
reloadAllAccessors: .Scale

===========================================================================================
----------------- testing Sat Feb 15 07:03:50 UTC 2020 /home/travis/build/icyphy/ptII/ptolemy/actor/lib/test/auto/Scale2.xml
----------------- Instantiating /home/travis/build/icyphy/ptII/ptolemy/actor/lib/test/auto/Scale2.xml
2 ms. Memory: 542720K Free: 302078K (56%)
----------------- Invoking toplevel() on ptolemy.moml.MoMLSimpleApplication@32491b00
----------------- Done invoking toplevel() on ptolemy.moml.MoMLSimpleApplication@32491b00
reloadAllAccessors: .Scale2

===========================================================================================
----------------- testing Sat Feb 15 07:03:50 UTC 2020 /home/travis/build/icyphy/ptII/ptolemy/actor/lib/test/auto/Scale3.xml
----------------- Instantiating /home/travis/build/icyphy/ptII/ptolemy/actor/lib/test/auto/Scale3.xml
9 ms. Memory: 542720K Free: 295424K (54%)
----------------- Invoking toplevel() on ptolemy.moml.MoMLSimpleApplication@7e5f4220
----------------- Done invoking toplevel() on ptolemy.moml.MoMLSimpleApplication@7e5f4220
reloadAllAccessors: .Scale3

===========================================================================================
----------------- testing Sat Feb 15 07:03:50 UTC 2020 /home/travis/build/icyphy/ptII/ptolemy/actor/lib/test/auto/ScaleArray.xml
----------------- Instantiating /home/travis/build/icyphy/ptII/ptolemy/actor/lib/test/auto/ScaleArray.xml
2 ms. Memory: 542720K Free: 290814K (54%)
----------------- Invoking toplevel() on ptolemy.moml.MoMLSimpleApplication@7cdae4fa
----------------- Done invoking toplevel() on ptolemy.moml.MoMLSimpleApplication@7cdae4fa
reloadAllAccessors: .ScaleArray

===========================================================================================
----------------- testing Sat Feb 15 07:03:50 UTC 2020 /home/travis/build/icyphy/ptII/ptolemy/actor/lib/test/auto/ScaleArray2.xml
----------------- Instantiating /home/travis/build/icyphy/ptII/ptolemy/actor/lib/test/auto/ScaleArray2.xml
2 ms. Memory: 542720K Free: 286208K (53%)
----------------- Invoking toplevel() on ptolemy.moml.MoMLSimpleApplication@2a362b99
----------------- Done invoking toplevel() on ptolemy.moml.MoMLSimpleApplication@2a362b99
reloadAllAccessors: .ScaleArray2

===========================================================================================
----------------- testing Sat Feb 15 07:03:51 UTC 2020 /home/travis/build/icyphy/ptII/ptolemy/actor/lib/test/auto/ScaleMatrix.xml
----------------- Instantiating /home/travis/build/icyphy/ptII/ptolemy/actor/lib/test/auto/ScaleMatrix.xml
217 ms. Memory: 542720K Free: 270848K (50%)
----------------- Invoking toplevel() on ptolemy.moml.MoMLSimpleApplication@fc33778
----------------- Done invoking toplevel() on ptolemy.moml.MoMLSimpleApplication@fc33778
reloadAllAccessors: .ScaleMatrix

===========================================================================================
----------------- testing Sat Feb 15 07:03:51 UTC 2020 /home/travis/build/icyphy/ptII/ptolemy/actor/lib/test/auto/Select.xml
----------------- Instantiating /home/travis/build/icyphy/ptII/ptolemy/actor/lib/test/auto/Select.xml
3 ms. Memory: 542720K Free: 264704K (49%)
----------------- Invoking toplevel() on ptolemy.moml.MoMLSimpleApplication@1a90dc4b
----------------- Done invoking toplevel() on ptolemy.moml.MoMLSimpleApplication@1a90dc4b
reloadAllAccessors: .Select

===========================================================================================
----------------- testing Sat Feb 15 07:03:51 UTC 2020 /home/travis/build/icyphy/ptII/ptolemy/actor/lib/test/auto/Select2.xml
----------------- Instantiating /home/travis/build/icyphy/ptII/ptolemy/actor/lib/test/auto/Select2.xml
1 ms. Memory: 542720K Free: 260094K (48%)
----------------- Invoking toplevel() on ptolemy.moml.MoMLSimpleApplication@1f352180
----------------- Done invoking toplevel() on ptolemy.moml.MoMLSimpleApplication@1f352180
reloadAllAccessors: .Select2

===========================================================================================
----------------- testing Sat Feb 15 07:03:51 UTC 2020 /home/travis/build/icyphy/ptII/ptolemy/actor/lib/test/auto/SequenceToArray2.xml
----------------- Instantiating /home/travis/build/icyphy/ptII/ptolemy/actor/lib/test/auto/SequenceToArray2.xml
107 ms. Memory: 542720K Free: 235503K (43%)
----------------- Invoking toplevel() on ptolemy.moml.MoMLSimpleApplication@5c37ace1
----------------- Done invoking toplevel() on ptolemy.moml.MoMLSimpleApplication@5c37ace1
reloadAllAccessors: .SequenceToArray2

===========================================================================================
----------------- testing Sat Feb 15 07:03:51 UTC 2020 /home/travis/build/icyphy/ptII/ptolemy/actor/lib/test/auto/SequentialClock.xml
----------------- Instantiating /home/travis/build/icyphy/ptII/ptolemy/actor/lib/test/auto/SequentialClock.xml
1 ms. Memory: 542720K Free: 231936K (43%)
----------------- Invoking toplevel() on ptolemy.moml.MoMLSimpleApplication@6579f15c
----------------- Done invoking toplevel() on ptolemy.moml.MoMLSimpleApplication@6579f15c
reloadAllAccessors: .SequentialClock

===========================================================================================
----------------- testing Sat Feb 15 07:03:51 UTC 2020 /home/travis/build/icyphy/ptII/ptolemy/actor/lib/test/auto/SetVariable.xml
----------------- Instantiating /home/travis/build/icyphy/ptII/ptolemy/actor/lib/test/auto/SetVariable.xml
4 ms. Memory: 542720K Free: 227326K (42%)
----------------- Invoking toplevel() on ptolemy.moml.MoMLSimpleApplication@5124281
----------------- Done invoking toplevel() on ptolemy.moml.MoMLSimpleApplication@5124281
reloadAllAccessors: .SetVariable

===========================================================================================
----------------- testing Sat Feb 15 07:03:51 UTC 2020 /home/travis/build/icyphy/ptII/ptolemy/actor/lib/test/auto/SetVariable2.xml
----------------- Instantiating /home/travis/build/icyphy/ptII/ptolemy/actor/lib/test/auto/SetVariable2.xml
1 ms. Memory: 542720K Free: 222206K (41%)
----------------- Invoking toplevel() on ptolemy.moml.MoMLSimpleApplication@15d4ddd
----------------- Done invoking toplevel() on ptolemy.moml.MoMLSimpleApplication@15d4ddd
reloadAllAccessors: .SetVariable2

===========================================================================================
----------------- testing Sat Feb 15 07:03:51 UTC 2020 /home/travis/build/icyphy/ptII/ptolemy/actor/lib/test/auto/SetVariable3.xml
----------------- Instantiating /home/travis/build/icyphy/ptII/ptolemy/actor/lib/test/auto/SetVariable3.xml
5 ms. Memory: 542720K Free: 217086K (40%)
----------------- Invoking toplevel() on ptolemy.moml.MoMLSimpleApplication@3785386f
----------------- Done invoking toplevel() on ptolemy.moml.MoMLSimpleApplication@3785386f
reloadAllAccessors: .SetVariable3

===========================================================================================
----------------- testing Sat Feb 15 07:03:51 UTC 2020 /home/travis/build/icyphy/ptII/ptolemy/actor/lib/test/auto/SetVariable4.xml
----------------- Instantiating /home/travis/build/icyphy/ptII/ptolemy/actor/lib/test/auto/SetVariable4.xml
13 ms. Memory: 542720K Free: 207360K (38%)
----------------- Invoking toplevel() on ptolemy.moml.MoMLSimpleApplication@417c5b1
----------------- Done invoking toplevel() on ptolemy.moml.MoMLSimpleApplication@417c5b1
reloadAllAccessors: .SetVariable4

===========================================================================================
----------------- testing Sat Feb 15 07:03:51 UTC 2020 /home/travis/build/icyphy/ptII/ptolemy/actor/lib/test/auto/SetVariable5.xml
----------------- Instantiating /home/travis/build/icyphy/ptII/ptolemy/actor/lib/test/auto/SetVariable5.xml
16 ms. Memory: 542720K Free: 197120K (36%)
----------------- Invoking toplevel() on ptolemy.moml.MoMLSimpleApplication@3d2ceaa4
----------------- Done invoking toplevel() on ptolemy.moml.MoMLSimpleApplication@3d2ceaa4
reloadAllAccessors: .SetVariable5

===========================================================================================
----------------- testing Sat Feb 15 07:03:51 UTC 2020 /home/travis/build/icyphy/ptII/ptolemy/actor/lib/test/auto/Sinewave.xml
----------------- Instantiating /home/travis/build/icyphy/ptII/ptolemy/actor/lib/test/auto/Sinewave.xml
14 ms. Memory: 542720K Free: 186366K (34%)
----------------- Invoking toplevel() on ptolemy.moml.MoMLSimpleApplication@38f79a09
----------------- Done invoking toplevel() on ptolemy.moml.MoMLSimpleApplication@38f79a09
reloadAllAccessors: .Sinewave

===========================================================================================
----------------- testing Sat Feb 15 07:03:51 UTC 2020 /home/travis/build/icyphy/ptII/ptolemy/actor/lib/test/auto/Sinewave2.xml
----------------- Instantiating /home/travis/build/icyphy/ptII/ptolemy/actor/lib/test/auto/Sinewave2.xml
4 ms. Memory: 542720K Free: 177664K (33%)
----------------- Invoking toplevel() on ptolemy.moml.MoMLSimpleApplication@2546c358
----------------- Done invoking toplevel() on ptolemy.moml.MoMLSimpleApplication@2546c358
reloadAllAccessors: .Sinewave2

===========================================================================================
----------------- testing Sat Feb 15 07:03:51 UTC 2020 /home/travis/build/icyphy/ptII/ptolemy/actor/lib/test/auto/Sinewave3.xml
----------------- Instantiating /home/travis/build/icyphy/ptII/ptolemy/actor/lib/test/auto/Sinewave3.xml
31 ms. Memory: 542720K Free: 486398K (90%)
----------------- Invoking toplevel() on ptolemy.moml.MoMLSimpleApplication@dfc4af8
----------------- Done invoking toplevel() on ptolemy.moml.MoMLSimpleApplication@dfc4af8
reloadAllAccessors: .Sinewave3

===========================================================================================
----------------- testing Sat Feb 15 07:03:51 UTC 2020 /home/travis/build/icyphy/ptII/ptolemy/actor/lib/test/auto/SingleEvent.xml
----------------- Instantiating /home/travis/build/icyphy/ptII/ptolemy/actor/lib/test/auto/SingleEvent.xml
1 ms. Memory: 542720K Free: 481790K (89%)
----------------- Invoking toplevel() on ptolemy.moml.MoMLSimpleApplication@2a15a682
----------------- Done invoking toplevel() on ptolemy.moml.MoMLSimpleApplication@2a15a682
reloadAllAccessors: .SingleEvent

===========================================================================================
----------------- testing Sat Feb 15 07:03:51 UTC 2020 /home/travis/build/icyphy/ptII/ptolemy/actor/lib/test/auto/Sleep.xml
----------------- Instantiating /home/travis/build/icyphy/ptII/ptolemy/actor/lib/test/auto/Sleep.xml
6003 ms. Memory: 542720K Free: 476639K (88%)
----------------- Invoking toplevel() on ptolemy.moml.MoMLSimpleApplication@555556d2
----------------- Done invoking toplevel() on ptolemy.moml.MoMLSimpleApplication@555556d2
reloadAllAccessors: .Sleep

===========================================================================================
----------------- testing Sat Feb 15 07:03:57 UTC 2020 /home/travis/build/icyphy/ptII/ptolemy/actor/lib/test/auto/SleepMultipleFire.xml
----------------- Instantiating /home/travis/build/icyphy/ptII/ptolemy/actor/lib/test/auto/SleepMultipleFire.xml
1004 ms. Memory: 542720K Free: 470526K (87%)
----------------- Invoking toplevel() on ptolemy.moml.MoMLSimpleApplication@103008c7
----------------- Done invoking toplevel() on ptolemy.moml.MoMLSimpleApplication@103008c7
reloadAllAccessors: .SleepMultipleFire

===========================================================================================
----------------- testing Sat Feb 15 07:03:58 UTC 2020 /home/travis/build/icyphy/ptII/ptolemy/actor/lib/test/auto/StopDE.xml
----------------- Instantiating /home/travis/build/icyphy/ptII/ptolemy/actor/lib/test/auto/StopDE.xml
3 ms. Memory: 542720K Free: 464896K (86%)
----------------- Invoking toplevel() on ptolemy.moml.MoMLSimpleApplication@50307308
----------------- Done invoking toplevel() on ptolemy.moml.MoMLSimpleApplication@50307308
reloadAllAccessors: .StopDE

===========================================================================================
----------------- testing Sat Feb 15 07:03:58 UTC 2020 /home/travis/build/icyphy/ptII/ptolemy/actor/lib/test/auto/StopSDF.xml
----------------- Instantiating /home/travis/build/icyphy/ptII/ptolemy/actor/lib/test/auto/StopSDF.xml
2 ms. Memory: 542720K Free: 459776K (85%)
----------------- Invoking toplevel() on ptolemy.moml.MoMLSimpleApplication@3cda050f
----------------- Done invoking toplevel() on ptolemy.moml.MoMLSimpleApplication@3cda050f
reloadAllAccessors: .StopSDF

===========================================================================================
----------------- testing Sat Feb 15 07:03:58 UTC 2020 /home/travis/build/icyphy/ptII/ptolemy/actor/lib/test/auto/StringConstant.xml
----------------- Instantiating /home/travis/build/icyphy/ptII/ptolemy/actor/lib/test/auto/StringConstant.xml
9 ms. Memory: 542720K Free: 455678K (84%)
----------------- Invoking toplevel() on ptolemy.moml.MoMLSimpleApplication@32a3df9a
----------------- Done invoking toplevel() on ptolemy.moml.MoMLSimpleApplication@32a3df9a
reloadAllAccessors: .StringConstant

===========================================================================================
----------------- testing Sat Feb 15 07:03:58 UTC 2020 /home/travis/build/icyphy/ptII/ptolemy/actor/lib/test/auto/SubscriberPortInitialValues1.xml
----------------- Instantiating /home/travis/build/icyphy/ptII/ptolemy/actor/lib/test/auto/SubscriberPortInitialValues1.xml
8 ms. Memory: 542720K Free: 446974K (82%)
----------------- Invoking toplevel() on ptolemy.moml.MoMLSimpleApplication@36da500e
----------------- Done invoking toplevel() on ptolemy.moml.MoMLSimpleApplication@36da500e
reloadAllAccessors: .SubscriberPortInitialValues1

===========================================================================================
----------------- testing Sat Feb 15 07:03:58 UTC 2020 /home/travis/build/icyphy/ptII/ptolemy/actor/lib/test/auto/SubscriberPortInitialValues13.xml
----------------- Instantiating /home/travis/build/icyphy/ptII/ptolemy/actor/lib/test/auto/SubscriberPortInitialValues13.xml
5 ms. Memory: 542720K Free: 434174K (80%)
----------------- Invoking toplevel() on ptolemy.moml.MoMLSimpleApplication@178c068c
----------------- Done invoking toplevel() on ptolemy.moml.MoMLSimpleApplication@178c068c
reloadAllAccessors: .SubscriberPortInitialValues13

===========================================================================================
----------------- testing Sat Feb 15 07:03:58 UTC 2020 /home/travis/build/icyphy/ptII/ptolemy/actor/lib/test/auto/SubscriberPortInitialValues14.xml
----------------- Instantiating /home/travis/build/icyphy/ptII/ptolemy/actor/lib/test/auto/SubscriberPortInitialValues14.xml
4 ms. Memory: 542720K Free: 425984K (78%)
----------------- Invoking toplevel() on ptolemy.moml.MoMLSimpleApplication@3c0f7ffc
----------------- Done invoking toplevel() on ptolemy.moml.MoMLSimpleApplication@3c0f7ffc
reloadAllAccessors: .SubscriberPortInitialValues14

===========================================================================================
----------------- testing Sat Feb 15 07:03:58 UTC 2020 /home/travis/build/icyphy/ptII/ptolemy/actor/lib/test/auto/SubscriberPortInitialValues2.xml
----------------- Instantiating /home/travis/build/icyphy/ptII/ptolemy/actor/lib/test/auto/SubscriberPortInitialValues2.xml
4 ms. Memory: 542720K Free: 418302K (77%)
----------------- Invoking toplevel() on ptolemy.moml.MoMLSimpleApplication@1b584c6f
----------------- Done invoking toplevel() on ptolemy.moml.MoMLSimpleApplication@1b584c6f
reloadAllAccessors: .SubscriberPortInitialValues2

===========================================================================================
----------------- testing Sat Feb 15 07:03:58 UTC 2020 /home/travis/build/icyphy/ptII/ptolemy/actor/lib/test/auto/SubscriberPortInitialValues3.xml
----------------- Instantiating /home/travis/build/icyphy/ptII/ptolemy/actor/lib/test/auto/SubscriberPortInitialValues3.xml
4 ms. Memory: 542720K Free: 407552K (75%)
----------------- Invoking toplevel() on ptolemy.moml.MoMLSimpleApplication@3dfe48b0
----------------- Done invoking toplevel() on ptolemy.moml.MoMLSimpleApplication@3dfe48b0
reloadAllAccessors: .SubscriberPortInitialValues3

===========================================================================================
----------------- testing Sat Feb 15 07:03:58 UTC 2020 /home/travis/build/icyphy/ptII/ptolemy/actor/lib/test/auto/SubscriptionAggregator.xml
----------------- Instantiating /home/travis/build/icyphy/ptII/ptolemy/actor/lib/test/auto/SubscriptionAggregator.xml
2 ms. Memory: 542720K Free: 400887K (74%)
----------------- Invoking toplevel() on ptolemy.moml.MoMLSimpleApplication@5d37648
----------------- Done invoking toplevel() on ptolemy.moml.MoMLSimpleApplication@5d37648
reloadAllAccessors: .SubscriptionAggregator

===========================================================================================
----------------- testing Sat Feb 15 07:03:58 UTC 2020 /home/travis/build/icyphy/ptII/ptolemy/actor/lib/test/auto/SubscriptionAggregator2.xml
----------------- Instantiating /home/travis/build/icyphy/ptII/ptolemy/actor/lib/test/auto/SubscriptionAggregator2.xml
2 ms. Memory: 542720K Free: 394240K (73%)
----------------- Invoking toplevel() on ptolemy.moml.MoMLSimpleApplication@20a15661
----------------- Done invoking toplevel() on ptolemy.moml.MoMLSimpleApplication@20a15661
reloadAllAccessors: .SubscriptionAggregator2

===========================================================================================
----------------- testing Sat Feb 15 07:03:58 UTC 2020 /home/travis/build/icyphy/ptII/ptolemy/actor/lib/test/auto/SubscriptionAggregator3.xml
----------------- Instantiating /home/travis/build/icyphy/ptII/ptolemy/actor/lib/test/auto/SubscriptionAggregator3.xml
3 ms. Memory: 542720K Free: 385024K (71%)
----------------- Invoking toplevel() on ptolemy.moml.MoMLSimpleApplication@5387635c
----------------- Done invoking toplevel() on ptolemy.moml.MoMLSimpleApplication@5387635c
reloadAllAccessors: .SubscriptionAggregator3

===========================================================================================
----------------- testing Sat Feb 15 07:03:58 UTC 2020 /home/travis/build/icyphy/ptII/ptolemy/actor/lib/test/auto/SubscriptionAggregatorMultiply.xml
----------------- Instantiating /home/travis/build/icyphy/ptII/ptolemy/actor/lib/test/auto/SubscriptionAggregatorMultiply.xml
13 ms. Memory: 542720K Free: 376318K (69%)
----------------- Invoking toplevel() on ptolemy.moml.MoMLSimpleApplication@21a76e74
----------------- Done invoking toplevel() on ptolemy.moml.MoMLSimpleApplication@21a76e74
reloadAllAccessors: .SubscriptionAggregatorMultiply

===========================================================================================
----------------- testing Sat Feb 15 07:03:58 UTC 2020 /home/travis/build/icyphy/ptII/ptolemy/actor/lib/test/auto/SubscriptionAggregatorPortMultiply1.xml
----------------- Instantiating /home/travis/build/icyphy/ptII/ptolemy/actor/lib/test/auto/SubscriptionAggregatorPortMultiply1.xml
4 ms. Memory: 542720K Free: 368640K (68%)
----------------- Invoking toplevel() on ptolemy.moml.MoMLSimpleApplication@5d5a0799
----------------- Done invoking toplevel() on ptolemy.moml.MoMLSimpleApplication@5d5a0799
reloadAllAccessors: .SubscriptionAggregatorPortMultiply1

===========================================================================================
----------------- testing Sat Feb 15 07:03:58 UTC 2020 /home/travis/build/icyphy/ptII/ptolemy/actor/lib/test/auto/Switch.xml
----------------- Instantiating /home/travis/build/icyphy/ptII/ptolemy/actor/lib/test/auto/Switch.xml
6 ms. Memory: 542720K Free: 360448K (66%)
----------------- Invoking toplevel() on ptolemy.moml.MoMLSimpleApplication@3035d690
----------------- Done invoking toplevel() on ptolemy.moml.MoMLSimpleApplication@3035d690
reloadAllAccessors: .Switch

===========================================================================================
----------------- testing Sat Feb 15 07:03:58 UTC 2020 /home/travis/build/icyphy/ptII/ptolemy/actor/lib/test/auto/Switch2.xml
----------------- Instantiating /home/travis/build/icyphy/ptII/ptolemy/actor/lib/test/auto/Switch2.xml
1 ms. Memory: 542720K Free: 355838K (66%)
----------------- Invoking toplevel() on ptolemy.moml.MoMLSimpleApplication@6d7a6a84
----------------- Done invoking toplevel() on ptolemy.moml.MoMLSimpleApplication@6d7a6a84
reloadAllAccessors: .Switch2

===========================================================================================
----------------- testing Sat Feb 15 07:03:58 UTC 2020 /home/travis/build/icyphy/ptII/ptolemy/actor/lib/test/auto/SwitchDE.xml
----------------- Instantiating /home/travis/build/icyphy/ptII/ptolemy/actor/lib/test/auto/SwitchDE.xml
3 ms. Memory: 542720K Free: 349663K (64%)
----------------- Invoking toplevel() on ptolemy.moml.MoMLSimpleApplication@e6e7aec
----------------- Done invoking toplevel() on ptolemy.moml.MoMLSimpleApplication@e6e7aec
reloadAllAccessors: .SwitchDE

===========================================================================================
----------------- testing Sat Feb 15 07:03:58 UTC 2020 /home/travis/build/icyphy/ptII/ptolemy/actor/lib/test/auto/SynchronizerDE.xml
----------------- Instantiating /home/travis/build/icyphy/ptII/ptolemy/actor/lib/test/auto/SynchronizerDE.xml
5 ms. Memory: 542720K Free: 340992K (63%)
----------------- Invoking toplevel() on ptolemy.moml.MoMLSimpleApplication@4ab6a04d
----------------- Done invoking toplevel() on ptolemy.moml.MoMLSimpleApplication@4ab6a04d
reloadAllAccessors: .SynchronizerDE

===========================================================================================
----------------- testing Sat Feb 15 07:03:59 UTC 2020 /home/travis/build/icyphy/ptII/ptolemy/actor/lib/test/auto/Test.xml
----------------- Instantiating /home/travis/build/icyphy/ptII/ptolemy/actor/lib/test/auto/Test.xml
9 ms. Memory: 542720K Free: 335872K (62%)
----------------- Invoking toplevel() on ptolemy.moml.MoMLSimpleApplication@2c765649
----------------- Done invoking toplevel() on ptolemy.moml.MoMLSimpleApplication@2c765649
reloadAllAccessors: .Test

===========================================================================================
----------------- testing Sat Feb 15 07:03:59 UTC 2020 /home/travis/build/icyphy/ptII/ptolemy/actor/lib/test/auto/TestExceptionAttribute1.xml
----------------- Instantiating /home/travis/build/icyphy/ptII/ptolemy/actor/lib/test/auto/TestExceptionAttribute1.xml
1 ms. Memory: 542720K Free: 332286K (61%)
----------------- Invoking toplevel() on ptolemy.moml.MoMLSimpleApplication@6e60bdd9
----------------- Done invoking toplevel() on ptolemy.moml.MoMLSimpleApplication@6e60bdd9
reloadAllAccessors: .TestExceptionAttribute1

===========================================================================================
----------------- testing Sat Feb 15 07:03:59 UTC 2020 /home/travis/build/icyphy/ptII/ptolemy/actor/lib/test/auto/TestExceptionAttribute2.xml
----------------- Instantiating /home/travis/build/icyphy/ptII/ptolemy/actor/lib/test/auto/TestExceptionAttribute2.xml
1 ms. Memory: 542720K Free: 328704K (61%)
----------------- Invoking toplevel() on ptolemy.moml.MoMLSimpleApplication@3516c1ef
----------------- Done invoking toplevel() on ptolemy.moml.MoMLSimpleApplication@3516c1ef
reloadAllAccessors: .TestExceptionAttribute2

===========================================================================================
----------------- testing Sat Feb 15 07:03:59 UTC 2020 /home/travis/build/icyphy/ptII/ptolemy/actor/lib/test/auto/TestExceptionAttribute3.xml
----------------- Instantiating /home/travis/build/icyphy/ptII/ptolemy/actor/lib/test/auto/TestExceptionAttribute3.xml
.TestExceptionAttribute3.TestExceptionAttribute: initialize() was not invoked, but wrapup() was.  This is unusual, but not always a problem.  For example, exporting JNLP will do this.
1 ms. Memory: 542720K Free: 324608K (60%)
----------------- Invoking toplevel() on ptolemy.moml.MoMLSimpleApplication@7bf9267f
----------------- Done invoking toplevel() on ptolemy.moml.MoMLSimpleApplication@7bf9267f
reloadAllAccessors: .TestExceptionAttribute3

===========================================================================================
----------------- testing Sat Feb 15 07:03:59 UTC 2020 /home/travis/build/icyphy/ptII/ptolemy/actor/lib/test/auto/TestExceptionAttribute4.xml
----------------- Instantiating /home/travis/build/icyphy/ptII/ptolemy/actor/lib/test/auto/TestExceptionAttribute4.xml
.TestExceptionAttribute4.TestExceptionAttribute: initialize() was not invoked, but wrapup() was.  This is unusual, but not always a problem.  For example, exporting JNLP will do this.
.TestExceptionAttribute4.TestExceptionAttribute2: initialize() was not invoked, but wrapup() was.  This is unusual, but not always a problem.  For example, exporting JNLP will do this.
1 ms. Memory: 542720K Free: 320512K (59%)
----------------- Invoking toplevel() on ptolemy.moml.MoMLSimpleApplication@332ad900
----------------- Done invoking toplevel() on ptolemy.moml.MoMLSimpleApplication@332ad900
reloadAllAccessors: .TestExceptionAttribute4

===========================================================================================
----------------- testing Sat Feb 15 07:03:59 UTC 2020 /home/travis/build/icyphy/ptII/ptolemy/actor/lib/test/auto/TestExceptionHandler1.xml
----------------- Instantiating /home/travis/build/icyphy/ptII/ptolemy/actor/lib/test/auto/TestExceptionHandler1.xml
1 ms. Memory: 542720K Free: 316926K (58%)
----------------- Invoking toplevel() on ptolemy.moml.MoMLSimpleApplication@1a0ca00a
----------------- Done invoking toplevel() on ptolemy.moml.MoMLSimpleApplication@1a0ca00a
reloadAllAccessors: .TestExceptionHandler1

===========================================================================================
----------------- testing Sat Feb 15 07:03:59 UTC 2020 /home/travis/build/icyphy/ptII/ptolemy/actor/lib/test/auto/TestExceptionHandler2.xml
----------------- Instantiating /home/travis/build/icyphy/ptII/ptolemy/actor/lib/test/auto/TestExceptionHandler2.xml
1 ms. Memory: 542720K Free: 313344K (58%)
----------------- Invoking toplevel() on ptolemy.moml.MoMLSimpleApplication@4db54c2
----------------- Done invoking toplevel() on ptolemy.moml.MoMLSimpleApplication@4db54c2
reloadAllAccessors: .TestExceptionHandler2

===========================================================================================
----------------- testing Sat Feb 15 07:03:59 UTC 2020 /home/travis/build/icyphy/ptII/ptolemy/actor/lib/test/auto/TestExceptionHandler3.xml
----------------- Instantiating /home/travis/build/icyphy/ptII/ptolemy/actor/lib/test/auto/TestExceptionHandler3.xml
1 ms. Memory: 542720K Free: 309758K (57%)
----------------- Invoking toplevel() on ptolemy.moml.MoMLSimpleApplication@6518d726
----------------- Done invoking toplevel() on ptolemy.moml.MoMLSimpleApplication@6518d726
reloadAllAccessors: .TestExceptionHandler3

===========================================================================================
----------------- testing Sat Feb 15 07:03:59 UTC 2020 /home/travis/build/icyphy/ptII/ptolemy/actor/lib/test/auto/TestExceptionHandler4.xml
----------------- Instantiating /home/travis/build/icyphy/ptII/ptolemy/actor/lib/test/auto/TestExceptionHandler4.xml
1 ms. Memory: 542720K Free: 305152K (56%)
----------------- Invoking toplevel() on ptolemy.moml.MoMLSimpleApplication@d6d2ed
----------------- Done invoking toplevel() on ptolemy.moml.MoMLSimpleApplication@d6d2ed
reloadAllAccessors: .TestExceptionHandler4

===========================================================================================
----------------- testing Sat Feb 15 07:03:59 UTC 2020 /home/travis/build/icyphy/ptII/ptolemy/actor/lib/test/auto/TestRequireCorrectOrder.xml
----------------- Instantiating /home/travis/build/icyphy/ptII/ptolemy/actor/lib/test/auto/TestRequireCorrectOrder.xml
5 ms. Memory: 542720K Free: 300032K (55%)
----------------- Invoking toplevel() on ptolemy.moml.MoMLSimpleApplication@2c101433
----------------- Done invoking toplevel() on ptolemy.moml.MoMLSimpleApplication@2c101433
reloadAllAccessors: .TestRequireCorrectOrder

===========================================================================================
----------------- testing Sat Feb 15 07:03:59 UTC 2020 /home/travis/build/icyphy/ptII/ptolemy/actor/lib/test/auto/TestSimple.xml
----------------- Instantiating /home/travis/build/icyphy/ptII/ptolemy/actor/lib/test/auto/TestSimple.xml
1 ms. Memory: 542720K Free: 295422K (54%)
----------------- Invoking toplevel() on ptolemy.moml.MoMLSimpleApplication@149d048b
----------------- Done invoking toplevel() on ptolemy.moml.MoMLSimpleApplication@149d048b
reloadAllAccessors: .TestSimple

===========================================================================================
----------------- testing Sat Feb 15 07:03:59 UTC 2020 /home/travis/build/icyphy/ptII/ptolemy/actor/lib/test/auto/ThrowModelError.xml
----------------- Instantiating /home/travis/build/icyphy/ptII/ptolemy/actor/lib/test/auto/ThrowModelError.xml
1 ms. Memory: 542720K Free: 290816K (54%)
----------------- Invoking toplevel() on ptolemy.moml.MoMLSimpleApplication@31d3e241
----------------- Done invoking toplevel() on ptolemy.moml.MoMLSimpleApplication@31d3e241
reloadAllAccessors: .ThrowModelError

===========================================================================================
----------------- testing Sat Feb 15 07:03:59 UTC 2020 /home/travis/build/icyphy/ptII/ptolemy/actor/lib/test/auto/TimeDelayMicrosteps.xml
----------------- Instantiating /home/travis/build/icyphy/ptII/ptolemy/actor/lib/test/auto/TimeDelayMicrosteps.xml
3 ms. Memory: 542720K Free: 283648K (52%)
----------------- Invoking toplevel() on ptolemy.moml.MoMLSimpleApplication@10fba05c
----------------- Done invoking toplevel() on ptolemy.moml.MoMLSimpleApplication@10fba05c
reloadAllAccessors: .TimeDelayMicrosteps

===========================================================================================
----------------- testing Sat Feb 15 07:03:59 UTC 2020 /home/travis/build/icyphy/ptII/ptolemy/actor/lib/test/auto/TimeDelayMicrosteps2.xml
----------------- Instantiating /home/travis/build/icyphy/ptII/ptolemy/actor/lib/test/auto/TimeDelayMicrosteps2.xml
3 ms. Memory: 542720K Free: 276480K (51%)
----------------- Invoking toplevel() on ptolemy.moml.MoMLSimpleApplication@6e27bc85
----------------- Done invoking toplevel() on ptolemy.moml.MoMLSimpleApplication@6e27bc85
reloadAllAccessors: .TimeDelayMicrosteps2

===========================================================================================
----------------- testing Sat Feb 15 07:03:59 UTC 2020 /home/travis/build/icyphy/ptII/ptolemy/actor/lib/test/auto/TimeDelayMicrosteps3.xml
----------------- Instantiating /home/travis/build/icyphy/ptII/ptolemy/actor/lib/test/auto/TimeDelayMicrosteps3.xml
3 ms. Memory: 542720K Free: 269791K (50%)
----------------- Invoking toplevel() on ptolemy.moml.MoMLSimpleApplication@1af9548f
----------------- Done invoking toplevel() on ptolemy.moml.MoMLSimpleApplication@1af9548f
reloadAllAccessors: .TimeDelayMicrosteps3

===========================================================================================
----------------- testing Sat Feb 15 07:03:59 UTC 2020 /home/travis/build/icyphy/ptII/ptolemy/actor/lib/test/auto/TimeDelayVariableMicrosteps.xml
----------------- Instantiating /home/travis/build/icyphy/ptII/ptolemy/actor/lib/test/auto/TimeDelayVariableMicrosteps.xml
3 ms. Memory: 542720K Free: 263168K (48%)
----------------- Invoking toplevel() on ptolemy.moml.MoMLSimpleApplication@76375e4
----------------- Done invoking toplevel() on ptolemy.moml.MoMLSimpleApplication@76375e4
reloadAllAccessors: .TimeDelayVariableMicrosteps

===========================================================================================
----------------- testing Sat Feb 15 07:03:59 UTC 2020 /home/travis/build/icyphy/ptII/ptolemy/actor/lib/test/auto/TimeGap.xml
----------------- Instantiating /home/travis/build/icyphy/ptII/ptolemy/actor/lib/test/auto/TimeGap.xml
10 ms. Memory: 542720K Free: 257519K (47%)
----------------- Invoking toplevel() on ptolemy.moml.MoMLSimpleApplication@36fec52f
----------------- Done invoking toplevel() on ptolemy.moml.MoMLSimpleApplication@36fec52f
reloadAllAccessors: .TimeGap

===========================================================================================
----------------- testing Sat Feb 15 07:03:59 UTC 2020 /home/travis/build/icyphy/ptII/ptolemy/actor/lib/test/auto/TimeGap2.xml
----------------- Instantiating /home/travis/build/icyphy/ptII/ptolemy/actor/lib/test/auto/TimeGap2.xml
2 ms. Memory: 542720K Free: 251904K (46%)
----------------- Invoking toplevel() on ptolemy.moml.MoMLSimpleApplication@693d796b
----------------- Done invoking toplevel() on ptolemy.moml.MoMLSimpleApplication@693d796b
reloadAllAccessors: .TimeGap2

===========================================================================================
----------------- testing Sat Feb 15 07:03:59 UTC 2020 /home/travis/build/icyphy/ptII/ptolemy/actor/lib/test/auto/TimedSinewave.xml
----------------- Instantiating /home/travis/build/icyphy/ptII/ptolemy/actor/lib/test/auto/TimedSinewave.xml
19 ms. Memory: 542720K Free: 238078K (44%)
----------------- Invoking toplevel() on ptolemy.moml.MoMLSimpleApplication@1feecc0f
----------------- Done invoking toplevel() on ptolemy.moml.MoMLSimpleApplication@1feecc0f
reloadAllAccessors: .TimedSinewave

===========================================================================================
----------------- testing Sat Feb 15 07:03:59 UTC 2020 /home/travis/build/icyphy/ptII/ptolemy/actor/lib/test/auto/TimedSinewavePhase.xml
----------------- Instantiating /home/travis/build/icyphy/ptII/ptolemy/actor/lib/test/auto/TimedSinewavePhase.xml
10 ms. Memory: 542720K Free: 228352K (42%)
----------------- Invoking toplevel() on ptolemy.moml.MoMLSimpleApplication@fb0e256
----------------- Done invoking toplevel() on ptolemy.moml.MoMLSimpleApplication@fb0e256
reloadAllAccessors: .TimedSinewavePhase

===========================================================================================
----------------- testing Sat Feb 15 07:03:59 UTC 2020 /home/travis/build/icyphy/ptII/ptolemy/actor/lib/test/auto/Timer.xml
----------------- Instantiating /home/travis/build/icyphy/ptII/ptolemy/actor/lib/test/auto/Timer.xml
1 ms. Memory: 542720K Free: 222208K (41%)
----------------- Invoking toplevel() on ptolemy.moml.MoMLSimpleApplication@253191b4
----------------- Done invoking toplevel() on ptolemy.moml.MoMLSimpleApplication@253191b4
reloadAllAccessors: .Timer

===========================================================================================
----------------- testing Sat Feb 15 07:03:59 UTC 2020 /home/travis/build/icyphy/ptII/ptolemy/actor/lib/test/auto/TriangularDistTestModel.xml
----------------- Instantiating /home/travis/build/icyphy/ptII/ptolemy/actor/lib/test/auto/TriangularDistTestModel.xml
2 ms. Memory: 542720K Free: 216559K (40%)
----------------- Invoking toplevel() on ptolemy.moml.MoMLSimpleApplication@7a0167d3
----------------- Done invoking toplevel() on ptolemy.moml.MoMLSimpleApplication@7a0167d3
reloadAllAccessors: .TriangularDistTestModel

===========================================================================================
----------------- testing Sat Feb 15 07:03:59 UTC 2020 /home/travis/build/icyphy/ptII/ptolemy/actor/lib/test/auto/TrigFunction.xml
----------------- Instantiating /home/travis/build/icyphy/ptII/ptolemy/actor/lib/test/auto/TrigFunction.xml
2 ms. Memory: 542720K Free: 211454K (39%)
----------------- Invoking toplevel() on ptolemy.moml.MoMLSimpleApplication@3201ed07
----------------- Done invoking toplevel() on ptolemy.moml.MoMLSimpleApplication@3201ed07
reloadAllAccessors: .TrigFunction

===========================================================================================
----------------- testing Sat Feb 15 07:03:59 UTC 2020 /home/travis/build/icyphy/ptII/ptolemy/actor/lib/test/auto/TrigFunctionDE.xml
----------------- Instantiating /home/travis/build/icyphy/ptII/ptolemy/actor/lib/test/auto/TrigFunctionDE.xml
2 ms. Memory: 542720K Free: 205310K (38%)
----------------- Invoking toplevel() on ptolemy.moml.MoMLSimpleApplication@6532b9df
----------------- Done invoking toplevel() on ptolemy.moml.MoMLSimpleApplication@6532b9df
reloadAllAccessors: .TrigFunctionDE

===========================================================================================
----------------- testing Sat Feb 15 07:03:59 UTC 2020 /home/travis/build/icyphy/ptII/ptolemy/actor/lib/test/auto/TrigFunctionInverse.xml
----------------- Instantiating /home/travis/build/icyphy/ptII/ptolemy/actor/lib/test/auto/TrigFunctionInverse.xml
2 ms. Memory: 542720K Free: 200190K (37%)
----------------- Invoking toplevel() on ptolemy.moml.MoMLSimpleApplication@7671a58b
----------------- Done invoking toplevel() on ptolemy.moml.MoMLSimpleApplication@7671a58b
reloadAllAccessors: .TrigFunctionInverse

===========================================================================================
----------------- testing Sat Feb 15 07:03:59 UTC 2020 /home/travis/build/icyphy/ptII/ptolemy/actor/lib/test/auto/TrigFunctionTan.xml
----------------- Instantiating /home/travis/build/icyphy/ptII/ptolemy/actor/lib/test/auto/TrigFunctionTan.xml
2 ms. Memory: 542720K Free: 196094K (36%)
----------------- Invoking toplevel() on ptolemy.moml.MoMLSimpleApplication@32635999
----------------- Done invoking toplevel() on ptolemy.moml.MoMLSimpleApplication@32635999
reloadAllAccessors: .TrigFunctionTan

===========================================================================================
----------------- testing Sat Feb 15 07:03:59 UTC 2020 /home/travis/build/icyphy/ptII/ptolemy/actor/lib/test/auto/TriggeredClock.xml
----------------- Instantiating /home/travis/build/icyphy/ptII/ptolemy/actor/lib/test/auto/TriggeredClock.xml
1 ms. Memory: 542720K Free: 190967K (35%)
----------------- Invoking toplevel() on ptolemy.moml.MoMLSimpleApplication@bf5c83d
----------------- Done invoking toplevel() on ptolemy.moml.MoMLSimpleApplication@bf5c83d
reloadAllAccessors: .TriggeredClock

===========================================================================================
----------------- testing Sat Feb 15 07:03:59 UTC 2020 /home/travis/build/icyphy/ptII/ptolemy/actor/lib/test/auto/URLDirectoryReader.xml
----------------- Instantiating /home/travis/build/icyphy/ptII/ptolemy/actor/lib/test/auto/URLDirectoryReader.xml
40 ms. Memory: 542720K Free: 181248K (33%)
----------------- Invoking toplevel() on ptolemy.moml.MoMLSimpleApplication@5dfaf37e
----------------- Done invoking toplevel() on ptolemy.moml.MoMLSimpleApplication@5dfaf37e
reloadAllAccessors: .URLDirectoryReader

===========================================================================================
----------------- testing Sat Feb 15 07:03:59 UTC 2020 /home/travis/build/icyphy/ptII/ptolemy/actor/lib/test/auto/URLDirectoryReader3.xml
----------------- Instantiating /home/travis/build/icyphy/ptII/ptolemy/actor/lib/test/auto/URLDirectoryReader3.xml
1202 ms. Memory: 542720K Free: 479523K (88%)
----------------- Invoking toplevel() on ptolemy.moml.MoMLSimpleApplication@20ee1ba4
----------------- Done invoking toplevel() on ptolemy.moml.MoMLSimpleApplication@20ee1ba4
reloadAllAccessors: .URLDirectoryReader3

===========================================================================================
----------------- testing Sat Feb 15 07:04:01 UTC 2020 /home/travis/build/icyphy/ptII/ptolemy/actor/lib/test/auto/UnaryMathFunction.xml
----------------- Instantiating /home/travis/build/icyphy/ptII/ptolemy/actor/lib/test/auto/UnaryMathFunction.xml
3 ms. Memory: 542720K Free: 471841K (87%)
----------------- Invoking toplevel() on ptolemy.moml.MoMLSimpleApplication@21795652
----------------- Done invoking toplevel() on ptolemy.moml.MoMLSimpleApplication@21795652
reloadAllAccessors: .UnaryMathFunction

===========================================================================================
----------------- testing Sat Feb 15 07:04:01 UTC 2020 /home/travis/build/icyphy/ptII/ptolemy/actor/lib/test/auto/Uniform.xml
----------------- Instantiating /home/travis/build/icyphy/ptII/ptolemy/actor/lib/test/auto/Uniform.xml
1 ms. Memory: 542720K Free: 466211K (86%)
----------------- Invoking toplevel() on ptolemy.moml.MoMLSimpleApplication@28a67082
----------------- Done invoking toplevel() on ptolemy.moml.MoMLSimpleApplication@28a67082
reloadAllAccessors: .Uniform

===========================================================================================
----------------- testing Sat Feb 15 07:04:01 UTC 2020 /home/travis/build/icyphy/ptII/ptolemy/actor/lib/test/auto/UnionDisassemblerTest.xml
----------------- Instantiating /home/travis/build/icyphy/ptII/ptolemy/actor/lib/test/auto/UnionDisassemblerTest.xml
18 ms. Memory: 542720K Free: 462610K (85%)
----------------- Invoking toplevel() on ptolemy.moml.MoMLSimpleApplication@22418f62
----------------- Done invoking toplevel() on ptolemy.moml.MoMLSimpleApplication@22418f62
reloadAllAccessors: .UnionDisassemblerTest

===========================================================================================
----------------- testing Sat Feb 15 07:04:01 UTC 2020 /home/travis/build/icyphy/ptII/ptolemy/actor/lib/test/auto/UtilityFunctions.xml
----------------- Instantiating /home/travis/build/icyphy/ptII/ptolemy/actor/lib/test/auto/UtilityFunctions.xml
1 ms. Memory: 542720K Free: 459043K (85%)
----------------- Invoking toplevel() on ptolemy.moml.MoMLSimpleApplication@51133ff9
----------------- Done invoking toplevel() on ptolemy.moml.MoMLSimpleApplication@51133ff9
reloadAllAccessors: .UtilityFunctions

===========================================================================================
----------------- testing Sat Feb 15 07:04:01 UTC 2020 /home/travis/build/icyphy/ptII/ptolemy/actor/lib/test/auto/VariableSleep.xml
----------------- Instantiating /home/travis/build/icyphy/ptII/ptolemy/actor/lib/test/auto/VariableSleep.xml
503 ms. Memory: 542720K Free: 453923K (84%)
----------------- Invoking toplevel() on ptolemy.moml.MoMLSimpleApplication@381c59be
----------------- Done invoking toplevel() on ptolemy.moml.MoMLSimpleApplication@381c59be
reloadAllAccessors: .VariableSleep

===========================================================================================
----------------- testing Sat Feb 15 07:04:01 UTC 2020 /home/travis/build/icyphy/ptII/ptolemy/actor/lib/test/auto/VectorAssemblerDisassemblerCT.xml
----------------- Instantiating /home/travis/build/icyphy/ptII/ptolemy/actor/lib/test/auto/VectorAssemblerDisassemblerCT.xml
83 ms. Memory: 542720K Free: 432929K (80%)
----------------- Invoking toplevel() on ptolemy.moml.MoMLSimpleApplication@5dd12e9c
----------------- Done invoking toplevel() on ptolemy.moml.MoMLSimpleApplication@5dd12e9c
reloadAllAccessors: .VectorAssemblerDisassemblerCT

===========================================================================================
----------------- testing Sat Feb 15 07:04:01 UTC 2020 /home/travis/build/icyphy/ptII/ptolemy/actor/lib/test/auto/VectorAssemblerDisassemblerDE.xml
----------------- Instantiating /home/travis/build/icyphy/ptII/ptolemy/actor/lib/test/auto/VectorAssemblerDisassemblerDE.xml
3 ms. Memory: 542720K Free: 425761K (78%)
----------------- Invoking toplevel() on ptolemy.moml.MoMLSimpleApplication@18cd74a6
----------------- Done invoking toplevel() on ptolemy.moml.MoMLSimpleApplication@18cd74a6
reloadAllAccessors: .VectorAssemblerDisassemblerDE

===========================================================================================
----------------- testing Sat Feb 15 07:04:01 UTC 2020 /home/travis/build/icyphy/ptII/ptolemy/actor/lib/test/auto/VectorAssemblerDisassemblerSDF.xml
----------------- Instantiating /home/travis/build/icyphy/ptII/ptolemy/actor/lib/test/auto/VectorAssemblerDisassemblerSDF.xml
3 ms. Memory: 542720K Free: 419107K (77%)
----------------- Invoking toplevel() on ptolemy.moml.MoMLSimpleApplication@27b285ee
----------------- Done invoking toplevel() on ptolemy.moml.MoMLSimpleApplication@27b285ee
reloadAllAccessors: .VectorAssemblerDisassemblerSDF

===========================================================================================
----------------- testing Sat Feb 15 07:04:01 UTC 2020 /home/travis/build/icyphy/ptII/ptolemy/actor/lib/test/auto/WallClockTime.xml
----------------- Instantiating /home/travis/build/icyphy/ptII/ptolemy/actor/lib/test/auto/WallClockTime.xml
1005 ms. Memory: 542720K Free: 413473K (76%)
----------------- Invoking toplevel() on ptolemy.moml.MoMLSimpleApplication@78bcf0a5
----------------- Done invoking toplevel() on ptolemy.moml.MoMLSimpleApplication@78bcf0a5
reloadAllAccessors: .WallClockTime

===========================================================================================
----------------- testing Sat Feb 15 07:04:02 UTC 2020 /home/travis/build/icyphy/ptII/ptolemy/actor/lib/test/auto/WidthTestWithSubscriberPublisher.xml
----------------- Instantiating /home/travis/build/icyphy/ptII/ptolemy/actor/lib/test/auto/WidthTestWithSubscriberPublisher.xml
8 ms. Memory: 542720K Free: 395555K (73%)
----------------- Invoking toplevel() on ptolemy.moml.MoMLSimpleApplication@1de1eba9
----------------- Done invoking toplevel() on ptolemy.moml.MoMLSimpleApplication@1de1eba9
reloadAllAccessors: .WidthTestWithSubscriberPublisher

===========================================================================================
----------------- testing Sat Feb 15 07:04:02 UTC 2020 /home/travis/build/icyphy/ptII/ptolemy/actor/lib/test/auto/WidthTestWithSubscriberPublisher2.xml
----------------- Instantiating /home/travis/build/icyphy/ptII/ptolemy/actor/lib/test/auto/WidthTestWithSubscriberPublisher2.xml
3 ms. Memory: 542720K Free: 389411K (72%)
----------------- Invoking toplevel() on ptolemy.moml.MoMLSimpleApplication@52d5d4c0
----------------- Done invoking toplevel() on ptolemy.moml.MoMLSimpleApplication@52d5d4c0
reloadAllAccessors: .WidthTestWithSubscriberPublisher2

===========================================================================================
----------------- testing Sat Feb 15 07:04:02 UTC 2020 /home/travis/build/icyphy/ptII/ptolemy/actor/lib/test/auto/WidthTestWithSubscriberPublisher3.xml
----------------- Instantiating /home/travis/build/icyphy/ptII/ptolemy/actor/lib/test/auto/WidthTestWithSubscriberPublisher3.xml
2 ms. Memory: 542720K Free: 383267K (71%)
----------------- Invoking toplevel() on ptolemy.moml.MoMLSimpleApplication@4ca54365
----------------- Done invoking toplevel() on ptolemy.moml.MoMLSimpleApplication@4ca54365
reloadAllAccessors: .WidthTestWithSubscriberPublisher3

===========================================================================================
----------------- testing Sat Feb 15 07:04:02 UTC 2020 /home/travis/build/icyphy/ptII/ptolemy/actor/lib/test/auto/Writer.xml
----------------- Instantiating /home/travis/build/icyphy/ptII/ptolemy/actor/lib/test/auto/Writer.xml
0
1
2
3
4
1 ms. Memory: 542720K Free: 379171K (70%)
----------------- Invoking toplevel() on ptolemy.moml.MoMLSimpleApplication@530802fe
----------------- Done invoking toplevel() on ptolemy.moml.MoMLSimpleApplication@530802fe
reloadAllAccessors: .Writer

===========================================================================================
----------------- testing Sat Feb 15 07:04:02 UTC 2020 /home/travis/build/icyphy/ptII/ptolemy/actor/lib/test/auto/array.xml
----------------- Instantiating /home/travis/build/icyphy/ptII/ptolemy/actor/lib/test/auto/array.xml
2 ms. Memory: 542720K Free: 374561K (69%)
----------------- Invoking toplevel() on ptolemy.moml.MoMLSimpleApplication@bf8750e
----------------- Done invoking toplevel() on ptolemy.moml.MoMLSimpleApplication@bf8750e
reloadAllAccessors: .array

===========================================================================================
----------------- testing Sat Feb 15 07:04:02 UTC 2020 /home/travis/build/icyphy/ptII/ptolemy/actor/lib/test/auto/array2.xml
----------------- Instantiating /home/travis/build/icyphy/ptII/ptolemy/actor/lib/test/auto/array2.xml
5 ms. Memory: 542720K Free: 368931K (68%)
----------------- Invoking toplevel() on ptolemy.moml.MoMLSimpleApplication@5513cea1
----------------- Done invoking toplevel() on ptolemy.moml.MoMLSimpleApplication@5513cea1
reloadAllAccessors: .array2

===========================================================================================
----------------- testing Sat Feb 15 07:04:02 UTC 2020 /home/travis/build/icyphy/ptII/ptolemy/actor/lib/test/auto/arrayType.xml
----------------- Instantiating /home/travis/build/icyphy/ptII/ptolemy/actor/lib/test/auto/arrayType.xml
2 ms. Memory: 542720K Free: 363811K (67%)
----------------- Invoking toplevel() on ptolemy.moml.MoMLSimpleApplication@46da171a
----------------- Done invoking toplevel() on ptolemy.moml.MoMLSimpleApplication@46da171a
reloadAllAccessors: .arrayType

===========================================================================================
----------------- testing Sat Feb 15 07:04:02 UTC 2020 /home/travis/build/icyphy/ptII/ptolemy/actor/lib/test/auto/arrayType10.xml
----------------- Instantiating /home/travis/build/icyphy/ptII/ptolemy/actor/lib/test/auto/arrayType10.xml
1 ms. Memory: 542720K Free: 359201K (66%)
----------------- Invoking toplevel() on ptolemy.moml.MoMLSimpleApplication@36328b1b
----------------- Done invoking toplevel() on ptolemy.moml.MoMLSimpleApplication@36328b1b
reloadAllAccessors: .arrayType10

===========================================================================================
----------------- testing Sat Feb 15 07:04:02 UTC 2020 /home/travis/build/icyphy/ptII/ptolemy/actor/lib/test/auto/arrayType11.xml
----------------- Instantiating /home/travis/build/icyphy/ptII/ptolemy/actor/lib/test/auto/arrayType11.xml
2 ms. Memory: 542720K Free: 354081K (65%)
----------------- Invoking toplevel() on ptolemy.moml.MoMLSimpleApplication@30354b07
----------------- Done invoking toplevel() on ptolemy.moml.MoMLSimpleApplication@30354b07
reloadAllAccessors: .arrayType11

===========================================================================================
----------------- testing Sat Feb 15 07:04:02 UTC 2020 /home/travis/build/icyphy/ptII/ptolemy/actor/lib/test/auto/arrayType12.xml
----------------- Instantiating /home/travis/build/icyphy/ptII/ptolemy/actor/lib/test/auto/arrayType12.xml
2 ms. Memory: 542720K Free: 348961K (64%)
----------------- Invoking toplevel() on ptolemy.moml.MoMLSimpleApplication@159e1d90
----------------- Done invoking toplevel() on ptolemy.moml.MoMLSimpleApplication@159e1d90
reloadAllAccessors: .arrayType12

===========================================================================================
----------------- testing Sat Feb 15 07:04:02 UTC 2020 /home/travis/build/icyphy/ptII/ptolemy/actor/lib/test/auto/arrayType13.xml
----------------- Instantiating /home/travis/build/icyphy/ptII/ptolemy/actor/lib/test/auto/arrayType13.xml
2 ms. Memory: 542720K Free: 343841K (63%)
----------------- Invoking toplevel() on ptolemy.moml.MoMLSimpleApplication@3f293464
----------------- Done invoking toplevel() on ptolemy.moml.MoMLSimpleApplication@3f293464
reloadAllAccessors: .arrayType13

===========================================================================================
----------------- testing Sat Feb 15 07:04:02 UTC 2020 /home/travis/build/icyphy/ptII/ptolemy/actor/lib/test/auto/arrayType14.xml
----------------- Instantiating /home/travis/build/icyphy/ptII/ptolemy/actor/lib/test/auto/arrayType14.xml
2 ms. Memory: 542720K Free: 338211K (62%)
----------------- Invoking toplevel() on ptolemy.moml.MoMLSimpleApplication@7f3fe95b
----------------- Done invoking toplevel() on ptolemy.moml.MoMLSimpleApplication@7f3fe95b
reloadAllAccessors: .arrayType14

===========================================================================================
----------------- testing Sat Feb 15 07:04:02 UTC 2020 /home/travis/build/icyphy/ptII/ptolemy/actor/lib/test/auto/arrayType15.xml
----------------- Instantiating /home/travis/build/icyphy/ptII/ptolemy/actor/lib/test/auto/arrayType15.xml
2 ms. Memory: 542720K Free: 333091K (61%)
----------------- Invoking toplevel() on ptolemy.moml.MoMLSimpleApplication@2dcd59f1
----------------- Done invoking toplevel() on ptolemy.moml.MoMLSimpleApplication@2dcd59f1
reloadAllAccessors: .arrayType15

===========================================================================================
----------------- testing Sat Feb 15 07:04:03 UTC 2020 /home/travis/build/icyphy/ptII/ptolemy/actor/lib/test/auto/arrayType16.xml
----------------- Instantiating /home/travis/build/icyphy/ptII/ptolemy/actor/lib/test/auto/arrayType16.xml
1 ms. Memory: 542720K Free: 327971K (60%)
----------------- Invoking toplevel() on ptolemy.moml.MoMLSimpleApplication@192fb0dc
----------------- Done invoking toplevel() on ptolemy.moml.MoMLSimpleApplication@192fb0dc
reloadAllAccessors: .arrayType16

===========================================================================================
----------------- testing Sat Feb 15 07:04:03 UTC 2020 /home/travis/build/icyphy/ptII/ptolemy/actor/lib/test/auto/arrayType17.xml
----------------- Instantiating /home/travis/build/icyphy/ptII/ptolemy/actor/lib/test/auto/arrayType17.xml
3 ms. Memory: 542720K Free: 322337K (59%)
----------------- Invoking toplevel() on ptolemy.moml.MoMLSimpleApplication@16cbd5f9
----------------- Done invoking toplevel() on ptolemy.moml.MoMLSimpleApplication@16cbd5f9
reloadAllAccessors: .arrayType17

===========================================================================================
----------------- testing Sat Feb 15 07:04:03 UTC 2020 /home/travis/build/icyphy/ptII/ptolemy/actor/lib/test/auto/arrayType18.xml
----------------- Instantiating /home/travis/build/icyphy/ptII/ptolemy/actor/lib/test/auto/arrayType18.xml
1 ms. Memory: 542720K Free: 317731K (59%)
----------------- Invoking toplevel() on ptolemy.moml.MoMLSimpleApplication@290c5b9
----------------- Done invoking toplevel() on ptolemy.moml.MoMLSimpleApplication@290c5b9
reloadAllAccessors: .arrayType18

===========================================================================================
----------------- testing Sat Feb 15 07:04:03 UTC 2020 /home/travis/build/icyphy/ptII/ptolemy/actor/lib/test/auto/arrayType19.xml
----------------- Instantiating /home/travis/build/icyphy/ptII/ptolemy/actor/lib/test/auto/arrayType19.xml
1 ms. Memory: 542720K Free: 313121K (58%)
----------------- Invoking toplevel() on ptolemy.moml.MoMLSimpleApplication@71b74e1a
----------------- Done invoking toplevel() on ptolemy.moml.MoMLSimpleApplication@71b74e1a
reloadAllAccessors: .arrayType19

===========================================================================================
----------------- testing Sat Feb 15 07:04:03 UTC 2020 /home/travis/build/icyphy/ptII/ptolemy/actor/lib/test/auto/arrayType2.xml
----------------- Instantiating /home/travis/build/icyphy/ptII/ptolemy/actor/lib/test/auto/arrayType2.xml
1 ms. Memory: 542720K Free: 307491K (57%)
----------------- Invoking toplevel() on ptolemy.moml.MoMLSimpleApplication@103eb53
----------------- Done invoking toplevel() on ptolemy.moml.MoMLSimpleApplication@103eb53
reloadAllAccessors: .arrayType2

===========================================================================================
----------------- testing Sat Feb 15 07:04:03 UTC 2020 /home/travis/build/icyphy/ptII/ptolemy/actor/lib/test/auto/arrayType20.xml
----------------- Instantiating /home/travis/build/icyphy/ptII/ptolemy/actor/lib/test/auto/arrayType20.xml
2 ms. Memory: 542720K Free: 302371K (56%)
----------------- Invoking toplevel() on ptolemy.moml.MoMLSimpleApplication@3b0ebac2
----------------- Done invoking toplevel() on ptolemy.moml.MoMLSimpleApplication@3b0ebac2
reloadAllAccessors: .arrayType20

===========================================================================================
----------------- testing Sat Feb 15 07:04:03 UTC 2020 /home/travis/build/icyphy/ptII/ptolemy/actor/lib/test/auto/arrayType21.xml
----------------- Instantiating /home/travis/build/icyphy/ptII/ptolemy/actor/lib/test/auto/arrayType21.xml
2 ms. Memory: 542720K Free: 297761K (55%)
----------------- Invoking toplevel() on ptolemy.moml.MoMLSimpleApplication@3f3f6137
----------------- Done invoking toplevel() on ptolemy.moml.MoMLSimpleApplication@3f3f6137
reloadAllAccessors: .arrayType21

===========================================================================================
----------------- testing Sat Feb 15 07:04:03 UTC 2020 /home/travis/build/icyphy/ptII/ptolemy/actor/lib/test/auto/arrayType22.xml
----------------- Instantiating /home/travis/build/icyphy/ptII/ptolemy/actor/lib/test/auto/arrayType22.xml
1 ms. Memory: 542720K Free: 292641K (54%)
----------------- Invoking toplevel() on ptolemy.moml.MoMLSimpleApplication@69a5800c
----------------- Done invoking toplevel() on ptolemy.moml.MoMLSimpleApplication@69a5800c
reloadAllAccessors: .arrayType22

===========================================================================================
----------------- testing Sat Feb 15 07:04:03 UTC 2020 /home/travis/build/icyphy/ptII/ptolemy/actor/lib/test/auto/arrayType23.xml
----------------- Instantiating /home/travis/build/icyphy/ptII/ptolemy/actor/lib/test/auto/arrayType23.xml
1 ms. Memory: 542720K Free: 288035K (53%)
----------------- Invoking toplevel() on ptolemy.moml.MoMLSimpleApplication@6bafebec
----------------- Done invoking toplevel() on ptolemy.moml.MoMLSimpleApplication@6bafebec
reloadAllAccessors: .arrayType23

===========================================================================================
----------------- testing Sat Feb 15 07:04:03 UTC 2020 /home/travis/build/icyphy/ptII/ptolemy/actor/lib/test/auto/arrayType24.xml
----------------- Instantiating /home/travis/build/icyphy/ptII/ptolemy/actor/lib/test/auto/arrayType24.xml
1 ms. Memory: 542720K Free: 282913K (52%)
----------------- Invoking toplevel() on ptolemy.moml.MoMLSimpleApplication@4d422e69
----------------- Done invoking toplevel() on ptolemy.moml.MoMLSimpleApplication@4d422e69
reloadAllAccessors: .arrayType24

===========================================================================================
----------------- testing Sat Feb 15 07:04:03 UTC 2020 /home/travis/build/icyphy/ptII/ptolemy/actor/lib/test/auto/arrayType25.xml
----------------- Instantiating /home/travis/build/icyphy/ptII/ptolemy/actor/lib/test/auto/arrayType25.xml
1 ms. Memory: 542720K Free: 277281K (51%)
----------------- Invoking toplevel() on ptolemy.moml.MoMLSimpleApplication@5abdcc62
----------------- Done invoking toplevel() on ptolemy.moml.MoMLSimpleApplication@5abdcc62
reloadAllAccessors: .arrayType25

===========================================================================================
----------------- testing Sat Feb 15 07:04:03 UTC 2020 /home/travis/build/icyphy/ptII/ptolemy/actor/lib/test/auto/arrayType26.xml
----------------- Instantiating /home/travis/build/icyphy/ptII/ptolemy/actor/lib/test/auto/arrayType26.xml
2 ms. Memory: 542720K Free: 272161K (50%)
----------------- Invoking toplevel() on ptolemy.moml.MoMLSimpleApplication@31571198
----------------- Done invoking toplevel() on ptolemy.moml.MoMLSimpleApplication@31571198
reloadAllAccessors: .arrayType26

===========================================================================================
----------------- testing Sat Feb 15 07:04:03 UTC 2020 /home/travis/build/icyphy/ptII/ptolemy/actor/lib/test/auto/arrayType27.xml
----------------- Instantiating /home/travis/build/icyphy/ptII/ptolemy/actor/lib/test/auto/arrayType27.xml
2 ms. Memory: 542720K Free: 266531K (49%)
----------------- Invoking toplevel() on ptolemy.moml.MoMLSimpleApplication@3df5956e
----------------- Done invoking toplevel() on ptolemy.moml.MoMLSimpleApplication@3df5956e
reloadAllAccessors: .arrayType27

===========================================================================================
----------------- testing Sat Feb 15 07:04:03 UTC 2020 /home/travis/build/icyphy/ptII/ptolemy/actor/lib/test/auto/arrayType28.xml
----------------- Instantiating /home/travis/build/icyphy/ptII/ptolemy/actor/lib/test/auto/arrayType28.xml
2 ms. Memory: 542720K Free: 261411K (48%)
----------------- Invoking toplevel() on ptolemy.moml.MoMLSimpleApplication@1a39d1db
----------------- Done invoking toplevel() on ptolemy.moml.MoMLSimpleApplication@1a39d1db
reloadAllAccessors: .arrayType28

===========================================================================================
----------------- testing Sat Feb 15 07:04:03 UTC 2020 /home/travis/build/icyphy/ptII/ptolemy/actor/lib/test/auto/arrayType3.xml
----------------- Instantiating /home/travis/build/icyphy/ptII/ptolemy/actor/lib/test/auto/arrayType3.xml
5 ms. Memory: 542720K Free: 256291K (47%)
----------------- Invoking toplevel() on ptolemy.moml.MoMLSimpleApplication@6ce06cc
----------------- Done invoking toplevel() on ptolemy.moml.MoMLSimpleApplication@6ce06cc
reloadAllAccessors: .arrayType3

===========================================================================================
----------------- testing Sat Feb 15 07:04:03 UTC 2020 /home/travis/build/icyphy/ptII/ptolemy/actor/lib/test/auto/arrayType4.xml
----------------- Instantiating /home/travis/build/icyphy/ptII/ptolemy/actor/lib/test/auto/arrayType4.xml
2 ms. Memory: 542720K Free: 250657K (46%)
----------------- Invoking toplevel() on ptolemy.moml.MoMLSimpleApplication@80ee177
----------------- Done invoking toplevel() on ptolemy.moml.MoMLSimpleApplication@80ee177
reloadAllAccessors: .arrayType4

===========================================================================================
----------------- testing Sat Feb 15 07:04:03 UTC 2020 /home/travis/build/icyphy/ptII/ptolemy/actor/lib/test/auto/arrayType5.xml
----------------- Instantiating /home/travis/build/icyphy/ptII/ptolemy/actor/lib/test/auto/arrayType5.xml
7 ms. Memory: 542720K Free: 245537K (45%)
----------------- Invoking toplevel() on ptolemy.moml.MoMLSimpleApplication@205df2cb
----------------- Done invoking toplevel() on ptolemy.moml.MoMLSimpleApplication@205df2cb
reloadAllAccessors: .arrayType5

===========================================================================================
----------------- testing Sat Feb 15 07:04:03 UTC 2020 /home/travis/build/icyphy/ptII/ptolemy/actor/lib/test/auto/arrayType6.xml
----------------- Instantiating /home/travis/build/icyphy/ptII/ptolemy/actor/lib/test/auto/arrayType6.xml
2 ms. Memory: 542720K Free: 240417K (44%)
----------------- Invoking toplevel() on ptolemy.moml.MoMLSimpleApplication@36b64bf6
----------------- Done invoking toplevel() on ptolemy.moml.MoMLSimpleApplication@36b64bf6
reloadAllAccessors: .arrayType6

===========================================================================================
----------------- testing Sat Feb 15 07:04:03 UTC 2020 /home/travis/build/icyphy/ptII/ptolemy/actor/lib/test/auto/arrayType7.xml
----------------- Instantiating /home/travis/build/icyphy/ptII/ptolemy/actor/lib/test/auto/arrayType7.xml
2 ms. Memory: 542720K Free: 235811K (43%)
----------------- Invoking toplevel() on ptolemy.moml.MoMLSimpleApplication@79f96d49
----------------- Done invoking toplevel() on ptolemy.moml.MoMLSimpleApplication@79f96d49
reloadAllAccessors: .arrayType7

===========================================================================================
----------------- testing Sat Feb 15 07:04:03 UTC 2020 /home/travis/build/icyphy/ptII/ptolemy/actor/lib/test/auto/arrayType8.xml
----------------- Instantiating /home/travis/build/icyphy/ptII/ptolemy/actor/lib/test/auto/arrayType8.xml
1 ms. Memory: 542720K Free: 231201K (43%)
----------------- Invoking toplevel() on ptolemy.moml.MoMLSimpleApplication@20d9f075
----------------- Done invoking toplevel() on ptolemy.moml.MoMLSimpleApplication@20d9f075
reloadAllAccessors: .arrayType8

===========================================================================================
----------------- testing Sat Feb 15 07:04:03 UTC 2020 /home/travis/build/icyphy/ptII/ptolemy/actor/lib/test/auto/arrayType9.xml
----------------- Instantiating /home/travis/build/icyphy/ptII/ptolemy/actor/lib/test/auto/arrayType9.xml
2 ms. Memory: 542720K Free: 226081K (42%)
----------------- Invoking toplevel() on ptolemy.moml.MoMLSimpleApplication@5f9c0f52
----------------- Done invoking toplevel() on ptolemy.moml.MoMLSimpleApplication@5f9c0f52
reloadAllAccessors: .arrayType9

===========================================================================================
----------------- testing Sat Feb 15 07:04:03 UTC 2020 /home/travis/build/icyphy/ptII/ptolemy/actor/lib/test/auto/cast.xml
----------------- Instantiating /home/travis/build/icyphy/ptII/ptolemy/actor/lib/test/auto/cast.xml
2 ms. Memory: 542720K Free: 221475K (41%)
----------------- Invoking toplevel() on ptolemy.moml.MoMLSimpleApplication@4eef2f3c
----------------- Done invoking toplevel() on ptolemy.moml.MoMLSimpleApplication@4eef2f3c
reloadAllAccessors: .cast

===========================================================================================
----------------- testing Sat Feb 15 07:04:03 UTC 2020 /home/travis/build/icyphy/ptII/ptolemy/actor/lib/test/auto/compositeMultiPort.xml
----------------- Instantiating /home/travis/build/icyphy/ptII/ptolemy/actor/lib/test/auto/compositeMultiPort.xml
4 ms. Memory: 542720K Free: 479890K (88%)
----------------- Invoking toplevel() on ptolemy.moml.MoMLSimpleApplication@979eb4c
----------------- Done invoking toplevel() on ptolemy.moml.MoMLSimpleApplication@979eb4c
reloadAllAccessors: .compositeMultiPort

===========================================================================================
----------------- testing Sat Feb 15 07:04:03 UTC 2020 /home/travis/build/icyphy/ptII/ptolemy/actor/lib/test/auto/expressionCastInference.xml
----------------- Instantiating /home/travis/build/icyphy/ptII/ptolemy/actor/lib/test/auto/expressionCastInference.xml
3 ms. Memory: 542720K Free: 474784K (87%)
----------------- Invoking toplevel() on ptolemy.moml.MoMLSimpleApplication@2973c172
----------------- Done invoking toplevel() on ptolemy.moml.MoMLSimpleApplication@2973c172
reloadAllAccessors: .expressionCastInference

===========================================================================================
----------------- testing Sat Feb 15 07:04:03 UTC 2020 /home/travis/build/icyphy/ptII/ptolemy/actor/lib/test/auto/expressionCastInference2.xml
----------------- Instantiating /home/travis/build/icyphy/ptII/ptolemy/actor/lib/test/auto/expressionCastInference2.xml
2 ms. Memory: 542720K Free: 470178K (87%)
----------------- Invoking toplevel() on ptolemy.moml.MoMLSimpleApplication@2d92f2ea
----------------- Done invoking toplevel() on ptolemy.moml.MoMLSimpleApplication@2d92f2ea
reloadAllAccessors: .expressionCastInference2

===========================================================================================
----------------- testing Sat Feb 15 07:04:03 UTC 2020 /home/travis/build/icyphy/ptII/ptolemy/actor/lib/test/auto/expressionInference.xml
----------------- Instantiating /home/travis/build/icyphy/ptII/ptolemy/actor/lib/test/auto/expressionInference.xml
2 ms. Memory: 542720K Free: 465568K (86%)
----------------- Invoking toplevel() on ptolemy.moml.MoMLSimpleApplication@a9949e0
----------------- Done invoking toplevel() on ptolemy.moml.MoMLSimpleApplication@a9949e0
reloadAllAccessors: .expressionInference

===========================================================================================
----------------- testing Sat Feb 15 07:04:03 UTC 2020 /home/travis/build/icyphy/ptII/ptolemy/actor/lib/test/auto/expression_bug.xml
----------------- Instantiating /home/travis/build/icyphy/ptII/ptolemy/actor/lib/test/auto/expression_bug.xml
24 ms. Memory: 542720K Free: 461472K (85%)
----------------- Invoking toplevel() on ptolemy.moml.MoMLSimpleApplication@10aa9c9c
----------------- Done invoking toplevel() on ptolemy.moml.MoMLSimpleApplication@10aa9c9c
reloadAllAccessors: .expression_bug

===========================================================================================
----------------- testing Sat Feb 15 07:04:03 UTC 2020 /home/travis/build/icyphy/ptII/ptolemy/actor/lib/test/auto/factorial.xml
----------------- Instantiating /home/travis/build/icyphy/ptII/ptolemy/actor/lib/test/auto/factorial.xml
25 ms. Memory: 542720K Free: 452770K (83%)
----------------- Invoking toplevel() on ptolemy.moml.MoMLSimpleApplication@6886fea5
----------------- Done invoking toplevel() on ptolemy.moml.MoMLSimpleApplication@6886fea5
reloadAllAccessors: .factorial

===========================================================================================
----------------- testing Sat Feb 15 07:04:03 UTC 2020 /home/travis/build/icyphy/ptII/ptolemy/actor/lib/test/auto/filterTest1.xml
----------------- Instantiating /home/travis/build/icyphy/ptII/ptolemy/actor/lib/test/auto/filterTest1.xml
2 ms. Memory: 542720K Free: 447122K (82%)
----------------- Invoking toplevel() on ptolemy.moml.MoMLSimpleApplication@4c4bf282
----------------- Done invoking toplevel() on ptolemy.moml.MoMLSimpleApplication@4c4bf282
reloadAllAccessors: .filterTest1

===========================================================================================
----------------- testing Sat Feb 15 07:04:03 UTC 2020 /home/travis/build/icyphy/ptII/ptolemy/actor/lib/test/auto/funcApplyInConst.xml
----------------- Instantiating /home/travis/build/icyphy/ptII/ptolemy/actor/lib/test/auto/funcApplyInConst.xml
1 ms. Memory: 542720K Free: 443554K (82%)
----------------- Invoking toplevel() on ptolemy.moml.MoMLSimpleApplication@3ecad623
----------------- Done invoking toplevel() on ptolemy.moml.MoMLSimpleApplication@3ecad623
reloadAllAccessors: .funcApplyInConst

===========================================================================================
----------------- testing Sat Feb 15 07:04:03 UTC 2020 /home/travis/build/icyphy/ptII/ptolemy/actor/lib/test/auto/funcApplyInExpr.xml
----------------- Instantiating /home/travis/build/icyphy/ptII/ptolemy/actor/lib/test/auto/funcApplyInExpr.xml
1 ms. Memory: 542720K Free: 439458K (81%)
----------------- Invoking toplevel() on ptolemy.moml.MoMLSimpleApplication@596eee63
----------------- Done invoking toplevel() on ptolemy.moml.MoMLSimpleApplication@596eee63
reloadAllAccessors: .funcApplyInExpr

===========================================================================================
----------------- testing Sat Feb 15 07:04:03 UTC 2020 /home/travis/build/icyphy/ptII/ptolemy/actor/lib/test/auto/function.xml
----------------- Instantiating /home/travis/build/icyphy/ptII/ptolemy/actor/lib/test/auto/function.xml
2 ms. Memory: 542720K Free: 434848K (80%)
----------------- Invoking toplevel() on ptolemy.moml.MoMLSimpleApplication@4aa33827
----------------- Done invoking toplevel() on ptolemy.moml.MoMLSimpleApplication@4aa33827
reloadAllAccessors: .function

===========================================================================================
----------------- testing Sat Feb 15 07:04:03 UTC 2020 /home/travis/build/icyphy/ptII/ptolemy/actor/lib/test/auto/function2.xml
----------------- Instantiating /home/travis/build/icyphy/ptII/ptolemy/actor/lib/test/auto/function2.xml
1 ms. Memory: 542720K Free: 429728K (79%)
----------------- Invoking toplevel() on ptolemy.moml.MoMLSimpleApplication@497ab86b
----------------- Done invoking toplevel() on ptolemy.moml.MoMLSimpleApplication@497ab86b
reloadAllAccessors: .function2

===========================================================================================
----------------- testing Sat Feb 15 07:04:03 UTC 2020 /home/travis/build/icyphy/ptII/ptolemy/actor/lib/test/auto/function3.xml
----------------- Instantiating /home/travis/build/icyphy/ptII/ptolemy/actor/lib/test/auto/function3.xml
2 ms. Memory: 542720K Free: 426146K (79%)
----------------- Invoking toplevel() on ptolemy.moml.MoMLSimpleApplication@5f65ae83
----------------- Done invoking toplevel() on ptolemy.moml.MoMLSimpleApplication@5f65ae83
reloadAllAccessors: .function3

===========================================================================================
----------------- testing Sat Feb 15 07:04:03 UTC 2020 /home/travis/build/icyphy/ptII/ptolemy/actor/lib/test/auto/functionClosureTest1.xml
----------------- Instantiating /home/travis/build/icyphy/ptII/ptolemy/actor/lib/test/auto/functionClosureTest1.xml
2 ms. Memory: 542720K Free: 420002K (77%)
----------------- Invoking toplevel() on ptolemy.moml.MoMLSimpleApplication@662c7805
----------------- Done invoking toplevel() on ptolemy.moml.MoMLSimpleApplication@662c7805
reloadAllAccessors: .functionClosureTest1

===========================================================================================
----------------- testing Sat Feb 15 07:04:03 UTC 2020 /home/travis/build/icyphy/ptII/ptolemy/actor/lib/test/auto/functionClosureTest2.xml
----------------- Instantiating /home/travis/build/icyphy/ptII/ptolemy/actor/lib/test/auto/functionClosureTest2.xml
1 ms. Memory: 542720K Free: 416416K (77%)
----------------- Invoking toplevel() on ptolemy.moml.MoMLSimpleApplication@343f72e2
----------------- Done invoking toplevel() on ptolemy.moml.MoMLSimpleApplication@343f72e2
reloadAllAccessors: .functionClosureTest2

===========================================================================================
----------------- testing Sat Feb 15 07:04:03 UTC 2020 /home/travis/build/icyphy/ptII/ptolemy/actor/lib/test/auto/functionClosureTest3.xml
----------------- Instantiating /home/travis/build/icyphy/ptII/ptolemy/actor/lib/test/auto/functionClosureTest3.xml
1 ms. Memory: 542720K Free: 410786K (76%)
----------------- Invoking toplevel() on ptolemy.moml.MoMLSimpleApplication@5e1f40f5
----------------- Done invoking toplevel() on ptolemy.moml.MoMLSimpleApplication@5e1f40f5
reloadAllAccessors: .functionClosureTest3

===========================================================================================
----------------- testing Sat Feb 15 07:04:03 UTC 2020 /home/travis/build/icyphy/ptII/ptolemy/actor/lib/test/auto/functionClosureTest4.xml
----------------- Instantiating /home/travis/build/icyphy/ptII/ptolemy/actor/lib/test/auto/functionClosureTest4.xml
4 ms. Memory: 542720K Free: 404642K (75%)
----------------- Invoking toplevel() on ptolemy.moml.MoMLSimpleApplication@5089a112
----------------- Done invoking toplevel() on ptolemy.moml.MoMLSimpleApplication@5089a112
reloadAllAccessors: .functionClosureTest4

===========================================================================================
----------------- testing Sat Feb 15 07:04:03 UTC 2020 /home/travis/build/icyphy/ptII/ptolemy/actor/lib/test/auto/functionClosureTest5.xml
----------------- Instantiating /home/travis/build/icyphy/ptII/ptolemy/actor/lib/test/auto/functionClosureTest5.xml
4 ms. Memory: 542720K Free: 399522K (74%)
----------------- Invoking toplevel() on ptolemy.moml.MoMLSimpleApplication@2f4ba81e
----------------- Done invoking toplevel() on ptolemy.moml.MoMLSimpleApplication@2f4ba81e
reloadAllAccessors: .functionClosureTest5

===========================================================================================
----------------- testing Sat Feb 15 07:04:03 UTC 2020 /home/travis/build/icyphy/ptII/ptolemy/actor/lib/test/auto/functionClosureTest6.xml
----------------- Instantiating /home/travis/build/icyphy/ptII/ptolemy/actor/lib/test/auto/functionClosureTest6.xml
2 ms. Memory: 542720K Free: 394402K (73%)
----------------- Invoking toplevel() on ptolemy.moml.MoMLSimpleApplication@43f31fb6
----------------- Done invoking toplevel() on ptolemy.moml.MoMLSimpleApplication@43f31fb6
reloadAllAccessors: .functionClosureTest6

===========================================================================================
----------------- testing Sat Feb 15 07:04:03 UTC 2020 /home/travis/build/icyphy/ptII/ptolemy/actor/lib/test/auto/functionsOnArcs.xml
----------------- Instantiating /home/travis/build/icyphy/ptII/ptolemy/actor/lib/test/auto/functionsOnArcs.xml
1 ms. Memory: 542720K Free: 389282K (72%)
----------------- Invoking toplevel() on ptolemy.moml.MoMLSimpleApplication@281f61c0
----------------- Done invoking toplevel() on ptolemy.moml.MoMLSimpleApplication@281f61c0
reloadAllAccessors: .functionsOnArcs

===========================================================================================
----------------- testing Sat Feb 15 07:04:03 UTC 2020 /home/travis/build/icyphy/ptII/ptolemy/actor/lib/test/auto/functionsOnArcsHOF.xml
----------------- Instantiating /home/travis/build/icyphy/ptII/ptolemy/actor/lib/test/auto/functionsOnArcsHOF.xml
3 ms. Memory: 542720K Free: 383138K (71%)
----------------- Invoking toplevel() on ptolemy.moml.MoMLSimpleApplication@5c3143a3
----------------- Done invoking toplevel() on ptolemy.moml.MoMLSimpleApplication@5c3143a3
reloadAllAccessors: .functionsOnArcsHOF

===========================================================================================
----------------- testing Sat Feb 15 07:04:03 UTC 2020 /home/travis/build/icyphy/ptII/ptolemy/actor/lib/test/auto/logic.xml
----------------- Instantiating /home/travis/build/icyphy/ptII/ptolemy/actor/lib/test/auto/logic.xml
2 ms. Memory: 542720K Free: 375970K (69%)
----------------- Invoking toplevel() on ptolemy.moml.MoMLSimpleApplication@1396aba
----------------- Done invoking toplevel() on ptolemy.moml.MoMLSimpleApplication@1396aba
reloadAllAccessors: .logic

===========================================================================================
----------------- testing Sat Feb 15 07:04:03 UTC 2020 /home/travis/build/icyphy/ptII/ptolemy/actor/lib/test/auto/matrixType.xml
----------------- Instantiating /home/travis/build/icyphy/ptII/ptolemy/actor/lib/test/auto/matrixType.xml
2 ms. Memory: 542720K Free: 370336K (68%)
----------------- Invoking toplevel() on ptolemy.moml.MoMLSimpleApplication@258e1237
----------------- Done invoking toplevel() on ptolemy.moml.MoMLSimpleApplication@258e1237
reloadAllAccessors: .matrixType

===========================================================================================
----------------- testing Sat Feb 15 07:04:03 UTC 2020 /home/travis/build/icyphy/ptII/ptolemy/actor/lib/test/auto/matrixType10.xml
----------------- Instantiating /home/travis/build/icyphy/ptII/ptolemy/actor/lib/test/auto/matrixType10.xml
1 ms. Memory: 542720K Free: 365730K (67%)
----------------- Invoking toplevel() on ptolemy.moml.MoMLSimpleApplication@946a7f7
----------------- Done invoking toplevel() on ptolemy.moml.MoMLSimpleApplication@946a7f7
reloadAllAccessors: .matrixType10

===========================================================================================
----------------- testing Sat Feb 15 07:04:03 UTC 2020 /home/travis/build/icyphy/ptII/ptolemy/actor/lib/test/auto/matrixType11.xml
----------------- Instantiating /home/travis/build/icyphy/ptII/ptolemy/actor/lib/test/auto/matrixType11.xml
1 ms. Memory: 542720K Free: 360610K (66%)
----------------- Invoking toplevel() on ptolemy.moml.MoMLSimpleApplication@78828953
----------------- Done invoking toplevel() on ptolemy.moml.MoMLSimpleApplication@78828953
reloadAllAccessors: .matrixType11

===========================================================================================
----------------- testing Sat Feb 15 07:04:03 UTC 2020 /home/travis/build/icyphy/ptII/ptolemy/actor/lib/test/auto/matrixType12.xml
----------------- Instantiating /home/travis/build/icyphy/ptII/ptolemy/actor/lib/test/auto/matrixType12.xml
1 ms. Memory: 542720K Free: 356000K (66%)
----------------- Invoking toplevel() on ptolemy.moml.MoMLSimpleApplication@56a5471e
----------------- Done invoking toplevel() on ptolemy.moml.MoMLSimpleApplication@56a5471e
reloadAllAccessors: .matrixType12

===========================================================================================
----------------- testing Sat Feb 15 07:04:03 UTC 2020 /home/travis/build/icyphy/ptII/ptolemy/actor/lib/test/auto/matrixType13.xml
----------------- Instantiating /home/travis/build/icyphy/ptII/ptolemy/actor/lib/test/auto/matrixType13.xml
1 ms. Memory: 542720K Free: 350880K (65%)
----------------- Invoking toplevel() on ptolemy.moml.MoMLSimpleApplication@2a19191b
----------------- Done invoking toplevel() on ptolemy.moml.MoMLSimpleApplication@2a19191b
reloadAllAccessors: .matrixType13

===========================================================================================
----------------- testing Sat Feb 15 07:04:03 UTC 2020 /home/travis/build/icyphy/ptII/ptolemy/actor/lib/test/auto/matrixType14.xml
----------------- Instantiating /home/travis/build/icyphy/ptII/ptolemy/actor/lib/test/auto/matrixType14.xml
1 ms. Memory: 542720K Free: 345760K (64%)
----------------- Invoking toplevel() on ptolemy.moml.MoMLSimpleApplication@7f988f80
----------------- Done invoking toplevel() on ptolemy.moml.MoMLSimpleApplication@7f988f80
reloadAllAccessors: .matrixType14

===========================================================================================
----------------- testing Sat Feb 15 07:04:03 UTC 2020 /home/travis/build/icyphy/ptII/ptolemy/actor/lib/test/auto/matrixType2.xml
----------------- Instantiating /home/travis/build/icyphy/ptII/ptolemy/actor/lib/test/auto/matrixType2.xml
1 ms. Memory: 542720K Free: 340640K (63%)
----------------- Invoking toplevel() on ptolemy.moml.MoMLSimpleApplication@78fe5d4a
----------------- Done invoking toplevel() on ptolemy.moml.MoMLSimpleApplication@78fe5d4a
reloadAllAccessors: .matrixType2

===========================================================================================
----------------- testing Sat Feb 15 07:04:03 UTC 2020 /home/travis/build/icyphy/ptII/ptolemy/actor/lib/test/auto/matrixType3.xml
----------------- Instantiating /home/travis/build/icyphy/ptII/ptolemy/actor/lib/test/auto/matrixType3.xml
1 ms. Memory: 542720K Free: 336034K (62%)
----------------- Invoking toplevel() on ptolemy.moml.MoMLSimpleApplication@6a6aab0f
----------------- Done invoking toplevel() on ptolemy.moml.MoMLSimpleApplication@6a6aab0f
reloadAllAccessors: .matrixType3

===========================================================================================
----------------- testing Sat Feb 15 07:04:03 UTC 2020 /home/travis/build/icyphy/ptII/ptolemy/actor/lib/test/auto/matrixType4.xml
----------------- Instantiating /home/travis/build/icyphy/ptII/ptolemy/actor/lib/test/auto/matrixType4.xml
1 ms. Memory: 542720K Free: 330914K (61%)
----------------- Invoking toplevel() on ptolemy.moml.MoMLSimpleApplication@a082b69
----------------- Done invoking toplevel() on ptolemy.moml.MoMLSimpleApplication@a082b69
reloadAllAccessors: .matrixType4

===========================================================================================
----------------- testing Sat Feb 15 07:04:03 UTC 2020 /home/travis/build/icyphy/ptII/ptolemy/actor/lib/test/auto/matrixType5.xml
----------------- Instantiating /home/travis/build/icyphy/ptII/ptolemy/actor/lib/test/auto/matrixType5.xml
1 ms. Memory: 542720K Free: 326304K (60%)
----------------- Invoking toplevel() on ptolemy.moml.MoMLSimpleApplication@22186ffb
----------------- Done invoking toplevel() on ptolemy.moml.MoMLSimpleApplication@22186ffb
reloadAllAccessors: .matrixType5

===========================================================================================
----------------- testing Sat Feb 15 07:04:03 UTC 2020 /home/travis/build/icyphy/ptII/ptolemy/actor/lib/test/auto/matrixType6.xml
----------------- Instantiating /home/travis/build/icyphy/ptII/ptolemy/actor/lib/test/auto/matrixType6.xml
2 ms. Memory: 542720K Free: 321184K (59%)
----------------- Invoking toplevel() on ptolemy.moml.MoMLSimpleApplication@dd27cb2
----------------- Done invoking toplevel() on ptolemy.moml.MoMLSimpleApplication@dd27cb2
reloadAllAccessors: .matrixType6

===========================================================================================
----------------- testing Sat Feb 15 07:04:03 UTC 2020 /home/travis/build/icyphy/ptII/ptolemy/actor/lib/test/auto/matrixType7.xml
----------------- Instantiating /home/travis/build/icyphy/ptII/ptolemy/actor/lib/test/auto/matrixType7.xml
1 ms. Memory: 542720K Free: 316578K (58%)
----------------- Invoking toplevel() on ptolemy.moml.MoMLSimpleApplication@604f80f8
----------------- Done invoking toplevel() on ptolemy.moml.MoMLSimpleApplication@604f80f8
reloadAllAccessors: .matrixType7

===========================================================================================
----------------- testing Sat Feb 15 07:04:03 UTC 2020 /home/travis/build/icyphy/ptII/ptolemy/actor/lib/test/auto/matrixType8.xml
----------------- Instantiating /home/travis/build/icyphy/ptII/ptolemy/actor/lib/test/auto/matrixType8.xml
1 ms. Memory: 542720K Free: 311458K (57%)
----------------- Invoking toplevel() on ptolemy.moml.MoMLSimpleApplication@22e8faa7
----------------- Done invoking toplevel() on ptolemy.moml.MoMLSimpleApplication@22e8faa7
reloadAllAccessors: .matrixType8

===========================================================================================
----------------- testing Sat Feb 15 07:04:03 UTC 2020 /home/travis/build/icyphy/ptII/ptolemy/actor/lib/test/auto/matrixType9.xml
----------------- Instantiating /home/travis/build/icyphy/ptII/ptolemy/actor/lib/test/auto/matrixType9.xml
1 ms. Memory: 542720K Free: 306848K (57%)
----------------- Invoking toplevel() on ptolemy.moml.MoMLSimpleApplication@5bf02c34
----------------- Done invoking toplevel() on ptolemy.moml.MoMLSimpleApplication@5bf02c34
reloadAllAccessors: .matrixType9

===========================================================================================
----------------- testing Sat Feb 15 07:04:03 UTC 2020 /home/travis/build/icyphy/ptII/ptolemy/actor/lib/test/auto/paraFunctest.xml
----------------- Instantiating /home/travis/build/icyphy/ptII/ptolemy/actor/lib/test/auto/paraFunctest.xml
1 ms. Memory: 542720K Free: 302242K (56%)
----------------- Invoking toplevel() on ptolemy.moml.MoMLSimpleApplication@6e29d599
----------------- Done invoking toplevel() on ptolemy.moml.MoMLSimpleApplication@6e29d599
reloadAllAccessors: .paraFunctest

===========================================================================================
----------------- testing Sat Feb 15 07:04:03 UTC 2020 /home/travis/build/icyphy/ptII/ptolemy/actor/lib/test/auto/paraFunctest2.xml
----------------- Instantiating /home/travis/build/icyphy/ptII/ptolemy/actor/lib/test/auto/paraFunctest2.xml
1 ms. Memory: 542720K Free: 298656K (55%)
----------------- Invoking toplevel() on ptolemy.moml.MoMLSimpleApplication@18391cbc
----------------- Done invoking toplevel() on ptolemy.moml.MoMLSimpleApplication@18391cbc
reloadAllAccessors: .paraFunctest2

===========================================================================================
----------------- testing Sat Feb 15 07:04:03 UTC 2020 /home/travis/build/icyphy/ptII/ptolemy/actor/lib/test/auto/parameterPassing.xml
----------------- Instantiating /home/travis/build/icyphy/ptII/ptolemy/actor/lib/test/auto/parameterPassing.xml
1 ms. Memory: 542720K Free: 294050K (54%)
----------------- Invoking toplevel() on ptolemy.moml.MoMLSimpleApplication@66fc217d
----------------- Done invoking toplevel() on ptolemy.moml.MoMLSimpleApplication@66fc217d
reloadAllAccessors: .parameterPassing

===========================================================================================
----------------- testing Sat Feb 15 07:04:03 UTC 2020 /home/travis/build/icyphy/ptII/ptolemy/actor/lib/test/auto/record.xml
----------------- Instantiating /home/travis/build/icyphy/ptII/ptolemy/actor/lib/test/auto/record.xml
2 ms. Memory: 542720K Free: 289440K (53%)
----------------- Invoking toplevel() on ptolemy.moml.MoMLSimpleApplication@6229f120
----------------- Done invoking toplevel() on ptolemy.moml.MoMLSimpleApplication@6229f120
reloadAllAccessors: .record

===========================================================================================
----------------- testing Sat Feb 15 07:04:03 UTC 2020 /home/travis/build/icyphy/ptII/ptolemy/actor/lib/test/auto/sizedarray1.xml
----------------- Instantiating /home/travis/build/icyphy/ptII/ptolemy/actor/lib/test/auto/sizedarray1.xml
1 ms. Memory: 542720K Free: 283810K (52%)
----------------- Invoking toplevel() on ptolemy.moml.MoMLSimpleApplication@12de7879
----------------- Done invoking toplevel() on ptolemy.moml.MoMLSimpleApplication@12de7879
reloadAllAccessors: .sizedarray1

===========================================================================================
----------------- testing Sat Feb 15 07:04:03 UTC 2020 /home/travis/build/icyphy/ptII/ptolemy/actor/lib/test/auto/sizedarray2.xml
----------------- Instantiating /home/travis/build/icyphy/ptII/ptolemy/actor/lib/test/auto/sizedarray2.xml
2 ms. Memory: 542720K Free: 278176K (51%)
----------------- Invoking toplevel() on ptolemy.moml.MoMLSimpleApplication@31bf85af
----------------- Done invoking toplevel() on ptolemy.moml.MoMLSimpleApplication@31bf85af
reloadAllAccessors: .sizedarray2

===========================================================================================
----------------- testing Sat Feb 15 07:04:03 UTC 2020 /home/travis/build/icyphy/ptII/ptolemy/actor/lib/test/auto/twoPublishers.xml
----------------- Instantiating /home/travis/build/icyphy/ptII/ptolemy/actor/lib/test/auto/twoPublishers.xml
5 ms. Memory: 542720K Free: 266906K (49%)
----------------- Invoking toplevel() on ptolemy.moml.MoMLSimpleApplication@5dd6bb3b
----------------- Done invoking toplevel() on ptolemy.moml.MoMLSimpleApplication@5dd6bb3b
reloadAllAccessors: .twoPublishers
AutoTests.java: About to close Vertx.
AutoTests.java: Vertx closed.
]]></system-out>
  <system-err><![CDATA[java.lang.RuntimeException: Execution failed
	at ptolemy.moml.MoMLSimpleApplication$UnloadThread.run(MoMLSimpleApplication.java:402)
Caused by: java.lang.RuntimeException: StringUtilities.exit() was called. Normally, we would exit here because Manager.exitAfterWrapup() was called.  However, because the ptolemy.ptII.exitAfterWrapup property is set, we throw this exception instead.
	at ptolemy.util.StringUtilities.exit(StringUtilities.java:365)
	at ptolemy.actor.Manager.wrapup(Manager.java:1549)
	at ptolemy.actor.Manager.execute(Manager.java:407)
	at ptolemy.actor.Manager.run(Manager.java:1263)
	at ptolemy.actor.Manager$PtolemyRunThread.run(Manager.java:1933)
Warning: '.top.test' is in training mode, set the trainingMode parameter to false before checking in
Warning: '.top.test' is in training mode, set the trainingMode parameter to false before checking in
Warning: '.top.test' is in training mode, set the trainingMode parameter to false before checking in
Warning: '.BooleanSwitch_RegressionTest_WrongTrainingValues.Test' is in training mode, set the trainingMode parameter to false before checking in
Warning: '.BooleanSwitch_RegressionTest_WrongTrainingValues.Test2' is in training mode, set the trainingMode parameter to false before checking in
Warning: '.BooleanSwitch_RegressionTest_WrongTrainingValues.Test2' The test produced 0 tokens.
Warning: '.top.testExceptionHandler' is in training mode, set the trainingMode parameter to false before checking in
java.lang.RuntimeException: Execution failed
	at ptolemy.moml.MoMLSimpleApplication$UnloadThread.run(MoMLSimpleApplication.java:402)
Caused by: ptolemy.kernel.util.IllegalActionException: PublisherPorts cannot be used at the top level, use a Publisher actor instead.
  in .PublisherPortToplevelSubscriber.PublisherPort
	at ptolemy.actor.PublisherPort.preinitialize(PublisherPort.java:403)
	at ptolemy.actor.CompositeActor.preinitialize(CompositeActor.java:1769)
	at ptolemy.actor.Manager.preinitializeAndResolveTypes(Manager.java:1040)
	at ptolemy.actor.Manager.initialize(Manager.java:710)
	at ptolemy.actor.Manager.execute(Manager.java:356)
	at ptolemy.actor.Manager.run(Manager.java:1263)
	at ptolemy.actor.Manager$PtolemyRunThread.run(Manager.java:1933)
java.lang.reflect.InvocationTargetException
	at java.base/jdk.internal.reflect.NativeConstructorAccessorImpl.newInstance0(Native Method)
	at java.base/jdk.internal.reflect.NativeConstructorAccessorImpl.newInstance(NativeConstructorAccessorImpl.java:62)
	at java.base/jdk.internal.reflect.DelegatingConstructorAccessorImpl.newInstance(DelegatingConstructorAccessorImpl.java:45)
	at java.base/java.lang.reflect.Constructor.newInstance(Constructor.java:490)
	at ptolemy.util.test.junit.AutoKnownFailedTests.RunModel(AutoKnownFailedTests.java:105)
	at java.base/jdk.internal.reflect.NativeMethodAccessorImpl.invoke0(Native Method)
	at java.base/jdk.internal.reflect.NativeMethodAccessorImpl.invoke(NativeMethodAccessorImpl.java:62)
	at java.base/jdk.internal.reflect.DelegatingMethodAccessorImpl.invoke(DelegatingMethodAccessorImpl.java:43)
	at java.base/java.lang.reflect.Method.invoke(Method.java:566)
	at org.junit.runners.model.FrameworkMethod$1.runReflectiveCall(FrameworkMethod.java:44)
	at org.junit.internal.runners.model.ReflectiveCallable.run(ReflectiveCallable.java:15)
	at org.junit.runners.model.FrameworkMethod.invokeExplosively(FrameworkMethod.java:41)
	at junitparams.internal.InvokeParameterisedMethod.evaluate(InvokeParameterisedMethod.java:102)
	at org.junit.internal.runners.statements.FailOnTimeout$1.run(FailOnTimeout.java:28)
Caused by: ptolemy.kernel.util.IllegalActionException: PublisherPorts cannot be used at the top level, use a Publisher actor instead.
  in .PublisherPortToplevelSubscriber.PublisherPort
	at ptolemy.actor.PublisherPort.preinitialize(PublisherPort.java:403)
	at ptolemy.actor.CompositeActor.preinitialize(CompositeActor.java:1769)
	at ptolemy.actor.Manager.preinitializeAndResolveTypes(Manager.java:1040)
	at ptolemy.actor.Manager.initialize(Manager.java:710)
	at ptolemy.actor.Manager.execute(Manager.java:356)
	at ptolemy.actor.Manager.run(Manager.java:1263)
	at ptolemy.actor.Manager$PtolemyRunThread.run(Manager.java:1933)
java.lang.RuntimeException: Execution failed
	at ptolemy.moml.MoMLSimpleApplication$UnloadThread.run(MoMLSimpleApplication.java:402)
Caused by: ptolemy.kernel.util.IllegalActionException: SubscriberPorts cannot be used at the top level, use a Subscriber actor instead.
  in .PublisherSubscriberPortToplevel.SubscriberPort
	at ptolemy.actor.SubscriberPort.preinitialize(SubscriberPort.java:328)
	at ptolemy.actor.CompositeActor.preinitialize(CompositeActor.java:1769)
	at ptolemy.actor.Manager.preinitializeAndResolveTypes(Manager.java:1040)
	at ptolemy.actor.Manager.initialize(Manager.java:710)
	at ptolemy.actor.Manager.execute(Manager.java:356)
	at ptolemy.actor.Manager.run(Manager.java:1263)
	at ptolemy.actor.Manager$PtolemyRunThread.run(Manager.java:1933)
java.lang.reflect.InvocationTargetException
	at java.base/jdk.internal.reflect.NativeConstructorAccessorImpl.newInstance0(Native Method)
	at java.base/jdk.internal.reflect.NativeConstructorAccessorImpl.newInstance(NativeConstructorAccessorImpl.java:62)
	at java.base/jdk.internal.reflect.DelegatingConstructorAccessorImpl.newInstance(DelegatingConstructorAccessorImpl.java:45)
	at java.base/java.lang.reflect.Constructor.newInstance(Constructor.java:490)
	at ptolemy.util.test.junit.AutoKnownFailedTests.RunModel(AutoKnownFailedTests.java:105)
	at java.base/jdk.internal.reflect.NativeMethodAccessorImpl.invoke0(Native Method)
	at java.base/jdk.internal.reflect.NativeMethodAccessorImpl.invoke(NativeMethodAccessorImpl.java:62)
	at java.base/jdk.internal.reflect.DelegatingMethodAccessorImpl.invoke(DelegatingMethodAccessorImpl.java:43)
	at java.base/java.lang.reflect.Method.invoke(Method.java:566)
	at org.junit.runners.model.FrameworkMethod$1.runReflectiveCall(FrameworkMethod.java:44)
	at org.junit.internal.runners.model.ReflectiveCallable.run(ReflectiveCallable.java:15)
	at org.junit.runners.model.FrameworkMethod.invokeExplosively(FrameworkMethod.java:41)
	at junitparams.internal.InvokeParameterisedMethod.evaluate(InvokeParameterisedMethod.java:102)
	at org.junit.internal.runners.statements.FailOnTimeout$1.run(FailOnTimeout.java:28)
Caused by: ptolemy.kernel.util.IllegalActionException: SubscriberPorts cannot be used at the top level, use a Subscriber actor instead.
  in .PublisherSubscriberPortToplevel.SubscriberPort
	at ptolemy.actor.SubscriberPort.preinitialize(SubscriberPort.java:328)
	at ptolemy.actor.CompositeActor.preinitialize(CompositeActor.java:1769)
	at ptolemy.actor.Manager.preinitializeAndResolveTypes(Manager.java:1040)
	at ptolemy.actor.Manager.initialize(Manager.java:710)
	at ptolemy.actor.Manager.execute(Manager.java:356)
	at ptolemy.actor.Manager.run(Manager.java:1263)
	at ptolemy.actor.Manager$PtolemyRunThread.run(Manager.java:1933)
java.lang.RuntimeException: Execution failed
	at ptolemy.moml.MoMLSimpleApplication$UnloadThread.run(MoMLSimpleApplication.java:402)
Caused by: ptolemy.kernel.util.IllegalActionException: SubscriptionAggregatorPorts cannot be used at the top level, use a SubscriptionAggregator actor instead.
  in .PublisherSubscriptionAggregatorPort.SubscriptionAggregatorPort
	at ptolemy.actor.SubscriptionAggregatorPort.preinitialize(SubscriptionAggregatorPort.java:353)
	at ptolemy.actor.CompositeActor.preinitialize(CompositeActor.java:1769)
	at ptolemy.actor.Manager.preinitializeAndResolveTypes(Manager.java:1040)
	at ptolemy.actor.Manager.initialize(Manager.java:710)
	at ptolemy.actor.Manager.execute(Manager.java:356)
	at ptolemy.actor.Manager.run(Manager.java:1263)
	at ptolemy.actor.Manager$PtolemyRunThread.run(Manager.java:1933)
java.lang.reflect.InvocationTargetException
	at java.base/jdk.internal.reflect.NativeConstructorAccessorImpl.newInstance0(Native Method)
	at java.base/jdk.internal.reflect.NativeConstructorAccessorImpl.newInstance(NativeConstructorAccessorImpl.java:62)
	at java.base/jdk.internal.reflect.DelegatingConstructorAccessorImpl.newInstance(DelegatingConstructorAccessorImpl.java:45)
	at java.base/java.lang.reflect.Constructor.newInstance(Constructor.java:490)
	at ptolemy.util.test.junit.AutoKnownFailedTests.RunModel(AutoKnownFailedTests.java:105)
	at java.base/jdk.internal.reflect.NativeMethodAccessorImpl.invoke0(Native Method)
	at java.base/jdk.internal.reflect.NativeMethodAccessorImpl.invoke(NativeMethodAccessorImpl.java:62)
	at java.base/jdk.internal.reflect.DelegatingMethodAccessorImpl.invoke(DelegatingMethodAccessorImpl.java:43)
	at java.base/java.lang.reflect.Method.invoke(Method.java:566)
	at org.junit.runners.model.FrameworkMethod$1.runReflectiveCall(FrameworkMethod.java:44)
	at org.junit.internal.runners.model.ReflectiveCallable.run(ReflectiveCallable.java:15)
	at org.junit.runners.model.FrameworkMethod.invokeExplosively(FrameworkMethod.java:41)
	at junitparams.internal.InvokeParameterisedMethod.evaluate(InvokeParameterisedMethod.java:102)
	at org.junit.internal.runners.statements.FailOnTimeout$1.run(FailOnTimeout.java:28)
Caused by: ptolemy.kernel.util.IllegalActionException: SubscriptionAggregatorPorts cannot be used at the top level, use a SubscriptionAggregator actor instead.
  in .PublisherSubscriptionAggregatorPort.SubscriptionAggregatorPort
	at ptolemy.actor.SubscriptionAggregatorPort.preinitialize(SubscriptionAggregatorPort.java:353)
	at ptolemy.actor.CompositeActor.preinitialize(CompositeActor.java:1769)
	at ptolemy.actor.Manager.preinitializeAndResolveTypes(Manager.java:1040)
	at ptolemy.actor.Manager.initialize(Manager.java:710)
	at ptolemy.actor.Manager.execute(Manager.java:356)
	at ptolemy.actor.Manager.run(Manager.java:1263)
	at ptolemy.actor.Manager$PtolemyRunThread.run(Manager.java:1933)
java.lang.RuntimeException: Execution failed
	at ptolemy.moml.MoMLSimpleApplication$UnloadThread.run(MoMLSimpleApplication.java:402)
Caused by: ptolemy.kernel.util.IllegalActionException: TypeTest actor has no training data.
  in .sizedarray3.TypeTest
	at ptolemy.actor.lib.TypeTest.initialize(TypeTest.java:250)
	at ptolemy.actor.Director.initialize(Director.java:938)
	at ptolemy.actor.Director.initialize(Director.java:907)
	at ptolemy.actor.sched.StaticSchedulingDirector.initialize(StaticSchedulingDirector.java:159)
	at ptolemy.domains.sdf.kernel.SDFDirector.initialize(SDFDirector.java:544)
	at ptolemy.actor.CompositeActor.initialize(CompositeActor.java:935)
	at ptolemy.actor.Manager.initialize(Manager.java:724)
	at ptolemy.actor.Manager.execute(Manager.java:356)
	at ptolemy.actor.Manager.run(Manager.java:1263)
	at ptolemy.actor.Manager$PtolemyRunThread.run(Manager.java:1933)
java.lang.reflect.InvocationTargetException
	at java.base/jdk.internal.reflect.NativeConstructorAccessorImpl.newInstance0(Native Method)
	at java.base/jdk.internal.reflect.NativeConstructorAccessorImpl.newInstance(NativeConstructorAccessorImpl.java:62)
	at java.base/jdk.internal.reflect.DelegatingConstructorAccessorImpl.newInstance(DelegatingConstructorAccessorImpl.java:45)
	at java.base/java.lang.reflect.Constructor.newInstance(Constructor.java:490)
	at ptolemy.util.test.junit.AutoKnownFailedTests.RunModel(AutoKnownFailedTests.java:105)
	at java.base/jdk.internal.reflect.NativeMethodAccessorImpl.invoke0(Native Method)
	at java.base/jdk.internal.reflect.NativeMethodAccessorImpl.invoke(NativeMethodAccessorImpl.java:62)
	at java.base/jdk.internal.reflect.DelegatingMethodAccessorImpl.invoke(DelegatingMethodAccessorImpl.java:43)
	at java.base/java.lang.reflect.Method.invoke(Method.java:566)
	at org.junit.runners.model.FrameworkMethod$1.runReflectiveCall(FrameworkMethod.java:44)
	at org.junit.internal.runners.model.ReflectiveCallable.run(ReflectiveCallable.java:15)
	at org.junit.runners.model.FrameworkMethod.invokeExplosively(FrameworkMethod.java:41)
	at junitparams.internal.InvokeParameterisedMethod.evaluate(InvokeParameterisedMethod.java:102)
	at org.junit.internal.runners.statements.FailOnTimeout$1.run(FailOnTimeout.java:28)
Caused by: ptolemy.kernel.util.IllegalActionException: TypeTest actor has no training data.
  in .sizedarray3.TypeTest
	at ptolemy.actor.lib.TypeTest.initialize(TypeTest.java:250)
	at ptolemy.actor.Director.initialize(Director.java:938)
	at ptolemy.actor.Director.initialize(Director.java:907)
	at ptolemy.actor.sched.StaticSchedulingDirector.initialize(StaticSchedulingDirector.java:159)
	at ptolemy.domains.sdf.kernel.SDFDirector.initialize(SDFDirector.java:544)
	at ptolemy.actor.CompositeActor.initialize(CompositeActor.java:935)
	at ptolemy.actor.Manager.initialize(Manager.java:724)
	at ptolemy.actor.Manager.execute(Manager.java:356)
	at ptolemy.actor.Manager.run(Manager.java:1263)
	at ptolemy.actor.Manager$PtolemyRunThread.run(Manager.java:1933)
]]></system-err>
</testsuite>
