<?xml version="1.0" encoding="UTF-8" ?>
<testsuite errors="0" failures="0" hostname="travis-job-33069109-f115-4c7b-b346-ab0bd903d381" name="ptolemy.actor.lib.test.junit.JUnitTclTest" skipped="0" tests="517" time="61.949" timestamp="2020-09-27T15:56:57">
  <properties>
    <property name="npm.executable" value="npm" />
    <property name="env.TRAVIS_ROOT" value="/" />
    <property name="ptII.mk.exists" value="true" />
    <property name="env.TRAVIS_APP_HOST" value="build.travis-ci.org" />
    <property name="env.rvm_bin_path" value="/home/travis/.rvm/bin" />
    <property name="java.home" value="/usr/local/lib/jvm/openjdk11" />
    <property name="env.TRAVIS_JOB_NUMBER" value="1777.8" />
    <property name="env.TRAVIS_HOME" value="/home/travis" />
    <property name="env.DISPLAY" value=":99.0" />
    <property name="env.TRAVIS_INIT" value="systemd" />
    <property name="env.SSH_TTY" value="/dev/pts/0" />
    <property name="java.net.preferIPv4Stack" value="true" />
    <property name="env.RUN_TESTS" value="true" />
    <property name="timeout.short" value="1000000" />
    <property name="junit.formatter" value="xml" />
    <property name="env.TRAVIS_SUDO" value="true" />
    <property name="env.TRAVIS_JOB_NAME" value="" />
    <property name="env.TRAVIS_STACK_NODE_ATTRIBUTES" value="/.node-attributes.yml" />
    <property name="env.LOGNAME" value="travis" />
    <property name="env.PT_TRAVIS_TEST_CORE1_XML" value="true" />
    <property name="jsdoc.home" value="node_modules/@terraswarm/jsdoc" />
    <property name="debuglevel" value="source,lines,vars" />
    <property name="checkstyle.formatter" value="xml" />
    <property name="bin.vergil.makeable" value="true" />
    <property name="sun.os.patch.level" value="unknown" />
    <property name="java.vendor.url" value="http://java.oracle.com/" />
    <property name="env.TRAVIS_BUILD_WEB_URL" value="https://travis-ci.org/icyphy/ptII/builds/730717296" />
    <property name="java.version" value="11.0.2" />
    <property name="env.TZ" value="UTC" />
    <property name="env.TRAVIS_PULL_REQUEST_SHA" value="" />
    <property name="env.PT_NO_NET" value="true" />
    <property name="env.TRAVIS_SECURE_ENV_VARS" value="true" />
    <property name="java.vendor.url.bug" value="http://bugreport.java.com/bugreport/" />
    <property name="npmjs-org-is-up" value="true" />
    <property name="env.LANGUAGE" value="en_US.UTF-8" />
    <property name="env.SSH_CLIENT" value="10.16.3.6 36080 22" />
    <property name="env.GEM_HOME" value="/home/travis/.rvm/gems/ruby-2.5.3" />
    <property name="env.HAS_ANTARES_THREE_LITTLE_FRONZIES_BADGE" value="true" />
    <property name="java.version.date" value="2019-01-15" />
    <property name="env.PS4" value="+" />
    <property name="ant.project.invoked-targets" value="build,test.core1.xml" />
    <property name="env.TRAVIS_PULL_REQUEST_BRANCH" value="" />
    <property name="env.TRAVIS_REPO_SLUG" value="icyphy/ptII" />
    <property name="env.XDG_DATA_DIRS" value="/usr/local/share:/usr/share:/var/lib/snapd/desktop" />
    <property name="jdk.debug" value="release" />
    <property name="env.TRAVIS_APT_PROXY" value="http://build-cache.travisci.net" />
    <property name="env.TRAVIS_CPU_ARCH" value="amd64" />
    <property name="node.in.path" value="true" />
    <property name="user.name" value="travis" />
    <property name="java.maxmemory" value="1400m" />
    <property name="env.RUBY_VERSION" value="ruby-2.5.3" />
    <property name="env.LANG" value="en_US.UTF-8" />
    <property name="sun.io.unicode.encoding" value="UnicodeLittle" />
    <property name="sun.jnu.encoding" value="UTF-8" />
    <property name="java.runtime.name" value="OpenJDK Runtime Environment" />
    <property name="usefile" value="false" />
    <property name="return.code" value="0" />
    <property name="junit.single.formatter" value="plain" />
    <property name="env.DYLD_LIBRARY_PATH" value="/home/travis/pthla/certi-tools/lib:" />
    <property name="env.DEBIAN_FRONTEND" value="noninteractive" />
    <property name="env.SSH_CONNECTION" value="10.16.3.6 36080 10.20.1.71 22" />
    <property name="env.MYSQL_UNIX_PORT" value="/var/run/mysqld/mysqld.sock" />
    <property name="env.LC_ALL" value="en_US.UTF-8" />
    <property name="env.TRAVIS_ALLOW_FAILURE" value="" />
    <property name="env.TRAVIS_JOB_WEB_URL" value="https://travis-ci.org/icyphy/ptII/jobs/730717314" />
    <property name="java.specification.name" value="Java Platform API Specification" />
    <property name="node.works" value="true" />
    <property name="user.timezone" value="" />
    <property name="path.separator" value=":" />
    <property name="env.TRAVIS_ENABLE_INFRA_DETECTION" value="true" />
    <property name="env.PYTHON_CFLAGS" value="-g -fstack-protector --param=ssp-buffer-size=4 -Wformat -Werror=format-security" />
    <property name="timeout.long" value="4000000" />
    <property name="env.CERTI_HOME" value="/home/travis/pthla/certi-tools" />
    <property name="ant.file.ptII" value="/home/travis/build/icyphy/ptII/build.xml" />
    <property name="javadoc.packagenames" value="com.*,diva.*,lbnl.*,org.hlacerti.*,org.json.*,org.ptolemy.*,org.terraswarm.*,ptolemy.*,ptserver.*" />
    <property name="file.encoding" value="UTF-8" />
    <property name="env.TRAVIS_PULL_REQUEST_SLUG" value="" />
    <property name="ant.project.default-target" value="build" />
    <property name="env.GIT_ASKPASS" value="echo" />
    <property name="env.HOME" value="/home/travis" />
    <property name="sun.java.command" value="org.apache.tools.ant.taskdefs.optional.junit.JUnitTestRunner ptolemy.actor.lib.test.junit.JUnitTclTest skipNonTests=false filtertrace=true haltOnError=false haltOnFailure=false formatter=org.apache.tools.ant.taskdefs.optional.junit.OutErrSummaryJUnitResultFormatter showoutput=true outputtoformatters=true logfailedtests=true threadid=0 logtestlistenerevents=false formatter=org.apache.tools.ant.taskdefs.optional.junit.XMLJUnitResultFormatter,/home/travis/build/icyphy/ptII/reports/junit/TEST-ptolemy.actor.lib.test.junit.JUnitTclTest.xml crashfile=/home/travis/build/icyphy/ptII/junitvmwatcher10508995107633690857.properties propsfile=/home/travis/build/icyphy/ptII/junit7550090577984583153.properties" />
    <property name="env.COMPOSER_NO_INTERACTION" value="1" />
    <property name="env.MANPATH" value="/home/travis/.nvm/versions/node/v7.10.1/share/man:/home/travis/.rvm/rubies/ruby-2.5.3/share/man:/usr/local/cmake-3.12.4/man:/usr/local/clang-7.0.0/share/man:/usr/local/man:/usr/local/share/man:/usr/share/man:/home/travis/.rvm/man" />
    <property name="env.TRAVIS_TIMER_ID" value="01e9c8a5" />
    <property name="ant.file" value="/home/travis/build/icyphy/ptII/build.xml" />
    <property name="env.TRAVIS_COMMIT_RANGE" value="3bb573e462e9b4151952318d01b7e361e9f419ad...74248200255084cca0f8d02e5ad09f36c0965423" />
    <property name="ptII.classpath.optional.property" value="/home/travis/build/icyphy/ptII/lib/bsh-2.0b4.jar:/home/travis/build/icyphy/ptII/lib/ptCal.jar:/home/travis/build/icyphy/ptII/lib/java_cup.jar:/home/travis/build/icyphy/ptII/lib/saxon8.jar:/home/travis/build/icyphy/ptII/lib/saxon8-dom.jar:/home/travis/build/icyphy/ptII/lib/chic.jar:/home/travis/build/icyphy/ptII/lib/ptcolt.jar:/home/travis/build/icyphy/ptII/vendors/misc/itext/iText.jar:/home/travis/build/icyphy/ptII/lib/g4ltl.jar:/home/travis/build/icyphy/ptII/lib/StructuralCoder.jar:/home/travis/build/icyphy/ptII/lib/jcerti.jar:/home/travis/build/icyphy/ptII/lib/javax.mail.jar:/home/travis/build/icyphy/ptII/vendors/JMF-2.1.1e/lib/jmf.jar:/home/travis/build/icyphy/ptII/lib/jna-4.0.0-variadic.jar:/home/travis/build/icyphy/ptII/vendors/misc/joystick/Joystick.jar:/home/travis/build/icyphy/ptII/lib/ptjacl.jar:/home/travis/build/icyphy/ptII/lib/jsoup-1.8.2.jar:/home/travis/build/icyphy/ptII/lib/junit-4.8.2.jar:/home/travis/build/icyphy/ptII/lib/JUnitParams-0.4.0.jar:/home/travis/build/icyphy/ptII/ptolemy/actor/lib/excel/jxl.jar:/home/travis/build/icyphy/ptII/lib/jython.jar:/home/travis/build/icyphy/ptII/lib/kieler.jar:/home/travis/build/icyphy/ptII/vendors/opencv/share/OpenCV/java/opencv-341.jar:/home/travis/build/icyphy/ptII/lib/oscP5.jar:/home/travis/build/icyphy/ptII/lib/nrjavaserial-3.11.0.devel.jar:/home/travis/build/icyphy/ptII/vendors/j3d/lib/Linux/j3dcore.jar:/home/travis/build/icyphy/ptII/vendors/j3d/lib/Linux/j3dutils.jar:/home/travis/build/icyphy/ptII/vendors/j3d/lib/Linux/vecmath.jar:/home/travis/build/icyphy/ptII/vendors/jogl/lib/Linux/gluegen-rt-natives-linux-amd64.jar:/home/travis/build/icyphy/ptII/vendors/jogl/lib/Linux/gluegen-rt.jar:/home/travis/build/icyphy/ptII/vendors/jogl/lib/Linux/jogl-all-natives-linux-amd64.jar:/home/travis/build/icyphy/ptII/vendors/jogl/lib/Linux/jogl-all.jar:/home/travis/build/icyphy/ptII/ptolemy/distributed/jini/jar/jini-core.jar:/home/travis/build/icyphy/ptII/ptolemy/distributed/jini/jar/jini-ext.jar:/home/travis/build/icyphy/ptII/ptolemy/distributed/jini/jar/sun-util.jar:/home/travis/build/icyphy/ptII/lib/protobuf-java-2.4.1.jar:/home/travis/build/icyphy/ptII/lib/org.eclipse.paho.client.mqttv3.jar:/home/travis/build/icyphy/ptII/lib/mapss.jar:/home/travis/build/icyphy/ptII/ptolemy/actor/ptalon/antlr/antlr.jar:/home/travis/build/icyphy/ptII/lib/JRI.jar:/home/travis/build/icyphy/ptII/lib/commons-lang-2.6.jar:/home/travis/build/icyphy/ptII/lib/commons-logging-1.1.1.jar:/home/travis/build/icyphy/ptII/lib/sootclasses.jar:/home/travis/build/icyphy/ptII/ptolemy/actor/lib/database/mysql-connector-java-5.1.6-bin.jar:/home/travis/build/icyphy/ptII/vendors/misc/sphinx4/sphinx4-data-5prealpha.jar:/home/travis/build/icyphy/ptII/vendors/misc/sphinx4/sphinx4-core-5prealpha.jar:/home/travis/build/icyphy/ptII/lib/PDFRenderer.jar:/home/travis/build/icyphy/ptII/lib/svgSalamander.jar:/home/travis/build/icyphy/ptII/lib/rsyntaxtextarea-2.6.0-SNAPSHOT.jar:/home/travis/build/icyphy/ptII/lib/hazelcast-3.8.2.jar:/home/travis/build/icyphy/ptII/lib/jackson-annotations-2.9.0.jar:/home/travis/build/icyphy/ptII/lib/jackson-core-2.9.3.jar:/home/travis/build/icyphy/ptII/lib/jackson-databind-2.9.3.jar:/home/travis/build/icyphy/ptII/lib/netty-buffer-4.1.19.Final.jar:/home/travis/build/icyphy/ptII/lib/netty-codec-4.1.19.Final.jar:/home/travis/build/icyphy/ptII/lib/netty-codec-dns-4.1.19.Final.jar:/home/travis/build/icyphy/ptII/lib/netty-codec-http-4.1.19.Final.jar:/home/travis/build/icyphy/ptII/lib/netty-codec-http2-4.1.19.Final.jar:/home/travis/build/icyphy/ptII/lib/netty-common-4.1.19.Final.jar:/home/travis/build/icyphy/ptII/lib/netty-handler-4.1.19.Final.jar:/home/travis/build/icyphy/ptII/lib/netty-resolver-4.1.19.Final.jar:/home/travis/build/icyphy/ptII/lib/netty-resolver-dns-4.1.19.Final.jar:/home/travis/build/icyphy/ptII/lib/netty-transport-4.1.19.Final.jar:/home/travis/build/icyphy/ptII/lib/vertx-codegen-3.5.1.jar:/home/travis/build/icyphy/ptII/lib/vertx-core-3.5.2-SNAPSHOT.jar:/home/travis/build/icyphy/ptII/lib/vertx-hazelcast-3.5.1.jar:/home/travis/build/icyphy/ptII/lib/vertx-lang-js-3.5.1.jar:/home/travis/build/icyphy/ptII/lib/vertx-service-proxy-3.5.1.jar:/home/travis/build/icyphy/ptII/lib/vertx-web-3.5.1.jar:/home/travis/build/icyphy/ptII/lib/slf4j-api-1.7.13.jar:/home/travis/build/icyphy/ptII/lib/slf4j-simple-1.7.13.jar:/home/travis/build/icyphy/ptII/lib/webcam-capture-0.3.12.jar:/home/travis/build/icyphy/ptII/lib/bridj-0.7.0.jar:/home/travis/build/icyphy/ptII/lib/xbjlib-1.1.0.nrjavaserial.jar" />
    <property name="timeout" value="2400000" />
    <property name="test.batch" value="**/junit/*.java" />
    <property name="env._" value="/usr/bin/timeout" />
    <property name="java.io.tmpdir" value="/tmp" />
    <property name="user.language" value="en" />
    <property name="env.TRAVIS_INTERNAL_RUBY_REGEX" value="^ruby-(2\.[0-4]\.[0-9]|1\.9\.3)" />
    <property name="env.HISTCONTROL" value="ignoredups:ignorespace" />
    <property name="env.GOROOT" value="/home/travis/.gimme/versions/go1.11.1.linux.amd64" />
    <property name="line.separator" value="&#xa;" />
    <property name="target" value="11" />
    <property name="env.TRAVIS_BUILD_DIR" value="/home/travis/build/icyphy/ptII" />
    <property name="env.ANT_OPTS" value="-Xmx2048m" />
    <property name="ant.file.type" value="file" />
    <property name="ptolemy.ptII.batchMode" value="true" />
    <property name="env.HISTSIZE" value="1000" />
    <property name="env.MERB_ENV" value="test" />
    <property name="java.vm.info" value="mixed mode" />
    <property name="source" value="11" />
    <property name="java.vm.specification.name" value="Java Virtual Machine Specification" />
    <property name="env.TRAVIS_TEST_RESULT" value="0" />
    <property name="jsdoc.command" value="node_modules/@terraswarm/jsdoc/jsdoc.js" />
    <property name="npm.works" value="true" />
    <property name="cobertura.dir" value="/home/travis/build/icyphy/ptII/vendors/cobertura-2.0.3" />
    <property name="jsdoc.command.exists" value="true" />
    <property name="env.rvm_path" value="/home/travis/.rvm" />
    <property name="env.GEM_PATH" value="/home/travis/.rvm/gems/ruby-2.5.3:/home/travis/.rvm/gems/ruby-2.5.3@global" />
    <property name="env.LC_CTYPE" value="en_US.UTF-8" />
    <property name="env.TRAVIS_CMD" value="$PTII/bin/ptIITravisBuild.sh $SECONDS" />
    <property name="java.awt.printerjob" value="sun.print.PSPrinterJob" />
    <property name="env.TRAVIS_STACK_NAME" value="sardonyx" />
    <property name="env.TRAVIS_TIMER_START_TIME" value="1601221567133800056" />
    <property name="ant.version" value="Apache Ant(TM) version 1.10.1 compiled on February 2 2017" />
    <property name="ptII.reports" value="/home/travis/build/icyphy/ptII/reports" />
    <property name="env.TRAVIS_STACK_TIMESTAMP" value="2020-06-24 13:13:18 UTC" />
    <property name="ant.file.type.ptII" value="file" />
    <property name="env.RBENV_SHELL" value="bash" />
    <property name="os.name" value="Linux" />
    <property name="java.specification.vendor" value="Oracle Corporation" />
    <property name="env.rvm_version" value="1.29.10 (latest)" />
    <property name="env.TRAVIS_INFRA" value="unknown" />
    <property name="env.TERM" value="xterm" />
    <property name="java.vm.name" value="OpenJDK 64-Bit Server VM" />
    <property name="env.TRAVIS_BUILD_NUMBER" value="1777" />
    <property name="env.CI" value="true" />
    <property name="java.library.path" value="/home/travis/pthla/certi-tools/lib:/usr/lib/jni:/usr/local/share/OpenCV/java/:/usr/share/OpenCV/java::/usr/java/packages/lib:/usr/lib64:/lib64:/lib:/usr/lib" />
    <property name="jdk.module.path" value="/home/travis/build/icyphy/ptII/vendors/javafx/javafx-sdk-11.0.2/lib:" />
    <property name="env.rvm_prefix" value="/home/travis" />
    <property name="env.PATH" value="/home/travis/pthla/certi-tools/share/scripts:/home/travis/.rvm/gems/ruby-2.5.3/bin:/home/travis/.rvm/gems/ruby-2.5.3@global/bin:/home/travis/.rvm/rubies/ruby-2.5.3/bin:/home/travis/.rvm/bin:/home/travis/.nvm/versions/node/v7.10.1/bin:./node_modules/.bin:/home/travis/build/icyphy/ptII/bin:/home/travis/pthla/certi-tools/bin:/home/travis/bin:/home/travis/.local/bin:/usr/local/lib/jvm/openjdk11/bin:/opt/pyenv/shims:/home/travis/.phpenv/shims:/home/travis/perl5/perlbrew/bin:/home/travis/gopath/bin:/home/travis/.gimme/versions/go1.11.1.linux.amd64/bin:/usr/local/maven-3.6.3/bin:/usr/local/cmake-3.12.4/bin:/usr/local/clang-7.0.0/bin:/usr/local/sbin:/usr/local/bin:/usr/sbin:/usr/bin:/sbin:/bin:/snap/bin:/home/travis/.phpenv/bin:/opt/pyenv/bin:/home/travis/.yarn/bin" />
    <property name="env.TRAVIS_OS_NAME" value="linux" />
    <property name="ant.java.version" value="9" />
    <property name="basedir" value="/home/travis/build/icyphy/ptII" />
    <property name="java.class.version" value="55.0" />
    <property name="env.SHLVL" value="3" />
    <property name="env.LD_LIBRARY_PATH" value="/home/travis/pthla/certi-tools/lib:/usr/lib/jni:/usr/local/share/OpenCV/java/:/usr/share/OpenCV/java:" />
    <property name="env.RACK_ENV" value="test" />
    <property name="ant.home" value="/home/travis/build/icyphy/ptII/ant" />
    <property name="env.NVM_DIR" value="/home/travis/.nvm" />
    <property name="env.CERTI_FOM_PATH" value="/home/travis/pthla/certi-tools/share/federations" />
    <property name="env.TRAVIS_BUILD_ID" value="730717296" />
    <property name="env.PYENV_ROOT" value="/opt/pyenv" />
    <property name="env.TRAVIS_UID" value="2000" />
    <property name="prism.verbose" value="true" />
    <property name="env.NVM_BIN" value="/home/travis/.nvm/versions/node/v7.10.1/bin" />
    <property name="env.TRAVIS_COMMIT" value="74248200255084cca0f8d02e5ad09f36c0965423" />
    <property name="node.executable" value="node" />
    <property name="sun.boot.library.path" value="/usr/local/lib/jvm/openjdk11/lib" />
    <property name="sun.management.compiler" value="HotSpot 64-Bit Tiered Compilers" />
    <property name="java.awt.graphicsenv" value="sun.awt.X11GraphicsEnvironment" />
    <property name="env.GOPATH" value="/home/travis/gopath" />
    <property name="ptolemy.ptII.dir" value="/home/travis/build/icyphy/ptII" />
    <property name="env.USER" value="travis" />
    <property name="env.HISTFILESIZE" value="2000" />
    <property name="env.NVM_INC" value="/home/travis/.nvm/versions/node/v7.10.1/include/node" />
    <property name="timeout.longest" value="19000000" />
    <property name="env.PERLBREW_SHELLRC_VERSION" value="0.88" />
    <property name="env.TRAVIS_STACK_FEATURES" value="basic couchdb disabled-ipv6 docker docker-compose elasticsearch firefox go-toolchain google-chrome jdk memcached mongodb mysql nodejs_interpreter perl_interpreter perlbrew phantomjs postgresql python_interpreter redis ruby_interpreter sqlite xserver" />
    <property name="env.TRAVIS_PULL_REQUEST" value="false" />
    <property name="env.PYENV_SHELL" value="bash" />
    <property name="ant.project.name" value="ptII" />
    <property name="env.ANSI_RESET" value="\033[0m" />
    <property name="java.vm.specification.version" value="11" />
    <property name="env.TRAVIS_DIST" value="xenial" />
    <property name="env.CERTI_VERSION" value="4.0.0" />
    <property name="env.CERTI_HOST" value="localhost" />
    <property name="awt.toolkit" value="sun.awt.X11.XToolkit" />
    <property name="env.MY_RUBY_HOME" value="/home/travis/.rvm/rubies/ruby-2.5.3" />
    <property name="sun.cpu.isalist" value="" />
    <property name="env.TRAVIS_TMPDIR" value="/tmp/tmp.559lcgjecq" />
    <property name="java.vm.compressedOopsMode" value="Zero based" />
    <property name="os.version" value="4.15.0-1077-gcp" />
    <property name="user.home" value="/home/travis" />
    <property name="java.vm.vendor" value="Oracle Corporation" />
    <property name="env.TRAVIS_TAG" value="nightly" />
    <property name="env.ANSI_YELLOW" value="\033[33;1m" />
    <property name="env.TRAVIS_FILTERED" value="redirect_io" />
    <property name="env.ANSI_GREEN" value="\033[32;1m" />
    <property name="env.JAVA_HOME" value="/usr/local/lib/jvm/openjdk11" />
    <property name="javadoc.excludepackagenames" value="adm.cvs2svn.*,build.*,config.*,doc.coding.templates.*,jni.test.jni.meaningOfLife.*,jni.test.jni.testDeux.*,jni.test.jni.testTrois.*,org.terraswarm.accessor.accessors.web.node_modules.*,org.terraswarm.accessor.accessors.web.hosts.cordova.demo.*,org.terraswarm.accessor.accessors.web.hosts.cordova.plugins.*,org.terraswarm.accessor.accessors-svn.*,pt-modules.*,ptolemy.apps.agilent.*,ptolemy.apps.anytimecontrol.*,ptolemy.apps.apes.*,ptolemy.apps.charon.*,ptolemy.apps.crazyboard.*,ptolemy.apps.eclipse.*,ptolemy.apps.etherealSting.*,ptolemy.apps.fullscreen.*,ptolemy.apps.giotto.*,ptolemy.apps.ia.*,ptolemy.apps.interfaces.*,ptolemy.apps.jmf.*,ptolemy.apps.kurt.*,ptolemy.apps.kvm.*,ptolemy.apps.lego.*,ptolemy.apps.lejos.*,ptolemy.apps.midp.*,ptolemy.apps.mobileCoding.*,ptolemy.apps.pendulum.*,ptolemy.apps.rijndael.*,ptolemy.apps.robot.*,ptolemy.apps.security.*,ptolemy.apps.sobel.*,ptolemy.apps.soot.*,ptolemy.apps.throttle.*,ptolemy.apps.tini.*,ptolemy.apps.transmission.*,ptolemy.apps.vergil.*,ptolemy.apps.waba.*,ptolemy.apps.websensor.*,ptolemy.apps.webstart.*,ptolemy.apps.xsl.*,ptolemy.apps.zaurus.*,ptolemy.codegen.c.actor.lib.oldJavaFiles.*,ptolemy.codegen.dsp.lib.*,ptolemy.codegen.kernel.newInterfaces.*,ptolemy.codegen.lib.*,ptolemy.copernicus.kernel.fragment.*,ptolemy.copernicus.shallow.cg.*,ptolemy.domains.giotto.demo.Hierarchy.Hierarchy.*,ptolemy.domains.giotto.demo.Multimode.Multimode.*,ptolemy.domains.giotto.demo.Simple.Simple.*,ptolemy.domains.gr.lib.experimental.*,ptolemy.domains.gro.*,ptolemy.domains.pdf.*,ptolemy.domains.ptinyos.demo.Surge.output.*,ptolemy.moml.test.NoPackageActor.java*,ptolemy.plot.adm.*,ptolemy.plot.servlet.*,reports.*,signed.*,src.*,target.*,vendors.*,ptolemy.copernicus.applet.*,ptolemy.media.viewer.*,ptolemy.actor.corba.*,doc.doclets.*,ptolemy.apps.eclipse.awt.*,ptolemy.backtrack.*,ptolemy.backtrack.ast.*,ptolemy.cg.adapter.generic.program.procedural.c.mbed*,ptolemy.homer.*,ptolemy.actor.lib.jai.*,org.ptolemy.scala.*,diva.util.java2d.svg.*,ptolemy.domains.ptinyos.*,ptolemy.actor.lib.fmi.fmipp.*,,org.terraswarm.accessor.accessors.web.node_modules.*,org.terraswarm.accessor.accessors-svn,ptolemy.apps.*,ptolemy.actor.ptalon.demo.ptinyos.SendAndReceiveCnt.output,ptolemy.actor.ptalon.demo.ptinyos.SenseToLeds.output,ptolemy.domains.ptinyos.demo.CntToLedsAndRfm.output,ptolemy.domains.ptinyos.demo.RfmToLeds.output,ptolemy.domains.ptinyos.demo.SendAndReceiveCnt.output,ptolemy.domains.ptinyos.demo.SenseToLeds.output,ptolemy.actor.lib.jjs.modules.udpSocket.*" />
    <property name="env.PTII" value="/home/travis/build/icyphy/ptII" />
    <property name="env.XDG_SESSION_ID" value="2" />
    <property name="keystore" value="ptKeystore" />
    <property name="env.TRAVIS_COMMIT_MESSAGE" value="Exclude org/hlacerti/newModels1516e/VariableArrayPTIIJavaFed" />
    <property name="junit.output.dir" value="/home/travis/build/icyphy/ptII/reports/junit" />
    <property name="npm.return.code" value="0" />
    <property name="user.dir" value="/home/travis/build/icyphy/ptII/ptolemy/actor/lib/test" />
    <property name="env.TRAVIS_NODE_VERSION" value="7" />
    <property name="env.TRAVIS_EVENT_TYPE" value="cron" />
    <property name="env.MAIL" value="/var/mail/travis" />
    <property name="env.PERLBREW_ROOT" value="/home/travis/perl5/perlbrew" />
    <property name="env.PWD" value="/home/travis/build/icyphy/ptII" />
    <property name="timeout.npm" value="45000" />
    <property name="env.TRAVIS_ARCH" value="amd64" />
    <property name="sun.cpu.endian" value="little" />
    <property name="env.PAGER" value="cat" />
    <property name="env.TRAVIS_BUILD_STAGE_NAME" value="test" />
    <property name="env.PERLBREW_HOME" value="/home/travis/.perlbrew" />
    <property name="java.vm.version" value="11.0.2+9" />
    <property name="env.RAILS_ENV" value="test" />
    <property name="java.class.path" value="/home/travis/.ptolemyII:/home/travis/.ptolemyII/*:/home/travis/build/icyphy/ptII:/home/travis/build/icyphy/ptII/lib/bsh-2.0b4.jar:/home/travis/build/icyphy/ptII/lib/ptCal.jar:/home/travis/build/icyphy/ptII/lib/java_cup.jar:/home/travis/build/icyphy/ptII/lib/saxon8.jar:/home/travis/build/icyphy/ptII/lib/saxon8-dom.jar:/home/travis/build/icyphy/ptII/lib/chic.jar:/home/travis/build/icyphy/ptII/lib/ptcolt.jar:/home/travis/build/icyphy/ptII/vendors/misc/itext/iText.jar:/home/travis/build/icyphy/ptII/lib/g4ltl.jar:/home/travis/build/icyphy/ptII/lib/StructuralCoder.jar:/home/travis/build/icyphy/ptII/lib/jcerti.jar:/home/travis/build/icyphy/ptII/lib/javax.mail.jar:/home/travis/build/icyphy/ptII/vendors/JMF-2.1.1e/lib/jmf.jar:/home/travis/build/icyphy/ptII/lib/jna-4.0.0-variadic.jar:/home/travis/build/icyphy/ptII/vendors/misc/joystick/Joystick.jar:/home/travis/build/icyphy/ptII/lib/ptjacl.jar:/home/travis/build/icyphy/ptII/lib/jsoup-1.8.2.jar:/home/travis/build/icyphy/ptII/lib/junit-4.8.2.jar:/home/travis/build/icyphy/ptII/lib/JUnitParams-0.4.0.jar:/home/travis/build/icyphy/ptII/ptolemy/actor/lib/excel/jxl.jar:/home/travis/build/icyphy/ptII/lib/jython.jar:/home/travis/build/icyphy/ptII/lib/kieler.jar:/home/travis/build/icyphy/ptII/vendors/opencv/share/OpenCV/java/opencv-341.jar:/home/travis/build/icyphy/ptII/lib/oscP5.jar:/home/travis/build/icyphy/ptII/lib/nrjavaserial-3.11.0.devel.jar:/home/travis/build/icyphy/ptII/vendors/j3d/lib/Linux/j3dcore.jar:/home/travis/build/icyphy/ptII/vendors/j3d/lib/Linux/j3dutils.jar:/home/travis/build/icyphy/ptII/vendors/j3d/lib/Linux/vecmath.jar:/home/travis/build/icyphy/ptII/vendors/jogl/lib/Linux/gluegen-rt-natives-linux-amd64.jar:/home/travis/build/icyphy/ptII/vendors/jogl/lib/Linux/gluegen-rt.jar:/home/travis/build/icyphy/ptII/vendors/jogl/lib/Linux/jogl-all-natives-linux-amd64.jar:/home/travis/build/icyphy/ptII/vendors/jogl/lib/Linux/jogl-all.jar:/home/travis/build/icyphy/ptII/ptolemy/distributed/jini/jar/jini-core.jar:/home/travis/build/icyphy/ptII/ptolemy/distributed/jini/jar/jini-ext.jar:/home/travis/build/icyphy/ptII/ptolemy/distributed/jini/jar/sun-util.jar:/home/travis/build/icyphy/ptII/lib/protobuf-java-2.4.1.jar:/home/travis/build/icyphy/ptII/lib/org.eclipse.paho.client.mqttv3.jar:/home/travis/build/icyphy/ptII/lib/mapss.jar:/home/travis/build/icyphy/ptII/ptolemy/actor/ptalon/antlr/antlr.jar:/home/travis/build/icyphy/ptII/lib/JRI.jar:/home/travis/build/icyphy/ptII/lib/commons-lang-2.6.jar:/home/travis/build/icyphy/ptII/lib/commons-logging-1.1.1.jar:/home/travis/build/icyphy/ptII/lib/sootclasses.jar:/home/travis/build/icyphy/ptII/ptolemy/actor/lib/database/mysql-connector-java-5.1.6-bin.jar:/home/travis/build/icyphy/ptII/vendors/misc/sphinx4/sphinx4-data-5prealpha.jar:/home/travis/build/icyphy/ptII/vendors/misc/sphinx4/sphinx4-core-5prealpha.jar:/home/travis/build/icyphy/ptII/lib/PDFRenderer.jar:/home/travis/build/icyphy/ptII/lib/svgSalamander.jar:/home/travis/build/icyphy/ptII/lib/rsyntaxtextarea-2.6.0-SNAPSHOT.jar:/home/travis/build/icyphy/ptII/lib/hazelcast-3.8.2.jar:/home/travis/build/icyphy/ptII/lib/jackson-annotations-2.9.0.jar:/home/travis/build/icyphy/ptII/lib/jackson-core-2.9.3.jar:/home/travis/build/icyphy/ptII/lib/jackson-databind-2.9.3.jar:/home/travis/build/icyphy/ptII/lib/netty-buffer-4.1.19.Final.jar:/home/travis/build/icyphy/ptII/lib/netty-codec-4.1.19.Final.jar:/home/travis/build/icyphy/ptII/lib/netty-codec-dns-4.1.19.Final.jar:/home/travis/build/icyphy/ptII/lib/netty-codec-http-4.1.19.Final.jar:/home/travis/build/icyphy/ptII/lib/netty-codec-http2-4.1.19.Final.jar:/home/travis/build/icyphy/ptII/lib/netty-common-4.1.19.Final.jar:/home/travis/build/icyphy/ptII/lib/netty-handler-4.1.19.Final.jar:/home/travis/build/icyphy/ptII/lib/netty-resolver-4.1.19.Final.jar:/home/travis/build/icyphy/ptII/lib/netty-resolver-dns-4.1.19.Final.jar:/home/travis/build/icyphy/ptII/lib/netty-transport-4.1.19.Final.jar:/home/travis/build/icyphy/ptII/lib/vertx-codegen-3.5.1.jar:/home/travis/build/icyphy/ptII/lib/vertx-core-3.5.2-SNAPSHOT.jar:/home/travis/build/icyphy/ptII/lib/vertx-hazelcast-3.5.1.jar:/home/travis/build/icyphy/ptII/lib/vertx-lang-js-3.5.1.jar:/home/travis/build/icyphy/ptII/lib/vertx-service-proxy-3.5.1.jar:/home/travis/build/icyphy/ptII/lib/vertx-web-3.5.1.jar:/home/travis/build/icyphy/ptII/lib/slf4j-api-1.7.13.jar:/home/travis/build/icyphy/ptII/lib/slf4j-simple-1.7.13.jar:/home/travis/build/icyphy/ptII/lib/webcam-capture-0.3.12.jar:/home/travis/build/icyphy/ptII/lib/bridj-0.7.0.jar:/home/travis/build/icyphy/ptII/lib/xbjlib-1.1.0.nrjavaserial.jar:/home/travis/build/icyphy/ptII/ptolemy/moml/test:/home/travis/build/icyphy/ptII/ant/lib/ant-launcher.jar:/home/travis/build/icyphy/ptII/ant/lib/ant.jar:/home/travis/build/icyphy/ptII/ant/lib/ant-junit.jar:/home/travis/build/icyphy/ptII/ant/lib/ant-junit4.jar" />
    <property name="ant.library.dir" value="/home/travis/build/icyphy/ptII/ant/lib" />
    <property name="os.arch" value="amd64" />
    <property name="env.CONTINUOUS_INTEGRATION" value="true" />
    <property name="env.TRAVIS_LANGUAGE" value="node_js" />
    <property name="env.TRAVIS_STACK_LANGUAGES" value="__sardonyx__ c c++ clojure cplusplus cpp default generic go groovy java node_js php pure_java python ruby scala" />
    <property name="test.name" value="ptolemy.actor.lib.test.junit.JUnitTclTest" />
    <property name="env.APT_KEY_DONT_WARN_ON_DANGEROUS_USAGE" value="1" />
    <property name="sun.java.launcher" value="SUN_STANDARD" />
    <property name="env.PYTHON_CONFIGURE_OPTS" value="--enable-unicode=ucs4 --with-wide-unicode --enable-shared --enable-ipv6 --enable-loadable-sqlite-extensions --with-computed-gotos" />
    <property name="ant.core.lib" value="/home/travis/build/icyphy/ptII/ant/lib/ant.jar" />
    <property name="java.vm.specification.vendor" value="Oracle Corporation" />
    <property name="env.BCVTB_HOME" value="/home/travis/build/icyphy/ptII/lbnl" />
    <property name="file.separator" value="/" />
    <property name="spotbugs.home" value="/home/travis/build/icyphy/ptII/vendors/spotbugs-3.1.1" />
    <property name="java.runtime.version" value="11.0.2+9" />
    <property name="env.ANSI_CLEAR" value="\033[0K" />
    <property name="javafx.verbose" value="true" />
    <property name="env.HAS_JOSH_K_SEAL_OF_APPROVAL" value="true" />
    <property name="env.XDG_RUNTIME_DIR" value="/run/user/2000" />
    <property name="env.TRAVIS_OSX_IMAGE" value="" />
    <property name="env.TRAVIS_JOB_ID" value="730717314" />
    <property name="env.TRAVIS_BRANCH" value="master" />
    <property name="user.country" value="US" />
    <property name="env.CERTI_HOME_TRAVIS" value="/home/travis/pthla/certi-tools" />
    <property name="env.SHELL" value="/bin/bash" />
    <property name="java.maxmemory.large" value="3200m" />
    <property name="model" value="" />
    <property name="env.CASHER_DIR" value="/home/travis/.casher" />
    <property name="env.NVM_CD_FLAGS" value="" />
    <property name="java.vendor.version" value="18.9" />
    <property name="jshint.executable" value="/home/travis/node_modules/jshint/bin/jshint" />
    <property name="env.JRUBY_OPTS" value=" --client -J-XX:+TieredCompilation -J-XX:TieredStopAtLevel=1 -J-Xss2m -Xcompile.invokedynamic=false" />
    <property name="java.vendor" value="Oracle Corporation" />
    <property name="env.TRAVIS_PRE_CHEF_BOOTSTRAP_TIME" value="2020-06-24T13:13:03" />
    <property name="env.TRAVIS_STACK_JOB_BOARD_REGISTER" value="/.job-board-register.yml" />
    <property name="env.ANSI_RED" value="\033[31;1m" />
    <property name="java.specification.version" value="11" />
    <property name="env.IRBRC" value="/home/travis/.rvm/rubies/ruby-2.5.3/.irbrc" />
    <property name="env.TRAVIS" value="true" />
    <property name="sun.arch.data.model" value="64" />
  </properties>
  <testcase classname="ptolemy.util.test.junit.TclTests" name="[0] /home/travis/build/icyphy/ptII/ptolemy/actor/lib/test/AbsoluteValue.tcl (RunTclFile)" time="0.531" />
  <testcase classname="ptolemy.util.test.junit.TclTests" name="[1] /home/travis/build/icyphy/ptII/ptolemy/actor/lib/test/AddSubtract.tcl (RunTclFile)" time="0.153" />
  <testcase classname="ptolemy.util.test.junit.TclTests" name="[2] /home/travis/build/icyphy/ptII/ptolemy/actor/lib/test/Average.tcl (RunTclFile)" time="0.074" />
  <testcase classname="ptolemy.util.test.junit.TclTests" name="[3] /home/travis/build/icyphy/ptII/ptolemy/actor/lib/test/Bernoulli.tcl (RunTclFile)" time="0.02" />
  <testcase classname="ptolemy.util.test.junit.TclTests" name="[4] /home/travis/build/icyphy/ptII/ptolemy/actor/lib/test/Clock.tcl (RunTclFile)" time="0.114" />
  <testcase classname="ptolemy.util.test.junit.TclTests" name="[5] /home/travis/build/icyphy/ptII/ptolemy/actor/lib/test/Commutator.tcl (RunTclFile)" time="0.184" />
  <testcase classname="ptolemy.util.test.junit.TclTests" name="[6] /home/travis/build/icyphy/ptII/ptolemy/actor/lib/test/Const.tcl (RunTclFile)" time="0.119" />
  <testcase classname="ptolemy.util.test.junit.TclTests" name="[7] /home/travis/build/icyphy/ptII/ptolemy/actor/lib/test/CurrentTime.tcl (RunTclFile)" time="0.045" />
  <testcase classname="ptolemy.util.test.junit.TclTests" name="[8] /home/travis/build/icyphy/ptII/ptolemy/actor/lib/test/DB.tcl (RunTclFile)" time="0.043" />
  <testcase classname="ptolemy.util.test.junit.TclTests" name="[9] /home/travis/build/icyphy/ptII/ptolemy/actor/lib/test/DiscreteRandomSource.tcl (RunTclFile)" time="0.027" />
  <testcase classname="ptolemy.util.test.junit.TclTests" name="[10] /home/travis/build/icyphy/ptII/ptolemy/actor/lib/test/Distributor.tcl (RunTclFile)" time="0.093" />
  <testcase classname="ptolemy.util.test.junit.TclTests" name="[11] /home/travis/build/icyphy/ptII/ptolemy/actor/lib/test/Exit.tcl (RunTclFile)" time="0.083" />
  <testcase classname="ptolemy.util.test.junit.TclTests" name="[12] /home/travis/build/icyphy/ptII/ptolemy/actor/lib/test/Expression.tcl (RunTclFile)" time="0.099" />
  <testcase classname="ptolemy.util.test.junit.TclTests" name="[13] /home/travis/build/icyphy/ptII/ptolemy/actor/lib/test/Gaussian.tcl (RunTclFile)" time="1.015" />
  <testcase classname="ptolemy.util.test.junit.TclTests" name="[14] /home/travis/build/icyphy/ptII/ptolemy/actor/lib/test/IIR.tcl (RunTclFile)" time="0.058" />
  <testcase classname="ptolemy.util.test.junit.TclTests" name="[15] /home/travis/build/icyphy/ptII/ptolemy/actor/lib/test/Interpolator.tcl (RunTclFile)" time="0.09" />
  <testcase classname="ptolemy.util.test.junit.TclTests" name="[16] /home/travis/build/icyphy/ptII/ptolemy/actor/lib/test/MathFunction.tcl (RunTclFile)" time="0.047" />
  <testcase classname="ptolemy.util.test.junit.TclTests" name="[17] /home/travis/build/icyphy/ptII/ptolemy/actor/lib/test/Maximum.tcl (RunTclFile)" time="0.038" />
  <testcase classname="ptolemy.util.test.junit.TclTests" name="[18] /home/travis/build/icyphy/ptII/ptolemy/actor/lib/test/Minimum.tcl (RunTclFile)" time="0.054" />
  <testcase classname="ptolemy.util.test.junit.TclTests" name="[19] /home/travis/build/icyphy/ptII/ptolemy/actor/lib/test/MultiplyDivide.tcl (RunTclFile)" time="0.057" />
  <testcase classname="ptolemy.util.test.junit.TclTests" name="[20] /home/travis/build/icyphy/ptII/ptolemy/actor/lib/test/OrderedMerge.tcl (RunTclFile)" time="0.192" />
  <testcase classname="ptolemy.util.test.junit.TclTests" name="[21] /home/travis/build/icyphy/ptII/ptolemy/actor/lib/test/Publisher.tcl (RunTclFile)" time="0.757" />
  <testcase classname="ptolemy.util.test.junit.TclTests" name="[22] /home/travis/build/icyphy/ptII/ptolemy/actor/lib/test/Pulse.tcl (RunTclFile)" time="0.046" />
  <testcase classname="ptolemy.util.test.junit.TclTests" name="[23] /home/travis/build/icyphy/ptII/ptolemy/actor/lib/test/Ramp.tcl (RunTclFile)" time="1.991" />
  <testcase classname="ptolemy.util.test.junit.TclTests" name="[24] /home/travis/build/icyphy/ptII/ptolemy/actor/lib/test/RampContinuous.tcl (RunTclFile)" time="0.02" />
  <testcase classname="ptolemy.util.test.junit.TclTests" name="[25] /home/travis/build/icyphy/ptII/ptolemy/actor/lib/test/RecordAssembler.tcl (RunTclFile)" time="0.019" />
  <testcase classname="ptolemy.util.test.junit.TclTests" name="[26] /home/travis/build/icyphy/ptII/ptolemy/actor/lib/test/RecordDisassembler.tcl (RunTclFile)" time="0.035" />
  <testcase classname="ptolemy.util.test.junit.TclTests" name="[27] /home/travis/build/icyphy/ptII/ptolemy/actor/lib/test/Scale.tcl (RunTclFile)" time="0.031" />
  <testcase classname="ptolemy.util.test.junit.TclTests" name="[28] /home/travis/build/icyphy/ptII/ptolemy/actor/lib/test/SequentialClock.tcl (RunTclFile)" time="0.022" />
  <testcase classname="ptolemy.util.test.junit.TclTests" name="[29] /home/travis/build/icyphy/ptII/ptolemy/actor/lib/test/SetVariable.tcl (RunTclFile)" time="0.012" />
  <testcase classname="ptolemy.util.test.junit.TclTests" name="[30] /home/travis/build/icyphy/ptII/ptolemy/actor/lib/test/Sinewave.tcl (RunTclFile)" time="0.048" />
  <testcase classname="ptolemy.util.test.junit.TclTests" name="[31] /home/travis/build/icyphy/ptII/ptolemy/actor/lib/test/SubscriptionAggregator.tcl (RunTclFile)" time="2.085" />
  <testcase classname="ptolemy.util.test.junit.TclTests" name="[32] /home/travis/build/icyphy/ptII/ptolemy/actor/lib/test/Test.tcl (RunTclFile)" time="0.088" />
  <testcase classname="ptolemy.util.test.junit.TclTests" name="[33] /home/travis/build/icyphy/ptII/ptolemy/actor/lib/test/TestExceptionHandler.tcl (RunTclFile)" time="0.013" />
  <testcase classname="ptolemy.util.test.junit.TclTests" name="[34] /home/travis/build/icyphy/ptII/ptolemy/actor/lib/test/UnionDisassembler.tcl (RunTclFile)" time="0.049" />
  <testcase classname="ptolemy.util.test.junit.TclTests" name="[35] /home/travis/build/icyphy/ptII/ptolemy/actor/lib/test/VariableClock.tcl (RunTclFile)" time="0.017" />
  <testcase classname="ptolemy.util.test.junit.AutoKnownFailedTests" name="[0] /home/travis/build/icyphy/ptII/ptolemy/actor/lib/test/auto/knownFailedTests/PublisherPortToplevelSubscriber.xml (RunModel)" time="0.032" />
  <testcase classname="ptolemy.util.test.junit.AutoKnownFailedTests" name="[1] /home/travis/build/icyphy/ptII/ptolemy/actor/lib/test/auto/knownFailedTests/PublisherSubscriberPortToplevel.xml (RunModel)" time="0.027" />
  <testcase classname="ptolemy.util.test.junit.AutoKnownFailedTests" name="[2] /home/travis/build/icyphy/ptII/ptolemy/actor/lib/test/auto/knownFailedTests/PublisherSubscriptionAggregatorPort.xml (RunModel)" time="0.021" />
  <testcase classname="ptolemy.util.test.junit.AutoKnownFailedTests" name="[3] /home/travis/build/icyphy/ptII/ptolemy/actor/lib/test/auto/knownFailedTests/sizedarray3.xml (RunModel)" time="0.031" />
  <testcase classname="ptolemy.util.test.junit.AutoNameArchTests" name="[0] ThereAreNoAutoArchTests (RunModel)" time="0.001" />
  <testcase classname="ptolemy.util.test.junit.AutoTests" name="[0] /home/travis/build/icyphy/ptII/ptolemy/actor/lib/test/auto/AbsoluteValue.xml (RunModel)" time="0.131" />
  <testcase classname="ptolemy.util.test.junit.AutoTests" name="[1] /home/travis/build/icyphy/ptII/ptolemy/actor/lib/test/auto/AbsoluteValue2.xml (RunModel)" time="0.07" />
  <testcase classname="ptolemy.util.test.junit.AutoTests" name="[2] /home/travis/build/icyphy/ptII/ptolemy/actor/lib/test/auto/Accumulator.xml (RunModel)" time="0.155" />
  <testcase classname="ptolemy.util.test.junit.AutoTests" name="[3] /home/travis/build/icyphy/ptII/ptolemy/actor/lib/test/auto/Accumulator2.xml (RunModel)" time="0.02" />
  <testcase classname="ptolemy.util.test.junit.AutoTests" name="[4] /home/travis/build/icyphy/ptII/ptolemy/actor/lib/test/auto/Accumulator3.xml (RunModel)" time="0.018" />
  <testcase classname="ptolemy.util.test.junit.AutoTests" name="[5] /home/travis/build/icyphy/ptII/ptolemy/actor/lib/test/auto/ArrayAppend.xml (RunModel)" time="0.033" />
  <testcase classname="ptolemy.util.test.junit.AutoTests" name="[6] /home/travis/build/icyphy/ptII/ptolemy/actor/lib/test/auto/ArrayAppend2.xml (RunModel)" time="0.341" />
  <testcase classname="ptolemy.util.test.junit.AutoTests" name="[7] /home/travis/build/icyphy/ptII/ptolemy/actor/lib/test/auto/ArrayAppend3.xml (RunModel)" time="0.018" />
  <testcase classname="ptolemy.util.test.junit.AutoTests" name="[8] /home/travis/build/icyphy/ptII/ptolemy/actor/lib/test/auto/ArrayAppend4.xml (RunModel)" time="0.019" />
  <testcase classname="ptolemy.util.test.junit.AutoTests" name="[9] /home/travis/build/icyphy/ptII/ptolemy/actor/lib/test/auto/ArrayAppend5.xml (RunModel)" time="0.015" />
  <testcase classname="ptolemy.util.test.junit.AutoTests" name="[10] /home/travis/build/icyphy/ptII/ptolemy/actor/lib/test/auto/ArrayAppend6.xml (RunModel)" time="0.016" />
  <testcase classname="ptolemy.util.test.junit.AutoTests" name="[11] /home/travis/build/icyphy/ptII/ptolemy/actor/lib/test/auto/ArrayAppendPerformanceTest.xml (RunModel)" time="0.084" />
  <testcase classname="ptolemy.util.test.junit.AutoTests" name="[12] /home/travis/build/icyphy/ptII/ptolemy/actor/lib/test/auto/ArrayAppendWithEmptyInput.xml (RunModel)" time="0.057" />
  <testcase classname="ptolemy.util.test.junit.AutoTests" name="[13] /home/travis/build/icyphy/ptII/ptolemy/actor/lib/test/auto/ArrayAverage.xml (RunModel)" time="0.114" />
  <testcase classname="ptolemy.util.test.junit.AutoTests" name="[14] /home/travis/build/icyphy/ptII/ptolemy/actor/lib/test/auto/ArrayContains.xml (RunModel)" time="0.033" />
  <testcase classname="ptolemy.util.test.junit.AutoTests" name="[15] /home/travis/build/icyphy/ptII/ptolemy/actor/lib/test/auto/ArrayElement.xml (RunModel)" time="0.038" />
  <testcase classname="ptolemy.util.test.junit.AutoTests" name="[16] /home/travis/build/icyphy/ptII/ptolemy/actor/lib/test/auto/ArrayElementAsMatrix.xml (RunModel)" time="0.043" />
  <testcase classname="ptolemy.util.test.junit.AutoTests" name="[17] /home/travis/build/icyphy/ptII/ptolemy/actor/lib/test/auto/ArrayElementI.xml (RunModel)" time="0.017" />
  <testcase classname="ptolemy.util.test.junit.AutoTests" name="[18] /home/travis/build/icyphy/ptII/ptolemy/actor/lib/test/auto/ArrayExtract.xml (RunModel)" time="0.027" />
  <testcase classname="ptolemy.util.test.junit.AutoTests" name="[19] /home/travis/build/icyphy/ptII/ptolemy/actor/lib/test/auto/ArrayExtract2.xml (RunModel)" time="0.019" />
  <testcase classname="ptolemy.util.test.junit.AutoTests" name="[20] /home/travis/build/icyphy/ptII/ptolemy/actor/lib/test/auto/ArrayLength.xml (RunModel)" time="0.028" />
  <testcase classname="ptolemy.util.test.junit.AutoTests" name="[21] /home/travis/build/icyphy/ptII/ptolemy/actor/lib/test/auto/ArrayLevelCrossing.xml (RunModel)" time="0.024" />
  <testcase classname="ptolemy.util.test.junit.AutoTests" name="[22] /home/travis/build/icyphy/ptII/ptolemy/actor/lib/test/auto/ArrayLevelCrossing2.xml (RunModel)" time="0.024" />
  <testcase classname="ptolemy.util.test.junit.AutoTests" name="[23] /home/travis/build/icyphy/ptII/ptolemy/actor/lib/test/auto/ArrayPeakSearch.xml (RunModel)" time="0.028" />
  <testcase classname="ptolemy.util.test.junit.AutoTests" name="[24] /home/travis/build/icyphy/ptII/ptolemy/actor/lib/test/auto/ArrayPeakSearch2.xml (RunModel)" time="0.039" />
  <testcase classname="ptolemy.util.test.junit.AutoTests" name="[25] /home/travis/build/icyphy/ptII/ptolemy/actor/lib/test/auto/ArrayPeakSearch3.xml (RunModel)" time="0.04" />
  <testcase classname="ptolemy.util.test.junit.AutoTests" name="[26] /home/travis/build/icyphy/ptII/ptolemy/actor/lib/test/auto/ArrayRemoveElement.xml (RunModel)" time="0.029" />
  <testcase classname="ptolemy.util.test.junit.AutoTests" name="[27] /home/travis/build/icyphy/ptII/ptolemy/actor/lib/test/auto/ArraySort.xml (RunModel)" time="0.036" />
  <testcase classname="ptolemy.util.test.junit.AutoTests" name="[28] /home/travis/build/icyphy/ptII/ptolemy/actor/lib/test/auto/ArraySum.xml (RunModel)" time="0.023" />
  <testcase classname="ptolemy.util.test.junit.AutoTests" name="[29] /home/travis/build/icyphy/ptII/ptolemy/actor/lib/test/auto/ArrayToElements.xml (RunModel)" time="0.023" />
  <testcase classname="ptolemy.util.test.junit.AutoTests" name="[30] /home/travis/build/icyphy/ptII/ptolemy/actor/lib/test/auto/ArrayToMatrix.xml (RunModel)" time="0.067" />
  <testcase classname="ptolemy.util.test.junit.AutoTests" name="[31] /home/travis/build/icyphy/ptII/ptolemy/actor/lib/test/auto/ArrayUpdate1.xml (RunModel)" time="0.021" />
  <testcase classname="ptolemy.util.test.junit.AutoTests" name="[32] /home/travis/build/icyphy/ptII/ptolemy/actor/lib/test/auto/ArrayUpdate2.xml (RunModel)" time="0.024" />
  <testcase classname="ptolemy.util.test.junit.AutoTests" name="[33] /home/travis/build/icyphy/ptII/ptolemy/actor/lib/test/auto/ArrayUpdate3.xml (RunModel)" time="0.015" />
  <testcase classname="ptolemy.util.test.junit.AutoTests" name="[34] /home/travis/build/icyphy/ptII/ptolemy/actor/lib/test/auto/Assert1.xml (RunModel)" time="0.028" />
  <testcase classname="ptolemy.util.test.junit.AutoTests" name="[35] /home/travis/build/icyphy/ptII/ptolemy/actor/lib/test/auto/Assert2.xml (RunModel)" time="0.015" />
  <testcase classname="ptolemy.util.test.junit.AutoTests" name="[36] /home/travis/build/icyphy/ptII/ptolemy/actor/lib/test/auto/BooleanMultiplexor.xml (RunModel)" time="0.015" />
  <testcase classname="ptolemy.util.test.junit.AutoTests" name="[37] /home/travis/build/icyphy/ptII/ptolemy/actor/lib/test/auto/BooleanMultiplexor2.xml (RunModel)" time="0.026" />
  <testcase classname="ptolemy.util.test.junit.AutoTests" name="[38] /home/travis/build/icyphy/ptII/ptolemy/actor/lib/test/auto/BooleanMultiplexor3.xml (RunModel)" time="0.022" />
  <testcase classname="ptolemy.util.test.junit.AutoTests" name="[39] /home/travis/build/icyphy/ptII/ptolemy/actor/lib/test/auto/BooleanSelect.xml (RunModel)" time="0.021" />
  <testcase classname="ptolemy.util.test.junit.AutoTests" name="[40] /home/travis/build/icyphy/ptII/ptolemy/actor/lib/test/auto/BooleanSelect2.xml (RunModel)" time="0.013" />
  <testcase classname="ptolemy.util.test.junit.AutoTests" name="[41] /home/travis/build/icyphy/ptII/ptolemy/actor/lib/test/auto/BooleanSwitch.xml (RunModel)" time="0.029" />
  <testcase classname="ptolemy.util.test.junit.AutoTests" name="[42] /home/travis/build/icyphy/ptII/ptolemy/actor/lib/test/auto/BooleanSwitch2.xml (RunModel)" time="0.018" />
  <testcase classname="ptolemy.util.test.junit.AutoTests" name="[43] /home/travis/build/icyphy/ptII/ptolemy/actor/lib/test/auto/BooleanSwitchCloningBugWithClassRelationGroup.xml (RunModel)" time="0.032" />
  <testcase classname="ptolemy.util.test.junit.AutoTests" name="[44] /home/travis/build/icyphy/ptII/ptolemy/actor/lib/test/auto/BusActors.xml (RunModel)" time="0.036" />
  <testcase classname="ptolemy.util.test.junit.AutoTests" name="[45] /home/travis/build/icyphy/ptII/ptolemy/actor/lib/test/auto/ClassWrapper.xml (RunModel)" time="0.021" />
  <testcase classname="ptolemy.util.test.junit.AutoTests" name="[46] /home/travis/build/icyphy/ptII/ptolemy/actor/lib/test/auto/Clock.xml (RunModel)" time="0.009" />
  <testcase classname="ptolemy.util.test.junit.AutoTests" name="[47] /home/travis/build/icyphy/ptII/ptolemy/actor/lib/test/auto/Clock10.xml (RunModel)" time="0.018" />
  <testcase classname="ptolemy.util.test.junit.AutoTests" name="[48] /home/travis/build/icyphy/ptII/ptolemy/actor/lib/test/auto/Clock11.xml (RunModel)" time="0.017" />
  <testcase classname="ptolemy.util.test.junit.AutoTests" name="[49] /home/travis/build/icyphy/ptII/ptolemy/actor/lib/test/auto/Clock12.xml (RunModel)" time="0.016" />
  <testcase classname="ptolemy.util.test.junit.AutoTests" name="[50] /home/travis/build/icyphy/ptII/ptolemy/actor/lib/test/auto/Clock13.xml (RunModel)" time="0.017" />
  <testcase classname="ptolemy.util.test.junit.AutoTests" name="[51] /home/travis/build/icyphy/ptII/ptolemy/actor/lib/test/auto/Clock14.xml (RunModel)" time="0.018" />
  <testcase classname="ptolemy.util.test.junit.AutoTests" name="[52] /home/travis/build/icyphy/ptII/ptolemy/actor/lib/test/auto/Clock15.xml (RunModel)" time="0.012" />
  <testcase classname="ptolemy.util.test.junit.AutoTests" name="[53] /home/travis/build/icyphy/ptII/ptolemy/actor/lib/test/auto/Clock16.xml (RunModel)" time="0.095" />
  <testcase classname="ptolemy.util.test.junit.AutoTests" name="[54] /home/travis/build/icyphy/ptII/ptolemy/actor/lib/test/auto/Clock17.xml (RunModel)" time="0.07" />
  <testcase classname="ptolemy.util.test.junit.AutoTests" name="[55] /home/travis/build/icyphy/ptII/ptolemy/actor/lib/test/auto/Clock18.xml (RunModel)" time="0.051" />
  <testcase classname="ptolemy.util.test.junit.AutoTests" name="[56] /home/travis/build/icyphy/ptII/ptolemy/actor/lib/test/auto/Clock19.xml (RunModel)" time="0.042" />
  <testcase classname="ptolemy.util.test.junit.AutoTests" name="[57] /home/travis/build/icyphy/ptII/ptolemy/actor/lib/test/auto/Clock2.xml (RunModel)" time="0.013" />
  <testcase classname="ptolemy.util.test.junit.AutoTests" name="[58] /home/travis/build/icyphy/ptII/ptolemy/actor/lib/test/auto/Clock20.xml (RunModel)" time="0.021" />
  <testcase classname="ptolemy.util.test.junit.AutoTests" name="[59] /home/travis/build/icyphy/ptII/ptolemy/actor/lib/test/auto/Clock21.xml (RunModel)" time="0.016" />
  <testcase classname="ptolemy.util.test.junit.AutoTests" name="[60] /home/travis/build/icyphy/ptII/ptolemy/actor/lib/test/auto/Clock22.xml (RunModel)" time="0.014" />
  <testcase classname="ptolemy.util.test.junit.AutoTests" name="[61] /home/travis/build/icyphy/ptII/ptolemy/actor/lib/test/auto/Clock23.xml (RunModel)" time="0.017" />
  <testcase classname="ptolemy.util.test.junit.AutoTests" name="[62] /home/travis/build/icyphy/ptII/ptolemy/actor/lib/test/auto/Clock24.xml (RunModel)" time="0.017" />
  <testcase classname="ptolemy.util.test.junit.AutoTests" name="[63] /home/travis/build/icyphy/ptII/ptolemy/actor/lib/test/auto/Clock4.xml (RunModel)" time="0.014" />
  <testcase classname="ptolemy.util.test.junit.AutoTests" name="[64] /home/travis/build/icyphy/ptII/ptolemy/actor/lib/test/auto/Clock5.xml (RunModel)" time="0.016" />
  <testcase classname="ptolemy.util.test.junit.AutoTests" name="[65] /home/travis/build/icyphy/ptII/ptolemy/actor/lib/test/auto/Clock6.xml (RunModel)" time="0.008" />
  <testcase classname="ptolemy.util.test.junit.AutoTests" name="[66] /home/travis/build/icyphy/ptII/ptolemy/actor/lib/test/auto/Clock7.xml (RunModel)" time="0.008" />
  <testcase classname="ptolemy.util.test.junit.AutoTests" name="[67] /home/travis/build/icyphy/ptII/ptolemy/actor/lib/test/auto/Clock8.xml (RunModel)" time="0.013" />
  <testcase classname="ptolemy.util.test.junit.AutoTests" name="[68] /home/travis/build/icyphy/ptII/ptolemy/actor/lib/test/auto/Clock9.xml (RunModel)" time="0.013" />
  <testcase classname="ptolemy.util.test.junit.AutoTests" name="[69] /home/travis/build/icyphy/ptII/ptolemy/actor/lib/test/auto/CommDistDiscard.xml (RunModel)" time="0.017" />
  <testcase classname="ptolemy.util.test.junit.AutoTests" name="[70] /home/travis/build/icyphy/ptII/ptolemy/actor/lib/test/auto/Commutator.xml (RunModel)" time="0.013" />
  <testcase classname="ptolemy.util.test.junit.AutoTests" name="[71] /home/travis/build/icyphy/ptII/ptolemy/actor/lib/test/auto/Commutator2.xml (RunModel)" time="0.01" />
  <testcase classname="ptolemy.util.test.junit.AutoTests" name="[72] /home/travis/build/icyphy/ptII/ptolemy/actor/lib/test/auto/Commutator3.xml (RunModel)" time="0.012" />
  <testcase classname="ptolemy.util.test.junit.AutoTests" name="[73] /home/travis/build/icyphy/ptII/ptolemy/actor/lib/test/auto/Compare.xml (RunModel)" time="0.019" />
  <testcase classname="ptolemy.util.test.junit.AutoTests" name="[74] /home/travis/build/icyphy/ptII/ptolemy/actor/lib/test/auto/CompareDE.xml (RunModel)" time="0.019" />
  <testcase classname="ptolemy.util.test.junit.AutoTests" name="[75] /home/travis/build/icyphy/ptII/ptolemy/actor/lib/test/auto/ComplexDivide.xml (RunModel)" time="0.012" />
  <testcase classname="ptolemy.util.test.junit.AutoTests" name="[76] /home/travis/build/icyphy/ptII/ptolemy/actor/lib/test/auto/ComputeHistogram.xml (RunModel)" time="0.069" />
  <testcase classname="ptolemy.util.test.junit.AutoTests" name="[77] /home/travis/build/icyphy/ptII/ptolemy/actor/lib/test/auto/ConfigurationSelect.xml (RunModel)" time="0.02" />
  <testcase classname="ptolemy.util.test.junit.AutoTests" name="[78] /home/travis/build/icyphy/ptII/ptolemy/actor/lib/test/auto/ConfigurationSelect2.xml (RunModel)" time="0.016" />
  <testcase classname="ptolemy.util.test.junit.AutoTests" name="[79] /home/travis/build/icyphy/ptII/ptolemy/actor/lib/test/auto/ConfigurationSwitch.xml (RunModel)" time="0.028" />
  <testcase classname="ptolemy.util.test.junit.AutoTests" name="[80] /home/travis/build/icyphy/ptII/ptolemy/actor/lib/test/auto/ConfigurationSwitch2.xml (RunModel)" time="0.021" />
  <testcase classname="ptolemy.util.test.junit.AutoTests" name="[81] /home/travis/build/icyphy/ptII/ptolemy/actor/lib/test/auto/ConfigurationSwitchCloningBugWithClassRelationGroup.xml (RunModel)" time="0.025" />
  <testcase classname="ptolemy.util.test.junit.AutoTests" name="[82] /home/travis/build/icyphy/ptII/ptolemy/actor/lib/test/auto/ConfigurationSwitchSelectSDF.xml (RunModel)" time="0.018" />
  <testcase classname="ptolemy.util.test.junit.AutoTests" name="[83] /home/travis/build/icyphy/ptII/ptolemy/actor/lib/test/auto/ConfigurationSwitchSelectSDF2.xml (RunModel)" time="0.017" />
  <testcase classname="ptolemy.util.test.junit.AutoTests" name="[84] /home/travis/build/icyphy/ptII/ptolemy/actor/lib/test/auto/Const.xml (RunModel)" time="0.007" />
  <testcase classname="ptolemy.util.test.junit.AutoTests" name="[85] /home/travis/build/icyphy/ptII/ptolemy/actor/lib/test/auto/Const2.xml (RunModel)" time="0.012" />
  <testcase classname="ptolemy.util.test.junit.AutoTests" name="[86] /home/travis/build/icyphy/ptII/ptolemy/actor/lib/test/auto/Const3.xml (RunModel)" time="0.006" />
  <testcase classname="ptolemy.util.test.junit.AutoTests" name="[87] /home/travis/build/icyphy/ptII/ptolemy/actor/lib/test/auto/ConstantPublisherPort1.xml (RunModel)" time="0.031" />
  <testcase classname="ptolemy.util.test.junit.AutoTests" name="[88] /home/travis/build/icyphy/ptII/ptolemy/actor/lib/test/auto/ConstantPublisherPort2.xml (RunModel)" time="0.026" />
  <testcase classname="ptolemy.util.test.junit.AutoTests" name="[89] /home/travis/build/icyphy/ptII/ptolemy/actor/lib/test/auto/ConstantPublisherPort3.xml (RunModel)" time="0.021" />
  <testcase classname="ptolemy.util.test.junit.AutoTests" name="[90] /home/travis/build/icyphy/ptII/ptolemy/actor/lib/test/auto/ConstantPublisherPort4.xml (RunModel)" time="0.016" />
  <testcase classname="ptolemy.util.test.junit.AutoTests" name="[91] /home/travis/build/icyphy/ptII/ptolemy/actor/lib/test/auto/ConstantPublisherPort5.xml (RunModel)" time="0.048" />
  <testcase classname="ptolemy.util.test.junit.AutoTests" name="[92] /home/travis/build/icyphy/ptII/ptolemy/actor/lib/test/auto/ConstantPublisherPort6.xml (RunModel)" time="0.028" />
  <testcase classname="ptolemy.util.test.junit.AutoTests" name="[93] /home/travis/build/icyphy/ptII/ptolemy/actor/lib/test/auto/ConstantPublisherPort7.xml (RunModel)" time="0.037" />
  <testcase classname="ptolemy.util.test.junit.AutoTests" name="[94] /home/travis/build/icyphy/ptII/ptolemy/actor/lib/test/auto/ConstraintMonitor1.xml (RunModel)" time="0.045" />
  <testcase classname="ptolemy.util.test.junit.AutoTests" name="[95] /home/travis/build/icyphy/ptII/ptolemy/actor/lib/test/auto/ConstraintMonitor2.xml (RunModel)" time="0.012" />
  <testcase classname="ptolemy.util.test.junit.AutoTests" name="[96] /home/travis/build/icyphy/ptII/ptolemy/actor/lib/test/auto/ConstraintMonitor3.xml (RunModel)" time="0.018" />
  <testcase classname="ptolemy.util.test.junit.AutoTests" name="[97] /home/travis/build/icyphy/ptII/ptolemy/actor/lib/test/auto/ConstraintMonitor4.xml (RunModel)" time="0.009" />
  <testcase classname="ptolemy.util.test.junit.AutoTests" name="[98] /home/travis/build/icyphy/ptII/ptolemy/actor/lib/test/auto/ConstraintMonitor5.xml (RunModel)" time="0.014" />
  <testcase classname="ptolemy.util.test.junit.AutoTests" name="[99] /home/travis/build/icyphy/ptII/ptolemy/actor/lib/test/auto/ConstraintMonitor6.xml (RunModel)" time="0.015" />
  <testcase classname="ptolemy.util.test.junit.AutoTests" name="[100] /home/travis/build/icyphy/ptII/ptolemy/actor/lib/test/auto/ConstraintMonitor7.xml (RunModel)" time="0.017" />
  <testcase classname="ptolemy.util.test.junit.AutoTests" name="[101] /home/travis/build/icyphy/ptII/ptolemy/actor/lib/test/auto/ConstraintMonitor8.xml (RunModel)" time="0.02" />
  <testcase classname="ptolemy.util.test.junit.AutoTests" name="[102] /home/travis/build/icyphy/ptII/ptolemy/actor/lib/test/auto/Counter.xml (RunModel)" time="0.013" />
  <testcase classname="ptolemy.util.test.junit.AutoTests" name="[103] /home/travis/build/icyphy/ptII/ptolemy/actor/lib/test/auto/CurrentTimeSDF.xml (RunModel)" time="0.009" />
  <testcase classname="ptolemy.util.test.junit.AutoTests" name="[104] /home/travis/build/icyphy/ptII/ptolemy/actor/lib/test/auto/DB.xml (RunModel)" time="0.011" />
  <testcase classname="ptolemy.util.test.junit.AutoTests" name="[105] /home/travis/build/icyphy/ptII/ptolemy/actor/lib/test/auto/DBDE.xml (RunModel)" time="0.015" />
  <testcase classname="ptolemy.util.test.junit.AutoTests" name="[106] /home/travis/build/icyphy/ptII/ptolemy/actor/lib/test/auto/DateConstructor.xml (RunModel)" time="0.071" />
  <testcase classname="ptolemy.util.test.junit.AutoTests" name="[107] /home/travis/build/icyphy/ptII/ptolemy/actor/lib/test/auto/DelayTime.xml (RunModel)" time="0.017" />
  <testcase classname="ptolemy.util.test.junit.AutoTests" name="[108] /home/travis/build/icyphy/ptII/ptolemy/actor/lib/test/auto/Dictionary1.xml (RunModel)" time="0.017" />
  <testcase classname="ptolemy.util.test.junit.AutoTests" name="[109] /home/travis/build/icyphy/ptII/ptolemy/actor/lib/test/auto/Dictionary2.xml (RunModel)" time="0.02" />
  <testcase classname="ptolemy.util.test.junit.AutoTests" name="[110] /home/travis/build/icyphy/ptII/ptolemy/actor/lib/test/auto/Dictionary3.xml (RunModel)" time="0.015" />
  <testcase classname="ptolemy.util.test.junit.AutoTests" name="[111] /home/travis/build/icyphy/ptII/ptolemy/actor/lib/test/auto/Dictionary4.xml (RunModel)" time="0.025" />
  <testcase classname="ptolemy.util.test.junit.AutoTests" name="[112] /home/travis/build/icyphy/ptII/ptolemy/actor/lib/test/auto/Differential.xml (RunModel)" time="0.012" />
  <testcase classname="ptolemy.util.test.junit.AutoTests" name="[113] /home/travis/build/icyphy/ptII/ptolemy/actor/lib/test/auto/Director.xml (RunModel)" time="0.012" />
  <testcase classname="ptolemy.util.test.junit.AutoTests" name="[114] /home/travis/build/icyphy/ptII/ptolemy/actor/lib/test/auto/DiscreteClock.xml (RunModel)" time="0.01" />
  <testcase classname="ptolemy.util.test.junit.AutoTests" name="[115] /home/travis/build/icyphy/ptII/ptolemy/actor/lib/test/auto/DiscreteClock10.xml (RunModel)" time="0.014" />
  <testcase classname="ptolemy.util.test.junit.AutoTests" name="[116] /home/travis/build/icyphy/ptII/ptolemy/actor/lib/test/auto/DiscreteClock11.xml (RunModel)" time="0.012" />
  <testcase classname="ptolemy.util.test.junit.AutoTests" name="[117] /home/travis/build/icyphy/ptII/ptolemy/actor/lib/test/auto/DiscreteClock12.xml (RunModel)" time="0.015" />
  <testcase classname="ptolemy.util.test.junit.AutoTests" name="[118] /home/travis/build/icyphy/ptII/ptolemy/actor/lib/test/auto/DiscreteClock13.xml (RunModel)" time="0.015" />
  <testcase classname="ptolemy.util.test.junit.AutoTests" name="[119] /home/travis/build/icyphy/ptII/ptolemy/actor/lib/test/auto/DiscreteClock14.xml (RunModel)" time="0.014" />
  <testcase classname="ptolemy.util.test.junit.AutoTests" name="[120] /home/travis/build/icyphy/ptII/ptolemy/actor/lib/test/auto/DiscreteClock15.xml (RunModel)" time="0.014" />
  <testcase classname="ptolemy.util.test.junit.AutoTests" name="[121] /home/travis/build/icyphy/ptII/ptolemy/actor/lib/test/auto/DiscreteClock16.xml (RunModel)" time="0.041" />
  <testcase classname="ptolemy.util.test.junit.AutoTests" name="[122] /home/travis/build/icyphy/ptII/ptolemy/actor/lib/test/auto/DiscreteClock17.xml (RunModel)" time="0.042" />
  <testcase classname="ptolemy.util.test.junit.AutoTests" name="[123] /home/travis/build/icyphy/ptII/ptolemy/actor/lib/test/auto/DiscreteClock18.xml (RunModel)" time="0.043" />
  <testcase classname="ptolemy.util.test.junit.AutoTests" name="[124] /home/travis/build/icyphy/ptII/ptolemy/actor/lib/test/auto/DiscreteClock19.xml (RunModel)" time="0.052" />
  <testcase classname="ptolemy.util.test.junit.AutoTests" name="[125] /home/travis/build/icyphy/ptII/ptolemy/actor/lib/test/auto/DiscreteClock2.xml (RunModel)" time="0.014" />
  <testcase classname="ptolemy.util.test.junit.AutoTests" name="[126] /home/travis/build/icyphy/ptII/ptolemy/actor/lib/test/auto/DiscreteClock20.xml (RunModel)" time="0.021" />
  <testcase classname="ptolemy.util.test.junit.AutoTests" name="[127] /home/travis/build/icyphy/ptII/ptolemy/actor/lib/test/auto/DiscreteClock21.xml (RunModel)" time="0.018" />
  <testcase classname="ptolemy.util.test.junit.AutoTests" name="[128] /home/travis/build/icyphy/ptII/ptolemy/actor/lib/test/auto/DiscreteClock22.xml (RunModel)" time="0.014" />
  <testcase classname="ptolemy.util.test.junit.AutoTests" name="[129] /home/travis/build/icyphy/ptII/ptolemy/actor/lib/test/auto/DiscreteClock23.xml (RunModel)" time="0.022" />
  <testcase classname="ptolemy.util.test.junit.AutoTests" name="[130] /home/travis/build/icyphy/ptII/ptolemy/actor/lib/test/auto/DiscreteClock24.xml (RunModel)" time="0.015" />
  <testcase classname="ptolemy.util.test.junit.AutoTests" name="[131] /home/travis/build/icyphy/ptII/ptolemy/actor/lib/test/auto/DiscreteClock4.xml (RunModel)" time="0.016" />
  <testcase classname="ptolemy.util.test.junit.AutoTests" name="[132] /home/travis/build/icyphy/ptII/ptolemy/actor/lib/test/auto/DiscreteClock5.xml (RunModel)" time="0.011" />
  <testcase classname="ptolemy.util.test.junit.AutoTests" name="[133] /home/travis/build/icyphy/ptII/ptolemy/actor/lib/test/auto/DiscreteClock6.xml (RunModel)" time="0.013" />
  <testcase classname="ptolemy.util.test.junit.AutoTests" name="[134] /home/travis/build/icyphy/ptII/ptolemy/actor/lib/test/auto/DiscreteClock7.xml (RunModel)" time="0.013" />
  <testcase classname="ptolemy.util.test.junit.AutoTests" name="[135] /home/travis/build/icyphy/ptII/ptolemy/actor/lib/test/auto/DiscreteClock8.xml (RunModel)" time="0.024" />
  <testcase classname="ptolemy.util.test.junit.AutoTests" name="[136] /home/travis/build/icyphy/ptII/ptolemy/actor/lib/test/auto/DiscreteClock9.xml (RunModel)" time="0.013" />
  <testcase classname="ptolemy.util.test.junit.AutoTests" name="[137] /home/travis/build/icyphy/ptII/ptolemy/actor/lib/test/auto/DisplayArray.xml (RunModel)" time="0.009" />
  <testcase classname="ptolemy.util.test.junit.AutoTests" name="[138] /home/travis/build/icyphy/ptII/ptolemy/actor/lib/test/auto/Distributor.xml (RunModel)" time="0.009" />
  <testcase classname="ptolemy.util.test.junit.AutoTests" name="[139] /home/travis/build/icyphy/ptII/ptolemy/actor/lib/test/auto/Distributor2.xml (RunModel)" time="0.014" />
  <testcase classname="ptolemy.util.test.junit.AutoTests" name="[140] /home/travis/build/icyphy/ptII/ptolemy/actor/lib/test/auto/DownSample.xml (RunModel)" time="0.01" />
  <testcase classname="ptolemy.util.test.junit.AutoTests" name="[141] /home/travis/build/icyphy/ptII/ptolemy/actor/lib/test/auto/ElectronicUnitBase1.xml (RunModel)" time="0.057" />
  <testcase classname="ptolemy.util.test.junit.AutoTests" name="[142] /home/travis/build/icyphy/ptII/ptolemy/actor/lib/test/auto/ElementsToArray.xml (RunModel)" time="0.013" />
  <testcase classname="ptolemy.util.test.junit.AutoTests" name="[143] /home/travis/build/icyphy/ptII/ptolemy/actor/lib/test/auto/Equals.xml (RunModel)" time="0.015" />
  <testcase classname="ptolemy.util.test.junit.AutoTests" name="[144] /home/travis/build/icyphy/ptII/ptolemy/actor/lib/test/auto/Exec.xml (RunModel)" time="0.03" />
  <testcase classname="ptolemy.util.test.junit.AutoTests" name="[145] /home/travis/build/icyphy/ptII/ptolemy/actor/lib/test/auto/ExecEnvironment.xml (RunModel)" time="0.031" />
  <testcase classname="ptolemy.util.test.junit.AutoTests" name="[146] /home/travis/build/icyphy/ptII/ptolemy/actor/lib/test/auto/ExecNonZeroReturnOutput.xml (RunModel)" time="0.18" />
  <testcase classname="ptolemy.util.test.junit.AutoTests" name="[147] /home/travis/build/icyphy/ptII/ptolemy/actor/lib/test/auto/ExecRunDemos.xml (RunModel)" time="10.485" />
  <testcase classname="ptolemy.util.test.junit.AutoTests" name="[148] /home/travis/build/icyphy/ptII/ptolemy/actor/lib/test/auto/ExecStop.xml (RunModel)" time="5.036" />
  <testcase classname="ptolemy.util.test.junit.AutoTests" name="[149] /home/travis/build/icyphy/ptII/ptolemy/actor/lib/test/auto/ExecutionTimeSDF.xml (RunModel)" time="6.033" />
  <testcase classname="ptolemy.util.test.junit.AutoTests" name="[150] /home/travis/build/icyphy/ptII/ptolemy/actor/lib/test/auto/Expression1.xml (RunModel)" time="0.01" />
  <testcase classname="ptolemy.util.test.junit.AutoTests" name="[151] /home/travis/build/icyphy/ptII/ptolemy/actor/lib/test/auto/Expression10.xml (RunModel)" time="0.013" />
  <testcase classname="ptolemy.util.test.junit.AutoTests" name="[152] /home/travis/build/icyphy/ptII/ptolemy/actor/lib/test/auto/Expression11.xml (RunModel)" time="0.011" />
  <testcase classname="ptolemy.util.test.junit.AutoTests" name="[153] /home/travis/build/icyphy/ptII/ptolemy/actor/lib/test/auto/Expression12.xml (RunModel)" time="0.012" />
  <testcase classname="ptolemy.util.test.junit.AutoTests" name="[154] /home/travis/build/icyphy/ptII/ptolemy/actor/lib/test/auto/Expression13.xml (RunModel)" time="0.012" />
  <testcase classname="ptolemy.util.test.junit.AutoTests" name="[155] /home/travis/build/icyphy/ptII/ptolemy/actor/lib/test/auto/Expression14.xml (RunModel)" time="0.015" />
  <testcase classname="ptolemy.util.test.junit.AutoTests" name="[156] /home/travis/build/icyphy/ptII/ptolemy/actor/lib/test/auto/Expression15.xml (RunModel)" time="0.007" />
  <testcase classname="ptolemy.util.test.junit.AutoTests" name="[157] /home/travis/build/icyphy/ptII/ptolemy/actor/lib/test/auto/Expression16.xml (RunModel)" time="0.011" />
  <testcase classname="ptolemy.util.test.junit.AutoTests" name="[158] /home/travis/build/icyphy/ptII/ptolemy/actor/lib/test/auto/Expression17.xml (RunModel)" time="0.01" />
  <testcase classname="ptolemy.util.test.junit.AutoTests" name="[159] /home/travis/build/icyphy/ptII/ptolemy/actor/lib/test/auto/Expression18.xml (RunModel)" time="0.012" />
  <testcase classname="ptolemy.util.test.junit.AutoTests" name="[160] /home/travis/build/icyphy/ptII/ptolemy/actor/lib/test/auto/Expression2.xml (RunModel)" time="0.011" />
  <testcase classname="ptolemy.util.test.junit.AutoTests" name="[161] /home/travis/build/icyphy/ptII/ptolemy/actor/lib/test/auto/Expression3.xml (RunModel)" time="0.012" />
  <testcase classname="ptolemy.util.test.junit.AutoTests" name="[162] /home/travis/build/icyphy/ptII/ptolemy/actor/lib/test/auto/Expression4.xml (RunModel)" time="0.023" />
  <testcase classname="ptolemy.util.test.junit.AutoTests" name="[163] /home/travis/build/icyphy/ptII/ptolemy/actor/lib/test/auto/Expression5.xml (RunModel)" time="0.014" />
  <testcase classname="ptolemy.util.test.junit.AutoTests" name="[164] /home/travis/build/icyphy/ptII/ptolemy/actor/lib/test/auto/Expression6.xml (RunModel)" time="0.009" />
  <testcase classname="ptolemy.util.test.junit.AutoTests" name="[165] /home/travis/build/icyphy/ptII/ptolemy/actor/lib/test/auto/Expression7.xml (RunModel)" time="0.011" />
  <testcase classname="ptolemy.util.test.junit.AutoTests" name="[166] /home/travis/build/icyphy/ptII/ptolemy/actor/lib/test/auto/Expression8.xml (RunModel)" time="0.015" />
  <testcase classname="ptolemy.util.test.junit.AutoTests" name="[167] /home/travis/build/icyphy/ptII/ptolemy/actor/lib/test/auto/Expression9.xml (RunModel)" time="0.013" />
  <testcase classname="ptolemy.util.test.junit.AutoTests" name="[168] /home/travis/build/icyphy/ptII/ptolemy/actor/lib/test/auto/ExpressionConcatenateArrayType.xml (RunModel)" time="0.028" />
  <testcase classname="ptolemy.util.test.junit.AutoTests" name="[169] /home/travis/build/icyphy/ptII/ptolemy/actor/lib/test/auto/ExpressionConcatenateArrayType2.xml (RunModel)" time="0.02" />
  <testcase classname="ptolemy.util.test.junit.AutoTests" name="[170] /home/travis/build/icyphy/ptII/ptolemy/actor/lib/test/auto/ExpressionFix.xml (RunModel)" time="0.039" />
  <testcase classname="ptolemy.util.test.junit.AutoTests" name="[171] /home/travis/build/icyphy/ptII/ptolemy/actor/lib/test/auto/ExpressionFix2.xml (RunModel)" time="0.015" />
  <testcase classname="ptolemy.util.test.junit.AutoTests" name="[172] /home/travis/build/icyphy/ptII/ptolemy/actor/lib/test/auto/ExpressionFix3.xml (RunModel)" time="0.012" />
  <testcase classname="ptolemy.util.test.junit.AutoTests" name="[173] /home/travis/build/icyphy/ptII/ptolemy/actor/lib/test/auto/FileWriter1.xml (RunModel)" time="0.009" />
  <testcase classname="ptolemy.util.test.junit.AutoTests" name="[174] /home/travis/build/icyphy/ptII/ptolemy/actor/lib/test/auto/FileWriter2.xml (RunModel)" time="0.009" />
  <testcase classname="ptolemy.util.test.junit.AutoTests" name="[175] /home/travis/build/icyphy/ptII/ptolemy/actor/lib/test/auto/FileWriter3.xml (RunModel)" time="0.016" />
  <testcase classname="ptolemy.util.test.junit.AutoTests" name="[176] /home/travis/build/icyphy/ptII/ptolemy/actor/lib/test/auto/Gaussian.xml (RunModel)" time="0.01" />
  <testcase classname="ptolemy.util.test.junit.AutoTests" name="[177] /home/travis/build/icyphy/ptII/ptolemy/actor/lib/test/auto/Gaussian1.xml (RunModel)" time="0.019" />
  <testcase classname="ptolemy.util.test.junit.AutoTests" name="[178] /home/travis/build/icyphy/ptII/ptolemy/actor/lib/test/auto/Gaussian2.xml (RunModel)" time="0.017" />
  <testcase classname="ptolemy.util.test.junit.AutoTests" name="[179] /home/travis/build/icyphy/ptII/ptolemy/actor/lib/test/auto/GradientAdaptiveLattice.xml (RunModel)" time="0.014" />
  <testcase classname="ptolemy.util.test.junit.AutoTests" name="[180] /home/travis/build/icyphy/ptII/ptolemy/actor/lib/test/auto/IIR.xml (RunModel)" time="0.012" />
  <testcase classname="ptolemy.util.test.junit.AutoTests" name="[181] /home/travis/build/icyphy/ptII/ptolemy/actor/lib/test/auto/InputOutputTransparentPorts.xml (RunModel)" time="0.017" />
  <testcase classname="ptolemy.util.test.junit.AutoTests" name="[182] /home/travis/build/icyphy/ptII/ptolemy/actor/lib/test/auto/Interpolator.xml (RunModel)" time="0.01" />
  <testcase classname="ptolemy.util.test.junit.AutoTests" name="[183] /home/travis/build/icyphy/ptII/ptolemy/actor/lib/test/auto/InterpolatorFiringLimitDE.xml (RunModel)" time="0.013" />
  <testcase classname="ptolemy.util.test.junit.AutoTests" name="[184] /home/travis/build/icyphy/ptII/ptolemy/actor/lib/test/auto/Lattice.xml (RunModel)" time="0.008" />
  <testcase classname="ptolemy.util.test.junit.AutoTests" name="[185] /home/travis/build/icyphy/ptII/ptolemy/actor/lib/test/auto/LazyAOCTestLazy.xml (RunModel)" time="0.039" />
  <testcase classname="ptolemy.util.test.junit.AutoTests" name="[186] /home/travis/build/icyphy/ptII/ptolemy/actor/lib/test/auto/LazyAOCTestNonLazy.xml (RunModel)" time="0.049" />
  <testcase classname="ptolemy.util.test.junit.AutoTests" name="[187] /home/travis/build/icyphy/ptII/ptolemy/actor/lib/test/auto/LazyInnerClass.xml (RunModel)" time="0.043" />
  <testcase classname="ptolemy.util.test.junit.AutoTests" name="[188] /home/travis/build/icyphy/ptII/ptolemy/actor/lib/test/auto/LazyPubSub.xml (RunModel)" time="0.064" />
  <testcase classname="ptolemy.util.test.junit.AutoTests" name="[189] /home/travis/build/icyphy/ptII/ptolemy/actor/lib/test/auto/LazyPubSub2.xml (RunModel)" time="0.043" />
  <testcase classname="ptolemy.util.test.junit.AutoTests" name="[190] /home/travis/build/icyphy/ptII/ptolemy/actor/lib/test/auto/LazyPubSub3.xml (RunModel)" time="0.037" />
  <testcase classname="ptolemy.util.test.junit.AutoTests" name="[191] /home/travis/build/icyphy/ptII/ptolemy/actor/lib/test/auto/LazySubClassModel.xml (RunModel)" time="0.022" />
  <testcase classname="ptolemy.util.test.junit.AutoTests" name="[192] /home/travis/build/icyphy/ptII/ptolemy/actor/lib/test/auto/LevelCrossTest1.xml (RunModel)" time="0.014" />
  <testcase classname="ptolemy.util.test.junit.AutoTests" name="[193] /home/travis/build/icyphy/ptII/ptolemy/actor/lib/test/auto/LevelCrossTest10.xml (RunModel)" time="0.024" />
  <testcase classname="ptolemy.util.test.junit.AutoTests" name="[194] /home/travis/build/icyphy/ptII/ptolemy/actor/lib/test/auto/LevelCrossTest11.xml (RunModel)" time="0.013" />
  <testcase classname="ptolemy.util.test.junit.AutoTests" name="[195] /home/travis/build/icyphy/ptII/ptolemy/actor/lib/test/auto/LevelCrossTest12.xml (RunModel)" time="0.013" />
  <testcase classname="ptolemy.util.test.junit.AutoTests" name="[196] /home/travis/build/icyphy/ptII/ptolemy/actor/lib/test/auto/LevelCrossTest13.xml (RunModel)" time="0.013" />
  <testcase classname="ptolemy.util.test.junit.AutoTests" name="[197] /home/travis/build/icyphy/ptII/ptolemy/actor/lib/test/auto/LevelCrossTest2.xml (RunModel)" time="0.01" />
  <testcase classname="ptolemy.util.test.junit.AutoTests" name="[198] /home/travis/build/icyphy/ptII/ptolemy/actor/lib/test/auto/LevelCrossTest3.xml (RunModel)" time="0.012" />
  <testcase classname="ptolemy.util.test.junit.AutoTests" name="[199] /home/travis/build/icyphy/ptII/ptolemy/actor/lib/test/auto/LevelCrossTest4.xml (RunModel)" time="0.011" />
  <testcase classname="ptolemy.util.test.junit.AutoTests" name="[200] /home/travis/build/icyphy/ptII/ptolemy/actor/lib/test/auto/LevelCrossTest5.xml (RunModel)" time="0.014" />
  <testcase classname="ptolemy.util.test.junit.AutoTests" name="[201] /home/travis/build/icyphy/ptII/ptolemy/actor/lib/test/auto/LevelCrossTest6.xml (RunModel)" time="0.018" />
  <testcase classname="ptolemy.util.test.junit.AutoTests" name="[202] /home/travis/build/icyphy/ptII/ptolemy/actor/lib/test/auto/LevelCrossTest7.xml (RunModel)" time="0.026" />
  <testcase classname="ptolemy.util.test.junit.AutoTests" name="[203] /home/travis/build/icyphy/ptII/ptolemy/actor/lib/test/auto/LevelCrossTest8.xml (RunModel)" time="0.025" />
  <testcase classname="ptolemy.util.test.junit.AutoTests" name="[204] /home/travis/build/icyphy/ptII/ptolemy/actor/lib/test/auto/LevelCrossTest9.xml (RunModel)" time="0.015" />
  <testcase classname="ptolemy.util.test.junit.AutoTests" name="[205] /home/travis/build/icyphy/ptII/ptolemy/actor/lib/test/auto/LevinsonDurbin.xml (RunModel)" time="0.016" />
  <testcase classname="ptolemy.util.test.junit.AutoTests" name="[206] /home/travis/build/icyphy/ptII/ptolemy/actor/lib/test/auto/LevinsonDurbin2.xml (RunModel)" time="0.015" />
  <testcase classname="ptolemy.util.test.junit.AutoTests" name="[207] /home/travis/build/icyphy/ptII/ptolemy/actor/lib/test/auto/LevinsonDurbin3.xml (RunModel)" time="0.009" />
  <testcase classname="ptolemy.util.test.junit.AutoTests" name="[208] /home/travis/build/icyphy/ptII/ptolemy/actor/lib/test/auto/Limiter.xml (RunModel)" time="0.042" />
  <testcase classname="ptolemy.util.test.junit.AutoTests" name="[209] /home/travis/build/icyphy/ptII/ptolemy/actor/lib/test/auto/LinearDifferenceEquationSystem.xml (RunModel)" time="0.021" />
  <testcase classname="ptolemy.util.test.junit.AutoTests" name="[210] /home/travis/build/icyphy/ptII/ptolemy/actor/lib/test/auto/LookupTable.xml (RunModel)" time="0.011" />
  <testcase classname="ptolemy.util.test.junit.AutoTests" name="[211] /home/travis/build/icyphy/ptII/ptolemy/actor/lib/test/auto/MathFunction.xml (RunModel)" time="0.017" />
  <testcase classname="ptolemy.util.test.junit.AutoTests" name="[212] /home/travis/build/icyphy/ptII/ptolemy/actor/lib/test/auto/MathFunction2.xml (RunModel)" time="0.01" />
  <testcase classname="ptolemy.util.test.junit.AutoTests" name="[213] /home/travis/build/icyphy/ptII/ptolemy/actor/lib/test/auto/MathFunction3.xml (RunModel)" time="0.017" />
  <testcase classname="ptolemy.util.test.junit.AutoTests" name="[214] /home/travis/build/icyphy/ptII/ptolemy/actor/lib/test/auto/MatrixCropBoolean.xml (RunModel)" time="0.014" />
  <testcase classname="ptolemy.util.test.junit.AutoTests" name="[215] /home/travis/build/icyphy/ptII/ptolemy/actor/lib/test/auto/MatrixCropComplex.xml (RunModel)" time="0.011" />
  <testcase classname="ptolemy.util.test.junit.AutoTests" name="[216] /home/travis/build/icyphy/ptII/ptolemy/actor/lib/test/auto/MatrixCropDouble.xml (RunModel)" time="0.01" />
  <testcase classname="ptolemy.util.test.junit.AutoTests" name="[217] /home/travis/build/icyphy/ptII/ptolemy/actor/lib/test/auto/MatrixCropFix.xml (RunModel)" time="0.014" />
  <testcase classname="ptolemy.util.test.junit.AutoTests" name="[218] /home/travis/build/icyphy/ptII/ptolemy/actor/lib/test/auto/MatrixCropInt.xml (RunModel)" time="0.01" />
  <testcase classname="ptolemy.util.test.junit.AutoTests" name="[219] /home/travis/build/icyphy/ptII/ptolemy/actor/lib/test/auto/MatrixCropLong.xml (RunModel)" time="0.022" />
  <testcase classname="ptolemy.util.test.junit.AutoTests" name="[220] /home/travis/build/icyphy/ptII/ptolemy/actor/lib/test/auto/MatrixToArray.xml (RunModel)" time="0.057" />
  <testcase classname="ptolemy.util.test.junit.AutoTests" name="[221] /home/travis/build/icyphy/ptII/ptolemy/actor/lib/test/auto/MaxIndex.xml (RunModel)" time="0.019" />
  <testcase classname="ptolemy.util.test.junit.AutoTests" name="[222] /home/travis/build/icyphy/ptII/ptolemy/actor/lib/test/auto/Maximum.xml (RunModel)" time="0.016" />
  <testcase classname="ptolemy.util.test.junit.AutoTests" name="[223] /home/travis/build/icyphy/ptII/ptolemy/actor/lib/test/auto/MaximumComplex.xml (RunModel)" time="0.015" />
  <testcase classname="ptolemy.util.test.junit.AutoTests" name="[224] /home/travis/build/icyphy/ptII/ptolemy/actor/lib/test/auto/MethodCallTest.xml (RunModel)" time="0.028" />
  <testcase classname="ptolemy.util.test.junit.AutoTests" name="[225] /home/travis/build/icyphy/ptII/ptolemy/actor/lib/test/auto/Minimum.xml (RunModel)" time="0.015" />
  <testcase classname="ptolemy.util.test.junit.AutoTests" name="[226] /home/travis/build/icyphy/ptII/ptolemy/actor/lib/test/auto/MinimumComplex.xml (RunModel)" time="0.023" />
  <testcase classname="ptolemy.util.test.junit.AutoTests" name="[227] /home/travis/build/icyphy/ptII/ptolemy/actor/lib/test/auto/MinimumMultiports.xml (RunModel)" time="0.016" />
  <testcase classname="ptolemy.util.test.junit.AutoTests" name="[228] /home/travis/build/icyphy/ptII/ptolemy/actor/lib/test/auto/ModifyDate.xml (RunModel)" time="0.04" />
  <testcase classname="ptolemy.util.test.junit.AutoTests" name="[229] /home/travis/build/icyphy/ptII/ptolemy/actor/lib/test/auto/ModifyDate2.xml (RunModel)" time="0.023" />
  <testcase classname="ptolemy.util.test.junit.AutoTests" name="[230] /home/travis/build/icyphy/ptII/ptolemy/actor/lib/test/auto/MovingAverage.xml (RunModel)" time="0.01" />
  <testcase classname="ptolemy.util.test.junit.AutoTests" name="[231] /home/travis/build/icyphy/ptII/ptolemy/actor/lib/test/auto/MovingMaximum.xml (RunModel)" time="0.01" />
  <testcase classname="ptolemy.util.test.junit.AutoTests" name="[232] /home/travis/build/icyphy/ptII/ptolemy/actor/lib/test/auto/MultipleLinksToSameRelation.xml (RunModel)" time="0.007" />
  <testcase classname="ptolemy.util.test.junit.AutoTests" name="[233] /home/travis/build/icyphy/ptII/ptolemy/actor/lib/test/auto/MultipleLinksToSameRelationDE.xml (RunModel)" time="0.011" />
  <testcase classname="ptolemy.util.test.junit.AutoTests" name="[234] /home/travis/build/icyphy/ptII/ptolemy/actor/lib/test/auto/Multiplexor.xml (RunModel)" time="0.014" />
  <testcase classname="ptolemy.util.test.junit.AutoTests" name="[235] /home/travis/build/icyphy/ptII/ptolemy/actor/lib/test/auto/Multiplexor1.xml (RunModel)" time="0.011" />
  <testcase classname="ptolemy.util.test.junit.AutoTests" name="[236] /home/travis/build/icyphy/ptII/ptolemy/actor/lib/test/auto/Multiplexor2.xml (RunModel)" time="0.011" />
  <testcase classname="ptolemy.util.test.junit.AutoTests" name="[237] /home/travis/build/icyphy/ptII/ptolemy/actor/lib/test/auto/Multiplexor3.xml (RunModel)" time="0.008" />
  <testcase classname="ptolemy.util.test.junit.AutoTests" name="[238] /home/travis/build/icyphy/ptII/ptolemy/actor/lib/test/auto/MultiplexorDE.xml (RunModel)" time="0.017" />
  <testcase classname="ptolemy.util.test.junit.AutoTests" name="[239] /home/travis/build/icyphy/ptII/ptolemy/actor/lib/test/auto/MultiportBroadcastTest.xml (RunModel)" time="0.099" />
  <testcase classname="ptolemy.util.test.junit.AutoTests" name="[240] /home/travis/build/icyphy/ptII/ptolemy/actor/lib/test/auto/MultiportOutHangDuringGetWidth.xml (RunModel)" time="0.03" />
  <testcase classname="ptolemy.util.test.junit.AutoTests" name="[241] /home/travis/build/icyphy/ptII/ptolemy/actor/lib/test/auto/NilToken.xml (RunModel)" time="0.01" />
  <testcase classname="ptolemy.util.test.junit.AutoTests" name="[242] /home/travis/build/icyphy/ptII/ptolemy/actor/lib/test/auto/NilTokenNonStrictTest.xml (RunModel)" time="0.01" />
  <testcase classname="ptolemy.util.test.junit.AutoTests" name="[243] /home/travis/build/icyphy/ptII/ptolemy/actor/lib/test/auto/NilTokenRecord.xml (RunModel)" time="0.027" />
  <testcase classname="ptolemy.util.test.junit.AutoTests" name="[244] /home/travis/build/icyphy/ptII/ptolemy/actor/lib/test/auto/NilTokenTypeTest.xml (RunModel)" time="0.033" />
  <testcase classname="ptolemy.util.test.junit.AutoTests" name="[245] /home/travis/build/icyphy/ptII/ptolemy/actor/lib/test/auto/ObjectToken1.xml (RunModel)" time="0.008" />
  <testcase classname="ptolemy.util.test.junit.AutoTests" name="[246] /home/travis/build/icyphy/ptII/ptolemy/actor/lib/test/auto/OrderedMerge.xml (RunModel)" time="0.019" />
  <testcase classname="ptolemy.util.test.junit.AutoTests" name="[247] /home/travis/build/icyphy/ptII/ptolemy/actor/lib/test/auto/OrderedRecordDisassembler.xml (RunModel)" time="0.017" />
  <testcase classname="ptolemy.util.test.junit.AutoTests" name="[248] /home/travis/build/icyphy/ptII/ptolemy/actor/lib/test/auto/OrderedRecordDisassembler2.xml (RunModel)" time="0.024" />
  <testcase classname="ptolemy.util.test.junit.AutoTests" name="[249] /home/travis/build/icyphy/ptII/ptolemy/actor/lib/test/auto/OrderedRecordUpdater.xml (RunModel)" time="0.01" />
  <testcase classname="ptolemy.util.test.junit.AutoTests" name="[250] /home/travis/build/icyphy/ptII/ptolemy/actor/lib/test/auto/OrderedRecordUpdater2.xml (RunModel)" time="0.019" />
  <testcase classname="ptolemy.util.test.junit.AutoTests" name="[251] /home/travis/build/icyphy/ptII/ptolemy/actor/lib/test/auto/PhaseUnwrap.xml (RunModel)" time="0.012" />
  <testcase classname="ptolemy.util.test.junit.AutoTests" name="[252] /home/travis/build/icyphy/ptII/ptolemy/actor/lib/test/auto/PoissonClock.xml (RunModel)" time="0.01" />
  <testcase classname="ptolemy.util.test.junit.AutoTests" name="[253] /home/travis/build/icyphy/ptII/ptolemy/actor/lib/test/auto/PoissonClock2.xml (RunModel)" time="0.007" />
  <testcase classname="ptolemy.util.test.junit.AutoTests" name="[254] /home/travis/build/icyphy/ptII/ptolemy/actor/lib/test/auto/PoissonClock3.xml (RunModel)" time="0.017" />
  <testcase classname="ptolemy.util.test.junit.AutoTests" name="[255] /home/travis/build/icyphy/ptII/ptolemy/actor/lib/test/auto/PubSubWithInitialTokens.xml (RunModel)" time="0.014" />
  <testcase classname="ptolemy.util.test.junit.AutoTests" name="[256] /home/travis/build/icyphy/ptII/ptolemy/actor/lib/test/auto/PubSubWithInitialTokens2.xml (RunModel)" time="0.011" />
  <testcase classname="ptolemy.util.test.junit.AutoTests" name="[257] /home/travis/build/icyphy/ptII/ptolemy/actor/lib/test/auto/PublisherClassNoParameter.xml (RunModel)" time="0.027" />
  <testcase classname="ptolemy.util.test.junit.AutoTests" name="[258] /home/travis/build/icyphy/ptII/ptolemy/actor/lib/test/auto/PublisherClassParameter.xml (RunModel)" time="0.02" />
  <testcase classname="ptolemy.util.test.junit.AutoTests" name="[259] /home/travis/build/icyphy/ptII/ptolemy/actor/lib/test/auto/PublisherNonStrictTest.xml (RunModel)" time="0.014" />
  <testcase classname="ptolemy.util.test.junit.AutoTests" name="[260] /home/travis/build/icyphy/ptII/ptolemy/actor/lib/test/auto/PublisherPort1.xml (RunModel)" time="0.01" />
  <testcase classname="ptolemy.util.test.junit.AutoTests" name="[261] /home/travis/build/icyphy/ptII/ptolemy/actor/lib/test/auto/PublisherPort2.xml (RunModel)" time="0.009" />
  <testcase classname="ptolemy.util.test.junit.AutoTests" name="[262] /home/travis/build/icyphy/ptII/ptolemy/actor/lib/test/auto/PublisherPort3.xml (RunModel)" time="0.021" />
  <testcase classname="ptolemy.util.test.junit.AutoTests" name="[263] /home/travis/build/icyphy/ptII/ptolemy/actor/lib/test/auto/PublisherPort4.xml (RunModel)" time="0.015" />
  <testcase classname="ptolemy.util.test.junit.AutoTests" name="[264] /home/travis/build/icyphy/ptII/ptolemy/actor/lib/test/auto/PublisherPort5.xml (RunModel)" time="0.014" />
  <testcase classname="ptolemy.util.test.junit.AutoTests" name="[265] /home/travis/build/icyphy/ptII/ptolemy/actor/lib/test/auto/PublisherPort5LookAlike.xml (RunModel)" time="0.019" />
  <testcase classname="ptolemy.util.test.junit.AutoTests" name="[266] /home/travis/build/icyphy/ptII/ptolemy/actor/lib/test/auto/PublisherPort6.xml (RunModel)" time="0.012" />
  <testcase classname="ptolemy.util.test.junit.AutoTests" name="[267] /home/travis/build/icyphy/ptII/ptolemy/actor/lib/test/auto/PublisherPort7.xml (RunModel)" time="0.016" />
  <testcase classname="ptolemy.util.test.junit.AutoTests" name="[268] /home/travis/build/icyphy/ptII/ptolemy/actor/lib/test/auto/PublisherPort8.xml (RunModel)" time="0.016" />
  <testcase classname="ptolemy.util.test.junit.AutoTests" name="[269] /home/travis/build/icyphy/ptII/ptolemy/actor/lib/test/auto/PublisherPortSubscriberChannelVariablesAOC2.xml (RunModel)" time="0.031" />
  <testcase classname="ptolemy.util.test.junit.AutoTests" name="[270] /home/travis/build/icyphy/ptII/ptolemy/actor/lib/test/auto/PublisherPortSubscriberOpaqueWidthInference.xml (RunModel)" time="0.014" />
  <testcase classname="ptolemy.util.test.junit.AutoTests" name="[271] /home/travis/build/icyphy/ptII/ptolemy/actor/lib/test/auto/PublisherPortSubscriberPortAdjacent.xml (RunModel)" time="0.017" />
  <testcase classname="ptolemy.util.test.junit.AutoTests" name="[272] /home/travis/build/icyphy/ptII/ptolemy/actor/lib/test/auto/PublisherPortSubscriberPortExpression.xml (RunModel)" time="0.016" />
  <testcase classname="ptolemy.util.test.junit.AutoTests" name="[273] /home/travis/build/icyphy/ptII/ptolemy/actor/lib/test/auto/PublisherPortSubscriberPortOpaqueD3Reverse.xml (RunModel)" time="0.034" />
  <testcase classname="ptolemy.util.test.junit.AutoTests" name="[274] /home/travis/build/icyphy/ptII/ptolemy/actor/lib/test/auto/PublisherPortSubscriberPortOpaqueWidthInference.xml (RunModel)" time="0.015" />
  <testcase classname="ptolemy.util.test.junit.AutoTests" name="[275] /home/travis/build/icyphy/ptII/ptolemy/actor/lib/test/auto/PublisherPortToplevelSubscriberPortAOC.xml (RunModel)" time="0.011" />
  <testcase classname="ptolemy.util.test.junit.AutoTests" name="[276] /home/travis/build/icyphy/ptII/ptolemy/actor/lib/test/auto/PublisherSubscriber.xml (RunModel)" time="0.012" />
  <testcase classname="ptolemy.util.test.junit.AutoTests" name="[277] /home/travis/build/icyphy/ptII/ptolemy/actor/lib/test/auto/PublisherSubscriber10.xml (RunModel)" time="0.019" />
  <testcase classname="ptolemy.util.test.junit.AutoTests" name="[278] /home/travis/build/icyphy/ptII/ptolemy/actor/lib/test/auto/PublisherSubscriber10InitialOutputs.xml (RunModel)" time="0.029" />
  <testcase classname="ptolemy.util.test.junit.AutoTests" name="[279] /home/travis/build/icyphy/ptII/ptolemy/actor/lib/test/auto/PublisherSubscriber11.xml (RunModel)" time="0.022" />
  <testcase classname="ptolemy.util.test.junit.AutoTests" name="[280] /home/travis/build/icyphy/ptII/ptolemy/actor/lib/test/auto/PublisherSubscriber12.xml (RunModel)" time="0.019" />
  <testcase classname="ptolemy.util.test.junit.AutoTests" name="[281] /home/travis/build/icyphy/ptII/ptolemy/actor/lib/test/auto/PublisherSubscriber13.xml (RunModel)" time="0.01" />
  <testcase classname="ptolemy.util.test.junit.AutoTests" name="[282] /home/travis/build/icyphy/ptII/ptolemy/actor/lib/test/auto/PublisherSubscriber14.xml (RunModel)" time="0.018" />
  <testcase classname="ptolemy.util.test.junit.AutoTests" name="[283] /home/travis/build/icyphy/ptII/ptolemy/actor/lib/test/auto/PublisherSubscriber2.xml (RunModel)" time="0.01" />
  <testcase classname="ptolemy.util.test.junit.AutoTests" name="[284] /home/travis/build/icyphy/ptII/ptolemy/actor/lib/test/auto/PublisherSubscriber3.xml (RunModel)" time="0.009" />
  <testcase classname="ptolemy.util.test.junit.AutoTests" name="[285] /home/travis/build/icyphy/ptII/ptolemy/actor/lib/test/auto/PublisherSubscriber4.xml (RunModel)" time="0.012" />
  <testcase classname="ptolemy.util.test.junit.AutoTests" name="[286] /home/travis/build/icyphy/ptII/ptolemy/actor/lib/test/auto/PublisherSubscriber5.xml (RunModel)" time="0.012" />
  <testcase classname="ptolemy.util.test.junit.AutoTests" name="[287] /home/travis/build/icyphy/ptII/ptolemy/actor/lib/test/auto/PublisherSubscriber6.xml (RunModel)" time="0.014" />
  <testcase classname="ptolemy.util.test.junit.AutoTests" name="[288] /home/travis/build/icyphy/ptII/ptolemy/actor/lib/test/auto/PublisherSubscriber7.xml (RunModel)" time="0.023" />
  <testcase classname="ptolemy.util.test.junit.AutoTests" name="[289] /home/travis/build/icyphy/ptII/ptolemy/actor/lib/test/auto/PublisherSubscriber8.xml (RunModel)" time="0.03" />
  <testcase classname="ptolemy.util.test.junit.AutoTests" name="[290] /home/travis/build/icyphy/ptII/ptolemy/actor/lib/test/auto/PublisherSubscriber9.xml (RunModel)" time="0.02" />
  <testcase classname="ptolemy.util.test.junit.AutoTests" name="[291] /home/travis/build/icyphy/ptII/ptolemy/actor/lib/test/auto/PublisherSubscriberAdjacent.xml (RunModel)" time="0.015" />
  <testcase classname="ptolemy.util.test.junit.AutoTests" name="[292] /home/travis/build/icyphy/ptII/ptolemy/actor/lib/test/auto/PublisherSubscriberChannelVariablesAOC2.xml (RunModel)" time="0.025" />
  <testcase classname="ptolemy.util.test.junit.AutoTests" name="[293] /home/travis/build/icyphy/ptII/ptolemy/actor/lib/test/auto/PublisherSubscriberD3.xml (RunModel)" time="0.012" />
  <testcase classname="ptolemy.util.test.junit.AutoTests" name="[294] /home/travis/build/icyphy/ptII/ptolemy/actor/lib/test/auto/PublisherSubscriberD3Reverse.xml (RunModel)" time="0.012" />
  <testcase classname="ptolemy.util.test.junit.AutoTests" name="[295] /home/travis/build/icyphy/ptII/ptolemy/actor/lib/test/auto/PublisherSubscriberExpression.xml (RunModel)" time="0.023" />
  <testcase classname="ptolemy.util.test.junit.AutoTests" name="[296] /home/travis/build/icyphy/ptII/ptolemy/actor/lib/test/auto/PublisherSubscriberOpaque.xml (RunModel)" time="0.02" />
  <testcase classname="ptolemy.util.test.junit.AutoTests" name="[297] /home/travis/build/icyphy/ptII/ptolemy/actor/lib/test/auto/PublisherSubscriberOpaqueD3.xml (RunModel)" time="0.024" />
  <testcase classname="ptolemy.util.test.junit.AutoTests" name="[298] /home/travis/build/icyphy/ptII/ptolemy/actor/lib/test/auto/PublisherSubscriberOpaqueD3Reverse.xml (RunModel)" time="0.022" />
  <testcase classname="ptolemy.util.test.junit.AutoTests" name="[299] /home/travis/build/icyphy/ptII/ptolemy/actor/lib/test/auto/PublisherSubscriberOpaqueWidthInference.xml (RunModel)" time="0.016" />
  <testcase classname="ptolemy.util.test.junit.AutoTests" name="[300] /home/travis/build/icyphy/ptII/ptolemy/actor/lib/test/auto/PublisherTestSubscriber.xml (RunModel)" time="0.014" />
  <testcase classname="ptolemy.util.test.junit.AutoTests" name="[301] /home/travis/build/icyphy/ptII/ptolemy/actor/lib/test/auto/PublisherToplevelSubscriberPortAOC.xml (RunModel)" time="0.012" />
  <testcase classname="ptolemy.util.test.junit.AutoTests" name="[302] /home/travis/build/icyphy/ptII/ptolemy/actor/lib/test/auto/PulseFiringLimitDE.xml (RunModel)" time="0.016" />
  <testcase classname="ptolemy.util.test.junit.AutoTests" name="[303] /home/travis/build/icyphy/ptII/ptolemy/actor/lib/test/auto/Ramp1.xml (RunModel)" time="0.008" />
  <testcase classname="ptolemy.util.test.junit.AutoTests" name="[304] /home/travis/build/icyphy/ptII/ptolemy/actor/lib/test/auto/RampFiringLimitDE.xml (RunModel)" time="0.011" />
  <testcase classname="ptolemy.util.test.junit.AutoTests" name="[305] /home/travis/build/icyphy/ptII/ptolemy/actor/lib/test/auto/RampFiringLimitSDF.xml (RunModel)" time="0.01" />
  <testcase classname="ptolemy.util.test.junit.AutoTests" name="[306] /home/travis/build/icyphy/ptII/ptolemy/actor/lib/test/auto/RandomInteger.xml (RunModel)" time="0.008" />
  <testcase classname="ptolemy.util.test.junit.AutoTests" name="[307] /home/travis/build/icyphy/ptII/ptolemy/actor/lib/test/auto/ReadFile1.xml (RunModel)" time="0.007" />
  <testcase classname="ptolemy.util.test.junit.AutoTests" name="[308] /home/travis/build/icyphy/ptII/ptolemy/actor/lib/test/auto/ReadFile2.xml (RunModel)" time="0.007" />
  <testcase classname="ptolemy.util.test.junit.AutoTests" name="[309] /home/travis/build/icyphy/ptII/ptolemy/actor/lib/test/auto/Reader.xml (RunModel)" time="0.023" />
  <testcase classname="ptolemy.util.test.junit.AutoTests" name="[310] /home/travis/build/icyphy/ptII/ptolemy/actor/lib/test/auto/RecordAssemblerDisplayNameTest.xml (RunModel)" time="3.14" />
  <testcase classname="ptolemy.util.test.junit.AutoTests" name="[311] /home/travis/build/icyphy/ptII/ptolemy/actor/lib/test/auto/RecordAssemblerTypeError.xml (RunModel)" time="0.06" />
  <testcase classname="ptolemy.util.test.junit.AutoTests" name="[312] /home/travis/build/icyphy/ptII/ptolemy/actor/lib/test/auto/RecordDisassember.xml (RunModel)" time="0.012" />
  <testcase classname="ptolemy.util.test.junit.AutoTests" name="[313] /home/travis/build/icyphy/ptII/ptolemy/actor/lib/test/auto/RecordDisassemberDisplayNameTest.xml (RunModel)" time="0.023" />
  <testcase classname="ptolemy.util.test.junit.AutoTests" name="[314] /home/travis/build/icyphy/ptII/ptolemy/actor/lib/test/auto/RecordDisassembler.xml (RunModel)" time="0.009" />
  <testcase classname="ptolemy.util.test.junit.AutoTests" name="[315] /home/travis/build/icyphy/ptII/ptolemy/actor/lib/test/auto/RecordDisassembler2.xml (RunModel)" time="0.01" />
  <testcase classname="ptolemy.util.test.junit.AutoTests" name="[316] /home/travis/build/icyphy/ptII/ptolemy/actor/lib/test/auto/RecordUpdater.xml (RunModel)" time="0.01" />
  <testcase classname="ptolemy.util.test.junit.AutoTests" name="[317] /home/travis/build/icyphy/ptII/ptolemy/actor/lib/test/auto/RecordUpdater2.xml (RunModel)" time="0.009" />
  <testcase classname="ptolemy.util.test.junit.AutoTests" name="[318] /home/travis/build/icyphy/ptII/ptolemy/actor/lib/test/auto/RecursiveLattice.xml (RunModel)" time="0.009" />
  <testcase classname="ptolemy.util.test.junit.AutoTests" name="[319] /home/travis/build/icyphy/ptII/ptolemy/actor/lib/test/auto/Router.xml (RunModel)" time="3.024" />
  <testcase classname="ptolemy.util.test.junit.AutoTests" name="[320] /home/travis/build/icyphy/ptII/ptolemy/actor/lib/test/auto/Router2.xml (RunModel)" time="3.029" />
  <testcase classname="ptolemy.util.test.junit.AutoTests" name="[321] /home/travis/build/icyphy/ptII/ptolemy/actor/lib/test/auto/RunningMaximum.xml (RunModel)" time="0.016" />
  <testcase classname="ptolemy.util.test.junit.AutoTests" name="[322] /home/travis/build/icyphy/ptII/ptolemy/actor/lib/test/auto/RunningMinimum.xml (RunModel)" time="0.034" />
  <testcase classname="ptolemy.util.test.junit.AutoTests" name="[323] /home/travis/build/icyphy/ptII/ptolemy/actor/lib/test/auto/Scale.xml (RunModel)" time="0.011" />
  <testcase classname="ptolemy.util.test.junit.AutoTests" name="[324] /home/travis/build/icyphy/ptII/ptolemy/actor/lib/test/auto/Scale2.xml (RunModel)" time="0.01" />
  <testcase classname="ptolemy.util.test.junit.AutoTests" name="[325] /home/travis/build/icyphy/ptII/ptolemy/actor/lib/test/auto/Scale3.xml (RunModel)" time="0.013" />
  <testcase classname="ptolemy.util.test.junit.AutoTests" name="[326] /home/travis/build/icyphy/ptII/ptolemy/actor/lib/test/auto/ScaleArray.xml (RunModel)" time="0.009" />
  <testcase classname="ptolemy.util.test.junit.AutoTests" name="[327] /home/travis/build/icyphy/ptII/ptolemy/actor/lib/test/auto/ScaleArray2.xml (RunModel)" time="0.011" />
  <testcase classname="ptolemy.util.test.junit.AutoTests" name="[328] /home/travis/build/icyphy/ptII/ptolemy/actor/lib/test/auto/ScaleMatrix.xml (RunModel)" time="0.146" />
  <testcase classname="ptolemy.util.test.junit.AutoTests" name="[329] /home/travis/build/icyphy/ptII/ptolemy/actor/lib/test/auto/Select.xml (RunModel)" time="0.018" />
  <testcase classname="ptolemy.util.test.junit.AutoTests" name="[330] /home/travis/build/icyphy/ptII/ptolemy/actor/lib/test/auto/Select2.xml (RunModel)" time="0.01" />
  <testcase classname="ptolemy.util.test.junit.AutoTests" name="[331] /home/travis/build/icyphy/ptII/ptolemy/actor/lib/test/auto/SequenceToArray2.xml (RunModel)" time="0.136" />
  <testcase classname="ptolemy.util.test.junit.AutoTests" name="[332] /home/travis/build/icyphy/ptII/ptolemy/actor/lib/test/auto/SequentialClock.xml (RunModel)" time="0.011" />
  <testcase classname="ptolemy.util.test.junit.AutoTests" name="[333] /home/travis/build/icyphy/ptII/ptolemy/actor/lib/test/auto/SetVariable.xml (RunModel)" time="0.014" />
  <testcase classname="ptolemy.util.test.junit.AutoTests" name="[334] /home/travis/build/icyphy/ptII/ptolemy/actor/lib/test/auto/SetVariable2.xml (RunModel)" time="0.01" />
  <testcase classname="ptolemy.util.test.junit.AutoTests" name="[335] /home/travis/build/icyphy/ptII/ptolemy/actor/lib/test/auto/SetVariable3.xml (RunModel)" time="0.014" />
  <testcase classname="ptolemy.util.test.junit.AutoTests" name="[336] /home/travis/build/icyphy/ptII/ptolemy/actor/lib/test/auto/SetVariable4.xml (RunModel)" time="0.023" />
  <testcase classname="ptolemy.util.test.junit.AutoTests" name="[337] /home/travis/build/icyphy/ptII/ptolemy/actor/lib/test/auto/SetVariable5.xml (RunModel)" time="0.037" />
  <testcase classname="ptolemy.util.test.junit.AutoTests" name="[338] /home/travis/build/icyphy/ptII/ptolemy/actor/lib/test/auto/Sinewave.xml (RunModel)" time="0.043" />
  <testcase classname="ptolemy.util.test.junit.AutoTests" name="[339] /home/travis/build/icyphy/ptII/ptolemy/actor/lib/test/auto/Sinewave2.xml (RunModel)" time="0.016" />
  <testcase classname="ptolemy.util.test.junit.AutoTests" name="[340] /home/travis/build/icyphy/ptII/ptolemy/actor/lib/test/auto/Sinewave3.xml (RunModel)" time="0.024" />
  <testcase classname="ptolemy.util.test.junit.AutoTests" name="[341] /home/travis/build/icyphy/ptII/ptolemy/actor/lib/test/auto/SingleEvent.xml (RunModel)" time="0.007" />
  <testcase classname="ptolemy.util.test.junit.AutoTests" name="[342] /home/travis/build/icyphy/ptII/ptolemy/actor/lib/test/auto/Sleep.xml (RunModel)" time="6.012" />
  <testcase classname="ptolemy.util.test.junit.AutoTests" name="[343] /home/travis/build/icyphy/ptII/ptolemy/actor/lib/test/auto/SleepMultipleFire.xml (RunModel)" time="1.023" />
  <testcase classname="ptolemy.util.test.junit.AutoTests" name="[344] /home/travis/build/icyphy/ptII/ptolemy/actor/lib/test/auto/StopDE.xml (RunModel)" time="0.02" />
  <testcase classname="ptolemy.util.test.junit.AutoTests" name="[345] /home/travis/build/icyphy/ptII/ptolemy/actor/lib/test/auto/StopSDF.xml (RunModel)" time="0.012" />
  <testcase classname="ptolemy.util.test.junit.AutoTests" name="[346] /home/travis/build/icyphy/ptII/ptolemy/actor/lib/test/auto/StringConstant.xml (RunModel)" time="0.015" />
  <testcase classname="ptolemy.util.test.junit.AutoTests" name="[347] /home/travis/build/icyphy/ptII/ptolemy/actor/lib/test/auto/SubscriberPortInitialValues1.xml (RunModel)" time="0.018" />
  <testcase classname="ptolemy.util.test.junit.AutoTests" name="[348] /home/travis/build/icyphy/ptII/ptolemy/actor/lib/test/auto/SubscriberPortInitialValues13.xml (RunModel)" time="0.026" />
  <testcase classname="ptolemy.util.test.junit.AutoTests" name="[349] /home/travis/build/icyphy/ptII/ptolemy/actor/lib/test/auto/SubscriberPortInitialValues14.xml (RunModel)" time="0.014" />
  <testcase classname="ptolemy.util.test.junit.AutoTests" name="[350] /home/travis/build/icyphy/ptII/ptolemy/actor/lib/test/auto/SubscriberPortInitialValues2.xml (RunModel)" time="0.017" />
  <testcase classname="ptolemy.util.test.junit.AutoTests" name="[351] /home/travis/build/icyphy/ptII/ptolemy/actor/lib/test/auto/SubscriberPortInitialValues3.xml (RunModel)" time="0.027" />
  <testcase classname="ptolemy.util.test.junit.AutoTests" name="[352] /home/travis/build/icyphy/ptII/ptolemy/actor/lib/test/auto/SubscriptionAggregator.xml (RunModel)" time="0.011" />
  <testcase classname="ptolemy.util.test.junit.AutoTests" name="[353] /home/travis/build/icyphy/ptII/ptolemy/actor/lib/test/auto/SubscriptionAggregator2.xml (RunModel)" time="0.011" />
  <testcase classname="ptolemy.util.test.junit.AutoTests" name="[354] /home/travis/build/icyphy/ptII/ptolemy/actor/lib/test/auto/SubscriptionAggregator3.xml (RunModel)" time="0.015" />
  <testcase classname="ptolemy.util.test.junit.AutoTests" name="[355] /home/travis/build/icyphy/ptII/ptolemy/actor/lib/test/auto/SubscriptionAggregatorMultiply.xml (RunModel)" time="0.025" />
  <testcase classname="ptolemy.util.test.junit.AutoTests" name="[356] /home/travis/build/icyphy/ptII/ptolemy/actor/lib/test/auto/SubscriptionAggregatorPortMultiply1.xml (RunModel)" time="0.013" />
  <testcase classname="ptolemy.util.test.junit.AutoTests" name="[357] /home/travis/build/icyphy/ptII/ptolemy/actor/lib/test/auto/Switch.xml (RunModel)" time="0.019" />
  <testcase classname="ptolemy.util.test.junit.AutoTests" name="[358] /home/travis/build/icyphy/ptII/ptolemy/actor/lib/test/auto/Switch2.xml (RunModel)" time="0.013" />
  <testcase classname="ptolemy.util.test.junit.AutoTests" name="[359] /home/travis/build/icyphy/ptII/ptolemy/actor/lib/test/auto/SwitchDE.xml (RunModel)" time="0.016" />
  <testcase classname="ptolemy.util.test.junit.AutoTests" name="[360] /home/travis/build/icyphy/ptII/ptolemy/actor/lib/test/auto/SynchronizerDE.xml (RunModel)" time="0.019" />
  <testcase classname="ptolemy.util.test.junit.AutoTests" name="[361] /home/travis/build/icyphy/ptII/ptolemy/actor/lib/test/auto/Test.xml (RunModel)" time="0.007" />
  <testcase classname="ptolemy.util.test.junit.AutoTests" name="[362] /home/travis/build/icyphy/ptII/ptolemy/actor/lib/test/auto/TestExceptionAttribute1.xml (RunModel)" time="0.007" />
  <testcase classname="ptolemy.util.test.junit.AutoTests" name="[363] /home/travis/build/icyphy/ptII/ptolemy/actor/lib/test/auto/TestExceptionAttribute2.xml (RunModel)" time="0.007" />
  <testcase classname="ptolemy.util.test.junit.AutoTests" name="[364] /home/travis/build/icyphy/ptII/ptolemy/actor/lib/test/auto/TestExceptionAttribute3.xml (RunModel)" time="0.01" />
  <testcase classname="ptolemy.util.test.junit.AutoTests" name="[365] /home/travis/build/icyphy/ptII/ptolemy/actor/lib/test/auto/TestExceptionAttribute4.xml (RunModel)" time="0.006" />
  <testcase classname="ptolemy.util.test.junit.AutoTests" name="[366] /home/travis/build/icyphy/ptII/ptolemy/actor/lib/test/auto/TestExceptionHandler1.xml (RunModel)" time="0.008" />
  <testcase classname="ptolemy.util.test.junit.AutoTests" name="[367] /home/travis/build/icyphy/ptII/ptolemy/actor/lib/test/auto/TestExceptionHandler2.xml (RunModel)" time="0.012" />
  <testcase classname="ptolemy.util.test.junit.AutoTests" name="[368] /home/travis/build/icyphy/ptII/ptolemy/actor/lib/test/auto/TestExceptionHandler3.xml (RunModel)" time="0.005" />
  <testcase classname="ptolemy.util.test.junit.AutoTests" name="[369] /home/travis/build/icyphy/ptII/ptolemy/actor/lib/test/auto/TestExceptionHandler4.xml (RunModel)" time="0.009" />
  <testcase classname="ptolemy.util.test.junit.AutoTests" name="[370] /home/travis/build/icyphy/ptII/ptolemy/actor/lib/test/auto/TestRequireCorrectOrder.xml (RunModel)" time="0.008" />
  <testcase classname="ptolemy.util.test.junit.AutoTests" name="[371] /home/travis/build/icyphy/ptII/ptolemy/actor/lib/test/auto/TestSimple.xml (RunModel)" time="0.006" />
  <testcase classname="ptolemy.util.test.junit.AutoTests" name="[372] /home/travis/build/icyphy/ptII/ptolemy/actor/lib/test/auto/ThrowModelError.xml (RunModel)" time="0.009" />
  <testcase classname="ptolemy.util.test.junit.AutoTests" name="[373] /home/travis/build/icyphy/ptII/ptolemy/actor/lib/test/auto/TimeDelayMicrosteps.xml (RunModel)" time="0.013" />
  <testcase classname="ptolemy.util.test.junit.AutoTests" name="[374] /home/travis/build/icyphy/ptII/ptolemy/actor/lib/test/auto/TimeDelayMicrosteps2.xml (RunModel)" time="0.014" />
  <testcase classname="ptolemy.util.test.junit.AutoTests" name="[375] /home/travis/build/icyphy/ptII/ptolemy/actor/lib/test/auto/TimeDelayMicrosteps3.xml (RunModel)" time="0.011" />
  <testcase classname="ptolemy.util.test.junit.AutoTests" name="[376] /home/travis/build/icyphy/ptII/ptolemy/actor/lib/test/auto/TimeDelayVariableMicrosteps.xml (RunModel)" time="0.012" />
  <testcase classname="ptolemy.util.test.junit.AutoTests" name="[377] /home/travis/build/icyphy/ptII/ptolemy/actor/lib/test/auto/TimeGap.xml (RunModel)" time="0.015" />
  <testcase classname="ptolemy.util.test.junit.AutoTests" name="[378] /home/travis/build/icyphy/ptII/ptolemy/actor/lib/test/auto/TimeGap2.xml (RunModel)" time="0.009" />
  <testcase classname="ptolemy.util.test.junit.AutoTests" name="[379] /home/travis/build/icyphy/ptII/ptolemy/actor/lib/test/auto/TimedSinewave.xml (RunModel)" time="0.053" />
  <testcase classname="ptolemy.util.test.junit.AutoTests" name="[380] /home/travis/build/icyphy/ptII/ptolemy/actor/lib/test/auto/TimedSinewavePhase.xml (RunModel)" time="0.03" />
  <testcase classname="ptolemy.util.test.junit.AutoTests" name="[381] /home/travis/build/icyphy/ptII/ptolemy/actor/lib/test/auto/Timer.xml (RunModel)" time="0.02" />
  <testcase classname="ptolemy.util.test.junit.AutoTests" name="[382] /home/travis/build/icyphy/ptII/ptolemy/actor/lib/test/auto/TriangularDistTestModel.xml (RunModel)" time="0.018" />
  <testcase classname="ptolemy.util.test.junit.AutoTests" name="[383] /home/travis/build/icyphy/ptII/ptolemy/actor/lib/test/auto/TrigFunction.xml (RunModel)" time="0.01" />
  <testcase classname="ptolemy.util.test.junit.AutoTests" name="[384] /home/travis/build/icyphy/ptII/ptolemy/actor/lib/test/auto/TrigFunctionDE.xml (RunModel)" time="0.01" />
  <testcase classname="ptolemy.util.test.junit.AutoTests" name="[385] /home/travis/build/icyphy/ptII/ptolemy/actor/lib/test/auto/TrigFunctionInverse.xml (RunModel)" time="0.009" />
  <testcase classname="ptolemy.util.test.junit.AutoTests" name="[386] /home/travis/build/icyphy/ptII/ptolemy/actor/lib/test/auto/TrigFunctionTan.xml (RunModel)" time="0.007" />
  <testcase classname="ptolemy.util.test.junit.AutoTests" name="[387] /home/travis/build/icyphy/ptII/ptolemy/actor/lib/test/auto/TriggeredClock.xml (RunModel)" time="0.009" />
  <testcase classname="ptolemy.util.test.junit.AutoTests" name="[388] /home/travis/build/icyphy/ptII/ptolemy/actor/lib/test/auto/URLDirectoryReader.xml (RunModel)" time="0.123" />
  <testcase classname="ptolemy.util.test.junit.AutoTests" name="[389] /home/travis/build/icyphy/ptII/ptolemy/actor/lib/test/auto/URLDirectoryReader3.xml (RunModel)" time="1.782" />
  <testcase classname="ptolemy.util.test.junit.AutoTests" name="[390] /home/travis/build/icyphy/ptII/ptolemy/actor/lib/test/auto/UnaryMathFunction.xml (RunModel)" time="0.025" />
  <testcase classname="ptolemy.util.test.junit.AutoTests" name="[391] /home/travis/build/icyphy/ptII/ptolemy/actor/lib/test/auto/Uniform.xml (RunModel)" time="0.023" />
  <testcase classname="ptolemy.util.test.junit.AutoTests" name="[392] /home/travis/build/icyphy/ptII/ptolemy/actor/lib/test/auto/UnionDisassemblerTest.xml (RunModel)" time="0.023" />
  <testcase classname="ptolemy.util.test.junit.AutoTests" name="[393] /home/travis/build/icyphy/ptII/ptolemy/actor/lib/test/auto/UtilityFunctions.xml (RunModel)" time="0.009" />
  <testcase classname="ptolemy.util.test.junit.AutoTests" name="[394] /home/travis/build/icyphy/ptII/ptolemy/actor/lib/test/auto/VariableSleep.xml (RunModel)" time="0.511" />
  <testcase classname="ptolemy.util.test.junit.AutoTests" name="[395] /home/travis/build/icyphy/ptII/ptolemy/actor/lib/test/auto/VectorAssemblerDisassemblerCT.xml (RunModel)" time="0.104" />
  <testcase classname="ptolemy.util.test.junit.AutoTests" name="[396] /home/travis/build/icyphy/ptII/ptolemy/actor/lib/test/auto/VectorAssemblerDisassemblerDE.xml (RunModel)" time="0.013" />
  <testcase classname="ptolemy.util.test.junit.AutoTests" name="[397] /home/travis/build/icyphy/ptII/ptolemy/actor/lib/test/auto/VectorAssemblerDisassemblerSDF.xml (RunModel)" time="0.011" />
  <testcase classname="ptolemy.util.test.junit.AutoTests" name="[398] /home/travis/build/icyphy/ptII/ptolemy/actor/lib/test/auto/WallClockTime.xml (RunModel)" time="1.012" />
  <testcase classname="ptolemy.util.test.junit.AutoTests" name="[399] /home/travis/build/icyphy/ptII/ptolemy/actor/lib/test/auto/WidthTestWithSubscriberPublisher.xml (RunModel)" time="0.036" />
  <testcase classname="ptolemy.util.test.junit.AutoTests" name="[400] /home/travis/build/icyphy/ptII/ptolemy/actor/lib/test/auto/WidthTestWithSubscriberPublisher2.xml (RunModel)" time="0.014" />
  <testcase classname="ptolemy.util.test.junit.AutoTests" name="[401] /home/travis/build/icyphy/ptII/ptolemy/actor/lib/test/auto/WidthTestWithSubscriberPublisher3.xml (RunModel)" time="0.011" />
  <testcase classname="ptolemy.util.test.junit.AutoTests" name="[402] /home/travis/build/icyphy/ptII/ptolemy/actor/lib/test/auto/Writer.xml (RunModel)" time="0.007" />
  <testcase classname="ptolemy.util.test.junit.AutoTests" name="[403] /home/travis/build/icyphy/ptII/ptolemy/actor/lib/test/auto/array.xml (RunModel)" time="0.019" />
  <testcase classname="ptolemy.util.test.junit.AutoTests" name="[404] /home/travis/build/icyphy/ptII/ptolemy/actor/lib/test/auto/array2.xml (RunModel)" time="0.017" />
  <testcase classname="ptolemy.util.test.junit.AutoTests" name="[405] /home/travis/build/icyphy/ptII/ptolemy/actor/lib/test/auto/arrayType.xml (RunModel)" time="0.009" />
  <testcase classname="ptolemy.util.test.junit.AutoTests" name="[406] /home/travis/build/icyphy/ptII/ptolemy/actor/lib/test/auto/arrayType10.xml (RunModel)" time="0.007" />
  <testcase classname="ptolemy.util.test.junit.AutoTests" name="[407] /home/travis/build/icyphy/ptII/ptolemy/actor/lib/test/auto/arrayType11.xml (RunModel)" time="0.009" />
  <testcase classname="ptolemy.util.test.junit.AutoTests" name="[408] /home/travis/build/icyphy/ptII/ptolemy/actor/lib/test/auto/arrayType12.xml (RunModel)" time="0.009" />
  <testcase classname="ptolemy.util.test.junit.AutoTests" name="[409] /home/travis/build/icyphy/ptII/ptolemy/actor/lib/test/auto/arrayType13.xml (RunModel)" time="0.009" />
  <testcase classname="ptolemy.util.test.junit.AutoTests" name="[410] /home/travis/build/icyphy/ptII/ptolemy/actor/lib/test/auto/arrayType14.xml (RunModel)" time="0.009" />
  <testcase classname="ptolemy.util.test.junit.AutoTests" name="[411] /home/travis/build/icyphy/ptII/ptolemy/actor/lib/test/auto/arrayType15.xml (RunModel)" time="0.01" />
  <testcase classname="ptolemy.util.test.junit.AutoTests" name="[412] /home/travis/build/icyphy/ptII/ptolemy/actor/lib/test/auto/arrayType16.xml (RunModel)" time="0.008" />
  <testcase classname="ptolemy.util.test.junit.AutoTests" name="[413] /home/travis/build/icyphy/ptII/ptolemy/actor/lib/test/auto/arrayType17.xml (RunModel)" time="0.038" />
  <testcase classname="ptolemy.util.test.junit.AutoTests" name="[414] /home/travis/build/icyphy/ptII/ptolemy/actor/lib/test/auto/arrayType18.xml (RunModel)" time="0.034" />
  <testcase classname="ptolemy.util.test.junit.AutoTests" name="[415] /home/travis/build/icyphy/ptII/ptolemy/actor/lib/test/auto/arrayType19.xml (RunModel)" time="0.015" />
  <testcase classname="ptolemy.util.test.junit.AutoTests" name="[416] /home/travis/build/icyphy/ptII/ptolemy/actor/lib/test/auto/arrayType2.xml (RunModel)" time="0.009" />
  <testcase classname="ptolemy.util.test.junit.AutoTests" name="[417] /home/travis/build/icyphy/ptII/ptolemy/actor/lib/test/auto/arrayType20.xml (RunModel)" time="0.008" />
  <testcase classname="ptolemy.util.test.junit.AutoTests" name="[418] /home/travis/build/icyphy/ptII/ptolemy/actor/lib/test/auto/arrayType21.xml (RunModel)" time="0.008" />
  <testcase classname="ptolemy.util.test.junit.AutoTests" name="[419] /home/travis/build/icyphy/ptII/ptolemy/actor/lib/test/auto/arrayType22.xml (RunModel)" time="0.007" />
  <testcase classname="ptolemy.util.test.junit.AutoTests" name="[420] /home/travis/build/icyphy/ptII/ptolemy/actor/lib/test/auto/arrayType23.xml (RunModel)" time="0.008" />
  <testcase classname="ptolemy.util.test.junit.AutoTests" name="[421] /home/travis/build/icyphy/ptII/ptolemy/actor/lib/test/auto/arrayType24.xml (RunModel)" time="0.009" />
  <testcase classname="ptolemy.util.test.junit.AutoTests" name="[422] /home/travis/build/icyphy/ptII/ptolemy/actor/lib/test/auto/arrayType25.xml (RunModel)" time="0.008" />
  <testcase classname="ptolemy.util.test.junit.AutoTests" name="[423] /home/travis/build/icyphy/ptII/ptolemy/actor/lib/test/auto/arrayType26.xml (RunModel)" time="0.008" />
  <testcase classname="ptolemy.util.test.junit.AutoTests" name="[424] /home/travis/build/icyphy/ptII/ptolemy/actor/lib/test/auto/arrayType27.xml (RunModel)" time="0.008" />
  <testcase classname="ptolemy.util.test.junit.AutoTests" name="[425] /home/travis/build/icyphy/ptII/ptolemy/actor/lib/test/auto/arrayType28.xml (RunModel)" time="0.038" />
  <testcase classname="ptolemy.util.test.junit.AutoTests" name="[426] /home/travis/build/icyphy/ptII/ptolemy/actor/lib/test/auto/arrayType3.xml (RunModel)" time="0.028" />
  <testcase classname="ptolemy.util.test.junit.AutoTests" name="[427] /home/travis/build/icyphy/ptII/ptolemy/actor/lib/test/auto/arrayType4.xml (RunModel)" time="0.008" />
  <testcase classname="ptolemy.util.test.junit.AutoTests" name="[428] /home/travis/build/icyphy/ptII/ptolemy/actor/lib/test/auto/arrayType5.xml (RunModel)" time="0.012" />
  <testcase classname="ptolemy.util.test.junit.AutoTests" name="[429] /home/travis/build/icyphy/ptII/ptolemy/actor/lib/test/auto/arrayType6.xml (RunModel)" time="0.008" />
  <testcase classname="ptolemy.util.test.junit.AutoTests" name="[430] /home/travis/build/icyphy/ptII/ptolemy/actor/lib/test/auto/arrayType7.xml (RunModel)" time="0.007" />
  <testcase classname="ptolemy.util.test.junit.AutoTests" name="[431] /home/travis/build/icyphy/ptII/ptolemy/actor/lib/test/auto/arrayType8.xml (RunModel)" time="0.012" />
  <testcase classname="ptolemy.util.test.junit.AutoTests" name="[432] /home/travis/build/icyphy/ptII/ptolemy/actor/lib/test/auto/arrayType9.xml (RunModel)" time="0.008" />
  <testcase classname="ptolemy.util.test.junit.AutoTests" name="[433] /home/travis/build/icyphy/ptII/ptolemy/actor/lib/test/auto/cast.xml (RunModel)" time="0.008" />
  <testcase classname="ptolemy.util.test.junit.AutoTests" name="[434] /home/travis/build/icyphy/ptII/ptolemy/actor/lib/test/auto/compositeMultiPort.xml (RunModel)" time="0.023" />
  <testcase classname="ptolemy.util.test.junit.AutoTests" name="[435] /home/travis/build/icyphy/ptII/ptolemy/actor/lib/test/auto/expressionCastInference.xml (RunModel)" time="0.017" />
  <testcase classname="ptolemy.util.test.junit.AutoTests" name="[436] /home/travis/build/icyphy/ptII/ptolemy/actor/lib/test/auto/expressionCastInference2.xml (RunModel)" time="0.007" />
  <testcase classname="ptolemy.util.test.junit.AutoTests" name="[437] /home/travis/build/icyphy/ptII/ptolemy/actor/lib/test/auto/expressionInference.xml (RunModel)" time="0.007" />
  <testcase classname="ptolemy.util.test.junit.AutoTests" name="[438] /home/travis/build/icyphy/ptII/ptolemy/actor/lib/test/auto/expression_bug.xml (RunModel)" time="0.007" />
  <testcase classname="ptolemy.util.test.junit.AutoTests" name="[439] /home/travis/build/icyphy/ptII/ptolemy/actor/lib/test/auto/factorial.xml (RunModel)" time="0.046" />
  <testcase classname="ptolemy.util.test.junit.AutoTests" name="[440] /home/travis/build/icyphy/ptII/ptolemy/actor/lib/test/auto/filterTest1.xml (RunModel)" time="0.011" />
  <testcase classname="ptolemy.util.test.junit.AutoTests" name="[441] /home/travis/build/icyphy/ptII/ptolemy/actor/lib/test/auto/funcApplyInConst.xml (RunModel)" time="0.005" />
  <testcase classname="ptolemy.util.test.junit.AutoTests" name="[442] /home/travis/build/icyphy/ptII/ptolemy/actor/lib/test/auto/funcApplyInExpr.xml (RunModel)" time="0.005" />
  <testcase classname="ptolemy.util.test.junit.AutoTests" name="[443] /home/travis/build/icyphy/ptII/ptolemy/actor/lib/test/auto/function.xml (RunModel)" time="0.01" />
  <testcase classname="ptolemy.util.test.junit.AutoTests" name="[444] /home/travis/build/icyphy/ptII/ptolemy/actor/lib/test/auto/function2.xml (RunModel)" time="0.012" />
  <testcase classname="ptolemy.util.test.junit.AutoTests" name="[445] /home/travis/build/icyphy/ptII/ptolemy/actor/lib/test/auto/function3.xml (RunModel)" time="0.007" />
  <testcase classname="ptolemy.util.test.junit.AutoTests" name="[446] /home/travis/build/icyphy/ptII/ptolemy/actor/lib/test/auto/functionClosureTest1.xml (RunModel)" time="0.01" />
  <testcase classname="ptolemy.util.test.junit.AutoTests" name="[447] /home/travis/build/icyphy/ptII/ptolemy/actor/lib/test/auto/functionClosureTest2.xml (RunModel)" time="0.013" />
  <testcase classname="ptolemy.util.test.junit.AutoTests" name="[448] /home/travis/build/icyphy/ptII/ptolemy/actor/lib/test/auto/functionClosureTest3.xml (RunModel)" time="0.01" />
  <testcase classname="ptolemy.util.test.junit.AutoTests" name="[449] /home/travis/build/icyphy/ptII/ptolemy/actor/lib/test/auto/functionClosureTest4.xml (RunModel)" time="0.015" />
  <testcase classname="ptolemy.util.test.junit.AutoTests" name="[450] /home/travis/build/icyphy/ptII/ptolemy/actor/lib/test/auto/functionClosureTest5.xml (RunModel)" time="0.015" />
  <testcase classname="ptolemy.util.test.junit.AutoTests" name="[451] /home/travis/build/icyphy/ptII/ptolemy/actor/lib/test/auto/functionClosureTest6.xml (RunModel)" time="0.008" />
  <testcase classname="ptolemy.util.test.junit.AutoTests" name="[452] /home/travis/build/icyphy/ptII/ptolemy/actor/lib/test/auto/functionsOnArcs.xml (RunModel)" time="0.011" />
  <testcase classname="ptolemy.util.test.junit.AutoTests" name="[453] /home/travis/build/icyphy/ptII/ptolemy/actor/lib/test/auto/functionsOnArcsHOF.xml (RunModel)" time="0.011" />
  <testcase classname="ptolemy.util.test.junit.AutoTests" name="[454] /home/travis/build/icyphy/ptII/ptolemy/actor/lib/test/auto/logic.xml (RunModel)" time="0.017" />
  <testcase classname="ptolemy.util.test.junit.AutoTests" name="[455] /home/travis/build/icyphy/ptII/ptolemy/actor/lib/test/auto/matrixType.xml (RunModel)" time="0.008" />
  <testcase classname="ptolemy.util.test.junit.AutoTests" name="[456] /home/travis/build/icyphy/ptII/ptolemy/actor/lib/test/auto/matrixType10.xml (RunModel)" time="0.009" />
  <testcase classname="ptolemy.util.test.junit.AutoTests" name="[457] /home/travis/build/icyphy/ptII/ptolemy/actor/lib/test/auto/matrixType11.xml (RunModel)" time="0.007" />
  <testcase classname="ptolemy.util.test.junit.AutoTests" name="[458] /home/travis/build/icyphy/ptII/ptolemy/actor/lib/test/auto/matrixType12.xml (RunModel)" time="0.011" />
  <testcase classname="ptolemy.util.test.junit.AutoTests" name="[459] /home/travis/build/icyphy/ptII/ptolemy/actor/lib/test/auto/matrixType13.xml (RunModel)" time="0.007" />
  <testcase classname="ptolemy.util.test.junit.AutoTests" name="[460] /home/travis/build/icyphy/ptII/ptolemy/actor/lib/test/auto/matrixType14.xml (RunModel)" time="0.009" />
  <testcase classname="ptolemy.util.test.junit.AutoTests" name="[461] /home/travis/build/icyphy/ptII/ptolemy/actor/lib/test/auto/matrixType2.xml (RunModel)" time="0.008" />
  <testcase classname="ptolemy.util.test.junit.AutoTests" name="[462] /home/travis/build/icyphy/ptII/ptolemy/actor/lib/test/auto/matrixType3.xml (RunModel)" time="0.009" />
  <testcase classname="ptolemy.util.test.junit.AutoTests" name="[463] /home/travis/build/icyphy/ptII/ptolemy/actor/lib/test/auto/matrixType4.xml (RunModel)" time="0.007" />
  <testcase classname="ptolemy.util.test.junit.AutoTests" name="[464] /home/travis/build/icyphy/ptII/ptolemy/actor/lib/test/auto/matrixType5.xml (RunModel)" time="0.007" />
  <testcase classname="ptolemy.util.test.junit.AutoTests" name="[465] /home/travis/build/icyphy/ptII/ptolemy/actor/lib/test/auto/matrixType6.xml (RunModel)" time="0.008" />
  <testcase classname="ptolemy.util.test.junit.AutoTests" name="[466] /home/travis/build/icyphy/ptII/ptolemy/actor/lib/test/auto/matrixType7.xml (RunModel)" time="0.008" />
  <testcase classname="ptolemy.util.test.junit.AutoTests" name="[467] /home/travis/build/icyphy/ptII/ptolemy/actor/lib/test/auto/matrixType8.xml (RunModel)" time="0.009" />
  <testcase classname="ptolemy.util.test.junit.AutoTests" name="[468] /home/travis/build/icyphy/ptII/ptolemy/actor/lib/test/auto/matrixType9.xml (RunModel)" time="0.008" />
  <testcase classname="ptolemy.util.test.junit.AutoTests" name="[469] /home/travis/build/icyphy/ptII/ptolemy/actor/lib/test/auto/paraFunctest.xml (RunModel)" time="0.007" />
  <testcase classname="ptolemy.util.test.junit.AutoTests" name="[470] /home/travis/build/icyphy/ptII/ptolemy/actor/lib/test/auto/paraFunctest2.xml (RunModel)" time="0.011" />
  <testcase classname="ptolemy.util.test.junit.AutoTests" name="[471] /home/travis/build/icyphy/ptII/ptolemy/actor/lib/test/auto/parameterPassing.xml (RunModel)" time="0.007" />
  <testcase classname="ptolemy.util.test.junit.AutoTests" name="[472] /home/travis/build/icyphy/ptII/ptolemy/actor/lib/test/auto/record.xml (RunModel)" time="0.008" />
  <testcase classname="ptolemy.util.test.junit.AutoTests" name="[473] /home/travis/build/icyphy/ptII/ptolemy/actor/lib/test/auto/sizedarray1.xml (RunModel)" time="0.01" />
  <testcase classname="ptolemy.util.test.junit.AutoTests" name="[474] /home/travis/build/icyphy/ptII/ptolemy/actor/lib/test/auto/sizedarray2.xml (RunModel)" time="0.011" />
  <testcase classname="ptolemy.util.test.junit.AutoTests" name="[475] /home/travis/build/icyphy/ptII/ptolemy/actor/lib/test/auto/twoPublishers.xml (RunModel)" time="0.029" />
  <system-out><![CDATA[/home/travis/build/icyphy/ptII/ptolemy/actor/lib/test/AbsoluteValue.tcl
testDefs.tcl: setting time out to 9000 seconds at Sun Sep 27 15:56:57 UTC 2020
120 ms. Memory: 129024K Free: 93124K (72%)
9 ms. Memory: 129024K Free: 91076K (71%)
5 ms. Memory: 129024K Free: 90555K (70%)
6 ms. Memory: 129024K Free: 89523K (69%)
/home/travis/build/icyphy/ptII/ptolemy/actor/lib/test/AddSubtract.tcl
18 ms. Memory: 129024K Free: 87490K (68%)
6 ms. Memory: 129024K Free: 86980K (67%)
5 ms. Memory: 129024K Free: 85956K (67%)
13 ms. Memory: 129024K Free: 85435K (66%)
51 ms. Memory: 129024K Free: 82370K (64%)
5 ms. Memory: 129024K Free: 81346K (63%)
/home/travis/build/icyphy/ptII/ptolemy/actor/lib/test/Average.tcl
14 ms. Memory: 129024K Free: 79812K (62%)
15 ms. Memory: 129024K Free: 78788K (61%)
/home/travis/build/icyphy/ptII/ptolemy/actor/lib/test/Bernoulli.tcl
5 ms. Memory: 129024K Free: 77235K (60%)
3 ms. Memory: 129024K Free: 76740K (59%)
/home/travis/build/icyphy/ptII/ptolemy/actor/lib/test/Clock.tcl
preinitializing
resolving types
initializing
executing number 1
wrapping up
idle
36 ms. Memory: 129024K Free: 74178K (57%)
Completed execution with 5 iterations
preinitializing
resolving types
initializing
executing number 1
wrapping up
idle
11 ms. Memory: 129024K Free: 73123K (57%)
Completed execution with 5 iterations
preinitializing
resolving types
initializing
executing number 1
wrapping up
idle
3 ms. Memory: 129024K Free: 72644K (56%)
Completed execution with 5 iterations
/home/travis/build/icyphy/ptII/ptolemy/actor/lib/test/Commutator.tcl
11 ms. Memory: 129024K Free: 70596K (55%)
14 ms. Memory: 129024K Free: 69572K (54%)
14 ms. Memory: 129024K Free: 63907K (50%)
/home/travis/build/icyphy/ptII/ptolemy/actor/lib/test/Const.tcl
9 ms. Memory: 129024K Free: 62404K (48%)
2 ms. Memory: 129024K Free: 61875K (48%)
3 ms. Memory: 129024K Free: 61380K (48%)
2 ms. Memory: 129024K Free: 60866K (47%)
2 ms. Memory: 129024K Free: 60356K (47%)
20 ms. Memory: 129024K Free: 58818K (46%)
9 ms. Memory: 129024K Free: 57284K (44%)
12 ms. Memory: 129024K Free: 56763K (44%)
/home/travis/build/icyphy/ptII/ptolemy/actor/lib/test/CurrentTime.tcl
preinitializing
resolving types
initializing
executing number 1
wrapping up
idle
16 ms. Memory: 129024K Free: 54707K (42%)
Completed execution with 11 iterations
/home/travis/build/icyphy/ptII/ptolemy/actor/lib/test/DB.tcl
6 ms. Memory: 129024K Free: 53188K (41%)
4 ms. Memory: 129024K Free: 52673K (41%)
3 ms. Memory: 129024K Free: 52164K (40%)
/home/travis/build/icyphy/ptII/ptolemy/actor/lib/test/DiscreteRandomSource.tcl
preinitializing
resolving types
initializing
executing number 1
wrapping up
idle
4 ms. Memory: 129024K Free: 50611K (39%)
Completed execution with 4 iterations
preinitializing
resolving types
initializing
executing number 1
wrapping up
idle
2 ms. Memory: 129024K Free: 50116K (39%)
Completed execution with 4 iterations
preinitializing
resolving types
initializing
executing number 1
wrapping up
idle
2 ms. Memory: 129024K Free: 49602K (38%)
Completed execution with 4 iterations
preinitializing
resolving types
initializing
executing number 1
wrapping up
idle
2 ms. Memory: 129024K Free: 49092K (38%)
Completed execution with 4 iterations
preinitializing
resolving types
initializing
executing number 1
wrapping up
idle
3 ms. Memory: 129024K Free: 48578K (38%)
Completed execution with 4 iterations
/home/travis/build/icyphy/ptII/ptolemy/actor/lib/test/Distributor.tcl
33 ms. Memory: 129024K Free: 113537K (88%)
10 ms. Memory: 129024K Free: 113041K (88%)
StreamChangeRequest.changeExecuted(): <deleteEntity name="rec2"/> succeeded
StreamChangeRequest.changeExecuted(): <deleteRelation name="r2"/> succeeded
StreamChangeRequest.changeExecuted(): Record firings per iteration succeeded
4 ms. Memory: 129024K Free: 110529K (86%)
/home/travis/build/icyphy/ptII/ptolemy/actor/lib/test/Exit.tcl
Exit.tcl: this will print a message about Manager.exitAfterWrapup, which can be ignored.
11 ms. Memory: 129024K Free: 107438K (83%)
/home/travis/build/icyphy/ptII/ptolemy/actor/lib/test/Expression.tcl
13 ms. Memory: 129024K Free: 103825K (80%)
3 ms. Memory: 129024K Free: 103345K (80%)
3 ms. Memory: 129024K Free: 102817K (80%)
preinitializing
resolving types
initializing
executing number 1
wrapping up
idle
5 ms. Memory: 129024K Free: 101321K (79%)
Completed execution with 6 iterations
9 ms. Memory: 129024K Free: 100287K (78%)
6 ms. Memory: 129024K Free: 99745K (77%)
8 ms. Memory: 129024K Free: 98249K (76%)
6 ms. Memory: 129024K Free: 97216K (75%)
8 ms. Memory: 129024K Free: 95641K (74%)
/home/travis/build/icyphy/ptII/ptolemy/actor/lib/test/Gaussian.tcl
6 ms. Memory: 129024K Free: 94137K (73%)
sleeping 1 seconds: .................................................................................................................................................................................................................................................................................................................................................................................................................................................................................................................................................................................................................................................................................................................................................................................................................................................................................................................................................................................................................................................................................................................................................................................................................................................................................................................................................................................................................................................................................................................................................................................................................................................................................................................................................................................................................................................................................................................................................................................................................................................................................................................................................................................................................................................................................................................................................................................................................................................................................................................................................................................................................................................................................................................................................................................................................................................................................................................................................................................................................................................................................................................................................................................................................................................................................................................................................................................................................................................................................................................................................................................................................................................................................................................................................................................................................................................................................................................................................................................................................................................................................................................................................................................................................................................................................................................................................................................................................................................................................................................................................................................................................................................................................................................................................................................................................................................................................................................................................................................................................................................................................................................................................................................................................................................................................................................................................................................................................................................................................................................................................................................................................................................................................................................................................................................................................................................................................................................................................................................................................................................................................................................................................................................................................................................................................................................................................................................................................................................................................................................................................................................................................................................................................................................................................................................................................................................................................................................................................................................................................................................................................................................................................................................................................................................................................................................................................................................................................................................................................................................................................................................................................................................................................................................................................................................................................................................................................................................................................................................................................................................................................................................................................................................................................................................................................................................................................................................................................................................................................................................................................................................................................................................................................................................................................................................................................................................................................................................................................................................................................................................................................................................................................................................................................................................................................................................................................................................................................................................................................................................................................................................................................................................................................................................................................................................................................................................................................................................................................................................................................................................................................................................................................................................................................................................................................................................................................................................................................................................................................................................................................................................................................................................................................................................................................................................................................................................................................................................................................................................................................................................................................................................................................................................................................................................................................................................................................................................................................................................................................................................................................................................................................................................................................................................................................................................................................................................................................................................................................................................................................................................................................................................................................................................................................................................................................................................................................................................................................................................................................................................................................................................................................................................................................................................................................................................................................................................................................................................................................................................................................................................................................................................................................................................................................................................................................................................................................................................................................................................................................................................................................................................................................................................................................................................................................................................................................................................................................................................................................................................................................................................................................................................................................................................................................................................................................................................................................................................................................................................................................................................................................................................................................................................................................................................................................................................................................................................................................................................................................................................................................................................................................................................................................................................................................................................................................................................................................................................................................................................................................................................................................................................................................................................................................................................................................................................................................................................................................................................................................................................................................................................................................................................................................................................................................................................................................................................................................................................................................................................................................................................................................................................................................................................................................................................................................................................................................................................................................................................................................................................................................................................................................................................................................................................................................................................................................................................................................................................................................................................................................................................................................................................................................................................................................................................................................................................................................................................................................................................................................................................................................................................................................................................................................................................................................................................................................................................................................................................................................................................................................................................................................................................................................................................................................................................................................................................................................................................................................................................................................................................................................................................................................................................................................................................................................................................................................................................................................................................................................................................................................................................................................................................................................................................................................................................................................................................................................................................................................................................................................................................................................................................................................................................................................................................................................................................................................................................................................................................................................................................................................................................................................................................................................................................................................................................................................................................................................................................................................................................................................................................................................................................................................................................................................................................................................................................................................................................................................................................................................................................................................................................................................................................................................................................................................................................................................................................................................................................................................................................................................................................................................................................................................................................................................................................................................................................................................................................................................................................................................................................................................................................................................................................................................................................................................................................................................................................................................................................................................................................................................................................................................................................................................................................................................................................................................................................................................................................................................................................................................................................................................................................................................................................................................................................................................................................................................................................................................................................................................................................................................................................................................................................................................................................................................................................................................................................................................................................................................................................................................................................................................................................................................................................................................................................................................................................................................................................................................................................................................................................................................................................................................................................................................................................................................................................................................................................................................................................................................................................................................................................................................................................................................................................................................................................................................................................................................................................................................................................................................................................................................................................................................................................................................................................................................................................................................................................................................................................................................................................................................................................................................................................................................................................................................................................................................................................................................................................................................................................................................................................................................................................................................................................................................................................................................................................................................................................................................................................................................................................................................................................................................................................................................................................................................................................................................................................................................................................................................................................................................................................................................................................................................................................................................................................................................................................................................................................................................................................................................................................................................................................................................................................................................................................................................................................................................................................................................................................................................................................................................................................................................................................................................................................................................................................................................................................................................................................................................................................................................................................................................................................................................................................................................................................................................................................................................................................................................................................................................................................................................................................................................................................................................................................................................................................................................................................................................................................................................................................................................................................................................................................................................................................................................................................................................................................................................................................................................................................................................................................................................................................................................................................................................................................................................................................................................................................................................................................................................................................................................................................................................................................................................................................................................................................................................................................................................................................................................................................................................................................................................................................................................................................................................................................................................................................................................................................................................................................................................................................................................................................................................................................................................................................................................................................................................................................................................................................................................................................................................................................................................................................................................................................................................................................................................................................................................................................................................................................................................................................................................................................................................................................................................................................................................................................................................................................................................................................................................................................................................................................................................................................................................................................................................................................................................................................................................................................................................................................................................................................................................................................................................................................................................................................................................................................................................................................................................................................................................................................................................................................................................................................................................................................................................................................................................................................................................................................................................................................................................................................................................................................................................................................................................................................................................................................................................................................................................................................................................................................................................................................................................................................................................................................................................................................................................................................................................................................................................................................................................................................................................................................................................................................................................................................................................................................................................................................................................................................................................................................................................................................................................................................................................................................................................................................................................................................................................................................................................................................................................................................................................................................................................................................................................................................................................................................................................................................................................................................................................................................................................................................................................................................................................................................................................................................................................................................................................................................................................................................................................................................................................................................................................................................................................................................................................................................................................................................................................................................................................................................................................................................................................................................................................................................................................................................................................................................................................................................................................................................................................................................................................................................................................................................................................................................................................................................................................................................................................................................................................................................................................................................................................................................................................................................................................................................................................................................................................................................................................................................................................................................................................................................................................................................................................................................................................................................................................................................................................................................................................................................................................................................................................................................................................................................................................................................................................................................................................................................................................................................................................................................................................................................................................................................................................................................................................................................................................................................................................................................................................................................................................................................................................................................................................................................................................................................................................................................................................................................................................................................................................................................................................................................................................................................................................................................................................................................................................................................................................................................................................................................................................................................................................................................................................................................................................................................................................................................................................................................................................................................................................................................................................................................................................................................................................................................................................................................................................................................................................................................................................................................................................................................................................................................................................................................................................................................................................................................................................................................................................................................................................................................................................................................................................................................................................................................................................................................................................................................................................................................................................................................................................................................................................................................................................................................................................................................................................................................................................................................................................................................................................................................................................................................................................................................................................................................................................................................................................................................................................................................................................................................................................................................................................................................................................................................................................................................................................................................................................................................................................................................................................................................................................................................................................................................................................................................................................................................................................................................................................................................................................................................................................................................................................................................................................................................................................................................................................................................................................................................................................................................................................................................................................................................................................................................................................................................................................................................................................................................................................................................................................................................................................................................................................................................................................................................................................................................................................................................................................................................................................................................................................................................................................................................................................................................................................................................................................................................................................................................................................................................................................................................................................................................................................................................................................................................................................................................................................................................................................................................................................................................................................................................................................................................................................................................................................................................................................................................................................................................................................................................................................................................................................................................................................................................................................................................................................................................................................................................................................................................................................................................................................................................................................................................................................................................................................................................................................................................................................................................................................................................................................................................................................................................................................................................................................................................................................................................................................................................................................................................................................................................................................................................................................................................................................................................................................................................................................................................................................................................................................................................................................................................................................................................................................................................................................................................................................................................................................................................................................................................................................................................................................................................................................................................................................................................................................................................................................................................................................................................................................................................................................................................................................................................................................................................................................................................................................................................................................................................................................................................................................................................................................................................................................................................................................................................................................................................................................................................................................................................................................................................................................................................................................................................................................................................................................................................................................................................................................................................................................................................................................................................................................................................................................................................................................................................................................................................................................................................................................................................................................................................................................................................................................................................................................................................................................................................................................................................................................................................................................................................................................................................................................................................................................................................................................................................................................................................................................................................................................................................................................................................................................................................................................................................................................................................................................................................................................................................................................................................................................................................................................................................................................................................................................................................................................................................................................................................................................................................................................................................................................................................................................................................................................................................................................................................................................................................................................................................................................................................................................................................................................................................................................................................................................................................................................................................................................................................................................................................................................................................................................................................................................................................................................................................................................................................................................................................................................................................................................................................................................................................................................................................................................................................................................................................................................................................................................................................................................................................................................................................................................................................................................................................................................................................................................................................................................................................................................................................................................................................................................................................................................................................................................................................................................................................................................................................................................................................................................................................................................................................................................................................................................................................................................................................................................................................................................................................................................................................................................................................................................................................................................................................................................................................................................................................................................................................................................................................................................................................................................................................................................................................................................................................................................................................................................................................................................................................................................................................................................................................................................................................................................................................................................................................................................................................................................................................................................................................................................................................................................................................................................................................................................................................................................................................................................................................................................................................................................................................................................................................................................................................................................................................................................................................................................................................................................................................................................................................................................................................................................................................................................................................................................................................................................................................................................................................................................................................................................................................................................................................................................................................................................................................................................................................................................................................................................................................................................................................................................................................................................................................................................................................................................................................................................................................................................................................................................................................................................................................................................................................................................................................................................................................................................................................................................................................................................................................................................................................................................................................................................................................................................................................................................................................................................................................................................................................................................................................................................................................................................................................................................................................................................................................................................................................................................................................................................................................................................................................................................................................................................................................................................................................................................................................................................................................................................................................................................................................................................................................................................................................................................................................................................................................................................................................................................................................................................................................................................................................................................................................................................................................................................................................................................................................................................................................................................................................................................................................................................................................................................................................................................................................................................................................................................................................................................................................................................................................................................................................................................................................................................................................................................................................................................................................................................................................................................................................................................................................................................................................................................................................................................................................................................................................................................................................................................................................................................................................................................................................................................................................................................................................................................................................................................................................................................................................................................................................................................................................................................................................................................................................................................................................................................................................................................................................................................................................................................................................................................................................................................................................................................................................................................................................................................................................................................................................................................................................................................................................................................................................................................................................................................................................................................................................................................................................................................................................................................................................................................................................................................................................................................................................................................................................................................................................................................................................................................................................................................................................................................................................................................................................................................................................................................................................................................................................................................................................................................................................................................................................................................................................................................................................................................................................................................................................................................................................................................................................................................................................................................................................................................................................................................................................................................................................................................................................................................................................................................................................................................................................................................................................................................................................................................................................................................................................................................................................................................................................................................................................................................................................................................................................................................................................................................................................................................................................................................................................................................................................................................................................................................................................................................................................................................................................................................................................................................................................................................................................................................................................................................................................................................................................................................................................................................................................................................................................................................................................................................................................................................................................................................................................................................................................................................................2 ms. Memory: 129024K Free: 81046K (63%)
2 ms. Memory: 129024K Free: 80518K (62%)
2 ms. Memory: 129024K Free: 79494K (62%)
5 ms. Memory: 129024K Free: 78996K (61%)
8 ms. Memory: 129024K Free: 78468K (61%)
/home/travis/build/icyphy/ptII/ptolemy/actor/lib/test/IIR.tcl
/home/travis/build/icyphy/ptII/ptolemy/actor/lib/test/Interpolator.tcl
7 ms. Memory: 129024K Free: 74902K (58%)
2 ms. Memory: 129024K Free: 74388K (58%)
3 ms. Memory: 129024K Free: 73334K (57%)
2 ms. Memory: 129024K Free: 72854K (56%)
3 ms. Memory: 129024K Free: 71830K (56%)
2 ms. Memory: 129024K Free: 71310K (55%)
3 ms. Memory: 129024K Free: 70278K (54%)
1 ms. Memory: 129024K Free: 69238K (54%)
2 ms. Memory: 129024K Free: 68758K (53%)
2 ms. Memory: 129024K Free: 67734K (52%)
/home/travis/build/icyphy/ptII/ptolemy/actor/lib/test/MathFunction.tcl
4 ms. Memory: 129024K Free: 65686K (51%)
2 ms. Memory: 129024K Free: 64662K (50%)
2 ms. Memory: 129024K Free: 63638K (49%)
2 ms. Memory: 129024K Free: 62614K (49%)
3 ms. Memory: 129024K Free: 61070K (47%)
10 ms. Memory: 129024K Free: 59542K (46%)
/home/travis/build/icyphy/ptII/ptolemy/actor/lib/test/Maximum.tcl
4 ms. Memory: 129024K Free: 57494K (45%)
3 ms. Memory: 129024K Free: 56974K (44%)
2 ms. Memory: 129024K Free: 55950K (43%)
3 ms. Memory: 129024K Free: 55446K (43%)
/home/travis/build/icyphy/ptII/ptolemy/actor/lib/test/Minimum.tcl
4 ms. Memory: 129024K Free: 53878K (42%)
10 ms. Memory: 129024K Free: 52884K (41%)
2 ms. Memory: 129024K Free: 52374K (41%)
14 ms. Memory: 129024K Free: 51830K (40%)
/home/travis/build/icyphy/ptII/ptolemy/actor/lib/test/MultiplyDivide.tcl
10 ms. Memory: 129024K Free: 49806K (39%)
3 ms. Memory: 129024K Free: 49302K (38%)
19 ms. Memory: 129024K Free: 48278K (37%)
4 ms. Memory: 129024K Free: 47750K (37%)
2 ms. Memory: 129024K Free: 47254K (37%)
/home/travis/build/icyphy/ptII/ptolemy/actor/lib/test/OrderedMerge.tcl
Connections changed on port: inputA
Connections changed on port: inputB
Connections changed on port: output
Connections changed on port: output
Connections changed on port: output
Connections changed on port: input
.top. Preinitializing ...
Invoking preinitialize():  .top.OrderedMerge
Called preinitialize()
Invoking preinitialize():  .top.Ramp
Called preinitialize()
Invoking preinitialize():  .top.Ramp2
Called preinitialize()
Invoking preinitialize():  .top.Test
Called preinitialize()
Connections changed on port: inputA
Connections changed on port: output
Connections changed on port: output
Connections changed on port: input
Connections changed on port: inputB
Connections changed on port: output
.top. Finished preinitialize().
Called initialize().
Invoking initialize():  .top.OrderedMerge
Initializing actor: .top.OrderedMerge
Adding a thread: .top.OrderedMerge
Invoking initialize():  .top.Ramp
Initializing actor: .top.Ramp
Adding a thread: .top.Ramp
Invoking initialize():  .top.Ramp2
Initializing actor: .top.Ramp2
Adding a thread: .top.Ramp2
Invoking initialize():  .top.Test
Initializing actor: .top.Test
Adding a thread: .top.Test
-- Starting thread.
Called initialize()
Called fire().
Checking for deadlock:
Called prefire()
Called fire()
-- Starting thread.
Called initialize()
Called prefire()
-- Starting thread.
Called initialize()
Called prefire()
Called fire()
-- Starting thread.
Called initialize()
Called fire()
Called prefire()
Called fire()
There are 0 Blocked actors, 0 Stopped actors, and 4 active threads.
Waiting for actors to stop.
Called postfire()
Called prefire()
Called fire()
Checking for deadlock:
There are 1 Blocked actors, 0 Stopped actors, and 4 active threads.
Waiting for actors to stop.
Called postfire()
Called prefire()
Called fire()
Checking for deadlock:
There are 2 Blocked actors, 0 Stopped actors, and 4 active threads.
Waiting for actors to stop.
Called postfire()
Called prefire()
Called fire()
Checking for deadlock:
Read input token from inputA with value 0.0
Next port to read input from is inputB
Called postfire()
Called prefire()
Called fire()
There are 3 Blocked actors, 0 Stopped actors, and 4 active threads.
Waiting for actors to stop.
Called postfire()
Called prefire()
Called fire()
Read input token from inputB with value 0.0
Sent output token with value 0.0
Next port to read input from is inputA
Called postfire()
Called prefire()
Called fire()
Read input token from inputA with value 1.0
Checking for deadlock:
There are 2 Blocked actors, 0 Stopped actors, and 4 active threads.
Waiting for actors to stop.
Called postfire()
Called prefire()
Called fire()
Checking for deadlock:
There are 2 Blocked actors, 0 Stopped actors, and 4 active threads.
Waiting for actors to stop.
Sent output token with value 0.0
-- Read input: 0.0, which is expected to match: 0.0
Next port to read input from is inputB
Called postfire()
Called prefire()
Called prefire()
Called fire()
Called fire()
Checking for deadlock:
-- Read input: 0.0, which is expected to match: 0.0
Called prefire()
Called fire()
There are 1 Blocked actors, 0 Stopped actors, and 4 active threads.
Waiting for actors to stop.
Read input token from inputB with value 1.5
Sent output token with value 1.0
Next port to read input from is inputA
Called postfire()
Called prefire()
Called fire()
Read input token from inputA with value 2.0
-- Read input: 1.0, which is expected to match: 1.0
Called prefire()
Called fire()
Called postfire()
Called prefire()
Called fire()
Called postfire()
Called prefire()
Called fire()
Sent output token with value 1.5
Next port to read input from is inputB
Called postfire()
Called prefire()
Called fire()
Read input token from inputB with value 3.0
Checking for deadlock:
There are 2 Blocked actors, 0 Stopped actors, and 4 active threads.
Waiting for actors to stop.
-- Read input: 1.5, which is expected to match: 1.5
Called prefire()
Called fire()
Called postfire()
Called prefire()
Called fire()
Checking for deadlock:
There are 3 Blocked actors, 0 Stopped actors, and 4 active threads.
Waiting for actors to stop.
Sent output token with value 2.0
Next port to read input from is inputA
Called postfire()
Called prefire()
Called fire()
Read input token from inputA with value 3.0
Checking for deadlock:
There are 2 Blocked actors, 0 Stopped actors, and 4 active threads.
Waiting for actors to stop.
-- Read input: 2.0, which is expected to match: 2.0
Called prefire()
Called fire()
Checking for deadlock:
There are 2 Blocked actors, 0 Stopped actors, and 4 active threads.
Waiting for actors to stop.
Sent output token with value 3.0
Called postfire()
Called prefire()
Called fire()
Next port to read input from is inputB
Called postfire()
Called prefire()
Called fire()
Read input token from inputB with value 4.5
Checking for deadlock:
There are 2 Blocked actors, 0 Stopped actors, and 4 active threads.
Waiting for actors to stop.
-- Read input: 3.0, which is expected to match: 3.0
Called prefire()
Called fire()
Checking for deadlock:
There are 2 Blocked actors, 0 Stopped actors, and 4 active threads.
Waiting for actors to stop.
Called postfire()
Called prefire()
Called fire()
Sent output token with value 3.0
Next port to read input from is inputA
Called postfire()
Called prefire()
Called fire()
Read input token from inputA with value 4.0
-- Read input: 3.0, which is expected to match: 3.0
Called prefire()
Called fire()
Checking for deadlock:
There are 2 Blocked actors, 0 Stopped actors, and 4 active threads.
Waiting for actors to stop.
Called postfire()
Called prefire()
Called fire()
Sent output token with value 4.0
Next port to read input from is inputA
Called postfire()
Called prefire()
Called fire()
Read input token from inputA with value 5.0
Checking for deadlock:
There are 2 Blocked actors, 0 Stopped actors, and 4 active threads.
Waiting for actors to stop.
-- Read input: 4.0, which is expected to match: 4.0
Called postfire()
Called prefire()
Called prefire()
Called fire()
Called fire()
Past the end of training data. Read and discard all inputs.
Checking for deadlock:
There are 3 Blocked actors, 0 Stopped actors, and 4 active threads.
Waiting for actors to stop.
Sent output token with value 4.5
Next port to read input from is inputB
Called postfire()
Called prefire()
Called fire()
Read input token from inputB with value 6.0
Checking for deadlock:
There are 2 Blocked actors, 0 Stopped actors, and 4 active threads.
Waiting for actors to stop.
Called postfire()
Called prefire()
Called fire()
Past the end of training data. Read and discard all inputs.
Called prefire()
Checking for deadlock:
Called fire()
There are 2 Blocked actors, 0 Stopped actors, and 4 active threads.
Waiting for actors to stop.
Sent output token with value 5.0
Next port to read input from is inputA
Called postfire()
Called prefire()
Called fire()
Read input token from inputA with value 6.0
Checking for deadlock:
There are 2 Blocked actors, 0 Stopped actors, and 4 active threads.
Waiting for actors to stop.
Called prefire()
Called fire()
Called postfire()
Past the end of training data. Read and discard all inputs.
Called prefire()
Called fire()
Checking for deadlock:
There are 3 Blocked actors, 0 Stopped actors, and 4 active threads.
Waiting for actors to stop.
Sent output token with value 6.0
Next port to read input from is inputB
Called postfire()
Called prefire()
Called fire()
Read input token from inputB with value 7.5
Checking for deadlock:
There are 2 Blocked actors, 0 Stopped actors, and 4 active threads.
Waiting for actors to stop.
Called postfire()
Called prefire()
Called fire()
Called prefire()
Called fire()
Past the end of training data. Read and discard all inputs.
Checking for deadlock:
There are 1 Blocked actors, 0 Stopped actors, and 4 active threads.
Waiting for actors to stop.
Sent output token with value 6.0
Next port to read input from is inputA
Called postfire()
Called prefire()
Called fire()
Read input token from inputA with value 7.0
Called prefire()
Called fire()
Past the end of training data. Read and discard all inputs.
Sent output token with value 7.0
Next port to read input from is inputA
Called postfire()
Called prefire()
Called fire()
Checking for deadlock:
There are 2 Blocked actors, 0 Stopped actors, and 4 active threads.
Waiting for actors to stop.
Called postfire()
Called prefire()
Called fire()
Called prefire()
Called fire()
Past the end of training data. Read and discard all inputs.
Checking for deadlock:
There are 3 Blocked actors, 0 Stopped actors, and 4 active threads.
Waiting for actors to stop.
Checking for deadlock:
There are 2 Blocked actors, 0 Stopped actors, and 4 active threads.
Waiting for actors to stop.
-- Thread wrapup() called.
Called wrapup()
Thread .top.Ramp is exiting.
-- Thread stopped.
Checking for deadlock:
There are 2 Blocked actors, 0 Stopped actors, and 3 active threads.
Waiting for actors to stop.
Read input token from inputA with value 8.0
Checking for deadlock:
There are 1 Blocked actors, 0 Stopped actors, and 3 active threads.
Waiting for actors to stop.
Called prefire()
Called fire()
Past the end of training data. Read and discard all inputs.
Checking for deadlock:
There are 2 Blocked actors, 0 Stopped actors, and 3 active threads.
Waiting for actors to stop.
Sent output token with value 7.5
Next port to read input from is inputB
Called postfire()
Called prefire()
Called fire()
Read input token from inputB with value 9.0
Sent output token with value 8.0
Next port to read input from is inputA
Called postfire()
Called prefire()
Called fire()
Read input token from inputA with value 9.0
Called prefire()
Called postfire()
Called fire()
Called prefire()
Past the end of training data. Read and discard all inputs.
Called fire()
Checking for deadlock:
There are 2 Blocked actors, 0 Stopped actors, and 3 active threads.
Waiting for actors to stop.
Called prefire()
Called fire()
Past the end of training data. Read and discard all inputs.
Checking for deadlock:
There are 2 Blocked actors, 0 Stopped actors, and 3 active threads.
Waiting for actors to stop.
Sent output token with value 9.0
Next port to read input from is inputB
Called postfire()
Called prefire()
Called fire()
Checking for deadlock:
There are 1 Blocked actors, 0 Stopped actors, and 3 active threads.
Waiting for actors to stop.
Called postfire()
Called prefire()
Called fire()
Read input token from inputB with value 10.5
Checking for deadlock:
There are 2 Blocked actors, 0 Stopped actors, and 3 active threads.
Waiting for actors to stop.
Checking for deadlock:
There are 1 Blocked actors, 0 Stopped actors, and 3 active threads.
Waiting for actors to stop.
Called prefire()
Called fire()
Past the end of training data. Read and discard all inputs.
Checking for deadlock:
There are 2 Blocked actors, 0 Stopped actors, and 3 active threads.
Waiting for actors to stop.
Sent output token with value 9.0
Next port to read input from is inputA
Called postfire()
Called prefire()
Called fire()
Checking for deadlock:
There are 3 Blocked actors, 0 Stopped actors, and 3 active threads.
Actors have stopped.
Checking for deadlock:
There are 3 Blocked actors, 0 Stopped actors, and 3 active threads.
Deadlock detected.
Resolving Deadlock
Checking for deadlock:
There are 3 Blocked actors, 0 Stopped actors, and 3 active threads.
Artificial Deadlock - increasing queue capacity.
increasing the capacity of receiver ptolemy.actor.TypedIOPort {.top.OrderedMerge.inputB} to 2
Director: Called postfire().
Called postfire().
_stopRequested = false
_stopFireRequested = false
Returning from postfire(): true
Called fire().
Checking for deadlock:
There are 2 Blocked actors, 0 Stopped actors, and 3 active threads.
Waiting for actors to stop.
-- Thread wrapup() called.
Called wrapup()
Thread .top.Ramp2 is exiting.
-- Thread stopped.
Checking for deadlock:
There are 2 Blocked actors, 0 Stopped actors, and 2 active threads.
Actors have stopped.
Checking for deadlock:
There are 2 Blocked actors, 0 Stopped actors, and 2 active threads.
Deadlock detected.
Resolving Deadlock
Checking for deadlock:
There are 2 Blocked actors, 0 Stopped actors, and 2 active threads.
Deadlock detected: no processes blocked on write, but some are blocked on read.
Called postfire().
_stopRequested = false
_stopFireRequested = false
Returning from postfire(): false
Finished deactivating branches.
Called wrapup().
-- Thread wrapup() called.
Called wrapup()
Thread .top.Test is exiting.
-- Thread stopped.
-- Blocked Receiver call threw TerminateProcessException.
-- Thread wrapup() called.
Called wrapup()
Thread .top.OrderedMerge is exiting.
-- Thread stopped.
-- Blocked Receiver call threw TerminateProcessException.
87 ms. Memory: 129024K Free: 108690K (84%)
.top. Preinitializing ...
Invoking preinitialize():  .top.OrderedMerge
Called preinitialize()
Invoking preinitialize():  .top.Ramp
Called preinitialize()
Invoking preinitialize():  .top.Ramp2
Called preinitialize()
Invoking preinitialize():  .top.Test
Called preinitialize()
.top. Finished preinitialize().
Called initialize().
Invoking initialize():  .top.OrderedMerge
Initializing actor: .top.OrderedMerge
Adding a thread: .top.OrderedMerge
Invoking initialize():  .top.Ramp
Initializing actor: .top.Ramp
Adding a thread: .top.Ramp
Invoking initialize():  .top.Ramp2
Initializing actor: .top.Ramp2
Adding a thread: .top.Ramp2
Invoking initialize():  .top.Test
Initializing actor: .top.Test
Adding a thread: .top.Test
-- Starting thread.
Called initialize()
Called prefire()
Called fire()
-- Starting thread.
Called initialize()
Called prefire()
Called fire()
Called postfire()
Called prefire()
Called fire()
-- Starting thread.
Called initialize()
Called prefire()
Called fire()
Called postfire()
Called prefire()
Called fire()
Called fire().
Checking for deadlock:
There are 3 Blocked actors, 0 Stopped actors, and 4 active threads.
Waiting for actors to stop.
-- Starting thread.
Called initialize()
Called prefire()
Called fire()
Called postfire()
Called prefire()
Called fire()
Read input token from inputA with value 0.0
Checking for deadlock:
Next port to read input from is inputB
Called postfire()
There are 3 Blocked actors, 0 Stopped actors, and 4 active threads.
Called prefire()
Waiting for actors to stop.
Called fire()
Called postfire()
Called prefire()
Called fire()
Checking for deadlock:
There are 3 Blocked actors, 0 Stopped actors, and 4 active threads.
Waiting for actors to stop.
Read input token from inputB with value 0.0
Checking for deadlock:
Sent output token with value 0.0
There are 2 Blocked actors, 0 Stopped actors, and 4 active threads.
Waiting for actors to stop.
-- Read input: 0.0, which is expected to match: 0.0
Called prefire()
Called fire()
Checking for deadlock:
There are 3 Blocked actors, 0 Stopped actors, and 4 active threads.
Waiting for actors to stop.
Next port to read input from is inputA
Called postfire()
Called prefire()
Called fire()
Called postfire()
Called prefire()
Called fire()
Read input token from inputA with value 1.0
Checking for deadlock:
There are 3 Blocked actors, 0 Stopped actors, and 4 active threads.
Waiting for actors to stop.
Checking for deadlock:
There are 2 Blocked actors, 0 Stopped actors, and 4 active threads.
Waiting for actors to stop.
-- Read input: 0.0, which is expected to match: 0.0
Called prefire()
Called fire()
Checking for deadlock:
Sent output token with value 0.0
There are 3 Blocked actors, 0 Stopped actors, and 4 active threads.
Waiting for actors to stop.
Next port to read input from is inputB
Called postfire()
Called prefire()
Called fire()
Checking for deadlock:
There are 2 Blocked actors, 0 Stopped actors, and 4 active threads.
Waiting for actors to stop.
Called postfire()
Called prefire()
Called fire()
Read input token from inputB with value 1.5
Checking for deadlock:
There are 2 Blocked actors, 0 Stopped actors, and 4 active threads.
Waiting for actors to stop.
Sent output token with value 1.0
-- Read input: 1.0, which is expected to match: 1.0
Called prefire()
Called fire()
Checking for deadlock:
There are 3 Blocked actors, 0 Stopped actors, and 4 active threads.
Waiting for actors to stop.
Next port to read input from is inputA
Called postfire()
Called prefire()
Called fire()
Called postfire()
Called prefire()
Called fire()
Checking for deadlock:
There are 3 Blocked actors, 0 Stopped actors, and 4 active threads.
Waiting for actors to stop.
Read input token from inputA with value 2.0
Checking for deadlock:
There are 2 Blocked actors, 0 Stopped actors, and 4 active threads.
Waiting for actors to stop.
-- Read input: 1.5, which is expected to match: 1.5
Called prefire()
Called fire()
Checking for deadlock:
There are 3 Blocked actors, 0 Stopped actors, and 4 active threads.
Waiting for actors to stop.
Sent output token with value 1.5
Next port to read input from is inputB
Called postfire()
Called prefire()
Called fire()
Checking for deadlock:
Read input token from inputB with value 3.0
There are 2 Blocked actors, 0 Stopped actors, and 4 active threads.
Waiting for actors to stop.
Called postfire()
Called prefire()
Called fire()
Checking for deadlock:
There are 2 Blocked actors, 0 Stopped actors, and 4 active threads.
Waiting for actors to stop.
Sent output token with value 2.0
-- Read input: 2.0, which is expected to match: 2.0
Called prefire()
Called fire()
Checking for deadlock:
There are 3 Blocked actors, 0 Stopped actors, and 4 active threads.
Waiting for actors to stop.
Next port to read input from is inputA
Called postfire()
Called prefire()
Called fire()
Checking for deadlock:
There are 2 Blocked actors, 0 Stopped actors, and 4 active threads.
Waiting for actors to stop.
Called postfire()
Called prefire()
Called fire()
Checking for deadlock:
There are 3 Blocked actors, 0 Stopped actors, and 4 active threads.
Waiting for actors to stop.
Read input token from inputA with value 3.0
Checking for deadlock:
There are 2 Blocked actors, 0 Stopped actors, and 4 active threads.
Waiting for actors to stop.
Sent output token with value 3.0
-- Read input: 3.0, which is expected to match: 3.0
Next port to read input from is inputB
Called postfire()
Called prefire()
Called prefire()
Called fire()
Called fire()
Checking for deadlock:
There are 3 Blocked actors, 0 Stopped actors, and 4 active threads.
Waiting for actors to stop.
Checking for deadlock:
Read input token from inputB with value 4.5
There are 2 Blocked actors, 0 Stopped actors, and 4 active threads.
Waiting for actors to stop.
Called postfire()
Called prefire()
Called fire()
Checking for deadlock:
There are 3 Blocked actors, 0 Stopped actors, and 4 active threads.
Waiting for actors to stop.
Checking for deadlock:
There are 2 Blocked actors, 0 Stopped actors, and 4 active threads.
Waiting for actors to stop.
Sent output token with value 3.0
-- Read input: 3.0, which is expected to match: 3.0
Called prefire()
Called fire()
Next port to read input from is inputA
Checking for deadlock:
There are 3 Blocked actors, 0 Stopped actors, and 4 active threads.
Waiting for actors to stop.
Called postfire()
Called prefire()
Called fire()
Checking for deadlock:
There are 2 Blocked actors, 0 Stopped actors, and 4 active threads.
Waiting for actors to stop.
Called postfire()
Called prefire()
Read input token from inputA with value 4.0
Called fire()
Checking for deadlock:
There are 2 Blocked actors, 0 Stopped actors, and 4 active threads.
Waiting for actors to stop.
-- Read input: 4.0, which is expected to match: 4.0
Called prefire()
Called fire()
Past the end of training data. Read and discard all inputs.
Checking for deadlock:
There are 3 Blocked actors, 0 Stopped actors, and 4 active threads.
Waiting for actors to stop.
Sent output token with value 4.0
Next port to read input from is inputA
Called postfire()
Called prefire()
Called fire()
Checking for deadlock:
There are 2 Blocked actors, 0 Stopped actors, and 4 active threads.
Waiting for actors to stop.
Called postfire()
Read input token from inputA with value 5.0
Called prefire()
Called fire()
Checking for deadlock:
There are 2 Blocked actors, 0 Stopped actors, and 4 active threads.
Waiting for actors to stop.
Called prefire()
Called fire()
Past the end of training data. Read and discard all inputs.
Checking for deadlock:
There are 3 Blocked actors, 0 Stopped actors, and 4 active threads.
Waiting for actors to stop.
Sent output token with value 4.5
Next port to read input from is inputB
Called postfire()
Called prefire()
Called fire()
Called postfire()
Called prefire()
Called fire()
Checking for deadlock:
There are 3 Blocked actors, 0 Stopped actors, and 4 active threads.
Waiting for actors to stop.
Read input token from inputB with value 6.0
Called prefire()
Called fire()
Past the end of training data. Read and discard all inputs.
Checking for deadlock:
There are 3 Blocked actors, 0 Stopped actors, and 4 active threads.
Waiting for actors to stop.
Sent output token with value 5.0
Next port to read input from is inputA
Called postfire()
Called prefire()
Called fire()
Called postfire()
Read input token from inputA with value 6.0
Checking for deadlock:
There are 2 Blocked actors, 0 Stopped actors, and 4 active threads.
Waiting for actors to stop.
Called prefire()
Called fire()
Sent output token with value 6.0
Next port to read input from is inputB
Called postfire()
Called prefire()
Called fire()
Read input token from inputB with value 7.5
Called prefire()
Checking for deadlock:
Called fire()
There are 1 Blocked actors, 0 Stopped actors, and 4 active threads.
Past the end of training data. Read and discard all inputs.
Waiting for actors to stop.
Called postfire()
Called prefire()
Called fire()
Sent output token with value 6.0
Next port to read input from is inputA
Called postfire()
Called prefire()
Called fire()
Read input token from inputA with value 7.0
Checking for deadlock:
There are 2 Blocked actors, 0 Stopped actors, and 4 active threads.
Waiting for actors to stop.
Called postfire()
Called prefire()
Called fire()
Called prefire()
Called fire()
Past the end of training data. Read and discard all inputs.
Checking for deadlock:
There are 3 Blocked actors, 0 Stopped actors, and 4 active threads.
Waiting for actors to stop.
Sent output token with value 7.0
Next port to read input from is inputA
Called postfire()
Called prefire()
Called fire()
Read input token from inputA with value 8.0
-- Thread wrapup() called.
Called wrapup()
Thread .top.Ramp is exiting.
-- Thread stopped.
Checking for deadlock:
There are 2 Blocked actors, 0 Stopped actors, and 3 active threads.
Waiting for actors to stop.
Called prefire()
Called fire()
Past the end of training data. Read and discard all inputs.
Sent output token with value 7.5
Next port to read input from is inputB
Called postfire()
Called prefire()
Called fire()
Read input token from inputB with value 9.0
Checking for deadlock:
There are 1 Blocked actors, 0 Stopped actors, and 3 active threads.
Waiting for actors to stop.
Called postfire()
Called prefire()
Called fire()
Called prefire()
Called fire()
Past the end of training data. Read and discard all inputs.
Checking for deadlock:
There are 2 Blocked actors, 0 Stopped actors, and 3 active threads.
Waiting for actors to stop.
Sent output token with value 8.0
Next port to read input from is inputA
Called postfire()
Called prefire()
Called fire()
Read input token from inputA with value 9.0
Called prefire()
Called fire()
Past the end of training data. Read and discard all inputs.
Checking for deadlock:
There are 2 Blocked actors, 0 Stopped actors, and 3 active threads.
Waiting for actors to stop.
Called prefire()
Called fire()
Past the end of training data. Read and discard all inputs.
Checking for deadlock:
There are 2 Blocked actors, 0 Stopped actors, and 3 active threads.
Waiting for actors to stop.
Sent output token with value 9.0
Next port to read input from is inputB
Called postfire()
Called prefire()
Called fire()
Called postfire()
Called prefire()
Called fire()
Checking for deadlock:
There are 2 Blocked actors, 0 Stopped actors, and 3 active threads.
Waiting for actors to stop.
Read input token from inputB with value 10.5
Called prefire()
Called fire()
Past the end of training data. Read and discard all inputs.
Checking for deadlock:
There are 2 Blocked actors, 0 Stopped actors, and 3 active threads.
Waiting for actors to stop.
Sent output token with value 9.0
Next port to read input from is inputA
Called postfire()
Called prefire()
Called fire()
Checking for deadlock:
There are 3 Blocked actors, 0 Stopped actors, and 3 active threads.
Actors have stopped.
Checking for deadlock:
There are 3 Blocked actors, 0 Stopped actors, and 3 active threads.
Deadlock detected.
Resolving Deadlock
Checking for deadlock:
There are 3 Blocked actors, 0 Stopped actors, and 3 active threads.
Artificial Deadlock - increasing queue capacity.
increasing the capacity of receiver ptolemy.actor.TypedIOPort {.top.OrderedMerge.inputB} to 2
Director: Called postfire().
Called postfire().
_stopRequested = false
_stopFireRequested = false
Returning from postfire(): true
Called fire().
Checking for deadlock:
There are 2 Blocked actors, 0 Stopped actors, and 3 active threads.
Waiting for actors to stop.
-- Thread wrapup() called.
Called wrapup()
Thread .top.Ramp2 is exiting.
-- Thread stopped.
Checking for deadlock:
There are 2 Blocked actors, 0 Stopped actors, and 2 active threads.
Actors have stopped.
Checking for deadlock:
There are 2 Blocked actors, 0 Stopped actors, and 2 active threads.
Deadlock detected.
Resolving Deadlock
Checking for deadlock:
There are 2 Blocked actors, 0 Stopped actors, and 2 active threads.
Deadlock detected: no processes blocked on write, but some are blocked on read.
Called postfire().
_stopRequested = false
_stopFireRequested = false
Returning from postfire(): false
Finished deactivating branches.
Called wrapup().
-- Thread wrapup() called.
Called wrapup()
-- Thread wrapup() called.
Called wrapup()
Thread .top.Test is exiting.
-- Thread stopped.
-- Blocked Receiver call threw TerminateProcessException.
Thread .top.OrderedMerge is exiting.
-- Thread stopped.
-- Blocked Receiver call threw TerminateProcessException.
76 ms. Memory: 129024K Free: 106128K (82%)
/home/travis/build/icyphy/ptII/ptolemy/actor/lib/test/Publisher.tcl
12 ms. Memory: 129024K Free: 99984K (77%)
6 ms. Memory: 129024K Free: 94834K (74%)
6 ms. Memory: 129024K Free: 108769K (84%)
5 ms. Memory: 129024K Free: 107759K (84%)
18 ms. Memory: 129024K Free: 106735K (83%)
7 ms. Memory: 129024K Free: 106225K (82%)
2 ms. Memory: 129024K Free: 105201K (82%)
16 ms. Memory: 129024K Free: 104177K (81%)
20 ms. Memory: 129024K Free: 94447K (73%)
4 ms. Memory: 129024K Free: 90865K (70%)
2 ms. Memory: 129024K Free: 89841K (70%)
3 ms. Memory: 129024K Free: 87793K (68%)
6 ms. Memory: 129024K Free: 80097K (62%)
14 ms. Memory: 129024K Free: 70895K (55%)
6 ms. Memory: 129024K Free: 59121K (46%)
/home/travis/build/icyphy/ptII/ptolemy/actor/lib/test/Pulse.tcl
3 ms. Memory: 155648K Free: 107943K (69%)
1 ms. Memory: 155648K Free: 107439K (69%)
1 ms. Memory: 155648K Free: 106919K (69%)
1 ms. Memory: 155648K Free: 106415K (68%)
1 ms. Memory: 155648K Free: 105901K (68%)
5 ms. Memory: 155648K Free: 104367K (67%)
3 ms. Memory: 155648K Free: 103839K (67%)
1 ms. Memory: 155648K Free: 102815K (66%)
2 ms. Memory: 155648K Free: 102319K (66%)
/home/travis/build/icyphy/ptII/ptolemy/actor/lib/test/Ramp.tcl
2 ms. Memory: 155648K Free: 100271K (64%)
1 ms. Memory: 155648K Free: 99743K (64%)
2 ms. Memory: 155648K Free: 98719K (63%)
2 ms. Memory: 155648K Free: 98223K (63%)
3 ms. Memory: 155648K Free: 97199K (62%)
5 ms. Memory: 155648K Free: 96175K (62%)
6 ms. Memory: 155648K Free: 95647K (61%)
5 actors
5000 microseconds per iteration to create
4 ms. Memory: 155648K Free: 92589K (59%)
2 ms. Memory: 155648K Free: 92079K (59%)
2 ms. Memory: 155648K Free: 91535K (59%)
2 ms. Memory: 155648K Free: 91055K (59%)
50 actors
29000 microseconds per iteration to create
23 ms. Memory: 155648K Free: 75181K (48%)
7 ms. Memory: 155648K Free: 74143K (48%)
13 ms. Memory: 155648K Free: 73063K (47%)
5 ms. Memory: 155648K Free: 72109K (46%)
500 actors
1396000 microseconds per iteration to create
300 ms. Memory: 155648K Free: 58340K (37%)
66 ms. Memory: 155648K Free: 129914K (83%)
49 ms. Memory: 155648K Free: 124794K (80%)
33 ms. Memory: 155648K Free: 119160K (77%)
/home/travis/build/icyphy/ptII/ptolemy/actor/lib/test/RampContinuous.tcl
9 ms. Memory: 155648K Free: 118119K (76%)
/home/travis/build/icyphy/ptII/ptolemy/actor/lib/test/RecordAssembler.tcl
6 ms. Memory: 155648K Free: 116602K (75%)
4 ms. Memory: 155648K Free: 115578K (74%)
/home/travis/build/icyphy/ptII/ptolemy/actor/lib/test/RecordDisassembler.tcl
14 ms. Memory: 155648K Free: 113530K (73%)
2 ms. Memory: 155648K Free: 113016K (73%)
7 ms. Memory: 155648K Free: 111482K (72%)
/home/travis/build/icyphy/ptII/ptolemy/actor/lib/test/Scale.tcl
3 ms. Memory: 155648K Free: 109913K (71%)
1 ms. Memory: 155648K Free: 108905K (70%)
1 ms. Memory: 155648K Free: 108410K (70%)
2 ms. Memory: 155648K Free: 107386K (69%)
8 ms. Memory: 155648K Free: 106857K (69%)
/home/travis/build/icyphy/ptII/ptolemy/actor/lib/test/SequentialClock.tcl
preinitializing
resolving types
initializing
executing number 1
wrapping up
idle
4 ms. Memory: 155648K Free: 105338K (68%)
Completed execution with 5 iterations
preinitializing
resolving types
initializing
executing number 1
wrapping up
idle
2 ms. Memory: 155648K Free: 104809K (67%)
Completed execution with 5 iterations
preinitializing
resolving types
initializing
executing number 1
wrapping up
idle
2 ms. Memory: 155648K Free: 104314K (67%)
Completed execution with 5 iterations
/home/travis/build/icyphy/ptII/ptolemy/actor/lib/test/SetVariable.tcl
6 ms. Memory: 155648K Free: 102266K (66%)
/home/travis/build/icyphy/ptII/ptolemy/actor/lib/test/Sinewave.tcl
/home/travis/build/icyphy/ptII/ptolemy/actor/lib/test/SubscriptionAggregator.tcl
5 ms. Memory: 155648K Free: 91002K (58%)
5 ms. Memory: 155648K Free: 90481K (58%)
2 ms. Memory: 155648K Free: 89978K (58%)
1 ms. Memory: 155648K Free: 89449K (57%)
1 ms. Memory: 155648K Free: 85882K (55%)
8 ms. Memory: 155648K Free: 83834K (54%)
...............................................................995 ms. Memory: 272384K Free: 169532K (62%)
/home/travis/build/icyphy/ptII/ptolemy/actor/lib/test/Test.tcl
 The next command will produce a warning about training mode,
   which may be ignored.
5 ms. Memory: 272384K Free: 167486K (61%)
3 ms. Memory: 272384K Free: 166462K (61%)
2 ms. Memory: 272384K Free: 165942K (61%)
1 ms. Memory: 272384K Free: 165438K (61%)
2 ms. Memory: 272384K Free: 164924K (61%)
3 ms. Memory: 272384K Free: 163390K (60%)
4 ms. Memory: 272384K Free: 162366K (60%)
 The next command will produce a warning about training mode,
   which may be ignored.
5 ms. Memory: 272384K Free: 159790K (59%)
 The next command will produce a warning about training mode,
   which may be ignored.
3 ms. Memory: 272384K Free: 158766K (58%)
1 ms. Memory: 272384K Free: 158270K (58%)
1 ms. Memory: 272384K Free: 157742K (58%)
2 ms. Memory: 272384K Free: 157246K (58%)
6 ms. Memory: 272384K Free: 156222K (57%)
3 ms. Memory: 272384K Free: 152622K (56%)
/home/travis/build/icyphy/ptII/ptolemy/actor/lib/test/TestExceptionHandler.tcl
 The next command will produce a warning about training mode,
   which may be ignored.
3 ms. Memory: 272384K Free: 151102K (55%)
1 ms. Memory: 272384K Free: 150574K (55%)
0 ms. Memory: 272384K Free: 150078K (55%)
/home/travis/build/icyphy/ptII/ptolemy/actor/lib/test/UnionDisassembler.tcl
15 ms. Memory: 272384K Free: 142910K (52%)
/home/travis/build/icyphy/ptII/ptolemy/actor/lib/test/VariableClock.tcl
preinitializing
resolving types
initializing
executing number 1
wrapping up
idle
3 ms. Memory: 272384K Free: 140862K (52%)
Completed execution with 11 iterations
preinitializing
resolving types
initializing
executing number 1
wrapping up
idle
4 ms. Memory: 272384K Free: 139318K (51%)
Completed execution with 10 iterations
09/27/20 03:57:05
Failed: 0  Total Tests: 233  ((Passed: 233, Newly Passed: 0)  Known Failed: 0) /home/travis/build/icyphy/ptII/ptolemy/actor/lib/test
----------------- testing (KnownFailure) /home/travis/build/icyphy/ptII/ptolemy/actor/lib/test/auto/knownFailedTests/PublisherPortToplevelSubscriber.xml
1 ms. Memory: 272384K Free: 136252K (50%)
Known Failure: java.lang.reflect.InvocationTargetException
----------------- testing (KnownFailure) /home/travis/build/icyphy/ptII/ptolemy/actor/lib/test/auto/knownFailedTests/PublisherSubscriberPortToplevel.xml
1 ms. Memory: 272384K Free: 132156K (49%)
Known Failure: java.lang.reflect.InvocationTargetException
----------------- testing (KnownFailure) /home/travis/build/icyphy/ptII/ptolemy/actor/lib/test/auto/knownFailedTests/PublisherSubscriptionAggregatorPort.xml
0 ms. Memory: 272384K Free: 127550K (47%)
Known Failure: java.lang.reflect.InvocationTargetException
----------------- testing (KnownFailure) /home/travis/build/icyphy/ptII/ptolemy/actor/lib/test/auto/knownFailedTests/sizedarray3.xml
3 ms. Memory: 272384K Free: 123454K (45%)
Known Failure: java.lang.reflect.InvocationTargetException
No auto/linux-amd64/*.xml tests in /home/travis/build/icyphy/ptII/ptolemy/actor/lib/test
AutoTests.java: About to close Vertx.
AutoTests.java: Vertx closed.

===========================================================================================
----------------- testing Sun Sep 27 15:57:06 UTC 2020 /home/travis/build/icyphy/ptII/ptolemy/actor/lib/test/auto/AbsoluteValue.xml
----------------- Instantiating /home/travis/build/icyphy/ptII/ptolemy/actor/lib/test/auto/AbsoluteValue.xml
25 ms. Memory: 272384K Free: 101436K (37%)
----------------- Invoking toplevel() on ptolemy.moml.MoMLSimpleApplication@3c2db046
----------------- Done invoking toplevel() on ptolemy.moml.MoMLSimpleApplication@3c2db046
reloadAllAccessors: .AbsoluteValue

===========================================================================================
----------------- testing Sun Sep 27 15:57:06 UTC 2020 /home/travis/build/icyphy/ptII/ptolemy/actor/lib/test/auto/AbsoluteValue2.xml
----------------- Instantiating /home/travis/build/icyphy/ptII/ptolemy/actor/lib/test/auto/AbsoluteValue2.xml
4 ms. Memory: 272384K Free: 94782K (35%)
----------------- Invoking toplevel() on ptolemy.moml.MoMLSimpleApplication@4b5eb459
----------------- Done invoking toplevel() on ptolemy.moml.MoMLSimpleApplication@4b5eb459
reloadAllAccessors: .AbsoluteValue2

===========================================================================================
----------------- testing Sun Sep 27 15:57:06 UTC 2020 /home/travis/build/icyphy/ptII/ptolemy/actor/lib/test/auto/Accumulator.xml
----------------- Instantiating /home/travis/build/icyphy/ptII/ptolemy/actor/lib/test/auto/Accumulator.xml
7 ms. Memory: 272384K Free: 221182K (81%)
----------------- Invoking toplevel() on ptolemy.moml.MoMLSimpleApplication@420b727c
----------------- Done invoking toplevel() on ptolemy.moml.MoMLSimpleApplication@420b727c
reloadAllAccessors: .Accumulator

===========================================================================================
----------------- testing Sun Sep 27 15:57:06 UTC 2020 /home/travis/build/icyphy/ptII/ptolemy/actor/lib/test/auto/Accumulator2.xml
----------------- Instantiating /home/travis/build/icyphy/ptII/ptolemy/actor/lib/test/auto/Accumulator2.xml
3 ms. Memory: 272384K Free: 215552K (79%)
----------------- Invoking toplevel() on ptolemy.moml.MoMLSimpleApplication@214bf465
----------------- Done invoking toplevel() on ptolemy.moml.MoMLSimpleApplication@214bf465
reloadAllAccessors: .Accumulator2

===========================================================================================
----------------- testing Sun Sep 27 15:57:06 UTC 2020 /home/travis/build/icyphy/ptII/ptolemy/actor/lib/test/auto/Accumulator3.xml
----------------- Instantiating /home/travis/build/icyphy/ptII/ptolemy/actor/lib/test/auto/Accumulator3.xml
6 ms. Memory: 272384K Free: 211456K (78%)
----------------- Invoking toplevel() on ptolemy.moml.MoMLSimpleApplication@2e7dcb84
----------------- Done invoking toplevel() on ptolemy.moml.MoMLSimpleApplication@2e7dcb84
reloadAllAccessors: .Accumulator3

===========================================================================================
----------------- testing Sun Sep 27 15:57:06 UTC 2020 /home/travis/build/icyphy/ptII/ptolemy/actor/lib/test/auto/ArrayAppend.xml
----------------- Instantiating /home/travis/build/icyphy/ptII/ptolemy/actor/lib/test/auto/ArrayAppend.xml
9 ms. Memory: 272384K Free: 205312K (75%)
----------------- Invoking toplevel() on ptolemy.moml.MoMLSimpleApplication@c28d1f5
----------------- Done invoking toplevel() on ptolemy.moml.MoMLSimpleApplication@c28d1f5
reloadAllAccessors: .ArrayAppend

===========================================================================================
----------------- testing Sun Sep 27 15:57:06 UTC 2020 /home/travis/build/icyphy/ptII/ptolemy/actor/lib/test/auto/ArrayAppend2.xml
----------------- Instantiating /home/travis/build/icyphy/ptII/ptolemy/actor/lib/test/auto/ArrayAppend2.xml
314 ms. Memory: 272384K Free: 122878K (45%)
----------------- Invoking toplevel() on ptolemy.moml.MoMLSimpleApplication@7205a00b
----------------- Done invoking toplevel() on ptolemy.moml.MoMLSimpleApplication@7205a00b
reloadAllAccessors: .ArrayAppend2

===========================================================================================
----------------- testing Sun Sep 27 15:57:07 UTC 2020 /home/travis/build/icyphy/ptII/ptolemy/actor/lib/test/auto/ArrayAppend3.xml
----------------- Instantiating /home/travis/build/icyphy/ptII/ptolemy/actor/lib/test/auto/ArrayAppend3.xml
6 ms. Memory: 272384K Free: 117248K (43%)
----------------- Invoking toplevel() on ptolemy.moml.MoMLSimpleApplication@867055c
----------------- Done invoking toplevel() on ptolemy.moml.MoMLSimpleApplication@867055c
reloadAllAccessors: .ArrayAppend3

===========================================================================================
----------------- testing Sun Sep 27 15:57:07 UTC 2020 /home/travis/build/icyphy/ptII/ptolemy/actor/lib/test/auto/ArrayAppend4.xml
----------------- Instantiating /home/travis/build/icyphy/ptII/ptolemy/actor/lib/test/auto/ArrayAppend4.xml
2 ms. Memory: 272384K Free: 112638K (41%)
----------------- Invoking toplevel() on ptolemy.moml.MoMLSimpleApplication@5b67bf5b
----------------- Done invoking toplevel() on ptolemy.moml.MoMLSimpleApplication@5b67bf5b
reloadAllAccessors: .ArrayAppend4

===========================================================================================
----------------- testing Sun Sep 27 15:57:07 UTC 2020 /home/travis/build/icyphy/ptII/ptolemy/actor/lib/test/auto/ArrayAppend5.xml
----------------- Instantiating /home/travis/build/icyphy/ptII/ptolemy/actor/lib/test/auto/ArrayAppend5.xml
2 ms. Memory: 272384K Free: 107008K (39%)
----------------- Invoking toplevel() on ptolemy.moml.MoMLSimpleApplication@2a918a6a
----------------- Done invoking toplevel() on ptolemy.moml.MoMLSimpleApplication@2a918a6a
reloadAllAccessors: .ArrayAppend5

===========================================================================================
----------------- testing Sun Sep 27 15:57:07 UTC 2020 /home/travis/build/icyphy/ptII/ptolemy/actor/lib/test/auto/ArrayAppend6.xml
----------------- Instantiating /home/travis/build/icyphy/ptII/ptolemy/actor/lib/test/auto/ArrayAppend6.xml
2 ms. Memory: 272384K Free: 101374K (37%)
----------------- Invoking toplevel() on ptolemy.moml.MoMLSimpleApplication@313c9cd4
----------------- Done invoking toplevel() on ptolemy.moml.MoMLSimpleApplication@313c9cd4
reloadAllAccessors: .ArrayAppend6

===========================================================================================
----------------- testing Sun Sep 27 15:57:07 UTC 2020 /home/travis/build/icyphy/ptII/ptolemy/actor/lib/test/auto/ArrayAppendPerformanceTest.xml
----------------- Instantiating /home/travis/build/icyphy/ptII/ptolemy/actor/lib/test/auto/ArrayAppendPerformanceTest.xml
48 ms. Memory: 272384K Free: 90110K (33%)
----------------- Invoking toplevel() on ptolemy.moml.MoMLSimpleApplication@608b15c2
----------------- Done invoking toplevel() on ptolemy.moml.MoMLSimpleApplication@608b15c2
reloadAllAccessors: .ArrayAppendPerformanceTest

===========================================================================================
----------------- testing Sun Sep 27 15:57:07 UTC 2020 /home/travis/build/icyphy/ptII/ptolemy/actor/lib/test/auto/ArrayAppendWithEmptyInput.xml
----------------- Instantiating /home/travis/build/icyphy/ptII/ptolemy/actor/lib/test/auto/ArrayAppendWithEmptyInput.xml
16 ms. Memory: 272384K Free: 81918K (30%)
----------------- Invoking toplevel() on ptolemy.moml.MoMLSimpleApplication@64914308
----------------- Done invoking toplevel() on ptolemy.moml.MoMLSimpleApplication@64914308
reloadAllAccessors: .ArrayAppendWithEmptyInput

===========================================================================================
----------------- testing Sun Sep 27 15:57:07 UTC 2020 /home/travis/build/icyphy/ptII/ptolemy/actor/lib/test/auto/ArrayAverage.xml
----------------- Instantiating /home/travis/build/icyphy/ptII/ptolemy/actor/lib/test/auto/ArrayAverage.xml
11 ms. Memory: 272384K Free: 217734K (80%)
----------------- Invoking toplevel() on ptolemy.moml.MoMLSimpleApplication@247a18c7
----------------- Done invoking toplevel() on ptolemy.moml.MoMLSimpleApplication@247a18c7
reloadAllAccessors: .ArrayAverage

===========================================================================================
----------------- testing Sun Sep 27 15:57:07 UTC 2020 /home/travis/build/icyphy/ptII/ptolemy/actor/lib/test/auto/ArrayContains.xml
----------------- Instantiating /home/travis/build/icyphy/ptII/ptolemy/actor/lib/test/auto/ArrayContains.xml
10 ms. Memory: 272384K Free: 211590K (78%)
----------------- Invoking toplevel() on ptolemy.moml.MoMLSimpleApplication@2aafdd15
----------------- Done invoking toplevel() on ptolemy.moml.MoMLSimpleApplication@2aafdd15
reloadAllAccessors: .ArrayContains

===========================================================================================
----------------- testing Sun Sep 27 15:57:07 UTC 2020 /home/travis/build/icyphy/ptII/ptolemy/actor/lib/test/auto/ArrayElement.xml
----------------- Instantiating /home/travis/build/icyphy/ptII/ptolemy/actor/lib/test/auto/ArrayElement.xml
8 ms. Memory: 272384K Free: 206439K (76%)
----------------- Invoking toplevel() on ptolemy.moml.MoMLSimpleApplication@4aef3d5d
----------------- Done invoking toplevel() on ptolemy.moml.MoMLSimpleApplication@4aef3d5d
reloadAllAccessors: .ArrayElement

===========================================================================================
----------------- testing Sun Sep 27 15:57:07 UTC 2020 /home/travis/build/icyphy/ptII/ptolemy/actor/lib/test/auto/ArrayElementAsMatrix.xml
----------------- Instantiating /home/travis/build/icyphy/ptII/ptolemy/actor/lib/test/auto/ArrayElementAsMatrix.xml
10 ms. Memory: 272384K Free: 196230K (72%)
----------------- Invoking toplevel() on ptolemy.moml.MoMLSimpleApplication@61209338
----------------- Done invoking toplevel() on ptolemy.moml.MoMLSimpleApplication@61209338
reloadAllAccessors: .ArrayElementAsMatrix

===========================================================================================
----------------- testing Sun Sep 27 15:57:07 UTC 2020 /home/travis/build/icyphy/ptII/ptolemy/actor/lib/test/auto/ArrayElementI.xml
----------------- Instantiating /home/travis/build/icyphy/ptII/ptolemy/actor/lib/test/auto/ArrayElementI.xml
2 ms. Memory: 272384K Free: 191110K (70%)
----------------- Invoking toplevel() on ptolemy.moml.MoMLSimpleApplication@33d98827
----------------- Done invoking toplevel() on ptolemy.moml.MoMLSimpleApplication@33d98827
reloadAllAccessors: .ArrayElementI

===========================================================================================
----------------- testing Sun Sep 27 15:57:07 UTC 2020 /home/travis/build/icyphy/ptII/ptolemy/actor/lib/test/auto/ArrayExtract.xml
----------------- Instantiating /home/travis/build/icyphy/ptII/ptolemy/actor/lib/test/auto/ArrayExtract.xml
5 ms. Memory: 272384K Free: 182408K (67%)
----------------- Invoking toplevel() on ptolemy.moml.MoMLSimpleApplication@775868ce
----------------- Done invoking toplevel() on ptolemy.moml.MoMLSimpleApplication@775868ce
reloadAllAccessors: .ArrayExtract

===========================================================================================
----------------- testing Sun Sep 27 15:57:07 UTC 2020 /home/travis/build/icyphy/ptII/ptolemy/actor/lib/test/auto/ArrayExtract2.xml
----------------- Instantiating /home/travis/build/icyphy/ptII/ptolemy/actor/lib/test/auto/ArrayExtract2.xml
2 ms. Memory: 272384K Free: 177288K (65%)
----------------- Invoking toplevel() on ptolemy.moml.MoMLSimpleApplication@3da80b5b
----------------- Done invoking toplevel() on ptolemy.moml.MoMLSimpleApplication@3da80b5b
reloadAllAccessors: .ArrayExtract2

===========================================================================================
----------------- testing Sun Sep 27 15:57:07 UTC 2020 /home/travis/build/icyphy/ptII/ptolemy/actor/lib/test/auto/ArrayLength.xml
----------------- Instantiating /home/travis/build/icyphy/ptII/ptolemy/actor/lib/test/auto/ArrayLength.xml
2 ms. Memory: 272384K Free: 173192K (64%)
----------------- Invoking toplevel() on ptolemy.moml.MoMLSimpleApplication@69962062
----------------- Done invoking toplevel() on ptolemy.moml.MoMLSimpleApplication@69962062
reloadAllAccessors: .ArrayLength

===========================================================================================
----------------- testing Sun Sep 27 15:57:07 UTC 2020 /home/travis/build/icyphy/ptII/ptolemy/actor/lib/test/auto/ArrayLevelCrossing.xml
----------------- Instantiating /home/travis/build/icyphy/ptII/ptolemy/actor/lib/test/auto/ArrayLevelCrossing.xml
3 ms. Memory: 272384K Free: 165510K (61%)
----------------- Invoking toplevel() on ptolemy.moml.MoMLSimpleApplication@4475bc2
----------------- Done invoking toplevel() on ptolemy.moml.MoMLSimpleApplication@4475bc2
reloadAllAccessors: .ArrayLevelCrossing

===========================================================================================
----------------- testing Sun Sep 27 15:57:07 UTC 2020 /home/travis/build/icyphy/ptII/ptolemy/actor/lib/test/auto/ArrayLevelCrossing2.xml
----------------- Instantiating /home/travis/build/icyphy/ptII/ptolemy/actor/lib/test/auto/ArrayLevelCrossing2.xml
3 ms. Memory: 272384K Free: 158327K (58%)
----------------- Invoking toplevel() on ptolemy.moml.MoMLSimpleApplication@4f593e50
----------------- Done invoking toplevel() on ptolemy.moml.MoMLSimpleApplication@4f593e50
reloadAllAccessors: .ArrayLevelCrossing2

===========================================================================================
----------------- testing Sun Sep 27 15:57:07 UTC 2020 /home/travis/build/icyphy/ptII/ptolemy/actor/lib/test/auto/ArrayPeakSearch.xml
----------------- Instantiating /home/travis/build/icyphy/ptII/ptolemy/actor/lib/test/auto/ArrayPeakSearch.xml
4 ms. Memory: 272384K Free: 149640K (55%)
----------------- Invoking toplevel() on ptolemy.moml.MoMLSimpleApplication@14bb624e
----------------- Done invoking toplevel() on ptolemy.moml.MoMLSimpleApplication@14bb624e
reloadAllAccessors: .ArrayPeakSearch

===========================================================================================
----------------- testing Sun Sep 27 15:57:07 UTC 2020 /home/travis/build/icyphy/ptII/ptolemy/actor/lib/test/auto/ArrayPeakSearch2.xml
----------------- Instantiating /home/travis/build/icyphy/ptII/ptolemy/actor/lib/test/auto/ArrayPeakSearch2.xml
4 ms. Memory: 272384K Free: 138871K (51%)
----------------- Invoking toplevel() on ptolemy.moml.MoMLSimpleApplication@25b02304
----------------- Done invoking toplevel() on ptolemy.moml.MoMLSimpleApplication@25b02304
reloadAllAccessors: .ArrayPeakSearch2

===========================================================================================
----------------- testing Sun Sep 27 15:57:07 UTC 2020 /home/travis/build/icyphy/ptII/ptolemy/actor/lib/test/auto/ArrayPeakSearch3.xml
----------------- Instantiating /home/travis/build/icyphy/ptII/ptolemy/actor/lib/test/auto/ArrayPeakSearch3.xml
6 ms. Memory: 272384K Free: 130184K (48%)
----------------- Invoking toplevel() on ptolemy.moml.MoMLSimpleApplication@4ad101bf
----------------- Done invoking toplevel() on ptolemy.moml.MoMLSimpleApplication@4ad101bf
reloadAllAccessors: .ArrayPeakSearch3

===========================================================================================
----------------- testing Sun Sep 27 15:57:07 UTC 2020 /home/travis/build/icyphy/ptII/ptolemy/actor/lib/test/auto/ArrayRemoveElement.xml
----------------- Instantiating /home/travis/build/icyphy/ptII/ptolemy/actor/lib/test/auto/ArrayRemoveElement.xml
4 ms. Memory: 272384K Free: 121992K (45%)
----------------- Invoking toplevel() on ptolemy.moml.MoMLSimpleApplication@3fc9dbb9
----------------- Done invoking toplevel() on ptolemy.moml.MoMLSimpleApplication@3fc9dbb9
reloadAllAccessors: .ArrayRemoveElement

===========================================================================================
----------------- testing Sun Sep 27 15:57:07 UTC 2020 /home/travis/build/icyphy/ptII/ptolemy/actor/lib/test/auto/ArraySort.xml
----------------- Instantiating /home/travis/build/icyphy/ptII/ptolemy/actor/lib/test/auto/ArraySort.xml
7 ms. Memory: 272384K Free: 113286K (42%)
----------------- Invoking toplevel() on ptolemy.moml.MoMLSimpleApplication@20c9404
----------------- Done invoking toplevel() on ptolemy.moml.MoMLSimpleApplication@20c9404
reloadAllAccessors: .ArraySort

===========================================================================================
----------------- testing Sun Sep 27 15:57:07 UTC 2020 /home/travis/build/icyphy/ptII/ptolemy/actor/lib/test/auto/ArraySum.xml
----------------- Instantiating /home/travis/build/icyphy/ptII/ptolemy/actor/lib/test/auto/ArraySum.xml
8 ms. Memory: 272384K Free: 107656K (40%)
----------------- Invoking toplevel() on ptolemy.moml.MoMLSimpleApplication@7ff6be77
----------------- Done invoking toplevel() on ptolemy.moml.MoMLSimpleApplication@7ff6be77
reloadAllAccessors: .ArraySum

===========================================================================================
----------------- testing Sun Sep 27 15:57:07 UTC 2020 /home/travis/build/icyphy/ptII/ptolemy/actor/lib/test/auto/ArrayToElements.xml
----------------- Instantiating /home/travis/build/icyphy/ptII/ptolemy/actor/lib/test/auto/ArrayToElements.xml
8 ms. Memory: 272384K Free: 102536K (38%)
----------------- Invoking toplevel() on ptolemy.moml.MoMLSimpleApplication@16e7908f
----------------- Done invoking toplevel() on ptolemy.moml.MoMLSimpleApplication@16e7908f
reloadAllAccessors: .ArrayToElements

===========================================================================================
----------------- testing Sun Sep 27 15:57:07 UTC 2020 /home/travis/build/icyphy/ptII/ptolemy/actor/lib/test/auto/ArrayToMatrix.xml
----------------- Instantiating /home/travis/build/icyphy/ptII/ptolemy/actor/lib/test/auto/ArrayToMatrix.xml
25 ms. Memory: 272384K Free: 88200K (32%)
----------------- Invoking toplevel() on ptolemy.moml.MoMLSimpleApplication@11fea895
----------------- Done invoking toplevel() on ptolemy.moml.MoMLSimpleApplication@11fea895
reloadAllAccessors: .ArrayToMatrix

===========================================================================================
----------------- testing Sun Sep 27 15:57:08 UTC 2020 /home/travis/build/icyphy/ptII/ptolemy/actor/lib/test/auto/ArrayUpdate1.xml
----------------- Instantiating /home/travis/build/icyphy/ptII/ptolemy/actor/lib/test/auto/ArrayUpdate1.xml
7 ms. Memory: 272384K Free: 83590K (31%)
----------------- Invoking toplevel() on ptolemy.moml.MoMLSimpleApplication@fb546ec
----------------- Done invoking toplevel() on ptolemy.moml.MoMLSimpleApplication@fb546ec
reloadAllAccessors: .ArrayUpdate1

===========================================================================================
----------------- testing Sun Sep 27 15:57:08 UTC 2020 /home/travis/build/icyphy/ptII/ptolemy/actor/lib/test/auto/ArrayUpdate2.xml
----------------- Instantiating /home/travis/build/icyphy/ptII/ptolemy/actor/lib/test/auto/ArrayUpdate2.xml
6 ms. Memory: 272384K Free: 76936K (28%)
----------------- Invoking toplevel() on ptolemy.moml.MoMLSimpleApplication@4833e209
----------------- Done invoking toplevel() on ptolemy.moml.MoMLSimpleApplication@4833e209
reloadAllAccessors: .ArrayUpdate2

===========================================================================================
----------------- testing Sun Sep 27 15:57:08 UTC 2020 /home/travis/build/icyphy/ptII/ptolemy/actor/lib/test/auto/ArrayUpdate3.xml
----------------- Instantiating /home/travis/build/icyphy/ptII/ptolemy/actor/lib/test/auto/ArrayUpdate3.xml
5 ms. Memory: 272384K Free: 72326K (27%)
----------------- Invoking toplevel() on ptolemy.moml.MoMLSimpleApplication@356fa863
----------------- Done invoking toplevel() on ptolemy.moml.MoMLSimpleApplication@356fa863
reloadAllAccessors: .ArrayUpdate3

===========================================================================================
----------------- testing Sun Sep 27 15:57:08 UTC 2020 /home/travis/build/icyphy/ptII/ptolemy/actor/lib/test/auto/Assert1.xml
----------------- Instantiating /home/travis/build/icyphy/ptII/ptolemy/actor/lib/test/auto/Assert1.xml
8 ms. Memory: 272384K Free: 221410K (81%)
----------------- Invoking toplevel() on ptolemy.moml.MoMLSimpleApplication@38e70b30
----------------- Done invoking toplevel() on ptolemy.moml.MoMLSimpleApplication@38e70b30
reloadAllAccessors: .Assert1

===========================================================================================
----------------- testing Sun Sep 27 15:57:08 UTC 2020 /home/travis/build/icyphy/ptII/ptolemy/actor/lib/test/auto/Assert2.xml
----------------- Instantiating /home/travis/build/icyphy/ptII/ptolemy/actor/lib/test/auto/Assert2.xml
2 ms. Memory: 272384K Free: 216290K (79%)
----------------- Invoking toplevel() on ptolemy.moml.MoMLSimpleApplication@192c403
----------------- Done invoking toplevel() on ptolemy.moml.MoMLSimpleApplication@192c403
reloadAllAccessors: .Assert2

===========================================================================================
----------------- testing Sun Sep 27 15:57:08 UTC 2020 /home/travis/build/icyphy/ptII/ptolemy/actor/lib/test/auto/BooleanMultiplexor.xml
----------------- Instantiating /home/travis/build/icyphy/ptII/ptolemy/actor/lib/test/auto/BooleanMultiplexor.xml
2 ms. Memory: 272384K Free: 210660K (77%)
----------------- Invoking toplevel() on ptolemy.moml.MoMLSimpleApplication@5bcae8ed
----------------- Done invoking toplevel() on ptolemy.moml.MoMLSimpleApplication@5bcae8ed
reloadAllAccessors: .BooleanMultiplexor

===========================================================================================
----------------- testing Sun Sep 27 15:57:08 UTC 2020 /home/travis/build/icyphy/ptII/ptolemy/actor/lib/test/auto/BooleanMultiplexor2.xml
----------------- Instantiating /home/travis/build/icyphy/ptII/ptolemy/actor/lib/test/auto/BooleanMultiplexor2.xml
12 ms. Memory: 272384K Free: 204514K (75%)
----------------- Invoking toplevel() on ptolemy.moml.MoMLSimpleApplication@6a3a90e2
----------------- Done invoking toplevel() on ptolemy.moml.MoMLSimpleApplication@6a3a90e2
reloadAllAccessors: .BooleanMultiplexor2

===========================================================================================
----------------- testing Sun Sep 27 15:57:08 UTC 2020 /home/travis/build/icyphy/ptII/ptolemy/actor/lib/test/auto/BooleanMultiplexor3.xml
----------------- Instantiating /home/travis/build/icyphy/ptII/ptolemy/actor/lib/test/auto/BooleanMultiplexor3.xml
6 ms. Memory: 272384K Free: 200420K (74%)
----------------- Invoking toplevel() on ptolemy.moml.MoMLSimpleApplication@1aa2473f
----------------- Done invoking toplevel() on ptolemy.moml.MoMLSimpleApplication@1aa2473f
reloadAllAccessors: .BooleanMultiplexor3

===========================================================================================
----------------- testing Sun Sep 27 15:57:08 UTC 2020 /home/travis/build/icyphy/ptII/ptolemy/actor/lib/test/auto/BooleanSelect.xml
----------------- Instantiating /home/travis/build/icyphy/ptII/ptolemy/actor/lib/test/auto/BooleanSelect.xml
7 ms. Memory: 272384K Free: 194756K (72%)
----------------- Invoking toplevel() on ptolemy.moml.MoMLSimpleApplication@10c905f9
----------------- Done invoking toplevel() on ptolemy.moml.MoMLSimpleApplication@10c905f9
reloadAllAccessors: .BooleanSelect

===========================================================================================
----------------- testing Sun Sep 27 15:57:08 UTC 2020 /home/travis/build/icyphy/ptII/ptolemy/actor/lib/test/auto/BooleanSelect2.xml
----------------- Instantiating /home/travis/build/icyphy/ptII/ptolemy/actor/lib/test/auto/BooleanSelect2.xml
1 ms. Memory: 272384K Free: 190180K (70%)
----------------- Invoking toplevel() on ptolemy.moml.MoMLSimpleApplication@b94f902
----------------- Done invoking toplevel() on ptolemy.moml.MoMLSimpleApplication@b94f902
reloadAllAccessors: .BooleanSelect2

===========================================================================================
----------------- testing Sun Sep 27 15:57:08 UTC 2020 /home/travis/build/icyphy/ptII/ptolemy/actor/lib/test/auto/BooleanSwitch.xml
----------------- Instantiating /home/travis/build/icyphy/ptII/ptolemy/actor/lib/test/auto/BooleanSwitch.xml
7 ms. Memory: 272384K Free: 184546K (68%)
----------------- Invoking toplevel() on ptolemy.moml.MoMLSimpleApplication@4299a238
----------------- Done invoking toplevel() on ptolemy.moml.MoMLSimpleApplication@4299a238
reloadAllAccessors: .BooleanSwitch

===========================================================================================
----------------- testing Sun Sep 27 15:57:08 UTC 2020 /home/travis/build/icyphy/ptII/ptolemy/actor/lib/test/auto/BooleanSwitch2.xml
----------------- Instantiating /home/travis/build/icyphy/ptII/ptolemy/actor/lib/test/auto/BooleanSwitch2.xml
2 ms. Memory: 272384K Free: 179940K (66%)
----------------- Invoking toplevel() on ptolemy.moml.MoMLSimpleApplication@7d281429
----------------- Done invoking toplevel() on ptolemy.moml.MoMLSimpleApplication@7d281429
reloadAllAccessors: .BooleanSwitch2

===========================================================================================
----------------- testing Sun Sep 27 15:57:08 UTC 2020 /home/travis/build/icyphy/ptII/ptolemy/actor/lib/test/auto/BooleanSwitchCloningBugWithClassRelationGroup.xml
----------------- Instantiating /home/travis/build/icyphy/ptII/ptolemy/actor/lib/test/auto/BooleanSwitchCloningBugWithClassRelationGroup.xml
4 ms. Memory: 272384K Free: 173796K (64%)
----------------- Invoking toplevel() on ptolemy.moml.MoMLSimpleApplication@305a6cd7
----------------- Done invoking toplevel() on ptolemy.moml.MoMLSimpleApplication@305a6cd7
reloadAllAccessors: .BooleanSwitchCloningBugWithClassRelationGroup

===========================================================================================
----------------- testing Sun Sep 27 15:57:08 UTC 2020 /home/travis/build/icyphy/ptII/ptolemy/actor/lib/test/auto/BusActors.xml
----------------- Instantiating /home/travis/build/icyphy/ptII/ptolemy/actor/lib/test/auto/BusActors.xml
4 ms. Memory: 272384K Free: 165604K (61%)
----------------- Invoking toplevel() on ptolemy.moml.MoMLSimpleApplication@605b8dac
----------------- Done invoking toplevel() on ptolemy.moml.MoMLSimpleApplication@605b8dac
reloadAllAccessors: .BusActors

===========================================================================================
----------------- testing Sun Sep 27 15:57:08 UTC 2020 /home/travis/build/icyphy/ptII/ptolemy/actor/lib/test/auto/ClassWrapper.xml
----------------- Instantiating /home/travis/build/icyphy/ptII/ptolemy/actor/lib/test/auto/ClassWrapper.xml
3 ms. Memory: 272384K Free: 161508K (59%)
----------------- Invoking toplevel() on ptolemy.moml.MoMLSimpleApplication@6b043231
----------------- Done invoking toplevel() on ptolemy.moml.MoMLSimpleApplication@6b043231
reloadAllAccessors: .ClassWrapper

===========================================================================================
----------------- testing Sun Sep 27 15:57:08 UTC 2020 /home/travis/build/icyphy/ptII/ptolemy/actor/lib/test/auto/Clock.xml
----------------- Instantiating /home/travis/build/icyphy/ptII/ptolemy/actor/lib/test/auto/Clock.xml
1 ms. Memory: 272384K Free: 157412K (58%)
----------------- Invoking toplevel() on ptolemy.moml.MoMLSimpleApplication@5bb6a5ad
----------------- Done invoking toplevel() on ptolemy.moml.MoMLSimpleApplication@5bb6a5ad
reloadAllAccessors: .Clock

===========================================================================================
----------------- testing Sun Sep 27 15:57:08 UTC 2020 /home/travis/build/icyphy/ptII/ptolemy/actor/lib/test/auto/Clock10.xml
----------------- Instantiating /home/travis/build/icyphy/ptII/ptolemy/actor/lib/test/auto/Clock10.xml
3 ms. Memory: 272384K Free: 151778K (56%)
----------------- Invoking toplevel() on ptolemy.moml.MoMLSimpleApplication@479fcf66
----------------- Done invoking toplevel() on ptolemy.moml.MoMLSimpleApplication@479fcf66
reloadAllAccessors: .Clock10

===========================================================================================
----------------- testing Sun Sep 27 15:57:08 UTC 2020 /home/travis/build/icyphy/ptII/ptolemy/actor/lib/test/auto/Clock11.xml
----------------- Instantiating /home/travis/build/icyphy/ptII/ptolemy/actor/lib/test/auto/Clock11.xml
6 ms. Memory: 272384K Free: 145632K (53%)
----------------- Invoking toplevel() on ptolemy.moml.MoMLSimpleApplication@27f83d65
----------------- Done invoking toplevel() on ptolemy.moml.MoMLSimpleApplication@27f83d65
reloadAllAccessors: .Clock11

===========================================================================================
----------------- testing Sun Sep 27 15:57:08 UTC 2020 /home/travis/build/icyphy/ptII/ptolemy/actor/lib/test/auto/Clock12.xml
----------------- Instantiating /home/travis/build/icyphy/ptII/ptolemy/actor/lib/test/auto/Clock12.xml
5 ms. Memory: 272384K Free: 140004K (51%)
----------------- Invoking toplevel() on ptolemy.moml.MoMLSimpleApplication@7bb2290e
----------------- Done invoking toplevel() on ptolemy.moml.MoMLSimpleApplication@7bb2290e
reloadAllAccessors: .Clock12

===========================================================================================
----------------- testing Sun Sep 27 15:57:08 UTC 2020 /home/travis/build/icyphy/ptII/ptolemy/actor/lib/test/auto/Clock13.xml
----------------- Instantiating /home/travis/build/icyphy/ptII/ptolemy/actor/lib/test/auto/Clock13.xml
4 ms. Memory: 272384K Free: 133860K (49%)
----------------- Invoking toplevel() on ptolemy.moml.MoMLSimpleApplication@37ff1801
----------------- Done invoking toplevel() on ptolemy.moml.MoMLSimpleApplication@37ff1801
reloadAllAccessors: .Clock13

===========================================================================================
----------------- testing Sun Sep 27 15:57:08 UTC 2020 /home/travis/build/icyphy/ptII/ptolemy/actor/lib/test/auto/Clock14.xml
----------------- Instantiating /home/travis/build/icyphy/ptII/ptolemy/actor/lib/test/auto/Clock14.xml
3 ms. Memory: 272384K Free: 128196K (47%)
----------------- Invoking toplevel() on ptolemy.moml.MoMLSimpleApplication@517ff91b
----------------- Done invoking toplevel() on ptolemy.moml.MoMLSimpleApplication@517ff91b
reloadAllAccessors: .Clock14

===========================================================================================
----------------- testing Sun Sep 27 15:57:08 UTC 2020 /home/travis/build/icyphy/ptII/ptolemy/actor/lib/test/auto/Clock15.xml
----------------- Instantiating /home/travis/build/icyphy/ptII/ptolemy/actor/lib/test/auto/Clock15.xml
4 ms. Memory: 272384K Free: 122068K (45%)
----------------- Invoking toplevel() on ptolemy.moml.MoMLSimpleApplication@5d6a0623
----------------- Done invoking toplevel() on ptolemy.moml.MoMLSimpleApplication@5d6a0623
reloadAllAccessors: .Clock15

===========================================================================================
----------------- testing Sun Sep 27 15:57:08 UTC 2020 /home/travis/build/icyphy/ptII/ptolemy/actor/lib/test/auto/Clock16.xml
----------------- Instantiating /home/travis/build/icyphy/ptII/ptolemy/actor/lib/test/auto/Clock16.xml
38 ms. Memory: 272384K Free: 107204K (39%)
----------------- Invoking toplevel() on ptolemy.moml.MoMLSimpleApplication@7af278f9
----------------- Done invoking toplevel() on ptolemy.moml.MoMLSimpleApplication@7af278f9
reloadAllAccessors: .Clock16

===========================================================================================
----------------- testing Sun Sep 27 15:57:08 UTC 2020 /home/travis/build/icyphy/ptII/ptolemy/actor/lib/test/auto/Clock17.xml
----------------- Instantiating /home/travis/build/icyphy/ptII/ptolemy/actor/lib/test/auto/Clock17.xml
24 ms. Memory: 272384K Free: 93396K (34%)
----------------- Invoking toplevel() on ptolemy.moml.MoMLSimpleApplication@6406b014
----------------- Done invoking toplevel() on ptolemy.moml.MoMLSimpleApplication@6406b014
reloadAllAccessors: .Clock17

===========================================================================================
----------------- testing Sun Sep 27 15:57:08 UTC 2020 /home/travis/build/icyphy/ptII/ptolemy/actor/lib/test/auto/Clock18.xml
----------------- Instantiating /home/travis/build/icyphy/ptII/ptolemy/actor/lib/test/auto/Clock18.xml
26 ms. Memory: 272384K Free: 80098K (29%)
----------------- Invoking toplevel() on ptolemy.moml.MoMLSimpleApplication@2cfe8ba7
----------------- Done invoking toplevel() on ptolemy.moml.MoMLSimpleApplication@2cfe8ba7
reloadAllAccessors: .Clock18

===========================================================================================
----------------- testing Sun Sep 27 15:57:08 UTC 2020 /home/travis/build/icyphy/ptII/ptolemy/actor/lib/test/auto/Clock19.xml
----------------- Instantiating /home/travis/build/icyphy/ptII/ptolemy/actor/lib/test/auto/Clock19.xml
17 ms. Memory: 272384K Free: 66756K (25%)
----------------- Invoking toplevel() on ptolemy.moml.MoMLSimpleApplication@37c0288d
----------------- Done invoking toplevel() on ptolemy.moml.MoMLSimpleApplication@37c0288d
reloadAllAccessors: .Clock19

===========================================================================================
----------------- testing Sun Sep 27 15:57:08 UTC 2020 /home/travis/build/icyphy/ptII/ptolemy/actor/lib/test/auto/Clock2.xml
----------------- Instantiating /home/travis/build/icyphy/ptII/ptolemy/actor/lib/test/auto/Clock2.xml
6 ms. Memory: 272384K Free: 62180K (23%)
----------------- Invoking toplevel() on ptolemy.moml.MoMLSimpleApplication@5bb9557e
----------------- Done invoking toplevel() on ptolemy.moml.MoMLSimpleApplication@5bb9557e
reloadAllAccessors: .Clock2

===========================================================================================
----------------- testing Sun Sep 27 15:57:08 UTC 2020 /home/travis/build/icyphy/ptII/ptolemy/actor/lib/test/auto/Clock20.xml
----------------- Instantiating /home/travis/build/icyphy/ptII/ptolemy/actor/lib/test/auto/Clock20.xml
10 ms. Memory: 272384K Free: 218243K (80%)
----------------- Invoking toplevel() on ptolemy.moml.MoMLSimpleApplication@7f598066
----------------- Done invoking toplevel() on ptolemy.moml.MoMLSimpleApplication@7f598066
reloadAllAccessors: .Clock20

===========================================================================================
----------------- testing Sun Sep 27 15:57:08 UTC 2020 /home/travis/build/icyphy/ptII/ptolemy/actor/lib/test/auto/Clock21.xml
----------------- Instantiating /home/travis/build/icyphy/ptII/ptolemy/actor/lib/test/auto/Clock21.xml
5 ms. Memory: 272384K Free: 212616K (78%)
----------------- Invoking toplevel() on ptolemy.moml.MoMLSimpleApplication@4f6d2e1a
----------------- Done invoking toplevel() on ptolemy.moml.MoMLSimpleApplication@4f6d2e1a
reloadAllAccessors: .Clock21

===========================================================================================
----------------- testing Sun Sep 27 15:57:08 UTC 2020 /home/travis/build/icyphy/ptII/ptolemy/actor/lib/test/auto/Clock22.xml
----------------- Instantiating /home/travis/build/icyphy/ptII/ptolemy/actor/lib/test/auto/Clock22.xml
5 ms. Memory: 272384K Free: 207496K (76%)
----------------- Invoking toplevel() on ptolemy.moml.MoMLSimpleApplication@54b82498
----------------- Done invoking toplevel() on ptolemy.moml.MoMLSimpleApplication@54b82498
reloadAllAccessors: .Clock22

===========================================================================================
----------------- testing Sun Sep 27 15:57:08 UTC 2020 /home/travis/build/icyphy/ptII/ptolemy/actor/lib/test/auto/Clock23.xml
----------------- Instantiating /home/travis/build/icyphy/ptII/ptolemy/actor/lib/test/auto/Clock23.xml
6 ms. Memory: 272384K Free: 201862K (74%)
----------------- Invoking toplevel() on ptolemy.moml.MoMLSimpleApplication@665dde80
----------------- Done invoking toplevel() on ptolemy.moml.MoMLSimpleApplication@665dde80
reloadAllAccessors: .Clock23

===========================================================================================
----------------- testing Sun Sep 27 15:57:08 UTC 2020 /home/travis/build/icyphy/ptII/ptolemy/actor/lib/test/auto/Clock24.xml
----------------- Instantiating /home/travis/build/icyphy/ptII/ptolemy/actor/lib/test/auto/Clock24.xml
6 ms. Memory: 272384K Free: 196742K (72%)
----------------- Invoking toplevel() on ptolemy.moml.MoMLSimpleApplication@aeb3664
----------------- Done invoking toplevel() on ptolemy.moml.MoMLSimpleApplication@aeb3664
reloadAllAccessors: .Clock24

===========================================================================================
----------------- testing Sun Sep 27 15:57:08 UTC 2020 /home/travis/build/icyphy/ptII/ptolemy/actor/lib/test/auto/Clock4.xml
----------------- Instantiating /home/travis/build/icyphy/ptII/ptolemy/actor/lib/test/auto/Clock4.xml
1 ms. Memory: 272384K Free: 191615K (70%)
----------------- Invoking toplevel() on ptolemy.moml.MoMLSimpleApplication@59b5babc
----------------- Done invoking toplevel() on ptolemy.moml.MoMLSimpleApplication@59b5babc
reloadAllAccessors: .Clock4

===========================================================================================
----------------- testing Sun Sep 27 15:57:08 UTC 2020 /home/travis/build/icyphy/ptII/ptolemy/actor/lib/test/auto/Clock5.xml
----------------- Instantiating /home/travis/build/icyphy/ptII/ptolemy/actor/lib/test/auto/Clock5.xml
2 ms. Memory: 272384K Free: 185992K (68%)
----------------- Invoking toplevel() on ptolemy.moml.MoMLSimpleApplication@66ad2a3b
----------------- Done invoking toplevel() on ptolemy.moml.MoMLSimpleApplication@66ad2a3b
reloadAllAccessors: .Clock5

===========================================================================================
----------------- testing Sun Sep 27 15:57:09 UTC 2020 /home/travis/build/icyphy/ptII/ptolemy/actor/lib/test/auto/Clock6.xml
----------------- Instantiating /home/travis/build/icyphy/ptII/ptolemy/actor/lib/test/auto/Clock6.xml
1 ms. Memory: 272384K Free: 181896K (67%)
----------------- Invoking toplevel() on ptolemy.moml.MoMLSimpleApplication@2a2b8ac0
----------------- Done invoking toplevel() on ptolemy.moml.MoMLSimpleApplication@2a2b8ac0
reloadAllAccessors: .Clock6

===========================================================================================
----------------- testing Sun Sep 27 15:57:09 UTC 2020 /home/travis/build/icyphy/ptII/ptolemy/actor/lib/test/auto/Clock7.xml
----------------- Instantiating /home/travis/build/icyphy/ptII/ptolemy/actor/lib/test/auto/Clock7.xml
2 ms. Memory: 272384K Free: 177286K (65%)
----------------- Invoking toplevel() on ptolemy.moml.MoMLSimpleApplication@244510dd
----------------- Done invoking toplevel() on ptolemy.moml.MoMLSimpleApplication@244510dd
reloadAllAccessors: .Clock7

===========================================================================================
----------------- testing Sun Sep 27 15:57:09 UTC 2020 /home/travis/build/icyphy/ptII/ptolemy/actor/lib/test/auto/Clock8.xml
----------------- Instantiating /home/travis/build/icyphy/ptII/ptolemy/actor/lib/test/auto/Clock8.xml
4 ms. Memory: 272384K Free: 172151K (63%)
----------------- Invoking toplevel() on ptolemy.moml.MoMLSimpleApplication@6bb02ca5
----------------- Done invoking toplevel() on ptolemy.moml.MoMLSimpleApplication@6bb02ca5
reloadAllAccessors: .Clock8

===========================================================================================
----------------- testing Sun Sep 27 15:57:09 UTC 2020 /home/travis/build/icyphy/ptII/ptolemy/actor/lib/test/auto/Clock9.xml
----------------- Instantiating /home/travis/build/icyphy/ptII/ptolemy/actor/lib/test/auto/Clock9.xml
5 ms. Memory: 272384K Free: 166536K (61%)
----------------- Invoking toplevel() on ptolemy.moml.MoMLSimpleApplication@42da0880
----------------- Done invoking toplevel() on ptolemy.moml.MoMLSimpleApplication@42da0880
reloadAllAccessors: .Clock9

===========================================================================================
----------------- testing Sun Sep 27 15:57:09 UTC 2020 /home/travis/build/icyphy/ptII/ptolemy/actor/lib/test/auto/CommDistDiscard.xml
----------------- Instantiating /home/travis/build/icyphy/ptII/ptolemy/actor/lib/test/auto/CommDistDiscard.xml
2 ms. Memory: 272384K Free: 160902K (59%)
----------------- Invoking toplevel() on ptolemy.moml.MoMLSimpleApplication@78721399
----------------- Done invoking toplevel() on ptolemy.moml.MoMLSimpleApplication@78721399
reloadAllAccessors: .CommDistDiscard

===========================================================================================
----------------- testing Sun Sep 27 15:57:09 UTC 2020 /home/travis/build/icyphy/ptII/ptolemy/actor/lib/test/auto/Commutator.xml
----------------- Instantiating /home/travis/build/icyphy/ptII/ptolemy/actor/lib/test/auto/Commutator.xml
2 ms. Memory: 272384K Free: 156806K (58%)
----------------- Invoking toplevel() on ptolemy.moml.MoMLSimpleApplication@5e8531b9
----------------- Done invoking toplevel() on ptolemy.moml.MoMLSimpleApplication@5e8531b9
reloadAllAccessors: .Commutator

===========================================================================================
----------------- testing Sun Sep 27 15:57:09 UTC 2020 /home/travis/build/icyphy/ptII/ptolemy/actor/lib/test/auto/Commutator2.xml
----------------- Instantiating /home/travis/build/icyphy/ptII/ptolemy/actor/lib/test/auto/Commutator2.xml
1 ms. Memory: 272384K Free: 152200K (56%)
----------------- Invoking toplevel() on ptolemy.moml.MoMLSimpleApplication@771c0589
----------------- Done invoking toplevel() on ptolemy.moml.MoMLSimpleApplication@771c0589
reloadAllAccessors: .Commutator2

===========================================================================================
----------------- testing Sun Sep 27 15:57:09 UTC 2020 /home/travis/build/icyphy/ptII/ptolemy/actor/lib/test/auto/Commutator3.xml
----------------- Instantiating /home/travis/build/icyphy/ptII/ptolemy/actor/lib/test/auto/Commutator3.xml
2 ms. Memory: 272384K Free: 148104K (54%)
----------------- Invoking toplevel() on ptolemy.moml.MoMLSimpleApplication@7121bb45
----------------- Done invoking toplevel() on ptolemy.moml.MoMLSimpleApplication@7121bb45
reloadAllAccessors: .Commutator3

===========================================================================================
----------------- testing Sun Sep 27 15:57:09 UTC 2020 /home/travis/build/icyphy/ptII/ptolemy/actor/lib/test/auto/Compare.xml
----------------- Instantiating /home/travis/build/icyphy/ptII/ptolemy/actor/lib/test/auto/Compare.xml
2 ms. Memory: 272384K Free: 141446K (52%)
----------------- Invoking toplevel() on ptolemy.moml.MoMLSimpleApplication@397afec6
----------------- Done invoking toplevel() on ptolemy.moml.MoMLSimpleApplication@397afec6
reloadAllAccessors: .Compare

===========================================================================================
----------------- testing Sun Sep 27 15:57:09 UTC 2020 /home/travis/build/icyphy/ptII/ptolemy/actor/lib/test/auto/CompareDE.xml
----------------- Instantiating /home/travis/build/icyphy/ptII/ptolemy/actor/lib/test/auto/CompareDE.xml
4 ms. Memory: 272384K Free: 134263K (49%)
----------------- Invoking toplevel() on ptolemy.moml.MoMLSimpleApplication@1c972072
----------------- Done invoking toplevel() on ptolemy.moml.MoMLSimpleApplication@1c972072
reloadAllAccessors: .CompareDE

===========================================================================================
----------------- testing Sun Sep 27 15:57:09 UTC 2020 /home/travis/build/icyphy/ptII/ptolemy/actor/lib/test/auto/ComplexDivide.xml
----------------- Instantiating /home/travis/build/icyphy/ptII/ptolemy/actor/lib/test/auto/ComplexDivide.xml
1 ms. Memory: 272384K Free: 130696K (48%)
----------------- Invoking toplevel() on ptolemy.moml.MoMLSimpleApplication@67613edd
----------------- Done invoking toplevel() on ptolemy.moml.MoMLSimpleApplication@67613edd
reloadAllAccessors: .ComplexDivide

===========================================================================================
----------------- testing Sun Sep 27 15:57:09 UTC 2020 /home/travis/build/icyphy/ptII/ptolemy/actor/lib/test/auto/ComputeHistogram.xml
----------------- Instantiating /home/travis/build/icyphy/ptII/ptolemy/actor/lib/test/auto/ComputeHistogram.xml
34 ms. Memory: 272384K Free: 117894K (43%)
----------------- Invoking toplevel() on ptolemy.moml.MoMLSimpleApplication@26349edb
----------------- Done invoking toplevel() on ptolemy.moml.MoMLSimpleApplication@26349edb
reloadAllAccessors: .ComputeHistogram

===========================================================================================
----------------- testing Sun Sep 27 15:57:09 UTC 2020 /home/travis/build/icyphy/ptII/ptolemy/actor/lib/test/auto/ConfigurationSelect.xml
----------------- Instantiating /home/travis/build/icyphy/ptII/ptolemy/actor/lib/test/auto/ConfigurationSelect.xml
8 ms. Memory: 272384K Free: 112743K (41%)
----------------- Invoking toplevel() on ptolemy.moml.MoMLSimpleApplication@105084f9
----------------- Done invoking toplevel() on ptolemy.moml.MoMLSimpleApplication@105084f9
reloadAllAccessors: .ConfigurationSelect

===========================================================================================
----------------- testing Sun Sep 27 15:57:09 UTC 2020 /home/travis/build/icyphy/ptII/ptolemy/actor/lib/test/auto/ConfigurationSelect2.xml
----------------- Instantiating /home/travis/build/icyphy/ptII/ptolemy/actor/lib/test/auto/ConfigurationSelect2.xml
1 ms. Memory: 272384K Free: 108168K (40%)
----------------- Invoking toplevel() on ptolemy.moml.MoMLSimpleApplication@6f193b67
----------------- Done invoking toplevel() on ptolemy.moml.MoMLSimpleApplication@6f193b67
reloadAllAccessors: .ConfigurationSelect2

===========================================================================================
----------------- testing Sun Sep 27 15:57:09 UTC 2020 /home/travis/build/icyphy/ptII/ptolemy/actor/lib/test/auto/ConfigurationSwitch.xml
----------------- Instantiating /home/travis/build/icyphy/ptII/ptolemy/actor/lib/test/auto/ConfigurationSwitch.xml
2 ms. Memory: 272384K Free: 102534K (38%)
----------------- Invoking toplevel() on ptolemy.moml.MoMLSimpleApplication@24c468b4
----------------- Done invoking toplevel() on ptolemy.moml.MoMLSimpleApplication@24c468b4
reloadAllAccessors: .ConfigurationSwitch

===========================================================================================
----------------- testing Sun Sep 27 15:57:09 UTC 2020 /home/travis/build/icyphy/ptII/ptolemy/actor/lib/test/auto/ConfigurationSwitch2.xml
----------------- Instantiating /home/travis/build/icyphy/ptII/ptolemy/actor/lib/test/auto/ConfigurationSwitch2.xml
2 ms. Memory: 272384K Free: 97414K (36%)
----------------- Invoking toplevel() on ptolemy.moml.MoMLSimpleApplication@5f87eee3
----------------- Done invoking toplevel() on ptolemy.moml.MoMLSimpleApplication@5f87eee3
reloadAllAccessors: .ConfigurationSwitch2

===========================================================================================
----------------- testing Sun Sep 27 15:57:09 UTC 2020 /home/travis/build/icyphy/ptII/ptolemy/actor/lib/test/auto/ConfigurationSwitchCloningBugWithClassRelationGroup.xml
----------------- Instantiating /home/travis/build/icyphy/ptII/ptolemy/actor/lib/test/auto/ConfigurationSwitchCloningBugWithClassRelationGroup.xml
2 ms. Memory: 272384K Free: 90760K (33%)
----------------- Invoking toplevel() on ptolemy.moml.MoMLSimpleApplication@83228b
----------------- Done invoking toplevel() on ptolemy.moml.MoMLSimpleApplication@83228b
reloadAllAccessors: .ConfigurationSwitchCloningBugWithClassRelationGroup

===========================================================================================
----------------- testing Sun Sep 27 15:57:09 UTC 2020 /home/travis/build/icyphy/ptII/ptolemy/actor/lib/test/auto/ConfigurationSwitchSelectSDF.xml
----------------- Instantiating /home/travis/build/icyphy/ptII/ptolemy/actor/lib/test/auto/ConfigurationSwitchSelectSDF.xml
2 ms. Memory: 272384K Free: 84616K (31%)
----------------- Invoking toplevel() on ptolemy.moml.MoMLSimpleApplication@1f967ad3
----------------- Done invoking toplevel() on ptolemy.moml.MoMLSimpleApplication@1f967ad3
reloadAllAccessors: .ConfigurationSwitchSelectSDF

===========================================================================================
----------------- testing Sun Sep 27 15:57:09 UTC 2020 /home/travis/build/icyphy/ptII/ptolemy/actor/lib/test/auto/ConfigurationSwitchSelectSDF2.xml
----------------- Instantiating /home/travis/build/icyphy/ptII/ptolemy/actor/lib/test/auto/ConfigurationSwitchSelectSDF2.xml
3 ms. Memory: 272384K Free: 78982K (29%)
----------------- Invoking toplevel() on ptolemy.moml.MoMLSimpleApplication@4731b4ad
----------------- Done invoking toplevel() on ptolemy.moml.MoMLSimpleApplication@4731b4ad
reloadAllAccessors: .ConfigurationSwitchSelectSDF2

===========================================================================================
----------------- testing Sun Sep 27 15:57:09 UTC 2020 /home/travis/build/icyphy/ptII/ptolemy/actor/lib/test/auto/Const.xml
----------------- Instantiating /home/travis/build/icyphy/ptII/ptolemy/actor/lib/test/auto/Const.xml
1 ms. Memory: 272384K Free: 75400K (28%)
----------------- Invoking toplevel() on ptolemy.moml.MoMLSimpleApplication@5cf129d1
----------------- Done invoking toplevel() on ptolemy.moml.MoMLSimpleApplication@5cf129d1
reloadAllAccessors: .Const

===========================================================================================
----------------- testing Sun Sep 27 15:57:09 UTC 2020 /home/travis/build/icyphy/ptII/ptolemy/actor/lib/test/auto/Const2.xml
----------------- Instantiating /home/travis/build/icyphy/ptII/ptolemy/actor/lib/test/auto/Const2.xml
2 ms. Memory: 272384K Free: 71304K (26%)
----------------- Invoking toplevel() on ptolemy.moml.MoMLSimpleApplication@778523f
----------------- Done invoking toplevel() on ptolemy.moml.MoMLSimpleApplication@778523f
reloadAllAccessors: .Const2

===========================================================================================
----------------- testing Sun Sep 27 15:57:09 UTC 2020 /home/travis/build/icyphy/ptII/ptolemy/actor/lib/test/auto/Const3.xml
----------------- Instantiating /home/travis/build/icyphy/ptII/ptolemy/actor/lib/test/auto/Const3.xml
1 ms. Memory: 272384K Free: 68742K (25%)
----------------- Invoking toplevel() on ptolemy.moml.MoMLSimpleApplication@1cd42c47
----------------- Done invoking toplevel() on ptolemy.moml.MoMLSimpleApplication@1cd42c47
reloadAllAccessors: .Const3

===========================================================================================
----------------- testing Sun Sep 27 15:57:09 UTC 2020 /home/travis/build/icyphy/ptII/ptolemy/actor/lib/test/auto/ConstantPublisherPort1.xml
----------------- Instantiating /home/travis/build/icyphy/ptII/ptolemy/actor/lib/test/auto/ConstantPublisherPort1.xml
14 ms. Memory: 272384K Free: 220740K (81%)
----------------- Invoking toplevel() on ptolemy.moml.MoMLSimpleApplication@3650eac6
----------------- Done invoking toplevel() on ptolemy.moml.MoMLSimpleApplication@3650eac6
reloadAllAccessors: .ConstantPublisherPort1

===========================================================================================
----------------- testing Sun Sep 27 15:57:09 UTC 2020 /home/travis/build/icyphy/ptII/ptolemy/actor/lib/test/auto/ConstantPublisherPort2.xml
----------------- Instantiating /home/travis/build/icyphy/ptII/ptolemy/actor/lib/test/auto/ConstantPublisherPort2.xml
10 ms. Memory: 272384K Free: 212554K (78%)
----------------- Invoking toplevel() on ptolemy.moml.MoMLSimpleApplication@737395df
----------------- Done invoking toplevel() on ptolemy.moml.MoMLSimpleApplication@737395df
reloadAllAccessors: .ConstantPublisherPort2

===========================================================================================
----------------- testing Sun Sep 27 15:57:09 UTC 2020 /home/travis/build/icyphy/ptII/ptolemy/actor/lib/test/auto/ConstantPublisherPort3.xml
----------------- Instantiating /home/travis/build/icyphy/ptII/ptolemy/actor/lib/test/auto/ConstantPublisherPort3.xml
7 ms. Memory: 272384K Free: 205386K (75%)
----------------- Invoking toplevel() on ptolemy.moml.MoMLSimpleApplication@761eece7
----------------- Done invoking toplevel() on ptolemy.moml.MoMLSimpleApplication@761eece7
reloadAllAccessors: .ConstantPublisherPort3

===========================================================================================
----------------- testing Sun Sep 27 15:57:09 UTC 2020 /home/travis/build/icyphy/ptII/ptolemy/actor/lib/test/auto/ConstantPublisherPort4.xml
----------------- Instantiating /home/travis/build/icyphy/ptII/ptolemy/actor/lib/test/auto/ConstantPublisherPort4.xml
2 ms. Memory: 272384K Free: 198212K (73%)
----------------- Invoking toplevel() on ptolemy.moml.MoMLSimpleApplication@3fbe9897
----------------- Done invoking toplevel() on ptolemy.moml.MoMLSimpleApplication@3fbe9897
reloadAllAccessors: .ConstantPublisherPort4

===========================================================================================
----------------- testing Sun Sep 27 15:57:09 UTC 2020 /home/travis/build/icyphy/ptII/ptolemy/actor/lib/test/auto/ConstantPublisherPort5.xml
----------------- Instantiating /home/travis/build/icyphy/ptII/ptolemy/actor/lib/test/auto/ConstantPublisherPort5.xml
30 ms. Memory: 272384K Free: 187978K (69%)
----------------- Invoking toplevel() on ptolemy.moml.MoMLSimpleApplication@61ffe4ef
----------------- Done invoking toplevel() on ptolemy.moml.MoMLSimpleApplication@61ffe4ef
reloadAllAccessors: .ConstantPublisherPort5

===========================================================================================
----------------- testing Sun Sep 27 15:57:09 UTC 2020 /home/travis/build/icyphy/ptII/ptolemy/actor/lib/test/auto/ConstantPublisherPort6.xml
----------------- Instantiating /home/travis/build/icyphy/ptII/ptolemy/actor/lib/test/auto/ConstantPublisherPort6.xml
13 ms. Memory: 272384K Free: 179276K (66%)
----------------- Invoking toplevel() on ptolemy.moml.MoMLSimpleApplication@3d1115fa
----------------- Done invoking toplevel() on ptolemy.moml.MoMLSimpleApplication@3d1115fa
reloadAllAccessors: .ConstantPublisherPort6

===========================================================================================
----------------- testing Sun Sep 27 15:57:09 UTC 2020 /home/travis/build/icyphy/ptII/ptolemy/actor/lib/test/auto/ConstantPublisherPort7.xml
----------------- Instantiating /home/travis/build/icyphy/ptII/ptolemy/actor/lib/test/auto/ConstantPublisherPort7.xml
20 ms. Memory: 272384K Free: 170060K (62%)
----------------- Invoking toplevel() on ptolemy.moml.MoMLSimpleApplication@79088011
----------------- Done invoking toplevel() on ptolemy.moml.MoMLSimpleApplication@79088011
reloadAllAccessors: .ConstantPublisherPort7

===========================================================================================
----------------- testing Sun Sep 27 15:57:09 UTC 2020 /home/travis/build/icyphy/ptII/ptolemy/actor/lib/test/auto/ConstraintMonitor1.xml
----------------- Instantiating /home/travis/build/icyphy/ptII/ptolemy/actor/lib/test/auto/ConstraintMonitor1.xml
3 ms. Memory: 272384K Free: 164940K (61%)
----------------- Invoking toplevel() on ptolemy.moml.MoMLSimpleApplication@78fc5d66
----------------- Done invoking toplevel() on ptolemy.moml.MoMLSimpleApplication@78fc5d66
reloadAllAccessors: .ConstraintMonitor1

===========================================================================================
----------------- testing Sun Sep 27 15:57:09 UTC 2020 /home/travis/build/icyphy/ptII/ptolemy/actor/lib/test/auto/ConstraintMonitor2.xml
----------------- Instantiating /home/travis/build/icyphy/ptII/ptolemy/actor/lib/test/auto/ConstraintMonitor2.xml
1 ms. Memory: 272384K Free: 160844K (59%)
----------------- Invoking toplevel() on ptolemy.moml.MoMLSimpleApplication@21cca00c
----------------- Done invoking toplevel() on ptolemy.moml.MoMLSimpleApplication@21cca00c
reloadAllAccessors: .ConstraintMonitor2

===========================================================================================
----------------- testing Sun Sep 27 15:57:09 UTC 2020 /home/travis/build/icyphy/ptII/ptolemy/actor/lib/test/auto/ConstraintMonitor3.xml
----------------- Instantiating /home/travis/build/icyphy/ptII/ptolemy/actor/lib/test/auto/ConstraintMonitor3.xml
4 ms. Memory: 272384K Free: 155724K (57%)
----------------- Invoking toplevel() on ptolemy.moml.MoMLSimpleApplication@40cd6753
----------------- Done invoking toplevel() on ptolemy.moml.MoMLSimpleApplication@40cd6753
reloadAllAccessors: .ConstraintMonitor3

===========================================================================================
----------------- testing Sun Sep 27 15:57:09 UTC 2020 /home/travis/build/icyphy/ptII/ptolemy/actor/lib/test/auto/ConstraintMonitor4.xml
----------------- Instantiating /home/travis/build/icyphy/ptII/ptolemy/actor/lib/test/auto/ConstraintMonitor4.xml
2 ms. Memory: 272384K Free: 150604K (55%)
----------------- Invoking toplevel() on ptolemy.moml.MoMLSimpleApplication@2e0ca3dc
----------------- Done invoking toplevel() on ptolemy.moml.MoMLSimpleApplication@2e0ca3dc
reloadAllAccessors: .ConstraintMonitor4

===========================================================================================
----------------- testing Sun Sep 27 15:57:09 UTC 2020 /home/travis/build/icyphy/ptII/ptolemy/actor/lib/test/auto/ConstraintMonitor5.xml
----------------- Instantiating /home/travis/build/icyphy/ptII/ptolemy/actor/lib/test/auto/ConstraintMonitor5.xml
2 ms. Memory: 272384K Free: 145994K (54%)
----------------- Invoking toplevel() on ptolemy.moml.MoMLSimpleApplication@6c44cf41
----------------- Done invoking toplevel() on ptolemy.moml.MoMLSimpleApplication@6c44cf41
reloadAllAccessors: .ConstraintMonitor5

===========================================================================================
----------------- testing Sun Sep 27 15:57:09 UTC 2020 /home/travis/build/icyphy/ptII/ptolemy/actor/lib/test/auto/ConstraintMonitor6.xml
----------------- Instantiating /home/travis/build/icyphy/ptII/ptolemy/actor/lib/test/auto/ConstraintMonitor6.xml
5 ms. Memory: 272384K Free: 139844K (51%)
----------------- Invoking toplevel() on ptolemy.moml.MoMLSimpleApplication@40902e6c
----------------- Done invoking toplevel() on ptolemy.moml.MoMLSimpleApplication@40902e6c
reloadAllAccessors: .ConstraintMonitor6

===========================================================================================
----------------- testing Sun Sep 27 15:57:09 UTC 2020 /home/travis/build/icyphy/ptII/ptolemy/actor/lib/test/auto/ConstraintMonitor7.xml
----------------- Instantiating /home/travis/build/icyphy/ptII/ptolemy/actor/lib/test/auto/ConstraintMonitor7.xml
3 ms. Memory: 272384K Free: 133196K (49%)
----------------- Invoking toplevel() on ptolemy.moml.MoMLSimpleApplication@410a5e4c
----------------- Done invoking toplevel() on ptolemy.moml.MoMLSimpleApplication@410a5e4c
reloadAllAccessors: .ConstraintMonitor7

===========================================================================================
----------------- testing Sun Sep 27 15:57:09 UTC 2020 /home/travis/build/icyphy/ptII/ptolemy/actor/lib/test/auto/ConstraintMonitor8.xml
----------------- Instantiating /home/travis/build/icyphy/ptII/ptolemy/actor/lib/test/auto/ConstraintMonitor8.xml
8 ms. Memory: 272384K Free: 126028K (46%)
----------------- Invoking toplevel() on ptolemy.moml.MoMLSimpleApplication@4e2e3893
----------------- Done invoking toplevel() on ptolemy.moml.MoMLSimpleApplication@4e2e3893
reloadAllAccessors: .ConstraintMonitor8

===========================================================================================
----------------- testing Sun Sep 27 15:57:09 UTC 2020 /home/travis/build/icyphy/ptII/ptolemy/actor/lib/test/auto/Counter.xml
----------------- Instantiating /home/travis/build/icyphy/ptII/ptolemy/actor/lib/test/auto/Counter.xml
2 ms. Memory: 272384K Free: 120908K (44%)
----------------- Invoking toplevel() on ptolemy.moml.MoMLSimpleApplication@3abb2fe9
----------------- Done invoking toplevel() on ptolemy.moml.MoMLSimpleApplication@3abb2fe9
reloadAllAccessors: .Counter

===========================================================================================
----------------- testing Sun Sep 27 15:57:09 UTC 2020 /home/travis/build/icyphy/ptII/ptolemy/actor/lib/test/auto/CurrentTimeSDF.xml
----------------- Instantiating /home/travis/build/icyphy/ptII/ptolemy/actor/lib/test/auto/CurrentTimeSDF.xml
1 ms. Memory: 272384K Free: 116812K (43%)
----------------- Invoking toplevel() on ptolemy.moml.MoMLSimpleApplication@747abfe3
----------------- Done invoking toplevel() on ptolemy.moml.MoMLSimpleApplication@747abfe3
reloadAllAccessors: .CurrentTimeSDF

===========================================================================================
----------------- testing Sun Sep 27 15:57:09 UTC 2020 /home/travis/build/icyphy/ptII/ptolemy/actor/lib/test/auto/DB.xml
----------------- Instantiating /home/travis/build/icyphy/ptII/ptolemy/actor/lib/test/auto/DB.xml
2 ms. Memory: 272384K Free: 111692K (41%)
----------------- Invoking toplevel() on ptolemy.moml.MoMLSimpleApplication@4c5a4eda
----------------- Done invoking toplevel() on ptolemy.moml.MoMLSimpleApplication@4c5a4eda
reloadAllAccessors: .DB

===========================================================================================
----------------- testing Sun Sep 27 15:57:09 UTC 2020 /home/travis/build/icyphy/ptII/ptolemy/actor/lib/test/auto/DBDE.xml
----------------- Instantiating /home/travis/build/icyphy/ptII/ptolemy/actor/lib/test/auto/DBDE.xml
2 ms. Memory: 272384K Free: 106052K (39%)
----------------- Invoking toplevel() on ptolemy.moml.MoMLSimpleApplication@416e3baf
----------------- Done invoking toplevel() on ptolemy.moml.MoMLSimpleApplication@416e3baf
reloadAllAccessors: .DBDE

===========================================================================================
----------------- testing Sun Sep 27 15:57:09 UTC 2020 /home/travis/build/icyphy/ptII/ptolemy/actor/lib/test/auto/DateConstructor.xml
----------------- Instantiating /home/travis/build/icyphy/ptII/ptolemy/actor/lib/test/auto/DateConstructor.xml
32 ms. Memory: 272384K Free: 88140K (32%)
----------------- Invoking toplevel() on ptolemy.moml.MoMLSimpleApplication@a070f99
----------------- Done invoking toplevel() on ptolemy.moml.MoMLSimpleApplication@a070f99
reloadAllAccessors: .DateConstructor

===========================================================================================
----------------- testing Sun Sep 27 15:57:10 UTC 2020 /home/travis/build/icyphy/ptII/ptolemy/actor/lib/test/auto/DelayTime.xml
----------------- Instantiating /home/travis/build/icyphy/ptII/ptolemy/actor/lib/test/auto/DelayTime.xml
6 ms. Memory: 272384K Free: 82506K (30%)
----------------- Invoking toplevel() on ptolemy.moml.MoMLSimpleApplication@54b540b9
----------------- Done invoking toplevel() on ptolemy.moml.MoMLSimpleApplication@54b540b9
reloadAllAccessors: .DelayTime

===========================================================================================
----------------- testing Sun Sep 27 15:57:10 UTC 2020 /home/travis/build/icyphy/ptII/ptolemy/actor/lib/test/auto/Dictionary1.xml
----------------- Instantiating /home/travis/build/icyphy/ptII/ptolemy/actor/lib/test/auto/Dictionary1.xml
2 ms. Memory: 272384K Free: 77386K (28%)
----------------- Invoking toplevel() on ptolemy.moml.MoMLSimpleApplication@2aa0932d
----------------- Done invoking toplevel() on ptolemy.moml.MoMLSimpleApplication@2aa0932d
reloadAllAccessors: .Dictionary1

===========================================================================================
----------------- testing Sun Sep 27 15:57:10 UTC 2020 /home/travis/build/icyphy/ptII/ptolemy/actor/lib/test/auto/Dictionary2.xml
----------------- Instantiating /home/travis/build/icyphy/ptII/ptolemy/actor/lib/test/auto/Dictionary2.xml
4 ms. Memory: 272384K Free: 71756K (26%)
----------------- Invoking toplevel() on ptolemy.moml.MoMLSimpleApplication@272bf551
----------------- Done invoking toplevel() on ptolemy.moml.MoMLSimpleApplication@272bf551
reloadAllAccessors: .Dictionary2

===========================================================================================
----------------- testing Sun Sep 27 15:57:10 UTC 2020 /home/travis/build/icyphy/ptII/ptolemy/actor/lib/test/auto/Dictionary3.xml
----------------- Instantiating /home/travis/build/icyphy/ptII/ptolemy/actor/lib/test/auto/Dictionary3.xml
1 ms. Memory: 272384K Free: 66122K (24%)
----------------- Invoking toplevel() on ptolemy.moml.MoMLSimpleApplication@361a2e09
----------------- Done invoking toplevel() on ptolemy.moml.MoMLSimpleApplication@361a2e09
reloadAllAccessors: .Dictionary3

===========================================================================================
----------------- testing Sun Sep 27 15:57:10 UTC 2020 /home/travis/build/icyphy/ptII/ptolemy/actor/lib/test/auto/Dictionary4.xml
----------------- Instantiating /home/travis/build/icyphy/ptII/ptolemy/actor/lib/test/auto/Dictionary4.xml
3 ms. Memory: 272384K Free: 220189K (81%)
----------------- Invoking toplevel() on ptolemy.moml.MoMLSimpleApplication@1f6b9f02
----------------- Done invoking toplevel() on ptolemy.moml.MoMLSimpleApplication@1f6b9f02
reloadAllAccessors: .Dictionary4

===========================================================================================
----------------- testing Sun Sep 27 15:57:10 UTC 2020 /home/travis/build/icyphy/ptII/ptolemy/actor/lib/test/auto/Differential.xml
----------------- Instantiating /home/travis/build/icyphy/ptII/ptolemy/actor/lib/test/auto/Differential.xml
2 ms. Memory: 272384K Free: 215579K (79%)
----------------- Invoking toplevel() on ptolemy.moml.MoMLSimpleApplication@371117fc
----------------- Done invoking toplevel() on ptolemy.moml.MoMLSimpleApplication@371117fc
reloadAllAccessors: .Differential

===========================================================================================
----------------- testing Sun Sep 27 15:57:10 UTC 2020 /home/travis/build/icyphy/ptII/ptolemy/actor/lib/test/auto/Director.xml
----------------- Instantiating /home/travis/build/icyphy/ptII/ptolemy/actor/lib/test/auto/Director.xml
3 ms. Memory: 272384K Free: 211997K (78%)
----------------- Invoking toplevel() on ptolemy.moml.MoMLSimpleApplication@6fa9ac4f
----------------- Done invoking toplevel() on ptolemy.moml.MoMLSimpleApplication@6fa9ac4f
reloadAllAccessors: .Director

===========================================================================================
----------------- testing Sun Sep 27 15:57:10 UTC 2020 /home/travis/build/icyphy/ptII/ptolemy/actor/lib/test/auto/DiscreteClock.xml
----------------- Instantiating /home/travis/build/icyphy/ptII/ptolemy/actor/lib/test/auto/DiscreteClock.xml
1 ms. Memory: 272384K Free: 207901K (76%)
----------------- Invoking toplevel() on ptolemy.moml.MoMLSimpleApplication@2ae15155
----------------- Done invoking toplevel() on ptolemy.moml.MoMLSimpleApplication@2ae15155
reloadAllAccessors: .DiscreteClock

===========================================================================================
----------------- testing Sun Sep 27 15:57:10 UTC 2020 /home/travis/build/icyphy/ptII/ptolemy/actor/lib/test/auto/DiscreteClock10.xml
----------------- Instantiating /home/travis/build/icyphy/ptII/ptolemy/actor/lib/test/auto/DiscreteClock10.xml
4 ms. Memory: 272384K Free: 202267K (74%)
----------------- Invoking toplevel() on ptolemy.moml.MoMLSimpleApplication@7349c35e
----------------- Done invoking toplevel() on ptolemy.moml.MoMLSimpleApplication@7349c35e
reloadAllAccessors: .DiscreteClock10

===========================================================================================
----------------- testing Sun Sep 27 15:57:10 UTC 2020 /home/travis/build/icyphy/ptII/ptolemy/actor/lib/test/auto/DiscreteClock11.xml
----------------- Instantiating /home/travis/build/icyphy/ptII/ptolemy/actor/lib/test/auto/DiscreteClock11.xml
2 ms. Memory: 272384K Free: 196123K (72%)
----------------- Invoking toplevel() on ptolemy.moml.MoMLSimpleApplication@13eb71c0
----------------- Done invoking toplevel() on ptolemy.moml.MoMLSimpleApplication@13eb71c0
reloadAllAccessors: .DiscreteClock11

===========================================================================================
----------------- testing Sun Sep 27 15:57:10 UTC 2020 /home/travis/build/icyphy/ptII/ptolemy/actor/lib/test/auto/DiscreteClock12.xml
----------------- Instantiating /home/travis/build/icyphy/ptII/ptolemy/actor/lib/test/auto/DiscreteClock12.xml
3 ms. Memory: 272384K Free: 189979K (70%)
----------------- Invoking toplevel() on ptolemy.moml.MoMLSimpleApplication@172ed782
----------------- Done invoking toplevel() on ptolemy.moml.MoMLSimpleApplication@172ed782
reloadAllAccessors: .DiscreteClock12

===========================================================================================
----------------- testing Sun Sep 27 15:57:10 UTC 2020 /home/travis/build/icyphy/ptII/ptolemy/actor/lib/test/auto/DiscreteClock13.xml
----------------- Instantiating /home/travis/build/icyphy/ptII/ptolemy/actor/lib/test/auto/DiscreteClock13.xml
5 ms. Memory: 272384K Free: 183829K (67%)
----------------- Invoking toplevel() on ptolemy.moml.MoMLSimpleApplication@48405724
----------------- Done invoking toplevel() on ptolemy.moml.MoMLSimpleApplication@48405724
reloadAllAccessors: .DiscreteClock13

===========================================================================================
----------------- testing Sun Sep 27 15:57:10 UTC 2020 /home/travis/build/icyphy/ptII/ptolemy/actor/lib/test/auto/DiscreteClock14.xml
----------------- Instantiating /home/travis/build/icyphy/ptII/ptolemy/actor/lib/test/auto/DiscreteClock14.xml
5 ms. Memory: 272384K Free: 178205K (65%)
----------------- Invoking toplevel() on ptolemy.moml.MoMLSimpleApplication@43b8e157
----------------- Done invoking toplevel() on ptolemy.moml.MoMLSimpleApplication@43b8e157
reloadAllAccessors: .DiscreteClock14

===========================================================================================
----------------- testing Sun Sep 27 15:57:10 UTC 2020 /home/travis/build/icyphy/ptII/ptolemy/actor/lib/test/auto/DiscreteClock15.xml
----------------- Instantiating /home/travis/build/icyphy/ptII/ptolemy/actor/lib/test/auto/DiscreteClock15.xml
4 ms. Memory: 272384K Free: 172061K (63%)
----------------- Invoking toplevel() on ptolemy.moml.MoMLSimpleApplication@230eb4f7
----------------- Done invoking toplevel() on ptolemy.moml.MoMLSimpleApplication@230eb4f7
reloadAllAccessors: .DiscreteClock15

===========================================================================================
----------------- testing Sun Sep 27 15:57:10 UTC 2020 /home/travis/build/icyphy/ptII/ptolemy/actor/lib/test/auto/DiscreteClock16.xml
----------------- Instantiating /home/travis/build/icyphy/ptII/ptolemy/actor/lib/test/auto/DiscreteClock16.xml
17 ms. Memory: 272384K Free: 158221K (58%)
----------------- Invoking toplevel() on ptolemy.moml.MoMLSimpleApplication@54a23e84
----------------- Done invoking toplevel() on ptolemy.moml.MoMLSimpleApplication@54a23e84
reloadAllAccessors: .DiscreteClock16

===========================================================================================
----------------- testing Sun Sep 27 15:57:10 UTC 2020 /home/travis/build/icyphy/ptII/ptolemy/actor/lib/test/auto/DiscreteClock17.xml
----------------- Instantiating /home/travis/build/icyphy/ptII/ptolemy/actor/lib/test/auto/DiscreteClock17.xml
16 ms. Memory: 272384K Free: 143389K (53%)
----------------- Invoking toplevel() on ptolemy.moml.MoMLSimpleApplication@42eaac6c
----------------- Done invoking toplevel() on ptolemy.moml.MoMLSimpleApplication@42eaac6c
reloadAllAccessors: .DiscreteClock17

===========================================================================================
----------------- testing Sun Sep 27 15:57:10 UTC 2020 /home/travis/build/icyphy/ptII/ptolemy/actor/lib/test/auto/DiscreteClock18.xml
----------------- Instantiating /home/travis/build/icyphy/ptII/ptolemy/actor/lib/test/auto/DiscreteClock18.xml
23 ms. Memory: 272384K Free: 130077K (48%)
----------------- Invoking toplevel() on ptolemy.moml.MoMLSimpleApplication@414834e7
----------------- Done invoking toplevel() on ptolemy.moml.MoMLSimpleApplication@414834e7
reloadAllAccessors: .DiscreteClock18

===========================================================================================
----------------- testing Sun Sep 27 15:57:10 UTC 2020 /home/travis/build/icyphy/ptII/ptolemy/actor/lib/test/auto/DiscreteClock19.xml
----------------- Instantiating /home/travis/build/icyphy/ptII/ptolemy/actor/lib/test/auto/DiscreteClock19.xml
19 ms. Memory: 272384K Free: 116251K (43%)
----------------- Invoking toplevel() on ptolemy.moml.MoMLSimpleApplication@598ac3cf
----------------- Done invoking toplevel() on ptolemy.moml.MoMLSimpleApplication@598ac3cf
reloadAllAccessors: .DiscreteClock19

===========================================================================================
----------------- testing Sun Sep 27 15:57:10 UTC 2020 /home/travis/build/icyphy/ptII/ptolemy/actor/lib/test/auto/DiscreteClock2.xml
----------------- Instantiating /home/travis/build/icyphy/ptII/ptolemy/actor/lib/test/auto/DiscreteClock2.xml
6 ms. Memory: 272384K Free: 111125K (41%)
----------------- Invoking toplevel() on ptolemy.moml.MoMLSimpleApplication@6525fbe2
----------------- Done invoking toplevel() on ptolemy.moml.MoMLSimpleApplication@6525fbe2
reloadAllAccessors: .DiscreteClock2

===========================================================================================
----------------- testing Sun Sep 27 15:57:10 UTC 2020 /home/travis/build/icyphy/ptII/ptolemy/actor/lib/test/auto/DiscreteClock20.xml
----------------- Instantiating /home/travis/build/icyphy/ptII/ptolemy/actor/lib/test/auto/DiscreteClock20.xml
9 ms. Memory: 272384K Free: 105501K (39%)
----------------- Invoking toplevel() on ptolemy.moml.MoMLSimpleApplication@92d9158
----------------- Done invoking toplevel() on ptolemy.moml.MoMLSimpleApplication@92d9158
reloadAllAccessors: .DiscreteClock20

===========================================================================================
----------------- testing Sun Sep 27 15:57:10 UTC 2020 /home/travis/build/icyphy/ptII/ptolemy/actor/lib/test/auto/DiscreteClock21.xml
----------------- Instantiating /home/travis/build/icyphy/ptII/ptolemy/actor/lib/test/auto/DiscreteClock21.xml
5 ms. Memory: 272384K Free: 100381K (37%)
----------------- Invoking toplevel() on ptolemy.moml.MoMLSimpleApplication@2577b53d
----------------- Done invoking toplevel() on ptolemy.moml.MoMLSimpleApplication@2577b53d
reloadAllAccessors: .DiscreteClock21

===========================================================================================
----------------- testing Sun Sep 27 15:57:10 UTC 2020 /home/travis/build/icyphy/ptII/ptolemy/actor/lib/test/auto/DiscreteClock22.xml
----------------- Instantiating /home/travis/build/icyphy/ptII/ptolemy/actor/lib/test/auto/DiscreteClock22.xml
4 ms. Memory: 272384K Free: 94747K (35%)
----------------- Invoking toplevel() on ptolemy.moml.MoMLSimpleApplication@6e32f910
----------------- Done invoking toplevel() on ptolemy.moml.MoMLSimpleApplication@6e32f910
reloadAllAccessors: .DiscreteClock22

===========================================================================================
----------------- testing Sun Sep 27 15:57:10 UTC 2020 /home/travis/build/icyphy/ptII/ptolemy/actor/lib/test/auto/DiscreteClock23.xml
----------------- Instantiating /home/travis/build/icyphy/ptII/ptolemy/actor/lib/test/auto/DiscreteClock23.xml
9 ms. Memory: 272384K Free: 89117K (33%)
----------------- Invoking toplevel() on ptolemy.moml.MoMLSimpleApplication@2d185759
----------------- Done invoking toplevel() on ptolemy.moml.MoMLSimpleApplication@2d185759
reloadAllAccessors: .DiscreteClock23

===========================================================================================
----------------- testing Sun Sep 27 15:57:10 UTC 2020 /home/travis/build/icyphy/ptII/ptolemy/actor/lib/test/auto/DiscreteClock24.xml
----------------- Instantiating /home/travis/build/icyphy/ptII/ptolemy/actor/lib/test/auto/DiscreteClock24.xml
4 ms. Memory: 272384K Free: 83483K (31%)
----------------- Invoking toplevel() on ptolemy.moml.MoMLSimpleApplication@655e17d0
----------------- Done invoking toplevel() on ptolemy.moml.MoMLSimpleApplication@655e17d0
reloadAllAccessors: .DiscreteClock24

===========================================================================================
----------------- testing Sun Sep 27 15:57:10 UTC 2020 /home/travis/build/icyphy/ptII/ptolemy/actor/lib/test/auto/DiscreteClock4.xml
----------------- Instantiating /home/travis/build/icyphy/ptII/ptolemy/actor/lib/test/auto/DiscreteClock4.xml
7 ms. Memory: 272384K Free: 78349K (29%)
----------------- Invoking toplevel() on ptolemy.moml.MoMLSimpleApplication@34fd9b43
----------------- Done invoking toplevel() on ptolemy.moml.MoMLSimpleApplication@34fd9b43
reloadAllAccessors: .DiscreteClock4

===========================================================================================
----------------- testing Sun Sep 27 15:57:10 UTC 2020 /home/travis/build/icyphy/ptII/ptolemy/actor/lib/test/auto/DiscreteClock5.xml
----------------- Instantiating /home/travis/build/icyphy/ptII/ptolemy/actor/lib/test/auto/DiscreteClock5.xml
1 ms. Memory: 272384K Free: 72733K (27%)
----------------- Invoking toplevel() on ptolemy.moml.MoMLSimpleApplication@6f4b5dd0
----------------- Done invoking toplevel() on ptolemy.moml.MoMLSimpleApplication@6f4b5dd0
reloadAllAccessors: .DiscreteClock5

===========================================================================================
----------------- testing Sun Sep 27 15:57:10 UTC 2020 /home/travis/build/icyphy/ptII/ptolemy/actor/lib/test/auto/DiscreteClock6.xml
----------------- Instantiating /home/travis/build/icyphy/ptII/ptolemy/actor/lib/test/auto/DiscreteClock6.xml
2 ms. Memory: 272384K Free: 68123K (25%)
----------------- Invoking toplevel() on ptolemy.moml.MoMLSimpleApplication@5e458fa9
----------------- Done invoking toplevel() on ptolemy.moml.MoMLSimpleApplication@5e458fa9
reloadAllAccessors: .DiscreteClock6

===========================================================================================
----------------- testing Sun Sep 27 15:57:10 UTC 2020 /home/travis/build/icyphy/ptII/ptolemy/actor/lib/test/auto/DiscreteClock7.xml
----------------- Instantiating /home/travis/build/icyphy/ptII/ptolemy/actor/lib/test/auto/DiscreteClock7.xml
1 ms. Memory: 272384K Free: 63003K (23%)
----------------- Invoking toplevel() on ptolemy.moml.MoMLSimpleApplication@4ef5165b
----------------- Done invoking toplevel() on ptolemy.moml.MoMLSimpleApplication@4ef5165b
reloadAllAccessors: .DiscreteClock7

===========================================================================================
----------------- testing Sun Sep 27 15:57:10 UTC 2020 /home/travis/build/icyphy/ptII/ptolemy/actor/lib/test/auto/DiscreteClock8.xml
----------------- Instantiating /home/travis/build/icyphy/ptII/ptolemy/actor/lib/test/auto/DiscreteClock8.xml
4 ms. Memory: 272384K Free: 218257K (80%)
----------------- Invoking toplevel() on ptolemy.moml.MoMLSimpleApplication@72cf1a08
----------------- Done invoking toplevel() on ptolemy.moml.MoMLSimpleApplication@72cf1a08
reloadAllAccessors: .DiscreteClock8

===========================================================================================
----------------- testing Sun Sep 27 15:57:10 UTC 2020 /home/travis/build/icyphy/ptII/ptolemy/actor/lib/test/auto/DiscreteClock9.xml
----------------- Instantiating /home/travis/build/icyphy/ptII/ptolemy/actor/lib/test/auto/DiscreteClock9.xml
5 ms. Memory: 272384K Free: 212113K (78%)
----------------- Invoking toplevel() on ptolemy.moml.MoMLSimpleApplication@50d79db6
----------------- Done invoking toplevel() on ptolemy.moml.MoMLSimpleApplication@50d79db6
reloadAllAccessors: .DiscreteClock9

===========================================================================================
----------------- testing Sun Sep 27 15:57:10 UTC 2020 /home/travis/build/icyphy/ptII/ptolemy/actor/lib/test/auto/DisplayArray.xml
----------------- Instantiating /home/travis/build/icyphy/ptII/ptolemy/actor/lib/test/auto/DisplayArray.xml
1 ms. Memory: 272384K Free: 208527K (77%)
----------------- Invoking toplevel() on ptolemy.moml.MoMLSimpleApplication@5ba3498d
----------------- Done invoking toplevel() on ptolemy.moml.MoMLSimpleApplication@5ba3498d
reloadAllAccessors: .DisplayArray

===========================================================================================
----------------- testing Sun Sep 27 15:57:10 UTC 2020 /home/travis/build/icyphy/ptII/ptolemy/actor/lib/test/auto/Distributor.xml
----------------- Instantiating /home/travis/build/icyphy/ptII/ptolemy/actor/lib/test/auto/Distributor.xml
2 ms. Memory: 272384K Free: 203407K (75%)
----------------- Invoking toplevel() on ptolemy.moml.MoMLSimpleApplication@5f2da9c0
----------------- Done invoking toplevel() on ptolemy.moml.MoMLSimpleApplication@5f2da9c0
reloadAllAccessors: .Distributor

===========================================================================================
----------------- testing Sun Sep 27 15:57:10 UTC 2020 /home/travis/build/icyphy/ptII/ptolemy/actor/lib/test/auto/Distributor2.xml
----------------- Instantiating /home/travis/build/icyphy/ptII/ptolemy/actor/lib/test/auto/Distributor2.xml
2 ms. Memory: 272384K Free: 198287K (73%)
----------------- Invoking toplevel() on ptolemy.moml.MoMLSimpleApplication@6921dc5a
----------------- Done invoking toplevel() on ptolemy.moml.MoMLSimpleApplication@6921dc5a
reloadAllAccessors: .Distributor2

===========================================================================================
----------------- testing Sun Sep 27 15:57:10 UTC 2020 /home/travis/build/icyphy/ptII/ptolemy/actor/lib/test/auto/DownSample.xml
----------------- Instantiating /home/travis/build/icyphy/ptII/ptolemy/actor/lib/test/auto/DownSample.xml
2 ms. Memory: 272384K Free: 194191K (71%)
----------------- Invoking toplevel() on ptolemy.moml.MoMLSimpleApplication@2a63a29d
----------------- Done invoking toplevel() on ptolemy.moml.MoMLSimpleApplication@2a63a29d
reloadAllAccessors: .DownSample

===========================================================================================
----------------- testing Sun Sep 27 15:57:10 UTC 2020 /home/travis/build/icyphy/ptII/ptolemy/actor/lib/test/auto/ElectronicUnitBase1.xml
----------------- Instantiating /home/travis/build/icyphy/ptII/ptolemy/actor/lib/test/auto/ElectronicUnitBase1.xml
15 ms. Memory: 272384K Free: 177807K (65%)
----------------- Invoking toplevel() on ptolemy.moml.MoMLSimpleApplication@5d78d74c
----------------- Done invoking toplevel() on ptolemy.moml.MoMLSimpleApplication@5d78d74c
reloadAllAccessors: .ElectronicUnitBase1

===========================================================================================
----------------- testing Sun Sep 27 15:57:10 UTC 2020 /home/travis/build/icyphy/ptII/ptolemy/actor/lib/test/auto/ElementsToArray.xml
----------------- Instantiating /home/travis/build/icyphy/ptII/ptolemy/actor/lib/test/auto/ElementsToArray.xml
3 ms. Memory: 272384K Free: 172687K (63%)
----------------- Invoking toplevel() on ptolemy.moml.MoMLSimpleApplication@5c21193a
----------------- Done invoking toplevel() on ptolemy.moml.MoMLSimpleApplication@5c21193a
reloadAllAccessors: .ElementsToArray

===========================================================================================
----------------- testing Sun Sep 27 15:57:10 UTC 2020 /home/travis/build/icyphy/ptII/ptolemy/actor/lib/test/auto/Equals.xml
----------------- Instantiating /home/travis/build/icyphy/ptII/ptolemy/actor/lib/test/auto/Equals.xml
3 ms. Memory: 272384K Free: 168081K (62%)
----------------- Invoking toplevel() on ptolemy.moml.MoMLSimpleApplication@30b7951c
----------------- Done invoking toplevel() on ptolemy.moml.MoMLSimpleApplication@30b7951c
reloadAllAccessors: .Equals

===========================================================================================
----------------- testing Sun Sep 27 15:57:10 UTC 2020 /home/travis/build/icyphy/ptII/ptolemy/actor/lib/test/auto/Exec.xml
----------------- Instantiating /home/travis/build/icyphy/ptII/ptolemy/actor/lib/test/auto/Exec.xml
19 ms. Memory: 272384K Free: 162447K (60%)
----------------- Invoking toplevel() on ptolemy.moml.MoMLSimpleApplication@ccceea8
----------------- Done invoking toplevel() on ptolemy.moml.MoMLSimpleApplication@ccceea8
reloadAllAccessors: .Exec

===========================================================================================
----------------- testing Sun Sep 27 15:57:11 UTC 2020 /home/travis/build/icyphy/ptII/ptolemy/actor/lib/test/auto/ExecEnvironment.xml
----------------- Instantiating /home/travis/build/icyphy/ptII/ptolemy/actor/lib/test/auto/ExecEnvironment.xml
19 ms. Memory: 272384K Free: 157841K (58%)
----------------- Invoking toplevel() on ptolemy.moml.MoMLSimpleApplication@5d10c06a
----------------- Done invoking toplevel() on ptolemy.moml.MoMLSimpleApplication@5d10c06a
reloadAllAccessors: .ExecEnvironment

===========================================================================================
----------------- testing Sun Sep 27 15:57:11 UTC 2020 /home/travis/build/icyphy/ptII/ptolemy/actor/lib/test/auto/ExecNonZeroReturnOutput.xml
----------------- Instantiating /home/travis/build/icyphy/ptII/ptolemy/actor/lib/test/auto/ExecNonZeroReturnOutput.xml
158 ms. Memory: 272384K Free: 146577K (54%)
----------------- Invoking toplevel() on ptolemy.moml.MoMLSimpleApplication@5d7bc806
----------------- Done invoking toplevel() on ptolemy.moml.MoMLSimpleApplication@5d7bc806
reloadAllAccessors: .ExecNonZeroReturnOutput

===========================================================================================
----------------- testing Sun Sep 27 15:57:11 UTC 2020 /home/travis/build/icyphy/ptII/ptolemy/actor/lib/test/auto/ExecRunDemos.xml
----------------- Instantiating /home/travis/build/icyphy/ptII/ptolemy/actor/lib/test/auto/ExecRunDemos.xml
Finished: 76 ms. Memory: 129024K Free: 112409K (87%)

Finished: 62 ms. Memory: 129024K Free: 109428K (85%)

Finished: 108 ms. Memory: 129024K Free: 109482K (85%)

Finished: 60 ms. Memory: 129024K Free: 111383K (86%)

Finished: 70 ms. Memory: 129024K Free: 111886K (87%)

10445 ms. Memory: 272384K Free: 125071K (46%)
----------------- Invoking toplevel() on ptolemy.moml.MoMLSimpleApplication@ee83d13
----------------- Done invoking toplevel() on ptolemy.moml.MoMLSimpleApplication@ee83d13
reloadAllAccessors: .ExecRunDemos

===========================================================================================
----------------- testing Sun Sep 27 15:57:21 UTC 2020 /home/travis/build/icyphy/ptII/ptolemy/actor/lib/test/auto/ExecStop.xml
----------------- Instantiating /home/travis/build/icyphy/ptII/ptolemy/actor/lib/test/auto/ExecStop.xml
5015 ms. Memory: 272384K Free: 161110K (59%)
----------------- Invoking toplevel() on ptolemy.moml.MoMLSimpleApplication@78cb8f3
----------------- Done invoking toplevel() on ptolemy.moml.MoMLSimpleApplication@78cb8f3
reloadAllAccessors: .ExecStop

===========================================================================================
----------------- testing Sun Sep 27 15:57:26 UTC 2020 /home/travis/build/icyphy/ptII/ptolemy/actor/lib/test/auto/ExecutionTimeSDF.xml
----------------- Instantiating /home/travis/build/icyphy/ptII/ptolemy/actor/lib/test/auto/ExecutionTimeSDF.xml
Fired ExecutionTime: -823767296
Fired ExecutionTime: 1554000000
Fired ExecutionTime: -172567296
6007 ms. Memory: 272384K Free: 148312K (54%)
----------------- Invoking toplevel() on ptolemy.moml.MoMLSimpleApplication@1403e38d
----------------- Done invoking toplevel() on ptolemy.moml.MoMLSimpleApplication@1403e38d
reloadAllAccessors: .ExecutionTimeSDF

===========================================================================================
----------------- testing Sun Sep 27 15:57:32 UTC 2020 /home/travis/build/icyphy/ptII/ptolemy/actor/lib/test/auto/Expression1.xml
----------------- Instantiating /home/travis/build/icyphy/ptII/ptolemy/actor/lib/test/auto/Expression1.xml
1 ms. Memory: 272384K Free: 144798K (53%)
----------------- Invoking toplevel() on ptolemy.moml.MoMLSimpleApplication@5b1ed88b
----------------- Done invoking toplevel() on ptolemy.moml.MoMLSimpleApplication@5b1ed88b
reloadAllAccessors: .Expression1

===========================================================================================
----------------- testing Sun Sep 27 15:57:32 UTC 2020 /home/travis/build/icyphy/ptII/ptolemy/actor/lib/test/auto/Expression10.xml
----------------- Instantiating /home/travis/build/icyphy/ptII/ptolemy/actor/lib/test/auto/Expression10.xml
5 ms. Memory: 272384K Free: 139284K (51%)
----------------- Invoking toplevel() on ptolemy.moml.MoMLSimpleApplication@40ccccf9
----------------- Done invoking toplevel() on ptolemy.moml.MoMLSimpleApplication@40ccccf9
reloadAllAccessors: .Expression10

===========================================================================================
----------------- testing Sun Sep 27 15:57:32 UTC 2020 /home/travis/build/icyphy/ptII/ptolemy/actor/lib/test/auto/Expression11.xml
----------------- Instantiating /home/travis/build/icyphy/ptII/ptolemy/actor/lib/test/auto/Expression11.xml
2 ms. Memory: 272384K Free: 135000K (50%)
----------------- Invoking toplevel() on ptolemy.moml.MoMLSimpleApplication@1ea4bf53
----------------- Done invoking toplevel() on ptolemy.moml.MoMLSimpleApplication@1ea4bf53
reloadAllAccessors: .Expression11

===========================================================================================
----------------- testing Sun Sep 27 15:57:32 UTC 2020 /home/travis/build/icyphy/ptII/ptolemy/actor/lib/test/auto/Expression12.xml
----------------- Instantiating /home/travis/build/icyphy/ptII/ptolemy/actor/lib/test/auto/Expression12.xml
2 ms. Memory: 272384K Free: 129454K (48%)
----------------- Invoking toplevel() on ptolemy.moml.MoMLSimpleApplication@2cc03d84
----------------- Done invoking toplevel() on ptolemy.moml.MoMLSimpleApplication@2cc03d84
reloadAllAccessors: .Expression12

===========================================================================================
----------------- testing Sun Sep 27 15:57:32 UTC 2020 /home/travis/build/icyphy/ptII/ptolemy/actor/lib/test/auto/Expression13.xml
----------------- Instantiating /home/travis/build/icyphy/ptII/ptolemy/actor/lib/test/auto/Expression13.xml
3 ms. Memory: 272384K Free: 124326K (46%)
----------------- Invoking toplevel() on ptolemy.moml.MoMLSimpleApplication@4dff8493
----------------- Done invoking toplevel() on ptolemy.moml.MoMLSimpleApplication@4dff8493
reloadAllAccessors: .Expression13

===========================================================================================
----------------- testing Sun Sep 27 15:57:32 UTC 2020 /home/travis/build/icyphy/ptII/ptolemy/actor/lib/test/auto/Expression14.xml
----------------- Instantiating /home/travis/build/icyphy/ptII/ptolemy/actor/lib/test/auto/Expression14.xml
3 ms. Memory: 272384K Free: 118796K (44%)
----------------- Invoking toplevel() on ptolemy.moml.MoMLSimpleApplication@6b36dcf3
----------------- Done invoking toplevel() on ptolemy.moml.MoMLSimpleApplication@6b36dcf3
reloadAllAccessors: .Expression14

===========================================================================================
----------------- testing Sun Sep 27 15:57:32 UTC 2020 /home/travis/build/icyphy/ptII/ptolemy/actor/lib/test/auto/Expression15.xml
----------------- Instantiating /home/travis/build/icyphy/ptII/ptolemy/actor/lib/test/auto/Expression15.xml
2 ms. Memory: 272384K Free: 114520K (42%)
----------------- Invoking toplevel() on ptolemy.moml.MoMLSimpleApplication@615e0181
----------------- Done invoking toplevel() on ptolemy.moml.MoMLSimpleApplication@615e0181
reloadAllAccessors: .Expression15

===========================================================================================
----------------- testing Sun Sep 27 15:57:32 UTC 2020 /home/travis/build/icyphy/ptII/ptolemy/actor/lib/test/auto/Expression16.xml
----------------- Instantiating /home/travis/build/icyphy/ptII/ptolemy/actor/lib/test/auto/Expression16.xml
3 ms. Memory: 272384K Free: 109596K (40%)
----------------- Invoking toplevel() on ptolemy.moml.MoMLSimpleApplication@767d2365
----------------- Done invoking toplevel() on ptolemy.moml.MoMLSimpleApplication@767d2365
reloadAllAccessors: .Expression16

===========================================================================================
----------------- testing Sun Sep 27 15:57:32 UTC 2020 /home/travis/build/icyphy/ptII/ptolemy/actor/lib/test/auto/Expression17.xml
----------------- Instantiating /home/travis/build/icyphy/ptII/ptolemy/actor/lib/test/auto/Expression17.xml
3 ms. Memory: 272384K Free: 104900K (39%)
----------------- Invoking toplevel() on ptolemy.moml.MoMLSimpleApplication@670dfb4f
----------------- Done invoking toplevel() on ptolemy.moml.MoMLSimpleApplication@670dfb4f
reloadAllAccessors: .Expression17

===========================================================================================
----------------- testing Sun Sep 27 15:57:32 UTC 2020 /home/travis/build/icyphy/ptII/ptolemy/actor/lib/test/auto/Expression18.xml
----------------- Instantiating /home/travis/build/icyphy/ptII/ptolemy/actor/lib/test/auto/Expression18.xml
2 ms. Memory: 272384K Free: 99750K (37%)
----------------- Invoking toplevel() on ptolemy.moml.MoMLSimpleApplication@1edfed52
----------------- Done invoking toplevel() on ptolemy.moml.MoMLSimpleApplication@1edfed52
reloadAllAccessors: .Expression18

===========================================================================================
----------------- testing Sun Sep 27 15:57:32 UTC 2020 /home/travis/build/icyphy/ptII/ptolemy/actor/lib/test/auto/Expression2.xml
----------------- Instantiating /home/travis/build/icyphy/ptII/ptolemy/actor/lib/test/auto/Expression2.xml
3 ms. Memory: 272384K Free: 95252K (35%)
----------------- Invoking toplevel() on ptolemy.moml.MoMLSimpleApplication@745bf9fa
----------------- Done invoking toplevel() on ptolemy.moml.MoMLSimpleApplication@745bf9fa
reloadAllAccessors: .Expression2

===========================================================================================
----------------- testing Sun Sep 27 15:57:33 UTC 2020 /home/travis/build/icyphy/ptII/ptolemy/actor/lib/test/auto/Expression3.xml
----------------- Instantiating /home/travis/build/icyphy/ptII/ptolemy/actor/lib/test/auto/Expression3.xml
2 ms. Memory: 272384K Free: 90124K (33%)
----------------- Invoking toplevel() on ptolemy.moml.MoMLSimpleApplication@7a243a97
----------------- Done invoking toplevel() on ptolemy.moml.MoMLSimpleApplication@7a243a97
reloadAllAccessors: .Expression3

===========================================================================================
----------------- testing Sun Sep 27 15:57:33 UTC 2020 /home/travis/build/icyphy/ptII/ptolemy/actor/lib/test/auto/Expression4.xml
----------------- Instantiating /home/travis/build/icyphy/ptII/ptolemy/actor/lib/test/auto/Expression4.xml
5 ms. Memory: 272384K Free: 82978K (30%)
----------------- Invoking toplevel() on ptolemy.moml.MoMLSimpleApplication@7706eaa3
----------------- Done invoking toplevel() on ptolemy.moml.MoMLSimpleApplication@7706eaa3
reloadAllAccessors: .Expression4

===========================================================================================
----------------- testing Sun Sep 27 15:57:33 UTC 2020 /home/travis/build/icyphy/ptII/ptolemy/actor/lib/test/auto/Expression5.xml
----------------- Instantiating /home/travis/build/icyphy/ptII/ptolemy/actor/lib/test/auto/Expression5.xml
5 ms. Memory: 272384K Free: 77656K (29%)
----------------- Invoking toplevel() on ptolemy.moml.MoMLSimpleApplication@310b8130
----------------- Done invoking toplevel() on ptolemy.moml.MoMLSimpleApplication@310b8130
reloadAllAccessors: .Expression5

===========================================================================================
----------------- testing Sun Sep 27 15:57:33 UTC 2020 /home/travis/build/icyphy/ptII/ptolemy/actor/lib/test/auto/Expression6.xml
----------------- Instantiating /home/travis/build/icyphy/ptII/ptolemy/actor/lib/test/auto/Expression6.xml
2 ms. Memory: 272384K Free: 73746K (27%)
----------------- Invoking toplevel() on ptolemy.moml.MoMLSimpleApplication@5cb53911
----------------- Done invoking toplevel() on ptolemy.moml.MoMLSimpleApplication@5cb53911
reloadAllAccessors: .Expression6

===========================================================================================
----------------- testing Sun Sep 27 15:57:33 UTC 2020 /home/travis/build/icyphy/ptII/ptolemy/actor/lib/test/auto/Expression7.xml
----------------- Instantiating /home/travis/build/icyphy/ptII/ptolemy/actor/lib/test/auto/Expression7.xml
2 ms. Memory: 272384K Free: 68620K (25%)
----------------- Invoking toplevel() on ptolemy.moml.MoMLSimpleApplication@6f17614e
----------------- Done invoking toplevel() on ptolemy.moml.MoMLSimpleApplication@6f17614e
reloadAllAccessors: .Expression7

===========================================================================================
----------------- testing Sun Sep 27 15:57:33 UTC 2020 /home/travis/build/icyphy/ptII/ptolemy/actor/lib/test/auto/Expression8.xml
----------------- Instantiating /home/travis/build/icyphy/ptII/ptolemy/actor/lib/test/auto/Expression8.xml
8 ms. Memory: 272384K Free: 64344K (24%)
----------------- Invoking toplevel() on ptolemy.moml.MoMLSimpleApplication@222a7c73
----------------- Done invoking toplevel() on ptolemy.moml.MoMLSimpleApplication@222a7c73
reloadAllAccessors: .Expression8

===========================================================================================
----------------- testing Sun Sep 27 15:57:33 UTC 2020 /home/travis/build/icyphy/ptII/ptolemy/actor/lib/test/auto/Expression9.xml
----------------- Instantiating /home/travis/build/icyphy/ptII/ptolemy/actor/lib/test/auto/Expression9.xml
1 ms. Memory: 272384K Free: 221073K (81%)
----------------- Invoking toplevel() on ptolemy.moml.MoMLSimpleApplication@1d9e1239
----------------- Done invoking toplevel() on ptolemy.moml.MoMLSimpleApplication@1d9e1239
reloadAllAccessors: .Expression9

===========================================================================================
----------------- testing Sun Sep 27 15:57:33 UTC 2020 /home/travis/build/icyphy/ptII/ptolemy/actor/lib/test/auto/ExpressionConcatenateArrayType.xml
----------------- Instantiating /home/travis/build/icyphy/ptII/ptolemy/actor/lib/test/auto/ExpressionConcatenateArrayType.xml
3 ms. Memory: 272384K Free: 214150K (79%)
----------------- Invoking toplevel() on ptolemy.moml.MoMLSimpleApplication@2e2bdb5e
----------------- Done invoking toplevel() on ptolemy.moml.MoMLSimpleApplication@2e2bdb5e
reloadAllAccessors: .ExpressionConcatenateArrayType

===========================================================================================
----------------- testing Sun Sep 27 15:57:33 UTC 2020 /home/travis/build/icyphy/ptII/ptolemy/actor/lib/test/auto/ExpressionConcatenateArrayType2.xml
----------------- Instantiating /home/travis/build/icyphy/ptII/ptolemy/actor/lib/test/auto/ExpressionConcatenateArrayType2.xml
2 ms. Memory: 272384K Free: 208006K (76%)
----------------- Invoking toplevel() on ptolemy.moml.MoMLSimpleApplication@3d6d6f
----------------- Done invoking toplevel() on ptolemy.moml.MoMLSimpleApplication@3d6d6f
reloadAllAccessors: .ExpressionConcatenateArrayType2

===========================================================================================
----------------- testing Sun Sep 27 15:57:33 UTC 2020 /home/travis/build/icyphy/ptII/ptolemy/actor/lib/test/auto/ExpressionFix.xml
----------------- Instantiating /home/travis/build/icyphy/ptII/ptolemy/actor/lib/test/auto/ExpressionFix.xml
19 ms. Memory: 272384K Free: 201862K (74%)
----------------- Invoking toplevel() on ptolemy.moml.MoMLSimpleApplication@15f849c3
----------------- Done invoking toplevel() on ptolemy.moml.MoMLSimpleApplication@15f849c3
reloadAllAccessors: .ExpressionFix

===========================================================================================
----------------- testing Sun Sep 27 15:57:33 UTC 2020 /home/travis/build/icyphy/ptII/ptolemy/actor/lib/test/auto/ExpressionFix2.xml
----------------- Instantiating /home/travis/build/icyphy/ptII/ptolemy/actor/lib/test/auto/ExpressionFix2.xml
3 ms. Memory: 272384K Free: 197766K (73%)
----------------- Invoking toplevel() on ptolemy.moml.MoMLSimpleApplication@79ae221e
----------------- Done invoking toplevel() on ptolemy.moml.MoMLSimpleApplication@79ae221e
reloadAllAccessors: .ExpressionFix2

===========================================================================================
----------------- testing Sun Sep 27 15:57:33 UTC 2020 /home/travis/build/icyphy/ptII/ptolemy/actor/lib/test/auto/ExpressionFix3.xml
----------------- Instantiating /home/travis/build/icyphy/ptII/ptolemy/actor/lib/test/auto/ExpressionFix3.xml
4 ms. Memory: 272384K Free: 193160K (71%)
----------------- Invoking toplevel() on ptolemy.moml.MoMLSimpleApplication@438aa9b9
----------------- Done invoking toplevel() on ptolemy.moml.MoMLSimpleApplication@438aa9b9
reloadAllAccessors: .ExpressionFix3

===========================================================================================
----------------- testing Sun Sep 27 15:57:33 UTC 2020 /home/travis/build/icyphy/ptII/ptolemy/actor/lib/test/auto/FileWriter1.xml
----------------- Instantiating /home/travis/build/icyphy/ptII/ptolemy/actor/lib/test/auto/FileWriter1.xml
2 ms. Memory: 272384K Free: 189064K (69%)
----------------- Invoking toplevel() on ptolemy.moml.MoMLSimpleApplication@2d83b462
----------------- Done invoking toplevel() on ptolemy.moml.MoMLSimpleApplication@2d83b462
reloadAllAccessors: .FileWriter1

===========================================================================================
----------------- testing Sun Sep 27 15:57:33 UTC 2020 /home/travis/build/icyphy/ptII/ptolemy/actor/lib/test/auto/FileWriter2.xml
----------------- Instantiating /home/travis/build/icyphy/ptII/ptolemy/actor/lib/test/auto/FileWriter2.xml
2 ms. Memory: 272384K Free: 184439K (68%)
----------------- Invoking toplevel() on ptolemy.moml.MoMLSimpleApplication@3689b5eb
----------------- Done invoking toplevel() on ptolemy.moml.MoMLSimpleApplication@3689b5eb
reloadAllAccessors: .FileWriter2

===========================================================================================
----------------- testing Sun Sep 27 15:57:33 UTC 2020 /home/travis/build/icyphy/ptII/ptolemy/actor/lib/test/auto/FileWriter3.xml
----------------- Instantiating /home/travis/build/icyphy/ptII/ptolemy/actor/lib/test/auto/FileWriter3.xml
4 ms. Memory: 272384K Free: 180358K (66%)
----------------- Invoking toplevel() on ptolemy.moml.MoMLSimpleApplication@2f602dc9
----------------- Done invoking toplevel() on ptolemy.moml.MoMLSimpleApplication@2f602dc9
reloadAllAccessors: .FileWriter3

===========================================================================================
----------------- testing Sun Sep 27 15:57:33 UTC 2020 /home/travis/build/icyphy/ptII/ptolemy/actor/lib/test/auto/Gaussian.xml
----------------- Instantiating /home/travis/build/icyphy/ptII/ptolemy/actor/lib/test/auto/Gaussian.xml
2 ms. Memory: 272384K Free: 176262K (65%)
----------------- Invoking toplevel() on ptolemy.moml.MoMLSimpleApplication@2fed5642
----------------- Done invoking toplevel() on ptolemy.moml.MoMLSimpleApplication@2fed5642
reloadAllAccessors: .Gaussian

===========================================================================================
----------------- testing Sun Sep 27 15:57:33 UTC 2020 /home/travis/build/icyphy/ptII/ptolemy/actor/lib/test/auto/Gaussian1.xml
----------------- Instantiating /home/travis/build/icyphy/ptII/ptolemy/actor/lib/test/auto/Gaussian1.xml
9 ms. Memory: 272384K Free: 171127K (63%)
----------------- Invoking toplevel() on ptolemy.moml.MoMLSimpleApplication@5433826d
----------------- Done invoking toplevel() on ptolemy.moml.MoMLSimpleApplication@5433826d
reloadAllAccessors: .Gaussian1

===========================================================================================
----------------- testing Sun Sep 27 15:57:33 UTC 2020 /home/travis/build/icyphy/ptII/ptolemy/actor/lib/test/auto/Gaussian2.xml
----------------- Instantiating /home/travis/build/icyphy/ptII/ptolemy/actor/lib/test/auto/Gaussian2.xml
2 ms. Memory: 272384K Free: 165512K (61%)
----------------- Invoking toplevel() on ptolemy.moml.MoMLSimpleApplication@542a29ef
----------------- Done invoking toplevel() on ptolemy.moml.MoMLSimpleApplication@542a29ef
reloadAllAccessors: .Gaussian2

===========================================================================================
----------------- testing Sun Sep 27 15:57:33 UTC 2020 /home/travis/build/icyphy/ptII/ptolemy/actor/lib/test/auto/GradientAdaptiveLattice.xml
----------------- Instantiating /home/travis/build/icyphy/ptII/ptolemy/actor/lib/test/auto/GradientAdaptiveLattice.xml
2 ms. Memory: 272384K Free: 160392K (59%)
----------------- Invoking toplevel() on ptolemy.moml.MoMLSimpleApplication@f6ff1e9
----------------- Done invoking toplevel() on ptolemy.moml.MoMLSimpleApplication@f6ff1e9
reloadAllAccessors: .GradientAdaptiveLattice

===========================================================================================
----------------- testing Sun Sep 27 15:57:33 UTC 2020 /home/travis/build/icyphy/ptII/ptolemy/actor/lib/test/auto/IIR.xml
----------------- Instantiating /home/travis/build/icyphy/ptII/ptolemy/actor/lib/test/auto/IIR.xml
2 ms. Memory: 272384K Free: 155782K (57%)
----------------- Invoking toplevel() on ptolemy.moml.MoMLSimpleApplication@31f7a85
----------------- Done invoking toplevel() on ptolemy.moml.MoMLSimpleApplication@31f7a85
reloadAllAccessors: .IIR

===========================================================================================
----------------- testing Sun Sep 27 15:57:33 UTC 2020 /home/travis/build/icyphy/ptII/ptolemy/actor/lib/test/auto/InputOutputTransparentPorts.xml
----------------- Instantiating /home/travis/build/icyphy/ptII/ptolemy/actor/lib/test/auto/InputOutputTransparentPorts.xml
1 ms. Memory: 272384K Free: 148614K (55%)
----------------- Invoking toplevel() on ptolemy.moml.MoMLSimpleApplication@6702f39f
----------------- Done invoking toplevel() on ptolemy.moml.MoMLSimpleApplication@6702f39f
reloadAllAccessors: .InputOutputTransparentPorts

===========================================================================================
----------------- testing Sun Sep 27 15:57:33 UTC 2020 /home/travis/build/icyphy/ptII/ptolemy/actor/lib/test/auto/Interpolator.xml
----------------- Instantiating /home/travis/build/icyphy/ptII/ptolemy/actor/lib/test/auto/Interpolator.xml
3 ms. Memory: 272384K Free: 144518K (53%)
----------------- Invoking toplevel() on ptolemy.moml.MoMLSimpleApplication@1fa8949b
----------------- Done invoking toplevel() on ptolemy.moml.MoMLSimpleApplication@1fa8949b
reloadAllAccessors: .Interpolator

===========================================================================================
----------------- testing Sun Sep 27 15:57:33 UTC 2020 /home/travis/build/icyphy/ptII/ptolemy/actor/lib/test/auto/InterpolatorFiringLimitDE.xml
----------------- Instantiating /home/travis/build/icyphy/ptII/ptolemy/actor/lib/test/auto/InterpolatorFiringLimitDE.xml
2 ms. Memory: 272384K Free: 138888K (51%)
----------------- Invoking toplevel() on ptolemy.moml.MoMLSimpleApplication@74ecfde7
----------------- Done invoking toplevel() on ptolemy.moml.MoMLSimpleApplication@74ecfde7
reloadAllAccessors: .InterpolatorFiringLimitDE

===========================================================================================
----------------- testing Sun Sep 27 15:57:33 UTC 2020 /home/travis/build/icyphy/ptII/ptolemy/actor/lib/test/auto/Lattice.xml
----------------- Instantiating /home/travis/build/icyphy/ptII/ptolemy/actor/lib/test/auto/Lattice.xml
2 ms. Memory: 272384K Free: 134792K (49%)
----------------- Invoking toplevel() on ptolemy.moml.MoMLSimpleApplication@56b30a75
----------------- Done invoking toplevel() on ptolemy.moml.MoMLSimpleApplication@56b30a75
reloadAllAccessors: .Lattice

===========================================================================================
----------------- testing Sun Sep 27 15:57:33 UTC 2020 /home/travis/build/icyphy/ptII/ptolemy/actor/lib/test/auto/LazyAOCTestLazy.xml
----------------- Instantiating /home/travis/build/icyphy/ptII/ptolemy/actor/lib/test/auto/LazyAOCTestLazy.xml
7 ms. Memory: 272384K Free: 128648K (47%)
----------------- Invoking toplevel() on ptolemy.moml.MoMLSimpleApplication@6c4c3f21
----------------- Done invoking toplevel() on ptolemy.moml.MoMLSimpleApplication@6c4c3f21
reloadAllAccessors: .LazyAOCTestLazy

===========================================================================================
----------------- testing Sun Sep 27 15:57:33 UTC 2020 /home/travis/build/icyphy/ptII/ptolemy/actor/lib/test/auto/LazyAOCTestNonLazy.xml
----------------- Instantiating /home/travis/build/icyphy/ptII/ptolemy/actor/lib/test/auto/LazyAOCTestNonLazy.xml
2 ms. Memory: 272384K Free: 121990K (45%)
----------------- Invoking toplevel() on ptolemy.moml.MoMLSimpleApplication@7aa00fe
----------------- Done invoking toplevel() on ptolemy.moml.MoMLSimpleApplication@7aa00fe
reloadAllAccessors: .LazyAOCTestNonLazy

===========================================================================================
----------------- testing Sun Sep 27 15:57:33 UTC 2020 /home/travis/build/icyphy/ptII/ptolemy/actor/lib/test/auto/LazyInnerClass.xml
----------------- Instantiating /home/travis/build/icyphy/ptII/ptolemy/actor/lib/test/auto/LazyInnerClass.xml
19 ms. Memory: 272384K Free: 113288K (42%)
----------------- Invoking toplevel() on ptolemy.moml.MoMLSimpleApplication@3687cd83
----------------- Done invoking toplevel() on ptolemy.moml.MoMLSimpleApplication@3687cd83
reloadAllAccessors: .LazyInnerClass

===========================================================================================
----------------- testing Sun Sep 27 15:57:33 UTC 2020 /home/travis/build/icyphy/ptII/ptolemy/actor/lib/test/auto/LazyPubSub.xml
----------------- Instantiating /home/travis/build/icyphy/ptII/ptolemy/actor/lib/test/auto/LazyPubSub.xml
23 ms. Memory: 272384K Free: 102534K (38%)
----------------- Invoking toplevel() on ptolemy.moml.MoMLSimpleApplication@3aa28aa
----------------- Done invoking toplevel() on ptolemy.moml.MoMLSimpleApplication@3aa28aa
reloadAllAccessors: .LazyPubSub

===========================================================================================
----------------- testing Sun Sep 27 15:57:33 UTC 2020 /home/travis/build/icyphy/ptII/ptolemy/actor/lib/test/auto/LazyPubSub2.xml
----------------- Instantiating /home/travis/build/icyphy/ptII/ptolemy/actor/lib/test/auto/LazyPubSub2.xml
17 ms. Memory: 272384K Free: 92294K (34%)
----------------- Invoking toplevel() on ptolemy.moml.MoMLSimpleApplication@4d01460c
----------------- Done invoking toplevel() on ptolemy.moml.MoMLSimpleApplication@4d01460c
reloadAllAccessors: .LazyPubSub2

===========================================================================================
----------------- testing Sun Sep 27 15:57:33 UTC 2020 /home/travis/build/icyphy/ptII/ptolemy/actor/lib/test/auto/LazyPubSub3.xml
----------------- Instantiating /home/travis/build/icyphy/ptII/ptolemy/actor/lib/test/auto/LazyPubSub3.xml
11 ms. Memory: 272384K Free: 82054K (30%)
----------------- Invoking toplevel() on ptolemy.moml.MoMLSimpleApplication@3912df44
----------------- Done invoking toplevel() on ptolemy.moml.MoMLSimpleApplication@3912df44
reloadAllAccessors: .LazyPubSub3

===========================================================================================
----------------- testing Sun Sep 27 15:57:33 UTC 2020 /home/travis/build/icyphy/ptII/ptolemy/actor/lib/test/auto/LazySubClassModel.xml
----------------- Instantiating /home/travis/build/icyphy/ptII/ptolemy/actor/lib/test/auto/LazySubClassModel.xml
1 ms. Memory: 272384K Free: 73352K (27%)
----------------- Invoking toplevel() on ptolemy.moml.MoMLSimpleApplication@3f2ff4cd
----------------- Done invoking toplevel() on ptolemy.moml.MoMLSimpleApplication@3f2ff4cd
reloadAllAccessors: .LazySubClassModel

===========================================================================================
----------------- testing Sun Sep 27 15:57:33 UTC 2020 /home/travis/build/icyphy/ptII/ptolemy/actor/lib/test/auto/LevelCrossTest1.xml
----------------- Instantiating /home/travis/build/icyphy/ptII/ptolemy/actor/lib/test/auto/LevelCrossTest1.xml
6 ms. Memory: 272384K Free: 67718K (25%)
----------------- Invoking toplevel() on ptolemy.moml.MoMLSimpleApplication@19eec4ef
----------------- Done invoking toplevel() on ptolemy.moml.MoMLSimpleApplication@19eec4ef
reloadAllAccessors: .broken

===========================================================================================
----------------- testing Sun Sep 27 15:57:33 UTC 2020 /home/travis/build/icyphy/ptII/ptolemy/actor/lib/test/auto/LevelCrossTest10.xml
----------------- Instantiating /home/travis/build/icyphy/ptII/ptolemy/actor/lib/test/auto/LevelCrossTest10.xml
10 ms. Memory: 272384K Free: 221168K (81%)
----------------- Invoking toplevel() on ptolemy.moml.MoMLSimpleApplication@8d1ce52
----------------- Done invoking toplevel() on ptolemy.moml.MoMLSimpleApplication@8d1ce52
reloadAllAccessors: .LevelCrossTest10

===========================================================================================
----------------- testing Sun Sep 27 15:57:33 UTC 2020 /home/travis/build/icyphy/ptII/ptolemy/actor/lib/test/auto/LevelCrossTest11.xml
----------------- Instantiating /home/travis/build/icyphy/ptII/ptolemy/actor/lib/test/auto/LevelCrossTest11.xml
1 ms. Memory: 272384K Free: 212463K (78%)
----------------- Invoking toplevel() on ptolemy.moml.MoMLSimpleApplication@544d7464
----------------- Done invoking toplevel() on ptolemy.moml.MoMLSimpleApplication@544d7464
reloadAllAccessors: .LevelCrossTest11

===========================================================================================
----------------- testing Sun Sep 27 15:57:33 UTC 2020 /home/travis/build/icyphy/ptII/ptolemy/actor/lib/test/auto/LevelCrossTest12.xml
----------------- Instantiating /home/travis/build/icyphy/ptII/ptolemy/actor/lib/test/auto/LevelCrossTest12.xml
1 ms. Memory: 272384K Free: 205295K (75%)
----------------- Invoking toplevel() on ptolemy.moml.MoMLSimpleApplication@1f2da711
----------------- Done invoking toplevel() on ptolemy.moml.MoMLSimpleApplication@1f2da711
reloadAllAccessors: .LevelCrossTest12

===========================================================================================
----------------- testing Sun Sep 27 15:57:33 UTC 2020 /home/travis/build/icyphy/ptII/ptolemy/actor/lib/test/auto/LevelCrossTest13.xml
----------------- Instantiating /home/travis/build/icyphy/ptII/ptolemy/actor/lib/test/auto/LevelCrossTest13.xml
1 ms. Memory: 272384K Free: 198127K (73%)
----------------- Invoking toplevel() on ptolemy.moml.MoMLSimpleApplication@e56072c
----------------- Done invoking toplevel() on ptolemy.moml.MoMLSimpleApplication@e56072c
reloadAllAccessors: .LevelCrossTest13

===========================================================================================
----------------- testing Sun Sep 27 15:57:33 UTC 2020 /home/travis/build/icyphy/ptII/ptolemy/actor/lib/test/auto/LevelCrossTest2.xml
----------------- Instantiating /home/travis/build/icyphy/ptII/ptolemy/actor/lib/test/auto/LevelCrossTest2.xml
1 ms. Memory: 272384K Free: 192493K (71%)
----------------- Invoking toplevel() on ptolemy.moml.MoMLSimpleApplication@440a2496
----------------- Done invoking toplevel() on ptolemy.moml.MoMLSimpleApplication@440a2496
reloadAllAccessors: .broken

===========================================================================================
----------------- testing Sun Sep 27 15:57:33 UTC 2020 /home/travis/build/icyphy/ptII/ptolemy/actor/lib/test/auto/LevelCrossTest3.xml
----------------- Instantiating /home/travis/build/icyphy/ptII/ptolemy/actor/lib/test/auto/LevelCrossTest3.xml
1 ms. Memory: 272384K Free: 186335K (68%)
----------------- Invoking toplevel() on ptolemy.moml.MoMLSimpleApplication@68572683
----------------- Done invoking toplevel() on ptolemy.moml.MoMLSimpleApplication@68572683
reloadAllAccessors: .LevelCrossTest3

===========================================================================================
----------------- testing Sun Sep 27 15:57:33 UTC 2020 /home/travis/build/icyphy/ptII/ptolemy/actor/lib/test/auto/LevelCrossTest4.xml
----------------- Instantiating /home/travis/build/icyphy/ptII/ptolemy/actor/lib/test/auto/LevelCrossTest4.xml
1 ms. Memory: 272384K Free: 180719K (66%)
----------------- Invoking toplevel() on ptolemy.moml.MoMLSimpleApplication@6c05ef89
----------------- Done invoking toplevel() on ptolemy.moml.MoMLSimpleApplication@6c05ef89
reloadAllAccessors: .broken

===========================================================================================
----------------- testing Sun Sep 27 15:57:33 UTC 2020 /home/travis/build/icyphy/ptII/ptolemy/actor/lib/test/auto/LevelCrossTest5.xml
----------------- Instantiating /home/travis/build/icyphy/ptII/ptolemy/actor/lib/test/auto/LevelCrossTest5.xml
1 ms. Memory: 272384K Free: 174061K (64%)
----------------- Invoking toplevel() on ptolemy.moml.MoMLSimpleApplication@505da1b6
----------------- Done invoking toplevel() on ptolemy.moml.MoMLSimpleApplication@505da1b6
reloadAllAccessors: .LevelCrossTest5

===========================================================================================
----------------- testing Sun Sep 27 15:57:33 UTC 2020 /home/travis/build/icyphy/ptII/ptolemy/actor/lib/test/auto/LevelCrossTest6.xml
----------------- Instantiating /home/travis/build/icyphy/ptII/ptolemy/actor/lib/test/auto/LevelCrossTest6.xml
1 ms. Memory: 272384K Free: 166893K (61%)
----------------- Invoking toplevel() on ptolemy.moml.MoMLSimpleApplication@416b9f4d
----------------- Done invoking toplevel() on ptolemy.moml.MoMLSimpleApplication@416b9f4d
reloadAllAccessors: .LevelCrossTest6

===========================================================================================
----------------- testing Sun Sep 27 15:57:33 UTC 2020 /home/travis/build/icyphy/ptII/ptolemy/actor/lib/test/auto/LevelCrossTest7.xml
----------------- Instantiating /home/travis/build/icyphy/ptII/ptolemy/actor/lib/test/auto/LevelCrossTest7.xml
7 ms. Memory: 272384K Free: 158701K (58%)
----------------- Invoking toplevel() on ptolemy.moml.MoMLSimpleApplication@2db696c1
----------------- Done invoking toplevel() on ptolemy.moml.MoMLSimpleApplication@2db696c1
reloadAllAccessors: .LevelCrossTest7

===========================================================================================
----------------- testing Sun Sep 27 15:57:34 UTC 2020 /home/travis/build/icyphy/ptII/ptolemy/actor/lib/test/auto/LevelCrossTest8.xml
----------------- Instantiating /home/travis/build/icyphy/ptII/ptolemy/actor/lib/test/auto/LevelCrossTest8.xml
4 ms. Memory: 272384K Free: 152047K (56%)
----------------- Invoking toplevel() on ptolemy.moml.MoMLSimpleApplication@23f77441
----------------- Done invoking toplevel() on ptolemy.moml.MoMLSimpleApplication@23f77441
reloadAllAccessors: .LevelCrossTest8

===========================================================================================
----------------- testing Sun Sep 27 15:57:34 UTC 2020 /home/travis/build/icyphy/ptII/ptolemy/actor/lib/test/auto/LevelCrossTest9.xml
----------------- Instantiating /home/travis/build/icyphy/ptII/ptolemy/actor/lib/test/auto/LevelCrossTest9.xml
1 ms. Memory: 272384K Free: 144351K (53%)
----------------- Invoking toplevel() on ptolemy.moml.MoMLSimpleApplication@30b7e4ec
----------------- Done invoking toplevel() on ptolemy.moml.MoMLSimpleApplication@30b7e4ec
reloadAllAccessors: .LevelCrossTest9

===========================================================================================
----------------- testing Sun Sep 27 15:57:34 UTC 2020 /home/travis/build/icyphy/ptII/ptolemy/actor/lib/test/auto/LevinsonDurbin.xml
----------------- Instantiating /home/travis/build/icyphy/ptII/ptolemy/actor/lib/test/auto/LevinsonDurbin.xml
9 ms. Memory: 272384K Free: 140269K (51%)
----------------- Invoking toplevel() on ptolemy.moml.MoMLSimpleApplication@4c74d81c
----------------- Done invoking toplevel() on ptolemy.moml.MoMLSimpleApplication@4c74d81c
reloadAllAccessors: .LevinsonDurbin

===========================================================================================
----------------- testing Sun Sep 27 15:57:34 UTC 2020 /home/travis/build/icyphy/ptII/ptolemy/actor/lib/test/auto/LevinsonDurbin2.xml
----------------- Instantiating /home/travis/build/icyphy/ptII/ptolemy/actor/lib/test/auto/LevinsonDurbin2.xml
2 ms. Memory: 272384K Free: 136173K (50%)
----------------- Invoking toplevel() on ptolemy.moml.MoMLSimpleApplication@4d02e60f
----------------- Done invoking toplevel() on ptolemy.moml.MoMLSimpleApplication@4d02e60f
reloadAllAccessors: .LevinsonDurbin2

===========================================================================================
----------------- testing Sun Sep 27 15:57:34 UTC 2020 /home/travis/build/icyphy/ptII/ptolemy/actor/lib/test/auto/LevinsonDurbin3.xml
----------------- Instantiating /home/travis/build/icyphy/ptII/ptolemy/actor/lib/test/auto/LevinsonDurbin3.xml
2 ms. Memory: 272384K Free: 132077K (48%)
----------------- Invoking toplevel() on ptolemy.moml.MoMLSimpleApplication@5f7c0d57
----------------- Done invoking toplevel() on ptolemy.moml.MoMLSimpleApplication@5f7c0d57
reloadAllAccessors: .LevinsonDurbin3

===========================================================================================
----------------- testing Sun Sep 27 15:57:34 UTC 2020 /home/travis/build/icyphy/ptII/ptolemy/actor/lib/test/auto/Limiter.xml
----------------- Instantiating /home/travis/build/icyphy/ptII/ptolemy/actor/lib/test/auto/Limiter.xml
8 ms. Memory: 272384K Free: 122847K (45%)
----------------- Invoking toplevel() on ptolemy.moml.MoMLSimpleApplication@3bbfeb08
----------------- Done invoking toplevel() on ptolemy.moml.MoMLSimpleApplication@3bbfeb08
reloadAllAccessors: .Limiter

===========================================================================================
----------------- testing Sun Sep 27 15:57:34 UTC 2020 /home/travis/build/icyphy/ptII/ptolemy/actor/lib/test/auto/LinearDifferenceEquationSystem.xml
----------------- Instantiating /home/travis/build/icyphy/ptII/ptolemy/actor/lib/test/auto/LinearDifferenceEquationSystem.xml
4 ms. Memory: 272384K Free: 115693K (42%)
----------------- Invoking toplevel() on ptolemy.moml.MoMLSimpleApplication@120268db
----------------- Done invoking toplevel() on ptolemy.moml.MoMLSimpleApplication@120268db
reloadAllAccessors: .LinearDifferenceEquationSystem

===========================================================================================
----------------- testing Sun Sep 27 15:57:34 UTC 2020 /home/travis/build/icyphy/ptII/ptolemy/actor/lib/test/auto/LookupTable.xml
----------------- Instantiating /home/travis/build/icyphy/ptII/ptolemy/actor/lib/test/auto/LookupTable.xml
1 ms. Memory: 272384K Free: 110573K (41%)
----------------- Invoking toplevel() on ptolemy.moml.MoMLSimpleApplication@1388c8d4
----------------- Done invoking toplevel() on ptolemy.moml.MoMLSimpleApplication@1388c8d4
reloadAllAccessors: .LookupTable

===========================================================================================
----------------- testing Sun Sep 27 15:57:34 UTC 2020 /home/travis/build/icyphy/ptII/ptolemy/actor/lib/test/auto/MathFunction.xml
----------------- Instantiating /home/travis/build/icyphy/ptII/ptolemy/actor/lib/test/auto/MathFunction.xml
1 ms. Memory: 272384K Free: 102381K (38%)
----------------- Invoking toplevel() on ptolemy.moml.MoMLSimpleApplication@8b20f22
----------------- Done invoking toplevel() on ptolemy.moml.MoMLSimpleApplication@8b20f22
reloadAllAccessors: .MathFunction

===========================================================================================
----------------- testing Sun Sep 27 15:57:34 UTC 2020 /home/travis/build/icyphy/ptII/ptolemy/actor/lib/test/auto/MathFunction2.xml
----------------- Instantiating /home/travis/build/icyphy/ptII/ptolemy/actor/lib/test/auto/MathFunction2.xml
2 ms. Memory: 272384K Free: 98285K (36%)
----------------- Invoking toplevel() on ptolemy.moml.MoMLSimpleApplication@79f797cc
----------------- Done invoking toplevel() on ptolemy.moml.MoMLSimpleApplication@79f797cc
reloadAllAccessors: .MathFunction2

===========================================================================================
----------------- testing Sun Sep 27 15:57:34 UTC 2020 /home/travis/build/icyphy/ptII/ptolemy/actor/lib/test/auto/MathFunction3.xml
----------------- Instantiating /home/travis/build/icyphy/ptII/ptolemy/actor/lib/test/auto/MathFunction3.xml
2 ms. Memory: 272384K Free: 91117K (33%)
----------------- Invoking toplevel() on ptolemy.moml.MoMLSimpleApplication@cad5dcb
----------------- Done invoking toplevel() on ptolemy.moml.MoMLSimpleApplication@cad5dcb
reloadAllAccessors: .MathFunction3

===========================================================================================
----------------- testing Sun Sep 27 15:57:34 UTC 2020 /home/travis/build/icyphy/ptII/ptolemy/actor/lib/test/auto/MatrixCropBoolean.xml
----------------- Instantiating /home/travis/build/icyphy/ptII/ptolemy/actor/lib/test/auto/MatrixCropBoolean.xml
2 ms. Memory: 272384K Free: 86511K (32%)
----------------- Invoking toplevel() on ptolemy.moml.MoMLSimpleApplication@35ff2425
----------------- Done invoking toplevel() on ptolemy.moml.MoMLSimpleApplication@35ff2425
reloadAllAccessors: .MatrixCropBoolean

===========================================================================================
----------------- testing Sun Sep 27 15:57:34 UTC 2020 /home/travis/build/icyphy/ptII/ptolemy/actor/lib/test/auto/MatrixCropComplex.xml
----------------- Instantiating /home/travis/build/icyphy/ptII/ptolemy/actor/lib/test/auto/MatrixCropComplex.xml
2 ms. Memory: 272384K Free: 81391K (30%)
----------------- Invoking toplevel() on ptolemy.moml.MoMLSimpleApplication@335eeada
----------------- Done invoking toplevel() on ptolemy.moml.MoMLSimpleApplication@335eeada
reloadAllAccessors: .MatrixCropComplex

===========================================================================================
----------------- testing Sun Sep 27 15:57:34 UTC 2020 /home/travis/build/icyphy/ptII/ptolemy/actor/lib/test/auto/MatrixCropDouble.xml
----------------- Instantiating /home/travis/build/icyphy/ptII/ptolemy/actor/lib/test/auto/MatrixCropDouble.xml
2 ms. Memory: 272384K Free: 76271K (28%)
----------------- Invoking toplevel() on ptolemy.moml.MoMLSimpleApplication@4fc94c45
----------------- Done invoking toplevel() on ptolemy.moml.MoMLSimpleApplication@4fc94c45
reloadAllAccessors: .MatrixCropDouble

===========================================================================================
----------------- testing Sun Sep 27 15:57:34 UTC 2020 /home/travis/build/icyphy/ptII/ptolemy/actor/lib/test/auto/MatrixCropFix.xml
----------------- Instantiating /home/travis/build/icyphy/ptII/ptolemy/actor/lib/test/auto/MatrixCropFix.xml
2 ms. Memory: 272384K Free: 71151K (26%)
----------------- Invoking toplevel() on ptolemy.moml.MoMLSimpleApplication@4c8cc97e
----------------- Done invoking toplevel() on ptolemy.moml.MoMLSimpleApplication@4c8cc97e
reloadAllAccessors: .MatrixCropFix

===========================================================================================
----------------- testing Sun Sep 27 15:57:34 UTC 2020 /home/travis/build/icyphy/ptII/ptolemy/actor/lib/test/auto/MatrixCropInt.xml
----------------- Instantiating /home/travis/build/icyphy/ptII/ptolemy/actor/lib/test/auto/MatrixCropInt.xml
1 ms. Memory: 272384K Free: 66031K (24%)
----------------- Invoking toplevel() on ptolemy.moml.MoMLSimpleApplication@258d7fdf
----------------- Done invoking toplevel() on ptolemy.moml.MoMLSimpleApplication@258d7fdf
reloadAllAccessors: .MatrixCropInt

===========================================================================================
----------------- testing Sun Sep 27 15:57:34 UTC 2020 /home/travis/build/icyphy/ptII/ptolemy/actor/lib/test/auto/MatrixCropLong.xml
----------------- Instantiating /home/travis/build/icyphy/ptII/ptolemy/actor/lib/test/auto/MatrixCropLong.xml
12 ms. Memory: 272384K Free: 220451K (81%)
----------------- Invoking toplevel() on ptolemy.moml.MoMLSimpleApplication@65fb0823
----------------- Done invoking toplevel() on ptolemy.moml.MoMLSimpleApplication@65fb0823
reloadAllAccessors: .MatrixCropLong

===========================================================================================
----------------- testing Sun Sep 27 15:57:34 UTC 2020 /home/travis/build/icyphy/ptII/ptolemy/actor/lib/test/auto/MatrixToArray.xml
----------------- Instantiating /home/travis/build/icyphy/ptII/ptolemy/actor/lib/test/auto/MatrixToArray.xml
11 ms. Memory: 272384K Free: 205091K (75%)
----------------- Invoking toplevel() on ptolemy.moml.MoMLSimpleApplication@2dc0d190
----------------- Done invoking toplevel() on ptolemy.moml.MoMLSimpleApplication@2dc0d190
reloadAllAccessors: .MatrixToArray

===========================================================================================
----------------- testing Sun Sep 27 15:57:34 UTC 2020 /home/travis/build/icyphy/ptII/ptolemy/actor/lib/test/auto/MaxIndex.xml
----------------- Instantiating /home/travis/build/icyphy/ptII/ptolemy/actor/lib/test/auto/MaxIndex.xml
2 ms. Memory: 272384K Free: 199971K (73%)
----------------- Invoking toplevel() on ptolemy.moml.MoMLSimpleApplication@3a1fe1f2
----------------- Done invoking toplevel() on ptolemy.moml.MoMLSimpleApplication@3a1fe1f2
reloadAllAccessors: .MaxIndex

===========================================================================================
----------------- testing Sun Sep 27 15:57:34 UTC 2020 /home/travis/build/icyphy/ptII/ptolemy/actor/lib/test/auto/Maximum.xml
----------------- Instantiating /home/travis/build/icyphy/ptII/ptolemy/actor/lib/test/auto/Maximum.xml
6 ms. Memory: 272384K Free: 193283K (71%)
----------------- Invoking toplevel() on ptolemy.moml.MoMLSimpleApplication@21938adc
----------------- Done invoking toplevel() on ptolemy.moml.MoMLSimpleApplication@21938adc
reloadAllAccessors: .Maximum

===========================================================================================
----------------- testing Sun Sep 27 15:57:34 UTC 2020 /home/travis/build/icyphy/ptII/ptolemy/actor/lib/test/auto/MaximumComplex.xml
----------------- Instantiating /home/travis/build/icyphy/ptII/ptolemy/actor/lib/test/auto/MaximumComplex.xml
3 ms. Memory: 272384K Free: 187155K (69%)
----------------- Invoking toplevel() on ptolemy.moml.MoMLSimpleApplication@7291ddf1
----------------- Done invoking toplevel() on ptolemy.moml.MoMLSimpleApplication@7291ddf1
reloadAllAccessors: .MaximumComplex

===========================================================================================
----------------- testing Sun Sep 27 15:57:34 UTC 2020 /home/travis/build/icyphy/ptII/ptolemy/actor/lib/test/auto/MethodCallTest.xml
----------------- Instantiating /home/travis/build/icyphy/ptII/ptolemy/actor/lib/test/auto/MethodCallTest.xml
2 ms. Memory: 272384K Free: 180515K (66%)
----------------- Invoking toplevel() on ptolemy.moml.MoMLSimpleApplication@73058eae
----------------- Done invoking toplevel() on ptolemy.moml.MoMLSimpleApplication@73058eae
reloadAllAccessors: .MethodCallTest

===========================================================================================
----------------- testing Sun Sep 27 15:57:34 UTC 2020 /home/travis/build/icyphy/ptII/ptolemy/actor/lib/test/auto/Minimum.xml
----------------- Instantiating /home/travis/build/icyphy/ptII/ptolemy/actor/lib/test/auto/Minimum.xml
2 ms. Memory: 272384K Free: 173843K (64%)
----------------- Invoking toplevel() on ptolemy.moml.MoMLSimpleApplication@3441ec1e
----------------- Done invoking toplevel() on ptolemy.moml.MoMLSimpleApplication@3441ec1e
reloadAllAccessors: .Minimum

===========================================================================================
----------------- testing Sun Sep 27 15:57:34 UTC 2020 /home/travis/build/icyphy/ptII/ptolemy/actor/lib/test/auto/MinimumComplex.xml
----------------- Instantiating /home/travis/build/icyphy/ptII/ptolemy/actor/lib/test/auto/MinimumComplex.xml
3 ms. Memory: 272384K Free: 167699K (62%)
----------------- Invoking toplevel() on ptolemy.moml.MoMLSimpleApplication@43b21e73
----------------- Done invoking toplevel() on ptolemy.moml.MoMLSimpleApplication@43b21e73
reloadAllAccessors: .MinimumComplex

===========================================================================================
----------------- testing Sun Sep 27 15:57:34 UTC 2020 /home/travis/build/icyphy/ptII/ptolemy/actor/lib/test/auto/MinimumMultiports.xml
----------------- Instantiating /home/travis/build/icyphy/ptII/ptolemy/actor/lib/test/auto/MinimumMultiports.xml
3 ms. Memory: 272384K Free: 159011K (58%)
----------------- Invoking toplevel() on ptolemy.moml.MoMLSimpleApplication@7e10f8bb
----------------- Done invoking toplevel() on ptolemy.moml.MoMLSimpleApplication@7e10f8bb
reloadAllAccessors: .MinimumMultiports

===========================================================================================
----------------- testing Sun Sep 27 15:57:34 UTC 2020 /home/travis/build/icyphy/ptII/ptolemy/actor/lib/test/auto/ModifyDate.xml
----------------- Instantiating /home/travis/build/icyphy/ptII/ptolemy/actor/lib/test/auto/ModifyDate.xml
9 ms. Memory: 272384K Free: 146209K (54%)
----------------- Invoking toplevel() on ptolemy.moml.MoMLSimpleApplication@28c1af83
----------------- Done invoking toplevel() on ptolemy.moml.MoMLSimpleApplication@28c1af83
reloadAllAccessors: .ModifyDate

===========================================================================================
----------------- testing Sun Sep 27 15:57:34 UTC 2020 /home/travis/build/icyphy/ptII/ptolemy/actor/lib/test/auto/ModifyDate2.xml
----------------- Instantiating /home/travis/build/icyphy/ptII/ptolemy/actor/lib/test/auto/ModifyDate2.xml
3 ms. Memory: 272384K Free: 137507K (50%)
----------------- Invoking toplevel() on ptolemy.moml.MoMLSimpleApplication@1b7c143e
----------------- Done invoking toplevel() on ptolemy.moml.MoMLSimpleApplication@1b7c143e
reloadAllAccessors: .ModifyDate2

===========================================================================================
----------------- testing Sun Sep 27 15:57:34 UTC 2020 /home/travis/build/icyphy/ptII/ptolemy/actor/lib/test/auto/MovingAverage.xml
----------------- Instantiating /home/travis/build/icyphy/ptII/ptolemy/actor/lib/test/auto/MovingAverage.xml
2 ms. Memory: 272384K Free: 132387K (49%)
----------------- Invoking toplevel() on ptolemy.moml.MoMLSimpleApplication@3a98a202
----------------- Done invoking toplevel() on ptolemy.moml.MoMLSimpleApplication@3a98a202
reloadAllAccessors: .MovingAverage

===========================================================================================
----------------- testing Sun Sep 27 15:57:34 UTC 2020 /home/travis/build/icyphy/ptII/ptolemy/actor/lib/test/auto/MovingMaximum.xml
----------------- Instantiating /home/travis/build/icyphy/ptII/ptolemy/actor/lib/test/auto/MovingMaximum.xml
1 ms. Memory: 272384K Free: 127777K (47%)
----------------- Invoking toplevel() on ptolemy.moml.MoMLSimpleApplication@501fc7e
----------------- Done invoking toplevel() on ptolemy.moml.MoMLSimpleApplication@501fc7e
reloadAllAccessors: .MovingMaximum

===========================================================================================
----------------- testing Sun Sep 27 15:57:34 UTC 2020 /home/travis/build/icyphy/ptII/ptolemy/actor/lib/test/auto/MultipleLinksToSameRelation.xml
----------------- Instantiating /home/travis/build/icyphy/ptII/ptolemy/actor/lib/test/auto/MultipleLinksToSameRelation.xml
2 ms. Memory: 272384K Free: 123681K (45%)
----------------- Invoking toplevel() on ptolemy.moml.MoMLSimpleApplication@66f370b7
----------------- Done invoking toplevel() on ptolemy.moml.MoMLSimpleApplication@66f370b7
reloadAllAccessors: .MultipleLinksToSameRelation

===========================================================================================
----------------- testing Sun Sep 27 15:57:34 UTC 2020 /home/travis/build/icyphy/ptII/ptolemy/actor/lib/test/auto/MultipleLinksToSameRelationDE.xml
----------------- Instantiating /home/travis/build/icyphy/ptII/ptolemy/actor/lib/test/auto/MultipleLinksToSameRelationDE.xml
4 ms. Memory: 272384K Free: 119075K (44%)
----------------- Invoking toplevel() on ptolemy.moml.MoMLSimpleApplication@6eeb82b7
----------------- Done invoking toplevel() on ptolemy.moml.MoMLSimpleApplication@6eeb82b7
reloadAllAccessors: .MultipleLinksToSameRelationDE

===========================================================================================
----------------- testing Sun Sep 27 15:57:34 UTC 2020 /home/travis/build/icyphy/ptII/ptolemy/actor/lib/test/auto/Multiplexor.xml
----------------- Instantiating /home/travis/build/icyphy/ptII/ptolemy/actor/lib/test/auto/Multiplexor.xml
2 ms. Memory: 272384K Free: 113441K (42%)
----------------- Invoking toplevel() on ptolemy.moml.MoMLSimpleApplication@4e681f2d
----------------- Done invoking toplevel() on ptolemy.moml.MoMLSimpleApplication@4e681f2d
reloadAllAccessors: .Multiplexor

===========================================================================================
----------------- testing Sun Sep 27 15:57:34 UTC 2020 /home/travis/build/icyphy/ptII/ptolemy/actor/lib/test/auto/Multiplexor1.xml
----------------- Instantiating /home/travis/build/icyphy/ptII/ptolemy/actor/lib/test/auto/Multiplexor1.xml
2 ms. Memory: 272384K Free: 107811K (40%)
----------------- Invoking toplevel() on ptolemy.moml.MoMLSimpleApplication@37bf184e
----------------- Done invoking toplevel() on ptolemy.moml.MoMLSimpleApplication@37bf184e
reloadAllAccessors: .Multiplexor1

===========================================================================================
----------------- testing Sun Sep 27 15:57:34 UTC 2020 /home/travis/build/icyphy/ptII/ptolemy/actor/lib/test/auto/Multiplexor2.xml
----------------- Instantiating /home/travis/build/icyphy/ptII/ptolemy/actor/lib/test/auto/Multiplexor2.xml
2 ms. Memory: 272384K Free: 101153K (37%)
----------------- Invoking toplevel() on ptolemy.moml.MoMLSimpleApplication@2f05735f
----------------- Done invoking toplevel() on ptolemy.moml.MoMLSimpleApplication@2f05735f
reloadAllAccessors: .Multiplexor2

===========================================================================================
----------------- testing Sun Sep 27 15:57:34 UTC 2020 /home/travis/build/icyphy/ptII/ptolemy/actor/lib/test/auto/Multiplexor3.xml
----------------- Instantiating /home/travis/build/icyphy/ptII/ptolemy/actor/lib/test/auto/Multiplexor3.xml
1 ms. Memory: 272384K Free: 97057K (36%)
----------------- Invoking toplevel() on ptolemy.moml.MoMLSimpleApplication@39650d50
----------------- Done invoking toplevel() on ptolemy.moml.MoMLSimpleApplication@39650d50
reloadAllAccessors: .Multiplexor3

===========================================================================================
----------------- testing Sun Sep 27 15:57:34 UTC 2020 /home/travis/build/icyphy/ptII/ptolemy/actor/lib/test/auto/MultiplexorDE.xml
----------------- Instantiating /home/travis/build/icyphy/ptII/ptolemy/actor/lib/test/auto/MultiplexorDE.xml
3 ms. Memory: 272384K Free: 89379K (33%)
----------------- Invoking toplevel() on ptolemy.moml.MoMLSimpleApplication@422a2c6e
----------------- Done invoking toplevel() on ptolemy.moml.MoMLSimpleApplication@422a2c6e
reloadAllAccessors: .MultiplexorDE

===========================================================================================
----------------- testing Sun Sep 27 15:57:34 UTC 2020 /home/travis/build/icyphy/ptII/ptolemy/actor/lib/test/auto/MultiportBroadcastTest.xml
----------------- Instantiating /home/travis/build/icyphy/ptII/ptolemy/actor/lib/test/auto/MultiportBroadcastTest.xml
88 ms. Memory: 272384K Free: 82715K (30%)
----------------- Invoking toplevel() on ptolemy.moml.MoMLSimpleApplication@47f8fec1
----------------- Done invoking toplevel() on ptolemy.moml.MoMLSimpleApplication@47f8fec1
reloadAllAccessors: .MultiportBroadcastTest

===========================================================================================
----------------- testing Sun Sep 27 15:57:34 UTC 2020 /home/travis/build/icyphy/ptII/ptolemy/actor/lib/test/auto/MultiportOutHangDuringGetWidth.xml
----------------- Instantiating /home/travis/build/icyphy/ptII/ptolemy/actor/lib/test/auto/MultiportOutHangDuringGetWidth.xml
5 ms. Memory: 272384K Free: 70419K (26%)
----------------- Invoking toplevel() on ptolemy.moml.MoMLSimpleApplication@278474f
----------------- Done invoking toplevel() on ptolemy.moml.MoMLSimpleApplication@278474f
reloadAllAccessors: .MultiportOutHangDuringGetWidth

===========================================================================================
----------------- testing Sun Sep 27 15:57:34 UTC 2020 /home/travis/build/icyphy/ptII/ptolemy/actor/lib/test/auto/NilToken.xml
----------------- Instantiating /home/travis/build/icyphy/ptII/ptolemy/actor/lib/test/auto/NilToken.xml
1 ms. Memory: 272384K Free: 66337K (24%)
----------------- Invoking toplevel() on ptolemy.moml.MoMLSimpleApplication@64bd1bfe
----------------- Done invoking toplevel() on ptolemy.moml.MoMLSimpleApplication@64bd1bfe
reloadAllAccessors: .NilToken

===========================================================================================
----------------- testing Sun Sep 27 15:57:34 UTC 2020 /home/travis/build/icyphy/ptII/ptolemy/actor/lib/test/auto/NilTokenNonStrictTest.xml
----------------- Instantiating /home/travis/build/icyphy/ptII/ptolemy/actor/lib/test/auto/NilTokenNonStrictTest.xml
1 ms. Memory: 272384K Free: 61731K (23%)
----------------- Invoking toplevel() on ptolemy.moml.MoMLSimpleApplication@4778550e
----------------- Done invoking toplevel() on ptolemy.moml.MoMLSimpleApplication@4778550e
reloadAllAccessors: .NilTokenNonStrictTest

===========================================================================================
----------------- testing Sun Sep 27 15:57:34 UTC 2020 /home/travis/build/icyphy/ptII/ptolemy/actor/lib/test/auto/NilTokenRecord.xml
----------------- Instantiating /home/travis/build/icyphy/ptII/ptolemy/actor/lib/test/auto/NilTokenRecord.xml
11 ms. Memory: 272384K Free: 215010K (79%)
----------------- Invoking toplevel() on ptolemy.moml.MoMLSimpleApplication@22b60ec3
----------------- Done invoking toplevel() on ptolemy.moml.MoMLSimpleApplication@22b60ec3
reloadAllAccessors: .NilTokenRecord

===========================================================================================
----------------- testing Sun Sep 27 15:57:34 UTC 2020 /home/travis/build/icyphy/ptII/ptolemy/actor/lib/test/auto/NilTokenTypeTest.xml
----------------- Instantiating /home/travis/build/icyphy/ptII/ptolemy/actor/lib/test/auto/NilTokenTypeTest.xml
6 ms. Memory: 272384K Free: 205284K (75%)
----------------- Invoking toplevel() on ptolemy.moml.MoMLSimpleApplication@77651e44
----------------- Done invoking toplevel() on ptolemy.moml.MoMLSimpleApplication@77651e44
reloadAllAccessors: .NilTokenTypeTest

===========================================================================================
----------------- testing Sun Sep 27 15:57:34 UTC 2020 /home/travis/build/icyphy/ptII/ptolemy/actor/lib/test/auto/ObjectToken1.xml
----------------- Instantiating /home/travis/build/icyphy/ptII/ptolemy/actor/lib/test/auto/ObjectToken1.xml
2 ms. Memory: 272384K Free: 201188K (74%)
----------------- Invoking toplevel() on ptolemy.moml.MoMLSimpleApplication@736e2bb1
----------------- Done invoking toplevel() on ptolemy.moml.MoMLSimpleApplication@736e2bb1
reloadAllAccessors: .ObjectToken1

===========================================================================================
----------------- testing Sun Sep 27 15:57:34 UTC 2020 /home/travis/build/icyphy/ptII/ptolemy/actor/lib/test/auto/OrderedMerge.xml
----------------- Instantiating /home/travis/build/icyphy/ptII/ptolemy/actor/lib/test/auto/OrderedMerge.xml
11 ms. Memory: 272384K Free: 195554K (72%)
----------------- Invoking toplevel() on ptolemy.moml.MoMLSimpleApplication@43944a7e
----------------- Done invoking toplevel() on ptolemy.moml.MoMLSimpleApplication@43944a7e
reloadAllAccessors: .OrderedMerge

===========================================================================================
----------------- testing Sun Sep 27 15:57:35 UTC 2020 /home/travis/build/icyphy/ptII/ptolemy/actor/lib/test/auto/OrderedRecordDisassembler.xml
----------------- Instantiating /home/travis/build/icyphy/ptII/ptolemy/actor/lib/test/auto/OrderedRecordDisassembler.xml
2 ms. Memory: 272384K Free: 190404K (70%)
----------------- Invoking toplevel() on ptolemy.moml.MoMLSimpleApplication@42a16152
----------------- Done invoking toplevel() on ptolemy.moml.MoMLSimpleApplication@42a16152
reloadAllAccessors: .OrderedRecordDisassembler

===========================================================================================
----------------- testing Sun Sep 27 15:57:35 UTC 2020 /home/travis/build/icyphy/ptII/ptolemy/actor/lib/test/auto/OrderedRecordDisassembler2.xml
----------------- Instantiating /home/travis/build/icyphy/ptII/ptolemy/actor/lib/test/auto/OrderedRecordDisassembler2.xml
4 ms. Memory: 272384K Free: 182756K (67%)
----------------- Invoking toplevel() on ptolemy.moml.MoMLSimpleApplication@486e2eb1
----------------- Done invoking toplevel() on ptolemy.moml.MoMLSimpleApplication@486e2eb1
reloadAllAccessors: .OrderedRecordDisassembler2

===========================================================================================
----------------- testing Sun Sep 27 15:57:35 UTC 2020 /home/travis/build/icyphy/ptII/ptolemy/actor/lib/test/auto/OrderedRecordUpdater.xml
----------------- Instantiating /home/travis/build/icyphy/ptII/ptolemy/actor/lib/test/auto/OrderedRecordUpdater.xml
1 ms. Memory: 272384K Free: 178146K (65%)
----------------- Invoking toplevel() on ptolemy.moml.MoMLSimpleApplication@33ff32a
----------------- Done invoking toplevel() on ptolemy.moml.MoMLSimpleApplication@33ff32a
reloadAllAccessors: .RecordUpdater

===========================================================================================
----------------- testing Sun Sep 27 15:57:35 UTC 2020 /home/travis/build/icyphy/ptII/ptolemy/actor/lib/test/auto/OrderedRecordUpdater2.xml
----------------- Instantiating /home/travis/build/icyphy/ptII/ptolemy/actor/lib/test/auto/OrderedRecordUpdater2.xml
3 ms. Memory: 272384K Free: 173026K (64%)
----------------- Invoking toplevel() on ptolemy.moml.MoMLSimpleApplication@76bd1314
----------------- Done invoking toplevel() on ptolemy.moml.MoMLSimpleApplication@76bd1314
reloadAllAccessors: .RecordUpdater2

===========================================================================================
----------------- testing Sun Sep 27 15:57:35 UTC 2020 /home/travis/build/icyphy/ptII/ptolemy/actor/lib/test/auto/PhaseUnwrap.xml
----------------- Instantiating /home/travis/build/icyphy/ptII/ptolemy/actor/lib/test/auto/PhaseUnwrap.xml
1 ms. Memory: 272384K Free: 167906K (62%)
----------------- Invoking toplevel() on ptolemy.moml.MoMLSimpleApplication@21268f18
----------------- Done invoking toplevel() on ptolemy.moml.MoMLSimpleApplication@21268f18
reloadAllAccessors: .PhaseUnwrap

===========================================================================================
----------------- testing Sun Sep 27 15:57:35 UTC 2020 /home/travis/build/icyphy/ptII/ptolemy/actor/lib/test/auto/PoissonClock.xml
----------------- Instantiating /home/travis/build/icyphy/ptII/ptolemy/actor/lib/test/auto/PoissonClock.xml
2 ms. Memory: 272384K Free: 163810K (60%)
----------------- Invoking toplevel() on ptolemy.moml.MoMLSimpleApplication@10388a7c
----------------- Done invoking toplevel() on ptolemy.moml.MoMLSimpleApplication@10388a7c
reloadAllAccessors: .PoissonClock

===========================================================================================
----------------- testing Sun Sep 27 15:57:35 UTC 2020 /home/travis/build/icyphy/ptII/ptolemy/actor/lib/test/auto/PoissonClock2.xml
----------------- Instantiating /home/travis/build/icyphy/ptII/ptolemy/actor/lib/test/auto/PoissonClock2.xml
1 ms. Memory: 272384K Free: 159204K (58%)
----------------- Invoking toplevel() on ptolemy.moml.MoMLSimpleApplication@570a34a4
----------------- Done invoking toplevel() on ptolemy.moml.MoMLSimpleApplication@570a34a4
reloadAllAccessors: .PoissonClock2

===========================================================================================
----------------- testing Sun Sep 27 15:57:35 UTC 2020 /home/travis/build/icyphy/ptII/ptolemy/actor/lib/test/auto/PoissonClock3.xml
----------------- Instantiating /home/travis/build/icyphy/ptII/ptolemy/actor/lib/test/auto/PoissonClock3.xml
1 ms. Memory: 272384K Free: 154594K (57%)
----------------- Invoking toplevel() on ptolemy.moml.MoMLSimpleApplication@119510da
----------------- Done invoking toplevel() on ptolemy.moml.MoMLSimpleApplication@119510da
reloadAllAccessors: .PoissonClock3

===========================================================================================
----------------- testing Sun Sep 27 15:57:35 UTC 2020 /home/travis/build/icyphy/ptII/ptolemy/actor/lib/test/auto/PubSubWithInitialTokens.xml
----------------- Instantiating /home/travis/build/icyphy/ptII/ptolemy/actor/lib/test/auto/PubSubWithInitialTokens.xml
2 ms. Memory: 272384K Free: 148964K (55%)
----------------- Invoking toplevel() on ptolemy.moml.MoMLSimpleApplication@f1d12a6
----------------- Done invoking toplevel() on ptolemy.moml.MoMLSimpleApplication@f1d12a6
reloadAllAccessors: .PubSubWithInitialTokens

===========================================================================================
----------------- testing Sun Sep 27 15:57:35 UTC 2020 /home/travis/build/icyphy/ptII/ptolemy/actor/lib/test/auto/PubSubWithInitialTokens2.xml
----------------- Instantiating /home/travis/build/icyphy/ptII/ptolemy/actor/lib/test/auto/PubSubWithInitialTokens2.xml
2 ms. Memory: 272384K Free: 142820K (52%)
----------------- Invoking toplevel() on ptolemy.moml.MoMLSimpleApplication@768cbfad
----------------- Done invoking toplevel() on ptolemy.moml.MoMLSimpleApplication@768cbfad
reloadAllAccessors: .PubSubWithInitialTokens2

===========================================================================================
----------------- testing Sun Sep 27 15:57:35 UTC 2020 /home/travis/build/icyphy/ptII/ptolemy/actor/lib/test/auto/PublisherClassNoParameter.xml
----------------- Instantiating /home/travis/build/icyphy/ptII/ptolemy/actor/lib/test/auto/PublisherClassNoParameter.xml
2 ms. Memory: 272384K Free: 133076K (49%)
----------------- Invoking toplevel() on ptolemy.moml.MoMLSimpleApplication@69ecede1
----------------- Done invoking toplevel() on ptolemy.moml.MoMLSimpleApplication@69ecede1
reloadAllAccessors: .PublisherClassNoParameter

===========================================================================================
----------------- testing Sun Sep 27 15:57:35 UTC 2020 /home/travis/build/icyphy/ptII/ptolemy/actor/lib/test/auto/PublisherClassParameter.xml
----------------- Instantiating /home/travis/build/icyphy/ptII/ptolemy/actor/lib/test/auto/PublisherClassParameter.xml
2 ms. Memory: 272384K Free: 122836K (45%)
----------------- Invoking toplevel() on ptolemy.moml.MoMLSimpleApplication@6559b1e
----------------- Done invoking toplevel() on ptolemy.moml.MoMLSimpleApplication@6559b1e
reloadAllAccessors: .PublisherClassParameter

===========================================================================================
----------------- testing Sun Sep 27 15:57:35 UTC 2020 /home/travis/build/icyphy/ptII/ptolemy/actor/lib/test/auto/PublisherNonStrictTest.xml
----------------- Instantiating /home/travis/build/icyphy/ptII/ptolemy/actor/lib/test/auto/PublisherNonStrictTest.xml
3 ms. Memory: 272384K Free: 115172K (42%)
----------------- Invoking toplevel() on ptolemy.moml.MoMLSimpleApplication@1851ebac
----------------- Done invoking toplevel() on ptolemy.moml.MoMLSimpleApplication@1851ebac
reloadAllAccessors: .PublisherNonStrictTest

===========================================================================================
----------------- testing Sun Sep 27 15:57:35 UTC 2020 /home/travis/build/icyphy/ptII/ptolemy/actor/lib/test/auto/PublisherPort1.xml
----------------- Instantiating /home/travis/build/icyphy/ptII/ptolemy/actor/lib/test/auto/PublisherPort1.xml
3 ms. Memory: 272384K Free: 109508K (40%)
----------------- Invoking toplevel() on ptolemy.moml.MoMLSimpleApplication@4da8d9dc
----------------- Done invoking toplevel() on ptolemy.moml.MoMLSimpleApplication@4da8d9dc
reloadAllAccessors: .PublisherPort1

===========================================================================================
----------------- testing Sun Sep 27 15:57:35 UTC 2020 /home/travis/build/icyphy/ptII/ptolemy/actor/lib/test/auto/PublisherPort2.xml
----------------- Instantiating /home/travis/build/icyphy/ptII/ptolemy/actor/lib/test/auto/PublisherPort2.xml
1 ms. Memory: 272384K Free: 104418K (38%)
----------------- Invoking toplevel() on ptolemy.moml.MoMLSimpleApplication@3ad0974e
----------------- Done invoking toplevel() on ptolemy.moml.MoMLSimpleApplication@3ad0974e
reloadAllAccessors: .PublisherPort2

===========================================================================================
----------------- testing Sun Sep 27 15:57:35 UTC 2020 /home/travis/build/icyphy/ptII/ptolemy/actor/lib/test/auto/PublisherPort3.xml
----------------- Instantiating /home/travis/build/icyphy/ptII/ptolemy/actor/lib/test/auto/PublisherPort3.xml
13 ms. Memory: 272384K Free: 97764K (36%)
----------------- Invoking toplevel() on ptolemy.moml.MoMLSimpleApplication@3340fa4a
----------------- Done invoking toplevel() on ptolemy.moml.MoMLSimpleApplication@3340fa4a
reloadAllAccessors: .PublisherPort3

===========================================================================================
----------------- testing Sun Sep 27 15:57:35 UTC 2020 /home/travis/build/icyphy/ptII/ptolemy/actor/lib/test/auto/PublisherPort4.xml
----------------- Instantiating /home/travis/build/icyphy/ptII/ptolemy/actor/lib/test/auto/PublisherPort4.xml
3 ms. Memory: 272384K Free: 91620K (34%)
----------------- Invoking toplevel() on ptolemy.moml.MoMLSimpleApplication@a65db2
----------------- Done invoking toplevel() on ptolemy.moml.MoMLSimpleApplication@a65db2
reloadAllAccessors: .PublisherPort4

===========================================================================================
----------------- testing Sun Sep 27 15:57:35 UTC 2020 /home/travis/build/icyphy/ptII/ptolemy/actor/lib/test/auto/PublisherPort5.xml
----------------- Instantiating /home/travis/build/icyphy/ptII/ptolemy/actor/lib/test/auto/PublisherPort5.xml
4 ms. Memory: 272384K Free: 83938K (31%)
----------------- Invoking toplevel() on ptolemy.moml.MoMLSimpleApplication@3feeb9e7
----------------- Done invoking toplevel() on ptolemy.moml.MoMLSimpleApplication@3feeb9e7
reloadAllAccessors: .PublisherPort5

===========================================================================================
----------------- testing Sun Sep 27 15:57:35 UTC 2020 /home/travis/build/icyphy/ptII/ptolemy/actor/lib/test/auto/PublisherPort5LookAlike.xml
----------------- Instantiating /home/travis/build/icyphy/ptII/ptolemy/actor/lib/test/auto/PublisherPort5LookAlike.xml
7 ms. Memory: 272384K Free: 76260K (28%)
----------------- Invoking toplevel() on ptolemy.moml.MoMLSimpleApplication@296e94a5
----------------- Done invoking toplevel() on ptolemy.moml.MoMLSimpleApplication@296e94a5
reloadAllAccessors: .PublisherPort5LookAlike

===========================================================================================
----------------- testing Sun Sep 27 15:57:35 UTC 2020 /home/travis/build/icyphy/ptII/ptolemy/actor/lib/test/auto/PublisherPort6.xml
----------------- Instantiating /home/travis/build/icyphy/ptII/ptolemy/actor/lib/test/auto/PublisherPort6.xml
2 ms. Memory: 272384K Free: 69602K (26%)
----------------- Invoking toplevel() on ptolemy.moml.MoMLSimpleApplication@12315349
----------------- Done invoking toplevel() on ptolemy.moml.MoMLSimpleApplication@12315349
reloadAllAccessors: .PublisherPort6

===========================================================================================
----------------- testing Sun Sep 27 15:57:35 UTC 2020 /home/travis/build/icyphy/ptII/ptolemy/actor/lib/test/auto/PublisherPort7.xml
----------------- Instantiating /home/travis/build/icyphy/ptII/ptolemy/actor/lib/test/auto/PublisherPort7.xml
3 ms. Memory: 272384K Free: 61924K (23%)
----------------- Invoking toplevel() on ptolemy.moml.MoMLSimpleApplication@63335d31
----------------- Done invoking toplevel() on ptolemy.moml.MoMLSimpleApplication@63335d31
reloadAllAccessors: .PublisherPort7

===========================================================================================
----------------- testing Sun Sep 27 15:57:35 UTC 2020 /home/travis/build/icyphy/ptII/ptolemy/actor/lib/test/auto/PublisherPort8.xml
----------------- Instantiating /home/travis/build/icyphy/ptII/ptolemy/actor/lib/test/auto/PublisherPort8.xml
4 ms. Memory: 272384K Free: 212781K (78%)
----------------- Invoking toplevel() on ptolemy.moml.MoMLSimpleApplication@59263f63
----------------- Done invoking toplevel() on ptolemy.moml.MoMLSimpleApplication@59263f63
reloadAllAccessors: .PublisherPort8

===========================================================================================
----------------- testing Sun Sep 27 15:57:35 UTC 2020 /home/travis/build/icyphy/ptII/ptolemy/actor/lib/test/auto/PublisherPortSubscriberChannelVariablesAOC2.xml
----------------- Instantiating /home/travis/build/icyphy/ptII/ptolemy/actor/lib/test/auto/PublisherPortSubscriberChannelVariablesAOC2.xml
2 ms. Memory: 272384K Free: 195373K (72%)
----------------- Invoking toplevel() on ptolemy.moml.MoMLSimpleApplication@2c92cf56
----------------- Done invoking toplevel() on ptolemy.moml.MoMLSimpleApplication@2c92cf56
reloadAllAccessors: .PublisherPortSubscriberChannelVariablesAOC2

===========================================================================================
----------------- testing Sun Sep 27 15:57:35 UTC 2020 /home/travis/build/icyphy/ptII/ptolemy/actor/lib/test/auto/PublisherPortSubscriberOpaqueWidthInference.xml
----------------- Instantiating /home/travis/build/icyphy/ptII/ptolemy/actor/lib/test/auto/PublisherPortSubscriberOpaqueWidthInference.xml
4 ms. Memory: 272384K Free: 187695K (69%)
----------------- Invoking toplevel() on ptolemy.moml.MoMLSimpleApplication@11349b81
----------------- Done invoking toplevel() on ptolemy.moml.MoMLSimpleApplication@11349b81
reloadAllAccessors: .PublisherPortSubscriberOpaqueWidthInference

===========================================================================================
----------------- testing Sun Sep 27 15:57:35 UTC 2020 /home/travis/build/icyphy/ptII/ptolemy/actor/lib/test/auto/PublisherPortSubscriberPortAdjacent.xml
----------------- Instantiating /home/travis/build/icyphy/ptII/ptolemy/actor/lib/test/auto/PublisherPortSubscriberPortAdjacent.xml
2 ms. Memory: 272384K Free: 179503K (66%)
----------------- Invoking toplevel() on ptolemy.moml.MoMLSimpleApplication@552e45a9
----------------- Done invoking toplevel() on ptolemy.moml.MoMLSimpleApplication@552e45a9
reloadAllAccessors: .PublisherPortSubscriberPortAdjacent

===========================================================================================
----------------- testing Sun Sep 27 15:57:35 UTC 2020 /home/travis/build/icyphy/ptII/ptolemy/actor/lib/test/auto/PublisherPortSubscriberPortExpression.xml
----------------- Instantiating /home/travis/build/icyphy/ptII/ptolemy/actor/lib/test/auto/PublisherPortSubscriberPortExpression.xml
3 ms. Memory: 272384K Free: 171807K (63%)
----------------- Invoking toplevel() on ptolemy.moml.MoMLSimpleApplication@57dd323f
----------------- Done invoking toplevel() on ptolemy.moml.MoMLSimpleApplication@57dd323f
reloadAllAccessors: .PublisherPortSubscriberPortExpression

===========================================================================================
----------------- testing Sun Sep 27 15:57:35 UTC 2020 /home/travis/build/icyphy/ptII/ptolemy/actor/lib/test/auto/PublisherPortSubscriberPortOpaqueD3Reverse.xml
----------------- Instantiating /home/travis/build/icyphy/ptII/ptolemy/actor/lib/test/auto/PublisherPortSubscriberPortOpaqueD3Reverse.xml
6 ms. Memory: 272384K Free: 161071K (59%)
----------------- Invoking toplevel() on ptolemy.moml.MoMLSimpleApplication@2d71eef6
----------------- Done invoking toplevel() on ptolemy.moml.MoMLSimpleApplication@2d71eef6
reloadAllAccessors: .PublisherPortSubscriberPortOpaqueD3Reverse

===========================================================================================
----------------- testing Sun Sep 27 15:57:35 UTC 2020 /home/travis/build/icyphy/ptII/ptolemy/actor/lib/test/auto/PublisherPortSubscriberPortOpaqueWidthInference.xml
----------------- Instantiating /home/travis/build/icyphy/ptII/ptolemy/actor/lib/test/auto/PublisherPortSubscriberPortOpaqueWidthInference.xml
3 ms. Memory: 272384K Free: 153375K (56%)
----------------- Invoking toplevel() on ptolemy.moml.MoMLSimpleApplication@516439c2
----------------- Done invoking toplevel() on ptolemy.moml.MoMLSimpleApplication@516439c2
reloadAllAccessors: .PublisherPortSubscriberPortOpaqueWidthInference

===========================================================================================
----------------- testing Sun Sep 27 15:57:35 UTC 2020 /home/travis/build/icyphy/ptII/ptolemy/actor/lib/test/auto/PublisherPortToplevelSubscriberPortAOC.xml
----------------- Instantiating /home/travis/build/icyphy/ptII/ptolemy/actor/lib/test/auto/PublisherPortToplevelSubscriberPortAOC.xml
.PublisherPortToplevelSubscriberPortAOC.TestExceptionAttribute: initialize() was not invoked, but wrapup() was.  This is unusual, but not always a problem.  For example, exporting JNLP will do this.
1 ms. Memory: 272384K Free: 147759K (54%)
----------------- Invoking toplevel() on ptolemy.moml.MoMLSimpleApplication@9f11468
----------------- Done invoking toplevel() on ptolemy.moml.MoMLSimpleApplication@9f11468
reloadAllAccessors: .PublisherPortToplevelSubscriberPortAOC

===========================================================================================
----------------- testing Sun Sep 27 15:57:35 UTC 2020 /home/travis/build/icyphy/ptII/ptolemy/actor/lib/test/auto/PublisherSubscriber.xml
----------------- Instantiating /home/travis/build/icyphy/ptII/ptolemy/actor/lib/test/auto/PublisherSubscriber.xml
3 ms. Memory: 272384K Free: 140591K (52%)
----------------- Invoking toplevel() on ptolemy.moml.MoMLSimpleApplication@25ae2acd
----------------- Done invoking toplevel() on ptolemy.moml.MoMLSimpleApplication@25ae2acd
reloadAllAccessors: .PublisherSubscriber

===========================================================================================
----------------- testing Sun Sep 27 15:57:35 UTC 2020 /home/travis/build/icyphy/ptII/ptolemy/actor/lib/test/auto/PublisherSubscriber10.xml
----------------- Instantiating /home/travis/build/icyphy/ptII/ptolemy/actor/lib/test/auto/PublisherSubscriber10.xml
6 ms. Memory: 272384K Free: 130861K (48%)
----------------- Invoking toplevel() on ptolemy.moml.MoMLSimpleApplication@3910cdc6
----------------- Done invoking toplevel() on ptolemy.moml.MoMLSimpleApplication@3910cdc6
reloadAllAccessors: .PublisherSubscriber10

===========================================================================================
----------------- testing Sun Sep 27 15:57:35 UTC 2020 /home/travis/build/icyphy/ptII/ptolemy/actor/lib/test/auto/PublisherSubscriber10InitialOutputs.xml
----------------- Instantiating /home/travis/build/icyphy/ptII/ptolemy/actor/lib/test/auto/PublisherSubscriber10InitialOutputs.xml
15 ms. Memory: 272384K Free: 121645K (45%)
----------------- Invoking toplevel() on ptolemy.moml.MoMLSimpleApplication@63ebe094
----------------- Done invoking toplevel() on ptolemy.moml.MoMLSimpleApplication@63ebe094
reloadAllAccessors: .PublisherSubscriber10InitialOutputs

===========================================================================================
----------------- testing Sun Sep 27 15:57:35 UTC 2020 /home/travis/build/icyphy/ptII/ptolemy/actor/lib/test/auto/PublisherSubscriber11.xml
----------------- Instantiating /home/travis/build/icyphy/ptII/ptolemy/actor/lib/test/auto/PublisherSubscriber11.xml
2 ms. Memory: 272384K Free: 115487K (42%)
----------------- Invoking toplevel() on ptolemy.moml.MoMLSimpleApplication@22dbf47d
----------------- Done invoking toplevel() on ptolemy.moml.MoMLSimpleApplication@22dbf47d
reloadAllAccessors: .PublisherSubscriber11

===========================================================================================
----------------- testing Sun Sep 27 15:57:35 UTC 2020 /home/travis/build/icyphy/ptII/ptolemy/actor/lib/test/auto/PublisherSubscriber12.xml
----------------- Instantiating /home/travis/build/icyphy/ptII/ptolemy/actor/lib/test/auto/PublisherSubscriber12.xml
5 ms. Memory: 272384K Free: 108847K (40%)
----------------- Invoking toplevel() on ptolemy.moml.MoMLSimpleApplication@7f1d7c4c
----------------- Done invoking toplevel() on ptolemy.moml.MoMLSimpleApplication@7f1d7c4c
reloadAllAccessors: .PublisherSubscriber12

===========================================================================================
----------------- testing Sun Sep 27 15:57:35 UTC 2020 /home/travis/build/icyphy/ptII/ptolemy/actor/lib/test/auto/PublisherSubscriber13.xml
----------------- Instantiating /home/travis/build/icyphy/ptII/ptolemy/actor/lib/test/auto/PublisherSubscriber13.xml
2 ms. Memory: 272384K Free: 102703K (38%)
----------------- Invoking toplevel() on ptolemy.moml.MoMLSimpleApplication@375e0e1e
----------------- Done invoking toplevel() on ptolemy.moml.MoMLSimpleApplication@375e0e1e
reloadAllAccessors: .PublisherSubscriber13

===========================================================================================
----------------- testing Sun Sep 27 15:57:35 UTC 2020 /home/travis/build/icyphy/ptII/ptolemy/actor/lib/test/auto/PublisherSubscriber14.xml
----------------- Instantiating /home/travis/build/icyphy/ptII/ptolemy/actor/lib/test/auto/PublisherSubscriber14.xml
2 ms. Memory: 272384K Free: 93983K (35%)
----------------- Invoking toplevel() on ptolemy.moml.MoMLSimpleApplication@5c52baa9
----------------- Done invoking toplevel() on ptolemy.moml.MoMLSimpleApplication@5c52baa9
reloadAllAccessors: .PublisherSubscriber14

===========================================================================================
----------------- testing Sun Sep 27 15:57:35 UTC 2020 /home/travis/build/icyphy/ptII/ptolemy/actor/lib/test/auto/PublisherSubscriber2.xml
----------------- Instantiating /home/travis/build/icyphy/ptII/ptolemy/actor/lib/test/auto/PublisherSubscriber2.xml
3 ms. Memory: 272384K Free: 88367K (32%)
----------------- Invoking toplevel() on ptolemy.moml.MoMLSimpleApplication@845c869
----------------- Done invoking toplevel() on ptolemy.moml.MoMLSimpleApplication@845c869
reloadAllAccessors: .PublisherSubscriber2

===========================================================================================
----------------- testing Sun Sep 27 15:57:35 UTC 2020 /home/travis/build/icyphy/ptII/ptolemy/actor/lib/test/auto/PublisherSubscriber3.xml
----------------- Instantiating /home/travis/build/icyphy/ptII/ptolemy/actor/lib/test/auto/PublisherSubscriber3.xml
2 ms. Memory: 272384K Free: 82703K (30%)
----------------- Invoking toplevel() on ptolemy.moml.MoMLSimpleApplication@6cb27504
----------------- Done invoking toplevel() on ptolemy.moml.MoMLSimpleApplication@6cb27504
reloadAllAccessors: .PublisherSubscriber3

===========================================================================================
----------------- testing Sun Sep 27 15:57:35 UTC 2020 /home/travis/build/icyphy/ptII/ptolemy/actor/lib/test/auto/PublisherSubscriber4.xml
----------------- Instantiating /home/travis/build/icyphy/ptII/ptolemy/actor/lib/test/auto/PublisherSubscriber4.xml
4 ms. Memory: 272384K Free: 77103K (28%)
----------------- Invoking toplevel() on ptolemy.moml.MoMLSimpleApplication@4e5c69ca
----------------- Done invoking toplevel() on ptolemy.moml.MoMLSimpleApplication@4e5c69ca
reloadAllAccessors: .PublisherSubscriber4

===========================================================================================
----------------- testing Sun Sep 27 15:57:35 UTC 2020 /home/travis/build/icyphy/ptII/ptolemy/actor/lib/test/auto/PublisherSubscriber5.xml
----------------- Instantiating /home/travis/build/icyphy/ptII/ptolemy/actor/lib/test/auto/PublisherSubscriber5.xml
2 ms. Memory: 272384K Free: 70445K (26%)
----------------- Invoking toplevel() on ptolemy.moml.MoMLSimpleApplication@67f9b923
----------------- Done invoking toplevel() on ptolemy.moml.MoMLSimpleApplication@67f9b923
reloadAllAccessors: .PublisherSubscriber5

===========================================================================================
----------------- testing Sun Sep 27 15:57:35 UTC 2020 /home/travis/build/icyphy/ptII/ptolemy/actor/lib/test/auto/PublisherSubscriber6.xml
----------------- Instantiating /home/travis/build/icyphy/ptII/ptolemy/actor/lib/test/auto/PublisherSubscriber6.xml
3 ms. Memory: 272384K Free: 63263K (23%)
----------------- Invoking toplevel() on ptolemy.moml.MoMLSimpleApplication@3aa18459
----------------- Done invoking toplevel() on ptolemy.moml.MoMLSimpleApplication@3aa18459
reloadAllAccessors: .PublisherSubscriber6

===========================================================================================
----------------- testing Sun Sep 27 15:57:35 UTC 2020 /home/travis/build/icyphy/ptII/ptolemy/actor/lib/test/auto/PublisherSubscriber7.xml
----------------- Instantiating /home/travis/build/icyphy/ptII/ptolemy/actor/lib/test/auto/PublisherSubscriber7.xml
7 ms. Memory: 272384K Free: 216054K (79%)
----------------- Invoking toplevel() on ptolemy.moml.MoMLSimpleApplication@499f88b3
----------------- Done invoking toplevel() on ptolemy.moml.MoMLSimpleApplication@499f88b3
reloadAllAccessors: .PublisherSubscriber7

===========================================================================================
----------------- testing Sun Sep 27 15:57:35 UTC 2020 /home/travis/build/icyphy/ptII/ptolemy/actor/lib/test/auto/PublisherSubscriber8.xml
----------------- Instantiating /home/travis/build/icyphy/ptII/ptolemy/actor/lib/test/auto/PublisherSubscriber8.xml
14 ms. Memory: 272384K Free: 203766K (75%)
----------------- Invoking toplevel() on ptolemy.moml.MoMLSimpleApplication@1310ef0d
----------------- Done invoking toplevel() on ptolemy.moml.MoMLSimpleApplication@1310ef0d
reloadAllAccessors: .PublisherSubscriber8

===========================================================================================
----------------- testing Sun Sep 27 15:57:35 UTC 2020 /home/travis/build/icyphy/ptII/ptolemy/actor/lib/test/auto/PublisherSubscriber9.xml
----------------- Instantiating /home/travis/build/icyphy/ptII/ptolemy/actor/lib/test/auto/PublisherSubscriber9.xml
5 ms. Memory: 272384K Free: 196598K (72%)
----------------- Invoking toplevel() on ptolemy.moml.MoMLSimpleApplication@fc945c
----------------- Done invoking toplevel() on ptolemy.moml.MoMLSimpleApplication@fc945c
reloadAllAccessors: .PublisherSubscriber9

===========================================================================================
----------------- testing Sun Sep 27 15:57:35 UTC 2020 /home/travis/build/icyphy/ptII/ptolemy/actor/lib/test/auto/PublisherSubscriberAdjacent.xml
----------------- Instantiating /home/travis/build/icyphy/ptII/ptolemy/actor/lib/test/auto/PublisherSubscriberAdjacent.xml
2 ms. Memory: 272384K Free: 187892K (69%)
----------------- Invoking toplevel() on ptolemy.moml.MoMLSimpleApplication@57a4f129
----------------- Done invoking toplevel() on ptolemy.moml.MoMLSimpleApplication@57a4f129
reloadAllAccessors: .PublisherSubscriberAdjacent

===========================================================================================
----------------- testing Sun Sep 27 15:57:35 UTC 2020 /home/travis/build/icyphy/ptII/ptolemy/actor/lib/test/auto/PublisherSubscriberChannelVariablesAOC2.xml
----------------- Instantiating /home/travis/build/icyphy/ptII/ptolemy/actor/lib/test/auto/PublisherSubscriberChannelVariablesAOC2.xml
3 ms. Memory: 272384K Free: 173046K (64%)
----------------- Invoking toplevel() on ptolemy.moml.MoMLSimpleApplication@37b97244
----------------- Done invoking toplevel() on ptolemy.moml.MoMLSimpleApplication@37b97244
reloadAllAccessors: .PublisherSubscriberChannelVariablesAOC2

===========================================================================================
----------------- testing Sun Sep 27 15:57:35 UTC 2020 /home/travis/build/icyphy/ptII/ptolemy/actor/lib/test/auto/PublisherSubscriberD3.xml
----------------- Instantiating /home/travis/build/icyphy/ptII/ptolemy/actor/lib/test/auto/PublisherSubscriberD3.xml
2 ms. Memory: 272384K Free: 165878K (61%)
----------------- Invoking toplevel() on ptolemy.moml.MoMLSimpleApplication@1710dc86
----------------- Done invoking toplevel() on ptolemy.moml.MoMLSimpleApplication@1710dc86
reloadAllAccessors: .PublisherSubscriberD3

===========================================================================================
----------------- testing Sun Sep 27 15:57:35 UTC 2020 /home/travis/build/icyphy/ptII/ptolemy/actor/lib/test/auto/PublisherSubscriberD3Reverse.xml
----------------- Instantiating /home/travis/build/icyphy/ptII/ptolemy/actor/lib/test/auto/PublisherSubscriberD3Reverse.xml
1 ms. Memory: 272384K Free: 159734K (59%)
----------------- Invoking toplevel() on ptolemy.moml.MoMLSimpleApplication@26a655f
----------------- Done invoking toplevel() on ptolemy.moml.MoMLSimpleApplication@26a655f
reloadAllAccessors: .PublisherSubscriberD3Reverse

===========================================================================================
----------------- testing Sun Sep 27 15:57:36 UTC 2020 /home/travis/build/icyphy/ptII/ptolemy/actor/lib/test/auto/PublisherSubscriberExpression.xml
----------------- Instantiating /home/travis/build/icyphy/ptII/ptolemy/actor/lib/test/auto/PublisherSubscriberExpression.xml
4 ms. Memory: 272384K Free: 150518K (55%)
----------------- Invoking toplevel() on ptolemy.moml.MoMLSimpleApplication@35a86826
----------------- Done invoking toplevel() on ptolemy.moml.MoMLSimpleApplication@35a86826
reloadAllAccessors: .PublisherSubscriberExpression

===========================================================================================
----------------- testing Sun Sep 27 15:57:36 UTC 2020 /home/travis/build/icyphy/ptII/ptolemy/actor/lib/test/auto/PublisherSubscriberOpaque.xml
----------------- Instantiating /home/travis/build/icyphy/ptII/ptolemy/actor/lib/test/auto/PublisherSubscriberOpaque.xml
5 ms. Memory: 272384K Free: 142326K (52%)
----------------- Invoking toplevel() on ptolemy.moml.MoMLSimpleApplication@2cdf76c3
----------------- Done invoking toplevel() on ptolemy.moml.MoMLSimpleApplication@2cdf76c3
reloadAllAccessors: .PublisherSubscriberOpaque

===========================================================================================
----------------- testing Sun Sep 27 15:57:36 UTC 2020 /home/travis/build/icyphy/ptII/ptolemy/actor/lib/test/auto/PublisherSubscriberOpaqueD3.xml
----------------- Instantiating /home/travis/build/icyphy/ptII/ptolemy/actor/lib/test/auto/PublisherSubscriberOpaqueD3.xml
5 ms. Memory: 272384K Free: 131062K (48%)
----------------- Invoking toplevel() on ptolemy.moml.MoMLSimpleApplication@2aedacc9
----------------- Done invoking toplevel() on ptolemy.moml.MoMLSimpleApplication@2aedacc9
reloadAllAccessors: .PublisherSubscriberOpaqueD3

===========================================================================================
----------------- testing Sun Sep 27 15:57:36 UTC 2020 /home/travis/build/icyphy/ptII/ptolemy/actor/lib/test/auto/PublisherSubscriberOpaqueD3Reverse.xml
----------------- Instantiating /home/travis/build/icyphy/ptII/ptolemy/actor/lib/test/auto/PublisherSubscriberOpaqueD3Reverse.xml
7 ms. Memory: 272384K Free: 120308K (44%)
----------------- Invoking toplevel() on ptolemy.moml.MoMLSimpleApplication@736dd8ae
----------------- Done invoking toplevel() on ptolemy.moml.MoMLSimpleApplication@736dd8ae
reloadAllAccessors: .PublisherSubscriberOpaqueD3Reverse

===========================================================================================
----------------- testing Sun Sep 27 15:57:36 UTC 2020 /home/travis/build/icyphy/ptII/ptolemy/actor/lib/test/auto/PublisherSubscriberOpaqueWidthInference.xml
----------------- Instantiating /home/travis/build/icyphy/ptII/ptolemy/actor/lib/test/auto/PublisherSubscriberOpaqueWidthInference.xml
4 ms. Memory: 272384K Free: 112102K (41%)
----------------- Invoking toplevel() on ptolemy.moml.MoMLSimpleApplication@271fe9e5
----------------- Done invoking toplevel() on ptolemy.moml.MoMLSimpleApplication@271fe9e5
reloadAllAccessors: .PublisherSubscriberOpaqueWidthInference

===========================================================================================
----------------- testing Sun Sep 27 15:57:36 UTC 2020 /home/travis/build/icyphy/ptII/ptolemy/actor/lib/test/auto/PublisherTestSubscriber.xml
----------------- Instantiating /home/travis/build/icyphy/ptII/ptolemy/actor/lib/test/auto/PublisherTestSubscriber.xml
3 ms. Memory: 272384K Free: 103918K (38%)
----------------- Invoking toplevel() on ptolemy.moml.MoMLSimpleApplication@21407c03
----------------- Done invoking toplevel() on ptolemy.moml.MoMLSimpleApplication@21407c03
reloadAllAccessors: .PublisherTestSubscriber

===========================================================================================
----------------- testing Sun Sep 27 15:57:36 UTC 2020 /home/travis/build/icyphy/ptII/ptolemy/actor/lib/test/auto/PublisherToplevelSubscriberPortAOC.xml
----------------- Instantiating /home/travis/build/icyphy/ptII/ptolemy/actor/lib/test/auto/PublisherToplevelSubscriberPortAOC.xml
2 ms. Memory: 272384K Free: 96750K (36%)
----------------- Invoking toplevel() on ptolemy.moml.MoMLSimpleApplication@6fde12a9
----------------- Done invoking toplevel() on ptolemy.moml.MoMLSimpleApplication@6fde12a9
reloadAllAccessors: .PublisherToplevelSubscriberPortAOC

===========================================================================================
----------------- testing Sun Sep 27 15:57:36 UTC 2020 /home/travis/build/icyphy/ptII/ptolemy/actor/lib/test/auto/PulseFiringLimitDE.xml
----------------- Instantiating /home/travis/build/icyphy/ptII/ptolemy/actor/lib/test/auto/PulseFiringLimitDE.xml
2 ms. Memory: 272384K Free: 90612K (33%)
----------------- Invoking toplevel() on ptolemy.moml.MoMLSimpleApplication@1b67e498
----------------- Done invoking toplevel() on ptolemy.moml.MoMLSimpleApplication@1b67e498
reloadAllAccessors: .PulseFiringLimitDE

===========================================================================================
----------------- testing Sun Sep 27 15:57:36 UTC 2020 /home/travis/build/icyphy/ptII/ptolemy/actor/lib/test/auto/Ramp1.xml
----------------- Instantiating /home/travis/build/icyphy/ptII/ptolemy/actor/lib/test/auto/Ramp1.xml
1 ms. Memory: 272384K Free: 86510K (32%)
----------------- Invoking toplevel() on ptolemy.moml.MoMLSimpleApplication@43d34048
----------------- Done invoking toplevel() on ptolemy.moml.MoMLSimpleApplication@43d34048
reloadAllAccessors: .Ramp1

===========================================================================================
----------------- testing Sun Sep 27 15:57:36 UTC 2020 /home/travis/build/icyphy/ptII/ptolemy/actor/lib/test/auto/RampFiringLimitDE.xml
----------------- Instantiating /home/travis/build/icyphy/ptII/ptolemy/actor/lib/test/auto/RampFiringLimitDE.xml
2 ms. Memory: 272384K Free: 80358K (30%)
----------------- Invoking toplevel() on ptolemy.moml.MoMLSimpleApplication@3bc2ec89
----------------- Done invoking toplevel() on ptolemy.moml.MoMLSimpleApplication@3bc2ec89
reloadAllAccessors: .RampFiringLimitDE

===========================================================================================
----------------- testing Sun Sep 27 15:57:36 UTC 2020 /home/travis/build/icyphy/ptII/ptolemy/actor/lib/test/auto/RampFiringLimitSDF.xml
----------------- Instantiating /home/travis/build/icyphy/ptII/ptolemy/actor/lib/test/auto/RampFiringLimitSDF.xml
3 ms. Memory: 272384K Free: 74742K (27%)
----------------- Invoking toplevel() on ptolemy.moml.MoMLSimpleApplication@115ef820
----------------- Done invoking toplevel() on ptolemy.moml.MoMLSimpleApplication@115ef820
reloadAllAccessors: .RampFiringLimitSDF

===========================================================================================
----------------- testing Sun Sep 27 15:57:36 UTC 2020 /home/travis/build/icyphy/ptII/ptolemy/actor/lib/test/auto/RandomInteger.xml
----------------- Instantiating /home/travis/build/icyphy/ptII/ptolemy/actor/lib/test/auto/RandomInteger.xml
1 ms. Memory: 272384K Free: 70646K (26%)
----------------- Invoking toplevel() on ptolemy.moml.MoMLSimpleApplication@143a8240
----------------- Done invoking toplevel() on ptolemy.moml.MoMLSimpleApplication@143a8240
reloadAllAccessors: .RandomInteger

===========================================================================================
----------------- testing Sun Sep 27 15:57:36 UTC 2020 /home/travis/build/icyphy/ptII/ptolemy/actor/lib/test/auto/ReadFile1.xml
----------------- Instantiating /home/travis/build/icyphy/ptII/ptolemy/actor/lib/test/auto/ReadFile1.xml
2 ms. Memory: 272384K Free: 66036K (24%)
----------------- Invoking toplevel() on ptolemy.moml.MoMLSimpleApplication@52c420d4
----------------- Done invoking toplevel() on ptolemy.moml.MoMLSimpleApplication@52c420d4
reloadAllAccessors: .ReadFile1

===========================================================================================
----------------- testing Sun Sep 27 15:57:36 UTC 2020 /home/travis/build/icyphy/ptII/ptolemy/actor/lib/test/auto/ReadFile2.xml
----------------- Instantiating /home/travis/build/icyphy/ptII/ptolemy/actor/lib/test/auto/ReadFile2.xml
1 ms. Memory: 272384K Free: 61940K (23%)
----------------- Invoking toplevel() on ptolemy.moml.MoMLSimpleApplication@cac7b2e
----------------- Done invoking toplevel() on ptolemy.moml.MoMLSimpleApplication@cac7b2e
reloadAllAccessors: .ReadFile2

===========================================================================================
----------------- testing Sun Sep 27 15:57:36 UTC 2020 /home/travis/build/icyphy/ptII/ptolemy/actor/lib/test/auto/Reader.xml
----------------- Instantiating /home/travis/build/icyphy/ptII/ptolemy/actor/lib/test/auto/Reader.xml
actor.lib.Reader is obsolete, use actor.lib.io.ExpressionReader instead
6 ms. Memory: 272384K Free: 218246K (80%)
----------------- Invoking toplevel() on ptolemy.moml.MoMLSimpleApplication@66362621
----------------- Done invoking toplevel() on ptolemy.moml.MoMLSimpleApplication@66362621
reloadAllAccessors: .Reader

===========================================================================================
----------------- testing Sun Sep 27 15:57:36 UTC 2020 /home/travis/build/icyphy/ptII/ptolemy/actor/lib/test/auto/RecordAssemblerDisplayNameTest.xml
----------------- Instantiating /home/travis/build/icyphy/ptII/ptolemy/actor/lib/test/auto/RecordAssemblerDisplayNameTest.xml
3131 ms. Memory: 272384K Free: 135112K (50%)
----------------- Invoking toplevel() on ptolemy.moml.MoMLSimpleApplication@683da530
----------------- Done invoking toplevel() on ptolemy.moml.MoMLSimpleApplication@683da530
reloadAllAccessors: .RecordAssemblerDisplayNameTest

===========================================================================================
----------------- testing Sun Sep 27 15:57:39 UTC 2020 /home/travis/build/icyphy/ptII/ptolemy/actor/lib/test/auto/RecordAssemblerTypeError.xml
----------------- Instantiating /home/travis/build/icyphy/ptII/ptolemy/actor/lib/test/auto/RecordAssemblerTypeError.xml
17 ms. Memory: 272384K Free: 125386K (46%)
----------------- Invoking toplevel() on ptolemy.moml.MoMLSimpleApplication@703eeb93
----------------- Done invoking toplevel() on ptolemy.moml.MoMLSimpleApplication@703eeb93
reloadAllAccessors: .RecordAssemblerTypeError

===========================================================================================
----------------- testing Sun Sep 27 15:57:39 UTC 2020 /home/travis/build/icyphy/ptII/ptolemy/actor/lib/test/auto/RecordDisassember.xml
----------------- Instantiating /home/travis/build/icyphy/ptII/ptolemy/actor/lib/test/auto/RecordDisassember.xml
3 ms. Memory: 272384K Free: 120266K (44%)
----------------- Invoking toplevel() on ptolemy.moml.MoMLSimpleApplication@326287af
----------------- Done invoking toplevel() on ptolemy.moml.MoMLSimpleApplication@326287af
reloadAllAccessors: .RecordDisassember

===========================================================================================
----------------- testing Sun Sep 27 15:57:39 UTC 2020 /home/travis/build/icyphy/ptII/ptolemy/actor/lib/test/auto/RecordDisassemberDisplayNameTest.xml
----------------- Instantiating /home/travis/build/icyphy/ptII/ptolemy/actor/lib/test/auto/RecordDisassemberDisplayNameTest.xml
5 ms. Memory: 272384K Free: 112584K (41%)
----------------- Invoking toplevel() on ptolemy.moml.MoMLSimpleApplication@25e4cb7c
----------------- Done invoking toplevel() on ptolemy.moml.MoMLSimpleApplication@25e4cb7c
reloadAllAccessors: .RecordDisassemberDisplayNameTest

===========================================================================================
----------------- testing Sun Sep 27 15:57:39 UTC 2020 /home/travis/build/icyphy/ptII/ptolemy/actor/lib/test/auto/RecordDisassembler.xml
----------------- Instantiating /home/travis/build/icyphy/ptII/ptolemy/actor/lib/test/auto/RecordDisassembler.xml
3 ms. Memory: 272384K Free: 107450K (39%)
----------------- Invoking toplevel() on ptolemy.moml.MoMLSimpleApplication@77f0acab
----------------- Done invoking toplevel() on ptolemy.moml.MoMLSimpleApplication@77f0acab
reloadAllAccessors: .RecordDisassembler

===========================================================================================
----------------- testing Sun Sep 27 15:57:39 UTC 2020 /home/travis/build/icyphy/ptII/ptolemy/actor/lib/test/auto/RecordDisassembler2.xml
----------------- Instantiating /home/travis/build/icyphy/ptII/ptolemy/actor/lib/test/auto/RecordDisassembler2.xml
3 ms. Memory: 272384K Free: 101834K (37%)
----------------- Invoking toplevel() on ptolemy.moml.MoMLSimpleApplication@62c3a403
----------------- Done invoking toplevel() on ptolemy.moml.MoMLSimpleApplication@62c3a403
reloadAllAccessors: .RecordDisassembler2

===========================================================================================
----------------- testing Sun Sep 27 15:57:39 UTC 2020 /home/travis/build/icyphy/ptII/ptolemy/actor/lib/test/auto/RecordUpdater.xml
----------------- Instantiating /home/travis/build/icyphy/ptII/ptolemy/actor/lib/test/auto/RecordUpdater.xml
2 ms. Memory: 272384K Free: 97224K (36%)
----------------- Invoking toplevel() on ptolemy.moml.MoMLSimpleApplication@15c292ab
----------------- Done invoking toplevel() on ptolemy.moml.MoMLSimpleApplication@15c292ab
reloadAllAccessors: .RecordUpdater

===========================================================================================
----------------- testing Sun Sep 27 15:57:39 UTC 2020 /home/travis/build/icyphy/ptII/ptolemy/actor/lib/test/auto/RecordUpdater2.xml
----------------- Instantiating /home/travis/build/icyphy/ptII/ptolemy/actor/lib/test/auto/RecordUpdater2.xml
2 ms. Memory: 272384K Free: 92104K (34%)
----------------- Invoking toplevel() on ptolemy.moml.MoMLSimpleApplication@381606f7
----------------- Done invoking toplevel() on ptolemy.moml.MoMLSimpleApplication@381606f7
reloadAllAccessors: .RecordUpdater2

===========================================================================================
----------------- testing Sun Sep 27 15:57:39 UTC 2020 /home/travis/build/icyphy/ptII/ptolemy/actor/lib/test/auto/RecursiveLattice.xml
----------------- Instantiating /home/travis/build/icyphy/ptII/ptolemy/actor/lib/test/auto/RecursiveLattice.xml
2 ms. Memory: 272384K Free: 87498K (32%)
----------------- Invoking toplevel() on ptolemy.moml.MoMLSimpleApplication@58ed7d68
----------------- Done invoking toplevel() on ptolemy.moml.MoMLSimpleApplication@58ed7d68
reloadAllAccessors: .RecursiveLattice

===========================================================================================
----------------- testing Sun Sep 27 15:57:39 UTC 2020 /home/travis/build/icyphy/ptII/ptolemy/actor/lib/test/auto/Router.xml
----------------- Instantiating /home/travis/build/icyphy/ptII/ptolemy/actor/lib/test/auto/Router.xml
3004 ms. Memory: 272384K Free: 77258K (28%)
----------------- Invoking toplevel() on ptolemy.moml.MoMLSimpleApplication@7c00d7d0
----------------- Done invoking toplevel() on ptolemy.moml.MoMLSimpleApplication@7c00d7d0
reloadAllAccessors: .Router

===========================================================================================
----------------- testing Sun Sep 27 15:57:42 UTC 2020 /home/travis/build/icyphy/ptII/ptolemy/actor/lib/test/auto/Router2.xml
----------------- Instantiating /home/travis/build/icyphy/ptII/ptolemy/actor/lib/test/auto/Router2.xml
3004 ms. Memory: 272384K Free: 67018K (25%)
----------------- Invoking toplevel() on ptolemy.moml.MoMLSimpleApplication@4109a5db
----------------- Done invoking toplevel() on ptolemy.moml.MoMLSimpleApplication@4109a5db
reloadAllAccessors: .Router2

===========================================================================================
----------------- testing Sun Sep 27 15:57:45 UTC 2020 /home/travis/build/icyphy/ptII/ptolemy/actor/lib/test/auto/RunningMaximum.xml
----------------- Instantiating /home/travis/build/icyphy/ptII/ptolemy/actor/lib/test/auto/RunningMaximum.xml
3 ms. Memory: 272384K Free: 61898K (23%)
----------------- Invoking toplevel() on ptolemy.moml.MoMLSimpleApplication@fac5b72
----------------- Done invoking toplevel() on ptolemy.moml.MoMLSimpleApplication@fac5b72
reloadAllAccessors: .RunningMaximum

===========================================================================================
----------------- testing Sun Sep 27 15:57:45 UTC 2020 /home/travis/build/icyphy/ptII/ptolemy/actor/lib/test/auto/RunningMinimum.xml
----------------- Instantiating /home/travis/build/icyphy/ptII/ptolemy/actor/lib/test/auto/RunningMinimum.xml
9 ms. Memory: 272384K Free: 217884K (80%)
----------------- Invoking toplevel() on ptolemy.moml.MoMLSimpleApplication@175695a6
----------------- Done invoking toplevel() on ptolemy.moml.MoMLSimpleApplication@175695a6
reloadAllAccessors: .RunningMinimum

===========================================================================================
----------------- testing Sun Sep 27 15:57:45 UTC 2020 /home/travis/build/icyphy/ptII/ptolemy/actor/lib/test/auto/Scale.xml
----------------- Instantiating /home/travis/build/icyphy/ptII/ptolemy/actor/lib/test/auto/Scale.xml
2 ms. Memory: 272384K Free: 212778K (78%)
----------------- Invoking toplevel() on ptolemy.moml.MoMLSimpleApplication@2c53ab55
----------------- Done invoking toplevel() on ptolemy.moml.MoMLSimpleApplication@2c53ab55
reloadAllAccessors: .Scale

===========================================================================================
----------------- testing Sun Sep 27 15:57:45 UTC 2020 /home/travis/build/icyphy/ptII/ptolemy/actor/lib/test/auto/Scale2.xml
----------------- Instantiating /home/travis/build/icyphy/ptII/ptolemy/actor/lib/test/auto/Scale2.xml
1 ms. Memory: 272384K Free: 208172K (76%)
----------------- Invoking toplevel() on ptolemy.moml.MoMLSimpleApplication@62d65420
----------------- Done invoking toplevel() on ptolemy.moml.MoMLSimpleApplication@62d65420
reloadAllAccessors: .Scale2

===========================================================================================
----------------- testing Sun Sep 27 15:57:45 UTC 2020 /home/travis/build/icyphy/ptII/ptolemy/actor/lib/test/auto/Scale3.xml
----------------- Instantiating /home/travis/build/icyphy/ptII/ptolemy/actor/lib/test/auto/Scale3.xml
4 ms. Memory: 272384K Free: 201514K (74%)
----------------- Invoking toplevel() on ptolemy.moml.MoMLSimpleApplication@6b498a58
----------------- Done invoking toplevel() on ptolemy.moml.MoMLSimpleApplication@6b498a58
reloadAllAccessors: .Scale3

===========================================================================================
----------------- testing Sun Sep 27 15:57:45 UTC 2020 /home/travis/build/icyphy/ptII/ptolemy/actor/lib/test/auto/ScaleArray.xml
----------------- Instantiating /home/travis/build/icyphy/ptII/ptolemy/actor/lib/test/auto/ScaleArray.xml
3 ms. Memory: 272384K Free: 197418K (72%)
----------------- Invoking toplevel() on ptolemy.moml.MoMLSimpleApplication@ca958e0
----------------- Done invoking toplevel() on ptolemy.moml.MoMLSimpleApplication@ca958e0
reloadAllAccessors: .ScaleArray

===========================================================================================
----------------- testing Sun Sep 27 15:57:45 UTC 2020 /home/travis/build/icyphy/ptII/ptolemy/actor/lib/test/auto/ScaleArray2.xml
----------------- Instantiating /home/travis/build/icyphy/ptII/ptolemy/actor/lib/test/auto/ScaleArray2.xml
2 ms. Memory: 272384K Free: 192298K (71%)
----------------- Invoking toplevel() on ptolemy.moml.MoMLSimpleApplication@16309561
----------------- Done invoking toplevel() on ptolemy.moml.MoMLSimpleApplication@16309561
reloadAllAccessors: .ScaleArray2

===========================================================================================
----------------- testing Sun Sep 27 15:57:45 UTC 2020 /home/travis/build/icyphy/ptII/ptolemy/actor/lib/test/auto/ScaleMatrix.xml
----------------- Instantiating /home/travis/build/icyphy/ptII/ptolemy/actor/lib/test/auto/ScaleMatrix.xml
139 ms. Memory: 272384K Free: 179500K (66%)
----------------- Invoking toplevel() on ptolemy.moml.MoMLSimpleApplication@6150b73b
----------------- Done invoking toplevel() on ptolemy.moml.MoMLSimpleApplication@6150b73b
reloadAllAccessors: .ScaleMatrix

===========================================================================================
----------------- testing Sun Sep 27 15:57:45 UTC 2020 /home/travis/build/icyphy/ptII/ptolemy/actor/lib/test/auto/Select.xml
----------------- Instantiating /home/travis/build/icyphy/ptII/ptolemy/actor/lib/test/auto/Select.xml
3 ms. Memory: 272384K Free: 172828K (63%)
----------------- Invoking toplevel() on ptolemy.moml.MoMLSimpleApplication@730557f2
----------------- Done invoking toplevel() on ptolemy.moml.MoMLSimpleApplication@730557f2
reloadAllAccessors: .Select

===========================================================================================
----------------- testing Sun Sep 27 15:57:45 UTC 2020 /home/travis/build/icyphy/ptII/ptolemy/actor/lib/test/auto/Select2.xml
----------------- Instantiating /home/travis/build/icyphy/ptII/ptolemy/actor/lib/test/auto/Select2.xml
1 ms. Memory: 272384K Free: 168236K (62%)
----------------- Invoking toplevel() on ptolemy.moml.MoMLSimpleApplication@44f13794
----------------- Done invoking toplevel() on ptolemy.moml.MoMLSimpleApplication@44f13794
reloadAllAccessors: .Select2

===========================================================================================
----------------- testing Sun Sep 27 15:57:45 UTC 2020 /home/travis/build/icyphy/ptII/ptolemy/actor/lib/test/auto/SequenceToArray2.xml
----------------- Instantiating /home/travis/build/icyphy/ptII/ptolemy/actor/lib/test/auto/SequenceToArray2.xml
98 ms. Memory: 272384K Free: 143660K (53%)
----------------- Invoking toplevel() on ptolemy.moml.MoMLSimpleApplication@241c0ae2
----------------- Done invoking toplevel() on ptolemy.moml.MoMLSimpleApplication@241c0ae2
reloadAllAccessors: .SequenceToArray2

===========================================================================================
----------------- testing Sun Sep 27 15:57:46 UTC 2020 /home/travis/build/icyphy/ptII/ptolemy/actor/lib/test/auto/SequentialClock.xml
----------------- Instantiating /home/travis/build/icyphy/ptII/ptolemy/actor/lib/test/auto/SequentialClock.xml
1 ms. Memory: 272384K Free: 140074K (51%)
----------------- Invoking toplevel() on ptolemy.moml.MoMLSimpleApplication@3f23a52b
----------------- Done invoking toplevel() on ptolemy.moml.MoMLSimpleApplication@3f23a52b
reloadAllAccessors: .SequentialClock

===========================================================================================
----------------- testing Sun Sep 27 15:57:46 UTC 2020 /home/travis/build/icyphy/ptII/ptolemy/actor/lib/test/auto/SetVariable.xml
----------------- Instantiating /home/travis/build/icyphy/ptII/ptolemy/actor/lib/test/auto/SetVariable.xml
7 ms. Memory: 272384K Free: 134954K (50%)
----------------- Invoking toplevel() on ptolemy.moml.MoMLSimpleApplication@476863c4
----------------- Done invoking toplevel() on ptolemy.moml.MoMLSimpleApplication@476863c4
reloadAllAccessors: .SetVariable

===========================================================================================
----------------- testing Sun Sep 27 15:57:46 UTC 2020 /home/travis/build/icyphy/ptII/ptolemy/actor/lib/test/auto/SetVariable2.xml
----------------- Instantiating /home/travis/build/icyphy/ptII/ptolemy/actor/lib/test/auto/SetVariable2.xml
4 ms. Memory: 272384K Free: 130348K (48%)
----------------- Invoking toplevel() on ptolemy.moml.MoMLSimpleApplication@587a556
----------------- Done invoking toplevel() on ptolemy.moml.MoMLSimpleApplication@587a556
reloadAllAccessors: .SetVariable2

===========================================================================================
----------------- testing Sun Sep 27 15:57:46 UTC 2020 /home/travis/build/icyphy/ptII/ptolemy/actor/lib/test/auto/SetVariable3.xml
----------------- Instantiating /home/travis/build/icyphy/ptII/ptolemy/actor/lib/test/auto/SetVariable3.xml
7 ms. Memory: 272384K Free: 124714K (46%)
----------------- Invoking toplevel() on ptolemy.moml.MoMLSimpleApplication@2292c457
----------------- Done invoking toplevel() on ptolemy.moml.MoMLSimpleApplication@2292c457
reloadAllAccessors: .SetVariable3

===========================================================================================
----------------- testing Sun Sep 27 15:57:46 UTC 2020 /home/travis/build/icyphy/ptII/ptolemy/actor/lib/test/auto/SetVariable4.xml
----------------- Instantiating /home/travis/build/icyphy/ptII/ptolemy/actor/lib/test/auto/SetVariable4.xml
13 ms. Memory: 272384K Free: 114988K (42%)
----------------- Invoking toplevel() on ptolemy.moml.MoMLSimpleApplication@cb9c576
----------------- Done invoking toplevel() on ptolemy.moml.MoMLSimpleApplication@cb9c576
reloadAllAccessors: .SetVariable4

===========================================================================================
----------------- testing Sun Sep 27 15:57:46 UTC 2020 /home/travis/build/icyphy/ptII/ptolemy/actor/lib/test/auto/SetVariable5.xml
----------------- Instantiating /home/travis/build/icyphy/ptII/ptolemy/actor/lib/test/auto/SetVariable5.xml
18 ms. Memory: 272384K Free: 105258K (39%)
----------------- Invoking toplevel() on ptolemy.moml.MoMLSimpleApplication@58360061
----------------- Done invoking toplevel() on ptolemy.moml.MoMLSimpleApplication@58360061
reloadAllAccessors: .SetVariable5

===========================================================================================
----------------- testing Sun Sep 27 15:57:46 UTC 2020 /home/travis/build/icyphy/ptII/ptolemy/actor/lib/test/auto/Sinewave.xml
----------------- Instantiating /home/travis/build/icyphy/ptII/ptolemy/actor/lib/test/auto/Sinewave.xml
6 ms. Memory: 272384K Free: 95018K (35%)
----------------- Invoking toplevel() on ptolemy.moml.MoMLSimpleApplication@36258c1b
----------------- Done invoking toplevel() on ptolemy.moml.MoMLSimpleApplication@36258c1b
reloadAllAccessors: .Sinewave

===========================================================================================
----------------- testing Sun Sep 27 15:57:46 UTC 2020 /home/travis/build/icyphy/ptII/ptolemy/actor/lib/test/auto/Sinewave2.xml
----------------- Instantiating /home/travis/build/icyphy/ptII/ptolemy/actor/lib/test/auto/Sinewave2.xml
5 ms. Memory: 272384K Free: 86316K (32%)
----------------- Invoking toplevel() on ptolemy.moml.MoMLSimpleApplication@2bd0d5c
----------------- Done invoking toplevel() on ptolemy.moml.MoMLSimpleApplication@2bd0d5c
reloadAllAccessors: .Sinewave2

===========================================================================================
----------------- testing Sun Sep 27 15:57:46 UTC 2020 /home/travis/build/icyphy/ptII/ptolemy/actor/lib/test/auto/Sinewave3.xml
----------------- Instantiating /home/travis/build/icyphy/ptII/ptolemy/actor/lib/test/auto/Sinewave3.xml
9 ms. Memory: 272384K Free: 78124K (29%)
----------------- Invoking toplevel() on ptolemy.moml.MoMLSimpleApplication@35cb25e2
----------------- Done invoking toplevel() on ptolemy.moml.MoMLSimpleApplication@35cb25e2
reloadAllAccessors: .Sinewave3

===========================================================================================
----------------- testing Sun Sep 27 15:57:46 UTC 2020 /home/travis/build/icyphy/ptII/ptolemy/actor/lib/test/auto/SingleEvent.xml
----------------- Instantiating /home/travis/build/icyphy/ptII/ptolemy/actor/lib/test/auto/SingleEvent.xml
1 ms. Memory: 272384K Free: 74028K (27%)
----------------- Invoking toplevel() on ptolemy.moml.MoMLSimpleApplication@4d60e9a7
----------------- Done invoking toplevel() on ptolemy.moml.MoMLSimpleApplication@4d60e9a7
reloadAllAccessors: .SingleEvent

===========================================================================================
----------------- testing Sun Sep 27 15:57:46 UTC 2020 /home/travis/build/icyphy/ptII/ptolemy/actor/lib/test/auto/Sleep.xml
----------------- Instantiating /home/travis/build/icyphy/ptII/ptolemy/actor/lib/test/auto/Sleep.xml
6003 ms. Memory: 272384K Free: 68394K (25%)
----------------- Invoking toplevel() on ptolemy.moml.MoMLSimpleApplication@64c63cab
----------------- Done invoking toplevel() on ptolemy.moml.MoMLSimpleApplication@64c63cab
reloadAllAccessors: .Sleep

===========================================================================================
----------------- testing Sun Sep 27 15:57:52 UTC 2020 /home/travis/build/icyphy/ptII/ptolemy/actor/lib/test/auto/SleepMultipleFire.xml
----------------- Instantiating /home/travis/build/icyphy/ptII/ptolemy/actor/lib/test/auto/SleepMultipleFire.xml
1005 ms. Memory: 272384K Free: 62250K (23%)
----------------- Invoking toplevel() on ptolemy.moml.MoMLSimpleApplication@31ce9241
----------------- Done invoking toplevel() on ptolemy.moml.MoMLSimpleApplication@31ce9241
reloadAllAccessors: .SleepMultipleFire

===========================================================================================
----------------- testing Sun Sep 27 15:57:53 UTC 2020 /home/travis/build/icyphy/ptII/ptolemy/actor/lib/test/auto/StopDE.xml
----------------- Instantiating /home/travis/build/icyphy/ptII/ptolemy/actor/lib/test/auto/StopDE.xml
3 ms. Memory: 272384K Free: 217555K (80%)
----------------- Invoking toplevel() on ptolemy.moml.MoMLSimpleApplication@52737d1c
----------------- Done invoking toplevel() on ptolemy.moml.MoMLSimpleApplication@52737d1c
reloadAllAccessors: .StopDE

===========================================================================================
----------------- testing Sun Sep 27 15:57:53 UTC 2020 /home/travis/build/icyphy/ptII/ptolemy/actor/lib/test/auto/StopSDF.xml
----------------- Instantiating /home/travis/build/icyphy/ptII/ptolemy/actor/lib/test/auto/StopSDF.xml
3 ms. Memory: 272384K Free: 211955K (78%)
----------------- Invoking toplevel() on ptolemy.moml.MoMLSimpleApplication@6b50d604
----------------- Done invoking toplevel() on ptolemy.moml.MoMLSimpleApplication@6b50d604
reloadAllAccessors: .StopSDF

===========================================================================================
----------------- testing Sun Sep 27 15:57:53 UTC 2020 /home/travis/build/icyphy/ptII/ptolemy/actor/lib/test/auto/StringConstant.xml
----------------- Instantiating /home/travis/build/icyphy/ptII/ptolemy/actor/lib/test/auto/StringConstant.xml
8 ms. Memory: 272384K Free: 207345K (76%)
----------------- Invoking toplevel() on ptolemy.moml.MoMLSimpleApplication@26ac7d18
----------------- Done invoking toplevel() on ptolemy.moml.MoMLSimpleApplication@26ac7d18
reloadAllAccessors: .StringConstant

===========================================================================================
----------------- testing Sun Sep 27 15:57:53 UTC 2020 /home/travis/build/icyphy/ptII/ptolemy/actor/lib/test/auto/SubscriberPortInitialValues1.xml
----------------- Instantiating /home/travis/build/icyphy/ptII/ptolemy/actor/lib/test/auto/SubscriberPortInitialValues1.xml
5 ms. Memory: 272384K Free: 198129K (73%)
----------------- Invoking toplevel() on ptolemy.moml.MoMLSimpleApplication@34deac04
----------------- Done invoking toplevel() on ptolemy.moml.MoMLSimpleApplication@34deac04
reloadAllAccessors: .SubscriberPortInitialValues1

===========================================================================================
----------------- testing Sun Sep 27 15:57:53 UTC 2020 /home/travis/build/icyphy/ptII/ptolemy/actor/lib/test/auto/SubscriberPortInitialValues13.xml
----------------- Instantiating /home/travis/build/icyphy/ptII/ptolemy/actor/lib/test/auto/SubscriberPortInitialValues13.xml
5 ms. Memory: 272384K Free: 185841K (68%)
----------------- Invoking toplevel() on ptolemy.moml.MoMLSimpleApplication@61da33da
----------------- Done invoking toplevel() on ptolemy.moml.MoMLSimpleApplication@61da33da
reloadAllAccessors: .SubscriberPortInitialValues13

===========================================================================================
----------------- testing Sun Sep 27 15:57:53 UTC 2020 /home/travis/build/icyphy/ptII/ptolemy/actor/lib/test/auto/SubscriberPortInitialValues14.xml
----------------- Instantiating /home/travis/build/icyphy/ptII/ptolemy/actor/lib/test/auto/SubscriberPortInitialValues14.xml
4 ms. Memory: 272384K Free: 178163K (65%)
----------------- Invoking toplevel() on ptolemy.moml.MoMLSimpleApplication@3c3ebd7c
----------------- Done invoking toplevel() on ptolemy.moml.MoMLSimpleApplication@3c3ebd7c
reloadAllAccessors: .SubscriberPortInitialValues14

===========================================================================================
----------------- testing Sun Sep 27 15:57:53 UTC 2020 /home/travis/build/icyphy/ptII/ptolemy/actor/lib/test/auto/SubscriberPortInitialValues2.xml
----------------- Instantiating /home/travis/build/icyphy/ptII/ptolemy/actor/lib/test/auto/SubscriberPortInitialValues2.xml
4 ms. Memory: 272384K Free: 170481K (63%)
----------------- Invoking toplevel() on ptolemy.moml.MoMLSimpleApplication@4bbb8ce6
----------------- Done invoking toplevel() on ptolemy.moml.MoMLSimpleApplication@4bbb8ce6
reloadAllAccessors: .SubscriberPortInitialValues2

===========================================================================================
----------------- testing Sun Sep 27 15:57:53 UTC 2020 /home/travis/build/icyphy/ptII/ptolemy/actor/lib/test/auto/SubscriberPortInitialValues3.xml
----------------- Instantiating /home/travis/build/icyphy/ptII/ptolemy/actor/lib/test/auto/SubscriberPortInitialValues3.xml
4 ms. Memory: 272384K Free: 159217K (58%)
----------------- Invoking toplevel() on ptolemy.moml.MoMLSimpleApplication@54b82bcb
----------------- Done invoking toplevel() on ptolemy.moml.MoMLSimpleApplication@54b82bcb
reloadAllAccessors: .SubscriberPortInitialValues3

===========================================================================================
----------------- testing Sun Sep 27 15:57:53 UTC 2020 /home/travis/build/icyphy/ptII/ptolemy/actor/lib/test/auto/SubscriptionAggregator.xml
----------------- Instantiating /home/travis/build/icyphy/ptII/ptolemy/actor/lib/test/auto/SubscriptionAggregator.xml
2 ms. Memory: 272384K Free: 152563K (56%)
----------------- Invoking toplevel() on ptolemy.moml.MoMLSimpleApplication@4a4f63f4
----------------- Done invoking toplevel() on ptolemy.moml.MoMLSimpleApplication@4a4f63f4
reloadAllAccessors: .SubscriptionAggregator

===========================================================================================
----------------- testing Sun Sep 27 15:57:53 UTC 2020 /home/travis/build/icyphy/ptII/ptolemy/actor/lib/test/auto/SubscriptionAggregator2.xml
----------------- Instantiating /home/travis/build/icyphy/ptII/ptolemy/actor/lib/test/auto/SubscriptionAggregator2.xml
4 ms. Memory: 272384K Free: 145899K (54%)
----------------- Invoking toplevel() on ptolemy.moml.MoMLSimpleApplication@29f71393
----------------- Done invoking toplevel() on ptolemy.moml.MoMLSimpleApplication@29f71393
reloadAllAccessors: .SubscriptionAggregator2

===========================================================================================
----------------- testing Sun Sep 27 15:57:53 UTC 2020 /home/travis/build/icyphy/ptII/ptolemy/actor/lib/test/auto/SubscriptionAggregator3.xml
----------------- Instantiating /home/travis/build/icyphy/ptII/ptolemy/actor/lib/test/auto/SubscriptionAggregator3.xml
4 ms. Memory: 272384K Free: 136683K (50%)
----------------- Invoking toplevel() on ptolemy.moml.MoMLSimpleApplication@b33ff17
----------------- Done invoking toplevel() on ptolemy.moml.MoMLSimpleApplication@b33ff17
reloadAllAccessors: .SubscriptionAggregator3

===========================================================================================
----------------- testing Sun Sep 27 15:57:53 UTC 2020 /home/travis/build/icyphy/ptII/ptolemy/actor/lib/test/auto/SubscriptionAggregatorMultiply.xml
----------------- Instantiating /home/travis/build/icyphy/ptII/ptolemy/actor/lib/test/auto/SubscriptionAggregatorMultiply.xml
14 ms. Memory: 272384K Free: 128491K (47%)
----------------- Invoking toplevel() on ptolemy.moml.MoMLSimpleApplication@16f6e95a
----------------- Done invoking toplevel() on ptolemy.moml.MoMLSimpleApplication@16f6e95a
reloadAllAccessors: .SubscriptionAggregatorMultiply

===========================================================================================
----------------- testing Sun Sep 27 15:57:53 UTC 2020 /home/travis/build/icyphy/ptII/ptolemy/actor/lib/test/auto/SubscriptionAggregatorPortMultiply1.xml
----------------- Instantiating /home/travis/build/icyphy/ptII/ptolemy/actor/lib/test/auto/SubscriptionAggregatorPortMultiply1.xml
4 ms. Memory: 272384K Free: 120305K (44%)
----------------- Invoking toplevel() on ptolemy.moml.MoMLSimpleApplication@44d8f1a7
----------------- Done invoking toplevel() on ptolemy.moml.MoMLSimpleApplication@44d8f1a7
reloadAllAccessors: .SubscriptionAggregatorPortMultiply1

===========================================================================================
----------------- testing Sun Sep 27 15:57:53 UTC 2020 /home/travis/build/icyphy/ptII/ptolemy/actor/lib/test/auto/Switch.xml
----------------- Instantiating /home/travis/build/icyphy/ptII/ptolemy/actor/lib/test/auto/Switch.xml
8 ms. Memory: 272384K Free: 112113K (41%)
----------------- Invoking toplevel() on ptolemy.moml.MoMLSimpleApplication@49f1096d
----------------- Done invoking toplevel() on ptolemy.moml.MoMLSimpleApplication@49f1096d
reloadAllAccessors: .Switch

===========================================================================================
----------------- testing Sun Sep 27 15:57:53 UTC 2020 /home/travis/build/icyphy/ptII/ptolemy/actor/lib/test/auto/Switch2.xml
----------------- Instantiating /home/travis/build/icyphy/ptII/ptolemy/actor/lib/test/auto/Switch2.xml
1 ms. Memory: 272384K Free: 107507K (39%)
----------------- Invoking toplevel() on ptolemy.moml.MoMLSimpleApplication@d38ae87
----------------- Done invoking toplevel() on ptolemy.moml.MoMLSimpleApplication@d38ae87
reloadAllAccessors: .Switch2

===========================================================================================
----------------- testing Sun Sep 27 15:57:53 UTC 2020 /home/travis/build/icyphy/ptII/ptolemy/actor/lib/test/auto/SwitchDE.xml
----------------- Instantiating /home/travis/build/icyphy/ptII/ptolemy/actor/lib/test/auto/SwitchDE.xml
4 ms. Memory: 272384K Free: 100835K (37%)
----------------- Invoking toplevel() on ptolemy.moml.MoMLSimpleApplication@444ad188
----------------- Done invoking toplevel() on ptolemy.moml.MoMLSimpleApplication@444ad188
reloadAllAccessors: .SwitchDE

===========================================================================================
----------------- testing Sun Sep 27 15:57:53 UTC 2020 /home/travis/build/icyphy/ptII/ptolemy/actor/lib/test/auto/SynchronizerDE.xml
----------------- Instantiating /home/travis/build/icyphy/ptII/ptolemy/actor/lib/test/auto/SynchronizerDE.xml
6 ms. Memory: 272384K Free: 92643K (34%)
----------------- Invoking toplevel() on ptolemy.moml.MoMLSimpleApplication@6d7a3b3
----------------- Done invoking toplevel() on ptolemy.moml.MoMLSimpleApplication@6d7a3b3
reloadAllAccessors: .SynchronizerDE

===========================================================================================
----------------- testing Sun Sep 27 15:57:53 UTC 2020 /home/travis/build/icyphy/ptII/ptolemy/actor/lib/test/auto/Test.xml
----------------- Instantiating /home/travis/build/icyphy/ptII/ptolemy/actor/lib/test/auto/Test.xml
2 ms. Memory: 272384K Free: 87523K (32%)
----------------- Invoking toplevel() on ptolemy.moml.MoMLSimpleApplication@3a23551a
----------------- Done invoking toplevel() on ptolemy.moml.MoMLSimpleApplication@3a23551a
reloadAllAccessors: .Test

===========================================================================================
----------------- testing Sun Sep 27 15:57:53 UTC 2020 /home/travis/build/icyphy/ptII/ptolemy/actor/lib/test/auto/TestExceptionAttribute1.xml
----------------- Instantiating /home/travis/build/icyphy/ptII/ptolemy/actor/lib/test/auto/TestExceptionAttribute1.xml
1 ms. Memory: 272384K Free: 83441K (31%)
----------------- Invoking toplevel() on ptolemy.moml.MoMLSimpleApplication@21d986de
----------------- Done invoking toplevel() on ptolemy.moml.MoMLSimpleApplication@21d986de
reloadAllAccessors: .TestExceptionAttribute1

===========================================================================================
----------------- testing Sun Sep 27 15:57:53 UTC 2020 /home/travis/build/icyphy/ptII/ptolemy/actor/lib/test/auto/TestExceptionAttribute2.xml
----------------- Instantiating /home/travis/build/icyphy/ptII/ptolemy/actor/lib/test/auto/TestExceptionAttribute2.xml
1 ms. Memory: 272384K Free: 79859K (29%)
----------------- Invoking toplevel() on ptolemy.moml.MoMLSimpleApplication@20954ac6
----------------- Done invoking toplevel() on ptolemy.moml.MoMLSimpleApplication@20954ac6
reloadAllAccessors: .TestExceptionAttribute2

===========================================================================================
----------------- testing Sun Sep 27 15:57:53 UTC 2020 /home/travis/build/icyphy/ptII/ptolemy/actor/lib/test/auto/TestExceptionAttribute3.xml
----------------- Instantiating /home/travis/build/icyphy/ptII/ptolemy/actor/lib/test/auto/TestExceptionAttribute3.xml
.TestExceptionAttribute3.TestExceptionAttribute: initialize() was not invoked, but wrapup() was.  This is unusual, but not always a problem.  For example, exporting JNLP will do this.
1 ms. Memory: 272384K Free: 75763K (28%)
----------------- Invoking toplevel() on ptolemy.moml.MoMLSimpleApplication@2550ec6
----------------- Done invoking toplevel() on ptolemy.moml.MoMLSimpleApplication@2550ec6
reloadAllAccessors: .TestExceptionAttribute3

===========================================================================================
----------------- testing Sun Sep 27 15:57:53 UTC 2020 /home/travis/build/icyphy/ptII/ptolemy/actor/lib/test/auto/TestExceptionAttribute4.xml
----------------- Instantiating /home/travis/build/icyphy/ptII/ptolemy/actor/lib/test/auto/TestExceptionAttribute4.xml
.TestExceptionAttribute4.TestExceptionAttribute: initialize() was not invoked, but wrapup() was.  This is unusual, but not always a problem.  For example, exporting JNLP will do this.
.TestExceptionAttribute4.TestExceptionAttribute2: initialize() was not invoked, but wrapup() was.  This is unusual, but not always a problem.  For example, exporting JNLP will do this.
1 ms. Memory: 272384K Free: 71667K (26%)
----------------- Invoking toplevel() on ptolemy.moml.MoMLSimpleApplication@91bd1bf
----------------- Done invoking toplevel() on ptolemy.moml.MoMLSimpleApplication@91bd1bf
reloadAllAccessors: .TestExceptionAttribute4

===========================================================================================
----------------- testing Sun Sep 27 15:57:53 UTC 2020 /home/travis/build/icyphy/ptII/ptolemy/actor/lib/test/auto/TestExceptionHandler1.xml
----------------- Instantiating /home/travis/build/icyphy/ptII/ptolemy/actor/lib/test/auto/TestExceptionHandler1.xml
1 ms. Memory: 272384K Free: 68081K (25%)
----------------- Invoking toplevel() on ptolemy.moml.MoMLSimpleApplication@74ac6f42
----------------- Done invoking toplevel() on ptolemy.moml.MoMLSimpleApplication@74ac6f42
reloadAllAccessors: .TestExceptionHandler1

===========================================================================================
----------------- testing Sun Sep 27 15:57:53 UTC 2020 /home/travis/build/icyphy/ptII/ptolemy/actor/lib/test/auto/TestExceptionHandler2.xml
----------------- Instantiating /home/travis/build/icyphy/ptII/ptolemy/actor/lib/test/auto/TestExceptionHandler2.xml
2 ms. Memory: 272384K Free: 63985K (23%)
----------------- Invoking toplevel() on ptolemy.moml.MoMLSimpleApplication@520155f6
----------------- Done invoking toplevel() on ptolemy.moml.MoMLSimpleApplication@520155f6
reloadAllAccessors: .TestExceptionHandler2

===========================================================================================
----------------- testing Sun Sep 27 15:57:53 UTC 2020 /home/travis/build/icyphy/ptII/ptolemy/actor/lib/test/auto/TestExceptionHandler3.xml
----------------- Instantiating /home/travis/build/icyphy/ptII/ptolemy/actor/lib/test/auto/TestExceptionHandler3.xml
1 ms. Memory: 272384K Free: 60403K (22%)
----------------- Invoking toplevel() on ptolemy.moml.MoMLSimpleApplication@db55c9f
----------------- Done invoking toplevel() on ptolemy.moml.MoMLSimpleApplication@db55c9f
reloadAllAccessors: .TestExceptionHandler3

===========================================================================================
----------------- testing Sun Sep 27 15:57:53 UTC 2020 /home/travis/build/icyphy/ptII/ptolemy/actor/lib/test/auto/TestExceptionHandler4.xml
----------------- Instantiating /home/travis/build/icyphy/ptII/ptolemy/actor/lib/test/auto/TestExceptionHandler4.xml
1 ms. Memory: 272384K Free: 217015K (80%)
----------------- Invoking toplevel() on ptolemy.moml.MoMLSimpleApplication@5fb99e9b
----------------- Done invoking toplevel() on ptolemy.moml.MoMLSimpleApplication@5fb99e9b
reloadAllAccessors: .TestExceptionHandler4

===========================================================================================
----------------- testing Sun Sep 27 15:57:53 UTC 2020 /home/travis/build/icyphy/ptII/ptolemy/actor/lib/test/auto/TestRequireCorrectOrder.xml
----------------- Instantiating /home/travis/build/icyphy/ptII/ptolemy/actor/lib/test/auto/TestRequireCorrectOrder.xml
2 ms. Memory: 272384K Free: 211367K (78%)
----------------- Invoking toplevel() on ptolemy.moml.MoMLSimpleApplication@517fb9d2
----------------- Done invoking toplevel() on ptolemy.moml.MoMLSimpleApplication@517fb9d2
reloadAllAccessors: .TestRequireCorrectOrder

===========================================================================================
----------------- testing Sun Sep 27 15:57:53 UTC 2020 /home/travis/build/icyphy/ptII/ptolemy/actor/lib/test/auto/TestSimple.xml
----------------- Instantiating /home/travis/build/icyphy/ptII/ptolemy/actor/lib/test/auto/TestSimple.xml
2 ms. Memory: 272384K Free: 207285K (76%)
----------------- Invoking toplevel() on ptolemy.moml.MoMLSimpleApplication@39e276d2
----------------- Done invoking toplevel() on ptolemy.moml.MoMLSimpleApplication@39e276d2
reloadAllAccessors: .TestSimple

===========================================================================================
----------------- testing Sun Sep 27 15:57:53 UTC 2020 /home/travis/build/icyphy/ptII/ptolemy/actor/lib/test/auto/ThrowModelError.xml
----------------- Instantiating /home/travis/build/icyphy/ptII/ptolemy/actor/lib/test/auto/ThrowModelError.xml
1 ms. Memory: 272384K Free: 202165K (74%)
----------------- Invoking toplevel() on ptolemy.moml.MoMLSimpleApplication@5ee62a6c
----------------- Done invoking toplevel() on ptolemy.moml.MoMLSimpleApplication@5ee62a6c
reloadAllAccessors: .ThrowModelError

===========================================================================================
----------------- testing Sun Sep 27 15:57:53 UTC 2020 /home/travis/build/icyphy/ptII/ptolemy/actor/lib/test/auto/TimeDelayMicrosteps.xml
----------------- Instantiating /home/travis/build/icyphy/ptII/ptolemy/actor/lib/test/auto/TimeDelayMicrosteps.xml
3 ms. Memory: 272384K Free: 195511K (72%)
----------------- Invoking toplevel() on ptolemy.moml.MoMLSimpleApplication@3c203c47
----------------- Done invoking toplevel() on ptolemy.moml.MoMLSimpleApplication@3c203c47
reloadAllAccessors: .TimeDelayMicrosteps

===========================================================================================
----------------- testing Sun Sep 27 15:57:53 UTC 2020 /home/travis/build/icyphy/ptII/ptolemy/actor/lib/test/auto/TimeDelayMicrosteps2.xml
----------------- Instantiating /home/travis/build/icyphy/ptII/ptolemy/actor/lib/test/auto/TimeDelayMicrosteps2.xml
4 ms. Memory: 272384K Free: 188343K (69%)
----------------- Invoking toplevel() on ptolemy.moml.MoMLSimpleApplication@74422089
----------------- Done invoking toplevel() on ptolemy.moml.MoMLSimpleApplication@74422089
reloadAllAccessors: .TimeDelayMicrosteps2

===========================================================================================
----------------- testing Sun Sep 27 15:57:53 UTC 2020 /home/travis/build/icyphy/ptII/ptolemy/actor/lib/test/auto/TimeDelayMicrosteps3.xml
----------------- Instantiating /home/travis/build/icyphy/ptII/ptolemy/actor/lib/test/auto/TimeDelayMicrosteps3.xml
2 ms. Memory: 272384K Free: 181175K (67%)
----------------- Invoking toplevel() on ptolemy.moml.MoMLSimpleApplication@251dffaf
----------------- Done invoking toplevel() on ptolemy.moml.MoMLSimpleApplication@251dffaf
reloadAllAccessors: .TimeDelayMicrosteps3

===========================================================================================
----------------- testing Sun Sep 27 15:57:53 UTC 2020 /home/travis/build/icyphy/ptII/ptolemy/actor/lib/test/auto/TimeDelayVariableMicrosteps.xml
----------------- Instantiating /home/travis/build/icyphy/ptII/ptolemy/actor/lib/test/auto/TimeDelayVariableMicrosteps.xml
3 ms. Memory: 272384K Free: 174515K (64%)
----------------- Invoking toplevel() on ptolemy.moml.MoMLSimpleApplication@1ef50218
----------------- Done invoking toplevel() on ptolemy.moml.MoMLSimpleApplication@1ef50218
reloadAllAccessors: .TimeDelayVariableMicrosteps

===========================================================================================
----------------- testing Sun Sep 27 15:57:53 UTC 2020 /home/travis/build/icyphy/ptII/ptolemy/actor/lib/test/auto/TimeGap.xml
----------------- Instantiating /home/travis/build/icyphy/ptII/ptolemy/actor/lib/test/auto/TimeGap.xml
4 ms. Memory: 272384K Free: 168887K (62%)
----------------- Invoking toplevel() on ptolemy.moml.MoMLSimpleApplication@6b32b230
----------------- Done invoking toplevel() on ptolemy.moml.MoMLSimpleApplication@6b32b230
reloadAllAccessors: .TimeGap

===========================================================================================
----------------- testing Sun Sep 27 15:57:54 UTC 2020 /home/travis/build/icyphy/ptII/ptolemy/actor/lib/test/auto/TimeGap2.xml
----------------- Instantiating /home/travis/build/icyphy/ptII/ptolemy/actor/lib/test/auto/TimeGap2.xml
2 ms. Memory: 272384K Free: 163247K (60%)
----------------- Invoking toplevel() on ptolemy.moml.MoMLSimpleApplication@73bdcb35
----------------- Done invoking toplevel() on ptolemy.moml.MoMLSimpleApplication@73bdcb35
reloadAllAccessors: .TimeGap2

===========================================================================================
----------------- testing Sun Sep 27 15:57:54 UTC 2020 /home/travis/build/icyphy/ptII/ptolemy/actor/lib/test/auto/TimedSinewave.xml
----------------- Instantiating /home/travis/build/icyphy/ptII/ptolemy/actor/lib/test/auto/TimedSinewave.xml
21 ms. Memory: 272384K Free: 149431K (55%)
----------------- Invoking toplevel() on ptolemy.moml.MoMLSimpleApplication@72f07e26
----------------- Done invoking toplevel() on ptolemy.moml.MoMLSimpleApplication@72f07e26
reloadAllAccessors: .TimedSinewave

===========================================================================================
----------------- testing Sun Sep 27 15:57:54 UTC 2020 /home/travis/build/icyphy/ptII/ptolemy/actor/lib/test/auto/TimedSinewavePhase.xml
----------------- Instantiating /home/travis/build/icyphy/ptII/ptolemy/actor/lib/test/auto/TimedSinewavePhase.xml
10 ms. Memory: 272384K Free: 139191K (51%)
----------------- Invoking toplevel() on ptolemy.moml.MoMLSimpleApplication@6c212f4
----------------- Done invoking toplevel() on ptolemy.moml.MoMLSimpleApplication@6c212f4
reloadAllAccessors: .TimedSinewavePhase

===========================================================================================
----------------- testing Sun Sep 27 15:57:54 UTC 2020 /home/travis/build/icyphy/ptII/ptolemy/actor/lib/test/auto/Timer.xml
----------------- Instantiating /home/travis/build/icyphy/ptII/ptolemy/actor/lib/test/auto/Timer.xml
8 ms. Memory: 272384K Free: 133551K (49%)
----------------- Invoking toplevel() on ptolemy.moml.MoMLSimpleApplication@3fc11c95
----------------- Done invoking toplevel() on ptolemy.moml.MoMLSimpleApplication@3fc11c95
reloadAllAccessors: .Timer

===========================================================================================
----------------- testing Sun Sep 27 15:57:54 UTC 2020 /home/travis/build/icyphy/ptII/ptolemy/actor/lib/test/auto/TriangularDistTestModel.xml
----------------- Instantiating /home/travis/build/icyphy/ptII/ptolemy/actor/lib/test/auto/TriangularDistTestModel.xml
2 ms. Memory: 272384K Free: 127399K (47%)
----------------- Invoking toplevel() on ptolemy.moml.MoMLSimpleApplication@2d018433
----------------- Done invoking toplevel() on ptolemy.moml.MoMLSimpleApplication@2d018433
reloadAllAccessors: .TriangularDistTestModel

===========================================================================================
----------------- testing Sun Sep 27 15:57:54 UTC 2020 /home/travis/build/icyphy/ptII/ptolemy/actor/lib/test/auto/TrigFunction.xml
----------------- Instantiating /home/travis/build/icyphy/ptII/ptolemy/actor/lib/test/auto/TrigFunction.xml
2 ms. Memory: 272384K Free: 122807K (45%)
----------------- Invoking toplevel() on ptolemy.moml.MoMLSimpleApplication@6f668bca
----------------- Done invoking toplevel() on ptolemy.moml.MoMLSimpleApplication@6f668bca
reloadAllAccessors: .TrigFunction

===========================================================================================
----------------- testing Sun Sep 27 15:57:54 UTC 2020 /home/travis/build/icyphy/ptII/ptolemy/actor/lib/test/auto/TrigFunctionDE.xml
----------------- Instantiating /home/travis/build/icyphy/ptII/ptolemy/actor/lib/test/auto/TrigFunctionDE.xml
2 ms. Memory: 272384K Free: 117173K (43%)
----------------- Invoking toplevel() on ptolemy.moml.MoMLSimpleApplication@2824a4b9
----------------- Done invoking toplevel() on ptolemy.moml.MoMLSimpleApplication@2824a4b9
reloadAllAccessors: .TrigFunctionDE

===========================================================================================
----------------- testing Sun Sep 27 15:57:54 UTC 2020 /home/travis/build/icyphy/ptII/ptolemy/actor/lib/test/auto/TrigFunctionInverse.xml
----------------- Instantiating /home/travis/build/icyphy/ptII/ptolemy/actor/lib/test/auto/TrigFunctionInverse.xml
2 ms. Memory: 272384K Free: 111543K (41%)
----------------- Invoking toplevel() on ptolemy.moml.MoMLSimpleApplication@7761c0ff
----------------- Done invoking toplevel() on ptolemy.moml.MoMLSimpleApplication@7761c0ff
reloadAllAccessors: .TrigFunctionInverse

===========================================================================================
----------------- testing Sun Sep 27 15:57:54 UTC 2020 /home/travis/build/icyphy/ptII/ptolemy/actor/lib/test/auto/TrigFunctionTan.xml
----------------- Instantiating /home/travis/build/icyphy/ptII/ptolemy/actor/lib/test/auto/TrigFunctionTan.xml
1 ms. Memory: 272384K Free: 106933K (39%)
----------------- Invoking toplevel() on ptolemy.moml.MoMLSimpleApplication@40c28e06
----------------- Done invoking toplevel() on ptolemy.moml.MoMLSimpleApplication@40c28e06
reloadAllAccessors: .TrigFunctionTan

===========================================================================================
----------------- testing Sun Sep 27 15:57:54 UTC 2020 /home/travis/build/icyphy/ptII/ptolemy/actor/lib/test/auto/TriggeredClock.xml
----------------- Instantiating /home/travis/build/icyphy/ptII/ptolemy/actor/lib/test/auto/TriggeredClock.xml
2 ms. Memory: 272384K Free: 101303K (37%)
----------------- Invoking toplevel() on ptolemy.moml.MoMLSimpleApplication@45e04a82
----------------- Done invoking toplevel() on ptolemy.moml.MoMLSimpleApplication@45e04a82
reloadAllAccessors: .TriggeredClock

===========================================================================================
----------------- testing Sun Sep 27 15:57:54 UTC 2020 /home/travis/build/icyphy/ptII/ptolemy/actor/lib/test/auto/URLDirectoryReader.xml
----------------- Instantiating /home/travis/build/icyphy/ptII/ptolemy/actor/lib/test/auto/URLDirectoryReader.xml
39 ms. Memory: 272384K Free: 92597K (34%)
----------------- Invoking toplevel() on ptolemy.moml.MoMLSimpleApplication@2a7a7d5a
----------------- Done invoking toplevel() on ptolemy.moml.MoMLSimpleApplication@2a7a7d5a
reloadAllAccessors: .URLDirectoryReader

===========================================================================================
----------------- testing Sun Sep 27 15:57:54 UTC 2020 /home/travis/build/icyphy/ptII/ptolemy/actor/lib/test/auto/URLDirectoryReader3.xml
----------------- Instantiating /home/travis/build/icyphy/ptII/ptolemy/actor/lib/test/auto/URLDirectoryReader3.xml
1365 ms. Memory: 272384K Free: 212099K (78%)
----------------- Invoking toplevel() on ptolemy.moml.MoMLSimpleApplication@60d50773
----------------- Done invoking toplevel() on ptolemy.moml.MoMLSimpleApplication@60d50773
reloadAllAccessors: .URLDirectoryReader3

===========================================================================================
----------------- testing Sun Sep 27 15:57:56 UTC 2020 /home/travis/build/icyphy/ptII/ptolemy/actor/lib/test/auto/UnaryMathFunction.xml
----------------- Instantiating /home/travis/build/icyphy/ptII/ptolemy/actor/lib/test/auto/UnaryMathFunction.xml
2 ms. Memory: 272384K Free: 204417K (75%)
----------------- Invoking toplevel() on ptolemy.moml.MoMLSimpleApplication@58a819cc
----------------- Done invoking toplevel() on ptolemy.moml.MoMLSimpleApplication@58a819cc
reloadAllAccessors: .UnaryMathFunction

===========================================================================================
----------------- testing Sun Sep 27 15:57:56 UTC 2020 /home/travis/build/icyphy/ptII/ptolemy/actor/lib/test/auto/Uniform.xml
----------------- Instantiating /home/travis/build/icyphy/ptII/ptolemy/actor/lib/test/auto/Uniform.xml
4 ms. Memory: 272384K Free: 199297K (73%)
----------------- Invoking toplevel() on ptolemy.moml.MoMLSimpleApplication@4c6f2392
----------------- Done invoking toplevel() on ptolemy.moml.MoMLSimpleApplication@4c6f2392
reloadAllAccessors: .Uniform

===========================================================================================
----------------- testing Sun Sep 27 15:57:56 UTC 2020 /home/travis/build/icyphy/ptII/ptolemy/actor/lib/test/auto/UnionDisassemblerTest.xml
----------------- Instantiating /home/travis/build/icyphy/ptII/ptolemy/actor/lib/test/auto/UnionDisassemblerTest.xml
22 ms. Memory: 272384K Free: 195715K (72%)
----------------- Invoking toplevel() on ptolemy.moml.MoMLSimpleApplication@6b799b82
----------------- Done invoking toplevel() on ptolemy.moml.MoMLSimpleApplication@6b799b82
reloadAllAccessors: .UnionDisassemblerTest

===========================================================================================
----------------- testing Sun Sep 27 15:57:56 UTC 2020 /home/travis/build/icyphy/ptII/ptolemy/actor/lib/test/auto/UtilityFunctions.xml
----------------- Instantiating /home/travis/build/icyphy/ptII/ptolemy/actor/lib/test/auto/UtilityFunctions.xml
1 ms. Memory: 272384K Free: 191105K (70%)
----------------- Invoking toplevel() on ptolemy.moml.MoMLSimpleApplication@2d570703
----------------- Done invoking toplevel() on ptolemy.moml.MoMLSimpleApplication@2d570703
reloadAllAccessors: .UtilityFunctions

===========================================================================================
----------------- testing Sun Sep 27 15:57:56 UTC 2020 /home/travis/build/icyphy/ptII/ptolemy/actor/lib/test/auto/VariableSleep.xml
----------------- Instantiating /home/travis/build/icyphy/ptII/ptolemy/actor/lib/test/auto/VariableSleep.xml
502 ms. Memory: 272384K Free: 185985K (68%)
----------------- Invoking toplevel() on ptolemy.moml.MoMLSimpleApplication@331f6f45
----------------- Done invoking toplevel() on ptolemy.moml.MoMLSimpleApplication@331f6f45
reloadAllAccessors: .VariableSleep

===========================================================================================
----------------- testing Sun Sep 27 15:57:56 UTC 2020 /home/travis/build/icyphy/ptII/ptolemy/actor/lib/test/auto/VectorAssemblerDisassemblerCT.xml
----------------- Instantiating /home/travis/build/icyphy/ptII/ptolemy/actor/lib/test/auto/VectorAssemblerDisassemblerCT.xml
65 ms. Memory: 272384K Free: 164481K (60%)
----------------- Invoking toplevel() on ptolemy.moml.MoMLSimpleApplication@2deac63b
----------------- Done invoking toplevel() on ptolemy.moml.MoMLSimpleApplication@2deac63b
reloadAllAccessors: .VectorAssemblerDisassemblerCT

===========================================================================================
----------------- testing Sun Sep 27 15:57:56 UTC 2020 /home/travis/build/icyphy/ptII/ptolemy/actor/lib/test/auto/VectorAssemblerDisassemblerDE.xml
----------------- Instantiating /home/travis/build/icyphy/ptII/ptolemy/actor/lib/test/auto/VectorAssemblerDisassemblerDE.xml
2 ms. Memory: 272384K Free: 157313K (58%)
----------------- Invoking toplevel() on ptolemy.moml.MoMLSimpleApplication@74f6b91a
----------------- Done invoking toplevel() on ptolemy.moml.MoMLSimpleApplication@74f6b91a
reloadAllAccessors: .VectorAssemblerDisassemblerDE

===========================================================================================
----------------- testing Sun Sep 27 15:57:56 UTC 2020 /home/travis/build/icyphy/ptII/ptolemy/actor/lib/test/auto/VectorAssemblerDisassemblerSDF.xml
----------------- Instantiating /home/travis/build/icyphy/ptII/ptolemy/actor/lib/test/auto/VectorAssemblerDisassemblerSDF.xml
3 ms. Memory: 272384K Free: 150145K (55%)
----------------- Invoking toplevel() on ptolemy.moml.MoMLSimpleApplication@1ff96285
----------------- Done invoking toplevel() on ptolemy.moml.MoMLSimpleApplication@1ff96285
reloadAllAccessors: .VectorAssemblerDisassemblerSDF

===========================================================================================
----------------- testing Sun Sep 27 15:57:56 UTC 2020 /home/travis/build/icyphy/ptII/ptolemy/actor/lib/test/auto/WallClockTime.xml
----------------- Instantiating /home/travis/build/icyphy/ptII/ptolemy/actor/lib/test/auto/WallClockTime.xml
1004 ms. Memory: 272384K Free: 145025K (53%)
----------------- Invoking toplevel() on ptolemy.moml.MoMLSimpleApplication@6d758651
----------------- Done invoking toplevel() on ptolemy.moml.MoMLSimpleApplication@6d758651
reloadAllAccessors: .WallClockTime

===========================================================================================
----------------- testing Sun Sep 27 15:57:57 UTC 2020 /home/travis/build/icyphy/ptII/ptolemy/actor/lib/test/auto/WidthTestWithSubscriberPublisher.xml
----------------- Instantiating /home/travis/build/icyphy/ptII/ptolemy/actor/lib/test/auto/WidthTestWithSubscriberPublisher.xml
7 ms. Memory: 272384K Free: 127617K (47%)
----------------- Invoking toplevel() on ptolemy.moml.MoMLSimpleApplication@15e96d64
----------------- Done invoking toplevel() on ptolemy.moml.MoMLSimpleApplication@15e96d64
reloadAllAccessors: .WidthTestWithSubscriberPublisher

===========================================================================================
----------------- testing Sun Sep 27 15:57:57 UTC 2020 /home/travis/build/icyphy/ptII/ptolemy/actor/lib/test/auto/WidthTestWithSubscriberPublisher2.xml
----------------- Instantiating /home/travis/build/icyphy/ptII/ptolemy/actor/lib/test/auto/WidthTestWithSubscriberPublisher2.xml
2 ms. Memory: 272384K Free: 120963K (44%)
----------------- Invoking toplevel() on ptolemy.moml.MoMLSimpleApplication@4759e8f8
----------------- Done invoking toplevel() on ptolemy.moml.MoMLSimpleApplication@4759e8f8
reloadAllAccessors: .WidthTestWithSubscriberPublisher2

===========================================================================================
----------------- testing Sun Sep 27 15:57:57 UTC 2020 /home/travis/build/icyphy/ptII/ptolemy/actor/lib/test/auto/WidthTestWithSubscriberPublisher3.xml
----------------- Instantiating /home/travis/build/icyphy/ptII/ptolemy/actor/lib/test/auto/WidthTestWithSubscriberPublisher3.xml
2 ms. Memory: 272384K Free: 115329K (42%)
----------------- Invoking toplevel() on ptolemy.moml.MoMLSimpleApplication@64f8a208
----------------- Done invoking toplevel() on ptolemy.moml.MoMLSimpleApplication@64f8a208
reloadAllAccessors: .WidthTestWithSubscriberPublisher3

===========================================================================================
----------------- testing Sun Sep 27 15:57:57 UTC 2020 /home/travis/build/icyphy/ptII/ptolemy/actor/lib/test/auto/Writer.xml
----------------- Instantiating /home/travis/build/icyphy/ptII/ptolemy/actor/lib/test/auto/Writer.xml
0
1
2
3
4
2 ms. Memory: 272384K Free: 111203K (41%)
----------------- Invoking toplevel() on ptolemy.moml.MoMLSimpleApplication@305f9935
----------------- Done invoking toplevel() on ptolemy.moml.MoMLSimpleApplication@305f9935
reloadAllAccessors: .Writer

===========================================================================================
----------------- testing Sun Sep 27 15:57:58 UTC 2020 /home/travis/build/icyphy/ptII/ptolemy/actor/lib/test/auto/array.xml
----------------- Instantiating /home/travis/build/icyphy/ptII/ptolemy/actor/lib/test/auto/array.xml
12 ms. Memory: 272384K Free: 106113K (39%)
----------------- Invoking toplevel() on ptolemy.moml.MoMLSimpleApplication@4173ef17
----------------- Done invoking toplevel() on ptolemy.moml.MoMLSimpleApplication@4173ef17
reloadAllAccessors: .array

===========================================================================================
----------------- testing Sun Sep 27 15:57:58 UTC 2020 /home/travis/build/icyphy/ptII/ptolemy/actor/lib/test/auto/array2.xml
----------------- Instantiating /home/travis/build/icyphy/ptII/ptolemy/actor/lib/test/auto/array2.xml
4 ms. Memory: 272384K Free: 101507K (37%)
----------------- Invoking toplevel() on ptolemy.moml.MoMLSimpleApplication@3da8b94c
----------------- Done invoking toplevel() on ptolemy.moml.MoMLSimpleApplication@3da8b94c
reloadAllAccessors: .array2

===========================================================================================
----------------- testing Sun Sep 27 15:57:58 UTC 2020 /home/travis/build/icyphy/ptII/ptolemy/actor/lib/test/auto/arrayType.xml
----------------- Instantiating /home/travis/build/icyphy/ptII/ptolemy/actor/lib/test/auto/arrayType.xml
1 ms. Memory: 272384K Free: 96387K (35%)
----------------- Invoking toplevel() on ptolemy.moml.MoMLSimpleApplication@198964ae
----------------- Done invoking toplevel() on ptolemy.moml.MoMLSimpleApplication@198964ae
reloadAllAccessors: .arrayType

===========================================================================================
----------------- testing Sun Sep 27 15:57:58 UTC 2020 /home/travis/build/icyphy/ptII/ptolemy/actor/lib/test/auto/arrayType10.xml
----------------- Instantiating /home/travis/build/icyphy/ptII/ptolemy/actor/lib/test/auto/arrayType10.xml
1 ms. Memory: 272384K Free: 91267K (34%)
----------------- Invoking toplevel() on ptolemy.moml.MoMLSimpleApplication@3ab4ca7e
----------------- Done invoking toplevel() on ptolemy.moml.MoMLSimpleApplication@3ab4ca7e
reloadAllAccessors: .arrayType10

===========================================================================================
----------------- testing Sun Sep 27 15:57:58 UTC 2020 /home/travis/build/icyphy/ptII/ptolemy/actor/lib/test/auto/arrayType11.xml
----------------- Instantiating /home/travis/build/icyphy/ptII/ptolemy/actor/lib/test/auto/arrayType11.xml
1 ms. Memory: 272384K Free: 86657K (32%)
----------------- Invoking toplevel() on ptolemy.moml.MoMLSimpleApplication@620951e3
----------------- Done invoking toplevel() on ptolemy.moml.MoMLSimpleApplication@620951e3
reloadAllAccessors: .arrayType11

===========================================================================================
----------------- testing Sun Sep 27 15:57:58 UTC 2020 /home/travis/build/icyphy/ptII/ptolemy/actor/lib/test/auto/arrayType12.xml
----------------- Instantiating /home/travis/build/icyphy/ptII/ptolemy/actor/lib/test/auto/arrayType12.xml
1 ms. Memory: 272384K Free: 82051K (30%)
----------------- Invoking toplevel() on ptolemy.moml.MoMLSimpleApplication@135b287c
----------------- Done invoking toplevel() on ptolemy.moml.MoMLSimpleApplication@135b287c
reloadAllAccessors: .arrayType12

===========================================================================================
----------------- testing Sun Sep 27 15:57:58 UTC 2020 /home/travis/build/icyphy/ptII/ptolemy/actor/lib/test/auto/arrayType13.xml
----------------- Instantiating /home/travis/build/icyphy/ptII/ptolemy/actor/lib/test/auto/arrayType13.xml
1 ms. Memory: 272384K Free: 76417K (28%)
----------------- Invoking toplevel() on ptolemy.moml.MoMLSimpleApplication@5b0c0b8f
----------------- Done invoking toplevel() on ptolemy.moml.MoMLSimpleApplication@5b0c0b8f
reloadAllAccessors: .arrayType13

===========================================================================================
----------------- testing Sun Sep 27 15:57:58 UTC 2020 /home/travis/build/icyphy/ptII/ptolemy/actor/lib/test/auto/arrayType14.xml
----------------- Instantiating /home/travis/build/icyphy/ptII/ptolemy/actor/lib/test/auto/arrayType14.xml
1 ms. Memory: 272384K Free: 71297K (26%)
----------------- Invoking toplevel() on ptolemy.moml.MoMLSimpleApplication@1aa6a61b
----------------- Done invoking toplevel() on ptolemy.moml.MoMLSimpleApplication@1aa6a61b
reloadAllAccessors: .arrayType14

===========================================================================================
----------------- testing Sun Sep 27 15:57:58 UTC 2020 /home/travis/build/icyphy/ptII/ptolemy/actor/lib/test/auto/arrayType15.xml
----------------- Instantiating /home/travis/build/icyphy/ptII/ptolemy/actor/lib/test/auto/arrayType15.xml
2 ms. Memory: 272384K Free: 66177K (24%)
----------------- Invoking toplevel() on ptolemy.moml.MoMLSimpleApplication@387a59ba
----------------- Done invoking toplevel() on ptolemy.moml.MoMLSimpleApplication@387a59ba
reloadAllAccessors: .arrayType15

===========================================================================================
----------------- testing Sun Sep 27 15:57:58 UTC 2020 /home/travis/build/icyphy/ptII/ptolemy/actor/lib/test/auto/arrayType16.xml
----------------- Instantiating /home/travis/build/icyphy/ptII/ptolemy/actor/lib/test/auto/arrayType16.xml
2 ms. Memory: 272384K Free: 60547K (22%)
----------------- Invoking toplevel() on ptolemy.moml.MoMLSimpleApplication@44fa2f2c
----------------- Done invoking toplevel() on ptolemy.moml.MoMLSimpleApplication@44fa2f2c
reloadAllAccessors: .arrayType16

===========================================================================================
----------------- testing Sun Sep 27 15:57:58 UTC 2020 /home/travis/build/icyphy/ptII/ptolemy/actor/lib/test/auto/arrayType17.xml
----------------- Instantiating /home/travis/build/icyphy/ptII/ptolemy/actor/lib/test/auto/arrayType17.xml
1 ms. Memory: 272384K Free: 214272K (79%)
----------------- Invoking toplevel() on ptolemy.moml.MoMLSimpleApplication@1f0eeb8f
----------------- Done invoking toplevel() on ptolemy.moml.MoMLSimpleApplication@1f0eeb8f
reloadAllAccessors: .arrayType17

===========================================================================================
----------------- testing Sun Sep 27 15:57:58 UTC 2020 /home/travis/build/icyphy/ptII/ptolemy/actor/lib/test/auto/arrayType18.xml
----------------- Instantiating /home/travis/build/icyphy/ptII/ptolemy/actor/lib/test/auto/arrayType18.xml
1 ms. Memory: 272384K Free: 209152K (77%)
----------------- Invoking toplevel() on ptolemy.moml.MoMLSimpleApplication@26458e0d
----------------- Done invoking toplevel() on ptolemy.moml.MoMLSimpleApplication@26458e0d
reloadAllAccessors: .arrayType18

===========================================================================================
----------------- testing Sun Sep 27 15:57:58 UTC 2020 /home/travis/build/icyphy/ptII/ptolemy/actor/lib/test/auto/arrayType19.xml
----------------- Instantiating /home/travis/build/icyphy/ptII/ptolemy/actor/lib/test/auto/arrayType19.xml
1 ms. Memory: 272384K Free: 204542K (75%)
----------------- Invoking toplevel() on ptolemy.moml.MoMLSimpleApplication@7dc542c3
----------------- Done invoking toplevel() on ptolemy.moml.MoMLSimpleApplication@7dc542c3
reloadAllAccessors: .arrayType19

===========================================================================================
----------------- testing Sun Sep 27 15:57:58 UTC 2020 /home/travis/build/icyphy/ptII/ptolemy/actor/lib/test/auto/arrayType2.xml
----------------- Instantiating /home/travis/build/icyphy/ptII/ptolemy/actor/lib/test/auto/arrayType2.xml
2 ms. Memory: 272384K Free: 198912K (73%)
----------------- Invoking toplevel() on ptolemy.moml.MoMLSimpleApplication@2b507afd
----------------- Done invoking toplevel() on ptolemy.moml.MoMLSimpleApplication@2b507afd
reloadAllAccessors: .arrayType2

===========================================================================================
----------------- testing Sun Sep 27 15:57:58 UTC 2020 /home/travis/build/icyphy/ptII/ptolemy/actor/lib/test/auto/arrayType20.xml
----------------- Instantiating /home/travis/build/icyphy/ptII/ptolemy/actor/lib/test/auto/arrayType20.xml
2 ms. Memory: 272384K Free: 194302K (71%)
----------------- Invoking toplevel() on ptolemy.moml.MoMLSimpleApplication@7b8102fd
----------------- Done invoking toplevel() on ptolemy.moml.MoMLSimpleApplication@7b8102fd
reloadAllAccessors: .arrayType20

===========================================================================================
----------------- testing Sun Sep 27 15:57:58 UTC 2020 /home/travis/build/icyphy/ptII/ptolemy/actor/lib/test/auto/arrayType21.xml
----------------- Instantiating /home/travis/build/icyphy/ptII/ptolemy/actor/lib/test/auto/arrayType21.xml
2 ms. Memory: 272384K Free: 189696K (70%)
----------------- Invoking toplevel() on ptolemy.moml.MoMLSimpleApplication@3261ddc1
----------------- Done invoking toplevel() on ptolemy.moml.MoMLSimpleApplication@3261ddc1
reloadAllAccessors: .arrayType21

===========================================================================================
----------------- testing Sun Sep 27 15:57:58 UTC 2020 /home/travis/build/icyphy/ptII/ptolemy/actor/lib/test/auto/arrayType22.xml
----------------- Instantiating /home/travis/build/icyphy/ptII/ptolemy/actor/lib/test/auto/arrayType22.xml
1 ms. Memory: 272384K Free: 184576K (68%)
----------------- Invoking toplevel() on ptolemy.moml.MoMLSimpleApplication@578cb437
----------------- Done invoking toplevel() on ptolemy.moml.MoMLSimpleApplication@578cb437
reloadAllAccessors: .arrayType22

===========================================================================================
----------------- testing Sun Sep 27 15:57:58 UTC 2020 /home/travis/build/icyphy/ptII/ptolemy/actor/lib/test/auto/arrayType23.xml
----------------- Instantiating /home/travis/build/icyphy/ptII/ptolemy/actor/lib/test/auto/arrayType23.xml
1 ms. Memory: 272384K Free: 179966K (66%)
----------------- Invoking toplevel() on ptolemy.moml.MoMLSimpleApplication@1ab56045
----------------- Done invoking toplevel() on ptolemy.moml.MoMLSimpleApplication@1ab56045
reloadAllAccessors: .arrayType23

===========================================================================================
----------------- testing Sun Sep 27 15:57:58 UTC 2020 /home/travis/build/icyphy/ptII/ptolemy/actor/lib/test/auto/arrayType24.xml
----------------- Instantiating /home/travis/build/icyphy/ptII/ptolemy/actor/lib/test/auto/arrayType24.xml
1 ms. Memory: 272384K Free: 175360K (64%)
----------------- Invoking toplevel() on ptolemy.moml.MoMLSimpleApplication@658430f5
----------------- Done invoking toplevel() on ptolemy.moml.MoMLSimpleApplication@658430f5
reloadAllAccessors: .arrayType24

===========================================================================================
----------------- testing Sun Sep 27 15:57:58 UTC 2020 /home/travis/build/icyphy/ptII/ptolemy/actor/lib/test/auto/arrayType25.xml
----------------- Instantiating /home/travis/build/icyphy/ptII/ptolemy/actor/lib/test/auto/arrayType25.xml
2 ms. Memory: 272384K Free: 169726K (62%)
----------------- Invoking toplevel() on ptolemy.moml.MoMLSimpleApplication@2af67aa4
----------------- Done invoking toplevel() on ptolemy.moml.MoMLSimpleApplication@2af67aa4
reloadAllAccessors: .arrayType25

===========================================================================================
----------------- testing Sun Sep 27 15:57:58 UTC 2020 /home/travis/build/icyphy/ptII/ptolemy/actor/lib/test/auto/arrayType26.xml
----------------- Instantiating /home/travis/build/icyphy/ptII/ptolemy/actor/lib/test/auto/arrayType26.xml
1 ms. Memory: 272384K Free: 164606K (60%)
----------------- Invoking toplevel() on ptolemy.moml.MoMLSimpleApplication@7c84706c
----------------- Done invoking toplevel() on ptolemy.moml.MoMLSimpleApplication@7c84706c
reloadAllAccessors: .arrayType26

===========================================================================================
----------------- testing Sun Sep 27 15:57:58 UTC 2020 /home/travis/build/icyphy/ptII/ptolemy/actor/lib/test/auto/arrayType27.xml
----------------- Instantiating /home/travis/build/icyphy/ptII/ptolemy/actor/lib/test/auto/arrayType27.xml
2 ms. Memory: 272384K Free: 158976K (58%)
----------------- Invoking toplevel() on ptolemy.moml.MoMLSimpleApplication@5abdcc62
----------------- Done invoking toplevel() on ptolemy.moml.MoMLSimpleApplication@5abdcc62
reloadAllAccessors: .arrayType27

===========================================================================================
----------------- testing Sun Sep 27 15:57:58 UTC 2020 /home/travis/build/icyphy/ptII/ptolemy/actor/lib/test/auto/arrayType28.xml
----------------- Instantiating /home/travis/build/icyphy/ptII/ptolemy/actor/lib/test/auto/arrayType28.xml
1 ms. Memory: 272384K Free: 153856K (56%)
----------------- Invoking toplevel() on ptolemy.moml.MoMLSimpleApplication@31571198
----------------- Done invoking toplevel() on ptolemy.moml.MoMLSimpleApplication@31571198
reloadAllAccessors: .arrayType28

===========================================================================================
----------------- testing Sun Sep 27 15:57:58 UTC 2020 /home/travis/build/icyphy/ptII/ptolemy/actor/lib/test/auto/arrayType3.xml
----------------- Instantiating /home/travis/build/icyphy/ptII/ptolemy/actor/lib/test/auto/arrayType3.xml
1 ms. Memory: 272384K Free: 148736K (55%)
----------------- Invoking toplevel() on ptolemy.moml.MoMLSimpleApplication@668b2cad
----------------- Done invoking toplevel() on ptolemy.moml.MoMLSimpleApplication@668b2cad
reloadAllAccessors: .arrayType3

===========================================================================================
----------------- testing Sun Sep 27 15:57:58 UTC 2020 /home/travis/build/icyphy/ptII/ptolemy/actor/lib/test/auto/arrayType4.xml
----------------- Instantiating /home/travis/build/icyphy/ptII/ptolemy/actor/lib/test/auto/arrayType4.xml
1 ms. Memory: 272384K Free: 143102K (53%)
----------------- Invoking toplevel() on ptolemy.moml.MoMLSimpleApplication@530b7fe0
----------------- Done invoking toplevel() on ptolemy.moml.MoMLSimpleApplication@530b7fe0
reloadAllAccessors: .arrayType4

===========================================================================================
----------------- testing Sun Sep 27 15:57:58 UTC 2020 /home/travis/build/icyphy/ptII/ptolemy/actor/lib/test/auto/arrayType5.xml
----------------- Instantiating /home/travis/build/icyphy/ptII/ptolemy/actor/lib/test/auto/arrayType5.xml
6 ms. Memory: 272384K Free: 137968K (51%)
----------------- Invoking toplevel() on ptolemy.moml.MoMLSimpleApplication@80ee177
----------------- Done invoking toplevel() on ptolemy.moml.MoMLSimpleApplication@80ee177
reloadAllAccessors: .arrayType5

===========================================================================================
----------------- testing Sun Sep 27 15:57:58 UTC 2020 /home/travis/build/icyphy/ptII/ptolemy/actor/lib/test/auto/arrayType6.xml
----------------- Instantiating /home/travis/build/icyphy/ptII/ptolemy/actor/lib/test/auto/arrayType6.xml
1 ms. Memory: 272384K Free: 133376K (49%)
----------------- Invoking toplevel() on ptolemy.moml.MoMLSimpleApplication@4e815cd
----------------- Done invoking toplevel() on ptolemy.moml.MoMLSimpleApplication@4e815cd
reloadAllAccessors: .arrayType6

===========================================================================================
----------------- testing Sun Sep 27 15:57:58 UTC 2020 /home/travis/build/icyphy/ptII/ptolemy/actor/lib/test/auto/arrayType7.xml
----------------- Instantiating /home/travis/build/icyphy/ptII/ptolemy/actor/lib/test/auto/arrayType7.xml
2 ms. Memory: 272384K Free: 128256K (47%)
----------------- Invoking toplevel() on ptolemy.moml.MoMLSimpleApplication@64c935d7
----------------- Done invoking toplevel() on ptolemy.moml.MoMLSimpleApplication@64c935d7
reloadAllAccessors: .arrayType7

===========================================================================================
----------------- testing Sun Sep 27 15:57:58 UTC 2020 /home/travis/build/icyphy/ptII/ptolemy/actor/lib/test/auto/arrayType8.xml
----------------- Instantiating /home/travis/build/icyphy/ptII/ptolemy/actor/lib/test/auto/arrayType8.xml
1 ms. Memory: 272384K Free: 123646K (45%)
----------------- Invoking toplevel() on ptolemy.moml.MoMLSimpleApplication@2d4a3cc2
----------------- Done invoking toplevel() on ptolemy.moml.MoMLSimpleApplication@2d4a3cc2
reloadAllAccessors: .arrayType8

===========================================================================================
----------------- testing Sun Sep 27 15:57:58 UTC 2020 /home/travis/build/icyphy/ptII/ptolemy/actor/lib/test/auto/arrayType9.xml
----------------- Instantiating /home/travis/build/icyphy/ptII/ptolemy/actor/lib/test/auto/arrayType9.xml
3 ms. Memory: 272384K Free: 118526K (44%)
----------------- Invoking toplevel() on ptolemy.moml.MoMLSimpleApplication@33df0d79
----------------- Done invoking toplevel() on ptolemy.moml.MoMLSimpleApplication@33df0d79
reloadAllAccessors: .arrayType9

===========================================================================================
----------------- testing Sun Sep 27 15:57:58 UTC 2020 /home/travis/build/icyphy/ptII/ptolemy/actor/lib/test/auto/cast.xml
----------------- Instantiating /home/travis/build/icyphy/ptII/ptolemy/actor/lib/test/auto/cast.xml
2 ms. Memory: 272384K Free: 113920K (42%)
----------------- Invoking toplevel() on ptolemy.moml.MoMLSimpleApplication@1eef468c
----------------- Done invoking toplevel() on ptolemy.moml.MoMLSimpleApplication@1eef468c
reloadAllAccessors: .cast

===========================================================================================
----------------- testing Sun Sep 27 15:57:58 UTC 2020 /home/travis/build/icyphy/ptII/ptolemy/actor/lib/test/auto/compositeMultiPort.xml
----------------- Instantiating /home/travis/build/icyphy/ptII/ptolemy/actor/lib/test/auto/compositeMultiPort.xml
11 ms. Memory: 272384K Free: 104704K (38%)
----------------- Invoking toplevel() on ptolemy.moml.MoMLSimpleApplication@3cc4043d
----------------- Done invoking toplevel() on ptolemy.moml.MoMLSimpleApplication@3cc4043d
reloadAllAccessors: .compositeMultiPort

===========================================================================================
----------------- testing Sun Sep 27 15:57:58 UTC 2020 /home/travis/build/icyphy/ptII/ptolemy/actor/lib/test/auto/expressionCastInference.xml
----------------- Instantiating /home/travis/build/icyphy/ptII/ptolemy/actor/lib/test/auto/expressionCastInference.xml
12 ms. Memory: 272384K Free: 100094K (37%)
----------------- Invoking toplevel() on ptolemy.moml.MoMLSimpleApplication@5a980b79
----------------- Done invoking toplevel() on ptolemy.moml.MoMLSimpleApplication@5a980b79
reloadAllAccessors: .expressionCastInference

===========================================================================================
----------------- testing Sun Sep 27 15:57:58 UTC 2020 /home/travis/build/icyphy/ptII/ptolemy/actor/lib/test/auto/expressionCastInference2.xml
----------------- Instantiating /home/travis/build/icyphy/ptII/ptolemy/actor/lib/test/auto/expressionCastInference2.xml
2 ms. Memory: 272384K Free: 95488K (35%)
----------------- Invoking toplevel() on ptolemy.moml.MoMLSimpleApplication@2973c172
----------------- Done invoking toplevel() on ptolemy.moml.MoMLSimpleApplication@2973c172
reloadAllAccessors: .expressionCastInference2

===========================================================================================
----------------- testing Sun Sep 27 15:57:58 UTC 2020 /home/travis/build/icyphy/ptII/ptolemy/actor/lib/test/auto/expressionInference.xml
----------------- Instantiating /home/travis/build/icyphy/ptII/ptolemy/actor/lib/test/auto/expressionInference.xml
1 ms. Memory: 272384K Free: 90878K (33%)
----------------- Invoking toplevel() on ptolemy.moml.MoMLSimpleApplication@78d96bc7
----------------- Done invoking toplevel() on ptolemy.moml.MoMLSimpleApplication@78d96bc7
reloadAllAccessors: .expressionInference

===========================================================================================
----------------- testing Sun Sep 27 15:57:58 UTC 2020 /home/travis/build/icyphy/ptII/ptolemy/actor/lib/test/auto/expression_bug.xml
----------------- Instantiating /home/travis/build/icyphy/ptII/ptolemy/actor/lib/test/auto/expression_bug.xml
2 ms. Memory: 272384K Free: 86782K (32%)
----------------- Invoking toplevel() on ptolemy.moml.MoMLSimpleApplication@4f5c437b
----------------- Done invoking toplevel() on ptolemy.moml.MoMLSimpleApplication@4f5c437b
reloadAllAccessors: .expression_bug

===========================================================================================
----------------- testing Sun Sep 27 15:57:58 UTC 2020 /home/travis/build/icyphy/ptII/ptolemy/actor/lib/test/auto/factorial.xml
----------------- Instantiating /home/travis/build/icyphy/ptII/ptolemy/actor/lib/test/auto/factorial.xml
36 ms. Memory: 272384K Free: 78080K (29%)
----------------- Invoking toplevel() on ptolemy.moml.MoMLSimpleApplication@3d601aab
----------------- Done invoking toplevel() on ptolemy.moml.MoMLSimpleApplication@3d601aab
reloadAllAccessors: .factorial

===========================================================================================
----------------- testing Sun Sep 27 15:57:58 UTC 2020 /home/travis/build/icyphy/ptII/ptolemy/actor/lib/test/auto/filterTest1.xml
----------------- Instantiating /home/travis/build/icyphy/ptII/ptolemy/actor/lib/test/auto/filterTest1.xml
3 ms. Memory: 272384K Free: 72432K (27%)
----------------- Invoking toplevel() on ptolemy.moml.MoMLSimpleApplication@4b80cbd0
----------------- Done invoking toplevel() on ptolemy.moml.MoMLSimpleApplication@4b80cbd0
reloadAllAccessors: .filterTest1

===========================================================================================
----------------- testing Sun Sep 27 15:57:58 UTC 2020 /home/travis/build/icyphy/ptII/ptolemy/actor/lib/test/auto/funcApplyInConst.xml
----------------- Instantiating /home/travis/build/icyphy/ptII/ptolemy/actor/lib/test/auto/funcApplyInConst.xml
1 ms. Memory: 272384K Free: 68864K (25%)
----------------- Invoking toplevel() on ptolemy.moml.MoMLSimpleApplication@38d67d01
----------------- Done invoking toplevel() on ptolemy.moml.MoMLSimpleApplication@38d67d01
reloadAllAccessors: .funcApplyInConst

===========================================================================================
----------------- testing Sun Sep 27 15:57:58 UTC 2020 /home/travis/build/icyphy/ptII/ptolemy/actor/lib/test/auto/funcApplyInExpr.xml
----------------- Instantiating /home/travis/build/icyphy/ptII/ptolemy/actor/lib/test/auto/funcApplyInExpr.xml
1 ms. Memory: 272384K Free: 64768K (24%)
----------------- Invoking toplevel() on ptolemy.moml.MoMLSimpleApplication@6d014c5e
----------------- Done invoking toplevel() on ptolemy.moml.MoMLSimpleApplication@6d014c5e
reloadAllAccessors: .funcApplyInExpr

===========================================================================================
----------------- testing Sun Sep 27 15:57:58 UTC 2020 /home/travis/build/icyphy/ptII/ptolemy/actor/lib/test/auto/function.xml
----------------- Instantiating /home/travis/build/icyphy/ptII/ptolemy/actor/lib/test/auto/function.xml
2 ms. Memory: 272384K Free: 60158K (22%)
----------------- Invoking toplevel() on ptolemy.moml.MoMLSimpleApplication@61cc48db
----------------- Done invoking toplevel() on ptolemy.moml.MoMLSimpleApplication@61cc48db
reloadAllAccessors: .function

===========================================================================================
----------------- testing Sun Sep 27 15:57:58 UTC 2020 /home/travis/build/icyphy/ptII/ptolemy/actor/lib/test/auto/function2.xml
----------------- Instantiating /home/travis/build/icyphy/ptII/ptolemy/actor/lib/test/auto/function2.xml
3 ms. Memory: 272384K Free: 214084K (79%)
----------------- Invoking toplevel() on ptolemy.moml.MoMLSimpleApplication@744e9f97
----------------- Done invoking toplevel() on ptolemy.moml.MoMLSimpleApplication@744e9f97
reloadAllAccessors: .function2

===========================================================================================
----------------- testing Sun Sep 27 15:57:58 UTC 2020 /home/travis/build/icyphy/ptII/ptolemy/actor/lib/test/auto/function3.xml
----------------- Instantiating /home/travis/build/icyphy/ptII/ptolemy/actor/lib/test/auto/function3.xml
2 ms. Memory: 272384K Free: 210502K (77%)
----------------- Invoking toplevel() on ptolemy.moml.MoMLSimpleApplication@5c31afaf
----------------- Done invoking toplevel() on ptolemy.moml.MoMLSimpleApplication@5c31afaf
reloadAllAccessors: .function3

===========================================================================================
----------------- testing Sun Sep 27 15:57:58 UTC 2020 /home/travis/build/icyphy/ptII/ptolemy/actor/lib/test/auto/functionClosureTest1.xml
----------------- Instantiating /home/travis/build/icyphy/ptII/ptolemy/actor/lib/test/auto/functionClosureTest1.xml
2 ms. Memory: 272384K Free: 204358K (75%)
----------------- Invoking toplevel() on ptolemy.moml.MoMLSimpleApplication@42ff08ed
----------------- Done invoking toplevel() on ptolemy.moml.MoMLSimpleApplication@42ff08ed
reloadAllAccessors: .functionClosureTest1

===========================================================================================
----------------- testing Sun Sep 27 15:57:58 UTC 2020 /home/travis/build/icyphy/ptII/ptolemy/actor/lib/test/auto/functionClosureTest2.xml
----------------- Instantiating /home/travis/build/icyphy/ptII/ptolemy/actor/lib/test/auto/functionClosureTest2.xml
7 ms. Memory: 272384K Free: 200772K (74%)
----------------- Invoking toplevel() on ptolemy.moml.MoMLSimpleApplication@343f72e2
----------------- Done invoking toplevel() on ptolemy.moml.MoMLSimpleApplication@343f72e2
reloadAllAccessors: .functionClosureTest2

===========================================================================================
----------------- testing Sun Sep 27 15:57:58 UTC 2020 /home/travis/build/icyphy/ptII/ptolemy/actor/lib/test/auto/functionClosureTest3.xml
----------------- Instantiating /home/travis/build/icyphy/ptII/ptolemy/actor/lib/test/auto/functionClosureTest3.xml
3 ms. Memory: 272384K Free: 195142K (72%)
----------------- Invoking toplevel() on ptolemy.moml.MoMLSimpleApplication@5e1f40f5
----------------- Done invoking toplevel() on ptolemy.moml.MoMLSimpleApplication@5e1f40f5
reloadAllAccessors: .functionClosureTest3

===========================================================================================
----------------- testing Sun Sep 27 15:57:58 UTC 2020 /home/travis/build/icyphy/ptII/ptolemy/actor/lib/test/auto/functionClosureTest4.xml
----------------- Instantiating /home/travis/build/icyphy/ptII/ptolemy/actor/lib/test/auto/functionClosureTest4.xml
4 ms. Memory: 272384K Free: 188998K (69%)
----------------- Invoking toplevel() on ptolemy.moml.MoMLSimpleApplication@5089a112
----------------- Done invoking toplevel() on ptolemy.moml.MoMLSimpleApplication@5089a112
reloadAllAccessors: .functionClosureTest4

===========================================================================================
----------------- testing Sun Sep 27 15:57:58 UTC 2020 /home/travis/build/icyphy/ptII/ptolemy/actor/lib/test/auto/functionClosureTest5.xml
----------------- Instantiating /home/travis/build/icyphy/ptII/ptolemy/actor/lib/test/auto/functionClosureTest5.xml
5 ms. Memory: 272384K Free: 183878K (68%)
----------------- Invoking toplevel() on ptolemy.moml.MoMLSimpleApplication@5ab49518
----------------- Done invoking toplevel() on ptolemy.moml.MoMLSimpleApplication@5ab49518
reloadAllAccessors: .functionClosureTest5

===========================================================================================
----------------- testing Sun Sep 27 15:57:58 UTC 2020 /home/travis/build/icyphy/ptII/ptolemy/actor/lib/test/auto/functionClosureTest6.xml
----------------- Instantiating /home/travis/build/icyphy/ptII/ptolemy/actor/lib/test/auto/functionClosureTest6.xml
3 ms. Memory: 272384K Free: 178758K (66%)
----------------- Invoking toplevel() on ptolemy.moml.MoMLSimpleApplication@43f31fb6
----------------- Done invoking toplevel() on ptolemy.moml.MoMLSimpleApplication@43f31fb6
reloadAllAccessors: .functionClosureTest6

===========================================================================================
----------------- testing Sun Sep 27 15:57:58 UTC 2020 /home/travis/build/icyphy/ptII/ptolemy/actor/lib/test/auto/functionsOnArcs.xml
----------------- Instantiating /home/travis/build/icyphy/ptII/ptolemy/actor/lib/test/auto/functionsOnArcs.xml
5 ms. Memory: 272384K Free: 173638K (64%)
----------------- Invoking toplevel() on ptolemy.moml.MoMLSimpleApplication@281f61c0
----------------- Done invoking toplevel() on ptolemy.moml.MoMLSimpleApplication@281f61c0
reloadAllAccessors: .functionsOnArcs

===========================================================================================
----------------- testing Sun Sep 27 15:57:58 UTC 2020 /home/travis/build/icyphy/ptII/ptolemy/actor/lib/test/auto/functionsOnArcsHOF.xml
----------------- Instantiating /home/travis/build/icyphy/ptII/ptolemy/actor/lib/test/auto/functionsOnArcsHOF.xml
3 ms. Memory: 272384K Free: 167494K (61%)
----------------- Invoking toplevel() on ptolemy.moml.MoMLSimpleApplication@5c3143a3
----------------- Done invoking toplevel() on ptolemy.moml.MoMLSimpleApplication@5c3143a3
reloadAllAccessors: .functionsOnArcsHOF

===========================================================================================
----------------- testing Sun Sep 27 15:57:58 UTC 2020 /home/travis/build/icyphy/ptII/ptolemy/actor/lib/test/auto/logic.xml
----------------- Instantiating /home/travis/build/icyphy/ptII/ptolemy/actor/lib/test/auto/logic.xml
1 ms. Memory: 272384K Free: 160326K (59%)
----------------- Invoking toplevel() on ptolemy.moml.MoMLSimpleApplication@1396aba
----------------- Done invoking toplevel() on ptolemy.moml.MoMLSimpleApplication@1396aba
reloadAllAccessors: .logic

===========================================================================================
----------------- testing Sun Sep 27 15:57:58 UTC 2020 /home/travis/build/icyphy/ptII/ptolemy/actor/lib/test/auto/matrixType.xml
----------------- Instantiating /home/travis/build/icyphy/ptII/ptolemy/actor/lib/test/auto/matrixType.xml
2 ms. Memory: 272384K Free: 154678K (57%)
----------------- Invoking toplevel() on ptolemy.moml.MoMLSimpleApplication@258e1237
----------------- Done invoking toplevel() on ptolemy.moml.MoMLSimpleApplication@258e1237
reloadAllAccessors: .matrixType

===========================================================================================
----------------- testing Sun Sep 27 15:57:58 UTC 2020 /home/travis/build/icyphy/ptII/ptolemy/actor/lib/test/auto/matrixType10.xml
----------------- Instantiating /home/travis/build/icyphy/ptII/ptolemy/actor/lib/test/auto/matrixType10.xml
2 ms. Memory: 272384K Free: 150086K (55%)
----------------- Invoking toplevel() on ptolemy.moml.MoMLSimpleApplication@91f278a
----------------- Done invoking toplevel() on ptolemy.moml.MoMLSimpleApplication@91f278a
reloadAllAccessors: .matrixType10

===========================================================================================
----------------- testing Sun Sep 27 15:57:58 UTC 2020 /home/travis/build/icyphy/ptII/ptolemy/actor/lib/test/auto/matrixType11.xml
----------------- Instantiating /home/travis/build/icyphy/ptII/ptolemy/actor/lib/test/auto/matrixType11.xml
1 ms. Memory: 272384K Free: 144966K (53%)
----------------- Invoking toplevel() on ptolemy.moml.MoMLSimpleApplication@19e9538e
----------------- Done invoking toplevel() on ptolemy.moml.MoMLSimpleApplication@19e9538e
reloadAllAccessors: .matrixType11

===========================================================================================
----------------- testing Sun Sep 27 15:57:58 UTC 2020 /home/travis/build/icyphy/ptII/ptolemy/actor/lib/test/auto/matrixType12.xml
----------------- Instantiating /home/travis/build/icyphy/ptII/ptolemy/actor/lib/test/auto/matrixType12.xml
2 ms. Memory: 272384K Free: 140356K (52%)
----------------- Invoking toplevel() on ptolemy.moml.MoMLSimpleApplication@6c2c3a6e
----------------- Done invoking toplevel() on ptolemy.moml.MoMLSimpleApplication@6c2c3a6e
reloadAllAccessors: .matrixType12

===========================================================================================
----------------- testing Sun Sep 27 15:57:58 UTC 2020 /home/travis/build/icyphy/ptII/ptolemy/actor/lib/test/auto/matrixType13.xml
----------------- Instantiating /home/travis/build/icyphy/ptII/ptolemy/actor/lib/test/auto/matrixType13.xml
2 ms. Memory: 272384K Free: 135236K (50%)
----------------- Invoking toplevel() on ptolemy.moml.MoMLSimpleApplication@17f5ba5a
----------------- Done invoking toplevel() on ptolemy.moml.MoMLSimpleApplication@17f5ba5a
reloadAllAccessors: .matrixType13

===========================================================================================
----------------- testing Sun Sep 27 15:57:58 UTC 2020 /home/travis/build/icyphy/ptII/ptolemy/actor/lib/test/auto/matrixType14.xml
----------------- Instantiating /home/travis/build/icyphy/ptII/ptolemy/actor/lib/test/auto/matrixType14.xml
2 ms. Memory: 272384K Free: 130116K (48%)
----------------- Invoking toplevel() on ptolemy.moml.MoMLSimpleApplication@745696bf
----------------- Done invoking toplevel() on ptolemy.moml.MoMLSimpleApplication@745696bf
reloadAllAccessors: .matrixType14

===========================================================================================
----------------- testing Sun Sep 27 15:57:58 UTC 2020 /home/travis/build/icyphy/ptII/ptolemy/actor/lib/test/auto/matrixType2.xml
----------------- Instantiating /home/travis/build/icyphy/ptII/ptolemy/actor/lib/test/auto/matrixType2.xml
1 ms. Memory: 272384K Free: 124996K (46%)
----------------- Invoking toplevel() on ptolemy.moml.MoMLSimpleApplication@7f988f80
----------------- Done invoking toplevel() on ptolemy.moml.MoMLSimpleApplication@7f988f80
reloadAllAccessors: .matrixType2

===========================================================================================
----------------- testing Sun Sep 27 15:57:58 UTC 2020 /home/travis/build/icyphy/ptII/ptolemy/actor/lib/test/auto/matrixType3.xml
----------------- Instantiating /home/travis/build/icyphy/ptII/ptolemy/actor/lib/test/auto/matrixType3.xml
4 ms. Memory: 272384K Free: 120390K (44%)
----------------- Invoking toplevel() on ptolemy.moml.MoMLSimpleApplication@1c58cbf3
----------------- Done invoking toplevel() on ptolemy.moml.MoMLSimpleApplication@1c58cbf3
reloadAllAccessors: .matrixType3

===========================================================================================
----------------- testing Sun Sep 27 15:57:58 UTC 2020 /home/travis/build/icyphy/ptII/ptolemy/actor/lib/test/auto/matrixType4.xml
----------------- Instantiating /home/travis/build/icyphy/ptII/ptolemy/actor/lib/test/auto/matrixType4.xml
1 ms. Memory: 272384K Free: 115270K (42%)
----------------- Invoking toplevel() on ptolemy.moml.MoMLSimpleApplication@cd989c8
----------------- Done invoking toplevel() on ptolemy.moml.MoMLSimpleApplication@cd989c8
reloadAllAccessors: .matrixType4

===========================================================================================
----------------- testing Sun Sep 27 15:57:58 UTC 2020 /home/travis/build/icyphy/ptII/ptolemy/actor/lib/test/auto/matrixType5.xml
----------------- Instantiating /home/travis/build/icyphy/ptII/ptolemy/actor/lib/test/auto/matrixType5.xml
1 ms. Memory: 272384K Free: 110660K (41%)
----------------- Invoking toplevel() on ptolemy.moml.MoMLSimpleApplication@4496c74f
----------------- Done invoking toplevel() on ptolemy.moml.MoMLSimpleApplication@4496c74f
reloadAllAccessors: .matrixType5

===========================================================================================
----------------- testing Sun Sep 27 15:57:59 UTC 2020 /home/travis/build/icyphy/ptII/ptolemy/actor/lib/test/auto/matrixType6.xml
----------------- Instantiating /home/travis/build/icyphy/ptII/ptolemy/actor/lib/test/auto/matrixType6.xml
1 ms. Memory: 272384K Free: 105540K (39%)
----------------- Invoking toplevel() on ptolemy.moml.MoMLSimpleApplication@64d5fb6b
----------------- Done invoking toplevel() on ptolemy.moml.MoMLSimpleApplication@64d5fb6b
reloadAllAccessors: .matrixType6

===========================================================================================
----------------- testing Sun Sep 27 15:57:59 UTC 2020 /home/travis/build/icyphy/ptII/ptolemy/actor/lib/test/auto/matrixType7.xml
----------------- Instantiating /home/travis/build/icyphy/ptII/ptolemy/actor/lib/test/auto/matrixType7.xml
1 ms. Memory: 272384K Free: 100934K (37%)
----------------- Invoking toplevel() on ptolemy.moml.MoMLSimpleApplication@72e78f27
----------------- Done invoking toplevel() on ptolemy.moml.MoMLSimpleApplication@72e78f27
reloadAllAccessors: .matrixType7

===========================================================================================
----------------- testing Sun Sep 27 15:57:59 UTC 2020 /home/travis/build/icyphy/ptII/ptolemy/actor/lib/test/auto/matrixType8.xml
----------------- Instantiating /home/travis/build/icyphy/ptII/ptolemy/actor/lib/test/auto/matrixType8.xml
1 ms. Memory: 272384K Free: 95814K (35%)
----------------- Invoking toplevel() on ptolemy.moml.MoMLSimpleApplication@22e8faa7
----------------- Done invoking toplevel() on ptolemy.moml.MoMLSimpleApplication@22e8faa7
reloadAllAccessors: .matrixType8

===========================================================================================
----------------- testing Sun Sep 27 15:57:59 UTC 2020 /home/travis/build/icyphy/ptII/ptolemy/actor/lib/test/auto/matrixType9.xml
----------------- Instantiating /home/travis/build/icyphy/ptII/ptolemy/actor/lib/test/auto/matrixType9.xml
1 ms. Memory: 272384K Free: 91204K (33%)
----------------- Invoking toplevel() on ptolemy.moml.MoMLSimpleApplication@643a8f9
----------------- Done invoking toplevel() on ptolemy.moml.MoMLSimpleApplication@643a8f9
reloadAllAccessors: .matrixType9

===========================================================================================
----------------- testing Sun Sep 27 15:57:59 UTC 2020 /home/travis/build/icyphy/ptII/ptolemy/actor/lib/test/auto/paraFunctest.xml
----------------- Instantiating /home/travis/build/icyphy/ptII/ptolemy/actor/lib/test/auto/paraFunctest.xml
1 ms. Memory: 272384K Free: 86598K (32%)
----------------- Invoking toplevel() on ptolemy.moml.MoMLSimpleApplication@3a8ae75a
----------------- Done invoking toplevel() on ptolemy.moml.MoMLSimpleApplication@3a8ae75a
reloadAllAccessors: .paraFunctest

===========================================================================================
----------------- testing Sun Sep 27 15:57:59 UTC 2020 /home/travis/build/icyphy/ptII/ptolemy/actor/lib/test/auto/paraFunctest2.xml
----------------- Instantiating /home/travis/build/icyphy/ptII/ptolemy/actor/lib/test/auto/paraFunctest2.xml
2 ms. Memory: 272384K Free: 82982K (30%)
----------------- Invoking toplevel() on ptolemy.moml.MoMLSimpleApplication@17fa0bb
----------------- Done invoking toplevel() on ptolemy.moml.MoMLSimpleApplication@17fa0bb
reloadAllAccessors: .paraFunctest2

===========================================================================================
----------------- testing Sun Sep 27 15:57:59 UTC 2020 /home/travis/build/icyphy/ptII/ptolemy/actor/lib/test/auto/parameterPassing.xml
----------------- Instantiating /home/travis/build/icyphy/ptII/ptolemy/actor/lib/test/auto/parameterPassing.xml
1 ms. Memory: 272384K Free: 77892K (29%)
----------------- Invoking toplevel() on ptolemy.moml.MoMLSimpleApplication@502fef9b
----------------- Done invoking toplevel() on ptolemy.moml.MoMLSimpleApplication@502fef9b
reloadAllAccessors: .parameterPassing

===========================================================================================
----------------- testing Sun Sep 27 15:57:59 UTC 2020 /home/travis/build/icyphy/ptII/ptolemy/actor/lib/test/auto/record.xml
----------------- Instantiating /home/travis/build/icyphy/ptII/ptolemy/actor/lib/test/auto/record.xml
2 ms. Memory: 272384K Free: 73286K (27%)
----------------- Invoking toplevel() on ptolemy.moml.MoMLSimpleApplication@6229f120
----------------- Done invoking toplevel() on ptolemy.moml.MoMLSimpleApplication@6229f120
reloadAllAccessors: .record

===========================================================================================
----------------- testing Sun Sep 27 15:57:59 UTC 2020 /home/travis/build/icyphy/ptII/ptolemy/actor/lib/test/auto/sizedarray1.xml
----------------- Instantiating /home/travis/build/icyphy/ptII/ptolemy/actor/lib/test/auto/sizedarray1.xml
2 ms. Memory: 272384K Free: 67652K (25%)
----------------- Invoking toplevel() on ptolemy.moml.MoMLSimpleApplication@12de7879
----------------- Done invoking toplevel() on ptolemy.moml.MoMLSimpleApplication@12de7879
reloadAllAccessors: .sizedarray1

===========================================================================================
----------------- testing Sun Sep 27 15:57:59 UTC 2020 /home/travis/build/icyphy/ptII/ptolemy/actor/lib/test/auto/sizedarray2.xml
----------------- Instantiating /home/travis/build/icyphy/ptII/ptolemy/actor/lib/test/auto/sizedarray2.xml
2 ms. Memory: 272384K Free: 62532K (23%)
----------------- Invoking toplevel() on ptolemy.moml.MoMLSimpleApplication@23297d32
----------------- Done invoking toplevel() on ptolemy.moml.MoMLSimpleApplication@23297d32
reloadAllAccessors: .sizedarray2

===========================================================================================
----------------- testing Sun Sep 27 15:57:59 UTC 2020 /home/travis/build/icyphy/ptII/ptolemy/actor/lib/test/auto/twoPublishers.xml
----------------- Instantiating /home/travis/build/icyphy/ptII/ptolemy/actor/lib/test/auto/twoPublishers.xml
6 ms. Memory: 272384K Free: 209550K (77%)
----------------- Invoking toplevel() on ptolemy.moml.MoMLSimpleApplication@36a33afb
----------------- Done invoking toplevel() on ptolemy.moml.MoMLSimpleApplication@36a33afb
reloadAllAccessors: .twoPublishers
AutoTests.java: About to close Vertx.
AutoTests.java: Vertx closed.
]]></system-out>
  <system-err><![CDATA[java.lang.RuntimeException: Execution failed
	at ptolemy.moml.MoMLSimpleApplication$UnloadThread.run(MoMLSimpleApplication.java:402)
Caused by: java.lang.RuntimeException: StringUtilities.exit() was called. Normally, we would exit here because Manager.exitAfterWrapup() was called.  However, because the ptolemy.ptII.exitAfterWrapup property is set, we throw this exception instead.
	at ptolemy.util.StringUtilities.exit(StringUtilities.java:365)
	at ptolemy.actor.Manager.wrapup(Manager.java:1549)
	at ptolemy.actor.Manager.execute(Manager.java:407)
	at ptolemy.actor.Manager.run(Manager.java:1263)
	at ptolemy.actor.Manager$PtolemyRunThread.run(Manager.java:1933)
Warning: '.top.test' is in training mode, set the trainingMode parameter to false before checking in
Warning: '.top.test' is in training mode, set the trainingMode parameter to false before checking in
Warning: '.top.test' is in training mode, set the trainingMode parameter to false before checking in
Warning: '.BooleanSwitch_RegressionTest_WrongTrainingValues.Test' is in training mode, set the trainingMode parameter to false before checking in
Warning: '.BooleanSwitch_RegressionTest_WrongTrainingValues.Test2' is in training mode, set the trainingMode parameter to false before checking in
Warning: '.BooleanSwitch_RegressionTest_WrongTrainingValues.Test2' The test produced 0 tokens.
Warning: '.top.testExceptionHandler' is in training mode, set the trainingMode parameter to false before checking in
java.lang.RuntimeException: Execution failed
	at ptolemy.moml.MoMLSimpleApplication$UnloadThread.run(MoMLSimpleApplication.java:402)
Caused by: ptolemy.kernel.util.IllegalActionException: PublisherPorts cannot be used at the top level, use a Publisher actor instead.
  in .PublisherPortToplevelSubscriber.PublisherPort
	at ptolemy.actor.PublisherPort.preinitialize(PublisherPort.java:403)
	at ptolemy.actor.CompositeActor.preinitialize(CompositeActor.java:1769)
	at ptolemy.actor.Manager.preinitializeAndResolveTypes(Manager.java:1040)
	at ptolemy.actor.Manager.initialize(Manager.java:710)
	at ptolemy.actor.Manager.execute(Manager.java:356)
	at ptolemy.actor.Manager.run(Manager.java:1263)
	at ptolemy.actor.Manager$PtolemyRunThread.run(Manager.java:1933)
java.lang.reflect.InvocationTargetException
	at java.base/jdk.internal.reflect.NativeConstructorAccessorImpl.newInstance0(Native Method)
	at java.base/jdk.internal.reflect.NativeConstructorAccessorImpl.newInstance(NativeConstructorAccessorImpl.java:62)
	at java.base/jdk.internal.reflect.DelegatingConstructorAccessorImpl.newInstance(DelegatingConstructorAccessorImpl.java:45)
	at java.base/java.lang.reflect.Constructor.newInstance(Constructor.java:490)
	at ptolemy.util.test.junit.AutoKnownFailedTests.RunModel(AutoKnownFailedTests.java:105)
	at java.base/jdk.internal.reflect.NativeMethodAccessorImpl.invoke0(Native Method)
	at java.base/jdk.internal.reflect.NativeMethodAccessorImpl.invoke(NativeMethodAccessorImpl.java:62)
	at java.base/jdk.internal.reflect.DelegatingMethodAccessorImpl.invoke(DelegatingMethodAccessorImpl.java:43)
	at java.base/java.lang.reflect.Method.invoke(Method.java:566)
	at org.junit.runners.model.FrameworkMethod$1.runReflectiveCall(FrameworkMethod.java:44)
	at org.junit.internal.runners.model.ReflectiveCallable.run(ReflectiveCallable.java:15)
	at org.junit.runners.model.FrameworkMethod.invokeExplosively(FrameworkMethod.java:41)
	at junitparams.internal.InvokeParameterisedMethod.evaluate(InvokeParameterisedMethod.java:102)
	at org.junit.internal.runners.statements.FailOnTimeout$1.run(FailOnTimeout.java:28)
Caused by: ptolemy.kernel.util.IllegalActionException: PublisherPorts cannot be used at the top level, use a Publisher actor instead.
  in .PublisherPortToplevelSubscriber.PublisherPort
	at ptolemy.actor.PublisherPort.preinitialize(PublisherPort.java:403)
	at ptolemy.actor.CompositeActor.preinitialize(CompositeActor.java:1769)
	at ptolemy.actor.Manager.preinitializeAndResolveTypes(Manager.java:1040)
	at ptolemy.actor.Manager.initialize(Manager.java:710)
	at ptolemy.actor.Manager.execute(Manager.java:356)
	at ptolemy.actor.Manager.run(Manager.java:1263)
	at ptolemy.actor.Manager$PtolemyRunThread.run(Manager.java:1933)
java.lang.RuntimeException: Execution failed
	at ptolemy.moml.MoMLSimpleApplication$UnloadThread.run(MoMLSimpleApplication.java:402)
Caused by: ptolemy.kernel.util.IllegalActionException: SubscriberPorts cannot be used at the top level, use a Subscriber actor instead.
  in .PublisherSubscriberPortToplevel.SubscriberPort
	at ptolemy.actor.SubscriberPort.preinitialize(SubscriberPort.java:328)
	at ptolemy.actor.CompositeActor.preinitialize(CompositeActor.java:1769)
	at ptolemy.actor.Manager.preinitializeAndResolveTypes(Manager.java:1040)
	at ptolemy.actor.Manager.initialize(Manager.java:710)
	at ptolemy.actor.Manager.execute(Manager.java:356)
	at ptolemy.actor.Manager.run(Manager.java:1263)
	at ptolemy.actor.Manager$PtolemyRunThread.run(Manager.java:1933)
java.lang.reflect.InvocationTargetException
	at java.base/jdk.internal.reflect.NativeConstructorAccessorImpl.newInstance0(Native Method)
	at java.base/jdk.internal.reflect.NativeConstructorAccessorImpl.newInstance(NativeConstructorAccessorImpl.java:62)
	at java.base/jdk.internal.reflect.DelegatingConstructorAccessorImpl.newInstance(DelegatingConstructorAccessorImpl.java:45)
	at java.base/java.lang.reflect.Constructor.newInstance(Constructor.java:490)
	at ptolemy.util.test.junit.AutoKnownFailedTests.RunModel(AutoKnownFailedTests.java:105)
	at java.base/jdk.internal.reflect.NativeMethodAccessorImpl.invoke0(Native Method)
	at java.base/jdk.internal.reflect.NativeMethodAccessorImpl.invoke(NativeMethodAccessorImpl.java:62)
	at java.base/jdk.internal.reflect.DelegatingMethodAccessorImpl.invoke(DelegatingMethodAccessorImpl.java:43)
	at java.base/java.lang.reflect.Method.invoke(Method.java:566)
	at org.junit.runners.model.FrameworkMethod$1.runReflectiveCall(FrameworkMethod.java:44)
	at org.junit.internal.runners.model.ReflectiveCallable.run(ReflectiveCallable.java:15)
	at org.junit.runners.model.FrameworkMethod.invokeExplosively(FrameworkMethod.java:41)
	at junitparams.internal.InvokeParameterisedMethod.evaluate(InvokeParameterisedMethod.java:102)
	at org.junit.internal.runners.statements.FailOnTimeout$1.run(FailOnTimeout.java:28)
Caused by: ptolemy.kernel.util.IllegalActionException: SubscriberPorts cannot be used at the top level, use a Subscriber actor instead.
  in .PublisherSubscriberPortToplevel.SubscriberPort
	at ptolemy.actor.SubscriberPort.preinitialize(SubscriberPort.java:328)
	at ptolemy.actor.CompositeActor.preinitialize(CompositeActor.java:1769)
	at ptolemy.actor.Manager.preinitializeAndResolveTypes(Manager.java:1040)
	at ptolemy.actor.Manager.initialize(Manager.java:710)
	at ptolemy.actor.Manager.execute(Manager.java:356)
	at ptolemy.actor.Manager.run(Manager.java:1263)
	at ptolemy.actor.Manager$PtolemyRunThread.run(Manager.java:1933)
java.lang.RuntimeException: Execution failed
	at ptolemy.moml.MoMLSimpleApplication$UnloadThread.run(MoMLSimpleApplication.java:402)
Caused by: ptolemy.kernel.util.IllegalActionException: SubscriptionAggregatorPorts cannot be used at the top level, use a SubscriptionAggregator actor instead.
  in .PublisherSubscriptionAggregatorPort.SubscriptionAggregatorPort
	at ptolemy.actor.SubscriptionAggregatorPort.preinitialize(SubscriptionAggregatorPort.java:353)
	at ptolemy.actor.CompositeActor.preinitialize(CompositeActor.java:1769)
	at ptolemy.actor.Manager.preinitializeAndResolveTypes(Manager.java:1040)
	at ptolemy.actor.Manager.initialize(Manager.java:710)
	at ptolemy.actor.Manager.execute(Manager.java:356)
	at ptolemy.actor.Manager.run(Manager.java:1263)
	at ptolemy.actor.Manager$PtolemyRunThread.run(Manager.java:1933)
java.lang.reflect.InvocationTargetException
	at java.base/jdk.internal.reflect.NativeConstructorAccessorImpl.newInstance0(Native Method)
	at java.base/jdk.internal.reflect.NativeConstructorAccessorImpl.newInstance(NativeConstructorAccessorImpl.java:62)
	at java.base/jdk.internal.reflect.DelegatingConstructorAccessorImpl.newInstance(DelegatingConstructorAccessorImpl.java:45)
	at java.base/java.lang.reflect.Constructor.newInstance(Constructor.java:490)
	at ptolemy.util.test.junit.AutoKnownFailedTests.RunModel(AutoKnownFailedTests.java:105)
	at java.base/jdk.internal.reflect.NativeMethodAccessorImpl.invoke0(Native Method)
	at java.base/jdk.internal.reflect.NativeMethodAccessorImpl.invoke(NativeMethodAccessorImpl.java:62)
	at java.base/jdk.internal.reflect.DelegatingMethodAccessorImpl.invoke(DelegatingMethodAccessorImpl.java:43)
	at java.base/java.lang.reflect.Method.invoke(Method.java:566)
	at org.junit.runners.model.FrameworkMethod$1.runReflectiveCall(FrameworkMethod.java:44)
	at org.junit.internal.runners.model.ReflectiveCallable.run(ReflectiveCallable.java:15)
	at org.junit.runners.model.FrameworkMethod.invokeExplosively(FrameworkMethod.java:41)
	at junitparams.internal.InvokeParameterisedMethod.evaluate(InvokeParameterisedMethod.java:102)
	at org.junit.internal.runners.statements.FailOnTimeout$1.run(FailOnTimeout.java:28)
Caused by: ptolemy.kernel.util.IllegalActionException: SubscriptionAggregatorPorts cannot be used at the top level, use a SubscriptionAggregator actor instead.
  in .PublisherSubscriptionAggregatorPort.SubscriptionAggregatorPort
	at ptolemy.actor.SubscriptionAggregatorPort.preinitialize(SubscriptionAggregatorPort.java:353)
	at ptolemy.actor.CompositeActor.preinitialize(CompositeActor.java:1769)
	at ptolemy.actor.Manager.preinitializeAndResolveTypes(Manager.java:1040)
	at ptolemy.actor.Manager.initialize(Manager.java:710)
	at ptolemy.actor.Manager.execute(Manager.java:356)
	at ptolemy.actor.Manager.run(Manager.java:1263)
	at ptolemy.actor.Manager$PtolemyRunThread.run(Manager.java:1933)
java.lang.RuntimeException: Execution failed
	at ptolemy.moml.MoMLSimpleApplication$UnloadThread.run(MoMLSimpleApplication.java:402)
Caused by: ptolemy.kernel.util.IllegalActionException: TypeTest actor has no training data.
  in .sizedarray3.TypeTest
	at ptolemy.actor.lib.TypeTest.initialize(TypeTest.java:250)
	at ptolemy.actor.Director.initialize(Director.java:938)
	at ptolemy.actor.Director.initialize(Director.java:907)
	at ptolemy.actor.sched.StaticSchedulingDirector.initialize(StaticSchedulingDirector.java:159)
	at ptolemy.domains.sdf.kernel.SDFDirector.initialize(SDFDirector.java:544)
	at ptolemy.actor.CompositeActor.initialize(CompositeActor.java:935)
	at ptolemy.actor.Manager.initialize(Manager.java:724)
	at ptolemy.actor.Manager.execute(Manager.java:356)
	at ptolemy.actor.Manager.run(Manager.java:1263)
	at ptolemy.actor.Manager$PtolemyRunThread.run(Manager.java:1933)
java.lang.reflect.InvocationTargetException
	at java.base/jdk.internal.reflect.NativeConstructorAccessorImpl.newInstance0(Native Method)
	at java.base/jdk.internal.reflect.NativeConstructorAccessorImpl.newInstance(NativeConstructorAccessorImpl.java:62)
	at java.base/jdk.internal.reflect.DelegatingConstructorAccessorImpl.newInstance(DelegatingConstructorAccessorImpl.java:45)
	at java.base/java.lang.reflect.Constructor.newInstance(Constructor.java:490)
	at ptolemy.util.test.junit.AutoKnownFailedTests.RunModel(AutoKnownFailedTests.java:105)
	at java.base/jdk.internal.reflect.NativeMethodAccessorImpl.invoke0(Native Method)
	at java.base/jdk.internal.reflect.NativeMethodAccessorImpl.invoke(NativeMethodAccessorImpl.java:62)
	at java.base/jdk.internal.reflect.DelegatingMethodAccessorImpl.invoke(DelegatingMethodAccessorImpl.java:43)
	at java.base/java.lang.reflect.Method.invoke(Method.java:566)
	at org.junit.runners.model.FrameworkMethod$1.runReflectiveCall(FrameworkMethod.java:44)
	at org.junit.internal.runners.model.ReflectiveCallable.run(ReflectiveCallable.java:15)
	at org.junit.runners.model.FrameworkMethod.invokeExplosively(FrameworkMethod.java:41)
	at junitparams.internal.InvokeParameterisedMethod.evaluate(InvokeParameterisedMethod.java:102)
	at org.junit.internal.runners.statements.FailOnTimeout$1.run(FailOnTimeout.java:28)
Caused by: ptolemy.kernel.util.IllegalActionException: TypeTest actor has no training data.
  in .sizedarray3.TypeTest
	at ptolemy.actor.lib.TypeTest.initialize(TypeTest.java:250)
	at ptolemy.actor.Director.initialize(Director.java:938)
	at ptolemy.actor.Director.initialize(Director.java:907)
	at ptolemy.actor.sched.StaticSchedulingDirector.initialize(StaticSchedulingDirector.java:159)
	at ptolemy.domains.sdf.kernel.SDFDirector.initialize(SDFDirector.java:544)
	at ptolemy.actor.CompositeActor.initialize(CompositeActor.java:935)
	at ptolemy.actor.Manager.initialize(Manager.java:724)
	at ptolemy.actor.Manager.execute(Manager.java:356)
	at ptolemy.actor.Manager.run(Manager.java:1263)
	at ptolemy.actor.Manager$PtolemyRunThread.run(Manager.java:1933)
]]></system-err>
</testsuite>
