<?xml version="1.0" encoding="UTF-8" ?>
<testsuite errors="0" failures="0" hostname="travis-job-25770abf-193f-40e5-8a49-82a9e3b960a3" name="ptolemy.domains.de.test.junit.JUnitTclTest" skipped="0" tests="101" time="123.414" timestamp="2019-12-27T06:31:28">
  <properties>
    <property name="npm.executable" value="npm" />
    <property name="env.TRAVIS_ROOT" value="/" />
    <property name="ptII.mk.exists" value="true" />
    <property name="env.TRAVIS_APP_HOST" value="build.travis-ci.org" />
    <property name="env.rvm_bin_path" value="/home/travis/.rvm/bin" />
    <property name="java.home" value="/usr/local/lib/jvm/openjdk11" />
    <property name="env.TRAVIS_JOB_NUMBER" value="1444.9" />
    <property name="env.TRAVIS_HOME" value="/home/travis" />
    <property name="env.DISPLAY" value=":99.0" />
    <property name="env.TRAVIS_INIT" value="systemd" />
    <property name="env.SSH_TTY" value="/dev/pts/0" />
    <property name="java.net.preferIPv4Stack" value="true" />
    <property name="env.RUN_TESTS" value="true" />
    <property name="timeout.short" value="1000000" />
    <property name="junit.formatter" value="xml" />
    <property name="env.TRAVIS_SUDO" value="true" />
    <property name="env.TRAVIS_JOB_NAME" value="" />
    <property name="env.TRAVIS_STACK_NODE_ATTRIBUTES" value="/.node-attributes.yml" />
    <property name="env.LOGNAME" value="travis" />
    <property name="jsdoc.home" value="node_modules/@terraswarm/jsdoc" />
    <property name="debuglevel" value="source,lines,vars" />
    <property name="checkstyle.formatter" value="xml" />
    <property name="env._system_version" value="16.04" />
    <property name="bin.vergil.makeable" value="true" />
    <property name="sun.os.patch.level" value="unknown" />
    <property name="java.vendor.url" value="http://java.oracle.com/" />
    <property name="env.TRAVIS_BUILD_WEB_URL" value="https://travis-ci.org/icyphy/ptII/builds/629899715" />
    <property name="java.version" value="11.0.2" />
    <property name="env.TZ" value="UTC" />
    <property name="env.TRAVIS_PULL_REQUEST_SHA" value="" />
    <property name="env.PT_NO_NET" value="true" />
    <property name="env.TRAVIS_SECURE_ENV_VARS" value="true" />
    <property name="env._system_type" value="Linux" />
    <property name="java.vendor.url.bug" value="http://bugreport.java.com/bugreport/" />
    <property name="npmjs-org-is-up" value="true" />
    <property name="env.LANGUAGE" value="en_US.UTF-8" />
    <property name="env.SSH_CLIENT" value="10.24.6.41 43126 22" />
    <property name="env.GEM_HOME" value="/home/travis/.rvm/gems/ruby-2.5.3" />
    <property name="env.HAS_ANTARES_THREE_LITTLE_FRONZIES_BADGE" value="true" />
    <property name="java.version.date" value="2019-01-15" />
    <property name="env.PS4" value="+" />
    <property name="ant.project.invoked-targets" value="build,test.core2.xml" />
    <property name="env.TRAVIS_PULL_REQUEST_BRANCH" value="" />
    <property name="env.TRAVIS_REPO_SLUG" value="icyphy/ptII" />
    <property name="env.XDG_DATA_DIRS" value="/usr/local/share:/usr/share:/var/lib/snapd/desktop" />
    <property name="jdk.debug" value="release" />
    <property name="env.TRAVIS_APT_PROXY" value="http://build-cache.travisci.net" />
    <property name="env.TRAVIS_CPU_ARCH" value="amd64" />
    <property name="node.in.path" value="true" />
    <property name="user.name" value="travis" />
    <property name="java.maxmemory" value="1400m" />
    <property name="env.RUBY_VERSION" value="ruby-2.5.3" />
    <property name="env.LANG" value="en_US.UTF-8" />
    <property name="sun.io.unicode.encoding" value="UnicodeLittle" />
    <property name="sun.jnu.encoding" value="UTF-8" />
    <property name="java.runtime.name" value="OpenJDK Runtime Environment" />
    <property name="usefile" value="false" />
    <property name="return.code" value="0" />
    <property name="junit.single.formatter" value="plain" />
    <property name="env.DYLD_LIBRARY_PATH" value="/home/travis/pthla/certi-tools/lib:" />
    <property name="env.DEBIAN_FRONTEND" value="noninteractive" />
    <property name="env.SSH_CONNECTION" value="10.24.6.41 43126 10.20.0.2 22" />
    <property name="env.MYSQL_UNIX_PORT" value="/var/run/mysqld/mysqld.sock" />
    <property name="env.LC_ALL" value="en_US.UTF-8" />
    <property name="env.TRAVIS_ALLOW_FAILURE" value="false" />
    <property name="env.TRAVIS_JOB_WEB_URL" value="https://travis-ci.org/icyphy/ptII/jobs/629899724" />
    <property name="java.specification.name" value="Java Platform API Specification" />
    <property name="node.works" value="true" />
    <property name="user.timezone" value="" />
    <property name="path.separator" value=":" />
    <property name="env.TRAVIS_ENABLE_INFRA_DETECTION" value="true" />
    <property name="env.PYTHON_CFLAGS" value="-g -fstack-protector --param=ssp-buffer-size=4 -Wformat -Werror=format-security" />
    <property name="timeout.long" value="4000000" />
    <property name="env.CERTI_HOME" value="/home/travis/pthla/certi-tools" />
    <property name="ant.file.ptII" value="/home/travis/build/icyphy/ptII/build.xml" />
    <property name="javadoc.packagenames" value="com.*,diva.*,lbnl.*,org.hlacerti.*,org.json.*,org.ptolemy.*,org.terraswarm.*,ptolemy.*,ptserver.*" />
    <property name="file.encoding" value="UTF-8" />
    <property name="env.TRAVIS_PULL_REQUEST_SLUG" value="" />
    <property name="ant.project.default-target" value="build" />
    <property name="env.GIT_ASKPASS" value="echo" />
    <property name="env.HOME" value="/home/travis" />
    <property name="sun.java.command" value="org.apache.tools.ant.taskdefs.optional.junit.JUnitTestRunner ptolemy.domains.de.test.junit.JUnitTclTest skipNonTests=false filtertrace=true haltOnError=false haltOnFailure=false formatter=org.apache.tools.ant.taskdefs.optional.junit.OutErrSummaryJUnitResultFormatter showoutput=true outputtoformatters=true logfailedtests=true threadid=0 logtestlistenerevents=false formatter=org.apache.tools.ant.taskdefs.optional.junit.XMLJUnitResultFormatter,/home/travis/build/icyphy/ptII/reports/junit/TEST-ptolemy.domains.de.test.junit.JUnitTclTest.xml crashfile=/home/travis/build/icyphy/ptII/junitvmwatcher6007680728843254074.properties propsfile=/home/travis/build/icyphy/ptII/junit1722766538303112193.properties" />
    <property name="env.COMPOSER_NO_INTERACTION" value="1" />
    <property name="env.MANPATH" value="/home/travis/.nvm/versions/node/v7.10.1/share/man:/home/travis/.rvm/rubies/ruby-2.5.3/share/man:/usr/local/cmake-3.12.4/man:/usr/local/clang-7.0.0/share/man:/usr/local/man:/usr/local/share/man:/usr/share/man:/home/travis/.rvm/man" />
    <property name="env.TRAVIS_TIMER_ID" value="299cb74f" />
    <property name="ant.file" value="/home/travis/build/icyphy/ptII/build.xml" />
    <property name="env.TRAVIS_COMMIT_RANGE" value="ec90a3f30cbca97c6668975b0dc5d1ff1f4b614e...1f87987f0e3e7c0b3e4c2c438cef4d3742e50cee" />
    <property name="env._system_name" value="Ubuntu" />
    <property name="ptII.classpath.optional.property" value="/home/travis/build/icyphy/ptII/lib/bsh-2.0b4.jar:/home/travis/build/icyphy/ptII/lib/ptCal.jar:/home/travis/build/icyphy/ptII/lib/java_cup.jar:/home/travis/build/icyphy/ptII/lib/saxon8.jar:/home/travis/build/icyphy/ptII/lib/saxon8-dom.jar:/home/travis/build/icyphy/ptII/lib/chic.jar:/home/travis/build/icyphy/ptII/lib/ptcolt.jar:/home/travis/build/icyphy/ptII/vendors/misc/itext/iText.jar:/home/travis/build/icyphy/ptII/lib/g4ltl.jar:/home/travis/build/icyphy/ptII/lib/StructuralCoder.jar:/home/travis/build/icyphy/ptII/lib/jcerti.jar:/home/travis/build/icyphy/ptII/lib/javax.mail.jar:/home/travis/build/icyphy/ptII/vendors/JMF-2.1.1e/lib/jmf.jar:/home/travis/build/icyphy/ptII/lib/jna-4.0.0-variadic.jar:/home/travis/build/icyphy/ptII/vendors/misc/joystick/Joystick.jar:/home/travis/build/icyphy/ptII/lib/ptjacl.jar:/home/travis/build/icyphy/ptII/lib/jsoup-1.8.2.jar:/home/travis/build/icyphy/ptII/lib/junit-4.8.2.jar:/home/travis/build/icyphy/ptII/lib/JUnitParams-0.4.0.jar:/home/travis/build/icyphy/ptII/ptolemy/actor/lib/excel/jxl.jar:/home/travis/build/icyphy/ptII/lib/jython.jar:/home/travis/build/icyphy/ptII/lib/kieler.jar:/home/travis/build/icyphy/ptII/vendors/opencv/share/OpenCV/java/opencv-341.jar:/home/travis/build/icyphy/ptII/lib/oscP5.jar:/home/travis/build/icyphy/ptII/lib/nrjavaserial-3.11.0.devel.jar:/home/travis/build/icyphy/ptII/vendors/j3d/lib/Linux/j3dcore.jar:/home/travis/build/icyphy/ptII/vendors/j3d/lib/Linux/j3dutils.jar:/home/travis/build/icyphy/ptII/vendors/j3d/lib/Linux/vecmath.jar:/home/travis/build/icyphy/ptII/vendors/jogl/lib/Linux/gluegen-rt-natives-linux-amd64.jar:/home/travis/build/icyphy/ptII/vendors/jogl/lib/Linux/gluegen-rt.jar:/home/travis/build/icyphy/ptII/vendors/jogl/lib/Linux/jogl-all-natives-linux-amd64.jar:/home/travis/build/icyphy/ptII/vendors/jogl/lib/Linux/jogl-all.jar:/home/travis/build/icyphy/ptII/ptolemy/distributed/jini/jar/jini-core.jar:/home/travis/build/icyphy/ptII/ptolemy/distributed/jini/jar/jini-ext.jar:/home/travis/build/icyphy/ptII/ptolemy/distributed/jini/jar/sun-util.jar:/home/travis/build/icyphy/ptII/lib/protobuf-java-2.4.1.jar:/home/travis/build/icyphy/ptII/lib/org.eclipse.paho.client.mqttv3.jar:/home/travis/build/icyphy/ptII/lib/mapss.jar:/home/travis/build/icyphy/ptII/ptolemy/actor/ptalon/antlr/antlr.jar:/home/travis/build/icyphy/ptII/lib/JRI.jar:/home/travis/build/icyphy/ptII/lib/commons-lang-2.6.jar:/home/travis/build/icyphy/ptII/lib/commons-logging-1.1.1.jar:/home/travis/build/icyphy/ptII/lib/sootclasses.jar:/home/travis/build/icyphy/ptII/ptolemy/actor/lib/database/mysql-connector-java-5.1.6-bin.jar:/home/travis/build/icyphy/ptII/vendors/misc/sphinx4/sphinx4-data-5prealpha.jar:/home/travis/build/icyphy/ptII/vendors/misc/sphinx4/sphinx4-core-5prealpha.jar:/home/travis/build/icyphy/ptII/lib/PDFRenderer.jar:/home/travis/build/icyphy/ptII/lib/svgSalamander.jar:/home/travis/build/icyphy/ptII/lib/rsyntaxtextarea-2.6.0-SNAPSHOT.jar:/home/travis/build/icyphy/ptII/lib/hazelcast-3.8.2.jar:/home/travis/build/icyphy/ptII/lib/jackson-annotations-2.9.0.jar:/home/travis/build/icyphy/ptII/lib/jackson-core-2.9.3.jar:/home/travis/build/icyphy/ptII/lib/jackson-databind-2.9.3.jar:/home/travis/build/icyphy/ptII/lib/netty-buffer-4.1.19.Final.jar:/home/travis/build/icyphy/ptII/lib/netty-codec-4.1.19.Final.jar:/home/travis/build/icyphy/ptII/lib/netty-codec-dns-4.1.19.Final.jar:/home/travis/build/icyphy/ptII/lib/netty-codec-http-4.1.19.Final.jar:/home/travis/build/icyphy/ptII/lib/netty-codec-http2-4.1.19.Final.jar:/home/travis/build/icyphy/ptII/lib/netty-common-4.1.19.Final.jar:/home/travis/build/icyphy/ptII/lib/netty-handler-4.1.19.Final.jar:/home/travis/build/icyphy/ptII/lib/netty-resolver-4.1.19.Final.jar:/home/travis/build/icyphy/ptII/lib/netty-resolver-dns-4.1.19.Final.jar:/home/travis/build/icyphy/ptII/lib/netty-transport-4.1.19.Final.jar:/home/travis/build/icyphy/ptII/lib/vertx-codegen-3.5.1.jar:/home/travis/build/icyphy/ptII/lib/vertx-core-3.5.2-SNAPSHOT.jar:/home/travis/build/icyphy/ptII/lib/vertx-hazelcast-3.5.1.jar:/home/travis/build/icyphy/ptII/lib/vertx-lang-js-3.5.1.jar:/home/travis/build/icyphy/ptII/lib/vertx-service-proxy-3.5.1.jar:/home/travis/build/icyphy/ptII/lib/vertx-web-3.5.1.jar:/home/travis/build/icyphy/ptII/lib/slf4j-api-1.7.13.jar:/home/travis/build/icyphy/ptII/lib/slf4j-simple-1.7.13.jar:/home/travis/build/icyphy/ptII/lib/webcam-capture-0.3.12.jar:/home/travis/build/icyphy/ptII/lib/bridj-0.7.0.jar:/home/travis/build/icyphy/ptII/lib/xbjlib-1.1.0.nrjavaserial.jar" />
    <property name="timeout" value="2400000" />
    <property name="test.batch" value="**/junit/*.java" />
    <property name="env._" value="/usr/bin/timeout" />
    <property name="java.io.tmpdir" value="/tmp" />
    <property name="user.language" value="en" />
    <property name="env.TRAVIS_INTERNAL_RUBY_REGEX" value="^ruby-(2\.[0-4]\.[0-9]|1\.9\.3)" />
    <property name="env.HISTCONTROL" value="ignoredups:ignorespace" />
    <property name="env.GOROOT" value="/home/travis/.gimme/versions/go1.11.1.linux.amd64" />
    <property name="line.separator" value="&#xa;" />
    <property name="target" value="11" />
    <property name="env.TRAVIS_BUILD_DIR" value="/home/travis/build/icyphy/ptII" />
    <property name="env.ANT_OPTS" value="-Xmx2048m" />
    <property name="ant.file.type" value="file" />
    <property name="ptolemy.ptII.batchMode" value="true" />
    <property name="env.HISTSIZE" value="1000" />
    <property name="env.MERB_ENV" value="test" />
    <property name="java.vm.info" value="mixed mode" />
    <property name="source" value="11" />
    <property name="java.vm.specification.name" value="Java Virtual Machine Specification" />
    <property name="env.TRAVIS_TEST_RESULT" value="0" />
    <property name="jsdoc.command" value="node_modules/@terraswarm/jsdoc/jsdoc.js" />
    <property name="npm.works" value="true" />
    <property name="cobertura.dir" value="/home/travis/build/icyphy/ptII/vendors/cobertura-2.0.3" />
    <property name="jsdoc.command.exists" value="true" />
    <property name="env.rvm_path" value="/home/travis/.rvm" />
    <property name="env.GEM_PATH" value="/home/travis/.rvm/gems/ruby-2.5.3:/home/travis/.rvm/gems/ruby-2.5.3@global" />
    <property name="env.LC_CTYPE" value="en_US.UTF-8" />
    <property name="env.TRAVIS_CMD" value="$PTII/bin/ptIITravisBuild.sh $SECONDS" />
    <property name="java.awt.printerjob" value="sun.print.PSPrinterJob" />
    <property name="env.TRAVIS_STACK_NAME" value="sardonyx" />
    <property name="env.TRAVIS_TIMER_START_TIME" value="1577428070828239550" />
    <property name="ant.version" value="Apache Ant(TM) version 1.10.1 compiled on February 2 2017" />
    <property name="ptII.reports" value="/home/travis/build/icyphy/ptII/reports" />
    <property name="env.TRAVIS_STACK_TIMESTAMP" value="2019-03-25 16:16:56 UTC" />
    <property name="ant.file.type.ptII" value="file" />
    <property name="env.RBENV_SHELL" value="bash" />
    <property name="os.name" value="Linux" />
    <property name="java.specification.vendor" value="Oracle Corporation" />
    <property name="env.rvm_version" value="1.29.7 (latest)" />
    <property name="env.TRAVIS_INFRA" value="unknown" />
    <property name="env.TERM" value="xterm" />
    <property name="java.vm.name" value="OpenJDK 64-Bit Server VM" />
    <property name="env.TRAVIS_BUILD_NUMBER" value="1444" />
    <property name="env.CI" value="true" />
    <property name="java.library.path" value="/home/travis/pthla/certi-tools/lib:/usr/lib/jni:/usr/local/share/OpenCV/java/:/usr/share/OpenCV/java::/usr/java/packages/lib:/usr/lib64:/lib64:/lib:/usr/lib" />
    <property name="jdk.module.path" value="/home/travis/build/icyphy/ptII/vendors/javafx/javafx-sdk-11.0.2/lib:" />
    <property name="env.rvm_prefix" value="/home/travis" />
    <property name="env.PATH" value="/home/travis/pthla/certi-tools/share/scripts:/home/travis/.rvm/gems/ruby-2.5.3/bin:/home/travis/.rvm/gems/ruby-2.5.3@global/bin:/home/travis/.rvm/rubies/ruby-2.5.3/bin:/home/travis/.rvm/bin:/home/travis/.nvm/versions/node/v7.10.1/bin:./node_modules/.bin:/home/travis/build/icyphy/ptII/bin:/home/travis/pthla/certi-tools/bin:/home/travis/bin:/home/travis/.local/bin:/usr/local/lib/jvm/openjdk11/bin:/opt/pyenv/shims:/home/travis/.phpenv/shims:/home/travis/perl5/perlbrew/bin:/home/travis/gopath/bin:/home/travis/.gimme/versions/go1.11.1.linux.amd64/bin:/usr/local/maven-3.6.0/bin:/usr/local/cmake-3.12.4/bin:/usr/local/clang-7.0.0/bin:/usr/local/sbin:/usr/local/bin:/usr/sbin:/usr/bin:/sbin:/bin:/snap/bin:/home/travis/.phpenv/bin:/opt/pyenv/bin:/home/travis/.yarn/bin" />
    <property name="env.TRAVIS_OS_NAME" value="linux" />
    <property name="ant.java.version" value="9" />
    <property name="basedir" value="/home/travis/build/icyphy/ptII" />
    <property name="java.class.version" value="55.0" />
    <property name="env.SHLVL" value="3" />
    <property name="env.LD_LIBRARY_PATH" value="/home/travis/pthla/certi-tools/lib:/usr/lib/jni:/usr/local/share/OpenCV/java/:/usr/share/OpenCV/java:" />
    <property name="env.RACK_ENV" value="test" />
    <property name="ant.home" value="/home/travis/build/icyphy/ptII/ant" />
    <property name="env.NVM_DIR" value="/home/travis/.nvm" />
    <property name="env.CERTI_FOM_PATH" value="/home/travis/pthla/certi-tools/share/federations" />
    <property name="env.TRAVIS_BUILD_ID" value="629899715" />
    <property name="env.PYENV_ROOT" value="/opt/pyenv" />
    <property name="env.TRAVIS_UID" value="2000" />
    <property name="prism.verbose" value="true" />
    <property name="env.NVM_BIN" value="/home/travis/.nvm/versions/node/v7.10.1/bin" />
    <property name="env.TRAVIS_COMMIT" value="1f87987f0e3e7c0b3e4c2c438cef4d3742e50cee" />
    <property name="env._system_arch" value="x86_64" />
    <property name="node.executable" value="node" />
    <property name="sun.boot.library.path" value="/usr/local/lib/jvm/openjdk11/lib" />
    <property name="sun.management.compiler" value="HotSpot 64-Bit Tiered Compilers" />
    <property name="java.awt.graphicsenv" value="sun.awt.X11GraphicsEnvironment" />
    <property name="env.GOPATH" value="/home/travis/gopath" />
    <property name="ptolemy.ptII.dir" value="/home/travis/build/icyphy/ptII" />
    <property name="env.USER" value="travis" />
    <property name="env.HISTFILESIZE" value="2000" />
    <property name="timeout.longest" value="19000000" />
    <property name="env.PERLBREW_SHELLRC_VERSION" value="0.86" />
    <property name="env.TRAVIS_STACK_FEATURES" value="basic couchdb disabled-ipv6 docker docker-compose elasticsearch firefox go-toolchain google-chrome jdk memcached mongodb mysql nodejs_interpreter perl_interpreter perlbrew phantomjs postgresql python_interpreter redis ruby_interpreter sqlite xserver" />
    <property name="env.TRAVIS_PULL_REQUEST" value="false" />
    <property name="env.PYENV_SHELL" value="bash" />
    <property name="ant.project.name" value="ptII" />
    <property name="env.ANSI_RESET" value="\033[0m" />
    <property name="java.vm.specification.version" value="11" />
    <property name="env.TRAVIS_DIST" value="xenial" />
    <property name="env.CERTI_VERSION" value="4.0.0" />
    <property name="env.CERTI_HOST" value="localhost" />
    <property name="awt.toolkit" value="sun.awt.X11.XToolkit" />
    <property name="env.MY_RUBY_HOME" value="/home/travis/.rvm/rubies/ruby-2.5.3" />
    <property name="sun.cpu.isalist" value="" />
    <property name="env.TRAVIS_TMPDIR" value="/tmp/tmp.NW1cML9Zgu" />
    <property name="java.vm.compressedOopsMode" value="Zero based" />
    <property name="os.version" value="4.15.0-1028-gcp" />
    <property name="user.home" value="/home/travis" />
    <property name="java.vm.vendor" value="Oracle Corporation" />
    <property name="env.TRAVIS_TAG" value="nightly" />
    <property name="env.ANSI_YELLOW" value="\033[33;1m" />
    <property name="env.TRAVIS_FILTERED" value="redirect_io" />
    <property name="env.ANSI_GREEN" value="\033[32;1m" />
    <property name="env.JAVA_HOME" value="/usr/local/lib/jvm/openjdk11" />
    <property name="javadoc.excludepackagenames" value="adm.cvs2svn.*,build.*,config.*,doc.coding.templates.*,jni.test.jni.meaningOfLife.*,jni.test.jni.testDeux.*,jni.test.jni.testTrois.*,org.terraswarm.accessor.accessors.web.node_modules.*,org.terraswarm.accessor.accessors.web.hosts.cordova.demo.*,org.terraswarm.accessor.accessors.web.hosts.cordova.plugins.*,org.terraswarm.accessor.accessors-svn.*,pt-modules.*,ptolemy.apps.agilent.*,ptolemy.apps.anytimecontrol.*,ptolemy.apps.apes.*,ptolemy.apps.charon.*,ptolemy.apps.crazyboard.*,ptolemy.apps.eclipse.*,ptolemy.apps.etherealSting.*,ptolemy.apps.fullscreen.*,ptolemy.apps.giotto.*,ptolemy.apps.ia.*,ptolemy.apps.interfaces.*,ptolemy.apps.jmf.*,ptolemy.apps.kurt.*,ptolemy.apps.kvm.*,ptolemy.apps.lego.*,ptolemy.apps.lejos.*,ptolemy.apps.midp.*,ptolemy.apps.mobileCoding.*,ptolemy.apps.pendulum.*,ptolemy.apps.rijndael.*,ptolemy.apps.robot.*,ptolemy.apps.security.*,ptolemy.apps.sobel.*,ptolemy.apps.soot.*,ptolemy.apps.throttle.*,ptolemy.apps.tini.*,ptolemy.apps.transmission.*,ptolemy.apps.vergil.*,ptolemy.apps.waba.*,ptolemy.apps.websensor.*,ptolemy.apps.webstart.*,ptolemy.apps.xsl.*,ptolemy.apps.zaurus.*,ptolemy.codegen.c.actor.lib.oldJavaFiles.*,ptolemy.codegen.dsp.lib.*,ptolemy.codegen.kernel.newInterfaces.*,ptolemy.codegen.lib.*,ptolemy.copernicus.kernel.fragment.*,ptolemy.copernicus.shallow.cg.*,ptolemy.domains.giotto.demo.Hierarchy.Hierarchy.*,ptolemy.domains.giotto.demo.Multimode.Multimode.*,ptolemy.domains.giotto.demo.Simple.Simple.*,ptolemy.domains.gr.lib.experimental.*,ptolemy.domains.gro.*,ptolemy.domains.pdf.*,ptolemy.domains.ptinyos.demo.Surge.output.*,ptolemy.moml.test.NoPackageActor.java*,ptolemy.plot.adm.*,ptolemy.plot.servlet.*,reports.*,signed.*,src.*,target.*,vendors.*,ptolemy.copernicus.applet.*,ptolemy.media.viewer.*,ptolemy.actor.corba.*,doc.doclets.*,ptolemy.apps.eclipse.awt.*,ptolemy.backtrack.*,ptolemy.backtrack.ast.*,ptolemy.cg.adapter.generic.program.procedural.c.mbed*,ptolemy.homer.*,ptolemy.actor.lib.jai.*,org.ptolemy.scala.*,diva.util.java2d.svg.*,ptolemy.domains.ptinyos.*,ptolemy.actor.lib.fmi.fmipp.*,,org.terraswarm.accessor.accessors.web.node_modules.*,org.terraswarm.accessor.accessors-svn,ptolemy.apps.*,ptolemy.actor.ptalon.demo.ptinyos.SendAndReceiveCnt.output,ptolemy.actor.ptalon.demo.ptinyos.SenseToLeds.output,ptolemy.domains.ptinyos.demo.CntToLedsAndRfm.output,ptolemy.domains.ptinyos.demo.RfmToLeds.output,ptolemy.domains.ptinyos.demo.SendAndReceiveCnt.output,ptolemy.domains.ptinyos.demo.SenseToLeds.output,ptolemy.actor.lib.jjs.modules.udpSocket.*" />
    <property name="env.PTII" value="/home/travis/build/icyphy/ptII" />
    <property name="env.XDG_SESSION_ID" value="2" />
    <property name="keystore" value="ptKeystore" />
    <property name="env.TRAVIS_COMMIT_MESSAGE" value="Restored ptolemy/domains/space/test/auto directory now that we have timeout mechanism. Hopefully, we will now just see test failures when the database is down instead of total failure of the tests." />
    <property name="junit.output.dir" value="/home/travis/build/icyphy/ptII/reports/junit" />
    <property name="npm.return.code" value="0" />
    <property name="user.dir" value="/home/travis/build/icyphy/ptII/ptolemy/domains/de/test" />
    <property name="env.TRAVIS_NODE_VERSION" value="7" />
    <property name="env.TRAVIS_EVENT_TYPE" value="cron" />
    <property name="env.MAIL" value="/var/mail/travis" />
    <property name="env.PERLBREW_ROOT" value="/home/travis/perl5/perlbrew" />
    <property name="env.PWD" value="/home/travis/build/icyphy/ptII" />
    <property name="timeout.npm" value="45000" />
    <property name="env.PT_TRAVIS_TEST_CORE2_XML" value="true" />
    <property name="env.TRAVIS_ARCH" value="amd64" />
    <property name="sun.cpu.endian" value="little" />
    <property name="env.PAGER" value="cat" />
    <property name="env.TRAVIS_BUILD_STAGE_NAME" value="Test" />
    <property name="env.PERLBREW_HOME" value="/home/travis/.perlbrew" />
    <property name="java.vm.version" value="11.0.2+9" />
    <property name="env.RAILS_ENV" value="test" />
    <property name="java.class.path" value="/home/travis/build/icyphy/ptII:/home/travis/build/icyphy/ptII/lib/bsh-2.0b4.jar:/home/travis/build/icyphy/ptII/lib/ptCal.jar:/home/travis/build/icyphy/ptII/lib/java_cup.jar:/home/travis/build/icyphy/ptII/lib/saxon8.jar:/home/travis/build/icyphy/ptII/lib/saxon8-dom.jar:/home/travis/build/icyphy/ptII/lib/chic.jar:/home/travis/build/icyphy/ptII/lib/ptcolt.jar:/home/travis/build/icyphy/ptII/vendors/misc/itext/iText.jar:/home/travis/build/icyphy/ptII/lib/g4ltl.jar:/home/travis/build/icyphy/ptII/lib/StructuralCoder.jar:/home/travis/build/icyphy/ptII/lib/jcerti.jar:/home/travis/build/icyphy/ptII/lib/javax.mail.jar:/home/travis/build/icyphy/ptII/vendors/JMF-2.1.1e/lib/jmf.jar:/home/travis/build/icyphy/ptII/lib/jna-4.0.0-variadic.jar:/home/travis/build/icyphy/ptII/vendors/misc/joystick/Joystick.jar:/home/travis/build/icyphy/ptII/lib/ptjacl.jar:/home/travis/build/icyphy/ptII/lib/jsoup-1.8.2.jar:/home/travis/build/icyphy/ptII/lib/junit-4.8.2.jar:/home/travis/build/icyphy/ptII/lib/JUnitParams-0.4.0.jar:/home/travis/build/icyphy/ptII/ptolemy/actor/lib/excel/jxl.jar:/home/travis/build/icyphy/ptII/lib/jython.jar:/home/travis/build/icyphy/ptII/lib/kieler.jar:/home/travis/build/icyphy/ptII/vendors/opencv/share/OpenCV/java/opencv-341.jar:/home/travis/build/icyphy/ptII/lib/oscP5.jar:/home/travis/build/icyphy/ptII/lib/nrjavaserial-3.11.0.devel.jar:/home/travis/build/icyphy/ptII/vendors/j3d/lib/Linux/j3dcore.jar:/home/travis/build/icyphy/ptII/vendors/j3d/lib/Linux/j3dutils.jar:/home/travis/build/icyphy/ptII/vendors/j3d/lib/Linux/vecmath.jar:/home/travis/build/icyphy/ptII/vendors/jogl/lib/Linux/gluegen-rt-natives-linux-amd64.jar:/home/travis/build/icyphy/ptII/vendors/jogl/lib/Linux/gluegen-rt.jar:/home/travis/build/icyphy/ptII/vendors/jogl/lib/Linux/jogl-all-natives-linux-amd64.jar:/home/travis/build/icyphy/ptII/vendors/jogl/lib/Linux/jogl-all.jar:/home/travis/build/icyphy/ptII/ptolemy/distributed/jini/jar/jini-core.jar:/home/travis/build/icyphy/ptII/ptolemy/distributed/jini/jar/jini-ext.jar:/home/travis/build/icyphy/ptII/ptolemy/distributed/jini/jar/sun-util.jar:/home/travis/build/icyphy/ptII/lib/protobuf-java-2.4.1.jar:/home/travis/build/icyphy/ptII/lib/org.eclipse.paho.client.mqttv3.jar:/home/travis/build/icyphy/ptII/lib/mapss.jar:/home/travis/build/icyphy/ptII/ptolemy/actor/ptalon/antlr/antlr.jar:/home/travis/build/icyphy/ptII/lib/JRI.jar:/home/travis/build/icyphy/ptII/lib/commons-lang-2.6.jar:/home/travis/build/icyphy/ptII/lib/commons-logging-1.1.1.jar:/home/travis/build/icyphy/ptII/lib/sootclasses.jar:/home/travis/build/icyphy/ptII/ptolemy/actor/lib/database/mysql-connector-java-5.1.6-bin.jar:/home/travis/build/icyphy/ptII/vendors/misc/sphinx4/sphinx4-data-5prealpha.jar:/home/travis/build/icyphy/ptII/vendors/misc/sphinx4/sphinx4-core-5prealpha.jar:/home/travis/build/icyphy/ptII/lib/PDFRenderer.jar:/home/travis/build/icyphy/ptII/lib/svgSalamander.jar:/home/travis/build/icyphy/ptII/lib/rsyntaxtextarea-2.6.0-SNAPSHOT.jar:/home/travis/build/icyphy/ptII/lib/hazelcast-3.8.2.jar:/home/travis/build/icyphy/ptII/lib/jackson-annotations-2.9.0.jar:/home/travis/build/icyphy/ptII/lib/jackson-core-2.9.3.jar:/home/travis/build/icyphy/ptII/lib/jackson-databind-2.9.3.jar:/home/travis/build/icyphy/ptII/lib/netty-buffer-4.1.19.Final.jar:/home/travis/build/icyphy/ptII/lib/netty-codec-4.1.19.Final.jar:/home/travis/build/icyphy/ptII/lib/netty-codec-dns-4.1.19.Final.jar:/home/travis/build/icyphy/ptII/lib/netty-codec-http-4.1.19.Final.jar:/home/travis/build/icyphy/ptII/lib/netty-codec-http2-4.1.19.Final.jar:/home/travis/build/icyphy/ptII/lib/netty-common-4.1.19.Final.jar:/home/travis/build/icyphy/ptII/lib/netty-handler-4.1.19.Final.jar:/home/travis/build/icyphy/ptII/lib/netty-resolver-4.1.19.Final.jar:/home/travis/build/icyphy/ptII/lib/netty-resolver-dns-4.1.19.Final.jar:/home/travis/build/icyphy/ptII/lib/netty-transport-4.1.19.Final.jar:/home/travis/build/icyphy/ptII/lib/vertx-codegen-3.5.1.jar:/home/travis/build/icyphy/ptII/lib/vertx-core-3.5.2-SNAPSHOT.jar:/home/travis/build/icyphy/ptII/lib/vertx-hazelcast-3.5.1.jar:/home/travis/build/icyphy/ptII/lib/vertx-lang-js-3.5.1.jar:/home/travis/build/icyphy/ptII/lib/vertx-service-proxy-3.5.1.jar:/home/travis/build/icyphy/ptII/lib/vertx-web-3.5.1.jar:/home/travis/build/icyphy/ptII/lib/slf4j-api-1.7.13.jar:/home/travis/build/icyphy/ptII/lib/slf4j-simple-1.7.13.jar:/home/travis/build/icyphy/ptII/lib/webcam-capture-0.3.12.jar:/home/travis/build/icyphy/ptII/lib/bridj-0.7.0.jar:/home/travis/build/icyphy/ptII/lib/xbjlib-1.1.0.nrjavaserial.jar:/home/travis/build/icyphy/ptII/ptolemy/moml/test:/home/travis/build/icyphy/ptII/ant/lib/ant-launcher.jar:/home/travis/build/icyphy/ptII/ant/lib/ant.jar:/home/travis/build/icyphy/ptII/ant/lib/ant-junit.jar:/home/travis/build/icyphy/ptII/ant/lib/ant-junit4.jar" />
    <property name="ant.library.dir" value="/home/travis/build/icyphy/ptII/ant/lib" />
    <property name="os.arch" value="amd64" />
    <property name="env.CONTINUOUS_INTEGRATION" value="true" />
    <property name="env.TRAVIS_LANGUAGE" value="node_js" />
    <property name="env.TRAVIS_STACK_LANGUAGES" value="__sardonyx__ c c++ clojure cplusplus cpp default generic go groovy java node_js php pure_java python ruby scala" />
    <property name="test.name" value="ptolemy.actor.lib.test.junit.JUnitTclTest" />
    <property name="env.APT_KEY_DONT_WARN_ON_DANGEROUS_USAGE" value="1" />
    <property name="sun.java.launcher" value="SUN_STANDARD" />
    <property name="env.PYTHON_CONFIGURE_OPTS" value="--enable-unicode=ucs4 --with-wide-unicode --enable-shared --enable-ipv6 --enable-loadable-sqlite-extensions --with-computed-gotos" />
    <property name="ant.core.lib" value="/home/travis/build/icyphy/ptII/ant/lib/ant.jar" />
    <property name="java.vm.specification.vendor" value="Oracle Corporation" />
    <property name="env.BCVTB_HOME" value="/home/travis/build/icyphy/ptII/lbnl" />
    <property name="file.separator" value="/" />
    <property name="spotbugs.home" value="/home/travis/build/icyphy/ptII/vendors/spotbugs-3.1.1" />
    <property name="java.runtime.version" value="11.0.2+9" />
    <property name="env.ANSI_CLEAR" value="\033[0K" />
    <property name="javafx.verbose" value="true" />
    <property name="env.HAS_JOSH_K_SEAL_OF_APPROVAL" value="true" />
    <property name="env.XDG_RUNTIME_DIR" value="/run/user/2000" />
    <property name="env.TRAVIS_OSX_IMAGE" value="" />
    <property name="env.TRAVIS_JOB_ID" value="629899724" />
    <property name="env.TRAVIS_BRANCH" value="master" />
    <property name="user.country" value="US" />
    <property name="env.CERTI_HOME_TRAVIS" value="/home/travis/pthla/certi-tools" />
    <property name="env.SHELL" value="/bin/bash" />
    <property name="java.maxmemory.large" value="3200m" />
    <property name="model" value="" />
    <property name="env.CASHER_DIR" value="/home/travis/.casher" />
    <property name="env.NVM_CD_FLAGS" value="" />
    <property name="java.vendor.version" value="18.9" />
    <property name="jshint.executable" value="/home/travis/node_modules/jshint/bin/jshint" />
    <property name="env.JRUBY_OPTS" value=" --client -J-XX:+TieredCompilation -J-XX:TieredStopAtLevel=1 -J-Xss2m -Xcompile.invokedynamic=false" />
    <property name="java.vendor" value="Oracle Corporation" />
    <property name="env.TRAVIS_PRE_CHEF_BOOTSTRAP_TIME" value="2019-03-25T16:16:42" />
    <property name="env.TRAVIS_STACK_JOB_BOARD_REGISTER" value="/.job-board-register.yml" />
    <property name="env.ANSI_RED" value="\033[31;1m" />
    <property name="java.specification.version" value="11" />
    <property name="env.IRBRC" value="/home/travis/.rvm/rubies/ruby-2.5.3/.irbrc" />
    <property name="env.TRAVIS" value="true" />
    <property name="sun.arch.data.model" value="64" />
  </properties>
  <testcase classname="ptolemy.util.test.junit.TclTests" name="[0] /home/travis/build/icyphy/ptII/ptolemy/domains/de/test/DependencyLoop.tcl (RunTclFile)" time="0.982" />
  <testcase classname="ptolemy.util.test.junit.TclTests" name="[1] /home/travis/build/icyphy/ptII/ptolemy/domains/de/test/RunDETestsAsQSS.tcl (RunTclFile)" time="84.187" />
  <testcase classname="ptolemy.util.test.junit.AutoKnownFailedTests" name="[0] /home/travis/build/icyphy/ptII/ptolemy/domains/de/test/auto/knownFailedTests/DESDFClockTest.xml (RunModel)" time="2.035" />
  <testcase classname="ptolemy.util.test.junit.AutoKnownFailedTests" name="[1] /home/travis/build/icyphy/ptII/ptolemy/domains/de/test/auto/knownFailedTests/DirectFeedback.xml (RunModel)" time="0.013" />
  <testcase classname="ptolemy.util.test.junit.AutoKnownFailedTests" name="[2] /home/travis/build/icyphy/ptII/ptolemy/domains/de/test/auto/knownFailedTests/FSMSource.xml (RunModel)" time="0.021" />
  <testcase classname="ptolemy.util.test.junit.AutoKnownFailedTests" name="[3] /home/travis/build/icyphy/ptII/ptolemy/domains/de/test/auto/knownFailedTests/HierarchicalModel.xml (RunModel)" time="0.047" />
  <testcase classname="ptolemy.util.test.junit.AutoKnownFailedTests" name="[4] /home/travis/build/icyphy/ptII/ptolemy/domains/de/test/auto/knownFailedTests/dependencyLoop.xml (RunModel)" time="0.041" />
  <testcase classname="ptolemy.util.test.junit.AutoKnownFailedTests" name="[5] /home/travis/build/icyphy/ptII/ptolemy/domains/de/test/auto/knownFailedTests/dependencyLoop2.xml (RunModel)" time="0.043" />
  <testcase classname="ptolemy.util.test.junit.AutoNameArchTests" name="[0] ThereAreNoAutoArchTests (RunModel)" time="0.002" />
  <testcase classname="ptolemy.util.test.junit.AutoTests" name="[0] /home/travis/build/icyphy/ptII/ptolemy/domains/de/test/auto/ActorDepthCalculation_actorWithoutPorts.xml (RunModel)" time="0.022" />
  <testcase classname="ptolemy.util.test.junit.AutoTests" name="[1] /home/travis/build/icyphy/ptII/ptolemy/domains/de/test/auto/AssemblyLine.xml (RunModel)" time="0.025" />
  <testcase classname="ptolemy.util.test.junit.AutoTests" name="[2] /home/travis/build/icyphy/ptII/ptolemy/domains/de/test/auto/CQBug1.xml (RunModel)" time="0.009" />
  <testcase classname="ptolemy.util.test.junit.AutoTests" name="[3] /home/travis/build/icyphy/ptII/ptolemy/domains/de/test/auto/CancelFireAt.xml (RunModel)" time="0.018" />
  <testcase classname="ptolemy.util.test.junit.AutoTests" name="[4] /home/travis/build/icyphy/ptII/ptolemy/domains/de/test/auto/CausalityAndComposabilityAnalysis.xml (RunModel)" time="0.022" />
  <testcase classname="ptolemy.util.test.junit.AutoTests" name="[5] /home/travis/build/icyphy/ptII/ptolemy/domains/de/test/auto/CausalityInterface1.xml (RunModel)" time="0.018" />
  <testcase classname="ptolemy.util.test.junit.AutoTests" name="[6] /home/travis/build/icyphy/ptII/ptolemy/domains/de/test/auto/CausalityInterface15.xml (RunModel)" time="0.015" />
  <testcase classname="ptolemy.util.test.junit.AutoTests" name="[7] /home/travis/build/icyphy/ptII/ptolemy/domains/de/test/auto/CausalityInterface2.xml (RunModel)" time="0.014" />
  <testcase classname="ptolemy.util.test.junit.AutoTests" name="[8] /home/travis/build/icyphy/ptII/ptolemy/domains/de/test/auto/CausalityInterface3.xml (RunModel)" time="0.014" />
  <testcase classname="ptolemy.util.test.junit.AutoTests" name="[9] /home/travis/build/icyphy/ptII/ptolemy/domains/de/test/auto/ClockDrift.xml (RunModel)" time="0.04" />
  <testcase classname="ptolemy.util.test.junit.AutoTests" name="[10] /home/travis/build/icyphy/ptII/ptolemy/domains/de/test/auto/ClockDriftAndValueChange.xml (RunModel)" time="0.032" />
  <testcase classname="ptolemy.util.test.junit.AutoTests" name="[11] /home/travis/build/icyphy/ptII/ptolemy/domains/de/test/auto/ClockDriftChange.xml (RunModel)" time="0.03" />
  <testcase classname="ptolemy.util.test.junit.AutoTests" name="[12] /home/travis/build/icyphy/ptII/ptolemy/domains/de/test/auto/ComposableCausalityAnalysis.xml (RunModel)" time="0.014" />
  <testcase classname="ptolemy.util.test.junit.AutoTests" name="[13] /home/travis/build/icyphy/ptII/ptolemy/domains/de/test/auto/DEFixedPointLimitation.xml (RunModel)" time="0.008" />
  <testcase classname="ptolemy.util.test.junit.AutoTests" name="[14] /home/travis/build/icyphy/ptII/ptolemy/domains/de/test/auto/DEScheduleTest.xml (RunModel)" time="0.012" />
  <testcase classname="ptolemy.util.test.junit.AutoTests" name="[15] /home/travis/build/icyphy/ptII/ptolemy/domains/de/test/auto/DEinDEwithStartTimes.xml (RunModel)" time="0.016" />
  <testcase classname="ptolemy.util.test.junit.AutoTests" name="[16] /home/travis/build/icyphy/ptII/ptolemy/domains/de/test/auto/DEinDEwithStartTimes2.xml (RunModel)" time="0.016" />
  <testcase classname="ptolemy.util.test.junit.AutoTests" name="[17] /home/travis/build/icyphy/ptII/ptolemy/domains/de/test/auto/DateDemo.xml (RunModel)" time="0.031" />
  <testcase classname="ptolemy.util.test.junit.AutoTests" name="[18] /home/travis/build/icyphy/ptII/ptolemy/domains/de/test/auto/DateToEvent.xml (RunModel)" time="2.04" />
  <testcase classname="ptolemy.util.test.junit.AutoTests" name="[19] /home/travis/build/icyphy/ptII/ptolemy/domains/de/test/auto/DepthTest1.xml (RunModel)" time="0.011" />
  <testcase classname="ptolemy.util.test.junit.AutoTests" name="[20] /home/travis/build/icyphy/ptII/ptolemy/domains/de/test/auto/DepthTest2.xml (RunModel)" time="0.017" />
  <testcase classname="ptolemy.util.test.junit.AutoTests" name="[21] /home/travis/build/icyphy/ptII/ptolemy/domains/de/test/auto/DepthTest3.xml (RunModel)" time="0.015" />
  <testcase classname="ptolemy.util.test.junit.AutoTests" name="[22] /home/travis/build/icyphy/ptII/ptolemy/domains/de/test/auto/DepthTest4.xml (RunModel)" time="0.02" />
  <testcase classname="ptolemy.util.test.junit.AutoTests" name="[23] /home/travis/build/icyphy/ptII/ptolemy/domains/de/test/auto/DepthTest5.xml (RunModel)" time="0.022" />
  <testcase classname="ptolemy.util.test.junit.AutoTests" name="[24] /home/travis/build/icyphy/ptII/ptolemy/domains/de/test/auto/DepthTest6.xml (RunModel)" time="0.012" />
  <testcase classname="ptolemy.util.test.junit.AutoTests" name="[25] /home/travis/build/icyphy/ptII/ptolemy/domains/de/test/auto/DepthTest7.xml (RunModel)" time="0.01" />
  <testcase classname="ptolemy.util.test.junit.AutoTests" name="[26] /home/travis/build/icyphy/ptII/ptolemy/domains/de/test/auto/EventToDate.xml (RunModel)" time="3.033" />
  <testcase classname="ptolemy.util.test.junit.AutoTests" name="[27] /home/travis/build/icyphy/ptII/ptolemy/domains/de/test/auto/FSM1.xml (RunModel)" time="0.032" />
  <testcase classname="ptolemy.util.test.junit.AutoTests" name="[28] /home/travis/build/icyphy/ptII/ptolemy/domains/de/test/auto/FSM7.xml (RunModel)" time="0.051" />
  <testcase classname="ptolemy.util.test.junit.AutoTests" name="[29] /home/travis/build/icyphy/ptII/ptolemy/domains/de/test/auto/Inspection.xml (RunModel)" time="0.039" />
  <testcase classname="ptolemy.util.test.junit.AutoTests" name="[30] /home/travis/build/icyphy/ptII/ptolemy/domains/de/test/auto/Iteration.xml (RunModel)" time="0.027" />
  <testcase classname="ptolemy.util.test.junit.AutoTests" name="[31] /home/travis/build/icyphy/ptII/ptolemy/domains/de/test/auto/LineFault.xml (RunModel)" time="0.539" />
  <testcase classname="ptolemy.util.test.junit.AutoTests" name="[32] /home/travis/build/icyphy/ptII/ptolemy/domains/de/test/auto/MergeModel1Add.xml (RunModel)" time="0.058" />
  <testcase classname="ptolemy.util.test.junit.AutoTests" name="[33] /home/travis/build/icyphy/ptII/ptolemy/domains/de/test/auto/MergeModel2Add.xml (RunModel)" time="0.038" />
  <testcase classname="ptolemy.util.test.junit.AutoTests" name="[34] /home/travis/build/icyphy/ptII/ptolemy/domains/de/test/auto/MergeModel3Add.xml (RunModel)" time="0.05" />
  <testcase classname="ptolemy.util.test.junit.AutoTests" name="[35] /home/travis/build/icyphy/ptII/ptolemy/domains/de/test/auto/MergeWithoutDiscard.xml (RunModel)" time="0.012" />
  <testcase classname="ptolemy.util.test.junit.AutoTests" name="[36] /home/travis/build/icyphy/ptII/ptolemy/domains/de/test/auto/Modal1.xml (RunModel)" time="0.029" />
  <testcase classname="ptolemy.util.test.junit.AutoTests" name="[37] /home/travis/build/icyphy/ptII/ptolemy/domains/de/test/auto/Modal2.xml (RunModel)" time="0.031" />
  <testcase classname="ptolemy.util.test.junit.AutoTests" name="[38] /home/travis/build/icyphy/ptII/ptolemy/domains/de/test/auto/Modal3.xml (RunModel)" time="0.028" />
  <testcase classname="ptolemy.util.test.junit.AutoTests" name="[39] /home/travis/build/icyphy/ptII/ptolemy/domains/de/test/auto/Modal4.xml (RunModel)" time="0.033" />
  <testcase classname="ptolemy.util.test.junit.AutoTests" name="[40] /home/travis/build/icyphy/ptII/ptolemy/domains/de/test/auto/Modal5.xml (RunModel)" time="0.032" />
  <testcase classname="ptolemy.util.test.junit.AutoTests" name="[41] /home/travis/build/icyphy/ptII/ptolemy/domains/de/test/auto/Modal6.xml (RunModel)" time="0.029" />
  <testcase classname="ptolemy.util.test.junit.AutoTests" name="[42] /home/travis/build/icyphy/ptII/ptolemy/domains/de/test/auto/Modal7.xml (RunModel)" time="0.036" />
  <testcase classname="ptolemy.util.test.junit.AutoTests" name="[43] /home/travis/build/icyphy/ptII/ptolemy/domains/de/test/auto/ModalModel.xml (RunModel)" time="0.17" />
  <testcase classname="ptolemy.util.test.junit.AutoTests" name="[44] /home/travis/build/icyphy/ptII/ptolemy/domains/de/test/auto/ModalSource.xml (RunModel)" time="0.023" />
  <testcase classname="ptolemy.util.test.junit.AutoTests" name="[45] /home/travis/build/icyphy/ptII/ptolemy/domains/de/test/auto/NonInterruptibleTimerZeroDelay.xml (RunModel)" time="0.015" />
  <testcase classname="ptolemy.util.test.junit.AutoTests" name="[46] /home/travis/build/icyphy/ptII/ptolemy/domains/de/test/auto/OpenQueueingNetwork.xml (RunModel)" time="2.222" />
  <testcase classname="ptolemy.util.test.junit.AutoTests" name="[47] /home/travis/build/icyphy/ptII/ptolemy/domains/de/test/auto/OpenQueuingNetwork.xml (RunModel)" time="0.304" />
  <testcase classname="ptolemy.util.test.junit.AutoTests" name="[48] /home/travis/build/icyphy/ptII/ptolemy/domains/de/test/auto/PeriodicSampler.xml (RunModel)" time="0.009" />
  <testcase classname="ptolemy.util.test.junit.AutoTests" name="[49] /home/travis/build/icyphy/ptII/ptolemy/domains/de/test/auto/PersistentIO.xml (RunModel)" time="0.03" />
  <testcase classname="ptolemy.util.test.junit.AutoTests" name="[50] /home/travis/build/icyphy/ptII/ptolemy/domains/de/test/auto/PortParameterResetOnInitialize.xml (RunModel)" time="0.008" />
  <testcase classname="ptolemy.util.test.junit.AutoTests" name="[51] /home/travis/build/icyphy/ptII/ptolemy/domains/de/test/auto/PortParameterUpdates.xml (RunModel)" time="0.013" />
  <testcase classname="ptolemy.util.test.junit.AutoTests" name="[52] /home/travis/build/icyphy/ptII/ptolemy/domains/de/test/auto/QueueAndServer.xml (RunModel)" time="0.018" />
  <testcase classname="ptolemy.util.test.junit.AutoTests" name="[53] /home/travis/build/icyphy/ptII/ptolemy/domains/de/test/auto/Records.xml (RunModel)" time="0.013" />
  <testcase classname="ptolemy.util.test.junit.AutoTests" name="[54] /home/travis/build/icyphy/ptII/ptolemy/domains/de/test/auto/ResetTransitionWithStartTime1.xml (RunModel)" time="0.018" />
  <testcase classname="ptolemy.util.test.junit.AutoTests" name="[55] /home/travis/build/icyphy/ptII/ptolemy/domains/de/test/auto/ResetTransitionWithStartTime2.xml (RunModel)" time="0.017" />
  <testcase classname="ptolemy.util.test.junit.AutoTests" name="[56] /home/travis/build/icyphy/ptII/ptolemy/domains/de/test/auto/ResetTransitionWithStartTime3.xml (RunModel)" time="0.017" />
  <testcase classname="ptolemy.util.test.junit.AutoTests" name="[57] /home/travis/build/icyphy/ptII/ptolemy/domains/de/test/auto/ResetTransitionWithStartTime4.xml (RunModel)" time="0.017" />
  <testcase classname="ptolemy.util.test.junit.AutoTests" name="[58] /home/travis/build/icyphy/ptII/ptolemy/domains/de/test/auto/ResettableTimer1.xml (RunModel)" time="0.009" />
  <testcase classname="ptolemy.util.test.junit.AutoTests" name="[59] /home/travis/build/icyphy/ptII/ptolemy/domains/de/test/auto/ResettableTimer2.xml (RunModel)" time="0.009" />
  <testcase classname="ptolemy.util.test.junit.AutoTests" name="[60] /home/travis/build/icyphy/ptII/ptolemy/domains/de/test/auto/ResettableTimer3.xml (RunModel)" time="0.008" />
  <testcase classname="ptolemy.util.test.junit.AutoTests" name="[61] /home/travis/build/icyphy/ptII/ptolemy/domains/de/test/auto/ResettableTimer4.xml (RunModel)" time="0.009" />
  <testcase classname="ptolemy.util.test.junit.AutoTests" name="[62] /home/travis/build/icyphy/ptII/ptolemy/domains/de/test/auto/ResettableTimer5.xml (RunModel)" time="0.01" />
  <testcase classname="ptolemy.util.test.junit.AutoTests" name="[63] /home/travis/build/icyphy/ptII/ptolemy/domains/de/test/auto/ResettableTimer6.xml (RunModel)" time="0.015" />
  <testcase classname="ptolemy.util.test.junit.AutoTests" name="[64] /home/travis/build/icyphy/ptII/ptolemy/domains/de/test/auto/ServerZeroDelay.xml (RunModel)" time="0.01" />
  <testcase classname="ptolemy.util.test.junit.AutoTests" name="[65] /home/travis/build/icyphy/ptII/ptolemy/domains/de/test/auto/SmartSender.xml (RunModel)" time="3.01" />
  <testcase classname="ptolemy.util.test.junit.AutoTests" name="[66] /home/travis/build/icyphy/ptII/ptolemy/domains/de/test/auto/ThreadedComposite.xml (RunModel)" time="0.111" />
  <testcase classname="ptolemy.util.test.junit.AutoTests" name="[67] /home/travis/build/icyphy/ptII/ptolemy/domains/de/test/auto/Time.xml (RunModel)" time="0.328" />
  <testcase classname="ptolemy.util.test.junit.AutoTests" name="[68] /home/travis/build/icyphy/ptII/ptolemy/domains/de/test/auto/TimeDelayZeroDelay.xml (RunModel)" time="0.013" />
  <testcase classname="ptolemy.util.test.junit.AutoTests" name="[69] /home/travis/build/icyphy/ptII/ptolemy/domains/de/test/auto/TimerZeroDelay.xml (RunModel)" time="0.009" />
  <testcase classname="ptolemy.util.test.junit.AutoTests" name="[70] /home/travis/build/icyphy/ptII/ptolemy/domains/de/test/auto/TimingParadox.xml (RunModel)" time="0.292" />
  <testcase classname="ptolemy.util.test.junit.AutoTests" name="[71] /home/travis/build/icyphy/ptII/ptolemy/domains/de/test/auto/TransferInputs.xml (RunModel)" time="0.021" />
  <testcase classname="ptolemy.util.test.junit.AutoTests" name="[72] /home/travis/build/icyphy/ptII/ptolemy/domains/de/test/auto/TransferOutputs2.xml (RunModel)" time="0.014" />
  <testcase classname="ptolemy.util.test.junit.AutoTests" name="[73] /home/travis/build/icyphy/ptII/ptolemy/domains/de/test/auto/Trilateration.xml (RunModel)" time="10.432" />
  <testcase classname="ptolemy.util.test.junit.AutoTests" name="[74] /home/travis/build/icyphy/ptII/ptolemy/domains/de/test/auto/TwoSigmaDelta.xml (RunModel)" time="1.663" />
  <testcase classname="ptolemy.util.test.junit.AutoTests" name="[75] /home/travis/build/icyphy/ptII/ptolemy/domains/de/test/auto/VariableDelay.xml (RunModel)" time="0.009" />
  <testcase classname="ptolemy.util.test.junit.AutoTests" name="[76] /home/travis/build/icyphy/ptII/ptolemy/domains/de/test/auto/VariableDelay2.xml (RunModel)" time="0.013" />
  <testcase classname="ptolemy.util.test.junit.AutoTests" name="[77] /home/travis/build/icyphy/ptII/ptolemy/domains/de/test/auto/VariableDelayZeroDelay.xml (RunModel)" time="0.013" />
  <testcase classname="ptolemy.util.test.junit.AutoTests" name="[78] /home/travis/build/icyphy/ptII/ptolemy/domains/de/test/auto/VariableDelayZeroDelay2.xml (RunModel)" time="0.02" />
  <testcase classname="ptolemy.util.test.junit.AutoTests" name="[79] /home/travis/build/icyphy/ptII/ptolemy/domains/de/test/auto/deInCt.xml (RunModel)" time="0.016" />
  <testcase classname="ptolemy.util.test.junit.AutoTests" name="[80] /home/travis/build/icyphy/ptII/ptolemy/domains/de/test/auto/deInCt2.xml (RunModel)" time="0.013" />
  <testcase classname="ptolemy.util.test.junit.AutoTests" name="[81] /home/travis/build/icyphy/ptII/ptolemy/domains/de/test/auto/dynamicCausalityInterface1.xml (RunModel)" time="0.015" />
  <testcase classname="ptolemy.util.test.junit.AutoTests" name="[82] /home/travis/build/icyphy/ptII/ptolemy/domains/de/test/auto/fsm_de_test.xml (RunModel)" time="0.022" />
  <testcase classname="ptolemy.util.test.junit.AutoTests" name="[83] /home/travis/build/icyphy/ptII/ptolemy/domains/de/test/auto/functionDependencyReconstruction.xml (RunModel)" time="0.034" />
  <testcase classname="ptolemy.util.test.junit.AutoTests" name="[84] /home/travis/build/icyphy/ptII/ptolemy/domains/de/test/auto/multirate.xml (RunModel)" time="0.014" />
  <testcase classname="ptolemy.util.test.junit.AutoTests" name="[85] /home/travis/build/icyphy/ptII/ptolemy/domains/de/test/auto/multirate2.xml (RunModel)" time="0.014" />
  <testcase classname="ptolemy.util.test.junit.AutoTests" name="[86] /home/travis/build/icyphy/ptII/ptolemy/domains/de/test/auto/realtime.xml (RunModel)" time="10.009" />
  <testcase classname="ptolemy.util.test.junit.AutoTests" name="[87] /home/travis/build/icyphy/ptII/ptolemy/domains/de/test/auto/relationGroup.xml (RunModel)" time="0.019" />
  <testcase classname="ptolemy.util.test.junit.AutoTests" name="[88] /home/travis/build/icyphy/ptII/ptolemy/domains/de/test/auto/relationGroup2.xml (RunModel)" time="0.008" />
  <testcase classname="ptolemy.util.test.junit.AutoTests" name="[89] /home/travis/build/icyphy/ptII/ptolemy/domains/de/test/auto/sortWithOpaquePorts.xml (RunModel)" time="0.008" />
  <testcase classname="ptolemy.util.test.junit.AutoTests" name="[90] /home/travis/build/icyphy/ptII/ptolemy/domains/de/test/auto/transferInputsandOutputs.xml (RunModel)" time="0.012" />
  <testcase classname="ptolemy.util.test.junit.AutoTests" name="[91] /home/travis/build/icyphy/ptII/ptolemy/domains/de/test/auto/triggerType.xml (RunModel)" time="0.012" />
  <system-out><![CDATA[/home/travis/build/icyphy/ptII/ptolemy/domains/de/test/DependencyLoop.tcl
testDefs.tcl: setting time out to 9000 seconds at Fri Dec 27 06:31:28 UTC 2019
73 ms. Memory: 129024K Free: 80326K (62%)
38 ms. Memory: 129024K Free: 62903K (49%)
/home/travis/build/icyphy/ptII/ptolemy/domains/de/test/RunDETestsAsQSS.tcl
Run the DE tests using ptolemy.domains.qss.test.QSSDirectorTest, which extends QSSDirector and prints a message in the constructors.
------------------ testing $PTII/ptolemy/domains/de/test/auto/knownFailedTests/DirectFeedback.xml (Known Failure) 
40 ms. Memory: 129024K Free: 56774K (44%)


==== $PTIIhome/travis/build/icyphy/ptII/ptolemy/domains/de/test/../../../../: Auto Automatic test in file $PTII/ptolemy/domains/de/test/auto/knownFailedTests/DirectFeedback.xml
==== Contents of test case:

	    # FIXME: we should use $relativeFilename here, but it
	    # might have backslashes under Windows, which causes no end
	    # of trouble.
	    createAndExecute $file
	    list {}
	
.... Test generated KNOWN error:
    while executing
ptolemy.kernel.util.IllegalActionException: Test fails in iteration 1.
Value was: 1.0. Should have been: 2.0
  in .DirectFeedback.Test
	at ptolemy.actor.lib.Test.fire(Test.java:268)
	at ptolemy.domains.de.kernel.DEDirector._fire(DEDirector.java:1949)
	at ptolemy.domains.de.kernel.DEDirector.fire(DEDirector.java:502)
	at ptolemy.actor.CompositeActor.fire(CompositeActor.java:455)
	at ptolemy.actor.Manager.iterate(Manager.java:851)
	at ptolemy.actor.Manager.execute(Manager.java:369)
	at ptolemy.actor.Manager.run(Manager.java:1263)
	at ptolemy.actor.Manager$PtolemyRunThread.run(Manager.java:1933)

    while executing
ptolemy.kernel.util.IllegalActionException: Test fails in iteration 1.
Value was: 1.0. Should have been: 2.0
  in .DirectFeedback.Test
    while executing
"java::new ptolemy.moml.MoMLSimpleApplication $file
"
    (procedure "createAndExecute" line 2)
    invoked from within
"createAndExecute $file"
    ("uplevel" body line 5)
    invoked from within
"uplevel $contents_of_test"
------------------ testing $PTII/ptolemy/domains/de/test/auto/knownFailedTests/dependencyLoop.xml (Known Failure) 
18 ms. Memory: 129024K Free: 53702K (42%)


==== $PTIIhome/travis/build/icyphy/ptII/ptolemy/domains/de/test/../../../../: Auto Automatic test in file $PTII/ptolemy/domains/de/test/auto/knownFailedTests/dependencyLoop.xml
==== Contents of test case:

	    # FIXME: we should use $relativeFilename here, but it
	    # might have backslashes under Windows, which causes no end
	    # of trouble.
	    createAndExecute $file
	    list {}
	
.... Test generated KNOWN error:
    while executing
ptolemy.kernel.util.IllegalActionException: Found a zero delay loop containing .dependencyLoop.original
  in .dependencyLoop and .dependencyLoop.original
	at ptolemy.actor.util.CausalityInterfaceForComposites._computeOutputPortDepth(CausalityInterfaceForComposites.java:759)
	at ptolemy.actor.util.CausalityInterfaceForComposites._computeInputDepth(CausalityInterfaceForComposites.java:696)
	at ptolemy.actor.util.CausalityInterfaceForComposites._computeOutputPortDepth(CausalityInterfaceForComposites.java:765)
	at ptolemy.actor.util.CausalityInterfaceForComposites._computeInputDepth(CausalityInterfaceForComposites.java:696)
	at ptolemy.actor.util.CausalityInterfaceForComposites._computeOutputPortDepth(CausalityInterfaceForComposites.java:765)
	at ptolemy.actor.util.CausalityInterfaceForComposites._computeInputDepth(CausalityInterfaceForComposites.java:696)
	at ptolemy.actor.util.CausalityInterfaceForComposites._computeActorDepth(CausalityInterfaceForComposites.java:532)
	at ptolemy.actor.util.CausalityInterfaceForComposites.checkForCycles(CausalityInterfaceForComposites.java:96)
	at ptolemy.domains.de.kernel.DEDirector.preinitialize(DEDirector.java:1338)
	at ptolemy.actor.CompositeActor.preinitialize(CompositeActor.java:1828)
	at ptolemy.actor.Manager.preinitializeAndResolveTypes(Manager.java:1040)
	at ptolemy.actor.Manager.initialize(Manager.java:710)
	at ptolemy.actor.Manager.execute(Manager.java:356)
	at ptolemy.actor.Manager.run(Manager.java:1263)
	at ptolemy.actor.Manager$PtolemyRunThread.run(Manager.java:1933)

    while executing
ptolemy.kernel.util.IllegalActionException: Found a zero delay loop containing .dependencyLoop.original
  in .dependencyLoop and .dependencyLoop.original
    while executing
"java::new ptolemy.moml.MoMLSimpleApplication $file
"
    (procedure "createAndExecute" line 2)
    invoked from within
"createAndExecute $file"
    ("uplevel" body line 5)
    invoked from within
"uplevel $contents_of_test"
------------------ testing $PTII/ptolemy/domains/de/test/auto/knownFailedTests/FSMSource.xml (Known Failure) 
85 ms. Memory: 129024K Free: 111465K (86%)
!!!! Auto was marked as failing, but now passes
------------------ testing $PTII/ptolemy/domains/de/test/auto/knownFailedTests/HierarchicalModel.xml (Known Failure) 
5 ms. Memory: 129024K Free: 94115K (73%)


==== $PTIIhome/travis/build/icyphy/ptII/ptolemy/domains/de/test/../../../../: Auto Automatic test in file $PTII/ptolemy/domains/de/test/auto/knownFailedTests/HierarchicalModel.xml
==== Contents of test case:

	    # FIXME: we should use $relativeFilename here, but it
	    # might have backslashes under Windows, which causes no end
	    # of trouble.
	    createAndExecute $file
	    list {}
	
.... Test generated KNOWN error:
    while executing
ptolemy.kernel.util.IllegalActionException: Found a zero delay loop containing .HierarchicalModel.A
  in .HierarchicalModel and .HierarchicalModel.A
	at ptolemy.actor.util.CausalityInterfaceForComposites._computeOutputPortDepth(CausalityInterfaceForComposites.java:759)
	at ptolemy.actor.util.CausalityInterfaceForComposites._computeInputDepth(CausalityInterfaceForComposites.java:696)
	at ptolemy.actor.util.CausalityInterfaceForComposites._computeOutputPortDepth(CausalityInterfaceForComposites.java:765)
	at ptolemy.actor.util.CausalityInterfaceForComposites._computeInputDepth(CausalityInterfaceForComposites.java:696)
	at ptolemy.actor.util.CausalityInterfaceForComposites._computeOutputPortDepth(CausalityInterfaceForComposites.java:765)
	at ptolemy.actor.util.CausalityInterfaceForComposites._computeInputDepth(CausalityInterfaceForComposites.java:696)
	at ptolemy.actor.util.CausalityInterfaceForComposites._computeActorDepth(CausalityInterfaceForComposites.java:532)
	at ptolemy.actor.util.CausalityInterfaceForComposites.checkForCycles(CausalityInterfaceForComposites.java:96)
	at ptolemy.domains.de.kernel.DEDirector.preinitialize(DEDirector.java:1338)
	at ptolemy.actor.CompositeActor.preinitialize(CompositeActor.java:1828)
	at ptolemy.actor.Manager.preinitializeAndResolveTypes(Manager.java:1040)
	at ptolemy.actor.Manager.initialize(Manager.java:710)
	at ptolemy.actor.Manager.execute(Manager.java:356)
	at ptolemy.actor.Manager.run(Manager.java:1263)
	at ptolemy.actor.Manager$PtolemyRunThread.run(Manager.java:1933)

    while executing
ptolemy.kernel.util.IllegalActionException: Found a zero delay loop containing .HierarchicalModel.A
  in .HierarchicalModel and .HierarchicalModel.A
    while executing
"java::new ptolemy.moml.MoMLSimpleApplication $file
"
    (procedure "createAndExecute" line 2)
    invoked from within
"createAndExecute $file"
    ("uplevel" body line 5)
    invoked from within
"uplevel $contents_of_test"
------------------ testing $PTII/ptolemy/domains/de/test/auto/knownFailedTests/dependencyLoop2.xml (Known Failure) 
8 ms. Memory: 129024K Free: 77715K (60%)


==== $PTIIhome/travis/build/icyphy/ptII/ptolemy/domains/de/test/../../../../: Auto Automatic test in file $PTII/ptolemy/domains/de/test/auto/knownFailedTests/dependencyLoop2.xml
==== Contents of test case:

	    # FIXME: we should use $relativeFilename here, but it
	    # might have backslashes under Windows, which causes no end
	    # of trouble.
	    createAndExecute $file
	    list {}
	
.... Test generated KNOWN error:
    while executing
ptolemy.kernel.util.IllegalActionException: Found a zero delay loop containing .dependencyLoop2.original
  in .dependencyLoop2 and .dependencyLoop2.original
	at ptolemy.actor.util.CausalityInterfaceForComposites._computeOutputPortDepth(CausalityInterfaceForComposites.java:759)
	at ptolemy.actor.util.CausalityInterfaceForComposites._computeInputDepth(CausalityInterfaceForComposites.java:696)
	at ptolemy.actor.util.CausalityInterfaceForComposites._computeOutputPortDepth(CausalityInterfaceForComposites.java:765)
	at ptolemy.actor.util.CausalityInterfaceForComposites._computeInputDepth(CausalityInterfaceForComposites.java:696)
	at ptolemy.actor.util.CausalityInterfaceForComposites._computeOutputPortDepth(CausalityInterfaceForComposites.java:765)
	at ptolemy.actor.util.CausalityInterfaceForComposites._computeInputDepth(CausalityInterfaceForComposites.java:696)
	at ptolemy.actor.util.CausalityInterfaceForComposites._computeActorDepth(CausalityInterfaceForComposites.java:532)
	at ptolemy.actor.util.CausalityInterfaceForComposites.checkForCycles(CausalityInterfaceForComposites.java:96)
	at ptolemy.domains.de.kernel.DEDirector.preinitialize(DEDirector.java:1338)
	at ptolemy.actor.CompositeActor.preinitialize(CompositeActor.java:1828)
	at ptolemy.actor.Manager.preinitializeAndResolveTypes(Manager.java:1040)
	at ptolemy.actor.Manager.initialize(Manager.java:710)
	at ptolemy.actor.Manager.execute(Manager.java:356)
	at ptolemy.actor.Manager.run(Manager.java:1263)
	at ptolemy.actor.Manager$PtolemyRunThread.run(Manager.java:1933)

    while executing
ptolemy.kernel.util.IllegalActionException: Found a zero delay loop containing .dependencyLoop2.original
  in .dependencyLoop2 and .dependencyLoop2.original
    while executing
"java::new ptolemy.moml.MoMLSimpleApplication $file
"
    (procedure "createAndExecute" line 2)
    invoked from within
"createAndExecute $file"
    ("uplevel" body line 5)
    invoked from within
"uplevel $contents_of_test"
------------------ testing $PTII/ptolemy/domains/de/test/auto/knownFailedTests/DESDFClockTest.xml (Known Failure) 
2049 ms. Memory: 129024K Free: 107861K (84%)


==== $PTIIhome/travis/build/icyphy/ptII/ptolemy/domains/de/test/../../../../: Auto Automatic test in file $PTII/ptolemy/domains/de/test/auto/knownFailedTests/DESDFClockTest.xml
==== Contents of test case:

	    # FIXME: we should use $relativeFilename here, but it
	    # might have backslashes under Windows, which causes no end
	    # of trouble.
	    createAndExecute $file
	    list {}
	
.... Test generated KNOWN error:
    while executing
ptolemy.kernel.util.IllegalActionException: Actor is not ready to fire.  Perhaps UpSample.prefire() returned false? Try debugging the actor by selecting "Listen to Actor".  Also, for SDF check moml for tokenConsumptionRate on input.
  in .DESDFClockTest.Play Bell.Copy1:SDF Director and .DESDFClockTest.Play Bell.UpSample
	at ptolemy.actor.sched.StaticSchedulingDirector.fire(StaticSchedulingDirector.java:227)
	at ptolemy.domains.sdf.kernel.SDFDirector.fire(SDFDirector.java:500)
	at ptolemy.actor.CompositeActor.fire(CompositeActor.java:455)
	at ptolemy.domains.de.kernel.DEDirector._fire(DEDirector.java:1949)
	at ptolemy.domains.de.kernel.DEDirector.fire(DEDirector.java:502)
	at ptolemy.actor.CompositeActor.fire(CompositeActor.java:455)
	at ptolemy.actor.Manager.iterate(Manager.java:851)
	at ptolemy.actor.Manager.execute(Manager.java:369)
	at ptolemy.actor.Manager.run(Manager.java:1263)
	at ptolemy.actor.Manager$PtolemyRunThread.run(Manager.java:1933)

    while executing
ptolemy.kernel.util.IllegalActionException: Actor is not ready to fire.  Perhaps UpSample.prefire() returned false? Try debugging the actor by selecting "Listen to Actor".  Also, for SDF check moml for tokenConsumptionRate on input.
  in .DESDFClockTest.Play Bell.Copy1:SDF Director and .DESDFClockTest.Play Bell.UpSample
    while executing
"java::new ptolemy.moml.MoMLSimpleApplication $file
"
    (procedure "createAndExecute" line 2)
    invoked from within
"createAndExecute $file"
    ("uplevel" body line 5)
    invoked from within
"uplevel $contents_of_test"
------------------ testing $PTII/ptolemy/domains/de/test/auto/ActorDepthCalculation_actorWithoutPorts.xml
auto.tcl: Setting watchdog for 200 seconds at Fri Dec 27 06:31:32 UTC 2019
11 ms. Memory: 129024K Free: 100182K (78%)
ptolemy.util.test.WatchDog.cancel(): canceling Fri Dec 27 06:31:32 UTC 2019
auto.tcl: Setting watchdog for 200 seconds at Fri Dec 27 06:31:32 UTC 2019
5 ms. Memory: 129024K Free: 98616K (76%)
ptolemy.util.test.WatchDog.cancel(): canceling Fri Dec 27 06:31:32 UTC 2019
------------------ testing $PTII/ptolemy/domains/de/test/auto/AssemblyLine.xml
auto.tcl: Setting watchdog for 200 seconds at Fri Dec 27 06:31:32 UTC 2019
28 ms. Memory: 48128K Free: 25516K (53%)
ptolemy.util.test.WatchDog.cancel(): canceling Fri Dec 27 06:31:33 UTC 2019
auto.tcl: Setting watchdog for 200 seconds at Fri Dec 27 06:31:33 UTC 2019
7 ms. Memory: 48128K Free: 24740K (51%)
ptolemy.util.test.WatchDog.cancel(): canceling Fri Dec 27 06:31:33 UTC 2019
------------------ testing $PTII/ptolemy/domains/de/test/auto/CQBug1.xml
auto.tcl: Setting watchdog for 200 seconds at Fri Dec 27 06:31:33 UTC 2019
11 ms. Memory: 48128K Free: 31584K (66%)
ptolemy.util.test.WatchDog.cancel(): canceling Fri Dec 27 06:31:33 UTC 2019
auto.tcl: Setting watchdog for 200 seconds at Fri Dec 27 06:31:33 UTC 2019
3 ms. Memory: 48128K Free: 31144K (65%)
ptolemy.util.test.WatchDog.cancel(): canceling Fri Dec 27 06:31:33 UTC 2019
------------------ testing $PTII/ptolemy/domains/de/test/auto/CancelFireAt.xml
auto.tcl: Setting watchdog for 200 seconds at Fri Dec 27 06:31:33 UTC 2019
3 ms. Memory: 45056K Free: 29655K (66%)
ptolemy.util.test.WatchDog.cancel(): canceling Fri Dec 27 06:31:33 UTC 2019
auto.tcl: Setting watchdog for 200 seconds at Fri Dec 27 06:31:33 UTC 2019
2 ms. Memory: 45056K Free: 29251K (65%)
ptolemy.util.test.WatchDog.cancel(): canceling Fri Dec 27 06:31:33 UTC 2019
------------------ testing $PTII/ptolemy/domains/de/test/auto/CausalityAndComposabilityAnalysis.xml
auto.tcl: Setting watchdog for 200 seconds at Fri Dec 27 06:31:33 UTC 2019
15 ms. Memory: 45056K Free: 27443K (61%)
ptolemy.util.test.WatchDog.cancel(): canceling Fri Dec 27 06:31:33 UTC 2019
auto.tcl: Setting watchdog for 200 seconds at Fri Dec 27 06:31:33 UTC 2019
5 ms. Memory: 45056K Free: 27031K (60%)
ptolemy.util.test.WatchDog.cancel(): canceling Fri Dec 27 06:31:33 UTC 2019
------------------ testing $PTII/ptolemy/domains/de/test/auto/CausalityInterface1.xml
auto.tcl: Setting watchdog for 200 seconds at Fri Dec 27 06:31:33 UTC 2019
29 ms. Memory: 45056K Free: 26286K (58%)
ptolemy.util.test.WatchDog.cancel(): canceling Fri Dec 27 06:31:33 UTC 2019
auto.tcl: Setting watchdog for 200 seconds at Fri Dec 27 06:31:33 UTC 2019
3 ms. Memory: 45056K Free: 25383K (56%)
ptolemy.util.test.WatchDog.cancel(): canceling Fri Dec 27 06:31:33 UTC 2019
------------------ testing $PTII/ptolemy/domains/de/test/auto/CausalityInterface15.xml
auto.tcl: Setting watchdog for 200 seconds at Fri Dec 27 06:31:33 UTC 2019
11 ms. Memory: 45056K Free: 25997K (58%)
ptolemy.util.test.WatchDog.cancel(): canceling Fri Dec 27 06:31:33 UTC 2019
auto.tcl: Setting watchdog for 200 seconds at Fri Dec 27 06:31:33 UTC 2019
3 ms. Memory: 45056K Free: 25341K (56%)
ptolemy.util.test.WatchDog.cancel(): canceling Fri Dec 27 06:31:33 UTC 2019
------------------ testing $PTII/ptolemy/domains/de/test/auto/CausalityInterface2.xml
auto.tcl: Setting watchdog for 200 seconds at Fri Dec 27 06:31:33 UTC 2019
6 ms. Memory: 45056K Free: 27099K (60%)
ptolemy.util.test.WatchDog.cancel(): canceling Fri Dec 27 06:31:33 UTC 2019
auto.tcl: Setting watchdog for 200 seconds at Fri Dec 27 06:31:33 UTC 2019
3 ms. Memory: 45056K Free: 26377K (59%)
ptolemy.util.test.WatchDog.cancel(): canceling Fri Dec 27 06:31:33 UTC 2019
------------------ testing $PTII/ptolemy/domains/de/test/auto/CausalityInterface3.xml
auto.tcl: Setting watchdog for 200 seconds at Fri Dec 27 06:31:33 UTC 2019
11 ms. Memory: 45056K Free: 26318K (58%)
ptolemy.util.test.WatchDog.cancel(): canceling Fri Dec 27 06:31:33 UTC 2019
auto.tcl: Setting watchdog for 200 seconds at Fri Dec 27 06:31:33 UTC 2019
3 ms. Memory: 45056K Free: 25756K (57%)
ptolemy.util.test.WatchDog.cancel(): canceling Fri Dec 27 06:31:33 UTC 2019
------------------ testing $PTII/ptolemy/domains/de/test/auto/ClockDrift.xml
auto.tcl: Setting watchdog for 200 seconds at Fri Dec 27 06:31:33 UTC 2019
71 ms. Memory: 45056K Free: 19168K (43%)
ptolemy.util.test.WatchDog.cancel(): canceling Fri Dec 27 06:31:33 UTC 2019
auto.tcl: Setting watchdog for 200 seconds at Fri Dec 27 06:31:33 UTC 2019
42 ms. Memory: 45056K Free: 16149K (36%)
ptolemy.util.test.WatchDog.cancel(): canceling Fri Dec 27 06:31:33 UTC 2019
------------------ testing $PTII/ptolemy/domains/de/test/auto/ClockDriftAndValueChange.xml
auto.tcl: Setting watchdog for 200 seconds at Fri Dec 27 06:31:34 UTC 2019
38 ms. Memory: 45056K Free: 19229K (43%)
ptolemy.util.test.WatchDog.cancel(): canceling Fri Dec 27 06:31:34 UTC 2019
auto.tcl: Setting watchdog for 200 seconds at Fri Dec 27 06:31:34 UTC 2019
28 ms. Memory: 45056K Free: 16374K (36%)
ptolemy.util.test.WatchDog.cancel(): canceling Fri Dec 27 06:31:34 UTC 2019
------------------ testing $PTII/ptolemy/domains/de/test/auto/ClockDriftChange.xml
auto.tcl: Setting watchdog for 200 seconds at Fri Dec 27 06:31:34 UTC 2019
22 ms. Memory: 45056K Free: 21274K (47%)
ptolemy.util.test.WatchDog.cancel(): canceling Fri Dec 27 06:31:34 UTC 2019
auto.tcl: Setting watchdog for 200 seconds at Fri Dec 27 06:31:34 UTC 2019
23 ms. Memory: 45056K Free: 18419K (41%)
ptolemy.util.test.WatchDog.cancel(): canceling Fri Dec 27 06:31:34 UTC 2019
------------------ testing $PTII/ptolemy/domains/de/test/auto/ComposableCausalityAnalysis.xml
auto.tcl: Setting watchdog for 200 seconds at Fri Dec 27 06:31:34 UTC 2019
2 ms. Memory: 45056K Free: 25852K (57%)
ptolemy.util.test.WatchDog.cancel(): canceling Fri Dec 27 06:31:34 UTC 2019
auto.tcl: Setting watchdog for 200 seconds at Fri Dec 27 06:31:34 UTC 2019
4 ms. Memory: 45056K Free: 24602K (55%)
ptolemy.util.test.WatchDog.cancel(): canceling Fri Dec 27 06:31:34 UTC 2019
------------------ testing $PTII/ptolemy/domains/de/test/auto/DEFixedPointLimitation.xml
auto.tcl: Setting watchdog for 200 seconds at Fri Dec 27 06:31:34 UTC 2019
2 ms. Memory: 45056K Free: 27235K (60%)
ptolemy.util.test.WatchDog.cancel(): canceling Fri Dec 27 06:31:34 UTC 2019
auto.tcl: Setting watchdog for 200 seconds at Fri Dec 27 06:31:34 UTC 2019
1 ms. Memory: 45056K Free: 26368K (59%)
ptolemy.util.test.WatchDog.cancel(): canceling Fri Dec 27 06:31:34 UTC 2019
------------------ testing $PTII/ptolemy/domains/de/test/auto/DEScheduleTest.xml
auto.tcl: Setting watchdog for 200 seconds at Fri Dec 27 06:31:34 UTC 2019
5 ms. Memory: 45056K Free: 27539K (61%)
ptolemy.util.test.WatchDog.cancel(): canceling Fri Dec 27 06:31:34 UTC 2019
auto.tcl: Setting watchdog for 200 seconds at Fri Dec 27 06:31:34 UTC 2019
3 ms. Memory: 45056K Free: 26783K (59%)
ptolemy.util.test.WatchDog.cancel(): canceling Fri Dec 27 06:31:34 UTC 2019
------------------ testing $PTII/ptolemy/domains/de/test/auto/DEinDEwithStartTimes.xml
auto.tcl: Setting watchdog for 200 seconds at Fri Dec 27 06:31:34 UTC 2019
7 ms. Memory: 45056K Free: 25694K (57%)
ptolemy.util.test.WatchDog.cancel(): canceling Fri Dec 27 06:31:34 UTC 2019
auto.tcl: Setting watchdog for 200 seconds at Fri Dec 27 06:31:34 UTC 2019
3 ms. Memory: 45056K Free: 24303K (54%)
ptolemy.util.test.WatchDog.cancel(): canceling Fri Dec 27 06:31:34 UTC 2019
------------------ testing $PTII/ptolemy/domains/de/test/auto/DEinDEwithStartTimes2.xml
auto.tcl: Setting watchdog for 200 seconds at Fri Dec 27 06:31:34 UTC 2019
4 ms. Memory: 45056K Free: 25001K (55%)
ptolemy.util.test.WatchDog.cancel(): canceling Fri Dec 27 06:31:34 UTC 2019
auto.tcl: Setting watchdog for 200 seconds at Fri Dec 27 06:31:34 UTC 2019
3 ms. Memory: 45056K Free: 23622K (52%)
ptolemy.util.test.WatchDog.cancel(): canceling Fri Dec 27 06:31:34 UTC 2019
------------------ testing $PTII/ptolemy/domains/de/test/auto/DateDemo.xml
auto.tcl: Setting watchdog for 200 seconds at Fri Dec 27 06:31:34 UTC 2019
18 ms. Memory: 45056K Free: 19285K (43%)
ptolemy.util.test.WatchDog.cancel(): canceling Fri Dec 27 06:31:34 UTC 2019
auto.tcl: Setting watchdog for 200 seconds at Fri Dec 27 06:31:34 UTC 2019
10 ms. Memory: 45056K Free: 17753K (39%)
ptolemy.util.test.WatchDog.cancel(): canceling Fri Dec 27 06:31:34 UTC 2019
------------------ testing $PTII/ptolemy/domains/de/test/auto/DateToEvent.xml
auto.tcl: Setting watchdog for 200 seconds at Fri Dec 27 06:31:34 UTC 2019
2017 ms. Memory: 45056K Free: 15186K (34%)
ptolemy.util.test.WatchDog.cancel(): canceling Fri Dec 27 06:31:36 UTC 2019
auto.tcl: Setting watchdog for 200 seconds at Fri Dec 27 06:31:36 UTC 2019
2008 ms. Memory: 45056K Free: 14461K (32%)
ptolemy.util.test.WatchDog.cancel(): canceling Fri Dec 27 06:31:38 UTC 2019
------------------ testing $PTII/ptolemy/domains/de/test/auto/DepthTest1.xml
auto.tcl: Setting watchdog for 200 seconds at Fri Dec 27 06:31:38 UTC 2019
2 ms. Memory: 45056K Free: 28647K (64%)
ptolemy.util.test.WatchDog.cancel(): canceling Fri Dec 27 06:31:38 UTC 2019
auto.tcl: Setting watchdog for 200 seconds at Fri Dec 27 06:31:38 UTC 2019
2 ms. Memory: 45056K Free: 27985K (62%)
ptolemy.util.test.WatchDog.cancel(): canceling Fri Dec 27 06:31:38 UTC 2019
------------------ testing $PTII/ptolemy/domains/de/test/auto/DepthTest2.xml
auto.tcl: Setting watchdog for 200 seconds at Fri Dec 27 06:31:39 UTC 2019
10 ms. Memory: 45056K Free: 25216K (56%)
ptolemy.util.test.WatchDog.cancel(): canceling Fri Dec 27 06:31:39 UTC 2019
auto.tcl: Setting watchdog for 200 seconds at Fri Dec 27 06:31:39 UTC 2019
2 ms. Memory: 45056K Free: 24662K (55%)
ptolemy.util.test.WatchDog.cancel(): canceling Fri Dec 27 06:31:39 UTC 2019
------------------ testing $PTII/ptolemy/domains/de/test/auto/DepthTest3.xml
auto.tcl: Setting watchdog for 200 seconds at Fri Dec 27 06:31:39 UTC 2019
2 ms. Memory: 45056K Free: 28819K (64%)
ptolemy.util.test.WatchDog.cancel(): canceling Fri Dec 27 06:31:39 UTC 2019
auto.tcl: Setting watchdog for 200 seconds at Fri Dec 27 06:31:39 UTC 2019
2 ms. Memory: 45056K Free: 28260K (63%)
ptolemy.util.test.WatchDog.cancel(): canceling Fri Dec 27 06:31:39 UTC 2019
------------------ testing $PTII/ptolemy/domains/de/test/auto/DepthTest4.xml
auto.tcl: Setting watchdog for 200 seconds at Fri Dec 27 06:31:39 UTC 2019
3 ms. Memory: 45056K Free: 27021K (60%)
ptolemy.util.test.WatchDog.cancel(): canceling Fri Dec 27 06:31:39 UTC 2019
auto.tcl: Setting watchdog for 200 seconds at Fri Dec 27 06:31:39 UTC 2019
2 ms. Memory: 45056K Free: 26286K (58%)
ptolemy.util.test.WatchDog.cancel(): canceling Fri Dec 27 06:31:39 UTC 2019
------------------ testing $PTII/ptolemy/domains/de/test/auto/DepthTest5.xml
auto.tcl: Setting watchdog for 200 seconds at Fri Dec 27 06:31:39 UTC 2019
3 ms. Memory: 45056K Free: 26443K (59%)
ptolemy.util.test.WatchDog.cancel(): canceling Fri Dec 27 06:31:39 UTC 2019
auto.tcl: Setting watchdog for 200 seconds at Fri Dec 27 06:31:39 UTC 2019
3 ms. Memory: 45056K Free: 25733K (57%)
ptolemy.util.test.WatchDog.cancel(): canceling Fri Dec 27 06:31:39 UTC 2019
------------------ testing $PTII/ptolemy/domains/de/test/auto/DepthTest6.xml
auto.tcl: Setting watchdog for 200 seconds at Fri Dec 27 06:31:39 UTC 2019
4 ms. Memory: 45056K Free: 26170K (58%)
ptolemy.util.test.WatchDog.cancel(): canceling Fri Dec 27 06:31:39 UTC 2019
auto.tcl: Setting watchdog for 200 seconds at Fri Dec 27 06:31:39 UTC 2019
3 ms. Memory: 45056K Free: 25604K (57%)
ptolemy.util.test.WatchDog.cancel(): canceling Fri Dec 27 06:31:39 UTC 2019
------------------ testing $PTII/ptolemy/domains/de/test/auto/DepthTest7.xml
auto.tcl: Setting watchdog for 200 seconds at Fri Dec 27 06:31:39 UTC 2019
3 ms. Memory: 45056K Free: 26786K (59%)
ptolemy.util.test.WatchDog.cancel(): canceling Fri Dec 27 06:31:39 UTC 2019
auto.tcl: Setting watchdog for 200 seconds at Fri Dec 27 06:31:39 UTC 2019
2 ms. Memory: 45056K Free: 25872K (57%)
ptolemy.util.test.WatchDog.cancel(): canceling Fri Dec 27 06:31:39 UTC 2019
------------------ testing $PTII/ptolemy/domains/de/test/auto/EventToDate.xml
auto.tcl: Setting watchdog for 200 seconds at Fri Dec 27 06:31:39 UTC 2019
3006 ms. Memory: 45056K Free: 17768K (39%)
ptolemy.util.test.WatchDog.cancel(): canceling Fri Dec 27 06:31:42 UTC 2019
auto.tcl: Setting watchdog for 200 seconds at Fri Dec 27 06:31:42 UTC 2019
3004 ms. Memory: 45056K Free: 17063K (38%)
ptolemy.util.test.WatchDog.cancel(): canceling Fri Dec 27 06:31:45 UTC 2019
------------------ testing $PTII/ptolemy/domains/de/test/auto/FSM1.xml
auto.tcl: Setting watchdog for 200 seconds at Fri Dec 27 06:31:45 UTC 2019
19 ms. Memory: 45056K Free: 18962K (42%)
ptolemy.util.test.WatchDog.cancel(): canceling Fri Dec 27 06:31:45 UTC 2019
auto.tcl: Setting watchdog for 200 seconds at Fri Dec 27 06:31:45 UTC 2019
21 ms. Memory: 45056K Free: 15709K (35%)
ptolemy.util.test.WatchDog.cancel(): canceling Fri Dec 27 06:31:45 UTC 2019
------------------ testing $PTII/ptolemy/domains/de/test/auto/FSM7.xml
auto.tcl: Setting watchdog for 200 seconds at Fri Dec 27 06:31:45 UTC 2019
24 ms. Memory: 45056K Free: 18706K (42%)
ptolemy.util.test.WatchDog.cancel(): canceling Fri Dec 27 06:31:45 UTC 2019
auto.tcl: Setting watchdog for 200 seconds at Fri Dec 27 06:31:45 UTC 2019
23 ms. Memory: 45056K Free: 15582K (35%)
ptolemy.util.test.WatchDog.cancel(): canceling Fri Dec 27 06:31:45 UTC 2019
------------------ testing $PTII/ptolemy/domains/de/test/auto/Inspection.xml
auto.tcl: Setting watchdog for 200 seconds at Fri Dec 27 06:31:45 UTC 2019
25 ms. Memory: 45056K Free: 18738K (42%)
ptolemy.util.test.WatchDog.cancel(): canceling Fri Dec 27 06:31:45 UTC 2019
auto.tcl: Setting watchdog for 200 seconds at Fri Dec 27 06:31:45 UTC 2019
14 ms. Memory: 45056K Free: 16972K (38%)
ptolemy.util.test.WatchDog.cancel(): canceling Fri Dec 27 06:31:45 UTC 2019
------------------ testing $PTII/ptolemy/domains/de/test/auto/Iteration.xml
auto.tcl: Setting watchdog for 200 seconds at Fri Dec 27 06:31:45 UTC 2019
8 ms. Memory: 45056K Free: 24173K (54%)
ptolemy.util.test.WatchDog.cancel(): canceling Fri Dec 27 06:31:45 UTC 2019
auto.tcl: Setting watchdog for 200 seconds at Fri Dec 27 06:31:45 UTC 2019
4 ms. Memory: 45056K Free: 22811K (51%)
ptolemy.util.test.WatchDog.cancel(): canceling Fri Dec 27 06:31:45 UTC 2019
------------------ testing $PTII/ptolemy/domains/de/test/auto/LineFault.xml
auto.tcl: Setting watchdog for 200 seconds at Fri Dec 27 06:31:45 UTC 2019
532 ms. Memory: 45056K Free: 24479K (54%)
ptolemy.util.test.WatchDog.cancel(): canceling Fri Dec 27 06:31:46 UTC 2019
auto.tcl: Setting watchdog for 200 seconds at Fri Dec 27 06:31:46 UTC 2019
522 ms. Memory: 60416K Free: 25747K (43%)
ptolemy.util.test.WatchDog.cancel(): canceling Fri Dec 27 06:31:47 UTC 2019
------------------ testing $PTII/ptolemy/domains/de/test/auto/MergeModel1Add.xml
auto.tcl: Setting watchdog for 200 seconds at Fri Dec 27 06:31:47 UTC 2019
18 ms. Memory: 55296K Free: 20416K (37%)
ptolemy.util.test.WatchDog.cancel(): canceling Fri Dec 27 06:31:47 UTC 2019
auto.tcl: Setting watchdog for 200 seconds at Fri Dec 27 06:31:47 UTC 2019
19 ms. Memory: 55296K Free: 18830K (34%)
ptolemy.util.test.WatchDog.cancel(): canceling Fri Dec 27 06:31:47 UTC 2019
------------------ testing $PTII/ptolemy/domains/de/test/auto/MergeModel2Add.xml
auto.tcl: Setting watchdog for 200 seconds at Fri Dec 27 06:31:47 UTC 2019
17 ms. Memory: 51200K Free: 18128K (35%)
ptolemy.util.test.WatchDog.cancel(): canceling Fri Dec 27 06:31:47 UTC 2019
auto.tcl: Setting watchdog for 200 seconds at Fri Dec 27 06:31:47 UTC 2019
11 ms. Memory: 51200K Free: 16417K (32%)
ptolemy.util.test.WatchDog.cancel(): canceling Fri Dec 27 06:31:47 UTC 2019
------------------ testing $PTII/ptolemy/domains/de/test/auto/MergeModel3Add.xml
auto.tcl: Setting watchdog for 200 seconds at Fri Dec 27 06:31:47 UTC 2019
7 ms. Memory: 51200K Free: 18358K (36%)
ptolemy.util.test.WatchDog.cancel(): canceling Fri Dec 27 06:31:47 UTC 2019
auto.tcl: Setting watchdog for 200 seconds at Fri Dec 27 06:31:47 UTC 2019
6 ms. Memory: 51200K Free: 16837K (33%)
ptolemy.util.test.WatchDog.cancel(): canceling Fri Dec 27 06:31:47 UTC 2019
------------------ testing $PTII/ptolemy/domains/de/test/auto/MergeWithoutDiscard.xml
auto.tcl: Setting watchdog for 200 seconds at Fri Dec 27 06:31:47 UTC 2019
3 ms. Memory: 48128K Free: 29882K (62%)
ptolemy.util.test.WatchDog.cancel(): canceling Fri Dec 27 06:31:47 UTC 2019
auto.tcl: Setting watchdog for 200 seconds at Fri Dec 27 06:31:47 UTC 2019
1 ms. Memory: 48128K Free: 29448K (61%)
ptolemy.util.test.WatchDog.cancel(): canceling Fri Dec 27 06:31:47 UTC 2019
------------------ testing $PTII/ptolemy/domains/de/test/auto/Modal1.xml
auto.tcl: Setting watchdog for 200 seconds at Fri Dec 27 06:31:47 UTC 2019
11 ms. Memory: 48128K Free: 21798K (45%)
ptolemy.util.test.WatchDog.cancel(): canceling Fri Dec 27 06:31:47 UTC 2019
auto.tcl: Setting watchdog for 200 seconds at Fri Dec 27 06:31:47 UTC 2019
12 ms. Memory: 48128K Free: 18403K (38%)
ptolemy.util.test.WatchDog.cancel(): canceling Fri Dec 27 06:31:47 UTC 2019
------------------ testing $PTII/ptolemy/domains/de/test/auto/Modal2.xml
auto.tcl: Setting watchdog for 200 seconds at Fri Dec 27 06:31:47 UTC 2019
20 ms. Memory: 48128K Free: 21925K (46%)
ptolemy.util.test.WatchDog.cancel(): canceling Fri Dec 27 06:31:47 UTC 2019
auto.tcl: Setting watchdog for 200 seconds at Fri Dec 27 06:31:47 UTC 2019
18 ms. Memory: 48128K Free: 18680K (39%)
ptolemy.util.test.WatchDog.cancel(): canceling Fri Dec 27 06:31:47 UTC 2019
------------------ testing $PTII/ptolemy/domains/de/test/auto/Modal3.xml
auto.tcl: Setting watchdog for 200 seconds at Fri Dec 27 06:31:47 UTC 2019
14 ms. Memory: 48128K Free: 21634K (45%)
ptolemy.util.test.WatchDog.cancel(): canceling Fri Dec 27 06:31:48 UTC 2019
auto.tcl: Setting watchdog for 200 seconds at Fri Dec 27 06:31:48 UTC 2019
11 ms. Memory: 48128K Free: 18690K (39%)
ptolemy.util.test.WatchDog.cancel(): canceling Fri Dec 27 06:31:48 UTC 2019
------------------ testing $PTII/ptolemy/domains/de/test/auto/Modal4.xml
auto.tcl: Setting watchdog for 200 seconds at Fri Dec 27 06:31:48 UTC 2019
22 ms. Memory: 48128K Free: 20867K (43%)
ptolemy.util.test.WatchDog.cancel(): canceling Fri Dec 27 06:31:48 UTC 2019
auto.tcl: Setting watchdog for 200 seconds at Fri Dec 27 06:31:48 UTC 2019
17 ms. Memory: 48128K Free: 17018K (35%)
ptolemy.util.test.WatchDog.cancel(): canceling Fri Dec 27 06:31:48 UTC 2019
------------------ testing $PTII/ptolemy/domains/de/test/auto/Modal5.xml
auto.tcl: Setting watchdog for 200 seconds at Fri Dec 27 06:31:48 UTC 2019
16 ms. Memory: 48128K Free: 20853K (43%)
ptolemy.util.test.WatchDog.cancel(): canceling Fri Dec 27 06:31:48 UTC 2019
auto.tcl: Setting watchdog for 200 seconds at Fri Dec 27 06:31:48 UTC 2019
15 ms. Memory: 48128K Free: 17027K (35%)
ptolemy.util.test.WatchDog.cancel(): canceling Fri Dec 27 06:31:48 UTC 2019
------------------ testing $PTII/ptolemy/domains/de/test/auto/Modal6.xml
auto.tcl: Setting watchdog for 200 seconds at Fri Dec 27 06:31:48 UTC 2019
16 ms. Memory: 48128K Free: 21644K (45%)
ptolemy.util.test.WatchDog.cancel(): canceling Fri Dec 27 06:31:48 UTC 2019
auto.tcl: Setting watchdog for 200 seconds at Fri Dec 27 06:31:48 UTC 2019
14 ms. Memory: 48128K Free: 17670K (37%)
ptolemy.util.test.WatchDog.cancel(): canceling Fri Dec 27 06:31:48 UTC 2019
------------------ testing $PTII/ptolemy/domains/de/test/auto/Modal7.xml
auto.tcl: Setting watchdog for 200 seconds at Fri Dec 27 06:31:48 UTC 2019
9 ms. Memory: 48128K Free: 20613K (43%)
ptolemy.util.test.WatchDog.cancel(): canceling Fri Dec 27 06:31:48 UTC 2019
auto.tcl: Setting watchdog for 200 seconds at Fri Dec 27 06:31:48 UTC 2019
8 ms. Memory: 48128K Free: 17022K (35%)
ptolemy.util.test.WatchDog.cancel(): canceling Fri Dec 27 06:31:48 UTC 2019
------------------ testing $PTII/ptolemy/domains/de/test/auto/ModalModel.xml
auto.tcl: Setting watchdog for 200 seconds at Fri Dec 27 06:31:48 UTC 2019
190 ms. Memory: 63488K Free: 43352K (68%)
ptolemy.util.test.WatchDog.cancel(): canceling Fri Dec 27 06:31:48 UTC 2019
auto.tcl: Setting watchdog for 200 seconds at Fri Dec 27 06:31:48 UTC 2019
173 ms. Memory: 63488K Free: 40223K (63%)
ptolemy.util.test.WatchDog.cancel(): canceling Fri Dec 27 06:31:48 UTC 2019
------------------ testing $PTII/ptolemy/domains/de/test/auto/ModalSource.xml
auto.tcl: Setting watchdog for 200 seconds at Fri Dec 27 06:31:48 UTC 2019
10 ms. Memory: 51200K Free: 28759K (56%)
ptolemy.util.test.WatchDog.cancel(): canceling Fri Dec 27 06:31:48 UTC 2019
auto.tcl: Setting watchdog for 200 seconds at Fri Dec 27 06:31:48 UTC 2019
5 ms. Memory: 51200K Free: 26702K (52%)
ptolemy.util.test.WatchDog.cancel(): canceling Fri Dec 27 06:31:48 UTC 2019
------------------ testing $PTII/ptolemy/domains/de/test/auto/NonInterruptibleTimerZeroDelay.xml
auto.tcl: Setting watchdog for 200 seconds at Fri Dec 27 06:31:49 UTC 2019
3 ms. Memory: 51200K Free: 33693K (66%)
ptolemy.util.test.WatchDog.cancel(): canceling Fri Dec 27 06:31:49 UTC 2019
auto.tcl: Setting watchdog for 200 seconds at Fri Dec 27 06:31:49 UTC 2019
2 ms. Memory: 51200K Free: 33039K (65%)
ptolemy.util.test.WatchDog.cancel(): canceling Fri Dec 27 06:31:49 UTC 2019
------------------ testing $PTII/ptolemy/domains/de/test/auto/OpenQueueingNetwork.xml
auto.tcl: Setting watchdog for 200 seconds at Fri Dec 27 06:31:49 UTC 2019
2716 ms. Memory: 128000K Free: 54293K (42%)
ptolemy.util.test.WatchDog.cancel(): canceling Fri Dec 27 06:31:51 UTC 2019
auto.tcl: Setting watchdog for 200 seconds at Fri Dec 27 06:31:51 UTC 2019
2439 ms. Memory: 153600K Free: 92605K (60%)
ptolemy.util.test.WatchDog.cancel(): canceling Fri Dec 27 06:31:54 UTC 2019
------------------ testing $PTII/ptolemy/domains/de/test/auto/OpenQueuingNetwork.xml
auto.tcl: Setting watchdog for 200 seconds at Fri Dec 27 06:31:54 UTC 2019
238 ms. Memory: 51200K Free: 18171K (35%)
ptolemy.util.test.WatchDog.cancel(): canceling Fri Dec 27 06:31:54 UTC 2019
auto.tcl: Setting watchdog for 200 seconds at Fri Dec 27 06:31:54 UTC 2019
213 ms. Memory: 51200K Free: 23619K (46%)
ptolemy.util.test.WatchDog.cancel(): canceling Fri Dec 27 06:31:54 UTC 2019
------------------ testing $PTII/ptolemy/domains/de/test/auto/PeriodicSampler.xml
auto.tcl: Setting watchdog for 200 seconds at Fri Dec 27 06:31:55 UTC 2019
2 ms. Memory: 48128K Free: 29815K (62%)
ptolemy.util.test.WatchDog.cancel(): canceling Fri Dec 27 06:31:55 UTC 2019
auto.tcl: Setting watchdog for 200 seconds at Fri Dec 27 06:31:55 UTC 2019
2 ms. Memory: 48128K Free: 28927K (60%)
ptolemy.util.test.WatchDog.cancel(): canceling Fri Dec 27 06:31:55 UTC 2019
------------------ testing $PTII/ptolemy/domains/de/test/auto/PersistentIO.xml
auto.tcl: Setting watchdog for 200 seconds at Fri Dec 27 06:31:55 UTC 2019
15 ms. Memory: 48128K Free: 24753K (51%)
ptolemy.util.test.WatchDog.cancel(): canceling Fri Dec 27 06:31:55 UTC 2019
auto.tcl: Setting watchdog for 200 seconds at Fri Dec 27 06:31:55 UTC 2019
4 ms. Memory: 48128K Free: 23363K (49%)
ptolemy.util.test.WatchDog.cancel(): canceling Fri Dec 27 06:31:55 UTC 2019
------------------ testing $PTII/ptolemy/domains/de/test/auto/PortParameterResetOnInitialize.xml
auto.tcl: Setting watchdog for 200 seconds at Fri Dec 27 06:31:55 UTC 2019
2 ms. Memory: 48128K Free: 29723K (62%)
ptolemy.util.test.WatchDog.cancel(): canceling Fri Dec 27 06:31:55 UTC 2019
auto.tcl: Setting watchdog for 200 seconds at Fri Dec 27 06:31:55 UTC 2019
2 ms. Memory: 48128K Free: 29284K (61%)
ptolemy.util.test.WatchDog.cancel(): canceling Fri Dec 27 06:31:55 UTC 2019
------------------ testing $PTII/ptolemy/domains/de/test/auto/PortParameterUpdates.xml
auto.tcl: Setting watchdog for 200 seconds at Fri Dec 27 06:31:55 UTC 2019
3 ms. Memory: 48128K Free: 27822K (58%)
ptolemy.util.test.WatchDog.cancel(): canceling Fri Dec 27 06:31:55 UTC 2019
auto.tcl: Setting watchdog for 200 seconds at Fri Dec 27 06:31:55 UTC 2019
3 ms. Memory: 48128K Free: 26415K (55%)
ptolemy.util.test.WatchDog.cancel(): canceling Fri Dec 27 06:31:55 UTC 2019
------------------ testing $PTII/ptolemy/domains/de/test/auto/QueueAndServer.xml
auto.tcl: Setting watchdog for 200 seconds at Fri Dec 27 06:31:55 UTC 2019
16 ms. Memory: 48128K Free: 26742K (56%)
ptolemy.util.test.WatchDog.cancel(): canceling Fri Dec 27 06:31:55 UTC 2019
auto.tcl: Setting watchdog for 200 seconds at Fri Dec 27 06:31:55 UTC 2019
6 ms. Memory: 48128K Free: 25334K (53%)
ptolemy.util.test.WatchDog.cancel(): canceling Fri Dec 27 06:31:55 UTC 2019
------------------ testing $PTII/ptolemy/domains/de/test/auto/Records.xml
auto.tcl: Setting watchdog for 200 seconds at Fri Dec 27 06:31:55 UTC 2019
5 ms. Memory: 48128K Free: 29278K (61%)
ptolemy.util.test.WatchDog.cancel(): canceling Fri Dec 27 06:31:55 UTC 2019
auto.tcl: Setting watchdog for 200 seconds at Fri Dec 27 06:31:55 UTC 2019
2 ms. Memory: 48128K Free: 28813K (60%)
ptolemy.util.test.WatchDog.cancel(): canceling Fri Dec 27 06:31:55 UTC 2019
------------------ testing $PTII/ptolemy/domains/de/test/auto/ResetTransitionWithStartTime1.xml
auto.tcl: Setting watchdog for 200 seconds at Fri Dec 27 06:31:55 UTC 2019
6 ms. Memory: 48128K Free: 26414K (55%)
ptolemy.util.test.WatchDog.cancel(): canceling Fri Dec 27 06:31:55 UTC 2019
auto.tcl: Setting watchdog for 200 seconds at Fri Dec 27 06:31:55 UTC 2019
6 ms. Memory: 48128K Free: 23734K (49%)
ptolemy.util.test.WatchDog.cancel(): canceling Fri Dec 27 06:31:55 UTC 2019
------------------ testing $PTII/ptolemy/domains/de/test/auto/ResetTransitionWithStartTime2.xml
auto.tcl: Setting watchdog for 200 seconds at Fri Dec 27 06:31:55 UTC 2019
6 ms. Memory: 48128K Free: 26323K (55%)
ptolemy.util.test.WatchDog.cancel(): canceling Fri Dec 27 06:31:55 UTC 2019
auto.tcl: Setting watchdog for 200 seconds at Fri Dec 27 06:31:55 UTC 2019
7 ms. Memory: 48128K Free: 24130K (50%)
ptolemy.util.test.WatchDog.cancel(): canceling Fri Dec 27 06:31:55 UTC 2019
------------------ testing $PTII/ptolemy/domains/de/test/auto/ResetTransitionWithStartTime3.xml
auto.tcl: Setting watchdog for 200 seconds at Fri Dec 27 06:31:55 UTC 2019
10 ms. Memory: 48128K Free: 26177K (54%)
ptolemy.util.test.WatchDog.cancel(): canceling Fri Dec 27 06:31:55 UTC 2019
auto.tcl: Setting watchdog for 200 seconds at Fri Dec 27 06:31:55 UTC 2019
8 ms. Memory: 48128K Free: 23688K (49%)
ptolemy.util.test.WatchDog.cancel(): canceling Fri Dec 27 06:31:55 UTC 2019
------------------ testing $PTII/ptolemy/domains/de/test/auto/ResetTransitionWithStartTime4.xml
auto.tcl: Setting watchdog for 200 seconds at Fri Dec 27 06:31:55 UTC 2019
11 ms. Memory: 48128K Free: 26666K (55%)
ptolemy.util.test.WatchDog.cancel(): canceling Fri Dec 27 06:31:55 UTC 2019
auto.tcl: Setting watchdog for 200 seconds at Fri Dec 27 06:31:55 UTC 2019
4 ms. Memory: 48128K Free: 25255K (52%)
ptolemy.util.test.WatchDog.cancel(): canceling Fri Dec 27 06:31:55 UTC 2019
------------------ testing $PTII/ptolemy/domains/de/test/auto/ResettableTimer1.xml
auto.tcl: Setting watchdog for 200 seconds at Fri Dec 27 06:31:55 UTC 2019
3 ms. Memory: 48128K Free: 30255K (63%)
ptolemy.util.test.WatchDog.cancel(): canceling Fri Dec 27 06:31:55 UTC 2019
auto.tcl: Setting watchdog for 200 seconds at Fri Dec 27 06:31:55 UTC 2019
2 ms. Memory: 48128K Free: 29358K (61%)
ptolemy.util.test.WatchDog.cancel(): canceling Fri Dec 27 06:31:55 UTC 2019
------------------ testing $PTII/ptolemy/domains/de/test/auto/ResettableTimer2.xml
auto.tcl: Setting watchdog for 200 seconds at Fri Dec 27 06:31:55 UTC 2019
3 ms. Memory: 48128K Free: 30311K (63%)
ptolemy.util.test.WatchDog.cancel(): canceling Fri Dec 27 06:31:55 UTC 2019
auto.tcl: Setting watchdog for 200 seconds at Fri Dec 27 06:31:55 UTC 2019
2 ms. Memory: 48128K Free: 29430K (61%)
ptolemy.util.test.WatchDog.cancel(): canceling Fri Dec 27 06:31:55 UTC 2019
------------------ testing $PTII/ptolemy/domains/de/test/auto/ResettableTimer3.xml
auto.tcl: Setting watchdog for 200 seconds at Fri Dec 27 06:31:55 UTC 2019
1 ms. Memory: 48128K Free: 30790K (64%)
ptolemy.util.test.WatchDog.cancel(): canceling Fri Dec 27 06:31:55 UTC 2019
auto.tcl: Setting watchdog for 200 seconds at Fri Dec 27 06:31:55 UTC 2019
1 ms. Memory: 48128K Free: 30310K (63%)
ptolemy.util.test.WatchDog.cancel(): canceling Fri Dec 27 06:31:55 UTC 2019
------------------ testing $PTII/ptolemy/domains/de/test/auto/ResettableTimer4.xml
auto.tcl: Setting watchdog for 200 seconds at Fri Dec 27 06:31:55 UTC 2019
1 ms. Memory: 48128K Free: 30380K (63%)
ptolemy.util.test.WatchDog.cancel(): canceling Fri Dec 27 06:31:55 UTC 2019
auto.tcl: Setting watchdog for 200 seconds at Fri Dec 27 06:31:55 UTC 2019
1 ms. Memory: 48128K Free: 29882K (62%)
ptolemy.util.test.WatchDog.cancel(): canceling Fri Dec 27 06:31:55 UTC 2019
------------------ testing $PTII/ptolemy/domains/de/test/auto/ResettableTimer5.xml
auto.tcl: Setting watchdog for 200 seconds at Fri Dec 27 06:31:55 UTC 2019
1 ms. Memory: 48128K Free: 29794K (62%)
ptolemy.util.test.WatchDog.cancel(): canceling Fri Dec 27 06:31:55 UTC 2019
auto.tcl: Setting watchdog for 200 seconds at Fri Dec 27 06:31:55 UTC 2019
1 ms. Memory: 48128K Free: 29338K (61%)
ptolemy.util.test.WatchDog.cancel(): canceling Fri Dec 27 06:31:55 UTC 2019
------------------ testing $PTII/ptolemy/domains/de/test/auto/ResettableTimer6.xml
auto.tcl: Setting watchdog for 200 seconds at Fri Dec 27 06:31:56 UTC 2019
2 ms. Memory: 48128K Free: 29792K (62%)
ptolemy.util.test.WatchDog.cancel(): canceling Fri Dec 27 06:31:56 UTC 2019
auto.tcl: Setting watchdog for 200 seconds at Fri Dec 27 06:31:56 UTC 2019
1 ms. Memory: 48128K Free: 29288K (61%)
ptolemy.util.test.WatchDog.cancel(): canceling Fri Dec 27 06:31:56 UTC 2019
------------------ testing $PTII/ptolemy/domains/de/test/auto/ServerZeroDelay.xml
auto.tcl: Setting watchdog for 200 seconds at Fri Dec 27 06:31:56 UTC 2019
4 ms. Memory: 48128K Free: 30303K (63%)
ptolemy.util.test.WatchDog.cancel(): canceling Fri Dec 27 06:31:56 UTC 2019
auto.tcl: Setting watchdog for 200 seconds at Fri Dec 27 06:31:56 UTC 2019
2 ms. Memory: 48128K Free: 29407K (61%)
ptolemy.util.test.WatchDog.cancel(): canceling Fri Dec 27 06:31:56 UTC 2019
------------------ testing $PTII/ptolemy/domains/de/test/auto/SmartSender.xml
auto.tcl: Setting watchdog for 200 seconds at Fri Dec 27 06:31:56 UTC 2019
3002 ms. Memory: 48128K Free: 30347K (63%)
ptolemy.util.test.WatchDog.cancel(): canceling Fri Dec 27 06:31:59 UTC 2019
auto.tcl: Setting watchdog for 200 seconds at Fri Dec 27 06:31:59 UTC 2019
3003 ms. Memory: 48128K Free: 29826K (62%)
ptolemy.util.test.WatchDog.cancel(): canceling Fri Dec 27 06:32:02 UTC 2019
------------------ testing $PTII/ptolemy/domains/de/test/auto/ThreadedComposite.xml
auto.tcl: Setting watchdog for 200 seconds at Fri Dec 27 06:32:02 UTC 2019
149 ms. Memory: 48128K Free: 11880K (25%)
ptolemy.util.test.WatchDog.cancel(): canceling Fri Dec 27 06:32:02 UTC 2019
auto.tcl: Setting watchdog for 200 seconds at Fri Dec 27 06:32:02 UTC 2019
171 ms. Memory: 58368K Free: 33942K (58%)
ptolemy.util.test.WatchDog.cancel(): canceling Fri Dec 27 06:32:02 UTC 2019
------------------ testing $PTII/ptolemy/domains/de/test/auto/Time.xml
auto.tcl: Setting watchdog for 200 seconds at Fri Dec 27 06:32:02 UTC 2019
498 ms. Memory: 48128K Free: 30047K (62%)
ptolemy.util.test.WatchDog.cancel(): canceling Fri Dec 27 06:32:03 UTC 2019
auto.tcl: Setting watchdog for 200 seconds at Fri Dec 27 06:32:03 UTC 2019
473 ms. Memory: 48128K Free: 30101K (63%)
ptolemy.util.test.WatchDog.cancel(): canceling Fri Dec 27 06:32:03 UTC 2019
------------------ testing $PTII/ptolemy/domains/de/test/auto/TimeDelayZeroDelay.xml
auto.tcl: Setting watchdog for 200 seconds at Fri Dec 27 06:32:03 UTC 2019
4 ms. Memory: 48128K Free: 30732K (64%)
ptolemy.util.test.WatchDog.cancel(): canceling Fri Dec 27 06:32:03 UTC 2019
auto.tcl: Setting watchdog for 200 seconds at Fri Dec 27 06:32:03 UTC 2019
2 ms. Memory: 48128K Free: 29822K (62%)
ptolemy.util.test.WatchDog.cancel(): canceling Fri Dec 27 06:32:03 UTC 2019
------------------ testing $PTII/ptolemy/domains/de/test/auto/TimerZeroDelay.xml
auto.tcl: Setting watchdog for 200 seconds at Fri Dec 27 06:32:03 UTC 2019
3 ms. Memory: 48128K Free: 30751K (64%)
ptolemy.util.test.WatchDog.cancel(): canceling Fri Dec 27 06:32:03 UTC 2019
auto.tcl: Setting watchdog for 200 seconds at Fri Dec 27 06:32:03 UTC 2019
3 ms. Memory: 48128K Free: 30271K (63%)
ptolemy.util.test.WatchDog.cancel(): canceling Fri Dec 27 06:32:03 UTC 2019
------------------ testing $PTII/ptolemy/domains/de/test/auto/TimingParadox.xml
auto.tcl: Setting watchdog for 200 seconds at Fri Dec 27 06:32:03 UTC 2019
322 ms. Memory: 48128K Free: 12718K (26%)
ptolemy.util.test.WatchDog.cancel(): canceling Fri Dec 27 06:32:04 UTC 2019
auto.tcl: Setting watchdog for 200 seconds at Fri Dec 27 06:32:04 UTC 2019
308 ms. Memory: 48128K Free: 26006K (54%)
ptolemy.util.test.WatchDog.cancel(): canceling Fri Dec 27 06:32:04 UTC 2019
------------------ testing $PTII/ptolemy/domains/de/test/auto/TransferInputs.xml
auto.tcl: Setting watchdog for 200 seconds at Fri Dec 27 06:32:04 UTC 2019
1 ms. Memory: 48128K Free: 28737K (60%)
ptolemy.util.test.WatchDog.cancel(): canceling Fri Dec 27 06:32:04 UTC 2019
auto.tcl: Setting watchdog for 200 seconds at Fri Dec 27 06:32:04 UTC 2019
2 ms. Memory: 48128K Free: 27870K (58%)
ptolemy.util.test.WatchDog.cancel(): canceling Fri Dec 27 06:32:04 UTC 2019
------------------ testing $PTII/ptolemy/domains/de/test/auto/TransferOutputs2.xml
auto.tcl: Setting watchdog for 200 seconds at Fri Dec 27 06:32:04 UTC 2019
3 ms. Memory: 48128K Free: 26179K (54%)
ptolemy.util.test.WatchDog.cancel(): canceling Fri Dec 27 06:32:04 UTC 2019
auto.tcl: Setting watchdog for 200 seconds at Fri Dec 27 06:32:04 UTC 2019
2 ms. Memory: 48128K Free: 24771K (51%)
ptolemy.util.test.WatchDog.cancel(): canceling Fri Dec 27 06:32:04 UTC 2019
------------------ testing $PTII/ptolemy/domains/de/test/auto/Trilateration.xml
auto.tcl: Setting watchdog for 200 seconds at Fri Dec 27 06:32:04 UTC 2019
13247 ms. Memory: 416768K Free: 332394K (80%)
ptolemy.util.test.WatchDog.cancel(): canceling Fri Dec 27 06:32:19 UTC 2019
auto.tcl: Setting watchdog for 200 seconds at Fri Dec 27 06:32:19 UTC 2019
9019 ms. Memory: 416768K Free: 177746K (43%)
ptolemy.util.test.WatchDog.cancel(): canceling Fri Dec 27 06:32:28 UTC 2019
------------------ testing $PTII/ptolemy/domains/de/test/auto/TwoSigmaDelta.xml
auto.tcl: Setting watchdog for 200 seconds at Fri Dec 27 06:32:28 UTC 2019
2315 ms. Memory: 89088K Free: 17692K (20%)
ptolemy.util.test.WatchDog.cancel(): canceling Fri Dec 27 06:32:30 UTC 2019
auto.tcl: Setting watchdog for 200 seconds at Fri Dec 27 06:32:30 UTC 2019
1856 ms. Memory: 89088K Free: 59651K (67%)
ptolemy.util.test.WatchDog.cancel(): canceling Fri Dec 27 06:32:32 UTC 2019
------------------ testing $PTII/ptolemy/domains/de/test/auto/VariableDelay.xml
auto.tcl: Setting watchdog for 200 seconds at Fri Dec 27 06:32:32 UTC 2019
3 ms. Memory: 51200K Free: 32287K (63%)
ptolemy.util.test.WatchDog.cancel(): canceling Fri Dec 27 06:32:32 UTC 2019
auto.tcl: Setting watchdog for 200 seconds at Fri Dec 27 06:32:32 UTC 2019
2 ms. Memory: 51200K Free: 31293K (61%)
ptolemy.util.test.WatchDog.cancel(): canceling Fri Dec 27 06:32:32 UTC 2019
------------------ testing $PTII/ptolemy/domains/de/test/auto/VariableDelay2.xml
auto.tcl: Setting watchdog for 200 seconds at Fri Dec 27 06:32:32 UTC 2019
7 ms. Memory: 51200K Free: 32686K (64%)
ptolemy.util.test.WatchDog.cancel(): canceling Fri Dec 27 06:32:32 UTC 2019
auto.tcl: Setting watchdog for 200 seconds at Fri Dec 27 06:32:32 UTC 2019
1 ms. Memory: 51200K Free: 32206K (63%)
ptolemy.util.test.WatchDog.cancel(): canceling Fri Dec 27 06:32:32 UTC 2019
------------------ testing $PTII/ptolemy/domains/de/test/auto/VariableDelayZeroDelay.xml
auto.tcl: Setting watchdog for 200 seconds at Fri Dec 27 06:32:32 UTC 2019
2 ms. Memory: 51200K Free: 33229K (65%)
ptolemy.util.test.WatchDog.cancel(): canceling Fri Dec 27 06:32:32 UTC 2019
auto.tcl: Setting watchdog for 200 seconds at Fri Dec 27 06:32:32 UTC 2019
1 ms. Memory: 51200K Free: 32685K (64%)
ptolemy.util.test.WatchDog.cancel(): canceling Fri Dec 27 06:32:32 UTC 2019
------------------ testing $PTII/ptolemy/domains/de/test/auto/VariableDelayZeroDelay2.xml
auto.tcl: Setting watchdog for 200 seconds at Fri Dec 27 06:32:32 UTC 2019
3 ms. Memory: 48128K Free: 30156K (63%)
ptolemy.util.test.WatchDog.cancel(): canceling Fri Dec 27 06:32:32 UTC 2019
auto.tcl: Setting watchdog for 200 seconds at Fri Dec 27 06:32:32 UTC 2019
2 ms. Memory: 48128K Free: 29166K (61%)
ptolemy.util.test.WatchDog.cancel(): canceling Fri Dec 27 06:32:32 UTC 2019
------------------ testing $PTII/ptolemy/domains/de/test/auto/deInCt.xml
auto.tcl: Setting watchdog for 200 seconds at Fri Dec 27 06:32:32 UTC 2019
0
1
1
1
1
1
0
0
0
1
1
1
1
1
1
0
0
0
0
1
1
1
1
9 ms. Memory: 48128K Free: 29129K (61%)
ptolemy.util.test.WatchDog.cancel(): canceling Fri Dec 27 06:32:32 UTC 2019
auto.tcl: Setting watchdog for 200 seconds at Fri Dec 27 06:32:32 UTC 2019
0
1
1
1
1
1
0
0
0
0
1
1
1
0
0
1
1
1
0
0
0
0
1
1
1
0
0
0
0
0
1
1
1
0
0
0
8 ms. Memory: 48128K Free: 27617K (57%)
ptolemy.util.test.WatchDog.cancel(): canceling Fri Dec 27 06:32:32 UTC 2019
------------------ testing $PTII/ptolemy/domains/de/test/auto/deInCt2.xml
auto.tcl: Setting watchdog for 200 seconds at Fri Dec 27 06:32:32 UTC 2019
0
1
1
1
0
0
1
1
1
0
0
1
1
1
0
0
1
1
1
0
0
1
1
1
0
0
1
1
1
0
0
1
1
1
0
0
1
1
1
0
0
0
6 ms. Memory: 48128K Free: 29132K (61%)
ptolemy.util.test.WatchDog.cancel(): canceling Fri Dec 27 06:32:32 UTC 2019
auto.tcl: Setting watchdog for 200 seconds at Fri Dec 27 06:32:32 UTC 2019
0
1
1
1
0
0
1
1
1
0
0
1
1
1
0
0
1
1
1
0
0
1
1
1
0
0
1
1
1
0
0
1
1
1
0
0
1
1
1
0
0
0
6 ms. Memory: 48128K Free: 27624K (57%)
ptolemy.util.test.WatchDog.cancel(): canceling Fri Dec 27 06:32:32 UTC 2019
------------------ testing $PTII/ptolemy/domains/de/test/auto/dynamicCausalityInterface1.xml
auto.tcl: Setting watchdog for 200 seconds at Fri Dec 27 06:32:32 UTC 2019
2 ms. Memory: 48128K Free: 24502K (51%)
ptolemy.util.test.WatchDog.cancel(): canceling Fri Dec 27 06:32:32 UTC 2019
auto.tcl: Setting watchdog for 200 seconds at Fri Dec 27 06:32:32 UTC 2019
1 ms. Memory: 48128K Free: 24006K (50%)
ptolemy.util.test.WatchDog.cancel(): canceling Fri Dec 27 06:32:32 UTC 2019
------------------ testing $PTII/ptolemy/domains/de/test/auto/fsm_de_test.xml
auto.tcl: Setting watchdog for 200 seconds at Fri Dec 27 06:32:33 UTC 2019
14 ms. Memory: 48128K Free: 24928K (52%)
ptolemy.util.test.WatchDog.cancel(): canceling Fri Dec 27 06:32:33 UTC 2019
auto.tcl: Setting watchdog for 200 seconds at Fri Dec 27 06:32:33 UTC 2019
5 ms. Memory: 48128K Free: 22959K (48%)
ptolemy.util.test.WatchDog.cancel(): canceling Fri Dec 27 06:32:33 UTC 2019
------------------ testing $PTII/ptolemy/domains/de/test/auto/functionDependencyReconstruction.xml
auto.tcl: Setting watchdog for 200 seconds at Fri Dec 27 06:32:33 UTC 2019
3 ms. Memory: 48128K Free: 18897K (39%)
ptolemy.util.test.WatchDog.cancel(): canceling Fri Dec 27 06:32:33 UTC 2019
auto.tcl: Setting watchdog for 200 seconds at Fri Dec 27 06:32:33 UTC 2019
3 ms. Memory: 48128K Free: 16755K (35%)
ptolemy.util.test.WatchDog.cancel(): canceling Fri Dec 27 06:32:33 UTC 2019
------------------ testing $PTII/ptolemy/domains/de/test/auto/multirate.xml
auto.tcl: Setting watchdog for 200 seconds at Fri Dec 27 06:32:33 UTC 2019
4 ms. Memory: 48128K Free: 27580K (57%)
ptolemy.util.test.WatchDog.cancel(): canceling Fri Dec 27 06:32:33 UTC 2019
auto.tcl: Setting watchdog for 200 seconds at Fri Dec 27 06:32:33 UTC 2019
4 ms. Memory: 48128K Free: 25867K (54%)
ptolemy.util.test.WatchDog.cancel(): canceling Fri Dec 27 06:32:33 UTC 2019
------------------ testing $PTII/ptolemy/domains/de/test/auto/multirate2.xml
auto.tcl: Setting watchdog for 200 seconds at Fri Dec 27 06:32:33 UTC 2019
5 ms. Memory: 48128K Free: 27525K (57%)
ptolemy.util.test.WatchDog.cancel(): canceling Fri Dec 27 06:32:33 UTC 2019
auto.tcl: Setting watchdog for 200 seconds at Fri Dec 27 06:32:33 UTC 2019
2 ms. Memory: 48128K Free: 26040K (54%)
ptolemy.util.test.WatchDog.cancel(): canceling Fri Dec 27 06:32:33 UTC 2019
------------------ testing $PTII/ptolemy/domains/de/test/auto/realtime.xml
auto.tcl: Setting watchdog for 200 seconds at Fri Dec 27 06:32:33 UTC 2019
10001 ms. Memory: 48128K Free: 29817K (62%)
ptolemy.util.test.WatchDog.cancel(): canceling Fri Dec 27 06:32:43 UTC 2019
auto.tcl: Setting watchdog for 200 seconds at Fri Dec 27 06:32:43 UTC 2019
10002 ms. Memory: 48128K Free: 29075K (60%)
ptolemy.util.test.WatchDog.cancel(): canceling Fri Dec 27 06:32:53 UTC 2019
------------------ testing $PTII/ptolemy/domains/de/test/auto/relationGroup.xml
auto.tcl: Setting watchdog for 200 seconds at Fri Dec 27 06:32:53 UTC 2019
2 ms. Memory: 48128K Free: 30864K (64%)
ptolemy.util.test.WatchDog.cancel(): canceling Fri Dec 27 06:32:53 UTC 2019
auto.tcl: Setting watchdog for 200 seconds at Fri Dec 27 06:32:53 UTC 2019
1 ms. Memory: 48128K Free: 30154K (63%)
ptolemy.util.test.WatchDog.cancel(): canceling Fri Dec 27 06:32:53 UTC 2019
------------------ testing $PTII/ptolemy/domains/de/test/auto/relationGroup2.xml
auto.tcl: Setting watchdog for 200 seconds at Fri Dec 27 06:32:53 UTC 2019
1 ms. Memory: 48128K Free: 30683K (64%)
ptolemy.util.test.WatchDog.cancel(): canceling Fri Dec 27 06:32:53 UTC 2019
auto.tcl: Setting watchdog for 200 seconds at Fri Dec 27 06:32:53 UTC 2019
1 ms. Memory: 48128K Free: 30179K (63%)
ptolemy.util.test.WatchDog.cancel(): canceling Fri Dec 27 06:32:53 UTC 2019
------------------ testing $PTII/ptolemy/domains/de/test/auto/sortWithOpaquePorts.xml
auto.tcl: Setting watchdog for 200 seconds at Fri Dec 27 06:32:53 UTC 2019
2 ms. Memory: 48128K Free: 29636K (62%)
ptolemy.util.test.WatchDog.cancel(): canceling Fri Dec 27 06:32:53 UTC 2019
auto.tcl: Setting watchdog for 200 seconds at Fri Dec 27 06:32:53 UTC 2019
2 ms. Memory: 48128K Free: 28679K (60%)
ptolemy.util.test.WatchDog.cancel(): canceling Fri Dec 27 06:32:53 UTC 2019
------------------ testing $PTII/ptolemy/domains/de/test/auto/transferInputsandOutputs.xml
auto.tcl: Setting watchdog for 200 seconds at Fri Dec 27 06:32:53 UTC 2019
2 ms. Memory: 48128K Free: 27096K (56%)
ptolemy.util.test.WatchDog.cancel(): canceling Fri Dec 27 06:32:53 UTC 2019
auto.tcl: Setting watchdog for 200 seconds at Fri Dec 27 06:32:53 UTC 2019
2 ms. Memory: 48128K Free: 26106K (54%)
ptolemy.util.test.WatchDog.cancel(): canceling Fri Dec 27 06:32:53 UTC 2019
------------------ testing $PTII/ptolemy/domains/de/test/auto/triggerType.xml
auto.tcl: Setting watchdog for 200 seconds at Fri Dec 27 06:32:53 UTC 2019
1 ms. Memory: 48128K Free: 30121K (63%)
ptolemy.util.test.WatchDog.cancel(): canceling Fri Dec 27 06:32:53 UTC 2019
auto.tcl: Setting watchdog for 200 seconds at Fri Dec 27 06:32:53 UTC 2019
2 ms. Memory: 48128K Free: 29143K (61%)
ptolemy.util.test.WatchDog.cancel(): canceling Fri Dec 27 06:32:53 UTC 2019
12/27/19 06:32:53
Failed: 0  Total Tests: 192  ((Passed: 187, Newly Passed: 1)  Known Failed: 5) /home/travis/build/icyphy/ptII/ptolemy/domains/de/test
12/27/19 06:32:53
Failed: 0  Total Tests: 192  ((Passed: 187, Newly Passed: 1)  Known Failed: 5) /home/travis/build/icyphy/ptII/ptolemy/domains/de/test
----------------- testing (KnownFailure) /home/travis/build/icyphy/ptII/ptolemy/domains/de/test/auto/knownFailedTests/DESDFClockTest.xml
2010 ms. Memory: 48128K Free: 23516K (49%)
Known Failure: java.lang.reflect.InvocationTargetException
----------------- testing (KnownFailure) /home/travis/build/icyphy/ptII/ptolemy/domains/de/test/auto/knownFailedTests/DirectFeedback.xml
1 ms. Memory: 48128K Free: 18910K (39%)
Known Failure: java.lang.reflect.InvocationTargetException
----------------- testing (KnownFailure) /home/travis/build/icyphy/ptII/ptolemy/domains/de/test/auto/knownFailedTests/FSMSource.xml
6 ms. Memory: 48128K Free: 11742K (24%)
----------------- testing (KnownFailure) /home/travis/build/icyphy/ptII/ptolemy/domains/de/test/auto/knownFailedTests/HierarchicalModel.xml
3 ms. Memory: 48128K Free: 22534K (47%)
Known Failure: java.lang.reflect.InvocationTargetException
----------------- testing (KnownFailure) /home/travis/build/icyphy/ptII/ptolemy/domains/de/test/auto/knownFailedTests/dependencyLoop.xml
2 ms. Memory: 48128K Free: 7625K (16%)
Known Failure: java.lang.reflect.InvocationTargetException
----------------- testing (KnownFailure) /home/travis/build/icyphy/ptII/ptolemy/domains/de/test/auto/knownFailedTests/dependencyLoop2.xml
7 ms. Memory: 48128K Free: 18942K (39%)
Known Failure: java.lang.reflect.InvocationTargetException
No auto/linux-amd64/*.xml tests in /home/travis/build/icyphy/ptII/ptolemy/domains/de/test
AutoTests.java: About to close Vertx.
AutoTests.java: Vertx closed.

===========================================================================================
----------------- testing Fri Dec 27 06:32:55 UTC 2019 /home/travis/build/icyphy/ptII/ptolemy/domains/de/test/auto/ActorDepthCalculation_actorWithoutPorts.xml
----------------- Instantiating /home/travis/build/icyphy/ptII/ptolemy/domains/de/test/auto/ActorDepthCalculation_actorWithoutPorts.xml
2 ms. Memory: 48128K Free: 12634K (26%)
----------------- Invoking toplevel() on ptolemy.moml.MoMLSimpleApplication@5e5c515d
----------------- Done invoking toplevel() on ptolemy.moml.MoMLSimpleApplication@5e5c515d
reloadAllAccessors: .ActorDepthCalculation_actorWithoutPorts

===========================================================================================
----------------- testing Fri Dec 27 06:32:55 UTC 2019 /home/travis/build/icyphy/ptII/ptolemy/domains/de/test/auto/AssemblyLine.xml
----------------- Instantiating /home/travis/build/icyphy/ptII/ptolemy/domains/de/test/auto/AssemblyLine.xml
9 ms. Memory: 48128K Free: 32320K (67%)
----------------- Invoking toplevel() on ptolemy.moml.MoMLSimpleApplication@b8e2095
----------------- Done invoking toplevel() on ptolemy.moml.MoMLSimpleApplication@b8e2095
reloadAllAccessors: .AssemblyLine

===========================================================================================
----------------- testing Fri Dec 27 06:32:56 UTC 2019 /home/travis/build/icyphy/ptII/ptolemy/domains/de/test/auto/CQBug1.xml
----------------- Instantiating /home/travis/build/icyphy/ptII/ptolemy/domains/de/test/auto/CQBug1.xml
1 ms. Memory: 48128K Free: 29394K (61%)
----------------- Invoking toplevel() on ptolemy.moml.MoMLSimpleApplication@799fd957
----------------- Done invoking toplevel() on ptolemy.moml.MoMLSimpleApplication@799fd957
reloadAllAccessors: .CQBug1

===========================================================================================
----------------- testing Fri Dec 27 06:32:56 UTC 2019 /home/travis/build/icyphy/ptII/ptolemy/domains/de/test/auto/CancelFireAt.xml
----------------- Instantiating /home/travis/build/icyphy/ptII/ptolemy/domains/de/test/auto/CancelFireAt.xml
7 ms. Memory: 48128K Free: 26911K (56%)
----------------- Invoking toplevel() on ptolemy.moml.MoMLSimpleApplication@29c5f9c5
----------------- Done invoking toplevel() on ptolemy.moml.MoMLSimpleApplication@29c5f9c5
reloadAllAccessors: .CancelFireAt

===========================================================================================
----------------- testing Fri Dec 27 06:32:56 UTC 2019 /home/travis/build/icyphy/ptII/ptolemy/domains/de/test/auto/CausalityAndComposabilityAnalysis.xml
----------------- Instantiating /home/travis/build/icyphy/ptII/ptolemy/domains/de/test/auto/CausalityAndComposabilityAnalysis.xml
2 ms. Memory: 48128K Free: 22709K (47%)
----------------- Invoking toplevel() on ptolemy.moml.MoMLSimpleApplication@3b5197ab
----------------- Done invoking toplevel() on ptolemy.moml.MoMLSimpleApplication@3b5197ab
reloadAllAccessors: .CausalityAndComposabilityAnalysis

===========================================================================================
----------------- testing Fri Dec 27 06:32:56 UTC 2019 /home/travis/build/icyphy/ptII/ptolemy/domains/de/test/auto/CausalityInterface1.xml
----------------- Instantiating /home/travis/build/icyphy/ptII/ptolemy/domains/de/test/auto/CausalityInterface1.xml
5 ms. Memory: 48128K Free: 17791K (37%)
----------------- Invoking toplevel() on ptolemy.moml.MoMLSimpleApplication@52767461
----------------- Done invoking toplevel() on ptolemy.moml.MoMLSimpleApplication@52767461
reloadAllAccessors: .CausalityInterface1

===========================================================================================
----------------- testing Fri Dec 27 06:32:56 UTC 2019 /home/travis/build/icyphy/ptII/ptolemy/domains/de/test/auto/CausalityInterface15.xml
----------------- Instantiating /home/travis/build/icyphy/ptII/ptolemy/domains/de/test/auto/CausalityInterface15.xml
2 ms. Memory: 48128K Free: 12419K (26%)
----------------- Invoking toplevel() on ptolemy.moml.MoMLSimpleApplication@106f002b
----------------- Done invoking toplevel() on ptolemy.moml.MoMLSimpleApplication@106f002b
reloadAllAccessors: .CausalityInterface15

===========================================================================================
----------------- testing Fri Dec 27 06:32:56 UTC 2019 /home/travis/build/icyphy/ptII/ptolemy/domains/de/test/auto/CausalityInterface2.xml
----------------- Instantiating /home/travis/build/icyphy/ptII/ptolemy/domains/de/test/auto/CausalityInterface2.xml
2 ms. Memory: 48128K Free: 7696K (16%)
----------------- Invoking toplevel() on ptolemy.moml.MoMLSimpleApplication@586b335
----------------- Done invoking toplevel() on ptolemy.moml.MoMLSimpleApplication@586b335
reloadAllAccessors: .CausalityInterface2

===========================================================================================
----------------- testing Fri Dec 27 06:32:56 UTC 2019 /home/travis/build/icyphy/ptII/ptolemy/domains/de/test/auto/CausalityInterface3.xml
----------------- Instantiating /home/travis/build/icyphy/ptII/ptolemy/domains/de/test/auto/CausalityInterface3.xml
2 ms. Memory: 48128K Free: 29483K (61%)
----------------- Invoking toplevel() on ptolemy.moml.MoMLSimpleApplication@4bc6b739
----------------- Done invoking toplevel() on ptolemy.moml.MoMLSimpleApplication@4bc6b739
reloadAllAccessors: .CausalityInterface3

===========================================================================================
----------------- testing Fri Dec 27 06:32:56 UTC 2019 /home/travis/build/icyphy/ptII/ptolemy/domains/de/test/auto/ClockDrift.xml
----------------- Instantiating /home/travis/build/icyphy/ptII/ptolemy/domains/de/test/auto/ClockDrift.xml
15 ms. Memory: 48128K Free: 17574K (37%)
----------------- Invoking toplevel() on ptolemy.moml.MoMLSimpleApplication@1119dd2b
----------------- Done invoking toplevel() on ptolemy.moml.MoMLSimpleApplication@1119dd2b
reloadAllAccessors: .ClockDrift

===========================================================================================
----------------- testing Fri Dec 27 06:32:56 UTC 2019 /home/travis/build/icyphy/ptII/ptolemy/domains/de/test/auto/ClockDriftAndValueChange.xml
----------------- Instantiating /home/travis/build/icyphy/ptII/ptolemy/domains/de/test/auto/ClockDriftAndValueChange.xml
13 ms. Memory: 48128K Free: 32291K (67%)
----------------- Invoking toplevel() on ptolemy.moml.MoMLSimpleApplication@70a88d6d
----------------- Done invoking toplevel() on ptolemy.moml.MoMLSimpleApplication@70a88d6d
reloadAllAccessors: .ClockDriftAndValueChange

===========================================================================================
----------------- testing Fri Dec 27 06:32:56 UTC 2019 /home/travis/build/icyphy/ptII/ptolemy/domains/de/test/auto/ClockDriftChange.xml
----------------- Instantiating /home/travis/build/icyphy/ptII/ptolemy/domains/de/test/auto/ClockDriftChange.xml
8 ms. Memory: 48128K Free: 22114K (46%)
----------------- Invoking toplevel() on ptolemy.moml.MoMLSimpleApplication@45023e25
----------------- Done invoking toplevel() on ptolemy.moml.MoMLSimpleApplication@45023e25
reloadAllAccessors: .ClockDriftChange

===========================================================================================
----------------- testing Fri Dec 27 06:32:56 UTC 2019 /home/travis/build/icyphy/ptII/ptolemy/domains/de/test/auto/ComposableCausalityAnalysis.xml
----------------- Instantiating /home/travis/build/icyphy/ptII/ptolemy/domains/de/test/auto/ComposableCausalityAnalysis.xml
1 ms. Memory: 48128K Free: 16281K (34%)
----------------- Invoking toplevel() on ptolemy.moml.MoMLSimpleApplication@29551c08
----------------- Done invoking toplevel() on ptolemy.moml.MoMLSimpleApplication@29551c08
reloadAllAccessors: .ComposableCausalityAnalysis

===========================================================================================
----------------- testing Fri Dec 27 06:32:56 UTC 2019 /home/travis/build/icyphy/ptII/ptolemy/domains/de/test/auto/DEFixedPointLimitation.xml
----------------- Instantiating /home/travis/build/icyphy/ptII/ptolemy/domains/de/test/auto/DEFixedPointLimitation.xml
1 ms. Memory: 48128K Free: 11788K (24%)
----------------- Invoking toplevel() on ptolemy.moml.MoMLSimpleApplication@698b3d24
----------------- Done invoking toplevel() on ptolemy.moml.MoMLSimpleApplication@698b3d24
reloadAllAccessors: .DEFixedPointLimitation

===========================================================================================
----------------- testing Fri Dec 27 06:32:56 UTC 2019 /home/travis/build/icyphy/ptII/ptolemy/domains/de/test/auto/DEScheduleTest.xml
----------------- Instantiating /home/travis/build/icyphy/ptII/ptolemy/domains/de/test/auto/DEScheduleTest.xml
5 ms. Memory: 48128K Free: 33317K (69%)
----------------- Invoking toplevel() on ptolemy.moml.MoMLSimpleApplication@15b8607d
----------------- Done invoking toplevel() on ptolemy.moml.MoMLSimpleApplication@15b8607d
reloadAllAccessors: .DEScheduleTest

===========================================================================================
----------------- testing Fri Dec 27 06:32:56 UTC 2019 /home/travis/build/icyphy/ptII/ptolemy/domains/de/test/auto/DEinDEwithStartTimes.xml
----------------- Instantiating /home/travis/build/icyphy/ptII/ptolemy/domains/de/test/auto/DEinDEwithStartTimes.xml
1 ms. Memory: 48128K Free: 27472K (57%)
----------------- Invoking toplevel() on ptolemy.moml.MoMLSimpleApplication@6ff2072a
----------------- Done invoking toplevel() on ptolemy.moml.MoMLSimpleApplication@6ff2072a
reloadAllAccessors: .DEinDEwithStartTimes

===========================================================================================
----------------- testing Fri Dec 27 06:32:56 UTC 2019 /home/travis/build/icyphy/ptII/ptolemy/domains/de/test/auto/DEinDEwithStartTimes2.xml
----------------- Instantiating /home/travis/build/icyphy/ptII/ptolemy/domains/de/test/auto/DEinDEwithStartTimes2.xml
2 ms. Memory: 48128K Free: 20916K (43%)
----------------- Invoking toplevel() on ptolemy.moml.MoMLSimpleApplication@5a838f50
----------------- Done invoking toplevel() on ptolemy.moml.MoMLSimpleApplication@5a838f50
reloadAllAccessors: .DEinDEwithStartTimes2

===========================================================================================
----------------- testing Fri Dec 27 06:32:56 UTC 2019 /home/travis/build/icyphy/ptII/ptolemy/domains/de/test/auto/DateDemo.xml
----------------- Instantiating /home/travis/build/icyphy/ptII/ptolemy/domains/de/test/auto/DateDemo.xml
6 ms. Memory: 48128K Free: 9722K (20%)
----------------- Invoking toplevel() on ptolemy.moml.MoMLSimpleApplication@350185ef
----------------- Done invoking toplevel() on ptolemy.moml.MoMLSimpleApplication@350185ef
reloadAllAccessors: .DateDemo

===========================================================================================
----------------- testing Fri Dec 27 06:32:56 UTC 2019 /home/travis/build/icyphy/ptII/ptolemy/domains/de/test/auto/DateToEvent.xml
----------------- Instantiating /home/travis/build/icyphy/ptII/ptolemy/domains/de/test/auto/DateToEvent.xml
2004 ms. Memory: 48128K Free: 19637K (41%)
----------------- Invoking toplevel() on ptolemy.moml.MoMLSimpleApplication@6b97e666
----------------- Done invoking toplevel() on ptolemy.moml.MoMLSimpleApplication@6b97e666
reloadAllAccessors: .DateToEvent

===========================================================================================
----------------- testing Fri Dec 27 06:32:58 UTC 2019 /home/travis/build/icyphy/ptII/ptolemy/domains/de/test/auto/DepthTest1.xml
----------------- Instantiating /home/travis/build/icyphy/ptII/ptolemy/domains/de/test/auto/DepthTest1.xml
1 ms. Memory: 48128K Free: 16828K (35%)
----------------- Invoking toplevel() on ptolemy.moml.MoMLSimpleApplication@6e7a4271
----------------- Done invoking toplevel() on ptolemy.moml.MoMLSimpleApplication@6e7a4271
reloadAllAccessors: .DepthTest1

===========================================================================================
----------------- testing Fri Dec 27 06:32:58 UTC 2019 /home/travis/build/icyphy/ptII/ptolemy/domains/de/test/auto/DepthTest2.xml
----------------- Instantiating /home/travis/build/icyphy/ptII/ptolemy/domains/de/test/auto/DepthTest2.xml
2 ms. Memory: 48128K Free: 10372K (22%)
----------------- Invoking toplevel() on ptolemy.moml.MoMLSimpleApplication@28aff52a
----------------- Done invoking toplevel() on ptolemy.moml.MoMLSimpleApplication@28aff52a
reloadAllAccessors: .DepthTest2

===========================================================================================
----------------- testing Fri Dec 27 06:32:58 UTC 2019 /home/travis/build/icyphy/ptII/ptolemy/domains/de/test/auto/DepthTest3.xml
----------------- Instantiating /home/travis/build/icyphy/ptII/ptolemy/domains/de/test/auto/DepthTest3.xml
4 ms. Memory: 48128K Free: 33313K (69%)
----------------- Invoking toplevel() on ptolemy.moml.MoMLSimpleApplication@7545d7d0
----------------- Done invoking toplevel() on ptolemy.moml.MoMLSimpleApplication@7545d7d0
reloadAllAccessors: .DepthTest3

===========================================================================================
----------------- testing Fri Dec 27 06:32:58 UTC 2019 /home/travis/build/icyphy/ptII/ptolemy/domains/de/test/auto/DepthTest4.xml
----------------- Instantiating /home/travis/build/icyphy/ptII/ptolemy/domains/de/test/auto/DepthTest4.xml
1 ms. Memory: 48128K Free: 28536K (59%)
----------------- Invoking toplevel() on ptolemy.moml.MoMLSimpleApplication@2604ff08
----------------- Done invoking toplevel() on ptolemy.moml.MoMLSimpleApplication@2604ff08
reloadAllAccessors: .DepthTest4

===========================================================================================
----------------- testing Fri Dec 27 06:32:58 UTC 2019 /home/travis/build/icyphy/ptII/ptolemy/domains/de/test/auto/DepthTest5.xml
----------------- Instantiating /home/travis/build/icyphy/ptII/ptolemy/domains/de/test/auto/DepthTest5.xml
11 ms. Memory: 48128K Free: 23245K (48%)
----------------- Invoking toplevel() on ptolemy.moml.MoMLSimpleApplication@54ea02cc
----------------- Done invoking toplevel() on ptolemy.moml.MoMLSimpleApplication@54ea02cc
reloadAllAccessors: .DepthTest5

===========================================================================================
----------------- testing Fri Dec 27 06:32:58 UTC 2019 /home/travis/build/icyphy/ptII/ptolemy/domains/de/test/auto/DepthTest6.xml
----------------- Instantiating /home/travis/build/icyphy/ptII/ptolemy/domains/de/test/auto/DepthTest6.xml
1 ms. Memory: 48128K Free: 17932K (37%)
----------------- Invoking toplevel() on ptolemy.moml.MoMLSimpleApplication@70ccb2f8
----------------- Done invoking toplevel() on ptolemy.moml.MoMLSimpleApplication@70ccb2f8
reloadAllAccessors: .DepthTest6

===========================================================================================
----------------- testing Fri Dec 27 06:32:58 UTC 2019 /home/travis/build/icyphy/ptII/ptolemy/domains/de/test/auto/DepthTest7.xml
----------------- Instantiating /home/travis/build/icyphy/ptII/ptolemy/domains/de/test/auto/DepthTest7.xml
2 ms. Memory: 48128K Free: 13176K (27%)
----------------- Invoking toplevel() on ptolemy.moml.MoMLSimpleApplication@1ca8d67a
----------------- Done invoking toplevel() on ptolemy.moml.MoMLSimpleApplication@1ca8d67a
reloadAllAccessors: .DepthTest7

===========================================================================================
----------------- testing Fri Dec 27 06:32:58 UTC 2019 /home/travis/build/icyphy/ptII/ptolemy/domains/de/test/auto/EventToDate.xml
----------------- Instantiating /home/travis/build/icyphy/ptII/ptolemy/domains/de/test/auto/EventToDate.xml
3004 ms. Memory: 48128K Free: 24807K (52%)
----------------- Invoking toplevel() on ptolemy.moml.MoMLSimpleApplication@3d0825a
----------------- Done invoking toplevel() on ptolemy.moml.MoMLSimpleApplication@3d0825a
reloadAllAccessors: .EventToDate

===========================================================================================
----------------- testing Fri Dec 27 06:33:01 UTC 2019 /home/travis/build/icyphy/ptII/ptolemy/domains/de/test/auto/FSM1.xml
----------------- Instantiating /home/travis/build/icyphy/ptII/ptolemy/domains/de/test/auto/FSM1.xml
14 ms. Memory: 48128K Free: 12652K (26%)
----------------- Invoking toplevel() on ptolemy.moml.MoMLSimpleApplication@7f47338c
----------------- Done invoking toplevel() on ptolemy.moml.MoMLSimpleApplication@7f47338c
reloadAllAccessors: .FSM1

===========================================================================================
----------------- testing Fri Dec 27 06:33:01 UTC 2019 /home/travis/build/icyphy/ptII/ptolemy/domains/de/test/auto/FSM7.xml
----------------- Instantiating /home/travis/build/icyphy/ptII/ptolemy/domains/de/test/auto/FSM7.xml
18 ms. Memory: 48128K Free: 25930K (54%)
----------------- Invoking toplevel() on ptolemy.moml.MoMLSimpleApplication@36df9870
----------------- Done invoking toplevel() on ptolemy.moml.MoMLSimpleApplication@36df9870
reloadAllAccessors: .FSM7

===========================================================================================
----------------- testing Fri Dec 27 06:33:01 UTC 2019 /home/travis/build/icyphy/ptII/ptolemy/domains/de/test/auto/Inspection.xml
----------------- Instantiating /home/travis/build/icyphy/ptII/ptolemy/domains/de/test/auto/Inspection.xml
10 ms. Memory: 48128K Free: 13658K (28%)
----------------- Invoking toplevel() on ptolemy.moml.MoMLSimpleApplication@1df5c5e3
----------------- Done invoking toplevel() on ptolemy.moml.MoMLSimpleApplication@1df5c5e3
reloadAllAccessors: .Inspection

===========================================================================================
----------------- testing Fri Dec 27 06:33:01 UTC 2019 /home/travis/build/icyphy/ptII/ptolemy/domains/de/test/auto/Iteration.xml
----------------- Instantiating /home/travis/build/icyphy/ptII/ptolemy/domains/de/test/auto/Iteration.xml
11 ms. Memory: 48128K Free: 32134K (67%)
----------------- Invoking toplevel() on ptolemy.moml.MoMLSimpleApplication@122aa8e4
----------------- Done invoking toplevel() on ptolemy.moml.MoMLSimpleApplication@122aa8e4
reloadAllAccessors: .Iteration

===========================================================================================
----------------- testing Fri Dec 27 06:33:01 UTC 2019 /home/travis/build/icyphy/ptII/ptolemy/domains/de/test/auto/LineFault.xml
----------------- Instantiating /home/travis/build/icyphy/ptII/ptolemy/domains/de/test/auto/LineFault.xml
420 ms. Memory: 48128K Free: 18374K (38%)
----------------- Invoking toplevel() on ptolemy.moml.MoMLSimpleApplication@2339b674
----------------- Done invoking toplevel() on ptolemy.moml.MoMLSimpleApplication@2339b674
reloadAllAccessors: .LineFault

===========================================================================================
----------------- testing Fri Dec 27 06:33:02 UTC 2019 /home/travis/build/icyphy/ptII/ptolemy/domains/de/test/auto/MergeModel1Add.xml
----------------- Instantiating /home/travis/build/icyphy/ptII/ptolemy/domains/de/test/auto/MergeModel1Add.xml
5 ms. Memory: 48128K Free: 21637K (45%)
----------------- Invoking toplevel() on ptolemy.moml.MoMLSimpleApplication@16ed2c0c
----------------- Done invoking toplevel() on ptolemy.moml.MoMLSimpleApplication@16ed2c0c
reloadAllAccessors: .MergeModel1Add

===========================================================================================
----------------- testing Fri Dec 27 06:33:02 UTC 2019 /home/travis/build/icyphy/ptII/ptolemy/domains/de/test/auto/MergeModel2Add.xml
----------------- Instantiating /home/travis/build/icyphy/ptII/ptolemy/domains/de/test/auto/MergeModel2Add.xml
6 ms. Memory: 48128K Free: 25991K (54%)
----------------- Invoking toplevel() on ptolemy.moml.MoMLSimpleApplication@6c94ac1e
----------------- Done invoking toplevel() on ptolemy.moml.MoMLSimpleApplication@6c94ac1e
reloadAllAccessors: .MergeModel2Add

===========================================================================================
----------------- testing Fri Dec 27 06:33:02 UTC 2019 /home/travis/build/icyphy/ptII/ptolemy/domains/de/test/auto/MergeModel3Add.xml
----------------- Instantiating /home/travis/build/icyphy/ptII/ptolemy/domains/de/test/auto/MergeModel3Add.xml
10 ms. Memory: 48128K Free: 30322K (63%)
----------------- Invoking toplevel() on ptolemy.moml.MoMLSimpleApplication@451dd52c
----------------- Done invoking toplevel() on ptolemy.moml.MoMLSimpleApplication@451dd52c
reloadAllAccessors: .MergeModel3Add

===========================================================================================
----------------- testing Fri Dec 27 06:33:02 UTC 2019 /home/travis/build/icyphy/ptII/ptolemy/domains/de/test/auto/MergeWithoutDiscard.xml
----------------- Instantiating /home/travis/build/icyphy/ptII/ptolemy/domains/de/test/auto/MergeWithoutDiscard.xml
1 ms. Memory: 48128K Free: 26068K (54%)
----------------- Invoking toplevel() on ptolemy.moml.MoMLSimpleApplication@14cb507
----------------- Done invoking toplevel() on ptolemy.moml.MoMLSimpleApplication@14cb507
reloadAllAccessors: .MergeWithoutDiscard

===========================================================================================
----------------- testing Fri Dec 27 06:33:02 UTC 2019 /home/travis/build/icyphy/ptII/ptolemy/domains/de/test/auto/Modal1.xml
----------------- Instantiating /home/travis/build/icyphy/ptII/ptolemy/domains/de/test/auto/Modal1.xml
7 ms. Memory: 48128K Free: 13968K (29%)
----------------- Invoking toplevel() on ptolemy.moml.MoMLSimpleApplication@169d2e56
----------------- Done invoking toplevel() on ptolemy.moml.MoMLSimpleApplication@169d2e56
reloadAllAccessors: .Modal1

===========================================================================================
----------------- testing Fri Dec 27 06:33:02 UTC 2019 /home/travis/build/icyphy/ptII/ptolemy/domains/de/test/auto/Modal2.xml
----------------- Instantiating /home/travis/build/icyphy/ptII/ptolemy/domains/de/test/auto/Modal2.xml
11 ms. Memory: 48128K Free: 24514K (51%)
----------------- Invoking toplevel() on ptolemy.moml.MoMLSimpleApplication@68e1fe58
----------------- Done invoking toplevel() on ptolemy.moml.MoMLSimpleApplication@68e1fe58
reloadAllAccessors: .Modal2

===========================================================================================
----------------- testing Fri Dec 27 06:33:02 UTC 2019 /home/travis/build/icyphy/ptII/ptolemy/domains/de/test/auto/Modal3.xml
----------------- Instantiating /home/travis/build/icyphy/ptII/ptolemy/domains/de/test/auto/Modal3.xml
7 ms. Memory: 48128K Free: 12301K (26%)
----------------- Invoking toplevel() on ptolemy.moml.MoMLSimpleApplication@27dc36f9
----------------- Done invoking toplevel() on ptolemy.moml.MoMLSimpleApplication@27dc36f9
reloadAllAccessors: .Modal3

===========================================================================================
----------------- testing Fri Dec 27 06:33:02 UTC 2019 /home/travis/build/icyphy/ptII/ptolemy/domains/de/test/auto/Modal4.xml
----------------- Instantiating /home/travis/build/icyphy/ptII/ptolemy/domains/de/test/auto/Modal4.xml
10 ms. Memory: 48128K Free: 22072K (46%)
----------------- Invoking toplevel() on ptolemy.moml.MoMLSimpleApplication@a0f780b
----------------- Done invoking toplevel() on ptolemy.moml.MoMLSimpleApplication@a0f780b
reloadAllAccessors: .Modal4

===========================================================================================
----------------- testing Fri Dec 27 06:33:02 UTC 2019 /home/travis/build/icyphy/ptII/ptolemy/domains/de/test/auto/Modal5.xml
----------------- Instantiating /home/travis/build/icyphy/ptII/ptolemy/domains/de/test/auto/Modal5.xml
14 ms. Memory: 48128K Free: 31603K (66%)
----------------- Invoking toplevel() on ptolemy.moml.MoMLSimpleApplication@4ac63d0a
----------------- Done invoking toplevel() on ptolemy.moml.MoMLSimpleApplication@4ac63d0a
reloadAllAccessors: .Modal5

===========================================================================================
----------------- testing Fri Dec 27 06:33:02 UTC 2019 /home/travis/build/icyphy/ptII/ptolemy/domains/de/test/auto/Modal6.xml
----------------- Instantiating /home/travis/build/icyphy/ptII/ptolemy/domains/de/test/auto/Modal6.xml
8 ms. Memory: 48128K Free: 19115K (40%)
----------------- Invoking toplevel() on ptolemy.moml.MoMLSimpleApplication@29323404
----------------- Done invoking toplevel() on ptolemy.moml.MoMLSimpleApplication@29323404
reloadAllAccessors: .Modal6

===========================================================================================
----------------- testing Fri Dec 27 06:33:02 UTC 2019 /home/travis/build/icyphy/ptII/ptolemy/domains/de/test/auto/Modal7.xml
----------------- Instantiating /home/travis/build/icyphy/ptII/ptolemy/domains/de/test/auto/Modal7.xml
14 ms. Memory: 58368K Free: 38696K (66%)
----------------- Invoking toplevel() on ptolemy.moml.MoMLSimpleApplication@5403757
----------------- Done invoking toplevel() on ptolemy.moml.MoMLSimpleApplication@5403757
reloadAllAccessors: .Modal7

===========================================================================================
----------------- testing Fri Dec 27 06:33:02 UTC 2019 /home/travis/build/icyphy/ptII/ptolemy/domains/de/test/auto/ModalModel.xml
----------------- Instantiating /home/travis/build/icyphy/ptII/ptolemy/domains/de/test/auto/ModalModel.xml
126 ms. Memory: 58368K Free: 23996K (41%)
----------------- Invoking toplevel() on ptolemy.moml.MoMLSimpleApplication@500194d5
----------------- Done invoking toplevel() on ptolemy.moml.MoMLSimpleApplication@500194d5
reloadAllAccessors: .ModalModel

===========================================================================================
----------------- testing Fri Dec 27 06:33:02 UTC 2019 /home/travis/build/icyphy/ptII/ptolemy/domains/de/test/auto/ModalSource.xml
----------------- Instantiating /home/travis/build/icyphy/ptII/ptolemy/domains/de/test/auto/ModalSource.xml
6 ms. Memory: 58368K Free: 15804K (27%)
----------------- Invoking toplevel() on ptolemy.moml.MoMLSimpleApplication@2ddca979
----------------- Done invoking toplevel() on ptolemy.moml.MoMLSimpleApplication@2ddca979
reloadAllAccessors: .ModalSource

===========================================================================================
----------------- testing Fri Dec 27 06:33:02 UTC 2019 /home/travis/build/icyphy/ptII/ptolemy/domains/de/test/auto/NonInterruptibleTimerZeroDelay.xml
----------------- Instantiating /home/travis/build/icyphy/ptII/ptolemy/domains/de/test/auto/NonInterruptibleTimerZeroDelay.xml
2 ms. Memory: 58368K Free: 39301K (67%)
----------------- Invoking toplevel() on ptolemy.moml.MoMLSimpleApplication@17f4ffe
----------------- Done invoking toplevel() on ptolemy.moml.MoMLSimpleApplication@17f4ffe
reloadAllAccessors: .NonInterruptibleTimerZeroDelay

===========================================================================================
----------------- testing Fri Dec 27 06:33:02 UTC 2019 /home/travis/build/icyphy/ptII/ptolemy/domains/de/test/auto/OpenQueueingNetwork.xml
----------------- Instantiating /home/travis/build/icyphy/ptII/ptolemy/domains/de/test/auto/OpenQueueingNetwork.xml
2118 ms. Memory: 162816K Free: 60045K (37%)
----------------- Invoking toplevel() on ptolemy.moml.MoMLSimpleApplication@471e23e2
----------------- Done invoking toplevel() on ptolemy.moml.MoMLSimpleApplication@471e23e2
reloadAllAccessors: .OpenQueueingNetwork

===========================================================================================
----------------- testing Fri Dec 27 06:33:05 UTC 2019 /home/travis/build/icyphy/ptII/ptolemy/domains/de/test/auto/OpenQueuingNetwork.xml
----------------- Instantiating /home/travis/build/icyphy/ptII/ptolemy/domains/de/test/auto/OpenQueuingNetwork.xml
241 ms. Memory: 228352K Free: 137768K (60%)
----------------- Invoking toplevel() on ptolemy.moml.MoMLSimpleApplication@3db5a476
----------------- Done invoking toplevel() on ptolemy.moml.MoMLSimpleApplication@3db5a476
reloadAllAccessors: .OpenQueuingNetwork

===========================================================================================
----------------- testing Fri Dec 27 06:33:05 UTC 2019 /home/travis/build/icyphy/ptII/ptolemy/domains/de/test/auto/PeriodicSampler.xml
----------------- Instantiating /home/travis/build/icyphy/ptII/ptolemy/domains/de/test/auto/PeriodicSampler.xml
3 ms. Memory: 228352K Free: 133672K (59%)
----------------- Invoking toplevel() on ptolemy.moml.MoMLSimpleApplication@1cf90ac1
----------------- Done invoking toplevel() on ptolemy.moml.MoMLSimpleApplication@1cf90ac1
reloadAllAccessors: .PeriodicSampler

===========================================================================================
----------------- testing Fri Dec 27 06:33:05 UTC 2019 /home/travis/build/icyphy/ptII/ptolemy/domains/de/test/auto/PersistentIO.xml
----------------- Instantiating /home/travis/build/icyphy/ptII/ptolemy/domains/de/test/auto/PersistentIO.xml
3 ms. Memory: 228352K Free: 123946K (54%)
----------------- Invoking toplevel() on ptolemy.moml.MoMLSimpleApplication@94a2580
----------------- Done invoking toplevel() on ptolemy.moml.MoMLSimpleApplication@94a2580
reloadAllAccessors: .PersistentIO

===========================================================================================
----------------- testing Fri Dec 27 06:33:05 UTC 2019 /home/travis/build/icyphy/ptII/ptolemy/domains/de/test/auto/PortParameterResetOnInitialize.xml
----------------- Instantiating /home/travis/build/icyphy/ptII/ptolemy/domains/de/test/auto/PortParameterResetOnInitialize.xml
1 ms. Memory: 228352K Free: 119330K (52%)
----------------- Invoking toplevel() on ptolemy.moml.MoMLSimpleApplication@61feb525
----------------- Done invoking toplevel() on ptolemy.moml.MoMLSimpleApplication@61feb525
reloadAllAccessors: .PortParameterResetOnInitialize

===========================================================================================
----------------- testing Fri Dec 27 06:33:05 UTC 2019 /home/travis/build/icyphy/ptII/ptolemy/domains/de/test/auto/PortParameterUpdates.xml
----------------- Instantiating /home/travis/build/icyphy/ptII/ptolemy/domains/de/test/auto/PortParameterUpdates.xml
3 ms. Memory: 228352K Free: 112682K (49%)
----------------- Invoking toplevel() on ptolemy.moml.MoMLSimpleApplication@52d54e93
----------------- Done invoking toplevel() on ptolemy.moml.MoMLSimpleApplication@52d54e93
reloadAllAccessors: .PortParameterUpdates

===========================================================================================
----------------- testing Fri Dec 27 06:33:05 UTC 2019 /home/travis/build/icyphy/ptII/ptolemy/domains/de/test/auto/QueueAndServer.xml
----------------- Instantiating /home/travis/build/icyphy/ptII/ptolemy/domains/de/test/auto/QueueAndServer.xml
4 ms. Memory: 228352K Free: 105000K (46%)
----------------- Invoking toplevel() on ptolemy.moml.MoMLSimpleApplication@4be0b959
----------------- Done invoking toplevel() on ptolemy.moml.MoMLSimpleApplication@4be0b959
reloadAllAccessors: .QueueAndServer

===========================================================================================
----------------- testing Fri Dec 27 06:33:05 UTC 2019 /home/travis/build/icyphy/ptII/ptolemy/domains/de/test/auto/Records.xml
----------------- Instantiating /home/travis/build/icyphy/ptII/ptolemy/domains/de/test/auto/Records.xml
3 ms. Memory: 228352K Free: 99370K (44%)
----------------- Invoking toplevel() on ptolemy.moml.MoMLSimpleApplication@5b6855be
----------------- Done invoking toplevel() on ptolemy.moml.MoMLSimpleApplication@5b6855be
reloadAllAccessors: .Records

===========================================================================================
----------------- testing Fri Dec 27 06:33:05 UTC 2019 /home/travis/build/icyphy/ptII/ptolemy/domains/de/test/auto/ResetTransitionWithStartTime1.xml
----------------- Instantiating /home/travis/build/icyphy/ptII/ptolemy/domains/de/test/auto/ResetTransitionWithStartTime1.xml
4 ms. Memory: 228352K Free: 207794K (91%)
----------------- Invoking toplevel() on ptolemy.moml.MoMLSimpleApplication@55871484
----------------- Done invoking toplevel() on ptolemy.moml.MoMLSimpleApplication@55871484
reloadAllAccessors: .ResetTransitionWithStartTime1

===========================================================================================
----------------- testing Fri Dec 27 06:33:05 UTC 2019 /home/travis/build/icyphy/ptII/ptolemy/domains/de/test/auto/ResetTransitionWithStartTime2.xml
----------------- Instantiating /home/travis/build/icyphy/ptII/ptolemy/domains/de/test/auto/ResetTransitionWithStartTime2.xml
4 ms. Memory: 228352K Free: 199602K (87%)
----------------- Invoking toplevel() on ptolemy.moml.MoMLSimpleApplication@df2f6ac
----------------- Done invoking toplevel() on ptolemy.moml.MoMLSimpleApplication@df2f6ac
reloadAllAccessors: .ResetTransitionWithStartTime2

===========================================================================================
----------------- testing Fri Dec 27 06:33:05 UTC 2019 /home/travis/build/icyphy/ptII/ptolemy/domains/de/test/auto/ResetTransitionWithStartTime3.xml
----------------- Instantiating /home/travis/build/icyphy/ptII/ptolemy/domains/de/test/auto/ResetTransitionWithStartTime3.xml
4 ms. Memory: 228352K Free: 191410K (84%)
----------------- Invoking toplevel() on ptolemy.moml.MoMLSimpleApplication@394fd673
----------------- Done invoking toplevel() on ptolemy.moml.MoMLSimpleApplication@394fd673
reloadAllAccessors: .ResetTransitionWithStartTime3

===========================================================================================
----------------- testing Fri Dec 27 06:33:05 UTC 2019 /home/travis/build/icyphy/ptII/ptolemy/domains/de/test/auto/ResetTransitionWithStartTime4.xml
----------------- Instantiating /home/travis/build/icyphy/ptII/ptolemy/domains/de/test/auto/ResetTransitionWithStartTime4.xml
3 ms. Memory: 228352K Free: 183722K (80%)
----------------- Invoking toplevel() on ptolemy.moml.MoMLSimpleApplication@5260f335
----------------- Done invoking toplevel() on ptolemy.moml.MoMLSimpleApplication@5260f335
reloadAllAccessors: .ResetTransitionWithStartTime4

===========================================================================================
----------------- testing Fri Dec 27 06:33:05 UTC 2019 /home/travis/build/icyphy/ptII/ptolemy/domains/de/test/auto/ResettableTimer1.xml
----------------- Instantiating /home/travis/build/icyphy/ptII/ptolemy/domains/de/test/auto/ResettableTimer1.xml
2 ms. Memory: 228352K Free: 179618K (79%)
----------------- Invoking toplevel() on ptolemy.moml.MoMLSimpleApplication@6722b8aa
----------------- Done invoking toplevel() on ptolemy.moml.MoMLSimpleApplication@6722b8aa
reloadAllAccessors: .ResettableTimer1

===========================================================================================
----------------- testing Fri Dec 27 06:33:05 UTC 2019 /home/travis/build/icyphy/ptII/ptolemy/domains/de/test/auto/ResettableTimer2.xml
----------------- Instantiating /home/travis/build/icyphy/ptII/ptolemy/domains/de/test/auto/ResettableTimer2.xml
1 ms. Memory: 228352K Free: 175522K (77%)
----------------- Invoking toplevel() on ptolemy.moml.MoMLSimpleApplication@49a9dcf4
----------------- Done invoking toplevel() on ptolemy.moml.MoMLSimpleApplication@49a9dcf4
reloadAllAccessors: .ResettableTimer2

===========================================================================================
----------------- testing Fri Dec 27 06:33:05 UTC 2019 /home/travis/build/icyphy/ptII/ptolemy/domains/de/test/auto/ResettableTimer3.xml
----------------- Instantiating /home/travis/build/icyphy/ptII/ptolemy/domains/de/test/auto/ResettableTimer3.xml
1 ms. Memory: 228352K Free: 171440K (75%)
----------------- Invoking toplevel() on ptolemy.moml.MoMLSimpleApplication@ef74427
----------------- Done invoking toplevel() on ptolemy.moml.MoMLSimpleApplication@ef74427
reloadAllAccessors: .ResettableTimer3

===========================================================================================
----------------- testing Fri Dec 27 06:33:05 UTC 2019 /home/travis/build/icyphy/ptII/ptolemy/domains/de/test/auto/ResettableTimer4.xml
----------------- Instantiating /home/travis/build/icyphy/ptII/ptolemy/domains/de/test/auto/ResettableTimer4.xml
1 ms. Memory: 228352K Free: 167344K (73%)
----------------- Invoking toplevel() on ptolemy.moml.MoMLSimpleApplication@3137a7f9
----------------- Done invoking toplevel() on ptolemy.moml.MoMLSimpleApplication@3137a7f9
reloadAllAccessors: .ResettableTimer4

===========================================================================================
----------------- testing Fri Dec 27 06:33:05 UTC 2019 /home/travis/build/icyphy/ptII/ptolemy/domains/de/test/auto/ResettableTimer5.xml
----------------- Instantiating /home/travis/build/icyphy/ptII/ptolemy/domains/de/test/auto/ResettableTimer5.xml
1 ms. Memory: 228352K Free: 162738K (71%)
----------------- Invoking toplevel() on ptolemy.moml.MoMLSimpleApplication@534581c2
----------------- Done invoking toplevel() on ptolemy.moml.MoMLSimpleApplication@534581c2
reloadAllAccessors: .ResettableTimer5

===========================================================================================
----------------- testing Fri Dec 27 06:33:05 UTC 2019 /home/travis/build/icyphy/ptII/ptolemy/domains/de/test/auto/ResettableTimer6.xml
----------------- Instantiating /home/travis/build/icyphy/ptII/ptolemy/domains/de/test/auto/ResettableTimer6.xml
6 ms. Memory: 228352K Free: 158125K (69%)
----------------- Invoking toplevel() on ptolemy.moml.MoMLSimpleApplication@512430f9
----------------- Done invoking toplevel() on ptolemy.moml.MoMLSimpleApplication@512430f9
reloadAllAccessors: .ResettableTimer6

===========================================================================================
----------------- testing Fri Dec 27 06:33:05 UTC 2019 /home/travis/build/icyphy/ptII/ptolemy/domains/de/test/auto/ServerZeroDelay.xml
----------------- Instantiating /home/travis/build/icyphy/ptII/ptolemy/domains/de/test/auto/ServerZeroDelay.xml
2 ms. Memory: 228352K Free: 154018K (67%)
----------------- Invoking toplevel() on ptolemy.moml.MoMLSimpleApplication@ca00390
----------------- Done invoking toplevel() on ptolemy.moml.MoMLSimpleApplication@ca00390
reloadAllAccessors: .ServerZeroDelay

===========================================================================================
----------------- testing Fri Dec 27 06:33:05 UTC 2019 /home/travis/build/icyphy/ptII/ptolemy/domains/de/test/auto/SmartSender.xml
----------------- Instantiating /home/travis/build/icyphy/ptII/ptolemy/domains/de/test/auto/SmartSender.xml
3000 ms. Memory: 228352K Free: 149936K (66%)
----------------- Invoking toplevel() on ptolemy.moml.MoMLSimpleApplication@54c05eb8
----------------- Done invoking toplevel() on ptolemy.moml.MoMLSimpleApplication@54c05eb8
reloadAllAccessors: .SmartSender

===========================================================================================
----------------- testing Fri Dec 27 06:33:08 UTC 2019 /home/travis/build/icyphy/ptII/ptolemy/domains/de/test/auto/ThreadedComposite.xml
----------------- Instantiating /home/travis/build/icyphy/ptII/ptolemy/domains/de/test/auto/ThreadedComposite.xml
89 ms. Memory: 228352K Free: 129970K (57%)
----------------- Invoking toplevel() on ptolemy.moml.MoMLSimpleApplication@23ae001f
----------------- Done invoking toplevel() on ptolemy.moml.MoMLSimpleApplication@23ae001f
reloadAllAccessors: .ThreadedComposite

===========================================================================================
----------------- testing Fri Dec 27 06:33:08 UTC 2019 /home/travis/build/icyphy/ptII/ptolemy/domains/de/test/auto/Time.xml
----------------- Instantiating /home/travis/build/icyphy/ptII/ptolemy/domains/de/test/auto/Time.xml
317 ms. Memory: 228352K Free: 203326K (89%)
----------------- Invoking toplevel() on ptolemy.moml.MoMLSimpleApplication@7d30f447
----------------- Done invoking toplevel() on ptolemy.moml.MoMLSimpleApplication@7d30f447
reloadAllAccessors: .Time

===========================================================================================
----------------- testing Fri Dec 27 06:33:09 UTC 2019 /home/travis/build/icyphy/ptII/ptolemy/domains/de/test/auto/TimeDelayZeroDelay.xml
----------------- Instantiating /home/travis/build/icyphy/ptII/ptolemy/domains/de/test/auto/TimeDelayZeroDelay.xml
2 ms. Memory: 228352K Free: 199230K (87%)
----------------- Invoking toplevel() on ptolemy.moml.MoMLSimpleApplication@2068215e
----------------- Done invoking toplevel() on ptolemy.moml.MoMLSimpleApplication@2068215e
reloadAllAccessors: .TimeDelayZeroDelay

===========================================================================================
----------------- testing Fri Dec 27 06:33:09 UTC 2019 /home/travis/build/icyphy/ptII/ptolemy/domains/de/test/auto/TimerZeroDelay.xml
----------------- Instantiating /home/travis/build/icyphy/ptII/ptolemy/domains/de/test/auto/TimerZeroDelay.xml
2 ms. Memory: 228352K Free: 194624K (85%)
----------------- Invoking toplevel() on ptolemy.moml.MoMLSimpleApplication@56130266
----------------- Done invoking toplevel() on ptolemy.moml.MoMLSimpleApplication@56130266
reloadAllAccessors: .TimerZeroDelay

===========================================================================================
----------------- testing Fri Dec 27 06:33:09 UTC 2019 /home/travis/build/icyphy/ptII/ptolemy/domains/de/test/auto/TimingParadox.xml
----------------- Instantiating /home/travis/build/icyphy/ptII/ptolemy/domains/de/test/auto/TimingParadox.xml
235 ms. Memory: 228352K Free: 128064K (56%)
----------------- Invoking toplevel() on ptolemy.moml.MoMLSimpleApplication@3d09a053
----------------- Done invoking toplevel() on ptolemy.moml.MoMLSimpleApplication@3d09a053
reloadAllAccessors: .TimingParadox

===========================================================================================
----------------- testing Fri Dec 27 06:33:09 UTC 2019 /home/travis/build/icyphy/ptII/ptolemy/domains/de/test/auto/TransferInputs.xml
----------------- Instantiating /home/travis/build/icyphy/ptII/ptolemy/domains/de/test/auto/TransferInputs.xml
1 ms. Memory: 228352K Free: 123424K (54%)
----------------- Invoking toplevel() on ptolemy.moml.MoMLSimpleApplication@26ece403
----------------- Done invoking toplevel() on ptolemy.moml.MoMLSimpleApplication@26ece403
reloadAllAccessors: .TransferInputs

===========================================================================================
----------------- testing Fri Dec 27 06:33:09 UTC 2019 /home/travis/build/icyphy/ptII/ptolemy/domains/de/test/auto/TransferOutputs2.xml
----------------- Instantiating /home/travis/build/icyphy/ptII/ptolemy/domains/de/test/auto/TransferOutputs2.xml
3 ms. Memory: 228352K Free: 115262K (50%)
----------------- Invoking toplevel() on ptolemy.moml.MoMLSimpleApplication@18dec5b
----------------- Done invoking toplevel() on ptolemy.moml.MoMLSimpleApplication@18dec5b
reloadAllAccessors: .TransferOutputs2

===========================================================================================
----------------- testing Fri Dec 27 06:33:09 UTC 2019 /home/travis/build/icyphy/ptII/ptolemy/domains/de/test/auto/Trilateration.xml
----------------- Instantiating /home/travis/build/icyphy/ptII/ptolemy/domains/de/test/auto/Trilateration.xml
9745 ms. Memory: 476160K Free: 447509K (94%)
----------------- Invoking toplevel() on ptolemy.moml.MoMLSimpleApplication@6687a228
----------------- Done invoking toplevel() on ptolemy.moml.MoMLSimpleApplication@6687a228
reloadAllAccessors: .Trilateration

===========================================================================================
----------------- testing Fri Dec 27 06:33:19 UTC 2019 /home/travis/build/icyphy/ptII/ptolemy/domains/de/test/auto/TwoSigmaDelta.xml
----------------- Instantiating /home/travis/build/icyphy/ptII/ptolemy/domains/de/test/auto/TwoSigmaDelta.xml
1611 ms. Memory: 476160K Free: 246811K (52%)
----------------- Invoking toplevel() on ptolemy.moml.MoMLSimpleApplication@5a039179
----------------- Done invoking toplevel() on ptolemy.moml.MoMLSimpleApplication@5a039179
reloadAllAccessors: .TwoSigmaDelta

===========================================================================================
----------------- testing Fri Dec 27 06:33:21 UTC 2019 /home/travis/build/icyphy/ptII/ptolemy/domains/de/test/auto/VariableDelay.xml
----------------- Instantiating /home/travis/build/icyphy/ptII/ptolemy/domains/de/test/auto/VariableDelay.xml
2 ms. Memory: 476160K Free: 242205K (51%)
----------------- Invoking toplevel() on ptolemy.moml.MoMLSimpleApplication@6bc4c87
----------------- Done invoking toplevel() on ptolemy.moml.MoMLSimpleApplication@6bc4c87
reloadAllAccessors: .VariableDelay

===========================================================================================
----------------- testing Fri Dec 27 06:33:21 UTC 2019 /home/travis/build/icyphy/ptII/ptolemy/domains/de/test/auto/VariableDelay2.xml
----------------- Instantiating /home/travis/build/icyphy/ptII/ptolemy/domains/de/test/auto/VariableDelay2.xml
1 ms. Memory: 476160K Free: 237581K (50%)
----------------- Invoking toplevel() on ptolemy.moml.MoMLSimpleApplication@3ffbe82d
----------------- Done invoking toplevel() on ptolemy.moml.MoMLSimpleApplication@3ffbe82d
reloadAllAccessors: .VariableDelay2

===========================================================================================
----------------- testing Fri Dec 27 06:33:21 UTC 2019 /home/travis/build/icyphy/ptII/ptolemy/domains/de/test/auto/VariableDelayZeroDelay.xml
----------------- Instantiating /home/travis/build/icyphy/ptII/ptolemy/domains/de/test/auto/VariableDelayZeroDelay.xml
2 ms. Memory: 476160K Free: 233499K (49%)
----------------- Invoking toplevel() on ptolemy.moml.MoMLSimpleApplication@4111db8f
----------------- Done invoking toplevel() on ptolemy.moml.MoMLSimpleApplication@4111db8f
reloadAllAccessors: .VariableDelayZeroDelay

===========================================================================================
----------------- testing Fri Dec 27 06:33:21 UTC 2019 /home/travis/build/icyphy/ptII/ptolemy/domains/de/test/auto/VariableDelayZeroDelay2.xml
----------------- Instantiating /home/travis/build/icyphy/ptII/ptolemy/domains/de/test/auto/VariableDelayZeroDelay2.xml
2 ms. Memory: 476160K Free: 228893K (48%)
----------------- Invoking toplevel() on ptolemy.moml.MoMLSimpleApplication@35466cc4
----------------- Done invoking toplevel() on ptolemy.moml.MoMLSimpleApplication@35466cc4
reloadAllAccessors: .VariableDelayZeroDelay2

===========================================================================================
----------------- testing Fri Dec 27 06:33:21 UTC 2019 /home/travis/build/icyphy/ptII/ptolemy/domains/de/test/auto/deInCt.xml
----------------- Instantiating /home/travis/build/icyphy/ptII/ptolemy/domains/de/test/auto/deInCt.xml
0
1
1
1
1
0
0
0
0
1
1
1
0
0
0
0
1
1
1
0
0
1
1
1
1
0
0
1
1
0
0
0
1
1
1
1
1
0
0
0
0
7 ms. Memory: 476160K Free: 223773K (47%)
----------------- Invoking toplevel() on ptolemy.moml.MoMLSimpleApplication@443de318
----------------- Done invoking toplevel() on ptolemy.moml.MoMLSimpleApplication@443de318
reloadAllAccessors: .deInCt

===========================================================================================
----------------- testing Fri Dec 27 06:33:21 UTC 2019 /home/travis/build/icyphy/ptII/ptolemy/domains/de/test/auto/deInCt2.xml
----------------- Instantiating /home/travis/build/icyphy/ptII/ptolemy/domains/de/test/auto/deInCt2.xml
0
1
1
1
0
0
1
1
1
0
0
1
1
1
0
0
1
1
1
0
0
1
1
1
0
0
1
1
1
0
0
1
1
1
0
0
1
1
1
0
0
0
6 ms. Memory: 476160K Free: 218653K (46%)
----------------- Invoking toplevel() on ptolemy.moml.MoMLSimpleApplication@601fca23
----------------- Done invoking toplevel() on ptolemy.moml.MoMLSimpleApplication@601fca23
reloadAllAccessors: .deInCt2

===========================================================================================
----------------- testing Fri Dec 27 06:33:21 UTC 2019 /home/travis/build/icyphy/ptII/ptolemy/domains/de/test/auto/dynamicCausalityInterface1.xml
----------------- Instantiating /home/travis/build/icyphy/ptII/ptolemy/domains/de/test/auto/dynamicCausalityInterface1.xml
1 ms. Memory: 476160K Free: 209437K (44%)
----------------- Invoking toplevel() on ptolemy.moml.MoMLSimpleApplication@2e1ba97a
----------------- Done invoking toplevel() on ptolemy.moml.MoMLSimpleApplication@2e1ba97a
reloadAllAccessors: .dynamicCausalityInterface1

===========================================================================================
----------------- testing Fri Dec 27 06:33:21 UTC 2019 /home/travis/build/icyphy/ptII/ptolemy/domains/de/test/auto/fsm_de_test.xml
----------------- Instantiating /home/travis/build/icyphy/ptII/ptolemy/domains/de/test/auto/fsm_de_test.xml
4 ms. Memory: 476160K Free: 200221K (42%)
----------------- Invoking toplevel() on ptolemy.moml.MoMLSimpleApplication@61e386c0
----------------- Done invoking toplevel() on ptolemy.moml.MoMLSimpleApplication@61e386c0
reloadAllAccessors: .fsm_de_test

===========================================================================================
----------------- testing Fri Dec 27 06:33:21 UTC 2019 /home/travis/build/icyphy/ptII/ptolemy/domains/de/test/auto/functionDependencyReconstruction.xml
----------------- Instantiating /home/travis/build/icyphy/ptII/ptolemy/domains/de/test/auto/functionDependencyReconstruction.xml
2 ms. Memory: 476160K Free: 185371K (39%)
----------------- Invoking toplevel() on ptolemy.moml.MoMLSimpleApplication@491c289e
----------------- Done invoking toplevel() on ptolemy.moml.MoMLSimpleApplication@491c289e
reloadAllAccessors: .functionDependencyReconstruction

===========================================================================================
----------------- testing Fri Dec 27 06:33:21 UTC 2019 /home/travis/build/icyphy/ptII/ptolemy/domains/de/test/auto/multirate.xml
----------------- Instantiating /home/travis/build/icyphy/ptII/ptolemy/domains/de/test/auto/multirate.xml
2 ms. Memory: 476160K Free: 178717K (38%)
----------------- Invoking toplevel() on ptolemy.moml.MoMLSimpleApplication@751a946e
----------------- Done invoking toplevel() on ptolemy.moml.MoMLSimpleApplication@751a946e
reloadAllAccessors: .multirate

===========================================================================================
----------------- testing Fri Dec 27 06:33:21 UTC 2019 /home/travis/build/icyphy/ptII/ptolemy/domains/de/test/auto/multirate2.xml
----------------- Instantiating /home/travis/build/icyphy/ptII/ptolemy/domains/de/test/auto/multirate2.xml
3 ms. Memory: 476160K Free: 172045K (36%)
----------------- Invoking toplevel() on ptolemy.moml.MoMLSimpleApplication@2ca1847
----------------- Done invoking toplevel() on ptolemy.moml.MoMLSimpleApplication@2ca1847
reloadAllAccessors: .multirate2

===========================================================================================
----------------- testing Fri Dec 27 06:33:21 UTC 2019 /home/travis/build/icyphy/ptII/ptolemy/domains/de/test/auto/realtime.xml
----------------- Instantiating /home/travis/build/icyphy/ptII/ptolemy/domains/de/test/auto/realtime.xml
10001 ms. Memory: 476160K Free: 167453K (35%)
----------------- Invoking toplevel() on ptolemy.moml.MoMLSimpleApplication@453aad6b
----------------- Done invoking toplevel() on ptolemy.moml.MoMLSimpleApplication@453aad6b
reloadAllAccessors: .realtime

===========================================================================================
----------------- testing Fri Dec 27 06:33:31 UTC 2019 /home/travis/build/icyphy/ptII/ptolemy/domains/de/test/auto/relationGroup.xml
----------------- Instantiating /home/travis/build/icyphy/ptII/ptolemy/domains/de/test/auto/relationGroup.xml
1 ms. Memory: 476160K Free: 444975K (93%)
----------------- Invoking toplevel() on ptolemy.moml.MoMLSimpleApplication@6c7e2ec3
----------------- Done invoking toplevel() on ptolemy.moml.MoMLSimpleApplication@6c7e2ec3
reloadAllAccessors: .relationGroup

===========================================================================================
----------------- testing Fri Dec 27 06:33:31 UTC 2019 /home/travis/build/icyphy/ptII/ptolemy/domains/de/test/auto/relationGroup2.xml
----------------- Instantiating /home/travis/build/icyphy/ptII/ptolemy/domains/de/test/auto/relationGroup2.xml
3 ms. Memory: 476160K Free: 441407K (93%)
----------------- Invoking toplevel() on ptolemy.moml.MoMLSimpleApplication@1d53f0bd
----------------- Done invoking toplevel() on ptolemy.moml.MoMLSimpleApplication@1d53f0bd
reloadAllAccessors: .relationGroup2

===========================================================================================
----------------- testing Fri Dec 27 06:33:31 UTC 2019 /home/travis/build/icyphy/ptII/ptolemy/domains/de/test/auto/sortWithOpaquePorts.xml
----------------- Instantiating /home/travis/build/icyphy/ptII/ptolemy/domains/de/test/auto/sortWithOpaquePorts.xml
1 ms. Memory: 476160K Free: 436767K (92%)
----------------- Invoking toplevel() on ptolemy.moml.MoMLSimpleApplication@fee26aa
----------------- Done invoking toplevel() on ptolemy.moml.MoMLSimpleApplication@fee26aa
reloadAllAccessors: .sortWithOpaquePorts

===========================================================================================
----------------- testing Fri Dec 27 06:33:31 UTC 2019 /home/travis/build/icyphy/ptII/ptolemy/domains/de/test/auto/transferInputsandOutputs.xml
----------------- Instantiating /home/travis/build/icyphy/ptII/ptolemy/domains/de/test/auto/transferInputsandOutputs.xml
2 ms. Memory: 476160K Free: 429629K (90%)
----------------- Invoking toplevel() on ptolemy.moml.MoMLSimpleApplication@47fca8d3
----------------- Done invoking toplevel() on ptolemy.moml.MoMLSimpleApplication@47fca8d3
reloadAllAccessors: .transferInputsandOutputs

===========================================================================================
----------------- testing Fri Dec 27 06:33:31 UTC 2019 /home/travis/build/icyphy/ptII/ptolemy/domains/de/test/auto/triggerType.xml
----------------- Instantiating /home/travis/build/icyphy/ptII/ptolemy/domains/de/test/auto/triggerType.xml
1 ms. Memory: 476160K Free: 425519K (89%)
----------------- Invoking toplevel() on ptolemy.moml.MoMLSimpleApplication@89aee11
----------------- Done invoking toplevel() on ptolemy.moml.MoMLSimpleApplication@89aee11
reloadAllAccessors: .triggerType
AutoTests.java: About to close Vertx.
AutoTests.java: Vertx closed.
]]></system-out>
  <system-err><![CDATA[java.lang.RuntimeException: Execution failed
	at ptolemy.moml.MoMLSimpleApplication$UnloadThread.run(MoMLSimpleApplication.java:402)
Caused by: ptolemy.kernel.util.IllegalActionException: Found a zero delay loop containing .dependencyLoop.original
  in .dependencyLoop and .dependencyLoop.original
	at ptolemy.actor.util.CausalityInterfaceForComposites._computeOutputPortDepth(CausalityInterfaceForComposites.java:759)
	at ptolemy.actor.util.CausalityInterfaceForComposites._computeInputDepth(CausalityInterfaceForComposites.java:696)
	at ptolemy.actor.util.CausalityInterfaceForComposites._computeOutputPortDepth(CausalityInterfaceForComposites.java:765)
	at ptolemy.actor.util.CausalityInterfaceForComposites._computeInputDepth(CausalityInterfaceForComposites.java:696)
	at ptolemy.actor.util.CausalityInterfaceForComposites._computeOutputPortDepth(CausalityInterfaceForComposites.java:765)
	at ptolemy.actor.util.CausalityInterfaceForComposites._computeInputDepth(CausalityInterfaceForComposites.java:696)
	at ptolemy.actor.util.CausalityInterfaceForComposites._computeActorDepth(CausalityInterfaceForComposites.java:532)
	at ptolemy.actor.util.CausalityInterfaceForComposites.checkForCycles(CausalityInterfaceForComposites.java:96)
	at ptolemy.domains.de.kernel.DEDirector.preinitialize(DEDirector.java:1338)
	at ptolemy.actor.CompositeActor.preinitialize(CompositeActor.java:1828)
	at ptolemy.actor.Manager.preinitializeAndResolveTypes(Manager.java:1040)
	at ptolemy.actor.Manager.initialize(Manager.java:710)
	at ptolemy.actor.Manager.execute(Manager.java:356)
	at ptolemy.actor.Manager.run(Manager.java:1263)
	at ptolemy.actor.Manager$PtolemyRunThread.run(Manager.java:1933)
java.lang.RuntimeException: Execution failed
	at ptolemy.moml.MoMLSimpleApplication$UnloadThread.run(MoMLSimpleApplication.java:402)
Caused by: ptolemy.kernel.util.IllegalActionException: Found a zero delay loop containing .dependencyLoop2.original
  in .dependencyLoop2 and .dependencyLoop2.original
	at ptolemy.actor.util.CausalityInterfaceForComposites._computeOutputPortDepth(CausalityInterfaceForComposites.java:759)
	at ptolemy.actor.util.CausalityInterfaceForComposites._computeInputDepth(CausalityInterfaceForComposites.java:696)
	at ptolemy.actor.util.CausalityInterfaceForComposites._computeOutputPortDepth(CausalityInterfaceForComposites.java:765)
	at ptolemy.actor.util.CausalityInterfaceForComposites._computeInputDepth(CausalityInterfaceForComposites.java:696)
	at ptolemy.actor.util.CausalityInterfaceForComposites._computeOutputPortDepth(CausalityInterfaceForComposites.java:765)
	at ptolemy.actor.util.CausalityInterfaceForComposites._computeInputDepth(CausalityInterfaceForComposites.java:696)
	at ptolemy.actor.util.CausalityInterfaceForComposites._computeActorDepth(CausalityInterfaceForComposites.java:532)
	at ptolemy.actor.util.CausalityInterfaceForComposites.checkForCycles(CausalityInterfaceForComposites.java:96)
	at ptolemy.domains.de.kernel.DEDirector.preinitialize(DEDirector.java:1338)
	at ptolemy.actor.CompositeActor.preinitialize(CompositeActor.java:1828)
	at ptolemy.actor.Manager.preinitializeAndResolveTypes(Manager.java:1040)
	at ptolemy.actor.Manager.initialize(Manager.java:710)
	at ptolemy.actor.Manager.execute(Manager.java:356)
	at ptolemy.actor.Manager.run(Manager.java:1263)
	at ptolemy.actor.Manager$PtolemyRunThread.run(Manager.java:1933)
java.lang.RuntimeException: Execution failed
	at ptolemy.moml.MoMLSimpleApplication$UnloadThread.run(MoMLSimpleApplication.java:402)
Caused by: ptolemy.kernel.util.IllegalActionException: Test fails in iteration 1.
Value was: 1.0. Should have been: 2.0
  in .DirectFeedback.Test
	at ptolemy.actor.lib.Test.fire(Test.java:268)
	at ptolemy.domains.de.kernel.DEDirector._fire(DEDirector.java:1949)
	at ptolemy.domains.de.kernel.DEDirector.fire(DEDirector.java:502)
	at ptolemy.actor.CompositeActor.fire(CompositeActor.java:455)
	at ptolemy.actor.Manager.iterate(Manager.java:851)
	at ptolemy.actor.Manager.execute(Manager.java:369)
	at ptolemy.actor.Manager.run(Manager.java:1263)
	at ptolemy.actor.Manager$PtolemyRunThread.run(Manager.java:1933)
java.lang.RuntimeException: Execution failed
	at ptolemy.moml.MoMLSimpleApplication$UnloadThread.run(MoMLSimpleApplication.java:402)
Caused by: ptolemy.kernel.util.IllegalActionException: Found a zero delay loop containing .dependencyLoop.original
  in .dependencyLoop and .dependencyLoop.original
	at ptolemy.actor.util.CausalityInterfaceForComposites._computeOutputPortDepth(CausalityInterfaceForComposites.java:759)
	at ptolemy.actor.util.CausalityInterfaceForComposites._computeInputDepth(CausalityInterfaceForComposites.java:696)
	at ptolemy.actor.util.CausalityInterfaceForComposites._computeOutputPortDepth(CausalityInterfaceForComposites.java:765)
	at ptolemy.actor.util.CausalityInterfaceForComposites._computeInputDepth(CausalityInterfaceForComposites.java:696)
	at ptolemy.actor.util.CausalityInterfaceForComposites._computeOutputPortDepth(CausalityInterfaceForComposites.java:765)
	at ptolemy.actor.util.CausalityInterfaceForComposites._computeInputDepth(CausalityInterfaceForComposites.java:696)
	at ptolemy.actor.util.CausalityInterfaceForComposites._computeActorDepth(CausalityInterfaceForComposites.java:532)
	at ptolemy.actor.util.CausalityInterfaceForComposites.checkForCycles(CausalityInterfaceForComposites.java:96)
	at ptolemy.domains.de.kernel.DEDirector.preinitialize(DEDirector.java:1338)
	at ptolemy.actor.CompositeActor.preinitialize(CompositeActor.java:1828)
	at ptolemy.actor.Manager.preinitializeAndResolveTypes(Manager.java:1040)
	at ptolemy.actor.Manager.initialize(Manager.java:710)
	at ptolemy.actor.Manager.execute(Manager.java:356)
	at ptolemy.actor.Manager.run(Manager.java:1263)
	at ptolemy.actor.Manager$PtolemyRunThread.run(Manager.java:1933)
java.lang.RuntimeException: Execution failed
	at ptolemy.moml.MoMLSimpleApplication$UnloadThread.run(MoMLSimpleApplication.java:402)
Caused by: ptolemy.kernel.util.IllegalActionException: Found a zero delay loop containing .HierarchicalModel.A
  in .HierarchicalModel and .HierarchicalModel.A
	at ptolemy.actor.util.CausalityInterfaceForComposites._computeOutputPortDepth(CausalityInterfaceForComposites.java:759)
	at ptolemy.actor.util.CausalityInterfaceForComposites._computeInputDepth(CausalityInterfaceForComposites.java:696)
	at ptolemy.actor.util.CausalityInterfaceForComposites._computeOutputPortDepth(CausalityInterfaceForComposites.java:765)
	at ptolemy.actor.util.CausalityInterfaceForComposites._computeInputDepth(CausalityInterfaceForComposites.java:696)
	at ptolemy.actor.util.CausalityInterfaceForComposites._computeOutputPortDepth(CausalityInterfaceForComposites.java:765)
	at ptolemy.actor.util.CausalityInterfaceForComposites._computeInputDepth(CausalityInterfaceForComposites.java:696)
	at ptolemy.actor.util.CausalityInterfaceForComposites._computeActorDepth(CausalityInterfaceForComposites.java:532)
	at ptolemy.actor.util.CausalityInterfaceForComposites.checkForCycles(CausalityInterfaceForComposites.java:96)
	at ptolemy.domains.de.kernel.DEDirector.preinitialize(DEDirector.java:1338)
	at ptolemy.actor.CompositeActor.preinitialize(CompositeActor.java:1828)
	at ptolemy.actor.Manager.preinitializeAndResolveTypes(Manager.java:1040)
	at ptolemy.actor.Manager.initialize(Manager.java:710)
	at ptolemy.actor.Manager.execute(Manager.java:356)
	at ptolemy.actor.Manager.run(Manager.java:1263)
	at ptolemy.actor.Manager$PtolemyRunThread.run(Manager.java:1933)
java.lang.RuntimeException: Execution failed
	at ptolemy.moml.MoMLSimpleApplication$UnloadThread.run(MoMLSimpleApplication.java:402)
Caused by: ptolemy.kernel.util.IllegalActionException: Found a zero delay loop containing .dependencyLoop2.original
  in .dependencyLoop2 and .dependencyLoop2.original
	at ptolemy.actor.util.CausalityInterfaceForComposites._computeOutputPortDepth(CausalityInterfaceForComposites.java:759)
	at ptolemy.actor.util.CausalityInterfaceForComposites._computeInputDepth(CausalityInterfaceForComposites.java:696)
	at ptolemy.actor.util.CausalityInterfaceForComposites._computeOutputPortDepth(CausalityInterfaceForComposites.java:765)
	at ptolemy.actor.util.CausalityInterfaceForComposites._computeInputDepth(CausalityInterfaceForComposites.java:696)
	at ptolemy.actor.util.CausalityInterfaceForComposites._computeOutputPortDepth(CausalityInterfaceForComposites.java:765)
	at ptolemy.actor.util.CausalityInterfaceForComposites._computeInputDepth(CausalityInterfaceForComposites.java:696)
	at ptolemy.actor.util.CausalityInterfaceForComposites._computeActorDepth(CausalityInterfaceForComposites.java:532)
	at ptolemy.actor.util.CausalityInterfaceForComposites.checkForCycles(CausalityInterfaceForComposites.java:96)
	at ptolemy.domains.de.kernel.DEDirector.preinitialize(DEDirector.java:1338)
	at ptolemy.actor.CompositeActor.preinitialize(CompositeActor.java:1828)
	at ptolemy.actor.Manager.preinitializeAndResolveTypes(Manager.java:1040)
	at ptolemy.actor.Manager.initialize(Manager.java:710)
	at ptolemy.actor.Manager.execute(Manager.java:356)
	at ptolemy.actor.Manager.run(Manager.java:1263)
	at ptolemy.actor.Manager$PtolemyRunThread.run(Manager.java:1933)
java.lang.RuntimeException: Execution failed
	at ptolemy.moml.MoMLSimpleApplication$UnloadThread.run(MoMLSimpleApplication.java:402)
Caused by: ptolemy.kernel.util.IllegalActionException: Actor is not ready to fire.  Perhaps UpSample.prefire() returned false? Try debugging the actor by selecting "Listen to Actor".  Also, for SDF check moml for tokenConsumptionRate on input.
  in .DESDFClockTest.Play Bell.Copy1:SDF Director and .DESDFClockTest.Play Bell.UpSample
	at ptolemy.actor.sched.StaticSchedulingDirector.fire(StaticSchedulingDirector.java:227)
	at ptolemy.domains.sdf.kernel.SDFDirector.fire(SDFDirector.java:500)
	at ptolemy.actor.CompositeActor.fire(CompositeActor.java:455)
	at ptolemy.domains.de.kernel.DEDirector._fire(DEDirector.java:1949)
	at ptolemy.domains.de.kernel.DEDirector.fire(DEDirector.java:502)
	at ptolemy.actor.CompositeActor.fire(CompositeActor.java:455)
	at ptolemy.actor.Manager.iterate(Manager.java:851)
	at ptolemy.actor.Manager.execute(Manager.java:369)
	at ptolemy.actor.Manager.run(Manager.java:1263)
	at ptolemy.actor.Manager$PtolemyRunThread.run(Manager.java:1933)
java.lang.RuntimeException: Execution failed
	at ptolemy.moml.MoMLSimpleApplication$UnloadThread.run(MoMLSimpleApplication.java:402)
Caused by: ptolemy.kernel.util.IllegalActionException: Actor is not ready to fire.  Perhaps UpSample.prefire() returned false? Try debugging the actor by selecting "Listen to Actor".  Also, for SDF check moml for tokenConsumptionRate on input.
  in .DESDFClockTest.Play Bell.Copy1:SDF Director and .DESDFClockTest.Play Bell.UpSample
	at ptolemy.actor.sched.StaticSchedulingDirector.fire(StaticSchedulingDirector.java:227)
	at ptolemy.domains.sdf.kernel.SDFDirector.fire(SDFDirector.java:500)
	at ptolemy.actor.CompositeActor.fire(CompositeActor.java:455)
	at ptolemy.domains.de.kernel.DEDirector._fire(DEDirector.java:1949)
	at ptolemy.domains.de.kernel.DEDirector.fire(DEDirector.java:502)
	at ptolemy.actor.CompositeActor.fire(CompositeActor.java:455)
	at ptolemy.actor.Manager.iterate(Manager.java:851)
	at ptolemy.actor.Manager.execute(Manager.java:369)
	at ptolemy.actor.Manager.run(Manager.java:1263)
	at ptolemy.actor.Manager$PtolemyRunThread.run(Manager.java:1933)
java.lang.reflect.InvocationTargetException
	at java.base/jdk.internal.reflect.NativeConstructorAccessorImpl.newInstance0(Native Method)
	at java.base/jdk.internal.reflect.NativeConstructorAccessorImpl.newInstance(NativeConstructorAccessorImpl.java:62)
	at java.base/jdk.internal.reflect.DelegatingConstructorAccessorImpl.newInstance(DelegatingConstructorAccessorImpl.java:45)
	at java.base/java.lang.reflect.Constructor.newInstance(Constructor.java:490)
	at ptolemy.util.test.junit.AutoKnownFailedTests.RunModel(AutoKnownFailedTests.java:105)
	at java.base/jdk.internal.reflect.NativeMethodAccessorImpl.invoke0(Native Method)
	at java.base/jdk.internal.reflect.NativeMethodAccessorImpl.invoke(NativeMethodAccessorImpl.java:62)
	at java.base/jdk.internal.reflect.DelegatingMethodAccessorImpl.invoke(DelegatingMethodAccessorImpl.java:43)
	at java.base/java.lang.reflect.Method.invoke(Method.java:566)
	at org.junit.runners.model.FrameworkMethod$1.runReflectiveCall(FrameworkMethod.java:44)
	at org.junit.internal.runners.model.ReflectiveCallable.run(ReflectiveCallable.java:15)
	at org.junit.runners.model.FrameworkMethod.invokeExplosively(FrameworkMethod.java:41)
	at junitparams.internal.InvokeParameterisedMethod.evaluate(InvokeParameterisedMethod.java:102)
	at org.junit.internal.runners.statements.FailOnTimeout$1.run(FailOnTimeout.java:28)
Caused by: ptolemy.kernel.util.IllegalActionException: Actor is not ready to fire.  Perhaps UpSample.prefire() returned false? Try debugging the actor by selecting "Listen to Actor".  Also, for SDF check moml for tokenConsumptionRate on input.
  in .DESDFClockTest.Play Bell.Copy1:SDF Director and .DESDFClockTest.Play Bell.UpSample
	at ptolemy.actor.sched.StaticSchedulingDirector.fire(StaticSchedulingDirector.java:227)
	at ptolemy.domains.sdf.kernel.SDFDirector.fire(SDFDirector.java:500)
	at ptolemy.actor.CompositeActor.fire(CompositeActor.java:455)
	at ptolemy.domains.de.kernel.DEDirector._fire(DEDirector.java:1949)
	at ptolemy.domains.de.kernel.DEDirector.fire(DEDirector.java:502)
	at ptolemy.actor.CompositeActor.fire(CompositeActor.java:455)
	at ptolemy.actor.Manager.iterate(Manager.java:851)
	at ptolemy.actor.Manager.execute(Manager.java:369)
	at ptolemy.actor.Manager.run(Manager.java:1263)
	at ptolemy.actor.Manager$PtolemyRunThread.run(Manager.java:1933)
java.lang.RuntimeException: Execution failed
	at ptolemy.moml.MoMLSimpleApplication$UnloadThread.run(MoMLSimpleApplication.java:402)
Caused by: ptolemy.kernel.util.IllegalActionException: Test fails in iteration 1.
Value was: 1.0. Should have been: 2.0
  in .DirectFeedback.Test
	at ptolemy.actor.lib.Test.fire(Test.java:268)
	at ptolemy.domains.de.kernel.DEDirector._fire(DEDirector.java:1949)
	at ptolemy.domains.de.kernel.DEDirector.fire(DEDirector.java:502)
	at ptolemy.actor.CompositeActor.fire(CompositeActor.java:455)
	at ptolemy.actor.Manager.iterate(Manager.java:851)
	at ptolemy.actor.Manager.execute(Manager.java:369)
	at ptolemy.actor.Manager.run(Manager.java:1263)
	at ptolemy.actor.Manager$PtolemyRunThread.run(Manager.java:1933)
java.lang.reflect.InvocationTargetException
	at java.base/jdk.internal.reflect.NativeConstructorAccessorImpl.newInstance0(Native Method)
	at java.base/jdk.internal.reflect.NativeConstructorAccessorImpl.newInstance(NativeConstructorAccessorImpl.java:62)
	at java.base/jdk.internal.reflect.DelegatingConstructorAccessorImpl.newInstance(DelegatingConstructorAccessorImpl.java:45)
	at java.base/java.lang.reflect.Constructor.newInstance(Constructor.java:490)
	at ptolemy.util.test.junit.AutoKnownFailedTests.RunModel(AutoKnownFailedTests.java:105)
	at java.base/jdk.internal.reflect.NativeMethodAccessorImpl.invoke0(Native Method)
	at java.base/jdk.internal.reflect.NativeMethodAccessorImpl.invoke(NativeMethodAccessorImpl.java:62)
	at java.base/jdk.internal.reflect.DelegatingMethodAccessorImpl.invoke(DelegatingMethodAccessorImpl.java:43)
	at java.base/java.lang.reflect.Method.invoke(Method.java:566)
	at org.junit.runners.model.FrameworkMethod$1.runReflectiveCall(FrameworkMethod.java:44)
	at org.junit.internal.runners.model.ReflectiveCallable.run(ReflectiveCallable.java:15)
	at org.junit.runners.model.FrameworkMethod.invokeExplosively(FrameworkMethod.java:41)
	at junitparams.internal.InvokeParameterisedMethod.evaluate(InvokeParameterisedMethod.java:102)
	at org.junit.internal.runners.statements.FailOnTimeout$1.run(FailOnTimeout.java:28)
Caused by: ptolemy.kernel.util.IllegalActionException: Test fails in iteration 1.
Value was: 1.0. Should have been: 2.0
  in .DirectFeedback.Test
	at ptolemy.actor.lib.Test.fire(Test.java:268)
	at ptolemy.domains.de.kernel.DEDirector._fire(DEDirector.java:1949)
	at ptolemy.domains.de.kernel.DEDirector.fire(DEDirector.java:502)
	at ptolemy.actor.CompositeActor.fire(CompositeActor.java:455)
	at ptolemy.actor.Manager.iterate(Manager.java:851)
	at ptolemy.actor.Manager.execute(Manager.java:369)
	at ptolemy.actor.Manager.run(Manager.java:1263)
	at ptolemy.actor.Manager$PtolemyRunThread.run(Manager.java:1933)
java.lang.RuntimeException: Execution failed
	at ptolemy.moml.MoMLSimpleApplication$UnloadThread.run(MoMLSimpleApplication.java:402)
Caused by: ptolemy.kernel.util.IllegalActionException: Found a zero delay loop containing .HierarchicalModel.A
  in .HierarchicalModel and .HierarchicalModel.A
	at ptolemy.actor.util.CausalityInterfaceForComposites._computeOutputPortDepth(CausalityInterfaceForComposites.java:759)
	at ptolemy.actor.util.CausalityInterfaceForComposites._computeInputDepth(CausalityInterfaceForComposites.java:696)
	at ptolemy.actor.util.CausalityInterfaceForComposites._computeOutputPortDepth(CausalityInterfaceForComposites.java:765)
	at ptolemy.actor.util.CausalityInterfaceForComposites._computeInputDepth(CausalityInterfaceForComposites.java:696)
	at ptolemy.actor.util.CausalityInterfaceForComposites._computeOutputPortDepth(CausalityInterfaceForComposites.java:765)
	at ptolemy.actor.util.CausalityInterfaceForComposites._computeInputDepth(CausalityInterfaceForComposites.java:696)
	at ptolemy.actor.util.CausalityInterfaceForComposites._computeActorDepth(CausalityInterfaceForComposites.java:532)
	at ptolemy.actor.util.CausalityInterfaceForComposites.checkForCycles(CausalityInterfaceForComposites.java:96)
	at ptolemy.domains.de.kernel.DEDirector.preinitialize(DEDirector.java:1338)
	at ptolemy.actor.CompositeActor.preinitialize(CompositeActor.java:1828)
	at ptolemy.actor.Manager.preinitializeAndResolveTypes(Manager.java:1040)
	at ptolemy.actor.Manager.initialize(Manager.java:710)
	at ptolemy.actor.Manager.execute(Manager.java:356)
	at ptolemy.actor.Manager.run(Manager.java:1263)
	at ptolemy.actor.Manager$PtolemyRunThread.run(Manager.java:1933)
java.lang.reflect.InvocationTargetException
	at java.base/jdk.internal.reflect.NativeConstructorAccessorImpl.newInstance0(Native Method)
	at java.base/jdk.internal.reflect.NativeConstructorAccessorImpl.newInstance(NativeConstructorAccessorImpl.java:62)
	at java.base/jdk.internal.reflect.DelegatingConstructorAccessorImpl.newInstance(DelegatingConstructorAccessorImpl.java:45)
	at java.base/java.lang.reflect.Constructor.newInstance(Constructor.java:490)
	at ptolemy.util.test.junit.AutoKnownFailedTests.RunModel(AutoKnownFailedTests.java:105)
	at java.base/jdk.internal.reflect.NativeMethodAccessorImpl.invoke0(Native Method)
	at java.base/jdk.internal.reflect.NativeMethodAccessorImpl.invoke(NativeMethodAccessorImpl.java:62)
	at java.base/jdk.internal.reflect.DelegatingMethodAccessorImpl.invoke(DelegatingMethodAccessorImpl.java:43)
	at java.base/java.lang.reflect.Method.invoke(Method.java:566)
	at org.junit.runners.model.FrameworkMethod$1.runReflectiveCall(FrameworkMethod.java:44)
	at org.junit.internal.runners.model.ReflectiveCallable.run(ReflectiveCallable.java:15)
	at org.junit.runners.model.FrameworkMethod.invokeExplosively(FrameworkMethod.java:41)
	at junitparams.internal.InvokeParameterisedMethod.evaluate(InvokeParameterisedMethod.java:102)
	at org.junit.internal.runners.statements.FailOnTimeout$1.run(FailOnTimeout.java:28)
Caused by: ptolemy.kernel.util.IllegalActionException: Found a zero delay loop containing .HierarchicalModel.A
  in .HierarchicalModel and .HierarchicalModel.A
	at ptolemy.actor.util.CausalityInterfaceForComposites._computeOutputPortDepth(CausalityInterfaceForComposites.java:759)
	at ptolemy.actor.util.CausalityInterfaceForComposites._computeInputDepth(CausalityInterfaceForComposites.java:696)
	at ptolemy.actor.util.CausalityInterfaceForComposites._computeOutputPortDepth(CausalityInterfaceForComposites.java:765)
	at ptolemy.actor.util.CausalityInterfaceForComposites._computeInputDepth(CausalityInterfaceForComposites.java:696)
	at ptolemy.actor.util.CausalityInterfaceForComposites._computeOutputPortDepth(CausalityInterfaceForComposites.java:765)
	at ptolemy.actor.util.CausalityInterfaceForComposites._computeInputDepth(CausalityInterfaceForComposites.java:696)
	at ptolemy.actor.util.CausalityInterfaceForComposites._computeActorDepth(CausalityInterfaceForComposites.java:532)
	at ptolemy.actor.util.CausalityInterfaceForComposites.checkForCycles(CausalityInterfaceForComposites.java:96)
	at ptolemy.domains.de.kernel.DEDirector.preinitialize(DEDirector.java:1338)
	at ptolemy.actor.CompositeActor.preinitialize(CompositeActor.java:1828)
	at ptolemy.actor.Manager.preinitializeAndResolveTypes(Manager.java:1040)
	at ptolemy.actor.Manager.initialize(Manager.java:710)
	at ptolemy.actor.Manager.execute(Manager.java:356)
	at ptolemy.actor.Manager.run(Manager.java:1263)
	at ptolemy.actor.Manager$PtolemyRunThread.run(Manager.java:1933)
java.lang.RuntimeException: Execution failed
	at ptolemy.moml.MoMLSimpleApplication$UnloadThread.run(MoMLSimpleApplication.java:402)
Caused by: ptolemy.kernel.util.IllegalActionException: Found a zero delay loop containing .dependencyLoop.original
  in .dependencyLoop and .dependencyLoop.original
	at ptolemy.actor.util.CausalityInterfaceForComposites._computeOutputPortDepth(CausalityInterfaceForComposites.java:759)
	at ptolemy.actor.util.CausalityInterfaceForComposites._computeInputDepth(CausalityInterfaceForComposites.java:696)
	at ptolemy.actor.util.CausalityInterfaceForComposites._computeOutputPortDepth(CausalityInterfaceForComposites.java:765)
	at ptolemy.actor.util.CausalityInterfaceForComposites._computeInputDepth(CausalityInterfaceForComposites.java:696)
	at ptolemy.actor.util.CausalityInterfaceForComposites._computeOutputPortDepth(CausalityInterfaceForComposites.java:765)
	at ptolemy.actor.util.CausalityInterfaceForComposites._computeInputDepth(CausalityInterfaceForComposites.java:696)
	at ptolemy.actor.util.CausalityInterfaceForComposites._computeActorDepth(CausalityInterfaceForComposites.java:532)
	at ptolemy.actor.util.CausalityInterfaceForComposites.checkForCycles(CausalityInterfaceForComposites.java:96)
	at ptolemy.domains.de.kernel.DEDirector.preinitialize(DEDirector.java:1338)
	at ptolemy.actor.CompositeActor.preinitialize(CompositeActor.java:1828)
	at ptolemy.actor.Manager.preinitializeAndResolveTypes(Manager.java:1040)
	at ptolemy.actor.Manager.initialize(Manager.java:710)
	at ptolemy.actor.Manager.execute(Manager.java:356)
	at ptolemy.actor.Manager.run(Manager.java:1263)
	at ptolemy.actor.Manager$PtolemyRunThread.run(Manager.java:1933)
java.lang.reflect.InvocationTargetException
	at java.base/jdk.internal.reflect.NativeConstructorAccessorImpl.newInstance0(Native Method)
	at java.base/jdk.internal.reflect.NativeConstructorAccessorImpl.newInstance(NativeConstructorAccessorImpl.java:62)
	at java.base/jdk.internal.reflect.DelegatingConstructorAccessorImpl.newInstance(DelegatingConstructorAccessorImpl.java:45)
	at java.base/java.lang.reflect.Constructor.newInstance(Constructor.java:490)
	at ptolemy.util.test.junit.AutoKnownFailedTests.RunModel(AutoKnownFailedTests.java:105)
	at java.base/jdk.internal.reflect.NativeMethodAccessorImpl.invoke0(Native Method)
	at java.base/jdk.internal.reflect.NativeMethodAccessorImpl.invoke(NativeMethodAccessorImpl.java:62)
	at java.base/jdk.internal.reflect.DelegatingMethodAccessorImpl.invoke(DelegatingMethodAccessorImpl.java:43)
	at java.base/java.lang.reflect.Method.invoke(Method.java:566)
	at org.junit.runners.model.FrameworkMethod$1.runReflectiveCall(FrameworkMethod.java:44)
	at org.junit.internal.runners.model.ReflectiveCallable.run(ReflectiveCallable.java:15)
	at org.junit.runners.model.FrameworkMethod.invokeExplosively(FrameworkMethod.java:41)
	at junitparams.internal.InvokeParameterisedMethod.evaluate(InvokeParameterisedMethod.java:102)
	at org.junit.internal.runners.statements.FailOnTimeout$1.run(FailOnTimeout.java:28)
Caused by: ptolemy.kernel.util.IllegalActionException: Found a zero delay loop containing .dependencyLoop.original
  in .dependencyLoop and .dependencyLoop.original
	at ptolemy.actor.util.CausalityInterfaceForComposites._computeOutputPortDepth(CausalityInterfaceForComposites.java:759)
	at ptolemy.actor.util.CausalityInterfaceForComposites._computeInputDepth(CausalityInterfaceForComposites.java:696)
	at ptolemy.actor.util.CausalityInterfaceForComposites._computeOutputPortDepth(CausalityInterfaceForComposites.java:765)
	at ptolemy.actor.util.CausalityInterfaceForComposites._computeInputDepth(CausalityInterfaceForComposites.java:696)
	at ptolemy.actor.util.CausalityInterfaceForComposites._computeOutputPortDepth(CausalityInterfaceForComposites.java:765)
	at ptolemy.actor.util.CausalityInterfaceForComposites._computeInputDepth(CausalityInterfaceForComposites.java:696)
	at ptolemy.actor.util.CausalityInterfaceForComposites._computeActorDepth(CausalityInterfaceForComposites.java:532)
	at ptolemy.actor.util.CausalityInterfaceForComposites.checkForCycles(CausalityInterfaceForComposites.java:96)
	at ptolemy.domains.de.kernel.DEDirector.preinitialize(DEDirector.java:1338)
	at ptolemy.actor.CompositeActor.preinitialize(CompositeActor.java:1828)
	at ptolemy.actor.Manager.preinitializeAndResolveTypes(Manager.java:1040)
	at ptolemy.actor.Manager.initialize(Manager.java:710)
	at ptolemy.actor.Manager.execute(Manager.java:356)
	at ptolemy.actor.Manager.run(Manager.java:1263)
	at ptolemy.actor.Manager$PtolemyRunThread.run(Manager.java:1933)
java.lang.RuntimeException: Execution failed
	at ptolemy.moml.MoMLSimpleApplication$UnloadThread.run(MoMLSimpleApplication.java:402)
Caused by: ptolemy.kernel.util.IllegalActionException: Found a zero delay loop containing .dependencyLoop2.original
  in .dependencyLoop2 and .dependencyLoop2.original
	at ptolemy.actor.util.CausalityInterfaceForComposites._computeOutputPortDepth(CausalityInterfaceForComposites.java:759)
	at ptolemy.actor.util.CausalityInterfaceForComposites._computeInputDepth(CausalityInterfaceForComposites.java:696)
	at ptolemy.actor.util.CausalityInterfaceForComposites._computeOutputPortDepth(CausalityInterfaceForComposites.java:765)
	at ptolemy.actor.util.CausalityInterfaceForComposites._computeInputDepth(CausalityInterfaceForComposites.java:696)
	at ptolemy.actor.util.CausalityInterfaceForComposites._computeOutputPortDepth(CausalityInterfaceForComposites.java:765)
	at ptolemy.actor.util.CausalityInterfaceForComposites._computeInputDepth(CausalityInterfaceForComposites.java:696)
	at ptolemy.actor.util.CausalityInterfaceForComposites._computeActorDepth(CausalityInterfaceForComposites.java:532)
	at ptolemy.actor.util.CausalityInterfaceForComposites.checkForCycles(CausalityInterfaceForComposites.java:96)
	at ptolemy.domains.de.kernel.DEDirector.preinitialize(DEDirector.java:1338)
	at ptolemy.actor.CompositeActor.preinitialize(CompositeActor.java:1828)
	at ptolemy.actor.Manager.preinitializeAndResolveTypes(Manager.java:1040)
	at ptolemy.actor.Manager.initialize(Manager.java:710)
	at ptolemy.actor.Manager.execute(Manager.java:356)
	at ptolemy.actor.Manager.run(Manager.java:1263)
	at ptolemy.actor.Manager$PtolemyRunThread.run(Manager.java:1933)
java.lang.reflect.InvocationTargetException
	at java.base/jdk.internal.reflect.NativeConstructorAccessorImpl.newInstance0(Native Method)
	at java.base/jdk.internal.reflect.NativeConstructorAccessorImpl.newInstance(NativeConstructorAccessorImpl.java:62)
	at java.base/jdk.internal.reflect.DelegatingConstructorAccessorImpl.newInstance(DelegatingConstructorAccessorImpl.java:45)
	at java.base/java.lang.reflect.Constructor.newInstance(Constructor.java:490)
	at ptolemy.util.test.junit.AutoKnownFailedTests.RunModel(AutoKnownFailedTests.java:105)
	at java.base/jdk.internal.reflect.NativeMethodAccessorImpl.invoke0(Native Method)
	at java.base/jdk.internal.reflect.NativeMethodAccessorImpl.invoke(NativeMethodAccessorImpl.java:62)
	at java.base/jdk.internal.reflect.DelegatingMethodAccessorImpl.invoke(DelegatingMethodAccessorImpl.java:43)
	at java.base/java.lang.reflect.Method.invoke(Method.java:566)
	at org.junit.runners.model.FrameworkMethod$1.runReflectiveCall(FrameworkMethod.java:44)
	at org.junit.internal.runners.model.ReflectiveCallable.run(ReflectiveCallable.java:15)
	at org.junit.runners.model.FrameworkMethod.invokeExplosively(FrameworkMethod.java:41)
	at junitparams.internal.InvokeParameterisedMethod.evaluate(InvokeParameterisedMethod.java:102)
	at org.junit.internal.runners.statements.FailOnTimeout$1.run(FailOnTimeout.java:28)
Caused by: ptolemy.kernel.util.IllegalActionException: Found a zero delay loop containing .dependencyLoop2.original
  in .dependencyLoop2 and .dependencyLoop2.original
	at ptolemy.actor.util.CausalityInterfaceForComposites._computeOutputPortDepth(CausalityInterfaceForComposites.java:759)
	at ptolemy.actor.util.CausalityInterfaceForComposites._computeInputDepth(CausalityInterfaceForComposites.java:696)
	at ptolemy.actor.util.CausalityInterfaceForComposites._computeOutputPortDepth(CausalityInterfaceForComposites.java:765)
	at ptolemy.actor.util.CausalityInterfaceForComposites._computeInputDepth(CausalityInterfaceForComposites.java:696)
	at ptolemy.actor.util.CausalityInterfaceForComposites._computeOutputPortDepth(CausalityInterfaceForComposites.java:765)
	at ptolemy.actor.util.CausalityInterfaceForComposites._computeInputDepth(CausalityInterfaceForComposites.java:696)
	at ptolemy.actor.util.CausalityInterfaceForComposites._computeActorDepth(CausalityInterfaceForComposites.java:532)
	at ptolemy.actor.util.CausalityInterfaceForComposites.checkForCycles(CausalityInterfaceForComposites.java:96)
	at ptolemy.domains.de.kernel.DEDirector.preinitialize(DEDirector.java:1338)
	at ptolemy.actor.CompositeActor.preinitialize(CompositeActor.java:1828)
	at ptolemy.actor.Manager.preinitializeAndResolveTypes(Manager.java:1040)
	at ptolemy.actor.Manager.initialize(Manager.java:710)
	at ptolemy.actor.Manager.execute(Manager.java:356)
	at ptolemy.actor.Manager.run(Manager.java:1263)
	at ptolemy.actor.Manager$PtolemyRunThread.run(Manager.java:1933)
]]></system-err>
</testsuite>
