<?xml version="1.0" encoding="UTF-8" ?>
<testsuite errors="0" failures="0" hostname="travis-job-1d78faeb-d348-4062-b3e9-b7a39ff33b25" name="ptolemy.cg.lib.test.junit.JUnitTclTest" skipped="0" tests="37" time="162.916" timestamp="2019-07-21T18:26:27">
  <properties>
    <property name="npm.executable" value="npm" />
    <property name="env.TRAVIS_ROOT" value="/" />
    <property name="ptII.mk.exists" value="true" />
    <property name="env.TRAVIS_APP_HOST" value="build.travis-ci.org" />
    <property name="env.rvm_bin_path" value="/home/travis/.rvm/bin" />
    <property name="java.home" value="/usr/local/lib/jvm/openjdk11" />
    <property name="env.TRAVIS_JOB_NUMBER" value="1265.10" />
    <property name="env.TRAVIS_HOME" value="/home/travis" />
    <property name="env.DISPLAY" value=":99.0" />
    <property name="env.TRAVIS_INIT" value="systemd" />
    <property name="env.SSH_TTY" value="/dev/pts/0" />
    <property name="java.net.preferIPv4Stack" value="true" />
    <property name="env.RUN_TESTS" value="true" />
    <property name="timeout.short" value="1000000" />
    <property name="junit.formatter" value="xml" />
    <property name="env.TRAVIS_SUDO" value="true" />
    <property name="env.TRAVIS_JOB_NAME" value="" />
    <property name="env.TRAVIS_STACK_NODE_ATTRIBUTES" value="/.node-attributes.yml" />
    <property name="env.LOGNAME" value="travis" />
    <property name="jsdoc.home" value="node_modules/@terraswarm/jsdoc" />
    <property name="debuglevel" value="source,lines,vars" />
    <property name="checkstyle.formatter" value="xml" />
    <property name="env._system_version" value="16.04" />
    <property name="bin.vergil.makeable" value="true" />
    <property name="sun.os.patch.level" value="unknown" />
    <property name="java.vendor.url" value="http://java.oracle.com/" />
    <property name="env.TRAVIS_BUILD_WEB_URL" value="https://travis-ci.org/icyphy/ptII/builds/561759762" />
    <property name="java.version" value="11.0.2" />
    <property name="env.TZ" value="UTC" />
    <property name="env.TRAVIS_PULL_REQUEST_SHA" value="" />
    <property name="env.PT_NO_NET" value="true" />
    <property name="env.TRAVIS_SECURE_ENV_VARS" value="true" />
    <property name="env._system_type" value="Linux" />
    <property name="java.vendor.url.bug" value="http://bugreport.java.com/bugreport/" />
    <property name="npmjs-org-is-up" value="true" />
    <property name="env.LANGUAGE" value="en_US.UTF-8" />
    <property name="env.SSH_CLIENT" value="10.10.4.10 49858 22" />
    <property name="env.GEM_HOME" value="/home/travis/.rvm/gems/ruby-2.5.3" />
    <property name="env.HAS_ANTARES_THREE_LITTLE_FRONZIES_BADGE" value="true" />
    <property name="java.version.date" value="2019-01-15" />
    <property name="env.PS4" value="+" />
    <property name="ant.project.invoked-targets" value="build,test.core3.xml" />
    <property name="env.TRAVIS_PULL_REQUEST_BRANCH" value="" />
    <property name="env.TRAVIS_REPO_SLUG" value="icyphy/ptII" />
    <property name="env.XDG_DATA_DIRS" value="/usr/local/share:/usr/share:/var/lib/snapd/desktop" />
    <property name="jdk.debug" value="release" />
    <property name="env.TRAVIS_APT_PROXY" value="http://apt.cache.travis-ci.com" />
    <property name="node.in.path" value="true" />
    <property name="user.name" value="travis" />
    <property name="java.maxmemory" value="1400m" />
    <property name="env.RUBY_VERSION" value="ruby-2.5.3" />
    <property name="env.LANG" value="en_US.UTF-8" />
    <property name="sun.io.unicode.encoding" value="UnicodeLittle" />
    <property name="sun.jnu.encoding" value="UTF-8" />
    <property name="java.runtime.name" value="OpenJDK Runtime Environment" />
    <property name="usefile" value="false" />
    <property name="return.code" value="0" />
    <property name="junit.single.formatter" value="plain" />
    <property name="env.DYLD_LIBRARY_PATH" value="/home/travis/pthla/certi-tools/lib:" />
    <property name="env.DEBIAN_FRONTEND" value="noninteractive" />
    <property name="env.SSH_CONNECTION" value="10.10.4.10 49858 10.20.0.240 22" />
    <property name="env.MYSQL_UNIX_PORT" value="/var/run/mysqld/mysqld.sock" />
    <property name="env.LC_ALL" value="en_US.UTF-8" />
    <property name="env.TRAVIS_ALLOW_FAILURE" value="false" />
    <property name="env.TRAVIS_JOB_WEB_URL" value="https://travis-ci.org/icyphy/ptII/jobs/561759772" />
    <property name="java.specification.name" value="Java Platform API Specification" />
    <property name="node.works" value="true" />
    <property name="user.timezone" value="" />
    <property name="path.separator" value=":" />
    <property name="env.TRAVIS_ENABLE_INFRA_DETECTION" value="true" />
    <property name="env.PYTHON_CFLAGS" value="-g -fstack-protector --param=ssp-buffer-size=4 -Wformat -Werror=format-security" />
    <property name="timeout.long" value="4000000" />
    <property name="env.CERTI_HOME" value="/home/travis/pthla/certi-tools" />
    <property name="ant.file.ptII" value="/home/travis/build/icyphy/ptII/build.xml" />
    <property name="javadoc.packagenames" value="com.*,diva.*,lbnl.*,org.hlacerti.*,org.json.*,org.ptolemy.*,org.terraswarm.*,ptolemy.*,ptserver.*" />
    <property name="file.encoding" value="UTF-8" />
    <property name="env.TRAVIS_PULL_REQUEST_SLUG" value="" />
    <property name="ant.project.default-target" value="build" />
    <property name="env.GIT_ASKPASS" value="echo" />
    <property name="env.HOME" value="/home/travis" />
    <property name="sun.java.command" value="org.apache.tools.ant.taskdefs.optional.junit.JUnitTestRunner ptolemy.cg.lib.test.junit.JUnitTclTest skipNonTests=false filtertrace=true haltOnError=false haltOnFailure=false formatter=org.apache.tools.ant.taskdefs.optional.junit.OutErrSummaryJUnitResultFormatter showoutput=true outputtoformatters=true logfailedtests=true threadid=0 logtestlistenerevents=false formatter=org.apache.tools.ant.taskdefs.optional.junit.XMLJUnitResultFormatter,/home/travis/build/icyphy/ptII/reports/junit/TEST-ptolemy.cg.lib.test.junit.JUnitTclTest.xml crashfile=/home/travis/build/icyphy/ptII/junitvmwatcher8213762161992428843.properties propsfile=/home/travis/build/icyphy/ptII/junit16408788200864616703.properties" />
    <property name="env.COMPOSER_NO_INTERACTION" value="1" />
    <property name="env.MANPATH" value="/home/travis/.nvm/versions/node/v7.10.1/share/man:/home/travis/.rvm/rubies/ruby-2.5.3/share/man:/usr/local/cmake-3.12.4/man:/usr/local/clang-7.0.0/share/man:/usr/local/man:/usr/local/share/man:/usr/share/man:/home/travis/.rvm/man" />
    <property name="env.TRAVIS_TIMER_ID" value="07296d18" />
    <property name="ant.file" value="/home/travis/build/icyphy/ptII/build.xml" />
    <property name="env.TRAVIS_COMMIT_RANGE" value="09064e90735e...1c5f6978c89d" />
    <property name="env._system_name" value="Ubuntu" />
    <property name="ptII.classpath.optional.property" value="/home/travis/build/icyphy/ptII/lib/bsh-2.0b4.jar:/home/travis/build/icyphy/ptII/lib/ptCal.jar:/home/travis/build/icyphy/ptII/lib/java_cup.jar:/home/travis/build/icyphy/ptII/lib/saxon8.jar:/home/travis/build/icyphy/ptII/lib/saxon8-dom.jar:/home/travis/build/icyphy/ptII/lib/chic.jar:/home/travis/build/icyphy/ptII/lib/ptcolt.jar:/home/travis/build/icyphy/ptII/vendors/misc/itext/iText.jar:/home/travis/build/icyphy/ptII/lib/g4ltl.jar:/home/travis/build/icyphy/ptII/lib/StructuralCoder.jar:/home/travis/build/icyphy/ptII/lib/jcerti.jar:/home/travis/build/icyphy/ptII/lib/javax.mail.jar:/home/travis/build/icyphy/ptII/vendors/JMF-2.1.1e/lib/jmf.jar:/home/travis/build/icyphy/ptII/lib/jna-4.0.0-variadic.jar:/home/travis/build/icyphy/ptII/vendors/misc/joystick/Joystick.jar:/home/travis/build/icyphy/ptII/lib/ptjacl.jar:/home/travis/build/icyphy/ptII/lib/jsoup-1.8.2.jar:/home/travis/build/icyphy/ptII/lib/junit-4.8.2.jar:/home/travis/build/icyphy/ptII/lib/JUnitParams-0.4.0.jar:/home/travis/build/icyphy/ptII/ptolemy/actor/lib/excel/jxl.jar:/home/travis/build/icyphy/ptII/lib/jython.jar:/home/travis/build/icyphy/ptII/lib/kieler.jar:/home/travis/build/icyphy/ptII/vendors/opencv/share/OpenCV/java/opencv-341.jar:/home/travis/build/icyphy/ptII/lib/oscP5.jar:/home/travis/build/icyphy/ptII/lib/nrjavaserial-3.11.0.devel.jar:/home/travis/build/icyphy/ptII/vendors/j3d/lib/Linux/j3dcore.jar:/home/travis/build/icyphy/ptII/vendors/j3d/lib/Linux/j3dutils.jar:/home/travis/build/icyphy/ptII/vendors/j3d/lib/Linux/vecmath.jar:/home/travis/build/icyphy/ptII/vendors/jogl/lib/Linux/gluegen-rt-natives-linux-amd64.jar:/home/travis/build/icyphy/ptII/vendors/jogl/lib/Linux/gluegen-rt.jar:/home/travis/build/icyphy/ptII/vendors/jogl/lib/Linux/jogl-all-natives-linux-amd64.jar:/home/travis/build/icyphy/ptII/vendors/jogl/lib/Linux/jogl-all.jar:/home/travis/build/icyphy/ptII/ptolemy/distributed/jini/jar/jini-core.jar:/home/travis/build/icyphy/ptII/ptolemy/distributed/jini/jar/jini-ext.jar:/home/travis/build/icyphy/ptII/ptolemy/distributed/jini/jar/sun-util.jar:/home/travis/build/icyphy/ptII/lib/protobuf-java-2.4.1.jar:/home/travis/build/icyphy/ptII/lib/org.eclipse.paho.client.mqttv3.jar:/home/travis/build/icyphy/ptII/lib/mapss.jar:/home/travis/build/icyphy/ptII/ptolemy/actor/ptalon/antlr/antlr.jar:/home/travis/build/icyphy/ptII/lib/JRI.jar:/home/travis/build/icyphy/ptII/lib/commons-lang-2.6.jar:/home/travis/build/icyphy/ptII/lib/commons-logging-1.1.1.jar:/home/travis/build/icyphy/ptII/lib/sootclasses.jar:/home/travis/build/icyphy/ptII/ptolemy/actor/lib/database/mysql-connector-java-5.1.6-bin.jar:/home/travis/build/icyphy/ptII/vendors/misc/sphinx4/sphinx4-data-5prealpha.jar:/home/travis/build/icyphy/ptII/vendors/misc/sphinx4/sphinx4-core-5prealpha.jar:/home/travis/build/icyphy/ptII/lib/PDFRenderer.jar:/home/travis/build/icyphy/ptII/lib/svgSalamander.jar:/home/travis/build/icyphy/ptII/lib/rsyntaxtextarea-2.6.0-SNAPSHOT.jar:/home/travis/build/icyphy/ptII/lib/hazelcast-3.8.2.jar:/home/travis/build/icyphy/ptII/lib/jackson-annotations-2.9.0.jar:/home/travis/build/icyphy/ptII/lib/jackson-core-2.9.3.jar:/home/travis/build/icyphy/ptII/lib/jackson-databind-2.9.3.jar:/home/travis/build/icyphy/ptII/lib/netty-buffer-4.1.19.Final.jar:/home/travis/build/icyphy/ptII/lib/netty-codec-4.1.19.Final.jar:/home/travis/build/icyphy/ptII/lib/netty-codec-dns-4.1.19.Final.jar:/home/travis/build/icyphy/ptII/lib/netty-codec-http-4.1.19.Final.jar:/home/travis/build/icyphy/ptII/lib/netty-codec-http2-4.1.19.Final.jar:/home/travis/build/icyphy/ptII/lib/netty-common-4.1.19.Final.jar:/home/travis/build/icyphy/ptII/lib/netty-handler-4.1.19.Final.jar:/home/travis/build/icyphy/ptII/lib/netty-resolver-4.1.19.Final.jar:/home/travis/build/icyphy/ptII/lib/netty-resolver-dns-4.1.19.Final.jar:/home/travis/build/icyphy/ptII/lib/netty-transport-4.1.19.Final.jar:/home/travis/build/icyphy/ptII/lib/vertx-codegen-3.5.1.jar:/home/travis/build/icyphy/ptII/lib/vertx-core-3.5.2-SNAPSHOT.jar:/home/travis/build/icyphy/ptII/lib/vertx-hazelcast-3.5.1.jar:/home/travis/build/icyphy/ptII/lib/vertx-lang-js-3.5.1.jar:/home/travis/build/icyphy/ptII/lib/vertx-service-proxy-3.5.1.jar:/home/travis/build/icyphy/ptII/lib/vertx-web-3.5.1.jar:/home/travis/build/icyphy/ptII/lib/slf4j-api-1.7.13.jar:/home/travis/build/icyphy/ptII/lib/slf4j-simple-1.7.13.jar:/home/travis/build/icyphy/ptII/lib/webcam-capture-0.3.12.jar:/home/travis/build/icyphy/ptII/lib/bridj-0.7.0.jar:/home/travis/build/icyphy/ptII/lib/xbjlib-1.1.0.nrjavaserial.jar" />
    <property name="timeout" value="2400000" />
    <property name="test.batch" value="**/junit/*.java" />
    <property name="env._" value="/usr/bin/timeout" />
    <property name="java.io.tmpdir" value="/tmp" />
    <property name="user.language" value="en" />
    <property name="env.TRAVIS_INTERNAL_RUBY_REGEX" value="^ruby-(2\.[0-4]\.[0-9]|1\.9\.3)" />
    <property name="env.HISTCONTROL" value="ignoredups:ignorespace" />
    <property name="env.GOROOT" value="/home/travis/.gimme/versions/go1.11.1.linux.amd64" />
    <property name="line.separator" value="&#xa;" />
    <property name="target" value="11" />
    <property name="env.TRAVIS_BUILD_DIR" value="/home/travis/build/icyphy/ptII" />
    <property name="env.ANT_OPTS" value="-Xmx2048m" />
    <property name="ant.file.type" value="file" />
    <property name="ptolemy.ptII.batchMode" value="true" />
    <property name="env.HISTSIZE" value="1000" />
    <property name="env.MERB_ENV" value="test" />
    <property name="java.vm.info" value="mixed mode" />
    <property name="source" value="11" />
    <property name="java.vm.specification.name" value="Java Virtual Machine Specification" />
    <property name="env.TRAVIS_TEST_RESULT" value="0" />
    <property name="jsdoc.command" value="node_modules/@terraswarm/jsdoc/jsdoc.js" />
    <property name="npm.works" value="true" />
    <property name="cobertura.dir" value="/home/travis/build/icyphy/ptII/vendors/cobertura-2.0.3" />
    <property name="jsdoc.command.exists" value="true" />
    <property name="env.rvm_path" value="/home/travis/.rvm" />
    <property name="env.GEM_PATH" value="/home/travis/.rvm/gems/ruby-2.5.3:/home/travis/.rvm/gems/ruby-2.5.3@global" />
    <property name="env.LC_CTYPE" value="en_US.UTF-8" />
    <property name="env.TRAVIS_CMD" value="$PTII/bin/ptIITravisBuild.sh $SECONDS" />
    <property name="java.awt.printerjob" value="sun.print.PSPrinterJob" />
    <property name="env.TRAVIS_STACK_NAME" value="sardonyx" />
    <property name="env.TRAVIS_TIMER_START_TIME" value="1563732735550703455" />
    <property name="ant.version" value="Apache Ant(TM) version 1.10.1 compiled on February 2 2017" />
    <property name="ptII.reports" value="/home/travis/build/icyphy/ptII/reports" />
    <property name="env.TRAVIS_STACK_TIMESTAMP" value="2019-03-25 16:16:56 UTC" />
    <property name="ant.file.type.ptII" value="file" />
    <property name="env.PT_TRAVIS_TEST_CORE3_XML" value="true" />
    <property name="env.RBENV_SHELL" value="bash" />
    <property name="os.name" value="Linux" />
    <property name="java.specification.vendor" value="Oracle Corporation" />
    <property name="env.rvm_version" value="1.29.7 (latest)" />
    <property name="env.TRAVIS_INFRA" value="gce" />
    <property name="env.TERM" value="xterm" />
    <property name="java.vm.name" value="OpenJDK 64-Bit Server VM" />
    <property name="env.TRAVIS_BUILD_NUMBER" value="1265" />
    <property name="env.CI" value="true" />
    <property name="java.library.path" value="/home/travis/pthla/certi-tools/lib:/usr/lib/jni:/usr/local/share/OpenCV/java/:/usr/share/OpenCV/java::/usr/java/packages/lib:/usr/lib64:/lib64:/lib:/usr/lib" />
    <property name="jdk.module.path" value="/home/travis/build/icyphy/ptII/vendors/javafx/javafx-sdk-11.0.2/lib:" />
    <property name="env.rvm_prefix" value="/home/travis" />
    <property name="env.PATH" value="/home/travis/pthla/certi-tools/share/scripts:/home/travis/.rvm/gems/ruby-2.5.3/bin:/home/travis/.rvm/gems/ruby-2.5.3@global/bin:/home/travis/.rvm/rubies/ruby-2.5.3/bin:/home/travis/.rvm/bin:/home/travis/.nvm/versions/node/v7.10.1/bin:./node_modules/.bin:/home/travis/build/icyphy/ptII/bin:/home/travis/pthla/certi-tools/bin:/home/travis/bin:/home/travis/.local/bin:/usr/local/lib/jvm/openjdk11/bin:/opt/pyenv/shims:/home/travis/.phpenv/shims:/home/travis/perl5/perlbrew/bin:/home/travis/gopath/bin:/home/travis/.gimme/versions/go1.11.1.linux.amd64/bin:/usr/local/maven-3.6.0/bin:/usr/local/cmake-3.12.4/bin:/usr/local/clang-7.0.0/bin:/usr/local/sbin:/usr/local/bin:/usr/sbin:/usr/bin:/sbin:/bin:/snap/bin:/home/travis/.phpenv/bin:/opt/pyenv/bin:/home/travis/.yarn/bin" />
    <property name="env.TRAVIS_OS_NAME" value="linux" />
    <property name="ant.java.version" value="9" />
    <property name="basedir" value="/home/travis/build/icyphy/ptII" />
    <property name="java.class.version" value="55.0" />
    <property name="env.SHLVL" value="3" />
    <property name="env.LD_LIBRARY_PATH" value="/home/travis/pthla/certi-tools/lib:/usr/lib/jni:/usr/local/share/OpenCV/java/:/usr/share/OpenCV/java:" />
    <property name="env.RACK_ENV" value="test" />
    <property name="ant.home" value="/home/travis/build/icyphy/ptII/ant" />
    <property name="env.NVM_DIR" value="/home/travis/.nvm" />
    <property name="env.CERTI_FOM_PATH" value="/home/travis/pthla/certi-tools/share/federations" />
    <property name="env.TRAVIS_BUILD_ID" value="561759762" />
    <property name="env.PYENV_ROOT" value="/opt/pyenv" />
    <property name="env.TRAVIS_UID" value="2000" />
    <property name="prism.verbose" value="true" />
    <property name="env.NVM_BIN" value="/home/travis/.nvm/versions/node/v7.10.1/bin" />
    <property name="env.TRAVIS_COMMIT" value="1c5f6978c89dc06d8cefe419a50fe3ea03a5cd2b" />
    <property name="env._system_arch" value="x86_64" />
    <property name="node.executable" value="node" />
    <property name="sun.boot.library.path" value="/usr/local/lib/jvm/openjdk11/lib" />
    <property name="sun.management.compiler" value="HotSpot 64-Bit Tiered Compilers" />
    <property name="java.awt.graphicsenv" value="sun.awt.X11GraphicsEnvironment" />
    <property name="env.GOPATH" value="/home/travis/gopath" />
    <property name="ptolemy.ptII.dir" value="/home/travis/build/icyphy/ptII" />
    <property name="env.USER" value="travis" />
    <property name="env.HISTFILESIZE" value="2000" />
    <property name="timeout.longest" value="19000000" />
    <property name="env.PERLBREW_SHELLRC_VERSION" value="0.86" />
    <property name="env.TRAVIS_STACK_FEATURES" value="basic couchdb disabled-ipv6 docker docker-compose elasticsearch firefox go-toolchain google-chrome jdk memcached mongodb mysql nodejs_interpreter perl_interpreter perlbrew phantomjs postgresql python_interpreter redis ruby_interpreter sqlite xserver" />
    <property name="env.TRAVIS_PULL_REQUEST" value="false" />
    <property name="env.PYENV_SHELL" value="bash" />
    <property name="ant.project.name" value="ptII" />
    <property name="env.ANSI_RESET" value="\033[0m" />
    <property name="java.vm.specification.version" value="11" />
    <property name="env.TRAVIS_DIST" value="xenial" />
    <property name="env.CERTI_VERSION" value="4.0.0" />
    <property name="env.CERTI_HOST" value="localhost" />
    <property name="awt.toolkit" value="sun.awt.X11.XToolkit" />
    <property name="env.MY_RUBY_HOME" value="/home/travis/.rvm/rubies/ruby-2.5.3" />
    <property name="sun.cpu.isalist" value="" />
    <property name="env.TRAVIS_TMPDIR" value="/tmp/tmp.BiapI7tsWA" />
    <property name="java.vm.compressedOopsMode" value="Zero based" />
    <property name="os.version" value="4.15.0-1028-gcp" />
    <property name="user.home" value="/home/travis" />
    <property name="java.vm.vendor" value="Oracle Corporation" />
    <property name="env.TRAVIS_TAG" value="nightly" />
    <property name="env.ANSI_YELLOW" value="\033[33;1m" />
    <property name="env.TRAVIS_FILTERED" value="redirect_io" />
    <property name="env.ANSI_GREEN" value="\033[32;1m" />
    <property name="env.JAVA_HOME" value="/usr/local/lib/jvm/openjdk11" />
    <property name="javadoc.excludepackagenames" value="adm.cvs2svn.*,build.*,config.*,doc.coding.templates.*,jni.test.jni.meaningOfLife.*,jni.test.jni.testDeux.*,jni.test.jni.testTrois.*,org.terraswarm.accessor.accessors.web.node_modules.*,org.terraswarm.accessor.accessors.web.hosts.cordova.demo.*,org.terraswarm.accessor.accessors.web.hosts.cordova.plugins.*,org.terraswarm.accessor.accessors-svn.*,pt-modules.*,ptolemy.apps.agilent.*,ptolemy.apps.anytimecontrol.*,ptolemy.apps.apes.*,ptolemy.apps.charon.*,ptolemy.apps.crazyboard.*,ptolemy.apps.eclipse.*,ptolemy.apps.etherealSting.*,ptolemy.apps.fullscreen.*,ptolemy.apps.giotto.*,ptolemy.apps.ia.*,ptolemy.apps.interfaces.*,ptolemy.apps.jmf.*,ptolemy.apps.kurt.*,ptolemy.apps.kvm.*,ptolemy.apps.lego.*,ptolemy.apps.lejos.*,ptolemy.apps.midp.*,ptolemy.apps.mobileCoding.*,ptolemy.apps.pendulum.*,ptolemy.apps.rijndael.*,ptolemy.apps.robot.*,ptolemy.apps.security.*,ptolemy.apps.sobel.*,ptolemy.apps.soot.*,ptolemy.apps.throttle.*,ptolemy.apps.tini.*,ptolemy.apps.transmission.*,ptolemy.apps.vergil.*,ptolemy.apps.waba.*,ptolemy.apps.websensor.*,ptolemy.apps.webstart.*,ptolemy.apps.xsl.*,ptolemy.apps.zaurus.*,ptolemy.codegen.c.actor.lib.oldJavaFiles.*,ptolemy.codegen.dsp.lib.*,ptolemy.codegen.kernel.newInterfaces.*,ptolemy.codegen.lib.*,ptolemy.copernicus.kernel.fragment.*,ptolemy.copernicus.shallow.cg.*,ptolemy.domains.giotto.demo.Hierarchy.Hierarchy.*,ptolemy.domains.giotto.demo.Multimode.Multimode.*,ptolemy.domains.giotto.demo.Simple.Simple.*,ptolemy.domains.gr.lib.experimental.*,ptolemy.domains.gro.*,ptolemy.domains.pdf.*,ptolemy.domains.ptinyos.demo.Surge.output.*,ptolemy.moml.test.NoPackageActor.java*,ptolemy.plot.adm.*,ptolemy.plot.servlet.*,reports.*,signed.*,src.*,target.*,vendors.*,ptolemy.copernicus.applet.*,ptolemy.media.viewer.*,ptolemy.actor.corba.*,doc.doclets.*,ptolemy.apps.eclipse.awt.*,ptolemy.backtrack.*,ptolemy.backtrack.ast.*,ptolemy.cg.adapter.generic.program.procedural.c.mbed*,ptolemy.homer.*,ptolemy.actor.lib.jai.*,org.ptolemy.scala.*,diva.util.java2d.svg.*,ptolemy.domains.ptinyos.*,ptolemy.actor.lib.fmi.fmipp.*,,org.terraswarm.accessor.accessors.web.node_modules.*,org.terraswarm.accessor.accessors-svn,ptolemy.apps.*,ptolemy.actor.ptalon.demo.ptinyos.SendAndReceiveCnt.output,ptolemy.actor.ptalon.demo.ptinyos.SenseToLeds.output,ptolemy.domains.ptinyos.demo.CntToLedsAndRfm.output,ptolemy.domains.ptinyos.demo.RfmToLeds.output,ptolemy.domains.ptinyos.demo.SendAndReceiveCnt.output,ptolemy.domains.ptinyos.demo.SenseToLeds.output,ptolemy.actor.lib.jjs.modules.udpSocket.*" />
    <property name="env.PTII" value="/home/travis/build/icyphy/ptII" />
    <property name="env.XDG_SESSION_ID" value="2" />
    <property name="keystore" value="ptKeystore" />
    <property name="env.TRAVIS_COMMIT_MESSAGE" value="Fixed up core6 includes and excludes." />
    <property name="junit.output.dir" value="/home/travis/build/icyphy/ptII/reports/junit" />
    <property name="npm.return.code" value="0" />
    <property name="user.dir" value="/home/travis/build/icyphy/ptII/ptolemy/cg/lib/test" />
    <property name="env.TRAVIS_NODE_VERSION" value="7" />
    <property name="env.TRAVIS_EVENT_TYPE" value="push" />
    <property name="env.MAIL" value="/var/mail/travis" />
    <property name="env.PERLBREW_ROOT" value="/home/travis/perl5/perlbrew" />
    <property name="env.PWD" value="/home/travis/build/icyphy/ptII" />
    <property name="timeout.npm" value="45000" />
    <property name="env.TRAVIS_ARCH" value="amd64" />
    <property name="sun.cpu.endian" value="little" />
    <property name="env.PAGER" value="cat" />
    <property name="env.TRAVIS_BUILD_STAGE_NAME" value="Test" />
    <property name="env.PERLBREW_HOME" value="/home/travis/.perlbrew" />
    <property name="java.vm.version" value="11.0.2+9" />
    <property name="env.RAILS_ENV" value="test" />
    <property name="java.class.path" value="/home/travis/build/icyphy/ptII:/home/travis/build/icyphy/ptII/lib/bsh-2.0b4.jar:/home/travis/build/icyphy/ptII/lib/ptCal.jar:/home/travis/build/icyphy/ptII/lib/java_cup.jar:/home/travis/build/icyphy/ptII/lib/saxon8.jar:/home/travis/build/icyphy/ptII/lib/saxon8-dom.jar:/home/travis/build/icyphy/ptII/lib/chic.jar:/home/travis/build/icyphy/ptII/lib/ptcolt.jar:/home/travis/build/icyphy/ptII/vendors/misc/itext/iText.jar:/home/travis/build/icyphy/ptII/lib/g4ltl.jar:/home/travis/build/icyphy/ptII/lib/StructuralCoder.jar:/home/travis/build/icyphy/ptII/lib/jcerti.jar:/home/travis/build/icyphy/ptII/lib/javax.mail.jar:/home/travis/build/icyphy/ptII/vendors/JMF-2.1.1e/lib/jmf.jar:/home/travis/build/icyphy/ptII/lib/jna-4.0.0-variadic.jar:/home/travis/build/icyphy/ptII/vendors/misc/joystick/Joystick.jar:/home/travis/build/icyphy/ptII/lib/ptjacl.jar:/home/travis/build/icyphy/ptII/lib/jsoup-1.8.2.jar:/home/travis/build/icyphy/ptII/lib/junit-4.8.2.jar:/home/travis/build/icyphy/ptII/lib/JUnitParams-0.4.0.jar:/home/travis/build/icyphy/ptII/ptolemy/actor/lib/excel/jxl.jar:/home/travis/build/icyphy/ptII/lib/jython.jar:/home/travis/build/icyphy/ptII/lib/kieler.jar:/home/travis/build/icyphy/ptII/vendors/opencv/share/OpenCV/java/opencv-341.jar:/home/travis/build/icyphy/ptII/lib/oscP5.jar:/home/travis/build/icyphy/ptII/lib/nrjavaserial-3.11.0.devel.jar:/home/travis/build/icyphy/ptII/vendors/j3d/lib/Linux/j3dcore.jar:/home/travis/build/icyphy/ptII/vendors/j3d/lib/Linux/j3dutils.jar:/home/travis/build/icyphy/ptII/vendors/j3d/lib/Linux/vecmath.jar:/home/travis/build/icyphy/ptII/vendors/jogl/lib/Linux/gluegen-rt-natives-linux-amd64.jar:/home/travis/build/icyphy/ptII/vendors/jogl/lib/Linux/gluegen-rt.jar:/home/travis/build/icyphy/ptII/vendors/jogl/lib/Linux/jogl-all-natives-linux-amd64.jar:/home/travis/build/icyphy/ptII/vendors/jogl/lib/Linux/jogl-all.jar:/home/travis/build/icyphy/ptII/ptolemy/distributed/jini/jar/jini-core.jar:/home/travis/build/icyphy/ptII/ptolemy/distributed/jini/jar/jini-ext.jar:/home/travis/build/icyphy/ptII/ptolemy/distributed/jini/jar/sun-util.jar:/home/travis/build/icyphy/ptII/lib/protobuf-java-2.4.1.jar:/home/travis/build/icyphy/ptII/lib/org.eclipse.paho.client.mqttv3.jar:/home/travis/build/icyphy/ptII/lib/mapss.jar:/home/travis/build/icyphy/ptII/ptolemy/actor/ptalon/antlr/antlr.jar:/home/travis/build/icyphy/ptII/lib/JRI.jar:/home/travis/build/icyphy/ptII/lib/commons-lang-2.6.jar:/home/travis/build/icyphy/ptII/lib/commons-logging-1.1.1.jar:/home/travis/build/icyphy/ptII/lib/sootclasses.jar:/home/travis/build/icyphy/ptII/ptolemy/actor/lib/database/mysql-connector-java-5.1.6-bin.jar:/home/travis/build/icyphy/ptII/vendors/misc/sphinx4/sphinx4-data-5prealpha.jar:/home/travis/build/icyphy/ptII/vendors/misc/sphinx4/sphinx4-core-5prealpha.jar:/home/travis/build/icyphy/ptII/lib/PDFRenderer.jar:/home/travis/build/icyphy/ptII/lib/svgSalamander.jar:/home/travis/build/icyphy/ptII/lib/rsyntaxtextarea-2.6.0-SNAPSHOT.jar:/home/travis/build/icyphy/ptII/lib/hazelcast-3.8.2.jar:/home/travis/build/icyphy/ptII/lib/jackson-annotations-2.9.0.jar:/home/travis/build/icyphy/ptII/lib/jackson-core-2.9.3.jar:/home/travis/build/icyphy/ptII/lib/jackson-databind-2.9.3.jar:/home/travis/build/icyphy/ptII/lib/netty-buffer-4.1.19.Final.jar:/home/travis/build/icyphy/ptII/lib/netty-codec-4.1.19.Final.jar:/home/travis/build/icyphy/ptII/lib/netty-codec-dns-4.1.19.Final.jar:/home/travis/build/icyphy/ptII/lib/netty-codec-http-4.1.19.Final.jar:/home/travis/build/icyphy/ptII/lib/netty-codec-http2-4.1.19.Final.jar:/home/travis/build/icyphy/ptII/lib/netty-common-4.1.19.Final.jar:/home/travis/build/icyphy/ptII/lib/netty-handler-4.1.19.Final.jar:/home/travis/build/icyphy/ptII/lib/netty-resolver-4.1.19.Final.jar:/home/travis/build/icyphy/ptII/lib/netty-resolver-dns-4.1.19.Final.jar:/home/travis/build/icyphy/ptII/lib/netty-transport-4.1.19.Final.jar:/home/travis/build/icyphy/ptII/lib/vertx-codegen-3.5.1.jar:/home/travis/build/icyphy/ptII/lib/vertx-core-3.5.2-SNAPSHOT.jar:/home/travis/build/icyphy/ptII/lib/vertx-hazelcast-3.5.1.jar:/home/travis/build/icyphy/ptII/lib/vertx-lang-js-3.5.1.jar:/home/travis/build/icyphy/ptII/lib/vertx-service-proxy-3.5.1.jar:/home/travis/build/icyphy/ptII/lib/vertx-web-3.5.1.jar:/home/travis/build/icyphy/ptII/lib/slf4j-api-1.7.13.jar:/home/travis/build/icyphy/ptII/lib/slf4j-simple-1.7.13.jar:/home/travis/build/icyphy/ptII/lib/webcam-capture-0.3.12.jar:/home/travis/build/icyphy/ptII/lib/bridj-0.7.0.jar:/home/travis/build/icyphy/ptII/lib/xbjlib-1.1.0.nrjavaserial.jar:/home/travis/build/icyphy/ptII/ptolemy/moml/test:/home/travis/build/icyphy/ptII/ant/lib/ant-launcher.jar:/home/travis/build/icyphy/ptII/ant/lib/ant.jar:/home/travis/build/icyphy/ptII/ant/lib/ant-junit.jar:/home/travis/build/icyphy/ptII/ant/lib/ant-junit4.jar" />
    <property name="ant.library.dir" value="/home/travis/build/icyphy/ptII/ant/lib" />
    <property name="os.arch" value="amd64" />
    <property name="env.CONTINUOUS_INTEGRATION" value="true" />
    <property name="env.TRAVIS_LANGUAGE" value="node_js" />
    <property name="env.TRAVIS_STACK_LANGUAGES" value="__sardonyx__ c c++ clojure cplusplus cpp default generic go groovy java node_js php pure_java python ruby scala" />
    <property name="test.name" value="ptolemy.actor.lib.test.junit.JUnitTclTest" />
    <property name="env.APT_KEY_DONT_WARN_ON_DANGEROUS_USAGE" value="1" />
    <property name="sun.java.launcher" value="SUN_STANDARD" />
    <property name="env.PYTHON_CONFIGURE_OPTS" value="--enable-unicode=ucs4 --with-wide-unicode --enable-shared --enable-ipv6 --enable-loadable-sqlite-extensions --with-computed-gotos" />
    <property name="ant.core.lib" value="/home/travis/build/icyphy/ptII/ant/lib/ant.jar" />
    <property name="java.vm.specification.vendor" value="Oracle Corporation" />
    <property name="env.BCVTB_HOME" value="/home/travis/build/icyphy/ptII/lbnl" />
    <property name="file.separator" value="/" />
    <property name="spotbugs.home" value="/home/travis/build/icyphy/ptII/vendors/spotbugs-3.1.1" />
    <property name="java.runtime.version" value="11.0.2+9" />
    <property name="env.ANSI_CLEAR" value="\033[0K" />
    <property name="javafx.verbose" value="true" />
    <property name="env.HAS_JOSH_K_SEAL_OF_APPROVAL" value="true" />
    <property name="env.XDG_RUNTIME_DIR" value="/run/user/2000" />
    <property name="env.TRAVIS_OSX_IMAGE" value="" />
    <property name="env.TRAVIS_JOB_ID" value="561759772" />
    <property name="env.TRAVIS_BRANCH" value="master" />
    <property name="user.country" value="US" />
    <property name="env.CERTI_HOME_TRAVIS" value="/home/travis/pthla/certi-tools" />
    <property name="env.SHELL" value="/bin/bash" />
    <property name="java.maxmemory.large" value="3500m" />
    <property name="model" value="" />
    <property name="env.CASHER_DIR" value="/home/travis/.casher" />
    <property name="env.NVM_CD_FLAGS" value="" />
    <property name="java.vendor.version" value="18.9" />
    <property name="jshint.executable" value="/home/travis/node_modules/jshint/bin/jshint" />
    <property name="env.JRUBY_OPTS" value=" --client -J-XX:+TieredCompilation -J-XX:TieredStopAtLevel=1 -J-Xss2m -Xcompile.invokedynamic=false" />
    <property name="java.vendor" value="Oracle Corporation" />
    <property name="env.TRAVIS_PRE_CHEF_BOOTSTRAP_TIME" value="2019-03-25T16:16:42" />
    <property name="env.TRAVIS_STACK_JOB_BOARD_REGISTER" value="/.job-board-register.yml" />
    <property name="env.ANSI_RED" value="\033[31;1m" />
    <property name="java.specification.version" value="11" />
    <property name="env.IRBRC" value="/home/travis/.rvm/rubies/ruby-2.5.3/.irbrc" />
    <property name="env.TRAVIS" value="true" />
    <property name="sun.arch.data.model" value="64" />
  </properties>
  <testcase classname="ptolemy.util.test.junit.TclTests" name="[0] /home/travis/build/icyphy/ptII/ptolemy/cg/lib/test/ModularCodeGenTypedCompositeActor.tcl (RunTclFile)" time="16.974" />
  <testcase classname="ptolemy.util.test.junit.AutoKnownFailedTests" name="[0] ThereAreNoKnowFailedTests (RunModel)" time="0.005" />
  <testcase classname="ptolemy.util.test.junit.AutoNameArchTests" name="[0] ThereAreNoAutoArchTests (RunModel)" time="0.002" />
  <testcase classname="ptolemy.util.test.junit.AutoTests" name="[0] /home/travis/build/icyphy/ptII/ptolemy/cg/lib/test/auto/CompiledCompositeActor.xml (RunModel)" time="1.976" />
  <testcase classname="ptolemy.util.test.junit.AutoTests" name="[1] /home/travis/build/icyphy/ptII/ptolemy/cg/lib/test/auto/DECGClockRamp.xml (RunModel)" time="0.064" />
  <testcase classname="ptolemy.util.test.junit.AutoTests" name="[2] /home/travis/build/icyphy/ptII/ptolemy/cg/lib/test/auto/DECGDelay.xml (RunModel)" time="0.052" />
  <testcase classname="ptolemy.util.test.junit.AutoTests" name="[3] /home/travis/build/icyphy/ptII/ptolemy/cg/lib/test/auto/DECGHelloWorld.xml (RunModel)" time="0.066" />
  <testcase classname="ptolemy.util.test.junit.AutoTests" name="[4] /home/travis/build/icyphy/ptII/ptolemy/cg/lib/test/auto/DECGHeterogeneous.xml (RunModel)" time="0.206" />
  <testcase classname="ptolemy.util.test.junit.AutoTests" name="[5] /home/travis/build/icyphy/ptII/ptolemy/cg/lib/test/auto/DECGHeterogeneousMk2.xml (RunModel)" time="0.217" />
  <testcase classname="ptolemy.util.test.junit.AutoTests" name="[6] /home/travis/build/icyphy/ptII/ptolemy/cg/lib/test/auto/DECGMath.xml (RunModel)" time="0.102" />
  <testcase classname="ptolemy.util.test.junit.AutoTests" name="[7] /home/travis/build/icyphy/ptII/ptolemy/cg/lib/test/auto/DECGPi.xml (RunModel)" time="0.18" />
  <testcase classname="ptolemy.util.test.junit.AutoTests" name="[8] /home/travis/build/icyphy/ptII/ptolemy/cg/lib/test/auto/DECGPiSquare.xml (RunModel)" time="0.235" />
  <testcase classname="ptolemy.util.test.junit.AutoTests" name="[9] /home/travis/build/icyphy/ptII/ptolemy/cg/lib/test/auto/DECGPoisson.xml (RunModel)" time="0.027" />
  <testcase classname="ptolemy.util.test.junit.AutoTests" name="[10] /home/travis/build/icyphy/ptII/ptolemy/cg/lib/test/auto/JavaCompiledCompositeActor5.xml (RunModel)" time="1.406" />
  <testcase classname="ptolemy.util.test.junit.AutoTests" name="[11] /home/travis/build/icyphy/ptII/ptolemy/cg/lib/test/auto/JavaCompiledCompositeTest1.xml (RunModel)" time="1.36" />
  <testcase classname="ptolemy.util.test.junit.AutoTests" name="[12] /home/travis/build/icyphy/ptII/ptolemy/cg/lib/test/auto/JavaCompiledCompositeTest2.xml (RunModel)" time="1.446" />
  <testcase classname="ptolemy.util.test.junit.AutoTests" name="[13] /home/travis/build/icyphy/ptII/ptolemy/cg/lib/test/auto/JavaCompiledCompositeTest3.xml (RunModel)" time="1.368" />
  <testcase classname="ptolemy.util.test.junit.AutoTests" name="[14] /home/travis/build/icyphy/ptII/ptolemy/cg/lib/test/auto/JavaCompiledCompositeTest4.xml (RunModel)" time="1.299" />
  <testcase classname="ptolemy.util.test.junit.AutoTests" name="[15] /home/travis/build/icyphy/ptII/ptolemy/cg/lib/test/auto/ModularCG.xml (RunModel)" time="22.347" />
  <testcase classname="ptolemy.util.test.junit.AutoTests" name="[16] /home/travis/build/icyphy/ptII/ptolemy/cg/lib/test/auto/ModularCGPubSub.xml (RunModel)" time="7.256" />
  <testcase classname="ptolemy.util.test.junit.AutoTests" name="[17] /home/travis/build/icyphy/ptII/ptolemy/cg/lib/test/auto/ModularCodeGen.xml (RunModel)" time="3.244" />
  <testcase classname="ptolemy.util.test.junit.AutoTests" name="[18] /home/travis/build/icyphy/ptII/ptolemy/cg/lib/test/auto/ModularCodeGen2.xml (RunModel)" time="6.602" />
  <testcase classname="ptolemy.util.test.junit.AutoTests" name="[19] /home/travis/build/icyphy/ptII/ptolemy/cg/lib/test/auto/ModularCodeGen3.xml (RunModel)" time="21.604" />
  <testcase classname="ptolemy.util.test.junit.AutoTests" name="[20] /home/travis/build/icyphy/ptII/ptolemy/cg/lib/test/auto/ModularCodeGen4.xml (RunModel)" time="20.78" />
  <testcase classname="ptolemy.util.test.junit.AutoTests" name="[21] /home/travis/build/icyphy/ptII/ptolemy/cg/lib/test/auto/ModularCodeGen5.xml (RunModel)" time="7.985" />
  <testcase classname="ptolemy.util.test.junit.AutoTests" name="[22] /home/travis/build/icyphy/ptII/ptolemy/cg/lib/test/auto/ModularCodeGen6.xml (RunModel)" time="10.212" />
  <testcase classname="ptolemy.util.test.junit.AutoTests" name="[23] /home/travis/build/icyphy/ptII/ptolemy/cg/lib/test/auto/ModularCodeGenLazyPubSub.xml (RunModel)" time="3.328" />
  <testcase classname="ptolemy.util.test.junit.AutoTests" name="[24] /home/travis/build/icyphy/ptII/ptolemy/cg/lib/test/auto/ModularCodeGenLazyPubSubGlobal.xml (RunModel)" time="3.676" />
  <testcase classname="ptolemy.util.test.junit.AutoTests" name="[25] /home/travis/build/icyphy/ptII/ptolemy/cg/lib/test/auto/ModularCodeGenPubSub1.xml (RunModel)" time="3.249" />
  <testcase classname="ptolemy.util.test.junit.AutoTests" name="[26] /home/travis/build/icyphy/ptII/ptolemy/cg/lib/test/auto/ModularCodeGenPubSub2.xml (RunModel)" time="6.775" />
  <testcase classname="ptolemy.util.test.junit.AutoTests" name="[27] /home/travis/build/icyphy/ptII/ptolemy/cg/lib/test/auto/ModularCodeGenPubSub3.xml (RunModel)" time="6.842" />
  <testcase classname="ptolemy.util.test.junit.AutoTests" name="[28] /home/travis/build/icyphy/ptII/ptolemy/cg/lib/test/auto/ModularCodeGenPubSub4.xml (RunModel)" time="6.584" />
  <testcase classname="ptolemy.util.test.junit.AutoTests" name="[29] /home/travis/build/icyphy/ptII/ptolemy/cg/lib/test/auto/PubSubAggLazy.xml (RunModel)" time="0.027" />
  <testcase classname="ptolemy.util.test.junit.AutoTests" name="[30] /home/travis/build/icyphy/ptII/ptolemy/cg/lib/test/auto/PubSubAggModularCodeGen.xml (RunModel)" time="3.469" />
  <testcase classname="ptolemy.util.test.junit.AutoTests" name="[31] /home/travis/build/icyphy/ptII/ptolemy/cg/lib/test/auto/PubSubAggTypedComposite.xml (RunModel)" time="0.032" />
  <testcase classname="ptolemy.util.test.junit.AutoTests" name="[32] /home/travis/build/icyphy/ptII/ptolemy/cg/lib/test/auto/PubSubAggTypedCompositeWidth2.xml (RunModel)" time="0.04" />
  <testcase classname="ptolemy.util.test.junit.AutoTests" name="[33] /home/travis/build/icyphy/ptII/ptolemy/cg/lib/test/auto/ScaleJava.xml (RunModel)" time="1.323" />
  <system-out><![CDATA[/home/travis/build/icyphy/ptII/ptolemy/cg/lib/test/ModularCodeGenTypedCompositeActor.tcl
testDefs.tcl: setting time out to 9000 seconds at Sun Jul 21 18:26:27 UTC 2019
Warning: failed to delete /home/travis/cg: error deleting "/home/travis/cg/node_modules/@pm2/io/node_modules/.bin":  best guess at reason: permission denied
In "/home/travis/cg", about to execute:
    pwd
In "/home/travis/cg", about to execute:
    ls -l
total 1188
/home/travis/cg
drwxrwxr-x   3 travis travis  12288 Jul 21 18:20 AbsoluteValue
drwxrwxr-x   3 travis travis 102400 Jul 21 18:19 AllColt
drwxrwxr-x   3 travis travis  12288 Jul 21 18:19 Case1
drwxrwxr-x   5 travis travis   4096 Jul 21 18:18 fmi
drwxrwxr-x   3 travis travis  16384 Jul 21 18:20 Gaussian2
drwxrwxr-x   3 travis travis  12288 Jul 21 18:21 LookupTable
drwxrwxr-x   3 travis travis  20480 Jul 21 18:21 MaxIndex
-rw-rw-r--   1 travis travis   1228 Jul 21 18:26 ModularCodeGenTest_A1_A2_profile.java
drwxrwxr-x   3 travis travis  32768 Jul 21 18:26 modulation2
drwxrwxr-x 139 travis travis  12288 Jul 21 18:26 node_modules
drwxrwxr-x   3 travis travis  20480 Jul 21 18:21 PhaseUnwrap
drwxrwxr-x   3 travis travis  12288 Jul 21 18:22 ReadFile1
-rw-rw-r--   1 travis travis     11 Jul 21 18:21 ReadFile1Output.txt
-rw-rw-r--   1 travis travis  13773 Jul 21 18:26 Repeat.class
-rw-rw-r--   1 travis travis    685 Jul 21 18:26 Repeat$_fireFunction_Repeat_Repeat$__f_sL_11.class
-rw-rw-r--   1 travis travis    541 Jul 21 18:26 Repeat$_fireFunction_Repeat_Repeat$__f_sL_12.class
-rw-rw-r--   1 travis travis    541 Jul 21 18:26 Repeat$_fireFunction_Repeat_Repeat$__f_sL_13.class
-rw-rw-r--   1 travis travis    541 Jul 21 18:26 Repeat$_fireFunction_Repeat_Repeat$__f_sL_14.class
-rw-rw-r--   1 travis travis    684 Jul 21 18:26 Repeat$_fireFunction_Repeat_Repeat$__f_sL_1.class
-rw-rw-r--   1 travis travis    683 Jul 21 18:26 Repeat$_fireFunction_Repeat_Repeat$__f_sL_4.class
-rw-rw-r--   1 travis travis    539 Jul 21 18:26 Repeat$_fireFunction_Repeat_Repeat$__f_sL_9.class
-rw-rw-r--   1 travis travis    494 Jul 21 18:26 Repeat$_initialize_Repeat$__i_sL_2.class
-rw-rw-r--   1 travis travis   1281 Jul 21 18:26 Repeat.mk
-rw-rw-r--   1 travis travis    539 Jul 21 18:26 Repeat$_preinitializeMethod_Repeat$__p_sL_0.class
-rw-rw-r--   1 travis travis   1102 Jul 21 18:26 Repeat$_Repeat$_fireFunction_Repeat_AddSubtract_Repeat.class
-rw-rw-r--   1 travis travis    810 Jul 21 18:26 Repeat$_Repeat$_fireFunction_Repeat_AddSubtract_Repeat$__f_sL_0.class
-rw-rw-r--   1 travis travis    928 Jul 21 18:26 Repeat$_Repeat$_fireFunction_Repeat_AddSubtract_Repeat$__f_sL_1.class
-rw-rw-r--   1 travis travis    934 Jul 21 18:26 Repeat$_Repeat$_fireFunction_Repeat_AddSubtract_Repeat$__f_sL_2.class
-rw-rw-r--   1 travis travis    862 Jul 21 18:26 Repeat$_Repeat$_fireFunction_Repeat_AddSubtract_Repeat$__f_sL_3.class
-rw-rw-r--   1 travis travis    757 Jul 21 18:26 Repeat$_Repeat$_fireFunction_Repeat_Ramp2_Repeat$__f_sL_0.class
-rw-rw-r--   1 travis travis    888 Jul 21 18:26 Repeat$_Repeat$_fireFunction_Repeat_Test_Repeat$__f_sL_0.class
-rw-rw-r--   1 travis travis    634 Jul 21 18:26 Repeat$_Repeat$_fireFunction_Repeat_Test_Repeat$__f_sL_1.class
-rw-rw-r--   1 travis travis    704 Jul 21 18:26 Repeat$_Repeat_SDF_Director_run_Repeat$__R_sL_0.class
-rw-rw-r--   1 travis travis    705 Jul 21 18:26 Repeat$_Repeat_SDF_Director_run_Repeat$__R_sL_11.class
-rw-rw-r--   1 travis travis    561 Jul 21 18:26 Repeat$_Repeat_SDF_Director_run_Repeat$__R_sL_13.class
-rw-rw-r--   1 travis travis    559 Jul 21 18:26 Repeat$_Repeat_SDF_Director_run_Repeat$__R_sL_2.class
-rw-rw-r--   1 travis travis    703 Jul 21 18:26 Repeat$_Repeat_SDF_Director_run_Repeat$__R_sL_3.class
-rw-rw-r--   1 travis travis    559 Jul 21 18:26 Repeat$_Repeat_SDF_Director_run_Repeat$__R_sL_5.class
-rw-rw-r--   1 travis travis    559 Jul 21 18:26 Repeat$_Repeat_SDF_Director_run_Repeat$__R_sL_8.class
drwxrwxr-x   2 travis travis   4096 Jul 21 18:26 RepeatVariables
-rw-rw-r--   1 travis travis    882 Jul 21 18:26 Repeat$_varinit_Repeat.class
-rw-rw-r--   1 travis travis    550 Jul 21 18:26 Repeat$_varinit_Repeat$__v_sL_2.class
-rw-rw-r--   1 travis travis    924 Jul 21 18:26 Repeat$_varinit_Repeat$__v_sL_4.class
-rw-rw-r--   1 travis travis    978 Jul 21 18:26 Repeat$_wrapup_Repeat$__w_sL_1.class
drwxrwxr-x   3 travis travis  20480 Jul 21 18:22 Sinewave
drwxrwxr-x   3 travis travis  32768 Jul 21 18:23 StringFunction
drwxrwxr-x   3 travis travis  12288 Jul 21 18:24 StringLength
drwxrwxr-x   3 travis travis  61440 Jul 21 18:24 StringMatches2
drwxrwxr-x   3 travis travis  61440 Jul 21 18:24 StringSimpleReplace
drwxrwxr-x   3 travis travis  65536 Jul 21 18:24 StringSubstring
drwxrwxr-x   3 travis travis  24576 Jul 21 18:25 StringSubstring2
drwxrwxr-x   3 travis travis  16384 Jul 21 18:25 time1
drwxrwxr-x   3 travis travis  12288 Jul 21 18:26 time5
-rwxrwxr-x   1 travis travis 466992 Jul 21 18:18 top
-rw-rw-r--   1 travis travis  20502 Jul 21 18:18 top.c
-rw-rw-r--   1 travis travis   3799 Jul 21 18:26 top.class
-rw-rw-r--   1 travis travis   1257 Jul 21 18:26 top.mk
In "/home/travis/cg", about to execute:
    javac -classpath
.:/home/travis/build/icyphy/ptII:/home/travis/build/icyphy/ptII/lib/bsh-2.0b4.j
ar:/home/travis/build/icyphy/ptII/lib/ptCal.jar:/home/travis/build/icyphy/ptII/
lib/java_cup.jar:/home/travis/build/icyphy/ptII/lib/saxon8.jar:/home/travis/bui
ld/icyphy/ptII/lib/saxon8-dom.jar:/home/travis/build/icyphy/ptII/lib/chic.jar:/
home/travis/build/icyphy/ptII/lib/ptcolt.jar:/home/travis/build/icyphy/ptII/ven
dors/misc/itext/iText.jar:/home/travis/build/icyphy/ptII/lib/g4ltl.jar:/home/tr
avis/build/icyphy/ptII/lib/StructuralCoder.jar:/home/travis/build/icyphy/ptII/l
ib/jcerti.jar:/home/travis/build/icyphy/ptII/lib/javax.mail.jar:/home/travis/bu
ild/icyphy/ptII/vendors/JMF-2.1.1e/lib/jmf.jar:/home/travis/build/icyphy/ptII/l
ib/jna-4.0.0-variadic.jar:/home/travis/build/icyphy/ptII/vendors/misc/joystick/
Joystick.jar:/home/travis/build/icyphy/ptII/lib/ptjacl.jar:/home/travis/build/i
cyphy/ptII/lib/jsoup-1.8.2.jar:/home/travis/build/icyphy/ptII/lib/junit-4.8.2.j
ar:/home/travis/build/icyphy/ptII/lib/JUnitParams-0.4.0.jar:/home/travis/build/
icyphy/ptII/ptolemy/actor/lib/excel/jxl.jar:/home/travis/build/icyphy/ptII/lib/
jython.jar:/home/travis/build/icyphy/ptII/lib/kieler.jar:/home/travis/build/icy
phy/ptII/vendors/opencv/share/OpenCV/java/opencv-341.jar:/home/travis/build/icy
phy/ptII/lib/oscP5.jar:/home/travis/build/icyphy/ptII/lib/nrjavaserial-3.11.0.d
evel.jar:/home/travis/build/icyphy/ptII/vendors/j3d/lib/Linux/j3dcore.jar:/home
/travis/build/icyphy/ptII/vendors/j3d/lib/Linux/j3dutils.jar:/home/travis/build
/icyphy/ptII/vendors/j3d/lib/Linux/vecmath.jar:/home/travis/build/icyphy/ptII/v
endors/jogl/lib/Linux/gluegen-rt-natives-linux-amd64.jar:/home/travis/build/icy
phy/ptII/vendors/jogl/lib/Linux/gluegen-rt.jar:/home/travis/build/icyphy/ptII/v
endors/jogl/lib/Linux/jogl-all-natives-linux-amd64.jar:/home/travis/build/icyph
y/ptII/vendors/jogl/lib/Linux/jogl-all.jar:/home/travis/build/icyphy/ptII/ptole
my/distributed/jini/jar/jini-core.jar:/home/travis/build/icyphy/ptII/ptolemy/di
stributed/jini/jar/jini-ext.jar:/home/travis/build/icyphy/ptII/ptolemy/distribu
ted/jini/jar/sun-util.jar:/home/travis/build/icyphy/ptII/lib/protobuf-java-2.4.
1.jar:/home/travis/build/icyphy/ptII/lib/org.eclipse.paho.client.mqttv3.jar:/ho
me/travis/build/icyphy/ptII/lib/mapss.jar:/home/travis/build/icyphy/ptII/ptolem
y/actor/ptalon/antlr/antlr.jar:/home/travis/build/icyphy/ptII/lib/JRI.jar:/home
/travis/build/icyphy/ptII/lib/commons-lang-2.6.jar:/home/travis/build/icyphy/pt
II/lib/commons-logging-1.1.1.jar:/home/travis/build/icyphy/ptII/lib/sootclasses
.jar:/home/travis/build/icyphy/ptII/ptolemy/actor/lib/database/mysql-connector-
java-5.1.6-bin.jar:/home/travis/build/icyphy/ptII/vendors/misc/sphinx4/sphinx4-
data-5prealpha.jar:/home/travis/build/icyphy/ptII/vendors/misc/sphinx4/sphinx4-
core-5prealpha.jar:/home/travis/build/icyphy/ptII/lib/PDFRenderer.jar:/home/tra
vis/build/icyphy/ptII/lib/svgSalamander.jar:/home/travis/build/icyphy/ptII/lib/
rsyntaxtextarea-2.6.0-SNAPSHOT.jar:/home/travis/build/icyphy/ptII/lib/hazelcast
-3.8.2.jar:/home/travis/build/icyphy/ptII/lib/jackson-annotations-2.9.0.jar:/ho
me/travis/build/icyphy/ptII/lib/jackson-core-2.9.3.jar:/home/travis/build/icyph
y/ptII/lib/jackson-databind-2.9.3.jar:/home/travis/build/icyphy/ptII/lib/netty-
buffer-4.1.19.Final.jar:/home/travis/build/icyphy/ptII/lib/netty-codec-4.1.19.F
inal.jar:/home/travis/build/icyphy/ptII/lib/netty-codec-dns-4.1.19.Final.jar:/h
ome/travis/build/icyphy/ptII/lib/netty-codec-http-4.1.19.Final.jar:/home/travis
/build/icyphy/ptII/lib/netty-codec-http2-4.1.19.Final.jar:/home/travis/build/ic
yphy/ptII/lib/netty-common-4.1.19.Final.jar:/home/travis/build/icyphy/ptII/lib/
netty-handler-4.1.19.Final.jar:/home/travis/build/icyphy/ptII/lib/netty-resolve
r-4.1.19.Final.jar:/home/travis/build/icyphy/ptII/lib/netty-resolver-dns-4.1.19
.Final.jar:/home/travis/build/icyphy/ptII/lib/netty-transport-4.1.19.Final.jar:
/home/travis/build/icyphy/ptII/lib/vertx-codegen-3.5.1.jar:/home/travis/build/i
cyphy/ptII/lib/vertx-core-3.5.2-SNAPSHOT.jar:/home/travis/build/icyphy/ptII/lib
/vertx-hazelcast-3.5.1.jar:/home/travis/build/icyphy/ptII/lib/vertx-lang-js-3.5
.1.jar:/home/travis/build/icyphy/ptII/lib/vertx-service-proxy-3.5.1.jar:/home/t
ravis/build/icyphy/ptII/lib/vertx-web-3.5.1.jar:/home/travis/build/icyphy/ptII/
lib/slf4j-api-1.7.13.jar:/home/travis/build/icyphy/ptII/lib/slf4j-simple-1.7.13
.jar:/home/travis/build/icyphy/ptII/lib/webcam-capture-0.3.12.jar:/home/travis/
build/icyphy/ptII/lib/bridj-0.7.0.jar:/home/travis/build/icyphy/ptII/lib/xbjlib
-1.1.0.nrjavaserial.jar:/home/travis/build/icyphy/ptII/ptolemy/moml/test:/home/
travis/build/icyphy/ptII/ant/lib/ant-launcher.jar:/home/travis/build/icyphy/ptI
I/ant/lib/ant.jar:/home/travis/build/icyphy/ptII/ant/lib/ant-junit.jar:/home/tr
avis/build/icyphy/ptII/ant/lib/ant-junit4.jar:/home/travis/build/icyphy/ptII
ModularCodeGenTest_A1_A2_profile.java
All Done
Writing ModularCodeGenTest_A1_A2.java in file:/home/travis/cg/ (9163 characters)
Reading "ptolemy/cg/kernel/generic/program/procedural/java/modular/makefile.in",
    writing "/home/travis/cg/ModularCodeGenTest_A1_A2.mk"
Using ptolemy/cg/kernel/generic/program/procedural/java/modular/makefile.in
In "/home/travis/cg", about to execute:
    make -f ModularCodeGenTest_A1_A2.mk
javac -classpath ".:.."    ModularCodeGenTest_A1_A2.java
All Done
In "/home/travis/cg", about to execute:
    pwd
In "/home/travis/cg", about to execute:
    ls -l
/home/travis/cg
In "/home/travis/cg", about to execute:
    javac -classpath
.:/home/travis/build/icyphy/ptII:/home/travis/build/icyphy/ptII/lib/bsh-2.0b4.j
ar:/home/travis/build/icyphy/ptII/lib/ptCal.jar:/home/travis/build/icyphy/ptII/
lib/java_cup.jar:/home/travis/build/icyphy/ptII/lib/saxon8.jar:/home/travis/bui
ld/icyphy/ptII/lib/saxon8-dom.jar:/home/travis/build/icyphy/ptII/lib/chic.jar:/
home/travis/build/icyphy/ptII/lib/ptcolt.jar:/home/travis/build/icyphy/ptII/ven
dors/misc/itext/iText.jar:/home/travis/build/icyphy/ptII/lib/g4ltl.jar:/home/tr
avis/build/icyphy/ptII/lib/StructuralCoder.jar:/home/travis/build/icyphy/ptII/l
ib/jcerti.jar:/home/travis/build/icyphy/ptII/lib/javax.mail.jar:/home/travis/bu
ild/icyphy/ptII/vendors/JMF-2.1.1e/lib/jmf.jar:/home/travis/build/icyphy/ptII/l
ib/jna-4.0.0-variadic.jar:/home/travis/build/icyphy/ptII/vendors/misc/joystick/
Joystick.jar:/home/travis/build/icyphy/ptII/lib/ptjacl.jar:/home/travis/build/i
cyphy/ptII/lib/jsoup-1.8.2.jar:/home/travis/build/icyphy/ptII/lib/junit-4.8.2.j
ar:/home/travis/build/icyphy/ptII/lib/JUnitParams-0.4.0.jar:/home/travis/build/
icyphy/ptII/ptolemy/actor/lib/excel/jxl.jar:/home/travis/build/icyphy/ptII/lib/
jython.jar:/home/travis/build/icyphy/ptII/lib/kieler.jar:/home/travis/build/icy
phy/ptII/vendors/opencv/share/OpenCV/java/opencv-341.jar:/home/travis/build/icy
phy/ptII/lib/oscP5.jar:/home/travis/build/icyphy/ptII/lib/nrjavaserial-3.11.0.d
evel.jar:/home/travis/build/icyphy/ptII/vendors/j3d/lib/Linux/j3dcore.jar:/home
/travis/build/icyphy/ptII/vendors/j3d/lib/Linux/j3dutils.jar:/home/travis/build
/icyphy/ptII/vendors/j3d/lib/Linux/vecmath.jar:/home/travis/build/icyphy/ptII/v
endors/jogl/lib/Linux/gluegen-rt-natives-linux-amd64.jar:/home/travis/build/icy
phy/ptII/vendors/jogl/lib/Linux/gluegen-rt.jar:/home/travis/build/icyphy/ptII/v
endors/jogl/lib/Linux/jogl-all-natives-linux-amd64.jar:/home/travis/build/icyph
y/ptII/vendors/jogl/lib/Linux/jogl-all.jar:/home/travis/build/icyphy/ptII/ptole
my/distributed/jini/jar/jini-core.jar:/home/travis/build/icyphy/ptII/ptolemy/di
stributed/jini/jar/jini-ext.jar:/home/travis/build/icyphy/ptII/ptolemy/distribu
ted/jini/jar/sun-util.jar:/home/travis/build/icyphy/ptII/lib/protobuf-java-2.4.
1.jar:/home/travis/build/icyphy/ptII/lib/org.eclipse.paho.client.mqttv3.jar:/ho
me/travis/build/icyphy/ptII/lib/mapss.jar:/home/travis/build/icyphy/ptII/ptolem
y/actor/ptalon/antlr/antlr.jar:/home/travis/build/icyphy/ptII/lib/JRI.jar:/home
/travis/build/icyphy/ptII/lib/commons-lang-2.6.jar:/home/travis/build/icyphy/pt
II/lib/commons-logging-1.1.1.jar:/home/travis/build/icyphy/ptII/lib/sootclasses
.jar:/home/travis/build/icyphy/ptII/ptolemy/actor/lib/database/mysql-connector-
java-5.1.6-bin.jar:/home/travis/build/icyphy/ptII/vendors/misc/sphinx4/sphinx4-
data-5prealpha.jar:/home/travis/build/icyphy/ptII/vendors/misc/sphinx4/sphinx4-
core-5prealpha.jar:/home/travis/build/icyphy/ptII/lib/PDFRenderer.jar:/home/tra
vis/build/icyphy/ptII/lib/svgSalamander.jar:/home/travis/build/icyphy/ptII/lib/
rsyntaxtextarea-2.6.0-SNAPSHOT.jar:/home/travis/build/icyphy/ptII/lib/hazelcast
-3.8.2.jar:/home/travis/build/icyphy/ptII/lib/jackson-annotations-2.9.0.jar:/ho
me/travis/build/icyphy/ptII/lib/jackson-core-2.9.3.jar:/home/travis/build/icyph
y/ptII/lib/jackson-databind-2.9.3.jar:/home/travis/build/icyphy/ptII/lib/netty-
buffer-4.1.19.Final.jar:/home/travis/build/icyphy/ptII/lib/netty-codec-4.1.19.F
inal.jar:/home/travis/build/icyphy/ptII/lib/netty-codec-dns-4.1.19.Final.jar:/h
ome/travis/build/icyphy/ptII/lib/netty-codec-http-4.1.19.Final.jar:/home/travis
/build/icyphy/ptII/lib/netty-codec-http2-4.1.19.Final.jar:/home/travis/build/ic
yphy/ptII/lib/netty-common-4.1.19.Final.jar:/home/travis/build/icyphy/ptII/lib/
netty-handler-4.1.19.Final.jar:/home/travis/build/icyphy/ptII/lib/netty-resolve
r-4.1.19.Final.jar:/home/travis/build/icyphy/ptII/lib/netty-resolver-dns-4.1.19
.Final.jar:/home/travis/build/icyphy/ptII/lib/netty-transport-4.1.19.Final.jar:
/home/travis/build/icyphy/ptII/lib/vertx-codegen-3.5.1.jar:/home/travis/build/i
cyphy/ptII/lib/vertx-core-3.5.2-SNAPSHOT.jar:/home/travis/build/icyphy/ptII/lib
/vertx-hazelcast-3.5.1.jar:/home/travis/build/icyphy/ptII/lib/vertx-lang-js-3.5
.1.jar:/home/travis/build/icyphy/ptII/lib/vertx-service-proxy-3.5.1.jar:/home/t
ravis/build/icyphy/ptII/lib/vertx-web-3.5.1.jar:/home/travis/build/icyphy/ptII/
lib/slf4j-api-1.7.13.jar:/home/travis/build/icyphy/ptII/lib/slf4j-simple-1.7.13
.jar:/home/travis/build/icyphy/ptII/lib/webcam-capture-0.3.12.jar:/home/travis/
build/icyphy/ptII/lib/bridj-0.7.0.jar:/home/travis/build/icyphy/ptII/lib/xbjlib
-1.1.0.nrjavaserial.jar:/home/travis/build/icyphy/ptII/ptolemy/moml/test:/home/
travis/build/icyphy/ptII/ant/lib/ant-launcher.jar:/home/travis/build/icyphy/ptI
I/ant/lib/ant.jar:/home/travis/build/icyphy/ptII/ant/lib/ant-junit.jar:/home/tr
avis/build/icyphy/ptII/ant/lib/ant-junit4.jar:/home/travis/build/icyphy/ptII
ModularCodeGenTest_A1_profile.java
total 1224
drwxrwxr-x   3 travis travis  12288 Jul 21 18:20 AbsoluteValue
drwxrwxr-x   3 travis travis 102400 Jul 21 18:19 AllColt
drwxrwxr-x   3 travis travis  12288 Jul 21 18:19 Case1
drwxrwxr-x   5 travis travis   4096 Jul 21 18:18 fmi
drwxrwxr-x   3 travis travis  16384 Jul 21 18:20 Gaussian2
drwxrwxr-x   3 travis travis  12288 Jul 21 18:21 LookupTable
drwxrwxr-x   3 travis travis  20480 Jul 21 18:21 MaxIndex
-rw-rw-r--   1 travis travis   3723 Jul 21 18:26 ModularCodeGenTest_A1_A2.class
-rw-rw-r--   1 travis travis   9163 Jul 21 18:26 ModularCodeGenTest_A1_A2.java
-rw-rw-r--   1 travis travis    904 Jul 21 18:26 ModularCodeGenTest_A1_A2.mk
-rw-rw-r--   1 travis travis   1306 Jul 21 18:26 ModularCodeGenTest_A1_A2_profile.class
-rw-rw-r--   1 travis travis   1228 Jul 21 18:26 ModularCodeGenTest_A1_A2_profile.java
-rw-rw-r--   1 travis travis   1394 Jul 21 18:26 ModularCodeGenTest_A1_profile.java
drwxrwxr-x   3 travis travis  32768 Jul 21 18:26 modulation2
drwxrwxr-x 139 travis travis  12288 Jul 21 18:26 node_modules
drwxrwxr-x   3 travis travis  20480 Jul 21 18:21 PhaseUnwrap
drwxrwxr-x   3 travis travis  12288 Jul 21 18:22 ReadFile1
-rw-rw-r--   1 travis travis     11 Jul 21 18:21 ReadFile1Output.txt
-rw-rw-r--   1 travis travis  13773 Jul 21 18:26 Repeat.class
-rw-rw-r--   1 travis travis    685 Jul 21 18:26 Repeat$_fireFunction_Repeat_Repeat$__f_sL_11.class
-rw-rw-r--   1 travis travis    541 Jul 21 18:26 Repeat$_fireFunction_Repeat_Repeat$__f_sL_12.class
-rw-rw-r--   1 travis travis    541 Jul 21 18:26 Repeat$_fireFunction_Repeat_Repeat$__f_sL_13.class
-rw-rw-r--   1 travis travis    541 Jul 21 18:26 Repeat$_fireFunction_Repeat_Repeat$__f_sL_14.class
-rw-rw-r--   1 travis travis    684 Jul 21 18:26 Repeat$_fireFunction_Repeat_Repeat$__f_sL_1.class
-rw-rw-r--   1 travis travis    683 Jul 21 18:26 Repeat$_fireFunction_Repeat_Repeat$__f_sL_4.class
-rw-rw-r--   1 travis travis    539 Jul 21 18:26 Repeat$_fireFunction_Repeat_Repeat$__f_sL_9.class
-rw-rw-r--   1 travis travis    494 Jul 21 18:26 Repeat$_initialize_Repeat$__i_sL_2.class
-rw-rw-r--   1 travis travis   1281 Jul 21 18:26 Repeat.mk
-rw-rw-r--   1 travis travis    539 Jul 21 18:26 Repeat$_preinitializeMethod_Repeat$__p_sL_0.class
-rw-rw-r--   1 travis travis   1102 Jul 21 18:26 Repeat$_Repeat$_fireFunction_Repeat_AddSubtract_Repeat.class
-rw-rw-r--   1 travis travis    810 Jul 21 18:26 Repeat$_Repeat$_fireFunction_Repeat_AddSubtract_Repeat$__f_sL_0.class
-rw-rw-r--   1 travis travis    928 Jul 21 18:26 Repeat$_Repeat$_fireFunction_Repeat_AddSubtract_Repeat$__f_sL_1.class
-rw-rw-r--   1 travis travis    934 Jul 21 18:26 Repeat$_Repeat$_fireFunction_Repeat_AddSubtract_Repeat$__f_sL_2.class
-rw-rw-r--   1 travis travis    862 Jul 21 18:26 Repeat$_Repeat$_fireFunction_Repeat_AddSubtract_Repeat$__f_sL_3.class
-rw-rw-r--   1 travis travis    757 Jul 21 18:26 Repeat$_Repeat$_fireFunction_Repeat_Ramp2_Repeat$__f_sL_0.class
-rw-rw-r--   1 travis travis    888 Jul 21 18:26 Repeat$_Repeat$_fireFunction_Repeat_Test_Repeat$__f_sL_0.class
-rw-rw-r--   1 travis travis    634 Jul 21 18:26 Repeat$_Repeat$_fireFunction_Repeat_Test_Repeat$__f_sL_1.class
-rw-rw-r--   1 travis travis    704 Jul 21 18:26 Repeat$_Repeat_SDF_Director_run_Repeat$__R_sL_0.class
-rw-rw-r--   1 travis travis    705 Jul 21 18:26 Repeat$_Repeat_SDF_Director_run_Repeat$__R_sL_11.class
-rw-rw-r--   1 travis travis    561 Jul 21 18:26 Repeat$_Repeat_SDF_Director_run_Repeat$__R_sL_13.class
-rw-rw-r--   1 travis travis    559 Jul 21 18:26 Repeat$_Repeat_SDF_Director_run_Repeat$__R_sL_2.class
-rw-rw-r--   1 travis travis    703 Jul 21 18:26 Repeat$_Repeat_SDF_Director_run_Repeat$__R_sL_3.class
-rw-rw-r--   1 travis travis    559 Jul 21 18:26 Repeat$_Repeat_SDF_Director_run_Repeat$__R_sL_5.class
-rw-rw-r--   1 travis travis    559 Jul 21 18:26 Repeat$_Repeat_SDF_Director_run_Repeat$__R_sL_8.class
drwxrwxr-x   2 travis travis   4096 Jul 21 18:26 RepeatVariables
-rw-rw-r--   1 travis travis    882 Jul 21 18:26 Repeat$_varinit_Repeat.class
-rw-rw-r--   1 travis travis    550 Jul 21 18:26 Repeat$_varinit_Repeat$__v_sL_2.class
-rw-rw-r--   1 travis travis    924 Jul 21 18:26 Repeat$_varinit_Repeat$__v_sL_4.class
-rw-rw-r--   1 travis travis    978 Jul 21 18:26 Repeat$_wrapup_Repeat$__w_sL_1.class
drwxrwxr-x   3 travis travis  20480 Jul 21 18:22 Sinewave
drwxrwxr-x   3 travis travis  32768 Jul 21 18:23 StringFunction
drwxrwxr-x   3 travis travis  12288 Jul 21 18:24 StringLength
drwxrwxr-x   3 travis travis  61440 Jul 21 18:24 StringMatches2
drwxrwxr-x   3 travis travis  61440 Jul 21 18:24 StringSimpleReplace
drwxrwxr-x   3 travis travis  65536 Jul 21 18:24 StringSubstring
drwxrwxr-x   3 travis travis  24576 Jul 21 18:25 StringSubstring2
drwxrwxr-x   3 travis travis  16384 Jul 21 18:25 time1
drwxrwxr-x   3 travis travis  12288 Jul 21 18:26 time5
-rw-rw-r--   1 travis travis    432 Jul 21 18:26 Token.class
-rw-rw-r--   1 travis travis    251 Jul 21 18:26 Token.java
-rwxrwxr-x   1 travis travis 466992 Jul 21 18:18 top
-rw-rw-r--   1 travis travis  20502 Jul 21 18:18 top.c
-rw-rw-r--   1 travis travis   3799 Jul 21 18:26 top.class
-rw-rw-r--   1 travis travis   1257 Jul 21 18:26 top.mk
All Done
Writing ModularCodeGenTest_A1.java in file:/home/travis/cg/ (9968 characters)
Reading "ptolemy/cg/kernel/generic/program/procedural/java/modular/makefile.in",
    writing "/home/travis/cg/ModularCodeGenTest_A1.mk"
Using ptolemy/cg/kernel/generic/program/procedural/java/modular/makefile.in
In "/home/travis/cg", about to execute:
    make -f ModularCodeGenTest_A1.mk
javac -classpath ".:.."    ModularCodeGenTest_A1.java
All Done
8788 ms. Memory: 120832K Free: 98271K (81%)
21 ms. Memory: 120832K Free: 95693K (79%)
In "/home/travis/cg", about to execute:
    pwd
In "/home/travis/cg", about to execute:
    ls -l
In "/home/travis/cg", about to execute:
    javac -classpath
.:/home/travis/build/icyphy/ptII:/home/travis/build/icyphy/ptII/lib/bsh-2.0b4.j
ar:/home/travis/build/icyphy/ptII/lib/ptCal.jar:/home/travis/build/icyphy/ptII/
lib/java_cup.jar:/home/travis/build/icyphy/ptII/lib/saxon8.jar:/home/travis/bui
ld/icyphy/ptII/lib/saxon8-dom.jar:/home/travis/build/icyphy/ptII/lib/chic.jar:/
home/travis/build/icyphy/ptII/lib/ptcolt.jar:/home/travis/build/icyphy/ptII/ven
dors/misc/itext/iText.jar:/home/travis/build/icyphy/ptII/lib/g4ltl.jar:/home/tr
avis/build/icyphy/ptII/lib/StructuralCoder.jar:/home/travis/build/icyphy/ptII/l
ib/jcerti.jar:/home/travis/build/icyphy/ptII/lib/javax.mail.jar:/home/travis/bu
ild/icyphy/ptII/vendors/JMF-2.1.1e/lib/jmf.jar:/home/travis/build/icyphy/ptII/l
ib/jna-4.0.0-variadic.jar:/home/travis/build/icyphy/ptII/vendors/misc/joystick/
Joystick.jar:/home/travis/build/icyphy/ptII/lib/ptjacl.jar:/home/travis/build/i
cyphy/ptII/lib/jsoup-1.8.2.jar:/home/travis/build/icyphy/ptII/lib/junit-4.8.2.j
ar:/home/travis/build/icyphy/ptII/lib/JUnitParams-0.4.0.jar:/home/travis/build/
icyphy/ptII/ptolemy/actor/lib/excel/jxl.jar:/home/travis/build/icyphy/ptII/lib/
jython.jar:/home/travis/build/icyphy/ptII/lib/kieler.jar:/home/travis/build/icy
phy/ptII/vendors/opencv/share/OpenCV/java/opencv-341.jar:/home/travis/build/icy
phy/ptII/lib/oscP5.jar:/home/travis/build/icyphy/ptII/lib/nrjavaserial-3.11.0.d
evel.jar:/home/travis/build/icyphy/ptII/vendors/j3d/lib/Linux/j3dcore.jar:/home
/travis/build/icyphy/ptII/vendors/j3d/lib/Linux/j3dutils.jar:/home/travis/build
/icyphy/ptII/vendors/j3d/lib/Linux/vecmath.jar:/home/travis/build/icyphy/ptII/v
endors/jogl/lib/Linux/gluegen-rt-natives-linux-amd64.jar:/home/travis/build/icy
phy/ptII/vendors/jogl/lib/Linux/gluegen-rt.jar:/home/travis/build/icyphy/ptII/v
endors/jogl/lib/Linux/jogl-all-natives-linux-amd64.jar:/home/travis/build/icyph
y/ptII/vendors/jogl/lib/Linux/jogl-all.jar:/home/travis/build/icyphy/ptII/ptole
my/distributed/jini/jar/jini-core.jar:/home/travis/build/icyphy/ptII/ptolemy/di
stributed/jini/jar/jini-ext.jar:/home/travis/build/icyphy/ptII/ptolemy/distribu
ted/jini/jar/sun-util.jar:/home/travis/build/icyphy/ptII/lib/protobuf-java-2.4.
1.jar:/home/travis/build/icyphy/ptII/lib/org.eclipse.paho.client.mqttv3.jar:/ho
me/travis/build/icyphy/ptII/lib/mapss.jar:/home/travis/build/icyphy/ptII/ptolem
y/actor/ptalon/antlr/antlr.jar:/home/travis/build/icyphy/ptII/lib/JRI.jar:/home
/travis/build/icyphy/ptII/lib/commons-lang-2.6.jar:/home/travis/build/icyphy/pt
II/lib/commons-logging-1.1.1.jar:/home/travis/build/icyphy/ptII/lib/sootclasses
.jar:/home/travis/build/icyphy/ptII/ptolemy/actor/lib/database/mysql-connector-
java-5.1.6-bin.jar:/home/travis/build/icyphy/ptII/vendors/misc/sphinx4/sphinx4-
data-5prealpha.jar:/home/travis/build/icyphy/ptII/vendors/misc/sphinx4/sphinx4-
core-5prealpha.jar:/home/travis/build/icyphy/ptII/lib/PDFRenderer.jar:/home/tra
vis/build/icyphy/ptII/lib/svgSalamander.jar:/home/travis/build/icyphy/ptII/lib/
rsyntaxtextarea-2.6.0-SNAPSHOT.jar:/home/travis/build/icyphy/ptII/lib/hazelcast
-3.8.2.jar:/home/travis/build/icyphy/ptII/lib/jackson-annotations-2.9.0.jar:/ho
me/travis/build/icyphy/ptII/lib/jackson-core-2.9.3.jar:/home/travis/build/icyph
y/ptII/lib/jackson-databind-2.9.3.jar:/home/travis/build/icyphy/ptII/lib/netty-
buffer-4.1.19.Final.jar:/home/travis/build/icyphy/ptII/lib/netty-codec-4.1.19.F
inal.jar:/home/travis/build/icyphy/ptII/lib/netty-codec-dns-4.1.19.Final.jar:/h
ome/travis/build/icyphy/ptII/lib/netty-codec-http-4.1.19.Final.jar:/home/travis
/build/icyphy/ptII/lib/netty-codec-http2-4.1.19.Final.jar:/home/travis/build/ic
yphy/ptII/lib/netty-common-4.1.19.Final.jar:/home/travis/build/icyphy/ptII/lib/
netty-handler-4.1.19.Final.jar:/home/travis/build/icyphy/ptII/lib/netty-resolve
r-4.1.19.Final.jar:/home/travis/build/icyphy/ptII/lib/netty-resolver-dns-4.1.19
.Final.jar:/home/travis/build/icyphy/ptII/lib/netty-transport-4.1.19.Final.jar:
/home/travis/build/icyphy/ptII/lib/vertx-codegen-3.5.1.jar:/home/travis/build/i
cyphy/ptII/lib/vertx-core-3.5.2-SNAPSHOT.jar:/home/travis/build/icyphy/ptII/lib
/vertx-hazelcast-3.5.1.jar:/home/travis/build/icyphy/ptII/lib/vertx-lang-js-3.5
.1.jar:/home/travis/build/icyphy/ptII/lib/vertx-service-proxy-3.5.1.jar:/home/t
ravis/build/icyphy/ptII/lib/vertx-web-3.5.1.jar:/home/travis/build/icyphy/ptII/
lib/slf4j-api-1.7.13.jar:/home/travis/build/icyphy/ptII/lib/slf4j-simple-1.7.13
.jar:/home/travis/build/icyphy/ptII/lib/webcam-capture-0.3.12.jar:/home/travis/
build/icyphy/ptII/lib/bridj-0.7.0.jar:/home/travis/build/icyphy/ptII/lib/xbjlib
-1.1.0.nrjavaserial.jar:/home/travis/build/icyphy/ptII/ptolemy/moml/test:/home/
travis/build/icyphy/ptII/ant/lib/ant-launcher.jar:/home/travis/build/icyphy/ptI
I/ant/lib/ant.jar:/home/travis/build/icyphy/ptII/ant/lib/ant-junit.jar:/home/tr
avis/build/icyphy/ptII/ant/lib/ant-junit4.jar:/home/travis/build/icyphy/ptII
ModularCodeGenTest_A1_A2_profile.java
/home/travis/cg
total 1248
drwxrwxr-x   3 travis travis  12288 Jul 21 18:20 AbsoluteValue
drwxrwxr-x   3 travis travis 102400 Jul 21 18:19 AllColt
drwxrwxr-x   3 travis travis  12288 Jul 21 18:19 Case1
drwxrwxr-x   5 travis travis   4096 Jul 21 18:18 fmi
drwxrwxr-x   3 travis travis  16384 Jul 21 18:20 Gaussian2
drwxrwxr-x   3 travis travis  12288 Jul 21 18:21 LookupTable
drwxrwxr-x   3 travis travis  20480 Jul 21 18:21 MaxIndex
-rw-rw-r--   1 travis travis   3723 Jul 21 18:26 ModularCodeGenTest_A1_A2.class
-rw-rw-r--   1 travis travis   9163 Jul 21 18:26 ModularCodeGenTest_A1_A2.java
-rw-rw-r--   1 travis travis    904 Jul 21 18:26 ModularCodeGenTest_A1_A2.mk
-rw-rw-r--   1 travis travis   1306 Jul 21 18:26 ModularCodeGenTest_A1_A2_profile.class
-rw-rw-r--   1 travis travis   1228 Jul 21 18:26 ModularCodeGenTest_A1_A2_profile.java
-rw-rw-r--   1 travis travis   4055 Jul 21 18:26 ModularCodeGenTest_A1.class
-rw-rw-r--   1 travis travis   9968 Jul 21 18:26 ModularCodeGenTest_A1.java
-rw-rw-r--   1 travis travis    880 Jul 21 18:26 ModularCodeGenTest_A1.mk
-rw-rw-r--   1 travis travis   1352 Jul 21 18:26 ModularCodeGenTest_A1_profile.class
-rw-rw-r--   1 travis travis   1394 Jul 21 18:26 ModularCodeGenTest_A1_profile.java
drwxrwxr-x   3 travis travis  32768 Jul 21 18:26 modulation2
drwxrwxr-x 139 travis travis  12288 Jul 21 18:26 node_modules
drwxrwxr-x   3 travis travis  20480 Jul 21 18:21 PhaseUnwrap
drwxrwxr-x   3 travis travis  12288 Jul 21 18:22 ReadFile1
-rw-rw-r--   1 travis travis     11 Jul 21 18:21 ReadFile1Output.txt
-rw-rw-r--   1 travis travis  13773 Jul 21 18:26 Repeat.class
-rw-rw-r--   1 travis travis    685 Jul 21 18:26 Repeat$_fireFunction_Repeat_Repeat$__f_sL_11.class
-rw-rw-r--   1 travis travis    541 Jul 21 18:26 Repeat$_fireFunction_Repeat_Repeat$__f_sL_12.class
-rw-rw-r--   1 travis travis    541 Jul 21 18:26 Repeat$_fireFunction_Repeat_Repeat$__f_sL_13.class
-rw-rw-r--   1 travis travis    541 Jul 21 18:26 Repeat$_fireFunction_Repeat_Repeat$__f_sL_14.class
-rw-rw-r--   1 travis travis    684 Jul 21 18:26 Repeat$_fireFunction_Repeat_Repeat$__f_sL_1.class
-rw-rw-r--   1 travis travis    683 Jul 21 18:26 Repeat$_fireFunction_Repeat_Repeat$__f_sL_4.class
-rw-rw-r--   1 travis travis    539 Jul 21 18:26 Repeat$_fireFunction_Repeat_Repeat$__f_sL_9.class
-rw-rw-r--   1 travis travis    494 Jul 21 18:26 Repeat$_initialize_Repeat$__i_sL_2.class
-rw-rw-r--   1 travis travis   1281 Jul 21 18:26 Repeat.mk
-rw-rw-r--   1 travis travis    539 Jul 21 18:26 Repeat$_preinitializeMethod_Repeat$__p_sL_0.class
-rw-rw-r--   1 travis travis   1102 Jul 21 18:26 Repeat$_Repeat$_fireFunction_Repeat_AddSubtract_Repeat.class
-rw-rw-r--   1 travis travis    810 Jul 21 18:26 Repeat$_Repeat$_fireFunction_Repeat_AddSubtract_Repeat$__f_sL_0.class
-rw-rw-r--   1 travis travis    928 Jul 21 18:26 Repeat$_Repeat$_fireFunction_Repeat_AddSubtract_Repeat$__f_sL_1.class
-rw-rw-r--   1 travis travis    934 Jul 21 18:26 Repeat$_Repeat$_fireFunction_Repeat_AddSubtract_Repeat$__f_sL_2.class
-rw-rw-r--   1 travis travis    862 Jul 21 18:26 Repeat$_Repeat$_fireFunction_Repeat_AddSubtract_Repeat$__f_sL_3.class
-rw-rw-r--   1 travis travis    757 Jul 21 18:26 Repeat$_Repeat$_fireFunction_Repeat_Ramp2_Repeat$__f_sL_0.class
-rw-rw-r--   1 travis travis    888 Jul 21 18:26 Repeat$_Repeat$_fireFunction_Repeat_Test_Repeat$__f_sL_0.class
-rw-rw-r--   1 travis travis    634 Jul 21 18:26 Repeat$_Repeat$_fireFunction_Repeat_Test_Repeat$__f_sL_1.class
-rw-rw-r--   1 travis travis    704 Jul 21 18:26 Repeat$_Repeat_SDF_Director_run_Repeat$__R_sL_0.class
-rw-rw-r--   1 travis travis    705 Jul 21 18:26 Repeat$_Repeat_SDF_Director_run_Repeat$__R_sL_11.class
-rw-rw-r--   1 travis travis    561 Jul 21 18:26 Repeat$_Repeat_SDF_Director_run_Repeat$__R_sL_13.class
-rw-rw-r--   1 travis travis    559 Jul 21 18:26 Repeat$_Repeat_SDF_Director_run_Repeat$__R_sL_2.class
-rw-rw-r--   1 travis travis    703 Jul 21 18:26 Repeat$_Repeat_SDF_Director_run_Repeat$__R_sL_3.class
-rw-rw-r--   1 travis travis    559 Jul 21 18:26 Repeat$_Repeat_SDF_Director_run_Repeat$__R_sL_5.class
-rw-rw-r--   1 travis travis    559 Jul 21 18:26 Repeat$_Repeat_SDF_Director_run_Repeat$__R_sL_8.class
drwxrwxr-x   2 travis travis   4096 Jul 21 18:26 RepeatVariables
-rw-rw-r--   1 travis travis    882 Jul 21 18:26 Repeat$_varinit_Repeat.class
-rw-rw-r--   1 travis travis    550 Jul 21 18:26 Repeat$_varinit_Repeat$__v_sL_2.class
-rw-rw-r--   1 travis travis    924 Jul 21 18:26 Repeat$_varinit_Repeat$__v_sL_4.class
-rw-rw-r--   1 travis travis    978 Jul 21 18:26 Repeat$_wrapup_Repeat$__w_sL_1.class
drwxrwxr-x   3 travis travis  20480 Jul 21 18:22 Sinewave
drwxrwxr-x   3 travis travis  32768 Jul 21 18:23 StringFunction
drwxrwxr-x   3 travis travis  12288 Jul 21 18:24 StringLength
drwxrwxr-x   3 travis travis  61440 Jul 21 18:24 StringMatches2
drwxrwxr-x   3 travis travis  61440 Jul 21 18:24 StringSimpleReplace
drwxrwxr-x   3 travis travis  65536 Jul 21 18:24 StringSubstring
drwxrwxr-x   3 travis travis  24576 Jul 21 18:25 StringSubstring2
drwxrwxr-x   3 travis travis  16384 Jul 21 18:25 time1
drwxrwxr-x   3 travis travis  12288 Jul 21 18:26 time5
-rw-rw-r--   1 travis travis    432 Jul 21 18:26 Token.class
-rw-rw-r--   1 travis travis    251 Jul 21 18:26 Token.java
-rwxrwxr-x   1 travis travis 466992 Jul 21 18:18 top
-rw-rw-r--   1 travis travis  20502 Jul 21 18:18 top.c
-rw-rw-r--   1 travis travis   3799 Jul 21 18:26 top.class
-rw-rw-r--   1 travis travis   1257 Jul 21 18:26 top.mk
All Done
Writing ModularCodeGenTest_A1_A2.java in file:/home/travis/cg/ (9164 characters)
Reading "ptolemy/cg/kernel/generic/program/procedural/java/modular/makefile.in",
    writing "/home/travis/cg/ModularCodeGenTest_A1_A2.mk"
Using ptolemy/cg/kernel/generic/program/procedural/java/modular/makefile.in
In "/home/travis/cg", about to execute:
    make -f ModularCodeGenTest_A1_A2.mk
javac -classpath ".:.."    ModularCodeGenTest_A1_A2.java
All Done
3526 ms. Memory: 120832K Free: 56116K (46%)
Warning: failed to delete /home/travis/cg: error deleting "/home/travis/cg/node_modules/@pm2/io/node_modules/.bin":  best guess at reason: permission denied
In "/home/travis/cg", about to execute:
    pwd
In "/home/travis/cg", about to execute:
    ls -l
/home/travis/cg
In "/home/travis/cg", about to execute:
    javac -classpath
.:/home/travis/build/icyphy/ptII:/home/travis/build/icyphy/ptII/lib/bsh-2.0b4.j
ar:/home/travis/build/icyphy/ptII/lib/ptCal.jar:/home/travis/build/icyphy/ptII/
lib/java_cup.jar:/home/travis/build/icyphy/ptII/lib/saxon8.jar:/home/travis/bui
ld/icyphy/ptII/lib/saxon8-dom.jar:/home/travis/build/icyphy/ptII/lib/chic.jar:/
home/travis/build/icyphy/ptII/lib/ptcolt.jar:/home/travis/build/icyphy/ptII/ven
dors/misc/itext/iText.jar:/home/travis/build/icyphy/ptII/lib/g4ltl.jar:/home/tr
avis/build/icyphy/ptII/lib/StructuralCoder.jar:/home/travis/build/icyphy/ptII/l
ib/jcerti.jar:/home/travis/build/icyphy/ptII/lib/javax.mail.jar:/home/travis/bu
ild/icyphy/ptII/vendors/JMF-2.1.1e/lib/jmf.jar:/home/travis/build/icyphy/ptII/l
ib/jna-4.0.0-variadic.jar:/home/travis/build/icyphy/ptII/vendors/misc/joystick/
Joystick.jar:/home/travis/build/icyphy/ptII/lib/ptjacl.jar:/home/travis/build/i
cyphy/ptII/lib/jsoup-1.8.2.jar:/home/travis/build/icyphy/ptII/lib/junit-4.8.2.j
ar:/home/travis/build/icyphy/ptII/lib/JUnitParams-0.4.0.jar:/home/travis/build/
icyphy/ptII/ptolemy/actor/lib/excel/jxl.jar:/home/travis/build/icyphy/ptII/lib/
jython.jar:/home/travis/build/icyphy/ptII/lib/kieler.jar:/home/travis/build/icy
phy/ptII/vendors/opencv/share/OpenCV/java/opencv-341.jar:/home/travis/build/icy
phy/ptII/lib/oscP5.jar:/home/travis/build/icyphy/ptII/lib/nrjavaserial-3.11.0.d
evel.jar:/home/travis/build/icyphy/ptII/vendors/j3d/lib/Linux/j3dcore.jar:/home
/travis/build/icyphy/ptII/vendors/j3d/lib/Linux/j3dutils.jar:/home/travis/build
/icyphy/ptII/vendors/j3d/lib/Linux/vecmath.jar:/home/travis/build/icyphy/ptII/v
endors/jogl/lib/Linux/gluegen-rt-natives-linux-amd64.jar:/home/travis/build/icy
phy/ptII/vendors/jogl/lib/Linux/gluegen-rt.jar:/home/travis/build/icyphy/ptII/v
endors/jogl/lib/Linux/jogl-all-natives-linux-amd64.jar:/home/travis/build/icyph
y/ptII/vendors/jogl/lib/Linux/jogl-all.jar:/home/travis/build/icyphy/ptII/ptole
my/distributed/jini/jar/jini-core.jar:/home/travis/build/icyphy/ptII/ptolemy/di
stributed/jini/jar/jini-ext.jar:/home/travis/build/icyphy/ptII/ptolemy/distribu
ted/jini/jar/sun-util.jar:/home/travis/build/icyphy/ptII/lib/protobuf-java-2.4.
1.jar:/home/travis/build/icyphy/ptII/lib/org.eclipse.paho.client.mqttv3.jar:/ho
me/travis/build/icyphy/ptII/lib/mapss.jar:/home/travis/build/icyphy/ptII/ptolem
y/actor/ptalon/antlr/antlr.jar:/home/travis/build/icyphy/ptII/lib/JRI.jar:/home
/travis/build/icyphy/ptII/lib/commons-lang-2.6.jar:/home/travis/build/icyphy/pt
II/lib/commons-logging-1.1.1.jar:/home/travis/build/icyphy/ptII/lib/sootclasses
.jar:/home/travis/build/icyphy/ptII/ptolemy/actor/lib/database/mysql-connector-
java-5.1.6-bin.jar:/home/travis/build/icyphy/ptII/vendors/misc/sphinx4/sphinx4-
data-5prealpha.jar:/home/travis/build/icyphy/ptII/vendors/misc/sphinx4/sphinx4-
core-5prealpha.jar:/home/travis/build/icyphy/ptII/lib/PDFRenderer.jar:/home/tra
vis/build/icyphy/ptII/lib/svgSalamander.jar:/home/travis/build/icyphy/ptII/lib/
rsyntaxtextarea-2.6.0-SNAPSHOT.jar:/home/travis/build/icyphy/ptII/lib/hazelcast
-3.8.2.jar:/home/travis/build/icyphy/ptII/lib/jackson-annotations-2.9.0.jar:/ho
me/travis/build/icyphy/ptII/lib/jackson-core-2.9.3.jar:/home/travis/build/icyph
y/ptII/lib/jackson-databind-2.9.3.jar:/home/travis/build/icyphy/ptII/lib/netty-
buffer-4.1.19.Final.jar:/home/travis/build/icyphy/ptII/lib/netty-codec-4.1.19.F
inal.jar:/home/travis/build/icyphy/ptII/lib/netty-codec-dns-4.1.19.Final.jar:/h
ome/travis/build/icyphy/ptII/lib/netty-codec-http-4.1.19.Final.jar:/home/travis
/build/icyphy/ptII/lib/netty-codec-http2-4.1.19.Final.jar:/home/travis/build/ic
yphy/ptII/lib/netty-common-4.1.19.Final.jar:/home/travis/build/icyphy/ptII/lib/
netty-handler-4.1.19.Final.jar:/home/travis/build/icyphy/ptII/lib/netty-resolve
r-4.1.19.Final.jar:/home/travis/build/icyphy/ptII/lib/netty-resolver-dns-4.1.19
.Final.jar:/home/travis/build/icyphy/ptII/lib/netty-transport-4.1.19.Final.jar:
/home/travis/build/icyphy/ptII/lib/vertx-codegen-3.5.1.jar:/home/travis/build/i
cyphy/ptII/lib/vertx-core-3.5.2-SNAPSHOT.jar:/home/travis/build/icyphy/ptII/lib
/vertx-hazelcast-3.5.1.jar:/home/travis/build/icyphy/ptII/lib/vertx-lang-js-3.5
.1.jar:/home/travis/build/icyphy/ptII/lib/vertx-service-proxy-3.5.1.jar:/home/t
ravis/build/icyphy/ptII/lib/vertx-web-3.5.1.jar:/home/travis/build/icyphy/ptII/
lib/slf4j-api-1.7.13.jar:/home/travis/build/icyphy/ptII/lib/slf4j-simple-1.7.13
.jar:/home/travis/build/icyphy/ptII/lib/webcam-capture-0.3.12.jar:/home/travis/
build/icyphy/ptII/lib/bridj-0.7.0.jar:/home/travis/build/icyphy/ptII/lib/xbjlib
-1.1.0.nrjavaserial.jar:/home/travis/build/icyphy/ptII/ptolemy/moml/test:/home/
travis/build/icyphy/ptII/ant/lib/ant-launcher.jar:/home/travis/build/icyphy/ptI
I/ant/lib/ant.jar:/home/travis/build/icyphy/ptII/ant/lib/ant-junit.jar:/home/tr
avis/build/icyphy/ptII/ant/lib/ant-junit4.jar:/home/travis/build/icyphy/ptII
ModularCodeGenTest_A1_profile.java
total 1220
drwxrwxr-x   3 travis travis  12288 Jul 21 18:20 AbsoluteValue
drwxrwxr-x   3 travis travis 102400 Jul 21 18:19 AllColt
drwxrwxr-x   3 travis travis  12288 Jul 21 18:19 Case1
drwxrwxr-x   5 travis travis   4096 Jul 21 18:18 fmi
drwxrwxr-x   3 travis travis  16384 Jul 21 18:20 Gaussian2
drwxrwxr-x   3 travis travis  12288 Jul 21 18:21 LookupTable
drwxrwxr-x   3 travis travis  20480 Jul 21 18:21 MaxIndex
-rw-rw-r--   1 travis travis   3724 Jul 21 18:26 ModularCodeGenTest_A1_A2.class
-rw-rw-r--   1 travis travis   9164 Jul 21 18:26 ModularCodeGenTest_A1_A2.java
-rw-rw-r--   1 travis travis   1306 Jul 21 18:26 ModularCodeGenTest_A1_A2_profile.class
-rw-rw-r--   1 travis travis   9968 Jul 21 18:26 ModularCodeGenTest_A1.java
-rw-rw-r--   1 travis travis   1394 Jul 21 18:26 ModularCodeGenTest_A1_profile.java
drwxrwxr-x   3 travis travis  32768 Jul 21 18:26 modulation2
drwxrwxr-x 139 travis travis  12288 Jul 21 18:26 node_modules
drwxrwxr-x   3 travis travis  20480 Jul 21 18:21 PhaseUnwrap
drwxrwxr-x   3 travis travis  12288 Jul 21 18:22 ReadFile1
-rw-rw-r--   1 travis travis     11 Jul 21 18:21 ReadFile1Output.txt
-rw-rw-r--   1 travis travis  13773 Jul 21 18:26 Repeat.class
-rw-rw-r--   1 travis travis    685 Jul 21 18:26 Repeat$_fireFunction_Repeat_Repeat$__f_sL_11.class
-rw-rw-r--   1 travis travis    541 Jul 21 18:26 Repeat$_fireFunction_Repeat_Repeat$__f_sL_12.class
-rw-rw-r--   1 travis travis    541 Jul 21 18:26 Repeat$_fireFunction_Repeat_Repeat$__f_sL_13.class
-rw-rw-r--   1 travis travis    541 Jul 21 18:26 Repeat$_fireFunction_Repeat_Repeat$__f_sL_14.class
-rw-rw-r--   1 travis travis    684 Jul 21 18:26 Repeat$_fireFunction_Repeat_Repeat$__f_sL_1.class
-rw-rw-r--   1 travis travis    683 Jul 21 18:26 Repeat$_fireFunction_Repeat_Repeat$__f_sL_4.class
-rw-rw-r--   1 travis travis    539 Jul 21 18:26 Repeat$_fireFunction_Repeat_Repeat$__f_sL_9.class
-rw-rw-r--   1 travis travis    494 Jul 21 18:26 Repeat$_initialize_Repeat$__i_sL_2.class
-rw-rw-r--   1 travis travis   1281 Jul 21 18:26 Repeat.mk
-rw-rw-r--   1 travis travis    539 Jul 21 18:26 Repeat$_preinitializeMethod_Repeat$__p_sL_0.class
-rw-rw-r--   1 travis travis   1102 Jul 21 18:26 Repeat$_Repeat$_fireFunction_Repeat_AddSubtract_Repeat.class
-rw-rw-r--   1 travis travis    810 Jul 21 18:26 Repeat$_Repeat$_fireFunction_Repeat_AddSubtract_Repeat$__f_sL_0.class
-rw-rw-r--   1 travis travis    928 Jul 21 18:26 Repeat$_Repeat$_fireFunction_Repeat_AddSubtract_Repeat$__f_sL_1.class
-rw-rw-r--   1 travis travis    934 Jul 21 18:26 Repeat$_Repeat$_fireFunction_Repeat_AddSubtract_Repeat$__f_sL_2.class
-rw-rw-r--   1 travis travis    862 Jul 21 18:26 Repeat$_Repeat$_fireFunction_Repeat_AddSubtract_Repeat$__f_sL_3.class
-rw-rw-r--   1 travis travis    757 Jul 21 18:26 Repeat$_Repeat$_fireFunction_Repeat_Ramp2_Repeat$__f_sL_0.class
-rw-rw-r--   1 travis travis    888 Jul 21 18:26 Repeat$_Repeat$_fireFunction_Repeat_Test_Repeat$__f_sL_0.class
-rw-rw-r--   1 travis travis    634 Jul 21 18:26 Repeat$_Repeat$_fireFunction_Repeat_Test_Repeat$__f_sL_1.class
-rw-rw-r--   1 travis travis    704 Jul 21 18:26 Repeat$_Repeat_SDF_Director_run_Repeat$__R_sL_0.class
-rw-rw-r--   1 travis travis    705 Jul 21 18:26 Repeat$_Repeat_SDF_Director_run_Repeat$__R_sL_11.class
-rw-rw-r--   1 travis travis    561 Jul 21 18:26 Repeat$_Repeat_SDF_Director_run_Repeat$__R_sL_13.class
-rw-rw-r--   1 travis travis    559 Jul 21 18:26 Repeat$_Repeat_SDF_Director_run_Repeat$__R_sL_2.class
-rw-rw-r--   1 travis travis    703 Jul 21 18:26 Repeat$_Repeat_SDF_Director_run_Repeat$__R_sL_3.class
-rw-rw-r--   1 travis travis    559 Jul 21 18:26 Repeat$_Repeat_SDF_Director_run_Repeat$__R_sL_5.class
-rw-rw-r--   1 travis travis    559 Jul 21 18:26 Repeat$_Repeat_SDF_Director_run_Repeat$__R_sL_8.class
drwxrwxr-x   2 travis travis   4096 Jul 21 18:26 RepeatVariables
-rw-rw-r--   1 travis travis    882 Jul 21 18:26 Repeat$_varinit_Repeat.class
-rw-rw-r--   1 travis travis    550 Jul 21 18:26 Repeat$_varinit_Repeat$__v_sL_2.class
-rw-rw-r--   1 travis travis    924 Jul 21 18:26 Repeat$_varinit_Repeat$__v_sL_4.class
-rw-rw-r--   1 travis travis    978 Jul 21 18:26 Repeat$_wrapup_Repeat$__w_sL_1.class
drwxrwxr-x   3 travis travis  20480 Jul 21 18:22 Sinewave
drwxrwxr-x   3 travis travis  32768 Jul 21 18:23 StringFunction
drwxrwxr-x   3 travis travis  12288 Jul 21 18:24 StringLength
drwxrwxr-x   3 travis travis  61440 Jul 21 18:24 StringMatches2
drwxrwxr-x   3 travis travis  61440 Jul 21 18:24 StringSimpleReplace
drwxrwxr-x   3 travis travis  65536 Jul 21 18:24 StringSubstring
drwxrwxr-x   3 travis travis  24576 Jul 21 18:25 StringSubstring2
drwxrwxr-x   3 travis travis  16384 Jul 21 18:25 time1
drwxrwxr-x   3 travis travis  12288 Jul 21 18:26 time5
-rwxrwxr-x   1 travis travis 466992 Jul 21 18:18 top
-rw-rw-r--   1 travis travis  20502 Jul 21 18:18 top.c
-rw-rw-r--   1 travis travis   3799 Jul 21 18:26 top.class
-rw-rw-r--   1 travis travis   1257 Jul 21 18:26 top.mk
All Done
Writing ModularCodeGenTest_A1.java in file:/home/travis/cg/ (9968 characters)
Reading "ptolemy/cg/kernel/generic/program/procedural/java/modular/makefile.in",
    writing "/home/travis/cg/ModularCodeGenTest_A1.mk"
Using ptolemy/cg/kernel/generic/program/procedural/java/modular/makefile.in
In "/home/travis/cg", about to execute:
    make -f ModularCodeGenTest_A1.mk
javac -classpath ".:.."    ModularCodeGenTest_A1.java
All Done
3388 ms. Memory: 145408K Free: 98667K (68%)
07/21/19 06:26:44
Failed: 0  Total Tests: 3  ((Passed: 3, Newly Passed: 0)  Known Failed: 0) /home/travis/build/icyphy/ptII/ptolemy/cg/lib/test
No auto/knownFailedTests/*.xml tests in /home/travis/build/icyphy/ptII/ptolemy/cg/lib/test
No auto/linux-amd64/*.xml tests in /home/travis/build/icyphy/ptII/ptolemy/cg/lib/test
AutoTests.java: About to close Vertx.
AutoTests.java: Vertx closed.

===========================================================================================
----------------- testing Sun Jul 21 18:26:44 UTC 2019 /home/travis/build/icyphy/ptII/ptolemy/cg/lib/test/auto/CompiledCompositeActor.xml
----------------- Instantiating /home/travis/build/icyphy/ptII/ptolemy/cg/lib/test/auto/CompiledCompositeActor.xml
CompiledCompositeActor: Building shared object: The sharedObjectFile has a modification time that is earlier than the modelFile modification time.
Writing CompiledCompositeActor_CompiledCompositeActor.java in file:/home/travis/cg/ (13466 characters)
Reading "ptolemy/cg/kernel/generic/program/procedural/java/makefile.in",
    writing "/home/travis/cg/CompiledCompositeActor_CompiledCompositeActor.mk"
Using ptolemy/cg/kernel/generic/program/procedural/java/makefile.in
In "/home/travis/cg", about to execute:
    make -f CompiledCompositeActor_CompiledCompositeActor.mk
javac -classpath ".:."    CompiledCompositeActor_CompiledCompositeActor.java
All Done
1783 ms. Memory: 145408K Free: 118504K (81%)
----------------- Invoking toplevel() on ptolemy.moml.MoMLSimpleApplication@53656f66
----------------- Done invoking toplevel() on ptolemy.moml.MoMLSimpleApplication@53656f66
reloadAllAccessors: .CompiledCompositeActor

===========================================================================================
----------------- testing Sun Jul 21 18:26:46 UTC 2019 /home/travis/build/icyphy/ptII/ptolemy/cg/lib/test/auto/DECGClockRamp.xml
----------------- Instantiating /home/travis/build/icyphy/ptII/ptolemy/cg/lib/test/auto/DECGClockRamp.xml
18 ms. Memory: 145408K Free: 112525K (77%)
----------------- Invoking toplevel() on ptolemy.moml.MoMLSimpleApplication@6cad828f
----------------- Done invoking toplevel() on ptolemy.moml.MoMLSimpleApplication@6cad828f
reloadAllAccessors: .DECGClockRamp

===========================================================================================
----------------- testing Sun Jul 21 18:26:46 UTC 2019 /home/travis/build/icyphy/ptII/ptolemy/cg/lib/test/auto/DECGDelay.xml
----------------- Instantiating /home/travis/build/icyphy/ptII/ptolemy/cg/lib/test/auto/DECGDelay.xml
12 ms. Memory: 145408K Free: 106639K (73%)
----------------- Invoking toplevel() on ptolemy.moml.MoMLSimpleApplication@50d74b8
----------------- Done invoking toplevel() on ptolemy.moml.MoMLSimpleApplication@50d74b8
reloadAllAccessors: .DECGDelay

===========================================================================================
----------------- testing Sun Jul 21 18:26:46 UTC 2019 /home/travis/build/icyphy/ptII/ptolemy/cg/lib/test/auto/DECGHelloWorld.xml
----------------- Instantiating /home/travis/build/icyphy/ptII/ptolemy/cg/lib/test/auto/DECGHelloWorld.xml
4 ms. Memory: 145408K Free: 102930K (71%)
----------------- Invoking toplevel() on ptolemy.moml.MoMLSimpleApplication@58084e30
----------------- Done invoking toplevel() on ptolemy.moml.MoMLSimpleApplication@58084e30
reloadAllAccessors: .DECGHelloWorld

===========================================================================================
----------------- testing Sun Jul 21 18:26:46 UTC 2019 /home/travis/build/icyphy/ptII/ptolemy/cg/lib/test/auto/DECGHeterogeneous.xml
----------------- Instantiating /home/travis/build/icyphy/ptII/ptolemy/cg/lib/test/auto/DECGHeterogeneous.xml
63 ms. Memory: 145408K Free: 89998K (62%)
----------------- Invoking toplevel() on ptolemy.moml.MoMLSimpleApplication@4fb5d31f
----------------- Done invoking toplevel() on ptolemy.moml.MoMLSimpleApplication@4fb5d31f
reloadAllAccessors: .DECGHeterogeneous

===========================================================================================
----------------- testing Sun Jul 21 18:26:47 UTC 2019 /home/travis/build/icyphy/ptII/ptolemy/cg/lib/test/auto/DECGHeterogeneousMk2.xml
----------------- Instantiating /home/travis/build/icyphy/ptII/ptolemy/cg/lib/test/auto/DECGHeterogeneousMk2.xml
75 ms. Memory: 145408K Free: 75338K (52%)
----------------- Invoking toplevel() on ptolemy.moml.MoMLSimpleApplication@2a4c1943
----------------- Done invoking toplevel() on ptolemy.moml.MoMLSimpleApplication@2a4c1943
reloadAllAccessors: .DECGHeterogeneousMk2

===========================================================================================
----------------- testing Sun Jul 21 18:26:47 UTC 2019 /home/travis/build/icyphy/ptII/ptolemy/cg/lib/test/auto/DECGMath.xml
----------------- Instantiating /home/travis/build/icyphy/ptII/ptolemy/cg/lib/test/auto/DECGMath.xml
11 ms. Memory: 145408K Free: 68742K (47%)
----------------- Invoking toplevel() on ptolemy.moml.MoMLSimpleApplication@338158
----------------- Done invoking toplevel() on ptolemy.moml.MoMLSimpleApplication@338158
reloadAllAccessors: .DECGMath

===========================================================================================
----------------- testing Sun Jul 21 18:26:47 UTC 2019 /home/travis/build/icyphy/ptII/ptolemy/cg/lib/test/auto/DECGPi.xml
----------------- Instantiating /home/travis/build/icyphy/ptII/ptolemy/cg/lib/test/auto/DECGPi.xml
98 ms. Memory: 145408K Free: 126283K (87%)
----------------- Invoking toplevel() on ptolemy.moml.MoMLSimpleApplication@56a08c73
----------------- Done invoking toplevel() on ptolemy.moml.MoMLSimpleApplication@56a08c73
reloadAllAccessors: .DECGPi

===========================================================================================
----------------- testing Sun Jul 21 18:26:47 UTC 2019 /home/travis/build/icyphy/ptII/ptolemy/cg/lib/test/auto/DECGPiSquare.xml
----------------- Instantiating /home/travis/build/icyphy/ptII/ptolemy/cg/lib/test/auto/DECGPiSquare.xml
141 ms. Memory: 145408K Free: 113271K (78%)
----------------- Invoking toplevel() on ptolemy.moml.MoMLSimpleApplication@1b90a2c3
----------------- Done invoking toplevel() on ptolemy.moml.MoMLSimpleApplication@1b90a2c3
reloadAllAccessors: .DECGPiSquare

===========================================================================================
----------------- testing Sun Jul 21 18:26:47 UTC 2019 /home/travis/build/icyphy/ptII/ptolemy/cg/lib/test/auto/DECGPoisson.xml
----------------- Instantiating /home/travis/build/icyphy/ptII/ptolemy/cg/lib/test/auto/DECGPoisson.xml
7 ms. Memory: 145408K Free: 108523K (75%)
----------------- Invoking toplevel() on ptolemy.moml.MoMLSimpleApplication@2cd0b7cc
----------------- Done invoking toplevel() on ptolemy.moml.MoMLSimpleApplication@2cd0b7cc
reloadAllAccessors: .DECGPoisson

===========================================================================================
----------------- testing Sun Jul 21 18:26:47 UTC 2019 /home/travis/build/icyphy/ptII/ptolemy/cg/lib/test/auto/JavaCompiledCompositeActor5.xml
----------------- Instantiating /home/travis/build/icyphy/ptII/ptolemy/cg/lib/test/auto/JavaCompiledCompositeActor5.xml
CompiledCompositeActor: Building shared object: No effigy.  This can happen when CodeGenerator.generateCode() is called from within the test suite.  The code will be recompiled.
Writing CompiledCompositeActor_CompiledCompositeActor.java in file:/home/travis/cg/ (13466 characters)
Reading "ptolemy/cg/kernel/generic/program/procedural/java/makefile.in",
    writing "/home/travis/cg/CompiledCompositeActor_CompiledCompositeActor.mk"
Using ptolemy/cg/kernel/generic/program/procedural/java/makefile.in
In "/home/travis/cg", about to execute:
    make -f CompiledCompositeActor_CompiledCompositeActor.mk
javac -classpath ".:."    CompiledCompositeActor_CompiledCompositeActor.java
All Done
1353 ms. Memory: 145408K Free: 86647K (60%)
----------------- Invoking toplevel() on ptolemy.moml.MoMLSimpleApplication@45fd7fb6
----------------- Done invoking toplevel() on ptolemy.moml.MoMLSimpleApplication@45fd7fb6
reloadAllAccessors: .CompiledCompositeActor

===========================================================================================
----------------- testing Sun Jul 21 18:26:49 UTC 2019 /home/travis/build/icyphy/ptII/ptolemy/cg/lib/test/auto/JavaCompiledCompositeTest1.xml
----------------- Instantiating /home/travis/build/icyphy/ptII/ptolemy/cg/lib/test/auto/JavaCompiledCompositeTest1.xml
CompiledCompositeActor: Building shared object: The sharedObjectFile has a modification time that is earlier than the modelFile modification time.
Writing JavaCompiledCompositeTest1_CompiledCompositeActor.java in file:/home/travis/cg/ (11637 characters)
Reading "ptolemy/cg/kernel/generic/program/procedural/java/makefile.in",
    writing "/home/travis/cg/JavaCompiledCompositeTest1_CompiledCompositeActor.mk"
Using ptolemy/cg/kernel/generic/program/procedural/java/makefile.in
In "/home/travis/cg", about to execute:
    make -f JavaCompiledCompositeTest1_CompiledCompositeActor.mk
javac -classpath ".:."    JavaCompiledCompositeTest1_CompiledCompositeActor.java
All Done
1326 ms. Memory: 145408K Free: 69659K (48%)
----------------- Invoking toplevel() on ptolemy.moml.MoMLSimpleApplication@3baf35b7
----------------- Done invoking toplevel() on ptolemy.moml.MoMLSimpleApplication@3baf35b7
reloadAllAccessors: .JavaCompiledCompositeTest1

===========================================================================================
----------------- testing Sun Jul 21 18:26:50 UTC 2019 /home/travis/build/icyphy/ptII/ptolemy/cg/lib/test/auto/JavaCompiledCompositeTest2.xml
----------------- Instantiating /home/travis/build/icyphy/ptII/ptolemy/cg/lib/test/auto/JavaCompiledCompositeTest2.xml
CompiledCompositeActor: Building shared object: The sharedObjectFile has a modification time that is earlier than the modelFile modification time.
Writing JavaCompiledCompositeTest2_CompiledCompositeActor.java in file:/home/travis/cg/ (14919 characters)
Reading "ptolemy/cg/kernel/generic/program/procedural/java/makefile.in",
    writing "/home/travis/cg/JavaCompiledCompositeTest2_CompiledCompositeActor.mk"
Using ptolemy/cg/kernel/generic/program/procedural/java/makefile.in
In "/home/travis/cg", about to execute:
    make -f JavaCompiledCompositeTest2_CompiledCompositeActor.mk
javac -classpath ".:."    JavaCompiledCompositeTest2_CompiledCompositeActor.java
All Done
1402 ms. Memory: 145408K Free: 117985K (81%)
----------------- Invoking toplevel() on ptolemy.moml.MoMLSimpleApplication@4bd16d22
----------------- Done invoking toplevel() on ptolemy.moml.MoMLSimpleApplication@4bd16d22
reloadAllAccessors: .JavaCompiledCompositeTest2

===========================================================================================
----------------- testing Sun Jul 21 18:26:52 UTC 2019 /home/travis/build/icyphy/ptII/ptolemy/cg/lib/test/auto/JavaCompiledCompositeTest3.xml
----------------- Instantiating /home/travis/build/icyphy/ptII/ptolemy/cg/lib/test/auto/JavaCompiledCompositeTest3.xml
CompiledCompositeActor: Building shared object: The sharedObjectFile has a modification time that is earlier than the modelFile modification time.
Writing JavaCompiledCompositeTest3_CompiledCompositeActor.java in file:/home/travis/cg/ (13080 characters)
Reading "ptolemy/cg/kernel/generic/program/procedural/java/makefile.in",
    writing "/home/travis/cg/JavaCompiledCompositeTest3_CompiledCompositeActor.mk"
Using ptolemy/cg/kernel/generic/program/procedural/java/makefile.in
In "/home/travis/cg", about to execute:
    make -f JavaCompiledCompositeTest3_CompiledCompositeActor.mk
javac -classpath ".:."    JavaCompiledCompositeTest3_CompiledCompositeActor.java
All Done
1319 ms. Memory: 145408K Free: 97811K (67%)
----------------- Invoking toplevel() on ptolemy.moml.MoMLSimpleApplication@35fd09cf
----------------- Done invoking toplevel() on ptolemy.moml.MoMLSimpleApplication@35fd09cf
reloadAllAccessors: .JavaCompiledCompositeTest3

===========================================================================================
----------------- testing Sun Jul 21 18:26:53 UTC 2019 /home/travis/build/icyphy/ptII/ptolemy/cg/lib/test/auto/JavaCompiledCompositeTest4.xml
----------------- Instantiating /home/travis/build/icyphy/ptII/ptolemy/cg/lib/test/auto/JavaCompiledCompositeTest4.xml
CompiledCompositeActor: Building shared object: The sharedObjectFile has a modification time that is earlier than the modelFile modification time.
Writing JavaCompiledCompositeTest4_CompiledCompositeActor.java in file:/home/travis/cg/ (9687 characters)
Reading "ptolemy/cg/kernel/generic/program/procedural/java/makefile.in",
    writing "/home/travis/cg/JavaCompiledCompositeTest4_CompiledCompositeActor.mk"
Using ptolemy/cg/kernel/generic/program/procedural/java/makefile.in
In "/home/travis/cg", about to execute:
    make -f JavaCompiledCompositeTest4_CompiledCompositeActor.mk
javac -classpath ".:."    JavaCompiledCompositeTest4_CompiledCompositeActor.java
All Done
1270 ms. Memory: 145408K Free: 83110K (57%)
----------------- Invoking toplevel() on ptolemy.moml.MoMLSimpleApplication@40b0edd8
----------------- Done invoking toplevel() on ptolemy.moml.MoMLSimpleApplication@40b0edd8
reloadAllAccessors: .JavaCompiledCompositeTest4

===========================================================================================
----------------- testing Sun Jul 21 18:26:54 UTC 2019 /home/travis/build/icyphy/ptII/ptolemy/cg/lib/test/auto/ModularCG.xml
----------------- Instantiating /home/travis/build/icyphy/ptII/ptolemy/cg/lib/test/auto/ModularCG.xml
In "/home/travis/cg", about to execute:
    pwd
In "/home/travis/cg", about to execute:
    ls -l
/home/travis/cg
In "/home/travis/cg", about to execute:
    javac -classpath
.:/home/travis/build/icyphy/ptII:/home/travis/build/icyphy/ptII/lib/bsh-2.0b4.j
ar:/home/travis/build/icyphy/ptII/lib/ptCal.jar:/home/travis/build/icyphy/ptII/
lib/java_cup.jar:/home/travis/build/icyphy/ptII/lib/saxon8.jar:/home/travis/bui
ld/icyphy/ptII/lib/saxon8-dom.jar:/home/travis/build/icyphy/ptII/lib/chic.jar:/
home/travis/build/icyphy/ptII/lib/ptcolt.jar:/home/travis/build/icyphy/ptII/ven
dors/misc/itext/iText.jar:/home/travis/build/icyphy/ptII/lib/g4ltl.jar:/home/tr
avis/build/icyphy/ptII/lib/StructuralCoder.jar:/home/travis/build/icyphy/ptII/l
ib/jcerti.jar:/home/travis/build/icyphy/ptII/lib/javax.mail.jar:/home/travis/bu
ild/icyphy/ptII/vendors/JMF-2.1.1e/lib/jmf.jar:/home/travis/build/icyphy/ptII/l
ib/jna-4.0.0-variadic.jar:/home/travis/build/icyphy/ptII/vendors/misc/joystick/
Joystick.jar:/home/travis/build/icyphy/ptII/lib/ptjacl.jar:/home/travis/build/i
cyphy/ptII/lib/jsoup-1.8.2.jar:/home/travis/build/icyphy/ptII/lib/junit-4.8.2.j
ar:/home/travis/build/icyphy/ptII/lib/JUnitParams-0.4.0.jar:/home/travis/build/
icyphy/ptII/ptolemy/actor/lib/excel/jxl.jar:/home/travis/build/icyphy/ptII/lib/
jython.jar:/home/travis/build/icyphy/ptII/lib/kieler.jar:/home/travis/build/icy
phy/ptII/vendors/opencv/share/OpenCV/java/opencv-341.jar:/home/travis/build/icy
phy/ptII/lib/oscP5.jar:/home/travis/build/icyphy/ptII/lib/nrjavaserial-3.11.0.d
evel.jar:/home/travis/build/icyphy/ptII/vendors/j3d/lib/Linux/j3dcore.jar:/home
/travis/build/icyphy/ptII/vendors/j3d/lib/Linux/j3dutils.jar:/home/travis/build
/icyphy/ptII/vendors/j3d/lib/Linux/vecmath.jar:/home/travis/build/icyphy/ptII/v
endors/jogl/lib/Linux/gluegen-rt-natives-linux-amd64.jar:/home/travis/build/icy
phy/ptII/vendors/jogl/lib/Linux/gluegen-rt.jar:/home/travis/build/icyphy/ptII/v
endors/jogl/lib/Linux/jogl-all-natives-linux-amd64.jar:/home/travis/build/icyph
y/ptII/vendors/jogl/lib/Linux/jogl-all.jar:/home/travis/build/icyphy/ptII/ptole
my/distributed/jini/jar/jini-core.jar:/home/travis/build/icyphy/ptII/ptolemy/di
stributed/jini/jar/jini-ext.jar:/home/travis/build/icyphy/ptII/ptolemy/distribu
ted/jini/jar/sun-util.jar:/home/travis/build/icyphy/ptII/lib/protobuf-java-2.4.
1.jar:/home/travis/build/icyphy/ptII/lib/org.eclipse.paho.client.mqttv3.jar:/ho
me/travis/build/icyphy/ptII/lib/mapss.jar:/home/travis/build/icyphy/ptII/ptolem
y/actor/ptalon/antlr/antlr.jar:/home/travis/build/icyphy/ptII/lib/JRI.jar:/home
/travis/build/icyphy/ptII/lib/commons-lang-2.6.jar:/home/travis/build/icyphy/pt
II/lib/commons-logging-1.1.1.jar:/home/travis/build/icyphy/ptII/lib/sootclasses
.jar:/home/travis/build/icyphy/ptII/ptolemy/actor/lib/database/mysql-connector-
java-5.1.6-bin.jar:/home/travis/build/icyphy/ptII/vendors/misc/sphinx4/sphinx4-
data-5prealpha.jar:/home/travis/build/icyphy/ptII/vendors/misc/sphinx4/sphinx4-
core-5prealpha.jar:/home/travis/build/icyphy/ptII/lib/PDFRenderer.jar:/home/tra
vis/build/icyphy/ptII/lib/svgSalamander.jar:/home/travis/build/icyphy/ptII/lib/
rsyntaxtextarea-2.6.0-SNAPSHOT.jar:/home/travis/build/icyphy/ptII/lib/hazelcast
-3.8.2.jar:/home/travis/build/icyphy/ptII/lib/jackson-annotations-2.9.0.jar:/ho
me/travis/build/icyphy/ptII/lib/jackson-core-2.9.3.jar:/home/travis/build/icyph
y/ptII/lib/jackson-databind-2.9.3.jar:/home/travis/build/icyphy/ptII/lib/netty-
buffer-4.1.19.Final.jar:/home/travis/build/icyphy/ptII/lib/netty-codec-4.1.19.F
inal.jar:/home/travis/build/icyphy/ptII/lib/netty-codec-dns-4.1.19.Final.jar:/h
ome/travis/build/icyphy/ptII/lib/netty-codec-http-4.1.19.Final.jar:/home/travis
/build/icyphy/ptII/lib/netty-codec-http2-4.1.19.Final.jar:/home/travis/build/ic
yphy/ptII/lib/netty-common-4.1.19.Final.jar:/home/travis/build/icyphy/ptII/lib/
netty-handler-4.1.19.Final.jar:/home/travis/build/icyphy/ptII/lib/netty-resolve
r-4.1.19.Final.jar:/home/travis/build/icyphy/ptII/lib/netty-resolver-dns-4.1.19
.Final.jar:/home/travis/build/icyphy/ptII/lib/netty-transport-4.1.19.Final.jar:
/home/travis/build/icyphy/ptII/lib/vertx-codegen-3.5.1.jar:/home/travis/build/i
cyphy/ptII/lib/vertx-core-3.5.2-SNAPSHOT.jar:/home/travis/build/icyphy/ptII/lib
/vertx-hazelcast-3.5.1.jar:/home/travis/build/icyphy/ptII/lib/vertx-lang-js-3.5
.1.jar:/home/travis/build/icyphy/ptII/lib/vertx-service-proxy-3.5.1.jar:/home/t
ravis/build/icyphy/ptII/lib/vertx-web-3.5.1.jar:/home/travis/build/icyphy/ptII/
lib/slf4j-api-1.7.13.jar:/home/travis/build/icyphy/ptII/lib/slf4j-simple-1.7.13
.jar:/home/travis/build/icyphy/ptII/lib/webcam-capture-0.3.12.jar:/home/travis/
build/icyphy/ptII/lib/bridj-0.7.0.jar:/home/travis/build/icyphy/ptII/lib/xbjlib
-1.1.0.nrjavaserial.jar:/home/travis/build/icyphy/ptII/ptolemy/moml/test:/home/
travis/build/icyphy/ptII/ant/lib/ant-launcher.jar:/home/travis/build/icyphy/ptI
I/ant/lib/ant.jar:/home/travis/build/icyphy/ptII/ant/lib/ant-junit.jar:/home/tr
avis/build/icyphy/ptII/ant/lib/ant-junit4.jar:/home/travis/build/icyphy/ptII
ModularCG_A1_B1_profile.java
total 1396
drwxrwxr-x   3 travis travis  12288 Jul 21 18:20 AbsoluteValue
drwxrwxr-x   3 travis travis 102400 Jul 21 18:19 AllColt
drwxrwxr-x   3 travis travis  12288 Jul 21 18:19 Case1
-rw-rw-r--   1 travis travis   5128 Jul 21 18:26 CompiledCompositeActor_CompiledCompositeActor.class
-rw-rw-r--   1 travis travis   1611 Jul 21 18:26 CompiledCompositeActor_CompiledCompositeActor$_CompiledCompositeActor_CompiledCompositeActor.class
-rw-rw-r--   1 travis travis  13466 Jul 21 18:26 CompiledCompositeActor_CompiledCompositeActor.java
-rw-rw-r--   1 travis travis   1593 Jul 21 18:26 CompiledCompositeActor_CompiledCompositeActor.mk
drwxrwxr-x   5 travis travis   4096 Jul 21 18:18 fmi
drwxrwxr-x   3 travis travis  16384 Jul 21 18:20 Gaussian2
-rw-rw-r--   1 travis travis   4684 Jul 21 18:26 JavaCompiledCompositeTest1_CompiledCompositeActor.class
-rw-rw-r--   1 travis travis  11637 Jul 21 18:26 JavaCompiledCompositeTest1_CompiledCompositeActor.java
-rw-rw-r--   1 travis travis   1217 Jul 21 18:26 JavaCompiledCompositeTest1_CompiledCompositeActor$_JavaCompiledCompositeTest1_CompiledCompositeActor.class
-rw-rw-r--   1 travis travis   1625 Jul 21 18:26 JavaCompiledCompositeTest1_CompiledCompositeActor.mk
-rw-rw-r--   1 travis travis   5115 Jul 21 18:26 JavaCompiledCompositeTest2_CompiledCompositeActor.class
-rw-rw-r--   1 travis travis  14919 Jul 21 18:26 JavaCompiledCompositeTest2_CompiledCompositeActor.java
-rw-rw-r--   1 travis travis   1812 Jul 21 18:26 JavaCompiledCompositeTest2_CompiledCompositeActor$_JavaCompiledCompositeTest2_CompiledCompositeActor.class
-rw-rw-r--   1 travis travis   1625 Jul 21 18:26 JavaCompiledCompositeTest2_CompiledCompositeActor.mk
-rw-rw-r--   1 travis travis   4732 Jul 21 18:26 JavaCompiledCompositeTest3_CompiledCompositeActor.class
-rw-rw-r--   1 travis travis  13080 Jul 21 18:26 JavaCompiledCompositeTest3_CompiledCompositeActor.java
-rw-rw-r--   1 travis travis   1397 Jul 21 18:26 JavaCompiledCompositeTest3_CompiledCompositeActor$_JavaCompiledCompositeTest3_CompiledCompositeActor.class
-rw-rw-r--   1 travis travis   1625 Jul 21 18:26 JavaCompiledCompositeTest3_CompiledCompositeActor.mk
-rw-rw-r--   1 travis travis   4183 Jul 21 18:26 JavaCompiledCompositeTest4_CompiledCompositeActor.class
-rw-rw-r--   1 travis travis   9687 Jul 21 18:26 JavaCompiledCompositeTest4_CompiledCompositeActor.java
-rw-rw-r--   1 travis travis    876 Jul 21 18:26 JavaCompiledCompositeTest4_CompiledCompositeActor$_JavaCompiledCompositeTest4_CompiledCompositeActor.class
-rw-rw-r--   1 travis travis   1625 Jul 21 18:26 JavaCompiledCompositeTest4_CompiledCompositeActor.mk
drwxrwxr-x   3 travis travis  12288 Jul 21 18:21 LookupTable
drwxrwxr-x   3 travis travis  20480 Jul 21 18:21 MaxIndex
-rw-rw-r--   1 travis travis   1262 Jul 21 18:26 ModularCG_A1_B1_profile.java
-rw-rw-r--   1 travis travis   3724 Jul 21 18:26 ModularCodeGenTest_A1_A2.class
-rw-rw-r--   1 travis travis   9164 Jul 21 18:26 ModularCodeGenTest_A1_A2.java
-rw-rw-r--   1 travis travis   1306 Jul 21 18:26 ModularCodeGenTest_A1_A2_profile.class
-rw-rw-r--   1 travis travis   4055 Jul 21 18:26 ModularCodeGenTest_A1.class
-rw-rw-r--   1 travis travis   9968 Jul 21 18:26 ModularCodeGenTest_A1.java
-rw-rw-r--   1 travis travis    880 Jul 21 18:26 ModularCodeGenTest_A1.mk
-rw-rw-r--   1 travis travis   1352 Jul 21 18:26 ModularCodeGenTest_A1_profile.class
-rw-rw-r--   1 travis travis   1394 Jul 21 18:26 ModularCodeGenTest_A1_profile.java
drwxrwxr-x   3 travis travis  32768 Jul 21 18:26 modulation2
drwxrwxr-x 139 travis travis  12288 Jul 21 18:26 node_modules
drwxrwxr-x   3 travis travis  20480 Jul 21 18:21 PhaseUnwrap
drwxrwxr-x   3 travis travis  12288 Jul 21 18:22 ReadFile1
-rw-rw-r--   1 travis travis     11 Jul 21 18:21 ReadFile1Output.txt
-rw-rw-r--   1 travis travis  13773 Jul 21 18:26 Repeat.class
-rw-rw-r--   1 travis travis    685 Jul 21 18:26 Repeat$_fireFunction_Repeat_Repeat$__f_sL_11.class
-rw-rw-r--   1 travis travis    541 Jul 21 18:26 Repeat$_fireFunction_Repeat_Repeat$__f_sL_12.class
-rw-rw-r--   1 travis travis    541 Jul 21 18:26 Repeat$_fireFunction_Repeat_Repeat$__f_sL_13.class
-rw-rw-r--   1 travis travis    541 Jul 21 18:26 Repeat$_fireFunction_Repeat_Repeat$__f_sL_14.class
-rw-rw-r--   1 travis travis    684 Jul 21 18:26 Repeat$_fireFunction_Repeat_Repeat$__f_sL_1.class
-rw-rw-r--   1 travis travis    683 Jul 21 18:26 Repeat$_fireFunction_Repeat_Repeat$__f_sL_4.class
-rw-rw-r--   1 travis travis    539 Jul 21 18:26 Repeat$_fireFunction_Repeat_Repeat$__f_sL_9.class
-rw-rw-r--   1 travis travis    494 Jul 21 18:26 Repeat$_initialize_Repeat$__i_sL_2.class
-rw-rw-r--   1 travis travis   1281 Jul 21 18:26 Repeat.mk
-rw-rw-r--   1 travis travis    539 Jul 21 18:26 Repeat$_preinitializeMethod_Repeat$__p_sL_0.class
-rw-rw-r--   1 travis travis   1102 Jul 21 18:26 Repeat$_Repeat$_fireFunction_Repeat_AddSubtract_Repeat.class
-rw-rw-r--   1 travis travis    810 Jul 21 18:26 Repeat$_Repeat$_fireFunction_Repeat_AddSubtract_Repeat$__f_sL_0.class
-rw-rw-r--   1 travis travis    928 Jul 21 18:26 Repeat$_Repeat$_fireFunction_Repeat_AddSubtract_Repeat$__f_sL_1.class
-rw-rw-r--   1 travis travis    934 Jul 21 18:26 Repeat$_Repeat$_fireFunction_Repeat_AddSubtract_Repeat$__f_sL_2.class
-rw-rw-r--   1 travis travis    862 Jul 21 18:26 Repeat$_Repeat$_fireFunction_Repeat_AddSubtract_Repeat$__f_sL_3.class
-rw-rw-r--   1 travis travis    757 Jul 21 18:26 Repeat$_Repeat$_fireFunction_Repeat_Ramp2_Repeat$__f_sL_0.class
-rw-rw-r--   1 travis travis    888 Jul 21 18:26 Repeat$_Repeat$_fireFunction_Repeat_Test_Repeat$__f_sL_0.class
-rw-rw-r--   1 travis travis    634 Jul 21 18:26 Repeat$_Repeat$_fireFunction_Repeat_Test_Repeat$__f_sL_1.class
-rw-rw-r--   1 travis travis    704 Jul 21 18:26 Repeat$_Repeat_SDF_Director_run_Repeat$__R_sL_0.class
-rw-rw-r--   1 travis travis    705 Jul 21 18:26 Repeat$_Repeat_SDF_Director_run_Repeat$__R_sL_11.class
-rw-rw-r--   1 travis travis    561 Jul 21 18:26 Repeat$_Repeat_SDF_Director_run_Repeat$__R_sL_13.class
-rw-rw-r--   1 travis travis    559 Jul 21 18:26 Repeat$_Repeat_SDF_Director_run_Repeat$__R_sL_2.class
-rw-rw-r--   1 travis travis    703 Jul 21 18:26 Repeat$_Repeat_SDF_Director_run_Repeat$__R_sL_3.class
-rw-rw-r--   1 travis travis    559 Jul 21 18:26 Repeat$_Repeat_SDF_Director_run_Repeat$__R_sL_5.class
-rw-rw-r--   1 travis travis    559 Jul 21 18:26 Repeat$_Repeat_SDF_Director_run_Repeat$__R_sL_8.class
drwxrwxr-x   2 travis travis   4096 Jul 21 18:26 RepeatVariables
-rw-rw-r--   1 travis travis    882 Jul 21 18:26 Repeat$_varinit_Repeat.class
-rw-rw-r--   1 travis travis    550 Jul 21 18:26 Repeat$_varinit_Repeat$__v_sL_2.class
-rw-rw-r--   1 travis travis    924 Jul 21 18:26 Repeat$_varinit_Repeat$__v_sL_4.class
-rw-rw-r--   1 travis travis    978 Jul 21 18:26 Repeat$_wrapup_Repeat$__w_sL_1.class
drwxrwxr-x   3 travis travis  20480 Jul 21 18:22 Sinewave
drwxrwxr-x   3 travis travis  32768 Jul 21 18:23 StringFunction
drwxrwxr-x   3 travis travis  12288 Jul 21 18:24 StringLength
drwxrwxr-x   3 travis travis  61440 Jul 21 18:24 StringMatches2
drwxrwxr-x   3 travis travis  61440 Jul 21 18:24 StringSimpleReplace
drwxrwxr-x   3 travis travis  65536 Jul 21 18:24 StringSubstring
drwxrwxr-x   3 travis travis  24576 Jul 21 18:25 StringSubstring2
drwxrwxr-x   3 travis travis  16384 Jul 21 18:25 time1
drwxrwxr-x   3 travis travis  12288 Jul 21 18:26 time5
-rw-rw-r--   1 travis travis    432 Jul 21 18:26 Token.class
-rw-rw-r--   1 travis travis    251 Jul 21 18:26 Token.java
-rwxrwxr-x   1 travis travis 466992 Jul 21 18:18 top
-rw-rw-r--   1 travis travis  20502 Jul 21 18:18 top.c
-rw-rw-r--   1 travis travis   3799 Jul 21 18:26 top.class
-rw-rw-r--   1 travis travis   1257 Jul 21 18:26 top.mk
All Done
Writing ModularCG_A1_B1.java in file:/home/travis/cg/ (9730 characters)
Reading "ptolemy/cg/kernel/generic/program/procedural/java/modular/makefile.in",
    writing "/home/travis/cg/ModularCG_A1_B1.mk"
Using ptolemy/cg/kernel/generic/program/procedural/java/modular/makefile.in
In "/home/travis/cg", about to execute:
    make -f ModularCG_A1_B1.mk
javac -classpath ".:.."    ModularCG_A1_B1.java
All Done
In "/home/travis/cg", about to execute:
    pwd
/home/travis/cg
In "/home/travis/cg", about to execute:
    ls -l
total 1424
drwxrwxr-x   3 travis travis  12288 Jul 21 18:20 AbsoluteValue
drwxrwxr-x   3 travis travis 102400 Jul 21 18:19 AllColt
drwxrwxr-x   3 travis travis  12288 Jul 21 18:19 Case1
-rw-rw-r--   1 travis travis   5128 Jul 21 18:26 CompiledCompositeActor_CompiledCompositeActor.class
-rw-rw-r--   1 travis travis   1611 Jul 21 18:26 CompiledCompositeActor_CompiledCompositeActor$_CompiledCompositeActor_CompiledCompositeActor.class
-rw-rw-r--   1 travis travis  13466 Jul 21 18:26 CompiledCompositeActor_CompiledCompositeActor.java
-rw-rw-r--   1 travis travis   1593 Jul 21 18:26 CompiledCompositeActor_CompiledCompositeActor.mk
drwxrwxr-x   5 travis travis   4096 Jul 21 18:18 fmi
drwxrwxr-x   3 travis travis  16384 Jul 21 18:20 Gaussian2
-rw-rw-r--   1 travis travis   4684 Jul 21 18:26 JavaCompiledCompositeTest1_CompiledCompositeActor.class
-rw-rw-r--   1 travis travis  11637 Jul 21 18:26 JavaCompiledCompositeTest1_CompiledCompositeActor.java
-rw-rw-r--   1 travis travis   1217 Jul 21 18:26 JavaCompiledCompositeTest1_CompiledCompositeActor$_JavaCompiledCompositeTest1_CompiledCompositeActor.class
-rw-rw-r--   1 travis travis   1625 Jul 21 18:26 JavaCompiledCompositeTest1_CompiledCompositeActor.mk
-rw-rw-r--   1 travis travis   5115 Jul 21 18:26 JavaCompiledCompositeTest2_CompiledCompositeActor.class
-rw-rw-r--   1 travis travis  14919 Jul 21 18:26 JavaCompiledCompositeTest2_CompiledCompositeActor.java
-rw-rw-r--   1 travis travis   1812 Jul 21 18:26 JavaCompiledCompositeTest2_CompiledCompositeActor$_JavaCompiledCompositeTest2_CompiledCompositeActor.class
-rw-rw-r--   1 travis travis   1625 Jul 21 18:26 JavaCompiledCompositeTest2_CompiledCompositeActor.mk
-rw-rw-r--   1 travis travis   4732 Jul 21 18:26 JavaCompiledCompositeTest3_CompiledCompositeActor.class
-rw-rw-r--   1 travis travis  13080 Jul 21 18:26 JavaCompiledCompositeTest3_CompiledCompositeActor.java
-rw-rw-r--   1 travis travis   1397 Jul 21 18:26 JavaCompiledCompositeTest3_CompiledCompositeActor$_JavaCompiledCompositeTest3_CompiledCompositeActor.class
-rw-rw-r--   1 travis travis   1625 Jul 21 18:26 JavaCompiledCompositeTest3_CompiledCompositeActor.mk
-rw-rw-r--   1 travis travis   4183 Jul 21 18:26 JavaCompiledCompositeTest4_CompiledCompositeActor.class
-rw-rw-r--   1 travis travis   9687 Jul 21 18:26 JavaCompiledCompositeTest4_CompiledCompositeActor.java
-rw-rw-r--   1 travis travis    876 Jul 21 18:26 JavaCompiledCompositeTest4_CompiledCompositeActor$_JavaCompiledCompositeTest4_CompiledCompositeActor.class
-rw-rw-r--   1 travis travis   1625 Jul 21 18:26 JavaCompiledCompositeTest4_CompiledCompositeActor.mk
drwxrwxr-x   3 travis travis  12288 Jul 21 18:21 LookupTable
drwxrwxr-x   3 travis travis  20480 Jul 21 18:21 MaxIndex
-rw-rw-r--   1 travis travis   3925 Jul 21 18:26 ModularCG_A1_B1.class
-rw-rw-r--   1 travis travis   9730 Jul 21 18:26 ModularCG_A1_B1.java
-rw-rw-r--   1 travis travis    832 Jul 21 18:26 ModularCG_A1_B1.mk
-rw-rw-r--   1 travis travis   1318 Jul 21 18:26 ModularCG_A1_B1_profile.class
-rw-rw-r--   1 travis travis   1262 Jul 21 18:26 ModularCG_A1_B1_profile.java
-rw-rw-r--   1 travis travis   1262 Jul 21 18:26 ModularCG_A1_B2_profile.java
-rw-rw-r--   1 travis travis   3724 Jul 21 18:26 ModularCodeGenTest_A1_A2.class
-rw-rw-r--   1 travis travis   9164 Jul 21 18:26 ModularCodeGenTest_A1_A2.java
-rw-rw-r--   1 travis travis   1306 Jul 21 18:26 ModularCodeGenTest_A1_A2_profile.class
-rw-rw-r--   1 travis travis   4055 Jul 21 18:26 ModularCodeGenTest_A1.class
-rw-rw-r--   1 travis travis   9968 Jul 21 18:26 ModularCodeGenTest_A1.java
-rw-rw-r--   1 travis travis    880 Jul 21 18:26 ModularCodeGenTest_A1.mk
-rw-rw-r--   1 travis travis   1352 Jul 21 18:26 ModularCodeGenTest_A1_profile.class
-rw-rw-r--   1 travis travis   1394 Jul 21 18:26 ModularCodeGenTest_A1_profile.java
drwxrwxr-x   3 travis travis  32768 Jul 21 18:26 modulation2
drwxrwxr-x 139 travis travis  12288 Jul 21 18:26 node_modules
drwxrwxr-x   3 travis travis  20480 Jul 21 18:21 PhaseUnwrap
drwxrwxr-x   3 travis travis  12288 Jul 21 18:22 ReadFile1
-rw-rw-r--   1 travis travis     11 Jul 21 18:21 ReadFile1Output.txt
-rw-rw-r--   1 travis travis  13773 Jul 21 18:26 Repeat.class
-rw-rw-r--   1 travis travis    685 Jul 21 18:26 Repeat$_fireFunction_Repeat_Repeat$__f_sL_11.class
-rw-rw-r--   1 travis travis    541 Jul 21 18:26 Repeat$_fireFunction_Repeat_Repeat$__f_sL_12.class
-rw-rw-r--   1 travis travis    541 Jul 21 18:26 Repeat$_fireFunction_Repeat_Repeat$__f_sL_13.class
-rw-rw-r--   1 travis travis    541 Jul 21 18:26 Repeat$_fireFunction_Repeat_Repeat$__f_sL_14.class
-rw-rw-r--   1 travis travis    684 Jul 21 18:26 Repeat$_fireFunction_Repeat_Repeat$__f_sL_1.class
-rw-rw-r--   1 travis travis    683 Jul 21 18:26 Repeat$_fireFunction_Repeat_Repeat$__f_sL_4.class
-rw-rw-r--   1 travis travis    539 Jul 21 18:26 Repeat$_fireFunction_Repeat_Repeat$__f_sL_9.class
-rw-rw-r--   1 travis travis    494 Jul 21 18:26 Repeat$_initialize_Repeat$__i_sL_2.class
-rw-rw-r--   1 travis travis   1281 Jul 21 18:26 Repeat.mk
-rw-rw-r--   1 travis travis    539 Jul 21 18:26 Repeat$_preinitializeMethod_Repeat$__p_sL_0.class
-rw-rw-r--   1 travis travis   1102 Jul 21 18:26 Repeat$_Repeat$_fireFunction_Repeat_AddSubtract_Repeat.class
-rw-rw-r--   1 travis travis    810 Jul 21 18:26 Repeat$_Repeat$_fireFunction_Repeat_AddSubtract_Repeat$__f_sL_0.class
-rw-rw-r--   1 travis travis    928 Jul 21 18:26 Repeat$_Repeat$_fireFunction_Repeat_AddSubtract_Repeat$__f_sL_1.class
-rw-rw-r--   1 travis travis    934 Jul 21 18:26 Repeat$_Repeat$_fireFunction_Repeat_AddSubtract_Repeat$__f_sL_2.class
-rw-rw-r--   1 travis travis    862 Jul 21 18:26 Repeat$_Repeat$_fireFunction_Repeat_AddSubtract_Repeat$__f_sL_3.class
-rw-rw-r--   1 travis travis    757 Jul 21 18:26 Repeat$_Repeat$_fireFunction_Repeat_Ramp2_Repeat$__f_sL_0.class
-rw-rw-r--   1 travis travis    888 Jul 21 18:26 Repeat$_Repeat$_fireFunction_Repeat_Test_Repeat$__f_sL_0.class
-rw-rw-r--   1 travis travis    634 Jul 21 18:26 Repeat$_Repeat$_fireFunction_Repeat_Test_Repeat$__f_sL_1.class
-rw-rw-r--   1 travis travis    704 Jul 21 18:26 Repeat$_Repeat_SDF_Director_run_Repeat$__R_sL_0.class
-rw-rw-r--   1 travis travis    705 Jul 21 18:26 Repeat$_Repeat_SDF_Director_run_Repeat$__R_sL_11.class
-rw-rw-r--   1 travis travis    561 Jul 21 18:26 Repeat$_Repeat_SDF_Director_run_Repeat$__R_sL_13.class
-rw-rw-r--   1 travis travis    559 Jul 21 18:26 Repeat$_Repeat_SDF_Director_run_Repeat$__R_sL_2.class
-rw-rw-r--   1 travis travis    703 Jul 21 18:26 Repeat$_Repeat_SDF_Director_run_Repeat$__R_sL_3.class
-rw-rw-r--   1 travis travis    559 Jul 21 18:26 Repeat$_Repeat_SDF_Director_run_Repeat$__R_sL_5.class
-rw-rw-r--   1 travis travis    559 Jul 21 18:26 Repeat$_Repeat_SDF_Director_run_Repeat$__R_sL_8.class
drwxrwxr-x   2 travis travis   4096 Jul 21 18:26 RepeatVariables
-rw-rw-r--   1 travis travis    882 Jul 21 18:26 Repeat$_varinit_Repeat.class
-rw-rw-r--   1 travis travis    550 Jul 21 18:26 Repeat$_varinit_Repeat$__v_sL_2.class
-rw-rw-r--   1 travis travis    924 Jul 21 18:26 Repeat$_varinit_Repeat$__v_sL_4.class
-rw-rw-r--   1 travis travis    978 Jul 21 18:26 Repeat$_wrapup_Repeat$__w_sL_1.class
drwxrwxr-x   3 travis travis  20480 Jul 21 18:22 Sinewave
drwxrwxr-x   3 travis travis  32768 Jul 21 18:23 StringFunction
drwxrwxr-x   3 travis travis  12288 Jul 21 18:24 StringLength
drwxrwxr-x   3 travis travis  61440 Jul 21 18:24 StringMatches2
drwxrwxr-x   3 travis travis  61440 Jul 21 18:24 StringSimpleReplace
drwxrwxr-x   3 travis travis  65536 Jul 21 18:24 StringSubstring
drwxrwxr-x   3 travis travis  24576 Jul 21 18:25 StringSubstring2
drwxrwxr-x   3 travis travis  16384 Jul 21 18:25 time1
drwxrwxr-x   3 travis travis  12288 Jul 21 18:26 time5
-rw-rw-r--   1 travis travis    432 Jul 21 18:26 Token.class
-rw-rw-r--   1 travis travis    251 Jul 21 18:26 Token.java
-rwxrwxr-x   1 travis travis 466992 Jul 21 18:18 top
-rw-rw-r--   1 travis travis  20502 Jul 21 18:18 top.c
-rw-rw-r--   1 travis travis   3799 Jul 21 18:26 top.class
In "/home/travis/cg", about to execute:
    javac -classpath
.:/home/travis/build/icyphy/ptII:/home/travis/build/icyphy/ptII/lib/bsh-2.0b4.j
ar:/home/travis/build/icyphy/ptII/lib/ptCal.jar:/home/travis/build/icyphy/ptII/
lib/java_cup.jar:/home/travis/build/icyphy/ptII/lib/saxon8.jar:/home/travis/bui
ld/icyphy/ptII/lib/saxon8-dom.jar:/home/travis/build/icyphy/ptII/lib/chic.jar:/
home/travis/build/icyphy/ptII/lib/ptcolt.jar:/home/travis/build/icyphy/ptII/ven
dors/misc/itext/iText.jar:/home/travis/build/icyphy/ptII/lib/g4ltl.jar:/home/tr
avis/build/icyphy/ptII/lib/StructuralCoder.jar:/home/travis/build/icyphy/ptII/l
ib/jcerti.jar:/home/travis/build/icyphy/ptII/lib/javax.mail.jar:/home/travis/bu
ild/icyphy/ptII/vendors/JMF-2.1.1e/lib/jmf.jar:/home/travis/build/icyphy/ptII/l
ib/jna-4.0.0-variadic.jar:/home/travis/build/icyphy/ptII/vendors/misc/joystick/
Joystick.jar:/home/travis/build/icyphy/ptII/lib/ptjacl.jar:/home/travis/build/i
cyphy/ptII/lib/jsoup-1.8.2.jar:/home/travis/build/icyphy/ptII/lib/junit-4.8.2.j
ar:/home/travis/build/icyphy/ptII/lib/JUnitParams-0.4.0.jar:/home/travis/build/
icyphy/ptII/ptolemy/actor/lib/excel/jxl.jar:/home/travis/build/icyphy/ptII/lib/
jython.jar:/home/travis/build/icyphy/ptII/lib/kieler.jar:/home/travis/build/icy
phy/ptII/vendors/opencv/share/OpenCV/java/opencv-341.jar:/home/travis/build/icy
phy/ptII/lib/oscP5.jar:/home/travis/build/icyphy/ptII/lib/nrjavaserial-3.11.0.d
evel.jar:/home/travis/build/icyphy/ptII/vendors/j3d/lib/Linux/j3dcore.jar:/home
/travis/build/icyphy/ptII/vendors/j3d/lib/Linux/j3dutils.jar:/home/travis/build
/icyphy/ptII/vendors/j3d/lib/Linux/vecmath.jar:/home/travis/build/icyphy/ptII/v
endors/jogl/lib/Linux/gluegen-rt-natives-linux-amd64.jar:/home/travis/build/icy
phy/ptII/vendors/jogl/lib/Linux/gluegen-rt.jar:/home/travis/build/icyphy/ptII/v
endors/jogl/lib/Linux/jogl-all-natives-linux-amd64.jar:/home/travis/build/icyph
y/ptII/vendors/jogl/lib/Linux/jogl-all.jar:/home/travis/build/icyphy/ptII/ptole
my/distributed/jini/jar/jini-core.jar:/home/travis/build/icyphy/ptII/ptolemy/di
stributed/jini/jar/jini-ext.jar:/home/travis/build/icyphy/ptII/ptolemy/distribu
ted/jini/jar/sun-util.jar:/home/travis/build/icyphy/ptII/lib/protobuf-java-2.4.
1.jar:/home/travis/build/icyphy/ptII/lib/org.eclipse.paho.client.mqttv3.jar:/ho
me/travis/build/icyphy/ptII/lib/mapss.jar:/home/travis/build/icyphy/ptII/ptolem
y/actor/ptalon/antlr/antlr.jar:/home/travis/build/icyphy/ptII/lib/JRI.jar:/home
/travis/build/icyphy/ptII/lib/commons-lang-2.6.jar:/home/travis/build/icyphy/pt
II/lib/commons-logging-1.1.1.jar:/home/travis/build/icyphy/ptII/lib/sootclasses
.jar:/home/travis/build/icyphy/ptII/ptolemy/actor/lib/database/mysql-connector-
java-5.1.6-bin.jar:/home/travis/build/icyphy/ptII/vendors/misc/sphinx4/sphinx4-
data-5prealpha.jar:/home/travis/build/icyphy/ptII/vendors/misc/sphinx4/sphinx4-
core-5prealpha.jar:/home/travis/build/icyphy/ptII/lib/PDFRenderer.jar:/home/tra
vis/build/icyphy/ptII/lib/svgSalamander.jar:/home/travis/build/icyphy/ptII/lib/
rsyntaxtextarea-2.6.0-SNAPSHOT.jar:/home/travis/build/icyphy/ptII/lib/hazelcast
-3.8.2.jar:/home/travis/build/icyphy/ptII/lib/jackson-annotations-2.9.0.jar:/ho
me/travis/build/icyphy/ptII/lib/jackson-core-2.9.3.jar:/home/travis/build/icyph
y/ptII/lib/jackson-databind-2.9.3.jar:/home/travis/build/icyphy/ptII/lib/netty-
buffer-4.1.19.Final.jar:/home/travis/build/icyphy/ptII/lib/netty-codec-4.1.19.F
inal.jar:/home/travis/build/icyphy/ptII/lib/netty-codec-dns-4.1.19.Final.jar:/h
ome/travis/build/icyphy/ptII/lib/netty-codec-http-4.1.19.Final.jar:/home/travis
/build/icyphy/ptII/lib/netty-codec-http2-4.1.19.Final.jar:/home/travis/build/ic
yphy/ptII/lib/netty-common-4.1.19.Final.jar:/home/travis/build/icyphy/ptII/lib/
netty-handler-4.1.19.Final.jar:/home/travis/build/icyphy/ptII/lib/netty-resolve
r-4.1.19.Final.jar:/home/travis/build/icyphy/ptII/lib/netty-resolver-dns-4.1.19
.Final.jar:/home/travis/build/icyphy/ptII/lib/netty-transport-4.1.19.Final.jar:
/home/travis/build/icyphy/ptII/lib/vertx-codegen-3.5.1.jar:/home/travis/build/i
cyphy/ptII/lib/vertx-core-3.5.2-SNAPSHOT.jar:/home/travis/build/icyphy/ptII/lib
/vertx-hazelcast-3.5.1.jar:/home/travis/build/icyphy/ptII/lib/vertx-lang-js-3.5
.1.jar:/home/travis/build/icyphy/ptII/lib/vertx-service-proxy-3.5.1.jar:/home/t
ravis/build/icyphy/ptII/lib/vertx-web-3.5.1.jar:/home/travis/build/icyphy/ptII/
lib/slf4j-api-1.7.13.jar:/home/travis/build/icyphy/ptII/lib/slf4j-simple-1.7.13
.jar:/home/travis/build/icyphy/ptII/lib/webcam-capture-0.3.12.jar:/home/travis/
build/icyphy/ptII/lib/bridj-0.7.0.jar:/home/travis/build/icyphy/ptII/lib/xbjlib
-1.1.0.nrjavaserial.jar:/home/travis/build/icyphy/ptII/ptolemy/moml/test:/home/
travis/build/icyphy/ptII/ant/lib/ant-launcher.jar:/home/travis/build/icyphy/ptI
I/ant/lib/ant.jar:/home/travis/build/icyphy/ptII/ant/lib/ant-junit.jar:/home/tr
avis/build/icyphy/ptII/ant/lib/ant-junit4.jar:/home/travis/build/icyphy/ptII
ModularCG_A1_B2_profile.java
-rw-rw-r--   1 travis travis   1257 Jul 21 18:26 top.mk
All Done
Writing ModularCG_A1_B2.java in file:/home/travis/cg/ (9730 characters)
Reading "ptolemy/cg/kernel/generic/program/procedural/java/modular/makefile.in",
    writing "/home/travis/cg/ModularCG_A1_B2.mk"
Using ptolemy/cg/kernel/generic/program/procedural/java/modular/makefile.in
In "/home/travis/cg", about to execute:
    make -f ModularCG_A1_B2.mk
javac -classpath ".:.."    ModularCG_A1_B2.java
All Done
In "/home/travis/cg", about to execute:
    pwd
/home/travis/cg
In "/home/travis/cg", about to execute:
    ls -l
total 1452
drwxrwxr-x   3 travis travis  12288 Jul 21 18:20 AbsoluteValue
drwxrwxr-x   3 travis travis 102400 Jul 21 18:19 AllColt
drwxrwxr-x   3 travis travis  12288 Jul 21 18:19 Case1
-rw-rw-r--   1 travis travis   5128 Jul 21 18:26 CompiledCompositeActor_CompiledCompositeActor.class
-rw-rw-r--   1 travis travis   1611 Jul 21 18:26 CompiledCompositeActor_CompiledCompositeActor$_CompiledCompositeActor_CompiledCompositeActor.class
-rw-rw-r--   1 travis travis  13466 Jul 21 18:26 CompiledCompositeActor_CompiledCompositeActor.java
-rw-rw-r--   1 travis travis   1593 Jul 21 18:26 CompiledCompositeActor_CompiledCompositeActor.mk
drwxrwxr-x   5 travis travis   4096 Jul 21 18:18 fmi
drwxrwxr-x   3 travis travis  16384 Jul 21 18:20 Gaussian2
-rw-rw-r--   1 travis travis   4684 Jul 21 18:26 JavaCompiledCompositeTest1_CompiledCompositeActor.class
-rw-rw-r--   1 travis travis  11637 Jul 21 18:26 JavaCompiledCompositeTest1_CompiledCompositeActor.java
-rw-rw-r--   1 travis travis   1217 Jul 21 18:26 JavaCompiledCompositeTest1_CompiledCompositeActor$_JavaCompiledCompositeTest1_CompiledCompositeActor.class
-rw-rw-r--   1 travis travis   1625 Jul 21 18:26 JavaCompiledCompositeTest1_CompiledCompositeActor.mk
-rw-rw-r--   1 travis travis   5115 Jul 21 18:26 JavaCompiledCompositeTest2_CompiledCompositeActor.class
-rw-rw-r--   1 travis travis  14919 Jul 21 18:26 JavaCompiledCompositeTest2_CompiledCompositeActor.java
-rw-rw-r--   1 travis travis   1812 Jul 21 18:26 JavaCompiledCompositeTest2_CompiledCompositeActor$_JavaCompiledCompositeTest2_CompiledCompositeActor.class
-rw-rw-r--   1 travis travis   1625 Jul 21 18:26 JavaCompiledCompositeTest2_CompiledCompositeActor.mk
-rw-rw-r--   1 travis travis   4732 Jul 21 18:26 JavaCompiledCompositeTest3_CompiledCompositeActor.class
-rw-rw-r--   1 travis travis  13080 Jul 21 18:26 JavaCompiledCompositeTest3_CompiledCompositeActor.java
-rw-rw-r--   1 travis travis   1397 Jul 21 18:26 JavaCompiledCompositeTest3_CompiledCompositeActor$_JavaCompiledCompositeTest3_CompiledCompositeActor.class
-rw-rw-r--   1 travis travis   1625 Jul 21 18:26 JavaCompiledCompositeTest3_CompiledCompositeActor.mk
-rw-rw-r--   1 travis travis   4183 Jul 21 18:26 JavaCompiledCompositeTest4_CompiledCompositeActor.class
-rw-rw-r--   1 travis travis   9687 Jul 21 18:26 JavaCompiledCompositeTest4_CompiledCompositeActor.java
-rw-rw-r--   1 travis travis    876 Jul 21 18:26 JavaCompiledCompositeTest4_CompiledCompositeActor$_JavaCompiledCompositeTest4_CompiledCompositeActor.class
-rw-rw-r--   1 travis travis   1625 Jul 21 18:26 JavaCompiledCompositeTest4_CompiledCompositeActor.mk
drwxrwxr-x   3 travis travis  12288 Jul 21 18:21 LookupTable
drwxrwxr-x   3 travis travis  20480 Jul 21 18:21 MaxIndex
-rw-rw-r--   1 travis travis   3925 Jul 21 18:26 ModularCG_A1_B1.class
-rw-rw-r--   1 travis travis   9730 Jul 21 18:26 ModularCG_A1_B1.java
-rw-rw-r--   1 travis travis    832 Jul 21 18:26 ModularCG_A1_B1.mk
-rw-rw-r--   1 travis travis   1318 Jul 21 18:26 ModularCG_A1_B1_profile.class
-rw-rw-r--   1 travis travis   1262 Jul 21 18:26 ModularCG_A1_B1_profile.java
-rw-rw-r--   1 travis travis   3925 Jul 21 18:27 ModularCG_A1_B2.class
-rw-rw-r--   1 travis travis   9730 Jul 21 18:27 ModularCG_A1_B2.java
-rw-rw-r--   1 travis travis    832 Jul 21 18:27 ModularCG_A1_B2.mk
-rw-rw-r--   1 travis travis   1318 Jul 21 18:27 ModularCG_A1_B2_profile.class
-rw-rw-r--   1 travis travis   1262 Jul 21 18:26 ModularCG_A1_B2_profile.java
-rw-rw-r--   1 travis travis   1704 Jul 21 18:27 ModularCG_A1_profile.java
-rw-rw-r--   1 travis travis   3724 Jul 21 18:26 ModularCodeGenTest_A1_A2.class
-rw-rw-r--   1 travis travis   9164 Jul 21 18:26 ModularCodeGenTest_A1_A2.java
-rw-rw-r--   1 travis travis   1306 Jul 21 18:26 ModularCodeGenTest_A1_A2_profile.class
-rw-rw-r--   1 travis travis   4055 Jul 21 18:26 ModularCodeGenTest_A1.class
-rw-rw-r--   1 travis travis   9968 Jul 21 18:26 ModularCodeGenTest_A1.java
-rw-rw-r--   1 travis travis    880 Jul 21 18:26 ModularCodeGenTest_A1.mk
-rw-rw-r--   1 travis travis   1352 Jul 21 18:26 ModularCodeGenTest_A1_profile.class
-rw-rw-r--   1 travis travis   1394 Jul 21 18:26 ModularCodeGenTest_A1_profile.java
drwxrwxr-x   3 travis travis  32768 Jul 21 18:26 modulation2
drwxrwxr-x 139 travis travis  12288 Jul 21 18:26 node_modules
drwxrwxr-x   3 travis travis  20480 Jul 21 18:21 PhaseUnwrap
drwxrwxr-x   3 travis travis  12288 Jul 21 18:22 ReadFile1
-rw-rw-r--   1 travis travis     11 Jul 21 18:21 ReadFile1Output.txt
-rw-rw-r--   1 travis travis  13773 Jul 21 18:26 Repeat.class
-rw-rw-r--   1 travis travis    685 Jul 21 18:26 Repeat$_fireFunction_Repeat_Repeat$__f_sL_11.class
-rw-rw-r--   1 travis travis    541 Jul 21 18:26 Repeat$_fireFunction_Repeat_Repeat$__f_sL_12.class
-rw-rw-r--   1 travis travis    541 Jul 21 18:26 Repeat$_fireFunction_Repeat_Repeat$__f_sL_13.class
-rw-rw-r--   1 travis travis    541 Jul 21 18:26 Repeat$_fireFunction_Repeat_Repeat$__f_sL_14.class
-rw-rw-r--   1 travis travis    684 Jul 21 18:26 Repeat$_fireFunction_Repeat_Repeat$__f_sL_1.class
-rw-rw-r--   1 travis travis    683 Jul 21 18:26 Repeat$_fireFunction_Repeat_Repeat$__f_sL_4.class
-rw-rw-r--   1 travis travis    539 Jul 21 18:26 Repeat$_fireFunction_Repeat_Repeat$__f_sL_9.class
-rw-rw-r--   1 travis travis    494 Jul 21 18:26 Repeat$_initialize_Repeat$__i_sL_2.class
-rw-rw-r--   1 travis travis   1281 Jul 21 18:26 Repeat.mk
-rw-rw-r--   1 travis travis    539 Jul 21 18:26 Repeat$_preinitializeMethod_Repeat$__p_sL_0.class
-rw-rw-r--   1 travis travis   1102 Jul 21 18:26 Repeat$_Repeat$_fireFunction_Repeat_AddSubtract_Repeat.class
-rw-rw-r--   1 travis travis    810 Jul 21 18:26 Repeat$_Repeat$_fireFunction_Repeat_AddSubtract_Repeat$__f_sL_0.class
-rw-rw-r--   1 travis travis    928 Jul 21 18:26 Repeat$_Repeat$_fireFunction_Repeat_AddSubtract_Repeat$__f_sL_1.class
-rw-rw-r--   1 travis travis    934 Jul 21 18:26 Repeat$_Repeat$_fireFunction_Repeat_AddSubtract_Repeat$__f_sL_2.class
-rw-rw-r--   1 travis travis    862 Jul 21 18:26 Repeat$_Repeat$_fireFunction_Repeat_AddSubtract_Repeat$__f_sL_3.class
-rw-rw-r--   1 travis travis    757 Jul 21 18:26 Repeat$_Repeat$_fireFunction_Repeat_Ramp2_Repeat$__f_sL_0.class
-rw-rw-r--   1 travis travis    888 Jul 21 18:26 Repeat$_Repeat$_fireFunction_Repeat_Test_Repeat$__f_sL_0.class
-rw-rw-r--   1 travis travis    634 Jul 21 18:26 Repeat$_Repeat$_fireFunction_Repeat_Test_Repeat$__f_sL_1.class
-rw-rw-r--   1 travis travis    704 Jul 21 18:26 Repeat$_Repeat_SDF_Director_run_Repeat$__R_sL_0.class
-rw-rw-r--   1 travis travis    705 Jul 21 18:26 Repeat$_Repeat_SDF_Director_run_Repeat$__R_sL_11.class
-rw-rw-r--   1 travis travis    561 Jul 21 18:26 Repeat$_Repeat_SDF_Director_run_Repeat$__R_sL_13.class
-rw-rw-r--   1 travis travis    559 Jul 21 18:26 Repeat$_Repeat_SDF_Director_run_Repeat$__R_sL_2.class
-rw-rw-r--   1 travis travis    703 Jul 21 18:26 Repeat$_Repeat_SDF_Director_run_Repeat$__R_sL_3.class
-rw-rw-r--   1 travis travis    559 Jul 21 18:26 Repeat$_Repeat_SDF_Director_run_Repeat$__R_sL_5.class
-rw-rw-r--   1 travis travis    559 Jul 21 18:26 Repeat$_Repeat_SDF_Director_run_Repeat$__R_sL_8.class
drwxrwxr-x   2 travis travis   4096 Jul 21 18:26 RepeatVariables
-rw-rw-r--   1 travis travis    882 Jul 21 18:26 Repeat$_varinit_Repeat.class
-rw-rw-r--   1 travis travis    550 Jul 21 18:26 Repeat$_varinit_Repeat$__v_sL_2.class
-rw-rw-r--   1 travis travis    924 Jul 21 18:26 Repeat$_varinit_Repeat$__v_sL_4.class
-rw-rw-r--   1 travis travis    978 Jul 21 18:26 Repeat$_wrapup_Repeat$__w_sL_1.class
drwxrwxr-x   3 travis travis  20480 Jul 21 18:22 Sinewave
drwxrwxr-x   3 travis travis  32768 Jul 21 18:23 StringFunction
drwxrwxr-x   3 travis travis  12288 Jul 21 18:24 StringLength
drwxrwxr-x   3 travis travis  61440 Jul 21 18:24 StringMatches2
drwxrwxr-x   3 travis travis  61440 Jul 21 18:24 StringSimpleReplace
drwxrwxr-x   3 travis travis  65536 Jul 21 18:24 StringSubstring
drwxrwxr-x   3 travis travis  24576 Jul 21 18:25 StringSubstring2
drwxrwxr-x   3 travis travis  16384 Jul 21 18:25 time1
drwxrwxr-x   3 travis travis  12288 Jul 21 18:26 time5
-rw-rw-r--   1 travis travis    432 Jul 21 18:27 Token.class
-rw-rw-r--   1 travis travis    251 Jul 21 18:27 Token.java
-rwxrwxr-x   1 travis travis 466992 Jul 21 18:18 top
-rw-rw-r--   1 travis travis  20502 Jul 21 18:18 top.c
-rw-rw-r--   1 travis travis   3799 Jul 21 18:26 top.class
-rw-rw-r--   1 travis travis   1257 Jul 21 18:26 top.mk
In "/home/travis/cg", about to execute:
    javac -classpath
.:/home/travis/build/icyphy/ptII:/home/travis/build/icyphy/ptII/lib/bsh-2.0b4.j
ar:/home/travis/build/icyphy/ptII/lib/ptCal.jar:/home/travis/build/icyphy/ptII/
lib/java_cup.jar:/home/travis/build/icyphy/ptII/lib/saxon8.jar:/home/travis/bui
ld/icyphy/ptII/lib/saxon8-dom.jar:/home/travis/build/icyphy/ptII/lib/chic.jar:/
home/travis/build/icyphy/ptII/lib/ptcolt.jar:/home/travis/build/icyphy/ptII/ven
dors/misc/itext/iText.jar:/home/travis/build/icyphy/ptII/lib/g4ltl.jar:/home/tr
avis/build/icyphy/ptII/lib/StructuralCoder.jar:/home/travis/build/icyphy/ptII/l
ib/jcerti.jar:/home/travis/build/icyphy/ptII/lib/javax.mail.jar:/home/travis/bu
ild/icyphy/ptII/vendors/JMF-2.1.1e/lib/jmf.jar:/home/travis/build/icyphy/ptII/l
ib/jna-4.0.0-variadic.jar:/home/travis/build/icyphy/ptII/vendors/misc/joystick/
Joystick.jar:/home/travis/build/icyphy/ptII/lib/ptjacl.jar:/home/travis/build/i
cyphy/ptII/lib/jsoup-1.8.2.jar:/home/travis/build/icyphy/ptII/lib/junit-4.8.2.j
ar:/home/travis/build/icyphy/ptII/lib/JUnitParams-0.4.0.jar:/home/travis/build/
icyphy/ptII/ptolemy/actor/lib/excel/jxl.jar:/home/travis/build/icyphy/ptII/lib/
jython.jar:/home/travis/build/icyphy/ptII/lib/kieler.jar:/home/travis/build/icy
phy/ptII/vendors/opencv/share/OpenCV/java/opencv-341.jar:/home/travis/build/icy
phy/ptII/lib/oscP5.jar:/home/travis/build/icyphy/ptII/lib/nrjavaserial-3.11.0.d
evel.jar:/home/travis/build/icyphy/ptII/vendors/j3d/lib/Linux/j3dcore.jar:/home
/travis/build/icyphy/ptII/vendors/j3d/lib/Linux/j3dutils.jar:/home/travis/build
/icyphy/ptII/vendors/j3d/lib/Linux/vecmath.jar:/home/travis/build/icyphy/ptII/v
endors/jogl/lib/Linux/gluegen-rt-natives-linux-amd64.jar:/home/travis/build/icy
phy/ptII/vendors/jogl/lib/Linux/gluegen-rt.jar:/home/travis/build/icyphy/ptII/v
endors/jogl/lib/Linux/jogl-all-natives-linux-amd64.jar:/home/travis/build/icyph
y/ptII/vendors/jogl/lib/Linux/jogl-all.jar:/home/travis/build/icyphy/ptII/ptole
my/distributed/jini/jar/jini-core.jar:/home/travis/build/icyphy/ptII/ptolemy/di
stributed/jini/jar/jini-ext.jar:/home/travis/build/icyphy/ptII/ptolemy/distribu
ted/jini/jar/sun-util.jar:/home/travis/build/icyphy/ptII/lib/protobuf-java-2.4.
1.jar:/home/travis/build/icyphy/ptII/lib/org.eclipse.paho.client.mqttv3.jar:/ho
me/travis/build/icyphy/ptII/lib/mapss.jar:/home/travis/build/icyphy/ptII/ptolem
y/actor/ptalon/antlr/antlr.jar:/home/travis/build/icyphy/ptII/lib/JRI.jar:/home
/travis/build/icyphy/ptII/lib/commons-lang-2.6.jar:/home/travis/build/icyphy/pt
II/lib/commons-logging-1.1.1.jar:/home/travis/build/icyphy/ptII/lib/sootclasses
.jar:/home/travis/build/icyphy/ptII/ptolemy/actor/lib/database/mysql-connector-
java-5.1.6-bin.jar:/home/travis/build/icyphy/ptII/vendors/misc/sphinx4/sphinx4-
data-5prealpha.jar:/home/travis/build/icyphy/ptII/vendors/misc/sphinx4/sphinx4-
core-5prealpha.jar:/home/travis/build/icyphy/ptII/lib/PDFRenderer.jar:/home/tra
vis/build/icyphy/ptII/lib/svgSalamander.jar:/home/travis/build/icyphy/ptII/lib/
rsyntaxtextarea-2.6.0-SNAPSHOT.jar:/home/travis/build/icyphy/ptII/lib/hazelcast
-3.8.2.jar:/home/travis/build/icyphy/ptII/lib/jackson-annotations-2.9.0.jar:/ho
me/travis/build/icyphy/ptII/lib/jackson-core-2.9.3.jar:/home/travis/build/icyph
y/ptII/lib/jackson-databind-2.9.3.jar:/home/travis/build/icyphy/ptII/lib/netty-
buffer-4.1.19.Final.jar:/home/travis/build/icyphy/ptII/lib/netty-codec-4.1.19.F
inal.jar:/home/travis/build/icyphy/ptII/lib/netty-codec-dns-4.1.19.Final.jar:/h
ome/travis/build/icyphy/ptII/lib/netty-codec-http-4.1.19.Final.jar:/home/travis
/build/icyphy/ptII/lib/netty-codec-http2-4.1.19.Final.jar:/home/travis/build/ic
yphy/ptII/lib/netty-common-4.1.19.Final.jar:/home/travis/build/icyphy/ptII/lib/
netty-handler-4.1.19.Final.jar:/home/travis/build/icyphy/ptII/lib/netty-resolve
r-4.1.19.Final.jar:/home/travis/build/icyphy/ptII/lib/netty-resolver-dns-4.1.19
.Final.jar:/home/travis/build/icyphy/ptII/lib/netty-transport-4.1.19.Final.jar:
/home/travis/build/icyphy/ptII/lib/vertx-codegen-3.5.1.jar:/home/travis/build/i
cyphy/ptII/lib/vertx-core-3.5.2-SNAPSHOT.jar:/home/travis/build/icyphy/ptII/lib
/vertx-hazelcast-3.5.1.jar:/home/travis/build/icyphy/ptII/lib/vertx-lang-js-3.5
.1.jar:/home/travis/build/icyphy/ptII/lib/vertx-service-proxy-3.5.1.jar:/home/t
ravis/build/icyphy/ptII/lib/vertx-web-3.5.1.jar:/home/travis/build/icyphy/ptII/
lib/slf4j-api-1.7.13.jar:/home/travis/build/icyphy/ptII/lib/slf4j-simple-1.7.13
.jar:/home/travis/build/icyphy/ptII/lib/webcam-capture-0.3.12.jar:/home/travis/
build/icyphy/ptII/lib/bridj-0.7.0.jar:/home/travis/build/icyphy/ptII/lib/xbjlib
-1.1.0.nrjavaserial.jar:/home/travis/build/icyphy/ptII/ptolemy/moml/test:/home/
travis/build/icyphy/ptII/ant/lib/ant-launcher.jar:/home/travis/build/icyphy/ptI
I/ant/lib/ant.jar:/home/travis/build/icyphy/ptII/ant/lib/ant-junit.jar:/home/tr
avis/build/icyphy/ptII/ant/lib/ant-junit4.jar:/home/travis/build/icyphy/ptII
ModularCG_A1_profile.java
All Done
Writing ModularCG_A1.java in file:/home/travis/cg/ (14742 characters)
Reading "ptolemy/cg/kernel/generic/program/procedural/java/modular/makefile.in",
    writing "/home/travis/cg/ModularCG_A1.mk"
Using ptolemy/cg/kernel/generic/program/procedural/java/modular/makefile.in
In "/home/travis/cg", about to execute:
    make -f ModularCG_A1.mk
javac -classpath ".:.."    ModularCG_A1.java
All Done
In "/home/travis/cg", about to execute:
    pwd
/home/travis/cg
In "/home/travis/cg", about to execute:
    ls -l
total 1488
drwxrwxr-x   3 travis travis  12288 Jul 21 18:20 AbsoluteValue
drwxrwxr-x   3 travis travis 102400 Jul 21 18:19 AllColt
drwxrwxr-x   3 travis travis  12288 Jul 21 18:19 Case1
-rw-rw-r--   1 travis travis   5128 Jul 21 18:26 CompiledCompositeActor_CompiledCompositeActor.class
-rw-rw-r--   1 travis travis   1611 Jul 21 18:26 CompiledCompositeActor_CompiledCompositeActor$_CompiledCompositeActor_CompiledCompositeActor.class
-rw-rw-r--   1 travis travis  13466 Jul 21 18:26 CompiledCompositeActor_CompiledCompositeActor.java
-rw-rw-r--   1 travis travis   1593 Jul 21 18:26 CompiledCompositeActor_CompiledCompositeActor.mk
drwxrwxr-x   5 travis travis   4096 Jul 21 18:18 fmi
drwxrwxr-x   3 travis travis  16384 Jul 21 18:20 Gaussian2
-rw-rw-r--   1 travis travis   4684 Jul 21 18:26 JavaCompiledCompositeTest1_CompiledCompositeActor.class
-rw-rw-r--   1 travis travis  11637 Jul 21 18:26 JavaCompiledCompositeTest1_CompiledCompositeActor.java
-rw-rw-r--   1 travis travis   1217 Jul 21 18:26 JavaCompiledCompositeTest1_CompiledCompositeActor$_JavaCompiledCompositeTest1_CompiledCompositeActor.class
-rw-rw-r--   1 travis travis   1625 Jul 21 18:26 JavaCompiledCompositeTest1_CompiledCompositeActor.mk
-rw-rw-r--   1 travis travis   5115 Jul 21 18:26 JavaCompiledCompositeTest2_CompiledCompositeActor.class
-rw-rw-r--   1 travis travis  14919 Jul 21 18:26 JavaCompiledCompositeTest2_CompiledCompositeActor.java
-rw-rw-r--   1 travis travis   1812 Jul 21 18:26 JavaCompiledCompositeTest2_CompiledCompositeActor$_JavaCompiledCompositeTest2_CompiledCompositeActor.class
-rw-rw-r--   1 travis travis   1625 Jul 21 18:26 JavaCompiledCompositeTest2_CompiledCompositeActor.mk
-rw-rw-r--   1 travis travis   4732 Jul 21 18:26 JavaCompiledCompositeTest3_CompiledCompositeActor.class
-rw-rw-r--   1 travis travis  13080 Jul 21 18:26 JavaCompiledCompositeTest3_CompiledCompositeActor.java
-rw-rw-r--   1 travis travis   1397 Jul 21 18:26 JavaCompiledCompositeTest3_CompiledCompositeActor$_JavaCompiledCompositeTest3_CompiledCompositeActor.class
-rw-rw-r--   1 travis travis   1625 Jul 21 18:26 JavaCompiledCompositeTest3_CompiledCompositeActor.mk
-rw-rw-r--   1 travis travis   4183 Jul 21 18:26 JavaCompiledCompositeTest4_CompiledCompositeActor.class
-rw-rw-r--   1 travis travis   9687 Jul 21 18:26 JavaCompiledCompositeTest4_CompiledCompositeActor.java
-rw-rw-r--   1 travis travis    876 Jul 21 18:26 JavaCompiledCompositeTest4_CompiledCompositeActor$_JavaCompiledCompositeTest4_CompiledCompositeActor.class
-rw-rw-r--   1 travis travis   1625 Jul 21 18:26 JavaCompiledCompositeTest4_CompiledCompositeActor.mk
drwxrwxr-x   3 travis travis  12288 Jul 21 18:21 LookupTable
drwxrwxr-x   3 travis travis  20480 Jul 21 18:21 MaxIndex
-rw-rw-r--   1 travis travis   3925 Jul 21 18:26 ModularCG_A1_B1.class
-rw-rw-r--   1 travis travis   9730 Jul 21 18:26 ModularCG_A1_B1.java
-rw-rw-r--   1 travis travis    832 Jul 21 18:26 ModularCG_A1_B1.mk
-rw-rw-r--   1 travis travis   1318 Jul 21 18:26 ModularCG_A1_B1_profile.class
-rw-rw-r--   1 travis travis   1262 Jul 21 18:26 ModularCG_A1_B1_profile.java
-rw-rw-r--   1 travis travis   3925 Jul 21 18:27 ModularCG_A1_B2.class
-rw-rw-r--   1 travis travis   9730 Jul 21 18:27 ModularCG_A1_B2.java
-rw-rw-r--   1 travis travis    832 Jul 21 18:27 ModularCG_A1_B2.mk
-rw-rw-r--   1 travis travis   1318 Jul 21 18:27 ModularCG_A1_B2_profile.class
-rw-rw-r--   1 travis travis   1262 Jul 21 18:26 ModularCG_A1_B2_profile.java
-rw-rw-r--   1 travis travis   5031 Jul 21 18:27 ModularCG_A1.class
-rw-rw-r--   1 travis travis  14742 Jul 21 18:27 ModularCG_A1.java
-rw-rw-r--   1 travis travis    808 Jul 21 18:27 ModularCG_A1.mk
-rw-rw-r--   1 travis travis   1433 Jul 21 18:27 ModularCG_A1_profile.class
-rw-rw-r--   1 travis travis   1704 Jul 21 18:27 ModularCG_A1_profile.java
-rw-rw-r--   1 travis travis   1446 Jul 21 18:27 ModularCG_A2_B1_profile.java
-rw-rw-r--   1 travis travis   3724 Jul 21 18:26 ModularCodeGenTest_A1_A2.class
In "/home/travis/cg", about to execute:
-rw-rw-r--   1 travis travis   9164 Jul 21 18:26 ModularCodeGenTest_A1_A2.java
-rw-rw-r--   1 travis travis   1306 Jul 21 18:26 ModularCodeGenTest_A1_A2_profile.class
-rw-rw-r--   1 travis travis   4055 Jul 21 18:26 ModularCodeGenTest_A1.class
-rw-rw-r--   1 travis travis   9968 Jul 21 18:26 ModularCodeGenTest_A1.java
-rw-rw-r--   1 travis travis    880 Jul 21 18:26 ModularCodeGenTest_A1.mk
-rw-rw-r--   1 travis travis   1352 Jul 21 18:26 ModularCodeGenTest_A1_profile.class
-rw-rw-r--   1 travis travis   1394 Jul 21 18:26 ModularCodeGenTest_A1_profile.java
drwxrwxr-x   3 travis travis  32768 Jul 21 18:26 modulation2
drwxrwxr-x 139 travis travis  12288 Jul 21 18:26 node_modules
drwxrwxr-x   3 travis travis  20480 Jul 21 18:21 PhaseUnwrap
drwxrwxr-x   3 travis travis  12288 Jul 21 18:22 ReadFile1
-rw-rw-r--   1 travis travis     11 Jul 21 18:21 ReadFile1Output.txt
-rw-rw-r--   1 travis travis  13773 Jul 21 18:26 Repeat.class
-rw-rw-r--   1 travis travis    685 Jul 21 18:26 Repeat$_fireFunction_Repeat_Repeat$__f_sL_11.class
-rw-rw-r--   1 travis travis    541 Jul 21 18:26 Repeat$_fireFunction_Repeat_Repeat$__f_sL_12.class
-rw-rw-r--   1 travis travis    541 Jul 21 18:26 Repeat$_fireFunction_Repeat_Repeat$__f_sL_13.class
-rw-rw-r--   1 travis travis    541 Jul 21 18:26 Repeat$_fireFunction_Repeat_Repeat$__f_sL_14.class
-rw-rw-r--   1 travis travis    684 Jul 21 18:26 Repeat$_fireFunction_Repeat_Repeat$__f_sL_1.class
-rw-rw-r--   1 travis travis    683 Jul 21 18:26 Repeat$_fireFunction_Repeat_Repeat$__f_sL_4.class
-rw-rw-r--   1 travis travis    539 Jul 21 18:26 Repeat$_fireFunction_Repeat_Repeat$__f_sL_9.class
-rw-rw-r--   1 travis travis    494 Jul 21 18:26 Repeat$_initialize_Repeat$__i_sL_2.class
-rw-rw-r--   1 travis travis   1281 Jul 21 18:26 Repeat.mk
-rw-rw-r--   1 travis travis    539 Jul 21 18:26 Repeat$_preinitializeMethod_Repeat$__p_sL_0.class
    javac -classpath
.:/home/travis/build/icyphy/ptII:/home/travis/build/icyphy/ptII/lib/bsh-2.0b4.j
ar:/home/travis/build/icyphy/ptII/lib/ptCal.jar:/home/travis/build/icyphy/ptII/
lib/java_cup.jar:/home/travis/build/icyphy/ptII/lib/saxon8.jar:/home/travis/bui
ld/icyphy/ptII/lib/saxon8-dom.jar:/home/travis/build/icyphy/ptII/lib/chic.jar:/
home/travis/build/icyphy/ptII/lib/ptcolt.jar:/home/travis/build/icyphy/ptII/ven
dors/misc/itext/iText.jar:/home/travis/build/icyphy/ptII/lib/g4ltl.jar:/home/tr
avis/build/icyphy/ptII/lib/StructuralCoder.jar:/home/travis/build/icyphy/ptII/l
ib/jcerti.jar:/home/travis/build/icyphy/ptII/lib/javax.mail.jar:/home/travis/bu
ild/icyphy/ptII/vendors/JMF-2.1.1e/lib/jmf.jar:/home/travis/build/icyphy/ptII/l
ib/jna-4.0.0-variadic.jar:/home/travis/build/icyphy/ptII/vendors/misc/joystick/
Joystick.jar:/home/travis/build/icyphy/ptII/lib/ptjacl.jar:/home/travis/build/i
cyphy/ptII/lib/jsoup-1.8.2.jar:/home/travis/build/icyphy/ptII/lib/junit-4.8.2.j
ar:/home/travis/build/icyphy/ptII/lib/JUnitParams-0.4.0.jar:/home/travis/build/
icyphy/ptII/ptolemy/actor/lib/excel/jxl.jar:/home/travis/build/icyphy/ptII/lib/
jython.jar:/home/travis/build/icyphy/ptII/lib/kieler.jar:/home/travis/build/icy
phy/ptII/vendors/opencv/share/OpenCV/java/opencv-341.jar:/home/travis/build/icy
phy/ptII/lib/oscP5.jar:/home/travis/build/icyphy/ptII/lib/nrjavaserial-3.11.0.d
evel.jar:/home/travis/build/icyphy/ptII/vendors/j3d/lib/Linux/j3dcore.jar:/home
/travis/build/icyphy/ptII/vendors/j3d/lib/Linux/j3dutils.jar:/home/travis/build
/icyphy/ptII/vendors/j3d/lib/Linux/vecmath.jar:/home/travis/build/icyphy/ptII/v
endors/jogl/lib/Linux/gluegen-rt-natives-linux-amd64.jar:/home/travis/build/icy
phy/ptII/vendors/jogl/lib/Linux/gluegen-rt.jar:/home/travis/build/icyphy/ptII/v
endors/jogl/lib/Linux/jogl-all-natives-linux-amd64.jar:/home/travis/build/icyph
y/ptII/vendors/jogl/lib/Linux/jogl-all.jar:/home/travis/build/icyphy/ptII/ptole
my/distributed/jini/jar/jini-core.jar:/home/travis/build/icyphy/ptII/ptolemy/di
stributed/jini/jar/jini-ext.jar:/home/travis/build/icyphy/ptII/ptolemy/distribu
ted/jini/jar/sun-util.jar:/home/travis/build/icyphy/ptII/lib/protobuf-java-2.4.
1.jar:/home/travis/build/icyphy/ptII/lib/org.eclipse.paho.client.mqttv3.jar:/ho
me/travis/build/icyphy/ptII/lib/mapss.jar:/home/travis/build/icyphy/ptII/ptolem
y/actor/ptalon/antlr/antlr.jar:/home/travis/build/icyphy/ptII/lib/JRI.jar:/home
/travis/build/icyphy/ptII/lib/commons-lang-2.6.jar:/home/travis/build/icyphy/pt
II/lib/commons-logging-1.1.1.jar:/home/travis/build/icyphy/ptII/lib/sootclasses
.jar:/home/travis/build/icyphy/ptII/ptolemy/actor/lib/database/mysql-connector-
java-5.1.6-bin.jar:/home/travis/build/icyphy/ptII/vendors/misc/sphinx4/sphinx4-
data-5prealpha.jar:/home/travis/build/icyphy/ptII/vendors/misc/sphinx4/sphinx4-
core-5prealpha.jar:/home/travis/build/icyphy/ptII/lib/PDFRenderer.jar:/home/tra
vis/build/icyphy/ptII/lib/svgSalamander.jar:/home/travis/build/icyphy/ptII/lib/
rsyntaxtextarea-2.6.0-SNAPSHOT.jar:/home/travis/build/icyphy/ptII/lib/hazelcast
-3.8.2.jar:/home/travis/build/icyphy/ptII/lib/jackson-annotations-2.9.0.jar:/ho
me/travis/build/icyphy/ptII/lib/jackson-core-2.9.3.jar:/home/travis/build/icyph
y/ptII/lib/jackson-databind-2.9.3.jar:/home/travis/build/icyphy/ptII/lib/netty-
buffer-4.1.19.Final.jar:/home/travis/build/icyphy/ptII/lib/netty-codec-4.1.19.F
inal.jar:/home/travis/build/icyphy/ptII/lib/netty-codec-dns-4.1.19.Final.jar:/h
ome/travis/build/icyphy/ptII/lib/netty-codec-http-4.1.19.Final.jar:/home/travis
/build/icyphy/ptII/lib/netty-codec-http2-4.1.19.Final.jar:/home/travis/build/ic
yphy/ptII/lib/netty-common-4.1.19.Final.jar:/home/travis/build/icyphy/ptII/lib/
netty-handler-4.1.19.Final.jar:/home/travis/build/icyphy/ptII/lib/netty-resolve
r-4.1.19.Final.jar:/home/travis/build/icyphy/ptII/lib/netty-resolver-dns-4.1.19
.Final.jar:/home/travis/build/icyphy/ptII/lib/netty-transport-4.1.19.Final.jar:
/home/travis/build/icyphy/ptII/lib/vertx-codegen-3.5.1.jar:/home/travis/build/i
cyphy/ptII/lib/vertx-core-3.5.2-SNAPSHOT.jar:/home/travis/build/icyphy/ptII/lib
/vertx-hazelcast-3.5.1.jar:/home/travis/build/icyphy/ptII/lib/vertx-lang-js-3.5
.1.jar:/home/travis/build/icyphy/ptII/lib/vertx-service-proxy-3.5.1.jar:/home/t
ravis/build/icyphy/ptII/lib/vertx-web-3.5.1.jar:/home/travis/build/icyphy/ptII/
lib/slf4j-api-1.7.13.jar:/home/travis/build/icyphy/ptII/lib/slf4j-simple-1.7.13
.jar:/home/travis/build/icyphy/ptII/lib/webcam-capture-0.3.12.jar:/home/travis/
build/icyphy/ptII/lib/bridj-0.7.0.jar:/home/travis/build/icyphy/ptII/lib/xbjlib
-1.1.0.nrjavaserial.jar:/home/travis/build/icyphy/ptII/ptolemy/moml/test:/home/
travis/build/icyphy/ptII/ant/lib/ant-launcher.jar:/home/travis/build/icyphy/ptI
I/ant/lib/ant.jar:/home/travis/build/icyphy/ptII/ant/lib/ant-junit.jar:/home/tr
avis/build/icyphy/ptII/ant/lib/ant-junit4.jar:/home/travis/build/icyphy/ptII
ModularCG_A2_B1_profile.java
-rw-rw-r--   1 travis travis   1102 Jul 21 18:26 Repeat$_Repeat$_fireFunction_Repeat_AddSubtract_Repeat.class
-rw-rw-r--   1 travis travis    810 Jul 21 18:26 Repeat$_Repeat$_fireFunction_Repeat_AddSubtract_Repeat$__f_sL_0.class
-rw-rw-r--   1 travis travis    928 Jul 21 18:26 Repeat$_Repeat$_fireFunction_Repeat_AddSubtract_Repeat$__f_sL_1.class
-rw-rw-r--   1 travis travis    934 Jul 21 18:26 Repeat$_Repeat$_fireFunction_Repeat_AddSubtract_Repeat$__f_sL_2.class
-rw-rw-r--   1 travis travis    862 Jul 21 18:26 Repeat$_Repeat$_fireFunction_Repeat_AddSubtract_Repeat$__f_sL_3.class
-rw-rw-r--   1 travis travis    757 Jul 21 18:26 Repeat$_Repeat$_fireFunction_Repeat_Ramp2_Repeat$__f_sL_0.class
-rw-rw-r--   1 travis travis    888 Jul 21 18:26 Repeat$_Repeat$_fireFunction_Repeat_Test_Repeat$__f_sL_0.class
-rw-rw-r--   1 travis travis    634 Jul 21 18:26 Repeat$_Repeat$_fireFunction_Repeat_Test_Repeat$__f_sL_1.class
-rw-rw-r--   1 travis travis    704 Jul 21 18:26 Repeat$_Repeat_SDF_Director_run_Repeat$__R_sL_0.class
-rw-rw-r--   1 travis travis    705 Jul 21 18:26 Repeat$_Repeat_SDF_Director_run_Repeat$__R_sL_11.class
-rw-rw-r--   1 travis travis    561 Jul 21 18:26 Repeat$_Repeat_SDF_Director_run_Repeat$__R_sL_13.class
-rw-rw-r--   1 travis travis    559 Jul 21 18:26 Repeat$_Repeat_SDF_Director_run_Repeat$__R_sL_2.class
-rw-rw-r--   1 travis travis    703 Jul 21 18:26 Repeat$_Repeat_SDF_Director_run_Repeat$__R_sL_3.class
-rw-rw-r--   1 travis travis    559 Jul 21 18:26 Repeat$_Repeat_SDF_Director_run_Repeat$__R_sL_5.class
-rw-rw-r--   1 travis travis    559 Jul 21 18:26 Repeat$_Repeat_SDF_Director_run_Repeat$__R_sL_8.class
drwxrwxr-x   2 travis travis   4096 Jul 21 18:26 RepeatVariables
-rw-rw-r--   1 travis travis    882 Jul 21 18:26 Repeat$_varinit_Repeat.class
-rw-rw-r--   1 travis travis    550 Jul 21 18:26 Repeat$_varinit_Repeat$__v_sL_2.class
-rw-rw-r--   1 travis travis    924 Jul 21 18:26 Repeat$_varinit_Repeat$__v_sL_4.class
-rw-rw-r--   1 travis travis    978 Jul 21 18:26 Repeat$_wrapup_Repeat$__w_sL_1.class
drwxrwxr-x   3 travis travis  20480 Jul 21 18:22 Sinewave
drwxrwxr-x   3 travis travis  32768 Jul 21 18:23 StringFunction
drwxrwxr-x   3 travis travis  12288 Jul 21 18:24 StringLength
drwxrwxr-x   3 travis travis  61440 Jul 21 18:24 StringMatches2
drwxrwxr-x   3 travis travis  61440 Jul 21 18:24 StringSimpleReplace
drwxrwxr-x   3 travis travis  65536 Jul 21 18:24 StringSubstring
drwxrwxr-x   3 travis travis  24576 Jul 21 18:25 StringSubstring2
drwxrwxr-x   3 travis travis  16384 Jul 21 18:25 time1
drwxrwxr-x   3 travis travis  12288 Jul 21 18:26 time5
-rw-rw-r--   1 travis travis    432 Jul 21 18:27 Token.class
-rw-rw-r--   1 travis travis    251 Jul 21 18:27 Token.java
-rwxrwxr-x   1 travis travis 466992 Jul 21 18:18 top
-rw-rw-r--   1 travis travis  20502 Jul 21 18:18 top.c
-rw-rw-r--   1 travis travis   3799 Jul 21 18:26 top.class
-rw-rw-r--   1 travis travis   1257 Jul 21 18:26 top.mk
All Done
Writing ModularCG_A2_B1.java in file:/home/travis/cg/ (10667 characters)
Reading "ptolemy/cg/kernel/generic/program/procedural/java/modular/makefile.in",
    writing "/home/travis/cg/ModularCG_A2_B1.mk"
Using ptolemy/cg/kernel/generic/program/procedural/java/modular/makefile.in
In "/home/travis/cg", about to execute:
    make -f ModularCG_A2_B1.mk
javac -classpath ".:.."    ModularCG_A2_B1.java
All Done
In "/home/travis/cg", about to execute:
    pwd
/home/travis/cg
In "/home/travis/cg", about to execute:
    ls -l
total 1516
drwxrwxr-x   3 travis travis  12288 Jul 21 18:20 AbsoluteValue
drwxrwxr-x   3 travis travis 102400 Jul 21 18:19 AllColt
drwxrwxr-x   3 travis travis  12288 Jul 21 18:19 Case1
-rw-rw-r--   1 travis travis   5128 Jul 21 18:26 CompiledCompositeActor_CompiledCompositeActor.class
-rw-rw-r--   1 travis travis   1611 Jul 21 18:26 CompiledCompositeActor_CompiledCompositeActor$_CompiledCompositeActor_CompiledCompositeActor.class
-rw-rw-r--   1 travis travis  13466 Jul 21 18:26 CompiledCompositeActor_CompiledCompositeActor.java
-rw-rw-r--   1 travis travis   1593 Jul 21 18:26 CompiledCompositeActor_CompiledCompositeActor.mk
drwxrwxr-x   5 travis travis   4096 Jul 21 18:18 fmi
drwxrwxr-x   3 travis travis  16384 Jul 21 18:20 Gaussian2
-rw-rw-r--   1 travis travis   4684 Jul 21 18:26 JavaCompiledCompositeTest1_CompiledCompositeActor.class
-rw-rw-r--   1 travis travis  11637 Jul 21 18:26 JavaCompiledCompositeTest1_CompiledCompositeActor.java
-rw-rw-r--   1 travis travis   1217 Jul 21 18:26 JavaCompiledCompositeTest1_CompiledCompositeActor$_JavaCompiledCompositeTest1_CompiledCompositeActor.class
-rw-rw-r--   1 travis travis   1625 Jul 21 18:26 JavaCompiledCompositeTest1_CompiledCompositeActor.mk
-rw-rw-r--   1 travis travis   5115 Jul 21 18:26 JavaCompiledCompositeTest2_CompiledCompositeActor.class
-rw-rw-r--   1 travis travis  14919 Jul 21 18:26 JavaCompiledCompositeTest2_CompiledCompositeActor.java
-rw-rw-r--   1 travis travis   1812 Jul 21 18:26 JavaCompiledCompositeTest2_CompiledCompositeActor$_JavaCompiledCompositeTest2_CompiledCompositeActor.class
-rw-rw-r--   1 travis travis   1625 Jul 21 18:26 JavaCompiledCompositeTest2_CompiledCompositeActor.mk
-rw-rw-r--   1 travis travis   4732 Jul 21 18:26 JavaCompiledCompositeTest3_CompiledCompositeActor.class
-rw-rw-r--   1 travis travis  13080 Jul 21 18:26 JavaCompiledCompositeTest3_CompiledCompositeActor.java
-rw-rw-r--   1 travis travis   1397 Jul 21 18:26 JavaCompiledCompositeTest3_CompiledCompositeActor$_JavaCompiledCompositeTest3_CompiledCompositeActor.class
-rw-rw-r--   1 travis travis   1625 Jul 21 18:26 JavaCompiledCompositeTest3_CompiledCompositeActor.mk
-rw-rw-r--   1 travis travis   4183 Jul 21 18:26 JavaCompiledCompositeTest4_CompiledCompositeActor.class
-rw-rw-r--   1 travis travis   9687 Jul 21 18:26 JavaCompiledCompositeTest4_CompiledCompositeActor.java
-rw-rw-r--   1 travis travis    876 Jul 21 18:26 JavaCompiledCompositeTest4_CompiledCompositeActor$_JavaCompiledCompositeTest4_CompiledCompositeActor.class
-rw-rw-r--   1 travis travis   1625 Jul 21 18:26 JavaCompiledCompositeTest4_CompiledCompositeActor.mk
drwxrwxr-x   3 travis travis  12288 Jul 21 18:21 LookupTable
drwxrwxr-x   3 travis travis  20480 Jul 21 18:21 MaxIndex
-rw-rw-r--   1 travis travis   3925 Jul 21 18:26 ModularCG_A1_B1.class
-rw-rw-r--   1 travis travis   9730 Jul 21 18:26 ModularCG_A1_B1.java
-rw-rw-r--   1 travis travis    832 Jul 21 18:26 ModularCG_A1_B1.mk
-rw-rw-r--   1 travis travis   1318 Jul 21 18:26 ModularCG_A1_B1_profile.class
-rw-rw-r--   1 travis travis   1262 Jul 21 18:26 ModularCG_A1_B1_profile.java
-rw-rw-r--   1 travis travis   3925 Jul 21 18:27 ModularCG_A1_B2.class
-rw-rw-r--   1 travis travis   9730 Jul 21 18:27 ModularCG_A1_B2.java
-rw-rw-r--   1 travis travis    832 Jul 21 18:27 ModularCG_A1_B2.mk
-rw-rw-r--   1 travis travis   1318 Jul 21 18:27 ModularCG_A1_B2_profile.class
-rw-rw-r--   1 travis travis   1262 Jul 21 18:26 ModularCG_A1_B2_profile.java
-rw-rw-r--   1 travis travis   5031 Jul 21 18:27 ModularCG_A1.class
-rw-rw-r--   1 travis travis  14742 Jul 21 18:27 ModularCG_A1.java
-rw-rw-r--   1 travis travis    808 Jul 21 18:27 ModularCG_A1.mk
-rw-rw-r--   1 travis travis   1433 Jul 21 18:27 ModularCG_A1_profile.class
-rw-rw-r--   1 travis travis   1704 Jul 21 18:27 ModularCG_A1_profile.java
-rw-rw-r--   1 travis travis   4059 Jul 21 18:27 ModularCG_A2_B1.class
-rw-rw-r--   1 travis travis  10667 Jul 21 18:27 ModularCG_A2_B1.java
-rw-rw-r--   1 travis travis    832 Jul 21 18:27 ModularCG_A2_B1.mk
-rw-rw-r--   1 travis travis   1381 Jul 21 18:27 ModularCG_A2_B1_profile.class
-rw-rw-r--   1 travis travis   1446 Jul 21 18:27 ModularCG_A2_B1_profile.java
-rw-rw-r--   1 travis travis   1262 Jul 21 18:27 ModularCG_A2_B2_profile.java
-rw-rw-r--   1 travis travis   3724 Jul 21 18:26 ModularCodeGenTest_A1_A2.class
-rw-rw-r--   1 travis travis   9164 Jul 21 18:26 ModularCodeGenTest_A1_A2.java
-rw-rw-r--   1 travis travis   1306 Jul 21 18:26 ModularCodeGenTest_A1_A2_profile.class
-rw-rw-r--   1 travis travis   4055 Jul 21 18:26 ModularCodeGenTest_A1.class
-rw-rw-r--   1 travis travis   9968 Jul 21 18:26 ModularCodeGenTest_A1.java
-rw-rw-r--   1 travis travis    880 Jul 21 18:26 ModularCodeGenTest_A1.mk
-rw-rw-r--   1 travis travis   1352 Jul 21 18:26 ModularCodeGenTest_A1_profile.class
-rw-rw-r--   1 travis travis   1394 Jul 21 18:26 ModularCodeGenTest_A1_profile.java
drwxrwxr-x   3 travis travis  32768 Jul 21 18:26 modulation2
drwxrwxr-x 139 travis travis  12288 Jul 21 18:26 node_modules
drwxrwxr-x   3 travis travis  20480 Jul 21 18:21 PhaseUnwrap
drwxrwxr-x   3 travis travis  12288 Jul 21 18:22 ReadFile1
-rw-rw-r--   1 travis travis     11 Jul 21 18:21 ReadFile1Output.txt
-rw-rw-r--   1 travis travis  13773 Jul 21 18:26 Repeat.class
-rw-rw-r--   1 travis travis    685 Jul 21 18:26 Repeat$_fireFunction_Repeat_Repeat$__f_sL_11.class
-rw-rw-r--   1 travis travis    541 Jul 21 18:26 Repeat$_fireFunction_Repeat_Repeat$__f_sL_12.class
-rw-rw-r--   1 travis travis    541 Jul 21 18:26 Repeat$_fireFunction_Repeat_Repeat$__f_sL_13.class
-rw-rw-r--   1 travis travis    541 Jul 21 18:26 Repeat$_fireFunction_Repeat_Repeat$__f_sL_14.class
-rw-rw-r--   1 travis travis    684 Jul 21 18:26 Repeat$_fireFunction_Repeat_Repeat$__f_sL_1.class
-rw-rw-r--   1 travis travis    683 Jul 21 18:26 Repeat$_fireFunction_Repeat_Repeat$__f_sL_4.class
-rw-rw-r--   1 travis travis    539 Jul 21 18:26 Repeat$_fireFunction_Repeat_Repeat$__f_sL_9.class
-rw-rw-r--   1 travis travis    494 Jul 21 18:26 Repeat$_initialize_Repeat$__i_sL_2.class
-rw-rw-r--   1 travis travis   1281 Jul 21 18:26 Repeat.mk
-rw-rw-r--   1 travis travis    539 Jul 21 18:26 Repeat$_preinitializeMethod_Repeat$__p_sL_0.class
-rw-rw-r--   1 travis travis   1102 Jul 21 18:26 Repeat$_Repeat$_fireFunction_Repeat_AddSubtract_Repeat.class
-rw-rw-r--   1 travis travis    810 Jul 21 18:26 Repeat$_Repeat$_fireFunction_Repeat_AddSubtract_Repeat$__f_sL_0.class
-rw-rw-r--   1 travis travis    928 Jul 21 18:26 Repeat$_Repeat$_fireFunction_Repeat_AddSubtract_Repeat$__f_sL_1.class
-rw-rw-r--   1 travis travis    934 Jul 21 18:26 Repeat$_Repeat$_fireFunction_Repeat_AddSubtract_Repeat$__f_sL_2.class
-rw-rw-r--   1 travis travis    862 Jul 21 18:26 Repeat$_Repeat$_fireFunction_Repeat_AddSubtract_Repeat$__f_sL_3.class
-rw-rw-r--   1 travis travis    757 Jul 21 18:26 Repeat$_Repeat$_fireFunction_Repeat_Ramp2_Repeat$__f_sL_0.class
-rw-rw-r--   1 travis travis    888 Jul 21 18:26 Repeat$_Repeat$_fireFunction_Repeat_Test_Repeat$__f_sL_0.class
-rw-rw-r--   1 travis travis    634 Jul 21 18:26 Repeat$_Repeat$_fireFunction_Repeat_Test_Repeat$__f_sL_1.class
-rw-rw-r--   1 travis travis    704 Jul 21 18:26 Repeat$_Repeat_SDF_Director_run_Repeat$__R_sL_0.class
-rw-rw-r--   1 travis travis    705 Jul 21 18:26 Repeat$_Repeat_SDF_Director_run_Repeat$__R_sL_11.class
-rw-rw-r--   1 travis travis    561 Jul 21 18:26 Repeat$_Repeat_SDF_Director_run_Repeat$__R_sL_13.class
-rw-rw-r--   1 travis travis    559 Jul 21 18:26 Repeat$_Repeat_SDF_Director_run_Repeat$__R_sL_2.class
-rw-rw-r--   1 travis travis    703 Jul 21 18:26 Repeat$_Repeat_SDF_Director_run_Repeat$__R_sL_3.class
-rw-rw-r--   1 travis travis    559 Jul 21 18:26 Repeat$_Repeat_SDF_Director_run_Repeat$__R_sL_5.class
-rw-rw-r--   1 travis travis    559 Jul 21 18:26 Repeat$_Repeat_SDF_Director_run_Repeat$__R_sL_8.class
drwxrwxr-x   2 travis travis   4096 Jul 21 18:26 RepeatVariables
-rw-rw-r--   1 travis travis    882 Jul 21 18:26 Repeat$_varinit_Repeat.class
-rw-rw-r--   1 travis travis    550 Jul 21 18:26 Repeat$_varinit_Repeat$__v_sL_2.class
-rw-rw-r--   1 travis travis    924 Jul 21 18:26 Repeat$_varinit_Repeat$__v_sL_4.class
-rw-rw-r--   1 travis travis    978 Jul 21 18:26 Repeat$_wrapup_Repeat$__w_sL_1.class
drwxrwxr-x   3 travis travis  20480 Jul 21 18:22 Sinewave
drwxrwxr-x   3 travis travis  32768 Jul 21 18:23 StringFunction
drwxrwxr-x   3 travis travis  12288 Jul 21 18:24 StringLength
drwxrwxr-x   3 travis travis  61440 Jul 21 18:24 StringMatches2
drwxrwxr-x   3 travis travis  61440 Jul 21 18:24 StringSimpleReplace
drwxrwxr-x   3 travis travis  65536 Jul 21 18:24 StringSubstring
drwxrwxr-x   3 travis travis  24576 Jul 21 18:25 StringSubstring2
drwxrwxr-x   3 travis travis  16384 Jul 21 18:25 time1
drwxrwxr-x   3 travis travis  12288 Jul 21 18:26 time5
-rw-rw-r--   1 travis travis    432 Jul 21 18:27 Token.class
-rw-rw-r--   1 travis travis    251 Jul 21 18:27 Token.java
-rwxrwxr-x   1 travis travis 466992 Jul 21 18:18 top
-rw-rw-r--   1 travis travis  20502 Jul 21 18:18 top.c
-rw-rw-r--   1 travis travis   3799 Jul 21 18:26 top.class
-rw-rw-r--   1 travis travis   1257 Jul 21 18:26 top.mk
In "/home/travis/cg", about to execute:
    javac -classpath
.:/home/travis/build/icyphy/ptII:/home/travis/build/icyphy/ptII/lib/bsh-2.0b4.j
ar:/home/travis/build/icyphy/ptII/lib/ptCal.jar:/home/travis/build/icyphy/ptII/
lib/java_cup.jar:/home/travis/build/icyphy/ptII/lib/saxon8.jar:/home/travis/bui
ld/icyphy/ptII/lib/saxon8-dom.jar:/home/travis/build/icyphy/ptII/lib/chic.jar:/
home/travis/build/icyphy/ptII/lib/ptcolt.jar:/home/travis/build/icyphy/ptII/ven
dors/misc/itext/iText.jar:/home/travis/build/icyphy/ptII/lib/g4ltl.jar:/home/tr
avis/build/icyphy/ptII/lib/StructuralCoder.jar:/home/travis/build/icyphy/ptII/l
ib/jcerti.jar:/home/travis/build/icyphy/ptII/lib/javax.mail.jar:/home/travis/bu
ild/icyphy/ptII/vendors/JMF-2.1.1e/lib/jmf.jar:/home/travis/build/icyphy/ptII/l
ib/jna-4.0.0-variadic.jar:/home/travis/build/icyphy/ptII/vendors/misc/joystick/
Joystick.jar:/home/travis/build/icyphy/ptII/lib/ptjacl.jar:/home/travis/build/i
cyphy/ptII/lib/jsoup-1.8.2.jar:/home/travis/build/icyphy/ptII/lib/junit-4.8.2.j
ar:/home/travis/build/icyphy/ptII/lib/JUnitParams-0.4.0.jar:/home/travis/build/
icyphy/ptII/ptolemy/actor/lib/excel/jxl.jar:/home/travis/build/icyphy/ptII/lib/
jython.jar:/home/travis/build/icyphy/ptII/lib/kieler.jar:/home/travis/build/icy
phy/ptII/vendors/opencv/share/OpenCV/java/opencv-341.jar:/home/travis/build/icy
phy/ptII/lib/oscP5.jar:/home/travis/build/icyphy/ptII/lib/nrjavaserial-3.11.0.d
evel.jar:/home/travis/build/icyphy/ptII/vendors/j3d/lib/Linux/j3dcore.jar:/home
/travis/build/icyphy/ptII/vendors/j3d/lib/Linux/j3dutils.jar:/home/travis/build
/icyphy/ptII/vendors/j3d/lib/Linux/vecmath.jar:/home/travis/build/icyphy/ptII/v
endors/jogl/lib/Linux/gluegen-rt-natives-linux-amd64.jar:/home/travis/build/icy
phy/ptII/vendors/jogl/lib/Linux/gluegen-rt.jar:/home/travis/build/icyphy/ptII/v
endors/jogl/lib/Linux/jogl-all-natives-linux-amd64.jar:/home/travis/build/icyph
y/ptII/vendors/jogl/lib/Linux/jogl-all.jar:/home/travis/build/icyphy/ptII/ptole
my/distributed/jini/jar/jini-core.jar:/home/travis/build/icyphy/ptII/ptolemy/di
stributed/jini/jar/jini-ext.jar:/home/travis/build/icyphy/ptII/ptolemy/distribu
ted/jini/jar/sun-util.jar:/home/travis/build/icyphy/ptII/lib/protobuf-java-2.4.
1.jar:/home/travis/build/icyphy/ptII/lib/org.eclipse.paho.client.mqttv3.jar:/ho
me/travis/build/icyphy/ptII/lib/mapss.jar:/home/travis/build/icyphy/ptII/ptolem
y/actor/ptalon/antlr/antlr.jar:/home/travis/build/icyphy/ptII/lib/JRI.jar:/home
/travis/build/icyphy/ptII/lib/commons-lang-2.6.jar:/home/travis/build/icyphy/pt
II/lib/commons-logging-1.1.1.jar:/home/travis/build/icyphy/ptII/lib/sootclasses
.jar:/home/travis/build/icyphy/ptII/ptolemy/actor/lib/database/mysql-connector-
java-5.1.6-bin.jar:/home/travis/build/icyphy/ptII/vendors/misc/sphinx4/sphinx4-
data-5prealpha.jar:/home/travis/build/icyphy/ptII/vendors/misc/sphinx4/sphinx4-
core-5prealpha.jar:/home/travis/build/icyphy/ptII/lib/PDFRenderer.jar:/home/tra
vis/build/icyphy/ptII/lib/svgSalamander.jar:/home/travis/build/icyphy/ptII/lib/
rsyntaxtextarea-2.6.0-SNAPSHOT.jar:/home/travis/build/icyphy/ptII/lib/hazelcast
-3.8.2.jar:/home/travis/build/icyphy/ptII/lib/jackson-annotations-2.9.0.jar:/ho
me/travis/build/icyphy/ptII/lib/jackson-core-2.9.3.jar:/home/travis/build/icyph
y/ptII/lib/jackson-databind-2.9.3.jar:/home/travis/build/icyphy/ptII/lib/netty-
buffer-4.1.19.Final.jar:/home/travis/build/icyphy/ptII/lib/netty-codec-4.1.19.F
inal.jar:/home/travis/build/icyphy/ptII/lib/netty-codec-dns-4.1.19.Final.jar:/h
ome/travis/build/icyphy/ptII/lib/netty-codec-http-4.1.19.Final.jar:/home/travis
/build/icyphy/ptII/lib/netty-codec-http2-4.1.19.Final.jar:/home/travis/build/ic
yphy/ptII/lib/netty-common-4.1.19.Final.jar:/home/travis/build/icyphy/ptII/lib/
netty-handler-4.1.19.Final.jar:/home/travis/build/icyphy/ptII/lib/netty-resolve
r-4.1.19.Final.jar:/home/travis/build/icyphy/ptII/lib/netty-resolver-dns-4.1.19
.Final.jar:/home/travis/build/icyphy/ptII/lib/netty-transport-4.1.19.Final.jar:
/home/travis/build/icyphy/ptII/lib/vertx-codegen-3.5.1.jar:/home/travis/build/i
cyphy/ptII/lib/vertx-core-3.5.2-SNAPSHOT.jar:/home/travis/build/icyphy/ptII/lib
/vertx-hazelcast-3.5.1.jar:/home/travis/build/icyphy/ptII/lib/vertx-lang-js-3.5
.1.jar:/home/travis/build/icyphy/ptII/lib/vertx-service-proxy-3.5.1.jar:/home/t
ravis/build/icyphy/ptII/lib/vertx-web-3.5.1.jar:/home/travis/build/icyphy/ptII/
lib/slf4j-api-1.7.13.jar:/home/travis/build/icyphy/ptII/lib/slf4j-simple-1.7.13
.jar:/home/travis/build/icyphy/ptII/lib/webcam-capture-0.3.12.jar:/home/travis/
build/icyphy/ptII/lib/bridj-0.7.0.jar:/home/travis/build/icyphy/ptII/lib/xbjlib
-1.1.0.nrjavaserial.jar:/home/travis/build/icyphy/ptII/ptolemy/moml/test:/home/
travis/build/icyphy/ptII/ant/lib/ant-launcher.jar:/home/travis/build/icyphy/ptI
I/ant/lib/ant.jar:/home/travis/build/icyphy/ptII/ant/lib/ant-junit.jar:/home/tr
avis/build/icyphy/ptII/ant/lib/ant-junit4.jar:/home/travis/build/icyphy/ptII
ModularCG_A2_B2_profile.java
All Done
Writing ModularCG_A2_B2.java in file:/home/travis/cg/ (9730 characters)
Reading "ptolemy/cg/kernel/generic/program/procedural/java/modular/makefile.in",
    writing "/home/travis/cg/ModularCG_A2_B2.mk"
Using ptolemy/cg/kernel/generic/program/procedural/java/modular/makefile.in
In "/home/travis/cg", about to execute:
    make -f ModularCG_A2_B2.mk
javac -classpath ".:.."    ModularCG_A2_B2.java
All Done
In "/home/travis/cg", about to execute:
    pwd
/home/travis/cg
In "/home/travis/cg", about to execute:
    ls -l
total 1544
drwxrwxr-x   3 travis travis  12288 Jul 21 18:20 AbsoluteValue
drwxrwxr-x   3 travis travis 102400 Jul 21 18:19 AllColt
drwxrwxr-x   3 travis travis  12288 Jul 21 18:19 Case1
-rw-rw-r--   1 travis travis   5128 Jul 21 18:26 CompiledCompositeActor_CompiledCompositeActor.class
-rw-rw-r--   1 travis travis   1611 Jul 21 18:26 CompiledCompositeActor_CompiledCompositeActor$_CompiledCompositeActor_CompiledCompositeActor.class
-rw-rw-r--   1 travis travis  13466 Jul 21 18:26 CompiledCompositeActor_CompiledCompositeActor.java
-rw-rw-r--   1 travis travis   1593 Jul 21 18:26 CompiledCompositeActor_CompiledCompositeActor.mk
drwxrwxr-x   5 travis travis   4096 Jul 21 18:18 fmi
drwxrwxr-x   3 travis travis  16384 Jul 21 18:20 Gaussian2
-rw-rw-r--   1 travis travis   4684 Jul 21 18:26 JavaCompiledCompositeTest1_CompiledCompositeActor.class
-rw-rw-r--   1 travis travis  11637 Jul 21 18:26 JavaCompiledCompositeTest1_CompiledCompositeActor.java
-rw-rw-r--   1 travis travis   1217 Jul 21 18:26 JavaCompiledCompositeTest1_CompiledCompositeActor$_JavaCompiledCompositeTest1_CompiledCompositeActor.class
-rw-rw-r--   1 travis travis   1625 Jul 21 18:26 JavaCompiledCompositeTest1_CompiledCompositeActor.mk
-rw-rw-r--   1 travis travis   5115 Jul 21 18:26 JavaCompiledCompositeTest2_CompiledCompositeActor.class
-rw-rw-r--   1 travis travis  14919 Jul 21 18:26 JavaCompiledCompositeTest2_CompiledCompositeActor.java
-rw-rw-r--   1 travis travis   1812 Jul 21 18:26 JavaCompiledCompositeTest2_CompiledCompositeActor$_JavaCompiledCompositeTest2_CompiledCompositeActor.class
-rw-rw-r--   1 travis travis   1625 Jul 21 18:26 JavaCompiledCompositeTest2_CompiledCompositeActor.mk
-rw-rw-r--   1 travis travis   4732 Jul 21 18:26 JavaCompiledCompositeTest3_CompiledCompositeActor.class
-rw-rw-r--   1 travis travis  13080 Jul 21 18:26 JavaCompiledCompositeTest3_CompiledCompositeActor.java
-rw-rw-r--   1 travis travis   1397 Jul 21 18:26 JavaCompiledCompositeTest3_CompiledCompositeActor$_JavaCompiledCompositeTest3_CompiledCompositeActor.class
-rw-rw-r--   1 travis travis   1625 Jul 21 18:26 JavaCompiledCompositeTest3_CompiledCompositeActor.mk
-rw-rw-r--   1 travis travis   4183 Jul 21 18:26 JavaCompiledCompositeTest4_CompiledCompositeActor.class
-rw-rw-r--   1 travis travis   9687 Jul 21 18:26 JavaCompiledCompositeTest4_CompiledCompositeActor.java
-rw-rw-r--   1 travis travis    876 Jul 21 18:26 JavaCompiledCompositeTest4_CompiledCompositeActor$_JavaCompiledCompositeTest4_CompiledCompositeActor.class
-rw-rw-r--   1 travis travis   1625 Jul 21 18:26 JavaCompiledCompositeTest4_CompiledCompositeActor.mk
drwxrwxr-x   3 travis travis  12288 Jul 21 18:21 LookupTable
drwxrwxr-x   3 travis travis  20480 Jul 21 18:21 MaxIndex
-rw-rw-r--   1 travis travis   3925 Jul 21 18:26 ModularCG_A1_B1.class
-rw-rw-r--   1 travis travis   9730 Jul 21 18:26 ModularCG_A1_B1.java
-rw-rw-r--   1 travis travis    832 Jul 21 18:26 ModularCG_A1_B1.mk
-rw-rw-r--   1 travis travis   1318 Jul 21 18:26 ModularCG_A1_B1_profile.class
-rw-rw-r--   1 travis travis   1262 Jul 21 18:26 ModularCG_A1_B1_profile.java
-rw-rw-r--   1 travis travis   3925 Jul 21 18:27 ModularCG_A1_B2.class
-rw-rw-r--   1 travis travis   9730 Jul 21 18:27 ModularCG_A1_B2.java
-rw-rw-r--   1 travis travis    832 Jul 21 18:27 ModularCG_A1_B2.mk
-rw-rw-r--   1 travis travis   1318 Jul 21 18:27 ModularCG_A1_B2_profile.class
-rw-rw-r--   1 travis travis   1262 Jul 21 18:26 ModularCG_A1_B2_profile.java
-rw-rw-r--   1 travis travis   5031 Jul 21 18:27 ModularCG_A1.class
-rw-rw-r--   1 travis travis  14742 Jul 21 18:27 ModularCG_A1.java
-rw-rw-r--   1 travis travis    808 Jul 21 18:27 ModularCG_A1.mk
-rw-rw-r--   1 travis travis   1433 Jul 21 18:27 ModularCG_A1_profile.class
-rw-rw-r--   1 travis travis   1704 Jul 21 18:27 ModularCG_A1_profile.java
-rw-rw-r--   1 travis travis   4059 Jul 21 18:27 ModularCG_A2_B1.class
-rw-rw-r--   1 travis travis  10667 Jul 21 18:27 ModularCG_A2_B1.java
-rw-rw-r--   1 travis travis    832 Jul 21 18:27 ModularCG_A2_B1.mk
-rw-rw-r--   1 travis travis   1381 Jul 21 18:27 ModularCG_A2_B1_profile.class
-rw-rw-r--   1 travis travis   1446 Jul 21 18:27 ModularCG_A2_B1_profile.java
-rw-rw-r--   1 travis travis   3925 Jul 21 18:27 ModularCG_A2_B2.class
-rw-rw-r--   1 travis travis   9730 Jul 21 18:27 ModularCG_A2_B2.java
-rw-rw-r--   1 travis travis    832 Jul 21 18:27 ModularCG_A2_B2.mk
-rw-rw-r--   1 travis travis   1318 Jul 21 18:27 ModularCG_A2_B2_profile.class
-rw-rw-r--   1 travis travis   1262 Jul 21 18:27 ModularCG_A2_B2_profile.java
-rw-rw-r--   1 travis travis   1704 Jul 21 18:27 ModularCG_A2_profile.java
-rw-rw-r--   1 travis travis   3724 Jul 21 18:26 ModularCodeGenTest_A1_A2.class
-rw-rw-r--   1 travis travis   9164 Jul 21 18:26 ModularCodeGenTest_A1_A2.java
-rw-rw-r--   1 travis travis   1306 Jul 21 18:26 ModularCodeGenTest_A1_A2_profile.class
-rw-rw-r--   1 travis travis   4055 Jul 21 18:26 ModularCodeGenTest_A1.class
-rw-rw-r--   1 travis travis   9968 Jul 21 18:26 ModularCodeGenTest_A1.java
-rw-rw-r--   1 travis travis    880 Jul 21 18:26 ModularCodeGenTest_A1.mk
-rw-rw-r--   1 travis travis   1352 Jul 21 18:26 ModularCodeGenTest_A1_profile.class
-rw-rw-r--   1 travis travis   1394 Jul 21 18:26 ModularCodeGenTest_A1_profile.java
drwxrwxr-x   3 travis travis  32768 Jul 21 18:26 modulation2
drwxrwxr-x 139 travis travis  12288 Jul 21 18:26 node_modules
drwxrwxr-x   3 travis travis  20480 Jul 21 18:21 PhaseUnwrap
drwxrwxr-x   3 travis travis  12288 Jul 21 18:22 ReadFile1
-rw-rw-r--   1 travis travis     11 Jul 21 18:21 ReadFile1Output.txt
-rw-rw-r--   1 travis travis  13773 Jul 21 18:26 Repeat.class
-rw-rw-r--   1 travis travis    685 Jul 21 18:26 Repeat$_fireFunction_Repeat_Repeat$__f_sL_11.class
-rw-rw-r--   1 travis travis    541 Jul 21 18:26 Repeat$_fireFunction_Repeat_Repeat$__f_sL_12.class
-rw-rw-r--   1 travis travis    541 Jul 21 18:26 Repeat$_fireFunction_Repeat_Repeat$__f_sL_13.class
-rw-rw-r--   1 travis travis    541 Jul 21 18:26 Repeat$_fireFunction_Repeat_Repeat$__f_sL_14.class
-rw-rw-r--   1 travis travis    684 Jul 21 18:26 Repeat$_fireFunction_Repeat_Repeat$__f_sL_1.class
-rw-rw-r--   1 travis travis    683 Jul 21 18:26 Repeat$_fireFunction_Repeat_Repeat$__f_sL_4.class
-rw-rw-r--   1 travis travis    539 Jul 21 18:26 Repeat$_fireFunction_Repeat_Repeat$__f_sL_9.class
-rw-rw-r--   1 travis travis    494 Jul 21 18:26 Repeat$_initialize_Repeat$__i_sL_2.class
-rw-rw-r--   1 travis travis   1281 Jul 21 18:26 Repeat.mk
-rw-rw-r--   1 travis travis    539 Jul 21 18:26 Repeat$_preinitializeMethod_Repeat$__p_sL_0.class
-rw-rw-r--   1 travis travis   1102 Jul 21 18:26 Repeat$_Repeat$_fireFunction_Repeat_AddSubtract_Repeat.class
-rw-rw-r--   1 travis travis    810 Jul 21 18:26 Repeat$_Repeat$_fireFunction_Repeat_AddSubtract_Repeat$__f_sL_0.class
-rw-rw-r--   1 travis travis    928 Jul 21 18:26 Repeat$_Repeat$_fireFunction_Repeat_AddSubtract_Repeat$__f_sL_1.class
-rw-rw-r--   1 travis travis    934 Jul 21 18:26 Repeat$_Repeat$_fireFunction_Repeat_AddSubtract_Repeat$__f_sL_2.class
-rw-rw-r--   1 travis travis    862 Jul 21 18:26 Repeat$_Repeat$_fireFunction_Repeat_AddSubtract_Repeat$__f_sL_3.class
-rw-rw-r--   1 travis travis    757 Jul 21 18:26 Repeat$_Repeat$_fireFunction_Repeat_Ramp2_Repeat$__f_sL_0.class
-rw-rw-r--   1 travis travis    888 Jul 21 18:26 Repeat$_Repeat$_fireFunction_Repeat_Test_Repeat$__f_sL_0.class
-rw-rw-r--   1 travis travis    634 Jul 21 18:26 Repeat$_Repeat$_fireFunction_Repeat_Test_Repeat$__f_sL_1.class
-rw-rw-r--   1 travis travis    704 Jul 21 18:26 Repeat$_Repeat_SDF_Director_run_Repeat$__R_sL_0.class
-rw-rw-r--   1 travis travis    705 Jul 21 18:26 Repeat$_Repeat_SDF_Director_run_Repeat$__R_sL_11.class
-rw-rw-r--   1 travis travis    561 Jul 21 18:26 Repeat$_Repeat_SDF_Director_run_Repeat$__R_sL_13.class
-rw-rw-r--   1 travis travis    559 Jul 21 18:26 Repeat$_Repeat_SDF_Director_run_Repeat$__R_sL_2.class
-rw-rw-r--   1 travis travis    703 Jul 21 18:26 Repeat$_Repeat_SDF_Director_run_Repeat$__R_sL_3.class
-rw-rw-r--   1 travis travis    559 Jul 21 18:26 Repeat$_Repeat_SDF_Director_run_Repeat$__R_sL_5.class
-rw-rw-r--   1 travis travis    559 Jul 21 18:26 Repeat$_Repeat_SDF_Director_run_Repeat$__R_sL_8.class
drwxrwxr-x   2 travis travis   4096 Jul 21 18:26 RepeatVariables
-rw-rw-r--   1 travis travis    882 Jul 21 18:26 Repeat$_varinit_Repeat.class
-rw-rw-r--   1 travis travis    550 Jul 21 18:26 Repeat$_varinit_Repeat$__v_sL_2.class
-rw-rw-r--   1 travis travis    924 Jul 21 18:26 Repeat$_varinit_Repeat$__v_sL_4.class
-rw-rw-r--   1 travis travis    978 Jul 21 18:26 Repeat$_wrapup_Repeat$__w_sL_1.class
drwxrwxr-x   3 travis travis  20480 Jul 21 18:22 Sinewave
drwxrwxr-x   3 travis travis  32768 Jul 21 18:23 StringFunction
drwxrwxr-x   3 travis travis  12288 Jul 21 18:24 StringLength
drwxrwxr-x   3 travis travis  61440 Jul 21 18:24 StringMatches2
drwxrwxr-x   3 travis travis  61440 Jul 21 18:24 StringSimpleReplace
drwxrwxr-x   3 travis travis  65536 Jul 21 18:24 StringSubstring
drwxrwxr-x   3 travis travis  24576 Jul 21 18:25 StringSubstring2
drwxrwxr-x   3 travis travis  16384 Jul 21 18:25 time1
drwxrwxr-x   3 travis travis  12288 Jul 21 18:26 time5
-rw-rw-r--   1 travis travis    432 Jul 21 18:27 Token.class
-rw-rw-r--   1 travis travis    251 Jul 21 18:27 Token.java
-rwxrwxr-x   1 travis travis 466992 Jul 21 18:18 top
-rw-rw-r--   1 travis travis  20502 Jul 21 18:18 top.c
-rw-rw-r--   1 travis travis   3799 Jul 21 18:26 top.class
-rw-rw-r--   1 travis travis   1257 Jul 21 18:26 top.mk
In "/home/travis/cg", about to execute:
    javac -classpath
.:/home/travis/build/icyphy/ptII:/home/travis/build/icyphy/ptII/lib/bsh-2.0b4.j
ar:/home/travis/build/icyphy/ptII/lib/ptCal.jar:/home/travis/build/icyphy/ptII/
lib/java_cup.jar:/home/travis/build/icyphy/ptII/lib/saxon8.jar:/home/travis/bui
ld/icyphy/ptII/lib/saxon8-dom.jar:/home/travis/build/icyphy/ptII/lib/chic.jar:/
home/travis/build/icyphy/ptII/lib/ptcolt.jar:/home/travis/build/icyphy/ptII/ven
dors/misc/itext/iText.jar:/home/travis/build/icyphy/ptII/lib/g4ltl.jar:/home/tr
avis/build/icyphy/ptII/lib/StructuralCoder.jar:/home/travis/build/icyphy/ptII/l
ib/jcerti.jar:/home/travis/build/icyphy/ptII/lib/javax.mail.jar:/home/travis/bu
ild/icyphy/ptII/vendors/JMF-2.1.1e/lib/jmf.jar:/home/travis/build/icyphy/ptII/l
ib/jna-4.0.0-variadic.jar:/home/travis/build/icyphy/ptII/vendors/misc/joystick/
Joystick.jar:/home/travis/build/icyphy/ptII/lib/ptjacl.jar:/home/travis/build/i
cyphy/ptII/lib/jsoup-1.8.2.jar:/home/travis/build/icyphy/ptII/lib/junit-4.8.2.j
ar:/home/travis/build/icyphy/ptII/lib/JUnitParams-0.4.0.jar:/home/travis/build/
icyphy/ptII/ptolemy/actor/lib/excel/jxl.jar:/home/travis/build/icyphy/ptII/lib/
jython.jar:/home/travis/build/icyphy/ptII/lib/kieler.jar:/home/travis/build/icy
phy/ptII/vendors/opencv/share/OpenCV/java/opencv-341.jar:/home/travis/build/icy
phy/ptII/lib/oscP5.jar:/home/travis/build/icyphy/ptII/lib/nrjavaserial-3.11.0.d
evel.jar:/home/travis/build/icyphy/ptII/vendors/j3d/lib/Linux/j3dcore.jar:/home
/travis/build/icyphy/ptII/vendors/j3d/lib/Linux/j3dutils.jar:/home/travis/build
/icyphy/ptII/vendors/j3d/lib/Linux/vecmath.jar:/home/travis/build/icyphy/ptII/v
endors/jogl/lib/Linux/gluegen-rt-natives-linux-amd64.jar:/home/travis/build/icy
phy/ptII/vendors/jogl/lib/Linux/gluegen-rt.jar:/home/travis/build/icyphy/ptII/v
endors/jogl/lib/Linux/jogl-all-natives-linux-amd64.jar:/home/travis/build/icyph
y/ptII/vendors/jogl/lib/Linux/jogl-all.jar:/home/travis/build/icyphy/ptII/ptole
my/distributed/jini/jar/jini-core.jar:/home/travis/build/icyphy/ptII/ptolemy/di
stributed/jini/jar/jini-ext.jar:/home/travis/build/icyphy/ptII/ptolemy/distribu
ted/jini/jar/sun-util.jar:/home/travis/build/icyphy/ptII/lib/protobuf-java-2.4.
1.jar:/home/travis/build/icyphy/ptII/lib/org.eclipse.paho.client.mqttv3.jar:/ho
me/travis/build/icyphy/ptII/lib/mapss.jar:/home/travis/build/icyphy/ptII/ptolem
y/actor/ptalon/antlr/antlr.jar:/home/travis/build/icyphy/ptII/lib/JRI.jar:/home
/travis/build/icyphy/ptII/lib/commons-lang-2.6.jar:/home/travis/build/icyphy/pt
II/lib/commons-logging-1.1.1.jar:/home/travis/build/icyphy/ptII/lib/sootclasses
.jar:/home/travis/build/icyphy/ptII/ptolemy/actor/lib/database/mysql-connector-
java-5.1.6-bin.jar:/home/travis/build/icyphy/ptII/vendors/misc/sphinx4/sphinx4-
data-5prealpha.jar:/home/travis/build/icyphy/ptII/vendors/misc/sphinx4/sphinx4-
core-5prealpha.jar:/home/travis/build/icyphy/ptII/lib/PDFRenderer.jar:/home/tra
vis/build/icyphy/ptII/lib/svgSalamander.jar:/home/travis/build/icyphy/ptII/lib/
rsyntaxtextarea-2.6.0-SNAPSHOT.jar:/home/travis/build/icyphy/ptII/lib/hazelcast
-3.8.2.jar:/home/travis/build/icyphy/ptII/lib/jackson-annotations-2.9.0.jar:/ho
me/travis/build/icyphy/ptII/lib/jackson-core-2.9.3.jar:/home/travis/build/icyph
y/ptII/lib/jackson-databind-2.9.3.jar:/home/travis/build/icyphy/ptII/lib/netty-
buffer-4.1.19.Final.jar:/home/travis/build/icyphy/ptII/lib/netty-codec-4.1.19.F
inal.jar:/home/travis/build/icyphy/ptII/lib/netty-codec-dns-4.1.19.Final.jar:/h
ome/travis/build/icyphy/ptII/lib/netty-codec-http-4.1.19.Final.jar:/home/travis
/build/icyphy/ptII/lib/netty-codec-http2-4.1.19.Final.jar:/home/travis/build/ic
yphy/ptII/lib/netty-common-4.1.19.Final.jar:/home/travis/build/icyphy/ptII/lib/
netty-handler-4.1.19.Final.jar:/home/travis/build/icyphy/ptII/lib/netty-resolve
r-4.1.19.Final.jar:/home/travis/build/icyphy/ptII/lib/netty-resolver-dns-4.1.19
.Final.jar:/home/travis/build/icyphy/ptII/lib/netty-transport-4.1.19.Final.jar:
/home/travis/build/icyphy/ptII/lib/vertx-codegen-3.5.1.jar:/home/travis/build/i
cyphy/ptII/lib/vertx-core-3.5.2-SNAPSHOT.jar:/home/travis/build/icyphy/ptII/lib
/vertx-hazelcast-3.5.1.jar:/home/travis/build/icyphy/ptII/lib/vertx-lang-js-3.5
.1.jar:/home/travis/build/icyphy/ptII/lib/vertx-service-proxy-3.5.1.jar:/home/t
ravis/build/icyphy/ptII/lib/vertx-web-3.5.1.jar:/home/travis/build/icyphy/ptII/
lib/slf4j-api-1.7.13.jar:/home/travis/build/icyphy/ptII/lib/slf4j-simple-1.7.13
.jar:/home/travis/build/icyphy/ptII/lib/webcam-capture-0.3.12.jar:/home/travis/
build/icyphy/ptII/lib/bridj-0.7.0.jar:/home/travis/build/icyphy/ptII/lib/xbjlib
-1.1.0.nrjavaserial.jar:/home/travis/build/icyphy/ptII/ptolemy/moml/test:/home/
travis/build/icyphy/ptII/ant/lib/ant-launcher.jar:/home/travis/build/icyphy/ptI
I/ant/lib/ant.jar:/home/travis/build/icyphy/ptII/ant/lib/ant-junit.jar:/home/tr
avis/build/icyphy/ptII/ant/lib/ant-junit4.jar:/home/travis/build/icyphy/ptII
ModularCG_A2_profile.java
All Done
Writing ModularCG_A2.java in file:/home/travis/cg/ (15129 characters)
Reading "ptolemy/cg/kernel/generic/program/procedural/java/modular/makefile.in",
    writing "/home/travis/cg/ModularCG_A2.mk"
Using ptolemy/cg/kernel/generic/program/procedural/java/modular/makefile.in
In "/home/travis/cg", about to execute:
    make -f ModularCG_A2.mk
javac -classpath ".:.."    ModularCG_A2.java
All Done
Manager.initialize() finished: 22281 ms. Memory: 145408K Free: 46510K (32%)
22288 ms. Memory: 145408K Free: 46295K (32%)
----------------- Invoking toplevel() on ptolemy.moml.MoMLSimpleApplication@47303f62
----------------- Done invoking toplevel() on ptolemy.moml.MoMLSimpleApplication@47303f62
reloadAllAccessors: .ModularCG

===========================================================================================
----------------- testing Sun Jul 21 18:27:17 UTC 2019 /home/travis/build/icyphy/ptII/ptolemy/cg/lib/test/auto/ModularCGPubSub.xml
----------------- Instantiating /home/travis/build/icyphy/ptII/ptolemy/cg/lib/test/auto/ModularCGPubSub.xml
In "/home/travis/cg", about to execute:
    pwd
In "/home/travis/cg", about to execute:
    ls -l
/home/travis/cg
In "/home/travis/cg", about to execute:
    javac -classpath
.:/home/travis/build/icyphy/ptII:/home/travis/build/icyphy/ptII/lib/bsh-2.0b4.j
ar:/home/travis/build/icyphy/ptII/lib/ptCal.jar:/home/travis/build/icyphy/ptII/
lib/java_cup.jar:/home/travis/build/icyphy/ptII/lib/saxon8.jar:/home/travis/bui
ld/icyphy/ptII/lib/saxon8-dom.jar:/home/travis/build/icyphy/ptII/lib/chic.jar:/
home/travis/build/icyphy/ptII/lib/ptcolt.jar:/home/travis/build/icyphy/ptII/ven
dors/misc/itext/iText.jar:/home/travis/build/icyphy/ptII/lib/g4ltl.jar:/home/tr
avis/build/icyphy/ptII/lib/StructuralCoder.jar:/home/travis/build/icyphy/ptII/l
ib/jcerti.jar:/home/travis/build/icyphy/ptII/lib/javax.mail.jar:/home/travis/bu
ild/icyphy/ptII/vendors/JMF-2.1.1e/lib/jmf.jar:/home/travis/build/icyphy/ptII/l
ib/jna-4.0.0-variadic.jar:/home/travis/build/icyphy/ptII/vendors/misc/joystick/
Joystick.jar:/home/travis/build/icyphy/ptII/lib/ptjacl.jar:/home/travis/build/i
cyphy/ptII/lib/jsoup-1.8.2.jar:/home/travis/build/icyphy/ptII/lib/junit-4.8.2.j
ar:/home/travis/build/icyphy/ptII/lib/JUnitParams-0.4.0.jar:/home/travis/build/
icyphy/ptII/ptolemy/actor/lib/excel/jxl.jar:/home/travis/build/icyphy/ptII/lib/
jython.jar:/home/travis/build/icyphy/ptII/lib/kieler.jar:/home/travis/build/icy
phy/ptII/vendors/opencv/share/OpenCV/java/opencv-341.jar:/home/travis/build/icy
phy/ptII/lib/oscP5.jar:/home/travis/build/icyphy/ptII/lib/nrjavaserial-3.11.0.d
evel.jar:/home/travis/build/icyphy/ptII/vendors/j3d/lib/Linux/j3dcore.jar:/home
/travis/build/icyphy/ptII/vendors/j3d/lib/Linux/j3dutils.jar:/home/travis/build
/icyphy/ptII/vendors/j3d/lib/Linux/vecmath.jar:/home/travis/build/icyphy/ptII/v
endors/jogl/lib/Linux/gluegen-rt-natives-linux-amd64.jar:/home/travis/build/icy
phy/ptII/vendors/jogl/lib/Linux/gluegen-rt.jar:/home/travis/build/icyphy/ptII/v
endors/jogl/lib/Linux/jogl-all-natives-linux-amd64.jar:/home/travis/build/icyph
y/ptII/vendors/jogl/lib/Linux/jogl-all.jar:/home/travis/build/icyphy/ptII/ptole
my/distributed/jini/jar/jini-core.jar:/home/travis/build/icyphy/ptII/ptolemy/di
stributed/jini/jar/jini-ext.jar:/home/travis/build/icyphy/ptII/ptolemy/distribu
ted/jini/jar/sun-util.jar:/home/travis/build/icyphy/ptII/lib/protobuf-java-2.4.
1.jar:/home/travis/build/icyphy/ptII/lib/org.eclipse.paho.client.mqttv3.jar:/ho
me/travis/build/icyphy/ptII/lib/mapss.jar:/home/travis/build/icyphy/ptII/ptolem
y/actor/ptalon/antlr/antlr.jar:/home/travis/build/icyphy/ptII/lib/JRI.jar:/home
/travis/build/icyphy/ptII/lib/commons-lang-2.6.jar:/home/travis/build/icyphy/pt
II/lib/commons-logging-1.1.1.jar:/home/travis/build/icyphy/ptII/lib/sootclasses
.jar:/home/travis/build/icyphy/ptII/ptolemy/actor/lib/database/mysql-connector-
java-5.1.6-bin.jar:/home/travis/build/icyphy/ptII/vendors/misc/sphinx4/sphinx4-
data-5prealpha.jar:/home/travis/build/icyphy/ptII/vendors/misc/sphinx4/sphinx4-
core-5prealpha.jar:/home/travis/build/icyphy/ptII/lib/PDFRenderer.jar:/home/tra
vis/build/icyphy/ptII/lib/svgSalamander.jar:/home/travis/build/icyphy/ptII/lib/
rsyntaxtextarea-2.6.0-SNAPSHOT.jar:/home/travis/build/icyphy/ptII/lib/hazelcast
-3.8.2.jar:/home/travis/build/icyphy/ptII/lib/jackson-annotations-2.9.0.jar:/ho
me/travis/build/icyphy/ptII/lib/jackson-core-2.9.3.jar:/home/travis/build/icyph
y/ptII/lib/jackson-databind-2.9.3.jar:/home/travis/build/icyphy/ptII/lib/netty-
buffer-4.1.19.Final.jar:/home/travis/build/icyphy/ptII/lib/netty-codec-4.1.19.F
inal.jar:/home/travis/build/icyphy/ptII/lib/netty-codec-dns-4.1.19.Final.jar:/h
ome/travis/build/icyphy/ptII/lib/netty-codec-http-4.1.19.Final.jar:/home/travis
/build/icyphy/ptII/lib/netty-codec-http2-4.1.19.Final.jar:/home/travis/build/ic
yphy/ptII/lib/netty-common-4.1.19.Final.jar:/home/travis/build/icyphy/ptII/lib/
netty-handler-4.1.19.Final.jar:/home/travis/build/icyphy/ptII/lib/netty-resolve
r-4.1.19.Final.jar:/home/travis/build/icyphy/ptII/lib/netty-resolver-dns-4.1.19
.Final.jar:/home/travis/build/icyphy/ptII/lib/netty-transport-4.1.19.Final.jar:
/home/travis/build/icyphy/ptII/lib/vertx-codegen-3.5.1.jar:/home/travis/build/i
cyphy/ptII/lib/vertx-core-3.5.2-SNAPSHOT.jar:/home/travis/build/icyphy/ptII/lib
/vertx-hazelcast-3.5.1.jar:/home/travis/build/icyphy/ptII/lib/vertx-lang-js-3.5
.1.jar:/home/travis/build/icyphy/ptII/lib/vertx-service-proxy-3.5.1.jar:/home/t
ravis/build/icyphy/ptII/lib/vertx-web-3.5.1.jar:/home/travis/build/icyphy/ptII/
lib/slf4j-api-1.7.13.jar:/home/travis/build/icyphy/ptII/lib/slf4j-simple-1.7.13
.jar:/home/travis/build/icyphy/ptII/lib/webcam-capture-0.3.12.jar:/home/travis/
build/icyphy/ptII/lib/bridj-0.7.0.jar:/home/travis/build/icyphy/ptII/lib/xbjlib
-1.1.0.nrjavaserial.jar:/home/travis/build/icyphy/ptII/ptolemy/moml/test:/home/
travis/build/icyphy/ptII/ant/lib/ant-launcher.jar:/home/travis/build/icyphy/ptI
I/ant/lib/ant.jar:/home/travis/build/icyphy/ptII/ant/lib/ant-junit.jar:/home/tr
avis/build/icyphy/ptII/ant/lib/ant-junit4.jar:/home/travis/build/icyphy/ptII
ModularCGPubSub_A1_A2_profile.java
total 1580
drwxrwxr-x   3 travis travis  12288 Jul 21 18:20 AbsoluteValue
drwxrwxr-x   3 travis travis 102400 Jul 21 18:19 AllColt
drwxrwxr-x   3 travis travis  12288 Jul 21 18:19 Case1
-rw-rw-r--   1 travis travis   5128 Jul 21 18:26 CompiledCompositeActor_CompiledCompositeActor.class
-rw-rw-r--   1 travis travis   1611 Jul 21 18:26 CompiledCompositeActor_CompiledCompositeActor$_CompiledCompositeActor_CompiledCompositeActor.class
-rw-rw-r--   1 travis travis  13466 Jul 21 18:26 CompiledCompositeActor_CompiledCompositeActor.java
-rw-rw-r--   1 travis travis   1593 Jul 21 18:26 CompiledCompositeActor_CompiledCompositeActor.mk
drwxrwxr-x   5 travis travis   4096 Jul 21 18:18 fmi
drwxrwxr-x   3 travis travis  16384 Jul 21 18:20 Gaussian2
-rw-rw-r--   1 travis travis   4684 Jul 21 18:26 JavaCompiledCompositeTest1_CompiledCompositeActor.class
-rw-rw-r--   1 travis travis  11637 Jul 21 18:26 JavaCompiledCompositeTest1_CompiledCompositeActor.java
-rw-rw-r--   1 travis travis   1217 Jul 21 18:26 JavaCompiledCompositeTest1_CompiledCompositeActor$_JavaCompiledCompositeTest1_CompiledCompositeActor.class
-rw-rw-r--   1 travis travis   1625 Jul 21 18:26 JavaCompiledCompositeTest1_CompiledCompositeActor.mk
-rw-rw-r--   1 travis travis   5115 Jul 21 18:26 JavaCompiledCompositeTest2_CompiledCompositeActor.class
-rw-rw-r--   1 travis travis  14919 Jul 21 18:26 JavaCompiledCompositeTest2_CompiledCompositeActor.java
-rw-rw-r--   1 travis travis   1812 Jul 21 18:26 JavaCompiledCompositeTest2_CompiledCompositeActor$_JavaCompiledCompositeTest2_CompiledCompositeActor.class
-rw-rw-r--   1 travis travis   1625 Jul 21 18:26 JavaCompiledCompositeTest2_CompiledCompositeActor.mk
-rw-rw-r--   1 travis travis   4732 Jul 21 18:26 JavaCompiledCompositeTest3_CompiledCompositeActor.class
-rw-rw-r--   1 travis travis  13080 Jul 21 18:26 JavaCompiledCompositeTest3_CompiledCompositeActor.java
-rw-rw-r--   1 travis travis   1397 Jul 21 18:26 JavaCompiledCompositeTest3_CompiledCompositeActor$_JavaCompiledCompositeTest3_CompiledCompositeActor.class
-rw-rw-r--   1 travis travis   1625 Jul 21 18:26 JavaCompiledCompositeTest3_CompiledCompositeActor.mk
-rw-rw-r--   1 travis travis   4183 Jul 21 18:26 JavaCompiledCompositeTest4_CompiledCompositeActor.class
-rw-rw-r--   1 travis travis   9687 Jul 21 18:26 JavaCompiledCompositeTest4_CompiledCompositeActor.java
-rw-rw-r--   1 travis travis    876 Jul 21 18:26 JavaCompiledCompositeTest4_CompiledCompositeActor$_JavaCompiledCompositeTest4_CompiledCompositeActor.class
-rw-rw-r--   1 travis travis   1625 Jul 21 18:26 JavaCompiledCompositeTest4_CompiledCompositeActor.mk
drwxrwxr-x   3 travis travis  12288 Jul 21 18:21 LookupTable
drwxrwxr-x   3 travis travis  20480 Jul 21 18:21 MaxIndex
-rw-rw-r--   1 travis travis   3925 Jul 21 18:26 ModularCG_A1_B1.class
-rw-rw-r--   1 travis travis   9730 Jul 21 18:26 ModularCG_A1_B1.java
-rw-rw-r--   1 travis travis    832 Jul 21 18:26 ModularCG_A1_B1.mk
-rw-rw-r--   1 travis travis   1318 Jul 21 18:26 ModularCG_A1_B1_profile.class
-rw-rw-r--   1 travis travis   1262 Jul 21 18:26 ModularCG_A1_B1_profile.java
-rw-rw-r--   1 travis travis   3925 Jul 21 18:27 ModularCG_A1_B2.class
-rw-rw-r--   1 travis travis   9730 Jul 21 18:27 ModularCG_A1_B2.java
-rw-rw-r--   1 travis travis    832 Jul 21 18:27 ModularCG_A1_B2.mk
-rw-rw-r--   1 travis travis   1318 Jul 21 18:27 ModularCG_A1_B2_profile.class
-rw-rw-r--   1 travis travis   1262 Jul 21 18:26 ModularCG_A1_B2_profile.java
-rw-rw-r--   1 travis travis   5031 Jul 21 18:27 ModularCG_A1.class
-rw-rw-r--   1 travis travis  14742 Jul 21 18:27 ModularCG_A1.java
-rw-rw-r--   1 travis travis    808 Jul 21 18:27 ModularCG_A1.mk
-rw-rw-r--   1 travis travis   1433 Jul 21 18:27 ModularCG_A1_profile.class
-rw-rw-r--   1 travis travis   1704 Jul 21 18:27 ModularCG_A1_profile.java
-rw-rw-r--   1 travis travis   4059 Jul 21 18:27 ModularCG_A2_B1.class
-rw-rw-r--   1 travis travis  10667 Jul 21 18:27 ModularCG_A2_B1.java
-rw-rw-r--   1 travis travis    832 Jul 21 18:27 ModularCG_A2_B1.mk
-rw-rw-r--   1 travis travis   1381 Jul 21 18:27 ModularCG_A2_B1_profile.class
-rw-rw-r--   1 travis travis   1446 Jul 21 18:27 ModularCG_A2_B1_profile.java
-rw-rw-r--   1 travis travis   3925 Jul 21 18:27 ModularCG_A2_B2.class
-rw-rw-r--   1 travis travis   9730 Jul 21 18:27 ModularCG_A2_B2.java
-rw-rw-r--   1 travis travis    832 Jul 21 18:27 ModularCG_A2_B2.mk
-rw-rw-r--   1 travis travis   1318 Jul 21 18:27 ModularCG_A2_B2_profile.class
-rw-rw-r--   1 travis travis   1262 Jul 21 18:27 ModularCG_A2_B2_profile.java
-rw-rw-r--   1 travis travis   5102 Jul 21 18:27 ModularCG_A2.class
-rw-rw-r--   1 travis travis  15129 Jul 21 18:27 ModularCG_A2.java
-rw-rw-r--   1 travis travis    808 Jul 21 18:27 ModularCG_A2.mk
-rw-rw-r--   1 travis travis   1433 Jul 21 18:27 ModularCG_A2_profile.class
-rw-rw-r--   1 travis travis   1704 Jul 21 18:27 ModularCG_A2_profile.java
-rw-rw-r--   1 travis travis   1222 Jul 21 18:27 ModularCGPubSub_A1_A2_profile.java
-rw-rw-r--   1 travis travis   3724 Jul 21 18:26 ModularCodeGenTest_A1_A2.class
-rw-rw-r--   1 travis travis   9164 Jul 21 18:26 ModularCodeGenTest_A1_A2.java
-rw-rw-r--   1 travis travis   1306 Jul 21 18:26 ModularCodeGenTest_A1_A2_profile.class
-rw-rw-r--   1 travis travis   4055 Jul 21 18:26 ModularCodeGenTest_A1.class
-rw-rw-r--   1 travis travis   9968 Jul 21 18:26 ModularCodeGenTest_A1.java
-rw-rw-r--   1 travis travis    880 Jul 21 18:26 ModularCodeGenTest_A1.mk
-rw-rw-r--   1 travis travis   1352 Jul 21 18:26 ModularCodeGenTest_A1_profile.class
-rw-rw-r--   1 travis travis   1394 Jul 21 18:26 ModularCodeGenTest_A1_profile.java
drwxrwxr-x   3 travis travis  32768 Jul 21 18:26 modulation2
drwxrwxr-x 139 travis travis  12288 Jul 21 18:26 node_modules
drwxrwxr-x   3 travis travis  20480 Jul 21 18:21 PhaseUnwrap
drwxrwxr-x   3 travis travis  12288 Jul 21 18:22 ReadFile1
-rw-rw-r--   1 travis travis     11 Jul 21 18:21 ReadFile1Output.txt
-rw-rw-r--   1 travis travis  13773 Jul 21 18:26 Repeat.class
-rw-rw-r--   1 travis travis    685 Jul 21 18:26 Repeat$_fireFunction_Repeat_Repeat$__f_sL_11.class
-rw-rw-r--   1 travis travis    541 Jul 21 18:26 Repeat$_fireFunction_Repeat_Repeat$__f_sL_12.class
-rw-rw-r--   1 travis travis    541 Jul 21 18:26 Repeat$_fireFunction_Repeat_Repeat$__f_sL_13.class
-rw-rw-r--   1 travis travis    541 Jul 21 18:26 Repeat$_fireFunction_Repeat_Repeat$__f_sL_14.class
-rw-rw-r--   1 travis travis    684 Jul 21 18:26 Repeat$_fireFunction_Repeat_Repeat$__f_sL_1.class
-rw-rw-r--   1 travis travis    683 Jul 21 18:26 Repeat$_fireFunction_Repeat_Repeat$__f_sL_4.class
-rw-rw-r--   1 travis travis    539 Jul 21 18:26 Repeat$_fireFunction_Repeat_Repeat$__f_sL_9.class
-rw-rw-r--   1 travis travis    494 Jul 21 18:26 Repeat$_initialize_Repeat$__i_sL_2.class
-rw-rw-r--   1 travis travis   1281 Jul 21 18:26 Repeat.mk
-rw-rw-r--   1 travis travis    539 Jul 21 18:26 Repeat$_preinitializeMethod_Repeat$__p_sL_0.class
-rw-rw-r--   1 travis travis   1102 Jul 21 18:26 Repeat$_Repeat$_fireFunction_Repeat_AddSubtract_Repeat.class
-rw-rw-r--   1 travis travis    810 Jul 21 18:26 Repeat$_Repeat$_fireFunction_Repeat_AddSubtract_Repeat$__f_sL_0.class
-rw-rw-r--   1 travis travis    928 Jul 21 18:26 Repeat$_Repeat$_fireFunction_Repeat_AddSubtract_Repeat$__f_sL_1.class
-rw-rw-r--   1 travis travis    934 Jul 21 18:26 Repeat$_Repeat$_fireFunction_Repeat_AddSubtract_Repeat$__f_sL_2.class
-rw-rw-r--   1 travis travis    862 Jul 21 18:26 Repeat$_Repeat$_fireFunction_Repeat_AddSubtract_Repeat$__f_sL_3.class
-rw-rw-r--   1 travis travis    757 Jul 21 18:26 Repeat$_Repeat$_fireFunction_Repeat_Ramp2_Repeat$__f_sL_0.class
-rw-rw-r--   1 travis travis    888 Jul 21 18:26 Repeat$_Repeat$_fireFunction_Repeat_Test_Repeat$__f_sL_0.class
-rw-rw-r--   1 travis travis    634 Jul 21 18:26 Repeat$_Repeat$_fireFunction_Repeat_Test_Repeat$__f_sL_1.class
-rw-rw-r--   1 travis travis    704 Jul 21 18:26 Repeat$_Repeat_SDF_Director_run_Repeat$__R_sL_0.class
-rw-rw-r--   1 travis travis    705 Jul 21 18:26 Repeat$_Repeat_SDF_Director_run_Repeat$__R_sL_11.class
-rw-rw-r--   1 travis travis    561 Jul 21 18:26 Repeat$_Repeat_SDF_Director_run_Repeat$__R_sL_13.class
-rw-rw-r--   1 travis travis    559 Jul 21 18:26 Repeat$_Repeat_SDF_Director_run_Repeat$__R_sL_2.class
-rw-rw-r--   1 travis travis    703 Jul 21 18:26 Repeat$_Repeat_SDF_Director_run_Repeat$__R_sL_3.class
-rw-rw-r--   1 travis travis    559 Jul 21 18:26 Repeat$_Repeat_SDF_Director_run_Repeat$__R_sL_5.class
-rw-rw-r--   1 travis travis    559 Jul 21 18:26 Repeat$_Repeat_SDF_Director_run_Repeat$__R_sL_8.class
drwxrwxr-x   2 travis travis   4096 Jul 21 18:26 RepeatVariables
-rw-rw-r--   1 travis travis    882 Jul 21 18:26 Repeat$_varinit_Repeat.class
-rw-rw-r--   1 travis travis    550 Jul 21 18:26 Repeat$_varinit_Repeat$__v_sL_2.class
-rw-rw-r--   1 travis travis    924 Jul 21 18:26 Repeat$_varinit_Repeat$__v_sL_4.class
-rw-rw-r--   1 travis travis    978 Jul 21 18:26 Repeat$_wrapup_Repeat$__w_sL_1.class
drwxrwxr-x   3 travis travis  20480 Jul 21 18:22 Sinewave
drwxrwxr-x   3 travis travis  32768 Jul 21 18:23 StringFunction
drwxrwxr-x   3 travis travis  12288 Jul 21 18:24 StringLength
drwxrwxr-x   3 travis travis  61440 Jul 21 18:24 StringMatches2
drwxrwxr-x   3 travis travis  61440 Jul 21 18:24 StringSimpleReplace
drwxrwxr-x   3 travis travis  65536 Jul 21 18:24 StringSubstring
drwxrwxr-x   3 travis travis  24576 Jul 21 18:25 StringSubstring2
drwxrwxr-x   3 travis travis  16384 Jul 21 18:25 time1
drwxrwxr-x   3 travis travis  12288 Jul 21 18:26 time5
-rw-rw-r--   1 travis travis    432 Jul 21 18:27 Token.class
-rw-rw-r--   1 travis travis    251 Jul 21 18:27 Token.java
-rwxrwxr-x   1 travis travis 466992 Jul 21 18:18 top
-rw-rw-r--   1 travis travis  20502 Jul 21 18:18 top.c
-rw-rw-r--   1 travis travis   3799 Jul 21 18:26 top.class
-rw-rw-r--   1 travis travis   1257 Jul 21 18:26 top.mk
All Done
Writing ModularCGPubSub_A1_A2.java in file:/home/travis/cg/ (9076 characters)
Reading "ptolemy/cg/kernel/generic/program/procedural/java/modular/makefile.in",
    writing "/home/travis/cg/ModularCGPubSub_A1_A2.mk"
Using ptolemy/cg/kernel/generic/program/procedural/java/modular/makefile.in
In "/home/travis/cg", about to execute:
    make -f ModularCGPubSub_A1_A2.mk
javac -classpath ".:.."    ModularCGPubSub_A1_A2.java
All Done
In "/home/travis/cg", about to execute:
    pwd
In "/home/travis/cg", about to execute:
    ls -l
/home/travis/cg
In "/home/travis/cg", about to execute:
    javac -classpath
.:/home/travis/build/icyphy/ptII:/home/travis/build/icyphy/ptII/lib/bsh-2.0b4.j
ar:/home/travis/build/icyphy/ptII/lib/ptCal.jar:/home/travis/build/icyphy/ptII/
lib/java_cup.jar:/home/travis/build/icyphy/ptII/lib/saxon8.jar:/home/travis/bui
ld/icyphy/ptII/lib/saxon8-dom.jar:/home/travis/build/icyphy/ptII/lib/chic.jar:/
home/travis/build/icyphy/ptII/lib/ptcolt.jar:/home/travis/build/icyphy/ptII/ven
dors/misc/itext/iText.jar:/home/travis/build/icyphy/ptII/lib/g4ltl.jar:/home/tr
avis/build/icyphy/ptII/lib/StructuralCoder.jar:/home/travis/build/icyphy/ptII/l
ib/jcerti.jar:/home/travis/build/icyphy/ptII/lib/javax.mail.jar:/home/travis/bu
ild/icyphy/ptII/vendors/JMF-2.1.1e/lib/jmf.jar:/home/travis/build/icyphy/ptII/l
ib/jna-4.0.0-variadic.jar:/home/travis/build/icyphy/ptII/vendors/misc/joystick/
Joystick.jar:/home/travis/build/icyphy/ptII/lib/ptjacl.jar:/home/travis/build/i
cyphy/ptII/lib/jsoup-1.8.2.jar:/home/travis/build/icyphy/ptII/lib/junit-4.8.2.j
ar:/home/travis/build/icyphy/ptII/lib/JUnitParams-0.4.0.jar:/home/travis/build/
icyphy/ptII/ptolemy/actor/lib/excel/jxl.jar:/home/travis/build/icyphy/ptII/lib/
jython.jar:/home/travis/build/icyphy/ptII/lib/kieler.jar:/home/travis/build/icy
phy/ptII/vendors/opencv/share/OpenCV/java/opencv-341.jar:/home/travis/build/icy
phy/ptII/lib/oscP5.jar:/home/travis/build/icyphy/ptII/lib/nrjavaserial-3.11.0.d
evel.jar:/home/travis/build/icyphy/ptII/vendors/j3d/lib/Linux/j3dcore.jar:/home
/travis/build/icyphy/ptII/vendors/j3d/lib/Linux/j3dutils.jar:/home/travis/build
/icyphy/ptII/vendors/j3d/lib/Linux/vecmath.jar:/home/travis/build/icyphy/ptII/v
endors/jogl/lib/Linux/gluegen-rt-natives-linux-amd64.jar:/home/travis/build/icy
phy/ptII/vendors/jogl/lib/Linux/gluegen-rt.jar:/home/travis/build/icyphy/ptII/v
endors/jogl/lib/Linux/jogl-all-natives-linux-amd64.jar:/home/travis/build/icyph
y/ptII/vendors/jogl/lib/Linux/jogl-all.jar:/home/travis/build/icyphy/ptII/ptole
my/distributed/jini/jar/jini-core.jar:/home/travis/build/icyphy/ptII/ptolemy/di
stributed/jini/jar/jini-ext.jar:/home/travis/build/icyphy/ptII/ptolemy/distribu
ted/jini/jar/sun-util.jar:/home/travis/build/icyphy/ptII/lib/protobuf-java-2.4.
1.jar:/home/travis/build/icyphy/ptII/lib/org.eclipse.paho.client.mqttv3.jar:/ho
me/travis/build/icyphy/ptII/lib/mapss.jar:/home/travis/build/icyphy/ptII/ptolem
y/actor/ptalon/antlr/antlr.jar:/home/travis/build/icyphy/ptII/lib/JRI.jar:/home
/travis/build/icyphy/ptII/lib/commons-lang-2.6.jar:/home/travis/build/icyphy/pt
II/lib/commons-logging-1.1.1.jar:/home/travis/build/icyphy/ptII/lib/sootclasses
.jar:/home/travis/build/icyphy/ptII/ptolemy/actor/lib/database/mysql-connector-
java-5.1.6-bin.jar:/home/travis/build/icyphy/ptII/vendors/misc/sphinx4/sphinx4-
data-5prealpha.jar:/home/travis/build/icyphy/ptII/vendors/misc/sphinx4/sphinx4-
core-5prealpha.jar:/home/travis/build/icyphy/ptII/lib/PDFRenderer.jar:/home/tra
vis/build/icyphy/ptII/lib/svgSalamander.jar:/home/travis/build/icyphy/ptII/lib/
rsyntaxtextarea-2.6.0-SNAPSHOT.jar:/home/travis/build/icyphy/ptII/lib/hazelcast
-3.8.2.jar:/home/travis/build/icyphy/ptII/lib/jackson-annotations-2.9.0.jar:/ho
me/travis/build/icyphy/ptII/lib/jackson-core-2.9.3.jar:/home/travis/build/icyph
y/ptII/lib/jackson-databind-2.9.3.jar:/home/travis/build/icyphy/ptII/lib/netty-
buffer-4.1.19.Final.jar:/home/travis/build/icyphy/ptII/lib/netty-codec-4.1.19.F
inal.jar:/home/travis/build/icyphy/ptII/lib/netty-codec-dns-4.1.19.Final.jar:/h
ome/travis/build/icyphy/ptII/lib/netty-codec-http-4.1.19.Final.jar:/home/travis
/build/icyphy/ptII/lib/netty-codec-http2-4.1.19.Final.jar:/home/travis/build/ic
yphy/ptII/lib/netty-common-4.1.19.Final.jar:/home/travis/build/icyphy/ptII/lib/
netty-handler-4.1.19.Final.jar:/home/travis/build/icyphy/ptII/lib/netty-resolve
r-4.1.19.Final.jar:/home/travis/build/icyphy/ptII/lib/netty-resolver-dns-4.1.19
.Final.jar:/home/travis/build/icyphy/ptII/lib/netty-transport-4.1.19.Final.jar:
/home/travis/build/icyphy/ptII/lib/vertx-codegen-3.5.1.jar:/home/travis/build/i
cyphy/ptII/lib/vertx-core-3.5.2-SNAPSHOT.jar:/home/travis/build/icyphy/ptII/lib
/vertx-hazelcast-3.5.1.jar:/home/travis/build/icyphy/ptII/lib/vertx-lang-js-3.5
.1.jar:/home/travis/build/icyphy/ptII/lib/vertx-service-proxy-3.5.1.jar:/home/t
ravis/build/icyphy/ptII/lib/vertx-web-3.5.1.jar:/home/travis/build/icyphy/ptII/
lib/slf4j-api-1.7.13.jar:/home/travis/build/icyphy/ptII/lib/slf4j-simple-1.7.13
.jar:/home/travis/build/icyphy/ptII/lib/webcam-capture-0.3.12.jar:/home/travis/
build/icyphy/ptII/lib/bridj-0.7.0.jar:/home/travis/build/icyphy/ptII/lib/xbjlib
-1.1.0.nrjavaserial.jar:/home/travis/build/icyphy/ptII/ptolemy/moml/test:/home/
travis/build/icyphy/ptII/ant/lib/ant-launcher.jar:/home/travis/build/icyphy/ptI
I/ant/lib/ant.jar:/home/travis/build/icyphy/ptII/ant/lib/ant-junit.jar:/home/tr
avis/build/icyphy/ptII/ant/lib/ant-junit4.jar:/home/travis/build/icyphy/ptII
ModularCGPubSub_A1_profile.java
total 1608
drwxrwxr-x   3 travis travis  12288 Jul 21 18:20 AbsoluteValue
drwxrwxr-x   3 travis travis 102400 Jul 21 18:19 AllColt
drwxrwxr-x   3 travis travis  12288 Jul 21 18:19 Case1
-rw-rw-r--   1 travis travis   5128 Jul 21 18:26 CompiledCompositeActor_CompiledCompositeActor.class
-rw-rw-r--   1 travis travis   1611 Jul 21 18:26 CompiledCompositeActor_CompiledCompositeActor$_CompiledCompositeActor_CompiledCompositeActor.class
-rw-rw-r--   1 travis travis  13466 Jul 21 18:26 CompiledCompositeActor_CompiledCompositeActor.java
-rw-rw-r--   1 travis travis   1593 Jul 21 18:26 CompiledCompositeActor_CompiledCompositeActor.mk
drwxrwxr-x   5 travis travis   4096 Jul 21 18:18 fmi
drwxrwxr-x   3 travis travis  16384 Jul 21 18:20 Gaussian2
-rw-rw-r--   1 travis travis   4684 Jul 21 18:26 JavaCompiledCompositeTest1_CompiledCompositeActor.class
-rw-rw-r--   1 travis travis  11637 Jul 21 18:26 JavaCompiledCompositeTest1_CompiledCompositeActor.java
-rw-rw-r--   1 travis travis   1217 Jul 21 18:26 JavaCompiledCompositeTest1_CompiledCompositeActor$_JavaCompiledCompositeTest1_CompiledCompositeActor.class
-rw-rw-r--   1 travis travis   1625 Jul 21 18:26 JavaCompiledCompositeTest1_CompiledCompositeActor.mk
-rw-rw-r--   1 travis travis   5115 Jul 21 18:26 JavaCompiledCompositeTest2_CompiledCompositeActor.class
-rw-rw-r--   1 travis travis  14919 Jul 21 18:26 JavaCompiledCompositeTest2_CompiledCompositeActor.java
-rw-rw-r--   1 travis travis   1812 Jul 21 18:26 JavaCompiledCompositeTest2_CompiledCompositeActor$_JavaCompiledCompositeTest2_CompiledCompositeActor.class
-rw-rw-r--   1 travis travis   1625 Jul 21 18:26 JavaCompiledCompositeTest2_CompiledCompositeActor.mk
-rw-rw-r--   1 travis travis   4732 Jul 21 18:26 JavaCompiledCompositeTest3_CompiledCompositeActor.class
-rw-rw-r--   1 travis travis  13080 Jul 21 18:26 JavaCompiledCompositeTest3_CompiledCompositeActor.java
-rw-rw-r--   1 travis travis   1397 Jul 21 18:26 JavaCompiledCompositeTest3_CompiledCompositeActor$_JavaCompiledCompositeTest3_CompiledCompositeActor.class
-rw-rw-r--   1 travis travis   1625 Jul 21 18:26 JavaCompiledCompositeTest3_CompiledCompositeActor.mk
-rw-rw-r--   1 travis travis   4183 Jul 21 18:26 JavaCompiledCompositeTest4_CompiledCompositeActor.class
-rw-rw-r--   1 travis travis   9687 Jul 21 18:26 JavaCompiledCompositeTest4_CompiledCompositeActor.java
-rw-rw-r--   1 travis travis    876 Jul 21 18:26 JavaCompiledCompositeTest4_CompiledCompositeActor$_JavaCompiledCompositeTest4_CompiledCompositeActor.class
-rw-rw-r--   1 travis travis   1625 Jul 21 18:26 JavaCompiledCompositeTest4_CompiledCompositeActor.mk
drwxrwxr-x   3 travis travis  12288 Jul 21 18:21 LookupTable
drwxrwxr-x   3 travis travis  20480 Jul 21 18:21 MaxIndex
-rw-rw-r--   1 travis travis   3925 Jul 21 18:26 ModularCG_A1_B1.class
-rw-rw-r--   1 travis travis   9730 Jul 21 18:26 ModularCG_A1_B1.java
-rw-rw-r--   1 travis travis    832 Jul 21 18:26 ModularCG_A1_B1.mk
-rw-rw-r--   1 travis travis   1318 Jul 21 18:26 ModularCG_A1_B1_profile.class
-rw-rw-r--   1 travis travis   1262 Jul 21 18:26 ModularCG_A1_B1_profile.java
-rw-rw-r--   1 travis travis   3925 Jul 21 18:27 ModularCG_A1_B2.class
-rw-rw-r--   1 travis travis   9730 Jul 21 18:27 ModularCG_A1_B2.java
-rw-rw-r--   1 travis travis    832 Jul 21 18:27 ModularCG_A1_B2.mk
-rw-rw-r--   1 travis travis   1318 Jul 21 18:27 ModularCG_A1_B2_profile.class
-rw-rw-r--   1 travis travis   1262 Jul 21 18:26 ModularCG_A1_B2_profile.java
-rw-rw-r--   1 travis travis   5031 Jul 21 18:27 ModularCG_A1.class
-rw-rw-r--   1 travis travis  14742 Jul 21 18:27 ModularCG_A1.java
-rw-rw-r--   1 travis travis    808 Jul 21 18:27 ModularCG_A1.mk
-rw-rw-r--   1 travis travis   1433 Jul 21 18:27 ModularCG_A1_profile.class
-rw-rw-r--   1 travis travis   1704 Jul 21 18:27 ModularCG_A1_profile.java
-rw-rw-r--   1 travis travis   4059 Jul 21 18:27 ModularCG_A2_B1.class
-rw-rw-r--   1 travis travis  10667 Jul 21 18:27 ModularCG_A2_B1.java
-rw-rw-r--   1 travis travis    832 Jul 21 18:27 ModularCG_A2_B1.mk
-rw-rw-r--   1 travis travis   1381 Jul 21 18:27 ModularCG_A2_B1_profile.class
-rw-rw-r--   1 travis travis   1446 Jul 21 18:27 ModularCG_A2_B1_profile.java
-rw-rw-r--   1 travis travis   3925 Jul 21 18:27 ModularCG_A2_B2.class
-rw-rw-r--   1 travis travis   9730 Jul 21 18:27 ModularCG_A2_B2.java
-rw-rw-r--   1 travis travis    832 Jul 21 18:27 ModularCG_A2_B2.mk
-rw-rw-r--   1 travis travis   1318 Jul 21 18:27 ModularCG_A2_B2_profile.class
-rw-rw-r--   1 travis travis   1262 Jul 21 18:27 ModularCG_A2_B2_profile.java
-rw-rw-r--   1 travis travis   5102 Jul 21 18:27 ModularCG_A2.class
-rw-rw-r--   1 travis travis  15129 Jul 21 18:27 ModularCG_A2.java
-rw-rw-r--   1 travis travis    808 Jul 21 18:27 ModularCG_A2.mk
-rw-rw-r--   1 travis travis   1433 Jul 21 18:27 ModularCG_A2_profile.class
-rw-rw-r--   1 travis travis   1704 Jul 21 18:27 ModularCG_A2_profile.java
-rw-rw-r--   1 travis travis   3705 Jul 21 18:27 ModularCGPubSub_A1_A2.class
-rw-rw-r--   1 travis travis   9076 Jul 21 18:27 ModularCGPubSub_A1_A2.java
-rw-rw-r--   1 travis travis    880 Jul 21 18:27 ModularCGPubSub_A1_A2.mk
-rw-rw-r--   1 travis travis   1300 Jul 21 18:27 ModularCGPubSub_A1_A2_profile.class
-rw-rw-r--   1 travis travis   1222 Jul 21 18:27 ModularCGPubSub_A1_A2_profile.java
-rw-rw-r--   1 travis travis   1388 Jul 21 18:27 ModularCGPubSub_A1_profile.java
-rw-rw-r--   1 travis travis   3724 Jul 21 18:26 ModularCodeGenTest_A1_A2.class
-rw-rw-r--   1 travis travis   9164 Jul 21 18:26 ModularCodeGenTest_A1_A2.java
-rw-rw-r--   1 travis travis   1306 Jul 21 18:26 ModularCodeGenTest_A1_A2_profile.class
-rw-rw-r--   1 travis travis   4055 Jul 21 18:26 ModularCodeGenTest_A1.class
-rw-rw-r--   1 travis travis   9968 Jul 21 18:26 ModularCodeGenTest_A1.java
-rw-rw-r--   1 travis travis    880 Jul 21 18:26 ModularCodeGenTest_A1.mk
-rw-rw-r--   1 travis travis   1352 Jul 21 18:26 ModularCodeGenTest_A1_profile.class
-rw-rw-r--   1 travis travis   1394 Jul 21 18:26 ModularCodeGenTest_A1_profile.java
drwxrwxr-x   3 travis travis  32768 Jul 21 18:26 modulation2
drwxrwxr-x 139 travis travis  12288 Jul 21 18:26 node_modules
drwxrwxr-x   3 travis travis  20480 Jul 21 18:21 PhaseUnwrap
drwxrwxr-x   3 travis travis  12288 Jul 21 18:22 ReadFile1
-rw-rw-r--   1 travis travis     11 Jul 21 18:21 ReadFile1Output.txt
-rw-rw-r--   1 travis travis  13773 Jul 21 18:26 Repeat.class
-rw-rw-r--   1 travis travis    685 Jul 21 18:26 Repeat$_fireFunction_Repeat_Repeat$__f_sL_11.class
-rw-rw-r--   1 travis travis    541 Jul 21 18:26 Repeat$_fireFunction_Repeat_Repeat$__f_sL_12.class
-rw-rw-r--   1 travis travis    541 Jul 21 18:26 Repeat$_fireFunction_Repeat_Repeat$__f_sL_13.class
-rw-rw-r--   1 travis travis    541 Jul 21 18:26 Repeat$_fireFunction_Repeat_Repeat$__f_sL_14.class
-rw-rw-r--   1 travis travis    684 Jul 21 18:26 Repeat$_fireFunction_Repeat_Repeat$__f_sL_1.class
-rw-rw-r--   1 travis travis    683 Jul 21 18:26 Repeat$_fireFunction_Repeat_Repeat$__f_sL_4.class
-rw-rw-r--   1 travis travis    539 Jul 21 18:26 Repeat$_fireFunction_Repeat_Repeat$__f_sL_9.class
-rw-rw-r--   1 travis travis    494 Jul 21 18:26 Repeat$_initialize_Repeat$__i_sL_2.class
-rw-rw-r--   1 travis travis   1281 Jul 21 18:26 Repeat.mk
-rw-rw-r--   1 travis travis    539 Jul 21 18:26 Repeat$_preinitializeMethod_Repeat$__p_sL_0.class
-rw-rw-r--   1 travis travis   1102 Jul 21 18:26 Repeat$_Repeat$_fireFunction_Repeat_AddSubtract_Repeat.class
-rw-rw-r--   1 travis travis    810 Jul 21 18:26 Repeat$_Repeat$_fireFunction_Repeat_AddSubtract_Repeat$__f_sL_0.class
-rw-rw-r--   1 travis travis    928 Jul 21 18:26 Repeat$_Repeat$_fireFunction_Repeat_AddSubtract_Repeat$__f_sL_1.class
-rw-rw-r--   1 travis travis    934 Jul 21 18:26 Repeat$_Repeat$_fireFunction_Repeat_AddSubtract_Repeat$__f_sL_2.class
-rw-rw-r--   1 travis travis    862 Jul 21 18:26 Repeat$_Repeat$_fireFunction_Repeat_AddSubtract_Repeat$__f_sL_3.class
-rw-rw-r--   1 travis travis    757 Jul 21 18:26 Repeat$_Repeat$_fireFunction_Repeat_Ramp2_Repeat$__f_sL_0.class
-rw-rw-r--   1 travis travis    888 Jul 21 18:26 Repeat$_Repeat$_fireFunction_Repeat_Test_Repeat$__f_sL_0.class
-rw-rw-r--   1 travis travis    634 Jul 21 18:26 Repeat$_Repeat$_fireFunction_Repeat_Test_Repeat$__f_sL_1.class
-rw-rw-r--   1 travis travis    704 Jul 21 18:26 Repeat$_Repeat_SDF_Director_run_Repeat$__R_sL_0.class
-rw-rw-r--   1 travis travis    705 Jul 21 18:26 Repeat$_Repeat_SDF_Director_run_Repeat$__R_sL_11.class
-rw-rw-r--   1 travis travis    561 Jul 21 18:26 Repeat$_Repeat_SDF_Director_run_Repeat$__R_sL_13.class
-rw-rw-r--   1 travis travis    559 Jul 21 18:26 Repeat$_Repeat_SDF_Director_run_Repeat$__R_sL_2.class
-rw-rw-r--   1 travis travis    703 Jul 21 18:26 Repeat$_Repeat_SDF_Director_run_Repeat$__R_sL_3.class
-rw-rw-r--   1 travis travis    559 Jul 21 18:26 Repeat$_Repeat_SDF_Director_run_Repeat$__R_sL_5.class
-rw-rw-r--   1 travis travis    559 Jul 21 18:26 Repeat$_Repeat_SDF_Director_run_Repeat$__R_sL_8.class
drwxrwxr-x   2 travis travis   4096 Jul 21 18:26 RepeatVariables
-rw-rw-r--   1 travis travis    882 Jul 21 18:26 Repeat$_varinit_Repeat.class
-rw-rw-r--   1 travis travis    550 Jul 21 18:26 Repeat$_varinit_Repeat$__v_sL_2.class
-rw-rw-r--   1 travis travis    924 Jul 21 18:26 Repeat$_varinit_Repeat$__v_sL_4.class
-rw-rw-r--   1 travis travis    978 Jul 21 18:26 Repeat$_wrapup_Repeat$__w_sL_1.class
drwxrwxr-x   3 travis travis  20480 Jul 21 18:22 Sinewave
drwxrwxr-x   3 travis travis  32768 Jul 21 18:23 StringFunction
drwxrwxr-x   3 travis travis  12288 Jul 21 18:24 StringLength
drwxrwxr-x   3 travis travis  61440 Jul 21 18:24 StringMatches2
drwxrwxr-x   3 travis travis  61440 Jul 21 18:24 StringSimpleReplace
drwxrwxr-x   3 travis travis  65536 Jul 21 18:24 StringSubstring
drwxrwxr-x   3 travis travis  24576 Jul 21 18:25 StringSubstring2
drwxrwxr-x   3 travis travis  16384 Jul 21 18:25 time1
drwxrwxr-x   3 travis travis  12288 Jul 21 18:26 time5
-rw-rw-r--   1 travis travis    432 Jul 21 18:27 Token.class
-rw-rw-r--   1 travis travis    251 Jul 21 18:27 Token.java
-rwxrwxr-x   1 travis travis 466992 Jul 21 18:18 top
-rw-rw-r--   1 travis travis  20502 Jul 21 18:18 top.c
-rw-rw-r--   1 travis travis   3799 Jul 21 18:26 top.class
-rw-rw-r--   1 travis travis   1257 Jul 21 18:26 top.mk
All Done
Writing ModularCGPubSub_A1.java in file:/home/travis/cg/ (9836 characters)
Reading "ptolemy/cg/kernel/generic/program/procedural/java/modular/makefile.in",
    writing "/home/travis/cg/ModularCGPubSub_A1.mk"
Using ptolemy/cg/kernel/generic/program/procedural/java/modular/makefile.in
In "/home/travis/cg", about to execute:
    make -f ModularCGPubSub_A1.mk
javac -classpath ".:.."    ModularCGPubSub_A1.java
All Done
7209 ms. Memory: 145408K Free: 67895K (47%)
----------------- Invoking toplevel() on ptolemy.moml.MoMLSimpleApplication@25953ffc
----------------- Done invoking toplevel() on ptolemy.moml.MoMLSimpleApplication@25953ffc
reloadAllAccessors: .ModularCGPubSub

===========================================================================================
----------------- testing Sun Jul 21 18:27:24 UTC 2019 /home/travis/build/icyphy/ptII/ptolemy/cg/lib/test/auto/ModularCodeGen.xml
----------------- Instantiating /home/travis/build/icyphy/ptII/ptolemy/cg/lib/test/auto/ModularCodeGen.xml
In "/home/travis/cg", about to execute:
    pwd
In "/home/travis/cg", about to execute:
    ls -l
/home/travis/cg
In "/home/travis/cg", about to execute:
    javac -classpath
.:/home/travis/build/icyphy/ptII:/home/travis/build/icyphy/ptII/lib/bsh-2.0b4.j
ar:/home/travis/build/icyphy/ptII/lib/ptCal.jar:/home/travis/build/icyphy/ptII/
lib/java_cup.jar:/home/travis/build/icyphy/ptII/lib/saxon8.jar:/home/travis/bui
ld/icyphy/ptII/lib/saxon8-dom.jar:/home/travis/build/icyphy/ptII/lib/chic.jar:/
home/travis/build/icyphy/ptII/lib/ptcolt.jar:/home/travis/build/icyphy/ptII/ven
dors/misc/itext/iText.jar:/home/travis/build/icyphy/ptII/lib/g4ltl.jar:/home/tr
avis/build/icyphy/ptII/lib/StructuralCoder.jar:/home/travis/build/icyphy/ptII/l
ib/jcerti.jar:/home/travis/build/icyphy/ptII/lib/javax.mail.jar:/home/travis/bu
ild/icyphy/ptII/vendors/JMF-2.1.1e/lib/jmf.jar:/home/travis/build/icyphy/ptII/l
ib/jna-4.0.0-variadic.jar:/home/travis/build/icyphy/ptII/vendors/misc/joystick/
Joystick.jar:/home/travis/build/icyphy/ptII/lib/ptjacl.jar:/home/travis/build/i
cyphy/ptII/lib/jsoup-1.8.2.jar:/home/travis/build/icyphy/ptII/lib/junit-4.8.2.j
ar:/home/travis/build/icyphy/ptII/lib/JUnitParams-0.4.0.jar:/home/travis/build/
icyphy/ptII/ptolemy/actor/lib/excel/jxl.jar:/home/travis/build/icyphy/ptII/lib/
jython.jar:/home/travis/build/icyphy/ptII/lib/kieler.jar:/home/travis/build/icy
phy/ptII/vendors/opencv/share/OpenCV/java/opencv-341.jar:/home/travis/build/icy
phy/ptII/lib/oscP5.jar:/home/travis/build/icyphy/ptII/lib/nrjavaserial-3.11.0.d
evel.jar:/home/travis/build/icyphy/ptII/vendors/j3d/lib/Linux/j3dcore.jar:/home
/travis/build/icyphy/ptII/vendors/j3d/lib/Linux/j3dutils.jar:/home/travis/build
/icyphy/ptII/vendors/j3d/lib/Linux/vecmath.jar:/home/travis/build/icyphy/ptII/v
endors/jogl/lib/Linux/gluegen-rt-natives-linux-amd64.jar:/home/travis/build/icy
phy/ptII/vendors/jogl/lib/Linux/gluegen-rt.jar:/home/travis/build/icyphy/ptII/v
endors/jogl/lib/Linux/jogl-all-natives-linux-amd64.jar:/home/travis/build/icyph
y/ptII/vendors/jogl/lib/Linux/jogl-all.jar:/home/travis/build/icyphy/ptII/ptole
my/distributed/jini/jar/jini-core.jar:/home/travis/build/icyphy/ptII/ptolemy/di
stributed/jini/jar/jini-ext.jar:/home/travis/build/icyphy/ptII/ptolemy/distribu
ted/jini/jar/sun-util.jar:/home/travis/build/icyphy/ptII/lib/protobuf-java-2.4.
1.jar:/home/travis/build/icyphy/ptII/lib/org.eclipse.paho.client.mqttv3.jar:/ho
me/travis/build/icyphy/ptII/lib/mapss.jar:/home/travis/build/icyphy/ptII/ptolem
y/actor/ptalon/antlr/antlr.jar:/home/travis/build/icyphy/ptII/lib/JRI.jar:/home
/travis/build/icyphy/ptII/lib/commons-lang-2.6.jar:/home/travis/build/icyphy/pt
II/lib/commons-logging-1.1.1.jar:/home/travis/build/icyphy/ptII/lib/sootclasses
.jar:/home/travis/build/icyphy/ptII/ptolemy/actor/lib/database/mysql-connector-
java-5.1.6-bin.jar:/home/travis/build/icyphy/ptII/vendors/misc/sphinx4/sphinx4-
data-5prealpha.jar:/home/travis/build/icyphy/ptII/vendors/misc/sphinx4/sphinx4-
core-5prealpha.jar:/home/travis/build/icyphy/ptII/lib/PDFRenderer.jar:/home/tra
vis/build/icyphy/ptII/lib/svgSalamander.jar:/home/travis/build/icyphy/ptII/lib/
rsyntaxtextarea-2.6.0-SNAPSHOT.jar:/home/travis/build/icyphy/ptII/lib/hazelcast
-3.8.2.jar:/home/travis/build/icyphy/ptII/lib/jackson-annotations-2.9.0.jar:/ho
me/travis/build/icyphy/ptII/lib/jackson-core-2.9.3.jar:/home/travis/build/icyph
y/ptII/lib/jackson-databind-2.9.3.jar:/home/travis/build/icyphy/ptII/lib/netty-
buffer-4.1.19.Final.jar:/home/travis/build/icyphy/ptII/lib/netty-codec-4.1.19.F
inal.jar:/home/travis/build/icyphy/ptII/lib/netty-codec-dns-4.1.19.Final.jar:/h
ome/travis/build/icyphy/ptII/lib/netty-codec-http-4.1.19.Final.jar:/home/travis
/build/icyphy/ptII/lib/netty-codec-http2-4.1.19.Final.jar:/home/travis/build/ic
yphy/ptII/lib/netty-common-4.1.19.Final.jar:/home/travis/build/icyphy/ptII/lib/
netty-handler-4.1.19.Final.jar:/home/travis/build/icyphy/ptII/lib/netty-resolve
r-4.1.19.Final.jar:/home/travis/build/icyphy/ptII/lib/netty-resolver-dns-4.1.19
.Final.jar:/home/travis/build/icyphy/ptII/lib/netty-transport-4.1.19.Final.jar:
/home/travis/build/icyphy/ptII/lib/vertx-codegen-3.5.1.jar:/home/travis/build/i
cyphy/ptII/lib/vertx-core-3.5.2-SNAPSHOT.jar:/home/travis/build/icyphy/ptII/lib
/vertx-hazelcast-3.5.1.jar:/home/travis/build/icyphy/ptII/lib/vertx-lang-js-3.5
.1.jar:/home/travis/build/icyphy/ptII/lib/vertx-service-proxy-3.5.1.jar:/home/t
ravis/build/icyphy/ptII/lib/vertx-web-3.5.1.jar:/home/travis/build/icyphy/ptII/
lib/slf4j-api-1.7.13.jar:/home/travis/build/icyphy/ptII/lib/slf4j-simple-1.7.13
.jar:/home/travis/build/icyphy/ptII/lib/webcam-capture-0.3.12.jar:/home/travis/
build/icyphy/ptII/lib/bridj-0.7.0.jar:/home/travis/build/icyphy/ptII/lib/xbjlib
-1.1.0.nrjavaserial.jar:/home/travis/build/icyphy/ptII/ptolemy/moml/test:/home/
travis/build/icyphy/ptII/ant/lib/ant-launcher.jar:/home/travis/build/icyphy/ptI
I/ant/lib/ant.jar:/home/travis/build/icyphy/ptII/ant/lib/ant-junit.jar:/home/tr
avis/build/icyphy/ptII/ant/lib/ant-junit4.jar:/home/travis/build/icyphy/ptII
ModularCodeGen_ModularCodeGenTypedCompositeActor_profile.java
total 1636
drwxrwxr-x   3 travis travis  12288 Jul 21 18:20 AbsoluteValue
drwxrwxr-x   3 travis travis 102400 Jul 21 18:19 AllColt
drwxrwxr-x   3 travis travis  12288 Jul 21 18:19 Case1
-rw-rw-r--   1 travis travis   5128 Jul 21 18:26 CompiledCompositeActor_CompiledCompositeActor.class
-rw-rw-r--   1 travis travis   1611 Jul 21 18:26 CompiledCompositeActor_CompiledCompositeActor$_CompiledCompositeActor_CompiledCompositeActor.class
-rw-rw-r--   1 travis travis  13466 Jul 21 18:26 CompiledCompositeActor_CompiledCompositeActor.java
-rw-rw-r--   1 travis travis   1593 Jul 21 18:26 CompiledCompositeActor_CompiledCompositeActor.mk
drwxrwxr-x   5 travis travis   4096 Jul 21 18:18 fmi
drwxrwxr-x   3 travis travis  16384 Jul 21 18:20 Gaussian2
-rw-rw-r--   1 travis travis   4684 Jul 21 18:26 JavaCompiledCompositeTest1_CompiledCompositeActor.class
-rw-rw-r--   1 travis travis  11637 Jul 21 18:26 JavaCompiledCompositeTest1_CompiledCompositeActor.java
-rw-rw-r--   1 travis travis   1217 Jul 21 18:26 JavaCompiledCompositeTest1_CompiledCompositeActor$_JavaCompiledCompositeTest1_CompiledCompositeActor.class
-rw-rw-r--   1 travis travis   1625 Jul 21 18:26 JavaCompiledCompositeTest1_CompiledCompositeActor.mk
-rw-rw-r--   1 travis travis   5115 Jul 21 18:26 JavaCompiledCompositeTest2_CompiledCompositeActor.class
-rw-rw-r--   1 travis travis  14919 Jul 21 18:26 JavaCompiledCompositeTest2_CompiledCompositeActor.java
-rw-rw-r--   1 travis travis   1812 Jul 21 18:26 JavaCompiledCompositeTest2_CompiledCompositeActor$_JavaCompiledCompositeTest2_CompiledCompositeActor.class
-rw-rw-r--   1 travis travis   1625 Jul 21 18:26 JavaCompiledCompositeTest2_CompiledCompositeActor.mk
-rw-rw-r--   1 travis travis   4732 Jul 21 18:26 JavaCompiledCompositeTest3_CompiledCompositeActor.class
-rw-rw-r--   1 travis travis  13080 Jul 21 18:26 JavaCompiledCompositeTest3_CompiledCompositeActor.java
-rw-rw-r--   1 travis travis   1397 Jul 21 18:26 JavaCompiledCompositeTest3_CompiledCompositeActor$_JavaCompiledCompositeTest3_CompiledCompositeActor.class
-rw-rw-r--   1 travis travis   1625 Jul 21 18:26 JavaCompiledCompositeTest3_CompiledCompositeActor.mk
-rw-rw-r--   1 travis travis   4183 Jul 21 18:26 JavaCompiledCompositeTest4_CompiledCompositeActor.class
-rw-rw-r--   1 travis travis   9687 Jul 21 18:26 JavaCompiledCompositeTest4_CompiledCompositeActor.java
-rw-rw-r--   1 travis travis    876 Jul 21 18:26 JavaCompiledCompositeTest4_CompiledCompositeActor$_JavaCompiledCompositeTest4_CompiledCompositeActor.class
-rw-rw-r--   1 travis travis   1625 Jul 21 18:26 JavaCompiledCompositeTest4_CompiledCompositeActor.mk
drwxrwxr-x   3 travis travis  12288 Jul 21 18:21 LookupTable
drwxrwxr-x   3 travis travis  20480 Jul 21 18:21 MaxIndex
-rw-rw-r--   1 travis travis   3925 Jul 21 18:26 ModularCG_A1_B1.class
-rw-rw-r--   1 travis travis   9730 Jul 21 18:26 ModularCG_A1_B1.java
-rw-rw-r--   1 travis travis    832 Jul 21 18:26 ModularCG_A1_B1.mk
-rw-rw-r--   1 travis travis   1318 Jul 21 18:26 ModularCG_A1_B1_profile.class
-rw-rw-r--   1 travis travis   1262 Jul 21 18:26 ModularCG_A1_B1_profile.java
-rw-rw-r--   1 travis travis   3925 Jul 21 18:27 ModularCG_A1_B2.class
-rw-rw-r--   1 travis travis   9730 Jul 21 18:27 ModularCG_A1_B2.java
-rw-rw-r--   1 travis travis    832 Jul 21 18:27 ModularCG_A1_B2.mk
-rw-rw-r--   1 travis travis   1318 Jul 21 18:27 ModularCG_A1_B2_profile.class
-rw-rw-r--   1 travis travis   1262 Jul 21 18:26 ModularCG_A1_B2_profile.java
-rw-rw-r--   1 travis travis   5031 Jul 21 18:27 ModularCG_A1.class
-rw-rw-r--   1 travis travis  14742 Jul 21 18:27 ModularCG_A1.java
-rw-rw-r--   1 travis travis    808 Jul 21 18:27 ModularCG_A1.mk
-rw-rw-r--   1 travis travis   1433 Jul 21 18:27 ModularCG_A1_profile.class
-rw-rw-r--   1 travis travis   1704 Jul 21 18:27 ModularCG_A1_profile.java
-rw-rw-r--   1 travis travis   4059 Jul 21 18:27 ModularCG_A2_B1.class
-rw-rw-r--   1 travis travis  10667 Jul 21 18:27 ModularCG_A2_B1.java
-rw-rw-r--   1 travis travis    832 Jul 21 18:27 ModularCG_A2_B1.mk
-rw-rw-r--   1 travis travis   1381 Jul 21 18:27 ModularCG_A2_B1_profile.class
-rw-rw-r--   1 travis travis   1446 Jul 21 18:27 ModularCG_A2_B1_profile.java
-rw-rw-r--   1 travis travis   3925 Jul 21 18:27 ModularCG_A2_B2.class
-rw-rw-r--   1 travis travis   9730 Jul 21 18:27 ModularCG_A2_B2.java
-rw-rw-r--   1 travis travis    832 Jul 21 18:27 ModularCG_A2_B2.mk
-rw-rw-r--   1 travis travis   1318 Jul 21 18:27 ModularCG_A2_B2_profile.class
-rw-rw-r--   1 travis travis   1262 Jul 21 18:27 ModularCG_A2_B2_profile.java
-rw-rw-r--   1 travis travis   5102 Jul 21 18:27 ModularCG_A2.class
-rw-rw-r--   1 travis travis  15129 Jul 21 18:27 ModularCG_A2.java
-rw-rw-r--   1 travis travis    808 Jul 21 18:27 ModularCG_A2.mk
-rw-rw-r--   1 travis travis   1433 Jul 21 18:27 ModularCG_A2_profile.class
-rw-rw-r--   1 travis travis   1704 Jul 21 18:27 ModularCG_A2_profile.java
-rw-rw-r--   1 travis travis   3705 Jul 21 18:27 ModularCGPubSub_A1_A2.class
-rw-rw-r--   1 travis travis   9076 Jul 21 18:27 ModularCGPubSub_A1_A2.java
-rw-rw-r--   1 travis travis    880 Jul 21 18:27 ModularCGPubSub_A1_A2.mk
-rw-rw-r--   1 travis travis   1300 Jul 21 18:27 ModularCGPubSub_A1_A2_profile.class
-rw-rw-r--   1 travis travis   1222 Jul 21 18:27 ModularCGPubSub_A1_A2_profile.java
-rw-rw-r--   1 travis travis   4022 Jul 21 18:27 ModularCGPubSub_A1.class
-rw-rw-r--   1 travis travis   9836 Jul 21 18:27 ModularCGPubSub_A1.java
-rw-rw-r--   1 travis travis    856 Jul 21 18:27 ModularCGPubSub_A1.mk
-rw-rw-r--   1 travis travis   1346 Jul 21 18:27 ModularCGPubSub_A1_profile.class
-rw-rw-r--   1 travis travis   1388 Jul 21 18:27 ModularCGPubSub_A1_profile.java
-rw-rw-r--   1 travis travis   1328 Jul 21 18:27 ModularCodeGen_ModularCodeGenTypedCompositeActor_profile.java
-rw-rw-r--   1 travis travis   3724 Jul 21 18:26 ModularCodeGenTest_A1_A2.class
-rw-rw-r--   1 travis travis   9164 Jul 21 18:26 ModularCodeGenTest_A1_A2.java
-rw-rw-r--   1 travis travis   1306 Jul 21 18:26 ModularCodeGenTest_A1_A2_profile.class
-rw-rw-r--   1 travis travis   4055 Jul 21 18:26 ModularCodeGenTest_A1.class
-rw-rw-r--   1 travis travis   9968 Jul 21 18:26 ModularCodeGenTest_A1.java
-rw-rw-r--   1 travis travis    880 Jul 21 18:26 ModularCodeGenTest_A1.mk
-rw-rw-r--   1 travis travis   1352 Jul 21 18:26 ModularCodeGenTest_A1_profile.class
-rw-rw-r--   1 travis travis   1394 Jul 21 18:26 ModularCodeGenTest_A1_profile.java
drwxrwxr-x   3 travis travis  32768 Jul 21 18:26 modulation2
drwxrwxr-x 139 travis travis  12288 Jul 21 18:26 node_modules
drwxrwxr-x   3 travis travis  20480 Jul 21 18:21 PhaseUnwrap
drwxrwxr-x   3 travis travis  12288 Jul 21 18:22 ReadFile1
-rw-rw-r--   1 travis travis     11 Jul 21 18:21 ReadFile1Output.txt
-rw-rw-r--   1 travis travis  13773 Jul 21 18:26 Repeat.class
-rw-rw-r--   1 travis travis    685 Jul 21 18:26 Repeat$_fireFunction_Repeat_Repeat$__f_sL_11.class
-rw-rw-r--   1 travis travis    541 Jul 21 18:26 Repeat$_fireFunction_Repeat_Repeat$__f_sL_12.class
-rw-rw-r--   1 travis travis    541 Jul 21 18:26 Repeat$_fireFunction_Repeat_Repeat$__f_sL_13.class
-rw-rw-r--   1 travis travis    541 Jul 21 18:26 Repeat$_fireFunction_Repeat_Repeat$__f_sL_14.class
-rw-rw-r--   1 travis travis    684 Jul 21 18:26 Repeat$_fireFunction_Repeat_Repeat$__f_sL_1.class
-rw-rw-r--   1 travis travis    683 Jul 21 18:26 Repeat$_fireFunction_Repeat_Repeat$__f_sL_4.class
-rw-rw-r--   1 travis travis    539 Jul 21 18:26 Repeat$_fireFunction_Repeat_Repeat$__f_sL_9.class
-rw-rw-r--   1 travis travis    494 Jul 21 18:26 Repeat$_initialize_Repeat$__i_sL_2.class
-rw-rw-r--   1 travis travis   1281 Jul 21 18:26 Repeat.mk
-rw-rw-r--   1 travis travis    539 Jul 21 18:26 Repeat$_preinitializeMethod_Repeat$__p_sL_0.class
-rw-rw-r--   1 travis travis   1102 Jul 21 18:26 Repeat$_Repeat$_fireFunction_Repeat_AddSubtract_Repeat.class
-rw-rw-r--   1 travis travis    810 Jul 21 18:26 Repeat$_Repeat$_fireFunction_Repeat_AddSubtract_Repeat$__f_sL_0.class
-rw-rw-r--   1 travis travis    928 Jul 21 18:26 Repeat$_Repeat$_fireFunction_Repeat_AddSubtract_Repeat$__f_sL_1.class
-rw-rw-r--   1 travis travis    934 Jul 21 18:26 Repeat$_Repeat$_fireFunction_Repeat_AddSubtract_Repeat$__f_sL_2.class
-rw-rw-r--   1 travis travis    862 Jul 21 18:26 Repeat$_Repeat$_fireFunction_Repeat_AddSubtract_Repeat$__f_sL_3.class
-rw-rw-r--   1 travis travis    757 Jul 21 18:26 Repeat$_Repeat$_fireFunction_Repeat_Ramp2_Repeat$__f_sL_0.class
-rw-rw-r--   1 travis travis    888 Jul 21 18:26 Repeat$_Repeat$_fireFunction_Repeat_Test_Repeat$__f_sL_0.class
-rw-rw-r--   1 travis travis    634 Jul 21 18:26 Repeat$_Repeat$_fireFunction_Repeat_Test_Repeat$__f_sL_1.class
-rw-rw-r--   1 travis travis    704 Jul 21 18:26 Repeat$_Repeat_SDF_Director_run_Repeat$__R_sL_0.class
-rw-rw-r--   1 travis travis    705 Jul 21 18:26 Repeat$_Repeat_SDF_Director_run_Repeat$__R_sL_11.class
-rw-rw-r--   1 travis travis    561 Jul 21 18:26 Repeat$_Repeat_SDF_Director_run_Repeat$__R_sL_13.class
-rw-rw-r--   1 travis travis    559 Jul 21 18:26 Repeat$_Repeat_SDF_Director_run_Repeat$__R_sL_2.class
-rw-rw-r--   1 travis travis    703 Jul 21 18:26 Repeat$_Repeat_SDF_Director_run_Repeat$__R_sL_3.class
-rw-rw-r--   1 travis travis    559 Jul 21 18:26 Repeat$_Repeat_SDF_Director_run_Repeat$__R_sL_5.class
-rw-rw-r--   1 travis travis    559 Jul 21 18:26 Repeat$_Repeat_SDF_Director_run_Repeat$__R_sL_8.class
drwxrwxr-x   2 travis travis   4096 Jul 21 18:26 RepeatVariables
-rw-rw-r--   1 travis travis    882 Jul 21 18:26 Repeat$_varinit_Repeat.class
-rw-rw-r--   1 travis travis    550 Jul 21 18:26 Repeat$_varinit_Repeat$__v_sL_2.class
-rw-rw-r--   1 travis travis    924 Jul 21 18:26 Repeat$_varinit_Repeat$__v_sL_4.class
-rw-rw-r--   1 travis travis    978 Jul 21 18:26 Repeat$_wrapup_Repeat$__w_sL_1.class
drwxrwxr-x   3 travis travis  20480 Jul 21 18:22 Sinewave
drwxrwxr-x   3 travis travis  32768 Jul 21 18:23 StringFunction
drwxrwxr-x   3 travis travis  12288 Jul 21 18:24 StringLength
drwxrwxr-x   3 travis travis  61440 Jul 21 18:24 StringMatches2
drwxrwxr-x   3 travis travis  61440 Jul 21 18:24 StringSimpleReplace
drwxrwxr-x   3 travis travis  65536 Jul 21 18:24 StringSubstring
drwxrwxr-x   3 travis travis  24576 Jul 21 18:25 StringSubstring2
drwxrwxr-x   3 travis travis  16384 Jul 21 18:25 time1
drwxrwxr-x   3 travis travis  12288 Jul 21 18:26 time5
-rw-rw-r--   1 travis travis    432 Jul 21 18:27 Token.class
-rw-rw-r--   1 travis travis    251 Jul 21 18:27 Token.java
-rwxrwxr-x   1 travis travis 466992 Jul 21 18:18 top
-rw-rw-r--   1 travis travis  20502 Jul 21 18:18 top.c
-rw-rw-r--   1 travis travis   3799 Jul 21 18:26 top.class
-rw-rw-r--   1 travis travis   1257 Jul 21 18:26 top.mk
All Done
Writing ModularCodeGen_ModularCodeGenTypedCompositeActor.java in file:/home/travis/cg/ (10970 characters)
Reading "ptolemy/cg/kernel/generic/program/procedural/java/modular/makefile.in",
    writing "/home/travis/cg/ModularCodeGen_ModularCodeGenTypedCompositeActor.mk"
Using ptolemy/cg/kernel/generic/program/procedural/java/modular/makefile.in
In "/home/travis/cg", about to execute:
    make -f ModularCodeGen_ModularCodeGenTypedCompositeActor.mk
javac -classpath ".:.."    ModularCodeGen_ModularCodeGenTypedCompositeActor.java
All Done
3217 ms. Memory: 145408K Free: 43993K (30%)
----------------- Invoking toplevel() on ptolemy.moml.MoMLSimpleApplication@a91381f
----------------- Done invoking toplevel() on ptolemy.moml.MoMLSimpleApplication@a91381f
reloadAllAccessors: .ModularCodeGen

===========================================================================================
----------------- testing Sun Jul 21 18:27:27 UTC 2019 /home/travis/build/icyphy/ptII/ptolemy/cg/lib/test/auto/ModularCodeGen2.xml
----------------- Instantiating /home/travis/build/icyphy/ptII/ptolemy/cg/lib/test/auto/ModularCodeGen2.xml
In "/home/travis/cg", about to execute:
    pwd
In "/home/travis/cg", about to execute:
/home/travis/cg
    ls -l
In "/home/travis/cg", about to execute:
total 1668
drwxrwxr-x   3 travis travis  12288 Jul 21 18:20 AbsoluteValue
drwxrwxr-x   3 travis travis 102400 Jul 21 18:19 AllColt
drwxrwxr-x   3 travis travis  12288 Jul 21 18:19 Case1
-rw-rw-r--   1 travis travis   5128 Jul 21 18:26 CompiledCompositeActor_CompiledCompositeActor.class
-rw-rw-r--   1 travis travis   1611 Jul 21 18:26 CompiledCompositeActor_CompiledCompositeActor$_CompiledCompositeActor_CompiledCompositeActor.class
-rw-rw-r--   1 travis travis  13466 Jul 21 18:26 CompiledCompositeActor_CompiledCompositeActor.java
-rw-rw-r--   1 travis travis   1593 Jul 21 18:26 CompiledCompositeActor_CompiledCompositeActor.mk
drwxrwxr-x   5 travis travis   4096 Jul 21 18:18 fmi
drwxrwxr-x   3 travis travis  16384 Jul 21 18:20 Gaussian2
-rw-rw-r--   1 travis travis   4684 Jul 21 18:26 JavaCompiledCompositeTest1_CompiledCompositeActor.class
-rw-rw-r--   1 travis travis  11637 Jul 21 18:26 JavaCompiledCompositeTest1_CompiledCompositeActor.java
-rw-rw-r--   1 travis travis   1217 Jul 21 18:26 JavaCompiledCompositeTest1_CompiledCompositeActor$_JavaCompiledCompositeTest1_CompiledCompositeActor.class
-rw-rw-r--   1 travis travis   1625 Jul 21 18:26 JavaCompiledCompositeTest1_CompiledCompositeActor.mk
-rw-rw-r--   1 travis travis   5115 Jul 21 18:26 JavaCompiledCompositeTest2_CompiledCompositeActor.class
-rw-rw-r--   1 travis travis  14919 Jul 21 18:26 JavaCompiledCompositeTest2_CompiledCompositeActor.java
-rw-rw-r--   1 travis travis   1812 Jul 21 18:26 JavaCompiledCompositeTest2_CompiledCompositeActor$_JavaCompiledCompositeTest2_CompiledCompositeActor.class
-rw-rw-r--   1 travis travis   1625 Jul 21 18:26 JavaCompiledCompositeTest2_CompiledCompositeActor.mk
-rw-rw-r--   1 travis travis   4732 Jul 21 18:26 JavaCompiledCompositeTest3_CompiledCompositeActor.class
-rw-rw-r--   1 travis travis  13080 Jul 21 18:26 JavaCompiledCompositeTest3_CompiledCompositeActor.java
    javac -classpath
.:/home/travis/build/icyphy/ptII:/home/travis/build/icyphy/ptII/lib/bsh-2.0b4.j
ar:/home/travis/build/icyphy/ptII/lib/ptCal.jar:/home/travis/build/icyphy/ptII/
lib/java_cup.jar:/home/travis/build/icyphy/ptII/lib/saxon8.jar:/home/travis/bui
ld/icyphy/ptII/lib/saxon8-dom.jar:/home/travis/build/icyphy/ptII/lib/chic.jar:/
home/travis/build/icyphy/ptII/lib/ptcolt.jar:/home/travis/build/icyphy/ptII/ven
dors/misc/itext/iText.jar:/home/travis/build/icyphy/ptII/lib/g4ltl.jar:/home/tr
avis/build/icyphy/ptII/lib/StructuralCoder.jar:/home/travis/build/icyphy/ptII/l
ib/jcerti.jar:/home/travis/build/icyphy/ptII/lib/javax.mail.jar:/home/travis/bu
ild/icyphy/ptII/vendors/JMF-2.1.1e/lib/jmf.jar:/home/travis/build/icyphy/ptII/l
ib/jna-4.0.0-variadic.jar:/home/travis/build/icyphy/ptII/vendors/misc/joystick/
Joystick.jar:/home/travis/build/icyphy/ptII/lib/ptjacl.jar:/home/travis/build/i
cyphy/ptII/lib/jsoup-1.8.2.jar:/home/travis/build/icyphy/ptII/lib/junit-4.8.2.j
ar:/home/travis/build/icyphy/ptII/lib/JUnitParams-0.4.0.jar:/home/travis/build/
icyphy/ptII/ptolemy/actor/lib/excel/jxl.jar:/home/travis/build/icyphy/ptII/lib/
jython.jar:/home/travis/build/icyphy/ptII/lib/kieler.jar:/home/travis/build/icy
phy/ptII/vendors/opencv/share/OpenCV/java/opencv-341.jar:/home/travis/build/icy
phy/ptII/lib/oscP5.jar:/home/travis/build/icyphy/ptII/lib/nrjavaserial-3.11.0.d
evel.jar:/home/travis/build/icyphy/ptII/vendors/j3d/lib/Linux/j3dcore.jar:/home
/travis/build/icyphy/ptII/vendors/j3d/lib/Linux/j3dutils.jar:/home/travis/build
/icyphy/ptII/vendors/j3d/lib/Linux/vecmath.jar:/home/travis/build/icyphy/ptII/v
endors/jogl/lib/Linux/gluegen-rt-natives-linux-amd64.jar:/home/travis/build/icy
phy/ptII/vendors/jogl/lib/Linux/gluegen-rt.jar:/home/travis/build/icyphy/ptII/v
endors/jogl/lib/Linux/jogl-all-natives-linux-amd64.jar:/home/travis/build/icyph
y/ptII/vendors/jogl/lib/Linux/jogl-all.jar:/home/travis/build/icyphy/ptII/ptole
my/distributed/jini/jar/jini-core.jar:/home/travis/build/icyphy/ptII/ptolemy/di
stributed/jini/jar/jini-ext.jar:/home/travis/build/icyphy/ptII/ptolemy/distribu
ted/jini/jar/sun-util.jar:/home/travis/build/icyphy/ptII/lib/protobuf-java-2.4.
1.jar:/home/travis/build/icyphy/ptII/lib/org.eclipse.paho.client.mqttv3.jar:/ho
me/travis/build/icyphy/ptII/lib/mapss.jar:/home/travis/build/icyphy/ptII/ptolem
y/actor/ptalon/antlr/antlr.jar:/home/travis/build/icyphy/ptII/lib/JRI.jar:/home
/travis/build/icyphy/ptII/lib/commons-lang-2.6.jar:/home/travis/build/icyphy/pt
II/lib/commons-logging-1.1.1.jar:/home/travis/build/icyphy/ptII/lib/sootclasses
.jar:/home/travis/build/icyphy/ptII/ptolemy/actor/lib/database/mysql-connector-
java-5.1.6-bin.jar:/home/travis/build/icyphy/ptII/vendors/misc/sphinx4/sphinx4-
data-5prealpha.jar:/home/travis/build/icyphy/ptII/vendors/misc/sphinx4/sphinx4-
core-5prealpha.jar:/home/travis/build/icyphy/ptII/lib/PDFRenderer.jar:/home/tra
vis/build/icyphy/ptII/lib/svgSalamander.jar:/home/travis/build/icyphy/ptII/lib/
rsyntaxtextarea-2.6.0-SNAPSHOT.jar:/home/travis/build/icyphy/ptII/lib/hazelcast
-3.8.2.jar:/home/travis/build/icyphy/ptII/lib/jackson-annotations-2.9.0.jar:/ho
me/travis/build/icyphy/ptII/lib/jackson-core-2.9.3.jar:/home/travis/build/icyph
y/ptII/lib/jackson-databind-2.9.3.jar:/home/travis/build/icyphy/ptII/lib/netty-
buffer-4.1.19.Final.jar:/home/travis/build/icyphy/ptII/lib/netty-codec-4.1.19.F
inal.jar:/home/travis/build/icyphy/ptII/lib/netty-codec-dns-4.1.19.Final.jar:/h
ome/travis/build/icyphy/ptII/lib/netty-codec-http-4.1.19.Final.jar:/home/travis
/build/icyphy/ptII/lib/netty-codec-http2-4.1.19.Final.jar:/home/travis/build/ic
yphy/ptII/lib/netty-common-4.1.19.Final.jar:/home/travis/build/icyphy/ptII/lib/
netty-handler-4.1.19.Final.jar:/home/travis/build/icyphy/ptII/lib/netty-resolve
r-4.1.19.Final.jar:/home/travis/build/icyphy/ptII/lib/netty-resolver-dns-4.1.19
.Final.jar:/home/travis/build/icyphy/ptII/lib/netty-transport-4.1.19.Final.jar:
/home/travis/build/icyphy/ptII/lib/vertx-codegen-3.5.1.jar:/home/travis/build/i
cyphy/ptII/lib/vertx-core-3.5.2-SNAPSHOT.jar:/home/travis/build/icyphy/ptII/lib
/vertx-hazelcast-3.5.1.jar:/home/travis/build/icyphy/ptII/lib/vertx-lang-js-3.5
.1.jar:/home/travis/build/icyphy/ptII/lib/vertx-service-proxy-3.5.1.jar:/home/t
ravis/build/icyphy/ptII/lib/vertx-web-3.5.1.jar:/home/travis/build/icyphy/ptII/
lib/slf4j-api-1.7.13.jar:/home/travis/build/icyphy/ptII/lib/slf4j-simple-1.7.13
.jar:/home/travis/build/icyphy/ptII/lib/webcam-capture-0.3.12.jar:/home/travis/
build/icyphy/ptII/lib/bridj-0.7.0.jar:/home/travis/build/icyphy/ptII/lib/xbjlib
-1.1.0.nrjavaserial.jar:/home/travis/build/icyphy/ptII/ptolemy/moml/test:/home/
travis/build/icyphy/ptII/ant/lib/ant-launcher.jar:/home/travis/build/icyphy/ptI
I/ant/lib/ant.jar:/home/travis/build/icyphy/ptII/ant/lib/ant-junit.jar:/home/tr
avis/build/icyphy/ptII/ant/lib/ant-junit4.jar:/home/travis/build/icyphy/ptII
ModularCodeGen2_ModularCodeGenTypedCompositeActor_ModularCodeGenTypedCompositeA
ctor_profile.java
-rw-rw-r--   1 travis travis   1397 Jul 21 18:26 JavaCompiledCompositeTest3_CompiledCompositeActor$_JavaCompiledCompositeTest3_CompiledCompositeActor.class
-rw-rw-r--   1 travis travis   1625 Jul 21 18:26 JavaCompiledCompositeTest3_CompiledCompositeActor.mk
-rw-rw-r--   1 travis travis   4183 Jul 21 18:26 JavaCompiledCompositeTest4_CompiledCompositeActor.class
-rw-rw-r--   1 travis travis   9687 Jul 21 18:26 JavaCompiledCompositeTest4_CompiledCompositeActor.java
-rw-rw-r--   1 travis travis    876 Jul 21 18:26 JavaCompiledCompositeTest4_CompiledCompositeActor$_JavaCompiledCompositeTest4_CompiledCompositeActor.class
-rw-rw-r--   1 travis travis   1625 Jul 21 18:26 JavaCompiledCompositeTest4_CompiledCompositeActor.mk
drwxrwxr-x   3 travis travis  12288 Jul 21 18:21 LookupTable
drwxrwxr-x   3 travis travis  20480 Jul 21 18:21 MaxIndex
-rw-rw-r--   1 travis travis   3925 Jul 21 18:26 ModularCG_A1_B1.class
-rw-rw-r--   1 travis travis   9730 Jul 21 18:26 ModularCG_A1_B1.java
-rw-rw-r--   1 travis travis    832 Jul 21 18:26 ModularCG_A1_B1.mk
-rw-rw-r--   1 travis travis   1318 Jul 21 18:26 ModularCG_A1_B1_profile.class
-rw-rw-r--   1 travis travis   1262 Jul 21 18:26 ModularCG_A1_B1_profile.java
-rw-rw-r--   1 travis travis   3925 Jul 21 18:27 ModularCG_A1_B2.class
-rw-rw-r--   1 travis travis   9730 Jul 21 18:27 ModularCG_A1_B2.java
-rw-rw-r--   1 travis travis    832 Jul 21 18:27 ModularCG_A1_B2.mk
-rw-rw-r--   1 travis travis   1318 Jul 21 18:27 ModularCG_A1_B2_profile.class
-rw-rw-r--   1 travis travis   1262 Jul 21 18:26 ModularCG_A1_B2_profile.java
-rw-rw-r--   1 travis travis   5031 Jul 21 18:27 ModularCG_A1.class
-rw-rw-r--   1 travis travis  14742 Jul 21 18:27 ModularCG_A1.java
-rw-rw-r--   1 travis travis    808 Jul 21 18:27 ModularCG_A1.mk
-rw-rw-r--   1 travis travis   1433 Jul 21 18:27 ModularCG_A1_profile.class
-rw-rw-r--   1 travis travis   1704 Jul 21 18:27 ModularCG_A1_profile.java
-rw-rw-r--   1 travis travis   4059 Jul 21 18:27 ModularCG_A2_B1.class
-rw-rw-r--   1 travis travis  10667 Jul 21 18:27 ModularCG_A2_B1.java
-rw-rw-r--   1 travis travis    832 Jul 21 18:27 ModularCG_A2_B1.mk
-rw-rw-r--   1 travis travis   1381 Jul 21 18:27 ModularCG_A2_B1_profile.class
-rw-rw-r--   1 travis travis   1446 Jul 21 18:27 ModularCG_A2_B1_profile.java
-rw-rw-r--   1 travis travis   3925 Jul 21 18:27 ModularCG_A2_B2.class
-rw-rw-r--   1 travis travis   9730 Jul 21 18:27 ModularCG_A2_B2.java
-rw-rw-r--   1 travis travis    832 Jul 21 18:27 ModularCG_A2_B2.mk
-rw-rw-r--   1 travis travis   1318 Jul 21 18:27 ModularCG_A2_B2_profile.class
-rw-rw-r--   1 travis travis   1262 Jul 21 18:27 ModularCG_A2_B2_profile.java
-rw-rw-r--   1 travis travis   5102 Jul 21 18:27 ModularCG_A2.class
-rw-rw-r--   1 travis travis  15129 Jul 21 18:27 ModularCG_A2.java
-rw-rw-r--   1 travis travis    808 Jul 21 18:27 ModularCG_A2.mk
-rw-rw-r--   1 travis travis   1433 Jul 21 18:27 ModularCG_A2_profile.class
-rw-rw-r--   1 travis travis   1704 Jul 21 18:27 ModularCG_A2_profile.java
-rw-rw-r--   1 travis travis   3705 Jul 21 18:27 ModularCGPubSub_A1_A2.class
-rw-rw-r--   1 travis travis   9076 Jul 21 18:27 ModularCGPubSub_A1_A2.java
-rw-rw-r--   1 travis travis    880 Jul 21 18:27 ModularCGPubSub_A1_A2.mk
-rw-rw-r--   1 travis travis   1300 Jul 21 18:27 ModularCGPubSub_A1_A2_profile.class
-rw-rw-r--   1 travis travis   1222 Jul 21 18:27 ModularCGPubSub_A1_A2_profile.java
-rw-rw-r--   1 travis travis   4022 Jul 21 18:27 ModularCGPubSub_A1.class
-rw-rw-r--   1 travis travis   9836 Jul 21 18:27 ModularCGPubSub_A1.java
-rw-rw-r--   1 travis travis    856 Jul 21 18:27 ModularCGPubSub_A1.mk
-rw-rw-r--   1 travis travis   1346 Jul 21 18:27 ModularCGPubSub_A1_profile.class
-rw-rw-r--   1 travis travis   1388 Jul 21 18:27 ModularCGPubSub_A1_profile.java
-rw-rw-r--   1 travis travis   1294 Jul 21 18:27 ModularCodeGen2_ModularCodeGenTypedCompositeActor_ModularCodeGenTypedCompositeActor_profile.java
-rw-rw-r--   1 travis travis   4186 Jul 21 18:27 ModularCodeGen_ModularCodeGenTypedCompositeActor.class
-rw-rw-r--   1 travis travis  10970 Jul 21 18:27 ModularCodeGen_ModularCodeGenTypedCompositeActor.java
-rw-rw-r--   1 travis travis   1096 Jul 21 18:27 ModularCodeGen_ModularCodeGenTypedCompositeActor.mk
-rw-rw-r--   1 travis travis   1384 Jul 21 18:27 ModularCodeGen_ModularCodeGenTypedCompositeActor_profile.class
-rw-rw-r--   1 travis travis   1328 Jul 21 18:27 ModularCodeGen_ModularCodeGenTypedCompositeActor_profile.java
-rw-rw-r--   1 travis travis   3724 Jul 21 18:26 ModularCodeGenTest_A1_A2.class
-rw-rw-r--   1 travis travis   9164 Jul 21 18:26 ModularCodeGenTest_A1_A2.java
-rw-rw-r--   1 travis travis   1306 Jul 21 18:26 ModularCodeGenTest_A1_A2_profile.class
-rw-rw-r--   1 travis travis   4055 Jul 21 18:26 ModularCodeGenTest_A1.class
-rw-rw-r--   1 travis travis   9968 Jul 21 18:26 ModularCodeGenTest_A1.java
-rw-rw-r--   1 travis travis    880 Jul 21 18:26 ModularCodeGenTest_A1.mk
-rw-rw-r--   1 travis travis   1352 Jul 21 18:26 ModularCodeGenTest_A1_profile.class
-rw-rw-r--   1 travis travis   1394 Jul 21 18:26 ModularCodeGenTest_A1_profile.java
drwxrwxr-x   3 travis travis  32768 Jul 21 18:26 modulation2
drwxrwxr-x 139 travis travis  12288 Jul 21 18:26 node_modules
drwxrwxr-x   3 travis travis  20480 Jul 21 18:21 PhaseUnwrap
drwxrwxr-x   3 travis travis  12288 Jul 21 18:22 ReadFile1
-rw-rw-r--   1 travis travis     11 Jul 21 18:21 ReadFile1Output.txt
-rw-rw-r--   1 travis travis  13773 Jul 21 18:26 Repeat.class
-rw-rw-r--   1 travis travis    685 Jul 21 18:26 Repeat$_fireFunction_Repeat_Repeat$__f_sL_11.class
-rw-rw-r--   1 travis travis    541 Jul 21 18:26 Repeat$_fireFunction_Repeat_Repeat$__f_sL_12.class
-rw-rw-r--   1 travis travis    541 Jul 21 18:26 Repeat$_fireFunction_Repeat_Repeat$__f_sL_13.class
-rw-rw-r--   1 travis travis    541 Jul 21 18:26 Repeat$_fireFunction_Repeat_Repeat$__f_sL_14.class
-rw-rw-r--   1 travis travis    684 Jul 21 18:26 Repeat$_fireFunction_Repeat_Repeat$__f_sL_1.class
-rw-rw-r--   1 travis travis    683 Jul 21 18:26 Repeat$_fireFunction_Repeat_Repeat$__f_sL_4.class
-rw-rw-r--   1 travis travis    539 Jul 21 18:26 Repeat$_fireFunction_Repeat_Repeat$__f_sL_9.class
-rw-rw-r--   1 travis travis    494 Jul 21 18:26 Repeat$_initialize_Repeat$__i_sL_2.class
-rw-rw-r--   1 travis travis   1281 Jul 21 18:26 Repeat.mk
-rw-rw-r--   1 travis travis    539 Jul 21 18:26 Repeat$_preinitializeMethod_Repeat$__p_sL_0.class
-rw-rw-r--   1 travis travis   1102 Jul 21 18:26 Repeat$_Repeat$_fireFunction_Repeat_AddSubtract_Repeat.class
-rw-rw-r--   1 travis travis    810 Jul 21 18:26 Repeat$_Repeat$_fireFunction_Repeat_AddSubtract_Repeat$__f_sL_0.class
-rw-rw-r--   1 travis travis    928 Jul 21 18:26 Repeat$_Repeat$_fireFunction_Repeat_AddSubtract_Repeat$__f_sL_1.class
-rw-rw-r--   1 travis travis    934 Jul 21 18:26 Repeat$_Repeat$_fireFunction_Repeat_AddSubtract_Repeat$__f_sL_2.class
-rw-rw-r--   1 travis travis    862 Jul 21 18:26 Repeat$_Repeat$_fireFunction_Repeat_AddSubtract_Repeat$__f_sL_3.class
-rw-rw-r--   1 travis travis    757 Jul 21 18:26 Repeat$_Repeat$_fireFunction_Repeat_Ramp2_Repeat$__f_sL_0.class
-rw-rw-r--   1 travis travis    888 Jul 21 18:26 Repeat$_Repeat$_fireFunction_Repeat_Test_Repeat$__f_sL_0.class
-rw-rw-r--   1 travis travis    634 Jul 21 18:26 Repeat$_Repeat$_fireFunction_Repeat_Test_Repeat$__f_sL_1.class
-rw-rw-r--   1 travis travis    704 Jul 21 18:26 Repeat$_Repeat_SDF_Director_run_Repeat$__R_sL_0.class
-rw-rw-r--   1 travis travis    705 Jul 21 18:26 Repeat$_Repeat_SDF_Director_run_Repeat$__R_sL_11.class
-rw-rw-r--   1 travis travis    561 Jul 21 18:26 Repeat$_Repeat_SDF_Director_run_Repeat$__R_sL_13.class
-rw-rw-r--   1 travis travis    559 Jul 21 18:26 Repeat$_Repeat_SDF_Director_run_Repeat$__R_sL_2.class
-rw-rw-r--   1 travis travis    703 Jul 21 18:26 Repeat$_Repeat_SDF_Director_run_Repeat$__R_sL_3.class
-rw-rw-r--   1 travis travis    559 Jul 21 18:26 Repeat$_Repeat_SDF_Director_run_Repeat$__R_sL_5.class
-rw-rw-r--   1 travis travis    559 Jul 21 18:26 Repeat$_Repeat_SDF_Director_run_Repeat$__R_sL_8.class
drwxrwxr-x   2 travis travis   4096 Jul 21 18:26 RepeatVariables
-rw-rw-r--   1 travis travis    882 Jul 21 18:26 Repeat$_varinit_Repeat.class
-rw-rw-r--   1 travis travis    550 Jul 21 18:26 Repeat$_varinit_Repeat$__v_sL_2.class
-rw-rw-r--   1 travis travis    924 Jul 21 18:26 Repeat$_varinit_Repeat$__v_sL_4.class
-rw-rw-r--   1 travis travis    978 Jul 21 18:26 Repeat$_wrapup_Repeat$__w_sL_1.class
drwxrwxr-x   3 travis travis  20480 Jul 21 18:22 Sinewave
drwxrwxr-x   3 travis travis  32768 Jul 21 18:23 StringFunction
drwxrwxr-x   3 travis travis  12288 Jul 21 18:24 StringLength
drwxrwxr-x   3 travis travis  61440 Jul 21 18:24 StringMatches2
drwxrwxr-x   3 travis travis  61440 Jul 21 18:24 StringSimpleReplace
drwxrwxr-x   3 travis travis  65536 Jul 21 18:24 StringSubstring
drwxrwxr-x   3 travis travis  24576 Jul 21 18:25 StringSubstring2
drwxrwxr-x   3 travis travis  16384 Jul 21 18:25 time1
drwxrwxr-x   3 travis travis  12288 Jul 21 18:26 time5
-rw-rw-r--   1 travis travis    432 Jul 21 18:27 Token.class
-rw-rw-r--   1 travis travis    251 Jul 21 18:27 Token.java
-rwxrwxr-x   1 travis travis 466992 Jul 21 18:18 top
-rw-rw-r--   1 travis travis  20502 Jul 21 18:18 top.c
-rw-rw-r--   1 travis travis   3799 Jul 21 18:26 top.class
-rw-rw-r--   1 travis travis   1257 Jul 21 18:26 top.mk
All Done
Writing ModularCodeGen2_ModularCodeGenTypedCompositeActor_ModularCodeGenTypedCompositeActor.java in file:/home/travis/cg/ (11790 characters)
Reading "ptolemy/cg/kernel/generic/program/procedural/java/modular/makefile.in",
    writing "/home/travis/cg/ModularCodeGen2_ModularCodeGenTypedCompositeActor_ModularCodeGenTypedCompositeActor.mk"
Using ptolemy/cg/kernel/generic/program/procedural/java/modular/makefile.in
In "/home/travis/cg", about to execute:
    make -f
ModularCodeGen2_ModularCodeGenTypedCompositeActor_ModularCodeGenTypedCompositeA
ctor.mk
javac -classpath ".:.."    ModularCodeGen2_ModularCodeGenTypedCompositeActor_ModularCodeGenTypedCompositeActor.java
All Done
In "/home/travis/cg", about to execute:
    pwd
In "/home/travis/cg", about to execute:
    ls -l
/home/travis/cg
In "/home/travis/cg", about to execute:
    javac -classpath
.:/home/travis/build/icyphy/ptII:/home/travis/build/icyphy/ptII/lib/bsh-2.0b4.j
ar:/home/travis/build/icyphy/ptII/lib/ptCal.jar:/home/travis/build/icyphy/ptII/
lib/java_cup.jar:/home/travis/build/icyphy/ptII/lib/saxon8.jar:/home/travis/bui
ld/icyphy/ptII/lib/saxon8-dom.jar:/home/travis/build/icyphy/ptII/lib/chic.jar:/
home/travis/build/icyphy/ptII/lib/ptcolt.jar:/home/travis/build/icyphy/ptII/ven
dors/misc/itext/iText.jar:/home/travis/build/icyphy/ptII/lib/g4ltl.jar:/home/tr
avis/build/icyphy/ptII/lib/StructuralCoder.jar:/home/travis/build/icyphy/ptII/l
ib/jcerti.jar:/home/travis/build/icyphy/ptII/lib/javax.mail.jar:/home/travis/bu
ild/icyphy/ptII/vendors/JMF-2.1.1e/lib/jmf.jar:/home/travis/build/icyphy/ptII/l
ib/jna-4.0.0-variadic.jar:/home/travis/build/icyphy/ptII/vendors/misc/joystick/
Joystick.jar:/home/travis/build/icyphy/ptII/lib/ptjacl.jar:/home/travis/build/i
cyphy/ptII/lib/jsoup-1.8.2.jar:/home/travis/build/icyphy/ptII/lib/junit-4.8.2.j
ar:/home/travis/build/icyphy/ptII/lib/JUnitParams-0.4.0.jar:/home/travis/build/
icyphy/ptII/ptolemy/actor/lib/excel/jxl.jar:/home/travis/build/icyphy/ptII/lib/
jython.jar:/home/travis/build/icyphy/ptII/lib/kieler.jar:/home/travis/build/icy
phy/ptII/vendors/opencv/share/OpenCV/java/opencv-341.jar:/home/travis/build/icy
phy/ptII/lib/oscP5.jar:/home/travis/build/icyphy/ptII/lib/nrjavaserial-3.11.0.d
evel.jar:/home/travis/build/icyphy/ptII/vendors/j3d/lib/Linux/j3dcore.jar:/home
/travis/build/icyphy/ptII/vendors/j3d/lib/Linux/j3dutils.jar:/home/travis/build
/icyphy/ptII/vendors/j3d/lib/Linux/vecmath.jar:/home/travis/build/icyphy/ptII/v
endors/jogl/lib/Linux/gluegen-rt-natives-linux-amd64.jar:/home/travis/build/icy
phy/ptII/vendors/jogl/lib/Linux/gluegen-rt.jar:/home/travis/build/icyphy/ptII/v
endors/jogl/lib/Linux/jogl-all-natives-linux-amd64.jar:/home/travis/build/icyph
y/ptII/vendors/jogl/lib/Linux/jogl-all.jar:/home/travis/build/icyphy/ptII/ptole
my/distributed/jini/jar/jini-core.jar:/home/travis/build/icyphy/ptII/ptolemy/di
stributed/jini/jar/jini-ext.jar:/home/travis/build/icyphy/ptII/ptolemy/distribu
ted/jini/jar/sun-util.jar:/home/travis/build/icyphy/ptII/lib/protobuf-java-2.4.
1.jar:/home/travis/build/icyphy/ptII/lib/org.eclipse.paho.client.mqttv3.jar:/ho
me/travis/build/icyphy/ptII/lib/mapss.jar:/home/travis/build/icyphy/ptII/ptolem
y/actor/ptalon/antlr/antlr.jar:/home/travis/build/icyphy/ptII/lib/JRI.jar:/home
/travis/build/icyphy/ptII/lib/commons-lang-2.6.jar:/home/travis/build/icyphy/pt
II/lib/commons-logging-1.1.1.jar:/home/travis/build/icyphy/ptII/lib/sootclasses
.jar:/home/travis/build/icyphy/ptII/ptolemy/actor/lib/database/mysql-connector-
java-5.1.6-bin.jar:/home/travis/build/icyphy/ptII/vendors/misc/sphinx4/sphinx4-
data-5prealpha.jar:/home/travis/build/icyphy/ptII/vendors/misc/sphinx4/sphinx4-
core-5prealpha.jar:/home/travis/build/icyphy/ptII/lib/PDFRenderer.jar:/home/tra
vis/build/icyphy/ptII/lib/svgSalamander.jar:/home/travis/build/icyphy/ptII/lib/
rsyntaxtextarea-2.6.0-SNAPSHOT.jar:/home/travis/build/icyphy/ptII/lib/hazelcast
-3.8.2.jar:/home/travis/build/icyphy/ptII/lib/jackson-annotations-2.9.0.jar:/ho
me/travis/build/icyphy/ptII/lib/jackson-core-2.9.3.jar:/home/travis/build/icyph
y/ptII/lib/jackson-databind-2.9.3.jar:/home/travis/build/icyphy/ptII/lib/netty-
buffer-4.1.19.Final.jar:/home/travis/build/icyphy/ptII/lib/netty-codec-4.1.19.F
inal.jar:/home/travis/build/icyphy/ptII/lib/netty-codec-dns-4.1.19.Final.jar:/h
ome/travis/build/icyphy/ptII/lib/netty-codec-http-4.1.19.Final.jar:/home/travis
/build/icyphy/ptII/lib/netty-codec-http2-4.1.19.Final.jar:/home/travis/build/ic
yphy/ptII/lib/netty-common-4.1.19.Final.jar:/home/travis/build/icyphy/ptII/lib/
netty-handler-4.1.19.Final.jar:/home/travis/build/icyphy/ptII/lib/netty-resolve
r-4.1.19.Final.jar:/home/travis/build/icyphy/ptII/lib/netty-resolver-dns-4.1.19
.Final.jar:/home/travis/build/icyphy/ptII/lib/netty-transport-4.1.19.Final.jar:
/home/travis/build/icyphy/ptII/lib/vertx-codegen-3.5.1.jar:/home/travis/build/i
cyphy/ptII/lib/vertx-core-3.5.2-SNAPSHOT.jar:/home/travis/build/icyphy/ptII/lib
/vertx-hazelcast-3.5.1.jar:/home/travis/build/icyphy/ptII/lib/vertx-lang-js-3.5
.1.jar:/home/travis/build/icyphy/ptII/lib/vertx-service-proxy-3.5.1.jar:/home/t
ravis/build/icyphy/ptII/lib/vertx-web-3.5.1.jar:/home/travis/build/icyphy/ptII/
lib/slf4j-api-1.7.13.jar:/home/travis/build/icyphy/ptII/lib/slf4j-simple-1.7.13
.jar:/home/travis/build/icyphy/ptII/lib/webcam-capture-0.3.12.jar:/home/travis/
build/icyphy/ptII/lib/bridj-0.7.0.jar:/home/travis/build/icyphy/ptII/lib/xbjlib
-1.1.0.nrjavaserial.jar:/home/travis/build/icyphy/ptII/ptolemy/moml/test:/home/
travis/build/icyphy/ptII/ant/lib/ant-launcher.jar:/home/travis/build/icyphy/ptI
I/ant/lib/ant.jar:/home/travis/build/icyphy/ptII/ant/lib/ant-junit.jar:/home/tr
avis/build/icyphy/ptII/ant/lib/ant-junit4.jar:/home/travis/build/icyphy/ptII
ModularCodeGen2_ModularCodeGenTypedCompositeActor_profile.java
total 1700
drwxrwxr-x   3 travis travis  12288 Jul 21 18:20 AbsoluteValue
drwxrwxr-x   3 travis travis 102400 Jul 21 18:19 AllColt
drwxrwxr-x   3 travis travis  12288 Jul 21 18:19 Case1
-rw-rw-r--   1 travis travis   5128 Jul 21 18:26 CompiledCompositeActor_CompiledCompositeActor.class
-rw-rw-r--   1 travis travis   1611 Jul 21 18:26 CompiledCompositeActor_CompiledCompositeActor$_CompiledCompositeActor_CompiledCompositeActor.class
-rw-rw-r--   1 travis travis  13466 Jul 21 18:26 CompiledCompositeActor_CompiledCompositeActor.java
-rw-rw-r--   1 travis travis   1593 Jul 21 18:26 CompiledCompositeActor_CompiledCompositeActor.mk
drwxrwxr-x   5 travis travis   4096 Jul 21 18:18 fmi
drwxrwxr-x   3 travis travis  16384 Jul 21 18:20 Gaussian2
-rw-rw-r--   1 travis travis   4684 Jul 21 18:26 JavaCompiledCompositeTest1_CompiledCompositeActor.class
-rw-rw-r--   1 travis travis  11637 Jul 21 18:26 JavaCompiledCompositeTest1_CompiledCompositeActor.java
-rw-rw-r--   1 travis travis   1217 Jul 21 18:26 JavaCompiledCompositeTest1_CompiledCompositeActor$_JavaCompiledCompositeTest1_CompiledCompositeActor.class
-rw-rw-r--   1 travis travis   1625 Jul 21 18:26 JavaCompiledCompositeTest1_CompiledCompositeActor.mk
-rw-rw-r--   1 travis travis   5115 Jul 21 18:26 JavaCompiledCompositeTest2_CompiledCompositeActor.class
-rw-rw-r--   1 travis travis  14919 Jul 21 18:26 JavaCompiledCompositeTest2_CompiledCompositeActor.java
-rw-rw-r--   1 travis travis   1812 Jul 21 18:26 JavaCompiledCompositeTest2_CompiledCompositeActor$_JavaCompiledCompositeTest2_CompiledCompositeActor.class
-rw-rw-r--   1 travis travis   1625 Jul 21 18:26 JavaCompiledCompositeTest2_CompiledCompositeActor.mk
-rw-rw-r--   1 travis travis   4732 Jul 21 18:26 JavaCompiledCompositeTest3_CompiledCompositeActor.class
-rw-rw-r--   1 travis travis  13080 Jul 21 18:26 JavaCompiledCompositeTest3_CompiledCompositeActor.java
-rw-rw-r--   1 travis travis   1397 Jul 21 18:26 JavaCompiledCompositeTest3_CompiledCompositeActor$_JavaCompiledCompositeTest3_CompiledCompositeActor.class
-rw-rw-r--   1 travis travis   1625 Jul 21 18:26 JavaCompiledCompositeTest3_CompiledCompositeActor.mk
-rw-rw-r--   1 travis travis   4183 Jul 21 18:26 JavaCompiledCompositeTest4_CompiledCompositeActor.class
-rw-rw-r--   1 travis travis   9687 Jul 21 18:26 JavaCompiledCompositeTest4_CompiledCompositeActor.java
-rw-rw-r--   1 travis travis    876 Jul 21 18:26 JavaCompiledCompositeTest4_CompiledCompositeActor$_JavaCompiledCompositeTest4_CompiledCompositeActor.class
-rw-rw-r--   1 travis travis   1625 Jul 21 18:26 JavaCompiledCompositeTest4_CompiledCompositeActor.mk
drwxrwxr-x   3 travis travis  12288 Jul 21 18:21 LookupTable
drwxrwxr-x   3 travis travis  20480 Jul 21 18:21 MaxIndex
-rw-rw-r--   1 travis travis   3925 Jul 21 18:26 ModularCG_A1_B1.class
-rw-rw-r--   1 travis travis   9730 Jul 21 18:26 ModularCG_A1_B1.java
-rw-rw-r--   1 travis travis    832 Jul 21 18:26 ModularCG_A1_B1.mk
-rw-rw-r--   1 travis travis   1318 Jul 21 18:26 ModularCG_A1_B1_profile.class
-rw-rw-r--   1 travis travis   1262 Jul 21 18:26 ModularCG_A1_B1_profile.java
-rw-rw-r--   1 travis travis   3925 Jul 21 18:27 ModularCG_A1_B2.class
-rw-rw-r--   1 travis travis   9730 Jul 21 18:27 ModularCG_A1_B2.java
-rw-rw-r--   1 travis travis    832 Jul 21 18:27 ModularCG_A1_B2.mk
-rw-rw-r--   1 travis travis   1318 Jul 21 18:27 ModularCG_A1_B2_profile.class
-rw-rw-r--   1 travis travis   1262 Jul 21 18:26 ModularCG_A1_B2_profile.java
-rw-rw-r--   1 travis travis   5031 Jul 21 18:27 ModularCG_A1.class
-rw-rw-r--   1 travis travis  14742 Jul 21 18:27 ModularCG_A1.java
-rw-rw-r--   1 travis travis    808 Jul 21 18:27 ModularCG_A1.mk
-rw-rw-r--   1 travis travis   1433 Jul 21 18:27 ModularCG_A1_profile.class
-rw-rw-r--   1 travis travis   1704 Jul 21 18:27 ModularCG_A1_profile.java
-rw-rw-r--   1 travis travis   4059 Jul 21 18:27 ModularCG_A2_B1.class
-rw-rw-r--   1 travis travis  10667 Jul 21 18:27 ModularCG_A2_B1.java
-rw-rw-r--   1 travis travis    832 Jul 21 18:27 ModularCG_A2_B1.mk
-rw-rw-r--   1 travis travis   1381 Jul 21 18:27 ModularCG_A2_B1_profile.class
-rw-rw-r--   1 travis travis   1446 Jul 21 18:27 ModularCG_A2_B1_profile.java
-rw-rw-r--   1 travis travis   3925 Jul 21 18:27 ModularCG_A2_B2.class
-rw-rw-r--   1 travis travis   9730 Jul 21 18:27 ModularCG_A2_B2.java
-rw-rw-r--   1 travis travis    832 Jul 21 18:27 ModularCG_A2_B2.mk
-rw-rw-r--   1 travis travis   1318 Jul 21 18:27 ModularCG_A2_B2_profile.class
-rw-rw-r--   1 travis travis   1262 Jul 21 18:27 ModularCG_A2_B2_profile.java
-rw-rw-r--   1 travis travis   5102 Jul 21 18:27 ModularCG_A2.class
-rw-rw-r--   1 travis travis  15129 Jul 21 18:27 ModularCG_A2.java
-rw-rw-r--   1 travis travis    808 Jul 21 18:27 ModularCG_A2.mk
-rw-rw-r--   1 travis travis   1433 Jul 21 18:27 ModularCG_A2_profile.class
-rw-rw-r--   1 travis travis   1704 Jul 21 18:27 ModularCG_A2_profile.java
-rw-rw-r--   1 travis travis   3705 Jul 21 18:27 ModularCGPubSub_A1_A2.class
-rw-rw-r--   1 travis travis   9076 Jul 21 18:27 ModularCGPubSub_A1_A2.java
-rw-rw-r--   1 travis travis    880 Jul 21 18:27 ModularCGPubSub_A1_A2.mk
-rw-rw-r--   1 travis travis   1300 Jul 21 18:27 ModularCGPubSub_A1_A2_profile.class
-rw-rw-r--   1 travis travis   1222 Jul 21 18:27 ModularCGPubSub_A1_A2_profile.java
-rw-rw-r--   1 travis travis   4022 Jul 21 18:27 ModularCGPubSub_A1.class
-rw-rw-r--   1 travis travis   9836 Jul 21 18:27 ModularCGPubSub_A1.java
-rw-rw-r--   1 travis travis    856 Jul 21 18:27 ModularCGPubSub_A1.mk
-rw-rw-r--   1 travis travis   1346 Jul 21 18:27 ModularCGPubSub_A1_profile.class
-rw-rw-r--   1 travis travis   1388 Jul 21 18:27 ModularCGPubSub_A1_profile.java
-rw-rw-r--   1 travis travis   4504 Jul 21 18:27 ModularCodeGen2_ModularCodeGenTypedCompositeActor_ModularCodeGenTypedCompositeActor.class
-rw-rw-r--   1 travis travis  11790 Jul 21 18:27 ModularCodeGen2_ModularCodeGenTypedCompositeActor_ModularCodeGenTypedCompositeActor.java
-rw-rw-r--   1 travis travis   1376 Jul 21 18:27 ModularCodeGen2_ModularCodeGenTypedCompositeActor_ModularCodeGenTypedCompositeActor.mk
-rw-rw-r--   1 travis travis   1421 Jul 21 18:27 ModularCodeGen2_ModularCodeGenTypedCompositeActor_ModularCodeGenTypedCompositeActor_profile.class
-rw-rw-r--   1 travis travis   1294 Jul 21 18:27 ModularCodeGen2_ModularCodeGenTypedCompositeActor_ModularCodeGenTypedCompositeActor_profile.java
-rw-rw-r--   1 travis travis    693 Jul 21 18:27 ModularCodeGen2_ModularCodeGenTypedCompositeActor_profile.java
-rw-rw-r--   1 travis travis   4186 Jul 21 18:27 ModularCodeGen_ModularCodeGenTypedCompositeActor.class
-rw-rw-r--   1 travis travis  10970 Jul 21 18:27 ModularCodeGen_ModularCodeGenTypedCompositeActor.java
-rw-rw-r--   1 travis travis   1096 Jul 21 18:27 ModularCodeGen_ModularCodeGenTypedCompositeActor.mk
-rw-rw-r--   1 travis travis   1384 Jul 21 18:27 ModularCodeGen_ModularCodeGenTypedCompositeActor_profile.class
-rw-rw-r--   1 travis travis   1328 Jul 21 18:27 ModularCodeGen_ModularCodeGenTypedCompositeActor_profile.java
-rw-rw-r--   1 travis travis   3724 Jul 21 18:26 ModularCodeGenTest_A1_A2.class
-rw-rw-r--   1 travis travis   9164 Jul 21 18:26 ModularCodeGenTest_A1_A2.java
-rw-rw-r--   1 travis travis   1306 Jul 21 18:26 ModularCodeGenTest_A1_A2_profile.class
-rw-rw-r--   1 travis travis   4055 Jul 21 18:26 ModularCodeGenTest_A1.class
-rw-rw-r--   1 travis travis   9968 Jul 21 18:26 ModularCodeGenTest_A1.java
-rw-rw-r--   1 travis travis    880 Jul 21 18:26 ModularCodeGenTest_A1.mk
-rw-rw-r--   1 travis travis   1352 Jul 21 18:26 ModularCodeGenTest_A1_profile.class
-rw-rw-r--   1 travis travis   1394 Jul 21 18:26 ModularCodeGenTest_A1_profile.java
drwxrwxr-x   3 travis travis  32768 Jul 21 18:26 modulation2
drwxrwxr-x 139 travis travis  12288 Jul 21 18:26 node_modules
drwxrwxr-x   3 travis travis  20480 Jul 21 18:21 PhaseUnwrap
drwxrwxr-x   3 travis travis  12288 Jul 21 18:22 ReadFile1
-rw-rw-r--   1 travis travis     11 Jul 21 18:21 ReadFile1Output.txt
-rw-rw-r--   1 travis travis  13773 Jul 21 18:26 Repeat.class
-rw-rw-r--   1 travis travis    685 Jul 21 18:26 Repeat$_fireFunction_Repeat_Repeat$__f_sL_11.class
-rw-rw-r--   1 travis travis    541 Jul 21 18:26 Repeat$_fireFunction_Repeat_Repeat$__f_sL_12.class
-rw-rw-r--   1 travis travis    541 Jul 21 18:26 Repeat$_fireFunction_Repeat_Repeat$__f_sL_13.class
-rw-rw-r--   1 travis travis    541 Jul 21 18:26 Repeat$_fireFunction_Repeat_Repeat$__f_sL_14.class
-rw-rw-r--   1 travis travis    684 Jul 21 18:26 Repeat$_fireFunction_Repeat_Repeat$__f_sL_1.class
-rw-rw-r--   1 travis travis    683 Jul 21 18:26 Repeat$_fireFunction_Repeat_Repeat$__f_sL_4.class
-rw-rw-r--   1 travis travis    539 Jul 21 18:26 Repeat$_fireFunction_Repeat_Repeat$__f_sL_9.class
-rw-rw-r--   1 travis travis    494 Jul 21 18:26 Repeat$_initialize_Repeat$__i_sL_2.class
-rw-rw-r--   1 travis travis   1281 Jul 21 18:26 Repeat.mk
-rw-rw-r--   1 travis travis    539 Jul 21 18:26 Repeat$_preinitializeMethod_Repeat$__p_sL_0.class
-rw-rw-r--   1 travis travis   1102 Jul 21 18:26 Repeat$_Repeat$_fireFunction_Repeat_AddSubtract_Repeat.class
-rw-rw-r--   1 travis travis    810 Jul 21 18:26 Repeat$_Repeat$_fireFunction_Repeat_AddSubtract_Repeat$__f_sL_0.class
-rw-rw-r--   1 travis travis    928 Jul 21 18:26 Repeat$_Repeat$_fireFunction_Repeat_AddSubtract_Repeat$__f_sL_1.class
-rw-rw-r--   1 travis travis    934 Jul 21 18:26 Repeat$_Repeat$_fireFunction_Repeat_AddSubtract_Repeat$__f_sL_2.class
-rw-rw-r--   1 travis travis    862 Jul 21 18:26 Repeat$_Repeat$_fireFunction_Repeat_AddSubtract_Repeat$__f_sL_3.class
-rw-rw-r--   1 travis travis    757 Jul 21 18:26 Repeat$_Repeat$_fireFunction_Repeat_Ramp2_Repeat$__f_sL_0.class
-rw-rw-r--   1 travis travis    888 Jul 21 18:26 Repeat$_Repeat$_fireFunction_Repeat_Test_Repeat$__f_sL_0.class
-rw-rw-r--   1 travis travis    634 Jul 21 18:26 Repeat$_Repeat$_fireFunction_Repeat_Test_Repeat$__f_sL_1.class
-rw-rw-r--   1 travis travis    704 Jul 21 18:26 Repeat$_Repeat_SDF_Director_run_Repeat$__R_sL_0.class
-rw-rw-r--   1 travis travis    705 Jul 21 18:26 Repeat$_Repeat_SDF_Director_run_Repeat$__R_sL_11.class
-rw-rw-r--   1 travis travis    561 Jul 21 18:26 Repeat$_Repeat_SDF_Director_run_Repeat$__R_sL_13.class
-rw-rw-r--   1 travis travis    559 Jul 21 18:26 Repeat$_Repeat_SDF_Director_run_Repeat$__R_sL_2.class
-rw-rw-r--   1 travis travis    703 Jul 21 18:26 Repeat$_Repeat_SDF_Director_run_Repeat$__R_sL_3.class
-rw-rw-r--   1 travis travis    559 Jul 21 18:26 Repeat$_Repeat_SDF_Director_run_Repeat$__R_sL_5.class
-rw-rw-r--   1 travis travis    559 Jul 21 18:26 Repeat$_Repeat_SDF_Director_run_Repeat$__R_sL_8.class
drwxrwxr-x   2 travis travis   4096 Jul 21 18:26 RepeatVariables
-rw-rw-r--   1 travis travis    882 Jul 21 18:26 Repeat$_varinit_Repeat.class
-rw-rw-r--   1 travis travis    550 Jul 21 18:26 Repeat$_varinit_Repeat$__v_sL_2.class
-rw-rw-r--   1 travis travis    924 Jul 21 18:26 Repeat$_varinit_Repeat$__v_sL_4.class
-rw-rw-r--   1 travis travis    978 Jul 21 18:26 Repeat$_wrapup_Repeat$__w_sL_1.class
drwxrwxr-x   3 travis travis  20480 Jul 21 18:22 Sinewave
drwxrwxr-x   3 travis travis  32768 Jul 21 18:23 StringFunction
drwxrwxr-x   3 travis travis  12288 Jul 21 18:24 StringLength
drwxrwxr-x   3 travis travis  61440 Jul 21 18:24 StringMatches2
drwxrwxr-x   3 travis travis  61440 Jul 21 18:24 StringSimpleReplace
drwxrwxr-x   3 travis travis  65536 Jul 21 18:24 StringSubstring
drwxrwxr-x   3 travis travis  24576 Jul 21 18:25 StringSubstring2
drwxrwxr-x   3 travis travis  16384 Jul 21 18:25 time1
drwxrwxr-x   3 travis travis  12288 Jul 21 18:26 time5
-rw-rw-r--   1 travis travis    432 Jul 21 18:27 Token.class
-rw-rw-r--   1 travis travis    251 Jul 21 18:27 Token.java
-rwxrwxr-x   1 travis travis 466992 Jul 21 18:18 top
-rw-rw-r--   1 travis travis  20502 Jul 21 18:18 top.c
-rw-rw-r--   1 travis travis   3799 Jul 21 18:26 top.class
-rw-rw-r--   1 travis travis   1257 Jul 21 18:26 top.mk
All Done
Writing ModularCodeGen2_ModularCodeGenTypedCompositeActor.java in file:/home/travis/cg/ (11690 characters)
Reading "ptolemy/cg/kernel/generic/program/procedural/java/modular/makefile.in",
    writing "/home/travis/cg/ModularCodeGen2_ModularCodeGenTypedCompositeActor.mk"
Using ptolemy/cg/kernel/generic/program/procedural/java/modular/makefile.in
In "/home/travis/cg", about to execute:
    make -f ModularCodeGen2_ModularCodeGenTypedCompositeActor.mk
javac -classpath ".:.."    ModularCodeGen2_ModularCodeGenTypedCompositeActor.java
All Done
6558 ms. Memory: 145408K Free: 80358K (55%)
----------------- Invoking toplevel() on ptolemy.moml.MoMLSimpleApplication@2e1ffc57
----------------- Done invoking toplevel() on ptolemy.moml.MoMLSimpleApplication@2e1ffc57
reloadAllAccessors: .ModularCodeGen2

===========================================================================================
----------------- testing Sun Jul 21 18:27:34 UTC 2019 /home/travis/build/icyphy/ptII/ptolemy/cg/lib/test/auto/ModularCodeGen3.xml
----------------- Instantiating /home/travis/build/icyphy/ptII/ptolemy/cg/lib/test/auto/ModularCodeGen3.xml
In "/home/travis/cg", about to execute:
    pwd
In "/home/travis/cg", about to execute:
    ls -l
/home/travis/cg
In "/home/travis/cg", about to execute:
    javac -classpath
.:/home/travis/build/icyphy/ptII:/home/travis/build/icyphy/ptII/lib/bsh-2.0b4.j
ar:/home/travis/build/icyphy/ptII/lib/ptCal.jar:/home/travis/build/icyphy/ptII/
lib/java_cup.jar:/home/travis/build/icyphy/ptII/lib/saxon8.jar:/home/travis/bui
ld/icyphy/ptII/lib/saxon8-dom.jar:/home/travis/build/icyphy/ptII/lib/chic.jar:/
home/travis/build/icyphy/ptII/lib/ptcolt.jar:/home/travis/build/icyphy/ptII/ven
dors/misc/itext/iText.jar:/home/travis/build/icyphy/ptII/lib/g4ltl.jar:/home/tr
avis/build/icyphy/ptII/lib/StructuralCoder.jar:/home/travis/build/icyphy/ptII/l
ib/jcerti.jar:/home/travis/build/icyphy/ptII/lib/javax.mail.jar:/home/travis/bu
ild/icyphy/ptII/vendors/JMF-2.1.1e/lib/jmf.jar:/home/travis/build/icyphy/ptII/l
ib/jna-4.0.0-variadic.jar:/home/travis/build/icyphy/ptII/vendors/misc/joystick/
Joystick.jar:/home/travis/build/icyphy/ptII/lib/ptjacl.jar:/home/travis/build/i
cyphy/ptII/lib/jsoup-1.8.2.jar:/home/travis/build/icyphy/ptII/lib/junit-4.8.2.j
ar:/home/travis/build/icyphy/ptII/lib/JUnitParams-0.4.0.jar:/home/travis/build/
icyphy/ptII/ptolemy/actor/lib/excel/jxl.jar:/home/travis/build/icyphy/ptII/lib/
jython.jar:/home/travis/build/icyphy/ptII/lib/kieler.jar:/home/travis/build/icy
phy/ptII/vendors/opencv/share/OpenCV/java/opencv-341.jar:/home/travis/build/icy
phy/ptII/lib/oscP5.jar:/home/travis/build/icyphy/ptII/lib/nrjavaserial-3.11.0.d
evel.jar:/home/travis/build/icyphy/ptII/vendors/j3d/lib/Linux/j3dcore.jar:/home
/travis/build/icyphy/ptII/vendors/j3d/lib/Linux/j3dutils.jar:/home/travis/build
/icyphy/ptII/vendors/j3d/lib/Linux/vecmath.jar:/home/travis/build/icyphy/ptII/v
endors/jogl/lib/Linux/gluegen-rt-natives-linux-amd64.jar:/home/travis/build/icy
phy/ptII/vendors/jogl/lib/Linux/gluegen-rt.jar:/home/travis/build/icyphy/ptII/v
endors/jogl/lib/Linux/jogl-all-natives-linux-amd64.jar:/home/travis/build/icyph
y/ptII/vendors/jogl/lib/Linux/jogl-all.jar:/home/travis/build/icyphy/ptII/ptole
my/distributed/jini/jar/jini-core.jar:/home/travis/build/icyphy/ptII/ptolemy/di
stributed/jini/jar/jini-ext.jar:/home/travis/build/icyphy/ptII/ptolemy/distribu
ted/jini/jar/sun-util.jar:/home/travis/build/icyphy/ptII/lib/protobuf-java-2.4.
1.jar:/home/travis/build/icyphy/ptII/lib/org.eclipse.paho.client.mqttv3.jar:/ho
me/travis/build/icyphy/ptII/lib/mapss.jar:/home/travis/build/icyphy/ptII/ptolem
y/actor/ptalon/antlr/antlr.jar:/home/travis/build/icyphy/ptII/lib/JRI.jar:/home
/travis/build/icyphy/ptII/lib/commons-lang-2.6.jar:/home/travis/build/icyphy/pt
II/lib/commons-logging-1.1.1.jar:/home/travis/build/icyphy/ptII/lib/sootclasses
.jar:/home/travis/build/icyphy/ptII/ptolemy/actor/lib/database/mysql-connector-
java-5.1.6-bin.jar:/home/travis/build/icyphy/ptII/vendors/misc/sphinx4/sphinx4-
data-5prealpha.jar:/home/travis/build/icyphy/ptII/vendors/misc/sphinx4/sphinx4-
core-5prealpha.jar:/home/travis/build/icyphy/ptII/lib/PDFRenderer.jar:/home/tra
vis/build/icyphy/ptII/lib/svgSalamander.jar:/home/travis/build/icyphy/ptII/lib/
rsyntaxtextarea-2.6.0-SNAPSHOT.jar:/home/travis/build/icyphy/ptII/lib/hazelcast
-3.8.2.jar:/home/travis/build/icyphy/ptII/lib/jackson-annotations-2.9.0.jar:/ho
me/travis/build/icyphy/ptII/lib/jackson-core-2.9.3.jar:/home/travis/build/icyph
y/ptII/lib/jackson-databind-2.9.3.jar:/home/travis/build/icyphy/ptII/lib/netty-
buffer-4.1.19.Final.jar:/home/travis/build/icyphy/ptII/lib/netty-codec-4.1.19.F
inal.jar:/home/travis/build/icyphy/ptII/lib/netty-codec-dns-4.1.19.Final.jar:/h
ome/travis/build/icyphy/ptII/lib/netty-codec-http-4.1.19.Final.jar:/home/travis
/build/icyphy/ptII/lib/netty-codec-http2-4.1.19.Final.jar:/home/travis/build/ic
yphy/ptII/lib/netty-common-4.1.19.Final.jar:/home/travis/build/icyphy/ptII/lib/
netty-handler-4.1.19.Final.jar:/home/travis/build/icyphy/ptII/lib/netty-resolve
r-4.1.19.Final.jar:/home/travis/build/icyphy/ptII/lib/netty-resolver-dns-4.1.19
.Final.jar:/home/travis/build/icyphy/ptII/lib/netty-transport-4.1.19.Final.jar:
/home/travis/build/icyphy/ptII/lib/vertx-codegen-3.5.1.jar:/home/travis/build/i
cyphy/ptII/lib/vertx-core-3.5.2-SNAPSHOT.jar:/home/travis/build/icyphy/ptII/lib
/vertx-hazelcast-3.5.1.jar:/home/travis/build/icyphy/ptII/lib/vertx-lang-js-3.5
.1.jar:/home/travis/build/icyphy/ptII/lib/vertx-service-proxy-3.5.1.jar:/home/t
ravis/build/icyphy/ptII/lib/vertx-web-3.5.1.jar:/home/travis/build/icyphy/ptII/
lib/slf4j-api-1.7.13.jar:/home/travis/build/icyphy/ptII/lib/slf4j-simple-1.7.13
.jar:/home/travis/build/icyphy/ptII/lib/webcam-capture-0.3.12.jar:/home/travis/
build/icyphy/ptII/lib/bridj-0.7.0.jar:/home/travis/build/icyphy/ptII/lib/xbjlib
-1.1.0.nrjavaserial.jar:/home/travis/build/icyphy/ptII/ptolemy/moml/test:/home/
travis/build/icyphy/ptII/ant/lib/ant-launcher.jar:/home/travis/build/icyphy/ptI
I/ant/lib/ant.jar:/home/travis/build/icyphy/ptII/ant/lib/ant-junit.jar:/home/tr
avis/build/icyphy/ptII/ant/lib/ant-junit4.jar:/home/travis/build/icyphy/ptII
ModularCodeGen3_A1_B1_profile.java
total 1732
drwxrwxr-x   3 travis travis  12288 Jul 21 18:20 AbsoluteValue
drwxrwxr-x   3 travis travis 102400 Jul 21 18:19 AllColt
drwxrwxr-x   3 travis travis  12288 Jul 21 18:19 Case1
-rw-rw-r--   1 travis travis   5128 Jul 21 18:26 CompiledCompositeActor_CompiledCompositeActor.class
-rw-rw-r--   1 travis travis   1611 Jul 21 18:26 CompiledCompositeActor_CompiledCompositeActor$_CompiledCompositeActor_CompiledCompositeActor.class
-rw-rw-r--   1 travis travis  13466 Jul 21 18:26 CompiledCompositeActor_CompiledCompositeActor.java
-rw-rw-r--   1 travis travis   1593 Jul 21 18:26 CompiledCompositeActor_CompiledCompositeActor.mk
drwxrwxr-x   5 travis travis   4096 Jul 21 18:18 fmi
drwxrwxr-x   3 travis travis  16384 Jul 21 18:20 Gaussian2
-rw-rw-r--   1 travis travis   4684 Jul 21 18:26 JavaCompiledCompositeTest1_CompiledCompositeActor.class
-rw-rw-r--   1 travis travis  11637 Jul 21 18:26 JavaCompiledCompositeTest1_CompiledCompositeActor.java
-rw-rw-r--   1 travis travis   1217 Jul 21 18:26 JavaCompiledCompositeTest1_CompiledCompositeActor$_JavaCompiledCompositeTest1_CompiledCompositeActor.class
-rw-rw-r--   1 travis travis   1625 Jul 21 18:26 JavaCompiledCompositeTest1_CompiledCompositeActor.mk
-rw-rw-r--   1 travis travis   5115 Jul 21 18:26 JavaCompiledCompositeTest2_CompiledCompositeActor.class
-rw-rw-r--   1 travis travis  14919 Jul 21 18:26 JavaCompiledCompositeTest2_CompiledCompositeActor.java
-rw-rw-r--   1 travis travis   1812 Jul 21 18:26 JavaCompiledCompositeTest2_CompiledCompositeActor$_JavaCompiledCompositeTest2_CompiledCompositeActor.class
-rw-rw-r--   1 travis travis   1625 Jul 21 18:26 JavaCompiledCompositeTest2_CompiledCompositeActor.mk
-rw-rw-r--   1 travis travis   4732 Jul 21 18:26 JavaCompiledCompositeTest3_CompiledCompositeActor.class
-rw-rw-r--   1 travis travis  13080 Jul 21 18:26 JavaCompiledCompositeTest3_CompiledCompositeActor.java
-rw-rw-r--   1 travis travis   1397 Jul 21 18:26 JavaCompiledCompositeTest3_CompiledCompositeActor$_JavaCompiledCompositeTest3_CompiledCompositeActor.class
-rw-rw-r--   1 travis travis   1625 Jul 21 18:26 JavaCompiledCompositeTest3_CompiledCompositeActor.mk
-rw-rw-r--   1 travis travis   4183 Jul 21 18:26 JavaCompiledCompositeTest4_CompiledCompositeActor.class
-rw-rw-r--   1 travis travis   9687 Jul 21 18:26 JavaCompiledCompositeTest4_CompiledCompositeActor.java
-rw-rw-r--   1 travis travis    876 Jul 21 18:26 JavaCompiledCompositeTest4_CompiledCompositeActor$_JavaCompiledCompositeTest4_CompiledCompositeActor.class
-rw-rw-r--   1 travis travis   1625 Jul 21 18:26 JavaCompiledCompositeTest4_CompiledCompositeActor.mk
drwxrwxr-x   3 travis travis  12288 Jul 21 18:21 LookupTable
drwxrwxr-x   3 travis travis  20480 Jul 21 18:21 MaxIndex
-rw-rw-r--   1 travis travis   3925 Jul 21 18:26 ModularCG_A1_B1.class
-rw-rw-r--   1 travis travis   9730 Jul 21 18:26 ModularCG_A1_B1.java
-rw-rw-r--   1 travis travis    832 Jul 21 18:26 ModularCG_A1_B1.mk
-rw-rw-r--   1 travis travis   1318 Jul 21 18:26 ModularCG_A1_B1_profile.class
-rw-rw-r--   1 travis travis   1262 Jul 21 18:26 ModularCG_A1_B1_profile.java
-rw-rw-r--   1 travis travis   3925 Jul 21 18:27 ModularCG_A1_B2.class
-rw-rw-r--   1 travis travis   9730 Jul 21 18:27 ModularCG_A1_B2.java
-rw-rw-r--   1 travis travis    832 Jul 21 18:27 ModularCG_A1_B2.mk
-rw-rw-r--   1 travis travis   1318 Jul 21 18:27 ModularCG_A1_B2_profile.class
-rw-rw-r--   1 travis travis   1262 Jul 21 18:26 ModularCG_A1_B2_profile.java
-rw-rw-r--   1 travis travis   5031 Jul 21 18:27 ModularCG_A1.class
-rw-rw-r--   1 travis travis  14742 Jul 21 18:27 ModularCG_A1.java
-rw-rw-r--   1 travis travis    808 Jul 21 18:27 ModularCG_A1.mk
-rw-rw-r--   1 travis travis   1433 Jul 21 18:27 ModularCG_A1_profile.class
-rw-rw-r--   1 travis travis   1704 Jul 21 18:27 ModularCG_A1_profile.java
-rw-rw-r--   1 travis travis   4059 Jul 21 18:27 ModularCG_A2_B1.class
-rw-rw-r--   1 travis travis  10667 Jul 21 18:27 ModularCG_A2_B1.java
-rw-rw-r--   1 travis travis    832 Jul 21 18:27 ModularCG_A2_B1.mk
-rw-rw-r--   1 travis travis   1381 Jul 21 18:27 ModularCG_A2_B1_profile.class
-rw-rw-r--   1 travis travis   1446 Jul 21 18:27 ModularCG_A2_B1_profile.java
-rw-rw-r--   1 travis travis   3925 Jul 21 18:27 ModularCG_A2_B2.class
-rw-rw-r--   1 travis travis   9730 Jul 21 18:27 ModularCG_A2_B2.java
-rw-rw-r--   1 travis travis    832 Jul 21 18:27 ModularCG_A2_B2.mk
-rw-rw-r--   1 travis travis   1318 Jul 21 18:27 ModularCG_A2_B2_profile.class
-rw-rw-r--   1 travis travis   1262 Jul 21 18:27 ModularCG_A2_B2_profile.java
-rw-rw-r--   1 travis travis   5102 Jul 21 18:27 ModularCG_A2.class
-rw-rw-r--   1 travis travis  15129 Jul 21 18:27 ModularCG_A2.java
-rw-rw-r--   1 travis travis    808 Jul 21 18:27 ModularCG_A2.mk
-rw-rw-r--   1 travis travis   1433 Jul 21 18:27 ModularCG_A2_profile.class
-rw-rw-r--   1 travis travis   1704 Jul 21 18:27 ModularCG_A2_profile.java
-rw-rw-r--   1 travis travis   3705 Jul 21 18:27 ModularCGPubSub_A1_A2.class
-rw-rw-r--   1 travis travis   9076 Jul 21 18:27 ModularCGPubSub_A1_A2.java
-rw-rw-r--   1 travis travis    880 Jul 21 18:27 ModularCGPubSub_A1_A2.mk
-rw-rw-r--   1 travis travis   1300 Jul 21 18:27 ModularCGPubSub_A1_A2_profile.class
-rw-rw-r--   1 travis travis   1222 Jul 21 18:27 ModularCGPubSub_A1_A2_profile.java
-rw-rw-r--   1 travis travis   4022 Jul 21 18:27 ModularCGPubSub_A1.class
-rw-rw-r--   1 travis travis   9836 Jul 21 18:27 ModularCGPubSub_A1.java
-rw-rw-r--   1 travis travis    856 Jul 21 18:27 ModularCGPubSub_A1.mk
-rw-rw-r--   1 travis travis   1346 Jul 21 18:27 ModularCGPubSub_A1_profile.class
-rw-rw-r--   1 travis travis   1388 Jul 21 18:27 ModularCGPubSub_A1_profile.java
-rw-rw-r--   1 travis travis   4220 Jul 21 18:27 ModularCodeGen2_ModularCodeGenTypedCompositeActor.class
-rw-rw-r--   1 travis travis  11690 Jul 21 18:27 ModularCodeGen2_ModularCodeGenTypedCompositeActor.java
-rw-rw-r--   1 travis travis   1104 Jul 21 18:27 ModularCodeGen2_ModularCodeGenTypedCompositeActor.mk
-rw-rw-r--   1 travis travis   4504 Jul 21 18:27 ModularCodeGen2_ModularCodeGenTypedCompositeActor_ModularCodeGenTypedCompositeActor.class
-rw-rw-r--   1 travis travis  11790 Jul 21 18:27 ModularCodeGen2_ModularCodeGenTypedCompositeActor_ModularCodeGenTypedCompositeActor.java
-rw-rw-r--   1 travis travis   1376 Jul 21 18:27 ModularCodeGen2_ModularCodeGenTypedCompositeActor_ModularCodeGenTypedCompositeActor.mk
-rw-rw-r--   1 travis travis   1421 Jul 21 18:27 ModularCodeGen2_ModularCodeGenTypedCompositeActor_ModularCodeGenTypedCompositeActor_profile.class
-rw-rw-r--   1 travis travis   1294 Jul 21 18:27 ModularCodeGen2_ModularCodeGenTypedCompositeActor_ModularCodeGenTypedCompositeActor_profile.java
-rw-rw-r--   1 travis travis    820 Jul 21 18:27 ModularCodeGen2_ModularCodeGenTypedCompositeActor_profile.class
-rw-rw-r--   1 travis travis    693 Jul 21 18:27 ModularCodeGen2_ModularCodeGenTypedCompositeActor_profile.java
-rw-rw-r--   1 travis travis   1274 Jul 21 18:27 ModularCodeGen3_A1_B1_profile.java
-rw-rw-r--   1 travis travis   4186 Jul 21 18:27 ModularCodeGen_ModularCodeGenTypedCompositeActor.class
-rw-rw-r--   1 travis travis  10970 Jul 21 18:27 ModularCodeGen_ModularCodeGenTypedCompositeActor.java
-rw-rw-r--   1 travis travis   1096 Jul 21 18:27 ModularCodeGen_ModularCodeGenTypedCompositeActor.mk
-rw-rw-r--   1 travis travis   1384 Jul 21 18:27 ModularCodeGen_ModularCodeGenTypedCompositeActor_profile.class
-rw-rw-r--   1 travis travis   1328 Jul 21 18:27 ModularCodeGen_ModularCodeGenTypedCompositeActor_profile.java
-rw-rw-r--   1 travis travis   3724 Jul 21 18:26 ModularCodeGenTest_A1_A2.class
-rw-rw-r--   1 travis travis   9164 Jul 21 18:26 ModularCodeGenTest_A1_A2.java
-rw-rw-r--   1 travis travis   1306 Jul 21 18:26 ModularCodeGenTest_A1_A2_profile.class
-rw-rw-r--   1 travis travis   4055 Jul 21 18:26 ModularCodeGenTest_A1.class
-rw-rw-r--   1 travis travis   9968 Jul 21 18:26 ModularCodeGenTest_A1.java
-rw-rw-r--   1 travis travis    880 Jul 21 18:26 ModularCodeGenTest_A1.mk
-rw-rw-r--   1 travis travis   1352 Jul 21 18:26 ModularCodeGenTest_A1_profile.class
-rw-rw-r--   1 travis travis   1394 Jul 21 18:26 ModularCodeGenTest_A1_profile.java
drwxrwxr-x   3 travis travis  32768 Jul 21 18:26 modulation2
drwxrwxr-x 139 travis travis  12288 Jul 21 18:26 node_modules
drwxrwxr-x   3 travis travis  20480 Jul 21 18:21 PhaseUnwrap
drwxrwxr-x   3 travis travis  12288 Jul 21 18:22 ReadFile1
-rw-rw-r--   1 travis travis     11 Jul 21 18:21 ReadFile1Output.txt
-rw-rw-r--   1 travis travis  13773 Jul 21 18:26 Repeat.class
-rw-rw-r--   1 travis travis    685 Jul 21 18:26 Repeat$_fireFunction_Repeat_Repeat$__f_sL_11.class
-rw-rw-r--   1 travis travis    541 Jul 21 18:26 Repeat$_fireFunction_Repeat_Repeat$__f_sL_12.class
-rw-rw-r--   1 travis travis    541 Jul 21 18:26 Repeat$_fireFunction_Repeat_Repeat$__f_sL_13.class
-rw-rw-r--   1 travis travis    541 Jul 21 18:26 Repeat$_fireFunction_Repeat_Repeat$__f_sL_14.class
-rw-rw-r--   1 travis travis    684 Jul 21 18:26 Repeat$_fireFunction_Repeat_Repeat$__f_sL_1.class
-rw-rw-r--   1 travis travis    683 Jul 21 18:26 Repeat$_fireFunction_Repeat_Repeat$__f_sL_4.class
-rw-rw-r--   1 travis travis    539 Jul 21 18:26 Repeat$_fireFunction_Repeat_Repeat$__f_sL_9.class
-rw-rw-r--   1 travis travis    494 Jul 21 18:26 Repeat$_initialize_Repeat$__i_sL_2.class
-rw-rw-r--   1 travis travis   1281 Jul 21 18:26 Repeat.mk
-rw-rw-r--   1 travis travis    539 Jul 21 18:26 Repeat$_preinitializeMethod_Repeat$__p_sL_0.class
-rw-rw-r--   1 travis travis   1102 Jul 21 18:26 Repeat$_Repeat$_fireFunction_Repeat_AddSubtract_Repeat.class
-rw-rw-r--   1 travis travis    810 Jul 21 18:26 Repeat$_Repeat$_fireFunction_Repeat_AddSubtract_Repeat$__f_sL_0.class
-rw-rw-r--   1 travis travis    928 Jul 21 18:26 Repeat$_Repeat$_fireFunction_Repeat_AddSubtract_Repeat$__f_sL_1.class
-rw-rw-r--   1 travis travis    934 Jul 21 18:26 Repeat$_Repeat$_fireFunction_Repeat_AddSubtract_Repeat$__f_sL_2.class
-rw-rw-r--   1 travis travis    862 Jul 21 18:26 Repeat$_Repeat$_fireFunction_Repeat_AddSubtract_Repeat$__f_sL_3.class
-rw-rw-r--   1 travis travis    757 Jul 21 18:26 Repeat$_Repeat$_fireFunction_Repeat_Ramp2_Repeat$__f_sL_0.class
-rw-rw-r--   1 travis travis    888 Jul 21 18:26 Repeat$_Repeat$_fireFunction_Repeat_Test_Repeat$__f_sL_0.class
-rw-rw-r--   1 travis travis    634 Jul 21 18:26 Repeat$_Repeat$_fireFunction_Repeat_Test_Repeat$__f_sL_1.class
-rw-rw-r--   1 travis travis    704 Jul 21 18:26 Repeat$_Repeat_SDF_Director_run_Repeat$__R_sL_0.class
-rw-rw-r--   1 travis travis    705 Jul 21 18:26 Repeat$_Repeat_SDF_Director_run_Repeat$__R_sL_11.class
-rw-rw-r--   1 travis travis    561 Jul 21 18:26 Repeat$_Repeat_SDF_Director_run_Repeat$__R_sL_13.class
-rw-rw-r--   1 travis travis    559 Jul 21 18:26 Repeat$_Repeat_SDF_Director_run_Repeat$__R_sL_2.class
-rw-rw-r--   1 travis travis    703 Jul 21 18:26 Repeat$_Repeat_SDF_Director_run_Repeat$__R_sL_3.class
-rw-rw-r--   1 travis travis    559 Jul 21 18:26 Repeat$_Repeat_SDF_Director_run_Repeat$__R_sL_5.class
-rw-rw-r--   1 travis travis    559 Jul 21 18:26 Repeat$_Repeat_SDF_Director_run_Repeat$__R_sL_8.class
drwxrwxr-x   2 travis travis   4096 Jul 21 18:26 RepeatVariables
-rw-rw-r--   1 travis travis    882 Jul 21 18:26 Repeat$_varinit_Repeat.class
-rw-rw-r--   1 travis travis    550 Jul 21 18:26 Repeat$_varinit_Repeat$__v_sL_2.class
-rw-rw-r--   1 travis travis    924 Jul 21 18:26 Repeat$_varinit_Repeat$__v_sL_4.class
-rw-rw-r--   1 travis travis    978 Jul 21 18:26 Repeat$_wrapup_Repeat$__w_sL_1.class
drwxrwxr-x   3 travis travis  20480 Jul 21 18:22 Sinewave
drwxrwxr-x   3 travis travis  32768 Jul 21 18:23 StringFunction
drwxrwxr-x   3 travis travis  12288 Jul 21 18:24 StringLength
drwxrwxr-x   3 travis travis  61440 Jul 21 18:24 StringMatches2
drwxrwxr-x   3 travis travis  61440 Jul 21 18:24 StringSimpleReplace
drwxrwxr-x   3 travis travis  65536 Jul 21 18:24 StringSubstring
drwxrwxr-x   3 travis travis  24576 Jul 21 18:25 StringSubstring2
drwxrwxr-x   3 travis travis  16384 Jul 21 18:25 time1
drwxrwxr-x   3 travis travis  12288 Jul 21 18:26 time5
-rw-rw-r--   1 travis travis    432 Jul 21 18:27 Token.class
-rw-rw-r--   1 travis travis    251 Jul 21 18:27 Token.java
-rwxrwxr-x   1 travis travis 466992 Jul 21 18:18 top
-rw-rw-r--   1 travis travis  20502 Jul 21 18:18 top.c
-rw-rw-r--   1 travis travis   3799 Jul 21 18:26 top.class
-rw-rw-r--   1 travis travis   1257 Jul 21 18:26 top.mk
All Done
Writing ModularCodeGen3_A1_B1.java in file:/home/travis/cg/ (9958 characters)
Reading "ptolemy/cg/kernel/generic/program/procedural/java/modular/makefile.in",
    writing "/home/travis/cg/ModularCodeGen3_A1_B1.mk"
Using ptolemy/cg/kernel/generic/program/procedural/java/modular/makefile.in
In "/home/travis/cg", about to execute:
    make -f ModularCodeGen3_A1_B1.mk
javac -classpath ".:.."    ModularCodeGen3_A1_B1.java
All Done
In "/home/travis/cg", about to execute:
    pwd
In "/home/travis/cg", about to execute:
    ls -l
/home/travis/cg
total 1760
drwxrwxr-x   3 travis travis  12288 Jul 21 18:20 AbsoluteValue
drwxrwxr-x   3 travis travis 102400 Jul 21 18:19 AllColt
drwxrwxr-x   3 travis travis  12288 Jul 21 18:19 Case1
-rw-rw-r--   1 travis travis   5128 Jul 21 18:26 CompiledCompositeActor_CompiledCompositeActor.class
-rw-rw-r--   1 travis travis   1611 Jul 21 18:26 CompiledCompositeActor_CompiledCompositeActor$_CompiledCompositeActor_CompiledCompositeActor.class
-rw-rw-r--   1 travis travis  13466 Jul 21 18:26 CompiledCompositeActor_CompiledCompositeActor.java
-rw-rw-r--   1 travis travis   1593 Jul 21 18:26 CompiledCompositeActor_CompiledCompositeActor.mk
drwxrwxr-x   5 travis travis   4096 Jul 21 18:18 fmi
drwxrwxr-x   3 travis travis  16384 Jul 21 18:20 Gaussian2
-rw-rw-r--   1 travis travis   4684 Jul 21 18:26 JavaCompiledCompositeTest1_CompiledCompositeActor.class
-rw-rw-r--   1 travis travis  11637 Jul 21 18:26 JavaCompiledCompositeTest1_CompiledCompositeActor.java
-rw-rw-r--   1 travis travis   1217 Jul 21 18:26 JavaCompiledCompositeTest1_CompiledCompositeActor$_JavaCompiledCompositeTest1_CompiledCompositeActor.class
-rw-rw-r--   1 travis travis   1625 Jul 21 18:26 JavaCompiledCompositeTest1_CompiledCompositeActor.mk
-rw-rw-r--   1 travis travis   5115 Jul 21 18:26 JavaCompiledCompositeTest2_CompiledCompositeActor.class
-rw-rw-r--   1 travis travis  14919 Jul 21 18:26 JavaCompiledCompositeTest2_CompiledCompositeActor.java
-rw-rw-r--   1 travis travis   1812 Jul 21 18:26 JavaCompiledCompositeTest2_CompiledCompositeActor$_JavaCompiledCompositeTest2_CompiledCompositeActor.class
-rw-rw-r--   1 travis travis   1625 Jul 21 18:26 JavaCompiledCompositeTest2_CompiledCompositeActor.mk
-rw-rw-r--   1 travis travis   4732 Jul 21 18:26 JavaCompiledCompositeTest3_CompiledCompositeActor.class
-rw-rw-r--   1 travis travis  13080 Jul 21 18:26 JavaCompiledCompositeTest3_CompiledCompositeActor.java
-rw-rw-r--   1 travis travis   1397 Jul 21 18:26 JavaCompiledCompositeTest3_CompiledCompositeActor$_JavaCompiledCompositeTest3_CompiledCompositeActor.class
-rw-rw-r--   1 travis travis   1625 Jul 21 18:26 JavaCompiledCompositeTest3_CompiledCompositeActor.mk
-rw-rw-r--   1 travis travis   4183 Jul 21 18:26 JavaCompiledCompositeTest4_CompiledCompositeActor.class
-rw-rw-r--   1 travis travis   9687 Jul 21 18:26 JavaCompiledCompositeTest4_CompiledCompositeActor.java
-rw-rw-r--   1 travis travis    876 Jul 21 18:26 JavaCompiledCompositeTest4_CompiledCompositeActor$_JavaCompiledCompositeTest4_CompiledCompositeActor.class
-rw-rw-r--   1 travis travis   1625 Jul 21 18:26 JavaCompiledCompositeTest4_CompiledCompositeActor.mk
drwxrwxr-x   3 travis travis  12288 Jul 21 18:21 LookupTable
drwxrwxr-x   3 travis travis  20480 Jul 21 18:21 MaxIndex
-rw-rw-r--   1 travis travis   3925 Jul 21 18:26 ModularCG_A1_B1.class
-rw-rw-r--   1 travis travis   9730 Jul 21 18:26 ModularCG_A1_B1.java
-rw-rw-r--   1 travis travis    832 Jul 21 18:26 ModularCG_A1_B1.mk
-rw-rw-r--   1 travis travis   1318 Jul 21 18:26 ModularCG_A1_B1_profile.class
-rw-rw-r--   1 travis travis   1262 Jul 21 18:26 ModularCG_A1_B1_profile.java
-rw-rw-r--   1 travis travis   3925 Jul 21 18:27 ModularCG_A1_B2.class
-rw-rw-r--   1 travis travis   9730 Jul 21 18:27 ModularCG_A1_B2.java
-rw-rw-r--   1 travis travis    832 Jul 21 18:27 ModularCG_A1_B2.mk
-rw-rw-r--   1 travis travis   1318 Jul 21 18:27 ModularCG_A1_B2_profile.class
-rw-rw-r--   1 travis travis   1262 Jul 21 18:26 ModularCG_A1_B2_profile.java
-rw-rw-r--   1 travis travis   5031 Jul 21 18:27 ModularCG_A1.class
-rw-rw-r--   1 travis travis  14742 Jul 21 18:27 ModularCG_A1.java
-rw-rw-r--   1 travis travis    808 Jul 21 18:27 ModularCG_A1.mk
-rw-rw-r--   1 travis travis   1433 Jul 21 18:27 ModularCG_A1_profile.class
-rw-rw-r--   1 travis travis   1704 Jul 21 18:27 ModularCG_A1_profile.java
-rw-rw-r--   1 travis travis   4059 Jul 21 18:27 ModularCG_A2_B1.class
-rw-rw-r--   1 travis travis  10667 Jul 21 18:27 ModularCG_A2_B1.java
-rw-rw-r--   1 travis travis    832 Jul 21 18:27 ModularCG_A2_B1.mk
-rw-rw-r--   1 travis travis   1381 Jul 21 18:27 ModularCG_A2_B1_profile.class
-rw-rw-r--   1 travis travis   1446 Jul 21 18:27 ModularCG_A2_B1_profile.java
-rw-rw-r--   1 travis travis   3925 Jul 21 18:27 ModularCG_A2_B2.class
-rw-rw-r--   1 travis travis   9730 Jul 21 18:27 ModularCG_A2_B2.java
-rw-rw-r--   1 travis travis    832 Jul 21 18:27 ModularCG_A2_B2.mk
-rw-rw-r--   1 travis travis   1318 Jul 21 18:27 ModularCG_A2_B2_profile.class
-rw-rw-r--   1 travis travis   1262 Jul 21 18:27 ModularCG_A2_B2_profile.java
-rw-rw-r--   1 travis travis   5102 Jul 21 18:27 ModularCG_A2.class
-rw-rw-r--   1 travis travis  15129 Jul 21 18:27 ModularCG_A2.java
-rw-rw-r--   1 travis travis    808 Jul 21 18:27 ModularCG_A2.mk
-rw-rw-r--   1 travis travis   1433 Jul 21 18:27 ModularCG_A2_profile.class
-rw-rw-r--   1 travis travis   1704 Jul 21 18:27 ModularCG_A2_profile.java
-rw-rw-r--   1 travis travis   3705 Jul 21 18:27 ModularCGPubSub_A1_A2.class
-rw-rw-r--   1 travis travis   9076 Jul 21 18:27 ModularCGPubSub_A1_A2.java
-rw-rw-r--   1 travis travis    880 Jul 21 18:27 ModularCGPubSub_A1_A2.mk
-rw-rw-r--   1 travis travis   1300 Jul 21 18:27 ModularCGPubSub_A1_A2_profile.class
-rw-rw-r--   1 travis travis   1222 Jul 21 18:27 ModularCGPubSub_A1_A2_profile.java
-rw-rw-r--   1 travis travis   4022 Jul 21 18:27 ModularCGPubSub_A1.class
-rw-rw-r--   1 travis travis   9836 Jul 21 18:27 ModularCGPubSub_A1.java
-rw-rw-r--   1 travis travis    856 Jul 21 18:27 ModularCGPubSub_A1.mk
-rw-rw-r--   1 travis travis   1346 Jul 21 18:27 ModularCGPubSub_A1_profile.class
-rw-rw-r--   1 travis travis   1388 Jul 21 18:27 ModularCGPubSub_A1_profile.java
-rw-rw-r--   1 travis travis   4220 Jul 21 18:27 ModularCodeGen2_ModularCodeGenTypedCompositeActor.class
-rw-rw-r--   1 travis travis  11690 Jul 21 18:27 ModularCodeGen2_ModularCodeGenTypedCompositeActor.java
-rw-rw-r--   1 travis travis   1104 Jul 21 18:27 ModularCodeGen2_ModularCodeGenTypedCompositeActor.mk
-rw-rw-r--   1 travis travis   4504 Jul 21 18:27 ModularCodeGen2_ModularCodeGenTypedCompositeActor_ModularCodeGenTypedCompositeActor.class
-rw-rw-r--   1 travis travis  11790 Jul 21 18:27 ModularCodeGen2_ModularCodeGenTypedCompositeActor_ModularCodeGenTypedCompositeActor.java
-rw-rw-r--   1 travis travis   1376 Jul 21 18:27 ModularCodeGen2_ModularCodeGenTypedCompositeActor_ModularCodeGenTypedCompositeActor.mk
-rw-rw-r--   1 travis travis   1421 Jul 21 18:27 ModularCodeGen2_ModularCodeGenTypedCompositeActor_ModularCodeGenTypedCompositeActor_profile.class
-rw-rw-r--   1 travis travis   1294 Jul 21 18:27 ModularCodeGen2_ModularCodeGenTypedCompositeActor_ModularCodeGenTypedCompositeActor_profile.java
-rw-rw-r--   1 travis travis    820 Jul 21 18:27 ModularCodeGen2_ModularCodeGenTypedCompositeActor_profile.class
-rw-rw-r--   1 travis travis    693 Jul 21 18:27 ModularCodeGen2_ModularCodeGenTypedCompositeActor_profile.java
-rw-rw-r--   1 travis travis   3973 Jul 21 18:27 ModularCodeGen3_A1_B1.class
-rw-rw-r--   1 travis travis   9958 Jul 21 18:27 ModularCodeGen3_A1_B1.java
-rw-rw-r--   1 travis travis    880 Jul 21 18:27 ModularCodeGen3_A1_B1.mk
-rw-rw-r--   1 travis travis   1330 Jul 21 18:27 ModularCodeGen3_A1_B1_profile.class
-rw-rw-r--   1 travis travis   1274 Jul 21 18:27 ModularCodeGen3_A1_B1_profile.java
-rw-rw-r--   1 travis travis   1274 Jul 21 18:27 ModularCodeGen3_A1_B2_profile.java
-rw-rw-r--   1 travis travis   4186 Jul 21 18:27 ModularCodeGen_ModularCodeGenTypedCompositeActor.class
-rw-rw-r--   1 travis travis  10970 Jul 21 18:27 ModularCodeGen_ModularCodeGenTypedCompositeActor.java
-rw-rw-r--   1 travis travis   1096 Jul 21 18:27 ModularCodeGen_ModularCodeGenTypedCompositeActor.mk
-rw-rw-r--   1 travis travis   1384 Jul 21 18:27 ModularCodeGen_ModularCodeGenTypedCompositeActor_profile.class
-rw-rw-r--   1 travis travis   1328 Jul 21 18:27 ModularCodeGen_ModularCodeGenTypedCompositeActor_profile.java
-rw-rw-r--   1 travis travis   3724 Jul 21 18:26 ModularCodeGenTest_A1_A2.class
-rw-rw-r--   1 travis travis   9164 Jul 21 18:26 ModularCodeGenTest_A1_A2.java
-rw-rw-r--   1 travis travis   1306 Jul 21 18:26 ModularCodeGenTest_A1_A2_profile.class
-rw-rw-r--   1 travis travis   4055 Jul 21 18:26 ModularCodeGenTest_A1.class
-rw-rw-r--   1 travis travis   9968 Jul 21 18:26 ModularCodeGenTest_A1.java
-rw-rw-r--   1 travis travis    880 Jul 21 18:26 ModularCodeGenTest_A1.mk
-rw-rw-r--   1 travis travis   1352 Jul 21 18:26 ModularCodeGenTest_A1_profile.class
-rw-rw-r--   1 travis travis   1394 Jul 21 18:26 ModularCodeGenTest_A1_profile.java
drwxrwxr-x   3 travis travis  32768 Jul 21 18:26 modulation2
drwxrwxr-x 139 travis travis  12288 Jul 21 18:26 node_modules
drwxrwxr-x   3 travis travis  20480 Jul 21 18:21 PhaseUnwrap
drwxrwxr-x   3 travis travis  12288 Jul 21 18:22 ReadFile1
-rw-rw-r--   1 travis travis     11 Jul 21 18:21 ReadFile1Output.txt
-rw-rw-r--   1 travis travis  13773 Jul 21 18:26 Repeat.class
-rw-rw-r--   1 travis travis    685 Jul 21 18:26 Repeat$_fireFunction_Repeat_Repeat$__f_sL_11.class
-rw-rw-r--   1 travis travis    541 Jul 21 18:26 Repeat$_fireFunction_Repeat_Repeat$__f_sL_12.class
-rw-rw-r--   1 travis travis    541 Jul 21 18:26 Repeat$_fireFunction_Repeat_Repeat$__f_sL_13.class
-rw-rw-r--   1 travis travis    541 Jul 21 18:26 Repeat$_fireFunction_Repeat_Repeat$__f_sL_14.class
-rw-rw-r--   1 travis travis    684 Jul 21 18:26 Repeat$_fireFunction_Repeat_Repeat$__f_sL_1.class
-rw-rw-r--   1 travis travis    683 Jul 21 18:26 Repeat$_fireFunction_Repeat_Repeat$__f_sL_4.class
-rw-rw-r--   1 travis travis    539 Jul 21 18:26 Repeat$_fireFunction_Repeat_Repeat$__f_sL_9.class
-rw-rw-r--   1 travis travis    494 Jul 21 18:26 Repeat$_initialize_Repeat$__i_sL_2.class
-rw-rw-r--   1 travis travis   1281 Jul 21 18:26 Repeat.mk
-rw-rw-r--   1 travis travis    539 Jul 21 18:26 Repeat$_preinitializeMethod_Repeat$__p_sL_0.class
-rw-rw-r--   1 travis travis   1102 Jul 21 18:26 Repeat$_Repeat$_fireFunction_Repeat_AddSubtract_Repeat.class
-rw-rw-r--   1 travis travis    810 Jul 21 18:26 Repeat$_Repeat$_fireFunction_Repeat_AddSubtract_Repeat$__f_sL_0.class
-rw-rw-r--   1 travis travis    928 Jul 21 18:26 Repeat$_Repeat$_fireFunction_Repeat_AddSubtract_Repeat$__f_sL_1.class
-rw-rw-r--   1 travis travis    934 Jul 21 18:26 Repeat$_Repeat$_fireFunction_Repeat_AddSubtract_Repeat$__f_sL_2.class
-rw-rw-r--   1 travis travis    862 Jul 21 18:26 Repeat$_Repeat$_fireFunction_Repeat_AddSubtract_Repeat$__f_sL_3.class
-rw-rw-r--   1 travis travis    757 Jul 21 18:26 Repeat$_Repeat$_fireFunction_Repeat_Ramp2_Repeat$__f_sL_0.class
-rw-rw-r--   1 travis travis    888 Jul 21 18:26 Repeat$_Repeat$_fireFunction_Repeat_Test_Repeat$__f_sL_0.class
-rw-rw-r--   1 travis travis    634 Jul 21 18:26 Repeat$_Repeat$_fireFunction_Repeat_Test_Repeat$__f_sL_1.class
-rw-rw-r--   1 travis travis    704 Jul 21 18:26 Repeat$_Repeat_SDF_Director_run_Repeat$__R_sL_0.class
-rw-rw-r--   1 travis travis    705 Jul 21 18:26 Repeat$_Repeat_SDF_Director_run_Repeat$__R_sL_11.class
-rw-rw-r--   1 travis travis    561 Jul 21 18:26 Repeat$_Repeat_SDF_Director_run_Repeat$__R_sL_13.class
-rw-rw-r--   1 travis travis    559 Jul 21 18:26 Repeat$_Repeat_SDF_Director_run_Repeat$__R_sL_2.class
-rw-rw-r--   1 travis travis    703 Jul 21 18:26 Repeat$_Repeat_SDF_Director_run_Repeat$__R_sL_3.class
-rw-rw-r--   1 travis travis    559 Jul 21 18:26 Repeat$_Repeat_SDF_Director_run_Repeat$__R_sL_5.class
-rw-rw-r--   1 travis travis    559 Jul 21 18:26 Repeat$_Repeat_SDF_Director_run_Repeat$__R_sL_8.class
drwxrwxr-x   2 travis travis   4096 Jul 21 18:26 RepeatVariables
-rw-rw-r--   1 travis travis    882 Jul 21 18:26 Repeat$_varinit_Repeat.class
-rw-rw-r--   1 travis travis    550 Jul 21 18:26 Repeat$_varinit_Repeat$__v_sL_2.class
-rw-rw-r--   1 travis travis    924 Jul 21 18:26 Repeat$_varinit_Repeat$__v_sL_4.class
-rw-rw-r--   1 travis travis    978 Jul 21 18:26 Repeat$_wrapup_Repeat$__w_sL_1.class
drwxrwxr-x   3 travis travis  20480 Jul 21 18:22 Sinewave
drwxrwxr-x   3 travis travis  32768 Jul 21 18:23 StringFunction
drwxrwxr-x   3 travis travis  12288 Jul 21 18:24 StringLength
drwxrwxr-x   3 travis travis  61440 Jul 21 18:24 StringMatches2
drwxrwxr-x   3 travis travis  61440 Jul 21 18:24 StringSimpleReplace
drwxrwxr-x   3 travis travis  65536 Jul 21 18:24 StringSubstring
drwxrwxr-x   3 travis travis  24576 Jul 21 18:25 StringSubstring2
drwxrwxr-x   3 travis travis  16384 Jul 21 18:25 time1
drwxrwxr-x   3 travis travis  12288 Jul 21 18:26 time5
-rw-rw-r--   1 travis travis    432 Jul 21 18:27 Token.class
-rw-rw-r--   1 travis travis    251 Jul 21 18:27 Token.java
-rwxrwxr-x   1 travis travis 466992 Jul 21 18:18 top
-rw-rw-r--   1 travis travis  20502 Jul 21 18:18 top.c
-rw-rw-r--   1 travis travis   3799 Jul 21 18:26 top.class
-rw-rw-r--   1 travis travis   1257 Jul 21 18:26 top.mk
In "/home/travis/cg", about to execute:
    javac -classpath
.:/home/travis/build/icyphy/ptII:/home/travis/build/icyphy/ptII/lib/bsh-2.0b4.j
ar:/home/travis/build/icyphy/ptII/lib/ptCal.jar:/home/travis/build/icyphy/ptII/
lib/java_cup.jar:/home/travis/build/icyphy/ptII/lib/saxon8.jar:/home/travis/bui
ld/icyphy/ptII/lib/saxon8-dom.jar:/home/travis/build/icyphy/ptII/lib/chic.jar:/
home/travis/build/icyphy/ptII/lib/ptcolt.jar:/home/travis/build/icyphy/ptII/ven
dors/misc/itext/iText.jar:/home/travis/build/icyphy/ptII/lib/g4ltl.jar:/home/tr
avis/build/icyphy/ptII/lib/StructuralCoder.jar:/home/travis/build/icyphy/ptII/l
ib/jcerti.jar:/home/travis/build/icyphy/ptII/lib/javax.mail.jar:/home/travis/bu
ild/icyphy/ptII/vendors/JMF-2.1.1e/lib/jmf.jar:/home/travis/build/icyphy/ptII/l
ib/jna-4.0.0-variadic.jar:/home/travis/build/icyphy/ptII/vendors/misc/joystick/
Joystick.jar:/home/travis/build/icyphy/ptII/lib/ptjacl.jar:/home/travis/build/i
cyphy/ptII/lib/jsoup-1.8.2.jar:/home/travis/build/icyphy/ptII/lib/junit-4.8.2.j
ar:/home/travis/build/icyphy/ptII/lib/JUnitParams-0.4.0.jar:/home/travis/build/
icyphy/ptII/ptolemy/actor/lib/excel/jxl.jar:/home/travis/build/icyphy/ptII/lib/
jython.jar:/home/travis/build/icyphy/ptII/lib/kieler.jar:/home/travis/build/icy
phy/ptII/vendors/opencv/share/OpenCV/java/opencv-341.jar:/home/travis/build/icy
phy/ptII/lib/oscP5.jar:/home/travis/build/icyphy/ptII/lib/nrjavaserial-3.11.0.d
evel.jar:/home/travis/build/icyphy/ptII/vendors/j3d/lib/Linux/j3dcore.jar:/home
/travis/build/icyphy/ptII/vendors/j3d/lib/Linux/j3dutils.jar:/home/travis/build
/icyphy/ptII/vendors/j3d/lib/Linux/vecmath.jar:/home/travis/build/icyphy/ptII/v
endors/jogl/lib/Linux/gluegen-rt-natives-linux-amd64.jar:/home/travis/build/icy
phy/ptII/vendors/jogl/lib/Linux/gluegen-rt.jar:/home/travis/build/icyphy/ptII/v
endors/jogl/lib/Linux/jogl-all-natives-linux-amd64.jar:/home/travis/build/icyph
y/ptII/vendors/jogl/lib/Linux/jogl-all.jar:/home/travis/build/icyphy/ptII/ptole
my/distributed/jini/jar/jini-core.jar:/home/travis/build/icyphy/ptII/ptolemy/di
stributed/jini/jar/jini-ext.jar:/home/travis/build/icyphy/ptII/ptolemy/distribu
ted/jini/jar/sun-util.jar:/home/travis/build/icyphy/ptII/lib/protobuf-java-2.4.
1.jar:/home/travis/build/icyphy/ptII/lib/org.eclipse.paho.client.mqttv3.jar:/ho
me/travis/build/icyphy/ptII/lib/mapss.jar:/home/travis/build/icyphy/ptII/ptolem
y/actor/ptalon/antlr/antlr.jar:/home/travis/build/icyphy/ptII/lib/JRI.jar:/home
/travis/build/icyphy/ptII/lib/commons-lang-2.6.jar:/home/travis/build/icyphy/pt
II/lib/commons-logging-1.1.1.jar:/home/travis/build/icyphy/ptII/lib/sootclasses
.jar:/home/travis/build/icyphy/ptII/ptolemy/actor/lib/database/mysql-connector-
java-5.1.6-bin.jar:/home/travis/build/icyphy/ptII/vendors/misc/sphinx4/sphinx4-
data-5prealpha.jar:/home/travis/build/icyphy/ptII/vendors/misc/sphinx4/sphinx4-
core-5prealpha.jar:/home/travis/build/icyphy/ptII/lib/PDFRenderer.jar:/home/tra
vis/build/icyphy/ptII/lib/svgSalamander.jar:/home/travis/build/icyphy/ptII/lib/
rsyntaxtextarea-2.6.0-SNAPSHOT.jar:/home/travis/build/icyphy/ptII/lib/hazelcast
-3.8.2.jar:/home/travis/build/icyphy/ptII/lib/jackson-annotations-2.9.0.jar:/ho
me/travis/build/icyphy/ptII/lib/jackson-core-2.9.3.jar:/home/travis/build/icyph
y/ptII/lib/jackson-databind-2.9.3.jar:/home/travis/build/icyphy/ptII/lib/netty-
buffer-4.1.19.Final.jar:/home/travis/build/icyphy/ptII/lib/netty-codec-4.1.19.F
inal.jar:/home/travis/build/icyphy/ptII/lib/netty-codec-dns-4.1.19.Final.jar:/h
ome/travis/build/icyphy/ptII/lib/netty-codec-http-4.1.19.Final.jar:/home/travis
/build/icyphy/ptII/lib/netty-codec-http2-4.1.19.Final.jar:/home/travis/build/ic
yphy/ptII/lib/netty-common-4.1.19.Final.jar:/home/travis/build/icyphy/ptII/lib/
netty-handler-4.1.19.Final.jar:/home/travis/build/icyphy/ptII/lib/netty-resolve
r-4.1.19.Final.jar:/home/travis/build/icyphy/ptII/lib/netty-resolver-dns-4.1.19
.Final.jar:/home/travis/build/icyphy/ptII/lib/netty-transport-4.1.19.Final.jar:
/home/travis/build/icyphy/ptII/lib/vertx-codegen-3.5.1.jar:/home/travis/build/i
cyphy/ptII/lib/vertx-core-3.5.2-SNAPSHOT.jar:/home/travis/build/icyphy/ptII/lib
/vertx-hazelcast-3.5.1.jar:/home/travis/build/icyphy/ptII/lib/vertx-lang-js-3.5
.1.jar:/home/travis/build/icyphy/ptII/lib/vertx-service-proxy-3.5.1.jar:/home/t
ravis/build/icyphy/ptII/lib/vertx-web-3.5.1.jar:/home/travis/build/icyphy/ptII/
lib/slf4j-api-1.7.13.jar:/home/travis/build/icyphy/ptII/lib/slf4j-simple-1.7.13
.jar:/home/travis/build/icyphy/ptII/lib/webcam-capture-0.3.12.jar:/home/travis/
build/icyphy/ptII/lib/bridj-0.7.0.jar:/home/travis/build/icyphy/ptII/lib/xbjlib
-1.1.0.nrjavaserial.jar:/home/travis/build/icyphy/ptII/ptolemy/moml/test:/home/
travis/build/icyphy/ptII/ant/lib/ant-launcher.jar:/home/travis/build/icyphy/ptI
I/ant/lib/ant.jar:/home/travis/build/icyphy/ptII/ant/lib/ant-junit.jar:/home/tr
avis/build/icyphy/ptII/ant/lib/ant-junit4.jar:/home/travis/build/icyphy/ptII
ModularCodeGen3_A1_B2_profile.java
All Done
Writing ModularCodeGen3_A1_B2.java in file:/home/travis/cg/ (9958 characters)
Reading "ptolemy/cg/kernel/generic/program/procedural/java/modular/makefile.in",
    writing "/home/travis/cg/ModularCodeGen3_A1_B2.mk"
Using ptolemy/cg/kernel/generic/program/procedural/java/modular/makefile.in
In "/home/travis/cg", about to execute:
    make -f ModularCodeGen3_A1_B2.mk
javac -classpath ".:.."    ModularCodeGen3_A1_B2.java
All Done
In "/home/travis/cg", about to execute:
    pwd
/home/travis/cg
In "/home/travis/cg", about to execute:
    ls -l
total 1788
drwxrwxr-x   3 travis travis  12288 Jul 21 18:20 AbsoluteValue
drwxrwxr-x   3 travis travis 102400 Jul 21 18:19 AllColt
drwxrwxr-x   3 travis travis  12288 Jul 21 18:19 Case1
-rw-rw-r--   1 travis travis   5128 Jul 21 18:26 CompiledCompositeActor_CompiledCompositeActor.class
-rw-rw-r--   1 travis travis   1611 Jul 21 18:26 CompiledCompositeActor_CompiledCompositeActor$_CompiledCompositeActor_CompiledCompositeActor.class
-rw-rw-r--   1 travis travis  13466 Jul 21 18:26 CompiledCompositeActor_CompiledCompositeActor.java
-rw-rw-r--   1 travis travis   1593 Jul 21 18:26 CompiledCompositeActor_CompiledCompositeActor.mk
drwxrwxr-x   5 travis travis   4096 Jul 21 18:18 fmi
drwxrwxr-x   3 travis travis  16384 Jul 21 18:20 Gaussian2
-rw-rw-r--   1 travis travis   4684 Jul 21 18:26 JavaCompiledCompositeTest1_CompiledCompositeActor.class
-rw-rw-r--   1 travis travis  11637 Jul 21 18:26 JavaCompiledCompositeTest1_CompiledCompositeActor.java
-rw-rw-r--   1 travis travis   1217 Jul 21 18:26 JavaCompiledCompositeTest1_CompiledCompositeActor$_JavaCompiledCompositeTest1_CompiledCompositeActor.class
-rw-rw-r--   1 travis travis   1625 Jul 21 18:26 JavaCompiledCompositeTest1_CompiledCompositeActor.mk
-rw-rw-r--   1 travis travis   5115 Jul 21 18:26 JavaCompiledCompositeTest2_CompiledCompositeActor.class
-rw-rw-r--   1 travis travis  14919 Jul 21 18:26 JavaCompiledCompositeTest2_CompiledCompositeActor.java
-rw-rw-r--   1 travis travis   1812 Jul 21 18:26 JavaCompiledCompositeTest2_CompiledCompositeActor$_JavaCompiledCompositeTest2_CompiledCompositeActor.class
-rw-rw-r--   1 travis travis   1625 Jul 21 18:26 JavaCompiledCompositeTest2_CompiledCompositeActor.mk
-rw-rw-r--   1 travis travis   4732 Jul 21 18:26 JavaCompiledCompositeTest3_CompiledCompositeActor.class
-rw-rw-r--   1 travis travis  13080 Jul 21 18:26 JavaCompiledCompositeTest3_CompiledCompositeActor.java
-rw-rw-r--   1 travis travis   1397 Jul 21 18:26 JavaCompiledCompositeTest3_CompiledCompositeActor$_JavaCompiledCompositeTest3_CompiledCompositeActor.class
-rw-rw-r--   1 travis travis   1625 Jul 21 18:26 JavaCompiledCompositeTest3_CompiledCompositeActor.mk
-rw-rw-r--   1 travis travis   4183 Jul 21 18:26 JavaCompiledCompositeTest4_CompiledCompositeActor.class
-rw-rw-r--   1 travis travis   9687 Jul 21 18:26 JavaCompiledCompositeTest4_CompiledCompositeActor.java
-rw-rw-r--   1 travis travis    876 Jul 21 18:26 JavaCompiledCompositeTest4_CompiledCompositeActor$_JavaCompiledCompositeTest4_CompiledCompositeActor.class
-rw-rw-r--   1 travis travis   1625 Jul 21 18:26 JavaCompiledCompositeTest4_CompiledCompositeActor.mk
drwxrwxr-x   3 travis travis  12288 Jul 21 18:21 LookupTable
drwxrwxr-x   3 travis travis  20480 Jul 21 18:21 MaxIndex
-rw-rw-r--   1 travis travis   3925 Jul 21 18:26 ModularCG_A1_B1.class
-rw-rw-r--   1 travis travis   9730 Jul 21 18:26 ModularCG_A1_B1.java
-rw-rw-r--   1 travis travis    832 Jul 21 18:26 ModularCG_A1_B1.mk
-rw-rw-r--   1 travis travis   1318 Jul 21 18:26 ModularCG_A1_B1_profile.class
-rw-rw-r--   1 travis travis   1262 Jul 21 18:26 ModularCG_A1_B1_profile.java
-rw-rw-r--   1 travis travis   3925 Jul 21 18:27 ModularCG_A1_B2.class
-rw-rw-r--   1 travis travis   9730 Jul 21 18:27 ModularCG_A1_B2.java
-rw-rw-r--   1 travis travis    832 Jul 21 18:27 ModularCG_A1_B2.mk
-rw-rw-r--   1 travis travis   1318 Jul 21 18:27 ModularCG_A1_B2_profile.class
-rw-rw-r--   1 travis travis   1262 Jul 21 18:26 ModularCG_A1_B2_profile.java
-rw-rw-r--   1 travis travis   5031 Jul 21 18:27 ModularCG_A1.class
-rw-rw-r--   1 travis travis  14742 Jul 21 18:27 ModularCG_A1.java
-rw-rw-r--   1 travis travis    808 Jul 21 18:27 ModularCG_A1.mk
-rw-rw-r--   1 travis travis   1433 Jul 21 18:27 ModularCG_A1_profile.class
-rw-rw-r--   1 travis travis   1704 Jul 21 18:27 ModularCG_A1_profile.java
-rw-rw-r--   1 travis travis   4059 Jul 21 18:27 ModularCG_A2_B1.class
-rw-rw-r--   1 travis travis  10667 Jul 21 18:27 ModularCG_A2_B1.java
-rw-rw-r--   1 travis travis    832 Jul 21 18:27 ModularCG_A2_B1.mk
-rw-rw-r--   1 travis travis   1381 Jul 21 18:27 ModularCG_A2_B1_profile.class
-rw-rw-r--   1 travis travis   1446 Jul 21 18:27 ModularCG_A2_B1_profile.java
-rw-rw-r--   1 travis travis   3925 Jul 21 18:27 ModularCG_A2_B2.class
-rw-rw-r--   1 travis travis   9730 Jul 21 18:27 ModularCG_A2_B2.java
-rw-rw-r--   1 travis travis    832 Jul 21 18:27 ModularCG_A2_B2.mk
-rw-rw-r--   1 travis travis   1318 Jul 21 18:27 ModularCG_A2_B2_profile.class
-rw-rw-r--   1 travis travis   1262 Jul 21 18:27 ModularCG_A2_B2_profile.java
-rw-rw-r--   1 travis travis   5102 Jul 21 18:27 ModularCG_A2.class
In "/home/travis/cg", about to execute:
    javac -classpath
.:/home/travis/build/icyphy/ptII:/home/travis/build/icyphy/ptII/lib/bsh-2.0b4.j
ar:/home/travis/build/icyphy/ptII/lib/ptCal.jar:/home/travis/build/icyphy/ptII/
lib/java_cup.jar:/home/travis/build/icyphy/ptII/lib/saxon8.jar:/home/travis/bui
ld/icyphy/ptII/lib/saxon8-dom.jar:/home/travis/build/icyphy/ptII/lib/chic.jar:/
home/travis/build/icyphy/ptII/lib/ptcolt.jar:/home/travis/build/icyphy/ptII/ven
dors/misc/itext/iText.jar:/home/travis/build/icyphy/ptII/lib/g4ltl.jar:/home/tr
avis/build/icyphy/ptII/lib/StructuralCoder.jar:/home/travis/build/icyphy/ptII/l
ib/jcerti.jar:/home/travis/build/icyphy/ptII/lib/javax.mail.jar:/home/travis/bu
ild/icyphy/ptII/vendors/JMF-2.1.1e/lib/jmf.jar:/home/travis/build/icyphy/ptII/l
ib/jna-4.0.0-variadic.jar:/home/travis/build/icyphy/ptII/vendors/misc/joystick/
Joystick.jar:/home/travis/build/icyphy/ptII/lib/ptjacl.jar:/home/travis/build/i
cyphy/ptII/lib/jsoup-1.8.2.jar:/home/travis/build/icyphy/ptII/lib/junit-4.8.2.j
ar:/home/travis/build/icyphy/ptII/lib/JUnitParams-0.4.0.jar:/home/travis/build/
icyphy/ptII/ptolemy/actor/lib/excel/jxl.jar:/home/travis/build/icyphy/ptII/lib/
jython.jar:/home/travis/build/icyphy/ptII/lib/kieler.jar:/home/travis/build/icy
phy/ptII/vendors/opencv/share/OpenCV/java/opencv-341.jar:/home/travis/build/icy
phy/ptII/lib/oscP5.jar:/home/travis/build/icyphy/ptII/lib/nrjavaserial-3.11.0.d
evel.jar:/home/travis/build/icyphy/ptII/vendors/j3d/lib/Linux/j3dcore.jar:/home
/travis/build/icyphy/ptII/vendors/j3d/lib/Linux/j3dutils.jar:/home/travis/build
/icyphy/ptII/vendors/j3d/lib/Linux/vecmath.jar:/home/travis/build/icyphy/ptII/v
endors/jogl/lib/Linux/gluegen-rt-natives-linux-amd64.jar:/home/travis/build/icy
phy/ptII/vendors/jogl/lib/Linux/gluegen-rt.jar:/home/travis/build/icyphy/ptII/v
endors/jogl/lib/Linux/jogl-all-natives-linux-amd64.jar:/home/travis/build/icyph
y/ptII/vendors/jogl/lib/Linux/jogl-all.jar:/home/travis/build/icyphy/ptII/ptole
my/distributed/jini/jar/jini-core.jar:/home/travis/build/icyphy/ptII/ptolemy/di
stributed/jini/jar/jini-ext.jar:/home/travis/build/icyphy/ptII/ptolemy/distribu
ted/jini/jar/sun-util.jar:/home/travis/build/icyphy/ptII/lib/protobuf-java-2.4.
1.jar:/home/travis/build/icyphy/ptII/lib/org.eclipse.paho.client.mqttv3.jar:/ho
me/travis/build/icyphy/ptII/lib/mapss.jar:/home/travis/build/icyphy/ptII/ptolem
y/actor/ptalon/antlr/antlr.jar:/home/travis/build/icyphy/ptII/lib/JRI.jar:/home
/travis/build/icyphy/ptII/lib/commons-lang-2.6.jar:/home/travis/build/icyphy/pt
II/lib/commons-logging-1.1.1.jar:/home/travis/build/icyphy/ptII/lib/sootclasses
.jar:/home/travis/build/icyphy/ptII/ptolemy/actor/lib/database/mysql-connector-
java-5.1.6-bin.jar:/home/travis/build/icyphy/ptII/vendors/misc/sphinx4/sphinx4-
data-5prealpha.jar:/home/travis/build/icyphy/ptII/vendors/misc/sphinx4/sphinx4-
core-5prealpha.jar:/home/travis/build/icyphy/ptII/lib/PDFRenderer.jar:/home/tra
vis/build/icyphy/ptII/lib/svgSalamander.jar:/home/travis/build/icyphy/ptII/lib/
rsyntaxtextarea-2.6.0-SNAPSHOT.jar:/home/travis/build/icyphy/ptII/lib/hazelcast
-3.8.2.jar:/home/travis/build/icyphy/ptII/lib/jackson-annotations-2.9.0.jar:/ho
me/travis/build/icyphy/ptII/lib/jackson-core-2.9.3.jar:/home/travis/build/icyph
y/ptII/lib/jackson-databind-2.9.3.jar:/home/travis/build/icyphy/ptII/lib/netty-
buffer-4.1.19.Final.jar:/home/travis/build/icyphy/ptII/lib/netty-codec-4.1.19.F
inal.jar:/home/travis/build/icyphy/ptII/lib/netty-codec-dns-4.1.19.Final.jar:/h
ome/travis/build/icyphy/ptII/lib/netty-codec-http-4.1.19.Final.jar:/home/travis
/build/icyphy/ptII/lib/netty-codec-http2-4.1.19.Final.jar:/home/travis/build/ic
yphy/ptII/lib/netty-common-4.1.19.Final.jar:/home/travis/build/icyphy/ptII/lib/
netty-handler-4.1.19.Final.jar:/home/travis/build/icyphy/ptII/lib/netty-resolve
r-4.1.19.Final.jar:/home/travis/build/icyphy/ptII/lib/netty-resolver-dns-4.1.19
.Final.jar:/home/travis/build/icyphy/ptII/lib/netty-transport-4.1.19.Final.jar:
/home/travis/build/icyphy/ptII/lib/vertx-codegen-3.5.1.jar:/home/travis/build/i
cyphy/ptII/lib/vertx-core-3.5.2-SNAPSHOT.jar:/home/travis/build/icyphy/ptII/lib
/vertx-hazelcast-3.5.1.jar:/home/travis/build/icyphy/ptII/lib/vertx-lang-js-3.5
.1.jar:/home/travis/build/icyphy/ptII/lib/vertx-service-proxy-3.5.1.jar:/home/t
ravis/build/icyphy/ptII/lib/vertx-web-3.5.1.jar:/home/travis/build/icyphy/ptII/
lib/slf4j-api-1.7.13.jar:/home/travis/build/icyphy/ptII/lib/slf4j-simple-1.7.13
.jar:/home/travis/build/icyphy/ptII/lib/webcam-capture-0.3.12.jar:/home/travis/
build/icyphy/ptII/lib/bridj-0.7.0.jar:/home/travis/build/icyphy/ptII/lib/xbjlib
-1.1.0.nrjavaserial.jar:/home/travis/build/icyphy/ptII/ptolemy/moml/test:/home/
travis/build/icyphy/ptII/ant/lib/ant-launcher.jar:/home/travis/build/icyphy/ptI
I/ant/lib/ant.jar:/home/travis/build/icyphy/ptII/ant/lib/ant-junit.jar:/home/tr
avis/build/icyphy/ptII/ant/lib/ant-junit4.jar:/home/travis/build/icyphy/ptII
ModularCodeGen3_A1_profile.java
-rw-rw-r--   1 travis travis  15129 Jul 21 18:27 ModularCG_A2.java
-rw-rw-r--   1 travis travis    808 Jul 21 18:27 ModularCG_A2.mk
-rw-rw-r--   1 travis travis   1433 Jul 21 18:27 ModularCG_A2_profile.class
-rw-rw-r--   1 travis travis   1704 Jul 21 18:27 ModularCG_A2_profile.java
-rw-rw-r--   1 travis travis   3705 Jul 21 18:27 ModularCGPubSub_A1_A2.class
-rw-rw-r--   1 travis travis   9076 Jul 21 18:27 ModularCGPubSub_A1_A2.java
-rw-rw-r--   1 travis travis    880 Jul 21 18:27 ModularCGPubSub_A1_A2.mk
-rw-rw-r--   1 travis travis   1300 Jul 21 18:27 ModularCGPubSub_A1_A2_profile.class
-rw-rw-r--   1 travis travis   1222 Jul 21 18:27 ModularCGPubSub_A1_A2_profile.java
-rw-rw-r--   1 travis travis   4022 Jul 21 18:27 ModularCGPubSub_A1.class
-rw-rw-r--   1 travis travis   9836 Jul 21 18:27 ModularCGPubSub_A1.java
-rw-rw-r--   1 travis travis    856 Jul 21 18:27 ModularCGPubSub_A1.mk
-rw-rw-r--   1 travis travis   1346 Jul 21 18:27 ModularCGPubSub_A1_profile.class
-rw-rw-r--   1 travis travis   1388 Jul 21 18:27 ModularCGPubSub_A1_profile.java
-rw-rw-r--   1 travis travis   4220 Jul 21 18:27 ModularCodeGen2_ModularCodeGenTypedCompositeActor.class
-rw-rw-r--   1 travis travis  11690 Jul 21 18:27 ModularCodeGen2_ModularCodeGenTypedCompositeActor.java
-rw-rw-r--   1 travis travis   1104 Jul 21 18:27 ModularCodeGen2_ModularCodeGenTypedCompositeActor.mk
-rw-rw-r--   1 travis travis   4504 Jul 21 18:27 ModularCodeGen2_ModularCodeGenTypedCompositeActor_ModularCodeGenTypedCompositeActor.class
-rw-rw-r--   1 travis travis  11790 Jul 21 18:27 ModularCodeGen2_ModularCodeGenTypedCompositeActor_ModularCodeGenTypedCompositeActor.java
-rw-rw-r--   1 travis travis   1376 Jul 21 18:27 ModularCodeGen2_ModularCodeGenTypedCompositeActor_ModularCodeGenTypedCompositeActor.mk
-rw-rw-r--   1 travis travis   1421 Jul 21 18:27 ModularCodeGen2_ModularCodeGenTypedCompositeActor_ModularCodeGenTypedCompositeActor_profile.class
-rw-rw-r--   1 travis travis   1294 Jul 21 18:27 ModularCodeGen2_ModularCodeGenTypedCompositeActor_ModularCodeGenTypedCompositeActor_profile.java
-rw-rw-r--   1 travis travis    820 Jul 21 18:27 ModularCodeGen2_ModularCodeGenTypedCompositeActor_profile.class
-rw-rw-r--   1 travis travis    693 Jul 21 18:27 ModularCodeGen2_ModularCodeGenTypedCompositeActor_profile.java
-rw-rw-r--   1 travis travis   3973 Jul 21 18:27 ModularCodeGen3_A1_B1.class
-rw-rw-r--   1 travis travis   9958 Jul 21 18:27 ModularCodeGen3_A1_B1.java
-rw-rw-r--   1 travis travis    880 Jul 21 18:27 ModularCodeGen3_A1_B1.mk
-rw-rw-r--   1 travis travis   1330 Jul 21 18:27 ModularCodeGen3_A1_B1_profile.class
-rw-rw-r--   1 travis travis   1274 Jul 21 18:27 ModularCodeGen3_A1_B1_profile.java
-rw-rw-r--   1 travis travis   3973 Jul 21 18:27 ModularCodeGen3_A1_B2.class
-rw-rw-r--   1 travis travis   9958 Jul 21 18:27 ModularCodeGen3_A1_B2.java
-rw-rw-r--   1 travis travis    880 Jul 21 18:27 ModularCodeGen3_A1_B2.mk
-rw-rw-r--   1 travis travis   1330 Jul 21 18:27 ModularCodeGen3_A1_B2_profile.class
-rw-rw-r--   1 travis travis   1274 Jul 21 18:27 ModularCodeGen3_A1_B2_profile.java
-rw-rw-r--   1 travis travis   1716 Jul 21 18:27 ModularCodeGen3_A1_profile.java
-rw-rw-r--   1 travis travis   4186 Jul 21 18:27 ModularCodeGen_ModularCodeGenTypedCompositeActor.class
-rw-rw-r--   1 travis travis  10970 Jul 21 18:27 ModularCodeGen_ModularCodeGenTypedCompositeActor.java
-rw-rw-r--   1 travis travis   1096 Jul 21 18:27 ModularCodeGen_ModularCodeGenTypedCompositeActor.mk
-rw-rw-r--   1 travis travis   1384 Jul 21 18:27 ModularCodeGen_ModularCodeGenTypedCompositeActor_profile.class
-rw-rw-r--   1 travis travis   1328 Jul 21 18:27 ModularCodeGen_ModularCodeGenTypedCompositeActor_profile.java
-rw-rw-r--   1 travis travis   3724 Jul 21 18:26 ModularCodeGenTest_A1_A2.class
-rw-rw-r--   1 travis travis   9164 Jul 21 18:26 ModularCodeGenTest_A1_A2.java
-rw-rw-r--   1 travis travis   1306 Jul 21 18:26 ModularCodeGenTest_A1_A2_profile.class
-rw-rw-r--   1 travis travis   4055 Jul 21 18:26 ModularCodeGenTest_A1.class
-rw-rw-r--   1 travis travis   9968 Jul 21 18:26 ModularCodeGenTest_A1.java
-rw-rw-r--   1 travis travis    880 Jul 21 18:26 ModularCodeGenTest_A1.mk
-rw-rw-r--   1 travis travis   1352 Jul 21 18:26 ModularCodeGenTest_A1_profile.class
-rw-rw-r--   1 travis travis   1394 Jul 21 18:26 ModularCodeGenTest_A1_profile.java
drwxrwxr-x   3 travis travis  32768 Jul 21 18:26 modulation2
drwxrwxr-x 139 travis travis  12288 Jul 21 18:26 node_modules
drwxrwxr-x   3 travis travis  20480 Jul 21 18:21 PhaseUnwrap
drwxrwxr-x   3 travis travis  12288 Jul 21 18:22 ReadFile1
-rw-rw-r--   1 travis travis     11 Jul 21 18:21 ReadFile1Output.txt
-rw-rw-r--   1 travis travis  13773 Jul 21 18:26 Repeat.class
-rw-rw-r--   1 travis travis    685 Jul 21 18:26 Repeat$_fireFunction_Repeat_Repeat$__f_sL_11.class
-rw-rw-r--   1 travis travis    541 Jul 21 18:26 Repeat$_fireFunction_Repeat_Repeat$__f_sL_12.class
-rw-rw-r--   1 travis travis    541 Jul 21 18:26 Repeat$_fireFunction_Repeat_Repeat$__f_sL_13.class
-rw-rw-r--   1 travis travis    541 Jul 21 18:26 Repeat$_fireFunction_Repeat_Repeat$__f_sL_14.class
-rw-rw-r--   1 travis travis    684 Jul 21 18:26 Repeat$_fireFunction_Repeat_Repeat$__f_sL_1.class
-rw-rw-r--   1 travis travis    683 Jul 21 18:26 Repeat$_fireFunction_Repeat_Repeat$__f_sL_4.class
-rw-rw-r--   1 travis travis    539 Jul 21 18:26 Repeat$_fireFunction_Repeat_Repeat$__f_sL_9.class
-rw-rw-r--   1 travis travis    494 Jul 21 18:26 Repeat$_initialize_Repeat$__i_sL_2.class
-rw-rw-r--   1 travis travis   1281 Jul 21 18:26 Repeat.mk
-rw-rw-r--   1 travis travis    539 Jul 21 18:26 Repeat$_preinitializeMethod_Repeat$__p_sL_0.class
-rw-rw-r--   1 travis travis   1102 Jul 21 18:26 Repeat$_Repeat$_fireFunction_Repeat_AddSubtract_Repeat.class
-rw-rw-r--   1 travis travis    810 Jul 21 18:26 Repeat$_Repeat$_fireFunction_Repeat_AddSubtract_Repeat$__f_sL_0.class
-rw-rw-r--   1 travis travis    928 Jul 21 18:26 Repeat$_Repeat$_fireFunction_Repeat_AddSubtract_Repeat$__f_sL_1.class
-rw-rw-r--   1 travis travis    934 Jul 21 18:26 Repeat$_Repeat$_fireFunction_Repeat_AddSubtract_Repeat$__f_sL_2.class
-rw-rw-r--   1 travis travis    862 Jul 21 18:26 Repeat$_Repeat$_fireFunction_Repeat_AddSubtract_Repeat$__f_sL_3.class
-rw-rw-r--   1 travis travis    757 Jul 21 18:26 Repeat$_Repeat$_fireFunction_Repeat_Ramp2_Repeat$__f_sL_0.class
-rw-rw-r--   1 travis travis    888 Jul 21 18:26 Repeat$_Repeat$_fireFunction_Repeat_Test_Repeat$__f_sL_0.class
-rw-rw-r--   1 travis travis    634 Jul 21 18:26 Repeat$_Repeat$_fireFunction_Repeat_Test_Repeat$__f_sL_1.class
-rw-rw-r--   1 travis travis    704 Jul 21 18:26 Repeat$_Repeat_SDF_Director_run_Repeat$__R_sL_0.class
-rw-rw-r--   1 travis travis    705 Jul 21 18:26 Repeat$_Repeat_SDF_Director_run_Repeat$__R_sL_11.class
-rw-rw-r--   1 travis travis    561 Jul 21 18:26 Repeat$_Repeat_SDF_Director_run_Repeat$__R_sL_13.class
-rw-rw-r--   1 travis travis    559 Jul 21 18:26 Repeat$_Repeat_SDF_Director_run_Repeat$__R_sL_2.class
-rw-rw-r--   1 travis travis    703 Jul 21 18:26 Repeat$_Repeat_SDF_Director_run_Repeat$__R_sL_3.class
-rw-rw-r--   1 travis travis    559 Jul 21 18:26 Repeat$_Repeat_SDF_Director_run_Repeat$__R_sL_5.class
-rw-rw-r--   1 travis travis    559 Jul 21 18:26 Repeat$_Repeat_SDF_Director_run_Repeat$__R_sL_8.class
drwxrwxr-x   2 travis travis   4096 Jul 21 18:26 RepeatVariables
-rw-rw-r--   1 travis travis    882 Jul 21 18:26 Repeat$_varinit_Repeat.class
-rw-rw-r--   1 travis travis    550 Jul 21 18:26 Repeat$_varinit_Repeat$__v_sL_2.class
-rw-rw-r--   1 travis travis    924 Jul 21 18:26 Repeat$_varinit_Repeat$__v_sL_4.class
-rw-rw-r--   1 travis travis    978 Jul 21 18:26 Repeat$_wrapup_Repeat$__w_sL_1.class
drwxrwxr-x   3 travis travis  20480 Jul 21 18:22 Sinewave
drwxrwxr-x   3 travis travis  32768 Jul 21 18:23 StringFunction
drwxrwxr-x   3 travis travis  12288 Jul 21 18:24 StringLength
drwxrwxr-x   3 travis travis  61440 Jul 21 18:24 StringMatches2
drwxrwxr-x   3 travis travis  61440 Jul 21 18:24 StringSimpleReplace
drwxrwxr-x   3 travis travis  65536 Jul 21 18:24 StringSubstring
drwxrwxr-x   3 travis travis  24576 Jul 21 18:25 StringSubstring2
drwxrwxr-x   3 travis travis  16384 Jul 21 18:25 time1
drwxrwxr-x   3 travis travis  12288 Jul 21 18:26 time5
-rw-rw-r--   1 travis travis    432 Jul 21 18:27 Token.class
-rw-rw-r--   1 travis travis    251 Jul 21 18:27 Token.java
-rwxrwxr-x   1 travis travis 466992 Jul 21 18:18 top
-rw-rw-r--   1 travis travis  20502 Jul 21 18:18 top.c
-rw-rw-r--   1 travis travis   3799 Jul 21 18:26 top.class
-rw-rw-r--   1 travis travis   1257 Jul 21 18:26 top.mk
All Done
Writing ModularCodeGen3_A1.java in file:/home/travis/cg/ (15564 characters)
Reading "ptolemy/cg/kernel/generic/program/procedural/java/modular/makefile.in",
    writing "/home/travis/cg/ModularCodeGen3_A1.mk"
Using ptolemy/cg/kernel/generic/program/procedural/java/modular/makefile.in
In "/home/travis/cg", about to execute:
    make -f ModularCodeGen3_A1.mk
javac -classpath ".:.."    ModularCodeGen3_A1.java
All Done
In "/home/travis/cg", about to execute:
    pwd
/home/travis/cg
In "/home/travis/cg", about to execute:
    ls -l
total 1824
drwxrwxr-x   3 travis travis  12288 Jul 21 18:20 AbsoluteValue
drwxrwxr-x   3 travis travis 102400 Jul 21 18:19 AllColt
drwxrwxr-x   3 travis travis  12288 Jul 21 18:19 Case1
-rw-rw-r--   1 travis travis   5128 Jul 21 18:26 CompiledCompositeActor_CompiledCompositeActor.class
-rw-rw-r--   1 travis travis   1611 Jul 21 18:26 CompiledCompositeActor_CompiledCompositeActor$_CompiledCompositeActor_CompiledCompositeActor.class
-rw-rw-r--   1 travis travis  13466 Jul 21 18:26 CompiledCompositeActor_CompiledCompositeActor.java
-rw-rw-r--   1 travis travis   1593 Jul 21 18:26 CompiledCompositeActor_CompiledCompositeActor.mk
drwxrwxr-x   5 travis travis   4096 Jul 21 18:18 fmi
drwxrwxr-x   3 travis travis  16384 Jul 21 18:20 Gaussian2
-rw-rw-r--   1 travis travis   4684 Jul 21 18:26 JavaCompiledCompositeTest1_CompiledCompositeActor.class
-rw-rw-r--   1 travis travis  11637 Jul 21 18:26 JavaCompiledCompositeTest1_CompiledCompositeActor.java
-rw-rw-r--   1 travis travis   1217 Jul 21 18:26 JavaCompiledCompositeTest1_CompiledCompositeActor$_JavaCompiledCompositeTest1_CompiledCompositeActor.class
-rw-rw-r--   1 travis travis   1625 Jul 21 18:26 JavaCompiledCompositeTest1_CompiledCompositeActor.mk
-rw-rw-r--   1 travis travis   5115 Jul 21 18:26 JavaCompiledCompositeTest2_CompiledCompositeActor.class
-rw-rw-r--   1 travis travis  14919 Jul 21 18:26 JavaCompiledCompositeTest2_CompiledCompositeActor.java
-rw-rw-r--   1 travis travis   1812 Jul 21 18:26 JavaCompiledCompositeTest2_CompiledCompositeActor$_JavaCompiledCompositeTest2_CompiledCompositeActor.class
-rw-rw-r--   1 travis travis   1625 Jul 21 18:26 JavaCompiledCompositeTest2_CompiledCompositeActor.mk
-rw-rw-r--   1 travis travis   4732 Jul 21 18:26 JavaCompiledCompositeTest3_CompiledCompositeActor.class
-rw-rw-r--   1 travis travis  13080 Jul 21 18:26 JavaCompiledCompositeTest3_CompiledCompositeActor.java
-rw-rw-r--   1 travis travis   1397 Jul 21 18:26 JavaCompiledCompositeTest3_CompiledCompositeActor$_JavaCompiledCompositeTest3_CompiledCompositeActor.class
-rw-rw-r--   1 travis travis   1625 Jul 21 18:26 JavaCompiledCompositeTest3_CompiledCompositeActor.mk
-rw-rw-r--   1 travis travis   4183 Jul 21 18:26 JavaCompiledCompositeTest4_CompiledCompositeActor.class
-rw-rw-r--   1 travis travis   9687 Jul 21 18:26 JavaCompiledCompositeTest4_CompiledCompositeActor.java
-rw-rw-r--   1 travis travis    876 Jul 21 18:26 JavaCompiledCompositeTest4_CompiledCompositeActor$_JavaCompiledCompositeTest4_CompiledCompositeActor.class
-rw-rw-r--   1 travis travis   1625 Jul 21 18:26 JavaCompiledCompositeTest4_CompiledCompositeActor.mk
drwxrwxr-x   3 travis travis  12288 Jul 21 18:21 LookupTable
drwxrwxr-x   3 travis travis  20480 Jul 21 18:21 MaxIndex
-rw-rw-r--   1 travis travis   3925 Jul 21 18:26 ModularCG_A1_B1.class
-rw-rw-r--   1 travis travis   9730 Jul 21 18:26 ModularCG_A1_B1.java
-rw-rw-r--   1 travis travis    832 Jul 21 18:26 ModularCG_A1_B1.mk
-rw-rw-r--   1 travis travis   1318 Jul 21 18:26 ModularCG_A1_B1_profile.class
-rw-rw-r--   1 travis travis   1262 Jul 21 18:26 ModularCG_A1_B1_profile.java
-rw-rw-r--   1 travis travis   3925 Jul 21 18:27 ModularCG_A1_B2.class
-rw-rw-r--   1 travis travis   9730 Jul 21 18:27 ModularCG_A1_B2.java
-rw-rw-r--   1 travis travis    832 Jul 21 18:27 ModularCG_A1_B2.mk
-rw-rw-r--   1 travis travis   1318 Jul 21 18:27 ModularCG_A1_B2_profile.class
-rw-rw-r--   1 travis travis   1262 Jul 21 18:26 ModularCG_A1_B2_profile.java
-rw-rw-r--   1 travis travis   5031 Jul 21 18:27 ModularCG_A1.class
-rw-rw-r--   1 travis travis  14742 Jul 21 18:27 ModularCG_A1.java
-rw-rw-r--   1 travis travis    808 Jul 21 18:27 ModularCG_A1.mk
-rw-rw-r--   1 travis travis   1433 Jul 21 18:27 ModularCG_A1_profile.class
-rw-rw-r--   1 travis travis   1704 Jul 21 18:27 ModularCG_A1_profile.java
-rw-rw-r--   1 travis travis   4059 Jul 21 18:27 ModularCG_A2_B1.class
-rw-rw-r--   1 travis travis  10667 Jul 21 18:27 ModularCG_A2_B1.java
-rw-rw-r--   1 travis travis    832 Jul 21 18:27 ModularCG_A2_B1.mk
-rw-rw-r--   1 travis travis   1381 Jul 21 18:27 ModularCG_A2_B1_profile.class
-rw-rw-r--   1 travis travis   1446 Jul 21 18:27 ModularCG_A2_B1_profile.java
-rw-rw-r--   1 travis travis   3925 Jul 21 18:27 ModularCG_A2_B2.class
-rw-rw-r--   1 travis travis   9730 Jul 21 18:27 ModularCG_A2_B2.java
-rw-rw-r--   1 travis travis    832 Jul 21 18:27 ModularCG_A2_B2.mk
-rw-rw-r--   1 travis travis   1318 Jul 21 18:27 ModularCG_A2_B2_profile.class
-rw-rw-r--   1 travis travis   1262 Jul 21 18:27 ModularCG_A2_B2_profile.java
-rw-rw-r--   1 travis travis   5102 Jul 21 18:27 ModularCG_A2.class
-rw-rw-r--   1 travis travis  15129 Jul 21 18:27 ModularCG_A2.java
-rw-rw-r--   1 travis travis    808 Jul 21 18:27 ModularCG_A2.mk
-rw-rw-r--   1 travis travis   1433 Jul 21 18:27 ModularCG_A2_profile.class
-rw-rw-r--   1 travis travis   1704 Jul 21 18:27 ModularCG_A2_profile.java
-rw-rw-r--   1 travis travis   3705 Jul 21 18:27 ModularCGPubSub_A1_A2.class
-rw-rw-r--   1 travis travis   9076 Jul 21 18:27 ModularCGPubSub_A1_A2.java
-rw-rw-r--   1 travis travis    880 Jul 21 18:27 ModularCGPubSub_A1_A2.mk
-rw-rw-r--   1 travis travis   1300 Jul 21 18:27 ModularCGPubSub_A1_A2_profile.class
-rw-rw-r--   1 travis travis   1222 Jul 21 18:27 ModularCGPubSub_A1_A2_profile.java
-rw-rw-r--   1 travis travis   4022 Jul 21 18:27 ModularCGPubSub_A1.class
-rw-rw-r--   1 travis travis   9836 Jul 21 18:27 ModularCGPubSub_A1.java
-rw-rw-r--   1 travis travis    856 Jul 21 18:27 ModularCGPubSub_A1.mk
-rw-rw-r--   1 travis travis   1346 Jul 21 18:27 ModularCGPubSub_A1_profile.class
-rw-rw-r--   1 travis travis   1388 Jul 21 18:27 ModularCGPubSub_A1_profile.java
-rw-rw-r--   1 travis travis   4220 Jul 21 18:27 ModularCodeGen2_ModularCodeGenTypedCompositeActor.class
-rw-rw-r--   1 travis travis  11690 Jul 21 18:27 ModularCodeGen2_ModularCodeGenTypedCompositeActor.java
-rw-rw-r--   1 travis travis   1104 Jul 21 18:27 ModularCodeGen2_ModularCodeGenTypedCompositeActor.mk
-rw-rw-r--   1 travis travis   4504 Jul 21 18:27 ModularCodeGen2_ModularCodeGenTypedCompositeActor_ModularCodeGenTypedCompositeActor.class
-rw-rw-r--   1 travis travis  11790 Jul 21 18:27 ModularCodeGen2_ModularCodeGenTypedCompositeActor_ModularCodeGenTypedCompositeActor.java
-rw-rw-r--   1 travis travis   1376 Jul 21 18:27 ModularCodeGen2_ModularCodeGenTypedCompositeActor_ModularCodeGenTypedCompositeActor.mk
-rw-rw-r--   1 travis travis   1421 Jul 21 18:27 ModularCodeGen2_ModularCodeGenTypedCompositeActor_ModularCodeGenTypedCompositeActor_profile.class
-rw-rw-r--   1 travis travis   1294 Jul 21 18:27 ModularCodeGen2_ModularCodeGenTypedCompositeActor_ModularCodeGenTypedCompositeActor_profile.java
-rw-rw-r--   1 travis travis    820 Jul 21 18:27 ModularCodeGen2_ModularCodeGenTypedCompositeActor_profile.class
-rw-rw-r--   1 travis travis    693 Jul 21 18:27 ModularCodeGen2_ModularCodeGenTypedCompositeActor_profile.java
-rw-rw-r--   1 travis travis   3973 Jul 21 18:27 ModularCodeGen3_A1_B1.class
-rw-rw-r--   1 travis travis   9958 Jul 21 18:27 ModularCodeGen3_A1_B1.java
-rw-rw-r--   1 travis travis    880 Jul 21 18:27 ModularCodeGen3_A1_B1.mk
-rw-rw-r--   1 travis travis   1330 Jul 21 18:27 ModularCodeGen3_A1_B1_profile.class
-rw-rw-r--   1 travis travis   1274 Jul 21 18:27 ModularCodeGen3_A1_B1_profile.java
-rw-rw-r--   1 travis travis   3973 Jul 21 18:27 ModularCodeGen3_A1_B2.class
-rw-rw-r--   1 travis travis   9958 Jul 21 18:27 ModularCodeGen3_A1_B2.java
-rw-rw-r--   1 travis travis    880 Jul 21 18:27 ModularCodeGen3_A1_B2.mk
-rw-rw-r--   1 travis travis   1330 Jul 21 18:27 ModularCodeGen3_A1_B2_profile.class
-rw-rw-r--   1 travis travis   1274 Jul 21 18:27 ModularCodeGen3_A1_B2_profile.java
-rw-rw-r--   1 travis travis   5193 Jul 21 18:27 ModularCodeGen3_A1.class
-rw-rw-r--   1 travis travis  15564 Jul 21 18:27 ModularCodeGen3_A1.java
-rw-rw-r--   1 travis travis    856 Jul 21 18:27 ModularCodeGen3_A1.mk
-rw-rw-r--   1 travis travis   1445 Jul 21 18:27 ModularCodeGen3_A1_profile.class
-rw-rw-r--   1 travis travis   1716 Jul 21 18:27 ModularCodeGen3_A1_profile.java
-rw-rw-r--   1 travis travis   1458 Jul 21 18:27 ModularCodeGen3_A2_B1_profile.java
-rw-rw-r--   1 travis travis   4186 Jul 21 18:27 ModularCodeGen_ModularCodeGenTypedCompositeActor.class
-rw-rw-r--   1 travis travis  10970 Jul 21 18:27 ModularCodeGen_ModularCodeGenTypedCompositeActor.java
-rw-rw-r--   1 travis travis   1096 Jul 21 18:27 ModularCodeGen_ModularCodeGenTypedCompositeActor.mk
-rw-rw-r--   1 travis travis   1384 Jul 21 18:27 ModularCodeGen_ModularCodeGenTypedCompositeActor_profile.class
-rw-rw-r--   1 travis travis   1328 Jul 21 18:27 ModularCodeGen_ModularCodeGenTypedCompositeActor_profile.java
-rw-rw-r--   1 travis travis   3724 Jul 21 18:26 ModularCodeGenTest_A1_A2.class
-rw-rw-r--   1 travis travis   9164 Jul 21 18:26 ModularCodeGenTest_A1_A2.java
-rw-rw-r--   1 travis travis   1306 Jul 21 18:26 ModularCodeGenTest_A1_A2_profile.class
-rw-rw-r--   1 travis travis   4055 Jul 21 18:26 ModularCodeGenTest_A1.class
-rw-rw-r--   1 travis travis   9968 Jul 21 18:26 ModularCodeGenTest_A1.java
-rw-rw-r--   1 travis travis    880 Jul 21 18:26 ModularCodeGenTest_A1.mk
-rw-rw-r--   1 travis travis   1352 Jul 21 18:26 ModularCodeGenTest_A1_profile.class
-rw-rw-r--   1 travis travis   1394 Jul 21 18:26 ModularCodeGenTest_A1_profile.java
drwxrwxr-x   3 travis travis  32768 Jul 21 18:26 modulation2
drwxrwxr-x 139 travis travis  12288 Jul 21 18:26 node_modules
drwxrwxr-x   3 travis travis  20480 Jul 21 18:21 PhaseUnwrap
drwxrwxr-x   3 travis travis  12288 Jul 21 18:22 ReadFile1
-rw-rw-r--   1 travis travis     11 Jul 21 18:21 ReadFile1Output.txt
-rw-rw-r--   1 travis travis  13773 Jul 21 18:26 Repeat.class
-rw-rw-r--   1 travis travis    685 Jul 21 18:26 Repeat$_fireFunction_Repeat_Repeat$__f_sL_11.class
-rw-rw-r--   1 travis travis    541 Jul 21 18:26 Repeat$_fireFunction_Repeat_Repeat$__f_sL_12.class
-rw-rw-r--   1 travis travis    541 Jul 21 18:26 Repeat$_fireFunction_Repeat_Repeat$__f_sL_13.class
-rw-rw-r--   1 travis travis    541 Jul 21 18:26 Repeat$_fireFunction_Repeat_Repeat$__f_sL_14.class
-rw-rw-r--   1 travis travis    684 Jul 21 18:26 Repeat$_fireFunction_Repeat_Repeat$__f_sL_1.class
-rw-rw-r--   1 travis travis    683 Jul 21 18:26 Repeat$_fireFunction_Repeat_Repeat$__f_sL_4.class
-rw-rw-r--   1 travis travis    539 Jul 21 18:26 Repeat$_fireFunction_Repeat_Repeat$__f_sL_9.class
-rw-rw-r--   1 travis travis    494 Jul 21 18:26 Repeat$_initialize_Repeat$__i_sL_2.class
-rw-rw-r--   1 travis travis   1281 Jul 21 18:26 Repeat.mk
-rw-rw-r--   1 travis travis    539 Jul 21 18:26 Repeat$_preinitializeMethod_Repeat$__p_sL_0.class
-rw-rw-r--   1 travis travis   1102 Jul 21 18:26 Repeat$_Repeat$_fireFunction_Repeat_AddSubtract_Repeat.class
-rw-rw-r--   1 travis travis    810 Jul 21 18:26 Repeat$_Repeat$_fireFunction_Repeat_AddSubtract_Repeat$__f_sL_0.class
-rw-rw-r--   1 travis travis    928 Jul 21 18:26 Repeat$_Repeat$_fireFunction_Repeat_AddSubtract_Repeat$__f_sL_1.class
-rw-rw-r--   1 travis travis    934 Jul 21 18:26 Repeat$_Repeat$_fireFunction_Repeat_AddSubtract_Repeat$__f_sL_2.class
-rw-rw-r--   1 travis travis    862 Jul 21 18:26 Repeat$_Repeat$_fireFunction_Repeat_AddSubtract_Repeat$__f_sL_3.class
-rw-rw-r--   1 travis travis    757 Jul 21 18:26 Repeat$_Repeat$_fireFunction_Repeat_Ramp2_Repeat$__f_sL_0.class
-rw-rw-r--   1 travis travis    888 Jul 21 18:26 Repeat$_Repeat$_fireFunction_Repeat_Test_Repeat$__f_sL_0.class
-rw-rw-r--   1 travis travis    634 Jul 21 18:26 Repeat$_Repeat$_fireFunction_Repeat_Test_Repeat$__f_sL_1.class
-rw-rw-r--   1 travis travis    704 Jul 21 18:26 Repeat$_Repeat_SDF_Director_run_Repeat$__R_sL_0.class
-rw-rw-r--   1 travis travis    705 Jul 21 18:26 Repeat$_Repeat_SDF_Director_run_Repeat$__R_sL_11.class
-rw-rw-r--   1 travis travis    561 Jul 21 18:26 Repeat$_Repeat_SDF_Director_run_Repeat$__R_sL_13.class
-rw-rw-r--   1 travis travis    559 Jul 21 18:26 Repeat$_Repeat_SDF_Director_run_Repeat$__R_sL_2.class
-rw-rw-r--   1 travis travis    703 Jul 21 18:26 Repeat$_Repeat_SDF_Director_run_Repeat$__R_sL_3.class
-rw-rw-r--   1 travis travis    559 Jul 21 18:26 Repeat$_Repeat_SDF_Director_run_Repeat$__R_sL_5.class
-rw-rw-r--   1 travis travis    559 Jul 21 18:26 Repeat$_Repeat_SDF_Director_run_Repeat$__R_sL_8.class
drwxrwxr-x   2 travis travis   4096 Jul 21 18:26 RepeatVariables
-rw-rw-r--   1 travis travis    882 Jul 21 18:26 Repeat$_varinit_Repeat.class
-rw-rw-r--   1 travis travis    550 Jul 21 18:26 Repeat$_varinit_Repeat$__v_sL_2.class
-rw-rw-r--   1 travis travis    924 Jul 21 18:26 Repeat$_varinit_Repeat$__v_sL_4.class
-rw-rw-r--   1 travis travis    978 Jul 21 18:26 Repeat$_wrapup_Repeat$__w_sL_1.class
drwxrwxr-x   3 travis travis  20480 Jul 21 18:22 Sinewave
drwxrwxr-x   3 travis travis  32768 Jul 21 18:23 StringFunction
drwxrwxr-x   3 travis travis  12288 Jul 21 18:24 StringLength
drwxrwxr-x   3 travis travis  61440 Jul 21 18:24 StringMatches2
drwxrwxr-x   3 travis travis  61440 Jul 21 18:24 StringSimpleReplace
drwxrwxr-x   3 travis travis  65536 Jul 21 18:24 StringSubstring
drwxrwxr-x   3 travis travis  24576 Jul 21 18:25 StringSubstring2
drwxrwxr-x   3 travis travis  16384 Jul 21 18:25 time1
drwxrwxr-x   3 travis travis  12288 Jul 21 18:26 time5
-rw-rw-r--   1 travis travis    432 Jul 21 18:27 Token.class
-rw-rw-r--   1 travis travis    251 Jul 21 18:27 Token.java
-rwxrwxr-x   1 travis travis 466992 Jul 21 18:18 top
-rw-rw-r--   1 travis travis  20502 Jul 21 18:18 top.c
-rw-rw-r--   1 travis travis   3799 Jul 21 18:26 top.class
-rw-rw-r--   1 travis travis   1257 Jul 21 18:26 top.mk
In "/home/travis/cg", about to execute:
    javac -classpath
.:/home/travis/build/icyphy/ptII:/home/travis/build/icyphy/ptII/lib/bsh-2.0b4.j
ar:/home/travis/build/icyphy/ptII/lib/ptCal.jar:/home/travis/build/icyphy/ptII/
lib/java_cup.jar:/home/travis/build/icyphy/ptII/lib/saxon8.jar:/home/travis/bui
ld/icyphy/ptII/lib/saxon8-dom.jar:/home/travis/build/icyphy/ptII/lib/chic.jar:/
home/travis/build/icyphy/ptII/lib/ptcolt.jar:/home/travis/build/icyphy/ptII/ven
dors/misc/itext/iText.jar:/home/travis/build/icyphy/ptII/lib/g4ltl.jar:/home/tr
avis/build/icyphy/ptII/lib/StructuralCoder.jar:/home/travis/build/icyphy/ptII/l
ib/jcerti.jar:/home/travis/build/icyphy/ptII/lib/javax.mail.jar:/home/travis/bu
ild/icyphy/ptII/vendors/JMF-2.1.1e/lib/jmf.jar:/home/travis/build/icyphy/ptII/l
ib/jna-4.0.0-variadic.jar:/home/travis/build/icyphy/ptII/vendors/misc/joystick/
Joystick.jar:/home/travis/build/icyphy/ptII/lib/ptjacl.jar:/home/travis/build/i
cyphy/ptII/lib/jsoup-1.8.2.jar:/home/travis/build/icyphy/ptII/lib/junit-4.8.2.j
ar:/home/travis/build/icyphy/ptII/lib/JUnitParams-0.4.0.jar:/home/travis/build/
icyphy/ptII/ptolemy/actor/lib/excel/jxl.jar:/home/travis/build/icyphy/ptII/lib/
jython.jar:/home/travis/build/icyphy/ptII/lib/kieler.jar:/home/travis/build/icy
phy/ptII/vendors/opencv/share/OpenCV/java/opencv-341.jar:/home/travis/build/icy
phy/ptII/lib/oscP5.jar:/home/travis/build/icyphy/ptII/lib/nrjavaserial-3.11.0.d
evel.jar:/home/travis/build/icyphy/ptII/vendors/j3d/lib/Linux/j3dcore.jar:/home
/travis/build/icyphy/ptII/vendors/j3d/lib/Linux/j3dutils.jar:/home/travis/build
/icyphy/ptII/vendors/j3d/lib/Linux/vecmath.jar:/home/travis/build/icyphy/ptII/v
endors/jogl/lib/Linux/gluegen-rt-natives-linux-amd64.jar:/home/travis/build/icy
phy/ptII/vendors/jogl/lib/Linux/gluegen-rt.jar:/home/travis/build/icyphy/ptII/v
endors/jogl/lib/Linux/jogl-all-natives-linux-amd64.jar:/home/travis/build/icyph
y/ptII/vendors/jogl/lib/Linux/jogl-all.jar:/home/travis/build/icyphy/ptII/ptole
my/distributed/jini/jar/jini-core.jar:/home/travis/build/icyphy/ptII/ptolemy/di
stributed/jini/jar/jini-ext.jar:/home/travis/build/icyphy/ptII/ptolemy/distribu
ted/jini/jar/sun-util.jar:/home/travis/build/icyphy/ptII/lib/protobuf-java-2.4.
1.jar:/home/travis/build/icyphy/ptII/lib/org.eclipse.paho.client.mqttv3.jar:/ho
me/travis/build/icyphy/ptII/lib/mapss.jar:/home/travis/build/icyphy/ptII/ptolem
y/actor/ptalon/antlr/antlr.jar:/home/travis/build/icyphy/ptII/lib/JRI.jar:/home
/travis/build/icyphy/ptII/lib/commons-lang-2.6.jar:/home/travis/build/icyphy/pt
II/lib/commons-logging-1.1.1.jar:/home/travis/build/icyphy/ptII/lib/sootclasses
.jar:/home/travis/build/icyphy/ptII/ptolemy/actor/lib/database/mysql-connector-
java-5.1.6-bin.jar:/home/travis/build/icyphy/ptII/vendors/misc/sphinx4/sphinx4-
data-5prealpha.jar:/home/travis/build/icyphy/ptII/vendors/misc/sphinx4/sphinx4-
core-5prealpha.jar:/home/travis/build/icyphy/ptII/lib/PDFRenderer.jar:/home/tra
vis/build/icyphy/ptII/lib/svgSalamander.jar:/home/travis/build/icyphy/ptII/lib/
rsyntaxtextarea-2.6.0-SNAPSHOT.jar:/home/travis/build/icyphy/ptII/lib/hazelcast
-3.8.2.jar:/home/travis/build/icyphy/ptII/lib/jackson-annotations-2.9.0.jar:/ho
me/travis/build/icyphy/ptII/lib/jackson-core-2.9.3.jar:/home/travis/build/icyph
y/ptII/lib/jackson-databind-2.9.3.jar:/home/travis/build/icyphy/ptII/lib/netty-
buffer-4.1.19.Final.jar:/home/travis/build/icyphy/ptII/lib/netty-codec-4.1.19.F
inal.jar:/home/travis/build/icyphy/ptII/lib/netty-codec-dns-4.1.19.Final.jar:/h
ome/travis/build/icyphy/ptII/lib/netty-codec-http-4.1.19.Final.jar:/home/travis
/build/icyphy/ptII/lib/netty-codec-http2-4.1.19.Final.jar:/home/travis/build/ic
yphy/ptII/lib/netty-common-4.1.19.Final.jar:/home/travis/build/icyphy/ptII/lib/
netty-handler-4.1.19.Final.jar:/home/travis/build/icyphy/ptII/lib/netty-resolve
r-4.1.19.Final.jar:/home/travis/build/icyphy/ptII/lib/netty-resolver-dns-4.1.19
.Final.jar:/home/travis/build/icyphy/ptII/lib/netty-transport-4.1.19.Final.jar:
/home/travis/build/icyphy/ptII/lib/vertx-codegen-3.5.1.jar:/home/travis/build/i
cyphy/ptII/lib/vertx-core-3.5.2-SNAPSHOT.jar:/home/travis/build/icyphy/ptII/lib
/vertx-hazelcast-3.5.1.jar:/home/travis/build/icyphy/ptII/lib/vertx-lang-js-3.5
.1.jar:/home/travis/build/icyphy/ptII/lib/vertx-service-proxy-3.5.1.jar:/home/t
ravis/build/icyphy/ptII/lib/vertx-web-3.5.1.jar:/home/travis/build/icyphy/ptII/
lib/slf4j-api-1.7.13.jar:/home/travis/build/icyphy/ptII/lib/slf4j-simple-1.7.13
.jar:/home/travis/build/icyphy/ptII/lib/webcam-capture-0.3.12.jar:/home/travis/
build/icyphy/ptII/lib/bridj-0.7.0.jar:/home/travis/build/icyphy/ptII/lib/xbjlib
-1.1.0.nrjavaserial.jar:/home/travis/build/icyphy/ptII/ptolemy/moml/test:/home/
travis/build/icyphy/ptII/ant/lib/ant-launcher.jar:/home/travis/build/icyphy/ptI
I/ant/lib/ant.jar:/home/travis/build/icyphy/ptII/ant/lib/ant-junit.jar:/home/tr
avis/build/icyphy/ptII/ant/lib/ant-junit4.jar:/home/travis/build/icyphy/ptII
ModularCodeGen3_A2_B1_profile.java
All Done
Writing ModularCodeGen3_A2_B1.java in file:/home/travis/cg/ (10955 characters)
Reading "ptolemy/cg/kernel/generic/program/procedural/java/modular/makefile.in",
    writing "/home/travis/cg/ModularCodeGen3_A2_B1.mk"
Using ptolemy/cg/kernel/generic/program/procedural/java/modular/makefile.in
In "/home/travis/cg", about to execute:
    make -f ModularCodeGen3_A2_B1.mk
javac -classpath ".:.."    ModularCodeGen3_A2_B1.java
All Done
In "/home/travis/cg", about to execute:
    pwd
/home/travis/cg
In "/home/travis/cg", about to execute:
    ls -l
total 1856
drwxrwxr-x   3 travis travis  12288 Jul 21 18:20 AbsoluteValue
drwxrwxr-x   3 travis travis 102400 Jul 21 18:19 AllColt
drwxrwxr-x   3 travis travis  12288 Jul 21 18:19 Case1
-rw-rw-r--   1 travis travis   5128 Jul 21 18:26 CompiledCompositeActor_CompiledCompositeActor.class
In "/home/travis/cg", about to execute:
    javac -classpath
.:/home/travis/build/icyphy/ptII:/home/travis/build/icyphy/ptII/lib/bsh-2.0b4.j
ar:/home/travis/build/icyphy/ptII/lib/ptCal.jar:/home/travis/build/icyphy/ptII/
lib/java_cup.jar:/home/travis/build/icyphy/ptII/lib/saxon8.jar:/home/travis/bui
ld/icyphy/ptII/lib/saxon8-dom.jar:/home/travis/build/icyphy/ptII/lib/chic.jar:/
home/travis/build/icyphy/ptII/lib/ptcolt.jar:/home/travis/build/icyphy/ptII/ven
dors/misc/itext/iText.jar:/home/travis/build/icyphy/ptII/lib/g4ltl.jar:/home/tr
avis/build/icyphy/ptII/lib/StructuralCoder.jar:/home/travis/build/icyphy/ptII/l
ib/jcerti.jar:/home/travis/build/icyphy/ptII/lib/javax.mail.jar:/home/travis/bu
ild/icyphy/ptII/vendors/JMF-2.1.1e/lib/jmf.jar:/home/travis/build/icyphy/ptII/l
ib/jna-4.0.0-variadic.jar:/home/travis/build/icyphy/ptII/vendors/misc/joystick/
Joystick.jar:/home/travis/build/icyphy/ptII/lib/ptjacl.jar:/home/travis/build/i
cyphy/ptII/lib/jsoup-1.8.2.jar:/home/travis/build/icyphy/ptII/lib/junit-4.8.2.j
ar:/home/travis/build/icyphy/ptII/lib/JUnitParams-0.4.0.jar:/home/travis/build/
icyphy/ptII/ptolemy/actor/lib/excel/jxl.jar:/home/travis/build/icyphy/ptII/lib/
jython.jar:/home/travis/build/icyphy/ptII/lib/kieler.jar:/home/travis/build/icy
phy/ptII/vendors/opencv/share/OpenCV/java/opencv-341.jar:/home/travis/build/icy
phy/ptII/lib/oscP5.jar:/home/travis/build/icyphy/ptII/lib/nrjavaserial-3.11.0.d
evel.jar:/home/travis/build/icyphy/ptII/vendors/j3d/lib/Linux/j3dcore.jar:/home
/travis/build/icyphy/ptII/vendors/j3d/lib/Linux/j3dutils.jar:/home/travis/build
/icyphy/ptII/vendors/j3d/lib/Linux/vecmath.jar:/home/travis/build/icyphy/ptII/v
endors/jogl/lib/Linux/gluegen-rt-natives-linux-amd64.jar:/home/travis/build/icy
phy/ptII/vendors/jogl/lib/Linux/gluegen-rt.jar:/home/travis/build/icyphy/ptII/v
endors/jogl/lib/Linux/jogl-all-natives-linux-amd64.jar:/home/travis/build/icyph
y/ptII/vendors/jogl/lib/Linux/jogl-all.jar:/home/travis/build/icyphy/ptII/ptole
my/distributed/jini/jar/jini-core.jar:/home/travis/build/icyphy/ptII/ptolemy/di
stributed/jini/jar/jini-ext.jar:/home/travis/build/icyphy/ptII/ptolemy/distribu
ted/jini/jar/sun-util.jar:/home/travis/build/icyphy/ptII/lib/protobuf-java-2.4.
1.jar:/home/travis/build/icyphy/ptII/lib/org.eclipse.paho.client.mqttv3.jar:/ho
me/travis/build/icyphy/ptII/lib/mapss.jar:/home/travis/build/icyphy/ptII/ptolem
y/actor/ptalon/antlr/antlr.jar:/home/travis/build/icyphy/ptII/lib/JRI.jar:/home
/travis/build/icyphy/ptII/lib/commons-lang-2.6.jar:/home/travis/build/icyphy/pt
II/lib/commons-logging-1.1.1.jar:/home/travis/build/icyphy/ptII/lib/sootclasses
.jar:/home/travis/build/icyphy/ptII/ptolemy/actor/lib/database/mysql-connector-
java-5.1.6-bin.jar:/home/travis/build/icyphy/ptII/vendors/misc/sphinx4/sphinx4-
data-5prealpha.jar:/home/travis/build/icyphy/ptII/vendors/misc/sphinx4/sphinx4-
core-5prealpha.jar:/home/travis/build/icyphy/ptII/lib/PDFRenderer.jar:/home/tra
vis/build/icyphy/ptII/lib/svgSalamander.jar:/home/travis/build/icyphy/ptII/lib/
rsyntaxtextarea-2.6.0-SNAPSHOT.jar:/home/travis/build/icyphy/ptII/lib/hazelcast
-3.8.2.jar:/home/travis/build/icyphy/ptII/lib/jackson-annotations-2.9.0.jar:/ho
me/travis/build/icyphy/ptII/lib/jackson-core-2.9.3.jar:/home/travis/build/icyph
y/ptII/lib/jackson-databind-2.9.3.jar:/home/travis/build/icyphy/ptII/lib/netty-
buffer-4.1.19.Final.jar:/home/travis/build/icyphy/ptII/lib/netty-codec-4.1.19.F
inal.jar:/home/travis/build/icyphy/ptII/lib/netty-codec-dns-4.1.19.Final.jar:/h
ome/travis/build/icyphy/ptII/lib/netty-codec-http-4.1.19.Final.jar:/home/travis
/build/icyphy/ptII/lib/netty-codec-http2-4.1.19.Final.jar:/home/travis/build/ic
yphy/ptII/lib/netty-common-4.1.19.Final.jar:/home/travis/build/icyphy/ptII/lib/
netty-handler-4.1.19.Final.jar:/home/travis/build/icyphy/ptII/lib/netty-resolve
r-4.1.19.Final.jar:/home/travis/build/icyphy/ptII/lib/netty-resolver-dns-4.1.19
.Final.jar:/home/travis/build/icyphy/ptII/lib/netty-transport-4.1.19.Final.jar:
/home/travis/build/icyphy/ptII/lib/vertx-codegen-3.5.1.jar:/home/travis/build/i
cyphy/ptII/lib/vertx-core-3.5.2-SNAPSHOT.jar:/home/travis/build/icyphy/ptII/lib
/vertx-hazelcast-3.5.1.jar:/home/travis/build/icyphy/ptII/lib/vertx-lang-js-3.5
.1.jar:/home/travis/build/icyphy/ptII/lib/vertx-service-proxy-3.5.1.jar:/home/t
ravis/build/icyphy/ptII/lib/vertx-web-3.5.1.jar:/home/travis/build/icyphy/ptII/
lib/slf4j-api-1.7.13.jar:/home/travis/build/icyphy/ptII/lib/slf4j-simple-1.7.13
.jar:/home/travis/build/icyphy/ptII/lib/webcam-capture-0.3.12.jar:/home/travis/
build/icyphy/ptII/lib/bridj-0.7.0.jar:/home/travis/build/icyphy/ptII/lib/xbjlib
-1.1.0.nrjavaserial.jar:/home/travis/build/icyphy/ptII/ptolemy/moml/test:/home/
travis/build/icyphy/ptII/ant/lib/ant-launcher.jar:/home/travis/build/icyphy/ptI
I/ant/lib/ant.jar:/home/travis/build/icyphy/ptII/ant/lib/ant-junit.jar:/home/tr
avis/build/icyphy/ptII/ant/lib/ant-junit4.jar:/home/travis/build/icyphy/ptII
ModularCodeGen3_A2_B2_profile.java
-rw-rw-r--   1 travis travis   1611 Jul 21 18:26 CompiledCompositeActor_CompiledCompositeActor$_CompiledCompositeActor_CompiledCompositeActor.class
-rw-rw-r--   1 travis travis  13466 Jul 21 18:26 CompiledCompositeActor_CompiledCompositeActor.java
-rw-rw-r--   1 travis travis   1593 Jul 21 18:26 CompiledCompositeActor_CompiledCompositeActor.mk
drwxrwxr-x   5 travis travis   4096 Jul 21 18:18 fmi
drwxrwxr-x   3 travis travis  16384 Jul 21 18:20 Gaussian2
-rw-rw-r--   1 travis travis   4684 Jul 21 18:26 JavaCompiledCompositeTest1_CompiledCompositeActor.class
-rw-rw-r--   1 travis travis  11637 Jul 21 18:26 JavaCompiledCompositeTest1_CompiledCompositeActor.java
-rw-rw-r--   1 travis travis   1217 Jul 21 18:26 JavaCompiledCompositeTest1_CompiledCompositeActor$_JavaCompiledCompositeTest1_CompiledCompositeActor.class
-rw-rw-r--   1 travis travis   1625 Jul 21 18:26 JavaCompiledCompositeTest1_CompiledCompositeActor.mk
-rw-rw-r--   1 travis travis   5115 Jul 21 18:26 JavaCompiledCompositeTest2_CompiledCompositeActor.class
-rw-rw-r--   1 travis travis  14919 Jul 21 18:26 JavaCompiledCompositeTest2_CompiledCompositeActor.java
-rw-rw-r--   1 travis travis   1812 Jul 21 18:26 JavaCompiledCompositeTest2_CompiledCompositeActor$_JavaCompiledCompositeTest2_CompiledCompositeActor.class
-rw-rw-r--   1 travis travis   1625 Jul 21 18:26 JavaCompiledCompositeTest2_CompiledCompositeActor.mk
-rw-rw-r--   1 travis travis   4732 Jul 21 18:26 JavaCompiledCompositeTest3_CompiledCompositeActor.class
-rw-rw-r--   1 travis travis  13080 Jul 21 18:26 JavaCompiledCompositeTest3_CompiledCompositeActor.java
-rw-rw-r--   1 travis travis   1397 Jul 21 18:26 JavaCompiledCompositeTest3_CompiledCompositeActor$_JavaCompiledCompositeTest3_CompiledCompositeActor.class
-rw-rw-r--   1 travis travis   1625 Jul 21 18:26 JavaCompiledCompositeTest3_CompiledCompositeActor.mk
-rw-rw-r--   1 travis travis   4183 Jul 21 18:26 JavaCompiledCompositeTest4_CompiledCompositeActor.class
-rw-rw-r--   1 travis travis   9687 Jul 21 18:26 JavaCompiledCompositeTest4_CompiledCompositeActor.java
-rw-rw-r--   1 travis travis    876 Jul 21 18:26 JavaCompiledCompositeTest4_CompiledCompositeActor$_JavaCompiledCompositeTest4_CompiledCompositeActor.class
-rw-rw-r--   1 travis travis   1625 Jul 21 18:26 JavaCompiledCompositeTest4_CompiledCompositeActor.mk
drwxrwxr-x   3 travis travis  12288 Jul 21 18:21 LookupTable
drwxrwxr-x   3 travis travis  20480 Jul 21 18:21 MaxIndex
-rw-rw-r--   1 travis travis   3925 Jul 21 18:26 ModularCG_A1_B1.class
-rw-rw-r--   1 travis travis   9730 Jul 21 18:26 ModularCG_A1_B1.java
-rw-rw-r--   1 travis travis    832 Jul 21 18:26 ModularCG_A1_B1.mk
-rw-rw-r--   1 travis travis   1318 Jul 21 18:26 ModularCG_A1_B1_profile.class
-rw-rw-r--   1 travis travis   1262 Jul 21 18:26 ModularCG_A1_B1_profile.java
-rw-rw-r--   1 travis travis   3925 Jul 21 18:27 ModularCG_A1_B2.class
-rw-rw-r--   1 travis travis   9730 Jul 21 18:27 ModularCG_A1_B2.java
-rw-rw-r--   1 travis travis    832 Jul 21 18:27 ModularCG_A1_B2.mk
-rw-rw-r--   1 travis travis   1318 Jul 21 18:27 ModularCG_A1_B2_profile.class
-rw-rw-r--   1 travis travis   1262 Jul 21 18:26 ModularCG_A1_B2_profile.java
-rw-rw-r--   1 travis travis   5031 Jul 21 18:27 ModularCG_A1.class
-rw-rw-r--   1 travis travis  14742 Jul 21 18:27 ModularCG_A1.java
-rw-rw-r--   1 travis travis    808 Jul 21 18:27 ModularCG_A1.mk
-rw-rw-r--   1 travis travis   1433 Jul 21 18:27 ModularCG_A1_profile.class
-rw-rw-r--   1 travis travis   1704 Jul 21 18:27 ModularCG_A1_profile.java
-rw-rw-r--   1 travis travis   4059 Jul 21 18:27 ModularCG_A2_B1.class
-rw-rw-r--   1 travis travis  10667 Jul 21 18:27 ModularCG_A2_B1.java
-rw-rw-r--   1 travis travis    832 Jul 21 18:27 ModularCG_A2_B1.mk
-rw-rw-r--   1 travis travis   1381 Jul 21 18:27 ModularCG_A2_B1_profile.class
-rw-rw-r--   1 travis travis   1446 Jul 21 18:27 ModularCG_A2_B1_profile.java
-rw-rw-r--   1 travis travis   3925 Jul 21 18:27 ModularCG_A2_B2.class
-rw-rw-r--   1 travis travis   9730 Jul 21 18:27 ModularCG_A2_B2.java
-rw-rw-r--   1 travis travis    832 Jul 21 18:27 ModularCG_A2_B2.mk
-rw-rw-r--   1 travis travis   1318 Jul 21 18:27 ModularCG_A2_B2_profile.class
-rw-rw-r--   1 travis travis   1262 Jul 21 18:27 ModularCG_A2_B2_profile.java
-rw-rw-r--   1 travis travis   5102 Jul 21 18:27 ModularCG_A2.class
-rw-rw-r--   1 travis travis  15129 Jul 21 18:27 ModularCG_A2.java
-rw-rw-r--   1 travis travis    808 Jul 21 18:27 ModularCG_A2.mk
-rw-rw-r--   1 travis travis   1433 Jul 21 18:27 ModularCG_A2_profile.class
-rw-rw-r--   1 travis travis   1704 Jul 21 18:27 ModularCG_A2_profile.java
-rw-rw-r--   1 travis travis   3705 Jul 21 18:27 ModularCGPubSub_A1_A2.class
-rw-rw-r--   1 travis travis   9076 Jul 21 18:27 ModularCGPubSub_A1_A2.java
-rw-rw-r--   1 travis travis    880 Jul 21 18:27 ModularCGPubSub_A1_A2.mk
-rw-rw-r--   1 travis travis   1300 Jul 21 18:27 ModularCGPubSub_A1_A2_profile.class
-rw-rw-r--   1 travis travis   1222 Jul 21 18:27 ModularCGPubSub_A1_A2_profile.java
-rw-rw-r--   1 travis travis   4022 Jul 21 18:27 ModularCGPubSub_A1.class
-rw-rw-r--   1 travis travis   9836 Jul 21 18:27 ModularCGPubSub_A1.java
-rw-rw-r--   1 travis travis    856 Jul 21 18:27 ModularCGPubSub_A1.mk
-rw-rw-r--   1 travis travis   1346 Jul 21 18:27 ModularCGPubSub_A1_profile.class
-rw-rw-r--   1 travis travis   1388 Jul 21 18:27 ModularCGPubSub_A1_profile.java
-rw-rw-r--   1 travis travis   4220 Jul 21 18:27 ModularCodeGen2_ModularCodeGenTypedCompositeActor.class
-rw-rw-r--   1 travis travis  11690 Jul 21 18:27 ModularCodeGen2_ModularCodeGenTypedCompositeActor.java
-rw-rw-r--   1 travis travis   1104 Jul 21 18:27 ModularCodeGen2_ModularCodeGenTypedCompositeActor.mk
-rw-rw-r--   1 travis travis   4504 Jul 21 18:27 ModularCodeGen2_ModularCodeGenTypedCompositeActor_ModularCodeGenTypedCompositeActor.class
-rw-rw-r--   1 travis travis  11790 Jul 21 18:27 ModularCodeGen2_ModularCodeGenTypedCompositeActor_ModularCodeGenTypedCompositeActor.java
-rw-rw-r--   1 travis travis   1376 Jul 21 18:27 ModularCodeGen2_ModularCodeGenTypedCompositeActor_ModularCodeGenTypedCompositeActor.mk
-rw-rw-r--   1 travis travis   1421 Jul 21 18:27 ModularCodeGen2_ModularCodeGenTypedCompositeActor_ModularCodeGenTypedCompositeActor_profile.class
-rw-rw-r--   1 travis travis   1294 Jul 21 18:27 ModularCodeGen2_ModularCodeGenTypedCompositeActor_ModularCodeGenTypedCompositeActor_profile.java
-rw-rw-r--   1 travis travis    820 Jul 21 18:27 ModularCodeGen2_ModularCodeGenTypedCompositeActor_profile.class
-rw-rw-r--   1 travis travis    693 Jul 21 18:27 ModularCodeGen2_ModularCodeGenTypedCompositeActor_profile.java
-rw-rw-r--   1 travis travis   3973 Jul 21 18:27 ModularCodeGen3_A1_B1.class
-rw-rw-r--   1 travis travis   9958 Jul 21 18:27 ModularCodeGen3_A1_B1.java
-rw-rw-r--   1 travis travis    880 Jul 21 18:27 ModularCodeGen3_A1_B1.mk
-rw-rw-r--   1 travis travis   1330 Jul 21 18:27 ModularCodeGen3_A1_B1_profile.class
-rw-rw-r--   1 travis travis   1274 Jul 21 18:27 ModularCodeGen3_A1_B1_profile.java
-rw-rw-r--   1 travis travis   3973 Jul 21 18:27 ModularCodeGen3_A1_B2.class
-rw-rw-r--   1 travis travis   9958 Jul 21 18:27 ModularCodeGen3_A1_B2.java
-rw-rw-r--   1 travis travis    880 Jul 21 18:27 ModularCodeGen3_A1_B2.mk
-rw-rw-r--   1 travis travis   1330 Jul 21 18:27 ModularCodeGen3_A1_B2_profile.class
-rw-rw-r--   1 travis travis   1274 Jul 21 18:27 ModularCodeGen3_A1_B2_profile.java
-rw-rw-r--   1 travis travis   5193 Jul 21 18:27 ModularCodeGen3_A1.class
-rw-rw-r--   1 travis travis  15564 Jul 21 18:27 ModularCodeGen3_A1.java
-rw-rw-r--   1 travis travis    856 Jul 21 18:27 ModularCodeGen3_A1.mk
-rw-rw-r--   1 travis travis   1445 Jul 21 18:27 ModularCodeGen3_A1_profile.class
-rw-rw-r--   1 travis travis   1716 Jul 21 18:27 ModularCodeGen3_A1_profile.java
-rw-rw-r--   1 travis travis   4119 Jul 21 18:27 ModularCodeGen3_A2_B1.class
-rw-rw-r--   1 travis travis  10955 Jul 21 18:27 ModularCodeGen3_A2_B1.java
-rw-rw-r--   1 travis travis    880 Jul 21 18:27 ModularCodeGen3_A2_B1.mk
-rw-rw-r--   1 travis travis   1393 Jul 21 18:27 ModularCodeGen3_A2_B1_profile.class
-rw-rw-r--   1 travis travis   1458 Jul 21 18:27 ModularCodeGen3_A2_B1_profile.java
-rw-rw-r--   1 travis travis   1274 Jul 21 18:27 ModularCodeGen3_A2_B2_profile.java
-rw-rw-r--   1 travis travis   4186 Jul 21 18:27 ModularCodeGen_ModularCodeGenTypedCompositeActor.class
-rw-rw-r--   1 travis travis  10970 Jul 21 18:27 ModularCodeGen_ModularCodeGenTypedCompositeActor.java
-rw-rw-r--   1 travis travis   1096 Jul 21 18:27 ModularCodeGen_ModularCodeGenTypedCompositeActor.mk
-rw-rw-r--   1 travis travis   1384 Jul 21 18:27 ModularCodeGen_ModularCodeGenTypedCompositeActor_profile.class
-rw-rw-r--   1 travis travis   1328 Jul 21 18:27 ModularCodeGen_ModularCodeGenTypedCompositeActor_profile.java
-rw-rw-r--   1 travis travis   3724 Jul 21 18:26 ModularCodeGenTest_A1_A2.class
-rw-rw-r--   1 travis travis   9164 Jul 21 18:26 ModularCodeGenTest_A1_A2.java
-rw-rw-r--   1 travis travis   1306 Jul 21 18:26 ModularCodeGenTest_A1_A2_profile.class
-rw-rw-r--   1 travis travis   4055 Jul 21 18:26 ModularCodeGenTest_A1.class
-rw-rw-r--   1 travis travis   9968 Jul 21 18:26 ModularCodeGenTest_A1.java
-rw-rw-r--   1 travis travis    880 Jul 21 18:26 ModularCodeGenTest_A1.mk
-rw-rw-r--   1 travis travis   1352 Jul 21 18:26 ModularCodeGenTest_A1_profile.class
-rw-rw-r--   1 travis travis   1394 Jul 21 18:26 ModularCodeGenTest_A1_profile.java
drwxrwxr-x   3 travis travis  32768 Jul 21 18:26 modulation2
drwxrwxr-x 139 travis travis  12288 Jul 21 18:26 node_modules
drwxrwxr-x   3 travis travis  20480 Jul 21 18:21 PhaseUnwrap
drwxrwxr-x   3 travis travis  12288 Jul 21 18:22 ReadFile1
-rw-rw-r--   1 travis travis     11 Jul 21 18:21 ReadFile1Output.txt
-rw-rw-r--   1 travis travis  13773 Jul 21 18:26 Repeat.class
-rw-rw-r--   1 travis travis    685 Jul 21 18:26 Repeat$_fireFunction_Repeat_Repeat$__f_sL_11.class
-rw-rw-r--   1 travis travis    541 Jul 21 18:26 Repeat$_fireFunction_Repeat_Repeat$__f_sL_12.class
-rw-rw-r--   1 travis travis    541 Jul 21 18:26 Repeat$_fireFunction_Repeat_Repeat$__f_sL_13.class
-rw-rw-r--   1 travis travis    541 Jul 21 18:26 Repeat$_fireFunction_Repeat_Repeat$__f_sL_14.class
-rw-rw-r--   1 travis travis    684 Jul 21 18:26 Repeat$_fireFunction_Repeat_Repeat$__f_sL_1.class
-rw-rw-r--   1 travis travis    683 Jul 21 18:26 Repeat$_fireFunction_Repeat_Repeat$__f_sL_4.class
-rw-rw-r--   1 travis travis    539 Jul 21 18:26 Repeat$_fireFunction_Repeat_Repeat$__f_sL_9.class
-rw-rw-r--   1 travis travis    494 Jul 21 18:26 Repeat$_initialize_Repeat$__i_sL_2.class
-rw-rw-r--   1 travis travis   1281 Jul 21 18:26 Repeat.mk
-rw-rw-r--   1 travis travis    539 Jul 21 18:26 Repeat$_preinitializeMethod_Repeat$__p_sL_0.class
-rw-rw-r--   1 travis travis   1102 Jul 21 18:26 Repeat$_Repeat$_fireFunction_Repeat_AddSubtract_Repeat.class
-rw-rw-r--   1 travis travis    810 Jul 21 18:26 Repeat$_Repeat$_fireFunction_Repeat_AddSubtract_Repeat$__f_sL_0.class
-rw-rw-r--   1 travis travis    928 Jul 21 18:26 Repeat$_Repeat$_fireFunction_Repeat_AddSubtract_Repeat$__f_sL_1.class
-rw-rw-r--   1 travis travis    934 Jul 21 18:26 Repeat$_Repeat$_fireFunction_Repeat_AddSubtract_Repeat$__f_sL_2.class
-rw-rw-r--   1 travis travis    862 Jul 21 18:26 Repeat$_Repeat$_fireFunction_Repeat_AddSubtract_Repeat$__f_sL_3.class
-rw-rw-r--   1 travis travis    757 Jul 21 18:26 Repeat$_Repeat$_fireFunction_Repeat_Ramp2_Repeat$__f_sL_0.class
-rw-rw-r--   1 travis travis    888 Jul 21 18:26 Repeat$_Repeat$_fireFunction_Repeat_Test_Repeat$__f_sL_0.class
-rw-rw-r--   1 travis travis    634 Jul 21 18:26 Repeat$_Repeat$_fireFunction_Repeat_Test_Repeat$__f_sL_1.class
-rw-rw-r--   1 travis travis    704 Jul 21 18:26 Repeat$_Repeat_SDF_Director_run_Repeat$__R_sL_0.class
-rw-rw-r--   1 travis travis    705 Jul 21 18:26 Repeat$_Repeat_SDF_Director_run_Repeat$__R_sL_11.class
-rw-rw-r--   1 travis travis    561 Jul 21 18:26 Repeat$_Repeat_SDF_Director_run_Repeat$__R_sL_13.class
-rw-rw-r--   1 travis travis    559 Jul 21 18:26 Repeat$_Repeat_SDF_Director_run_Repeat$__R_sL_2.class
-rw-rw-r--   1 travis travis    703 Jul 21 18:26 Repeat$_Repeat_SDF_Director_run_Repeat$__R_sL_3.class
-rw-rw-r--   1 travis travis    559 Jul 21 18:26 Repeat$_Repeat_SDF_Director_run_Repeat$__R_sL_5.class
-rw-rw-r--   1 travis travis    559 Jul 21 18:26 Repeat$_Repeat_SDF_Director_run_Repeat$__R_sL_8.class
drwxrwxr-x   2 travis travis   4096 Jul 21 18:26 RepeatVariables
-rw-rw-r--   1 travis travis    882 Jul 21 18:26 Repeat$_varinit_Repeat.class
-rw-rw-r--   1 travis travis    550 Jul 21 18:26 Repeat$_varinit_Repeat$__v_sL_2.class
-rw-rw-r--   1 travis travis    924 Jul 21 18:26 Repeat$_varinit_Repeat$__v_sL_4.class
-rw-rw-r--   1 travis travis    978 Jul 21 18:26 Repeat$_wrapup_Repeat$__w_sL_1.class
drwxrwxr-x   3 travis travis  20480 Jul 21 18:22 Sinewave
drwxrwxr-x   3 travis travis  32768 Jul 21 18:23 StringFunction
drwxrwxr-x   3 travis travis  12288 Jul 21 18:24 StringLength
drwxrwxr-x   3 travis travis  61440 Jul 21 18:24 StringMatches2
drwxrwxr-x   3 travis travis  61440 Jul 21 18:24 StringSimpleReplace
drwxrwxr-x   3 travis travis  65536 Jul 21 18:24 StringSubstring
drwxrwxr-x   3 travis travis  24576 Jul 21 18:25 StringSubstring2
drwxrwxr-x   3 travis travis  16384 Jul 21 18:25 time1
drwxrwxr-x   3 travis travis  12288 Jul 21 18:26 time5
-rw-rw-r--   1 travis travis    432 Jul 21 18:27 Token.class
-rw-rw-r--   1 travis travis    251 Jul 21 18:27 Token.java
-rwxrwxr-x   1 travis travis 466992 Jul 21 18:18 top
-rw-rw-r--   1 travis travis  20502 Jul 21 18:18 top.c
-rw-rw-r--   1 travis travis   3799 Jul 21 18:26 top.class
-rw-rw-r--   1 travis travis   1257 Jul 21 18:26 top.mk
All Done
Writing ModularCodeGen3_A2_B2.java in file:/home/travis/cg/ (9958 characters)
Reading "ptolemy/cg/kernel/generic/program/procedural/java/modular/makefile.in",
    writing "/home/travis/cg/ModularCodeGen3_A2_B2.mk"
Using ptolemy/cg/kernel/generic/program/procedural/java/modular/makefile.in
In "/home/travis/cg", about to execute:
    make -f ModularCodeGen3_A2_B2.mk
javac -classpath ".:.."    ModularCodeGen3_A2_B2.java
All Done
In "/home/travis/cg", about to execute:
    pwd
/home/travis/cg
In "/home/travis/cg", about to execute:
    ls -l
total 1884
drwxrwxr-x   3 travis travis  12288 Jul 21 18:20 AbsoluteValue
drwxrwxr-x   3 travis travis 102400 Jul 21 18:19 AllColt
drwxrwxr-x   3 travis travis  12288 Jul 21 18:19 Case1
-rw-rw-r--   1 travis travis   5128 Jul 21 18:26 CompiledCompositeActor_CompiledCompositeActor.class
-rw-rw-r--   1 travis travis   1611 Jul 21 18:26 CompiledCompositeActor_CompiledCompositeActor$_CompiledCompositeActor_CompiledCompositeActor.class
-rw-rw-r--   1 travis travis  13466 Jul 21 18:26 CompiledCompositeActor_CompiledCompositeActor.java
-rw-rw-r--   1 travis travis   1593 Jul 21 18:26 CompiledCompositeActor_CompiledCompositeActor.mk
drwxrwxr-x   5 travis travis   4096 Jul 21 18:18 fmi
drwxrwxr-x   3 travis travis  16384 Jul 21 18:20 Gaussian2
-rw-rw-r--   1 travis travis   4684 Jul 21 18:26 JavaCompiledCompositeTest1_CompiledCompositeActor.class
-rw-rw-r--   1 travis travis  11637 Jul 21 18:26 JavaCompiledCompositeTest1_CompiledCompositeActor.java
-rw-rw-r--   1 travis travis   1217 Jul 21 18:26 JavaCompiledCompositeTest1_CompiledCompositeActor$_JavaCompiledCompositeTest1_CompiledCompositeActor.class
-rw-rw-r--   1 travis travis   1625 Jul 21 18:26 JavaCompiledCompositeTest1_CompiledCompositeActor.mk
-rw-rw-r--   1 travis travis   5115 Jul 21 18:26 JavaCompiledCompositeTest2_CompiledCompositeActor.class
-rw-rw-r--   1 travis travis  14919 Jul 21 18:26 JavaCompiledCompositeTest2_CompiledCompositeActor.java
-rw-rw-r--   1 travis travis   1812 Jul 21 18:26 JavaCompiledCompositeTest2_CompiledCompositeActor$_JavaCompiledCompositeTest2_CompiledCompositeActor.class
-rw-rw-r--   1 travis travis   1625 Jul 21 18:26 JavaCompiledCompositeTest2_CompiledCompositeActor.mk
-rw-rw-r--   1 travis travis   4732 Jul 21 18:26 JavaCompiledCompositeTest3_CompiledCompositeActor.class
-rw-rw-r--   1 travis travis  13080 Jul 21 18:26 JavaCompiledCompositeTest3_CompiledCompositeActor.java
-rw-rw-r--   1 travis travis   1397 Jul 21 18:26 JavaCompiledCompositeTest3_CompiledCompositeActor$_JavaCompiledCompositeTest3_CompiledCompositeActor.class
-rw-rw-r--   1 travis travis   1625 Jul 21 18:26 JavaCompiledCompositeTest3_CompiledCompositeActor.mk
-rw-rw-r--   1 travis travis   4183 Jul 21 18:26 JavaCompiledCompositeTest4_CompiledCompositeActor.class
-rw-rw-r--   1 travis travis   9687 Jul 21 18:26 JavaCompiledCompositeTest4_CompiledCompositeActor.java
-rw-rw-r--   1 travis travis    876 Jul 21 18:26 JavaCompiledCompositeTest4_CompiledCompositeActor$_JavaCompiledCompositeTest4_CompiledCompositeActor.class
-rw-rw-r--   1 travis travis   1625 Jul 21 18:26 JavaCompiledCompositeTest4_CompiledCompositeActor.mk
drwxrwxr-x   3 travis travis  12288 Jul 21 18:21 LookupTable
drwxrwxr-x   3 travis travis  20480 Jul 21 18:21 MaxIndex
-rw-rw-r--   1 travis travis   3925 Jul 21 18:26 ModularCG_A1_B1.class
-rw-rw-r--   1 travis travis   9730 Jul 21 18:26 ModularCG_A1_B1.java
-rw-rw-r--   1 travis travis    832 Jul 21 18:26 ModularCG_A1_B1.mk
-rw-rw-r--   1 travis travis   1318 Jul 21 18:26 ModularCG_A1_B1_profile.class
-rw-rw-r--   1 travis travis   1262 Jul 21 18:26 ModularCG_A1_B1_profile.java
-rw-rw-r--   1 travis travis   3925 Jul 21 18:27 ModularCG_A1_B2.class
-rw-rw-r--   1 travis travis   9730 Jul 21 18:27 ModularCG_A1_B2.java
-rw-rw-r--   1 travis travis    832 Jul 21 18:27 ModularCG_A1_B2.mk
-rw-rw-r--   1 travis travis   1318 Jul 21 18:27 ModularCG_A1_B2_profile.class
-rw-rw-r--   1 travis travis   1262 Jul 21 18:26 ModularCG_A1_B2_profile.java
-rw-rw-r--   1 travis travis   5031 Jul 21 18:27 ModularCG_A1.class
-rw-rw-r--   1 travis travis  14742 Jul 21 18:27 ModularCG_A1.java
-rw-rw-r--   1 travis travis    808 Jul 21 18:27 ModularCG_A1.mk
-rw-rw-r--   1 travis travis   1433 Jul 21 18:27 ModularCG_A1_profile.class
-rw-rw-r--   1 travis travis   1704 Jul 21 18:27 ModularCG_A1_profile.java
-rw-rw-r--   1 travis travis   4059 Jul 21 18:27 ModularCG_A2_B1.class
-rw-rw-r--   1 travis travis  10667 Jul 21 18:27 ModularCG_A2_B1.java
-rw-rw-r--   1 travis travis    832 Jul 21 18:27 ModularCG_A2_B1.mk
-rw-rw-r--   1 travis travis   1381 Jul 21 18:27 ModularCG_A2_B1_profile.class
-rw-rw-r--   1 travis travis   1446 Jul 21 18:27 ModularCG_A2_B1_profile.java
-rw-rw-r--   1 travis travis   3925 Jul 21 18:27 ModularCG_A2_B2.class
-rw-rw-r--   1 travis travis   9730 Jul 21 18:27 ModularCG_A2_B2.java
In "/home/travis/cg", about to execute:
    javac -classpath
.:/home/travis/build/icyphy/ptII:/home/travis/build/icyphy/ptII/lib/bsh-2.0b4.j
ar:/home/travis/build/icyphy/ptII/lib/ptCal.jar:/home/travis/build/icyphy/ptII/
lib/java_cup.jar:/home/travis/build/icyphy/ptII/lib/saxon8.jar:/home/travis/bui
ld/icyphy/ptII/lib/saxon8-dom.jar:/home/travis/build/icyphy/ptII/lib/chic.jar:/
home/travis/build/icyphy/ptII/lib/ptcolt.jar:/home/travis/build/icyphy/ptII/ven
dors/misc/itext/iText.jar:/home/travis/build/icyphy/ptII/lib/g4ltl.jar:/home/tr
avis/build/icyphy/ptII/lib/StructuralCoder.jar:/home/travis/build/icyphy/ptII/l
ib/jcerti.jar:/home/travis/build/icyphy/ptII/lib/javax.mail.jar:/home/travis/bu
ild/icyphy/ptII/vendors/JMF-2.1.1e/lib/jmf.jar:/home/travis/build/icyphy/ptII/l
ib/jna-4.0.0-variadic.jar:/home/travis/build/icyphy/ptII/vendors/misc/joystick/
Joystick.jar:/home/travis/build/icyphy/ptII/lib/ptjacl.jar:/home/travis/build/i
cyphy/ptII/lib/jsoup-1.8.2.jar:/home/travis/build/icyphy/ptII/lib/junit-4.8.2.j
ar:/home/travis/build/icyphy/ptII/lib/JUnitParams-0.4.0.jar:/home/travis/build/
icyphy/ptII/ptolemy/actor/lib/excel/jxl.jar:/home/travis/build/icyphy/ptII/lib/
jython.jar:/home/travis/build/icyphy/ptII/lib/kieler.jar:/home/travis/build/icy
phy/ptII/vendors/opencv/share/OpenCV/java/opencv-341.jar:/home/travis/build/icy
phy/ptII/lib/oscP5.jar:/home/travis/build/icyphy/ptII/lib/nrjavaserial-3.11.0.d
evel.jar:/home/travis/build/icyphy/ptII/vendors/j3d/lib/Linux/j3dcore.jar:/home
/travis/build/icyphy/ptII/vendors/j3d/lib/Linux/j3dutils.jar:/home/travis/build
/icyphy/ptII/vendors/j3d/lib/Linux/vecmath.jar:/home/travis/build/icyphy/ptII/v
endors/jogl/lib/Linux/gluegen-rt-natives-linux-amd64.jar:/home/travis/build/icy
phy/ptII/vendors/jogl/lib/Linux/gluegen-rt.jar:/home/travis/build/icyphy/ptII/v
endors/jogl/lib/Linux/jogl-all-natives-linux-amd64.jar:/home/travis/build/icyph
y/ptII/vendors/jogl/lib/Linux/jogl-all.jar:/home/travis/build/icyphy/ptII/ptole
my/distributed/jini/jar/jini-core.jar:/home/travis/build/icyphy/ptII/ptolemy/di
stributed/jini/jar/jini-ext.jar:/home/travis/build/icyphy/ptII/ptolemy/distribu
ted/jini/jar/sun-util.jar:/home/travis/build/icyphy/ptII/lib/protobuf-java-2.4.
1.jar:/home/travis/build/icyphy/ptII/lib/org.eclipse.paho.client.mqttv3.jar:/ho
me/travis/build/icyphy/ptII/lib/mapss.jar:/home/travis/build/icyphy/ptII/ptolem
y/actor/ptalon/antlr/antlr.jar:/home/travis/build/icyphy/ptII/lib/JRI.jar:/home
/travis/build/icyphy/ptII/lib/commons-lang-2.6.jar:/home/travis/build/icyphy/pt
II/lib/commons-logging-1.1.1.jar:/home/travis/build/icyphy/ptII/lib/sootclasses
.jar:/home/travis/build/icyphy/ptII/ptolemy/actor/lib/database/mysql-connector-
java-5.1.6-bin.jar:/home/travis/build/icyphy/ptII/vendors/misc/sphinx4/sphinx4-
data-5prealpha.jar:/home/travis/build/icyphy/ptII/vendors/misc/sphinx4/sphinx4-
core-5prealpha.jar:/home/travis/build/icyphy/ptII/lib/PDFRenderer.jar:/home/tra
vis/build/icyphy/ptII/lib/svgSalamander.jar:/home/travis/build/icyphy/ptII/lib/
rsyntaxtextarea-2.6.0-SNAPSHOT.jar:/home/travis/build/icyphy/ptII/lib/hazelcast
-3.8.2.jar:/home/travis/build/icyphy/ptII/lib/jackson-annotations-2.9.0.jar:/ho
me/travis/build/icyphy/ptII/lib/jackson-core-2.9.3.jar:/home/travis/build/icyph
y/ptII/lib/jackson-databind-2.9.3.jar:/home/travis/build/icyphy/ptII/lib/netty-
buffer-4.1.19.Final.jar:/home/travis/build/icyphy/ptII/lib/netty-codec-4.1.19.F
inal.jar:/home/travis/build/icyphy/ptII/lib/netty-codec-dns-4.1.19.Final.jar:/h
ome/travis/build/icyphy/ptII/lib/netty-codec-http-4.1.19.Final.jar:/home/travis
/build/icyphy/ptII/lib/netty-codec-http2-4.1.19.Final.jar:/home/travis/build/ic
yphy/ptII/lib/netty-common-4.1.19.Final.jar:/home/travis/build/icyphy/ptII/lib/
netty-handler-4.1.19.Final.jar:/home/travis/build/icyphy/ptII/lib/netty-resolve
r-4.1.19.Final.jar:/home/travis/build/icyphy/ptII/lib/netty-resolver-dns-4.1.19
.Final.jar:/home/travis/build/icyphy/ptII/lib/netty-transport-4.1.19.Final.jar:
/home/travis/build/icyphy/ptII/lib/vertx-codegen-3.5.1.jar:/home/travis/build/i
cyphy/ptII/lib/vertx-core-3.5.2-SNAPSHOT.jar:/home/travis/build/icyphy/ptII/lib
/vertx-hazelcast-3.5.1.jar:/home/travis/build/icyphy/ptII/lib/vertx-lang-js-3.5
.1.jar:/home/travis/build/icyphy/ptII/lib/vertx-service-proxy-3.5.1.jar:/home/t
ravis/build/icyphy/ptII/lib/vertx-web-3.5.1.jar:/home/travis/build/icyphy/ptII/
lib/slf4j-api-1.7.13.jar:/home/travis/build/icyphy/ptII/lib/slf4j-simple-1.7.13
.jar:/home/travis/build/icyphy/ptII/lib/webcam-capture-0.3.12.jar:/home/travis/
build/icyphy/ptII/lib/bridj-0.7.0.jar:/home/travis/build/icyphy/ptII/lib/xbjlib
-1.1.0.nrjavaserial.jar:/home/travis/build/icyphy/ptII/ptolemy/moml/test:/home/
travis/build/icyphy/ptII/ant/lib/ant-launcher.jar:/home/travis/build/icyphy/ptI
I/ant/lib/ant.jar:/home/travis/build/icyphy/ptII/ant/lib/ant-junit.jar:/home/tr
avis/build/icyphy/ptII/ant/lib/ant-junit4.jar:/home/travis/build/icyphy/ptII
ModularCodeGen3_A2_profile.java
-rw-rw-r--   1 travis travis    832 Jul 21 18:27 ModularCG_A2_B2.mk
-rw-rw-r--   1 travis travis   1318 Jul 21 18:27 ModularCG_A2_B2_profile.class
-rw-rw-r--   1 travis travis   1262 Jul 21 18:27 ModularCG_A2_B2_profile.java
-rw-rw-r--   1 travis travis   5102 Jul 21 18:27 ModularCG_A2.class
-rw-rw-r--   1 travis travis  15129 Jul 21 18:27 ModularCG_A2.java
-rw-rw-r--   1 travis travis    808 Jul 21 18:27 ModularCG_A2.mk
-rw-rw-r--   1 travis travis   1433 Jul 21 18:27 ModularCG_A2_profile.class
-rw-rw-r--   1 travis travis   1704 Jul 21 18:27 ModularCG_A2_profile.java
-rw-rw-r--   1 travis travis   3705 Jul 21 18:27 ModularCGPubSub_A1_A2.class
-rw-rw-r--   1 travis travis   9076 Jul 21 18:27 ModularCGPubSub_A1_A2.java
-rw-rw-r--   1 travis travis    880 Jul 21 18:27 ModularCGPubSub_A1_A2.mk
-rw-rw-r--   1 travis travis   1300 Jul 21 18:27 ModularCGPubSub_A1_A2_profile.class
-rw-rw-r--   1 travis travis   1222 Jul 21 18:27 ModularCGPubSub_A1_A2_profile.java
-rw-rw-r--   1 travis travis   4022 Jul 21 18:27 ModularCGPubSub_A1.class
-rw-rw-r--   1 travis travis   9836 Jul 21 18:27 ModularCGPubSub_A1.java
-rw-rw-r--   1 travis travis    856 Jul 21 18:27 ModularCGPubSub_A1.mk
-rw-rw-r--   1 travis travis   1346 Jul 21 18:27 ModularCGPubSub_A1_profile.class
-rw-rw-r--   1 travis travis   1388 Jul 21 18:27 ModularCGPubSub_A1_profile.java
-rw-rw-r--   1 travis travis   4220 Jul 21 18:27 ModularCodeGen2_ModularCodeGenTypedCompositeActor.class
-rw-rw-r--   1 travis travis  11690 Jul 21 18:27 ModularCodeGen2_ModularCodeGenTypedCompositeActor.java
-rw-rw-r--   1 travis travis   1104 Jul 21 18:27 ModularCodeGen2_ModularCodeGenTypedCompositeActor.mk
-rw-rw-r--   1 travis travis   4504 Jul 21 18:27 ModularCodeGen2_ModularCodeGenTypedCompositeActor_ModularCodeGenTypedCompositeActor.class
-rw-rw-r--   1 travis travis  11790 Jul 21 18:27 ModularCodeGen2_ModularCodeGenTypedCompositeActor_ModularCodeGenTypedCompositeActor.java
-rw-rw-r--   1 travis travis   1376 Jul 21 18:27 ModularCodeGen2_ModularCodeGenTypedCompositeActor_ModularCodeGenTypedCompositeActor.mk
-rw-rw-r--   1 travis travis   1421 Jul 21 18:27 ModularCodeGen2_ModularCodeGenTypedCompositeActor_ModularCodeGenTypedCompositeActor_profile.class
-rw-rw-r--   1 travis travis   1294 Jul 21 18:27 ModularCodeGen2_ModularCodeGenTypedCompositeActor_ModularCodeGenTypedCompositeActor_profile.java
-rw-rw-r--   1 travis travis    820 Jul 21 18:27 ModularCodeGen2_ModularCodeGenTypedCompositeActor_profile.class
-rw-rw-r--   1 travis travis    693 Jul 21 18:27 ModularCodeGen2_ModularCodeGenTypedCompositeActor_profile.java
-rw-rw-r--   1 travis travis   3973 Jul 21 18:27 ModularCodeGen3_A1_B1.class
-rw-rw-r--   1 travis travis   9958 Jul 21 18:27 ModularCodeGen3_A1_B1.java
-rw-rw-r--   1 travis travis    880 Jul 21 18:27 ModularCodeGen3_A1_B1.mk
-rw-rw-r--   1 travis travis   1330 Jul 21 18:27 ModularCodeGen3_A1_B1_profile.class
-rw-rw-r--   1 travis travis   1274 Jul 21 18:27 ModularCodeGen3_A1_B1_profile.java
-rw-rw-r--   1 travis travis   3973 Jul 21 18:27 ModularCodeGen3_A1_B2.class
-rw-rw-r--   1 travis travis   9958 Jul 21 18:27 ModularCodeGen3_A1_B2.java
-rw-rw-r--   1 travis travis    880 Jul 21 18:27 ModularCodeGen3_A1_B2.mk
-rw-rw-r--   1 travis travis   1330 Jul 21 18:27 ModularCodeGen3_A1_B2_profile.class
-rw-rw-r--   1 travis travis   1274 Jul 21 18:27 ModularCodeGen3_A1_B2_profile.java
-rw-rw-r--   1 travis travis   5193 Jul 21 18:27 ModularCodeGen3_A1.class
-rw-rw-r--   1 travis travis  15564 Jul 21 18:27 ModularCodeGen3_A1.java
-rw-rw-r--   1 travis travis    856 Jul 21 18:27 ModularCodeGen3_A1.mk
-rw-rw-r--   1 travis travis   1445 Jul 21 18:27 ModularCodeGen3_A1_profile.class
-rw-rw-r--   1 travis travis   1716 Jul 21 18:27 ModularCodeGen3_A1_profile.java
-rw-rw-r--   1 travis travis   4119 Jul 21 18:27 ModularCodeGen3_A2_B1.class
-rw-rw-r--   1 travis travis  10955 Jul 21 18:27 ModularCodeGen3_A2_B1.java
-rw-rw-r--   1 travis travis    880 Jul 21 18:27 ModularCodeGen3_A2_B1.mk
-rw-rw-r--   1 travis travis   1393 Jul 21 18:27 ModularCodeGen3_A2_B1_profile.class
-rw-rw-r--   1 travis travis   1458 Jul 21 18:27 ModularCodeGen3_A2_B1_profile.java
-rw-rw-r--   1 travis travis   3973 Jul 21 18:27 ModularCodeGen3_A2_B2.class
-rw-rw-r--   1 travis travis   9958 Jul 21 18:27 ModularCodeGen3_A2_B2.java
-rw-rw-r--   1 travis travis    880 Jul 21 18:27 ModularCodeGen3_A2_B2.mk
-rw-rw-r--   1 travis travis   1330 Jul 21 18:27 ModularCodeGen3_A2_B2_profile.class
-rw-rw-r--   1 travis travis   1274 Jul 21 18:27 ModularCodeGen3_A2_B2_profile.java
-rw-rw-r--   1 travis travis   1716 Jul 21 18:27 ModularCodeGen3_A2_profile.java
-rw-rw-r--   1 travis travis   4186 Jul 21 18:27 ModularCodeGen_ModularCodeGenTypedCompositeActor.class
-rw-rw-r--   1 travis travis  10970 Jul 21 18:27 ModularCodeGen_ModularCodeGenTypedCompositeActor.java
-rw-rw-r--   1 travis travis   1096 Jul 21 18:27 ModularCodeGen_ModularCodeGenTypedCompositeActor.mk
-rw-rw-r--   1 travis travis   1384 Jul 21 18:27 ModularCodeGen_ModularCodeGenTypedCompositeActor_profile.class
-rw-rw-r--   1 travis travis   1328 Jul 21 18:27 ModularCodeGen_ModularCodeGenTypedCompositeActor_profile.java
-rw-rw-r--   1 travis travis   3724 Jul 21 18:26 ModularCodeGenTest_A1_A2.class
-rw-rw-r--   1 travis travis   9164 Jul 21 18:26 ModularCodeGenTest_A1_A2.java
-rw-rw-r--   1 travis travis   1306 Jul 21 18:26 ModularCodeGenTest_A1_A2_profile.class
-rw-rw-r--   1 travis travis   4055 Jul 21 18:26 ModularCodeGenTest_A1.class
-rw-rw-r--   1 travis travis   9968 Jul 21 18:26 ModularCodeGenTest_A1.java
-rw-rw-r--   1 travis travis    880 Jul 21 18:26 ModularCodeGenTest_A1.mk
-rw-rw-r--   1 travis travis   1352 Jul 21 18:26 ModularCodeGenTest_A1_profile.class
-rw-rw-r--   1 travis travis   1394 Jul 21 18:26 ModularCodeGenTest_A1_profile.java
drwxrwxr-x   3 travis travis  32768 Jul 21 18:26 modulation2
drwxrwxr-x 139 travis travis  12288 Jul 21 18:26 node_modules
drwxrwxr-x   3 travis travis  20480 Jul 21 18:21 PhaseUnwrap
drwxrwxr-x   3 travis travis  12288 Jul 21 18:22 ReadFile1
-rw-rw-r--   1 travis travis     11 Jul 21 18:21 ReadFile1Output.txt
-rw-rw-r--   1 travis travis  13773 Jul 21 18:26 Repeat.class
-rw-rw-r--   1 travis travis    685 Jul 21 18:26 Repeat$_fireFunction_Repeat_Repeat$__f_sL_11.class
-rw-rw-r--   1 travis travis    541 Jul 21 18:26 Repeat$_fireFunction_Repeat_Repeat$__f_sL_12.class
-rw-rw-r--   1 travis travis    541 Jul 21 18:26 Repeat$_fireFunction_Repeat_Repeat$__f_sL_13.class
-rw-rw-r--   1 travis travis    541 Jul 21 18:26 Repeat$_fireFunction_Repeat_Repeat$__f_sL_14.class
-rw-rw-r--   1 travis travis    684 Jul 21 18:26 Repeat$_fireFunction_Repeat_Repeat$__f_sL_1.class
-rw-rw-r--   1 travis travis    683 Jul 21 18:26 Repeat$_fireFunction_Repeat_Repeat$__f_sL_4.class
-rw-rw-r--   1 travis travis    539 Jul 21 18:26 Repeat$_fireFunction_Repeat_Repeat$__f_sL_9.class
-rw-rw-r--   1 travis travis    494 Jul 21 18:26 Repeat$_initialize_Repeat$__i_sL_2.class
-rw-rw-r--   1 travis travis   1281 Jul 21 18:26 Repeat.mk
-rw-rw-r--   1 travis travis    539 Jul 21 18:26 Repeat$_preinitializeMethod_Repeat$__p_sL_0.class
-rw-rw-r--   1 travis travis   1102 Jul 21 18:26 Repeat$_Repeat$_fireFunction_Repeat_AddSubtract_Repeat.class
-rw-rw-r--   1 travis travis    810 Jul 21 18:26 Repeat$_Repeat$_fireFunction_Repeat_AddSubtract_Repeat$__f_sL_0.class
-rw-rw-r--   1 travis travis    928 Jul 21 18:26 Repeat$_Repeat$_fireFunction_Repeat_AddSubtract_Repeat$__f_sL_1.class
-rw-rw-r--   1 travis travis    934 Jul 21 18:26 Repeat$_Repeat$_fireFunction_Repeat_AddSubtract_Repeat$__f_sL_2.class
-rw-rw-r--   1 travis travis    862 Jul 21 18:26 Repeat$_Repeat$_fireFunction_Repeat_AddSubtract_Repeat$__f_sL_3.class
-rw-rw-r--   1 travis travis    757 Jul 21 18:26 Repeat$_Repeat$_fireFunction_Repeat_Ramp2_Repeat$__f_sL_0.class
-rw-rw-r--   1 travis travis    888 Jul 21 18:26 Repeat$_Repeat$_fireFunction_Repeat_Test_Repeat$__f_sL_0.class
-rw-rw-r--   1 travis travis    634 Jul 21 18:26 Repeat$_Repeat$_fireFunction_Repeat_Test_Repeat$__f_sL_1.class
-rw-rw-r--   1 travis travis    704 Jul 21 18:26 Repeat$_Repeat_SDF_Director_run_Repeat$__R_sL_0.class
-rw-rw-r--   1 travis travis    705 Jul 21 18:26 Repeat$_Repeat_SDF_Director_run_Repeat$__R_sL_11.class
-rw-rw-r--   1 travis travis    561 Jul 21 18:26 Repeat$_Repeat_SDF_Director_run_Repeat$__R_sL_13.class
-rw-rw-r--   1 travis travis    559 Jul 21 18:26 Repeat$_Repeat_SDF_Director_run_Repeat$__R_sL_2.class
-rw-rw-r--   1 travis travis    703 Jul 21 18:26 Repeat$_Repeat_SDF_Director_run_Repeat$__R_sL_3.class
-rw-rw-r--   1 travis travis    559 Jul 21 18:26 Repeat$_Repeat_SDF_Director_run_Repeat$__R_sL_5.class
-rw-rw-r--   1 travis travis    559 Jul 21 18:26 Repeat$_Repeat_SDF_Director_run_Repeat$__R_sL_8.class
drwxrwxr-x   2 travis travis   4096 Jul 21 18:26 RepeatVariables
-rw-rw-r--   1 travis travis    882 Jul 21 18:26 Repeat$_varinit_Repeat.class
-rw-rw-r--   1 travis travis    550 Jul 21 18:26 Repeat$_varinit_Repeat$__v_sL_2.class
-rw-rw-r--   1 travis travis    924 Jul 21 18:26 Repeat$_varinit_Repeat$__v_sL_4.class
-rw-rw-r--   1 travis travis    978 Jul 21 18:26 Repeat$_wrapup_Repeat$__w_sL_1.class
drwxrwxr-x   3 travis travis  20480 Jul 21 18:22 Sinewave
drwxrwxr-x   3 travis travis  32768 Jul 21 18:23 StringFunction
drwxrwxr-x   3 travis travis  12288 Jul 21 18:24 StringLength
drwxrwxr-x   3 travis travis  61440 Jul 21 18:24 StringMatches2
drwxrwxr-x   3 travis travis  61440 Jul 21 18:24 StringSimpleReplace
drwxrwxr-x   3 travis travis  65536 Jul 21 18:24 StringSubstring
drwxrwxr-x   3 travis travis  24576 Jul 21 18:25 StringSubstring2
drwxrwxr-x   3 travis travis  16384 Jul 21 18:25 time1
drwxrwxr-x   3 travis travis  12288 Jul 21 18:26 time5
-rw-rw-r--   1 travis travis    432 Jul 21 18:27 Token.class
-rw-rw-r--   1 travis travis    251 Jul 21 18:27 Token.java
-rwxrwxr-x   1 travis travis 466992 Jul 21 18:18 top
-rw-rw-r--   1 travis travis  20502 Jul 21 18:18 top.c
-rw-rw-r--   1 travis travis   3799 Jul 21 18:26 top.class
-rw-rw-r--   1 travis travis   1257 Jul 21 18:26 top.mk
All Done
Writing ModularCodeGen3_A2.java in file:/home/travis/cg/ (15957 characters)
Reading "ptolemy/cg/kernel/generic/program/procedural/java/modular/makefile.in",
    writing "/home/travis/cg/ModularCodeGen3_A2.mk"
Using ptolemy/cg/kernel/generic/program/procedural/java/modular/makefile.in
In "/home/travis/cg", about to execute:
    make -f ModularCodeGen3_A2.mk
javac -classpath ".:.."    ModularCodeGen3_A2.java
All Done
Manager.initialize() finished: 21569 ms. Memory: 145408K Free: 50073K (34%)
21572 ms. Memory: 145408K Free: 49559K (34%)
----------------- Invoking toplevel() on ptolemy.moml.MoMLSimpleApplication@62fb9300
----------------- Done invoking toplevel() on ptolemy.moml.MoMLSimpleApplication@62fb9300
reloadAllAccessors: .ModularCodeGen3

===========================================================================================
----------------- testing Sun Jul 21 18:27:55 UTC 2019 /home/travis/build/icyphy/ptII/ptolemy/cg/lib/test/auto/ModularCodeGen4.xml
----------------- Instantiating /home/travis/build/icyphy/ptII/ptolemy/cg/lib/test/auto/ModularCodeGen4.xml
In "/home/travis/cg", about to execute:
    pwd
In "/home/travis/cg", about to execute:
    ls -l
/home/travis/cg
total 1920
drwxrwxr-x   3 travis travis  12288 Jul 21 18:20 AbsoluteValue
In "/home/travis/cg", about to execute:
drwxrwxr-x   3 travis travis 102400 Jul 21 18:19 AllColt
drwxrwxr-x   3 travis travis  12288 Jul 21 18:19 Case1
-rw-rw-r--   1 travis travis   5128 Jul 21 18:26 CompiledCompositeActor_CompiledCompositeActor.class
-rw-rw-r--   1 travis travis   1611 Jul 21 18:26 CompiledCompositeActor_CompiledCompositeActor$_CompiledCompositeActor_CompiledCompositeActor.class
-rw-rw-r--   1 travis travis  13466 Jul 21 18:26 CompiledCompositeActor_CompiledCompositeActor.java
-rw-rw-r--   1 travis travis   1593 Jul 21 18:26 CompiledCompositeActor_CompiledCompositeActor.mk
drwxrwxr-x   5 travis travis   4096 Jul 21 18:18 fmi
drwxrwxr-x   3 travis travis  16384 Jul 21 18:20 Gaussian2
-rw-rw-r--   1 travis travis   4684 Jul 21 18:26 JavaCompiledCompositeTest1_CompiledCompositeActor.class
-rw-rw-r--   1 travis travis  11637 Jul 21 18:26 JavaCompiledCompositeTest1_CompiledCompositeActor.java
-rw-rw-r--   1 travis travis   1217 Jul 21 18:26 JavaCompiledCompositeTest1_CompiledCompositeActor$_JavaCompiledCompositeTest1_CompiledCompositeActor.class
-rw-rw-r--   1 travis travis   1625 Jul 21 18:26 JavaCompiledCompositeTest1_CompiledCompositeActor.mk
-rw-rw-r--   1 travis travis   5115 Jul 21 18:26 JavaCompiledCompositeTest2_CompiledCompositeActor.class
-rw-rw-r--   1 travis travis  14919 Jul 21 18:26 JavaCompiledCompositeTest2_CompiledCompositeActor.java
-rw-rw-r--   1 travis travis   1812 Jul 21 18:26 JavaCompiledCompositeTest2_CompiledCompositeActor$_JavaCompiledCompositeTest2_CompiledCompositeActor.class
-rw-rw-r--   1 travis travis   1625 Jul 21 18:26 JavaCompiledCompositeTest2_CompiledCompositeActor.mk
-rw-rw-r--   1 travis travis   4732 Jul 21 18:26 JavaCompiledCompositeTest3_CompiledCompositeActor.class
-rw-rw-r--   1 travis travis  13080 Jul 21 18:26 JavaCompiledCompositeTest3_CompiledCompositeActor.java
-rw-rw-r--   1 travis travis   1397 Jul 21 18:26 JavaCompiledCompositeTest3_CompiledCompositeActor$_JavaCompiledCompositeTest3_CompiledCompositeActor.class
-rw-rw-r--   1 travis travis   1625 Jul 21 18:26 JavaCompiledCompositeTest3_CompiledCompositeActor.mk
-rw-rw-r--   1 travis travis   4183 Jul 21 18:26 JavaCompiledCompositeTest4_CompiledCompositeActor.class
-rw-rw-r--   1 travis travis   9687 Jul 21 18:26 JavaCompiledCompositeTest4_CompiledCompositeActor.java
-rw-rw-r--   1 travis travis    876 Jul 21 18:26 JavaCompiledCompositeTest4_CompiledCompositeActor$_JavaCompiledCompositeTest4_CompiledCompositeActor.class
    javac -classpath
.:/home/travis/build/icyphy/ptII:/home/travis/build/icyphy/ptII/lib/bsh-2.0b4.j
ar:/home/travis/build/icyphy/ptII/lib/ptCal.jar:/home/travis/build/icyphy/ptII/
lib/java_cup.jar:/home/travis/build/icyphy/ptII/lib/saxon8.jar:/home/travis/bui
ld/icyphy/ptII/lib/saxon8-dom.jar:/home/travis/build/icyphy/ptII/lib/chic.jar:/
home/travis/build/icyphy/ptII/lib/ptcolt.jar:/home/travis/build/icyphy/ptII/ven
dors/misc/itext/iText.jar:/home/travis/build/icyphy/ptII/lib/g4ltl.jar:/home/tr
avis/build/icyphy/ptII/lib/StructuralCoder.jar:/home/travis/build/icyphy/ptII/l
ib/jcerti.jar:/home/travis/build/icyphy/ptII/lib/javax.mail.jar:/home/travis/bu
ild/icyphy/ptII/vendors/JMF-2.1.1e/lib/jmf.jar:/home/travis/build/icyphy/ptII/l
ib/jna-4.0.0-variadic.jar:/home/travis/build/icyphy/ptII/vendors/misc/joystick/
Joystick.jar:/home/travis/build/icyphy/ptII/lib/ptjacl.jar:/home/travis/build/i
cyphy/ptII/lib/jsoup-1.8.2.jar:/home/travis/build/icyphy/ptII/lib/junit-4.8.2.j
ar:/home/travis/build/icyphy/ptII/lib/JUnitParams-0.4.0.jar:/home/travis/build/
icyphy/ptII/ptolemy/actor/lib/excel/jxl.jar:/home/travis/build/icyphy/ptII/lib/
jython.jar:/home/travis/build/icyphy/ptII/lib/kieler.jar:/home/travis/build/icy
phy/ptII/vendors/opencv/share/OpenCV/java/opencv-341.jar:/home/travis/build/icy
phy/ptII/lib/oscP5.jar:/home/travis/build/icyphy/ptII/lib/nrjavaserial-3.11.0.d
evel.jar:/home/travis/build/icyphy/ptII/vendors/j3d/lib/Linux/j3dcore.jar:/home
/travis/build/icyphy/ptII/vendors/j3d/lib/Linux/j3dutils.jar:/home/travis/build
/icyphy/ptII/vendors/j3d/lib/Linux/vecmath.jar:/home/travis/build/icyphy/ptII/v
endors/jogl/lib/Linux/gluegen-rt-natives-linux-amd64.jar:/home/travis/build/icy
phy/ptII/vendors/jogl/lib/Linux/gluegen-rt.jar:/home/travis/build/icyphy/ptII/v
endors/jogl/lib/Linux/jogl-all-natives-linux-amd64.jar:/home/travis/build/icyph
y/ptII/vendors/jogl/lib/Linux/jogl-all.jar:/home/travis/build/icyphy/ptII/ptole
my/distributed/jini/jar/jini-core.jar:/home/travis/build/icyphy/ptII/ptolemy/di
stributed/jini/jar/jini-ext.jar:/home/travis/build/icyphy/ptII/ptolemy/distribu
ted/jini/jar/sun-util.jar:/home/travis/build/icyphy/ptII/lib/protobuf-java-2.4.
1.jar:/home/travis/build/icyphy/ptII/lib/org.eclipse.paho.client.mqttv3.jar:/ho
me/travis/build/icyphy/ptII/lib/mapss.jar:/home/travis/build/icyphy/ptII/ptolem
y/actor/ptalon/antlr/antlr.jar:/home/travis/build/icyphy/ptII/lib/JRI.jar:/home
/travis/build/icyphy/ptII/lib/commons-lang-2.6.jar:/home/travis/build/icyphy/pt
II/lib/commons-logging-1.1.1.jar:/home/travis/build/icyphy/ptII/lib/sootclasses
.jar:/home/travis/build/icyphy/ptII/ptolemy/actor/lib/database/mysql-connector-
java-5.1.6-bin.jar:/home/travis/build/icyphy/ptII/vendors/misc/sphinx4/sphinx4-
data-5prealpha.jar:/home/travis/build/icyphy/ptII/vendors/misc/sphinx4/sphinx4-
core-5prealpha.jar:/home/travis/build/icyphy/ptII/lib/PDFRenderer.jar:/home/tra
vis/build/icyphy/ptII/lib/svgSalamander.jar:/home/travis/build/icyphy/ptII/lib/
rsyntaxtextarea-2.6.0-SNAPSHOT.jar:/home/travis/build/icyphy/ptII/lib/hazelcast
-3.8.2.jar:/home/travis/build/icyphy/ptII/lib/jackson-annotations-2.9.0.jar:/ho
me/travis/build/icyphy/ptII/lib/jackson-core-2.9.3.jar:/home/travis/build/icyph
y/ptII/lib/jackson-databind-2.9.3.jar:/home/travis/build/icyphy/ptII/lib/netty-
buffer-4.1.19.Final.jar:/home/travis/build/icyphy/ptII/lib/netty-codec-4.1.19.F
inal.jar:/home/travis/build/icyphy/ptII/lib/netty-codec-dns-4.1.19.Final.jar:/h
ome/travis/build/icyphy/ptII/lib/netty-codec-http-4.1.19.Final.jar:/home/travis
/build/icyphy/ptII/lib/netty-codec-http2-4.1.19.Final.jar:/home/travis/build/ic
yphy/ptII/lib/netty-common-4.1.19.Final.jar:/home/travis/build/icyphy/ptII/lib/
netty-handler-4.1.19.Final.jar:/home/travis/build/icyphy/ptII/lib/netty-resolve
r-4.1.19.Final.jar:/home/travis/build/icyphy/ptII/lib/netty-resolver-dns-4.1.19
.Final.jar:/home/travis/build/icyphy/ptII/lib/netty-transport-4.1.19.Final.jar:
/home/travis/build/icyphy/ptII/lib/vertx-codegen-3.5.1.jar:/home/travis/build/i
cyphy/ptII/lib/vertx-core-3.5.2-SNAPSHOT.jar:/home/travis/build/icyphy/ptII/lib
/vertx-hazelcast-3.5.1.jar:/home/travis/build/icyphy/ptII/lib/vertx-lang-js-3.5
.1.jar:/home/travis/build/icyphy/ptII/lib/vertx-service-proxy-3.5.1.jar:/home/t
ravis/build/icyphy/ptII/lib/vertx-web-3.5.1.jar:/home/travis/build/icyphy/ptII/
lib/slf4j-api-1.7.13.jar:/home/travis/build/icyphy/ptII/lib/slf4j-simple-1.7.13
.jar:/home/travis/build/icyphy/ptII/lib/webcam-capture-0.3.12.jar:/home/travis/
build/icyphy/ptII/lib/bridj-0.7.0.jar:/home/travis/build/icyphy/ptII/lib/xbjlib
-1.1.0.nrjavaserial.jar:/home/travis/build/icyphy/ptII/ptolemy/moml/test:/home/
travis/build/icyphy/ptII/ant/lib/ant-launcher.jar:/home/travis/build/icyphy/ptI
I/ant/lib/ant.jar:/home/travis/build/icyphy/ptII/ant/lib/ant-junit.jar:/home/tr
avis/build/icyphy/ptII/ant/lib/ant-junit4.jar:/home/travis/build/icyphy/ptII
ModularCodeGen4_A1_B1_profile.java
-rw-rw-r--   1 travis travis   1625 Jul 21 18:26 JavaCompiledCompositeTest4_CompiledCompositeActor.mk
drwxrwxr-x   3 travis travis  12288 Jul 21 18:21 LookupTable
drwxrwxr-x   3 travis travis  20480 Jul 21 18:21 MaxIndex
-rw-rw-r--   1 travis travis   3925 Jul 21 18:26 ModularCG_A1_B1.class
-rw-rw-r--   1 travis travis   9730 Jul 21 18:26 ModularCG_A1_B1.java
-rw-rw-r--   1 travis travis    832 Jul 21 18:26 ModularCG_A1_B1.mk
-rw-rw-r--   1 travis travis   1318 Jul 21 18:26 ModularCG_A1_B1_profile.class
-rw-rw-r--   1 travis travis   1262 Jul 21 18:26 ModularCG_A1_B1_profile.java
-rw-rw-r--   1 travis travis   3925 Jul 21 18:27 ModularCG_A1_B2.class
-rw-rw-r--   1 travis travis   9730 Jul 21 18:27 ModularCG_A1_B2.java
-rw-rw-r--   1 travis travis    832 Jul 21 18:27 ModularCG_A1_B2.mk
-rw-rw-r--   1 travis travis   1318 Jul 21 18:27 ModularCG_A1_B2_profile.class
-rw-rw-r--   1 travis travis   1262 Jul 21 18:26 ModularCG_A1_B2_profile.java
-rw-rw-r--   1 travis travis   5031 Jul 21 18:27 ModularCG_A1.class
-rw-rw-r--   1 travis travis  14742 Jul 21 18:27 ModularCG_A1.java
-rw-rw-r--   1 travis travis    808 Jul 21 18:27 ModularCG_A1.mk
-rw-rw-r--   1 travis travis   1433 Jul 21 18:27 ModularCG_A1_profile.class
-rw-rw-r--   1 travis travis   1704 Jul 21 18:27 ModularCG_A1_profile.java
-rw-rw-r--   1 travis travis   4059 Jul 21 18:27 ModularCG_A2_B1.class
-rw-rw-r--   1 travis travis  10667 Jul 21 18:27 ModularCG_A2_B1.java
-rw-rw-r--   1 travis travis    832 Jul 21 18:27 ModularCG_A2_B1.mk
-rw-rw-r--   1 travis travis   1381 Jul 21 18:27 ModularCG_A2_B1_profile.class
-rw-rw-r--   1 travis travis   1446 Jul 21 18:27 ModularCG_A2_B1_profile.java
-rw-rw-r--   1 travis travis   3925 Jul 21 18:27 ModularCG_A2_B2.class
-rw-rw-r--   1 travis travis   9730 Jul 21 18:27 ModularCG_A2_B2.java
-rw-rw-r--   1 travis travis    832 Jul 21 18:27 ModularCG_A2_B2.mk
-rw-rw-r--   1 travis travis   1318 Jul 21 18:27 ModularCG_A2_B2_profile.class
-rw-rw-r--   1 travis travis   1262 Jul 21 18:27 ModularCG_A2_B2_profile.java
-rw-rw-r--   1 travis travis   5102 Jul 21 18:27 ModularCG_A2.class
-rw-rw-r--   1 travis travis  15129 Jul 21 18:27 ModularCG_A2.java
-rw-rw-r--   1 travis travis    808 Jul 21 18:27 ModularCG_A2.mk
-rw-rw-r--   1 travis travis   1433 Jul 21 18:27 ModularCG_A2_profile.class
-rw-rw-r--   1 travis travis   1704 Jul 21 18:27 ModularCG_A2_profile.java
-rw-rw-r--   1 travis travis   3705 Jul 21 18:27 ModularCGPubSub_A1_A2.class
-rw-rw-r--   1 travis travis   9076 Jul 21 18:27 ModularCGPubSub_A1_A2.java
-rw-rw-r--   1 travis travis    880 Jul 21 18:27 ModularCGPubSub_A1_A2.mk
-rw-rw-r--   1 travis travis   1300 Jul 21 18:27 ModularCGPubSub_A1_A2_profile.class
-rw-rw-r--   1 travis travis   1222 Jul 21 18:27 ModularCGPubSub_A1_A2_profile.java
-rw-rw-r--   1 travis travis   4022 Jul 21 18:27 ModularCGPubSub_A1.class
-rw-rw-r--   1 travis travis   9836 Jul 21 18:27 ModularCGPubSub_A1.java
-rw-rw-r--   1 travis travis    856 Jul 21 18:27 ModularCGPubSub_A1.mk
-rw-rw-r--   1 travis travis   1346 Jul 21 18:27 ModularCGPubSub_A1_profile.class
-rw-rw-r--   1 travis travis   1388 Jul 21 18:27 ModularCGPubSub_A1_profile.java
-rw-rw-r--   1 travis travis   4220 Jul 21 18:27 ModularCodeGen2_ModularCodeGenTypedCompositeActor.class
-rw-rw-r--   1 travis travis  11690 Jul 21 18:27 ModularCodeGen2_ModularCodeGenTypedCompositeActor.java
-rw-rw-r--   1 travis travis   1104 Jul 21 18:27 ModularCodeGen2_ModularCodeGenTypedCompositeActor.mk
-rw-rw-r--   1 travis travis   4504 Jul 21 18:27 ModularCodeGen2_ModularCodeGenTypedCompositeActor_ModularCodeGenTypedCompositeActor.class
-rw-rw-r--   1 travis travis  11790 Jul 21 18:27 ModularCodeGen2_ModularCodeGenTypedCompositeActor_ModularCodeGenTypedCompositeActor.java
-rw-rw-r--   1 travis travis   1376 Jul 21 18:27 ModularCodeGen2_ModularCodeGenTypedCompositeActor_ModularCodeGenTypedCompositeActor.mk
-rw-rw-r--   1 travis travis   1421 Jul 21 18:27 ModularCodeGen2_ModularCodeGenTypedCompositeActor_ModularCodeGenTypedCompositeActor_profile.class
-rw-rw-r--   1 travis travis   1294 Jul 21 18:27 ModularCodeGen2_ModularCodeGenTypedCompositeActor_ModularCodeGenTypedCompositeActor_profile.java
-rw-rw-r--   1 travis travis    820 Jul 21 18:27 ModularCodeGen2_ModularCodeGenTypedCompositeActor_profile.class
-rw-rw-r--   1 travis travis    693 Jul 21 18:27 ModularCodeGen2_ModularCodeGenTypedCompositeActor_profile.java
-rw-rw-r--   1 travis travis   3973 Jul 21 18:27 ModularCodeGen3_A1_B1.class
-rw-rw-r--   1 travis travis   9958 Jul 21 18:27 ModularCodeGen3_A1_B1.java
-rw-rw-r--   1 travis travis    880 Jul 21 18:27 ModularCodeGen3_A1_B1.mk
-rw-rw-r--   1 travis travis   1330 Jul 21 18:27 ModularCodeGen3_A1_B1_profile.class
-rw-rw-r--   1 travis travis   1274 Jul 21 18:27 ModularCodeGen3_A1_B1_profile.java
-rw-rw-r--   1 travis travis   3973 Jul 21 18:27 ModularCodeGen3_A1_B2.class
-rw-rw-r--   1 travis travis   9958 Jul 21 18:27 ModularCodeGen3_A1_B2.java
-rw-rw-r--   1 travis travis    880 Jul 21 18:27 ModularCodeGen3_A1_B2.mk
-rw-rw-r--   1 travis travis   1330 Jul 21 18:27 ModularCodeGen3_A1_B2_profile.class
-rw-rw-r--   1 travis travis   1274 Jul 21 18:27 ModularCodeGen3_A1_B2_profile.java
-rw-rw-r--   1 travis travis   5193 Jul 21 18:27 ModularCodeGen3_A1.class
-rw-rw-r--   1 travis travis  15564 Jul 21 18:27 ModularCodeGen3_A1.java
-rw-rw-r--   1 travis travis    856 Jul 21 18:27 ModularCodeGen3_A1.mk
-rw-rw-r--   1 travis travis   1445 Jul 21 18:27 ModularCodeGen3_A1_profile.class
-rw-rw-r--   1 travis travis   1716 Jul 21 18:27 ModularCodeGen3_A1_profile.java
-rw-rw-r--   1 travis travis   4119 Jul 21 18:27 ModularCodeGen3_A2_B1.class
-rw-rw-r--   1 travis travis  10955 Jul 21 18:27 ModularCodeGen3_A2_B1.java
-rw-rw-r--   1 travis travis    880 Jul 21 18:27 ModularCodeGen3_A2_B1.mk
-rw-rw-r--   1 travis travis   1393 Jul 21 18:27 ModularCodeGen3_A2_B1_profile.class
-rw-rw-r--   1 travis travis   1458 Jul 21 18:27 ModularCodeGen3_A2_B1_profile.java
-rw-rw-r--   1 travis travis   3973 Jul 21 18:27 ModularCodeGen3_A2_B2.class
-rw-rw-r--   1 travis travis   9958 Jul 21 18:27 ModularCodeGen3_A2_B2.java
-rw-rw-r--   1 travis travis    880 Jul 21 18:27 ModularCodeGen3_A2_B2.mk
-rw-rw-r--   1 travis travis   1330 Jul 21 18:27 ModularCodeGen3_A2_B2_profile.class
-rw-rw-r--   1 travis travis   1274 Jul 21 18:27 ModularCodeGen3_A2_B2_profile.java
-rw-rw-r--   1 travis travis   5270 Jul 21 18:27 ModularCodeGen3_A2.class
-rw-rw-r--   1 travis travis  15957 Jul 21 18:27 ModularCodeGen3_A2.java
-rw-rw-r--   1 travis travis    856 Jul 21 18:27 ModularCodeGen3_A2.mk
-rw-rw-r--   1 travis travis   1445 Jul 21 18:27 ModularCodeGen3_A2_profile.class
-rw-rw-r--   1 travis travis   1716 Jul 21 18:27 ModularCodeGen3_A2_profile.java
-rw-rw-r--   1 travis travis   1273 Jul 21 18:27 ModularCodeGen4_A1_B1_profile.java
-rw-rw-r--   1 travis travis   4186 Jul 21 18:27 ModularCodeGen_ModularCodeGenTypedCompositeActor.class
-rw-rw-r--   1 travis travis  10970 Jul 21 18:27 ModularCodeGen_ModularCodeGenTypedCompositeActor.java
-rw-rw-r--   1 travis travis   1096 Jul 21 18:27 ModularCodeGen_ModularCodeGenTypedCompositeActor.mk
-rw-rw-r--   1 travis travis   1384 Jul 21 18:27 ModularCodeGen_ModularCodeGenTypedCompositeActor_profile.class
-rw-rw-r--   1 travis travis   1328 Jul 21 18:27 ModularCodeGen_ModularCodeGenTypedCompositeActor_profile.java
-rw-rw-r--   1 travis travis   3724 Jul 21 18:26 ModularCodeGenTest_A1_A2.class
-rw-rw-r--   1 travis travis   9164 Jul 21 18:26 ModularCodeGenTest_A1_A2.java
-rw-rw-r--   1 travis travis   1306 Jul 21 18:26 ModularCodeGenTest_A1_A2_profile.class
-rw-rw-r--   1 travis travis   4055 Jul 21 18:26 ModularCodeGenTest_A1.class
-rw-rw-r--   1 travis travis   9968 Jul 21 18:26 ModularCodeGenTest_A1.java
-rw-rw-r--   1 travis travis    880 Jul 21 18:26 ModularCodeGenTest_A1.mk
-rw-rw-r--   1 travis travis   1352 Jul 21 18:26 ModularCodeGenTest_A1_profile.class
-rw-rw-r--   1 travis travis   1394 Jul 21 18:26 ModularCodeGenTest_A1_profile.java
drwxrwxr-x   3 travis travis  32768 Jul 21 18:26 modulation2
drwxrwxr-x 139 travis travis  12288 Jul 21 18:26 node_modules
drwxrwxr-x   3 travis travis  20480 Jul 21 18:21 PhaseUnwrap
drwxrwxr-x   3 travis travis  12288 Jul 21 18:22 ReadFile1
-rw-rw-r--   1 travis travis     11 Jul 21 18:21 ReadFile1Output.txt
-rw-rw-r--   1 travis travis  13773 Jul 21 18:26 Repeat.class
-rw-rw-r--   1 travis travis    685 Jul 21 18:26 Repeat$_fireFunction_Repeat_Repeat$__f_sL_11.class
-rw-rw-r--   1 travis travis    541 Jul 21 18:26 Repeat$_fireFunction_Repeat_Repeat$__f_sL_12.class
-rw-rw-r--   1 travis travis    541 Jul 21 18:26 Repeat$_fireFunction_Repeat_Repeat$__f_sL_13.class
-rw-rw-r--   1 travis travis    541 Jul 21 18:26 Repeat$_fireFunction_Repeat_Repeat$__f_sL_14.class
-rw-rw-r--   1 travis travis    684 Jul 21 18:26 Repeat$_fireFunction_Repeat_Repeat$__f_sL_1.class
-rw-rw-r--   1 travis travis    683 Jul 21 18:26 Repeat$_fireFunction_Repeat_Repeat$__f_sL_4.class
-rw-rw-r--   1 travis travis    539 Jul 21 18:26 Repeat$_fireFunction_Repeat_Repeat$__f_sL_9.class
-rw-rw-r--   1 travis travis    494 Jul 21 18:26 Repeat$_initialize_Repeat$__i_sL_2.class
-rw-rw-r--   1 travis travis   1281 Jul 21 18:26 Repeat.mk
-rw-rw-r--   1 travis travis    539 Jul 21 18:26 Repeat$_preinitializeMethod_Repeat$__p_sL_0.class
-rw-rw-r--   1 travis travis   1102 Jul 21 18:26 Repeat$_Repeat$_fireFunction_Repeat_AddSubtract_Repeat.class
-rw-rw-r--   1 travis travis    810 Jul 21 18:26 Repeat$_Repeat$_fireFunction_Repeat_AddSubtract_Repeat$__f_sL_0.class
-rw-rw-r--   1 travis travis    928 Jul 21 18:26 Repeat$_Repeat$_fireFunction_Repeat_AddSubtract_Repeat$__f_sL_1.class
-rw-rw-r--   1 travis travis    934 Jul 21 18:26 Repeat$_Repeat$_fireFunction_Repeat_AddSubtract_Repeat$__f_sL_2.class
-rw-rw-r--   1 travis travis    862 Jul 21 18:26 Repeat$_Repeat$_fireFunction_Repeat_AddSubtract_Repeat$__f_sL_3.class
-rw-rw-r--   1 travis travis    757 Jul 21 18:26 Repeat$_Repeat$_fireFunction_Repeat_Ramp2_Repeat$__f_sL_0.class
-rw-rw-r--   1 travis travis    888 Jul 21 18:26 Repeat$_Repeat$_fireFunction_Repeat_Test_Repeat$__f_sL_0.class
-rw-rw-r--   1 travis travis    634 Jul 21 18:26 Repeat$_Repeat$_fireFunction_Repeat_Test_Repeat$__f_sL_1.class
-rw-rw-r--   1 travis travis    704 Jul 21 18:26 Repeat$_Repeat_SDF_Director_run_Repeat$__R_sL_0.class
-rw-rw-r--   1 travis travis    705 Jul 21 18:26 Repeat$_Repeat_SDF_Director_run_Repeat$__R_sL_11.class
-rw-rw-r--   1 travis travis    561 Jul 21 18:26 Repeat$_Repeat_SDF_Director_run_Repeat$__R_sL_13.class
-rw-rw-r--   1 travis travis    559 Jul 21 18:26 Repeat$_Repeat_SDF_Director_run_Repeat$__R_sL_2.class
-rw-rw-r--   1 travis travis    703 Jul 21 18:26 Repeat$_Repeat_SDF_Director_run_Repeat$__R_sL_3.class
-rw-rw-r--   1 travis travis    559 Jul 21 18:26 Repeat$_Repeat_SDF_Director_run_Repeat$__R_sL_5.class
-rw-rw-r--   1 travis travis    559 Jul 21 18:26 Repeat$_Repeat_SDF_Director_run_Repeat$__R_sL_8.class
drwxrwxr-x   2 travis travis   4096 Jul 21 18:26 RepeatVariables
-rw-rw-r--   1 travis travis    882 Jul 21 18:26 Repeat$_varinit_Repeat.class
-rw-rw-r--   1 travis travis    550 Jul 21 18:26 Repeat$_varinit_Repeat$__v_sL_2.class
-rw-rw-r--   1 travis travis    924 Jul 21 18:26 Repeat$_varinit_Repeat$__v_sL_4.class
-rw-rw-r--   1 travis travis    978 Jul 21 18:26 Repeat$_wrapup_Repeat$__w_sL_1.class
drwxrwxr-x   3 travis travis  20480 Jul 21 18:22 Sinewave
drwxrwxr-x   3 travis travis  32768 Jul 21 18:23 StringFunction
drwxrwxr-x   3 travis travis  12288 Jul 21 18:24 StringLength
drwxrwxr-x   3 travis travis  61440 Jul 21 18:24 StringMatches2
drwxrwxr-x   3 travis travis  61440 Jul 21 18:24 StringSimpleReplace
drwxrwxr-x   3 travis travis  65536 Jul 21 18:24 StringSubstring
drwxrwxr-x   3 travis travis  24576 Jul 21 18:25 StringSubstring2
drwxrwxr-x   3 travis travis  16384 Jul 21 18:25 time1
drwxrwxr-x   3 travis travis  12288 Jul 21 18:26 time5
-rw-rw-r--   1 travis travis    432 Jul 21 18:27 Token.class
-rw-rw-r--   1 travis travis    251 Jul 21 18:27 Token.java
-rwxrwxr-x   1 travis travis 466992 Jul 21 18:18 top
-rw-rw-r--   1 travis travis  20502 Jul 21 18:18 top.c
-rw-rw-r--   1 travis travis   3799 Jul 21 18:26 top.class
-rw-rw-r--   1 travis travis   1257 Jul 21 18:26 top.mk
All Done
Writing ModularCodeGen4_A1_B1.java in file:/home/travis/cg/ (10312 characters)
Reading "ptolemy/cg/kernel/generic/program/procedural/java/modular/makefile.in",
    writing "/home/travis/cg/ModularCodeGen4_A1_B1.mk"
Using ptolemy/cg/kernel/generic/program/procedural/java/modular/makefile.in
In "/home/travis/cg", about to execute:
    make -f ModularCodeGen4_A1_B1.mk
javac -classpath ".:.."    ModularCodeGen4_A1_B1.java
All Done
In "/home/travis/cg", about to execute:
    pwd
/home/travis/cg
In "/home/travis/cg", about to execute:
    ls -l
total 1948
drwxrwxr-x   3 travis travis  12288 Jul 21 18:20 AbsoluteValue
drwxrwxr-x   3 travis travis 102400 Jul 21 18:19 AllColt
drwxrwxr-x   3 travis travis  12288 Jul 21 18:19 Case1
-rw-rw-r--   1 travis travis   5128 Jul 21 18:26 CompiledCompositeActor_CompiledCompositeActor.class
-rw-rw-r--   1 travis travis   1611 Jul 21 18:26 CompiledCompositeActor_CompiledCompositeActor$_CompiledCompositeActor_CompiledCompositeActor.class
-rw-rw-r--   1 travis travis  13466 Jul 21 18:26 CompiledCompositeActor_CompiledCompositeActor.java
-rw-rw-r--   1 travis travis   1593 Jul 21 18:26 CompiledCompositeActor_CompiledCompositeActor.mk
drwxrwxr-x   5 travis travis   4096 Jul 21 18:18 fmi
drwxrwxr-x   3 travis travis  16384 Jul 21 18:20 Gaussian2
-rw-rw-r--   1 travis travis   4684 Jul 21 18:26 JavaCompiledCompositeTest1_CompiledCompositeActor.class
-rw-rw-r--   1 travis travis  11637 Jul 21 18:26 JavaCompiledCompositeTest1_CompiledCompositeActor.java
-rw-rw-r--   1 travis travis   1217 Jul 21 18:26 JavaCompiledCompositeTest1_CompiledCompositeActor$_JavaCompiledCompositeTest1_CompiledCompositeActor.class
-rw-rw-r--   1 travis travis   1625 Jul 21 18:26 JavaCompiledCompositeTest1_CompiledCompositeActor.mk
-rw-rw-r--   1 travis travis   5115 Jul 21 18:26 JavaCompiledCompositeTest2_CompiledCompositeActor.class
-rw-rw-r--   1 travis travis  14919 Jul 21 18:26 JavaCompiledCompositeTest2_CompiledCompositeActor.java
-rw-rw-r--   1 travis travis   1812 Jul 21 18:26 JavaCompiledCompositeTest2_CompiledCompositeActor$_JavaCompiledCompositeTest2_CompiledCompositeActor.class
-rw-rw-r--   1 travis travis   1625 Jul 21 18:26 JavaCompiledCompositeTest2_CompiledCompositeActor.mk
-rw-rw-r--   1 travis travis   4732 Jul 21 18:26 JavaCompiledCompositeTest3_CompiledCompositeActor.class
-rw-rw-r--   1 travis travis  13080 Jul 21 18:26 JavaCompiledCompositeTest3_CompiledCompositeActor.java
-rw-rw-r--   1 travis travis   1397 Jul 21 18:26 JavaCompiledCompositeTest3_CompiledCompositeActor$_JavaCompiledCompositeTest3_CompiledCompositeActor.class
-rw-rw-r--   1 travis travis   1625 Jul 21 18:26 JavaCompiledCompositeTest3_CompiledCompositeActor.mk
-rw-rw-r--   1 travis travis   4183 Jul 21 18:26 JavaCompiledCompositeTest4_CompiledCompositeActor.class
-rw-rw-r--   1 travis travis   9687 Jul 21 18:26 JavaCompiledCompositeTest4_CompiledCompositeActor.java
-rw-rw-r--   1 travis travis    876 Jul 21 18:26 JavaCompiledCompositeTest4_CompiledCompositeActor$_JavaCompiledCompositeTest4_CompiledCompositeActor.class
-rw-rw-r--   1 travis travis   1625 Jul 21 18:26 JavaCompiledCompositeTest4_CompiledCompositeActor.mk
drwxrwxr-x   3 travis travis  12288 Jul 21 18:21 LookupTable
drwxrwxr-x   3 travis travis  20480 Jul 21 18:21 MaxIndex
-rw-rw-r--   1 travis travis   3925 Jul 21 18:26 ModularCG_A1_B1.class
-rw-rw-r--   1 travis travis   9730 Jul 21 18:26 ModularCG_A1_B1.java
-rw-rw-r--   1 travis travis    832 Jul 21 18:26 ModularCG_A1_B1.mk
-rw-rw-r--   1 travis travis   1318 Jul 21 18:26 ModularCG_A1_B1_profile.class
-rw-rw-r--   1 travis travis   1262 Jul 21 18:26 ModularCG_A1_B1_profile.java
-rw-rw-r--   1 travis travis   3925 Jul 21 18:27 ModularCG_A1_B2.class
-rw-rw-r--   1 travis travis   9730 Jul 21 18:27 ModularCG_A1_B2.java
-rw-rw-r--   1 travis travis    832 Jul 21 18:27 ModularCG_A1_B2.mk
-rw-rw-r--   1 travis travis   1318 Jul 21 18:27 ModularCG_A1_B2_profile.class
-rw-rw-r--   1 travis travis   1262 Jul 21 18:26 ModularCG_A1_B2_profile.java
-rw-rw-r--   1 travis travis   5031 Jul 21 18:27 ModularCG_A1.class
-rw-rw-r--   1 travis travis  14742 Jul 21 18:27 ModularCG_A1.java
-rw-rw-r--   1 travis travis    808 Jul 21 18:27 ModularCG_A1.mk
-rw-rw-r--   1 travis travis   1433 Jul 21 18:27 ModularCG_A1_profile.class
-rw-rw-r--   1 travis travis   1704 Jul 21 18:27 ModularCG_A1_profile.java
-rw-rw-r--   1 travis travis   4059 Jul 21 18:27 ModularCG_A2_B1.class
-rw-rw-r--   1 travis travis  10667 Jul 21 18:27 ModularCG_A2_B1.java
-rw-rw-r--   1 travis travis    832 Jul 21 18:27 ModularCG_A2_B1.mk
-rw-rw-r--   1 travis travis   1381 Jul 21 18:27 ModularCG_A2_B1_profile.class
-rw-rw-r--   1 travis travis   1446 Jul 21 18:27 ModularCG_A2_B1_profile.java
-rw-rw-r--   1 travis travis   3925 Jul 21 18:27 ModularCG_A2_B2.class
-rw-rw-r--   1 travis travis   9730 Jul 21 18:27 ModularCG_A2_B2.java
-rw-rw-r--   1 travis travis    832 Jul 21 18:27 ModularCG_A2_B2.mk
-rw-rw-r--   1 travis travis   1318 Jul 21 18:27 ModularCG_A2_B2_profile.class
-rw-rw-r--   1 travis travis   1262 Jul 21 18:27 ModularCG_A2_B2_profile.java
-rw-rw-r--   1 travis travis   5102 Jul 21 18:27 ModularCG_A2.class
-rw-rw-r--   1 travis travis  15129 Jul 21 18:27 ModularCG_A2.java
-rw-rw-r--   1 travis travis    808 Jul 21 18:27 ModularCG_A2.mk
-rw-rw-r--   1 travis travis   1433 Jul 21 18:27 ModularCG_A2_profile.class
-rw-rw-r--   1 travis travis   1704 Jul 21 18:27 ModularCG_A2_profile.java
-rw-rw-r--   1 travis travis   3705 Jul 21 18:27 ModularCGPubSub_A1_A2.class
-rw-rw-r--   1 travis travis   9076 Jul 21 18:27 ModularCGPubSub_A1_A2.java
-rw-rw-r--   1 travis travis    880 Jul 21 18:27 ModularCGPubSub_A1_A2.mk
-rw-rw-r--   1 travis travis   1300 Jul 21 18:27 ModularCGPubSub_A1_A2_profile.class
-rw-rw-r--   1 travis travis   1222 Jul 21 18:27 ModularCGPubSub_A1_A2_profile.java
-rw-rw-r--   1 travis travis   4022 Jul 21 18:27 ModularCGPubSub_A1.class
-rw-rw-r--   1 travis travis   9836 Jul 21 18:27 ModularCGPubSub_A1.java
-rw-rw-r--   1 travis travis    856 Jul 21 18:27 ModularCGPubSub_A1.mk
-rw-rw-r--   1 travis travis   1346 Jul 21 18:27 ModularCGPubSub_A1_profile.class
-rw-rw-r--   1 travis travis   1388 Jul 21 18:27 ModularCGPubSub_A1_profile.java
-rw-rw-r--   1 travis travis   4220 Jul 21 18:27 ModularCodeGen2_ModularCodeGenTypedCompositeActor.class
-rw-rw-r--   1 travis travis  11690 Jul 21 18:27 ModularCodeGen2_ModularCodeGenTypedCompositeActor.java
-rw-rw-r--   1 travis travis   1104 Jul 21 18:27 ModularCodeGen2_ModularCodeGenTypedCompositeActor.mk
-rw-rw-r--   1 travis travis   4504 Jul 21 18:27 ModularCodeGen2_ModularCodeGenTypedCompositeActor_ModularCodeGenTypedCompositeActor.class
-rw-rw-r--   1 travis travis  11790 Jul 21 18:27 ModularCodeGen2_ModularCodeGenTypedCompositeActor_ModularCodeGenTypedCompositeActor.java
-rw-rw-r--   1 travis travis   1376 Jul 21 18:27 ModularCodeGen2_ModularCodeGenTypedCompositeActor_ModularCodeGenTypedCompositeActor.mk
-rw-rw-r--   1 travis travis   1421 Jul 21 18:27 ModularCodeGen2_ModularCodeGenTypedCompositeActor_ModularCodeGenTypedCompositeActor_profile.class
-rw-rw-r--   1 travis travis   1294 Jul 21 18:27 ModularCodeGen2_ModularCodeGenTypedCompositeActor_ModularCodeGenTypedCompositeActor_profile.java
-rw-rw-r--   1 travis travis    820 Jul 21 18:27 ModularCodeGen2_ModularCodeGenTypedCompositeActor_profile.class
-rw-rw-r--   1 travis travis    693 Jul 21 18:27 ModularCodeGen2_ModularCodeGenTypedCompositeActor_profile.java
-rw-rw-r--   1 travis travis   3973 Jul 21 18:27 ModularCodeGen3_A1_B1.class
-rw-rw-r--   1 travis travis   9958 Jul 21 18:27 ModularCodeGen3_A1_B1.java
-rw-rw-r--   1 travis travis    880 Jul 21 18:27 ModularCodeGen3_A1_B1.mk
-rw-rw-r--   1 travis travis   1330 Jul 21 18:27 ModularCodeGen3_A1_B1_profile.class
-rw-rw-r--   1 travis travis   1274 Jul 21 18:27 ModularCodeGen3_A1_B1_profile.java
-rw-rw-r--   1 travis travis   3973 Jul 21 18:27 ModularCodeGen3_A1_B2.class
-rw-rw-r--   1 travis travis   9958 Jul 21 18:27 ModularCodeGen3_A1_B2.java
-rw-rw-r--   1 travis travis    880 Jul 21 18:27 ModularCodeGen3_A1_B2.mk
-rw-rw-r--   1 travis travis   1330 Jul 21 18:27 ModularCodeGen3_A1_B2_profile.class
-rw-rw-r--   1 travis travis   1274 Jul 21 18:27 ModularCodeGen3_A1_B2_profile.java
-rw-rw-r--   1 travis travis   5193 Jul 21 18:27 ModularCodeGen3_A1.class
-rw-rw-r--   1 travis travis  15564 Jul 21 18:27 ModularCodeGen3_A1.java
-rw-rw-r--   1 travis travis    856 Jul 21 18:27 ModularCodeGen3_A1.mk
-rw-rw-r--   1 travis travis   1445 Jul 21 18:27 ModularCodeGen3_A1_profile.class
-rw-rw-r--   1 travis travis   1716 Jul 21 18:27 ModularCodeGen3_A1_profile.java
-rw-rw-r--   1 travis travis   4119 Jul 21 18:27 ModularCodeGen3_A2_B1.class
-rw-rw-r--   1 travis travis  10955 Jul 21 18:27 ModularCodeGen3_A2_B1.java
-rw-rw-r--   1 travis travis    880 Jul 21 18:27 ModularCodeGen3_A2_B1.mk
-rw-rw-r--   1 travis travis   1393 Jul 21 18:27 ModularCodeGen3_A2_B1_profile.class
-rw-rw-r--   1 travis travis   1458 Jul 21 18:27 ModularCodeGen3_A2_B1_profile.java
-rw-rw-r--   1 travis travis   3973 Jul 21 18:27 ModularCodeGen3_A2_B2.class
-rw-rw-r--   1 travis travis   9958 Jul 21 18:27 ModularCodeGen3_A2_B2.java
-rw-rw-r--   1 travis travis    880 Jul 21 18:27 ModularCodeGen3_A2_B2.mk
-rw-rw-r--   1 travis travis   1330 Jul 21 18:27 ModularCodeGen3_A2_B2_profile.class
-rw-rw-r--   1 travis travis   1274 Jul 21 18:27 ModularCodeGen3_A2_B2_profile.java
-rw-rw-r--   1 travis travis   5270 Jul 21 18:27 ModularCodeGen3_A2.class
-rw-rw-r--   1 travis travis  15957 Jul 21 18:27 ModularCodeGen3_A2.java
-rw-rw-r--   1 travis travis    856 Jul 21 18:27 ModularCodeGen3_A2.mk
-rw-rw-r--   1 travis travis   1445 Jul 21 18:27 ModularCodeGen3_A2_profile.class
-rw-rw-r--   1 travis travis   1716 Jul 21 18:27 ModularCodeGen3_A2_profile.java
-rw-rw-r--   1 travis travis   4026 Jul 21 18:27 ModularCodeGen4_A1_B1.class
-rw-rw-r--   1 travis travis  10312 Jul 21 18:27 ModularCodeGen4_A1_B1.java
-rw-rw-r--   1 travis travis    880 Jul 21 18:27 ModularCodeGen4_A1_B1.mk
-rw-rw-r--   1 travis travis   1330 Jul 21 18:27 ModularCodeGen4_A1_B1_profile.class
-rw-rw-r--   1 travis travis   1273 Jul 21 18:27 ModularCodeGen4_A1_B1_profile.java
-rw-rw-r--   1 travis travis   1273 Jul 21 18:27 ModularCodeGen4_A1_B2_profile.java
-rw-rw-r--   1 travis travis   4186 Jul 21 18:27 ModularCodeGen_ModularCodeGenTypedCompositeActor.class
-rw-rw-r--   1 travis travis  10970 Jul 21 18:27 ModularCodeGen_ModularCodeGenTypedCompositeActor.java
-rw-rw-r--   1 travis travis   1096 Jul 21 18:27 ModularCodeGen_ModularCodeGenTypedCompositeActor.mk
-rw-rw-r--   1 travis travis   1384 Jul 21 18:27 ModularCodeGen_ModularCodeGenTypedCompositeActor_profile.class
-rw-rw-r--   1 travis travis   1328 Jul 21 18:27 ModularCodeGen_ModularCodeGenTypedCompositeActor_profile.java
-rw-rw-r--   1 travis travis   3724 Jul 21 18:26 ModularCodeGenTest_A1_A2.class
-rw-rw-r--   1 travis travis   9164 Jul 21 18:26 ModularCodeGenTest_A1_A2.java
-rw-rw-r--   1 travis travis   1306 Jul 21 18:26 ModularCodeGenTest_A1_A2_profile.class
-rw-rw-r--   1 travis travis   4055 Jul 21 18:26 ModularCodeGenTest_A1.class
-rw-rw-r--   1 travis travis   9968 Jul 21 18:26 ModularCodeGenTest_A1.java
-rw-rw-r--   1 travis travis    880 Jul 21 18:26 ModularCodeGenTest_A1.mk
-rw-rw-r--   1 travis travis   1352 Jul 21 18:26 ModularCodeGenTest_A1_profile.class
-rw-rw-r--   1 travis travis   1394 Jul 21 18:26 ModularCodeGenTest_A1_profile.java
drwxrwxr-x   3 travis travis  32768 Jul 21 18:26 modulation2
drwxrwxr-x 139 travis travis  12288 Jul 21 18:26 node_modules
drwxrwxr-x   3 travis travis  20480 Jul 21 18:21 PhaseUnwrap
drwxrwxr-x   3 travis travis  12288 Jul 21 18:22 ReadFile1
-rw-rw-r--   1 travis travis     11 Jul 21 18:21 ReadFile1Output.txt
-rw-rw-r--   1 travis travis  13773 Jul 21 18:26 Repeat.class
-rw-rw-r--   1 travis travis    685 Jul 21 18:26 Repeat$_fireFunction_Repeat_Repeat$__f_sL_11.class
-rw-rw-r--   1 travis travis    541 Jul 21 18:26 Repeat$_fireFunction_Repeat_Repeat$__f_sL_12.class
-rw-rw-r--   1 travis travis    541 Jul 21 18:26 Repeat$_fireFunction_Repeat_Repeat$__f_sL_13.class
-rw-rw-r--   1 travis travis    541 Jul 21 18:26 Repeat$_fireFunction_Repeat_Repeat$__f_sL_14.class
-rw-rw-r--   1 travis travis    684 Jul 21 18:26 Repeat$_fireFunction_Repeat_Repeat$__f_sL_1.class
-rw-rw-r--   1 travis travis    683 Jul 21 18:26 Repeat$_fireFunction_Repeat_Repeat$__f_sL_4.class
-rw-rw-r--   1 travis travis    539 Jul 21 18:26 Repeat$_fireFunction_Repeat_Repeat$__f_sL_9.class
-rw-rw-r--   1 travis travis    494 Jul 21 18:26 Repeat$_initialize_Repeat$__i_sL_2.class
-rw-rw-r--   1 travis travis   1281 Jul 21 18:26 Repeat.mk
-rw-rw-r--   1 travis travis    539 Jul 21 18:26 Repeat$_preinitializeMethod_Repeat$__p_sL_0.class
-rw-rw-r--   1 travis travis   1102 Jul 21 18:26 Repeat$_Repeat$_fireFunction_Repeat_AddSubtract_Repeat.class
-rw-rw-r--   1 travis travis    810 Jul 21 18:26 Repeat$_Repeat$_fireFunction_Repeat_AddSubtract_Repeat$__f_sL_0.class
-rw-rw-r--   1 travis travis    928 Jul 21 18:26 Repeat$_Repeat$_fireFunction_Repeat_AddSubtract_Repeat$__f_sL_1.class
-rw-rw-r--   1 travis travis    934 Jul 21 18:26 Repeat$_Repeat$_fireFunction_Repeat_AddSubtract_Repeat$__f_sL_2.class
-rw-rw-r--   1 travis travis    862 Jul 21 18:26 Repeat$_Repeat$_fireFunction_Repeat_AddSubtract_Repeat$__f_sL_3.class
-rw-rw-r--   1 travis travis    757 Jul 21 18:26 Repeat$_Repeat$_fireFunction_Repeat_Ramp2_Repeat$__f_sL_0.class
-rw-rw-r--   1 travis travis    888 Jul 21 18:26 Repeat$_Repeat$_fireFunction_Repeat_Test_Repeat$__f_sL_0.class
-rw-rw-r--   1 travis travis    634 Jul 21 18:26 Repeat$_Repeat$_fireFunction_Repeat_Test_Repeat$__f_sL_1.class
-rw-rw-r--   1 travis travis    704 Jul 21 18:26 Repeat$_Repeat_SDF_Director_run_Repeat$__R_sL_0.class
-rw-rw-r--   1 travis travis    705 Jul 21 18:26 Repeat$_Repeat_SDF_Director_run_Repeat$__R_sL_11.class
-rw-rw-r--   1 travis travis    561 Jul 21 18:26 Repeat$_Repeat_SDF_Director_run_Repeat$__R_sL_13.class
-rw-rw-r--   1 travis travis    559 Jul 21 18:26 Repeat$_Repeat_SDF_Director_run_Repeat$__R_sL_2.class
-rw-rw-r--   1 travis travis    703 Jul 21 18:26 Repeat$_Repeat_SDF_Director_run_Repeat$__R_sL_3.class
-rw-rw-r--   1 travis travis    559 Jul 21 18:26 Repeat$_Repeat_SDF_Director_run_Repeat$__R_sL_5.class
-rw-rw-r--   1 travis travis    559 Jul 21 18:26 Repeat$_Repeat_SDF_Director_run_Repeat$__R_sL_8.class
drwxrwxr-x   2 travis travis   4096 Jul 21 18:26 RepeatVariables
-rw-rw-r--   1 travis travis    882 Jul 21 18:26 Repeat$_varinit_Repeat.class
-rw-rw-r--   1 travis travis    550 Jul 21 18:26 Repeat$_varinit_Repeat$__v_sL_2.class
-rw-rw-r--   1 travis travis    924 Jul 21 18:26 Repeat$_varinit_Repeat$__v_sL_4.class
-rw-rw-r--   1 travis travis    978 Jul 21 18:26 Repeat$_wrapup_Repeat$__w_sL_1.class
drwxrwxr-x   3 travis travis  20480 Jul 21 18:22 Sinewave
drwxrwxr-x   3 travis travis  32768 Jul 21 18:23 StringFunction
drwxrwxr-x   3 travis travis  12288 Jul 21 18:24 StringLength
drwxrwxr-x   3 travis travis  61440 Jul 21 18:24 StringMatches2
drwxrwxr-x   3 travis travis  61440 Jul 21 18:24 StringSimpleReplace
drwxrwxr-x   3 travis travis  65536 Jul 21 18:24 StringSubstring
drwxrwxr-x   3 travis travis  24576 Jul 21 18:25 StringSubstring2
drwxrwxr-x   3 travis travis  16384 Jul 21 18:25 time1
drwxrwxr-x   3 travis travis  12288 Jul 21 18:26 time5
-rw-rw-r--   1 travis travis    432 Jul 21 18:27 Token.class
-rw-rw-r--   1 travis travis    251 Jul 21 18:27 Token.java
-rwxrwxr-x   1 travis travis 466992 Jul 21 18:18 top
-rw-rw-r--   1 travis travis  20502 Jul 21 18:18 top.c
-rw-rw-r--   1 travis travis   3799 Jul 21 18:26 top.class
-rw-rw-r--   1 travis travis   1257 Jul 21 18:26 top.mk
In "/home/travis/cg", about to execute:
    javac -classpath
.:/home/travis/build/icyphy/ptII:/home/travis/build/icyphy/ptII/lib/bsh-2.0b4.j
ar:/home/travis/build/icyphy/ptII/lib/ptCal.jar:/home/travis/build/icyphy/ptII/
lib/java_cup.jar:/home/travis/build/icyphy/ptII/lib/saxon8.jar:/home/travis/bui
ld/icyphy/ptII/lib/saxon8-dom.jar:/home/travis/build/icyphy/ptII/lib/chic.jar:/
home/travis/build/icyphy/ptII/lib/ptcolt.jar:/home/travis/build/icyphy/ptII/ven
dors/misc/itext/iText.jar:/home/travis/build/icyphy/ptII/lib/g4ltl.jar:/home/tr
avis/build/icyphy/ptII/lib/StructuralCoder.jar:/home/travis/build/icyphy/ptII/l
ib/jcerti.jar:/home/travis/build/icyphy/ptII/lib/javax.mail.jar:/home/travis/bu
ild/icyphy/ptII/vendors/JMF-2.1.1e/lib/jmf.jar:/home/travis/build/icyphy/ptII/l
ib/jna-4.0.0-variadic.jar:/home/travis/build/icyphy/ptII/vendors/misc/joystick/
Joystick.jar:/home/travis/build/icyphy/ptII/lib/ptjacl.jar:/home/travis/build/i
cyphy/ptII/lib/jsoup-1.8.2.jar:/home/travis/build/icyphy/ptII/lib/junit-4.8.2.j
ar:/home/travis/build/icyphy/ptII/lib/JUnitParams-0.4.0.jar:/home/travis/build/
icyphy/ptII/ptolemy/actor/lib/excel/jxl.jar:/home/travis/build/icyphy/ptII/lib/
jython.jar:/home/travis/build/icyphy/ptII/lib/kieler.jar:/home/travis/build/icy
phy/ptII/vendors/opencv/share/OpenCV/java/opencv-341.jar:/home/travis/build/icy
phy/ptII/lib/oscP5.jar:/home/travis/build/icyphy/ptII/lib/nrjavaserial-3.11.0.d
evel.jar:/home/travis/build/icyphy/ptII/vendors/j3d/lib/Linux/j3dcore.jar:/home
/travis/build/icyphy/ptII/vendors/j3d/lib/Linux/j3dutils.jar:/home/travis/build
/icyphy/ptII/vendors/j3d/lib/Linux/vecmath.jar:/home/travis/build/icyphy/ptII/v
endors/jogl/lib/Linux/gluegen-rt-natives-linux-amd64.jar:/home/travis/build/icy
phy/ptII/vendors/jogl/lib/Linux/gluegen-rt.jar:/home/travis/build/icyphy/ptII/v
endors/jogl/lib/Linux/jogl-all-natives-linux-amd64.jar:/home/travis/build/icyph
y/ptII/vendors/jogl/lib/Linux/jogl-all.jar:/home/travis/build/icyphy/ptII/ptole
my/distributed/jini/jar/jini-core.jar:/home/travis/build/icyphy/ptII/ptolemy/di
stributed/jini/jar/jini-ext.jar:/home/travis/build/icyphy/ptII/ptolemy/distribu
ted/jini/jar/sun-util.jar:/home/travis/build/icyphy/ptII/lib/protobuf-java-2.4.
1.jar:/home/travis/build/icyphy/ptII/lib/org.eclipse.paho.client.mqttv3.jar:/ho
me/travis/build/icyphy/ptII/lib/mapss.jar:/home/travis/build/icyphy/ptII/ptolem
y/actor/ptalon/antlr/antlr.jar:/home/travis/build/icyphy/ptII/lib/JRI.jar:/home
/travis/build/icyphy/ptII/lib/commons-lang-2.6.jar:/home/travis/build/icyphy/pt
II/lib/commons-logging-1.1.1.jar:/home/travis/build/icyphy/ptII/lib/sootclasses
.jar:/home/travis/build/icyphy/ptII/ptolemy/actor/lib/database/mysql-connector-
java-5.1.6-bin.jar:/home/travis/build/icyphy/ptII/vendors/misc/sphinx4/sphinx4-
data-5prealpha.jar:/home/travis/build/icyphy/ptII/vendors/misc/sphinx4/sphinx4-
core-5prealpha.jar:/home/travis/build/icyphy/ptII/lib/PDFRenderer.jar:/home/tra
vis/build/icyphy/ptII/lib/svgSalamander.jar:/home/travis/build/icyphy/ptII/lib/
rsyntaxtextarea-2.6.0-SNAPSHOT.jar:/home/travis/build/icyphy/ptII/lib/hazelcast
-3.8.2.jar:/home/travis/build/icyphy/ptII/lib/jackson-annotations-2.9.0.jar:/ho
me/travis/build/icyphy/ptII/lib/jackson-core-2.9.3.jar:/home/travis/build/icyph
y/ptII/lib/jackson-databind-2.9.3.jar:/home/travis/build/icyphy/ptII/lib/netty-
buffer-4.1.19.Final.jar:/home/travis/build/icyphy/ptII/lib/netty-codec-4.1.19.F
inal.jar:/home/travis/build/icyphy/ptII/lib/netty-codec-dns-4.1.19.Final.jar:/h
ome/travis/build/icyphy/ptII/lib/netty-codec-http-4.1.19.Final.jar:/home/travis
/build/icyphy/ptII/lib/netty-codec-http2-4.1.19.Final.jar:/home/travis/build/ic
yphy/ptII/lib/netty-common-4.1.19.Final.jar:/home/travis/build/icyphy/ptII/lib/
netty-handler-4.1.19.Final.jar:/home/travis/build/icyphy/ptII/lib/netty-resolve
r-4.1.19.Final.jar:/home/travis/build/icyphy/ptII/lib/netty-resolver-dns-4.1.19
.Final.jar:/home/travis/build/icyphy/ptII/lib/netty-transport-4.1.19.Final.jar:
/home/travis/build/icyphy/ptII/lib/vertx-codegen-3.5.1.jar:/home/travis/build/i
cyphy/ptII/lib/vertx-core-3.5.2-SNAPSHOT.jar:/home/travis/build/icyphy/ptII/lib
/vertx-hazelcast-3.5.1.jar:/home/travis/build/icyphy/ptII/lib/vertx-lang-js-3.5
.1.jar:/home/travis/build/icyphy/ptII/lib/vertx-service-proxy-3.5.1.jar:/home/t
ravis/build/icyphy/ptII/lib/vertx-web-3.5.1.jar:/home/travis/build/icyphy/ptII/
lib/slf4j-api-1.7.13.jar:/home/travis/build/icyphy/ptII/lib/slf4j-simple-1.7.13
.jar:/home/travis/build/icyphy/ptII/lib/webcam-capture-0.3.12.jar:/home/travis/
build/icyphy/ptII/lib/bridj-0.7.0.jar:/home/travis/build/icyphy/ptII/lib/xbjlib
-1.1.0.nrjavaserial.jar:/home/travis/build/icyphy/ptII/ptolemy/moml/test:/home/
travis/build/icyphy/ptII/ant/lib/ant-launcher.jar:/home/travis/build/icyphy/ptI
I/ant/lib/ant.jar:/home/travis/build/icyphy/ptII/ant/lib/ant-junit.jar:/home/tr
avis/build/icyphy/ptII/ant/lib/ant-junit4.jar:/home/travis/build/icyphy/ptII
ModularCodeGen4_A1_B2_profile.java
All Done
Writing ModularCodeGen4_A1_B2.java in file:/home/travis/cg/ (10312 characters)
Reading "ptolemy/cg/kernel/generic/program/procedural/java/modular/makefile.in",
    writing "/home/travis/cg/ModularCodeGen4_A1_B2.mk"
Using ptolemy/cg/kernel/generic/program/procedural/java/modular/makefile.in
In "/home/travis/cg", about to execute:
    make -f ModularCodeGen4_A1_B2.mk
javac -classpath ".:.."    ModularCodeGen4_A1_B2.java
All Done
In "/home/travis/cg", about to execute:
    pwd
In "/home/travis/cg", about to execute:
    ls -l
/home/travis/cg
In "/home/travis/cg", about to execute:
    javac -classpath
.:/home/travis/build/icyphy/ptII:/home/travis/build/icyphy/ptII/lib/bsh-2.0b4.j
ar:/home/travis/build/icyphy/ptII/lib/ptCal.jar:/home/travis/build/icyphy/ptII/
lib/java_cup.jar:/home/travis/build/icyphy/ptII/lib/saxon8.jar:/home/travis/bui
ld/icyphy/ptII/lib/saxon8-dom.jar:/home/travis/build/icyphy/ptII/lib/chic.jar:/
home/travis/build/icyphy/ptII/lib/ptcolt.jar:/home/travis/build/icyphy/ptII/ven
dors/misc/itext/iText.jar:/home/travis/build/icyphy/ptII/lib/g4ltl.jar:/home/tr
avis/build/icyphy/ptII/lib/StructuralCoder.jar:/home/travis/build/icyphy/ptII/l
ib/jcerti.jar:/home/travis/build/icyphy/ptII/lib/javax.mail.jar:/home/travis/bu
ild/icyphy/ptII/vendors/JMF-2.1.1e/lib/jmf.jar:/home/travis/build/icyphy/ptII/l
ib/jna-4.0.0-variadic.jar:/home/travis/build/icyphy/ptII/vendors/misc/joystick/
Joystick.jar:/home/travis/build/icyphy/ptII/lib/ptjacl.jar:/home/travis/build/i
cyphy/ptII/lib/jsoup-1.8.2.jar:/home/travis/build/icyphy/ptII/lib/junit-4.8.2.j
ar:/home/travis/build/icyphy/ptII/lib/JUnitParams-0.4.0.jar:/home/travis/build/
icyphy/ptII/ptolemy/actor/lib/excel/jxl.jar:/home/travis/build/icyphy/ptII/lib/
jython.jar:/home/travis/build/icyphy/ptII/lib/kieler.jar:/home/travis/build/icy
phy/ptII/vendors/opencv/share/OpenCV/java/opencv-341.jar:/home/travis/build/icy
phy/ptII/lib/oscP5.jar:/home/travis/build/icyphy/ptII/lib/nrjavaserial-3.11.0.d
evel.jar:/home/travis/build/icyphy/ptII/vendors/j3d/lib/Linux/j3dcore.jar:/home
/travis/build/icyphy/ptII/vendors/j3d/lib/Linux/j3dutils.jar:/home/travis/build
/icyphy/ptII/vendors/j3d/lib/Linux/vecmath.jar:/home/travis/build/icyphy/ptII/v
endors/jogl/lib/Linux/gluegen-rt-natives-linux-amd64.jar:/home/travis/build/icy
phy/ptII/vendors/jogl/lib/Linux/gluegen-rt.jar:/home/travis/build/icyphy/ptII/v
endors/jogl/lib/Linux/jogl-all-natives-linux-amd64.jar:/home/travis/build/icyph
y/ptII/vendors/jogl/lib/Linux/jogl-all.jar:/home/travis/build/icyphy/ptII/ptole
my/distributed/jini/jar/jini-core.jar:/home/travis/build/icyphy/ptII/ptolemy/di
stributed/jini/jar/jini-ext.jar:/home/travis/build/icyphy/ptII/ptolemy/distribu
ted/jini/jar/sun-util.jar:/home/travis/build/icyphy/ptII/lib/protobuf-java-2.4.
1.jar:/home/travis/build/icyphy/ptII/lib/org.eclipse.paho.client.mqttv3.jar:/ho
me/travis/build/icyphy/ptII/lib/mapss.jar:/home/travis/build/icyphy/ptII/ptolem
y/actor/ptalon/antlr/antlr.jar:/home/travis/build/icyphy/ptII/lib/JRI.jar:/home
/travis/build/icyphy/ptII/lib/commons-lang-2.6.jar:/home/travis/build/icyphy/pt
II/lib/commons-logging-1.1.1.jar:/home/travis/build/icyphy/ptII/lib/sootclasses
.jar:/home/travis/build/icyphy/ptII/ptolemy/actor/lib/database/mysql-connector-
java-5.1.6-bin.jar:/home/travis/build/icyphy/ptII/vendors/misc/sphinx4/sphinx4-
data-5prealpha.jar:/home/travis/build/icyphy/ptII/vendors/misc/sphinx4/sphinx4-
core-5prealpha.jar:/home/travis/build/icyphy/ptII/lib/PDFRenderer.jar:/home/tra
vis/build/icyphy/ptII/lib/svgSalamander.jar:/home/travis/build/icyphy/ptII/lib/
rsyntaxtextarea-2.6.0-SNAPSHOT.jar:/home/travis/build/icyphy/ptII/lib/hazelcast
-3.8.2.jar:/home/travis/build/icyphy/ptII/lib/jackson-annotations-2.9.0.jar:/ho
me/travis/build/icyphy/ptII/lib/jackson-core-2.9.3.jar:/home/travis/build/icyph
y/ptII/lib/jackson-databind-2.9.3.jar:/home/travis/build/icyphy/ptII/lib/netty-
buffer-4.1.19.Final.jar:/home/travis/build/icyphy/ptII/lib/netty-codec-4.1.19.F
inal.jar:/home/travis/build/icyphy/ptII/lib/netty-codec-dns-4.1.19.Final.jar:/h
ome/travis/build/icyphy/ptII/lib/netty-codec-http-4.1.19.Final.jar:/home/travis
/build/icyphy/ptII/lib/netty-codec-http2-4.1.19.Final.jar:/home/travis/build/ic
yphy/ptII/lib/netty-common-4.1.19.Final.jar:/home/travis/build/icyphy/ptII/lib/
netty-handler-4.1.19.Final.jar:/home/travis/build/icyphy/ptII/lib/netty-resolve
r-4.1.19.Final.jar:/home/travis/build/icyphy/ptII/lib/netty-resolver-dns-4.1.19
.Final.jar:/home/travis/build/icyphy/ptII/lib/netty-transport-4.1.19.Final.jar:
/home/travis/build/icyphy/ptII/lib/vertx-codegen-3.5.1.jar:/home/travis/build/i
cyphy/ptII/lib/vertx-core-3.5.2-SNAPSHOT.jar:/home/travis/build/icyphy/ptII/lib
/vertx-hazelcast-3.5.1.jar:/home/travis/build/icyphy/ptII/lib/vertx-lang-js-3.5
.1.jar:/home/travis/build/icyphy/ptII/lib/vertx-service-proxy-3.5.1.jar:/home/t
ravis/build/icyphy/ptII/lib/vertx-web-3.5.1.jar:/home/travis/build/icyphy/ptII/
lib/slf4j-api-1.7.13.jar:/home/travis/build/icyphy/ptII/lib/slf4j-simple-1.7.13
.jar:/home/travis/build/icyphy/ptII/lib/webcam-capture-0.3.12.jar:/home/travis/
build/icyphy/ptII/lib/bridj-0.7.0.jar:/home/travis/build/icyphy/ptII/lib/xbjlib
-1.1.0.nrjavaserial.jar:/home/travis/build/icyphy/ptII/ptolemy/moml/test:/home/
travis/build/icyphy/ptII/ant/lib/ant-launcher.jar:/home/travis/build/icyphy/ptI
I/ant/lib/ant.jar:/home/travis/build/icyphy/ptII/ant/lib/ant-junit.jar:/home/tr
avis/build/icyphy/ptII/ant/lib/ant-junit4.jar:/home/travis/build/icyphy/ptII
ModularCodeGen4_A1_profile.java
total 1976
drwxrwxr-x   3 travis travis  12288 Jul 21 18:20 AbsoluteValue
drwxrwxr-x   3 travis travis 102400 Jul 21 18:19 AllColt
drwxrwxr-x   3 travis travis  12288 Jul 21 18:19 Case1
-rw-rw-r--   1 travis travis   5128 Jul 21 18:26 CompiledCompositeActor_CompiledCompositeActor.class
-rw-rw-r--   1 travis travis   1611 Jul 21 18:26 CompiledCompositeActor_CompiledCompositeActor$_CompiledCompositeActor_CompiledCompositeActor.class
-rw-rw-r--   1 travis travis  13466 Jul 21 18:26 CompiledCompositeActor_CompiledCompositeActor.java
-rw-rw-r--   1 travis travis   1593 Jul 21 18:26 CompiledCompositeActor_CompiledCompositeActor.mk
drwxrwxr-x   5 travis travis   4096 Jul 21 18:18 fmi
drwxrwxr-x   3 travis travis  16384 Jul 21 18:20 Gaussian2
-rw-rw-r--   1 travis travis   4684 Jul 21 18:26 JavaCompiledCompositeTest1_CompiledCompositeActor.class
-rw-rw-r--   1 travis travis  11637 Jul 21 18:26 JavaCompiledCompositeTest1_CompiledCompositeActor.java
-rw-rw-r--   1 travis travis   1217 Jul 21 18:26 JavaCompiledCompositeTest1_CompiledCompositeActor$_JavaCompiledCompositeTest1_CompiledCompositeActor.class
-rw-rw-r--   1 travis travis   1625 Jul 21 18:26 JavaCompiledCompositeTest1_CompiledCompositeActor.mk
-rw-rw-r--   1 travis travis   5115 Jul 21 18:26 JavaCompiledCompositeTest2_CompiledCompositeActor.class
-rw-rw-r--   1 travis travis  14919 Jul 21 18:26 JavaCompiledCompositeTest2_CompiledCompositeActor.java
-rw-rw-r--   1 travis travis   1812 Jul 21 18:26 JavaCompiledCompositeTest2_CompiledCompositeActor$_JavaCompiledCompositeTest2_CompiledCompositeActor.class
-rw-rw-r--   1 travis travis   1625 Jul 21 18:26 JavaCompiledCompositeTest2_CompiledCompositeActor.mk
-rw-rw-r--   1 travis travis   4732 Jul 21 18:26 JavaCompiledCompositeTest3_CompiledCompositeActor.class
-rw-rw-r--   1 travis travis  13080 Jul 21 18:26 JavaCompiledCompositeTest3_CompiledCompositeActor.java
-rw-rw-r--   1 travis travis   1397 Jul 21 18:26 JavaCompiledCompositeTest3_CompiledCompositeActor$_JavaCompiledCompositeTest3_CompiledCompositeActor.class
-rw-rw-r--   1 travis travis   1625 Jul 21 18:26 JavaCompiledCompositeTest3_CompiledCompositeActor.mk
-rw-rw-r--   1 travis travis   4183 Jul 21 18:26 JavaCompiledCompositeTest4_CompiledCompositeActor.class
-rw-rw-r--   1 travis travis   9687 Jul 21 18:26 JavaCompiledCompositeTest4_CompiledCompositeActor.java
-rw-rw-r--   1 travis travis    876 Jul 21 18:26 JavaCompiledCompositeTest4_CompiledCompositeActor$_JavaCompiledCompositeTest4_CompiledCompositeActor.class
-rw-rw-r--   1 travis travis   1625 Jul 21 18:26 JavaCompiledCompositeTest4_CompiledCompositeActor.mk
drwxrwxr-x   3 travis travis  12288 Jul 21 18:21 LookupTable
drwxrwxr-x   3 travis travis  20480 Jul 21 18:21 MaxIndex
-rw-rw-r--   1 travis travis   3925 Jul 21 18:26 ModularCG_A1_B1.class
-rw-rw-r--   1 travis travis   9730 Jul 21 18:26 ModularCG_A1_B1.java
-rw-rw-r--   1 travis travis    832 Jul 21 18:26 ModularCG_A1_B1.mk
-rw-rw-r--   1 travis travis   1318 Jul 21 18:26 ModularCG_A1_B1_profile.class
-rw-rw-r--   1 travis travis   1262 Jul 21 18:26 ModularCG_A1_B1_profile.java
-rw-rw-r--   1 travis travis   3925 Jul 21 18:27 ModularCG_A1_B2.class
-rw-rw-r--   1 travis travis   9730 Jul 21 18:27 ModularCG_A1_B2.java
-rw-rw-r--   1 travis travis    832 Jul 21 18:27 ModularCG_A1_B2.mk
-rw-rw-r--   1 travis travis   1318 Jul 21 18:27 ModularCG_A1_B2_profile.class
-rw-rw-r--   1 travis travis   1262 Jul 21 18:26 ModularCG_A1_B2_profile.java
-rw-rw-r--   1 travis travis   5031 Jul 21 18:27 ModularCG_A1.class
-rw-rw-r--   1 travis travis  14742 Jul 21 18:27 ModularCG_A1.java
-rw-rw-r--   1 travis travis    808 Jul 21 18:27 ModularCG_A1.mk
-rw-rw-r--   1 travis travis   1433 Jul 21 18:27 ModularCG_A1_profile.class
-rw-rw-r--   1 travis travis   1704 Jul 21 18:27 ModularCG_A1_profile.java
-rw-rw-r--   1 travis travis   4059 Jul 21 18:27 ModularCG_A2_B1.class
-rw-rw-r--   1 travis travis  10667 Jul 21 18:27 ModularCG_A2_B1.java
-rw-rw-r--   1 travis travis    832 Jul 21 18:27 ModularCG_A2_B1.mk
-rw-rw-r--   1 travis travis   1381 Jul 21 18:27 ModularCG_A2_B1_profile.class
-rw-rw-r--   1 travis travis   1446 Jul 21 18:27 ModularCG_A2_B1_profile.java
-rw-rw-r--   1 travis travis   3925 Jul 21 18:27 ModularCG_A2_B2.class
-rw-rw-r--   1 travis travis   9730 Jul 21 18:27 ModularCG_A2_B2.java
-rw-rw-r--   1 travis travis    832 Jul 21 18:27 ModularCG_A2_B2.mk
-rw-rw-r--   1 travis travis   1318 Jul 21 18:27 ModularCG_A2_B2_profile.class
-rw-rw-r--   1 travis travis   1262 Jul 21 18:27 ModularCG_A2_B2_profile.java
-rw-rw-r--   1 travis travis   5102 Jul 21 18:27 ModularCG_A2.class
-rw-rw-r--   1 travis travis  15129 Jul 21 18:27 ModularCG_A2.java
-rw-rw-r--   1 travis travis    808 Jul 21 18:27 ModularCG_A2.mk
-rw-rw-r--   1 travis travis   1433 Jul 21 18:27 ModularCG_A2_profile.class
-rw-rw-r--   1 travis travis   1704 Jul 21 18:27 ModularCG_A2_profile.java
-rw-rw-r--   1 travis travis   3705 Jul 21 18:27 ModularCGPubSub_A1_A2.class
-rw-rw-r--   1 travis travis   9076 Jul 21 18:27 ModularCGPubSub_A1_A2.java
-rw-rw-r--   1 travis travis    880 Jul 21 18:27 ModularCGPubSub_A1_A2.mk
-rw-rw-r--   1 travis travis   1300 Jul 21 18:27 ModularCGPubSub_A1_A2_profile.class
-rw-rw-r--   1 travis travis   1222 Jul 21 18:27 ModularCGPubSub_A1_A2_profile.java
-rw-rw-r--   1 travis travis   4022 Jul 21 18:27 ModularCGPubSub_A1.class
-rw-rw-r--   1 travis travis   9836 Jul 21 18:27 ModularCGPubSub_A1.java
-rw-rw-r--   1 travis travis    856 Jul 21 18:27 ModularCGPubSub_A1.mk
-rw-rw-r--   1 travis travis   1346 Jul 21 18:27 ModularCGPubSub_A1_profile.class
-rw-rw-r--   1 travis travis   1388 Jul 21 18:27 ModularCGPubSub_A1_profile.java
-rw-rw-r--   1 travis travis   4220 Jul 21 18:27 ModularCodeGen2_ModularCodeGenTypedCompositeActor.class
-rw-rw-r--   1 travis travis  11690 Jul 21 18:27 ModularCodeGen2_ModularCodeGenTypedCompositeActor.java
-rw-rw-r--   1 travis travis   1104 Jul 21 18:27 ModularCodeGen2_ModularCodeGenTypedCompositeActor.mk
-rw-rw-r--   1 travis travis   4504 Jul 21 18:27 ModularCodeGen2_ModularCodeGenTypedCompositeActor_ModularCodeGenTypedCompositeActor.class
-rw-rw-r--   1 travis travis  11790 Jul 21 18:27 ModularCodeGen2_ModularCodeGenTypedCompositeActor_ModularCodeGenTypedCompositeActor.java
-rw-rw-r--   1 travis travis   1376 Jul 21 18:27 ModularCodeGen2_ModularCodeGenTypedCompositeActor_ModularCodeGenTypedCompositeActor.mk
-rw-rw-r--   1 travis travis   1421 Jul 21 18:27 ModularCodeGen2_ModularCodeGenTypedCompositeActor_ModularCodeGenTypedCompositeActor_profile.class
-rw-rw-r--   1 travis travis   1294 Jul 21 18:27 ModularCodeGen2_ModularCodeGenTypedCompositeActor_ModularCodeGenTypedCompositeActor_profile.java
-rw-rw-r--   1 travis travis    820 Jul 21 18:27 ModularCodeGen2_ModularCodeGenTypedCompositeActor_profile.class
-rw-rw-r--   1 travis travis    693 Jul 21 18:27 ModularCodeGen2_ModularCodeGenTypedCompositeActor_profile.java
-rw-rw-r--   1 travis travis   3973 Jul 21 18:27 ModularCodeGen3_A1_B1.class
-rw-rw-r--   1 travis travis   9958 Jul 21 18:27 ModularCodeGen3_A1_B1.java
-rw-rw-r--   1 travis travis    880 Jul 21 18:27 ModularCodeGen3_A1_B1.mk
-rw-rw-r--   1 travis travis   1330 Jul 21 18:27 ModularCodeGen3_A1_B1_profile.class
-rw-rw-r--   1 travis travis   1274 Jul 21 18:27 ModularCodeGen3_A1_B1_profile.java
-rw-rw-r--   1 travis travis   3973 Jul 21 18:27 ModularCodeGen3_A1_B2.class
-rw-rw-r--   1 travis travis   9958 Jul 21 18:27 ModularCodeGen3_A1_B2.java
-rw-rw-r--   1 travis travis    880 Jul 21 18:27 ModularCodeGen3_A1_B2.mk
-rw-rw-r--   1 travis travis   1330 Jul 21 18:27 ModularCodeGen3_A1_B2_profile.class
-rw-rw-r--   1 travis travis   1274 Jul 21 18:27 ModularCodeGen3_A1_B2_profile.java
-rw-rw-r--   1 travis travis   5193 Jul 21 18:27 ModularCodeGen3_A1.class
-rw-rw-r--   1 travis travis  15564 Jul 21 18:27 ModularCodeGen3_A1.java
-rw-rw-r--   1 travis travis    856 Jul 21 18:27 ModularCodeGen3_A1.mk
-rw-rw-r--   1 travis travis   1445 Jul 21 18:27 ModularCodeGen3_A1_profile.class
-rw-rw-r--   1 travis travis   1716 Jul 21 18:27 ModularCodeGen3_A1_profile.java
-rw-rw-r--   1 travis travis   4119 Jul 21 18:27 ModularCodeGen3_A2_B1.class
-rw-rw-r--   1 travis travis  10955 Jul 21 18:27 ModularCodeGen3_A2_B1.java
-rw-rw-r--   1 travis travis    880 Jul 21 18:27 ModularCodeGen3_A2_B1.mk
-rw-rw-r--   1 travis travis   1393 Jul 21 18:27 ModularCodeGen3_A2_B1_profile.class
-rw-rw-r--   1 travis travis   1458 Jul 21 18:27 ModularCodeGen3_A2_B1_profile.java
-rw-rw-r--   1 travis travis   3973 Jul 21 18:27 ModularCodeGen3_A2_B2.class
-rw-rw-r--   1 travis travis   9958 Jul 21 18:27 ModularCodeGen3_A2_B2.java
-rw-rw-r--   1 travis travis    880 Jul 21 18:27 ModularCodeGen3_A2_B2.mk
-rw-rw-r--   1 travis travis   1330 Jul 21 18:27 ModularCodeGen3_A2_B2_profile.class
-rw-rw-r--   1 travis travis   1274 Jul 21 18:27 ModularCodeGen3_A2_B2_profile.java
-rw-rw-r--   1 travis travis   5270 Jul 21 18:27 ModularCodeGen3_A2.class
-rw-rw-r--   1 travis travis  15957 Jul 21 18:27 ModularCodeGen3_A2.java
-rw-rw-r--   1 travis travis    856 Jul 21 18:27 ModularCodeGen3_A2.mk
-rw-rw-r--   1 travis travis   1445 Jul 21 18:27 ModularCodeGen3_A2_profile.class
-rw-rw-r--   1 travis travis   1716 Jul 21 18:27 ModularCodeGen3_A2_profile.java
-rw-rw-r--   1 travis travis   4026 Jul 21 18:27 ModularCodeGen4_A1_B1.class
-rw-rw-r--   1 travis travis  10312 Jul 21 18:27 ModularCodeGen4_A1_B1.java
-rw-rw-r--   1 travis travis    880 Jul 21 18:27 ModularCodeGen4_A1_B1.mk
-rw-rw-r--   1 travis travis   1330 Jul 21 18:27 ModularCodeGen4_A1_B1_profile.class
-rw-rw-r--   1 travis travis   1273 Jul 21 18:27 ModularCodeGen4_A1_B1_profile.java
-rw-rw-r--   1 travis travis   4026 Jul 21 18:28 ModularCodeGen4_A1_B2.class
-rw-rw-r--   1 travis travis  10312 Jul 21 18:28 ModularCodeGen4_A1_B2.java
-rw-rw-r--   1 travis travis    880 Jul 21 18:28 ModularCodeGen4_A1_B2.mk
-rw-rw-r--   1 travis travis   1330 Jul 21 18:28 ModularCodeGen4_A1_B2_profile.class
-rw-rw-r--   1 travis travis   1273 Jul 21 18:27 ModularCodeGen4_A1_B2_profile.java
-rw-rw-r--   1 travis travis   1712 Jul 21 18:28 ModularCodeGen4_A1_profile.java
-rw-rw-r--   1 travis travis   4186 Jul 21 18:27 ModularCodeGen_ModularCodeGenTypedCompositeActor.class
-rw-rw-r--   1 travis travis  10970 Jul 21 18:27 ModularCodeGen_ModularCodeGenTypedCompositeActor.java
-rw-rw-r--   1 travis travis   1096 Jul 21 18:27 ModularCodeGen_ModularCodeGenTypedCompositeActor.mk
-rw-rw-r--   1 travis travis   1384 Jul 21 18:27 ModularCodeGen_ModularCodeGenTypedCompositeActor_profile.class
-rw-rw-r--   1 travis travis   1328 Jul 21 18:27 ModularCodeGen_ModularCodeGenTypedCompositeActor_profile.java
-rw-rw-r--   1 travis travis   3724 Jul 21 18:26 ModularCodeGenTest_A1_A2.class
-rw-rw-r--   1 travis travis   9164 Jul 21 18:26 ModularCodeGenTest_A1_A2.java
-rw-rw-r--   1 travis travis   1306 Jul 21 18:26 ModularCodeGenTest_A1_A2_profile.class
-rw-rw-r--   1 travis travis   4055 Jul 21 18:26 ModularCodeGenTest_A1.class
-rw-rw-r--   1 travis travis   9968 Jul 21 18:26 ModularCodeGenTest_A1.java
-rw-rw-r--   1 travis travis    880 Jul 21 18:26 ModularCodeGenTest_A1.mk
-rw-rw-r--   1 travis travis   1352 Jul 21 18:26 ModularCodeGenTest_A1_profile.class
-rw-rw-r--   1 travis travis   1394 Jul 21 18:26 ModularCodeGenTest_A1_profile.java
drwxrwxr-x   3 travis travis  32768 Jul 21 18:26 modulation2
drwxrwxr-x 139 travis travis  12288 Jul 21 18:26 node_modules
drwxrwxr-x   3 travis travis  20480 Jul 21 18:21 PhaseUnwrap
drwxrwxr-x   3 travis travis  12288 Jul 21 18:22 ReadFile1
-rw-rw-r--   1 travis travis     11 Jul 21 18:21 ReadFile1Output.txt
-rw-rw-r--   1 travis travis  13773 Jul 21 18:26 Repeat.class
-rw-rw-r--   1 travis travis    685 Jul 21 18:26 Repeat$_fireFunction_Repeat_Repeat$__f_sL_11.class
-rw-rw-r--   1 travis travis    541 Jul 21 18:26 Repeat$_fireFunction_Repeat_Repeat$__f_sL_12.class
-rw-rw-r--   1 travis travis    541 Jul 21 18:26 Repeat$_fireFunction_Repeat_Repeat$__f_sL_13.class
-rw-rw-r--   1 travis travis    541 Jul 21 18:26 Repeat$_fireFunction_Repeat_Repeat$__f_sL_14.class
-rw-rw-r--   1 travis travis    684 Jul 21 18:26 Repeat$_fireFunction_Repeat_Repeat$__f_sL_1.class
-rw-rw-r--   1 travis travis    683 Jul 21 18:26 Repeat$_fireFunction_Repeat_Repeat$__f_sL_4.class
-rw-rw-r--   1 travis travis    539 Jul 21 18:26 Repeat$_fireFunction_Repeat_Repeat$__f_sL_9.class
-rw-rw-r--   1 travis travis    494 Jul 21 18:26 Repeat$_initialize_Repeat$__i_sL_2.class
-rw-rw-r--   1 travis travis   1281 Jul 21 18:26 Repeat.mk
-rw-rw-r--   1 travis travis    539 Jul 21 18:26 Repeat$_preinitializeMethod_Repeat$__p_sL_0.class
-rw-rw-r--   1 travis travis   1102 Jul 21 18:26 Repeat$_Repeat$_fireFunction_Repeat_AddSubtract_Repeat.class
-rw-rw-r--   1 travis travis    810 Jul 21 18:26 Repeat$_Repeat$_fireFunction_Repeat_AddSubtract_Repeat$__f_sL_0.class
-rw-rw-r--   1 travis travis    928 Jul 21 18:26 Repeat$_Repeat$_fireFunction_Repeat_AddSubtract_Repeat$__f_sL_1.class
-rw-rw-r--   1 travis travis    934 Jul 21 18:26 Repeat$_Repeat$_fireFunction_Repeat_AddSubtract_Repeat$__f_sL_2.class
-rw-rw-r--   1 travis travis    862 Jul 21 18:26 Repeat$_Repeat$_fireFunction_Repeat_AddSubtract_Repeat$__f_sL_3.class
-rw-rw-r--   1 travis travis    757 Jul 21 18:26 Repeat$_Repeat$_fireFunction_Repeat_Ramp2_Repeat$__f_sL_0.class
-rw-rw-r--   1 travis travis    888 Jul 21 18:26 Repeat$_Repeat$_fireFunction_Repeat_Test_Repeat$__f_sL_0.class
-rw-rw-r--   1 travis travis    634 Jul 21 18:26 Repeat$_Repeat$_fireFunction_Repeat_Test_Repeat$__f_sL_1.class
-rw-rw-r--   1 travis travis    704 Jul 21 18:26 Repeat$_Repeat_SDF_Director_run_Repeat$__R_sL_0.class
-rw-rw-r--   1 travis travis    705 Jul 21 18:26 Repeat$_Repeat_SDF_Director_run_Repeat$__R_sL_11.class
-rw-rw-r--   1 travis travis    561 Jul 21 18:26 Repeat$_Repeat_SDF_Director_run_Repeat$__R_sL_13.class
-rw-rw-r--   1 travis travis    559 Jul 21 18:26 Repeat$_Repeat_SDF_Director_run_Repeat$__R_sL_2.class
-rw-rw-r--   1 travis travis    703 Jul 21 18:26 Repeat$_Repeat_SDF_Director_run_Repeat$__R_sL_3.class
-rw-rw-r--   1 travis travis    559 Jul 21 18:26 Repeat$_Repeat_SDF_Director_run_Repeat$__R_sL_5.class
-rw-rw-r--   1 travis travis    559 Jul 21 18:26 Repeat$_Repeat_SDF_Director_run_Repeat$__R_sL_8.class
drwxrwxr-x   2 travis travis   4096 Jul 21 18:26 RepeatVariables
-rw-rw-r--   1 travis travis    882 Jul 21 18:26 Repeat$_varinit_Repeat.class
-rw-rw-r--   1 travis travis    550 Jul 21 18:26 Repeat$_varinit_Repeat$__v_sL_2.class
-rw-rw-r--   1 travis travis    924 Jul 21 18:26 Repeat$_varinit_Repeat$__v_sL_4.class
-rw-rw-r--   1 travis travis    978 Jul 21 18:26 Repeat$_wrapup_Repeat$__w_sL_1.class
drwxrwxr-x   3 travis travis  20480 Jul 21 18:22 Sinewave
drwxrwxr-x   3 travis travis  32768 Jul 21 18:23 StringFunction
drwxrwxr-x   3 travis travis  12288 Jul 21 18:24 StringLength
drwxrwxr-x   3 travis travis  61440 Jul 21 18:24 StringMatches2
drwxrwxr-x   3 travis travis  61440 Jul 21 18:24 StringSimpleReplace
drwxrwxr-x   3 travis travis  65536 Jul 21 18:24 StringSubstring
drwxrwxr-x   3 travis travis  24576 Jul 21 18:25 StringSubstring2
drwxrwxr-x   3 travis travis  16384 Jul 21 18:25 time1
drwxrwxr-x   3 travis travis  12288 Jul 21 18:26 time5
-rw-rw-r--   1 travis travis    432 Jul 21 18:28 Token.class
-rw-rw-r--   1 travis travis    251 Jul 21 18:28 Token.java
-rwxrwxr-x   1 travis travis 466992 Jul 21 18:18 top
-rw-rw-r--   1 travis travis  20502 Jul 21 18:18 top.c
-rw-rw-r--   1 travis travis   3799 Jul 21 18:26 top.class
-rw-rw-r--   1 travis travis   1257 Jul 21 18:26 top.mk
All Done
Writing ModularCodeGen4_A1.java in file:/home/travis/cg/ (16245 characters)
Reading "ptolemy/cg/kernel/generic/program/procedural/java/modular/makefile.in",
    writing "/home/travis/cg/ModularCodeGen4_A1.mk"
Using ptolemy/cg/kernel/generic/program/procedural/java/modular/makefile.in
In "/home/travis/cg", about to execute:
    make -f ModularCodeGen4_A1.mk
javac -classpath ".:.."    ModularCodeGen4_A1.java
All Done
In "/home/travis/cg", about to execute:
    pwd
/home/travis/cg
In "/home/travis/cg", about to execute:
    ls -l
total 2012
drwxrwxr-x   3 travis travis  12288 Jul 21 18:20 AbsoluteValue
drwxrwxr-x   3 travis travis 102400 Jul 21 18:19 AllColt
drwxrwxr-x   3 travis travis  12288 Jul 21 18:19 Case1
-rw-rw-r--   1 travis travis   5128 Jul 21 18:26 CompiledCompositeActor_CompiledCompositeActor.class
-rw-rw-r--   1 travis travis   1611 Jul 21 18:26 CompiledCompositeActor_CompiledCompositeActor$_CompiledCompositeActor_CompiledCompositeActor.class
-rw-rw-r--   1 travis travis  13466 Jul 21 18:26 CompiledCompositeActor_CompiledCompositeActor.java
-rw-rw-r--   1 travis travis   1593 Jul 21 18:26 CompiledCompositeActor_CompiledCompositeActor.mk
drwxrwxr-x   5 travis travis   4096 Jul 21 18:18 fmi
drwxrwxr-x   3 travis travis  16384 Jul 21 18:20 Gaussian2
-rw-rw-r--   1 travis travis   4684 Jul 21 18:26 JavaCompiledCompositeTest1_CompiledCompositeActor.class
-rw-rw-r--   1 travis travis  11637 Jul 21 18:26 JavaCompiledCompositeTest1_CompiledCompositeActor.java
-rw-rw-r--   1 travis travis   1217 Jul 21 18:26 JavaCompiledCompositeTest1_CompiledCompositeActor$_JavaCompiledCompositeTest1_CompiledCompositeActor.class
-rw-rw-r--   1 travis travis   1625 Jul 21 18:26 JavaCompiledCompositeTest1_CompiledCompositeActor.mk
-rw-rw-r--   1 travis travis   5115 Jul 21 18:26 JavaCompiledCompositeTest2_CompiledCompositeActor.class
-rw-rw-r--   1 travis travis  14919 Jul 21 18:26 JavaCompiledCompositeTest2_CompiledCompositeActor.java
-rw-rw-r--   1 travis travis   1812 Jul 21 18:26 JavaCompiledCompositeTest2_CompiledCompositeActor$_JavaCompiledCompositeTest2_CompiledCompositeActor.class
-rw-rw-r--   1 travis travis   1625 Jul 21 18:26 JavaCompiledCompositeTest2_CompiledCompositeActor.mk
-rw-rw-r--   1 travis travis   4732 Jul 21 18:26 JavaCompiledCompositeTest3_CompiledCompositeActor.class
-rw-rw-r--   1 travis travis  13080 Jul 21 18:26 JavaCompiledCompositeTest3_CompiledCompositeActor.java
-rw-rw-r--   1 travis travis   1397 Jul 21 18:26 JavaCompiledCompositeTest3_CompiledCompositeActor$_JavaCompiledCompositeTest3_CompiledCompositeActor.class
-rw-rw-r--   1 travis travis   1625 Jul 21 18:26 JavaCompiledCompositeTest3_CompiledCompositeActor.mk
-rw-rw-r--   1 travis travis   4183 Jul 21 18:26 JavaCompiledCompositeTest4_CompiledCompositeActor.class
-rw-rw-r--   1 travis travis   9687 Jul 21 18:26 JavaCompiledCompositeTest4_CompiledCompositeActor.java
-rw-rw-r--   1 travis travis    876 Jul 21 18:26 JavaCompiledCompositeTest4_CompiledCompositeActor$_JavaCompiledCompositeTest4_CompiledCompositeActor.class
-rw-rw-r--   1 travis travis   1625 Jul 21 18:26 JavaCompiledCompositeTest4_CompiledCompositeActor.mk
drwxrwxr-x   3 travis travis  12288 Jul 21 18:21 LookupTable
drwxrwxr-x   3 travis travis  20480 Jul 21 18:21 MaxIndex
-rw-rw-r--   1 travis travis   3925 Jul 21 18:26 ModularCG_A1_B1.class
-rw-rw-r--   1 travis travis   9730 Jul 21 18:26 ModularCG_A1_B1.java
-rw-rw-r--   1 travis travis    832 Jul 21 18:26 ModularCG_A1_B1.mk
-rw-rw-r--   1 travis travis   1318 Jul 21 18:26 ModularCG_A1_B1_profile.class
-rw-rw-r--   1 travis travis   1262 Jul 21 18:26 ModularCG_A1_B1_profile.java
-rw-rw-r--   1 travis travis   3925 Jul 21 18:27 ModularCG_A1_B2.class
-rw-rw-r--   1 travis travis   9730 Jul 21 18:27 ModularCG_A1_B2.java
-rw-rw-r--   1 travis travis    832 Jul 21 18:27 ModularCG_A1_B2.mk
-rw-rw-r--   1 travis travis   1318 Jul 21 18:27 ModularCG_A1_B2_profile.class
-rw-rw-r--   1 travis travis   1262 Jul 21 18:26 ModularCG_A1_B2_profile.java
-rw-rw-r--   1 travis travis   5031 Jul 21 18:27 ModularCG_A1.class
-rw-rw-r--   1 travis travis  14742 Jul 21 18:27 ModularCG_A1.java
-rw-rw-r--   1 travis travis    808 Jul 21 18:27 ModularCG_A1.mk
-rw-rw-r--   1 travis travis   1433 Jul 21 18:27 ModularCG_A1_profile.class
-rw-rw-r--   1 travis travis   1704 Jul 21 18:27 ModularCG_A1_profile.java
-rw-rw-r--   1 travis travis   4059 Jul 21 18:27 ModularCG_A2_B1.class
-rw-rw-r--   1 travis travis  10667 Jul 21 18:27 ModularCG_A2_B1.java
-rw-rw-r--   1 travis travis    832 Jul 21 18:27 ModularCG_A2_B1.mk
-rw-rw-r--   1 travis travis   1381 Jul 21 18:27 ModularCG_A2_B1_profile.class
-rw-rw-r--   1 travis travis   1446 Jul 21 18:27 ModularCG_A2_B1_profile.java
-rw-rw-r--   1 travis travis   3925 Jul 21 18:27 ModularCG_A2_B2.class
-rw-rw-r--   1 travis travis   9730 Jul 21 18:27 ModularCG_A2_B2.java
-rw-rw-r--   1 travis travis    832 Jul 21 18:27 ModularCG_A2_B2.mk
-rw-rw-r--   1 travis travis   1318 Jul 21 18:27 ModularCG_A2_B2_profile.class
-rw-rw-r--   1 travis travis   1262 Jul 21 18:27 ModularCG_A2_B2_profile.java
-rw-rw-r--   1 travis travis   5102 Jul 21 18:27 ModularCG_A2.class
-rw-rw-r--   1 travis travis  15129 Jul 21 18:27 ModularCG_A2.java
-rw-rw-r--   1 travis travis    808 Jul 21 18:27 ModularCG_A2.mk
-rw-rw-r--   1 travis travis   1433 Jul 21 18:27 ModularCG_A2_profile.class
-rw-rw-r--   1 travis travis   1704 Jul 21 18:27 ModularCG_A2_profile.java
-rw-rw-r--   1 travis travis   3705 Jul 21 18:27 ModularCGPubSub_A1_A2.class
-rw-rw-r--   1 travis travis   9076 Jul 21 18:27 ModularCGPubSub_A1_A2.java
-rw-rw-r--   1 travis travis    880 Jul 21 18:27 ModularCGPubSub_A1_A2.mk
-rw-rw-r--   1 travis travis   1300 Jul 21 18:27 ModularCGPubSub_A1_A2_profile.class
-rw-rw-r--   1 travis travis   1222 Jul 21 18:27 ModularCGPubSub_A1_A2_profile.java
-rw-rw-r--   1 travis travis   4022 Jul 21 18:27 ModularCGPubSub_A1.class
-rw-rw-r--   1 travis travis   9836 Jul 21 18:27 ModularCGPubSub_A1.java
-rw-rw-r--   1 travis travis    856 Jul 21 18:27 ModularCGPubSub_A1.mk
-rw-rw-r--   1 travis travis   1346 Jul 21 18:27 ModularCGPubSub_A1_profile.class
-rw-rw-r--   1 travis travis   1388 Jul 21 18:27 ModularCGPubSub_A1_profile.java
-rw-rw-r--   1 travis travis   4220 Jul 21 18:27 ModularCodeGen2_ModularCodeGenTypedCompositeActor.class
-rw-rw-r--   1 travis travis  11690 Jul 21 18:27 ModularCodeGen2_ModularCodeGenTypedCompositeActor.java
-rw-rw-r--   1 travis travis   1104 Jul 21 18:27 ModularCodeGen2_ModularCodeGenTypedCompositeActor.mk
-rw-rw-r--   1 travis travis   4504 Jul 21 18:27 ModularCodeGen2_ModularCodeGenTypedCompositeActor_ModularCodeGenTypedCompositeActor.class
-rw-rw-r--   1 travis travis  11790 Jul 21 18:27 ModularCodeGen2_ModularCodeGenTypedCompositeActor_ModularCodeGenTypedCompositeActor.java
-rw-rw-r--   1 travis travis   1376 Jul 21 18:27 ModularCodeGen2_ModularCodeGenTypedCompositeActor_ModularCodeGenTypedCompositeActor.mk
-rw-rw-r--   1 travis travis   1421 Jul 21 18:27 ModularCodeGen2_ModularCodeGenTypedCompositeActor_ModularCodeGenTypedCompositeActor_profile.class
-rw-rw-r--   1 travis travis   1294 Jul 21 18:27 ModularCodeGen2_ModularCodeGenTypedCompositeActor_ModularCodeGenTypedCompositeActor_profile.java
-rw-rw-r--   1 travis travis    820 Jul 21 18:27 ModularCodeGen2_ModularCodeGenTypedCompositeActor_profile.class
-rw-rw-r--   1 travis travis    693 Jul 21 18:27 ModularCodeGen2_ModularCodeGenTypedCompositeActor_profile.java
-rw-rw-r--   1 travis travis   3973 Jul 21 18:27 ModularCodeGen3_A1_B1.class
-rw-rw-r--   1 travis travis   9958 Jul 21 18:27 ModularCodeGen3_A1_B1.java
-rw-rw-r--   1 travis travis    880 Jul 21 18:27 ModularCodeGen3_A1_B1.mk
-rw-rw-r--   1 travis travis   1330 Jul 21 18:27 ModularCodeGen3_A1_B1_profile.class
-rw-rw-r--   1 travis travis   1274 Jul 21 18:27 ModularCodeGen3_A1_B1_profile.java
-rw-rw-r--   1 travis travis   3973 Jul 21 18:27 ModularCodeGen3_A1_B2.class
-rw-rw-r--   1 travis travis   9958 Jul 21 18:27 ModularCodeGen3_A1_B2.java
-rw-rw-r--   1 travis travis    880 Jul 21 18:27 ModularCodeGen3_A1_B2.mk
-rw-rw-r--   1 travis travis   1330 Jul 21 18:27 ModularCodeGen3_A1_B2_profile.class
-rw-rw-r--   1 travis travis   1274 Jul 21 18:27 ModularCodeGen3_A1_B2_profile.java
-rw-rw-r--   1 travis travis   5193 Jul 21 18:27 ModularCodeGen3_A1.class
-rw-rw-r--   1 travis travis  15564 Jul 21 18:27 ModularCodeGen3_A1.java
-rw-rw-r--   1 travis travis    856 Jul 21 18:27 ModularCodeGen3_A1.mk
-rw-rw-r--   1 travis travis   1445 Jul 21 18:27 ModularCodeGen3_A1_profile.class
-rw-rw-r--   1 travis travis   1716 Jul 21 18:27 ModularCodeGen3_A1_profile.java
-rw-rw-r--   1 travis travis   4119 Jul 21 18:27 ModularCodeGen3_A2_B1.class
-rw-rw-r--   1 travis travis  10955 Jul 21 18:27 ModularCodeGen3_A2_B1.java
-rw-rw-r--   1 travis travis    880 Jul 21 18:27 ModularCodeGen3_A2_B1.mk
-rw-rw-r--   1 travis travis   1393 Jul 21 18:27 ModularCodeGen3_A2_B1_profile.class
-rw-rw-r--   1 travis travis   1458 Jul 21 18:27 ModularCodeGen3_A2_B1_profile.java
-rw-rw-r--   1 travis travis   3973 Jul 21 18:27 ModularCodeGen3_A2_B2.class
-rw-rw-r--   1 travis travis   9958 Jul 21 18:27 ModularCodeGen3_A2_B2.java
-rw-rw-r--   1 travis travis    880 Jul 21 18:27 ModularCodeGen3_A2_B2.mk
-rw-rw-r--   1 travis travis   1330 Jul 21 18:27 ModularCodeGen3_A2_B2_profile.class
-rw-rw-r--   1 travis travis   1274 Jul 21 18:27 ModularCodeGen3_A2_B2_profile.java
-rw-rw-r--   1 travis travis   5270 Jul 21 18:27 ModularCodeGen3_A2.class
-rw-rw-r--   1 travis travis  15957 Jul 21 18:27 ModularCodeGen3_A2.java
-rw-rw-r--   1 travis travis    856 Jul 21 18:27 ModularCodeGen3_A2.mk
-rw-rw-r--   1 travis travis   1445 Jul 21 18:27 ModularCodeGen3_A2_profile.class
-rw-rw-r--   1 travis travis   1716 Jul 21 18:27 ModularCodeGen3_A2_profile.java
-rw-rw-r--   1 travis travis   4026 Jul 21 18:27 ModularCodeGen4_A1_B1.class
-rw-rw-r--   1 travis travis  10312 Jul 21 18:27 ModularCodeGen4_A1_B1.java
-rw-rw-r--   1 travis travis    880 Jul 21 18:27 ModularCodeGen4_A1_B1.mk
-rw-rw-r--   1 travis travis   1330 Jul 21 18:27 ModularCodeGen4_A1_B1_profile.class
-rw-rw-r--   1 travis travis   1273 Jul 21 18:27 ModularCodeGen4_A1_B1_profile.java
-rw-rw-r--   1 travis travis   4026 Jul 21 18:28 ModularCodeGen4_A1_B2.class
-rw-rw-r--   1 travis travis  10312 Jul 21 18:28 ModularCodeGen4_A1_B2.java
-rw-rw-r--   1 travis travis    880 Jul 21 18:28 ModularCodeGen4_A1_B2.mk
-rw-rw-r--   1 travis travis   1330 Jul 21 18:28 ModularCodeGen4_A1_B2_profile.class
-rw-rw-r--   1 travis travis   1273 Jul 21 18:27 ModularCodeGen4_A1_B2_profile.java
-rw-rw-r--   1 travis travis   5333 Jul 21 18:28 ModularCodeGen4_A1.class
-rw-rw-r--   1 travis travis  16245 Jul 21 18:28 ModularCodeGen4_A1.java
-rw-rw-r--   1 travis travis    856 Jul 21 18:28 ModularCodeGen4_A1.mk
-rw-rw-r--   1 travis travis   1445 Jul 21 18:28 ModularCodeGen4_A1_profile.class
-rw-rw-r--   1 travis travis   1712 Jul 21 18:28 ModularCodeGen4_A1_profile.java
-rw-rw-r--   1 travis travis   1454 Jul 21 18:28 ModularCodeGen4_A2_B1_profile.java
-rw-rw-r--   1 travis travis   4186 Jul 21 18:27 ModularCodeGen_ModularCodeGenTypedCompositeActor.class
-rw-rw-r--   1 travis travis  10970 Jul 21 18:27 ModularCodeGen_ModularCodeGenTypedCompositeActor.java
-rw-rw-r--   1 travis travis   1096 Jul 21 18:27 ModularCodeGen_ModularCodeGenTypedCompositeActor.mk
-rw-rw-r--   1 travis travis   1384 Jul 21 18:27 ModularCodeGen_ModularCodeGenTypedCompositeActor_profile.class
-rw-rw-r--   1 travis travis   1328 Jul 21 18:27 ModularCodeGen_ModularCodeGenTypedCompositeActor_profile.java
-rw-rw-r--   1 travis travis   3724 Jul 21 18:26 ModularCodeGenTest_A1_A2.class
-rw-rw-r--   1 travis travis   9164 Jul 21 18:26 ModularCodeGenTest_A1_A2.java
-rw-rw-r--   1 travis travis   1306 Jul 21 18:26 ModularCodeGenTest_A1_A2_profile.class
-rw-rw-r--   1 travis travis   4055 Jul 21 18:26 ModularCodeGenTest_A1.class
-rw-rw-r--   1 travis travis   9968 Jul 21 18:26 ModularCodeGenTest_A1.java
-rw-rw-r--   1 travis travis    880 Jul 21 18:26 ModularCodeGenTest_A1.mk
-rw-rw-r--   1 travis travis   1352 Jul 21 18:26 ModularCodeGenTest_A1_profile.class
-rw-rw-r--   1 travis travis   1394 Jul 21 18:26 ModularCodeGenTest_A1_profile.java
drwxrwxr-x   3 travis travis  32768 Jul 21 18:26 modulation2
drwxrwxr-x 139 travis travis  12288 Jul 21 18:26 node_modules
drwxrwxr-x   3 travis travis  20480 Jul 21 18:21 PhaseUnwrap
drwxrwxr-x   3 travis travis  12288 Jul 21 18:22 ReadFile1
-rw-rw-r--   1 travis travis     11 Jul 21 18:21 ReadFile1Output.txt
-rw-rw-r--   1 travis travis  13773 Jul 21 18:26 Repeat.class
-rw-rw-r--   1 travis travis    685 Jul 21 18:26 Repeat$_fireFunction_Repeat_Repeat$__f_sL_11.class
-rw-rw-r--   1 travis travis    541 Jul 21 18:26 Repeat$_fireFunction_Repeat_Repeat$__f_sL_12.class
-rw-rw-r--   1 travis travis    541 Jul 21 18:26 Repeat$_fireFunction_Repeat_Repeat$__f_sL_13.class
-rw-rw-r--   1 travis travis    541 Jul 21 18:26 Repeat$_fireFunction_Repeat_Repeat$__f_sL_14.class
-rw-rw-r--   1 travis travis    684 Jul 21 18:26 Repeat$_fireFunction_Repeat_Repeat$__f_sL_1.class
-rw-rw-r--   1 travis travis    683 Jul 21 18:26 Repeat$_fireFunction_Repeat_Repeat$__f_sL_4.class
-rw-rw-r--   1 travis travis    539 Jul 21 18:26 Repeat$_fireFunction_Repeat_Repeat$__f_sL_9.class
-rw-rw-r--   1 travis travis    494 Jul 21 18:26 Repeat$_initialize_Repeat$__i_sL_2.class
-rw-rw-r--   1 travis travis   1281 Jul 21 18:26 Repeat.mk
-rw-rw-r--   1 travis travis    539 Jul 21 18:26 Repeat$_preinitializeMethod_Repeat$__p_sL_0.class
-rw-rw-r--   1 travis travis   1102 Jul 21 18:26 Repeat$_Repeat$_fireFunction_Repeat_AddSubtract_Repeat.class
-rw-rw-r--   1 travis travis    810 Jul 21 18:26 Repeat$_Repeat$_fireFunction_Repeat_AddSubtract_Repeat$__f_sL_0.class
-rw-rw-r--   1 travis travis    928 Jul 21 18:26 Repeat$_Repeat$_fireFunction_Repeat_AddSubtract_Repeat$__f_sL_1.class
-rw-rw-r--   1 travis travis    934 Jul 21 18:26 Repeat$_Repeat$_fireFunction_Repeat_AddSubtract_Repeat$__f_sL_2.class
-rw-rw-r--   1 travis travis    862 Jul 21 18:26 Repeat$_Repeat$_fireFunction_Repeat_AddSubtract_Repeat$__f_sL_3.class
-rw-rw-r--   1 travis travis    757 Jul 21 18:26 Repeat$_Repeat$_fireFunction_Repeat_Ramp2_Repeat$__f_sL_0.class
-rw-rw-r--   1 travis travis    888 Jul 21 18:26 Repeat$_Repeat$_fireFunction_Repeat_Test_Repeat$__f_sL_0.class
-rw-rw-r--   1 travis travis    634 Jul 21 18:26 Repeat$_Repeat$_fireFunction_Repeat_Test_Repeat$__f_sL_1.class
-rw-rw-r--   1 travis travis    704 Jul 21 18:26 Repeat$_Repeat_SDF_Director_run_Repeat$__R_sL_0.class
-rw-rw-r--   1 travis travis    705 Jul 21 18:26 Repeat$_Repeat_SDF_Director_run_Repeat$__R_sL_11.class
-rw-rw-r--   1 travis travis    561 Jul 21 18:26 Repeat$_Repeat_SDF_Director_run_Repeat$__R_sL_13.class
-rw-rw-r--   1 travis travis    559 Jul 21 18:26 Repeat$_Repeat_SDF_Director_run_Repeat$__R_sL_2.class
-rw-rw-r--   1 travis travis    703 Jul 21 18:26 Repeat$_Repeat_SDF_Director_run_Repeat$__R_sL_3.class
-rw-rw-r--   1 travis travis    559 Jul 21 18:26 Repeat$_Repeat_SDF_Director_run_Repeat$__R_sL_5.class
-rw-rw-r--   1 travis travis    559 Jul 21 18:26 Repeat$_Repeat_SDF_Director_run_Repeat$__R_sL_8.class
drwxrwxr-x   2 travis travis   4096 Jul 21 18:26 RepeatVariables
-rw-rw-r--   1 travis travis    882 Jul 21 18:26 Repeat$_varinit_Repeat.class
-rw-rw-r--   1 travis travis    550 Jul 21 18:26 Repeat$_varinit_Repeat$__v_sL_2.class
-rw-rw-r--   1 travis travis    924 Jul 21 18:26 Repeat$_varinit_Repeat$__v_sL_4.class
-rw-rw-r--   1 travis travis    978 Jul 21 18:26 Repeat$_wrapup_Repeat$__w_sL_1.class
drwxrwxr-x   3 travis travis  20480 Jul 21 18:22 Sinewave
drwxrwxr-x   3 travis travis  32768 Jul 21 18:23 StringFunction
drwxrwxr-x   3 travis travis  12288 Jul 21 18:24 StringLength
drwxrwxr-x   3 travis travis  61440 Jul 21 18:24 StringMatches2
drwxrwxr-x   3 travis travis  61440 Jul 21 18:24 StringSimpleReplace
drwxrwxr-x   3 travis travis  65536 Jul 21 18:24 StringSubstring
drwxrwxr-x   3 travis travis  24576 Jul 21 18:25 StringSubstring2
drwxrwxr-x   3 travis travis  16384 Jul 21 18:25 time1
drwxrwxr-x   3 travis travis  12288 Jul 21 18:26 time5
-rw-rw-r--   1 travis travis    432 Jul 21 18:28 Token.class
-rw-rw-r--   1 travis travis    251 Jul 21 18:28 Token.java
-rwxrwxr-x   1 travis travis 466992 Jul 21 18:18 top
-rw-rw-r--   1 travis travis  20502 Jul 21 18:18 top.c
-rw-rw-r--   1 travis travis   3799 Jul 21 18:26 top.class
-rw-rw-r--   1 travis travis   1257 Jul 21 18:26 top.mk
In "/home/travis/cg", about to execute:
    javac -classpath
.:/home/travis/build/icyphy/ptII:/home/travis/build/icyphy/ptII/lib/bsh-2.0b4.j
ar:/home/travis/build/icyphy/ptII/lib/ptCal.jar:/home/travis/build/icyphy/ptII/
lib/java_cup.jar:/home/travis/build/icyphy/ptII/lib/saxon8.jar:/home/travis/bui
ld/icyphy/ptII/lib/saxon8-dom.jar:/home/travis/build/icyphy/ptII/lib/chic.jar:/
home/travis/build/icyphy/ptII/lib/ptcolt.jar:/home/travis/build/icyphy/ptII/ven
dors/misc/itext/iText.jar:/home/travis/build/icyphy/ptII/lib/g4ltl.jar:/home/tr
avis/build/icyphy/ptII/lib/StructuralCoder.jar:/home/travis/build/icyphy/ptII/l
ib/jcerti.jar:/home/travis/build/icyphy/ptII/lib/javax.mail.jar:/home/travis/bu
ild/icyphy/ptII/vendors/JMF-2.1.1e/lib/jmf.jar:/home/travis/build/icyphy/ptII/l
ib/jna-4.0.0-variadic.jar:/home/travis/build/icyphy/ptII/vendors/misc/joystick/
Joystick.jar:/home/travis/build/icyphy/ptII/lib/ptjacl.jar:/home/travis/build/i
cyphy/ptII/lib/jsoup-1.8.2.jar:/home/travis/build/icyphy/ptII/lib/junit-4.8.2.j
ar:/home/travis/build/icyphy/ptII/lib/JUnitParams-0.4.0.jar:/home/travis/build/
icyphy/ptII/ptolemy/actor/lib/excel/jxl.jar:/home/travis/build/icyphy/ptII/lib/
jython.jar:/home/travis/build/icyphy/ptII/lib/kieler.jar:/home/travis/build/icy
phy/ptII/vendors/opencv/share/OpenCV/java/opencv-341.jar:/home/travis/build/icy
phy/ptII/lib/oscP5.jar:/home/travis/build/icyphy/ptII/lib/nrjavaserial-3.11.0.d
evel.jar:/home/travis/build/icyphy/ptII/vendors/j3d/lib/Linux/j3dcore.jar:/home
/travis/build/icyphy/ptII/vendors/j3d/lib/Linux/j3dutils.jar:/home/travis/build
/icyphy/ptII/vendors/j3d/lib/Linux/vecmath.jar:/home/travis/build/icyphy/ptII/v
endors/jogl/lib/Linux/gluegen-rt-natives-linux-amd64.jar:/home/travis/build/icy
phy/ptII/vendors/jogl/lib/Linux/gluegen-rt.jar:/home/travis/build/icyphy/ptII/v
endors/jogl/lib/Linux/jogl-all-natives-linux-amd64.jar:/home/travis/build/icyph
y/ptII/vendors/jogl/lib/Linux/jogl-all.jar:/home/travis/build/icyphy/ptII/ptole
my/distributed/jini/jar/jini-core.jar:/home/travis/build/icyphy/ptII/ptolemy/di
stributed/jini/jar/jini-ext.jar:/home/travis/build/icyphy/ptII/ptolemy/distribu
ted/jini/jar/sun-util.jar:/home/travis/build/icyphy/ptII/lib/protobuf-java-2.4.
1.jar:/home/travis/build/icyphy/ptII/lib/org.eclipse.paho.client.mqttv3.jar:/ho
me/travis/build/icyphy/ptII/lib/mapss.jar:/home/travis/build/icyphy/ptII/ptolem
y/actor/ptalon/antlr/antlr.jar:/home/travis/build/icyphy/ptII/lib/JRI.jar:/home
/travis/build/icyphy/ptII/lib/commons-lang-2.6.jar:/home/travis/build/icyphy/pt
II/lib/commons-logging-1.1.1.jar:/home/travis/build/icyphy/ptII/lib/sootclasses
.jar:/home/travis/build/icyphy/ptII/ptolemy/actor/lib/database/mysql-connector-
java-5.1.6-bin.jar:/home/travis/build/icyphy/ptII/vendors/misc/sphinx4/sphinx4-
data-5prealpha.jar:/home/travis/build/icyphy/ptII/vendors/misc/sphinx4/sphinx4-
core-5prealpha.jar:/home/travis/build/icyphy/ptII/lib/PDFRenderer.jar:/home/tra
vis/build/icyphy/ptII/lib/svgSalamander.jar:/home/travis/build/icyphy/ptII/lib/
rsyntaxtextarea-2.6.0-SNAPSHOT.jar:/home/travis/build/icyphy/ptII/lib/hazelcast
-3.8.2.jar:/home/travis/build/icyphy/ptII/lib/jackson-annotations-2.9.0.jar:/ho
me/travis/build/icyphy/ptII/lib/jackson-core-2.9.3.jar:/home/travis/build/icyph
y/ptII/lib/jackson-databind-2.9.3.jar:/home/travis/build/icyphy/ptII/lib/netty-
buffer-4.1.19.Final.jar:/home/travis/build/icyphy/ptII/lib/netty-codec-4.1.19.F
inal.jar:/home/travis/build/icyphy/ptII/lib/netty-codec-dns-4.1.19.Final.jar:/h
ome/travis/build/icyphy/ptII/lib/netty-codec-http-4.1.19.Final.jar:/home/travis
/build/icyphy/ptII/lib/netty-codec-http2-4.1.19.Final.jar:/home/travis/build/ic
yphy/ptII/lib/netty-common-4.1.19.Final.jar:/home/travis/build/icyphy/ptII/lib/
netty-handler-4.1.19.Final.jar:/home/travis/build/icyphy/ptII/lib/netty-resolve
r-4.1.19.Final.jar:/home/travis/build/icyphy/ptII/lib/netty-resolver-dns-4.1.19
.Final.jar:/home/travis/build/icyphy/ptII/lib/netty-transport-4.1.19.Final.jar:
/home/travis/build/icyphy/ptII/lib/vertx-codegen-3.5.1.jar:/home/travis/build/i
cyphy/ptII/lib/vertx-core-3.5.2-SNAPSHOT.jar:/home/travis/build/icyphy/ptII/lib
/vertx-hazelcast-3.5.1.jar:/home/travis/build/icyphy/ptII/lib/vertx-lang-js-3.5
.1.jar:/home/travis/build/icyphy/ptII/lib/vertx-service-proxy-3.5.1.jar:/home/t
ravis/build/icyphy/ptII/lib/vertx-web-3.5.1.jar:/home/travis/build/icyphy/ptII/
lib/slf4j-api-1.7.13.jar:/home/travis/build/icyphy/ptII/lib/slf4j-simple-1.7.13
.jar:/home/travis/build/icyphy/ptII/lib/webcam-capture-0.3.12.jar:/home/travis/
build/icyphy/ptII/lib/bridj-0.7.0.jar:/home/travis/build/icyphy/ptII/lib/xbjlib
-1.1.0.nrjavaserial.jar:/home/travis/build/icyphy/ptII/ptolemy/moml/test:/home/
travis/build/icyphy/ptII/ant/lib/ant-launcher.jar:/home/travis/build/icyphy/ptI
I/ant/lib/ant.jar:/home/travis/build/icyphy/ptII/ant/lib/ant-junit.jar:/home/tr
avis/build/icyphy/ptII/ant/lib/ant-junit4.jar:/home/travis/build/icyphy/ptII
ModularCodeGen4_A2_B1_profile.java
All Done
Writing ModularCodeGen4_A2_B1.java in file:/home/travis/cg/ (11375 characters)
Reading "ptolemy/cg/kernel/generic/program/procedural/java/modular/makefile.in",
    writing "/home/travis/cg/ModularCodeGen4_A2_B1.mk"
Using ptolemy/cg/kernel/generic/program/procedural/java/modular/makefile.in
In "/home/travis/cg", about to execute:
    make -f ModularCodeGen4_A2_B1.mk
javac -classpath ".:.."    ModularCodeGen4_A2_B1.java
All Done
In "/home/travis/cg", about to execute:
    pwd
/home/travis/cg
In "/home/travis/cg", about to execute:
    ls -l
total 2044
drwxrwxr-x   3 travis travis  12288 Jul 21 18:20 AbsoluteValue
drwxrwxr-x   3 travis travis 102400 Jul 21 18:19 AllColt
drwxrwxr-x   3 travis travis  12288 Jul 21 18:19 Case1
-rw-rw-r--   1 travis travis   5128 Jul 21 18:26 CompiledCompositeActor_CompiledCompositeActor.class
-rw-rw-r--   1 travis travis   1611 Jul 21 18:26 CompiledCompositeActor_CompiledCompositeActor$_CompiledCompositeActor_CompiledCompositeActor.class
-rw-rw-r--   1 travis travis  13466 Jul 21 18:26 CompiledCompositeActor_CompiledCompositeActor.java
-rw-rw-r--   1 travis travis   1593 Jul 21 18:26 CompiledCompositeActor_CompiledCompositeActor.mk
drwxrwxr-x   5 travis travis   4096 Jul 21 18:18 fmi
drwxrwxr-x   3 travis travis  16384 Jul 21 18:20 Gaussian2
-rw-rw-r--   1 travis travis   4684 Jul 21 18:26 JavaCompiledCompositeTest1_CompiledCompositeActor.class
-rw-rw-r--   1 travis travis  11637 Jul 21 18:26 JavaCompiledCompositeTest1_CompiledCompositeActor.java
-rw-rw-r--   1 travis travis   1217 Jul 21 18:26 JavaCompiledCompositeTest1_CompiledCompositeActor$_JavaCompiledCompositeTest1_CompiledCompositeActor.class
-rw-rw-r--   1 travis travis   1625 Jul 21 18:26 JavaCompiledCompositeTest1_CompiledCompositeActor.mk
-rw-rw-r--   1 travis travis   5115 Jul 21 18:26 JavaCompiledCompositeTest2_CompiledCompositeActor.class
-rw-rw-r--   1 travis travis  14919 Jul 21 18:26 JavaCompiledCompositeTest2_CompiledCompositeActor.java
-rw-rw-r--   1 travis travis   1812 Jul 21 18:26 JavaCompiledCompositeTest2_CompiledCompositeActor$_JavaCompiledCompositeTest2_CompiledCompositeActor.class
-rw-rw-r--   1 travis travis   1625 Jul 21 18:26 JavaCompiledCompositeTest2_CompiledCompositeActor.mk
-rw-rw-r--   1 travis travis   4732 Jul 21 18:26 JavaCompiledCompositeTest3_CompiledCompositeActor.class
-rw-rw-r--   1 travis travis  13080 Jul 21 18:26 JavaCompiledCompositeTest3_CompiledCompositeActor.java
-rw-rw-r--   1 travis travis   1397 Jul 21 18:26 JavaCompiledCompositeTest3_CompiledCompositeActor$_JavaCompiledCompositeTest3_CompiledCompositeActor.class
-rw-rw-r--   1 travis travis   1625 Jul 21 18:26 JavaCompiledCompositeTest3_CompiledCompositeActor.mk
-rw-rw-r--   1 travis travis   4183 Jul 21 18:26 JavaCompiledCompositeTest4_CompiledCompositeActor.class
-rw-rw-r--   1 travis travis   9687 Jul 21 18:26 JavaCompiledCompositeTest4_CompiledCompositeActor.java
-rw-rw-r--   1 travis travis    876 Jul 21 18:26 JavaCompiledCompositeTest4_CompiledCompositeActor$_JavaCompiledCompositeTest4_CompiledCompositeActor.class
-rw-rw-r--   1 travis travis   1625 Jul 21 18:26 JavaCompiledCompositeTest4_CompiledCompositeActor.mk
drwxrwxr-x   3 travis travis  12288 Jul 21 18:21 LookupTable
drwxrwxr-x   3 travis travis  20480 Jul 21 18:21 MaxIndex
-rw-rw-r--   1 travis travis   3925 Jul 21 18:26 ModularCG_A1_B1.class
-rw-rw-r--   1 travis travis   9730 Jul 21 18:26 ModularCG_A1_B1.java
-rw-rw-r--   1 travis travis    832 Jul 21 18:26 ModularCG_A1_B1.mk
-rw-rw-r--   1 travis travis   1318 Jul 21 18:26 ModularCG_A1_B1_profile.class
-rw-rw-r--   1 travis travis   1262 Jul 21 18:26 ModularCG_A1_B1_profile.java
-rw-rw-r--   1 travis travis   3925 Jul 21 18:27 ModularCG_A1_B2.class
-rw-rw-r--   1 travis travis   9730 Jul 21 18:27 ModularCG_A1_B2.java
-rw-rw-r--   1 travis travis    832 Jul 21 18:27 ModularCG_A1_B2.mk
-rw-rw-r--   1 travis travis   1318 Jul 21 18:27 ModularCG_A1_B2_profile.class
-rw-rw-r--   1 travis travis   1262 Jul 21 18:26 ModularCG_A1_B2_profile.java
-rw-rw-r--   1 travis travis   5031 Jul 21 18:27 ModularCG_A1.class
-rw-rw-r--   1 travis travis  14742 Jul 21 18:27 ModularCG_A1.java
-rw-rw-r--   1 travis travis    808 Jul 21 18:27 ModularCG_A1.mk
-rw-rw-r--   1 travis travis   1433 Jul 21 18:27 ModularCG_A1_profile.class
-rw-rw-r--   1 travis travis   1704 Jul 21 18:27 ModularCG_A1_profile.java
-rw-rw-r--   1 travis travis   4059 Jul 21 18:27 ModularCG_A2_B1.class
-rw-rw-r--   1 travis travis  10667 Jul 21 18:27 ModularCG_A2_B1.java
-rw-rw-r--   1 travis travis    832 Jul 21 18:27 ModularCG_A2_B1.mk
-rw-rw-r--   1 travis travis   1381 Jul 21 18:27 ModularCG_A2_B1_profile.class
-rw-rw-r--   1 travis travis   1446 Jul 21 18:27 ModularCG_A2_B1_profile.java
-rw-rw-r--   1 travis travis   3925 Jul 21 18:27 ModularCG_A2_B2.class
-rw-rw-r--   1 travis travis   9730 Jul 21 18:27 ModularCG_A2_B2.java
-rw-rw-r--   1 travis travis    832 Jul 21 18:27 ModularCG_A2_B2.mk
-rw-rw-r--   1 travis travis   1318 Jul 21 18:27 ModularCG_A2_B2_profile.class
-rw-rw-r--   1 travis travis   1262 Jul 21 18:27 ModularCG_A2_B2_profile.java
-rw-rw-r--   1 travis travis   5102 Jul 21 18:27 ModularCG_A2.class
-rw-rw-r--   1 travis travis  15129 Jul 21 18:27 ModularCG_A2.java
-rw-rw-r--   1 travis travis    808 Jul 21 18:27 ModularCG_A2.mk
-rw-rw-r--   1 travis travis   1433 Jul 21 18:27 ModularCG_A2_profile.class
-rw-rw-r--   1 travis travis   1704 Jul 21 18:27 ModularCG_A2_profile.java
-rw-rw-r--   1 travis travis   3705 Jul 21 18:27 ModularCGPubSub_A1_A2.class
-rw-rw-r--   1 travis travis   9076 Jul 21 18:27 ModularCGPubSub_A1_A2.java
-rw-rw-r--   1 travis travis    880 Jul 21 18:27 ModularCGPubSub_A1_A2.mk
-rw-rw-r--   1 travis travis   1300 Jul 21 18:27 ModularCGPubSub_A1_A2_profile.class
-rw-rw-r--   1 travis travis   1222 Jul 21 18:27 ModularCGPubSub_A1_A2_profile.java
-rw-rw-r--   1 travis travis   4022 Jul 21 18:27 ModularCGPubSub_A1.class
-rw-rw-r--   1 travis travis   9836 Jul 21 18:27 ModularCGPubSub_A1.java
-rw-rw-r--   1 travis travis    856 Jul 21 18:27 ModularCGPubSub_A1.mk
-rw-rw-r--   1 travis travis   1346 Jul 21 18:27 ModularCGPubSub_A1_profile.class
-rw-rw-r--   1 travis travis   1388 Jul 21 18:27 ModularCGPubSub_A1_profile.java
-rw-rw-r--   1 travis travis   4220 Jul 21 18:27 ModularCodeGen2_ModularCodeGenTypedCompositeActor.class
-rw-rw-r--   1 travis travis  11690 Jul 21 18:27 ModularCodeGen2_ModularCodeGenTypedCompositeActor.java
-rw-rw-r--   1 travis travis   1104 Jul 21 18:27 ModularCodeGen2_ModularCodeGenTypedCompositeActor.mk
-rw-rw-r--   1 travis travis   4504 Jul 21 18:27 ModularCodeGen2_ModularCodeGenTypedCompositeActor_ModularCodeGenTypedCompositeActor.class
-rw-rw-r--   1 travis travis  11790 Jul 21 18:27 ModularCodeGen2_ModularCodeGenTypedCompositeActor_ModularCodeGenTypedCompositeActor.java
-rw-rw-r--   1 travis travis   1376 Jul 21 18:27 ModularCodeGen2_ModularCodeGenTypedCompositeActor_ModularCodeGenTypedCompositeActor.mk
-rw-rw-r--   1 travis travis   1421 Jul 21 18:27 ModularCodeGen2_ModularCodeGenTypedCompositeActor_ModularCodeGenTypedCompositeActor_profile.class
-rw-rw-r--   1 travis travis   1294 Jul 21 18:27 ModularCodeGen2_ModularCodeGenTypedCompositeActor_ModularCodeGenTypedCompositeActor_profile.java
-rw-rw-r--   1 travis travis    820 Jul 21 18:27 ModularCodeGen2_ModularCodeGenTypedCompositeActor_profile.class
-rw-rw-r--   1 travis travis    693 Jul 21 18:27 ModularCodeGen2_ModularCodeGenTypedCompositeActor_profile.java
-rw-rw-r--   1 travis travis   3973 Jul 21 18:27 ModularCodeGen3_A1_B1.class
-rw-rw-r--   1 travis travis   9958 Jul 21 18:27 ModularCodeGen3_A1_B1.java
-rw-rw-r--   1 travis travis    880 Jul 21 18:27 ModularCodeGen3_A1_B1.mk
-rw-rw-r--   1 travis travis   1330 Jul 21 18:27 ModularCodeGen3_A1_B1_profile.class
-rw-rw-r--   1 travis travis   1274 Jul 21 18:27 ModularCodeGen3_A1_B1_profile.java
-rw-rw-r--   1 travis travis   3973 Jul 21 18:27 ModularCodeGen3_A1_B2.class
-rw-rw-r--   1 travis travis   9958 Jul 21 18:27 ModularCodeGen3_A1_B2.java
-rw-rw-r--   1 travis travis    880 Jul 21 18:27 ModularCodeGen3_A1_B2.mk
-rw-rw-r--   1 travis travis   1330 Jul 21 18:27 ModularCodeGen3_A1_B2_profile.class
-rw-rw-r--   1 travis travis   1274 Jul 21 18:27 ModularCodeGen3_A1_B2_profile.java
-rw-rw-r--   1 travis travis   5193 Jul 21 18:27 ModularCodeGen3_A1.class
-rw-rw-r--   1 travis travis  15564 Jul 21 18:27 ModularCodeGen3_A1.java
-rw-rw-r--   1 travis travis    856 Jul 21 18:27 ModularCodeGen3_A1.mk
-rw-rw-r--   1 travis travis   1445 Jul 21 18:27 ModularCodeGen3_A1_profile.class
-rw-rw-r--   1 travis travis   1716 Jul 21 18:27 ModularCodeGen3_A1_profile.java
-rw-rw-r--   1 travis travis   4119 Jul 21 18:27 ModularCodeGen3_A2_B1.class
-rw-rw-r--   1 travis travis  10955 Jul 21 18:27 ModularCodeGen3_A2_B1.java
-rw-rw-r--   1 travis travis    880 Jul 21 18:27 ModularCodeGen3_A2_B1.mk
-rw-rw-r--   1 travis travis   1393 Jul 21 18:27 ModularCodeGen3_A2_B1_profile.class
-rw-rw-r--   1 travis travis   1458 Jul 21 18:27 ModularCodeGen3_A2_B1_profile.java
-rw-rw-r--   1 travis travis   3973 Jul 21 18:27 ModularCodeGen3_A2_B2.class
-rw-rw-r--   1 travis travis   9958 Jul 21 18:27 ModularCodeGen3_A2_B2.java
-rw-rw-r--   1 travis travis    880 Jul 21 18:27 ModularCodeGen3_A2_B2.mk
-rw-rw-r--   1 travis travis   1330 Jul 21 18:27 ModularCodeGen3_A2_B2_profile.class
-rw-rw-r--   1 travis travis   1274 Jul 21 18:27 ModularCodeGen3_A2_B2_profile.java
-rw-rw-r--   1 travis travis   5270 Jul 21 18:27 ModularCodeGen3_A2.class
In "/home/travis/cg", about to execute:
    javac -classpath
.:/home/travis/build/icyphy/ptII:/home/travis/build/icyphy/ptII/lib/bsh-2.0b4.j
ar:/home/travis/build/icyphy/ptII/lib/ptCal.jar:/home/travis/build/icyphy/ptII/
lib/java_cup.jar:/home/travis/build/icyphy/ptII/lib/saxon8.jar:/home/travis/bui
ld/icyphy/ptII/lib/saxon8-dom.jar:/home/travis/build/icyphy/ptII/lib/chic.jar:/
home/travis/build/icyphy/ptII/lib/ptcolt.jar:/home/travis/build/icyphy/ptII/ven
dors/misc/itext/iText.jar:/home/travis/build/icyphy/ptII/lib/g4ltl.jar:/home/tr
avis/build/icyphy/ptII/lib/StructuralCoder.jar:/home/travis/build/icyphy/ptII/l
ib/jcerti.jar:/home/travis/build/icyphy/ptII/lib/javax.mail.jar:/home/travis/bu
ild/icyphy/ptII/vendors/JMF-2.1.1e/lib/jmf.jar:/home/travis/build/icyphy/ptII/l
ib/jna-4.0.0-variadic.jar:/home/travis/build/icyphy/ptII/vendors/misc/joystick/
Joystick.jar:/home/travis/build/icyphy/ptII/lib/ptjacl.jar:/home/travis/build/i
cyphy/ptII/lib/jsoup-1.8.2.jar:/home/travis/build/icyphy/ptII/lib/junit-4.8.2.j
ar:/home/travis/build/icyphy/ptII/lib/JUnitParams-0.4.0.jar:/home/travis/build/
icyphy/ptII/ptolemy/actor/lib/excel/jxl.jar:/home/travis/build/icyphy/ptII/lib/
jython.jar:/home/travis/build/icyphy/ptII/lib/kieler.jar:/home/travis/build/icy
phy/ptII/vendors/opencv/share/OpenCV/java/opencv-341.jar:/home/travis/build/icy
phy/ptII/lib/oscP5.jar:/home/travis/build/icyphy/ptII/lib/nrjavaserial-3.11.0.d
evel.jar:/home/travis/build/icyphy/ptII/vendors/j3d/lib/Linux/j3dcore.jar:/home
/travis/build/icyphy/ptII/vendors/j3d/lib/Linux/j3dutils.jar:/home/travis/build
/icyphy/ptII/vendors/j3d/lib/Linux/vecmath.jar:/home/travis/build/icyphy/ptII/v
endors/jogl/lib/Linux/gluegen-rt-natives-linux-amd64.jar:/home/travis/build/icy
phy/ptII/vendors/jogl/lib/Linux/gluegen-rt.jar:/home/travis/build/icyphy/ptII/v
endors/jogl/lib/Linux/jogl-all-natives-linux-amd64.jar:/home/travis/build/icyph
y/ptII/vendors/jogl/lib/Linux/jogl-all.jar:/home/travis/build/icyphy/ptII/ptole
my/distributed/jini/jar/jini-core.jar:/home/travis/build/icyphy/ptII/ptolemy/di
stributed/jini/jar/jini-ext.jar:/home/travis/build/icyphy/ptII/ptolemy/distribu
ted/jini/jar/sun-util.jar:/home/travis/build/icyphy/ptII/lib/protobuf-java-2.4.
1.jar:/home/travis/build/icyphy/ptII/lib/org.eclipse.paho.client.mqttv3.jar:/ho
me/travis/build/icyphy/ptII/lib/mapss.jar:/home/travis/build/icyphy/ptII/ptolem
y/actor/ptalon/antlr/antlr.jar:/home/travis/build/icyphy/ptII/lib/JRI.jar:/home
/travis/build/icyphy/ptII/lib/commons-lang-2.6.jar:/home/travis/build/icyphy/pt
II/lib/commons-logging-1.1.1.jar:/home/travis/build/icyphy/ptII/lib/sootclasses
.jar:/home/travis/build/icyphy/ptII/ptolemy/actor/lib/database/mysql-connector-
java-5.1.6-bin.jar:/home/travis/build/icyphy/ptII/vendors/misc/sphinx4/sphinx4-
data-5prealpha.jar:/home/travis/build/icyphy/ptII/vendors/misc/sphinx4/sphinx4-
core-5prealpha.jar:/home/travis/build/icyphy/ptII/lib/PDFRenderer.jar:/home/tra
vis/build/icyphy/ptII/lib/svgSalamander.jar:/home/travis/build/icyphy/ptII/lib/
rsyntaxtextarea-2.6.0-SNAPSHOT.jar:/home/travis/build/icyphy/ptII/lib/hazelcast
-3.8.2.jar:/home/travis/build/icyphy/ptII/lib/jackson-annotations-2.9.0.jar:/ho
me/travis/build/icyphy/ptII/lib/jackson-core-2.9.3.jar:/home/travis/build/icyph
y/ptII/lib/jackson-databind-2.9.3.jar:/home/travis/build/icyphy/ptII/lib/netty-
buffer-4.1.19.Final.jar:/home/travis/build/icyphy/ptII/lib/netty-codec-4.1.19.F
inal.jar:/home/travis/build/icyphy/ptII/lib/netty-codec-dns-4.1.19.Final.jar:/h
ome/travis/build/icyphy/ptII/lib/netty-codec-http-4.1.19.Final.jar:/home/travis
/build/icyphy/ptII/lib/netty-codec-http2-4.1.19.Final.jar:/home/travis/build/ic
yphy/ptII/lib/netty-common-4.1.19.Final.jar:/home/travis/build/icyphy/ptII/lib/
netty-handler-4.1.19.Final.jar:/home/travis/build/icyphy/ptII/lib/netty-resolve
r-4.1.19.Final.jar:/home/travis/build/icyphy/ptII/lib/netty-resolver-dns-4.1.19
.Final.jar:/home/travis/build/icyphy/ptII/lib/netty-transport-4.1.19.Final.jar:
/home/travis/build/icyphy/ptII/lib/vertx-codegen-3.5.1.jar:/home/travis/build/i
cyphy/ptII/lib/vertx-core-3.5.2-SNAPSHOT.jar:/home/travis/build/icyphy/ptII/lib
/vertx-hazelcast-3.5.1.jar:/home/travis/build/icyphy/ptII/lib/vertx-lang-js-3.5
.1.jar:/home/travis/build/icyphy/ptII/lib/vertx-service-proxy-3.5.1.jar:/home/t
ravis/build/icyphy/ptII/lib/vertx-web-3.5.1.jar:/home/travis/build/icyphy/ptII/
lib/slf4j-api-1.7.13.jar:/home/travis/build/icyphy/ptII/lib/slf4j-simple-1.7.13
.jar:/home/travis/build/icyphy/ptII/lib/webcam-capture-0.3.12.jar:/home/travis/
build/icyphy/ptII/lib/bridj-0.7.0.jar:/home/travis/build/icyphy/ptII/lib/xbjlib
-1.1.0.nrjavaserial.jar:/home/travis/build/icyphy/ptII/ptolemy/moml/test:/home/
travis/build/icyphy/ptII/ant/lib/ant-launcher.jar:/home/travis/build/icyphy/ptI
I/ant/lib/ant.jar:/home/travis/build/icyphy/ptII/ant/lib/ant-junit.jar:/home/tr
avis/build/icyphy/ptII/ant/lib/ant-junit4.jar:/home/travis/build/icyphy/ptII
ModularCodeGen4_A2_B2_profile.java
-rw-rw-r--   1 travis travis  15957 Jul 21 18:27 ModularCodeGen3_A2.java
-rw-rw-r--   1 travis travis    856 Jul 21 18:27 ModularCodeGen3_A2.mk
-rw-rw-r--   1 travis travis   1445 Jul 21 18:27 ModularCodeGen3_A2_profile.class
-rw-rw-r--   1 travis travis   1716 Jul 21 18:27 ModularCodeGen3_A2_profile.java
-rw-rw-r--   1 travis travis   4026 Jul 21 18:27 ModularCodeGen4_A1_B1.class
-rw-rw-r--   1 travis travis  10312 Jul 21 18:27 ModularCodeGen4_A1_B1.java
-rw-rw-r--   1 travis travis    880 Jul 21 18:27 ModularCodeGen4_A1_B1.mk
-rw-rw-r--   1 travis travis   1330 Jul 21 18:27 ModularCodeGen4_A1_B1_profile.class
-rw-rw-r--   1 travis travis   1273 Jul 21 18:27 ModularCodeGen4_A1_B1_profile.java
-rw-rw-r--   1 travis travis   4026 Jul 21 18:28 ModularCodeGen4_A1_B2.class
-rw-rw-r--   1 travis travis  10312 Jul 21 18:28 ModularCodeGen4_A1_B2.java
-rw-rw-r--   1 travis travis    880 Jul 21 18:28 ModularCodeGen4_A1_B2.mk
-rw-rw-r--   1 travis travis   1330 Jul 21 18:28 ModularCodeGen4_A1_B2_profile.class
-rw-rw-r--   1 travis travis   1273 Jul 21 18:27 ModularCodeGen4_A1_B2_profile.java
-rw-rw-r--   1 travis travis   5333 Jul 21 18:28 ModularCodeGen4_A1.class
-rw-rw-r--   1 travis travis  16245 Jul 21 18:28 ModularCodeGen4_A1.java
-rw-rw-r--   1 travis travis    856 Jul 21 18:28 ModularCodeGen4_A1.mk
-rw-rw-r--   1 travis travis   1445 Jul 21 18:28 ModularCodeGen4_A1_profile.class
-rw-rw-r--   1 travis travis   1712 Jul 21 18:28 ModularCodeGen4_A1_profile.java
-rw-rw-r--   1 travis travis   4220 Jul 21 18:28 ModularCodeGen4_A2_B1.class
-rw-rw-r--   1 travis travis  11375 Jul 21 18:28 ModularCodeGen4_A2_B1.java
-rw-rw-r--   1 travis travis    880 Jul 21 18:28 ModularCodeGen4_A2_B1.mk
-rw-rw-r--   1 travis travis   1393 Jul 21 18:28 ModularCodeGen4_A2_B1_profile.class
-rw-rw-r--   1 travis travis   1454 Jul 21 18:28 ModularCodeGen4_A2_B1_profile.java
-rw-rw-r--   1 travis travis   1270 Jul 21 18:28 ModularCodeGen4_A2_B2_profile.java
-rw-rw-r--   1 travis travis   4186 Jul 21 18:27 ModularCodeGen_ModularCodeGenTypedCompositeActor.class
-rw-rw-r--   1 travis travis  10970 Jul 21 18:27 ModularCodeGen_ModularCodeGenTypedCompositeActor.java
-rw-rw-r--   1 travis travis   1096 Jul 21 18:27 ModularCodeGen_ModularCodeGenTypedCompositeActor.mk
-rw-rw-r--   1 travis travis   1384 Jul 21 18:27 ModularCodeGen_ModularCodeGenTypedCompositeActor_profile.class
-rw-rw-r--   1 travis travis   1328 Jul 21 18:27 ModularCodeGen_ModularCodeGenTypedCompositeActor_profile.java
-rw-rw-r--   1 travis travis   3724 Jul 21 18:26 ModularCodeGenTest_A1_A2.class
-rw-rw-r--   1 travis travis   9164 Jul 21 18:26 ModularCodeGenTest_A1_A2.java
-rw-rw-r--   1 travis travis   1306 Jul 21 18:26 ModularCodeGenTest_A1_A2_profile.class
-rw-rw-r--   1 travis travis   4055 Jul 21 18:26 ModularCodeGenTest_A1.class
-rw-rw-r--   1 travis travis   9968 Jul 21 18:26 ModularCodeGenTest_A1.java
-rw-rw-r--   1 travis travis    880 Jul 21 18:26 ModularCodeGenTest_A1.mk
-rw-rw-r--   1 travis travis   1352 Jul 21 18:26 ModularCodeGenTest_A1_profile.class
-rw-rw-r--   1 travis travis   1394 Jul 21 18:26 ModularCodeGenTest_A1_profile.java
drwxrwxr-x   3 travis travis  32768 Jul 21 18:26 modulation2
drwxrwxr-x 139 travis travis  12288 Jul 21 18:26 node_modules
drwxrwxr-x   3 travis travis  20480 Jul 21 18:21 PhaseUnwrap
drwxrwxr-x   3 travis travis  12288 Jul 21 18:22 ReadFile1
-rw-rw-r--   1 travis travis     11 Jul 21 18:21 ReadFile1Output.txt
-rw-rw-r--   1 travis travis  13773 Jul 21 18:26 Repeat.class
-rw-rw-r--   1 travis travis    685 Jul 21 18:26 Repeat$_fireFunction_Repeat_Repeat$__f_sL_11.class
-rw-rw-r--   1 travis travis    541 Jul 21 18:26 Repeat$_fireFunction_Repeat_Repeat$__f_sL_12.class
-rw-rw-r--   1 travis travis    541 Jul 21 18:26 Repeat$_fireFunction_Repeat_Repeat$__f_sL_13.class
-rw-rw-r--   1 travis travis    541 Jul 21 18:26 Repeat$_fireFunction_Repeat_Repeat$__f_sL_14.class
-rw-rw-r--   1 travis travis    684 Jul 21 18:26 Repeat$_fireFunction_Repeat_Repeat$__f_sL_1.class
-rw-rw-r--   1 travis travis    683 Jul 21 18:26 Repeat$_fireFunction_Repeat_Repeat$__f_sL_4.class
-rw-rw-r--   1 travis travis    539 Jul 21 18:26 Repeat$_fireFunction_Repeat_Repeat$__f_sL_9.class
-rw-rw-r--   1 travis travis    494 Jul 21 18:26 Repeat$_initialize_Repeat$__i_sL_2.class
-rw-rw-r--   1 travis travis   1281 Jul 21 18:26 Repeat.mk
-rw-rw-r--   1 travis travis    539 Jul 21 18:26 Repeat$_preinitializeMethod_Repeat$__p_sL_0.class
-rw-rw-r--   1 travis travis   1102 Jul 21 18:26 Repeat$_Repeat$_fireFunction_Repeat_AddSubtract_Repeat.class
-rw-rw-r--   1 travis travis    810 Jul 21 18:26 Repeat$_Repeat$_fireFunction_Repeat_AddSubtract_Repeat$__f_sL_0.class
-rw-rw-r--   1 travis travis    928 Jul 21 18:26 Repeat$_Repeat$_fireFunction_Repeat_AddSubtract_Repeat$__f_sL_1.class
-rw-rw-r--   1 travis travis    934 Jul 21 18:26 Repeat$_Repeat$_fireFunction_Repeat_AddSubtract_Repeat$__f_sL_2.class
-rw-rw-r--   1 travis travis    862 Jul 21 18:26 Repeat$_Repeat$_fireFunction_Repeat_AddSubtract_Repeat$__f_sL_3.class
-rw-rw-r--   1 travis travis    757 Jul 21 18:26 Repeat$_Repeat$_fireFunction_Repeat_Ramp2_Repeat$__f_sL_0.class
-rw-rw-r--   1 travis travis    888 Jul 21 18:26 Repeat$_Repeat$_fireFunction_Repeat_Test_Repeat$__f_sL_0.class
-rw-rw-r--   1 travis travis    634 Jul 21 18:26 Repeat$_Repeat$_fireFunction_Repeat_Test_Repeat$__f_sL_1.class
-rw-rw-r--   1 travis travis    704 Jul 21 18:26 Repeat$_Repeat_SDF_Director_run_Repeat$__R_sL_0.class
-rw-rw-r--   1 travis travis    705 Jul 21 18:26 Repeat$_Repeat_SDF_Director_run_Repeat$__R_sL_11.class
-rw-rw-r--   1 travis travis    561 Jul 21 18:26 Repeat$_Repeat_SDF_Director_run_Repeat$__R_sL_13.class
-rw-rw-r--   1 travis travis    559 Jul 21 18:26 Repeat$_Repeat_SDF_Director_run_Repeat$__R_sL_2.class
-rw-rw-r--   1 travis travis    703 Jul 21 18:26 Repeat$_Repeat_SDF_Director_run_Repeat$__R_sL_3.class
-rw-rw-r--   1 travis travis    559 Jul 21 18:26 Repeat$_Repeat_SDF_Director_run_Repeat$__R_sL_5.class
-rw-rw-r--   1 travis travis    559 Jul 21 18:26 Repeat$_Repeat_SDF_Director_run_Repeat$__R_sL_8.class
drwxrwxr-x   2 travis travis   4096 Jul 21 18:26 RepeatVariables
-rw-rw-r--   1 travis travis    882 Jul 21 18:26 Repeat$_varinit_Repeat.class
-rw-rw-r--   1 travis travis    550 Jul 21 18:26 Repeat$_varinit_Repeat$__v_sL_2.class
-rw-rw-r--   1 travis travis    924 Jul 21 18:26 Repeat$_varinit_Repeat$__v_sL_4.class
-rw-rw-r--   1 travis travis    978 Jul 21 18:26 Repeat$_wrapup_Repeat$__w_sL_1.class
drwxrwxr-x   3 travis travis  20480 Jul 21 18:22 Sinewave
drwxrwxr-x   3 travis travis  32768 Jul 21 18:23 StringFunction
drwxrwxr-x   3 travis travis  12288 Jul 21 18:24 StringLength
drwxrwxr-x   3 travis travis  61440 Jul 21 18:24 StringMatches2
drwxrwxr-x   3 travis travis  61440 Jul 21 18:24 StringSimpleReplace
drwxrwxr-x   3 travis travis  65536 Jul 21 18:24 StringSubstring
drwxrwxr-x   3 travis travis  24576 Jul 21 18:25 StringSubstring2
drwxrwxr-x   3 travis travis  16384 Jul 21 18:25 time1
drwxrwxr-x   3 travis travis  12288 Jul 21 18:26 time5
-rw-rw-r--   1 travis travis    432 Jul 21 18:28 Token.class
-rw-rw-r--   1 travis travis    251 Jul 21 18:28 Token.java
-rwxrwxr-x   1 travis travis 466992 Jul 21 18:18 top
-rw-rw-r--   1 travis travis  20502 Jul 21 18:18 top.c
-rw-rw-r--   1 travis travis   3799 Jul 21 18:26 top.class
-rw-rw-r--   1 travis travis   1257 Jul 21 18:26 top.mk
All Done
Writing ModularCodeGen4_A2_B2.java in file:/home/travis/cg/ (10378 characters)
Reading "ptolemy/cg/kernel/generic/program/procedural/java/modular/makefile.in",
    writing "/home/travis/cg/ModularCodeGen4_A2_B2.mk"
Using ptolemy/cg/kernel/generic/program/procedural/java/modular/makefile.in
In "/home/travis/cg", about to execute:
    make -f ModularCodeGen4_A2_B2.mk
javac -classpath ".:.."    ModularCodeGen4_A2_B2.java
All Done
In "/home/travis/cg", about to execute:
    pwd
In "/home/travis/cg", about to execute:
    ls -l
/home/travis/cg
In "/home/travis/cg", about to execute:
    javac -classpath
.:/home/travis/build/icyphy/ptII:/home/travis/build/icyphy/ptII/lib/bsh-2.0b4.j
ar:/home/travis/build/icyphy/ptII/lib/ptCal.jar:/home/travis/build/icyphy/ptII/
lib/java_cup.jar:/home/travis/build/icyphy/ptII/lib/saxon8.jar:/home/travis/bui
ld/icyphy/ptII/lib/saxon8-dom.jar:/home/travis/build/icyphy/ptII/lib/chic.jar:/
home/travis/build/icyphy/ptII/lib/ptcolt.jar:/home/travis/build/icyphy/ptII/ven
dors/misc/itext/iText.jar:/home/travis/build/icyphy/ptII/lib/g4ltl.jar:/home/tr
avis/build/icyphy/ptII/lib/StructuralCoder.jar:/home/travis/build/icyphy/ptII/l
ib/jcerti.jar:/home/travis/build/icyphy/ptII/lib/javax.mail.jar:/home/travis/bu
ild/icyphy/ptII/vendors/JMF-2.1.1e/lib/jmf.jar:/home/travis/build/icyphy/ptII/l
ib/jna-4.0.0-variadic.jar:/home/travis/build/icyphy/ptII/vendors/misc/joystick/
Joystick.jar:/home/travis/build/icyphy/ptII/lib/ptjacl.jar:/home/travis/build/i
cyphy/ptII/lib/jsoup-1.8.2.jar:/home/travis/build/icyphy/ptII/lib/junit-4.8.2.j
ar:/home/travis/build/icyphy/ptII/lib/JUnitParams-0.4.0.jar:/home/travis/build/
icyphy/ptII/ptolemy/actor/lib/excel/jxl.jar:/home/travis/build/icyphy/ptII/lib/
jython.jar:/home/travis/build/icyphy/ptII/lib/kieler.jar:/home/travis/build/icy
phy/ptII/vendors/opencv/share/OpenCV/java/opencv-341.jar:/home/travis/build/icy
phy/ptII/lib/oscP5.jar:/home/travis/build/icyphy/ptII/lib/nrjavaserial-3.11.0.d
evel.jar:/home/travis/build/icyphy/ptII/vendors/j3d/lib/Linux/j3dcore.jar:/home
/travis/build/icyphy/ptII/vendors/j3d/lib/Linux/j3dutils.jar:/home/travis/build
/icyphy/ptII/vendors/j3d/lib/Linux/vecmath.jar:/home/travis/build/icyphy/ptII/v
endors/jogl/lib/Linux/gluegen-rt-natives-linux-amd64.jar:/home/travis/build/icy
phy/ptII/vendors/jogl/lib/Linux/gluegen-rt.jar:/home/travis/build/icyphy/ptII/v
endors/jogl/lib/Linux/jogl-all-natives-linux-amd64.jar:/home/travis/build/icyph
y/ptII/vendors/jogl/lib/Linux/jogl-all.jar:/home/travis/build/icyphy/ptII/ptole
my/distributed/jini/jar/jini-core.jar:/home/travis/build/icyphy/ptII/ptolemy/di
stributed/jini/jar/jini-ext.jar:/home/travis/build/icyphy/ptII/ptolemy/distribu
ted/jini/jar/sun-util.jar:/home/travis/build/icyphy/ptII/lib/protobuf-java-2.4.
1.jar:/home/travis/build/icyphy/ptII/lib/org.eclipse.paho.client.mqttv3.jar:/ho
me/travis/build/icyphy/ptII/lib/mapss.jar:/home/travis/build/icyphy/ptII/ptolem
y/actor/ptalon/antlr/antlr.jar:/home/travis/build/icyphy/ptII/lib/JRI.jar:/home
/travis/build/icyphy/ptII/lib/commons-lang-2.6.jar:/home/travis/build/icyphy/pt
II/lib/commons-logging-1.1.1.jar:/home/travis/build/icyphy/ptII/lib/sootclasses
.jar:/home/travis/build/icyphy/ptII/ptolemy/actor/lib/database/mysql-connector-
java-5.1.6-bin.jar:/home/travis/build/icyphy/ptII/vendors/misc/sphinx4/sphinx4-
data-5prealpha.jar:/home/travis/build/icyphy/ptII/vendors/misc/sphinx4/sphinx4-
core-5prealpha.jar:/home/travis/build/icyphy/ptII/lib/PDFRenderer.jar:/home/tra
vis/build/icyphy/ptII/lib/svgSalamander.jar:/home/travis/build/icyphy/ptII/lib/
rsyntaxtextarea-2.6.0-SNAPSHOT.jar:/home/travis/build/icyphy/ptII/lib/hazelcast
-3.8.2.jar:/home/travis/build/icyphy/ptII/lib/jackson-annotations-2.9.0.jar:/ho
me/travis/build/icyphy/ptII/lib/jackson-core-2.9.3.jar:/home/travis/build/icyph
y/ptII/lib/jackson-databind-2.9.3.jar:/home/travis/build/icyphy/ptII/lib/netty-
buffer-4.1.19.Final.jar:/home/travis/build/icyphy/ptII/lib/netty-codec-4.1.19.F
inal.jar:/home/travis/build/icyphy/ptII/lib/netty-codec-dns-4.1.19.Final.jar:/h
ome/travis/build/icyphy/ptII/lib/netty-codec-http-4.1.19.Final.jar:/home/travis
/build/icyphy/ptII/lib/netty-codec-http2-4.1.19.Final.jar:/home/travis/build/ic
yphy/ptII/lib/netty-common-4.1.19.Final.jar:/home/travis/build/icyphy/ptII/lib/
netty-handler-4.1.19.Final.jar:/home/travis/build/icyphy/ptII/lib/netty-resolve
r-4.1.19.Final.jar:/home/travis/build/icyphy/ptII/lib/netty-resolver-dns-4.1.19
.Final.jar:/home/travis/build/icyphy/ptII/lib/netty-transport-4.1.19.Final.jar:
/home/travis/build/icyphy/ptII/lib/vertx-codegen-3.5.1.jar:/home/travis/build/i
cyphy/ptII/lib/vertx-core-3.5.2-SNAPSHOT.jar:/home/travis/build/icyphy/ptII/lib
/vertx-hazelcast-3.5.1.jar:/home/travis/build/icyphy/ptII/lib/vertx-lang-js-3.5
.1.jar:/home/travis/build/icyphy/ptII/lib/vertx-service-proxy-3.5.1.jar:/home/t
ravis/build/icyphy/ptII/lib/vertx-web-3.5.1.jar:/home/travis/build/icyphy/ptII/
lib/slf4j-api-1.7.13.jar:/home/travis/build/icyphy/ptII/lib/slf4j-simple-1.7.13
.jar:/home/travis/build/icyphy/ptII/lib/webcam-capture-0.3.12.jar:/home/travis/
build/icyphy/ptII/lib/bridj-0.7.0.jar:/home/travis/build/icyphy/ptII/lib/xbjlib
-1.1.0.nrjavaserial.jar:/home/travis/build/icyphy/ptII/ptolemy/moml/test:/home/
travis/build/icyphy/ptII/ant/lib/ant-launcher.jar:/home/travis/build/icyphy/ptI
I/ant/lib/ant.jar:/home/travis/build/icyphy/ptII/ant/lib/ant-junit.jar:/home/tr
avis/build/icyphy/ptII/ant/lib/ant-junit4.jar:/home/travis/build/icyphy/ptII
ModularCodeGen4_A2_profile.java
total 2072
drwxrwxr-x   3 travis travis  12288 Jul 21 18:20 AbsoluteValue
drwxrwxr-x   3 travis travis 102400 Jul 21 18:19 AllColt
drwxrwxr-x   3 travis travis  12288 Jul 21 18:19 Case1
-rw-rw-r--   1 travis travis   5128 Jul 21 18:26 CompiledCompositeActor_CompiledCompositeActor.class
-rw-rw-r--   1 travis travis   1611 Jul 21 18:26 CompiledCompositeActor_CompiledCompositeActor$_CompiledCompositeActor_CompiledCompositeActor.class
-rw-rw-r--   1 travis travis  13466 Jul 21 18:26 CompiledCompositeActor_CompiledCompositeActor.java
-rw-rw-r--   1 travis travis   1593 Jul 21 18:26 CompiledCompositeActor_CompiledCompositeActor.mk
drwxrwxr-x   5 travis travis   4096 Jul 21 18:18 fmi
drwxrwxr-x   3 travis travis  16384 Jul 21 18:20 Gaussian2
-rw-rw-r--   1 travis travis   4684 Jul 21 18:26 JavaCompiledCompositeTest1_CompiledCompositeActor.class
-rw-rw-r--   1 travis travis  11637 Jul 21 18:26 JavaCompiledCompositeTest1_CompiledCompositeActor.java
-rw-rw-r--   1 travis travis   1217 Jul 21 18:26 JavaCompiledCompositeTest1_CompiledCompositeActor$_JavaCompiledCompositeTest1_CompiledCompositeActor.class
-rw-rw-r--   1 travis travis   1625 Jul 21 18:26 JavaCompiledCompositeTest1_CompiledCompositeActor.mk
-rw-rw-r--   1 travis travis   5115 Jul 21 18:26 JavaCompiledCompositeTest2_CompiledCompositeActor.class
-rw-rw-r--   1 travis travis  14919 Jul 21 18:26 JavaCompiledCompositeTest2_CompiledCompositeActor.java
-rw-rw-r--   1 travis travis   1812 Jul 21 18:26 JavaCompiledCompositeTest2_CompiledCompositeActor$_JavaCompiledCompositeTest2_CompiledCompositeActor.class
-rw-rw-r--   1 travis travis   1625 Jul 21 18:26 JavaCompiledCompositeTest2_CompiledCompositeActor.mk
-rw-rw-r--   1 travis travis   4732 Jul 21 18:26 JavaCompiledCompositeTest3_CompiledCompositeActor.class
-rw-rw-r--   1 travis travis  13080 Jul 21 18:26 JavaCompiledCompositeTest3_CompiledCompositeActor.java
-rw-rw-r--   1 travis travis   1397 Jul 21 18:26 JavaCompiledCompositeTest3_CompiledCompositeActor$_JavaCompiledCompositeTest3_CompiledCompositeActor.class
-rw-rw-r--   1 travis travis   1625 Jul 21 18:26 JavaCompiledCompositeTest3_CompiledCompositeActor.mk
-rw-rw-r--   1 travis travis   4183 Jul 21 18:26 JavaCompiledCompositeTest4_CompiledCompositeActor.class
-rw-rw-r--   1 travis travis   9687 Jul 21 18:26 JavaCompiledCompositeTest4_CompiledCompositeActor.java
-rw-rw-r--   1 travis travis    876 Jul 21 18:26 JavaCompiledCompositeTest4_CompiledCompositeActor$_JavaCompiledCompositeTest4_CompiledCompositeActor.class
-rw-rw-r--   1 travis travis   1625 Jul 21 18:26 JavaCompiledCompositeTest4_CompiledCompositeActor.mk
drwxrwxr-x   3 travis travis  12288 Jul 21 18:21 LookupTable
drwxrwxr-x   3 travis travis  20480 Jul 21 18:21 MaxIndex
-rw-rw-r--   1 travis travis   3925 Jul 21 18:26 ModularCG_A1_B1.class
-rw-rw-r--   1 travis travis   9730 Jul 21 18:26 ModularCG_A1_B1.java
-rw-rw-r--   1 travis travis    832 Jul 21 18:26 ModularCG_A1_B1.mk
-rw-rw-r--   1 travis travis   1318 Jul 21 18:26 ModularCG_A1_B1_profile.class
-rw-rw-r--   1 travis travis   1262 Jul 21 18:26 ModularCG_A1_B1_profile.java
-rw-rw-r--   1 travis travis   3925 Jul 21 18:27 ModularCG_A1_B2.class
-rw-rw-r--   1 travis travis   9730 Jul 21 18:27 ModularCG_A1_B2.java
-rw-rw-r--   1 travis travis    832 Jul 21 18:27 ModularCG_A1_B2.mk
-rw-rw-r--   1 travis travis   1318 Jul 21 18:27 ModularCG_A1_B2_profile.class
-rw-rw-r--   1 travis travis   1262 Jul 21 18:26 ModularCG_A1_B2_profile.java
-rw-rw-r--   1 travis travis   5031 Jul 21 18:27 ModularCG_A1.class
-rw-rw-r--   1 travis travis  14742 Jul 21 18:27 ModularCG_A1.java
-rw-rw-r--   1 travis travis    808 Jul 21 18:27 ModularCG_A1.mk
-rw-rw-r--   1 travis travis   1433 Jul 21 18:27 ModularCG_A1_profile.class
-rw-rw-r--   1 travis travis   1704 Jul 21 18:27 ModularCG_A1_profile.java
-rw-rw-r--   1 travis travis   4059 Jul 21 18:27 ModularCG_A2_B1.class
-rw-rw-r--   1 travis travis  10667 Jul 21 18:27 ModularCG_A2_B1.java
-rw-rw-r--   1 travis travis    832 Jul 21 18:27 ModularCG_A2_B1.mk
-rw-rw-r--   1 travis travis   1381 Jul 21 18:27 ModularCG_A2_B1_profile.class
-rw-rw-r--   1 travis travis   1446 Jul 21 18:27 ModularCG_A2_B1_profile.java
-rw-rw-r--   1 travis travis   3925 Jul 21 18:27 ModularCG_A2_B2.class
-rw-rw-r--   1 travis travis   9730 Jul 21 18:27 ModularCG_A2_B2.java
-rw-rw-r--   1 travis travis    832 Jul 21 18:27 ModularCG_A2_B2.mk
-rw-rw-r--   1 travis travis   1318 Jul 21 18:27 ModularCG_A2_B2_profile.class
-rw-rw-r--   1 travis travis   1262 Jul 21 18:27 ModularCG_A2_B2_profile.java
-rw-rw-r--   1 travis travis   5102 Jul 21 18:27 ModularCG_A2.class
-rw-rw-r--   1 travis travis  15129 Jul 21 18:27 ModularCG_A2.java
-rw-rw-r--   1 travis travis    808 Jul 21 18:27 ModularCG_A2.mk
-rw-rw-r--   1 travis travis   1433 Jul 21 18:27 ModularCG_A2_profile.class
-rw-rw-r--   1 travis travis   1704 Jul 21 18:27 ModularCG_A2_profile.java
-rw-rw-r--   1 travis travis   3705 Jul 21 18:27 ModularCGPubSub_A1_A2.class
-rw-rw-r--   1 travis travis   9076 Jul 21 18:27 ModularCGPubSub_A1_A2.java
-rw-rw-r--   1 travis travis    880 Jul 21 18:27 ModularCGPubSub_A1_A2.mk
-rw-rw-r--   1 travis travis   1300 Jul 21 18:27 ModularCGPubSub_A1_A2_profile.class
-rw-rw-r--   1 travis travis   1222 Jul 21 18:27 ModularCGPubSub_A1_A2_profile.java
-rw-rw-r--   1 travis travis   4022 Jul 21 18:27 ModularCGPubSub_A1.class
-rw-rw-r--   1 travis travis   9836 Jul 21 18:27 ModularCGPubSub_A1.java
-rw-rw-r--   1 travis travis    856 Jul 21 18:27 ModularCGPubSub_A1.mk
-rw-rw-r--   1 travis travis   1346 Jul 21 18:27 ModularCGPubSub_A1_profile.class
-rw-rw-r--   1 travis travis   1388 Jul 21 18:27 ModularCGPubSub_A1_profile.java
-rw-rw-r--   1 travis travis   4220 Jul 21 18:27 ModularCodeGen2_ModularCodeGenTypedCompositeActor.class
-rw-rw-r--   1 travis travis  11690 Jul 21 18:27 ModularCodeGen2_ModularCodeGenTypedCompositeActor.java
-rw-rw-r--   1 travis travis   1104 Jul 21 18:27 ModularCodeGen2_ModularCodeGenTypedCompositeActor.mk
-rw-rw-r--   1 travis travis   4504 Jul 21 18:27 ModularCodeGen2_ModularCodeGenTypedCompositeActor_ModularCodeGenTypedCompositeActor.class
-rw-rw-r--   1 travis travis  11790 Jul 21 18:27 ModularCodeGen2_ModularCodeGenTypedCompositeActor_ModularCodeGenTypedCompositeActor.java
-rw-rw-r--   1 travis travis   1376 Jul 21 18:27 ModularCodeGen2_ModularCodeGenTypedCompositeActor_ModularCodeGenTypedCompositeActor.mk
-rw-rw-r--   1 travis travis   1421 Jul 21 18:27 ModularCodeGen2_ModularCodeGenTypedCompositeActor_ModularCodeGenTypedCompositeActor_profile.class
-rw-rw-r--   1 travis travis   1294 Jul 21 18:27 ModularCodeGen2_ModularCodeGenTypedCompositeActor_ModularCodeGenTypedCompositeActor_profile.java
-rw-rw-r--   1 travis travis    820 Jul 21 18:27 ModularCodeGen2_ModularCodeGenTypedCompositeActor_profile.class
-rw-rw-r--   1 travis travis    693 Jul 21 18:27 ModularCodeGen2_ModularCodeGenTypedCompositeActor_profile.java
-rw-rw-r--   1 travis travis   3973 Jul 21 18:27 ModularCodeGen3_A1_B1.class
-rw-rw-r--   1 travis travis   9958 Jul 21 18:27 ModularCodeGen3_A1_B1.java
-rw-rw-r--   1 travis travis    880 Jul 21 18:27 ModularCodeGen3_A1_B1.mk
-rw-rw-r--   1 travis travis   1330 Jul 21 18:27 ModularCodeGen3_A1_B1_profile.class
-rw-rw-r--   1 travis travis   1274 Jul 21 18:27 ModularCodeGen3_A1_B1_profile.java
-rw-rw-r--   1 travis travis   3973 Jul 21 18:27 ModularCodeGen3_A1_B2.class
-rw-rw-r--   1 travis travis   9958 Jul 21 18:27 ModularCodeGen3_A1_B2.java
-rw-rw-r--   1 travis travis    880 Jul 21 18:27 ModularCodeGen3_A1_B2.mk
-rw-rw-r--   1 travis travis   1330 Jul 21 18:27 ModularCodeGen3_A1_B2_profile.class
-rw-rw-r--   1 travis travis   1274 Jul 21 18:27 ModularCodeGen3_A1_B2_profile.java
-rw-rw-r--   1 travis travis   5193 Jul 21 18:27 ModularCodeGen3_A1.class
-rw-rw-r--   1 travis travis  15564 Jul 21 18:27 ModularCodeGen3_A1.java
-rw-rw-r--   1 travis travis    856 Jul 21 18:27 ModularCodeGen3_A1.mk
-rw-rw-r--   1 travis travis   1445 Jul 21 18:27 ModularCodeGen3_A1_profile.class
-rw-rw-r--   1 travis travis   1716 Jul 21 18:27 ModularCodeGen3_A1_profile.java
-rw-rw-r--   1 travis travis   4119 Jul 21 18:27 ModularCodeGen3_A2_B1.class
-rw-rw-r--   1 travis travis  10955 Jul 21 18:27 ModularCodeGen3_A2_B1.java
-rw-rw-r--   1 travis travis    880 Jul 21 18:27 ModularCodeGen3_A2_B1.mk
-rw-rw-r--   1 travis travis   1393 Jul 21 18:27 ModularCodeGen3_A2_B1_profile.class
-rw-rw-r--   1 travis travis   1458 Jul 21 18:27 ModularCodeGen3_A2_B1_profile.java
-rw-rw-r--   1 travis travis   3973 Jul 21 18:27 ModularCodeGen3_A2_B2.class
-rw-rw-r--   1 travis travis   9958 Jul 21 18:27 ModularCodeGen3_A2_B2.java
-rw-rw-r--   1 travis travis    880 Jul 21 18:27 ModularCodeGen3_A2_B2.mk
-rw-rw-r--   1 travis travis   1330 Jul 21 18:27 ModularCodeGen3_A2_B2_profile.class
-rw-rw-r--   1 travis travis   1274 Jul 21 18:27 ModularCodeGen3_A2_B2_profile.java
-rw-rw-r--   1 travis travis   5270 Jul 21 18:27 ModularCodeGen3_A2.class
-rw-rw-r--   1 travis travis  15957 Jul 21 18:27 ModularCodeGen3_A2.java
-rw-rw-r--   1 travis travis    856 Jul 21 18:27 ModularCodeGen3_A2.mk
-rw-rw-r--   1 travis travis   1445 Jul 21 18:27 ModularCodeGen3_A2_profile.class
-rw-rw-r--   1 travis travis   1716 Jul 21 18:27 ModularCodeGen3_A2_profile.java
-rw-rw-r--   1 travis travis   4026 Jul 21 18:27 ModularCodeGen4_A1_B1.class
-rw-rw-r--   1 travis travis  10312 Jul 21 18:27 ModularCodeGen4_A1_B1.java
-rw-rw-r--   1 travis travis    880 Jul 21 18:27 ModularCodeGen4_A1_B1.mk
-rw-rw-r--   1 travis travis   1330 Jul 21 18:27 ModularCodeGen4_A1_B1_profile.class
-rw-rw-r--   1 travis travis   1273 Jul 21 18:27 ModularCodeGen4_A1_B1_profile.java
-rw-rw-r--   1 travis travis   4026 Jul 21 18:28 ModularCodeGen4_A1_B2.class
-rw-rw-r--   1 travis travis  10312 Jul 21 18:28 ModularCodeGen4_A1_B2.java
-rw-rw-r--   1 travis travis    880 Jul 21 18:28 ModularCodeGen4_A1_B2.mk
-rw-rw-r--   1 travis travis   1330 Jul 21 18:28 ModularCodeGen4_A1_B2_profile.class
-rw-rw-r--   1 travis travis   1273 Jul 21 18:27 ModularCodeGen4_A1_B2_profile.java
-rw-rw-r--   1 travis travis   5333 Jul 21 18:28 ModularCodeGen4_A1.class
-rw-rw-r--   1 travis travis  16245 Jul 21 18:28 ModularCodeGen4_A1.java
-rw-rw-r--   1 travis travis    856 Jul 21 18:28 ModularCodeGen4_A1.mk
-rw-rw-r--   1 travis travis   1445 Jul 21 18:28 ModularCodeGen4_A1_profile.class
-rw-rw-r--   1 travis travis   1712 Jul 21 18:28 ModularCodeGen4_A1_profile.java
-rw-rw-r--   1 travis travis   4220 Jul 21 18:28 ModularCodeGen4_A2_B1.class
-rw-rw-r--   1 travis travis  11375 Jul 21 18:28 ModularCodeGen4_A2_B1.java
-rw-rw-r--   1 travis travis    880 Jul 21 18:28 ModularCodeGen4_A2_B1.mk
-rw-rw-r--   1 travis travis   1393 Jul 21 18:28 ModularCodeGen4_A2_B1_profile.class
-rw-rw-r--   1 travis travis   1454 Jul 21 18:28 ModularCodeGen4_A2_B1_profile.java
-rw-rw-r--   1 travis travis   4074 Jul 21 18:28 ModularCodeGen4_A2_B2.class
-rw-rw-r--   1 travis travis  10378 Jul 21 18:28 ModularCodeGen4_A2_B2.java
-rw-rw-r--   1 travis travis    880 Jul 21 18:28 ModularCodeGen4_A2_B2.mk
-rw-rw-r--   1 travis travis   1330 Jul 21 18:28 ModularCodeGen4_A2_B2_profile.class
-rw-rw-r--   1 travis travis   1270 Jul 21 18:28 ModularCodeGen4_A2_B2_profile.java
-rw-rw-r--   1 travis travis   1712 Jul 21 18:28 ModularCodeGen4_A2_profile.java
-rw-rw-r--   1 travis travis   4186 Jul 21 18:27 ModularCodeGen_ModularCodeGenTypedCompositeActor.class
-rw-rw-r--   1 travis travis  10970 Jul 21 18:27 ModularCodeGen_ModularCodeGenTypedCompositeActor.java
-rw-rw-r--   1 travis travis   1096 Jul 21 18:27 ModularCodeGen_ModularCodeGenTypedCompositeActor.mk
-rw-rw-r--   1 travis travis   1384 Jul 21 18:27 ModularCodeGen_ModularCodeGenTypedCompositeActor_profile.class
-rw-rw-r--   1 travis travis   1328 Jul 21 18:27 ModularCodeGen_ModularCodeGenTypedCompositeActor_profile.java
-rw-rw-r--   1 travis travis   3724 Jul 21 18:26 ModularCodeGenTest_A1_A2.class
-rw-rw-r--   1 travis travis   9164 Jul 21 18:26 ModularCodeGenTest_A1_A2.java
-rw-rw-r--   1 travis travis   1306 Jul 21 18:26 ModularCodeGenTest_A1_A2_profile.class
-rw-rw-r--   1 travis travis   4055 Jul 21 18:26 ModularCodeGenTest_A1.class
-rw-rw-r--   1 travis travis   9968 Jul 21 18:26 ModularCodeGenTest_A1.java
-rw-rw-r--   1 travis travis    880 Jul 21 18:26 ModularCodeGenTest_A1.mk
-rw-rw-r--   1 travis travis   1352 Jul 21 18:26 ModularCodeGenTest_A1_profile.class
-rw-rw-r--   1 travis travis   1394 Jul 21 18:26 ModularCodeGenTest_A1_profile.java
drwxrwxr-x   3 travis travis  32768 Jul 21 18:26 modulation2
drwxrwxr-x 139 travis travis  12288 Jul 21 18:26 node_modules
drwxrwxr-x   3 travis travis  20480 Jul 21 18:21 PhaseUnwrap
drwxrwxr-x   3 travis travis  12288 Jul 21 18:22 ReadFile1
-rw-rw-r--   1 travis travis     11 Jul 21 18:21 ReadFile1Output.txt
-rw-rw-r--   1 travis travis  13773 Jul 21 18:26 Repeat.class
-rw-rw-r--   1 travis travis    685 Jul 21 18:26 Repeat$_fireFunction_Repeat_Repeat$__f_sL_11.class
-rw-rw-r--   1 travis travis    541 Jul 21 18:26 Repeat$_fireFunction_Repeat_Repeat$__f_sL_12.class
-rw-rw-r--   1 travis travis    541 Jul 21 18:26 Repeat$_fireFunction_Repeat_Repeat$__f_sL_13.class
-rw-rw-r--   1 travis travis    541 Jul 21 18:26 Repeat$_fireFunction_Repeat_Repeat$__f_sL_14.class
-rw-rw-r--   1 travis travis    684 Jul 21 18:26 Repeat$_fireFunction_Repeat_Repeat$__f_sL_1.class
-rw-rw-r--   1 travis travis    683 Jul 21 18:26 Repeat$_fireFunction_Repeat_Repeat$__f_sL_4.class
-rw-rw-r--   1 travis travis    539 Jul 21 18:26 Repeat$_fireFunction_Repeat_Repeat$__f_sL_9.class
-rw-rw-r--   1 travis travis    494 Jul 21 18:26 Repeat$_initialize_Repeat$__i_sL_2.class
-rw-rw-r--   1 travis travis   1281 Jul 21 18:26 Repeat.mk
-rw-rw-r--   1 travis travis    539 Jul 21 18:26 Repeat$_preinitializeMethod_Repeat$__p_sL_0.class
-rw-rw-r--   1 travis travis   1102 Jul 21 18:26 Repeat$_Repeat$_fireFunction_Repeat_AddSubtract_Repeat.class
-rw-rw-r--   1 travis travis    810 Jul 21 18:26 Repeat$_Repeat$_fireFunction_Repeat_AddSubtract_Repeat$__f_sL_0.class
-rw-rw-r--   1 travis travis    928 Jul 21 18:26 Repeat$_Repeat$_fireFunction_Repeat_AddSubtract_Repeat$__f_sL_1.class
-rw-rw-r--   1 travis travis    934 Jul 21 18:26 Repeat$_Repeat$_fireFunction_Repeat_AddSubtract_Repeat$__f_sL_2.class
-rw-rw-r--   1 travis travis    862 Jul 21 18:26 Repeat$_Repeat$_fireFunction_Repeat_AddSubtract_Repeat$__f_sL_3.class
-rw-rw-r--   1 travis travis    757 Jul 21 18:26 Repeat$_Repeat$_fireFunction_Repeat_Ramp2_Repeat$__f_sL_0.class
-rw-rw-r--   1 travis travis    888 Jul 21 18:26 Repeat$_Repeat$_fireFunction_Repeat_Test_Repeat$__f_sL_0.class
-rw-rw-r--   1 travis travis    634 Jul 21 18:26 Repeat$_Repeat$_fireFunction_Repeat_Test_Repeat$__f_sL_1.class
-rw-rw-r--   1 travis travis    704 Jul 21 18:26 Repeat$_Repeat_SDF_Director_run_Repeat$__R_sL_0.class
-rw-rw-r--   1 travis travis    705 Jul 21 18:26 Repeat$_Repeat_SDF_Director_run_Repeat$__R_sL_11.class
-rw-rw-r--   1 travis travis    561 Jul 21 18:26 Repeat$_Repeat_SDF_Director_run_Repeat$__R_sL_13.class
-rw-rw-r--   1 travis travis    559 Jul 21 18:26 Repeat$_Repeat_SDF_Director_run_Repeat$__R_sL_2.class
-rw-rw-r--   1 travis travis    703 Jul 21 18:26 Repeat$_Repeat_SDF_Director_run_Repeat$__R_sL_3.class
-rw-rw-r--   1 travis travis    559 Jul 21 18:26 Repeat$_Repeat_SDF_Director_run_Repeat$__R_sL_5.class
-rw-rw-r--   1 travis travis    559 Jul 21 18:26 Repeat$_Repeat_SDF_Director_run_Repeat$__R_sL_8.class
drwxrwxr-x   2 travis travis   4096 Jul 21 18:26 RepeatVariables
-rw-rw-r--   1 travis travis    882 Jul 21 18:26 Repeat$_varinit_Repeat.class
-rw-rw-r--   1 travis travis    550 Jul 21 18:26 Repeat$_varinit_Repeat$__v_sL_2.class
-rw-rw-r--   1 travis travis    924 Jul 21 18:26 Repeat$_varinit_Repeat$__v_sL_4.class
-rw-rw-r--   1 travis travis    978 Jul 21 18:26 Repeat$_wrapup_Repeat$__w_sL_1.class
drwxrwxr-x   3 travis travis  20480 Jul 21 18:22 Sinewave
drwxrwxr-x   3 travis travis  32768 Jul 21 18:23 StringFunction
drwxrwxr-x   3 travis travis  12288 Jul 21 18:24 StringLength
drwxrwxr-x   3 travis travis  61440 Jul 21 18:24 StringMatches2
drwxrwxr-x   3 travis travis  61440 Jul 21 18:24 StringSimpleReplace
drwxrwxr-x   3 travis travis  65536 Jul 21 18:24 StringSubstring
drwxrwxr-x   3 travis travis  24576 Jul 21 18:25 StringSubstring2
drwxrwxr-x   3 travis travis  16384 Jul 21 18:25 time1
drwxrwxr-x   3 travis travis  12288 Jul 21 18:26 time5
-rw-rw-r--   1 travis travis    432 Jul 21 18:28 Token.class
-rw-rw-r--   1 travis travis    251 Jul 21 18:28 Token.java
-rwxrwxr-x   1 travis travis 466992 Jul 21 18:18 top
-rw-rw-r--   1 travis travis  20502 Jul 21 18:18 top.c
-rw-rw-r--   1 travis travis   3799 Jul 21 18:26 top.class
-rw-rw-r--   1 travis travis   1257 Jul 21 18:26 top.mk
All Done
Writing ModularCodeGen4_A2.java in file:/home/travis/cg/ (16770 characters)
Reading "ptolemy/cg/kernel/generic/program/procedural/java/modular/makefile.in",
    writing "/home/travis/cg/ModularCodeGen4_A2.mk"
Using ptolemy/cg/kernel/generic/program/procedural/java/modular/makefile.in
In "/home/travis/cg", about to execute:
    make -f ModularCodeGen4_A2.mk
javac -classpath ".:.."    ModularCodeGen4_A2.java
All Done
Manager.initialize() finished: 20729 ms. Memory: 145408K Free: 93542K (64%)
20734 ms. Memory: 145408K Free: 93028K (64%)
----------------- Invoking toplevel() on ptolemy.moml.MoMLSimpleApplication@1311d418
----------------- Done invoking toplevel() on ptolemy.moml.MoMLSimpleApplication@1311d418
reloadAllAccessors: .ModularCodeGen4

===========================================================================================
----------------- testing Sun Jul 21 18:28:16 UTC 2019 /home/travis/build/icyphy/ptII/ptolemy/cg/lib/test/auto/ModularCodeGen5.xml
----------------- Instantiating /home/travis/build/icyphy/ptII/ptolemy/cg/lib/test/auto/ModularCodeGen5.xml
In "/home/travis/cg", about to execute:
    pwd
In "/home/travis/cg", about to execute:
    ls -l
/home/travis/cg
In "/home/travis/cg", about to execute:
    javac -classpath
.:/home/travis/build/icyphy/ptII:/home/travis/build/icyphy/ptII/lib/bsh-2.0b4.j
ar:/home/travis/build/icyphy/ptII/lib/ptCal.jar:/home/travis/build/icyphy/ptII/
lib/java_cup.jar:/home/travis/build/icyphy/ptII/lib/saxon8.jar:/home/travis/bui
ld/icyphy/ptII/lib/saxon8-dom.jar:/home/travis/build/icyphy/ptII/lib/chic.jar:/
home/travis/build/icyphy/ptII/lib/ptcolt.jar:/home/travis/build/icyphy/ptII/ven
dors/misc/itext/iText.jar:/home/travis/build/icyphy/ptII/lib/g4ltl.jar:/home/tr
avis/build/icyphy/ptII/lib/StructuralCoder.jar:/home/travis/build/icyphy/ptII/l
ib/jcerti.jar:/home/travis/build/icyphy/ptII/lib/javax.mail.jar:/home/travis/bu
ild/icyphy/ptII/vendors/JMF-2.1.1e/lib/jmf.jar:/home/travis/build/icyphy/ptII/l
ib/jna-4.0.0-variadic.jar:/home/travis/build/icyphy/ptII/vendors/misc/joystick/
Joystick.jar:/home/travis/build/icyphy/ptII/lib/ptjacl.jar:/home/travis/build/i
cyphy/ptII/lib/jsoup-1.8.2.jar:/home/travis/build/icyphy/ptII/lib/junit-4.8.2.j
ar:/home/travis/build/icyphy/ptII/lib/JUnitParams-0.4.0.jar:/home/travis/build/
icyphy/ptII/ptolemy/actor/lib/excel/jxl.jar:/home/travis/build/icyphy/ptII/lib/
jython.jar:/home/travis/build/icyphy/ptII/lib/kieler.jar:/home/travis/build/icy
phy/ptII/vendors/opencv/share/OpenCV/java/opencv-341.jar:/home/travis/build/icy
phy/ptII/lib/oscP5.jar:/home/travis/build/icyphy/ptII/lib/nrjavaserial-3.11.0.d
evel.jar:/home/travis/build/icyphy/ptII/vendors/j3d/lib/Linux/j3dcore.jar:/home
/travis/build/icyphy/ptII/vendors/j3d/lib/Linux/j3dutils.jar:/home/travis/build
/icyphy/ptII/vendors/j3d/lib/Linux/vecmath.jar:/home/travis/build/icyphy/ptII/v
endors/jogl/lib/Linux/gluegen-rt-natives-linux-amd64.jar:/home/travis/build/icy
phy/ptII/vendors/jogl/lib/Linux/gluegen-rt.jar:/home/travis/build/icyphy/ptII/v
endors/jogl/lib/Linux/jogl-all-natives-linux-amd64.jar:/home/travis/build/icyph
y/ptII/vendors/jogl/lib/Linux/jogl-all.jar:/home/travis/build/icyphy/ptII/ptole
my/distributed/jini/jar/jini-core.jar:/home/travis/build/icyphy/ptII/ptolemy/di
stributed/jini/jar/jini-ext.jar:/home/travis/build/icyphy/ptII/ptolemy/distribu
ted/jini/jar/sun-util.jar:/home/travis/build/icyphy/ptII/lib/protobuf-java-2.4.
1.jar:/home/travis/build/icyphy/ptII/lib/org.eclipse.paho.client.mqttv3.jar:/ho
me/travis/build/icyphy/ptII/lib/mapss.jar:/home/travis/build/icyphy/ptII/ptolem
y/actor/ptalon/antlr/antlr.jar:/home/travis/build/icyphy/ptII/lib/JRI.jar:/home
/travis/build/icyphy/ptII/lib/commons-lang-2.6.jar:/home/travis/build/icyphy/pt
II/lib/commons-logging-1.1.1.jar:/home/travis/build/icyphy/ptII/lib/sootclasses
.jar:/home/travis/build/icyphy/ptII/ptolemy/actor/lib/database/mysql-connector-
java-5.1.6-bin.jar:/home/travis/build/icyphy/ptII/vendors/misc/sphinx4/sphinx4-
data-5prealpha.jar:/home/travis/build/icyphy/ptII/vendors/misc/sphinx4/sphinx4-
core-5prealpha.jar:/home/travis/build/icyphy/ptII/lib/PDFRenderer.jar:/home/tra
vis/build/icyphy/ptII/lib/svgSalamander.jar:/home/travis/build/icyphy/ptII/lib/
rsyntaxtextarea-2.6.0-SNAPSHOT.jar:/home/travis/build/icyphy/ptII/lib/hazelcast
-3.8.2.jar:/home/travis/build/icyphy/ptII/lib/jackson-annotations-2.9.0.jar:/ho
me/travis/build/icyphy/ptII/lib/jackson-core-2.9.3.jar:/home/travis/build/icyph
y/ptII/lib/jackson-databind-2.9.3.jar:/home/travis/build/icyphy/ptII/lib/netty-
buffer-4.1.19.Final.jar:/home/travis/build/icyphy/ptII/lib/netty-codec-4.1.19.F
inal.jar:/home/travis/build/icyphy/ptII/lib/netty-codec-dns-4.1.19.Final.jar:/h
ome/travis/build/icyphy/ptII/lib/netty-codec-http-4.1.19.Final.jar:/home/travis
/build/icyphy/ptII/lib/netty-codec-http2-4.1.19.Final.jar:/home/travis/build/ic
yphy/ptII/lib/netty-common-4.1.19.Final.jar:/home/travis/build/icyphy/ptII/lib/
netty-handler-4.1.19.Final.jar:/home/travis/build/icyphy/ptII/lib/netty-resolve
r-4.1.19.Final.jar:/home/travis/build/icyphy/ptII/lib/netty-resolver-dns-4.1.19
.Final.jar:/home/travis/build/icyphy/ptII/lib/netty-transport-4.1.19.Final.jar:
/home/travis/build/icyphy/ptII/lib/vertx-codegen-3.5.1.jar:/home/travis/build/i
cyphy/ptII/lib/vertx-core-3.5.2-SNAPSHOT.jar:/home/travis/build/icyphy/ptII/lib
/vertx-hazelcast-3.5.1.jar:/home/travis/build/icyphy/ptII/lib/vertx-lang-js-3.5
.1.jar:/home/travis/build/icyphy/ptII/lib/vertx-service-proxy-3.5.1.jar:/home/t
ravis/build/icyphy/ptII/lib/vertx-web-3.5.1.jar:/home/travis/build/icyphy/ptII/
lib/slf4j-api-1.7.13.jar:/home/travis/build/icyphy/ptII/lib/slf4j-simple-1.7.13
.jar:/home/travis/build/icyphy/ptII/lib/webcam-capture-0.3.12.jar:/home/travis/
build/icyphy/ptII/lib/bridj-0.7.0.jar:/home/travis/build/icyphy/ptII/lib/xbjlib
-1.1.0.nrjavaserial.jar:/home/travis/build/icyphy/ptII/ptolemy/moml/test:/home/
travis/build/icyphy/ptII/ant/lib/ant-launcher.jar:/home/travis/build/icyphy/ptI
I/ant/lib/ant.jar:/home/travis/build/icyphy/ptII/ant/lib/ant-junit.jar:/home/tr
avis/build/icyphy/ptII/ant/lib/ant-junit4.jar:/home/travis/build/icyphy/ptII
ModularCodeGen5_A_A_profile.java
total 2112
drwxrwxr-x   3 travis travis  12288 Jul 21 18:20 AbsoluteValue
drwxrwxr-x   3 travis travis 102400 Jul 21 18:19 AllColt
drwxrwxr-x   3 travis travis  12288 Jul 21 18:19 Case1
-rw-rw-r--   1 travis travis   5128 Jul 21 18:26 CompiledCompositeActor_CompiledCompositeActor.class
-rw-rw-r--   1 travis travis   1611 Jul 21 18:26 CompiledCompositeActor_CompiledCompositeActor$_CompiledCompositeActor_CompiledCompositeActor.class
-rw-rw-r--   1 travis travis  13466 Jul 21 18:26 CompiledCompositeActor_CompiledCompositeActor.java
-rw-rw-r--   1 travis travis   1593 Jul 21 18:26 CompiledCompositeActor_CompiledCompositeActor.mk
drwxrwxr-x   5 travis travis   4096 Jul 21 18:18 fmi
drwxrwxr-x   3 travis travis  16384 Jul 21 18:20 Gaussian2
-rw-rw-r--   1 travis travis   4684 Jul 21 18:26 JavaCompiledCompositeTest1_CompiledCompositeActor.class
-rw-rw-r--   1 travis travis  11637 Jul 21 18:26 JavaCompiledCompositeTest1_CompiledCompositeActor.java
-rw-rw-r--   1 travis travis   1217 Jul 21 18:26 JavaCompiledCompositeTest1_CompiledCompositeActor$_JavaCompiledCompositeTest1_CompiledCompositeActor.class
-rw-rw-r--   1 travis travis   1625 Jul 21 18:26 JavaCompiledCompositeTest1_CompiledCompositeActor.mk
-rw-rw-r--   1 travis travis   5115 Jul 21 18:26 JavaCompiledCompositeTest2_CompiledCompositeActor.class
-rw-rw-r--   1 travis travis  14919 Jul 21 18:26 JavaCompiledCompositeTest2_CompiledCompositeActor.java
-rw-rw-r--   1 travis travis   1812 Jul 21 18:26 JavaCompiledCompositeTest2_CompiledCompositeActor$_JavaCompiledCompositeTest2_CompiledCompositeActor.class
-rw-rw-r--   1 travis travis   1625 Jul 21 18:26 JavaCompiledCompositeTest2_CompiledCompositeActor.mk
-rw-rw-r--   1 travis travis   4732 Jul 21 18:26 JavaCompiledCompositeTest3_CompiledCompositeActor.class
-rw-rw-r--   1 travis travis  13080 Jul 21 18:26 JavaCompiledCompositeTest3_CompiledCompositeActor.java
-rw-rw-r--   1 travis travis   1397 Jul 21 18:26 JavaCompiledCompositeTest3_CompiledCompositeActor$_JavaCompiledCompositeTest3_CompiledCompositeActor.class
-rw-rw-r--   1 travis travis   1625 Jul 21 18:26 JavaCompiledCompositeTest3_CompiledCompositeActor.mk
-rw-rw-r--   1 travis travis   4183 Jul 21 18:26 JavaCompiledCompositeTest4_CompiledCompositeActor.class
-rw-rw-r--   1 travis travis   9687 Jul 21 18:26 JavaCompiledCompositeTest4_CompiledCompositeActor.java
-rw-rw-r--   1 travis travis    876 Jul 21 18:26 JavaCompiledCompositeTest4_CompiledCompositeActor$_JavaCompiledCompositeTest4_CompiledCompositeActor.class
-rw-rw-r--   1 travis travis   1625 Jul 21 18:26 JavaCompiledCompositeTest4_CompiledCompositeActor.mk
drwxrwxr-x   3 travis travis  12288 Jul 21 18:21 LookupTable
drwxrwxr-x   3 travis travis  20480 Jul 21 18:21 MaxIndex
-rw-rw-r--   1 travis travis   3925 Jul 21 18:26 ModularCG_A1_B1.class
-rw-rw-r--   1 travis travis   9730 Jul 21 18:26 ModularCG_A1_B1.java
-rw-rw-r--   1 travis travis    832 Jul 21 18:26 ModularCG_A1_B1.mk
-rw-rw-r--   1 travis travis   1318 Jul 21 18:26 ModularCG_A1_B1_profile.class
-rw-rw-r--   1 travis travis   1262 Jul 21 18:26 ModularCG_A1_B1_profile.java
-rw-rw-r--   1 travis travis   3925 Jul 21 18:27 ModularCG_A1_B2.class
-rw-rw-r--   1 travis travis   9730 Jul 21 18:27 ModularCG_A1_B2.java
-rw-rw-r--   1 travis travis    832 Jul 21 18:27 ModularCG_A1_B2.mk
-rw-rw-r--   1 travis travis   1318 Jul 21 18:27 ModularCG_A1_B2_profile.class
-rw-rw-r--   1 travis travis   1262 Jul 21 18:26 ModularCG_A1_B2_profile.java
-rw-rw-r--   1 travis travis   5031 Jul 21 18:27 ModularCG_A1.class
-rw-rw-r--   1 travis travis  14742 Jul 21 18:27 ModularCG_A1.java
-rw-rw-r--   1 travis travis    808 Jul 21 18:27 ModularCG_A1.mk
-rw-rw-r--   1 travis travis   1433 Jul 21 18:27 ModularCG_A1_profile.class
-rw-rw-r--   1 travis travis   1704 Jul 21 18:27 ModularCG_A1_profile.java
-rw-rw-r--   1 travis travis   4059 Jul 21 18:27 ModularCG_A2_B1.class
-rw-rw-r--   1 travis travis  10667 Jul 21 18:27 ModularCG_A2_B1.java
-rw-rw-r--   1 travis travis    832 Jul 21 18:27 ModularCG_A2_B1.mk
-rw-rw-r--   1 travis travis   1381 Jul 21 18:27 ModularCG_A2_B1_profile.class
-rw-rw-r--   1 travis travis   1446 Jul 21 18:27 ModularCG_A2_B1_profile.java
-rw-rw-r--   1 travis travis   3925 Jul 21 18:27 ModularCG_A2_B2.class
-rw-rw-r--   1 travis travis   9730 Jul 21 18:27 ModularCG_A2_B2.java
-rw-rw-r--   1 travis travis    832 Jul 21 18:27 ModularCG_A2_B2.mk
-rw-rw-r--   1 travis travis   1318 Jul 21 18:27 ModularCG_A2_B2_profile.class
-rw-rw-r--   1 travis travis   1262 Jul 21 18:27 ModularCG_A2_B2_profile.java
-rw-rw-r--   1 travis travis   5102 Jul 21 18:27 ModularCG_A2.class
-rw-rw-r--   1 travis travis  15129 Jul 21 18:27 ModularCG_A2.java
-rw-rw-r--   1 travis travis    808 Jul 21 18:27 ModularCG_A2.mk
-rw-rw-r--   1 travis travis   1433 Jul 21 18:27 ModularCG_A2_profile.class
-rw-rw-r--   1 travis travis   1704 Jul 21 18:27 ModularCG_A2_profile.java
-rw-rw-r--   1 travis travis   3705 Jul 21 18:27 ModularCGPubSub_A1_A2.class
-rw-rw-r--   1 travis travis   9076 Jul 21 18:27 ModularCGPubSub_A1_A2.java
-rw-rw-r--   1 travis travis    880 Jul 21 18:27 ModularCGPubSub_A1_A2.mk
-rw-rw-r--   1 travis travis   1300 Jul 21 18:27 ModularCGPubSub_A1_A2_profile.class
-rw-rw-r--   1 travis travis   1222 Jul 21 18:27 ModularCGPubSub_A1_A2_profile.java
-rw-rw-r--   1 travis travis   4022 Jul 21 18:27 ModularCGPubSub_A1.class
-rw-rw-r--   1 travis travis   9836 Jul 21 18:27 ModularCGPubSub_A1.java
-rw-rw-r--   1 travis travis    856 Jul 21 18:27 ModularCGPubSub_A1.mk
-rw-rw-r--   1 travis travis   1346 Jul 21 18:27 ModularCGPubSub_A1_profile.class
-rw-rw-r--   1 travis travis   1388 Jul 21 18:27 ModularCGPubSub_A1_profile.java
-rw-rw-r--   1 travis travis   4220 Jul 21 18:27 ModularCodeGen2_ModularCodeGenTypedCompositeActor.class
-rw-rw-r--   1 travis travis  11690 Jul 21 18:27 ModularCodeGen2_ModularCodeGenTypedCompositeActor.java
-rw-rw-r--   1 travis travis   1104 Jul 21 18:27 ModularCodeGen2_ModularCodeGenTypedCompositeActor.mk
-rw-rw-r--   1 travis travis   4504 Jul 21 18:27 ModularCodeGen2_ModularCodeGenTypedCompositeActor_ModularCodeGenTypedCompositeActor.class
-rw-rw-r--   1 travis travis  11790 Jul 21 18:27 ModularCodeGen2_ModularCodeGenTypedCompositeActor_ModularCodeGenTypedCompositeActor.java
-rw-rw-r--   1 travis travis   1376 Jul 21 18:27 ModularCodeGen2_ModularCodeGenTypedCompositeActor_ModularCodeGenTypedCompositeActor.mk
-rw-rw-r--   1 travis travis   1421 Jul 21 18:27 ModularCodeGen2_ModularCodeGenTypedCompositeActor_ModularCodeGenTypedCompositeActor_profile.class
-rw-rw-r--   1 travis travis   1294 Jul 21 18:27 ModularCodeGen2_ModularCodeGenTypedCompositeActor_ModularCodeGenTypedCompositeActor_profile.java
-rw-rw-r--   1 travis travis    820 Jul 21 18:27 ModularCodeGen2_ModularCodeGenTypedCompositeActor_profile.class
-rw-rw-r--   1 travis travis    693 Jul 21 18:27 ModularCodeGen2_ModularCodeGenTypedCompositeActor_profile.java
-rw-rw-r--   1 travis travis   3973 Jul 21 18:27 ModularCodeGen3_A1_B1.class
-rw-rw-r--   1 travis travis   9958 Jul 21 18:27 ModularCodeGen3_A1_B1.java
-rw-rw-r--   1 travis travis    880 Jul 21 18:27 ModularCodeGen3_A1_B1.mk
-rw-rw-r--   1 travis travis   1330 Jul 21 18:27 ModularCodeGen3_A1_B1_profile.class
-rw-rw-r--   1 travis travis   1274 Jul 21 18:27 ModularCodeGen3_A1_B1_profile.java
-rw-rw-r--   1 travis travis   3973 Jul 21 18:27 ModularCodeGen3_A1_B2.class
-rw-rw-r--   1 travis travis   9958 Jul 21 18:27 ModularCodeGen3_A1_B2.java
-rw-rw-r--   1 travis travis    880 Jul 21 18:27 ModularCodeGen3_A1_B2.mk
-rw-rw-r--   1 travis travis   1330 Jul 21 18:27 ModularCodeGen3_A1_B2_profile.class
-rw-rw-r--   1 travis travis   1274 Jul 21 18:27 ModularCodeGen3_A1_B2_profile.java
-rw-rw-r--   1 travis travis   5193 Jul 21 18:27 ModularCodeGen3_A1.class
-rw-rw-r--   1 travis travis  15564 Jul 21 18:27 ModularCodeGen3_A1.java
-rw-rw-r--   1 travis travis    856 Jul 21 18:27 ModularCodeGen3_A1.mk
-rw-rw-r--   1 travis travis   1445 Jul 21 18:27 ModularCodeGen3_A1_profile.class
-rw-rw-r--   1 travis travis   1716 Jul 21 18:27 ModularCodeGen3_A1_profile.java
-rw-rw-r--   1 travis travis   4119 Jul 21 18:27 ModularCodeGen3_A2_B1.class
-rw-rw-r--   1 travis travis  10955 Jul 21 18:27 ModularCodeGen3_A2_B1.java
-rw-rw-r--   1 travis travis    880 Jul 21 18:27 ModularCodeGen3_A2_B1.mk
-rw-rw-r--   1 travis travis   1393 Jul 21 18:27 ModularCodeGen3_A2_B1_profile.class
-rw-rw-r--   1 travis travis   1458 Jul 21 18:27 ModularCodeGen3_A2_B1_profile.java
-rw-rw-r--   1 travis travis   3973 Jul 21 18:27 ModularCodeGen3_A2_B2.class
-rw-rw-r--   1 travis travis   9958 Jul 21 18:27 ModularCodeGen3_A2_B2.java
-rw-rw-r--   1 travis travis    880 Jul 21 18:27 ModularCodeGen3_A2_B2.mk
-rw-rw-r--   1 travis travis   1330 Jul 21 18:27 ModularCodeGen3_A2_B2_profile.class
-rw-rw-r--   1 travis travis   1274 Jul 21 18:27 ModularCodeGen3_A2_B2_profile.java
-rw-rw-r--   1 travis travis   5270 Jul 21 18:27 ModularCodeGen3_A2.class
-rw-rw-r--   1 travis travis  15957 Jul 21 18:27 ModularCodeGen3_A2.java
-rw-rw-r--   1 travis travis    856 Jul 21 18:27 ModularCodeGen3_A2.mk
-rw-rw-r--   1 travis travis   1445 Jul 21 18:27 ModularCodeGen3_A2_profile.class
-rw-rw-r--   1 travis travis   1716 Jul 21 18:27 ModularCodeGen3_A2_profile.java
-rw-rw-r--   1 travis travis   4026 Jul 21 18:27 ModularCodeGen4_A1_B1.class
-rw-rw-r--   1 travis travis  10312 Jul 21 18:27 ModularCodeGen4_A1_B1.java
-rw-rw-r--   1 travis travis    880 Jul 21 18:27 ModularCodeGen4_A1_B1.mk
-rw-rw-r--   1 travis travis   1330 Jul 21 18:27 ModularCodeGen4_A1_B1_profile.class
-rw-rw-r--   1 travis travis   1273 Jul 21 18:27 ModularCodeGen4_A1_B1_profile.java
-rw-rw-r--   1 travis travis   4026 Jul 21 18:28 ModularCodeGen4_A1_B2.class
-rw-rw-r--   1 travis travis  10312 Jul 21 18:28 ModularCodeGen4_A1_B2.java
-rw-rw-r--   1 travis travis    880 Jul 21 18:28 ModularCodeGen4_A1_B2.mk
-rw-rw-r--   1 travis travis   1330 Jul 21 18:28 ModularCodeGen4_A1_B2_profile.class
-rw-rw-r--   1 travis travis   1273 Jul 21 18:27 ModularCodeGen4_A1_B2_profile.java
-rw-rw-r--   1 travis travis   5333 Jul 21 18:28 ModularCodeGen4_A1.class
-rw-rw-r--   1 travis travis  16245 Jul 21 18:28 ModularCodeGen4_A1.java
-rw-rw-r--   1 travis travis    856 Jul 21 18:28 ModularCodeGen4_A1.mk
-rw-rw-r--   1 travis travis   1445 Jul 21 18:28 ModularCodeGen4_A1_profile.class
-rw-rw-r--   1 travis travis   1712 Jul 21 18:28 ModularCodeGen4_A1_profile.java
-rw-rw-r--   1 travis travis   4220 Jul 21 18:28 ModularCodeGen4_A2_B1.class
-rw-rw-r--   1 travis travis  11375 Jul 21 18:28 ModularCodeGen4_A2_B1.java
-rw-rw-r--   1 travis travis    880 Jul 21 18:28 ModularCodeGen4_A2_B1.mk
-rw-rw-r--   1 travis travis   1393 Jul 21 18:28 ModularCodeGen4_A2_B1_profile.class
-rw-rw-r--   1 travis travis   1454 Jul 21 18:28 ModularCodeGen4_A2_B1_profile.java
-rw-rw-r--   1 travis travis   4074 Jul 21 18:28 ModularCodeGen4_A2_B2.class
-rw-rw-r--   1 travis travis  10378 Jul 21 18:28 ModularCodeGen4_A2_B2.java
-rw-rw-r--   1 travis travis    880 Jul 21 18:28 ModularCodeGen4_A2_B2.mk
-rw-rw-r--   1 travis travis   1330 Jul 21 18:28 ModularCodeGen4_A2_B2_profile.class
-rw-rw-r--   1 travis travis   1270 Jul 21 18:28 ModularCodeGen4_A2_B2_profile.java
-rw-rw-r--   1 travis travis   5506 Jul 21 18:28 ModularCodeGen4_A2.class
-rw-rw-r--   1 travis travis  16770 Jul 21 18:28 ModularCodeGen4_A2.java
-rw-rw-r--   1 travis travis    856 Jul 21 18:28 ModularCodeGen4_A2.mk
-rw-rw-r--   1 travis travis   1445 Jul 21 18:28 ModularCodeGen4_A2_profile.class
-rw-rw-r--   1 travis travis   1712 Jul 21 18:28 ModularCodeGen4_A2_profile.java
-rw-rw-r--   1 travis travis   1815 Jul 21 18:28 ModularCodeGen5_A_A_profile.java
-rw-rw-r--   1 travis travis   4186 Jul 21 18:27 ModularCodeGen_ModularCodeGenTypedCompositeActor.class
-rw-rw-r--   1 travis travis  10970 Jul 21 18:27 ModularCodeGen_ModularCodeGenTypedCompositeActor.java
-rw-rw-r--   1 travis travis   1096 Jul 21 18:27 ModularCodeGen_ModularCodeGenTypedCompositeActor.mk
-rw-rw-r--   1 travis travis   1384 Jul 21 18:27 ModularCodeGen_ModularCodeGenTypedCompositeActor_profile.class
-rw-rw-r--   1 travis travis   1328 Jul 21 18:27 ModularCodeGen_ModularCodeGenTypedCompositeActor_profile.java
-rw-rw-r--   1 travis travis   3724 Jul 21 18:26 ModularCodeGenTest_A1_A2.class
-rw-rw-r--   1 travis travis   9164 Jul 21 18:26 ModularCodeGenTest_A1_A2.java
-rw-rw-r--   1 travis travis   1306 Jul 21 18:26 ModularCodeGenTest_A1_A2_profile.class
-rw-rw-r--   1 travis travis   4055 Jul 21 18:26 ModularCodeGenTest_A1.class
-rw-rw-r--   1 travis travis   9968 Jul 21 18:26 ModularCodeGenTest_A1.java
-rw-rw-r--   1 travis travis    880 Jul 21 18:26 ModularCodeGenTest_A1.mk
-rw-rw-r--   1 travis travis   1352 Jul 21 18:26 ModularCodeGenTest_A1_profile.class
-rw-rw-r--   1 travis travis   1394 Jul 21 18:26 ModularCodeGenTest_A1_profile.java
drwxrwxr-x   3 travis travis  32768 Jul 21 18:26 modulation2
drwxrwxr-x 139 travis travis  12288 Jul 21 18:26 node_modules
drwxrwxr-x   3 travis travis  20480 Jul 21 18:21 PhaseUnwrap
drwxrwxr-x   3 travis travis  12288 Jul 21 18:22 ReadFile1
-rw-rw-r--   1 travis travis     11 Jul 21 18:21 ReadFile1Output.txt
-rw-rw-r--   1 travis travis  13773 Jul 21 18:26 Repeat.class
-rw-rw-r--   1 travis travis    685 Jul 21 18:26 Repeat$_fireFunction_Repeat_Repeat$__f_sL_11.class
-rw-rw-r--   1 travis travis    541 Jul 21 18:26 Repeat$_fireFunction_Repeat_Repeat$__f_sL_12.class
-rw-rw-r--   1 travis travis    541 Jul 21 18:26 Repeat$_fireFunction_Repeat_Repeat$__f_sL_13.class
-rw-rw-r--   1 travis travis    541 Jul 21 18:26 Repeat$_fireFunction_Repeat_Repeat$__f_sL_14.class
-rw-rw-r--   1 travis travis    684 Jul 21 18:26 Repeat$_fireFunction_Repeat_Repeat$__f_sL_1.class
-rw-rw-r--   1 travis travis    683 Jul 21 18:26 Repeat$_fireFunction_Repeat_Repeat$__f_sL_4.class
-rw-rw-r--   1 travis travis    539 Jul 21 18:26 Repeat$_fireFunction_Repeat_Repeat$__f_sL_9.class
-rw-rw-r--   1 travis travis    494 Jul 21 18:26 Repeat$_initialize_Repeat$__i_sL_2.class
-rw-rw-r--   1 travis travis   1281 Jul 21 18:26 Repeat.mk
-rw-rw-r--   1 travis travis    539 Jul 21 18:26 Repeat$_preinitializeMethod_Repeat$__p_sL_0.class
-rw-rw-r--   1 travis travis   1102 Jul 21 18:26 Repeat$_Repeat$_fireFunction_Repeat_AddSubtract_Repeat.class
-rw-rw-r--   1 travis travis    810 Jul 21 18:26 Repeat$_Repeat$_fireFunction_Repeat_AddSubtract_Repeat$__f_sL_0.class
-rw-rw-r--   1 travis travis    928 Jul 21 18:26 Repeat$_Repeat$_fireFunction_Repeat_AddSubtract_Repeat$__f_sL_1.class
-rw-rw-r--   1 travis travis    934 Jul 21 18:26 Repeat$_Repeat$_fireFunction_Repeat_AddSubtract_Repeat$__f_sL_2.class
-rw-rw-r--   1 travis travis    862 Jul 21 18:26 Repeat$_Repeat$_fireFunction_Repeat_AddSubtract_Repeat$__f_sL_3.class
-rw-rw-r--   1 travis travis    757 Jul 21 18:26 Repeat$_Repeat$_fireFunction_Repeat_Ramp2_Repeat$__f_sL_0.class
-rw-rw-r--   1 travis travis    888 Jul 21 18:26 Repeat$_Repeat$_fireFunction_Repeat_Test_Repeat$__f_sL_0.class
-rw-rw-r--   1 travis travis    634 Jul 21 18:26 Repeat$_Repeat$_fireFunction_Repeat_Test_Repeat$__f_sL_1.class
-rw-rw-r--   1 travis travis    704 Jul 21 18:26 Repeat$_Repeat_SDF_Director_run_Repeat$__R_sL_0.class
-rw-rw-r--   1 travis travis    705 Jul 21 18:26 Repeat$_Repeat_SDF_Director_run_Repeat$__R_sL_11.class
-rw-rw-r--   1 travis travis    561 Jul 21 18:26 Repeat$_Repeat_SDF_Director_run_Repeat$__R_sL_13.class
-rw-rw-r--   1 travis travis    559 Jul 21 18:26 Repeat$_Repeat_SDF_Director_run_Repeat$__R_sL_2.class
-rw-rw-r--   1 travis travis    703 Jul 21 18:26 Repeat$_Repeat_SDF_Director_run_Repeat$__R_sL_3.class
-rw-rw-r--   1 travis travis    559 Jul 21 18:26 Repeat$_Repeat_SDF_Director_run_Repeat$__R_sL_5.class
-rw-rw-r--   1 travis travis    559 Jul 21 18:26 Repeat$_Repeat_SDF_Director_run_Repeat$__R_sL_8.class
drwxrwxr-x   2 travis travis   4096 Jul 21 18:26 RepeatVariables
-rw-rw-r--   1 travis travis    882 Jul 21 18:26 Repeat$_varinit_Repeat.class
-rw-rw-r--   1 travis travis    550 Jul 21 18:26 Repeat$_varinit_Repeat$__v_sL_2.class
-rw-rw-r--   1 travis travis    924 Jul 21 18:26 Repeat$_varinit_Repeat$__v_sL_4.class
-rw-rw-r--   1 travis travis    978 Jul 21 18:26 Repeat$_wrapup_Repeat$__w_sL_1.class
drwxrwxr-x   3 travis travis  20480 Jul 21 18:22 Sinewave
drwxrwxr-x   3 travis travis  32768 Jul 21 18:23 StringFunction
drwxrwxr-x   3 travis travis  12288 Jul 21 18:24 StringLength
drwxrwxr-x   3 travis travis  61440 Jul 21 18:24 StringMatches2
drwxrwxr-x   3 travis travis  61440 Jul 21 18:24 StringSimpleReplace
drwxrwxr-x   3 travis travis  65536 Jul 21 18:24 StringSubstring
drwxrwxr-x   3 travis travis  24576 Jul 21 18:25 StringSubstring2
drwxrwxr-x   3 travis travis  16384 Jul 21 18:25 time1
drwxrwxr-x   3 travis travis  12288 Jul 21 18:26 time5
-rw-rw-r--   1 travis travis    432 Jul 21 18:28 Token.class
-rw-rw-r--   1 travis travis    251 Jul 21 18:28 Token.java
-rwxrwxr-x   1 travis travis 466992 Jul 21 18:18 top
-rw-rw-r--   1 travis travis  20502 Jul 21 18:18 top.c
-rw-rw-r--   1 travis travis   3799 Jul 21 18:26 top.class
-rw-rw-r--   1 travis travis   1257 Jul 21 18:26 top.mk
All Done
Writing ModularCodeGen5_A_A.java in file:/home/travis/cg/ (28721 characters)
Reading "ptolemy/cg/kernel/generic/program/procedural/java/modular/makefile.in",
    writing "/home/travis/cg/ModularCodeGen5_A_A.mk"
Using ptolemy/cg/kernel/generic/program/procedural/java/modular/makefile.in
In "/home/travis/cg", about to execute:
    make -f ModularCodeGen5_A_A.mk
javac -classpath ".:.."    ModularCodeGen5_A_A.java
All Done
In "/home/travis/cg", about to execute:
    pwd
In "/home/travis/cg", about to execute:
    ls -l
/home/travis/cg
In "/home/travis/cg", about to execute:
    javac -classpath
.:/home/travis/build/icyphy/ptII:/home/travis/build/icyphy/ptII/lib/bsh-2.0b4.j
ar:/home/travis/build/icyphy/ptII/lib/ptCal.jar:/home/travis/build/icyphy/ptII/
lib/java_cup.jar:/home/travis/build/icyphy/ptII/lib/saxon8.jar:/home/travis/bui
ld/icyphy/ptII/lib/saxon8-dom.jar:/home/travis/build/icyphy/ptII/lib/chic.jar:/
home/travis/build/icyphy/ptII/lib/ptcolt.jar:/home/travis/build/icyphy/ptII/ven
dors/misc/itext/iText.jar:/home/travis/build/icyphy/ptII/lib/g4ltl.jar:/home/tr
avis/build/icyphy/ptII/lib/StructuralCoder.jar:/home/travis/build/icyphy/ptII/l
ib/jcerti.jar:/home/travis/build/icyphy/ptII/lib/javax.mail.jar:/home/travis/bu
ild/icyphy/ptII/vendors/JMF-2.1.1e/lib/jmf.jar:/home/travis/build/icyphy/ptII/l
ib/jna-4.0.0-variadic.jar:/home/travis/build/icyphy/ptII/vendors/misc/joystick/
Joystick.jar:/home/travis/build/icyphy/ptII/lib/ptjacl.jar:/home/travis/build/i
cyphy/ptII/lib/jsoup-1.8.2.jar:/home/travis/build/icyphy/ptII/lib/junit-4.8.2.j
ar:/home/travis/build/icyphy/ptII/lib/JUnitParams-0.4.0.jar:/home/travis/build/
icyphy/ptII/ptolemy/actor/lib/excel/jxl.jar:/home/travis/build/icyphy/ptII/lib/
jython.jar:/home/travis/build/icyphy/ptII/lib/kieler.jar:/home/travis/build/icy
phy/ptII/vendors/opencv/share/OpenCV/java/opencv-341.jar:/home/travis/build/icy
phy/ptII/lib/oscP5.jar:/home/travis/build/icyphy/ptII/lib/nrjavaserial-3.11.0.d
evel.jar:/home/travis/build/icyphy/ptII/vendors/j3d/lib/Linux/j3dcore.jar:/home
/travis/build/icyphy/ptII/vendors/j3d/lib/Linux/j3dutils.jar:/home/travis/build
/icyphy/ptII/vendors/j3d/lib/Linux/vecmath.jar:/home/travis/build/icyphy/ptII/v
endors/jogl/lib/Linux/gluegen-rt-natives-linux-amd64.jar:/home/travis/build/icy
phy/ptII/vendors/jogl/lib/Linux/gluegen-rt.jar:/home/travis/build/icyphy/ptII/v
endors/jogl/lib/Linux/jogl-all-natives-linux-amd64.jar:/home/travis/build/icyph
y/ptII/vendors/jogl/lib/Linux/jogl-all.jar:/home/travis/build/icyphy/ptII/ptole
my/distributed/jini/jar/jini-core.jar:/home/travis/build/icyphy/ptII/ptolemy/di
stributed/jini/jar/jini-ext.jar:/home/travis/build/icyphy/ptII/ptolemy/distribu
ted/jini/jar/sun-util.jar:/home/travis/build/icyphy/ptII/lib/protobuf-java-2.4.
1.jar:/home/travis/build/icyphy/ptII/lib/org.eclipse.paho.client.mqttv3.jar:/ho
me/travis/build/icyphy/ptII/lib/mapss.jar:/home/travis/build/icyphy/ptII/ptolem
y/actor/ptalon/antlr/antlr.jar:/home/travis/build/icyphy/ptII/lib/JRI.jar:/home
/travis/build/icyphy/ptII/lib/commons-lang-2.6.jar:/home/travis/build/icyphy/pt
II/lib/commons-logging-1.1.1.jar:/home/travis/build/icyphy/ptII/lib/sootclasses
.jar:/home/travis/build/icyphy/ptII/ptolemy/actor/lib/database/mysql-connector-
java-5.1.6-bin.jar:/home/travis/build/icyphy/ptII/vendors/misc/sphinx4/sphinx4-
data-5prealpha.jar:/home/travis/build/icyphy/ptII/vendors/misc/sphinx4/sphinx4-
core-5prealpha.jar:/home/travis/build/icyphy/ptII/lib/PDFRenderer.jar:/home/tra
vis/build/icyphy/ptII/lib/svgSalamander.jar:/home/travis/build/icyphy/ptII/lib/
rsyntaxtextarea-2.6.0-SNAPSHOT.jar:/home/travis/build/icyphy/ptII/lib/hazelcast
-3.8.2.jar:/home/travis/build/icyphy/ptII/lib/jackson-annotations-2.9.0.jar:/ho
me/travis/build/icyphy/ptII/lib/jackson-core-2.9.3.jar:/home/travis/build/icyph
y/ptII/lib/jackson-databind-2.9.3.jar:/home/travis/build/icyphy/ptII/lib/netty-
buffer-4.1.19.Final.jar:/home/travis/build/icyphy/ptII/lib/netty-codec-4.1.19.F
inal.jar:/home/travis/build/icyphy/ptII/lib/netty-codec-dns-4.1.19.Final.jar:/h
ome/travis/build/icyphy/ptII/lib/netty-codec-http-4.1.19.Final.jar:/home/travis
/build/icyphy/ptII/lib/netty-codec-http2-4.1.19.Final.jar:/home/travis/build/ic
yphy/ptII/lib/netty-common-4.1.19.Final.jar:/home/travis/build/icyphy/ptII/lib/
netty-handler-4.1.19.Final.jar:/home/travis/build/icyphy/ptII/lib/netty-resolve
r-4.1.19.Final.jar:/home/travis/build/icyphy/ptII/lib/netty-resolver-dns-4.1.19
.Final.jar:/home/travis/build/icyphy/ptII/lib/netty-transport-4.1.19.Final.jar:
/home/travis/build/icyphy/ptII/lib/vertx-codegen-3.5.1.jar:/home/travis/build/i
cyphy/ptII/lib/vertx-core-3.5.2-SNAPSHOT.jar:/home/travis/build/icyphy/ptII/lib
/vertx-hazelcast-3.5.1.jar:/home/travis/build/icyphy/ptII/lib/vertx-lang-js-3.5
.1.jar:/home/travis/build/icyphy/ptII/lib/vertx-service-proxy-3.5.1.jar:/home/t
ravis/build/icyphy/ptII/lib/vertx-web-3.5.1.jar:/home/travis/build/icyphy/ptII/
lib/slf4j-api-1.7.13.jar:/home/travis/build/icyphy/ptII/lib/slf4j-simple-1.7.13
.jar:/home/travis/build/icyphy/ptII/lib/webcam-capture-0.3.12.jar:/home/travis/
build/icyphy/ptII/lib/bridj-0.7.0.jar:/home/travis/build/icyphy/ptII/lib/xbjlib
-1.1.0.nrjavaserial.jar:/home/travis/build/icyphy/ptII/ptolemy/moml/test:/home/
travis/build/icyphy/ptII/ant/lib/ant-launcher.jar:/home/travis/build/icyphy/ptI
I/ant/lib/ant.jar:/home/travis/build/icyphy/ptII/ant/lib/ant-junit.jar:/home/tr
avis/build/icyphy/ptII/ant/lib/ant-junit4.jar:/home/travis/build/icyphy/ptII
ModularCodeGen5_A_profile.java
total 2164
drwxrwxr-x   3 travis travis  12288 Jul 21 18:20 AbsoluteValue
drwxrwxr-x   3 travis travis 102400 Jul 21 18:19 AllColt
drwxrwxr-x   3 travis travis  12288 Jul 21 18:19 Case1
-rw-rw-r--   1 travis travis   5128 Jul 21 18:26 CompiledCompositeActor_CompiledCompositeActor.class
-rw-rw-r--   1 travis travis   1611 Jul 21 18:26 CompiledCompositeActor_CompiledCompositeActor$_CompiledCompositeActor_CompiledCompositeActor.class
-rw-rw-r--   1 travis travis  13466 Jul 21 18:26 CompiledCompositeActor_CompiledCompositeActor.java
-rw-rw-r--   1 travis travis   1593 Jul 21 18:26 CompiledCompositeActor_CompiledCompositeActor.mk
drwxrwxr-x   5 travis travis   4096 Jul 21 18:18 fmi
drwxrwxr-x   3 travis travis  16384 Jul 21 18:20 Gaussian2
-rw-rw-r--   1 travis travis   4684 Jul 21 18:26 JavaCompiledCompositeTest1_CompiledCompositeActor.class
-rw-rw-r--   1 travis travis  11637 Jul 21 18:26 JavaCompiledCompositeTest1_CompiledCompositeActor.java
-rw-rw-r--   1 travis travis   1217 Jul 21 18:26 JavaCompiledCompositeTest1_CompiledCompositeActor$_JavaCompiledCompositeTest1_CompiledCompositeActor.class
-rw-rw-r--   1 travis travis   1625 Jul 21 18:26 JavaCompiledCompositeTest1_CompiledCompositeActor.mk
-rw-rw-r--   1 travis travis   5115 Jul 21 18:26 JavaCompiledCompositeTest2_CompiledCompositeActor.class
-rw-rw-r--   1 travis travis  14919 Jul 21 18:26 JavaCompiledCompositeTest2_CompiledCompositeActor.java
-rw-rw-r--   1 travis travis   1812 Jul 21 18:26 JavaCompiledCompositeTest2_CompiledCompositeActor$_JavaCompiledCompositeTest2_CompiledCompositeActor.class
-rw-rw-r--   1 travis travis   1625 Jul 21 18:26 JavaCompiledCompositeTest2_CompiledCompositeActor.mk
-rw-rw-r--   1 travis travis   4732 Jul 21 18:26 JavaCompiledCompositeTest3_CompiledCompositeActor.class
-rw-rw-r--   1 travis travis  13080 Jul 21 18:26 JavaCompiledCompositeTest3_CompiledCompositeActor.java
-rw-rw-r--   1 travis travis   1397 Jul 21 18:26 JavaCompiledCompositeTest3_CompiledCompositeActor$_JavaCompiledCompositeTest3_CompiledCompositeActor.class
-rw-rw-r--   1 travis travis   1625 Jul 21 18:26 JavaCompiledCompositeTest3_CompiledCompositeActor.mk
-rw-rw-r--   1 travis travis   4183 Jul 21 18:26 JavaCompiledCompositeTest4_CompiledCompositeActor.class
-rw-rw-r--   1 travis travis   9687 Jul 21 18:26 JavaCompiledCompositeTest4_CompiledCompositeActor.java
-rw-rw-r--   1 travis travis    876 Jul 21 18:26 JavaCompiledCompositeTest4_CompiledCompositeActor$_JavaCompiledCompositeTest4_CompiledCompositeActor.class
-rw-rw-r--   1 travis travis   1625 Jul 21 18:26 JavaCompiledCompositeTest4_CompiledCompositeActor.mk
drwxrwxr-x   3 travis travis  12288 Jul 21 18:21 LookupTable
drwxrwxr-x   3 travis travis  20480 Jul 21 18:21 MaxIndex
-rw-rw-r--   1 travis travis   3925 Jul 21 18:26 ModularCG_A1_B1.class
-rw-rw-r--   1 travis travis   9730 Jul 21 18:26 ModularCG_A1_B1.java
-rw-rw-r--   1 travis travis    832 Jul 21 18:26 ModularCG_A1_B1.mk
-rw-rw-r--   1 travis travis   1318 Jul 21 18:26 ModularCG_A1_B1_profile.class
-rw-rw-r--   1 travis travis   1262 Jul 21 18:26 ModularCG_A1_B1_profile.java
-rw-rw-r--   1 travis travis   3925 Jul 21 18:27 ModularCG_A1_B2.class
-rw-rw-r--   1 travis travis   9730 Jul 21 18:27 ModularCG_A1_B2.java
-rw-rw-r--   1 travis travis    832 Jul 21 18:27 ModularCG_A1_B2.mk
-rw-rw-r--   1 travis travis   1318 Jul 21 18:27 ModularCG_A1_B2_profile.class
-rw-rw-r--   1 travis travis   1262 Jul 21 18:26 ModularCG_A1_B2_profile.java
-rw-rw-r--   1 travis travis   5031 Jul 21 18:27 ModularCG_A1.class
-rw-rw-r--   1 travis travis  14742 Jul 21 18:27 ModularCG_A1.java
-rw-rw-r--   1 travis travis    808 Jul 21 18:27 ModularCG_A1.mk
-rw-rw-r--   1 travis travis   1433 Jul 21 18:27 ModularCG_A1_profile.class
-rw-rw-r--   1 travis travis   1704 Jul 21 18:27 ModularCG_A1_profile.java
-rw-rw-r--   1 travis travis   4059 Jul 21 18:27 ModularCG_A2_B1.class
-rw-rw-r--   1 travis travis  10667 Jul 21 18:27 ModularCG_A2_B1.java
-rw-rw-r--   1 travis travis    832 Jul 21 18:27 ModularCG_A2_B1.mk
-rw-rw-r--   1 travis travis   1381 Jul 21 18:27 ModularCG_A2_B1_profile.class
-rw-rw-r--   1 travis travis   1446 Jul 21 18:27 ModularCG_A2_B1_profile.java
-rw-rw-r--   1 travis travis   3925 Jul 21 18:27 ModularCG_A2_B2.class
-rw-rw-r--   1 travis travis   9730 Jul 21 18:27 ModularCG_A2_B2.java
-rw-rw-r--   1 travis travis    832 Jul 21 18:27 ModularCG_A2_B2.mk
-rw-rw-r--   1 travis travis   1318 Jul 21 18:27 ModularCG_A2_B2_profile.class
-rw-rw-r--   1 travis travis   1262 Jul 21 18:27 ModularCG_A2_B2_profile.java
-rw-rw-r--   1 travis travis   5102 Jul 21 18:27 ModularCG_A2.class
-rw-rw-r--   1 travis travis  15129 Jul 21 18:27 ModularCG_A2.java
-rw-rw-r--   1 travis travis    808 Jul 21 18:27 ModularCG_A2.mk
-rw-rw-r--   1 travis travis   1433 Jul 21 18:27 ModularCG_A2_profile.class
-rw-rw-r--   1 travis travis   1704 Jul 21 18:27 ModularCG_A2_profile.java
-rw-rw-r--   1 travis travis   3705 Jul 21 18:27 ModularCGPubSub_A1_A2.class
-rw-rw-r--   1 travis travis   9076 Jul 21 18:27 ModularCGPubSub_A1_A2.java
-rw-rw-r--   1 travis travis    880 Jul 21 18:27 ModularCGPubSub_A1_A2.mk
-rw-rw-r--   1 travis travis   1300 Jul 21 18:27 ModularCGPubSub_A1_A2_profile.class
-rw-rw-r--   1 travis travis   1222 Jul 21 18:27 ModularCGPubSub_A1_A2_profile.java
-rw-rw-r--   1 travis travis   4022 Jul 21 18:27 ModularCGPubSub_A1.class
-rw-rw-r--   1 travis travis   9836 Jul 21 18:27 ModularCGPubSub_A1.java
-rw-rw-r--   1 travis travis    856 Jul 21 18:27 ModularCGPubSub_A1.mk
-rw-rw-r--   1 travis travis   1346 Jul 21 18:27 ModularCGPubSub_A1_profile.class
-rw-rw-r--   1 travis travis   1388 Jul 21 18:27 ModularCGPubSub_A1_profile.java
-rw-rw-r--   1 travis travis   4220 Jul 21 18:27 ModularCodeGen2_ModularCodeGenTypedCompositeActor.class
-rw-rw-r--   1 travis travis  11690 Jul 21 18:27 ModularCodeGen2_ModularCodeGenTypedCompositeActor.java
-rw-rw-r--   1 travis travis   1104 Jul 21 18:27 ModularCodeGen2_ModularCodeGenTypedCompositeActor.mk
-rw-rw-r--   1 travis travis   4504 Jul 21 18:27 ModularCodeGen2_ModularCodeGenTypedCompositeActor_ModularCodeGenTypedCompositeActor.class
-rw-rw-r--   1 travis travis  11790 Jul 21 18:27 ModularCodeGen2_ModularCodeGenTypedCompositeActor_ModularCodeGenTypedCompositeActor.java
-rw-rw-r--   1 travis travis   1376 Jul 21 18:27 ModularCodeGen2_ModularCodeGenTypedCompositeActor_ModularCodeGenTypedCompositeActor.mk
-rw-rw-r--   1 travis travis   1421 Jul 21 18:27 ModularCodeGen2_ModularCodeGenTypedCompositeActor_ModularCodeGenTypedCompositeActor_profile.class
-rw-rw-r--   1 travis travis   1294 Jul 21 18:27 ModularCodeGen2_ModularCodeGenTypedCompositeActor_ModularCodeGenTypedCompositeActor_profile.java
-rw-rw-r--   1 travis travis    820 Jul 21 18:27 ModularCodeGen2_ModularCodeGenTypedCompositeActor_profile.class
-rw-rw-r--   1 travis travis    693 Jul 21 18:27 ModularCodeGen2_ModularCodeGenTypedCompositeActor_profile.java
-rw-rw-r--   1 travis travis   3973 Jul 21 18:27 ModularCodeGen3_A1_B1.class
-rw-rw-r--   1 travis travis   9958 Jul 21 18:27 ModularCodeGen3_A1_B1.java
-rw-rw-r--   1 travis travis    880 Jul 21 18:27 ModularCodeGen3_A1_B1.mk
-rw-rw-r--   1 travis travis   1330 Jul 21 18:27 ModularCodeGen3_A1_B1_profile.class
-rw-rw-r--   1 travis travis   1274 Jul 21 18:27 ModularCodeGen3_A1_B1_profile.java
-rw-rw-r--   1 travis travis   3973 Jul 21 18:27 ModularCodeGen3_A1_B2.class
-rw-rw-r--   1 travis travis   9958 Jul 21 18:27 ModularCodeGen3_A1_B2.java
-rw-rw-r--   1 travis travis    880 Jul 21 18:27 ModularCodeGen3_A1_B2.mk
-rw-rw-r--   1 travis travis   1330 Jul 21 18:27 ModularCodeGen3_A1_B2_profile.class
-rw-rw-r--   1 travis travis   1274 Jul 21 18:27 ModularCodeGen3_A1_B2_profile.java
-rw-rw-r--   1 travis travis   5193 Jul 21 18:27 ModularCodeGen3_A1.class
-rw-rw-r--   1 travis travis  15564 Jul 21 18:27 ModularCodeGen3_A1.java
-rw-rw-r--   1 travis travis    856 Jul 21 18:27 ModularCodeGen3_A1.mk
-rw-rw-r--   1 travis travis   1445 Jul 21 18:27 ModularCodeGen3_A1_profile.class
-rw-rw-r--   1 travis travis   1716 Jul 21 18:27 ModularCodeGen3_A1_profile.java
-rw-rw-r--   1 travis travis   4119 Jul 21 18:27 ModularCodeGen3_A2_B1.class
-rw-rw-r--   1 travis travis  10955 Jul 21 18:27 ModularCodeGen3_A2_B1.java
-rw-rw-r--   1 travis travis    880 Jul 21 18:27 ModularCodeGen3_A2_B1.mk
-rw-rw-r--   1 travis travis   1393 Jul 21 18:27 ModularCodeGen3_A2_B1_profile.class
-rw-rw-r--   1 travis travis   1458 Jul 21 18:27 ModularCodeGen3_A2_B1_profile.java
-rw-rw-r--   1 travis travis   3973 Jul 21 18:27 ModularCodeGen3_A2_B2.class
-rw-rw-r--   1 travis travis   9958 Jul 21 18:27 ModularCodeGen3_A2_B2.java
-rw-rw-r--   1 travis travis    880 Jul 21 18:27 ModularCodeGen3_A2_B2.mk
-rw-rw-r--   1 travis travis   1330 Jul 21 18:27 ModularCodeGen3_A2_B2_profile.class
-rw-rw-r--   1 travis travis   1274 Jul 21 18:27 ModularCodeGen3_A2_B2_profile.java
-rw-rw-r--   1 travis travis   5270 Jul 21 18:27 ModularCodeGen3_A2.class
-rw-rw-r--   1 travis travis  15957 Jul 21 18:27 ModularCodeGen3_A2.java
-rw-rw-r--   1 travis travis    856 Jul 21 18:27 ModularCodeGen3_A2.mk
-rw-rw-r--   1 travis travis   1445 Jul 21 18:27 ModularCodeGen3_A2_profile.class
-rw-rw-r--   1 travis travis   1716 Jul 21 18:27 ModularCodeGen3_A2_profile.java
-rw-rw-r--   1 travis travis   4026 Jul 21 18:27 ModularCodeGen4_A1_B1.class
-rw-rw-r--   1 travis travis  10312 Jul 21 18:27 ModularCodeGen4_A1_B1.java
-rw-rw-r--   1 travis travis    880 Jul 21 18:27 ModularCodeGen4_A1_B1.mk
-rw-rw-r--   1 travis travis   1330 Jul 21 18:27 ModularCodeGen4_A1_B1_profile.class
-rw-rw-r--   1 travis travis   1273 Jul 21 18:27 ModularCodeGen4_A1_B1_profile.java
-rw-rw-r--   1 travis travis   4026 Jul 21 18:28 ModularCodeGen4_A1_B2.class
-rw-rw-r--   1 travis travis  10312 Jul 21 18:28 ModularCodeGen4_A1_B2.java
-rw-rw-r--   1 travis travis    880 Jul 21 18:28 ModularCodeGen4_A1_B2.mk
-rw-rw-r--   1 travis travis   1330 Jul 21 18:28 ModularCodeGen4_A1_B2_profile.class
-rw-rw-r--   1 travis travis   1273 Jul 21 18:27 ModularCodeGen4_A1_B2_profile.java
-rw-rw-r--   1 travis travis   5333 Jul 21 18:28 ModularCodeGen4_A1.class
-rw-rw-r--   1 travis travis  16245 Jul 21 18:28 ModularCodeGen4_A1.java
-rw-rw-r--   1 travis travis    856 Jul 21 18:28 ModularCodeGen4_A1.mk
-rw-rw-r--   1 travis travis   1445 Jul 21 18:28 ModularCodeGen4_A1_profile.class
-rw-rw-r--   1 travis travis   1712 Jul 21 18:28 ModularCodeGen4_A1_profile.java
-rw-rw-r--   1 travis travis   4220 Jul 21 18:28 ModularCodeGen4_A2_B1.class
-rw-rw-r--   1 travis travis  11375 Jul 21 18:28 ModularCodeGen4_A2_B1.java
-rw-rw-r--   1 travis travis    880 Jul 21 18:28 ModularCodeGen4_A2_B1.mk
-rw-rw-r--   1 travis travis   1393 Jul 21 18:28 ModularCodeGen4_A2_B1_profile.class
-rw-rw-r--   1 travis travis   1454 Jul 21 18:28 ModularCodeGen4_A2_B1_profile.java
-rw-rw-r--   1 travis travis   4074 Jul 21 18:28 ModularCodeGen4_A2_B2.class
-rw-rw-r--   1 travis travis  10378 Jul 21 18:28 ModularCodeGen4_A2_B2.java
-rw-rw-r--   1 travis travis    880 Jul 21 18:28 ModularCodeGen4_A2_B2.mk
-rw-rw-r--   1 travis travis   1330 Jul 21 18:28 ModularCodeGen4_A2_B2_profile.class
-rw-rw-r--   1 travis travis   1270 Jul 21 18:28 ModularCodeGen4_A2_B2_profile.java
-rw-rw-r--   1 travis travis   5506 Jul 21 18:28 ModularCodeGen4_A2.class
-rw-rw-r--   1 travis travis  16770 Jul 21 18:28 ModularCodeGen4_A2.java
-rw-rw-r--   1 travis travis    856 Jul 21 18:28 ModularCodeGen4_A2.mk
-rw-rw-r--   1 travis travis   1445 Jul 21 18:28 ModularCodeGen4_A2_profile.class
-rw-rw-r--   1 travis travis   1712 Jul 21 18:28 ModularCodeGen4_A2_profile.java
-rw-rw-r--   1 travis travis   7070 Jul 21 18:28 ModularCodeGen5_A_A.class
-rw-rw-r--   1 travis travis  28721 Jul 21 18:28 ModularCodeGen5_A_A.java
-rw-rw-r--   1 travis travis    864 Jul 21 18:28 ModularCodeGen5_A_A.mk
-rw-rw-r--   1 travis travis   1520 Jul 21 18:28 ModularCodeGen5_A_A_profile.class
-rw-rw-r--   1 travis travis   1815 Jul 21 18:28 ModularCodeGen5_A_A_profile.java
-rw-rw-r--   1 travis travis   1605 Jul 21 18:28 ModularCodeGen5_A_profile.java
-rw-rw-r--   1 travis travis   4186 Jul 21 18:27 ModularCodeGen_ModularCodeGenTypedCompositeActor.class
-rw-rw-r--   1 travis travis  10970 Jul 21 18:27 ModularCodeGen_ModularCodeGenTypedCompositeActor.java
-rw-rw-r--   1 travis travis   1096 Jul 21 18:27 ModularCodeGen_ModularCodeGenTypedCompositeActor.mk
-rw-rw-r--   1 travis travis   1384 Jul 21 18:27 ModularCodeGen_ModularCodeGenTypedCompositeActor_profile.class
-rw-rw-r--   1 travis travis   1328 Jul 21 18:27 ModularCodeGen_ModularCodeGenTypedCompositeActor_profile.java
-rw-rw-r--   1 travis travis   3724 Jul 21 18:26 ModularCodeGenTest_A1_A2.class
-rw-rw-r--   1 travis travis   9164 Jul 21 18:26 ModularCodeGenTest_A1_A2.java
-rw-rw-r--   1 travis travis   1306 Jul 21 18:26 ModularCodeGenTest_A1_A2_profile.class
-rw-rw-r--   1 travis travis   4055 Jul 21 18:26 ModularCodeGenTest_A1.class
-rw-rw-r--   1 travis travis   9968 Jul 21 18:26 ModularCodeGenTest_A1.java
-rw-rw-r--   1 travis travis    880 Jul 21 18:26 ModularCodeGenTest_A1.mk
-rw-rw-r--   1 travis travis   1352 Jul 21 18:26 ModularCodeGenTest_A1_profile.class
-rw-rw-r--   1 travis travis   1394 Jul 21 18:26 ModularCodeGenTest_A1_profile.java
drwxrwxr-x   3 travis travis  32768 Jul 21 18:26 modulation2
drwxrwxr-x 139 travis travis  12288 Jul 21 18:26 node_modules
drwxrwxr-x   3 travis travis  20480 Jul 21 18:21 PhaseUnwrap
drwxrwxr-x   3 travis travis  12288 Jul 21 18:22 ReadFile1
-rw-rw-r--   1 travis travis     11 Jul 21 18:21 ReadFile1Output.txt
-rw-rw-r--   1 travis travis  13773 Jul 21 18:26 Repeat.class
-rw-rw-r--   1 travis travis    685 Jul 21 18:26 Repeat$_fireFunction_Repeat_Repeat$__f_sL_11.class
-rw-rw-r--   1 travis travis    541 Jul 21 18:26 Repeat$_fireFunction_Repeat_Repeat$__f_sL_12.class
-rw-rw-r--   1 travis travis    541 Jul 21 18:26 Repeat$_fireFunction_Repeat_Repeat$__f_sL_13.class
-rw-rw-r--   1 travis travis    541 Jul 21 18:26 Repeat$_fireFunction_Repeat_Repeat$__f_sL_14.class
-rw-rw-r--   1 travis travis    684 Jul 21 18:26 Repeat$_fireFunction_Repeat_Repeat$__f_sL_1.class
-rw-rw-r--   1 travis travis    683 Jul 21 18:26 Repeat$_fireFunction_Repeat_Repeat$__f_sL_4.class
-rw-rw-r--   1 travis travis    539 Jul 21 18:26 Repeat$_fireFunction_Repeat_Repeat$__f_sL_9.class
-rw-rw-r--   1 travis travis    494 Jul 21 18:26 Repeat$_initialize_Repeat$__i_sL_2.class
-rw-rw-r--   1 travis travis   1281 Jul 21 18:26 Repeat.mk
-rw-rw-r--   1 travis travis    539 Jul 21 18:26 Repeat$_preinitializeMethod_Repeat$__p_sL_0.class
-rw-rw-r--   1 travis travis   1102 Jul 21 18:26 Repeat$_Repeat$_fireFunction_Repeat_AddSubtract_Repeat.class
-rw-rw-r--   1 travis travis    810 Jul 21 18:26 Repeat$_Repeat$_fireFunction_Repeat_AddSubtract_Repeat$__f_sL_0.class
-rw-rw-r--   1 travis travis    928 Jul 21 18:26 Repeat$_Repeat$_fireFunction_Repeat_AddSubtract_Repeat$__f_sL_1.class
-rw-rw-r--   1 travis travis    934 Jul 21 18:26 Repeat$_Repeat$_fireFunction_Repeat_AddSubtract_Repeat$__f_sL_2.class
-rw-rw-r--   1 travis travis    862 Jul 21 18:26 Repeat$_Repeat$_fireFunction_Repeat_AddSubtract_Repeat$__f_sL_3.class
-rw-rw-r--   1 travis travis    757 Jul 21 18:26 Repeat$_Repeat$_fireFunction_Repeat_Ramp2_Repeat$__f_sL_0.class
-rw-rw-r--   1 travis travis    888 Jul 21 18:26 Repeat$_Repeat$_fireFunction_Repeat_Test_Repeat$__f_sL_0.class
-rw-rw-r--   1 travis travis    634 Jul 21 18:26 Repeat$_Repeat$_fireFunction_Repeat_Test_Repeat$__f_sL_1.class
-rw-rw-r--   1 travis travis    704 Jul 21 18:26 Repeat$_Repeat_SDF_Director_run_Repeat$__R_sL_0.class
-rw-rw-r--   1 travis travis    705 Jul 21 18:26 Repeat$_Repeat_SDF_Director_run_Repeat$__R_sL_11.class
-rw-rw-r--   1 travis travis    561 Jul 21 18:26 Repeat$_Repeat_SDF_Director_run_Repeat$__R_sL_13.class
-rw-rw-r--   1 travis travis    559 Jul 21 18:26 Repeat$_Repeat_SDF_Director_run_Repeat$__R_sL_2.class
-rw-rw-r--   1 travis travis    703 Jul 21 18:26 Repeat$_Repeat_SDF_Director_run_Repeat$__R_sL_3.class
-rw-rw-r--   1 travis travis    559 Jul 21 18:26 Repeat$_Repeat_SDF_Director_run_Repeat$__R_sL_5.class
-rw-rw-r--   1 travis travis    559 Jul 21 18:26 Repeat$_Repeat_SDF_Director_run_Repeat$__R_sL_8.class
drwxrwxr-x   2 travis travis   4096 Jul 21 18:26 RepeatVariables
-rw-rw-r--   1 travis travis    882 Jul 21 18:26 Repeat$_varinit_Repeat.class
-rw-rw-r--   1 travis travis    550 Jul 21 18:26 Repeat$_varinit_Repeat$__v_sL_2.class
-rw-rw-r--   1 travis travis    924 Jul 21 18:26 Repeat$_varinit_Repeat$__v_sL_4.class
-rw-rw-r--   1 travis travis    978 Jul 21 18:26 Repeat$_wrapup_Repeat$__w_sL_1.class
drwxrwxr-x   3 travis travis  20480 Jul 21 18:22 Sinewave
drwxrwxr-x   3 travis travis  32768 Jul 21 18:23 StringFunction
drwxrwxr-x   3 travis travis  12288 Jul 21 18:24 StringLength
drwxrwxr-x   3 travis travis  61440 Jul 21 18:24 StringMatches2
drwxrwxr-x   3 travis travis  61440 Jul 21 18:24 StringSimpleReplace
drwxrwxr-x   3 travis travis  65536 Jul 21 18:24 StringSubstring
drwxrwxr-x   3 travis travis  24576 Jul 21 18:25 StringSubstring2
drwxrwxr-x   3 travis travis  16384 Jul 21 18:25 time1
drwxrwxr-x   3 travis travis  12288 Jul 21 18:26 time5
-rw-rw-r--   1 travis travis    432 Jul 21 18:28 Token.class
-rw-rw-r--   1 travis travis    251 Jul 21 18:28 Token.java
-rwxrwxr-x   1 travis travis 466992 Jul 21 18:18 top
-rw-rw-r--   1 travis travis  20502 Jul 21 18:18 top.c
-rw-rw-r--   1 travis travis   3799 Jul 21 18:26 top.class
-rw-rw-r--   1 travis travis   1257 Jul 21 18:26 top.mk
All Done
Writing ModularCodeGen5_A.java in file:/home/travis/cg/ (13769 characters)
Reading "ptolemy/cg/kernel/generic/program/procedural/java/modular/makefile.in",
    writing "/home/travis/cg/ModularCodeGen5_A.mk"
Using ptolemy/cg/kernel/generic/program/procedural/java/modular/makefile.in
In "/home/travis/cg", about to execute:
    make -f ModularCodeGen5_A.mk
javac -classpath ".:.."    ModularCodeGen5_A.java
All Done
7965 ms. Memory: 145408K Free: 78694K (54%)
----------------- Invoking toplevel() on ptolemy.moml.MoMLSimpleApplication@5d40756
----------------- Done invoking toplevel() on ptolemy.moml.MoMLSimpleApplication@5d40756
reloadAllAccessors: .ModularCodeGen5

===========================================================================================
----------------- testing Sun Jul 21 18:28:24 UTC 2019 /home/travis/build/icyphy/ptII/ptolemy/cg/lib/test/auto/ModularCodeGen6.xml
----------------- Instantiating /home/travis/build/icyphy/ptII/ptolemy/cg/lib/test/auto/ModularCodeGen6.xml
In "/home/travis/cg", about to execute:
    pwd
In "/home/travis/cg", about to execute:
    ls -l
/home/travis/cg
In "/home/travis/cg", about to execute:
    javac -classpath
.:/home/travis/build/icyphy/ptII:/home/travis/build/icyphy/ptII/lib/bsh-2.0b4.j
ar:/home/travis/build/icyphy/ptII/lib/ptCal.jar:/home/travis/build/icyphy/ptII/
lib/java_cup.jar:/home/travis/build/icyphy/ptII/lib/saxon8.jar:/home/travis/bui
ld/icyphy/ptII/lib/saxon8-dom.jar:/home/travis/build/icyphy/ptII/lib/chic.jar:/
home/travis/build/icyphy/ptII/lib/ptcolt.jar:/home/travis/build/icyphy/ptII/ven
dors/misc/itext/iText.jar:/home/travis/build/icyphy/ptII/lib/g4ltl.jar:/home/tr
avis/build/icyphy/ptII/lib/StructuralCoder.jar:/home/travis/build/icyphy/ptII/l
ib/jcerti.jar:/home/travis/build/icyphy/ptII/lib/javax.mail.jar:/home/travis/bu
ild/icyphy/ptII/vendors/JMF-2.1.1e/lib/jmf.jar:/home/travis/build/icyphy/ptII/l
ib/jna-4.0.0-variadic.jar:/home/travis/build/icyphy/ptII/vendors/misc/joystick/
Joystick.jar:/home/travis/build/icyphy/ptII/lib/ptjacl.jar:/home/travis/build/i
cyphy/ptII/lib/jsoup-1.8.2.jar:/home/travis/build/icyphy/ptII/lib/junit-4.8.2.j
ar:/home/travis/build/icyphy/ptII/lib/JUnitParams-0.4.0.jar:/home/travis/build/
icyphy/ptII/ptolemy/actor/lib/excel/jxl.jar:/home/travis/build/icyphy/ptII/lib/
jython.jar:/home/travis/build/icyphy/ptII/lib/kieler.jar:/home/travis/build/icy
phy/ptII/vendors/opencv/share/OpenCV/java/opencv-341.jar:/home/travis/build/icy
phy/ptII/lib/oscP5.jar:/home/travis/build/icyphy/ptII/lib/nrjavaserial-3.11.0.d
evel.jar:/home/travis/build/icyphy/ptII/vendors/j3d/lib/Linux/j3dcore.jar:/home
/travis/build/icyphy/ptII/vendors/j3d/lib/Linux/j3dutils.jar:/home/travis/build
/icyphy/ptII/vendors/j3d/lib/Linux/vecmath.jar:/home/travis/build/icyphy/ptII/v
endors/jogl/lib/Linux/gluegen-rt-natives-linux-amd64.jar:/home/travis/build/icy
phy/ptII/vendors/jogl/lib/Linux/gluegen-rt.jar:/home/travis/build/icyphy/ptII/v
endors/jogl/lib/Linux/jogl-all-natives-linux-amd64.jar:/home/travis/build/icyph
y/ptII/vendors/jogl/lib/Linux/jogl-all.jar:/home/travis/build/icyphy/ptII/ptole
my/distributed/jini/jar/jini-core.jar:/home/travis/build/icyphy/ptII/ptolemy/di
stributed/jini/jar/jini-ext.jar:/home/travis/build/icyphy/ptII/ptolemy/distribu
ted/jini/jar/sun-util.jar:/home/travis/build/icyphy/ptII/lib/protobuf-java-2.4.
1.jar:/home/travis/build/icyphy/ptII/lib/org.eclipse.paho.client.mqttv3.jar:/ho
me/travis/build/icyphy/ptII/lib/mapss.jar:/home/travis/build/icyphy/ptII/ptolem
y/actor/ptalon/antlr/antlr.jar:/home/travis/build/icyphy/ptII/lib/JRI.jar:/home
/travis/build/icyphy/ptII/lib/commons-lang-2.6.jar:/home/travis/build/icyphy/pt
II/lib/commons-logging-1.1.1.jar:/home/travis/build/icyphy/ptII/lib/sootclasses
.jar:/home/travis/build/icyphy/ptII/ptolemy/actor/lib/database/mysql-connector-
java-5.1.6-bin.jar:/home/travis/build/icyphy/ptII/vendors/misc/sphinx4/sphinx4-
data-5prealpha.jar:/home/travis/build/icyphy/ptII/vendors/misc/sphinx4/sphinx4-
core-5prealpha.jar:/home/travis/build/icyphy/ptII/lib/PDFRenderer.jar:/home/tra
vis/build/icyphy/ptII/lib/svgSalamander.jar:/home/travis/build/icyphy/ptII/lib/
rsyntaxtextarea-2.6.0-SNAPSHOT.jar:/home/travis/build/icyphy/ptII/lib/hazelcast
-3.8.2.jar:/home/travis/build/icyphy/ptII/lib/jackson-annotations-2.9.0.jar:/ho
me/travis/build/icyphy/ptII/lib/jackson-core-2.9.3.jar:/home/travis/build/icyph
y/ptII/lib/jackson-databind-2.9.3.jar:/home/travis/build/icyphy/ptII/lib/netty-
buffer-4.1.19.Final.jar:/home/travis/build/icyphy/ptII/lib/netty-codec-4.1.19.F
inal.jar:/home/travis/build/icyphy/ptII/lib/netty-codec-dns-4.1.19.Final.jar:/h
ome/travis/build/icyphy/ptII/lib/netty-codec-http-4.1.19.Final.jar:/home/travis
/build/icyphy/ptII/lib/netty-codec-http2-4.1.19.Final.jar:/home/travis/build/ic
yphy/ptII/lib/netty-common-4.1.19.Final.jar:/home/travis/build/icyphy/ptII/lib/
netty-handler-4.1.19.Final.jar:/home/travis/build/icyphy/ptII/lib/netty-resolve
r-4.1.19.Final.jar:/home/travis/build/icyphy/ptII/lib/netty-resolver-dns-4.1.19
.Final.jar:/home/travis/build/icyphy/ptII/lib/netty-transport-4.1.19.Final.jar:
/home/travis/build/icyphy/ptII/lib/vertx-codegen-3.5.1.jar:/home/travis/build/i
cyphy/ptII/lib/vertx-core-3.5.2-SNAPSHOT.jar:/home/travis/build/icyphy/ptII/lib
/vertx-hazelcast-3.5.1.jar:/home/travis/build/icyphy/ptII/lib/vertx-lang-js-3.5
.1.jar:/home/travis/build/icyphy/ptII/lib/vertx-service-proxy-3.5.1.jar:/home/t
ravis/build/icyphy/ptII/lib/vertx-web-3.5.1.jar:/home/travis/build/icyphy/ptII/
lib/slf4j-api-1.7.13.jar:/home/travis/build/icyphy/ptII/lib/slf4j-simple-1.7.13
.jar:/home/travis/build/icyphy/ptII/lib/webcam-capture-0.3.12.jar:/home/travis/
build/icyphy/ptII/lib/bridj-0.7.0.jar:/home/travis/build/icyphy/ptII/lib/xbjlib
-1.1.0.nrjavaserial.jar:/home/travis/build/icyphy/ptII/ptolemy/moml/test:/home/
travis/build/icyphy/ptII/ant/lib/ant-launcher.jar:/home/travis/build/icyphy/ptI
I/ant/lib/ant.jar:/home/travis/build/icyphy/ptII/ant/lib/ant-junit.jar:/home/tr
avis/build/icyphy/ptII/ant/lib/ant-junit4.jar:/home/travis/build/icyphy/ptII
ModularCodeGen6_A_A_profile.java
total 2200
drwxrwxr-x   3 travis travis  12288 Jul 21 18:20 AbsoluteValue
drwxrwxr-x   3 travis travis 102400 Jul 21 18:19 AllColt
drwxrwxr-x   3 travis travis  12288 Jul 21 18:19 Case1
-rw-rw-r--   1 travis travis   5128 Jul 21 18:26 CompiledCompositeActor_CompiledCompositeActor.class
-rw-rw-r--   1 travis travis   1611 Jul 21 18:26 CompiledCompositeActor_CompiledCompositeActor$_CompiledCompositeActor_CompiledCompositeActor.class
-rw-rw-r--   1 travis travis  13466 Jul 21 18:26 CompiledCompositeActor_CompiledCompositeActor.java
-rw-rw-r--   1 travis travis   1593 Jul 21 18:26 CompiledCompositeActor_CompiledCompositeActor.mk
drwxrwxr-x   5 travis travis   4096 Jul 21 18:18 fmi
drwxrwxr-x   3 travis travis  16384 Jul 21 18:20 Gaussian2
-rw-rw-r--   1 travis travis   4684 Jul 21 18:26 JavaCompiledCompositeTest1_CompiledCompositeActor.class
-rw-rw-r--   1 travis travis  11637 Jul 21 18:26 JavaCompiledCompositeTest1_CompiledCompositeActor.java
-rw-rw-r--   1 travis travis   1217 Jul 21 18:26 JavaCompiledCompositeTest1_CompiledCompositeActor$_JavaCompiledCompositeTest1_CompiledCompositeActor.class
-rw-rw-r--   1 travis travis   1625 Jul 21 18:26 JavaCompiledCompositeTest1_CompiledCompositeActor.mk
-rw-rw-r--   1 travis travis   5115 Jul 21 18:26 JavaCompiledCompositeTest2_CompiledCompositeActor.class
-rw-rw-r--   1 travis travis  14919 Jul 21 18:26 JavaCompiledCompositeTest2_CompiledCompositeActor.java
-rw-rw-r--   1 travis travis   1812 Jul 21 18:26 JavaCompiledCompositeTest2_CompiledCompositeActor$_JavaCompiledCompositeTest2_CompiledCompositeActor.class
-rw-rw-r--   1 travis travis   1625 Jul 21 18:26 JavaCompiledCompositeTest2_CompiledCompositeActor.mk
-rw-rw-r--   1 travis travis   4732 Jul 21 18:26 JavaCompiledCompositeTest3_CompiledCompositeActor.class
-rw-rw-r--   1 travis travis  13080 Jul 21 18:26 JavaCompiledCompositeTest3_CompiledCompositeActor.java
-rw-rw-r--   1 travis travis   1397 Jul 21 18:26 JavaCompiledCompositeTest3_CompiledCompositeActor$_JavaCompiledCompositeTest3_CompiledCompositeActor.class
-rw-rw-r--   1 travis travis   1625 Jul 21 18:26 JavaCompiledCompositeTest3_CompiledCompositeActor.mk
-rw-rw-r--   1 travis travis   4183 Jul 21 18:26 JavaCompiledCompositeTest4_CompiledCompositeActor.class
-rw-rw-r--   1 travis travis   9687 Jul 21 18:26 JavaCompiledCompositeTest4_CompiledCompositeActor.java
-rw-rw-r--   1 travis travis    876 Jul 21 18:26 JavaCompiledCompositeTest4_CompiledCompositeActor$_JavaCompiledCompositeTest4_CompiledCompositeActor.class
-rw-rw-r--   1 travis travis   1625 Jul 21 18:26 JavaCompiledCompositeTest4_CompiledCompositeActor.mk
drwxrwxr-x   3 travis travis  12288 Jul 21 18:21 LookupTable
drwxrwxr-x   3 travis travis  20480 Jul 21 18:21 MaxIndex
-rw-rw-r--   1 travis travis   3925 Jul 21 18:26 ModularCG_A1_B1.class
-rw-rw-r--   1 travis travis   9730 Jul 21 18:26 ModularCG_A1_B1.java
-rw-rw-r--   1 travis travis    832 Jul 21 18:26 ModularCG_A1_B1.mk
-rw-rw-r--   1 travis travis   1318 Jul 21 18:26 ModularCG_A1_B1_profile.class
-rw-rw-r--   1 travis travis   1262 Jul 21 18:26 ModularCG_A1_B1_profile.java
-rw-rw-r--   1 travis travis   3925 Jul 21 18:27 ModularCG_A1_B2.class
-rw-rw-r--   1 travis travis   9730 Jul 21 18:27 ModularCG_A1_B2.java
-rw-rw-r--   1 travis travis    832 Jul 21 18:27 ModularCG_A1_B2.mk
-rw-rw-r--   1 travis travis   1318 Jul 21 18:27 ModularCG_A1_B2_profile.class
-rw-rw-r--   1 travis travis   1262 Jul 21 18:26 ModularCG_A1_B2_profile.java
-rw-rw-r--   1 travis travis   5031 Jul 21 18:27 ModularCG_A1.class
-rw-rw-r--   1 travis travis  14742 Jul 21 18:27 ModularCG_A1.java
-rw-rw-r--   1 travis travis    808 Jul 21 18:27 ModularCG_A1.mk
-rw-rw-r--   1 travis travis   1433 Jul 21 18:27 ModularCG_A1_profile.class
-rw-rw-r--   1 travis travis   1704 Jul 21 18:27 ModularCG_A1_profile.java
-rw-rw-r--   1 travis travis   4059 Jul 21 18:27 ModularCG_A2_B1.class
-rw-rw-r--   1 travis travis  10667 Jul 21 18:27 ModularCG_A2_B1.java
-rw-rw-r--   1 travis travis    832 Jul 21 18:27 ModularCG_A2_B1.mk
-rw-rw-r--   1 travis travis   1381 Jul 21 18:27 ModularCG_A2_B1_profile.class
-rw-rw-r--   1 travis travis   1446 Jul 21 18:27 ModularCG_A2_B1_profile.java
-rw-rw-r--   1 travis travis   3925 Jul 21 18:27 ModularCG_A2_B2.class
-rw-rw-r--   1 travis travis   9730 Jul 21 18:27 ModularCG_A2_B2.java
-rw-rw-r--   1 travis travis    832 Jul 21 18:27 ModularCG_A2_B2.mk
-rw-rw-r--   1 travis travis   1318 Jul 21 18:27 ModularCG_A2_B2_profile.class
-rw-rw-r--   1 travis travis   1262 Jul 21 18:27 ModularCG_A2_B2_profile.java
-rw-rw-r--   1 travis travis   5102 Jul 21 18:27 ModularCG_A2.class
-rw-rw-r--   1 travis travis  15129 Jul 21 18:27 ModularCG_A2.java
-rw-rw-r--   1 travis travis    808 Jul 21 18:27 ModularCG_A2.mk
-rw-rw-r--   1 travis travis   1433 Jul 21 18:27 ModularCG_A2_profile.class
-rw-rw-r--   1 travis travis   1704 Jul 21 18:27 ModularCG_A2_profile.java
-rw-rw-r--   1 travis travis   3705 Jul 21 18:27 ModularCGPubSub_A1_A2.class
-rw-rw-r--   1 travis travis   9076 Jul 21 18:27 ModularCGPubSub_A1_A2.java
-rw-rw-r--   1 travis travis    880 Jul 21 18:27 ModularCGPubSub_A1_A2.mk
-rw-rw-r--   1 travis travis   1300 Jul 21 18:27 ModularCGPubSub_A1_A2_profile.class
-rw-rw-r--   1 travis travis   1222 Jul 21 18:27 ModularCGPubSub_A1_A2_profile.java
-rw-rw-r--   1 travis travis   4022 Jul 21 18:27 ModularCGPubSub_A1.class
-rw-rw-r--   1 travis travis   9836 Jul 21 18:27 ModularCGPubSub_A1.java
-rw-rw-r--   1 travis travis    856 Jul 21 18:27 ModularCGPubSub_A1.mk
-rw-rw-r--   1 travis travis   1346 Jul 21 18:27 ModularCGPubSub_A1_profile.class
-rw-rw-r--   1 travis travis   1388 Jul 21 18:27 ModularCGPubSub_A1_profile.java
-rw-rw-r--   1 travis travis   4220 Jul 21 18:27 ModularCodeGen2_ModularCodeGenTypedCompositeActor.class
-rw-rw-r--   1 travis travis  11690 Jul 21 18:27 ModularCodeGen2_ModularCodeGenTypedCompositeActor.java
-rw-rw-r--   1 travis travis   1104 Jul 21 18:27 ModularCodeGen2_ModularCodeGenTypedCompositeActor.mk
-rw-rw-r--   1 travis travis   4504 Jul 21 18:27 ModularCodeGen2_ModularCodeGenTypedCompositeActor_ModularCodeGenTypedCompositeActor.class
-rw-rw-r--   1 travis travis  11790 Jul 21 18:27 ModularCodeGen2_ModularCodeGenTypedCompositeActor_ModularCodeGenTypedCompositeActor.java
-rw-rw-r--   1 travis travis   1376 Jul 21 18:27 ModularCodeGen2_ModularCodeGenTypedCompositeActor_ModularCodeGenTypedCompositeActor.mk
-rw-rw-r--   1 travis travis   1421 Jul 21 18:27 ModularCodeGen2_ModularCodeGenTypedCompositeActor_ModularCodeGenTypedCompositeActor_profile.class
-rw-rw-r--   1 travis travis   1294 Jul 21 18:27 ModularCodeGen2_ModularCodeGenTypedCompositeActor_ModularCodeGenTypedCompositeActor_profile.java
-rw-rw-r--   1 travis travis    820 Jul 21 18:27 ModularCodeGen2_ModularCodeGenTypedCompositeActor_profile.class
-rw-rw-r--   1 travis travis    693 Jul 21 18:27 ModularCodeGen2_ModularCodeGenTypedCompositeActor_profile.java
-rw-rw-r--   1 travis travis   3973 Jul 21 18:27 ModularCodeGen3_A1_B1.class
-rw-rw-r--   1 travis travis   9958 Jul 21 18:27 ModularCodeGen3_A1_B1.java
-rw-rw-r--   1 travis travis    880 Jul 21 18:27 ModularCodeGen3_A1_B1.mk
-rw-rw-r--   1 travis travis   1330 Jul 21 18:27 ModularCodeGen3_A1_B1_profile.class
-rw-rw-r--   1 travis travis   1274 Jul 21 18:27 ModularCodeGen3_A1_B1_profile.java
-rw-rw-r--   1 travis travis   3973 Jul 21 18:27 ModularCodeGen3_A1_B2.class
-rw-rw-r--   1 travis travis   9958 Jul 21 18:27 ModularCodeGen3_A1_B2.java
-rw-rw-r--   1 travis travis    880 Jul 21 18:27 ModularCodeGen3_A1_B2.mk
-rw-rw-r--   1 travis travis   1330 Jul 21 18:27 ModularCodeGen3_A1_B2_profile.class
-rw-rw-r--   1 travis travis   1274 Jul 21 18:27 ModularCodeGen3_A1_B2_profile.java
-rw-rw-r--   1 travis travis   5193 Jul 21 18:27 ModularCodeGen3_A1.class
-rw-rw-r--   1 travis travis  15564 Jul 21 18:27 ModularCodeGen3_A1.java
-rw-rw-r--   1 travis travis    856 Jul 21 18:27 ModularCodeGen3_A1.mk
-rw-rw-r--   1 travis travis   1445 Jul 21 18:27 ModularCodeGen3_A1_profile.class
-rw-rw-r--   1 travis travis   1716 Jul 21 18:27 ModularCodeGen3_A1_profile.java
-rw-rw-r--   1 travis travis   4119 Jul 21 18:27 ModularCodeGen3_A2_B1.class
-rw-rw-r--   1 travis travis  10955 Jul 21 18:27 ModularCodeGen3_A2_B1.java
-rw-rw-r--   1 travis travis    880 Jul 21 18:27 ModularCodeGen3_A2_B1.mk
-rw-rw-r--   1 travis travis   1393 Jul 21 18:27 ModularCodeGen3_A2_B1_profile.class
-rw-rw-r--   1 travis travis   1458 Jul 21 18:27 ModularCodeGen3_A2_B1_profile.java
-rw-rw-r--   1 travis travis   3973 Jul 21 18:27 ModularCodeGen3_A2_B2.class
-rw-rw-r--   1 travis travis   9958 Jul 21 18:27 ModularCodeGen3_A2_B2.java
-rw-rw-r--   1 travis travis    880 Jul 21 18:27 ModularCodeGen3_A2_B2.mk
-rw-rw-r--   1 travis travis   1330 Jul 21 18:27 ModularCodeGen3_A2_B2_profile.class
-rw-rw-r--   1 travis travis   1274 Jul 21 18:27 ModularCodeGen3_A2_B2_profile.java
-rw-rw-r--   1 travis travis   5270 Jul 21 18:27 ModularCodeGen3_A2.class
-rw-rw-r--   1 travis travis  15957 Jul 21 18:27 ModularCodeGen3_A2.java
-rw-rw-r--   1 travis travis    856 Jul 21 18:27 ModularCodeGen3_A2.mk
-rw-rw-r--   1 travis travis   1445 Jul 21 18:27 ModularCodeGen3_A2_profile.class
-rw-rw-r--   1 travis travis   1716 Jul 21 18:27 ModularCodeGen3_A2_profile.java
-rw-rw-r--   1 travis travis   4026 Jul 21 18:27 ModularCodeGen4_A1_B1.class
-rw-rw-r--   1 travis travis  10312 Jul 21 18:27 ModularCodeGen4_A1_B1.java
-rw-rw-r--   1 travis travis    880 Jul 21 18:27 ModularCodeGen4_A1_B1.mk
-rw-rw-r--   1 travis travis   1330 Jul 21 18:27 ModularCodeGen4_A1_B1_profile.class
-rw-rw-r--   1 travis travis   1273 Jul 21 18:27 ModularCodeGen4_A1_B1_profile.java
-rw-rw-r--   1 travis travis   4026 Jul 21 18:28 ModularCodeGen4_A1_B2.class
-rw-rw-r--   1 travis travis  10312 Jul 21 18:28 ModularCodeGen4_A1_B2.java
-rw-rw-r--   1 travis travis    880 Jul 21 18:28 ModularCodeGen4_A1_B2.mk
-rw-rw-r--   1 travis travis   1330 Jul 21 18:28 ModularCodeGen4_A1_B2_profile.class
-rw-rw-r--   1 travis travis   1273 Jul 21 18:27 ModularCodeGen4_A1_B2_profile.java
-rw-rw-r--   1 travis travis   5333 Jul 21 18:28 ModularCodeGen4_A1.class
-rw-rw-r--   1 travis travis  16245 Jul 21 18:28 ModularCodeGen4_A1.java
-rw-rw-r--   1 travis travis    856 Jul 21 18:28 ModularCodeGen4_A1.mk
-rw-rw-r--   1 travis travis   1445 Jul 21 18:28 ModularCodeGen4_A1_profile.class
-rw-rw-r--   1 travis travis   1712 Jul 21 18:28 ModularCodeGen4_A1_profile.java
-rw-rw-r--   1 travis travis   4220 Jul 21 18:28 ModularCodeGen4_A2_B1.class
-rw-rw-r--   1 travis travis  11375 Jul 21 18:28 ModularCodeGen4_A2_B1.java
-rw-rw-r--   1 travis travis    880 Jul 21 18:28 ModularCodeGen4_A2_B1.mk
-rw-rw-r--   1 travis travis   1393 Jul 21 18:28 ModularCodeGen4_A2_B1_profile.class
-rw-rw-r--   1 travis travis   1454 Jul 21 18:28 ModularCodeGen4_A2_B1_profile.java
-rw-rw-r--   1 travis travis   4074 Jul 21 18:28 ModularCodeGen4_A2_B2.class
-rw-rw-r--   1 travis travis  10378 Jul 21 18:28 ModularCodeGen4_A2_B2.java
-rw-rw-r--   1 travis travis    880 Jul 21 18:28 ModularCodeGen4_A2_B2.mk
-rw-rw-r--   1 travis travis   1330 Jul 21 18:28 ModularCodeGen4_A2_B2_profile.class
-rw-rw-r--   1 travis travis   1270 Jul 21 18:28 ModularCodeGen4_A2_B2_profile.java
-rw-rw-r--   1 travis travis   5506 Jul 21 18:28 ModularCodeGen4_A2.class
-rw-rw-r--   1 travis travis  16770 Jul 21 18:28 ModularCodeGen4_A2.java
-rw-rw-r--   1 travis travis    856 Jul 21 18:28 ModularCodeGen4_A2.mk
-rw-rw-r--   1 travis travis   1445 Jul 21 18:28 ModularCodeGen4_A2_profile.class
-rw-rw-r--   1 travis travis   1712 Jul 21 18:28 ModularCodeGen4_A2_profile.java
-rw-rw-r--   1 travis travis   7070 Jul 21 18:28 ModularCodeGen5_A_A.class
-rw-rw-r--   1 travis travis  28721 Jul 21 18:28 ModularCodeGen5_A_A.java
-rw-rw-r--   1 travis travis    864 Jul 21 18:28 ModularCodeGen5_A_A.mk
-rw-rw-r--   1 travis travis   1520 Jul 21 18:28 ModularCodeGen5_A_A_profile.class
-rw-rw-r--   1 travis travis   1815 Jul 21 18:28 ModularCodeGen5_A_A_profile.java
-rw-rw-r--   1 travis travis   5347 Jul 21 18:28 ModularCodeGen5_A.class
-rw-rw-r--   1 travis travis  13769 Jul 21 18:28 ModularCodeGen5_A.java
-rw-rw-r--   1 travis travis    848 Jul 21 18:28 ModularCodeGen5_A.mk
-rw-rw-r--   1 travis travis   1422 Jul 21 18:28 ModularCodeGen5_A_profile.class
-rw-rw-r--   1 travis travis   1605 Jul 21 18:28 ModularCodeGen5_A_profile.java
-rw-rw-r--   1 travis travis   1361 Jul 21 18:28 ModularCodeGen6_A_A_profile.java
-rw-rw-r--   1 travis travis   4186 Jul 21 18:27 ModularCodeGen_ModularCodeGenTypedCompositeActor.class
-rw-rw-r--   1 travis travis  10970 Jul 21 18:27 ModularCodeGen_ModularCodeGenTypedCompositeActor.java
-rw-rw-r--   1 travis travis   1096 Jul 21 18:27 ModularCodeGen_ModularCodeGenTypedCompositeActor.mk
-rw-rw-r--   1 travis travis   1384 Jul 21 18:27 ModularCodeGen_ModularCodeGenTypedCompositeActor_profile.class
-rw-rw-r--   1 travis travis   1328 Jul 21 18:27 ModularCodeGen_ModularCodeGenTypedCompositeActor_profile.java
-rw-rw-r--   1 travis travis   3724 Jul 21 18:26 ModularCodeGenTest_A1_A2.class
-rw-rw-r--   1 travis travis   9164 Jul 21 18:26 ModularCodeGenTest_A1_A2.java
-rw-rw-r--   1 travis travis   1306 Jul 21 18:26 ModularCodeGenTest_A1_A2_profile.class
-rw-rw-r--   1 travis travis   4055 Jul 21 18:26 ModularCodeGenTest_A1.class
-rw-rw-r--   1 travis travis   9968 Jul 21 18:26 ModularCodeGenTest_A1.java
-rw-rw-r--   1 travis travis    880 Jul 21 18:26 ModularCodeGenTest_A1.mk
-rw-rw-r--   1 travis travis   1352 Jul 21 18:26 ModularCodeGenTest_A1_profile.class
-rw-rw-r--   1 travis travis   1394 Jul 21 18:26 ModularCodeGenTest_A1_profile.java
drwxrwxr-x   3 travis travis  32768 Jul 21 18:26 modulation2
drwxrwxr-x 139 travis travis  12288 Jul 21 18:26 node_modules
drwxrwxr-x   3 travis travis  20480 Jul 21 18:21 PhaseUnwrap
drwxrwxr-x   3 travis travis  12288 Jul 21 18:22 ReadFile1
-rw-rw-r--   1 travis travis     11 Jul 21 18:21 ReadFile1Output.txt
-rw-rw-r--   1 travis travis  13773 Jul 21 18:26 Repeat.class
-rw-rw-r--   1 travis travis    685 Jul 21 18:26 Repeat$_fireFunction_Repeat_Repeat$__f_sL_11.class
-rw-rw-r--   1 travis travis    541 Jul 21 18:26 Repeat$_fireFunction_Repeat_Repeat$__f_sL_12.class
-rw-rw-r--   1 travis travis    541 Jul 21 18:26 Repeat$_fireFunction_Repeat_Repeat$__f_sL_13.class
-rw-rw-r--   1 travis travis    541 Jul 21 18:26 Repeat$_fireFunction_Repeat_Repeat$__f_sL_14.class
-rw-rw-r--   1 travis travis    684 Jul 21 18:26 Repeat$_fireFunction_Repeat_Repeat$__f_sL_1.class
-rw-rw-r--   1 travis travis    683 Jul 21 18:26 Repeat$_fireFunction_Repeat_Repeat$__f_sL_4.class
-rw-rw-r--   1 travis travis    539 Jul 21 18:26 Repeat$_fireFunction_Repeat_Repeat$__f_sL_9.class
-rw-rw-r--   1 travis travis    494 Jul 21 18:26 Repeat$_initialize_Repeat$__i_sL_2.class
-rw-rw-r--   1 travis travis   1281 Jul 21 18:26 Repeat.mk
-rw-rw-r--   1 travis travis    539 Jul 21 18:26 Repeat$_preinitializeMethod_Repeat$__p_sL_0.class
-rw-rw-r--   1 travis travis   1102 Jul 21 18:26 Repeat$_Repeat$_fireFunction_Repeat_AddSubtract_Repeat.class
-rw-rw-r--   1 travis travis    810 Jul 21 18:26 Repeat$_Repeat$_fireFunction_Repeat_AddSubtract_Repeat$__f_sL_0.class
-rw-rw-r--   1 travis travis    928 Jul 21 18:26 Repeat$_Repeat$_fireFunction_Repeat_AddSubtract_Repeat$__f_sL_1.class
-rw-rw-r--   1 travis travis    934 Jul 21 18:26 Repeat$_Repeat$_fireFunction_Repeat_AddSubtract_Repeat$__f_sL_2.class
-rw-rw-r--   1 travis travis    862 Jul 21 18:26 Repeat$_Repeat$_fireFunction_Repeat_AddSubtract_Repeat$__f_sL_3.class
-rw-rw-r--   1 travis travis    757 Jul 21 18:26 Repeat$_Repeat$_fireFunction_Repeat_Ramp2_Repeat$__f_sL_0.class
-rw-rw-r--   1 travis travis    888 Jul 21 18:26 Repeat$_Repeat$_fireFunction_Repeat_Test_Repeat$__f_sL_0.class
-rw-rw-r--   1 travis travis    634 Jul 21 18:26 Repeat$_Repeat$_fireFunction_Repeat_Test_Repeat$__f_sL_1.class
-rw-rw-r--   1 travis travis    704 Jul 21 18:26 Repeat$_Repeat_SDF_Director_run_Repeat$__R_sL_0.class
-rw-rw-r--   1 travis travis    705 Jul 21 18:26 Repeat$_Repeat_SDF_Director_run_Repeat$__R_sL_11.class
-rw-rw-r--   1 travis travis    561 Jul 21 18:26 Repeat$_Repeat_SDF_Director_run_Repeat$__R_sL_13.class
-rw-rw-r--   1 travis travis    559 Jul 21 18:26 Repeat$_Repeat_SDF_Director_run_Repeat$__R_sL_2.class
-rw-rw-r--   1 travis travis    703 Jul 21 18:26 Repeat$_Repeat_SDF_Director_run_Repeat$__R_sL_3.class
-rw-rw-r--   1 travis travis    559 Jul 21 18:26 Repeat$_Repeat_SDF_Director_run_Repeat$__R_sL_5.class
-rw-rw-r--   1 travis travis    559 Jul 21 18:26 Repeat$_Repeat_SDF_Director_run_Repeat$__R_sL_8.class
drwxrwxr-x   2 travis travis   4096 Jul 21 18:26 RepeatVariables
-rw-rw-r--   1 travis travis    882 Jul 21 18:26 Repeat$_varinit_Repeat.class
-rw-rw-r--   1 travis travis    550 Jul 21 18:26 Repeat$_varinit_Repeat$__v_sL_2.class
-rw-rw-r--   1 travis travis    924 Jul 21 18:26 Repeat$_varinit_Repeat$__v_sL_4.class
-rw-rw-r--   1 travis travis    978 Jul 21 18:26 Repeat$_wrapup_Repeat$__w_sL_1.class
drwxrwxr-x   3 travis travis  20480 Jul 21 18:22 Sinewave
drwxrwxr-x   3 travis travis  32768 Jul 21 18:23 StringFunction
drwxrwxr-x   3 travis travis  12288 Jul 21 18:24 StringLength
drwxrwxr-x   3 travis travis  61440 Jul 21 18:24 StringMatches2
drwxrwxr-x   3 travis travis  61440 Jul 21 18:24 StringSimpleReplace
drwxrwxr-x   3 travis travis  65536 Jul 21 18:24 StringSubstring
drwxrwxr-x   3 travis travis  24576 Jul 21 18:25 StringSubstring2
drwxrwxr-x   3 travis travis  16384 Jul 21 18:25 time1
drwxrwxr-x   3 travis travis  12288 Jul 21 18:26 time5
-rw-rw-r--   1 travis travis    432 Jul 21 18:28 Token.class
-rw-rw-r--   1 travis travis    251 Jul 21 18:28 Token.java
-rwxrwxr-x   1 travis travis 466992 Jul 21 18:18 top
-rw-rw-r--   1 travis travis  20502 Jul 21 18:18 top.c
-rw-rw-r--   1 travis travis   3799 Jul 21 18:26 top.class
-rw-rw-r--   1 travis travis   1257 Jul 21 18:26 top.mk
All Done
Writing ModularCodeGen6_A_A.java in file:/home/travis/cg/ (11221 characters)
Reading "ptolemy/cg/kernel/generic/program/procedural/java/modular/makefile.in",
    writing "/home/travis/cg/ModularCodeGen6_A_A.mk"
Using ptolemy/cg/kernel/generic/program/procedural/java/modular/makefile.in
In "/home/travis/cg", about to execute:
    make -f ModularCodeGen6_A_A.mk
javac -classpath ".:.."    ModularCodeGen6_A_A.java
All Done
In "/home/travis/cg", about to execute:
    pwd
In "/home/travis/cg", about to execute:
    ls -l
/home/travis/cg
total 2232
In "/home/travis/cg", about to execute:
    javac -classpath
.:/home/travis/build/icyphy/ptII:/home/travis/build/icyphy/ptII/lib/bsh-2.0b4.j
ar:/home/travis/build/icyphy/ptII/lib/ptCal.jar:/home/travis/build/icyphy/ptII/
lib/java_cup.jar:/home/travis/build/icyphy/ptII/lib/saxon8.jar:/home/travis/bui
ld/icyphy/ptII/lib/saxon8-dom.jar:/home/travis/build/icyphy/ptII/lib/chic.jar:/
home/travis/build/icyphy/ptII/lib/ptcolt.jar:/home/travis/build/icyphy/ptII/ven
dors/misc/itext/iText.jar:/home/travis/build/icyphy/ptII/lib/g4ltl.jar:/home/tr
avis/build/icyphy/ptII/lib/StructuralCoder.jar:/home/travis/build/icyphy/ptII/l
ib/jcerti.jar:/home/travis/build/icyphy/ptII/lib/javax.mail.jar:/home/travis/bu
ild/icyphy/ptII/vendors/JMF-2.1.1e/lib/jmf.jar:/home/travis/build/icyphy/ptII/l
ib/jna-4.0.0-variadic.jar:/home/travis/build/icyphy/ptII/vendors/misc/joystick/
Joystick.jar:/home/travis/build/icyphy/ptII/lib/ptjacl.jar:/home/travis/build/i
cyphy/ptII/lib/jsoup-1.8.2.jar:/home/travis/build/icyphy/ptII/lib/junit-4.8.2.j
ar:/home/travis/build/icyphy/ptII/lib/JUnitParams-0.4.0.jar:/home/travis/build/
icyphy/ptII/ptolemy/actor/lib/excel/jxl.jar:/home/travis/build/icyphy/ptII/lib/
jython.jar:/home/travis/build/icyphy/ptII/lib/kieler.jar:/home/travis/build/icy
phy/ptII/vendors/opencv/share/OpenCV/java/opencv-341.jar:/home/travis/build/icy
phy/ptII/lib/oscP5.jar:/home/travis/build/icyphy/ptII/lib/nrjavaserial-3.11.0.d
evel.jar:/home/travis/build/icyphy/ptII/vendors/j3d/lib/Linux/j3dcore.jar:/home
/travis/build/icyphy/ptII/vendors/j3d/lib/Linux/j3dutils.jar:/home/travis/build
/icyphy/ptII/vendors/j3d/lib/Linux/vecmath.jar:/home/travis/build/icyphy/ptII/v
endors/jogl/lib/Linux/gluegen-rt-natives-linux-amd64.jar:/home/travis/build/icy
phy/ptII/vendors/jogl/lib/Linux/gluegen-rt.jar:/home/travis/build/icyphy/ptII/v
endors/jogl/lib/Linux/jogl-all-natives-linux-amd64.jar:/home/travis/build/icyph
y/ptII/vendors/jogl/lib/Linux/jogl-all.jar:/home/travis/build/icyphy/ptII/ptole
my/distributed/jini/jar/jini-core.jar:/home/travis/build/icyphy/ptII/ptolemy/di
stributed/jini/jar/jini-ext.jar:/home/travis/build/icyphy/ptII/ptolemy/distribu
ted/jini/jar/sun-util.jar:/home/travis/build/icyphy/ptII/lib/protobuf-java-2.4.
1.jar:/home/travis/build/icyphy/ptII/lib/org.eclipse.paho.client.mqttv3.jar:/ho
me/travis/build/icyphy/ptII/lib/mapss.jar:/home/travis/build/icyphy/ptII/ptolem
y/actor/ptalon/antlr/antlr.jar:/home/travis/build/icyphy/ptII/lib/JRI.jar:/home
/travis/build/icyphy/ptII/lib/commons-lang-2.6.jar:/home/travis/build/icyphy/pt
II/lib/commons-logging-1.1.1.jar:/home/travis/build/icyphy/ptII/lib/sootclasses
.jar:/home/travis/build/icyphy/ptII/ptolemy/actor/lib/database/mysql-connector-
java-5.1.6-bin.jar:/home/travis/build/icyphy/ptII/vendors/misc/sphinx4/sphinx4-
data-5prealpha.jar:/home/travis/build/icyphy/ptII/vendors/misc/sphinx4/sphinx4-
core-5prealpha.jar:/home/travis/build/icyphy/ptII/lib/PDFRenderer.jar:/home/tra
vis/build/icyphy/ptII/lib/svgSalamander.jar:/home/travis/build/icyphy/ptII/lib/
rsyntaxtextarea-2.6.0-SNAPSHOT.jar:/home/travis/build/icyphy/ptII/lib/hazelcast
-3.8.2.jar:/home/travis/build/icyphy/ptII/lib/jackson-annotations-2.9.0.jar:/ho
me/travis/build/icyphy/ptII/lib/jackson-core-2.9.3.jar:/home/travis/build/icyph
y/ptII/lib/jackson-databind-2.9.3.jar:/home/travis/build/icyphy/ptII/lib/netty-
buffer-4.1.19.Final.jar:/home/travis/build/icyphy/ptII/lib/netty-codec-4.1.19.F
inal.jar:/home/travis/build/icyphy/ptII/lib/netty-codec-dns-4.1.19.Final.jar:/h
ome/travis/build/icyphy/ptII/lib/netty-codec-http-4.1.19.Final.jar:/home/travis
/build/icyphy/ptII/lib/netty-codec-http2-4.1.19.Final.jar:/home/travis/build/ic
yphy/ptII/lib/netty-common-4.1.19.Final.jar:/home/travis/build/icyphy/ptII/lib/
netty-handler-4.1.19.Final.jar:/home/travis/build/icyphy/ptII/lib/netty-resolve
r-4.1.19.Final.jar:/home/travis/build/icyphy/ptII/lib/netty-resolver-dns-4.1.19
.Final.jar:/home/travis/build/icyphy/ptII/lib/netty-transport-4.1.19.Final.jar:
/home/travis/build/icyphy/ptII/lib/vertx-codegen-3.5.1.jar:/home/travis/build/i
cyphy/ptII/lib/vertx-core-3.5.2-SNAPSHOT.jar:/home/travis/build/icyphy/ptII/lib
/vertx-hazelcast-3.5.1.jar:/home/travis/build/icyphy/ptII/lib/vertx-lang-js-3.5
.1.jar:/home/travis/build/icyphy/ptII/lib/vertx-service-proxy-3.5.1.jar:/home/t
ravis/build/icyphy/ptII/lib/vertx-web-3.5.1.jar:/home/travis/build/icyphy/ptII/
lib/slf4j-api-1.7.13.jar:/home/travis/build/icyphy/ptII/lib/slf4j-simple-1.7.13
.jar:/home/travis/build/icyphy/ptII/lib/webcam-capture-0.3.12.jar:/home/travis/
build/icyphy/ptII/lib/bridj-0.7.0.jar:/home/travis/build/icyphy/ptII/lib/xbjlib
-1.1.0.nrjavaserial.jar:/home/travis/build/icyphy/ptII/ptolemy/moml/test:/home/
travis/build/icyphy/ptII/ant/lib/ant-launcher.jar:/home/travis/build/icyphy/ptI
I/ant/lib/ant.jar:/home/travis/build/icyphy/ptII/ant/lib/ant-junit.jar:/home/tr
avis/build/icyphy/ptII/ant/lib/ant-junit4.jar:/home/travis/build/icyphy/ptII
ModularCodeGen6_A_A2_profile.java
drwxrwxr-x   3 travis travis  12288 Jul 21 18:20 AbsoluteValue
drwxrwxr-x   3 travis travis 102400 Jul 21 18:19 AllColt
drwxrwxr-x   3 travis travis  12288 Jul 21 18:19 Case1
-rw-rw-r--   1 travis travis   5128 Jul 21 18:26 CompiledCompositeActor_CompiledCompositeActor.class
-rw-rw-r--   1 travis travis   1611 Jul 21 18:26 CompiledCompositeActor_CompiledCompositeActor$_CompiledCompositeActor_CompiledCompositeActor.class
-rw-rw-r--   1 travis travis  13466 Jul 21 18:26 CompiledCompositeActor_CompiledCompositeActor.java
-rw-rw-r--   1 travis travis   1593 Jul 21 18:26 CompiledCompositeActor_CompiledCompositeActor.mk
drwxrwxr-x   5 travis travis   4096 Jul 21 18:18 fmi
drwxrwxr-x   3 travis travis  16384 Jul 21 18:20 Gaussian2
-rw-rw-r--   1 travis travis   4684 Jul 21 18:26 JavaCompiledCompositeTest1_CompiledCompositeActor.class
-rw-rw-r--   1 travis travis  11637 Jul 21 18:26 JavaCompiledCompositeTest1_CompiledCompositeActor.java
-rw-rw-r--   1 travis travis   1217 Jul 21 18:26 JavaCompiledCompositeTest1_CompiledCompositeActor$_JavaCompiledCompositeTest1_CompiledCompositeActor.class
-rw-rw-r--   1 travis travis   1625 Jul 21 18:26 JavaCompiledCompositeTest1_CompiledCompositeActor.mk
-rw-rw-r--   1 travis travis   5115 Jul 21 18:26 JavaCompiledCompositeTest2_CompiledCompositeActor.class
-rw-rw-r--   1 travis travis  14919 Jul 21 18:26 JavaCompiledCompositeTest2_CompiledCompositeActor.java
-rw-rw-r--   1 travis travis   1812 Jul 21 18:26 JavaCompiledCompositeTest2_CompiledCompositeActor$_JavaCompiledCompositeTest2_CompiledCompositeActor.class
-rw-rw-r--   1 travis travis   1625 Jul 21 18:26 JavaCompiledCompositeTest2_CompiledCompositeActor.mk
-rw-rw-r--   1 travis travis   4732 Jul 21 18:26 JavaCompiledCompositeTest3_CompiledCompositeActor.class
-rw-rw-r--   1 travis travis  13080 Jul 21 18:26 JavaCompiledCompositeTest3_CompiledCompositeActor.java
-rw-rw-r--   1 travis travis   1397 Jul 21 18:26 JavaCompiledCompositeTest3_CompiledCompositeActor$_JavaCompiledCompositeTest3_CompiledCompositeActor.class
-rw-rw-r--   1 travis travis   1625 Jul 21 18:26 JavaCompiledCompositeTest3_CompiledCompositeActor.mk
-rw-rw-r--   1 travis travis   4183 Jul 21 18:26 JavaCompiledCompositeTest4_CompiledCompositeActor.class
-rw-rw-r--   1 travis travis   9687 Jul 21 18:26 JavaCompiledCompositeTest4_CompiledCompositeActor.java
-rw-rw-r--   1 travis travis    876 Jul 21 18:26 JavaCompiledCompositeTest4_CompiledCompositeActor$_JavaCompiledCompositeTest4_CompiledCompositeActor.class
-rw-rw-r--   1 travis travis   1625 Jul 21 18:26 JavaCompiledCompositeTest4_CompiledCompositeActor.mk
drwxrwxr-x   3 travis travis  12288 Jul 21 18:21 LookupTable
drwxrwxr-x   3 travis travis  20480 Jul 21 18:21 MaxIndex
-rw-rw-r--   1 travis travis   3925 Jul 21 18:26 ModularCG_A1_B1.class
-rw-rw-r--   1 travis travis   9730 Jul 21 18:26 ModularCG_A1_B1.java
-rw-rw-r--   1 travis travis    832 Jul 21 18:26 ModularCG_A1_B1.mk
-rw-rw-r--   1 travis travis   1318 Jul 21 18:26 ModularCG_A1_B1_profile.class
-rw-rw-r--   1 travis travis   1262 Jul 21 18:26 ModularCG_A1_B1_profile.java
-rw-rw-r--   1 travis travis   3925 Jul 21 18:27 ModularCG_A1_B2.class
-rw-rw-r--   1 travis travis   9730 Jul 21 18:27 ModularCG_A1_B2.java
-rw-rw-r--   1 travis travis    832 Jul 21 18:27 ModularCG_A1_B2.mk
-rw-rw-r--   1 travis travis   1318 Jul 21 18:27 ModularCG_A1_B2_profile.class
-rw-rw-r--   1 travis travis   1262 Jul 21 18:26 ModularCG_A1_B2_profile.java
-rw-rw-r--   1 travis travis   5031 Jul 21 18:27 ModularCG_A1.class
-rw-rw-r--   1 travis travis  14742 Jul 21 18:27 ModularCG_A1.java
-rw-rw-r--   1 travis travis    808 Jul 21 18:27 ModularCG_A1.mk
-rw-rw-r--   1 travis travis   1433 Jul 21 18:27 ModularCG_A1_profile.class
-rw-rw-r--   1 travis travis   1704 Jul 21 18:27 ModularCG_A1_profile.java
-rw-rw-r--   1 travis travis   4059 Jul 21 18:27 ModularCG_A2_B1.class
-rw-rw-r--   1 travis travis  10667 Jul 21 18:27 ModularCG_A2_B1.java
-rw-rw-r--   1 travis travis    832 Jul 21 18:27 ModularCG_A2_B1.mk
-rw-rw-r--   1 travis travis   1381 Jul 21 18:27 ModularCG_A2_B1_profile.class
-rw-rw-r--   1 travis travis   1446 Jul 21 18:27 ModularCG_A2_B1_profile.java
-rw-rw-r--   1 travis travis   3925 Jul 21 18:27 ModularCG_A2_B2.class
-rw-rw-r--   1 travis travis   9730 Jul 21 18:27 ModularCG_A2_B2.java
-rw-rw-r--   1 travis travis    832 Jul 21 18:27 ModularCG_A2_B2.mk
-rw-rw-r--   1 travis travis   1318 Jul 21 18:27 ModularCG_A2_B2_profile.class
-rw-rw-r--   1 travis travis   1262 Jul 21 18:27 ModularCG_A2_B2_profile.java
-rw-rw-r--   1 travis travis   5102 Jul 21 18:27 ModularCG_A2.class
-rw-rw-r--   1 travis travis  15129 Jul 21 18:27 ModularCG_A2.java
-rw-rw-r--   1 travis travis    808 Jul 21 18:27 ModularCG_A2.mk
-rw-rw-r--   1 travis travis   1433 Jul 21 18:27 ModularCG_A2_profile.class
-rw-rw-r--   1 travis travis   1704 Jul 21 18:27 ModularCG_A2_profile.java
-rw-rw-r--   1 travis travis   3705 Jul 21 18:27 ModularCGPubSub_A1_A2.class
-rw-rw-r--   1 travis travis   9076 Jul 21 18:27 ModularCGPubSub_A1_A2.java
-rw-rw-r--   1 travis travis    880 Jul 21 18:27 ModularCGPubSub_A1_A2.mk
-rw-rw-r--   1 travis travis   1300 Jul 21 18:27 ModularCGPubSub_A1_A2_profile.class
-rw-rw-r--   1 travis travis   1222 Jul 21 18:27 ModularCGPubSub_A1_A2_profile.java
-rw-rw-r--   1 travis travis   4022 Jul 21 18:27 ModularCGPubSub_A1.class
-rw-rw-r--   1 travis travis   9836 Jul 21 18:27 ModularCGPubSub_A1.java
-rw-rw-r--   1 travis travis    856 Jul 21 18:27 ModularCGPubSub_A1.mk
-rw-rw-r--   1 travis travis   1346 Jul 21 18:27 ModularCGPubSub_A1_profile.class
-rw-rw-r--   1 travis travis   1388 Jul 21 18:27 ModularCGPubSub_A1_profile.java
-rw-rw-r--   1 travis travis   4220 Jul 21 18:27 ModularCodeGen2_ModularCodeGenTypedCompositeActor.class
-rw-rw-r--   1 travis travis  11690 Jul 21 18:27 ModularCodeGen2_ModularCodeGenTypedCompositeActor.java
-rw-rw-r--   1 travis travis   1104 Jul 21 18:27 ModularCodeGen2_ModularCodeGenTypedCompositeActor.mk
-rw-rw-r--   1 travis travis   4504 Jul 21 18:27 ModularCodeGen2_ModularCodeGenTypedCompositeActor_ModularCodeGenTypedCompositeActor.class
-rw-rw-r--   1 travis travis  11790 Jul 21 18:27 ModularCodeGen2_ModularCodeGenTypedCompositeActor_ModularCodeGenTypedCompositeActor.java
-rw-rw-r--   1 travis travis   1376 Jul 21 18:27 ModularCodeGen2_ModularCodeGenTypedCompositeActor_ModularCodeGenTypedCompositeActor.mk
-rw-rw-r--   1 travis travis   1421 Jul 21 18:27 ModularCodeGen2_ModularCodeGenTypedCompositeActor_ModularCodeGenTypedCompositeActor_profile.class
-rw-rw-r--   1 travis travis   1294 Jul 21 18:27 ModularCodeGen2_ModularCodeGenTypedCompositeActor_ModularCodeGenTypedCompositeActor_profile.java
-rw-rw-r--   1 travis travis    820 Jul 21 18:27 ModularCodeGen2_ModularCodeGenTypedCompositeActor_profile.class
-rw-rw-r--   1 travis travis    693 Jul 21 18:27 ModularCodeGen2_ModularCodeGenTypedCompositeActor_profile.java
-rw-rw-r--   1 travis travis   3973 Jul 21 18:27 ModularCodeGen3_A1_B1.class
-rw-rw-r--   1 travis travis   9958 Jul 21 18:27 ModularCodeGen3_A1_B1.java
-rw-rw-r--   1 travis travis    880 Jul 21 18:27 ModularCodeGen3_A1_B1.mk
-rw-rw-r--   1 travis travis   1330 Jul 21 18:27 ModularCodeGen3_A1_B1_profile.class
-rw-rw-r--   1 travis travis   1274 Jul 21 18:27 ModularCodeGen3_A1_B1_profile.java
-rw-rw-r--   1 travis travis   3973 Jul 21 18:27 ModularCodeGen3_A1_B2.class
-rw-rw-r--   1 travis travis   9958 Jul 21 18:27 ModularCodeGen3_A1_B2.java
-rw-rw-r--   1 travis travis    880 Jul 21 18:27 ModularCodeGen3_A1_B2.mk
-rw-rw-r--   1 travis travis   1330 Jul 21 18:27 ModularCodeGen3_A1_B2_profile.class
-rw-rw-r--   1 travis travis   1274 Jul 21 18:27 ModularCodeGen3_A1_B2_profile.java
-rw-rw-r--   1 travis travis   5193 Jul 21 18:27 ModularCodeGen3_A1.class
-rw-rw-r--   1 travis travis  15564 Jul 21 18:27 ModularCodeGen3_A1.java
-rw-rw-r--   1 travis travis    856 Jul 21 18:27 ModularCodeGen3_A1.mk
-rw-rw-r--   1 travis travis   1445 Jul 21 18:27 ModularCodeGen3_A1_profile.class
-rw-rw-r--   1 travis travis   1716 Jul 21 18:27 ModularCodeGen3_A1_profile.java
-rw-rw-r--   1 travis travis   4119 Jul 21 18:27 ModularCodeGen3_A2_B1.class
-rw-rw-r--   1 travis travis  10955 Jul 21 18:27 ModularCodeGen3_A2_B1.java
-rw-rw-r--   1 travis travis    880 Jul 21 18:27 ModularCodeGen3_A2_B1.mk
-rw-rw-r--   1 travis travis   1393 Jul 21 18:27 ModularCodeGen3_A2_B1_profile.class
-rw-rw-r--   1 travis travis   1458 Jul 21 18:27 ModularCodeGen3_A2_B1_profile.java
-rw-rw-r--   1 travis travis   3973 Jul 21 18:27 ModularCodeGen3_A2_B2.class
-rw-rw-r--   1 travis travis   9958 Jul 21 18:27 ModularCodeGen3_A2_B2.java
-rw-rw-r--   1 travis travis    880 Jul 21 18:27 ModularCodeGen3_A2_B2.mk
-rw-rw-r--   1 travis travis   1330 Jul 21 18:27 ModularCodeGen3_A2_B2_profile.class
-rw-rw-r--   1 travis travis   1274 Jul 21 18:27 ModularCodeGen3_A2_B2_profile.java
-rw-rw-r--   1 travis travis   5270 Jul 21 18:27 ModularCodeGen3_A2.class
-rw-rw-r--   1 travis travis  15957 Jul 21 18:27 ModularCodeGen3_A2.java
-rw-rw-r--   1 travis travis    856 Jul 21 18:27 ModularCodeGen3_A2.mk
-rw-rw-r--   1 travis travis   1445 Jul 21 18:27 ModularCodeGen3_A2_profile.class
-rw-rw-r--   1 travis travis   1716 Jul 21 18:27 ModularCodeGen3_A2_profile.java
-rw-rw-r--   1 travis travis   4026 Jul 21 18:27 ModularCodeGen4_A1_B1.class
-rw-rw-r--   1 travis travis  10312 Jul 21 18:27 ModularCodeGen4_A1_B1.java
-rw-rw-r--   1 travis travis    880 Jul 21 18:27 ModularCodeGen4_A1_B1.mk
-rw-rw-r--   1 travis travis   1330 Jul 21 18:27 ModularCodeGen4_A1_B1_profile.class
-rw-rw-r--   1 travis travis   1273 Jul 21 18:27 ModularCodeGen4_A1_B1_profile.java
-rw-rw-r--   1 travis travis   4026 Jul 21 18:28 ModularCodeGen4_A1_B2.class
-rw-rw-r--   1 travis travis  10312 Jul 21 18:28 ModularCodeGen4_A1_B2.java
-rw-rw-r--   1 travis travis    880 Jul 21 18:28 ModularCodeGen4_A1_B2.mk
-rw-rw-r--   1 travis travis   1330 Jul 21 18:28 ModularCodeGen4_A1_B2_profile.class
-rw-rw-r--   1 travis travis   1273 Jul 21 18:27 ModularCodeGen4_A1_B2_profile.java
-rw-rw-r--   1 travis travis   5333 Jul 21 18:28 ModularCodeGen4_A1.class
-rw-rw-r--   1 travis travis  16245 Jul 21 18:28 ModularCodeGen4_A1.java
-rw-rw-r--   1 travis travis    856 Jul 21 18:28 ModularCodeGen4_A1.mk
-rw-rw-r--   1 travis travis   1445 Jul 21 18:28 ModularCodeGen4_A1_profile.class
-rw-rw-r--   1 travis travis   1712 Jul 21 18:28 ModularCodeGen4_A1_profile.java
-rw-rw-r--   1 travis travis   4220 Jul 21 18:28 ModularCodeGen4_A2_B1.class
-rw-rw-r--   1 travis travis  11375 Jul 21 18:28 ModularCodeGen4_A2_B1.java
-rw-rw-r--   1 travis travis    880 Jul 21 18:28 ModularCodeGen4_A2_B1.mk
-rw-rw-r--   1 travis travis   1393 Jul 21 18:28 ModularCodeGen4_A2_B1_profile.class
-rw-rw-r--   1 travis travis   1454 Jul 21 18:28 ModularCodeGen4_A2_B1_profile.java
-rw-rw-r--   1 travis travis   4074 Jul 21 18:28 ModularCodeGen4_A2_B2.class
-rw-rw-r--   1 travis travis  10378 Jul 21 18:28 ModularCodeGen4_A2_B2.java
-rw-rw-r--   1 travis travis    880 Jul 21 18:28 ModularCodeGen4_A2_B2.mk
-rw-rw-r--   1 travis travis   1330 Jul 21 18:28 ModularCodeGen4_A2_B2_profile.class
-rw-rw-r--   1 travis travis   1270 Jul 21 18:28 ModularCodeGen4_A2_B2_profile.java
-rw-rw-r--   1 travis travis   5506 Jul 21 18:28 ModularCodeGen4_A2.class
-rw-rw-r--   1 travis travis  16770 Jul 21 18:28 ModularCodeGen4_A2.java
-rw-rw-r--   1 travis travis    856 Jul 21 18:28 ModularCodeGen4_A2.mk
-rw-rw-r--   1 travis travis   1445 Jul 21 18:28 ModularCodeGen4_A2_profile.class
-rw-rw-r--   1 travis travis   1712 Jul 21 18:28 ModularCodeGen4_A2_profile.java
-rw-rw-r--   1 travis travis   7070 Jul 21 18:28 ModularCodeGen5_A_A.class
-rw-rw-r--   1 travis travis  28721 Jul 21 18:28 ModularCodeGen5_A_A.java
-rw-rw-r--   1 travis travis    864 Jul 21 18:28 ModularCodeGen5_A_A.mk
-rw-rw-r--   1 travis travis   1520 Jul 21 18:28 ModularCodeGen5_A_A_profile.class
-rw-rw-r--   1 travis travis   1815 Jul 21 18:28 ModularCodeGen5_A_A_profile.java
-rw-rw-r--   1 travis travis   5347 Jul 21 18:28 ModularCodeGen5_A.class
-rw-rw-r--   1 travis travis  13769 Jul 21 18:28 ModularCodeGen5_A.java
-rw-rw-r--   1 travis travis    848 Jul 21 18:28 ModularCodeGen5_A.mk
-rw-rw-r--   1 travis travis   1422 Jul 21 18:28 ModularCodeGen5_A_profile.class
-rw-rw-r--   1 travis travis   1605 Jul 21 18:28 ModularCodeGen5_A_profile.java
-rw-rw-r--   1 travis travis   1364 Jul 21 18:28 ModularCodeGen6_A_A2_profile.java
-rw-rw-r--   1 travis travis   4340 Jul 21 18:28 ModularCodeGen6_A_A.class
-rw-rw-r--   1 travis travis  11221 Jul 21 18:28 ModularCodeGen6_A_A.java
-rw-rw-r--   1 travis travis    864 Jul 21 18:28 ModularCodeGen6_A_A.mk
-rw-rw-r--   1 travis travis   1348 Jul 21 18:28 ModularCodeGen6_A_A_profile.class
-rw-rw-r--   1 travis travis   1361 Jul 21 18:28 ModularCodeGen6_A_A_profile.java
-rw-rw-r--   1 travis travis   4186 Jul 21 18:27 ModularCodeGen_ModularCodeGenTypedCompositeActor.class
-rw-rw-r--   1 travis travis  10970 Jul 21 18:27 ModularCodeGen_ModularCodeGenTypedCompositeActor.java
-rw-rw-r--   1 travis travis   1096 Jul 21 18:27 ModularCodeGen_ModularCodeGenTypedCompositeActor.mk
-rw-rw-r--   1 travis travis   1384 Jul 21 18:27 ModularCodeGen_ModularCodeGenTypedCompositeActor_profile.class
-rw-rw-r--   1 travis travis   1328 Jul 21 18:27 ModularCodeGen_ModularCodeGenTypedCompositeActor_profile.java
-rw-rw-r--   1 travis travis   3724 Jul 21 18:26 ModularCodeGenTest_A1_A2.class
-rw-rw-r--   1 travis travis   9164 Jul 21 18:26 ModularCodeGenTest_A1_A2.java
-rw-rw-r--   1 travis travis   1306 Jul 21 18:26 ModularCodeGenTest_A1_A2_profile.class
-rw-rw-r--   1 travis travis   4055 Jul 21 18:26 ModularCodeGenTest_A1.class
-rw-rw-r--   1 travis travis   9968 Jul 21 18:26 ModularCodeGenTest_A1.java
-rw-rw-r--   1 travis travis    880 Jul 21 18:26 ModularCodeGenTest_A1.mk
-rw-rw-r--   1 travis travis   1352 Jul 21 18:26 ModularCodeGenTest_A1_profile.class
-rw-rw-r--   1 travis travis   1394 Jul 21 18:26 ModularCodeGenTest_A1_profile.java
drwxrwxr-x   3 travis travis  32768 Jul 21 18:26 modulation2
drwxrwxr-x 139 travis travis  12288 Jul 21 18:26 node_modules
drwxrwxr-x   3 travis travis  20480 Jul 21 18:21 PhaseUnwrap
drwxrwxr-x   3 travis travis  12288 Jul 21 18:22 ReadFile1
-rw-rw-r--   1 travis travis     11 Jul 21 18:21 ReadFile1Output.txt
-rw-rw-r--   1 travis travis  13773 Jul 21 18:26 Repeat.class
-rw-rw-r--   1 travis travis    685 Jul 21 18:26 Repeat$_fireFunction_Repeat_Repeat$__f_sL_11.class
-rw-rw-r--   1 travis travis    541 Jul 21 18:26 Repeat$_fireFunction_Repeat_Repeat$__f_sL_12.class
-rw-rw-r--   1 travis travis    541 Jul 21 18:26 Repeat$_fireFunction_Repeat_Repeat$__f_sL_13.class
-rw-rw-r--   1 travis travis    541 Jul 21 18:26 Repeat$_fireFunction_Repeat_Repeat$__f_sL_14.class
-rw-rw-r--   1 travis travis    684 Jul 21 18:26 Repeat$_fireFunction_Repeat_Repeat$__f_sL_1.class
-rw-rw-r--   1 travis travis    683 Jul 21 18:26 Repeat$_fireFunction_Repeat_Repeat$__f_sL_4.class
-rw-rw-r--   1 travis travis    539 Jul 21 18:26 Repeat$_fireFunction_Repeat_Repeat$__f_sL_9.class
-rw-rw-r--   1 travis travis    494 Jul 21 18:26 Repeat$_initialize_Repeat$__i_sL_2.class
-rw-rw-r--   1 travis travis   1281 Jul 21 18:26 Repeat.mk
-rw-rw-r--   1 travis travis    539 Jul 21 18:26 Repeat$_preinitializeMethod_Repeat$__p_sL_0.class
-rw-rw-r--   1 travis travis   1102 Jul 21 18:26 Repeat$_Repeat$_fireFunction_Repeat_AddSubtract_Repeat.class
-rw-rw-r--   1 travis travis    810 Jul 21 18:26 Repeat$_Repeat$_fireFunction_Repeat_AddSubtract_Repeat$__f_sL_0.class
-rw-rw-r--   1 travis travis    928 Jul 21 18:26 Repeat$_Repeat$_fireFunction_Repeat_AddSubtract_Repeat$__f_sL_1.class
-rw-rw-r--   1 travis travis    934 Jul 21 18:26 Repeat$_Repeat$_fireFunction_Repeat_AddSubtract_Repeat$__f_sL_2.class
-rw-rw-r--   1 travis travis    862 Jul 21 18:26 Repeat$_Repeat$_fireFunction_Repeat_AddSubtract_Repeat$__f_sL_3.class
-rw-rw-r--   1 travis travis    757 Jul 21 18:26 Repeat$_Repeat$_fireFunction_Repeat_Ramp2_Repeat$__f_sL_0.class
-rw-rw-r--   1 travis travis    888 Jul 21 18:26 Repeat$_Repeat$_fireFunction_Repeat_Test_Repeat$__f_sL_0.class
-rw-rw-r--   1 travis travis    634 Jul 21 18:26 Repeat$_Repeat$_fireFunction_Repeat_Test_Repeat$__f_sL_1.class
-rw-rw-r--   1 travis travis    704 Jul 21 18:26 Repeat$_Repeat_SDF_Director_run_Repeat$__R_sL_0.class
-rw-rw-r--   1 travis travis    705 Jul 21 18:26 Repeat$_Repeat_SDF_Director_run_Repeat$__R_sL_11.class
-rw-rw-r--   1 travis travis    561 Jul 21 18:26 Repeat$_Repeat_SDF_Director_run_Repeat$__R_sL_13.class
-rw-rw-r--   1 travis travis    559 Jul 21 18:26 Repeat$_Repeat_SDF_Director_run_Repeat$__R_sL_2.class
-rw-rw-r--   1 travis travis    703 Jul 21 18:26 Repeat$_Repeat_SDF_Director_run_Repeat$__R_sL_3.class
-rw-rw-r--   1 travis travis    559 Jul 21 18:26 Repeat$_Repeat_SDF_Director_run_Repeat$__R_sL_5.class
-rw-rw-r--   1 travis travis    559 Jul 21 18:26 Repeat$_Repeat_SDF_Director_run_Repeat$__R_sL_8.class
drwxrwxr-x   2 travis travis   4096 Jul 21 18:26 RepeatVariables
-rw-rw-r--   1 travis travis    882 Jul 21 18:26 Repeat$_varinit_Repeat.class
-rw-rw-r--   1 travis travis    550 Jul 21 18:26 Repeat$_varinit_Repeat$__v_sL_2.class
-rw-rw-r--   1 travis travis    924 Jul 21 18:26 Repeat$_varinit_Repeat$__v_sL_4.class
-rw-rw-r--   1 travis travis    978 Jul 21 18:26 Repeat$_wrapup_Repeat$__w_sL_1.class
drwxrwxr-x   3 travis travis  20480 Jul 21 18:22 Sinewave
drwxrwxr-x   3 travis travis  32768 Jul 21 18:23 StringFunction
drwxrwxr-x   3 travis travis  12288 Jul 21 18:24 StringLength
drwxrwxr-x   3 travis travis  61440 Jul 21 18:24 StringMatches2
drwxrwxr-x   3 travis travis  61440 Jul 21 18:24 StringSimpleReplace
drwxrwxr-x   3 travis travis  65536 Jul 21 18:24 StringSubstring
drwxrwxr-x   3 travis travis  24576 Jul 21 18:25 StringSubstring2
drwxrwxr-x   3 travis travis  16384 Jul 21 18:25 time1
drwxrwxr-x   3 travis travis  12288 Jul 21 18:26 time5
-rw-rw-r--   1 travis travis    432 Jul 21 18:28 Token.class
-rw-rw-r--   1 travis travis    251 Jul 21 18:28 Token.java
-rwxrwxr-x   1 travis travis 466992 Jul 21 18:18 top
-rw-rw-r--   1 travis travis  20502 Jul 21 18:18 top.c
-rw-rw-r--   1 travis travis   3799 Jul 21 18:26 top.class
-rw-rw-r--   1 travis travis   1257 Jul 21 18:26 top.mk
All Done
Writing ModularCodeGen6_A_A2.java in file:/home/travis/cg/ (11329 characters)
Reading "ptolemy/cg/kernel/generic/program/procedural/java/modular/makefile.in",
    writing "/home/travis/cg/ModularCodeGen6_A_A2.mk"
Using ptolemy/cg/kernel/generic/program/procedural/java/modular/makefile.in
In "/home/travis/cg", about to execute:
    make -f ModularCodeGen6_A_A2.mk
javac -classpath ".:.."    ModularCodeGen6_A_A2.java
All Done
In "/home/travis/cg", about to execute:
    pwd
/home/travis/cg
In "/home/travis/cg", about to execute:
    ls -l
total 2264
drwxrwxr-x   3 travis travis  12288 Jul 21 18:20 AbsoluteValue
drwxrwxr-x   3 travis travis 102400 Jul 21 18:19 AllColt
drwxrwxr-x   3 travis travis  12288 Jul 21 18:19 Case1
-rw-rw-r--   1 travis travis   5128 Jul 21 18:26 CompiledCompositeActor_CompiledCompositeActor.class
-rw-rw-r--   1 travis travis   1611 Jul 21 18:26 CompiledCompositeActor_CompiledCompositeActor$_CompiledCompositeActor_CompiledCompositeActor.class
-rw-rw-r--   1 travis travis  13466 Jul 21 18:26 CompiledCompositeActor_CompiledCompositeActor.java
-rw-rw-r--   1 travis travis   1593 Jul 21 18:26 CompiledCompositeActor_CompiledCompositeActor.mk
drwxrwxr-x   5 travis travis   4096 Jul 21 18:18 fmi
drwxrwxr-x   3 travis travis  16384 Jul 21 18:20 Gaussian2
-rw-rw-r--   1 travis travis   4684 Jul 21 18:26 JavaCompiledCompositeTest1_CompiledCompositeActor.class
-rw-rw-r--   1 travis travis  11637 Jul 21 18:26 JavaCompiledCompositeTest1_CompiledCompositeActor.java
-rw-rw-r--   1 travis travis   1217 Jul 21 18:26 JavaCompiledCompositeTest1_CompiledCompositeActor$_JavaCompiledCompositeTest1_CompiledCompositeActor.class
-rw-rw-r--   1 travis travis   1625 Jul 21 18:26 JavaCompiledCompositeTest1_CompiledCompositeActor.mk
-rw-rw-r--   1 travis travis   5115 Jul 21 18:26 JavaCompiledCompositeTest2_CompiledCompositeActor.class
-rw-rw-r--   1 travis travis  14919 Jul 21 18:26 JavaCompiledCompositeTest2_CompiledCompositeActor.java
-rw-rw-r--   1 travis travis   1812 Jul 21 18:26 JavaCompiledCompositeTest2_CompiledCompositeActor$_JavaCompiledCompositeTest2_CompiledCompositeActor.class
-rw-rw-r--   1 travis travis   1625 Jul 21 18:26 JavaCompiledCompositeTest2_CompiledCompositeActor.mk
-rw-rw-r--   1 travis travis   4732 Jul 21 18:26 JavaCompiledCompositeTest3_CompiledCompositeActor.class
-rw-rw-r--   1 travis travis  13080 Jul 21 18:26 JavaCompiledCompositeTest3_CompiledCompositeActor.java
-rw-rw-r--   1 travis travis   1397 Jul 21 18:26 JavaCompiledCompositeTest3_CompiledCompositeActor$_JavaCompiledCompositeTest3_CompiledCompositeActor.class
-rw-rw-r--   1 travis travis   1625 Jul 21 18:26 JavaCompiledCompositeTest3_CompiledCompositeActor.mk
-rw-rw-r--   1 travis travis   4183 Jul 21 18:26 JavaCompiledCompositeTest4_CompiledCompositeActor.class
-rw-rw-r--   1 travis travis   9687 Jul 21 18:26 JavaCompiledCompositeTest4_CompiledCompositeActor.java
-rw-rw-r--   1 travis travis    876 Jul 21 18:26 JavaCompiledCompositeTest4_CompiledCompositeActor$_JavaCompiledCompositeTest4_CompiledCompositeActor.class
-rw-rw-r--   1 travis travis   1625 Jul 21 18:26 JavaCompiledCompositeTest4_CompiledCompositeActor.mk
drwxrwxr-x   3 travis travis  12288 Jul 21 18:21 LookupTable
drwxrwxr-x   3 travis travis  20480 Jul 21 18:21 MaxIndex
-rw-rw-r--   1 travis travis   3925 Jul 21 18:26 ModularCG_A1_B1.class
-rw-rw-r--   1 travis travis   9730 Jul 21 18:26 ModularCG_A1_B1.java
-rw-rw-r--   1 travis travis    832 Jul 21 18:26 ModularCG_A1_B1.mk
-rw-rw-r--   1 travis travis   1318 Jul 21 18:26 ModularCG_A1_B1_profile.class
-rw-rw-r--   1 travis travis   1262 Jul 21 18:26 ModularCG_A1_B1_profile.java
-rw-rw-r--   1 travis travis   3925 Jul 21 18:27 ModularCG_A1_B2.class
-rw-rw-r--   1 travis travis   9730 Jul 21 18:27 ModularCG_A1_B2.java
-rw-rw-r--   1 travis travis    832 Jul 21 18:27 ModularCG_A1_B2.mk
-rw-rw-r--   1 travis travis   1318 Jul 21 18:27 ModularCG_A1_B2_profile.class
-rw-rw-r--   1 travis travis   1262 Jul 21 18:26 ModularCG_A1_B2_profile.java
-rw-rw-r--   1 travis travis   5031 Jul 21 18:27 ModularCG_A1.class
-rw-rw-r--   1 travis travis  14742 Jul 21 18:27 ModularCG_A1.java
-rw-rw-r--   1 travis travis    808 Jul 21 18:27 ModularCG_A1.mk
-rw-rw-r--   1 travis travis   1433 Jul 21 18:27 ModularCG_A1_profile.class
-rw-rw-r--   1 travis travis   1704 Jul 21 18:27 ModularCG_A1_profile.java
-rw-rw-r--   1 travis travis   4059 Jul 21 18:27 ModularCG_A2_B1.class
-rw-rw-r--   1 travis travis  10667 Jul 21 18:27 ModularCG_A2_B1.java
-rw-rw-r--   1 travis travis    832 Jul 21 18:27 ModularCG_A2_B1.mk
-rw-rw-r--   1 travis travis   1381 Jul 21 18:27 ModularCG_A2_B1_profile.class
-rw-rw-r--   1 travis travis   1446 Jul 21 18:27 ModularCG_A2_B1_profile.java
-rw-rw-r--   1 travis travis   3925 Jul 21 18:27 ModularCG_A2_B2.class
-rw-rw-r--   1 travis travis   9730 Jul 21 18:27 ModularCG_A2_B2.java
-rw-rw-r--   1 travis travis    832 Jul 21 18:27 ModularCG_A2_B2.mk
-rw-rw-r--   1 travis travis   1318 Jul 21 18:27 ModularCG_A2_B2_profile.class
-rw-rw-r--   1 travis travis   1262 Jul 21 18:27 ModularCG_A2_B2_profile.java
-rw-rw-r--   1 travis travis   5102 Jul 21 18:27 ModularCG_A2.class
-rw-rw-r--   1 travis travis  15129 Jul 21 18:27 ModularCG_A2.java
-rw-rw-r--   1 travis travis    808 Jul 21 18:27 ModularCG_A2.mk
-rw-rw-r--   1 travis travis   1433 Jul 21 18:27 ModularCG_A2_profile.class
-rw-rw-r--   1 travis travis   1704 Jul 21 18:27 ModularCG_A2_profile.java
-rw-rw-r--   1 travis travis   3705 Jul 21 18:27 ModularCGPubSub_A1_A2.class
-rw-rw-r--   1 travis travis   9076 Jul 21 18:27 ModularCGPubSub_A1_A2.java
-rw-rw-r--   1 travis travis    880 Jul 21 18:27 ModularCGPubSub_A1_A2.mk
-rw-rw-r--   1 travis travis   1300 Jul 21 18:27 ModularCGPubSub_A1_A2_profile.class
-rw-rw-r--   1 travis travis   1222 Jul 21 18:27 ModularCGPubSub_A1_A2_profile.java
-rw-rw-r--   1 travis travis   4022 Jul 21 18:27 ModularCGPubSub_A1.class
-rw-rw-r--   1 travis travis   9836 Jul 21 18:27 ModularCGPubSub_A1.java
-rw-rw-r--   1 travis travis    856 Jul 21 18:27 ModularCGPubSub_A1.mk
-rw-rw-r--   1 travis travis   1346 Jul 21 18:27 ModularCGPubSub_A1_profile.class
-rw-rw-r--   1 travis travis   1388 Jul 21 18:27 ModularCGPubSub_A1_profile.java
-rw-rw-r--   1 travis travis   4220 Jul 21 18:27 ModularCodeGen2_ModularCodeGenTypedCompositeActor.class
-rw-rw-r--   1 travis travis  11690 Jul 21 18:27 ModularCodeGen2_ModularCodeGenTypedCompositeActor.java
-rw-rw-r--   1 travis travis   1104 Jul 21 18:27 ModularCodeGen2_ModularCodeGenTypedCompositeActor.mk
-rw-rw-r--   1 travis travis   4504 Jul 21 18:27 ModularCodeGen2_ModularCodeGenTypedCompositeActor_ModularCodeGenTypedCompositeActor.class
-rw-rw-r--   1 travis travis  11790 Jul 21 18:27 ModularCodeGen2_ModularCodeGenTypedCompositeActor_ModularCodeGenTypedCompositeActor.java
-rw-rw-r--   1 travis travis   1376 Jul 21 18:27 ModularCodeGen2_ModularCodeGenTypedCompositeActor_ModularCodeGenTypedCompositeActor.mk
-rw-rw-r--   1 travis travis   1421 Jul 21 18:27 ModularCodeGen2_ModularCodeGenTypedCompositeActor_ModularCodeGenTypedCompositeActor_profile.class
-rw-rw-r--   1 travis travis   1294 Jul 21 18:27 ModularCodeGen2_ModularCodeGenTypedCompositeActor_ModularCodeGenTypedCompositeActor_profile.java
-rw-rw-r--   1 travis travis    820 Jul 21 18:27 ModularCodeGen2_ModularCodeGenTypedCompositeActor_profile.class
-rw-rw-r--   1 travis travis    693 Jul 21 18:27 ModularCodeGen2_ModularCodeGenTypedCompositeActor_profile.java
-rw-rw-r--   1 travis travis   3973 Jul 21 18:27 ModularCodeGen3_A1_B1.class
-rw-rw-r--   1 travis travis   9958 Jul 21 18:27 ModularCodeGen3_A1_B1.java
-rw-rw-r--   1 travis travis    880 Jul 21 18:27 ModularCodeGen3_A1_B1.mk
-rw-rw-r--   1 travis travis   1330 Jul 21 18:27 ModularCodeGen3_A1_B1_profile.class
-rw-rw-r--   1 travis travis   1274 Jul 21 18:27 ModularCodeGen3_A1_B1_profile.java
-rw-rw-r--   1 travis travis   3973 Jul 21 18:27 ModularCodeGen3_A1_B2.class
-rw-rw-r--   1 travis travis   9958 Jul 21 18:27 ModularCodeGen3_A1_B2.java
-rw-rw-r--   1 travis travis    880 Jul 21 18:27 ModularCodeGen3_A1_B2.mk
-rw-rw-r--   1 travis travis   1330 Jul 21 18:27 ModularCodeGen3_A1_B2_profile.class
-rw-rw-r--   1 travis travis   1274 Jul 21 18:27 ModularCodeGen3_A1_B2_profile.java
-rw-rw-r--   1 travis travis   5193 Jul 21 18:27 ModularCodeGen3_A1.class
-rw-rw-r--   1 travis travis  15564 Jul 21 18:27 ModularCodeGen3_A1.java
-rw-rw-r--   1 travis travis    856 Jul 21 18:27 ModularCodeGen3_A1.mk
-rw-rw-r--   1 travis travis   1445 Jul 21 18:27 ModularCodeGen3_A1_profile.class
-rw-rw-r--   1 travis travis   1716 Jul 21 18:27 ModularCodeGen3_A1_profile.java
-rw-rw-r--   1 travis travis   4119 Jul 21 18:27 ModularCodeGen3_A2_B1.class
-rw-rw-r--   1 travis travis  10955 Jul 21 18:27 ModularCodeGen3_A2_B1.java
-rw-rw-r--   1 travis travis    880 Jul 21 18:27 ModularCodeGen3_A2_B1.mk
-rw-rw-r--   1 travis travis   1393 Jul 21 18:27 ModularCodeGen3_A2_B1_profile.class
-rw-rw-r--   1 travis travis   1458 Jul 21 18:27 ModularCodeGen3_A2_B1_profile.java
-rw-rw-r--   1 travis travis   3973 Jul 21 18:27 ModularCodeGen3_A2_B2.class
-rw-rw-r--   1 travis travis   9958 Jul 21 18:27 ModularCodeGen3_A2_B2.java
-rw-rw-r--   1 travis travis    880 Jul 21 18:27 ModularCodeGen3_A2_B2.mk
-rw-rw-r--   1 travis travis   1330 Jul 21 18:27 ModularCodeGen3_A2_B2_profile.class
-rw-rw-r--   1 travis travis   1274 Jul 21 18:27 ModularCodeGen3_A2_B2_profile.java
-rw-rw-r--   1 travis travis   5270 Jul 21 18:27 ModularCodeGen3_A2.class
-rw-rw-r--   1 travis travis  15957 Jul 21 18:27 ModularCodeGen3_A2.java
-rw-rw-r--   1 travis travis    856 Jul 21 18:27 ModularCodeGen3_A2.mk
-rw-rw-r--   1 travis travis   1445 Jul 21 18:27 ModularCodeGen3_A2_profile.class
-rw-rw-r--   1 travis travis   1716 Jul 21 18:27 ModularCodeGen3_A2_profile.java
-rw-rw-r--   1 travis travis   4026 Jul 21 18:27 ModularCodeGen4_A1_B1.class
-rw-rw-r--   1 travis travis  10312 Jul 21 18:27 ModularCodeGen4_A1_B1.java
-rw-rw-r--   1 travis travis    880 Jul 21 18:27 ModularCodeGen4_A1_B1.mk
-rw-rw-r--   1 travis travis   1330 Jul 21 18:27 ModularCodeGen4_A1_B1_profile.class
-rw-rw-r--   1 travis travis   1273 Jul 21 18:27 ModularCodeGen4_A1_B1_profile.java
-rw-rw-r--   1 travis travis   4026 Jul 21 18:28 ModularCodeGen4_A1_B2.class
-rw-rw-r--   1 travis travis  10312 Jul 21 18:28 ModularCodeGen4_A1_B2.java
-rw-rw-r--   1 travis travis    880 Jul 21 18:28 ModularCodeGen4_A1_B2.mk
-rw-rw-r--   1 travis travis   1330 Jul 21 18:28 ModularCodeGen4_A1_B2_profile.class
-rw-rw-r--   1 travis travis   1273 Jul 21 18:27 ModularCodeGen4_A1_B2_profile.java
-rw-rw-r--   1 travis travis   5333 Jul 21 18:28 ModularCodeGen4_A1.class
-rw-rw-r--   1 travis travis  16245 Jul 21 18:28 ModularCodeGen4_A1.java
-rw-rw-r--   1 travis travis    856 Jul 21 18:28 ModularCodeGen4_A1.mk
-rw-rw-r--   1 travis travis   1445 Jul 21 18:28 ModularCodeGen4_A1_profile.class
-rw-rw-r--   1 travis travis   1712 Jul 21 18:28 ModularCodeGen4_A1_profile.java
-rw-rw-r--   1 travis travis   4220 Jul 21 18:28 ModularCodeGen4_A2_B1.class
-rw-rw-r--   1 travis travis  11375 Jul 21 18:28 ModularCodeGen4_A2_B1.java
-rw-rw-r--   1 travis travis    880 Jul 21 18:28 ModularCodeGen4_A2_B1.mk
-rw-rw-r--   1 travis travis   1393 Jul 21 18:28 ModularCodeGen4_A2_B1_profile.class
-rw-rw-r--   1 travis travis   1454 Jul 21 18:28 ModularCodeGen4_A2_B1_profile.java
-rw-rw-r--   1 travis travis   4074 Jul 21 18:28 ModularCodeGen4_A2_B2.class
-rw-rw-r--   1 travis travis  10378 Jul 21 18:28 ModularCodeGen4_A2_B2.java
-rw-rw-r--   1 travis travis    880 Jul 21 18:28 ModularCodeGen4_A2_B2.mk
-rw-rw-r--   1 travis travis   1330 Jul 21 18:28 ModularCodeGen4_A2_B2_profile.class
-rw-rw-r--   1 travis travis   1270 Jul 21 18:28 ModularCodeGen4_A2_B2_profile.java
-rw-rw-r--   1 travis travis   5506 Jul 21 18:28 ModularCodeGen4_A2.class
-rw-rw-r--   1 travis travis  16770 Jul 21 18:28 ModularCodeGen4_A2.java
-rw-rw-r--   1 travis travis    856 Jul 21 18:28 ModularCodeGen4_A2.mk
-rw-rw-r--   1 travis travis   1445 Jul 21 18:28 ModularCodeGen4_A2_profile.class
-rw-rw-r--   1 travis travis   1712 Jul 21 18:28 ModularCodeGen4_A2_profile.java
-rw-rw-r--   1 travis travis   7070 Jul 21 18:28 ModularCodeGen5_A_A.class
-rw-rw-r--   1 travis travis  28721 Jul 21 18:28 ModularCodeGen5_A_A.java
-rw-rw-r--   1 travis travis    864 Jul 21 18:28 ModularCodeGen5_A_A.mk
-rw-rw-r--   1 travis travis   1520 Jul 21 18:28 ModularCodeGen5_A_A_profile.class
-rw-rw-r--   1 travis travis   1815 Jul 21 18:28 ModularCodeGen5_A_A_profile.java
-rw-rw-r--   1 travis travis   5347 Jul 21 18:28 ModularCodeGen5_A.class
-rw-rw-r--   1 travis travis  13769 Jul 21 18:28 ModularCodeGen5_A.java
-rw-rw-r--   1 travis travis    848 Jul 21 18:28 ModularCodeGen5_A.mk
-rw-rw-r--   1 travis travis   1422 Jul 21 18:28 ModularCodeGen5_A_profile.class
-rw-rw-r--   1 travis travis   1605 Jul 21 18:28 ModularCodeGen5_A_profile.java
-rw-rw-r--   1 travis travis   4357 Jul 21 18:28 ModularCodeGen6_A_A2.class
-rw-rw-r--   1 travis travis  11329 Jul 21 18:28 ModularCodeGen6_A_A2.java
-rw-rw-r--   1 travis travis    872 Jul 21 18:28 ModularCodeGen6_A_A2.mk
-rw-rw-r--   1 travis travis   1351 Jul 21 18:28 ModularCodeGen6_A_A2_profile.class
-rw-rw-r--   1 travis travis   1364 Jul 21 18:28 ModularCodeGen6_A_A2_profile.java
-rw-rw-r--   1 travis travis   4340 Jul 21 18:28 ModularCodeGen6_A_A.class
-rw-rw-r--   1 travis travis  11221 Jul 21 18:28 ModularCodeGen6_A_A.java
-rw-rw-r--   1 travis travis    864 Jul 21 18:28 ModularCodeGen6_A_A.mk
-rw-rw-r--   1 travis travis   1348 Jul 21 18:28 ModularCodeGen6_A_A_profile.class
-rw-rw-r--   1 travis travis   1361 Jul 21 18:28 ModularCodeGen6_A_A_profile.java
-rw-rw-r--   1 travis travis   1810 Jul 21 18:28 ModularCodeGen6_A_profile.java
-rw-rw-r--   1 travis travis   4186 Jul 21 18:27 ModularCodeGen_ModularCodeGenTypedCompositeActor.class
-rw-rw-r--   1 travis travis  10970 Jul 21 18:27 ModularCodeGen_ModularCodeGenTypedCompositeActor.java
-rw-rw-r--   1 travis travis   1096 Jul 21 18:27 ModularCodeGen_ModularCodeGenTypedCompositeActor.mk
-rw-rw-r--   1 travis travis   1384 Jul 21 18:27 ModularCodeGen_ModularCodeGenTypedCompositeActor_profile.class
-rw-rw-r--   1 travis travis   1328 Jul 21 18:27 ModularCodeGen_ModularCodeGenTypedCompositeActor_profile.java
-rw-rw-r--   1 travis travis   3724 Jul 21 18:26 ModularCodeGenTest_A1_A2.class
-rw-rw-r--   1 travis travis   9164 Jul 21 18:26 ModularCodeGenTest_A1_A2.java
-rw-rw-r--   1 travis travis   1306 Jul 21 18:26 ModularCodeGenTest_A1_A2_profile.class
-rw-rw-r--   1 travis travis   4055 Jul 21 18:26 ModularCodeGenTest_A1.class
-rw-rw-r--   1 travis travis   9968 Jul 21 18:26 ModularCodeGenTest_A1.java
-rw-rw-r--   1 travis travis    880 Jul 21 18:26 ModularCodeGenTest_A1.mk
-rw-rw-r--   1 travis travis   1352 Jul 21 18:26 ModularCodeGenTest_A1_profile.class
-rw-rw-r--   1 travis travis   1394 Jul 21 18:26 ModularCodeGenTest_A1_profile.java
drwxrwxr-x   3 travis travis  32768 Jul 21 18:26 modulation2
drwxrwxr-x 139 travis travis  12288 Jul 21 18:26 node_modules
drwxrwxr-x   3 travis travis  20480 Jul 21 18:21 PhaseUnwrap
drwxrwxr-x   3 travis travis  12288 Jul 21 18:22 ReadFile1
-rw-rw-r--   1 travis travis     11 Jul 21 18:21 ReadFile1Output.txt
-rw-rw-r--   1 travis travis  13773 Jul 21 18:26 Repeat.class
-rw-rw-r--   1 travis travis    685 Jul 21 18:26 Repeat$_fireFunction_Repeat_Repeat$__f_sL_11.class
-rw-rw-r--   1 travis travis    541 Jul 21 18:26 Repeat$_fireFunction_Repeat_Repeat$__f_sL_12.class
-rw-rw-r--   1 travis travis    541 Jul 21 18:26 Repeat$_fireFunction_Repeat_Repeat$__f_sL_13.class
-rw-rw-r--   1 travis travis    541 Jul 21 18:26 Repeat$_fireFunction_Repeat_Repeat$__f_sL_14.class
-rw-rw-r--   1 travis travis    684 Jul 21 18:26 Repeat$_fireFunction_Repeat_Repeat$__f_sL_1.class
-rw-rw-r--   1 travis travis    683 Jul 21 18:26 Repeat$_fireFunction_Repeat_Repeat$__f_sL_4.class
-rw-rw-r--   1 travis travis    539 Jul 21 18:26 Repeat$_fireFunction_Repeat_Repeat$__f_sL_9.class
-rw-rw-r--   1 travis travis    494 Jul 21 18:26 Repeat$_initialize_Repeat$__i_sL_2.class
-rw-rw-r--   1 travis travis   1281 Jul 21 18:26 Repeat.mk
-rw-rw-r--   1 travis travis    539 Jul 21 18:26 Repeat$_preinitializeMethod_Repeat$__p_sL_0.class
-rw-rw-r--   1 travis travis   1102 Jul 21 18:26 Repeat$_Repeat$_fireFunction_Repeat_AddSubtract_Repeat.class
-rw-rw-r--   1 travis travis    810 Jul 21 18:26 Repeat$_Repeat$_fireFunction_Repeat_AddSubtract_Repeat$__f_sL_0.class
-rw-rw-r--   1 travis travis    928 Jul 21 18:26 Repeat$_Repeat$_fireFunction_Repeat_AddSubtract_Repeat$__f_sL_1.class
-rw-rw-r--   1 travis travis    934 Jul 21 18:26 Repeat$_Repeat$_fireFunction_Repeat_AddSubtract_Repeat$__f_sL_2.class
-rw-rw-r--   1 travis travis    862 Jul 21 18:26 Repeat$_Repeat$_fireFunction_Repeat_AddSubtract_Repeat$__f_sL_3.class
-rw-rw-r--   1 travis travis    757 Jul 21 18:26 Repeat$_Repeat$_fireFunction_Repeat_Ramp2_Repeat$__f_sL_0.class
-rw-rw-r--   1 travis travis    888 Jul 21 18:26 Repeat$_Repeat$_fireFunction_Repeat_Test_Repeat$__f_sL_0.class
-rw-rw-r--   1 travis travis    634 Jul 21 18:26 Repeat$_Repeat$_fireFunction_Repeat_Test_Repeat$__f_sL_1.class
-rw-rw-r--   1 travis travis    704 Jul 21 18:26 Repeat$_Repeat_SDF_Director_run_Repeat$__R_sL_0.class
-rw-rw-r--   1 travis travis    705 Jul 21 18:26 Repeat$_Repeat_SDF_Director_run_Repeat$__R_sL_11.class
-rw-rw-r--   1 travis travis    561 Jul 21 18:26 Repeat$_Repeat_SDF_Director_run_Repeat$__R_sL_13.class
-rw-rw-r--   1 travis travis    559 Jul 21 18:26 Repeat$_Repeat_SDF_Director_run_Repeat$__R_sL_2.class
-rw-rw-r--   1 travis travis    703 Jul 21 18:26 Repeat$_Repeat_SDF_Director_run_Repeat$__R_sL_3.class
-rw-rw-r--   1 travis travis    559 Jul 21 18:26 Repeat$_Repeat_SDF_Director_run_Repeat$__R_sL_5.class
-rw-rw-r--   1 travis travis    559 Jul 21 18:26 Repeat$_Repeat_SDF_Director_run_Repeat$__R_sL_8.class
drwxrwxr-x   2 travis travis   4096 Jul 21 18:26 RepeatVariables
-rw-rw-r--   1 travis travis    882 Jul 21 18:26 Repeat$_varinit_Repeat.class
-rw-rw-r--   1 travis travis    550 Jul 21 18:26 Repeat$_varinit_Repeat$__v_sL_2.class
-rw-rw-r--   1 travis travis    924 Jul 21 18:26 Repeat$_varinit_Repeat$__v_sL_4.class
-rw-rw-r--   1 travis travis    978 Jul 21 18:26 Repeat$_wrapup_Repeat$__w_sL_1.class
drwxrwxr-x   3 travis travis  20480 Jul 21 18:22 Sinewave
drwxrwxr-x   3 travis travis  32768 Jul 21 18:23 StringFunction
drwxrwxr-x   3 travis travis  12288 Jul 21 18:24 StringLength
drwxrwxr-x   3 travis travis  61440 Jul 21 18:24 StringMatches2
drwxrwxr-x   3 travis travis  61440 Jul 21 18:24 StringSimpleReplace
drwxrwxr-x   3 travis travis  65536 Jul 21 18:24 StringSubstring
drwxrwxr-x   3 travis travis  24576 Jul 21 18:25 StringSubstring2
drwxrwxr-x   3 travis travis  16384 Jul 21 18:25 time1
drwxrwxr-x   3 travis travis  12288 Jul 21 18:26 time5
-rw-rw-r--   1 travis travis    432 Jul 21 18:28 Token.class
-rw-rw-r--   1 travis travis    251 Jul 21 18:28 Token.java
-rwxrwxr-x   1 travis travis 466992 Jul 21 18:18 top
-rw-rw-r--   1 travis travis  20502 Jul 21 18:18 top.c
-rw-rw-r--   1 travis travis   3799 Jul 21 18:26 top.class
-rw-rw-r--   1 travis travis   1257 Jul 21 18:26 top.mk
In "/home/travis/cg", about to execute:
    javac -classpath
.:/home/travis/build/icyphy/ptII:/home/travis/build/icyphy/ptII/lib/bsh-2.0b4.j
ar:/home/travis/build/icyphy/ptII/lib/ptCal.jar:/home/travis/build/icyphy/ptII/
lib/java_cup.jar:/home/travis/build/icyphy/ptII/lib/saxon8.jar:/home/travis/bui
ld/icyphy/ptII/lib/saxon8-dom.jar:/home/travis/build/icyphy/ptII/lib/chic.jar:/
home/travis/build/icyphy/ptII/lib/ptcolt.jar:/home/travis/build/icyphy/ptII/ven
dors/misc/itext/iText.jar:/home/travis/build/icyphy/ptII/lib/g4ltl.jar:/home/tr
avis/build/icyphy/ptII/lib/StructuralCoder.jar:/home/travis/build/icyphy/ptII/l
ib/jcerti.jar:/home/travis/build/icyphy/ptII/lib/javax.mail.jar:/home/travis/bu
ild/icyphy/ptII/vendors/JMF-2.1.1e/lib/jmf.jar:/home/travis/build/icyphy/ptII/l
ib/jna-4.0.0-variadic.jar:/home/travis/build/icyphy/ptII/vendors/misc/joystick/
Joystick.jar:/home/travis/build/icyphy/ptII/lib/ptjacl.jar:/home/travis/build/i
cyphy/ptII/lib/jsoup-1.8.2.jar:/home/travis/build/icyphy/ptII/lib/junit-4.8.2.j
ar:/home/travis/build/icyphy/ptII/lib/JUnitParams-0.4.0.jar:/home/travis/build/
icyphy/ptII/ptolemy/actor/lib/excel/jxl.jar:/home/travis/build/icyphy/ptII/lib/
jython.jar:/home/travis/build/icyphy/ptII/lib/kieler.jar:/home/travis/build/icy
phy/ptII/vendors/opencv/share/OpenCV/java/opencv-341.jar:/home/travis/build/icy
phy/ptII/lib/oscP5.jar:/home/travis/build/icyphy/ptII/lib/nrjavaserial-3.11.0.d
evel.jar:/home/travis/build/icyphy/ptII/vendors/j3d/lib/Linux/j3dcore.jar:/home
/travis/build/icyphy/ptII/vendors/j3d/lib/Linux/j3dutils.jar:/home/travis/build
/icyphy/ptII/vendors/j3d/lib/Linux/vecmath.jar:/home/travis/build/icyphy/ptII/v
endors/jogl/lib/Linux/gluegen-rt-natives-linux-amd64.jar:/home/travis/build/icy
phy/ptII/vendors/jogl/lib/Linux/gluegen-rt.jar:/home/travis/build/icyphy/ptII/v
endors/jogl/lib/Linux/jogl-all-natives-linux-amd64.jar:/home/travis/build/icyph
y/ptII/vendors/jogl/lib/Linux/jogl-all.jar:/home/travis/build/icyphy/ptII/ptole
my/distributed/jini/jar/jini-core.jar:/home/travis/build/icyphy/ptII/ptolemy/di
stributed/jini/jar/jini-ext.jar:/home/travis/build/icyphy/ptII/ptolemy/distribu
ted/jini/jar/sun-util.jar:/home/travis/build/icyphy/ptII/lib/protobuf-java-2.4.
1.jar:/home/travis/build/icyphy/ptII/lib/org.eclipse.paho.client.mqttv3.jar:/ho
me/travis/build/icyphy/ptII/lib/mapss.jar:/home/travis/build/icyphy/ptII/ptolem
y/actor/ptalon/antlr/antlr.jar:/home/travis/build/icyphy/ptII/lib/JRI.jar:/home
/travis/build/icyphy/ptII/lib/commons-lang-2.6.jar:/home/travis/build/icyphy/pt
II/lib/commons-logging-1.1.1.jar:/home/travis/build/icyphy/ptII/lib/sootclasses
.jar:/home/travis/build/icyphy/ptII/ptolemy/actor/lib/database/mysql-connector-
java-5.1.6-bin.jar:/home/travis/build/icyphy/ptII/vendors/misc/sphinx4/sphinx4-
data-5prealpha.jar:/home/travis/build/icyphy/ptII/vendors/misc/sphinx4/sphinx4-
core-5prealpha.jar:/home/travis/build/icyphy/ptII/lib/PDFRenderer.jar:/home/tra
vis/build/icyphy/ptII/lib/svgSalamander.jar:/home/travis/build/icyphy/ptII/lib/
rsyntaxtextarea-2.6.0-SNAPSHOT.jar:/home/travis/build/icyphy/ptII/lib/hazelcast
-3.8.2.jar:/home/travis/build/icyphy/ptII/lib/jackson-annotations-2.9.0.jar:/ho
me/travis/build/icyphy/ptII/lib/jackson-core-2.9.3.jar:/home/travis/build/icyph
y/ptII/lib/jackson-databind-2.9.3.jar:/home/travis/build/icyphy/ptII/lib/netty-
buffer-4.1.19.Final.jar:/home/travis/build/icyphy/ptII/lib/netty-codec-4.1.19.F
inal.jar:/home/travis/build/icyphy/ptII/lib/netty-codec-dns-4.1.19.Final.jar:/h
ome/travis/build/icyphy/ptII/lib/netty-codec-http-4.1.19.Final.jar:/home/travis
/build/icyphy/ptII/lib/netty-codec-http2-4.1.19.Final.jar:/home/travis/build/ic
yphy/ptII/lib/netty-common-4.1.19.Final.jar:/home/travis/build/icyphy/ptII/lib/
netty-handler-4.1.19.Final.jar:/home/travis/build/icyphy/ptII/lib/netty-resolve
r-4.1.19.Final.jar:/home/travis/build/icyphy/ptII/lib/netty-resolver-dns-4.1.19
.Final.jar:/home/travis/build/icyphy/ptII/lib/netty-transport-4.1.19.Final.jar:
/home/travis/build/icyphy/ptII/lib/vertx-codegen-3.5.1.jar:/home/travis/build/i
cyphy/ptII/lib/vertx-core-3.5.2-SNAPSHOT.jar:/home/travis/build/icyphy/ptII/lib
/vertx-hazelcast-3.5.1.jar:/home/travis/build/icyphy/ptII/lib/vertx-lang-js-3.5
.1.jar:/home/travis/build/icyphy/ptII/lib/vertx-service-proxy-3.5.1.jar:/home/t
ravis/build/icyphy/ptII/lib/vertx-web-3.5.1.jar:/home/travis/build/icyphy/ptII/
lib/slf4j-api-1.7.13.jar:/home/travis/build/icyphy/ptII/lib/slf4j-simple-1.7.13
.jar:/home/travis/build/icyphy/ptII/lib/webcam-capture-0.3.12.jar:/home/travis/
build/icyphy/ptII/lib/bridj-0.7.0.jar:/home/travis/build/icyphy/ptII/lib/xbjlib
-1.1.0.nrjavaserial.jar:/home/travis/build/icyphy/ptII/ptolemy/moml/test:/home/
travis/build/icyphy/ptII/ant/lib/ant-launcher.jar:/home/travis/build/icyphy/ptI
I/ant/lib/ant.jar:/home/travis/build/icyphy/ptII/ant/lib/ant-junit.jar:/home/tr
avis/build/icyphy/ptII/ant/lib/ant-junit4.jar:/home/travis/build/icyphy/ptII
ModularCodeGen6_A_profile.java
All Done
Writing ModularCodeGen6_A.java in file:/home/travis/cg/ (26535 characters)
Reading "ptolemy/cg/kernel/generic/program/procedural/java/modular/makefile.in",
    writing "/home/travis/cg/ModularCodeGen6_A.mk"
Using ptolemy/cg/kernel/generic/program/procedural/java/modular/makefile.in
In "/home/travis/cg", about to execute:
    make -f ModularCodeGen6_A.mk
javac -classpath ".:.."    ModularCodeGen6_A.java
All Done
Manager.initialize() finished: 10175 ms. Memory: 145408K Free: 58427K (40%)
10177 ms. Memory: 145408K Free: 58052K (40%)
----------------- Invoking toplevel() on ptolemy.moml.MoMLSimpleApplication@46609384
----------------- Done invoking toplevel() on ptolemy.moml.MoMLSimpleApplication@46609384
reloadAllAccessors: .ModularCodeGen6

===========================================================================================
----------------- testing Sun Jul 21 18:28:34 UTC 2019 /home/travis/build/icyphy/ptII/ptolemy/cg/lib/test/auto/ModularCodeGenLazyPubSub.xml
----------------- Instantiating /home/travis/build/icyphy/ptII/ptolemy/cg/lib/test/auto/ModularCodeGenLazyPubSub.xml
In "/home/travis/cg", about to execute:
    pwd
In "/home/travis/cg", about to execute:
    ls -l
/home/travis/cg
In "/home/travis/cg", about to execute:
    javac -classpath
.:/home/travis/build/icyphy/ptII:/home/travis/build/icyphy/ptII/lib/bsh-2.0b4.j
ar:/home/travis/build/icyphy/ptII/lib/ptCal.jar:/home/travis/build/icyphy/ptII/
lib/java_cup.jar:/home/travis/build/icyphy/ptII/lib/saxon8.jar:/home/travis/bui
ld/icyphy/ptII/lib/saxon8-dom.jar:/home/travis/build/icyphy/ptII/lib/chic.jar:/
home/travis/build/icyphy/ptII/lib/ptcolt.jar:/home/travis/build/icyphy/ptII/ven
dors/misc/itext/iText.jar:/home/travis/build/icyphy/ptII/lib/g4ltl.jar:/home/tr
avis/build/icyphy/ptII/lib/StructuralCoder.jar:/home/travis/build/icyphy/ptII/l
ib/jcerti.jar:/home/travis/build/icyphy/ptII/lib/javax.mail.jar:/home/travis/bu
ild/icyphy/ptII/vendors/JMF-2.1.1e/lib/jmf.jar:/home/travis/build/icyphy/ptII/l
ib/jna-4.0.0-variadic.jar:/home/travis/build/icyphy/ptII/vendors/misc/joystick/
Joystick.jar:/home/travis/build/icyphy/ptII/lib/ptjacl.jar:/home/travis/build/i
cyphy/ptII/lib/jsoup-1.8.2.jar:/home/travis/build/icyphy/ptII/lib/junit-4.8.2.j
ar:/home/travis/build/icyphy/ptII/lib/JUnitParams-0.4.0.jar:/home/travis/build/
icyphy/ptII/ptolemy/actor/lib/excel/jxl.jar:/home/travis/build/icyphy/ptII/lib/
jython.jar:/home/travis/build/icyphy/ptII/lib/kieler.jar:/home/travis/build/icy
phy/ptII/vendors/opencv/share/OpenCV/java/opencv-341.jar:/home/travis/build/icy
phy/ptII/lib/oscP5.jar:/home/travis/build/icyphy/ptII/lib/nrjavaserial-3.11.0.d
evel.jar:/home/travis/build/icyphy/ptII/vendors/j3d/lib/Linux/j3dcore.jar:/home
/travis/build/icyphy/ptII/vendors/j3d/lib/Linux/j3dutils.jar:/home/travis/build
/icyphy/ptII/vendors/j3d/lib/Linux/vecmath.jar:/home/travis/build/icyphy/ptII/v
endors/jogl/lib/Linux/gluegen-rt-natives-linux-amd64.jar:/home/travis/build/icy
phy/ptII/vendors/jogl/lib/Linux/gluegen-rt.jar:/home/travis/build/icyphy/ptII/v
endors/jogl/lib/Linux/jogl-all-natives-linux-amd64.jar:/home/travis/build/icyph
y/ptII/vendors/jogl/lib/Linux/jogl-all.jar:/home/travis/build/icyphy/ptII/ptole
my/distributed/jini/jar/jini-core.jar:/home/travis/build/icyphy/ptII/ptolemy/di
stributed/jini/jar/jini-ext.jar:/home/travis/build/icyphy/ptII/ptolemy/distribu
ted/jini/jar/sun-util.jar:/home/travis/build/icyphy/ptII/lib/protobuf-java-2.4.
1.jar:/home/travis/build/icyphy/ptII/lib/org.eclipse.paho.client.mqttv3.jar:/ho
me/travis/build/icyphy/ptII/lib/mapss.jar:/home/travis/build/icyphy/ptII/ptolem
y/actor/ptalon/antlr/antlr.jar:/home/travis/build/icyphy/ptII/lib/JRI.jar:/home
/travis/build/icyphy/ptII/lib/commons-lang-2.6.jar:/home/travis/build/icyphy/pt
II/lib/commons-logging-1.1.1.jar:/home/travis/build/icyphy/ptII/lib/sootclasses
.jar:/home/travis/build/icyphy/ptII/ptolemy/actor/lib/database/mysql-connector-
java-5.1.6-bin.jar:/home/travis/build/icyphy/ptII/vendors/misc/sphinx4/sphinx4-
data-5prealpha.jar:/home/travis/build/icyphy/ptII/vendors/misc/sphinx4/sphinx4-
core-5prealpha.jar:/home/travis/build/icyphy/ptII/lib/PDFRenderer.jar:/home/tra
vis/build/icyphy/ptII/lib/svgSalamander.jar:/home/travis/build/icyphy/ptII/lib/
rsyntaxtextarea-2.6.0-SNAPSHOT.jar:/home/travis/build/icyphy/ptII/lib/hazelcast
-3.8.2.jar:/home/travis/build/icyphy/ptII/lib/jackson-annotations-2.9.0.jar:/ho
me/travis/build/icyphy/ptII/lib/jackson-core-2.9.3.jar:/home/travis/build/icyph
y/ptII/lib/jackson-databind-2.9.3.jar:/home/travis/build/icyphy/ptII/lib/netty-
buffer-4.1.19.Final.jar:/home/travis/build/icyphy/ptII/lib/netty-codec-4.1.19.F
inal.jar:/home/travis/build/icyphy/ptII/lib/netty-codec-dns-4.1.19.Final.jar:/h
ome/travis/build/icyphy/ptII/lib/netty-codec-http-4.1.19.Final.jar:/home/travis
/build/icyphy/ptII/lib/netty-codec-http2-4.1.19.Final.jar:/home/travis/build/ic
yphy/ptII/lib/netty-common-4.1.19.Final.jar:/home/travis/build/icyphy/ptII/lib/
netty-handler-4.1.19.Final.jar:/home/travis/build/icyphy/ptII/lib/netty-resolve
r-4.1.19.Final.jar:/home/travis/build/icyphy/ptII/lib/netty-resolver-dns-4.1.19
.Final.jar:/home/travis/build/icyphy/ptII/lib/netty-transport-4.1.19.Final.jar:
/home/travis/build/icyphy/ptII/lib/vertx-codegen-3.5.1.jar:/home/travis/build/i
cyphy/ptII/lib/vertx-core-3.5.2-SNAPSHOT.jar:/home/travis/build/icyphy/ptII/lib
/vertx-hazelcast-3.5.1.jar:/home/travis/build/icyphy/ptII/lib/vertx-lang-js-3.5
.1.jar:/home/travis/build/icyphy/ptII/lib/vertx-service-proxy-3.5.1.jar:/home/t
ravis/build/icyphy/ptII/lib/vertx-web-3.5.1.jar:/home/travis/build/icyphy/ptII/
lib/slf4j-api-1.7.13.jar:/home/travis/build/icyphy/ptII/lib/slf4j-simple-1.7.13
.jar:/home/travis/build/icyphy/ptII/lib/webcam-capture-0.3.12.jar:/home/travis/
build/icyphy/ptII/lib/bridj-0.7.0.jar:/home/travis/build/icyphy/ptII/lib/xbjlib
-1.1.0.nrjavaserial.jar:/home/travis/build/icyphy/ptII/ptolemy/moml/test:/home/
travis/build/icyphy/ptII/ant/lib/ant-launcher.jar:/home/travis/build/icyphy/ptI
I/ant/lib/ant.jar:/home/travis/build/icyphy/ptII/ant/lib/ant-junit.jar:/home/tr
avis/build/icyphy/ptII/ant/lib/ant-junit4.jar:/home/travis/build/icyphy/ptII
ModularCodeGenLazyPubSub_LazyCompositeActor_profile.java
total 2312
drwxrwxr-x   3 travis travis  12288 Jul 21 18:20 AbsoluteValue
drwxrwxr-x   3 travis travis 102400 Jul 21 18:19 AllColt
drwxrwxr-x   3 travis travis  12288 Jul 21 18:19 Case1
-rw-rw-r--   1 travis travis   5128 Jul 21 18:26 CompiledCompositeActor_CompiledCompositeActor.class
-rw-rw-r--   1 travis travis   1611 Jul 21 18:26 CompiledCompositeActor_CompiledCompositeActor$_CompiledCompositeActor_CompiledCompositeActor.class
-rw-rw-r--   1 travis travis  13466 Jul 21 18:26 CompiledCompositeActor_CompiledCompositeActor.java
-rw-rw-r--   1 travis travis   1593 Jul 21 18:26 CompiledCompositeActor_CompiledCompositeActor.mk
drwxrwxr-x   5 travis travis   4096 Jul 21 18:18 fmi
drwxrwxr-x   3 travis travis  16384 Jul 21 18:20 Gaussian2
-rw-rw-r--   1 travis travis   4684 Jul 21 18:26 JavaCompiledCompositeTest1_CompiledCompositeActor.class
-rw-rw-r--   1 travis travis  11637 Jul 21 18:26 JavaCompiledCompositeTest1_CompiledCompositeActor.java
-rw-rw-r--   1 travis travis   1217 Jul 21 18:26 JavaCompiledCompositeTest1_CompiledCompositeActor$_JavaCompiledCompositeTest1_CompiledCompositeActor.class
-rw-rw-r--   1 travis travis   1625 Jul 21 18:26 JavaCompiledCompositeTest1_CompiledCompositeActor.mk
-rw-rw-r--   1 travis travis   5115 Jul 21 18:26 JavaCompiledCompositeTest2_CompiledCompositeActor.class
-rw-rw-r--   1 travis travis  14919 Jul 21 18:26 JavaCompiledCompositeTest2_CompiledCompositeActor.java
-rw-rw-r--   1 travis travis   1812 Jul 21 18:26 JavaCompiledCompositeTest2_CompiledCompositeActor$_JavaCompiledCompositeTest2_CompiledCompositeActor.class
-rw-rw-r--   1 travis travis   1625 Jul 21 18:26 JavaCompiledCompositeTest2_CompiledCompositeActor.mk
-rw-rw-r--   1 travis travis   4732 Jul 21 18:26 JavaCompiledCompositeTest3_CompiledCompositeActor.class
-rw-rw-r--   1 travis travis  13080 Jul 21 18:26 JavaCompiledCompositeTest3_CompiledCompositeActor.java
-rw-rw-r--   1 travis travis   1397 Jul 21 18:26 JavaCompiledCompositeTest3_CompiledCompositeActor$_JavaCompiledCompositeTest3_CompiledCompositeActor.class
-rw-rw-r--   1 travis travis   1625 Jul 21 18:26 JavaCompiledCompositeTest3_CompiledCompositeActor.mk
-rw-rw-r--   1 travis travis   4183 Jul 21 18:26 JavaCompiledCompositeTest4_CompiledCompositeActor.class
-rw-rw-r--   1 travis travis   9687 Jul 21 18:26 JavaCompiledCompositeTest4_CompiledCompositeActor.java
-rw-rw-r--   1 travis travis    876 Jul 21 18:26 JavaCompiledCompositeTest4_CompiledCompositeActor$_JavaCompiledCompositeTest4_CompiledCompositeActor.class
-rw-rw-r--   1 travis travis   1625 Jul 21 18:26 JavaCompiledCompositeTest4_CompiledCompositeActor.mk
drwxrwxr-x   3 travis travis  12288 Jul 21 18:21 LookupTable
drwxrwxr-x   3 travis travis  20480 Jul 21 18:21 MaxIndex
-rw-rw-r--   1 travis travis   3925 Jul 21 18:26 ModularCG_A1_B1.class
-rw-rw-r--   1 travis travis   9730 Jul 21 18:26 ModularCG_A1_B1.java
-rw-rw-r--   1 travis travis    832 Jul 21 18:26 ModularCG_A1_B1.mk
-rw-rw-r--   1 travis travis   1318 Jul 21 18:26 ModularCG_A1_B1_profile.class
-rw-rw-r--   1 travis travis   1262 Jul 21 18:26 ModularCG_A1_B1_profile.java
-rw-rw-r--   1 travis travis   3925 Jul 21 18:27 ModularCG_A1_B2.class
-rw-rw-r--   1 travis travis   9730 Jul 21 18:27 ModularCG_A1_B2.java
-rw-rw-r--   1 travis travis    832 Jul 21 18:27 ModularCG_A1_B2.mk
-rw-rw-r--   1 travis travis   1318 Jul 21 18:27 ModularCG_A1_B2_profile.class
-rw-rw-r--   1 travis travis   1262 Jul 21 18:26 ModularCG_A1_B2_profile.java
-rw-rw-r--   1 travis travis   5031 Jul 21 18:27 ModularCG_A1.class
-rw-rw-r--   1 travis travis  14742 Jul 21 18:27 ModularCG_A1.java
-rw-rw-r--   1 travis travis    808 Jul 21 18:27 ModularCG_A1.mk
-rw-rw-r--   1 travis travis   1433 Jul 21 18:27 ModularCG_A1_profile.class
-rw-rw-r--   1 travis travis   1704 Jul 21 18:27 ModularCG_A1_profile.java
-rw-rw-r--   1 travis travis   4059 Jul 21 18:27 ModularCG_A2_B1.class
-rw-rw-r--   1 travis travis  10667 Jul 21 18:27 ModularCG_A2_B1.java
-rw-rw-r--   1 travis travis    832 Jul 21 18:27 ModularCG_A2_B1.mk
-rw-rw-r--   1 travis travis   1381 Jul 21 18:27 ModularCG_A2_B1_profile.class
-rw-rw-r--   1 travis travis   1446 Jul 21 18:27 ModularCG_A2_B1_profile.java
-rw-rw-r--   1 travis travis   3925 Jul 21 18:27 ModularCG_A2_B2.class
-rw-rw-r--   1 travis travis   9730 Jul 21 18:27 ModularCG_A2_B2.java
-rw-rw-r--   1 travis travis    832 Jul 21 18:27 ModularCG_A2_B2.mk
-rw-rw-r--   1 travis travis   1318 Jul 21 18:27 ModularCG_A2_B2_profile.class
-rw-rw-r--   1 travis travis   1262 Jul 21 18:27 ModularCG_A2_B2_profile.java
-rw-rw-r--   1 travis travis   5102 Jul 21 18:27 ModularCG_A2.class
-rw-rw-r--   1 travis travis  15129 Jul 21 18:27 ModularCG_A2.java
-rw-rw-r--   1 travis travis    808 Jul 21 18:27 ModularCG_A2.mk
-rw-rw-r--   1 travis travis   1433 Jul 21 18:27 ModularCG_A2_profile.class
-rw-rw-r--   1 travis travis   1704 Jul 21 18:27 ModularCG_A2_profile.java
-rw-rw-r--   1 travis travis   3705 Jul 21 18:27 ModularCGPubSub_A1_A2.class
-rw-rw-r--   1 travis travis   9076 Jul 21 18:27 ModularCGPubSub_A1_A2.java
-rw-rw-r--   1 travis travis    880 Jul 21 18:27 ModularCGPubSub_A1_A2.mk
-rw-rw-r--   1 travis travis   1300 Jul 21 18:27 ModularCGPubSub_A1_A2_profile.class
-rw-rw-r--   1 travis travis   1222 Jul 21 18:27 ModularCGPubSub_A1_A2_profile.java
-rw-rw-r--   1 travis travis   4022 Jul 21 18:27 ModularCGPubSub_A1.class
-rw-rw-r--   1 travis travis   9836 Jul 21 18:27 ModularCGPubSub_A1.java
-rw-rw-r--   1 travis travis    856 Jul 21 18:27 ModularCGPubSub_A1.mk
-rw-rw-r--   1 travis travis   1346 Jul 21 18:27 ModularCGPubSub_A1_profile.class
-rw-rw-r--   1 travis travis   1388 Jul 21 18:27 ModularCGPubSub_A1_profile.java
-rw-rw-r--   1 travis travis   4220 Jul 21 18:27 ModularCodeGen2_ModularCodeGenTypedCompositeActor.class
-rw-rw-r--   1 travis travis  11690 Jul 21 18:27 ModularCodeGen2_ModularCodeGenTypedCompositeActor.java
-rw-rw-r--   1 travis travis   1104 Jul 21 18:27 ModularCodeGen2_ModularCodeGenTypedCompositeActor.mk
-rw-rw-r--   1 travis travis   4504 Jul 21 18:27 ModularCodeGen2_ModularCodeGenTypedCompositeActor_ModularCodeGenTypedCompositeActor.class
-rw-rw-r--   1 travis travis  11790 Jul 21 18:27 ModularCodeGen2_ModularCodeGenTypedCompositeActor_ModularCodeGenTypedCompositeActor.java
-rw-rw-r--   1 travis travis   1376 Jul 21 18:27 ModularCodeGen2_ModularCodeGenTypedCompositeActor_ModularCodeGenTypedCompositeActor.mk
-rw-rw-r--   1 travis travis   1421 Jul 21 18:27 ModularCodeGen2_ModularCodeGenTypedCompositeActor_ModularCodeGenTypedCompositeActor_profile.class
-rw-rw-r--   1 travis travis   1294 Jul 21 18:27 ModularCodeGen2_ModularCodeGenTypedCompositeActor_ModularCodeGenTypedCompositeActor_profile.java
-rw-rw-r--   1 travis travis    820 Jul 21 18:27 ModularCodeGen2_ModularCodeGenTypedCompositeActor_profile.class
-rw-rw-r--   1 travis travis    693 Jul 21 18:27 ModularCodeGen2_ModularCodeGenTypedCompositeActor_profile.java
-rw-rw-r--   1 travis travis   3973 Jul 21 18:27 ModularCodeGen3_A1_B1.class
-rw-rw-r--   1 travis travis   9958 Jul 21 18:27 ModularCodeGen3_A1_B1.java
-rw-rw-r--   1 travis travis    880 Jul 21 18:27 ModularCodeGen3_A1_B1.mk
-rw-rw-r--   1 travis travis   1330 Jul 21 18:27 ModularCodeGen3_A1_B1_profile.class
-rw-rw-r--   1 travis travis   1274 Jul 21 18:27 ModularCodeGen3_A1_B1_profile.java
-rw-rw-r--   1 travis travis   3973 Jul 21 18:27 ModularCodeGen3_A1_B2.class
-rw-rw-r--   1 travis travis   9958 Jul 21 18:27 ModularCodeGen3_A1_B2.java
-rw-rw-r--   1 travis travis    880 Jul 21 18:27 ModularCodeGen3_A1_B2.mk
-rw-rw-r--   1 travis travis   1330 Jul 21 18:27 ModularCodeGen3_A1_B2_profile.class
-rw-rw-r--   1 travis travis   1274 Jul 21 18:27 ModularCodeGen3_A1_B2_profile.java
-rw-rw-r--   1 travis travis   5193 Jul 21 18:27 ModularCodeGen3_A1.class
-rw-rw-r--   1 travis travis  15564 Jul 21 18:27 ModularCodeGen3_A1.java
-rw-rw-r--   1 travis travis    856 Jul 21 18:27 ModularCodeGen3_A1.mk
-rw-rw-r--   1 travis travis   1445 Jul 21 18:27 ModularCodeGen3_A1_profile.class
-rw-rw-r--   1 travis travis   1716 Jul 21 18:27 ModularCodeGen3_A1_profile.java
-rw-rw-r--   1 travis travis   4119 Jul 21 18:27 ModularCodeGen3_A2_B1.class
-rw-rw-r--   1 travis travis  10955 Jul 21 18:27 ModularCodeGen3_A2_B1.java
-rw-rw-r--   1 travis travis    880 Jul 21 18:27 ModularCodeGen3_A2_B1.mk
-rw-rw-r--   1 travis travis   1393 Jul 21 18:27 ModularCodeGen3_A2_B1_profile.class
-rw-rw-r--   1 travis travis   1458 Jul 21 18:27 ModularCodeGen3_A2_B1_profile.java
-rw-rw-r--   1 travis travis   3973 Jul 21 18:27 ModularCodeGen3_A2_B2.class
-rw-rw-r--   1 travis travis   9958 Jul 21 18:27 ModularCodeGen3_A2_B2.java
-rw-rw-r--   1 travis travis    880 Jul 21 18:27 ModularCodeGen3_A2_B2.mk
-rw-rw-r--   1 travis travis   1330 Jul 21 18:27 ModularCodeGen3_A2_B2_profile.class
-rw-rw-r--   1 travis travis   1274 Jul 21 18:27 ModularCodeGen3_A2_B2_profile.java
-rw-rw-r--   1 travis travis   5270 Jul 21 18:27 ModularCodeGen3_A2.class
-rw-rw-r--   1 travis travis  15957 Jul 21 18:27 ModularCodeGen3_A2.java
-rw-rw-r--   1 travis travis    856 Jul 21 18:27 ModularCodeGen3_A2.mk
-rw-rw-r--   1 travis travis   1445 Jul 21 18:27 ModularCodeGen3_A2_profile.class
-rw-rw-r--   1 travis travis   1716 Jul 21 18:27 ModularCodeGen3_A2_profile.java
-rw-rw-r--   1 travis travis   4026 Jul 21 18:27 ModularCodeGen4_A1_B1.class
-rw-rw-r--   1 travis travis  10312 Jul 21 18:27 ModularCodeGen4_A1_B1.java
-rw-rw-r--   1 travis travis    880 Jul 21 18:27 ModularCodeGen4_A1_B1.mk
-rw-rw-r--   1 travis travis   1330 Jul 21 18:27 ModularCodeGen4_A1_B1_profile.class
-rw-rw-r--   1 travis travis   1273 Jul 21 18:27 ModularCodeGen4_A1_B1_profile.java
-rw-rw-r--   1 travis travis   4026 Jul 21 18:28 ModularCodeGen4_A1_B2.class
-rw-rw-r--   1 travis travis  10312 Jul 21 18:28 ModularCodeGen4_A1_B2.java
-rw-rw-r--   1 travis travis    880 Jul 21 18:28 ModularCodeGen4_A1_B2.mk
-rw-rw-r--   1 travis travis   1330 Jul 21 18:28 ModularCodeGen4_A1_B2_profile.class
-rw-rw-r--   1 travis travis   1273 Jul 21 18:27 ModularCodeGen4_A1_B2_profile.java
-rw-rw-r--   1 travis travis   5333 Jul 21 18:28 ModularCodeGen4_A1.class
-rw-rw-r--   1 travis travis  16245 Jul 21 18:28 ModularCodeGen4_A1.java
-rw-rw-r--   1 travis travis    856 Jul 21 18:28 ModularCodeGen4_A1.mk
-rw-rw-r--   1 travis travis   1445 Jul 21 18:28 ModularCodeGen4_A1_profile.class
-rw-rw-r--   1 travis travis   1712 Jul 21 18:28 ModularCodeGen4_A1_profile.java
-rw-rw-r--   1 travis travis   4220 Jul 21 18:28 ModularCodeGen4_A2_B1.class
-rw-rw-r--   1 travis travis  11375 Jul 21 18:28 ModularCodeGen4_A2_B1.java
-rw-rw-r--   1 travis travis    880 Jul 21 18:28 ModularCodeGen4_A2_B1.mk
-rw-rw-r--   1 travis travis   1393 Jul 21 18:28 ModularCodeGen4_A2_B1_profile.class
-rw-rw-r--   1 travis travis   1454 Jul 21 18:28 ModularCodeGen4_A2_B1_profile.java
-rw-rw-r--   1 travis travis   4074 Jul 21 18:28 ModularCodeGen4_A2_B2.class
-rw-rw-r--   1 travis travis  10378 Jul 21 18:28 ModularCodeGen4_A2_B2.java
-rw-rw-r--   1 travis travis    880 Jul 21 18:28 ModularCodeGen4_A2_B2.mk
-rw-rw-r--   1 travis travis   1330 Jul 21 18:28 ModularCodeGen4_A2_B2_profile.class
-rw-rw-r--   1 travis travis   1270 Jul 21 18:28 ModularCodeGen4_A2_B2_profile.java
-rw-rw-r--   1 travis travis   5506 Jul 21 18:28 ModularCodeGen4_A2.class
-rw-rw-r--   1 travis travis  16770 Jul 21 18:28 ModularCodeGen4_A2.java
-rw-rw-r--   1 travis travis    856 Jul 21 18:28 ModularCodeGen4_A2.mk
-rw-rw-r--   1 travis travis   1445 Jul 21 18:28 ModularCodeGen4_A2_profile.class
-rw-rw-r--   1 travis travis   1712 Jul 21 18:28 ModularCodeGen4_A2_profile.java
-rw-rw-r--   1 travis travis   7070 Jul 21 18:28 ModularCodeGen5_A_A.class
-rw-rw-r--   1 travis travis  28721 Jul 21 18:28 ModularCodeGen5_A_A.java
-rw-rw-r--   1 travis travis    864 Jul 21 18:28 ModularCodeGen5_A_A.mk
-rw-rw-r--   1 travis travis   1520 Jul 21 18:28 ModularCodeGen5_A_A_profile.class
-rw-rw-r--   1 travis travis   1815 Jul 21 18:28 ModularCodeGen5_A_A_profile.java
-rw-rw-r--   1 travis travis   5347 Jul 21 18:28 ModularCodeGen5_A.class
-rw-rw-r--   1 travis travis  13769 Jul 21 18:28 ModularCodeGen5_A.java
-rw-rw-r--   1 travis travis    848 Jul 21 18:28 ModularCodeGen5_A.mk
-rw-rw-r--   1 travis travis   1422 Jul 21 18:28 ModularCodeGen5_A_profile.class
-rw-rw-r--   1 travis travis   1605 Jul 21 18:28 ModularCodeGen5_A_profile.java
-rw-rw-r--   1 travis travis   4357 Jul 21 18:28 ModularCodeGen6_A_A2.class
-rw-rw-r--   1 travis travis  11329 Jul 21 18:28 ModularCodeGen6_A_A2.java
-rw-rw-r--   1 travis travis    872 Jul 21 18:28 ModularCodeGen6_A_A2.mk
-rw-rw-r--   1 travis travis   1351 Jul 21 18:28 ModularCodeGen6_A_A2_profile.class
-rw-rw-r--   1 travis travis   1364 Jul 21 18:28 ModularCodeGen6_A_A2_profile.java
-rw-rw-r--   1 travis travis   4340 Jul 21 18:28 ModularCodeGen6_A_A.class
-rw-rw-r--   1 travis travis  11221 Jul 21 18:28 ModularCodeGen6_A_A.java
-rw-rw-r--   1 travis travis    864 Jul 21 18:28 ModularCodeGen6_A_A.mk
-rw-rw-r--   1 travis travis   1348 Jul 21 18:28 ModularCodeGen6_A_A_profile.class
-rw-rw-r--   1 travis travis   1361 Jul 21 18:28 ModularCodeGen6_A_A_profile.java
-rw-rw-r--   1 travis travis   7469 Jul 21 18:28 ModularCodeGen6_A.class
-rw-rw-r--   1 travis travis  26535 Jul 21 18:28 ModularCodeGen6_A.java
-rw-rw-r--   1 travis travis    848 Jul 21 18:28 ModularCodeGen6_A.mk
-rw-rw-r--   1 travis travis   1483 Jul 21 18:28 ModularCodeGen6_A_profile.class
-rw-rw-r--   1 travis travis   1810 Jul 21 18:28 ModularCodeGen6_A_profile.java
-rw-rw-r--   1 travis travis   1091 Jul 21 18:28 ModularCodeGenLazyPubSub_LazyCompositeActor_profile.java
-rw-rw-r--   1 travis travis   4186 Jul 21 18:27 ModularCodeGen_ModularCodeGenTypedCompositeActor.class
-rw-rw-r--   1 travis travis  10970 Jul 21 18:27 ModularCodeGen_ModularCodeGenTypedCompositeActor.java
-rw-rw-r--   1 travis travis   1096 Jul 21 18:27 ModularCodeGen_ModularCodeGenTypedCompositeActor.mk
-rw-rw-r--   1 travis travis   1384 Jul 21 18:27 ModularCodeGen_ModularCodeGenTypedCompositeActor_profile.class
-rw-rw-r--   1 travis travis   1328 Jul 21 18:27 ModularCodeGen_ModularCodeGenTypedCompositeActor_profile.java
-rw-rw-r--   1 travis travis   3724 Jul 21 18:26 ModularCodeGenTest_A1_A2.class
-rw-rw-r--   1 travis travis   9164 Jul 21 18:26 ModularCodeGenTest_A1_A2.java
-rw-rw-r--   1 travis travis   1306 Jul 21 18:26 ModularCodeGenTest_A1_A2_profile.class
-rw-rw-r--   1 travis travis   4055 Jul 21 18:26 ModularCodeGenTest_A1.class
-rw-rw-r--   1 travis travis   9968 Jul 21 18:26 ModularCodeGenTest_A1.java
-rw-rw-r--   1 travis travis    880 Jul 21 18:26 ModularCodeGenTest_A1.mk
-rw-rw-r--   1 travis travis   1352 Jul 21 18:26 ModularCodeGenTest_A1_profile.class
-rw-rw-r--   1 travis travis   1394 Jul 21 18:26 ModularCodeGenTest_A1_profile.java
drwxrwxr-x   3 travis travis  32768 Jul 21 18:26 modulation2
drwxrwxr-x 139 travis travis  12288 Jul 21 18:26 node_modules
drwxrwxr-x   3 travis travis  20480 Jul 21 18:21 PhaseUnwrap
drwxrwxr-x   3 travis travis  12288 Jul 21 18:22 ReadFile1
-rw-rw-r--   1 travis travis     11 Jul 21 18:21 ReadFile1Output.txt
-rw-rw-r--   1 travis travis  13773 Jul 21 18:26 Repeat.class
-rw-rw-r--   1 travis travis    685 Jul 21 18:26 Repeat$_fireFunction_Repeat_Repeat$__f_sL_11.class
-rw-rw-r--   1 travis travis    541 Jul 21 18:26 Repeat$_fireFunction_Repeat_Repeat$__f_sL_12.class
-rw-rw-r--   1 travis travis    541 Jul 21 18:26 Repeat$_fireFunction_Repeat_Repeat$__f_sL_13.class
-rw-rw-r--   1 travis travis    541 Jul 21 18:26 Repeat$_fireFunction_Repeat_Repeat$__f_sL_14.class
-rw-rw-r--   1 travis travis    684 Jul 21 18:26 Repeat$_fireFunction_Repeat_Repeat$__f_sL_1.class
-rw-rw-r--   1 travis travis    683 Jul 21 18:26 Repeat$_fireFunction_Repeat_Repeat$__f_sL_4.class
-rw-rw-r--   1 travis travis    539 Jul 21 18:26 Repeat$_fireFunction_Repeat_Repeat$__f_sL_9.class
-rw-rw-r--   1 travis travis    494 Jul 21 18:26 Repeat$_initialize_Repeat$__i_sL_2.class
-rw-rw-r--   1 travis travis   1281 Jul 21 18:26 Repeat.mk
-rw-rw-r--   1 travis travis    539 Jul 21 18:26 Repeat$_preinitializeMethod_Repeat$__p_sL_0.class
-rw-rw-r--   1 travis travis   1102 Jul 21 18:26 Repeat$_Repeat$_fireFunction_Repeat_AddSubtract_Repeat.class
-rw-rw-r--   1 travis travis    810 Jul 21 18:26 Repeat$_Repeat$_fireFunction_Repeat_AddSubtract_Repeat$__f_sL_0.class
-rw-rw-r--   1 travis travis    928 Jul 21 18:26 Repeat$_Repeat$_fireFunction_Repeat_AddSubtract_Repeat$__f_sL_1.class
-rw-rw-r--   1 travis travis    934 Jul 21 18:26 Repeat$_Repeat$_fireFunction_Repeat_AddSubtract_Repeat$__f_sL_2.class
-rw-rw-r--   1 travis travis    862 Jul 21 18:26 Repeat$_Repeat$_fireFunction_Repeat_AddSubtract_Repeat$__f_sL_3.class
-rw-rw-r--   1 travis travis    757 Jul 21 18:26 Repeat$_Repeat$_fireFunction_Repeat_Ramp2_Repeat$__f_sL_0.class
-rw-rw-r--   1 travis travis    888 Jul 21 18:26 Repeat$_Repeat$_fireFunction_Repeat_Test_Repeat$__f_sL_0.class
-rw-rw-r--   1 travis travis    634 Jul 21 18:26 Repeat$_Repeat$_fireFunction_Repeat_Test_Repeat$__f_sL_1.class
-rw-rw-r--   1 travis travis    704 Jul 21 18:26 Repeat$_Repeat_SDF_Director_run_Repeat$__R_sL_0.class
-rw-rw-r--   1 travis travis    705 Jul 21 18:26 Repeat$_Repeat_SDF_Director_run_Repeat$__R_sL_11.class
-rw-rw-r--   1 travis travis    561 Jul 21 18:26 Repeat$_Repeat_SDF_Director_run_Repeat$__R_sL_13.class
-rw-rw-r--   1 travis travis    559 Jul 21 18:26 Repeat$_Repeat_SDF_Director_run_Repeat$__R_sL_2.class
-rw-rw-r--   1 travis travis    703 Jul 21 18:26 Repeat$_Repeat_SDF_Director_run_Repeat$__R_sL_3.class
-rw-rw-r--   1 travis travis    559 Jul 21 18:26 Repeat$_Repeat_SDF_Director_run_Repeat$__R_sL_5.class
-rw-rw-r--   1 travis travis    559 Jul 21 18:26 Repeat$_Repeat_SDF_Director_run_Repeat$__R_sL_8.class
drwxrwxr-x   2 travis travis   4096 Jul 21 18:26 RepeatVariables
-rw-rw-r--   1 travis travis    882 Jul 21 18:26 Repeat$_varinit_Repeat.class
-rw-rw-r--   1 travis travis    550 Jul 21 18:26 Repeat$_varinit_Repeat$__v_sL_2.class
-rw-rw-r--   1 travis travis    924 Jul 21 18:26 Repeat$_varinit_Repeat$__v_sL_4.class
-rw-rw-r--   1 travis travis    978 Jul 21 18:26 Repeat$_wrapup_Repeat$__w_sL_1.class
drwxrwxr-x   3 travis travis  20480 Jul 21 18:22 Sinewave
drwxrwxr-x   3 travis travis  32768 Jul 21 18:23 StringFunction
drwxrwxr-x   3 travis travis  12288 Jul 21 18:24 StringLength
drwxrwxr-x   3 travis travis  61440 Jul 21 18:24 StringMatches2
drwxrwxr-x   3 travis travis  61440 Jul 21 18:24 StringSimpleReplace
drwxrwxr-x   3 travis travis  65536 Jul 21 18:24 StringSubstring
drwxrwxr-x   3 travis travis  24576 Jul 21 18:25 StringSubstring2
drwxrwxr-x   3 travis travis  16384 Jul 21 18:25 time1
drwxrwxr-x   3 travis travis  12288 Jul 21 18:26 time5
-rw-rw-r--   1 travis travis    432 Jul 21 18:28 Token.class
-rw-rw-r--   1 travis travis    251 Jul 21 18:28 Token.java
-rwxrwxr-x   1 travis travis 466992 Jul 21 18:18 top
-rw-rw-r--   1 travis travis  20502 Jul 21 18:18 top.c
-rw-rw-r--   1 travis travis   3799 Jul 21 18:26 top.class
-rw-rw-r--   1 travis travis   1257 Jul 21 18:26 top.mk
All Done
Writing ModularCodeGenLazyPubSub_LazyCompositeActor.java in file:/home/travis/cg/ (11122 characters)
Reading "ptolemy/cg/kernel/generic/program/procedural/java/modular/makefile.in",
    writing "/home/travis/cg/ModularCodeGenLazyPubSub_LazyCompositeActor.mk"
Using ptolemy/cg/kernel/generic/program/procedural/java/modular/makefile.in
In "/home/travis/cg", about to execute:
    make -f ModularCodeGenLazyPubSub_LazyCompositeActor.mk
javac -classpath ".:.."    ModularCodeGenLazyPubSub_LazyCompositeActor.java
All Done
3294 ms. Memory: 145408K Free: 105136K (72%)
----------------- Invoking toplevel() on ptolemy.moml.MoMLSimpleApplication@36ee7c1f
----------------- Done invoking toplevel() on ptolemy.moml.MoMLSimpleApplication@36ee7c1f
reloadAllAccessors: .ModularCodeGenLazyPubSub

===========================================================================================
----------------- testing Sun Jul 21 18:28:38 UTC 2019 /home/travis/build/icyphy/ptII/ptolemy/cg/lib/test/auto/ModularCodeGenLazyPubSubGlobal.xml
----------------- Instantiating /home/travis/build/icyphy/ptII/ptolemy/cg/lib/test/auto/ModularCodeGenLazyPubSubGlobal.xml
In "/home/travis/cg", about to execute:
    pwd
In "/home/travis/cg", about to execute:
    ls -l
/home/travis/cg
In "/home/travis/cg", about to execute:
    javac -classpath
.:/home/travis/build/icyphy/ptII:/home/travis/build/icyphy/ptII/lib/bsh-2.0b4.j
ar:/home/travis/build/icyphy/ptII/lib/ptCal.jar:/home/travis/build/icyphy/ptII/
lib/java_cup.jar:/home/travis/build/icyphy/ptII/lib/saxon8.jar:/home/travis/bui
ld/icyphy/ptII/lib/saxon8-dom.jar:/home/travis/build/icyphy/ptII/lib/chic.jar:/
home/travis/build/icyphy/ptII/lib/ptcolt.jar:/home/travis/build/icyphy/ptII/ven
dors/misc/itext/iText.jar:/home/travis/build/icyphy/ptII/lib/g4ltl.jar:/home/tr
avis/build/icyphy/ptII/lib/StructuralCoder.jar:/home/travis/build/icyphy/ptII/l
ib/jcerti.jar:/home/travis/build/icyphy/ptII/lib/javax.mail.jar:/home/travis/bu
ild/icyphy/ptII/vendors/JMF-2.1.1e/lib/jmf.jar:/home/travis/build/icyphy/ptII/l
ib/jna-4.0.0-variadic.jar:/home/travis/build/icyphy/ptII/vendors/misc/joystick/
Joystick.jar:/home/travis/build/icyphy/ptII/lib/ptjacl.jar:/home/travis/build/i
cyphy/ptII/lib/jsoup-1.8.2.jar:/home/travis/build/icyphy/ptII/lib/junit-4.8.2.j
ar:/home/travis/build/icyphy/ptII/lib/JUnitParams-0.4.0.jar:/home/travis/build/
icyphy/ptII/ptolemy/actor/lib/excel/jxl.jar:/home/travis/build/icyphy/ptII/lib/
jython.jar:/home/travis/build/icyphy/ptII/lib/kieler.jar:/home/travis/build/icy
phy/ptII/vendors/opencv/share/OpenCV/java/opencv-341.jar:/home/travis/build/icy
phy/ptII/lib/oscP5.jar:/home/travis/build/icyphy/ptII/lib/nrjavaserial-3.11.0.d
evel.jar:/home/travis/build/icyphy/ptII/vendors/j3d/lib/Linux/j3dcore.jar:/home
/travis/build/icyphy/ptII/vendors/j3d/lib/Linux/j3dutils.jar:/home/travis/build
/icyphy/ptII/vendors/j3d/lib/Linux/vecmath.jar:/home/travis/build/icyphy/ptII/v
endors/jogl/lib/Linux/gluegen-rt-natives-linux-amd64.jar:/home/travis/build/icy
phy/ptII/vendors/jogl/lib/Linux/gluegen-rt.jar:/home/travis/build/icyphy/ptII/v
endors/jogl/lib/Linux/jogl-all-natives-linux-amd64.jar:/home/travis/build/icyph
y/ptII/vendors/jogl/lib/Linux/jogl-all.jar:/home/travis/build/icyphy/ptII/ptole
my/distributed/jini/jar/jini-core.jar:/home/travis/build/icyphy/ptII/ptolemy/di
stributed/jini/jar/jini-ext.jar:/home/travis/build/icyphy/ptII/ptolemy/distribu
ted/jini/jar/sun-util.jar:/home/travis/build/icyphy/ptII/lib/protobuf-java-2.4.
1.jar:/home/travis/build/icyphy/ptII/lib/org.eclipse.paho.client.mqttv3.jar:/ho
me/travis/build/icyphy/ptII/lib/mapss.jar:/home/travis/build/icyphy/ptII/ptolem
y/actor/ptalon/antlr/antlr.jar:/home/travis/build/icyphy/ptII/lib/JRI.jar:/home
/travis/build/icyphy/ptII/lib/commons-lang-2.6.jar:/home/travis/build/icyphy/pt
II/lib/commons-logging-1.1.1.jar:/home/travis/build/icyphy/ptII/lib/sootclasses
.jar:/home/travis/build/icyphy/ptII/ptolemy/actor/lib/database/mysql-connector-
java-5.1.6-bin.jar:/home/travis/build/icyphy/ptII/vendors/misc/sphinx4/sphinx4-
data-5prealpha.jar:/home/travis/build/icyphy/ptII/vendors/misc/sphinx4/sphinx4-
core-5prealpha.jar:/home/travis/build/icyphy/ptII/lib/PDFRenderer.jar:/home/tra
vis/build/icyphy/ptII/lib/svgSalamander.jar:/home/travis/build/icyphy/ptII/lib/
rsyntaxtextarea-2.6.0-SNAPSHOT.jar:/home/travis/build/icyphy/ptII/lib/hazelcast
-3.8.2.jar:/home/travis/build/icyphy/ptII/lib/jackson-annotations-2.9.0.jar:/ho
me/travis/build/icyphy/ptII/lib/jackson-core-2.9.3.jar:/home/travis/build/icyph
y/ptII/lib/jackson-databind-2.9.3.jar:/home/travis/build/icyphy/ptII/lib/netty-
buffer-4.1.19.Final.jar:/home/travis/build/icyphy/ptII/lib/netty-codec-4.1.19.F
inal.jar:/home/travis/build/icyphy/ptII/lib/netty-codec-dns-4.1.19.Final.jar:/h
ome/travis/build/icyphy/ptII/lib/netty-codec-http-4.1.19.Final.jar:/home/travis
/build/icyphy/ptII/lib/netty-codec-http2-4.1.19.Final.jar:/home/travis/build/ic
yphy/ptII/lib/netty-common-4.1.19.Final.jar:/home/travis/build/icyphy/ptII/lib/
netty-handler-4.1.19.Final.jar:/home/travis/build/icyphy/ptII/lib/netty-resolve
r-4.1.19.Final.jar:/home/travis/build/icyphy/ptII/lib/netty-resolver-dns-4.1.19
.Final.jar:/home/travis/build/icyphy/ptII/lib/netty-transport-4.1.19.Final.jar:
/home/travis/build/icyphy/ptII/lib/vertx-codegen-3.5.1.jar:/home/travis/build/i
cyphy/ptII/lib/vertx-core-3.5.2-SNAPSHOT.jar:/home/travis/build/icyphy/ptII/lib
/vertx-hazelcast-3.5.1.jar:/home/travis/build/icyphy/ptII/lib/vertx-lang-js-3.5
.1.jar:/home/travis/build/icyphy/ptII/lib/vertx-service-proxy-3.5.1.jar:/home/t
ravis/build/icyphy/ptII/lib/vertx-web-3.5.1.jar:/home/travis/build/icyphy/ptII/
lib/slf4j-api-1.7.13.jar:/home/travis/build/icyphy/ptII/lib/slf4j-simple-1.7.13
.jar:/home/travis/build/icyphy/ptII/lib/webcam-capture-0.3.12.jar:/home/travis/
build/icyphy/ptII/lib/bridj-0.7.0.jar:/home/travis/build/icyphy/ptII/lib/xbjlib
-1.1.0.nrjavaserial.jar:/home/travis/build/icyphy/ptII/ptolemy/moml/test:/home/
travis/build/icyphy/ptII/ant/lib/ant-launcher.jar:/home/travis/build/icyphy/ptI
I/ant/lib/ant.jar:/home/travis/build/icyphy/ptII/ant/lib/ant-junit.jar:/home/tr
avis/build/icyphy/ptII/ant/lib/ant-junit4.jar:/home/travis/build/icyphy/ptII
ModularCodeGenLazyPubSubGlobal_CompositeActor_ModularCodeGenTypedComposite_prof
ile.java
total 2344
drwxrwxr-x   3 travis travis  12288 Jul 21 18:20 AbsoluteValue
drwxrwxr-x   3 travis travis 102400 Jul 21 18:19 AllColt
drwxrwxr-x   3 travis travis  12288 Jul 21 18:19 Case1
-rw-rw-r--   1 travis travis   5128 Jul 21 18:26 CompiledCompositeActor_CompiledCompositeActor.class
-rw-rw-r--   1 travis travis   1611 Jul 21 18:26 CompiledCompositeActor_CompiledCompositeActor$_CompiledCompositeActor_CompiledCompositeActor.class
-rw-rw-r--   1 travis travis  13466 Jul 21 18:26 CompiledCompositeActor_CompiledCompositeActor.java
-rw-rw-r--   1 travis travis   1593 Jul 21 18:26 CompiledCompositeActor_CompiledCompositeActor.mk
drwxrwxr-x   5 travis travis   4096 Jul 21 18:18 fmi
drwxrwxr-x   3 travis travis  16384 Jul 21 18:20 Gaussian2
-rw-rw-r--   1 travis travis   4684 Jul 21 18:26 JavaCompiledCompositeTest1_CompiledCompositeActor.class
-rw-rw-r--   1 travis travis  11637 Jul 21 18:26 JavaCompiledCompositeTest1_CompiledCompositeActor.java
-rw-rw-r--   1 travis travis   1217 Jul 21 18:26 JavaCompiledCompositeTest1_CompiledCompositeActor$_JavaCompiledCompositeTest1_CompiledCompositeActor.class
-rw-rw-r--   1 travis travis   1625 Jul 21 18:26 JavaCompiledCompositeTest1_CompiledCompositeActor.mk
-rw-rw-r--   1 travis travis   5115 Jul 21 18:26 JavaCompiledCompositeTest2_CompiledCompositeActor.class
-rw-rw-r--   1 travis travis  14919 Jul 21 18:26 JavaCompiledCompositeTest2_CompiledCompositeActor.java
-rw-rw-r--   1 travis travis   1812 Jul 21 18:26 JavaCompiledCompositeTest2_CompiledCompositeActor$_JavaCompiledCompositeTest2_CompiledCompositeActor.class
-rw-rw-r--   1 travis travis   1625 Jul 21 18:26 JavaCompiledCompositeTest2_CompiledCompositeActor.mk
-rw-rw-r--   1 travis travis   4732 Jul 21 18:26 JavaCompiledCompositeTest3_CompiledCompositeActor.class
-rw-rw-r--   1 travis travis  13080 Jul 21 18:26 JavaCompiledCompositeTest3_CompiledCompositeActor.java
-rw-rw-r--   1 travis travis   1397 Jul 21 18:26 JavaCompiledCompositeTest3_CompiledCompositeActor$_JavaCompiledCompositeTest3_CompiledCompositeActor.class
-rw-rw-r--   1 travis travis   1625 Jul 21 18:26 JavaCompiledCompositeTest3_CompiledCompositeActor.mk
-rw-rw-r--   1 travis travis   4183 Jul 21 18:26 JavaCompiledCompositeTest4_CompiledCompositeActor.class
-rw-rw-r--   1 travis travis   9687 Jul 21 18:26 JavaCompiledCompositeTest4_CompiledCompositeActor.java
-rw-rw-r--   1 travis travis    876 Jul 21 18:26 JavaCompiledCompositeTest4_CompiledCompositeActor$_JavaCompiledCompositeTest4_CompiledCompositeActor.class
-rw-rw-r--   1 travis travis   1625 Jul 21 18:26 JavaCompiledCompositeTest4_CompiledCompositeActor.mk
drwxrwxr-x   3 travis travis  12288 Jul 21 18:21 LookupTable
drwxrwxr-x   3 travis travis  20480 Jul 21 18:21 MaxIndex
-rw-rw-r--   1 travis travis   3925 Jul 21 18:26 ModularCG_A1_B1.class
-rw-rw-r--   1 travis travis   9730 Jul 21 18:26 ModularCG_A1_B1.java
-rw-rw-r--   1 travis travis    832 Jul 21 18:26 ModularCG_A1_B1.mk
-rw-rw-r--   1 travis travis   1318 Jul 21 18:26 ModularCG_A1_B1_profile.class
-rw-rw-r--   1 travis travis   1262 Jul 21 18:26 ModularCG_A1_B1_profile.java
-rw-rw-r--   1 travis travis   3925 Jul 21 18:27 ModularCG_A1_B2.class
-rw-rw-r--   1 travis travis   9730 Jul 21 18:27 ModularCG_A1_B2.java
-rw-rw-r--   1 travis travis    832 Jul 21 18:27 ModularCG_A1_B2.mk
-rw-rw-r--   1 travis travis   1318 Jul 21 18:27 ModularCG_A1_B2_profile.class
-rw-rw-r--   1 travis travis   1262 Jul 21 18:26 ModularCG_A1_B2_profile.java
-rw-rw-r--   1 travis travis   5031 Jul 21 18:27 ModularCG_A1.class
-rw-rw-r--   1 travis travis  14742 Jul 21 18:27 ModularCG_A1.java
-rw-rw-r--   1 travis travis    808 Jul 21 18:27 ModularCG_A1.mk
-rw-rw-r--   1 travis travis   1433 Jul 21 18:27 ModularCG_A1_profile.class
-rw-rw-r--   1 travis travis   1704 Jul 21 18:27 ModularCG_A1_profile.java
-rw-rw-r--   1 travis travis   4059 Jul 21 18:27 ModularCG_A2_B1.class
-rw-rw-r--   1 travis travis  10667 Jul 21 18:27 ModularCG_A2_B1.java
-rw-rw-r--   1 travis travis    832 Jul 21 18:27 ModularCG_A2_B1.mk
-rw-rw-r--   1 travis travis   1381 Jul 21 18:27 ModularCG_A2_B1_profile.class
-rw-rw-r--   1 travis travis   1446 Jul 21 18:27 ModularCG_A2_B1_profile.java
-rw-rw-r--   1 travis travis   3925 Jul 21 18:27 ModularCG_A2_B2.class
-rw-rw-r--   1 travis travis   9730 Jul 21 18:27 ModularCG_A2_B2.java
-rw-rw-r--   1 travis travis    832 Jul 21 18:27 ModularCG_A2_B2.mk
-rw-rw-r--   1 travis travis   1318 Jul 21 18:27 ModularCG_A2_B2_profile.class
-rw-rw-r--   1 travis travis   1262 Jul 21 18:27 ModularCG_A2_B2_profile.java
-rw-rw-r--   1 travis travis   5102 Jul 21 18:27 ModularCG_A2.class
-rw-rw-r--   1 travis travis  15129 Jul 21 18:27 ModularCG_A2.java
-rw-rw-r--   1 travis travis    808 Jul 21 18:27 ModularCG_A2.mk
-rw-rw-r--   1 travis travis   1433 Jul 21 18:27 ModularCG_A2_profile.class
-rw-rw-r--   1 travis travis   1704 Jul 21 18:27 ModularCG_A2_profile.java
-rw-rw-r--   1 travis travis   3705 Jul 21 18:27 ModularCGPubSub_A1_A2.class
-rw-rw-r--   1 travis travis   9076 Jul 21 18:27 ModularCGPubSub_A1_A2.java
-rw-rw-r--   1 travis travis    880 Jul 21 18:27 ModularCGPubSub_A1_A2.mk
-rw-rw-r--   1 travis travis   1300 Jul 21 18:27 ModularCGPubSub_A1_A2_profile.class
-rw-rw-r--   1 travis travis   1222 Jul 21 18:27 ModularCGPubSub_A1_A2_profile.java
-rw-rw-r--   1 travis travis   4022 Jul 21 18:27 ModularCGPubSub_A1.class
-rw-rw-r--   1 travis travis   9836 Jul 21 18:27 ModularCGPubSub_A1.java
-rw-rw-r--   1 travis travis    856 Jul 21 18:27 ModularCGPubSub_A1.mk
-rw-rw-r--   1 travis travis   1346 Jul 21 18:27 ModularCGPubSub_A1_profile.class
-rw-rw-r--   1 travis travis   1388 Jul 21 18:27 ModularCGPubSub_A1_profile.java
-rw-rw-r--   1 travis travis   4220 Jul 21 18:27 ModularCodeGen2_ModularCodeGenTypedCompositeActor.class
-rw-rw-r--   1 travis travis  11690 Jul 21 18:27 ModularCodeGen2_ModularCodeGenTypedCompositeActor.java
-rw-rw-r--   1 travis travis   1104 Jul 21 18:27 ModularCodeGen2_ModularCodeGenTypedCompositeActor.mk
-rw-rw-r--   1 travis travis   4504 Jul 21 18:27 ModularCodeGen2_ModularCodeGenTypedCompositeActor_ModularCodeGenTypedCompositeActor.class
-rw-rw-r--   1 travis travis  11790 Jul 21 18:27 ModularCodeGen2_ModularCodeGenTypedCompositeActor_ModularCodeGenTypedCompositeActor.java
-rw-rw-r--   1 travis travis   1376 Jul 21 18:27 ModularCodeGen2_ModularCodeGenTypedCompositeActor_ModularCodeGenTypedCompositeActor.mk
-rw-rw-r--   1 travis travis   1421 Jul 21 18:27 ModularCodeGen2_ModularCodeGenTypedCompositeActor_ModularCodeGenTypedCompositeActor_profile.class
-rw-rw-r--   1 travis travis   1294 Jul 21 18:27 ModularCodeGen2_ModularCodeGenTypedCompositeActor_ModularCodeGenTypedCompositeActor_profile.java
-rw-rw-r--   1 travis travis    820 Jul 21 18:27 ModularCodeGen2_ModularCodeGenTypedCompositeActor_profile.class
-rw-rw-r--   1 travis travis    693 Jul 21 18:27 ModularCodeGen2_ModularCodeGenTypedCompositeActor_profile.java
-rw-rw-r--   1 travis travis   3973 Jul 21 18:27 ModularCodeGen3_A1_B1.class
-rw-rw-r--   1 travis travis   9958 Jul 21 18:27 ModularCodeGen3_A1_B1.java
-rw-rw-r--   1 travis travis    880 Jul 21 18:27 ModularCodeGen3_A1_B1.mk
-rw-rw-r--   1 travis travis   1330 Jul 21 18:27 ModularCodeGen3_A1_B1_profile.class
-rw-rw-r--   1 travis travis   1274 Jul 21 18:27 ModularCodeGen3_A1_B1_profile.java
-rw-rw-r--   1 travis travis   3973 Jul 21 18:27 ModularCodeGen3_A1_B2.class
-rw-rw-r--   1 travis travis   9958 Jul 21 18:27 ModularCodeGen3_A1_B2.java
-rw-rw-r--   1 travis travis    880 Jul 21 18:27 ModularCodeGen3_A1_B2.mk
-rw-rw-r--   1 travis travis   1330 Jul 21 18:27 ModularCodeGen3_A1_B2_profile.class
-rw-rw-r--   1 travis travis   1274 Jul 21 18:27 ModularCodeGen3_A1_B2_profile.java
-rw-rw-r--   1 travis travis   5193 Jul 21 18:27 ModularCodeGen3_A1.class
-rw-rw-r--   1 travis travis  15564 Jul 21 18:27 ModularCodeGen3_A1.java
-rw-rw-r--   1 travis travis    856 Jul 21 18:27 ModularCodeGen3_A1.mk
-rw-rw-r--   1 travis travis   1445 Jul 21 18:27 ModularCodeGen3_A1_profile.class
-rw-rw-r--   1 travis travis   1716 Jul 21 18:27 ModularCodeGen3_A1_profile.java
-rw-rw-r--   1 travis travis   4119 Jul 21 18:27 ModularCodeGen3_A2_B1.class
-rw-rw-r--   1 travis travis  10955 Jul 21 18:27 ModularCodeGen3_A2_B1.java
-rw-rw-r--   1 travis travis    880 Jul 21 18:27 ModularCodeGen3_A2_B1.mk
-rw-rw-r--   1 travis travis   1393 Jul 21 18:27 ModularCodeGen3_A2_B1_profile.class
-rw-rw-r--   1 travis travis   1458 Jul 21 18:27 ModularCodeGen3_A2_B1_profile.java
-rw-rw-r--   1 travis travis   3973 Jul 21 18:27 ModularCodeGen3_A2_B2.class
-rw-rw-r--   1 travis travis   9958 Jul 21 18:27 ModularCodeGen3_A2_B2.java
-rw-rw-r--   1 travis travis    880 Jul 21 18:27 ModularCodeGen3_A2_B2.mk
-rw-rw-r--   1 travis travis   1330 Jul 21 18:27 ModularCodeGen3_A2_B2_profile.class
-rw-rw-r--   1 travis travis   1274 Jul 21 18:27 ModularCodeGen3_A2_B2_profile.java
-rw-rw-r--   1 travis travis   5270 Jul 21 18:27 ModularCodeGen3_A2.class
-rw-rw-r--   1 travis travis  15957 Jul 21 18:27 ModularCodeGen3_A2.java
-rw-rw-r--   1 travis travis    856 Jul 21 18:27 ModularCodeGen3_A2.mk
-rw-rw-r--   1 travis travis   1445 Jul 21 18:27 ModularCodeGen3_A2_profile.class
-rw-rw-r--   1 travis travis   1716 Jul 21 18:27 ModularCodeGen3_A2_profile.java
-rw-rw-r--   1 travis travis   4026 Jul 21 18:27 ModularCodeGen4_A1_B1.class
-rw-rw-r--   1 travis travis  10312 Jul 21 18:27 ModularCodeGen4_A1_B1.java
-rw-rw-r--   1 travis travis    880 Jul 21 18:27 ModularCodeGen4_A1_B1.mk
-rw-rw-r--   1 travis travis   1330 Jul 21 18:27 ModularCodeGen4_A1_B1_profile.class
-rw-rw-r--   1 travis travis   1273 Jul 21 18:27 ModularCodeGen4_A1_B1_profile.java
-rw-rw-r--   1 travis travis   4026 Jul 21 18:28 ModularCodeGen4_A1_B2.class
-rw-rw-r--   1 travis travis  10312 Jul 21 18:28 ModularCodeGen4_A1_B2.java
-rw-rw-r--   1 travis travis    880 Jul 21 18:28 ModularCodeGen4_A1_B2.mk
-rw-rw-r--   1 travis travis   1330 Jul 21 18:28 ModularCodeGen4_A1_B2_profile.class
-rw-rw-r--   1 travis travis   1273 Jul 21 18:27 ModularCodeGen4_A1_B2_profile.java
-rw-rw-r--   1 travis travis   5333 Jul 21 18:28 ModularCodeGen4_A1.class
-rw-rw-r--   1 travis travis  16245 Jul 21 18:28 ModularCodeGen4_A1.java
-rw-rw-r--   1 travis travis    856 Jul 21 18:28 ModularCodeGen4_A1.mk
-rw-rw-r--   1 travis travis   1445 Jul 21 18:28 ModularCodeGen4_A1_profile.class
-rw-rw-r--   1 travis travis   1712 Jul 21 18:28 ModularCodeGen4_A1_profile.java
-rw-rw-r--   1 travis travis   4220 Jul 21 18:28 ModularCodeGen4_A2_B1.class
-rw-rw-r--   1 travis travis  11375 Jul 21 18:28 ModularCodeGen4_A2_B1.java
-rw-rw-r--   1 travis travis    880 Jul 21 18:28 ModularCodeGen4_A2_B1.mk
-rw-rw-r--   1 travis travis   1393 Jul 21 18:28 ModularCodeGen4_A2_B1_profile.class
-rw-rw-r--   1 travis travis   1454 Jul 21 18:28 ModularCodeGen4_A2_B1_profile.java
-rw-rw-r--   1 travis travis   4074 Jul 21 18:28 ModularCodeGen4_A2_B2.class
-rw-rw-r--   1 travis travis  10378 Jul 21 18:28 ModularCodeGen4_A2_B2.java
-rw-rw-r--   1 travis travis    880 Jul 21 18:28 ModularCodeGen4_A2_B2.mk
-rw-rw-r--   1 travis travis   1330 Jul 21 18:28 ModularCodeGen4_A2_B2_profile.class
-rw-rw-r--   1 travis travis   1270 Jul 21 18:28 ModularCodeGen4_A2_B2_profile.java
-rw-rw-r--   1 travis travis   5506 Jul 21 18:28 ModularCodeGen4_A2.class
-rw-rw-r--   1 travis travis  16770 Jul 21 18:28 ModularCodeGen4_A2.java
-rw-rw-r--   1 travis travis    856 Jul 21 18:28 ModularCodeGen4_A2.mk
-rw-rw-r--   1 travis travis   1445 Jul 21 18:28 ModularCodeGen4_A2_profile.class
-rw-rw-r--   1 travis travis   1712 Jul 21 18:28 ModularCodeGen4_A2_profile.java
-rw-rw-r--   1 travis travis   7070 Jul 21 18:28 ModularCodeGen5_A_A.class
-rw-rw-r--   1 travis travis  28721 Jul 21 18:28 ModularCodeGen5_A_A.java
-rw-rw-r--   1 travis travis    864 Jul 21 18:28 ModularCodeGen5_A_A.mk
-rw-rw-r--   1 travis travis   1520 Jul 21 18:28 ModularCodeGen5_A_A_profile.class
-rw-rw-r--   1 travis travis   1815 Jul 21 18:28 ModularCodeGen5_A_A_profile.java
-rw-rw-r--   1 travis travis   5347 Jul 21 18:28 ModularCodeGen5_A.class
-rw-rw-r--   1 travis travis  13769 Jul 21 18:28 ModularCodeGen5_A.java
-rw-rw-r--   1 travis travis    848 Jul 21 18:28 ModularCodeGen5_A.mk
-rw-rw-r--   1 travis travis   1422 Jul 21 18:28 ModularCodeGen5_A_profile.class
-rw-rw-r--   1 travis travis   1605 Jul 21 18:28 ModularCodeGen5_A_profile.java
-rw-rw-r--   1 travis travis   4357 Jul 21 18:28 ModularCodeGen6_A_A2.class
-rw-rw-r--   1 travis travis  11329 Jul 21 18:28 ModularCodeGen6_A_A2.java
-rw-rw-r--   1 travis travis    872 Jul 21 18:28 ModularCodeGen6_A_A2.mk
-rw-rw-r--   1 travis travis   1351 Jul 21 18:28 ModularCodeGen6_A_A2_profile.class
-rw-rw-r--   1 travis travis   1364 Jul 21 18:28 ModularCodeGen6_A_A2_profile.java
-rw-rw-r--   1 travis travis   4340 Jul 21 18:28 ModularCodeGen6_A_A.class
-rw-rw-r--   1 travis travis  11221 Jul 21 18:28 ModularCodeGen6_A_A.java
-rw-rw-r--   1 travis travis    864 Jul 21 18:28 ModularCodeGen6_A_A.mk
-rw-rw-r--   1 travis travis   1348 Jul 21 18:28 ModularCodeGen6_A_A_profile.class
-rw-rw-r--   1 travis travis   1361 Jul 21 18:28 ModularCodeGen6_A_A_profile.java
-rw-rw-r--   1 travis travis   7469 Jul 21 18:28 ModularCodeGen6_A.class
-rw-rw-r--   1 travis travis  26535 Jul 21 18:28 ModularCodeGen6_A.java
-rw-rw-r--   1 travis travis    848 Jul 21 18:28 ModularCodeGen6_A.mk
-rw-rw-r--   1 travis travis   1483 Jul 21 18:28 ModularCodeGen6_A_profile.class
-rw-rw-r--   1 travis travis   1810 Jul 21 18:28 ModularCodeGen6_A_profile.java
-rw-rw-r--   1 travis travis   1384 Jul 21 18:28 ModularCodeGenLazyPubSubGlobal_CompositeActor_ModularCodeGenTypedComposite_profile.java
-rw-rw-r--   1 travis travis   4184 Jul 21 18:28 ModularCodeGenLazyPubSub_LazyCompositeActor.class
-rw-rw-r--   1 travis travis  11122 Jul 21 18:28 ModularCodeGenLazyPubSub_LazyCompositeActor.java
-rw-rw-r--   1 travis travis   1056 Jul 21 18:28 ModularCodeGenLazyPubSub_LazyCompositeActor.mk
-rw-rw-r--   1 travis travis   1286 Jul 21 18:28 ModularCodeGenLazyPubSub_LazyCompositeActor_profile.class
-rw-rw-r--   1 travis travis   1091 Jul 21 18:28 ModularCodeGenLazyPubSub_LazyCompositeActor_profile.java
-rw-rw-r--   1 travis travis   4186 Jul 21 18:27 ModularCodeGen_ModularCodeGenTypedCompositeActor.class
-rw-rw-r--   1 travis travis  10970 Jul 21 18:27 ModularCodeGen_ModularCodeGenTypedCompositeActor.java
-rw-rw-r--   1 travis travis   1096 Jul 21 18:27 ModularCodeGen_ModularCodeGenTypedCompositeActor.mk
-rw-rw-r--   1 travis travis   1384 Jul 21 18:27 ModularCodeGen_ModularCodeGenTypedCompositeActor_profile.class
-rw-rw-r--   1 travis travis   1328 Jul 21 18:27 ModularCodeGen_ModularCodeGenTypedCompositeActor_profile.java
-rw-rw-r--   1 travis travis   3724 Jul 21 18:26 ModularCodeGenTest_A1_A2.class
-rw-rw-r--   1 travis travis   9164 Jul 21 18:26 ModularCodeGenTest_A1_A2.java
-rw-rw-r--   1 travis travis   1306 Jul 21 18:26 ModularCodeGenTest_A1_A2_profile.class
-rw-rw-r--   1 travis travis   4055 Jul 21 18:26 ModularCodeGenTest_A1.class
-rw-rw-r--   1 travis travis   9968 Jul 21 18:26 ModularCodeGenTest_A1.java
-rw-rw-r--   1 travis travis    880 Jul 21 18:26 ModularCodeGenTest_A1.mk
-rw-rw-r--   1 travis travis   1352 Jul 21 18:26 ModularCodeGenTest_A1_profile.class
-rw-rw-r--   1 travis travis   1394 Jul 21 18:26 ModularCodeGenTest_A1_profile.java
drwxrwxr-x   3 travis travis  32768 Jul 21 18:26 modulation2
drwxrwxr-x 139 travis travis  12288 Jul 21 18:26 node_modules
drwxrwxr-x   3 travis travis  20480 Jul 21 18:21 PhaseUnwrap
drwxrwxr-x   3 travis travis  12288 Jul 21 18:22 ReadFile1
-rw-rw-r--   1 travis travis     11 Jul 21 18:21 ReadFile1Output.txt
-rw-rw-r--   1 travis travis  13773 Jul 21 18:26 Repeat.class
-rw-rw-r--   1 travis travis    685 Jul 21 18:26 Repeat$_fireFunction_Repeat_Repeat$__f_sL_11.class
-rw-rw-r--   1 travis travis    541 Jul 21 18:26 Repeat$_fireFunction_Repeat_Repeat$__f_sL_12.class
-rw-rw-r--   1 travis travis    541 Jul 21 18:26 Repeat$_fireFunction_Repeat_Repeat$__f_sL_13.class
-rw-rw-r--   1 travis travis    541 Jul 21 18:26 Repeat$_fireFunction_Repeat_Repeat$__f_sL_14.class
-rw-rw-r--   1 travis travis    684 Jul 21 18:26 Repeat$_fireFunction_Repeat_Repeat$__f_sL_1.class
-rw-rw-r--   1 travis travis    683 Jul 21 18:26 Repeat$_fireFunction_Repeat_Repeat$__f_sL_4.class
-rw-rw-r--   1 travis travis    539 Jul 21 18:26 Repeat$_fireFunction_Repeat_Repeat$__f_sL_9.class
-rw-rw-r--   1 travis travis    494 Jul 21 18:26 Repeat$_initialize_Repeat$__i_sL_2.class
-rw-rw-r--   1 travis travis   1281 Jul 21 18:26 Repeat.mk
-rw-rw-r--   1 travis travis    539 Jul 21 18:26 Repeat$_preinitializeMethod_Repeat$__p_sL_0.class
-rw-rw-r--   1 travis travis   1102 Jul 21 18:26 Repeat$_Repeat$_fireFunction_Repeat_AddSubtract_Repeat.class
-rw-rw-r--   1 travis travis    810 Jul 21 18:26 Repeat$_Repeat$_fireFunction_Repeat_AddSubtract_Repeat$__f_sL_0.class
-rw-rw-r--   1 travis travis    928 Jul 21 18:26 Repeat$_Repeat$_fireFunction_Repeat_AddSubtract_Repeat$__f_sL_1.class
-rw-rw-r--   1 travis travis    934 Jul 21 18:26 Repeat$_Repeat$_fireFunction_Repeat_AddSubtract_Repeat$__f_sL_2.class
-rw-rw-r--   1 travis travis    862 Jul 21 18:26 Repeat$_Repeat$_fireFunction_Repeat_AddSubtract_Repeat$__f_sL_3.class
-rw-rw-r--   1 travis travis    757 Jul 21 18:26 Repeat$_Repeat$_fireFunction_Repeat_Ramp2_Repeat$__f_sL_0.class
-rw-rw-r--   1 travis travis    888 Jul 21 18:26 Repeat$_Repeat$_fireFunction_Repeat_Test_Repeat$__f_sL_0.class
-rw-rw-r--   1 travis travis    634 Jul 21 18:26 Repeat$_Repeat$_fireFunction_Repeat_Test_Repeat$__f_sL_1.class
-rw-rw-r--   1 travis travis    704 Jul 21 18:26 Repeat$_Repeat_SDF_Director_run_Repeat$__R_sL_0.class
-rw-rw-r--   1 travis travis    705 Jul 21 18:26 Repeat$_Repeat_SDF_Director_run_Repeat$__R_sL_11.class
-rw-rw-r--   1 travis travis    561 Jul 21 18:26 Repeat$_Repeat_SDF_Director_run_Repeat$__R_sL_13.class
-rw-rw-r--   1 travis travis    559 Jul 21 18:26 Repeat$_Repeat_SDF_Director_run_Repeat$__R_sL_2.class
-rw-rw-r--   1 travis travis    703 Jul 21 18:26 Repeat$_Repeat_SDF_Director_run_Repeat$__R_sL_3.class
-rw-rw-r--   1 travis travis    559 Jul 21 18:26 Repeat$_Repeat_SDF_Director_run_Repeat$__R_sL_5.class
-rw-rw-r--   1 travis travis    559 Jul 21 18:26 Repeat$_Repeat_SDF_Director_run_Repeat$__R_sL_8.class
drwxrwxr-x   2 travis travis   4096 Jul 21 18:26 RepeatVariables
-rw-rw-r--   1 travis travis    882 Jul 21 18:26 Repeat$_varinit_Repeat.class
-rw-rw-r--   1 travis travis    550 Jul 21 18:26 Repeat$_varinit_Repeat$__v_sL_2.class
-rw-rw-r--   1 travis travis    924 Jul 21 18:26 Repeat$_varinit_Repeat$__v_sL_4.class
-rw-rw-r--   1 travis travis    978 Jul 21 18:26 Repeat$_wrapup_Repeat$__w_sL_1.class
drwxrwxr-x   3 travis travis  20480 Jul 21 18:22 Sinewave
drwxrwxr-x   3 travis travis  32768 Jul 21 18:23 StringFunction
drwxrwxr-x   3 travis travis  12288 Jul 21 18:24 StringLength
drwxrwxr-x   3 travis travis  61440 Jul 21 18:24 StringMatches2
drwxrwxr-x   3 travis travis  61440 Jul 21 18:24 StringSimpleReplace
drwxrwxr-x   3 travis travis  65536 Jul 21 18:24 StringSubstring
drwxrwxr-x   3 travis travis  24576 Jul 21 18:25 StringSubstring2
drwxrwxr-x   3 travis travis  16384 Jul 21 18:25 time1
drwxrwxr-x   3 travis travis  12288 Jul 21 18:26 time5
-rw-rw-r--   1 travis travis    432 Jul 21 18:28 Token.class
-rw-rw-r--   1 travis travis    251 Jul 21 18:28 Token.java
-rwxrwxr-x   1 travis travis 466992 Jul 21 18:18 top
-rw-rw-r--   1 travis travis  20502 Jul 21 18:18 top.c
-rw-rw-r--   1 travis travis   3799 Jul 21 18:26 top.class
-rw-rw-r--   1 travis travis   1257 Jul 21 18:26 top.mk
All Done
Writing ModularCodeGenLazyPubSubGlobal_CompositeActor_ModularCodeGenTypedComposite.java in file:/home/travis/cg/ (30161 characters)
Reading "ptolemy/cg/kernel/generic/program/procedural/java/modular/makefile.in",
    writing "/home/travis/cg/ModularCodeGenLazyPubSubGlobal_CompositeActor_ModularCodeGenTypedComposite.mk"
Using ptolemy/cg/kernel/generic/program/procedural/java/modular/makefile.in
In "/home/travis/cg", about to execute:
    make -f
ModularCodeGenLazyPubSubGlobal_CompositeActor_ModularCodeGenTypedComposite.mk
javac -classpath ".:.."    ModularCodeGenLazyPubSubGlobal_CompositeActor_ModularCodeGenTypedComposite.java
All Done
3652 ms. Memory: 145408K Free: 54270K (37%)
----------------- Invoking toplevel() on ptolemy.moml.MoMLSimpleApplication@2be5b12c
----------------- Done invoking toplevel() on ptolemy.moml.MoMLSimpleApplication@2be5b12c
reloadAllAccessors: .ModularCodeGenLazyPubSubGlobal

===========================================================================================
----------------- testing Sun Jul 21 18:28:41 UTC 2019 /home/travis/build/icyphy/ptII/ptolemy/cg/lib/test/auto/ModularCodeGenPubSub1.xml
----------------- Instantiating /home/travis/build/icyphy/ptII/ptolemy/cg/lib/test/auto/ModularCodeGenPubSub1.xml
In "/home/travis/cg", about to execute:
    pwd
In "/home/travis/cg", about to execute:
    ls -l
/home/travis/cg
In "/home/travis/cg", about to execute:
    javac -classpath
.:/home/travis/build/icyphy/ptII:/home/travis/build/icyphy/ptII/lib/bsh-2.0b4.j
ar:/home/travis/build/icyphy/ptII/lib/ptCal.jar:/home/travis/build/icyphy/ptII/
lib/java_cup.jar:/home/travis/build/icyphy/ptII/lib/saxon8.jar:/home/travis/bui
ld/icyphy/ptII/lib/saxon8-dom.jar:/home/travis/build/icyphy/ptII/lib/chic.jar:/
home/travis/build/icyphy/ptII/lib/ptcolt.jar:/home/travis/build/icyphy/ptII/ven
dors/misc/itext/iText.jar:/home/travis/build/icyphy/ptII/lib/g4ltl.jar:/home/tr
avis/build/icyphy/ptII/lib/StructuralCoder.jar:/home/travis/build/icyphy/ptII/l
ib/jcerti.jar:/home/travis/build/icyphy/ptII/lib/javax.mail.jar:/home/travis/bu
ild/icyphy/ptII/vendors/JMF-2.1.1e/lib/jmf.jar:/home/travis/build/icyphy/ptII/l
ib/jna-4.0.0-variadic.jar:/home/travis/build/icyphy/ptII/vendors/misc/joystick/
Joystick.jar:/home/travis/build/icyphy/ptII/lib/ptjacl.jar:/home/travis/build/i
cyphy/ptII/lib/jsoup-1.8.2.jar:/home/travis/build/icyphy/ptII/lib/junit-4.8.2.j
ar:/home/travis/build/icyphy/ptII/lib/JUnitParams-0.4.0.jar:/home/travis/build/
icyphy/ptII/ptolemy/actor/lib/excel/jxl.jar:/home/travis/build/icyphy/ptII/lib/
jython.jar:/home/travis/build/icyphy/ptII/lib/kieler.jar:/home/travis/build/icy
phy/ptII/vendors/opencv/share/OpenCV/java/opencv-341.jar:/home/travis/build/icy
phy/ptII/lib/oscP5.jar:/home/travis/build/icyphy/ptII/lib/nrjavaserial-3.11.0.d
evel.jar:/home/travis/build/icyphy/ptII/vendors/j3d/lib/Linux/j3dcore.jar:/home
/travis/build/icyphy/ptII/vendors/j3d/lib/Linux/j3dutils.jar:/home/travis/build
/icyphy/ptII/vendors/j3d/lib/Linux/vecmath.jar:/home/travis/build/icyphy/ptII/v
endors/jogl/lib/Linux/gluegen-rt-natives-linux-amd64.jar:/home/travis/build/icy
phy/ptII/vendors/jogl/lib/Linux/gluegen-rt.jar:/home/travis/build/icyphy/ptII/v
endors/jogl/lib/Linux/jogl-all-natives-linux-amd64.jar:/home/travis/build/icyph
y/ptII/vendors/jogl/lib/Linux/jogl-all.jar:/home/travis/build/icyphy/ptII/ptole
my/distributed/jini/jar/jini-core.jar:/home/travis/build/icyphy/ptII/ptolemy/di
stributed/jini/jar/jini-ext.jar:/home/travis/build/icyphy/ptII/ptolemy/distribu
ted/jini/jar/sun-util.jar:/home/travis/build/icyphy/ptII/lib/protobuf-java-2.4.
1.jar:/home/travis/build/icyphy/ptII/lib/org.eclipse.paho.client.mqttv3.jar:/ho
me/travis/build/icyphy/ptII/lib/mapss.jar:/home/travis/build/icyphy/ptII/ptolem
y/actor/ptalon/antlr/antlr.jar:/home/travis/build/icyphy/ptII/lib/JRI.jar:/home
/travis/build/icyphy/ptII/lib/commons-lang-2.6.jar:/home/travis/build/icyphy/pt
II/lib/commons-logging-1.1.1.jar:/home/travis/build/icyphy/ptII/lib/sootclasses
.jar:/home/travis/build/icyphy/ptII/ptolemy/actor/lib/database/mysql-connector-
java-5.1.6-bin.jar:/home/travis/build/icyphy/ptII/vendors/misc/sphinx4/sphinx4-
data-5prealpha.jar:/home/travis/build/icyphy/ptII/vendors/misc/sphinx4/sphinx4-
core-5prealpha.jar:/home/travis/build/icyphy/ptII/lib/PDFRenderer.jar:/home/tra
vis/build/icyphy/ptII/lib/svgSalamander.jar:/home/travis/build/icyphy/ptII/lib/
rsyntaxtextarea-2.6.0-SNAPSHOT.jar:/home/travis/build/icyphy/ptII/lib/hazelcast
-3.8.2.jar:/home/travis/build/icyphy/ptII/lib/jackson-annotations-2.9.0.jar:/ho
me/travis/build/icyphy/ptII/lib/jackson-core-2.9.3.jar:/home/travis/build/icyph
y/ptII/lib/jackson-databind-2.9.3.jar:/home/travis/build/icyphy/ptII/lib/netty-
buffer-4.1.19.Final.jar:/home/travis/build/icyphy/ptII/lib/netty-codec-4.1.19.F
inal.jar:/home/travis/build/icyphy/ptII/lib/netty-codec-dns-4.1.19.Final.jar:/h
ome/travis/build/icyphy/ptII/lib/netty-codec-http-4.1.19.Final.jar:/home/travis
/build/icyphy/ptII/lib/netty-codec-http2-4.1.19.Final.jar:/home/travis/build/ic
yphy/ptII/lib/netty-common-4.1.19.Final.jar:/home/travis/build/icyphy/ptII/lib/
netty-handler-4.1.19.Final.jar:/home/travis/build/icyphy/ptII/lib/netty-resolve
r-4.1.19.Final.jar:/home/travis/build/icyphy/ptII/lib/netty-resolver-dns-4.1.19
.Final.jar:/home/travis/build/icyphy/ptII/lib/netty-transport-4.1.19.Final.jar:
/home/travis/build/icyphy/ptII/lib/vertx-codegen-3.5.1.jar:/home/travis/build/i
cyphy/ptII/lib/vertx-core-3.5.2-SNAPSHOT.jar:/home/travis/build/icyphy/ptII/lib
/vertx-hazelcast-3.5.1.jar:/home/travis/build/icyphy/ptII/lib/vertx-lang-js-3.5
.1.jar:/home/travis/build/icyphy/ptII/lib/vertx-service-proxy-3.5.1.jar:/home/t
ravis/build/icyphy/ptII/lib/vertx-web-3.5.1.jar:/home/travis/build/icyphy/ptII/
lib/slf4j-api-1.7.13.jar:/home/travis/build/icyphy/ptII/lib/slf4j-simple-1.7.13
.jar:/home/travis/build/icyphy/ptII/lib/webcam-capture-0.3.12.jar:/home/travis/
build/icyphy/ptII/lib/bridj-0.7.0.jar:/home/travis/build/icyphy/ptII/lib/xbjlib
-1.1.0.nrjavaserial.jar:/home/travis/build/icyphy/ptII/ptolemy/moml/test:/home/
travis/build/icyphy/ptII/ant/lib/ant-launcher.jar:/home/travis/build/icyphy/ptI
I/ant/lib/ant.jar:/home/travis/build/icyphy/ptII/ant/lib/ant-junit.jar:/home/tr
avis/build/icyphy/ptII/ant/lib/ant-junit4.jar:/home/travis/build/icyphy/ptII
ModularCodeGenPubSub_A1_profile.java
total 2408
drwxrwxr-x   3 travis travis  12288 Jul 21 18:20 AbsoluteValue
drwxrwxr-x   3 travis travis 102400 Jul 21 18:19 AllColt
-rw-rw-r--   1 travis travis    233 Jul 21 18:28 Array.class
-rw-rw-r--   1 travis travis    459 Jul 21 18:28 Array.java
drwxrwxr-x   3 travis travis  12288 Jul 21 18:19 Case1
-rw-rw-r--   1 travis travis   5128 Jul 21 18:26 CompiledCompositeActor_CompiledCompositeActor.class
-rw-rw-r--   1 travis travis   1611 Jul 21 18:26 CompiledCompositeActor_CompiledCompositeActor$_CompiledCompositeActor_CompiledCompositeActor.class
-rw-rw-r--   1 travis travis  13466 Jul 21 18:26 CompiledCompositeActor_CompiledCompositeActor.java
-rw-rw-r--   1 travis travis   1593 Jul 21 18:26 CompiledCompositeActor_CompiledCompositeActor.mk
drwxrwxr-x   5 travis travis   4096 Jul 21 18:18 fmi
drwxrwxr-x   3 travis travis  16384 Jul 21 18:20 Gaussian2
-rw-rw-r--   1 travis travis   4684 Jul 21 18:26 JavaCompiledCompositeTest1_CompiledCompositeActor.class
-rw-rw-r--   1 travis travis  11637 Jul 21 18:26 JavaCompiledCompositeTest1_CompiledCompositeActor.java
-rw-rw-r--   1 travis travis   1217 Jul 21 18:26 JavaCompiledCompositeTest1_CompiledCompositeActor$_JavaCompiledCompositeTest1_CompiledCompositeActor.class
-rw-rw-r--   1 travis travis   1625 Jul 21 18:26 JavaCompiledCompositeTest1_CompiledCompositeActor.mk
-rw-rw-r--   1 travis travis   5115 Jul 21 18:26 JavaCompiledCompositeTest2_CompiledCompositeActor.class
-rw-rw-r--   1 travis travis  14919 Jul 21 18:26 JavaCompiledCompositeTest2_CompiledCompositeActor.java
-rw-rw-r--   1 travis travis   1812 Jul 21 18:26 JavaCompiledCompositeTest2_CompiledCompositeActor$_JavaCompiledCompositeTest2_CompiledCompositeActor.class
-rw-rw-r--   1 travis travis   1625 Jul 21 18:26 JavaCompiledCompositeTest2_CompiledCompositeActor.mk
-rw-rw-r--   1 travis travis   4732 Jul 21 18:26 JavaCompiledCompositeTest3_CompiledCompositeActor.class
-rw-rw-r--   1 travis travis  13080 Jul 21 18:26 JavaCompiledCompositeTest3_CompiledCompositeActor.java
-rw-rw-r--   1 travis travis   1397 Jul 21 18:26 JavaCompiledCompositeTest3_CompiledCompositeActor$_JavaCompiledCompositeTest3_CompiledCompositeActor.class
-rw-rw-r--   1 travis travis   1625 Jul 21 18:26 JavaCompiledCompositeTest3_CompiledCompositeActor.mk
-rw-rw-r--   1 travis travis   4183 Jul 21 18:26 JavaCompiledCompositeTest4_CompiledCompositeActor.class
-rw-rw-r--   1 travis travis   9687 Jul 21 18:26 JavaCompiledCompositeTest4_CompiledCompositeActor.java
-rw-rw-r--   1 travis travis    876 Jul 21 18:26 JavaCompiledCompositeTest4_CompiledCompositeActor$_JavaCompiledCompositeTest4_CompiledCompositeActor.class
-rw-rw-r--   1 travis travis   1625 Jul 21 18:26 JavaCompiledCompositeTest4_CompiledCompositeActor.mk
drwxrwxr-x   3 travis travis  12288 Jul 21 18:21 LookupTable
drwxrwxr-x   3 travis travis  20480 Jul 21 18:21 MaxIndex
-rw-rw-r--   1 travis travis   3925 Jul 21 18:26 ModularCG_A1_B1.class
-rw-rw-r--   1 travis travis   9730 Jul 21 18:26 ModularCG_A1_B1.java
-rw-rw-r--   1 travis travis    832 Jul 21 18:26 ModularCG_A1_B1.mk
-rw-rw-r--   1 travis travis   1318 Jul 21 18:26 ModularCG_A1_B1_profile.class
-rw-rw-r--   1 travis travis   1262 Jul 21 18:26 ModularCG_A1_B1_profile.java
-rw-rw-r--   1 travis travis   3925 Jul 21 18:27 ModularCG_A1_B2.class
-rw-rw-r--   1 travis travis   9730 Jul 21 18:27 ModularCG_A1_B2.java
-rw-rw-r--   1 travis travis    832 Jul 21 18:27 ModularCG_A1_B2.mk
-rw-rw-r--   1 travis travis   1318 Jul 21 18:27 ModularCG_A1_B2_profile.class
-rw-rw-r--   1 travis travis   1262 Jul 21 18:26 ModularCG_A1_B2_profile.java
-rw-rw-r--   1 travis travis   5031 Jul 21 18:27 ModularCG_A1.class
-rw-rw-r--   1 travis travis  14742 Jul 21 18:27 ModularCG_A1.java
-rw-rw-r--   1 travis travis    808 Jul 21 18:27 ModularCG_A1.mk
-rw-rw-r--   1 travis travis   1433 Jul 21 18:27 ModularCG_A1_profile.class
-rw-rw-r--   1 travis travis   1704 Jul 21 18:27 ModularCG_A1_profile.java
-rw-rw-r--   1 travis travis   4059 Jul 21 18:27 ModularCG_A2_B1.class
-rw-rw-r--   1 travis travis  10667 Jul 21 18:27 ModularCG_A2_B1.java
-rw-rw-r--   1 travis travis    832 Jul 21 18:27 ModularCG_A2_B1.mk
-rw-rw-r--   1 travis travis   1381 Jul 21 18:27 ModularCG_A2_B1_profile.class
-rw-rw-r--   1 travis travis   1446 Jul 21 18:27 ModularCG_A2_B1_profile.java
-rw-rw-r--   1 travis travis   3925 Jul 21 18:27 ModularCG_A2_B2.class
-rw-rw-r--   1 travis travis   9730 Jul 21 18:27 ModularCG_A2_B2.java
-rw-rw-r--   1 travis travis    832 Jul 21 18:27 ModularCG_A2_B2.mk
-rw-rw-r--   1 travis travis   1318 Jul 21 18:27 ModularCG_A2_B2_profile.class
-rw-rw-r--   1 travis travis   1262 Jul 21 18:27 ModularCG_A2_B2_profile.java
-rw-rw-r--   1 travis travis   5102 Jul 21 18:27 ModularCG_A2.class
-rw-rw-r--   1 travis travis  15129 Jul 21 18:27 ModularCG_A2.java
-rw-rw-r--   1 travis travis    808 Jul 21 18:27 ModularCG_A2.mk
-rw-rw-r--   1 travis travis   1433 Jul 21 18:27 ModularCG_A2_profile.class
-rw-rw-r--   1 travis travis   1704 Jul 21 18:27 ModularCG_A2_profile.java
-rw-rw-r--   1 travis travis   3705 Jul 21 18:27 ModularCGPubSub_A1_A2.class
-rw-rw-r--   1 travis travis   9076 Jul 21 18:27 ModularCGPubSub_A1_A2.java
-rw-rw-r--   1 travis travis    880 Jul 21 18:27 ModularCGPubSub_A1_A2.mk
-rw-rw-r--   1 travis travis   1300 Jul 21 18:27 ModularCGPubSub_A1_A2_profile.class
-rw-rw-r--   1 travis travis   1222 Jul 21 18:27 ModularCGPubSub_A1_A2_profile.java
-rw-rw-r--   1 travis travis   4022 Jul 21 18:27 ModularCGPubSub_A1.class
-rw-rw-r--   1 travis travis   9836 Jul 21 18:27 ModularCGPubSub_A1.java
-rw-rw-r--   1 travis travis    856 Jul 21 18:27 ModularCGPubSub_A1.mk
-rw-rw-r--   1 travis travis   1346 Jul 21 18:27 ModularCGPubSub_A1_profile.class
-rw-rw-r--   1 travis travis   1388 Jul 21 18:27 ModularCGPubSub_A1_profile.java
-rw-rw-r--   1 travis travis   4220 Jul 21 18:27 ModularCodeGen2_ModularCodeGenTypedCompositeActor.class
-rw-rw-r--   1 travis travis  11690 Jul 21 18:27 ModularCodeGen2_ModularCodeGenTypedCompositeActor.java
-rw-rw-r--   1 travis travis   1104 Jul 21 18:27 ModularCodeGen2_ModularCodeGenTypedCompositeActor.mk
-rw-rw-r--   1 travis travis   4504 Jul 21 18:27 ModularCodeGen2_ModularCodeGenTypedCompositeActor_ModularCodeGenTypedCompositeActor.class
-rw-rw-r--   1 travis travis  11790 Jul 21 18:27 ModularCodeGen2_ModularCodeGenTypedCompositeActor_ModularCodeGenTypedCompositeActor.java
-rw-rw-r--   1 travis travis   1376 Jul 21 18:27 ModularCodeGen2_ModularCodeGenTypedCompositeActor_ModularCodeGenTypedCompositeActor.mk
-rw-rw-r--   1 travis travis   1421 Jul 21 18:27 ModularCodeGen2_ModularCodeGenTypedCompositeActor_ModularCodeGenTypedCompositeActor_profile.class
-rw-rw-r--   1 travis travis   1294 Jul 21 18:27 ModularCodeGen2_ModularCodeGenTypedCompositeActor_ModularCodeGenTypedCompositeActor_profile.java
-rw-rw-r--   1 travis travis    820 Jul 21 18:27 ModularCodeGen2_ModularCodeGenTypedCompositeActor_profile.class
-rw-rw-r--   1 travis travis    693 Jul 21 18:27 ModularCodeGen2_ModularCodeGenTypedCompositeActor_profile.java
-rw-rw-r--   1 travis travis   3973 Jul 21 18:27 ModularCodeGen3_A1_B1.class
-rw-rw-r--   1 travis travis   9958 Jul 21 18:27 ModularCodeGen3_A1_B1.java
-rw-rw-r--   1 travis travis    880 Jul 21 18:27 ModularCodeGen3_A1_B1.mk
-rw-rw-r--   1 travis travis   1330 Jul 21 18:27 ModularCodeGen3_A1_B1_profile.class
-rw-rw-r--   1 travis travis   1274 Jul 21 18:27 ModularCodeGen3_A1_B1_profile.java
-rw-rw-r--   1 travis travis   3973 Jul 21 18:27 ModularCodeGen3_A1_B2.class
-rw-rw-r--   1 travis travis   9958 Jul 21 18:27 ModularCodeGen3_A1_B2.java
-rw-rw-r--   1 travis travis    880 Jul 21 18:27 ModularCodeGen3_A1_B2.mk
-rw-rw-r--   1 travis travis   1330 Jul 21 18:27 ModularCodeGen3_A1_B2_profile.class
-rw-rw-r--   1 travis travis   1274 Jul 21 18:27 ModularCodeGen3_A1_B2_profile.java
-rw-rw-r--   1 travis travis   5193 Jul 21 18:27 ModularCodeGen3_A1.class
-rw-rw-r--   1 travis travis  15564 Jul 21 18:27 ModularCodeGen3_A1.java
-rw-rw-r--   1 travis travis    856 Jul 21 18:27 ModularCodeGen3_A1.mk
-rw-rw-r--   1 travis travis   1445 Jul 21 18:27 ModularCodeGen3_A1_profile.class
-rw-rw-r--   1 travis travis   1716 Jul 21 18:27 ModularCodeGen3_A1_profile.java
-rw-rw-r--   1 travis travis   4119 Jul 21 18:27 ModularCodeGen3_A2_B1.class
-rw-rw-r--   1 travis travis  10955 Jul 21 18:27 ModularCodeGen3_A2_B1.java
-rw-rw-r--   1 travis travis    880 Jul 21 18:27 ModularCodeGen3_A2_B1.mk
-rw-rw-r--   1 travis travis   1393 Jul 21 18:27 ModularCodeGen3_A2_B1_profile.class
-rw-rw-r--   1 travis travis   1458 Jul 21 18:27 ModularCodeGen3_A2_B1_profile.java
-rw-rw-r--   1 travis travis   3973 Jul 21 18:27 ModularCodeGen3_A2_B2.class
-rw-rw-r--   1 travis travis   9958 Jul 21 18:27 ModularCodeGen3_A2_B2.java
-rw-rw-r--   1 travis travis    880 Jul 21 18:27 ModularCodeGen3_A2_B2.mk
-rw-rw-r--   1 travis travis   1330 Jul 21 18:27 ModularCodeGen3_A2_B2_profile.class
-rw-rw-r--   1 travis travis   1274 Jul 21 18:27 ModularCodeGen3_A2_B2_profile.java
-rw-rw-r--   1 travis travis   5270 Jul 21 18:27 ModularCodeGen3_A2.class
-rw-rw-r--   1 travis travis  15957 Jul 21 18:27 ModularCodeGen3_A2.java
-rw-rw-r--   1 travis travis    856 Jul 21 18:27 ModularCodeGen3_A2.mk
-rw-rw-r--   1 travis travis   1445 Jul 21 18:27 ModularCodeGen3_A2_profile.class
-rw-rw-r--   1 travis travis   1716 Jul 21 18:27 ModularCodeGen3_A2_profile.java
-rw-rw-r--   1 travis travis   4026 Jul 21 18:27 ModularCodeGen4_A1_B1.class
-rw-rw-r--   1 travis travis  10312 Jul 21 18:27 ModularCodeGen4_A1_B1.java
-rw-rw-r--   1 travis travis    880 Jul 21 18:27 ModularCodeGen4_A1_B1.mk
-rw-rw-r--   1 travis travis   1330 Jul 21 18:27 ModularCodeGen4_A1_B1_profile.class
-rw-rw-r--   1 travis travis   1273 Jul 21 18:27 ModularCodeGen4_A1_B1_profile.java
-rw-rw-r--   1 travis travis   4026 Jul 21 18:28 ModularCodeGen4_A1_B2.class
-rw-rw-r--   1 travis travis  10312 Jul 21 18:28 ModularCodeGen4_A1_B2.java
-rw-rw-r--   1 travis travis    880 Jul 21 18:28 ModularCodeGen4_A1_B2.mk
-rw-rw-r--   1 travis travis   1330 Jul 21 18:28 ModularCodeGen4_A1_B2_profile.class
-rw-rw-r--   1 travis travis   1273 Jul 21 18:27 ModularCodeGen4_A1_B2_profile.java
-rw-rw-r--   1 travis travis   5333 Jul 21 18:28 ModularCodeGen4_A1.class
-rw-rw-r--   1 travis travis  16245 Jul 21 18:28 ModularCodeGen4_A1.java
-rw-rw-r--   1 travis travis    856 Jul 21 18:28 ModularCodeGen4_A1.mk
-rw-rw-r--   1 travis travis   1445 Jul 21 18:28 ModularCodeGen4_A1_profile.class
-rw-rw-r--   1 travis travis   1712 Jul 21 18:28 ModularCodeGen4_A1_profile.java
-rw-rw-r--   1 travis travis   4220 Jul 21 18:28 ModularCodeGen4_A2_B1.class
-rw-rw-r--   1 travis travis  11375 Jul 21 18:28 ModularCodeGen4_A2_B1.java
-rw-rw-r--   1 travis travis    880 Jul 21 18:28 ModularCodeGen4_A2_B1.mk
-rw-rw-r--   1 travis travis   1393 Jul 21 18:28 ModularCodeGen4_A2_B1_profile.class
-rw-rw-r--   1 travis travis   1454 Jul 21 18:28 ModularCodeGen4_A2_B1_profile.java
-rw-rw-r--   1 travis travis   4074 Jul 21 18:28 ModularCodeGen4_A2_B2.class
-rw-rw-r--   1 travis travis  10378 Jul 21 18:28 ModularCodeGen4_A2_B2.java
-rw-rw-r--   1 travis travis    880 Jul 21 18:28 ModularCodeGen4_A2_B2.mk
-rw-rw-r--   1 travis travis   1330 Jul 21 18:28 ModularCodeGen4_A2_B2_profile.class
-rw-rw-r--   1 travis travis   1270 Jul 21 18:28 ModularCodeGen4_A2_B2_profile.java
-rw-rw-r--   1 travis travis   5506 Jul 21 18:28 ModularCodeGen4_A2.class
-rw-rw-r--   1 travis travis  16770 Jul 21 18:28 ModularCodeGen4_A2.java
-rw-rw-r--   1 travis travis    856 Jul 21 18:28 ModularCodeGen4_A2.mk
-rw-rw-r--   1 travis travis   1445 Jul 21 18:28 ModularCodeGen4_A2_profile.class
-rw-rw-r--   1 travis travis   1712 Jul 21 18:28 ModularCodeGen4_A2_profile.java
-rw-rw-r--   1 travis travis   7070 Jul 21 18:28 ModularCodeGen5_A_A.class
-rw-rw-r--   1 travis travis  28721 Jul 21 18:28 ModularCodeGen5_A_A.java
-rw-rw-r--   1 travis travis    864 Jul 21 18:28 ModularCodeGen5_A_A.mk
-rw-rw-r--   1 travis travis   1520 Jul 21 18:28 ModularCodeGen5_A_A_profile.class
-rw-rw-r--   1 travis travis   1815 Jul 21 18:28 ModularCodeGen5_A_A_profile.java
-rw-rw-r--   1 travis travis   5347 Jul 21 18:28 ModularCodeGen5_A.class
-rw-rw-r--   1 travis travis  13769 Jul 21 18:28 ModularCodeGen5_A.java
-rw-rw-r--   1 travis travis    848 Jul 21 18:28 ModularCodeGen5_A.mk
-rw-rw-r--   1 travis travis   1422 Jul 21 18:28 ModularCodeGen5_A_profile.class
-rw-rw-r--   1 travis travis   1605 Jul 21 18:28 ModularCodeGen5_A_profile.java
-rw-rw-r--   1 travis travis   4357 Jul 21 18:28 ModularCodeGen6_A_A2.class
-rw-rw-r--   1 travis travis  11329 Jul 21 18:28 ModularCodeGen6_A_A2.java
-rw-rw-r--   1 travis travis    872 Jul 21 18:28 ModularCodeGen6_A_A2.mk
-rw-rw-r--   1 travis travis   1351 Jul 21 18:28 ModularCodeGen6_A_A2_profile.class
-rw-rw-r--   1 travis travis   1364 Jul 21 18:28 ModularCodeGen6_A_A2_profile.java
-rw-rw-r--   1 travis travis   4340 Jul 21 18:28 ModularCodeGen6_A_A.class
-rw-rw-r--   1 travis travis  11221 Jul 21 18:28 ModularCodeGen6_A_A.java
-rw-rw-r--   1 travis travis    864 Jul 21 18:28 ModularCodeGen6_A_A.mk
-rw-rw-r--   1 travis travis   1348 Jul 21 18:28 ModularCodeGen6_A_A_profile.class
-rw-rw-r--   1 travis travis   1361 Jul 21 18:28 ModularCodeGen6_A_A_profile.java
-rw-rw-r--   1 travis travis   7469 Jul 21 18:28 ModularCodeGen6_A.class
-rw-rw-r--   1 travis travis  26535 Jul 21 18:28 ModularCodeGen6_A.java
-rw-rw-r--   1 travis travis    848 Jul 21 18:28 ModularCodeGen6_A.mk
-rw-rw-r--   1 travis travis   1483 Jul 21 18:28 ModularCodeGen6_A_profile.class
-rw-rw-r--   1 travis travis   1810 Jul 21 18:28 ModularCodeGen6_A_profile.java
-rw-rw-r--   1 travis travis   9633 Jul 21 18:28 ModularCodeGenLazyPubSubGlobal_CompositeActor_ModularCodeGenTypedComposite.class
-rw-rw-r--   1 travis travis  30161 Jul 21 18:28 ModularCodeGenLazyPubSubGlobal_CompositeActor_ModularCodeGenTypedComposite.java
-rw-rw-r--   1 travis travis   1304 Jul 21 18:28 ModularCodeGenLazyPubSubGlobal_CompositeActor_ModularCodeGenTypedComposite.mk
-rw-rw-r--   1 travis travis   1438 Jul 21 18:28 ModularCodeGenLazyPubSubGlobal_CompositeActor_ModularCodeGenTypedComposite_profile.class
-rw-rw-r--   1 travis travis   1384 Jul 21 18:28 ModularCodeGenLazyPubSubGlobal_CompositeActor_ModularCodeGenTypedComposite_profile.java
-rw-rw-r--   1 travis travis   4184 Jul 21 18:28 ModularCodeGenLazyPubSub_LazyCompositeActor.class
-rw-rw-r--   1 travis travis  11122 Jul 21 18:28 ModularCodeGenLazyPubSub_LazyCompositeActor.java
-rw-rw-r--   1 travis travis   1056 Jul 21 18:28 ModularCodeGenLazyPubSub_LazyCompositeActor.mk
-rw-rw-r--   1 travis travis   1286 Jul 21 18:28 ModularCodeGenLazyPubSub_LazyCompositeActor_profile.class
-rw-rw-r--   1 travis travis   1091 Jul 21 18:28 ModularCodeGenLazyPubSub_LazyCompositeActor_profile.java
-rw-rw-r--   1 travis travis   4186 Jul 21 18:27 ModularCodeGen_ModularCodeGenTypedCompositeActor.class
-rw-rw-r--   1 travis travis  10970 Jul 21 18:27 ModularCodeGen_ModularCodeGenTypedCompositeActor.java
-rw-rw-r--   1 travis travis   1096 Jul 21 18:27 ModularCodeGen_ModularCodeGenTypedCompositeActor.mk
-rw-rw-r--   1 travis travis   1384 Jul 21 18:27 ModularCodeGen_ModularCodeGenTypedCompositeActor_profile.class
-rw-rw-r--   1 travis travis   1328 Jul 21 18:27 ModularCodeGen_ModularCodeGenTypedCompositeActor_profile.java
-rw-rw-r--   1 travis travis   1195 Jul 21 18:28 ModularCodeGenPubSub_A1_profile.java
-rw-rw-r--   1 travis travis   3724 Jul 21 18:26 ModularCodeGenTest_A1_A2.class
-rw-rw-r--   1 travis travis   9164 Jul 21 18:26 ModularCodeGenTest_A1_A2.java
-rw-rw-r--   1 travis travis   1306 Jul 21 18:26 ModularCodeGenTest_A1_A2_profile.class
-rw-rw-r--   1 travis travis   4055 Jul 21 18:26 ModularCodeGenTest_A1.class
-rw-rw-r--   1 travis travis   9968 Jul 21 18:26 ModularCodeGenTest_A1.java
-rw-rw-r--   1 travis travis    880 Jul 21 18:26 ModularCodeGenTest_A1.mk
-rw-rw-r--   1 travis travis   1352 Jul 21 18:26 ModularCodeGenTest_A1_profile.class
-rw-rw-r--   1 travis travis   1394 Jul 21 18:26 ModularCodeGenTest_A1_profile.java
drwxrwxr-x   3 travis travis  32768 Jul 21 18:26 modulation2
drwxrwxr-x 139 travis travis  12288 Jul 21 18:26 node_modules
drwxrwxr-x   3 travis travis  20480 Jul 21 18:21 PhaseUnwrap
drwxrwxr-x   3 travis travis  12288 Jul 21 18:22 ReadFile1
-rw-rw-r--   1 travis travis     11 Jul 21 18:21 ReadFile1Output.txt
-rw-rw-r--   1 travis travis  13773 Jul 21 18:26 Repeat.class
-rw-rw-r--   1 travis travis    685 Jul 21 18:26 Repeat$_fireFunction_Repeat_Repeat$__f_sL_11.class
-rw-rw-r--   1 travis travis    541 Jul 21 18:26 Repeat$_fireFunction_Repeat_Repeat$__f_sL_12.class
-rw-rw-r--   1 travis travis    541 Jul 21 18:26 Repeat$_fireFunction_Repeat_Repeat$__f_sL_13.class
-rw-rw-r--   1 travis travis    541 Jul 21 18:26 Repeat$_fireFunction_Repeat_Repeat$__f_sL_14.class
-rw-rw-r--   1 travis travis    684 Jul 21 18:26 Repeat$_fireFunction_Repeat_Repeat$__f_sL_1.class
-rw-rw-r--   1 travis travis    683 Jul 21 18:26 Repeat$_fireFunction_Repeat_Repeat$__f_sL_4.class
-rw-rw-r--   1 travis travis    539 Jul 21 18:26 Repeat$_fireFunction_Repeat_Repeat$__f_sL_9.class
-rw-rw-r--   1 travis travis    494 Jul 21 18:26 Repeat$_initialize_Repeat$__i_sL_2.class
-rw-rw-r--   1 travis travis   1281 Jul 21 18:26 Repeat.mk
-rw-rw-r--   1 travis travis    539 Jul 21 18:26 Repeat$_preinitializeMethod_Repeat$__p_sL_0.class
-rw-rw-r--   1 travis travis   1102 Jul 21 18:26 Repeat$_Repeat$_fireFunction_Repeat_AddSubtract_Repeat.class
-rw-rw-r--   1 travis travis    810 Jul 21 18:26 Repeat$_Repeat$_fireFunction_Repeat_AddSubtract_Repeat$__f_sL_0.class
-rw-rw-r--   1 travis travis    928 Jul 21 18:26 Repeat$_Repeat$_fireFunction_Repeat_AddSubtract_Repeat$__f_sL_1.class
-rw-rw-r--   1 travis travis    934 Jul 21 18:26 Repeat$_Repeat$_fireFunction_Repeat_AddSubtract_Repeat$__f_sL_2.class
-rw-rw-r--   1 travis travis    862 Jul 21 18:26 Repeat$_Repeat$_fireFunction_Repeat_AddSubtract_Repeat$__f_sL_3.class
-rw-rw-r--   1 travis travis    757 Jul 21 18:26 Repeat$_Repeat$_fireFunction_Repeat_Ramp2_Repeat$__f_sL_0.class
-rw-rw-r--   1 travis travis    888 Jul 21 18:26 Repeat$_Repeat$_fireFunction_Repeat_Test_Repeat$__f_sL_0.class
-rw-rw-r--   1 travis travis    634 Jul 21 18:26 Repeat$_Repeat$_fireFunction_Repeat_Test_Repeat$__f_sL_1.class
-rw-rw-r--   1 travis travis    704 Jul 21 18:26 Repeat$_Repeat_SDF_Director_run_Repeat$__R_sL_0.class
-rw-rw-r--   1 travis travis    705 Jul 21 18:26 Repeat$_Repeat_SDF_Director_run_Repeat$__R_sL_11.class
-rw-rw-r--   1 travis travis    561 Jul 21 18:26 Repeat$_Repeat_SDF_Director_run_Repeat$__R_sL_13.class
-rw-rw-r--   1 travis travis    559 Jul 21 18:26 Repeat$_Repeat_SDF_Director_run_Repeat$__R_sL_2.class
-rw-rw-r--   1 travis travis    703 Jul 21 18:26 Repeat$_Repeat_SDF_Director_run_Repeat$__R_sL_3.class
-rw-rw-r--   1 travis travis    559 Jul 21 18:26 Repeat$_Repeat_SDF_Director_run_Repeat$__R_sL_5.class
-rw-rw-r--   1 travis travis    559 Jul 21 18:26 Repeat$_Repeat_SDF_Director_run_Repeat$__R_sL_8.class
drwxrwxr-x   2 travis travis   4096 Jul 21 18:26 RepeatVariables
-rw-rw-r--   1 travis travis    882 Jul 21 18:26 Repeat$_varinit_Repeat.class
-rw-rw-r--   1 travis travis    550 Jul 21 18:26 Repeat$_varinit_Repeat$__v_sL_2.class
-rw-rw-r--   1 travis travis    924 Jul 21 18:26 Repeat$_varinit_Repeat$__v_sL_4.class
-rw-rw-r--   1 travis travis    978 Jul 21 18:26 Repeat$_wrapup_Repeat$__w_sL_1.class
drwxrwxr-x   3 travis travis  20480 Jul 21 18:22 Sinewave
drwxrwxr-x   3 travis travis  32768 Jul 21 18:23 StringFunction
drwxrwxr-x   3 travis travis  12288 Jul 21 18:24 StringLength
drwxrwxr-x   3 travis travis  61440 Jul 21 18:24 StringMatches2
drwxrwxr-x   3 travis travis  61440 Jul 21 18:24 StringSimpleReplace
drwxrwxr-x   3 travis travis  65536 Jul 21 18:24 StringSubstring
drwxrwxr-x   3 travis travis  24576 Jul 21 18:25 StringSubstring2
drwxrwxr-x   3 travis travis  16384 Jul 21 18:25 time1
drwxrwxr-x   3 travis travis  12288 Jul 21 18:26 time5
-rw-rw-r--   1 travis travis    432 Jul 21 18:28 Token.class
-rw-rw-r--   1 travis travis    251 Jul 21 18:28 Token.java
-rwxrwxr-x   1 travis travis 466992 Jul 21 18:18 top
-rw-rw-r--   1 travis travis  20502 Jul 21 18:18 top.c
-rw-rw-r--   1 travis travis   3799 Jul 21 18:26 top.class
-rw-rw-r--   1 travis travis   1257 Jul 21 18:26 top.mk
All Done
Writing ModularCodeGenPubSub_A1.java in file:/home/travis/cg/ (9060 characters)
Reading "ptolemy/cg/kernel/generic/program/procedural/java/modular/makefile.in",
    writing "/home/travis/cg/ModularCodeGenPubSub_A1.mk"
Using ptolemy/cg/kernel/generic/program/procedural/java/modular/makefile.in
In "/home/travis/cg", about to execute:
    make -f ModularCodeGenPubSub_A1.mk
javac -classpath ".:.."    ModularCodeGenPubSub_A1.java
All Done
3230 ms. Memory: 145408K Free: 101021K (69%)
----------------- Invoking toplevel() on ptolemy.moml.MoMLSimpleApplication@5a2ec96e
----------------- Done invoking toplevel() on ptolemy.moml.MoMLSimpleApplication@5a2ec96e
reloadAllAccessors: .ModularCodeGenPubSub

===========================================================================================
----------------- testing Sun Jul 21 18:28:45 UTC 2019 /home/travis/build/icyphy/ptII/ptolemy/cg/lib/test/auto/ModularCodeGenPubSub2.xml
----------------- Instantiating /home/travis/build/icyphy/ptII/ptolemy/cg/lib/test/auto/ModularCodeGenPubSub2.xml
In "/home/travis/cg", about to execute:
    pwd
In "/home/travis/cg", about to execute:
    ls -l
/home/travis/cg
In "/home/travis/cg", about to execute:
    javac -classpath
.:/home/travis/build/icyphy/ptII:/home/travis/build/icyphy/ptII/lib/bsh-2.0b4.j
ar:/home/travis/build/icyphy/ptII/lib/ptCal.jar:/home/travis/build/icyphy/ptII/
lib/java_cup.jar:/home/travis/build/icyphy/ptII/lib/saxon8.jar:/home/travis/bui
ld/icyphy/ptII/lib/saxon8-dom.jar:/home/travis/build/icyphy/ptII/lib/chic.jar:/
home/travis/build/icyphy/ptII/lib/ptcolt.jar:/home/travis/build/icyphy/ptII/ven
dors/misc/itext/iText.jar:/home/travis/build/icyphy/ptII/lib/g4ltl.jar:/home/tr
avis/build/icyphy/ptII/lib/StructuralCoder.jar:/home/travis/build/icyphy/ptII/l
ib/jcerti.jar:/home/travis/build/icyphy/ptII/lib/javax.mail.jar:/home/travis/bu
ild/icyphy/ptII/vendors/JMF-2.1.1e/lib/jmf.jar:/home/travis/build/icyphy/ptII/l
ib/jna-4.0.0-variadic.jar:/home/travis/build/icyphy/ptII/vendors/misc/joystick/
Joystick.jar:/home/travis/build/icyphy/ptII/lib/ptjacl.jar:/home/travis/build/i
cyphy/ptII/lib/jsoup-1.8.2.jar:/home/travis/build/icyphy/ptII/lib/junit-4.8.2.j
ar:/home/travis/build/icyphy/ptII/lib/JUnitParams-0.4.0.jar:/home/travis/build/
icyphy/ptII/ptolemy/actor/lib/excel/jxl.jar:/home/travis/build/icyphy/ptII/lib/
jython.jar:/home/travis/build/icyphy/ptII/lib/kieler.jar:/home/travis/build/icy
phy/ptII/vendors/opencv/share/OpenCV/java/opencv-341.jar:/home/travis/build/icy
phy/ptII/lib/oscP5.jar:/home/travis/build/icyphy/ptII/lib/nrjavaserial-3.11.0.d
evel.jar:/home/travis/build/icyphy/ptII/vendors/j3d/lib/Linux/j3dcore.jar:/home
/travis/build/icyphy/ptII/vendors/j3d/lib/Linux/j3dutils.jar:/home/travis/build
/icyphy/ptII/vendors/j3d/lib/Linux/vecmath.jar:/home/travis/build/icyphy/ptII/v
endors/jogl/lib/Linux/gluegen-rt-natives-linux-amd64.jar:/home/travis/build/icy
phy/ptII/vendors/jogl/lib/Linux/gluegen-rt.jar:/home/travis/build/icyphy/ptII/v
endors/jogl/lib/Linux/jogl-all-natives-linux-amd64.jar:/home/travis/build/icyph
y/ptII/vendors/jogl/lib/Linux/jogl-all.jar:/home/travis/build/icyphy/ptII/ptole
my/distributed/jini/jar/jini-core.jar:/home/travis/build/icyphy/ptII/ptolemy/di
stributed/jini/jar/jini-ext.jar:/home/travis/build/icyphy/ptII/ptolemy/distribu
ted/jini/jar/sun-util.jar:/home/travis/build/icyphy/ptII/lib/protobuf-java-2.4.
1.jar:/home/travis/build/icyphy/ptII/lib/org.eclipse.paho.client.mqttv3.jar:/ho
me/travis/build/icyphy/ptII/lib/mapss.jar:/home/travis/build/icyphy/ptII/ptolem
y/actor/ptalon/antlr/antlr.jar:/home/travis/build/icyphy/ptII/lib/JRI.jar:/home
/travis/build/icyphy/ptII/lib/commons-lang-2.6.jar:/home/travis/build/icyphy/pt
II/lib/commons-logging-1.1.1.jar:/home/travis/build/icyphy/ptII/lib/sootclasses
.jar:/home/travis/build/icyphy/ptII/ptolemy/actor/lib/database/mysql-connector-
java-5.1.6-bin.jar:/home/travis/build/icyphy/ptII/vendors/misc/sphinx4/sphinx4-
data-5prealpha.jar:/home/travis/build/icyphy/ptII/vendors/misc/sphinx4/sphinx4-
core-5prealpha.jar:/home/travis/build/icyphy/ptII/lib/PDFRenderer.jar:/home/tra
vis/build/icyphy/ptII/lib/svgSalamander.jar:/home/travis/build/icyphy/ptII/lib/
rsyntaxtextarea-2.6.0-SNAPSHOT.jar:/home/travis/build/icyphy/ptII/lib/hazelcast
-3.8.2.jar:/home/travis/build/icyphy/ptII/lib/jackson-annotations-2.9.0.jar:/ho
me/travis/build/icyphy/ptII/lib/jackson-core-2.9.3.jar:/home/travis/build/icyph
y/ptII/lib/jackson-databind-2.9.3.jar:/home/travis/build/icyphy/ptII/lib/netty-
buffer-4.1.19.Final.jar:/home/travis/build/icyphy/ptII/lib/netty-codec-4.1.19.F
inal.jar:/home/travis/build/icyphy/ptII/lib/netty-codec-dns-4.1.19.Final.jar:/h
ome/travis/build/icyphy/ptII/lib/netty-codec-http-4.1.19.Final.jar:/home/travis
/build/icyphy/ptII/lib/netty-codec-http2-4.1.19.Final.jar:/home/travis/build/ic
yphy/ptII/lib/netty-common-4.1.19.Final.jar:/home/travis/build/icyphy/ptII/lib/
netty-handler-4.1.19.Final.jar:/home/travis/build/icyphy/ptII/lib/netty-resolve
r-4.1.19.Final.jar:/home/travis/build/icyphy/ptII/lib/netty-resolver-dns-4.1.19
.Final.jar:/home/travis/build/icyphy/ptII/lib/netty-transport-4.1.19.Final.jar:
/home/travis/build/icyphy/ptII/lib/vertx-codegen-3.5.1.jar:/home/travis/build/i
cyphy/ptII/lib/vertx-core-3.5.2-SNAPSHOT.jar:/home/travis/build/icyphy/ptII/lib
/vertx-hazelcast-3.5.1.jar:/home/travis/build/icyphy/ptII/lib/vertx-lang-js-3.5
.1.jar:/home/travis/build/icyphy/ptII/lib/vertx-service-proxy-3.5.1.jar:/home/t
ravis/build/icyphy/ptII/lib/vertx-web-3.5.1.jar:/home/travis/build/icyphy/ptII/
lib/slf4j-api-1.7.13.jar:/home/travis/build/icyphy/ptII/lib/slf4j-simple-1.7.13
.jar:/home/travis/build/icyphy/ptII/lib/webcam-capture-0.3.12.jar:/home/travis/
build/icyphy/ptII/lib/bridj-0.7.0.jar:/home/travis/build/icyphy/ptII/lib/xbjlib
-1.1.0.nrjavaserial.jar:/home/travis/build/icyphy/ptII/ptolemy/moml/test:/home/
travis/build/icyphy/ptII/ant/lib/ant-launcher.jar:/home/travis/build/icyphy/ptI
I/ant/lib/ant.jar:/home/travis/build/icyphy/ptII/ant/lib/ant-junit.jar:/home/tr
avis/build/icyphy/ptII/ant/lib/ant-junit4.jar:/home/travis/build/icyphy/ptII
ModularCodeGenPubSub2_A1_A_profile.java
total 2436
drwxrwxr-x   3 travis travis  12288 Jul 21 18:20 AbsoluteValue
drwxrwxr-x   3 travis travis 102400 Jul 21 18:19 AllColt
-rw-rw-r--   1 travis travis    233 Jul 21 18:28 Array.class
-rw-rw-r--   1 travis travis    459 Jul 21 18:28 Array.java
drwxrwxr-x   3 travis travis  12288 Jul 21 18:19 Case1
-rw-rw-r--   1 travis travis   5128 Jul 21 18:26 CompiledCompositeActor_CompiledCompositeActor.class
-rw-rw-r--   1 travis travis   1611 Jul 21 18:26 CompiledCompositeActor_CompiledCompositeActor$_CompiledCompositeActor_CompiledCompositeActor.class
-rw-rw-r--   1 travis travis  13466 Jul 21 18:26 CompiledCompositeActor_CompiledCompositeActor.java
-rw-rw-r--   1 travis travis   1593 Jul 21 18:26 CompiledCompositeActor_CompiledCompositeActor.mk
drwxrwxr-x   5 travis travis   4096 Jul 21 18:18 fmi
drwxrwxr-x   3 travis travis  16384 Jul 21 18:20 Gaussian2
-rw-rw-r--   1 travis travis   4684 Jul 21 18:26 JavaCompiledCompositeTest1_CompiledCompositeActor.class
-rw-rw-r--   1 travis travis  11637 Jul 21 18:26 JavaCompiledCompositeTest1_CompiledCompositeActor.java
-rw-rw-r--   1 travis travis   1217 Jul 21 18:26 JavaCompiledCompositeTest1_CompiledCompositeActor$_JavaCompiledCompositeTest1_CompiledCompositeActor.class
-rw-rw-r--   1 travis travis   1625 Jul 21 18:26 JavaCompiledCompositeTest1_CompiledCompositeActor.mk
-rw-rw-r--   1 travis travis   5115 Jul 21 18:26 JavaCompiledCompositeTest2_CompiledCompositeActor.class
-rw-rw-r--   1 travis travis  14919 Jul 21 18:26 JavaCompiledCompositeTest2_CompiledCompositeActor.java
-rw-rw-r--   1 travis travis   1812 Jul 21 18:26 JavaCompiledCompositeTest2_CompiledCompositeActor$_JavaCompiledCompositeTest2_CompiledCompositeActor.class
-rw-rw-r--   1 travis travis   1625 Jul 21 18:26 JavaCompiledCompositeTest2_CompiledCompositeActor.mk
-rw-rw-r--   1 travis travis   4732 Jul 21 18:26 JavaCompiledCompositeTest3_CompiledCompositeActor.class
-rw-rw-r--   1 travis travis  13080 Jul 21 18:26 JavaCompiledCompositeTest3_CompiledCompositeActor.java
-rw-rw-r--   1 travis travis   1397 Jul 21 18:26 JavaCompiledCompositeTest3_CompiledCompositeActor$_JavaCompiledCompositeTest3_CompiledCompositeActor.class
-rw-rw-r--   1 travis travis   1625 Jul 21 18:26 JavaCompiledCompositeTest3_CompiledCompositeActor.mk
-rw-rw-r--   1 travis travis   4183 Jul 21 18:26 JavaCompiledCompositeTest4_CompiledCompositeActor.class
-rw-rw-r--   1 travis travis   9687 Jul 21 18:26 JavaCompiledCompositeTest4_CompiledCompositeActor.java
-rw-rw-r--   1 travis travis    876 Jul 21 18:26 JavaCompiledCompositeTest4_CompiledCompositeActor$_JavaCompiledCompositeTest4_CompiledCompositeActor.class
-rw-rw-r--   1 travis travis   1625 Jul 21 18:26 JavaCompiledCompositeTest4_CompiledCompositeActor.mk
drwxrwxr-x   3 travis travis  12288 Jul 21 18:21 LookupTable
drwxrwxr-x   3 travis travis  20480 Jul 21 18:21 MaxIndex
-rw-rw-r--   1 travis travis   3925 Jul 21 18:26 ModularCG_A1_B1.class
-rw-rw-r--   1 travis travis   9730 Jul 21 18:26 ModularCG_A1_B1.java
-rw-rw-r--   1 travis travis    832 Jul 21 18:26 ModularCG_A1_B1.mk
-rw-rw-r--   1 travis travis   1318 Jul 21 18:26 ModularCG_A1_B1_profile.class
-rw-rw-r--   1 travis travis   1262 Jul 21 18:26 ModularCG_A1_B1_profile.java
-rw-rw-r--   1 travis travis   3925 Jul 21 18:27 ModularCG_A1_B2.class
-rw-rw-r--   1 travis travis   9730 Jul 21 18:27 ModularCG_A1_B2.java
-rw-rw-r--   1 travis travis    832 Jul 21 18:27 ModularCG_A1_B2.mk
-rw-rw-r--   1 travis travis   1318 Jul 21 18:27 ModularCG_A1_B2_profile.class
-rw-rw-r--   1 travis travis   1262 Jul 21 18:26 ModularCG_A1_B2_profile.java
-rw-rw-r--   1 travis travis   5031 Jul 21 18:27 ModularCG_A1.class
-rw-rw-r--   1 travis travis  14742 Jul 21 18:27 ModularCG_A1.java
-rw-rw-r--   1 travis travis    808 Jul 21 18:27 ModularCG_A1.mk
-rw-rw-r--   1 travis travis   1433 Jul 21 18:27 ModularCG_A1_profile.class
-rw-rw-r--   1 travis travis   1704 Jul 21 18:27 ModularCG_A1_profile.java
-rw-rw-r--   1 travis travis   4059 Jul 21 18:27 ModularCG_A2_B1.class
-rw-rw-r--   1 travis travis  10667 Jul 21 18:27 ModularCG_A2_B1.java
-rw-rw-r--   1 travis travis    832 Jul 21 18:27 ModularCG_A2_B1.mk
-rw-rw-r--   1 travis travis   1381 Jul 21 18:27 ModularCG_A2_B1_profile.class
-rw-rw-r--   1 travis travis   1446 Jul 21 18:27 ModularCG_A2_B1_profile.java
-rw-rw-r--   1 travis travis   3925 Jul 21 18:27 ModularCG_A2_B2.class
-rw-rw-r--   1 travis travis   9730 Jul 21 18:27 ModularCG_A2_B2.java
-rw-rw-r--   1 travis travis    832 Jul 21 18:27 ModularCG_A2_B2.mk
-rw-rw-r--   1 travis travis   1318 Jul 21 18:27 ModularCG_A2_B2_profile.class
-rw-rw-r--   1 travis travis   1262 Jul 21 18:27 ModularCG_A2_B2_profile.java
-rw-rw-r--   1 travis travis   5102 Jul 21 18:27 ModularCG_A2.class
-rw-rw-r--   1 travis travis  15129 Jul 21 18:27 ModularCG_A2.java
-rw-rw-r--   1 travis travis    808 Jul 21 18:27 ModularCG_A2.mk
-rw-rw-r--   1 travis travis   1433 Jul 21 18:27 ModularCG_A2_profile.class
-rw-rw-r--   1 travis travis   1704 Jul 21 18:27 ModularCG_A2_profile.java
-rw-rw-r--   1 travis travis   3705 Jul 21 18:27 ModularCGPubSub_A1_A2.class
-rw-rw-r--   1 travis travis   9076 Jul 21 18:27 ModularCGPubSub_A1_A2.java
-rw-rw-r--   1 travis travis    880 Jul 21 18:27 ModularCGPubSub_A1_A2.mk
-rw-rw-r--   1 travis travis   1300 Jul 21 18:27 ModularCGPubSub_A1_A2_profile.class
-rw-rw-r--   1 travis travis   1222 Jul 21 18:27 ModularCGPubSub_A1_A2_profile.java
-rw-rw-r--   1 travis travis   4022 Jul 21 18:27 ModularCGPubSub_A1.class
-rw-rw-r--   1 travis travis   9836 Jul 21 18:27 ModularCGPubSub_A1.java
-rw-rw-r--   1 travis travis    856 Jul 21 18:27 ModularCGPubSub_A1.mk
-rw-rw-r--   1 travis travis   1346 Jul 21 18:27 ModularCGPubSub_A1_profile.class
-rw-rw-r--   1 travis travis   1388 Jul 21 18:27 ModularCGPubSub_A1_profile.java
-rw-rw-r--   1 travis travis   4220 Jul 21 18:27 ModularCodeGen2_ModularCodeGenTypedCompositeActor.class
-rw-rw-r--   1 travis travis  11690 Jul 21 18:27 ModularCodeGen2_ModularCodeGenTypedCompositeActor.java
-rw-rw-r--   1 travis travis   1104 Jul 21 18:27 ModularCodeGen2_ModularCodeGenTypedCompositeActor.mk
-rw-rw-r--   1 travis travis   4504 Jul 21 18:27 ModularCodeGen2_ModularCodeGenTypedCompositeActor_ModularCodeGenTypedCompositeActor.class
-rw-rw-r--   1 travis travis  11790 Jul 21 18:27 ModularCodeGen2_ModularCodeGenTypedCompositeActor_ModularCodeGenTypedCompositeActor.java
-rw-rw-r--   1 travis travis   1376 Jul 21 18:27 ModularCodeGen2_ModularCodeGenTypedCompositeActor_ModularCodeGenTypedCompositeActor.mk
-rw-rw-r--   1 travis travis   1421 Jul 21 18:27 ModularCodeGen2_ModularCodeGenTypedCompositeActor_ModularCodeGenTypedCompositeActor_profile.class
-rw-rw-r--   1 travis travis   1294 Jul 21 18:27 ModularCodeGen2_ModularCodeGenTypedCompositeActor_ModularCodeGenTypedCompositeActor_profile.java
-rw-rw-r--   1 travis travis    820 Jul 21 18:27 ModularCodeGen2_ModularCodeGenTypedCompositeActor_profile.class
-rw-rw-r--   1 travis travis    693 Jul 21 18:27 ModularCodeGen2_ModularCodeGenTypedCompositeActor_profile.java
-rw-rw-r--   1 travis travis   3973 Jul 21 18:27 ModularCodeGen3_A1_B1.class
-rw-rw-r--   1 travis travis   9958 Jul 21 18:27 ModularCodeGen3_A1_B1.java
-rw-rw-r--   1 travis travis    880 Jul 21 18:27 ModularCodeGen3_A1_B1.mk
-rw-rw-r--   1 travis travis   1330 Jul 21 18:27 ModularCodeGen3_A1_B1_profile.class
-rw-rw-r--   1 travis travis   1274 Jul 21 18:27 ModularCodeGen3_A1_B1_profile.java
-rw-rw-r--   1 travis travis   3973 Jul 21 18:27 ModularCodeGen3_A1_B2.class
-rw-rw-r--   1 travis travis   9958 Jul 21 18:27 ModularCodeGen3_A1_B2.java
-rw-rw-r--   1 travis travis    880 Jul 21 18:27 ModularCodeGen3_A1_B2.mk
-rw-rw-r--   1 travis travis   1330 Jul 21 18:27 ModularCodeGen3_A1_B2_profile.class
-rw-rw-r--   1 travis travis   1274 Jul 21 18:27 ModularCodeGen3_A1_B2_profile.java
-rw-rw-r--   1 travis travis   5193 Jul 21 18:27 ModularCodeGen3_A1.class
-rw-rw-r--   1 travis travis  15564 Jul 21 18:27 ModularCodeGen3_A1.java
-rw-rw-r--   1 travis travis    856 Jul 21 18:27 ModularCodeGen3_A1.mk
-rw-rw-r--   1 travis travis   1445 Jul 21 18:27 ModularCodeGen3_A1_profile.class
-rw-rw-r--   1 travis travis   1716 Jul 21 18:27 ModularCodeGen3_A1_profile.java
-rw-rw-r--   1 travis travis   4119 Jul 21 18:27 ModularCodeGen3_A2_B1.class
-rw-rw-r--   1 travis travis  10955 Jul 21 18:27 ModularCodeGen3_A2_B1.java
-rw-rw-r--   1 travis travis    880 Jul 21 18:27 ModularCodeGen3_A2_B1.mk
-rw-rw-r--   1 travis travis   1393 Jul 21 18:27 ModularCodeGen3_A2_B1_profile.class
-rw-rw-r--   1 travis travis   1458 Jul 21 18:27 ModularCodeGen3_A2_B1_profile.java
-rw-rw-r--   1 travis travis   3973 Jul 21 18:27 ModularCodeGen3_A2_B2.class
-rw-rw-r--   1 travis travis   9958 Jul 21 18:27 ModularCodeGen3_A2_B2.java
-rw-rw-r--   1 travis travis    880 Jul 21 18:27 ModularCodeGen3_A2_B2.mk
-rw-rw-r--   1 travis travis   1330 Jul 21 18:27 ModularCodeGen3_A2_B2_profile.class
-rw-rw-r--   1 travis travis   1274 Jul 21 18:27 ModularCodeGen3_A2_B2_profile.java
-rw-rw-r--   1 travis travis   5270 Jul 21 18:27 ModularCodeGen3_A2.class
-rw-rw-r--   1 travis travis  15957 Jul 21 18:27 ModularCodeGen3_A2.java
-rw-rw-r--   1 travis travis    856 Jul 21 18:27 ModularCodeGen3_A2.mk
-rw-rw-r--   1 travis travis   1445 Jul 21 18:27 ModularCodeGen3_A2_profile.class
-rw-rw-r--   1 travis travis   1716 Jul 21 18:27 ModularCodeGen3_A2_profile.java
-rw-rw-r--   1 travis travis   4026 Jul 21 18:27 ModularCodeGen4_A1_B1.class
-rw-rw-r--   1 travis travis  10312 Jul 21 18:27 ModularCodeGen4_A1_B1.java
-rw-rw-r--   1 travis travis    880 Jul 21 18:27 ModularCodeGen4_A1_B1.mk
-rw-rw-r--   1 travis travis   1330 Jul 21 18:27 ModularCodeGen4_A1_B1_profile.class
-rw-rw-r--   1 travis travis   1273 Jul 21 18:27 ModularCodeGen4_A1_B1_profile.java
-rw-rw-r--   1 travis travis   4026 Jul 21 18:28 ModularCodeGen4_A1_B2.class
-rw-rw-r--   1 travis travis  10312 Jul 21 18:28 ModularCodeGen4_A1_B2.java
-rw-rw-r--   1 travis travis    880 Jul 21 18:28 ModularCodeGen4_A1_B2.mk
-rw-rw-r--   1 travis travis   1330 Jul 21 18:28 ModularCodeGen4_A1_B2_profile.class
-rw-rw-r--   1 travis travis   1273 Jul 21 18:27 ModularCodeGen4_A1_B2_profile.java
-rw-rw-r--   1 travis travis   5333 Jul 21 18:28 ModularCodeGen4_A1.class
-rw-rw-r--   1 travis travis  16245 Jul 21 18:28 ModularCodeGen4_A1.java
-rw-rw-r--   1 travis travis    856 Jul 21 18:28 ModularCodeGen4_A1.mk
-rw-rw-r--   1 travis travis   1445 Jul 21 18:28 ModularCodeGen4_A1_profile.class
-rw-rw-r--   1 travis travis   1712 Jul 21 18:28 ModularCodeGen4_A1_profile.java
-rw-rw-r--   1 travis travis   4220 Jul 21 18:28 ModularCodeGen4_A2_B1.class
-rw-rw-r--   1 travis travis  11375 Jul 21 18:28 ModularCodeGen4_A2_B1.java
-rw-rw-r--   1 travis travis    880 Jul 21 18:28 ModularCodeGen4_A2_B1.mk
-rw-rw-r--   1 travis travis   1393 Jul 21 18:28 ModularCodeGen4_A2_B1_profile.class
-rw-rw-r--   1 travis travis   1454 Jul 21 18:28 ModularCodeGen4_A2_B1_profile.java
-rw-rw-r--   1 travis travis   4074 Jul 21 18:28 ModularCodeGen4_A2_B2.class
-rw-rw-r--   1 travis travis  10378 Jul 21 18:28 ModularCodeGen4_A2_B2.java
-rw-rw-r--   1 travis travis    880 Jul 21 18:28 ModularCodeGen4_A2_B2.mk
-rw-rw-r--   1 travis travis   1330 Jul 21 18:28 ModularCodeGen4_A2_B2_profile.class
-rw-rw-r--   1 travis travis   1270 Jul 21 18:28 ModularCodeGen4_A2_B2_profile.java
-rw-rw-r--   1 travis travis   5506 Jul 21 18:28 ModularCodeGen4_A2.class
-rw-rw-r--   1 travis travis  16770 Jul 21 18:28 ModularCodeGen4_A2.java
-rw-rw-r--   1 travis travis    856 Jul 21 18:28 ModularCodeGen4_A2.mk
-rw-rw-r--   1 travis travis   1445 Jul 21 18:28 ModularCodeGen4_A2_profile.class
-rw-rw-r--   1 travis travis   1712 Jul 21 18:28 ModularCodeGen4_A2_profile.java
-rw-rw-r--   1 travis travis   7070 Jul 21 18:28 ModularCodeGen5_A_A.class
-rw-rw-r--   1 travis travis  28721 Jul 21 18:28 ModularCodeGen5_A_A.java
-rw-rw-r--   1 travis travis    864 Jul 21 18:28 ModularCodeGen5_A_A.mk
-rw-rw-r--   1 travis travis   1520 Jul 21 18:28 ModularCodeGen5_A_A_profile.class
-rw-rw-r--   1 travis travis   1815 Jul 21 18:28 ModularCodeGen5_A_A_profile.java
-rw-rw-r--   1 travis travis   5347 Jul 21 18:28 ModularCodeGen5_A.class
-rw-rw-r--   1 travis travis  13769 Jul 21 18:28 ModularCodeGen5_A.java
-rw-rw-r--   1 travis travis    848 Jul 21 18:28 ModularCodeGen5_A.mk
-rw-rw-r--   1 travis travis   1422 Jul 21 18:28 ModularCodeGen5_A_profile.class
-rw-rw-r--   1 travis travis   1605 Jul 21 18:28 ModularCodeGen5_A_profile.java
-rw-rw-r--   1 travis travis   4357 Jul 21 18:28 ModularCodeGen6_A_A2.class
-rw-rw-r--   1 travis travis  11329 Jul 21 18:28 ModularCodeGen6_A_A2.java
-rw-rw-r--   1 travis travis    872 Jul 21 18:28 ModularCodeGen6_A_A2.mk
-rw-rw-r--   1 travis travis   1351 Jul 21 18:28 ModularCodeGen6_A_A2_profile.class
-rw-rw-r--   1 travis travis   1364 Jul 21 18:28 ModularCodeGen6_A_A2_profile.java
-rw-rw-r--   1 travis travis   4340 Jul 21 18:28 ModularCodeGen6_A_A.class
-rw-rw-r--   1 travis travis  11221 Jul 21 18:28 ModularCodeGen6_A_A.java
-rw-rw-r--   1 travis travis    864 Jul 21 18:28 ModularCodeGen6_A_A.mk
-rw-rw-r--   1 travis travis   1348 Jul 21 18:28 ModularCodeGen6_A_A_profile.class
-rw-rw-r--   1 travis travis   1361 Jul 21 18:28 ModularCodeGen6_A_A_profile.java
-rw-rw-r--   1 travis travis   7469 Jul 21 18:28 ModularCodeGen6_A.class
-rw-rw-r--   1 travis travis  26535 Jul 21 18:28 ModularCodeGen6_A.java
-rw-rw-r--   1 travis travis    848 Jul 21 18:28 ModularCodeGen6_A.mk
-rw-rw-r--   1 travis travis   1483 Jul 21 18:28 ModularCodeGen6_A_profile.class
-rw-rw-r--   1 travis travis   1810 Jul 21 18:28 ModularCodeGen6_A_profile.java
-rw-rw-r--   1 travis travis   9633 Jul 21 18:28 ModularCodeGenLazyPubSubGlobal_CompositeActor_ModularCodeGenTypedComposite.class
-rw-rw-r--   1 travis travis  30161 Jul 21 18:28 ModularCodeGenLazyPubSubGlobal_CompositeActor_ModularCodeGenTypedComposite.java
-rw-rw-r--   1 travis travis   1304 Jul 21 18:28 ModularCodeGenLazyPubSubGlobal_CompositeActor_ModularCodeGenTypedComposite.mk
-rw-rw-r--   1 travis travis   1438 Jul 21 18:28 ModularCodeGenLazyPubSubGlobal_CompositeActor_ModularCodeGenTypedComposite_profile.class
-rw-rw-r--   1 travis travis   1384 Jul 21 18:28 ModularCodeGenLazyPubSubGlobal_CompositeActor_ModularCodeGenTypedComposite_profile.java
-rw-rw-r--   1 travis travis   4184 Jul 21 18:28 ModularCodeGenLazyPubSub_LazyCompositeActor.class
-rw-rw-r--   1 travis travis  11122 Jul 21 18:28 ModularCodeGenLazyPubSub_LazyCompositeActor.java
-rw-rw-r--   1 travis travis   1056 Jul 21 18:28 ModularCodeGenLazyPubSub_LazyCompositeActor.mk
-rw-rw-r--   1 travis travis   1286 Jul 21 18:28 ModularCodeGenLazyPubSub_LazyCompositeActor_profile.class
-rw-rw-r--   1 travis travis   1091 Jul 21 18:28 ModularCodeGenLazyPubSub_LazyCompositeActor_profile.java
-rw-rw-r--   1 travis travis   4186 Jul 21 18:27 ModularCodeGen_ModularCodeGenTypedCompositeActor.class
-rw-rw-r--   1 travis travis  10970 Jul 21 18:27 ModularCodeGen_ModularCodeGenTypedCompositeActor.java
-rw-rw-r--   1 travis travis   1096 Jul 21 18:27 ModularCodeGen_ModularCodeGenTypedCompositeActor.mk
-rw-rw-r--   1 travis travis   1384 Jul 21 18:27 ModularCodeGen_ModularCodeGenTypedCompositeActor_profile.class
-rw-rw-r--   1 travis travis   1328 Jul 21 18:27 ModularCodeGen_ModularCodeGenTypedCompositeActor_profile.java
-rw-rw-r--   1 travis travis   1128 Jul 21 18:28 ModularCodeGenPubSub2_A1_A_profile.java
-rw-rw-r--   1 travis travis   3707 Jul 21 18:28 ModularCodeGenPubSub_A1.class
-rw-rw-r--   1 travis travis   9060 Jul 21 18:28 ModularCodeGenPubSub_A1.java
-rw-rw-r--   1 travis travis    896 Jul 21 18:28 ModularCodeGenPubSub_A1.mk
-rw-rw-r--   1 travis travis   1278 Jul 21 18:28 ModularCodeGenPubSub_A1_profile.class
-rw-rw-r--   1 travis travis   1195 Jul 21 18:28 ModularCodeGenPubSub_A1_profile.java
-rw-rw-r--   1 travis travis   3724 Jul 21 18:26 ModularCodeGenTest_A1_A2.class
-rw-rw-r--   1 travis travis   9164 Jul 21 18:26 ModularCodeGenTest_A1_A2.java
-rw-rw-r--   1 travis travis   1306 Jul 21 18:26 ModularCodeGenTest_A1_A2_profile.class
-rw-rw-r--   1 travis travis   4055 Jul 21 18:26 ModularCodeGenTest_A1.class
-rw-rw-r--   1 travis travis   9968 Jul 21 18:26 ModularCodeGenTest_A1.java
-rw-rw-r--   1 travis travis    880 Jul 21 18:26 ModularCodeGenTest_A1.mk
-rw-rw-r--   1 travis travis   1352 Jul 21 18:26 ModularCodeGenTest_A1_profile.class
-rw-rw-r--   1 travis travis   1394 Jul 21 18:26 ModularCodeGenTest_A1_profile.java
drwxrwxr-x   3 travis travis  32768 Jul 21 18:26 modulation2
drwxrwxr-x 139 travis travis  12288 Jul 21 18:26 node_modules
drwxrwxr-x   3 travis travis  20480 Jul 21 18:21 PhaseUnwrap
drwxrwxr-x   3 travis travis  12288 Jul 21 18:22 ReadFile1
-rw-rw-r--   1 travis travis     11 Jul 21 18:21 ReadFile1Output.txt
-rw-rw-r--   1 travis travis  13773 Jul 21 18:26 Repeat.class
-rw-rw-r--   1 travis travis    685 Jul 21 18:26 Repeat$_fireFunction_Repeat_Repeat$__f_sL_11.class
-rw-rw-r--   1 travis travis    541 Jul 21 18:26 Repeat$_fireFunction_Repeat_Repeat$__f_sL_12.class
-rw-rw-r--   1 travis travis    541 Jul 21 18:26 Repeat$_fireFunction_Repeat_Repeat$__f_sL_13.class
-rw-rw-r--   1 travis travis    541 Jul 21 18:26 Repeat$_fireFunction_Repeat_Repeat$__f_sL_14.class
-rw-rw-r--   1 travis travis    684 Jul 21 18:26 Repeat$_fireFunction_Repeat_Repeat$__f_sL_1.class
-rw-rw-r--   1 travis travis    683 Jul 21 18:26 Repeat$_fireFunction_Repeat_Repeat$__f_sL_4.class
-rw-rw-r--   1 travis travis    539 Jul 21 18:26 Repeat$_fireFunction_Repeat_Repeat$__f_sL_9.class
-rw-rw-r--   1 travis travis    494 Jul 21 18:26 Repeat$_initialize_Repeat$__i_sL_2.class
-rw-rw-r--   1 travis travis   1281 Jul 21 18:26 Repeat.mk
-rw-rw-r--   1 travis travis    539 Jul 21 18:26 Repeat$_preinitializeMethod_Repeat$__p_sL_0.class
-rw-rw-r--   1 travis travis   1102 Jul 21 18:26 Repeat$_Repeat$_fireFunction_Repeat_AddSubtract_Repeat.class
-rw-rw-r--   1 travis travis    810 Jul 21 18:26 Repeat$_Repeat$_fireFunction_Repeat_AddSubtract_Repeat$__f_sL_0.class
-rw-rw-r--   1 travis travis    928 Jul 21 18:26 Repeat$_Repeat$_fireFunction_Repeat_AddSubtract_Repeat$__f_sL_1.class
-rw-rw-r--   1 travis travis    934 Jul 21 18:26 Repeat$_Repeat$_fireFunction_Repeat_AddSubtract_Repeat$__f_sL_2.class
-rw-rw-r--   1 travis travis    862 Jul 21 18:26 Repeat$_Repeat$_fireFunction_Repeat_AddSubtract_Repeat$__f_sL_3.class
-rw-rw-r--   1 travis travis    757 Jul 21 18:26 Repeat$_Repeat$_fireFunction_Repeat_Ramp2_Repeat$__f_sL_0.class
-rw-rw-r--   1 travis travis    888 Jul 21 18:26 Repeat$_Repeat$_fireFunction_Repeat_Test_Repeat$__f_sL_0.class
-rw-rw-r--   1 travis travis    634 Jul 21 18:26 Repeat$_Repeat$_fireFunction_Repeat_Test_Repeat$__f_sL_1.class
-rw-rw-r--   1 travis travis    704 Jul 21 18:26 Repeat$_Repeat_SDF_Director_run_Repeat$__R_sL_0.class
-rw-rw-r--   1 travis travis    705 Jul 21 18:26 Repeat$_Repeat_SDF_Director_run_Repeat$__R_sL_11.class
-rw-rw-r--   1 travis travis    561 Jul 21 18:26 Repeat$_Repeat_SDF_Director_run_Repeat$__R_sL_13.class
-rw-rw-r--   1 travis travis    559 Jul 21 18:26 Repeat$_Repeat_SDF_Director_run_Repeat$__R_sL_2.class
-rw-rw-r--   1 travis travis    703 Jul 21 18:26 Repeat$_Repeat_SDF_Director_run_Repeat$__R_sL_3.class
-rw-rw-r--   1 travis travis    559 Jul 21 18:26 Repeat$_Repeat_SDF_Director_run_Repeat$__R_sL_5.class
-rw-rw-r--   1 travis travis    559 Jul 21 18:26 Repeat$_Repeat_SDF_Director_run_Repeat$__R_sL_8.class
drwxrwxr-x   2 travis travis   4096 Jul 21 18:26 RepeatVariables
-rw-rw-r--   1 travis travis    882 Jul 21 18:26 Repeat$_varinit_Repeat.class
-rw-rw-r--   1 travis travis    550 Jul 21 18:26 Repeat$_varinit_Repeat$__v_sL_2.class
-rw-rw-r--   1 travis travis    924 Jul 21 18:26 Repeat$_varinit_Repeat$__v_sL_4.class
-rw-rw-r--   1 travis travis    978 Jul 21 18:26 Repeat$_wrapup_Repeat$__w_sL_1.class
drwxrwxr-x   3 travis travis  20480 Jul 21 18:22 Sinewave
drwxrwxr-x   3 travis travis  32768 Jul 21 18:23 StringFunction
drwxrwxr-x   3 travis travis  12288 Jul 21 18:24 StringLength
drwxrwxr-x   3 travis travis  61440 Jul 21 18:24 StringMatches2
drwxrwxr-x   3 travis travis  61440 Jul 21 18:24 StringSimpleReplace
drwxrwxr-x   3 travis travis  65536 Jul 21 18:24 StringSubstring
drwxrwxr-x   3 travis travis  24576 Jul 21 18:25 StringSubstring2
drwxrwxr-x   3 travis travis  16384 Jul 21 18:25 time1
drwxrwxr-x   3 travis travis  12288 Jul 21 18:26 time5
-rw-rw-r--   1 travis travis    432 Jul 21 18:28 Token.class
-rw-rw-r--   1 travis travis    251 Jul 21 18:28 Token.java
-rwxrwxr-x   1 travis travis 466992 Jul 21 18:18 top
-rw-rw-r--   1 travis travis  20502 Jul 21 18:18 top.c
-rw-rw-r--   1 travis travis   3799 Jul 21 18:26 top.class
-rw-rw-r--   1 travis travis   1257 Jul 21 18:26 top.mk
All Done
Writing ModularCodeGenPubSub2_A1_A.java in file:/home/travis/cg/ (8578 characters)
Reading "ptolemy/cg/kernel/generic/program/procedural/java/modular/makefile.in",
    writing "/home/travis/cg/ModularCodeGenPubSub2_A1_A.mk"
Using ptolemy/cg/kernel/generic/program/procedural/java/modular/makefile.in
In "/home/travis/cg", about to execute:
    make -f ModularCodeGenPubSub2_A1_A.mk
javac -classpath ".:.."    ModularCodeGenPubSub2_A1_A.java
All Done
In "/home/travis/cg", about to execute:
    pwd
/home/travis/cg
In "/home/travis/cg", about to execute:
    ls -l
total 2464
drwxrwxr-x   3 travis travis  12288 Jul 21 18:20 AbsoluteValue
drwxrwxr-x   3 travis travis 102400 Jul 21 18:19 AllColt
-rw-rw-r--   1 travis travis    233 Jul 21 18:28 Array.class
-rw-rw-r--   1 travis travis    459 Jul 21 18:28 Array.java
drwxrwxr-x   3 travis travis  12288 Jul 21 18:19 Case1
-rw-rw-r--   1 travis travis   5128 Jul 21 18:26 CompiledCompositeActor_CompiledCompositeActor.class
-rw-rw-r--   1 travis travis   1611 Jul 21 18:26 CompiledCompositeActor_CompiledCompositeActor$_CompiledCompositeActor_CompiledCompositeActor.class
-rw-rw-r--   1 travis travis  13466 Jul 21 18:26 CompiledCompositeActor_CompiledCompositeActor.java
-rw-rw-r--   1 travis travis   1593 Jul 21 18:26 CompiledCompositeActor_CompiledCompositeActor.mk
drwxrwxr-x   5 travis travis   4096 Jul 21 18:18 fmi
drwxrwxr-x   3 travis travis  16384 Jul 21 18:20 Gaussian2
-rw-rw-r--   1 travis travis   4684 Jul 21 18:26 JavaCompiledCompositeTest1_CompiledCompositeActor.class
-rw-rw-r--   1 travis travis  11637 Jul 21 18:26 JavaCompiledCompositeTest1_CompiledCompositeActor.java
-rw-rw-r--   1 travis travis   1217 Jul 21 18:26 JavaCompiledCompositeTest1_CompiledCompositeActor$_JavaCompiledCompositeTest1_CompiledCompositeActor.class
-rw-rw-r--   1 travis travis   1625 Jul 21 18:26 JavaCompiledCompositeTest1_CompiledCompositeActor.mk
-rw-rw-r--   1 travis travis   5115 Jul 21 18:26 JavaCompiledCompositeTest2_CompiledCompositeActor.class
-rw-rw-r--   1 travis travis  14919 Jul 21 18:26 JavaCompiledCompositeTest2_CompiledCompositeActor.java
-rw-rw-r--   1 travis travis   1812 Jul 21 18:26 JavaCompiledCompositeTest2_CompiledCompositeActor$_JavaCompiledCompositeTest2_CompiledCompositeActor.class
-rw-rw-r--   1 travis travis   1625 Jul 21 18:26 JavaCompiledCompositeTest2_CompiledCompositeActor.mk
-rw-rw-r--   1 travis travis   4732 Jul 21 18:26 JavaCompiledCompositeTest3_CompiledCompositeActor.class
-rw-rw-r--   1 travis travis  13080 Jul 21 18:26 JavaCompiledCompositeTest3_CompiledCompositeActor.java
-rw-rw-r--   1 travis travis   1397 Jul 21 18:26 JavaCompiledCompositeTest3_CompiledCompositeActor$_JavaCompiledCompositeTest3_CompiledCompositeActor.class
-rw-rw-r--   1 travis travis   1625 Jul 21 18:26 JavaCompiledCompositeTest3_CompiledCompositeActor.mk
-rw-rw-r--   1 travis travis   4183 Jul 21 18:26 JavaCompiledCompositeTest4_CompiledCompositeActor.class
-rw-rw-r--   1 travis travis   9687 Jul 21 18:26 JavaCompiledCompositeTest4_CompiledCompositeActor.java
-rw-rw-r--   1 travis travis    876 Jul 21 18:26 JavaCompiledCompositeTest4_CompiledCompositeActor$_JavaCompiledCompositeTest4_CompiledCompositeActor.class
-rw-rw-r--   1 travis travis   1625 Jul 21 18:26 JavaCompiledCompositeTest4_CompiledCompositeActor.mk
drwxrwxr-x   3 travis travis  12288 Jul 21 18:21 LookupTable
drwxrwxr-x   3 travis travis  20480 Jul 21 18:21 MaxIndex
-rw-rw-r--   1 travis travis   3925 Jul 21 18:26 ModularCG_A1_B1.class
-rw-rw-r--   1 travis travis   9730 Jul 21 18:26 ModularCG_A1_B1.java
-rw-rw-r--   1 travis travis    832 Jul 21 18:26 ModularCG_A1_B1.mk
-rw-rw-r--   1 travis travis   1318 Jul 21 18:26 ModularCG_A1_B1_profile.class
-rw-rw-r--   1 travis travis   1262 Jul 21 18:26 ModularCG_A1_B1_profile.java
-rw-rw-r--   1 travis travis   3925 Jul 21 18:27 ModularCG_A1_B2.class
-rw-rw-r--   1 travis travis   9730 Jul 21 18:27 ModularCG_A1_B2.java
-rw-rw-r--   1 travis travis    832 Jul 21 18:27 ModularCG_A1_B2.mk
-rw-rw-r--   1 travis travis   1318 Jul 21 18:27 ModularCG_A1_B2_profile.class
-rw-rw-r--   1 travis travis   1262 Jul 21 18:26 ModularCG_A1_B2_profile.java
-rw-rw-r--   1 travis travis   5031 Jul 21 18:27 ModularCG_A1.class
-rw-rw-r--   1 travis travis  14742 Jul 21 18:27 ModularCG_A1.java
-rw-rw-r--   1 travis travis    808 Jul 21 18:27 ModularCG_A1.mk
-rw-rw-r--   1 travis travis   1433 Jul 21 18:27 ModularCG_A1_profile.class
-rw-rw-r--   1 travis travis   1704 Jul 21 18:27 ModularCG_A1_profile.java
-rw-rw-r--   1 travis travis   4059 Jul 21 18:27 ModularCG_A2_B1.class
-rw-rw-r--   1 travis travis  10667 Jul 21 18:27 ModularCG_A2_B1.java
-rw-rw-r--   1 travis travis    832 Jul 21 18:27 ModularCG_A2_B1.mk
-rw-rw-r--   1 travis travis   1381 Jul 21 18:27 ModularCG_A2_B1_profile.class
-rw-rw-r--   1 travis travis   1446 Jul 21 18:27 ModularCG_A2_B1_profile.java
-rw-rw-r--   1 travis travis   3925 Jul 21 18:27 ModularCG_A2_B2.class
-rw-rw-r--   1 travis travis   9730 Jul 21 18:27 ModularCG_A2_B2.java
-rw-rw-r--   1 travis travis    832 Jul 21 18:27 ModularCG_A2_B2.mk
-rw-rw-r--   1 travis travis   1318 Jul 21 18:27 ModularCG_A2_B2_profile.class
-rw-rw-r--   1 travis travis   1262 Jul 21 18:27 ModularCG_A2_B2_profile.java
-rw-rw-r--   1 travis travis   5102 Jul 21 18:27 ModularCG_A2.class
-rw-rw-r--   1 travis travis  15129 Jul 21 18:27 ModularCG_A2.java
-rw-rw-r--   1 travis travis    808 Jul 21 18:27 ModularCG_A2.mk
-rw-rw-r--   1 travis travis   1433 Jul 21 18:27 ModularCG_A2_profile.class
-rw-rw-r--   1 travis travis   1704 Jul 21 18:27 ModularCG_A2_profile.java
-rw-rw-r--   1 travis travis   3705 Jul 21 18:27 ModularCGPubSub_A1_A2.class
-rw-rw-r--   1 travis travis   9076 Jul 21 18:27 ModularCGPubSub_A1_A2.java
-rw-rw-r--   1 travis travis    880 Jul 21 18:27 ModularCGPubSub_A1_A2.mk
-rw-rw-r--   1 travis travis   1300 Jul 21 18:27 ModularCGPubSub_A1_A2_profile.class
-rw-rw-r--   1 travis travis   1222 Jul 21 18:27 ModularCGPubSub_A1_A2_profile.java
-rw-rw-r--   1 travis travis   4022 Jul 21 18:27 ModularCGPubSub_A1.class
-rw-rw-r--   1 travis travis   9836 Jul 21 18:27 ModularCGPubSub_A1.java
-rw-rw-r--   1 travis travis    856 Jul 21 18:27 ModularCGPubSub_A1.mk
-rw-rw-r--   1 travis travis   1346 Jul 21 18:27 ModularCGPubSub_A1_profile.class
-rw-rw-r--   1 travis travis   1388 Jul 21 18:27 ModularCGPubSub_A1_profile.java
-rw-rw-r--   1 travis travis   4220 Jul 21 18:27 ModularCodeGen2_ModularCodeGenTypedCompositeActor.class
-rw-rw-r--   1 travis travis  11690 Jul 21 18:27 ModularCodeGen2_ModularCodeGenTypedCompositeActor.java
-rw-rw-r--   1 travis travis   1104 Jul 21 18:27 ModularCodeGen2_ModularCodeGenTypedCompositeActor.mk
-rw-rw-r--   1 travis travis   4504 Jul 21 18:27 ModularCodeGen2_ModularCodeGenTypedCompositeActor_ModularCodeGenTypedCompositeActor.class
-rw-rw-r--   1 travis travis  11790 Jul 21 18:27 ModularCodeGen2_ModularCodeGenTypedCompositeActor_ModularCodeGenTypedCompositeActor.java
-rw-rw-r--   1 travis travis   1376 Jul 21 18:27 ModularCodeGen2_ModularCodeGenTypedCompositeActor_ModularCodeGenTypedCompositeActor.mk
-rw-rw-r--   1 travis travis   1421 Jul 21 18:27 ModularCodeGen2_ModularCodeGenTypedCompositeActor_ModularCodeGenTypedCompositeActor_profile.class
-rw-rw-r--   1 travis travis   1294 Jul 21 18:27 ModularCodeGen2_ModularCodeGenTypedCompositeActor_ModularCodeGenTypedCompositeActor_profile.java
-rw-rw-r--   1 travis travis    820 Jul 21 18:27 ModularCodeGen2_ModularCodeGenTypedCompositeActor_profile.class
-rw-rw-r--   1 travis travis    693 Jul 21 18:27 ModularCodeGen2_ModularCodeGenTypedCompositeActor_profile.java
-rw-rw-r--   1 travis travis   3973 Jul 21 18:27 ModularCodeGen3_A1_B1.class
-rw-rw-r--   1 travis travis   9958 Jul 21 18:27 ModularCodeGen3_A1_B1.java
-rw-rw-r--   1 travis travis    880 Jul 21 18:27 ModularCodeGen3_A1_B1.mk
-rw-rw-r--   1 travis travis   1330 Jul 21 18:27 ModularCodeGen3_A1_B1_profile.class
-rw-rw-r--   1 travis travis   1274 Jul 21 18:27 ModularCodeGen3_A1_B1_profile.java
-rw-rw-r--   1 travis travis   3973 Jul 21 18:27 ModularCodeGen3_A1_B2.class
-rw-rw-r--   1 travis travis   9958 Jul 21 18:27 ModularCodeGen3_A1_B2.java
-rw-rw-r--   1 travis travis    880 Jul 21 18:27 ModularCodeGen3_A1_B2.mk
-rw-rw-r--   1 travis travis   1330 Jul 21 18:27 ModularCodeGen3_A1_B2_profile.class
-rw-rw-r--   1 travis travis   1274 Jul 21 18:27 ModularCodeGen3_A1_B2_profile.java
-rw-rw-r--   1 travis travis   5193 Jul 21 18:27 ModularCodeGen3_A1.class
-rw-rw-r--   1 travis travis  15564 Jul 21 18:27 ModularCodeGen3_A1.java
-rw-rw-r--   1 travis travis    856 Jul 21 18:27 ModularCodeGen3_A1.mk
-rw-rw-r--   1 travis travis   1445 Jul 21 18:27 ModularCodeGen3_A1_profile.class
-rw-rw-r--   1 travis travis   1716 Jul 21 18:27 ModularCodeGen3_A1_profile.java
-rw-rw-r--   1 travis travis   4119 Jul 21 18:27 ModularCodeGen3_A2_B1.class
-rw-rw-r--   1 travis travis  10955 Jul 21 18:27 ModularCodeGen3_A2_B1.java
-rw-rw-r--   1 travis travis    880 Jul 21 18:27 ModularCodeGen3_A2_B1.mk
-rw-rw-r--   1 travis travis   1393 Jul 21 18:27 ModularCodeGen3_A2_B1_profile.class
-rw-rw-r--   1 travis travis   1458 Jul 21 18:27 ModularCodeGen3_A2_B1_profile.java
-rw-rw-r--   1 travis travis   3973 Jul 21 18:27 ModularCodeGen3_A2_B2.class
-rw-rw-r--   1 travis travis   9958 Jul 21 18:27 ModularCodeGen3_A2_B2.java
-rw-rw-r--   1 travis travis    880 Jul 21 18:27 ModularCodeGen3_A2_B2.mk
-rw-rw-r--   1 travis travis   1330 Jul 21 18:27 ModularCodeGen3_A2_B2_profile.class
-rw-rw-r--   1 travis travis   1274 Jul 21 18:27 ModularCodeGen3_A2_B2_profile.java
-rw-rw-r--   1 travis travis   5270 Jul 21 18:27 ModularCodeGen3_A2.class
-rw-rw-r--   1 travis travis  15957 Jul 21 18:27 ModularCodeGen3_A2.java
-rw-rw-r--   1 travis travis    856 Jul 21 18:27 ModularCodeGen3_A2.mk
-rw-rw-r--   1 travis travis   1445 Jul 21 18:27 ModularCodeGen3_A2_profile.class
-rw-rw-r--   1 travis travis   1716 Jul 21 18:27 ModularCodeGen3_A2_profile.java
-rw-rw-r--   1 travis travis   4026 Jul 21 18:27 ModularCodeGen4_A1_B1.class
-rw-rw-r--   1 travis travis  10312 Jul 21 18:27 ModularCodeGen4_A1_B1.java
-rw-rw-r--   1 travis travis    880 Jul 21 18:27 ModularCodeGen4_A1_B1.mk
-rw-rw-r--   1 travis travis   1330 Jul 21 18:27 ModularCodeGen4_A1_B1_profile.class
-rw-rw-r--   1 travis travis   1273 Jul 21 18:27 ModularCodeGen4_A1_B1_profile.java
-rw-rw-r--   1 travis travis   4026 Jul 21 18:28 ModularCodeGen4_A1_B2.class
-rw-rw-r--   1 travis travis  10312 Jul 21 18:28 ModularCodeGen4_A1_B2.java
-rw-rw-r--   1 travis travis    880 Jul 21 18:28 ModularCodeGen4_A1_B2.mk
-rw-rw-r--   1 travis travis   1330 Jul 21 18:28 ModularCodeGen4_A1_B2_profile.class
-rw-rw-r--   1 travis travis   1273 Jul 21 18:27 ModularCodeGen4_A1_B2_profile.java
-rw-rw-r--   1 travis travis   5333 Jul 21 18:28 ModularCodeGen4_A1.class
-rw-rw-r--   1 travis travis  16245 Jul 21 18:28 ModularCodeGen4_A1.java
-rw-rw-r--   1 travis travis    856 Jul 21 18:28 ModularCodeGen4_A1.mk
-rw-rw-r--   1 travis travis   1445 Jul 21 18:28 ModularCodeGen4_A1_profile.class
-rw-rw-r--   1 travis travis   1712 Jul 21 18:28 ModularCodeGen4_A1_profile.java
-rw-rw-r--   1 travis travis   4220 Jul 21 18:28 ModularCodeGen4_A2_B1.class
-rw-rw-r--   1 travis travis  11375 Jul 21 18:28 ModularCodeGen4_A2_B1.java
-rw-rw-r--   1 travis travis    880 Jul 21 18:28 ModularCodeGen4_A2_B1.mk
-rw-rw-r--   1 travis travis   1393 Jul 21 18:28 ModularCodeGen4_A2_B1_profile.class
-rw-rw-r--   1 travis travis   1454 Jul 21 18:28 ModularCodeGen4_A2_B1_profile.java
-rw-rw-r--   1 travis travis   4074 Jul 21 18:28 ModularCodeGen4_A2_B2.class
-rw-rw-r--   1 travis travis  10378 Jul 21 18:28 ModularCodeGen4_A2_B2.java
-rw-rw-r--   1 travis travis    880 Jul 21 18:28 ModularCodeGen4_A2_B2.mk
-rw-rw-r--   1 travis travis   1330 Jul 21 18:28 ModularCodeGen4_A2_B2_profile.class
-rw-rw-r--   1 travis travis   1270 Jul 21 18:28 ModularCodeGen4_A2_B2_profile.java
-rw-rw-r--   1 travis travis   5506 Jul 21 18:28 ModularCodeGen4_A2.class
-rw-rw-r--   1 travis travis  16770 Jul 21 18:28 ModularCodeGen4_A2.java
-rw-rw-r--   1 travis travis    856 Jul 21 18:28 ModularCodeGen4_A2.mk
-rw-rw-r--   1 travis travis   1445 Jul 21 18:28 ModularCodeGen4_A2_profile.class
-rw-rw-r--   1 travis travis   1712 Jul 21 18:28 ModularCodeGen4_A2_profile.java
-rw-rw-r--   1 travis travis   7070 Jul 21 18:28 ModularCodeGen5_A_A.class
-rw-rw-r--   1 travis travis  28721 Jul 21 18:28 ModularCodeGen5_A_A.java
-rw-rw-r--   1 travis travis    864 Jul 21 18:28 ModularCodeGen5_A_A.mk
-rw-rw-r--   1 travis travis   1520 Jul 21 18:28 ModularCodeGen5_A_A_profile.class
-rw-rw-r--   1 travis travis   1815 Jul 21 18:28 ModularCodeGen5_A_A_profile.java
-rw-rw-r--   1 travis travis   5347 Jul 21 18:28 ModularCodeGen5_A.class
-rw-rw-r--   1 travis travis  13769 Jul 21 18:28 ModularCodeGen5_A.java
-rw-rw-r--   1 travis travis    848 Jul 21 18:28 ModularCodeGen5_A.mk
-rw-rw-r--   1 travis travis   1422 Jul 21 18:28 ModularCodeGen5_A_profile.class
-rw-rw-r--   1 travis travis   1605 Jul 21 18:28 ModularCodeGen5_A_profile.java
-rw-rw-r--   1 travis travis   4357 Jul 21 18:28 ModularCodeGen6_A_A2.class
-rw-rw-r--   1 travis travis  11329 Jul 21 18:28 ModularCodeGen6_A_A2.java
-rw-rw-r--   1 travis travis    872 Jul 21 18:28 ModularCodeGen6_A_A2.mk
-rw-rw-r--   1 travis travis   1351 Jul 21 18:28 ModularCodeGen6_A_A2_profile.class
-rw-rw-r--   1 travis travis   1364 Jul 21 18:28 ModularCodeGen6_A_A2_profile.java
-rw-rw-r--   1 travis travis   4340 Jul 21 18:28 ModularCodeGen6_A_A.class
-rw-rw-r--   1 travis travis  11221 Jul 21 18:28 ModularCodeGen6_A_A.java
-rw-rw-r--   1 travis travis    864 Jul 21 18:28 ModularCodeGen6_A_A.mk
-rw-rw-r--   1 travis travis   1348 Jul 21 18:28 ModularCodeGen6_A_A_profile.class
-rw-rw-r--   1 travis travis   1361 Jul 21 18:28 ModularCodeGen6_A_A_profile.java
-rw-rw-r--   1 travis travis   7469 Jul 21 18:28 ModularCodeGen6_A.class
-rw-rw-r--   1 travis travis  26535 Jul 21 18:28 ModularCodeGen6_A.java
-rw-rw-r--   1 travis travis    848 Jul 21 18:28 ModularCodeGen6_A.mk
-rw-rw-r--   1 travis travis   1483 Jul 21 18:28 ModularCodeGen6_A_profile.class
-rw-rw-r--   1 travis travis   1810 Jul 21 18:28 ModularCodeGen6_A_profile.java
-rw-rw-r--   1 travis travis   9633 Jul 21 18:28 ModularCodeGenLazyPubSubGlobal_CompositeActor_ModularCodeGenTypedComposite.class
-rw-rw-r--   1 travis travis  30161 Jul 21 18:28 ModularCodeGenLazyPubSubGlobal_CompositeActor_ModularCodeGenTypedComposite.java
-rw-rw-r--   1 travis travis   1304 Jul 21 18:28 ModularCodeGenLazyPubSubGlobal_CompositeActor_ModularCodeGenTypedComposite.mk
-rw-rw-r--   1 travis travis   1438 Jul 21 18:28 ModularCodeGenLazyPubSubGlobal_CompositeActor_ModularCodeGenTypedComposite_profile.class
-rw-rw-r--   1 travis travis   1384 Jul 21 18:28 ModularCodeGenLazyPubSubGlobal_CompositeActor_ModularCodeGenTypedComposite_profile.java
-rw-rw-r--   1 travis travis   4184 Jul 21 18:28 ModularCodeGenLazyPubSub_LazyCompositeActor.class
-rw-rw-r--   1 travis travis  11122 Jul 21 18:28 ModularCodeGenLazyPubSub_LazyCompositeActor.java
-rw-rw-r--   1 travis travis   1056 Jul 21 18:28 ModularCodeGenLazyPubSub_LazyCompositeActor.mk
-rw-rw-r--   1 travis travis   1286 Jul 21 18:28 ModularCodeGenLazyPubSub_LazyCompositeActor_profile.class
-rw-rw-r--   1 travis travis   1091 Jul 21 18:28 ModularCodeGenLazyPubSub_LazyCompositeActor_profile.java
-rw-rw-r--   1 travis travis   4186 Jul 21 18:27 ModularCodeGen_ModularCodeGenTypedCompositeActor.class
-rw-rw-r--   1 travis travis  10970 Jul 21 18:27 ModularCodeGen_ModularCodeGenTypedCompositeActor.java
-rw-rw-r--   1 travis travis   1096 Jul 21 18:27 ModularCodeGen_ModularCodeGenTypedCompositeActor.mk
-rw-rw-r--   1 travis travis   1384 Jul 21 18:27 ModularCodeGen_ModularCodeGenTypedCompositeActor_profile.class
-rw-rw-r--   1 travis travis   1328 Jul 21 18:27 ModularCodeGen_ModularCodeGenTypedCompositeActor_profile.java
-rw-rw-r--   1 travis travis   3673 Jul 21 18:28 ModularCodeGenPubSub2_A1_A.class
-rw-rw-r--   1 travis travis   8578 Jul 21 18:28 ModularCodeGenPubSub2_A1_A.java
-rw-rw-r--   1 travis travis    920 Jul 21 18:28 ModularCodeGenPubSub2_A1_A.mk
-rw-rw-r--   1 travis travis   1274 Jul 21 18:28 ModularCodeGenPubSub2_A1_A_profile.class
-rw-rw-r--   1 travis travis   1128 Jul 21 18:28 ModularCodeGenPubSub2_A1_A_profile.java
-rw-rw-r--   1 travis travis   1196 Jul 21 18:28 ModularCodeGenPubSub2_A1_profile.java
-rw-rw-r--   1 travis travis   3707 Jul 21 18:28 ModularCodeGenPubSub_A1.class
-rw-rw-r--   1 travis travis   9060 Jul 21 18:28 ModularCodeGenPubSub_A1.java
-rw-rw-r--   1 travis travis    896 Jul 21 18:28 ModularCodeGenPubSub_A1.mk
-rw-rw-r--   1 travis travis   1278 Jul 21 18:28 ModularCodeGenPubSub_A1_profile.class
-rw-rw-r--   1 travis travis   1195 Jul 21 18:28 ModularCodeGenPubSub_A1_profile.java
-rw-rw-r--   1 travis travis   3724 Jul 21 18:26 ModularCodeGenTest_A1_A2.class
-rw-rw-r--   1 travis travis   9164 Jul 21 18:26 ModularCodeGenTest_A1_A2.java
-rw-rw-r--   1 travis travis   1306 Jul 21 18:26 ModularCodeGenTest_A1_A2_profile.class
-rw-rw-r--   1 travis travis   4055 Jul 21 18:26 ModularCodeGenTest_A1.class
-rw-rw-r--   1 travis travis   9968 Jul 21 18:26 ModularCodeGenTest_A1.java
-rw-rw-r--   1 travis travis    880 Jul 21 18:26 ModularCodeGenTest_A1.mk
-rw-rw-r--   1 travis travis   1352 Jul 21 18:26 ModularCodeGenTest_A1_profile.class
-rw-rw-r--   1 travis travis   1394 Jul 21 18:26 ModularCodeGenTest_A1_profile.java
drwxrwxr-x   3 travis travis  32768 Jul 21 18:26 modulation2
drwxrwxr-x 139 travis travis  12288 Jul 21 18:26 node_modules
drwxrwxr-x   3 travis travis  20480 Jul 21 18:21 PhaseUnwrap
drwxrwxr-x   3 travis travis  12288 Jul 21 18:22 ReadFile1
-rw-rw-r--   1 travis travis     11 Jul 21 18:21 ReadFile1Output.txt
-rw-rw-r--   1 travis travis  13773 Jul 21 18:26 Repeat.class
-rw-rw-r--   1 travis travis    685 Jul 21 18:26 Repeat$_fireFunction_Repeat_Repeat$__f_sL_11.class
-rw-rw-r--   1 travis travis    541 Jul 21 18:26 Repeat$_fireFunction_Repeat_Repeat$__f_sL_12.class
-rw-rw-r--   1 travis travis    541 Jul 21 18:26 Repeat$_fireFunction_Repeat_Repeat$__f_sL_13.class
-rw-rw-r--   1 travis travis    541 Jul 21 18:26 Repeat$_fireFunction_Repeat_Repeat$__f_sL_14.class
-rw-rw-r--   1 travis travis    684 Jul 21 18:26 Repeat$_fireFunction_Repeat_Repeat$__f_sL_1.class
-rw-rw-r--   1 travis travis    683 Jul 21 18:26 Repeat$_fireFunction_Repeat_Repeat$__f_sL_4.class
-rw-rw-r--   1 travis travis    539 Jul 21 18:26 Repeat$_fireFunction_Repeat_Repeat$__f_sL_9.class
-rw-rw-r--   1 travis travis    494 Jul 21 18:26 Repeat$_initialize_Repeat$__i_sL_2.class
-rw-rw-r--   1 travis travis   1281 Jul 21 18:26 Repeat.mk
-rw-rw-r--   1 travis travis    539 Jul 21 18:26 Repeat$_preinitializeMethod_Repeat$__p_sL_0.class
-rw-rw-r--   1 travis travis   1102 Jul 21 18:26 Repeat$_Repeat$_fireFunction_Repeat_AddSubtract_Repeat.class
-rw-rw-r--   1 travis travis    810 Jul 21 18:26 Repeat$_Repeat$_fireFunction_Repeat_AddSubtract_Repeat$__f_sL_0.class
-rw-rw-r--   1 travis travis    928 Jul 21 18:26 Repeat$_Repeat$_fireFunction_Repeat_AddSubtract_Repeat$__f_sL_1.class
-rw-rw-r--   1 travis travis    934 Jul 21 18:26 Repeat$_Repeat$_fireFunction_Repeat_AddSubtract_Repeat$__f_sL_2.class
-rw-rw-r--   1 travis travis    862 Jul 21 18:26 Repeat$_Repeat$_fireFunction_Repeat_AddSubtract_Repeat$__f_sL_3.class
-rw-rw-r--   1 travis travis    757 Jul 21 18:26 Repeat$_Repeat$_fireFunction_Repeat_Ramp2_Repeat$__f_sL_0.class
-rw-rw-r--   1 travis travis    888 Jul 21 18:26 Repeat$_Repeat$_fireFunction_Repeat_Test_Repeat$__f_sL_0.class
-rw-rw-r--   1 travis travis    634 Jul 21 18:26 Repeat$_Repeat$_fireFunction_Repeat_Test_Repeat$__f_sL_1.class
-rw-rw-r--   1 travis travis    704 Jul 21 18:26 Repeat$_Repeat_SDF_Director_run_Repeat$__R_sL_0.class
-rw-rw-r--   1 travis travis    705 Jul 21 18:26 Repeat$_Repeat_SDF_Director_run_Repeat$__R_sL_11.class
-rw-rw-r--   1 travis travis    561 Jul 21 18:26 Repeat$_Repeat_SDF_Director_run_Repeat$__R_sL_13.class
-rw-rw-r--   1 travis travis    559 Jul 21 18:26 Repeat$_Repeat_SDF_Director_run_Repeat$__R_sL_2.class
-rw-rw-r--   1 travis travis    703 Jul 21 18:26 Repeat$_Repeat_SDF_Director_run_Repeat$__R_sL_3.class
-rw-rw-r--   1 travis travis    559 Jul 21 18:26 Repeat$_Repeat_SDF_Director_run_Repeat$__R_sL_5.class
-rw-rw-r--   1 travis travis    559 Jul 21 18:26 Repeat$_Repeat_SDF_Director_run_Repeat$__R_sL_8.class
drwxrwxr-x   2 travis travis   4096 Jul 21 18:26 RepeatVariables
-rw-rw-r--   1 travis travis    882 Jul 21 18:26 Repeat$_varinit_Repeat.class
-rw-rw-r--   1 travis travis    550 Jul 21 18:26 Repeat$_varinit_Repeat$__v_sL_2.class
-rw-rw-r--   1 travis travis    924 Jul 21 18:26 Repeat$_varinit_Repeat$__v_sL_4.class
-rw-rw-r--   1 travis travis    978 Jul 21 18:26 Repeat$_wrapup_Repeat$__w_sL_1.class
drwxrwxr-x   3 travis travis  20480 Jul 21 18:22 Sinewave
drwxrwxr-x   3 travis travis  32768 Jul 21 18:23 StringFunction
drwxrwxr-x   3 travis travis  12288 Jul 21 18:24 StringLength
drwxrwxr-x   3 travis travis  61440 Jul 21 18:24 StringMatches2
drwxrwxr-x   3 travis travis  61440 Jul 21 18:24 StringSimpleReplace
drwxrwxr-x   3 travis travis  65536 Jul 21 18:24 StringSubstring
drwxrwxr-x   3 travis travis  24576 Jul 21 18:25 StringSubstring2
drwxrwxr-x   3 travis travis  16384 Jul 21 18:25 time1
drwxrwxr-x   3 travis travis  12288 Jul 21 18:26 time5
-rw-rw-r--   1 travis travis    432 Jul 21 18:28 Token.class
-rw-rw-r--   1 travis travis    251 Jul 21 18:28 Token.java
-rwxrwxr-x   1 travis travis 466992 Jul 21 18:18 top
-rw-rw-r--   1 travis travis  20502 Jul 21 18:18 top.c
-rw-rw-r--   1 travis travis   3799 Jul 21 18:26 top.class
-rw-rw-r--   1 travis travis   1257 Jul 21 18:26 top.mk
In "/home/travis/cg", about to execute:
    javac -classpath
.:/home/travis/build/icyphy/ptII:/home/travis/build/icyphy/ptII/lib/bsh-2.0b4.j
ar:/home/travis/build/icyphy/ptII/lib/ptCal.jar:/home/travis/build/icyphy/ptII/
lib/java_cup.jar:/home/travis/build/icyphy/ptII/lib/saxon8.jar:/home/travis/bui
ld/icyphy/ptII/lib/saxon8-dom.jar:/home/travis/build/icyphy/ptII/lib/chic.jar:/
home/travis/build/icyphy/ptII/lib/ptcolt.jar:/home/travis/build/icyphy/ptII/ven
dors/misc/itext/iText.jar:/home/travis/build/icyphy/ptII/lib/g4ltl.jar:/home/tr
avis/build/icyphy/ptII/lib/StructuralCoder.jar:/home/travis/build/icyphy/ptII/l
ib/jcerti.jar:/home/travis/build/icyphy/ptII/lib/javax.mail.jar:/home/travis/bu
ild/icyphy/ptII/vendors/JMF-2.1.1e/lib/jmf.jar:/home/travis/build/icyphy/ptII/l
ib/jna-4.0.0-variadic.jar:/home/travis/build/icyphy/ptII/vendors/misc/joystick/
Joystick.jar:/home/travis/build/icyphy/ptII/lib/ptjacl.jar:/home/travis/build/i
cyphy/ptII/lib/jsoup-1.8.2.jar:/home/travis/build/icyphy/ptII/lib/junit-4.8.2.j
ar:/home/travis/build/icyphy/ptII/lib/JUnitParams-0.4.0.jar:/home/travis/build/
icyphy/ptII/ptolemy/actor/lib/excel/jxl.jar:/home/travis/build/icyphy/ptII/lib/
jython.jar:/home/travis/build/icyphy/ptII/lib/kieler.jar:/home/travis/build/icy
phy/ptII/vendors/opencv/share/OpenCV/java/opencv-341.jar:/home/travis/build/icy
phy/ptII/lib/oscP5.jar:/home/travis/build/icyphy/ptII/lib/nrjavaserial-3.11.0.d
evel.jar:/home/travis/build/icyphy/ptII/vendors/j3d/lib/Linux/j3dcore.jar:/home
/travis/build/icyphy/ptII/vendors/j3d/lib/Linux/j3dutils.jar:/home/travis/build
/icyphy/ptII/vendors/j3d/lib/Linux/vecmath.jar:/home/travis/build/icyphy/ptII/v
endors/jogl/lib/Linux/gluegen-rt-natives-linux-amd64.jar:/home/travis/build/icy
phy/ptII/vendors/jogl/lib/Linux/gluegen-rt.jar:/home/travis/build/icyphy/ptII/v
endors/jogl/lib/Linux/jogl-all-natives-linux-amd64.jar:/home/travis/build/icyph
y/ptII/vendors/jogl/lib/Linux/jogl-all.jar:/home/travis/build/icyphy/ptII/ptole
my/distributed/jini/jar/jini-core.jar:/home/travis/build/icyphy/ptII/ptolemy/di
stributed/jini/jar/jini-ext.jar:/home/travis/build/icyphy/ptII/ptolemy/distribu
ted/jini/jar/sun-util.jar:/home/travis/build/icyphy/ptII/lib/protobuf-java-2.4.
1.jar:/home/travis/build/icyphy/ptII/lib/org.eclipse.paho.client.mqttv3.jar:/ho
me/travis/build/icyphy/ptII/lib/mapss.jar:/home/travis/build/icyphy/ptII/ptolem
y/actor/ptalon/antlr/antlr.jar:/home/travis/build/icyphy/ptII/lib/JRI.jar:/home
/travis/build/icyphy/ptII/lib/commons-lang-2.6.jar:/home/travis/build/icyphy/pt
II/lib/commons-logging-1.1.1.jar:/home/travis/build/icyphy/ptII/lib/sootclasses
.jar:/home/travis/build/icyphy/ptII/ptolemy/actor/lib/database/mysql-connector-
java-5.1.6-bin.jar:/home/travis/build/icyphy/ptII/vendors/misc/sphinx4/sphinx4-
data-5prealpha.jar:/home/travis/build/icyphy/ptII/vendors/misc/sphinx4/sphinx4-
core-5prealpha.jar:/home/travis/build/icyphy/ptII/lib/PDFRenderer.jar:/home/tra
vis/build/icyphy/ptII/lib/svgSalamander.jar:/home/travis/build/icyphy/ptII/lib/
rsyntaxtextarea-2.6.0-SNAPSHOT.jar:/home/travis/build/icyphy/ptII/lib/hazelcast
-3.8.2.jar:/home/travis/build/icyphy/ptII/lib/jackson-annotations-2.9.0.jar:/ho
me/travis/build/icyphy/ptII/lib/jackson-core-2.9.3.jar:/home/travis/build/icyph
y/ptII/lib/jackson-databind-2.9.3.jar:/home/travis/build/icyphy/ptII/lib/netty-
buffer-4.1.19.Final.jar:/home/travis/build/icyphy/ptII/lib/netty-codec-4.1.19.F
inal.jar:/home/travis/build/icyphy/ptII/lib/netty-codec-dns-4.1.19.Final.jar:/h
ome/travis/build/icyphy/ptII/lib/netty-codec-http-4.1.19.Final.jar:/home/travis
/build/icyphy/ptII/lib/netty-codec-http2-4.1.19.Final.jar:/home/travis/build/ic
yphy/ptII/lib/netty-common-4.1.19.Final.jar:/home/travis/build/icyphy/ptII/lib/
netty-handler-4.1.19.Final.jar:/home/travis/build/icyphy/ptII/lib/netty-resolve
r-4.1.19.Final.jar:/home/travis/build/icyphy/ptII/lib/netty-resolver-dns-4.1.19
.Final.jar:/home/travis/build/icyphy/ptII/lib/netty-transport-4.1.19.Final.jar:
/home/travis/build/icyphy/ptII/lib/vertx-codegen-3.5.1.jar:/home/travis/build/i
cyphy/ptII/lib/vertx-core-3.5.2-SNAPSHOT.jar:/home/travis/build/icyphy/ptII/lib
/vertx-hazelcast-3.5.1.jar:/home/travis/build/icyphy/ptII/lib/vertx-lang-js-3.5
.1.jar:/home/travis/build/icyphy/ptII/lib/vertx-service-proxy-3.5.1.jar:/home/t
ravis/build/icyphy/ptII/lib/vertx-web-3.5.1.jar:/home/travis/build/icyphy/ptII/
lib/slf4j-api-1.7.13.jar:/home/travis/build/icyphy/ptII/lib/slf4j-simple-1.7.13
.jar:/home/travis/build/icyphy/ptII/lib/webcam-capture-0.3.12.jar:/home/travis/
build/icyphy/ptII/lib/bridj-0.7.0.jar:/home/travis/build/icyphy/ptII/lib/xbjlib
-1.1.0.nrjavaserial.jar:/home/travis/build/icyphy/ptII/ptolemy/moml/test:/home/
travis/build/icyphy/ptII/ant/lib/ant-launcher.jar:/home/travis/build/icyphy/ptI
I/ant/lib/ant.jar:/home/travis/build/icyphy/ptII/ant/lib/ant-junit.jar:/home/tr
avis/build/icyphy/ptII/ant/lib/ant-junit4.jar:/home/travis/build/icyphy/ptII
ModularCodeGenPubSub2_A1_profile.java
All Done
Writing ModularCodeGenPubSub2_A1.java in file:/home/travis/cg/ (9781 characters)
Reading "ptolemy/cg/kernel/generic/program/procedural/java/modular/makefile.in",
    writing "/home/travis/cg/ModularCodeGenPubSub2_A1.mk"
Using ptolemy/cg/kernel/generic/program/procedural/java/modular/makefile.in
In "/home/travis/cg", about to execute:
    make -f ModularCodeGenPubSub2_A1.mk
javac -classpath ".:.."    ModularCodeGenPubSub2_A1.java
All Done
6759 ms. Memory: 145408K Free: 55288K (38%)
----------------- Invoking toplevel() on ptolemy.moml.MoMLSimpleApplication@222ec649
----------------- Done invoking toplevel() on ptolemy.moml.MoMLSimpleApplication@222ec649
reloadAllAccessors: .ModularCodeGenPubSub2

===========================================================================================
----------------- testing Sun Jul 21 18:28:51 UTC 2019 /home/travis/build/icyphy/ptII/ptolemy/cg/lib/test/auto/ModularCodeGenPubSub3.xml
----------------- Instantiating /home/travis/build/icyphy/ptII/ptolemy/cg/lib/test/auto/ModularCodeGenPubSub3.xml
In "/home/travis/cg", about to execute:
    pwd
In "/home/travis/cg", about to execute:
    ls -l
/home/travis/cg
In "/home/travis/cg", about to execute:
    javac -classpath
.:/home/travis/build/icyphy/ptII:/home/travis/build/icyphy/ptII/lib/bsh-2.0b4.j
ar:/home/travis/build/icyphy/ptII/lib/ptCal.jar:/home/travis/build/icyphy/ptII/
lib/java_cup.jar:/home/travis/build/icyphy/ptII/lib/saxon8.jar:/home/travis/bui
ld/icyphy/ptII/lib/saxon8-dom.jar:/home/travis/build/icyphy/ptII/lib/chic.jar:/
home/travis/build/icyphy/ptII/lib/ptcolt.jar:/home/travis/build/icyphy/ptII/ven
dors/misc/itext/iText.jar:/home/travis/build/icyphy/ptII/lib/g4ltl.jar:/home/tr
avis/build/icyphy/ptII/lib/StructuralCoder.jar:/home/travis/build/icyphy/ptII/l
ib/jcerti.jar:/home/travis/build/icyphy/ptII/lib/javax.mail.jar:/home/travis/bu
ild/icyphy/ptII/vendors/JMF-2.1.1e/lib/jmf.jar:/home/travis/build/icyphy/ptII/l
ib/jna-4.0.0-variadic.jar:/home/travis/build/icyphy/ptII/vendors/misc/joystick/
Joystick.jar:/home/travis/build/icyphy/ptII/lib/ptjacl.jar:/home/travis/build/i
cyphy/ptII/lib/jsoup-1.8.2.jar:/home/travis/build/icyphy/ptII/lib/junit-4.8.2.j
ar:/home/travis/build/icyphy/ptII/lib/JUnitParams-0.4.0.jar:/home/travis/build/
icyphy/ptII/ptolemy/actor/lib/excel/jxl.jar:/home/travis/build/icyphy/ptII/lib/
jython.jar:/home/travis/build/icyphy/ptII/lib/kieler.jar:/home/travis/build/icy
phy/ptII/vendors/opencv/share/OpenCV/java/opencv-341.jar:/home/travis/build/icy
phy/ptII/lib/oscP5.jar:/home/travis/build/icyphy/ptII/lib/nrjavaserial-3.11.0.d
evel.jar:/home/travis/build/icyphy/ptII/vendors/j3d/lib/Linux/j3dcore.jar:/home
/travis/build/icyphy/ptII/vendors/j3d/lib/Linux/j3dutils.jar:/home/travis/build
/icyphy/ptII/vendors/j3d/lib/Linux/vecmath.jar:/home/travis/build/icyphy/ptII/v
endors/jogl/lib/Linux/gluegen-rt-natives-linux-amd64.jar:/home/travis/build/icy
phy/ptII/vendors/jogl/lib/Linux/gluegen-rt.jar:/home/travis/build/icyphy/ptII/v
endors/jogl/lib/Linux/jogl-all-natives-linux-amd64.jar:/home/travis/build/icyph
y/ptII/vendors/jogl/lib/Linux/jogl-all.jar:/home/travis/build/icyphy/ptII/ptole
my/distributed/jini/jar/jini-core.jar:/home/travis/build/icyphy/ptII/ptolemy/di
stributed/jini/jar/jini-ext.jar:/home/travis/build/icyphy/ptII/ptolemy/distribu
ted/jini/jar/sun-util.jar:/home/travis/build/icyphy/ptII/lib/protobuf-java-2.4.
1.jar:/home/travis/build/icyphy/ptII/lib/org.eclipse.paho.client.mqttv3.jar:/ho
me/travis/build/icyphy/ptII/lib/mapss.jar:/home/travis/build/icyphy/ptII/ptolem
y/actor/ptalon/antlr/antlr.jar:/home/travis/build/icyphy/ptII/lib/JRI.jar:/home
/travis/build/icyphy/ptII/lib/commons-lang-2.6.jar:/home/travis/build/icyphy/pt
II/lib/commons-logging-1.1.1.jar:/home/travis/build/icyphy/ptII/lib/sootclasses
.jar:/home/travis/build/icyphy/ptII/ptolemy/actor/lib/database/mysql-connector-
java-5.1.6-bin.jar:/home/travis/build/icyphy/ptII/vendors/misc/sphinx4/sphinx4-
data-5prealpha.jar:/home/travis/build/icyphy/ptII/vendors/misc/sphinx4/sphinx4-
core-5prealpha.jar:/home/travis/build/icyphy/ptII/lib/PDFRenderer.jar:/home/tra
vis/build/icyphy/ptII/lib/svgSalamander.jar:/home/travis/build/icyphy/ptII/lib/
rsyntaxtextarea-2.6.0-SNAPSHOT.jar:/home/travis/build/icyphy/ptII/lib/hazelcast
-3.8.2.jar:/home/travis/build/icyphy/ptII/lib/jackson-annotations-2.9.0.jar:/ho
me/travis/build/icyphy/ptII/lib/jackson-core-2.9.3.jar:/home/travis/build/icyph
y/ptII/lib/jackson-databind-2.9.3.jar:/home/travis/build/icyphy/ptII/lib/netty-
buffer-4.1.19.Final.jar:/home/travis/build/icyphy/ptII/lib/netty-codec-4.1.19.F
inal.jar:/home/travis/build/icyphy/ptII/lib/netty-codec-dns-4.1.19.Final.jar:/h
ome/travis/build/icyphy/ptII/lib/netty-codec-http-4.1.19.Final.jar:/home/travis
/build/icyphy/ptII/lib/netty-codec-http2-4.1.19.Final.jar:/home/travis/build/ic
yphy/ptII/lib/netty-common-4.1.19.Final.jar:/home/travis/build/icyphy/ptII/lib/
netty-handler-4.1.19.Final.jar:/home/travis/build/icyphy/ptII/lib/netty-resolve
r-4.1.19.Final.jar:/home/travis/build/icyphy/ptII/lib/netty-resolver-dns-4.1.19
.Final.jar:/home/travis/build/icyphy/ptII/lib/netty-transport-4.1.19.Final.jar:
/home/travis/build/icyphy/ptII/lib/vertx-codegen-3.5.1.jar:/home/travis/build/i
cyphy/ptII/lib/vertx-core-3.5.2-SNAPSHOT.jar:/home/travis/build/icyphy/ptII/lib
/vertx-hazelcast-3.5.1.jar:/home/travis/build/icyphy/ptII/lib/vertx-lang-js-3.5
.1.jar:/home/travis/build/icyphy/ptII/lib/vertx-service-proxy-3.5.1.jar:/home/t
ravis/build/icyphy/ptII/lib/vertx-web-3.5.1.jar:/home/travis/build/icyphy/ptII/
lib/slf4j-api-1.7.13.jar:/home/travis/build/icyphy/ptII/lib/slf4j-simple-1.7.13
.jar:/home/travis/build/icyphy/ptII/lib/webcam-capture-0.3.12.jar:/home/travis/
build/icyphy/ptII/lib/bridj-0.7.0.jar:/home/travis/build/icyphy/ptII/lib/xbjlib
-1.1.0.nrjavaserial.jar:/home/travis/build/icyphy/ptII/ptolemy/moml/test:/home/
travis/build/icyphy/ptII/ant/lib/ant-launcher.jar:/home/travis/build/icyphy/ptI
I/ant/lib/ant.jar:/home/travis/build/icyphy/ptII/ant/lib/ant-junit.jar:/home/tr
avis/build/icyphy/ptII/ant/lib/ant-junit4.jar:/home/travis/build/icyphy/ptII
ModularCodeGenPubSub3_A1_A2_profile.java
total 2492
drwxrwxr-x   3 travis travis  12288 Jul 21 18:20 AbsoluteValue
drwxrwxr-x   3 travis travis 102400 Jul 21 18:19 AllColt
-rw-rw-r--   1 travis travis    233 Jul 21 18:28 Array.class
-rw-rw-r--   1 travis travis    459 Jul 21 18:28 Array.java
drwxrwxr-x   3 travis travis  12288 Jul 21 18:19 Case1
-rw-rw-r--   1 travis travis   5128 Jul 21 18:26 CompiledCompositeActor_CompiledCompositeActor.class
-rw-rw-r--   1 travis travis   1611 Jul 21 18:26 CompiledCompositeActor_CompiledCompositeActor$_CompiledCompositeActor_CompiledCompositeActor.class
-rw-rw-r--   1 travis travis  13466 Jul 21 18:26 CompiledCompositeActor_CompiledCompositeActor.java
-rw-rw-r--   1 travis travis   1593 Jul 21 18:26 CompiledCompositeActor_CompiledCompositeActor.mk
drwxrwxr-x   5 travis travis   4096 Jul 21 18:18 fmi
drwxrwxr-x   3 travis travis  16384 Jul 21 18:20 Gaussian2
-rw-rw-r--   1 travis travis   4684 Jul 21 18:26 JavaCompiledCompositeTest1_CompiledCompositeActor.class
-rw-rw-r--   1 travis travis  11637 Jul 21 18:26 JavaCompiledCompositeTest1_CompiledCompositeActor.java
-rw-rw-r--   1 travis travis   1217 Jul 21 18:26 JavaCompiledCompositeTest1_CompiledCompositeActor$_JavaCompiledCompositeTest1_CompiledCompositeActor.class
-rw-rw-r--   1 travis travis   1625 Jul 21 18:26 JavaCompiledCompositeTest1_CompiledCompositeActor.mk
-rw-rw-r--   1 travis travis   5115 Jul 21 18:26 JavaCompiledCompositeTest2_CompiledCompositeActor.class
-rw-rw-r--   1 travis travis  14919 Jul 21 18:26 JavaCompiledCompositeTest2_CompiledCompositeActor.java
-rw-rw-r--   1 travis travis   1812 Jul 21 18:26 JavaCompiledCompositeTest2_CompiledCompositeActor$_JavaCompiledCompositeTest2_CompiledCompositeActor.class
-rw-rw-r--   1 travis travis   1625 Jul 21 18:26 JavaCompiledCompositeTest2_CompiledCompositeActor.mk
-rw-rw-r--   1 travis travis   4732 Jul 21 18:26 JavaCompiledCompositeTest3_CompiledCompositeActor.class
-rw-rw-r--   1 travis travis  13080 Jul 21 18:26 JavaCompiledCompositeTest3_CompiledCompositeActor.java
-rw-rw-r--   1 travis travis   1397 Jul 21 18:26 JavaCompiledCompositeTest3_CompiledCompositeActor$_JavaCompiledCompositeTest3_CompiledCompositeActor.class
-rw-rw-r--   1 travis travis   1625 Jul 21 18:26 JavaCompiledCompositeTest3_CompiledCompositeActor.mk
-rw-rw-r--   1 travis travis   4183 Jul 21 18:26 JavaCompiledCompositeTest4_CompiledCompositeActor.class
-rw-rw-r--   1 travis travis   9687 Jul 21 18:26 JavaCompiledCompositeTest4_CompiledCompositeActor.java
-rw-rw-r--   1 travis travis    876 Jul 21 18:26 JavaCompiledCompositeTest4_CompiledCompositeActor$_JavaCompiledCompositeTest4_CompiledCompositeActor.class
-rw-rw-r--   1 travis travis   1625 Jul 21 18:26 JavaCompiledCompositeTest4_CompiledCompositeActor.mk
drwxrwxr-x   3 travis travis  12288 Jul 21 18:21 LookupTable
drwxrwxr-x   3 travis travis  20480 Jul 21 18:21 MaxIndex
-rw-rw-r--   1 travis travis   3925 Jul 21 18:26 ModularCG_A1_B1.class
-rw-rw-r--   1 travis travis   9730 Jul 21 18:26 ModularCG_A1_B1.java
-rw-rw-r--   1 travis travis    832 Jul 21 18:26 ModularCG_A1_B1.mk
-rw-rw-r--   1 travis travis   1318 Jul 21 18:26 ModularCG_A1_B1_profile.class
-rw-rw-r--   1 travis travis   1262 Jul 21 18:26 ModularCG_A1_B1_profile.java
-rw-rw-r--   1 travis travis   3925 Jul 21 18:27 ModularCG_A1_B2.class
-rw-rw-r--   1 travis travis   9730 Jul 21 18:27 ModularCG_A1_B2.java
-rw-rw-r--   1 travis travis    832 Jul 21 18:27 ModularCG_A1_B2.mk
-rw-rw-r--   1 travis travis   1318 Jul 21 18:27 ModularCG_A1_B2_profile.class
-rw-rw-r--   1 travis travis   1262 Jul 21 18:26 ModularCG_A1_B2_profile.java
-rw-rw-r--   1 travis travis   5031 Jul 21 18:27 ModularCG_A1.class
-rw-rw-r--   1 travis travis  14742 Jul 21 18:27 ModularCG_A1.java
-rw-rw-r--   1 travis travis    808 Jul 21 18:27 ModularCG_A1.mk
-rw-rw-r--   1 travis travis   1433 Jul 21 18:27 ModularCG_A1_profile.class
-rw-rw-r--   1 travis travis   1704 Jul 21 18:27 ModularCG_A1_profile.java
-rw-rw-r--   1 travis travis   4059 Jul 21 18:27 ModularCG_A2_B1.class
-rw-rw-r--   1 travis travis  10667 Jul 21 18:27 ModularCG_A2_B1.java
-rw-rw-r--   1 travis travis    832 Jul 21 18:27 ModularCG_A2_B1.mk
-rw-rw-r--   1 travis travis   1381 Jul 21 18:27 ModularCG_A2_B1_profile.class
-rw-rw-r--   1 travis travis   1446 Jul 21 18:27 ModularCG_A2_B1_profile.java
-rw-rw-r--   1 travis travis   3925 Jul 21 18:27 ModularCG_A2_B2.class
-rw-rw-r--   1 travis travis   9730 Jul 21 18:27 ModularCG_A2_B2.java
-rw-rw-r--   1 travis travis    832 Jul 21 18:27 ModularCG_A2_B2.mk
-rw-rw-r--   1 travis travis   1318 Jul 21 18:27 ModularCG_A2_B2_profile.class
-rw-rw-r--   1 travis travis   1262 Jul 21 18:27 ModularCG_A2_B2_profile.java
-rw-rw-r--   1 travis travis   5102 Jul 21 18:27 ModularCG_A2.class
-rw-rw-r--   1 travis travis  15129 Jul 21 18:27 ModularCG_A2.java
-rw-rw-r--   1 travis travis    808 Jul 21 18:27 ModularCG_A2.mk
-rw-rw-r--   1 travis travis   1433 Jul 21 18:27 ModularCG_A2_profile.class
-rw-rw-r--   1 travis travis   1704 Jul 21 18:27 ModularCG_A2_profile.java
-rw-rw-r--   1 travis travis   3705 Jul 21 18:27 ModularCGPubSub_A1_A2.class
-rw-rw-r--   1 travis travis   9076 Jul 21 18:27 ModularCGPubSub_A1_A2.java
-rw-rw-r--   1 travis travis    880 Jul 21 18:27 ModularCGPubSub_A1_A2.mk
-rw-rw-r--   1 travis travis   1300 Jul 21 18:27 ModularCGPubSub_A1_A2_profile.class
-rw-rw-r--   1 travis travis   1222 Jul 21 18:27 ModularCGPubSub_A1_A2_profile.java
-rw-rw-r--   1 travis travis   4022 Jul 21 18:27 ModularCGPubSub_A1.class
-rw-rw-r--   1 travis travis   9836 Jul 21 18:27 ModularCGPubSub_A1.java
-rw-rw-r--   1 travis travis    856 Jul 21 18:27 ModularCGPubSub_A1.mk
-rw-rw-r--   1 travis travis   1346 Jul 21 18:27 ModularCGPubSub_A1_profile.class
-rw-rw-r--   1 travis travis   1388 Jul 21 18:27 ModularCGPubSub_A1_profile.java
-rw-rw-r--   1 travis travis   4220 Jul 21 18:27 ModularCodeGen2_ModularCodeGenTypedCompositeActor.class
-rw-rw-r--   1 travis travis  11690 Jul 21 18:27 ModularCodeGen2_ModularCodeGenTypedCompositeActor.java
-rw-rw-r--   1 travis travis   1104 Jul 21 18:27 ModularCodeGen2_ModularCodeGenTypedCompositeActor.mk
-rw-rw-r--   1 travis travis   4504 Jul 21 18:27 ModularCodeGen2_ModularCodeGenTypedCompositeActor_ModularCodeGenTypedCompositeActor.class
-rw-rw-r--   1 travis travis  11790 Jul 21 18:27 ModularCodeGen2_ModularCodeGenTypedCompositeActor_ModularCodeGenTypedCompositeActor.java
-rw-rw-r--   1 travis travis   1376 Jul 21 18:27 ModularCodeGen2_ModularCodeGenTypedCompositeActor_ModularCodeGenTypedCompositeActor.mk
-rw-rw-r--   1 travis travis   1421 Jul 21 18:27 ModularCodeGen2_ModularCodeGenTypedCompositeActor_ModularCodeGenTypedCompositeActor_profile.class
-rw-rw-r--   1 travis travis   1294 Jul 21 18:27 ModularCodeGen2_ModularCodeGenTypedCompositeActor_ModularCodeGenTypedCompositeActor_profile.java
-rw-rw-r--   1 travis travis    820 Jul 21 18:27 ModularCodeGen2_ModularCodeGenTypedCompositeActor_profile.class
-rw-rw-r--   1 travis travis    693 Jul 21 18:27 ModularCodeGen2_ModularCodeGenTypedCompositeActor_profile.java
-rw-rw-r--   1 travis travis   3973 Jul 21 18:27 ModularCodeGen3_A1_B1.class
-rw-rw-r--   1 travis travis   9958 Jul 21 18:27 ModularCodeGen3_A1_B1.java
-rw-rw-r--   1 travis travis    880 Jul 21 18:27 ModularCodeGen3_A1_B1.mk
-rw-rw-r--   1 travis travis   1330 Jul 21 18:27 ModularCodeGen3_A1_B1_profile.class
-rw-rw-r--   1 travis travis   1274 Jul 21 18:27 ModularCodeGen3_A1_B1_profile.java
-rw-rw-r--   1 travis travis   3973 Jul 21 18:27 ModularCodeGen3_A1_B2.class
-rw-rw-r--   1 travis travis   9958 Jul 21 18:27 ModularCodeGen3_A1_B2.java
-rw-rw-r--   1 travis travis    880 Jul 21 18:27 ModularCodeGen3_A1_B2.mk
-rw-rw-r--   1 travis travis   1330 Jul 21 18:27 ModularCodeGen3_A1_B2_profile.class
-rw-rw-r--   1 travis travis   1274 Jul 21 18:27 ModularCodeGen3_A1_B2_profile.java
-rw-rw-r--   1 travis travis   5193 Jul 21 18:27 ModularCodeGen3_A1.class
-rw-rw-r--   1 travis travis  15564 Jul 21 18:27 ModularCodeGen3_A1.java
-rw-rw-r--   1 travis travis    856 Jul 21 18:27 ModularCodeGen3_A1.mk
-rw-rw-r--   1 travis travis   1445 Jul 21 18:27 ModularCodeGen3_A1_profile.class
-rw-rw-r--   1 travis travis   1716 Jul 21 18:27 ModularCodeGen3_A1_profile.java
-rw-rw-r--   1 travis travis   4119 Jul 21 18:27 ModularCodeGen3_A2_B1.class
-rw-rw-r--   1 travis travis  10955 Jul 21 18:27 ModularCodeGen3_A2_B1.java
-rw-rw-r--   1 travis travis    880 Jul 21 18:27 ModularCodeGen3_A2_B1.mk
-rw-rw-r--   1 travis travis   1393 Jul 21 18:27 ModularCodeGen3_A2_B1_profile.class
-rw-rw-r--   1 travis travis   1458 Jul 21 18:27 ModularCodeGen3_A2_B1_profile.java
-rw-rw-r--   1 travis travis   3973 Jul 21 18:27 ModularCodeGen3_A2_B2.class
-rw-rw-r--   1 travis travis   9958 Jul 21 18:27 ModularCodeGen3_A2_B2.java
-rw-rw-r--   1 travis travis    880 Jul 21 18:27 ModularCodeGen3_A2_B2.mk
-rw-rw-r--   1 travis travis   1330 Jul 21 18:27 ModularCodeGen3_A2_B2_profile.class
-rw-rw-r--   1 travis travis   1274 Jul 21 18:27 ModularCodeGen3_A2_B2_profile.java
-rw-rw-r--   1 travis travis   5270 Jul 21 18:27 ModularCodeGen3_A2.class
-rw-rw-r--   1 travis travis  15957 Jul 21 18:27 ModularCodeGen3_A2.java
-rw-rw-r--   1 travis travis    856 Jul 21 18:27 ModularCodeGen3_A2.mk
-rw-rw-r--   1 travis travis   1445 Jul 21 18:27 ModularCodeGen3_A2_profile.class
-rw-rw-r--   1 travis travis   1716 Jul 21 18:27 ModularCodeGen3_A2_profile.java
-rw-rw-r--   1 travis travis   4026 Jul 21 18:27 ModularCodeGen4_A1_B1.class
-rw-rw-r--   1 travis travis  10312 Jul 21 18:27 ModularCodeGen4_A1_B1.java
-rw-rw-r--   1 travis travis    880 Jul 21 18:27 ModularCodeGen4_A1_B1.mk
-rw-rw-r--   1 travis travis   1330 Jul 21 18:27 ModularCodeGen4_A1_B1_profile.class
-rw-rw-r--   1 travis travis   1273 Jul 21 18:27 ModularCodeGen4_A1_B1_profile.java
-rw-rw-r--   1 travis travis   4026 Jul 21 18:28 ModularCodeGen4_A1_B2.class
-rw-rw-r--   1 travis travis  10312 Jul 21 18:28 ModularCodeGen4_A1_B2.java
-rw-rw-r--   1 travis travis    880 Jul 21 18:28 ModularCodeGen4_A1_B2.mk
-rw-rw-r--   1 travis travis   1330 Jul 21 18:28 ModularCodeGen4_A1_B2_profile.class
-rw-rw-r--   1 travis travis   1273 Jul 21 18:27 ModularCodeGen4_A1_B2_profile.java
-rw-rw-r--   1 travis travis   5333 Jul 21 18:28 ModularCodeGen4_A1.class
-rw-rw-r--   1 travis travis  16245 Jul 21 18:28 ModularCodeGen4_A1.java
-rw-rw-r--   1 travis travis    856 Jul 21 18:28 ModularCodeGen4_A1.mk
-rw-rw-r--   1 travis travis   1445 Jul 21 18:28 ModularCodeGen4_A1_profile.class
-rw-rw-r--   1 travis travis   1712 Jul 21 18:28 ModularCodeGen4_A1_profile.java
-rw-rw-r--   1 travis travis   4220 Jul 21 18:28 ModularCodeGen4_A2_B1.class
-rw-rw-r--   1 travis travis  11375 Jul 21 18:28 ModularCodeGen4_A2_B1.java
-rw-rw-r--   1 travis travis    880 Jul 21 18:28 ModularCodeGen4_A2_B1.mk
-rw-rw-r--   1 travis travis   1393 Jul 21 18:28 ModularCodeGen4_A2_B1_profile.class
-rw-rw-r--   1 travis travis   1454 Jul 21 18:28 ModularCodeGen4_A2_B1_profile.java
-rw-rw-r--   1 travis travis   4074 Jul 21 18:28 ModularCodeGen4_A2_B2.class
-rw-rw-r--   1 travis travis  10378 Jul 21 18:28 ModularCodeGen4_A2_B2.java
-rw-rw-r--   1 travis travis    880 Jul 21 18:28 ModularCodeGen4_A2_B2.mk
-rw-rw-r--   1 travis travis   1330 Jul 21 18:28 ModularCodeGen4_A2_B2_profile.class
-rw-rw-r--   1 travis travis   1270 Jul 21 18:28 ModularCodeGen4_A2_B2_profile.java
-rw-rw-r--   1 travis travis   5506 Jul 21 18:28 ModularCodeGen4_A2.class
-rw-rw-r--   1 travis travis  16770 Jul 21 18:28 ModularCodeGen4_A2.java
-rw-rw-r--   1 travis travis    856 Jul 21 18:28 ModularCodeGen4_A2.mk
-rw-rw-r--   1 travis travis   1445 Jul 21 18:28 ModularCodeGen4_A2_profile.class
-rw-rw-r--   1 travis travis   1712 Jul 21 18:28 ModularCodeGen4_A2_profile.java
-rw-rw-r--   1 travis travis   7070 Jul 21 18:28 ModularCodeGen5_A_A.class
-rw-rw-r--   1 travis travis  28721 Jul 21 18:28 ModularCodeGen5_A_A.java
-rw-rw-r--   1 travis travis    864 Jul 21 18:28 ModularCodeGen5_A_A.mk
-rw-rw-r--   1 travis travis   1520 Jul 21 18:28 ModularCodeGen5_A_A_profile.class
-rw-rw-r--   1 travis travis   1815 Jul 21 18:28 ModularCodeGen5_A_A_profile.java
-rw-rw-r--   1 travis travis   5347 Jul 21 18:28 ModularCodeGen5_A.class
-rw-rw-r--   1 travis travis  13769 Jul 21 18:28 ModularCodeGen5_A.java
-rw-rw-r--   1 travis travis    848 Jul 21 18:28 ModularCodeGen5_A.mk
-rw-rw-r--   1 travis travis   1422 Jul 21 18:28 ModularCodeGen5_A_profile.class
-rw-rw-r--   1 travis travis   1605 Jul 21 18:28 ModularCodeGen5_A_profile.java
-rw-rw-r--   1 travis travis   4357 Jul 21 18:28 ModularCodeGen6_A_A2.class
-rw-rw-r--   1 travis travis  11329 Jul 21 18:28 ModularCodeGen6_A_A2.java
-rw-rw-r--   1 travis travis    872 Jul 21 18:28 ModularCodeGen6_A_A2.mk
-rw-rw-r--   1 travis travis   1351 Jul 21 18:28 ModularCodeGen6_A_A2_profile.class
-rw-rw-r--   1 travis travis   1364 Jul 21 18:28 ModularCodeGen6_A_A2_profile.java
-rw-rw-r--   1 travis travis   4340 Jul 21 18:28 ModularCodeGen6_A_A.class
-rw-rw-r--   1 travis travis  11221 Jul 21 18:28 ModularCodeGen6_A_A.java
-rw-rw-r--   1 travis travis    864 Jul 21 18:28 ModularCodeGen6_A_A.mk
-rw-rw-r--   1 travis travis   1348 Jul 21 18:28 ModularCodeGen6_A_A_profile.class
-rw-rw-r--   1 travis travis   1361 Jul 21 18:28 ModularCodeGen6_A_A_profile.java
-rw-rw-r--   1 travis travis   7469 Jul 21 18:28 ModularCodeGen6_A.class
-rw-rw-r--   1 travis travis  26535 Jul 21 18:28 ModularCodeGen6_A.java
-rw-rw-r--   1 travis travis    848 Jul 21 18:28 ModularCodeGen6_A.mk
-rw-rw-r--   1 travis travis   1483 Jul 21 18:28 ModularCodeGen6_A_profile.class
-rw-rw-r--   1 travis travis   1810 Jul 21 18:28 ModularCodeGen6_A_profile.java
-rw-rw-r--   1 travis travis   9633 Jul 21 18:28 ModularCodeGenLazyPubSubGlobal_CompositeActor_ModularCodeGenTypedComposite.class
-rw-rw-r--   1 travis travis  30161 Jul 21 18:28 ModularCodeGenLazyPubSubGlobal_CompositeActor_ModularCodeGenTypedComposite.java
-rw-rw-r--   1 travis travis   1304 Jul 21 18:28 ModularCodeGenLazyPubSubGlobal_CompositeActor_ModularCodeGenTypedComposite.mk
-rw-rw-r--   1 travis travis   1438 Jul 21 18:28 ModularCodeGenLazyPubSubGlobal_CompositeActor_ModularCodeGenTypedComposite_profile.class
-rw-rw-r--   1 travis travis   1384 Jul 21 18:28 ModularCodeGenLazyPubSubGlobal_CompositeActor_ModularCodeGenTypedComposite_profile.java
-rw-rw-r--   1 travis travis   4184 Jul 21 18:28 ModularCodeGenLazyPubSub_LazyCompositeActor.class
-rw-rw-r--   1 travis travis  11122 Jul 21 18:28 ModularCodeGenLazyPubSub_LazyCompositeActor.java
-rw-rw-r--   1 travis travis   1056 Jul 21 18:28 ModularCodeGenLazyPubSub_LazyCompositeActor.mk
-rw-rw-r--   1 travis travis   1286 Jul 21 18:28 ModularCodeGenLazyPubSub_LazyCompositeActor_profile.class
-rw-rw-r--   1 travis travis   1091 Jul 21 18:28 ModularCodeGenLazyPubSub_LazyCompositeActor_profile.java
-rw-rw-r--   1 travis travis   4186 Jul 21 18:27 ModularCodeGen_ModularCodeGenTypedCompositeActor.class
-rw-rw-r--   1 travis travis  10970 Jul 21 18:27 ModularCodeGen_ModularCodeGenTypedCompositeActor.java
-rw-rw-r--   1 travis travis   1096 Jul 21 18:27 ModularCodeGen_ModularCodeGenTypedCompositeActor.mk
-rw-rw-r--   1 travis travis   1384 Jul 21 18:27 ModularCodeGen_ModularCodeGenTypedCompositeActor_profile.class
-rw-rw-r--   1 travis travis   1328 Jul 21 18:27 ModularCodeGen_ModularCodeGenTypedCompositeActor_profile.java
-rw-rw-r--   1 travis travis   3673 Jul 21 18:28 ModularCodeGenPubSub2_A1_A.class
-rw-rw-r--   1 travis travis   8578 Jul 21 18:28 ModularCodeGenPubSub2_A1_A.java
-rw-rw-r--   1 travis travis    920 Jul 21 18:28 ModularCodeGenPubSub2_A1_A.mk
-rw-rw-r--   1 travis travis   1274 Jul 21 18:28 ModularCodeGenPubSub2_A1_A_profile.class
-rw-rw-r--   1 travis travis   1128 Jul 21 18:28 ModularCodeGenPubSub2_A1_A_profile.java
-rw-rw-r--   1 travis travis   3965 Jul 21 18:28 ModularCodeGenPubSub2_A1.class
-rw-rw-r--   1 travis travis   9781 Jul 21 18:28 ModularCodeGenPubSub2_A1.java
-rw-rw-r--   1 travis travis    904 Jul 21 18:28 ModularCodeGenPubSub2_A1.mk
-rw-rw-r--   1 travis travis   1268 Jul 21 18:28 ModularCodeGenPubSub2_A1_profile.class
-rw-rw-r--   1 travis travis   1196 Jul 21 18:28 ModularCodeGenPubSub2_A1_profile.java
-rw-rw-r--   1 travis travis   1132 Jul 21 18:28 ModularCodeGenPubSub3_A1_A2_profile.java
-rw-rw-r--   1 travis travis   3707 Jul 21 18:28 ModularCodeGenPubSub_A1.class
-rw-rw-r--   1 travis travis   9060 Jul 21 18:28 ModularCodeGenPubSub_A1.java
-rw-rw-r--   1 travis travis    896 Jul 21 18:28 ModularCodeGenPubSub_A1.mk
-rw-rw-r--   1 travis travis   1278 Jul 21 18:28 ModularCodeGenPubSub_A1_profile.class
-rw-rw-r--   1 travis travis   1195 Jul 21 18:28 ModularCodeGenPubSub_A1_profile.java
-rw-rw-r--   1 travis travis   3724 Jul 21 18:26 ModularCodeGenTest_A1_A2.class
-rw-rw-r--   1 travis travis   9164 Jul 21 18:26 ModularCodeGenTest_A1_A2.java
-rw-rw-r--   1 travis travis   1306 Jul 21 18:26 ModularCodeGenTest_A1_A2_profile.class
-rw-rw-r--   1 travis travis   4055 Jul 21 18:26 ModularCodeGenTest_A1.class
-rw-rw-r--   1 travis travis   9968 Jul 21 18:26 ModularCodeGenTest_A1.java
-rw-rw-r--   1 travis travis    880 Jul 21 18:26 ModularCodeGenTest_A1.mk
-rw-rw-r--   1 travis travis   1352 Jul 21 18:26 ModularCodeGenTest_A1_profile.class
-rw-rw-r--   1 travis travis   1394 Jul 21 18:26 ModularCodeGenTest_A1_profile.java
drwxrwxr-x   3 travis travis  32768 Jul 21 18:26 modulation2
drwxrwxr-x 139 travis travis  12288 Jul 21 18:26 node_modules
drwxrwxr-x   3 travis travis  20480 Jul 21 18:21 PhaseUnwrap
drwxrwxr-x   3 travis travis  12288 Jul 21 18:22 ReadFile1
-rw-rw-r--   1 travis travis     11 Jul 21 18:21 ReadFile1Output.txt
-rw-rw-r--   1 travis travis  13773 Jul 21 18:26 Repeat.class
-rw-rw-r--   1 travis travis    685 Jul 21 18:26 Repeat$_fireFunction_Repeat_Repeat$__f_sL_11.class
-rw-rw-r--   1 travis travis    541 Jul 21 18:26 Repeat$_fireFunction_Repeat_Repeat$__f_sL_12.class
-rw-rw-r--   1 travis travis    541 Jul 21 18:26 Repeat$_fireFunction_Repeat_Repeat$__f_sL_13.class
-rw-rw-r--   1 travis travis    541 Jul 21 18:26 Repeat$_fireFunction_Repeat_Repeat$__f_sL_14.class
-rw-rw-r--   1 travis travis    684 Jul 21 18:26 Repeat$_fireFunction_Repeat_Repeat$__f_sL_1.class
-rw-rw-r--   1 travis travis    683 Jul 21 18:26 Repeat$_fireFunction_Repeat_Repeat$__f_sL_4.class
-rw-rw-r--   1 travis travis    539 Jul 21 18:26 Repeat$_fireFunction_Repeat_Repeat$__f_sL_9.class
-rw-rw-r--   1 travis travis    494 Jul 21 18:26 Repeat$_initialize_Repeat$__i_sL_2.class
-rw-rw-r--   1 travis travis   1281 Jul 21 18:26 Repeat.mk
-rw-rw-r--   1 travis travis    539 Jul 21 18:26 Repeat$_preinitializeMethod_Repeat$__p_sL_0.class
-rw-rw-r--   1 travis travis   1102 Jul 21 18:26 Repeat$_Repeat$_fireFunction_Repeat_AddSubtract_Repeat.class
-rw-rw-r--   1 travis travis    810 Jul 21 18:26 Repeat$_Repeat$_fireFunction_Repeat_AddSubtract_Repeat$__f_sL_0.class
-rw-rw-r--   1 travis travis    928 Jul 21 18:26 Repeat$_Repeat$_fireFunction_Repeat_AddSubtract_Repeat$__f_sL_1.class
-rw-rw-r--   1 travis travis    934 Jul 21 18:26 Repeat$_Repeat$_fireFunction_Repeat_AddSubtract_Repeat$__f_sL_2.class
-rw-rw-r--   1 travis travis    862 Jul 21 18:26 Repeat$_Repeat$_fireFunction_Repeat_AddSubtract_Repeat$__f_sL_3.class
-rw-rw-r--   1 travis travis    757 Jul 21 18:26 Repeat$_Repeat$_fireFunction_Repeat_Ramp2_Repeat$__f_sL_0.class
-rw-rw-r--   1 travis travis    888 Jul 21 18:26 Repeat$_Repeat$_fireFunction_Repeat_Test_Repeat$__f_sL_0.class
-rw-rw-r--   1 travis travis    634 Jul 21 18:26 Repeat$_Repeat$_fireFunction_Repeat_Test_Repeat$__f_sL_1.class
-rw-rw-r--   1 travis travis    704 Jul 21 18:26 Repeat$_Repeat_SDF_Director_run_Repeat$__R_sL_0.class
-rw-rw-r--   1 travis travis    705 Jul 21 18:26 Repeat$_Repeat_SDF_Director_run_Repeat$__R_sL_11.class
-rw-rw-r--   1 travis travis    561 Jul 21 18:26 Repeat$_Repeat_SDF_Director_run_Repeat$__R_sL_13.class
-rw-rw-r--   1 travis travis    559 Jul 21 18:26 Repeat$_Repeat_SDF_Director_run_Repeat$__R_sL_2.class
-rw-rw-r--   1 travis travis    703 Jul 21 18:26 Repeat$_Repeat_SDF_Director_run_Repeat$__R_sL_3.class
-rw-rw-r--   1 travis travis    559 Jul 21 18:26 Repeat$_Repeat_SDF_Director_run_Repeat$__R_sL_5.class
-rw-rw-r--   1 travis travis    559 Jul 21 18:26 Repeat$_Repeat_SDF_Director_run_Repeat$__R_sL_8.class
drwxrwxr-x   2 travis travis   4096 Jul 21 18:26 RepeatVariables
-rw-rw-r--   1 travis travis    882 Jul 21 18:26 Repeat$_varinit_Repeat.class
-rw-rw-r--   1 travis travis    550 Jul 21 18:26 Repeat$_varinit_Repeat$__v_sL_2.class
-rw-rw-r--   1 travis travis    924 Jul 21 18:26 Repeat$_varinit_Repeat$__v_sL_4.class
-rw-rw-r--   1 travis travis    978 Jul 21 18:26 Repeat$_wrapup_Repeat$__w_sL_1.class
drwxrwxr-x   3 travis travis  20480 Jul 21 18:22 Sinewave
drwxrwxr-x   3 travis travis  32768 Jul 21 18:23 StringFunction
drwxrwxr-x   3 travis travis  12288 Jul 21 18:24 StringLength
drwxrwxr-x   3 travis travis  61440 Jul 21 18:24 StringMatches2
drwxrwxr-x   3 travis travis  61440 Jul 21 18:24 StringSimpleReplace
drwxrwxr-x   3 travis travis  65536 Jul 21 18:24 StringSubstring
drwxrwxr-x   3 travis travis  24576 Jul 21 18:25 StringSubstring2
drwxrwxr-x   3 travis travis  16384 Jul 21 18:25 time1
drwxrwxr-x   3 travis travis  12288 Jul 21 18:26 time5
-rw-rw-r--   1 travis travis    432 Jul 21 18:28 Token.class
-rw-rw-r--   1 travis travis    251 Jul 21 18:28 Token.java
-rwxrwxr-x   1 travis travis 466992 Jul 21 18:18 top
-rw-rw-r--   1 travis travis  20502 Jul 21 18:18 top.c
-rw-rw-r--   1 travis travis   3799 Jul 21 18:26 top.class
-rw-rw-r--   1 travis travis   1257 Jul 21 18:26 top.mk
All Done
Writing ModularCodeGenPubSub3_A1_A2.java in file:/home/travis/cg/ (8599 characters)
Reading "ptolemy/cg/kernel/generic/program/procedural/java/modular/makefile.in",
    writing "/home/travis/cg/ModularCodeGenPubSub3_A1_A2.mk"
Using ptolemy/cg/kernel/generic/program/procedural/java/modular/makefile.in
In "/home/travis/cg", about to execute:
    make -f ModularCodeGenPubSub3_A1_A2.mk
javac -classpath ".:.."    ModularCodeGenPubSub3_A1_A2.java
All Done
In "/home/travis/cg", about to execute:
    pwd
In "/home/travis/cg", about to execute:
    ls -l
/home/travis/cg
total 2520
drwxrwxr-x   3 travis travis  12288 Jul 21 18:20 AbsoluteValue
drwxrwxr-x   3 travis travis 102400 Jul 21 18:19 AllColt
-rw-rw-r--   1 travis travis    233 Jul 21 18:28 Array.class
-rw-rw-r--   1 travis travis    459 Jul 21 18:28 Array.java
drwxrwxr-x   3 travis travis  12288 Jul 21 18:19 Case1
-rw-rw-r--   1 travis travis   5128 Jul 21 18:26 CompiledCompositeActor_CompiledCompositeActor.class
-rw-rw-r--   1 travis travis   1611 Jul 21 18:26 CompiledCompositeActor_CompiledCompositeActor$_CompiledCompositeActor_CompiledCompositeActor.class
-rw-rw-r--   1 travis travis  13466 Jul 21 18:26 CompiledCompositeActor_CompiledCompositeActor.java
-rw-rw-r--   1 travis travis   1593 Jul 21 18:26 CompiledCompositeActor_CompiledCompositeActor.mk
drwxrwxr-x   5 travis travis   4096 Jul 21 18:18 fmi
drwxrwxr-x   3 travis travis  16384 Jul 21 18:20 Gaussian2
-rw-rw-r--   1 travis travis   4684 Jul 21 18:26 JavaCompiledCompositeTest1_CompiledCompositeActor.class
-rw-rw-r--   1 travis travis  11637 Jul 21 18:26 JavaCompiledCompositeTest1_CompiledCompositeActor.java
-rw-rw-r--   1 travis travis   1217 Jul 21 18:26 JavaCompiledCompositeTest1_CompiledCompositeActor$_JavaCompiledCompositeTest1_CompiledCompositeActor.class
-rw-rw-r--   1 travis travis   1625 Jul 21 18:26 JavaCompiledCompositeTest1_CompiledCompositeActor.mk
-rw-rw-r--   1 travis travis   5115 Jul 21 18:26 JavaCompiledCompositeTest2_CompiledCompositeActor.class
-rw-rw-r--   1 travis travis  14919 Jul 21 18:26 JavaCompiledCompositeTest2_CompiledCompositeActor.java
-rw-rw-r--   1 travis travis   1812 Jul 21 18:26 JavaCompiledCompositeTest2_CompiledCompositeActor$_JavaCompiledCompositeTest2_CompiledCompositeActor.class
-rw-rw-r--   1 travis travis   1625 Jul 21 18:26 JavaCompiledCompositeTest2_CompiledCompositeActor.mk
-rw-rw-r--   1 travis travis   4732 Jul 21 18:26 JavaCompiledCompositeTest3_CompiledCompositeActor.class
-rw-rw-r--   1 travis travis  13080 Jul 21 18:26 JavaCompiledCompositeTest3_CompiledCompositeActor.java
-rw-rw-r--   1 travis travis   1397 Jul 21 18:26 JavaCompiledCompositeTest3_CompiledCompositeActor$_JavaCompiledCompositeTest3_CompiledCompositeActor.class
-rw-rw-r--   1 travis travis   1625 Jul 21 18:26 JavaCompiledCompositeTest3_CompiledCompositeActor.mk
-rw-rw-r--   1 travis travis   4183 Jul 21 18:26 JavaCompiledCompositeTest4_CompiledCompositeActor.class
-rw-rw-r--   1 travis travis   9687 Jul 21 18:26 JavaCompiledCompositeTest4_CompiledCompositeActor.java
-rw-rw-r--   1 travis travis    876 Jul 21 18:26 JavaCompiledCompositeTest4_CompiledCompositeActor$_JavaCompiledCompositeTest4_CompiledCompositeActor.class
-rw-rw-r--   1 travis travis   1625 Jul 21 18:26 JavaCompiledCompositeTest4_CompiledCompositeActor.mk
drwxrwxr-x   3 travis travis  12288 Jul 21 18:21 LookupTable
drwxrwxr-x   3 travis travis  20480 Jul 21 18:21 MaxIndex
-rw-rw-r--   1 travis travis   3925 Jul 21 18:26 ModularCG_A1_B1.class
-rw-rw-r--   1 travis travis   9730 Jul 21 18:26 ModularCG_A1_B1.java
-rw-rw-r--   1 travis travis    832 Jul 21 18:26 ModularCG_A1_B1.mk
-rw-rw-r--   1 travis travis   1318 Jul 21 18:26 ModularCG_A1_B1_profile.class
-rw-rw-r--   1 travis travis   1262 Jul 21 18:26 ModularCG_A1_B1_profile.java
-rw-rw-r--   1 travis travis   3925 Jul 21 18:27 ModularCG_A1_B2.class
-rw-rw-r--   1 travis travis   9730 Jul 21 18:27 ModularCG_A1_B2.java
-rw-rw-r--   1 travis travis    832 Jul 21 18:27 ModularCG_A1_B2.mk
-rw-rw-r--   1 travis travis   1318 Jul 21 18:27 ModularCG_A1_B2_profile.class
-rw-rw-r--   1 travis travis   1262 Jul 21 18:26 ModularCG_A1_B2_profile.java
-rw-rw-r--   1 travis travis   5031 Jul 21 18:27 ModularCG_A1.class
-rw-rw-r--   1 travis travis  14742 Jul 21 18:27 ModularCG_A1.java
-rw-rw-r--   1 travis travis    808 Jul 21 18:27 ModularCG_A1.mk
-rw-rw-r--   1 travis travis   1433 Jul 21 18:27 ModularCG_A1_profile.class
-rw-rw-r--   1 travis travis   1704 Jul 21 18:27 ModularCG_A1_profile.java
-rw-rw-r--   1 travis travis   4059 Jul 21 18:27 ModularCG_A2_B1.class
-rw-rw-r--   1 travis travis  10667 Jul 21 18:27 ModularCG_A2_B1.java
-rw-rw-r--   1 travis travis    832 Jul 21 18:27 ModularCG_A2_B1.mk
-rw-rw-r--   1 travis travis   1381 Jul 21 18:27 ModularCG_A2_B1_profile.class
-rw-rw-r--   1 travis travis   1446 Jul 21 18:27 ModularCG_A2_B1_profile.java
-rw-rw-r--   1 travis travis   3925 Jul 21 18:27 ModularCG_A2_B2.class
-rw-rw-r--   1 travis travis   9730 Jul 21 18:27 ModularCG_A2_B2.java
-rw-rw-r--   1 travis travis    832 Jul 21 18:27 ModularCG_A2_B2.mk
-rw-rw-r--   1 travis travis   1318 Jul 21 18:27 ModularCG_A2_B2_profile.class
-rw-rw-r--   1 travis travis   1262 Jul 21 18:27 ModularCG_A2_B2_profile.java
-rw-rw-r--   1 travis travis   5102 Jul 21 18:27 ModularCG_A2.class
-rw-rw-r--   1 travis travis  15129 Jul 21 18:27 ModularCG_A2.java
-rw-rw-r--   1 travis travis    808 Jul 21 18:27 ModularCG_A2.mk
-rw-rw-r--   1 travis travis   1433 Jul 21 18:27 ModularCG_A2_profile.class
-rw-rw-r--   1 travis travis   1704 Jul 21 18:27 ModularCG_A2_profile.java
-rw-rw-r--   1 travis travis   3705 Jul 21 18:27 ModularCGPubSub_A1_A2.class
-rw-rw-r--   1 travis travis   9076 Jul 21 18:27 ModularCGPubSub_A1_A2.java
-rw-rw-r--   1 travis travis    880 Jul 21 18:27 ModularCGPubSub_A1_A2.mk
-rw-rw-r--   1 travis travis   1300 Jul 21 18:27 ModularCGPubSub_A1_A2_profile.class
-rw-rw-r--   1 travis travis   1222 Jul 21 18:27 ModularCGPubSub_A1_A2_profile.java
In "/home/travis/cg", about to execute:
-rw-rw-r--   1 travis travis   4022 Jul 21 18:27 ModularCGPubSub_A1.class
-rw-rw-r--   1 travis travis   9836 Jul 21 18:27 ModularCGPubSub_A1.java
-rw-rw-r--   1 travis travis    856 Jul 21 18:27 ModularCGPubSub_A1.mk
-rw-rw-r--   1 travis travis   1346 Jul 21 18:27 ModularCGPubSub_A1_profile.class
-rw-rw-r--   1 travis travis   1388 Jul 21 18:27 ModularCGPubSub_A1_profile.java
-rw-rw-r--   1 travis travis   4220 Jul 21 18:27 ModularCodeGen2_ModularCodeGenTypedCompositeActor.class
-rw-rw-r--   1 travis travis  11690 Jul 21 18:27 ModularCodeGen2_ModularCodeGenTypedCompositeActor.java
-rw-rw-r--   1 travis travis   1104 Jul 21 18:27 ModularCodeGen2_ModularCodeGenTypedCompositeActor.mk
-rw-rw-r--   1 travis travis   4504 Jul 21 18:27 ModularCodeGen2_ModularCodeGenTypedCompositeActor_ModularCodeGenTypedCompositeActor.class
-rw-rw-r--   1 travis travis  11790 Jul 21 18:27 ModularCodeGen2_ModularCodeGenTypedCompositeActor_ModularCodeGenTypedCompositeActor.java
-rw-rw-r--   1 travis travis   1376 Jul 21 18:27 ModularCodeGen2_ModularCodeGenTypedCompositeActor_ModularCodeGenTypedCompositeActor.mk
-rw-rw-r--   1 travis travis   1421 Jul 21 18:27 ModularCodeGen2_ModularCodeGenTypedCompositeActor_ModularCodeGenTypedCompositeActor_profile.class
-rw-rw-r--   1 travis travis   1294 Jul 21 18:27 ModularCodeGen2_ModularCodeGenTypedCompositeActor_ModularCodeGenTypedCompositeActor_profile.java
-rw-rw-r--   1 travis travis    820 Jul 21 18:27 ModularCodeGen2_ModularCodeGenTypedCompositeActor_profile.class
-rw-rw-r--   1 travis travis    693 Jul 21 18:27 ModularCodeGen2_ModularCodeGenTypedCompositeActor_profile.java
-rw-rw-r--   1 travis travis   3973 Jul 21 18:27 ModularCodeGen3_A1_B1.class
-rw-rw-r--   1 travis travis   9958 Jul 21 18:27 ModularCodeGen3_A1_B1.java
-rw-rw-r--   1 travis travis    880 Jul 21 18:27 ModularCodeGen3_A1_B1.mk
-rw-rw-r--   1 travis travis   1330 Jul 21 18:27 ModularCodeGen3_A1_B1_profile.class
-rw-rw-r--   1 travis travis   1274 Jul 21 18:27 ModularCodeGen3_A1_B1_profile.java
-rw-rw-r--   1 travis travis   3973 Jul 21 18:27 ModularCodeGen3_A1_B2.class
-rw-rw-r--   1 travis travis   9958 Jul 21 18:27 ModularCodeGen3_A1_B2.java
-rw-rw-r--   1 travis travis    880 Jul 21 18:27 ModularCodeGen3_A1_B2.mk
-rw-rw-r--   1 travis travis   1330 Jul 21 18:27 ModularCodeGen3_A1_B2_profile.class
-rw-rw-r--   1 travis travis   1274 Jul 21 18:27 ModularCodeGen3_A1_B2_profile.java
-rw-rw-r--   1 travis travis   5193 Jul 21 18:27 ModularCodeGen3_A1.class
-rw-rw-r--   1 travis travis  15564 Jul 21 18:27 ModularCodeGen3_A1.java
-rw-rw-r--   1 travis travis    856 Jul 21 18:27 ModularCodeGen3_A1.mk
    javac -classpath
.:/home/travis/build/icyphy/ptII:/home/travis/build/icyphy/ptII/lib/bsh-2.0b4.j
ar:/home/travis/build/icyphy/ptII/lib/ptCal.jar:/home/travis/build/icyphy/ptII/
lib/java_cup.jar:/home/travis/build/icyphy/ptII/lib/saxon8.jar:/home/travis/bui
ld/icyphy/ptII/lib/saxon8-dom.jar:/home/travis/build/icyphy/ptII/lib/chic.jar:/
home/travis/build/icyphy/ptII/lib/ptcolt.jar:/home/travis/build/icyphy/ptII/ven
dors/misc/itext/iText.jar:/home/travis/build/icyphy/ptII/lib/g4ltl.jar:/home/tr
avis/build/icyphy/ptII/lib/StructuralCoder.jar:/home/travis/build/icyphy/ptII/l
ib/jcerti.jar:/home/travis/build/icyphy/ptII/lib/javax.mail.jar:/home/travis/bu
ild/icyphy/ptII/vendors/JMF-2.1.1e/lib/jmf.jar:/home/travis/build/icyphy/ptII/l
ib/jna-4.0.0-variadic.jar:/home/travis/build/icyphy/ptII/vendors/misc/joystick/
Joystick.jar:/home/travis/build/icyphy/ptII/lib/ptjacl.jar:/home/travis/build/i
cyphy/ptII/lib/jsoup-1.8.2.jar:/home/travis/build/icyphy/ptII/lib/junit-4.8.2.j
ar:/home/travis/build/icyphy/ptII/lib/JUnitParams-0.4.0.jar:/home/travis/build/
icyphy/ptII/ptolemy/actor/lib/excel/jxl.jar:/home/travis/build/icyphy/ptII/lib/
jython.jar:/home/travis/build/icyphy/ptII/lib/kieler.jar:/home/travis/build/icy
phy/ptII/vendors/opencv/share/OpenCV/java/opencv-341.jar:/home/travis/build/icy
phy/ptII/lib/oscP5.jar:/home/travis/build/icyphy/ptII/lib/nrjavaserial-3.11.0.d
evel.jar:/home/travis/build/icyphy/ptII/vendors/j3d/lib/Linux/j3dcore.jar:/home
/travis/build/icyphy/ptII/vendors/j3d/lib/Linux/j3dutils.jar:/home/travis/build
/icyphy/ptII/vendors/j3d/lib/Linux/vecmath.jar:/home/travis/build/icyphy/ptII/v
endors/jogl/lib/Linux/gluegen-rt-natives-linux-amd64.jar:/home/travis/build/icy
phy/ptII/vendors/jogl/lib/Linux/gluegen-rt.jar:/home/travis/build/icyphy/ptII/v
endors/jogl/lib/Linux/jogl-all-natives-linux-amd64.jar:/home/travis/build/icyph
y/ptII/vendors/jogl/lib/Linux/jogl-all.jar:/home/travis/build/icyphy/ptII/ptole
my/distributed/jini/jar/jini-core.jar:/home/travis/build/icyphy/ptII/ptolemy/di
stributed/jini/jar/jini-ext.jar:/home/travis/build/icyphy/ptII/ptolemy/distribu
ted/jini/jar/sun-util.jar:/home/travis/build/icyphy/ptII/lib/protobuf-java-2.4.
1.jar:/home/travis/build/icyphy/ptII/lib/org.eclipse.paho.client.mqttv3.jar:/ho
me/travis/build/icyphy/ptII/lib/mapss.jar:/home/travis/build/icyphy/ptII/ptolem
y/actor/ptalon/antlr/antlr.jar:/home/travis/build/icyphy/ptII/lib/JRI.jar:/home
/travis/build/icyphy/ptII/lib/commons-lang-2.6.jar:/home/travis/build/icyphy/pt
II/lib/commons-logging-1.1.1.jar:/home/travis/build/icyphy/ptII/lib/sootclasses
.jar:/home/travis/build/icyphy/ptII/ptolemy/actor/lib/database/mysql-connector-
java-5.1.6-bin.jar:/home/travis/build/icyphy/ptII/vendors/misc/sphinx4/sphinx4-
data-5prealpha.jar:/home/travis/build/icyphy/ptII/vendors/misc/sphinx4/sphinx4-
core-5prealpha.jar:/home/travis/build/icyphy/ptII/lib/PDFRenderer.jar:/home/tra
vis/build/icyphy/ptII/lib/svgSalamander.jar:/home/travis/build/icyphy/ptII/lib/
rsyntaxtextarea-2.6.0-SNAPSHOT.jar:/home/travis/build/icyphy/ptII/lib/hazelcast
-3.8.2.jar:/home/travis/build/icyphy/ptII/lib/jackson-annotations-2.9.0.jar:/ho
me/travis/build/icyphy/ptII/lib/jackson-core-2.9.3.jar:/home/travis/build/icyph
y/ptII/lib/jackson-databind-2.9.3.jar:/home/travis/build/icyphy/ptII/lib/netty-
buffer-4.1.19.Final.jar:/home/travis/build/icyphy/ptII/lib/netty-codec-4.1.19.F
inal.jar:/home/travis/build/icyphy/ptII/lib/netty-codec-dns-4.1.19.Final.jar:/h
ome/travis/build/icyphy/ptII/lib/netty-codec-http-4.1.19.Final.jar:/home/travis
/build/icyphy/ptII/lib/netty-codec-http2-4.1.19.Final.jar:/home/travis/build/ic
yphy/ptII/lib/netty-common-4.1.19.Final.jar:/home/travis/build/icyphy/ptII/lib/
netty-handler-4.1.19.Final.jar:/home/travis/build/icyphy/ptII/lib/netty-resolve
r-4.1.19.Final.jar:/home/travis/build/icyphy/ptII/lib/netty-resolver-dns-4.1.19
.Final.jar:/home/travis/build/icyphy/ptII/lib/netty-transport-4.1.19.Final.jar:
/home/travis/build/icyphy/ptII/lib/vertx-codegen-3.5.1.jar:/home/travis/build/i
cyphy/ptII/lib/vertx-core-3.5.2-SNAPSHOT.jar:/home/travis/build/icyphy/ptII/lib
/vertx-hazelcast-3.5.1.jar:/home/travis/build/icyphy/ptII/lib/vertx-lang-js-3.5
.1.jar:/home/travis/build/icyphy/ptII/lib/vertx-service-proxy-3.5.1.jar:/home/t
ravis/build/icyphy/ptII/lib/vertx-web-3.5.1.jar:/home/travis/build/icyphy/ptII/
lib/slf4j-api-1.7.13.jar:/home/travis/build/icyphy/ptII/lib/slf4j-simple-1.7.13
.jar:/home/travis/build/icyphy/ptII/lib/webcam-capture-0.3.12.jar:/home/travis/
build/icyphy/ptII/lib/bridj-0.7.0.jar:/home/travis/build/icyphy/ptII/lib/xbjlib
-1.1.0.nrjavaserial.jar:/home/travis/build/icyphy/ptII/ptolemy/moml/test:/home/
travis/build/icyphy/ptII/ant/lib/ant-launcher.jar:/home/travis/build/icyphy/ptI
I/ant/lib/ant.jar:/home/travis/build/icyphy/ptII/ant/lib/ant-junit.jar:/home/tr
avis/build/icyphy/ptII/ant/lib/ant-junit4.jar:/home/travis/build/icyphy/ptII
ModularCodeGenPubSub3_A1_profile.java
-rw-rw-r--   1 travis travis   1445 Jul 21 18:27 ModularCodeGen3_A1_profile.class
-rw-rw-r--   1 travis travis   1716 Jul 21 18:27 ModularCodeGen3_A1_profile.java
-rw-rw-r--   1 travis travis   4119 Jul 21 18:27 ModularCodeGen3_A2_B1.class
-rw-rw-r--   1 travis travis  10955 Jul 21 18:27 ModularCodeGen3_A2_B1.java
-rw-rw-r--   1 travis travis    880 Jul 21 18:27 ModularCodeGen3_A2_B1.mk
-rw-rw-r--   1 travis travis   1393 Jul 21 18:27 ModularCodeGen3_A2_B1_profile.class
-rw-rw-r--   1 travis travis   1458 Jul 21 18:27 ModularCodeGen3_A2_B1_profile.java
-rw-rw-r--   1 travis travis   3973 Jul 21 18:27 ModularCodeGen3_A2_B2.class
-rw-rw-r--   1 travis travis   9958 Jul 21 18:27 ModularCodeGen3_A2_B2.java
-rw-rw-r--   1 travis travis    880 Jul 21 18:27 ModularCodeGen3_A2_B2.mk
-rw-rw-r--   1 travis travis   1330 Jul 21 18:27 ModularCodeGen3_A2_B2_profile.class
-rw-rw-r--   1 travis travis   1274 Jul 21 18:27 ModularCodeGen3_A2_B2_profile.java
-rw-rw-r--   1 travis travis   5270 Jul 21 18:27 ModularCodeGen3_A2.class
-rw-rw-r--   1 travis travis  15957 Jul 21 18:27 ModularCodeGen3_A2.java
-rw-rw-r--   1 travis travis    856 Jul 21 18:27 ModularCodeGen3_A2.mk
-rw-rw-r--   1 travis travis   1445 Jul 21 18:27 ModularCodeGen3_A2_profile.class
-rw-rw-r--   1 travis travis   1716 Jul 21 18:27 ModularCodeGen3_A2_profile.java
-rw-rw-r--   1 travis travis   4026 Jul 21 18:27 ModularCodeGen4_A1_B1.class
-rw-rw-r--   1 travis travis  10312 Jul 21 18:27 ModularCodeGen4_A1_B1.java
-rw-rw-r--   1 travis travis    880 Jul 21 18:27 ModularCodeGen4_A1_B1.mk
-rw-rw-r--   1 travis travis   1330 Jul 21 18:27 ModularCodeGen4_A1_B1_profile.class
-rw-rw-r--   1 travis travis   1273 Jul 21 18:27 ModularCodeGen4_A1_B1_profile.java
-rw-rw-r--   1 travis travis   4026 Jul 21 18:28 ModularCodeGen4_A1_B2.class
-rw-rw-r--   1 travis travis  10312 Jul 21 18:28 ModularCodeGen4_A1_B2.java
-rw-rw-r--   1 travis travis    880 Jul 21 18:28 ModularCodeGen4_A1_B2.mk
-rw-rw-r--   1 travis travis   1330 Jul 21 18:28 ModularCodeGen4_A1_B2_profile.class
-rw-rw-r--   1 travis travis   1273 Jul 21 18:27 ModularCodeGen4_A1_B2_profile.java
-rw-rw-r--   1 travis travis   5333 Jul 21 18:28 ModularCodeGen4_A1.class
-rw-rw-r--   1 travis travis  16245 Jul 21 18:28 ModularCodeGen4_A1.java
-rw-rw-r--   1 travis travis    856 Jul 21 18:28 ModularCodeGen4_A1.mk
-rw-rw-r--   1 travis travis   1445 Jul 21 18:28 ModularCodeGen4_A1_profile.class
-rw-rw-r--   1 travis travis   1712 Jul 21 18:28 ModularCodeGen4_A1_profile.java
-rw-rw-r--   1 travis travis   4220 Jul 21 18:28 ModularCodeGen4_A2_B1.class
-rw-rw-r--   1 travis travis  11375 Jul 21 18:28 ModularCodeGen4_A2_B1.java
-rw-rw-r--   1 travis travis    880 Jul 21 18:28 ModularCodeGen4_A2_B1.mk
-rw-rw-r--   1 travis travis   1393 Jul 21 18:28 ModularCodeGen4_A2_B1_profile.class
-rw-rw-r--   1 travis travis   1454 Jul 21 18:28 ModularCodeGen4_A2_B1_profile.java
-rw-rw-r--   1 travis travis   4074 Jul 21 18:28 ModularCodeGen4_A2_B2.class
-rw-rw-r--   1 travis travis  10378 Jul 21 18:28 ModularCodeGen4_A2_B2.java
-rw-rw-r--   1 travis travis    880 Jul 21 18:28 ModularCodeGen4_A2_B2.mk
-rw-rw-r--   1 travis travis   1330 Jul 21 18:28 ModularCodeGen4_A2_B2_profile.class
-rw-rw-r--   1 travis travis   1270 Jul 21 18:28 ModularCodeGen4_A2_B2_profile.java
-rw-rw-r--   1 travis travis   5506 Jul 21 18:28 ModularCodeGen4_A2.class
-rw-rw-r--   1 travis travis  16770 Jul 21 18:28 ModularCodeGen4_A2.java
-rw-rw-r--   1 travis travis    856 Jul 21 18:28 ModularCodeGen4_A2.mk
-rw-rw-r--   1 travis travis   1445 Jul 21 18:28 ModularCodeGen4_A2_profile.class
-rw-rw-r--   1 travis travis   1712 Jul 21 18:28 ModularCodeGen4_A2_profile.java
-rw-rw-r--   1 travis travis   7070 Jul 21 18:28 ModularCodeGen5_A_A.class
-rw-rw-r--   1 travis travis  28721 Jul 21 18:28 ModularCodeGen5_A_A.java
-rw-rw-r--   1 travis travis    864 Jul 21 18:28 ModularCodeGen5_A_A.mk
-rw-rw-r--   1 travis travis   1520 Jul 21 18:28 ModularCodeGen5_A_A_profile.class
-rw-rw-r--   1 travis travis   1815 Jul 21 18:28 ModularCodeGen5_A_A_profile.java
-rw-rw-r--   1 travis travis   5347 Jul 21 18:28 ModularCodeGen5_A.class
-rw-rw-r--   1 travis travis  13769 Jul 21 18:28 ModularCodeGen5_A.java
-rw-rw-r--   1 travis travis    848 Jul 21 18:28 ModularCodeGen5_A.mk
-rw-rw-r--   1 travis travis   1422 Jul 21 18:28 ModularCodeGen5_A_profile.class
-rw-rw-r--   1 travis travis   1605 Jul 21 18:28 ModularCodeGen5_A_profile.java
-rw-rw-r--   1 travis travis   4357 Jul 21 18:28 ModularCodeGen6_A_A2.class
-rw-rw-r--   1 travis travis  11329 Jul 21 18:28 ModularCodeGen6_A_A2.java
-rw-rw-r--   1 travis travis    872 Jul 21 18:28 ModularCodeGen6_A_A2.mk
-rw-rw-r--   1 travis travis   1351 Jul 21 18:28 ModularCodeGen6_A_A2_profile.class
-rw-rw-r--   1 travis travis   1364 Jul 21 18:28 ModularCodeGen6_A_A2_profile.java
-rw-rw-r--   1 travis travis   4340 Jul 21 18:28 ModularCodeGen6_A_A.class
-rw-rw-r--   1 travis travis  11221 Jul 21 18:28 ModularCodeGen6_A_A.java
-rw-rw-r--   1 travis travis    864 Jul 21 18:28 ModularCodeGen6_A_A.mk
-rw-rw-r--   1 travis travis   1348 Jul 21 18:28 ModularCodeGen6_A_A_profile.class
-rw-rw-r--   1 travis travis   1361 Jul 21 18:28 ModularCodeGen6_A_A_profile.java
-rw-rw-r--   1 travis travis   7469 Jul 21 18:28 ModularCodeGen6_A.class
-rw-rw-r--   1 travis travis  26535 Jul 21 18:28 ModularCodeGen6_A.java
-rw-rw-r--   1 travis travis    848 Jul 21 18:28 ModularCodeGen6_A.mk
-rw-rw-r--   1 travis travis   1483 Jul 21 18:28 ModularCodeGen6_A_profile.class
-rw-rw-r--   1 travis travis   1810 Jul 21 18:28 ModularCodeGen6_A_profile.java
-rw-rw-r--   1 travis travis   9633 Jul 21 18:28 ModularCodeGenLazyPubSubGlobal_CompositeActor_ModularCodeGenTypedComposite.class
-rw-rw-r--   1 travis travis  30161 Jul 21 18:28 ModularCodeGenLazyPubSubGlobal_CompositeActor_ModularCodeGenTypedComposite.java
-rw-rw-r--   1 travis travis   1304 Jul 21 18:28 ModularCodeGenLazyPubSubGlobal_CompositeActor_ModularCodeGenTypedComposite.mk
-rw-rw-r--   1 travis travis   1438 Jul 21 18:28 ModularCodeGenLazyPubSubGlobal_CompositeActor_ModularCodeGenTypedComposite_profile.class
-rw-rw-r--   1 travis travis   1384 Jul 21 18:28 ModularCodeGenLazyPubSubGlobal_CompositeActor_ModularCodeGenTypedComposite_profile.java
-rw-rw-r--   1 travis travis   4184 Jul 21 18:28 ModularCodeGenLazyPubSub_LazyCompositeActor.class
-rw-rw-r--   1 travis travis  11122 Jul 21 18:28 ModularCodeGenLazyPubSub_LazyCompositeActor.java
-rw-rw-r--   1 travis travis   1056 Jul 21 18:28 ModularCodeGenLazyPubSub_LazyCompositeActor.mk
-rw-rw-r--   1 travis travis   1286 Jul 21 18:28 ModularCodeGenLazyPubSub_LazyCompositeActor_profile.class
-rw-rw-r--   1 travis travis   1091 Jul 21 18:28 ModularCodeGenLazyPubSub_LazyCompositeActor_profile.java
-rw-rw-r--   1 travis travis   4186 Jul 21 18:27 ModularCodeGen_ModularCodeGenTypedCompositeActor.class
-rw-rw-r--   1 travis travis  10970 Jul 21 18:27 ModularCodeGen_ModularCodeGenTypedCompositeActor.java
-rw-rw-r--   1 travis travis   1096 Jul 21 18:27 ModularCodeGen_ModularCodeGenTypedCompositeActor.mk
-rw-rw-r--   1 travis travis   1384 Jul 21 18:27 ModularCodeGen_ModularCodeGenTypedCompositeActor_profile.class
-rw-rw-r--   1 travis travis   1328 Jul 21 18:27 ModularCodeGen_ModularCodeGenTypedCompositeActor_profile.java
-rw-rw-r--   1 travis travis   3673 Jul 21 18:28 ModularCodeGenPubSub2_A1_A.class
-rw-rw-r--   1 travis travis   8578 Jul 21 18:28 ModularCodeGenPubSub2_A1_A.java
-rw-rw-r--   1 travis travis    920 Jul 21 18:28 ModularCodeGenPubSub2_A1_A.mk
-rw-rw-r--   1 travis travis   1274 Jul 21 18:28 ModularCodeGenPubSub2_A1_A_profile.class
-rw-rw-r--   1 travis travis   1128 Jul 21 18:28 ModularCodeGenPubSub2_A1_A_profile.java
-rw-rw-r--   1 travis travis   3965 Jul 21 18:28 ModularCodeGenPubSub2_A1.class
-rw-rw-r--   1 travis travis   9781 Jul 21 18:28 ModularCodeGenPubSub2_A1.java
-rw-rw-r--   1 travis travis    904 Jul 21 18:28 ModularCodeGenPubSub2_A1.mk
-rw-rw-r--   1 travis travis   1268 Jul 21 18:28 ModularCodeGenPubSub2_A1_profile.class
-rw-rw-r--   1 travis travis   1196 Jul 21 18:28 ModularCodeGenPubSub2_A1_profile.java
-rw-rw-r--   1 travis travis   3669 Jul 21 18:28 ModularCodeGenPubSub3_A1_A2.class
-rw-rw-r--   1 travis travis   8599 Jul 21 18:28 ModularCodeGenPubSub3_A1_A2.java
-rw-rw-r--   1 travis travis    928 Jul 21 18:28 ModularCodeGenPubSub3_A1_A2.mk
-rw-rw-r--   1 travis travis   1287 Jul 21 18:28 ModularCodeGenPubSub3_A1_A2_profile.class
-rw-rw-r--   1 travis travis   1132 Jul 21 18:28 ModularCodeGenPubSub3_A1_A2_profile.java
-rw-rw-r--   1 travis travis   1400 Jul 21 18:28 ModularCodeGenPubSub3_A1_profile.java
-rw-rw-r--   1 travis travis   3707 Jul 21 18:28 ModularCodeGenPubSub_A1.class
-rw-rw-r--   1 travis travis   9060 Jul 21 18:28 ModularCodeGenPubSub_A1.java
-rw-rw-r--   1 travis travis    896 Jul 21 18:28 ModularCodeGenPubSub_A1.mk
-rw-rw-r--   1 travis travis   1278 Jul 21 18:28 ModularCodeGenPubSub_A1_profile.class
-rw-rw-r--   1 travis travis   1195 Jul 21 18:28 ModularCodeGenPubSub_A1_profile.java
-rw-rw-r--   1 travis travis   3724 Jul 21 18:26 ModularCodeGenTest_A1_A2.class
-rw-rw-r--   1 travis travis   9164 Jul 21 18:26 ModularCodeGenTest_A1_A2.java
-rw-rw-r--   1 travis travis   1306 Jul 21 18:26 ModularCodeGenTest_A1_A2_profile.class
-rw-rw-r--   1 travis travis   4055 Jul 21 18:26 ModularCodeGenTest_A1.class
-rw-rw-r--   1 travis travis   9968 Jul 21 18:26 ModularCodeGenTest_A1.java
-rw-rw-r--   1 travis travis    880 Jul 21 18:26 ModularCodeGenTest_A1.mk
-rw-rw-r--   1 travis travis   1352 Jul 21 18:26 ModularCodeGenTest_A1_profile.class
-rw-rw-r--   1 travis travis   1394 Jul 21 18:26 ModularCodeGenTest_A1_profile.java
drwxrwxr-x   3 travis travis  32768 Jul 21 18:26 modulation2
drwxrwxr-x 139 travis travis  12288 Jul 21 18:26 node_modules
drwxrwxr-x   3 travis travis  20480 Jul 21 18:21 PhaseUnwrap
drwxrwxr-x   3 travis travis  12288 Jul 21 18:22 ReadFile1
-rw-rw-r--   1 travis travis     11 Jul 21 18:21 ReadFile1Output.txt
-rw-rw-r--   1 travis travis  13773 Jul 21 18:26 Repeat.class
-rw-rw-r--   1 travis travis    685 Jul 21 18:26 Repeat$_fireFunction_Repeat_Repeat$__f_sL_11.class
-rw-rw-r--   1 travis travis    541 Jul 21 18:26 Repeat$_fireFunction_Repeat_Repeat$__f_sL_12.class
-rw-rw-r--   1 travis travis    541 Jul 21 18:26 Repeat$_fireFunction_Repeat_Repeat$__f_sL_13.class
-rw-rw-r--   1 travis travis    541 Jul 21 18:26 Repeat$_fireFunction_Repeat_Repeat$__f_sL_14.class
-rw-rw-r--   1 travis travis    684 Jul 21 18:26 Repeat$_fireFunction_Repeat_Repeat$__f_sL_1.class
-rw-rw-r--   1 travis travis    683 Jul 21 18:26 Repeat$_fireFunction_Repeat_Repeat$__f_sL_4.class
-rw-rw-r--   1 travis travis    539 Jul 21 18:26 Repeat$_fireFunction_Repeat_Repeat$__f_sL_9.class
-rw-rw-r--   1 travis travis    494 Jul 21 18:26 Repeat$_initialize_Repeat$__i_sL_2.class
-rw-rw-r--   1 travis travis   1281 Jul 21 18:26 Repeat.mk
-rw-rw-r--   1 travis travis    539 Jul 21 18:26 Repeat$_preinitializeMethod_Repeat$__p_sL_0.class
-rw-rw-r--   1 travis travis   1102 Jul 21 18:26 Repeat$_Repeat$_fireFunction_Repeat_AddSubtract_Repeat.class
-rw-rw-r--   1 travis travis    810 Jul 21 18:26 Repeat$_Repeat$_fireFunction_Repeat_AddSubtract_Repeat$__f_sL_0.class
-rw-rw-r--   1 travis travis    928 Jul 21 18:26 Repeat$_Repeat$_fireFunction_Repeat_AddSubtract_Repeat$__f_sL_1.class
-rw-rw-r--   1 travis travis    934 Jul 21 18:26 Repeat$_Repeat$_fireFunction_Repeat_AddSubtract_Repeat$__f_sL_2.class
-rw-rw-r--   1 travis travis    862 Jul 21 18:26 Repeat$_Repeat$_fireFunction_Repeat_AddSubtract_Repeat$__f_sL_3.class
-rw-rw-r--   1 travis travis    757 Jul 21 18:26 Repeat$_Repeat$_fireFunction_Repeat_Ramp2_Repeat$__f_sL_0.class
-rw-rw-r--   1 travis travis    888 Jul 21 18:26 Repeat$_Repeat$_fireFunction_Repeat_Test_Repeat$__f_sL_0.class
-rw-rw-r--   1 travis travis    634 Jul 21 18:26 Repeat$_Repeat$_fireFunction_Repeat_Test_Repeat$__f_sL_1.class
-rw-rw-r--   1 travis travis    704 Jul 21 18:26 Repeat$_Repeat_SDF_Director_run_Repeat$__R_sL_0.class
-rw-rw-r--   1 travis travis    705 Jul 21 18:26 Repeat$_Repeat_SDF_Director_run_Repeat$__R_sL_11.class
-rw-rw-r--   1 travis travis    561 Jul 21 18:26 Repeat$_Repeat_SDF_Director_run_Repeat$__R_sL_13.class
-rw-rw-r--   1 travis travis    559 Jul 21 18:26 Repeat$_Repeat_SDF_Director_run_Repeat$__R_sL_2.class
-rw-rw-r--   1 travis travis    703 Jul 21 18:26 Repeat$_Repeat_SDF_Director_run_Repeat$__R_sL_3.class
-rw-rw-r--   1 travis travis    559 Jul 21 18:26 Repeat$_Repeat_SDF_Director_run_Repeat$__R_sL_5.class
-rw-rw-r--   1 travis travis    559 Jul 21 18:26 Repeat$_Repeat_SDF_Director_run_Repeat$__R_sL_8.class
drwxrwxr-x   2 travis travis   4096 Jul 21 18:26 RepeatVariables
-rw-rw-r--   1 travis travis    882 Jul 21 18:26 Repeat$_varinit_Repeat.class
-rw-rw-r--   1 travis travis    550 Jul 21 18:26 Repeat$_varinit_Repeat$__v_sL_2.class
-rw-rw-r--   1 travis travis    924 Jul 21 18:26 Repeat$_varinit_Repeat$__v_sL_4.class
-rw-rw-r--   1 travis travis    978 Jul 21 18:26 Repeat$_wrapup_Repeat$__w_sL_1.class
drwxrwxr-x   3 travis travis  20480 Jul 21 18:22 Sinewave
drwxrwxr-x   3 travis travis  32768 Jul 21 18:23 StringFunction
drwxrwxr-x   3 travis travis  12288 Jul 21 18:24 StringLength
drwxrwxr-x   3 travis travis  61440 Jul 21 18:24 StringMatches2
drwxrwxr-x   3 travis travis  61440 Jul 21 18:24 StringSimpleReplace
drwxrwxr-x   3 travis travis  65536 Jul 21 18:24 StringSubstring
drwxrwxr-x   3 travis travis  24576 Jul 21 18:25 StringSubstring2
drwxrwxr-x   3 travis travis  16384 Jul 21 18:25 time1
drwxrwxr-x   3 travis travis  12288 Jul 21 18:26 time5
-rw-rw-r--   1 travis travis    432 Jul 21 18:28 Token.class
-rw-rw-r--   1 travis travis    251 Jul 21 18:28 Token.java
-rwxrwxr-x   1 travis travis 466992 Jul 21 18:18 top
-rw-rw-r--   1 travis travis  20502 Jul 21 18:18 top.c
-rw-rw-r--   1 travis travis   3799 Jul 21 18:26 top.class
-rw-rw-r--   1 travis travis   1257 Jul 21 18:26 top.mk
All Done
Writing ModularCodeGenPubSub3_A1.java in file:/home/travis/cg/ (10100 characters)
Reading "ptolemy/cg/kernel/generic/program/procedural/java/modular/makefile.in",
    writing "/home/travis/cg/ModularCodeGenPubSub3_A1.mk"
Using ptolemy/cg/kernel/generic/program/procedural/java/modular/makefile.in
In "/home/travis/cg", about to execute:
    make -f ModularCodeGenPubSub3_A1.mk
javac -classpath ".:.."    ModularCodeGenPubSub3_A1.java
All Done
6820 ms. Memory: 145408K Free: 86501K (59%)
----------------- Invoking toplevel() on ptolemy.moml.MoMLSimpleApplication@1d771aa
----------------- Done invoking toplevel() on ptolemy.moml.MoMLSimpleApplication@1d771aa
reloadAllAccessors: .ModularCodeGenPubSub3

===========================================================================================
----------------- testing Sun Jul 21 18:28:58 UTC 2019 /home/travis/build/icyphy/ptII/ptolemy/cg/lib/test/auto/ModularCodeGenPubSub4.xml
----------------- Instantiating /home/travis/build/icyphy/ptII/ptolemy/cg/lib/test/auto/ModularCodeGenPubSub4.xml
In "/home/travis/cg", about to execute:
    pwd
In "/home/travis/cg", about to execute:
    ls -l
/home/travis/cg
In "/home/travis/cg", about to execute:
    javac -classpath
.:/home/travis/build/icyphy/ptII:/home/travis/build/icyphy/ptII/lib/bsh-2.0b4.j
ar:/home/travis/build/icyphy/ptII/lib/ptCal.jar:/home/travis/build/icyphy/ptII/
lib/java_cup.jar:/home/travis/build/icyphy/ptII/lib/saxon8.jar:/home/travis/bui
ld/icyphy/ptII/lib/saxon8-dom.jar:/home/travis/build/icyphy/ptII/lib/chic.jar:/
home/travis/build/icyphy/ptII/lib/ptcolt.jar:/home/travis/build/icyphy/ptII/ven
dors/misc/itext/iText.jar:/home/travis/build/icyphy/ptII/lib/g4ltl.jar:/home/tr
avis/build/icyphy/ptII/lib/StructuralCoder.jar:/home/travis/build/icyphy/ptII/l
ib/jcerti.jar:/home/travis/build/icyphy/ptII/lib/javax.mail.jar:/home/travis/bu
ild/icyphy/ptII/vendors/JMF-2.1.1e/lib/jmf.jar:/home/travis/build/icyphy/ptII/l
ib/jna-4.0.0-variadic.jar:/home/travis/build/icyphy/ptII/vendors/misc/joystick/
Joystick.jar:/home/travis/build/icyphy/ptII/lib/ptjacl.jar:/home/travis/build/i
cyphy/ptII/lib/jsoup-1.8.2.jar:/home/travis/build/icyphy/ptII/lib/junit-4.8.2.j
ar:/home/travis/build/icyphy/ptII/lib/JUnitParams-0.4.0.jar:/home/travis/build/
icyphy/ptII/ptolemy/actor/lib/excel/jxl.jar:/home/travis/build/icyphy/ptII/lib/
jython.jar:/home/travis/build/icyphy/ptII/lib/kieler.jar:/home/travis/build/icy
phy/ptII/vendors/opencv/share/OpenCV/java/opencv-341.jar:/home/travis/build/icy
phy/ptII/lib/oscP5.jar:/home/travis/build/icyphy/ptII/lib/nrjavaserial-3.11.0.d
evel.jar:/home/travis/build/icyphy/ptII/vendors/j3d/lib/Linux/j3dcore.jar:/home
/travis/build/icyphy/ptII/vendors/j3d/lib/Linux/j3dutils.jar:/home/travis/build
/icyphy/ptII/vendors/j3d/lib/Linux/vecmath.jar:/home/travis/build/icyphy/ptII/v
endors/jogl/lib/Linux/gluegen-rt-natives-linux-amd64.jar:/home/travis/build/icy
phy/ptII/vendors/jogl/lib/Linux/gluegen-rt.jar:/home/travis/build/icyphy/ptII/v
endors/jogl/lib/Linux/jogl-all-natives-linux-amd64.jar:/home/travis/build/icyph
y/ptII/vendors/jogl/lib/Linux/jogl-all.jar:/home/travis/build/icyphy/ptII/ptole
my/distributed/jini/jar/jini-core.jar:/home/travis/build/icyphy/ptII/ptolemy/di
stributed/jini/jar/jini-ext.jar:/home/travis/build/icyphy/ptII/ptolemy/distribu
ted/jini/jar/sun-util.jar:/home/travis/build/icyphy/ptII/lib/protobuf-java-2.4.
1.jar:/home/travis/build/icyphy/ptII/lib/org.eclipse.paho.client.mqttv3.jar:/ho
me/travis/build/icyphy/ptII/lib/mapss.jar:/home/travis/build/icyphy/ptII/ptolem
y/actor/ptalon/antlr/antlr.jar:/home/travis/build/icyphy/ptII/lib/JRI.jar:/home
/travis/build/icyphy/ptII/lib/commons-lang-2.6.jar:/home/travis/build/icyphy/pt
II/lib/commons-logging-1.1.1.jar:/home/travis/build/icyphy/ptII/lib/sootclasses
.jar:/home/travis/build/icyphy/ptII/ptolemy/actor/lib/database/mysql-connector-
java-5.1.6-bin.jar:/home/travis/build/icyphy/ptII/vendors/misc/sphinx4/sphinx4-
data-5prealpha.jar:/home/travis/build/icyphy/ptII/vendors/misc/sphinx4/sphinx4-
core-5prealpha.jar:/home/travis/build/icyphy/ptII/lib/PDFRenderer.jar:/home/tra
vis/build/icyphy/ptII/lib/svgSalamander.jar:/home/travis/build/icyphy/ptII/lib/
rsyntaxtextarea-2.6.0-SNAPSHOT.jar:/home/travis/build/icyphy/ptII/lib/hazelcast
-3.8.2.jar:/home/travis/build/icyphy/ptII/lib/jackson-annotations-2.9.0.jar:/ho
me/travis/build/icyphy/ptII/lib/jackson-core-2.9.3.jar:/home/travis/build/icyph
y/ptII/lib/jackson-databind-2.9.3.jar:/home/travis/build/icyphy/ptII/lib/netty-
buffer-4.1.19.Final.jar:/home/travis/build/icyphy/ptII/lib/netty-codec-4.1.19.F
inal.jar:/home/travis/build/icyphy/ptII/lib/netty-codec-dns-4.1.19.Final.jar:/h
ome/travis/build/icyphy/ptII/lib/netty-codec-http-4.1.19.Final.jar:/home/travis
/build/icyphy/ptII/lib/netty-codec-http2-4.1.19.Final.jar:/home/travis/build/ic
yphy/ptII/lib/netty-common-4.1.19.Final.jar:/home/travis/build/icyphy/ptII/lib/
netty-handler-4.1.19.Final.jar:/home/travis/build/icyphy/ptII/lib/netty-resolve
r-4.1.19.Final.jar:/home/travis/build/icyphy/ptII/lib/netty-resolver-dns-4.1.19
.Final.jar:/home/travis/build/icyphy/ptII/lib/netty-transport-4.1.19.Final.jar:
/home/travis/build/icyphy/ptII/lib/vertx-codegen-3.5.1.jar:/home/travis/build/i
cyphy/ptII/lib/vertx-core-3.5.2-SNAPSHOT.jar:/home/travis/build/icyphy/ptII/lib
/vertx-hazelcast-3.5.1.jar:/home/travis/build/icyphy/ptII/lib/vertx-lang-js-3.5
.1.jar:/home/travis/build/icyphy/ptII/lib/vertx-service-proxy-3.5.1.jar:/home/t
ravis/build/icyphy/ptII/lib/vertx-web-3.5.1.jar:/home/travis/build/icyphy/ptII/
lib/slf4j-api-1.7.13.jar:/home/travis/build/icyphy/ptII/lib/slf4j-simple-1.7.13
.jar:/home/travis/build/icyphy/ptII/lib/webcam-capture-0.3.12.jar:/home/travis/
build/icyphy/ptII/lib/bridj-0.7.0.jar:/home/travis/build/icyphy/ptII/lib/xbjlib
-1.1.0.nrjavaserial.jar:/home/travis/build/icyphy/ptII/ptolemy/moml/test:/home/
travis/build/icyphy/ptII/ant/lib/ant-launcher.jar:/home/travis/build/icyphy/ptI
I/ant/lib/ant.jar:/home/travis/build/icyphy/ptII/ant/lib/ant-junit.jar:/home/tr
avis/build/icyphy/ptII/ant/lib/ant-junit4.jar:/home/travis/build/icyphy/ptII
ModularCodeGenPubSub4_A1_A_profile.java
total 2548
drwxrwxr-x   3 travis travis  12288 Jul 21 18:20 AbsoluteValue
drwxrwxr-x   3 travis travis 102400 Jul 21 18:19 AllColt
-rw-rw-r--   1 travis travis    233 Jul 21 18:28 Array.class
-rw-rw-r--   1 travis travis    459 Jul 21 18:28 Array.java
drwxrwxr-x   3 travis travis  12288 Jul 21 18:19 Case1
-rw-rw-r--   1 travis travis   5128 Jul 21 18:26 CompiledCompositeActor_CompiledCompositeActor.class
-rw-rw-r--   1 travis travis   1611 Jul 21 18:26 CompiledCompositeActor_CompiledCompositeActor$_CompiledCompositeActor_CompiledCompositeActor.class
-rw-rw-r--   1 travis travis  13466 Jul 21 18:26 CompiledCompositeActor_CompiledCompositeActor.java
-rw-rw-r--   1 travis travis   1593 Jul 21 18:26 CompiledCompositeActor_CompiledCompositeActor.mk
drwxrwxr-x   5 travis travis   4096 Jul 21 18:18 fmi
drwxrwxr-x   3 travis travis  16384 Jul 21 18:20 Gaussian2
-rw-rw-r--   1 travis travis   4684 Jul 21 18:26 JavaCompiledCompositeTest1_CompiledCompositeActor.class
-rw-rw-r--   1 travis travis  11637 Jul 21 18:26 JavaCompiledCompositeTest1_CompiledCompositeActor.java
-rw-rw-r--   1 travis travis   1217 Jul 21 18:26 JavaCompiledCompositeTest1_CompiledCompositeActor$_JavaCompiledCompositeTest1_CompiledCompositeActor.class
-rw-rw-r--   1 travis travis   1625 Jul 21 18:26 JavaCompiledCompositeTest1_CompiledCompositeActor.mk
-rw-rw-r--   1 travis travis   5115 Jul 21 18:26 JavaCompiledCompositeTest2_CompiledCompositeActor.class
-rw-rw-r--   1 travis travis  14919 Jul 21 18:26 JavaCompiledCompositeTest2_CompiledCompositeActor.java
-rw-rw-r--   1 travis travis   1812 Jul 21 18:26 JavaCompiledCompositeTest2_CompiledCompositeActor$_JavaCompiledCompositeTest2_CompiledCompositeActor.class
-rw-rw-r--   1 travis travis   1625 Jul 21 18:26 JavaCompiledCompositeTest2_CompiledCompositeActor.mk
-rw-rw-r--   1 travis travis   4732 Jul 21 18:26 JavaCompiledCompositeTest3_CompiledCompositeActor.class
-rw-rw-r--   1 travis travis  13080 Jul 21 18:26 JavaCompiledCompositeTest3_CompiledCompositeActor.java
-rw-rw-r--   1 travis travis   1397 Jul 21 18:26 JavaCompiledCompositeTest3_CompiledCompositeActor$_JavaCompiledCompositeTest3_CompiledCompositeActor.class
-rw-rw-r--   1 travis travis   1625 Jul 21 18:26 JavaCompiledCompositeTest3_CompiledCompositeActor.mk
-rw-rw-r--   1 travis travis   4183 Jul 21 18:26 JavaCompiledCompositeTest4_CompiledCompositeActor.class
-rw-rw-r--   1 travis travis   9687 Jul 21 18:26 JavaCompiledCompositeTest4_CompiledCompositeActor.java
-rw-rw-r--   1 travis travis    876 Jul 21 18:26 JavaCompiledCompositeTest4_CompiledCompositeActor$_JavaCompiledCompositeTest4_CompiledCompositeActor.class
-rw-rw-r--   1 travis travis   1625 Jul 21 18:26 JavaCompiledCompositeTest4_CompiledCompositeActor.mk
drwxrwxr-x   3 travis travis  12288 Jul 21 18:21 LookupTable
drwxrwxr-x   3 travis travis  20480 Jul 21 18:21 MaxIndex
-rw-rw-r--   1 travis travis   3925 Jul 21 18:26 ModularCG_A1_B1.class
-rw-rw-r--   1 travis travis   9730 Jul 21 18:26 ModularCG_A1_B1.java
-rw-rw-r--   1 travis travis    832 Jul 21 18:26 ModularCG_A1_B1.mk
-rw-rw-r--   1 travis travis   1318 Jul 21 18:26 ModularCG_A1_B1_profile.class
-rw-rw-r--   1 travis travis   1262 Jul 21 18:26 ModularCG_A1_B1_profile.java
-rw-rw-r--   1 travis travis   3925 Jul 21 18:27 ModularCG_A1_B2.class
-rw-rw-r--   1 travis travis   9730 Jul 21 18:27 ModularCG_A1_B2.java
-rw-rw-r--   1 travis travis    832 Jul 21 18:27 ModularCG_A1_B2.mk
-rw-rw-r--   1 travis travis   1318 Jul 21 18:27 ModularCG_A1_B2_profile.class
-rw-rw-r--   1 travis travis   1262 Jul 21 18:26 ModularCG_A1_B2_profile.java
-rw-rw-r--   1 travis travis   5031 Jul 21 18:27 ModularCG_A1.class
-rw-rw-r--   1 travis travis  14742 Jul 21 18:27 ModularCG_A1.java
-rw-rw-r--   1 travis travis    808 Jul 21 18:27 ModularCG_A1.mk
-rw-rw-r--   1 travis travis   1433 Jul 21 18:27 ModularCG_A1_profile.class
-rw-rw-r--   1 travis travis   1704 Jul 21 18:27 ModularCG_A1_profile.java
-rw-rw-r--   1 travis travis   4059 Jul 21 18:27 ModularCG_A2_B1.class
-rw-rw-r--   1 travis travis  10667 Jul 21 18:27 ModularCG_A2_B1.java
-rw-rw-r--   1 travis travis    832 Jul 21 18:27 ModularCG_A2_B1.mk
-rw-rw-r--   1 travis travis   1381 Jul 21 18:27 ModularCG_A2_B1_profile.class
-rw-rw-r--   1 travis travis   1446 Jul 21 18:27 ModularCG_A2_B1_profile.java
-rw-rw-r--   1 travis travis   3925 Jul 21 18:27 ModularCG_A2_B2.class
-rw-rw-r--   1 travis travis   9730 Jul 21 18:27 ModularCG_A2_B2.java
-rw-rw-r--   1 travis travis    832 Jul 21 18:27 ModularCG_A2_B2.mk
-rw-rw-r--   1 travis travis   1318 Jul 21 18:27 ModularCG_A2_B2_profile.class
-rw-rw-r--   1 travis travis   1262 Jul 21 18:27 ModularCG_A2_B2_profile.java
-rw-rw-r--   1 travis travis   5102 Jul 21 18:27 ModularCG_A2.class
-rw-rw-r--   1 travis travis  15129 Jul 21 18:27 ModularCG_A2.java
-rw-rw-r--   1 travis travis    808 Jul 21 18:27 ModularCG_A2.mk
-rw-rw-r--   1 travis travis   1433 Jul 21 18:27 ModularCG_A2_profile.class
-rw-rw-r--   1 travis travis   1704 Jul 21 18:27 ModularCG_A2_profile.java
-rw-rw-r--   1 travis travis   3705 Jul 21 18:27 ModularCGPubSub_A1_A2.class
-rw-rw-r--   1 travis travis   9076 Jul 21 18:27 ModularCGPubSub_A1_A2.java
-rw-rw-r--   1 travis travis    880 Jul 21 18:27 ModularCGPubSub_A1_A2.mk
-rw-rw-r--   1 travis travis   1300 Jul 21 18:27 ModularCGPubSub_A1_A2_profile.class
-rw-rw-r--   1 travis travis   1222 Jul 21 18:27 ModularCGPubSub_A1_A2_profile.java
-rw-rw-r--   1 travis travis   4022 Jul 21 18:27 ModularCGPubSub_A1.class
-rw-rw-r--   1 travis travis   9836 Jul 21 18:27 ModularCGPubSub_A1.java
-rw-rw-r--   1 travis travis    856 Jul 21 18:27 ModularCGPubSub_A1.mk
-rw-rw-r--   1 travis travis   1346 Jul 21 18:27 ModularCGPubSub_A1_profile.class
-rw-rw-r--   1 travis travis   1388 Jul 21 18:27 ModularCGPubSub_A1_profile.java
-rw-rw-r--   1 travis travis   4220 Jul 21 18:27 ModularCodeGen2_ModularCodeGenTypedCompositeActor.class
-rw-rw-r--   1 travis travis  11690 Jul 21 18:27 ModularCodeGen2_ModularCodeGenTypedCompositeActor.java
-rw-rw-r--   1 travis travis   1104 Jul 21 18:27 ModularCodeGen2_ModularCodeGenTypedCompositeActor.mk
-rw-rw-r--   1 travis travis   4504 Jul 21 18:27 ModularCodeGen2_ModularCodeGenTypedCompositeActor_ModularCodeGenTypedCompositeActor.class
-rw-rw-r--   1 travis travis  11790 Jul 21 18:27 ModularCodeGen2_ModularCodeGenTypedCompositeActor_ModularCodeGenTypedCompositeActor.java
-rw-rw-r--   1 travis travis   1376 Jul 21 18:27 ModularCodeGen2_ModularCodeGenTypedCompositeActor_ModularCodeGenTypedCompositeActor.mk
-rw-rw-r--   1 travis travis   1421 Jul 21 18:27 ModularCodeGen2_ModularCodeGenTypedCompositeActor_ModularCodeGenTypedCompositeActor_profile.class
-rw-rw-r--   1 travis travis   1294 Jul 21 18:27 ModularCodeGen2_ModularCodeGenTypedCompositeActor_ModularCodeGenTypedCompositeActor_profile.java
-rw-rw-r--   1 travis travis    820 Jul 21 18:27 ModularCodeGen2_ModularCodeGenTypedCompositeActor_profile.class
-rw-rw-r--   1 travis travis    693 Jul 21 18:27 ModularCodeGen2_ModularCodeGenTypedCompositeActor_profile.java
-rw-rw-r--   1 travis travis   3973 Jul 21 18:27 ModularCodeGen3_A1_B1.class
-rw-rw-r--   1 travis travis   9958 Jul 21 18:27 ModularCodeGen3_A1_B1.java
-rw-rw-r--   1 travis travis    880 Jul 21 18:27 ModularCodeGen3_A1_B1.mk
-rw-rw-r--   1 travis travis   1330 Jul 21 18:27 ModularCodeGen3_A1_B1_profile.class
-rw-rw-r--   1 travis travis   1274 Jul 21 18:27 ModularCodeGen3_A1_B1_profile.java
-rw-rw-r--   1 travis travis   3973 Jul 21 18:27 ModularCodeGen3_A1_B2.class
-rw-rw-r--   1 travis travis   9958 Jul 21 18:27 ModularCodeGen3_A1_B2.java
-rw-rw-r--   1 travis travis    880 Jul 21 18:27 ModularCodeGen3_A1_B2.mk
-rw-rw-r--   1 travis travis   1330 Jul 21 18:27 ModularCodeGen3_A1_B2_profile.class
-rw-rw-r--   1 travis travis   1274 Jul 21 18:27 ModularCodeGen3_A1_B2_profile.java
-rw-rw-r--   1 travis travis   5193 Jul 21 18:27 ModularCodeGen3_A1.class
-rw-rw-r--   1 travis travis  15564 Jul 21 18:27 ModularCodeGen3_A1.java
-rw-rw-r--   1 travis travis    856 Jul 21 18:27 ModularCodeGen3_A1.mk
-rw-rw-r--   1 travis travis   1445 Jul 21 18:27 ModularCodeGen3_A1_profile.class
-rw-rw-r--   1 travis travis   1716 Jul 21 18:27 ModularCodeGen3_A1_profile.java
-rw-rw-r--   1 travis travis   4119 Jul 21 18:27 ModularCodeGen3_A2_B1.class
-rw-rw-r--   1 travis travis  10955 Jul 21 18:27 ModularCodeGen3_A2_B1.java
-rw-rw-r--   1 travis travis    880 Jul 21 18:27 ModularCodeGen3_A2_B1.mk
-rw-rw-r--   1 travis travis   1393 Jul 21 18:27 ModularCodeGen3_A2_B1_profile.class
-rw-rw-r--   1 travis travis   1458 Jul 21 18:27 ModularCodeGen3_A2_B1_profile.java
-rw-rw-r--   1 travis travis   3973 Jul 21 18:27 ModularCodeGen3_A2_B2.class
-rw-rw-r--   1 travis travis   9958 Jul 21 18:27 ModularCodeGen3_A2_B2.java
-rw-rw-r--   1 travis travis    880 Jul 21 18:27 ModularCodeGen3_A2_B2.mk
-rw-rw-r--   1 travis travis   1330 Jul 21 18:27 ModularCodeGen3_A2_B2_profile.class
-rw-rw-r--   1 travis travis   1274 Jul 21 18:27 ModularCodeGen3_A2_B2_profile.java
-rw-rw-r--   1 travis travis   5270 Jul 21 18:27 ModularCodeGen3_A2.class
-rw-rw-r--   1 travis travis  15957 Jul 21 18:27 ModularCodeGen3_A2.java
-rw-rw-r--   1 travis travis    856 Jul 21 18:27 ModularCodeGen3_A2.mk
-rw-rw-r--   1 travis travis   1445 Jul 21 18:27 ModularCodeGen3_A2_profile.class
-rw-rw-r--   1 travis travis   1716 Jul 21 18:27 ModularCodeGen3_A2_profile.java
-rw-rw-r--   1 travis travis   4026 Jul 21 18:27 ModularCodeGen4_A1_B1.class
-rw-rw-r--   1 travis travis  10312 Jul 21 18:27 ModularCodeGen4_A1_B1.java
-rw-rw-r--   1 travis travis    880 Jul 21 18:27 ModularCodeGen4_A1_B1.mk
-rw-rw-r--   1 travis travis   1330 Jul 21 18:27 ModularCodeGen4_A1_B1_profile.class
-rw-rw-r--   1 travis travis   1273 Jul 21 18:27 ModularCodeGen4_A1_B1_profile.java
-rw-rw-r--   1 travis travis   4026 Jul 21 18:28 ModularCodeGen4_A1_B2.class
-rw-rw-r--   1 travis travis  10312 Jul 21 18:28 ModularCodeGen4_A1_B2.java
-rw-rw-r--   1 travis travis    880 Jul 21 18:28 ModularCodeGen4_A1_B2.mk
-rw-rw-r--   1 travis travis   1330 Jul 21 18:28 ModularCodeGen4_A1_B2_profile.class
-rw-rw-r--   1 travis travis   1273 Jul 21 18:27 ModularCodeGen4_A1_B2_profile.java
-rw-rw-r--   1 travis travis   5333 Jul 21 18:28 ModularCodeGen4_A1.class
-rw-rw-r--   1 travis travis  16245 Jul 21 18:28 ModularCodeGen4_A1.java
-rw-rw-r--   1 travis travis    856 Jul 21 18:28 ModularCodeGen4_A1.mk
-rw-rw-r--   1 travis travis   1445 Jul 21 18:28 ModularCodeGen4_A1_profile.class
-rw-rw-r--   1 travis travis   1712 Jul 21 18:28 ModularCodeGen4_A1_profile.java
-rw-rw-r--   1 travis travis   4220 Jul 21 18:28 ModularCodeGen4_A2_B1.class
-rw-rw-r--   1 travis travis  11375 Jul 21 18:28 ModularCodeGen4_A2_B1.java
-rw-rw-r--   1 travis travis    880 Jul 21 18:28 ModularCodeGen4_A2_B1.mk
-rw-rw-r--   1 travis travis   1393 Jul 21 18:28 ModularCodeGen4_A2_B1_profile.class
-rw-rw-r--   1 travis travis   1454 Jul 21 18:28 ModularCodeGen4_A2_B1_profile.java
-rw-rw-r--   1 travis travis   4074 Jul 21 18:28 ModularCodeGen4_A2_B2.class
-rw-rw-r--   1 travis travis  10378 Jul 21 18:28 ModularCodeGen4_A2_B2.java
-rw-rw-r--   1 travis travis    880 Jul 21 18:28 ModularCodeGen4_A2_B2.mk
-rw-rw-r--   1 travis travis   1330 Jul 21 18:28 ModularCodeGen4_A2_B2_profile.class
-rw-rw-r--   1 travis travis   1270 Jul 21 18:28 ModularCodeGen4_A2_B2_profile.java
-rw-rw-r--   1 travis travis   5506 Jul 21 18:28 ModularCodeGen4_A2.class
-rw-rw-r--   1 travis travis  16770 Jul 21 18:28 ModularCodeGen4_A2.java
-rw-rw-r--   1 travis travis    856 Jul 21 18:28 ModularCodeGen4_A2.mk
-rw-rw-r--   1 travis travis   1445 Jul 21 18:28 ModularCodeGen4_A2_profile.class
-rw-rw-r--   1 travis travis   1712 Jul 21 18:28 ModularCodeGen4_A2_profile.java
-rw-rw-r--   1 travis travis   7070 Jul 21 18:28 ModularCodeGen5_A_A.class
-rw-rw-r--   1 travis travis  28721 Jul 21 18:28 ModularCodeGen5_A_A.java
-rw-rw-r--   1 travis travis    864 Jul 21 18:28 ModularCodeGen5_A_A.mk
-rw-rw-r--   1 travis travis   1520 Jul 21 18:28 ModularCodeGen5_A_A_profile.class
-rw-rw-r--   1 travis travis   1815 Jul 21 18:28 ModularCodeGen5_A_A_profile.java
-rw-rw-r--   1 travis travis   5347 Jul 21 18:28 ModularCodeGen5_A.class
-rw-rw-r--   1 travis travis  13769 Jul 21 18:28 ModularCodeGen5_A.java
-rw-rw-r--   1 travis travis    848 Jul 21 18:28 ModularCodeGen5_A.mk
-rw-rw-r--   1 travis travis   1422 Jul 21 18:28 ModularCodeGen5_A_profile.class
-rw-rw-r--   1 travis travis   1605 Jul 21 18:28 ModularCodeGen5_A_profile.java
-rw-rw-r--   1 travis travis   4357 Jul 21 18:28 ModularCodeGen6_A_A2.class
-rw-rw-r--   1 travis travis  11329 Jul 21 18:28 ModularCodeGen6_A_A2.java
-rw-rw-r--   1 travis travis    872 Jul 21 18:28 ModularCodeGen6_A_A2.mk
-rw-rw-r--   1 travis travis   1351 Jul 21 18:28 ModularCodeGen6_A_A2_profile.class
-rw-rw-r--   1 travis travis   1364 Jul 21 18:28 ModularCodeGen6_A_A2_profile.java
-rw-rw-r--   1 travis travis   4340 Jul 21 18:28 ModularCodeGen6_A_A.class
-rw-rw-r--   1 travis travis  11221 Jul 21 18:28 ModularCodeGen6_A_A.java
-rw-rw-r--   1 travis travis    864 Jul 21 18:28 ModularCodeGen6_A_A.mk
-rw-rw-r--   1 travis travis   1348 Jul 21 18:28 ModularCodeGen6_A_A_profile.class
-rw-rw-r--   1 travis travis   1361 Jul 21 18:28 ModularCodeGen6_A_A_profile.java
-rw-rw-r--   1 travis travis   7469 Jul 21 18:28 ModularCodeGen6_A.class
-rw-rw-r--   1 travis travis  26535 Jul 21 18:28 ModularCodeGen6_A.java
-rw-rw-r--   1 travis travis    848 Jul 21 18:28 ModularCodeGen6_A.mk
-rw-rw-r--   1 travis travis   1483 Jul 21 18:28 ModularCodeGen6_A_profile.class
-rw-rw-r--   1 travis travis   1810 Jul 21 18:28 ModularCodeGen6_A_profile.java
-rw-rw-r--   1 travis travis   9633 Jul 21 18:28 ModularCodeGenLazyPubSubGlobal_CompositeActor_ModularCodeGenTypedComposite.class
-rw-rw-r--   1 travis travis  30161 Jul 21 18:28 ModularCodeGenLazyPubSubGlobal_CompositeActor_ModularCodeGenTypedComposite.java
-rw-rw-r--   1 travis travis   1304 Jul 21 18:28 ModularCodeGenLazyPubSubGlobal_CompositeActor_ModularCodeGenTypedComposite.mk
-rw-rw-r--   1 travis travis   1438 Jul 21 18:28 ModularCodeGenLazyPubSubGlobal_CompositeActor_ModularCodeGenTypedComposite_profile.class
-rw-rw-r--   1 travis travis   1384 Jul 21 18:28 ModularCodeGenLazyPubSubGlobal_CompositeActor_ModularCodeGenTypedComposite_profile.java
-rw-rw-r--   1 travis travis   4184 Jul 21 18:28 ModularCodeGenLazyPubSub_LazyCompositeActor.class
-rw-rw-r--   1 travis travis  11122 Jul 21 18:28 ModularCodeGenLazyPubSub_LazyCompositeActor.java
-rw-rw-r--   1 travis travis   1056 Jul 21 18:28 ModularCodeGenLazyPubSub_LazyCompositeActor.mk
-rw-rw-r--   1 travis travis   1286 Jul 21 18:28 ModularCodeGenLazyPubSub_LazyCompositeActor_profile.class
-rw-rw-r--   1 travis travis   1091 Jul 21 18:28 ModularCodeGenLazyPubSub_LazyCompositeActor_profile.java
-rw-rw-r--   1 travis travis   4186 Jul 21 18:27 ModularCodeGen_ModularCodeGenTypedCompositeActor.class
-rw-rw-r--   1 travis travis  10970 Jul 21 18:27 ModularCodeGen_ModularCodeGenTypedCompositeActor.java
-rw-rw-r--   1 travis travis   1096 Jul 21 18:27 ModularCodeGen_ModularCodeGenTypedCompositeActor.mk
-rw-rw-r--   1 travis travis   1384 Jul 21 18:27 ModularCodeGen_ModularCodeGenTypedCompositeActor_profile.class
-rw-rw-r--   1 travis travis   1328 Jul 21 18:27 ModularCodeGen_ModularCodeGenTypedCompositeActor_profile.java
-rw-rw-r--   1 travis travis   3673 Jul 21 18:28 ModularCodeGenPubSub2_A1_A.class
-rw-rw-r--   1 travis travis   8578 Jul 21 18:28 ModularCodeGenPubSub2_A1_A.java
-rw-rw-r--   1 travis travis    920 Jul 21 18:28 ModularCodeGenPubSub2_A1_A.mk
-rw-rw-r--   1 travis travis   1274 Jul 21 18:28 ModularCodeGenPubSub2_A1_A_profile.class
-rw-rw-r--   1 travis travis   1128 Jul 21 18:28 ModularCodeGenPubSub2_A1_A_profile.java
-rw-rw-r--   1 travis travis   3965 Jul 21 18:28 ModularCodeGenPubSub2_A1.class
-rw-rw-r--   1 travis travis   9781 Jul 21 18:28 ModularCodeGenPubSub2_A1.java
-rw-rw-r--   1 travis travis    904 Jul 21 18:28 ModularCodeGenPubSub2_A1.mk
-rw-rw-r--   1 travis travis   1268 Jul 21 18:28 ModularCodeGenPubSub2_A1_profile.class
-rw-rw-r--   1 travis travis   1196 Jul 21 18:28 ModularCodeGenPubSub2_A1_profile.java
-rw-rw-r--   1 travis travis   3669 Jul 21 18:28 ModularCodeGenPubSub3_A1_A2.class
-rw-rw-r--   1 travis travis   8599 Jul 21 18:28 ModularCodeGenPubSub3_A1_A2.java
-rw-rw-r--   1 travis travis    928 Jul 21 18:28 ModularCodeGenPubSub3_A1_A2.mk
-rw-rw-r--   1 travis travis   1287 Jul 21 18:28 ModularCodeGenPubSub3_A1_A2_profile.class
-rw-rw-r--   1 travis travis   1132 Jul 21 18:28 ModularCodeGenPubSub3_A1_A2_profile.java
-rw-rw-r--   1 travis travis   4088 Jul 21 18:28 ModularCodeGenPubSub3_A1.class
-rw-rw-r--   1 travis travis  10100 Jul 21 18:28 ModularCodeGenPubSub3_A1.java
-rw-rw-r--   1 travis travis    904 Jul 21 18:28 ModularCodeGenPubSub3_A1.mk
-rw-rw-r--   1 travis travis   1358 Jul 21 18:28 ModularCodeGenPubSub3_A1_profile.class
-rw-rw-r--   1 travis travis   1400 Jul 21 18:28 ModularCodeGenPubSub3_A1_profile.java
-rw-rw-r--   1 travis travis   1128 Jul 21 18:28 ModularCodeGenPubSub4_A1_A_profile.java
-rw-rw-r--   1 travis travis   3707 Jul 21 18:28 ModularCodeGenPubSub_A1.class
-rw-rw-r--   1 travis travis   9060 Jul 21 18:28 ModularCodeGenPubSub_A1.java
-rw-rw-r--   1 travis travis    896 Jul 21 18:28 ModularCodeGenPubSub_A1.mk
-rw-rw-r--   1 travis travis   1278 Jul 21 18:28 ModularCodeGenPubSub_A1_profile.class
-rw-rw-r--   1 travis travis   1195 Jul 21 18:28 ModularCodeGenPubSub_A1_profile.java
-rw-rw-r--   1 travis travis   3724 Jul 21 18:26 ModularCodeGenTest_A1_A2.class
-rw-rw-r--   1 travis travis   9164 Jul 21 18:26 ModularCodeGenTest_A1_A2.java
-rw-rw-r--   1 travis travis   1306 Jul 21 18:26 ModularCodeGenTest_A1_A2_profile.class
-rw-rw-r--   1 travis travis   4055 Jul 21 18:26 ModularCodeGenTest_A1.class
-rw-rw-r--   1 travis travis   9968 Jul 21 18:26 ModularCodeGenTest_A1.java
-rw-rw-r--   1 travis travis    880 Jul 21 18:26 ModularCodeGenTest_A1.mk
-rw-rw-r--   1 travis travis   1352 Jul 21 18:26 ModularCodeGenTest_A1_profile.class
-rw-rw-r--   1 travis travis   1394 Jul 21 18:26 ModularCodeGenTest_A1_profile.java
drwxrwxr-x   3 travis travis  32768 Jul 21 18:26 modulation2
drwxrwxr-x 139 travis travis  12288 Jul 21 18:26 node_modules
drwxrwxr-x   3 travis travis  20480 Jul 21 18:21 PhaseUnwrap
drwxrwxr-x   3 travis travis  12288 Jul 21 18:22 ReadFile1
-rw-rw-r--   1 travis travis     11 Jul 21 18:21 ReadFile1Output.txt
-rw-rw-r--   1 travis travis  13773 Jul 21 18:26 Repeat.class
-rw-rw-r--   1 travis travis    685 Jul 21 18:26 Repeat$_fireFunction_Repeat_Repeat$__f_sL_11.class
-rw-rw-r--   1 travis travis    541 Jul 21 18:26 Repeat$_fireFunction_Repeat_Repeat$__f_sL_12.class
-rw-rw-r--   1 travis travis    541 Jul 21 18:26 Repeat$_fireFunction_Repeat_Repeat$__f_sL_13.class
-rw-rw-r--   1 travis travis    541 Jul 21 18:26 Repeat$_fireFunction_Repeat_Repeat$__f_sL_14.class
-rw-rw-r--   1 travis travis    684 Jul 21 18:26 Repeat$_fireFunction_Repeat_Repeat$__f_sL_1.class
-rw-rw-r--   1 travis travis    683 Jul 21 18:26 Repeat$_fireFunction_Repeat_Repeat$__f_sL_4.class
-rw-rw-r--   1 travis travis    539 Jul 21 18:26 Repeat$_fireFunction_Repeat_Repeat$__f_sL_9.class
-rw-rw-r--   1 travis travis    494 Jul 21 18:26 Repeat$_initialize_Repeat$__i_sL_2.class
-rw-rw-r--   1 travis travis   1281 Jul 21 18:26 Repeat.mk
-rw-rw-r--   1 travis travis    539 Jul 21 18:26 Repeat$_preinitializeMethod_Repeat$__p_sL_0.class
-rw-rw-r--   1 travis travis   1102 Jul 21 18:26 Repeat$_Repeat$_fireFunction_Repeat_AddSubtract_Repeat.class
-rw-rw-r--   1 travis travis    810 Jul 21 18:26 Repeat$_Repeat$_fireFunction_Repeat_AddSubtract_Repeat$__f_sL_0.class
-rw-rw-r--   1 travis travis    928 Jul 21 18:26 Repeat$_Repeat$_fireFunction_Repeat_AddSubtract_Repeat$__f_sL_1.class
-rw-rw-r--   1 travis travis    934 Jul 21 18:26 Repeat$_Repeat$_fireFunction_Repeat_AddSubtract_Repeat$__f_sL_2.class
-rw-rw-r--   1 travis travis    862 Jul 21 18:26 Repeat$_Repeat$_fireFunction_Repeat_AddSubtract_Repeat$__f_sL_3.class
-rw-rw-r--   1 travis travis    757 Jul 21 18:26 Repeat$_Repeat$_fireFunction_Repeat_Ramp2_Repeat$__f_sL_0.class
-rw-rw-r--   1 travis travis    888 Jul 21 18:26 Repeat$_Repeat$_fireFunction_Repeat_Test_Repeat$__f_sL_0.class
-rw-rw-r--   1 travis travis    634 Jul 21 18:26 Repeat$_Repeat$_fireFunction_Repeat_Test_Repeat$__f_sL_1.class
-rw-rw-r--   1 travis travis    704 Jul 21 18:26 Repeat$_Repeat_SDF_Director_run_Repeat$__R_sL_0.class
-rw-rw-r--   1 travis travis    705 Jul 21 18:26 Repeat$_Repeat_SDF_Director_run_Repeat$__R_sL_11.class
-rw-rw-r--   1 travis travis    561 Jul 21 18:26 Repeat$_Repeat_SDF_Director_run_Repeat$__R_sL_13.class
-rw-rw-r--   1 travis travis    559 Jul 21 18:26 Repeat$_Repeat_SDF_Director_run_Repeat$__R_sL_2.class
-rw-rw-r--   1 travis travis    703 Jul 21 18:26 Repeat$_Repeat_SDF_Director_run_Repeat$__R_sL_3.class
-rw-rw-r--   1 travis travis    559 Jul 21 18:26 Repeat$_Repeat_SDF_Director_run_Repeat$__R_sL_5.class
-rw-rw-r--   1 travis travis    559 Jul 21 18:26 Repeat$_Repeat_SDF_Director_run_Repeat$__R_sL_8.class
drwxrwxr-x   2 travis travis   4096 Jul 21 18:26 RepeatVariables
-rw-rw-r--   1 travis travis    882 Jul 21 18:26 Repeat$_varinit_Repeat.class
-rw-rw-r--   1 travis travis    550 Jul 21 18:26 Repeat$_varinit_Repeat$__v_sL_2.class
-rw-rw-r--   1 travis travis    924 Jul 21 18:26 Repeat$_varinit_Repeat$__v_sL_4.class
-rw-rw-r--   1 travis travis    978 Jul 21 18:26 Repeat$_wrapup_Repeat$__w_sL_1.class
drwxrwxr-x   3 travis travis  20480 Jul 21 18:22 Sinewave
drwxrwxr-x   3 travis travis  32768 Jul 21 18:23 StringFunction
drwxrwxr-x   3 travis travis  12288 Jul 21 18:24 StringLength
drwxrwxr-x   3 travis travis  61440 Jul 21 18:24 StringMatches2
drwxrwxr-x   3 travis travis  61440 Jul 21 18:24 StringSimpleReplace
drwxrwxr-x   3 travis travis  65536 Jul 21 18:24 StringSubstring
drwxrwxr-x   3 travis travis  24576 Jul 21 18:25 StringSubstring2
drwxrwxr-x   3 travis travis  16384 Jul 21 18:25 time1
drwxrwxr-x   3 travis travis  12288 Jul 21 18:26 time5
-rw-rw-r--   1 travis travis    432 Jul 21 18:28 Token.class
-rw-rw-r--   1 travis travis    251 Jul 21 18:28 Token.java
-rwxrwxr-x   1 travis travis 466992 Jul 21 18:18 top
-rw-rw-r--   1 travis travis  20502 Jul 21 18:18 top.c
-rw-rw-r--   1 travis travis   3799 Jul 21 18:26 top.class
-rw-rw-r--   1 travis travis   1257 Jul 21 18:26 top.mk
All Done
Writing ModularCodeGenPubSub4_A1_A.java in file:/home/travis/cg/ (8578 characters)
Reading "ptolemy/cg/kernel/generic/program/procedural/java/modular/makefile.in",
    writing "/home/travis/cg/ModularCodeGenPubSub4_A1_A.mk"
Using ptolemy/cg/kernel/generic/program/procedural/java/modular/makefile.in
In "/home/travis/cg", about to execute:
    make -f ModularCodeGenPubSub4_A1_A.mk
javac -classpath ".:.."    ModularCodeGenPubSub4_A1_A.java
All Done
In "/home/travis/cg", about to execute:
    pwd
In "/home/travis/cg", about to execute:
    ls -l
/home/travis/cg
In "/home/travis/cg", about to execute:
    javac -classpath
.:/home/travis/build/icyphy/ptII:/home/travis/build/icyphy/ptII/lib/bsh-2.0b4.j
ar:/home/travis/build/icyphy/ptII/lib/ptCal.jar:/home/travis/build/icyphy/ptII/
lib/java_cup.jar:/home/travis/build/icyphy/ptII/lib/saxon8.jar:/home/travis/bui
ld/icyphy/ptII/lib/saxon8-dom.jar:/home/travis/build/icyphy/ptII/lib/chic.jar:/
home/travis/build/icyphy/ptII/lib/ptcolt.jar:/home/travis/build/icyphy/ptII/ven
dors/misc/itext/iText.jar:/home/travis/build/icyphy/ptII/lib/g4ltl.jar:/home/tr
avis/build/icyphy/ptII/lib/StructuralCoder.jar:/home/travis/build/icyphy/ptII/l
ib/jcerti.jar:/home/travis/build/icyphy/ptII/lib/javax.mail.jar:/home/travis/bu
ild/icyphy/ptII/vendors/JMF-2.1.1e/lib/jmf.jar:/home/travis/build/icyphy/ptII/l
ib/jna-4.0.0-variadic.jar:/home/travis/build/icyphy/ptII/vendors/misc/joystick/
Joystick.jar:/home/travis/build/icyphy/ptII/lib/ptjacl.jar:/home/travis/build/i
cyphy/ptII/lib/jsoup-1.8.2.jar:/home/travis/build/icyphy/ptII/lib/junit-4.8.2.j
ar:/home/travis/build/icyphy/ptII/lib/JUnitParams-0.4.0.jar:/home/travis/build/
icyphy/ptII/ptolemy/actor/lib/excel/jxl.jar:/home/travis/build/icyphy/ptII/lib/
jython.jar:/home/travis/build/icyphy/ptII/lib/kieler.jar:/home/travis/build/icy
phy/ptII/vendors/opencv/share/OpenCV/java/opencv-341.jar:/home/travis/build/icy
phy/ptII/lib/oscP5.jar:/home/travis/build/icyphy/ptII/lib/nrjavaserial-3.11.0.d
evel.jar:/home/travis/build/icyphy/ptII/vendors/j3d/lib/Linux/j3dcore.jar:/home
/travis/build/icyphy/ptII/vendors/j3d/lib/Linux/j3dutils.jar:/home/travis/build
/icyphy/ptII/vendors/j3d/lib/Linux/vecmath.jar:/home/travis/build/icyphy/ptII/v
endors/jogl/lib/Linux/gluegen-rt-natives-linux-amd64.jar:/home/travis/build/icy
phy/ptII/vendors/jogl/lib/Linux/gluegen-rt.jar:/home/travis/build/icyphy/ptII/v
endors/jogl/lib/Linux/jogl-all-natives-linux-amd64.jar:/home/travis/build/icyph
y/ptII/vendors/jogl/lib/Linux/jogl-all.jar:/home/travis/build/icyphy/ptII/ptole
my/distributed/jini/jar/jini-core.jar:/home/travis/build/icyphy/ptII/ptolemy/di
stributed/jini/jar/jini-ext.jar:/home/travis/build/icyphy/ptII/ptolemy/distribu
ted/jini/jar/sun-util.jar:/home/travis/build/icyphy/ptII/lib/protobuf-java-2.4.
1.jar:/home/travis/build/icyphy/ptII/lib/org.eclipse.paho.client.mqttv3.jar:/ho
me/travis/build/icyphy/ptII/lib/mapss.jar:/home/travis/build/icyphy/ptII/ptolem
y/actor/ptalon/antlr/antlr.jar:/home/travis/build/icyphy/ptII/lib/JRI.jar:/home
/travis/build/icyphy/ptII/lib/commons-lang-2.6.jar:/home/travis/build/icyphy/pt
II/lib/commons-logging-1.1.1.jar:/home/travis/build/icyphy/ptII/lib/sootclasses
.jar:/home/travis/build/icyphy/ptII/ptolemy/actor/lib/database/mysql-connector-
java-5.1.6-bin.jar:/home/travis/build/icyphy/ptII/vendors/misc/sphinx4/sphinx4-
data-5prealpha.jar:/home/travis/build/icyphy/ptII/vendors/misc/sphinx4/sphinx4-
core-5prealpha.jar:/home/travis/build/icyphy/ptII/lib/PDFRenderer.jar:/home/tra
vis/build/icyphy/ptII/lib/svgSalamander.jar:/home/travis/build/icyphy/ptII/lib/
rsyntaxtextarea-2.6.0-SNAPSHOT.jar:/home/travis/build/icyphy/ptII/lib/hazelcast
-3.8.2.jar:/home/travis/build/icyphy/ptII/lib/jackson-annotations-2.9.0.jar:/ho
me/travis/build/icyphy/ptII/lib/jackson-core-2.9.3.jar:/home/travis/build/icyph
y/ptII/lib/jackson-databind-2.9.3.jar:/home/travis/build/icyphy/ptII/lib/netty-
buffer-4.1.19.Final.jar:/home/travis/build/icyphy/ptII/lib/netty-codec-4.1.19.F
inal.jar:/home/travis/build/icyphy/ptII/lib/netty-codec-dns-4.1.19.Final.jar:/h
ome/travis/build/icyphy/ptII/lib/netty-codec-http-4.1.19.Final.jar:/home/travis
/build/icyphy/ptII/lib/netty-codec-http2-4.1.19.Final.jar:/home/travis/build/ic
yphy/ptII/lib/netty-common-4.1.19.Final.jar:/home/travis/build/icyphy/ptII/lib/
netty-handler-4.1.19.Final.jar:/home/travis/build/icyphy/ptII/lib/netty-resolve
r-4.1.19.Final.jar:/home/travis/build/icyphy/ptII/lib/netty-resolver-dns-4.1.19
.Final.jar:/home/travis/build/icyphy/ptII/lib/netty-transport-4.1.19.Final.jar:
/home/travis/build/icyphy/ptII/lib/vertx-codegen-3.5.1.jar:/home/travis/build/i
cyphy/ptII/lib/vertx-core-3.5.2-SNAPSHOT.jar:/home/travis/build/icyphy/ptII/lib
/vertx-hazelcast-3.5.1.jar:/home/travis/build/icyphy/ptII/lib/vertx-lang-js-3.5
.1.jar:/home/travis/build/icyphy/ptII/lib/vertx-service-proxy-3.5.1.jar:/home/t
ravis/build/icyphy/ptII/lib/vertx-web-3.5.1.jar:/home/travis/build/icyphy/ptII/
lib/slf4j-api-1.7.13.jar:/home/travis/build/icyphy/ptII/lib/slf4j-simple-1.7.13
.jar:/home/travis/build/icyphy/ptII/lib/webcam-capture-0.3.12.jar:/home/travis/
build/icyphy/ptII/lib/bridj-0.7.0.jar:/home/travis/build/icyphy/ptII/lib/xbjlib
-1.1.0.nrjavaserial.jar:/home/travis/build/icyphy/ptII/ptolemy/moml/test:/home/
travis/build/icyphy/ptII/ant/lib/ant-launcher.jar:/home/travis/build/icyphy/ptI
I/ant/lib/ant.jar:/home/travis/build/icyphy/ptII/ant/lib/ant-junit.jar:/home/tr
avis/build/icyphy/ptII/ant/lib/ant-junit4.jar:/home/travis/build/icyphy/ptII
ModularCodeGenPubSub4_A1_profile.java
total 2576
drwxrwxr-x   3 travis travis  12288 Jul 21 18:20 AbsoluteValue
drwxrwxr-x   3 travis travis 102400 Jul 21 18:19 AllColt
-rw-rw-r--   1 travis travis    233 Jul 21 18:28 Array.class
-rw-rw-r--   1 travis travis    459 Jul 21 18:28 Array.java
drwxrwxr-x   3 travis travis  12288 Jul 21 18:19 Case1
-rw-rw-r--   1 travis travis   5128 Jul 21 18:26 CompiledCompositeActor_CompiledCompositeActor.class
-rw-rw-r--   1 travis travis   1611 Jul 21 18:26 CompiledCompositeActor_CompiledCompositeActor$_CompiledCompositeActor_CompiledCompositeActor.class
-rw-rw-r--   1 travis travis  13466 Jul 21 18:26 CompiledCompositeActor_CompiledCompositeActor.java
-rw-rw-r--   1 travis travis   1593 Jul 21 18:26 CompiledCompositeActor_CompiledCompositeActor.mk
drwxrwxr-x   5 travis travis   4096 Jul 21 18:18 fmi
drwxrwxr-x   3 travis travis  16384 Jul 21 18:20 Gaussian2
-rw-rw-r--   1 travis travis   4684 Jul 21 18:26 JavaCompiledCompositeTest1_CompiledCompositeActor.class
-rw-rw-r--   1 travis travis  11637 Jul 21 18:26 JavaCompiledCompositeTest1_CompiledCompositeActor.java
-rw-rw-r--   1 travis travis   1217 Jul 21 18:26 JavaCompiledCompositeTest1_CompiledCompositeActor$_JavaCompiledCompositeTest1_CompiledCompositeActor.class
-rw-rw-r--   1 travis travis   1625 Jul 21 18:26 JavaCompiledCompositeTest1_CompiledCompositeActor.mk
-rw-rw-r--   1 travis travis   5115 Jul 21 18:26 JavaCompiledCompositeTest2_CompiledCompositeActor.class
-rw-rw-r--   1 travis travis  14919 Jul 21 18:26 JavaCompiledCompositeTest2_CompiledCompositeActor.java
-rw-rw-r--   1 travis travis   1812 Jul 21 18:26 JavaCompiledCompositeTest2_CompiledCompositeActor$_JavaCompiledCompositeTest2_CompiledCompositeActor.class
-rw-rw-r--   1 travis travis   1625 Jul 21 18:26 JavaCompiledCompositeTest2_CompiledCompositeActor.mk
-rw-rw-r--   1 travis travis   4732 Jul 21 18:26 JavaCompiledCompositeTest3_CompiledCompositeActor.class
-rw-rw-r--   1 travis travis  13080 Jul 21 18:26 JavaCompiledCompositeTest3_CompiledCompositeActor.java
-rw-rw-r--   1 travis travis   1397 Jul 21 18:26 JavaCompiledCompositeTest3_CompiledCompositeActor$_JavaCompiledCompositeTest3_CompiledCompositeActor.class
-rw-rw-r--   1 travis travis   1625 Jul 21 18:26 JavaCompiledCompositeTest3_CompiledCompositeActor.mk
-rw-rw-r--   1 travis travis   4183 Jul 21 18:26 JavaCompiledCompositeTest4_CompiledCompositeActor.class
-rw-rw-r--   1 travis travis   9687 Jul 21 18:26 JavaCompiledCompositeTest4_CompiledCompositeActor.java
-rw-rw-r--   1 travis travis    876 Jul 21 18:26 JavaCompiledCompositeTest4_CompiledCompositeActor$_JavaCompiledCompositeTest4_CompiledCompositeActor.class
-rw-rw-r--   1 travis travis   1625 Jul 21 18:26 JavaCompiledCompositeTest4_CompiledCompositeActor.mk
drwxrwxr-x   3 travis travis  12288 Jul 21 18:21 LookupTable
drwxrwxr-x   3 travis travis  20480 Jul 21 18:21 MaxIndex
-rw-rw-r--   1 travis travis   3925 Jul 21 18:26 ModularCG_A1_B1.class
-rw-rw-r--   1 travis travis   9730 Jul 21 18:26 ModularCG_A1_B1.java
-rw-rw-r--   1 travis travis    832 Jul 21 18:26 ModularCG_A1_B1.mk
-rw-rw-r--   1 travis travis   1318 Jul 21 18:26 ModularCG_A1_B1_profile.class
-rw-rw-r--   1 travis travis   1262 Jul 21 18:26 ModularCG_A1_B1_profile.java
-rw-rw-r--   1 travis travis   3925 Jul 21 18:27 ModularCG_A1_B2.class
-rw-rw-r--   1 travis travis   9730 Jul 21 18:27 ModularCG_A1_B2.java
-rw-rw-r--   1 travis travis    832 Jul 21 18:27 ModularCG_A1_B2.mk
-rw-rw-r--   1 travis travis   1318 Jul 21 18:27 ModularCG_A1_B2_profile.class
-rw-rw-r--   1 travis travis   1262 Jul 21 18:26 ModularCG_A1_B2_profile.java
-rw-rw-r--   1 travis travis   5031 Jul 21 18:27 ModularCG_A1.class
-rw-rw-r--   1 travis travis  14742 Jul 21 18:27 ModularCG_A1.java
-rw-rw-r--   1 travis travis    808 Jul 21 18:27 ModularCG_A1.mk
-rw-rw-r--   1 travis travis   1433 Jul 21 18:27 ModularCG_A1_profile.class
-rw-rw-r--   1 travis travis   1704 Jul 21 18:27 ModularCG_A1_profile.java
-rw-rw-r--   1 travis travis   4059 Jul 21 18:27 ModularCG_A2_B1.class
-rw-rw-r--   1 travis travis  10667 Jul 21 18:27 ModularCG_A2_B1.java
-rw-rw-r--   1 travis travis    832 Jul 21 18:27 ModularCG_A2_B1.mk
-rw-rw-r--   1 travis travis   1381 Jul 21 18:27 ModularCG_A2_B1_profile.class
-rw-rw-r--   1 travis travis   1446 Jul 21 18:27 ModularCG_A2_B1_profile.java
-rw-rw-r--   1 travis travis   3925 Jul 21 18:27 ModularCG_A2_B2.class
-rw-rw-r--   1 travis travis   9730 Jul 21 18:27 ModularCG_A2_B2.java
-rw-rw-r--   1 travis travis    832 Jul 21 18:27 ModularCG_A2_B2.mk
-rw-rw-r--   1 travis travis   1318 Jul 21 18:27 ModularCG_A2_B2_profile.class
-rw-rw-r--   1 travis travis   1262 Jul 21 18:27 ModularCG_A2_B2_profile.java
-rw-rw-r--   1 travis travis   5102 Jul 21 18:27 ModularCG_A2.class
-rw-rw-r--   1 travis travis  15129 Jul 21 18:27 ModularCG_A2.java
-rw-rw-r--   1 travis travis    808 Jul 21 18:27 ModularCG_A2.mk
-rw-rw-r--   1 travis travis   1433 Jul 21 18:27 ModularCG_A2_profile.class
-rw-rw-r--   1 travis travis   1704 Jul 21 18:27 ModularCG_A2_profile.java
-rw-rw-r--   1 travis travis   3705 Jul 21 18:27 ModularCGPubSub_A1_A2.class
-rw-rw-r--   1 travis travis   9076 Jul 21 18:27 ModularCGPubSub_A1_A2.java
-rw-rw-r--   1 travis travis    880 Jul 21 18:27 ModularCGPubSub_A1_A2.mk
-rw-rw-r--   1 travis travis   1300 Jul 21 18:27 ModularCGPubSub_A1_A2_profile.class
-rw-rw-r--   1 travis travis   1222 Jul 21 18:27 ModularCGPubSub_A1_A2_profile.java
-rw-rw-r--   1 travis travis   4022 Jul 21 18:27 ModularCGPubSub_A1.class
-rw-rw-r--   1 travis travis   9836 Jul 21 18:27 ModularCGPubSub_A1.java
-rw-rw-r--   1 travis travis    856 Jul 21 18:27 ModularCGPubSub_A1.mk
-rw-rw-r--   1 travis travis   1346 Jul 21 18:27 ModularCGPubSub_A1_profile.class
-rw-rw-r--   1 travis travis   1388 Jul 21 18:27 ModularCGPubSub_A1_profile.java
-rw-rw-r--   1 travis travis   4220 Jul 21 18:27 ModularCodeGen2_ModularCodeGenTypedCompositeActor.class
-rw-rw-r--   1 travis travis  11690 Jul 21 18:27 ModularCodeGen2_ModularCodeGenTypedCompositeActor.java
-rw-rw-r--   1 travis travis   1104 Jul 21 18:27 ModularCodeGen2_ModularCodeGenTypedCompositeActor.mk
-rw-rw-r--   1 travis travis   4504 Jul 21 18:27 ModularCodeGen2_ModularCodeGenTypedCompositeActor_ModularCodeGenTypedCompositeActor.class
-rw-rw-r--   1 travis travis  11790 Jul 21 18:27 ModularCodeGen2_ModularCodeGenTypedCompositeActor_ModularCodeGenTypedCompositeActor.java
-rw-rw-r--   1 travis travis   1376 Jul 21 18:27 ModularCodeGen2_ModularCodeGenTypedCompositeActor_ModularCodeGenTypedCompositeActor.mk
-rw-rw-r--   1 travis travis   1421 Jul 21 18:27 ModularCodeGen2_ModularCodeGenTypedCompositeActor_ModularCodeGenTypedCompositeActor_profile.class
-rw-rw-r--   1 travis travis   1294 Jul 21 18:27 ModularCodeGen2_ModularCodeGenTypedCompositeActor_ModularCodeGenTypedCompositeActor_profile.java
-rw-rw-r--   1 travis travis    820 Jul 21 18:27 ModularCodeGen2_ModularCodeGenTypedCompositeActor_profile.class
-rw-rw-r--   1 travis travis    693 Jul 21 18:27 ModularCodeGen2_ModularCodeGenTypedCompositeActor_profile.java
-rw-rw-r--   1 travis travis   3973 Jul 21 18:27 ModularCodeGen3_A1_B1.class
-rw-rw-r--   1 travis travis   9958 Jul 21 18:27 ModularCodeGen3_A1_B1.java
-rw-rw-r--   1 travis travis    880 Jul 21 18:27 ModularCodeGen3_A1_B1.mk
-rw-rw-r--   1 travis travis   1330 Jul 21 18:27 ModularCodeGen3_A1_B1_profile.class
-rw-rw-r--   1 travis travis   1274 Jul 21 18:27 ModularCodeGen3_A1_B1_profile.java
-rw-rw-r--   1 travis travis   3973 Jul 21 18:27 ModularCodeGen3_A1_B2.class
-rw-rw-r--   1 travis travis   9958 Jul 21 18:27 ModularCodeGen3_A1_B2.java
-rw-rw-r--   1 travis travis    880 Jul 21 18:27 ModularCodeGen3_A1_B2.mk
-rw-rw-r--   1 travis travis   1330 Jul 21 18:27 ModularCodeGen3_A1_B2_profile.class
-rw-rw-r--   1 travis travis   1274 Jul 21 18:27 ModularCodeGen3_A1_B2_profile.java
-rw-rw-r--   1 travis travis   5193 Jul 21 18:27 ModularCodeGen3_A1.class
-rw-rw-r--   1 travis travis  15564 Jul 21 18:27 ModularCodeGen3_A1.java
-rw-rw-r--   1 travis travis    856 Jul 21 18:27 ModularCodeGen3_A1.mk
-rw-rw-r--   1 travis travis   1445 Jul 21 18:27 ModularCodeGen3_A1_profile.class
-rw-rw-r--   1 travis travis   1716 Jul 21 18:27 ModularCodeGen3_A1_profile.java
-rw-rw-r--   1 travis travis   4119 Jul 21 18:27 ModularCodeGen3_A2_B1.class
-rw-rw-r--   1 travis travis  10955 Jul 21 18:27 ModularCodeGen3_A2_B1.java
-rw-rw-r--   1 travis travis    880 Jul 21 18:27 ModularCodeGen3_A2_B1.mk
-rw-rw-r--   1 travis travis   1393 Jul 21 18:27 ModularCodeGen3_A2_B1_profile.class
-rw-rw-r--   1 travis travis   1458 Jul 21 18:27 ModularCodeGen3_A2_B1_profile.java
-rw-rw-r--   1 travis travis   3973 Jul 21 18:27 ModularCodeGen3_A2_B2.class
-rw-rw-r--   1 travis travis   9958 Jul 21 18:27 ModularCodeGen3_A2_B2.java
-rw-rw-r--   1 travis travis    880 Jul 21 18:27 ModularCodeGen3_A2_B2.mk
-rw-rw-r--   1 travis travis   1330 Jul 21 18:27 ModularCodeGen3_A2_B2_profile.class
-rw-rw-r--   1 travis travis   1274 Jul 21 18:27 ModularCodeGen3_A2_B2_profile.java
-rw-rw-r--   1 travis travis   5270 Jul 21 18:27 ModularCodeGen3_A2.class
-rw-rw-r--   1 travis travis  15957 Jul 21 18:27 ModularCodeGen3_A2.java
-rw-rw-r--   1 travis travis    856 Jul 21 18:27 ModularCodeGen3_A2.mk
-rw-rw-r--   1 travis travis   1445 Jul 21 18:27 ModularCodeGen3_A2_profile.class
-rw-rw-r--   1 travis travis   1716 Jul 21 18:27 ModularCodeGen3_A2_profile.java
-rw-rw-r--   1 travis travis   4026 Jul 21 18:27 ModularCodeGen4_A1_B1.class
-rw-rw-r--   1 travis travis  10312 Jul 21 18:27 ModularCodeGen4_A1_B1.java
-rw-rw-r--   1 travis travis    880 Jul 21 18:27 ModularCodeGen4_A1_B1.mk
-rw-rw-r--   1 travis travis   1330 Jul 21 18:27 ModularCodeGen4_A1_B1_profile.class
-rw-rw-r--   1 travis travis   1273 Jul 21 18:27 ModularCodeGen4_A1_B1_profile.java
-rw-rw-r--   1 travis travis   4026 Jul 21 18:28 ModularCodeGen4_A1_B2.class
-rw-rw-r--   1 travis travis  10312 Jul 21 18:28 ModularCodeGen4_A1_B2.java
-rw-rw-r--   1 travis travis    880 Jul 21 18:28 ModularCodeGen4_A1_B2.mk
-rw-rw-r--   1 travis travis   1330 Jul 21 18:28 ModularCodeGen4_A1_B2_profile.class
-rw-rw-r--   1 travis travis   1273 Jul 21 18:27 ModularCodeGen4_A1_B2_profile.java
-rw-rw-r--   1 travis travis   5333 Jul 21 18:28 ModularCodeGen4_A1.class
-rw-rw-r--   1 travis travis  16245 Jul 21 18:28 ModularCodeGen4_A1.java
-rw-rw-r--   1 travis travis    856 Jul 21 18:28 ModularCodeGen4_A1.mk
-rw-rw-r--   1 travis travis   1445 Jul 21 18:28 ModularCodeGen4_A1_profile.class
-rw-rw-r--   1 travis travis   1712 Jul 21 18:28 ModularCodeGen4_A1_profile.java
-rw-rw-r--   1 travis travis   4220 Jul 21 18:28 ModularCodeGen4_A2_B1.class
-rw-rw-r--   1 travis travis  11375 Jul 21 18:28 ModularCodeGen4_A2_B1.java
-rw-rw-r--   1 travis travis    880 Jul 21 18:28 ModularCodeGen4_A2_B1.mk
-rw-rw-r--   1 travis travis   1393 Jul 21 18:28 ModularCodeGen4_A2_B1_profile.class
-rw-rw-r--   1 travis travis   1454 Jul 21 18:28 ModularCodeGen4_A2_B1_profile.java
-rw-rw-r--   1 travis travis   4074 Jul 21 18:28 ModularCodeGen4_A2_B2.class
-rw-rw-r--   1 travis travis  10378 Jul 21 18:28 ModularCodeGen4_A2_B2.java
-rw-rw-r--   1 travis travis    880 Jul 21 18:28 ModularCodeGen4_A2_B2.mk
-rw-rw-r--   1 travis travis   1330 Jul 21 18:28 ModularCodeGen4_A2_B2_profile.class
-rw-rw-r--   1 travis travis   1270 Jul 21 18:28 ModularCodeGen4_A2_B2_profile.java
-rw-rw-r--   1 travis travis   5506 Jul 21 18:28 ModularCodeGen4_A2.class
-rw-rw-r--   1 travis travis  16770 Jul 21 18:28 ModularCodeGen4_A2.java
-rw-rw-r--   1 travis travis    856 Jul 21 18:28 ModularCodeGen4_A2.mk
-rw-rw-r--   1 travis travis   1445 Jul 21 18:28 ModularCodeGen4_A2_profile.class
-rw-rw-r--   1 travis travis   1712 Jul 21 18:28 ModularCodeGen4_A2_profile.java
-rw-rw-r--   1 travis travis   7070 Jul 21 18:28 ModularCodeGen5_A_A.class
-rw-rw-r--   1 travis travis  28721 Jul 21 18:28 ModularCodeGen5_A_A.java
-rw-rw-r--   1 travis travis    864 Jul 21 18:28 ModularCodeGen5_A_A.mk
-rw-rw-r--   1 travis travis   1520 Jul 21 18:28 ModularCodeGen5_A_A_profile.class
-rw-rw-r--   1 travis travis   1815 Jul 21 18:28 ModularCodeGen5_A_A_profile.java
-rw-rw-r--   1 travis travis   5347 Jul 21 18:28 ModularCodeGen5_A.class
-rw-rw-r--   1 travis travis  13769 Jul 21 18:28 ModularCodeGen5_A.java
-rw-rw-r--   1 travis travis    848 Jul 21 18:28 ModularCodeGen5_A.mk
-rw-rw-r--   1 travis travis   1422 Jul 21 18:28 ModularCodeGen5_A_profile.class
-rw-rw-r--   1 travis travis   1605 Jul 21 18:28 ModularCodeGen5_A_profile.java
-rw-rw-r--   1 travis travis   4357 Jul 21 18:28 ModularCodeGen6_A_A2.class
-rw-rw-r--   1 travis travis  11329 Jul 21 18:28 ModularCodeGen6_A_A2.java
-rw-rw-r--   1 travis travis    872 Jul 21 18:28 ModularCodeGen6_A_A2.mk
-rw-rw-r--   1 travis travis   1351 Jul 21 18:28 ModularCodeGen6_A_A2_profile.class
-rw-rw-r--   1 travis travis   1364 Jul 21 18:28 ModularCodeGen6_A_A2_profile.java
-rw-rw-r--   1 travis travis   4340 Jul 21 18:28 ModularCodeGen6_A_A.class
-rw-rw-r--   1 travis travis  11221 Jul 21 18:28 ModularCodeGen6_A_A.java
-rw-rw-r--   1 travis travis    864 Jul 21 18:28 ModularCodeGen6_A_A.mk
-rw-rw-r--   1 travis travis   1348 Jul 21 18:28 ModularCodeGen6_A_A_profile.class
-rw-rw-r--   1 travis travis   1361 Jul 21 18:28 ModularCodeGen6_A_A_profile.java
-rw-rw-r--   1 travis travis   7469 Jul 21 18:28 ModularCodeGen6_A.class
-rw-rw-r--   1 travis travis  26535 Jul 21 18:28 ModularCodeGen6_A.java
-rw-rw-r--   1 travis travis    848 Jul 21 18:28 ModularCodeGen6_A.mk
-rw-rw-r--   1 travis travis   1483 Jul 21 18:28 ModularCodeGen6_A_profile.class
-rw-rw-r--   1 travis travis   1810 Jul 21 18:28 ModularCodeGen6_A_profile.java
-rw-rw-r--   1 travis travis   9633 Jul 21 18:28 ModularCodeGenLazyPubSubGlobal_CompositeActor_ModularCodeGenTypedComposite.class
-rw-rw-r--   1 travis travis  30161 Jul 21 18:28 ModularCodeGenLazyPubSubGlobal_CompositeActor_ModularCodeGenTypedComposite.java
-rw-rw-r--   1 travis travis   1304 Jul 21 18:28 ModularCodeGenLazyPubSubGlobal_CompositeActor_ModularCodeGenTypedComposite.mk
-rw-rw-r--   1 travis travis   1438 Jul 21 18:28 ModularCodeGenLazyPubSubGlobal_CompositeActor_ModularCodeGenTypedComposite_profile.class
-rw-rw-r--   1 travis travis   1384 Jul 21 18:28 ModularCodeGenLazyPubSubGlobal_CompositeActor_ModularCodeGenTypedComposite_profile.java
-rw-rw-r--   1 travis travis   4184 Jul 21 18:28 ModularCodeGenLazyPubSub_LazyCompositeActor.class
-rw-rw-r--   1 travis travis  11122 Jul 21 18:28 ModularCodeGenLazyPubSub_LazyCompositeActor.java
-rw-rw-r--   1 travis travis   1056 Jul 21 18:28 ModularCodeGenLazyPubSub_LazyCompositeActor.mk
-rw-rw-r--   1 travis travis   1286 Jul 21 18:28 ModularCodeGenLazyPubSub_LazyCompositeActor_profile.class
-rw-rw-r--   1 travis travis   1091 Jul 21 18:28 ModularCodeGenLazyPubSub_LazyCompositeActor_profile.java
-rw-rw-r--   1 travis travis   4186 Jul 21 18:27 ModularCodeGen_ModularCodeGenTypedCompositeActor.class
-rw-rw-r--   1 travis travis  10970 Jul 21 18:27 ModularCodeGen_ModularCodeGenTypedCompositeActor.java
-rw-rw-r--   1 travis travis   1096 Jul 21 18:27 ModularCodeGen_ModularCodeGenTypedCompositeActor.mk
-rw-rw-r--   1 travis travis   1384 Jul 21 18:27 ModularCodeGen_ModularCodeGenTypedCompositeActor_profile.class
-rw-rw-r--   1 travis travis   1328 Jul 21 18:27 ModularCodeGen_ModularCodeGenTypedCompositeActor_profile.java
-rw-rw-r--   1 travis travis   3673 Jul 21 18:28 ModularCodeGenPubSub2_A1_A.class
-rw-rw-r--   1 travis travis   8578 Jul 21 18:28 ModularCodeGenPubSub2_A1_A.java
-rw-rw-r--   1 travis travis    920 Jul 21 18:28 ModularCodeGenPubSub2_A1_A.mk
-rw-rw-r--   1 travis travis   1274 Jul 21 18:28 ModularCodeGenPubSub2_A1_A_profile.class
-rw-rw-r--   1 travis travis   1128 Jul 21 18:28 ModularCodeGenPubSub2_A1_A_profile.java
-rw-rw-r--   1 travis travis   3965 Jul 21 18:28 ModularCodeGenPubSub2_A1.class
-rw-rw-r--   1 travis travis   9781 Jul 21 18:28 ModularCodeGenPubSub2_A1.java
-rw-rw-r--   1 travis travis    904 Jul 21 18:28 ModularCodeGenPubSub2_A1.mk
-rw-rw-r--   1 travis travis   1268 Jul 21 18:28 ModularCodeGenPubSub2_A1_profile.class
-rw-rw-r--   1 travis travis   1196 Jul 21 18:28 ModularCodeGenPubSub2_A1_profile.java
-rw-rw-r--   1 travis travis   3669 Jul 21 18:28 ModularCodeGenPubSub3_A1_A2.class
-rw-rw-r--   1 travis travis   8599 Jul 21 18:28 ModularCodeGenPubSub3_A1_A2.java
-rw-rw-r--   1 travis travis    928 Jul 21 18:28 ModularCodeGenPubSub3_A1_A2.mk
-rw-rw-r--   1 travis travis   1287 Jul 21 18:28 ModularCodeGenPubSub3_A1_A2_profile.class
-rw-rw-r--   1 travis travis   1132 Jul 21 18:28 ModularCodeGenPubSub3_A1_A2_profile.java
-rw-rw-r--   1 travis travis   4088 Jul 21 18:28 ModularCodeGenPubSub3_A1.class
-rw-rw-r--   1 travis travis  10100 Jul 21 18:28 ModularCodeGenPubSub3_A1.java
-rw-rw-r--   1 travis travis    904 Jul 21 18:28 ModularCodeGenPubSub3_A1.mk
-rw-rw-r--   1 travis travis   1358 Jul 21 18:28 ModularCodeGenPubSub3_A1_profile.class
-rw-rw-r--   1 travis travis   1400 Jul 21 18:28 ModularCodeGenPubSub3_A1_profile.java
-rw-rw-r--   1 travis travis   3673 Jul 21 18:29 ModularCodeGenPubSub4_A1_A.class
-rw-rw-r--   1 travis travis   8578 Jul 21 18:29 ModularCodeGenPubSub4_A1_A.java
-rw-rw-r--   1 travis travis    920 Jul 21 18:29 ModularCodeGenPubSub4_A1_A.mk
-rw-rw-r--   1 travis travis   1274 Jul 21 18:29 ModularCodeGenPubSub4_A1_A_profile.class
-rw-rw-r--   1 travis travis   1128 Jul 21 18:28 ModularCodeGenPubSub4_A1_A_profile.java
-rw-rw-r--   1 travis travis   1137 Jul 21 18:29 ModularCodeGenPubSub4_A1_profile.java
-rw-rw-r--   1 travis travis   3707 Jul 21 18:28 ModularCodeGenPubSub_A1.class
-rw-rw-r--   1 travis travis   9060 Jul 21 18:28 ModularCodeGenPubSub_A1.java
-rw-rw-r--   1 travis travis    896 Jul 21 18:28 ModularCodeGenPubSub_A1.mk
-rw-rw-r--   1 travis travis   1278 Jul 21 18:28 ModularCodeGenPubSub_A1_profile.class
-rw-rw-r--   1 travis travis   1195 Jul 21 18:28 ModularCodeGenPubSub_A1_profile.java
-rw-rw-r--   1 travis travis   3724 Jul 21 18:26 ModularCodeGenTest_A1_A2.class
-rw-rw-r--   1 travis travis   9164 Jul 21 18:26 ModularCodeGenTest_A1_A2.java
-rw-rw-r--   1 travis travis   1306 Jul 21 18:26 ModularCodeGenTest_A1_A2_profile.class
-rw-rw-r--   1 travis travis   4055 Jul 21 18:26 ModularCodeGenTest_A1.class
-rw-rw-r--   1 travis travis   9968 Jul 21 18:26 ModularCodeGenTest_A1.java
-rw-rw-r--   1 travis travis    880 Jul 21 18:26 ModularCodeGenTest_A1.mk
-rw-rw-r--   1 travis travis   1352 Jul 21 18:26 ModularCodeGenTest_A1_profile.class
-rw-rw-r--   1 travis travis   1394 Jul 21 18:26 ModularCodeGenTest_A1_profile.java
drwxrwxr-x   3 travis travis  32768 Jul 21 18:26 modulation2
drwxrwxr-x 139 travis travis  12288 Jul 21 18:26 node_modules
drwxrwxr-x   3 travis travis  20480 Jul 21 18:21 PhaseUnwrap
drwxrwxr-x   3 travis travis  12288 Jul 21 18:22 ReadFile1
-rw-rw-r--   1 travis travis     11 Jul 21 18:21 ReadFile1Output.txt
-rw-rw-r--   1 travis travis  13773 Jul 21 18:26 Repeat.class
-rw-rw-r--   1 travis travis    685 Jul 21 18:26 Repeat$_fireFunction_Repeat_Repeat$__f_sL_11.class
-rw-rw-r--   1 travis travis    541 Jul 21 18:26 Repeat$_fireFunction_Repeat_Repeat$__f_sL_12.class
-rw-rw-r--   1 travis travis    541 Jul 21 18:26 Repeat$_fireFunction_Repeat_Repeat$__f_sL_13.class
-rw-rw-r--   1 travis travis    541 Jul 21 18:26 Repeat$_fireFunction_Repeat_Repeat$__f_sL_14.class
-rw-rw-r--   1 travis travis    684 Jul 21 18:26 Repeat$_fireFunction_Repeat_Repeat$__f_sL_1.class
-rw-rw-r--   1 travis travis    683 Jul 21 18:26 Repeat$_fireFunction_Repeat_Repeat$__f_sL_4.class
-rw-rw-r--   1 travis travis    539 Jul 21 18:26 Repeat$_fireFunction_Repeat_Repeat$__f_sL_9.class
-rw-rw-r--   1 travis travis    494 Jul 21 18:26 Repeat$_initialize_Repeat$__i_sL_2.class
-rw-rw-r--   1 travis travis   1281 Jul 21 18:26 Repeat.mk
-rw-rw-r--   1 travis travis    539 Jul 21 18:26 Repeat$_preinitializeMethod_Repeat$__p_sL_0.class
-rw-rw-r--   1 travis travis   1102 Jul 21 18:26 Repeat$_Repeat$_fireFunction_Repeat_AddSubtract_Repeat.class
-rw-rw-r--   1 travis travis    810 Jul 21 18:26 Repeat$_Repeat$_fireFunction_Repeat_AddSubtract_Repeat$__f_sL_0.class
-rw-rw-r--   1 travis travis    928 Jul 21 18:26 Repeat$_Repeat$_fireFunction_Repeat_AddSubtract_Repeat$__f_sL_1.class
-rw-rw-r--   1 travis travis    934 Jul 21 18:26 Repeat$_Repeat$_fireFunction_Repeat_AddSubtract_Repeat$__f_sL_2.class
-rw-rw-r--   1 travis travis    862 Jul 21 18:26 Repeat$_Repeat$_fireFunction_Repeat_AddSubtract_Repeat$__f_sL_3.class
-rw-rw-r--   1 travis travis    757 Jul 21 18:26 Repeat$_Repeat$_fireFunction_Repeat_Ramp2_Repeat$__f_sL_0.class
-rw-rw-r--   1 travis travis    888 Jul 21 18:26 Repeat$_Repeat$_fireFunction_Repeat_Test_Repeat$__f_sL_0.class
-rw-rw-r--   1 travis travis    634 Jul 21 18:26 Repeat$_Repeat$_fireFunction_Repeat_Test_Repeat$__f_sL_1.class
-rw-rw-r--   1 travis travis    704 Jul 21 18:26 Repeat$_Repeat_SDF_Director_run_Repeat$__R_sL_0.class
-rw-rw-r--   1 travis travis    705 Jul 21 18:26 Repeat$_Repeat_SDF_Director_run_Repeat$__R_sL_11.class
-rw-rw-r--   1 travis travis    561 Jul 21 18:26 Repeat$_Repeat_SDF_Director_run_Repeat$__R_sL_13.class
-rw-rw-r--   1 travis travis    559 Jul 21 18:26 Repeat$_Repeat_SDF_Director_run_Repeat$__R_sL_2.class
-rw-rw-r--   1 travis travis    703 Jul 21 18:26 Repeat$_Repeat_SDF_Director_run_Repeat$__R_sL_3.class
-rw-rw-r--   1 travis travis    559 Jul 21 18:26 Repeat$_Repeat_SDF_Director_run_Repeat$__R_sL_5.class
-rw-rw-r--   1 travis travis    559 Jul 21 18:26 Repeat$_Repeat_SDF_Director_run_Repeat$__R_sL_8.class
drwxrwxr-x   2 travis travis   4096 Jul 21 18:26 RepeatVariables
-rw-rw-r--   1 travis travis    882 Jul 21 18:26 Repeat$_varinit_Repeat.class
-rw-rw-r--   1 travis travis    550 Jul 21 18:26 Repeat$_varinit_Repeat$__v_sL_2.class
-rw-rw-r--   1 travis travis    924 Jul 21 18:26 Repeat$_varinit_Repeat$__v_sL_4.class
-rw-rw-r--   1 travis travis    978 Jul 21 18:26 Repeat$_wrapup_Repeat$__w_sL_1.class
drwxrwxr-x   3 travis travis  20480 Jul 21 18:22 Sinewave
drwxrwxr-x   3 travis travis  32768 Jul 21 18:23 StringFunction
drwxrwxr-x   3 travis travis  12288 Jul 21 18:24 StringLength
drwxrwxr-x   3 travis travis  61440 Jul 21 18:24 StringMatches2
drwxrwxr-x   3 travis travis  61440 Jul 21 18:24 StringSimpleReplace
drwxrwxr-x   3 travis travis  65536 Jul 21 18:24 StringSubstring
drwxrwxr-x   3 travis travis  24576 Jul 21 18:25 StringSubstring2
drwxrwxr-x   3 travis travis  16384 Jul 21 18:25 time1
drwxrwxr-x   3 travis travis  12288 Jul 21 18:26 time5
-rw-rw-r--   1 travis travis    432 Jul 21 18:29 Token.class
-rw-rw-r--   1 travis travis    251 Jul 21 18:29 Token.java
-rwxrwxr-x   1 travis travis 466992 Jul 21 18:18 top
-rw-rw-r--   1 travis travis  20502 Jul 21 18:18 top.c
-rw-rw-r--   1 travis travis   3799 Jul 21 18:26 top.class
-rw-rw-r--   1 travis travis   1257 Jul 21 18:26 top.mk
All Done
Writing ModularCodeGenPubSub4_A1.java in file:/home/travis/cg/ (9231 characters)
Reading "ptolemy/cg/kernel/generic/program/procedural/java/modular/makefile.in",
    writing "/home/travis/cg/ModularCodeGenPubSub4_A1.mk"
Using ptolemy/cg/kernel/generic/program/procedural/java/modular/makefile.in
In "/home/travis/cg", about to execute:
    make -f ModularCodeGenPubSub4_A1.mk
javac -classpath ".:.."    ModularCodeGenPubSub4_A1.java
All Done
6566 ms. Memory: 145408K Free: 50003K (34%)
----------------- Invoking toplevel() on ptolemy.moml.MoMLSimpleApplication@3aeb483f
----------------- Done invoking toplevel() on ptolemy.moml.MoMLSimpleApplication@3aeb483f
reloadAllAccessors: .ModularCodeGenPubSub4

===========================================================================================
----------------- testing Sun Jul 21 18:29:05 UTC 2019 /home/travis/build/icyphy/ptII/ptolemy/cg/lib/test/auto/PubSubAggLazy.xml
----------------- Instantiating /home/travis/build/icyphy/ptII/ptolemy/cg/lib/test/auto/PubSubAggLazy.xml
10 ms. Memory: 145408K Free: 44214K (30%)
----------------- Invoking toplevel() on ptolemy.moml.MoMLSimpleApplication@1e2af344
----------------- Done invoking toplevel() on ptolemy.moml.MoMLSimpleApplication@1e2af344
reloadAllAccessors: .PubSubAggLazy

===========================================================================================
----------------- testing Sun Jul 21 18:29:05 UTC 2019 /home/travis/build/icyphy/ptII/ptolemy/cg/lib/test/auto/PubSubAggModularCodeGen.xml
----------------- Instantiating /home/travis/build/icyphy/ptII/ptolemy/cg/lib/test/auto/PubSubAggModularCodeGen.xml
In "/home/travis/cg", about to execute:
    pwd
In "/home/travis/cg", about to execute:
    ls -l
/home/travis/cg
total 2604
drwxrwxr-x   3 travis travis  12288 Jul 21 18:20 AbsoluteValue
drwxrwxr-x   3 travis travis 102400 Jul 21 18:19 AllColt
-rw-rw-r--   1 travis travis    233 Jul 21 18:28 Array.class
-rw-rw-r--   1 travis travis    459 Jul 21 18:28 Array.java
drwxrwxr-x   3 travis travis  12288 Jul 21 18:19 Case1
-rw-rw-r--   1 travis travis   5128 Jul 21 18:26 CompiledCompositeActor_CompiledCompositeActor.class
-rw-rw-r--   1 travis travis   1611 Jul 21 18:26 CompiledCompositeActor_CompiledCompositeActor$_CompiledCompositeActor_CompiledCompositeActor.class
-rw-rw-r--   1 travis travis  13466 Jul 21 18:26 CompiledCompositeActor_CompiledCompositeActor.java
-rw-rw-r--   1 travis travis   1593 Jul 21 18:26 CompiledCompositeActor_CompiledCompositeActor.mk
drwxrwxr-x   5 travis travis   4096 Jul 21 18:18 fmi
drwxrwxr-x   3 travis travis  16384 Jul 21 18:20 Gaussian2
-rw-rw-r--   1 travis travis   4684 Jul 21 18:26 JavaCompiledCompositeTest1_CompiledCompositeActor.class
-rw-rw-r--   1 travis travis  11637 Jul 21 18:26 JavaCompiledCompositeTest1_CompiledCompositeActor.java
-rw-rw-r--   1 travis travis   1217 Jul 21 18:26 JavaCompiledCompositeTest1_CompiledCompositeActor$_JavaCompiledCompositeTest1_CompiledCompositeActor.class
-rw-rw-r--   1 travis travis   1625 Jul 21 18:26 JavaCompiledCompositeTest1_CompiledCompositeActor.mk
-rw-rw-r--   1 travis travis   5115 Jul 21 18:26 JavaCompiledCompositeTest2_CompiledCompositeActor.class
-rw-rw-r--   1 travis travis  14919 Jul 21 18:26 JavaCompiledCompositeTest2_CompiledCompositeActor.java
-rw-rw-r--   1 travis travis   1812 Jul 21 18:26 JavaCompiledCompositeTest2_CompiledCompositeActor$_JavaCompiledCompositeTest2_CompiledCompositeActor.class
-rw-rw-r--   1 travis travis   1625 Jul 21 18:26 JavaCompiledCompositeTest2_CompiledCompositeActor.mk
-rw-rw-r--   1 travis travis   4732 Jul 21 18:26 JavaCompiledCompositeTest3_CompiledCompositeActor.class
-rw-rw-r--   1 travis travis  13080 Jul 21 18:26 JavaCompiledCompositeTest3_CompiledCompositeActor.java
-rw-rw-r--   1 travis travis   1397 Jul 21 18:26 JavaCompiledCompositeTest3_CompiledCompositeActor$_JavaCompiledCompositeTest3_CompiledCompositeActor.class
-rw-rw-r--   1 travis travis   1625 Jul 21 18:26 JavaCompiledCompositeTest3_CompiledCompositeActor.mk
-rw-rw-r--   1 travis travis   4183 Jul 21 18:26 JavaCompiledCompositeTest4_CompiledCompositeActor.class
-rw-rw-r--   1 travis travis   9687 Jul 21 18:26 JavaCompiledCompositeTest4_CompiledCompositeActor.java
-rw-rw-r--   1 travis travis    876 Jul 21 18:26 JavaCompiledCompositeTest4_CompiledCompositeActor$_JavaCompiledCompositeTest4_CompiledCompositeActor.class
-rw-rw-r--   1 travis travis   1625 Jul 21 18:26 JavaCompiledCompositeTest4_CompiledCompositeActor.mk
drwxrwxr-x   3 travis travis  12288 Jul 21 18:21 LookupTable
drwxrwxr-x   3 travis travis  20480 Jul 21 18:21 MaxIndex
-rw-rw-r--   1 travis travis   3925 Jul 21 18:26 ModularCG_A1_B1.class
-rw-rw-r--   1 travis travis   9730 Jul 21 18:26 ModularCG_A1_B1.java
-rw-rw-r--   1 travis travis    832 Jul 21 18:26 ModularCG_A1_B1.mk
-rw-rw-r--   1 travis travis   1318 Jul 21 18:26 ModularCG_A1_B1_profile.class
-rw-rw-r--   1 travis travis   1262 Jul 21 18:26 ModularCG_A1_B1_profile.java
-rw-rw-r--   1 travis travis   3925 Jul 21 18:27 ModularCG_A1_B2.class
-rw-rw-r--   1 travis travis   9730 Jul 21 18:27 ModularCG_A1_B2.java
-rw-rw-r--   1 travis travis    832 Jul 21 18:27 ModularCG_A1_B2.mk
-rw-rw-r--   1 travis travis   1318 Jul 21 18:27 ModularCG_A1_B2_profile.class
-rw-rw-r--   1 travis travis   1262 Jul 21 18:26 ModularCG_A1_B2_profile.java
-rw-rw-r--   1 travis travis   5031 Jul 21 18:27 ModularCG_A1.class
-rw-rw-r--   1 travis travis  14742 Jul 21 18:27 ModularCG_A1.java
-rw-rw-r--   1 travis travis    808 Jul 21 18:27 ModularCG_A1.mk
-rw-rw-r--   1 travis travis   1433 Jul 21 18:27 ModularCG_A1_profile.class
-rw-rw-r--   1 travis travis   1704 Jul 21 18:27 ModularCG_A1_profile.java
-rw-rw-r--   1 travis travis   4059 Jul 21 18:27 ModularCG_A2_B1.class
-rw-rw-r--   1 travis travis  10667 Jul 21 18:27 ModularCG_A2_B1.java
-rw-rw-r--   1 travis travis    832 Jul 21 18:27 ModularCG_A2_B1.mk
-rw-rw-r--   1 travis travis   1381 Jul 21 18:27 ModularCG_A2_B1_profile.class
-rw-rw-r--   1 travis travis   1446 Jul 21 18:27 ModularCG_A2_B1_profile.java
-rw-rw-r--   1 travis travis   3925 Jul 21 18:27 ModularCG_A2_B2.class
-rw-rw-r--   1 travis travis   9730 Jul 21 18:27 ModularCG_A2_B2.java
-rw-rw-r--   1 travis travis    832 Jul 21 18:27 ModularCG_A2_B2.mk
-rw-rw-r--   1 travis travis   1318 Jul 21 18:27 ModularCG_A2_B2_profile.class
-rw-rw-r--   1 travis travis   1262 Jul 21 18:27 ModularCG_A2_B2_profile.java
-rw-rw-r--   1 travis travis   5102 Jul 21 18:27 ModularCG_A2.class
-rw-rw-r--   1 travis travis  15129 Jul 21 18:27 ModularCG_A2.java
-rw-rw-r--   1 travis travis    808 Jul 21 18:27 ModularCG_A2.mk
-rw-rw-r--   1 travis travis   1433 Jul 21 18:27 ModularCG_A2_profile.class
-rw-rw-r--   1 travis travis   1704 Jul 21 18:27 ModularCG_A2_profile.java
-rw-rw-r--   1 travis travis   3705 Jul 21 18:27 ModularCGPubSub_A1_A2.class
-rw-rw-r--   1 travis travis   9076 Jul 21 18:27 ModularCGPubSub_A1_A2.java
-rw-rw-r--   1 travis travis    880 Jul 21 18:27 ModularCGPubSub_A1_A2.mk
-rw-rw-r--   1 travis travis   1300 Jul 21 18:27 ModularCGPubSub_A1_A2_profile.class
-rw-rw-r--   1 travis travis   1222 Jul 21 18:27 ModularCGPubSub_A1_A2_profile.java
-rw-rw-r--   1 travis travis   4022 Jul 21 18:27 ModularCGPubSub_A1.class
-rw-rw-r--   1 travis travis   9836 Jul 21 18:27 ModularCGPubSub_A1.java
-rw-rw-r--   1 travis travis    856 Jul 21 18:27 ModularCGPubSub_A1.mk
-rw-rw-r--   1 travis travis   1346 Jul 21 18:27 ModularCGPubSub_A1_profile.class
-rw-rw-r--   1 travis travis   1388 Jul 21 18:27 ModularCGPubSub_A1_profile.java
-rw-rw-r--   1 travis travis   4220 Jul 21 18:27 ModularCodeGen2_ModularCodeGenTypedCompositeActor.class
-rw-rw-r--   1 travis travis  11690 Jul 21 18:27 ModularCodeGen2_ModularCodeGenTypedCompositeActor.java
-rw-rw-r--   1 travis travis   1104 Jul 21 18:27 ModularCodeGen2_ModularCodeGenTypedCompositeActor.mk
-rw-rw-r--   1 travis travis   4504 Jul 21 18:27 ModularCodeGen2_ModularCodeGenTypedCompositeActor_ModularCodeGenTypedCompositeActor.class
-rw-rw-r--   1 travis travis  11790 Jul 21 18:27 ModularCodeGen2_ModularCodeGenTypedCompositeActor_ModularCodeGenTypedCompositeActor.java
-rw-rw-r--   1 travis travis   1376 Jul 21 18:27 ModularCodeGen2_ModularCodeGenTypedCompositeActor_ModularCodeGenTypedCompositeActor.mk
-rw-rw-r--   1 travis travis   1421 Jul 21 18:27 ModularCodeGen2_ModularCodeGenTypedCompositeActor_ModularCodeGenTypedCompositeActor_profile.class
-rw-rw-r--   1 travis travis   1294 Jul 21 18:27 ModularCodeGen2_ModularCodeGenTypedCompositeActor_ModularCodeGenTypedCompositeActor_profile.java
-rw-rw-r--   1 travis travis    820 Jul 21 18:27 ModularCodeGen2_ModularCodeGenTypedCompositeActor_profile.class
-rw-rw-r--   1 travis travis    693 Jul 21 18:27 ModularCodeGen2_ModularCodeGenTypedCompositeActor_profile.java
-rw-rw-r--   1 travis travis   3973 Jul 21 18:27 ModularCodeGen3_A1_B1.class
-rw-rw-r--   1 travis travis   9958 Jul 21 18:27 ModularCodeGen3_A1_B1.java
-rw-rw-r--   1 travis travis    880 Jul 21 18:27 ModularCodeGen3_A1_B1.mk
-rw-rw-r--   1 travis travis   1330 Jul 21 18:27 ModularCodeGen3_A1_B1_profile.class
-rw-rw-r--   1 travis travis   1274 Jul 21 18:27 ModularCodeGen3_A1_B1_profile.java
-rw-rw-r--   1 travis travis   3973 Jul 21 18:27 ModularCodeGen3_A1_B2.class
-rw-rw-r--   1 travis travis   9958 Jul 21 18:27 ModularCodeGen3_A1_B2.java
-rw-rw-r--   1 travis travis    880 Jul 21 18:27 ModularCodeGen3_A1_B2.mk
-rw-rw-r--   1 travis travis   1330 Jul 21 18:27 ModularCodeGen3_A1_B2_profile.class
-rw-rw-r--   1 travis travis   1274 Jul 21 18:27 ModularCodeGen3_A1_B2_profile.java
-rw-rw-r--   1 travis travis   5193 Jul 21 18:27 ModularCodeGen3_A1.class
-rw-rw-r--   1 travis travis  15564 Jul 21 18:27 ModularCodeGen3_A1.java
-rw-rw-r--   1 travis travis    856 Jul 21 18:27 ModularCodeGen3_A1.mk
-rw-rw-r--   1 travis travis   1445 Jul 21 18:27 ModularCodeGen3_A1_profile.class
-rw-rw-r--   1 travis travis   1716 Jul 21 18:27 ModularCodeGen3_A1_profile.java
-rw-rw-r--   1 travis travis   4119 Jul 21 18:27 ModularCodeGen3_A2_B1.class
-rw-rw-r--   1 travis travis  10955 Jul 21 18:27 ModularCodeGen3_A2_B1.java
-rw-rw-r--   1 travis travis    880 Jul 21 18:27 ModularCodeGen3_A2_B1.mk
-rw-rw-r--   1 travis travis   1393 Jul 21 18:27 ModularCodeGen3_A2_B1_profile.class
-rw-rw-r--   1 travis travis   1458 Jul 21 18:27 ModularCodeGen3_A2_B1_profile.java
-rw-rw-r--   1 travis travis   3973 Jul 21 18:27 ModularCodeGen3_A2_B2.class
-rw-rw-r--   1 travis travis   9958 Jul 21 18:27 ModularCodeGen3_A2_B2.java
-rw-rw-r--   1 travis travis    880 Jul 21 18:27 ModularCodeGen3_A2_B2.mk
-rw-rw-r--   1 travis travis   1330 Jul 21 18:27 ModularCodeGen3_A2_B2_profile.class
-rw-rw-r--   1 travis travis   1274 Jul 21 18:27 ModularCodeGen3_A2_B2_profile.java
-rw-rw-r--   1 travis travis   5270 Jul 21 18:27 ModularCodeGen3_A2.class
-rw-rw-r--   1 travis travis  15957 Jul 21 18:27 ModularCodeGen3_A2.java
-rw-rw-r--   1 travis travis    856 Jul 21 18:27 ModularCodeGen3_A2.mk
-rw-rw-r--   1 travis travis   1445 Jul 21 18:27 ModularCodeGen3_A2_profile.class
-rw-rw-r--   1 travis travis   1716 Jul 21 18:27 ModularCodeGen3_A2_profile.java
-rw-rw-r--   1 travis travis   4026 Jul 21 18:27 ModularCodeGen4_A1_B1.class
-rw-rw-r--   1 travis travis  10312 Jul 21 18:27 ModularCodeGen4_A1_B1.java
-rw-rw-r--   1 travis travis    880 Jul 21 18:27 ModularCodeGen4_A1_B1.mk
-rw-rw-r--   1 travis travis   1330 Jul 21 18:27 ModularCodeGen4_A1_B1_profile.class
-rw-rw-r--   1 travis travis   1273 Jul 21 18:27 ModularCodeGen4_A1_B1_profile.java
-rw-rw-r--   1 travis travis   4026 Jul 21 18:28 ModularCodeGen4_A1_B2.class
-rw-rw-r--   1 travis travis  10312 Jul 21 18:28 ModularCodeGen4_A1_B2.java
-rw-rw-r--   1 travis travis    880 Jul 21 18:28 ModularCodeGen4_A1_B2.mk
-rw-rw-r--   1 travis travis   1330 Jul 21 18:28 ModularCodeGen4_A1_B2_profile.class
-rw-rw-r--   1 travis travis   1273 Jul 21 18:27 ModularCodeGen4_A1_B2_profile.java
-rw-rw-r--   1 travis travis   5333 Jul 21 18:28 ModularCodeGen4_A1.class
-rw-rw-r--   1 travis travis  16245 Jul 21 18:28 ModularCodeGen4_A1.java
-rw-rw-r--   1 travis travis    856 Jul 21 18:28 ModularCodeGen4_A1.mk
-rw-rw-r--   1 travis travis   1445 Jul 21 18:28 ModularCodeGen4_A1_profile.class
-rw-rw-r--   1 travis travis   1712 Jul 21 18:28 ModularCodeGen4_A1_profile.java
-rw-rw-r--   1 travis travis   4220 Jul 21 18:28 ModularCodeGen4_A2_B1.class
-rw-rw-r--   1 travis travis  11375 Jul 21 18:28 ModularCodeGen4_A2_B1.java
-rw-rw-r--   1 travis travis    880 Jul 21 18:28 ModularCodeGen4_A2_B1.mk
-rw-rw-r--   1 travis travis   1393 Jul 21 18:28 ModularCodeGen4_A2_B1_profile.class
-rw-rw-r--   1 travis travis   1454 Jul 21 18:28 ModularCodeGen4_A2_B1_profile.java
-rw-rw-r--   1 travis travis   4074 Jul 21 18:28 ModularCodeGen4_A2_B2.class
-rw-rw-r--   1 travis travis  10378 Jul 21 18:28 ModularCodeGen4_A2_B2.java
-rw-rw-r--   1 travis travis    880 Jul 21 18:28 ModularCodeGen4_A2_B2.mk
-rw-rw-r--   1 travis travis   1330 Jul 21 18:28 ModularCodeGen4_A2_B2_profile.class
-rw-rw-r--   1 travis travis   1270 Jul 21 18:28 ModularCodeGen4_A2_B2_profile.java
-rw-rw-r--   1 travis travis   5506 Jul 21 18:28 ModularCodeGen4_A2.class
-rw-rw-r--   1 travis travis  16770 Jul 21 18:28 ModularCodeGen4_A2.java
-rw-rw-r--   1 travis travis    856 Jul 21 18:28 ModularCodeGen4_A2.mk
-rw-rw-r--   1 travis travis   1445 Jul 21 18:28 ModularCodeGen4_A2_profile.class
-rw-rw-r--   1 travis travis   1712 Jul 21 18:28 ModularCodeGen4_A2_profile.java
-rw-rw-r--   1 travis travis   7070 Jul 21 18:28 ModularCodeGen5_A_A.class
-rw-rw-r--   1 travis travis  28721 Jul 21 18:28 ModularCodeGen5_A_A.java
-rw-rw-r--   1 travis travis    864 Jul 21 18:28 ModularCodeGen5_A_A.mk
-rw-rw-r--   1 travis travis   1520 Jul 21 18:28 ModularCodeGen5_A_A_profile.class
-rw-rw-r--   1 travis travis   1815 Jul 21 18:28 ModularCodeGen5_A_A_profile.java
-rw-rw-r--   1 travis travis   5347 Jul 21 18:28 ModularCodeGen5_A.class
-rw-rw-r--   1 travis travis  13769 Jul 21 18:28 ModularCodeGen5_A.java
-rw-rw-r--   1 travis travis    848 Jul 21 18:28 ModularCodeGen5_A.mk
-rw-rw-r--   1 travis travis   1422 Jul 21 18:28 ModularCodeGen5_A_profile.class
-rw-rw-r--   1 travis travis   1605 Jul 21 18:28 ModularCodeGen5_A_profile.java
-rw-rw-r--   1 travis travis   4357 Jul 21 18:28 ModularCodeGen6_A_A2.class
-rw-rw-r--   1 travis travis  11329 Jul 21 18:28 ModularCodeGen6_A_A2.java
-rw-rw-r--   1 travis travis    872 Jul 21 18:28 ModularCodeGen6_A_A2.mk
-rw-rw-r--   1 travis travis   1351 Jul 21 18:28 ModularCodeGen6_A_A2_profile.class
-rw-rw-r--   1 travis travis   1364 Jul 21 18:28 ModularCodeGen6_A_A2_profile.java
-rw-rw-r--   1 travis travis   4340 Jul 21 18:28 ModularCodeGen6_A_A.class
-rw-rw-r--   1 travis travis  11221 Jul 21 18:28 ModularCodeGen6_A_A.java
-rw-rw-r--   1 travis travis    864 Jul 21 18:28 ModularCodeGen6_A_A.mk
-rw-rw-r--   1 travis travis   1348 Jul 21 18:28 ModularCodeGen6_A_A_profile.class
-rw-rw-r--   1 travis travis   1361 Jul 21 18:28 ModularCodeGen6_A_A_profile.java
-rw-rw-r--   1 travis travis   7469 Jul 21 18:28 ModularCodeGen6_A.class
-rw-rw-r--   1 travis travis  26535 Jul 21 18:28 ModularCodeGen6_A.java
-rw-rw-r--   1 travis travis    848 Jul 21 18:28 ModularCodeGen6_A.mk
-rw-rw-r--   1 travis travis   1483 Jul 21 18:28 ModularCodeGen6_A_profile.class
-rw-rw-r--   1 travis travis   1810 Jul 21 18:28 ModularCodeGen6_A_profile.java
-rw-rw-r--   1 travis travis   9633 Jul 21 18:28 ModularCodeGenLazyPubSubGlobal_CompositeActor_ModularCodeGenTypedComposite.class
-rw-rw-r--   1 travis travis  30161 Jul 21 18:28 ModularCodeGenLazyPubSubGlobal_CompositeActor_ModularCodeGenTypedComposite.java
-rw-rw-r--   1 travis travis   1304 Jul 21 18:28 ModularCodeGenLazyPubSubGlobal_CompositeActor_ModularCodeGenTypedComposite.mk
-rw-rw-r--   1 travis travis   1438 Jul 21 18:28 ModularCodeGenLazyPubSubGlobal_CompositeActor_ModularCodeGenTypedComposite_profile.class
-rw-rw-r--   1 travis travis   1384 Jul 21 18:28 ModularCodeGenLazyPubSubGlobal_CompositeActor_ModularCodeGenTypedComposite_profile.java
-rw-rw-r--   1 travis travis   4184 Jul 21 18:28 ModularCodeGenLazyPubSub_LazyCompositeActor.class
-rw-rw-r--   1 travis travis  11122 Jul 21 18:28 ModularCodeGenLazyPubSub_LazyCompositeActor.java
-rw-rw-r--   1 travis travis   1056 Jul 21 18:28 ModularCodeGenLazyPubSub_LazyCompositeActor.mk
-rw-rw-r--   1 travis travis   1286 Jul 21 18:28 ModularCodeGenLazyPubSub_LazyCompositeActor_profile.class
-rw-rw-r--   1 travis travis   1091 Jul 21 18:28 ModularCodeGenLazyPubSub_LazyCompositeActor_profile.java
-rw-rw-r--   1 travis travis   4186 Jul 21 18:27 ModularCodeGen_ModularCodeGenTypedCompositeActor.class
-rw-rw-r--   1 travis travis  10970 Jul 21 18:27 ModularCodeGen_ModularCodeGenTypedCompositeActor.java
-rw-rw-r--   1 travis travis   1096 Jul 21 18:27 ModularCodeGen_ModularCodeGenTypedCompositeActor.mk
-rw-rw-r--   1 travis travis   1384 Jul 21 18:27 ModularCodeGen_ModularCodeGenTypedCompositeActor_profile.class
-rw-rw-r--   1 travis travis   1328 Jul 21 18:27 ModularCodeGen_ModularCodeGenTypedCompositeActor_profile.java
-rw-rw-r--   1 travis travis   3673 Jul 21 18:28 ModularCodeGenPubSub2_A1_A.class
-rw-rw-r--   1 travis travis   8578 Jul 21 18:28 ModularCodeGenPubSub2_A1_A.java
-rw-rw-r--   1 travis travis    920 Jul 21 18:28 ModularCodeGenPubSub2_A1_A.mk
-rw-rw-r--   1 travis travis   1274 Jul 21 18:28 ModularCodeGenPubSub2_A1_A_profile.class
-rw-rw-r--   1 travis travis   1128 Jul 21 18:28 ModularCodeGenPubSub2_A1_A_profile.java
-rw-rw-r--   1 travis travis   3965 Jul 21 18:28 ModularCodeGenPubSub2_A1.class
-rw-rw-r--   1 travis travis   9781 Jul 21 18:28 ModularCodeGenPubSub2_A1.java
-rw-rw-r--   1 travis travis    904 Jul 21 18:28 ModularCodeGenPubSub2_A1.mk
-rw-rw-r--   1 travis travis   1268 Jul 21 18:28 ModularCodeGenPubSub2_A1_profile.class
-rw-rw-r--   1 travis travis   1196 Jul 21 18:28 ModularCodeGenPubSub2_A1_profile.java
-rw-rw-r--   1 travis travis   3669 Jul 21 18:28 ModularCodeGenPubSub3_A1_A2.class
-rw-rw-r--   1 travis travis   8599 Jul 21 18:28 ModularCodeGenPubSub3_A1_A2.java
-rw-rw-r--   1 travis travis    928 Jul 21 18:28 ModularCodeGenPubSub3_A1_A2.mk
-rw-rw-r--   1 travis travis   1287 Jul 21 18:28 ModularCodeGenPubSub3_A1_A2_profile.class
-rw-rw-r--   1 travis travis   1132 Jul 21 18:28 ModularCodeGenPubSub3_A1_A2_profile.java
-rw-rw-r--   1 travis travis   4088 Jul 21 18:28 ModularCodeGenPubSub3_A1.class
-rw-rw-r--   1 travis travis  10100 Jul 21 18:28 ModularCodeGenPubSub3_A1.java
-rw-rw-r--   1 travis travis    904 Jul 21 18:28 ModularCodeGenPubSub3_A1.mk
-rw-rw-r--   1 travis travis   1358 Jul 21 18:28 ModularCodeGenPubSub3_A1_profile.class
-rw-rw-r--   1 travis travis   1400 Jul 21 18:28 ModularCodeGenPubSub3_A1_profile.java
-rw-rw-r--   1 travis travis   3673 Jul 21 18:29 ModularCodeGenPubSub4_A1_A.class
-rw-rw-r--   1 travis travis   8578 Jul 21 18:29 ModularCodeGenPubSub4_A1_A.java
-rw-rw-r--   1 travis travis    920 Jul 21 18:29 ModularCodeGenPubSub4_A1_A.mk
-rw-rw-r--   1 travis travis   1274 Jul 21 18:29 ModularCodeGenPubSub4_A1_A_profile.class
-rw-rw-r--   1 travis travis   1128 Jul 21 18:28 ModularCodeGenPubSub4_A1_A_profile.java
-rw-rw-r--   1 travis travis   3915 Jul 21 18:29 ModularCodeGenPubSub4_A1.class
-rw-rw-r--   1 travis travis   9231 Jul 21 18:29 ModularCodeGenPubSub4_A1.java
-rw-rw-r--   1 travis travis    904 Jul 21 18:29 ModularCodeGenPubSub4_A1.mk
-rw-rw-r--   1 travis travis   1247 Jul 21 18:29 ModularCodeGenPubSub4_A1_profile.class
-rw-rw-r--   1 travis travis   1137 Jul 21 18:29 ModularCodeGenPubSub4_A1_profile.java
-rw-rw-r--   1 travis travis   3707 Jul 21 18:28 ModularCodeGenPubSub_A1.class
-rw-rw-r--   1 travis travis   9060 Jul 21 18:28 ModularCodeGenPubSub_A1.java
-rw-rw-r--   1 travis travis    896 Jul 21 18:28 ModularCodeGenPubSub_A1.mk
-rw-rw-r--   1 travis travis   1278 Jul 21 18:28 ModularCodeGenPubSub_A1_profile.class
-rw-rw-r--   1 travis travis   1195 Jul 21 18:28 ModularCodeGenPubSub_A1_profile.java
-rw-rw-r--   1 travis travis   3724 Jul 21 18:26 ModularCodeGenTest_A1_A2.class
-rw-rw-r--   1 travis travis   9164 Jul 21 18:26 ModularCodeGenTest_A1_A2.java
-rw-rw-r--   1 travis travis   1306 Jul 21 18:26 ModularCodeGenTest_A1_A2_profile.class
-rw-rw-r--   1 travis travis   4055 Jul 21 18:26 ModularCodeGenTest_A1.class
-rw-rw-r--   1 travis travis   9968 Jul 21 18:26 ModularCodeGenTest_A1.java
-rw-rw-r--   1 travis travis    880 Jul 21 18:26 ModularCodeGenTest_A1.mk
-rw-rw-r--   1 travis travis   1352 Jul 21 18:26 ModularCodeGenTest_A1_profile.class
-rw-rw-r--   1 travis travis   1394 Jul 21 18:26 ModularCodeGenTest_A1_profile.java
drwxrwxr-x   3 travis travis  32768 Jul 21 18:26 modulation2
drwxrwxr-x 139 travis travis  12288 Jul 21 18:26 node_modules
drwxrwxr-x   3 travis travis  20480 Jul 21 18:21 PhaseUnwrap
-rw-rw-r--   1 travis travis   1007 Jul 21 18:29 PubSubAggModularCodeGen_ModularCodeGenTypedComposite_profile.java
drwxrwxr-x   3 travis travis  12288 Jul 21 18:22 ReadFile1
-rw-rw-r--   1 travis travis     11 Jul 21 18:21 ReadFile1Output.txt
-rw-rw-r--   1 travis travis  13773 Jul 21 18:26 Repeat.class
-rw-rw-r--   1 travis travis    685 Jul 21 18:26 Repeat$_fireFunction_Repeat_Repeat$__f_sL_11.class
-rw-rw-r--   1 travis travis    541 Jul 21 18:26 Repeat$_fireFunction_Repeat_Repeat$__f_sL_12.class
-rw-rw-r--   1 travis travis    541 Jul 21 18:26 Repeat$_fireFunction_Repeat_Repeat$__f_sL_13.class
-rw-rw-r--   1 travis travis    541 Jul 21 18:26 Repeat$_fireFunction_Repeat_Repeat$__f_sL_14.class
-rw-rw-r--   1 travis travis    684 Jul 21 18:26 Repeat$_fireFunction_Repeat_Repeat$__f_sL_1.class
-rw-rw-r--   1 travis travis    683 Jul 21 18:26 Repeat$_fireFunction_Repeat_Repeat$__f_sL_4.class
-rw-rw-r--   1 travis travis    539 Jul 21 18:26 Repeat$_fireFunction_Repeat_Repeat$__f_sL_9.class
-rw-rw-r--   1 travis travis    494 Jul 21 18:26 Repeat$_initialize_Repeat$__i_sL_2.class
-rw-rw-r--   1 travis travis   1281 Jul 21 18:26 Repeat.mk
-rw-rw-r--   1 travis travis    539 Jul 21 18:26 Repeat$_preinitializeMethod_Repeat$__p_sL_0.class
-rw-rw-r--   1 travis travis   1102 Jul 21 18:26 Repeat$_Repeat$_fireFunction_Repeat_AddSubtract_Repeat.class
-rw-rw-r--   1 travis travis    810 Jul 21 18:26 Repeat$_Repeat$_fireFunction_Repeat_AddSubtract_Repeat$__f_sL_0.class
-rw-rw-r--   1 travis travis    928 Jul 21 18:26 Repeat$_Repeat$_fireFunction_Repeat_AddSubtract_Repeat$__f_sL_1.class
-rw-rw-r--   1 travis travis    934 Jul 21 18:26 Repeat$_Repeat$_fireFunction_Repeat_AddSubtract_Repeat$__f_sL_2.class
-rw-rw-r--   1 travis travis    862 Jul 21 18:26 Repeat$_Repeat$_fireFunction_Repeat_AddSubtract_Repeat$__f_sL_3.class
-rw-rw-r--   1 travis travis    757 Jul 21 18:26 Repeat$_Repeat$_fireFunction_Repeat_Ramp2_Repeat$__f_sL_0.class
-rw-rw-r--   1 travis travis    888 Jul 21 18:26 Repeat$_Repeat$_fireFunction_Repeat_Test_Repeat$__f_sL_0.class
-rw-rw-r--   1 travis travis    634 Jul 21 18:26 Repeat$_Repeat$_fireFunction_Repeat_Test_Repeat$__f_sL_1.class
-rw-rw-r--   1 travis travis    704 Jul 21 18:26 Repeat$_Repeat_SDF_Director_run_Repeat$__R_sL_0.class
-rw-rw-r--   1 travis travis    705 Jul 21 18:26 Repeat$_Repeat_SDF_Director_run_Repeat$__R_sL_11.class
-rw-rw-r--   1 travis travis    561 Jul 21 18:26 Repeat$_Repeat_SDF_Director_run_Repeat$__R_sL_13.class
-rw-rw-r--   1 travis travis    559 Jul 21 18:26 Repeat$_Repeat_SDF_Director_run_Repeat$__R_sL_2.class
-rw-rw-r--   1 travis travis    703 Jul 21 18:26 Repeat$_Repeat_SDF_Director_run_Repeat$__R_sL_3.class
-rw-rw-r--   1 travis travis    559 Jul 21 18:26 Repeat$_Repeat_SDF_Director_run_Repeat$__R_sL_5.class
-rw-rw-r--   1 travis travis    559 Jul 21 18:26 Repeat$_Repeat_SDF_Director_run_Repeat$__R_sL_8.class
drwxrwxr-x   2 travis travis   4096 Jul 21 18:26 RepeatVariables
-rw-rw-r--   1 travis travis    882 Jul 21 18:26 Repeat$_varinit_Repeat.class
-rw-rw-r--   1 travis travis    550 Jul 21 18:26 Repeat$_varinit_Repeat$__v_sL_2.class
-rw-rw-r--   1 travis travis    924 Jul 21 18:26 Repeat$_varinit_Repeat$__v_sL_4.class
-rw-rw-r--   1 travis travis    978 Jul 21 18:26 Repeat$_wrapup_Repeat$__w_sL_1.class
drwxrwxr-x   3 travis travis  20480 Jul 21 18:22 Sinewave
drwxrwxr-x   3 travis travis  32768 Jul 21 18:23 StringFunction
drwxrwxr-x   3 travis travis  12288 Jul 21 18:24 StringLength
drwxrwxr-x   3 travis travis  61440 Jul 21 18:24 StringMatches2
drwxrwxr-x   3 travis travis  61440 Jul 21 18:24 StringSimpleReplace
drwxrwxr-x   3 travis travis  65536 Jul 21 18:24 StringSubstring
drwxrwxr-x   3 travis travis  24576 Jul 21 18:25 StringSubstring2
drwxrwxr-x   3 travis travis  16384 Jul 21 18:25 time1
drwxrwxr-x   3 travis travis  12288 Jul 21 18:26 time5
-rw-rw-r--   1 travis travis    432 Jul 21 18:29 Token.class
-rw-rw-r--   1 travis travis    251 Jul 21 18:29 Token.java
-rwxrwxr-x   1 travis travis 466992 Jul 21 18:18 top
-rw-rw-r--   1 travis travis  20502 Jul 21 18:18 top.c
-rw-rw-r--   1 travis travis   3799 Jul 21 18:26 top.class
-rw-rw-r--   1 travis travis   1257 Jul 21 18:26 top.mk
In "/home/travis/cg", about to execute:
    javac -classpath
.:/home/travis/build/icyphy/ptII:/home/travis/build/icyphy/ptII/lib/bsh-2.0b4.j
ar:/home/travis/build/icyphy/ptII/lib/ptCal.jar:/home/travis/build/icyphy/ptII/
lib/java_cup.jar:/home/travis/build/icyphy/ptII/lib/saxon8.jar:/home/travis/bui
ld/icyphy/ptII/lib/saxon8-dom.jar:/home/travis/build/icyphy/ptII/lib/chic.jar:/
home/travis/build/icyphy/ptII/lib/ptcolt.jar:/home/travis/build/icyphy/ptII/ven
dors/misc/itext/iText.jar:/home/travis/build/icyphy/ptII/lib/g4ltl.jar:/home/tr
avis/build/icyphy/ptII/lib/StructuralCoder.jar:/home/travis/build/icyphy/ptII/l
ib/jcerti.jar:/home/travis/build/icyphy/ptII/lib/javax.mail.jar:/home/travis/bu
ild/icyphy/ptII/vendors/JMF-2.1.1e/lib/jmf.jar:/home/travis/build/icyphy/ptII/l
ib/jna-4.0.0-variadic.jar:/home/travis/build/icyphy/ptII/vendors/misc/joystick/
Joystick.jar:/home/travis/build/icyphy/ptII/lib/ptjacl.jar:/home/travis/build/i
cyphy/ptII/lib/jsoup-1.8.2.jar:/home/travis/build/icyphy/ptII/lib/junit-4.8.2.j
ar:/home/travis/build/icyphy/ptII/lib/JUnitParams-0.4.0.jar:/home/travis/build/
icyphy/ptII/ptolemy/actor/lib/excel/jxl.jar:/home/travis/build/icyphy/ptII/lib/
jython.jar:/home/travis/build/icyphy/ptII/lib/kieler.jar:/home/travis/build/icy
phy/ptII/vendors/opencv/share/OpenCV/java/opencv-341.jar:/home/travis/build/icy
phy/ptII/lib/oscP5.jar:/home/travis/build/icyphy/ptII/lib/nrjavaserial-3.11.0.d
evel.jar:/home/travis/build/icyphy/ptII/vendors/j3d/lib/Linux/j3dcore.jar:/home
/travis/build/icyphy/ptII/vendors/j3d/lib/Linux/j3dutils.jar:/home/travis/build
/icyphy/ptII/vendors/j3d/lib/Linux/vecmath.jar:/home/travis/build/icyphy/ptII/v
endors/jogl/lib/Linux/gluegen-rt-natives-linux-amd64.jar:/home/travis/build/icy
phy/ptII/vendors/jogl/lib/Linux/gluegen-rt.jar:/home/travis/build/icyphy/ptII/v
endors/jogl/lib/Linux/jogl-all-natives-linux-amd64.jar:/home/travis/build/icyph
y/ptII/vendors/jogl/lib/Linux/jogl-all.jar:/home/travis/build/icyphy/ptII/ptole
my/distributed/jini/jar/jini-core.jar:/home/travis/build/icyphy/ptII/ptolemy/di
stributed/jini/jar/jini-ext.jar:/home/travis/build/icyphy/ptII/ptolemy/distribu
ted/jini/jar/sun-util.jar:/home/travis/build/icyphy/ptII/lib/protobuf-java-2.4.
1.jar:/home/travis/build/icyphy/ptII/lib/org.eclipse.paho.client.mqttv3.jar:/ho
me/travis/build/icyphy/ptII/lib/mapss.jar:/home/travis/build/icyphy/ptII/ptolem
y/actor/ptalon/antlr/antlr.jar:/home/travis/build/icyphy/ptII/lib/JRI.jar:/home
/travis/build/icyphy/ptII/lib/commons-lang-2.6.jar:/home/travis/build/icyphy/pt
II/lib/commons-logging-1.1.1.jar:/home/travis/build/icyphy/ptII/lib/sootclasses
.jar:/home/travis/build/icyphy/ptII/ptolemy/actor/lib/database/mysql-connector-
java-5.1.6-bin.jar:/home/travis/build/icyphy/ptII/vendors/misc/sphinx4/sphinx4-
data-5prealpha.jar:/home/travis/build/icyphy/ptII/vendors/misc/sphinx4/sphinx4-
core-5prealpha.jar:/home/travis/build/icyphy/ptII/lib/PDFRenderer.jar:/home/tra
vis/build/icyphy/ptII/lib/svgSalamander.jar:/home/travis/build/icyphy/ptII/lib/
rsyntaxtextarea-2.6.0-SNAPSHOT.jar:/home/travis/build/icyphy/ptII/lib/hazelcast
-3.8.2.jar:/home/travis/build/icyphy/ptII/lib/jackson-annotations-2.9.0.jar:/ho
me/travis/build/icyphy/ptII/lib/jackson-core-2.9.3.jar:/home/travis/build/icyph
y/ptII/lib/jackson-databind-2.9.3.jar:/home/travis/build/icyphy/ptII/lib/netty-
buffer-4.1.19.Final.jar:/home/travis/build/icyphy/ptII/lib/netty-codec-4.1.19.F
inal.jar:/home/travis/build/icyphy/ptII/lib/netty-codec-dns-4.1.19.Final.jar:/h
ome/travis/build/icyphy/ptII/lib/netty-codec-http-4.1.19.Final.jar:/home/travis
/build/icyphy/ptII/lib/netty-codec-http2-4.1.19.Final.jar:/home/travis/build/ic
yphy/ptII/lib/netty-common-4.1.19.Final.jar:/home/travis/build/icyphy/ptII/lib/
netty-handler-4.1.19.Final.jar:/home/travis/build/icyphy/ptII/lib/netty-resolve
r-4.1.19.Final.jar:/home/travis/build/icyphy/ptII/lib/netty-resolver-dns-4.1.19
.Final.jar:/home/travis/build/icyphy/ptII/lib/netty-transport-4.1.19.Final.jar:
/home/travis/build/icyphy/ptII/lib/vertx-codegen-3.5.1.jar:/home/travis/build/i
cyphy/ptII/lib/vertx-core-3.5.2-SNAPSHOT.jar:/home/travis/build/icyphy/ptII/lib
/vertx-hazelcast-3.5.1.jar:/home/travis/build/icyphy/ptII/lib/vertx-lang-js-3.5
.1.jar:/home/travis/build/icyphy/ptII/lib/vertx-service-proxy-3.5.1.jar:/home/t
ravis/build/icyphy/ptII/lib/vertx-web-3.5.1.jar:/home/travis/build/icyphy/ptII/
lib/slf4j-api-1.7.13.jar:/home/travis/build/icyphy/ptII/lib/slf4j-simple-1.7.13
.jar:/home/travis/build/icyphy/ptII/lib/webcam-capture-0.3.12.jar:/home/travis/
build/icyphy/ptII/lib/bridj-0.7.0.jar:/home/travis/build/icyphy/ptII/lib/xbjlib
-1.1.0.nrjavaserial.jar:/home/travis/build/icyphy/ptII/ptolemy/moml/test:/home/
travis/build/icyphy/ptII/ant/lib/ant-launcher.jar:/home/travis/build/icyphy/ptI
I/ant/lib/ant.jar:/home/travis/build/icyphy/ptII/ant/lib/ant-junit.jar:/home/tr
avis/build/icyphy/ptII/ant/lib/ant-junit4.jar:/home/travis/build/icyphy/ptII
PubSubAggModularCodeGen_ModularCodeGenTypedComposite_profile.java
All Done
Writing PubSubAggModularCodeGen_ModularCodeGenTypedComposite.java in file:/home/travis/cg/ (27850 characters)
Reading "ptolemy/cg/kernel/generic/program/procedural/java/modular/makefile.in",
    writing "/home/travis/cg/PubSubAggModularCodeGen_ModularCodeGenTypedComposite.mk"
Using ptolemy/cg/kernel/generic/program/procedural/java/modular/makefile.in
In "/home/travis/cg", about to execute:
    make -f PubSubAggModularCodeGen_ModularCodeGenTypedComposite.mk
javac -classpath ".:.."    PubSubAggModularCodeGen_ModularCodeGenTypedComposite.java
All Done
3452 ms. Memory: 145408K Free: 81680K (56%)
----------------- Invoking toplevel() on ptolemy.moml.MoMLSimpleApplication@6c963b7c
----------------- Done invoking toplevel() on ptolemy.moml.MoMLSimpleApplication@6c963b7c
reloadAllAccessors: .PubSubAggModularCodeGen

===========================================================================================
----------------- testing Sun Jul 21 18:29:08 UTC 2019 /home/travis/build/icyphy/ptII/ptolemy/cg/lib/test/auto/PubSubAggTypedComposite.xml
----------------- Instantiating /home/travis/build/icyphy/ptII/ptolemy/cg/lib/test/auto/PubSubAggTypedComposite.xml
10 ms. Memory: 145408K Free: 74399K (51%)
----------------- Invoking toplevel() on ptolemy.moml.MoMLSimpleApplication@70580e30
----------------- Done invoking toplevel() on ptolemy.moml.MoMLSimpleApplication@70580e30
reloadAllAccessors: .PubSubAggTypedComposite

===========================================================================================
----------------- testing Sun Jul 21 18:29:08 UTC 2019 /home/travis/build/icyphy/ptII/ptolemy/cg/lib/test/auto/PubSubAggTypedCompositeWidth2.xml
----------------- Instantiating /home/travis/build/icyphy/ptII/ptolemy/cg/lib/test/auto/PubSubAggTypedCompositeWidth2.xml
6 ms. Memory: 145408K Free: 66232K (46%)
----------------- Invoking toplevel() on ptolemy.moml.MoMLSimpleApplication@4f4672e9
----------------- Done invoking toplevel() on ptolemy.moml.MoMLSimpleApplication@4f4672e9
reloadAllAccessors: .PubSubAggTypedCompositeWidth2

===========================================================================================
----------------- testing Sun Jul 21 18:29:08 UTC 2019 /home/travis/build/icyphy/ptII/ptolemy/cg/lib/test/auto/ScaleJava.xml
----------------- Instantiating /home/travis/build/icyphy/ptII/ptolemy/cg/lib/test/auto/ScaleJava.xml
CompiledCompositeActor: Building shared object: The sharedObjectFile has a modification time that is earlier than the modelFile modification time.
Writing ScaleJava_EmbeddedActor.java in file:/home/travis/cg/ (9202 characters)
Reading "ptolemy/cg/kernel/generic/program/procedural/java/makefile.in",
    writing "/home/travis/cg/ScaleJava_EmbeddedActor.mk"
Using ptolemy/cg/kernel/generic/program/procedural/java/makefile.in
In "/home/travis/cg", about to execute:
    make -f ScaleJava_EmbeddedActor.mk
javac -classpath ".:."    ScaleJava_EmbeddedActor.java
All Done
1265 ms. Memory: 145408K Free: 51920K (36%)
----------------- Invoking toplevel() on ptolemy.moml.MoMLSimpleApplication@5c29d1bd
----------------- Done invoking toplevel() on ptolemy.moml.MoMLSimpleApplication@5c29d1bd
reloadAllAccessors: .ScaleJava
AutoTests.java: About to close Vertx.
AutoTests.java: Vertx closed.
]]></system-out>
  <system-err><![CDATA[]]></system-err>
</testsuite>
