<?xml version="1.0" encoding="UTF-8" ?>
<testsuite errors="0" failures="0" hostname="travis-job-54523462-4d00-405c-a6bf-8baaec389ee6" name="ptolemy.actor.lib.test.junit.JUnitTclTest" skipped="0" tests="517" time="60.016" timestamp="2020-07-19T20:58:25">
  <properties>
    <property name="npm.executable" value="npm" />
    <property name="env.TRAVIS_ROOT" value="/" />
    <property name="ptII.mk.exists" value="true" />
    <property name="env.TRAVIS_APP_HOST" value="build.travis-ci.org" />
    <property name="env.rvm_bin_path" value="/home/travis/.rvm/bin" />
    <property name="java.home" value="/usr/local/lib/jvm/openjdk11" />
    <property name="env.TRAVIS_JOB_NUMBER" value="1697.8" />
    <property name="env.TRAVIS_HOME" value="/home/travis" />
    <property name="env.DISPLAY" value=":99.0" />
    <property name="env.TRAVIS_INIT" value="systemd" />
    <property name="env.SSH_TTY" value="/dev/pts/0" />
    <property name="java.net.preferIPv4Stack" value="true" />
    <property name="env.RUN_TESTS" value="true" />
    <property name="timeout.short" value="1000000" />
    <property name="junit.formatter" value="xml" />
    <property name="env.TRAVIS_SUDO" value="true" />
    <property name="env.TRAVIS_JOB_NAME" value="" />
    <property name="env.TRAVIS_STACK_NODE_ATTRIBUTES" value="/.node-attributes.yml" />
    <property name="env.LOGNAME" value="travis" />
    <property name="env.PT_TRAVIS_TEST_CORE1_XML" value="true" />
    <property name="jsdoc.home" value="node_modules/@terraswarm/jsdoc" />
    <property name="debuglevel" value="source,lines,vars" />
    <property name="checkstyle.formatter" value="xml" />
    <property name="env._system_version" value="16.04" />
    <property name="bin.vergil.makeable" value="true" />
    <property name="sun.os.patch.level" value="unknown" />
    <property name="java.vendor.url" value="http://java.oracle.com/" />
    <property name="env.TRAVIS_BUILD_WEB_URL" value="https://travis-ci.org/icyphy/ptII/builds/709784784" />
    <property name="java.version" value="11.0.2" />
    <property name="env.TZ" value="UTC" />
    <property name="env.TRAVIS_PULL_REQUEST_SHA" value="" />
    <property name="env.PT_NO_NET" value="true" />
    <property name="env.TRAVIS_SECURE_ENV_VARS" value="true" />
    <property name="env._system_type" value="Linux" />
    <property name="java.vendor.url.bug" value="http://bugreport.java.com/bugreport/" />
    <property name="npmjs-org-is-up" value="true" />
    <property name="env.LANGUAGE" value="en_US.UTF-8" />
    <property name="env.SSH_CLIENT" value="10.16.3.115 46788 22" />
    <property name="env.GEM_HOME" value="/home/travis/.rvm/gems/ruby-2.5.3" />
    <property name="env.HAS_ANTARES_THREE_LITTLE_FRONZIES_BADGE" value="true" />
    <property name="java.version.date" value="2019-01-15" />
    <property name="env.PS4" value="+" />
    <property name="ant.project.invoked-targets" value="build,test.core1.xml" />
    <property name="env.TRAVIS_PULL_REQUEST_BRANCH" value="" />
    <property name="env.TRAVIS_REPO_SLUG" value="icyphy/ptII" />
    <property name="env.XDG_DATA_DIRS" value="/usr/local/share:/usr/share:/var/lib/snapd/desktop" />
    <property name="jdk.debug" value="release" />
    <property name="env.TRAVIS_APT_PROXY" value="http://build-cache.travisci.net" />
    <property name="env.TRAVIS_CPU_ARCH" value="amd64" />
    <property name="node.in.path" value="true" />
    <property name="user.name" value="travis" />
    <property name="java.maxmemory" value="1400m" />
    <property name="env.RUBY_VERSION" value="ruby-2.5.3" />
    <property name="env.LANG" value="en_US.UTF-8" />
    <property name="sun.io.unicode.encoding" value="UnicodeLittle" />
    <property name="sun.jnu.encoding" value="UTF-8" />
    <property name="java.runtime.name" value="OpenJDK Runtime Environment" />
    <property name="usefile" value="false" />
    <property name="return.code" value="0" />
    <property name="junit.single.formatter" value="plain" />
    <property name="env.DYLD_LIBRARY_PATH" value="/home/travis/pthla/certi-tools/lib:" />
    <property name="env.DEBIAN_FRONTEND" value="noninteractive" />
    <property name="env.SSH_CONNECTION" value="10.16.3.115 46788 10.20.0.85 22" />
    <property name="env.MYSQL_UNIX_PORT" value="/var/run/mysqld/mysqld.sock" />
    <property name="env.LC_ALL" value="en_US.UTF-8" />
    <property name="env.TRAVIS_ALLOW_FAILURE" value="" />
    <property name="env.TRAVIS_JOB_WEB_URL" value="https://travis-ci.org/icyphy/ptII/jobs/709784792" />
    <property name="java.specification.name" value="Java Platform API Specification" />
    <property name="node.works" value="true" />
    <property name="user.timezone" value="" />
    <property name="path.separator" value=":" />
    <property name="env.TRAVIS_ENABLE_INFRA_DETECTION" value="true" />
    <property name="env.PYTHON_CFLAGS" value="-g -fstack-protector --param=ssp-buffer-size=4 -Wformat -Werror=format-security" />
    <property name="timeout.long" value="4000000" />
    <property name="env.CERTI_HOME" value="/home/travis/pthla/certi-tools" />
    <property name="ant.file.ptII" value="/home/travis/build/icyphy/ptII/build.xml" />
    <property name="javadoc.packagenames" value="com.*,diva.*,lbnl.*,org.hlacerti.*,org.json.*,org.ptolemy.*,org.terraswarm.*,ptolemy.*,ptserver.*" />
    <property name="file.encoding" value="UTF-8" />
    <property name="env.TRAVIS_PULL_REQUEST_SLUG" value="" />
    <property name="ant.project.default-target" value="build" />
    <property name="env.GIT_ASKPASS" value="echo" />
    <property name="env.HOME" value="/home/travis" />
    <property name="sun.java.command" value="org.apache.tools.ant.taskdefs.optional.junit.JUnitTestRunner ptolemy.actor.lib.test.junit.JUnitTclTest skipNonTests=false filtertrace=true haltOnError=false haltOnFailure=false formatter=org.apache.tools.ant.taskdefs.optional.junit.OutErrSummaryJUnitResultFormatter showoutput=true outputtoformatters=true logfailedtests=true threadid=0 logtestlistenerevents=false formatter=org.apache.tools.ant.taskdefs.optional.junit.XMLJUnitResultFormatter,/home/travis/build/icyphy/ptII/reports/junit/TEST-ptolemy.actor.lib.test.junit.JUnitTclTest.xml crashfile=/home/travis/build/icyphy/ptII/junitvmwatcher5652493698088354583.properties propsfile=/home/travis/build/icyphy/ptII/junit16760933913402020544.properties" />
    <property name="env.COMPOSER_NO_INTERACTION" value="1" />
    <property name="env.MANPATH" value="/home/travis/.nvm/versions/node/v7.10.1/share/man:/home/travis/.rvm/rubies/ruby-2.5.3/share/man:/usr/local/cmake-3.12.4/man:/usr/local/clang-7.0.0/share/man:/usr/local/man:/usr/local/share/man:/usr/share/man:/home/travis/.rvm/man" />
    <property name="env.TRAVIS_TIMER_ID" value="1d199d20" />
    <property name="ant.file" value="/home/travis/build/icyphy/ptII/build.xml" />
    <property name="env.TRAVIS_COMMIT_RANGE" value="52bfcaaec950...b35224f56f00" />
    <property name="env._system_name" value="Ubuntu" />
    <property name="ptII.classpath.optional.property" value="/home/travis/build/icyphy/ptII/lib/bsh-2.0b4.jar:/home/travis/build/icyphy/ptII/lib/ptCal.jar:/home/travis/build/icyphy/ptII/lib/java_cup.jar:/home/travis/build/icyphy/ptII/lib/saxon8.jar:/home/travis/build/icyphy/ptII/lib/saxon8-dom.jar:/home/travis/build/icyphy/ptII/lib/chic.jar:/home/travis/build/icyphy/ptII/lib/ptcolt.jar:/home/travis/build/icyphy/ptII/vendors/misc/itext/iText.jar:/home/travis/build/icyphy/ptII/lib/g4ltl.jar:/home/travis/build/icyphy/ptII/lib/StructuralCoder.jar:/home/travis/build/icyphy/ptII/lib/jcerti.jar:/home/travis/build/icyphy/ptII/lib/javax.mail.jar:/home/travis/build/icyphy/ptII/vendors/JMF-2.1.1e/lib/jmf.jar:/home/travis/build/icyphy/ptII/lib/jna-4.0.0-variadic.jar:/home/travis/build/icyphy/ptII/vendors/misc/joystick/Joystick.jar:/home/travis/build/icyphy/ptII/lib/ptjacl.jar:/home/travis/build/icyphy/ptII/lib/jsoup-1.8.2.jar:/home/travis/build/icyphy/ptII/lib/junit-4.8.2.jar:/home/travis/build/icyphy/ptII/lib/JUnitParams-0.4.0.jar:/home/travis/build/icyphy/ptII/ptolemy/actor/lib/excel/jxl.jar:/home/travis/build/icyphy/ptII/lib/jython.jar:/home/travis/build/icyphy/ptII/lib/kieler.jar:/home/travis/build/icyphy/ptII/vendors/opencv/share/OpenCV/java/opencv-341.jar:/home/travis/build/icyphy/ptII/lib/oscP5.jar:/home/travis/build/icyphy/ptII/lib/nrjavaserial-3.11.0.devel.jar:/home/travis/build/icyphy/ptII/vendors/j3d/lib/Linux/j3dcore.jar:/home/travis/build/icyphy/ptII/vendors/j3d/lib/Linux/j3dutils.jar:/home/travis/build/icyphy/ptII/vendors/j3d/lib/Linux/vecmath.jar:/home/travis/build/icyphy/ptII/vendors/jogl/lib/Linux/gluegen-rt-natives-linux-amd64.jar:/home/travis/build/icyphy/ptII/vendors/jogl/lib/Linux/gluegen-rt.jar:/home/travis/build/icyphy/ptII/vendors/jogl/lib/Linux/jogl-all-natives-linux-amd64.jar:/home/travis/build/icyphy/ptII/vendors/jogl/lib/Linux/jogl-all.jar:/home/travis/build/icyphy/ptII/ptolemy/distributed/jini/jar/jini-core.jar:/home/travis/build/icyphy/ptII/ptolemy/distributed/jini/jar/jini-ext.jar:/home/travis/build/icyphy/ptII/ptolemy/distributed/jini/jar/sun-util.jar:/home/travis/build/icyphy/ptII/lib/protobuf-java-2.4.1.jar:/home/travis/build/icyphy/ptII/lib/org.eclipse.paho.client.mqttv3.jar:/home/travis/build/icyphy/ptII/lib/mapss.jar:/home/travis/build/icyphy/ptII/ptolemy/actor/ptalon/antlr/antlr.jar:/home/travis/build/icyphy/ptII/lib/JRI.jar:/home/travis/build/icyphy/ptII/lib/commons-lang-2.6.jar:/home/travis/build/icyphy/ptII/lib/commons-logging-1.1.1.jar:/home/travis/build/icyphy/ptII/lib/sootclasses.jar:/home/travis/build/icyphy/ptII/ptolemy/actor/lib/database/mysql-connector-java-5.1.6-bin.jar:/home/travis/build/icyphy/ptII/vendors/misc/sphinx4/sphinx4-data-5prealpha.jar:/home/travis/build/icyphy/ptII/vendors/misc/sphinx4/sphinx4-core-5prealpha.jar:/home/travis/build/icyphy/ptII/lib/PDFRenderer.jar:/home/travis/build/icyphy/ptII/lib/svgSalamander.jar:/home/travis/build/icyphy/ptII/lib/rsyntaxtextarea-2.6.0-SNAPSHOT.jar:/home/travis/build/icyphy/ptII/lib/hazelcast-3.8.2.jar:/home/travis/build/icyphy/ptII/lib/jackson-annotations-2.9.0.jar:/home/travis/build/icyphy/ptII/lib/jackson-core-2.9.3.jar:/home/travis/build/icyphy/ptII/lib/jackson-databind-2.9.3.jar:/home/travis/build/icyphy/ptII/lib/netty-buffer-4.1.19.Final.jar:/home/travis/build/icyphy/ptII/lib/netty-codec-4.1.19.Final.jar:/home/travis/build/icyphy/ptII/lib/netty-codec-dns-4.1.19.Final.jar:/home/travis/build/icyphy/ptII/lib/netty-codec-http-4.1.19.Final.jar:/home/travis/build/icyphy/ptII/lib/netty-codec-http2-4.1.19.Final.jar:/home/travis/build/icyphy/ptII/lib/netty-common-4.1.19.Final.jar:/home/travis/build/icyphy/ptII/lib/netty-handler-4.1.19.Final.jar:/home/travis/build/icyphy/ptII/lib/netty-resolver-4.1.19.Final.jar:/home/travis/build/icyphy/ptII/lib/netty-resolver-dns-4.1.19.Final.jar:/home/travis/build/icyphy/ptII/lib/netty-transport-4.1.19.Final.jar:/home/travis/build/icyphy/ptII/lib/vertx-codegen-3.5.1.jar:/home/travis/build/icyphy/ptII/lib/vertx-core-3.5.2-SNAPSHOT.jar:/home/travis/build/icyphy/ptII/lib/vertx-hazelcast-3.5.1.jar:/home/travis/build/icyphy/ptII/lib/vertx-lang-js-3.5.1.jar:/home/travis/build/icyphy/ptII/lib/vertx-service-proxy-3.5.1.jar:/home/travis/build/icyphy/ptII/lib/vertx-web-3.5.1.jar:/home/travis/build/icyphy/ptII/lib/slf4j-api-1.7.13.jar:/home/travis/build/icyphy/ptII/lib/slf4j-simple-1.7.13.jar:/home/travis/build/icyphy/ptII/lib/webcam-capture-0.3.12.jar:/home/travis/build/icyphy/ptII/lib/bridj-0.7.0.jar:/home/travis/build/icyphy/ptII/lib/xbjlib-1.1.0.nrjavaserial.jar" />
    <property name="timeout" value="2400000" />
    <property name="test.batch" value="**/junit/*.java" />
    <property name="env._" value="/usr/bin/timeout" />
    <property name="java.io.tmpdir" value="/tmp" />
    <property name="user.language" value="en" />
    <property name="env.TRAVIS_INTERNAL_RUBY_REGEX" value="^ruby-(2\.[0-4]\.[0-9]|1\.9\.3)" />
    <property name="env.HISTCONTROL" value="ignoredups:ignorespace" />
    <property name="env.GOROOT" value="/home/travis/.gimme/versions/go1.11.1.linux.amd64" />
    <property name="line.separator" value="&#xa;" />
    <property name="target" value="11" />
    <property name="env.TRAVIS_BUILD_DIR" value="/home/travis/build/icyphy/ptII" />
    <property name="env.ANT_OPTS" value="-Xmx2048m" />
    <property name="ant.file.type" value="file" />
    <property name="ptolemy.ptII.batchMode" value="true" />
    <property name="env.HISTSIZE" value="1000" />
    <property name="env.MERB_ENV" value="test" />
    <property name="java.vm.info" value="mixed mode" />
    <property name="source" value="11" />
    <property name="java.vm.specification.name" value="Java Virtual Machine Specification" />
    <property name="env.TRAVIS_TEST_RESULT" value="0" />
    <property name="jsdoc.command" value="node_modules/@terraswarm/jsdoc/jsdoc.js" />
    <property name="npm.works" value="true" />
    <property name="cobertura.dir" value="/home/travis/build/icyphy/ptII/vendors/cobertura-2.0.3" />
    <property name="jsdoc.command.exists" value="true" />
    <property name="env.rvm_path" value="/home/travis/.rvm" />
    <property name="env.GEM_PATH" value="/home/travis/.rvm/gems/ruby-2.5.3:/home/travis/.rvm/gems/ruby-2.5.3@global" />
    <property name="env.LC_CTYPE" value="en_US.UTF-8" />
    <property name="env.TRAVIS_CMD" value="$PTII/bin/ptIITravisBuild.sh $SECONDS" />
    <property name="java.awt.printerjob" value="sun.print.PSPrinterJob" />
    <property name="env.TRAVIS_STACK_NAME" value="sardonyx" />
    <property name="env.TRAVIS_TIMER_START_TIME" value="1595191701632197868" />
    <property name="ant.version" value="Apache Ant(TM) version 1.10.1 compiled on February 2 2017" />
    <property name="ptII.reports" value="/home/travis/build/icyphy/ptII/reports" />
    <property name="env.TRAVIS_STACK_TIMESTAMP" value="2019-03-25 16:16:56 UTC" />
    <property name="ant.file.type.ptII" value="file" />
    <property name="env.RBENV_SHELL" value="bash" />
    <property name="os.name" value="Linux" />
    <property name="java.specification.vendor" value="Oracle Corporation" />
    <property name="env.rvm_version" value="1.29.7 (latest)" />
    <property name="env.TRAVIS_INFRA" value="unknown" />
    <property name="env.TERM" value="xterm" />
    <property name="java.vm.name" value="OpenJDK 64-Bit Server VM" />
    <property name="env.TRAVIS_BUILD_NUMBER" value="1697" />
    <property name="env.CI" value="true" />
    <property name="java.library.path" value="/home/travis/pthla/certi-tools/lib:/usr/lib/jni:/usr/local/share/OpenCV/java/:/usr/share/OpenCV/java::/usr/java/packages/lib:/usr/lib64:/lib64:/lib:/usr/lib" />
    <property name="jdk.module.path" value="/home/travis/build/icyphy/ptII/vendors/javafx/javafx-sdk-11.0.2/lib:" />
    <property name="env.rvm_prefix" value="/home/travis" />
    <property name="env.PATH" value="/home/travis/pthla/certi-tools/share/scripts:/home/travis/.rvm/gems/ruby-2.5.3/bin:/home/travis/.rvm/gems/ruby-2.5.3@global/bin:/home/travis/.rvm/rubies/ruby-2.5.3/bin:/home/travis/.rvm/bin:/home/travis/.nvm/versions/node/v7.10.1/bin:./node_modules/.bin:/home/travis/build/icyphy/ptII/bin:/home/travis/pthla/certi-tools/bin:/home/travis/bin:/home/travis/.local/bin:/usr/local/lib/jvm/openjdk11/bin:/opt/pyenv/shims:/home/travis/.phpenv/shims:/home/travis/perl5/perlbrew/bin:/home/travis/gopath/bin:/home/travis/.gimme/versions/go1.11.1.linux.amd64/bin:/usr/local/maven-3.6.0/bin:/usr/local/cmake-3.12.4/bin:/usr/local/clang-7.0.0/bin:/usr/local/sbin:/usr/local/bin:/usr/sbin:/usr/bin:/sbin:/bin:/snap/bin:/home/travis/.phpenv/bin:/opt/pyenv/bin:/home/travis/.yarn/bin" />
    <property name="env.TRAVIS_OS_NAME" value="linux" />
    <property name="ant.java.version" value="9" />
    <property name="basedir" value="/home/travis/build/icyphy/ptII" />
    <property name="java.class.version" value="55.0" />
    <property name="env.SHLVL" value="3" />
    <property name="env.LD_LIBRARY_PATH" value="/home/travis/pthla/certi-tools/lib:/usr/lib/jni:/usr/local/share/OpenCV/java/:/usr/share/OpenCV/java:" />
    <property name="env.RACK_ENV" value="test" />
    <property name="ant.home" value="/home/travis/build/icyphy/ptII/ant" />
    <property name="env.NVM_DIR" value="/home/travis/.nvm" />
    <property name="env.CERTI_FOM_PATH" value="/home/travis/pthla/certi-tools/share/federations" />
    <property name="env.TRAVIS_BUILD_ID" value="709784784" />
    <property name="env.PYENV_ROOT" value="/opt/pyenv" />
    <property name="env.TRAVIS_UID" value="2000" />
    <property name="prism.verbose" value="true" />
    <property name="env.NVM_BIN" value="/home/travis/.nvm/versions/node/v7.10.1/bin" />
    <property name="env.TRAVIS_COMMIT" value="b35224f56f004d2ddee20d896da1232955e7256f" />
    <property name="env._system_arch" value="x86_64" />
    <property name="node.executable" value="node" />
    <property name="sun.boot.library.path" value="/usr/local/lib/jvm/openjdk11/lib" />
    <property name="sun.management.compiler" value="HotSpot 64-Bit Tiered Compilers" />
    <property name="java.awt.graphicsenv" value="sun.awt.X11GraphicsEnvironment" />
    <property name="env.GOPATH" value="/home/travis/gopath" />
    <property name="ptolemy.ptII.dir" value="/home/travis/build/icyphy/ptII" />
    <property name="env.USER" value="travis" />
    <property name="env.HISTFILESIZE" value="2000" />
    <property name="env.NVM_INC" value="/home/travis/.nvm/versions/node/v7.10.1/include/node" />
    <property name="timeout.longest" value="19000000" />
    <property name="env.PERLBREW_SHELLRC_VERSION" value="0.86" />
    <property name="env.TRAVIS_STACK_FEATURES" value="basic couchdb disabled-ipv6 docker docker-compose elasticsearch firefox go-toolchain google-chrome jdk memcached mongodb mysql nodejs_interpreter perl_interpreter perlbrew phantomjs postgresql python_interpreter redis ruby_interpreter sqlite xserver" />
    <property name="env.TRAVIS_PULL_REQUEST" value="false" />
    <property name="env.PYENV_SHELL" value="bash" />
    <property name="ant.project.name" value="ptII" />
    <property name="env.ANSI_RESET" value="\033[0m" />
    <property name="java.vm.specification.version" value="11" />
    <property name="env.TRAVIS_DIST" value="xenial" />
    <property name="env.CERTI_VERSION" value="4.0.0" />
    <property name="env.CERTI_HOST" value="localhost" />
    <property name="awt.toolkit" value="sun.awt.X11.XToolkit" />
    <property name="env.MY_RUBY_HOME" value="/home/travis/.rvm/rubies/ruby-2.5.3" />
    <property name="sun.cpu.isalist" value="" />
    <property name="env.TRAVIS_TMPDIR" value="/tmp/tmp.3xrEWOFq8P" />
    <property name="java.vm.compressedOopsMode" value="Zero based" />
    <property name="os.version" value="4.15.0-1028-gcp" />
    <property name="user.home" value="/home/travis" />
    <property name="java.vm.vendor" value="Oracle Corporation" />
    <property name="env.TRAVIS_TAG" value="nightly" />
    <property name="env.ANSI_YELLOW" value="\033[33;1m" />
    <property name="env.TRAVIS_FILTERED" value="redirect_io" />
    <property name="env.ANSI_GREEN" value="\033[32;1m" />
    <property name="env.JAVA_HOME" value="/usr/local/lib/jvm/openjdk11" />
    <property name="javadoc.excludepackagenames" value="adm.cvs2svn.*,build.*,config.*,doc.coding.templates.*,jni.test.jni.meaningOfLife.*,jni.test.jni.testDeux.*,jni.test.jni.testTrois.*,org.terraswarm.accessor.accessors.web.node_modules.*,org.terraswarm.accessor.accessors.web.hosts.cordova.demo.*,org.terraswarm.accessor.accessors.web.hosts.cordova.plugins.*,org.terraswarm.accessor.accessors-svn.*,pt-modules.*,ptolemy.apps.agilent.*,ptolemy.apps.anytimecontrol.*,ptolemy.apps.apes.*,ptolemy.apps.charon.*,ptolemy.apps.crazyboard.*,ptolemy.apps.eclipse.*,ptolemy.apps.etherealSting.*,ptolemy.apps.fullscreen.*,ptolemy.apps.giotto.*,ptolemy.apps.ia.*,ptolemy.apps.interfaces.*,ptolemy.apps.jmf.*,ptolemy.apps.kurt.*,ptolemy.apps.kvm.*,ptolemy.apps.lego.*,ptolemy.apps.lejos.*,ptolemy.apps.midp.*,ptolemy.apps.mobileCoding.*,ptolemy.apps.pendulum.*,ptolemy.apps.rijndael.*,ptolemy.apps.robot.*,ptolemy.apps.security.*,ptolemy.apps.sobel.*,ptolemy.apps.soot.*,ptolemy.apps.throttle.*,ptolemy.apps.tini.*,ptolemy.apps.transmission.*,ptolemy.apps.vergil.*,ptolemy.apps.waba.*,ptolemy.apps.websensor.*,ptolemy.apps.webstart.*,ptolemy.apps.xsl.*,ptolemy.apps.zaurus.*,ptolemy.codegen.c.actor.lib.oldJavaFiles.*,ptolemy.codegen.dsp.lib.*,ptolemy.codegen.kernel.newInterfaces.*,ptolemy.codegen.lib.*,ptolemy.copernicus.kernel.fragment.*,ptolemy.copernicus.shallow.cg.*,ptolemy.domains.giotto.demo.Hierarchy.Hierarchy.*,ptolemy.domains.giotto.demo.Multimode.Multimode.*,ptolemy.domains.giotto.demo.Simple.Simple.*,ptolemy.domains.gr.lib.experimental.*,ptolemy.domains.gro.*,ptolemy.domains.pdf.*,ptolemy.domains.ptinyos.demo.Surge.output.*,ptolemy.moml.test.NoPackageActor.java*,ptolemy.plot.adm.*,ptolemy.plot.servlet.*,reports.*,signed.*,src.*,target.*,vendors.*,ptolemy.copernicus.applet.*,ptolemy.media.viewer.*,ptolemy.actor.corba.*,doc.doclets.*,ptolemy.apps.eclipse.awt.*,ptolemy.backtrack.*,ptolemy.backtrack.ast.*,ptolemy.cg.adapter.generic.program.procedural.c.mbed*,ptolemy.homer.*,ptolemy.actor.lib.jai.*,org.ptolemy.scala.*,diva.util.java2d.svg.*,ptolemy.domains.ptinyos.*,ptolemy.actor.lib.fmi.fmipp.*,,org.terraswarm.accessor.accessors.web.node_modules.*,org.terraswarm.accessor.accessors-svn,ptolemy.apps.*,ptolemy.actor.ptalon.demo.ptinyos.SendAndReceiveCnt.output,ptolemy.actor.ptalon.demo.ptinyos.SenseToLeds.output,ptolemy.domains.ptinyos.demo.CntToLedsAndRfm.output,ptolemy.domains.ptinyos.demo.RfmToLeds.output,ptolemy.domains.ptinyos.demo.SendAndReceiveCnt.output,ptolemy.domains.ptinyos.demo.SenseToLeds.output,ptolemy.actor.lib.jjs.modules.udpSocket.*" />
    <property name="env.PTII" value="/home/travis/build/icyphy/ptII" />
    <property name="env.XDG_SESSION_ID" value="2" />
    <property name="keystore" value="ptKeystore" />
    <property name="env.TRAVIS_COMMIT_MESSAGE" value="Updated Export HTML Action to use the right script paths for online files and to get better fonts and layout. Also updated the DOP Center seating chart." />
    <property name="junit.output.dir" value="/home/travis/build/icyphy/ptII/reports/junit" />
    <property name="npm.return.code" value="0" />
    <property name="user.dir" value="/home/travis/build/icyphy/ptII/ptolemy/actor/lib/test" />
    <property name="env.TRAVIS_NODE_VERSION" value="7" />
    <property name="env.TRAVIS_EVENT_TYPE" value="push" />
    <property name="env.MAIL" value="/var/mail/travis" />
    <property name="env.PERLBREW_ROOT" value="/home/travis/perl5/perlbrew" />
    <property name="env.PWD" value="/home/travis/build/icyphy/ptII" />
    <property name="timeout.npm" value="45000" />
    <property name="env.TRAVIS_ARCH" value="amd64" />
    <property name="sun.cpu.endian" value="little" />
    <property name="env.PAGER" value="cat" />
    <property name="env.TRAVIS_BUILD_STAGE_NAME" value="test" />
    <property name="env.PERLBREW_HOME" value="/home/travis/.perlbrew" />
    <property name="java.vm.version" value="11.0.2+9" />
    <property name="env.RAILS_ENV" value="test" />
    <property name="java.class.path" value="/home/travis/.ptolemyII:/home/travis/.ptolemyII/*:/home/travis/build/icyphy/ptII:/home/travis/build/icyphy/ptII/lib/bsh-2.0b4.jar:/home/travis/build/icyphy/ptII/lib/ptCal.jar:/home/travis/build/icyphy/ptII/lib/java_cup.jar:/home/travis/build/icyphy/ptII/lib/saxon8.jar:/home/travis/build/icyphy/ptII/lib/saxon8-dom.jar:/home/travis/build/icyphy/ptII/lib/chic.jar:/home/travis/build/icyphy/ptII/lib/ptcolt.jar:/home/travis/build/icyphy/ptII/vendors/misc/itext/iText.jar:/home/travis/build/icyphy/ptII/lib/g4ltl.jar:/home/travis/build/icyphy/ptII/lib/StructuralCoder.jar:/home/travis/build/icyphy/ptII/lib/jcerti.jar:/home/travis/build/icyphy/ptII/lib/javax.mail.jar:/home/travis/build/icyphy/ptII/vendors/JMF-2.1.1e/lib/jmf.jar:/home/travis/build/icyphy/ptII/lib/jna-4.0.0-variadic.jar:/home/travis/build/icyphy/ptII/vendors/misc/joystick/Joystick.jar:/home/travis/build/icyphy/ptII/lib/ptjacl.jar:/home/travis/build/icyphy/ptII/lib/jsoup-1.8.2.jar:/home/travis/build/icyphy/ptII/lib/junit-4.8.2.jar:/home/travis/build/icyphy/ptII/lib/JUnitParams-0.4.0.jar:/home/travis/build/icyphy/ptII/ptolemy/actor/lib/excel/jxl.jar:/home/travis/build/icyphy/ptII/lib/jython.jar:/home/travis/build/icyphy/ptII/lib/kieler.jar:/home/travis/build/icyphy/ptII/vendors/opencv/share/OpenCV/java/opencv-341.jar:/home/travis/build/icyphy/ptII/lib/oscP5.jar:/home/travis/build/icyphy/ptII/lib/nrjavaserial-3.11.0.devel.jar:/home/travis/build/icyphy/ptII/vendors/j3d/lib/Linux/j3dcore.jar:/home/travis/build/icyphy/ptII/vendors/j3d/lib/Linux/j3dutils.jar:/home/travis/build/icyphy/ptII/vendors/j3d/lib/Linux/vecmath.jar:/home/travis/build/icyphy/ptII/vendors/jogl/lib/Linux/gluegen-rt-natives-linux-amd64.jar:/home/travis/build/icyphy/ptII/vendors/jogl/lib/Linux/gluegen-rt.jar:/home/travis/build/icyphy/ptII/vendors/jogl/lib/Linux/jogl-all-natives-linux-amd64.jar:/home/travis/build/icyphy/ptII/vendors/jogl/lib/Linux/jogl-all.jar:/home/travis/build/icyphy/ptII/ptolemy/distributed/jini/jar/jini-core.jar:/home/travis/build/icyphy/ptII/ptolemy/distributed/jini/jar/jini-ext.jar:/home/travis/build/icyphy/ptII/ptolemy/distributed/jini/jar/sun-util.jar:/home/travis/build/icyphy/ptII/lib/protobuf-java-2.4.1.jar:/home/travis/build/icyphy/ptII/lib/org.eclipse.paho.client.mqttv3.jar:/home/travis/build/icyphy/ptII/lib/mapss.jar:/home/travis/build/icyphy/ptII/ptolemy/actor/ptalon/antlr/antlr.jar:/home/travis/build/icyphy/ptII/lib/JRI.jar:/home/travis/build/icyphy/ptII/lib/commons-lang-2.6.jar:/home/travis/build/icyphy/ptII/lib/commons-logging-1.1.1.jar:/home/travis/build/icyphy/ptII/lib/sootclasses.jar:/home/travis/build/icyphy/ptII/ptolemy/actor/lib/database/mysql-connector-java-5.1.6-bin.jar:/home/travis/build/icyphy/ptII/vendors/misc/sphinx4/sphinx4-data-5prealpha.jar:/home/travis/build/icyphy/ptII/vendors/misc/sphinx4/sphinx4-core-5prealpha.jar:/home/travis/build/icyphy/ptII/lib/PDFRenderer.jar:/home/travis/build/icyphy/ptII/lib/svgSalamander.jar:/home/travis/build/icyphy/ptII/lib/rsyntaxtextarea-2.6.0-SNAPSHOT.jar:/home/travis/build/icyphy/ptII/lib/hazelcast-3.8.2.jar:/home/travis/build/icyphy/ptII/lib/jackson-annotations-2.9.0.jar:/home/travis/build/icyphy/ptII/lib/jackson-core-2.9.3.jar:/home/travis/build/icyphy/ptII/lib/jackson-databind-2.9.3.jar:/home/travis/build/icyphy/ptII/lib/netty-buffer-4.1.19.Final.jar:/home/travis/build/icyphy/ptII/lib/netty-codec-4.1.19.Final.jar:/home/travis/build/icyphy/ptII/lib/netty-codec-dns-4.1.19.Final.jar:/home/travis/build/icyphy/ptII/lib/netty-codec-http-4.1.19.Final.jar:/home/travis/build/icyphy/ptII/lib/netty-codec-http2-4.1.19.Final.jar:/home/travis/build/icyphy/ptII/lib/netty-common-4.1.19.Final.jar:/home/travis/build/icyphy/ptII/lib/netty-handler-4.1.19.Final.jar:/home/travis/build/icyphy/ptII/lib/netty-resolver-4.1.19.Final.jar:/home/travis/build/icyphy/ptII/lib/netty-resolver-dns-4.1.19.Final.jar:/home/travis/build/icyphy/ptII/lib/netty-transport-4.1.19.Final.jar:/home/travis/build/icyphy/ptII/lib/vertx-codegen-3.5.1.jar:/home/travis/build/icyphy/ptII/lib/vertx-core-3.5.2-SNAPSHOT.jar:/home/travis/build/icyphy/ptII/lib/vertx-hazelcast-3.5.1.jar:/home/travis/build/icyphy/ptII/lib/vertx-lang-js-3.5.1.jar:/home/travis/build/icyphy/ptII/lib/vertx-service-proxy-3.5.1.jar:/home/travis/build/icyphy/ptII/lib/vertx-web-3.5.1.jar:/home/travis/build/icyphy/ptII/lib/slf4j-api-1.7.13.jar:/home/travis/build/icyphy/ptII/lib/slf4j-simple-1.7.13.jar:/home/travis/build/icyphy/ptII/lib/webcam-capture-0.3.12.jar:/home/travis/build/icyphy/ptII/lib/bridj-0.7.0.jar:/home/travis/build/icyphy/ptII/lib/xbjlib-1.1.0.nrjavaserial.jar:/home/travis/build/icyphy/ptII/ptolemy/moml/test:/home/travis/build/icyphy/ptII/ant/lib/ant-launcher.jar:/home/travis/build/icyphy/ptII/ant/lib/ant.jar:/home/travis/build/icyphy/ptII/ant/lib/ant-junit.jar:/home/travis/build/icyphy/ptII/ant/lib/ant-junit4.jar" />
    <property name="ant.library.dir" value="/home/travis/build/icyphy/ptII/ant/lib" />
    <property name="os.arch" value="amd64" />
    <property name="env.CONTINUOUS_INTEGRATION" value="true" />
    <property name="env.TRAVIS_LANGUAGE" value="node_js" />
    <property name="env.TRAVIS_STACK_LANGUAGES" value="__sardonyx__ c c++ clojure cplusplus cpp default generic go groovy java node_js php pure_java python ruby scala" />
    <property name="test.name" value="ptolemy.actor.lib.test.junit.JUnitTclTest" />
    <property name="env.APT_KEY_DONT_WARN_ON_DANGEROUS_USAGE" value="1" />
    <property name="sun.java.launcher" value="SUN_STANDARD" />
    <property name="env.PYTHON_CONFIGURE_OPTS" value="--enable-unicode=ucs4 --with-wide-unicode --enable-shared --enable-ipv6 --enable-loadable-sqlite-extensions --with-computed-gotos" />
    <property name="ant.core.lib" value="/home/travis/build/icyphy/ptII/ant/lib/ant.jar" />
    <property name="java.vm.specification.vendor" value="Oracle Corporation" />
    <property name="env.BCVTB_HOME" value="/home/travis/build/icyphy/ptII/lbnl" />
    <property name="file.separator" value="/" />
    <property name="spotbugs.home" value="/home/travis/build/icyphy/ptII/vendors/spotbugs-3.1.1" />
    <property name="java.runtime.version" value="11.0.2+9" />
    <property name="env.ANSI_CLEAR" value="\033[0K" />
    <property name="javafx.verbose" value="true" />
    <property name="env.HAS_JOSH_K_SEAL_OF_APPROVAL" value="true" />
    <property name="env.XDG_RUNTIME_DIR" value="/run/user/2000" />
    <property name="env.TRAVIS_OSX_IMAGE" value="" />
    <property name="env.TRAVIS_JOB_ID" value="709784792" />
    <property name="env.TRAVIS_BRANCH" value="master" />
    <property name="user.country" value="US" />
    <property name="env.CERTI_HOME_TRAVIS" value="/home/travis/pthla/certi-tools" />
    <property name="env.SHELL" value="/bin/bash" />
    <property name="java.maxmemory.large" value="3200m" />
    <property name="model" value="" />
    <property name="env.CASHER_DIR" value="/home/travis/.casher" />
    <property name="env.NVM_CD_FLAGS" value="" />
    <property name="java.vendor.version" value="18.9" />
    <property name="jshint.executable" value="/home/travis/node_modules/jshint/bin/jshint" />
    <property name="env.JRUBY_OPTS" value=" --client -J-XX:+TieredCompilation -J-XX:TieredStopAtLevel=1 -J-Xss2m -Xcompile.invokedynamic=false" />
    <property name="java.vendor" value="Oracle Corporation" />
    <property name="env.TRAVIS_PRE_CHEF_BOOTSTRAP_TIME" value="2019-03-25T16:16:42" />
    <property name="env.TRAVIS_STACK_JOB_BOARD_REGISTER" value="/.job-board-register.yml" />
    <property name="env.ANSI_RED" value="\033[31;1m" />
    <property name="java.specification.version" value="11" />
    <property name="env.IRBRC" value="/home/travis/.rvm/rubies/ruby-2.5.3/.irbrc" />
    <property name="env.TRAVIS" value="true" />
    <property name="sun.arch.data.model" value="64" />
  </properties>
  <testcase classname="ptolemy.util.test.junit.TclTests" name="[0] /home/travis/build/icyphy/ptII/ptolemy/actor/lib/test/AbsoluteValue.tcl (RunTclFile)" time="0.519" />
  <testcase classname="ptolemy.util.test.junit.TclTests" name="[1] /home/travis/build/icyphy/ptII/ptolemy/actor/lib/test/AddSubtract.tcl (RunTclFile)" time="0.172" />
  <testcase classname="ptolemy.util.test.junit.TclTests" name="[2] /home/travis/build/icyphy/ptII/ptolemy/actor/lib/test/Average.tcl (RunTclFile)" time="0.061" />
  <testcase classname="ptolemy.util.test.junit.TclTests" name="[3] /home/travis/build/icyphy/ptII/ptolemy/actor/lib/test/Bernoulli.tcl (RunTclFile)" time="0.039" />
  <testcase classname="ptolemy.util.test.junit.TclTests" name="[4] /home/travis/build/icyphy/ptII/ptolemy/actor/lib/test/Clock.tcl (RunTclFile)" time="0.093" />
  <testcase classname="ptolemy.util.test.junit.TclTests" name="[5] /home/travis/build/icyphy/ptII/ptolemy/actor/lib/test/Commutator.tcl (RunTclFile)" time="0.167" />
  <testcase classname="ptolemy.util.test.junit.TclTests" name="[6] /home/travis/build/icyphy/ptII/ptolemy/actor/lib/test/Const.tcl (RunTclFile)" time="0.104" />
  <testcase classname="ptolemy.util.test.junit.TclTests" name="[7] /home/travis/build/icyphy/ptII/ptolemy/actor/lib/test/CurrentTime.tcl (RunTclFile)" time="0.017" />
  <testcase classname="ptolemy.util.test.junit.TclTests" name="[8] /home/travis/build/icyphy/ptII/ptolemy/actor/lib/test/DB.tcl (RunTclFile)" time="0.032" />
  <testcase classname="ptolemy.util.test.junit.TclTests" name="[9] /home/travis/build/icyphy/ptII/ptolemy/actor/lib/test/DiscreteRandomSource.tcl (RunTclFile)" time="0.033" />
  <testcase classname="ptolemy.util.test.junit.TclTests" name="[10] /home/travis/build/icyphy/ptII/ptolemy/actor/lib/test/Distributor.tcl (RunTclFile)" time="0.079" />
  <testcase classname="ptolemy.util.test.junit.TclTests" name="[11] /home/travis/build/icyphy/ptII/ptolemy/actor/lib/test/Exit.tcl (RunTclFile)" time="0.105" />
  <testcase classname="ptolemy.util.test.junit.TclTests" name="[12] /home/travis/build/icyphy/ptII/ptolemy/actor/lib/test/Expression.tcl (RunTclFile)" time="0.108" />
  <testcase classname="ptolemy.util.test.junit.TclTests" name="[13] /home/travis/build/icyphy/ptII/ptolemy/actor/lib/test/Gaussian.tcl (RunTclFile)" time="0.251" />
  <testcase classname="ptolemy.util.test.junit.TclTests" name="[14] /home/travis/build/icyphy/ptII/ptolemy/actor/lib/test/IIR.tcl (RunTclFile)" time="0.039" />
  <testcase classname="ptolemy.util.test.junit.TclTests" name="[15] /home/travis/build/icyphy/ptII/ptolemy/actor/lib/test/Interpolator.tcl (RunTclFile)" time="0.101" />
  <testcase classname="ptolemy.util.test.junit.TclTests" name="[16] /home/travis/build/icyphy/ptII/ptolemy/actor/lib/test/MathFunction.tcl (RunTclFile)" time="0.073" />
  <testcase classname="ptolemy.util.test.junit.TclTests" name="[17] /home/travis/build/icyphy/ptII/ptolemy/actor/lib/test/Maximum.tcl (RunTclFile)" time="0.039" />
  <testcase classname="ptolemy.util.test.junit.TclTests" name="[18] /home/travis/build/icyphy/ptII/ptolemy/actor/lib/test/Minimum.tcl (RunTclFile)" time="0.026" />
  <testcase classname="ptolemy.util.test.junit.TclTests" name="[19] /home/travis/build/icyphy/ptII/ptolemy/actor/lib/test/MultiplyDivide.tcl (RunTclFile)" time="0.037" />
  <testcase classname="ptolemy.util.test.junit.TclTests" name="[20] /home/travis/build/icyphy/ptII/ptolemy/actor/lib/test/OrderedMerge.tcl (RunTclFile)" time="0.106" />
  <testcase classname="ptolemy.util.test.junit.TclTests" name="[21] /home/travis/build/icyphy/ptII/ptolemy/actor/lib/test/Publisher.tcl (RunTclFile)" time="0.834" />
  <testcase classname="ptolemy.util.test.junit.TclTests" name="[22] /home/travis/build/icyphy/ptII/ptolemy/actor/lib/test/Pulse.tcl (RunTclFile)" time="0.05" />
  <testcase classname="ptolemy.util.test.junit.TclTests" name="[23] /home/travis/build/icyphy/ptII/ptolemy/actor/lib/test/Ramp.tcl (RunTclFile)" time="1.854" />
  <testcase classname="ptolemy.util.test.junit.TclTests" name="[24] /home/travis/build/icyphy/ptII/ptolemy/actor/lib/test/RampContinuous.tcl (RunTclFile)" time="0.016" />
  <testcase classname="ptolemy.util.test.junit.TclTests" name="[25] /home/travis/build/icyphy/ptII/ptolemy/actor/lib/test/RecordAssembler.tcl (RunTclFile)" time="0.013" />
  <testcase classname="ptolemy.util.test.junit.TclTests" name="[26] /home/travis/build/icyphy/ptII/ptolemy/actor/lib/test/RecordDisassembler.tcl (RunTclFile)" time="0.017" />
  <testcase classname="ptolemy.util.test.junit.TclTests" name="[27] /home/travis/build/icyphy/ptII/ptolemy/actor/lib/test/Scale.tcl (RunTclFile)" time="0.015" />
  <testcase classname="ptolemy.util.test.junit.TclTests" name="[28] /home/travis/build/icyphy/ptII/ptolemy/actor/lib/test/SequentialClock.tcl (RunTclFile)" time="0.011" />
  <testcase classname="ptolemy.util.test.junit.TclTests" name="[29] /home/travis/build/icyphy/ptII/ptolemy/actor/lib/test/SetVariable.tcl (RunTclFile)" time="0.009" />
  <testcase classname="ptolemy.util.test.junit.TclTests" name="[30] /home/travis/build/icyphy/ptII/ptolemy/actor/lib/test/Sinewave.tcl (RunTclFile)" time="0.023" />
  <testcase classname="ptolemy.util.test.junit.TclTests" name="[31] /home/travis/build/icyphy/ptII/ptolemy/actor/lib/test/SubscriptionAggregator.tcl (RunTclFile)" time="1.912" />
  <testcase classname="ptolemy.util.test.junit.TclTests" name="[32] /home/travis/build/icyphy/ptII/ptolemy/actor/lib/test/Test.tcl (RunTclFile)" time="0.092" />
  <testcase classname="ptolemy.util.test.junit.TclTests" name="[33] /home/travis/build/icyphy/ptII/ptolemy/actor/lib/test/TestExceptionHandler.tcl (RunTclFile)" time="0.012" />
  <testcase classname="ptolemy.util.test.junit.TclTests" name="[34] /home/travis/build/icyphy/ptII/ptolemy/actor/lib/test/UnionDisassembler.tcl (RunTclFile)" time="0.062" />
  <testcase classname="ptolemy.util.test.junit.TclTests" name="[35] /home/travis/build/icyphy/ptII/ptolemy/actor/lib/test/VariableClock.tcl (RunTclFile)" time="0.023" />
  <testcase classname="ptolemy.util.test.junit.AutoKnownFailedTests" name="[0] /home/travis/build/icyphy/ptII/ptolemy/actor/lib/test/auto/knownFailedTests/PublisherPortToplevelSubscriber.xml (RunModel)" time="0.022" />
  <testcase classname="ptolemy.util.test.junit.AutoKnownFailedTests" name="[1] /home/travis/build/icyphy/ptII/ptolemy/actor/lib/test/auto/knownFailedTests/PublisherSubscriberPortToplevel.xml (RunModel)" time="0.014" />
  <testcase classname="ptolemy.util.test.junit.AutoKnownFailedTests" name="[2] /home/travis/build/icyphy/ptII/ptolemy/actor/lib/test/auto/knownFailedTests/PublisherSubscriptionAggregatorPort.xml (RunModel)" time="0.015" />
  <testcase classname="ptolemy.util.test.junit.AutoKnownFailedTests" name="[3] /home/travis/build/icyphy/ptII/ptolemy/actor/lib/test/auto/knownFailedTests/sizedarray3.xml (RunModel)" time="0.023" />
  <testcase classname="ptolemy.util.test.junit.AutoNameArchTests" name="[0] ThereAreNoAutoArchTests (RunModel)" time="0.003" />
  <testcase classname="ptolemy.util.test.junit.AutoTests" name="[0] /home/travis/build/icyphy/ptII/ptolemy/actor/lib/test/auto/AbsoluteValue.xml (RunModel)" time="0.109" />
  <testcase classname="ptolemy.util.test.junit.AutoTests" name="[1] /home/travis/build/icyphy/ptII/ptolemy/actor/lib/test/auto/AbsoluteValue2.xml (RunModel)" time="0.064" />
  <testcase classname="ptolemy.util.test.junit.AutoTests" name="[2] /home/travis/build/icyphy/ptII/ptolemy/actor/lib/test/auto/Accumulator.xml (RunModel)" time="0.067" />
  <testcase classname="ptolemy.util.test.junit.AutoTests" name="[3] /home/travis/build/icyphy/ptII/ptolemy/actor/lib/test/auto/Accumulator2.xml (RunModel)" time="0.032" />
  <testcase classname="ptolemy.util.test.junit.AutoTests" name="[4] /home/travis/build/icyphy/ptII/ptolemy/actor/lib/test/auto/Accumulator3.xml (RunModel)" time="0.035" />
  <testcase classname="ptolemy.util.test.junit.AutoTests" name="[5] /home/travis/build/icyphy/ptII/ptolemy/actor/lib/test/auto/ArrayAppend.xml (RunModel)" time="0.029" />
  <testcase classname="ptolemy.util.test.junit.AutoTests" name="[6] /home/travis/build/icyphy/ptII/ptolemy/actor/lib/test/auto/ArrayAppend2.xml (RunModel)" time="0.45" />
  <testcase classname="ptolemy.util.test.junit.AutoTests" name="[7] /home/travis/build/icyphy/ptII/ptolemy/actor/lib/test/auto/ArrayAppend3.xml (RunModel)" time="0.038" />
  <testcase classname="ptolemy.util.test.junit.AutoTests" name="[8] /home/travis/build/icyphy/ptII/ptolemy/actor/lib/test/auto/ArrayAppend4.xml (RunModel)" time="0.015" />
  <testcase classname="ptolemy.util.test.junit.AutoTests" name="[9] /home/travis/build/icyphy/ptII/ptolemy/actor/lib/test/auto/ArrayAppend5.xml (RunModel)" time="0.015" />
  <testcase classname="ptolemy.util.test.junit.AutoTests" name="[10] /home/travis/build/icyphy/ptII/ptolemy/actor/lib/test/auto/ArrayAppend6.xml (RunModel)" time="0.022" />
  <testcase classname="ptolemy.util.test.junit.AutoTests" name="[11] /home/travis/build/icyphy/ptII/ptolemy/actor/lib/test/auto/ArrayAppendPerformanceTest.xml (RunModel)" time="0.054" />
  <testcase classname="ptolemy.util.test.junit.AutoTests" name="[12] /home/travis/build/icyphy/ptII/ptolemy/actor/lib/test/auto/ArrayAppendWithEmptyInput.xml (RunModel)" time="0.041" />
  <testcase classname="ptolemy.util.test.junit.AutoTests" name="[13] /home/travis/build/icyphy/ptII/ptolemy/actor/lib/test/auto/ArrayAverage.xml (RunModel)" time="0.038" />
  <testcase classname="ptolemy.util.test.junit.AutoTests" name="[14] /home/travis/build/icyphy/ptII/ptolemy/actor/lib/test/auto/ArrayContains.xml (RunModel)" time="0.029" />
  <testcase classname="ptolemy.util.test.junit.AutoTests" name="[15] /home/travis/build/icyphy/ptII/ptolemy/actor/lib/test/auto/ArrayElement.xml (RunModel)" time="0.024" />
  <testcase classname="ptolemy.util.test.junit.AutoTests" name="[16] /home/travis/build/icyphy/ptII/ptolemy/actor/lib/test/auto/ArrayElementAsMatrix.xml (RunModel)" time="0.053" />
  <testcase classname="ptolemy.util.test.junit.AutoTests" name="[17] /home/travis/build/icyphy/ptII/ptolemy/actor/lib/test/auto/ArrayElementI.xml (RunModel)" time="0.031" />
  <testcase classname="ptolemy.util.test.junit.AutoTests" name="[18] /home/travis/build/icyphy/ptII/ptolemy/actor/lib/test/auto/ArrayExtract.xml (RunModel)" time="0.024" />
  <testcase classname="ptolemy.util.test.junit.AutoTests" name="[19] /home/travis/build/icyphy/ptII/ptolemy/actor/lib/test/auto/ArrayExtract2.xml (RunModel)" time="0.016" />
  <testcase classname="ptolemy.util.test.junit.AutoTests" name="[20] /home/travis/build/icyphy/ptII/ptolemy/actor/lib/test/auto/ArrayLength.xml (RunModel)" time="0.02" />
  <testcase classname="ptolemy.util.test.junit.AutoTests" name="[21] /home/travis/build/icyphy/ptII/ptolemy/actor/lib/test/auto/ArrayLevelCrossing.xml (RunModel)" time="0.024" />
  <testcase classname="ptolemy.util.test.junit.AutoTests" name="[22] /home/travis/build/icyphy/ptII/ptolemy/actor/lib/test/auto/ArrayLevelCrossing2.xml (RunModel)" time="0.02" />
  <testcase classname="ptolemy.util.test.junit.AutoTests" name="[23] /home/travis/build/icyphy/ptII/ptolemy/actor/lib/test/auto/ArrayPeakSearch.xml (RunModel)" time="0.041" />
  <testcase classname="ptolemy.util.test.junit.AutoTests" name="[24] /home/travis/build/icyphy/ptII/ptolemy/actor/lib/test/auto/ArrayPeakSearch2.xml (RunModel)" time="0.036" />
  <testcase classname="ptolemy.util.test.junit.AutoTests" name="[25] /home/travis/build/icyphy/ptII/ptolemy/actor/lib/test/auto/ArrayPeakSearch3.xml (RunModel)" time="0.032" />
  <testcase classname="ptolemy.util.test.junit.AutoTests" name="[26] /home/travis/build/icyphy/ptII/ptolemy/actor/lib/test/auto/ArrayRemoveElement.xml (RunModel)" time="0.028" />
  <testcase classname="ptolemy.util.test.junit.AutoTests" name="[27] /home/travis/build/icyphy/ptII/ptolemy/actor/lib/test/auto/ArraySort.xml (RunModel)" time="0.033" />
  <testcase classname="ptolemy.util.test.junit.AutoTests" name="[28] /home/travis/build/icyphy/ptII/ptolemy/actor/lib/test/auto/ArraySum.xml (RunModel)" time="0.019" />
  <testcase classname="ptolemy.util.test.junit.AutoTests" name="[29] /home/travis/build/icyphy/ptII/ptolemy/actor/lib/test/auto/ArrayToElements.xml (RunModel)" time="0.016" />
  <testcase classname="ptolemy.util.test.junit.AutoTests" name="[30] /home/travis/build/icyphy/ptII/ptolemy/actor/lib/test/auto/ArrayToMatrix.xml (RunModel)" time="0.044" />
  <testcase classname="ptolemy.util.test.junit.AutoTests" name="[31] /home/travis/build/icyphy/ptII/ptolemy/actor/lib/test/auto/ArrayUpdate1.xml (RunModel)" time="0.022" />
  <testcase classname="ptolemy.util.test.junit.AutoTests" name="[32] /home/travis/build/icyphy/ptII/ptolemy/actor/lib/test/auto/ArrayUpdate2.xml (RunModel)" time="0.017" />
  <testcase classname="ptolemy.util.test.junit.AutoTests" name="[33] /home/travis/build/icyphy/ptII/ptolemy/actor/lib/test/auto/ArrayUpdate3.xml (RunModel)" time="0.012" />
  <testcase classname="ptolemy.util.test.junit.AutoTests" name="[34] /home/travis/build/icyphy/ptII/ptolemy/actor/lib/test/auto/Assert1.xml (RunModel)" time="0.019" />
  <testcase classname="ptolemy.util.test.junit.AutoTests" name="[35] /home/travis/build/icyphy/ptII/ptolemy/actor/lib/test/auto/Assert2.xml (RunModel)" time="0.009" />
  <testcase classname="ptolemy.util.test.junit.AutoTests" name="[36] /home/travis/build/icyphy/ptII/ptolemy/actor/lib/test/auto/BooleanMultiplexor.xml (RunModel)" time="0.012" />
  <testcase classname="ptolemy.util.test.junit.AutoTests" name="[37] /home/travis/build/icyphy/ptII/ptolemy/actor/lib/test/auto/BooleanMultiplexor2.xml (RunModel)" time="0.026" />
  <testcase classname="ptolemy.util.test.junit.AutoTests" name="[38] /home/travis/build/icyphy/ptII/ptolemy/actor/lib/test/auto/BooleanMultiplexor3.xml (RunModel)" time="0.02" />
  <testcase classname="ptolemy.util.test.junit.AutoTests" name="[39] /home/travis/build/icyphy/ptII/ptolemy/actor/lib/test/auto/BooleanSelect.xml (RunModel)" time="0.024" />
  <testcase classname="ptolemy.util.test.junit.AutoTests" name="[40] /home/travis/build/icyphy/ptII/ptolemy/actor/lib/test/auto/BooleanSelect2.xml (RunModel)" time="0.014" />
  <testcase classname="ptolemy.util.test.junit.AutoTests" name="[41] /home/travis/build/icyphy/ptII/ptolemy/actor/lib/test/auto/BooleanSwitch.xml (RunModel)" time="0.02" />
  <testcase classname="ptolemy.util.test.junit.AutoTests" name="[42] /home/travis/build/icyphy/ptII/ptolemy/actor/lib/test/auto/BooleanSwitch2.xml (RunModel)" time="0.016" />
  <testcase classname="ptolemy.util.test.junit.AutoTests" name="[43] /home/travis/build/icyphy/ptII/ptolemy/actor/lib/test/auto/BooleanSwitchCloningBugWithClassRelationGroup.xml (RunModel)" time="0.023" />
  <testcase classname="ptolemy.util.test.junit.AutoTests" name="[44] /home/travis/build/icyphy/ptII/ptolemy/actor/lib/test/auto/BusActors.xml (RunModel)" time="0.038" />
  <testcase classname="ptolemy.util.test.junit.AutoTests" name="[45] /home/travis/build/icyphy/ptII/ptolemy/actor/lib/test/auto/ClassWrapper.xml (RunModel)" time="0.02" />
  <testcase classname="ptolemy.util.test.junit.AutoTests" name="[46] /home/travis/build/icyphy/ptII/ptolemy/actor/lib/test/auto/Clock.xml (RunModel)" time="0.01" />
  <testcase classname="ptolemy.util.test.junit.AutoTests" name="[47] /home/travis/build/icyphy/ptII/ptolemy/actor/lib/test/auto/Clock10.xml (RunModel)" time="0.017" />
  <testcase classname="ptolemy.util.test.junit.AutoTests" name="[48] /home/travis/build/icyphy/ptII/ptolemy/actor/lib/test/auto/Clock11.xml (RunModel)" time="0.027" />
  <testcase classname="ptolemy.util.test.junit.AutoTests" name="[49] /home/travis/build/icyphy/ptII/ptolemy/actor/lib/test/auto/Clock12.xml (RunModel)" time="0.019" />
  <testcase classname="ptolemy.util.test.junit.AutoTests" name="[50] /home/travis/build/icyphy/ptII/ptolemy/actor/lib/test/auto/Clock13.xml (RunModel)" time="0.015" />
  <testcase classname="ptolemy.util.test.junit.AutoTests" name="[51] /home/travis/build/icyphy/ptII/ptolemy/actor/lib/test/auto/Clock14.xml (RunModel)" time="0.014" />
  <testcase classname="ptolemy.util.test.junit.AutoTests" name="[52] /home/travis/build/icyphy/ptII/ptolemy/actor/lib/test/auto/Clock15.xml (RunModel)" time="0.012" />
  <testcase classname="ptolemy.util.test.junit.AutoTests" name="[53] /home/travis/build/icyphy/ptII/ptolemy/actor/lib/test/auto/Clock16.xml (RunModel)" time="0.101" />
  <testcase classname="ptolemy.util.test.junit.AutoTests" name="[54] /home/travis/build/icyphy/ptII/ptolemy/actor/lib/test/auto/Clock17.xml (RunModel)" time="0.036" />
  <testcase classname="ptolemy.util.test.junit.AutoTests" name="[55] /home/travis/build/icyphy/ptII/ptolemy/actor/lib/test/auto/Clock18.xml (RunModel)" time="0.033" />
  <testcase classname="ptolemy.util.test.junit.AutoTests" name="[56] /home/travis/build/icyphy/ptII/ptolemy/actor/lib/test/auto/Clock19.xml (RunModel)" time="0.031" />
  <testcase classname="ptolemy.util.test.junit.AutoTests" name="[57] /home/travis/build/icyphy/ptII/ptolemy/actor/lib/test/auto/Clock2.xml (RunModel)" time="0.009" />
  <testcase classname="ptolemy.util.test.junit.AutoTests" name="[58] /home/travis/build/icyphy/ptII/ptolemy/actor/lib/test/auto/Clock20.xml (RunModel)" time="0.014" />
  <testcase classname="ptolemy.util.test.junit.AutoTests" name="[59] /home/travis/build/icyphy/ptII/ptolemy/actor/lib/test/auto/Clock21.xml (RunModel)" time="0.015" />
  <testcase classname="ptolemy.util.test.junit.AutoTests" name="[60] /home/travis/build/icyphy/ptII/ptolemy/actor/lib/test/auto/Clock22.xml (RunModel)" time="0.011" />
  <testcase classname="ptolemy.util.test.junit.AutoTests" name="[61] /home/travis/build/icyphy/ptII/ptolemy/actor/lib/test/auto/Clock23.xml (RunModel)" time="0.014" />
  <testcase classname="ptolemy.util.test.junit.AutoTests" name="[62] /home/travis/build/icyphy/ptII/ptolemy/actor/lib/test/auto/Clock24.xml (RunModel)" time="0.01" />
  <testcase classname="ptolemy.util.test.junit.AutoTests" name="[63] /home/travis/build/icyphy/ptII/ptolemy/actor/lib/test/auto/Clock4.xml (RunModel)" time="0.008" />
  <testcase classname="ptolemy.util.test.junit.AutoTests" name="[64] /home/travis/build/icyphy/ptII/ptolemy/actor/lib/test/auto/Clock5.xml (RunModel)" time="0.011" />
  <testcase classname="ptolemy.util.test.junit.AutoTests" name="[65] /home/travis/build/icyphy/ptII/ptolemy/actor/lib/test/auto/Clock6.xml (RunModel)" time="0.011" />
  <testcase classname="ptolemy.util.test.junit.AutoTests" name="[66] /home/travis/build/icyphy/ptII/ptolemy/actor/lib/test/auto/Clock7.xml (RunModel)" time="0.008" />
  <testcase classname="ptolemy.util.test.junit.AutoTests" name="[67] /home/travis/build/icyphy/ptII/ptolemy/actor/lib/test/auto/Clock8.xml (RunModel)" time="0.012" />
  <testcase classname="ptolemy.util.test.junit.AutoTests" name="[68] /home/travis/build/icyphy/ptII/ptolemy/actor/lib/test/auto/Clock9.xml (RunModel)" time="0.011" />
  <testcase classname="ptolemy.util.test.junit.AutoTests" name="[69] /home/travis/build/icyphy/ptII/ptolemy/actor/lib/test/auto/CommDistDiscard.xml (RunModel)" time="0.017" />
  <testcase classname="ptolemy.util.test.junit.AutoTests" name="[70] /home/travis/build/icyphy/ptII/ptolemy/actor/lib/test/auto/Commutator.xml (RunModel)" time="0.014" />
  <testcase classname="ptolemy.util.test.junit.AutoTests" name="[71] /home/travis/build/icyphy/ptII/ptolemy/actor/lib/test/auto/Commutator2.xml (RunModel)" time="0.008" />
  <testcase classname="ptolemy.util.test.junit.AutoTests" name="[72] /home/travis/build/icyphy/ptII/ptolemy/actor/lib/test/auto/Commutator3.xml (RunModel)" time="0.011" />
  <testcase classname="ptolemy.util.test.junit.AutoTests" name="[73] /home/travis/build/icyphy/ptII/ptolemy/actor/lib/test/auto/Compare.xml (RunModel)" time="0.018" />
  <testcase classname="ptolemy.util.test.junit.AutoTests" name="[74] /home/travis/build/icyphy/ptII/ptolemy/actor/lib/test/auto/CompareDE.xml (RunModel)" time="0.016" />
  <testcase classname="ptolemy.util.test.junit.AutoTests" name="[75] /home/travis/build/icyphy/ptII/ptolemy/actor/lib/test/auto/ComplexDivide.xml (RunModel)" time="0.007" />
  <testcase classname="ptolemy.util.test.junit.AutoTests" name="[76] /home/travis/build/icyphy/ptII/ptolemy/actor/lib/test/auto/ComputeHistogram.xml (RunModel)" time="0.075" />
  <testcase classname="ptolemy.util.test.junit.AutoTests" name="[77] /home/travis/build/icyphy/ptII/ptolemy/actor/lib/test/auto/ConfigurationSelect.xml (RunModel)" time="0.016" />
  <testcase classname="ptolemy.util.test.junit.AutoTests" name="[78] /home/travis/build/icyphy/ptII/ptolemy/actor/lib/test/auto/ConfigurationSelect2.xml (RunModel)" time="0.015" />
  <testcase classname="ptolemy.util.test.junit.AutoTests" name="[79] /home/travis/build/icyphy/ptII/ptolemy/actor/lib/test/auto/ConfigurationSwitch.xml (RunModel)" time="0.025" />
  <testcase classname="ptolemy.util.test.junit.AutoTests" name="[80] /home/travis/build/icyphy/ptII/ptolemy/actor/lib/test/auto/ConfigurationSwitch2.xml (RunModel)" time="0.016" />
  <testcase classname="ptolemy.util.test.junit.AutoTests" name="[81] /home/travis/build/icyphy/ptII/ptolemy/actor/lib/test/auto/ConfigurationSwitchCloningBugWithClassRelationGroup.xml (RunModel)" time="0.019" />
  <testcase classname="ptolemy.util.test.junit.AutoTests" name="[82] /home/travis/build/icyphy/ptII/ptolemy/actor/lib/test/auto/ConfigurationSwitchSelectSDF.xml (RunModel)" time="0.014" />
  <testcase classname="ptolemy.util.test.junit.AutoTests" name="[83] /home/travis/build/icyphy/ptII/ptolemy/actor/lib/test/auto/ConfigurationSwitchSelectSDF2.xml (RunModel)" time="0.015" />
  <testcase classname="ptolemy.util.test.junit.AutoTests" name="[84] /home/travis/build/icyphy/ptII/ptolemy/actor/lib/test/auto/Const.xml (RunModel)" time="0.006" />
  <testcase classname="ptolemy.util.test.junit.AutoTests" name="[85] /home/travis/build/icyphy/ptII/ptolemy/actor/lib/test/auto/Const2.xml (RunModel)" time="0.009" />
  <testcase classname="ptolemy.util.test.junit.AutoTests" name="[86] /home/travis/build/icyphy/ptII/ptolemy/actor/lib/test/auto/Const3.xml (RunModel)" time="0.006" />
  <testcase classname="ptolemy.util.test.junit.AutoTests" name="[87] /home/travis/build/icyphy/ptII/ptolemy/actor/lib/test/auto/ConstantPublisherPort1.xml (RunModel)" time="0.018" />
  <testcase classname="ptolemy.util.test.junit.AutoTests" name="[88] /home/travis/build/icyphy/ptII/ptolemy/actor/lib/test/auto/ConstantPublisherPort2.xml (RunModel)" time="0.024" />
  <testcase classname="ptolemy.util.test.junit.AutoTests" name="[89] /home/travis/build/icyphy/ptII/ptolemy/actor/lib/test/auto/ConstantPublisherPort3.xml (RunModel)" time="0.018" />
  <testcase classname="ptolemy.util.test.junit.AutoTests" name="[90] /home/travis/build/icyphy/ptII/ptolemy/actor/lib/test/auto/ConstantPublisherPort4.xml (RunModel)" time="0.016" />
  <testcase classname="ptolemy.util.test.junit.AutoTests" name="[91] /home/travis/build/icyphy/ptII/ptolemy/actor/lib/test/auto/ConstantPublisherPort5.xml (RunModel)" time="0.037" />
  <testcase classname="ptolemy.util.test.junit.AutoTests" name="[92] /home/travis/build/icyphy/ptII/ptolemy/actor/lib/test/auto/ConstantPublisherPort6.xml (RunModel)" time="0.026" />
  <testcase classname="ptolemy.util.test.junit.AutoTests" name="[93] /home/travis/build/icyphy/ptII/ptolemy/actor/lib/test/auto/ConstantPublisherPort7.xml (RunModel)" time="0.028" />
  <testcase classname="ptolemy.util.test.junit.AutoTests" name="[94] /home/travis/build/icyphy/ptII/ptolemy/actor/lib/test/auto/ConstraintMonitor1.xml (RunModel)" time="0.044" />
  <testcase classname="ptolemy.util.test.junit.AutoTests" name="[95] /home/travis/build/icyphy/ptII/ptolemy/actor/lib/test/auto/ConstraintMonitor2.xml (RunModel)" time="0.014" />
  <testcase classname="ptolemy.util.test.junit.AutoTests" name="[96] /home/travis/build/icyphy/ptII/ptolemy/actor/lib/test/auto/ConstraintMonitor3.xml (RunModel)" time="0.021" />
  <testcase classname="ptolemy.util.test.junit.AutoTests" name="[97] /home/travis/build/icyphy/ptII/ptolemy/actor/lib/test/auto/ConstraintMonitor4.xml (RunModel)" time="0.012" />
  <testcase classname="ptolemy.util.test.junit.AutoTests" name="[98] /home/travis/build/icyphy/ptII/ptolemy/actor/lib/test/auto/ConstraintMonitor5.xml (RunModel)" time="0.011" />
  <testcase classname="ptolemy.util.test.junit.AutoTests" name="[99] /home/travis/build/icyphy/ptII/ptolemy/actor/lib/test/auto/ConstraintMonitor6.xml (RunModel)" time="0.018" />
  <testcase classname="ptolemy.util.test.junit.AutoTests" name="[100] /home/travis/build/icyphy/ptII/ptolemy/actor/lib/test/auto/ConstraintMonitor7.xml (RunModel)" time="0.014" />
  <testcase classname="ptolemy.util.test.junit.AutoTests" name="[101] /home/travis/build/icyphy/ptII/ptolemy/actor/lib/test/auto/ConstraintMonitor8.xml (RunModel)" time="0.026" />
  <testcase classname="ptolemy.util.test.junit.AutoTests" name="[102] /home/travis/build/icyphy/ptII/ptolemy/actor/lib/test/auto/Counter.xml (RunModel)" time="0.014" />
  <testcase classname="ptolemy.util.test.junit.AutoTests" name="[103] /home/travis/build/icyphy/ptII/ptolemy/actor/lib/test/auto/CurrentTimeSDF.xml (RunModel)" time="0.008" />
  <testcase classname="ptolemy.util.test.junit.AutoTests" name="[104] /home/travis/build/icyphy/ptII/ptolemy/actor/lib/test/auto/DB.xml (RunModel)" time="0.013" />
  <testcase classname="ptolemy.util.test.junit.AutoTests" name="[105] /home/travis/build/icyphy/ptII/ptolemy/actor/lib/test/auto/DBDE.xml (RunModel)" time="0.014" />
  <testcase classname="ptolemy.util.test.junit.AutoTests" name="[106] /home/travis/build/icyphy/ptII/ptolemy/actor/lib/test/auto/DateConstructor.xml (RunModel)" time="0.072" />
  <testcase classname="ptolemy.util.test.junit.AutoTests" name="[107] /home/travis/build/icyphy/ptII/ptolemy/actor/lib/test/auto/DelayTime.xml (RunModel)" time="0.015" />
  <testcase classname="ptolemy.util.test.junit.AutoTests" name="[108] /home/travis/build/icyphy/ptII/ptolemy/actor/lib/test/auto/Dictionary1.xml (RunModel)" time="0.017" />
  <testcase classname="ptolemy.util.test.junit.AutoTests" name="[109] /home/travis/build/icyphy/ptII/ptolemy/actor/lib/test/auto/Dictionary2.xml (RunModel)" time="0.015" />
  <testcase classname="ptolemy.util.test.junit.AutoTests" name="[110] /home/travis/build/icyphy/ptII/ptolemy/actor/lib/test/auto/Dictionary3.xml (RunModel)" time="0.015" />
  <testcase classname="ptolemy.util.test.junit.AutoTests" name="[111] /home/travis/build/icyphy/ptII/ptolemy/actor/lib/test/auto/Dictionary4.xml (RunModel)" time="0.019" />
  <testcase classname="ptolemy.util.test.junit.AutoTests" name="[112] /home/travis/build/icyphy/ptII/ptolemy/actor/lib/test/auto/Differential.xml (RunModel)" time="0.011" />
  <testcase classname="ptolemy.util.test.junit.AutoTests" name="[113] /home/travis/build/icyphy/ptII/ptolemy/actor/lib/test/auto/Director.xml (RunModel)" time="0.01" />
  <testcase classname="ptolemy.util.test.junit.AutoTests" name="[114] /home/travis/build/icyphy/ptII/ptolemy/actor/lib/test/auto/DiscreteClock.xml (RunModel)" time="0.009" />
  <testcase classname="ptolemy.util.test.junit.AutoTests" name="[115] /home/travis/build/icyphy/ptII/ptolemy/actor/lib/test/auto/DiscreteClock10.xml (RunModel)" time="0.012" />
  <testcase classname="ptolemy.util.test.junit.AutoTests" name="[116] /home/travis/build/icyphy/ptII/ptolemy/actor/lib/test/auto/DiscreteClock11.xml (RunModel)" time="0.011" />
  <testcase classname="ptolemy.util.test.junit.AutoTests" name="[117] /home/travis/build/icyphy/ptII/ptolemy/actor/lib/test/auto/DiscreteClock12.xml (RunModel)" time="0.014" />
  <testcase classname="ptolemy.util.test.junit.AutoTests" name="[118] /home/travis/build/icyphy/ptII/ptolemy/actor/lib/test/auto/DiscreteClock13.xml (RunModel)" time="0.015" />
  <testcase classname="ptolemy.util.test.junit.AutoTests" name="[119] /home/travis/build/icyphy/ptII/ptolemy/actor/lib/test/auto/DiscreteClock14.xml (RunModel)" time="0.013" />
  <testcase classname="ptolemy.util.test.junit.AutoTests" name="[120] /home/travis/build/icyphy/ptII/ptolemy/actor/lib/test/auto/DiscreteClock15.xml (RunModel)" time="0.014" />
  <testcase classname="ptolemy.util.test.junit.AutoTests" name="[121] /home/travis/build/icyphy/ptII/ptolemy/actor/lib/test/auto/DiscreteClock16.xml (RunModel)" time="0.042" />
  <testcase classname="ptolemy.util.test.junit.AutoTests" name="[122] /home/travis/build/icyphy/ptII/ptolemy/actor/lib/test/auto/DiscreteClock17.xml (RunModel)" time="0.043" />
  <testcase classname="ptolemy.util.test.junit.AutoTests" name="[123] /home/travis/build/icyphy/ptII/ptolemy/actor/lib/test/auto/DiscreteClock18.xml (RunModel)" time="0.044" />
  <testcase classname="ptolemy.util.test.junit.AutoTests" name="[124] /home/travis/build/icyphy/ptII/ptolemy/actor/lib/test/auto/DiscreteClock19.xml (RunModel)" time="0.064" />
  <testcase classname="ptolemy.util.test.junit.AutoTests" name="[125] /home/travis/build/icyphy/ptII/ptolemy/actor/lib/test/auto/DiscreteClock2.xml (RunModel)" time="0.012" />
  <testcase classname="ptolemy.util.test.junit.AutoTests" name="[126] /home/travis/build/icyphy/ptII/ptolemy/actor/lib/test/auto/DiscreteClock20.xml (RunModel)" time="0.019" />
  <testcase classname="ptolemy.util.test.junit.AutoTests" name="[127] /home/travis/build/icyphy/ptII/ptolemy/actor/lib/test/auto/DiscreteClock21.xml (RunModel)" time="0.014" />
  <testcase classname="ptolemy.util.test.junit.AutoTests" name="[128] /home/travis/build/icyphy/ptII/ptolemy/actor/lib/test/auto/DiscreteClock22.xml (RunModel)" time="0.012" />
  <testcase classname="ptolemy.util.test.junit.AutoTests" name="[129] /home/travis/build/icyphy/ptII/ptolemy/actor/lib/test/auto/DiscreteClock23.xml (RunModel)" time="0.013" />
  <testcase classname="ptolemy.util.test.junit.AutoTests" name="[130] /home/travis/build/icyphy/ptII/ptolemy/actor/lib/test/auto/DiscreteClock24.xml (RunModel)" time="0.013" />
  <testcase classname="ptolemy.util.test.junit.AutoTests" name="[131] /home/travis/build/icyphy/ptII/ptolemy/actor/lib/test/auto/DiscreteClock4.xml (RunModel)" time="0.016" />
  <testcase classname="ptolemy.util.test.junit.AutoTests" name="[132] /home/travis/build/icyphy/ptII/ptolemy/actor/lib/test/auto/DiscreteClock5.xml (RunModel)" time="0.012" />
  <testcase classname="ptolemy.util.test.junit.AutoTests" name="[133] /home/travis/build/icyphy/ptII/ptolemy/actor/lib/test/auto/DiscreteClock6.xml (RunModel)" time="0.013" />
  <testcase classname="ptolemy.util.test.junit.AutoTests" name="[134] /home/travis/build/icyphy/ptII/ptolemy/actor/lib/test/auto/DiscreteClock7.xml (RunModel)" time="0.009" />
  <testcase classname="ptolemy.util.test.junit.AutoTests" name="[135] /home/travis/build/icyphy/ptII/ptolemy/actor/lib/test/auto/DiscreteClock8.xml (RunModel)" time="0.02" />
  <testcase classname="ptolemy.util.test.junit.AutoTests" name="[136] /home/travis/build/icyphy/ptII/ptolemy/actor/lib/test/auto/DiscreteClock9.xml (RunModel)" time="0.012" />
  <testcase classname="ptolemy.util.test.junit.AutoTests" name="[137] /home/travis/build/icyphy/ptII/ptolemy/actor/lib/test/auto/DisplayArray.xml (RunModel)" time="0.007" />
  <testcase classname="ptolemy.util.test.junit.AutoTests" name="[138] /home/travis/build/icyphy/ptII/ptolemy/actor/lib/test/auto/Distributor.xml (RunModel)" time="0.008" />
  <testcase classname="ptolemy.util.test.junit.AutoTests" name="[139] /home/travis/build/icyphy/ptII/ptolemy/actor/lib/test/auto/Distributor2.xml (RunModel)" time="0.01" />
  <testcase classname="ptolemy.util.test.junit.AutoTests" name="[140] /home/travis/build/icyphy/ptII/ptolemy/actor/lib/test/auto/DownSample.xml (RunModel)" time="0.009" />
  <testcase classname="ptolemy.util.test.junit.AutoTests" name="[141] /home/travis/build/icyphy/ptII/ptolemy/actor/lib/test/auto/ElectronicUnitBase1.xml (RunModel)" time="0.053" />
  <testcase classname="ptolemy.util.test.junit.AutoTests" name="[142] /home/travis/build/icyphy/ptII/ptolemy/actor/lib/test/auto/ElementsToArray.xml (RunModel)" time="0.009" />
  <testcase classname="ptolemy.util.test.junit.AutoTests" name="[143] /home/travis/build/icyphy/ptII/ptolemy/actor/lib/test/auto/Equals.xml (RunModel)" time="0.013" />
  <testcase classname="ptolemy.util.test.junit.AutoTests" name="[144] /home/travis/build/icyphy/ptII/ptolemy/actor/lib/test/auto/Exec.xml (RunModel)" time="0.025" />
  <testcase classname="ptolemy.util.test.junit.AutoTests" name="[145] /home/travis/build/icyphy/ptII/ptolemy/actor/lib/test/auto/ExecEnvironment.xml (RunModel)" time="0.027" />
  <testcase classname="ptolemy.util.test.junit.AutoTests" name="[146] /home/travis/build/icyphy/ptII/ptolemy/actor/lib/test/auto/ExecNonZeroReturnOutput.xml (RunModel)" time="0.174" />
  <testcase classname="ptolemy.util.test.junit.AutoTests" name="[147] /home/travis/build/icyphy/ptII/ptolemy/actor/lib/test/auto/ExecRunDemos.xml (RunModel)" time="10.64" />
  <testcase classname="ptolemy.util.test.junit.AutoTests" name="[148] /home/travis/build/icyphy/ptII/ptolemy/actor/lib/test/auto/ExecStop.xml (RunModel)" time="5.042" />
  <testcase classname="ptolemy.util.test.junit.AutoTests" name="[149] /home/travis/build/icyphy/ptII/ptolemy/actor/lib/test/auto/ExecutionTimeSDF.xml (RunModel)" time="6.031" />
  <testcase classname="ptolemy.util.test.junit.AutoTests" name="[150] /home/travis/build/icyphy/ptII/ptolemy/actor/lib/test/auto/Expression1.xml (RunModel)" time="0.008" />
  <testcase classname="ptolemy.util.test.junit.AutoTests" name="[151] /home/travis/build/icyphy/ptII/ptolemy/actor/lib/test/auto/Expression10.xml (RunModel)" time="0.016" />
  <testcase classname="ptolemy.util.test.junit.AutoTests" name="[152] /home/travis/build/icyphy/ptII/ptolemy/actor/lib/test/auto/Expression11.xml (RunModel)" time="0.01" />
  <testcase classname="ptolemy.util.test.junit.AutoTests" name="[153] /home/travis/build/icyphy/ptII/ptolemy/actor/lib/test/auto/Expression12.xml (RunModel)" time="0.016" />
  <testcase classname="ptolemy.util.test.junit.AutoTests" name="[154] /home/travis/build/icyphy/ptII/ptolemy/actor/lib/test/auto/Expression13.xml (RunModel)" time="0.011" />
  <testcase classname="ptolemy.util.test.junit.AutoTests" name="[155] /home/travis/build/icyphy/ptII/ptolemy/actor/lib/test/auto/Expression14.xml (RunModel)" time="0.014" />
  <testcase classname="ptolemy.util.test.junit.AutoTests" name="[156] /home/travis/build/icyphy/ptII/ptolemy/actor/lib/test/auto/Expression15.xml (RunModel)" time="0.006" />
  <testcase classname="ptolemy.util.test.junit.AutoTests" name="[157] /home/travis/build/icyphy/ptII/ptolemy/actor/lib/test/auto/Expression16.xml (RunModel)" time="0.014" />
  <testcase classname="ptolemy.util.test.junit.AutoTests" name="[158] /home/travis/build/icyphy/ptII/ptolemy/actor/lib/test/auto/Expression17.xml (RunModel)" time="0.01" />
  <testcase classname="ptolemy.util.test.junit.AutoTests" name="[159] /home/travis/build/icyphy/ptII/ptolemy/actor/lib/test/auto/Expression18.xml (RunModel)" time="0.012" />
  <testcase classname="ptolemy.util.test.junit.AutoTests" name="[160] /home/travis/build/icyphy/ptII/ptolemy/actor/lib/test/auto/Expression2.xml (RunModel)" time="0.009" />
  <testcase classname="ptolemy.util.test.junit.AutoTests" name="[161] /home/travis/build/icyphy/ptII/ptolemy/actor/lib/test/auto/Expression3.xml (RunModel)" time="0.011" />
  <testcase classname="ptolemy.util.test.junit.AutoTests" name="[162] /home/travis/build/icyphy/ptII/ptolemy/actor/lib/test/auto/Expression4.xml (RunModel)" time="0.016" />
  <testcase classname="ptolemy.util.test.junit.AutoTests" name="[163] /home/travis/build/icyphy/ptII/ptolemy/actor/lib/test/auto/Expression5.xml (RunModel)" time="0.011" />
  <testcase classname="ptolemy.util.test.junit.AutoTests" name="[164] /home/travis/build/icyphy/ptII/ptolemy/actor/lib/test/auto/Expression6.xml (RunModel)" time="0.01" />
  <testcase classname="ptolemy.util.test.junit.AutoTests" name="[165] /home/travis/build/icyphy/ptII/ptolemy/actor/lib/test/auto/Expression7.xml (RunModel)" time="0.011" />
  <testcase classname="ptolemy.util.test.junit.AutoTests" name="[166] /home/travis/build/icyphy/ptII/ptolemy/actor/lib/test/auto/Expression8.xml (RunModel)" time="0.014" />
  <testcase classname="ptolemy.util.test.junit.AutoTests" name="[167] /home/travis/build/icyphy/ptII/ptolemy/actor/lib/test/auto/Expression9.xml (RunModel)" time="0.006" />
  <testcase classname="ptolemy.util.test.junit.AutoTests" name="[168] /home/travis/build/icyphy/ptII/ptolemy/actor/lib/test/auto/ExpressionConcatenateArrayType.xml (RunModel)" time="0.024" />
  <testcase classname="ptolemy.util.test.junit.AutoTests" name="[169] /home/travis/build/icyphy/ptII/ptolemy/actor/lib/test/auto/ExpressionConcatenateArrayType2.xml (RunModel)" time="0.019" />
  <testcase classname="ptolemy.util.test.junit.AutoTests" name="[170] /home/travis/build/icyphy/ptII/ptolemy/actor/lib/test/auto/ExpressionFix.xml (RunModel)" time="0.038" />
  <testcase classname="ptolemy.util.test.junit.AutoTests" name="[171] /home/travis/build/icyphy/ptII/ptolemy/actor/lib/test/auto/ExpressionFix2.xml (RunModel)" time="0.017" />
  <testcase classname="ptolemy.util.test.junit.AutoTests" name="[172] /home/travis/build/icyphy/ptII/ptolemy/actor/lib/test/auto/ExpressionFix3.xml (RunModel)" time="0.01" />
  <testcase classname="ptolemy.util.test.junit.AutoTests" name="[173] /home/travis/build/icyphy/ptII/ptolemy/actor/lib/test/auto/FileWriter1.xml (RunModel)" time="0.008" />
  <testcase classname="ptolemy.util.test.junit.AutoTests" name="[174] /home/travis/build/icyphy/ptII/ptolemy/actor/lib/test/auto/FileWriter2.xml (RunModel)" time="0.008" />
  <testcase classname="ptolemy.util.test.junit.AutoTests" name="[175] /home/travis/build/icyphy/ptII/ptolemy/actor/lib/test/auto/FileWriter3.xml (RunModel)" time="0.012" />
  <testcase classname="ptolemy.util.test.junit.AutoTests" name="[176] /home/travis/build/icyphy/ptII/ptolemy/actor/lib/test/auto/Gaussian.xml (RunModel)" time="0.011" />
  <testcase classname="ptolemy.util.test.junit.AutoTests" name="[177] /home/travis/build/icyphy/ptII/ptolemy/actor/lib/test/auto/Gaussian1.xml (RunModel)" time="0.012" />
  <testcase classname="ptolemy.util.test.junit.AutoTests" name="[178] /home/travis/build/icyphy/ptII/ptolemy/actor/lib/test/auto/Gaussian2.xml (RunModel)" time="0.023" />
  <testcase classname="ptolemy.util.test.junit.AutoTests" name="[179] /home/travis/build/icyphy/ptII/ptolemy/actor/lib/test/auto/GradientAdaptiveLattice.xml (RunModel)" time="0.015" />
  <testcase classname="ptolemy.util.test.junit.AutoTests" name="[180] /home/travis/build/icyphy/ptII/ptolemy/actor/lib/test/auto/IIR.xml (RunModel)" time="0.008" />
  <testcase classname="ptolemy.util.test.junit.AutoTests" name="[181] /home/travis/build/icyphy/ptII/ptolemy/actor/lib/test/auto/InputOutputTransparentPorts.xml (RunModel)" time="0.019" />
  <testcase classname="ptolemy.util.test.junit.AutoTests" name="[182] /home/travis/build/icyphy/ptII/ptolemy/actor/lib/test/auto/Interpolator.xml (RunModel)" time="0.011" />
  <testcase classname="ptolemy.util.test.junit.AutoTests" name="[183] /home/travis/build/icyphy/ptII/ptolemy/actor/lib/test/auto/InterpolatorFiringLimitDE.xml (RunModel)" time="0.014" />
  <testcase classname="ptolemy.util.test.junit.AutoTests" name="[184] /home/travis/build/icyphy/ptII/ptolemy/actor/lib/test/auto/Lattice.xml (RunModel)" time="0.008" />
  <testcase classname="ptolemy.util.test.junit.AutoTests" name="[185] /home/travis/build/icyphy/ptII/ptolemy/actor/lib/test/auto/LazyAOCTestLazy.xml (RunModel)" time="0.04" />
  <testcase classname="ptolemy.util.test.junit.AutoTests" name="[186] /home/travis/build/icyphy/ptII/ptolemy/actor/lib/test/auto/LazyAOCTestNonLazy.xml (RunModel)" time="0.048" />
  <testcase classname="ptolemy.util.test.junit.AutoTests" name="[187] /home/travis/build/icyphy/ptII/ptolemy/actor/lib/test/auto/LazyInnerClass.xml (RunModel)" time="0.052" />
  <testcase classname="ptolemy.util.test.junit.AutoTests" name="[188] /home/travis/build/icyphy/ptII/ptolemy/actor/lib/test/auto/LazyPubSub.xml (RunModel)" time="0.059" />
  <testcase classname="ptolemy.util.test.junit.AutoTests" name="[189] /home/travis/build/icyphy/ptII/ptolemy/actor/lib/test/auto/LazyPubSub2.xml (RunModel)" time="0.023" />
  <testcase classname="ptolemy.util.test.junit.AutoTests" name="[190] /home/travis/build/icyphy/ptII/ptolemy/actor/lib/test/auto/LazyPubSub3.xml (RunModel)" time="0.021" />
  <testcase classname="ptolemy.util.test.junit.AutoTests" name="[191] /home/travis/build/icyphy/ptII/ptolemy/actor/lib/test/auto/LazySubClassModel.xml (RunModel)" time="0.022" />
  <testcase classname="ptolemy.util.test.junit.AutoTests" name="[192] /home/travis/build/icyphy/ptII/ptolemy/actor/lib/test/auto/LevelCrossTest1.xml (RunModel)" time="0.01" />
  <testcase classname="ptolemy.util.test.junit.AutoTests" name="[193] /home/travis/build/icyphy/ptII/ptolemy/actor/lib/test/auto/LevelCrossTest10.xml (RunModel)" time="0.013" />
  <testcase classname="ptolemy.util.test.junit.AutoTests" name="[194] /home/travis/build/icyphy/ptII/ptolemy/actor/lib/test/auto/LevelCrossTest11.xml (RunModel)" time="0.018" />
  <testcase classname="ptolemy.util.test.junit.AutoTests" name="[195] /home/travis/build/icyphy/ptII/ptolemy/actor/lib/test/auto/LevelCrossTest12.xml (RunModel)" time="0.016" />
  <testcase classname="ptolemy.util.test.junit.AutoTests" name="[196] /home/travis/build/icyphy/ptII/ptolemy/actor/lib/test/auto/LevelCrossTest13.xml (RunModel)" time="0.012" />
  <testcase classname="ptolemy.util.test.junit.AutoTests" name="[197] /home/travis/build/icyphy/ptII/ptolemy/actor/lib/test/auto/LevelCrossTest2.xml (RunModel)" time="0.009" />
  <testcase classname="ptolemy.util.test.junit.AutoTests" name="[198] /home/travis/build/icyphy/ptII/ptolemy/actor/lib/test/auto/LevelCrossTest3.xml (RunModel)" time="0.01" />
  <testcase classname="ptolemy.util.test.junit.AutoTests" name="[199] /home/travis/build/icyphy/ptII/ptolemy/actor/lib/test/auto/LevelCrossTest4.xml (RunModel)" time="0.009" />
  <testcase classname="ptolemy.util.test.junit.AutoTests" name="[200] /home/travis/build/icyphy/ptII/ptolemy/actor/lib/test/auto/LevelCrossTest5.xml (RunModel)" time="0.011" />
  <testcase classname="ptolemy.util.test.junit.AutoTests" name="[201] /home/travis/build/icyphy/ptII/ptolemy/actor/lib/test/auto/LevelCrossTest6.xml (RunModel)" time="0.011" />
  <testcase classname="ptolemy.util.test.junit.AutoTests" name="[202] /home/travis/build/icyphy/ptII/ptolemy/actor/lib/test/auto/LevelCrossTest7.xml (RunModel)" time="0.017" />
  <testcase classname="ptolemy.util.test.junit.AutoTests" name="[203] /home/travis/build/icyphy/ptII/ptolemy/actor/lib/test/auto/LevelCrossTest8.xml (RunModel)" time="0.015" />
  <testcase classname="ptolemy.util.test.junit.AutoTests" name="[204] /home/travis/build/icyphy/ptII/ptolemy/actor/lib/test/auto/LevelCrossTest9.xml (RunModel)" time="0.013" />
  <testcase classname="ptolemy.util.test.junit.AutoTests" name="[205] /home/travis/build/icyphy/ptII/ptolemy/actor/lib/test/auto/LevinsonDurbin.xml (RunModel)" time="0.011" />
  <testcase classname="ptolemy.util.test.junit.AutoTests" name="[206] /home/travis/build/icyphy/ptII/ptolemy/actor/lib/test/auto/LevinsonDurbin2.xml (RunModel)" time="0.007" />
  <testcase classname="ptolemy.util.test.junit.AutoTests" name="[207] /home/travis/build/icyphy/ptII/ptolemy/actor/lib/test/auto/LevinsonDurbin3.xml (RunModel)" time="0.011" />
  <testcase classname="ptolemy.util.test.junit.AutoTests" name="[208] /home/travis/build/icyphy/ptII/ptolemy/actor/lib/test/auto/Limiter.xml (RunModel)" time="0.052" />
  <testcase classname="ptolemy.util.test.junit.AutoTests" name="[209] /home/travis/build/icyphy/ptII/ptolemy/actor/lib/test/auto/LinearDifferenceEquationSystem.xml (RunModel)" time="0.025" />
  <testcase classname="ptolemy.util.test.junit.AutoTests" name="[210] /home/travis/build/icyphy/ptII/ptolemy/actor/lib/test/auto/LookupTable.xml (RunModel)" time="0.008" />
  <testcase classname="ptolemy.util.test.junit.AutoTests" name="[211] /home/travis/build/icyphy/ptII/ptolemy/actor/lib/test/auto/MathFunction.xml (RunModel)" time="0.016" />
  <testcase classname="ptolemy.util.test.junit.AutoTests" name="[212] /home/travis/build/icyphy/ptII/ptolemy/actor/lib/test/auto/MathFunction2.xml (RunModel)" time="0.007" />
  <testcase classname="ptolemy.util.test.junit.AutoTests" name="[213] /home/travis/build/icyphy/ptII/ptolemy/actor/lib/test/auto/MathFunction3.xml (RunModel)" time="0.015" />
  <testcase classname="ptolemy.util.test.junit.AutoTests" name="[214] /home/travis/build/icyphy/ptII/ptolemy/actor/lib/test/auto/MatrixCropBoolean.xml (RunModel)" time="0.007" />
  <testcase classname="ptolemy.util.test.junit.AutoTests" name="[215] /home/travis/build/icyphy/ptII/ptolemy/actor/lib/test/auto/MatrixCropComplex.xml (RunModel)" time="0.007" />
  <testcase classname="ptolemy.util.test.junit.AutoTests" name="[216] /home/travis/build/icyphy/ptII/ptolemy/actor/lib/test/auto/MatrixCropDouble.xml (RunModel)" time="0.009" />
  <testcase classname="ptolemy.util.test.junit.AutoTests" name="[217] /home/travis/build/icyphy/ptII/ptolemy/actor/lib/test/auto/MatrixCropFix.xml (RunModel)" time="0.012" />
  <testcase classname="ptolemy.util.test.junit.AutoTests" name="[218] /home/travis/build/icyphy/ptII/ptolemy/actor/lib/test/auto/MatrixCropInt.xml (RunModel)" time="0.009" />
  <testcase classname="ptolemy.util.test.junit.AutoTests" name="[219] /home/travis/build/icyphy/ptII/ptolemy/actor/lib/test/auto/MatrixCropLong.xml (RunModel)" time="0.007" />
  <testcase classname="ptolemy.util.test.junit.AutoTests" name="[220] /home/travis/build/icyphy/ptII/ptolemy/actor/lib/test/auto/MatrixToArray.xml (RunModel)" time="0.049" />
  <testcase classname="ptolemy.util.test.junit.AutoTests" name="[221] /home/travis/build/icyphy/ptII/ptolemy/actor/lib/test/auto/MaxIndex.xml (RunModel)" time="0.01" />
  <testcase classname="ptolemy.util.test.junit.AutoTests" name="[222] /home/travis/build/icyphy/ptII/ptolemy/actor/lib/test/auto/Maximum.xml (RunModel)" time="0.01" />
  <testcase classname="ptolemy.util.test.junit.AutoTests" name="[223] /home/travis/build/icyphy/ptII/ptolemy/actor/lib/test/auto/MaximumComplex.xml (RunModel)" time="0.012" />
  <testcase classname="ptolemy.util.test.junit.AutoTests" name="[224] /home/travis/build/icyphy/ptII/ptolemy/actor/lib/test/auto/MethodCallTest.xml (RunModel)" time="0.019" />
  <testcase classname="ptolemy.util.test.junit.AutoTests" name="[225] /home/travis/build/icyphy/ptII/ptolemy/actor/lib/test/auto/Minimum.xml (RunModel)" time="0.013" />
  <testcase classname="ptolemy.util.test.junit.AutoTests" name="[226] /home/travis/build/icyphy/ptII/ptolemy/actor/lib/test/auto/MinimumComplex.xml (RunModel)" time="0.022" />
  <testcase classname="ptolemy.util.test.junit.AutoTests" name="[227] /home/travis/build/icyphy/ptII/ptolemy/actor/lib/test/auto/MinimumMultiports.xml (RunModel)" time="0.02" />
  <testcase classname="ptolemy.util.test.junit.AutoTests" name="[228] /home/travis/build/icyphy/ptII/ptolemy/actor/lib/test/auto/ModifyDate.xml (RunModel)" time="0.039" />
  <testcase classname="ptolemy.util.test.junit.AutoTests" name="[229] /home/travis/build/icyphy/ptII/ptolemy/actor/lib/test/auto/ModifyDate2.xml (RunModel)" time="0.023" />
  <testcase classname="ptolemy.util.test.junit.AutoTests" name="[230] /home/travis/build/icyphy/ptII/ptolemy/actor/lib/test/auto/MovingAverage.xml (RunModel)" time="0.01" />
  <testcase classname="ptolemy.util.test.junit.AutoTests" name="[231] /home/travis/build/icyphy/ptII/ptolemy/actor/lib/test/auto/MovingMaximum.xml (RunModel)" time="0.01" />
  <testcase classname="ptolemy.util.test.junit.AutoTests" name="[232] /home/travis/build/icyphy/ptII/ptolemy/actor/lib/test/auto/MultipleLinksToSameRelation.xml (RunModel)" time="0.006" />
  <testcase classname="ptolemy.util.test.junit.AutoTests" name="[233] /home/travis/build/icyphy/ptII/ptolemy/actor/lib/test/auto/MultipleLinksToSameRelationDE.xml (RunModel)" time="0.015" />
  <testcase classname="ptolemy.util.test.junit.AutoTests" name="[234] /home/travis/build/icyphy/ptII/ptolemy/actor/lib/test/auto/Multiplexor.xml (RunModel)" time="0.01" />
  <testcase classname="ptolemy.util.test.junit.AutoTests" name="[235] /home/travis/build/icyphy/ptII/ptolemy/actor/lib/test/auto/Multiplexor1.xml (RunModel)" time="0.012" />
  <testcase classname="ptolemy.util.test.junit.AutoTests" name="[236] /home/travis/build/icyphy/ptII/ptolemy/actor/lib/test/auto/Multiplexor2.xml (RunModel)" time="0.01" />
  <testcase classname="ptolemy.util.test.junit.AutoTests" name="[237] /home/travis/build/icyphy/ptII/ptolemy/actor/lib/test/auto/Multiplexor3.xml (RunModel)" time="0.007" />
  <testcase classname="ptolemy.util.test.junit.AutoTests" name="[238] /home/travis/build/icyphy/ptII/ptolemy/actor/lib/test/auto/MultiplexorDE.xml (RunModel)" time="0.015" />
  <testcase classname="ptolemy.util.test.junit.AutoTests" name="[239] /home/travis/build/icyphy/ptII/ptolemy/actor/lib/test/auto/MultiportBroadcastTest.xml (RunModel)" time="0.088" />
  <testcase classname="ptolemy.util.test.junit.AutoTests" name="[240] /home/travis/build/icyphy/ptII/ptolemy/actor/lib/test/auto/MultiportOutHangDuringGetWidth.xml (RunModel)" time="0.036" />
  <testcase classname="ptolemy.util.test.junit.AutoTests" name="[241] /home/travis/build/icyphy/ptII/ptolemy/actor/lib/test/auto/NilToken.xml (RunModel)" time="0.009" />
  <testcase classname="ptolemy.util.test.junit.AutoTests" name="[242] /home/travis/build/icyphy/ptII/ptolemy/actor/lib/test/auto/NilTokenNonStrictTest.xml (RunModel)" time="0.009" />
  <testcase classname="ptolemy.util.test.junit.AutoTests" name="[243] /home/travis/build/icyphy/ptII/ptolemy/actor/lib/test/auto/NilTokenRecord.xml (RunModel)" time="0.023" />
  <testcase classname="ptolemy.util.test.junit.AutoTests" name="[244] /home/travis/build/icyphy/ptII/ptolemy/actor/lib/test/auto/NilTokenTypeTest.xml (RunModel)" time="0.024" />
  <testcase classname="ptolemy.util.test.junit.AutoTests" name="[245] /home/travis/build/icyphy/ptII/ptolemy/actor/lib/test/auto/ObjectToken1.xml (RunModel)" time="0.008" />
  <testcase classname="ptolemy.util.test.junit.AutoTests" name="[246] /home/travis/build/icyphy/ptII/ptolemy/actor/lib/test/auto/OrderedMerge.xml (RunModel)" time="0.015" />
  <testcase classname="ptolemy.util.test.junit.AutoTests" name="[247] /home/travis/build/icyphy/ptII/ptolemy/actor/lib/test/auto/OrderedRecordDisassembler.xml (RunModel)" time="0.013" />
  <testcase classname="ptolemy.util.test.junit.AutoTests" name="[248] /home/travis/build/icyphy/ptII/ptolemy/actor/lib/test/auto/OrderedRecordDisassembler2.xml (RunModel)" time="0.015" />
  <testcase classname="ptolemy.util.test.junit.AutoTests" name="[249] /home/travis/build/icyphy/ptII/ptolemy/actor/lib/test/auto/OrderedRecordUpdater.xml (RunModel)" time="0.01" />
  <testcase classname="ptolemy.util.test.junit.AutoTests" name="[250] /home/travis/build/icyphy/ptII/ptolemy/actor/lib/test/auto/OrderedRecordUpdater2.xml (RunModel)" time="0.018" />
  <testcase classname="ptolemy.util.test.junit.AutoTests" name="[251] /home/travis/build/icyphy/ptII/ptolemy/actor/lib/test/auto/PhaseUnwrap.xml (RunModel)" time="0.017" />
  <testcase classname="ptolemy.util.test.junit.AutoTests" name="[252] /home/travis/build/icyphy/ptII/ptolemy/actor/lib/test/auto/PoissonClock.xml (RunModel)" time="0.007" />
  <testcase classname="ptolemy.util.test.junit.AutoTests" name="[253] /home/travis/build/icyphy/ptII/ptolemy/actor/lib/test/auto/PoissonClock2.xml (RunModel)" time="0.006" />
  <testcase classname="ptolemy.util.test.junit.AutoTests" name="[254] /home/travis/build/icyphy/ptII/ptolemy/actor/lib/test/auto/PoissonClock3.xml (RunModel)" time="0.008" />
  <testcase classname="ptolemy.util.test.junit.AutoTests" name="[255] /home/travis/build/icyphy/ptII/ptolemy/actor/lib/test/auto/PubSubWithInitialTokens.xml (RunModel)" time="0.009" />
  <testcase classname="ptolemy.util.test.junit.AutoTests" name="[256] /home/travis/build/icyphy/ptII/ptolemy/actor/lib/test/auto/PubSubWithInitialTokens2.xml (RunModel)" time="0.009" />
  <testcase classname="ptolemy.util.test.junit.AutoTests" name="[257] /home/travis/build/icyphy/ptII/ptolemy/actor/lib/test/auto/PublisherClassNoParameter.xml (RunModel)" time="0.023" />
  <testcase classname="ptolemy.util.test.junit.AutoTests" name="[258] /home/travis/build/icyphy/ptII/ptolemy/actor/lib/test/auto/PublisherClassParameter.xml (RunModel)" time="0.019" />
  <testcase classname="ptolemy.util.test.junit.AutoTests" name="[259] /home/travis/build/icyphy/ptII/ptolemy/actor/lib/test/auto/PublisherNonStrictTest.xml (RunModel)" time="0.015" />
  <testcase classname="ptolemy.util.test.junit.AutoTests" name="[260] /home/travis/build/icyphy/ptII/ptolemy/actor/lib/test/auto/PublisherPort1.xml (RunModel)" time="0.018" />
  <testcase classname="ptolemy.util.test.junit.AutoTests" name="[261] /home/travis/build/icyphy/ptII/ptolemy/actor/lib/test/auto/PublisherPort2.xml (RunModel)" time="0.013" />
  <testcase classname="ptolemy.util.test.junit.AutoTests" name="[262] /home/travis/build/icyphy/ptII/ptolemy/actor/lib/test/auto/PublisherPort3.xml (RunModel)" time="0.011" />
  <testcase classname="ptolemy.util.test.junit.AutoTests" name="[263] /home/travis/build/icyphy/ptII/ptolemy/actor/lib/test/auto/PublisherPort4.xml (RunModel)" time="0.012" />
  <testcase classname="ptolemy.util.test.junit.AutoTests" name="[264] /home/travis/build/icyphy/ptII/ptolemy/actor/lib/test/auto/PublisherPort5.xml (RunModel)" time="0.016" />
  <testcase classname="ptolemy.util.test.junit.AutoTests" name="[265] /home/travis/build/icyphy/ptII/ptolemy/actor/lib/test/auto/PublisherPort5LookAlike.xml (RunModel)" time="0.016" />
  <testcase classname="ptolemy.util.test.junit.AutoTests" name="[266] /home/travis/build/icyphy/ptII/ptolemy/actor/lib/test/auto/PublisherPort6.xml (RunModel)" time="0.01" />
  <testcase classname="ptolemy.util.test.junit.AutoTests" name="[267] /home/travis/build/icyphy/ptII/ptolemy/actor/lib/test/auto/PublisherPort7.xml (RunModel)" time="0.012" />
  <testcase classname="ptolemy.util.test.junit.AutoTests" name="[268] /home/travis/build/icyphy/ptII/ptolemy/actor/lib/test/auto/PublisherPort8.xml (RunModel)" time="0.014" />
  <testcase classname="ptolemy.util.test.junit.AutoTests" name="[269] /home/travis/build/icyphy/ptII/ptolemy/actor/lib/test/auto/PublisherPortSubscriberChannelVariablesAOC2.xml (RunModel)" time="0.033" />
  <testcase classname="ptolemy.util.test.junit.AutoTests" name="[270] /home/travis/build/icyphy/ptII/ptolemy/actor/lib/test/auto/PublisherPortSubscriberOpaqueWidthInference.xml (RunModel)" time="0.014" />
  <testcase classname="ptolemy.util.test.junit.AutoTests" name="[271] /home/travis/build/icyphy/ptII/ptolemy/actor/lib/test/auto/PublisherPortSubscriberPortAdjacent.xml (RunModel)" time="0.017" />
  <testcase classname="ptolemy.util.test.junit.AutoTests" name="[272] /home/travis/build/icyphy/ptII/ptolemy/actor/lib/test/auto/PublisherPortSubscriberPortExpression.xml (RunModel)" time="0.013" />
  <testcase classname="ptolemy.util.test.junit.AutoTests" name="[273] /home/travis/build/icyphy/ptII/ptolemy/actor/lib/test/auto/PublisherPortSubscriberPortOpaqueD3Reverse.xml (RunModel)" time="0.033" />
  <testcase classname="ptolemy.util.test.junit.AutoTests" name="[274] /home/travis/build/icyphy/ptII/ptolemy/actor/lib/test/auto/PublisherPortSubscriberPortOpaqueWidthInference.xml (RunModel)" time="0.015" />
  <testcase classname="ptolemy.util.test.junit.AutoTests" name="[275] /home/travis/build/icyphy/ptII/ptolemy/actor/lib/test/auto/PublisherPortToplevelSubscriberPortAOC.xml (RunModel)" time="0.011" />
  <testcase classname="ptolemy.util.test.junit.AutoTests" name="[276] /home/travis/build/icyphy/ptII/ptolemy/actor/lib/test/auto/PublisherSubscriber.xml (RunModel)" time="0.019" />
  <testcase classname="ptolemy.util.test.junit.AutoTests" name="[277] /home/travis/build/icyphy/ptII/ptolemy/actor/lib/test/auto/PublisherSubscriber10.xml (RunModel)" time="0.028" />
  <testcase classname="ptolemy.util.test.junit.AutoTests" name="[278] /home/travis/build/icyphy/ptII/ptolemy/actor/lib/test/auto/PublisherSubscriber10InitialOutputs.xml (RunModel)" time="0.028" />
  <testcase classname="ptolemy.util.test.junit.AutoTests" name="[279] /home/travis/build/icyphy/ptII/ptolemy/actor/lib/test/auto/PublisherSubscriber11.xml (RunModel)" time="0.024" />
  <testcase classname="ptolemy.util.test.junit.AutoTests" name="[280] /home/travis/build/icyphy/ptII/ptolemy/actor/lib/test/auto/PublisherSubscriber12.xml (RunModel)" time="0.019" />
  <testcase classname="ptolemy.util.test.junit.AutoTests" name="[281] /home/travis/build/icyphy/ptII/ptolemy/actor/lib/test/auto/PublisherSubscriber13.xml (RunModel)" time="0.011" />
  <testcase classname="ptolemy.util.test.junit.AutoTests" name="[282] /home/travis/build/icyphy/ptII/ptolemy/actor/lib/test/auto/PublisherSubscriber14.xml (RunModel)" time="0.022" />
  <testcase classname="ptolemy.util.test.junit.AutoTests" name="[283] /home/travis/build/icyphy/ptII/ptolemy/actor/lib/test/auto/PublisherSubscriber2.xml (RunModel)" time="0.01" />
  <testcase classname="ptolemy.util.test.junit.AutoTests" name="[284] /home/travis/build/icyphy/ptII/ptolemy/actor/lib/test/auto/PublisherSubscriber3.xml (RunModel)" time="0.01" />
  <testcase classname="ptolemy.util.test.junit.AutoTests" name="[285] /home/travis/build/icyphy/ptII/ptolemy/actor/lib/test/auto/PublisherSubscriber4.xml (RunModel)" time="0.009" />
  <testcase classname="ptolemy.util.test.junit.AutoTests" name="[286] /home/travis/build/icyphy/ptII/ptolemy/actor/lib/test/auto/PublisherSubscriber5.xml (RunModel)" time="0.012" />
  <testcase classname="ptolemy.util.test.junit.AutoTests" name="[287] /home/travis/build/icyphy/ptII/ptolemy/actor/lib/test/auto/PublisherSubscriber6.xml (RunModel)" time="0.019" />
  <testcase classname="ptolemy.util.test.junit.AutoTests" name="[288] /home/travis/build/icyphy/ptII/ptolemy/actor/lib/test/auto/PublisherSubscriber7.xml (RunModel)" time="0.02" />
  <testcase classname="ptolemy.util.test.junit.AutoTests" name="[289] /home/travis/build/icyphy/ptII/ptolemy/actor/lib/test/auto/PublisherSubscriber8.xml (RunModel)" time="0.031" />
  <testcase classname="ptolemy.util.test.junit.AutoTests" name="[290] /home/travis/build/icyphy/ptII/ptolemy/actor/lib/test/auto/PublisherSubscriber9.xml (RunModel)" time="0.018" />
  <testcase classname="ptolemy.util.test.junit.AutoTests" name="[291] /home/travis/build/icyphy/ptII/ptolemy/actor/lib/test/auto/PublisherSubscriberAdjacent.xml (RunModel)" time="0.017" />
  <testcase classname="ptolemy.util.test.junit.AutoTests" name="[292] /home/travis/build/icyphy/ptII/ptolemy/actor/lib/test/auto/PublisherSubscriberChannelVariablesAOC2.xml (RunModel)" time="0.029" />
  <testcase classname="ptolemy.util.test.junit.AutoTests" name="[293] /home/travis/build/icyphy/ptII/ptolemy/actor/lib/test/auto/PublisherSubscriberD3.xml (RunModel)" time="0.014" />
  <testcase classname="ptolemy.util.test.junit.AutoTests" name="[294] /home/travis/build/icyphy/ptII/ptolemy/actor/lib/test/auto/PublisherSubscriberD3Reverse.xml (RunModel)" time="0.014" />
  <testcase classname="ptolemy.util.test.junit.AutoTests" name="[295] /home/travis/build/icyphy/ptII/ptolemy/actor/lib/test/auto/PublisherSubscriberExpression.xml (RunModel)" time="0.017" />
  <testcase classname="ptolemy.util.test.junit.AutoTests" name="[296] /home/travis/build/icyphy/ptII/ptolemy/actor/lib/test/auto/PublisherSubscriberOpaque.xml (RunModel)" time="0.019" />
  <testcase classname="ptolemy.util.test.junit.AutoTests" name="[297] /home/travis/build/icyphy/ptII/ptolemy/actor/lib/test/auto/PublisherSubscriberOpaqueD3.xml (RunModel)" time="0.026" />
  <testcase classname="ptolemy.util.test.junit.AutoTests" name="[298] /home/travis/build/icyphy/ptII/ptolemy/actor/lib/test/auto/PublisherSubscriberOpaqueD3Reverse.xml (RunModel)" time="0.023" />
  <testcase classname="ptolemy.util.test.junit.AutoTests" name="[299] /home/travis/build/icyphy/ptII/ptolemy/actor/lib/test/auto/PublisherSubscriberOpaqueWidthInference.xml (RunModel)" time="0.018" />
  <testcase classname="ptolemy.util.test.junit.AutoTests" name="[300] /home/travis/build/icyphy/ptII/ptolemy/actor/lib/test/auto/PublisherTestSubscriber.xml (RunModel)" time="0.016" />
  <testcase classname="ptolemy.util.test.junit.AutoTests" name="[301] /home/travis/build/icyphy/ptII/ptolemy/actor/lib/test/auto/PublisherToplevelSubscriberPortAOC.xml (RunModel)" time="0.011" />
  <testcase classname="ptolemy.util.test.junit.AutoTests" name="[302] /home/travis/build/icyphy/ptII/ptolemy/actor/lib/test/auto/PulseFiringLimitDE.xml (RunModel)" time="0.015" />
  <testcase classname="ptolemy.util.test.junit.AutoTests" name="[303] /home/travis/build/icyphy/ptII/ptolemy/actor/lib/test/auto/Ramp1.xml (RunModel)" time="0.006" />
  <testcase classname="ptolemy.util.test.junit.AutoTests" name="[304] /home/travis/build/icyphy/ptII/ptolemy/actor/lib/test/auto/RampFiringLimitDE.xml (RunModel)" time="0.009" />
  <testcase classname="ptolemy.util.test.junit.AutoTests" name="[305] /home/travis/build/icyphy/ptII/ptolemy/actor/lib/test/auto/RampFiringLimitSDF.xml (RunModel)" time="0.009" />
  <testcase classname="ptolemy.util.test.junit.AutoTests" name="[306] /home/travis/build/icyphy/ptII/ptolemy/actor/lib/test/auto/RandomInteger.xml (RunModel)" time="0.007" />
  <testcase classname="ptolemy.util.test.junit.AutoTests" name="[307] /home/travis/build/icyphy/ptII/ptolemy/actor/lib/test/auto/ReadFile1.xml (RunModel)" time="0.007" />
  <testcase classname="ptolemy.util.test.junit.AutoTests" name="[308] /home/travis/build/icyphy/ptII/ptolemy/actor/lib/test/auto/ReadFile2.xml (RunModel)" time="0.006" />
  <testcase classname="ptolemy.util.test.junit.AutoTests" name="[309] /home/travis/build/icyphy/ptII/ptolemy/actor/lib/test/auto/Reader.xml (RunModel)" time="0.011" />
  <testcase classname="ptolemy.util.test.junit.AutoTests" name="[310] /home/travis/build/icyphy/ptII/ptolemy/actor/lib/test/auto/RecordAssemblerDisplayNameTest.xml (RunModel)" time="3.288" />
  <testcase classname="ptolemy.util.test.junit.AutoTests" name="[311] /home/travis/build/icyphy/ptII/ptolemy/actor/lib/test/auto/RecordAssemblerTypeError.xml (RunModel)" time="0.047" />
  <testcase classname="ptolemy.util.test.junit.AutoTests" name="[312] /home/travis/build/icyphy/ptII/ptolemy/actor/lib/test/auto/RecordDisassember.xml (RunModel)" time="0.017" />
  <testcase classname="ptolemy.util.test.junit.AutoTests" name="[313] /home/travis/build/icyphy/ptII/ptolemy/actor/lib/test/auto/RecordDisassemberDisplayNameTest.xml (RunModel)" time="0.019" />
  <testcase classname="ptolemy.util.test.junit.AutoTests" name="[314] /home/travis/build/icyphy/ptII/ptolemy/actor/lib/test/auto/RecordDisassembler.xml (RunModel)" time="0.009" />
  <testcase classname="ptolemy.util.test.junit.AutoTests" name="[315] /home/travis/build/icyphy/ptII/ptolemy/actor/lib/test/auto/RecordDisassembler2.xml (RunModel)" time="0.009" />
  <testcase classname="ptolemy.util.test.junit.AutoTests" name="[316] /home/travis/build/icyphy/ptII/ptolemy/actor/lib/test/auto/RecordUpdater.xml (RunModel)" time="0.008" />
  <testcase classname="ptolemy.util.test.junit.AutoTests" name="[317] /home/travis/build/icyphy/ptII/ptolemy/actor/lib/test/auto/RecordUpdater2.xml (RunModel)" time="0.008" />
  <testcase classname="ptolemy.util.test.junit.AutoTests" name="[318] /home/travis/build/icyphy/ptII/ptolemy/actor/lib/test/auto/RecursiveLattice.xml (RunModel)" time="0.007" />
  <testcase classname="ptolemy.util.test.junit.AutoTests" name="[319] /home/travis/build/icyphy/ptII/ptolemy/actor/lib/test/auto/Router.xml (RunModel)" time="3.023" />
  <testcase classname="ptolemy.util.test.junit.AutoTests" name="[320] /home/travis/build/icyphy/ptII/ptolemy/actor/lib/test/auto/Router2.xml (RunModel)" time="3.041" />
  <testcase classname="ptolemy.util.test.junit.AutoTests" name="[321] /home/travis/build/icyphy/ptII/ptolemy/actor/lib/test/auto/RunningMaximum.xml (RunModel)" time="0.02" />
  <testcase classname="ptolemy.util.test.junit.AutoTests" name="[322] /home/travis/build/icyphy/ptII/ptolemy/actor/lib/test/auto/RunningMinimum.xml (RunModel)" time="0.009" />
  <testcase classname="ptolemy.util.test.junit.AutoTests" name="[323] /home/travis/build/icyphy/ptII/ptolemy/actor/lib/test/auto/Scale.xml (RunModel)" time="0.009" />
  <testcase classname="ptolemy.util.test.junit.AutoTests" name="[324] /home/travis/build/icyphy/ptII/ptolemy/actor/lib/test/auto/Scale2.xml (RunModel)" time="0.017" />
  <testcase classname="ptolemy.util.test.junit.AutoTests" name="[325] /home/travis/build/icyphy/ptII/ptolemy/actor/lib/test/auto/Scale3.xml (RunModel)" time="0.016" />
  <testcase classname="ptolemy.util.test.junit.AutoTests" name="[326] /home/travis/build/icyphy/ptII/ptolemy/actor/lib/test/auto/ScaleArray.xml (RunModel)" time="0.006" />
  <testcase classname="ptolemy.util.test.junit.AutoTests" name="[327] /home/travis/build/icyphy/ptII/ptolemy/actor/lib/test/auto/ScaleArray2.xml (RunModel)" time="0.008" />
  <testcase classname="ptolemy.util.test.junit.AutoTests" name="[328] /home/travis/build/icyphy/ptII/ptolemy/actor/lib/test/auto/ScaleMatrix.xml (RunModel)" time="0.106" />
  <testcase classname="ptolemy.util.test.junit.AutoTests" name="[329] /home/travis/build/icyphy/ptII/ptolemy/actor/lib/test/auto/Select.xml (RunModel)" time="0.013" />
  <testcase classname="ptolemy.util.test.junit.AutoTests" name="[330] /home/travis/build/icyphy/ptII/ptolemy/actor/lib/test/auto/Select2.xml (RunModel)" time="0.006" />
  <testcase classname="ptolemy.util.test.junit.AutoTests" name="[331] /home/travis/build/icyphy/ptII/ptolemy/actor/lib/test/auto/SequenceToArray2.xml (RunModel)" time="0.122" />
  <testcase classname="ptolemy.util.test.junit.AutoTests" name="[332] /home/travis/build/icyphy/ptII/ptolemy/actor/lib/test/auto/SequentialClock.xml (RunModel)" time="0.008" />
  <testcase classname="ptolemy.util.test.junit.AutoTests" name="[333] /home/travis/build/icyphy/ptII/ptolemy/actor/lib/test/auto/SetVariable.xml (RunModel)" time="0.01" />
  <testcase classname="ptolemy.util.test.junit.AutoTests" name="[334] /home/travis/build/icyphy/ptII/ptolemy/actor/lib/test/auto/SetVariable2.xml (RunModel)" time="0.007" />
  <testcase classname="ptolemy.util.test.junit.AutoTests" name="[335] /home/travis/build/icyphy/ptII/ptolemy/actor/lib/test/auto/SetVariable3.xml (RunModel)" time="0.014" />
  <testcase classname="ptolemy.util.test.junit.AutoTests" name="[336] /home/travis/build/icyphy/ptII/ptolemy/actor/lib/test/auto/SetVariable4.xml (RunModel)" time="0.029" />
  <testcase classname="ptolemy.util.test.junit.AutoTests" name="[337] /home/travis/build/icyphy/ptII/ptolemy/actor/lib/test/auto/SetVariable5.xml (RunModel)" time="0.035" />
  <testcase classname="ptolemy.util.test.junit.AutoTests" name="[338] /home/travis/build/icyphy/ptII/ptolemy/actor/lib/test/auto/Sinewave.xml (RunModel)" time="0.022" />
  <testcase classname="ptolemy.util.test.junit.AutoTests" name="[339] /home/travis/build/icyphy/ptII/ptolemy/actor/lib/test/auto/Sinewave2.xml (RunModel)" time="0.024" />
  <testcase classname="ptolemy.util.test.junit.AutoTests" name="[340] /home/travis/build/icyphy/ptII/ptolemy/actor/lib/test/auto/Sinewave3.xml (RunModel)" time="0.02" />
  <testcase classname="ptolemy.util.test.junit.AutoTests" name="[341] /home/travis/build/icyphy/ptII/ptolemy/actor/lib/test/auto/SingleEvent.xml (RunModel)" time="0.007" />
  <testcase classname="ptolemy.util.test.junit.AutoTests" name="[342] /home/travis/build/icyphy/ptII/ptolemy/actor/lib/test/auto/Sleep.xml (RunModel)" time="6.022" />
  <testcase classname="ptolemy.util.test.junit.AutoTests" name="[343] /home/travis/build/icyphy/ptII/ptolemy/actor/lib/test/auto/SleepMultipleFire.xml (RunModel)" time="1.016" />
  <testcase classname="ptolemy.util.test.junit.AutoTests" name="[344] /home/travis/build/icyphy/ptII/ptolemy/actor/lib/test/auto/StopDE.xml (RunModel)" time="0.01" />
  <testcase classname="ptolemy.util.test.junit.AutoTests" name="[345] /home/travis/build/icyphy/ptII/ptolemy/actor/lib/test/auto/StopSDF.xml (RunModel)" time="0.02" />
  <testcase classname="ptolemy.util.test.junit.AutoTests" name="[346] /home/travis/build/icyphy/ptII/ptolemy/actor/lib/test/auto/StringConstant.xml (RunModel)" time="0.014" />
  <testcase classname="ptolemy.util.test.junit.AutoTests" name="[347] /home/travis/build/icyphy/ptII/ptolemy/actor/lib/test/auto/SubscriberPortInitialValues1.xml (RunModel)" time="0.015" />
  <testcase classname="ptolemy.util.test.junit.AutoTests" name="[348] /home/travis/build/icyphy/ptII/ptolemy/actor/lib/test/auto/SubscriberPortInitialValues13.xml (RunModel)" time="0.027" />
  <testcase classname="ptolemy.util.test.junit.AutoTests" name="[349] /home/travis/build/icyphy/ptII/ptolemy/actor/lib/test/auto/SubscriberPortInitialValues14.xml (RunModel)" time="0.013" />
  <testcase classname="ptolemy.util.test.junit.AutoTests" name="[350] /home/travis/build/icyphy/ptII/ptolemy/actor/lib/test/auto/SubscriberPortInitialValues2.xml (RunModel)" time="0.014" />
  <testcase classname="ptolemy.util.test.junit.AutoTests" name="[351] /home/travis/build/icyphy/ptII/ptolemy/actor/lib/test/auto/SubscriberPortInitialValues3.xml (RunModel)" time="0.019" />
  <testcase classname="ptolemy.util.test.junit.AutoTests" name="[352] /home/travis/build/icyphy/ptII/ptolemy/actor/lib/test/auto/SubscriptionAggregator.xml (RunModel)" time="0.009" />
  <testcase classname="ptolemy.util.test.junit.AutoTests" name="[353] /home/travis/build/icyphy/ptII/ptolemy/actor/lib/test/auto/SubscriptionAggregator2.xml (RunModel)" time="0.009" />
  <testcase classname="ptolemy.util.test.junit.AutoTests" name="[354] /home/travis/build/icyphy/ptII/ptolemy/actor/lib/test/auto/SubscriptionAggregator3.xml (RunModel)" time="0.014" />
  <testcase classname="ptolemy.util.test.junit.AutoTests" name="[355] /home/travis/build/icyphy/ptII/ptolemy/actor/lib/test/auto/SubscriptionAggregatorMultiply.xml (RunModel)" time="0.023" />
  <testcase classname="ptolemy.util.test.junit.AutoTests" name="[356] /home/travis/build/icyphy/ptII/ptolemy/actor/lib/test/auto/SubscriptionAggregatorPortMultiply1.xml (RunModel)" time="0.014" />
  <testcase classname="ptolemy.util.test.junit.AutoTests" name="[357] /home/travis/build/icyphy/ptII/ptolemy/actor/lib/test/auto/Switch.xml (RunModel)" time="0.017" />
  <testcase classname="ptolemy.util.test.junit.AutoTests" name="[358] /home/travis/build/icyphy/ptII/ptolemy/actor/lib/test/auto/Switch2.xml (RunModel)" time="0.01" />
  <testcase classname="ptolemy.util.test.junit.AutoTests" name="[359] /home/travis/build/icyphy/ptII/ptolemy/actor/lib/test/auto/SwitchDE.xml (RunModel)" time="0.013" />
  <testcase classname="ptolemy.util.test.junit.AutoTests" name="[360] /home/travis/build/icyphy/ptII/ptolemy/actor/lib/test/auto/SynchronizerDE.xml (RunModel)" time="0.022" />
  <testcase classname="ptolemy.util.test.junit.AutoTests" name="[361] /home/travis/build/icyphy/ptII/ptolemy/actor/lib/test/auto/Test.xml (RunModel)" time="0.009" />
  <testcase classname="ptolemy.util.test.junit.AutoTests" name="[362] /home/travis/build/icyphy/ptII/ptolemy/actor/lib/test/auto/TestExceptionAttribute1.xml (RunModel)" time="0.006" />
  <testcase classname="ptolemy.util.test.junit.AutoTests" name="[363] /home/travis/build/icyphy/ptII/ptolemy/actor/lib/test/auto/TestExceptionAttribute2.xml (RunModel)" time="0.011" />
  <testcase classname="ptolemy.util.test.junit.AutoTests" name="[364] /home/travis/build/icyphy/ptII/ptolemy/actor/lib/test/auto/TestExceptionAttribute3.xml (RunModel)" time="0.01" />
  <testcase classname="ptolemy.util.test.junit.AutoTests" name="[365] /home/travis/build/icyphy/ptII/ptolemy/actor/lib/test/auto/TestExceptionAttribute4.xml (RunModel)" time="0.008" />
  <testcase classname="ptolemy.util.test.junit.AutoTests" name="[366] /home/travis/build/icyphy/ptII/ptolemy/actor/lib/test/auto/TestExceptionHandler1.xml (RunModel)" time="0.009" />
  <testcase classname="ptolemy.util.test.junit.AutoTests" name="[367] /home/travis/build/icyphy/ptII/ptolemy/actor/lib/test/auto/TestExceptionHandler2.xml (RunModel)" time="0.01" />
  <testcase classname="ptolemy.util.test.junit.AutoTests" name="[368] /home/travis/build/icyphy/ptII/ptolemy/actor/lib/test/auto/TestExceptionHandler3.xml (RunModel)" time="0.006" />
  <testcase classname="ptolemy.util.test.junit.AutoTests" name="[369] /home/travis/build/icyphy/ptII/ptolemy/actor/lib/test/auto/TestExceptionHandler4.xml (RunModel)" time="0.006" />
  <testcase classname="ptolemy.util.test.junit.AutoTests" name="[370] /home/travis/build/icyphy/ptII/ptolemy/actor/lib/test/auto/TestRequireCorrectOrder.xml (RunModel)" time="0.016" />
  <testcase classname="ptolemy.util.test.junit.AutoTests" name="[371] /home/travis/build/icyphy/ptII/ptolemy/actor/lib/test/auto/TestSimple.xml (RunModel)" time="0.009" />
  <testcase classname="ptolemy.util.test.junit.AutoTests" name="[372] /home/travis/build/icyphy/ptII/ptolemy/actor/lib/test/auto/ThrowModelError.xml (RunModel)" time="0.009" />
  <testcase classname="ptolemy.util.test.junit.AutoTests" name="[373] /home/travis/build/icyphy/ptII/ptolemy/actor/lib/test/auto/TimeDelayMicrosteps.xml (RunModel)" time="0.011" />
  <testcase classname="ptolemy.util.test.junit.AutoTests" name="[374] /home/travis/build/icyphy/ptII/ptolemy/actor/lib/test/auto/TimeDelayMicrosteps2.xml (RunModel)" time="0.013" />
  <testcase classname="ptolemy.util.test.junit.AutoTests" name="[375] /home/travis/build/icyphy/ptII/ptolemy/actor/lib/test/auto/TimeDelayMicrosteps3.xml (RunModel)" time="0.01" />
  <testcase classname="ptolemy.util.test.junit.AutoTests" name="[376] /home/travis/build/icyphy/ptII/ptolemy/actor/lib/test/auto/TimeDelayVariableMicrosteps.xml (RunModel)" time="0.01" />
  <testcase classname="ptolemy.util.test.junit.AutoTests" name="[377] /home/travis/build/icyphy/ptII/ptolemy/actor/lib/test/auto/TimeGap.xml (RunModel)" time="0.012" />
  <testcase classname="ptolemy.util.test.junit.AutoTests" name="[378] /home/travis/build/icyphy/ptII/ptolemy/actor/lib/test/auto/TimeGap2.xml (RunModel)" time="0.009" />
  <testcase classname="ptolemy.util.test.junit.AutoTests" name="[379] /home/travis/build/icyphy/ptII/ptolemy/actor/lib/test/auto/TimedSinewave.xml (RunModel)" time="0.047" />
  <testcase classname="ptolemy.util.test.junit.AutoTests" name="[380] /home/travis/build/icyphy/ptII/ptolemy/actor/lib/test/auto/TimedSinewavePhase.xml (RunModel)" time="0.032" />
  <testcase classname="ptolemy.util.test.junit.AutoTests" name="[381] /home/travis/build/icyphy/ptII/ptolemy/actor/lib/test/auto/Timer.xml (RunModel)" time="0.017" />
  <testcase classname="ptolemy.util.test.junit.AutoTests" name="[382] /home/travis/build/icyphy/ptII/ptolemy/actor/lib/test/auto/TriangularDistTestModel.xml (RunModel)" time="0.02" />
  <testcase classname="ptolemy.util.test.junit.AutoTests" name="[383] /home/travis/build/icyphy/ptII/ptolemy/actor/lib/test/auto/TrigFunction.xml (RunModel)" time="0.01" />
  <testcase classname="ptolemy.util.test.junit.AutoTests" name="[384] /home/travis/build/icyphy/ptII/ptolemy/actor/lib/test/auto/TrigFunctionDE.xml (RunModel)" time="0.026" />
  <testcase classname="ptolemy.util.test.junit.AutoTests" name="[385] /home/travis/build/icyphy/ptII/ptolemy/actor/lib/test/auto/TrigFunctionInverse.xml (RunModel)" time="0.01" />
  <testcase classname="ptolemy.util.test.junit.AutoTests" name="[386] /home/travis/build/icyphy/ptII/ptolemy/actor/lib/test/auto/TrigFunctionTan.xml (RunModel)" time="0.007" />
  <testcase classname="ptolemy.util.test.junit.AutoTests" name="[387] /home/travis/build/icyphy/ptII/ptolemy/actor/lib/test/auto/TriggeredClock.xml (RunModel)" time="0.008" />
  <testcase classname="ptolemy.util.test.junit.AutoTests" name="[388] /home/travis/build/icyphy/ptII/ptolemy/actor/lib/test/auto/URLDirectoryReader.xml (RunModel)" time="0.119" />
  <testcase classname="ptolemy.util.test.junit.AutoTests" name="[389] /home/travis/build/icyphy/ptII/ptolemy/actor/lib/test/auto/URLDirectoryReader3.xml (RunModel)" time="1.489" />
  <testcase classname="ptolemy.util.test.junit.AutoTests" name="[390] /home/travis/build/icyphy/ptII/ptolemy/actor/lib/test/auto/UnaryMathFunction.xml (RunModel)" time="0.044" />
  <testcase classname="ptolemy.util.test.junit.AutoTests" name="[391] /home/travis/build/icyphy/ptII/ptolemy/actor/lib/test/auto/Uniform.xml (RunModel)" time="0.011" />
  <testcase classname="ptolemy.util.test.junit.AutoTests" name="[392] /home/travis/build/icyphy/ptII/ptolemy/actor/lib/test/auto/UnionDisassemblerTest.xml (RunModel)" time="0.014" />
  <testcase classname="ptolemy.util.test.junit.AutoTests" name="[393] /home/travis/build/icyphy/ptII/ptolemy/actor/lib/test/auto/UtilityFunctions.xml (RunModel)" time="0.006" />
  <testcase classname="ptolemy.util.test.junit.AutoTests" name="[394] /home/travis/build/icyphy/ptII/ptolemy/actor/lib/test/auto/VariableSleep.xml (RunModel)" time="0.511" />
  <testcase classname="ptolemy.util.test.junit.AutoTests" name="[395] /home/travis/build/icyphy/ptII/ptolemy/actor/lib/test/auto/VectorAssemblerDisassemblerCT.xml (RunModel)" time="0.102" />
  <testcase classname="ptolemy.util.test.junit.AutoTests" name="[396] /home/travis/build/icyphy/ptII/ptolemy/actor/lib/test/auto/VectorAssemblerDisassemblerDE.xml (RunModel)" time="0.016" />
  <testcase classname="ptolemy.util.test.junit.AutoTests" name="[397] /home/travis/build/icyphy/ptII/ptolemy/actor/lib/test/auto/VectorAssemblerDisassemblerSDF.xml (RunModel)" time="0.012" />
  <testcase classname="ptolemy.util.test.junit.AutoTests" name="[398] /home/travis/build/icyphy/ptII/ptolemy/actor/lib/test/auto/WallClockTime.xml (RunModel)" time="1.012" />
  <testcase classname="ptolemy.util.test.junit.AutoTests" name="[399] /home/travis/build/icyphy/ptII/ptolemy/actor/lib/test/auto/WidthTestWithSubscriberPublisher.xml (RunModel)" time="0.036" />
  <testcase classname="ptolemy.util.test.junit.AutoTests" name="[400] /home/travis/build/icyphy/ptII/ptolemy/actor/lib/test/auto/WidthTestWithSubscriberPublisher2.xml (RunModel)" time="0.016" />
  <testcase classname="ptolemy.util.test.junit.AutoTests" name="[401] /home/travis/build/icyphy/ptII/ptolemy/actor/lib/test/auto/WidthTestWithSubscriberPublisher3.xml (RunModel)" time="0.009" />
  <testcase classname="ptolemy.util.test.junit.AutoTests" name="[402] /home/travis/build/icyphy/ptII/ptolemy/actor/lib/test/auto/Writer.xml (RunModel)" time="0.007" />
  <testcase classname="ptolemy.util.test.junit.AutoTests" name="[403] /home/travis/build/icyphy/ptII/ptolemy/actor/lib/test/auto/array.xml (RunModel)" time="0.008" />
  <testcase classname="ptolemy.util.test.junit.AutoTests" name="[404] /home/travis/build/icyphy/ptII/ptolemy/actor/lib/test/auto/array2.xml (RunModel)" time="0.028" />
  <testcase classname="ptolemy.util.test.junit.AutoTests" name="[405] /home/travis/build/icyphy/ptII/ptolemy/actor/lib/test/auto/arrayType.xml (RunModel)" time="0.009" />
  <testcase classname="ptolemy.util.test.junit.AutoTests" name="[406] /home/travis/build/icyphy/ptII/ptolemy/actor/lib/test/auto/arrayType10.xml (RunModel)" time="0.007" />
  <testcase classname="ptolemy.util.test.junit.AutoTests" name="[407] /home/travis/build/icyphy/ptII/ptolemy/actor/lib/test/auto/arrayType11.xml (RunModel)" time="0.006" />
  <testcase classname="ptolemy.util.test.junit.AutoTests" name="[408] /home/travis/build/icyphy/ptII/ptolemy/actor/lib/test/auto/arrayType12.xml (RunModel)" time="0.01" />
  <testcase classname="ptolemy.util.test.junit.AutoTests" name="[409] /home/travis/build/icyphy/ptII/ptolemy/actor/lib/test/auto/arrayType13.xml (RunModel)" time="0.008" />
  <testcase classname="ptolemy.util.test.junit.AutoTests" name="[410] /home/travis/build/icyphy/ptII/ptolemy/actor/lib/test/auto/arrayType14.xml (RunModel)" time="0.008" />
  <testcase classname="ptolemy.util.test.junit.AutoTests" name="[411] /home/travis/build/icyphy/ptII/ptolemy/actor/lib/test/auto/arrayType15.xml (RunModel)" time="0.008" />
  <testcase classname="ptolemy.util.test.junit.AutoTests" name="[412] /home/travis/build/icyphy/ptII/ptolemy/actor/lib/test/auto/arrayType16.xml (RunModel)" time="0.007" />
  <testcase classname="ptolemy.util.test.junit.AutoTests" name="[413] /home/travis/build/icyphy/ptII/ptolemy/actor/lib/test/auto/arrayType17.xml (RunModel)" time="0.008" />
  <testcase classname="ptolemy.util.test.junit.AutoTests" name="[414] /home/travis/build/icyphy/ptII/ptolemy/actor/lib/test/auto/arrayType18.xml (RunModel)" time="0.007" />
  <testcase classname="ptolemy.util.test.junit.AutoTests" name="[415] /home/travis/build/icyphy/ptII/ptolemy/actor/lib/test/auto/arrayType19.xml (RunModel)" time="0.007" />
  <testcase classname="ptolemy.util.test.junit.AutoTests" name="[416] /home/travis/build/icyphy/ptII/ptolemy/actor/lib/test/auto/arrayType2.xml (RunModel)" time="0.008" />
  <testcase classname="ptolemy.util.test.junit.AutoTests" name="[417] /home/travis/build/icyphy/ptII/ptolemy/actor/lib/test/auto/arrayType20.xml (RunModel)" time="0.008" />
  <testcase classname="ptolemy.util.test.junit.AutoTests" name="[418] /home/travis/build/icyphy/ptII/ptolemy/actor/lib/test/auto/arrayType21.xml (RunModel)" time="0.021" />
  <testcase classname="ptolemy.util.test.junit.AutoTests" name="[419] /home/travis/build/icyphy/ptII/ptolemy/actor/lib/test/auto/arrayType22.xml (RunModel)" time="0.008" />
  <testcase classname="ptolemy.util.test.junit.AutoTests" name="[420] /home/travis/build/icyphy/ptII/ptolemy/actor/lib/test/auto/arrayType23.xml (RunModel)" time="0.007" />
  <testcase classname="ptolemy.util.test.junit.AutoTests" name="[421] /home/travis/build/icyphy/ptII/ptolemy/actor/lib/test/auto/arrayType24.xml (RunModel)" time="0.008" />
  <testcase classname="ptolemy.util.test.junit.AutoTests" name="[422] /home/travis/build/icyphy/ptII/ptolemy/actor/lib/test/auto/arrayType25.xml (RunModel)" time="0.007" />
  <testcase classname="ptolemy.util.test.junit.AutoTests" name="[423] /home/travis/build/icyphy/ptII/ptolemy/actor/lib/test/auto/arrayType26.xml (RunModel)" time="0.007" />
  <testcase classname="ptolemy.util.test.junit.AutoTests" name="[424] /home/travis/build/icyphy/ptII/ptolemy/actor/lib/test/auto/arrayType27.xml (RunModel)" time="0.007" />
  <testcase classname="ptolemy.util.test.junit.AutoTests" name="[425] /home/travis/build/icyphy/ptII/ptolemy/actor/lib/test/auto/arrayType28.xml (RunModel)" time="0.008" />
  <testcase classname="ptolemy.util.test.junit.AutoTests" name="[426] /home/travis/build/icyphy/ptII/ptolemy/actor/lib/test/auto/arrayType3.xml (RunModel)" time="0.007" />
  <testcase classname="ptolemy.util.test.junit.AutoTests" name="[427] /home/travis/build/icyphy/ptII/ptolemy/actor/lib/test/auto/arrayType4.xml (RunModel)" time="0.006" />
  <testcase classname="ptolemy.util.test.junit.AutoTests" name="[428] /home/travis/build/icyphy/ptII/ptolemy/actor/lib/test/auto/arrayType5.xml (RunModel)" time="0.007" />
  <testcase classname="ptolemy.util.test.junit.AutoTests" name="[429] /home/travis/build/icyphy/ptII/ptolemy/actor/lib/test/auto/arrayType6.xml (RunModel)" time="0.006" />
  <testcase classname="ptolemy.util.test.junit.AutoTests" name="[430] /home/travis/build/icyphy/ptII/ptolemy/actor/lib/test/auto/arrayType7.xml (RunModel)" time="0.011" />
  <testcase classname="ptolemy.util.test.junit.AutoTests" name="[431] /home/travis/build/icyphy/ptII/ptolemy/actor/lib/test/auto/arrayType8.xml (RunModel)" time="0.009" />
  <testcase classname="ptolemy.util.test.junit.AutoTests" name="[432] /home/travis/build/icyphy/ptII/ptolemy/actor/lib/test/auto/arrayType9.xml (RunModel)" time="0.007" />
  <testcase classname="ptolemy.util.test.junit.AutoTests" name="[433] /home/travis/build/icyphy/ptII/ptolemy/actor/lib/test/auto/cast.xml (RunModel)" time="0.03" />
  <testcase classname="ptolemy.util.test.junit.AutoTests" name="[434] /home/travis/build/icyphy/ptII/ptolemy/actor/lib/test/auto/compositeMultiPort.xml (RunModel)" time="0.044" />
  <testcase classname="ptolemy.util.test.junit.AutoTests" name="[435] /home/travis/build/icyphy/ptII/ptolemy/actor/lib/test/auto/expressionCastInference.xml (RunModel)" time="0.035" />
  <testcase classname="ptolemy.util.test.junit.AutoTests" name="[436] /home/travis/build/icyphy/ptII/ptolemy/actor/lib/test/auto/expressionCastInference2.xml (RunModel)" time="0.034" />
  <testcase classname="ptolemy.util.test.junit.AutoTests" name="[437] /home/travis/build/icyphy/ptII/ptolemy/actor/lib/test/auto/expressionInference.xml (RunModel)" time="0.007" />
  <testcase classname="ptolemy.util.test.junit.AutoTests" name="[438] /home/travis/build/icyphy/ptII/ptolemy/actor/lib/test/auto/expression_bug.xml (RunModel)" time="0.006" />
  <testcase classname="ptolemy.util.test.junit.AutoTests" name="[439] /home/travis/build/icyphy/ptII/ptolemy/actor/lib/test/auto/factorial.xml (RunModel)" time="0.066" />
  <testcase classname="ptolemy.util.test.junit.AutoTests" name="[440] /home/travis/build/icyphy/ptII/ptolemy/actor/lib/test/auto/filterTest1.xml (RunModel)" time="0.013" />
  <testcase classname="ptolemy.util.test.junit.AutoTests" name="[441] /home/travis/build/icyphy/ptII/ptolemy/actor/lib/test/auto/funcApplyInConst.xml (RunModel)" time="0.004" />
  <testcase classname="ptolemy.util.test.junit.AutoTests" name="[442] /home/travis/build/icyphy/ptII/ptolemy/actor/lib/test/auto/funcApplyInExpr.xml (RunModel)" time="0.007" />
  <testcase classname="ptolemy.util.test.junit.AutoTests" name="[443] /home/travis/build/icyphy/ptII/ptolemy/actor/lib/test/auto/function.xml (RunModel)" time="0.007" />
  <testcase classname="ptolemy.util.test.junit.AutoTests" name="[444] /home/travis/build/icyphy/ptII/ptolemy/actor/lib/test/auto/function2.xml (RunModel)" time="0.009" />
  <testcase classname="ptolemy.util.test.junit.AutoTests" name="[445] /home/travis/build/icyphy/ptII/ptolemy/actor/lib/test/auto/function3.xml (RunModel)" time="0.01" />
  <testcase classname="ptolemy.util.test.junit.AutoTests" name="[446] /home/travis/build/icyphy/ptII/ptolemy/actor/lib/test/auto/functionClosureTest1.xml (RunModel)" time="0.009" />
  <testcase classname="ptolemy.util.test.junit.AutoTests" name="[447] /home/travis/build/icyphy/ptII/ptolemy/actor/lib/test/auto/functionClosureTest2.xml (RunModel)" time="0.007" />
  <testcase classname="ptolemy.util.test.junit.AutoTests" name="[448] /home/travis/build/icyphy/ptII/ptolemy/actor/lib/test/auto/functionClosureTest3.xml (RunModel)" time="0.007" />
  <testcase classname="ptolemy.util.test.junit.AutoTests" name="[449] /home/travis/build/icyphy/ptII/ptolemy/actor/lib/test/auto/functionClosureTest4.xml (RunModel)" time="0.013" />
  <testcase classname="ptolemy.util.test.junit.AutoTests" name="[450] /home/travis/build/icyphy/ptII/ptolemy/actor/lib/test/auto/functionClosureTest5.xml (RunModel)" time="0.01" />
  <testcase classname="ptolemy.util.test.junit.AutoTests" name="[451] /home/travis/build/icyphy/ptII/ptolemy/actor/lib/test/auto/functionClosureTest6.xml (RunModel)" time="0.007" />
  <testcase classname="ptolemy.util.test.junit.AutoTests" name="[452] /home/travis/build/icyphy/ptII/ptolemy/actor/lib/test/auto/functionsOnArcs.xml (RunModel)" time="0.008" />
  <testcase classname="ptolemy.util.test.junit.AutoTests" name="[453] /home/travis/build/icyphy/ptII/ptolemy/actor/lib/test/auto/functionsOnArcsHOF.xml (RunModel)" time="0.011" />
  <testcase classname="ptolemy.util.test.junit.AutoTests" name="[454] /home/travis/build/icyphy/ptII/ptolemy/actor/lib/test/auto/logic.xml (RunModel)" time="0.015" />
  <testcase classname="ptolemy.util.test.junit.AutoTests" name="[455] /home/travis/build/icyphy/ptII/ptolemy/actor/lib/test/auto/matrixType.xml (RunModel)" time="0.008" />
  <testcase classname="ptolemy.util.test.junit.AutoTests" name="[456] /home/travis/build/icyphy/ptII/ptolemy/actor/lib/test/auto/matrixType10.xml (RunModel)" time="0.007" />
  <testcase classname="ptolemy.util.test.junit.AutoTests" name="[457] /home/travis/build/icyphy/ptII/ptolemy/actor/lib/test/auto/matrixType11.xml (RunModel)" time="0.009" />
  <testcase classname="ptolemy.util.test.junit.AutoTests" name="[458] /home/travis/build/icyphy/ptII/ptolemy/actor/lib/test/auto/matrixType12.xml (RunModel)" time="0.009" />
  <testcase classname="ptolemy.util.test.junit.AutoTests" name="[459] /home/travis/build/icyphy/ptII/ptolemy/actor/lib/test/auto/matrixType13.xml (RunModel)" time="0.007" />
  <testcase classname="ptolemy.util.test.junit.AutoTests" name="[460] /home/travis/build/icyphy/ptII/ptolemy/actor/lib/test/auto/matrixType14.xml (RunModel)" time="0.009" />
  <testcase classname="ptolemy.util.test.junit.AutoTests" name="[461] /home/travis/build/icyphy/ptII/ptolemy/actor/lib/test/auto/matrixType2.xml (RunModel)" time="0.007" />
  <testcase classname="ptolemy.util.test.junit.AutoTests" name="[462] /home/travis/build/icyphy/ptII/ptolemy/actor/lib/test/auto/matrixType3.xml (RunModel)" time="0.009" />
  <testcase classname="ptolemy.util.test.junit.AutoTests" name="[463] /home/travis/build/icyphy/ptII/ptolemy/actor/lib/test/auto/matrixType4.xml (RunModel)" time="0.006" />
  <testcase classname="ptolemy.util.test.junit.AutoTests" name="[464] /home/travis/build/icyphy/ptII/ptolemy/actor/lib/test/auto/matrixType5.xml (RunModel)" time="0.006" />
  <testcase classname="ptolemy.util.test.junit.AutoTests" name="[465] /home/travis/build/icyphy/ptII/ptolemy/actor/lib/test/auto/matrixType6.xml (RunModel)" time="0.007" />
  <testcase classname="ptolemy.util.test.junit.AutoTests" name="[466] /home/travis/build/icyphy/ptII/ptolemy/actor/lib/test/auto/matrixType7.xml (RunModel)" time="0.007" />
  <testcase classname="ptolemy.util.test.junit.AutoTests" name="[467] /home/travis/build/icyphy/ptII/ptolemy/actor/lib/test/auto/matrixType8.xml (RunModel)" time="0.007" />
  <testcase classname="ptolemy.util.test.junit.AutoTests" name="[468] /home/travis/build/icyphy/ptII/ptolemy/actor/lib/test/auto/matrixType9.xml (RunModel)" time="0.007" />
  <testcase classname="ptolemy.util.test.junit.AutoTests" name="[469] /home/travis/build/icyphy/ptII/ptolemy/actor/lib/test/auto/paraFunctest.xml (RunModel)" time="0.006" />
  <testcase classname="ptolemy.util.test.junit.AutoTests" name="[470] /home/travis/build/icyphy/ptII/ptolemy/actor/lib/test/auto/paraFunctest2.xml (RunModel)" time="0.011" />
  <testcase classname="ptolemy.util.test.junit.AutoTests" name="[471] /home/travis/build/icyphy/ptII/ptolemy/actor/lib/test/auto/parameterPassing.xml (RunModel)" time="0.011" />
  <testcase classname="ptolemy.util.test.junit.AutoTests" name="[472] /home/travis/build/icyphy/ptII/ptolemy/actor/lib/test/auto/record.xml (RunModel)" time="0.007" />
  <testcase classname="ptolemy.util.test.junit.AutoTests" name="[473] /home/travis/build/icyphy/ptII/ptolemy/actor/lib/test/auto/sizedarray1.xml (RunModel)" time="0.01" />
  <testcase classname="ptolemy.util.test.junit.AutoTests" name="[474] /home/travis/build/icyphy/ptII/ptolemy/actor/lib/test/auto/sizedarray2.xml (RunModel)" time="0.01" />
  <testcase classname="ptolemy.util.test.junit.AutoTests" name="[475] /home/travis/build/icyphy/ptII/ptolemy/actor/lib/test/auto/twoPublishers.xml (RunModel)" time="0.025" />
  <system-out><![CDATA[/home/travis/build/icyphy/ptII/ptolemy/actor/lib/test/AbsoluteValue.tcl
testDefs.tcl: setting time out to 9000 seconds at Sun Jul 19 20:58:25 UTC 2020
115 ms. Memory: 129024K Free: 93128K (72%)
8 ms. Memory: 129024K Free: 90559K (70%)
9 ms. Memory: 129024K Free: 89527K (69%)
12 ms. Memory: 129024K Free: 89032K (69%)
/home/travis/build/icyphy/ptII/ptolemy/actor/lib/test/AddSubtract.tcl
13 ms. Memory: 129024K Free: 86984K (67%)
5 ms. Memory: 129024K Free: 86463K (67%)
17 ms. Memory: 129024K Free: 85446K (66%)
15 ms. Memory: 129024K Free: 84936K (66%)
74 ms. Memory: 129024K Free: 81864K (63%)
16 ms. Memory: 129024K Free: 80840K (63%)
/home/travis/build/icyphy/ptII/ptolemy/actor/lib/test/Average.tcl
10 ms. Memory: 129024K Free: 79287K (61%)
10 ms. Memory: 129024K Free: 78263K (61%)
/home/travis/build/icyphy/ptII/ptolemy/actor/lib/test/Bernoulli.tcl
10 ms. Memory: 129024K Free: 76744K (59%)
5 ms. Memory: 129024K Free: 76223K (59%)
/home/travis/build/icyphy/ptII/ptolemy/actor/lib/test/Clock.tcl
preinitializing
resolving types
initializing
executing number 1
wrapping up
idle
32 ms. Memory: 129024K Free: 73672K (57%)
Completed execution with 5 iterations
preinitializing
resolving types
initializing
executing number 1
wrapping up
idle
7 ms. Memory: 129024K Free: 72648K (56%)
Completed execution with 5 iterations
preinitializing
resolving types
initializing
executing number 1
wrapping up
idle
3 ms. Memory: 129024K Free: 72134K (56%)
Completed execution with 5 iterations
/home/travis/build/icyphy/ptII/ptolemy/actor/lib/test/Commutator.tcl
19 ms. Memory: 129024K Free: 70079K (54%)
16 ms. Memory: 129024K Free: 69055K (54%)
16 ms. Memory: 129024K Free: 63432K (49%)
/home/travis/build/icyphy/ptII/ptolemy/actor/lib/test/Const.tcl
8 ms. Memory: 129024K Free: 61894K (48%)
4 ms. Memory: 129024K Free: 61384K (48%)
8 ms. Memory: 129024K Free: 60855K (47%)
1 ms. Memory: 129024K Free: 60360K (47%)
4 ms. Memory: 129024K Free: 59846K (46%)
14 ms. Memory: 129024K Free: 57767K (45%)
5 ms. Memory: 129024K Free: 56759K (44%)
2 ms. Memory: 129024K Free: 56264K (44%)
/home/travis/build/icyphy/ptII/ptolemy/actor/lib/test/CurrentTime.tcl
preinitializing
resolving types
initializing
executing number 1
wrapping up
idle
6 ms. Memory: 129024K Free: 54216K (42%)
Completed execution with 11 iterations
/home/travis/build/icyphy/ptII/ptolemy/actor/lib/test/DB.tcl
4 ms. Memory: 129024K Free: 52663K (41%)
2 ms. Memory: 129024K Free: 51654K (40%)
2 ms. Memory: 129024K Free: 51654K (40%)
/home/travis/build/icyphy/ptII/ptolemy/actor/lib/test/DiscreteRandomSource.tcl
preinitializing
resolving types
initializing
executing number 1
wrapping up
idle
4 ms. Memory: 129024K Free: 50120K (39%)
Completed execution with 4 iterations
preinitializing
resolving types
initializing
executing number 1
wrapping up
idle
2 ms. Memory: 129024K Free: 49591K (38%)
Completed execution with 4 iterations
preinitializing
resolving types
initializing
executing number 1
wrapping up
idle
2 ms. Memory: 129024K Free: 49096K (38%)
Completed execution with 4 iterations
preinitializing
resolving types
initializing
executing number 1
wrapping up
idle
12 ms. Memory: 129024K Free: 48582K (38%)
Completed execution with 4 iterations
preinitializing
resolving types
initializing
executing number 1
wrapping up
idle
4 ms. Memory: 129024K Free: 48072K (37%)
Completed execution with 4 iterations
/home/travis/build/icyphy/ptII/ptolemy/actor/lib/test/Distributor.tcl
14 ms. Memory: 129024K Free: 112912K (88%)
7 ms. Memory: 129024K Free: 111874K (87%)
StreamChangeRequest.changeExecuted(): <deleteEntity name="rec2"/> succeeded
StreamChangeRequest.changeExecuted(): <deleteRelation name="r2"/> succeeded
StreamChangeRequest.changeExecuted(): Record firings per iteration succeeded
4 ms. Memory: 129024K Free: 109818K (85%)
/home/travis/build/icyphy/ptII/ptolemy/actor/lib/test/Exit.tcl
Exit.tcl: this will print a message about Manager.exitAfterWrapup, which can be ignored.
7 ms. Memory: 129024K Free: 106902K (83%)
/home/travis/build/icyphy/ptII/ptolemy/actor/lib/test/Expression.tcl
14 ms. Memory: 129024K Free: 103204K (80%)
10 ms. Memory: 129024K Free: 102658K (80%)
2 ms. Memory: 129024K Free: 102158K (79%)
preinitializing
resolving types
initializing
executing number 1
wrapping up
idle
12 ms. Memory: 129024K Free: 100594K (78%)
Completed execution with 6 iterations
10 ms. Memory: 129024K Free: 99600K (77%)
8 ms. Memory: 129024K Free: 99100K (77%)
8 ms. Memory: 129024K Free: 97538K (76%)
5 ms. Memory: 129024K Free: 96528K (75%)
5 ms. Memory: 129024K Free: 95003K (74%)
/home/travis/build/icyphy/ptII/ptolemy/actor/lib/test/Gaussian.tcl
9 ms. Memory: 129024K Free: 93448K (72%)
sleeping 1 seconds: ...............................................................................................................................................................................................................................................................................................................................................................................................................................................................................................................................................................................................................................................................................................................................................................................................................................................................................................................................................................................................................................................................................................................................................................................................................................................................................................................................................................................................................................................................................................................................................................................................................................................................................................................................................................................................................................................................................................................................................................................................................................................................................................................................................................................................................................................................................................................................................................................................................................................................................................................................................................................................................................................................................................................................................................................................................................................................................................................................................................................................................................................................................................................................................................................................................................................................................................................................................................................................................................................................................................................................................................................................................................................................................................................................................................................................................................................................................................................................................................................................................................................................................................................................................................................................................................................................................................................................................................................................................................................................................................................................................................................................................................................................................................................................................................................................................................................................................................................................................................................................................................................................................................................................................................................................................................................................................................................................................................................................................................................................................................................................................................................................................................................................................................................................................................................................................................................................................................................................................................................................................................................................................................................................................................................................................................................................................................................................................................................................................................................................................................................................................................................................................................................................................................................................................................................................................................................................................................................................................................................................................................................................................................................................................................................................................................................................................................................................................................................................................................................................................................................................................................................................................................................................................................................................................................................................................................................................................................................................................................................................................................................................................................................................................................................................................................................................................................................................................................................................................................................................................................................................................................................................5 ms. Memory: 129024K Free: 81257K (63%)
5 ms. Memory: 129024K Free: 80233K (62%)
1 ms. Memory: 129024K Free: 79719K (62%)
2 ms. Memory: 129024K Free: 79209K (61%)
2 ms. Memory: 129024K Free: 78695K (61%)
/home/travis/build/icyphy/ptII/ptolemy/actor/lib/test/IIR.tcl
/home/travis/build/icyphy/ptII/ptolemy/actor/lib/test/Interpolator.tcl
4 ms. Memory: 129024K Free: 112415K (87%)
3 ms. Memory: 129024K Free: 111905K (87%)
3 ms. Memory: 129024K Free: 111377K (86%)
2 ms. Memory: 129024K Free: 110881K (86%)
2 ms. Memory: 129024K Free: 109857K (85%)
12 ms. Memory: 129024K Free: 109329K (85%)
5 ms. Memory: 129024K Free: 108305K (84%)
2 ms. Memory: 129024K Free: 107289K (83%)
2 ms. Memory: 129024K Free: 106785K (83%)
4 ms. Memory: 129024K Free: 105761K (82%)
/home/travis/build/icyphy/ptII/ptolemy/actor/lib/test/MathFunction.tcl
5 ms. Memory: 129024K Free: 103713K (80%)
2 ms. Memory: 129024K Free: 102689K (80%)
6 ms. Memory: 129024K Free: 101151K (78%)
2 ms. Memory: 129024K Free: 100641K (78%)
2 ms. Memory: 129024K Free: 99103K (77%)
12 ms. Memory: 129024K Free: 97569K (76%)
/home/travis/build/icyphy/ptII/ptolemy/actor/lib/test/Maximum.tcl
7 ms. Memory: 129024K Free: 95521K (74%)
5 ms. Memory: 129024K Free: 94497K (73%)
5 ms. Memory: 129024K Free: 93969K (73%)
3 ms. Memory: 129024K Free: 93473K (72%)
/home/travis/build/icyphy/ptII/ptolemy/actor/lib/test/Minimum.tcl
6 ms. Memory: 129024K Free: 91921K (71%)
3 ms. Memory: 129024K Free: 90911K (70%)
2 ms. Memory: 129024K Free: 90401K (70%)
3 ms. Memory: 129024K Free: 89887K (70%)
/home/travis/build/icyphy/ptII/ptolemy/actor/lib/test/MultiplyDivide.tcl
8 ms. Memory: 129024K Free: 87809K (68%)
7 ms. Memory: 129024K Free: 87327K (68%)
3 ms. Memory: 129024K Free: 86305K (67%)
3 ms. Memory: 129024K Free: 85777K (66%)
4 ms. Memory: 129024K Free: 84767K (66%)
/home/travis/build/icyphy/ptII/ptolemy/actor/lib/test/OrderedMerge.tcl
Connections changed on port: inputA
Connections changed on port: inputB
Connections changed on port: output
Connections changed on port: output
Connections changed on port: output
Connections changed on port: input
.top. Preinitializing ...
Invoking preinitialize():  .top.OrderedMerge
Called preinitialize()
Invoking preinitialize():  .top.Ramp
Called preinitialize()
Invoking preinitialize():  .top.Ramp2
Called preinitialize()
Invoking preinitialize():  .top.Test
Called preinitialize()
Connections changed on port: inputA
Connections changed on port: output
Connections changed on port: output
Connections changed on port: input
Connections changed on port: inputB
Connections changed on port: output
.top. Finished preinitialize().
Called initialize().
Invoking initialize():  .top.OrderedMerge
Initializing actor: .top.OrderedMerge
Adding a thread: .top.OrderedMerge
Invoking initialize():  .top.Ramp
Initializing actor: .top.Ramp
Adding a thread: .top.Ramp
Invoking initialize():  .top.Ramp2
Initializing actor: .top.Ramp2
Adding a thread: .top.Ramp2
Invoking initialize():  .top.Test
Initializing actor: .top.Test
Adding a thread: .top.Test
Called fire().
Checking for deadlock:
-- Starting thread.
Called initialize()
-- Starting thread.
Called initialize()
Called prefire()
Called fire()
-- Starting thread.
Called initialize()
Called prefire()
Called fire()
Called prefire()
Called fire()
-- Starting thread.
Called initialize()
Called prefire()
Called fire()
There are 0 Blocked actors, 0 Stopped actors, and 4 active threads.
Waiting for actors to stop.
Called postfire()
Called prefire()
Called fire()
Called postfire()
Called prefire()
Called fire()
Called postfire()
Called prefire()
Called fire()
Checking for deadlock:
There are 3 Blocked actors, 0 Stopped actors, and 4 active threads.
Waiting for actors to stop.
Read input token from inputA with value 0.0
Next port to read input from is inputB
Called postfire()
Called prefire()
Called fire()
Read input token from inputB with value 0.0
Checking for deadlock:
There are 2 Blocked actors, 0 Stopped actors, and 4 active threads.
Waiting for actors to stop.
Called postfire()
Called prefire()
Called fire()
Checking for deadlock:
There are 3 Blocked actors, 0 Stopped actors, and 4 active threads.
Waiting for actors to stop.
Checking for deadlock:
There are 2 Blocked actors, 0 Stopped actors, and 4 active threads.
Waiting for actors to stop.
Sent output token with value 0.0
-- Read input: 0.0, which is expected to match: 0.0
Next port to read input from is inputA
Called postfire()
Called prefire()
Called fire()
Called prefire()
Called fire()
Checking for deadlock:
There are 1 Blocked actors, 0 Stopped actors, and 4 active threads.
Waiting for actors to stop.
Called postfire()
Called prefire()
Called fire()
Checking for deadlock:
There are 3 Blocked actors, 0 Stopped actors, and 4 active threads.
Waiting for actors to stop.
Read input token from inputA with value 1.0
Checking for deadlock:
There are 2 Blocked actors, 0 Stopped actors, and 4 active threads.
Waiting for actors to stop.
Sent output token with value 0.0
-- Read input: 0.0, which is expected to match: 0.0
Called prefire()
Called fire()
Next port to read input from is inputB
Called postfire()
Called prefire()
Called fire()
Checking for deadlock:
There are 3 Blocked actors, 0 Stopped actors, and 4 active threads.
Waiting for actors to stop.
Read input token from inputB with value 1.5
Sent output token with value 1.0
Next port to read input from is inputA
Called postfire()
Called prefire()
Called fire()
Read input token from inputA with value 2.0
Checking for deadlock:
-- Read input: 1.0, which is expected to match: 1.0
There are 0 Blocked actors, 0 Stopped actors, and 4 active threads.
Waiting for actors to stop.
Called prefire()
Called fire()
Called postfire()
Called prefire()
Called fire()
Called postfire()
Called prefire()
Called fire()
Checking for deadlock:
There are 3 Blocked actors, 0 Stopped actors, and 4 active threads.
Waiting for actors to stop.
Checking for deadlock:
There are 2 Blocked actors, 0 Stopped actors, and 4 active threads.
Waiting for actors to stop.
-- Read input: 1.5, which is expected to match: 1.5
Called prefire()
Called fire()
Sent output token with value 1.5
Checking for deadlock:
There are 3 Blocked actors, 0 Stopped actors, and 4 active threads.
Waiting for actors to stop.
Next port to read input from is inputB
Called postfire()
Called prefire()
Called fire()
Read input token from inputB with value 3.0
Sent output token with value 2.0
Next port to read input from is inputA
Called postfire()
Called prefire()
Called fire()
Read input token from inputA with value 3.0
Checking for deadlock:
There are 1 Blocked actors, 0 Stopped actors, and 4 active threads.
Waiting for actors to stop.
Called postfire()
Called prefire()
Called fire()
Called postfire()
Called prefire()
Called fire()
Checking for deadlock:
There are 3 Blocked actors, 0 Stopped actors, and 4 active threads.
Waiting for actors to stop.
-- Read input: 2.0, which is expected to match: 2.0
Checking for deadlock:
There are 2 Blocked actors, 0 Stopped actors, and 4 active threads.
Waiting for actors to stop.
Called prefire()
Called fire()
Sent output token with value 3.0
-- Read input: 3.0, which is expected to match: 3.0
Called prefire()
Called fire()
Next port to read input from is inputB
Called postfire()
Called prefire()
Called fire()
Read input token from inputB with value 4.5
Sent output token with value 3.0
Next port to read input from is inputA
Called postfire()
Called prefire()
Called fire()
Read input token from inputA with value 4.0
Checking for deadlock:
There are 1 Blocked actors, 0 Stopped actors, and 4 active threads.
Waiting for actors to stop.
Called postfire()
-- Read input: 3.0, which is expected to match: 3.0
Called prefire()
Called postfire()
Called prefire()
Called fire()
Called prefire()
Called fire()
Called fire()
Checking for deadlock:
There are 2 Blocked actors, 0 Stopped actors, and 4 active threads.
Waiting for actors to stop.
Checking for deadlock:
There are 3 Blocked actors, 0 Stopped actors, and 4 active threads.
Waiting for actors to stop.
Checking for deadlock:
There are 2 Blocked actors, 0 Stopped actors, and 4 active threads.
Waiting for actors to stop.
-- Read input: 4.0, which is expected to match: 4.0
Called prefire()
Called fire()
Past the end of training data. Read and discard all inputs.
Checking for deadlock:
There are 3 Blocked actors, 0 Stopped actors, and 4 active threads.
Waiting for actors to stop.
Sent output token with value 4.0
Next port to read input from is inputA
Called postfire()
Called prefire()
Called fire()
Read input token from inputA with value 5.0
Sent output token with value 4.5
Next port to read input from is inputB
Called postfire()
Called prefire()
Called fire()
Read input token from inputB with value 6.0
Checking for deadlock:
Called prefire()
Called fire()
There are 0 Blocked actors, 0 Stopped actors, and 4 active threads.
Past the end of training data. Read and discard all inputs.
Waiting for actors to stop.
Called postfire()
Called prefire()
Called fire()
Called postfire()
Called prefire()
Called fire()
Checking for deadlock:
There are 2 Blocked actors, 0 Stopped actors, and 4 active threads.
Waiting for actors to stop.
Sent output token with value 5.0
Next port to read input from is inputA
Called postfire()
Called prefire()
Called fire()
Read input token from inputA with value 6.0
Checking for deadlock:
There are 2 Blocked actors, 0 Stopped actors, and 4 active threads.
Waiting for actors to stop.
Called postfire()
Called prefire()
Called fire()
Checking for deadlock:
There are 3 Blocked actors, 0 Stopped actors, and 4 active threads.
Waiting for actors to stop.
Called prefire()
Called fire()
Checking for deadlock:
Past the end of training data. Read and discard all inputs.
There are 2 Blocked actors, 0 Stopped actors, and 4 active threads.
Waiting for actors to stop.
Checking for deadlock:
There are 3 Blocked actors, 0 Stopped actors, and 4 active threads.
Waiting for actors to stop.
Checking for deadlock:
There are 2 Blocked actors, 0 Stopped actors, and 4 active threads.
Waiting for actors to stop.
Called prefire()
Called fire()
Past the end of training data. Read and discard all inputs.
Sent output token with value 6.0
Next port to read input from is inputB
Called postfire()
Called prefire()
Called fire()
Read input token from inputB with value 7.5
Sent output token with value 6.0
Next port to read input from is inputA
Called postfire()
Called prefire()
Called fire()
Read input token from inputA with value 7.0
Checking for deadlock:
There are 1 Blocked actors, 0 Stopped actors, and 4 active threads.
Waiting for actors to stop.
Called prefire()
Called fire()
Called postfire()
Past the end of training data. Read and discard all inputs.
Called prefire()
Called fire()
Called postfire()
Called prefire()
Called fire()
Checking for deadlock:
There are 3 Blocked actors, 0 Stopped actors, and 4 active threads.
Waiting for actors to stop.
Called prefire()
Called fire()
Past the end of training data. Read and discard all inputs.
Checking for deadlock:
There are 3 Blocked actors, 0 Stopped actors, and 4 active threads.
Waiting for actors to stop.
Sent output token with value 7.0
Next port to read input from is inputA
Called postfire()
Called prefire()
Called fire()
-- Thread wrapup() called.
Called wrapup()
Thread .top.Ramp is exiting.
-- Thread stopped.
Checking for deadlock:
There are 2 Blocked actors, 0 Stopped actors, and 3 active threads.
Waiting for actors to stop.
Read input token from inputA with value 8.0
Checking for deadlock:
There are 1 Blocked actors, 0 Stopped actors, and 3 active threads.
Waiting for actors to stop.
Called prefire()
Called fire()
Past the end of training data. Read and discard all inputs.
Checking for deadlock:
There are 2 Blocked actors, 0 Stopped actors, and 3 active threads.
Waiting for actors to stop.
Sent output token with value 7.5
Next port to read input from is inputB
Called postfire()
Called prefire()
Called fire()
Checking for deadlock:
There are 1 Blocked actors, 0 Stopped actors, and 3 active threads.
Waiting for actors to stop.
Called postfire()
Called prefire()
Called fire()
Checking for deadlock:
There are 2 Blocked actors, 0 Stopped actors, and 3 active threads.
Waiting for actors to stop.
Read input token from inputB with value 9.0
Checking for deadlock:
There are 1 Blocked actors, 0 Stopped actors, and 3 active threads.
Waiting for actors to stop.
Called prefire()
Called fire()
Past the end of training data. Read and discard all inputs.
Checking for deadlock:
There are 2 Blocked actors, 0 Stopped actors, and 3 active threads.
Waiting for actors to stop.
Sent output token with value 8.0
Next port to read input from is inputA
Called postfire()
Called prefire()
Called fire()
Read input token from inputA with value 9.0
Called prefire()
Called fire()
Past the end of training data. Read and discard all inputs.
Checking for deadlock:
There are 2 Blocked actors, 0 Stopped actors, and 3 active threads.
Waiting for actors to stop.
Sent output token with value 9.0
Next port to read input from is inputB
Called postfire()
Called prefire()
Called fire()
Called postfire()
Called prefire()
Called fire()
Checking for deadlock:
There are 2 Blocked actors, 0 Stopped actors, and 3 active threads.
Waiting for actors to stop.
Read input token from inputB with value 10.5
Called prefire()
Called fire()
Past the end of training data. Read and discard all inputs.
Checking for deadlock:
There are 2 Blocked actors, 0 Stopped actors, and 3 active threads.
Waiting for actors to stop.
Sent output token with value 9.0
Next port to read input from is inputA
Called postfire()
Called prefire()
Called fire()
Checking for deadlock:
There are 3 Blocked actors, 0 Stopped actors, and 3 active threads.
Actors have stopped.
Checking for deadlock:
There are 3 Blocked actors, 0 Stopped actors, and 3 active threads.
Deadlock detected.
Resolving Deadlock
Checking for deadlock:
There are 3 Blocked actors, 0 Stopped actors, and 3 active threads.
Artificial Deadlock - increasing queue capacity.
increasing the capacity of receiver ptolemy.actor.TypedIOPort {.top.OrderedMerge.inputB} to 2
Director: Called postfire().
Called postfire().
_stopRequested = false
_stopFireRequested = false
Returning from postfire(): true
Called fire().
Checking for deadlock:
There are 2 Blocked actors, 0 Stopped actors, and 3 active threads.
Waiting for actors to stop.
-- Thread wrapup() called.
Called wrapup()
Thread .top.Ramp2 is exiting.
-- Thread stopped.
Checking for deadlock:
There are 2 Blocked actors, 0 Stopped actors, and 2 active threads.
Actors have stopped.
Checking for deadlock:
There are 2 Blocked actors, 0 Stopped actors, and 2 active threads.
Deadlock detected.
Resolving Deadlock
Checking for deadlock:
There are 2 Blocked actors, 0 Stopped actors, and 2 active threads.
Deadlock detected: no processes blocked on write, but some are blocked on read.
Called postfire().
_stopRequested = false
_stopFireRequested = false
Returning from postfire(): false
Finished deactivating branches.
Called wrapup().
-- Thread wrapup() called.
Called wrapup()
Thread .top.Test is exiting.
-- Thread stopped.
-- Blocked Receiver call threw TerminateProcessException.
-- Thread wrapup() called.
Called wrapup()
Thread .top.OrderedMerge is exiting.
-- Thread stopped.
-- Blocked Receiver call threw TerminateProcessException.
50 ms. Memory: 129024K Free: 79678K (62%)
.top. Preinitializing ...
Invoking preinitialize():  .top.OrderedMerge
Called preinitialize()
Invoking preinitialize():  .top.Ramp
Called preinitialize()
Invoking preinitialize():  .top.Ramp2
Called preinitialize()
Invoking preinitialize():  .top.Test
Called preinitialize()
.top. Finished preinitialize().
Called initialize().
Invoking initialize():  .top.OrderedMerge
Initializing actor: .top.OrderedMerge
Adding a thread: .top.OrderedMerge
Invoking initialize():  .top.Ramp
Initializing actor: .top.Ramp
Adding a thread: .top.Ramp
Invoking initialize():  .top.Ramp2
Initializing actor: .top.Ramp2
Adding a thread: .top.Ramp2
Invoking initialize():  .top.Test
Initializing actor: .top.Test
Adding a thread: .top.Test
-- Starting thread.
Called initialize()
Called prefire()
Called fire()
-- Starting thread.
Called initialize()
Called prefire()
Called fire()
Called postfire()
Called prefire()
Called fire()
-- Starting thread.
Called initialize()
Called fire().
Checking for deadlock:
There are 2 Blocked actors, 0 Stopped actors, and 4 active threads.
Waiting for actors to stop.
-- Starting thread.
Called initialize()
Called prefire()
Called fire()
Checking for deadlock:
There are 3 Blocked actors, 0 Stopped actors, and 4 active threads.
Waiting for actors to stop.
Called prefire()
Called fire()
Called postfire()
Called prefire()
Called fire()
Checking for deadlock:
There are 3 Blocked actors, 0 Stopped actors, and 4 active threads.
Waiting for actors to stop.
Called postfire()
Called prefire()
Checking for deadlock:
Called fire()
There are 2 Blocked actors, 0 Stopped actors, and 4 active threads.
Waiting for actors to stop.
Checking for deadlock:
There are 3 Blocked actors, 0 Stopped actors, and 4 active threads.
Waiting for actors to stop.
Read input token from inputA with value 0.0
Next port to read input from is inputB
Called postfire()
Called prefire()
Called fire()
Checking for deadlock:
There are 2 Blocked actors, 0 Stopped actors, and 4 active threads.
Waiting for actors to stop.
Called postfire()
Called prefire()
Called fire()
Read input token from inputB with value 0.0
Sent output token with value 0.0
Next port to read input from is inputA
Called postfire()
Called prefire()
Called fire()
Read input token from inputA with value 1.0
Called postfire()
Called prefire()
Called fire()
-- Read input: 0.0, which is expected to match: 0.0
Called prefire()
Called fire()
Checking for deadlock:
There are 3 Blocked actors, 0 Stopped actors, and 4 active threads.
Waiting for actors to stop.
-- Read input: 0.0, which is expected to match: 0.0
Called prefire()
Called fire()
Sent output token with value 0.0
Next port to read input from is inputB
Called postfire()
Called prefire()
Called fire()
Read input token from inputB with value 1.5
Sent output token with value 1.0
Next port to read input from is inputA
Called postfire()
Called prefire()
Called fire()
Read input token from inputA with value 2.0
Checking for deadlock:
There are 1 Blocked actors, 0 Stopped actors, and 4 active threads.
Waiting for actors to stop.
Called postfire()
Called prefire()
Called fire()
Called postfire()
Called prefire()
Called fire()
-- Read input: 1.0, which is expected to match: 1.0
Called prefire()
Called fire()
Checking for deadlock:
There are 3 Blocked actors, 0 Stopped actors, and 4 active threads.
Waiting for actors to stop.
Checking for deadlock:
There are 2 Blocked actors, 0 Stopped actors, and 4 active threads.
Waiting for actors to stop.
-- Read input: 1.5, which is expected to match: 1.5
Called prefire()
Called fire()
Sent output token with value 1.5
Next port to read input from is inputB
Called postfire()
Called prefire()
Called fire()
Read input token from inputB with value 3.0
Sent output token with value 2.0
Next port to read input from is inputA
Called postfire()
Called prefire()
Called fire()
Read input token from inputA with value 3.0
Checking for deadlock:
Called postfire()
There are 1 Blocked actors, 0 Stopped actors, and 4 active threads.
Called prefire()
Waiting for actors to stop.
Called fire()
Called postfire()
Called prefire()
Called fire()
-- Read input: 2.0, which is expected to match: 2.0
Called prefire()
Called fire()
Checking for deadlock:
There are 3 Blocked actors, 0 Stopped actors, and 4 active threads.
Waiting for actors to stop.
Sent output token with value 3.0
Next port to read input from is inputB
Called postfire()
Called prefire()
Called fire()
Read input token from inputB with value 4.5
Checking for deadlock:
There are 2 Blocked actors, 0 Stopped actors, and 4 active threads.
Waiting for actors to stop.
-- Read input: 3.0, which is expected to match: 3.0
Called prefire()
Called fire()
Called postfire()
Called prefire()
Called fire()
Checking for deadlock:
There are 3 Blocked actors, 0 Stopped actors, and 4 active threads.
Waiting for actors to stop.
-- Read input: 3.0, which is expected to match: 3.0
Called prefire()
Called fire()
Checking for deadlock:
There are 3 Blocked actors, 0 Stopped actors, and 4 active threads.
Waiting for actors to stop.
Sent output token with value 3.0
Next port to read input from is inputA
Called postfire()
Called prefire()
Called fire()
Checking for deadlock:
Called postfire()
There are 2 Blocked actors, 0 Stopped actors, and 4 active threads.
Waiting for actors to stop.
Called prefire()
Called fire()
Read input token from inputA with value 4.0
Checking for deadlock:
There are 3 Blocked actors, 0 Stopped actors, and 4 active threads.
Waiting for actors to stop.
Checking for deadlock:
There are 2 Blocked actors, 0 Stopped actors, and 4 active threads.
Waiting for actors to stop.
-- Read input: 4.0, which is expected to match: 4.0
Called prefire()
Called fire()
Past the end of training data. Read and discard all inputs.
Checking for deadlock:
There are 3 Blocked actors, 0 Stopped actors, and 4 active threads.
Waiting for actors to stop.
Sent output token with value 4.0
Next port to read input from is inputA
Called postfire()
Called prefire()
Called fire()
Checking for deadlock:
There are 2 Blocked actors, 0 Stopped actors, and 4 active threads.
Waiting for actors to stop.
Read input token from inputA with value 5.0
Called postfire()
Called prefire()
Called fire()
Called prefire()
Called fire()
Past the end of training data. Read and discard all inputs.
Checking for deadlock:
There are 3 Blocked actors, 0 Stopped actors, and 4 active threads.
Waiting for actors to stop.
Sent output token with value 4.5
Next port to read input from is inputB
Called postfire()
Called prefire()
Called fire()
Checking for deadlock:
There are 2 Blocked actors, 0 Stopped actors, and 4 active threads.
Waiting for actors to stop.
Called postfire()
Called prefire()
Called fire()
Checking for deadlock:
There are 3 Blocked actors, 0 Stopped actors, and 4 active threads.
Waiting for actors to stop.
Read input token from inputB with value 6.0
Checking for deadlock:
There are 2 Blocked actors, 0 Stopped actors, and 4 active threads.
Waiting for actors to stop.
Called prefire()
Called fire()
Past the end of training data. Read and discard all inputs.
Checking for deadlock:
There are 3 Blocked actors, 0 Stopped actors, and 4 active threads.
Waiting for actors to stop.
Sent output token with value 5.0
Next port to read input from is inputA
Called postfire()
Called prefire()
Called fire()
Checking for deadlock:
There are 2 Blocked actors, 0 Stopped actors, and 4 active threads.
Waiting for actors to stop.
Called postfire()
Called prefire()
Called fire()
Read input token from inputA with value 6.0
Checking for deadlock:
There are 3 Blocked actors, 0 Stopped actors, and 4 active threads.
Waiting for actors to stop.
Checking for deadlock:
There are 2 Blocked actors, 0 Stopped actors, and 4 active threads.
Waiting for actors to stop.
Called prefire()
Called fire()
Past the end of training data. Read and discard all inputs.
Checking for deadlock:
There are 3 Blocked actors, 0 Stopped actors, and 4 active threads.
Waiting for actors to stop.
Sent output token with value 6.0
Next port to read input from is inputB
Called postfire()
Called prefire()
Called fire()
Called postfire()
Called prefire()
Called fire()
Checking for deadlock:
There are 3 Blocked actors, 0 Stopped actors, and 4 active threads.
Waiting for actors to stop.
Read input token from inputB with value 7.5
Called prefire()
Called fire()
Past the end of training data. Read and discard all inputs.
Checking for deadlock:
There are 3 Blocked actors, 0 Stopped actors, and 4 active threads.
Waiting for actors to stop.
Sent output token with value 6.0
Next port to read input from is inputA
Called postfire()
Called prefire()
Called fire()
Checking for deadlock:
There are 2 Blocked actors, 0 Stopped actors, and 4 active threads.
Waiting for actors to stop.
Called postfire()
Read input token from inputA with value 7.0
Called prefire()
Called fire()
Called prefire()
Called fire()
Past the end of training data. Read and discard all inputs.
Checking for deadlock:
There are 3 Blocked actors, 0 Stopped actors, and 4 active threads.
Waiting for actors to stop.
Sent output token with value 7.0
Next port to read input from is inputA
Called postfire()
Called prefire()
Called fire()
-- Thread wrapup() called.
Checking for deadlock:
Called wrapup()
There are 2 Blocked actors, 0 Stopped actors, and 4 active threads.
Waiting for actors to stop.
Thread .top.Ramp is exiting.
-- Thread stopped.
Checking for deadlock:
There are 2 Blocked actors, 0 Stopped actors, and 3 active threads.
Waiting for actors to stop.
Read input token from inputA with value 8.0
Called prefire()
Called fire()
Past the end of training data. Read and discard all inputs.
Checking for deadlock:
There are 2 Blocked actors, 0 Stopped actors, and 3 active threads.
Waiting for actors to stop.
Sent output token with value 7.5
Next port to read input from is inputB
Called postfire()
Called prefire()
Called fire()
Checking for deadlock:
There are 1 Blocked actors, 0 Stopped actors, and 3 active threads.
Waiting for actors to stop.
Called postfire()
Called prefire()
Called fire()
Checking for deadlock:
There are 2 Blocked actors, 0 Stopped actors, and 3 active threads.
Waiting for actors to stop.
Read input token from inputB with value 9.0
Checking for deadlock:
There are 1 Blocked actors, 0 Stopped actors, and 3 active threads.
Waiting for actors to stop.
Called prefire()
Called fire()
Past the end of training data. Read and discard all inputs.
Checking for deadlock:
There are 2 Blocked actors, 0 Stopped actors, and 3 active threads.
Waiting for actors to stop.
Sent output token with value 8.0
Next port to read input from is inputA
Called postfire()
Called prefire()
Called fire()
Read input token from inputA with value 9.0
Called prefire()
Called fire()
Past the end of training data. Read and discard all inputs.
Checking for deadlock:
There are 2 Blocked actors, 0 Stopped actors, and 3 active threads.
Waiting for actors to stop.
Sent output token with value 9.0
Next port to read input from is inputB
Called postfire()
Called prefire()
Called fire()
Called postfire()
Called prefire()
Called fire()
Checking for deadlock:
There are 2 Blocked actors, 0 Stopped actors, and 3 active threads.
Waiting for actors to stop.
Read input token from inputB with value 10.5
Called prefire()
Called fire()
Past the end of training data. Read and discard all inputs.
Checking for deadlock:
There are 2 Blocked actors, 0 Stopped actors, and 3 active threads.
Waiting for actors to stop.
Sent output token with value 9.0
Next port to read input from is inputA
Called postfire()
Called prefire()
Called fire()
Checking for deadlock:
There are 3 Blocked actors, 0 Stopped actors, and 3 active threads.
Actors have stopped.
Checking for deadlock:
There are 3 Blocked actors, 0 Stopped actors, and 3 active threads.
Deadlock detected.
Resolving Deadlock
Checking for deadlock:
There are 3 Blocked actors, 0 Stopped actors, and 3 active threads.
Artificial Deadlock - increasing queue capacity.
increasing the capacity of receiver ptolemy.actor.TypedIOPort {.top.OrderedMerge.inputB} to 2
Director: Called postfire().
Called postfire().
_stopRequested = false
_stopFireRequested = false
Returning from postfire(): true
Called fire().
Checking for deadlock:
There are 2 Blocked actors, 0 Stopped actors, and 3 active threads.
Waiting for actors to stop.
-- Thread wrapup() called.
Called wrapup()
Thread .top.Ramp2 is exiting.
-- Thread stopped.
Checking for deadlock:
There are 2 Blocked actors, 0 Stopped actors, and 2 active threads.
Actors have stopped.
Checking for deadlock:
There are 2 Blocked actors, 0 Stopped actors, and 2 active threads.
Deadlock detected.
Resolving Deadlock
Checking for deadlock:
There are 2 Blocked actors, 0 Stopped actors, and 2 active threads.
Deadlock detected: no processes blocked on write, but some are blocked on read.
Called postfire().
_stopRequested = false
_stopFireRequested = false
Returning from postfire(): false
Finished deactivating branches.
Called wrapup().
-- Thread wrapup() called.
Called wrapup()
-- Thread wrapup() called.
Called wrapup()
Thread .top.OrderedMerge is exiting.
Thread .top.Test is exiting.
-- Thread stopped.
-- Blocked Receiver call threw TerminateProcessException.
38 ms. Memory: 129024K Free: 77561K (60%)
/home/travis/build/icyphy/ptII/ptolemy/actor/lib/test/Publisher.tcl
-- Thread stopped.
-- Blocked Receiver call threw TerminateProcessException.
10 ms. Memory: 129024K Free: 71441K (55%)
3 ms. Memory: 129024K Free: 65825K (51%)
2 ms. Memory: 129024K Free: 109371K (85%)
2 ms. Memory: 129024K Free: 108347K (84%)
2 ms. Memory: 129024K Free: 107337K (83%)
3 ms. Memory: 129024K Free: 106827K (83%)
2 ms. Memory: 129024K Free: 105803K (82%)
5 ms. Memory: 129024K Free: 104779K (81%)
16 ms. Memory: 129024K Free: 95049K (74%)
3 ms. Memory: 129024K Free: 90953K (70%)
2 ms. Memory: 129024K Free: 90443K (70%)
3 ms. Memory: 129024K Free: 88395K (69%)
5 ms. Memory: 129024K Free: 80713K (63%)
4 ms. Memory: 129024K Free: 70987K (55%)
10 ms. Memory: 129024K Free: 59723K (46%)
/home/travis/build/icyphy/ptII/ptolemy/actor/lib/test/Pulse.tcl
3 ms. Memory: 155648K Free: 103460K (66%)
8 ms. Memory: 155648K Free: 102436K (66%)
1 ms. Memory: 155648K Free: 101926K (65%)
2 ms. Memory: 155648K Free: 101381K (65%)
1 ms. Memory: 155648K Free: 100902K (65%)
5 ms. Memory: 155648K Free: 99878K (64%)
3 ms. Memory: 155648K Free: 98854K (64%)
1 ms. Memory: 155648K Free: 98326K (63%)
1 ms. Memory: 155648K Free: 97302K (63%)
/home/travis/build/icyphy/ptII/ptolemy/actor/lib/test/Ramp.tcl
2 ms. Memory: 155648K Free: 95782K (62%)
1 ms. Memory: 155648K Free: 94758K (61%)
2 ms. Memory: 155648K Free: 94230K (61%)
1 ms. Memory: 155648K Free: 93189K (60%)
3 ms. Memory: 155648K Free: 92710K (60%)
5 ms. Memory: 155648K Free: 91686K (59%)
8 ms. Memory: 155648K Free: 90662K (58%)
5 actors
4000 microseconds per iteration to create
8 ms. Memory: 155648K Free: 88094K (57%)
2 ms. Memory: 155648K Free: 87590K (56%)
3 ms. Memory: 155648K Free: 86566K (56%)
2 ms. Memory: 155648K Free: 86052K (55%)
50 actors
54000 microseconds per iteration to create
37 ms. Memory: 155648K Free: 135194K (87%)
16 ms. Memory: 155648K Free: 134170K (86%)
4 ms. Memory: 155648K Free: 133146K (86%)
7 ms. Memory: 155648K Free: 132122K (85%)
500 actors
1355000 microseconds per iteration to create
230 ms. Memory: 155648K Free: 119991K (77%)
31 ms. Memory: 155648K Free: 114357K (73%)
30 ms. Memory: 155648K Free: 109237K (70%)
26 ms. Memory: 155648K Free: 104117K (67%)
/home/travis/build/icyphy/ptII/ptolemy/actor/lib/test/RampContinuous.tcl
6 ms. Memory: 155648K Free: 102583K (66%)
/home/travis/build/icyphy/ptII/ptolemy/actor/lib/test/RecordAssembler.tcl
4 ms. Memory: 155648K Free: 101045K (65%)
3 ms. Memory: 155648K Free: 100021K (64%)
/home/travis/build/icyphy/ptII/ptolemy/actor/lib/test/RecordDisassembler.tcl
5 ms. Memory: 155648K Free: 97973K (63%)
2 ms. Memory: 155648K Free: 97463K (63%)
2 ms. Memory: 155648K Free: 96439K (62%)
/home/travis/build/icyphy/ptII/ptolemy/actor/lib/test/Scale.tcl
2 ms. Memory: 155648K Free: 94391K (61%)
1 ms. Memory: 155648K Free: 93862K (60%)
2 ms. Memory: 155648K Free: 92853K (60%)
1 ms. Memory: 155648K Free: 92343K (59%)
2 ms. Memory: 155648K Free: 91319K (59%)
/home/travis/build/icyphy/ptII/ptolemy/actor/lib/test/SequentialClock.tcl
preinitializing
resolving types
initializing
executing number 1
wrapping up
idle
2 ms. Memory: 155648K Free: 90295K (58%)
Completed execution with 5 iterations
preinitializing
resolving types
initializing
executing number 1
wrapping up
idle
1 ms. Memory: 155648K Free: 89271K (57%)
Completed execution with 5 iterations
preinitializing
resolving types
initializing
executing number 1
wrapping up
idle
1 ms. Memory: 155648K Free: 88742K (57%)
Completed execution with 5 iterations
/home/travis/build/icyphy/ptII/ptolemy/actor/lib/test/SetVariable.tcl
3 ms. Memory: 155648K Free: 87223K (56%)
/home/travis/build/icyphy/ptII/ptolemy/actor/lib/test/Sinewave.tcl
/home/travis/build/icyphy/ptII/ptolemy/actor/lib/test/SubscriptionAggregator.tcl
5 ms. Memory: 155648K Free: 75430K (48%)
1 ms. Memory: 155648K Free: 74421K (48%)
1 ms. Memory: 155648K Free: 73911K (47%)
0 ms. Memory: 155648K Free: 73911K (47%)
2 ms. Memory: 155648K Free: 70325K (45%)
8 ms. Memory: 155648K Free: 67767K (44%)
...............................................................854 ms. Memory: 259072K Free: 125950K (49%)
/home/travis/build/icyphy/ptII/ptolemy/actor/lib/test/Test.tcl
 The next command will produce a warning about training mode,
   which may be ignored.
5 ms. Memory: 259072K Free: 123887K (48%)
7 ms. Memory: 259072K Free: 123392K (48%)
1 ms. Memory: 259072K Free: 122863K (47%)
1 ms. Memory: 259072K Free: 121839K (47%)
3 ms. Memory: 259072K Free: 121344K (47%)
3 ms. Memory: 259072K Free: 120320K (46%)
3 ms. Memory: 259072K Free: 118751K (46%)
 The next command will produce a warning about training mode,
   which may be ignored.
5 ms. Memory: 259072K Free: 116719K (45%)
 The next command will produce a warning about training mode,
   which may be ignored.
1 ms. Memory: 259072K Free: 115200K (44%)
0 ms. Memory: 259072K Free: 115200K (44%)
1 ms. Memory: 259072K Free: 114686K (44%)
2 ms. Memory: 259072K Free: 114176K (44%)
7 ms. Memory: 259072K Free: 113152K (44%)
4 ms. Memory: 259072K Free: 109056K (42%)
/home/travis/build/icyphy/ptII/ptolemy/actor/lib/test/TestExceptionHandler.tcl
 The next command will produce a warning about training mode,
   which may be ignored.
2 ms. Memory: 259072K Free: 108032K (42%)
1 ms. Memory: 259072K Free: 107511K (41%)
1 ms. Memory: 259072K Free: 107008K (41%)
/home/travis/build/icyphy/ptII/ptolemy/actor/lib/test/UnionDisassembler.tcl
22 ms. Memory: 259072K Free: 99326K (38%)
/home/travis/build/icyphy/ptII/ptolemy/actor/lib/test/VariableClock.tcl
preinitializing
resolving types
initializing
executing number 1
wrapping up
idle
7 ms. Memory: 259072K Free: 97792K (38%)
Completed execution with 11 iterations
preinitializing
resolving types
initializing
executing number 1
wrapping up
idle
3 ms. Memory: 259072K Free: 96247K (37%)
Completed execution with 10 iterations
07/19/20 08:58:32
Failed: 0  Total Tests: 233  ((Passed: 233, Newly Passed: 0)  Known Failed: 0) /home/travis/build/icyphy/ptII/ptolemy/actor/lib/test
----------------- testing (KnownFailure) /home/travis/build/icyphy/ptII/ptolemy/actor/lib/test/auto/knownFailedTests/PublisherPortToplevelSubscriber.xml
0 ms. Memory: 259072K Free: 92672K (36%)
Known Failure: java.lang.reflect.InvocationTargetException
----------------- testing (KnownFailure) /home/travis/build/icyphy/ptII/ptolemy/actor/lib/test/auto/knownFailedTests/PublisherSubscriberPortToplevel.xml
0 ms. Memory: 259072K Free: 89086K (34%)
Known Failure: java.lang.reflect.InvocationTargetException
----------------- testing (KnownFailure) /home/travis/build/icyphy/ptII/ptolemy/actor/lib/test/auto/knownFailedTests/PublisherSubscriptionAggregatorPort.xml
1 ms. Memory: 259072K Free: 84990K (33%)
Known Failure: java.lang.reflect.InvocationTargetException
----------------- testing (KnownFailure) /home/travis/build/icyphy/ptII/ptolemy/actor/lib/test/auto/knownFailedTests/sizedarray3.xml
5 ms. Memory: 259072K Free: 80384K (31%)
Known Failure: java.lang.reflect.InvocationTargetException
No auto/linux-amd64/*.xml tests in /home/travis/build/icyphy/ptII/ptolemy/actor/lib/test
AutoTests.java: About to close Vertx.
AutoTests.java: Vertx closed.

===========================================================================================
----------------- testing Sun Jul 19 20:58:32 UTC 2020 /home/travis/build/icyphy/ptII/ptolemy/actor/lib/test/auto/AbsoluteValue.xml
----------------- Instantiating /home/travis/build/icyphy/ptII/ptolemy/actor/lib/test/auto/AbsoluteValue.xml
4 ms. Memory: 259072K Free: 194048K (75%)
----------------- Invoking toplevel() on ptolemy.moml.MoMLSimpleApplication@e887137
----------------- Done invoking toplevel() on ptolemy.moml.MoMLSimpleApplication@e887137
reloadAllAccessors: .AbsoluteValue

===========================================================================================
----------------- testing Sun Jul 19 20:58:32 UTC 2020 /home/travis/build/icyphy/ptII/ptolemy/actor/lib/test/auto/AbsoluteValue2.xml
----------------- Instantiating /home/travis/build/icyphy/ptII/ptolemy/actor/lib/test/auto/AbsoluteValue2.xml
4 ms. Memory: 259072K Free: 186880K (72%)
----------------- Invoking toplevel() on ptolemy.moml.MoMLSimpleApplication@6f9f6caf
----------------- Done invoking toplevel() on ptolemy.moml.MoMLSimpleApplication@6f9f6caf
reloadAllAccessors: .AbsoluteValue2

===========================================================================================
----------------- testing Sun Jul 19 20:58:33 UTC 2020 /home/travis/build/icyphy/ptII/ptolemy/actor/lib/test/auto/Accumulator.xml
----------------- Instantiating /home/travis/build/icyphy/ptII/ptolemy/actor/lib/test/auto/Accumulator.xml
5 ms. Memory: 259072K Free: 180736K (70%)
----------------- Invoking toplevel() on ptolemy.moml.MoMLSimpleApplication@7b26fc6
----------------- Done invoking toplevel() on ptolemy.moml.MoMLSimpleApplication@7b26fc6
reloadAllAccessors: .Accumulator

===========================================================================================
----------------- testing Sun Jul 19 20:58:33 UTC 2020 /home/travis/build/icyphy/ptII/ptolemy/actor/lib/test/auto/Accumulator2.xml
----------------- Instantiating /home/travis/build/icyphy/ptII/ptolemy/actor/lib/test/auto/Accumulator2.xml
2 ms. Memory: 259072K Free: 175102K (68%)
----------------- Invoking toplevel() on ptolemy.moml.MoMLSimpleApplication@57333812
----------------- Done invoking toplevel() on ptolemy.moml.MoMLSimpleApplication@57333812
reloadAllAccessors: .Accumulator2

===========================================================================================
----------------- testing Sun Jul 19 20:58:33 UTC 2020 /home/travis/build/icyphy/ptII/ptolemy/actor/lib/test/auto/Accumulator3.xml
----------------- Instantiating /home/travis/build/icyphy/ptII/ptolemy/actor/lib/test/auto/Accumulator3.xml
2 ms. Memory: 259072K Free: 171006K (66%)
----------------- Invoking toplevel() on ptolemy.moml.MoMLSimpleApplication@588319b7
----------------- Done invoking toplevel() on ptolemy.moml.MoMLSimpleApplication@588319b7
reloadAllAccessors: .Accumulator3

===========================================================================================
----------------- testing Sun Jul 19 20:58:33 UTC 2020 /home/travis/build/icyphy/ptII/ptolemy/actor/lib/test/auto/ArrayAppend.xml
----------------- Instantiating /home/travis/build/icyphy/ptII/ptolemy/actor/lib/test/auto/ArrayAppend.xml
6 ms. Memory: 259072K Free: 165376K (64%)
----------------- Invoking toplevel() on ptolemy.moml.MoMLSimpleApplication@479ef306
----------------- Done invoking toplevel() on ptolemy.moml.MoMLSimpleApplication@479ef306
reloadAllAccessors: .ArrayAppend

===========================================================================================
----------------- testing Sun Jul 19 20:58:33 UTC 2020 /home/travis/build/icyphy/ptII/ptolemy/actor/lib/test/auto/ArrayAppend2.xml
----------------- Instantiating /home/travis/build/icyphy/ptII/ptolemy/actor/lib/test/auto/ArrayAppend2.xml
429 ms. Memory: 259072K Free: 82432K (32%)
----------------- Invoking toplevel() on ptolemy.moml.MoMLSimpleApplication@17c086f6
----------------- Done invoking toplevel() on ptolemy.moml.MoMLSimpleApplication@17c086f6
reloadAllAccessors: .ArrayAppend2

===========================================================================================
----------------- testing Sun Jul 19 20:58:33 UTC 2020 /home/travis/build/icyphy/ptII/ptolemy/actor/lib/test/auto/ArrayAppend3.xml
----------------- Instantiating /home/travis/build/icyphy/ptII/ptolemy/actor/lib/test/auto/ArrayAppend3.xml
6 ms. Memory: 259072K Free: 77312K (30%)
----------------- Invoking toplevel() on ptolemy.moml.MoMLSimpleApplication@7c313b50
----------------- Done invoking toplevel() on ptolemy.moml.MoMLSimpleApplication@7c313b50
reloadAllAccessors: .ArrayAppend3

===========================================================================================
----------------- testing Sun Jul 19 20:58:33 UTC 2020 /home/travis/build/icyphy/ptII/ptolemy/actor/lib/test/auto/ArrayAppend4.xml
----------------- Instantiating /home/travis/build/icyphy/ptII/ptolemy/actor/lib/test/auto/ArrayAppend4.xml
2 ms. Memory: 259072K Free: 206135K (80%)
----------------- Invoking toplevel() on ptolemy.moml.MoMLSimpleApplication@783a6f73
----------------- Done invoking toplevel() on ptolemy.moml.MoMLSimpleApplication@783a6f73
reloadAllAccessors: .ArrayAppend4

===========================================================================================
----------------- testing Sun Jul 19 20:58:33 UTC 2020 /home/travis/build/icyphy/ptII/ptolemy/actor/lib/test/auto/ArrayAppend5.xml
----------------- Instantiating /home/travis/build/icyphy/ptII/ptolemy/actor/lib/test/auto/ArrayAppend5.xml
2 ms. Memory: 259072K Free: 201015K (78%)
----------------- Invoking toplevel() on ptolemy.moml.MoMLSimpleApplication@53b44af5
----------------- Done invoking toplevel() on ptolemy.moml.MoMLSimpleApplication@53b44af5
reloadAllAccessors: .ArrayAppend5

===========================================================================================
----------------- testing Sun Jul 19 20:58:33 UTC 2020 /home/travis/build/icyphy/ptII/ptolemy/actor/lib/test/auto/ArrayAppend6.xml
----------------- Instantiating /home/travis/build/icyphy/ptII/ptolemy/actor/lib/test/auto/ArrayAppend6.xml
2 ms. Memory: 259072K Free: 196405K (76%)
----------------- Invoking toplevel() on ptolemy.moml.MoMLSimpleApplication@1a2f57ee
----------------- Done invoking toplevel() on ptolemy.moml.MoMLSimpleApplication@1a2f57ee
reloadAllAccessors: .ArrayAppend6

===========================================================================================
----------------- testing Sun Jul 19 20:58:33 UTC 2020 /home/travis/build/icyphy/ptII/ptolemy/actor/lib/test/auto/ArrayAppendPerformanceTest.xml
----------------- Instantiating /home/travis/build/icyphy/ptII/ptolemy/actor/lib/test/auto/ArrayAppendPerformanceTest.xml
32 ms. Memory: 259072K Free: 184631K (71%)
----------------- Invoking toplevel() on ptolemy.moml.MoMLSimpleApplication@1db8c0ae
----------------- Done invoking toplevel() on ptolemy.moml.MoMLSimpleApplication@1db8c0ae
reloadAllAccessors: .ArrayAppendPerformanceTest

===========================================================================================
----------------- testing Sun Jul 19 20:58:33 UTC 2020 /home/travis/build/icyphy/ptII/ptolemy/actor/lib/test/auto/ArrayAppendWithEmptyInput.xml
----------------- Instantiating /home/travis/build/icyphy/ptII/ptolemy/actor/lib/test/auto/ArrayAppendWithEmptyInput.xml
13 ms. Memory: 259072K Free: 176949K (68%)
----------------- Invoking toplevel() on ptolemy.moml.MoMLSimpleApplication@76749131
----------------- Done invoking toplevel() on ptolemy.moml.MoMLSimpleApplication@76749131
reloadAllAccessors: .ArrayAppendWithEmptyInput

===========================================================================================
----------------- testing Sun Jul 19 20:58:33 UTC 2020 /home/travis/build/icyphy/ptII/ptolemy/actor/lib/test/auto/ArrayAverage.xml
----------------- Instantiating /home/travis/build/icyphy/ptII/ptolemy/actor/lib/test/auto/ArrayAverage.xml
4 ms. Memory: 259072K Free: 168757K (65%)
----------------- Invoking toplevel() on ptolemy.moml.MoMLSimpleApplication@1e5d1629
----------------- Done invoking toplevel() on ptolemy.moml.MoMLSimpleApplication@1e5d1629
reloadAllAccessors: .ArrayAverage

===========================================================================================
----------------- testing Sun Jul 19 20:58:34 UTC 2020 /home/travis/build/icyphy/ptII/ptolemy/actor/lib/test/auto/ArrayContains.xml
----------------- Instantiating /home/travis/build/icyphy/ptII/ptolemy/actor/lib/test/auto/ArrayContains.xml
3 ms. Memory: 259072K Free: 163127K (63%)
----------------- Invoking toplevel() on ptolemy.moml.MoMLSimpleApplication@50c66f1e
----------------- Done invoking toplevel() on ptolemy.moml.MoMLSimpleApplication@50c66f1e
reloadAllAccessors: .ArrayContains

===========================================================================================
----------------- testing Sun Jul 19 20:58:34 UTC 2020 /home/travis/build/icyphy/ptII/ptolemy/actor/lib/test/auto/ArrayElement.xml
----------------- Instantiating /home/travis/build/icyphy/ptII/ptolemy/actor/lib/test/auto/ArrayElement.xml
4 ms. Memory: 259072K Free: 156983K (61%)
----------------- Invoking toplevel() on ptolemy.moml.MoMLSimpleApplication@7040c2ba
----------------- Done invoking toplevel() on ptolemy.moml.MoMLSimpleApplication@7040c2ba
reloadAllAccessors: .ArrayElement

===========================================================================================
----------------- testing Sun Jul 19 20:58:34 UTC 2020 /home/travis/build/icyphy/ptII/ptolemy/actor/lib/test/auto/ArrayElementAsMatrix.xml
----------------- Instantiating /home/travis/build/icyphy/ptII/ptolemy/actor/lib/test/auto/ArrayElementAsMatrix.xml
23 ms. Memory: 259072K Free: 147253K (57%)
----------------- Invoking toplevel() on ptolemy.moml.MoMLSimpleApplication@717c192d
----------------- Done invoking toplevel() on ptolemy.moml.MoMLSimpleApplication@717c192d
reloadAllAccessors: .ArrayElementAsMatrix

===========================================================================================
----------------- testing Sun Jul 19 20:58:34 UTC 2020 /home/travis/build/icyphy/ptII/ptolemy/actor/lib/test/auto/ArrayElementI.xml
----------------- Instantiating /home/travis/build/icyphy/ptII/ptolemy/actor/lib/test/auto/ArrayElementI.xml
4 ms. Memory: 259072K Free: 141623K (55%)
----------------- Invoking toplevel() on ptolemy.moml.MoMLSimpleApplication@7f30c486
----------------- Done invoking toplevel() on ptolemy.moml.MoMLSimpleApplication@7f30c486
reloadAllAccessors: .ArrayElementI

===========================================================================================
----------------- testing Sun Jul 19 20:58:34 UTC 2020 /home/travis/build/icyphy/ptII/ptolemy/actor/lib/test/auto/ArrayExtract.xml
----------------- Instantiating /home/travis/build/icyphy/ptII/ptolemy/actor/lib/test/auto/ArrayExtract.xml
4 ms. Memory: 259072K Free: 133431K (52%)
----------------- Invoking toplevel() on ptolemy.moml.MoMLSimpleApplication@2388ba2c
----------------- Done invoking toplevel() on ptolemy.moml.MoMLSimpleApplication@2388ba2c
reloadAllAccessors: .ArrayExtract

===========================================================================================
----------------- testing Sun Jul 19 20:58:34 UTC 2020 /home/travis/build/icyphy/ptII/ptolemy/actor/lib/test/auto/ArrayExtract2.xml
----------------- Instantiating /home/travis/build/icyphy/ptII/ptolemy/actor/lib/test/auto/ArrayExtract2.xml
2 ms. Memory: 259072K Free: 127767K (49%)
----------------- Invoking toplevel() on ptolemy.moml.MoMLSimpleApplication@1426fe15
----------------- Done invoking toplevel() on ptolemy.moml.MoMLSimpleApplication@1426fe15
reloadAllAccessors: .ArrayExtract2

===========================================================================================
----------------- testing Sun Jul 19 20:58:34 UTC 2020 /home/travis/build/icyphy/ptII/ptolemy/actor/lib/test/auto/ArrayLength.xml
----------------- Instantiating /home/travis/build/icyphy/ptII/ptolemy/actor/lib/test/auto/ArrayLength.xml
1 ms. Memory: 259072K Free: 124215K (48%)
----------------- Invoking toplevel() on ptolemy.moml.MoMLSimpleApplication@2ae90594
----------------- Done invoking toplevel() on ptolemy.moml.MoMLSimpleApplication@2ae90594
reloadAllAccessors: .ArrayLength

===========================================================================================
----------------- testing Sun Jul 19 20:58:34 UTC 2020 /home/travis/build/icyphy/ptII/ptolemy/actor/lib/test/auto/ArrayLevelCrossing.xml
----------------- Instantiating /home/travis/build/icyphy/ptII/ptolemy/actor/lib/test/auto/ArrayLevelCrossing.xml
3 ms. Memory: 259072K Free: 116533K (45%)
----------------- Invoking toplevel() on ptolemy.moml.MoMLSimpleApplication@5a403b89
----------------- Done invoking toplevel() on ptolemy.moml.MoMLSimpleApplication@5a403b89
reloadAllAccessors: .ArrayLevelCrossing

===========================================================================================
----------------- testing Sun Jul 19 20:58:34 UTC 2020 /home/travis/build/icyphy/ptII/ptolemy/actor/lib/test/auto/ArrayLevelCrossing2.xml
----------------- Instantiating /home/travis/build/icyphy/ptII/ptolemy/actor/lib/test/auto/ArrayLevelCrossing2.xml
2 ms. Memory: 259072K Free: 108855K (42%)
----------------- Invoking toplevel() on ptolemy.moml.MoMLSimpleApplication@68a78768
----------------- Done invoking toplevel() on ptolemy.moml.MoMLSimpleApplication@68a78768
reloadAllAccessors: .ArrayLevelCrossing2

===========================================================================================
----------------- testing Sun Jul 19 20:58:34 UTC 2020 /home/travis/build/icyphy/ptII/ptolemy/actor/lib/test/auto/ArrayPeakSearch.xml
----------------- Instantiating /home/travis/build/icyphy/ptII/ptolemy/actor/lib/test/auto/ArrayPeakSearch.xml
5 ms. Memory: 259072K Free: 100149K (39%)
----------------- Invoking toplevel() on ptolemy.moml.MoMLSimpleApplication@19e631ef
----------------- Done invoking toplevel() on ptolemy.moml.MoMLSimpleApplication@19e631ef
reloadAllAccessors: .ArrayPeakSearch

===========================================================================================
----------------- testing Sun Jul 19 20:58:34 UTC 2020 /home/travis/build/icyphy/ptII/ptolemy/actor/lib/test/auto/ArrayPeakSearch2.xml
----------------- Instantiating /home/travis/build/icyphy/ptII/ptolemy/actor/lib/test/auto/ArrayPeakSearch2.xml
5 ms. Memory: 259072K Free: 89399K (35%)
----------------- Invoking toplevel() on ptolemy.moml.MoMLSimpleApplication@61b59cce
----------------- Done invoking toplevel() on ptolemy.moml.MoMLSimpleApplication@61b59cce
reloadAllAccessors: .ArrayPeakSearch2

===========================================================================================
----------------- testing Sun Jul 19 20:58:34 UTC 2020 /home/travis/build/icyphy/ptII/ptolemy/actor/lib/test/auto/ArrayPeakSearch3.xml
----------------- Instantiating /home/travis/build/icyphy/ptII/ptolemy/actor/lib/test/auto/ArrayPeakSearch3.xml
4 ms. Memory: 259072K Free: 80693K (31%)
----------------- Invoking toplevel() on ptolemy.moml.MoMLSimpleApplication@f6c02eb
----------------- Done invoking toplevel() on ptolemy.moml.MoMLSimpleApplication@f6c02eb
reloadAllAccessors: .ArrayPeakSearch3

===========================================================================================
----------------- testing Sun Jul 19 20:58:34 UTC 2020 /home/travis/build/icyphy/ptII/ptolemy/actor/lib/test/auto/ArrayRemoveElement.xml
----------------- Instantiating /home/travis/build/icyphy/ptII/ptolemy/actor/lib/test/auto/ArrayRemoveElement.xml
3 ms. Memory: 259072K Free: 72501K (28%)
----------------- Invoking toplevel() on ptolemy.moml.MoMLSimpleApplication@654325f3
----------------- Done invoking toplevel() on ptolemy.moml.MoMLSimpleApplication@654325f3
reloadAllAccessors: .ArrayRemoveElement

===========================================================================================
----------------- testing Sun Jul 19 20:58:34 UTC 2020 /home/travis/build/icyphy/ptII/ptolemy/actor/lib/test/auto/ArraySort.xml
----------------- Instantiating /home/travis/build/icyphy/ptII/ptolemy/actor/lib/test/auto/ArraySort.xml
6 ms. Memory: 259072K Free: 63799K (25%)
----------------- Invoking toplevel() on ptolemy.moml.MoMLSimpleApplication@f6a5d0a
----------------- Done invoking toplevel() on ptolemy.moml.MoMLSimpleApplication@f6a5d0a
reloadAllAccessors: .ArraySort

===========================================================================================
----------------- testing Sun Jul 19 20:58:34 UTC 2020 /home/travis/build/icyphy/ptII/ptolemy/actor/lib/test/auto/ArraySum.xml
----------------- Instantiating /home/travis/build/icyphy/ptII/ptolemy/actor/lib/test/auto/ArraySum.xml
4 ms. Memory: 259072K Free: 205247K (79%)
----------------- Invoking toplevel() on ptolemy.moml.MoMLSimpleApplication@3940c9ec
----------------- Done invoking toplevel() on ptolemy.moml.MoMLSimpleApplication@3940c9ec
reloadAllAccessors: .ArraySum

===========================================================================================
----------------- testing Sun Jul 19 20:58:34 UTC 2020 /home/travis/build/icyphy/ptII/ptolemy/actor/lib/test/auto/ArrayToElements.xml
----------------- Instantiating /home/travis/build/icyphy/ptII/ptolemy/actor/lib/test/auto/ArrayToElements.xml
6 ms. Memory: 259072K Free: 200127K (77%)
----------------- Invoking toplevel() on ptolemy.moml.MoMLSimpleApplication@3b056689
----------------- Done invoking toplevel() on ptolemy.moml.MoMLSimpleApplication@3b056689
reloadAllAccessors: .ArrayToElements

===========================================================================================
----------------- testing Sun Jul 19 20:58:34 UTC 2020 /home/travis/build/icyphy/ptII/ptolemy/actor/lib/test/auto/ArrayToMatrix.xml
----------------- Instantiating /home/travis/build/icyphy/ptII/ptolemy/actor/lib/test/auto/ArrayToMatrix.xml
10 ms. Memory: 259072K Free: 185791K (72%)
----------------- Invoking toplevel() on ptolemy.moml.MoMLSimpleApplication@44000707
----------------- Done invoking toplevel() on ptolemy.moml.MoMLSimpleApplication@44000707
reloadAllAccessors: .ArrayToMatrix

===========================================================================================
----------------- testing Sun Jul 19 20:58:34 UTC 2020 /home/travis/build/icyphy/ptII/ptolemy/actor/lib/test/auto/ArrayUpdate1.xml
----------------- Instantiating /home/travis/build/icyphy/ptII/ptolemy/actor/lib/test/auto/ArrayUpdate1.xml
5 ms. Memory: 259072K Free: 181185K (70%)
----------------- Invoking toplevel() on ptolemy.moml.MoMLSimpleApplication@5ad8e40d
----------------- Done invoking toplevel() on ptolemy.moml.MoMLSimpleApplication@5ad8e40d
reloadAllAccessors: .ArrayUpdate1

===========================================================================================
----------------- testing Sun Jul 19 20:58:34 UTC 2020 /home/travis/build/icyphy/ptII/ptolemy/actor/lib/test/auto/ArrayUpdate2.xml
----------------- Instantiating /home/travis/build/icyphy/ptII/ptolemy/actor/lib/test/auto/ArrayUpdate2.xml
6 ms. Memory: 259072K Free: 175041K (68%)
----------------- Invoking toplevel() on ptolemy.moml.MoMLSimpleApplication@66395b02
----------------- Done invoking toplevel() on ptolemy.moml.MoMLSimpleApplication@66395b02
reloadAllAccessors: .ArrayUpdate2

===========================================================================================
----------------- testing Sun Jul 19 20:58:34 UTC 2020 /home/travis/build/icyphy/ptII/ptolemy/actor/lib/test/auto/ArrayUpdate3.xml
----------------- Instantiating /home/travis/build/icyphy/ptII/ptolemy/actor/lib/test/auto/ArrayUpdate3.xml
3 ms. Memory: 259072K Free: 170431K (66%)
----------------- Invoking toplevel() on ptolemy.moml.MoMLSimpleApplication@3668c226
----------------- Done invoking toplevel() on ptolemy.moml.MoMLSimpleApplication@3668c226
reloadAllAccessors: .ArrayUpdate3

===========================================================================================
----------------- testing Sun Jul 19 20:58:34 UTC 2020 /home/travis/build/icyphy/ptII/ptolemy/actor/lib/test/auto/Assert1.xml
----------------- Instantiating /home/travis/build/icyphy/ptII/ptolemy/actor/lib/test/auto/Assert1.xml
4 ms. Memory: 259072K Free: 165825K (64%)
----------------- Invoking toplevel() on ptolemy.moml.MoMLSimpleApplication@49b0978e
----------------- Done invoking toplevel() on ptolemy.moml.MoMLSimpleApplication@49b0978e
reloadAllAccessors: .Assert1

===========================================================================================
----------------- testing Sun Jul 19 20:58:34 UTC 2020 /home/travis/build/icyphy/ptII/ptolemy/actor/lib/test/auto/Assert2.xml
----------------- Instantiating /home/travis/build/icyphy/ptII/ptolemy/actor/lib/test/auto/Assert2.xml
2 ms. Memory: 259072K Free: 161215K (62%)
----------------- Invoking toplevel() on ptolemy.moml.MoMLSimpleApplication@5a3a462d
----------------- Done invoking toplevel() on ptolemy.moml.MoMLSimpleApplication@5a3a462d
reloadAllAccessors: .Assert2

===========================================================================================
----------------- testing Sun Jul 19 20:58:34 UTC 2020 /home/travis/build/icyphy/ptII/ptolemy/actor/lib/test/auto/BooleanMultiplexor.xml
----------------- Instantiating /home/travis/build/icyphy/ptII/ptolemy/actor/lib/test/auto/BooleanMultiplexor.xml
2 ms. Memory: 259072K Free: 155057K (60%)
----------------- Invoking toplevel() on ptolemy.moml.MoMLSimpleApplication@69f01da8
----------------- Done invoking toplevel() on ptolemy.moml.MoMLSimpleApplication@69f01da8
reloadAllAccessors: .BooleanMultiplexor

===========================================================================================
----------------- testing Sun Jul 19 20:58:34 UTC 2020 /home/travis/build/icyphy/ptII/ptolemy/actor/lib/test/auto/BooleanMultiplexor2.xml
----------------- Instantiating /home/travis/build/icyphy/ptII/ptolemy/actor/lib/test/auto/BooleanMultiplexor2.xml
10 ms. Memory: 259072K Free: 148927K (57%)
----------------- Invoking toplevel() on ptolemy.moml.MoMLSimpleApplication@5cf763b7
----------------- Done invoking toplevel() on ptolemy.moml.MoMLSimpleApplication@5cf763b7
reloadAllAccessors: .BooleanMultiplexor2

===========================================================================================
----------------- testing Sun Jul 19 20:58:34 UTC 2020 /home/travis/build/icyphy/ptII/ptolemy/actor/lib/test/auto/BooleanMultiplexor3.xml
----------------- Instantiating /home/travis/build/icyphy/ptII/ptolemy/actor/lib/test/auto/BooleanMultiplexor3.xml
3 ms. Memory: 259072K Free: 144831K (56%)
----------------- Invoking toplevel() on ptolemy.moml.MoMLSimpleApplication@4e78421b
----------------- Done invoking toplevel() on ptolemy.moml.MoMLSimpleApplication@4e78421b
reloadAllAccessors: .BooleanMultiplexor3

===========================================================================================
----------------- testing Sun Jul 19 20:58:34 UTC 2020 /home/travis/build/icyphy/ptII/ptolemy/actor/lib/test/auto/BooleanSelect.xml
----------------- Instantiating /home/travis/build/icyphy/ptII/ptolemy/actor/lib/test/auto/BooleanSelect.xml
8 ms. Memory: 259072K Free: 139201K (54%)
----------------- Invoking toplevel() on ptolemy.moml.MoMLSimpleApplication@2e6488ea
----------------- Done invoking toplevel() on ptolemy.moml.MoMLSimpleApplication@2e6488ea
reloadAllAccessors: .BooleanSelect

===========================================================================================
----------------- testing Sun Jul 19 20:58:34 UTC 2020 /home/travis/build/icyphy/ptII/ptolemy/actor/lib/test/auto/BooleanSelect2.xml
----------------- Instantiating /home/travis/build/icyphy/ptII/ptolemy/actor/lib/test/auto/BooleanSelect2.xml
1 ms. Memory: 259072K Free: 134591K (52%)
----------------- Invoking toplevel() on ptolemy.moml.MoMLSimpleApplication@480c4f89
----------------- Done invoking toplevel() on ptolemy.moml.MoMLSimpleApplication@480c4f89
reloadAllAccessors: .BooleanSelect2

===========================================================================================
----------------- testing Sun Jul 19 20:58:34 UTC 2020 /home/travis/build/icyphy/ptII/ptolemy/actor/lib/test/auto/BooleanSwitch.xml
----------------- Instantiating /home/travis/build/icyphy/ptII/ptolemy/actor/lib/test/auto/BooleanSwitch.xml
5 ms. Memory: 259072K Free: 128447K (50%)
----------------- Invoking toplevel() on ptolemy.moml.MoMLSimpleApplication@73c54e85
----------------- Done invoking toplevel() on ptolemy.moml.MoMLSimpleApplication@73c54e85
reloadAllAccessors: .BooleanSwitch

===========================================================================================
----------------- testing Sun Jul 19 20:58:34 UTC 2020 /home/travis/build/icyphy/ptII/ptolemy/actor/lib/test/auto/BooleanSwitch2.xml
----------------- Instantiating /home/travis/build/icyphy/ptII/ptolemy/actor/lib/test/auto/BooleanSwitch2.xml
1 ms. Memory: 259072K Free: 123841K (48%)
----------------- Invoking toplevel() on ptolemy.moml.MoMLSimpleApplication@60a5a618
----------------- Done invoking toplevel() on ptolemy.moml.MoMLSimpleApplication@60a5a618
reloadAllAccessors: .BooleanSwitch2

===========================================================================================
----------------- testing Sun Jul 19 20:58:34 UTC 2020 /home/travis/build/icyphy/ptII/ptolemy/actor/lib/test/auto/BooleanSwitchCloningBugWithClassRelationGroup.xml
----------------- Instantiating /home/travis/build/icyphy/ptII/ptolemy/actor/lib/test/auto/BooleanSwitchCloningBugWithClassRelationGroup.xml
3 ms. Memory: 259072K Free: 117697K (45%)
----------------- Invoking toplevel() on ptolemy.moml.MoMLSimpleApplication@6fe9e677
----------------- Done invoking toplevel() on ptolemy.moml.MoMLSimpleApplication@6fe9e677
reloadAllAccessors: .BooleanSwitchCloningBugWithClassRelationGroup

===========================================================================================
----------------- testing Sun Jul 19 20:58:34 UTC 2020 /home/travis/build/icyphy/ptII/ptolemy/actor/lib/test/auto/BusActors.xml
----------------- Instantiating /home/travis/build/icyphy/ptII/ptolemy/actor/lib/test/auto/BusActors.xml
5 ms. Memory: 259072K Free: 109505K (42%)
----------------- Invoking toplevel() on ptolemy.moml.MoMLSimpleApplication@6a7d18b4
----------------- Done invoking toplevel() on ptolemy.moml.MoMLSimpleApplication@6a7d18b4
reloadAllAccessors: .BusActors

===========================================================================================
----------------- testing Sun Jul 19 20:58:34 UTC 2020 /home/travis/build/icyphy/ptII/ptolemy/actor/lib/test/auto/ClassWrapper.xml
----------------- Instantiating /home/travis/build/icyphy/ptII/ptolemy/actor/lib/test/auto/ClassWrapper.xml
3 ms. Memory: 259072K Free: 105409K (41%)
----------------- Invoking toplevel() on ptolemy.moml.MoMLSimpleApplication@68ff3e37
----------------- Done invoking toplevel() on ptolemy.moml.MoMLSimpleApplication@68ff3e37
reloadAllAccessors: .ClassWrapper

===========================================================================================
----------------- testing Sun Jul 19 20:58:34 UTC 2020 /home/travis/build/icyphy/ptII/ptolemy/actor/lib/test/auto/Clock.xml
----------------- Instantiating /home/travis/build/icyphy/ptII/ptolemy/actor/lib/test/auto/Clock.xml
3 ms. Memory: 259072K Free: 101313K (39%)
----------------- Invoking toplevel() on ptolemy.moml.MoMLSimpleApplication@7e3696b4
----------------- Done invoking toplevel() on ptolemy.moml.MoMLSimpleApplication@7e3696b4
reloadAllAccessors: .Clock

===========================================================================================
----------------- testing Sun Jul 19 20:58:35 UTC 2020 /home/travis/build/icyphy/ptII/ptolemy/actor/lib/test/auto/Clock10.xml
----------------- Instantiating /home/travis/build/icyphy/ptII/ptolemy/actor/lib/test/auto/Clock10.xml
4 ms. Memory: 259072K Free: 95679K (37%)
----------------- Invoking toplevel() on ptolemy.moml.MoMLSimpleApplication@17198936
----------------- Done invoking toplevel() on ptolemy.moml.MoMLSimpleApplication@17198936
reloadAllAccessors: .Clock10

===========================================================================================
----------------- testing Sun Jul 19 20:58:35 UTC 2020 /home/travis/build/icyphy/ptII/ptolemy/actor/lib/test/auto/Clock11.xml
----------------- Instantiating /home/travis/build/icyphy/ptII/ptolemy/actor/lib/test/auto/Clock11.xml
5 ms. Memory: 259072K Free: 89535K (35%)
----------------- Invoking toplevel() on ptolemy.moml.MoMLSimpleApplication@34897182
----------------- Done invoking toplevel() on ptolemy.moml.MoMLSimpleApplication@34897182
reloadAllAccessors: .Clock11

===========================================================================================
----------------- testing Sun Jul 19 20:58:35 UTC 2020 /home/travis/build/icyphy/ptII/ptolemy/actor/lib/test/auto/Clock12.xml
----------------- Instantiating /home/travis/build/icyphy/ptII/ptolemy/actor/lib/test/auto/Clock12.xml
4 ms. Memory: 259072K Free: 83391K (32%)
----------------- Invoking toplevel() on ptolemy.moml.MoMLSimpleApplication@57eba054
----------------- Done invoking toplevel() on ptolemy.moml.MoMLSimpleApplication@57eba054
reloadAllAccessors: .Clock12

===========================================================================================
----------------- testing Sun Jul 19 20:58:35 UTC 2020 /home/travis/build/icyphy/ptII/ptolemy/actor/lib/test/auto/Clock13.xml
----------------- Instantiating /home/travis/build/icyphy/ptII/ptolemy/actor/lib/test/auto/Clock13.xml
4 ms. Memory: 259072K Free: 77761K (30%)
----------------- Invoking toplevel() on ptolemy.moml.MoMLSimpleApplication@c3c9c51
----------------- Done invoking toplevel() on ptolemy.moml.MoMLSimpleApplication@c3c9c51
reloadAllAccessors: .Clock13

===========================================================================================
----------------- testing Sun Jul 19 20:58:35 UTC 2020 /home/travis/build/icyphy/ptII/ptolemy/actor/lib/test/auto/Clock14.xml
----------------- Instantiating /home/travis/build/icyphy/ptII/ptolemy/actor/lib/test/auto/Clock14.xml
3 ms. Memory: 259072K Free: 71617K (28%)
----------------- Invoking toplevel() on ptolemy.moml.MoMLSimpleApplication@caf48e8
----------------- Done invoking toplevel() on ptolemy.moml.MoMLSimpleApplication@caf48e8
reloadAllAccessors: .Clock14

===========================================================================================
----------------- testing Sun Jul 19 20:58:35 UTC 2020 /home/travis/build/icyphy/ptII/ptolemy/actor/lib/test/auto/Clock15.xml
----------------- Instantiating /home/travis/build/icyphy/ptII/ptolemy/actor/lib/test/auto/Clock15.xml
2 ms. Memory: 259072K Free: 65977K (25%)
----------------- Invoking toplevel() on ptolemy.moml.MoMLSimpleApplication@12fd3dd1
----------------- Done invoking toplevel() on ptolemy.moml.MoMLSimpleApplication@12fd3dd1
reloadAllAccessors: .Clock15

===========================================================================================
----------------- testing Sun Jul 19 20:58:35 UTC 2020 /home/travis/build/icyphy/ptII/ptolemy/actor/lib/test/auto/Clock16.xml
----------------- Instantiating /home/travis/build/icyphy/ptII/ptolemy/actor/lib/test/auto/Clock16.xml
26 ms. Memory: 259072K Free: 203840K (79%)
----------------- Invoking toplevel() on ptolemy.moml.MoMLSimpleApplication@54980166
----------------- Done invoking toplevel() on ptolemy.moml.MoMLSimpleApplication@54980166
reloadAllAccessors: .Clock16

===========================================================================================
----------------- testing Sun Jul 19 20:58:35 UTC 2020 /home/travis/build/icyphy/ptII/ptolemy/actor/lib/test/auto/Clock17.xml
----------------- Instantiating /home/travis/build/icyphy/ptII/ptolemy/actor/lib/test/auto/Clock17.xml
15 ms. Memory: 259072K Free: 189504K (73%)
----------------- Invoking toplevel() on ptolemy.moml.MoMLSimpleApplication@7bb7a1a7
----------------- Done invoking toplevel() on ptolemy.moml.MoMLSimpleApplication@7bb7a1a7
reloadAllAccessors: .Clock17

===========================================================================================
----------------- testing Sun Jul 19 20:58:35 UTC 2020 /home/travis/build/icyphy/ptII/ptolemy/actor/lib/test/auto/Clock18.xml
----------------- Instantiating /home/travis/build/icyphy/ptII/ptolemy/actor/lib/test/auto/Clock18.xml
13 ms. Memory: 259072K Free: 176192K (68%)
----------------- Invoking toplevel() on ptolemy.moml.MoMLSimpleApplication@372e80be
----------------- Done invoking toplevel() on ptolemy.moml.MoMLSimpleApplication@372e80be
reloadAllAccessors: .Clock18

===========================================================================================
----------------- testing Sun Jul 19 20:58:35 UTC 2020 /home/travis/build/icyphy/ptII/ptolemy/actor/lib/test/auto/Clock19.xml
----------------- Instantiating /home/travis/build/icyphy/ptII/ptolemy/actor/lib/test/auto/Clock19.xml
9 ms. Memory: 259072K Free: 162880K (63%)
----------------- Invoking toplevel() on ptolemy.moml.MoMLSimpleApplication@6160416d
----------------- Done invoking toplevel() on ptolemy.moml.MoMLSimpleApplication@6160416d
reloadAllAccessors: .Clock19

===========================================================================================
----------------- testing Sun Jul 19 20:58:35 UTC 2020 /home/travis/build/icyphy/ptII/ptolemy/actor/lib/test/auto/Clock2.xml
----------------- Instantiating /home/travis/build/icyphy/ptII/ptolemy/actor/lib/test/auto/Clock2.xml
2 ms. Memory: 259072K Free: 157760K (61%)
----------------- Invoking toplevel() on ptolemy.moml.MoMLSimpleApplication@11128c63
----------------- Done invoking toplevel() on ptolemy.moml.MoMLSimpleApplication@11128c63
reloadAllAccessors: .Clock2

===========================================================================================
----------------- testing Sun Jul 19 20:58:35 UTC 2020 /home/travis/build/icyphy/ptII/ptolemy/actor/lib/test/auto/Clock20.xml
----------------- Instantiating /home/travis/build/icyphy/ptII/ptolemy/actor/lib/test/auto/Clock20.xml
4 ms. Memory: 259072K Free: 152640K (59%)
----------------- Invoking toplevel() on ptolemy.moml.MoMLSimpleApplication@f36f344
----------------- Done invoking toplevel() on ptolemy.moml.MoMLSimpleApplication@f36f344
reloadAllAccessors: .Clock20

===========================================================================================
----------------- testing Sun Jul 19 20:58:35 UTC 2020 /home/travis/build/icyphy/ptII/ptolemy/actor/lib/test/auto/Clock21.xml
----------------- Instantiating /home/travis/build/icyphy/ptII/ptolemy/actor/lib/test/auto/Clock21.xml
6 ms. Memory: 259072K Free: 147006K (57%)
----------------- Invoking toplevel() on ptolemy.moml.MoMLSimpleApplication@2b97b6f4
----------------- Done invoking toplevel() on ptolemy.moml.MoMLSimpleApplication@2b97b6f4
reloadAllAccessors: .Clock21

===========================================================================================
----------------- testing Sun Jul 19 20:58:35 UTC 2020 /home/travis/build/icyphy/ptII/ptolemy/actor/lib/test/auto/Clock22.xml
----------------- Instantiating /home/travis/build/icyphy/ptII/ptolemy/actor/lib/test/auto/Clock22.xml
2 ms. Memory: 259072K Free: 141886K (55%)
----------------- Invoking toplevel() on ptolemy.moml.MoMLSimpleApplication@284ce57b
----------------- Done invoking toplevel() on ptolemy.moml.MoMLSimpleApplication@284ce57b
reloadAllAccessors: .Clock22

===========================================================================================
----------------- testing Sun Jul 19 20:58:35 UTC 2020 /home/travis/build/icyphy/ptII/ptolemy/actor/lib/test/auto/Clock23.xml
----------------- Instantiating /home/travis/build/icyphy/ptII/ptolemy/actor/lib/test/auto/Clock23.xml
5 ms. Memory: 259072K Free: 136256K (53%)
----------------- Invoking toplevel() on ptolemy.moml.MoMLSimpleApplication@5ed2813b
----------------- Done invoking toplevel() on ptolemy.moml.MoMLSimpleApplication@5ed2813b
reloadAllAccessors: .Clock23

===========================================================================================
----------------- testing Sun Jul 19 20:58:35 UTC 2020 /home/travis/build/icyphy/ptII/ptolemy/actor/lib/test/auto/Clock24.xml
----------------- Instantiating /home/travis/build/icyphy/ptII/ptolemy/actor/lib/test/auto/Clock24.xml
2 ms. Memory: 259072K Free: 130622K (50%)
----------------- Invoking toplevel() on ptolemy.moml.MoMLSimpleApplication@83f59b8
----------------- Done invoking toplevel() on ptolemy.moml.MoMLSimpleApplication@83f59b8
reloadAllAccessors: .Clock24

===========================================================================================
----------------- testing Sun Jul 19 20:58:35 UTC 2020 /home/travis/build/icyphy/ptII/ptolemy/actor/lib/test/auto/Clock4.xml
----------------- Instantiating /home/travis/build/icyphy/ptII/ptolemy/actor/lib/test/auto/Clock4.xml
1 ms. Memory: 259072K Free: 126016K (49%)
----------------- Invoking toplevel() on ptolemy.moml.MoMLSimpleApplication@4c230a21
----------------- Done invoking toplevel() on ptolemy.moml.MoMLSimpleApplication@4c230a21
reloadAllAccessors: .Clock4

===========================================================================================
----------------- testing Sun Jul 19 20:58:35 UTC 2020 /home/travis/build/icyphy/ptII/ptolemy/actor/lib/test/auto/Clock5.xml
----------------- Instantiating /home/travis/build/icyphy/ptII/ptolemy/actor/lib/test/auto/Clock5.xml
1 ms. Memory: 259072K Free: 120376K (46%)
----------------- Invoking toplevel() on ptolemy.moml.MoMLSimpleApplication@7ad20c06
----------------- Done invoking toplevel() on ptolemy.moml.MoMLSimpleApplication@7ad20c06
reloadAllAccessors: .Clock5

===========================================================================================
----------------- testing Sun Jul 19 20:58:35 UTC 2020 /home/travis/build/icyphy/ptII/ptolemy/actor/lib/test/auto/Clock6.xml
----------------- Instantiating /home/travis/build/icyphy/ptII/ptolemy/actor/lib/test/auto/Clock6.xml
1 ms. Memory: 259072K Free: 116256K (45%)
----------------- Invoking toplevel() on ptolemy.moml.MoMLSimpleApplication@541cfe93
----------------- Done invoking toplevel() on ptolemy.moml.MoMLSimpleApplication@541cfe93
reloadAllAccessors: .Clock6

===========================================================================================
----------------- testing Sun Jul 19 20:58:35 UTC 2020 /home/travis/build/icyphy/ptII/ptolemy/actor/lib/test/auto/Clock7.xml
----------------- Instantiating /home/travis/build/icyphy/ptII/ptolemy/actor/lib/test/auto/Clock7.xml
2 ms. Memory: 259072K Free: 111166K (43%)
----------------- Invoking toplevel() on ptolemy.moml.MoMLSimpleApplication@6d4da806
----------------- Done invoking toplevel() on ptolemy.moml.MoMLSimpleApplication@6d4da806
reloadAllAccessors: .Clock7

===========================================================================================
----------------- testing Sun Jul 19 20:58:35 UTC 2020 /home/travis/build/icyphy/ptII/ptolemy/actor/lib/test/auto/Clock8.xml
----------------- Instantiating /home/travis/build/icyphy/ptII/ptolemy/actor/lib/test/auto/Clock8.xml
4 ms. Memory: 259072K Free: 105536K (41%)
----------------- Invoking toplevel() on ptolemy.moml.MoMLSimpleApplication@51133478
----------------- Done invoking toplevel() on ptolemy.moml.MoMLSimpleApplication@51133478
reloadAllAccessors: .Clock8

===========================================================================================
----------------- testing Sun Jul 19 20:58:35 UTC 2020 /home/travis/build/icyphy/ptII/ptolemy/actor/lib/test/auto/Clock9.xml
----------------- Instantiating /home/travis/build/icyphy/ptII/ptolemy/actor/lib/test/auto/Clock9.xml
4 ms. Memory: 259072K Free: 100416K (39%)
----------------- Invoking toplevel() on ptolemy.moml.MoMLSimpleApplication@7715bc63
----------------- Done invoking toplevel() on ptolemy.moml.MoMLSimpleApplication@7715bc63
reloadAllAccessors: .Clock9

===========================================================================================
----------------- testing Sun Jul 19 20:58:35 UTC 2020 /home/travis/build/icyphy/ptII/ptolemy/actor/lib/test/auto/CommDistDiscard.xml
----------------- Instantiating /home/travis/build/icyphy/ptII/ptolemy/actor/lib/test/auto/CommDistDiscard.xml
4 ms. Memory: 259072K Free: 94779K (37%)
----------------- Invoking toplevel() on ptolemy.moml.MoMLSimpleApplication@511c19d9
----------------- Done invoking toplevel() on ptolemy.moml.MoMLSimpleApplication@511c19d9
reloadAllAccessors: .CommDistDiscard

===========================================================================================
----------------- testing Sun Jul 19 20:58:35 UTC 2020 /home/travis/build/icyphy/ptII/ptolemy/actor/lib/test/auto/Commutator.xml
----------------- Instantiating /home/travis/build/icyphy/ptII/ptolemy/actor/lib/test/auto/Commutator.xml
1 ms. Memory: 259072K Free: 90686K (35%)
----------------- Invoking toplevel() on ptolemy.moml.MoMLSimpleApplication@7e31a192
----------------- Done invoking toplevel() on ptolemy.moml.MoMLSimpleApplication@7e31a192
reloadAllAccessors: .Commutator

===========================================================================================
----------------- testing Sun Jul 19 20:58:35 UTC 2020 /home/travis/build/icyphy/ptII/ptolemy/actor/lib/test/auto/Commutator2.xml
----------------- Instantiating /home/travis/build/icyphy/ptII/ptolemy/actor/lib/test/auto/Commutator2.xml
2 ms. Memory: 259072K Free: 86080K (33%)
----------------- Invoking toplevel() on ptolemy.moml.MoMLSimpleApplication@7e14eb84
----------------- Done invoking toplevel() on ptolemy.moml.MoMLSimpleApplication@7e14eb84
reloadAllAccessors: .Commutator2

===========================================================================================
----------------- testing Sun Jul 19 20:58:35 UTC 2020 /home/travis/build/icyphy/ptII/ptolemy/actor/lib/test/auto/Commutator3.xml
----------------- Instantiating /home/travis/build/icyphy/ptII/ptolemy/actor/lib/test/auto/Commutator3.xml
1 ms. Memory: 259072K Free: 81470K (31%)
----------------- Invoking toplevel() on ptolemy.moml.MoMLSimpleApplication@34a69c79
----------------- Done invoking toplevel() on ptolemy.moml.MoMLSimpleApplication@34a69c79
reloadAllAccessors: .Commutator3

===========================================================================================
----------------- testing Sun Jul 19 20:58:35 UTC 2020 /home/travis/build/icyphy/ptII/ptolemy/actor/lib/test/auto/Compare.xml
----------------- Instantiating /home/travis/build/icyphy/ptII/ptolemy/actor/lib/test/auto/Compare.xml
6 ms. Memory: 259072K Free: 75326K (29%)
----------------- Invoking toplevel() on ptolemy.moml.MoMLSimpleApplication@288aea68
----------------- Done invoking toplevel() on ptolemy.moml.MoMLSimpleApplication@288aea68
reloadAllAccessors: .Compare

===========================================================================================
----------------- testing Sun Jul 19 20:58:35 UTC 2020 /home/travis/build/icyphy/ptII/ptolemy/actor/lib/test/auto/CompareDE.xml
----------------- Instantiating /home/travis/build/icyphy/ptII/ptolemy/actor/lib/test/auto/CompareDE.xml
4 ms. Memory: 259072K Free: 68144K (26%)
----------------- Invoking toplevel() on ptolemy.moml.MoMLSimpleApplication@6cc77472
----------------- Done invoking toplevel() on ptolemy.moml.MoMLSimpleApplication@6cc77472
reloadAllAccessors: .CompareDE

===========================================================================================
----------------- testing Sun Jul 19 20:58:35 UTC 2020 /home/travis/build/icyphy/ptII/ptolemy/actor/lib/test/auto/ComplexDivide.xml
----------------- Instantiating /home/travis/build/icyphy/ptII/ptolemy/actor/lib/test/auto/ComplexDivide.xml
1 ms. Memory: 259072K Free: 64576K (25%)
----------------- Invoking toplevel() on ptolemy.moml.MoMLSimpleApplication@2c1fdaea
----------------- Done invoking toplevel() on ptolemy.moml.MoMLSimpleApplication@2c1fdaea
reloadAllAccessors: .ComplexDivide

===========================================================================================
----------------- testing Sun Jul 19 20:58:35 UTC 2020 /home/travis/build/icyphy/ptII/ptolemy/actor/lib/test/auto/ComputeHistogram.xml
----------------- Instantiating /home/travis/build/icyphy/ptII/ptolemy/actor/lib/test/auto/ComputeHistogram.xml
32 ms. Memory: 259072K Free: 204099K (79%)
----------------- Invoking toplevel() on ptolemy.moml.MoMLSimpleApplication@497935e0
----------------- Done invoking toplevel() on ptolemy.moml.MoMLSimpleApplication@497935e0
reloadAllAccessors: .ComputeHistogram

===========================================================================================
----------------- testing Sun Jul 19 20:58:35 UTC 2020 /home/travis/build/icyphy/ptII/ptolemy/actor/lib/test/auto/ConfigurationSelect.xml
----------------- Instantiating /home/travis/build/icyphy/ptII/ptolemy/actor/lib/test/auto/ConfigurationSelect.xml
5 ms. Memory: 259072K Free: 198469K (77%)
----------------- Invoking toplevel() on ptolemy.moml.MoMLSimpleApplication@37ecbdbc
----------------- Done invoking toplevel() on ptolemy.moml.MoMLSimpleApplication@37ecbdbc
reloadAllAccessors: .ConfigurationSelect

===========================================================================================
----------------- testing Sun Jul 19 20:58:35 UTC 2020 /home/travis/build/icyphy/ptII/ptolemy/actor/lib/test/auto/ConfigurationSelect2.xml
----------------- Instantiating /home/travis/build/icyphy/ptII/ptolemy/actor/lib/test/auto/ConfigurationSelect2.xml
2 ms. Memory: 259072K Free: 193859K (75%)
----------------- Invoking toplevel() on ptolemy.moml.MoMLSimpleApplication@7f08620d
----------------- Done invoking toplevel() on ptolemy.moml.MoMLSimpleApplication@7f08620d
reloadAllAccessors: .ConfigurationSelect2

===========================================================================================
----------------- testing Sun Jul 19 20:58:35 UTC 2020 /home/travis/build/icyphy/ptII/ptolemy/actor/lib/test/auto/ConfigurationSwitch.xml
----------------- Instantiating /home/travis/build/icyphy/ptII/ptolemy/actor/lib/test/auto/ConfigurationSwitch.xml
15 ms. Memory: 259072K Free: 188739K (73%)
----------------- Invoking toplevel() on ptolemy.moml.MoMLSimpleApplication@2aedc4c6
----------------- Done invoking toplevel() on ptolemy.moml.MoMLSimpleApplication@2aedc4c6
reloadAllAccessors: .ConfigurationSwitch

===========================================================================================
----------------- testing Sun Jul 19 20:58:35 UTC 2020 /home/travis/build/icyphy/ptII/ptolemy/actor/lib/test/auto/ConfigurationSwitch2.xml
----------------- Instantiating /home/travis/build/icyphy/ptII/ptolemy/actor/lib/test/auto/ConfigurationSwitch2.xml
7 ms. Memory: 259072K Free: 183109K (71%)
----------------- Invoking toplevel() on ptolemy.moml.MoMLSimpleApplication@12119ea2
----------------- Done invoking toplevel() on ptolemy.moml.MoMLSimpleApplication@12119ea2
reloadAllAccessors: .ConfigurationSwitch2

===========================================================================================
----------------- testing Sun Jul 19 20:58:35 UTC 2020 /home/travis/build/icyphy/ptII/ptolemy/actor/lib/test/auto/ConfigurationSwitchCloningBugWithClassRelationGroup.xml
----------------- Instantiating /home/travis/build/icyphy/ptII/ptolemy/actor/lib/test/auto/ConfigurationSwitchCloningBugWithClassRelationGroup.xml
1 ms. Memory: 259072K Free: 176451K (68%)
----------------- Invoking toplevel() on ptolemy.moml.MoMLSimpleApplication@21689f3b
----------------- Done invoking toplevel() on ptolemy.moml.MoMLSimpleApplication@21689f3b
reloadAllAccessors: .ConfigurationSwitchCloningBugWithClassRelationGroup

===========================================================================================
----------------- testing Sun Jul 19 20:58:35 UTC 2020 /home/travis/build/icyphy/ptII/ptolemy/actor/lib/test/auto/ConfigurationSwitchSelectSDF.xml
----------------- Instantiating /home/travis/build/icyphy/ptII/ptolemy/actor/lib/test/auto/ConfigurationSwitchSelectSDF.xml
2 ms. Memory: 259072K Free: 170821K (66%)
----------------- Invoking toplevel() on ptolemy.moml.MoMLSimpleApplication@79f102b6
----------------- Done invoking toplevel() on ptolemy.moml.MoMLSimpleApplication@79f102b6
reloadAllAccessors: .ConfigurationSwitchSelectSDF

===========================================================================================
----------------- testing Sun Jul 19 20:58:35 UTC 2020 /home/travis/build/icyphy/ptII/ptolemy/actor/lib/test/auto/ConfigurationSwitchSelectSDF2.xml
----------------- Instantiating /home/travis/build/icyphy/ptII/ptolemy/actor/lib/test/auto/ConfigurationSwitchSelectSDF2.xml
2 ms. Memory: 259072K Free: 165187K (64%)
----------------- Invoking toplevel() on ptolemy.moml.MoMLSimpleApplication@32f57815
----------------- Done invoking toplevel() on ptolemy.moml.MoMLSimpleApplication@32f57815
reloadAllAccessors: .ConfigurationSwitchSelectSDF2

===========================================================================================
----------------- testing Sun Jul 19 20:58:35 UTC 2020 /home/travis/build/icyphy/ptII/ptolemy/actor/lib/test/auto/Const.xml
----------------- Instantiating /home/travis/build/icyphy/ptII/ptolemy/actor/lib/test/auto/Const.xml
1 ms. Memory: 259072K Free: 161605K (62%)
----------------- Invoking toplevel() on ptolemy.moml.MoMLSimpleApplication@3334ee3c
----------------- Done invoking toplevel() on ptolemy.moml.MoMLSimpleApplication@3334ee3c
reloadAllAccessors: .Const

===========================================================================================
----------------- testing Sun Jul 19 20:58:35 UTC 2020 /home/travis/build/icyphy/ptII/ptolemy/actor/lib/test/auto/Const2.xml
----------------- Instantiating /home/travis/build/icyphy/ptII/ptolemy/actor/lib/test/auto/Const2.xml
1 ms. Memory: 259072K Free: 158019K (61%)
----------------- Invoking toplevel() on ptolemy.moml.MoMLSimpleApplication@1bfdc949
----------------- Done invoking toplevel() on ptolemy.moml.MoMLSimpleApplication@1bfdc949
reloadAllAccessors: .Const2

===========================================================================================
----------------- testing Sun Jul 19 20:58:35 UTC 2020 /home/travis/build/icyphy/ptII/ptolemy/actor/lib/test/auto/Const3.xml
----------------- Instantiating /home/travis/build/icyphy/ptII/ptolemy/actor/lib/test/auto/Const3.xml
1 ms. Memory: 259072K Free: 154947K (60%)
----------------- Invoking toplevel() on ptolemy.moml.MoMLSimpleApplication@2932fe5e
----------------- Done invoking toplevel() on ptolemy.moml.MoMLSimpleApplication@2932fe5e
reloadAllAccessors: .Const3

===========================================================================================
----------------- testing Sun Jul 19 20:58:35 UTC 2020 /home/travis/build/icyphy/ptII/ptolemy/actor/lib/test/auto/ConstantPublisherPort1.xml
----------------- Instantiating /home/travis/build/icyphy/ptII/ptolemy/actor/lib/test/auto/ConstantPublisherPort1.xml
5 ms. Memory: 259072K Free: 146755K (57%)
----------------- Invoking toplevel() on ptolemy.moml.MoMLSimpleApplication@17b08cb0
----------------- Done invoking toplevel() on ptolemy.moml.MoMLSimpleApplication@17b08cb0
reloadAllAccessors: .ConstantPublisherPort1

===========================================================================================
----------------- testing Sun Jul 19 20:58:35 UTC 2020 /home/travis/build/icyphy/ptII/ptolemy/actor/lib/test/auto/ConstantPublisherPort2.xml
----------------- Instantiating /home/travis/build/icyphy/ptII/ptolemy/actor/lib/test/auto/ConstantPublisherPort2.xml
10 ms. Memory: 259072K Free: 139077K (54%)
----------------- Invoking toplevel() on ptolemy.moml.MoMLSimpleApplication@2f35b53a
----------------- Done invoking toplevel() on ptolemy.moml.MoMLSimpleApplication@2f35b53a
reloadAllAccessors: .ConstantPublisherPort2

===========================================================================================
----------------- testing Sun Jul 19 20:58:35 UTC 2020 /home/travis/build/icyphy/ptII/ptolemy/actor/lib/test/auto/ConstantPublisherPort3.xml
----------------- Instantiating /home/travis/build/icyphy/ptII/ptolemy/actor/lib/test/auto/ConstantPublisherPort3.xml
5 ms. Memory: 259072K Free: 131395K (51%)
----------------- Invoking toplevel() on ptolemy.moml.MoMLSimpleApplication@45f72762
----------------- Done invoking toplevel() on ptolemy.moml.MoMLSimpleApplication@45f72762
reloadAllAccessors: .ConstantPublisherPort3

===========================================================================================
----------------- testing Sun Jul 19 20:58:36 UTC 2020 /home/travis/build/icyphy/ptII/ptolemy/actor/lib/test/auto/ConstantPublisherPort4.xml
----------------- Instantiating /home/travis/build/icyphy/ptII/ptolemy/actor/lib/test/auto/ConstantPublisherPort4.xml
3 ms. Memory: 259072K Free: 124741K (48%)
----------------- Invoking toplevel() on ptolemy.moml.MoMLSimpleApplication@65c2ad9
----------------- Done invoking toplevel() on ptolemy.moml.MoMLSimpleApplication@65c2ad9
reloadAllAccessors: .ConstantPublisherPort4

===========================================================================================
----------------- testing Sun Jul 19 20:58:36 UTC 2020 /home/travis/build/icyphy/ptII/ptolemy/actor/lib/test/auto/ConstantPublisherPort5.xml
----------------- Instantiating /home/travis/build/icyphy/ptII/ptolemy/actor/lib/test/auto/ConstantPublisherPort5.xml
24 ms. Memory: 259072K Free: 115011K (44%)
----------------- Invoking toplevel() on ptolemy.moml.MoMLSimpleApplication@23f5565c
----------------- Done invoking toplevel() on ptolemy.moml.MoMLSimpleApplication@23f5565c
reloadAllAccessors: .ConstantPublisherPort5

===========================================================================================
----------------- testing Sun Jul 19 20:58:36 UTC 2020 /home/travis/build/icyphy/ptII/ptolemy/actor/lib/test/auto/ConstantPublisherPort6.xml
----------------- Instantiating /home/travis/build/icyphy/ptII/ptolemy/actor/lib/test/auto/ConstantPublisherPort6.xml
15 ms. Memory: 259072K Free: 105795K (41%)
----------------- Invoking toplevel() on ptolemy.moml.MoMLSimpleApplication@8cb152f
----------------- Done invoking toplevel() on ptolemy.moml.MoMLSimpleApplication@8cb152f
reloadAllAccessors: .ConstantPublisherPort6

===========================================================================================
----------------- testing Sun Jul 19 20:58:36 UTC 2020 /home/travis/build/icyphy/ptII/ptolemy/actor/lib/test/auto/ConstantPublisherPort7.xml
----------------- Instantiating /home/travis/build/icyphy/ptII/ptolemy/actor/lib/test/auto/ConstantPublisherPort7.xml
15 ms. Memory: 259072K Free: 96579K (37%)
----------------- Invoking toplevel() on ptolemy.moml.MoMLSimpleApplication@b09e259
----------------- Done invoking toplevel() on ptolemy.moml.MoMLSimpleApplication@b09e259
reloadAllAccessors: .ConstantPublisherPort7

===========================================================================================
----------------- testing Sun Jul 19 20:58:36 UTC 2020 /home/travis/build/icyphy/ptII/ptolemy/actor/lib/test/auto/ConstraintMonitor1.xml
----------------- Instantiating /home/travis/build/icyphy/ptII/ptolemy/actor/lib/test/auto/ConstraintMonitor1.xml
5 ms. Memory: 259072K Free: 91459K (35%)
----------------- Invoking toplevel() on ptolemy.moml.MoMLSimpleApplication@249abe80
----------------- Done invoking toplevel() on ptolemy.moml.MoMLSimpleApplication@249abe80
reloadAllAccessors: .ConstraintMonitor1

===========================================================================================
----------------- testing Sun Jul 19 20:58:36 UTC 2020 /home/travis/build/icyphy/ptII/ptolemy/actor/lib/test/auto/ConstraintMonitor2.xml
----------------- Instantiating /home/travis/build/icyphy/ptII/ptolemy/actor/lib/test/auto/ConstraintMonitor2.xml
2 ms. Memory: 259072K Free: 86853K (34%)
----------------- Invoking toplevel() on ptolemy.moml.MoMLSimpleApplication@78db5296
----------------- Done invoking toplevel() on ptolemy.moml.MoMLSimpleApplication@78db5296
reloadAllAccessors: .ConstraintMonitor2

===========================================================================================
----------------- testing Sun Jul 19 20:58:36 UTC 2020 /home/travis/build/icyphy/ptII/ptolemy/actor/lib/test/auto/ConstraintMonitor3.xml
----------------- Instantiating /home/travis/build/icyphy/ptII/ptolemy/actor/lib/test/auto/ConstraintMonitor3.xml
4 ms. Memory: 259072K Free: 82757K (32%)
----------------- Invoking toplevel() on ptolemy.moml.MoMLSimpleApplication@2c1aac67
----------------- Done invoking toplevel() on ptolemy.moml.MoMLSimpleApplication@2c1aac67
reloadAllAccessors: .ConstraintMonitor3

===========================================================================================
----------------- testing Sun Jul 19 20:58:36 UTC 2020 /home/travis/build/icyphy/ptII/ptolemy/actor/lib/test/auto/ConstraintMonitor4.xml
----------------- Instantiating /home/travis/build/icyphy/ptII/ptolemy/actor/lib/test/auto/ConstraintMonitor4.xml
3 ms. Memory: 259072K Free: 77637K (30%)
----------------- Invoking toplevel() on ptolemy.moml.MoMLSimpleApplication@9230cc7
----------------- Done invoking toplevel() on ptolemy.moml.MoMLSimpleApplication@9230cc7
reloadAllAccessors: .ConstraintMonitor4

===========================================================================================
----------------- testing Sun Jul 19 20:58:36 UTC 2020 /home/travis/build/icyphy/ptII/ptolemy/actor/lib/test/auto/ConstraintMonitor5.xml
----------------- Instantiating /home/travis/build/icyphy/ptII/ptolemy/actor/lib/test/auto/ConstraintMonitor5.xml
3 ms. Memory: 259072K Free: 72003K (28%)
----------------- Invoking toplevel() on ptolemy.moml.MoMLSimpleApplication@1a13b73
----------------- Done invoking toplevel() on ptolemy.moml.MoMLSimpleApplication@1a13b73
reloadAllAccessors: .ConstraintMonitor5

===========================================================================================
----------------- testing Sun Jul 19 20:58:36 UTC 2020 /home/travis/build/icyphy/ptII/ptolemy/actor/lib/test/auto/ConstraintMonitor6.xml
----------------- Instantiating /home/travis/build/icyphy/ptII/ptolemy/actor/lib/test/auto/ConstraintMonitor6.xml
9 ms. Memory: 259072K Free: 66373K (26%)
----------------- Invoking toplevel() on ptolemy.moml.MoMLSimpleApplication@34461908
----------------- Done invoking toplevel() on ptolemy.moml.MoMLSimpleApplication@34461908
reloadAllAccessors: .ConstraintMonitor6

===========================================================================================
----------------- testing Sun Jul 19 20:58:36 UTC 2020 /home/travis/build/icyphy/ptII/ptolemy/actor/lib/test/auto/ConstraintMonitor7.xml
----------------- Instantiating /home/travis/build/icyphy/ptII/ptolemy/actor/lib/test/auto/ConstraintMonitor7.xml
5 ms. Memory: 259072K Free: 59701K (23%)
----------------- Invoking toplevel() on ptolemy.moml.MoMLSimpleApplication@21b7ea8b
----------------- Done invoking toplevel() on ptolemy.moml.MoMLSimpleApplication@21b7ea8b
reloadAllAccessors: .ConstraintMonitor7

===========================================================================================
----------------- testing Sun Jul 19 20:58:36 UTC 2020 /home/travis/build/icyphy/ptII/ptolemy/actor/lib/test/auto/ConstraintMonitor8.xml
----------------- Instantiating /home/travis/build/icyphy/ptII/ptolemy/actor/lib/test/auto/ConstraintMonitor8.xml
6 ms. Memory: 454656K Free: 400183K (88%)
----------------- Invoking toplevel() on ptolemy.moml.MoMLSimpleApplication@6e141b8f
----------------- Done invoking toplevel() on ptolemy.moml.MoMLSimpleApplication@6e141b8f
reloadAllAccessors: .ConstraintMonitor8

===========================================================================================
----------------- testing Sun Jul 19 20:58:36 UTC 2020 /home/travis/build/icyphy/ptII/ptolemy/actor/lib/test/auto/Counter.xml
----------------- Instantiating /home/travis/build/icyphy/ptII/ptolemy/actor/lib/test/auto/Counter.xml
3 ms. Memory: 454656K Free: 394549K (87%)
----------------- Invoking toplevel() on ptolemy.moml.MoMLSimpleApplication@301ae922
----------------- Done invoking toplevel() on ptolemy.moml.MoMLSimpleApplication@301ae922
reloadAllAccessors: .Counter

===========================================================================================
----------------- testing Sun Jul 19 20:58:36 UTC 2020 /home/travis/build/icyphy/ptII/ptolemy/actor/lib/test/auto/CurrentTimeSDF.xml
----------------- Instantiating /home/travis/build/icyphy/ptII/ptolemy/actor/lib/test/auto/CurrentTimeSDF.xml
2 ms. Memory: 454656K Free: 390453K (86%)
----------------- Invoking toplevel() on ptolemy.moml.MoMLSimpleApplication@379796b4
----------------- Done invoking toplevel() on ptolemy.moml.MoMLSimpleApplication@379796b4
reloadAllAccessors: .CurrentTimeSDF

===========================================================================================
----------------- testing Sun Jul 19 20:58:36 UTC 2020 /home/travis/build/icyphy/ptII/ptolemy/actor/lib/test/auto/DB.xml
----------------- Instantiating /home/travis/build/icyphy/ptII/ptolemy/actor/lib/test/auto/DB.xml
2 ms. Memory: 454656K Free: 385333K (85%)
----------------- Invoking toplevel() on ptolemy.moml.MoMLSimpleApplication@6d98810b
----------------- Done invoking toplevel() on ptolemy.moml.MoMLSimpleApplication@6d98810b
reloadAllAccessors: .DB

===========================================================================================
----------------- testing Sun Jul 19 20:58:36 UTC 2020 /home/travis/build/icyphy/ptII/ptolemy/actor/lib/test/auto/DBDE.xml
----------------- Instantiating /home/travis/build/icyphy/ptII/ptolemy/actor/lib/test/auto/DBDE.xml
2 ms. Memory: 454656K Free: 379703K (84%)
----------------- Invoking toplevel() on ptolemy.moml.MoMLSimpleApplication@34322045
----------------- Done invoking toplevel() on ptolemy.moml.MoMLSimpleApplication@34322045
reloadAllAccessors: .DBDE

===========================================================================================
----------------- testing Sun Jul 19 20:58:36 UTC 2020 /home/travis/build/icyphy/ptII/ptolemy/actor/lib/test/auto/DateConstructor.xml
----------------- Instantiating /home/travis/build/icyphy/ptII/ptolemy/actor/lib/test/auto/DateConstructor.xml
27 ms. Memory: 454656K Free: 361781K (80%)
----------------- Invoking toplevel() on ptolemy.moml.MoMLSimpleApplication@7b0038a8
----------------- Done invoking toplevel() on ptolemy.moml.MoMLSimpleApplication@7b0038a8
reloadAllAccessors: .DateConstructor

===========================================================================================
----------------- testing Sun Jul 19 20:58:36 UTC 2020 /home/travis/build/icyphy/ptII/ptolemy/actor/lib/test/auto/DelayTime.xml
----------------- Instantiating /home/travis/build/icyphy/ptII/ptolemy/actor/lib/test/auto/DelayTime.xml
5 ms. Memory: 454656K Free: 356661K (78%)
----------------- Invoking toplevel() on ptolemy.moml.MoMLSimpleApplication@1dd9dd73
----------------- Done invoking toplevel() on ptolemy.moml.MoMLSimpleApplication@1dd9dd73
reloadAllAccessors: .DelayTime

===========================================================================================
----------------- testing Sun Jul 19 20:58:36 UTC 2020 /home/travis/build/icyphy/ptII/ptolemy/actor/lib/test/auto/Dictionary1.xml
----------------- Instantiating /home/travis/build/icyphy/ptII/ptolemy/actor/lib/test/auto/Dictionary1.xml
1 ms. Memory: 454656K Free: 351541K (77%)
----------------- Invoking toplevel() on ptolemy.moml.MoMLSimpleApplication@77b7a4e1
----------------- Done invoking toplevel() on ptolemy.moml.MoMLSimpleApplication@77b7a4e1
reloadAllAccessors: .Dictionary1

===========================================================================================
----------------- testing Sun Jul 19 20:58:36 UTC 2020 /home/travis/build/icyphy/ptII/ptolemy/actor/lib/test/auto/Dictionary2.xml
----------------- Instantiating /home/travis/build/icyphy/ptII/ptolemy/actor/lib/test/auto/Dictionary2.xml
4 ms. Memory: 454656K Free: 345911K (76%)
----------------- Invoking toplevel() on ptolemy.moml.MoMLSimpleApplication@1a88f13
----------------- Done invoking toplevel() on ptolemy.moml.MoMLSimpleApplication@1a88f13
reloadAllAccessors: .Dictionary2

===========================================================================================
----------------- testing Sun Jul 19 20:58:36 UTC 2020 /home/travis/build/icyphy/ptII/ptolemy/actor/lib/test/auto/Dictionary3.xml
----------------- Instantiating /home/travis/build/icyphy/ptII/ptolemy/actor/lib/test/auto/Dictionary3.xml
1 ms. Memory: 454656K Free: 340277K (75%)
----------------- Invoking toplevel() on ptolemy.moml.MoMLSimpleApplication@25eaa5f
----------------- Done invoking toplevel() on ptolemy.moml.MoMLSimpleApplication@25eaa5f
reloadAllAccessors: .Dictionary3

===========================================================================================
----------------- testing Sun Jul 19 20:58:36 UTC 2020 /home/travis/build/icyphy/ptII/ptolemy/actor/lib/test/auto/Dictionary4.xml
----------------- Instantiating /home/travis/build/icyphy/ptII/ptolemy/actor/lib/test/auto/Dictionary4.xml
4 ms. Memory: 454656K Free: 333623K (73%)
----------------- Invoking toplevel() on ptolemy.moml.MoMLSimpleApplication@618de35d
----------------- Done invoking toplevel() on ptolemy.moml.MoMLSimpleApplication@618de35d
reloadAllAccessors: .Dictionary4

===========================================================================================
----------------- testing Sun Jul 19 20:58:36 UTC 2020 /home/travis/build/icyphy/ptII/ptolemy/actor/lib/test/auto/Differential.xml
----------------- Instantiating /home/travis/build/icyphy/ptII/ptolemy/actor/lib/test/auto/Differential.xml
3 ms. Memory: 454656K Free: 329013K (72%)
----------------- Invoking toplevel() on ptolemy.moml.MoMLSimpleApplication@6f3bd3d2
----------------- Done invoking toplevel() on ptolemy.moml.MoMLSimpleApplication@6f3bd3d2
reloadAllAccessors: .Differential

===========================================================================================
----------------- testing Sun Jul 19 20:58:36 UTC 2020 /home/travis/build/icyphy/ptII/ptolemy/actor/lib/test/auto/Director.xml
----------------- Instantiating /home/travis/build/icyphy/ptII/ptolemy/actor/lib/test/auto/Director.xml
3 ms. Memory: 454656K Free: 325431K (72%)
----------------- Invoking toplevel() on ptolemy.moml.MoMLSimpleApplication@618724a6
----------------- Done invoking toplevel() on ptolemy.moml.MoMLSimpleApplication@618724a6
reloadAllAccessors: .Director

===========================================================================================
----------------- testing Sun Jul 19 20:58:36 UTC 2020 /home/travis/build/icyphy/ptII/ptolemy/actor/lib/test/auto/DiscreteClock.xml
----------------- Instantiating /home/travis/build/icyphy/ptII/ptolemy/actor/lib/test/auto/DiscreteClock.xml
1 ms. Memory: 454656K Free: 321335K (71%)
----------------- Invoking toplevel() on ptolemy.moml.MoMLSimpleApplication@b13a1f4
----------------- Done invoking toplevel() on ptolemy.moml.MoMLSimpleApplication@b13a1f4
reloadAllAccessors: .DiscreteClock

===========================================================================================
----------------- testing Sun Jul 19 20:58:36 UTC 2020 /home/travis/build/icyphy/ptII/ptolemy/actor/lib/test/auto/DiscreteClock10.xml
----------------- Instantiating /home/travis/build/icyphy/ptII/ptolemy/actor/lib/test/auto/DiscreteClock10.xml
2 ms. Memory: 454656K Free: 315701K (69%)
----------------- Invoking toplevel() on ptolemy.moml.MoMLSimpleApplication@3d51c9c4
----------------- Done invoking toplevel() on ptolemy.moml.MoMLSimpleApplication@3d51c9c4
reloadAllAccessors: .DiscreteClock10

===========================================================================================
----------------- testing Sun Jul 19 20:58:36 UTC 2020 /home/travis/build/icyphy/ptII/ptolemy/actor/lib/test/auto/DiscreteClock11.xml
----------------- Instantiating /home/travis/build/icyphy/ptII/ptolemy/actor/lib/test/auto/DiscreteClock11.xml
2 ms. Memory: 454656K Free: 309557K (68%)
----------------- Invoking toplevel() on ptolemy.moml.MoMLSimpleApplication@16dd6c16
----------------- Done invoking toplevel() on ptolemy.moml.MoMLSimpleApplication@16dd6c16
reloadAllAccessors: .DiscreteClock11

===========================================================================================
----------------- testing Sun Jul 19 20:58:36 UTC 2020 /home/travis/build/icyphy/ptII/ptolemy/actor/lib/test/auto/DiscreteClock12.xml
----------------- Instantiating /home/travis/build/icyphy/ptII/ptolemy/actor/lib/test/auto/DiscreteClock12.xml
2 ms. Memory: 454656K Free: 303413K (67%)
----------------- Invoking toplevel() on ptolemy.moml.MoMLSimpleApplication@848e9aa
----------------- Done invoking toplevel() on ptolemy.moml.MoMLSimpleApplication@848e9aa
reloadAllAccessors: .DiscreteClock12

===========================================================================================
----------------- testing Sun Jul 19 20:58:36 UTC 2020 /home/travis/build/icyphy/ptII/ptolemy/actor/lib/test/auto/DiscreteClock13.xml
----------------- Instantiating /home/travis/build/icyphy/ptII/ptolemy/actor/lib/test/auto/DiscreteClock13.xml
5 ms. Memory: 454656K Free: 297263K (65%)
----------------- Invoking toplevel() on ptolemy.moml.MoMLSimpleApplication@21847ac2
----------------- Done invoking toplevel() on ptolemy.moml.MoMLSimpleApplication@21847ac2
reloadAllAccessors: .DiscreteClock13

===========================================================================================
----------------- testing Sun Jul 19 20:58:36 UTC 2020 /home/travis/build/icyphy/ptII/ptolemy/actor/lib/test/auto/DiscreteClock14.xml
----------------- Instantiating /home/travis/build/icyphy/ptII/ptolemy/actor/lib/test/auto/DiscreteClock14.xml
5 ms. Memory: 454656K Free: 291639K (64%)
----------------- Invoking toplevel() on ptolemy.moml.MoMLSimpleApplication@5661d50
----------------- Done invoking toplevel() on ptolemy.moml.MoMLSimpleApplication@5661d50
reloadAllAccessors: .DiscreteClock14

===========================================================================================
----------------- testing Sun Jul 19 20:58:36 UTC 2020 /home/travis/build/icyphy/ptII/ptolemy/actor/lib/test/auto/DiscreteClock15.xml
----------------- Instantiating /home/travis/build/icyphy/ptII/ptolemy/actor/lib/test/auto/DiscreteClock15.xml
4 ms. Memory: 454656K Free: 285495K (63%)
----------------- Invoking toplevel() on ptolemy.moml.MoMLSimpleApplication@1a3e4142
----------------- Done invoking toplevel() on ptolemy.moml.MoMLSimpleApplication@1a3e4142
reloadAllAccessors: .DiscreteClock15

===========================================================================================
----------------- testing Sun Jul 19 20:58:36 UTC 2020 /home/travis/build/icyphy/ptII/ptolemy/actor/lib/test/auto/DiscreteClock16.xml
----------------- Instantiating /home/travis/build/icyphy/ptII/ptolemy/actor/lib/test/auto/DiscreteClock16.xml
16 ms. Memory: 454656K Free: 271655K (60%)
----------------- Invoking toplevel() on ptolemy.moml.MoMLSimpleApplication@6e6d31d8
----------------- Done invoking toplevel() on ptolemy.moml.MoMLSimpleApplication@6e6d31d8
reloadAllAccessors: .DiscreteClock16

===========================================================================================
----------------- testing Sun Jul 19 20:58:36 UTC 2020 /home/travis/build/icyphy/ptII/ptolemy/actor/lib/test/auto/DiscreteClock17.xml
----------------- Instantiating /home/travis/build/icyphy/ptII/ptolemy/actor/lib/test/auto/DiscreteClock17.xml
17 ms. Memory: 454656K Free: 256823K (56%)
----------------- Invoking toplevel() on ptolemy.moml.MoMLSimpleApplication@6c093fc7
----------------- Done invoking toplevel() on ptolemy.moml.MoMLSimpleApplication@6c093fc7
reloadAllAccessors: .DiscreteClock17

===========================================================================================
----------------- testing Sun Jul 19 20:58:36 UTC 2020 /home/travis/build/icyphy/ptII/ptolemy/actor/lib/test/auto/DiscreteClock18.xml
----------------- Instantiating /home/travis/build/icyphy/ptII/ptolemy/actor/lib/test/auto/DiscreteClock18.xml
19 ms. Memory: 454656K Free: 243511K (54%)
----------------- Invoking toplevel() on ptolemy.moml.MoMLSimpleApplication@6b6f9250
----------------- Done invoking toplevel() on ptolemy.moml.MoMLSimpleApplication@6b6f9250
reloadAllAccessors: .DiscreteClock18

===========================================================================================
----------------- testing Sun Jul 19 20:58:36 UTC 2020 /home/travis/build/icyphy/ptII/ptolemy/actor/lib/test/auto/DiscreteClock19.xml
----------------- Instantiating /home/travis/build/icyphy/ptII/ptolemy/actor/lib/test/auto/DiscreteClock19.xml
19 ms. Memory: 454656K Free: 229685K (51%)
----------------- Invoking toplevel() on ptolemy.moml.MoMLSimpleApplication@4d2cec8
----------------- Done invoking toplevel() on ptolemy.moml.MoMLSimpleApplication@4d2cec8
reloadAllAccessors: .DiscreteClock19

===========================================================================================
----------------- testing Sun Jul 19 20:58:36 UTC 2020 /home/travis/build/icyphy/ptII/ptolemy/actor/lib/test/auto/DiscreteClock2.xml
----------------- Instantiating /home/travis/build/icyphy/ptII/ptolemy/actor/lib/test/auto/DiscreteClock2.xml
4 ms. Memory: 454656K Free: 224559K (49%)
----------------- Invoking toplevel() on ptolemy.moml.MoMLSimpleApplication@28ba633a
----------------- Done invoking toplevel() on ptolemy.moml.MoMLSimpleApplication@28ba633a
reloadAllAccessors: .DiscreteClock2

===========================================================================================
----------------- testing Sun Jul 19 20:58:37 UTC 2020 /home/travis/build/icyphy/ptII/ptolemy/actor/lib/test/auto/DiscreteClock20.xml
----------------- Instantiating /home/travis/build/icyphy/ptII/ptolemy/actor/lib/test/auto/DiscreteClock20.xml
8 ms. Memory: 454656K Free: 218935K (48%)
----------------- Invoking toplevel() on ptolemy.moml.MoMLSimpleApplication@41091b42
----------------- Done invoking toplevel() on ptolemy.moml.MoMLSimpleApplication@41091b42
reloadAllAccessors: .DiscreteClock20

===========================================================================================
----------------- testing Sun Jul 19 20:58:37 UTC 2020 /home/travis/build/icyphy/ptII/ptolemy/actor/lib/test/auto/DiscreteClock21.xml
----------------- Instantiating /home/travis/build/icyphy/ptII/ptolemy/actor/lib/test/auto/DiscreteClock21.xml
4 ms. Memory: 454656K Free: 213815K (47%)
----------------- Invoking toplevel() on ptolemy.moml.MoMLSimpleApplication@3cd9b7dc
----------------- Done invoking toplevel() on ptolemy.moml.MoMLSimpleApplication@3cd9b7dc
reloadAllAccessors: .DiscreteClock21

===========================================================================================
----------------- testing Sun Jul 19 20:58:37 UTC 2020 /home/travis/build/icyphy/ptII/ptolemy/actor/lib/test/auto/DiscreteClock22.xml
----------------- Instantiating /home/travis/build/icyphy/ptII/ptolemy/actor/lib/test/auto/DiscreteClock22.xml
3 ms. Memory: 454656K Free: 208181K (46%)
----------------- Invoking toplevel() on ptolemy.moml.MoMLSimpleApplication@6ab76048
----------------- Done invoking toplevel() on ptolemy.moml.MoMLSimpleApplication@6ab76048
reloadAllAccessors: .DiscreteClock22

===========================================================================================
----------------- testing Sun Jul 19 20:58:37 UTC 2020 /home/travis/build/icyphy/ptII/ptolemy/actor/lib/test/auto/DiscreteClock23.xml
----------------- Instantiating /home/travis/build/icyphy/ptII/ptolemy/actor/lib/test/auto/DiscreteClock23.xml
2 ms. Memory: 454656K Free: 202551K (45%)
----------------- Invoking toplevel() on ptolemy.moml.MoMLSimpleApplication@467f6f37
----------------- Done invoking toplevel() on ptolemy.moml.MoMLSimpleApplication@467f6f37
reloadAllAccessors: .DiscreteClock23

===========================================================================================
----------------- testing Sun Jul 19 20:58:37 UTC 2020 /home/travis/build/icyphy/ptII/ptolemy/actor/lib/test/auto/DiscreteClock24.xml
----------------- Instantiating /home/travis/build/icyphy/ptII/ptolemy/actor/lib/test/auto/DiscreteClock24.xml
4 ms. Memory: 454656K Free: 196917K (43%)
----------------- Invoking toplevel() on ptolemy.moml.MoMLSimpleApplication@1d437514
----------------- Done invoking toplevel() on ptolemy.moml.MoMLSimpleApplication@1d437514
reloadAllAccessors: .DiscreteClock24

===========================================================================================
----------------- testing Sun Jul 19 20:58:37 UTC 2020 /home/travis/build/icyphy/ptII/ptolemy/actor/lib/test/auto/DiscreteClock4.xml
----------------- Instantiating /home/travis/build/icyphy/ptII/ptolemy/actor/lib/test/auto/DiscreteClock4.xml
1 ms. Memory: 454656K Free: 191791K (42%)
----------------- Invoking toplevel() on ptolemy.moml.MoMLSimpleApplication@330d90ef
----------------- Done invoking toplevel() on ptolemy.moml.MoMLSimpleApplication@330d90ef
reloadAllAccessors: .DiscreteClock4

===========================================================================================
----------------- testing Sun Jul 19 20:58:37 UTC 2020 /home/travis/build/icyphy/ptII/ptolemy/actor/lib/test/auto/DiscreteClock5.xml
----------------- Instantiating /home/travis/build/icyphy/ptII/ptolemy/actor/lib/test/auto/DiscreteClock5.xml
1 ms. Memory: 454656K Free: 186167K (41%)
----------------- Invoking toplevel() on ptolemy.moml.MoMLSimpleApplication@3e2b772e
----------------- Done invoking toplevel() on ptolemy.moml.MoMLSimpleApplication@3e2b772e
reloadAllAccessors: .DiscreteClock5

===========================================================================================
----------------- testing Sun Jul 19 20:58:37 UTC 2020 /home/travis/build/icyphy/ptII/ptolemy/actor/lib/test/auto/DiscreteClock6.xml
----------------- Instantiating /home/travis/build/icyphy/ptII/ptolemy/actor/lib/test/auto/DiscreteClock6.xml
1 ms. Memory: 454656K Free: 181557K (40%)
----------------- Invoking toplevel() on ptolemy.moml.MoMLSimpleApplication@1acc2e05
----------------- Done invoking toplevel() on ptolemy.moml.MoMLSimpleApplication@1acc2e05
reloadAllAccessors: .DiscreteClock6

===========================================================================================
----------------- testing Sun Jul 19 20:58:37 UTC 2020 /home/travis/build/icyphy/ptII/ptolemy/actor/lib/test/auto/DiscreteClock7.xml
----------------- Instantiating /home/travis/build/icyphy/ptII/ptolemy/actor/lib/test/auto/DiscreteClock7.xml
1 ms. Memory: 454656K Free: 176437K (39%)
----------------- Invoking toplevel() on ptolemy.moml.MoMLSimpleApplication@50fa47cb
----------------- Done invoking toplevel() on ptolemy.moml.MoMLSimpleApplication@50fa47cb
reloadAllAccessors: .DiscreteClock7

===========================================================================================
----------------- testing Sun Jul 19 20:58:37 UTC 2020 /home/travis/build/icyphy/ptII/ptolemy/actor/lib/test/auto/DiscreteClock8.xml
----------------- Instantiating /home/travis/build/icyphy/ptII/ptolemy/actor/lib/test/auto/DiscreteClock8.xml
4 ms. Memory: 454656K Free: 171311K (38%)
----------------- Invoking toplevel() on ptolemy.moml.MoMLSimpleApplication@5da6d4aa
----------------- Done invoking toplevel() on ptolemy.moml.MoMLSimpleApplication@5da6d4aa
reloadAllAccessors: .DiscreteClock8

===========================================================================================
----------------- testing Sun Jul 19 20:58:37 UTC 2020 /home/travis/build/icyphy/ptII/ptolemy/actor/lib/test/auto/DiscreteClock9.xml
----------------- Instantiating /home/travis/build/icyphy/ptII/ptolemy/actor/lib/test/auto/DiscreteClock9.xml
4 ms. Memory: 454656K Free: 165143K (36%)
----------------- Invoking toplevel() on ptolemy.moml.MoMLSimpleApplication@d22cd9c
----------------- Done invoking toplevel() on ptolemy.moml.MoMLSimpleApplication@d22cd9c
reloadAllAccessors: .DiscreteClock9

===========================================================================================
----------------- testing Sun Jul 19 20:58:37 UTC 2020 /home/travis/build/icyphy/ptII/ptolemy/actor/lib/test/auto/DisplayArray.xml
----------------- Instantiating /home/travis/build/icyphy/ptII/ptolemy/actor/lib/test/auto/DisplayArray.xml
1 ms. Memory: 454656K Free: 161591K (36%)
----------------- Invoking toplevel() on ptolemy.moml.MoMLSimpleApplication@2572bdf5
----------------- Done invoking toplevel() on ptolemy.moml.MoMLSimpleApplication@2572bdf5
reloadAllAccessors: .DisplayArray

===========================================================================================
----------------- testing Sun Jul 19 20:58:37 UTC 2020 /home/travis/build/icyphy/ptII/ptolemy/actor/lib/test/auto/Distributor.xml
----------------- Instantiating /home/travis/build/icyphy/ptII/ptolemy/actor/lib/test/auto/Distributor.xml
1 ms. Memory: 454656K Free: 401541K (88%)
----------------- Invoking toplevel() on ptolemy.moml.MoMLSimpleApplication@6f5bbda0
----------------- Done invoking toplevel() on ptolemy.moml.MoMLSimpleApplication@6f5bbda0
reloadAllAccessors: .Distributor

===========================================================================================
----------------- testing Sun Jul 19 20:58:37 UTC 2020 /home/travis/build/icyphy/ptII/ptolemy/actor/lib/test/auto/Distributor2.xml
----------------- Instantiating /home/travis/build/icyphy/ptII/ptolemy/actor/lib/test/auto/Distributor2.xml
1 ms. Memory: 454656K Free: 396421K (87%)
----------------- Invoking toplevel() on ptolemy.moml.MoMLSimpleApplication@6280fd02
----------------- Done invoking toplevel() on ptolemy.moml.MoMLSimpleApplication@6280fd02
reloadAllAccessors: .Distributor2

===========================================================================================
----------------- testing Sun Jul 19 20:58:37 UTC 2020 /home/travis/build/icyphy/ptII/ptolemy/actor/lib/test/auto/DownSample.xml
----------------- Instantiating /home/travis/build/icyphy/ptII/ptolemy/actor/lib/test/auto/DownSample.xml
1 ms. Memory: 454656K Free: 391815K (86%)
----------------- Invoking toplevel() on ptolemy.moml.MoMLSimpleApplication@24a488de
----------------- Done invoking toplevel() on ptolemy.moml.MoMLSimpleApplication@24a488de
reloadAllAccessors: .DownSample

===========================================================================================
----------------- testing Sun Jul 19 20:58:37 UTC 2020 /home/travis/build/icyphy/ptII/ptolemy/actor/lib/test/auto/ElectronicUnitBase1.xml
----------------- Instantiating /home/travis/build/icyphy/ptII/ptolemy/actor/lib/test/auto/ElectronicUnitBase1.xml
14 ms. Memory: 454656K Free: 375941K (83%)
----------------- Invoking toplevel() on ptolemy.moml.MoMLSimpleApplication@4900ea64
----------------- Done invoking toplevel() on ptolemy.moml.MoMLSimpleApplication@4900ea64
reloadAllAccessors: .ElectronicUnitBase1

===========================================================================================
----------------- testing Sun Jul 19 20:58:37 UTC 2020 /home/travis/build/icyphy/ptII/ptolemy/actor/lib/test/auto/ElementsToArray.xml
----------------- Instantiating /home/travis/build/icyphy/ptII/ptolemy/actor/lib/test/auto/ElementsToArray.xml
2 ms. Memory: 454656K Free: 370821K (82%)
----------------- Invoking toplevel() on ptolemy.moml.MoMLSimpleApplication@282c3cdc
----------------- Done invoking toplevel() on ptolemy.moml.MoMLSimpleApplication@282c3cdc
reloadAllAccessors: .ElementsToArray

===========================================================================================
----------------- testing Sun Jul 19 20:58:37 UTC 2020 /home/travis/build/icyphy/ptII/ptolemy/actor/lib/test/auto/Equals.xml
----------------- Instantiating /home/travis/build/icyphy/ptII/ptolemy/actor/lib/test/auto/Equals.xml
2 ms. Memory: 454656K Free: 366215K (81%)
----------------- Invoking toplevel() on ptolemy.moml.MoMLSimpleApplication@700fd719
----------------- Done invoking toplevel() on ptolemy.moml.MoMLSimpleApplication@700fd719
reloadAllAccessors: .Equals

===========================================================================================
----------------- testing Sun Jul 19 20:58:37 UTC 2020 /home/travis/build/icyphy/ptII/ptolemy/actor/lib/test/auto/Exec.xml
----------------- Instantiating /home/travis/build/icyphy/ptII/ptolemy/actor/lib/test/auto/Exec.xml
16 ms. Memory: 454656K Free: 360071K (79%)
----------------- Invoking toplevel() on ptolemy.moml.MoMLSimpleApplication@5a7a1dce
----------------- Done invoking toplevel() on ptolemy.moml.MoMLSimpleApplication@5a7a1dce
reloadAllAccessors: .Exec

===========================================================================================
----------------- testing Sun Jul 19 20:58:37 UTC 2020 /home/travis/build/icyphy/ptII/ptolemy/actor/lib/test/auto/ExecEnvironment.xml
----------------- Instantiating /home/travis/build/icyphy/ptII/ptolemy/actor/lib/test/auto/ExecEnvironment.xml
17 ms. Memory: 454656K Free: 354951K (78%)
----------------- Invoking toplevel() on ptolemy.moml.MoMLSimpleApplication@63cc7711
----------------- Done invoking toplevel() on ptolemy.moml.MoMLSimpleApplication@63cc7711
reloadAllAccessors: .ExecEnvironment

===========================================================================================
----------------- testing Sun Jul 19 20:58:37 UTC 2020 /home/travis/build/icyphy/ptII/ptolemy/actor/lib/test/auto/ExecNonZeroReturnOutput.xml
----------------- Instantiating /home/travis/build/icyphy/ptII/ptolemy/actor/lib/test/auto/ExecNonZeroReturnOutput.xml
153 ms. Memory: 454656K Free: 344197K (76%)
----------------- Invoking toplevel() on ptolemy.moml.MoMLSimpleApplication@c0dc43a
----------------- Done invoking toplevel() on ptolemy.moml.MoMLSimpleApplication@c0dc43a
reloadAllAccessors: .ExecNonZeroReturnOutput

===========================================================================================
----------------- testing Sun Jul 19 20:58:37 UTC 2020 /home/travis/build/icyphy/ptII/ptolemy/actor/lib/test/auto/ExecRunDemos.xml
----------------- Instantiating /home/travis/build/icyphy/ptII/ptolemy/actor/lib/test/auto/ExecRunDemos.xml
Finished: 124 ms. Memory: 129024K Free: 112370K (87%)

Finished: 63 ms. Memory: 129024K Free: 109505K (85%)

Finished: 69 ms. Memory: 129024K Free: 109585K (85%)

Finished: 65 ms. Memory: 129024K Free: 111107K (86%)

Finished: 60 ms. Memory: 129024K Free: 111905K (87%)

10601 ms. Memory: 454656K Free: 323205K (71%)
----------------- Invoking toplevel() on ptolemy.moml.MoMLSimpleApplication@16553dc5
----------------- Done invoking toplevel() on ptolemy.moml.MoMLSimpleApplication@16553dc5
reloadAllAccessors: .ExecRunDemos

===========================================================================================
----------------- testing Sun Jul 19 20:58:48 UTC 2020 /home/travis/build/icyphy/ptII/ptolemy/actor/lib/test/auto/ExecStop.xml
----------------- Instantiating /home/travis/build/icyphy/ptII/ptolemy/actor/lib/test/auto/ExecStop.xml
5024 ms. Memory: 454656K Free: 214149K (47%)
----------------- Invoking toplevel() on ptolemy.moml.MoMLSimpleApplication@6caabd4d
----------------- Done invoking toplevel() on ptolemy.moml.MoMLSimpleApplication@6caabd4d
reloadAllAccessors: .ExecStop

===========================================================================================
----------------- testing Sun Jul 19 20:58:53 UTC 2020 /home/travis/build/icyphy/ptII/ptolemy/actor/lib/test/auto/ExecutionTimeSDF.xml
----------------- Instantiating /home/travis/build/icyphy/ptII/ptolemy/actor/lib/test/auto/ExecutionTimeSDF.xml
Fired ExecutionTime: -314167296
Fired ExecutionTime: 1430400000
Fired ExecutionTime: -164967296
6006 ms. Memory: 454656K Free: 202871K (45%)
----------------- Invoking toplevel() on ptolemy.moml.MoMLSimpleApplication@66e26b93
----------------- Done invoking toplevel() on ptolemy.moml.MoMLSimpleApplication@66e26b93
reloadAllAccessors: .ExecutionTimeSDF

===========================================================================================
----------------- testing Sun Jul 19 20:58:59 UTC 2020 /home/travis/build/icyphy/ptII/ptolemy/actor/lib/test/auto/Expression1.xml
----------------- Instantiating /home/travis/build/icyphy/ptII/ptolemy/actor/lib/test/auto/Expression1.xml
1 ms. Memory: 454656K Free: 199303K (44%)
----------------- Invoking toplevel() on ptolemy.moml.MoMLSimpleApplication@12f0ebc3
----------------- Done invoking toplevel() on ptolemy.moml.MoMLSimpleApplication@12f0ebc3
reloadAllAccessors: .Expression1

===========================================================================================
----------------- testing Sun Jul 19 20:58:59 UTC 2020 /home/travis/build/icyphy/ptII/ptolemy/actor/lib/test/auto/Expression10.xml
----------------- Instantiating /home/travis/build/icyphy/ptII/ptolemy/actor/lib/test/auto/Expression10.xml
5 ms. Memory: 454656K Free: 194183K (43%)
----------------- Invoking toplevel() on ptolemy.moml.MoMLSimpleApplication@7cc8313c
----------------- Done invoking toplevel() on ptolemy.moml.MoMLSimpleApplication@7cc8313c
reloadAllAccessors: .Expression10

===========================================================================================
----------------- testing Sun Jul 19 20:58:59 UTC 2020 /home/travis/build/icyphy/ptII/ptolemy/actor/lib/test/auto/Expression11.xml
----------------- Instantiating /home/travis/build/icyphy/ptII/ptolemy/actor/lib/test/auto/Expression11.xml
2 ms. Memory: 454656K Free: 189573K (42%)
----------------- Invoking toplevel() on ptolemy.moml.MoMLSimpleApplication@44109c86
----------------- Done invoking toplevel() on ptolemy.moml.MoMLSimpleApplication@44109c86
reloadAllAccessors: .Expression11

===========================================================================================
----------------- testing Sun Jul 19 20:58:59 UTC 2020 /home/travis/build/icyphy/ptII/ptolemy/actor/lib/test/auto/Expression12.xml
----------------- Instantiating /home/travis/build/icyphy/ptII/ptolemy/actor/lib/test/auto/Expression12.xml
3 ms. Memory: 454656K Free: 183943K (40%)
----------------- Invoking toplevel() on ptolemy.moml.MoMLSimpleApplication@316aaf25
----------------- Done invoking toplevel() on ptolemy.moml.MoMLSimpleApplication@316aaf25
reloadAllAccessors: .Expression12

===========================================================================================
----------------- testing Sun Jul 19 20:58:59 UTC 2020 /home/travis/build/icyphy/ptII/ptolemy/actor/lib/test/auto/Expression13.xml
----------------- Instantiating /home/travis/build/icyphy/ptII/ptolemy/actor/lib/test/auto/Expression13.xml
3 ms. Memory: 454656K Free: 179333K (39%)
----------------- Invoking toplevel() on ptolemy.moml.MoMLSimpleApplication@5b85e3b5
----------------- Done invoking toplevel() on ptolemy.moml.MoMLSimpleApplication@5b85e3b5
reloadAllAccessors: .Expression13

===========================================================================================
----------------- testing Sun Jul 19 20:58:59 UTC 2020 /home/travis/build/icyphy/ptII/ptolemy/actor/lib/test/auto/Expression14.xml
----------------- Instantiating /home/travis/build/icyphy/ptII/ptolemy/actor/lib/test/auto/Expression14.xml
3 ms. Memory: 454656K Free: 173189K (38%)
----------------- Invoking toplevel() on ptolemy.moml.MoMLSimpleApplication@557d8b0f
----------------- Done invoking toplevel() on ptolemy.moml.MoMLSimpleApplication@557d8b0f
reloadAllAccessors: .Expression14

===========================================================================================
----------------- testing Sun Jul 19 20:58:59 UTC 2020 /home/travis/build/icyphy/ptII/ptolemy/actor/lib/test/auto/Expression15.xml
----------------- Instantiating /home/travis/build/icyphy/ptII/ptolemy/actor/lib/test/auto/Expression15.xml
2 ms. Memory: 454656K Free: 169607K (37%)
----------------- Invoking toplevel() on ptolemy.moml.MoMLSimpleApplication@7575f6d6
----------------- Done invoking toplevel() on ptolemy.moml.MoMLSimpleApplication@7575f6d6
reloadAllAccessors: .Expression15

===========================================================================================
----------------- testing Sun Jul 19 20:58:59 UTC 2020 /home/travis/build/icyphy/ptII/ptolemy/actor/lib/test/auto/Expression16.xml
----------------- Instantiating /home/travis/build/icyphy/ptII/ptolemy/actor/lib/test/auto/Expression16.xml
2 ms. Memory: 454656K Free: 164487K (36%)
----------------- Invoking toplevel() on ptolemy.moml.MoMLSimpleApplication@7f4e31d5
----------------- Done invoking toplevel() on ptolemy.moml.MoMLSimpleApplication@7f4e31d5
reloadAllAccessors: .Expression16

===========================================================================================
----------------- testing Sun Jul 19 20:58:59 UTC 2020 /home/travis/build/icyphy/ptII/ptolemy/actor/lib/test/auto/Expression17.xml
----------------- Instantiating /home/travis/build/icyphy/ptII/ptolemy/actor/lib/test/auto/Expression17.xml
3 ms. Memory: 454656K Free: 159367K (35%)
----------------- Invoking toplevel() on ptolemy.moml.MoMLSimpleApplication@49a4a812
----------------- Done invoking toplevel() on ptolemy.moml.MoMLSimpleApplication@49a4a812
reloadAllAccessors: .Expression17

===========================================================================================
----------------- testing Sun Jul 19 20:58:59 UTC 2020 /home/travis/build/icyphy/ptII/ptolemy/actor/lib/test/auto/Expression18.xml
----------------- Instantiating /home/travis/build/icyphy/ptII/ptolemy/actor/lib/test/auto/Expression18.xml
3 ms. Memory: 454656K Free: 154247K (34%)
----------------- Invoking toplevel() on ptolemy.moml.MoMLSimpleApplication@6b57bbc8
----------------- Done invoking toplevel() on ptolemy.moml.MoMLSimpleApplication@6b57bbc8
reloadAllAccessors: .Expression18

===========================================================================================
----------------- testing Sun Jul 19 20:58:59 UTC 2020 /home/travis/build/icyphy/ptII/ptolemy/actor/lib/test/auto/Expression2.xml
----------------- Instantiating /home/travis/build/icyphy/ptII/ptolemy/actor/lib/test/auto/Expression2.xml
2 ms. Memory: 454656K Free: 149127K (33%)
----------------- Invoking toplevel() on ptolemy.moml.MoMLSimpleApplication@6822b301
----------------- Done invoking toplevel() on ptolemy.moml.MoMLSimpleApplication@6822b301
reloadAllAccessors: .Expression2

===========================================================================================
----------------- testing Sun Jul 19 20:58:59 UTC 2020 /home/travis/build/icyphy/ptII/ptolemy/actor/lib/test/auto/Expression3.xml
----------------- Instantiating /home/travis/build/icyphy/ptII/ptolemy/actor/lib/test/auto/Expression3.xml
5 ms. Memory: 454656K Free: 144517K (32%)
----------------- Invoking toplevel() on ptolemy.moml.MoMLSimpleApplication@5d6ad1b7
----------------- Done invoking toplevel() on ptolemy.moml.MoMLSimpleApplication@5d6ad1b7
reloadAllAccessors: .Expression3

===========================================================================================
----------------- testing Sun Jul 19 20:58:59 UTC 2020 /home/travis/build/icyphy/ptII/ptolemy/actor/lib/test/auto/Expression4.xml
----------------- Instantiating /home/travis/build/icyphy/ptII/ptolemy/actor/lib/test/auto/Expression4.xml
4 ms. Memory: 454656K Free: 136839K (30%)
----------------- Invoking toplevel() on ptolemy.moml.MoMLSimpleApplication@2853c289
----------------- Done invoking toplevel() on ptolemy.moml.MoMLSimpleApplication@2853c289
reloadAllAccessors: .Expression4

===========================================================================================
----------------- testing Sun Jul 19 20:58:59 UTC 2020 /home/travis/build/icyphy/ptII/ptolemy/actor/lib/test/auto/Expression5.xml
----------------- Instantiating /home/travis/build/icyphy/ptII/ptolemy/actor/lib/test/auto/Expression5.xml
3 ms. Memory: 454656K Free: 400508K (88%)
----------------- Invoking toplevel() on ptolemy.moml.MoMLSimpleApplication@47050d8b
----------------- Done invoking toplevel() on ptolemy.moml.MoMLSimpleApplication@47050d8b
reloadAllAccessors: .Expression5

===========================================================================================
----------------- testing Sun Jul 19 20:58:59 UTC 2020 /home/travis/build/icyphy/ptII/ptolemy/actor/lib/test/auto/Expression6.xml
----------------- Instantiating /home/travis/build/icyphy/ptII/ptolemy/actor/lib/test/auto/Expression6.xml
2 ms. Memory: 454656K Free: 395898K (87%)
----------------- Invoking toplevel() on ptolemy.moml.MoMLSimpleApplication@68d0da6f
----------------- Done invoking toplevel() on ptolemy.moml.MoMLSimpleApplication@68d0da6f
reloadAllAccessors: .Expression6

===========================================================================================
----------------- testing Sun Jul 19 20:58:59 UTC 2020 /home/travis/build/icyphy/ptII/ptolemy/actor/lib/test/auto/Expression7.xml
----------------- Instantiating /home/travis/build/icyphy/ptII/ptolemy/actor/lib/test/auto/Expression7.xml
2 ms. Memory: 454656K Free: 390778K (86%)
----------------- Invoking toplevel() on ptolemy.moml.MoMLSimpleApplication@3aa84b6c
----------------- Done invoking toplevel() on ptolemy.moml.MoMLSimpleApplication@3aa84b6c
reloadAllAccessors: .Expression7

===========================================================================================
----------------- testing Sun Jul 19 20:58:59 UTC 2020 /home/travis/build/icyphy/ptII/ptolemy/actor/lib/test/auto/Expression8.xml
----------------- Instantiating /home/travis/build/icyphy/ptII/ptolemy/actor/lib/test/auto/Expression8.xml
8 ms. Memory: 454656K Free: 386172K (85%)
----------------- Invoking toplevel() on ptolemy.moml.MoMLSimpleApplication@63bf231e
----------------- Done invoking toplevel() on ptolemy.moml.MoMLSimpleApplication@63bf231e
reloadAllAccessors: .Expression8

===========================================================================================
----------------- testing Sun Jul 19 20:58:59 UTC 2020 /home/travis/build/icyphy/ptII/ptolemy/actor/lib/test/auto/Expression9.xml
----------------- Instantiating /home/travis/build/icyphy/ptII/ptolemy/actor/lib/test/auto/Expression9.xml
1 ms. Memory: 454656K Free: 382076K (84%)
----------------- Invoking toplevel() on ptolemy.moml.MoMLSimpleApplication@63341566
----------------- Done invoking toplevel() on ptolemy.moml.MoMLSimpleApplication@63341566
reloadAllAccessors: .Expression9

===========================================================================================
----------------- testing Sun Jul 19 20:58:59 UTC 2020 /home/travis/build/icyphy/ptII/ptolemy/actor/lib/test/auto/ExpressionConcatenateArrayType.xml
----------------- Instantiating /home/travis/build/icyphy/ptII/ptolemy/actor/lib/test/auto/ExpressionConcatenateArrayType.xml
4 ms. Memory: 454656K Free: 375418K (83%)
----------------- Invoking toplevel() on ptolemy.moml.MoMLSimpleApplication@3f455501
----------------- Done invoking toplevel() on ptolemy.moml.MoMLSimpleApplication@3f455501
reloadAllAccessors: .ExpressionConcatenateArrayType

===========================================================================================
----------------- testing Sun Jul 19 20:58:59 UTC 2020 /home/travis/build/icyphy/ptII/ptolemy/actor/lib/test/auto/ExpressionConcatenateArrayType2.xml
----------------- Instantiating /home/travis/build/icyphy/ptII/ptolemy/actor/lib/test/auto/ExpressionConcatenateArrayType2.xml
2 ms. Memory: 454656K Free: 370298K (81%)
----------------- Invoking toplevel() on ptolemy.moml.MoMLSimpleApplication@17db990f
----------------- Done invoking toplevel() on ptolemy.moml.MoMLSimpleApplication@17db990f
reloadAllAccessors: .ExpressionConcatenateArrayType2

===========================================================================================
----------------- testing Sun Jul 19 20:58:59 UTC 2020 /home/travis/build/icyphy/ptII/ptolemy/actor/lib/test/auto/ExpressionFix.xml
----------------- Instantiating /home/travis/build/icyphy/ptII/ptolemy/actor/lib/test/auto/ExpressionFix.xml
20 ms. Memory: 454656K Free: 363644K (80%)
----------------- Invoking toplevel() on ptolemy.moml.MoMLSimpleApplication@7fbe90b1
----------------- Done invoking toplevel() on ptolemy.moml.MoMLSimpleApplication@7fbe90b1
reloadAllAccessors: .ExpressionFix

===========================================================================================
----------------- testing Sun Jul 19 20:58:59 UTC 2020 /home/travis/build/icyphy/ptII/ptolemy/actor/lib/test/auto/ExpressionFix2.xml
----------------- Instantiating /home/travis/build/icyphy/ptII/ptolemy/actor/lib/test/auto/ExpressionFix2.xml
4 ms. Memory: 454656K Free: 359548K (79%)
----------------- Invoking toplevel() on ptolemy.moml.MoMLSimpleApplication@10f30445
----------------- Done invoking toplevel() on ptolemy.moml.MoMLSimpleApplication@10f30445
reloadAllAccessors: .ExpressionFix2

===========================================================================================
----------------- testing Sun Jul 19 20:58:59 UTC 2020 /home/travis/build/icyphy/ptII/ptolemy/actor/lib/test/auto/ExpressionFix3.xml
----------------- Instantiating /home/travis/build/icyphy/ptII/ptolemy/actor/lib/test/auto/ExpressionFix3.xml
2 ms. Memory: 454656K Free: 355452K (78%)
----------------- Invoking toplevel() on ptolemy.moml.MoMLSimpleApplication@23a419e2
----------------- Done invoking toplevel() on ptolemy.moml.MoMLSimpleApplication@23a419e2
reloadAllAccessors: .ExpressionFix3

===========================================================================================
----------------- testing Sun Jul 19 20:58:59 UTC 2020 /home/travis/build/icyphy/ptII/ptolemy/actor/lib/test/auto/FileWriter1.xml
----------------- Instantiating /home/travis/build/icyphy/ptII/ptolemy/actor/lib/test/auto/FileWriter1.xml
2 ms. Memory: 454656K Free: 351356K (77%)
----------------- Invoking toplevel() on ptolemy.moml.MoMLSimpleApplication@7dd31736
----------------- Done invoking toplevel() on ptolemy.moml.MoMLSimpleApplication@7dd31736
reloadAllAccessors: .FileWriter1

===========================================================================================
----------------- testing Sun Jul 19 20:58:59 UTC 2020 /home/travis/build/icyphy/ptII/ptolemy/actor/lib/test/auto/FileWriter2.xml
----------------- Instantiating /home/travis/build/icyphy/ptII/ptolemy/actor/lib/test/auto/FileWriter2.xml
2 ms. Memory: 454656K Free: 347756K (76%)
----------------- Invoking toplevel() on ptolemy.moml.MoMLSimpleApplication@4bdc4537
----------------- Done invoking toplevel() on ptolemy.moml.MoMLSimpleApplication@4bdc4537
reloadAllAccessors: .FileWriter2

===========================================================================================
----------------- testing Sun Jul 19 20:58:59 UTC 2020 /home/travis/build/icyphy/ptII/ptolemy/actor/lib/test/auto/FileWriter3.xml
----------------- Instantiating /home/travis/build/icyphy/ptII/ptolemy/actor/lib/test/auto/FileWriter3.xml
3 ms. Memory: 454656K Free: 343674K (76%)
----------------- Invoking toplevel() on ptolemy.moml.MoMLSimpleApplication@4cd7b963
----------------- Done invoking toplevel() on ptolemy.moml.MoMLSimpleApplication@4cd7b963
reloadAllAccessors: .FileWriter3

===========================================================================================
----------------- testing Sun Jul 19 20:58:59 UTC 2020 /home/travis/build/icyphy/ptII/ptolemy/actor/lib/test/auto/Gaussian.xml
----------------- Instantiating /home/travis/build/icyphy/ptII/ptolemy/actor/lib/test/auto/Gaussian.xml
3 ms. Memory: 454656K Free: 339068K (75%)
----------------- Invoking toplevel() on ptolemy.moml.MoMLSimpleApplication@438aa9b9
----------------- Done invoking toplevel() on ptolemy.moml.MoMLSimpleApplication@438aa9b9
reloadAllAccessors: .Gaussian

===========================================================================================
----------------- testing Sun Jul 19 20:58:59 UTC 2020 /home/travis/build/icyphy/ptII/ptolemy/actor/lib/test/auto/Gaussian1.xml
----------------- Instantiating /home/travis/build/icyphy/ptII/ptolemy/actor/lib/test/auto/Gaussian1.xml
1 ms. Memory: 454656K Free: 333948K (73%)
----------------- Invoking toplevel() on ptolemy.moml.MoMLSimpleApplication@7de38c37
----------------- Done invoking toplevel() on ptolemy.moml.MoMLSimpleApplication@7de38c37
reloadAllAccessors: .Gaussian1

===========================================================================================
----------------- testing Sun Jul 19 20:58:59 UTC 2020 /home/travis/build/icyphy/ptII/ptolemy/actor/lib/test/auto/Gaussian2.xml
----------------- Instantiating /home/travis/build/icyphy/ptII/ptolemy/actor/lib/test/auto/Gaussian2.xml
8 ms. Memory: 454656K Free: 328300K (72%)
----------------- Invoking toplevel() on ptolemy.moml.MoMLSimpleApplication@18b5433b
----------------- Done invoking toplevel() on ptolemy.moml.MoMLSimpleApplication@18b5433b
reloadAllAccessors: .Gaussian2

===========================================================================================
----------------- testing Sun Jul 19 20:58:59 UTC 2020 /home/travis/build/icyphy/ptII/ptolemy/actor/lib/test/auto/GradientAdaptiveLattice.xml
----------------- Instantiating /home/travis/build/icyphy/ptII/ptolemy/actor/lib/test/auto/GradientAdaptiveLattice.xml
3 ms. Memory: 454656K Free: 323194K (71%)
----------------- Invoking toplevel() on ptolemy.moml.MoMLSimpleApplication@5ff2fca7
----------------- Done invoking toplevel() on ptolemy.moml.MoMLSimpleApplication@5ff2fca7
reloadAllAccessors: .GradientAdaptiveLattice

===========================================================================================
----------------- testing Sun Jul 19 20:58:59 UTC 2020 /home/travis/build/icyphy/ptII/ptolemy/actor/lib/test/auto/IIR.xml
----------------- Instantiating /home/travis/build/icyphy/ptII/ptolemy/actor/lib/test/auto/IIR.xml
1 ms. Memory: 454656K Free: 319098K (70%)
----------------- Invoking toplevel() on ptolemy.moml.MoMLSimpleApplication@492e9351
----------------- Done invoking toplevel() on ptolemy.moml.MoMLSimpleApplication@492e9351
reloadAllAccessors: .IIR

===========================================================================================
----------------- testing Sun Jul 19 20:58:59 UTC 2020 /home/travis/build/icyphy/ptII/ptolemy/actor/lib/test/auto/InputOutputTransparentPorts.xml
----------------- Instantiating /home/travis/build/icyphy/ptII/ptolemy/actor/lib/test/auto/InputOutputTransparentPorts.xml
2 ms. Memory: 454656K Free: 311930K (69%)
----------------- Invoking toplevel() on ptolemy.moml.MoMLSimpleApplication@5f35ee1a
----------------- Done invoking toplevel() on ptolemy.moml.MoMLSimpleApplication@5f35ee1a
reloadAllAccessors: .InputOutputTransparentPorts

===========================================================================================
----------------- testing Sun Jul 19 20:58:59 UTC 2020 /home/travis/build/icyphy/ptII/ptolemy/actor/lib/test/auto/Interpolator.xml
----------------- Instantiating /home/travis/build/icyphy/ptII/ptolemy/actor/lib/test/auto/Interpolator.xml
3 ms. Memory: 454656K Free: 307834K (68%)
----------------- Invoking toplevel() on ptolemy.moml.MoMLSimpleApplication@3c55cf4f
----------------- Done invoking toplevel() on ptolemy.moml.MoMLSimpleApplication@3c55cf4f
reloadAllAccessors: .Interpolator

===========================================================================================
----------------- testing Sun Jul 19 20:58:59 UTC 2020 /home/travis/build/icyphy/ptII/ptolemy/actor/lib/test/auto/InterpolatorFiringLimitDE.xml
----------------- Instantiating /home/travis/build/icyphy/ptII/ptolemy/actor/lib/test/auto/InterpolatorFiringLimitDE.xml
2 ms. Memory: 454656K Free: 302204K (66%)
----------------- Invoking toplevel() on ptolemy.moml.MoMLSimpleApplication@2f93fdb
----------------- Done invoking toplevel() on ptolemy.moml.MoMLSimpleApplication@2f93fdb
reloadAllAccessors: .InterpolatorFiringLimitDE

===========================================================================================
----------------- testing Sun Jul 19 20:58:59 UTC 2020 /home/travis/build/icyphy/ptII/ptolemy/actor/lib/test/auto/Lattice.xml
----------------- Instantiating /home/travis/build/icyphy/ptII/ptolemy/actor/lib/test/auto/Lattice.xml
1 ms. Memory: 454656K Free: 298108K (66%)
----------------- Invoking toplevel() on ptolemy.moml.MoMLSimpleApplication@5c3c898d
----------------- Done invoking toplevel() on ptolemy.moml.MoMLSimpleApplication@5c3c898d
reloadAllAccessors: .Lattice

===========================================================================================
----------------- testing Sun Jul 19 20:58:59 UTC 2020 /home/travis/build/icyphy/ptII/ptolemy/actor/lib/test/auto/LazyAOCTestLazy.xml
----------------- Instantiating /home/travis/build/icyphy/ptII/ptolemy/actor/lib/test/auto/LazyAOCTestLazy.xml
12 ms. Memory: 454656K Free: 291964K (64%)
----------------- Invoking toplevel() on ptolemy.moml.MoMLSimpleApplication@7884d6ba
----------------- Done invoking toplevel() on ptolemy.moml.MoMLSimpleApplication@7884d6ba
reloadAllAccessors: .LazyAOCTestLazy

===========================================================================================
----------------- testing Sun Jul 19 20:59:00 UTC 2020 /home/travis/build/icyphy/ptII/ptolemy/actor/lib/test/auto/LazyAOCTestNonLazy.xml
----------------- Instantiating /home/travis/build/icyphy/ptII/ptolemy/actor/lib/test/auto/LazyAOCTestNonLazy.xml
2 ms. Memory: 454656K Free: 285820K (63%)
----------------- Invoking toplevel() on ptolemy.moml.MoMLSimpleApplication@39e15a87
----------------- Done invoking toplevel() on ptolemy.moml.MoMLSimpleApplication@39e15a87
reloadAllAccessors: .LazyAOCTestNonLazy

===========================================================================================
----------------- testing Sun Jul 19 20:59:00 UTC 2020 /home/travis/build/icyphy/ptII/ptolemy/actor/lib/test/auto/LazyInnerClass.xml
----------------- Instantiating /home/travis/build/icyphy/ptII/ptolemy/actor/lib/test/auto/LazyInnerClass.xml
15 ms. Memory: 454656K Free: 277114K (61%)
----------------- Invoking toplevel() on ptolemy.moml.MoMLSimpleApplication@45f6768d
----------------- Done invoking toplevel() on ptolemy.moml.MoMLSimpleApplication@45f6768d
reloadAllAccessors: .LazyInnerClass

===========================================================================================
----------------- testing Sun Jul 19 20:59:00 UTC 2020 /home/travis/build/icyphy/ptII/ptolemy/actor/lib/test/auto/LazyPubSub.xml
----------------- Instantiating /home/travis/build/icyphy/ptII/ptolemy/actor/lib/test/auto/LazyPubSub.xml
28 ms. Memory: 454656K Free: 266874K (59%)
----------------- Invoking toplevel() on ptolemy.moml.MoMLSimpleApplication@7b204e69
----------------- Done invoking toplevel() on ptolemy.moml.MoMLSimpleApplication@7b204e69
reloadAllAccessors: .LazyPubSub

===========================================================================================
----------------- testing Sun Jul 19 20:59:00 UTC 2020 /home/travis/build/icyphy/ptII/ptolemy/actor/lib/test/auto/LazyPubSub2.xml
----------------- Instantiating /home/travis/build/icyphy/ptII/ptolemy/actor/lib/test/auto/LazyPubSub2.xml
11 ms. Memory: 454656K Free: 257148K (57%)
----------------- Invoking toplevel() on ptolemy.moml.MoMLSimpleApplication@4095141a
----------------- Done invoking toplevel() on ptolemy.moml.MoMLSimpleApplication@4095141a
reloadAllAccessors: .LazyPubSub2

===========================================================================================
----------------- testing Sun Jul 19 20:59:00 UTC 2020 /home/travis/build/icyphy/ptII/ptolemy/actor/lib/test/auto/LazyPubSub3.xml
----------------- Instantiating /home/travis/build/icyphy/ptII/ptolemy/actor/lib/test/auto/LazyPubSub3.xml
10 ms. Memory: 454656K Free: 246908K (54%)
----------------- Invoking toplevel() on ptolemy.moml.MoMLSimpleApplication@d0859b8
----------------- Done invoking toplevel() on ptolemy.moml.MoMLSimpleApplication@d0859b8
reloadAllAccessors: .LazyPubSub3

===========================================================================================
----------------- testing Sun Jul 19 20:59:00 UTC 2020 /home/travis/build/icyphy/ptII/ptolemy/actor/lib/test/auto/LazySubClassModel.xml
----------------- Instantiating /home/travis/build/icyphy/ptII/ptolemy/actor/lib/test/auto/LazySubClassModel.xml
2 ms. Memory: 454656K Free: 237692K (52%)
----------------- Invoking toplevel() on ptolemy.moml.MoMLSimpleApplication@41246031
----------------- Done invoking toplevel() on ptolemy.moml.MoMLSimpleApplication@41246031
reloadAllAccessors: .LazySubClassModel

===========================================================================================
----------------- testing Sun Jul 19 20:59:00 UTC 2020 /home/travis/build/icyphy/ptII/ptolemy/actor/lib/test/auto/LevelCrossTest1.xml
----------------- Instantiating /home/travis/build/icyphy/ptII/ptolemy/actor/lib/test/auto/LevelCrossTest1.xml
1 ms. Memory: 454656K Free: 232572K (51%)
----------------- Invoking toplevel() on ptolemy.moml.MoMLSimpleApplication@10d22016
----------------- Done invoking toplevel() on ptolemy.moml.MoMLSimpleApplication@10d22016
reloadAllAccessors: .broken

===========================================================================================
----------------- testing Sun Jul 19 20:59:00 UTC 2020 /home/travis/build/icyphy/ptII/ptolemy/actor/lib/test/auto/LevelCrossTest10.xml
----------------- Instantiating /home/travis/build/icyphy/ptII/ptolemy/actor/lib/test/auto/LevelCrossTest10.xml
1 ms. Memory: 454656K Free: 224890K (49%)
----------------- Invoking toplevel() on ptolemy.moml.MoMLSimpleApplication@66b0ed5c
----------------- Done invoking toplevel() on ptolemy.moml.MoMLSimpleApplication@66b0ed5c
reloadAllAccessors: .LevelCrossTest10

===========================================================================================
----------------- testing Sun Jul 19 20:59:00 UTC 2020 /home/travis/build/icyphy/ptII/ptolemy/actor/lib/test/auto/LevelCrossTest11.xml
----------------- Instantiating /home/travis/build/icyphy/ptII/ptolemy/actor/lib/test/auto/LevelCrossTest11.xml
1 ms. Memory: 454656K Free: 217212K (48%)
----------------- Invoking toplevel() on ptolemy.moml.MoMLSimpleApplication@46902cdf
----------------- Done invoking toplevel() on ptolemy.moml.MoMLSimpleApplication@46902cdf
reloadAllAccessors: .LevelCrossTest11

===========================================================================================
----------------- testing Sun Jul 19 20:59:00 UTC 2020 /home/travis/build/icyphy/ptII/ptolemy/actor/lib/test/auto/LevelCrossTest12.xml
----------------- Instantiating /home/travis/build/icyphy/ptII/ptolemy/actor/lib/test/auto/LevelCrossTest12.xml
1 ms. Memory: 454656K Free: 210044K (46%)
----------------- Invoking toplevel() on ptolemy.moml.MoMLSimpleApplication@2ba37313
----------------- Done invoking toplevel() on ptolemy.moml.MoMLSimpleApplication@2ba37313
reloadAllAccessors: .LevelCrossTest12

===========================================================================================
----------------- testing Sun Jul 19 20:59:00 UTC 2020 /home/travis/build/icyphy/ptII/ptolemy/actor/lib/test/auto/LevelCrossTest13.xml
----------------- Instantiating /home/travis/build/icyphy/ptII/ptolemy/actor/lib/test/auto/LevelCrossTest13.xml
1 ms. Memory: 454656K Free: 201338K (44%)
----------------- Invoking toplevel() on ptolemy.moml.MoMLSimpleApplication@3f097874
----------------- Done invoking toplevel() on ptolemy.moml.MoMLSimpleApplication@3f097874
reloadAllAccessors: .LevelCrossTest13

===========================================================================================
----------------- testing Sun Jul 19 20:59:00 UTC 2020 /home/travis/build/icyphy/ptII/ptolemy/actor/lib/test/auto/LevelCrossTest2.xml
----------------- Instantiating /home/travis/build/icyphy/ptII/ptolemy/actor/lib/test/auto/LevelCrossTest2.xml
1 ms. Memory: 454656K Free: 195708K (43%)
----------------- Invoking toplevel() on ptolemy.moml.MoMLSimpleApplication@69f401a2
----------------- Done invoking toplevel() on ptolemy.moml.MoMLSimpleApplication@69f401a2
reloadAllAccessors: .broken

===========================================================================================
----------------- testing Sun Jul 19 20:59:00 UTC 2020 /home/travis/build/icyphy/ptII/ptolemy/actor/lib/test/auto/LevelCrossTest3.xml
----------------- Instantiating /home/travis/build/icyphy/ptII/ptolemy/actor/lib/test/auto/LevelCrossTest3.xml
1 ms. Memory: 454656K Free: 189050K (42%)
----------------- Invoking toplevel() on ptolemy.moml.MoMLSimpleApplication@3596123d
----------------- Done invoking toplevel() on ptolemy.moml.MoMLSimpleApplication@3596123d
reloadAllAccessors: .LevelCrossTest3

===========================================================================================
----------------- testing Sun Jul 19 20:59:00 UTC 2020 /home/travis/build/icyphy/ptII/ptolemy/actor/lib/test/auto/LevelCrossTest4.xml
----------------- Instantiating /home/travis/build/icyphy/ptII/ptolemy/actor/lib/test/auto/LevelCrossTest4.xml
1 ms. Memory: 454656K Free: 184444K (41%)
----------------- Invoking toplevel() on ptolemy.moml.MoMLSimpleApplication@2d8bbf2
----------------- Done invoking toplevel() on ptolemy.moml.MoMLSimpleApplication@2d8bbf2
reloadAllAccessors: .broken

===========================================================================================
----------------- testing Sun Jul 19 20:59:00 UTC 2020 /home/travis/build/icyphy/ptII/ptolemy/actor/lib/test/auto/LevelCrossTest5.xml
----------------- Instantiating /home/travis/build/icyphy/ptII/ptolemy/actor/lib/test/auto/LevelCrossTest5.xml
1 ms. Memory: 454656K Free: 177786K (39%)
----------------- Invoking toplevel() on ptolemy.moml.MoMLSimpleApplication@7edcb381
----------------- Done invoking toplevel() on ptolemy.moml.MoMLSimpleApplication@7edcb381
reloadAllAccessors: .LevelCrossTest5

===========================================================================================
----------------- testing Sun Jul 19 20:59:00 UTC 2020 /home/travis/build/icyphy/ptII/ptolemy/actor/lib/test/auto/LevelCrossTest6.xml
----------------- Instantiating /home/travis/build/icyphy/ptII/ptolemy/actor/lib/test/auto/LevelCrossTest6.xml
2 ms. Memory: 454656K Free: 171642K (38%)
----------------- Invoking toplevel() on ptolemy.moml.MoMLSimpleApplication@366fbd1e
----------------- Done invoking toplevel() on ptolemy.moml.MoMLSimpleApplication@366fbd1e
reloadAllAccessors: .LevelCrossTest6

===========================================================================================
----------------- testing Sun Jul 19 20:59:00 UTC 2020 /home/travis/build/icyphy/ptII/ptolemy/actor/lib/test/auto/LevelCrossTest7.xml
----------------- Instantiating /home/travis/build/icyphy/ptII/ptolemy/actor/lib/test/auto/LevelCrossTest7.xml
1 ms. Memory: 454656K Free: 163964K (36%)
----------------- Invoking toplevel() on ptolemy.moml.MoMLSimpleApplication@11e16287
----------------- Done invoking toplevel() on ptolemy.moml.MoMLSimpleApplication@11e16287
reloadAllAccessors: .LevelCrossTest7

===========================================================================================
----------------- testing Sun Jul 19 20:59:00 UTC 2020 /home/travis/build/icyphy/ptII/ptolemy/actor/lib/test/auto/LevelCrossTest8.xml
----------------- Instantiating /home/travis/build/icyphy/ptII/ptolemy/actor/lib/test/auto/LevelCrossTest8.xml
3 ms. Memory: 454656K Free: 156796K (34%)
----------------- Invoking toplevel() on ptolemy.moml.MoMLSimpleApplication@5abc0ab1
----------------- Done invoking toplevel() on ptolemy.moml.MoMLSimpleApplication@5abc0ab1
reloadAllAccessors: .LevelCrossTest8

===========================================================================================
----------------- testing Sun Jul 19 20:59:00 UTC 2020 /home/travis/build/icyphy/ptII/ptolemy/actor/lib/test/auto/LevelCrossTest9.xml
----------------- Instantiating /home/travis/build/icyphy/ptII/ptolemy/actor/lib/test/auto/LevelCrossTest9.xml
1 ms. Memory: 454656K Free: 149628K (33%)
----------------- Invoking toplevel() on ptolemy.moml.MoMLSimpleApplication@3096fbfe
----------------- Done invoking toplevel() on ptolemy.moml.MoMLSimpleApplication@3096fbfe
reloadAllAccessors: .LevelCrossTest9

===========================================================================================
----------------- testing Sun Jul 19 20:59:00 UTC 2020 /home/travis/build/icyphy/ptII/ptolemy/actor/lib/test/auto/LevinsonDurbin.xml
----------------- Instantiating /home/travis/build/icyphy/ptII/ptolemy/actor/lib/test/auto/LevinsonDurbin.xml
2 ms. Memory: 454656K Free: 145532K (32%)
----------------- Invoking toplevel() on ptolemy.moml.MoMLSimpleApplication@3eb9a42b
----------------- Done invoking toplevel() on ptolemy.moml.MoMLSimpleApplication@3eb9a42b
reloadAllAccessors: .LevinsonDurbin

===========================================================================================
----------------- testing Sun Jul 19 20:59:00 UTC 2020 /home/travis/build/icyphy/ptII/ptolemy/actor/lib/test/auto/LevinsonDurbin2.xml
----------------- Instantiating /home/travis/build/icyphy/ptII/ptolemy/actor/lib/test/auto/LevinsonDurbin2.xml
1 ms. Memory: 454656K Free: 141946K (31%)
----------------- Invoking toplevel() on ptolemy.moml.MoMLSimpleApplication@6815d930
----------------- Done invoking toplevel() on ptolemy.moml.MoMLSimpleApplication@6815d930
reloadAllAccessors: .LevinsonDurbin2

===========================================================================================
----------------- testing Sun Jul 19 20:59:00 UTC 2020 /home/travis/build/icyphy/ptII/ptolemy/actor/lib/test/auto/LevinsonDurbin3.xml
----------------- Instantiating /home/travis/build/icyphy/ptII/ptolemy/actor/lib/test/auto/LevinsonDurbin3.xml
3 ms. Memory: 454656K Free: 137850K (30%)
----------------- Invoking toplevel() on ptolemy.moml.MoMLSimpleApplication@45748c49
----------------- Done invoking toplevel() on ptolemy.moml.MoMLSimpleApplication@45748c49
reloadAllAccessors: .LevinsonDurbin3

===========================================================================================
----------------- testing Sun Jul 19 20:59:00 UTC 2020 /home/travis/build/icyphy/ptII/ptolemy/actor/lib/test/auto/Limiter.xml
----------------- Instantiating /home/travis/build/icyphy/ptII/ptolemy/actor/lib/test/auto/Limiter.xml
11 ms. Memory: 454656K Free: 397742K (87%)
----------------- Invoking toplevel() on ptolemy.moml.MoMLSimpleApplication@502917b
----------------- Done invoking toplevel() on ptolemy.moml.MoMLSimpleApplication@502917b
reloadAllAccessors: .Limiter

===========================================================================================
----------------- testing Sun Jul 19 20:59:00 UTC 2020 /home/travis/build/icyphy/ptII/ptolemy/actor/lib/test/auto/LinearDifferenceEquationSystem.xml
----------------- Instantiating /home/travis/build/icyphy/ptII/ptolemy/actor/lib/test/auto/LinearDifferenceEquationSystem.xml
2 ms. Memory: 454656K Free: 390574K (86%)
----------------- Invoking toplevel() on ptolemy.moml.MoMLSimpleApplication@bdfde38
----------------- Done invoking toplevel() on ptolemy.moml.MoMLSimpleApplication@bdfde38
reloadAllAccessors: .LinearDifferenceEquationSystem

===========================================================================================
----------------- testing Sun Jul 19 20:59:00 UTC 2020 /home/travis/build/icyphy/ptII/ptolemy/actor/lib/test/auto/LookupTable.xml
----------------- Instantiating /home/travis/build/icyphy/ptII/ptolemy/actor/lib/test/auto/LookupTable.xml
1 ms. Memory: 454656K Free: 385454K (85%)
----------------- Invoking toplevel() on ptolemy.moml.MoMLSimpleApplication@a698396
----------------- Done invoking toplevel() on ptolemy.moml.MoMLSimpleApplication@a698396
reloadAllAccessors: .LookupTable

===========================================================================================
----------------- testing Sun Jul 19 20:59:00 UTC 2020 /home/travis/build/icyphy/ptII/ptolemy/actor/lib/test/auto/MathFunction.xml
----------------- Instantiating /home/travis/build/icyphy/ptII/ptolemy/actor/lib/test/auto/MathFunction.xml
2 ms. Memory: 454656K Free: 377262K (83%)
----------------- Invoking toplevel() on ptolemy.moml.MoMLSimpleApplication@55ac3e9
----------------- Done invoking toplevel() on ptolemy.moml.MoMLSimpleApplication@55ac3e9
reloadAllAccessors: .MathFunction

===========================================================================================
----------------- testing Sun Jul 19 20:59:00 UTC 2020 /home/travis/build/icyphy/ptII/ptolemy/actor/lib/test/auto/MathFunction2.xml
----------------- Instantiating /home/travis/build/icyphy/ptII/ptolemy/actor/lib/test/auto/MathFunction2.xml
2 ms. Memory: 454656K Free: 373680K (82%)
----------------- Invoking toplevel() on ptolemy.moml.MoMLSimpleApplication@49e9bb56
----------------- Done invoking toplevel() on ptolemy.moml.MoMLSimpleApplication@49e9bb56
reloadAllAccessors: .MathFunction2

===========================================================================================
----------------- testing Sun Jul 19 20:59:00 UTC 2020 /home/travis/build/icyphy/ptII/ptolemy/actor/lib/test/auto/MathFunction3.xml
----------------- Instantiating /home/travis/build/icyphy/ptII/ptolemy/actor/lib/test/auto/MathFunction3.xml
2 ms. Memory: 454656K Free: 366512K (81%)
----------------- Invoking toplevel() on ptolemy.moml.MoMLSimpleApplication@2977bb31
----------------- Done invoking toplevel() on ptolemy.moml.MoMLSimpleApplication@2977bb31
reloadAllAccessors: .MathFunction3

===========================================================================================
----------------- testing Sun Jul 19 20:59:00 UTC 2020 /home/travis/build/icyphy/ptII/ptolemy/actor/lib/test/auto/MatrixCropBoolean.xml
----------------- Instantiating /home/travis/build/icyphy/ptII/ptolemy/actor/lib/test/auto/MatrixCropBoolean.xml
2 ms. Memory: 454656K Free: 361392K (79%)
----------------- Invoking toplevel() on ptolemy.moml.MoMLSimpleApplication@7b5c3360
----------------- Done invoking toplevel() on ptolemy.moml.MoMLSimpleApplication@7b5c3360
reloadAllAccessors: .MatrixCropBoolean

===========================================================================================
----------------- testing Sun Jul 19 20:59:00 UTC 2020 /home/travis/build/icyphy/ptII/ptolemy/actor/lib/test/auto/MatrixCropComplex.xml
----------------- Instantiating /home/travis/build/icyphy/ptII/ptolemy/actor/lib/test/auto/MatrixCropComplex.xml
2 ms. Memory: 454656K Free: 356272K (78%)
----------------- Invoking toplevel() on ptolemy.moml.MoMLSimpleApplication@4b53a2dc
----------------- Done invoking toplevel() on ptolemy.moml.MoMLSimpleApplication@4b53a2dc
reloadAllAccessors: .MatrixCropComplex

===========================================================================================
----------------- testing Sun Jul 19 20:59:00 UTC 2020 /home/travis/build/icyphy/ptII/ptolemy/actor/lib/test/auto/MatrixCropDouble.xml
----------------- Instantiating /home/travis/build/icyphy/ptII/ptolemy/actor/lib/test/auto/MatrixCropDouble.xml
3 ms. Memory: 454656K Free: 352176K (77%)
----------------- Invoking toplevel() on ptolemy.moml.MoMLSimpleApplication@4c02a277
----------------- Done invoking toplevel() on ptolemy.moml.MoMLSimpleApplication@4c02a277
reloadAllAccessors: .MatrixCropDouble

===========================================================================================
----------------- testing Sun Jul 19 20:59:00 UTC 2020 /home/travis/build/icyphy/ptII/ptolemy/actor/lib/test/auto/MatrixCropFix.xml
----------------- Instantiating /home/travis/build/icyphy/ptII/ptolemy/actor/lib/test/auto/MatrixCropFix.xml
2 ms. Memory: 454656K Free: 347056K (76%)
----------------- Invoking toplevel() on ptolemy.moml.MoMLSimpleApplication@1ba88bda
----------------- Done invoking toplevel() on ptolemy.moml.MoMLSimpleApplication@1ba88bda
reloadAllAccessors: .MatrixCropFix

===========================================================================================
----------------- testing Sun Jul 19 20:59:00 UTC 2020 /home/travis/build/icyphy/ptII/ptolemy/actor/lib/test/auto/MatrixCropInt.xml
----------------- Instantiating /home/travis/build/icyphy/ptII/ptolemy/actor/lib/test/auto/MatrixCropInt.xml
2 ms. Memory: 454656K Free: 342416K (75%)
----------------- Invoking toplevel() on ptolemy.moml.MoMLSimpleApplication@23ae3ade
----------------- Done invoking toplevel() on ptolemy.moml.MoMLSimpleApplication@23ae3ade
reloadAllAccessors: .MatrixCropInt

===========================================================================================
----------------- testing Sun Jul 19 20:59:00 UTC 2020 /home/travis/build/icyphy/ptII/ptolemy/actor/lib/test/auto/MatrixCropLong.xml
----------------- Instantiating /home/travis/build/icyphy/ptII/ptolemy/actor/lib/test/auto/MatrixCropLong.xml
2 ms. Memory: 454656K Free: 337312K (74%)
----------------- Invoking toplevel() on ptolemy.moml.MoMLSimpleApplication@5ecf8cd
----------------- Done invoking toplevel() on ptolemy.moml.MoMLSimpleApplication@5ecf8cd
reloadAllAccessors: .MatrixCropLong

===========================================================================================
----------------- testing Sun Jul 19 20:59:00 UTC 2020 /home/travis/build/icyphy/ptII/ptolemy/actor/lib/test/auto/MatrixToArray.xml
----------------- Instantiating /home/travis/build/icyphy/ptII/ptolemy/actor/lib/test/auto/MatrixToArray.xml
5 ms. Memory: 454656K Free: 321966K (71%)
----------------- Invoking toplevel() on ptolemy.moml.MoMLSimpleApplication@5b7dd802
----------------- Done invoking toplevel() on ptolemy.moml.MoMLSimpleApplication@5b7dd802
reloadAllAccessors: .MatrixToArray

===========================================================================================
----------------- testing Sun Jul 19 20:59:00 UTC 2020 /home/travis/build/icyphy/ptII/ptolemy/actor/lib/test/auto/MaxIndex.xml
----------------- Instantiating /home/travis/build/icyphy/ptII/ptolemy/actor/lib/test/auto/MaxIndex.xml
2 ms. Memory: 454656K Free: 317360K (70%)
----------------- Invoking toplevel() on ptolemy.moml.MoMLSimpleApplication@c7864f
----------------- Done invoking toplevel() on ptolemy.moml.MoMLSimpleApplication@c7864f
reloadAllAccessors: .MaxIndex

===========================================================================================
----------------- testing Sun Jul 19 20:59:00 UTC 2020 /home/travis/build/icyphy/ptII/ptolemy/actor/lib/test/auto/Maximum.xml
----------------- Instantiating /home/travis/build/icyphy/ptII/ptolemy/actor/lib/test/auto/Maximum.xml
2 ms. Memory: 454656K Free: 310688K (68%)
----------------- Invoking toplevel() on ptolemy.moml.MoMLSimpleApplication@486a5ca
----------------- Done invoking toplevel() on ptolemy.moml.MoMLSimpleApplication@486a5ca
reloadAllAccessors: .Maximum

===========================================================================================
----------------- testing Sun Jul 19 20:59:00 UTC 2020 /home/travis/build/icyphy/ptII/ptolemy/actor/lib/test/auto/MaximumComplex.xml
----------------- Instantiating /home/travis/build/icyphy/ptII/ptolemy/actor/lib/test/auto/MaximumComplex.xml
4 ms. Memory: 454656K Free: 304544K (67%)
----------------- Invoking toplevel() on ptolemy.moml.MoMLSimpleApplication@59b35ea0
----------------- Done invoking toplevel() on ptolemy.moml.MoMLSimpleApplication@59b35ea0
reloadAllAccessors: .MaximumComplex

===========================================================================================
----------------- testing Sun Jul 19 20:59:00 UTC 2020 /home/travis/build/icyphy/ptII/ptolemy/actor/lib/test/auto/MethodCallTest.xml
----------------- Instantiating /home/travis/build/icyphy/ptII/ptolemy/actor/lib/test/auto/MethodCallTest.xml
2 ms. Memory: 454656K Free: 297904K (66%)
----------------- Invoking toplevel() on ptolemy.moml.MoMLSimpleApplication@545cd7ce
----------------- Done invoking toplevel() on ptolemy.moml.MoMLSimpleApplication@545cd7ce
reloadAllAccessors: .MethodCallTest

===========================================================================================
----------------- testing Sun Jul 19 20:59:00 UTC 2020 /home/travis/build/icyphy/ptII/ptolemy/actor/lib/test/auto/Minimum.xml
----------------- Instantiating /home/travis/build/icyphy/ptII/ptolemy/actor/lib/test/auto/Minimum.xml
3 ms. Memory: 454656K Free: 291232K (64%)
----------------- Invoking toplevel() on ptolemy.moml.MoMLSimpleApplication@23da69b4
----------------- Done invoking toplevel() on ptolemy.moml.MoMLSimpleApplication@23da69b4
reloadAllAccessors: .Minimum

===========================================================================================
----------------- testing Sun Jul 19 20:59:00 UTC 2020 /home/travis/build/icyphy/ptII/ptolemy/actor/lib/test/auto/MinimumComplex.xml
----------------- Instantiating /home/travis/build/icyphy/ptII/ptolemy/actor/lib/test/auto/MinimumComplex.xml
3 ms. Memory: 454656K Free: 285616K (63%)
----------------- Invoking toplevel() on ptolemy.moml.MoMLSimpleApplication@257de17b
----------------- Done invoking toplevel() on ptolemy.moml.MoMLSimpleApplication@257de17b
reloadAllAccessors: .MinimumComplex

===========================================================================================
----------------- testing Sun Jul 19 20:59:00 UTC 2020 /home/travis/build/icyphy/ptII/ptolemy/actor/lib/test/auto/MinimumMultiports.xml
----------------- Instantiating /home/travis/build/icyphy/ptII/ptolemy/actor/lib/test/auto/MinimumMultiports.xml
3 ms. Memory: 454656K Free: 276896K (61%)
----------------- Invoking toplevel() on ptolemy.moml.MoMLSimpleApplication@73c584b7
----------------- Done invoking toplevel() on ptolemy.moml.MoMLSimpleApplication@73c584b7
reloadAllAccessors: .MinimumMultiports

===========================================================================================
----------------- testing Sun Jul 19 20:59:00 UTC 2020 /home/travis/build/icyphy/ptII/ptolemy/actor/lib/test/auto/ModifyDate.xml
----------------- Instantiating /home/travis/build/icyphy/ptII/ptolemy/actor/lib/test/auto/ModifyDate.xml
8 ms. Memory: 454656K Free: 264112K (58%)
----------------- Invoking toplevel() on ptolemy.moml.MoMLSimpleApplication@7b153746
----------------- Done invoking toplevel() on ptolemy.moml.MoMLSimpleApplication@7b153746
reloadAllAccessors: .ModifyDate

===========================================================================================
----------------- testing Sun Jul 19 20:59:00 UTC 2020 /home/travis/build/icyphy/ptII/ptolemy/actor/lib/test/auto/ModifyDate2.xml
----------------- Instantiating /home/travis/build/icyphy/ptII/ptolemy/actor/lib/test/auto/ModifyDate2.xml
3 ms. Memory: 454656K Free: 255406K (56%)
----------------- Invoking toplevel() on ptolemy.moml.MoMLSimpleApplication@59640d10
----------------- Done invoking toplevel() on ptolemy.moml.MoMLSimpleApplication@59640d10
reloadAllAccessors: .ModifyDate2

===========================================================================================
----------------- testing Sun Jul 19 20:59:00 UTC 2020 /home/travis/build/icyphy/ptII/ptolemy/actor/lib/test/auto/MovingAverage.xml
----------------- Instantiating /home/travis/build/icyphy/ptII/ptolemy/actor/lib/test/auto/MovingAverage.xml
2 ms. Memory: 454656K Free: 250800K (55%)
----------------- Invoking toplevel() on ptolemy.moml.MoMLSimpleApplication@5be075ed
----------------- Done invoking toplevel() on ptolemy.moml.MoMLSimpleApplication@5be075ed
reloadAllAccessors: .MovingAverage

===========================================================================================
----------------- testing Sun Jul 19 20:59:00 UTC 2020 /home/travis/build/icyphy/ptII/ptolemy/actor/lib/test/auto/MovingMaximum.xml
----------------- Instantiating /home/travis/build/icyphy/ptII/ptolemy/actor/lib/test/auto/MovingMaximum.xml
1 ms. Memory: 454656K Free: 246190K (54%)
----------------- Invoking toplevel() on ptolemy.moml.MoMLSimpleApplication@71393ff9
----------------- Done invoking toplevel() on ptolemy.moml.MoMLSimpleApplication@71393ff9
reloadAllAccessors: .MovingMaximum

===========================================================================================
----------------- testing Sun Jul 19 20:59:01 UTC 2020 /home/travis/build/icyphy/ptII/ptolemy/actor/lib/test/auto/MultipleLinksToSameRelation.xml
----------------- Instantiating /home/travis/build/icyphy/ptII/ptolemy/actor/lib/test/auto/MultipleLinksToSameRelation.xml
2 ms. Memory: 454656K Free: 242094K (53%)
----------------- Invoking toplevel() on ptolemy.moml.MoMLSimpleApplication@17cc4ef8
----------------- Done invoking toplevel() on ptolemy.moml.MoMLSimpleApplication@17cc4ef8
reloadAllAccessors: .MultipleLinksToSameRelation

===========================================================================================
----------------- testing Sun Jul 19 20:59:01 UTC 2020 /home/travis/build/icyphy/ptII/ptolemy/actor/lib/test/auto/MultipleLinksToSameRelationDE.xml
----------------- Instantiating /home/travis/build/icyphy/ptII/ptolemy/actor/lib/test/auto/MultipleLinksToSameRelationDE.xml
9 ms. Memory: 454656K Free: 237488K (52%)
----------------- Invoking toplevel() on ptolemy.moml.MoMLSimpleApplication@64c11190
----------------- Done invoking toplevel() on ptolemy.moml.MoMLSimpleApplication@64c11190
reloadAllAccessors: .MultipleLinksToSameRelationDE

===========================================================================================
----------------- testing Sun Jul 19 20:59:01 UTC 2020 /home/travis/build/icyphy/ptII/ptolemy/actor/lib/test/auto/Multiplexor.xml
----------------- Instantiating /home/travis/build/icyphy/ptII/ptolemy/actor/lib/test/auto/Multiplexor.xml
1 ms. Memory: 454656K Free: 231854K (51%)
----------------- Invoking toplevel() on ptolemy.moml.MoMLSimpleApplication@2b60de36
----------------- Done invoking toplevel() on ptolemy.moml.MoMLSimpleApplication@2b60de36
reloadAllAccessors: .Multiplexor

===========================================================================================
----------------- testing Sun Jul 19 20:59:01 UTC 2020 /home/travis/build/icyphy/ptII/ptolemy/actor/lib/test/auto/Multiplexor1.xml
----------------- Instantiating /home/travis/build/icyphy/ptII/ptolemy/actor/lib/test/auto/Multiplexor1.xml
3 ms. Memory: 454656K Free: 226224K (50%)
----------------- Invoking toplevel() on ptolemy.moml.MoMLSimpleApplication@6e7bb5b7
----------------- Done invoking toplevel() on ptolemy.moml.MoMLSimpleApplication@6e7bb5b7
reloadAllAccessors: .Multiplexor1

===========================================================================================
----------------- testing Sun Jul 19 20:59:01 UTC 2020 /home/travis/build/icyphy/ptII/ptolemy/actor/lib/test/auto/Multiplexor2.xml
----------------- Instantiating /home/travis/build/icyphy/ptII/ptolemy/actor/lib/test/auto/Multiplexor2.xml
2 ms. Memory: 454656K Free: 220080K (48%)
----------------- Invoking toplevel() on ptolemy.moml.MoMLSimpleApplication@62b85944
----------------- Done invoking toplevel() on ptolemy.moml.MoMLSimpleApplication@62b85944
reloadAllAccessors: .Multiplexor2

===========================================================================================
----------------- testing Sun Jul 19 20:59:01 UTC 2020 /home/travis/build/icyphy/ptII/ptolemy/actor/lib/test/auto/Multiplexor3.xml
----------------- Instantiating /home/travis/build/icyphy/ptII/ptolemy/actor/lib/test/auto/Multiplexor3.xml
2 ms. Memory: 454656K Free: 215984K (48%)
----------------- Invoking toplevel() on ptolemy.moml.MoMLSimpleApplication@421076b7
----------------- Done invoking toplevel() on ptolemy.moml.MoMLSimpleApplication@421076b7
reloadAllAccessors: .Multiplexor3

===========================================================================================
----------------- testing Sun Jul 19 20:59:01 UTC 2020 /home/travis/build/icyphy/ptII/ptolemy/actor/lib/test/auto/MultiplexorDE.xml
----------------- Instantiating /home/travis/build/icyphy/ptII/ptolemy/actor/lib/test/auto/MultiplexorDE.xml
2 ms. Memory: 454656K Free: 208296K (46%)
----------------- Invoking toplevel() on ptolemy.moml.MoMLSimpleApplication@6d320b91
----------------- Done invoking toplevel() on ptolemy.moml.MoMLSimpleApplication@6d320b91
reloadAllAccessors: .MultiplexorDE

===========================================================================================
----------------- testing Sun Jul 19 20:59:01 UTC 2020 /home/travis/build/icyphy/ptII/ptolemy/actor/lib/test/auto/MultiportBroadcastTest.xml
----------------- Instantiating /home/travis/build/icyphy/ptII/ptolemy/actor/lib/test/auto/MultiportBroadcastTest.xml
80 ms. Memory: 454656K Free: 202152K (44%)
----------------- Invoking toplevel() on ptolemy.moml.MoMLSimpleApplication@4e06fdc7
----------------- Done invoking toplevel() on ptolemy.moml.MoMLSimpleApplication@4e06fdc7
reloadAllAccessors: .MultiportBroadcastTest

===========================================================================================
----------------- testing Sun Jul 19 20:59:01 UTC 2020 /home/travis/build/icyphy/ptII/ptolemy/actor/lib/test/auto/MultiportOutHangDuringGetWidth.xml
----------------- Instantiating /home/travis/build/icyphy/ptII/ptolemy/actor/lib/test/auto/MultiportOutHangDuringGetWidth.xml
5 ms. Memory: 454656K Free: 189864K (42%)
----------------- Invoking toplevel() on ptolemy.moml.MoMLSimpleApplication@7d4a1522
----------------- Done invoking toplevel() on ptolemy.moml.MoMLSimpleApplication@7d4a1522
reloadAllAccessors: .MultiportOutHangDuringGetWidth

===========================================================================================
----------------- testing Sun Jul 19 20:59:01 UTC 2020 /home/travis/build/icyphy/ptII/ptolemy/actor/lib/test/auto/NilToken.xml
----------------- Instantiating /home/travis/build/icyphy/ptII/ptolemy/actor/lib/test/auto/NilToken.xml
1 ms. Memory: 454656K Free: 186288K (41%)
----------------- Invoking toplevel() on ptolemy.moml.MoMLSimpleApplication@74b8c0dd
----------------- Done invoking toplevel() on ptolemy.moml.MoMLSimpleApplication@74b8c0dd
reloadAllAccessors: .NilToken

===========================================================================================
----------------- testing Sun Jul 19 20:59:01 UTC 2020 /home/travis/build/icyphy/ptII/ptolemy/actor/lib/test/auto/NilTokenNonStrictTest.xml
----------------- Instantiating /home/travis/build/icyphy/ptII/ptolemy/actor/lib/test/auto/NilTokenNonStrictTest.xml
1 ms. Memory: 454656K Free: 181678K (40%)
----------------- Invoking toplevel() on ptolemy.moml.MoMLSimpleApplication@135e3a7d
----------------- Done invoking toplevel() on ptolemy.moml.MoMLSimpleApplication@135e3a7d
reloadAllAccessors: .NilTokenNonStrictTest

===========================================================================================
----------------- testing Sun Jul 19 20:59:01 UTC 2020 /home/travis/build/icyphy/ptII/ptolemy/actor/lib/test/auto/NilTokenRecord.xml
----------------- Instantiating /home/travis/build/icyphy/ptII/ptolemy/actor/lib/test/auto/NilTokenRecord.xml
10 ms. Memory: 454656K Free: 175024K (38%)
----------------- Invoking toplevel() on ptolemy.moml.MoMLSimpleApplication@27cf8040
----------------- Done invoking toplevel() on ptolemy.moml.MoMLSimpleApplication@27cf8040
reloadAllAccessors: .NilTokenRecord

===========================================================================================
----------------- testing Sun Jul 19 20:59:01 UTC 2020 /home/travis/build/icyphy/ptII/ptolemy/actor/lib/test/auto/NilTokenTypeTest.xml
----------------- Instantiating /home/travis/build/icyphy/ptII/ptolemy/actor/lib/test/auto/NilTokenTypeTest.xml
3 ms. Memory: 454656K Free: 165294K (36%)
----------------- Invoking toplevel() on ptolemy.moml.MoMLSimpleApplication@5ba115b
----------------- Done invoking toplevel() on ptolemy.moml.MoMLSimpleApplication@5ba115b
reloadAllAccessors: .NilTokenTypeTest

===========================================================================================
----------------- testing Sun Jul 19 20:59:01 UTC 2020 /home/travis/build/icyphy/ptII/ptolemy/actor/lib/test/auto/ObjectToken1.xml
----------------- Instantiating /home/travis/build/icyphy/ptII/ptolemy/actor/lib/test/auto/ObjectToken1.xml
2 ms. Memory: 454656K Free: 161198K (35%)
----------------- Invoking toplevel() on ptolemy.moml.MoMLSimpleApplication@6ee1e616
----------------- Done invoking toplevel() on ptolemy.moml.MoMLSimpleApplication@6ee1e616
reloadAllAccessors: .ObjectToken1

===========================================================================================
----------------- testing Sun Jul 19 20:59:01 UTC 2020 /home/travis/build/icyphy/ptII/ptolemy/actor/lib/test/auto/OrderedMerge.xml
----------------- Instantiating /home/travis/build/icyphy/ptII/ptolemy/actor/lib/test/auto/OrderedMerge.xml
9 ms. Memory: 454656K Free: 155568K (34%)
----------------- Invoking toplevel() on ptolemy.moml.MoMLSimpleApplication@1f6ad009
----------------- Done invoking toplevel() on ptolemy.moml.MoMLSimpleApplication@1f6ad009
reloadAllAccessors: .OrderedMerge

===========================================================================================
----------------- testing Sun Jul 19 20:59:01 UTC 2020 /home/travis/build/icyphy/ptII/ptolemy/actor/lib/test/auto/OrderedRecordDisassembler.xml
----------------- Instantiating /home/travis/build/icyphy/ptII/ptolemy/actor/lib/test/auto/OrderedRecordDisassembler.xml
2 ms. Memory: 454656K Free: 150928K (33%)
----------------- Invoking toplevel() on ptolemy.moml.MoMLSimpleApplication@762c4dcd
----------------- Done invoking toplevel() on ptolemy.moml.MoMLSimpleApplication@762c4dcd
reloadAllAccessors: .OrderedRecordDisassembler

===========================================================================================
----------------- testing Sun Jul 19 20:59:01 UTC 2020 /home/travis/build/icyphy/ptII/ptolemy/actor/lib/test/auto/OrderedRecordDisassembler2.xml
----------------- Instantiating /home/travis/build/icyphy/ptII/ptolemy/actor/lib/test/auto/OrderedRecordDisassembler2.xml
3 ms. Memory: 454656K Free: 143280K (32%)
----------------- Invoking toplevel() on ptolemy.moml.MoMLSimpleApplication@7d7e548c
----------------- Done invoking toplevel() on ptolemy.moml.MoMLSimpleApplication@7d7e548c
reloadAllAccessors: .OrderedRecordDisassembler2

===========================================================================================
----------------- testing Sun Jul 19 20:59:01 UTC 2020 /home/travis/build/icyphy/ptII/ptolemy/actor/lib/test/auto/OrderedRecordUpdater.xml
----------------- Instantiating /home/travis/build/icyphy/ptII/ptolemy/actor/lib/test/auto/OrderedRecordUpdater.xml
2 ms. Memory: 454656K Free: 138160K (30%)
----------------- Invoking toplevel() on ptolemy.moml.MoMLSimpleApplication@37e6e9b7
----------------- Done invoking toplevel() on ptolemy.moml.MoMLSimpleApplication@37e6e9b7
reloadAllAccessors: .RecordUpdater

===========================================================================================
----------------- testing Sun Jul 19 20:59:01 UTC 2020 /home/travis/build/icyphy/ptII/ptolemy/actor/lib/test/auto/OrderedRecordUpdater2.xml
----------------- Instantiating /home/travis/build/icyphy/ptII/ptolemy/actor/lib/test/auto/OrderedRecordUpdater2.xml
2 ms. Memory: 454656K Free: 402711K (89%)
----------------- Invoking toplevel() on ptolemy.moml.MoMLSimpleApplication@4bb1ffae
----------------- Done invoking toplevel() on ptolemy.moml.MoMLSimpleApplication@4bb1ffae
reloadAllAccessors: .RecordUpdater2

===========================================================================================
----------------- testing Sun Jul 19 20:59:01 UTC 2020 /home/travis/build/icyphy/ptII/ptolemy/actor/lib/test/auto/PhaseUnwrap.xml
----------------- Instantiating /home/travis/build/icyphy/ptII/ptolemy/actor/lib/test/auto/PhaseUnwrap.xml
1 ms. Memory: 454656K Free: 398135K (88%)
----------------- Invoking toplevel() on ptolemy.moml.MoMLSimpleApplication@5c0acfd
----------------- Done invoking toplevel() on ptolemy.moml.MoMLSimpleApplication@5c0acfd
reloadAllAccessors: .PhaseUnwrap

===========================================================================================
----------------- testing Sun Jul 19 20:59:01 UTC 2020 /home/travis/build/icyphy/ptII/ptolemy/actor/lib/test/auto/PoissonClock.xml
----------------- Instantiating /home/travis/build/icyphy/ptII/ptolemy/actor/lib/test/auto/PoissonClock.xml
1 ms. Memory: 454656K Free: 394039K (87%)
----------------- Invoking toplevel() on ptolemy.moml.MoMLSimpleApplication@608384f5
----------------- Done invoking toplevel() on ptolemy.moml.MoMLSimpleApplication@608384f5
reloadAllAccessors: .PoissonClock

===========================================================================================
----------------- testing Sun Jul 19 20:59:01 UTC 2020 /home/travis/build/icyphy/ptII/ptolemy/actor/lib/test/auto/PoissonClock2.xml
----------------- Instantiating /home/travis/build/icyphy/ptII/ptolemy/actor/lib/test/auto/PoissonClock2.xml
1 ms. Memory: 454656K Free: 389429K (86%)
----------------- Invoking toplevel() on ptolemy.moml.MoMLSimpleApplication@779e675f
----------------- Done invoking toplevel() on ptolemy.moml.MoMLSimpleApplication@779e675f
reloadAllAccessors: .PoissonClock2

===========================================================================================
----------------- testing Sun Jul 19 20:59:01 UTC 2020 /home/travis/build/icyphy/ptII/ptolemy/actor/lib/test/auto/PoissonClock3.xml
----------------- Instantiating /home/travis/build/icyphy/ptII/ptolemy/actor/lib/test/auto/PoissonClock3.xml
1 ms. Memory: 454656K Free: 384823K (85%)
----------------- Invoking toplevel() on ptolemy.moml.MoMLSimpleApplication@26384a7f
----------------- Done invoking toplevel() on ptolemy.moml.MoMLSimpleApplication@26384a7f
reloadAllAccessors: .PoissonClock3

===========================================================================================
----------------- testing Sun Jul 19 20:59:01 UTC 2020 /home/travis/build/icyphy/ptII/ptolemy/actor/lib/test/auto/PubSubWithInitialTokens.xml
----------------- Instantiating /home/travis/build/icyphy/ptII/ptolemy/actor/lib/test/auto/PubSubWithInitialTokens.xml
2 ms. Memory: 454656K Free: 379159K (83%)
----------------- Invoking toplevel() on ptolemy.moml.MoMLSimpleApplication@170114e7
----------------- Done invoking toplevel() on ptolemy.moml.MoMLSimpleApplication@170114e7
reloadAllAccessors: .PubSubWithInitialTokens

===========================================================================================
----------------- testing Sun Jul 19 20:59:01 UTC 2020 /home/travis/build/icyphy/ptII/ptolemy/actor/lib/test/auto/PubSubWithInitialTokens2.xml
----------------- Instantiating /home/travis/build/icyphy/ptII/ptolemy/actor/lib/test/auto/PubSubWithInitialTokens2.xml
1 ms. Memory: 454656K Free: 373031K (82%)
----------------- Invoking toplevel() on ptolemy.moml.MoMLSimpleApplication@23b4b842
----------------- Done invoking toplevel() on ptolemy.moml.MoMLSimpleApplication@23b4b842
reloadAllAccessors: .PubSubWithInitialTokens2

===========================================================================================
----------------- testing Sun Jul 19 20:59:01 UTC 2020 /home/travis/build/icyphy/ptII/ptolemy/actor/lib/test/auto/PublisherClassNoParameter.xml
----------------- Instantiating /home/travis/build/icyphy/ptII/ptolemy/actor/lib/test/auto/PublisherClassNoParameter.xml
2 ms. Memory: 454656K Free: 362805K (80%)
----------------- Invoking toplevel() on ptolemy.moml.MoMLSimpleApplication@63a75f55
----------------- Done invoking toplevel() on ptolemy.moml.MoMLSimpleApplication@63a75f55
reloadAllAccessors: .PublisherClassNoParameter

===========================================================================================
----------------- testing Sun Jul 19 20:59:01 UTC 2020 /home/travis/build/icyphy/ptII/ptolemy/actor/lib/test/auto/PublisherClassParameter.xml
----------------- Instantiating /home/travis/build/icyphy/ptII/ptolemy/actor/lib/test/auto/PublisherClassParameter.xml
2 ms. Memory: 454656K Free: 352055K (77%)
----------------- Invoking toplevel() on ptolemy.moml.MoMLSimpleApplication@529bcc99
----------------- Done invoking toplevel() on ptolemy.moml.MoMLSimpleApplication@529bcc99
reloadAllAccessors: .PublisherClassParameter

===========================================================================================
----------------- testing Sun Jul 19 20:59:01 UTC 2020 /home/travis/build/icyphy/ptII/ptolemy/actor/lib/test/auto/PublisherNonStrictTest.xml
----------------- Instantiating /home/travis/build/icyphy/ptII/ptolemy/actor/lib/test/auto/PublisherNonStrictTest.xml
3 ms. Memory: 454656K Free: 344887K (76%)
----------------- Invoking toplevel() on ptolemy.moml.MoMLSimpleApplication@269d6d8
----------------- Done invoking toplevel() on ptolemy.moml.MoMLSimpleApplication@269d6d8
reloadAllAccessors: .PublisherNonStrictTest

===========================================================================================
----------------- testing Sun Jul 19 20:59:01 UTC 2020 /home/travis/build/icyphy/ptII/ptolemy/actor/lib/test/auto/PublisherPort1.xml
----------------- Instantiating /home/travis/build/icyphy/ptII/ptolemy/actor/lib/test/auto/PublisherPort1.xml
11 ms. Memory: 454656K Free: 339239K (75%)
----------------- Invoking toplevel() on ptolemy.moml.MoMLSimpleApplication@1727a4ff
----------------- Done invoking toplevel() on ptolemy.moml.MoMLSimpleApplication@1727a4ff
reloadAllAccessors: .PublisherPort1

===========================================================================================
----------------- testing Sun Jul 19 20:59:01 UTC 2020 /home/travis/build/icyphy/ptII/ptolemy/actor/lib/test/auto/PublisherPort2.xml
----------------- Instantiating /home/travis/build/icyphy/ptII/ptolemy/actor/lib/test/auto/PublisherPort2.xml
3 ms. Memory: 454656K Free: 334133K (73%)
----------------- Invoking toplevel() on ptolemy.moml.MoMLSimpleApplication@8f3d3d7
----------------- Done invoking toplevel() on ptolemy.moml.MoMLSimpleApplication@8f3d3d7
reloadAllAccessors: .PublisherPort2

===========================================================================================
----------------- testing Sun Jul 19 20:59:01 UTC 2020 /home/travis/build/icyphy/ptII/ptolemy/actor/lib/test/auto/PublisherPort3.xml
----------------- Instantiating /home/travis/build/icyphy/ptII/ptolemy/actor/lib/test/auto/PublisherPort3.xml
3 ms. Memory: 454656K Free: 327479K (72%)
----------------- Invoking toplevel() on ptolemy.moml.MoMLSimpleApplication@69169baa
----------------- Done invoking toplevel() on ptolemy.moml.MoMLSimpleApplication@69169baa
reloadAllAccessors: .PublisherPort3

===========================================================================================
----------------- testing Sun Jul 19 20:59:01 UTC 2020 /home/travis/build/icyphy/ptII/ptolemy/actor/lib/test/auto/PublisherPort4.xml
----------------- Instantiating /home/travis/build/icyphy/ptII/ptolemy/actor/lib/test/auto/PublisherPort4.xml
2 ms. Memory: 454656K Free: 321831K (71%)
----------------- Invoking toplevel() on ptolemy.moml.MoMLSimpleApplication@7b28714e
----------------- Done invoking toplevel() on ptolemy.moml.MoMLSimpleApplication@7b28714e
reloadAllAccessors: .PublisherPort4

===========================================================================================
----------------- testing Sun Jul 19 20:59:01 UTC 2020 /home/travis/build/icyphy/ptII/ptolemy/actor/lib/test/auto/PublisherPort5.xml
----------------- Instantiating /home/travis/build/icyphy/ptII/ptolemy/actor/lib/test/auto/PublisherPort5.xml
6 ms. Memory: 454656K Free: 314167K (69%)
----------------- Invoking toplevel() on ptolemy.moml.MoMLSimpleApplication@2f47cb52
----------------- Done invoking toplevel() on ptolemy.moml.MoMLSimpleApplication@2f47cb52
reloadAllAccessors: .PublisherPort5

===========================================================================================
----------------- testing Sun Jul 19 20:59:01 UTC 2020 /home/travis/build/icyphy/ptII/ptolemy/actor/lib/test/auto/PublisherPort5LookAlike.xml
----------------- Instantiating /home/travis/build/icyphy/ptII/ptolemy/actor/lib/test/auto/PublisherPort5LookAlike.xml
6 ms. Memory: 454656K Free: 306485K (67%)
----------------- Invoking toplevel() on ptolemy.moml.MoMLSimpleApplication@564a2966
----------------- Done invoking toplevel() on ptolemy.moml.MoMLSimpleApplication@564a2966
reloadAllAccessors: .PublisherPort5LookAlike

===========================================================================================
----------------- testing Sun Jul 19 20:59:01 UTC 2020 /home/travis/build/icyphy/ptII/ptolemy/actor/lib/test/auto/PublisherPort6.xml
----------------- Instantiating /home/travis/build/icyphy/ptII/ptolemy/actor/lib/test/auto/PublisherPort6.xml
2 ms. Memory: 454656K Free: 299831K (66%)
----------------- Invoking toplevel() on ptolemy.moml.MoMLSimpleApplication@1ebb2add
----------------- Done invoking toplevel() on ptolemy.moml.MoMLSimpleApplication@1ebb2add
reloadAllAccessors: .PublisherPort6

===========================================================================================
----------------- testing Sun Jul 19 20:59:01 UTC 2020 /home/travis/build/icyphy/ptII/ptolemy/actor/lib/test/auto/PublisherPort7.xml
----------------- Instantiating /home/travis/build/icyphy/ptII/ptolemy/actor/lib/test/auto/PublisherPort7.xml
3 ms. Memory: 454656K Free: 292149K (64%)
----------------- Invoking toplevel() on ptolemy.moml.MoMLSimpleApplication@33efc25f
----------------- Done invoking toplevel() on ptolemy.moml.MoMLSimpleApplication@33efc25f
reloadAllAccessors: .PublisherPort7

===========================================================================================
----------------- testing Sun Jul 19 20:59:01 UTC 2020 /home/travis/build/icyphy/ptII/ptolemy/actor/lib/test/auto/PublisherPort8.xml
----------------- Instantiating /home/travis/build/icyphy/ptII/ptolemy/actor/lib/test/auto/PublisherPort8.xml
3 ms. Memory: 454656K Free: 283957K (62%)
----------------- Invoking toplevel() on ptolemy.moml.MoMLSimpleApplication@10bbb416
----------------- Done invoking toplevel() on ptolemy.moml.MoMLSimpleApplication@10bbb416
reloadAllAccessors: .PublisherPort8

===========================================================================================
----------------- testing Sun Jul 19 20:59:01 UTC 2020 /home/travis/build/icyphy/ptII/ptolemy/actor/lib/test/auto/PublisherPortSubscriberChannelVariablesAOC2.xml
----------------- Instantiating /home/travis/build/icyphy/ptII/ptolemy/actor/lib/test/auto/PublisherPortSubscriberChannelVariablesAOC2.xml
2 ms. Memory: 454656K Free: 267063K (59%)
----------------- Invoking toplevel() on ptolemy.moml.MoMLSimpleApplication@45394598
----------------- Done invoking toplevel() on ptolemy.moml.MoMLSimpleApplication@45394598
reloadAllAccessors: .PublisherPortSubscriberChannelVariablesAOC2

===========================================================================================
----------------- testing Sun Jul 19 20:59:01 UTC 2020 /home/travis/build/icyphy/ptII/ptolemy/actor/lib/test/auto/PublisherPortSubscriberOpaqueWidthInference.xml
----------------- Instantiating /home/travis/build/icyphy/ptII/ptolemy/actor/lib/test/auto/PublisherPortSubscriberOpaqueWidthInference.xml
4 ms. Memory: 454656K Free: 258871K (57%)
----------------- Invoking toplevel() on ptolemy.moml.MoMLSimpleApplication@4a3b4e33
----------------- Done invoking toplevel() on ptolemy.moml.MoMLSimpleApplication@4a3b4e33
reloadAllAccessors: .PublisherPortSubscriberOpaqueWidthInference

===========================================================================================
----------------- testing Sun Jul 19 20:59:01 UTC 2020 /home/travis/build/icyphy/ptII/ptolemy/actor/lib/test/auto/PublisherPortSubscriberPortAdjacent.xml
----------------- Instantiating /home/travis/build/icyphy/ptII/ptolemy/actor/lib/test/auto/PublisherPortSubscriberPortAdjacent.xml
2 ms. Memory: 454656K Free: 250679K (55%)
----------------- Invoking toplevel() on ptolemy.moml.MoMLSimpleApplication@2d4e30cd
----------------- Done invoking toplevel() on ptolemy.moml.MoMLSimpleApplication@2d4e30cd
reloadAllAccessors: .PublisherPortSubscriberPortAdjacent

===========================================================================================
----------------- testing Sun Jul 19 20:59:01 UTC 2020 /home/travis/build/icyphy/ptII/ptolemy/actor/lib/test/auto/PublisherPortSubscriberPortExpression.xml
----------------- Instantiating /home/travis/build/icyphy/ptII/ptolemy/actor/lib/test/auto/PublisherPortSubscriberPortExpression.xml
3 ms. Memory: 454656K Free: 242991K (53%)
----------------- Invoking toplevel() on ptolemy.moml.MoMLSimpleApplication@30abb5c6
----------------- Done invoking toplevel() on ptolemy.moml.MoMLSimpleApplication@30abb5c6
reloadAllAccessors: .PublisherPortSubscriberPortExpression

===========================================================================================
----------------- testing Sun Jul 19 20:59:01 UTC 2020 /home/travis/build/icyphy/ptII/ptolemy/actor/lib/test/auto/PublisherPortSubscriberPortOpaqueD3Reverse.xml
----------------- Instantiating /home/travis/build/icyphy/ptII/ptolemy/actor/lib/test/auto/PublisherPortSubscriberPortOpaqueD3Reverse.xml
5 ms. Memory: 454656K Free: 232757K (51%)
----------------- Invoking toplevel() on ptolemy.moml.MoMLSimpleApplication@2b58764a
----------------- Done invoking toplevel() on ptolemy.moml.MoMLSimpleApplication@2b58764a
reloadAllAccessors: .PublisherPortSubscriberPortOpaqueD3Reverse

===========================================================================================
----------------- testing Sun Jul 19 20:59:01 UTC 2020 /home/travis/build/icyphy/ptII/ptolemy/actor/lib/test/auto/PublisherPortSubscriberPortOpaqueWidthInference.xml
----------------- Instantiating /home/travis/build/icyphy/ptII/ptolemy/actor/lib/test/auto/PublisherPortSubscriberPortOpaqueWidthInference.xml
4 ms. Memory: 454656K Free: 225079K (50%)
----------------- Invoking toplevel() on ptolemy.moml.MoMLSimpleApplication@1d1348cc
----------------- Done invoking toplevel() on ptolemy.moml.MoMLSimpleApplication@1d1348cc
reloadAllAccessors: .PublisherPortSubscriberPortOpaqueWidthInference

===========================================================================================
----------------- testing Sun Jul 19 20:59:01 UTC 2020 /home/travis/build/icyphy/ptII/ptolemy/actor/lib/test/auto/PublisherPortToplevelSubscriberPortAOC.xml
----------------- Instantiating /home/travis/build/icyphy/ptII/ptolemy/actor/lib/test/auto/PublisherPortToplevelSubscriberPortAOC.xml
.PublisherPortToplevelSubscriberPortAOC.TestExceptionAttribute: initialize() was not invoked, but wrapup() was.  This is unusual, but not always a problem.  For example, exporting JNLP will do this.
1 ms. Memory: 454656K Free: 218935K (48%)
----------------- Invoking toplevel() on ptolemy.moml.MoMLSimpleApplication@2f9f14fc
----------------- Done invoking toplevel() on ptolemy.moml.MoMLSimpleApplication@2f9f14fc
reloadAllAccessors: .PublisherPortToplevelSubscriberPortAOC

===========================================================================================
----------------- testing Sun Jul 19 20:59:01 UTC 2020 /home/travis/build/icyphy/ptII/ptolemy/actor/lib/test/auto/PublisherSubscriber.xml
----------------- Instantiating /home/travis/build/icyphy/ptII/ptolemy/actor/lib/test/auto/PublisherSubscriber.xml
7 ms. Memory: 454656K Free: 211767K (47%)
----------------- Invoking toplevel() on ptolemy.moml.MoMLSimpleApplication@59783b8d
----------------- Done invoking toplevel() on ptolemy.moml.MoMLSimpleApplication@59783b8d
reloadAllAccessors: .PublisherSubscriber

===========================================================================================
----------------- testing Sun Jul 19 20:59:01 UTC 2020 /home/travis/build/icyphy/ptII/ptolemy/actor/lib/test/auto/PublisherSubscriber10.xml
----------------- Instantiating /home/travis/build/icyphy/ptII/ptolemy/actor/lib/test/auto/PublisherSubscriber10.xml
8 ms. Memory: 454656K Free: 202551K (45%)
----------------- Invoking toplevel() on ptolemy.moml.MoMLSimpleApplication@49abbbd1
----------------- Done invoking toplevel() on ptolemy.moml.MoMLSimpleApplication@49abbbd1
reloadAllAccessors: .PublisherSubscriber10

===========================================================================================
----------------- testing Sun Jul 19 20:59:01 UTC 2020 /home/travis/build/icyphy/ptII/ptolemy/actor/lib/test/auto/PublisherSubscriber10InitialOutputs.xml
----------------- Instantiating /home/travis/build/icyphy/ptII/ptolemy/actor/lib/test/auto/PublisherSubscriber10InitialOutputs.xml
12 ms. Memory: 454656K Free: 193335K (43%)
----------------- Invoking toplevel() on ptolemy.moml.MoMLSimpleApplication@57012828
----------------- Done invoking toplevel() on ptolemy.moml.MoMLSimpleApplication@57012828
reloadAllAccessors: .PublisherSubscriber10InitialOutputs

===========================================================================================
----------------- testing Sun Jul 19 20:59:01 UTC 2020 /home/travis/build/icyphy/ptII/ptolemy/actor/lib/test/auto/PublisherSubscriber11.xml
----------------- Instantiating /home/travis/build/icyphy/ptII/ptolemy/actor/lib/test/auto/PublisherSubscriber11.xml
5 ms. Memory: 454656K Free: 187191K (41%)
----------------- Invoking toplevel() on ptolemy.moml.MoMLSimpleApplication@3081fa85
----------------- Done invoking toplevel() on ptolemy.moml.MoMLSimpleApplication@3081fa85
reloadAllAccessors: .PublisherSubscriber11

===========================================================================================
----------------- testing Sun Jul 19 20:59:01 UTC 2020 /home/travis/build/icyphy/ptII/ptolemy/actor/lib/test/auto/PublisherSubscriber12.xml
----------------- Instantiating /home/travis/build/icyphy/ptII/ptolemy/actor/lib/test/auto/PublisherSubscriber12.xml
3 ms. Memory: 454656K Free: 181047K (40%)
----------------- Invoking toplevel() on ptolemy.moml.MoMLSimpleApplication@73fe04bc
----------------- Done invoking toplevel() on ptolemy.moml.MoMLSimpleApplication@73fe04bc
reloadAllAccessors: .PublisherSubscriber12

===========================================================================================
----------------- testing Sun Jul 19 20:59:02 UTC 2020 /home/travis/build/icyphy/ptII/ptolemy/actor/lib/test/auto/PublisherSubscriber13.xml
----------------- Instantiating /home/travis/build/icyphy/ptII/ptolemy/actor/lib/test/auto/PublisherSubscriber13.xml
3 ms. Memory: 454656K Free: 175383K (39%)
----------------- Invoking toplevel() on ptolemy.moml.MoMLSimpleApplication@48415841
----------------- Done invoking toplevel() on ptolemy.moml.MoMLSimpleApplication@48415841
reloadAllAccessors: .PublisherSubscriber13

===========================================================================================
----------------- testing Sun Jul 19 20:59:02 UTC 2020 /home/travis/build/icyphy/ptII/ptolemy/actor/lib/test/auto/PublisherSubscriber14.xml
----------------- Instantiating /home/travis/build/icyphy/ptII/ptolemy/actor/lib/test/auto/PublisherSubscriber14.xml
2 ms. Memory: 454656K Free: 166711K (37%)
----------------- Invoking toplevel() on ptolemy.moml.MoMLSimpleApplication@aa3b9bc
----------------- Done invoking toplevel() on ptolemy.moml.MoMLSimpleApplication@aa3b9bc
reloadAllAccessors: .PublisherSubscriber14

===========================================================================================
----------------- testing Sun Jul 19 20:59:02 UTC 2020 /home/travis/build/icyphy/ptII/ptolemy/actor/lib/test/auto/PublisherSubscriber2.xml
----------------- Instantiating /home/travis/build/icyphy/ptII/ptolemy/actor/lib/test/auto/PublisherSubscriber2.xml
3 ms. Memory: 454656K Free: 161077K (35%)
----------------- Invoking toplevel() on ptolemy.moml.MoMLSimpleApplication@cb16929
----------------- Done invoking toplevel() on ptolemy.moml.MoMLSimpleApplication@cb16929
reloadAllAccessors: .PublisherSubscriber2

===========================================================================================
----------------- testing Sun Jul 19 20:59:02 UTC 2020 /home/travis/build/icyphy/ptII/ptolemy/actor/lib/test/auto/PublisherSubscriber3.xml
----------------- Instantiating /home/travis/build/icyphy/ptII/ptolemy/actor/lib/test/auto/PublisherSubscriber3.xml
2 ms. Memory: 454656K Free: 155447K (34%)
----------------- Invoking toplevel() on ptolemy.moml.MoMLSimpleApplication@549d22f1
----------------- Done invoking toplevel() on ptolemy.moml.MoMLSimpleApplication@549d22f1
reloadAllAccessors: .PublisherSubscriber3

===========================================================================================
----------------- testing Sun Jul 19 20:59:02 UTC 2020 /home/travis/build/icyphy/ptII/ptolemy/actor/lib/test/auto/PublisherSubscriber4.xml
----------------- Instantiating /home/travis/build/icyphy/ptII/ptolemy/actor/lib/test/auto/PublisherSubscriber4.xml
2 ms. Memory: 454656K Free: 150327K (33%)
----------------- Invoking toplevel() on ptolemy.moml.MoMLSimpleApplication@2a5b4b55
----------------- Done invoking toplevel() on ptolemy.moml.MoMLSimpleApplication@2a5b4b55
reloadAllAccessors: .PublisherSubscriber4

===========================================================================================
----------------- testing Sun Jul 19 20:59:02 UTC 2020 /home/travis/build/icyphy/ptII/ptolemy/actor/lib/test/auto/PublisherSubscriber5.xml
----------------- Instantiating /home/travis/build/icyphy/ptII/ptolemy/actor/lib/test/auto/PublisherSubscriber5.xml
3 ms. Memory: 454656K Free: 143655K (32%)
----------------- Invoking toplevel() on ptolemy.moml.MoMLSimpleApplication@aeadf3c
----------------- Done invoking toplevel() on ptolemy.moml.MoMLSimpleApplication@aeadf3c
reloadAllAccessors: .PublisherSubscriber5

===========================================================================================
----------------- testing Sun Jul 19 20:59:02 UTC 2020 /home/travis/build/icyphy/ptII/ptolemy/actor/lib/test/auto/PublisherSubscriber6.xml
----------------- Instantiating /home/travis/build/icyphy/ptII/ptolemy/actor/lib/test/auto/PublisherSubscriber6.xml
4 ms. Memory: 454656K Free: 137015K (30%)
----------------- Invoking toplevel() on ptolemy.moml.MoMLSimpleApplication@7a394d5c
----------------- Done invoking toplevel() on ptolemy.moml.MoMLSimpleApplication@7a394d5c
reloadAllAccessors: .PublisherSubscriber6

===========================================================================================
----------------- testing Sun Jul 19 20:59:02 UTC 2020 /home/travis/build/icyphy/ptII/ptolemy/actor/lib/test/auto/PublisherSubscriber7.xml
----------------- Instantiating /home/travis/build/icyphy/ptII/ptolemy/actor/lib/test/auto/PublisherSubscriber7.xml
7 ms. Memory: 454656K Free: 398906K (88%)
----------------- Invoking toplevel() on ptolemy.moml.MoMLSimpleApplication@4c4b2ed7
----------------- Done invoking toplevel() on ptolemy.moml.MoMLSimpleApplication@4c4b2ed7
reloadAllAccessors: .PublisherSubscriber7

===========================================================================================
----------------- testing Sun Jul 19 20:59:02 UTC 2020 /home/travis/build/icyphy/ptII/ptolemy/actor/lib/test/auto/PublisherSubscriber8.xml
----------------- Instantiating /home/travis/build/icyphy/ptII/ptolemy/actor/lib/test/auto/PublisherSubscriber8.xml
20 ms. Memory: 454656K Free: 387128K (85%)
----------------- Invoking toplevel() on ptolemy.moml.MoMLSimpleApplication@48a7c1ef
----------------- Done invoking toplevel() on ptolemy.moml.MoMLSimpleApplication@48a7c1ef
reloadAllAccessors: .PublisherSubscriber8

===========================================================================================
----------------- testing Sun Jul 19 20:59:02 UTC 2020 /home/travis/build/icyphy/ptII/ptolemy/actor/lib/test/auto/PublisherSubscriber9.xml
----------------- Instantiating /home/travis/build/icyphy/ptII/ptolemy/actor/lib/test/auto/PublisherSubscriber9.xml
2 ms. Memory: 454656K Free: 379954K (84%)
----------------- Invoking toplevel() on ptolemy.moml.MoMLSimpleApplication@353898d4
----------------- Done invoking toplevel() on ptolemy.moml.MoMLSimpleApplication@353898d4
reloadAllAccessors: .PublisherSubscriber9

===========================================================================================
----------------- testing Sun Jul 19 20:59:02 UTC 2020 /home/travis/build/icyphy/ptII/ptolemy/actor/lib/test/auto/PublisherSubscriberAdjacent.xml
----------------- Instantiating /home/travis/build/icyphy/ptII/ptolemy/actor/lib/test/auto/PublisherSubscriberAdjacent.xml
2 ms. Memory: 454656K Free: 371768K (82%)
----------------- Invoking toplevel() on ptolemy.moml.MoMLSimpleApplication@2dd5ea3f
----------------- Done invoking toplevel() on ptolemy.moml.MoMLSimpleApplication@2dd5ea3f
reloadAllAccessors: .PublisherSubscriberAdjacent

===========================================================================================
----------------- testing Sun Jul 19 20:59:02 UTC 2020 /home/travis/build/icyphy/ptII/ptolemy/actor/lib/test/auto/PublisherSubscriberChannelVariablesAOC2.xml
----------------- Instantiating /home/travis/build/icyphy/ptII/ptolemy/actor/lib/test/auto/PublisherSubscriberChannelVariablesAOC2.xml
2 ms. Memory: 454656K Free: 356922K (79%)
----------------- Invoking toplevel() on ptolemy.moml.MoMLSimpleApplication@63328843
----------------- Done invoking toplevel() on ptolemy.moml.MoMLSimpleApplication@63328843
reloadAllAccessors: .PublisherSubscriberChannelVariablesAOC2

===========================================================================================
----------------- testing Sun Jul 19 20:59:02 UTC 2020 /home/travis/build/icyphy/ptII/ptolemy/actor/lib/test/auto/PublisherSubscriberD3.xml
----------------- Instantiating /home/travis/build/icyphy/ptII/ptolemy/actor/lib/test/auto/PublisherSubscriberD3.xml
2 ms. Memory: 454656K Free: 349754K (77%)
----------------- Invoking toplevel() on ptolemy.moml.MoMLSimpleApplication@3d5b2882
----------------- Done invoking toplevel() on ptolemy.moml.MoMLSimpleApplication@3d5b2882
reloadAllAccessors: .PublisherSubscriberD3

===========================================================================================
----------------- testing Sun Jul 19 20:59:02 UTC 2020 /home/travis/build/icyphy/ptII/ptolemy/actor/lib/test/auto/PublisherSubscriberD3Reverse.xml
----------------- Instantiating /home/travis/build/icyphy/ptII/ptolemy/actor/lib/test/auto/PublisherSubscriberD3Reverse.xml
1 ms. Memory: 454656K Free: 343610K (76%)
----------------- Invoking toplevel() on ptolemy.moml.MoMLSimpleApplication@4b9f4d6a
----------------- Done invoking toplevel() on ptolemy.moml.MoMLSimpleApplication@4b9f4d6a
reloadAllAccessors: .PublisherSubscriberD3Reverse

===========================================================================================
----------------- testing Sun Jul 19 20:59:02 UTC 2020 /home/travis/build/icyphy/ptII/ptolemy/actor/lib/test/auto/PublisherSubscriberExpression.xml
----------------- Instantiating /home/travis/build/icyphy/ptII/ptolemy/actor/lib/test/auto/PublisherSubscriberExpression.xml
4 ms. Memory: 454656K Free: 335418K (74%)
----------------- Invoking toplevel() on ptolemy.moml.MoMLSimpleApplication@50897393
----------------- Done invoking toplevel() on ptolemy.moml.MoMLSimpleApplication@50897393
reloadAllAccessors: .PublisherSubscriberExpression

===========================================================================================
----------------- testing Sun Jul 19 20:59:02 UTC 2020 /home/travis/build/icyphy/ptII/ptolemy/actor/lib/test/auto/PublisherSubscriberOpaque.xml
----------------- Instantiating /home/travis/build/icyphy/ptII/ptolemy/actor/lib/test/auto/PublisherSubscriberOpaque.xml
4 ms. Memory: 454656K Free: 327226K (72%)
----------------- Invoking toplevel() on ptolemy.moml.MoMLSimpleApplication@43a609bb
----------------- Done invoking toplevel() on ptolemy.moml.MoMLSimpleApplication@43a609bb
reloadAllAccessors: .PublisherSubscriberOpaque

===========================================================================================
----------------- testing Sun Jul 19 20:59:02 UTC 2020 /home/travis/build/icyphy/ptII/ptolemy/actor/lib/test/auto/PublisherSubscriberOpaqueD3.xml
----------------- Instantiating /home/travis/build/icyphy/ptII/ptolemy/actor/lib/test/auto/PublisherSubscriberOpaqueD3.xml
6 ms. Memory: 454656K Free: 315962K (69%)
----------------- Invoking toplevel() on ptolemy.moml.MoMLSimpleApplication@3041481f
----------------- Done invoking toplevel() on ptolemy.moml.MoMLSimpleApplication@3041481f
reloadAllAccessors: .PublisherSubscriberOpaqueD3

===========================================================================================
----------------- testing Sun Jul 19 20:59:02 UTC 2020 /home/travis/build/icyphy/ptII/ptolemy/actor/lib/test/auto/PublisherSubscriberOpaqueD3Reverse.xml
----------------- Instantiating /home/travis/build/icyphy/ptII/ptolemy/actor/lib/test/auto/PublisherSubscriberOpaqueD3Reverse.xml
8 ms. Memory: 454656K Free: 305208K (67%)
----------------- Invoking toplevel() on ptolemy.moml.MoMLSimpleApplication@21e81a01
----------------- Done invoking toplevel() on ptolemy.moml.MoMLSimpleApplication@21e81a01
reloadAllAccessors: .PublisherSubscriberOpaqueD3Reverse

===========================================================================================
----------------- testing Sun Jul 19 20:59:02 UTC 2020 /home/travis/build/icyphy/ptII/ptolemy/actor/lib/test/auto/PublisherSubscriberOpaqueWidthInference.xml
----------------- Instantiating /home/travis/build/icyphy/ptII/ptolemy/actor/lib/test/auto/PublisherSubscriberOpaqueWidthInference.xml
4 ms. Memory: 454656K Free: 297002K (65%)
----------------- Invoking toplevel() on ptolemy.moml.MoMLSimpleApplication@29cecc1f
----------------- Done invoking toplevel() on ptolemy.moml.MoMLSimpleApplication@29cecc1f
reloadAllAccessors: .PublisherSubscriberOpaqueWidthInference

===========================================================================================
----------------- testing Sun Jul 19 20:59:02 UTC 2020 /home/travis/build/icyphy/ptII/ptolemy/actor/lib/test/auto/PublisherTestSubscriber.xml
----------------- Instantiating /home/travis/build/icyphy/ptII/ptolemy/actor/lib/test/auto/PublisherTestSubscriber.xml
3 ms. Memory: 454656K Free: 289338K (64%)
----------------- Invoking toplevel() on ptolemy.moml.MoMLSimpleApplication@725e9d9
----------------- Done invoking toplevel() on ptolemy.moml.MoMLSimpleApplication@725e9d9
reloadAllAccessors: .PublisherTestSubscriber

===========================================================================================
----------------- testing Sun Jul 19 20:59:02 UTC 2020 /home/travis/build/icyphy/ptII/ptolemy/actor/lib/test/auto/PublisherToplevelSubscriberPortAOC.xml
----------------- Instantiating /home/travis/build/icyphy/ptII/ptolemy/actor/lib/test/auto/PublisherToplevelSubscriberPortAOC.xml
2 ms. Memory: 454656K Free: 282674K (62%)
----------------- Invoking toplevel() on ptolemy.moml.MoMLSimpleApplication@266c8e2a
----------------- Done invoking toplevel() on ptolemy.moml.MoMLSimpleApplication@266c8e2a
reloadAllAccessors: .PublisherToplevelSubscriberPortAOC

===========================================================================================
----------------- testing Sun Jul 19 20:59:02 UTC 2020 /home/travis/build/icyphy/ptII/ptolemy/actor/lib/test/auto/PulseFiringLimitDE.xml
----------------- Instantiating /home/travis/build/icyphy/ptII/ptolemy/actor/lib/test/auto/PulseFiringLimitDE.xml
3 ms. Memory: 454656K Free: 276536K (61%)
----------------- Invoking toplevel() on ptolemy.moml.MoMLSimpleApplication@77526792
----------------- Done invoking toplevel() on ptolemy.moml.MoMLSimpleApplication@77526792
reloadAllAccessors: .PulseFiringLimitDE

===========================================================================================
----------------- testing Sun Jul 19 20:59:02 UTC 2020 /home/travis/build/icyphy/ptII/ptolemy/actor/lib/test/auto/Ramp1.xml
----------------- Instantiating /home/travis/build/icyphy/ptII/ptolemy/actor/lib/test/auto/Ramp1.xml
1 ms. Memory: 454656K Free: 272440K (60%)
----------------- Invoking toplevel() on ptolemy.moml.MoMLSimpleApplication@1a1be5b4
----------------- Done invoking toplevel() on ptolemy.moml.MoMLSimpleApplication@1a1be5b4
reloadAllAccessors: .Ramp1

===========================================================================================
----------------- testing Sun Jul 19 20:59:02 UTC 2020 /home/travis/build/icyphy/ptII/ptolemy/actor/lib/test/auto/RampFiringLimitDE.xml
----------------- Instantiating /home/travis/build/icyphy/ptII/ptolemy/actor/lib/test/auto/RampFiringLimitDE.xml
3 ms. Memory: 454656K Free: 266282K (59%)
----------------- Invoking toplevel() on ptolemy.moml.MoMLSimpleApplication@208e83b4
----------------- Done invoking toplevel() on ptolemy.moml.MoMLSimpleApplication@208e83b4
reloadAllAccessors: .RampFiringLimitDE

===========================================================================================
----------------- testing Sun Jul 19 20:59:02 UTC 2020 /home/travis/build/icyphy/ptII/ptolemy/actor/lib/test/auto/RampFiringLimitSDF.xml
----------------- Instantiating /home/travis/build/icyphy/ptII/ptolemy/actor/lib/test/auto/RampFiringLimitSDF.xml
2 ms. Memory: 454656K Free: 261162K (57%)
----------------- Invoking toplevel() on ptolemy.moml.MoMLSimpleApplication@2ad5c49b
----------------- Done invoking toplevel() on ptolemy.moml.MoMLSimpleApplication@2ad5c49b
reloadAllAccessors: .RampFiringLimitSDF

===========================================================================================
----------------- testing Sun Jul 19 20:59:02 UTC 2020 /home/travis/build/icyphy/ptII/ptolemy/actor/lib/test/auto/RandomInteger.xml
----------------- Instantiating /home/travis/build/icyphy/ptII/ptolemy/actor/lib/test/auto/RandomInteger.xml
1 ms. Memory: 454656K Free: 257080K (57%)
----------------- Invoking toplevel() on ptolemy.moml.MoMLSimpleApplication@671d9b9f
----------------- Done invoking toplevel() on ptolemy.moml.MoMLSimpleApplication@671d9b9f
reloadAllAccessors: .RandomInteger

===========================================================================================
----------------- testing Sun Jul 19 20:59:02 UTC 2020 /home/travis/build/icyphy/ptII/ptolemy/actor/lib/test/auto/ReadFile1.xml
----------------- Instantiating /home/travis/build/icyphy/ptII/ptolemy/actor/lib/test/auto/ReadFile1.xml
1 ms. Memory: 454656K Free: 252474K (56%)
----------------- Invoking toplevel() on ptolemy.moml.MoMLSimpleApplication@1a629cc7
----------------- Done invoking toplevel() on ptolemy.moml.MoMLSimpleApplication@1a629cc7
reloadAllAccessors: .ReadFile1

===========================================================================================
----------------- testing Sun Jul 19 20:59:02 UTC 2020 /home/travis/build/icyphy/ptII/ptolemy/actor/lib/test/auto/ReadFile2.xml
----------------- Instantiating /home/travis/build/icyphy/ptII/ptolemy/actor/lib/test/auto/ReadFile2.xml
0 ms. Memory: 454656K Free: 248378K (55%)
----------------- Invoking toplevel() on ptolemy.moml.MoMLSimpleApplication@23b17fa0
----------------- Done invoking toplevel() on ptolemy.moml.MoMLSimpleApplication@23b17fa0
reloadAllAccessors: .ReadFile2

===========================================================================================
----------------- testing Sun Jul 19 20:59:02 UTC 2020 /home/travis/build/icyphy/ptII/ptolemy/actor/lib/test/auto/Reader.xml
----------------- Instantiating /home/travis/build/icyphy/ptII/ptolemy/actor/lib/test/auto/Reader.xml
actor.lib.Reader is obsolete, use actor.lib.io.ExpressionReader instead
4 ms. Memory: 454656K Free: 244282K (54%)
----------------- Invoking toplevel() on ptolemy.moml.MoMLSimpleApplication@166b9341
----------------- Done invoking toplevel() on ptolemy.moml.MoMLSimpleApplication@166b9341
reloadAllAccessors: .Reader

===========================================================================================
----------------- testing Sun Jul 19 20:59:02 UTC 2020 /home/travis/build/icyphy/ptII/ptolemy/actor/lib/test/auto/RecordAssemblerDisplayNameTest.xml
----------------- Instantiating /home/travis/build/icyphy/ptII/ptolemy/actor/lib/test/auto/RecordAssemblerDisplayNameTest.xml
3280 ms. Memory: 454656K Free: 363279K (80%)
----------------- Invoking toplevel() on ptolemy.moml.MoMLSimpleApplication@4c84378
----------------- Done invoking toplevel() on ptolemy.moml.MoMLSimpleApplication@4c84378
reloadAllAccessors: .RecordAssemblerDisplayNameTest

===========================================================================================
----------------- testing Sun Jul 19 20:59:05 UTC 2020 /home/travis/build/icyphy/ptII/ptolemy/actor/lib/test/auto/RecordAssemblerTypeError.xml
----------------- Instantiating /home/travis/build/icyphy/ptII/ptolemy/actor/lib/test/auto/RecordAssemblerTypeError.xml
24 ms. Memory: 454656K Free: 353553K (78%)
----------------- Invoking toplevel() on ptolemy.moml.MoMLSimpleApplication@fd23ac2
----------------- Done invoking toplevel() on ptolemy.moml.MoMLSimpleApplication@fd23ac2
reloadAllAccessors: .RecordAssemblerTypeError

===========================================================================================
----------------- testing Sun Jul 19 20:59:05 UTC 2020 /home/travis/build/icyphy/ptII/ptolemy/actor/lib/test/auto/RecordDisassember.xml
----------------- Instantiating /home/travis/build/icyphy/ptII/ptolemy/actor/lib/test/auto/RecordDisassember.xml
6 ms. Memory: 454656K Free: 348913K (77%)
----------------- Invoking toplevel() on ptolemy.moml.MoMLSimpleApplication@7c41ac64
----------------- Done invoking toplevel() on ptolemy.moml.MoMLSimpleApplication@7c41ac64
reloadAllAccessors: .RecordDisassember

===========================================================================================
----------------- testing Sun Jul 19 20:59:05 UTC 2020 /home/travis/build/icyphy/ptII/ptolemy/actor/lib/test/auto/RecordDisassemberDisplayNameTest.xml
----------------- Instantiating /home/travis/build/icyphy/ptII/ptolemy/actor/lib/test/auto/RecordDisassemberDisplayNameTest.xml
5 ms. Memory: 454656K Free: 340751K (75%)
----------------- Invoking toplevel() on ptolemy.moml.MoMLSimpleApplication@649cc46
----------------- Done invoking toplevel() on ptolemy.moml.MoMLSimpleApplication@649cc46
reloadAllAccessors: .RecordDisassemberDisplayNameTest

===========================================================================================
----------------- testing Sun Jul 19 20:59:05 UTC 2020 /home/travis/build/icyphy/ptII/ptolemy/actor/lib/test/auto/RecordDisassembler.xml
----------------- Instantiating /home/travis/build/icyphy/ptII/ptolemy/actor/lib/test/auto/RecordDisassembler.xml
2 ms. Memory: 454656K Free: 335601K (74%)
----------------- Invoking toplevel() on ptolemy.moml.MoMLSimpleApplication@2077255c
----------------- Done invoking toplevel() on ptolemy.moml.MoMLSimpleApplication@2077255c
reloadAllAccessors: .RecordDisassembler

===========================================================================================
----------------- testing Sun Jul 19 20:59:05 UTC 2020 /home/travis/build/icyphy/ptII/ptolemy/actor/lib/test/auto/RecordDisassembler2.xml
----------------- Instantiating /home/travis/build/icyphy/ptII/ptolemy/actor/lib/test/auto/RecordDisassembler2.xml
2 ms. Memory: 454656K Free: 330481K (73%)
----------------- Invoking toplevel() on ptolemy.moml.MoMLSimpleApplication@22f8d54d
----------------- Done invoking toplevel() on ptolemy.moml.MoMLSimpleApplication@22f8d54d
reloadAllAccessors: .RecordDisassembler2

===========================================================================================
----------------- testing Sun Jul 19 20:59:05 UTC 2020 /home/travis/build/icyphy/ptII/ptolemy/actor/lib/test/auto/RecordUpdater.xml
----------------- Instantiating /home/travis/build/icyphy/ptII/ptolemy/actor/lib/test/auto/RecordUpdater.xml
2 ms. Memory: 454656K Free: 325391K (72%)
----------------- Invoking toplevel() on ptolemy.moml.MoMLSimpleApplication@9093bbb
----------------- Done invoking toplevel() on ptolemy.moml.MoMLSimpleApplication@9093bbb
reloadAllAccessors: .RecordUpdater

===========================================================================================
----------------- testing Sun Jul 19 20:59:06 UTC 2020 /home/travis/build/icyphy/ptII/ptolemy/actor/lib/test/auto/RecordUpdater2.xml
----------------- Instantiating /home/travis/build/icyphy/ptII/ptolemy/actor/lib/test/auto/RecordUpdater2.xml
1 ms. Memory: 454656K Free: 320271K (70%)
----------------- Invoking toplevel() on ptolemy.moml.MoMLSimpleApplication@3f6b1f1f
----------------- Done invoking toplevel() on ptolemy.moml.MoMLSimpleApplication@3f6b1f1f
reloadAllAccessors: .RecordUpdater2

===========================================================================================
----------------- testing Sun Jul 19 20:59:06 UTC 2020 /home/travis/build/icyphy/ptII/ptolemy/actor/lib/test/auto/RecursiveLattice.xml
----------------- Instantiating /home/travis/build/icyphy/ptII/ptolemy/actor/lib/test/auto/RecursiveLattice.xml
1 ms. Memory: 454656K Free: 316175K (70%)
----------------- Invoking toplevel() on ptolemy.moml.MoMLSimpleApplication@62ccc821
----------------- Done invoking toplevel() on ptolemy.moml.MoMLSimpleApplication@62ccc821
reloadAllAccessors: .RecursiveLattice

===========================================================================================
----------------- testing Sun Jul 19 20:59:06 UTC 2020 /home/travis/build/icyphy/ptII/ptolemy/actor/lib/test/auto/Router.xml
----------------- Instantiating /home/travis/build/icyphy/ptII/ptolemy/actor/lib/test/auto/Router.xml
3004 ms. Memory: 454656K Free: 304911K (67%)
----------------- Invoking toplevel() on ptolemy.moml.MoMLSimpleApplication@4a32b1ec
----------------- Done invoking toplevel() on ptolemy.moml.MoMLSimpleApplication@4a32b1ec
reloadAllAccessors: .Router

===========================================================================================
----------------- testing Sun Jul 19 20:59:09 UTC 2020 /home/travis/build/icyphy/ptII/ptolemy/actor/lib/test/auto/Router2.xml
----------------- Instantiating /home/travis/build/icyphy/ptII/ptolemy/actor/lib/test/auto/Router2.xml
3004 ms. Memory: 454656K Free: 294161K (65%)
----------------- Invoking toplevel() on ptolemy.moml.MoMLSimpleApplication@20b731db
----------------- Done invoking toplevel() on ptolemy.moml.MoMLSimpleApplication@20b731db
reloadAllAccessors: .Router2

===========================================================================================
----------------- testing Sun Jul 19 20:59:12 UTC 2020 /home/travis/build/icyphy/ptII/ptolemy/actor/lib/test/auto/RunningMaximum.xml
----------------- Instantiating /home/travis/build/icyphy/ptII/ptolemy/actor/lib/test/auto/RunningMaximum.xml
2 ms. Memory: 454656K Free: 289551K (64%)
----------------- Invoking toplevel() on ptolemy.moml.MoMLSimpleApplication@45fc8214
----------------- Done invoking toplevel() on ptolemy.moml.MoMLSimpleApplication@45fc8214
reloadAllAccessors: .RunningMaximum

===========================================================================================
----------------- testing Sun Jul 19 20:59:12 UTC 2020 /home/travis/build/icyphy/ptII/ptolemy/actor/lib/test/auto/RunningMinimum.xml
----------------- Instantiating /home/travis/build/icyphy/ptII/ptolemy/actor/lib/test/auto/RunningMinimum.xml
1 ms. Memory: 454656K Free: 284945K (63%)
----------------- Invoking toplevel() on ptolemy.moml.MoMLSimpleApplication@610b2c00
----------------- Done invoking toplevel() on ptolemy.moml.MoMLSimpleApplication@610b2c00
reloadAllAccessors: .RunningMinimum

===========================================================================================
----------------- testing Sun Jul 19 20:59:12 UTC 2020 /home/travis/build/icyphy/ptII/ptolemy/actor/lib/test/auto/Scale.xml
----------------- Instantiating /home/travis/build/icyphy/ptII/ptolemy/actor/lib/test/auto/Scale.xml
1 ms. Memory: 454656K Free: 280335K (62%)
----------------- Invoking toplevel() on ptolemy.moml.MoMLSimpleApplication@652c9d9
----------------- Done invoking toplevel() on ptolemy.moml.MoMLSimpleApplication@652c9d9
reloadAllAccessors: .Scale

===========================================================================================
----------------- testing Sun Jul 19 20:59:12 UTC 2020 /home/travis/build/icyphy/ptII/ptolemy/actor/lib/test/auto/Scale2.xml
----------------- Instantiating /home/travis/build/icyphy/ptII/ptolemy/actor/lib/test/auto/Scale2.xml
7 ms. Memory: 454656K Free: 275729K (61%)
----------------- Invoking toplevel() on ptolemy.moml.MoMLSimpleApplication@61e1cd62
----------------- Done invoking toplevel() on ptolemy.moml.MoMLSimpleApplication@61e1cd62
reloadAllAccessors: .Scale2

===========================================================================================
----------------- testing Sun Jul 19 20:59:12 UTC 2020 /home/travis/build/icyphy/ptII/ptolemy/actor/lib/test/auto/Scale3.xml
----------------- Instantiating /home/travis/build/icyphy/ptII/ptolemy/actor/lib/test/auto/Scale3.xml
7 ms. Memory: 454656K Free: 269071K (59%)
----------------- Invoking toplevel() on ptolemy.moml.MoMLSimpleApplication@3cb12ff9
----------------- Done invoking toplevel() on ptolemy.moml.MoMLSimpleApplication@3cb12ff9
reloadAllAccessors: .Scale3

===========================================================================================
----------------- testing Sun Jul 19 20:59:12 UTC 2020 /home/travis/build/icyphy/ptII/ptolemy/actor/lib/test/auto/ScaleArray.xml
----------------- Instantiating /home/travis/build/icyphy/ptII/ptolemy/actor/lib/test/auto/ScaleArray.xml
1 ms. Memory: 454656K Free: 264465K (58%)
----------------- Invoking toplevel() on ptolemy.moml.MoMLSimpleApplication@2db95010
----------------- Done invoking toplevel() on ptolemy.moml.MoMLSimpleApplication@2db95010
reloadAllAccessors: .ScaleArray

===========================================================================================
----------------- testing Sun Jul 19 20:59:12 UTC 2020 /home/travis/build/icyphy/ptII/ptolemy/actor/lib/test/auto/ScaleArray2.xml
----------------- Instantiating /home/travis/build/icyphy/ptII/ptolemy/actor/lib/test/auto/ScaleArray2.xml
1 ms. Memory: 454656K Free: 259855K (57%)
----------------- Invoking toplevel() on ptolemy.moml.MoMLSimpleApplication@1e1e8338
----------------- Done invoking toplevel() on ptolemy.moml.MoMLSimpleApplication@1e1e8338
reloadAllAccessors: .ScaleArray2

===========================================================================================
----------------- testing Sun Jul 19 20:59:12 UTC 2020 /home/travis/build/icyphy/ptII/ptolemy/actor/lib/test/auto/ScaleMatrix.xml
----------------- Instantiating /home/travis/build/icyphy/ptII/ptolemy/actor/lib/test/auto/ScaleMatrix.xml
99 ms. Memory: 454656K Free: 243985K (54%)
----------------- Invoking toplevel() on ptolemy.moml.MoMLSimpleApplication@699c996b
----------------- Done invoking toplevel() on ptolemy.moml.MoMLSimpleApplication@699c996b
reloadAllAccessors: .ScaleMatrix

===========================================================================================
----------------- testing Sun Jul 19 20:59:12 UTC 2020 /home/travis/build/icyphy/ptII/ptolemy/actor/lib/test/auto/Select.xml
----------------- Instantiating /home/travis/build/icyphy/ptII/ptolemy/actor/lib/test/auto/Select.xml
2 ms. Memory: 454656K Free: 237841K (52%)
----------------- Invoking toplevel() on ptolemy.moml.MoMLSimpleApplication@6dcb744e
----------------- Done invoking toplevel() on ptolemy.moml.MoMLSimpleApplication@6dcb744e
reloadAllAccessors: .Select

===========================================================================================
----------------- testing Sun Jul 19 20:59:12 UTC 2020 /home/travis/build/icyphy/ptII/ptolemy/actor/lib/test/auto/Select2.xml
----------------- Instantiating /home/travis/build/icyphy/ptII/ptolemy/actor/lib/test/auto/Select2.xml
1 ms. Memory: 454656K Free: 233231K (51%)
----------------- Invoking toplevel() on ptolemy.moml.MoMLSimpleApplication@e0f3e40
----------------- Done invoking toplevel() on ptolemy.moml.MoMLSimpleApplication@e0f3e40
reloadAllAccessors: .Select2

===========================================================================================
----------------- testing Sun Jul 19 20:59:12 UTC 2020 /home/travis/build/icyphy/ptII/ptolemy/actor/lib/test/auto/SequenceToArray2.xml
----------------- Instantiating /home/travis/build/icyphy/ptII/ptolemy/actor/lib/test/auto/SequenceToArray2.xml
91 ms. Memory: 454656K Free: 208655K (46%)
----------------- Invoking toplevel() on ptolemy.moml.MoMLSimpleApplication@73950b78
----------------- Done invoking toplevel() on ptolemy.moml.MoMLSimpleApplication@73950b78
reloadAllAccessors: .SequenceToArray2

===========================================================================================
----------------- testing Sun Jul 19 20:59:12 UTC 2020 /home/travis/build/icyphy/ptII/ptolemy/actor/lib/test/auto/SequentialClock.xml
----------------- Instantiating /home/travis/build/icyphy/ptII/ptolemy/actor/lib/test/auto/SequentialClock.xml
2 ms. Memory: 454656K Free: 204559K (45%)
----------------- Invoking toplevel() on ptolemy.moml.MoMLSimpleApplication@4dbd89e8
----------------- Done invoking toplevel() on ptolemy.moml.MoMLSimpleApplication@4dbd89e8
reloadAllAccessors: .SequentialClock

===========================================================================================
----------------- testing Sun Jul 19 20:59:12 UTC 2020 /home/travis/build/icyphy/ptII/ptolemy/actor/lib/test/auto/SetVariable.xml
----------------- Instantiating /home/travis/build/icyphy/ptII/ptolemy/actor/lib/test/auto/SetVariable.xml
4 ms. Memory: 454656K Free: 199953K (44%)
----------------- Invoking toplevel() on ptolemy.moml.MoMLSimpleApplication@44944cfe
----------------- Done invoking toplevel() on ptolemy.moml.MoMLSimpleApplication@44944cfe
reloadAllAccessors: .SetVariable

===========================================================================================
----------------- testing Sun Jul 19 20:59:12 UTC 2020 /home/travis/build/icyphy/ptII/ptolemy/actor/lib/test/auto/SetVariable2.xml
----------------- Instantiating /home/travis/build/icyphy/ptII/ptolemy/actor/lib/test/auto/SetVariable2.xml
2 ms. Memory: 454656K Free: 194319K (43%)
----------------- Invoking toplevel() on ptolemy.moml.MoMLSimpleApplication@778f6224
----------------- Done invoking toplevel() on ptolemy.moml.MoMLSimpleApplication@778f6224
reloadAllAccessors: .SetVariable2

===========================================================================================
----------------- testing Sun Jul 19 20:59:12 UTC 2020 /home/travis/build/icyphy/ptII/ptolemy/actor/lib/test/auto/SetVariable3.xml
----------------- Instantiating /home/travis/build/icyphy/ptII/ptolemy/actor/lib/test/auto/SetVariable3.xml
8 ms. Memory: 454656K Free: 189199K (42%)
----------------- Invoking toplevel() on ptolemy.moml.MoMLSimpleApplication@5e35c17e
----------------- Done invoking toplevel() on ptolemy.moml.MoMLSimpleApplication@5e35c17e
reloadAllAccessors: .SetVariable3

===========================================================================================
----------------- testing Sun Jul 19 20:59:12 UTC 2020 /home/travis/build/icyphy/ptII/ptolemy/actor/lib/test/auto/SetVariable4.xml
----------------- Instantiating /home/travis/build/icyphy/ptII/ptolemy/actor/lib/test/auto/SetVariable4.xml
20 ms. Memory: 454656K Free: 179473K (39%)
----------------- Invoking toplevel() on ptolemy.moml.MoMLSimpleApplication@43d8b61c
----------------- Done invoking toplevel() on ptolemy.moml.MoMLSimpleApplication@43d8b61c
reloadAllAccessors: .SetVariable4

===========================================================================================
----------------- testing Sun Jul 19 20:59:12 UTC 2020 /home/travis/build/icyphy/ptII/ptolemy/actor/lib/test/auto/SetVariable5.xml
----------------- Instantiating /home/travis/build/icyphy/ptII/ptolemy/actor/lib/test/auto/SetVariable5.xml
19 ms. Memory: 454656K Free: 170257K (37%)
----------------- Invoking toplevel() on ptolemy.moml.MoMLSimpleApplication@744e7a7d
----------------- Done invoking toplevel() on ptolemy.moml.MoMLSimpleApplication@744e7a7d
reloadAllAccessors: .SetVariable5

===========================================================================================
----------------- testing Sun Jul 19 20:59:12 UTC 2020 /home/travis/build/icyphy/ptII/ptolemy/actor/lib/test/auto/Sinewave.xml
----------------- Instantiating /home/travis/build/icyphy/ptII/ptolemy/actor/lib/test/auto/Sinewave.xml
4 ms. Memory: 454656K Free: 159503K (35%)
----------------- Invoking toplevel() on ptolemy.moml.MoMLSimpleApplication@ef59fa8
----------------- Done invoking toplevel() on ptolemy.moml.MoMLSimpleApplication@ef59fa8
reloadAllAccessors: .Sinewave

===========================================================================================
----------------- testing Sun Jul 19 20:59:12 UTC 2020 /home/travis/build/icyphy/ptII/ptolemy/actor/lib/test/auto/Sinewave2.xml
----------------- Instantiating /home/travis/build/icyphy/ptII/ptolemy/actor/lib/test/auto/Sinewave2.xml
9 ms. Memory: 454656K Free: 151297K (33%)
----------------- Invoking toplevel() on ptolemy.moml.MoMLSimpleApplication@273f17b2
----------------- Done invoking toplevel() on ptolemy.moml.MoMLSimpleApplication@273f17b2
reloadAllAccessors: .Sinewave2

===========================================================================================
----------------- testing Sun Jul 19 20:59:12 UTC 2020 /home/travis/build/icyphy/ptII/ptolemy/actor/lib/test/auto/Sinewave3.xml
----------------- Instantiating /home/travis/build/icyphy/ptII/ptolemy/actor/lib/test/auto/Sinewave3.xml
8 ms. Memory: 454656K Free: 142609K (31%)
----------------- Invoking toplevel() on ptolemy.moml.MoMLSimpleApplication@3098f05c
----------------- Done invoking toplevel() on ptolemy.moml.MoMLSimpleApplication@3098f05c
reloadAllAccessors: .Sinewave3

===========================================================================================
----------------- testing Sun Jul 19 20:59:12 UTC 2020 /home/travis/build/icyphy/ptII/ptolemy/actor/lib/test/auto/SingleEvent.xml
----------------- Instantiating /home/travis/build/icyphy/ptII/ptolemy/actor/lib/test/auto/SingleEvent.xml
1 ms. Memory: 454656K Free: 138513K (30%)
----------------- Invoking toplevel() on ptolemy.moml.MoMLSimpleApplication@61c8f901
----------------- Done invoking toplevel() on ptolemy.moml.MoMLSimpleApplication@61c8f901
reloadAllAccessors: .SingleEvent

===========================================================================================
----------------- testing Sun Jul 19 20:59:12 UTC 2020 /home/travis/build/icyphy/ptII/ptolemy/actor/lib/test/auto/Sleep.xml
----------------- Instantiating /home/travis/build/icyphy/ptII/ptolemy/actor/lib/test/auto/Sleep.xml
6003 ms. Memory: 454656K Free: 401063K (88%)
----------------- Invoking toplevel() on ptolemy.moml.MoMLSimpleApplication@faff2d8
----------------- Done invoking toplevel() on ptolemy.moml.MoMLSimpleApplication@faff2d8
reloadAllAccessors: .Sleep

===========================================================================================
----------------- testing Sun Jul 19 20:59:18 UTC 2020 /home/travis/build/icyphy/ptII/ptolemy/actor/lib/test/auto/SleepMultipleFire.xml
----------------- Instantiating /home/travis/build/icyphy/ptII/ptolemy/actor/lib/test/auto/SleepMultipleFire.xml
1005 ms. Memory: 454656K Free: 394933K (87%)
----------------- Invoking toplevel() on ptolemy.moml.MoMLSimpleApplication@51f30394
----------------- Done invoking toplevel() on ptolemy.moml.MoMLSimpleApplication@51f30394
reloadAllAccessors: .SleepMultipleFire

===========================================================================================
----------------- testing Sun Jul 19 20:59:19 UTC 2020 /home/travis/build/icyphy/ptII/ptolemy/actor/lib/test/auto/StopDE.xml
----------------- Instantiating /home/travis/build/icyphy/ptII/ptolemy/actor/lib/test/auto/StopDE.xml
2 ms. Memory: 454656K Free: 389303K (86%)
----------------- Invoking toplevel() on ptolemy.moml.MoMLSimpleApplication@6d4524b5
----------------- Done invoking toplevel() on ptolemy.moml.MoMLSimpleApplication@6d4524b5
reloadAllAccessors: .StopDE

===========================================================================================
----------------- testing Sun Jul 19 20:59:19 UTC 2020 /home/travis/build/icyphy/ptII/ptolemy/actor/lib/test/auto/StopSDF.xml
----------------- Instantiating /home/travis/build/icyphy/ptII/ptolemy/actor/lib/test/auto/StopSDF.xml
2 ms. Memory: 454656K Free: 384183K (84%)
----------------- Invoking toplevel() on ptolemy.moml.MoMLSimpleApplication@d04c2f6
----------------- Done invoking toplevel() on ptolemy.moml.MoMLSimpleApplication@d04c2f6
reloadAllAccessors: .StopSDF

===========================================================================================
----------------- testing Sun Jul 19 20:59:19 UTC 2020 /home/travis/build/icyphy/ptII/ptolemy/actor/lib/test/auto/StringConstant.xml
----------------- Instantiating /home/travis/build/icyphy/ptII/ptolemy/actor/lib/test/auto/StringConstant.xml
8 ms. Memory: 454656K Free: 380085K (84%)
----------------- Invoking toplevel() on ptolemy.moml.MoMLSimpleApplication@667acbfc
----------------- Done invoking toplevel() on ptolemy.moml.MoMLSimpleApplication@667acbfc
reloadAllAccessors: .StringConstant

===========================================================================================
----------------- testing Sun Jul 19 20:59:19 UTC 2020 /home/travis/build/icyphy/ptII/ptolemy/actor/lib/test/auto/SubscriberPortInitialValues1.xml
----------------- Instantiating /home/travis/build/icyphy/ptII/ptolemy/actor/lib/test/auto/SubscriberPortInitialValues1.xml
5 ms. Memory: 454656K Free: 371381K (82%)
----------------- Invoking toplevel() on ptolemy.moml.MoMLSimpleApplication@175e96db
----------------- Done invoking toplevel() on ptolemy.moml.MoMLSimpleApplication@175e96db
reloadAllAccessors: .SubscriberPortInitialValues1

===========================================================================================
----------------- testing Sun Jul 19 20:59:19 UTC 2020 /home/travis/build/icyphy/ptII/ptolemy/actor/lib/test/auto/SubscriberPortInitialValues13.xml
----------------- Instantiating /home/travis/build/icyphy/ptII/ptolemy/actor/lib/test/auto/SubscriberPortInitialValues13.xml
6 ms. Memory: 454656K Free: 358583K (79%)
----------------- Invoking toplevel() on ptolemy.moml.MoMLSimpleApplication@4f16a0a9
----------------- Done invoking toplevel() on ptolemy.moml.MoMLSimpleApplication@4f16a0a9
reloadAllAccessors: .SubscriberPortInitialValues13

===========================================================================================
----------------- testing Sun Jul 19 20:59:19 UTC 2020 /home/travis/build/icyphy/ptII/ptolemy/actor/lib/test/auto/SubscriberPortInitialValues14.xml
----------------- Instantiating /home/travis/build/icyphy/ptII/ptolemy/actor/lib/test/auto/SubscriberPortInitialValues14.xml
4 ms. Memory: 454656K Free: 350901K (77%)
----------------- Invoking toplevel() on ptolemy.moml.MoMLSimpleApplication@25a8080b
----------------- Done invoking toplevel() on ptolemy.moml.MoMLSimpleApplication@25a8080b
reloadAllAccessors: .SubscriberPortInitialValues14

===========================================================================================
----------------- testing Sun Jul 19 20:59:19 UTC 2020 /home/travis/build/icyphy/ptII/ptolemy/actor/lib/test/auto/SubscriberPortInitialValues2.xml
----------------- Instantiating /home/travis/build/icyphy/ptII/ptolemy/actor/lib/test/auto/SubscriberPortInitialValues2.xml
5 ms. Memory: 454656K Free: 343223K (75%)
----------------- Invoking toplevel() on ptolemy.moml.MoMLSimpleApplication@22a1523a
----------------- Done invoking toplevel() on ptolemy.moml.MoMLSimpleApplication@22a1523a
reloadAllAccessors: .SubscriberPortInitialValues2

===========================================================================================
----------------- testing Sun Jul 19 20:59:19 UTC 2020 /home/travis/build/icyphy/ptII/ptolemy/actor/lib/test/auto/SubscriberPortInitialValues3.xml
----------------- Instantiating /home/travis/build/icyphy/ptII/ptolemy/actor/lib/test/auto/SubscriberPortInitialValues3.xml
4 ms. Memory: 454656K Free: 331959K (73%)
----------------- Invoking toplevel() on ptolemy.moml.MoMLSimpleApplication@3a7186f9
----------------- Done invoking toplevel() on ptolemy.moml.MoMLSimpleApplication@3a7186f9
reloadAllAccessors: .SubscriberPortInitialValues3

===========================================================================================
----------------- testing Sun Jul 19 20:59:19 UTC 2020 /home/travis/build/icyphy/ptII/ptolemy/actor/lib/test/auto/SubscriptionAggregator.xml
----------------- Instantiating /home/travis/build/icyphy/ptII/ptolemy/actor/lib/test/auto/SubscriptionAggregator.xml
2 ms. Memory: 454656K Free: 324791K (71%)
----------------- Invoking toplevel() on ptolemy.moml.MoMLSimpleApplication@f45e059
----------------- Done invoking toplevel() on ptolemy.moml.MoMLSimpleApplication@f45e059
reloadAllAccessors: .SubscriptionAggregator

===========================================================================================
----------------- testing Sun Jul 19 20:59:19 UTC 2020 /home/travis/build/icyphy/ptII/ptolemy/actor/lib/test/auto/SubscriptionAggregator2.xml
----------------- Instantiating /home/travis/build/icyphy/ptII/ptolemy/actor/lib/test/auto/SubscriptionAggregator2.xml
2 ms. Memory: 454656K Free: 318127K (70%)
----------------- Invoking toplevel() on ptolemy.moml.MoMLSimpleApplication@695c18d4
----------------- Done invoking toplevel() on ptolemy.moml.MoMLSimpleApplication@695c18d4
reloadAllAccessors: .SubscriptionAggregator2

===========================================================================================
----------------- testing Sun Jul 19 20:59:19 UTC 2020 /home/travis/build/icyphy/ptII/ptolemy/actor/lib/test/auto/SubscriptionAggregator3.xml
----------------- Instantiating /home/travis/build/icyphy/ptII/ptolemy/actor/lib/test/auto/SubscriptionAggregator3.xml
3 ms. Memory: 454656K Free: 309431K (68%)
----------------- Invoking toplevel() on ptolemy.moml.MoMLSimpleApplication@531ccaa0
----------------- Done invoking toplevel() on ptolemy.moml.MoMLSimpleApplication@531ccaa0
reloadAllAccessors: .SubscriptionAggregator3

===========================================================================================
----------------- testing Sun Jul 19 20:59:19 UTC 2020 /home/travis/build/icyphy/ptII/ptolemy/actor/lib/test/auto/SubscriptionAggregatorMultiply.xml
----------------- Instantiating /home/travis/build/icyphy/ptII/ptolemy/actor/lib/test/auto/SubscriptionAggregatorMultiply.xml
12 ms. Memory: 454656K Free: 301239K (66%)
----------------- Invoking toplevel() on ptolemy.moml.MoMLSimpleApplication@6661a694
----------------- Done invoking toplevel() on ptolemy.moml.MoMLSimpleApplication@6661a694
reloadAllAccessors: .SubscriptionAggregatorMultiply

===========================================================================================
----------------- testing Sun Jul 19 20:59:19 UTC 2020 /home/travis/build/icyphy/ptII/ptolemy/actor/lib/test/auto/SubscriptionAggregatorPortMultiply1.xml
----------------- Instantiating /home/travis/build/icyphy/ptII/ptolemy/actor/lib/test/auto/SubscriptionAggregatorPortMultiply1.xml
4 ms. Memory: 454656K Free: 293047K (64%)
----------------- Invoking toplevel() on ptolemy.moml.MoMLSimpleApplication@58d695f7
----------------- Done invoking toplevel() on ptolemy.moml.MoMLSimpleApplication@58d695f7
reloadAllAccessors: .SubscriptionAggregatorPortMultiply1

===========================================================================================
----------------- testing Sun Jul 19 20:59:19 UTC 2020 /home/travis/build/icyphy/ptII/ptolemy/actor/lib/test/auto/Switch.xml
----------------- Instantiating /home/travis/build/icyphy/ptII/ptolemy/actor/lib/test/auto/Switch.xml
5 ms. Memory: 454656K Free: 284855K (63%)
----------------- Invoking toplevel() on ptolemy.moml.MoMLSimpleApplication@25f66936
----------------- Done invoking toplevel() on ptolemy.moml.MoMLSimpleApplication@25f66936
reloadAllAccessors: .Switch

===========================================================================================
----------------- testing Sun Jul 19 20:59:19 UTC 2020 /home/travis/build/icyphy/ptII/ptolemy/actor/lib/test/auto/Switch2.xml
----------------- Instantiating /home/travis/build/icyphy/ptII/ptolemy/actor/lib/test/auto/Switch2.xml
1 ms. Memory: 454656K Free: 280245K (62%)
----------------- Invoking toplevel() on ptolemy.moml.MoMLSimpleApplication@32265035
----------------- Done invoking toplevel() on ptolemy.moml.MoMLSimpleApplication@32265035
reloadAllAccessors: .Switch2

===========================================================================================
----------------- testing Sun Jul 19 20:59:20 UTC 2020 /home/travis/build/icyphy/ptII/ptolemy/actor/lib/test/auto/SwitchDE.xml
----------------- Instantiating /home/travis/build/icyphy/ptII/ptolemy/actor/lib/test/auto/SwitchDE.xml
2 ms. Memory: 454656K Free: 274087K (60%)
----------------- Invoking toplevel() on ptolemy.moml.MoMLSimpleApplication@62c679c4
----------------- Done invoking toplevel() on ptolemy.moml.MoMLSimpleApplication@62c679c4
reloadAllAccessors: .SwitchDE

===========================================================================================
----------------- testing Sun Jul 19 20:59:20 UTC 2020 /home/travis/build/icyphy/ptII/ptolemy/actor/lib/test/auto/SynchronizerDE.xml
----------------- Instantiating /home/travis/build/icyphy/ptII/ptolemy/actor/lib/test/auto/SynchronizerDE.xml
8 ms. Memory: 454656K Free: 265895K (58%)
----------------- Invoking toplevel() on ptolemy.moml.MoMLSimpleApplication@632ded82
----------------- Done invoking toplevel() on ptolemy.moml.MoMLSimpleApplication@632ded82
reloadAllAccessors: .SynchronizerDE

===========================================================================================
----------------- testing Sun Jul 19 20:59:20 UTC 2020 /home/travis/build/icyphy/ptII/ptolemy/actor/lib/test/auto/Test.xml
----------------- Instantiating /home/travis/build/icyphy/ptII/ptolemy/actor/lib/test/auto/Test.xml
1 ms. Memory: 454656K Free: 260759K (57%)
----------------- Invoking toplevel() on ptolemy.moml.MoMLSimpleApplication@10175dcd
----------------- Done invoking toplevel() on ptolemy.moml.MoMLSimpleApplication@10175dcd
reloadAllAccessors: .Test

===========================================================================================
----------------- testing Sun Jul 19 20:59:20 UTC 2020 /home/travis/build/icyphy/ptII/ptolemy/actor/lib/test/auto/TestExceptionAttribute1.xml
----------------- Instantiating /home/travis/build/icyphy/ptII/ptolemy/actor/lib/test/auto/TestExceptionAttribute1.xml
1 ms. Memory: 454656K Free: 257207K (57%)
----------------- Invoking toplevel() on ptolemy.moml.MoMLSimpleApplication@3e1345b8
----------------- Done invoking toplevel() on ptolemy.moml.MoMLSimpleApplication@3e1345b8
reloadAllAccessors: .TestExceptionAttribute1

===========================================================================================
----------------- testing Sun Jul 19 20:59:20 UTC 2020 /home/travis/build/icyphy/ptII/ptolemy/actor/lib/test/auto/TestExceptionAttribute2.xml
----------------- Instantiating /home/travis/build/icyphy/ptII/ptolemy/actor/lib/test/auto/TestExceptionAttribute2.xml
1 ms. Memory: 454656K Free: 253111K (56%)
----------------- Invoking toplevel() on ptolemy.moml.MoMLSimpleApplication@113a1546
----------------- Done invoking toplevel() on ptolemy.moml.MoMLSimpleApplication@113a1546
reloadAllAccessors: .TestExceptionAttribute2

===========================================================================================
----------------- testing Sun Jul 19 20:59:20 UTC 2020 /home/travis/build/icyphy/ptII/ptolemy/actor/lib/test/auto/TestExceptionAttribute3.xml
----------------- Instantiating /home/travis/build/icyphy/ptII/ptolemy/actor/lib/test/auto/TestExceptionAttribute3.xml
.TestExceptionAttribute3.TestExceptionAttribute: initialize() was not invoked, but wrapup() was.  This is unusual, but not always a problem.  For example, exporting JNLP will do this.
1 ms. Memory: 454656K Free: 249525K (55%)
----------------- Invoking toplevel() on ptolemy.moml.MoMLSimpleApplication@a0fdea9
----------------- Done invoking toplevel() on ptolemy.moml.MoMLSimpleApplication@a0fdea9
reloadAllAccessors: .TestExceptionAttribute3

===========================================================================================
----------------- testing Sun Jul 19 20:59:20 UTC 2020 /home/travis/build/icyphy/ptII/ptolemy/actor/lib/test/auto/TestExceptionAttribute4.xml
----------------- Instantiating /home/travis/build/icyphy/ptII/ptolemy/actor/lib/test/auto/TestExceptionAttribute4.xml
.TestExceptionAttribute4.TestExceptionAttribute: initialize() was not invoked, but wrapup() was.  This is unusual, but not always a problem.  For example, exporting JNLP will do this.
.TestExceptionAttribute4.TestExceptionAttribute2: initialize() was not invoked, but wrapup() was.  This is unusual, but not always a problem.  For example, exporting JNLP will do this.
0 ms. Memory: 454656K Free: 245429K (54%)
----------------- Invoking toplevel() on ptolemy.moml.MoMLSimpleApplication@50b30ab0
----------------- Done invoking toplevel() on ptolemy.moml.MoMLSimpleApplication@50b30ab0
reloadAllAccessors: .TestExceptionAttribute4

===========================================================================================
----------------- testing Sun Jul 19 20:59:20 UTC 2020 /home/travis/build/icyphy/ptII/ptolemy/actor/lib/test/auto/TestExceptionHandler1.xml
----------------- Instantiating /home/travis/build/icyphy/ptII/ptolemy/actor/lib/test/auto/TestExceptionHandler1.xml
1 ms. Memory: 454656K Free: 241847K (53%)
----------------- Invoking toplevel() on ptolemy.moml.MoMLSimpleApplication@7ab3af42
----------------- Done invoking toplevel() on ptolemy.moml.MoMLSimpleApplication@7ab3af42
reloadAllAccessors: .TestExceptionHandler1

===========================================================================================
----------------- testing Sun Jul 19 20:59:20 UTC 2020 /home/travis/build/icyphy/ptII/ptolemy/actor/lib/test/auto/TestExceptionHandler2.xml
----------------- Instantiating /home/travis/build/icyphy/ptII/ptolemy/actor/lib/test/auto/TestExceptionHandler2.xml
1 ms. Memory: 454656K Free: 238261K (52%)
----------------- Invoking toplevel() on ptolemy.moml.MoMLSimpleApplication@4fd78333
----------------- Done invoking toplevel() on ptolemy.moml.MoMLSimpleApplication@4fd78333
reloadAllAccessors: .TestExceptionHandler2

===========================================================================================
----------------- testing Sun Jul 19 20:59:20 UTC 2020 /home/travis/build/icyphy/ptII/ptolemy/actor/lib/test/auto/TestExceptionHandler3.xml
----------------- Instantiating /home/travis/build/icyphy/ptII/ptolemy/actor/lib/test/auto/TestExceptionHandler3.xml
1 ms. Memory: 454656K Free: 234679K (52%)
----------------- Invoking toplevel() on ptolemy.moml.MoMLSimpleApplication@6585356
----------------- Done invoking toplevel() on ptolemy.moml.MoMLSimpleApplication@6585356
reloadAllAccessors: .TestExceptionHandler3

===========================================================================================
----------------- testing Sun Jul 19 20:59:20 UTC 2020 /home/travis/build/icyphy/ptII/ptolemy/actor/lib/test/auto/TestExceptionHandler4.xml
----------------- Instantiating /home/travis/build/icyphy/ptII/ptolemy/actor/lib/test/auto/TestExceptionHandler4.xml
0 ms. Memory: 454656K Free: 230583K (51%)
----------------- Invoking toplevel() on ptolemy.moml.MoMLSimpleApplication@87adcdb
----------------- Done invoking toplevel() on ptolemy.moml.MoMLSimpleApplication@87adcdb
reloadAllAccessors: .TestExceptionHandler4

===========================================================================================
----------------- testing Sun Jul 19 20:59:20 UTC 2020 /home/travis/build/icyphy/ptII/ptolemy/actor/lib/test/auto/TestRequireCorrectOrder.xml
----------------- Instantiating /home/travis/build/icyphy/ptII/ptolemy/actor/lib/test/auto/TestRequireCorrectOrder.xml
9 ms. Memory: 454656K Free: 225463K (50%)
----------------- Invoking toplevel() on ptolemy.moml.MoMLSimpleApplication@44b0df58
----------------- Done invoking toplevel() on ptolemy.moml.MoMLSimpleApplication@44b0df58
reloadAllAccessors: .TestRequireCorrectOrder

===========================================================================================
----------------- testing Sun Jul 19 20:59:20 UTC 2020 /home/travis/build/icyphy/ptII/ptolemy/actor/lib/test/auto/TestSimple.xml
----------------- Instantiating /home/travis/build/icyphy/ptII/ptolemy/actor/lib/test/auto/TestSimple.xml
4 ms. Memory: 454656K Free: 220847K (49%)
----------------- Invoking toplevel() on ptolemy.moml.MoMLSimpleApplication@54ca627c
----------------- Done invoking toplevel() on ptolemy.moml.MoMLSimpleApplication@54ca627c
reloadAllAccessors: .TestSimple

===========================================================================================
----------------- testing Sun Jul 19 20:59:20 UTC 2020 /home/travis/build/icyphy/ptII/ptolemy/actor/lib/test/auto/ThrowModelError.xml
----------------- Instantiating /home/travis/build/icyphy/ptII/ptolemy/actor/lib/test/auto/ThrowModelError.xml
1 ms. Memory: 454656K Free: 216247K (48%)
----------------- Invoking toplevel() on ptolemy.moml.MoMLSimpleApplication@6d06fc13
----------------- Done invoking toplevel() on ptolemy.moml.MoMLSimpleApplication@6d06fc13
reloadAllAccessors: .ThrowModelError

===========================================================================================
----------------- testing Sun Jul 19 20:59:20 UTC 2020 /home/travis/build/icyphy/ptII/ptolemy/actor/lib/test/auto/TimeDelayMicrosteps.xml
----------------- Instantiating /home/travis/build/icyphy/ptII/ptolemy/actor/lib/test/auto/TimeDelayMicrosteps.xml
2 ms. Memory: 454656K Free: 209079K (46%)
----------------- Invoking toplevel() on ptolemy.moml.MoMLSimpleApplication@6d187cc0
----------------- Done invoking toplevel() on ptolemy.moml.MoMLSimpleApplication@6d187cc0
reloadAllAccessors: .TimeDelayMicrosteps

===========================================================================================
----------------- testing Sun Jul 19 20:59:20 UTC 2020 /home/travis/build/icyphy/ptII/ptolemy/actor/lib/test/auto/TimeDelayMicrosteps2.xml
----------------- Instantiating /home/travis/build/icyphy/ptII/ptolemy/actor/lib/test/auto/TimeDelayMicrosteps2.xml
4 ms. Memory: 454656K Free: 201911K (44%)
----------------- Invoking toplevel() on ptolemy.moml.MoMLSimpleApplication@6da221b2
----------------- Done invoking toplevel() on ptolemy.moml.MoMLSimpleApplication@6da221b2
reloadAllAccessors: .TimeDelayMicrosteps2

===========================================================================================
----------------- testing Sun Jul 19 20:59:20 UTC 2020 /home/travis/build/icyphy/ptII/ptolemy/actor/lib/test/auto/TimeDelayMicrosteps3.xml
----------------- Instantiating /home/travis/build/icyphy/ptII/ptolemy/actor/lib/test/auto/TimeDelayMicrosteps3.xml
3 ms. Memory: 454656K Free: 195223K (43%)
----------------- Invoking toplevel() on ptolemy.moml.MoMLSimpleApplication@35d3dc0c
----------------- Done invoking toplevel() on ptolemy.moml.MoMLSimpleApplication@35d3dc0c
reloadAllAccessors: .TimeDelayMicrosteps3

===========================================================================================
----------------- testing Sun Jul 19 20:59:20 UTC 2020 /home/travis/build/icyphy/ptII/ptolemy/actor/lib/test/auto/TimeDelayVariableMicrosteps.xml
----------------- Instantiating /home/travis/build/icyphy/ptII/ptolemy/actor/lib/test/auto/TimeDelayVariableMicrosteps.xml
3 ms. Memory: 454656K Free: 188599K (41%)
----------------- Invoking toplevel() on ptolemy.moml.MoMLSimpleApplication@22191768
----------------- Done invoking toplevel() on ptolemy.moml.MoMLSimpleApplication@22191768
reloadAllAccessors: .TimeDelayVariableMicrosteps

===========================================================================================
----------------- testing Sun Jul 19 20:59:20 UTC 2020 /home/travis/build/icyphy/ptII/ptolemy/actor/lib/test/auto/TimeGap.xml
----------------- Instantiating /home/travis/build/icyphy/ptII/ptolemy/actor/lib/test/auto/TimeGap.xml
3 ms. Memory: 454656K Free: 183479K (40%)
----------------- Invoking toplevel() on ptolemy.moml.MoMLSimpleApplication@15b75809
----------------- Done invoking toplevel() on ptolemy.moml.MoMLSimpleApplication@15b75809
reloadAllAccessors: .TimeGap

===========================================================================================
----------------- testing Sun Jul 19 20:59:20 UTC 2020 /home/travis/build/icyphy/ptII/ptolemy/actor/lib/test/auto/TimeGap2.xml
----------------- Instantiating /home/travis/build/icyphy/ptII/ptolemy/actor/lib/test/auto/TimeGap2.xml
2 ms. Memory: 454656K Free: 177815K (39%)
----------------- Invoking toplevel() on ptolemy.moml.MoMLSimpleApplication@1f7a80a6
----------------- Done invoking toplevel() on ptolemy.moml.MoMLSimpleApplication@1f7a80a6
reloadAllAccessors: .TimeGap2

===========================================================================================
----------------- testing Sun Jul 19 20:59:20 UTC 2020 /home/travis/build/icyphy/ptII/ptolemy/actor/lib/test/auto/TimedSinewave.xml
----------------- Instantiating /home/travis/build/icyphy/ptII/ptolemy/actor/lib/test/auto/TimedSinewave.xml
20 ms. Memory: 454656K Free: 163509K (36%)
----------------- Invoking toplevel() on ptolemy.moml.MoMLSimpleApplication@1c70827e
----------------- Done invoking toplevel() on ptolemy.moml.MoMLSimpleApplication@1c70827e
reloadAllAccessors: .TimedSinewave

===========================================================================================
----------------- testing Sun Jul 19 20:59:20 UTC 2020 /home/travis/build/icyphy/ptII/ptolemy/actor/lib/test/auto/TimedSinewavePhase.xml
----------------- Instantiating /home/travis/build/icyphy/ptII/ptolemy/actor/lib/test/auto/TimedSinewavePhase.xml
9 ms. Memory: 454656K Free: 153269K (34%)
----------------- Invoking toplevel() on ptolemy.moml.MoMLSimpleApplication@2fd89bf1
----------------- Done invoking toplevel() on ptolemy.moml.MoMLSimpleApplication@2fd89bf1
reloadAllAccessors: .TimedSinewavePhase

===========================================================================================
----------------- testing Sun Jul 19 20:59:20 UTC 2020 /home/travis/build/icyphy/ptII/ptolemy/actor/lib/test/auto/Timer.xml
----------------- Instantiating /home/travis/build/icyphy/ptII/ptolemy/actor/lib/test/auto/Timer.xml
5 ms. Memory: 454656K Free: 147639K (32%)
----------------- Invoking toplevel() on ptolemy.moml.MoMLSimpleApplication@432f5073
----------------- Done invoking toplevel() on ptolemy.moml.MoMLSimpleApplication@432f5073
reloadAllAccessors: .Timer

===========================================================================================
----------------- testing Sun Jul 19 20:59:20 UTC 2020 /home/travis/build/icyphy/ptII/ptolemy/actor/lib/test/auto/TriangularDistTestModel.xml
----------------- Instantiating /home/travis/build/icyphy/ptII/ptolemy/actor/lib/test/auto/TriangularDistTestModel.xml
3 ms. Memory: 454656K Free: 141975K (31%)
----------------- Invoking toplevel() on ptolemy.moml.MoMLSimpleApplication@3a73988c
----------------- Done invoking toplevel() on ptolemy.moml.MoMLSimpleApplication@3a73988c
reloadAllAccessors: .TriangularDistTestModel

===========================================================================================
----------------- testing Sun Jul 19 20:59:20 UTC 2020 /home/travis/build/icyphy/ptII/ptolemy/actor/lib/test/auto/TrigFunction.xml
----------------- Instantiating /home/travis/build/icyphy/ptII/ptolemy/actor/lib/test/auto/TrigFunction.xml
1 ms. Memory: 454656K Free: 137399K (30%)
----------------- Invoking toplevel() on ptolemy.moml.MoMLSimpleApplication@2fb22989
----------------- Done invoking toplevel() on ptolemy.moml.MoMLSimpleApplication@2fb22989
reloadAllAccessors: .TrigFunction

===========================================================================================
----------------- testing Sun Jul 19 20:59:20 UTC 2020 /home/travis/build/icyphy/ptII/ptolemy/actor/lib/test/auto/TrigFunctionDE.xml
----------------- Instantiating /home/travis/build/icyphy/ptII/ptolemy/actor/lib/test/auto/TrigFunctionDE.xml
2 ms. Memory: 454656K Free: 401504K (88%)
----------------- Invoking toplevel() on ptolemy.moml.MoMLSimpleApplication@7dab8d5b
----------------- Done invoking toplevel() on ptolemy.moml.MoMLSimpleApplication@7dab8d5b
reloadAllAccessors: .TrigFunctionDE

===========================================================================================
----------------- testing Sun Jul 19 20:59:20 UTC 2020 /home/travis/build/icyphy/ptII/ptolemy/actor/lib/test/auto/TrigFunctionInverse.xml
----------------- Instantiating /home/travis/build/icyphy/ptII/ptolemy/actor/lib/test/auto/TrigFunctionInverse.xml
2 ms. Memory: 454656K Free: 395870K (87%)
----------------- Invoking toplevel() on ptolemy.moml.MoMLSimpleApplication@531401f0
----------------- Done invoking toplevel() on ptolemy.moml.MoMLSimpleApplication@531401f0
reloadAllAccessors: .TrigFunctionInverse

===========================================================================================
----------------- testing Sun Jul 19 20:59:20 UTC 2020 /home/travis/build/icyphy/ptII/ptolemy/actor/lib/test/auto/TrigFunctionTan.xml
----------------- Instantiating /home/travis/build/icyphy/ptII/ptolemy/actor/lib/test/auto/TrigFunctionTan.xml
1 ms. Memory: 454656K Free: 391774K (86%)
----------------- Invoking toplevel() on ptolemy.moml.MoMLSimpleApplication@51d4d2b1
----------------- Done invoking toplevel() on ptolemy.moml.MoMLSimpleApplication@51d4d2b1
reloadAllAccessors: .TrigFunctionTan

===========================================================================================
----------------- testing Sun Jul 19 20:59:20 UTC 2020 /home/travis/build/icyphy/ptII/ptolemy/actor/lib/test/auto/TriggeredClock.xml
----------------- Instantiating /home/travis/build/icyphy/ptII/ptolemy/actor/lib/test/auto/TriggeredClock.xml
1 ms. Memory: 454656K Free: 387136K (85%)
----------------- Invoking toplevel() on ptolemy.moml.MoMLSimpleApplication@7656e2d2
----------------- Done invoking toplevel() on ptolemy.moml.MoMLSimpleApplication@7656e2d2
reloadAllAccessors: .TriggeredClock

===========================================================================================
----------------- testing Sun Jul 19 20:59:20 UTC 2020 /home/travis/build/icyphy/ptII/ptolemy/actor/lib/test/auto/URLDirectoryReader.xml
----------------- Instantiating /home/travis/build/icyphy/ptII/ptolemy/actor/lib/test/auto/URLDirectoryReader.xml
48 ms. Memory: 454656K Free: 377952K (83%)
----------------- Invoking toplevel() on ptolemy.moml.MoMLSimpleApplication@35eb0454
----------------- Done invoking toplevel() on ptolemy.moml.MoMLSimpleApplication@35eb0454
reloadAllAccessors: .URLDirectoryReader

===========================================================================================
----------------- testing Sun Jul 19 20:59:20 UTC 2020 /home/travis/build/icyphy/ptII/ptolemy/actor/lib/test/auto/URLDirectoryReader3.xml
----------------- Instantiating /home/travis/build/icyphy/ptII/ptolemy/actor/lib/test/auto/URLDirectoryReader3.xml
1237 ms. Memory: 454656K Free: 394418K (87%)
----------------- Invoking toplevel() on ptolemy.moml.MoMLSimpleApplication@67fb03af
----------------- Done invoking toplevel() on ptolemy.moml.MoMLSimpleApplication@67fb03af
reloadAllAccessors: .URLDirectoryReader3

===========================================================================================
----------------- testing Sun Jul 19 20:59:22 UTC 2020 /home/travis/build/icyphy/ptII/ptolemy/actor/lib/test/auto/UnaryMathFunction.xml
----------------- Instantiating /home/travis/build/icyphy/ptII/ptolemy/actor/lib/test/auto/UnaryMathFunction.xml
3 ms. Memory: 454656K Free: 386226K (85%)
----------------- Invoking toplevel() on ptolemy.moml.MoMLSimpleApplication@6a5d8643
----------------- Done invoking toplevel() on ptolemy.moml.MoMLSimpleApplication@6a5d8643
reloadAllAccessors: .UnaryMathFunction

===========================================================================================
----------------- testing Sun Jul 19 20:59:22 UTC 2020 /home/travis/build/icyphy/ptII/ptolemy/actor/lib/test/auto/Uniform.xml
----------------- Instantiating /home/travis/build/icyphy/ptII/ptolemy/actor/lib/test/auto/Uniform.xml
1 ms. Memory: 454656K Free: 381616K (84%)
----------------- Invoking toplevel() on ptolemy.moml.MoMLSimpleApplication@385805e8
----------------- Done invoking toplevel() on ptolemy.moml.MoMLSimpleApplication@385805e8
reloadAllAccessors: .Uniform

===========================================================================================
----------------- testing Sun Jul 19 20:59:22 UTC 2020 /home/travis/build/icyphy/ptII/ptolemy/actor/lib/test/auto/UnionDisassemblerTest.xml
----------------- Instantiating /home/travis/build/icyphy/ptII/ptolemy/actor/lib/test/auto/UnionDisassemblerTest.xml
13 ms. Memory: 454656K Free: 378034K (83%)
----------------- Invoking toplevel() on ptolemy.moml.MoMLSimpleApplication@6b799b82
----------------- Done invoking toplevel() on ptolemy.moml.MoMLSimpleApplication@6b799b82
reloadAllAccessors: .UnionDisassemblerTest

===========================================================================================
----------------- testing Sun Jul 19 20:59:22 UTC 2020 /home/travis/build/icyphy/ptII/ptolemy/actor/lib/test/auto/UtilityFunctions.xml
----------------- Instantiating /home/travis/build/icyphy/ptII/ptolemy/actor/lib/test/auto/UtilityFunctions.xml
1 ms. Memory: 454656K Free: 373938K (82%)
----------------- Invoking toplevel() on ptolemy.moml.MoMLSimpleApplication@21d2af24
----------------- Done invoking toplevel() on ptolemy.moml.MoMLSimpleApplication@21d2af24
reloadAllAccessors: .UtilityFunctions

===========================================================================================
----------------- testing Sun Jul 19 20:59:22 UTC 2020 /home/travis/build/icyphy/ptII/ptolemy/actor/lib/test/auto/VariableSleep.xml
----------------- Instantiating /home/travis/build/icyphy/ptII/ptolemy/actor/lib/test/auto/VariableSleep.xml
502 ms. Memory: 454656K Free: 368818K (81%)
----------------- Invoking toplevel() on ptolemy.moml.MoMLSimpleApplication@2be66728
----------------- Done invoking toplevel() on ptolemy.moml.MoMLSimpleApplication@2be66728
reloadAllAccessors: .VariableSleep

===========================================================================================
----------------- testing Sun Jul 19 20:59:22 UTC 2020 /home/travis/build/icyphy/ptII/ptolemy/actor/lib/test/auto/VectorAssemblerDisassemblerCT.xml
----------------- Instantiating /home/travis/build/icyphy/ptII/ptolemy/actor/lib/test/auto/VectorAssemblerDisassemblerCT.xml
59 ms. Memory: 454656K Free: 348338K (77%)
----------------- Invoking toplevel() on ptolemy.moml.MoMLSimpleApplication@39fd6110
----------------- Done invoking toplevel() on ptolemy.moml.MoMLSimpleApplication@39fd6110
reloadAllAccessors: .VectorAssemblerDisassemblerCT

===========================================================================================
----------------- testing Sun Jul 19 20:59:22 UTC 2020 /home/travis/build/icyphy/ptII/ptolemy/actor/lib/test/auto/VectorAssemblerDisassemblerDE.xml
----------------- Instantiating /home/travis/build/icyphy/ptII/ptolemy/actor/lib/test/auto/VectorAssemblerDisassemblerDE.xml
4 ms. Memory: 454656K Free: 340656K (75%)
----------------- Invoking toplevel() on ptolemy.moml.MoMLSimpleApplication@7637ad82
----------------- Done invoking toplevel() on ptolemy.moml.MoMLSimpleApplication@7637ad82
reloadAllAccessors: .VectorAssemblerDisassemblerDE

===========================================================================================
----------------- testing Sun Jul 19 20:59:22 UTC 2020 /home/travis/build/icyphy/ptII/ptolemy/actor/lib/test/auto/VectorAssemblerDisassemblerSDF.xml
----------------- Instantiating /home/travis/build/icyphy/ptII/ptolemy/actor/lib/test/auto/VectorAssemblerDisassemblerSDF.xml
3 ms. Memory: 454656K Free: 334498K (74%)
----------------- Invoking toplevel() on ptolemy.moml.MoMLSimpleApplication@190e9170
----------------- Done invoking toplevel() on ptolemy.moml.MoMLSimpleApplication@190e9170
reloadAllAccessors: .VectorAssemblerDisassemblerSDF

===========================================================================================
----------------- testing Sun Jul 19 20:59:22 UTC 2020 /home/travis/build/icyphy/ptII/ptolemy/actor/lib/test/auto/WallClockTime.xml
----------------- Instantiating /home/travis/build/icyphy/ptII/ptolemy/actor/lib/test/auto/WallClockTime.xml
1004 ms. Memory: 454656K Free: 329392K (72%)
----------------- Invoking toplevel() on ptolemy.moml.MoMLSimpleApplication@2eeeab97
----------------- Done invoking toplevel() on ptolemy.moml.MoMLSimpleApplication@2eeeab97
reloadAllAccessors: .WallClockTime

===========================================================================================
----------------- testing Sun Jul 19 20:59:23 UTC 2020 /home/travis/build/icyphy/ptII/ptolemy/actor/lib/test/auto/WidthTestWithSubscriberPublisher.xml
----------------- Instantiating /home/travis/build/icyphy/ptII/ptolemy/actor/lib/test/auto/WidthTestWithSubscriberPublisher.xml
7 ms. Memory: 454656K Free: 311474K (69%)
----------------- Invoking toplevel() on ptolemy.moml.MoMLSimpleApplication@2524dffb
----------------- Done invoking toplevel() on ptolemy.moml.MoMLSimpleApplication@2524dffb
reloadAllAccessors: .WidthTestWithSubscriberPublisher

===========================================================================================
----------------- testing Sun Jul 19 20:59:23 UTC 2020 /home/travis/build/icyphy/ptII/ptolemy/actor/lib/test/auto/WidthTestWithSubscriberPublisher2.xml
----------------- Instantiating /home/travis/build/icyphy/ptII/ptolemy/actor/lib/test/auto/WidthTestWithSubscriberPublisher2.xml
3 ms. Memory: 454656K Free: 305330K (67%)
----------------- Invoking toplevel() on ptolemy.moml.MoMLSimpleApplication@39552dc0
----------------- Done invoking toplevel() on ptolemy.moml.MoMLSimpleApplication@39552dc0
reloadAllAccessors: .WidthTestWithSubscriberPublisher2

===========================================================================================
----------------- testing Sun Jul 19 20:59:23 UTC 2020 /home/travis/build/icyphy/ptII/ptolemy/actor/lib/test/auto/WidthTestWithSubscriberPublisher3.xml
----------------- Instantiating /home/travis/build/icyphy/ptII/ptolemy/actor/lib/test/auto/WidthTestWithSubscriberPublisher3.xml
2 ms. Memory: 454656K Free: 299186K (66%)
----------------- Invoking toplevel() on ptolemy.moml.MoMLSimpleApplication@65cd9164
----------------- Done invoking toplevel() on ptolemy.moml.MoMLSimpleApplication@65cd9164
reloadAllAccessors: .WidthTestWithSubscriberPublisher3

===========================================================================================
----------------- testing Sun Jul 19 20:59:23 UTC 2020 /home/travis/build/icyphy/ptII/ptolemy/actor/lib/test/auto/Writer.xml
----------------- Instantiating /home/travis/build/icyphy/ptII/ptolemy/actor/lib/test/auto/Writer.xml
0
1
2
3
4
1 ms. Memory: 454656K Free: 295090K (65%)
----------------- Invoking toplevel() on ptolemy.moml.MoMLSimpleApplication@18810d12
----------------- Done invoking toplevel() on ptolemy.moml.MoMLSimpleApplication@18810d12
reloadAllAccessors: .Writer

===========================================================================================
----------------- testing Sun Jul 19 20:59:23 UTC 2020 /home/travis/build/icyphy/ptII/ptolemy/actor/lib/test/auto/array.xml
----------------- Instantiating /home/travis/build/icyphy/ptII/ptolemy/actor/lib/test/auto/array.xml
2 ms. Memory: 454656K Free: 290480K (64%)
----------------- Invoking toplevel() on ptolemy.moml.MoMLSimpleApplication@5416910a
----------------- Done invoking toplevel() on ptolemy.moml.MoMLSimpleApplication@5416910a
reloadAllAccessors: .array

===========================================================================================
----------------- testing Sun Jul 19 20:59:23 UTC 2020 /home/travis/build/icyphy/ptII/ptolemy/actor/lib/test/auto/array2.xml
----------------- Instantiating /home/travis/build/icyphy/ptII/ptolemy/actor/lib/test/auto/array2.xml
7 ms. Memory: 454656K Free: 285874K (63%)
----------------- Invoking toplevel() on ptolemy.moml.MoMLSimpleApplication@6fca309
----------------- Done invoking toplevel() on ptolemy.moml.MoMLSimpleApplication@6fca309
reloadAllAccessors: .array2

===========================================================================================
----------------- testing Sun Jul 19 20:59:24 UTC 2020 /home/travis/build/icyphy/ptII/ptolemy/actor/lib/test/auto/arrayType.xml
----------------- Instantiating /home/travis/build/icyphy/ptII/ptolemy/actor/lib/test/auto/arrayType.xml
1 ms. Memory: 454656K Free: 279730K (62%)
----------------- Invoking toplevel() on ptolemy.moml.MoMLSimpleApplication@29a07b5d
----------------- Done invoking toplevel() on ptolemy.moml.MoMLSimpleApplication@29a07b5d
reloadAllAccessors: .arrayType

===========================================================================================
----------------- testing Sun Jul 19 20:59:24 UTC 2020 /home/travis/build/icyphy/ptII/ptolemy/actor/lib/test/auto/arrayType10.xml
----------------- Instantiating /home/travis/build/icyphy/ptII/ptolemy/actor/lib/test/auto/arrayType10.xml
1 ms. Memory: 454656K Free: 274610K (60%)
----------------- Invoking toplevel() on ptolemy.moml.MoMLSimpleApplication@6821e548
----------------- Done invoking toplevel() on ptolemy.moml.MoMLSimpleApplication@6821e548
reloadAllAccessors: .arrayType10

===========================================================================================
----------------- testing Sun Jul 19 20:59:24 UTC 2020 /home/travis/build/icyphy/ptII/ptolemy/actor/lib/test/auto/arrayType11.xml
----------------- Instantiating /home/travis/build/icyphy/ptII/ptolemy/actor/lib/test/auto/arrayType11.xml
1 ms. Memory: 454656K Free: 270000K (59%)
----------------- Invoking toplevel() on ptolemy.moml.MoMLSimpleApplication@7d5c70b1
----------------- Done invoking toplevel() on ptolemy.moml.MoMLSimpleApplication@7d5c70b1
reloadAllAccessors: .arrayType11

===========================================================================================
----------------- testing Sun Jul 19 20:59:24 UTC 2020 /home/travis/build/icyphy/ptII/ptolemy/actor/lib/test/auto/arrayType12.xml
----------------- Instantiating /home/travis/build/icyphy/ptII/ptolemy/actor/lib/test/auto/arrayType12.xml
1 ms. Memory: 454656K Free: 265394K (58%)
----------------- Invoking toplevel() on ptolemy.moml.MoMLSimpleApplication@67cbf6c8
----------------- Done invoking toplevel() on ptolemy.moml.MoMLSimpleApplication@67cbf6c8
reloadAllAccessors: .arrayType12

===========================================================================================
----------------- testing Sun Jul 19 20:59:24 UTC 2020 /home/travis/build/icyphy/ptII/ptolemy/actor/lib/test/auto/arrayType13.xml
----------------- Instantiating /home/travis/build/icyphy/ptII/ptolemy/actor/lib/test/auto/arrayType13.xml
2 ms. Memory: 454656K Free: 260274K (57%)
----------------- Invoking toplevel() on ptolemy.moml.MoMLSimpleApplication@3bbe650d
----------------- Done invoking toplevel() on ptolemy.moml.MoMLSimpleApplication@3bbe650d
reloadAllAccessors: .arrayType13

===========================================================================================
----------------- testing Sun Jul 19 20:59:24 UTC 2020 /home/travis/build/icyphy/ptII/ptolemy/actor/lib/test/auto/arrayType14.xml
----------------- Instantiating /home/travis/build/icyphy/ptII/ptolemy/actor/lib/test/auto/arrayType14.xml
1 ms. Memory: 454656K Free: 254640K (56%)
----------------- Invoking toplevel() on ptolemy.moml.MoMLSimpleApplication@1a11f120
----------------- Done invoking toplevel() on ptolemy.moml.MoMLSimpleApplication@1a11f120
reloadAllAccessors: .arrayType14

===========================================================================================
----------------- testing Sun Jul 19 20:59:24 UTC 2020 /home/travis/build/icyphy/ptII/ptolemy/actor/lib/test/auto/arrayType15.xml
----------------- Instantiating /home/travis/build/icyphy/ptII/ptolemy/actor/lib/test/auto/arrayType15.xml
2 ms. Memory: 454656K Free: 249520K (55%)
----------------- Invoking toplevel() on ptolemy.moml.MoMLSimpleApplication@5ce05275
----------------- Done invoking toplevel() on ptolemy.moml.MoMLSimpleApplication@5ce05275
reloadAllAccessors: .arrayType15

===========================================================================================
----------------- testing Sun Jul 19 20:59:24 UTC 2020 /home/travis/build/icyphy/ptII/ptolemy/actor/lib/test/auto/arrayType16.xml
----------------- Instantiating /home/travis/build/icyphy/ptII/ptolemy/actor/lib/test/auto/arrayType16.xml
2 ms. Memory: 454656K Free: 244400K (54%)
----------------- Invoking toplevel() on ptolemy.moml.MoMLSimpleApplication@35533570
----------------- Done invoking toplevel() on ptolemy.moml.MoMLSimpleApplication@35533570
reloadAllAccessors: .arrayType16

===========================================================================================
----------------- testing Sun Jul 19 20:59:24 UTC 2020 /home/travis/build/icyphy/ptII/ptolemy/actor/lib/test/auto/arrayType17.xml
----------------- Instantiating /home/travis/build/icyphy/ptII/ptolemy/actor/lib/test/auto/arrayType17.xml
3 ms. Memory: 454656K Free: 239280K (53%)
----------------- Invoking toplevel() on ptolemy.moml.MoMLSimpleApplication@1afd51b9
----------------- Done invoking toplevel() on ptolemy.moml.MoMLSimpleApplication@1afd51b9
reloadAllAccessors: .arrayType17

===========================================================================================
----------------- testing Sun Jul 19 20:59:24 UTC 2020 /home/travis/build/icyphy/ptII/ptolemy/actor/lib/test/auto/arrayType18.xml
----------------- Instantiating /home/travis/build/icyphy/ptII/ptolemy/actor/lib/test/auto/arrayType18.xml
2 ms. Memory: 454656K Free: 234160K (52%)
----------------- Invoking toplevel() on ptolemy.moml.MoMLSimpleApplication@7dc542c3
----------------- Done invoking toplevel() on ptolemy.moml.MoMLSimpleApplication@7dc542c3
reloadAllAccessors: .arrayType18

===========================================================================================
----------------- testing Sun Jul 19 20:59:24 UTC 2020 /home/travis/build/icyphy/ptII/ptolemy/actor/lib/test/auto/arrayType19.xml
----------------- Instantiating /home/travis/build/icyphy/ptII/ptolemy/actor/lib/test/auto/arrayType19.xml
2 ms. Memory: 454656K Free: 229554K (50%)
----------------- Invoking toplevel() on ptolemy.moml.MoMLSimpleApplication@45aaab72
----------------- Done invoking toplevel() on ptolemy.moml.MoMLSimpleApplication@45aaab72
reloadAllAccessors: .arrayType19

===========================================================================================
----------------- testing Sun Jul 19 20:59:24 UTC 2020 /home/travis/build/icyphy/ptII/ptolemy/actor/lib/test/auto/arrayType2.xml
----------------- Instantiating /home/travis/build/icyphy/ptII/ptolemy/actor/lib/test/auto/arrayType2.xml
1 ms. Memory: 454656K Free: 224434K (49%)
----------------- Invoking toplevel() on ptolemy.moml.MoMLSimpleApplication@2a37e08e
----------------- Done invoking toplevel() on ptolemy.moml.MoMLSimpleApplication@2a37e08e
reloadAllAccessors: .arrayType2

===========================================================================================
----------------- testing Sun Jul 19 20:59:24 UTC 2020 /home/travis/build/icyphy/ptII/ptolemy/actor/lib/test/auto/arrayType20.xml
----------------- Instantiating /home/travis/build/icyphy/ptII/ptolemy/actor/lib/test/auto/arrayType20.xml
2 ms. Memory: 454656K Free: 219824K (48%)
----------------- Invoking toplevel() on ptolemy.moml.MoMLSimpleApplication@3f6ee55b
----------------- Done invoking toplevel() on ptolemy.moml.MoMLSimpleApplication@3f6ee55b
reloadAllAccessors: .arrayType20

===========================================================================================
----------------- testing Sun Jul 19 20:59:24 UTC 2020 /home/travis/build/icyphy/ptII/ptolemy/actor/lib/test/auto/arrayType21.xml
----------------- Instantiating /home/travis/build/icyphy/ptII/ptolemy/actor/lib/test/auto/arrayType21.xml
1 ms. Memory: 454656K Free: 215218K (47%)
----------------- Invoking toplevel() on ptolemy.moml.MoMLSimpleApplication@60329d49
----------------- Done invoking toplevel() on ptolemy.moml.MoMLSimpleApplication@60329d49
reloadAllAccessors: .arrayType21

===========================================================================================
----------------- testing Sun Jul 19 20:59:24 UTC 2020 /home/travis/build/icyphy/ptII/ptolemy/actor/lib/test/auto/arrayType22.xml
----------------- Instantiating /home/travis/build/icyphy/ptII/ptolemy/actor/lib/test/auto/arrayType22.xml
1 ms. Memory: 454656K Free: 210098K (46%)
----------------- Invoking toplevel() on ptolemy.moml.MoMLSimpleApplication@6876eb70
----------------- Done invoking toplevel() on ptolemy.moml.MoMLSimpleApplication@6876eb70
reloadAllAccessors: .arrayType22

===========================================================================================
----------------- testing Sun Jul 19 20:59:24 UTC 2020 /home/travis/build/icyphy/ptII/ptolemy/actor/lib/test/auto/arrayType23.xml
----------------- Instantiating /home/travis/build/icyphy/ptII/ptolemy/actor/lib/test/auto/arrayType23.xml
1 ms. Memory: 454656K Free: 205488K (45%)
----------------- Invoking toplevel() on ptolemy.moml.MoMLSimpleApplication@5566b875
----------------- Done invoking toplevel() on ptolemy.moml.MoMLSimpleApplication@5566b875
reloadAllAccessors: .arrayType23

===========================================================================================
----------------- testing Sun Jul 19 20:59:24 UTC 2020 /home/travis/build/icyphy/ptII/ptolemy/actor/lib/test/auto/arrayType24.xml
----------------- Instantiating /home/travis/build/icyphy/ptII/ptolemy/actor/lib/test/auto/arrayType24.xml
1 ms. Memory: 454656K Free: 200882K (44%)
----------------- Invoking toplevel() on ptolemy.moml.MoMLSimpleApplication@74dc3302
----------------- Done invoking toplevel() on ptolemy.moml.MoMLSimpleApplication@74dc3302
reloadAllAccessors: .arrayType24

===========================================================================================
----------------- testing Sun Jul 19 20:59:24 UTC 2020 /home/travis/build/icyphy/ptII/ptolemy/actor/lib/test/auto/arrayType25.xml
----------------- Instantiating /home/travis/build/icyphy/ptII/ptolemy/actor/lib/test/auto/arrayType25.xml
1 ms. Memory: 454656K Free: 195762K (43%)
----------------- Invoking toplevel() on ptolemy.moml.MoMLSimpleApplication@75ec623
----------------- Done invoking toplevel() on ptolemy.moml.MoMLSimpleApplication@75ec623
reloadAllAccessors: .arrayType25

===========================================================================================
----------------- testing Sun Jul 19 20:59:24 UTC 2020 /home/travis/build/icyphy/ptII/ptolemy/actor/lib/test/auto/arrayType26.xml
----------------- Instantiating /home/travis/build/icyphy/ptII/ptolemy/actor/lib/test/auto/arrayType26.xml
1 ms. Memory: 454656K Free: 190128K (42%)
----------------- Invoking toplevel() on ptolemy.moml.MoMLSimpleApplication@5abdcc62
----------------- Done invoking toplevel() on ptolemy.moml.MoMLSimpleApplication@5abdcc62
reloadAllAccessors: .arrayType26

===========================================================================================
----------------- testing Sun Jul 19 20:59:24 UTC 2020 /home/travis/build/icyphy/ptII/ptolemy/actor/lib/test/auto/arrayType27.xml
----------------- Instantiating /home/travis/build/icyphy/ptII/ptolemy/actor/lib/test/auto/arrayType27.xml
1 ms. Memory: 454656K Free: 185008K (41%)
----------------- Invoking toplevel() on ptolemy.moml.MoMLSimpleApplication@31571198
----------------- Done invoking toplevel() on ptolemy.moml.MoMLSimpleApplication@31571198
reloadAllAccessors: .arrayType27

===========================================================================================
----------------- testing Sun Jul 19 20:59:24 UTC 2020 /home/travis/build/icyphy/ptII/ptolemy/actor/lib/test/auto/arrayType28.xml
----------------- Instantiating /home/travis/build/icyphy/ptII/ptolemy/actor/lib/test/auto/arrayType28.xml
1 ms. Memory: 454656K Free: 179874K (40%)
----------------- Invoking toplevel() on ptolemy.moml.MoMLSimpleApplication@3df5956e
----------------- Done invoking toplevel() on ptolemy.moml.MoMLSimpleApplication@3df5956e
reloadAllAccessors: .arrayType28

===========================================================================================
----------------- testing Sun Jul 19 20:59:24 UTC 2020 /home/travis/build/icyphy/ptII/ptolemy/actor/lib/test/auto/arrayType3.xml
----------------- Instantiating /home/travis/build/icyphy/ptII/ptolemy/actor/lib/test/auto/arrayType3.xml
1 ms. Memory: 454656K Free: 174258K (38%)
----------------- Invoking toplevel() on ptolemy.moml.MoMLSimpleApplication@323b4b86
----------------- Done invoking toplevel() on ptolemy.moml.MoMLSimpleApplication@323b4b86
reloadAllAccessors: .arrayType3

===========================================================================================
----------------- testing Sun Jul 19 20:59:24 UTC 2020 /home/travis/build/icyphy/ptII/ptolemy/actor/lib/test/auto/arrayType4.xml
----------------- Instantiating /home/travis/build/icyphy/ptII/ptolemy/actor/lib/test/auto/arrayType4.xml
1 ms. Memory: 454656K Free: 169138K (37%)
----------------- Invoking toplevel() on ptolemy.moml.MoMLSimpleApplication@411ceb90
----------------- Done invoking toplevel() on ptolemy.moml.MoMLSimpleApplication@411ceb90
reloadAllAccessors: .arrayType4

===========================================================================================
----------------- testing Sun Jul 19 20:59:24 UTC 2020 /home/travis/build/icyphy/ptII/ptolemy/actor/lib/test/auto/arrayType5.xml
----------------- Instantiating /home/travis/build/icyphy/ptII/ptolemy/actor/lib/test/auto/arrayType5.xml
1 ms. Memory: 454656K Free: 164018K (36%)
----------------- Invoking toplevel() on ptolemy.moml.MoMLSimpleApplication@11de2875
----------------- Done invoking toplevel() on ptolemy.moml.MoMLSimpleApplication@11de2875
reloadAllAccessors: .arrayType5

===========================================================================================
----------------- testing Sun Jul 19 20:59:24 UTC 2020 /home/travis/build/icyphy/ptII/ptolemy/actor/lib/test/auto/arrayType6.xml
----------------- Instantiating /home/travis/build/icyphy/ptII/ptolemy/actor/lib/test/auto/arrayType6.xml
1 ms. Memory: 454656K Free: 159408K (35%)
----------------- Invoking toplevel() on ptolemy.moml.MoMLSimpleApplication@255fe86c
----------------- Done invoking toplevel() on ptolemy.moml.MoMLSimpleApplication@255fe86c
reloadAllAccessors: .arrayType6

===========================================================================================
----------------- testing Sun Jul 19 20:59:24 UTC 2020 /home/travis/build/icyphy/ptII/ptolemy/actor/lib/test/auto/arrayType7.xml
----------------- Instantiating /home/travis/build/icyphy/ptII/ptolemy/actor/lib/test/auto/arrayType7.xml
6 ms. Memory: 454656K Free: 154288K (34%)
----------------- Invoking toplevel() on ptolemy.moml.MoMLSimpleApplication@36b64bf6
----------------- Done invoking toplevel() on ptolemy.moml.MoMLSimpleApplication@36b64bf6
reloadAllAccessors: .arrayType7

===========================================================================================
----------------- testing Sun Jul 19 20:59:24 UTC 2020 /home/travis/build/icyphy/ptII/ptolemy/actor/lib/test/auto/arrayType8.xml
----------------- Instantiating /home/travis/build/icyphy/ptII/ptolemy/actor/lib/test/auto/arrayType8.xml
1 ms. Memory: 454656K Free: 149682K (33%)
----------------- Invoking toplevel() on ptolemy.moml.MoMLSimpleApplication@2d4a3cc2
----------------- Done invoking toplevel() on ptolemy.moml.MoMLSimpleApplication@2d4a3cc2
reloadAllAccessors: .arrayType8

===========================================================================================
----------------- testing Sun Jul 19 20:59:24 UTC 2020 /home/travis/build/icyphy/ptII/ptolemy/actor/lib/test/auto/arrayType9.xml
----------------- Instantiating /home/travis/build/icyphy/ptII/ptolemy/actor/lib/test/auto/arrayType9.xml
1 ms. Memory: 454656K Free: 145072K (32%)
----------------- Invoking toplevel() on ptolemy.moml.MoMLSimpleApplication@a09dba
----------------- Done invoking toplevel() on ptolemy.moml.MoMLSimpleApplication@a09dba
reloadAllAccessors: .arrayType9

===========================================================================================
----------------- testing Sun Jul 19 20:59:24 UTC 2020 /home/travis/build/icyphy/ptII/ptolemy/actor/lib/test/auto/cast.xml
----------------- Instantiating /home/travis/build/icyphy/ptII/ptolemy/actor/lib/test/auto/cast.xml
2 ms. Memory: 454656K Free: 396601K (87%)
----------------- Invoking toplevel() on ptolemy.moml.MoMLSimpleApplication@4eef2f3c
----------------- Done invoking toplevel() on ptolemy.moml.MoMLSimpleApplication@4eef2f3c
reloadAllAccessors: .cast

===========================================================================================
----------------- testing Sun Jul 19 20:59:24 UTC 2020 /home/travis/build/icyphy/ptII/ptolemy/actor/lib/test/auto/compositeMultiPort.xml
----------------- Instantiating /home/travis/build/icyphy/ptII/ptolemy/actor/lib/test/auto/compositeMultiPort.xml
3 ms. Memory: 454656K Free: 387385K (85%)
----------------- Invoking toplevel() on ptolemy.moml.MoMLSimpleApplication@3f548fbf
----------------- Done invoking toplevel() on ptolemy.moml.MoMLSimpleApplication@3f548fbf
reloadAllAccessors: .compositeMultiPort

===========================================================================================
----------------- testing Sun Jul 19 20:59:24 UTC 2020 /home/travis/build/icyphy/ptII/ptolemy/actor/lib/test/auto/expressionCastInference.xml
----------------- Instantiating /home/travis/build/icyphy/ptII/ptolemy/actor/lib/test/auto/expressionCastInference.xml
2 ms. Memory: 454656K Free: 382779K (84%)
----------------- Invoking toplevel() on ptolemy.moml.MoMLSimpleApplication@2973c172
----------------- Done invoking toplevel() on ptolemy.moml.MoMLSimpleApplication@2973c172
reloadAllAccessors: .expressionCastInference

===========================================================================================
----------------- testing Sun Jul 19 20:59:24 UTC 2020 /home/travis/build/icyphy/ptII/ptolemy/actor/lib/test/auto/expressionCastInference2.xml
----------------- Instantiating /home/travis/build/icyphy/ptII/ptolemy/actor/lib/test/auto/expressionCastInference2.xml
2 ms. Memory: 454656K Free: 378169K (83%)
----------------- Invoking toplevel() on ptolemy.moml.MoMLSimpleApplication@2d92f2ea
----------------- Done invoking toplevel() on ptolemy.moml.MoMLSimpleApplication@2d92f2ea
reloadAllAccessors: .expressionCastInference2

===========================================================================================
----------------- testing Sun Jul 19 20:59:24 UTC 2020 /home/travis/build/icyphy/ptII/ptolemy/actor/lib/test/auto/expressionInference.xml
----------------- Instantiating /home/travis/build/icyphy/ptII/ptolemy/actor/lib/test/auto/expressionInference.xml
1 ms. Memory: 454656K Free: 373563K (82%)
----------------- Invoking toplevel() on ptolemy.moml.MoMLSimpleApplication@398ca754
----------------- Done invoking toplevel() on ptolemy.moml.MoMLSimpleApplication@398ca754
reloadAllAccessors: .expressionInference

===========================================================================================
----------------- testing Sun Jul 19 20:59:24 UTC 2020 /home/travis/build/icyphy/ptII/ptolemy/actor/lib/test/auto/expression_bug.xml
----------------- Instantiating /home/travis/build/icyphy/ptII/ptolemy/actor/lib/test/auto/expression_bug.xml
2 ms. Memory: 454656K Free: 368953K (81%)
----------------- Invoking toplevel() on ptolemy.moml.MoMLSimpleApplication@6f346123
----------------- Done invoking toplevel() on ptolemy.moml.MoMLSimpleApplication@6f346123
reloadAllAccessors: .expression_bug

===========================================================================================
----------------- testing Sun Jul 19 20:59:24 UTC 2020 /home/travis/build/icyphy/ptII/ptolemy/actor/lib/test/auto/factorial.xml
----------------- Instantiating /home/travis/build/icyphy/ptII/ptolemy/actor/lib/test/auto/factorial.xml
57 ms. Memory: 454656K Free: 360251K (79%)
----------------- Invoking toplevel() on ptolemy.moml.MoMLSimpleApplication@6886fea5
----------------- Done invoking toplevel() on ptolemy.moml.MoMLSimpleApplication@6886fea5
reloadAllAccessors: .factorial

===========================================================================================
----------------- testing Sun Jul 19 20:59:24 UTC 2020 /home/travis/build/icyphy/ptII/ptolemy/actor/lib/test/auto/filterTest1.xml
----------------- Instantiating /home/travis/build/icyphy/ptII/ptolemy/actor/lib/test/auto/filterTest1.xml
3 ms. Memory: 454656K Free: 354107K (78%)
----------------- Invoking toplevel() on ptolemy.moml.MoMLSimpleApplication@4c4bf282
----------------- Done invoking toplevel() on ptolemy.moml.MoMLSimpleApplication@4c4bf282
reloadAllAccessors: .filterTest1

===========================================================================================
----------------- testing Sun Jul 19 20:59:24 UTC 2020 /home/travis/build/icyphy/ptII/ptolemy/actor/lib/test/auto/funcApplyInConst.xml
----------------- Instantiating /home/travis/build/icyphy/ptII/ptolemy/actor/lib/test/auto/funcApplyInConst.xml
1 ms. Memory: 454656K Free: 350521K (77%)
----------------- Invoking toplevel() on ptolemy.moml.MoMLSimpleApplication@3fbb1b6f
----------------- Done invoking toplevel() on ptolemy.moml.MoMLSimpleApplication@3fbb1b6f
reloadAllAccessors: .funcApplyInConst

===========================================================================================
----------------- testing Sun Jul 19 20:59:24 UTC 2020 /home/travis/build/icyphy/ptII/ptolemy/actor/lib/test/auto/funcApplyInExpr.xml
----------------- Instantiating /home/travis/build/icyphy/ptII/ptolemy/actor/lib/test/auto/funcApplyInExpr.xml
1 ms. Memory: 454656K Free: 346939K (76%)
----------------- Invoking toplevel() on ptolemy.moml.MoMLSimpleApplication@5fa67def
----------------- Done invoking toplevel() on ptolemy.moml.MoMLSimpleApplication@5fa67def
reloadAllAccessors: .funcApplyInExpr

===========================================================================================
----------------- testing Sun Jul 19 20:59:24 UTC 2020 /home/travis/build/icyphy/ptII/ptolemy/actor/lib/test/auto/function.xml
----------------- Instantiating /home/travis/build/icyphy/ptII/ptolemy/actor/lib/test/auto/function.xml
1 ms. Memory: 454656K Free: 341819K (75%)
----------------- Invoking toplevel() on ptolemy.moml.MoMLSimpleApplication@61cc48db
----------------- Done invoking toplevel() on ptolemy.moml.MoMLSimpleApplication@61cc48db
reloadAllAccessors: .function

===========================================================================================
----------------- testing Sun Jul 19 20:59:24 UTC 2020 /home/travis/build/icyphy/ptII/ptolemy/actor/lib/test/auto/function2.xml
----------------- Instantiating /home/travis/build/icyphy/ptII/ptolemy/actor/lib/test/auto/function2.xml
4 ms. Memory: 454656K Free: 337209K (74%)
----------------- Invoking toplevel() on ptolemy.moml.MoMLSimpleApplication@ad7323a
----------------- Done invoking toplevel() on ptolemy.moml.MoMLSimpleApplication@ad7323a
reloadAllAccessors: .function2

===========================================================================================
----------------- testing Sun Jul 19 20:59:24 UTC 2020 /home/travis/build/icyphy/ptII/ptolemy/actor/lib/test/auto/function3.xml
----------------- Instantiating /home/travis/build/icyphy/ptII/ptolemy/actor/lib/test/auto/function3.xml
1 ms. Memory: 454656K Free: 333627K (73%)
----------------- Invoking toplevel() on ptolemy.moml.MoMLSimpleApplication@5f65ae83
----------------- Done invoking toplevel() on ptolemy.moml.MoMLSimpleApplication@5f65ae83
reloadAllAccessors: .function3

===========================================================================================
----------------- testing Sun Jul 19 20:59:24 UTC 2020 /home/travis/build/icyphy/ptII/ptolemy/actor/lib/test/auto/functionClosureTest1.xml
----------------- Instantiating /home/travis/build/icyphy/ptII/ptolemy/actor/lib/test/auto/functionClosureTest1.xml
3 ms. Memory: 454656K Free: 327993K (72%)
----------------- Invoking toplevel() on ptolemy.moml.MoMLSimpleApplication@662c7805
----------------- Done invoking toplevel() on ptolemy.moml.MoMLSimpleApplication@662c7805
reloadAllAccessors: .functionClosureTest1

===========================================================================================
----------------- testing Sun Jul 19 20:59:24 UTC 2020 /home/travis/build/icyphy/ptII/ptolemy/actor/lib/test/auto/functionClosureTest2.xml
----------------- Instantiating /home/travis/build/icyphy/ptII/ptolemy/actor/lib/test/auto/functionClosureTest2.xml
1 ms. Memory: 454656K Free: 323897K (71%)
----------------- Invoking toplevel() on ptolemy.moml.MoMLSimpleApplication@84e5818
----------------- Done invoking toplevel() on ptolemy.moml.MoMLSimpleApplication@84e5818
reloadAllAccessors: .functionClosureTest2

===========================================================================================
----------------- testing Sun Jul 19 20:59:24 UTC 2020 /home/travis/build/icyphy/ptII/ptolemy/actor/lib/test/auto/functionClosureTest3.xml
----------------- Instantiating /home/travis/build/icyphy/ptII/ptolemy/actor/lib/test/auto/functionClosureTest3.xml
2 ms. Memory: 454656K Free: 318763K (70%)
----------------- Invoking toplevel() on ptolemy.moml.MoMLSimpleApplication@448f63bc
----------------- Done invoking toplevel() on ptolemy.moml.MoMLSimpleApplication@448f63bc
reloadAllAccessors: .functionClosureTest3

===========================================================================================
----------------- testing Sun Jul 19 20:59:24 UTC 2020 /home/travis/build/icyphy/ptII/ptolemy/actor/lib/test/auto/functionClosureTest4.xml
----------------- Instantiating /home/travis/build/icyphy/ptII/ptolemy/actor/lib/test/auto/functionClosureTest4.xml
3 ms. Memory: 454656K Free: 312123K (69%)
----------------- Invoking toplevel() on ptolemy.moml.MoMLSimpleApplication@604dd077
----------------- Done invoking toplevel() on ptolemy.moml.MoMLSimpleApplication@604dd077
reloadAllAccessors: .functionClosureTest4

===========================================================================================
----------------- testing Sun Jul 19 20:59:24 UTC 2020 /home/travis/build/icyphy/ptII/ptolemy/actor/lib/test/auto/functionClosureTest5.xml
----------------- Instantiating /home/travis/build/icyphy/ptII/ptolemy/actor/lib/test/auto/functionClosureTest5.xml
3 ms. Memory: 454656K Free: 307003K (68%)
----------------- Invoking toplevel() on ptolemy.moml.MoMLSimpleApplication@55f52a66
----------------- Done invoking toplevel() on ptolemy.moml.MoMLSimpleApplication@55f52a66
reloadAllAccessors: .functionClosureTest5

===========================================================================================
----------------- testing Sun Jul 19 20:59:24 UTC 2020 /home/travis/build/icyphy/ptII/ptolemy/actor/lib/test/auto/functionClosureTest6.xml
----------------- Instantiating /home/travis/build/icyphy/ptII/ptolemy/actor/lib/test/auto/functionClosureTest6.xml
2 ms. Memory: 454656K Free: 302387K (67%)
----------------- Invoking toplevel() on ptolemy.moml.MoMLSimpleApplication@ca98b8d
----------------- Done invoking toplevel() on ptolemy.moml.MoMLSimpleApplication@ca98b8d
reloadAllAccessors: .functionClosureTest6

===========================================================================================
----------------- testing Sun Jul 19 20:59:24 UTC 2020 /home/travis/build/icyphy/ptII/ptolemy/actor/lib/test/auto/functionsOnArcs.xml
----------------- Instantiating /home/travis/build/icyphy/ptII/ptolemy/actor/lib/test/auto/functionsOnArcs.xml
1 ms. Memory: 454656K Free: 296763K (65%)
----------------- Invoking toplevel() on ptolemy.moml.MoMLSimpleApplication@4c4eaa43
----------------- Done invoking toplevel() on ptolemy.moml.MoMLSimpleApplication@4c4eaa43
reloadAllAccessors: .functionsOnArcs

===========================================================================================
----------------- testing Sun Jul 19 20:59:24 UTC 2020 /home/travis/build/icyphy/ptII/ptolemy/actor/lib/test/auto/functionsOnArcsHOF.xml
----------------- Instantiating /home/travis/build/icyphy/ptII/ptolemy/actor/lib/test/auto/functionsOnArcsHOF.xml
3 ms. Memory: 454656K Free: 291129K (64%)
----------------- Invoking toplevel() on ptolemy.moml.MoMLSimpleApplication@56a32260
----------------- Done invoking toplevel() on ptolemy.moml.MoMLSimpleApplication@56a32260
reloadAllAccessors: .functionsOnArcsHOF

===========================================================================================
----------------- testing Sun Jul 19 20:59:24 UTC 2020 /home/travis/build/icyphy/ptII/ptolemy/actor/lib/test/auto/logic.xml
----------------- Instantiating /home/travis/build/icyphy/ptII/ptolemy/actor/lib/test/auto/logic.xml
1 ms. Memory: 454656K Free: 283961K (62%)
----------------- Invoking toplevel() on ptolemy.moml.MoMLSimpleApplication@2ecd9ab0
----------------- Done invoking toplevel() on ptolemy.moml.MoMLSimpleApplication@2ecd9ab0
reloadAllAccessors: .logic

===========================================================================================
----------------- testing Sun Jul 19 20:59:24 UTC 2020 /home/travis/build/icyphy/ptII/ptolemy/actor/lib/test/auto/matrixType.xml
----------------- Instantiating /home/travis/build/icyphy/ptII/ptolemy/actor/lib/test/auto/matrixType.xml
2 ms. Memory: 454656K Free: 278841K (61%)
----------------- Invoking toplevel() on ptolemy.moml.MoMLSimpleApplication@42fe3009
----------------- Done invoking toplevel() on ptolemy.moml.MoMLSimpleApplication@42fe3009
reloadAllAccessors: .matrixType

===========================================================================================
----------------- testing Sun Jul 19 20:59:24 UTC 2020 /home/travis/build/icyphy/ptII/ptolemy/actor/lib/test/auto/matrixType10.xml
----------------- Instantiating /home/travis/build/icyphy/ptII/ptolemy/actor/lib/test/auto/matrixType10.xml
2 ms. Memory: 454656K Free: 274235K (60%)
----------------- Invoking toplevel() on ptolemy.moml.MoMLSimpleApplication@4db3cbc1
----------------- Done invoking toplevel() on ptolemy.moml.MoMLSimpleApplication@4db3cbc1
reloadAllAccessors: .matrixType10

===========================================================================================
----------------- testing Sun Jul 19 20:59:24 UTC 2020 /home/travis/build/icyphy/ptII/ptolemy/actor/lib/test/auto/matrixType11.xml
----------------- Instantiating /home/travis/build/icyphy/ptII/ptolemy/actor/lib/test/auto/matrixType11.xml
1 ms. Memory: 454656K Free: 269625K (59%)
----------------- Invoking toplevel() on ptolemy.moml.MoMLSimpleApplication@c18355d
----------------- Done invoking toplevel() on ptolemy.moml.MoMLSimpleApplication@c18355d
reloadAllAccessors: .matrixType11

===========================================================================================
----------------- testing Sun Jul 19 20:59:24 UTC 2020 /home/travis/build/icyphy/ptII/ptolemy/actor/lib/test/auto/matrixType12.xml
----------------- Instantiating /home/travis/build/icyphy/ptII/ptolemy/actor/lib/test/auto/matrixType12.xml
2 ms. Memory: 454656K Free: 264505K (58%)
----------------- Invoking toplevel() on ptolemy.moml.MoMLSimpleApplication@6c2c3a6e
----------------- Done invoking toplevel() on ptolemy.moml.MoMLSimpleApplication@6c2c3a6e
reloadAllAccessors: .matrixType12

===========================================================================================
----------------- testing Sun Jul 19 20:59:24 UTC 2020 /home/travis/build/icyphy/ptII/ptolemy/actor/lib/test/auto/matrixType13.xml
----------------- Instantiating /home/travis/build/icyphy/ptII/ptolemy/actor/lib/test/auto/matrixType13.xml
1 ms. Memory: 454656K Free: 259899K (57%)
----------------- Invoking toplevel() on ptolemy.moml.MoMLSimpleApplication@6c37a36f
----------------- Done invoking toplevel() on ptolemy.moml.MoMLSimpleApplication@6c37a36f
reloadAllAccessors: .matrixType13

===========================================================================================
----------------- testing Sun Jul 19 20:59:24 UTC 2020 /home/travis/build/icyphy/ptII/ptolemy/actor/lib/test/auto/matrixType14.xml
----------------- Instantiating /home/travis/build/icyphy/ptII/ptolemy/actor/lib/test/auto/matrixType14.xml
1 ms. Memory: 454656K Free: 255289K (56%)
----------------- Invoking toplevel() on ptolemy.moml.MoMLSimpleApplication@745696bf
----------------- Done invoking toplevel() on ptolemy.moml.MoMLSimpleApplication@745696bf
reloadAllAccessors: .matrixType14

===========================================================================================
----------------- testing Sun Jul 19 20:59:24 UTC 2020 /home/travis/build/icyphy/ptII/ptolemy/actor/lib/test/auto/matrixType2.xml
----------------- Instantiating /home/travis/build/icyphy/ptII/ptolemy/actor/lib/test/auto/matrixType2.xml
1 ms. Memory: 454656K Free: 250169K (55%)
----------------- Invoking toplevel() on ptolemy.moml.MoMLSimpleApplication@7f988f80
----------------- Done invoking toplevel() on ptolemy.moml.MoMLSimpleApplication@7f988f80
reloadAllAccessors: .matrixType2

===========================================================================================
----------------- testing Sun Jul 19 20:59:24 UTC 2020 /home/travis/build/icyphy/ptII/ptolemy/actor/lib/test/auto/matrixType3.xml
----------------- Instantiating /home/travis/build/icyphy/ptII/ptolemy/actor/lib/test/auto/matrixType3.xml
3 ms. Memory: 454656K Free: 245563K (54%)
----------------- Invoking toplevel() on ptolemy.moml.MoMLSimpleApplication@1c58cbf3
----------------- Done invoking toplevel() on ptolemy.moml.MoMLSimpleApplication@1c58cbf3
reloadAllAccessors: .matrixType3

===========================================================================================
----------------- testing Sun Jul 19 20:59:24 UTC 2020 /home/travis/build/icyphy/ptII/ptolemy/actor/lib/test/auto/matrixType4.xml
----------------- Instantiating /home/travis/build/icyphy/ptII/ptolemy/actor/lib/test/auto/matrixType4.xml
1 ms. Memory: 454656K Free: 240953K (53%)
----------------- Invoking toplevel() on ptolemy.moml.MoMLSimpleApplication@6a6aab0f
----------------- Done invoking toplevel() on ptolemy.moml.MoMLSimpleApplication@6a6aab0f
reloadAllAccessors: .matrixType4

===========================================================================================
----------------- testing Sun Jul 19 20:59:24 UTC 2020 /home/travis/build/icyphy/ptII/ptolemy/actor/lib/test/auto/matrixType5.xml
----------------- Instantiating /home/travis/build/icyphy/ptII/ptolemy/actor/lib/test/auto/matrixType5.xml
1 ms. Memory: 454656K Free: 235833K (52%)
----------------- Invoking toplevel() on ptolemy.moml.MoMLSimpleApplication@5e59f13b
----------------- Done invoking toplevel() on ptolemy.moml.MoMLSimpleApplication@5e59f13b
reloadAllAccessors: .matrixType5

===========================================================================================
----------------- testing Sun Jul 19 20:59:24 UTC 2020 /home/travis/build/icyphy/ptII/ptolemy/actor/lib/test/auto/matrixType6.xml
----------------- Instantiating /home/travis/build/icyphy/ptII/ptolemy/actor/lib/test/auto/matrixType6.xml
1 ms. Memory: 454656K Free: 231227K (51%)
----------------- Invoking toplevel() on ptolemy.moml.MoMLSimpleApplication@64d5fb6b
----------------- Done invoking toplevel() on ptolemy.moml.MoMLSimpleApplication@64d5fb6b
reloadAllAccessors: .matrixType6

===========================================================================================
----------------- testing Sun Jul 19 20:59:24 UTC 2020 /home/travis/build/icyphy/ptII/ptolemy/actor/lib/test/auto/matrixType7.xml
----------------- Instantiating /home/travis/build/icyphy/ptII/ptolemy/actor/lib/test/auto/matrixType7.xml
1 ms. Memory: 454656K Free: 226107K (50%)
----------------- Invoking toplevel() on ptolemy.moml.MoMLSimpleApplication@3b34cb11
----------------- Done invoking toplevel() on ptolemy.moml.MoMLSimpleApplication@3b34cb11
reloadAllAccessors: .matrixType7

===========================================================================================
----------------- testing Sun Jul 19 20:59:24 UTC 2020 /home/travis/build/icyphy/ptII/ptolemy/actor/lib/test/auto/matrixType8.xml
----------------- Instantiating /home/travis/build/icyphy/ptII/ptolemy/actor/lib/test/auto/matrixType8.xml
1 ms. Memory: 454656K Free: 221497K (49%)
----------------- Invoking toplevel() on ptolemy.moml.MoMLSimpleApplication@5b9c8e8b
----------------- Done invoking toplevel() on ptolemy.moml.MoMLSimpleApplication@5b9c8e8b
reloadAllAccessors: .matrixType8

===========================================================================================
----------------- testing Sun Jul 19 20:59:24 UTC 2020 /home/travis/build/icyphy/ptII/ptolemy/actor/lib/test/auto/matrixType9.xml
----------------- Instantiating /home/travis/build/icyphy/ptII/ptolemy/actor/lib/test/auto/matrixType9.xml
1 ms. Memory: 454656K Free: 216891K (48%)
----------------- Invoking toplevel() on ptolemy.moml.MoMLSimpleApplication@59909880
----------------- Done invoking toplevel() on ptolemy.moml.MoMLSimpleApplication@59909880
reloadAllAccessors: .matrixType9

===========================================================================================
----------------- testing Sun Jul 19 20:59:24 UTC 2020 /home/travis/build/icyphy/ptII/ptolemy/actor/lib/test/auto/paraFunctest.xml
----------------- Instantiating /home/travis/build/icyphy/ptII/ptolemy/actor/lib/test/auto/paraFunctest.xml
2 ms. Memory: 454656K Free: 212795K (47%)
----------------- Invoking toplevel() on ptolemy.moml.MoMLSimpleApplication@68387252
----------------- Done invoking toplevel() on ptolemy.moml.MoMLSimpleApplication@68387252
reloadAllAccessors: .paraFunctest

===========================================================================================
----------------- testing Sun Jul 19 20:59:24 UTC 2020 /home/travis/build/icyphy/ptII/ptolemy/actor/lib/test/auto/paraFunctest2.xml
----------------- Instantiating /home/travis/build/icyphy/ptII/ptolemy/actor/lib/test/auto/paraFunctest2.xml
1 ms. Memory: 454656K Free: 208185K (46%)
----------------- Invoking toplevel() on ptolemy.moml.MoMLSimpleApplication@3a8ae75a
----------------- Done invoking toplevel() on ptolemy.moml.MoMLSimpleApplication@3a8ae75a
reloadAllAccessors: .paraFunctest2

===========================================================================================
----------------- testing Sun Jul 19 20:59:24 UTC 2020 /home/travis/build/icyphy/ptII/ptolemy/actor/lib/test/auto/parameterPassing.xml
----------------- Instantiating /home/travis/build/icyphy/ptII/ptolemy/actor/lib/test/auto/parameterPassing.xml
1 ms. Memory: 454656K Free: 203579K (45%)
----------------- Invoking toplevel() on ptolemy.moml.MoMLSimpleApplication@10abaa16
----------------- Done invoking toplevel() on ptolemy.moml.MoMLSimpleApplication@10abaa16
reloadAllAccessors: .parameterPassing

===========================================================================================
----------------- testing Sun Jul 19 20:59:24 UTC 2020 /home/travis/build/icyphy/ptII/ptolemy/actor/lib/test/auto/record.xml
----------------- Instantiating /home/travis/build/icyphy/ptII/ptolemy/actor/lib/test/auto/record.xml
2 ms. Memory: 454656K Free: 198969K (44%)
----------------- Invoking toplevel() on ptolemy.moml.MoMLSimpleApplication@4791c8b
----------------- Done invoking toplevel() on ptolemy.moml.MoMLSimpleApplication@4791c8b
reloadAllAccessors: .record

===========================================================================================
----------------- testing Sun Jul 19 20:59:25 UTC 2020 /home/travis/build/icyphy/ptII/ptolemy/actor/lib/test/auto/sizedarray1.xml
----------------- Instantiating /home/travis/build/icyphy/ptII/ptolemy/actor/lib/test/auto/sizedarray1.xml
2 ms. Memory: 454656K Free: 193849K (43%)
----------------- Invoking toplevel() on ptolemy.moml.MoMLSimpleApplication@12de7879
----------------- Done invoking toplevel() on ptolemy.moml.MoMLSimpleApplication@12de7879
reloadAllAccessors: .sizedarray1

===========================================================================================
----------------- testing Sun Jul 19 20:59:25 UTC 2020 /home/travis/build/icyphy/ptII/ptolemy/actor/lib/test/auto/sizedarray2.xml
----------------- Instantiating /home/travis/build/icyphy/ptII/ptolemy/actor/lib/test/auto/sizedarray2.xml
2 ms. Memory: 454656K Free: 188219K (41%)
----------------- Invoking toplevel() on ptolemy.moml.MoMLSimpleApplication@23297d32
----------------- Done invoking toplevel() on ptolemy.moml.MoMLSimpleApplication@23297d32
reloadAllAccessors: .sizedarray2

===========================================================================================
----------------- testing Sun Jul 19 20:59:25 UTC 2020 /home/travis/build/icyphy/ptII/ptolemy/actor/lib/test/auto/twoPublishers.xml
----------------- Instantiating /home/travis/build/icyphy/ptII/ptolemy/actor/lib/test/auto/twoPublishers.xml
5 ms. Memory: 454656K Free: 177451K (39%)
----------------- Invoking toplevel() on ptolemy.moml.MoMLSimpleApplication@36a33afb
----------------- Done invoking toplevel() on ptolemy.moml.MoMLSimpleApplication@36a33afb
reloadAllAccessors: .twoPublishers
AutoTests.java: About to close Vertx.
AutoTests.java: Vertx closed.
]]></system-out>
  <system-err><![CDATA[java.lang.RuntimeException: Execution failed
	at ptolemy.moml.MoMLSimpleApplication$UnloadThread.run(MoMLSimpleApplication.java:402)
Caused by: java.lang.RuntimeException: StringUtilities.exit() was called. Normally, we would exit here because Manager.exitAfterWrapup() was called.  However, because the ptolemy.ptII.exitAfterWrapup property is set, we throw this exception instead.
	at ptolemy.util.StringUtilities.exit(StringUtilities.java:365)
	at ptolemy.actor.Manager.wrapup(Manager.java:1549)
	at ptolemy.actor.Manager.execute(Manager.java:407)
	at ptolemy.actor.Manager.run(Manager.java:1263)
	at ptolemy.actor.Manager$PtolemyRunThread.run(Manager.java:1933)
Warning: '.top.test' is in training mode, set the trainingMode parameter to false before checking in
Warning: '.top.test' is in training mode, set the trainingMode parameter to false before checking in
Warning: '.top.test' is in training mode, set the trainingMode parameter to false before checking in
Warning: '.BooleanSwitch_RegressionTest_WrongTrainingValues.Test' is in training mode, set the trainingMode parameter to false before checking in
Warning: '.BooleanSwitch_RegressionTest_WrongTrainingValues.Test2' is in training mode, set the trainingMode parameter to false before checking in
Warning: '.BooleanSwitch_RegressionTest_WrongTrainingValues.Test2' The test produced 0 tokens.
Warning: '.top.testExceptionHandler' is in training mode, set the trainingMode parameter to false before checking in
java.lang.RuntimeException: Execution failed
	at ptolemy.moml.MoMLSimpleApplication$UnloadThread.run(MoMLSimpleApplication.java:402)
Caused by: ptolemy.kernel.util.IllegalActionException: PublisherPorts cannot be used at the top level, use a Publisher actor instead.
  in .PublisherPortToplevelSubscriber.PublisherPort
	at ptolemy.actor.PublisherPort.preinitialize(PublisherPort.java:403)
	at ptolemy.actor.CompositeActor.preinitialize(CompositeActor.java:1769)
	at ptolemy.actor.Manager.preinitializeAndResolveTypes(Manager.java:1040)
	at ptolemy.actor.Manager.initialize(Manager.java:710)
	at ptolemy.actor.Manager.execute(Manager.java:356)
	at ptolemy.actor.Manager.run(Manager.java:1263)
	at ptolemy.actor.Manager$PtolemyRunThread.run(Manager.java:1933)
java.lang.reflect.InvocationTargetException
	at java.base/jdk.internal.reflect.NativeConstructorAccessorImpl.newInstance0(Native Method)
	at java.base/jdk.internal.reflect.NativeConstructorAccessorImpl.newInstance(NativeConstructorAccessorImpl.java:62)
	at java.base/jdk.internal.reflect.DelegatingConstructorAccessorImpl.newInstance(DelegatingConstructorAccessorImpl.java:45)
	at java.base/java.lang.reflect.Constructor.newInstance(Constructor.java:490)
	at ptolemy.util.test.junit.AutoKnownFailedTests.RunModel(AutoKnownFailedTests.java:105)
	at java.base/jdk.internal.reflect.NativeMethodAccessorImpl.invoke0(Native Method)
	at java.base/jdk.internal.reflect.NativeMethodAccessorImpl.invoke(NativeMethodAccessorImpl.java:62)
	at java.base/jdk.internal.reflect.DelegatingMethodAccessorImpl.invoke(DelegatingMethodAccessorImpl.java:43)
	at java.base/java.lang.reflect.Method.invoke(Method.java:566)
	at org.junit.runners.model.FrameworkMethod$1.runReflectiveCall(FrameworkMethod.java:44)
	at org.junit.internal.runners.model.ReflectiveCallable.run(ReflectiveCallable.java:15)
	at org.junit.runners.model.FrameworkMethod.invokeExplosively(FrameworkMethod.java:41)
	at junitparams.internal.InvokeParameterisedMethod.evaluate(InvokeParameterisedMethod.java:102)
	at org.junit.internal.runners.statements.FailOnTimeout$1.run(FailOnTimeout.java:28)
Caused by: ptolemy.kernel.util.IllegalActionException: PublisherPorts cannot be used at the top level, use a Publisher actor instead.
  in .PublisherPortToplevelSubscriber.PublisherPort
	at ptolemy.actor.PublisherPort.preinitialize(PublisherPort.java:403)
	at ptolemy.actor.CompositeActor.preinitialize(CompositeActor.java:1769)
	at ptolemy.actor.Manager.preinitializeAndResolveTypes(Manager.java:1040)
	at ptolemy.actor.Manager.initialize(Manager.java:710)
	at ptolemy.actor.Manager.execute(Manager.java:356)
	at ptolemy.actor.Manager.run(Manager.java:1263)
	at ptolemy.actor.Manager$PtolemyRunThread.run(Manager.java:1933)
java.lang.RuntimeException: Execution failed
	at ptolemy.moml.MoMLSimpleApplication$UnloadThread.run(MoMLSimpleApplication.java:402)
Caused by: ptolemy.kernel.util.IllegalActionException: SubscriberPorts cannot be used at the top level, use a Subscriber actor instead.
  in .PublisherSubscriberPortToplevel.SubscriberPort
	at ptolemy.actor.SubscriberPort.preinitialize(SubscriberPort.java:328)
	at ptolemy.actor.CompositeActor.preinitialize(CompositeActor.java:1769)
	at ptolemy.actor.Manager.preinitializeAndResolveTypes(Manager.java:1040)
	at ptolemy.actor.Manager.initialize(Manager.java:710)
	at ptolemy.actor.Manager.execute(Manager.java:356)
	at ptolemy.actor.Manager.run(Manager.java:1263)
	at ptolemy.actor.Manager$PtolemyRunThread.run(Manager.java:1933)
java.lang.reflect.InvocationTargetException
	at java.base/jdk.internal.reflect.NativeConstructorAccessorImpl.newInstance0(Native Method)
	at java.base/jdk.internal.reflect.NativeConstructorAccessorImpl.newInstance(NativeConstructorAccessorImpl.java:62)
	at java.base/jdk.internal.reflect.DelegatingConstructorAccessorImpl.newInstance(DelegatingConstructorAccessorImpl.java:45)
	at java.base/java.lang.reflect.Constructor.newInstance(Constructor.java:490)
	at ptolemy.util.test.junit.AutoKnownFailedTests.RunModel(AutoKnownFailedTests.java:105)
	at java.base/jdk.internal.reflect.NativeMethodAccessorImpl.invoke0(Native Method)
	at java.base/jdk.internal.reflect.NativeMethodAccessorImpl.invoke(NativeMethodAccessorImpl.java:62)
	at java.base/jdk.internal.reflect.DelegatingMethodAccessorImpl.invoke(DelegatingMethodAccessorImpl.java:43)
	at java.base/java.lang.reflect.Method.invoke(Method.java:566)
	at org.junit.runners.model.FrameworkMethod$1.runReflectiveCall(FrameworkMethod.java:44)
	at org.junit.internal.runners.model.ReflectiveCallable.run(ReflectiveCallable.java:15)
	at org.junit.runners.model.FrameworkMethod.invokeExplosively(FrameworkMethod.java:41)
	at junitparams.internal.InvokeParameterisedMethod.evaluate(InvokeParameterisedMethod.java:102)
	at org.junit.internal.runners.statements.FailOnTimeout$1.run(FailOnTimeout.java:28)
Caused by: ptolemy.kernel.util.IllegalActionException: SubscriberPorts cannot be used at the top level, use a Subscriber actor instead.
  in .PublisherSubscriberPortToplevel.SubscriberPort
	at ptolemy.actor.SubscriberPort.preinitialize(SubscriberPort.java:328)
	at ptolemy.actor.CompositeActor.preinitialize(CompositeActor.java:1769)
	at ptolemy.actor.Manager.preinitializeAndResolveTypes(Manager.java:1040)
	at ptolemy.actor.Manager.initialize(Manager.java:710)
	at ptolemy.actor.Manager.execute(Manager.java:356)
	at ptolemy.actor.Manager.run(Manager.java:1263)
	at ptolemy.actor.Manager$PtolemyRunThread.run(Manager.java:1933)
java.lang.RuntimeException: Execution failed
	at ptolemy.moml.MoMLSimpleApplication$UnloadThread.run(MoMLSimpleApplication.java:402)
Caused by: ptolemy.kernel.util.IllegalActionException: SubscriptionAggregatorPorts cannot be used at the top level, use a SubscriptionAggregator actor instead.
  in .PublisherSubscriptionAggregatorPort.SubscriptionAggregatorPort
	at ptolemy.actor.SubscriptionAggregatorPort.preinitialize(SubscriptionAggregatorPort.java:353)
	at ptolemy.actor.CompositeActor.preinitialize(CompositeActor.java:1769)
	at ptolemy.actor.Manager.preinitializeAndResolveTypes(Manager.java:1040)
	at ptolemy.actor.Manager.initialize(Manager.java:710)
	at ptolemy.actor.Manager.execute(Manager.java:356)
	at ptolemy.actor.Manager.run(Manager.java:1263)
	at ptolemy.actor.Manager$PtolemyRunThread.run(Manager.java:1933)
java.lang.reflect.InvocationTargetException
	at java.base/jdk.internal.reflect.NativeConstructorAccessorImpl.newInstance0(Native Method)
	at java.base/jdk.internal.reflect.NativeConstructorAccessorImpl.newInstance(NativeConstructorAccessorImpl.java:62)
	at java.base/jdk.internal.reflect.DelegatingConstructorAccessorImpl.newInstance(DelegatingConstructorAccessorImpl.java:45)
	at java.base/java.lang.reflect.Constructor.newInstance(Constructor.java:490)
	at ptolemy.util.test.junit.AutoKnownFailedTests.RunModel(AutoKnownFailedTests.java:105)
	at java.base/jdk.internal.reflect.NativeMethodAccessorImpl.invoke0(Native Method)
	at java.base/jdk.internal.reflect.NativeMethodAccessorImpl.invoke(NativeMethodAccessorImpl.java:62)
	at java.base/jdk.internal.reflect.DelegatingMethodAccessorImpl.invoke(DelegatingMethodAccessorImpl.java:43)
	at java.base/java.lang.reflect.Method.invoke(Method.java:566)
	at org.junit.runners.model.FrameworkMethod$1.runReflectiveCall(FrameworkMethod.java:44)
	at org.junit.internal.runners.model.ReflectiveCallable.run(ReflectiveCallable.java:15)
	at org.junit.runners.model.FrameworkMethod.invokeExplosively(FrameworkMethod.java:41)
	at junitparams.internal.InvokeParameterisedMethod.evaluate(InvokeParameterisedMethod.java:102)
	at org.junit.internal.runners.statements.FailOnTimeout$1.run(FailOnTimeout.java:28)
Caused by: ptolemy.kernel.util.IllegalActionException: SubscriptionAggregatorPorts cannot be used at the top level, use a SubscriptionAggregator actor instead.
  in .PublisherSubscriptionAggregatorPort.SubscriptionAggregatorPort
	at ptolemy.actor.SubscriptionAggregatorPort.preinitialize(SubscriptionAggregatorPort.java:353)
	at ptolemy.actor.CompositeActor.preinitialize(CompositeActor.java:1769)
	at ptolemy.actor.Manager.preinitializeAndResolveTypes(Manager.java:1040)
	at ptolemy.actor.Manager.initialize(Manager.java:710)
	at ptolemy.actor.Manager.execute(Manager.java:356)
	at ptolemy.actor.Manager.run(Manager.java:1263)
	at ptolemy.actor.Manager$PtolemyRunThread.run(Manager.java:1933)
java.lang.RuntimeException: Execution failed
	at ptolemy.moml.MoMLSimpleApplication$UnloadThread.run(MoMLSimpleApplication.java:402)
Caused by: ptolemy.kernel.util.IllegalActionException: TypeTest actor has no training data.
  in .sizedarray3.TypeTest
	at ptolemy.actor.lib.TypeTest.initialize(TypeTest.java:250)
	at ptolemy.actor.Director.initialize(Director.java:938)
	at ptolemy.actor.Director.initialize(Director.java:907)
	at ptolemy.actor.sched.StaticSchedulingDirector.initialize(StaticSchedulingDirector.java:159)
	at ptolemy.domains.sdf.kernel.SDFDirector.initialize(SDFDirector.java:544)
	at ptolemy.actor.CompositeActor.initialize(CompositeActor.java:935)
	at ptolemy.actor.Manager.initialize(Manager.java:724)
	at ptolemy.actor.Manager.execute(Manager.java:356)
	at ptolemy.actor.Manager.run(Manager.java:1263)
	at ptolemy.actor.Manager$PtolemyRunThread.run(Manager.java:1933)
java.lang.reflect.InvocationTargetException
	at java.base/jdk.internal.reflect.NativeConstructorAccessorImpl.newInstance0(Native Method)
	at java.base/jdk.internal.reflect.NativeConstructorAccessorImpl.newInstance(NativeConstructorAccessorImpl.java:62)
	at java.base/jdk.internal.reflect.DelegatingConstructorAccessorImpl.newInstance(DelegatingConstructorAccessorImpl.java:45)
	at java.base/java.lang.reflect.Constructor.newInstance(Constructor.java:490)
	at ptolemy.util.test.junit.AutoKnownFailedTests.RunModel(AutoKnownFailedTests.java:105)
	at java.base/jdk.internal.reflect.NativeMethodAccessorImpl.invoke0(Native Method)
	at java.base/jdk.internal.reflect.NativeMethodAccessorImpl.invoke(NativeMethodAccessorImpl.java:62)
	at java.base/jdk.internal.reflect.DelegatingMethodAccessorImpl.invoke(DelegatingMethodAccessorImpl.java:43)
	at java.base/java.lang.reflect.Method.invoke(Method.java:566)
	at org.junit.runners.model.FrameworkMethod$1.runReflectiveCall(FrameworkMethod.java:44)
	at org.junit.internal.runners.model.ReflectiveCallable.run(ReflectiveCallable.java:15)
	at org.junit.runners.model.FrameworkMethod.invokeExplosively(FrameworkMethod.java:41)
	at junitparams.internal.InvokeParameterisedMethod.evaluate(InvokeParameterisedMethod.java:102)
	at org.junit.internal.runners.statements.FailOnTimeout$1.run(FailOnTimeout.java:28)
Caused by: ptolemy.kernel.util.IllegalActionException: TypeTest actor has no training data.
  in .sizedarray3.TypeTest
	at ptolemy.actor.lib.TypeTest.initialize(TypeTest.java:250)
	at ptolemy.actor.Director.initialize(Director.java:938)
	at ptolemy.actor.Director.initialize(Director.java:907)
	at ptolemy.actor.sched.StaticSchedulingDirector.initialize(StaticSchedulingDirector.java:159)
	at ptolemy.domains.sdf.kernel.SDFDirector.initialize(SDFDirector.java:544)
	at ptolemy.actor.CompositeActor.initialize(CompositeActor.java:935)
	at ptolemy.actor.Manager.initialize(Manager.java:724)
	at ptolemy.actor.Manager.execute(Manager.java:356)
	at ptolemy.actor.Manager.run(Manager.java:1263)
	at ptolemy.actor.Manager$PtolemyRunThread.run(Manager.java:1933)
]]></system-err>
</testsuite>
