<?xml version="1.0" encoding="UTF-8" ?>
<testsuite errors="0" failures="0" hostname="travis-job-3b2f8335-b618-416e-a086-84629b384a6e" name="ptolemy.actor.lib.test.junit.JUnitTclTest" skipped="0" tests="517" time="62.572" timestamp="2018-06-18T13:33:28">
  <properties>
    <property name="npm.executable" value="npm" />
    <property name="file.encoding.pkg" value="sun.io" />
    <property name="ptII.mk.exists" value="true" />
    <property name="env.rvm_bin_path" value="/home/travis/.rvm/bin" />
    <property name="java.home" value="/usr/lib/jvm/java-8-oracle/jre" />
    <property name="env.TRAVIS_JOB_NUMBER" value="605.8" />
    <property name="env.DISPLAY" value=":99.0" />
    <property name="java.net.preferIPv4Stack" value="true" />
    <property name="env.SSH_TTY" value="/dev/pts/0" />
    <property name="env.RUN_TESTS" value="true" />
    <property name="timeout.short" value="1000000" />
    <property name="env.TRAVIS_STACK_NODE_ATTRIBUTES" value="/.node-attributes.yml" />
    <property name="junit.formatter" value="xml" />
    <property name="java.endorsed.dirs" value="/usr/lib/jvm/java-8-oracle/jre/lib/endorsed" />
    <property name="env.TRAVIS_SUDO" value="true" />
    <property name="env.LOGNAME" value="travis" />
    <property name="env.PT_TRAVIS_TEST_CORE1_XML" value="true" />
    <property name="jsdoc.home" value="node_modules/@terraswarm/jsdoc" />
    <property name="debuglevel" value="source,lines,vars" />
    <property name="checkstyle.formatter" value="xml" />
    <property name="bin.vergil.makeable" value="true" />
    <property name="env._system_version" value="14.04" />
    <property name="sun.os.patch.level" value="unknown" />
    <property name="java.vendor.url" value="http://java.oracle.com/" />
    <property name="java.version" value="1.8.0_151" />
    <property name="env.TZ" value="UTC" />
    <property name="env.PT_NO_NET" value="true" />
    <property name="env.TRAVIS_PULL_REQUEST_SHA" value="" />
    <property name="env.TRAVIS_SECURE_ENV_VARS" value="true" />
    <property name="env._system_type" value="Linux" />
    <property name="java.vendor.url.bug" value="http://bugreport.sun.com/bugreport/" />
    <property name="env.SSH_CLIENT" value="10.10.16.10 59474 22" />
    <property name="npmjs-org-is-up" value="true" />
    <property name="env.GEM_HOME" value="/home/travis/.rvm/gems/ruby-2.4.1" />
    <property name="env.HAS_ANTARES_THREE_LITTLE_FRONZIES_BADGE" value="true" />
    <property name="env.PS4" value="+" />
    <property name="ant.project.invoked-targets" value="build,test.core1.xml" />
    <property name="env.TRAVIS_PULL_REQUEST_BRANCH" value="" />
    <property name="env.TRAVIS_REPO_SLUG" value="icyphy/ptII" />
    <property name="node.in.path" value="true" />
    <property name="java.maxmemory" value="1400m" />
    <property name="env.RUBY_VERSION" value="ruby-2.4.1" />
    <property name="user.name" value="travis" />
    <property name="env.LANG" value="en_US.UTF-8" />
    <property name="sun.io.unicode.encoding" value="UnicodeLittle" />
    <property name="sun.jnu.encoding" value="UTF-8" />
    <property name="java.runtime.name" value="Java(TM) SE Runtime Environment" />
    <property name="usefile" value="false" />
    <property name="return.code" value="0" />
    <property name="junit.single.formatter" value="plain" />
    <property name="env.DYLD_LIBRARY_PATH" value="/home/travis/pthla/certi-tools/lib:" />
    <property name="env.DEBIAN_FRONTEND" value="noninteractive" />
    <property name="env.SSH_CONNECTION" value="10.10.16.10 59474 10.20.0.139 22" />
    <property name="env.MYSQL_UNIX_PORT" value="/var/run/mysqld/mysqld.sock" />
    <property name="env.TRAVIS_ALLOW_FAILURE" value="false" />
    <property name="env.LC_ALL" value="en_US.UTF-8" />
    <property name="java.specification.name" value="Java Platform API Specification" />
    <property name="node.works" value="true" />
    <property name="user.timezone" value="" />
    <property name="path.separator" value=":" />
    <property name="env.PYTHON_CFLAGS" value="-g -fstack-protector --param=ssp-buffer-size=4 -Wformat -Werror=format-security" />
    <property name="timeout.long" value="4000000" />
    <property name="env.CERTI_HOME" value="/home/travis/pthla/certi-tools" />
    <property name="file.encoding" value="UTF-8" />
    <property name="ant.file.ptII" value="/home/travis/build/icyphy/ptII/build.xml" />
    <property name="javadoc.packagenames" value="com.*,diva.*,lbnl.*,org.hlacerti.*,org.json.*,org.ptolemy.*,org.terraswarm.*,ptolemy.*,ptserver.*" />
    <property name="env.TRAVIS_PULL_REQUEST_SLUG" value="" />
    <property name="ant.project.default-target" value="build" />
    <property name="env.GIT_ASKPASS" value="echo" />
    <property name="env.HOME" value="/home/travis" />
    <property name="sun.java.command" value="org.apache.tools.ant.taskdefs.optional.junit.JUnitTestRunner ptolemy.actor.lib.test.junit.JUnitTclTest skipNonTests=false filtertrace=true haltOnError=false haltOnFailure=false formatter=org.apache.tools.ant.taskdefs.optional.junit.OutErrSummaryJUnitResultFormatter showoutput=true outputtoformatters=true logfailedtests=true threadid=0 logtestlistenerevents=false formatter=org.apache.tools.ant.taskdefs.optional.junit.XMLJUnitResultFormatter,/home/travis/build/icyphy/ptII/reports/junit/TEST-ptolemy.actor.lib.test.junit.JUnitTclTest.xml crashfile=/home/travis/build/icyphy/ptII/junitvmwatcher6476475544619390069.properties propsfile=/home/travis/build/icyphy/ptII/junit7693441067506155104.properties" />
    <property name="env.MANPATH" value="/home/travis/.nvm/versions/node/v7.10.1/share/man:/home/travis/.kiex/elixirs/elixir-1.4.5/man:/home/travis/.rvm/rubies/ruby-2.4.1/share/man:/usr/local/man:/usr/local/cmake-3.9.2/man:/usr/local/clang-5.0.0/share/man:/usr/local/share/man:/usr/share/man:/home/travis/.rvm/man" />
    <property name="env.COMPOSER_NO_INTERACTION" value="1" />
    <property name="env.JDK_SWITCHER_DEFAULT" value="oraclejdk8" />
    <property name="ant.file" value="/home/travis/build/icyphy/ptII/build.xml" />
    <property name="env.TRAVIS_COMMIT_RANGE" value="f91af948b08f...2562ea62ba14" />
    <property name="env._system_name" value="Ubuntu" />
    <property name="timeout" value="2400000" />
    <property name="ptII.classpath.optional.property" value="/home/travis/build/icyphy/ptII/lib/bsh-2.0b4.jar:/home/travis/build/icyphy/ptII/lib/ptCal.jar:/home/travis/build/icyphy/ptII/lib/java_cup.jar:/home/travis/build/icyphy/ptII/lib/saxon8.jar:/home/travis/build/icyphy/ptII/lib/saxon8-dom.jar:/home/travis/build/icyphy/ptII/lib/chic.jar:/home/travis/build/icyphy/ptII/lib/ptcolt.jar:/usr/lib/jvm/java-8-oracle/lib/tools.jar:/usr/lib/eclipse/plugins/org.eclipse.jdt.core_3.8.2.dist.jar:/usr/lib/eclipse/plugins/org.eclipse.core.runtime_3.8.0.dist.jar:/usr/lib/eclipse/plugins/org.eclipse.osgi_3.8.1.dist.jar:/usr/lib/eclipse/plugins/org.eclipse.core.resources_3.8.1.dist.jar:/usr/lib/eclipse/plugins/org.eclipse.equinox.common_3.6.100.dist.jar:/usr/lib/eclipse/plugins/org.eclipse.core.jobs_3.5.200.dist.jar:/usr/lib/eclipse/plugins/org.eclipse.core.contenttype_3.4.200.dist.jar:/usr/lib/eclipse/plugins/org.eclipse.equinox.preferences_3.5.0.dist.jar:/usr/lib/eclipse/plugins/org.eclipse.text_3.5.200.dist.jar:/usr/lib/eclipse/plugins/org.eclipse.ui.workbench_3.8.1.dist.jar:/usr/lib/eclipse/plugins/org.eclipse.jface_3.8.0.dist.jar:/usr/lib/eclipse/plugins/org.eclipse.swt_3.8.2.jar:/usr/lib/eclipse/plugins/org.eclipse.jface.text_3.8.1.dist.jar:/usr/lib/eclipse/plugins/org.eclipse.ui.workbench.texteditor_3.8.0.dist.jar:/usr/lib/eclipse/plugins/org.eclipse.ui.editors_3.8.0.dist.jar:/usr/lib/eclipse/plugins/org.eclipse.core.commands_3.6.1.dist.jar:/usr/lib/eclipse/plugins/org.eclipse.equinox.registry_3.5.200.dist.jar:/usr/lib/eclipse/plugins/org.eclipse.ui.console_3.5.100.dist.jar:/usr/lib/eclipse/plugins/org.eclipse.ui.forms_3.5.200.dist.jar:/usr/lib/eclipse/plugins/org.eclipse.ui.ide_3.8.1.dist.jar:/home/travis/build/icyphy/ptII/vendors/oracle/dbxml.jar:/home/travis/build/icyphy/ptII/vendors/oracle/db.jar:/home/travis/build/icyphy/ptII/vendors/misc/itext/iText.jar:/home/travis/build/icyphy/ptII/lib/g4ltl.jar:/home/travis/build/icyphy/ptII/lib/StructuralCoder.jar:/home/travis/build/icyphy/ptII/lib/org-openide-util.jar:/home/travis/build/icyphy/ptII/lib/org-openide-util-lookup.jar:/home/travis/build/icyphy/ptII/lib/org-netbeans-api-visual.jar:/home/travis/build/icyphy/ptII/vendors/jai-1_1_2_01/lib/jai_core.jar:/home/travis/build/icyphy/ptII/vendors/jai-1_1_2_01/lib/jai_codec.jar:/home/travis/build/icyphy/ptII/lib/jcerti.jar:/home/travis/build/icyphy/ptII/lib/smack.jar:/home/travis/build/icyphy/ptII/lib/smackx.jar:/home/travis/build/icyphy/ptII/lib/jetty-all-8.1.5-v20120716.jar:/home/travis/build/icyphy/ptII/lib/javax.servlet-api-3.0.1.jar:/home/travis/build/icyphy/ptII/lib/javax.mail.jar:/home/travis/build/icyphy/ptII/vendors/JMF-2.1.1e/lib/jmf.jar:/home/travis/build/icyphy/ptII/lib/jna-4.0.0-variadic.jar:/home/travis/build/icyphy/ptII/vendors/misc/joystick/Joystick.jar:/home/travis/build/icyphy/ptII/lib/ptjacl.jar:/home/travis/build/icyphy/ptII/lib/jsoup-1.8.2.jar:/home/travis/build/icyphy/ptII/lib/junit-4.8.2.jar:/home/travis/build/icyphy/ptII/lib/JUnitParams-0.4.0.jar:/home/travis/build/icyphy/ptII/ptolemy/actor/lib/excel/jxl.jar:/home/travis/build/icyphy/ptII/lib/jython.jar:/home/travis/build/icyphy/ptII/lib/kieler.jar:/home/travis/build/icyphy/ptII/vendors/opencv/share/OpenCV/java/opencv-341.jar:/home/travis/build/icyphy/ptII/lib/oscP5.jar:/home/travis/build/icyphy/ptII/lib/nrjavaserial-3.11.0.devel.jar:/home/travis/build/icyphy/ptII/vendors/j3d/lib/j3dcore.jar:/home/travis/build/icyphy/ptII/vendors/j3d/lib/j3dutils.jar:/home/travis/build/icyphy/ptII/vendors/j3d/lib/vecmath.jar:/home/travis/build/icyphy/ptII/ptolemy/distributed/jini/jar/jini-core.jar:/home/travis/build/icyphy/ptII/ptolemy/distributed/jini/jar/jini-ext.jar:/home/travis/build/icyphy/ptII/ptolemy/distributed/jini/jar/sun-util.jar:/home/travis/build/icyphy/ptII/lib/protobuf-java-2.4.1.jar:/home/travis/build/icyphy/ptII/lib/org.eclipse.paho.client.mqttv3.jar:/home/travis/build/icyphy/ptII/ptserver/lib/hessian-4.0.7.jar:/home/travis/build/icyphy/ptII/ptserver/lib/wmqtt.jar:/home/travis/build/icyphy/ptII/lib/mapss.jar:/home/travis/build/icyphy/ptII/ptolemy/actor/ptalon/antlr/antlr.jar:/home/travis/build/icyphy/ptII/lib/JRI.jar:/home/travis/build/icyphy/ptII/lib/commons-lang-2.6.jar:/home/travis/build/icyphy/ptII/lib/commons-logging-1.1.1.jar:/home/travis/build/icyphy/ptII/lib/sootclasses.jar:/home/travis/build/icyphy/ptII/ptolemy/actor/lib/database/mysql-connector-java-5.1.6-bin.jar:/home/travis/build/icyphy/ptII/vendors/misc/sphinx4/sphinx4-data-5prealpha.jar:/home/travis/build/icyphy/ptII/vendors/misc/sphinx4/sphinx4-core-5prealpha.jar:/home/travis/build/icyphy/ptII/lib/PDFRenderer.jar:/home/travis/build/icyphy/ptII/lib/svgSalamander.jar:/home/travis/build/icyphy/ptII/lib/rsyntaxtextarea-2.6.0-SNAPSHOT.jar:/home/travis/build/icyphy/ptII/lib/hazelcast-3.8.2.jar:/home/travis/build/icyphy/ptII/lib/jackson-annotations-2.9.0.jar:/home/travis/build/icyphy/ptII/lib/jackson-core-2.9.3.jar:/home/travis/build/icyphy/ptII/lib/jackson-databind-2.9.3.jar:/home/travis/build/icyphy/ptII/lib/netty-buffer-4.1.19.Final.jar:/home/travis/build/icyphy/ptII/lib/netty-codec-4.1.19.Final.jar:/home/travis/build/icyphy/ptII/lib/netty-codec-dns-4.1.19.Final.jar:/home/travis/build/icyphy/ptII/lib/netty-codec-http-4.1.19.Final.jar:/home/travis/build/icyphy/ptII/lib/netty-codec-http2-4.1.19.Final.jar:/home/travis/build/icyphy/ptII/lib/netty-common-4.1.19.Final.jar:/home/travis/build/icyphy/ptII/lib/netty-handler-4.1.19.Final.jar:/home/travis/build/icyphy/ptII/lib/netty-resolver-4.1.19.Final.jar:/home/travis/build/icyphy/ptII/lib/netty-resolver-dns-4.1.19.Final.jar:/home/travis/build/icyphy/ptII/lib/netty-transport-4.1.19.Final.jar:/home/travis/build/icyphy/ptII/lib/vertx-codegen-3.5.1.jar:/home/travis/build/icyphy/ptII/lib/vertx-core-3.5.2-SNAPSHOT.jar:/home/travis/build/icyphy/ptII/lib/vertx-hazelcast-3.5.1.jar:/home/travis/build/icyphy/ptII/lib/vertx-lang-js-3.5.1.jar:/home/travis/build/icyphy/ptII/lib/vertx-service-proxy-3.5.1.jar:/home/travis/build/icyphy/ptII/lib/vertx-web-3.5.1.jar:/home/travis/build/icyphy/ptII/lib/slf4j-api-1.7.13.jar:/home/travis/build/icyphy/ptII/lib/slf4j-simple-1.7.13.jar:/home/travis/build/icyphy/ptII/lib/webcam-capture-0.3.12.jar:/home/travis/build/icyphy/ptII/lib/bridj-0.7.0.jar:/home/travis/build/icyphy/ptII/lib/xbjlib-1.1.0.nrjavaserial.jar" />
    <property name="test.batch" value="**/junit/*.java" />
    <property name="env._" value="/usr/bin/timeout" />
    <property name="java.io.tmpdir" value="/tmp" />
    <property name="user.language" value="en" />
    <property name="env.HISTCONTROL" value="ignoredups:ignorespace" />
    <property name="env.GOROOT" value="/home/travis/.gimme/versions/go1.7.4.linux.amd64" />
    <property name="line.separator" value="&#xa;" />
    <property name="target" value="1.8" />
    <property name="env.TRAVIS_BUILD_DIR" value="/home/travis/build/icyphy/ptII" />
    <property name="env.ANT_OPTS" value="-Xmx2048m" />
    <property name="ant.file.type" value="file" />
    <property name="ptolemy.ptII.batchMode" value="true" />
    <property name="env.HISTSIZE" value="1000" />
    <property name="env.MERB_ENV" value="test" />
    <property name="java.vm.info" value="mixed mode" />
    <property name="source" value="1.8" />
    <property name="java.vm.specification.name" value="Java Virtual Machine Specification" />
    <property name="env.TRAVIS_TEST_RESULT" value="0" />
    <property name="jsdoc.command" value="node_modules/@terraswarm/jsdoc/jsdoc.js" />
    <property name="npm.works" value="true" />
    <property name="cobertura.dir" value="/home/travis/build/icyphy/ptII/vendors/cobertura-2.0.3" />
    <property name="env.rvm_path" value="/home/travis/.rvm" />
    <property name="env.GEM_PATH" value="/home/travis/.rvm/gems/ruby-2.4.1:/home/travis/.rvm/gems/ruby-2.4.1@global" />
    <property name="env.LC_CTYPE" value="en_US.UTF-8" />
    <property name="java.awt.printerjob" value="sun.print.PSPrinterJob" />
    <property name="env.TRAVIS_STACK_NAME" value="garnet" />
    <property name="ant.version" value="Apache Ant(TM) version 1.10.1 compiled on February 2 2017" />
    <property name="ptII.reports" value="/home/travis/build/icyphy/ptII/reports" />
    <property name="env.TRAVIS_STACK_TIMESTAMP" value="2017-12-05 19:33:09 UTC" />
    <property name="ant.file.type.ptII" value="file" />
    <property name="env.RBENV_SHELL" value="bash" />
    <property name="os.name" value="Linux" />
    <property name="java.specification.vendor" value="Oracle Corporation" />
    <property name="env.rvm_version" value="1.29.3 (latest)" />
    <property name="env.TERM" value="xterm" />
    <property name="java.vm.name" value="Java HotSpot(TM) 64-Bit Server VM" />
    <property name="env.TRAVIS_BUILD_NUMBER" value="605" />
    <property name="env.CI" value="true" />
    <property name="java.library.path" value="/home/travis/pthla/certi-tools/lib:/usr/lib/jni:/usr/local/share/OpenCV/java/:/usr/share/OpenCV/java::/usr/java/packages/lib/amd64:/usr/lib64:/lib64:/lib:/usr/lib" />
    <property name="env.rvm_prefix" value="/home/travis" />
    <property name="env.PATH" value="/home/travis/pthla/certi-tools/share/scripts:/home/travis/.rvm/gems/ruby-2.4.1/bin:/home/travis/.rvm/gems/ruby-2.4.1@global/bin:/home/travis/.rvm/rubies/ruby-2.4.1/bin:/home/travis/.rvm/bin:/home/travis/.nvm/versions/node/v7.10.1/bin:./node_modules/.bin:/home/travis/build/icyphy/ptII/bin:/home/travis/pthla/certi-tools/bin:/home/travis/bin:/home/travis/.local/bin:/opt/pyenv/shims:/home/travis/.phpenv/shims:/home/travis/perl5/perlbrew/bin:/home/travis/.kiex/elixirs/elixir-1.4.5/bin:/home/travis/.kiex/bin:/home/travis/gopath/bin:/home/travis/.gimme/versions/go1.7.4.linux.amd64/bin:/usr/local/phantomjs/bin:/usr/local/phantomjs:/usr/local/neo4j-3.2.7/bin:/usr/local/maven-3.5.2/bin:/usr/local/cmake-3.9.2/bin:/usr/local/clang-5.0.0/bin:/usr/local/sbin:/usr/local/bin:/usr/sbin:/usr/bin:/sbin:/bin:/home/travis/.phpenv/bin:/opt/pyenv/bin:/home/travis/.yarn/bin" />
    <property name="env.TRAVIS_OS_NAME" value="linux" />
    <property name="ant.java.version" value="1.8" />
    <property name="basedir" value="/home/travis/build/icyphy/ptII" />
    <property name="java.class.version" value="52.0" />
    <property name="env.SHLVL" value="3" />
    <property name="env.LD_LIBRARY_PATH" value="/home/travis/pthla/certi-tools/lib:/usr/lib/jni:/usr/local/share/OpenCV/java/:/usr/share/OpenCV/java:" />
    <property name="env.RACK_ENV" value="test" />
    <property name="ant.home" value="/home/travis/build/icyphy/ptII/ant" />
    <property name="env.NVM_DIR" value="/home/travis/.nvm" />
    <property name="env.PERLBREW_BASHRC_VERSION" value="0.80" />
    <property name="env.CERTI_FOM_PATH" value="/home/travis/pthla/certi-tools/share/federations" />
    <property name="env.TRAVIS_BUILD_ID" value="393619952" />
    <property name="env.PYENV_ROOT" value="/opt/pyenv" />
    <property name="env.TRAVIS_UID" value="2000" />
    <property name="env.rvm_pretty_print_flag" value="auto" />
    <property name="env.NVM_BIN" value="/home/travis/.nvm/versions/node/v7.10.1/bin" />
    <property name="env.TRAVIS_COMMIT" value="2562ea62ba14e61c369b1f49b9636d48fd815614" />
    <property name="env._system_arch" value="x86_64" />
    <property name="node.executable" value="node" />
    <property name="sun.boot.library.path" value="/usr/lib/jvm/java-8-oracle/jre/lib/amd64" />
    <property name="sun.management.compiler" value="HotSpot 64-Bit Tiered Compilers" />
    <property name="env.GOPATH" value="/home/travis/gopath" />
    <property name="java.awt.graphicsenv" value="sun.awt.X11GraphicsEnvironment" />
    <property name="ptolemy.ptII.dir" value="/home/travis/build/icyphy/ptII" />
    <property name="env.USER" value="travis" />
    <property name="env.HISTFILESIZE" value="2000" />
    <property name="timeout.longest" value="19000000" />
    <property name="env.TRAVIS_STACK_FEATURES" value="basic cassandra chromium couchdb disabled-ipv6 docker docker-compose elasticsearch firefox go-toolchain google-chrome jdk memcached mongodb mysql neo4j nodejs_interpreter perl_interpreter perlbrew phantomjs postgresql python_interpreter rabbitmq redis riak ruby_interpreter sqlite xserver" />
    <property name="env.TRAVIS_PULL_REQUEST" value="false" />
    <property name="env.PYENV_SHELL" value="bash" />
    <property name="ant.project.name" value="ptII" />
    <property name="java.vm.specification.version" value="1.8" />
    <property name="env.CERTI_VERSION" value="4.0.0" />
    <property name="env.NLSPATH" value="/usr/dt/lib/nls/msg/%L/%N.cat" />
    <property name="awt.toolkit" value="sun.awt.X11.XToolkit" />
    <property name="env.CERTI_HOST" value="localhost" />
    <property name="env.MY_RUBY_HOME" value="/home/travis/.rvm/rubies/ruby-2.4.1" />
    <property name="sun.cpu.isalist" value="" />
    <property name="java.ext.dirs" value="/usr/lib/jvm/java-8-oracle/jre/lib/ext:/usr/java/packages/lib/ext" />
    <property name="os.version" value="4.4.0-101-generic" />
    <property name="user.home" value="/home/travis" />
    <property name="env.MIX_ARCHIVES" value="/home/travis/.kiex/mix/elixir-1.4.5" />
    <property name="java.vm.vendor" value="Oracle Corporation" />
    <property name="env.TRAVIS_TAG" value="nightly" />
    <property name="env.TRAVIS_FILTERED" value="redirect_io" />
    <property name="javadoc.excludepackagenames" value="adm.cvs2svn.*,build.*,config.*,doc.coding.templates.*,jni.test.jni.meaningOfLife.*,jni.test.jni.testDeux.*,jni.test.jni.testTrois.*,org.terraswarm.accessor.accessors.web.node_modules.*,org.terraswarm.accessor.accessors.web.hosts.cordova.demo.*,org.terraswarm.accessor.accessors.web.hosts.cordova.plugins.*,org.terraswarm.accessor.accessors-svn.*,pt-modules.*,ptolemy.apps.agilent.*,ptolemy.apps.anytimecontrol.*,ptolemy.apps.apes.*,ptolemy.apps.charon.*,ptolemy.apps.crazyboard.*,ptolemy.apps.eclipse.*,ptolemy.apps.etherealSting.*,ptolemy.apps.fullscreen.*,ptolemy.apps.giotto.*,ptolemy.apps.ia.*,ptolemy.apps.interfaces.*,ptolemy.apps.jmf.*,ptolemy.apps.kurt.*,ptolemy.apps.kvm.*,ptolemy.apps.lego.*,ptolemy.apps.lejos.*,ptolemy.apps.midp.*,ptolemy.apps.mobileCoding.*,ptolemy.apps.pendulum.*,ptolemy.apps.rijndael.*,ptolemy.apps.robot.*,ptolemy.apps.security.*,ptolemy.apps.sobel.*,ptolemy.apps.soot.*,ptolemy.apps.throttle.*,ptolemy.apps.tini.*,ptolemy.apps.transmission.*,ptolemy.apps.vergil.*,ptolemy.apps.waba.*,ptolemy.apps.websensor.*,ptolemy.apps.webstart.*,ptolemy.apps.xsl.*,ptolemy.apps.zaurus.*,ptolemy.backtrack.eclipse.plugin.*,ptolemy.backtrack.test.*,ptolemy.codegen.c.actor.lib.oldJavaFiles.*,ptolemy.codegen.dsp.lib.*,ptolemy.codegen.kernel.newInterfaces.*,ptolemy.codegen.lib.*,ptolemy.copernicus.kernel.fragment.*,ptolemy.copernicus.shallow.cg.*,ptolemy.domains.giotto.demo.Hierarchy.Hierarchy.*,ptolemy.domains.giotto.demo.Multimode.Multimode.*,ptolemy.domains.giotto.demo.Simple.Simple.*,ptolemy.domains.gr.lib.experimental.*,ptolemy.domains.gro.*,ptolemy.domains.pdf.*,ptolemy.domains.ptinyos.demo.Surge.output.*,ptolemy.moml.test.NoPackageActor.java*,ptolemy.plot.adm.*,ptolemy.plot.servlet.*,reports.*,signed.*,src.*,target.*,vendors.*,ptolemy.cg.adapter.generic.program.procedural.c.mbed*,ptolemy.actor.lib.fmi.fmus.omc*,ptolemy.domains.openmodelica*,ptdb.kernel.bl.save.test.*,ptdb.kernel.bl.load.test.*,ptdb.kernel.bl.search.test.*,ptdb.kernel.bl.migration.test.*,ptdb.kernel.database.test.*,ptdb.test.*,ptdb.gui.test.*,org.ptolemy.scala.*,diva.util.java2d.svg.*,ptolemy.domains.ptinyos.*,ptolemy.actor.lib.fmi.fmipp.*,,org.terraswarm.accessor.accessors.web.node_modules.*,org.terraswarm.accessor.accessors-svn,ptolemy.apps.*,ptolemy.actor.ptalon.demo.ptinyos.SendAndReceiveCnt.output,ptolemy.actor.ptalon.demo.ptinyos.SenseToLeds.output,ptolemy.domains.ptinyos.demo.CntToLedsAndRfm.output,ptolemy.domains.ptinyos.demo.RfmToLeds.output,ptolemy.domains.ptinyos.demo.SendAndReceiveCnt.output,ptolemy.domains.ptinyos.demo.SenseToLeds.output,ptolemy.actor.lib.jjs.modules.udpSocket.*" />
    <property name="env.JAVA_HOME" value="/usr/lib/jvm/java-8-oracle" />
    <property name="env.PTII" value="/home/travis/build/icyphy/ptII" />
    <property name="env.TRAVIS_COMMIT_MESSAGE" value="fix wrong debug print replacements which cause infinite loop" />
    <property name="keystore" value="ptKeystore" />
    <property name="env.XDG_SESSION_ID" value="2" />
    <property name="junit.output.dir" value="/home/travis/build/icyphy/ptII/reports/junit" />
    <property name="npm.return.code" value="0" />
    <property name="user.dir" value="/home/travis/build/icyphy/ptII/ptolemy/actor/lib/test" />
    <property name="env.TRAVIS_NODE_VERSION" value="7" />
    <property name="env.XFILESEARCHPATH" value="/usr/dt/app-defaults/%L/Dt" />
    <property name="env.TRAVIS_EVENT_TYPE" value="push" />
    <property name="env.MAIL" value="/var/mail/travis" />
    <property name="env.PWD" value="/home/travis/build/icyphy/ptII" />
    <property name="env.PERLBREW_ROOT" value="/home/travis/perl5/perlbrew" />
    <property name="timeout.npm" value="45000" />
    <property name="env.PAGER" value="cat" />
    <property name="sun.cpu.endian" value="little" />
    <property name="env.TRAVIS_BUILD_STAGE_NAME" value="Test" />
    <property name="env.PERLBREW_HOME" value="/home/travis/.perlbrew" />
    <property name="env.RAILS_ENV" value="test" />
    <property name="java.vm.version" value="25.151-b12" />
    <property name="java.class.path" value="/home/travis/.ptolemyII:/home/travis/.ptolemyII/*:/home/travis/build/icyphy/ptII:/home/travis/build/icyphy/ptII/lib/bsh-2.0b4.jar:/home/travis/build/icyphy/ptII/lib/ptCal.jar:/home/travis/build/icyphy/ptII/lib/java_cup.jar:/home/travis/build/icyphy/ptII/lib/saxon8.jar:/home/travis/build/icyphy/ptII/lib/saxon8-dom.jar:/home/travis/build/icyphy/ptII/lib/chic.jar:/home/travis/build/icyphy/ptII/lib/ptcolt.jar:/usr/lib/jvm/java-8-oracle/lib/tools.jar:/usr/lib/eclipse/plugins/org.eclipse.jdt.core_3.8.2.dist.jar:/usr/lib/eclipse/plugins/org.eclipse.core.runtime_3.8.0.dist.jar:/usr/lib/eclipse/plugins/org.eclipse.osgi_3.8.1.dist.jar:/usr/lib/eclipse/plugins/org.eclipse.core.resources_3.8.1.dist.jar:/usr/lib/eclipse/plugins/org.eclipse.equinox.common_3.6.100.dist.jar:/usr/lib/eclipse/plugins/org.eclipse.core.jobs_3.5.200.dist.jar:/usr/lib/eclipse/plugins/org.eclipse.core.contenttype_3.4.200.dist.jar:/usr/lib/eclipse/plugins/org.eclipse.equinox.preferences_3.5.0.dist.jar:/usr/lib/eclipse/plugins/org.eclipse.text_3.5.200.dist.jar:/usr/lib/eclipse/plugins/org.eclipse.ui.workbench_3.8.1.dist.jar:/usr/lib/eclipse/plugins/org.eclipse.jface_3.8.0.dist.jar:/usr/lib/eclipse/plugins/org.eclipse.swt_3.8.2.jar:/usr/lib/eclipse/plugins/org.eclipse.jface.text_3.8.1.dist.jar:/usr/lib/eclipse/plugins/org.eclipse.ui.workbench.texteditor_3.8.0.dist.jar:/usr/lib/eclipse/plugins/org.eclipse.ui.editors_3.8.0.dist.jar:/usr/lib/eclipse/plugins/org.eclipse.core.commands_3.6.1.dist.jar:/usr/lib/eclipse/plugins/org.eclipse.equinox.registry_3.5.200.dist.jar:/usr/lib/eclipse/plugins/org.eclipse.ui.console_3.5.100.dist.jar:/usr/lib/eclipse/plugins/org.eclipse.ui.forms_3.5.200.dist.jar:/usr/lib/eclipse/plugins/org.eclipse.ui.ide_3.8.1.dist.jar:/home/travis/build/icyphy/ptII/vendors/oracle/dbxml.jar:/home/travis/build/icyphy/ptII/vendors/oracle/db.jar:/home/travis/build/icyphy/ptII/vendors/misc/itext/iText.jar:/home/travis/build/icyphy/ptII/lib/g4ltl.jar:/home/travis/build/icyphy/ptII/lib/StructuralCoder.jar:/home/travis/build/icyphy/ptII/lib/org-openide-util.jar:/home/travis/build/icyphy/ptII/lib/org-openide-util-lookup.jar:/home/travis/build/icyphy/ptII/lib/org-netbeans-api-visual.jar:/home/travis/build/icyphy/ptII/vendors/jai-1_1_2_01/lib/jai_core.jar:/home/travis/build/icyphy/ptII/vendors/jai-1_1_2_01/lib/jai_codec.jar:/home/travis/build/icyphy/ptII/lib/jcerti.jar:/home/travis/build/icyphy/ptII/lib/smack.jar:/home/travis/build/icyphy/ptII/lib/smackx.jar:/home/travis/build/icyphy/ptII/lib/jetty-all-8.1.5-v20120716.jar:/home/travis/build/icyphy/ptII/lib/javax.servlet-api-3.0.1.jar:/home/travis/build/icyphy/ptII/lib/javax.mail.jar:/home/travis/build/icyphy/ptII/vendors/JMF-2.1.1e/lib/jmf.jar:/home/travis/build/icyphy/ptII/lib/jna-4.0.0-variadic.jar:/home/travis/build/icyphy/ptII/vendors/misc/joystick/Joystick.jar:/home/travis/build/icyphy/ptII/lib/ptjacl.jar:/home/travis/build/icyphy/ptII/lib/jsoup-1.8.2.jar:/home/travis/build/icyphy/ptII/lib/junit-4.8.2.jar:/home/travis/build/icyphy/ptII/lib/JUnitParams-0.4.0.jar:/home/travis/build/icyphy/ptII/ptolemy/actor/lib/excel/jxl.jar:/home/travis/build/icyphy/ptII/lib/jython.jar:/home/travis/build/icyphy/ptII/lib/kieler.jar:/home/travis/build/icyphy/ptII/vendors/opencv/share/OpenCV/java/opencv-341.jar:/home/travis/build/icyphy/ptII/lib/oscP5.jar:/home/travis/build/icyphy/ptII/lib/nrjavaserial-3.11.0.devel.jar:/home/travis/build/icyphy/ptII/vendors/j3d/lib/j3dcore.jar:/home/travis/build/icyphy/ptII/vendors/j3d/lib/j3dutils.jar:/home/travis/build/icyphy/ptII/vendors/j3d/lib/vecmath.jar:/home/travis/build/icyphy/ptII/ptolemy/distributed/jini/jar/jini-core.jar:/home/travis/build/icyphy/ptII/ptolemy/distributed/jini/jar/jini-ext.jar:/home/travis/build/icyphy/ptII/ptolemy/distributed/jini/jar/sun-util.jar:/home/travis/build/icyphy/ptII/lib/protobuf-java-2.4.1.jar:/home/travis/build/icyphy/ptII/lib/org.eclipse.paho.client.mqttv3.jar:/home/travis/build/icyphy/ptII/ptserver/lib/hessian-4.0.7.jar:/home/travis/build/icyphy/ptII/ptserver/lib/wmqtt.jar:/home/travis/build/icyphy/ptII/lib/mapss.jar:/home/travis/build/icyphy/ptII/ptolemy/actor/ptalon/antlr/antlr.jar:/home/travis/build/icyphy/ptII/lib/JRI.jar:/home/travis/build/icyphy/ptII/lib/commons-lang-2.6.jar:/home/travis/build/icyphy/ptII/lib/commons-logging-1.1.1.jar:/home/travis/build/icyphy/ptII/lib/sootclasses.jar:/home/travis/build/icyphy/ptII/ptolemy/actor/lib/database/mysql-connector-java-5.1.6-bin.jar:/home/travis/build/icyphy/ptII/vendors/misc/sphinx4/sphinx4-data-5prealpha.jar:/home/travis/build/icyphy/ptII/vendors/misc/sphinx4/sphinx4-core-5prealpha.jar:/home/travis/build/icyphy/ptII/lib/PDFRenderer.jar:/home/travis/build/icyphy/ptII/lib/svgSalamander.jar:/home/travis/build/icyphy/ptII/lib/rsyntaxtextarea-2.6.0-SNAPSHOT.jar:/home/travis/build/icyphy/ptII/lib/hazelcast-3.8.2.jar:/home/travis/build/icyphy/ptII/lib/jackson-annotations-2.9.0.jar:/home/travis/build/icyphy/ptII/lib/jackson-core-2.9.3.jar:/home/travis/build/icyphy/ptII/lib/jackson-databind-2.9.3.jar:/home/travis/build/icyphy/ptII/lib/netty-buffer-4.1.19.Final.jar:/home/travis/build/icyphy/ptII/lib/netty-codec-4.1.19.Final.jar:/home/travis/build/icyphy/ptII/lib/netty-codec-dns-4.1.19.Final.jar:/home/travis/build/icyphy/ptII/lib/netty-codec-http-4.1.19.Final.jar:/home/travis/build/icyphy/ptII/lib/netty-codec-http2-4.1.19.Final.jar:/home/travis/build/icyphy/ptII/lib/netty-common-4.1.19.Final.jar:/home/travis/build/icyphy/ptII/lib/netty-handler-4.1.19.Final.jar:/home/travis/build/icyphy/ptII/lib/netty-resolver-4.1.19.Final.jar:/home/travis/build/icyphy/ptII/lib/netty-resolver-dns-4.1.19.Final.jar:/home/travis/build/icyphy/ptII/lib/netty-transport-4.1.19.Final.jar:/home/travis/build/icyphy/ptII/lib/vertx-codegen-3.5.1.jar:/home/travis/build/icyphy/ptII/lib/vertx-core-3.5.2-SNAPSHOT.jar:/home/travis/build/icyphy/ptII/lib/vertx-hazelcast-3.5.1.jar:/home/travis/build/icyphy/ptII/lib/vertx-lang-js-3.5.1.jar:/home/travis/build/icyphy/ptII/lib/vertx-service-proxy-3.5.1.jar:/home/travis/build/icyphy/ptII/lib/vertx-web-3.5.1.jar:/home/travis/build/icyphy/ptII/lib/slf4j-api-1.7.13.jar:/home/travis/build/icyphy/ptII/lib/slf4j-simple-1.7.13.jar:/home/travis/build/icyphy/ptII/lib/webcam-capture-0.3.12.jar:/home/travis/build/icyphy/ptII/lib/bridj-0.7.0.jar:/home/travis/build/icyphy/ptII/lib/xbjlib-1.1.0.nrjavaserial.jar:/home/travis/build/icyphy/ptII/ptolemy/moml/test:/home/travis/build/icyphy/ptII/ant/lib/ant-launcher.jar:/home/travis/build/icyphy/ptII/ant/lib/ant.jar:/home/travis/build/icyphy/ptII/ant/lib/ant-junit.jar:/home/travis/build/icyphy/ptII/ant/lib/ant-junit4.jar" />
    <property name="ant.library.dir" value="/home/travis/build/icyphy/ptII/ant/lib" />
    <property name="os.arch" value="amd64" />
    <property name="env.TRAVIS_LANGUAGE" value="node_js" />
    <property name="env.CONTINUOUS_INTEGRATION" value="true" />
    <property name="env.TRAVIS_STACK_LANGUAGES" value="__garnet__ c c++ clojure cplusplus cpp default go groovy java node_js php pure_java python ruby scala" />
    <property name="test.name" value="ptolemy.actor.lib.test.junit.JUnitTclTest" />
    <property name="sun.java.launcher" value="SUN_STANDARD" />
    <property name="env.PYTHON_CONFIGURE_OPTS" value="--enable-unicode=ucs4 --with-wide-unicode --enable-shared --enable-ipv6 --enable-loadable-sqlite-extensions --with-computed-gotos" />
    <property name="ant.core.lib" value="/home/travis/build/icyphy/ptII/ant/lib/ant.jar" />
    <property name="java.vm.specification.vendor" value="Oracle Corporation" />
    <property name="env.BCVTB_HOME" value="/home/travis/build/icyphy/ptII/lbnl" />
    <property name="file.separator" value="/" />
    <property name="java.runtime.version" value="1.8.0_151-b12" />
    <property name="spotbugs.home" value="/home/travis/build/icyphy/ptII/vendors/spotbugs-3.1.1" />
    <property name="sun.boot.class.path" value="/usr/lib/jvm/java-8-oracle/jre/lib/resources.jar:/usr/lib/jvm/java-8-oracle/jre/lib/rt.jar:/usr/lib/jvm/java-8-oracle/jre/lib/sunrsasign.jar:/usr/lib/jvm/java-8-oracle/jre/lib/jsse.jar:/usr/lib/jvm/java-8-oracle/jre/lib/jce.jar:/usr/lib/jvm/java-8-oracle/jre/lib/charsets.jar:/usr/lib/jvm/java-8-oracle/jre/lib/jfr.jar:/usr/lib/jvm/java-8-oracle/jre/classes" />
    <property name="env.HAS_JOSH_K_SEAL_OF_APPROVAL" value="true" />
    <property name="env.TRAVIS_OSX_IMAGE" value="" />
    <property name="env.XDG_RUNTIME_DIR" value="/run/user/2000" />
    <property name="env.TRAVIS_BRANCH" value="master" />
    <property name="env.TRAVIS_JOB_ID" value="393619960" />
    <property name="env.CERTI_HOME_TRAVIS" value="/home/travis/pthla/certi-tools" />
    <property name="user.country" value="US" />
    <property name="env.SHELL" value="/bin/bash" />
    <property name="java.maxmemory.large" value="5000m" />
    <property name="model" value="" />
    <property name="env.CASHER_DIR" value="/home/travis/.casher" />
    <property name="env.NVM_CD_FLAGS" value="" />
    <property name="jshint.executable" value="/home/travis/node_modules/jshint/bin/jshint" />
    <property name="java.vendor" value="Oracle Corporation" />
    <property name="env.JRUBY_OPTS" value=" --client -J-XX:+TieredCompilation -J-XX:TieredStopAtLevel=1 -J-Xss2m -Xcompile.invokedynamic=false" />
    <property name="env.TRAVIS_PRE_CHEF_BOOTSTRAP_TIME" value="2017-12-05T19:32:55" />
    <property name="env.TRAVIS_STACK_JOB_BOARD_REGISTER" value="/.job-board-register.yml" />
    <property name="env.ELIXIR_VERSION" value="1.4.5" />
    <property name="java.specification.version" value="1.8" />
    <property name="env.IRBRC" value="/home/travis/.rvm/rubies/ruby-2.4.1/.irbrc" />
    <property name="env.TRAVIS" value="true" />
    <property name="sun.arch.data.model" value="64" />
  </properties>
  <testcase classname="ptolemy.util.test.junit.TclTests" name="[0] /home/travis/build/icyphy/ptII/ptolemy/actor/lib/test/AbsoluteValue.tcl (RunTclFile)" time="0.498" />
  <testcase classname="ptolemy.util.test.junit.TclTests" name="[1] /home/travis/build/icyphy/ptII/ptolemy/actor/lib/test/AddSubtract.tcl (RunTclFile)" time="0.085" />
  <testcase classname="ptolemy.util.test.junit.TclTests" name="[2] /home/travis/build/icyphy/ptII/ptolemy/actor/lib/test/Average.tcl (RunTclFile)" time="0.057" />
  <testcase classname="ptolemy.util.test.junit.TclTests" name="[3] /home/travis/build/icyphy/ptII/ptolemy/actor/lib/test/Bernoulli.tcl (RunTclFile)" time="0.03" />
  <testcase classname="ptolemy.util.test.junit.TclTests" name="[4] /home/travis/build/icyphy/ptII/ptolemy/actor/lib/test/Clock.tcl (RunTclFile)" time="0.113" />
  <testcase classname="ptolemy.util.test.junit.TclTests" name="[5] /home/travis/build/icyphy/ptII/ptolemy/actor/lib/test/Commutator.tcl (RunTclFile)" time="0.109" />
  <testcase classname="ptolemy.util.test.junit.TclTests" name="[6] /home/travis/build/icyphy/ptII/ptolemy/actor/lib/test/Const.tcl (RunTclFile)" time="0.136" />
  <testcase classname="ptolemy.util.test.junit.TclTests" name="[7] /home/travis/build/icyphy/ptII/ptolemy/actor/lib/test/CurrentTime.tcl (RunTclFile)" time="0.046" />
  <testcase classname="ptolemy.util.test.junit.TclTests" name="[8] /home/travis/build/icyphy/ptII/ptolemy/actor/lib/test/DB.tcl (RunTclFile)" time="0.044" />
  <testcase classname="ptolemy.util.test.junit.TclTests" name="[9] /home/travis/build/icyphy/ptII/ptolemy/actor/lib/test/DiscreteRandomSource.tcl (RunTclFile)" time="0.026" />
  <testcase classname="ptolemy.util.test.junit.TclTests" name="[10] /home/travis/build/icyphy/ptII/ptolemy/actor/lib/test/Distributor.tcl (RunTclFile)" time="0.036" />
  <testcase classname="ptolemy.util.test.junit.TclTests" name="[11] /home/travis/build/icyphy/ptII/ptolemy/actor/lib/test/Exit.tcl (RunTclFile)" time="0.051" />
  <testcase classname="ptolemy.util.test.junit.TclTests" name="[12] /home/travis/build/icyphy/ptII/ptolemy/actor/lib/test/Expression.tcl (RunTclFile)" time="0.119" />
  <testcase classname="ptolemy.util.test.junit.TclTests" name="[13] /home/travis/build/icyphy/ptII/ptolemy/actor/lib/test/Gaussian.tcl (RunTclFile)" time="1.014" />
  <testcase classname="ptolemy.util.test.junit.TclTests" name="[14] /home/travis/build/icyphy/ptII/ptolemy/actor/lib/test/IIR.tcl (RunTclFile)" time="0.032" />
  <testcase classname="ptolemy.util.test.junit.TclTests" name="[15] /home/travis/build/icyphy/ptII/ptolemy/actor/lib/test/Interpolator.tcl (RunTclFile)" time="0.075" />
  <testcase classname="ptolemy.util.test.junit.TclTests" name="[16] /home/travis/build/icyphy/ptII/ptolemy/actor/lib/test/MathFunction.tcl (RunTclFile)" time="0.05" />
  <testcase classname="ptolemy.util.test.junit.TclTests" name="[17] /home/travis/build/icyphy/ptII/ptolemy/actor/lib/test/Maximum.tcl (RunTclFile)" time="0.026" />
  <testcase classname="ptolemy.util.test.junit.TclTests" name="[18] /home/travis/build/icyphy/ptII/ptolemy/actor/lib/test/Minimum.tcl (RunTclFile)" time="0.022" />
  <testcase classname="ptolemy.util.test.junit.TclTests" name="[19] /home/travis/build/icyphy/ptII/ptolemy/actor/lib/test/MultiplyDivide.tcl (RunTclFile)" time="0.024" />
  <testcase classname="ptolemy.util.test.junit.TclTests" name="[20] /home/travis/build/icyphy/ptII/ptolemy/actor/lib/test/OrderedMerge.tcl (RunTclFile)" time="0.086" />
  <testcase classname="ptolemy.util.test.junit.TclTests" name="[21] /home/travis/build/icyphy/ptII/ptolemy/actor/lib/test/Publisher.tcl (RunTclFile)" time="0.648" />
  <testcase classname="ptolemy.util.test.junit.TclTests" name="[22] /home/travis/build/icyphy/ptII/ptolemy/actor/lib/test/Pulse.tcl (RunTclFile)" time="0.036" />
  <testcase classname="ptolemy.util.test.junit.TclTests" name="[23] /home/travis/build/icyphy/ptII/ptolemy/actor/lib/test/Ramp.tcl (RunTclFile)" time="2.134" />
  <testcase classname="ptolemy.util.test.junit.TclTests" name="[24] /home/travis/build/icyphy/ptII/ptolemy/actor/lib/test/RampContinuous.tcl (RunTclFile)" time="0.019" />
  <testcase classname="ptolemy.util.test.junit.TclTests" name="[25] /home/travis/build/icyphy/ptII/ptolemy/actor/lib/test/RecordAssembler.tcl (RunTclFile)" time="0.016" />
  <testcase classname="ptolemy.util.test.junit.TclTests" name="[26] /home/travis/build/icyphy/ptII/ptolemy/actor/lib/test/RecordDisassembler.tcl (RunTclFile)" time="0.019" />
  <testcase classname="ptolemy.util.test.junit.TclTests" name="[27] /home/travis/build/icyphy/ptII/ptolemy/actor/lib/test/Scale.tcl (RunTclFile)" time="0.019" />
  <testcase classname="ptolemy.util.test.junit.TclTests" name="[28] /home/travis/build/icyphy/ptII/ptolemy/actor/lib/test/SequentialClock.tcl (RunTclFile)" time="0.012" />
  <testcase classname="ptolemy.util.test.junit.TclTests" name="[29] /home/travis/build/icyphy/ptII/ptolemy/actor/lib/test/SetVariable.tcl (RunTclFile)" time="0.015" />
  <testcase classname="ptolemy.util.test.junit.TclTests" name="[30] /home/travis/build/icyphy/ptII/ptolemy/actor/lib/test/Sinewave.tcl (RunTclFile)" time="0.028" />
  <testcase classname="ptolemy.util.test.junit.TclTests" name="[31] /home/travis/build/icyphy/ptII/ptolemy/actor/lib/test/SubscriptionAggregator.tcl (RunTclFile)" time="2.148" />
  <testcase classname="ptolemy.util.test.junit.TclTests" name="[32] /home/travis/build/icyphy/ptII/ptolemy/actor/lib/test/Test.tcl (RunTclFile)" time="0.126" />
  <testcase classname="ptolemy.util.test.junit.TclTests" name="[33] /home/travis/build/icyphy/ptII/ptolemy/actor/lib/test/TestExceptionHandler.tcl (RunTclFile)" time="0.018" />
  <testcase classname="ptolemy.util.test.junit.TclTests" name="[34] /home/travis/build/icyphy/ptII/ptolemy/actor/lib/test/UnionDisassembler.tcl (RunTclFile)" time="0.077" />
  <testcase classname="ptolemy.util.test.junit.TclTests" name="[35] /home/travis/build/icyphy/ptII/ptolemy/actor/lib/test/VariableClock.tcl (RunTclFile)" time="0.037" />
  <testcase classname="ptolemy.util.test.junit.AutoKnownFailedTests" name="[0] /home/travis/build/icyphy/ptII/ptolemy/actor/lib/test/auto/knownFailedTests/PublisherPortToplevelSubscriber.xml (RunModel)" time="0.094" />
  <testcase classname="ptolemy.util.test.junit.AutoKnownFailedTests" name="[1] /home/travis/build/icyphy/ptII/ptolemy/actor/lib/test/auto/knownFailedTests/PublisherSubscriberPortToplevel.xml (RunModel)" time="0.018" />
  <testcase classname="ptolemy.util.test.junit.AutoKnownFailedTests" name="[2] /home/travis/build/icyphy/ptII/ptolemy/actor/lib/test/auto/knownFailedTests/PublisherSubscriptionAggregatorPort.xml (RunModel)" time="0.018" />
  <testcase classname="ptolemy.util.test.junit.AutoKnownFailedTests" name="[3] /home/travis/build/icyphy/ptII/ptolemy/actor/lib/test/auto/knownFailedTests/sizedarray3.xml (RunModel)" time="0.026" />
  <testcase classname="ptolemy.util.test.junit.AutoNameArchTests" name="[0] ThereAreNoAutoArchTests (RunModel)" time="0.008" />
  <testcase classname="ptolemy.util.test.junit.AutoTests" name="[0] /home/travis/build/icyphy/ptII/ptolemy/actor/lib/test/auto/AbsoluteValue.xml (RunModel)" time="0.071" />
  <testcase classname="ptolemy.util.test.junit.AutoTests" name="[1] /home/travis/build/icyphy/ptII/ptolemy/actor/lib/test/auto/AbsoluteValue2.xml (RunModel)" time="0.078" />
  <testcase classname="ptolemy.util.test.junit.AutoTests" name="[2] /home/travis/build/icyphy/ptII/ptolemy/actor/lib/test/auto/Accumulator.xml (RunModel)" time="0.075" />
  <testcase classname="ptolemy.util.test.junit.AutoTests" name="[3] /home/travis/build/icyphy/ptII/ptolemy/actor/lib/test/auto/Accumulator2.xml (RunModel)" time="0.056" />
  <testcase classname="ptolemy.util.test.junit.AutoTests" name="[4] /home/travis/build/icyphy/ptII/ptolemy/actor/lib/test/auto/Accumulator3.xml (RunModel)" time="0.019" />
  <testcase classname="ptolemy.util.test.junit.AutoTests" name="[5] /home/travis/build/icyphy/ptII/ptolemy/actor/lib/test/auto/ArrayAppend.xml (RunModel)" time="0.055" />
  <testcase classname="ptolemy.util.test.junit.AutoTests" name="[6] /home/travis/build/icyphy/ptII/ptolemy/actor/lib/test/auto/ArrayAppend2.xml (RunModel)" time="0.71" />
  <testcase classname="ptolemy.util.test.junit.AutoTests" name="[7] /home/travis/build/icyphy/ptII/ptolemy/actor/lib/test/auto/ArrayAppend3.xml (RunModel)" time="0.04" />
  <testcase classname="ptolemy.util.test.junit.AutoTests" name="[8] /home/travis/build/icyphy/ptII/ptolemy/actor/lib/test/auto/ArrayAppend4.xml (RunModel)" time="0.038" />
  <testcase classname="ptolemy.util.test.junit.AutoTests" name="[9] /home/travis/build/icyphy/ptII/ptolemy/actor/lib/test/auto/ArrayAppend5.xml (RunModel)" time="0.022" />
  <testcase classname="ptolemy.util.test.junit.AutoTests" name="[10] /home/travis/build/icyphy/ptII/ptolemy/actor/lib/test/auto/ArrayAppend6.xml (RunModel)" time="0.024" />
  <testcase classname="ptolemy.util.test.junit.AutoTests" name="[11] /home/travis/build/icyphy/ptII/ptolemy/actor/lib/test/auto/ArrayAppendPerformanceTest.xml (RunModel)" time="0.067" />
  <testcase classname="ptolemy.util.test.junit.AutoTests" name="[12] /home/travis/build/icyphy/ptII/ptolemy/actor/lib/test/auto/ArrayAppendWithEmptyInput.xml (RunModel)" time="0.057" />
  <testcase classname="ptolemy.util.test.junit.AutoTests" name="[13] /home/travis/build/icyphy/ptII/ptolemy/actor/lib/test/auto/ArrayAverage.xml (RunModel)" time="0.064" />
  <testcase classname="ptolemy.util.test.junit.AutoTests" name="[14] /home/travis/build/icyphy/ptII/ptolemy/actor/lib/test/auto/ArrayContains.xml (RunModel)" time="0.036" />
  <testcase classname="ptolemy.util.test.junit.AutoTests" name="[15] /home/travis/build/icyphy/ptII/ptolemy/actor/lib/test/auto/ArrayElement.xml (RunModel)" time="0.032" />
  <testcase classname="ptolemy.util.test.junit.AutoTests" name="[16] /home/travis/build/icyphy/ptII/ptolemy/actor/lib/test/auto/ArrayElementAsMatrix.xml (RunModel)" time="0.099" />
  <testcase classname="ptolemy.util.test.junit.AutoTests" name="[17] /home/travis/build/icyphy/ptII/ptolemy/actor/lib/test/auto/ArrayElementI.xml (RunModel)" time="0.034" />
  <testcase classname="ptolemy.util.test.junit.AutoTests" name="[18] /home/travis/build/icyphy/ptII/ptolemy/actor/lib/test/auto/ArrayExtract.xml (RunModel)" time="0.039" />
  <testcase classname="ptolemy.util.test.junit.AutoTests" name="[19] /home/travis/build/icyphy/ptII/ptolemy/actor/lib/test/auto/ArrayExtract2.xml (RunModel)" time="0.022" />
  <testcase classname="ptolemy.util.test.junit.AutoTests" name="[20] /home/travis/build/icyphy/ptII/ptolemy/actor/lib/test/auto/ArrayLength.xml (RunModel)" time="0.041" />
  <testcase classname="ptolemy.util.test.junit.AutoTests" name="[21] /home/travis/build/icyphy/ptII/ptolemy/actor/lib/test/auto/ArrayLevelCrossing.xml (RunModel)" time="0.037" />
  <testcase classname="ptolemy.util.test.junit.AutoTests" name="[22] /home/travis/build/icyphy/ptII/ptolemy/actor/lib/test/auto/ArrayLevelCrossing2.xml (RunModel)" time="0.028" />
  <testcase classname="ptolemy.util.test.junit.AutoTests" name="[23] /home/travis/build/icyphy/ptII/ptolemy/actor/lib/test/auto/ArrayPeakSearch.xml (RunModel)" time="0.049" />
  <testcase classname="ptolemy.util.test.junit.AutoTests" name="[24] /home/travis/build/icyphy/ptII/ptolemy/actor/lib/test/auto/ArrayPeakSearch2.xml (RunModel)" time="0.044" />
  <testcase classname="ptolemy.util.test.junit.AutoTests" name="[25] /home/travis/build/icyphy/ptII/ptolemy/actor/lib/test/auto/ArrayPeakSearch3.xml (RunModel)" time="0.038" />
  <testcase classname="ptolemy.util.test.junit.AutoTests" name="[26] /home/travis/build/icyphy/ptII/ptolemy/actor/lib/test/auto/ArrayRemoveElement.xml (RunModel)" time="0.031" />
  <testcase classname="ptolemy.util.test.junit.AutoTests" name="[27] /home/travis/build/icyphy/ptII/ptolemy/actor/lib/test/auto/ArraySort.xml (RunModel)" time="0.037" />
  <testcase classname="ptolemy.util.test.junit.AutoTests" name="[28] /home/travis/build/icyphy/ptII/ptolemy/actor/lib/test/auto/ArraySum.xml (RunModel)" time="0.026" />
  <testcase classname="ptolemy.util.test.junit.AutoTests" name="[29] /home/travis/build/icyphy/ptII/ptolemy/actor/lib/test/auto/ArrayToElements.xml (RunModel)" time="0.026" />
  <testcase classname="ptolemy.util.test.junit.AutoTests" name="[30] /home/travis/build/icyphy/ptII/ptolemy/actor/lib/test/auto/ArrayToMatrix.xml (RunModel)" time="0.063" />
  <testcase classname="ptolemy.util.test.junit.AutoTests" name="[31] /home/travis/build/icyphy/ptII/ptolemy/actor/lib/test/auto/ArrayUpdate1.xml (RunModel)" time="0.017" />
  <testcase classname="ptolemy.util.test.junit.AutoTests" name="[32] /home/travis/build/icyphy/ptII/ptolemy/actor/lib/test/auto/ArrayUpdate2.xml (RunModel)" time="0.025" />
  <testcase classname="ptolemy.util.test.junit.AutoTests" name="[33] /home/travis/build/icyphy/ptII/ptolemy/actor/lib/test/auto/ArrayUpdate3.xml (RunModel)" time="0.017" />
  <testcase classname="ptolemy.util.test.junit.AutoTests" name="[34] /home/travis/build/icyphy/ptII/ptolemy/actor/lib/test/auto/Assert1.xml (RunModel)" time="0.026" />
  <testcase classname="ptolemy.util.test.junit.AutoTests" name="[35] /home/travis/build/icyphy/ptII/ptolemy/actor/lib/test/auto/Assert2.xml (RunModel)" time="0.021" />
  <testcase classname="ptolemy.util.test.junit.AutoTests" name="[36] /home/travis/build/icyphy/ptII/ptolemy/actor/lib/test/auto/BooleanMultiplexor.xml (RunModel)" time="0.03" />
  <testcase classname="ptolemy.util.test.junit.AutoTests" name="[37] /home/travis/build/icyphy/ptII/ptolemy/actor/lib/test/auto/BooleanMultiplexor2.xml (RunModel)" time="0.032" />
  <testcase classname="ptolemy.util.test.junit.AutoTests" name="[38] /home/travis/build/icyphy/ptII/ptolemy/actor/lib/test/auto/BooleanMultiplexor3.xml (RunModel)" time="0.025" />
  <testcase classname="ptolemy.util.test.junit.AutoTests" name="[39] /home/travis/build/icyphy/ptII/ptolemy/actor/lib/test/auto/BooleanSelect.xml (RunModel)" time="0.03" />
  <testcase classname="ptolemy.util.test.junit.AutoTests" name="[40] /home/travis/build/icyphy/ptII/ptolemy/actor/lib/test/auto/BooleanSelect2.xml (RunModel)" time="0.015" />
  <testcase classname="ptolemy.util.test.junit.AutoTests" name="[41] /home/travis/build/icyphy/ptII/ptolemy/actor/lib/test/auto/BooleanSwitch.xml (RunModel)" time="0.021" />
  <testcase classname="ptolemy.util.test.junit.AutoTests" name="[42] /home/travis/build/icyphy/ptII/ptolemy/actor/lib/test/auto/BooleanSwitch2.xml (RunModel)" time="0.016" />
  <testcase classname="ptolemy.util.test.junit.AutoTests" name="[43] /home/travis/build/icyphy/ptII/ptolemy/actor/lib/test/auto/BooleanSwitchCloningBugWithClassRelationGroup.xml (RunModel)" time="0.026" />
  <testcase classname="ptolemy.util.test.junit.AutoTests" name="[44] /home/travis/build/icyphy/ptII/ptolemy/actor/lib/test/auto/BusActors.xml (RunModel)" time="0.048" />
  <testcase classname="ptolemy.util.test.junit.AutoTests" name="[45] /home/travis/build/icyphy/ptII/ptolemy/actor/lib/test/auto/ClassWrapper.xml (RunModel)" time="0.011" />
  <testcase classname="ptolemy.util.test.junit.AutoTests" name="[46] /home/travis/build/icyphy/ptII/ptolemy/actor/lib/test/auto/Clock.xml (RunModel)" time="0.009" />
  <testcase classname="ptolemy.util.test.junit.AutoTests" name="[47] /home/travis/build/icyphy/ptII/ptolemy/actor/lib/test/auto/Clock10.xml (RunModel)" time="0.019" />
  <testcase classname="ptolemy.util.test.junit.AutoTests" name="[48] /home/travis/build/icyphy/ptII/ptolemy/actor/lib/test/auto/Clock11.xml (RunModel)" time="0.02" />
  <testcase classname="ptolemy.util.test.junit.AutoTests" name="[49] /home/travis/build/icyphy/ptII/ptolemy/actor/lib/test/auto/Clock12.xml (RunModel)" time="0.021" />
  <testcase classname="ptolemy.util.test.junit.AutoTests" name="[50] /home/travis/build/icyphy/ptII/ptolemy/actor/lib/test/auto/Clock13.xml (RunModel)" time="0.024" />
  <testcase classname="ptolemy.util.test.junit.AutoTests" name="[51] /home/travis/build/icyphy/ptII/ptolemy/actor/lib/test/auto/Clock14.xml (RunModel)" time="0.022" />
  <testcase classname="ptolemy.util.test.junit.AutoTests" name="[52] /home/travis/build/icyphy/ptII/ptolemy/actor/lib/test/auto/Clock15.xml (RunModel)" time="0.015" />
  <testcase classname="ptolemy.util.test.junit.AutoTests" name="[53] /home/travis/build/icyphy/ptII/ptolemy/actor/lib/test/auto/Clock16.xml (RunModel)" time="0.102" />
  <testcase classname="ptolemy.util.test.junit.AutoTests" name="[54] /home/travis/build/icyphy/ptII/ptolemy/actor/lib/test/auto/Clock17.xml (RunModel)" time="0.048" />
  <testcase classname="ptolemy.util.test.junit.AutoTests" name="[55] /home/travis/build/icyphy/ptII/ptolemy/actor/lib/test/auto/Clock18.xml (RunModel)" time="0.046" />
  <testcase classname="ptolemy.util.test.junit.AutoTests" name="[56] /home/travis/build/icyphy/ptII/ptolemy/actor/lib/test/auto/Clock19.xml (RunModel)" time="0.04" />
  <testcase classname="ptolemy.util.test.junit.AutoTests" name="[57] /home/travis/build/icyphy/ptII/ptolemy/actor/lib/test/auto/Clock2.xml (RunModel)" time="0.016" />
  <testcase classname="ptolemy.util.test.junit.AutoTests" name="[58] /home/travis/build/icyphy/ptII/ptolemy/actor/lib/test/auto/Clock20.xml (RunModel)" time="0.02" />
  <testcase classname="ptolemy.util.test.junit.AutoTests" name="[59] /home/travis/build/icyphy/ptII/ptolemy/actor/lib/test/auto/Clock21.xml (RunModel)" time="0.017" />
  <testcase classname="ptolemy.util.test.junit.AutoTests" name="[60] /home/travis/build/icyphy/ptII/ptolemy/actor/lib/test/auto/Clock22.xml (RunModel)" time="0.014" />
  <testcase classname="ptolemy.util.test.junit.AutoTests" name="[61] /home/travis/build/icyphy/ptII/ptolemy/actor/lib/test/auto/Clock23.xml (RunModel)" time="0.02" />
  <testcase classname="ptolemy.util.test.junit.AutoTests" name="[62] /home/travis/build/icyphy/ptII/ptolemy/actor/lib/test/auto/Clock24.xml (RunModel)" time="0.014" />
  <testcase classname="ptolemy.util.test.junit.AutoTests" name="[63] /home/travis/build/icyphy/ptII/ptolemy/actor/lib/test/auto/Clock4.xml (RunModel)" time="0.018" />
  <testcase classname="ptolemy.util.test.junit.AutoTests" name="[64] /home/travis/build/icyphy/ptII/ptolemy/actor/lib/test/auto/Clock5.xml (RunModel)" time="0.013" />
  <testcase classname="ptolemy.util.test.junit.AutoTests" name="[65] /home/travis/build/icyphy/ptII/ptolemy/actor/lib/test/auto/Clock6.xml (RunModel)" time="0.027" />
  <testcase classname="ptolemy.util.test.junit.AutoTests" name="[66] /home/travis/build/icyphy/ptII/ptolemy/actor/lib/test/auto/Clock7.xml (RunModel)" time="0.016" />
  <testcase classname="ptolemy.util.test.junit.AutoTests" name="[67] /home/travis/build/icyphy/ptII/ptolemy/actor/lib/test/auto/Clock8.xml (RunModel)" time="0.013" />
  <testcase classname="ptolemy.util.test.junit.AutoTests" name="[68] /home/travis/build/icyphy/ptII/ptolemy/actor/lib/test/auto/Clock9.xml (RunModel)" time="0.012" />
  <testcase classname="ptolemy.util.test.junit.AutoTests" name="[69] /home/travis/build/icyphy/ptII/ptolemy/actor/lib/test/auto/CommDistDiscard.xml (RunModel)" time="0.018" />
  <testcase classname="ptolemy.util.test.junit.AutoTests" name="[70] /home/travis/build/icyphy/ptII/ptolemy/actor/lib/test/auto/Commutator.xml (RunModel)" time="0.012" />
  <testcase classname="ptolemy.util.test.junit.AutoTests" name="[71] /home/travis/build/icyphy/ptII/ptolemy/actor/lib/test/auto/Commutator2.xml (RunModel)" time="0.011" />
  <testcase classname="ptolemy.util.test.junit.AutoTests" name="[72] /home/travis/build/icyphy/ptII/ptolemy/actor/lib/test/auto/Commutator3.xml (RunModel)" time="0.011" />
  <testcase classname="ptolemy.util.test.junit.AutoTests" name="[73] /home/travis/build/icyphy/ptII/ptolemy/actor/lib/test/auto/Compare.xml (RunModel)" time="0.019" />
  <testcase classname="ptolemy.util.test.junit.AutoTests" name="[74] /home/travis/build/icyphy/ptII/ptolemy/actor/lib/test/auto/CompareDE.xml (RunModel)" time="0.019" />
  <testcase classname="ptolemy.util.test.junit.AutoTests" name="[75] /home/travis/build/icyphy/ptII/ptolemy/actor/lib/test/auto/ComplexDivide.xml (RunModel)" time="0.01" />
  <testcase classname="ptolemy.util.test.junit.AutoTests" name="[76] /home/travis/build/icyphy/ptII/ptolemy/actor/lib/test/auto/ComputeHistogram.xml (RunModel)" time="0.057" />
  <testcase classname="ptolemy.util.test.junit.AutoTests" name="[77] /home/travis/build/icyphy/ptII/ptolemy/actor/lib/test/auto/ConfigurationSelect.xml (RunModel)" time="0.016" />
  <testcase classname="ptolemy.util.test.junit.AutoTests" name="[78] /home/travis/build/icyphy/ptII/ptolemy/actor/lib/test/auto/ConfigurationSelect2.xml (RunModel)" time="0.012" />
  <testcase classname="ptolemy.util.test.junit.AutoTests" name="[79] /home/travis/build/icyphy/ptII/ptolemy/actor/lib/test/auto/ConfigurationSwitch.xml (RunModel)" time="0.014" />
  <testcase classname="ptolemy.util.test.junit.AutoTests" name="[80] /home/travis/build/icyphy/ptII/ptolemy/actor/lib/test/auto/ConfigurationSwitch2.xml (RunModel)" time="0.029" />
  <testcase classname="ptolemy.util.test.junit.AutoTests" name="[81] /home/travis/build/icyphy/ptII/ptolemy/actor/lib/test/auto/ConfigurationSwitchCloningBugWithClassRelationGroup.xml (RunModel)" time="0.02" />
  <testcase classname="ptolemy.util.test.junit.AutoTests" name="[82] /home/travis/build/icyphy/ptII/ptolemy/actor/lib/test/auto/ConfigurationSwitchSelectSDF.xml (RunModel)" time="0.013" />
  <testcase classname="ptolemy.util.test.junit.AutoTests" name="[83] /home/travis/build/icyphy/ptII/ptolemy/actor/lib/test/auto/ConfigurationSwitchSelectSDF2.xml (RunModel)" time="0.014" />
  <testcase classname="ptolemy.util.test.junit.AutoTests" name="[84] /home/travis/build/icyphy/ptII/ptolemy/actor/lib/test/auto/Const.xml (RunModel)" time="0.007" />
  <testcase classname="ptolemy.util.test.junit.AutoTests" name="[85] /home/travis/build/icyphy/ptII/ptolemy/actor/lib/test/auto/Const2.xml (RunModel)" time="0.009" />
  <testcase classname="ptolemy.util.test.junit.AutoTests" name="[86] /home/travis/build/icyphy/ptII/ptolemy/actor/lib/test/auto/Const3.xml (RunModel)" time="0.005" />
  <testcase classname="ptolemy.util.test.junit.AutoTests" name="[87] /home/travis/build/icyphy/ptII/ptolemy/actor/lib/test/auto/ConstantPublisherPort1.xml (RunModel)" time="0.02" />
  <testcase classname="ptolemy.util.test.junit.AutoTests" name="[88] /home/travis/build/icyphy/ptII/ptolemy/actor/lib/test/auto/ConstantPublisherPort2.xml (RunModel)" time="0.018" />
  <testcase classname="ptolemy.util.test.junit.AutoTests" name="[89] /home/travis/build/icyphy/ptII/ptolemy/actor/lib/test/auto/ConstantPublisherPort3.xml (RunModel)" time="0.017" />
  <testcase classname="ptolemy.util.test.junit.AutoTests" name="[90] /home/travis/build/icyphy/ptII/ptolemy/actor/lib/test/auto/ConstantPublisherPort4.xml (RunModel)" time="0.017" />
  <testcase classname="ptolemy.util.test.junit.AutoTests" name="[91] /home/travis/build/icyphy/ptII/ptolemy/actor/lib/test/auto/ConstantPublisherPort5.xml (RunModel)" time="0.046" />
  <testcase classname="ptolemy.util.test.junit.AutoTests" name="[92] /home/travis/build/icyphy/ptII/ptolemy/actor/lib/test/auto/ConstantPublisherPort6.xml (RunModel)" time="0.026" />
  <testcase classname="ptolemy.util.test.junit.AutoTests" name="[93] /home/travis/build/icyphy/ptII/ptolemy/actor/lib/test/auto/ConstantPublisherPort7.xml (RunModel)" time="0.028" />
  <testcase classname="ptolemy.util.test.junit.AutoTests" name="[94] /home/travis/build/icyphy/ptII/ptolemy/actor/lib/test/auto/ConstraintMonitor1.xml (RunModel)" time="0.029" />
  <testcase classname="ptolemy.util.test.junit.AutoTests" name="[95] /home/travis/build/icyphy/ptII/ptolemy/actor/lib/test/auto/ConstraintMonitor2.xml (RunModel)" time="0.011" />
  <testcase classname="ptolemy.util.test.junit.AutoTests" name="[96] /home/travis/build/icyphy/ptII/ptolemy/actor/lib/test/auto/ConstraintMonitor3.xml (RunModel)" time="0.01" />
  <testcase classname="ptolemy.util.test.junit.AutoTests" name="[97] /home/travis/build/icyphy/ptII/ptolemy/actor/lib/test/auto/ConstraintMonitor4.xml (RunModel)" time="0.015" />
  <testcase classname="ptolemy.util.test.junit.AutoTests" name="[98] /home/travis/build/icyphy/ptII/ptolemy/actor/lib/test/auto/ConstraintMonitor5.xml (RunModel)" time="0.017" />
  <testcase classname="ptolemy.util.test.junit.AutoTests" name="[99] /home/travis/build/icyphy/ptII/ptolemy/actor/lib/test/auto/ConstraintMonitor6.xml (RunModel)" time="0.018" />
  <testcase classname="ptolemy.util.test.junit.AutoTests" name="[100] /home/travis/build/icyphy/ptII/ptolemy/actor/lib/test/auto/ConstraintMonitor7.xml (RunModel)" time="0.022" />
  <testcase classname="ptolemy.util.test.junit.AutoTests" name="[101] /home/travis/build/icyphy/ptII/ptolemy/actor/lib/test/auto/ConstraintMonitor8.xml (RunModel)" time="0.023" />
  <testcase classname="ptolemy.util.test.junit.AutoTests" name="[102] /home/travis/build/icyphy/ptII/ptolemy/actor/lib/test/auto/Counter.xml (RunModel)" time="0.014" />
  <testcase classname="ptolemy.util.test.junit.AutoTests" name="[103] /home/travis/build/icyphy/ptII/ptolemy/actor/lib/test/auto/CurrentTimeSDF.xml (RunModel)" time="0.013" />
  <testcase classname="ptolemy.util.test.junit.AutoTests" name="[104] /home/travis/build/icyphy/ptII/ptolemy/actor/lib/test/auto/DB.xml (RunModel)" time="0.015" />
  <testcase classname="ptolemy.util.test.junit.AutoTests" name="[105] /home/travis/build/icyphy/ptII/ptolemy/actor/lib/test/auto/DBDE.xml (RunModel)" time="0.016" />
  <testcase classname="ptolemy.util.test.junit.AutoTests" name="[106] /home/travis/build/icyphy/ptII/ptolemy/actor/lib/test/auto/DateConstructor.xml (RunModel)" time="0.067" />
  <testcase classname="ptolemy.util.test.junit.AutoTests" name="[107] /home/travis/build/icyphy/ptII/ptolemy/actor/lib/test/auto/DelayTime.xml (RunModel)" time="0.019" />
  <testcase classname="ptolemy.util.test.junit.AutoTests" name="[108] /home/travis/build/icyphy/ptII/ptolemy/actor/lib/test/auto/Dictionary1.xml (RunModel)" time="0.016" />
  <testcase classname="ptolemy.util.test.junit.AutoTests" name="[109] /home/travis/build/icyphy/ptII/ptolemy/actor/lib/test/auto/Dictionary2.xml (RunModel)" time="0.029" />
  <testcase classname="ptolemy.util.test.junit.AutoTests" name="[110] /home/travis/build/icyphy/ptII/ptolemy/actor/lib/test/auto/Dictionary3.xml (RunModel)" time="0.013" />
  <testcase classname="ptolemy.util.test.junit.AutoTests" name="[111] /home/travis/build/icyphy/ptII/ptolemy/actor/lib/test/auto/Dictionary4.xml (RunModel)" time="0.016" />
  <testcase classname="ptolemy.util.test.junit.AutoTests" name="[112] /home/travis/build/icyphy/ptII/ptolemy/actor/lib/test/auto/Differential.xml (RunModel)" time="0.011" />
  <testcase classname="ptolemy.util.test.junit.AutoTests" name="[113] /home/travis/build/icyphy/ptII/ptolemy/actor/lib/test/auto/Director.xml (RunModel)" time="0.01" />
  <testcase classname="ptolemy.util.test.junit.AutoTests" name="[114] /home/travis/build/icyphy/ptII/ptolemy/actor/lib/test/auto/DiscreteClock.xml (RunModel)" time="0.009" />
  <testcase classname="ptolemy.util.test.junit.AutoTests" name="[115] /home/travis/build/icyphy/ptII/ptolemy/actor/lib/test/auto/DiscreteClock10.xml (RunModel)" time="0.013" />
  <testcase classname="ptolemy.util.test.junit.AutoTests" name="[116] /home/travis/build/icyphy/ptII/ptolemy/actor/lib/test/auto/DiscreteClock11.xml (RunModel)" time="0.015" />
  <testcase classname="ptolemy.util.test.junit.AutoTests" name="[117] /home/travis/build/icyphy/ptII/ptolemy/actor/lib/test/auto/DiscreteClock12.xml (RunModel)" time="0.015" />
  <testcase classname="ptolemy.util.test.junit.AutoTests" name="[118] /home/travis/build/icyphy/ptII/ptolemy/actor/lib/test/auto/DiscreteClock13.xml (RunModel)" time="0.015" />
  <testcase classname="ptolemy.util.test.junit.AutoTests" name="[119] /home/travis/build/icyphy/ptII/ptolemy/actor/lib/test/auto/DiscreteClock14.xml (RunModel)" time="0.022" />
  <testcase classname="ptolemy.util.test.junit.AutoTests" name="[120] /home/travis/build/icyphy/ptII/ptolemy/actor/lib/test/auto/DiscreteClock15.xml (RunModel)" time="0.025" />
  <testcase classname="ptolemy.util.test.junit.AutoTests" name="[121] /home/travis/build/icyphy/ptII/ptolemy/actor/lib/test/auto/DiscreteClock16.xml (RunModel)" time="0.564" />
  <testcase classname="ptolemy.util.test.junit.AutoTests" name="[122] /home/travis/build/icyphy/ptII/ptolemy/actor/lib/test/auto/DiscreteClock17.xml (RunModel)" time="0.049" />
  <testcase classname="ptolemy.util.test.junit.AutoTests" name="[123] /home/travis/build/icyphy/ptII/ptolemy/actor/lib/test/auto/DiscreteClock18.xml (RunModel)" time="0.049" />
  <testcase classname="ptolemy.util.test.junit.AutoTests" name="[124] /home/travis/build/icyphy/ptII/ptolemy/actor/lib/test/auto/DiscreteClock19.xml (RunModel)" time="0.046" />
  <testcase classname="ptolemy.util.test.junit.AutoTests" name="[125] /home/travis/build/icyphy/ptII/ptolemy/actor/lib/test/auto/DiscreteClock2.xml (RunModel)" time="0.013" />
  <testcase classname="ptolemy.util.test.junit.AutoTests" name="[126] /home/travis/build/icyphy/ptII/ptolemy/actor/lib/test/auto/DiscreteClock20.xml (RunModel)" time="0.016" />
  <testcase classname="ptolemy.util.test.junit.AutoTests" name="[127] /home/travis/build/icyphy/ptII/ptolemy/actor/lib/test/auto/DiscreteClock21.xml (RunModel)" time="0.018" />
  <testcase classname="ptolemy.util.test.junit.AutoTests" name="[128] /home/travis/build/icyphy/ptII/ptolemy/actor/lib/test/auto/DiscreteClock22.xml (RunModel)" time="0.015" />
  <testcase classname="ptolemy.util.test.junit.AutoTests" name="[129] /home/travis/build/icyphy/ptII/ptolemy/actor/lib/test/auto/DiscreteClock23.xml (RunModel)" time="0.019" />
  <testcase classname="ptolemy.util.test.junit.AutoTests" name="[130] /home/travis/build/icyphy/ptII/ptolemy/actor/lib/test/auto/DiscreteClock24.xml (RunModel)" time="0.014" />
  <testcase classname="ptolemy.util.test.junit.AutoTests" name="[131] /home/travis/build/icyphy/ptII/ptolemy/actor/lib/test/auto/DiscreteClock4.xml (RunModel)" time="0.013" />
  <testcase classname="ptolemy.util.test.junit.AutoTests" name="[132] /home/travis/build/icyphy/ptII/ptolemy/actor/lib/test/auto/DiscreteClock5.xml (RunModel)" time="0.011" />
  <testcase classname="ptolemy.util.test.junit.AutoTests" name="[133] /home/travis/build/icyphy/ptII/ptolemy/actor/lib/test/auto/DiscreteClock6.xml (RunModel)" time="0.009" />
  <testcase classname="ptolemy.util.test.junit.AutoTests" name="[134] /home/travis/build/icyphy/ptII/ptolemy/actor/lib/test/auto/DiscreteClock7.xml (RunModel)" time="0.009" />
  <testcase classname="ptolemy.util.test.junit.AutoTests" name="[135] /home/travis/build/icyphy/ptII/ptolemy/actor/lib/test/auto/DiscreteClock8.xml (RunModel)" time="0.015" />
  <testcase classname="ptolemy.util.test.junit.AutoTests" name="[136] /home/travis/build/icyphy/ptII/ptolemy/actor/lib/test/auto/DiscreteClock9.xml (RunModel)" time="0.013" />
  <testcase classname="ptolemy.util.test.junit.AutoTests" name="[137] /home/travis/build/icyphy/ptII/ptolemy/actor/lib/test/auto/DisplayArray.xml (RunModel)" time="0.008" />
  <testcase classname="ptolemy.util.test.junit.AutoTests" name="[138] /home/travis/build/icyphy/ptII/ptolemy/actor/lib/test/auto/Distributor.xml (RunModel)" time="0.01" />
  <testcase classname="ptolemy.util.test.junit.AutoTests" name="[139] /home/travis/build/icyphy/ptII/ptolemy/actor/lib/test/auto/Distributor2.xml (RunModel)" time="0.01" />
  <testcase classname="ptolemy.util.test.junit.AutoTests" name="[140] /home/travis/build/icyphy/ptII/ptolemy/actor/lib/test/auto/DownSample.xml (RunModel)" time="0.009" />
  <testcase classname="ptolemy.util.test.junit.AutoTests" name="[141] /home/travis/build/icyphy/ptII/ptolemy/actor/lib/test/auto/ElectronicUnitBase1.xml (RunModel)" time="0.066" />
  <testcase classname="ptolemy.util.test.junit.AutoTests" name="[142] /home/travis/build/icyphy/ptII/ptolemy/actor/lib/test/auto/ElementsToArray.xml (RunModel)" time="0.011" />
  <testcase classname="ptolemy.util.test.junit.AutoTests" name="[143] /home/travis/build/icyphy/ptII/ptolemy/actor/lib/test/auto/Equals.xml (RunModel)" time="0.013" />
  <testcase classname="ptolemy.util.test.junit.AutoTests" name="[144] /home/travis/build/icyphy/ptII/ptolemy/actor/lib/test/auto/Exec.xml (RunModel)" time="0.02" />
  <testcase classname="ptolemy.util.test.junit.AutoTests" name="[145] /home/travis/build/icyphy/ptII/ptolemy/actor/lib/test/auto/ExecEnvironment.xml (RunModel)" time="0.035" />
  <testcase classname="ptolemy.util.test.junit.AutoTests" name="[146] /home/travis/build/icyphy/ptII/ptolemy/actor/lib/test/auto/ExecNonZeroReturnOutput.xml (RunModel)" time="0.147" />
  <testcase classname="ptolemy.util.test.junit.AutoTests" name="[147] /home/travis/build/icyphy/ptII/ptolemy/actor/lib/test/auto/ExecRunDemos.xml (RunModel)" time="9.639" />
  <testcase classname="ptolemy.util.test.junit.AutoTests" name="[148] /home/travis/build/icyphy/ptII/ptolemy/actor/lib/test/auto/ExecStop.xml (RunModel)" time="5.022" />
  <testcase classname="ptolemy.util.test.junit.AutoTests" name="[149] /home/travis/build/icyphy/ptII/ptolemy/actor/lib/test/auto/ExecutionTimeSDF.xml (RunModel)" time="6.032" />
  <testcase classname="ptolemy.util.test.junit.AutoTests" name="[150] /home/travis/build/icyphy/ptII/ptolemy/actor/lib/test/auto/Expression1.xml (RunModel)" time="0.016" />
  <testcase classname="ptolemy.util.test.junit.AutoTests" name="[151] /home/travis/build/icyphy/ptII/ptolemy/actor/lib/test/auto/Expression10.xml (RunModel)" time="0.017" />
  <testcase classname="ptolemy.util.test.junit.AutoTests" name="[152] /home/travis/build/icyphy/ptII/ptolemy/actor/lib/test/auto/Expression11.xml (RunModel)" time="0.014" />
  <testcase classname="ptolemy.util.test.junit.AutoTests" name="[153] /home/travis/build/icyphy/ptII/ptolemy/actor/lib/test/auto/Expression12.xml (RunModel)" time="0.015" />
  <testcase classname="ptolemy.util.test.junit.AutoTests" name="[154] /home/travis/build/icyphy/ptII/ptolemy/actor/lib/test/auto/Expression13.xml (RunModel)" time="0.017" />
  <testcase classname="ptolemy.util.test.junit.AutoTests" name="[155] /home/travis/build/icyphy/ptII/ptolemy/actor/lib/test/auto/Expression14.xml (RunModel)" time="0.025" />
  <testcase classname="ptolemy.util.test.junit.AutoTests" name="[156] /home/travis/build/icyphy/ptII/ptolemy/actor/lib/test/auto/Expression15.xml (RunModel)" time="0.009" />
  <testcase classname="ptolemy.util.test.junit.AutoTests" name="[157] /home/travis/build/icyphy/ptII/ptolemy/actor/lib/test/auto/Expression16.xml (RunModel)" time="0.015" />
  <testcase classname="ptolemy.util.test.junit.AutoTests" name="[158] /home/travis/build/icyphy/ptII/ptolemy/actor/lib/test/auto/Expression17.xml (RunModel)" time="0.014" />
  <testcase classname="ptolemy.util.test.junit.AutoTests" name="[159] /home/travis/build/icyphy/ptII/ptolemy/actor/lib/test/auto/Expression18.xml (RunModel)" time="0.016" />
  <testcase classname="ptolemy.util.test.junit.AutoTests" name="[160] /home/travis/build/icyphy/ptII/ptolemy/actor/lib/test/auto/Expression2.xml (RunModel)" time="0.019" />
  <testcase classname="ptolemy.util.test.junit.AutoTests" name="[161] /home/travis/build/icyphy/ptII/ptolemy/actor/lib/test/auto/Expression3.xml (RunModel)" time="0.017" />
  <testcase classname="ptolemy.util.test.junit.AutoTests" name="[162] /home/travis/build/icyphy/ptII/ptolemy/actor/lib/test/auto/Expression4.xml (RunModel)" time="0.022" />
  <testcase classname="ptolemy.util.test.junit.AutoTests" name="[163] /home/travis/build/icyphy/ptII/ptolemy/actor/lib/test/auto/Expression5.xml (RunModel)" time="0.017" />
  <testcase classname="ptolemy.util.test.junit.AutoTests" name="[164] /home/travis/build/icyphy/ptII/ptolemy/actor/lib/test/auto/Expression6.xml (RunModel)" time="0.016" />
  <testcase classname="ptolemy.util.test.junit.AutoTests" name="[165] /home/travis/build/icyphy/ptII/ptolemy/actor/lib/test/auto/Expression7.xml (RunModel)" time="0.014" />
  <testcase classname="ptolemy.util.test.junit.AutoTests" name="[166] /home/travis/build/icyphy/ptII/ptolemy/actor/lib/test/auto/Expression8.xml (RunModel)" time="0.019" />
  <testcase classname="ptolemy.util.test.junit.AutoTests" name="[167] /home/travis/build/icyphy/ptII/ptolemy/actor/lib/test/auto/Expression9.xml (RunModel)" time="0.016" />
  <testcase classname="ptolemy.util.test.junit.AutoTests" name="[168] /home/travis/build/icyphy/ptII/ptolemy/actor/lib/test/auto/ExpressionConcatenateArrayType.xml (RunModel)" time="0.031" />
  <testcase classname="ptolemy.util.test.junit.AutoTests" name="[169] /home/travis/build/icyphy/ptII/ptolemy/actor/lib/test/auto/ExpressionConcatenateArrayType2.xml (RunModel)" time="0.025" />
  <testcase classname="ptolemy.util.test.junit.AutoTests" name="[170] /home/travis/build/icyphy/ptII/ptolemy/actor/lib/test/auto/ExpressionFix.xml (RunModel)" time="0.053" />
  <testcase classname="ptolemy.util.test.junit.AutoTests" name="[171] /home/travis/build/icyphy/ptII/ptolemy/actor/lib/test/auto/ExpressionFix2.xml (RunModel)" time="0.011" />
  <testcase classname="ptolemy.util.test.junit.AutoTests" name="[172] /home/travis/build/icyphy/ptII/ptolemy/actor/lib/test/auto/ExpressionFix3.xml (RunModel)" time="0.012" />
  <testcase classname="ptolemy.util.test.junit.AutoTests" name="[173] /home/travis/build/icyphy/ptII/ptolemy/actor/lib/test/auto/FileWriter1.xml (RunModel)" time="0.011" />
  <testcase classname="ptolemy.util.test.junit.AutoTests" name="[174] /home/travis/build/icyphy/ptII/ptolemy/actor/lib/test/auto/FileWriter2.xml (RunModel)" time="0.015" />
  <testcase classname="ptolemy.util.test.junit.AutoTests" name="[175] /home/travis/build/icyphy/ptII/ptolemy/actor/lib/test/auto/FileWriter3.xml (RunModel)" time="0.015" />
  <testcase classname="ptolemy.util.test.junit.AutoTests" name="[176] /home/travis/build/icyphy/ptII/ptolemy/actor/lib/test/auto/Gaussian.xml (RunModel)" time="0.011" />
  <testcase classname="ptolemy.util.test.junit.AutoTests" name="[177] /home/travis/build/icyphy/ptII/ptolemy/actor/lib/test/auto/Gaussian1.xml (RunModel)" time="0.014" />
  <testcase classname="ptolemy.util.test.junit.AutoTests" name="[178] /home/travis/build/icyphy/ptII/ptolemy/actor/lib/test/auto/Gaussian2.xml (RunModel)" time="0.021" />
  <testcase classname="ptolemy.util.test.junit.AutoTests" name="[179] /home/travis/build/icyphy/ptII/ptolemy/actor/lib/test/auto/GradientAdaptiveLattice.xml (RunModel)" time="0.02" />
  <testcase classname="ptolemy.util.test.junit.AutoTests" name="[180] /home/travis/build/icyphy/ptII/ptolemy/actor/lib/test/auto/IIR.xml (RunModel)" time="0.011" />
  <testcase classname="ptolemy.util.test.junit.AutoTests" name="[181] /home/travis/build/icyphy/ptII/ptolemy/actor/lib/test/auto/InputOutputTransparentPorts.xml (RunModel)" time="0.029" />
  <testcase classname="ptolemy.util.test.junit.AutoTests" name="[182] /home/travis/build/icyphy/ptII/ptolemy/actor/lib/test/auto/Interpolator.xml (RunModel)" time="0.014" />
  <testcase classname="ptolemy.util.test.junit.AutoTests" name="[183] /home/travis/build/icyphy/ptII/ptolemy/actor/lib/test/auto/InterpolatorFiringLimitDE.xml (RunModel)" time="0.015" />
  <testcase classname="ptolemy.util.test.junit.AutoTests" name="[184] /home/travis/build/icyphy/ptII/ptolemy/actor/lib/test/auto/Lattice.xml (RunModel)" time="0.01" />
  <testcase classname="ptolemy.util.test.junit.AutoTests" name="[185] /home/travis/build/icyphy/ptII/ptolemy/actor/lib/test/auto/LazyAOCTestLazy.xml (RunModel)" time="0.031" />
  <testcase classname="ptolemy.util.test.junit.AutoTests" name="[186] /home/travis/build/icyphy/ptII/ptolemy/actor/lib/test/auto/LazyAOCTestNonLazy.xml (RunModel)" time="0.054" />
  <testcase classname="ptolemy.util.test.junit.AutoTests" name="[187] /home/travis/build/icyphy/ptII/ptolemy/actor/lib/test/auto/LazyInnerClass.xml (RunModel)" time="0.048" />
  <testcase classname="ptolemy.util.test.junit.AutoTests" name="[188] /home/travis/build/icyphy/ptII/ptolemy/actor/lib/test/auto/LazyPubSub.xml (RunModel)" time="0.04" />
  <testcase classname="ptolemy.util.test.junit.AutoTests" name="[189] /home/travis/build/icyphy/ptII/ptolemy/actor/lib/test/auto/LazyPubSub2.xml (RunModel)" time="0.033" />
  <testcase classname="ptolemy.util.test.junit.AutoTests" name="[190] /home/travis/build/icyphy/ptII/ptolemy/actor/lib/test/auto/LazyPubSub3.xml (RunModel)" time="0.033" />
  <testcase classname="ptolemy.util.test.junit.AutoTests" name="[191] /home/travis/build/icyphy/ptII/ptolemy/actor/lib/test/auto/LazySubClassModel.xml (RunModel)" time="0.025" />
  <testcase classname="ptolemy.util.test.junit.AutoTests" name="[192] /home/travis/build/icyphy/ptII/ptolemy/actor/lib/test/auto/LevelCrossTest1.xml (RunModel)" time="0.012" />
  <testcase classname="ptolemy.util.test.junit.AutoTests" name="[193] /home/travis/build/icyphy/ptII/ptolemy/actor/lib/test/auto/LevelCrossTest10.xml (RunModel)" time="0.03" />
  <testcase classname="ptolemy.util.test.junit.AutoTests" name="[194] /home/travis/build/icyphy/ptII/ptolemy/actor/lib/test/auto/LevelCrossTest11.xml (RunModel)" time="0.017" />
  <testcase classname="ptolemy.util.test.junit.AutoTests" name="[195] /home/travis/build/icyphy/ptII/ptolemy/actor/lib/test/auto/LevelCrossTest12.xml (RunModel)" time="0.017" />
  <testcase classname="ptolemy.util.test.junit.AutoTests" name="[196] /home/travis/build/icyphy/ptII/ptolemy/actor/lib/test/auto/LevelCrossTest13.xml (RunModel)" time="0.016" />
  <testcase classname="ptolemy.util.test.junit.AutoTests" name="[197] /home/travis/build/icyphy/ptII/ptolemy/actor/lib/test/auto/LevelCrossTest2.xml (RunModel)" time="0.013" />
  <testcase classname="ptolemy.util.test.junit.AutoTests" name="[198] /home/travis/build/icyphy/ptII/ptolemy/actor/lib/test/auto/LevelCrossTest3.xml (RunModel)" time="0.014" />
  <testcase classname="ptolemy.util.test.junit.AutoTests" name="[199] /home/travis/build/icyphy/ptII/ptolemy/actor/lib/test/auto/LevelCrossTest4.xml (RunModel)" time="0.013" />
  <testcase classname="ptolemy.util.test.junit.AutoTests" name="[200] /home/travis/build/icyphy/ptII/ptolemy/actor/lib/test/auto/LevelCrossTest5.xml (RunModel)" time="0.015" />
  <testcase classname="ptolemy.util.test.junit.AutoTests" name="[201] /home/travis/build/icyphy/ptII/ptolemy/actor/lib/test/auto/LevelCrossTest6.xml (RunModel)" time="0.015" />
  <testcase classname="ptolemy.util.test.junit.AutoTests" name="[202] /home/travis/build/icyphy/ptII/ptolemy/actor/lib/test/auto/LevelCrossTest7.xml (RunModel)" time="0.019" />
  <testcase classname="ptolemy.util.test.junit.AutoTests" name="[203] /home/travis/build/icyphy/ptII/ptolemy/actor/lib/test/auto/LevelCrossTest8.xml (RunModel)" time="0.015" />
  <testcase classname="ptolemy.util.test.junit.AutoTests" name="[204] /home/travis/build/icyphy/ptII/ptolemy/actor/lib/test/auto/LevelCrossTest9.xml (RunModel)" time="0.015" />
  <testcase classname="ptolemy.util.test.junit.AutoTests" name="[205] /home/travis/build/icyphy/ptII/ptolemy/actor/lib/test/auto/LevinsonDurbin.xml (RunModel)" time="0.01" />
  <testcase classname="ptolemy.util.test.junit.AutoTests" name="[206] /home/travis/build/icyphy/ptII/ptolemy/actor/lib/test/auto/LevinsonDurbin2.xml (RunModel)" time="0.008" />
  <testcase classname="ptolemy.util.test.junit.AutoTests" name="[207] /home/travis/build/icyphy/ptII/ptolemy/actor/lib/test/auto/LevinsonDurbin3.xml (RunModel)" time="0.01" />
  <testcase classname="ptolemy.util.test.junit.AutoTests" name="[208] /home/travis/build/icyphy/ptII/ptolemy/actor/lib/test/auto/Limiter.xml (RunModel)" time="0.025" />
  <testcase classname="ptolemy.util.test.junit.AutoTests" name="[209] /home/travis/build/icyphy/ptII/ptolemy/actor/lib/test/auto/LinearDifferenceEquationSystem.xml (RunModel)" time="0.022" />
  <testcase classname="ptolemy.util.test.junit.AutoTests" name="[210] /home/travis/build/icyphy/ptII/ptolemy/actor/lib/test/auto/LookupTable.xml (RunModel)" time="0.009" />
  <testcase classname="ptolemy.util.test.junit.AutoTests" name="[211] /home/travis/build/icyphy/ptII/ptolemy/actor/lib/test/auto/MathFunction.xml (RunModel)" time="0.023" />
  <testcase classname="ptolemy.util.test.junit.AutoTests" name="[212] /home/travis/build/icyphy/ptII/ptolemy/actor/lib/test/auto/MathFunction2.xml (RunModel)" time="0.01" />
  <testcase classname="ptolemy.util.test.junit.AutoTests" name="[213] /home/travis/build/icyphy/ptII/ptolemy/actor/lib/test/auto/MathFunction3.xml (RunModel)" time="0.019" />
  <testcase classname="ptolemy.util.test.junit.AutoTests" name="[214] /home/travis/build/icyphy/ptII/ptolemy/actor/lib/test/auto/MatrixCropBoolean.xml (RunModel)" time="0.01" />
  <testcase classname="ptolemy.util.test.junit.AutoTests" name="[215] /home/travis/build/icyphy/ptII/ptolemy/actor/lib/test/auto/MatrixCropComplex.xml (RunModel)" time="0.009" />
  <testcase classname="ptolemy.util.test.junit.AutoTests" name="[216] /home/travis/build/icyphy/ptII/ptolemy/actor/lib/test/auto/MatrixCropDouble.xml (RunModel)" time="0.009" />
  <testcase classname="ptolemy.util.test.junit.AutoTests" name="[217] /home/travis/build/icyphy/ptII/ptolemy/actor/lib/test/auto/MatrixCropFix.xml (RunModel)" time="0.011" />
  <testcase classname="ptolemy.util.test.junit.AutoTests" name="[218] /home/travis/build/icyphy/ptII/ptolemy/actor/lib/test/auto/MatrixCropInt.xml (RunModel)" time="0.011" />
  <testcase classname="ptolemy.util.test.junit.AutoTests" name="[219] /home/travis/build/icyphy/ptII/ptolemy/actor/lib/test/auto/MatrixCropLong.xml (RunModel)" time="0.009" />
  <testcase classname="ptolemy.util.test.junit.AutoTests" name="[220] /home/travis/build/icyphy/ptII/ptolemy/actor/lib/test/auto/MatrixToArray.xml (RunModel)" time="0.061" />
  <testcase classname="ptolemy.util.test.junit.AutoTests" name="[221] /home/travis/build/icyphy/ptII/ptolemy/actor/lib/test/auto/MaxIndex.xml (RunModel)" time="0.012" />
  <testcase classname="ptolemy.util.test.junit.AutoTests" name="[222] /home/travis/build/icyphy/ptII/ptolemy/actor/lib/test/auto/Maximum.xml (RunModel)" time="0.014" />
  <testcase classname="ptolemy.util.test.junit.AutoTests" name="[223] /home/travis/build/icyphy/ptII/ptolemy/actor/lib/test/auto/MaximumComplex.xml (RunModel)" time="0.015" />
  <testcase classname="ptolemy.util.test.junit.AutoTests" name="[224] /home/travis/build/icyphy/ptII/ptolemy/actor/lib/test/auto/MethodCallTest.xml (RunModel)" time="0.02" />
  <testcase classname="ptolemy.util.test.junit.AutoTests" name="[225] /home/travis/build/icyphy/ptII/ptolemy/actor/lib/test/auto/Minimum.xml (RunModel)" time="0.014" />
  <testcase classname="ptolemy.util.test.junit.AutoTests" name="[226] /home/travis/build/icyphy/ptII/ptolemy/actor/lib/test/auto/MinimumComplex.xml (RunModel)" time="0.017" />
  <testcase classname="ptolemy.util.test.junit.AutoTests" name="[227] /home/travis/build/icyphy/ptII/ptolemy/actor/lib/test/auto/MinimumMultiports.xml (RunModel)" time="0.019" />
  <testcase classname="ptolemy.util.test.junit.AutoTests" name="[228] /home/travis/build/icyphy/ptII/ptolemy/actor/lib/test/auto/ModifyDate.xml (RunModel)" time="0.04" />
  <testcase classname="ptolemy.util.test.junit.AutoTests" name="[229] /home/travis/build/icyphy/ptII/ptolemy/actor/lib/test/auto/ModifyDate2.xml (RunModel)" time="0.031" />
  <testcase classname="ptolemy.util.test.junit.AutoTests" name="[230] /home/travis/build/icyphy/ptII/ptolemy/actor/lib/test/auto/MovingAverage.xml (RunModel)" time="0.013" />
  <testcase classname="ptolemy.util.test.junit.AutoTests" name="[231] /home/travis/build/icyphy/ptII/ptolemy/actor/lib/test/auto/MovingMaximum.xml (RunModel)" time="0.011" />
  <testcase classname="ptolemy.util.test.junit.AutoTests" name="[232] /home/travis/build/icyphy/ptII/ptolemy/actor/lib/test/auto/MultipleLinksToSameRelation.xml (RunModel)" time="0.008" />
  <testcase classname="ptolemy.util.test.junit.AutoTests" name="[233] /home/travis/build/icyphy/ptII/ptolemy/actor/lib/test/auto/MultipleLinksToSameRelationDE.xml (RunModel)" time="0.009" />
  <testcase classname="ptolemy.util.test.junit.AutoTests" name="[234] /home/travis/build/icyphy/ptII/ptolemy/actor/lib/test/auto/Multiplexor.xml (RunModel)" time="0.012" />
  <testcase classname="ptolemy.util.test.junit.AutoTests" name="[235] /home/travis/build/icyphy/ptII/ptolemy/actor/lib/test/auto/Multiplexor1.xml (RunModel)" time="0.013" />
  <testcase classname="ptolemy.util.test.junit.AutoTests" name="[236] /home/travis/build/icyphy/ptII/ptolemy/actor/lib/test/auto/Multiplexor2.xml (RunModel)" time="0.013" />
  <testcase classname="ptolemy.util.test.junit.AutoTests" name="[237] /home/travis/build/icyphy/ptII/ptolemy/actor/lib/test/auto/Multiplexor3.xml (RunModel)" time="0.008" />
  <testcase classname="ptolemy.util.test.junit.AutoTests" name="[238] /home/travis/build/icyphy/ptII/ptolemy/actor/lib/test/auto/MultiplexorDE.xml (RunModel)" time="0.018" />
  <testcase classname="ptolemy.util.test.junit.AutoTests" name="[239] /home/travis/build/icyphy/ptII/ptolemy/actor/lib/test/auto/MultiportBroadcastTest.xml (RunModel)" time="0.1" />
  <testcase classname="ptolemy.util.test.junit.AutoTests" name="[240] /home/travis/build/icyphy/ptII/ptolemy/actor/lib/test/auto/MultiportOutHangDuringGetWidth.xml (RunModel)" time="0.042" />
  <testcase classname="ptolemy.util.test.junit.AutoTests" name="[241] /home/travis/build/icyphy/ptII/ptolemy/actor/lib/test/auto/NilToken.xml (RunModel)" time="0.016" />
  <testcase classname="ptolemy.util.test.junit.AutoTests" name="[242] /home/travis/build/icyphy/ptII/ptolemy/actor/lib/test/auto/NilTokenNonStrictTest.xml (RunModel)" time="0.013" />
  <testcase classname="ptolemy.util.test.junit.AutoTests" name="[243] /home/travis/build/icyphy/ptII/ptolemy/actor/lib/test/auto/NilTokenRecord.xml (RunModel)" time="0.03" />
  <testcase classname="ptolemy.util.test.junit.AutoTests" name="[244] /home/travis/build/icyphy/ptII/ptolemy/actor/lib/test/auto/NilTokenTypeTest.xml (RunModel)" time="0.04" />
  <testcase classname="ptolemy.util.test.junit.AutoTests" name="[245] /home/travis/build/icyphy/ptII/ptolemy/actor/lib/test/auto/ObjectToken1.xml (RunModel)" time="0.01" />
  <testcase classname="ptolemy.util.test.junit.AutoTests" name="[246] /home/travis/build/icyphy/ptII/ptolemy/actor/lib/test/auto/OrderedMerge.xml (RunModel)" time="0.019" />
  <testcase classname="ptolemy.util.test.junit.AutoTests" name="[247] /home/travis/build/icyphy/ptII/ptolemy/actor/lib/test/auto/OrderedRecordDisassembler.xml (RunModel)" time="0.024" />
  <testcase classname="ptolemy.util.test.junit.AutoTests" name="[248] /home/travis/build/icyphy/ptII/ptolemy/actor/lib/test/auto/OrderedRecordDisassembler2.xml (RunModel)" time="0.023" />
  <testcase classname="ptolemy.util.test.junit.AutoTests" name="[249] /home/travis/build/icyphy/ptII/ptolemy/actor/lib/test/auto/OrderedRecordUpdater.xml (RunModel)" time="0.011" />
  <testcase classname="ptolemy.util.test.junit.AutoTests" name="[250] /home/travis/build/icyphy/ptII/ptolemy/actor/lib/test/auto/OrderedRecordUpdater2.xml (RunModel)" time="0.02" />
  <testcase classname="ptolemy.util.test.junit.AutoTests" name="[251] /home/travis/build/icyphy/ptII/ptolemy/actor/lib/test/auto/PhaseUnwrap.xml (RunModel)" time="0.013" />
  <testcase classname="ptolemy.util.test.junit.AutoTests" name="[252] /home/travis/build/icyphy/ptII/ptolemy/actor/lib/test/auto/PoissonClock.xml (RunModel)" time="0.014" />
  <testcase classname="ptolemy.util.test.junit.AutoTests" name="[253] /home/travis/build/icyphy/ptII/ptolemy/actor/lib/test/auto/PoissonClock2.xml (RunModel)" time="0.008" />
  <testcase classname="ptolemy.util.test.junit.AutoTests" name="[254] /home/travis/build/icyphy/ptII/ptolemy/actor/lib/test/auto/PoissonClock3.xml (RunModel)" time="0.015" />
  <testcase classname="ptolemy.util.test.junit.AutoTests" name="[255] /home/travis/build/icyphy/ptII/ptolemy/actor/lib/test/auto/PubSubWithInitialTokens.xml (RunModel)" time="0.018" />
  <testcase classname="ptolemy.util.test.junit.AutoTests" name="[256] /home/travis/build/icyphy/ptII/ptolemy/actor/lib/test/auto/PubSubWithInitialTokens2.xml (RunModel)" time="0.015" />
  <testcase classname="ptolemy.util.test.junit.AutoTests" name="[257] /home/travis/build/icyphy/ptII/ptolemy/actor/lib/test/auto/PublisherClassNoParameter.xml (RunModel)" time="0.028" />
  <testcase classname="ptolemy.util.test.junit.AutoTests" name="[258] /home/travis/build/icyphy/ptII/ptolemy/actor/lib/test/auto/PublisherClassParameter.xml (RunModel)" time="0.025" />
  <testcase classname="ptolemy.util.test.junit.AutoTests" name="[259] /home/travis/build/icyphy/ptII/ptolemy/actor/lib/test/auto/PublisherNonStrictTest.xml (RunModel)" time="0.016" />
  <testcase classname="ptolemy.util.test.junit.AutoTests" name="[260] /home/travis/build/icyphy/ptII/ptolemy/actor/lib/test/auto/PublisherPort1.xml (RunModel)" time="0.012" />
  <testcase classname="ptolemy.util.test.junit.AutoTests" name="[261] /home/travis/build/icyphy/ptII/ptolemy/actor/lib/test/auto/PublisherPort2.xml (RunModel)" time="0.021" />
  <testcase classname="ptolemy.util.test.junit.AutoTests" name="[262] /home/travis/build/icyphy/ptII/ptolemy/actor/lib/test/auto/PublisherPort3.xml (RunModel)" time="0.016" />
  <testcase classname="ptolemy.util.test.junit.AutoTests" name="[263] /home/travis/build/icyphy/ptII/ptolemy/actor/lib/test/auto/PublisherPort4.xml (RunModel)" time="0.012" />
  <testcase classname="ptolemy.util.test.junit.AutoTests" name="[264] /home/travis/build/icyphy/ptII/ptolemy/actor/lib/test/auto/PublisherPort5.xml (RunModel)" time="0.016" />
  <testcase classname="ptolemy.util.test.junit.AutoTests" name="[265] /home/travis/build/icyphy/ptII/ptolemy/actor/lib/test/auto/PublisherPort5LookAlike.xml (RunModel)" time="0.02" />
  <testcase classname="ptolemy.util.test.junit.AutoTests" name="[266] /home/travis/build/icyphy/ptII/ptolemy/actor/lib/test/auto/PublisherPort6.xml (RunModel)" time="0.014" />
  <testcase classname="ptolemy.util.test.junit.AutoTests" name="[267] /home/travis/build/icyphy/ptII/ptolemy/actor/lib/test/auto/PublisherPort7.xml (RunModel)" time="0.018" />
  <testcase classname="ptolemy.util.test.junit.AutoTests" name="[268] /home/travis/build/icyphy/ptII/ptolemy/actor/lib/test/auto/PublisherPort8.xml (RunModel)" time="0.018" />
  <testcase classname="ptolemy.util.test.junit.AutoTests" name="[269] /home/travis/build/icyphy/ptII/ptolemy/actor/lib/test/auto/PublisherPortSubscriberChannelVariablesAOC2.xml (RunModel)" time="0.038" />
  <testcase classname="ptolemy.util.test.junit.AutoTests" name="[270] /home/travis/build/icyphy/ptII/ptolemy/actor/lib/test/auto/PublisherPortSubscriberOpaqueWidthInference.xml (RunModel)" time="0.017" />
  <testcase classname="ptolemy.util.test.junit.AutoTests" name="[271] /home/travis/build/icyphy/ptII/ptolemy/actor/lib/test/auto/PublisherPortSubscriberPortAdjacent.xml (RunModel)" time="0.022" />
  <testcase classname="ptolemy.util.test.junit.AutoTests" name="[272] /home/travis/build/icyphy/ptII/ptolemy/actor/lib/test/auto/PublisherPortSubscriberPortExpression.xml (RunModel)" time="0.019" />
  <testcase classname="ptolemy.util.test.junit.AutoTests" name="[273] /home/travis/build/icyphy/ptII/ptolemy/actor/lib/test/auto/PublisherPortSubscriberPortOpaqueD3Reverse.xml (RunModel)" time="0.022" />
  <testcase classname="ptolemy.util.test.junit.AutoTests" name="[274] /home/travis/build/icyphy/ptII/ptolemy/actor/lib/test/auto/PublisherPortSubscriberPortOpaqueWidthInference.xml (RunModel)" time="0.018" />
  <testcase classname="ptolemy.util.test.junit.AutoTests" name="[275] /home/travis/build/icyphy/ptII/ptolemy/actor/lib/test/auto/PublisherPortToplevelSubscriberPortAOC.xml (RunModel)" time="0.02" />
  <testcase classname="ptolemy.util.test.junit.AutoTests" name="[276] /home/travis/build/icyphy/ptII/ptolemy/actor/lib/test/auto/PublisherSubscriber.xml (RunModel)" time="0.023" />
  <testcase classname="ptolemy.util.test.junit.AutoTests" name="[277] /home/travis/build/icyphy/ptII/ptolemy/actor/lib/test/auto/PublisherSubscriber10.xml (RunModel)" time="0.023" />
  <testcase classname="ptolemy.util.test.junit.AutoTests" name="[278] /home/travis/build/icyphy/ptII/ptolemy/actor/lib/test/auto/PublisherSubscriber10InitialOutputs.xml (RunModel)" time="0.021" />
  <testcase classname="ptolemy.util.test.junit.AutoTests" name="[279] /home/travis/build/icyphy/ptII/ptolemy/actor/lib/test/auto/PublisherSubscriber11.xml (RunModel)" time="0.013" />
  <testcase classname="ptolemy.util.test.junit.AutoTests" name="[280] /home/travis/build/icyphy/ptII/ptolemy/actor/lib/test/auto/PublisherSubscriber12.xml (RunModel)" time="0.014" />
  <testcase classname="ptolemy.util.test.junit.AutoTests" name="[281] /home/travis/build/icyphy/ptII/ptolemy/actor/lib/test/auto/PublisherSubscriber13.xml (RunModel)" time="0.012" />
  <testcase classname="ptolemy.util.test.junit.AutoTests" name="[282] /home/travis/build/icyphy/ptII/ptolemy/actor/lib/test/auto/PublisherSubscriber14.xml (RunModel)" time="0.02" />
  <testcase classname="ptolemy.util.test.junit.AutoTests" name="[283] /home/travis/build/icyphy/ptII/ptolemy/actor/lib/test/auto/PublisherSubscriber2.xml (RunModel)" time="0.011" />
  <testcase classname="ptolemy.util.test.junit.AutoTests" name="[284] /home/travis/build/icyphy/ptII/ptolemy/actor/lib/test/auto/PublisherSubscriber3.xml (RunModel)" time="0.011" />
  <testcase classname="ptolemy.util.test.junit.AutoTests" name="[285] /home/travis/build/icyphy/ptII/ptolemy/actor/lib/test/auto/PublisherSubscriber4.xml (RunModel)" time="0.01" />
  <testcase classname="ptolemy.util.test.junit.AutoTests" name="[286] /home/travis/build/icyphy/ptII/ptolemy/actor/lib/test/auto/PublisherSubscriber5.xml (RunModel)" time="0.014" />
  <testcase classname="ptolemy.util.test.junit.AutoTests" name="[287] /home/travis/build/icyphy/ptII/ptolemy/actor/lib/test/auto/PublisherSubscriber6.xml (RunModel)" time="0.014" />
  <testcase classname="ptolemy.util.test.junit.AutoTests" name="[288] /home/travis/build/icyphy/ptII/ptolemy/actor/lib/test/auto/PublisherSubscriber7.xml (RunModel)" time="0.015" />
  <testcase classname="ptolemy.util.test.junit.AutoTests" name="[289] /home/travis/build/icyphy/ptII/ptolemy/actor/lib/test/auto/PublisherSubscriber8.xml (RunModel)" time="0.029" />
  <testcase classname="ptolemy.util.test.junit.AutoTests" name="[290] /home/travis/build/icyphy/ptII/ptolemy/actor/lib/test/auto/PublisherSubscriber9.xml (RunModel)" time="0.02" />
  <testcase classname="ptolemy.util.test.junit.AutoTests" name="[291] /home/travis/build/icyphy/ptII/ptolemy/actor/lib/test/auto/PublisherSubscriberAdjacent.xml (RunModel)" time="0.019" />
  <testcase classname="ptolemy.util.test.junit.AutoTests" name="[292] /home/travis/build/icyphy/ptII/ptolemy/actor/lib/test/auto/PublisherSubscriberChannelVariablesAOC2.xml (RunModel)" time="0.03" />
  <testcase classname="ptolemy.util.test.junit.AutoTests" name="[293] /home/travis/build/icyphy/ptII/ptolemy/actor/lib/test/auto/PublisherSubscriberD3.xml (RunModel)" time="0.016" />
  <testcase classname="ptolemy.util.test.junit.AutoTests" name="[294] /home/travis/build/icyphy/ptII/ptolemy/actor/lib/test/auto/PublisherSubscriberD3Reverse.xml (RunModel)" time="0.013" />
  <testcase classname="ptolemy.util.test.junit.AutoTests" name="[295] /home/travis/build/icyphy/ptII/ptolemy/actor/lib/test/auto/PublisherSubscriberExpression.xml (RunModel)" time="0.019" />
  <testcase classname="ptolemy.util.test.junit.AutoTests" name="[296] /home/travis/build/icyphy/ptII/ptolemy/actor/lib/test/auto/PublisherSubscriberOpaque.xml (RunModel)" time="0.022" />
  <testcase classname="ptolemy.util.test.junit.AutoTests" name="[297] /home/travis/build/icyphy/ptII/ptolemy/actor/lib/test/auto/PublisherSubscriberOpaqueD3.xml (RunModel)" time="0.026" />
  <testcase classname="ptolemy.util.test.junit.AutoTests" name="[298] /home/travis/build/icyphy/ptII/ptolemy/actor/lib/test/auto/PublisherSubscriberOpaqueD3Reverse.xml (RunModel)" time="0.024" />
  <testcase classname="ptolemy.util.test.junit.AutoTests" name="[299] /home/travis/build/icyphy/ptII/ptolemy/actor/lib/test/auto/PublisherSubscriberOpaqueWidthInference.xml (RunModel)" time="0.021" />
  <testcase classname="ptolemy.util.test.junit.AutoTests" name="[300] /home/travis/build/icyphy/ptII/ptolemy/actor/lib/test/auto/PublisherTestSubscriber.xml (RunModel)" time="0.019" />
  <testcase classname="ptolemy.util.test.junit.AutoTests" name="[301] /home/travis/build/icyphy/ptII/ptolemy/actor/lib/test/auto/PublisherToplevelSubscriberPortAOC.xml (RunModel)" time="0.018" />
  <testcase classname="ptolemy.util.test.junit.AutoTests" name="[302] /home/travis/build/icyphy/ptII/ptolemy/actor/lib/test/auto/PulseFiringLimitDE.xml (RunModel)" time="0.016" />
  <testcase classname="ptolemy.util.test.junit.AutoTests" name="[303] /home/travis/build/icyphy/ptII/ptolemy/actor/lib/test/auto/Ramp1.xml (RunModel)" time="0.009" />
  <testcase classname="ptolemy.util.test.junit.AutoTests" name="[304] /home/travis/build/icyphy/ptII/ptolemy/actor/lib/test/auto/RampFiringLimitDE.xml (RunModel)" time="0.015" />
  <testcase classname="ptolemy.util.test.junit.AutoTests" name="[305] /home/travis/build/icyphy/ptII/ptolemy/actor/lib/test/auto/RampFiringLimitSDF.xml (RunModel)" time="0.013" />
  <testcase classname="ptolemy.util.test.junit.AutoTests" name="[306] /home/travis/build/icyphy/ptII/ptolemy/actor/lib/test/auto/RandomInteger.xml (RunModel)" time="0.01" />
  <testcase classname="ptolemy.util.test.junit.AutoTests" name="[307] /home/travis/build/icyphy/ptII/ptolemy/actor/lib/test/auto/ReadFile1.xml (RunModel)" time="0.011" />
  <testcase classname="ptolemy.util.test.junit.AutoTests" name="[308] /home/travis/build/icyphy/ptII/ptolemy/actor/lib/test/auto/ReadFile2.xml (RunModel)" time="0.01" />
  <testcase classname="ptolemy.util.test.junit.AutoTests" name="[309] /home/travis/build/icyphy/ptII/ptolemy/actor/lib/test/auto/Reader.xml (RunModel)" time="0.011" />
  <testcase classname="ptolemy.util.test.junit.AutoTests" name="[310] /home/travis/build/icyphy/ptII/ptolemy/actor/lib/test/auto/RecordAssemblerDisplayNameTest.xml (RunModel)" time="3.658" />
  <testcase classname="ptolemy.util.test.junit.AutoTests" name="[311] /home/travis/build/icyphy/ptII/ptolemy/actor/lib/test/auto/RecordAssemblerTypeError.xml (RunModel)" time="0.037" />
  <testcase classname="ptolemy.util.test.junit.AutoTests" name="[312] /home/travis/build/icyphy/ptII/ptolemy/actor/lib/test/auto/RecordDisassember.xml (RunModel)" time="0.015" />
  <testcase classname="ptolemy.util.test.junit.AutoTests" name="[313] /home/travis/build/icyphy/ptII/ptolemy/actor/lib/test/auto/RecordDisassemberDisplayNameTest.xml (RunModel)" time="0.021" />
  <testcase classname="ptolemy.util.test.junit.AutoTests" name="[314] /home/travis/build/icyphy/ptII/ptolemy/actor/lib/test/auto/RecordDisassembler.xml (RunModel)" time="0.011" />
  <testcase classname="ptolemy.util.test.junit.AutoTests" name="[315] /home/travis/build/icyphy/ptII/ptolemy/actor/lib/test/auto/RecordDisassembler2.xml (RunModel)" time="0.012" />
  <testcase classname="ptolemy.util.test.junit.AutoTests" name="[316] /home/travis/build/icyphy/ptII/ptolemy/actor/lib/test/auto/RecordUpdater.xml (RunModel)" time="0.011" />
  <testcase classname="ptolemy.util.test.junit.AutoTests" name="[317] /home/travis/build/icyphy/ptII/ptolemy/actor/lib/test/auto/RecordUpdater2.xml (RunModel)" time="0.011" />
  <testcase classname="ptolemy.util.test.junit.AutoTests" name="[318] /home/travis/build/icyphy/ptII/ptolemy/actor/lib/test/auto/RecursiveLattice.xml (RunModel)" time="0.009" />
  <testcase classname="ptolemy.util.test.junit.AutoTests" name="[319] /home/travis/build/icyphy/ptII/ptolemy/actor/lib/test/auto/Router.xml (RunModel)" time="3.025" />
  <testcase classname="ptolemy.util.test.junit.AutoTests" name="[320] /home/travis/build/icyphy/ptII/ptolemy/actor/lib/test/auto/Router2.xml (RunModel)" time="3.03" />
  <testcase classname="ptolemy.util.test.junit.AutoTests" name="[321] /home/travis/build/icyphy/ptII/ptolemy/actor/lib/test/auto/RunningMaximum.xml (RunModel)" time="0.018" />
  <testcase classname="ptolemy.util.test.junit.AutoTests" name="[322] /home/travis/build/icyphy/ptII/ptolemy/actor/lib/test/auto/RunningMinimum.xml (RunModel)" time="0.012" />
  <testcase classname="ptolemy.util.test.junit.AutoTests" name="[323] /home/travis/build/icyphy/ptII/ptolemy/actor/lib/test/auto/Scale.xml (RunModel)" time="0.01" />
  <testcase classname="ptolemy.util.test.junit.AutoTests" name="[324] /home/travis/build/icyphy/ptII/ptolemy/actor/lib/test/auto/Scale2.xml (RunModel)" time="0.012" />
  <testcase classname="ptolemy.util.test.junit.AutoTests" name="[325] /home/travis/build/icyphy/ptII/ptolemy/actor/lib/test/auto/Scale3.xml (RunModel)" time="0.017" />
  <testcase classname="ptolemy.util.test.junit.AutoTests" name="[326] /home/travis/build/icyphy/ptII/ptolemy/actor/lib/test/auto/ScaleArray.xml (RunModel)" time="0.009" />
  <testcase classname="ptolemy.util.test.junit.AutoTests" name="[327] /home/travis/build/icyphy/ptII/ptolemy/actor/lib/test/auto/ScaleArray2.xml (RunModel)" time="0.01" />
  <testcase classname="ptolemy.util.test.junit.AutoTests" name="[328] /home/travis/build/icyphy/ptII/ptolemy/actor/lib/test/auto/ScaleMatrix.xml (RunModel)" time="0.117" />
  <testcase classname="ptolemy.util.test.junit.AutoTests" name="[329] /home/travis/build/icyphy/ptII/ptolemy/actor/lib/test/auto/Select.xml (RunModel)" time="0.013" />
  <testcase classname="ptolemy.util.test.junit.AutoTests" name="[330] /home/travis/build/icyphy/ptII/ptolemy/actor/lib/test/auto/Select2.xml (RunModel)" time="0.008" />
  <testcase classname="ptolemy.util.test.junit.AutoTests" name="[331] /home/travis/build/icyphy/ptII/ptolemy/actor/lib/test/auto/SequenceToArray2.xml (RunModel)" time="0.115" />
  <testcase classname="ptolemy.util.test.junit.AutoTests" name="[332] /home/travis/build/icyphy/ptII/ptolemy/actor/lib/test/auto/SequentialClock.xml (RunModel)" time="0.009" />
  <testcase classname="ptolemy.util.test.junit.AutoTests" name="[333] /home/travis/build/icyphy/ptII/ptolemy/actor/lib/test/auto/SetVariable.xml (RunModel)" time="0.015" />
  <testcase classname="ptolemy.util.test.junit.AutoTests" name="[334] /home/travis/build/icyphy/ptII/ptolemy/actor/lib/test/auto/SetVariable2.xml (RunModel)" time="0.013" />
  <testcase classname="ptolemy.util.test.junit.AutoTests" name="[335] /home/travis/build/icyphy/ptII/ptolemy/actor/lib/test/auto/SetVariable3.xml (RunModel)" time="0.018" />
  <testcase classname="ptolemy.util.test.junit.AutoTests" name="[336] /home/travis/build/icyphy/ptII/ptolemy/actor/lib/test/auto/SetVariable4.xml (RunModel)" time="0.026" />
  <testcase classname="ptolemy.util.test.junit.AutoTests" name="[337] /home/travis/build/icyphy/ptII/ptolemy/actor/lib/test/auto/SetVariable5.xml (RunModel)" time="0.037" />
  <testcase classname="ptolemy.util.test.junit.AutoTests" name="[338] /home/travis/build/icyphy/ptII/ptolemy/actor/lib/test/auto/Sinewave.xml (RunModel)" time="0.029" />
  <testcase classname="ptolemy.util.test.junit.AutoTests" name="[339] /home/travis/build/icyphy/ptII/ptolemy/actor/lib/test/auto/Sinewave2.xml (RunModel)" time="0.019" />
  <testcase classname="ptolemy.util.test.junit.AutoTests" name="[340] /home/travis/build/icyphy/ptII/ptolemy/actor/lib/test/auto/Sinewave3.xml (RunModel)" time="0.022" />
  <testcase classname="ptolemy.util.test.junit.AutoTests" name="[341] /home/travis/build/icyphy/ptII/ptolemy/actor/lib/test/auto/SingleEvent.xml (RunModel)" time="0.007" />
  <testcase classname="ptolemy.util.test.junit.AutoTests" name="[342] /home/travis/build/icyphy/ptII/ptolemy/actor/lib/test/auto/Sleep.xml (RunModel)" time="6.015" />
  <testcase classname="ptolemy.util.test.junit.AutoTests" name="[343] /home/travis/build/icyphy/ptII/ptolemy/actor/lib/test/auto/SleepMultipleFire.xml (RunModel)" time="1.019" />
  <testcase classname="ptolemy.util.test.junit.AutoTests" name="[344] /home/travis/build/icyphy/ptII/ptolemy/actor/lib/test/auto/StopDE.xml (RunModel)" time="0.014" />
  <testcase classname="ptolemy.util.test.junit.AutoTests" name="[345] /home/travis/build/icyphy/ptII/ptolemy/actor/lib/test/auto/StopSDF.xml (RunModel)" time="0.012" />
  <testcase classname="ptolemy.util.test.junit.AutoTests" name="[346] /home/travis/build/icyphy/ptII/ptolemy/actor/lib/test/auto/StringConstant.xml (RunModel)" time="0.009" />
  <testcase classname="ptolemy.util.test.junit.AutoTests" name="[347] /home/travis/build/icyphy/ptII/ptolemy/actor/lib/test/auto/SubscriberPortInitialValues1.xml (RunModel)" time="0.018" />
  <testcase classname="ptolemy.util.test.junit.AutoTests" name="[348] /home/travis/build/icyphy/ptII/ptolemy/actor/lib/test/auto/SubscriberPortInitialValues13.xml (RunModel)" time="0.024" />
  <testcase classname="ptolemy.util.test.junit.AutoTests" name="[349] /home/travis/build/icyphy/ptII/ptolemy/actor/lib/test/auto/SubscriberPortInitialValues14.xml (RunModel)" time="0.015" />
  <testcase classname="ptolemy.util.test.junit.AutoTests" name="[350] /home/travis/build/icyphy/ptII/ptolemy/actor/lib/test/auto/SubscriberPortInitialValues2.xml (RunModel)" time="0.017" />
  <testcase classname="ptolemy.util.test.junit.AutoTests" name="[351] /home/travis/build/icyphy/ptII/ptolemy/actor/lib/test/auto/SubscriberPortInitialValues3.xml (RunModel)" time="0.021" />
  <testcase classname="ptolemy.util.test.junit.AutoTests" name="[352] /home/travis/build/icyphy/ptII/ptolemy/actor/lib/test/auto/SubscriptionAggregator.xml (RunModel)" time="0.011" />
  <testcase classname="ptolemy.util.test.junit.AutoTests" name="[353] /home/travis/build/icyphy/ptII/ptolemy/actor/lib/test/auto/SubscriptionAggregator2.xml (RunModel)" time="0.012" />
  <testcase classname="ptolemy.util.test.junit.AutoTests" name="[354] /home/travis/build/icyphy/ptII/ptolemy/actor/lib/test/auto/SubscriptionAggregator3.xml (RunModel)" time="0.017" />
  <testcase classname="ptolemy.util.test.junit.AutoTests" name="[355] /home/travis/build/icyphy/ptII/ptolemy/actor/lib/test/auto/SubscriptionAggregatorMultiply.xml (RunModel)" time="0.016" />
  <testcase classname="ptolemy.util.test.junit.AutoTests" name="[356] /home/travis/build/icyphy/ptII/ptolemy/actor/lib/test/auto/SubscriptionAggregatorPortMultiply1.xml (RunModel)" time="0.014" />
  <testcase classname="ptolemy.util.test.junit.AutoTests" name="[357] /home/travis/build/icyphy/ptII/ptolemy/actor/lib/test/auto/Switch.xml (RunModel)" time="0.02" />
  <testcase classname="ptolemy.util.test.junit.AutoTests" name="[358] /home/travis/build/icyphy/ptII/ptolemy/actor/lib/test/auto/Switch2.xml (RunModel)" time="0.018" />
  <testcase classname="ptolemy.util.test.junit.AutoTests" name="[359] /home/travis/build/icyphy/ptII/ptolemy/actor/lib/test/auto/SwitchDE.xml (RunModel)" time="0.013" />
  <testcase classname="ptolemy.util.test.junit.AutoTests" name="[360] /home/travis/build/icyphy/ptII/ptolemy/actor/lib/test/auto/SynchronizerDE.xml (RunModel)" time="0.021" />
  <testcase classname="ptolemy.util.test.junit.AutoTests" name="[361] /home/travis/build/icyphy/ptII/ptolemy/actor/lib/test/auto/Test.xml (RunModel)" time="0.009" />
  <testcase classname="ptolemy.util.test.junit.AutoTests" name="[362] /home/travis/build/icyphy/ptII/ptolemy/actor/lib/test/auto/TestExceptionAttribute1.xml (RunModel)" time="0.009" />
  <testcase classname="ptolemy.util.test.junit.AutoTests" name="[363] /home/travis/build/icyphy/ptII/ptolemy/actor/lib/test/auto/TestExceptionAttribute2.xml (RunModel)" time="0.007" />
  <testcase classname="ptolemy.util.test.junit.AutoTests" name="[364] /home/travis/build/icyphy/ptII/ptolemy/actor/lib/test/auto/TestExceptionAttribute3.xml (RunModel)" time="0.005" />
  <testcase classname="ptolemy.util.test.junit.AutoTests" name="[365] /home/travis/build/icyphy/ptII/ptolemy/actor/lib/test/auto/TestExceptionAttribute4.xml (RunModel)" time="0.006" />
  <testcase classname="ptolemy.util.test.junit.AutoTests" name="[366] /home/travis/build/icyphy/ptII/ptolemy/actor/lib/test/auto/TestExceptionHandler1.xml (RunModel)" time="0.005" />
  <testcase classname="ptolemy.util.test.junit.AutoTests" name="[367] /home/travis/build/icyphy/ptII/ptolemy/actor/lib/test/auto/TestExceptionHandler2.xml (RunModel)" time="0.012" />
  <testcase classname="ptolemy.util.test.junit.AutoTests" name="[368] /home/travis/build/icyphy/ptII/ptolemy/actor/lib/test/auto/TestExceptionHandler3.xml (RunModel)" time="0.01" />
  <testcase classname="ptolemy.util.test.junit.AutoTests" name="[369] /home/travis/build/icyphy/ptII/ptolemy/actor/lib/test/auto/TestExceptionHandler4.xml (RunModel)" time="0.006" />
  <testcase classname="ptolemy.util.test.junit.AutoTests" name="[370] /home/travis/build/icyphy/ptII/ptolemy/actor/lib/test/auto/TestRequireCorrectOrder.xml (RunModel)" time="0.01" />
  <testcase classname="ptolemy.util.test.junit.AutoTests" name="[371] /home/travis/build/icyphy/ptII/ptolemy/actor/lib/test/auto/TestSimple.xml (RunModel)" time="0.007" />
  <testcase classname="ptolemy.util.test.junit.AutoTests" name="[372] /home/travis/build/icyphy/ptII/ptolemy/actor/lib/test/auto/ThrowModelError.xml (RunModel)" time="0.01" />
  <testcase classname="ptolemy.util.test.junit.AutoTests" name="[373] /home/travis/build/icyphy/ptII/ptolemy/actor/lib/test/auto/TimeDelayMicrosteps.xml (RunModel)" time="0.014" />
  <testcase classname="ptolemy.util.test.junit.AutoTests" name="[374] /home/travis/build/icyphy/ptII/ptolemy/actor/lib/test/auto/TimeDelayMicrosteps2.xml (RunModel)" time="0.015" />
  <testcase classname="ptolemy.util.test.junit.AutoTests" name="[375] /home/travis/build/icyphy/ptII/ptolemy/actor/lib/test/auto/TimeDelayMicrosteps3.xml (RunModel)" time="0.013" />
  <testcase classname="ptolemy.util.test.junit.AutoTests" name="[376] /home/travis/build/icyphy/ptII/ptolemy/actor/lib/test/auto/TimeDelayVariableMicrosteps.xml (RunModel)" time="0.014" />
  <testcase classname="ptolemy.util.test.junit.AutoTests" name="[377] /home/travis/build/icyphy/ptII/ptolemy/actor/lib/test/auto/TimeGap.xml (RunModel)" time="0.016" />
  <testcase classname="ptolemy.util.test.junit.AutoTests" name="[378] /home/travis/build/icyphy/ptII/ptolemy/actor/lib/test/auto/TimeGap2.xml (RunModel)" time="0.011" />
  <testcase classname="ptolemy.util.test.junit.AutoTests" name="[379] /home/travis/build/icyphy/ptII/ptolemy/actor/lib/test/auto/TimedSinewave.xml (RunModel)" time="0.073" />
  <testcase classname="ptolemy.util.test.junit.AutoTests" name="[380] /home/travis/build/icyphy/ptII/ptolemy/actor/lib/test/auto/TimedSinewavePhase.xml (RunModel)" time="0.029" />
  <testcase classname="ptolemy.util.test.junit.AutoTests" name="[381] /home/travis/build/icyphy/ptII/ptolemy/actor/lib/test/auto/Timer.xml (RunModel)" time="0.012" />
  <testcase classname="ptolemy.util.test.junit.AutoTests" name="[382] /home/travis/build/icyphy/ptII/ptolemy/actor/lib/test/auto/TriangularDistTestModel.xml (RunModel)" time="0.014" />
  <testcase classname="ptolemy.util.test.junit.AutoTests" name="[383] /home/travis/build/icyphy/ptII/ptolemy/actor/lib/test/auto/TrigFunction.xml (RunModel)" time="0.009" />
  <testcase classname="ptolemy.util.test.junit.AutoTests" name="[384] /home/travis/build/icyphy/ptII/ptolemy/actor/lib/test/auto/TrigFunctionDE.xml (RunModel)" time="0.012" />
  <testcase classname="ptolemy.util.test.junit.AutoTests" name="[385] /home/travis/build/icyphy/ptII/ptolemy/actor/lib/test/auto/TrigFunctionInverse.xml (RunModel)" time="0.01" />
  <testcase classname="ptolemy.util.test.junit.AutoTests" name="[386] /home/travis/build/icyphy/ptII/ptolemy/actor/lib/test/auto/TrigFunctionTan.xml (RunModel)" time="0.006" />
  <testcase classname="ptolemy.util.test.junit.AutoTests" name="[387] /home/travis/build/icyphy/ptII/ptolemy/actor/lib/test/auto/TriggeredClock.xml (RunModel)" time="0.008" />
  <testcase classname="ptolemy.util.test.junit.AutoTests" name="[388] /home/travis/build/icyphy/ptII/ptolemy/actor/lib/test/auto/URLDirectoryReader.xml (RunModel)" time="0.097" />
  <testcase classname="ptolemy.util.test.junit.AutoTests" name="[389] /home/travis/build/icyphy/ptII/ptolemy/actor/lib/test/auto/URLDirectoryReader3.xml (RunModel)" time="1.343" />
  <testcase classname="ptolemy.util.test.junit.AutoTests" name="[390] /home/travis/build/icyphy/ptII/ptolemy/actor/lib/test/auto/UnaryMathFunction.xml (RunModel)" time="0.049" />
  <testcase classname="ptolemy.util.test.junit.AutoTests" name="[391] /home/travis/build/icyphy/ptII/ptolemy/actor/lib/test/auto/Uniform.xml (RunModel)" time="0.046" />
  <testcase classname="ptolemy.util.test.junit.AutoTests" name="[392] /home/travis/build/icyphy/ptII/ptolemy/actor/lib/test/auto/UnionDisassemblerTest.xml (RunModel)" time="0.035" />
  <testcase classname="ptolemy.util.test.junit.AutoTests" name="[393] /home/travis/build/icyphy/ptII/ptolemy/actor/lib/test/auto/UtilityFunctions.xml (RunModel)" time="0.031" />
  <testcase classname="ptolemy.util.test.junit.AutoTests" name="[394] /home/travis/build/icyphy/ptII/ptolemy/actor/lib/test/auto/VariableSleep.xml (RunModel)" time="0.537" />
  <testcase classname="ptolemy.util.test.junit.AutoTests" name="[395] /home/travis/build/icyphy/ptII/ptolemy/actor/lib/test/auto/VectorAssemblerDisassemblerCT.xml (RunModel)" time="0.135" />
  <testcase classname="ptolemy.util.test.junit.AutoTests" name="[396] /home/travis/build/icyphy/ptII/ptolemy/actor/lib/test/auto/VectorAssemblerDisassemblerDE.xml (RunModel)" time="0.018" />
  <testcase classname="ptolemy.util.test.junit.AutoTests" name="[397] /home/travis/build/icyphy/ptII/ptolemy/actor/lib/test/auto/VectorAssemblerDisassemblerSDF.xml (RunModel)" time="0.017" />
  <testcase classname="ptolemy.util.test.junit.AutoTests" name="[398] /home/travis/build/icyphy/ptII/ptolemy/actor/lib/test/auto/WallClockTime.xml (RunModel)" time="1.022" />
  <testcase classname="ptolemy.util.test.junit.AutoTests" name="[399] /home/travis/build/icyphy/ptII/ptolemy/actor/lib/test/auto/WidthTestWithSubscriberPublisher.xml (RunModel)" time="0.097" />
  <testcase classname="ptolemy.util.test.junit.AutoTests" name="[400] /home/travis/build/icyphy/ptII/ptolemy/actor/lib/test/auto/WidthTestWithSubscriberPublisher2.xml (RunModel)" time="0.014" />
  <testcase classname="ptolemy.util.test.junit.AutoTests" name="[401] /home/travis/build/icyphy/ptII/ptolemy/actor/lib/test/auto/WidthTestWithSubscriberPublisher3.xml (RunModel)" time="0.011" />
  <testcase classname="ptolemy.util.test.junit.AutoTests" name="[402] /home/travis/build/icyphy/ptII/ptolemy/actor/lib/test/auto/Writer.xml (RunModel)" time="0.007" />
  <testcase classname="ptolemy.util.test.junit.AutoTests" name="[403] /home/travis/build/icyphy/ptII/ptolemy/actor/lib/test/auto/array.xml (RunModel)" time="0.009" />
  <testcase classname="ptolemy.util.test.junit.AutoTests" name="[404] /home/travis/build/icyphy/ptII/ptolemy/actor/lib/test/auto/array2.xml (RunModel)" time="0.01" />
  <testcase classname="ptolemy.util.test.junit.AutoTests" name="[405] /home/travis/build/icyphy/ptII/ptolemy/actor/lib/test/auto/arrayType.xml (RunModel)" time="0.013" />
  <testcase classname="ptolemy.util.test.junit.AutoTests" name="[406] /home/travis/build/icyphy/ptII/ptolemy/actor/lib/test/auto/arrayType10.xml (RunModel)" time="0.011" />
  <testcase classname="ptolemy.util.test.junit.AutoTests" name="[407] /home/travis/build/icyphy/ptII/ptolemy/actor/lib/test/auto/arrayType11.xml (RunModel)" time="0.009" />
  <testcase classname="ptolemy.util.test.junit.AutoTests" name="[408] /home/travis/build/icyphy/ptII/ptolemy/actor/lib/test/auto/arrayType12.xml (RunModel)" time="0.01" />
  <testcase classname="ptolemy.util.test.junit.AutoTests" name="[409] /home/travis/build/icyphy/ptII/ptolemy/actor/lib/test/auto/arrayType13.xml (RunModel)" time="0.01" />
  <testcase classname="ptolemy.util.test.junit.AutoTests" name="[410] /home/travis/build/icyphy/ptII/ptolemy/actor/lib/test/auto/arrayType14.xml (RunModel)" time="0.009" />
  <testcase classname="ptolemy.util.test.junit.AutoTests" name="[411] /home/travis/build/icyphy/ptII/ptolemy/actor/lib/test/auto/arrayType15.xml (RunModel)" time="0.009" />
  <testcase classname="ptolemy.util.test.junit.AutoTests" name="[412] /home/travis/build/icyphy/ptII/ptolemy/actor/lib/test/auto/arrayType16.xml (RunModel)" time="0.01" />
  <testcase classname="ptolemy.util.test.junit.AutoTests" name="[413] /home/travis/build/icyphy/ptII/ptolemy/actor/lib/test/auto/arrayType17.xml (RunModel)" time="0.009" />
  <testcase classname="ptolemy.util.test.junit.AutoTests" name="[414] /home/travis/build/icyphy/ptII/ptolemy/actor/lib/test/auto/arrayType18.xml (RunModel)" time="0.009" />
  <testcase classname="ptolemy.util.test.junit.AutoTests" name="[415] /home/travis/build/icyphy/ptII/ptolemy/actor/lib/test/auto/arrayType19.xml (RunModel)" time="0.009" />
  <testcase classname="ptolemy.util.test.junit.AutoTests" name="[416] /home/travis/build/icyphy/ptII/ptolemy/actor/lib/test/auto/arrayType2.xml (RunModel)" time="0.01" />
  <testcase classname="ptolemy.util.test.junit.AutoTests" name="[417] /home/travis/build/icyphy/ptII/ptolemy/actor/lib/test/auto/arrayType20.xml (RunModel)" time="0.01" />
  <testcase classname="ptolemy.util.test.junit.AutoTests" name="[418] /home/travis/build/icyphy/ptII/ptolemy/actor/lib/test/auto/arrayType21.xml (RunModel)" time="0.009" />
  <testcase classname="ptolemy.util.test.junit.AutoTests" name="[419] /home/travis/build/icyphy/ptII/ptolemy/actor/lib/test/auto/arrayType22.xml (RunModel)" time="0.009" />
  <testcase classname="ptolemy.util.test.junit.AutoTests" name="[420] /home/travis/build/icyphy/ptII/ptolemy/actor/lib/test/auto/arrayType23.xml (RunModel)" time="0.009" />
  <testcase classname="ptolemy.util.test.junit.AutoTests" name="[421] /home/travis/build/icyphy/ptII/ptolemy/actor/lib/test/auto/arrayType24.xml (RunModel)" time="0.01" />
  <testcase classname="ptolemy.util.test.junit.AutoTests" name="[422] /home/travis/build/icyphy/ptII/ptolemy/actor/lib/test/auto/arrayType25.xml (RunModel)" time="0.01" />
  <testcase classname="ptolemy.util.test.junit.AutoTests" name="[423] /home/travis/build/icyphy/ptII/ptolemy/actor/lib/test/auto/arrayType26.xml (RunModel)" time="0.01" />
  <testcase classname="ptolemy.util.test.junit.AutoTests" name="[424] /home/travis/build/icyphy/ptII/ptolemy/actor/lib/test/auto/arrayType27.xml (RunModel)" time="0.009" />
  <testcase classname="ptolemy.util.test.junit.AutoTests" name="[425] /home/travis/build/icyphy/ptII/ptolemy/actor/lib/test/auto/arrayType28.xml (RunModel)" time="0.009" />
  <testcase classname="ptolemy.util.test.junit.AutoTests" name="[426] /home/travis/build/icyphy/ptII/ptolemy/actor/lib/test/auto/arrayType3.xml (RunModel)" time="0.01" />
  <testcase classname="ptolemy.util.test.junit.AutoTests" name="[427] /home/travis/build/icyphy/ptII/ptolemy/actor/lib/test/auto/arrayType4.xml (RunModel)" time="0.01" />
  <testcase classname="ptolemy.util.test.junit.AutoTests" name="[428] /home/travis/build/icyphy/ptII/ptolemy/actor/lib/test/auto/arrayType5.xml (RunModel)" time="0.01" />
  <testcase classname="ptolemy.util.test.junit.AutoTests" name="[429] /home/travis/build/icyphy/ptII/ptolemy/actor/lib/test/auto/arrayType6.xml (RunModel)" time="0.009" />
  <testcase classname="ptolemy.util.test.junit.AutoTests" name="[430] /home/travis/build/icyphy/ptII/ptolemy/actor/lib/test/auto/arrayType7.xml (RunModel)" time="0.008" />
  <testcase classname="ptolemy.util.test.junit.AutoTests" name="[431] /home/travis/build/icyphy/ptII/ptolemy/actor/lib/test/auto/arrayType8.xml (RunModel)" time="0.01" />
  <testcase classname="ptolemy.util.test.junit.AutoTests" name="[432] /home/travis/build/icyphy/ptII/ptolemy/actor/lib/test/auto/arrayType9.xml (RunModel)" time="0.009" />
  <testcase classname="ptolemy.util.test.junit.AutoTests" name="[433] /home/travis/build/icyphy/ptII/ptolemy/actor/lib/test/auto/cast.xml (RunModel)" time="0.01" />
  <testcase classname="ptolemy.util.test.junit.AutoTests" name="[434] /home/travis/build/icyphy/ptII/ptolemy/actor/lib/test/auto/compositeMultiPort.xml (RunModel)" time="0.018" />
  <testcase classname="ptolemy.util.test.junit.AutoTests" name="[435] /home/travis/build/icyphy/ptII/ptolemy/actor/lib/test/auto/expressionCastInference.xml (RunModel)" time="0.009" />
  <testcase classname="ptolemy.util.test.junit.AutoTests" name="[436] /home/travis/build/icyphy/ptII/ptolemy/actor/lib/test/auto/expressionCastInference2.xml (RunModel)" time="0.008" />
  <testcase classname="ptolemy.util.test.junit.AutoTests" name="[437] /home/travis/build/icyphy/ptII/ptolemy/actor/lib/test/auto/expressionInference.xml (RunModel)" time="0.008" />
  <testcase classname="ptolemy.util.test.junit.AutoTests" name="[438] /home/travis/build/icyphy/ptII/ptolemy/actor/lib/test/auto/expression_bug.xml (RunModel)" time="0.007" />
  <testcase classname="ptolemy.util.test.junit.AutoTests" name="[439] /home/travis/build/icyphy/ptII/ptolemy/actor/lib/test/auto/factorial.xml (RunModel)" time="0.049" />
  <testcase classname="ptolemy.util.test.junit.AutoTests" name="[440] /home/travis/build/icyphy/ptII/ptolemy/actor/lib/test/auto/filterTest1.xml (RunModel)" time="0.013" />
  <testcase classname="ptolemy.util.test.junit.AutoTests" name="[441] /home/travis/build/icyphy/ptII/ptolemy/actor/lib/test/auto/funcApplyInConst.xml (RunModel)" time="0.005" />
  <testcase classname="ptolemy.util.test.junit.AutoTests" name="[442] /home/travis/build/icyphy/ptII/ptolemy/actor/lib/test/auto/funcApplyInExpr.xml (RunModel)" time="0.005" />
  <testcase classname="ptolemy.util.test.junit.AutoTests" name="[443] /home/travis/build/icyphy/ptII/ptolemy/actor/lib/test/auto/function.xml (RunModel)" time="0.008" />
  <testcase classname="ptolemy.util.test.junit.AutoTests" name="[444] /home/travis/build/icyphy/ptII/ptolemy/actor/lib/test/auto/function2.xml (RunModel)" time="0.009" />
  <testcase classname="ptolemy.util.test.junit.AutoTests" name="[445] /home/travis/build/icyphy/ptII/ptolemy/actor/lib/test/auto/function3.xml (RunModel)" time="0.008" />
  <testcase classname="ptolemy.util.test.junit.AutoTests" name="[446] /home/travis/build/icyphy/ptII/ptolemy/actor/lib/test/auto/functionClosureTest1.xml (RunModel)" time="0.011" />
  <testcase classname="ptolemy.util.test.junit.AutoTests" name="[447] /home/travis/build/icyphy/ptII/ptolemy/actor/lib/test/auto/functionClosureTest2.xml (RunModel)" time="0.007" />
  <testcase classname="ptolemy.util.test.junit.AutoTests" name="[448] /home/travis/build/icyphy/ptII/ptolemy/actor/lib/test/auto/functionClosureTest3.xml (RunModel)" time="0.01" />
  <testcase classname="ptolemy.util.test.junit.AutoTests" name="[449] /home/travis/build/icyphy/ptII/ptolemy/actor/lib/test/auto/functionClosureTest4.xml (RunModel)" time="0.013" />
  <testcase classname="ptolemy.util.test.junit.AutoTests" name="[450] /home/travis/build/icyphy/ptII/ptolemy/actor/lib/test/auto/functionClosureTest5.xml (RunModel)" time="0.011" />
  <testcase classname="ptolemy.util.test.junit.AutoTests" name="[451] /home/travis/build/icyphy/ptII/ptolemy/actor/lib/test/auto/functionClosureTest6.xml (RunModel)" time="0.008" />
  <testcase classname="ptolemy.util.test.junit.AutoTests" name="[452] /home/travis/build/icyphy/ptII/ptolemy/actor/lib/test/auto/functionsOnArcs.xml (RunModel)" time="0.01" />
  <testcase classname="ptolemy.util.test.junit.AutoTests" name="[453] /home/travis/build/icyphy/ptII/ptolemy/actor/lib/test/auto/functionsOnArcsHOF.xml (RunModel)" time="0.012" />
  <testcase classname="ptolemy.util.test.junit.AutoTests" name="[454] /home/travis/build/icyphy/ptII/ptolemy/actor/lib/test/auto/logic.xml (RunModel)" time="0.016" />
  <testcase classname="ptolemy.util.test.junit.AutoTests" name="[455] /home/travis/build/icyphy/ptII/ptolemy/actor/lib/test/auto/matrixType.xml (RunModel)" time="0.009" />
  <testcase classname="ptolemy.util.test.junit.AutoTests" name="[456] /home/travis/build/icyphy/ptII/ptolemy/actor/lib/test/auto/matrixType10.xml (RunModel)" time="0.009" />
  <testcase classname="ptolemy.util.test.junit.AutoTests" name="[457] /home/travis/build/icyphy/ptII/ptolemy/actor/lib/test/auto/matrixType11.xml (RunModel)" time="0.009" />
  <testcase classname="ptolemy.util.test.junit.AutoTests" name="[458] /home/travis/build/icyphy/ptII/ptolemy/actor/lib/test/auto/matrixType12.xml (RunModel)" time="0.008" />
  <testcase classname="ptolemy.util.test.junit.AutoTests" name="[459] /home/travis/build/icyphy/ptII/ptolemy/actor/lib/test/auto/matrixType13.xml (RunModel)" time="0.009" />
  <testcase classname="ptolemy.util.test.junit.AutoTests" name="[460] /home/travis/build/icyphy/ptII/ptolemy/actor/lib/test/auto/matrixType14.xml (RunModel)" time="0.008" />
  <testcase classname="ptolemy.util.test.junit.AutoTests" name="[461] /home/travis/build/icyphy/ptII/ptolemy/actor/lib/test/auto/matrixType2.xml (RunModel)" time="0.009" />
  <testcase classname="ptolemy.util.test.junit.AutoTests" name="[462] /home/travis/build/icyphy/ptII/ptolemy/actor/lib/test/auto/matrixType3.xml (RunModel)" time="0.007" />
  <testcase classname="ptolemy.util.test.junit.AutoTests" name="[463] /home/travis/build/icyphy/ptII/ptolemy/actor/lib/test/auto/matrixType4.xml (RunModel)" time="0.008" />
  <testcase classname="ptolemy.util.test.junit.AutoTests" name="[464] /home/travis/build/icyphy/ptII/ptolemy/actor/lib/test/auto/matrixType5.xml (RunModel)" time="0.008" />
  <testcase classname="ptolemy.util.test.junit.AutoTests" name="[465] /home/travis/build/icyphy/ptII/ptolemy/actor/lib/test/auto/matrixType6.xml (RunModel)" time="0.009" />
  <testcase classname="ptolemy.util.test.junit.AutoTests" name="[466] /home/travis/build/icyphy/ptII/ptolemy/actor/lib/test/auto/matrixType7.xml (RunModel)" time="0.009" />
  <testcase classname="ptolemy.util.test.junit.AutoTests" name="[467] /home/travis/build/icyphy/ptII/ptolemy/actor/lib/test/auto/matrixType8.xml (RunModel)" time="0.009" />
  <testcase classname="ptolemy.util.test.junit.AutoTests" name="[468] /home/travis/build/icyphy/ptII/ptolemy/actor/lib/test/auto/matrixType9.xml (RunModel)" time="0.008" />
  <testcase classname="ptolemy.util.test.junit.AutoTests" name="[469] /home/travis/build/icyphy/ptII/ptolemy/actor/lib/test/auto/paraFunctest.xml (RunModel)" time="0.006" />
  <testcase classname="ptolemy.util.test.junit.AutoTests" name="[470] /home/travis/build/icyphy/ptII/ptolemy/actor/lib/test/auto/paraFunctest2.xml (RunModel)" time="0.009" />
  <testcase classname="ptolemy.util.test.junit.AutoTests" name="[471] /home/travis/build/icyphy/ptII/ptolemy/actor/lib/test/auto/parameterPassing.xml (RunModel)" time="0.008" />
  <testcase classname="ptolemy.util.test.junit.AutoTests" name="[472] /home/travis/build/icyphy/ptII/ptolemy/actor/lib/test/auto/record.xml (RunModel)" time="0.01" />
  <testcase classname="ptolemy.util.test.junit.AutoTests" name="[473] /home/travis/build/icyphy/ptII/ptolemy/actor/lib/test/auto/sizedarray1.xml (RunModel)" time="0.009" />
  <testcase classname="ptolemy.util.test.junit.AutoTests" name="[474] /home/travis/build/icyphy/ptII/ptolemy/actor/lib/test/auto/sizedarray2.xml (RunModel)" time="0.014" />
  <testcase classname="ptolemy.util.test.junit.AutoTests" name="[475] /home/travis/build/icyphy/ptII/ptolemy/actor/lib/test/auto/twoPublishers.xml (RunModel)" time="0.021" />
  <system-out><![CDATA[/home/travis/build/icyphy/ptII/ptolemy/actor/lib/test/AbsoluteValue.tcl
testDefs.tcl: setting time out to 9000 seconds at Mon Jun 18 13:33:28 UTC 2018
72 ms. Memory: 116224K Free: 106782K (92%)
8 ms. Memory: 116224K Free: 105579K (91%)
4 ms. Memory: 116224K Free: 104986K (90%)
9 ms. Memory: 116224K Free: 103807K (89%)
/home/travis/build/icyphy/ptII/ptolemy/actor/lib/test/AddSubtract.tcl
9 ms. Memory: 116224K Free: 102015K (88%)
5 ms. Memory: 116224K Free: 100812K (87%)
6 ms. Memory: 116224K Free: 100222K (86%)
6 ms. Memory: 116224K Free: 99633K (86%)
8 ms. Memory: 116224K Free: 99004K (85%)
11 ms. Memory: 116224K Free: 97824K (84%)
/home/travis/build/icyphy/ptII/ptolemy/actor/lib/test/Average.tcl
12 ms. Memory: 116224K Free: 96629K (83%)
14 ms. Memory: 116224K Free: 94845K (82%)
/home/travis/build/icyphy/ptII/ptolemy/actor/lib/test/Bernoulli.tcl
3 ms. Memory: 116224K Free: 93069K (80%)
1 ms. Memory: 116224K Free: 93069K (80%)
/home/travis/build/icyphy/ptII/ptolemy/actor/lib/test/Clock.tcl
preinitializing
resolving types
initializing
executing number 1
wrapping up
idle
20 ms. Memory: 116224K Free: 90695K (78%)
Completed execution with 5 iterations
preinitializing
resolving types
initializing
executing number 1
wrapping up
idle
3 ms. Memory: 116224K Free: 90089K (78%)
Completed execution with 5 iterations
preinitializing
resolving types
initializing
executing number 1
wrapping up
idle
3 ms. Memory: 116224K Free: 89500K (77%)
Completed execution with 5 iterations
/home/travis/build/icyphy/ptII/ptolemy/actor/lib/test/Commutator.tcl
11 ms. Memory: 116224K Free: 87134K (75%)
10 ms. Memory: 116224K Free: 85899K (74%)
13 ms. Memory: 116224K Free: 81652K (70%)
/home/travis/build/icyphy/ptII/ptolemy/actor/lib/test/Const.tcl
11 ms. Memory: 116224K Free: 110050K (95%)
2 ms. Memory: 116224K Free: 109436K (94%)
10 ms. Memory: 116224K Free: 108822K (94%)
2 ms. Memory: 116224K Free: 108224K (93%)
6 ms. Memory: 116224K Free: 107609K (93%)
11 ms. Memory: 116224K Free: 105815K (91%)
4 ms. Memory: 116224K Free: 104586K (90%)
6 ms. Memory: 116224K Free: 103358K (89%)
/home/travis/build/icyphy/ptII/ptolemy/actor/lib/test/CurrentTime.tcl
preinitializing
resolving types
initializing
executing number 1
wrapping up
idle
9 ms. Memory: 116224K Free: 101547K (87%)
Completed execution with 11 iterations
/home/travis/build/icyphy/ptII/ptolemy/actor/lib/test/DB.tcl
13 ms. Memory: 116224K Free: 99753K (86%)
4 ms. Memory: 116224K Free: 99154K (85%)
1 ms. Memory: 116224K Free: 98556K (85%)
/home/travis/build/icyphy/ptII/ptolemy/actor/lib/test/DiscreteRandomSource.tcl
preinitializing
resolving types
initializing
executing number 1
wrapping up
idle
4 ms. Memory: 116224K Free: 97360K (84%)
Completed execution with 4 iterations
preinitializing
resolving types
initializing
executing number 1
wrapping up
idle
2 ms. Memory: 116224K Free: 96762K (83%)
Completed execution with 4 iterations
preinitializing
resolving types
initializing
executing number 1
wrapping up
idle
2 ms. Memory: 116224K Free: 96164K (83%)
Completed execution with 4 iterations
preinitializing
resolving types
initializing
executing number 1
wrapping up
idle
3 ms. Memory: 116224K Free: 95565K (82%)
Completed execution with 4 iterations
preinitializing
resolving types
initializing
executing number 1
wrapping up
idle
4 ms. Memory: 116224K Free: 95565K (82%)
Completed execution with 4 iterations
/home/travis/build/icyphy/ptII/ptolemy/actor/lib/test/Distributor.tcl
4 ms. Memory: 116224K Free: 93771K (81%)
3 ms. Memory: 116224K Free: 93157K (80%)
StreamChangeRequest.changeExecuted(): <deleteEntity name="rec2"/> succeeded
StreamChangeRequest.changeExecuted(): <deleteRelation name="r2"/> succeeded
StreamChangeRequest.changeExecuted(): Record firings per iteration succeeded
5 ms. Memory: 116224K Free: 90162K (78%)
/home/travis/build/icyphy/ptII/ptolemy/actor/lib/test/Exit.tcl
Exit.tcl: this will print a message about Manager.exitAfterWrapup, which can be ignored.
3 ms. Memory: 116224K Free: 87090K (75%)
/home/travis/build/icyphy/ptII/ptolemy/actor/lib/test/Expression.tcl
5 ms. Memory: 116224K Free: 84665K (73%)
3 ms. Memory: 116224K Free: 84067K (72%)
4 ms. Memory: 116224K Free: 83469K (72%)
preinitializing
resolving types
initializing
executing number 1
wrapping up
idle
11 ms. Memory: 116224K Free: 81642K (70%)
Completed execution with 6 iterations
15 ms. Memory: 116224K Free: 110699K (95%)
3 ms. Memory: 116224K Free: 110109K (95%)
5 ms. Memory: 116224K Free: 108798K (94%)
4 ms. Memory: 116224K Free: 107618K (93%)
3 ms. Memory: 116224K Free: 106421K (92%)
/home/travis/build/icyphy/ptII/ptolemy/actor/lib/test/Gaussian.tcl
10 ms. Memory: 116224K Free: 104650K (90%)
sleeping 1 seconds: .....................................................................................................................................................................................................................................................................................................................................................................................................................................................................................................................................................................................................................................................................................................................................................................................................................................................................................................................................................................................................................................................................................................................................................................................................................................................................................................................................................................................................................................................................................................................................................................................................................................................................................................................................................................................................................................................................................................................................................................................................................................................................................................................................................................................................................................................................................................................................................................................................................................................................................................................................................................................................................................................................................................................................................................................................................................................................................................................................................................................................................................................................................................................................................................................................................................................................................................................................................................................................................................................................................................................................................................................................................................................................................................................................................................................................................................................................................................................................................................................................................................................................................................................................................................................................................................................................................................................................................................................................................................................................................................................................................................................................................................................................................................................................................................................................................................................................................................................................................................................................................................................................................................................................................................................................................................................................................................................................................................................................................................................................................................................................................................................................................................................................................................................................................................................................................................................................................................................................................................................................................................................................................................................................................................................................................................................................................................................................................................................................................................................................................................................................................................................................................................................................................................................................................................................................................................................................................................................................................................................................................................................................................................................................................................................................................................................................................................................................................................................................................................................................................................................................................................................................................................................................................................................................................................................................................................................................................................................................................................................................................................................................................................................................................................................................................................................................................................................................................................................................................................................................................................................................................................................................................................................................................................................................................................................................................................................................................................................................................................................................................................................................................................................................................................................................................................................................................................................................................................................................................................................................................................................................................................................................................................................................................................................................................................................................................................................................................................................................................................................................................................................................................................................................................................................................................................................................................................................................................................................................................................................................................................................................................................................................................................................................................................................................................................................................................................................................................................................................................................................................................................................................................................................................................................................................................................................................................................................................................................................................................................................................................................................................................................................................................................................................................................................................................................................................................................................................................................................................................................................................................................................................................................................................................................................................................................................................................................................................................................................................................................................................................................................................................................................................................................................................................................................................................................................................................................................................................................................................................................................................................................................................................................................................................................................................................................................................................................................................................................................................................................................................................................................................................................................................................................................................................................................................................................................................................................................................................................................................................................................................................................................................................................................................................................................................................................................................................................................................................................................................................................................................................................................................................................................................................................................................................................................................................................................................................................................................................................................................................................................................................................................................................................................................................................................................................................................................................................................................................................................................................................................................................................................................................................................................................................................................................................................................................................................................................................................................................................................................................................................................................................................................................................................................................................................................................................................................................................................................................................................................................................................................................................................................................................................................................................................................................................................................................................................................................................................................................................................................................................................................................................................................................................................................................................................................................................................................................................................................................................................................................................................................................................................................................................................................................................................................................................................................................................................................................................................................................................................................................................................................................................................................................................................................................................................................................................................................................................................................................................................................................................................................................................................................................................................................................................................................................................................................................................................................................................................................................................................................................................................................................................................................................................................................................................................................................................................................................................................................................................................................................................................................................................................................................................................................................................................................................................................................................................................................................................................................................................................................................................................................................................................................................................................................................................................................................................................................................................................................................................................................................................................................................................................................................................................................................................................................................................................................................................................................................................................................................................................................................................................................................................................................................................................................................................................................................................................................................................................................................................................................................................................................................................................................................................................................................................................................................................................................................................................................................................................................................................................................................................................................................................................................................................................................................................................................................................................................................................................................................................................................................................................................................................................................................................................................................................................................................................................................................................................................................................................................................................................................................................................................................................................................................................................................................................................................................................................................................................................................................................................................................................................................................................................................................................................................................................................................................................................................................................................................................................................................................................................................................................................................................................................................................................................................................................................................................................................................................................................................................................................................................................................................................................................................................................................................................................................................................................................................................................................................................................................................................................................................................................................................................................................................................................................................................................................................................................................................................................................................................................................................................................................................................................................................................................................................................................................................................................................................................................................................................................................................................................................................................................................................................................................................................................................................................................................................................................................................................................................................................................................................................................................................................................................................................................................................................................................................................................................................................................................................................................................................................................................................................................................................................................................................................................................................................................................................................................................................................................................................................................................................................................................................................................................................................................................................................................................................................................................................................................................................................................................................................................................................................................................................................................................................................................................................................................................................................................................................................................................................................................................................................................................................................................................................................................................................................................................................................................................................................................................................................................................................................................................................................................................................................................................................................................................................................................................................................................................................................................................................................................................................................................................................................................................................................................................................................................................................................................................................................................................................................................................................................................................................................................................................................................................................................................................................................................................................................................................................................................................................................................................................................................................................................................................................................................................................................................................................................................................................................................................................................................................................................................................................................................................................................................................................................................................................................................................................................................................................................................................................................................................................................................................................................................................................................................................................................................................................................................................................................................................................................................................................................................................................................................................................................................................................................................................................................................................................................................................................................................................................................................................................................................................................................................................................................................................................................................................................................................................................................................................................................................................................................................................................................................................................................................................................................................................................................................................................................................................................................................................................................................................................................................................................................................................................................................................................................................................................................................................................................................................................................................................................................................................................................................................................................................................................................................................................................................................................................................................................................................................................................................................................................................................................................................................................................................................................................................................................................................................................................................................................................................................................................................................................................................................................................................................................................................................................................................................................................................................................................................................................................................................................................................................................................................................................................................................................................................................................................................................................................................................................................................................................................................................................................................................................................................................................................................................................................................................................................................................................................................................................................................................................................................................................................................................................................................................................................................................................................................................................................................................................................................................................................................................................................................................................................................................................................................................................................................................................................................................................................................................................................................................................................................................................................................................................................................................................................................................................................................................................................................................................................................................................................................................................................................................................................................................................................................................................................................................................................................................................................................................................................................................................................................................................................................................................................................................................................................................................................................................................................................................................................................................................................................................................................................................................................................................................................................................................................................................................................................................................................................................................................................................................................................................................................................................................................................................................................................................................................................................................................................................................................................................................................................................................................................................................................................................................................................................................................................................................................................................................................................................................................................................................................................................................................................................................................................................................................................................................................................................................................................................................................................................................................................................................................................................................................................................................................................................................................................................................................................................................................................................................................................................................................................................................................................................................................................................................................................................................................................................................................................................................................................................................................................................................................................................................................................................................................................................................................................................................................................................................................................................................................................................................................................................................................................................................................................................................................................................................................................................................................................................................................................................................................................................................................................................................................................................................................................................................................................................................................................................................................................................................................................................................................................................................................................................................................................................................................................................................................................................................................................................................................................................................................................................................................................................................................................................................................................................................................................................................................................................................................................................................................................................................................................................................................................................................................................................................................................................................................................................................................................................................................................................................................................................................................................................................................................................................................................................................................................................................................................................................................................................................................................................................................................................................................................................................................................................................................................................................................................................................................................................................................................................................................................................................................................................................................................................................................................................................................................................................................................................................................................................................................................................................................................................................................................................................................................................................................................................................................................................................................................................................................................................................................................................................................................................................................................................................................................................................................................................................................................................................................................................................................................................................................................................................................................................................................................................................................................................................................................................................................................................................................................................................................................................................................................................................................................................................................................................................................................................................................................................................................................................................................................................................................................................................................................................................................................................................................................................................................................................................................................................................................................................................................................................................................................................................................................................................................................................................................................................................................................................................................................................................................................................................................................................................................................................................................................................................................................................................................................................................................................................................................................................................................................................................................................................................................................................................................................................................................................................................................................................................................................................................................................................................................................................................................................................................................................................................................................................................................................................................................................................................................................................................................................................................................................................................................................................................................................................................................................................................................................................................................................................................................................................................................................................................................................................................................................................................................................................................................................................................................................................................................................................................................................................................................................................................................................................................................................................................................................................................................................................................................................................................................................................................................................................................................................................................................................................................................................................................................................................................................................................................................................................................................................................................................................................................................................................................................................................................................................................................................................................................................................................................................................................................................................................................................................................................................................................................................................................................................................................................................................................................................................................................................................................................................................................................................................................................................................................................................................................................................................................................................................................................................................................................................................................................................................................................................................................................................................................................................................................................................................................................................................................................................................................................................................................................................................................................................................................................................................................................................................................................................................................................................................................................................................................................................................................................................................................................................................................................................................................................................................................................................................................................................................................................................................................................................................................................................................................................................................................................................................................................................................................................................................................................................................................................................................................................................................................................................................................................................................................................................................................................................................................................................................................................................................................................................................................................................................................................................................................................................................................................................................................................................................................................................................................................................................................................................................................................................................................................................................................................................................................................................................................................................................................................................................................................................................................................................................................................................................................................................................................................................................................................................................................................................................................................................................................................................................................................................................................................................................................................................................................................................................................................................................................................................................................................................................................................................................................................................................................................................................................................................................................................................................................................................................................................................................................................................................................................................................................................................................................................................................................................................................................................................................................................................................................................................................................................................................................................................................................................................................................................................................................................................................................................................................................................................................................................................................................................................................................................................................................................................................................................................................................................................................................................................................................................................................................................................................................................................................................................................................................................................................................................................................................................................................................................................................................................................................................................................................................................................................................................................................................................................................................................................................................................................................................................................................................................................................................................................................................................................................................................................................................................................................................................................................................................................................................................................................................................................................................................................................................................................................................................................................................................................................................................................................................................................................................................................................................................................................................................................................................................................................................................................................................................................................................................................................................................................................................................................................................................................................................................................................................................................................................................................................................................................................................................................................................................................................................................................................................................................................................................................................................................................................................................................................................................................................................................................................................................................................................................................................................................................................................................................................................................................................................................................................................................................................................................................................................................................................................................................................................................................................................................................................................................................................................................................................................................................................................................................................................................................................................................................................................................................................................................................................................................................................................................................................................................................................................................................................................................................................................................................................................................................................................................................................................................................................................................................................................................................................................................................................................................................................................................................................................................................................................................................................................................................................................................................................................................................................................................................................................................................................................................................................................................................................................................................................................................................................................................................................................................................................................................................................................................................................................................................................................................................................................................................................................................................................................................................................................................................................................................................................................................................................................................................................................................................................................................................................................................................................................................................................................................................................................................................................................................................................................................................................................................................................................................................................................................................................................................................................................................................................................................................................................................................................................................................................................................................................................................................................................................................................................................................................................................................................................................................................................................................................................................................................................................................................................................................................................................................................................................................................................................................................................................................................................................................................................................................................................................................................................................................................................................................................................................................................................................................................................................................................................................................................................................................................................................................................................................................................................................................................................................................................................................................................................................................................................................................................................................................................................................................................................................................................................................................................................................................................................................................................................................................................................................................................................................................................................................................................................................................................................................................................................................................................................................................................................................................................................................................................................................................................................................................................................................................................................................................................................................................................................................................................................................................................................................................................................................................................................................................................................................................................................................................................................................................................................................................................................................................................................................................................................................................................................................................................................................................................................................................................................................................................................................................................................................................................................................................................................................................................................................................................................................................................................................................................................................................................................................................................................................................................................................................................................................................................................................................................................................................................................................................................................................................................................................................................................................................................................................................................................................................................................................................................................................................................................................................................................................................................................................................................................................................................................................................................................................................................................................................................................................................................................................................................................................................................................................................................................................................................................................................................................................................................................................................................................................................................................................................................................................................................................................................................................................................................................................................................6 ms. Memory: 208896K Free: 164924K (79%)
3 ms. Memory: 208896K Free: 164924K (79%)
2 ms. Memory: 208896K Free: 164704K (79%)
2 ms. Memory: 208896K Free: 164704K (79%)
2 ms. Memory: 208896K Free: 162276K (78%)
/home/travis/build/icyphy/ptII/ptolemy/actor/lib/test/IIR.tcl
/home/travis/build/icyphy/ptII/ptolemy/actor/lib/test/Interpolator.tcl
3 ms. Memory: 208896K Free: 159847K (77%)
2 ms. Memory: 208896K Free: 159847K (77%)
2 ms. Memory: 208896K Free: 157419K (75%)
1 ms. Memory: 208896K Free: 157419K (75%)
2 ms. Memory: 208896K Free: 157419K (75%)
3 ms. Memory: 208896K Free: 154991K (74%)
3 ms. Memory: 208896K Free: 154991K (74%)
2 ms. Memory: 208896K Free: 154991K (74%)
2 ms. Memory: 208896K Free: 152563K (73%)
13 ms. Memory: 208896K Free: 152563K (73%)
/home/travis/build/icyphy/ptII/ptolemy/actor/lib/test/MathFunction.tcl
6 ms. Memory: 208896K Free: 150134K (72%)
3 ms. Memory: 208896K Free: 150134K (72%)
3 ms. Memory: 208896K Free: 147706K (71%)
2 ms. Memory: 208896K Free: 147706K (71%)
4 ms. Memory: 208896K Free: 145278K (70%)
5 ms. Memory: 208896K Free: 145278K (70%)
/home/travis/build/icyphy/ptII/ptolemy/actor/lib/test/Maximum.tcl
4 ms. Memory: 208896K Free: 142850K (68%)
3 ms. Memory: 208896K Free: 140421K (67%)
2 ms. Memory: 208896K Free: 140421K (67%)
3 ms. Memory: 208896K Free: 140421K (67%)
/home/travis/build/icyphy/ptII/ptolemy/actor/lib/test/Minimum.tcl
4 ms. Memory: 208896K Free: 137993K (66%)
3 ms. Memory: 208896K Free: 137993K (66%)
2 ms. Memory: 208896K Free: 137993K (66%)
2 ms. Memory: 208896K Free: 135565K (65%)
/home/travis/build/icyphy/ptII/ptolemy/actor/lib/test/MultiplyDivide.tcl
4 ms. Memory: 208896K Free: 133136K (64%)
3 ms. Memory: 208896K Free: 133136K (64%)
2 ms. Memory: 208896K Free: 133136K (64%)
3 ms. Memory: 208896K Free: 133136K (64%)
2 ms. Memory: 208896K Free: 130708K (63%)
/home/travis/build/icyphy/ptII/ptolemy/actor/lib/test/OrderedMerge.tcl
Connections changed on port: inputA
Connections changed on port: inputB
Connections changed on port: output
Connections changed on port: output
Connections changed on port: output
Connections changed on port: input
.top. Preinitializing ...
Invoking preinitialize():  .top.OrderedMerge
Called preinitialize()
Invoking preinitialize():  .top.Ramp
Called preinitialize()
Invoking preinitialize():  .top.Ramp2
Called preinitialize()
Invoking preinitialize():  .top.Test
Called preinitialize()
Connections changed on port: inputA
Connections changed on port: output
Connections changed on port: inputB
Connections changed on port: output
Connections changed on port: output
Connections changed on port: input
.top. Finished preinitialize().
Called initialize().
Invoking initialize():  .top.OrderedMerge
Initializing actor: .top.OrderedMerge
Adding a thread: .top.OrderedMerge
Invoking initialize():  .top.Ramp
Initializing actor: .top.Ramp
Adding a thread: .top.Ramp
Invoking initialize():  .top.Ramp2
Initializing actor: .top.Ramp2
Adding a thread: .top.Ramp2
Invoking initialize():  .top.Test
Initializing actor: .top.Test
Adding a thread: .top.Test
-- Starting thread.
Called initialize()
Called prefire()
Called fire()
-- Starting thread.
Called initialize()
Called prefire()
Called fire()
Called postfire()
Called prefire()
Called fire()
-- Starting thread.
Called initialize()
Called prefire()
Called fire()
Called postfire()
Called prefire()
Called fire()
Called fire().
Checking for deadlock:
There are 3 Blocked actors, 0 Stopped actors, and 4 active threads.
Waiting for actors to stop.
-- Starting thread.
Called initialize()
Called prefire()
Called fire()
Checking for deadlock:
There are 2 Blocked actors, 0 Stopped actors, and 4 active threads.
Waiting for actors to stop.
Called postfire()
Called prefire()
Called fire()
Checking for deadlock:
There are 3 Blocked actors, 0 Stopped actors, and 4 active threads.
Waiting for actors to stop.
Read input token from inputA with value 0.0
Next port to read input from is inputB
Called postfire()
Called prefire()
Called fire()
Checking for deadlock:
There are 2 Blocked actors, 0 Stopped actors, and 4 active threads.
Waiting for actors to stop.
Called postfire()
Called prefire()
Called fire()
Checking for deadlock:
There are 3 Blocked actors, 0 Stopped actors, and 4 active threads.
Waiting for actors to stop.
Read input token from inputB with value 0.0
Checking for deadlock:
There are 2 Blocked actors, 0 Stopped actors, and 4 active threads.
Waiting for actors to stop.
-- Read input: 0.0, which is expected to match: 0.0
Called prefire()
Called fire()
Checking for deadlock:
There are 3 Blocked actors, 0 Stopped actors, and 4 active threads.
Waiting for actors to stop.
Sent output token with value 0.0
Next port to read input from is inputA
Called postfire()
Called prefire()
Called fire()
Checking for deadlock:
There are 2 Blocked actors, 0 Stopped actors, and 4 active threads.
Waiting for actors to stop.
Called postfire()
Called prefire()
Called fire()
Checking for deadlock:
There are 3 Blocked actors, 0 Stopped actors, and 4 active threads.
Waiting for actors to stop.
Read input token from inputA with value 1.0
Checking for deadlock:
There are 2 Blocked actors, 0 Stopped actors, and 4 active threads.
Waiting for actors to stop.
-- Read input: 0.0, which is expected to match: 0.0
Called prefire()
Called fire()
Checking for deadlock:
There are 3 Blocked actors, 0 Stopped actors, and 4 active threads.
Waiting for actors to stop.
Sent output token with value 0.0
Next port to read input from is inputB
Called postfire()
Called prefire()
Called fire()
Checking for deadlock:
There are 2 Blocked actors, 0 Stopped actors, and 4 active threads.
Waiting for actors to stop.
Called postfire()
Called prefire()
Called fire()
Checking for deadlock:
There are 3 Blocked actors, 0 Stopped actors, and 4 active threads.
Waiting for actors to stop.
Read input token from inputB with value 1.5
Checking for deadlock:
There are 2 Blocked actors, 0 Stopped actors, and 4 active threads.
Waiting for actors to stop.
-- Read input: 1.0, which is expected to match: 1.0
Called prefire()
Called fire()
Checking for deadlock:
There are 3 Blocked actors, 0 Stopped actors, and 4 active threads.
Waiting for actors to stop.
Sent output token with value 1.0
Next port to read input from is inputA
Called postfire()
Called prefire()
Called fire()
Checking for deadlock:
There are 2 Blocked actors, 0 Stopped actors, and 4 active threads.
Waiting for actors to stop.
Called postfire()
Called prefire()
Called fire()
Checking for deadlock:
There are 3 Blocked actors, 0 Stopped actors, and 4 active threads.
Waiting for actors to stop.
Read input token from inputA with value 2.0
Checking for deadlock:
There are 2 Blocked actors, 0 Stopped actors, and 4 active threads.
Waiting for actors to stop.
-- Read input: 1.5, which is expected to match: 1.5
Called prefire()
Called fire()
Checking for deadlock:
There are 3 Blocked actors, 0 Stopped actors, and 4 active threads.
Waiting for actors to stop.
Sent output token with value 1.5
Next port to read input from is inputB
Called postfire()
Called prefire()
Called fire()
Checking for deadlock:
There are 2 Blocked actors, 0 Stopped actors, and 4 active threads.
Waiting for actors to stop.
Called postfire()
Called prefire()
Called fire()
Checking for deadlock:
There are 3 Blocked actors, 0 Stopped actors, and 4 active threads.
Waiting for actors to stop.
Read input token from inputB with value 3.0
Checking for deadlock:
There are 2 Blocked actors, 0 Stopped actors, and 4 active threads.
Waiting for actors to stop.
-- Read input: 2.0, which is expected to match: 2.0
Called prefire()
Called fire()
Checking for deadlock:
There are 3 Blocked actors, 0 Stopped actors, and 4 active threads.
Waiting for actors to stop.
Sent output token with value 2.0
Next port to read input from is inputA
Called postfire()
Called prefire()
Called fire()
Checking for deadlock:
There are 2 Blocked actors, 0 Stopped actors, and 4 active threads.
Waiting for actors to stop.
Called postfire()
Called prefire()
Called fire()
Checking for deadlock:
There are 3 Blocked actors, 0 Stopped actors, and 4 active threads.
Waiting for actors to stop.
Read input token from inputA with value 3.0
Checking for deadlock:
There are 2 Blocked actors, 0 Stopped actors, and 4 active threads.
Waiting for actors to stop.
-- Read input: 3.0, which is expected to match: 3.0
Called prefire()
Called fire()
Checking for deadlock:
There are 3 Blocked actors, 0 Stopped actors, and 4 active threads.
Waiting for actors to stop.
Sent output token with value 3.0
Next port to read input from is inputB
Called postfire()
Called prefire()
Called fire()
Checking for deadlock:
There are 2 Blocked actors, 0 Stopped actors, and 4 active threads.
Waiting for actors to stop.
Called postfire()
Called prefire()
Called fire()
Checking for deadlock:
There are 3 Blocked actors, 0 Stopped actors, and 4 active threads.
Waiting for actors to stop.
Read input token from inputB with value 4.5
Checking for deadlock:
There are 2 Blocked actors, 0 Stopped actors, and 4 active threads.
Waiting for actors to stop.
-- Read input: 3.0, which is expected to match: 3.0
Called prefire()
Called fire()
Checking for deadlock:
There are 3 Blocked actors, 0 Stopped actors, and 4 active threads.
Waiting for actors to stop.
Sent output token with value 3.0
Next port to read input from is inputA
Called postfire()
Called prefire()
Called fire()
Checking for deadlock:
There are 2 Blocked actors, 0 Stopped actors, and 4 active threads.
Waiting for actors to stop.
Called postfire()
Called prefire()
Called fire()
Checking for deadlock:
There are 3 Blocked actors, 0 Stopped actors, and 4 active threads.
Waiting for actors to stop.
Read input token from inputA with value 4.0
Checking for deadlock:
There are 2 Blocked actors, 0 Stopped actors, and 4 active threads.
Waiting for actors to stop.
-- Read input: 4.0, which is expected to match: 4.0
Called prefire()
Called fire()
Past the end of training data. Read and discard all inputs.
Checking for deadlock:
There are 3 Blocked actors, 0 Stopped actors, and 4 active threads.
Waiting for actors to stop.
Sent output token with value 4.0
Next port to read input from is inputA
Called postfire()
Called prefire()
Called fire()
Checking for deadlock:
There are 2 Blocked actors, 0 Stopped actors, and 4 active threads.
Waiting for actors to stop.
Called postfire()
Called prefire()
Called fire()
Checking for deadlock:
There are 3 Blocked actors, 0 Stopped actors, and 4 active threads.
Waiting for actors to stop.
Read input token from inputA with value 5.0
Checking for deadlock:
There are 2 Blocked actors, 0 Stopped actors, and 4 active threads.
Waiting for actors to stop.
Called prefire()
Called fire()
Past the end of training data. Read and discard all inputs.
Checking for deadlock:
There are 3 Blocked actors, 0 Stopped actors, and 4 active threads.
Waiting for actors to stop.
Sent output token with value 4.5
Next port to read input from is inputB
Called postfire()
Called prefire()
Called fire()
Checking for deadlock:
There are 2 Blocked actors, 0 Stopped actors, and 4 active threads.
Waiting for actors to stop.
Called postfire()
Called prefire()
Called fire()
Checking for deadlock:
There are 3 Blocked actors, 0 Stopped actors, and 4 active threads.
Waiting for actors to stop.
Read input token from inputB with value 6.0
Checking for deadlock:
There are 2 Blocked actors, 0 Stopped actors, and 4 active threads.
Waiting for actors to stop.
Called prefire()
Called fire()
Past the end of training data. Read and discard all inputs.
Checking for deadlock:
There are 3 Blocked actors, 0 Stopped actors, and 4 active threads.
Waiting for actors to stop.
Sent output token with value 5.0
Next port to read input from is inputA
Called postfire()
Called prefire()
Called fire()
Checking for deadlock:
There are 2 Blocked actors, 0 Stopped actors, and 4 active threads.
Waiting for actors to stop.
Called postfire()
Called prefire()
Called fire()
Checking for deadlock:
There are 3 Blocked actors, 0 Stopped actors, and 4 active threads.
Waiting for actors to stop.
Read input token from inputA with value 6.0
Checking for deadlock:
There are 2 Blocked actors, 0 Stopped actors, and 4 active threads.
Waiting for actors to stop.
Called prefire()
Called fire()
Past the end of training data. Read and discard all inputs.
Checking for deadlock:
There are 3 Blocked actors, 0 Stopped actors, and 4 active threads.
Waiting for actors to stop.
Sent output token with value 6.0
Next port to read input from is inputB
Called postfire()
Called prefire()
Called fire()
Checking for deadlock:
There are 2 Blocked actors, 0 Stopped actors, and 4 active threads.
Waiting for actors to stop.
Called postfire()
Called prefire()
Called fire()
Checking for deadlock:
There are 3 Blocked actors, 0 Stopped actors, and 4 active threads.
Waiting for actors to stop.
Read input token from inputB with value 7.5
Checking for deadlock:
There are 2 Blocked actors, 0 Stopped actors, and 4 active threads.
Waiting for actors to stop.
Called prefire()
Called fire()
Past the end of training data. Read and discard all inputs.
Checking for deadlock:
There are 3 Blocked actors, 0 Stopped actors, and 4 active threads.
Waiting for actors to stop.
Sent output token with value 6.0
Next port to read input from is inputA
Called postfire()
Called prefire()
Called fire()
Checking for deadlock:
There are 2 Blocked actors, 0 Stopped actors, and 4 active threads.
Waiting for actors to stop.
Called postfire()
Called prefire()
Called fire()
Checking for deadlock:
There are 3 Blocked actors, 0 Stopped actors, and 4 active threads.
Waiting for actors to stop.
Read input token from inputA with value 7.0
Checking for deadlock:
There are 2 Blocked actors, 0 Stopped actors, and 4 active threads.
Waiting for actors to stop.
Called prefire()
Called fire()
Past the end of training data. Read and discard all inputs.
Checking for deadlock:
There are 3 Blocked actors, 0 Stopped actors, and 4 active threads.
Waiting for actors to stop.
Sent output token with value 7.0
Next port to read input from is inputA
Called postfire()
Called prefire()
Called fire()
Checking for deadlock:
There are 2 Blocked actors, 0 Stopped actors, and 4 active threads.
Waiting for actors to stop.
-- Thread wrapup() called.
Called wrapup()
Thread .top.Ramp is exiting.
-- Thread stopped.
Checking for deadlock:
There are 2 Blocked actors, 0 Stopped actors, and 3 active threads.
Waiting for actors to stop.
Read input token from inputA with value 8.0
Checking for deadlock:
There are 1 Blocked actors, 0 Stopped actors, and 3 active threads.
Waiting for actors to stop.
Called prefire()
Called fire()
Past the end of training data. Read and discard all inputs.
Checking for deadlock:
There are 2 Blocked actors, 0 Stopped actors, and 3 active threads.
Waiting for actors to stop.
Sent output token with value 7.5
Next port to read input from is inputB
Called postfire()
Called prefire()
Called fire()
Checking for deadlock:
There are 1 Blocked actors, 0 Stopped actors, and 3 active threads.
Waiting for actors to stop.
Called postfire()
Called prefire()
Called fire()
Checking for deadlock:
There are 2 Blocked actors, 0 Stopped actors, and 3 active threads.
Waiting for actors to stop.
Read input token from inputB with value 9.0
Checking for deadlock:
There are 1 Blocked actors, 0 Stopped actors, and 3 active threads.
Waiting for actors to stop.
Called prefire()
Called fire()
Past the end of training data. Read and discard all inputs.
Checking for deadlock:
There are 2 Blocked actors, 0 Stopped actors, and 3 active threads.
Waiting for actors to stop.
Sent output token with value 8.0
Next port to read input from is inputA
Called postfire()
Called prefire()
Called fire()
Read input token from inputA with value 9.0
Checking for deadlock:
There are 1 Blocked actors, 0 Stopped actors, and 3 active threads.
Waiting for actors to stop.
Called prefire()
Called fire()
Past the end of training data. Read and discard all inputs.
Checking for deadlock:
There are 2 Blocked actors, 0 Stopped actors, and 3 active threads.
Waiting for actors to stop.
Sent output token with value 9.0
Next port to read input from is inputB
Called postfire()
Called prefire()
Called fire()
Checking for deadlock:
There are 1 Blocked actors, 0 Stopped actors, and 3 active threads.
Waiting for actors to stop.
Called postfire()
Called prefire()
Called fire()
Checking for deadlock:
There are 2 Blocked actors, 0 Stopped actors, and 3 active threads.
Waiting for actors to stop.
Read input token from inputB with value 10.5
Checking for deadlock:
There are 1 Blocked actors, 0 Stopped actors, and 3 active threads.
Waiting for actors to stop.
Called prefire()
Called fire()
Past the end of training data. Read and discard all inputs.
Checking for deadlock:
There are 2 Blocked actors, 0 Stopped actors, and 3 active threads.
Waiting for actors to stop.
Sent output token with value 9.0
Next port to read input from is inputA
Called postfire()
Called prefire()
Called fire()
Checking for deadlock:
There are 3 Blocked actors, 0 Stopped actors, and 3 active threads.
Actors have stopped.
Checking for deadlock:
There are 3 Blocked actors, 0 Stopped actors, and 3 active threads.
Deadlock detected.
Resolving Deadlock
Checking for deadlock:
There are 3 Blocked actors, 0 Stopped actors, and 3 active threads.
Artificial Deadlock - increasing queue capacity.
increasing the capacity of receiver ptolemy.actor.TypedIOPort {.top.OrderedMerge.inputB} to 2
Director: Called postfire().
Called postfire().
_stopRequested = false
_stopFireRequested = false
Returning from postfire(): true
Called fire().
Checking for deadlock:
There are 2 Blocked actors, 0 Stopped actors, and 3 active threads.
Waiting for actors to stop.
-- Thread wrapup() called.
Called wrapup()
Thread .top.Ramp2 is exiting.
-- Thread stopped.
Checking for deadlock:
There are 2 Blocked actors, 0 Stopped actors, and 2 active threads.
Actors have stopped.
Checking for deadlock:
There are 2 Blocked actors, 0 Stopped actors, and 2 active threads.
Deadlock detected.
Resolving Deadlock
Checking for deadlock:
There are 2 Blocked actors, 0 Stopped actors, and 2 active threads.
Deadlock detected: no processes blocked on write, but some are blocked on read.
Called postfire().
_stopRequested = false
_stopFireRequested = false
Returning from postfire(): false
Finished deactivating branches.
Called wrapup().
-- Thread wrapup() called.
Called wrapup()
Thread .top.Test is exiting.
-- Thread stopped.
-- Blocked Receiver call threw TerminateProcessException.
-- Thread wrapup() called.
Called wrapup()
Thread .top.OrderedMerge is exiting.
32 ms. Memory: 208896K Free: 123365K (59%)
.top. Preinitializing ...
Invoking preinitialize():  .top.OrderedMerge
Called preinitialize()
Invoking preinitialize():  .top.Ramp
Called preinitialize()
Invoking preinitialize():  .top.Ramp2
Called preinitialize()
Invoking preinitialize():  .top.Test
Called preinitialize()
.top. Finished preinitialize().
Called initialize().
Invoking initialize():  .top.OrderedMerge
Initializing actor: .top.OrderedMerge
Adding a thread: .top.OrderedMerge
Invoking initialize():  .top.Ramp
Initializing actor: .top.Ramp
Adding a thread: .top.Ramp
Invoking initialize():  .top.Ramp2
Initializing actor: .top.Ramp2
Adding a thread: .top.Ramp2
Invoking initialize():  .top.Test
Initializing actor: .top.Test
Adding a thread: .top.Test
-- Thread stopped.
-- Blocked Receiver call threw TerminateProcessException.
-- Starting thread.
Called initialize()
Called prefire()
Called fire()
-- Starting thread.
Called initialize()
Called prefire()
Called fire()
Called postfire()
Called prefire()
Called fire()
-- Starting thread.
Called initialize()
Called prefire()
Called fire()
Called postfire()
Called prefire()
Called fire()
Called fire().
Checking for deadlock:
There are 3 Blocked actors, 0 Stopped actors, and 4 active threads.
Waiting for actors to stop.
-- Starting thread.
Called initialize()
Called prefire()
Called fire()
Checking for deadlock:
There are 2 Blocked actors, 0 Stopped actors, and 4 active threads.
Waiting for actors to stop.
Called postfire()
Called prefire()
Called fire()
Checking for deadlock:
There are 3 Blocked actors, 0 Stopped actors, and 4 active threads.
Waiting for actors to stop.
Read input token from inputA with value 0.0
Next port to read input from is inputB
Called postfire()
Called prefire()
Called fire()
Checking for deadlock:
There are 2 Blocked actors, 0 Stopped actors, and 4 active threads.
Waiting for actors to stop.
Called postfire()
Called prefire()
Called fire()
Checking for deadlock:
There are 3 Blocked actors, 0 Stopped actors, and 4 active threads.
Waiting for actors to stop.
Read input token from inputB with value 0.0
Checking for deadlock:
There are 2 Blocked actors, 0 Stopped actors, and 4 active threads.
Waiting for actors to stop.
-- Read input: 0.0, which is expected to match: 0.0
Called prefire()
Called fire()
Checking for deadlock:
There are 3 Blocked actors, 0 Stopped actors, and 4 active threads.
Waiting for actors to stop.
Sent output token with value 0.0
Next port to read input from is inputA
Called postfire()
Called prefire()
Called fire()
Checking for deadlock:
There are 2 Blocked actors, 0 Stopped actors, and 4 active threads.
Waiting for actors to stop.
Called postfire()
Called prefire()
Called fire()
Checking for deadlock:
There are 3 Blocked actors, 0 Stopped actors, and 4 active threads.
Waiting for actors to stop.
Read input token from inputA with value 1.0
Checking for deadlock:
There are 2 Blocked actors, 0 Stopped actors, and 4 active threads.
Waiting for actors to stop.
-- Read input: 0.0, which is expected to match: 0.0
Called prefire()
Called fire()
Checking for deadlock:
There are 3 Blocked actors, 0 Stopped actors, and 4 active threads.
Waiting for actors to stop.
Sent output token with value 0.0
Next port to read input from is inputB
Called postfire()
Called prefire()
Called fire()
Checking for deadlock:
There are 2 Blocked actors, 0 Stopped actors, and 4 active threads.
Waiting for actors to stop.
Called postfire()
Called prefire()
Called fire()
Checking for deadlock:
There are 3 Blocked actors, 0 Stopped actors, and 4 active threads.
Waiting for actors to stop.
Read input token from inputB with value 1.5
Checking for deadlock:
There are 2 Blocked actors, 0 Stopped actors, and 4 active threads.
Waiting for actors to stop.
-- Read input: 1.0, which is expected to match: 1.0
Called prefire()
Called fire()
Checking for deadlock:
There are 3 Blocked actors, 0 Stopped actors, and 4 active threads.
Waiting for actors to stop.
Sent output token with value 1.0
Next port to read input from is inputA
Called postfire()
Called prefire()
Called fire()
Checking for deadlock:
There are 2 Blocked actors, 0 Stopped actors, and 4 active threads.
Waiting for actors to stop.
Called postfire()
Called prefire()
Called fire()
Checking for deadlock:
There are 3 Blocked actors, 0 Stopped actors, and 4 active threads.
Waiting for actors to stop.
Read input token from inputA with value 2.0
Checking for deadlock:
There are 2 Blocked actors, 0 Stopped actors, and 4 active threads.
Waiting for actors to stop.
-- Read input: 1.5, which is expected to match: 1.5
Called prefire()
Called fire()
Checking for deadlock:
There are 3 Blocked actors, 0 Stopped actors, and 4 active threads.
Waiting for actors to stop.
Sent output token with value 1.5
Next port to read input from is inputB
Called postfire()
Called prefire()
Called fire()
Checking for deadlock:
There are 2 Blocked actors, 0 Stopped actors, and 4 active threads.
Waiting for actors to stop.
Called postfire()
Called prefire()
Called fire()
Checking for deadlock:
There are 3 Blocked actors, 0 Stopped actors, and 4 active threads.
Waiting for actors to stop.
Read input token from inputB with value 3.0
Checking for deadlock:
There are 2 Blocked actors, 0 Stopped actors, and 4 active threads.
Waiting for actors to stop.
-- Read input: 2.0, which is expected to match: 2.0
Called prefire()
Called fire()
Checking for deadlock:
There are 3 Blocked actors, 0 Stopped actors, and 4 active threads.
Waiting for actors to stop.
Sent output token with value 2.0
Next port to read input from is inputA
Called postfire()
Called prefire()
Called fire()
Checking for deadlock:
There are 2 Blocked actors, 0 Stopped actors, and 4 active threads.
Waiting for actors to stop.
Called postfire()
Called prefire()
Called fire()
Checking for deadlock:
There are 3 Blocked actors, 0 Stopped actors, and 4 active threads.
Waiting for actors to stop.
Read input token from inputA with value 3.0
Checking for deadlock:
There are 2 Blocked actors, 0 Stopped actors, and 4 active threads.
Waiting for actors to stop.
-- Read input: 3.0, which is expected to match: 3.0
Called prefire()
Called fire()
Checking for deadlock:
There are 3 Blocked actors, 0 Stopped actors, and 4 active threads.
Waiting for actors to stop.
Sent output token with value 3.0
Next port to read input from is inputB
Called postfire()
Called prefire()
Called fire()
Checking for deadlock:
There are 2 Blocked actors, 0 Stopped actors, and 4 active threads.
Waiting for actors to stop.
Called postfire()
Called prefire()
Called fire()
Checking for deadlock:
There are 3 Blocked actors, 0 Stopped actors, and 4 active threads.
Waiting for actors to stop.
Read input token from inputB with value 4.5
Checking for deadlock:
There are 2 Blocked actors, 0 Stopped actors, and 4 active threads.
Waiting for actors to stop.
-- Read input: 3.0, which is expected to match: 3.0
Called prefire()
Called fire()
Checking for deadlock:
There are 3 Blocked actors, 0 Stopped actors, and 4 active threads.
Waiting for actors to stop.
Sent output token with value 3.0
Next port to read input from is inputA
Called postfire()
Called prefire()
Called fire()
Checking for deadlock:
There are 2 Blocked actors, 0 Stopped actors, and 4 active threads.
Waiting for actors to stop.
Called postfire()
Called prefire()
Called fire()
Checking for deadlock:
There are 3 Blocked actors, 0 Stopped actors, and 4 active threads.
Waiting for actors to stop.
Read input token from inputA with value 4.0
Checking for deadlock:
There are 2 Blocked actors, 0 Stopped actors, and 4 active threads.
Waiting for actors to stop.
-- Read input: 4.0, which is expected to match: 4.0
Called prefire()
Called fire()
Past the end of training data. Read and discard all inputs.
Checking for deadlock:
There are 3 Blocked actors, 0 Stopped actors, and 4 active threads.
Waiting for actors to stop.
Sent output token with value 4.0
Next port to read input from is inputA
Called postfire()
Called prefire()
Called fire()
Checking for deadlock:
There are 2 Blocked actors, 0 Stopped actors, and 4 active threads.
Waiting for actors to stop.
Called postfire()
Called prefire()
Called fire()
Checking for deadlock:
There are 3 Blocked actors, 0 Stopped actors, and 4 active threads.
Waiting for actors to stop.
Read input token from inputA with value 5.0
Checking for deadlock:
There are 2 Blocked actors, 0 Stopped actors, and 4 active threads.
Waiting for actors to stop.
Called prefire()
Called fire()
Past the end of training data. Read and discard all inputs.
Checking for deadlock:
There are 3 Blocked actors, 0 Stopped actors, and 4 active threads.
Waiting for actors to stop.
Sent output token with value 4.5
Next port to read input from is inputB
Called postfire()
Called prefire()
Called fire()
Checking for deadlock:
There are 2 Blocked actors, 0 Stopped actors, and 4 active threads.
Waiting for actors to stop.
Called postfire()
Called prefire()
Called fire()
Checking for deadlock:
There are 3 Blocked actors, 0 Stopped actors, and 4 active threads.
Waiting for actors to stop.
Read input token from inputB with value 6.0
Checking for deadlock:
There are 2 Blocked actors, 0 Stopped actors, and 4 active threads.
Waiting for actors to stop.
Called prefire()
Called fire()
Past the end of training data. Read and discard all inputs.
Checking for deadlock:
There are 3 Blocked actors, 0 Stopped actors, and 4 active threads.
Waiting for actors to stop.
Sent output token with value 5.0
Next port to read input from is inputA
Called postfire()
Called prefire()
Called fire()
Checking for deadlock:
There are 2 Blocked actors, 0 Stopped actors, and 4 active threads.
Waiting for actors to stop.
Called postfire()
Called prefire()
Called fire()
Checking for deadlock:
There are 3 Blocked actors, 0 Stopped actors, and 4 active threads.
Waiting for actors to stop.
Read input token from inputA with value 6.0
Checking for deadlock:
There are 2 Blocked actors, 0 Stopped actors, and 4 active threads.
Waiting for actors to stop.
Called prefire()
Called fire()
Past the end of training data. Read and discard all inputs.
Checking for deadlock:
There are 3 Blocked actors, 0 Stopped actors, and 4 active threads.
Waiting for actors to stop.
Sent output token with value 6.0
Next port to read input from is inputB
Called postfire()
Called prefire()
Called fire()
Checking for deadlock:
There are 2 Blocked actors, 0 Stopped actors, and 4 active threads.
Waiting for actors to stop.
Called postfire()
Called prefire()
Called fire()
Checking for deadlock:
There are 3 Blocked actors, 0 Stopped actors, and 4 active threads.
Waiting for actors to stop.
Read input token from inputB with value 7.5
Checking for deadlock:
There are 2 Blocked actors, 0 Stopped actors, and 4 active threads.
Waiting for actors to stop.
Called prefire()
Called fire()
Past the end of training data. Read and discard all inputs.
Checking for deadlock:
There are 3 Blocked actors, 0 Stopped actors, and 4 active threads.
Waiting for actors to stop.
Sent output token with value 6.0
Next port to read input from is inputA
Called postfire()
Called prefire()
Called fire()
Checking for deadlock:
There are 2 Blocked actors, 0 Stopped actors, and 4 active threads.
Waiting for actors to stop.
Called postfire()
Called prefire()
Called fire()
Checking for deadlock:
There are 3 Blocked actors, 0 Stopped actors, and 4 active threads.
Waiting for actors to stop.
Read input token from inputA with value 7.0
Checking for deadlock:
There are 2 Blocked actors, 0 Stopped actors, and 4 active threads.
Waiting for actors to stop.
Called prefire()
Called fire()
Past the end of training data. Read and discard all inputs.
Checking for deadlock:
There are 3 Blocked actors, 0 Stopped actors, and 4 active threads.
Waiting for actors to stop.
Sent output token with value 7.0
Next port to read input from is inputA
Called postfire()
Called prefire()
Called fire()
Checking for deadlock:
There are 2 Blocked actors, 0 Stopped actors, and 4 active threads.
Waiting for actors to stop.
-- Thread wrapup() called.
Called wrapup()
Thread .top.Ramp is exiting.
-- Thread stopped.
Checking for deadlock:
There are 2 Blocked actors, 0 Stopped actors, and 3 active threads.
Waiting for actors to stop.
Read input token from inputA with value 8.0
Checking for deadlock:
There are 1 Blocked actors, 0 Stopped actors, and 3 active threads.
Waiting for actors to stop.
Called prefire()
Called fire()
Past the end of training data. Read and discard all inputs.
Checking for deadlock:
There are 2 Blocked actors, 0 Stopped actors, and 3 active threads.
Waiting for actors to stop.
Sent output token with value 7.5
Next port to read input from is inputB
Called postfire()
Called prefire()
Called fire()
Checking for deadlock:
There are 1 Blocked actors, 0 Stopped actors, and 3 active threads.
Waiting for actors to stop.
Called postfire()
Called prefire()
Called fire()
Checking for deadlock:
There are 2 Blocked actors, 0 Stopped actors, and 3 active threads.
Waiting for actors to stop.
Read input token from inputB with value 9.0
Checking for deadlock:
There are 1 Blocked actors, 0 Stopped actors, and 3 active threads.
Waiting for actors to stop.
Called prefire()
Called fire()
Past the end of training data. Read and discard all inputs.
Checking for deadlock:
There are 2 Blocked actors, 0 Stopped actors, and 3 active threads.
Waiting for actors to stop.
Sent output token with value 8.0
Next port to read input from is inputA
Called postfire()
Called prefire()
Called fire()
Read input token from inputA with value 9.0
Checking for deadlock:
There are 1 Blocked actors, 0 Stopped actors, and 3 active threads.
Waiting for actors to stop.
Called prefire()
Called fire()
Past the end of training data. Read and discard all inputs.
Checking for deadlock:
There are 2 Blocked actors, 0 Stopped actors, and 3 active threads.
Waiting for actors to stop.
Sent output token with value 9.0
Next port to read input from is inputB
Called postfire()
Called prefire()
Called fire()
Checking for deadlock:
There are 1 Blocked actors, 0 Stopped actors, and 3 active threads.
Waiting for actors to stop.
Called postfire()
Called prefire()
Called fire()
Checking for deadlock:
There are 2 Blocked actors, 0 Stopped actors, and 3 active threads.
Waiting for actors to stop.
Read input token from inputB with value 10.5
Checking for deadlock:
There are 1 Blocked actors, 0 Stopped actors, and 3 active threads.
Waiting for actors to stop.
Called prefire()
Called fire()
Past the end of training data. Read and discard all inputs.
Checking for deadlock:
There are 2 Blocked actors, 0 Stopped actors, and 3 active threads.
Waiting for actors to stop.
Sent output token with value 9.0
Next port to read input from is inputA
Called postfire()
Called prefire()
Called fire()
Checking for deadlock:
There are 3 Blocked actors, 0 Stopped actors, and 3 active threads.
Actors have stopped.
Checking for deadlock:
There are 3 Blocked actors, 0 Stopped actors, and 3 active threads.
Deadlock detected.
Resolving Deadlock
Checking for deadlock:
There are 3 Blocked actors, 0 Stopped actors, and 3 active threads.
Artificial Deadlock - increasing queue capacity.
increasing the capacity of receiver ptolemy.actor.TypedIOPort {.top.OrderedMerge.inputB} to 2
Director: Called postfire().
Called postfire().
_stopRequested = false
_stopFireRequested = false
Returning from postfire(): true
Called fire().
Checking for deadlock:
There are 2 Blocked actors, 0 Stopped actors, and 3 active threads.
Waiting for actors to stop.
-- Thread wrapup() called.
Called wrapup()
Thread .top.Ramp2 is exiting.
-- Thread stopped.
Checking for deadlock:
There are 2 Blocked actors, 0 Stopped actors, and 2 active threads.
Actors have stopped.
Checking for deadlock:
There are 2 Blocked actors, 0 Stopped actors, and 2 active threads.
Deadlock detected.
Resolving Deadlock
Checking for deadlock:
There are 2 Blocked actors, 0 Stopped actors, and 2 active threads.
Deadlock detected: no processes blocked on write, but some are blocked on read.
Called postfire().
_stopRequested = false
_stopFireRequested = false
Returning from postfire(): false
Finished deactivating branches.
Called wrapup().
-- Thread wrapup() called.
Called wrapup()
Thread .top.OrderedMerge is exiting.
-- Thread stopped.
-- Blocked Receiver call threw TerminateProcessException.
-- Thread wrapup() called.
Called wrapup()
Thread .top.Test is exiting.
-- Thread stopped.
-- Blocked Receiver call threw TerminateProcessException.
34 ms. Memory: 208896K Free: 118449K (57%)
/home/travis/build/icyphy/ptII/ptolemy/actor/lib/test/Publisher.tcl
6 ms. Memory: 208896K Free: 111165K (53%)
4 ms. Memory: 208896K Free: 106308K (51%)
3 ms. Memory: 208896K Free: 103880K (50%)
4 ms. Memory: 208896K Free: 101452K (49%)
2 ms. Memory: 208896K Free: 101452K (49%)
3 ms. Memory: 208896K Free: 99023K (47%)
3 ms. Memory: 208896K Free: 99023K (47%)
3 ms. Memory: 208896K Free: 99023K (47%)
1 ms. Memory: 208896K Free: 89310K (43%)
4 ms. Memory: 208896K Free: 84454K (40%)
2 ms. Memory: 208896K Free: 84454K (40%)
1 ms. Memory: 208896K Free: 82025K (39%)
7 ms. Memory: 332800K Free: 316126K (95%)
6 ms. Memory: 332800K Free: 306556K (92%)
15 ms. Memory: 332800K Free: 296987K (89%)
/home/travis/build/icyphy/ptII/ptolemy/actor/lib/test/Pulse.tcl
2 ms. Memory: 332800K Free: 253924K (76%)
2 ms. Memory: 332800K Free: 253924K (76%)
1 ms. Memory: 332800K Free: 253924K (76%)
2 ms. Memory: 332800K Free: 253924K (76%)
1 ms. Memory: 332800K Free: 249140K (75%)
1 ms. Memory: 332800K Free: 249140K (75%)
3 ms. Memory: 332800K Free: 249140K (75%)
2 ms. Memory: 332800K Free: 249140K (75%)
2 ms. Memory: 332800K Free: 249140K (75%)
/home/travis/build/icyphy/ptII/ptolemy/actor/lib/test/Ramp.tcl
2 ms. Memory: 332800K Free: 244355K (73%)
1 ms. Memory: 332800K Free: 244355K (73%)
1 ms. Memory: 332800K Free: 244355K (73%)
2 ms. Memory: 332800K Free: 244355K (73%)
3 ms. Memory: 332800K Free: 244355K (73%)
4 ms. Memory: 332800K Free: 239570K (72%)
14 ms. Memory: 332800K Free: 239570K (72%)
5 actors
9000 microseconds per iteration to create
14 ms. Memory: 332800K Free: 239570K (72%)
2 ms. Memory: 332800K Free: 239570K (72%)
2 ms. Memory: 332800K Free: 234786K (71%)
2 ms. Memory: 332800K Free: 234786K (71%)
50 actors
33000 microseconds per iteration to create
31 ms. Memory: 332800K Free: 220416K (66%)
6 ms. Memory: 332800K Free: 220416K (66%)
6 ms. Memory: 332800K Free: 220416K (66%)
5 ms. Memory: 332800K Free: 215631K (65%)
500 actors
1515000 microseconds per iteration to create
313 ms. Memory: 332800K Free: 291760K (88%)
59 ms. Memory: 332800K Free: 286933K (86%)
42 ms. Memory: 332800K Free: 277279K (83%)
41 ms. Memory: 332800K Free: 272452K (82%)
/home/travis/build/icyphy/ptII/ptolemy/actor/lib/test/RampContinuous.tcl
7 ms. Memory: 332800K Free: 272452K (82%)
/home/travis/build/icyphy/ptII/ptolemy/actor/lib/test/RecordAssembler.tcl
6 ms. Memory: 332800K Free: 272452K (82%)
3 ms. Memory: 332800K Free: 267609K (80%)
/home/travis/build/icyphy/ptII/ptolemy/actor/lib/test/RecordDisassembler.tcl
5 ms. Memory: 332800K Free: 267609K (80%)
2 ms. Memory: 332800K Free: 267609K (80%)
4 ms. Memory: 332800K Free: 267609K (80%)
/home/travis/build/icyphy/ptII/ptolemy/actor/lib/test/Scale.tcl
3 ms. Memory: 332800K Free: 262779K (79%)
1 ms. Memory: 332800K Free: 262779K (79%)
2 ms. Memory: 332800K Free: 262779K (79%)
2 ms. Memory: 332800K Free: 262779K (79%)
3 ms. Memory: 332800K Free: 262779K (79%)
/home/travis/build/icyphy/ptII/ptolemy/actor/lib/test/SequentialClock.tcl
preinitializing
resolving types
initializing
executing number 1
wrapping up
idle
2 ms. Memory: 332800K Free: 257951K (78%)
Completed execution with 5 iterations
preinitializing
resolving types
initializing
executing number 1
wrapping up
idle
1 ms. Memory: 332800K Free: 257951K (78%)
Completed execution with 5 iterations
preinitializing
resolving types
initializing
executing number 1
wrapping up
idle
2 ms. Memory: 332800K Free: 257951K (78%)
Completed execution with 5 iterations
/home/travis/build/icyphy/ptII/ptolemy/actor/lib/test/SetVariable.tcl
5 ms. Memory: 332800K Free: 257951K (78%)
/home/travis/build/icyphy/ptII/ptolemy/actor/lib/test/Sinewave.tcl
/home/travis/build/icyphy/ptII/ptolemy/actor/lib/test/SubscriptionAggregator.tcl
12 ms. Memory: 332800K Free: 243454K (73%)
9 ms. Memory: 332800K Free: 243454K (73%)
0 ms. Memory: 332800K Free: 243454K (73%)
1 ms. Memory: 332800K Free: 243454K (73%)
1 ms. Memory: 332800K Free: 238619K (72%)
4 ms. Memory: 332800K Free: 233776K (70%)
...............................................................916 ms. Memory: 477696K Free: 95349K (20%)
/home/travis/build/icyphy/ptII/ptolemy/actor/lib/test/Test.tcl
 The next command will produce a warning about training mode,
   which may be ignored.
4 ms. Memory: 477696K Free: 95349K (20%)
2 ms. Memory: 477696K Free: 95349K (20%)
2 ms. Memory: 477696K Free: 95349K (20%)
2 ms. Memory: 477696K Free: 95349K (20%)
2 ms. Memory: 477696K Free: 95349K (20%)
4 ms. Memory: 477696K Free: 95349K (20%)
4 ms. Memory: 477696K Free: 87635K (18%)
 The next command will produce a warning about training mode,
   which may be ignored.
10 ms. Memory: 477696K Free: 87635K (18%)
 The next command will produce a warning about training mode,
   which may be ignored.
2 ms. Memory: 477696K Free: 87635K (18%)
1 ms. Memory: 477696K Free: 87635K (18%)
3 ms. Memory: 477696K Free: 87635K (18%)
4 ms. Memory: 477696K Free: 87635K (18%)
10 ms. Memory: 477696K Free: 87635K (18%)
5 ms. Memory: 477696K Free: 79929K (17%)
/home/travis/build/icyphy/ptII/ptolemy/actor/lib/test/TestExceptionHandler.tcl
 The next command will produce a warning about training mode,
   which may be ignored.
2 ms. Memory: 477696K Free: 79929K (17%)
1 ms. Memory: 477696K Free: 79929K (17%)
2 ms. Memory: 477696K Free: 79929K (17%)
/home/travis/build/icyphy/ptII/ptolemy/actor/lib/test/UnionDisassembler.tcl
25 ms. Memory: 477696K Free: 72216K (15%)
/home/travis/build/icyphy/ptII/ptolemy/actor/lib/test/VariableClock.tcl
preinitializing
resolving types
initializing
executing number 1
wrapping up
idle
9 ms. Memory: 477696K Free: 72216K (15%)
Completed execution with 11 iterations
preinitializing
resolving types
initializing
executing number 1
wrapping up
idle
10 ms. Memory: 477696K Free: 68045K (14%)
Completed execution with 10 iterations
06/18/18 01:33:36
Failed: 0  Total Tests: 234  ((Passed: 234, Newly Passed: 0)  Known Failed: 0) /home/travis/build/icyphy/ptII/ptolemy/actor/lib/test
----------------- testing (KnownFailure) /home/travis/build/icyphy/ptII/ptolemy/actor/lib/test/auto/knownFailedTests/PublisherPortToplevelSubscriber.xml
1 ms. Memory: 481280K Free: 437632K (91%)
Known Failure: java.lang.reflect.InvocationTargetException
----------------- testing (KnownFailure) /home/travis/build/icyphy/ptII/ptolemy/actor/lib/test/auto/knownFailedTests/PublisherSubscriberPortToplevel.xml
1 ms. Memory: 481280K Free: 414347K (86%)
Known Failure: java.lang.reflect.InvocationTargetException
----------------- testing (KnownFailure) /home/travis/build/icyphy/ptII/ptolemy/actor/lib/test/auto/knownFailedTests/PublisherSubscriptionAggregatorPort.xml
0 ms. Memory: 481280K Free: 398762K (83%)
Known Failure: java.lang.reflect.InvocationTargetException
----------------- testing (KnownFailure) /home/travis/build/icyphy/ptII/ptolemy/actor/lib/test/auto/knownFailedTests/sizedarray3.xml
3 ms. Memory: 481280K Free: 383176K (80%)
Known Failure: java.lang.reflect.InvocationTargetException
No auto/linux-amd64/*.xml tests in /home/travis/build/icyphy/ptII/ptolemy/actor/lib/test
AutoTests.java: About to close Vertx.
AutoTests.java: Vertx closed.

===========================================================================================
----------------- testing Mon Jun 18 13:33:37 UTC 2018 /home/travis/build/icyphy/ptII/ptolemy/actor/lib/test/auto/AbsoluteValue.xml
----------------- Instantiating /home/travis/build/icyphy/ptII/ptolemy/actor/lib/test/auto/AbsoluteValue.xml
13 ms. Memory: 481280K Free: 313197K (65%)
----------------- Invoking toplevel() on ptolemy.moml.MoMLSimpleApplication@2126a877
----------------- Done invoking toplevel() on ptolemy.moml.MoMLSimpleApplication@2126a877
reloadAllAccessors: .AbsoluteValue

===========================================================================================
----------------- testing Mon Jun 18 13:33:37 UTC 2018 /home/travis/build/icyphy/ptII/ptolemy/actor/lib/test/auto/AbsoluteValue2.xml
----------------- Instantiating /home/travis/build/icyphy/ptII/ptolemy/actor/lib/test/auto/AbsoluteValue2.xml
6 ms. Memory: 481280K Free: 301492K (63%)
----------------- Invoking toplevel() on ptolemy.moml.MoMLSimpleApplication@3b262521
----------------- Done invoking toplevel() on ptolemy.moml.MoMLSimpleApplication@3b262521
reloadAllAccessors: .AbsoluteValue2

===========================================================================================
----------------- testing Mon Jun 18 13:33:37 UTC 2018 /home/travis/build/icyphy/ptII/ptolemy/actor/lib/test/auto/Accumulator.xml
----------------- Instantiating /home/travis/build/icyphy/ptII/ptolemy/actor/lib/test/auto/Accumulator.xml
8 ms. Memory: 481280K Free: 289787K (60%)
----------------- Invoking toplevel() on ptolemy.moml.MoMLSimpleApplication@767cca6a
----------------- Done invoking toplevel() on ptolemy.moml.MoMLSimpleApplication@767cca6a
reloadAllAccessors: .Accumulator

===========================================================================================
----------------- testing Mon Jun 18 13:33:37 UTC 2018 /home/travis/build/icyphy/ptII/ptolemy/actor/lib/test/auto/Accumulator2.xml
----------------- Instantiating /home/travis/build/icyphy/ptII/ptolemy/actor/lib/test/auto/Accumulator2.xml
3 ms. Memory: 481280K Free: 274295K (57%)
----------------- Invoking toplevel() on ptolemy.moml.MoMLSimpleApplication@6a6f6e8f
----------------- Done invoking toplevel() on ptolemy.moml.MoMLSimpleApplication@6a6f6e8f
reloadAllAccessors: .Accumulator2

===========================================================================================
----------------- testing Mon Jun 18 13:33:37 UTC 2018 /home/travis/build/icyphy/ptII/ptolemy/actor/lib/test/auto/Accumulator3.xml
----------------- Instantiating /home/travis/build/icyphy/ptII/ptolemy/actor/lib/test/auto/Accumulator3.xml
3 ms. Memory: 481280K Free: 266502K (55%)
----------------- Invoking toplevel() on ptolemy.moml.MoMLSimpleApplication@612a0a73
----------------- Done invoking toplevel() on ptolemy.moml.MoMLSimpleApplication@612a0a73
reloadAllAccessors: .Accumulator3

===========================================================================================
----------------- testing Mon Jun 18 13:33:37 UTC 2018 /home/travis/build/icyphy/ptII/ptolemy/actor/lib/test/auto/ArrayAppend.xml
----------------- Instantiating /home/travis/build/icyphy/ptII/ptolemy/actor/lib/test/auto/ArrayAppend.xml
5 ms. Memory: 481280K Free: 254797K (53%)
----------------- Invoking toplevel() on ptolemy.moml.MoMLSimpleApplication@7a766ad2
----------------- Done invoking toplevel() on ptolemy.moml.MoMLSimpleApplication@7a766ad2
reloadAllAccessors: .ArrayAppend

===========================================================================================
----------------- testing Mon Jun 18 13:33:37 UTC 2018 /home/travis/build/icyphy/ptII/ptolemy/actor/lib/test/auto/ArrayAppend2.xml
----------------- Instantiating /home/travis/build/icyphy/ptII/ptolemy/actor/lib/test/auto/ArrayAppend2.xml
680 ms. Memory: 481280K Free: 165275K (34%)
----------------- Invoking toplevel() on ptolemy.moml.MoMLSimpleApplication@6cd03bd9
----------------- Done invoking toplevel() on ptolemy.moml.MoMLSimpleApplication@6cd03bd9
reloadAllAccessors: .ArrayAppend2

===========================================================================================
----------------- testing Mon Jun 18 13:33:38 UTC 2018 /home/travis/build/icyphy/ptII/ptolemy/actor/lib/test/auto/ArrayAppend3.xml
----------------- Instantiating /home/travis/build/icyphy/ptII/ptolemy/actor/lib/test/auto/ArrayAppend3.xml
8 ms. Memory: 481280K Free: 157483K (33%)
----------------- Invoking toplevel() on ptolemy.moml.MoMLSimpleApplication@76fd714
----------------- Done invoking toplevel() on ptolemy.moml.MoMLSimpleApplication@76fd714
reloadAllAccessors: .ArrayAppend3

===========================================================================================
----------------- testing Mon Jun 18 13:33:38 UTC 2018 /home/travis/build/icyphy/ptII/ptolemy/actor/lib/test/auto/ArrayAppend4.xml
----------------- Instantiating /home/travis/build/icyphy/ptII/ptolemy/actor/lib/test/auto/ArrayAppend4.xml
9 ms. Memory: 481280K Free: 149690K (31%)
----------------- Invoking toplevel() on ptolemy.moml.MoMLSimpleApplication@511ea8c0
----------------- Done invoking toplevel() on ptolemy.moml.MoMLSimpleApplication@511ea8c0
reloadAllAccessors: .ArrayAppend4

===========================================================================================
----------------- testing Mon Jun 18 13:33:38 UTC 2018 /home/travis/build/icyphy/ptII/ptolemy/actor/lib/test/auto/ArrayAppend5.xml
----------------- Instantiating /home/travis/build/icyphy/ptII/ptolemy/actor/lib/test/auto/ArrayAppend5.xml
2 ms. Memory: 481280K Free: 141897K (29%)
----------------- Invoking toplevel() on ptolemy.moml.MoMLSimpleApplication@7de520a3
----------------- Done invoking toplevel() on ptolemy.moml.MoMLSimpleApplication@7de520a3
reloadAllAccessors: .ArrayAppend5

===========================================================================================
----------------- testing Mon Jun 18 13:33:38 UTC 2018 /home/travis/build/icyphy/ptII/ptolemy/actor/lib/test/auto/ArrayAppend6.xml
----------------- Instantiating /home/travis/build/icyphy/ptII/ptolemy/actor/lib/test/auto/ArrayAppend6.xml
3 ms. Memory: 481280K Free: 126405K (26%)
----------------- Invoking toplevel() on ptolemy.moml.MoMLSimpleApplication@242222d4
----------------- Done invoking toplevel() on ptolemy.moml.MoMLSimpleApplication@242222d4
reloadAllAccessors: .ArrayAppend6

===========================================================================================
----------------- testing Mon Jun 18 13:33:38 UTC 2018 /home/travis/build/icyphy/ptII/ptolemy/actor/lib/test/auto/ArrayAppendPerformanceTest.xml
----------------- Instantiating /home/travis/build/icyphy/ptII/ptolemy/actor/lib/test/auto/ArrayAppendPerformanceTest.xml
33 ms. Memory: 481280K Free: 110820K (23%)
----------------- Invoking toplevel() on ptolemy.moml.MoMLSimpleApplication@55e632d6
----------------- Done invoking toplevel() on ptolemy.moml.MoMLSimpleApplication@55e632d6
reloadAllAccessors: .ArrayAppendPerformanceTest

===========================================================================================
----------------- testing Mon Jun 18 13:33:38 UTC 2018 /home/travis/build/icyphy/ptII/ptolemy/actor/lib/test/auto/ArrayAppendWithEmptyInput.xml
----------------- Instantiating /home/travis/build/icyphy/ptII/ptolemy/actor/lib/test/auto/ArrayAppendWithEmptyInput.xml
11 ms. Memory: 481280K Free: 99115K (21%)
----------------- Invoking toplevel() on ptolemy.moml.MoMLSimpleApplication@71ecc391
----------------- Done invoking toplevel() on ptolemy.moml.MoMLSimpleApplication@71ecc391
reloadAllAccessors: .ArrayAppendWithEmptyInput

===========================================================================================
----------------- testing Mon Jun 18 13:33:38 UTC 2018 /home/travis/build/icyphy/ptII/ptolemy/actor/lib/test/auto/ArrayAverage.xml
----------------- Instantiating /home/travis/build/icyphy/ptII/ptolemy/actor/lib/test/auto/ArrayAverage.xml
4 ms. Memory: 481280K Free: 79719K (17%)
----------------- Invoking toplevel() on ptolemy.moml.MoMLSimpleApplication@587ddf73
----------------- Done invoking toplevel() on ptolemy.moml.MoMLSimpleApplication@587ddf73
reloadAllAccessors: .ArrayAverage

===========================================================================================
----------------- testing Mon Jun 18 13:33:38 UTC 2018 /home/travis/build/icyphy/ptII/ptolemy/actor/lib/test/auto/ArrayContains.xml
----------------- Instantiating /home/travis/build/icyphy/ptII/ptolemy/actor/lib/test/auto/ArrayContains.xml
7 ms. Memory: 481280K Free: 71926K (15%)
----------------- Invoking toplevel() on ptolemy.moml.MoMLSimpleApplication@66df7556
----------------- Done invoking toplevel() on ptolemy.moml.MoMLSimpleApplication@66df7556
reloadAllAccessors: .ArrayContains

===========================================================================================
----------------- testing Mon Jun 18 13:33:38 UTC 2018 /home/travis/build/icyphy/ptII/ptolemy/actor/lib/test/auto/ArrayElement.xml
----------------- Instantiating /home/travis/build/icyphy/ptII/ptolemy/actor/lib/test/auto/ArrayElement.xml
8 ms. Memory: 481280K Free: 64133K (13%)
----------------- Invoking toplevel() on ptolemy.moml.MoMLSimpleApplication@4d4da706
----------------- Done invoking toplevel() on ptolemy.moml.MoMLSimpleApplication@4d4da706
reloadAllAccessors: .ArrayElement

===========================================================================================
----------------- testing Mon Jun 18 13:33:38 UTC 2018 /home/travis/build/icyphy/ptII/ptolemy/actor/lib/test/auto/ArrayElementAsMatrix.xml
----------------- Instantiating /home/travis/build/icyphy/ptII/ptolemy/actor/lib/test/auto/ArrayElementAsMatrix.xml
58 ms. Memory: 720384K Free: 671784K (93%)
----------------- Invoking toplevel() on ptolemy.moml.MoMLSimpleApplication@6dc14620
----------------- Done invoking toplevel() on ptolemy.moml.MoMLSimpleApplication@6dc14620
reloadAllAccessors: .ArrayElementAsMatrix

===========================================================================================
----------------- testing Mon Jun 18 13:33:38 UTC 2018 /home/travis/build/icyphy/ptII/ptolemy/actor/lib/test/auto/ArrayElementI.xml
----------------- Instantiating /home/travis/build/icyphy/ptII/ptolemy/actor/lib/test/auto/ArrayElementI.xml
3 ms. Memory: 720384K Free: 651660K (90%)
----------------- Invoking toplevel() on ptolemy.moml.MoMLSimpleApplication@77405e45
----------------- Done invoking toplevel() on ptolemy.moml.MoMLSimpleApplication@77405e45
reloadAllAccessors: .ArrayElementI

===========================================================================================
----------------- testing Mon Jun 18 13:33:39 UTC 2018 /home/travis/build/icyphy/ptII/ptolemy/actor/lib/test/auto/ArrayExtract.xml
----------------- Instantiating /home/travis/build/icyphy/ptII/ptolemy/actor/lib/test/auto/ArrayExtract.xml
5 ms. Memory: 720384K Free: 639172K (89%)
----------------- Invoking toplevel() on ptolemy.moml.MoMLSimpleApplication@3ac4b86f
----------------- Done invoking toplevel() on ptolemy.moml.MoMLSimpleApplication@3ac4b86f
reloadAllAccessors: .ArrayExtract

===========================================================================================
----------------- testing Mon Jun 18 13:33:39 UTC 2018 /home/travis/build/icyphy/ptII/ptolemy/actor/lib/test/auto/ArrayExtract2.xml
----------------- Instantiating /home/travis/build/icyphy/ptII/ptolemy/actor/lib/test/auto/ArrayExtract2.xml
2 ms. Memory: 720384K Free: 630857K (88%)
----------------- Invoking toplevel() on ptolemy.moml.MoMLSimpleApplication@2e87d0df
----------------- Done invoking toplevel() on ptolemy.moml.MoMLSimpleApplication@2e87d0df
reloadAllAccessors: .ArrayExtract2

===========================================================================================
----------------- testing Mon Jun 18 13:33:39 UTC 2018 /home/travis/build/icyphy/ptII/ptolemy/actor/lib/test/auto/ArrayLength.xml
----------------- Instantiating /home/travis/build/icyphy/ptII/ptolemy/actor/lib/test/auto/ArrayLength.xml
2 ms. Memory: 720384K Free: 613913K (85%)
----------------- Invoking toplevel() on ptolemy.moml.MoMLSimpleApplication@5dc6f0b6
----------------- Done invoking toplevel() on ptolemy.moml.MoMLSimpleApplication@5dc6f0b6
reloadAllAccessors: .ArrayLength

===========================================================================================
----------------- testing Mon Jun 18 13:33:39 UTC 2018 /home/travis/build/icyphy/ptII/ptolemy/actor/lib/test/auto/ArrayLevelCrossing.xml
----------------- Instantiating /home/travis/build/icyphy/ptII/ptolemy/actor/lib/test/auto/ArrayLevelCrossing.xml
8 ms. Memory: 720384K Free: 601433K (83%)
----------------- Invoking toplevel() on ptolemy.moml.MoMLSimpleApplication@3dffacd7
----------------- Done invoking toplevel() on ptolemy.moml.MoMLSimpleApplication@3dffacd7
reloadAllAccessors: .ArrayLevelCrossing

===========================================================================================
----------------- testing Mon Jun 18 13:33:39 UTC 2018 /home/travis/build/icyphy/ptII/ptolemy/actor/lib/test/auto/ArrayLevelCrossing2.xml
----------------- Instantiating /home/travis/build/icyphy/ptII/ptolemy/actor/lib/test/auto/ArrayLevelCrossing2.xml
3 ms. Memory: 720384K Free: 588944K (82%)
----------------- Invoking toplevel() on ptolemy.moml.MoMLSimpleApplication@75127165
----------------- Done invoking toplevel() on ptolemy.moml.MoMLSimpleApplication@75127165
reloadAllAccessors: .ArrayLevelCrossing2

===========================================================================================
----------------- testing Mon Jun 18 13:33:39 UTC 2018 /home/travis/build/icyphy/ptII/ptolemy/actor/lib/test/auto/ArrayPeakSearch.xml
----------------- Instantiating /home/travis/build/icyphy/ptII/ptolemy/actor/lib/test/auto/ArrayPeakSearch.xml
6 ms. Memory: 720384K Free: 576464K (80%)
----------------- Invoking toplevel() on ptolemy.moml.MoMLSimpleApplication@d73974e
----------------- Done invoking toplevel() on ptolemy.moml.MoMLSimpleApplication@d73974e
reloadAllAccessors: .ArrayPeakSearch

===========================================================================================
----------------- testing Mon Jun 18 13:33:39 UTC 2018 /home/travis/build/icyphy/ptII/ptolemy/actor/lib/test/auto/ArrayPeakSearch2.xml
----------------- Instantiating /home/travis/build/icyphy/ptII/ptolemy/actor/lib/test/auto/ArrayPeakSearch2.xml
5 ms. Memory: 720384K Free: 555347K (77%)
----------------- Invoking toplevel() on ptolemy.moml.MoMLSimpleApplication@71dc84cc
----------------- Done invoking toplevel() on ptolemy.moml.MoMLSimpleApplication@71dc84cc
reloadAllAccessors: .ArrayPeakSearch2

===========================================================================================
----------------- testing Mon Jun 18 13:33:39 UTC 2018 /home/travis/build/icyphy/ptII/ptolemy/actor/lib/test/auto/ArrayPeakSearch3.xml
----------------- Instantiating /home/travis/build/icyphy/ptII/ptolemy/actor/lib/test/auto/ArrayPeakSearch3.xml
6 ms. Memory: 720384K Free: 542859K (75%)
----------------- Invoking toplevel() on ptolemy.moml.MoMLSimpleApplication@ab9bf33
----------------- Done invoking toplevel() on ptolemy.moml.MoMLSimpleApplication@ab9bf33
reloadAllAccessors: .ArrayPeakSearch3

===========================================================================================
----------------- testing Mon Jun 18 13:33:39 UTC 2018 /home/travis/build/icyphy/ptII/ptolemy/actor/lib/test/auto/ArrayRemoveElement.xml
----------------- Instantiating /home/travis/build/icyphy/ptII/ptolemy/actor/lib/test/auto/ArrayRemoveElement.xml
3 ms. Memory: 720384K Free: 530386K (74%)
----------------- Invoking toplevel() on ptolemy.moml.MoMLSimpleApplication@693fd41
----------------- Done invoking toplevel() on ptolemy.moml.MoMLSimpleApplication@693fd41
reloadAllAccessors: .ArrayRemoveElement

===========================================================================================
----------------- testing Mon Jun 18 13:33:39 UTC 2018 /home/travis/build/icyphy/ptII/ptolemy/actor/lib/test/auto/ArraySort.xml
----------------- Instantiating /home/travis/build/icyphy/ptII/ptolemy/actor/lib/test/auto/ArraySort.xml
4 ms. Memory: 720384K Free: 517898K (72%)
----------------- Invoking toplevel() on ptolemy.moml.MoMLSimpleApplication@4fbc871e
----------------- Done invoking toplevel() on ptolemy.moml.MoMLSimpleApplication@4fbc871e
reloadAllAccessors: .ArraySort

===========================================================================================
----------------- testing Mon Jun 18 13:33:39 UTC 2018 /home/travis/build/icyphy/ptII/ptolemy/actor/lib/test/auto/ArraySum.xml
----------------- Instantiating /home/travis/build/icyphy/ptII/ptolemy/actor/lib/test/auto/ArraySum.xml
6 ms. Memory: 720384K Free: 496901K (69%)
----------------- Invoking toplevel() on ptolemy.moml.MoMLSimpleApplication@7f33f4f2
----------------- Done invoking toplevel() on ptolemy.moml.MoMLSimpleApplication@7f33f4f2
reloadAllAccessors: .ArraySum

===========================================================================================
----------------- testing Mon Jun 18 13:33:39 UTC 2018 /home/travis/build/icyphy/ptII/ptolemy/actor/lib/test/auto/ArrayToElements.xml
----------------- Instantiating /home/travis/build/icyphy/ptII/ptolemy/actor/lib/test/auto/ArrayToElements.xml
4 ms. Memory: 720384K Free: 488586K (68%)
----------------- Invoking toplevel() on ptolemy.moml.MoMLSimpleApplication@232bce5a
----------------- Done invoking toplevel() on ptolemy.moml.MoMLSimpleApplication@232bce5a
reloadAllAccessors: .ArrayToElements

===========================================================================================
----------------- testing Mon Jun 18 13:33:39 UTC 2018 /home/travis/build/icyphy/ptII/ptolemy/actor/lib/test/auto/ArrayToMatrix.xml
----------------- Instantiating /home/travis/build/icyphy/ptII/ptolemy/actor/lib/test/auto/ArrayToMatrix.xml
8 ms. Memory: 720384K Free: 467775K (65%)
----------------- Invoking toplevel() on ptolemy.moml.MoMLSimpleApplication@6c0f343b
----------------- Done invoking toplevel() on ptolemy.moml.MoMLSimpleApplication@6c0f343b
reloadAllAccessors: .ArrayToMatrix

===========================================================================================
----------------- testing Mon Jun 18 13:33:39 UTC 2018 /home/travis/build/icyphy/ptII/ptolemy/actor/lib/test/auto/ArrayUpdate1.xml
----------------- Instantiating /home/travis/build/icyphy/ptII/ptolemy/actor/lib/test/auto/ArrayUpdate1.xml
2 ms. Memory: 720384K Free: 459460K (64%)
----------------- Invoking toplevel() on ptolemy.moml.MoMLSimpleApplication@11a0d42d
----------------- Done invoking toplevel() on ptolemy.moml.MoMLSimpleApplication@11a0d42d
reloadAllAccessors: .ArrayUpdate1

===========================================================================================
----------------- testing Mon Jun 18 13:33:39 UTC 2018 /home/travis/build/icyphy/ptII/ptolemy/actor/lib/test/auto/ArrayUpdate2.xml
----------------- Instantiating /home/travis/build/icyphy/ptII/ptolemy/actor/lib/test/auto/ArrayUpdate2.xml
5 ms. Memory: 720384K Free: 442516K (61%)
----------------- Invoking toplevel() on ptolemy.moml.MoMLSimpleApplication@6f95fb18
----------------- Done invoking toplevel() on ptolemy.moml.MoMLSimpleApplication@6f95fb18
reloadAllAccessors: .ArrayUpdate2

===========================================================================================
----------------- testing Mon Jun 18 13:33:39 UTC 2018 /home/travis/build/icyphy/ptII/ptolemy/actor/lib/test/auto/ArrayUpdate3.xml
----------------- Instantiating /home/travis/build/icyphy/ptII/ptolemy/actor/lib/test/auto/ArrayUpdate3.xml
2 ms. Memory: 720384K Free: 434201K (60%)
----------------- Invoking toplevel() on ptolemy.moml.MoMLSimpleApplication@dc70b5e
----------------- Done invoking toplevel() on ptolemy.moml.MoMLSimpleApplication@dc70b5e
reloadAllAccessors: .ArrayUpdate3

===========================================================================================
----------------- testing Mon Jun 18 13:33:39 UTC 2018 /home/travis/build/icyphy/ptII/ptolemy/actor/lib/test/auto/Assert1.xml
----------------- Instantiating /home/travis/build/icyphy/ptII/ptolemy/actor/lib/test/auto/Assert1.xml
2 ms. Memory: 720384K Free: 425886K (59%)
----------------- Invoking toplevel() on ptolemy.moml.MoMLSimpleApplication@241cf17f
----------------- Done invoking toplevel() on ptolemy.moml.MoMLSimpleApplication@241cf17f
reloadAllAccessors: .Assert1

===========================================================================================
----------------- testing Mon Jun 18 13:33:39 UTC 2018 /home/travis/build/icyphy/ptII/ptolemy/actor/lib/test/auto/Assert2.xml
----------------- Instantiating /home/travis/build/icyphy/ptII/ptolemy/actor/lib/test/auto/Assert2.xml
9 ms. Memory: 720384K Free: 417571K (58%)
----------------- Invoking toplevel() on ptolemy.moml.MoMLSimpleApplication@5043937b
----------------- Done invoking toplevel() on ptolemy.moml.MoMLSimpleApplication@5043937b
reloadAllAccessors: .Assert2

===========================================================================================
----------------- testing Mon Jun 18 13:33:39 UTC 2018 /home/travis/build/icyphy/ptII/ptolemy/actor/lib/test/auto/BooleanMultiplexor.xml
----------------- Instantiating /home/travis/build/icyphy/ptII/ptolemy/actor/lib/test/auto/BooleanMultiplexor.xml
3 ms. Memory: 720384K Free: 400628K (56%)
----------------- Invoking toplevel() on ptolemy.moml.MoMLSimpleApplication@58094c00
----------------- Done invoking toplevel() on ptolemy.moml.MoMLSimpleApplication@58094c00
reloadAllAccessors: .BooleanMultiplexor

===========================================================================================
----------------- testing Mon Jun 18 13:33:39 UTC 2018 /home/travis/build/icyphy/ptII/ptolemy/actor/lib/test/auto/BooleanMultiplexor2.xml
----------------- Instantiating /home/travis/build/icyphy/ptII/ptolemy/actor/lib/test/auto/BooleanMultiplexor2.xml
15 ms. Memory: 720384K Free: 388139K (54%)
----------------- Invoking toplevel() on ptolemy.moml.MoMLSimpleApplication@2383d5df
----------------- Done invoking toplevel() on ptolemy.moml.MoMLSimpleApplication@2383d5df
reloadAllAccessors: .BooleanMultiplexor2

===========================================================================================
----------------- testing Mon Jun 18 13:33:39 UTC 2018 /home/travis/build/icyphy/ptII/ptolemy/actor/lib/test/auto/BooleanMultiplexor3.xml
----------------- Instantiating /home/travis/build/icyphy/ptII/ptolemy/actor/lib/test/auto/BooleanMultiplexor3.xml
2 ms. Memory: 720384K Free: 379825K (53%)
----------------- Invoking toplevel() on ptolemy.moml.MoMLSimpleApplication@2de3eb51
----------------- Done invoking toplevel() on ptolemy.moml.MoMLSimpleApplication@2de3eb51
reloadAllAccessors: .BooleanMultiplexor3

===========================================================================================
----------------- testing Mon Jun 18 13:33:39 UTC 2018 /home/travis/build/icyphy/ptII/ptolemy/actor/lib/test/auto/BooleanSelect.xml
----------------- Instantiating /home/travis/build/icyphy/ptII/ptolemy/actor/lib/test/auto/BooleanSelect.xml
13 ms. Memory: 720384K Free: 371510K (52%)
----------------- Invoking toplevel() on ptolemy.moml.MoMLSimpleApplication@1db5ecd7
----------------- Done invoking toplevel() on ptolemy.moml.MoMLSimpleApplication@1db5ecd7
reloadAllAccessors: .BooleanSelect

===========================================================================================
----------------- testing Mon Jun 18 13:33:39 UTC 2018 /home/travis/build/icyphy/ptII/ptolemy/actor/lib/test/auto/BooleanSelect2.xml
----------------- Instantiating /home/travis/build/icyphy/ptII/ptolemy/actor/lib/test/auto/BooleanSelect2.xml
2 ms. Memory: 720384K Free: 354566K (49%)
----------------- Invoking toplevel() on ptolemy.moml.MoMLSimpleApplication@33ed35c7
----------------- Done invoking toplevel() on ptolemy.moml.MoMLSimpleApplication@33ed35c7
reloadAllAccessors: .BooleanSelect2

===========================================================================================
----------------- testing Mon Jun 18 13:33:39 UTC 2018 /home/travis/build/icyphy/ptII/ptolemy/actor/lib/test/auto/BooleanSwitch.xml
----------------- Instantiating /home/travis/build/icyphy/ptII/ptolemy/actor/lib/test/auto/BooleanSwitch.xml
4 ms. Memory: 720384K Free: 346251K (48%)
----------------- Invoking toplevel() on ptolemy.moml.MoMLSimpleApplication@6cf0f3e
----------------- Done invoking toplevel() on ptolemy.moml.MoMLSimpleApplication@6cf0f3e
reloadAllAccessors: .BooleanSwitch

===========================================================================================
----------------- testing Mon Jun 18 13:33:39 UTC 2018 /home/travis/build/icyphy/ptII/ptolemy/actor/lib/test/auto/BooleanSwitch2.xml
----------------- Instantiating /home/travis/build/icyphy/ptII/ptolemy/actor/lib/test/auto/BooleanSwitch2.xml
2 ms. Memory: 720384K Free: 337652K (47%)
----------------- Invoking toplevel() on ptolemy.moml.MoMLSimpleApplication@3ce590ab
----------------- Done invoking toplevel() on ptolemy.moml.MoMLSimpleApplication@3ce590ab
reloadAllAccessors: .BooleanSwitch2

===========================================================================================
----------------- testing Mon Jun 18 13:33:39 UTC 2018 /home/travis/build/icyphy/ptII/ptolemy/actor/lib/test/auto/BooleanSwitchCloningBugWithClassRelationGroup.xml
----------------- Instantiating /home/travis/build/icyphy/ptII/ptolemy/actor/lib/test/auto/BooleanSwitchCloningBugWithClassRelationGroup.xml
2 ms. Memory: 720384K Free: 325164K (45%)
----------------- Invoking toplevel() on ptolemy.moml.MoMLSimpleApplication@2263931c
----------------- Done invoking toplevel() on ptolemy.moml.MoMLSimpleApplication@2263931c
reloadAllAccessors: .BooleanSwitchCloningBugWithClassRelationGroup

===========================================================================================
----------------- testing Mon Jun 18 13:33:40 UTC 2018 /home/travis/build/icyphy/ptII/ptolemy/actor/lib/test/auto/BusActors.xml
----------------- Instantiating /home/travis/build/icyphy/ptII/ptolemy/actor/lib/test/auto/BusActors.xml
3 ms. Memory: 720384K Free: 304063K (42%)
----------------- Invoking toplevel() on ptolemy.moml.MoMLSimpleApplication@1bf89cd8
----------------- Done invoking toplevel() on ptolemy.moml.MoMLSimpleApplication@1bf89cd8
reloadAllAccessors: .BusActors

===========================================================================================
----------------- testing Mon Jun 18 13:33:40 UTC 2018 /home/travis/build/icyphy/ptII/ptolemy/actor/lib/test/auto/ClassWrapper.xml
----------------- Instantiating /home/travis/build/icyphy/ptII/ptolemy/actor/lib/test/auto/ClassWrapper.xml
3 ms. Memory: 720384K Free: 295748K (41%)
----------------- Invoking toplevel() on ptolemy.moml.MoMLSimpleApplication@648807d4
----------------- Done invoking toplevel() on ptolemy.moml.MoMLSimpleApplication@648807d4
reloadAllAccessors: .ClassWrapper

===========================================================================================
----------------- testing Mon Jun 18 13:33:40 UTC 2018 /home/travis/build/icyphy/ptII/ptolemy/actor/lib/test/auto/Clock.xml
----------------- Instantiating /home/travis/build/icyphy/ptII/ptolemy/actor/lib/test/auto/Clock.xml
1 ms. Memory: 720384K Free: 287433K (40%)
----------------- Invoking toplevel() on ptolemy.moml.MoMLSimpleApplication@82019ba
----------------- Done invoking toplevel() on ptolemy.moml.MoMLSimpleApplication@82019ba
reloadAllAccessors: .Clock

===========================================================================================
----------------- testing Mon Jun 18 13:33:40 UTC 2018 /home/travis/build/icyphy/ptII/ptolemy/actor/lib/test/auto/Clock10.xml
----------------- Instantiating /home/travis/build/icyphy/ptII/ptolemy/actor/lib/test/auto/Clock10.xml
4 ms. Memory: 720384K Free: 279118K (39%)
----------------- Invoking toplevel() on ptolemy.moml.MoMLSimpleApplication@62e25cf6
----------------- Done invoking toplevel() on ptolemy.moml.MoMLSimpleApplication@62e25cf6
reloadAllAccessors: .Clock10

===========================================================================================
----------------- testing Mon Jun 18 13:33:40 UTC 2018 /home/travis/build/icyphy/ptII/ptolemy/actor/lib/test/auto/Clock11.xml
----------------- Instantiating /home/travis/build/icyphy/ptII/ptolemy/actor/lib/test/auto/Clock11.xml
5 ms. Memory: 720384K Free: 262175K (36%)
----------------- Invoking toplevel() on ptolemy.moml.MoMLSimpleApplication@52d69819
----------------- Done invoking toplevel() on ptolemy.moml.MoMLSimpleApplication@52d69819
reloadAllAccessors: .Clock11

===========================================================================================
----------------- testing Mon Jun 18 13:33:40 UTC 2018 /home/travis/build/icyphy/ptII/ptolemy/actor/lib/test/auto/Clock12.xml
----------------- Instantiating /home/travis/build/icyphy/ptII/ptolemy/actor/lib/test/auto/Clock12.xml
4 ms. Memory: 720384K Free: 253860K (35%)
----------------- Invoking toplevel() on ptolemy.moml.MoMLSimpleApplication@7ab5487e
----------------- Done invoking toplevel() on ptolemy.moml.MoMLSimpleApplication@7ab5487e
reloadAllAccessors: .Clock12

===========================================================================================
----------------- testing Mon Jun 18 13:33:40 UTC 2018 /home/travis/build/icyphy/ptII/ptolemy/actor/lib/test/auto/Clock13.xml
----------------- Instantiating /home/travis/build/icyphy/ptII/ptolemy/actor/lib/test/auto/Clock13.xml
8 ms. Memory: 720384K Free: 245545K (34%)
----------------- Invoking toplevel() on ptolemy.moml.MoMLSimpleApplication@6015bcbc
----------------- Done invoking toplevel() on ptolemy.moml.MoMLSimpleApplication@6015bcbc
reloadAllAccessors: .Clock13

===========================================================================================
----------------- testing Mon Jun 18 13:33:40 UTC 2018 /home/travis/build/icyphy/ptII/ptolemy/actor/lib/test/auto/Clock14.xml
----------------- Instantiating /home/travis/build/icyphy/ptII/ptolemy/actor/lib/test/auto/Clock14.xml
8 ms. Memory: 720384K Free: 237230K (33%)
----------------- Invoking toplevel() on ptolemy.moml.MoMLSimpleApplication@735a3a53
----------------- Done invoking toplevel() on ptolemy.moml.MoMLSimpleApplication@735a3a53
reloadAllAccessors: .Clock14

===========================================================================================
----------------- testing Mon Jun 18 13:33:40 UTC 2018 /home/travis/build/icyphy/ptII/ptolemy/actor/lib/test/auto/Clock15.xml
----------------- Instantiating /home/travis/build/icyphy/ptII/ptolemy/actor/lib/test/auto/Clock15.xml
2 ms. Memory: 720384K Free: 220286K (31%)
----------------- Invoking toplevel() on ptolemy.moml.MoMLSimpleApplication@304dee7b
----------------- Done invoking toplevel() on ptolemy.moml.MoMLSimpleApplication@304dee7b
reloadAllAccessors: .Clock15

===========================================================================================
----------------- testing Mon Jun 18 13:33:40 UTC 2018 /home/travis/build/icyphy/ptII/ptolemy/actor/lib/test/auto/Clock16.xml
----------------- Instantiating /home/travis/build/icyphy/ptII/ptolemy/actor/lib/test/auto/Clock16.xml
15 ms. Memory: 720384K Free: 203640K (28%)
----------------- Invoking toplevel() on ptolemy.moml.MoMLSimpleApplication@42ebfb92
----------------- Done invoking toplevel() on ptolemy.moml.MoMLSimpleApplication@42ebfb92
reloadAllAccessors: .Clock16

===========================================================================================
----------------- testing Mon Jun 18 13:33:40 UTC 2018 /home/travis/build/icyphy/ptII/ptolemy/actor/lib/test/auto/Clock17.xml
----------------- Instantiating /home/travis/build/icyphy/ptII/ptolemy/actor/lib/test/auto/Clock17.xml
17 ms. Memory: 720384K Free: 186978K (26%)
----------------- Invoking toplevel() on ptolemy.moml.MoMLSimpleApplication@1076e08b
----------------- Done invoking toplevel() on ptolemy.moml.MoMLSimpleApplication@1076e08b
reloadAllAccessors: .Clock17

===========================================================================================
----------------- testing Mon Jun 18 13:33:40 UTC 2018 /home/travis/build/icyphy/ptII/ptolemy/actor/lib/test/auto/Clock18.xml
----------------- Instantiating /home/travis/build/icyphy/ptII/ptolemy/actor/lib/test/auto/Clock18.xml
16 ms. Memory: 720384K Free: 161688K (22%)
----------------- Invoking toplevel() on ptolemy.moml.MoMLSimpleApplication@63efdf89
----------------- Done invoking toplevel() on ptolemy.moml.MoMLSimpleApplication@63efdf89
reloadAllAccessors: .Clock18

===========================================================================================
----------------- testing Mon Jun 18 13:33:40 UTC 2018 /home/travis/build/icyphy/ptII/ptolemy/actor/lib/test/auto/Clock19.xml
----------------- Instantiating /home/travis/build/icyphy/ptII/ptolemy/actor/lib/test/auto/Clock19.xml
11 ms. Memory: 720384K Free: 145050K (20%)
----------------- Invoking toplevel() on ptolemy.moml.MoMLSimpleApplication@3ea8be06
----------------- Done invoking toplevel() on ptolemy.moml.MoMLSimpleApplication@3ea8be06
reloadAllAccessors: .Clock19

===========================================================================================
----------------- testing Mon Jun 18 13:33:40 UTC 2018 /home/travis/build/icyphy/ptII/ptolemy/actor/lib/test/auto/Clock2.xml
----------------- Instantiating /home/travis/build/icyphy/ptII/ptolemy/actor/lib/test/auto/Clock2.xml
9 ms. Memory: 720384K Free: 136735K (19%)
----------------- Invoking toplevel() on ptolemy.moml.MoMLSimpleApplication@460ddd87
----------------- Done invoking toplevel() on ptolemy.moml.MoMLSimpleApplication@460ddd87
reloadAllAccessors: .Clock2

===========================================================================================
----------------- testing Mon Jun 18 13:33:40 UTC 2018 /home/travis/build/icyphy/ptII/ptolemy/actor/lib/test/auto/Clock20.xml
----------------- Instantiating /home/travis/build/icyphy/ptII/ptolemy/actor/lib/test/auto/Clock20.xml
4 ms. Memory: 720384K Free: 128421K (18%)
----------------- Invoking toplevel() on ptolemy.moml.MoMLSimpleApplication@44181b5c
----------------- Done invoking toplevel() on ptolemy.moml.MoMLSimpleApplication@44181b5c
reloadAllAccessors: .Clock20

===========================================================================================
----------------- testing Mon Jun 18 13:33:40 UTC 2018 /home/travis/build/icyphy/ptII/ptolemy/actor/lib/test/auto/Clock21.xml
----------------- Instantiating /home/travis/build/icyphy/ptII/ptolemy/actor/lib/test/auto/Clock21.xml
6 ms. Memory: 720384K Free: 111477K (15%)
----------------- Invoking toplevel() on ptolemy.moml.MoMLSimpleApplication@433e9658
----------------- Done invoking toplevel() on ptolemy.moml.MoMLSimpleApplication@433e9658
reloadAllAccessors: .Clock21

===========================================================================================
----------------- testing Mon Jun 18 13:33:40 UTC 2018 /home/travis/build/icyphy/ptII/ptolemy/actor/lib/test/auto/Clock22.xml
----------------- Instantiating /home/travis/build/icyphy/ptII/ptolemy/actor/lib/test/auto/Clock22.xml
2 ms. Memory: 720384K Free: 103162K (14%)
----------------- Invoking toplevel() on ptolemy.moml.MoMLSimpleApplication@48325c50
----------------- Done invoking toplevel() on ptolemy.moml.MoMLSimpleApplication@48325c50
reloadAllAccessors: .Clock22

===========================================================================================
----------------- testing Mon Jun 18 13:33:40 UTC 2018 /home/travis/build/icyphy/ptII/ptolemy/actor/lib/test/auto/Clock23.xml
----------------- Instantiating /home/travis/build/icyphy/ptII/ptolemy/actor/lib/test/auto/Clock23.xml
2 ms. Memory: 720384K Free: 94847K (13%)
----------------- Invoking toplevel() on ptolemy.moml.MoMLSimpleApplication@8eaf72d
----------------- Done invoking toplevel() on ptolemy.moml.MoMLSimpleApplication@8eaf72d
reloadAllAccessors: .Clock23

===========================================================================================
----------------- testing Mon Jun 18 13:33:40 UTC 2018 /home/travis/build/icyphy/ptII/ptolemy/actor/lib/test/auto/Clock24.xml
----------------- Instantiating /home/travis/build/icyphy/ptII/ptolemy/actor/lib/test/auto/Clock24.xml
2 ms. Memory: 720384K Free: 86532K (12%)
----------------- Invoking toplevel() on ptolemy.moml.MoMLSimpleApplication@3486d82e
----------------- Done invoking toplevel() on ptolemy.moml.MoMLSimpleApplication@3486d82e
reloadAllAccessors: .Clock24

===========================================================================================
----------------- testing Mon Jun 18 13:33:40 UTC 2018 /home/travis/build/icyphy/ptII/ptolemy/actor/lib/test/auto/Clock4.xml
----------------- Instantiating /home/travis/build/icyphy/ptII/ptolemy/actor/lib/test/auto/Clock4.xml
6 ms. Memory: 720384K Free: 69589K (10%)
----------------- Invoking toplevel() on ptolemy.moml.MoMLSimpleApplication@746bb46a
----------------- Done invoking toplevel() on ptolemy.moml.MoMLSimpleApplication@746bb46a
reloadAllAccessors: .Clock4

===========================================================================================
----------------- testing Mon Jun 18 13:33:40 UTC 2018 /home/travis/build/icyphy/ptII/ptolemy/actor/lib/test/auto/Clock5.xml
----------------- Instantiating /home/travis/build/icyphy/ptII/ptolemy/actor/lib/test/auto/Clock5.xml
2 ms. Memory: 720384K Free: 61274K (9%)
----------------- Invoking toplevel() on ptolemy.moml.MoMLSimpleApplication@55047562
----------------- Done invoking toplevel() on ptolemy.moml.MoMLSimpleApplication@55047562
reloadAllAccessors: .Clock5

===========================================================================================
----------------- testing Mon Jun 18 13:33:40 UTC 2018 /home/travis/build/icyphy/ptII/ptolemy/actor/lib/test/auto/Clock6.xml
----------------- Instantiating /home/travis/build/icyphy/ptII/ptolemy/actor/lib/test/auto/Clock6.xml
17 ms. Memory: 720896K Free: 680789K (94%)
----------------- Invoking toplevel() on ptolemy.moml.MoMLSimpleApplication@7ccdc7e3
----------------- Done invoking toplevel() on ptolemy.moml.MoMLSimpleApplication@7ccdc7e3
reloadAllAccessors: .Clock6

===========================================================================================
----------------- testing Mon Jun 18 13:33:40 UTC 2018 /home/travis/build/icyphy/ptII/ptolemy/actor/lib/test/auto/Clock7.xml
----------------- Instantiating /home/travis/build/icyphy/ptII/ptolemy/actor/lib/test/auto/Clock7.xml
3 ms. Memory: 720896K Free: 666089K (92%)
----------------- Invoking toplevel() on ptolemy.moml.MoMLSimpleApplication@2103d274
----------------- Done invoking toplevel() on ptolemy.moml.MoMLSimpleApplication@2103d274
reloadAllAccessors: .Clock7

===========================================================================================
----------------- testing Mon Jun 18 13:33:40 UTC 2018 /home/travis/build/icyphy/ptII/ptolemy/actor/lib/test/auto/Clock8.xml
----------------- Instantiating /home/travis/build/icyphy/ptII/ptolemy/actor/lib/test/auto/Clock8.xml
3 ms. Memory: 720896K Free: 656727K (91%)
----------------- Invoking toplevel() on ptolemy.moml.MoMLSimpleApplication@5d941b05
----------------- Done invoking toplevel() on ptolemy.moml.MoMLSimpleApplication@5d941b05
reloadAllAccessors: .Clock8

===========================================================================================
----------------- testing Mon Jun 18 13:33:40 UTC 2018 /home/travis/build/icyphy/ptII/ptolemy/actor/lib/test/auto/Clock9.xml
----------------- Instantiating /home/travis/build/icyphy/ptII/ptolemy/actor/lib/test/auto/Clock9.xml
2 ms. Memory: 720896K Free: 640971K (89%)
----------------- Invoking toplevel() on ptolemy.moml.MoMLSimpleApplication@74d2fe61
----------------- Done invoking toplevel() on ptolemy.moml.MoMLSimpleApplication@74d2fe61
reloadAllAccessors: .Clock9

===========================================================================================
----------------- testing Mon Jun 18 13:33:40 UTC 2018 /home/travis/build/icyphy/ptII/ptolemy/actor/lib/test/auto/CommDistDiscard.xml
----------------- Instantiating /home/travis/build/icyphy/ptII/ptolemy/actor/lib/test/auto/CommDistDiscard.xml
3 ms. Memory: 720896K Free: 631516K (88%)
----------------- Invoking toplevel() on ptolemy.moml.MoMLSimpleApplication@511c57a7
----------------- Done invoking toplevel() on ptolemy.moml.MoMLSimpleApplication@511c57a7
reloadAllAccessors: .CommDistDiscard

===========================================================================================
----------------- testing Mon Jun 18 13:33:40 UTC 2018 /home/travis/build/icyphy/ptII/ptolemy/actor/lib/test/auto/Commutator.xml
----------------- Instantiating /home/travis/build/icyphy/ptII/ptolemy/actor/lib/test/auto/Commutator.xml
2 ms. Memory: 720896K Free: 625280K (87%)
----------------- Invoking toplevel() on ptolemy.moml.MoMLSimpleApplication@18638404
----------------- Done invoking toplevel() on ptolemy.moml.MoMLSimpleApplication@18638404
reloadAllAccessors: .Commutator

===========================================================================================
----------------- testing Mon Jun 18 13:33:40 UTC 2018 /home/travis/build/icyphy/ptII/ptolemy/actor/lib/test/auto/Commutator2.xml
----------------- Instantiating /home/travis/build/icyphy/ptII/ptolemy/actor/lib/test/auto/Commutator2.xml
2 ms. Memory: 720896K Free: 612659K (85%)
----------------- Invoking toplevel() on ptolemy.moml.MoMLSimpleApplication@4d4b42dc
----------------- Done invoking toplevel() on ptolemy.moml.MoMLSimpleApplication@4d4b42dc
reloadAllAccessors: .Commutator2

===========================================================================================
----------------- testing Mon Jun 18 13:33:40 UTC 2018 /home/travis/build/icyphy/ptII/ptolemy/actor/lib/test/auto/Commutator3.xml
----------------- Instantiating /home/travis/build/icyphy/ptII/ptolemy/actor/lib/test/auto/Commutator3.xml
2 ms. Memory: 720896K Free: 606422K (84%)
----------------- Invoking toplevel() on ptolemy.moml.MoMLSimpleApplication@610ffbbe
----------------- Done invoking toplevel() on ptolemy.moml.MoMLSimpleApplication@610ffbbe
reloadAllAccessors: .Commutator3

===========================================================================================
----------------- testing Mon Jun 18 13:33:40 UTC 2018 /home/travis/build/icyphy/ptII/ptolemy/actor/lib/test/auto/Compare.xml
----------------- Instantiating /home/travis/build/icyphy/ptII/ptolemy/actor/lib/test/auto/Compare.xml
2 ms. Memory: 720896K Free: 597068K (83%)
----------------- Invoking toplevel() on ptolemy.moml.MoMLSimpleApplication@211cc70b
----------------- Done invoking toplevel() on ptolemy.moml.MoMLSimpleApplication@211cc70b
reloadAllAccessors: .Compare

===========================================================================================
----------------- testing Mon Jun 18 13:33:40 UTC 2018 /home/travis/build/icyphy/ptII/ptolemy/actor/lib/test/auto/CompareDE.xml
----------------- Instantiating /home/travis/build/icyphy/ptII/ptolemy/actor/lib/test/auto/CompareDE.xml
4 ms. Memory: 720896K Free: 581312K (81%)
----------------- Invoking toplevel() on ptolemy.moml.MoMLSimpleApplication@19e768df
----------------- Done invoking toplevel() on ptolemy.moml.MoMLSimpleApplication@19e768df
reloadAllAccessors: .CompareDE

===========================================================================================
----------------- testing Mon Jun 18 13:33:40 UTC 2018 /home/travis/build/icyphy/ptII/ptolemy/actor/lib/test/auto/ComplexDivide.xml
----------------- Instantiating /home/travis/build/icyphy/ptII/ptolemy/actor/lib/test/auto/ComplexDivide.xml
2 ms. Memory: 720896K Free: 575076K (80%)
----------------- Invoking toplevel() on ptolemy.moml.MoMLSimpleApplication@2697c97a
----------------- Done invoking toplevel() on ptolemy.moml.MoMLSimpleApplication@2697c97a
reloadAllAccessors: .ComplexDivide

===========================================================================================
----------------- testing Mon Jun 18 13:33:40 UTC 2018 /home/travis/build/icyphy/ptII/ptolemy/actor/lib/test/auto/ComputeHistogram.xml
----------------- Instantiating /home/travis/build/icyphy/ptII/ptolemy/actor/lib/test/auto/ComputeHistogram.xml
26 ms. Memory: 720896K Free: 559469K (78%)
----------------- Invoking toplevel() on ptolemy.moml.MoMLSimpleApplication@63fe3de
----------------- Done invoking toplevel() on ptolemy.moml.MoMLSimpleApplication@63fe3de
reloadAllAccessors: .ComputeHistogram

===========================================================================================
----------------- testing Mon Jun 18 13:33:41 UTC 2018 /home/travis/build/icyphy/ptII/ptolemy/actor/lib/test/auto/ConfigurationSelect.xml
----------------- Instantiating /home/travis/build/icyphy/ptII/ptolemy/actor/lib/test/auto/ConfigurationSelect.xml
2 ms. Memory: 720896K Free: 543722K (75%)
----------------- Invoking toplevel() on ptolemy.moml.MoMLSimpleApplication@26bbe84
----------------- Done invoking toplevel() on ptolemy.moml.MoMLSimpleApplication@26bbe84
reloadAllAccessors: .ConfigurationSelect

===========================================================================================
----------------- testing Mon Jun 18 13:33:41 UTC 2018 /home/travis/build/icyphy/ptII/ptolemy/actor/lib/test/auto/ConfigurationSelect2.xml
----------------- Instantiating /home/travis/build/icyphy/ptII/ptolemy/actor/lib/test/auto/ConfigurationSelect2.xml
1 ms. Memory: 720896K Free: 537485K (75%)
----------------- Invoking toplevel() on ptolemy.moml.MoMLSimpleApplication@6e831111
----------------- Done invoking toplevel() on ptolemy.moml.MoMLSimpleApplication@6e831111
reloadAllAccessors: .ConfigurationSelect2

===========================================================================================
----------------- testing Mon Jun 18 13:33:41 UTC 2018 /home/travis/build/icyphy/ptII/ptolemy/actor/lib/test/auto/ConfigurationSwitch.xml
----------------- Instantiating /home/travis/build/icyphy/ptII/ptolemy/actor/lib/test/auto/ConfigurationSwitch.xml
2 ms. Memory: 720896K Free: 528115K (73%)
----------------- Invoking toplevel() on ptolemy.moml.MoMLSimpleApplication@28d18061
----------------- Done invoking toplevel() on ptolemy.moml.MoMLSimpleApplication@28d18061
reloadAllAccessors: .ConfigurationSwitch

===========================================================================================
----------------- testing Mon Jun 18 13:33:41 UTC 2018 /home/travis/build/icyphy/ptII/ptolemy/actor/lib/test/auto/ConfigurationSwitch2.xml
----------------- Instantiating /home/travis/build/icyphy/ptII/ptolemy/actor/lib/test/auto/ConfigurationSwitch2.xml
3 ms. Memory: 720896K Free: 512360K (71%)
----------------- Invoking toplevel() on ptolemy.moml.MoMLSimpleApplication@347e762d
----------------- Done invoking toplevel() on ptolemy.moml.MoMLSimpleApplication@347e762d
reloadAllAccessors: .ConfigurationSwitch2

===========================================================================================
----------------- testing Mon Jun 18 13:33:41 UTC 2018 /home/travis/build/icyphy/ptII/ptolemy/actor/lib/test/auto/ConfigurationSwitchCloningBugWithClassRelationGroup.xml
----------------- Instantiating /home/travis/build/icyphy/ptII/ptolemy/actor/lib/test/auto/ConfigurationSwitchCloningBugWithClassRelationGroup.xml
2 ms. Memory: 720896K Free: 502989K (70%)
----------------- Invoking toplevel() on ptolemy.moml.MoMLSimpleApplication@10c53e7b
----------------- Done invoking toplevel() on ptolemy.moml.MoMLSimpleApplication@10c53e7b
reloadAllAccessors: .ConfigurationSwitchCloningBugWithClassRelationGroup

===========================================================================================
----------------- testing Mon Jun 18 13:33:41 UTC 2018 /home/travis/build/icyphy/ptII/ptolemy/actor/lib/test/auto/ConfigurationSwitchSelectSDF.xml
----------------- Instantiating /home/travis/build/icyphy/ptII/ptolemy/actor/lib/test/auto/ConfigurationSwitchSelectSDF.xml
2 ms. Memory: 720896K Free: 487249K (68%)
----------------- Invoking toplevel() on ptolemy.moml.MoMLSimpleApplication@158e2e9a
----------------- Done invoking toplevel() on ptolemy.moml.MoMLSimpleApplication@158e2e9a
reloadAllAccessors: .ConfigurationSwitchSelectSDF

===========================================================================================
----------------- testing Mon Jun 18 13:33:41 UTC 2018 /home/travis/build/icyphy/ptII/ptolemy/actor/lib/test/auto/ConfigurationSwitchSelectSDF2.xml
----------------- Instantiating /home/travis/build/icyphy/ptII/ptolemy/actor/lib/test/auto/ConfigurationSwitchSelectSDF2.xml
2 ms. Memory: 720896K Free: 477879K (66%)
----------------- Invoking toplevel() on ptolemy.moml.MoMLSimpleApplication@450ceafa
----------------- Done invoking toplevel() on ptolemy.moml.MoMLSimpleApplication@450ceafa
reloadAllAccessors: .ConfigurationSwitchSelectSDF2

===========================================================================================
----------------- testing Mon Jun 18 13:33:41 UTC 2018 /home/travis/build/icyphy/ptII/ptolemy/actor/lib/test/auto/Const.xml
----------------- Instantiating /home/travis/build/icyphy/ptII/ptolemy/actor/lib/test/auto/Const.xml
1 ms. Memory: 720896K Free: 471643K (65%)
----------------- Invoking toplevel() on ptolemy.moml.MoMLSimpleApplication@2db93e34
----------------- Done invoking toplevel() on ptolemy.moml.MoMLSimpleApplication@2db93e34
reloadAllAccessors: .Const

===========================================================================================
----------------- testing Mon Jun 18 13:33:41 UTC 2018 /home/travis/build/icyphy/ptII/ptolemy/actor/lib/test/auto/Const2.xml
----------------- Instantiating /home/travis/build/icyphy/ptII/ptolemy/actor/lib/test/auto/Const2.xml
2 ms. Memory: 720896K Free: 459021K (64%)
----------------- Invoking toplevel() on ptolemy.moml.MoMLSimpleApplication@424b03b7
----------------- Done invoking toplevel() on ptolemy.moml.MoMLSimpleApplication@424b03b7
reloadAllAccessors: .Const2

===========================================================================================
----------------- testing Mon Jun 18 13:33:41 UTC 2018 /home/travis/build/icyphy/ptII/ptolemy/actor/lib/test/auto/Const3.xml
----------------- Instantiating /home/travis/build/icyphy/ptII/ptolemy/actor/lib/test/auto/Const3.xml
1 ms. Memory: 720896K Free: 452785K (63%)
----------------- Invoking toplevel() on ptolemy.moml.MoMLSimpleApplication@731efb09
----------------- Done invoking toplevel() on ptolemy.moml.MoMLSimpleApplication@731efb09
reloadAllAccessors: .Const3

===========================================================================================
----------------- testing Mon Jun 18 13:33:41 UTC 2018 /home/travis/build/icyphy/ptII/ptolemy/actor/lib/test/auto/ConstantPublisherPort1.xml
----------------- Instantiating /home/travis/build/icyphy/ptII/ptolemy/actor/lib/test/auto/ConstantPublisherPort1.xml
5 ms. Memory: 720896K Free: 443415K (62%)
----------------- Invoking toplevel() on ptolemy.moml.MoMLSimpleApplication@62820965
----------------- Done invoking toplevel() on ptolemy.moml.MoMLSimpleApplication@62820965
reloadAllAccessors: .ConstantPublisherPort1

===========================================================================================
----------------- testing Mon Jun 18 13:33:41 UTC 2018 /home/travis/build/icyphy/ptII/ptolemy/actor/lib/test/auto/ConstantPublisherPort2.xml
----------------- Instantiating /home/travis/build/icyphy/ptII/ptolemy/actor/lib/test/auto/ConstantPublisherPort2.xml
4 ms. Memory: 720896K Free: 427659K (59%)
----------------- Invoking toplevel() on ptolemy.moml.MoMLSimpleApplication@29d3bae2
----------------- Done invoking toplevel() on ptolemy.moml.MoMLSimpleApplication@29d3bae2
reloadAllAccessors: .ConstantPublisherPort2

===========================================================================================
----------------- testing Mon Jun 18 13:33:41 UTC 2018 /home/travis/build/icyphy/ptII/ptolemy/actor/lib/test/auto/ConstantPublisherPort3.xml
----------------- Instantiating /home/travis/build/icyphy/ptII/ptolemy/actor/lib/test/auto/ConstantPublisherPort3.xml
4 ms. Memory: 720896K Free: 418288K (58%)
----------------- Invoking toplevel() on ptolemy.moml.MoMLSimpleApplication@3e5e987
----------------- Done invoking toplevel() on ptolemy.moml.MoMLSimpleApplication@3e5e987
reloadAllAccessors: .ConstantPublisherPort3

===========================================================================================
----------------- testing Mon Jun 18 13:33:41 UTC 2018 /home/travis/build/icyphy/ptII/ptolemy/actor/lib/test/auto/ConstantPublisherPort4.xml
----------------- Instantiating /home/travis/build/icyphy/ptII/ptolemy/actor/lib/test/auto/ConstantPublisherPort4.xml
3 ms. Memory: 720896K Free: 408918K (57%)
----------------- Invoking toplevel() on ptolemy.moml.MoMLSimpleApplication@413a4cb3
----------------- Done invoking toplevel() on ptolemy.moml.MoMLSimpleApplication@413a4cb3
reloadAllAccessors: .ConstantPublisherPort4

===========================================================================================
----------------- testing Mon Jun 18 13:33:41 UTC 2018 /home/travis/build/icyphy/ptII/ptolemy/actor/lib/test/auto/ConstantPublisherPort5.xml
----------------- Instantiating /home/travis/build/icyphy/ptII/ptolemy/actor/lib/test/auto/ConstantPublisherPort5.xml
28 ms. Memory: 720896K Free: 386934K (54%)
----------------- Invoking toplevel() on ptolemy.moml.MoMLSimpleApplication@52a170d0
----------------- Done invoking toplevel() on ptolemy.moml.MoMLSimpleApplication@52a170d0
reloadAllAccessors: .ConstantPublisherPort5

===========================================================================================
----------------- testing Mon Jun 18 13:33:41 UTC 2018 /home/travis/build/icyphy/ptII/ptolemy/actor/lib/test/auto/ConstantPublisherPort6.xml
----------------- Instantiating /home/travis/build/icyphy/ptII/ptolemy/actor/lib/test/auto/ConstantPublisherPort6.xml
12 ms. Memory: 720896K Free: 368210K (51%)
----------------- Invoking toplevel() on ptolemy.moml.MoMLSimpleApplication@2269a3b3
----------------- Done invoking toplevel() on ptolemy.moml.MoMLSimpleApplication@2269a3b3
reloadAllAccessors: .ConstantPublisherPort6

===========================================================================================
----------------- testing Mon Jun 18 13:33:41 UTC 2018 /home/travis/build/icyphy/ptII/ptolemy/actor/lib/test/auto/ConstantPublisherPort7.xml
----------------- Instantiating /home/travis/build/icyphy/ptII/ptolemy/actor/lib/test/auto/ConstantPublisherPort7.xml
12 ms. Memory: 720896K Free: 349485K (48%)
----------------- Invoking toplevel() on ptolemy.moml.MoMLSimpleApplication@30c6101f
----------------- Done invoking toplevel() on ptolemy.moml.MoMLSimpleApplication@30c6101f
reloadAllAccessors: .ConstantPublisherPort7

===========================================================================================
----------------- testing Mon Jun 18 13:33:41 UTC 2018 /home/travis/build/icyphy/ptII/ptolemy/actor/lib/test/auto/ConstraintMonitor1.xml
----------------- Instantiating /home/travis/build/icyphy/ptII/ptolemy/actor/lib/test/auto/ConstraintMonitor1.xml
2 ms. Memory: 720896K Free: 336863K (47%)
----------------- Invoking toplevel() on ptolemy.moml.MoMLSimpleApplication@ea470d0
----------------- Done invoking toplevel() on ptolemy.moml.MoMLSimpleApplication@ea470d0
reloadAllAccessors: .ConstraintMonitor1

===========================================================================================
----------------- testing Mon Jun 18 13:33:41 UTC 2018 /home/travis/build/icyphy/ptII/ptolemy/actor/lib/test/auto/ConstraintMonitor2.xml
----------------- Instantiating /home/travis/build/icyphy/ptII/ptolemy/actor/lib/test/auto/ConstraintMonitor2.xml
1 ms. Memory: 720896K Free: 330627K (46%)
----------------- Invoking toplevel() on ptolemy.moml.MoMLSimpleApplication@560fa935
----------------- Done invoking toplevel() on ptolemy.moml.MoMLSimpleApplication@560fa935
reloadAllAccessors: .ConstraintMonitor2

===========================================================================================
----------------- testing Mon Jun 18 13:33:41 UTC 2018 /home/travis/build/icyphy/ptII/ptolemy/actor/lib/test/auto/ConstraintMonitor3.xml
----------------- Instantiating /home/travis/build/icyphy/ptII/ptolemy/actor/lib/test/auto/ConstraintMonitor3.xml
1 ms. Memory: 720896K Free: 318005K (44%)
----------------- Invoking toplevel() on ptolemy.moml.MoMLSimpleApplication@1b4ad2c0
----------------- Done invoking toplevel() on ptolemy.moml.MoMLSimpleApplication@1b4ad2c0
reloadAllAccessors: .ConstraintMonitor3

===========================================================================================
----------------- testing Mon Jun 18 13:33:41 UTC 2018 /home/travis/build/icyphy/ptII/ptolemy/actor/lib/test/auto/ConstraintMonitor4.xml
----------------- Instantiating /home/travis/build/icyphy/ptII/ptolemy/actor/lib/test/auto/ConstraintMonitor4.xml
2 ms. Memory: 720896K Free: 308635K (43%)
----------------- Invoking toplevel() on ptolemy.moml.MoMLSimpleApplication@e8ee364
----------------- Done invoking toplevel() on ptolemy.moml.MoMLSimpleApplication@e8ee364
reloadAllAccessors: .ConstraintMonitor4

===========================================================================================
----------------- testing Mon Jun 18 13:33:41 UTC 2018 /home/travis/build/icyphy/ptII/ptolemy/actor/lib/test/auto/ConstraintMonitor5.xml
----------------- Instantiating /home/travis/build/icyphy/ptII/ptolemy/actor/lib/test/auto/ConstraintMonitor5.xml
6 ms. Memory: 720896K Free: 299265K (42%)
----------------- Invoking toplevel() on ptolemy.moml.MoMLSimpleApplication@7a0a5482
----------------- Done invoking toplevel() on ptolemy.moml.MoMLSimpleApplication@7a0a5482
reloadAllAccessors: .ConstraintMonitor5

===========================================================================================
----------------- testing Mon Jun 18 13:33:41 UTC 2018 /home/travis/build/icyphy/ptII/ptolemy/actor/lib/test/auto/ConstraintMonitor6.xml
----------------- Instantiating /home/travis/build/icyphy/ptII/ptolemy/actor/lib/test/auto/ConstraintMonitor6.xml
7 ms. Memory: 720896K Free: 283509K (39%)
----------------- Invoking toplevel() on ptolemy.moml.MoMLSimpleApplication@4edc1fb7
----------------- Done invoking toplevel() on ptolemy.moml.MoMLSimpleApplication@4edc1fb7
reloadAllAccessors: .ConstraintMonitor6

===========================================================================================
----------------- testing Mon Jun 18 13:33:41 UTC 2018 /home/travis/build/icyphy/ptII/ptolemy/actor/lib/test/auto/ConstraintMonitor7.xml
----------------- Instantiating /home/travis/build/icyphy/ptII/ptolemy/actor/lib/test/auto/ConstraintMonitor7.xml
7 ms. Memory: 720896K Free: 274139K (38%)
----------------- Invoking toplevel() on ptolemy.moml.MoMLSimpleApplication@6c0c4267
----------------- Done invoking toplevel() on ptolemy.moml.MoMLSimpleApplication@6c0c4267
reloadAllAccessors: .ConstraintMonitor7

===========================================================================================
----------------- testing Mon Jun 18 13:33:41 UTC 2018 /home/travis/build/icyphy/ptII/ptolemy/actor/lib/test/auto/ConstraintMonitor8.xml
----------------- Instantiating /home/travis/build/icyphy/ptII/ptolemy/actor/lib/test/auto/ConstraintMonitor8.xml
7 ms. Memory: 720896K Free: 264768K (37%)
----------------- Invoking toplevel() on ptolemy.moml.MoMLSimpleApplication@217270af
----------------- Done invoking toplevel() on ptolemy.moml.MoMLSimpleApplication@217270af
reloadAllAccessors: .ConstraintMonitor8

===========================================================================================
----------------- testing Mon Jun 18 13:33:41 UTC 2018 /home/travis/build/icyphy/ptII/ptolemy/actor/lib/test/auto/Counter.xml
----------------- Instantiating /home/travis/build/icyphy/ptII/ptolemy/actor/lib/test/auto/Counter.xml
3 ms. Memory: 720896K Free: 252147K (35%)
----------------- Invoking toplevel() on ptolemy.moml.MoMLSimpleApplication@4144bb34
----------------- Done invoking toplevel() on ptolemy.moml.MoMLSimpleApplication@4144bb34
reloadAllAccessors: .Counter

===========================================================================================
----------------- testing Mon Jun 18 13:33:41 UTC 2018 /home/travis/build/icyphy/ptII/ptolemy/actor/lib/test/auto/CurrentTimeSDF.xml
----------------- Instantiating /home/travis/build/icyphy/ptII/ptolemy/actor/lib/test/auto/CurrentTimeSDF.xml
1 ms. Memory: 720896K Free: 245910K (34%)
----------------- Invoking toplevel() on ptolemy.moml.MoMLSimpleApplication@43d974be
----------------- Done invoking toplevel() on ptolemy.moml.MoMLSimpleApplication@43d974be
reloadAllAccessors: .CurrentTimeSDF

===========================================================================================
----------------- testing Mon Jun 18 13:33:41 UTC 2018 /home/travis/build/icyphy/ptII/ptolemy/actor/lib/test/auto/DB.xml
----------------- Instantiating /home/travis/build/icyphy/ptII/ptolemy/actor/lib/test/auto/DB.xml
3 ms. Memory: 720896K Free: 239674K (33%)
----------------- Invoking toplevel() on ptolemy.moml.MoMLSimpleApplication@c08976a
----------------- Done invoking toplevel() on ptolemy.moml.MoMLSimpleApplication@c08976a
reloadAllAccessors: .DB

===========================================================================================
----------------- testing Mon Jun 18 13:33:41 UTC 2018 /home/travis/build/icyphy/ptII/ptolemy/actor/lib/test/auto/DBDE.xml
----------------- Instantiating /home/travis/build/icyphy/ptII/ptolemy/actor/lib/test/auto/DBDE.xml
2 ms. Memory: 720896K Free: 223935K (31%)
----------------- Invoking toplevel() on ptolemy.moml.MoMLSimpleApplication@144312f
----------------- Done invoking toplevel() on ptolemy.moml.MoMLSimpleApplication@144312f
reloadAllAccessors: .DBDE

===========================================================================================
----------------- testing Mon Jun 18 13:33:41 UTC 2018 /home/travis/build/icyphy/ptII/ptolemy/actor/lib/test/auto/DateConstructor.xml
----------------- Instantiating /home/travis/build/icyphy/ptII/ptolemy/actor/lib/test/auto/DateConstructor.xml
15 ms. Memory: 720896K Free: 205194K (28%)
----------------- Invoking toplevel() on ptolemy.moml.MoMLSimpleApplication@c59641a
----------------- Done invoking toplevel() on ptolemy.moml.MoMLSimpleApplication@c59641a
reloadAllAccessors: .DateConstructor

===========================================================================================
----------------- testing Mon Jun 18 13:33:41 UTC 2018 /home/travis/build/icyphy/ptII/ptolemy/actor/lib/test/auto/DelayTime.xml
----------------- Instantiating /home/travis/build/icyphy/ptII/ptolemy/actor/lib/test/auto/DelayTime.xml
2 ms. Memory: 720896K Free: 189446K (26%)
----------------- Invoking toplevel() on ptolemy.moml.MoMLSimpleApplication@98eb94e
----------------- Done invoking toplevel() on ptolemy.moml.MoMLSimpleApplication@98eb94e
reloadAllAccessors: .DelayTime

===========================================================================================
----------------- testing Mon Jun 18 13:33:41 UTC 2018 /home/travis/build/icyphy/ptII/ptolemy/actor/lib/test/auto/Dictionary1.xml
----------------- Instantiating /home/travis/build/icyphy/ptII/ptolemy/actor/lib/test/auto/Dictionary1.xml
2 ms. Memory: 720896K Free: 180092K (25%)
----------------- Invoking toplevel() on ptolemy.moml.MoMLSimpleApplication@2c240333
----------------- Done invoking toplevel() on ptolemy.moml.MoMLSimpleApplication@2c240333
reloadAllAccessors: .Dictionary1

===========================================================================================
----------------- testing Mon Jun 18 13:33:41 UTC 2018 /home/travis/build/icyphy/ptII/ptolemy/actor/lib/test/auto/Dictionary2.xml
----------------- Instantiating /home/travis/build/icyphy/ptII/ptolemy/actor/lib/test/auto/Dictionary2.xml
4 ms. Memory: 720896K Free: 170722K (24%)
----------------- Invoking toplevel() on ptolemy.moml.MoMLSimpleApplication@c7b0bbe
----------------- Done invoking toplevel() on ptolemy.moml.MoMLSimpleApplication@c7b0bbe
reloadAllAccessors: .Dictionary2

===========================================================================================
----------------- testing Mon Jun 18 13:33:41 UTC 2018 /home/travis/build/icyphy/ptII/ptolemy/actor/lib/test/auto/Dictionary3.xml
----------------- Instantiating /home/travis/build/icyphy/ptII/ptolemy/actor/lib/test/auto/Dictionary3.xml
2 ms. Memory: 720896K Free: 154966K (21%)
----------------- Invoking toplevel() on ptolemy.moml.MoMLSimpleApplication@2d2aa345
----------------- Done invoking toplevel() on ptolemy.moml.MoMLSimpleApplication@2d2aa345
reloadAllAccessors: .Dictionary3

===========================================================================================
----------------- testing Mon Jun 18 13:33:41 UTC 2018 /home/travis/build/icyphy/ptII/ptolemy/actor/lib/test/auto/Dictionary4.xml
----------------- Instantiating /home/travis/build/icyphy/ptII/ptolemy/actor/lib/test/auto/Dictionary4.xml
3 ms. Memory: 720896K Free: 145596K (20%)
----------------- Invoking toplevel() on ptolemy.moml.MoMLSimpleApplication@782478e6
----------------- Done invoking toplevel() on ptolemy.moml.MoMLSimpleApplication@782478e6
reloadAllAccessors: .Dictionary4

===========================================================================================
----------------- testing Mon Jun 18 13:33:41 UTC 2018 /home/travis/build/icyphy/ptII/ptolemy/actor/lib/test/auto/Differential.xml
----------------- Instantiating /home/travis/build/icyphy/ptII/ptolemy/actor/lib/test/auto/Differential.xml
1 ms. Memory: 720896K Free: 139359K (19%)
----------------- Invoking toplevel() on ptolemy.moml.MoMLSimpleApplication@60b8f0d3
----------------- Done invoking toplevel() on ptolemy.moml.MoMLSimpleApplication@60b8f0d3
reloadAllAccessors: .Differential

===========================================================================================
----------------- testing Mon Jun 18 13:33:41 UTC 2018 /home/travis/build/icyphy/ptII/ptolemy/actor/lib/test/auto/Director.xml
----------------- Instantiating /home/travis/build/icyphy/ptII/ptolemy/actor/lib/test/auto/Director.xml
2 ms. Memory: 720896K Free: 126738K (18%)
----------------- Invoking toplevel() on ptolemy.moml.MoMLSimpleApplication@4e8d448d
----------------- Done invoking toplevel() on ptolemy.moml.MoMLSimpleApplication@4e8d448d
reloadAllAccessors: .Director

===========================================================================================
----------------- testing Mon Jun 18 13:33:42 UTC 2018 /home/travis/build/icyphy/ptII/ptolemy/actor/lib/test/auto/DiscreteClock.xml
----------------- Instantiating /home/travis/build/icyphy/ptII/ptolemy/actor/lib/test/auto/DiscreteClock.xml
2 ms. Memory: 720896K Free: 120501K (17%)
----------------- Invoking toplevel() on ptolemy.moml.MoMLSimpleApplication@3a57aa80
----------------- Done invoking toplevel() on ptolemy.moml.MoMLSimpleApplication@3a57aa80
reloadAllAccessors: .DiscreteClock

===========================================================================================
----------------- testing Mon Jun 18 13:33:42 UTC 2018 /home/travis/build/icyphy/ptII/ptolemy/actor/lib/test/auto/DiscreteClock10.xml
----------------- Instantiating /home/travis/build/icyphy/ptII/ptolemy/actor/lib/test/auto/DiscreteClock10.xml
3 ms. Memory: 720896K Free: 111131K (15%)
----------------- Invoking toplevel() on ptolemy.moml.MoMLSimpleApplication@656c5194
----------------- Done invoking toplevel() on ptolemy.moml.MoMLSimpleApplication@656c5194
reloadAllAccessors: .DiscreteClock10

===========================================================================================
----------------- testing Mon Jun 18 13:33:42 UTC 2018 /home/travis/build/icyphy/ptII/ptolemy/actor/lib/test/auto/DiscreteClock11.xml
----------------- Instantiating /home/travis/build/icyphy/ptII/ptolemy/actor/lib/test/auto/DiscreteClock11.xml
3 ms. Memory: 720896K Free: 95376K (13%)
----------------- Invoking toplevel() on ptolemy.moml.MoMLSimpleApplication@77fc4ebc
----------------- Done invoking toplevel() on ptolemy.moml.MoMLSimpleApplication@77fc4ebc
reloadAllAccessors: .DiscreteClock11

===========================================================================================
----------------- testing Mon Jun 18 13:33:42 UTC 2018 /home/travis/build/icyphy/ptII/ptolemy/actor/lib/test/auto/DiscreteClock12.xml
----------------- Instantiating /home/travis/build/icyphy/ptII/ptolemy/actor/lib/test/auto/DiscreteClock12.xml
3 ms. Memory: 720896K Free: 86005K (12%)
----------------- Invoking toplevel() on ptolemy.moml.MoMLSimpleApplication@1fa6c8e1
----------------- Done invoking toplevel() on ptolemy.moml.MoMLSimpleApplication@1fa6c8e1
reloadAllAccessors: .DiscreteClock12

===========================================================================================
----------------- testing Mon Jun 18 13:33:42 UTC 2018 /home/travis/build/icyphy/ptII/ptolemy/actor/lib/test/auto/DiscreteClock13.xml
----------------- Instantiating /home/travis/build/icyphy/ptII/ptolemy/actor/lib/test/auto/DiscreteClock13.xml
3 ms. Memory: 720896K Free: 70266K (10%)
----------------- Invoking toplevel() on ptolemy.moml.MoMLSimpleApplication@2b71f2f9
----------------- Done invoking toplevel() on ptolemy.moml.MoMLSimpleApplication@2b71f2f9
reloadAllAccessors: .DiscreteClock13

===========================================================================================
----------------- testing Mon Jun 18 13:33:42 UTC 2018 /home/travis/build/icyphy/ptII/ptolemy/actor/lib/test/auto/DiscreteClock14.xml
----------------- Instantiating /home/travis/build/icyphy/ptII/ptolemy/actor/lib/test/auto/DiscreteClock14.xml
6 ms. Memory: 720896K Free: 60895K (8%)
----------------- Invoking toplevel() on ptolemy.moml.MoMLSimpleApplication@4bc9a53b
----------------- Done invoking toplevel() on ptolemy.moml.MoMLSimpleApplication@4bc9a53b
reloadAllAccessors: .DiscreteClock14

===========================================================================================
----------------- testing Mon Jun 18 13:33:42 UTC 2018 /home/travis/build/icyphy/ptII/ptolemy/actor/lib/test/auto/DiscreteClock15.xml
----------------- Instantiating /home/travis/build/icyphy/ptII/ptolemy/actor/lib/test/auto/DiscreteClock15.xml
4 ms. Memory: 1095168K Free: 1042461K (95%)
----------------- Invoking toplevel() on ptolemy.moml.MoMLSimpleApplication@28a13cbb
----------------- Done invoking toplevel() on ptolemy.moml.MoMLSimpleApplication@28a13cbb
reloadAllAccessors: .DiscreteClock15

===========================================================================================
----------------- testing Mon Jun 18 13:33:42 UTC 2018 /home/travis/build/icyphy/ptII/ptolemy/actor/lib/test/auto/DiscreteClock16.xml
----------------- Instantiating /home/travis/build/icyphy/ptII/ptolemy/actor/lib/test/auto/DiscreteClock16.xml
532 ms. Memory: 1110016K Free: 1067845K (96%)
----------------- Invoking toplevel() on ptolemy.moml.MoMLSimpleApplication@25e1130f
----------------- Done invoking toplevel() on ptolemy.moml.MoMLSimpleApplication@25e1130f
reloadAllAccessors: .DiscreteClock16

===========================================================================================
----------------- testing Mon Jun 18 13:33:42 UTC 2018 /home/travis/build/icyphy/ptII/ptolemy/actor/lib/test/auto/DiscreteClock17.xml
----------------- Instantiating /home/travis/build/icyphy/ptII/ptolemy/actor/lib/test/auto/DiscreteClock17.xml
18 ms. Memory: 1110016K Free: 1034835K (93%)
----------------- Invoking toplevel() on ptolemy.moml.MoMLSimpleApplication@3056679c
----------------- Done invoking toplevel() on ptolemy.moml.MoMLSimpleApplication@3056679c
reloadAllAccessors: .DiscreteClock17

===========================================================================================
----------------- testing Mon Jun 18 13:33:42 UTC 2018 /home/travis/build/icyphy/ptII/ptolemy/actor/lib/test/auto/DiscreteClock18.xml
----------------- Instantiating /home/travis/build/icyphy/ptII/ptolemy/actor/lib/test/auto/DiscreteClock18.xml
19 ms. Memory: 1110016K Free: 1019850K (92%)
----------------- Invoking toplevel() on ptolemy.moml.MoMLSimpleApplication@16d7473b
----------------- Done invoking toplevel() on ptolemy.moml.MoMLSimpleApplication@16d7473b
reloadAllAccessors: .DiscreteClock18

===========================================================================================
----------------- testing Mon Jun 18 13:33:42 UTC 2018 /home/travis/build/icyphy/ptII/ptolemy/actor/lib/test/auto/DiscreteClock19.xml
----------------- Instantiating /home/travis/build/icyphy/ptII/ptolemy/actor/lib/test/auto/DiscreteClock19.xml
13 ms. Memory: 1110016K Free: 999789K (90%)
----------------- Invoking toplevel() on ptolemy.moml.MoMLSimpleApplication@1ba2484
----------------- Done invoking toplevel() on ptolemy.moml.MoMLSimpleApplication@1ba2484
reloadAllAccessors: .DiscreteClock19

===========================================================================================
----------------- testing Mon Jun 18 13:33:42 UTC 2018 /home/travis/build/icyphy/ptII/ptolemy/actor/lib/test/auto/DiscreteClock2.xml
----------------- Instantiating /home/travis/build/icyphy/ptII/ptolemy/actor/lib/test/auto/DiscreteClock2.xml
6 ms. Memory: 1110016K Free: 981747K (88%)
----------------- Invoking toplevel() on ptolemy.moml.MoMLSimpleApplication@5f5f9541
----------------- Done invoking toplevel() on ptolemy.moml.MoMLSimpleApplication@5f5f9541
reloadAllAccessors: .DiscreteClock2

===========================================================================================
----------------- testing Mon Jun 18 13:33:42 UTC 2018 /home/travis/build/icyphy/ptII/ptolemy/actor/lib/test/auto/DiscreteClock20.xml
----------------- Instantiating /home/travis/build/icyphy/ptII/ptolemy/actor/lib/test/auto/DiscreteClock20.xml
7 ms. Memory: 1110016K Free: 971768K (88%)
----------------- Invoking toplevel() on ptolemy.moml.MoMLSimpleApplication@6e491b16
----------------- Done invoking toplevel() on ptolemy.moml.MoMLSimpleApplication@6e491b16
reloadAllAccessors: .DiscreteClock20

===========================================================================================
----------------- testing Mon Jun 18 13:33:42 UTC 2018 /home/travis/build/icyphy/ptII/ptolemy/actor/lib/test/auto/DiscreteClock21.xml
----------------- Instantiating /home/travis/build/icyphy/ptII/ptolemy/actor/lib/test/auto/DiscreteClock21.xml
6 ms. Memory: 1110016K Free: 961789K (87%)
----------------- Invoking toplevel() on ptolemy.moml.MoMLSimpleApplication@59807d8
----------------- Done invoking toplevel() on ptolemy.moml.MoMLSimpleApplication@59807d8
reloadAllAccessors: .DiscreteClock21

===========================================================================================
----------------- testing Mon Jun 18 13:33:42 UTC 2018 /home/travis/build/icyphy/ptII/ptolemy/actor/lib/test/auto/DiscreteClock22.xml
----------------- Instantiating /home/travis/build/icyphy/ptII/ptolemy/actor/lib/test/auto/DiscreteClock22.xml
4 ms. Memory: 1110016K Free: 943748K (85%)
----------------- Invoking toplevel() on ptolemy.moml.MoMLSimpleApplication@4257d9b5
----------------- Done invoking toplevel() on ptolemy.moml.MoMLSimpleApplication@4257d9b5
reloadAllAccessors: .DiscreteClock22

===========================================================================================
----------------- testing Mon Jun 18 13:33:42 UTC 2018 /home/travis/build/icyphy/ptII/ptolemy/actor/lib/test/auto/DiscreteClock23.xml
----------------- Instantiating /home/travis/build/icyphy/ptII/ptolemy/actor/lib/test/auto/DiscreteClock23.xml
6 ms. Memory: 1110016K Free: 933769K (84%)
----------------- Invoking toplevel() on ptolemy.moml.MoMLSimpleApplication@2aceb2a0
----------------- Done invoking toplevel() on ptolemy.moml.MoMLSimpleApplication@2aceb2a0
reloadAllAccessors: .DiscreteClock23

===========================================================================================
----------------- testing Mon Jun 18 13:33:42 UTC 2018 /home/travis/build/icyphy/ptII/ptolemy/actor/lib/test/auto/DiscreteClock24.xml
----------------- Instantiating /home/travis/build/icyphy/ptII/ptolemy/actor/lib/test/auto/DiscreteClock24.xml
3 ms. Memory: 1110016K Free: 923790K (83%)
----------------- Invoking toplevel() on ptolemy.moml.MoMLSimpleApplication@6b034891
----------------- Done invoking toplevel() on ptolemy.moml.MoMLSimpleApplication@6b034891
reloadAllAccessors: .DiscreteClock24

===========================================================================================
----------------- testing Mon Jun 18 13:33:43 UTC 2018 /home/travis/build/icyphy/ptII/ptolemy/actor/lib/test/auto/DiscreteClock4.xml
----------------- Instantiating /home/travis/build/icyphy/ptII/ptolemy/actor/lib/test/auto/DiscreteClock4.xml
2 ms. Memory: 1110016K Free: 913811K (82%)
----------------- Invoking toplevel() on ptolemy.moml.MoMLSimpleApplication@591a7702
----------------- Done invoking toplevel() on ptolemy.moml.MoMLSimpleApplication@591a7702
reloadAllAccessors: .DiscreteClock4

===========================================================================================
----------------- testing Mon Jun 18 13:33:43 UTC 2018 /home/travis/build/icyphy/ptII/ptolemy/actor/lib/test/auto/DiscreteClock5.xml
----------------- Instantiating /home/travis/build/icyphy/ptII/ptolemy/actor/lib/test/auto/DiscreteClock5.xml
2 ms. Memory: 1110016K Free: 895770K (81%)
----------------- Invoking toplevel() on ptolemy.moml.MoMLSimpleApplication@61e92b15
----------------- Done invoking toplevel() on ptolemy.moml.MoMLSimpleApplication@61e92b15
reloadAllAccessors: .DiscreteClock5

===========================================================================================
----------------- testing Mon Jun 18 13:33:43 UTC 2018 /home/travis/build/icyphy/ptII/ptolemy/actor/lib/test/auto/DiscreteClock6.xml
----------------- Instantiating /home/travis/build/icyphy/ptII/ptolemy/actor/lib/test/auto/DiscreteClock6.xml
1 ms. Memory: 1110016K Free: 885791K (80%)
----------------- Invoking toplevel() on ptolemy.moml.MoMLSimpleApplication@9b3a367
----------------- Done invoking toplevel() on ptolemy.moml.MoMLSimpleApplication@9b3a367
reloadAllAccessors: .DiscreteClock6

===========================================================================================
----------------- testing Mon Jun 18 13:33:43 UTC 2018 /home/travis/build/icyphy/ptII/ptolemy/actor/lib/test/auto/DiscreteClock7.xml
----------------- Instantiating /home/travis/build/icyphy/ptII/ptolemy/actor/lib/test/auto/DiscreteClock7.xml
2 ms. Memory: 1110016K Free: 875812K (79%)
----------------- Invoking toplevel() on ptolemy.moml.MoMLSimpleApplication@443c0d6b
----------------- Done invoking toplevel() on ptolemy.moml.MoMLSimpleApplication@443c0d6b
reloadAllAccessors: .DiscreteClock7

===========================================================================================
----------------- testing Mon Jun 18 13:33:43 UTC 2018 /home/travis/build/icyphy/ptII/ptolemy/actor/lib/test/auto/DiscreteClock8.xml
----------------- Instantiating /home/travis/build/icyphy/ptII/ptolemy/actor/lib/test/auto/DiscreteClock8.xml
3 ms. Memory: 1110016K Free: 857771K (77%)
----------------- Invoking toplevel() on ptolemy.moml.MoMLSimpleApplication@286230cc
----------------- Done invoking toplevel() on ptolemy.moml.MoMLSimpleApplication@286230cc
reloadAllAccessors: .DiscreteClock8

===========================================================================================
----------------- testing Mon Jun 18 13:33:43 UTC 2018 /home/travis/build/icyphy/ptII/ptolemy/actor/lib/test/auto/DiscreteClock9.xml
----------------- Instantiating /home/travis/build/icyphy/ptII/ptolemy/actor/lib/test/auto/DiscreteClock9.xml
4 ms. Memory: 1110016K Free: 847792K (76%)
----------------- Invoking toplevel() on ptolemy.moml.MoMLSimpleApplication@6ffa3cb4
----------------- Done invoking toplevel() on ptolemy.moml.MoMLSimpleApplication@6ffa3cb4
reloadAllAccessors: .DiscreteClock9

===========================================================================================
----------------- testing Mon Jun 18 13:33:43 UTC 2018 /home/travis/build/icyphy/ptII/ptolemy/actor/lib/test/auto/DisplayArray.xml
----------------- Instantiating /home/travis/build/icyphy/ptII/ptolemy/actor/lib/test/auto/DisplayArray.xml
1 ms. Memory: 1110016K Free: 837813K (75%)
----------------- Invoking toplevel() on ptolemy.moml.MoMLSimpleApplication@89e9ebf
----------------- Done invoking toplevel() on ptolemy.moml.MoMLSimpleApplication@89e9ebf
reloadAllAccessors: .DisplayArray

===========================================================================================
----------------- testing Mon Jun 18 13:33:43 UTC 2018 /home/travis/build/icyphy/ptII/ptolemy/actor/lib/test/auto/Distributor.xml
----------------- Instantiating /home/travis/build/icyphy/ptII/ptolemy/actor/lib/test/auto/Distributor.xml
2 ms. Memory: 1110016K Free: 827834K (75%)
----------------- Invoking toplevel() on ptolemy.moml.MoMLSimpleApplication@5e91aca6
----------------- Done invoking toplevel() on ptolemy.moml.MoMLSimpleApplication@5e91aca6
reloadAllAccessors: .Distributor

===========================================================================================
----------------- testing Mon Jun 18 13:33:43 UTC 2018 /home/travis/build/icyphy/ptII/ptolemy/actor/lib/test/auto/Distributor2.xml
----------------- Instantiating /home/travis/build/icyphy/ptII/ptolemy/actor/lib/test/auto/Distributor2.xml
1 ms. Memory: 1110016K Free: 809792K (73%)
----------------- Invoking toplevel() on ptolemy.moml.MoMLSimpleApplication@72004022
----------------- Done invoking toplevel() on ptolemy.moml.MoMLSimpleApplication@72004022
reloadAllAccessors: .Distributor2

===========================================================================================
----------------- testing Mon Jun 18 13:33:43 UTC 2018 /home/travis/build/icyphy/ptII/ptolemy/actor/lib/test/auto/DownSample.xml
----------------- Instantiating /home/travis/build/icyphy/ptII/ptolemy/actor/lib/test/auto/DownSample.xml
2 ms. Memory: 1110016K Free: 799814K (72%)
----------------- Invoking toplevel() on ptolemy.moml.MoMLSimpleApplication@313cdcc4
----------------- Done invoking toplevel() on ptolemy.moml.MoMLSimpleApplication@313cdcc4
reloadAllAccessors: .DownSample

===========================================================================================
----------------- testing Mon Jun 18 13:33:43 UTC 2018 /home/travis/build/icyphy/ptII/ptolemy/actor/lib/test/auto/ElectronicUnitBase1.xml
----------------- Instantiating /home/travis/build/icyphy/ptII/ptolemy/actor/lib/test/auto/ElectronicUnitBase1.xml
21 ms. Memory: 1110016K Free: 779856K (70%)
----------------- Invoking toplevel() on ptolemy.moml.MoMLSimpleApplication@6f755f9f
----------------- Done invoking toplevel() on ptolemy.moml.MoMLSimpleApplication@6f755f9f
reloadAllAccessors: .ElectronicUnitBase1

===========================================================================================
----------------- testing Mon Jun 18 13:33:43 UTC 2018 /home/travis/build/icyphy/ptII/ptolemy/actor/lib/test/auto/ElementsToArray.xml
----------------- Instantiating /home/travis/build/icyphy/ptII/ptolemy/actor/lib/test/auto/ElementsToArray.xml
2 ms. Memory: 1110016K Free: 761814K (69%)
----------------- Invoking toplevel() on ptolemy.moml.MoMLSimpleApplication@2a114976
----------------- Done invoking toplevel() on ptolemy.moml.MoMLSimpleApplication@2a114976
reloadAllAccessors: .ElementsToArray

===========================================================================================
----------------- testing Mon Jun 18 13:33:43 UTC 2018 /home/travis/build/icyphy/ptII/ptolemy/actor/lib/test/auto/Equals.xml
----------------- Instantiating /home/travis/build/icyphy/ptII/ptolemy/actor/lib/test/auto/Equals.xml
1 ms. Memory: 1110016K Free: 751835K (68%)
----------------- Invoking toplevel() on ptolemy.moml.MoMLSimpleApplication@1bb97c4
----------------- Done invoking toplevel() on ptolemy.moml.MoMLSimpleApplication@1bb97c4
reloadAllAccessors: .Equals

===========================================================================================
----------------- testing Mon Jun 18 13:33:43 UTC 2018 /home/travis/build/icyphy/ptII/ptolemy/actor/lib/test/auto/Exec.xml
----------------- Instantiating /home/travis/build/icyphy/ptII/ptolemy/actor/lib/test/auto/Exec.xml
11 ms. Memory: 1110016K Free: 731877K (66%)
----------------- Invoking toplevel() on ptolemy.moml.MoMLSimpleApplication@7c03efd6
----------------- Done invoking toplevel() on ptolemy.moml.MoMLSimpleApplication@7c03efd6
reloadAllAccessors: .Exec

===========================================================================================
----------------- testing Mon Jun 18 13:33:43 UTC 2018 /home/travis/build/icyphy/ptII/ptolemy/actor/lib/test/auto/ExecEnvironment.xml
----------------- Instantiating /home/travis/build/icyphy/ptII/ptolemy/actor/lib/test/auto/ExecEnvironment.xml
23 ms. Memory: 1110016K Free: 721898K (65%)
----------------- Invoking toplevel() on ptolemy.moml.MoMLSimpleApplication@719eb597
----------------- Done invoking toplevel() on ptolemy.moml.MoMLSimpleApplication@719eb597
reloadAllAccessors: .ExecEnvironment

===========================================================================================
----------------- testing Mon Jun 18 13:33:43 UTC 2018 /home/travis/build/icyphy/ptII/ptolemy/actor/lib/test/auto/ExecNonZeroReturnOutput.xml
----------------- Instantiating /home/travis/build/icyphy/ptII/ptolemy/actor/lib/test/auto/ExecNonZeroReturnOutput.xml
128 ms. Memory: 1110016K Free: 638993K (58%)
----------------- Invoking toplevel() on ptolemy.moml.MoMLSimpleApplication@2702155f
----------------- Done invoking toplevel() on ptolemy.moml.MoMLSimpleApplication@2702155f
reloadAllAccessors: .ExecNonZeroReturnOutput

===========================================================================================
----------------- testing Mon Jun 18 13:33:43 UTC 2018 /home/travis/build/icyphy/ptII/ptolemy/actor/lib/test/auto/ExecRunDemos.xml
----------------- Instantiating /home/travis/build/icyphy/ptII/ptolemy/actor/lib/test/auto/ExecRunDemos.xml
Finished: 61 ms. Memory: 116224K Free: 100103K (86%)

Finished: 55 ms. Memory: 116224K Free: 96359K (83%)

Finished: 69 ms. Memory: 116224K Free: 96957K (83%)

Finished: 50 ms. Memory: 116224K Free: 98219K (85%)

Finished: 39 ms. Memory: 116224K Free: 99505K (86%)

9592 ms. Memory: 1110016K Free: 569119K (51%)
----------------- Invoking toplevel() on ptolemy.moml.MoMLSimpleApplication@4c3012ef
----------------- Done invoking toplevel() on ptolemy.moml.MoMLSimpleApplication@4c3012ef
reloadAllAccessors: .ExecRunDemos

===========================================================================================
----------------- testing Mon Jun 18 13:33:53 UTC 2018 /home/travis/build/icyphy/ptII/ptolemy/actor/lib/test/auto/ExecStop.xml
----------------- Instantiating /home/travis/build/icyphy/ptII/ptolemy/actor/lib/test/auto/ExecStop.xml
5007 ms. Memory: 1110016K Free: 404466K (36%)
----------------- Invoking toplevel() on ptolemy.moml.MoMLSimpleApplication@341b8468
----------------- Done invoking toplevel() on ptolemy.moml.MoMLSimpleApplication@341b8468
reloadAllAccessors: .ExecStop

===========================================================================================
----------------- testing Mon Jun 18 13:33:58 UTC 2018 /home/travis/build/icyphy/ptII/ptolemy/actor/lib/test/auto/ExecutionTimeSDF.xml
----------------- Instantiating /home/travis/build/icyphy/ptII/ptolemy/actor/lib/test/auto/ExecutionTimeSDF.xml
Fired ExecutionTime: -448167296
Fired ExecutionTime: 916800000
Fired ExecutionTime: -1145767296
6005 ms. Memory: 1110016K Free: 376429K (34%)
----------------- Invoking toplevel() on ptolemy.moml.MoMLSimpleApplication@5481ecb2
----------------- Done invoking toplevel() on ptolemy.moml.MoMLSimpleApplication@5481ecb2
reloadAllAccessors: .ExecutionTimeSDF

===========================================================================================
----------------- testing Mon Jun 18 13:34:04 UTC 2018 /home/travis/build/icyphy/ptII/ptolemy/actor/lib/test/auto/Expression1.xml
----------------- Instantiating /home/travis/build/icyphy/ptII/ptolemy/actor/lib/test/auto/Expression1.xml
1 ms. Memory: 1110016K Free: 366450K (33%)
----------------- Invoking toplevel() on ptolemy.moml.MoMLSimpleApplication@5776162f
----------------- Done invoking toplevel() on ptolemy.moml.MoMLSimpleApplication@5776162f
reloadAllAccessors: .Expression1

===========================================================================================
----------------- testing Mon Jun 18 13:34:04 UTC 2018 /home/travis/build/icyphy/ptII/ptolemy/actor/lib/test/auto/Expression10.xml
----------------- Instantiating /home/travis/build/icyphy/ptII/ptolemy/actor/lib/test/auto/Expression10.xml
5 ms. Memory: 1110016K Free: 356471K (32%)
----------------- Invoking toplevel() on ptolemy.moml.MoMLSimpleApplication@10114730
----------------- Done invoking toplevel() on ptolemy.moml.MoMLSimpleApplication@10114730
reloadAllAccessors: .Expression10

===========================================================================================
----------------- testing Mon Jun 18 13:34:04 UTC 2018 /home/travis/build/icyphy/ptII/ptolemy/actor/lib/test/auto/Expression11.xml
----------------- Instantiating /home/travis/build/icyphy/ptII/ptolemy/actor/lib/test/auto/Expression11.xml
3 ms. Memory: 1110016K Free: 346492K (31%)
----------------- Invoking toplevel() on ptolemy.moml.MoMLSimpleApplication@12dfd714
----------------- Done invoking toplevel() on ptolemy.moml.MoMLSimpleApplication@12dfd714
reloadAllAccessors: .Expression11

===========================================================================================
----------------- testing Mon Jun 18 13:34:04 UTC 2018 /home/travis/build/icyphy/ptII/ptolemy/actor/lib/test/auto/Expression12.xml
----------------- Instantiating /home/travis/build/icyphy/ptII/ptolemy/actor/lib/test/auto/Expression12.xml
5 ms. Memory: 1110016K Free: 328451K (30%)
----------------- Invoking toplevel() on ptolemy.moml.MoMLSimpleApplication@535070d2
----------------- Done invoking toplevel() on ptolemy.moml.MoMLSimpleApplication@535070d2
reloadAllAccessors: .Expression12

===========================================================================================
----------------- testing Mon Jun 18 13:34:04 UTC 2018 /home/travis/build/icyphy/ptII/ptolemy/actor/lib/test/auto/Expression13.xml
----------------- Instantiating /home/travis/build/icyphy/ptII/ptolemy/actor/lib/test/auto/Expression13.xml
3 ms. Memory: 1110016K Free: 318472K (29%)
----------------- Invoking toplevel() on ptolemy.moml.MoMLSimpleApplication@60ec956c
----------------- Done invoking toplevel() on ptolemy.moml.MoMLSimpleApplication@60ec956c
reloadAllAccessors: .Expression13

===========================================================================================
----------------- testing Mon Jun 18 13:34:04 UTC 2018 /home/travis/build/icyphy/ptII/ptolemy/actor/lib/test/auto/Expression14.xml
----------------- Instantiating /home/travis/build/icyphy/ptII/ptolemy/actor/lib/test/auto/Expression14.xml
8 ms. Memory: 1110016K Free: 308493K (28%)
----------------- Invoking toplevel() on ptolemy.moml.MoMLSimpleApplication@711c67b8
----------------- Done invoking toplevel() on ptolemy.moml.MoMLSimpleApplication@711c67b8
reloadAllAccessors: .Expression14

===========================================================================================
----------------- testing Mon Jun 18 13:34:04 UTC 2018 /home/travis/build/icyphy/ptII/ptolemy/actor/lib/test/auto/Expression15.xml
----------------- Instantiating /home/travis/build/icyphy/ptII/ptolemy/actor/lib/test/auto/Expression15.xml
2 ms. Memory: 1110016K Free: 290452K (26%)
----------------- Invoking toplevel() on ptolemy.moml.MoMLSimpleApplication@4223f39c
----------------- Done invoking toplevel() on ptolemy.moml.MoMLSimpleApplication@4223f39c
reloadAllAccessors: .Expression15

===========================================================================================
----------------- testing Mon Jun 18 13:34:04 UTC 2018 /home/travis/build/icyphy/ptII/ptolemy/actor/lib/test/auto/Expression16.xml
----------------- Instantiating /home/travis/build/icyphy/ptII/ptolemy/actor/lib/test/auto/Expression16.xml
3 ms. Memory: 1110016K Free: 280473K (25%)
----------------- Invoking toplevel() on ptolemy.moml.MoMLSimpleApplication@ba7aa55
----------------- Done invoking toplevel() on ptolemy.moml.MoMLSimpleApplication@ba7aa55
reloadAllAccessors: .Expression16

===========================================================================================
----------------- testing Mon Jun 18 13:34:04 UTC 2018 /home/travis/build/icyphy/ptII/ptolemy/actor/lib/test/auto/Expression17.xml
----------------- Instantiating /home/travis/build/icyphy/ptII/ptolemy/actor/lib/test/auto/Expression17.xml
4 ms. Memory: 1110016K Free: 270494K (24%)
----------------- Invoking toplevel() on ptolemy.moml.MoMLSimpleApplication@1453f977
----------------- Done invoking toplevel() on ptolemy.moml.MoMLSimpleApplication@1453f977
reloadAllAccessors: .Expression17

===========================================================================================
----------------- testing Mon Jun 18 13:34:04 UTC 2018 /home/travis/build/icyphy/ptII/ptolemy/actor/lib/test/auto/Expression18.xml
----------------- Instantiating /home/travis/build/icyphy/ptII/ptolemy/actor/lib/test/auto/Expression18.xml
4 ms. Memory: 1110016K Free: 260515K (23%)
----------------- Invoking toplevel() on ptolemy.moml.MoMLSimpleApplication@2bc330ce
----------------- Done invoking toplevel() on ptolemy.moml.MoMLSimpleApplication@2bc330ce
reloadAllAccessors: .Expression18

===========================================================================================
----------------- testing Mon Jun 18 13:34:04 UTC 2018 /home/travis/build/icyphy/ptII/ptolemy/actor/lib/test/auto/Expression2.xml
----------------- Instantiating /home/travis/build/icyphy/ptII/ptolemy/actor/lib/test/auto/Expression2.xml
3 ms. Memory: 1110016K Free: 242474K (22%)
----------------- Invoking toplevel() on ptolemy.moml.MoMLSimpleApplication@6c428f3d
----------------- Done invoking toplevel() on ptolemy.moml.MoMLSimpleApplication@6c428f3d
reloadAllAccessors: .Expression2

===========================================================================================
----------------- testing Mon Jun 18 13:34:04 UTC 2018 /home/travis/build/icyphy/ptII/ptolemy/actor/lib/test/auto/Expression3.xml
----------------- Instantiating /home/travis/build/icyphy/ptII/ptolemy/actor/lib/test/auto/Expression3.xml
7 ms. Memory: 1110016K Free: 232495K (21%)
----------------- Invoking toplevel() on ptolemy.moml.MoMLSimpleApplication@1e6f38be
----------------- Done invoking toplevel() on ptolemy.moml.MoMLSimpleApplication@1e6f38be
reloadAllAccessors: .Expression3

===========================================================================================
----------------- testing Mon Jun 18 13:34:04 UTC 2018 /home/travis/build/icyphy/ptII/ptolemy/actor/lib/test/auto/Expression4.xml
----------------- Instantiating /home/travis/build/icyphy/ptII/ptolemy/actor/lib/test/auto/Expression4.xml
5 ms. Memory: 1110016K Free: 217510K (20%)
----------------- Invoking toplevel() on ptolemy.moml.MoMLSimpleApplication@3cb5ab98
----------------- Done invoking toplevel() on ptolemy.moml.MoMLSimpleApplication@3cb5ab98
reloadAllAccessors: .Expression4

===========================================================================================
----------------- testing Mon Jun 18 13:34:04 UTC 2018 /home/travis/build/icyphy/ptII/ptolemy/actor/lib/test/auto/Expression5.xml
----------------- Instantiating /home/travis/build/icyphy/ptII/ptolemy/actor/lib/test/auto/Expression5.xml
6 ms. Memory: 1110016K Free: 199469K (18%)
----------------- Invoking toplevel() on ptolemy.moml.MoMLSimpleApplication@585da42e
----------------- Done invoking toplevel() on ptolemy.moml.MoMLSimpleApplication@585da42e
reloadAllAccessors: .Expression5

===========================================================================================
----------------- testing Mon Jun 18 13:34:04 UTC 2018 /home/travis/build/icyphy/ptII/ptolemy/actor/lib/test/auto/Expression6.xml
----------------- Instantiating /home/travis/build/icyphy/ptII/ptolemy/actor/lib/test/auto/Expression6.xml
3 ms. Memory: 1110016K Free: 189490K (17%)
----------------- Invoking toplevel() on ptolemy.moml.MoMLSimpleApplication@c3c87cb
----------------- Done invoking toplevel() on ptolemy.moml.MoMLSimpleApplication@c3c87cb
reloadAllAccessors: .Expression6

===========================================================================================
----------------- testing Mon Jun 18 13:34:04 UTC 2018 /home/travis/build/icyphy/ptII/ptolemy/actor/lib/test/auto/Expression7.xml
----------------- Instantiating /home/travis/build/icyphy/ptII/ptolemy/actor/lib/test/auto/Expression7.xml
3 ms. Memory: 1110016K Free: 179511K (16%)
----------------- Invoking toplevel() on ptolemy.moml.MoMLSimpleApplication@4d148870
----------------- Done invoking toplevel() on ptolemy.moml.MoMLSimpleApplication@4d148870
reloadAllAccessors: .Expression7

===========================================================================================
----------------- testing Mon Jun 18 13:34:04 UTC 2018 /home/travis/build/icyphy/ptII/ptolemy/actor/lib/test/auto/Expression8.xml
----------------- Instantiating /home/travis/build/icyphy/ptII/ptolemy/actor/lib/test/auto/Expression8.xml
9 ms. Memory: 1110016K Free: 169532K (15%)
----------------- Invoking toplevel() on ptolemy.moml.MoMLSimpleApplication@254e867
----------------- Done invoking toplevel() on ptolemy.moml.MoMLSimpleApplication@254e867
reloadAllAccessors: .Expression8

===========================================================================================
----------------- testing Mon Jun 18 13:34:04 UTC 2018 /home/travis/build/icyphy/ptII/ptolemy/actor/lib/test/auto/Expression9.xml
----------------- Instantiating /home/travis/build/icyphy/ptII/ptolemy/actor/lib/test/auto/Expression9.xml
2 ms. Memory: 1110016K Free: 151490K (14%)
----------------- Invoking toplevel() on ptolemy.moml.MoMLSimpleApplication@124f7344
----------------- Done invoking toplevel() on ptolemy.moml.MoMLSimpleApplication@124f7344
reloadAllAccessors: .Expression9

===========================================================================================
----------------- testing Mon Jun 18 13:34:04 UTC 2018 /home/travis/build/icyphy/ptII/ptolemy/actor/lib/test/auto/ExpressionConcatenateArrayType.xml
----------------- Instantiating /home/travis/build/icyphy/ptII/ptolemy/actor/lib/test/auto/ExpressionConcatenateArrayType.xml
3 ms. Memory: 1110016K Free: 136506K (12%)
----------------- Invoking toplevel() on ptolemy.moml.MoMLSimpleApplication@7b5d4a84
----------------- Done invoking toplevel() on ptolemy.moml.MoMLSimpleApplication@7b5d4a84
reloadAllAccessors: .ExpressionConcatenateArrayType

===========================================================================================
----------------- testing Mon Jun 18 13:34:04 UTC 2018 /home/travis/build/icyphy/ptII/ptolemy/actor/lib/test/auto/ExpressionConcatenateArrayType2.xml
----------------- Instantiating /home/travis/build/icyphy/ptII/ptolemy/actor/lib/test/auto/ExpressionConcatenateArrayType2.xml
2 ms. Memory: 1110016K Free: 126527K (11%)
----------------- Invoking toplevel() on ptolemy.moml.MoMLSimpleApplication@ff9afd4
----------------- Done invoking toplevel() on ptolemy.moml.MoMLSimpleApplication@ff9afd4
reloadAllAccessors: .ExpressionConcatenateArrayType2

===========================================================================================
----------------- testing Mon Jun 18 13:34:04 UTC 2018 /home/travis/build/icyphy/ptII/ptolemy/actor/lib/test/auto/ExpressionFix.xml
----------------- Instantiating /home/travis/build/icyphy/ptII/ptolemy/actor/lib/test/auto/ExpressionFix.xml
21 ms. Memory: 1110016K Free: 108485K (10%)
----------------- Invoking toplevel() on ptolemy.moml.MoMLSimpleApplication@1f26e863
----------------- Done invoking toplevel() on ptolemy.moml.MoMLSimpleApplication@1f26e863
reloadAllAccessors: .ExpressionFix

===========================================================================================
----------------- testing Mon Jun 18 13:34:04 UTC 2018 /home/travis/build/icyphy/ptII/ptolemy/actor/lib/test/auto/ExpressionFix2.xml
----------------- Instantiating /home/travis/build/icyphy/ptII/ptolemy/actor/lib/test/auto/ExpressionFix2.xml
2 ms. Memory: 1110016K Free: 98507K (9%)
----------------- Invoking toplevel() on ptolemy.moml.MoMLSimpleApplication@4bc2a32b
----------------- Done invoking toplevel() on ptolemy.moml.MoMLSimpleApplication@4bc2a32b
reloadAllAccessors: .ExpressionFix2

===========================================================================================
----------------- testing Mon Jun 18 13:34:04 UTC 2018 /home/travis/build/icyphy/ptII/ptolemy/actor/lib/test/auto/ExpressionFix3.xml
----------------- Instantiating /home/travis/build/icyphy/ptII/ptolemy/actor/lib/test/auto/ExpressionFix3.xml
3 ms. Memory: 1110016K Free: 88528K (8%)
----------------- Invoking toplevel() on ptolemy.moml.MoMLSimpleApplication@7c0ef6a3
----------------- Done invoking toplevel() on ptolemy.moml.MoMLSimpleApplication@7c0ef6a3
reloadAllAccessors: .ExpressionFix3

===========================================================================================
----------------- testing Mon Jun 18 13:34:04 UTC 2018 /home/travis/build/icyphy/ptII/ptolemy/actor/lib/test/auto/FileWriter1.xml
----------------- Instantiating /home/travis/build/icyphy/ptII/ptolemy/actor/lib/test/auto/FileWriter1.xml
3 ms. Memory: 1110016K Free: 78549K (7%)
----------------- Invoking toplevel() on ptolemy.moml.MoMLSimpleApplication@608c543c
----------------- Done invoking toplevel() on ptolemy.moml.MoMLSimpleApplication@608c543c
reloadAllAccessors: .FileWriter1

===========================================================================================
----------------- testing Mon Jun 18 13:34:04 UTC 2018 /home/travis/build/icyphy/ptII/ptolemy/actor/lib/test/auto/FileWriter2.xml
----------------- Instantiating /home/travis/build/icyphy/ptII/ptolemy/actor/lib/test/auto/FileWriter2.xml
2 ms. Memory: 1312768K Free: 1262619K (96%)
----------------- Invoking toplevel() on ptolemy.moml.MoMLSimpleApplication@54d5a039
----------------- Done invoking toplevel() on ptolemy.moml.MoMLSimpleApplication@54d5a039
reloadAllAccessors: .FileWriter2

===========================================================================================
----------------- testing Mon Jun 18 13:34:04 UTC 2018 /home/travis/build/icyphy/ptII/ptolemy/actor/lib/test/auto/FileWriter3.xml
----------------- Instantiating /home/travis/build/icyphy/ptII/ptolemy/actor/lib/test/auto/FileWriter3.xml
6 ms. Memory: 1312768K Free: 1242972K (95%)
----------------- Invoking toplevel() on ptolemy.moml.MoMLSimpleApplication@74ccddfc
----------------- Done invoking toplevel() on ptolemy.moml.MoMLSimpleApplication@74ccddfc
reloadAllAccessors: .FileWriter3

===========================================================================================
----------------- testing Mon Jun 18 13:34:04 UTC 2018 /home/travis/build/icyphy/ptII/ptolemy/actor/lib/test/auto/Gaussian.xml
----------------- Instantiating /home/travis/build/icyphy/ptII/ptolemy/actor/lib/test/auto/Gaussian.xml
2 ms. Memory: 1312768K Free: 1230812K (94%)
----------------- Invoking toplevel() on ptolemy.moml.MoMLSimpleApplication@20664c4c
----------------- Done invoking toplevel() on ptolemy.moml.MoMLSimpleApplication@20664c4c
reloadAllAccessors: .Gaussian

===========================================================================================
----------------- testing Mon Jun 18 13:34:04 UTC 2018 /home/travis/build/icyphy/ptII/ptolemy/actor/lib/test/auto/Gaussian1.xml
----------------- Instantiating /home/travis/build/icyphy/ptII/ptolemy/actor/lib/test/auto/Gaussian1.xml
1 ms. Memory: 1312768K Free: 1218652K (93%)
----------------- Invoking toplevel() on ptolemy.moml.MoMLSimpleApplication@68c8180a
----------------- Done invoking toplevel() on ptolemy.moml.MoMLSimpleApplication@68c8180a
reloadAllAccessors: .Gaussian1

===========================================================================================
----------------- testing Mon Jun 18 13:34:04 UTC 2018 /home/travis/build/icyphy/ptII/ptolemy/actor/lib/test/auto/Gaussian2.xml
----------------- Instantiating /home/travis/build/icyphy/ptII/ptolemy/actor/lib/test/auto/Gaussian2.xml
6 ms. Memory: 1312768K Free: 1199005K (91%)
----------------- Invoking toplevel() on ptolemy.moml.MoMLSimpleApplication@1689e042
----------------- Done invoking toplevel() on ptolemy.moml.MoMLSimpleApplication@1689e042
reloadAllAccessors: .Gaussian2

===========================================================================================
----------------- testing Mon Jun 18 13:34:04 UTC 2018 /home/travis/build/icyphy/ptII/ptolemy/actor/lib/test/auto/GradientAdaptiveLattice.xml
----------------- Instantiating /home/travis/build/icyphy/ptII/ptolemy/actor/lib/test/auto/GradientAdaptiveLattice.xml
4 ms. Memory: 1312768K Free: 1186845K (90%)
----------------- Invoking toplevel() on ptolemy.moml.MoMLSimpleApplication@7ddbab66
----------------- Done invoking toplevel() on ptolemy.moml.MoMLSimpleApplication@7ddbab66
reloadAllAccessors: .GradientAdaptiveLattice

===========================================================================================
----------------- testing Mon Jun 18 13:34:04 UTC 2018 /home/travis/build/icyphy/ptII/ptolemy/actor/lib/test/auto/IIR.xml
----------------- Instantiating /home/travis/build/icyphy/ptII/ptolemy/actor/lib/test/auto/IIR.xml
1 ms. Memory: 1312768K Free: 1174685K (89%)
----------------- Invoking toplevel() on ptolemy.moml.MoMLSimpleApplication@5f62302c
----------------- Done invoking toplevel() on ptolemy.moml.MoMLSimpleApplication@5f62302c
reloadAllAccessors: .IIR

===========================================================================================
----------------- testing Mon Jun 18 13:34:04 UTC 2018 /home/travis/build/icyphy/ptII/ptolemy/actor/lib/test/auto/InputOutputTransparentPorts.xml
----------------- Instantiating /home/travis/build/icyphy/ptII/ptolemy/actor/lib/test/auto/InputOutputTransparentPorts.xml
2 ms. Memory: 1312768K Free: 1155039K (88%)
----------------- Invoking toplevel() on ptolemy.moml.MoMLSimpleApplication@26ef6e64
----------------- Done invoking toplevel() on ptolemy.moml.MoMLSimpleApplication@26ef6e64
reloadAllAccessors: .InputOutputTransparentPorts

===========================================================================================
----------------- testing Mon Jun 18 13:34:04 UTC 2018 /home/travis/build/icyphy/ptII/ptolemy/actor/lib/test/auto/Interpolator.xml
----------------- Instantiating /home/travis/build/icyphy/ptII/ptolemy/actor/lib/test/auto/Interpolator.xml
5 ms. Memory: 1312768K Free: 1142879K (87%)
----------------- Invoking toplevel() on ptolemy.moml.MoMLSimpleApplication@73d361b1
----------------- Done invoking toplevel() on ptolemy.moml.MoMLSimpleApplication@73d361b1
reloadAllAccessors: .Interpolator

===========================================================================================
----------------- testing Mon Jun 18 13:34:04 UTC 2018 /home/travis/build/icyphy/ptII/ptolemy/actor/lib/test/auto/InterpolatorFiringLimitDE.xml
----------------- Instantiating /home/travis/build/icyphy/ptII/ptolemy/actor/lib/test/auto/InterpolatorFiringLimitDE.xml
2 ms. Memory: 1312768K Free: 1130718K (86%)
----------------- Invoking toplevel() on ptolemy.moml.MoMLSimpleApplication@31e002
----------------- Done invoking toplevel() on ptolemy.moml.MoMLSimpleApplication@31e002
reloadAllAccessors: .InterpolatorFiringLimitDE

===========================================================================================
----------------- testing Mon Jun 18 13:34:04 UTC 2018 /home/travis/build/icyphy/ptII/ptolemy/actor/lib/test/auto/Lattice.xml
----------------- Instantiating /home/travis/build/icyphy/ptII/ptolemy/actor/lib/test/auto/Lattice.xml
1 ms. Memory: 1312768K Free: 1111072K (85%)
----------------- Invoking toplevel() on ptolemy.moml.MoMLSimpleApplication@34930dff
----------------- Done invoking toplevel() on ptolemy.moml.MoMLSimpleApplication@34930dff
reloadAllAccessors: .Lattice

===========================================================================================
----------------- testing Mon Jun 18 13:34:05 UTC 2018 /home/travis/build/icyphy/ptII/ptolemy/actor/lib/test/auto/LazyAOCTestLazy.xml
----------------- Instantiating /home/travis/build/icyphy/ptII/ptolemy/actor/lib/test/auto/LazyAOCTestLazy.xml
15 ms. Memory: 1312768K Free: 1098912K (84%)
----------------- Invoking toplevel() on ptolemy.moml.MoMLSimpleApplication@4da12767
----------------- Done invoking toplevel() on ptolemy.moml.MoMLSimpleApplication@4da12767
reloadAllAccessors: .LazyAOCTestLazy

===========================================================================================
----------------- testing Mon Jun 18 13:34:05 UTC 2018 /home/travis/build/icyphy/ptII/ptolemy/actor/lib/test/auto/LazyAOCTestNonLazy.xml
----------------- Instantiating /home/travis/build/icyphy/ptII/ptolemy/actor/lib/test/auto/LazyAOCTestNonLazy.xml
9 ms. Memory: 1312768K Free: 1086752K (83%)
----------------- Invoking toplevel() on ptolemy.moml.MoMLSimpleApplication@5e9f409a
----------------- Done invoking toplevel() on ptolemy.moml.MoMLSimpleApplication@5e9f409a
reloadAllAccessors: .LazyAOCTestNonLazy

===========================================================================================
----------------- testing Mon Jun 18 13:34:05 UTC 2018 /home/travis/build/icyphy/ptII/ptolemy/actor/lib/test/auto/LazyInnerClass.xml
----------------- Instantiating /home/travis/build/icyphy/ptII/ptolemy/actor/lib/test/auto/LazyInnerClass.xml
17 ms. Memory: 1312768K Free: 1074592K (82%)
----------------- Invoking toplevel() on ptolemy.moml.MoMLSimpleApplication@7bcd17cc
----------------- Done invoking toplevel() on ptolemy.moml.MoMLSimpleApplication@7bcd17cc
reloadAllAccessors: .LazyInnerClass

===========================================================================================
----------------- testing Mon Jun 18 13:34:05 UTC 2018 /home/travis/build/icyphy/ptII/ptolemy/actor/lib/test/auto/LazyPubSub.xml
----------------- Instantiating /home/travis/build/icyphy/ptII/ptolemy/actor/lib/test/auto/LazyPubSub.xml
18 ms. Memory: 1312768K Free: 1054945K (80%)
----------------- Invoking toplevel() on ptolemy.moml.MoMLSimpleApplication@27a63871
----------------- Done invoking toplevel() on ptolemy.moml.MoMLSimpleApplication@27a63871
reloadAllAccessors: .LazyPubSub

===========================================================================================
----------------- testing Mon Jun 18 13:34:05 UTC 2018 /home/travis/build/icyphy/ptII/ptolemy/actor/lib/test/auto/LazyPubSub2.xml
----------------- Instantiating /home/travis/build/icyphy/ptII/ptolemy/actor/lib/test/auto/LazyPubSub2.xml
17 ms. Memory: 1312768K Free: 1042785K (79%)
----------------- Invoking toplevel() on ptolemy.moml.MoMLSimpleApplication@27dbfe52
----------------- Done invoking toplevel() on ptolemy.moml.MoMLSimpleApplication@27dbfe52
reloadAllAccessors: .LazyPubSub2

===========================================================================================
----------------- testing Mon Jun 18 13:34:05 UTC 2018 /home/travis/build/icyphy/ptII/ptolemy/actor/lib/test/auto/LazyPubSub3.xml
----------------- Instantiating /home/travis/build/icyphy/ptII/ptolemy/actor/lib/test/auto/LazyPubSub3.xml
17 ms. Memory: 1312768K Free: 1030625K (79%)
----------------- Invoking toplevel() on ptolemy.moml.MoMLSimpleApplication@21fedcd
----------------- Done invoking toplevel() on ptolemy.moml.MoMLSimpleApplication@21fedcd
reloadAllAccessors: .LazyPubSub3

===========================================================================================
----------------- testing Mon Jun 18 13:34:05 UTC 2018 /home/travis/build/icyphy/ptII/ptolemy/actor/lib/test/auto/LazySubClassModel.xml
----------------- Instantiating /home/travis/build/icyphy/ptII/ptolemy/actor/lib/test/auto/LazySubClassModel.xml
2 ms. Memory: 1312768K Free: 1004899K (77%)
----------------- Invoking toplevel() on ptolemy.moml.MoMLSimpleApplication@6281b033
----------------- Done invoking toplevel() on ptolemy.moml.MoMLSimpleApplication@6281b033
reloadAllAccessors: .LazySubClassModel

===========================================================================================
----------------- testing Mon Jun 18 13:34:05 UTC 2018 /home/travis/build/icyphy/ptII/ptolemy/actor/lib/test/auto/LevelCrossTest1.xml
----------------- Instantiating /home/travis/build/icyphy/ptII/ptolemy/actor/lib/test/auto/LevelCrossTest1.xml
1 ms. Memory: 1312768K Free: 992738K (76%)
----------------- Invoking toplevel() on ptolemy.moml.MoMLSimpleApplication@1aaf3aee
----------------- Done invoking toplevel() on ptolemy.moml.MoMLSimpleApplication@1aaf3aee
reloadAllAccessors: .broken

===========================================================================================
----------------- testing Mon Jun 18 13:34:05 UTC 2018 /home/travis/build/icyphy/ptII/ptolemy/actor/lib/test/auto/LevelCrossTest10.xml
----------------- Instantiating /home/travis/build/icyphy/ptII/ptolemy/actor/lib/test/auto/LevelCrossTest10.xml
1 ms. Memory: 1312768K Free: 980509K (75%)
----------------- Invoking toplevel() on ptolemy.moml.MoMLSimpleApplication@64452445
----------------- Done invoking toplevel() on ptolemy.moml.MoMLSimpleApplication@64452445
reloadAllAccessors: .LevelCrossTest10

===========================================================================================
----------------- testing Mon Jun 18 13:34:05 UTC 2018 /home/travis/build/icyphy/ptII/ptolemy/actor/lib/test/auto/LevelCrossTest11.xml
----------------- Instantiating /home/travis/build/icyphy/ptII/ptolemy/actor/lib/test/auto/LevelCrossTest11.xml
1 ms. Memory: 1312768K Free: 960862K (73%)
----------------- Invoking toplevel() on ptolemy.moml.MoMLSimpleApplication@201ee9e3
----------------- Done invoking toplevel() on ptolemy.moml.MoMLSimpleApplication@201ee9e3
reloadAllAccessors: .LevelCrossTest11

===========================================================================================
----------------- testing Mon Jun 18 13:34:05 UTC 2018 /home/travis/build/icyphy/ptII/ptolemy/actor/lib/test/auto/LevelCrossTest12.xml
----------------- Instantiating /home/travis/build/icyphy/ptII/ptolemy/actor/lib/test/auto/LevelCrossTest12.xml
1 ms. Memory: 1312768K Free: 948702K (72%)
----------------- Invoking toplevel() on ptolemy.moml.MoMLSimpleApplication@6da88db
----------------- Done invoking toplevel() on ptolemy.moml.MoMLSimpleApplication@6da88db
reloadAllAccessors: .LevelCrossTest12

===========================================================================================
----------------- testing Mon Jun 18 13:34:05 UTC 2018 /home/travis/build/icyphy/ptII/ptolemy/actor/lib/test/auto/LevelCrossTest13.xml
----------------- Instantiating /home/travis/build/icyphy/ptII/ptolemy/actor/lib/test/auto/LevelCrossTest13.xml
1 ms. Memory: 1312768K Free: 936542K (71%)
----------------- Invoking toplevel() on ptolemy.moml.MoMLSimpleApplication@109071ac
----------------- Done invoking toplevel() on ptolemy.moml.MoMLSimpleApplication@109071ac
reloadAllAccessors: .LevelCrossTest13

===========================================================================================
----------------- testing Mon Jun 18 13:34:05 UTC 2018 /home/travis/build/icyphy/ptII/ptolemy/actor/lib/test/auto/LevelCrossTest2.xml
----------------- Instantiating /home/travis/build/icyphy/ptII/ptolemy/actor/lib/test/auto/LevelCrossTest2.xml
1 ms. Memory: 1312768K Free: 916895K (70%)
----------------- Invoking toplevel() on ptolemy.moml.MoMLSimpleApplication@2768ec6c
----------------- Done invoking toplevel() on ptolemy.moml.MoMLSimpleApplication@2768ec6c
reloadAllAccessors: .broken

===========================================================================================
----------------- testing Mon Jun 18 13:34:05 UTC 2018 /home/travis/build/icyphy/ptII/ptolemy/actor/lib/test/auto/LevelCrossTest3.xml
----------------- Instantiating /home/travis/build/icyphy/ptII/ptolemy/actor/lib/test/auto/LevelCrossTest3.xml
2 ms. Memory: 1312768K Free: 904735K (69%)
----------------- Invoking toplevel() on ptolemy.moml.MoMLSimpleApplication@5b19b3ab
----------------- Done invoking toplevel() on ptolemy.moml.MoMLSimpleApplication@5b19b3ab
reloadAllAccessors: .LevelCrossTest3

===========================================================================================
----------------- testing Mon Jun 18 13:34:05 UTC 2018 /home/travis/build/icyphy/ptII/ptolemy/actor/lib/test/auto/LevelCrossTest4.xml
----------------- Instantiating /home/travis/build/icyphy/ptII/ptolemy/actor/lib/test/auto/LevelCrossTest4.xml
1 ms. Memory: 1312768K Free: 892575K (68%)
----------------- Invoking toplevel() on ptolemy.moml.MoMLSimpleApplication@1e0968ee
----------------- Done invoking toplevel() on ptolemy.moml.MoMLSimpleApplication@1e0968ee
reloadAllAccessors: .broken

===========================================================================================
----------------- testing Mon Jun 18 13:34:05 UTC 2018 /home/travis/build/icyphy/ptII/ptolemy/actor/lib/test/auto/LevelCrossTest5.xml
----------------- Instantiating /home/travis/build/icyphy/ptII/ptolemy/actor/lib/test/auto/LevelCrossTest5.xml
2 ms. Memory: 1312768K Free: 880415K (67%)
----------------- Invoking toplevel() on ptolemy.moml.MoMLSimpleApplication@7ddc4251
----------------- Done invoking toplevel() on ptolemy.moml.MoMLSimpleApplication@7ddc4251
reloadAllAccessors: .LevelCrossTest5

===========================================================================================
----------------- testing Mon Jun 18 13:34:05 UTC 2018 /home/travis/build/icyphy/ptII/ptolemy/actor/lib/test/auto/LevelCrossTest6.xml
----------------- Instantiating /home/travis/build/icyphy/ptII/ptolemy/actor/lib/test/auto/LevelCrossTest6.xml
2 ms. Memory: 1312768K Free: 860769K (66%)
----------------- Invoking toplevel() on ptolemy.moml.MoMLSimpleApplication@75bf05da
----------------- Done invoking toplevel() on ptolemy.moml.MoMLSimpleApplication@75bf05da
reloadAllAccessors: .LevelCrossTest6

===========================================================================================
----------------- testing Mon Jun 18 13:34:05 UTC 2018 /home/travis/build/icyphy/ptII/ptolemy/actor/lib/test/auto/LevelCrossTest7.xml
----------------- Instantiating /home/travis/build/icyphy/ptII/ptolemy/actor/lib/test/auto/LevelCrossTest7.xml
1 ms. Memory: 1312768K Free: 842513K (64%)
----------------- Invoking toplevel() on ptolemy.moml.MoMLSimpleApplication@5f387642
----------------- Done invoking toplevel() on ptolemy.moml.MoMLSimpleApplication@5f387642
reloadAllAccessors: .LevelCrossTest7

===========================================================================================
----------------- testing Mon Jun 18 13:34:05 UTC 2018 /home/travis/build/icyphy/ptII/ptolemy/actor/lib/test/auto/LevelCrossTest8.xml
----------------- Instantiating /home/travis/build/icyphy/ptII/ptolemy/actor/lib/test/auto/LevelCrossTest8.xml
2 ms. Memory: 1312768K Free: 830353K (63%)
----------------- Invoking toplevel() on ptolemy.moml.MoMLSimpleApplication@248f3fc0
----------------- Done invoking toplevel() on ptolemy.moml.MoMLSimpleApplication@248f3fc0
reloadAllAccessors: .LevelCrossTest8

===========================================================================================
----------------- testing Mon Jun 18 13:34:05 UTC 2018 /home/travis/build/icyphy/ptII/ptolemy/actor/lib/test/auto/LevelCrossTest9.xml
----------------- Instantiating /home/travis/build/icyphy/ptII/ptolemy/actor/lib/test/auto/LevelCrossTest9.xml
1 ms. Memory: 1312768K Free: 810706K (62%)
----------------- Invoking toplevel() on ptolemy.moml.MoMLSimpleApplication@2c75fae1
----------------- Done invoking toplevel() on ptolemy.moml.MoMLSimpleApplication@2c75fae1
reloadAllAccessors: .LevelCrossTest9

===========================================================================================
----------------- testing Mon Jun 18 13:34:05 UTC 2018 /home/travis/build/icyphy/ptII/ptolemy/actor/lib/test/auto/LevinsonDurbin.xml
----------------- Instantiating /home/travis/build/icyphy/ptII/ptolemy/actor/lib/test/auto/LevinsonDurbin.xml
1 ms. Memory: 1312768K Free: 798546K (61%)
----------------- Invoking toplevel() on ptolemy.moml.MoMLSimpleApplication@54a2021f
----------------- Done invoking toplevel() on ptolemy.moml.MoMLSimpleApplication@54a2021f
reloadAllAccessors: .LevinsonDurbin

===========================================================================================
----------------- testing Mon Jun 18 13:34:05 UTC 2018 /home/travis/build/icyphy/ptII/ptolemy/actor/lib/test/auto/LevinsonDurbin2.xml
----------------- Instantiating /home/travis/build/icyphy/ptII/ptolemy/actor/lib/test/auto/LevinsonDurbin2.xml
2 ms. Memory: 1312768K Free: 786386K (60%)
----------------- Invoking toplevel() on ptolemy.moml.MoMLSimpleApplication@42063d30
----------------- Done invoking toplevel() on ptolemy.moml.MoMLSimpleApplication@42063d30
reloadAllAccessors: .LevinsonDurbin2

===========================================================================================
----------------- testing Mon Jun 18 13:34:05 UTC 2018 /home/travis/build/icyphy/ptII/ptolemy/actor/lib/test/auto/LevinsonDurbin3.xml
----------------- Instantiating /home/travis/build/icyphy/ptII/ptolemy/actor/lib/test/auto/LevinsonDurbin3.xml
2 ms. Memory: 1312768K Free: 766739K (58%)
----------------- Invoking toplevel() on ptolemy.moml.MoMLSimpleApplication@2499590d
----------------- Done invoking toplevel() on ptolemy.moml.MoMLSimpleApplication@2499590d
reloadAllAccessors: .LevinsonDurbin3

===========================================================================================
----------------- testing Mon Jun 18 13:34:05 UTC 2018 /home/travis/build/icyphy/ptII/ptolemy/actor/lib/test/auto/Limiter.xml
----------------- Instantiating /home/travis/build/icyphy/ptII/ptolemy/actor/lib/test/auto/Limiter.xml
4 ms. Memory: 1312768K Free: 748483K (57%)
----------------- Invoking toplevel() on ptolemy.moml.MoMLSimpleApplication@3525db1b
----------------- Done invoking toplevel() on ptolemy.moml.MoMLSimpleApplication@3525db1b
reloadAllAccessors: .Limiter

===========================================================================================
----------------- testing Mon Jun 18 13:34:05 UTC 2018 /home/travis/build/icyphy/ptII/ptolemy/actor/lib/test/auto/LinearDifferenceEquationSystem.xml
----------------- Instantiating /home/travis/build/icyphy/ptII/ptolemy/actor/lib/test/auto/LinearDifferenceEquationSystem.xml
3 ms. Memory: 1312768K Free: 736323K (56%)
----------------- Invoking toplevel() on ptolemy.moml.MoMLSimpleApplication@1d2f183
----------------- Done invoking toplevel() on ptolemy.moml.MoMLSimpleApplication@1d2f183
reloadAllAccessors: .LinearDifferenceEquationSystem

===========================================================================================
----------------- testing Mon Jun 18 13:34:05 UTC 2018 /home/travis/build/icyphy/ptII/ptolemy/actor/lib/test/auto/LookupTable.xml
----------------- Instantiating /home/travis/build/icyphy/ptII/ptolemy/actor/lib/test/auto/LookupTable.xml
2 ms. Memory: 1312768K Free: 716676K (55%)
----------------- Invoking toplevel() on ptolemy.moml.MoMLSimpleApplication@2f5dd243
----------------- Done invoking toplevel() on ptolemy.moml.MoMLSimpleApplication@2f5dd243
reloadAllAccessors: .LookupTable

===========================================================================================
----------------- testing Mon Jun 18 13:34:05 UTC 2018 /home/travis/build/icyphy/ptII/ptolemy/actor/lib/test/auto/MathFunction.xml
----------------- Instantiating /home/travis/build/icyphy/ptII/ptolemy/actor/lib/test/auto/MathFunction.xml
3 ms. Memory: 1312768K Free: 698420K (53%)
----------------- Invoking toplevel() on ptolemy.moml.MoMLSimpleApplication@7c5ab642
----------------- Done invoking toplevel() on ptolemy.moml.MoMLSimpleApplication@7c5ab642
reloadAllAccessors: .MathFunction

===========================================================================================
----------------- testing Mon Jun 18 13:34:05 UTC 2018 /home/travis/build/icyphy/ptII/ptolemy/actor/lib/test/auto/MathFunction2.xml
----------------- Instantiating /home/travis/build/icyphy/ptII/ptolemy/actor/lib/test/auto/MathFunction2.xml
1 ms. Memory: 1312768K Free: 686260K (52%)
----------------- Invoking toplevel() on ptolemy.moml.MoMLSimpleApplication@78eace2d
----------------- Done invoking toplevel() on ptolemy.moml.MoMLSimpleApplication@78eace2d
reloadAllAccessors: .MathFunction2

===========================================================================================
----------------- testing Mon Jun 18 13:34:05 UTC 2018 /home/travis/build/icyphy/ptII/ptolemy/actor/lib/test/auto/MathFunction3.xml
----------------- Instantiating /home/travis/build/icyphy/ptII/ptolemy/actor/lib/test/auto/MathFunction3.xml
2 ms. Memory: 1312768K Free: 666614K (51%)
----------------- Invoking toplevel() on ptolemy.moml.MoMLSimpleApplication@6395315e
----------------- Done invoking toplevel() on ptolemy.moml.MoMLSimpleApplication@6395315e
reloadAllAccessors: .MathFunction3

===========================================================================================
----------------- testing Mon Jun 18 13:34:05 UTC 2018 /home/travis/build/icyphy/ptII/ptolemy/actor/lib/test/auto/MatrixCropBoolean.xml
----------------- Instantiating /home/travis/build/icyphy/ptII/ptolemy/actor/lib/test/auto/MatrixCropBoolean.xml
2 ms. Memory: 1312768K Free: 654454K (50%)
----------------- Invoking toplevel() on ptolemy.moml.MoMLSimpleApplication@7f655feb
----------------- Done invoking toplevel() on ptolemy.moml.MoMLSimpleApplication@7f655feb
reloadAllAccessors: .MatrixCropBoolean

===========================================================================================
----------------- testing Mon Jun 18 13:34:05 UTC 2018 /home/travis/build/icyphy/ptII/ptolemy/actor/lib/test/auto/MatrixCropComplex.xml
----------------- Instantiating /home/travis/build/icyphy/ptII/ptolemy/actor/lib/test/auto/MatrixCropComplex.xml
2 ms. Memory: 1312768K Free: 642294K (49%)
----------------- Invoking toplevel() on ptolemy.moml.MoMLSimpleApplication@4c7a3a7c
----------------- Done invoking toplevel() on ptolemy.moml.MoMLSimpleApplication@4c7a3a7c
reloadAllAccessors: .MatrixCropComplex

===========================================================================================
----------------- testing Mon Jun 18 13:34:05 UTC 2018 /home/travis/build/icyphy/ptII/ptolemy/actor/lib/test/auto/MatrixCropDouble.xml
----------------- Instantiating /home/travis/build/icyphy/ptII/ptolemy/actor/lib/test/auto/MatrixCropDouble.xml
2 ms. Memory: 1312768K Free: 630134K (48%)
----------------- Invoking toplevel() on ptolemy.moml.MoMLSimpleApplication@7b4d4195
----------------- Done invoking toplevel() on ptolemy.moml.MoMLSimpleApplication@7b4d4195
reloadAllAccessors: .MatrixCropDouble

===========================================================================================
----------------- testing Mon Jun 18 13:34:05 UTC 2018 /home/travis/build/icyphy/ptII/ptolemy/actor/lib/test/auto/MatrixCropFix.xml
----------------- Instantiating /home/travis/build/icyphy/ptII/ptolemy/actor/lib/test/auto/MatrixCropFix.xml
1 ms. Memory: 1312768K Free: 610487K (47%)
----------------- Invoking toplevel() on ptolemy.moml.MoMLSimpleApplication@31c3101f
----------------- Done invoking toplevel() on ptolemy.moml.MoMLSimpleApplication@31c3101f
reloadAllAccessors: .MatrixCropFix

===========================================================================================
----------------- testing Mon Jun 18 13:34:05 UTC 2018 /home/travis/build/icyphy/ptII/ptolemy/actor/lib/test/auto/MatrixCropInt.xml
----------------- Instantiating /home/travis/build/icyphy/ptII/ptolemy/actor/lib/test/auto/MatrixCropInt.xml
2 ms. Memory: 1312768K Free: 598327K (46%)
----------------- Invoking toplevel() on ptolemy.moml.MoMLSimpleApplication@5d4c73b5
----------------- Done invoking toplevel() on ptolemy.moml.MoMLSimpleApplication@5d4c73b5
reloadAllAccessors: .MatrixCropInt

===========================================================================================
----------------- testing Mon Jun 18 13:34:05 UTC 2018 /home/travis/build/icyphy/ptII/ptolemy/actor/lib/test/auto/MatrixCropLong.xml
----------------- Instantiating /home/travis/build/icyphy/ptII/ptolemy/actor/lib/test/auto/MatrixCropLong.xml
1 ms. Memory: 1312768K Free: 586167K (45%)
----------------- Invoking toplevel() on ptolemy.moml.MoMLSimpleApplication@1cfc5616
----------------- Done invoking toplevel() on ptolemy.moml.MoMLSimpleApplication@1cfc5616
reloadAllAccessors: .MatrixCropLong

===========================================================================================
----------------- testing Mon Jun 18 13:34:05 UTC 2018 /home/travis/build/icyphy/ptII/ptolemy/actor/lib/test/auto/MatrixToArray.xml
----------------- Instantiating /home/travis/build/icyphy/ptII/ptolemy/actor/lib/test/auto/MatrixToArray.xml
15 ms. Memory: 1312768K Free: 554345K (42%)
----------------- Invoking toplevel() on ptolemy.moml.MoMLSimpleApplication@3f876a5f
----------------- Done invoking toplevel() on ptolemy.moml.MoMLSimpleApplication@3f876a5f
reloadAllAccessors: .MatrixToArray

===========================================================================================
----------------- testing Mon Jun 18 13:34:05 UTC 2018 /home/travis/build/icyphy/ptII/ptolemy/actor/lib/test/auto/MaxIndex.xml
----------------- Instantiating /home/travis/build/icyphy/ptII/ptolemy/actor/lib/test/auto/MaxIndex.xml
3 ms. Memory: 1312768K Free: 542185K (41%)
----------------- Invoking toplevel() on ptolemy.moml.MoMLSimpleApplication@28215bdf
----------------- Done invoking toplevel() on ptolemy.moml.MoMLSimpleApplication@28215bdf
reloadAllAccessors: .MaxIndex

===========================================================================================
----------------- testing Mon Jun 18 13:34:05 UTC 2018 /home/travis/build/icyphy/ptII/ptolemy/actor/lib/test/auto/Maximum.xml
----------------- Instantiating /home/travis/build/icyphy/ptII/ptolemy/actor/lib/test/auto/Maximum.xml
2 ms. Memory: 1312768K Free: 530025K (40%)
----------------- Invoking toplevel() on ptolemy.moml.MoMLSimpleApplication@41673b66
----------------- Done invoking toplevel() on ptolemy.moml.MoMLSimpleApplication@41673b66
reloadAllAccessors: .Maximum

===========================================================================================
----------------- testing Mon Jun 18 13:34:05 UTC 2018 /home/travis/build/icyphy/ptII/ptolemy/actor/lib/test/auto/MaximumComplex.xml
----------------- Instantiating /home/travis/build/icyphy/ptII/ptolemy/actor/lib/test/auto/MaximumComplex.xml
3 ms. Memory: 1312768K Free: 510378K (39%)
----------------- Invoking toplevel() on ptolemy.moml.MoMLSimpleApplication@38d56856
----------------- Done invoking toplevel() on ptolemy.moml.MoMLSimpleApplication@38d56856
reloadAllAccessors: .MaximumComplex

===========================================================================================
----------------- testing Mon Jun 18 13:34:05 UTC 2018 /home/travis/build/icyphy/ptII/ptolemy/actor/lib/test/auto/MethodCallTest.xml
----------------- Instantiating /home/travis/build/icyphy/ptII/ptolemy/actor/lib/test/auto/MethodCallTest.xml
3 ms. Memory: 1312768K Free: 498218K (38%)
----------------- Invoking toplevel() on ptolemy.moml.MoMLSimpleApplication@217ab292
----------------- Done invoking toplevel() on ptolemy.moml.MoMLSimpleApplication@217ab292
reloadAllAccessors: .MethodCallTest

===========================================================================================
----------------- testing Mon Jun 18 13:34:06 UTC 2018 /home/travis/build/icyphy/ptII/ptolemy/actor/lib/test/auto/Minimum.xml
----------------- Instantiating /home/travis/build/icyphy/ptII/ptolemy/actor/lib/test/auto/Minimum.xml
3 ms. Memory: 1312768K Free: 486058K (37%)
----------------- Invoking toplevel() on ptolemy.moml.MoMLSimpleApplication@1e789884
----------------- Done invoking toplevel() on ptolemy.moml.MoMLSimpleApplication@1e789884
reloadAllAccessors: .Minimum

===========================================================================================
----------------- testing Mon Jun 18 13:34:06 UTC 2018 /home/travis/build/icyphy/ptII/ptolemy/actor/lib/test/auto/MinimumComplex.xml
----------------- Instantiating /home/travis/build/icyphy/ptII/ptolemy/actor/lib/test/auto/MinimumComplex.xml
3 ms. Memory: 1312768K Free: 466412K (36%)
----------------- Invoking toplevel() on ptolemy.moml.MoMLSimpleApplication@10e86e32
----------------- Done invoking toplevel() on ptolemy.moml.MoMLSimpleApplication@10e86e32
reloadAllAccessors: .MinimumComplex

===========================================================================================
----------------- testing Mon Jun 18 13:34:06 UTC 2018 /home/travis/build/icyphy/ptII/ptolemy/actor/lib/test/auto/MinimumMultiports.xml
----------------- Instantiating /home/travis/build/icyphy/ptII/ptolemy/actor/lib/test/auto/MinimumMultiports.xml
4 ms. Memory: 1312768K Free: 454252K (35%)
----------------- Invoking toplevel() on ptolemy.moml.MoMLSimpleApplication@64ac7e82
----------------- Done invoking toplevel() on ptolemy.moml.MoMLSimpleApplication@64ac7e82
reloadAllAccessors: .MinimumMultiports

===========================================================================================
----------------- testing Mon Jun 18 13:34:06 UTC 2018 /home/travis/build/icyphy/ptII/ptolemy/actor/lib/test/auto/ModifyDate.xml
----------------- Instantiating /home/travis/build/icyphy/ptII/ptolemy/actor/lib/test/auto/ModifyDate.xml
4 ms. Memory: 1312768K Free: 436012K (33%)
----------------- Invoking toplevel() on ptolemy.moml.MoMLSimpleApplication@4a2867fc
----------------- Done invoking toplevel() on ptolemy.moml.MoMLSimpleApplication@4a2867fc
reloadAllAccessors: .ModifyDate

===========================================================================================
----------------- testing Mon Jun 18 13:34:06 UTC 2018 /home/travis/build/icyphy/ptII/ptolemy/actor/lib/test/auto/ModifyDate2.xml
----------------- Instantiating /home/travis/build/icyphy/ptII/ptolemy/actor/lib/test/auto/ModifyDate2.xml
3 ms. Memory: 1312768K Free: 410285K (31%)
----------------- Invoking toplevel() on ptolemy.moml.MoMLSimpleApplication@6e2e14e6
----------------- Done invoking toplevel() on ptolemy.moml.MoMLSimpleApplication@6e2e14e6
reloadAllAccessors: .ModifyDate2

===========================================================================================
----------------- testing Mon Jun 18 13:34:06 UTC 2018 /home/travis/build/icyphy/ptII/ptolemy/actor/lib/test/auto/MovingAverage.xml
----------------- Instantiating /home/travis/build/icyphy/ptII/ptolemy/actor/lib/test/auto/MovingAverage.xml
2 ms. Memory: 1312768K Free: 398125K (30%)
----------------- Invoking toplevel() on ptolemy.moml.MoMLSimpleApplication@2e210678
----------------- Done invoking toplevel() on ptolemy.moml.MoMLSimpleApplication@2e210678
reloadAllAccessors: .MovingAverage

===========================================================================================
----------------- testing Mon Jun 18 13:34:06 UTC 2018 /home/travis/build/icyphy/ptII/ptolemy/actor/lib/test/auto/MovingMaximum.xml
----------------- Instantiating /home/travis/build/icyphy/ptII/ptolemy/actor/lib/test/auto/MovingMaximum.xml
3 ms. Memory: 1312768K Free: 385965K (29%)
----------------- Invoking toplevel() on ptolemy.moml.MoMLSimpleApplication@47cade00
----------------- Done invoking toplevel() on ptolemy.moml.MoMLSimpleApplication@47cade00
reloadAllAccessors: .MovingMaximum

===========================================================================================
----------------- testing Mon Jun 18 13:34:06 UTC 2018 /home/travis/build/icyphy/ptII/ptolemy/actor/lib/test/auto/MultipleLinksToSameRelation.xml
----------------- Instantiating /home/travis/build/icyphy/ptII/ptolemy/actor/lib/test/auto/MultipleLinksToSameRelation.xml
2 ms. Memory: 1312768K Free: 373805K (28%)
----------------- Invoking toplevel() on ptolemy.moml.MoMLSimpleApplication@5bdbf23f
----------------- Done invoking toplevel() on ptolemy.moml.MoMLSimpleApplication@5bdbf23f
reloadAllAccessors: .MultipleLinksToSameRelation

===========================================================================================
----------------- testing Mon Jun 18 13:34:06 UTC 2018 /home/travis/build/icyphy/ptII/ptolemy/actor/lib/test/auto/MultipleLinksToSameRelationDE.xml
----------------- Instantiating /home/travis/build/icyphy/ptII/ptolemy/actor/lib/test/auto/MultipleLinksToSameRelationDE.xml
2 ms. Memory: 1312768K Free: 354159K (27%)
----------------- Invoking toplevel() on ptolemy.moml.MoMLSimpleApplication@7538915a
----------------- Done invoking toplevel() on ptolemy.moml.MoMLSimpleApplication@7538915a
reloadAllAccessors: .MultipleLinksToSameRelationDE

===========================================================================================
----------------- testing Mon Jun 18 13:34:06 UTC 2018 /home/travis/build/icyphy/ptII/ptolemy/actor/lib/test/auto/Multiplexor.xml
----------------- Instantiating /home/travis/build/icyphy/ptII/ptolemy/actor/lib/test/auto/Multiplexor.xml
2 ms. Memory: 1312768K Free: 341999K (26%)
----------------- Invoking toplevel() on ptolemy.moml.MoMLSimpleApplication@78cc3cee
----------------- Done invoking toplevel() on ptolemy.moml.MoMLSimpleApplication@78cc3cee
reloadAllAccessors: .Multiplexor

===========================================================================================
----------------- testing Mon Jun 18 13:34:06 UTC 2018 /home/travis/build/icyphy/ptII/ptolemy/actor/lib/test/auto/Multiplexor1.xml
----------------- Instantiating /home/travis/build/icyphy/ptII/ptolemy/actor/lib/test/auto/Multiplexor1.xml
2 ms. Memory: 1312768K Free: 329839K (25%)
----------------- Invoking toplevel() on ptolemy.moml.MoMLSimpleApplication@eb43bb1
----------------- Done invoking toplevel() on ptolemy.moml.MoMLSimpleApplication@eb43bb1
reloadAllAccessors: .Multiplexor1

===========================================================================================
----------------- testing Mon Jun 18 13:34:06 UTC 2018 /home/travis/build/icyphy/ptII/ptolemy/actor/lib/test/auto/Multiplexor2.xml
----------------- Instantiating /home/travis/build/icyphy/ptII/ptolemy/actor/lib/test/auto/Multiplexor2.xml
2 ms. Memory: 1312768K Free: 310192K (24%)
----------------- Invoking toplevel() on ptolemy.moml.MoMLSimpleApplication@d5b7628
----------------- Done invoking toplevel() on ptolemy.moml.MoMLSimpleApplication@d5b7628
reloadAllAccessors: .Multiplexor2

===========================================================================================
----------------- testing Mon Jun 18 13:34:06 UTC 2018 /home/travis/build/icyphy/ptII/ptolemy/actor/lib/test/auto/Multiplexor3.xml
----------------- Instantiating /home/travis/build/icyphy/ptII/ptolemy/actor/lib/test/auto/Multiplexor3.xml
2 ms. Memory: 1312768K Free: 298032K (23%)
----------------- Invoking toplevel() on ptolemy.moml.MoMLSimpleApplication@7edfecf2
----------------- Done invoking toplevel() on ptolemy.moml.MoMLSimpleApplication@7edfecf2
reloadAllAccessors: .Multiplexor3

===========================================================================================
----------------- testing Mon Jun 18 13:34:06 UTC 2018 /home/travis/build/icyphy/ptII/ptolemy/actor/lib/test/auto/MultiplexorDE.xml
----------------- Instantiating /home/travis/build/icyphy/ptII/ptolemy/actor/lib/test/auto/MultiplexorDE.xml
2 ms. Memory: 1312768K Free: 285872K (22%)
----------------- Invoking toplevel() on ptolemy.moml.MoMLSimpleApplication@7c17b6c2
----------------- Done invoking toplevel() on ptolemy.moml.MoMLSimpleApplication@7c17b6c2
reloadAllAccessors: .MultiplexorDE

===========================================================================================
----------------- testing Mon Jun 18 13:34:06 UTC 2018 /home/travis/build/icyphy/ptII/ptolemy/actor/lib/test/auto/MultiportBroadcastTest.xml
----------------- Instantiating /home/travis/build/icyphy/ptII/ptolemy/actor/lib/test/auto/MultiportBroadcastTest.xml
90 ms. Memory: 1312768K Free: 266226K (20%)
----------------- Invoking toplevel() on ptolemy.moml.MoMLSimpleApplication@44e6cb77
----------------- Done invoking toplevel() on ptolemy.moml.MoMLSimpleApplication@44e6cb77
reloadAllAccessors: .MultiportBroadcastTest

===========================================================================================
----------------- testing Mon Jun 18 13:34:06 UTC 2018 /home/travis/build/icyphy/ptII/ptolemy/actor/lib/test/auto/MultiportOutHangDuringGetWidth.xml
----------------- Instantiating /home/travis/build/icyphy/ptII/ptolemy/actor/lib/test/auto/MultiportOutHangDuringGetWidth.xml
7 ms. Memory: 1312768K Free: 247986K (19%)
----------------- Invoking toplevel() on ptolemy.moml.MoMLSimpleApplication@215117d7
----------------- Done invoking toplevel() on ptolemy.moml.MoMLSimpleApplication@215117d7
reloadAllAccessors: .MultiportOutHangDuringGetWidth

===========================================================================================
----------------- testing Mon Jun 18 13:34:06 UTC 2018 /home/travis/build/icyphy/ptII/ptolemy/actor/lib/test/auto/NilToken.xml
----------------- Instantiating /home/travis/build/icyphy/ptII/ptolemy/actor/lib/test/auto/NilToken.xml
2 ms. Memory: 1312768K Free: 235826K (18%)
----------------- Invoking toplevel() on ptolemy.moml.MoMLSimpleApplication@ab82a63
----------------- Done invoking toplevel() on ptolemy.moml.MoMLSimpleApplication@ab82a63
reloadAllAccessors: .NilToken

===========================================================================================
----------------- testing Mon Jun 18 13:34:06 UTC 2018 /home/travis/build/icyphy/ptII/ptolemy/actor/lib/test/auto/NilTokenNonStrictTest.xml
----------------- Instantiating /home/travis/build/icyphy/ptII/ptolemy/actor/lib/test/auto/NilTokenNonStrictTest.xml
2 ms. Memory: 1312768K Free: 216179K (16%)
----------------- Invoking toplevel() on ptolemy.moml.MoMLSimpleApplication@63d25247
----------------- Done invoking toplevel() on ptolemy.moml.MoMLSimpleApplication@63d25247
reloadAllAccessors: .NilTokenNonStrictTest

===========================================================================================
----------------- testing Mon Jun 18 13:34:06 UTC 2018 /home/travis/build/icyphy/ptII/ptolemy/actor/lib/test/auto/NilTokenRecord.xml
----------------- Instantiating /home/travis/build/icyphy/ptII/ptolemy/actor/lib/test/auto/NilTokenRecord.xml
8 ms. Memory: 1312768K Free: 204019K (16%)
----------------- Invoking toplevel() on ptolemy.moml.MoMLSimpleApplication@4da5c08e
----------------- Done invoking toplevel() on ptolemy.moml.MoMLSimpleApplication@4da5c08e
reloadAllAccessors: .NilTokenRecord

===========================================================================================
----------------- testing Mon Jun 18 13:34:06 UTC 2018 /home/travis/build/icyphy/ptII/ptolemy/actor/lib/test/auto/NilTokenTypeTest.xml
----------------- Instantiating /home/travis/build/icyphy/ptII/ptolemy/actor/lib/test/auto/NilTokenTypeTest.xml
8 ms. Memory: 1312768K Free: 185771K (14%)
----------------- Invoking toplevel() on ptolemy.moml.MoMLSimpleApplication@571a435e
----------------- Done invoking toplevel() on ptolemy.moml.MoMLSimpleApplication@571a435e
reloadAllAccessors: .NilTokenTypeTest

===========================================================================================
----------------- testing Mon Jun 18 13:34:06 UTC 2018 /home/travis/build/icyphy/ptII/ptolemy/actor/lib/test/auto/ObjectToken1.xml
----------------- Instantiating /home/travis/build/icyphy/ptII/ptolemy/actor/lib/test/auto/ObjectToken1.xml
2 ms. Memory: 1312768K Free: 166125K (13%)
----------------- Invoking toplevel() on ptolemy.moml.MoMLSimpleApplication@27fd03a1
----------------- Done invoking toplevel() on ptolemy.moml.MoMLSimpleApplication@27fd03a1
reloadAllAccessors: .ObjectToken1

===========================================================================================
----------------- testing Mon Jun 18 13:34:06 UTC 2018 /home/travis/build/icyphy/ptII/ptolemy/actor/lib/test/auto/OrderedMerge.xml
----------------- Instantiating /home/travis/build/icyphy/ptII/ptolemy/actor/lib/test/auto/OrderedMerge.xml
9 ms. Memory: 1312768K Free: 129645K (10%)
----------------- Invoking toplevel() on ptolemy.moml.MoMLSimpleApplication@226a9f49
----------------- Done invoking toplevel() on ptolemy.moml.MoMLSimpleApplication@226a9f49
reloadAllAccessors: .OrderedMerge

===========================================================================================
----------------- testing Mon Jun 18 13:34:06 UTC 2018 /home/travis/build/icyphy/ptII/ptolemy/actor/lib/test/auto/OrderedRecordDisassembler.xml
----------------- Instantiating /home/travis/build/icyphy/ptII/ptolemy/actor/lib/test/auto/OrderedRecordDisassembler.xml
4 ms. Memory: 1312768K Free: 117485K (9%)
----------------- Invoking toplevel() on ptolemy.moml.MoMLSimpleApplication@5ec911ef
----------------- Done invoking toplevel() on ptolemy.moml.MoMLSimpleApplication@5ec911ef
reloadAllAccessors: .OrderedRecordDisassembler

===========================================================================================
----------------- testing Mon Jun 18 13:34:06 UTC 2018 /home/travis/build/icyphy/ptII/ptolemy/actor/lib/test/auto/OrderedRecordDisassembler2.xml
----------------- Instantiating /home/travis/build/icyphy/ptII/ptolemy/actor/lib/test/auto/OrderedRecordDisassembler2.xml
4 ms. Memory: 1312768K Free: 97838K (7%)
----------------- Invoking toplevel() on ptolemy.moml.MoMLSimpleApplication@11a9d869
----------------- Done invoking toplevel() on ptolemy.moml.MoMLSimpleApplication@11a9d869
reloadAllAccessors: .OrderedRecordDisassembler2

===========================================================================================
----------------- testing Mon Jun 18 13:34:06 UTC 2018 /home/travis/build/icyphy/ptII/ptolemy/actor/lib/test/auto/OrderedRecordUpdater.xml
----------------- Instantiating /home/travis/build/icyphy/ptII/ptolemy/actor/lib/test/auto/OrderedRecordUpdater.xml
2 ms. Memory: 1312768K Free: 85678K (7%)
----------------- Invoking toplevel() on ptolemy.moml.MoMLSimpleApplication@58bf2a6b
----------------- Done invoking toplevel() on ptolemy.moml.MoMLSimpleApplication@58bf2a6b
reloadAllAccessors: .RecordUpdater

===========================================================================================
----------------- testing Mon Jun 18 13:34:06 UTC 2018 /home/travis/build/icyphy/ptII/ptolemy/actor/lib/test/auto/OrderedRecordUpdater2.xml
----------------- Instantiating /home/travis/build/icyphy/ptII/ptolemy/actor/lib/test/auto/OrderedRecordUpdater2.xml
3 ms. Memory: 1312768K Free: 73518K (6%)
----------------- Invoking toplevel() on ptolemy.moml.MoMLSimpleApplication@76240b5b
----------------- Done invoking toplevel() on ptolemy.moml.MoMLSimpleApplication@76240b5b
reloadAllAccessors: .RecordUpdater2

===========================================================================================
----------------- testing Mon Jun 18 13:34:06 UTC 2018 /home/travis/build/icyphy/ptII/ptolemy/actor/lib/test/auto/PhaseUnwrap.xml
----------------- Instantiating /home/travis/build/icyphy/ptII/ptolemy/actor/lib/test/auto/PhaseUnwrap.xml
2 ms. Memory: 1312768K Free: 61358K (5%)
----------------- Invoking toplevel() on ptolemy.moml.MoMLSimpleApplication@3bbc3e9e
----------------- Done invoking toplevel() on ptolemy.moml.MoMLSimpleApplication@3bbc3e9e
reloadAllAccessors: .PhaseUnwrap

===========================================================================================
----------------- testing Mon Jun 18 13:34:06 UTC 2018 /home/travis/build/icyphy/ptII/ptolemy/actor/lib/test/auto/PoissonClock.xml
----------------- Instantiating /home/travis/build/icyphy/ptII/ptolemy/actor/lib/test/auto/PoissonClock.xml
2 ms. Memory: 1477120K Free: 1426109K (97%)
----------------- Invoking toplevel() on ptolemy.moml.MoMLSimpleApplication@3700b545
----------------- Done invoking toplevel() on ptolemy.moml.MoMLSimpleApplication@3700b545
reloadAllAccessors: .PoissonClock

===========================================================================================
----------------- testing Mon Jun 18 13:34:06 UTC 2018 /home/travis/build/icyphy/ptII/ptolemy/actor/lib/test/auto/PoissonClock2.xml
----------------- Instantiating /home/travis/build/icyphy/ptII/ptolemy/actor/lib/test/auto/PoissonClock2.xml
1 ms. Memory: 1477120K Free: 1401017K (95%)
----------------- Invoking toplevel() on ptolemy.moml.MoMLSimpleApplication@7301f32c
----------------- Done invoking toplevel() on ptolemy.moml.MoMLSimpleApplication@7301f32c
reloadAllAccessors: .PoissonClock2

===========================================================================================
----------------- testing Mon Jun 18 13:34:06 UTC 2018 /home/travis/build/icyphy/ptII/ptolemy/actor/lib/test/auto/PoissonClock3.xml
----------------- Instantiating /home/travis/build/icyphy/ptII/ptolemy/actor/lib/test/auto/PoissonClock3.xml
1 ms. Memory: 1477120K Free: 1382759K (94%)
----------------- Invoking toplevel() on ptolemy.moml.MoMLSimpleApplication@58dc79c7
----------------- Done invoking toplevel() on ptolemy.moml.MoMLSimpleApplication@58dc79c7
reloadAllAccessors: .PoissonClock3

===========================================================================================
----------------- testing Mon Jun 18 13:34:06 UTC 2018 /home/travis/build/icyphy/ptII/ptolemy/actor/lib/test/auto/PubSubWithInitialTokens.xml
----------------- Instantiating /home/travis/build/icyphy/ptII/ptolemy/actor/lib/test/auto/PubSubWithInitialTokens.xml
5 ms. Memory: 1477120K Free: 1357667K (92%)
----------------- Invoking toplevel() on ptolemy.moml.MoMLSimpleApplication@79f1f85
----------------- Done invoking toplevel() on ptolemy.moml.MoMLSimpleApplication@79f1f85
reloadAllAccessors: .PubSubWithInitialTokens

===========================================================================================
----------------- testing Mon Jun 18 13:34:06 UTC 2018 /home/travis/build/icyphy/ptII/ptolemy/actor/lib/test/auto/PubSubWithInitialTokens2.xml
----------------- Instantiating /home/travis/build/icyphy/ptII/ptolemy/actor/lib/test/auto/PubSubWithInitialTokens2.xml
2 ms. Memory: 1477120K Free: 1339460K (91%)
----------------- Invoking toplevel() on ptolemy.moml.MoMLSimpleApplication@4d1441d6
----------------- Done invoking toplevel() on ptolemy.moml.MoMLSimpleApplication@4d1441d6
reloadAllAccessors: .PubSubWithInitialTokens2

===========================================================================================
----------------- testing Mon Jun 18 13:34:06 UTC 2018 /home/travis/build/icyphy/ptII/ptolemy/actor/lib/test/auto/PublisherClassNoParameter.xml
----------------- Instantiating /home/travis/build/icyphy/ptII/ptolemy/actor/lib/test/auto/PublisherClassNoParameter.xml
6 ms. Memory: 1477120K Free: 1321253K (89%)
----------------- Invoking toplevel() on ptolemy.moml.MoMLSimpleApplication@7d119924
----------------- Done invoking toplevel() on ptolemy.moml.MoMLSimpleApplication@7d119924
reloadAllAccessors: .PublisherClassNoParameter

===========================================================================================
----------------- testing Mon Jun 18 13:34:06 UTC 2018 /home/travis/build/icyphy/ptII/ptolemy/actor/lib/test/auto/PublisherClassParameter.xml
----------------- Instantiating /home/travis/build/icyphy/ptII/ptolemy/actor/lib/test/auto/PublisherClassParameter.xml
2 ms. Memory: 1477120K Free: 1296161K (88%)
----------------- Invoking toplevel() on ptolemy.moml.MoMLSimpleApplication@4d39e847
----------------- Done invoking toplevel() on ptolemy.moml.MoMLSimpleApplication@4d39e847
reloadAllAccessors: .PublisherClassParameter

===========================================================================================
----------------- testing Mon Jun 18 13:34:06 UTC 2018 /home/travis/build/icyphy/ptII/ptolemy/actor/lib/test/auto/PublisherNonStrictTest.xml
----------------- Instantiating /home/travis/build/icyphy/ptII/ptolemy/actor/lib/test/auto/PublisherNonStrictTest.xml
3 ms. Memory: 1477120K Free: 1277954K (87%)
----------------- Invoking toplevel() on ptolemy.moml.MoMLSimpleApplication@69c6f629
----------------- Done invoking toplevel() on ptolemy.moml.MoMLSimpleApplication@69c6f629
reloadAllAccessors: .PublisherNonStrictTest

===========================================================================================
----------------- testing Mon Jun 18 13:34:06 UTC 2018 /home/travis/build/icyphy/ptII/ptolemy/actor/lib/test/auto/PublisherPort1.xml
----------------- Instantiating /home/travis/build/icyphy/ptII/ptolemy/actor/lib/test/auto/PublisherPort1.xml
2 ms. Memory: 1477120K Free: 1259747K (85%)
----------------- Invoking toplevel() on ptolemy.moml.MoMLSimpleApplication@58e48cdd
----------------- Done invoking toplevel() on ptolemy.moml.MoMLSimpleApplication@58e48cdd
reloadAllAccessors: .PublisherPort1

===========================================================================================
----------------- testing Mon Jun 18 13:34:06 UTC 2018 /home/travis/build/icyphy/ptII/ptolemy/actor/lib/test/auto/PublisherPort2.xml
----------------- Instantiating /home/travis/build/icyphy/ptII/ptolemy/actor/lib/test/auto/PublisherPort2.xml
5 ms. Memory: 1477120K Free: 1234654K (84%)
----------------- Invoking toplevel() on ptolemy.moml.MoMLSimpleApplication@4362d162
----------------- Done invoking toplevel() on ptolemy.moml.MoMLSimpleApplication@4362d162
reloadAllAccessors: .PublisherPort2

===========================================================================================
----------------- testing Mon Jun 18 13:34:06 UTC 2018 /home/travis/build/icyphy/ptII/ptolemy/actor/lib/test/auto/PublisherPort3.xml
----------------- Instantiating /home/travis/build/icyphy/ptII/ptolemy/actor/lib/test/auto/PublisherPort3.xml
3 ms. Memory: 1477120K Free: 1216448K (82%)
----------------- Invoking toplevel() on ptolemy.moml.MoMLSimpleApplication@73462259
----------------- Done invoking toplevel() on ptolemy.moml.MoMLSimpleApplication@73462259
reloadAllAccessors: .PublisherPort3

===========================================================================================
----------------- testing Mon Jun 18 13:34:06 UTC 2018 /home/travis/build/icyphy/ptII/ptolemy/actor/lib/test/auto/PublisherPort4.xml
----------------- Instantiating /home/travis/build/icyphy/ptII/ptolemy/actor/lib/test/auto/PublisherPort4.xml
2 ms. Memory: 1477120K Free: 1198241K (81%)
----------------- Invoking toplevel() on ptolemy.moml.MoMLSimpleApplication@14d06440
----------------- Done invoking toplevel() on ptolemy.moml.MoMLSimpleApplication@14d06440
reloadAllAccessors: .PublisherPort4

===========================================================================================
----------------- testing Mon Jun 18 13:34:06 UTC 2018 /home/travis/build/icyphy/ptII/ptolemy/actor/lib/test/auto/PublisherPort5.xml
----------------- Instantiating /home/travis/build/icyphy/ptII/ptolemy/actor/lib/test/auto/PublisherPort5.xml
4 ms. Memory: 1477120K Free: 1173148K (79%)
----------------- Invoking toplevel() on ptolemy.moml.MoMLSimpleApplication@680e125c
----------------- Done invoking toplevel() on ptolemy.moml.MoMLSimpleApplication@680e125c
reloadAllAccessors: .PublisherPort5

===========================================================================================
----------------- testing Mon Jun 18 13:34:06 UTC 2018 /home/travis/build/icyphy/ptII/ptolemy/actor/lib/test/auto/PublisherPort5LookAlike.xml
----------------- Instantiating /home/travis/build/icyphy/ptII/ptolemy/actor/lib/test/auto/PublisherPort5LookAlike.xml
7 ms. Memory: 1477120K Free: 1154942K (78%)
----------------- Invoking toplevel() on ptolemy.moml.MoMLSimpleApplication@2d521fc7
----------------- Done invoking toplevel() on ptolemy.moml.MoMLSimpleApplication@2d521fc7
reloadAllAccessors: .PublisherPort5LookAlike

===========================================================================================
----------------- testing Mon Jun 18 13:34:07 UTC 2018 /home/travis/build/icyphy/ptII/ptolemy/actor/lib/test/auto/PublisherPort6.xml
----------------- Instantiating /home/travis/build/icyphy/ptII/ptolemy/actor/lib/test/auto/PublisherPort6.xml
3 ms. Memory: 1477120K Free: 1136735K (77%)
----------------- Invoking toplevel() on ptolemy.moml.MoMLSimpleApplication@5acfccb0
----------------- Done invoking toplevel() on ptolemy.moml.MoMLSimpleApplication@5acfccb0
reloadAllAccessors: .PublisherPort6

===========================================================================================
----------------- testing Mon Jun 18 13:34:07 UTC 2018 /home/travis/build/icyphy/ptII/ptolemy/actor/lib/test/auto/PublisherPort7.xml
----------------- Instantiating /home/travis/build/icyphy/ptII/ptolemy/actor/lib/test/auto/PublisherPort7.xml
3 ms. Memory: 1477120K Free: 1111642K (75%)
----------------- Invoking toplevel() on ptolemy.moml.MoMLSimpleApplication@630a71a0
----------------- Done invoking toplevel() on ptolemy.moml.MoMLSimpleApplication@630a71a0
reloadAllAccessors: .PublisherPort7

===========================================================================================
----------------- testing Mon Jun 18 13:34:07 UTC 2018 /home/travis/build/icyphy/ptII/ptolemy/actor/lib/test/auto/PublisherPort8.xml
----------------- Instantiating /home/travis/build/icyphy/ptII/ptolemy/actor/lib/test/auto/PublisherPort8.xml
5 ms. Memory: 1477120K Free: 1093436K (74%)
----------------- Invoking toplevel() on ptolemy.moml.MoMLSimpleApplication@2a33d008
----------------- Done invoking toplevel() on ptolemy.moml.MoMLSimpleApplication@2a33d008
reloadAllAccessors: .PublisherPort8

===========================================================================================
----------------- testing Mon Jun 18 13:34:07 UTC 2018 /home/travis/build/icyphy/ptII/ptolemy/actor/lib/test/auto/PublisherPortSubscriberChannelVariablesAOC2.xml
----------------- Instantiating /home/travis/build/icyphy/ptII/ptolemy/actor/lib/test/auto/PublisherPortSubscriberChannelVariablesAOC2.xml
3 ms. Memory: 1477120K Free: 1066118K (72%)
----------------- Invoking toplevel() on ptolemy.moml.MoMLSimpleApplication@e70c205
----------------- Done invoking toplevel() on ptolemy.moml.MoMLSimpleApplication@e70c205
reloadAllAccessors: .PublisherPortSubscriberChannelVariablesAOC2

===========================================================================================
----------------- testing Mon Jun 18 13:34:07 UTC 2018 /home/travis/build/icyphy/ptII/ptolemy/actor/lib/test/auto/PublisherPortSubscriberOpaqueWidthInference.xml
----------------- Instantiating /home/travis/build/icyphy/ptII/ptolemy/actor/lib/test/auto/PublisherPortSubscriberOpaqueWidthInference.xml
3 ms. Memory: 1477120K Free: 1041025K (70%)
----------------- Invoking toplevel() on ptolemy.moml.MoMLSimpleApplication@df0b0c4
----------------- Done invoking toplevel() on ptolemy.moml.MoMLSimpleApplication@df0b0c4
reloadAllAccessors: .PublisherPortSubscriberOpaqueWidthInference

===========================================================================================
----------------- testing Mon Jun 18 13:34:07 UTC 2018 /home/travis/build/icyphy/ptII/ptolemy/actor/lib/test/auto/PublisherPortSubscriberPortAdjacent.xml
----------------- Instantiating /home/travis/build/icyphy/ptII/ptolemy/actor/lib/test/auto/PublisherPortSubscriberPortAdjacent.xml
2 ms. Memory: 1477120K Free: 1022818K (69%)
----------------- Invoking toplevel() on ptolemy.moml.MoMLSimpleApplication@2b271f3d
----------------- Done invoking toplevel() on ptolemy.moml.MoMLSimpleApplication@2b271f3d
reloadAllAccessors: .PublisherPortSubscriberPortAdjacent

===========================================================================================
----------------- testing Mon Jun 18 13:34:07 UTC 2018 /home/travis/build/icyphy/ptII/ptolemy/actor/lib/test/auto/PublisherPortSubscriberPortExpression.xml
----------------- Instantiating /home/travis/build/icyphy/ptII/ptolemy/actor/lib/test/auto/PublisherPortSubscriberPortExpression.xml
4 ms. Memory: 1477120K Free: 1004612K (68%)
----------------- Invoking toplevel() on ptolemy.moml.MoMLSimpleApplication@b00be43
----------------- Done invoking toplevel() on ptolemy.moml.MoMLSimpleApplication@b00be43
reloadAllAccessors: .PublisherPortSubscriberPortExpression

===========================================================================================
----------------- testing Mon Jun 18 13:34:07 UTC 2018 /home/travis/build/icyphy/ptII/ptolemy/actor/lib/test/auto/PublisherPortSubscriberPortOpaqueD3Reverse.xml
----------------- Instantiating /home/travis/build/icyphy/ptII/ptolemy/actor/lib/test/auto/PublisherPortSubscriberPortOpaqueD3Reverse.xml
6 ms. Memory: 1477120K Free: 979519K (66%)
----------------- Invoking toplevel() on ptolemy.moml.MoMLSimpleApplication@48a3c578
----------------- Done invoking toplevel() on ptolemy.moml.MoMLSimpleApplication@48a3c578
reloadAllAccessors: .PublisherPortSubscriberPortOpaqueD3Reverse

===========================================================================================
----------------- testing Mon Jun 18 13:34:07 UTC 2018 /home/travis/build/icyphy/ptII/ptolemy/actor/lib/test/auto/PublisherPortSubscriberPortOpaqueWidthInference.xml
----------------- Instantiating /home/travis/build/icyphy/ptII/ptolemy/actor/lib/test/auto/PublisherPortSubscriberPortOpaqueWidthInference.xml
5 ms. Memory: 1477120K Free: 961312K (65%)
----------------- Invoking toplevel() on ptolemy.moml.MoMLSimpleApplication@3d4a8122
----------------- Done invoking toplevel() on ptolemy.moml.MoMLSimpleApplication@3d4a8122
reloadAllAccessors: .PublisherPortSubscriberPortOpaqueWidthInference

===========================================================================================
----------------- testing Mon Jun 18 13:34:07 UTC 2018 /home/travis/build/icyphy/ptII/ptolemy/actor/lib/test/auto/PublisherPortToplevelSubscriberPortAOC.xml
----------------- Instantiating /home/travis/build/icyphy/ptII/ptolemy/actor/lib/test/auto/PublisherPortToplevelSubscriberPortAOC.xml
.PublisherPortToplevelSubscriberPortAOC.TestExceptionAttribute: initialize() was not invoked, but wrapup() was.  This is unusual, but not always a problem.  For example, exporting JNLP will do this.
0 ms. Memory: 1477120K Free: 936220K (63%)
----------------- Invoking toplevel() on ptolemy.moml.MoMLSimpleApplication@3de2a5fd
----------------- Done invoking toplevel() on ptolemy.moml.MoMLSimpleApplication@3de2a5fd
reloadAllAccessors: .PublisherPortToplevelSubscriberPortAOC

===========================================================================================
----------------- testing Mon Jun 18 13:34:07 UTC 2018 /home/travis/build/icyphy/ptII/ptolemy/actor/lib/test/auto/PublisherSubscriber.xml
----------------- Instantiating /home/travis/build/icyphy/ptII/ptolemy/actor/lib/test/auto/PublisherSubscriber.xml
3 ms. Memory: 1477120K Free: 918013K (62%)
----------------- Invoking toplevel() on ptolemy.moml.MoMLSimpleApplication@43d5906a
----------------- Done invoking toplevel() on ptolemy.moml.MoMLSimpleApplication@43d5906a
reloadAllAccessors: .PublisherSubscriber

===========================================================================================
----------------- testing Mon Jun 18 13:34:07 UTC 2018 /home/travis/build/icyphy/ptII/ptolemy/actor/lib/test/auto/PublisherSubscriber10.xml
----------------- Instantiating /home/travis/build/icyphy/ptII/ptolemy/actor/lib/test/auto/PublisherSubscriber10.xml
5 ms. Memory: 1477120K Free: 899806K (61%)
----------------- Invoking toplevel() on ptolemy.moml.MoMLSimpleApplication@39344b0
----------------- Done invoking toplevel() on ptolemy.moml.MoMLSimpleApplication@39344b0
reloadAllAccessors: .PublisherSubscriber10

===========================================================================================
----------------- testing Mon Jun 18 13:34:07 UTC 2018 /home/travis/build/icyphy/ptII/ptolemy/actor/lib/test/auto/PublisherSubscriber10InitialOutputs.xml
----------------- Instantiating /home/travis/build/icyphy/ptII/ptolemy/actor/lib/test/auto/PublisherSubscriber10InitialOutputs.xml
6 ms. Memory: 1477120K Free: 874714K (59%)
----------------- Invoking toplevel() on ptolemy.moml.MoMLSimpleApplication@4d4cfae3
----------------- Done invoking toplevel() on ptolemy.moml.MoMLSimpleApplication@4d4cfae3
reloadAllAccessors: .PublisherSubscriber10InitialOutputs

===========================================================================================
----------------- testing Mon Jun 18 13:34:07 UTC 2018 /home/travis/build/icyphy/ptII/ptolemy/actor/lib/test/auto/PublisherSubscriber11.xml
----------------- Instantiating /home/travis/build/icyphy/ptII/ptolemy/actor/lib/test/auto/PublisherSubscriber11.xml
2 ms. Memory: 1477120K Free: 856507K (58%)
----------------- Invoking toplevel() on ptolemy.moml.MoMLSimpleApplication@350d2245
----------------- Done invoking toplevel() on ptolemy.moml.MoMLSimpleApplication@350d2245
reloadAllAccessors: .PublisherSubscriber11

===========================================================================================
----------------- testing Mon Jun 18 13:34:07 UTC 2018 /home/travis/build/icyphy/ptII/ptolemy/actor/lib/test/auto/PublisherSubscriber12.xml
----------------- Instantiating /home/travis/build/icyphy/ptII/ptolemy/actor/lib/test/auto/PublisherSubscriber12.xml
3 ms. Memory: 1477120K Free: 838300K (57%)
----------------- Invoking toplevel() on ptolemy.moml.MoMLSimpleApplication@75de2d30
----------------- Done invoking toplevel() on ptolemy.moml.MoMLSimpleApplication@75de2d30
reloadAllAccessors: .PublisherSubscriber12

===========================================================================================
----------------- testing Mon Jun 18 13:34:07 UTC 2018 /home/travis/build/icyphy/ptII/ptolemy/actor/lib/test/auto/PublisherSubscriber13.xml
----------------- Instantiating /home/travis/build/icyphy/ptII/ptolemy/actor/lib/test/auto/PublisherSubscriber13.xml
2 ms. Memory: 1477120K Free: 813207K (55%)
----------------- Invoking toplevel() on ptolemy.moml.MoMLSimpleApplication@67a4c7f
----------------- Done invoking toplevel() on ptolemy.moml.MoMLSimpleApplication@67a4c7f
reloadAllAccessors: .PublisherSubscriber13

===========================================================================================
----------------- testing Mon Jun 18 13:34:07 UTC 2018 /home/travis/build/icyphy/ptII/ptolemy/actor/lib/test/auto/PublisherSubscriber14.xml
----------------- Instantiating /home/travis/build/icyphy/ptII/ptolemy/actor/lib/test/auto/PublisherSubscriber14.xml
2 ms. Memory: 1477120K Free: 795001K (54%)
----------------- Invoking toplevel() on ptolemy.moml.MoMLSimpleApplication@5e5c1dee
----------------- Done invoking toplevel() on ptolemy.moml.MoMLSimpleApplication@5e5c1dee
reloadAllAccessors: .PublisherSubscriber14

===========================================================================================
----------------- testing Mon Jun 18 13:34:07 UTC 2018 /home/travis/build/icyphy/ptII/ptolemy/actor/lib/test/auto/PublisherSubscriber2.xml
----------------- Instantiating /home/travis/build/icyphy/ptII/ptolemy/actor/lib/test/auto/PublisherSubscriber2.xml
2 ms. Memory: 1477120K Free: 776794K (53%)
----------------- Invoking toplevel() on ptolemy.moml.MoMLSimpleApplication@47c4597
----------------- Done invoking toplevel() on ptolemy.moml.MoMLSimpleApplication@47c4597
reloadAllAccessors: .PublisherSubscriber2

===========================================================================================
----------------- testing Mon Jun 18 13:34:07 UTC 2018 /home/travis/build/icyphy/ptII/ptolemy/actor/lib/test/auto/PublisherSubscriber3.xml
----------------- Instantiating /home/travis/build/icyphy/ptII/ptolemy/actor/lib/test/auto/PublisherSubscriber3.xml
2 ms. Memory: 1477120K Free: 751701K (51%)
----------------- Invoking toplevel() on ptolemy.moml.MoMLSimpleApplication@7fa95074
----------------- Done invoking toplevel() on ptolemy.moml.MoMLSimpleApplication@7fa95074
reloadAllAccessors: .PublisherSubscriber3

===========================================================================================
----------------- testing Mon Jun 18 13:34:07 UTC 2018 /home/travis/build/icyphy/ptII/ptolemy/actor/lib/test/auto/PublisherSubscriber4.xml
----------------- Instantiating /home/travis/build/icyphy/ptII/ptolemy/actor/lib/test/auto/PublisherSubscriber4.xml
1 ms. Memory: 1477120K Free: 733495K (50%)
----------------- Invoking toplevel() on ptolemy.moml.MoMLSimpleApplication@39753018
----------------- Done invoking toplevel() on ptolemy.moml.MoMLSimpleApplication@39753018
reloadAllAccessors: .PublisherSubscriber4

===========================================================================================
----------------- testing Mon Jun 18 13:34:07 UTC 2018 /home/travis/build/icyphy/ptII/ptolemy/actor/lib/test/auto/PublisherSubscriber5.xml
----------------- Instantiating /home/travis/build/icyphy/ptII/ptolemy/actor/lib/test/auto/PublisherSubscriber5.xml
2 ms. Memory: 1477120K Free: 715288K (48%)
----------------- Invoking toplevel() on ptolemy.moml.MoMLSimpleApplication@2662c8dc
----------------- Done invoking toplevel() on ptolemy.moml.MoMLSimpleApplication@2662c8dc
reloadAllAccessors: .PublisherSubscriber5

===========================================================================================
----------------- testing Mon Jun 18 13:34:07 UTC 2018 /home/travis/build/icyphy/ptII/ptolemy/actor/lib/test/auto/PublisherSubscriber6.xml
----------------- Instantiating /home/travis/build/icyphy/ptII/ptolemy/actor/lib/test/auto/PublisherSubscriber6.xml
2 ms. Memory: 1477120K Free: 690195K (47%)
----------------- Invoking toplevel() on ptolemy.moml.MoMLSimpleApplication@64b8f5f0
----------------- Done invoking toplevel() on ptolemy.moml.MoMLSimpleApplication@64b8f5f0
reloadAllAccessors: .PublisherSubscriber6

===========================================================================================
----------------- testing Mon Jun 18 13:34:07 UTC 2018 /home/travis/build/icyphy/ptII/ptolemy/actor/lib/test/auto/PublisherSubscriber7.xml
----------------- Instantiating /home/travis/build/icyphy/ptII/ptolemy/actor/lib/test/auto/PublisherSubscriber7.xml
3 ms. Memory: 1477120K Free: 671989K (45%)
----------------- Invoking toplevel() on ptolemy.moml.MoMLSimpleApplication@39e8c026
----------------- Done invoking toplevel() on ptolemy.moml.MoMLSimpleApplication@39e8c026
reloadAllAccessors: .PublisherSubscriber7

===========================================================================================
----------------- testing Mon Jun 18 13:34:07 UTC 2018 /home/travis/build/icyphy/ptII/ptolemy/actor/lib/test/auto/PublisherSubscriber8.xml
----------------- Instantiating /home/travis/build/icyphy/ptII/ptolemy/actor/lib/test/auto/PublisherSubscriber8.xml
14 ms. Memory: 1477120K Free: 562748K (38%)
----------------- Invoking toplevel() on ptolemy.moml.MoMLSimpleApplication@2c70deba
----------------- Done invoking toplevel() on ptolemy.moml.MoMLSimpleApplication@2c70deba
reloadAllAccessors: .PublisherSubscriber8

===========================================================================================
----------------- testing Mon Jun 18 13:34:07 UTC 2018 /home/travis/build/icyphy/ptII/ptolemy/actor/lib/test/auto/PublisherSubscriber9.xml
----------------- Instantiating /home/travis/build/icyphy/ptII/ptolemy/actor/lib/test/auto/PublisherSubscriber9.xml
3 ms. Memory: 1477120K Free: 537655K (36%)
----------------- Invoking toplevel() on ptolemy.moml.MoMLSimpleApplication@2c4efa6b
----------------- Done invoking toplevel() on ptolemy.moml.MoMLSimpleApplication@2c4efa6b
reloadAllAccessors: .PublisherSubscriber9

===========================================================================================
----------------- testing Mon Jun 18 13:34:07 UTC 2018 /home/travis/build/icyphy/ptII/ptolemy/actor/lib/test/auto/PublisherSubscriberAdjacent.xml
----------------- Instantiating /home/travis/build/icyphy/ptII/ptolemy/actor/lib/test/auto/PublisherSubscriberAdjacent.xml
1 ms. Memory: 1477120K Free: 519449K (35%)
----------------- Invoking toplevel() on ptolemy.moml.MoMLSimpleApplication@44ea6884
----------------- Done invoking toplevel() on ptolemy.moml.MoMLSimpleApplication@44ea6884
reloadAllAccessors: .PublisherSubscriberAdjacent

===========================================================================================
----------------- testing Mon Jun 18 13:34:07 UTC 2018 /home/travis/build/icyphy/ptII/ptolemy/actor/lib/test/auto/PublisherSubscriberChannelVariablesAOC2.xml
----------------- Instantiating /home/travis/build/icyphy/ptII/ptolemy/actor/lib/test/auto/PublisherSubscriberChannelVariablesAOC2.xml
3 ms. Memory: 1477120K Free: 492123K (33%)
----------------- Invoking toplevel() on ptolemy.moml.MoMLSimpleApplication@2dc9ec7c
----------------- Done invoking toplevel() on ptolemy.moml.MoMLSimpleApplication@2dc9ec7c
reloadAllAccessors: .PublisherSubscriberChannelVariablesAOC2

===========================================================================================
----------------- testing Mon Jun 18 13:34:07 UTC 2018 /home/travis/build/icyphy/ptII/ptolemy/actor/lib/test/auto/PublisherSubscriberD3.xml
----------------- Instantiating /home/travis/build/icyphy/ptII/ptolemy/actor/lib/test/auto/PublisherSubscriberD3.xml
2 ms. Memory: 1477120K Free: 467030K (32%)
----------------- Invoking toplevel() on ptolemy.moml.MoMLSimpleApplication@51fc3ec7
----------------- Done invoking toplevel() on ptolemy.moml.MoMLSimpleApplication@51fc3ec7
reloadAllAccessors: .PublisherSubscriberD3

===========================================================================================
----------------- testing Mon Jun 18 13:34:07 UTC 2018 /home/travis/build/icyphy/ptII/ptolemy/actor/lib/test/auto/PublisherSubscriberD3Reverse.xml
----------------- Instantiating /home/travis/build/icyphy/ptII/ptolemy/actor/lib/test/auto/PublisherSubscriberD3Reverse.xml
2 ms. Memory: 1477120K Free: 448823K (30%)
----------------- Invoking toplevel() on ptolemy.moml.MoMLSimpleApplication@7bf7a3b4
----------------- Done invoking toplevel() on ptolemy.moml.MoMLSimpleApplication@7bf7a3b4
reloadAllAccessors: .PublisherSubscriberD3Reverse

===========================================================================================
----------------- testing Mon Jun 18 13:34:07 UTC 2018 /home/travis/build/icyphy/ptII/ptolemy/actor/lib/test/auto/PublisherSubscriberExpression.xml
----------------- Instantiating /home/travis/build/icyphy/ptII/ptolemy/actor/lib/test/auto/PublisherSubscriberExpression.xml
4 ms. Memory: 1477120K Free: 423731K (29%)
----------------- Invoking toplevel() on ptolemy.moml.MoMLSimpleApplication@6c71f2a
----------------- Done invoking toplevel() on ptolemy.moml.MoMLSimpleApplication@6c71f2a
reloadAllAccessors: .PublisherSubscriberExpression

===========================================================================================
----------------- testing Mon Jun 18 13:34:07 UTC 2018 /home/travis/build/icyphy/ptII/ptolemy/actor/lib/test/auto/PublisherSubscriberOpaque.xml
----------------- Instantiating /home/travis/build/icyphy/ptII/ptolemy/actor/lib/test/auto/PublisherSubscriberOpaque.xml
5 ms. Memory: 1477120K Free: 405524K (27%)
----------------- Invoking toplevel() on ptolemy.moml.MoMLSimpleApplication@3587f34
----------------- Done invoking toplevel() on ptolemy.moml.MoMLSimpleApplication@3587f34
reloadAllAccessors: .PublisherSubscriberOpaque

===========================================================================================
----------------- testing Mon Jun 18 13:34:07 UTC 2018 /home/travis/build/icyphy/ptII/ptolemy/actor/lib/test/auto/PublisherSubscriberOpaqueD3.xml
----------------- Instantiating /home/travis/build/icyphy/ptII/ptolemy/actor/lib/test/auto/PublisherSubscriberOpaqueD3.xml
5 ms. Memory: 1477120K Free: 387317K (26%)
----------------- Invoking toplevel() on ptolemy.moml.MoMLSimpleApplication@234337fd
----------------- Done invoking toplevel() on ptolemy.moml.MoMLSimpleApplication@234337fd
reloadAllAccessors: .PublisherSubscriberOpaqueD3

===========================================================================================
----------------- testing Mon Jun 18 13:34:07 UTC 2018 /home/travis/build/icyphy/ptII/ptolemy/actor/lib/test/auto/PublisherSubscriberOpaqueD3Reverse.xml
----------------- Instantiating /home/travis/build/icyphy/ptII/ptolemy/actor/lib/test/auto/PublisherSubscriberOpaqueD3Reverse.xml
6 ms. Memory: 1477120K Free: 362225K (25%)
----------------- Invoking toplevel() on ptolemy.moml.MoMLSimpleApplication@77bb140
----------------- Done invoking toplevel() on ptolemy.moml.MoMLSimpleApplication@77bb140
reloadAllAccessors: .PublisherSubscriberOpaqueD3Reverse

===========================================================================================
----------------- testing Mon Jun 18 13:34:07 UTC 2018 /home/travis/build/icyphy/ptII/ptolemy/actor/lib/test/auto/PublisherSubscriberOpaqueWidthInference.xml
----------------- Instantiating /home/travis/build/icyphy/ptII/ptolemy/actor/lib/test/auto/PublisherSubscriberOpaqueWidthInference.xml
5 ms. Memory: 1477120K Free: 344018K (23%)
----------------- Invoking toplevel() on ptolemy.moml.MoMLSimpleApplication@18cf2e41
----------------- Done invoking toplevel() on ptolemy.moml.MoMLSimpleApplication@18cf2e41
reloadAllAccessors: .PublisherSubscriberOpaqueWidthInference

===========================================================================================
----------------- testing Mon Jun 18 13:34:07 UTC 2018 /home/travis/build/icyphy/ptII/ptolemy/actor/lib/test/auto/PublisherTestSubscriber.xml
----------------- Instantiating /home/travis/build/icyphy/ptII/ptolemy/actor/lib/test/auto/PublisherTestSubscriber.xml
4 ms. Memory: 1477120K Free: 325811K (22%)
----------------- Invoking toplevel() on ptolemy.moml.MoMLSimpleApplication@79324249
----------------- Done invoking toplevel() on ptolemy.moml.MoMLSimpleApplication@79324249
reloadAllAccessors: .PublisherTestSubscriber

===========================================================================================
----------------- testing Mon Jun 18 13:34:07 UTC 2018 /home/travis/build/icyphy/ptII/ptolemy/actor/lib/test/auto/PublisherToplevelSubscriberPortAOC.xml
----------------- Instantiating /home/travis/build/icyphy/ptII/ptolemy/actor/lib/test/auto/PublisherToplevelSubscriberPortAOC.xml
3 ms. Memory: 1477120K Free: 300719K (20%)
----------------- Invoking toplevel() on ptolemy.moml.MoMLSimpleApplication@620dd7e4
----------------- Done invoking toplevel() on ptolemy.moml.MoMLSimpleApplication@620dd7e4
reloadAllAccessors: .PublisherToplevelSubscriberPortAOC

===========================================================================================
----------------- testing Mon Jun 18 13:34:07 UTC 2018 /home/travis/build/icyphy/ptII/ptolemy/actor/lib/test/auto/PulseFiringLimitDE.xml
----------------- Instantiating /home/travis/build/icyphy/ptII/ptolemy/actor/lib/test/auto/PulseFiringLimitDE.xml
3 ms. Memory: 1477120K Free: 282512K (19%)
----------------- Invoking toplevel() on ptolemy.moml.MoMLSimpleApplication@645dad81
----------------- Done invoking toplevel() on ptolemy.moml.MoMLSimpleApplication@645dad81
reloadAllAccessors: .PulseFiringLimitDE

===========================================================================================
----------------- testing Mon Jun 18 13:34:07 UTC 2018 /home/travis/build/icyphy/ptII/ptolemy/actor/lib/test/auto/Ramp1.xml
----------------- Instantiating /home/travis/build/icyphy/ptII/ptolemy/actor/lib/test/auto/Ramp1.xml
1 ms. Memory: 1477120K Free: 264305K (18%)
----------------- Invoking toplevel() on ptolemy.moml.MoMLSimpleApplication@6025c2ee
----------------- Done invoking toplevel() on ptolemy.moml.MoMLSimpleApplication@6025c2ee
reloadAllAccessors: .Ramp1

===========================================================================================
----------------- testing Mon Jun 18 13:34:07 UTC 2018 /home/travis/build/icyphy/ptII/ptolemy/actor/lib/test/auto/RampFiringLimitDE.xml
----------------- Instantiating /home/travis/build/icyphy/ptII/ptolemy/actor/lib/test/auto/RampFiringLimitDE.xml
3 ms. Memory: 1477120K Free: 239212K (16%)
----------------- Invoking toplevel() on ptolemy.moml.MoMLSimpleApplication@29102e1a
----------------- Done invoking toplevel() on ptolemy.moml.MoMLSimpleApplication@29102e1a
reloadAllAccessors: .RampFiringLimitDE

===========================================================================================
----------------- testing Mon Jun 18 13:34:07 UTC 2018 /home/travis/build/icyphy/ptII/ptolemy/actor/lib/test/auto/RampFiringLimitSDF.xml
----------------- Instantiating /home/travis/build/icyphy/ptII/ptolemy/actor/lib/test/auto/RampFiringLimitSDF.xml
3 ms. Memory: 1477120K Free: 221006K (15%)
----------------- Invoking toplevel() on ptolemy.moml.MoMLSimpleApplication@516cfddc
----------------- Done invoking toplevel() on ptolemy.moml.MoMLSimpleApplication@516cfddc
reloadAllAccessors: .RampFiringLimitSDF

===========================================================================================
----------------- testing Mon Jun 18 13:34:07 UTC 2018 /home/travis/build/icyphy/ptII/ptolemy/actor/lib/test/auto/RandomInteger.xml
----------------- Instantiating /home/travis/build/icyphy/ptII/ptolemy/actor/lib/test/auto/RandomInteger.xml
2 ms. Memory: 1477120K Free: 202799K (14%)
----------------- Invoking toplevel() on ptolemy.moml.MoMLSimpleApplication@41165c65
----------------- Done invoking toplevel() on ptolemy.moml.MoMLSimpleApplication@41165c65
reloadAllAccessors: .RandomInteger

===========================================================================================
----------------- testing Mon Jun 18 13:34:07 UTC 2018 /home/travis/build/icyphy/ptII/ptolemy/actor/lib/test/auto/ReadFile1.xml
----------------- Instantiating /home/travis/build/icyphy/ptII/ptolemy/actor/lib/test/auto/ReadFile1.xml
2 ms. Memory: 1477120K Free: 177706K (12%)
----------------- Invoking toplevel() on ptolemy.moml.MoMLSimpleApplication@2e21f533
----------------- Done invoking toplevel() on ptolemy.moml.MoMLSimpleApplication@2e21f533
reloadAllAccessors: .ReadFile1

===========================================================================================
----------------- testing Mon Jun 18 13:34:07 UTC 2018 /home/travis/build/icyphy/ptII/ptolemy/actor/lib/test/auto/ReadFile2.xml
----------------- Instantiating /home/travis/build/icyphy/ptII/ptolemy/actor/lib/test/auto/ReadFile2.xml
2 ms. Memory: 1477120K Free: 159500K (11%)
----------------- Invoking toplevel() on ptolemy.moml.MoMLSimpleApplication@15e16441
----------------- Done invoking toplevel() on ptolemy.moml.MoMLSimpleApplication@15e16441
reloadAllAccessors: .ReadFile2

===========================================================================================
----------------- testing Mon Jun 18 13:34:07 UTC 2018 /home/travis/build/icyphy/ptII/ptolemy/actor/lib/test/auto/Reader.xml
----------------- Instantiating /home/travis/build/icyphy/ptII/ptolemy/actor/lib/test/auto/Reader.xml
actor.lib.Reader is obsolete, use actor.lib.io.ExpressionReader instead
2 ms. Memory: 1477120K Free: 134407K (9%)
----------------- Invoking toplevel() on ptolemy.moml.MoMLSimpleApplication@341c5b89
----------------- Done invoking toplevel() on ptolemy.moml.MoMLSimpleApplication@341c5b89
reloadAllAccessors: .Reader

===========================================================================================
----------------- testing Mon Jun 18 13:34:08 UTC 2018 /home/travis/build/icyphy/ptII/ptolemy/actor/lib/test/auto/RecordAssemblerDisplayNameTest.xml
----------------- Instantiating /home/travis/build/icyphy/ptII/ptolemy/actor/lib/test/auto/RecordAssemblerDisplayNameTest.xml
3639 ms. Memory: 1607680K Free: 379431K (24%)
----------------- Invoking toplevel() on ptolemy.moml.MoMLSimpleApplication@33fb20cd
----------------- Done invoking toplevel() on ptolemy.moml.MoMLSimpleApplication@33fb20cd
reloadAllAccessors: .RecordAssemblerDisplayNameTest

===========================================================================================
----------------- testing Mon Jun 18 13:34:11 UTC 2018 /home/travis/build/icyphy/ptII/ptolemy/actor/lib/test/auto/RecordAssemblerTypeError.xml
----------------- Instantiating /home/travis/build/icyphy/ptII/ptolemy/actor/lib/test/auto/RecordAssemblerTypeError.xml
4 ms. Memory: 1607680K Free: 345693K (22%)
----------------- Invoking toplevel() on ptolemy.moml.MoMLSimpleApplication@4074baf9
----------------- Done invoking toplevel() on ptolemy.moml.MoMLSimpleApplication@4074baf9
reloadAllAccessors: .RecordAssemblerTypeError

===========================================================================================
----------------- testing Mon Jun 18 13:34:11 UTC 2018 /home/travis/build/icyphy/ptII/ptolemy/actor/lib/test/auto/RecordDisassember.xml
----------------- Instantiating /home/travis/build/icyphy/ptII/ptolemy/actor/lib/test/auto/RecordDisassember.xml
3 ms. Memory: 1607680K Free: 330600K (21%)
----------------- Invoking toplevel() on ptolemy.moml.MoMLSimpleApplication@377d4e26
----------------- Done invoking toplevel() on ptolemy.moml.MoMLSimpleApplication@377d4e26
reloadAllAccessors: .RecordDisassember

===========================================================================================
----------------- testing Mon Jun 18 13:34:11 UTC 2018 /home/travis/build/icyphy/ptII/ptolemy/actor/lib/test/auto/RecordDisassemberDisplayNameTest.xml
----------------- Instantiating /home/travis/build/icyphy/ptII/ptolemy/actor/lib/test/auto/RecordDisassemberDisplayNameTest.xml
4 ms. Memory: 1607680K Free: 309477K (19%)
----------------- Invoking toplevel() on ptolemy.moml.MoMLSimpleApplication@2102a83
----------------- Done invoking toplevel() on ptolemy.moml.MoMLSimpleApplication@2102a83
reloadAllAccessors: .RecordDisassemberDisplayNameTest

===========================================================================================
----------------- testing Mon Jun 18 13:34:11 UTC 2018 /home/travis/build/icyphy/ptII/ptolemy/actor/lib/test/auto/RecordDisassembler.xml
----------------- Instantiating /home/travis/build/icyphy/ptII/ptolemy/actor/lib/test/auto/RecordDisassembler.xml
2 ms. Memory: 1607680K Free: 294383K (18%)
----------------- Invoking toplevel() on ptolemy.moml.MoMLSimpleApplication@7b4b7ffd
----------------- Done invoking toplevel() on ptolemy.moml.MoMLSimpleApplication@7b4b7ffd
reloadAllAccessors: .RecordDisassembler

===========================================================================================
----------------- testing Mon Jun 18 13:34:11 UTC 2018 /home/travis/build/icyphy/ptII/ptolemy/actor/lib/test/auto/RecordDisassembler2.xml
----------------- Instantiating /home/travis/build/icyphy/ptII/ptolemy/actor/lib/test/auto/RecordDisassembler2.xml
3 ms. Memory: 1607680K Free: 273260K (17%)
----------------- Invoking toplevel() on ptolemy.moml.MoMLSimpleApplication@4dfed181
----------------- Done invoking toplevel() on ptolemy.moml.MoMLSimpleApplication@4dfed181
reloadAllAccessors: .RecordDisassembler2

===========================================================================================
----------------- testing Mon Jun 18 13:34:11 UTC 2018 /home/travis/build/icyphy/ptII/ptolemy/actor/lib/test/auto/RecordUpdater.xml
----------------- Instantiating /home/travis/build/icyphy/ptII/ptolemy/actor/lib/test/auto/RecordUpdater.xml
2 ms. Memory: 1607680K Free: 258167K (16%)
----------------- Invoking toplevel() on ptolemy.moml.MoMLSimpleApplication@3fa2dae8
----------------- Done invoking toplevel() on ptolemy.moml.MoMLSimpleApplication@3fa2dae8
reloadAllAccessors: .RecordUpdater

===========================================================================================
----------------- testing Mon Jun 18 13:34:11 UTC 2018 /home/travis/build/icyphy/ptII/ptolemy/actor/lib/test/auto/RecordUpdater2.xml
----------------- Instantiating /home/travis/build/icyphy/ptII/ptolemy/actor/lib/test/auto/RecordUpdater2.xml
1 ms. Memory: 1607680K Free: 243073K (15%)
----------------- Invoking toplevel() on ptolemy.moml.MoMLSimpleApplication@4ee153cb
----------------- Done invoking toplevel() on ptolemy.moml.MoMLSimpleApplication@4ee153cb
reloadAllAccessors: .RecordUpdater2

===========================================================================================
----------------- testing Mon Jun 18 13:34:11 UTC 2018 /home/travis/build/icyphy/ptII/ptolemy/actor/lib/test/auto/RecursiveLattice.xml
----------------- Instantiating /home/travis/build/icyphy/ptII/ptolemy/actor/lib/test/auto/RecursiveLattice.xml
1 ms. Memory: 1607680K Free: 221950K (14%)
----------------- Invoking toplevel() on ptolemy.moml.MoMLSimpleApplication@11a19290
----------------- Done invoking toplevel() on ptolemy.moml.MoMLSimpleApplication@11a19290
reloadAllAccessors: .RecursiveLattice

===========================================================================================
----------------- testing Mon Jun 18 13:34:11 UTC 2018 /home/travis/build/icyphy/ptII/ptolemy/actor/lib/test/auto/Router.xml
----------------- Instantiating /home/travis/build/icyphy/ptII/ptolemy/actor/lib/test/auto/Router.xml
3004 ms. Memory: 1607680K Free: 206856K (13%)
----------------- Invoking toplevel() on ptolemy.moml.MoMLSimpleApplication@4a210e52
----------------- Done invoking toplevel() on ptolemy.moml.MoMLSimpleApplication@4a210e52
reloadAllAccessors: .Router

===========================================================================================
----------------- testing Mon Jun 18 13:34:14 UTC 2018 /home/travis/build/icyphy/ptII/ptolemy/actor/lib/test/auto/Router2.xml
----------------- Instantiating /home/travis/build/icyphy/ptII/ptolemy/actor/lib/test/auto/Router2.xml
3004 ms. Memory: 1607680K Free: 185734K (12%)
----------------- Invoking toplevel() on ptolemy.moml.MoMLSimpleApplication@5b6556fd
----------------- Done invoking toplevel() on ptolemy.moml.MoMLSimpleApplication@5b6556fd
reloadAllAccessors: .Router2

===========================================================================================
----------------- testing Mon Jun 18 13:34:17 UTC 2018 /home/travis/build/icyphy/ptII/ptolemy/actor/lib/test/auto/RunningMaximum.xml
----------------- Instantiating /home/travis/build/icyphy/ptII/ptolemy/actor/lib/test/auto/RunningMaximum.xml
7 ms. Memory: 1607680K Free: 170640K (11%)
----------------- Invoking toplevel() on ptolemy.moml.MoMLSimpleApplication@7e6f9391
----------------- Done invoking toplevel() on ptolemy.moml.MoMLSimpleApplication@7e6f9391
reloadAllAccessors: .RunningMaximum

===========================================================================================
----------------- testing Mon Jun 18 13:34:17 UTC 2018 /home/travis/build/icyphy/ptII/ptolemy/actor/lib/test/auto/RunningMinimum.xml
----------------- Instantiating /home/travis/build/icyphy/ptII/ptolemy/actor/lib/test/auto/RunningMinimum.xml
3 ms. Memory: 1607680K Free: 155546K (10%)
----------------- Invoking toplevel() on ptolemy.moml.MoMLSimpleApplication@4bb4b16c
----------------- Done invoking toplevel() on ptolemy.moml.MoMLSimpleApplication@4bb4b16c
reloadAllAccessors: .RunningMinimum

===========================================================================================
----------------- testing Mon Jun 18 13:34:17 UTC 2018 /home/travis/build/icyphy/ptII/ptolemy/actor/lib/test/auto/Scale.xml
----------------- Instantiating /home/travis/build/icyphy/ptII/ptolemy/actor/lib/test/auto/Scale.xml
2 ms. Memory: 1607680K Free: 134423K (8%)
----------------- Invoking toplevel() on ptolemy.moml.MoMLSimpleApplication@1a087058
----------------- Done invoking toplevel() on ptolemy.moml.MoMLSimpleApplication@1a087058
reloadAllAccessors: .Scale

===========================================================================================
----------------- testing Mon Jun 18 13:34:17 UTC 2018 /home/travis/build/icyphy/ptII/ptolemy/actor/lib/test/auto/Scale2.xml
----------------- Instantiating /home/travis/build/icyphy/ptII/ptolemy/actor/lib/test/auto/Scale2.xml
2 ms. Memory: 1607680K Free: 119329K (7%)
----------------- Invoking toplevel() on ptolemy.moml.MoMLSimpleApplication@5b5da816
----------------- Done invoking toplevel() on ptolemy.moml.MoMLSimpleApplication@5b5da816
reloadAllAccessors: .Scale2

===========================================================================================
----------------- testing Mon Jun 18 13:34:17 UTC 2018 /home/travis/build/icyphy/ptII/ptolemy/actor/lib/test/auto/Scale3.xml
----------------- Instantiating /home/travis/build/icyphy/ptII/ptolemy/actor/lib/test/auto/Scale3.xml
3 ms. Memory: 1607680K Free: 98207K (6%)
----------------- Invoking toplevel() on ptolemy.moml.MoMLSimpleApplication@2a87434f
----------------- Done invoking toplevel() on ptolemy.moml.MoMLSimpleApplication@2a87434f
reloadAllAccessors: .Scale3

===========================================================================================
----------------- testing Mon Jun 18 13:34:17 UTC 2018 /home/travis/build/icyphy/ptII/ptolemy/actor/lib/test/auto/ScaleArray.xml
----------------- Instantiating /home/travis/build/icyphy/ptII/ptolemy/actor/lib/test/auto/ScaleArray.xml
2 ms. Memory: 1607680K Free: 83113K (5%)
----------------- Invoking toplevel() on ptolemy.moml.MoMLSimpleApplication@7cecbd2f
----------------- Done invoking toplevel() on ptolemy.moml.MoMLSimpleApplication@7cecbd2f
reloadAllAccessors: .ScaleArray

===========================================================================================
----------------- testing Mon Jun 18 13:34:18 UTC 2018 /home/travis/build/icyphy/ptII/ptolemy/actor/lib/test/auto/ScaleArray2.xml
----------------- Instantiating /home/travis/build/icyphy/ptII/ptolemy/actor/lib/test/auto/ScaleArray2.xml
2 ms. Memory: 1607680K Free: 68019K (4%)
----------------- Invoking toplevel() on ptolemy.moml.MoMLSimpleApplication@72635a0a
----------------- Done invoking toplevel() on ptolemy.moml.MoMLSimpleApplication@72635a0a
reloadAllAccessors: .ScaleArray2

===========================================================================================
----------------- testing Mon Jun 18 13:34:18 UTC 2018 /home/travis/build/icyphy/ptII/ptolemy/actor/lib/test/auto/ScaleMatrix.xml
----------------- Instantiating /home/travis/build/icyphy/ptII/ptolemy/actor/lib/test/auto/ScaleMatrix.xml
109 ms. Memory: 1681920K Free: 1630805K (97%)
----------------- Invoking toplevel() on ptolemy.moml.MoMLSimpleApplication@8feace5
----------------- Done invoking toplevel() on ptolemy.moml.MoMLSimpleApplication@8feace5
reloadAllAccessors: .ScaleMatrix

===========================================================================================
----------------- testing Mon Jun 18 13:34:18 UTC 2018 /home/travis/build/icyphy/ptII/ptolemy/actor/lib/test/auto/Select.xml
----------------- Instantiating /home/travis/build/icyphy/ptII/ptolemy/actor/lib/test/auto/Select.xml
3 ms. Memory: 1681920K Free: 1606748K (96%)
----------------- Invoking toplevel() on ptolemy.moml.MoMLSimpleApplication@17aa2f1a
----------------- Done invoking toplevel() on ptolemy.moml.MoMLSimpleApplication@17aa2f1a
reloadAllAccessors: .Select

===========================================================================================
----------------- testing Mon Jun 18 13:34:18 UTC 2018 /home/travis/build/icyphy/ptII/ptolemy/actor/lib/test/auto/Select2.xml
----------------- Instantiating /home/travis/build/icyphy/ptII/ptolemy/actor/lib/test/auto/Select2.xml
1 ms. Memory: 1681920K Free: 1586621K (94%)
----------------- Invoking toplevel() on ptolemy.moml.MoMLSimpleApplication@5158eb70
----------------- Done invoking toplevel() on ptolemy.moml.MoMLSimpleApplication@5158eb70
reloadAllAccessors: .Select2

===========================================================================================
----------------- testing Mon Jun 18 13:34:18 UTC 2018 /home/travis/build/icyphy/ptII/ptolemy/actor/lib/test/auto/SequenceToArray2.xml
----------------- Instantiating /home/travis/build/icyphy/ptII/ptolemy/actor/lib/test/auto/SequenceToArray2.xml
78 ms. Memory: 1681920K Free: 1492294K (89%)
----------------- Invoking toplevel() on ptolemy.moml.MoMLSimpleApplication@1fc1ee11
----------------- Done invoking toplevel() on ptolemy.moml.MoMLSimpleApplication@1fc1ee11
reloadAllAccessors: .SequenceToArray2

===========================================================================================
----------------- testing Mon Jun 18 13:34:18 UTC 2018 /home/travis/build/icyphy/ptII/ptolemy/actor/lib/test/auto/SequentialClock.xml
----------------- Instantiating /home/travis/build/icyphy/ptII/ptolemy/actor/lib/test/auto/SequentialClock.xml
2 ms. Memory: 1681920K Free: 1472167K (88%)
----------------- Invoking toplevel() on ptolemy.moml.MoMLSimpleApplication@62f27b6b
----------------- Done invoking toplevel() on ptolemy.moml.MoMLSimpleApplication@62f27b6b
reloadAllAccessors: .SequentialClock

===========================================================================================
----------------- testing Mon Jun 18 13:34:18 UTC 2018 /home/travis/build/icyphy/ptII/ptolemy/actor/lib/test/auto/SetVariable.xml
----------------- Instantiating /home/travis/build/icyphy/ptII/ptolemy/actor/lib/test/auto/SetVariable.xml
5 ms. Memory: 1681920K Free: 1456449K (87%)
----------------- Invoking toplevel() on ptolemy.moml.MoMLSimpleApplication@33dddea4
----------------- Done invoking toplevel() on ptolemy.moml.MoMLSimpleApplication@33dddea4
reloadAllAccessors: .SetVariable

===========================================================================================
----------------- testing Mon Jun 18 13:34:18 UTC 2018 /home/travis/build/icyphy/ptII/ptolemy/actor/lib/test/auto/SetVariable2.xml
----------------- Instantiating /home/travis/build/icyphy/ptII/ptolemy/actor/lib/test/auto/SetVariable2.xml
3 ms. Memory: 1681920K Free: 1436321K (85%)
----------------- Invoking toplevel() on ptolemy.moml.MoMLSimpleApplication@60535855
----------------- Done invoking toplevel() on ptolemy.moml.MoMLSimpleApplication@60535855
reloadAllAccessors: .SetVariable2

===========================================================================================
----------------- testing Mon Jun 18 13:34:18 UTC 2018 /home/travis/build/icyphy/ptII/ptolemy/actor/lib/test/auto/SetVariable3.xml
----------------- Instantiating /home/travis/build/icyphy/ptII/ptolemy/actor/lib/test/auto/SetVariable3.xml
9 ms. Memory: 1681920K Free: 1420603K (84%)
----------------- Invoking toplevel() on ptolemy.moml.MoMLSimpleApplication@5caab1d7
----------------- Done invoking toplevel() on ptolemy.moml.MoMLSimpleApplication@5caab1d7
reloadAllAccessors: .SetVariable3

===========================================================================================
----------------- testing Mon Jun 18 13:34:18 UTC 2018 /home/travis/build/icyphy/ptII/ptolemy/actor/lib/test/auto/SetVariable4.xml
----------------- Instantiating /home/travis/build/icyphy/ptII/ptolemy/actor/lib/test/auto/SetVariable4.xml
11 ms. Memory: 1681920K Free: 1345461K (80%)
----------------- Invoking toplevel() on ptolemy.moml.MoMLSimpleApplication@60114c59
----------------- Done invoking toplevel() on ptolemy.moml.MoMLSimpleApplication@60114c59
reloadAllAccessors: .SetVariable4

===========================================================================================
----------------- testing Mon Jun 18 13:34:18 UTC 2018 /home/travis/build/icyphy/ptII/ptolemy/actor/lib/test/auto/SetVariable5.xml
----------------- Instantiating /home/travis/build/icyphy/ptII/ptolemy/actor/lib/test/auto/SetVariable5.xml
16 ms. Memory: 1681920K Free: 1325334K (79%)
----------------- Invoking toplevel() on ptolemy.moml.MoMLSimpleApplication@68b1b589
----------------- Done invoking toplevel() on ptolemy.moml.MoMLSimpleApplication@68b1b589
reloadAllAccessors: .SetVariable5

===========================================================================================
----------------- testing Mon Jun 18 13:34:18 UTC 2018 /home/travis/build/icyphy/ptII/ptolemy/actor/lib/test/auto/Sinewave.xml
----------------- Instantiating /home/travis/build/icyphy/ptII/ptolemy/actor/lib/test/auto/Sinewave.xml
7 ms. Memory: 1681920K Free: 1301749K (77%)
----------------- Invoking toplevel() on ptolemy.moml.MoMLSimpleApplication@e6084eb
----------------- Done invoking toplevel() on ptolemy.moml.MoMLSimpleApplication@e6084eb
reloadAllAccessors: .Sinewave

===========================================================================================
----------------- testing Mon Jun 18 13:34:18 UTC 2018 /home/travis/build/icyphy/ptII/ptolemy/actor/lib/test/auto/Sinewave2.xml
----------------- Instantiating /home/travis/build/icyphy/ptII/ptolemy/actor/lib/test/auto/Sinewave2.xml
7 ms. Memory: 1681920K Free: 1281622K (76%)
----------------- Invoking toplevel() on ptolemy.moml.MoMLSimpleApplication@7e3ac08a
----------------- Done invoking toplevel() on ptolemy.moml.MoMLSimpleApplication@7e3ac08a
reloadAllAccessors: .Sinewave2

===========================================================================================
----------------- testing Mon Jun 18 13:34:18 UTC 2018 /home/travis/build/icyphy/ptII/ptolemy/actor/lib/test/auto/Sinewave3.xml
----------------- Instantiating /home/travis/build/icyphy/ptII/ptolemy/actor/lib/test/auto/Sinewave3.xml
11 ms. Memory: 1681920K Free: 1265903K (75%)
----------------- Invoking toplevel() on ptolemy.moml.MoMLSimpleApplication@48f8316f
----------------- Done invoking toplevel() on ptolemy.moml.MoMLSimpleApplication@48f8316f
reloadAllAccessors: .Sinewave3

===========================================================================================
----------------- testing Mon Jun 18 13:34:18 UTC 2018 /home/travis/build/icyphy/ptII/ptolemy/actor/lib/test/auto/SingleEvent.xml
----------------- Instantiating /home/travis/build/icyphy/ptII/ptolemy/actor/lib/test/auto/SingleEvent.xml
1 ms. Memory: 1681920K Free: 1245776K (74%)
----------------- Invoking toplevel() on ptolemy.moml.MoMLSimpleApplication@3345f924
----------------- Done invoking toplevel() on ptolemy.moml.MoMLSimpleApplication@3345f924
reloadAllAccessors: .SingleEvent

===========================================================================================
----------------- testing Mon Jun 18 13:34:18 UTC 2018 /home/travis/build/icyphy/ptII/ptolemy/actor/lib/test/auto/Sleep.xml
----------------- Instantiating /home/travis/build/icyphy/ptII/ptolemy/actor/lib/test/auto/Sleep.xml
6003 ms. Memory: 1681920K Free: 1230058K (73%)
----------------- Invoking toplevel() on ptolemy.moml.MoMLSimpleApplication@640cbeb4
----------------- Done invoking toplevel() on ptolemy.moml.MoMLSimpleApplication@640cbeb4
reloadAllAccessors: .Sleep

===========================================================================================
----------------- testing Mon Jun 18 13:34:24 UTC 2018 /home/travis/build/icyphy/ptII/ptolemy/actor/lib/test/auto/SleepMultipleFire.xml
----------------- Instantiating /home/travis/build/icyphy/ptII/ptolemy/actor/lib/test/auto/SleepMultipleFire.xml
1005 ms. Memory: 1681920K Free: 1209930K (72%)
----------------- Invoking toplevel() on ptolemy.moml.MoMLSimpleApplication@a8b00dd
----------------- Done invoking toplevel() on ptolemy.moml.MoMLSimpleApplication@a8b00dd
reloadAllAccessors: .SleepMultipleFire

===========================================================================================
----------------- testing Mon Jun 18 13:34:25 UTC 2018 /home/travis/build/icyphy/ptII/ptolemy/actor/lib/test/auto/StopDE.xml
----------------- Instantiating /home/travis/build/icyphy/ptII/ptolemy/actor/lib/test/auto/StopDE.xml
2 ms. Memory: 1681920K Free: 1189803K (71%)
----------------- Invoking toplevel() on ptolemy.moml.MoMLSimpleApplication@3a9487e2
----------------- Done invoking toplevel() on ptolemy.moml.MoMLSimpleApplication@3a9487e2
reloadAllAccessors: .StopDE

===========================================================================================
----------------- testing Mon Jun 18 13:34:25 UTC 2018 /home/travis/build/icyphy/ptII/ptolemy/actor/lib/test/auto/StopSDF.xml
----------------- Instantiating /home/travis/build/icyphy/ptII/ptolemy/actor/lib/test/auto/StopSDF.xml
3 ms. Memory: 1681920K Free: 1174085K (70%)
----------------- Invoking toplevel() on ptolemy.moml.MoMLSimpleApplication@6370fec1
----------------- Done invoking toplevel() on ptolemy.moml.MoMLSimpleApplication@6370fec1
reloadAllAccessors: .StopSDF

===========================================================================================
----------------- testing Mon Jun 18 13:34:25 UTC 2018 /home/travis/build/icyphy/ptII/ptolemy/actor/lib/test/auto/StringConstant.xml
----------------- Instantiating /home/travis/build/icyphy/ptII/ptolemy/actor/lib/test/auto/StringConstant.xml
2 ms. Memory: 1681920K Free: 1153958K (69%)
----------------- Invoking toplevel() on ptolemy.moml.MoMLSimpleApplication@10cd21ff
----------------- Done invoking toplevel() on ptolemy.moml.MoMLSimpleApplication@10cd21ff
reloadAllAccessors: .StringConstant

===========================================================================================
----------------- testing Mon Jun 18 13:34:25 UTC 2018 /home/travis/build/icyphy/ptII/ptolemy/actor/lib/test/auto/SubscriberPortInitialValues1.xml
----------------- Instantiating /home/travis/build/icyphy/ptII/ptolemy/actor/lib/test/auto/SubscriberPortInitialValues1.xml
5 ms. Memory: 1681920K Free: 1138239K (68%)
----------------- Invoking toplevel() on ptolemy.moml.MoMLSimpleApplication@350ce41e
----------------- Done invoking toplevel() on ptolemy.moml.MoMLSimpleApplication@350ce41e
reloadAllAccessors: .SubscriberPortInitialValues1

===========================================================================================
----------------- testing Mon Jun 18 13:34:25 UTC 2018 /home/travis/build/icyphy/ptII/ptolemy/actor/lib/test/auto/SubscriberPortInitialValues13.xml
----------------- Instantiating /home/travis/build/icyphy/ptII/ptolemy/actor/lib/test/auto/SubscriberPortInitialValues13.xml
4 ms. Memory: 1681920K Free: 1110237K (66%)
----------------- Invoking toplevel() on ptolemy.moml.MoMLSimpleApplication@6bdc80ac
----------------- Done invoking toplevel() on ptolemy.moml.MoMLSimpleApplication@6bdc80ac
reloadAllAccessors: .SubscriberPortInitialValues13

===========================================================================================
----------------- testing Mon Jun 18 13:34:25 UTC 2018 /home/travis/build/icyphy/ptII/ptolemy/actor/lib/test/auto/SubscriberPortInitialValues14.xml
----------------- Instantiating /home/travis/build/icyphy/ptII/ptolemy/actor/lib/test/auto/SubscriberPortInitialValues14.xml
4 ms. Memory: 1681920K Free: 1094519K (65%)
----------------- Invoking toplevel() on ptolemy.moml.MoMLSimpleApplication@e7de4ef
----------------- Done invoking toplevel() on ptolemy.moml.MoMLSimpleApplication@e7de4ef
reloadAllAccessors: .SubscriberPortInitialValues14

===========================================================================================
----------------- testing Mon Jun 18 13:34:25 UTC 2018 /home/travis/build/icyphy/ptII/ptolemy/actor/lib/test/auto/SubscriberPortInitialValues2.xml
----------------- Instantiating /home/travis/build/icyphy/ptII/ptolemy/actor/lib/test/auto/SubscriberPortInitialValues2.xml
3 ms. Memory: 1681920K Free: 1074392K (64%)
----------------- Invoking toplevel() on ptolemy.moml.MoMLSimpleApplication@a124a4f
----------------- Done invoking toplevel() on ptolemy.moml.MoMLSimpleApplication@a124a4f
reloadAllAccessors: .SubscriberPortInitialValues2

===========================================================================================
----------------- testing Mon Jun 18 13:34:25 UTC 2018 /home/travis/build/icyphy/ptII/ptolemy/actor/lib/test/auto/SubscriberPortInitialValues3.xml
----------------- Instantiating /home/travis/build/icyphy/ptII/ptolemy/actor/lib/test/auto/SubscriberPortInitialValues3.xml
4 ms. Memory: 1681920K Free: 1054264K (63%)
----------------- Invoking toplevel() on ptolemy.moml.MoMLSimpleApplication@66fdb8f4
----------------- Done invoking toplevel() on ptolemy.moml.MoMLSimpleApplication@66fdb8f4
reloadAllAccessors: .SubscriberPortInitialValues3

===========================================================================================
----------------- testing Mon Jun 18 13:34:25 UTC 2018 /home/travis/build/icyphy/ptII/ptolemy/actor/lib/test/auto/SubscriptionAggregator.xml
----------------- Instantiating /home/travis/build/icyphy/ptII/ptolemy/actor/lib/test/auto/SubscriptionAggregator.xml
2 ms. Memory: 1681920K Free: 1038546K (62%)
----------------- Invoking toplevel() on ptolemy.moml.MoMLSimpleApplication@28d1de76
----------------- Done invoking toplevel() on ptolemy.moml.MoMLSimpleApplication@28d1de76
reloadAllAccessors: .SubscriptionAggregator

===========================================================================================
----------------- testing Mon Jun 18 13:34:25 UTC 2018 /home/travis/build/icyphy/ptII/ptolemy/actor/lib/test/auto/SubscriptionAggregator2.xml
----------------- Instantiating /home/travis/build/icyphy/ptII/ptolemy/actor/lib/test/auto/SubscriptionAggregator2.xml
3 ms. Memory: 1681920K Free: 1018419K (61%)
----------------- Invoking toplevel() on ptolemy.moml.MoMLSimpleApplication@67c32376
----------------- Done invoking toplevel() on ptolemy.moml.MoMLSimpleApplication@67c32376
reloadAllAccessors: .SubscriptionAggregator2

===========================================================================================
----------------- testing Mon Jun 18 13:34:25 UTC 2018 /home/travis/build/icyphy/ptII/ptolemy/actor/lib/test/auto/SubscriptionAggregator3.xml
----------------- Instantiating /home/travis/build/icyphy/ptII/ptolemy/actor/lib/test/auto/SubscriptionAggregator3.xml
3 ms. Memory: 1681920K Free: 1002700K (60%)
----------------- Invoking toplevel() on ptolemy.moml.MoMLSimpleApplication@46e838a5
----------------- Done invoking toplevel() on ptolemy.moml.MoMLSimpleApplication@46e838a5
reloadAllAccessors: .SubscriptionAggregator3

===========================================================================================
----------------- testing Mon Jun 18 13:34:25 UTC 2018 /home/travis/build/icyphy/ptII/ptolemy/actor/lib/test/auto/SubscriptionAggregatorMultiply.xml
----------------- Instantiating /home/travis/build/icyphy/ptII/ptolemy/actor/lib/test/auto/SubscriptionAggregatorMultiply.xml
3 ms. Memory: 1681920K Free: 982573K (58%)
----------------- Invoking toplevel() on ptolemy.moml.MoMLSimpleApplication@c5f8063
----------------- Done invoking toplevel() on ptolemy.moml.MoMLSimpleApplication@c5f8063
reloadAllAccessors: .SubscriptionAggregatorMultiply

===========================================================================================
----------------- testing Mon Jun 18 13:34:25 UTC 2018 /home/travis/build/icyphy/ptII/ptolemy/actor/lib/test/auto/SubscriptionAggregatorPortMultiply1.xml
----------------- Instantiating /home/travis/build/icyphy/ptII/ptolemy/actor/lib/test/auto/SubscriptionAggregatorPortMultiply1.xml
3 ms. Memory: 1681920K Free: 966855K (57%)
----------------- Invoking toplevel() on ptolemy.moml.MoMLSimpleApplication@323c6038
----------------- Done invoking toplevel() on ptolemy.moml.MoMLSimpleApplication@323c6038
reloadAllAccessors: .SubscriptionAggregatorPortMultiply1

===========================================================================================
----------------- testing Mon Jun 18 13:34:25 UTC 2018 /home/travis/build/icyphy/ptII/ptolemy/actor/lib/test/auto/Switch.xml
----------------- Instantiating /home/travis/build/icyphy/ptII/ptolemy/actor/lib/test/auto/Switch.xml
8 ms. Memory: 1681920K Free: 899572K (53%)
----------------- Invoking toplevel() on ptolemy.moml.MoMLSimpleApplication@2293b56
----------------- Done invoking toplevel() on ptolemy.moml.MoMLSimpleApplication@2293b56
reloadAllAccessors: .Switch

===========================================================================================
----------------- testing Mon Jun 18 13:34:25 UTC 2018 /home/travis/build/icyphy/ptII/ptolemy/actor/lib/test/auto/Switch2.xml
----------------- Instantiating /home/travis/build/icyphy/ptII/ptolemy/actor/lib/test/auto/Switch2.xml
1 ms. Memory: 1681920K Free: 883854K (53%)
----------------- Invoking toplevel() on ptolemy.moml.MoMLSimpleApplication@79cc5af2
----------------- Done invoking toplevel() on ptolemy.moml.MoMLSimpleApplication@79cc5af2
reloadAllAccessors: .Switch2

===========================================================================================
----------------- testing Mon Jun 18 13:34:25 UTC 2018 /home/travis/build/icyphy/ptII/ptolemy/actor/lib/test/auto/SwitchDE.xml
----------------- Instantiating /home/travis/build/icyphy/ptII/ptolemy/actor/lib/test/auto/SwitchDE.xml
2 ms. Memory: 1681920K Free: 863727K (51%)
----------------- Invoking toplevel() on ptolemy.moml.MoMLSimpleApplication@1a8e4f19
----------------- Done invoking toplevel() on ptolemy.moml.MoMLSimpleApplication@1a8e4f19
reloadAllAccessors: .SwitchDE

===========================================================================================
----------------- testing Mon Jun 18 13:34:25 UTC 2018 /home/travis/build/icyphy/ptII/ptolemy/actor/lib/test/auto/SynchronizerDE.xml
----------------- Instantiating /home/travis/build/icyphy/ptII/ptolemy/actor/lib/test/auto/SynchronizerDE.xml
4 ms. Memory: 1681920K Free: 843600K (50%)
----------------- Invoking toplevel() on ptolemy.moml.MoMLSimpleApplication@20420ca5
----------------- Done invoking toplevel() on ptolemy.moml.MoMLSimpleApplication@20420ca5
reloadAllAccessors: .SynchronizerDE

===========================================================================================
----------------- testing Mon Jun 18 13:34:25 UTC 2018 /home/travis/build/icyphy/ptII/ptolemy/actor/lib/test/auto/Test.xml
----------------- Instantiating /home/travis/build/icyphy/ptII/ptolemy/actor/lib/test/auto/Test.xml
2 ms. Memory: 1681920K Free: 827881K (49%)
----------------- Invoking toplevel() on ptolemy.moml.MoMLSimpleApplication@1721a970
----------------- Done invoking toplevel() on ptolemy.moml.MoMLSimpleApplication@1721a970
reloadAllAccessors: .Test

===========================================================================================
----------------- testing Mon Jun 18 13:34:25 UTC 2018 /home/travis/build/icyphy/ptII/ptolemy/actor/lib/test/auto/TestExceptionAttribute1.xml
----------------- Instantiating /home/travis/build/icyphy/ptII/ptolemy/actor/lib/test/auto/TestExceptionAttribute1.xml
5 ms. Memory: 1681920K Free: 807754K (48%)
----------------- Invoking toplevel() on ptolemy.moml.MoMLSimpleApplication@5fd301bf
----------------- Done invoking toplevel() on ptolemy.moml.MoMLSimpleApplication@5fd301bf
reloadAllAccessors: .TestExceptionAttribute1

===========================================================================================
----------------- testing Mon Jun 18 13:34:25 UTC 2018 /home/travis/build/icyphy/ptII/ptolemy/actor/lib/test/auto/TestExceptionAttribute2.xml
----------------- Instantiating /home/travis/build/icyphy/ptII/ptolemy/actor/lib/test/auto/TestExceptionAttribute2.xml
1 ms. Memory: 1681920K Free: 792036K (47%)
----------------- Invoking toplevel() on ptolemy.moml.MoMLSimpleApplication@28c07147
----------------- Done invoking toplevel() on ptolemy.moml.MoMLSimpleApplication@28c07147
reloadAllAccessors: .TestExceptionAttribute2

===========================================================================================
----------------- testing Mon Jun 18 13:34:25 UTC 2018 /home/travis/build/icyphy/ptII/ptolemy/actor/lib/test/auto/TestExceptionAttribute3.xml
----------------- Instantiating /home/travis/build/icyphy/ptII/ptolemy/actor/lib/test/auto/TestExceptionAttribute3.xml
.TestExceptionAttribute3.TestExceptionAttribute: initialize() was not invoked, but wrapup() was.  This is unusual, but not always a problem.  For example, exporting JNLP will do this.
1 ms. Memory: 1681920K Free: 771908K (46%)
----------------- Invoking toplevel() on ptolemy.moml.MoMLSimpleApplication@54498681
----------------- Done invoking toplevel() on ptolemy.moml.MoMLSimpleApplication@54498681
reloadAllAccessors: .TestExceptionAttribute3

===========================================================================================
----------------- testing Mon Jun 18 13:34:25 UTC 2018 /home/travis/build/icyphy/ptII/ptolemy/actor/lib/test/auto/TestExceptionAttribute4.xml
----------------- Instantiating /home/travis/build/icyphy/ptII/ptolemy/actor/lib/test/auto/TestExceptionAttribute4.xml
.TestExceptionAttribute4.TestExceptionAttribute: initialize() was not invoked, but wrapup() was.  This is unusual, but not always a problem.  For example, exporting JNLP will do this.
.TestExceptionAttribute4.TestExceptionAttribute2: initialize() was not invoked, but wrapup() was.  This is unusual, but not always a problem.  For example, exporting JNLP will do this.
1 ms. Memory: 1681920K Free: 756190K (45%)
----------------- Invoking toplevel() on ptolemy.moml.MoMLSimpleApplication@1f4dfa35
----------------- Done invoking toplevel() on ptolemy.moml.MoMLSimpleApplication@1f4dfa35
reloadAllAccessors: .TestExceptionAttribute4

===========================================================================================
----------------- testing Mon Jun 18 13:34:25 UTC 2018 /home/travis/build/icyphy/ptII/ptolemy/actor/lib/test/auto/TestExceptionHandler1.xml
----------------- Instantiating /home/travis/build/icyphy/ptII/ptolemy/actor/lib/test/auto/TestExceptionHandler1.xml
1 ms. Memory: 1681920K Free: 736063K (44%)
----------------- Invoking toplevel() on ptolemy.moml.MoMLSimpleApplication@5f03cc9a
----------------- Done invoking toplevel() on ptolemy.moml.MoMLSimpleApplication@5f03cc9a
reloadAllAccessors: .TestExceptionHandler1

===========================================================================================
----------------- testing Mon Jun 18 13:34:26 UTC 2018 /home/travis/build/icyphy/ptII/ptolemy/actor/lib/test/auto/TestExceptionHandler2.xml
----------------- Instantiating /home/travis/build/icyphy/ptII/ptolemy/actor/lib/test/auto/TestExceptionHandler2.xml
1 ms. Memory: 1681920K Free: 715936K (43%)
----------------- Invoking toplevel() on ptolemy.moml.MoMLSimpleApplication@2f8ab457
----------------- Done invoking toplevel() on ptolemy.moml.MoMLSimpleApplication@2f8ab457
reloadAllAccessors: .TestExceptionHandler2

===========================================================================================
----------------- testing Mon Jun 18 13:34:26 UTC 2018 /home/travis/build/icyphy/ptII/ptolemy/actor/lib/test/auto/TestExceptionHandler3.xml
----------------- Instantiating /home/travis/build/icyphy/ptII/ptolemy/actor/lib/test/auto/TestExceptionHandler3.xml
1 ms. Memory: 1681920K Free: 700217K (42%)
----------------- Invoking toplevel() on ptolemy.moml.MoMLSimpleApplication@13986db7
----------------- Done invoking toplevel() on ptolemy.moml.MoMLSimpleApplication@13986db7
reloadAllAccessors: .TestExceptionHandler3

===========================================================================================
----------------- testing Mon Jun 18 13:34:26 UTC 2018 /home/travis/build/icyphy/ptII/ptolemy/actor/lib/test/auto/TestExceptionHandler4.xml
----------------- Instantiating /home/travis/build/icyphy/ptII/ptolemy/actor/lib/test/auto/TestExceptionHandler4.xml
0 ms. Memory: 1681920K Free: 680090K (40%)
----------------- Invoking toplevel() on ptolemy.moml.MoMLSimpleApplication@78cba3bd
----------------- Done invoking toplevel() on ptolemy.moml.MoMLSimpleApplication@78cba3bd
reloadAllAccessors: .TestExceptionHandler4

===========================================================================================
----------------- testing Mon Jun 18 13:34:26 UTC 2018 /home/travis/build/icyphy/ptII/ptolemy/actor/lib/test/auto/TestRequireCorrectOrder.xml
----------------- Instantiating /home/travis/build/icyphy/ptII/ptolemy/actor/lib/test/auto/TestRequireCorrectOrder.xml
3 ms. Memory: 1681920K Free: 664372K (40%)
----------------- Invoking toplevel() on ptolemy.moml.MoMLSimpleApplication@52f39f65
----------------- Done invoking toplevel() on ptolemy.moml.MoMLSimpleApplication@52f39f65
reloadAllAccessors: .TestRequireCorrectOrder

===========================================================================================
----------------- testing Mon Jun 18 13:34:26 UTC 2018 /home/travis/build/icyphy/ptII/ptolemy/actor/lib/test/auto/TestSimple.xml
----------------- Instantiating /home/travis/build/icyphy/ptII/ptolemy/actor/lib/test/auto/TestSimple.xml
1 ms. Memory: 1681920K Free: 644245K (38%)
----------------- Invoking toplevel() on ptolemy.moml.MoMLSimpleApplication@2ca9bffc
----------------- Done invoking toplevel() on ptolemy.moml.MoMLSimpleApplication@2ca9bffc
reloadAllAccessors: .TestSimple

===========================================================================================
----------------- testing Mon Jun 18 13:34:26 UTC 2018 /home/travis/build/icyphy/ptII/ptolemy/actor/lib/test/auto/ThrowModelError.xml
----------------- Instantiating /home/travis/build/icyphy/ptII/ptolemy/actor/lib/test/auto/ThrowModelError.xml
1 ms. Memory: 1681920K Free: 628526K (37%)
----------------- Invoking toplevel() on ptolemy.moml.MoMLSimpleApplication@291da028
----------------- Done invoking toplevel() on ptolemy.moml.MoMLSimpleApplication@291da028
reloadAllAccessors: .ThrowModelError

===========================================================================================
----------------- testing Mon Jun 18 13:34:26 UTC 2018 /home/travis/build/icyphy/ptII/ptolemy/actor/lib/test/auto/TimeDelayMicrosteps.xml
----------------- Instantiating /home/travis/build/icyphy/ptII/ptolemy/actor/lib/test/auto/TimeDelayMicrosteps.xml
2 ms. Memory: 1681920K Free: 608399K (36%)
----------------- Invoking toplevel() on ptolemy.moml.MoMLSimpleApplication@707a5ab7
----------------- Done invoking toplevel() on ptolemy.moml.MoMLSimpleApplication@707a5ab7
reloadAllAccessors: .TimeDelayMicrosteps

===========================================================================================
----------------- testing Mon Jun 18 13:34:26 UTC 2018 /home/travis/build/icyphy/ptII/ptolemy/actor/lib/test/auto/TimeDelayMicrosteps2.xml
----------------- Instantiating /home/travis/build/icyphy/ptII/ptolemy/actor/lib/test/auto/TimeDelayMicrosteps2.xml
3 ms. Memory: 1681920K Free: 588272K (35%)
----------------- Invoking toplevel() on ptolemy.moml.MoMLSimpleApplication@5e2917d3
----------------- Done invoking toplevel() on ptolemy.moml.MoMLSimpleApplication@5e2917d3
reloadAllAccessors: .TimeDelayMicrosteps2

===========================================================================================
----------------- testing Mon Jun 18 13:34:26 UTC 2018 /home/travis/build/icyphy/ptII/ptolemy/actor/lib/test/auto/TimeDelayMicrosteps3.xml
----------------- Instantiating /home/travis/build/icyphy/ptII/ptolemy/actor/lib/test/auto/TimeDelayMicrosteps3.xml
3 ms. Memory: 1681920K Free: 572553K (34%)
----------------- Invoking toplevel() on ptolemy.moml.MoMLSimpleApplication@a335c7
----------------- Done invoking toplevel() on ptolemy.moml.MoMLSimpleApplication@a335c7
reloadAllAccessors: .TimeDelayMicrosteps3

===========================================================================================
----------------- testing Mon Jun 18 13:34:26 UTC 2018 /home/travis/build/icyphy/ptII/ptolemy/actor/lib/test/auto/TimeDelayVariableMicrosteps.xml
----------------- Instantiating /home/travis/build/icyphy/ptII/ptolemy/actor/lib/test/auto/TimeDelayVariableMicrosteps.xml
3 ms. Memory: 1681920K Free: 552426K (33%)
----------------- Invoking toplevel() on ptolemy.moml.MoMLSimpleApplication@2a508e82
----------------- Done invoking toplevel() on ptolemy.moml.MoMLSimpleApplication@2a508e82
reloadAllAccessors: .TimeDelayVariableMicrosteps

===========================================================================================
----------------- testing Mon Jun 18 13:34:26 UTC 2018 /home/travis/build/icyphy/ptII/ptolemy/actor/lib/test/auto/TimeGap.xml
----------------- Instantiating /home/travis/build/icyphy/ptII/ptolemy/actor/lib/test/auto/TimeGap.xml
3 ms. Memory: 1681920K Free: 536708K (32%)
----------------- Invoking toplevel() on ptolemy.moml.MoMLSimpleApplication@70666988
----------------- Done invoking toplevel() on ptolemy.moml.MoMLSimpleApplication@70666988
reloadAllAccessors: .TimeGap

===========================================================================================
----------------- testing Mon Jun 18 13:34:26 UTC 2018 /home/travis/build/icyphy/ptII/ptolemy/actor/lib/test/auto/TimeGap2.xml
----------------- Instantiating /home/travis/build/icyphy/ptII/ptolemy/actor/lib/test/auto/TimeGap2.xml
2 ms. Memory: 1681920K Free: 516581K (31%)
----------------- Invoking toplevel() on ptolemy.moml.MoMLSimpleApplication@45431315
----------------- Done invoking toplevel() on ptolemy.moml.MoMLSimpleApplication@45431315
reloadAllAccessors: .TimeGap2

===========================================================================================
----------------- testing Mon Jun 18 13:34:26 UTC 2018 /home/travis/build/icyphy/ptII/ptolemy/actor/lib/test/auto/TimedSinewave.xml
----------------- Instantiating /home/travis/build/icyphy/ptII/ptolemy/actor/lib/test/auto/TimedSinewave.xml
26 ms. Memory: 1681920K Free: 493003K (29%)
----------------- Invoking toplevel() on ptolemy.moml.MoMLSimpleApplication@39072623
----------------- Done invoking toplevel() on ptolemy.moml.MoMLSimpleApplication@39072623
reloadAllAccessors: .TimedSinewave

===========================================================================================
----------------- testing Mon Jun 18 13:34:26 UTC 2018 /home/travis/build/icyphy/ptII/ptolemy/actor/lib/test/auto/TimedSinewavePhase.xml
----------------- Instantiating /home/travis/build/icyphy/ptII/ptolemy/actor/lib/test/auto/TimedSinewavePhase.xml
10 ms. Memory: 1681920K Free: 472876K (28%)
----------------- Invoking toplevel() on ptolemy.moml.MoMLSimpleApplication@57f19880
----------------- Done invoking toplevel() on ptolemy.moml.MoMLSimpleApplication@57f19880
reloadAllAccessors: .TimedSinewavePhase

===========================================================================================
----------------- testing Mon Jun 18 13:34:26 UTC 2018 /home/travis/build/icyphy/ptII/ptolemy/actor/lib/test/auto/Timer.xml
----------------- Instantiating /home/travis/build/icyphy/ptII/ptolemy/actor/lib/test/auto/Timer.xml
2 ms. Memory: 1681920K Free: 457157K (27%)
----------------- Invoking toplevel() on ptolemy.moml.MoMLSimpleApplication@2df56e75
----------------- Done invoking toplevel() on ptolemy.moml.MoMLSimpleApplication@2df56e75
reloadAllAccessors: .Timer

===========================================================================================
----------------- testing Mon Jun 18 13:34:26 UTC 2018 /home/travis/build/icyphy/ptII/ptolemy/actor/lib/test/auto/TriangularDistTestModel.xml
----------------- Instantiating /home/travis/build/icyphy/ptII/ptolemy/actor/lib/test/auto/TriangularDistTestModel.xml
2 ms. Memory: 1681920K Free: 437030K (26%)
----------------- Invoking toplevel() on ptolemy.moml.MoMLSimpleApplication@3f706dc6
----------------- Done invoking toplevel() on ptolemy.moml.MoMLSimpleApplication@3f706dc6
reloadAllAccessors: .TriangularDistTestModel

===========================================================================================
----------------- testing Mon Jun 18 13:34:26 UTC 2018 /home/travis/build/icyphy/ptII/ptolemy/actor/lib/test/auto/TrigFunction.xml
----------------- Instantiating /home/travis/build/icyphy/ptII/ptolemy/actor/lib/test/auto/TrigFunction.xml
1 ms. Memory: 1681920K Free: 416903K (25%)
----------------- Invoking toplevel() on ptolemy.moml.MoMLSimpleApplication@6b407d31
----------------- Done invoking toplevel() on ptolemy.moml.MoMLSimpleApplication@6b407d31
reloadAllAccessors: .TrigFunction

===========================================================================================
----------------- testing Mon Jun 18 13:34:26 UTC 2018 /home/travis/build/icyphy/ptII/ptolemy/actor/lib/test/auto/TrigFunctionDE.xml
----------------- Instantiating /home/travis/build/icyphy/ptII/ptolemy/actor/lib/test/auto/TrigFunctionDE.xml
2 ms. Memory: 1681920K Free: 401184K (24%)
----------------- Invoking toplevel() on ptolemy.moml.MoMLSimpleApplication@29eaffc8
----------------- Done invoking toplevel() on ptolemy.moml.MoMLSimpleApplication@29eaffc8
reloadAllAccessors: .TrigFunctionDE

===========================================================================================
----------------- testing Mon Jun 18 13:34:26 UTC 2018 /home/travis/build/icyphy/ptII/ptolemy/actor/lib/test/auto/TrigFunctionInverse.xml
----------------- Instantiating /home/travis/build/icyphy/ptII/ptolemy/actor/lib/test/auto/TrigFunctionInverse.xml
2 ms. Memory: 1681920K Free: 381057K (23%)
----------------- Invoking toplevel() on ptolemy.moml.MoMLSimpleApplication@2dda88d3
----------------- Done invoking toplevel() on ptolemy.moml.MoMLSimpleApplication@2dda88d3
reloadAllAccessors: .TrigFunctionInverse

===========================================================================================
----------------- testing Mon Jun 18 13:34:26 UTC 2018 /home/travis/build/icyphy/ptII/ptolemy/actor/lib/test/auto/TrigFunctionTan.xml
----------------- Instantiating /home/travis/build/icyphy/ptII/ptolemy/actor/lib/test/auto/TrigFunctionTan.xml
1 ms. Memory: 1681920K Free: 365339K (22%)
----------------- Invoking toplevel() on ptolemy.moml.MoMLSimpleApplication@40105a9
----------------- Done invoking toplevel() on ptolemy.moml.MoMLSimpleApplication@40105a9
reloadAllAccessors: .TrigFunctionTan

===========================================================================================
----------------- testing Mon Jun 18 13:34:26 UTC 2018 /home/travis/build/icyphy/ptII/ptolemy/actor/lib/test/auto/TriggeredClock.xml
----------------- Instantiating /home/travis/build/icyphy/ptII/ptolemy/actor/lib/test/auto/TriggeredClock.xml
2 ms. Memory: 1681920K Free: 345212K (21%)
----------------- Invoking toplevel() on ptolemy.moml.MoMLSimpleApplication@42b89d5c
----------------- Done invoking toplevel() on ptolemy.moml.MoMLSimpleApplication@42b89d5c
reloadAllAccessors: .TriggeredClock

===========================================================================================
----------------- testing Mon Jun 18 13:34:26 UTC 2018 /home/travis/build/icyphy/ptII/ptolemy/actor/lib/test/auto/URLDirectoryReader.xml
----------------- Instantiating /home/travis/build/icyphy/ptII/ptolemy/actor/lib/test/auto/URLDirectoryReader.xml
38 ms. Memory: 1681920K Free: 329493K (20%)
----------------- Invoking toplevel() on ptolemy.moml.MoMLSimpleApplication@caea8d2
----------------- Done invoking toplevel() on ptolemy.moml.MoMLSimpleApplication@caea8d2
reloadAllAccessors: .URLDirectoryReader

===========================================================================================
----------------- testing Mon Jun 18 13:34:26 UTC 2018 /home/travis/build/icyphy/ptII/ptolemy/actor/lib/test/auto/URLDirectoryReader3.xml
----------------- Instantiating /home/travis/build/icyphy/ptII/ptolemy/actor/lib/test/auto/URLDirectoryReader3.xml
1136 ms. Memory: 1681920K Free: 261955K (16%)
----------------- Invoking toplevel() on ptolemy.moml.MoMLSimpleApplication@38db717d
----------------- Done invoking toplevel() on ptolemy.moml.MoMLSimpleApplication@38db717d
reloadAllAccessors: .URLDirectoryReader3

===========================================================================================
----------------- testing Mon Jun 18 13:34:27 UTC 2018 /home/travis/build/icyphy/ptII/ptolemy/actor/lib/test/auto/UnaryMathFunction.xml
----------------- Instantiating /home/travis/build/icyphy/ptII/ptolemy/actor/lib/test/auto/UnaryMathFunction.xml
6 ms. Memory: 1681920K Free: 241828K (14%)
----------------- Invoking toplevel() on ptolemy.moml.MoMLSimpleApplication@355db633
----------------- Done invoking toplevel() on ptolemy.moml.MoMLSimpleApplication@355db633
reloadAllAccessors: .UnaryMathFunction

===========================================================================================
----------------- testing Mon Jun 18 13:34:27 UTC 2018 /home/travis/build/icyphy/ptII/ptolemy/actor/lib/test/auto/Uniform.xml
----------------- Instantiating /home/travis/build/icyphy/ptII/ptolemy/actor/lib/test/auto/Uniform.xml
9 ms. Memory: 1681920K Free: 226109K (13%)
----------------- Invoking toplevel() on ptolemy.moml.MoMLSimpleApplication@6aabe98b
----------------- Done invoking toplevel() on ptolemy.moml.MoMLSimpleApplication@6aabe98b
reloadAllAccessors: .Uniform

===========================================================================================
----------------- testing Mon Jun 18 13:34:27 UTC 2018 /home/travis/build/icyphy/ptII/ptolemy/actor/lib/test/auto/UnionDisassemblerTest.xml
----------------- Instantiating /home/travis/build/icyphy/ptII/ptolemy/actor/lib/test/auto/UnionDisassemblerTest.xml
22 ms. Memory: 1681920K Free: 205982K (12%)
----------------- Invoking toplevel() on ptolemy.moml.MoMLSimpleApplication@5ef893fd
----------------- Done invoking toplevel() on ptolemy.moml.MoMLSimpleApplication@5ef893fd
reloadAllAccessors: .UnionDisassemblerTest

===========================================================================================
----------------- testing Mon Jun 18 13:34:28 UTC 2018 /home/travis/build/icyphy/ptII/ptolemy/actor/lib/test/auto/UtilityFunctions.xml
----------------- Instantiating /home/travis/build/icyphy/ptII/ptolemy/actor/lib/test/auto/UtilityFunctions.xml
5 ms. Memory: 1681920K Free: 190264K (11%)
----------------- Invoking toplevel() on ptolemy.moml.MoMLSimpleApplication@6c203c9c
----------------- Done invoking toplevel() on ptolemy.moml.MoMLSimpleApplication@6c203c9c
reloadAllAccessors: .UtilityFunctions

===========================================================================================
----------------- testing Mon Jun 18 13:34:28 UTC 2018 /home/travis/build/icyphy/ptII/ptolemy/actor/lib/test/auto/VariableSleep.xml
----------------- Instantiating /home/travis/build/icyphy/ptII/ptolemy/actor/lib/test/auto/VariableSleep.xml
503 ms. Memory: 1681920K Free: 170136K (10%)
----------------- Invoking toplevel() on ptolemy.moml.MoMLSimpleApplication@629ed641
----------------- Done invoking toplevel() on ptolemy.moml.MoMLSimpleApplication@629ed641
reloadAllAccessors: .VariableSleep

===========================================================================================
----------------- testing Mon Jun 18 13:34:28 UTC 2018 /home/travis/build/icyphy/ptII/ptolemy/actor/lib/test/auto/VectorAssemblerDisassemblerCT.xml
----------------- Instantiating /home/travis/build/icyphy/ptII/ptolemy/actor/lib/test/auto/VectorAssemblerDisassemblerCT.xml
83 ms. Memory: 1681920K Free: 138691K (8%)
----------------- Invoking toplevel() on ptolemy.moml.MoMLSimpleApplication@4a29fd50
----------------- Done invoking toplevel() on ptolemy.moml.MoMLSimpleApplication@4a29fd50
reloadAllAccessors: .VectorAssemblerDisassemblerCT

===========================================================================================
----------------- testing Mon Jun 18 13:34:28 UTC 2018 /home/travis/build/icyphy/ptII/ptolemy/actor/lib/test/auto/VectorAssemblerDisassemblerDE.xml
----------------- Instantiating /home/travis/build/icyphy/ptII/ptolemy/actor/lib/test/auto/VectorAssemblerDisassemblerDE.xml
3 ms. Memory: 1681920K Free: 118564K (7%)
----------------- Invoking toplevel() on ptolemy.moml.MoMLSimpleApplication@65b50615
----------------- Done invoking toplevel() on ptolemy.moml.MoMLSimpleApplication@65b50615
reloadAllAccessors: .VectorAssemblerDisassemblerDE

===========================================================================================
----------------- testing Mon Jun 18 13:34:28 UTC 2018 /home/travis/build/icyphy/ptII/ptolemy/actor/lib/test/auto/VectorAssemblerDisassemblerSDF.xml
----------------- Instantiating /home/travis/build/icyphy/ptII/ptolemy/actor/lib/test/auto/VectorAssemblerDisassemblerSDF.xml
5 ms. Memory: 1681920K Free: 98437K (6%)
----------------- Invoking toplevel() on ptolemy.moml.MoMLSimpleApplication@3dc4fd5f
----------------- Done invoking toplevel() on ptolemy.moml.MoMLSimpleApplication@3dc4fd5f
reloadAllAccessors: .VectorAssemblerDisassemblerSDF

===========================================================================================
----------------- testing Mon Jun 18 13:34:28 UTC 2018 /home/travis/build/icyphy/ptII/ptolemy/actor/lib/test/auto/WallClockTime.xml
----------------- Instantiating /home/travis/build/icyphy/ptII/ptolemy/actor/lib/test/auto/WallClockTime.xml
1010 ms. Memory: 1681920K Free: 82718K (5%)
----------------- Invoking toplevel() on ptolemy.moml.MoMLSimpleApplication@7ea98c05
----------------- Done invoking toplevel() on ptolemy.moml.MoMLSimpleApplication@7ea98c05
reloadAllAccessors: .WallClockTime

===========================================================================================
----------------- testing Mon Jun 18 13:34:29 UTC 2018 /home/travis/build/icyphy/ptII/ptolemy/actor/lib/test/auto/WidthTestWithSubscriberPublisher.xml
----------------- Instantiating /home/travis/build/icyphy/ptII/ptolemy/actor/lib/test/auto/WidthTestWithSubscriberPublisher.xml
10 ms. Memory: 1748992K Free: 1677347K (96%)
----------------- Invoking toplevel() on ptolemy.moml.MoMLSimpleApplication@56d86185
----------------- Done invoking toplevel() on ptolemy.moml.MoMLSimpleApplication@56d86185
reloadAllAccessors: .WidthTestWithSubscriberPublisher

===========================================================================================
----------------- testing Mon Jun 18 13:34:29 UTC 2018 /home/travis/build/icyphy/ptII/ptolemy/actor/lib/test/auto/WidthTestWithSubscriberPublisher2.xml
----------------- Instantiating /home/travis/build/icyphy/ptII/ptolemy/actor/lib/test/auto/WidthTestWithSubscriberPublisher2.xml
3 ms. Memory: 1748992K Free: 1656660K (95%)
----------------- Invoking toplevel() on ptolemy.moml.MoMLSimpleApplication@2d31f2
----------------- Done invoking toplevel() on ptolemy.moml.MoMLSimpleApplication@2d31f2
reloadAllAccessors: .WidthTestWithSubscriberPublisher2

===========================================================================================
----------------- testing Mon Jun 18 13:34:29 UTC 2018 /home/travis/build/icyphy/ptII/ptolemy/actor/lib/test/auto/WidthTestWithSubscriberPublisher3.xml
----------------- Instantiating /home/travis/build/icyphy/ptII/ptolemy/actor/lib/test/auto/WidthTestWithSubscriberPublisher3.xml
2 ms. Memory: 1748992K Free: 1635972K (94%)
----------------- Invoking toplevel() on ptolemy.moml.MoMLSimpleApplication@461324f6
----------------- Done invoking toplevel() on ptolemy.moml.MoMLSimpleApplication@461324f6
reloadAllAccessors: .WidthTestWithSubscriberPublisher3

===========================================================================================
----------------- testing Mon Jun 18 13:34:29 UTC 2018 /home/travis/build/icyphy/ptII/ptolemy/actor/lib/test/auto/Writer.xml
----------------- Instantiating /home/travis/build/icyphy/ptII/ptolemy/actor/lib/test/auto/Writer.xml
0
1
2
3
4
1 ms. Memory: 1748992K Free: 1619578K (93%)
----------------- Invoking toplevel() on ptolemy.moml.MoMLSimpleApplication@84976
----------------- Done invoking toplevel() on ptolemy.moml.MoMLSimpleApplication@84976
reloadAllAccessors: .Writer

===========================================================================================
----------------- testing Mon Jun 18 13:34:29 UTC 2018 /home/travis/build/icyphy/ptII/ptolemy/actor/lib/test/auto/array.xml
----------------- Instantiating /home/travis/build/icyphy/ptII/ptolemy/actor/lib/test/auto/array.xml
1 ms. Memory: 1748992K Free: 1598891K (91%)
----------------- Invoking toplevel() on ptolemy.moml.MoMLSimpleApplication@4538b183
----------------- Done invoking toplevel() on ptolemy.moml.MoMLSimpleApplication@4538b183
reloadAllAccessors: .array

===========================================================================================
----------------- testing Mon Jun 18 13:34:29 UTC 2018 /home/travis/build/icyphy/ptII/ptolemy/actor/lib/test/auto/array2.xml
----------------- Instantiating /home/travis/build/icyphy/ptII/ptolemy/actor/lib/test/auto/array2.xml
2 ms. Memory: 1748992K Free: 1582496K (90%)
----------------- Invoking toplevel() on ptolemy.moml.MoMLSimpleApplication@53b1e62e
----------------- Done invoking toplevel() on ptolemy.moml.MoMLSimpleApplication@53b1e62e
reloadAllAccessors: .array2

===========================================================================================
----------------- testing Mon Jun 18 13:34:29 UTC 2018 /home/travis/build/icyphy/ptII/ptolemy/actor/lib/test/auto/arrayType.xml
----------------- Instantiating /home/travis/build/icyphy/ptII/ptolemy/actor/lib/test/auto/arrayType.xml
2 ms. Memory: 1748992K Free: 1561808K (89%)
----------------- Invoking toplevel() on ptolemy.moml.MoMLSimpleApplication@4f17b73c
----------------- Done invoking toplevel() on ptolemy.moml.MoMLSimpleApplication@4f17b73c
reloadAllAccessors: .arrayType

===========================================================================================
----------------- testing Mon Jun 18 13:34:30 UTC 2018 /home/travis/build/icyphy/ptII/ptolemy/actor/lib/test/auto/arrayType10.xml
----------------- Instantiating /home/travis/build/icyphy/ptII/ptolemy/actor/lib/test/auto/arrayType10.xml
2 ms. Memory: 1748992K Free: 1541121K (88%)
----------------- Invoking toplevel() on ptolemy.moml.MoMLSimpleApplication@663416a2
----------------- Done invoking toplevel() on ptolemy.moml.MoMLSimpleApplication@663416a2
reloadAllAccessors: .arrayType10

===========================================================================================
----------------- testing Mon Jun 18 13:34:30 UTC 2018 /home/travis/build/icyphy/ptII/ptolemy/actor/lib/test/auto/arrayType11.xml
----------------- Instantiating /home/travis/build/icyphy/ptII/ptolemy/actor/lib/test/auto/arrayType11.xml
2 ms. Memory: 1748992K Free: 1524727K (87%)
----------------- Invoking toplevel() on ptolemy.moml.MoMLSimpleApplication@519dc603
----------------- Done invoking toplevel() on ptolemy.moml.MoMLSimpleApplication@519dc603
reloadAllAccessors: .arrayType11

===========================================================================================
----------------- testing Mon Jun 18 13:34:30 UTC 2018 /home/travis/build/icyphy/ptII/ptolemy/actor/lib/test/auto/arrayType12.xml
----------------- Instantiating /home/travis/build/icyphy/ptII/ptolemy/actor/lib/test/auto/arrayType12.xml
2 ms. Memory: 1748992K Free: 1504039K (86%)
----------------- Invoking toplevel() on ptolemy.moml.MoMLSimpleApplication@5b9c71d3
----------------- Done invoking toplevel() on ptolemy.moml.MoMLSimpleApplication@5b9c71d3
reloadAllAccessors: .arrayType12

===========================================================================================
----------------- testing Mon Jun 18 13:34:30 UTC 2018 /home/travis/build/icyphy/ptII/ptolemy/actor/lib/test/auto/arrayType13.xml
----------------- Instantiating /home/travis/build/icyphy/ptII/ptolemy/actor/lib/test/auto/arrayType13.xml
1 ms. Memory: 1748992K Free: 1487645K (85%)
----------------- Invoking toplevel() on ptolemy.moml.MoMLSimpleApplication@5869c7ac
----------------- Done invoking toplevel() on ptolemy.moml.MoMLSimpleApplication@5869c7ac
reloadAllAccessors: .arrayType13

===========================================================================================
----------------- testing Mon Jun 18 13:34:30 UTC 2018 /home/travis/build/icyphy/ptII/ptolemy/actor/lib/test/auto/arrayType14.xml
----------------- Instantiating /home/travis/build/icyphy/ptII/ptolemy/actor/lib/test/auto/arrayType14.xml
2 ms. Memory: 1748992K Free: 1466957K (84%)
----------------- Invoking toplevel() on ptolemy.moml.MoMLSimpleApplication@42f98c82
----------------- Done invoking toplevel() on ptolemy.moml.MoMLSimpleApplication@42f98c82
reloadAllAccessors: .arrayType14

===========================================================================================
----------------- testing Mon Jun 18 13:34:30 UTC 2018 /home/travis/build/icyphy/ptII/ptolemy/actor/lib/test/auto/arrayType15.xml
----------------- Instantiating /home/travis/build/icyphy/ptII/ptolemy/actor/lib/test/auto/arrayType15.xml
1 ms. Memory: 1748992K Free: 1446270K (83%)
----------------- Invoking toplevel() on ptolemy.moml.MoMLSimpleApplication@27b4186a
----------------- Done invoking toplevel() on ptolemy.moml.MoMLSimpleApplication@27b4186a
reloadAllAccessors: .arrayType15

===========================================================================================
----------------- testing Mon Jun 18 13:34:30 UTC 2018 /home/travis/build/icyphy/ptII/ptolemy/actor/lib/test/auto/arrayType16.xml
----------------- Instantiating /home/travis/build/icyphy/ptII/ptolemy/actor/lib/test/auto/arrayType16.xml
1 ms. Memory: 1748992K Free: 1429876K (82%)
----------------- Invoking toplevel() on ptolemy.moml.MoMLSimpleApplication@5d13fe41
----------------- Done invoking toplevel() on ptolemy.moml.MoMLSimpleApplication@5d13fe41
reloadAllAccessors: .arrayType16

===========================================================================================
----------------- testing Mon Jun 18 13:34:30 UTC 2018 /home/travis/build/icyphy/ptII/ptolemy/actor/lib/test/auto/arrayType17.xml
----------------- Instantiating /home/travis/build/icyphy/ptII/ptolemy/actor/lib/test/auto/arrayType17.xml
1 ms. Memory: 1748992K Free: 1409188K (81%)
----------------- Invoking toplevel() on ptolemy.moml.MoMLSimpleApplication@37f911b1
----------------- Done invoking toplevel() on ptolemy.moml.MoMLSimpleApplication@37f911b1
reloadAllAccessors: .arrayType17

===========================================================================================
----------------- testing Mon Jun 18 13:34:30 UTC 2018 /home/travis/build/icyphy/ptII/ptolemy/actor/lib/test/auto/arrayType18.xml
----------------- Instantiating /home/travis/build/icyphy/ptII/ptolemy/actor/lib/test/auto/arrayType18.xml
2 ms. Memory: 1748992K Free: 1392794K (80%)
----------------- Invoking toplevel() on ptolemy.moml.MoMLSimpleApplication@7e699921
----------------- Done invoking toplevel() on ptolemy.moml.MoMLSimpleApplication@7e699921
reloadAllAccessors: .arrayType18

===========================================================================================
----------------- testing Mon Jun 18 13:34:30 UTC 2018 /home/travis/build/icyphy/ptII/ptolemy/actor/lib/test/auto/arrayType19.xml
----------------- Instantiating /home/travis/build/icyphy/ptII/ptolemy/actor/lib/test/auto/arrayType19.xml
1 ms. Memory: 1748992K Free: 1372106K (78%)
----------------- Invoking toplevel() on ptolemy.moml.MoMLSimpleApplication@5752327d
----------------- Done invoking toplevel() on ptolemy.moml.MoMLSimpleApplication@5752327d
reloadAllAccessors: .arrayType19

===========================================================================================
----------------- testing Mon Jun 18 13:34:30 UTC 2018 /home/travis/build/icyphy/ptII/ptolemy/actor/lib/test/auto/arrayType2.xml
----------------- Instantiating /home/travis/build/icyphy/ptII/ptolemy/actor/lib/test/auto/arrayType2.xml
1 ms. Memory: 1748992K Free: 1351419K (77%)
----------------- Invoking toplevel() on ptolemy.moml.MoMLSimpleApplication@ea4fa8
----------------- Done invoking toplevel() on ptolemy.moml.MoMLSimpleApplication@ea4fa8
reloadAllAccessors: .arrayType2

===========================================================================================
----------------- testing Mon Jun 18 13:34:30 UTC 2018 /home/travis/build/icyphy/ptII/ptolemy/actor/lib/test/auto/arrayType20.xml
----------------- Instantiating /home/travis/build/icyphy/ptII/ptolemy/actor/lib/test/auto/arrayType20.xml
1 ms. Memory: 1748992K Free: 1335025K (76%)
----------------- Invoking toplevel() on ptolemy.moml.MoMLSimpleApplication@7ec1c5a0
----------------- Done invoking toplevel() on ptolemy.moml.MoMLSimpleApplication@7ec1c5a0
reloadAllAccessors: .arrayType20

===========================================================================================
----------------- testing Mon Jun 18 13:34:30 UTC 2018 /home/travis/build/icyphy/ptII/ptolemy/actor/lib/test/auto/arrayType21.xml
----------------- Instantiating /home/travis/build/icyphy/ptII/ptolemy/actor/lib/test/auto/arrayType21.xml
1 ms. Memory: 1748992K Free: 1314337K (75%)
----------------- Invoking toplevel() on ptolemy.moml.MoMLSimpleApplication@5ed4857f
----------------- Done invoking toplevel() on ptolemy.moml.MoMLSimpleApplication@5ed4857f
reloadAllAccessors: .arrayType21

===========================================================================================
----------------- testing Mon Jun 18 13:34:30 UTC 2018 /home/travis/build/icyphy/ptII/ptolemy/actor/lib/test/auto/arrayType22.xml
----------------- Instantiating /home/travis/build/icyphy/ptII/ptolemy/actor/lib/test/auto/arrayType22.xml
2 ms. Memory: 1748992K Free: 1297943K (74%)
----------------- Invoking toplevel() on ptolemy.moml.MoMLSimpleApplication@147ddcba
----------------- Done invoking toplevel() on ptolemy.moml.MoMLSimpleApplication@147ddcba
reloadAllAccessors: .arrayType22

===========================================================================================
----------------- testing Mon Jun 18 13:34:30 UTC 2018 /home/travis/build/icyphy/ptII/ptolemy/actor/lib/test/auto/arrayType23.xml
----------------- Instantiating /home/travis/build/icyphy/ptII/ptolemy/actor/lib/test/auto/arrayType23.xml
1 ms. Memory: 1748992K Free: 1277255K (73%)
----------------- Invoking toplevel() on ptolemy.moml.MoMLSimpleApplication@37332c3
----------------- Done invoking toplevel() on ptolemy.moml.MoMLSimpleApplication@37332c3
reloadAllAccessors: .arrayType23

===========================================================================================
----------------- testing Mon Jun 18 13:34:30 UTC 2018 /home/travis/build/icyphy/ptII/ptolemy/actor/lib/test/auto/arrayType24.xml
----------------- Instantiating /home/travis/build/icyphy/ptII/ptolemy/actor/lib/test/auto/arrayType24.xml
1 ms. Memory: 1748992K Free: 1256568K (72%)
----------------- Invoking toplevel() on ptolemy.moml.MoMLSimpleApplication@2fa88a26
----------------- Done invoking toplevel() on ptolemy.moml.MoMLSimpleApplication@2fa88a26
reloadAllAccessors: .arrayType24

===========================================================================================
----------------- testing Mon Jun 18 13:34:30 UTC 2018 /home/travis/build/icyphy/ptII/ptolemy/actor/lib/test/auto/arrayType25.xml
----------------- Instantiating /home/travis/build/icyphy/ptII/ptolemy/actor/lib/test/auto/arrayType25.xml
1 ms. Memory: 1748992K Free: 1240174K (71%)
----------------- Invoking toplevel() on ptolemy.moml.MoMLSimpleApplication@140ad947
----------------- Done invoking toplevel() on ptolemy.moml.MoMLSimpleApplication@140ad947
reloadAllAccessors: .arrayType25

===========================================================================================
----------------- testing Mon Jun 18 13:34:30 UTC 2018 /home/travis/build/icyphy/ptII/ptolemy/actor/lib/test/auto/arrayType26.xml
----------------- Instantiating /home/travis/build/icyphy/ptII/ptolemy/actor/lib/test/auto/arrayType26.xml
1 ms. Memory: 1748992K Free: 1219486K (70%)
----------------- Invoking toplevel() on ptolemy.moml.MoMLSimpleApplication@6481082
----------------- Done invoking toplevel() on ptolemy.moml.MoMLSimpleApplication@6481082
reloadAllAccessors: .arrayType26

===========================================================================================
----------------- testing Mon Jun 18 13:34:30 UTC 2018 /home/travis/build/icyphy/ptII/ptolemy/actor/lib/test/auto/arrayType27.xml
----------------- Instantiating /home/travis/build/icyphy/ptII/ptolemy/actor/lib/test/auto/arrayType27.xml
2 ms. Memory: 1748992K Free: 1203091K (69%)
----------------- Invoking toplevel() on ptolemy.moml.MoMLSimpleApplication@5598b10c
----------------- Done invoking toplevel() on ptolemy.moml.MoMLSimpleApplication@5598b10c
reloadAllAccessors: .arrayType27

===========================================================================================
----------------- testing Mon Jun 18 13:34:30 UTC 2018 /home/travis/build/icyphy/ptII/ptolemy/actor/lib/test/auto/arrayType28.xml
----------------- Instantiating /home/travis/build/icyphy/ptII/ptolemy/actor/lib/test/auto/arrayType28.xml
1 ms. Memory: 1748992K Free: 1182404K (68%)
----------------- Invoking toplevel() on ptolemy.moml.MoMLSimpleApplication@700da3b8
----------------- Done invoking toplevel() on ptolemy.moml.MoMLSimpleApplication@700da3b8
reloadAllAccessors: .arrayType28

===========================================================================================
----------------- testing Mon Jun 18 13:34:30 UTC 2018 /home/travis/build/icyphy/ptII/ptolemy/actor/lib/test/auto/arrayType3.xml
----------------- Instantiating /home/travis/build/icyphy/ptII/ptolemy/actor/lib/test/auto/arrayType3.xml
1 ms. Memory: 1748992K Free: 1161716K (66%)
----------------- Invoking toplevel() on ptolemy.moml.MoMLSimpleApplication@6ed53689
----------------- Done invoking toplevel() on ptolemy.moml.MoMLSimpleApplication@6ed53689
reloadAllAccessors: .arrayType3

===========================================================================================
----------------- testing Mon Jun 18 13:34:30 UTC 2018 /home/travis/build/icyphy/ptII/ptolemy/actor/lib/test/auto/arrayType4.xml
----------------- Instantiating /home/travis/build/icyphy/ptII/ptolemy/actor/lib/test/auto/arrayType4.xml
2 ms. Memory: 1748992K Free: 1145322K (65%)
----------------- Invoking toplevel() on ptolemy.moml.MoMLSimpleApplication@76d6446
----------------- Done invoking toplevel() on ptolemy.moml.MoMLSimpleApplication@76d6446
reloadAllAccessors: .arrayType4

===========================================================================================
----------------- testing Mon Jun 18 13:34:30 UTC 2018 /home/travis/build/icyphy/ptII/ptolemy/actor/lib/test/auto/arrayType5.xml
----------------- Instantiating /home/travis/build/icyphy/ptII/ptolemy/actor/lib/test/auto/arrayType5.xml
1 ms. Memory: 1748992K Free: 1124635K (64%)
----------------- Invoking toplevel() on ptolemy.moml.MoMLSimpleApplication@768b81f0
----------------- Done invoking toplevel() on ptolemy.moml.MoMLSimpleApplication@768b81f0
reloadAllAccessors: .arrayType5

===========================================================================================
----------------- testing Mon Jun 18 13:34:30 UTC 2018 /home/travis/build/icyphy/ptII/ptolemy/actor/lib/test/auto/arrayType6.xml
----------------- Instantiating /home/travis/build/icyphy/ptII/ptolemy/actor/lib/test/auto/arrayType6.xml
2 ms. Memory: 1748992K Free: 1108224K (63%)
----------------- Invoking toplevel() on ptolemy.moml.MoMLSimpleApplication@47cc4dce
----------------- Done invoking toplevel() on ptolemy.moml.MoMLSimpleApplication@47cc4dce
reloadAllAccessors: .arrayType6

===========================================================================================
----------------- testing Mon Jun 18 13:34:30 UTC 2018 /home/travis/build/icyphy/ptII/ptolemy/actor/lib/test/auto/arrayType7.xml
----------------- Instantiating /home/travis/build/icyphy/ptII/ptolemy/actor/lib/test/auto/arrayType7.xml
1 ms. Memory: 1748992K Free: 1087536K (62%)
----------------- Invoking toplevel() on ptolemy.moml.MoMLSimpleApplication@29a7c9ec
----------------- Done invoking toplevel() on ptolemy.moml.MoMLSimpleApplication@29a7c9ec
reloadAllAccessors: .arrayType7

===========================================================================================
----------------- testing Mon Jun 18 13:34:30 UTC 2018 /home/travis/build/icyphy/ptII/ptolemy/actor/lib/test/auto/arrayType8.xml
----------------- Instantiating /home/travis/build/icyphy/ptII/ptolemy/actor/lib/test/auto/arrayType8.xml
1 ms. Memory: 1748992K Free: 1066848K (61%)
----------------- Invoking toplevel() on ptolemy.moml.MoMLSimpleApplication@a1722e8
----------------- Done invoking toplevel() on ptolemy.moml.MoMLSimpleApplication@a1722e8
reloadAllAccessors: .arrayType8

===========================================================================================
----------------- testing Mon Jun 18 13:34:30 UTC 2018 /home/travis/build/icyphy/ptII/ptolemy/actor/lib/test/auto/arrayType9.xml
----------------- Instantiating /home/travis/build/icyphy/ptII/ptolemy/actor/lib/test/auto/arrayType9.xml
1 ms. Memory: 1748992K Free: 1050454K (60%)
----------------- Invoking toplevel() on ptolemy.moml.MoMLSimpleApplication@3a21f69e
----------------- Done invoking toplevel() on ptolemy.moml.MoMLSimpleApplication@3a21f69e
reloadAllAccessors: .arrayType9

===========================================================================================
----------------- testing Mon Jun 18 13:34:30 UTC 2018 /home/travis/build/icyphy/ptII/ptolemy/actor/lib/test/auto/cast.xml
----------------- Instantiating /home/travis/build/icyphy/ptII/ptolemy/actor/lib/test/auto/cast.xml
2 ms. Memory: 1748992K Free: 1029766K (59%)
----------------- Invoking toplevel() on ptolemy.moml.MoMLSimpleApplication@3b52f25f
----------------- Done invoking toplevel() on ptolemy.moml.MoMLSimpleApplication@3b52f25f
reloadAllAccessors: .cast

===========================================================================================
----------------- testing Mon Jun 18 13:34:30 UTC 2018 /home/travis/build/icyphy/ptII/ptolemy/actor/lib/test/auto/compositeMultiPort.xml
----------------- Instantiating /home/travis/build/icyphy/ptII/ptolemy/actor/lib/test/auto/compositeMultiPort.xml
3 ms. Memory: 1748992K Free: 1013372K (58%)
----------------- Invoking toplevel() on ptolemy.moml.MoMLSimpleApplication@5ead47cf
----------------- Done invoking toplevel() on ptolemy.moml.MoMLSimpleApplication@5ead47cf
reloadAllAccessors: .compositeMultiPort

===========================================================================================
----------------- testing Mon Jun 18 13:34:30 UTC 2018 /home/travis/build/icyphy/ptII/ptolemy/actor/lib/test/auto/expressionCastInference.xml
----------------- Instantiating /home/travis/build/icyphy/ptII/ptolemy/actor/lib/test/auto/expressionCastInference.xml
2 ms. Memory: 1748992K Free: 992685K (57%)
----------------- Invoking toplevel() on ptolemy.moml.MoMLSimpleApplication@48eab1
----------------- Done invoking toplevel() on ptolemy.moml.MoMLSimpleApplication@48eab1
reloadAllAccessors: .expressionCastInference

===========================================================================================
----------------- testing Mon Jun 18 13:34:30 UTC 2018 /home/travis/build/icyphy/ptII/ptolemy/actor/lib/test/auto/expressionCastInference2.xml
----------------- Instantiating /home/travis/build/icyphy/ptII/ptolemy/actor/lib/test/auto/expressionCastInference2.xml
1 ms. Memory: 1748992K Free: 971997K (56%)
----------------- Invoking toplevel() on ptolemy.moml.MoMLSimpleApplication@7cce310a
----------------- Done invoking toplevel() on ptolemy.moml.MoMLSimpleApplication@7cce310a
reloadAllAccessors: .expressionCastInference2

===========================================================================================
----------------- testing Mon Jun 18 13:34:30 UTC 2018 /home/travis/build/icyphy/ptII/ptolemy/actor/lib/test/auto/expressionInference.xml
----------------- Instantiating /home/travis/build/icyphy/ptII/ptolemy/actor/lib/test/auto/expressionInference.xml
2 ms. Memory: 1748992K Free: 955603K (55%)
----------------- Invoking toplevel() on ptolemy.moml.MoMLSimpleApplication@545af7a
----------------- Done invoking toplevel() on ptolemy.moml.MoMLSimpleApplication@545af7a
reloadAllAccessors: .expressionInference

===========================================================================================
----------------- testing Mon Jun 18 13:34:30 UTC 2018 /home/travis/build/icyphy/ptII/ptolemy/actor/lib/test/auto/expression_bug.xml
----------------- Instantiating /home/travis/build/icyphy/ptII/ptolemy/actor/lib/test/auto/expression_bug.xml
1 ms. Memory: 1748992K Free: 934915K (53%)
----------------- Invoking toplevel() on ptolemy.moml.MoMLSimpleApplication@38f5608f
----------------- Done invoking toplevel() on ptolemy.moml.MoMLSimpleApplication@38f5608f
reloadAllAccessors: .expression_bug

===========================================================================================
----------------- testing Mon Jun 18 13:34:30 UTC 2018 /home/travis/build/icyphy/ptII/ptolemy/actor/lib/test/auto/factorial.xml
----------------- Instantiating /home/travis/build/icyphy/ptII/ptolemy/actor/lib/test/auto/factorial.xml
32 ms. Memory: 1748992K Free: 918521K (53%)
----------------- Invoking toplevel() on ptolemy.moml.MoMLSimpleApplication@aed4da6
----------------- Done invoking toplevel() on ptolemy.moml.MoMLSimpleApplication@aed4da6
reloadAllAccessors: .factorial

===========================================================================================
----------------- testing Mon Jun 18 13:34:30 UTC 2018 /home/travis/build/icyphy/ptII/ptolemy/actor/lib/test/auto/filterTest1.xml
----------------- Instantiating /home/travis/build/icyphy/ptII/ptolemy/actor/lib/test/auto/filterTest1.xml
3 ms. Memory: 1748992K Free: 897834K (51%)
----------------- Invoking toplevel() on ptolemy.moml.MoMLSimpleApplication@875774d
----------------- Done invoking toplevel() on ptolemy.moml.MoMLSimpleApplication@875774d
reloadAllAccessors: .filterTest1

===========================================================================================
----------------- testing Mon Jun 18 13:34:30 UTC 2018 /home/travis/build/icyphy/ptII/ptolemy/actor/lib/test/auto/funcApplyInConst.xml
----------------- Instantiating /home/travis/build/icyphy/ptII/ptolemy/actor/lib/test/auto/funcApplyInConst.xml
1 ms. Memory: 1748992K Free: 877146K (50%)
----------------- Invoking toplevel() on ptolemy.moml.MoMLSimpleApplication@105bd353
----------------- Done invoking toplevel() on ptolemy.moml.MoMLSimpleApplication@105bd353
reloadAllAccessors: .funcApplyInConst

===========================================================================================
----------------- testing Mon Jun 18 13:34:30 UTC 2018 /home/travis/build/icyphy/ptII/ptolemy/actor/lib/test/auto/funcApplyInExpr.xml
----------------- Instantiating /home/travis/build/icyphy/ptII/ptolemy/actor/lib/test/auto/funcApplyInExpr.xml
1 ms. Memory: 1748992K Free: 860752K (49%)
----------------- Invoking toplevel() on ptolemy.moml.MoMLSimpleApplication@50a4fe6b
----------------- Done invoking toplevel() on ptolemy.moml.MoMLSimpleApplication@50a4fe6b
reloadAllAccessors: .funcApplyInExpr

===========================================================================================
----------------- testing Mon Jun 18 13:34:30 UTC 2018 /home/travis/build/icyphy/ptII/ptolemy/actor/lib/test/auto/function.xml
----------------- Instantiating /home/travis/build/icyphy/ptII/ptolemy/actor/lib/test/auto/function.xml
2 ms. Memory: 1748992K Free: 840065K (48%)
----------------- Invoking toplevel() on ptolemy.moml.MoMLSimpleApplication@57b333d3
----------------- Done invoking toplevel() on ptolemy.moml.MoMLSimpleApplication@57b333d3
reloadAllAccessors: .function

===========================================================================================
----------------- testing Mon Jun 18 13:34:30 UTC 2018 /home/travis/build/icyphy/ptII/ptolemy/actor/lib/test/auto/function2.xml
----------------- Instantiating /home/travis/build/icyphy/ptII/ptolemy/actor/lib/test/auto/function2.xml
2 ms. Memory: 1748992K Free: 823670K (47%)
----------------- Invoking toplevel() on ptolemy.moml.MoMLSimpleApplication@6363ac7e
----------------- Done invoking toplevel() on ptolemy.moml.MoMLSimpleApplication@6363ac7e
reloadAllAccessors: .function2

===========================================================================================
----------------- testing Mon Jun 18 13:34:30 UTC 2018 /home/travis/build/icyphy/ptII/ptolemy/actor/lib/test/auto/function3.xml
----------------- Instantiating /home/travis/build/icyphy/ptII/ptolemy/actor/lib/test/auto/function3.xml
2 ms. Memory: 1748992K Free: 802983K (46%)
----------------- Invoking toplevel() on ptolemy.moml.MoMLSimpleApplication@6fa96353
----------------- Done invoking toplevel() on ptolemy.moml.MoMLSimpleApplication@6fa96353
reloadAllAccessors: .function3

===========================================================================================
----------------- testing Mon Jun 18 13:34:30 UTC 2018 /home/travis/build/icyphy/ptII/ptolemy/actor/lib/test/auto/functionClosureTest1.xml
----------------- Instantiating /home/travis/build/icyphy/ptII/ptolemy/actor/lib/test/auto/functionClosureTest1.xml
1 ms. Memory: 1748992K Free: 782295K (45%)
----------------- Invoking toplevel() on ptolemy.moml.MoMLSimpleApplication@566d8381
----------------- Done invoking toplevel() on ptolemy.moml.MoMLSimpleApplication@566d8381
reloadAllAccessors: .functionClosureTest1

===========================================================================================
----------------- testing Mon Jun 18 13:34:30 UTC 2018 /home/travis/build/icyphy/ptII/ptolemy/actor/lib/test/auto/functionClosureTest2.xml
----------------- Instantiating /home/travis/build/icyphy/ptII/ptolemy/actor/lib/test/auto/functionClosureTest2.xml
1 ms. Memory: 1748992K Free: 765901K (44%)
----------------- Invoking toplevel() on ptolemy.moml.MoMLSimpleApplication@41f6869e
----------------- Done invoking toplevel() on ptolemy.moml.MoMLSimpleApplication@41f6869e
reloadAllAccessors: .functionClosureTest2

===========================================================================================
----------------- testing Mon Jun 18 13:34:30 UTC 2018 /home/travis/build/icyphy/ptII/ptolemy/actor/lib/test/auto/functionClosureTest3.xml
----------------- Instantiating /home/travis/build/icyphy/ptII/ptolemy/actor/lib/test/auto/functionClosureTest3.xml
2 ms. Memory: 1748992K Free: 745213K (43%)
----------------- Invoking toplevel() on ptolemy.moml.MoMLSimpleApplication@69e59e0b
----------------- Done invoking toplevel() on ptolemy.moml.MoMLSimpleApplication@69e59e0b
reloadAllAccessors: .functionClosureTest3

===========================================================================================
----------------- testing Mon Jun 18 13:34:30 UTC 2018 /home/travis/build/icyphy/ptII/ptolemy/actor/lib/test/auto/functionClosureTest4.xml
----------------- Instantiating /home/travis/build/icyphy/ptII/ptolemy/actor/lib/test/auto/functionClosureTest4.xml
3 ms. Memory: 1748992K Free: 728819K (42%)
----------------- Invoking toplevel() on ptolemy.moml.MoMLSimpleApplication@1b17ef15
----------------- Done invoking toplevel() on ptolemy.moml.MoMLSimpleApplication@1b17ef15
reloadAllAccessors: .functionClosureTest4

===========================================================================================
----------------- testing Mon Jun 18 13:34:30 UTC 2018 /home/travis/build/icyphy/ptII/ptolemy/actor/lib/test/auto/functionClosureTest5.xml
----------------- Instantiating /home/travis/build/icyphy/ptII/ptolemy/actor/lib/test/auto/functionClosureTest5.xml
3 ms. Memory: 1748992K Free: 708132K (40%)
----------------- Invoking toplevel() on ptolemy.moml.MoMLSimpleApplication@5b6632db
----------------- Done invoking toplevel() on ptolemy.moml.MoMLSimpleApplication@5b6632db
reloadAllAccessors: .functionClosureTest5

===========================================================================================
----------------- testing Mon Jun 18 13:34:30 UTC 2018 /home/travis/build/icyphy/ptII/ptolemy/actor/lib/test/auto/functionClosureTest6.xml
----------------- Instantiating /home/travis/build/icyphy/ptII/ptolemy/actor/lib/test/auto/functionClosureTest6.xml
2 ms. Memory: 1748992K Free: 687444K (39%)
----------------- Invoking toplevel() on ptolemy.moml.MoMLSimpleApplication@30e4b84d
----------------- Done invoking toplevel() on ptolemy.moml.MoMLSimpleApplication@30e4b84d
reloadAllAccessors: .functionClosureTest6

===========================================================================================
----------------- testing Mon Jun 18 13:34:30 UTC 2018 /home/travis/build/icyphy/ptII/ptolemy/actor/lib/test/auto/functionsOnArcs.xml
----------------- Instantiating /home/travis/build/icyphy/ptII/ptolemy/actor/lib/test/auto/functionsOnArcs.xml
1 ms. Memory: 1748992K Free: 671050K (38%)
----------------- Invoking toplevel() on ptolemy.moml.MoMLSimpleApplication@2bd384e0
----------------- Done invoking toplevel() on ptolemy.moml.MoMLSimpleApplication@2bd384e0
reloadAllAccessors: .functionsOnArcs

===========================================================================================
----------------- testing Mon Jun 18 13:34:30 UTC 2018 /home/travis/build/icyphy/ptII/ptolemy/actor/lib/test/auto/functionsOnArcsHOF.xml
----------------- Instantiating /home/travis/build/icyphy/ptII/ptolemy/actor/lib/test/auto/functionsOnArcsHOF.xml
3 ms. Memory: 1748992K Free: 650362K (37%)
----------------- Invoking toplevel() on ptolemy.moml.MoMLSimpleApplication@5345154d
----------------- Done invoking toplevel() on ptolemy.moml.MoMLSimpleApplication@5345154d
reloadAllAccessors: .functionsOnArcsHOF

===========================================================================================
----------------- testing Mon Jun 18 13:34:30 UTC 2018 /home/travis/build/icyphy/ptII/ptolemy/actor/lib/test/auto/logic.xml
----------------- Instantiating /home/travis/build/icyphy/ptII/ptolemy/actor/lib/test/auto/logic.xml
2 ms. Memory: 1748992K Free: 633968K (36%)
----------------- Invoking toplevel() on ptolemy.moml.MoMLSimpleApplication@648ea544
----------------- Done invoking toplevel() on ptolemy.moml.MoMLSimpleApplication@648ea544
reloadAllAccessors: .logic

===========================================================================================
----------------- testing Mon Jun 18 13:34:30 UTC 2018 /home/travis/build/icyphy/ptII/ptolemy/actor/lib/test/auto/matrixType.xml
----------------- Instantiating /home/travis/build/icyphy/ptII/ptolemy/actor/lib/test/auto/matrixType.xml
2 ms. Memory: 1748992K Free: 613281K (35%)
----------------- Invoking toplevel() on ptolemy.moml.MoMLSimpleApplication@61c328bd
----------------- Done invoking toplevel() on ptolemy.moml.MoMLSimpleApplication@61c328bd
reloadAllAccessors: .matrixType

===========================================================================================
----------------- testing Mon Jun 18 13:34:30 UTC 2018 /home/travis/build/icyphy/ptII/ptolemy/actor/lib/test/auto/matrixType10.xml
----------------- Instantiating /home/travis/build/icyphy/ptII/ptolemy/actor/lib/test/auto/matrixType10.xml
1 ms. Memory: 1748992K Free: 592593K (34%)
----------------- Invoking toplevel() on ptolemy.moml.MoMLSimpleApplication@570a451e
----------------- Done invoking toplevel() on ptolemy.moml.MoMLSimpleApplication@570a451e
reloadAllAccessors: .matrixType10

===========================================================================================
----------------- testing Mon Jun 18 13:34:30 UTC 2018 /home/travis/build/icyphy/ptII/ptolemy/actor/lib/test/auto/matrixType11.xml
----------------- Instantiating /home/travis/build/icyphy/ptII/ptolemy/actor/lib/test/auto/matrixType11.xml
1 ms. Memory: 1748992K Free: 576199K (33%)
----------------- Invoking toplevel() on ptolemy.moml.MoMLSimpleApplication@30906951
----------------- Done invoking toplevel() on ptolemy.moml.MoMLSimpleApplication@30906951
reloadAllAccessors: .matrixType11

===========================================================================================
----------------- testing Mon Jun 18 13:34:30 UTC 2018 /home/travis/build/icyphy/ptII/ptolemy/actor/lib/test/auto/matrixType12.xml
----------------- Instantiating /home/travis/build/icyphy/ptII/ptolemy/actor/lib/test/auto/matrixType12.xml
1 ms. Memory: 1748992K Free: 555511K (32%)
----------------- Invoking toplevel() on ptolemy.moml.MoMLSimpleApplication@182e9312
----------------- Done invoking toplevel() on ptolemy.moml.MoMLSimpleApplication@182e9312
reloadAllAccessors: .matrixType12

===========================================================================================
----------------- testing Mon Jun 18 13:34:30 UTC 2018 /home/travis/build/icyphy/ptII/ptolemy/actor/lib/test/auto/matrixType13.xml
----------------- Instantiating /home/travis/build/icyphy/ptII/ptolemy/actor/lib/test/auto/matrixType13.xml
2 ms. Memory: 1748992K Free: 539117K (31%)
----------------- Invoking toplevel() on ptolemy.moml.MoMLSimpleApplication@3d50b3c1
----------------- Done invoking toplevel() on ptolemy.moml.MoMLSimpleApplication@3d50b3c1
reloadAllAccessors: .matrixType13

===========================================================================================
----------------- testing Mon Jun 18 13:34:30 UTC 2018 /home/travis/build/icyphy/ptII/ptolemy/actor/lib/test/auto/matrixType14.xml
----------------- Instantiating /home/travis/build/icyphy/ptII/ptolemy/actor/lib/test/auto/matrixType14.xml
1 ms. Memory: 1748992K Free: 518430K (30%)
----------------- Invoking toplevel() on ptolemy.moml.MoMLSimpleApplication@5fc4000e
----------------- Done invoking toplevel() on ptolemy.moml.MoMLSimpleApplication@5fc4000e
reloadAllAccessors: .matrixType14

===========================================================================================
----------------- testing Mon Jun 18 13:34:30 UTC 2018 /home/travis/build/icyphy/ptII/ptolemy/actor/lib/test/auto/matrixType2.xml
----------------- Instantiating /home/travis/build/icyphy/ptII/ptolemy/actor/lib/test/auto/matrixType2.xml
2 ms. Memory: 1748992K Free: 497742K (28%)
----------------- Invoking toplevel() on ptolemy.moml.MoMLSimpleApplication@5871a6b3
----------------- Done invoking toplevel() on ptolemy.moml.MoMLSimpleApplication@5871a6b3
reloadAllAccessors: .matrixType2

===========================================================================================
----------------- testing Mon Jun 18 13:34:30 UTC 2018 /home/travis/build/icyphy/ptII/ptolemy/actor/lib/test/auto/matrixType3.xml
----------------- Instantiating /home/travis/build/icyphy/ptII/ptolemy/actor/lib/test/auto/matrixType3.xml
1 ms. Memory: 1748992K Free: 481348K (28%)
----------------- Invoking toplevel() on ptolemy.moml.MoMLSimpleApplication@5dc37ff
----------------- Done invoking toplevel() on ptolemy.moml.MoMLSimpleApplication@5dc37ff
reloadAllAccessors: .matrixType3

===========================================================================================
----------------- testing Mon Jun 18 13:34:30 UTC 2018 /home/travis/build/icyphy/ptII/ptolemy/actor/lib/test/auto/matrixType4.xml
----------------- Instantiating /home/travis/build/icyphy/ptII/ptolemy/actor/lib/test/auto/matrixType4.xml
1 ms. Memory: 1748992K Free: 460660K (26%)
----------------- Invoking toplevel() on ptolemy.moml.MoMLSimpleApplication@38017886
----------------- Done invoking toplevel() on ptolemy.moml.MoMLSimpleApplication@38017886
reloadAllAccessors: .matrixType4

===========================================================================================
----------------- testing Mon Jun 18 13:34:30 UTC 2018 /home/travis/build/icyphy/ptII/ptolemy/actor/lib/test/auto/matrixType5.xml
----------------- Instantiating /home/travis/build/icyphy/ptII/ptolemy/actor/lib/test/auto/matrixType5.xml
1 ms. Memory: 1748992K Free: 439973K (25%)
----------------- Invoking toplevel() on ptolemy.moml.MoMLSimpleApplication@6fb8ada0
----------------- Done invoking toplevel() on ptolemy.moml.MoMLSimpleApplication@6fb8ada0
reloadAllAccessors: .matrixType5

===========================================================================================
----------------- testing Mon Jun 18 13:34:30 UTC 2018 /home/travis/build/icyphy/ptII/ptolemy/actor/lib/test/auto/matrixType6.xml
----------------- Instantiating /home/travis/build/icyphy/ptII/ptolemy/actor/lib/test/auto/matrixType6.xml
1 ms. Memory: 1748992K Free: 423579K (24%)
----------------- Invoking toplevel() on ptolemy.moml.MoMLSimpleApplication@431de58d
----------------- Done invoking toplevel() on ptolemy.moml.MoMLSimpleApplication@431de58d
reloadAllAccessors: .matrixType6

===========================================================================================
----------------- testing Mon Jun 18 13:34:30 UTC 2018 /home/travis/build/icyphy/ptII/ptolemy/actor/lib/test/auto/matrixType7.xml
----------------- Instantiating /home/travis/build/icyphy/ptII/ptolemy/actor/lib/test/auto/matrixType7.xml
1 ms. Memory: 1748992K Free: 402891K (23%)
----------------- Invoking toplevel() on ptolemy.moml.MoMLSimpleApplication@4baba5c7
----------------- Done invoking toplevel() on ptolemy.moml.MoMLSimpleApplication@4baba5c7
reloadAllAccessors: .matrixType7

===========================================================================================
----------------- testing Mon Jun 18 13:34:30 UTC 2018 /home/travis/build/icyphy/ptII/ptolemy/actor/lib/test/auto/matrixType8.xml
----------------- Instantiating /home/travis/build/icyphy/ptII/ptolemy/actor/lib/test/auto/matrixType8.xml
1 ms. Memory: 1748992K Free: 386497K (22%)
----------------- Invoking toplevel() on ptolemy.moml.MoMLSimpleApplication@af5e4ad
----------------- Done invoking toplevel() on ptolemy.moml.MoMLSimpleApplication@af5e4ad
reloadAllAccessors: .matrixType8

===========================================================================================
----------------- testing Mon Jun 18 13:34:30 UTC 2018 /home/travis/build/icyphy/ptII/ptolemy/actor/lib/test/auto/matrixType9.xml
----------------- Instantiating /home/travis/build/icyphy/ptII/ptolemy/actor/lib/test/auto/matrixType9.xml
1 ms. Memory: 1748992K Free: 365809K (21%)
----------------- Invoking toplevel() on ptolemy.moml.MoMLSimpleApplication@5df0002f
----------------- Done invoking toplevel() on ptolemy.moml.MoMLSimpleApplication@5df0002f
reloadAllAccessors: .matrixType9

===========================================================================================
----------------- testing Mon Jun 18 13:34:30 UTC 2018 /home/travis/build/icyphy/ptII/ptolemy/actor/lib/test/auto/paraFunctest.xml
----------------- Instantiating /home/travis/build/icyphy/ptII/ptolemy/actor/lib/test/auto/paraFunctest.xml
1 ms. Memory: 1748992K Free: 345121K (20%)
----------------- Invoking toplevel() on ptolemy.moml.MoMLSimpleApplication@5786e549
----------------- Done invoking toplevel() on ptolemy.moml.MoMLSimpleApplication@5786e549
reloadAllAccessors: .paraFunctest

===========================================================================================
----------------- testing Mon Jun 18 13:34:30 UTC 2018 /home/travis/build/icyphy/ptII/ptolemy/actor/lib/test/auto/paraFunctest2.xml
----------------- Instantiating /home/travis/build/icyphy/ptII/ptolemy/actor/lib/test/auto/paraFunctest2.xml
1 ms. Memory: 1748992K Free: 328727K (19%)
----------------- Invoking toplevel() on ptolemy.moml.MoMLSimpleApplication@25ca6e82
----------------- Done invoking toplevel() on ptolemy.moml.MoMLSimpleApplication@25ca6e82
reloadAllAccessors: .paraFunctest2

===========================================================================================
----------------- testing Mon Jun 18 13:34:30 UTC 2018 /home/travis/build/icyphy/ptII/ptolemy/actor/lib/test/auto/parameterPassing.xml
----------------- Instantiating /home/travis/build/icyphy/ptII/ptolemy/actor/lib/test/auto/parameterPassing.xml
1 ms. Memory: 1748992K Free: 308039K (18%)
----------------- Invoking toplevel() on ptolemy.moml.MoMLSimpleApplication@4b842283
----------------- Done invoking toplevel() on ptolemy.moml.MoMLSimpleApplication@4b842283
reloadAllAccessors: .parameterPassing

===========================================================================================
----------------- testing Mon Jun 18 13:34:30 UTC 2018 /home/travis/build/icyphy/ptII/ptolemy/actor/lib/test/auto/record.xml
----------------- Instantiating /home/travis/build/icyphy/ptII/ptolemy/actor/lib/test/auto/record.xml
2 ms. Memory: 1748992K Free: 291645K (17%)
----------------- Invoking toplevel() on ptolemy.moml.MoMLSimpleApplication@3a35f5b7
----------------- Done invoking toplevel() on ptolemy.moml.MoMLSimpleApplication@3a35f5b7
reloadAllAccessors: .record

===========================================================================================
----------------- testing Mon Jun 18 13:34:30 UTC 2018 /home/travis/build/icyphy/ptII/ptolemy/actor/lib/test/auto/sizedarray1.xml
----------------- Instantiating /home/travis/build/icyphy/ptII/ptolemy/actor/lib/test/auto/sizedarray1.xml
1 ms. Memory: 1748992K Free: 270958K (15%)
----------------- Invoking toplevel() on ptolemy.moml.MoMLSimpleApplication@71838042
----------------- Done invoking toplevel() on ptolemy.moml.MoMLSimpleApplication@71838042
reloadAllAccessors: .sizedarray1

===========================================================================================
----------------- testing Mon Jun 18 13:34:31 UTC 2018 /home/travis/build/icyphy/ptII/ptolemy/actor/lib/test/auto/sizedarray2.xml
----------------- Instantiating /home/travis/build/icyphy/ptII/ptolemy/actor/lib/test/auto/sizedarray2.xml
3 ms. Memory: 1748992K Free: 250270K (14%)
----------------- Invoking toplevel() on ptolemy.moml.MoMLSimpleApplication@183cca68
----------------- Done invoking toplevel() on ptolemy.moml.MoMLSimpleApplication@183cca68
reloadAllAccessors: .sizedarray2

===========================================================================================
----------------- testing Mon Jun 18 13:34:31 UTC 2018 /home/travis/build/icyphy/ptII/ptolemy/actor/lib/test/auto/twoPublishers.xml
----------------- Instantiating /home/travis/build/icyphy/ptII/ptolemy/actor/lib/test/auto/twoPublishers.xml
5 ms. Memory: 1748992K Free: 225671K (13%)
----------------- Invoking toplevel() on ptolemy.moml.MoMLSimpleApplication@1e3f5d55
----------------- Done invoking toplevel() on ptolemy.moml.MoMLSimpleApplication@1e3f5d55
reloadAllAccessors: .twoPublishers
AutoTests.java: About to close Vertx.
AutoTests.java: Vertx closed.
]]></system-out>
  <system-err><![CDATA[java.lang.RuntimeException: Execution failed
	at ptolemy.moml.MoMLSimpleApplication$UnloadThread.run(MoMLSimpleApplication.java:402)
Caused by: java.lang.RuntimeException: Normally, we would exit here because Manager.exitAfterWrapup() was called.  However, because the ptolemy.ptII.exitAfterWrapup property is set, we throw this exception instead.
	at ptolemy.util.StringUtilities.exit(StringUtilities.java:363)
	at ptolemy.actor.Manager.wrapup(Manager.java:1531)
	at ptolemy.actor.Manager.execute(Manager.java:407)
	at ptolemy.actor.Manager.run(Manager.java:1263)
	at ptolemy.actor.Manager$PtolemyRunThread.run(Manager.java:1915)
Warning: '.top.test' is in training mode, set the trainingMode parameter to false before checking in
Warning: '.top.test' is in training mode, set the trainingMode parameter to false before checking in
Warning: '.top.test' is in training mode, set the trainingMode parameter to false before checking in
Warning: '.BooleanSwitch_RegressionTest_WrongTrainingValues.Test' is in training mode, set the trainingMode parameter to false before checking in
Warning: '.BooleanSwitch_RegressionTest_WrongTrainingValues.Test2' is in training mode, set the trainingMode parameter to false before checking in
Warning: '.BooleanSwitch_RegressionTest_WrongTrainingValues.Test2' The test produced 0 tokens.
Warning: '.top.testExceptionHandler' is in training mode, set the trainingMode parameter to false before checking in
java.lang.RuntimeException: Execution failed
	at ptolemy.moml.MoMLSimpleApplication$UnloadThread.run(MoMLSimpleApplication.java:402)
Caused by: ptolemy.kernel.util.IllegalActionException: PublisherPorts cannot be used at the top level, use a Publisher actor instead.
  in .PublisherPortToplevelSubscriber.PublisherPort
	at ptolemy.actor.PublisherPort.preinitialize(PublisherPort.java:403)
	at ptolemy.actor.CompositeActor.preinitialize(CompositeActor.java:1769)
	at ptolemy.actor.Manager.preinitializeAndResolveTypes(Manager.java:1040)
	at ptolemy.actor.Manager.initialize(Manager.java:710)
	at ptolemy.actor.Manager.execute(Manager.java:356)
	at ptolemy.actor.Manager.run(Manager.java:1263)
	at ptolemy.actor.Manager$PtolemyRunThread.run(Manager.java:1915)
java.lang.reflect.InvocationTargetException
	at sun.reflect.NativeConstructorAccessorImpl.newInstance0(Native Method)
	at sun.reflect.NativeConstructorAccessorImpl.newInstance(NativeConstructorAccessorImpl.java:62)
	at sun.reflect.DelegatingConstructorAccessorImpl.newInstance(DelegatingConstructorAccessorImpl.java:45)
	at java.lang.reflect.Constructor.newInstance(Constructor.java:423)
	at ptolemy.util.test.junit.AutoKnownFailedTests.RunModel(AutoKnownFailedTests.java:107)
	at sun.reflect.NativeMethodAccessorImpl.invoke0(Native Method)
	at sun.reflect.NativeMethodAccessorImpl.invoke(NativeMethodAccessorImpl.java:62)
	at sun.reflect.DelegatingMethodAccessorImpl.invoke(DelegatingMethodAccessorImpl.java:43)
	at java.lang.reflect.Method.invoke(Method.java:498)
	at org.junit.runners.model.FrameworkMethod$1.runReflectiveCall(FrameworkMethod.java:44)
	at org.junit.internal.runners.model.ReflectiveCallable.run(ReflectiveCallable.java:15)
	at org.junit.runners.model.FrameworkMethod.invokeExplosively(FrameworkMethod.java:41)
	at junitparams.internal.InvokeParameterisedMethod.evaluate(InvokeParameterisedMethod.java:102)
	at org.junit.internal.runners.statements.FailOnTimeout$1.run(FailOnTimeout.java:28)
Caused by: ptolemy.kernel.util.IllegalActionException: PublisherPorts cannot be used at the top level, use a Publisher actor instead.
  in .PublisherPortToplevelSubscriber.PublisherPort
	at ptolemy.actor.PublisherPort.preinitialize(PublisherPort.java:403)
	at ptolemy.actor.CompositeActor.preinitialize(CompositeActor.java:1769)
	at ptolemy.actor.Manager.preinitializeAndResolveTypes(Manager.java:1040)
	at ptolemy.actor.Manager.initialize(Manager.java:710)
	at ptolemy.actor.Manager.execute(Manager.java:356)
	at ptolemy.actor.Manager.run(Manager.java:1263)
	at ptolemy.actor.Manager$PtolemyRunThread.run(Manager.java:1915)
java.lang.RuntimeException: Execution failed
	at ptolemy.moml.MoMLSimpleApplication$UnloadThread.run(MoMLSimpleApplication.java:402)
Caused by: ptolemy.kernel.util.IllegalActionException: SubscriberPorts cannot be used at the top level, use a Subscriber actor instead.
  in .PublisherSubscriberPortToplevel.SubscriberPort
	at ptolemy.actor.SubscriberPort.preinitialize(SubscriberPort.java:328)
	at ptolemy.actor.CompositeActor.preinitialize(CompositeActor.java:1769)
	at ptolemy.actor.Manager.preinitializeAndResolveTypes(Manager.java:1040)
	at ptolemy.actor.Manager.initialize(Manager.java:710)
	at ptolemy.actor.Manager.execute(Manager.java:356)
	at ptolemy.actor.Manager.run(Manager.java:1263)
	at ptolemy.actor.Manager$PtolemyRunThread.run(Manager.java:1915)
java.lang.reflect.InvocationTargetException
	at sun.reflect.NativeConstructorAccessorImpl.newInstance0(Native Method)
	at sun.reflect.NativeConstructorAccessorImpl.newInstance(NativeConstructorAccessorImpl.java:62)
	at sun.reflect.DelegatingConstructorAccessorImpl.newInstance(DelegatingConstructorAccessorImpl.java:45)
	at java.lang.reflect.Constructor.newInstance(Constructor.java:423)
	at ptolemy.util.test.junit.AutoKnownFailedTests.RunModel(AutoKnownFailedTests.java:107)
	at sun.reflect.NativeMethodAccessorImpl.invoke0(Native Method)
	at sun.reflect.NativeMethodAccessorImpl.invoke(NativeMethodAccessorImpl.java:62)
	at sun.reflect.DelegatingMethodAccessorImpl.invoke(DelegatingMethodAccessorImpl.java:43)
	at java.lang.reflect.Method.invoke(Method.java:498)
	at org.junit.runners.model.FrameworkMethod$1.runReflectiveCall(FrameworkMethod.java:44)
	at org.junit.internal.runners.model.ReflectiveCallable.run(ReflectiveCallable.java:15)
	at org.junit.runners.model.FrameworkMethod.invokeExplosively(FrameworkMethod.java:41)
	at junitparams.internal.InvokeParameterisedMethod.evaluate(InvokeParameterisedMethod.java:102)
	at org.junit.internal.runners.statements.FailOnTimeout$1.run(FailOnTimeout.java:28)
Caused by: ptolemy.kernel.util.IllegalActionException: SubscriberPorts cannot be used at the top level, use a Subscriber actor instead.
  in .PublisherSubscriberPortToplevel.SubscriberPort
	at ptolemy.actor.SubscriberPort.preinitialize(SubscriberPort.java:328)
	at ptolemy.actor.CompositeActor.preinitialize(CompositeActor.java:1769)
	at ptolemy.actor.Manager.preinitializeAndResolveTypes(Manager.java:1040)
	at ptolemy.actor.Manager.initialize(Manager.java:710)
	at ptolemy.actor.Manager.execute(Manager.java:356)
	at ptolemy.actor.Manager.run(Manager.java:1263)
	at ptolemy.actor.Manager$PtolemyRunThread.run(Manager.java:1915)
java.lang.RuntimeException: Execution failed
	at ptolemy.moml.MoMLSimpleApplication$UnloadThread.run(MoMLSimpleApplication.java:402)
Caused by: ptolemy.kernel.util.IllegalActionException: SubscriptionAggregatorPorts cannot be used at the top level, use a SubscriptionAggregator actor instead.
  in .PublisherSubscriptionAggregatorPort.SubscriptionAggregatorPort
	at ptolemy.actor.SubscriptionAggregatorPort.preinitialize(SubscriptionAggregatorPort.java:353)
	at ptolemy.actor.CompositeActor.preinitialize(CompositeActor.java:1769)
	at ptolemy.actor.Manager.preinitializeAndResolveTypes(Manager.java:1040)
	at ptolemy.actor.Manager.initialize(Manager.java:710)
	at ptolemy.actor.Manager.execute(Manager.java:356)
	at ptolemy.actor.Manager.run(Manager.java:1263)
	at ptolemy.actor.Manager$PtolemyRunThread.run(Manager.java:1915)
java.lang.reflect.InvocationTargetException
	at sun.reflect.NativeConstructorAccessorImpl.newInstance0(Native Method)
	at sun.reflect.NativeConstructorAccessorImpl.newInstance(NativeConstructorAccessorImpl.java:62)
	at sun.reflect.DelegatingConstructorAccessorImpl.newInstance(DelegatingConstructorAccessorImpl.java:45)
	at java.lang.reflect.Constructor.newInstance(Constructor.java:423)
	at ptolemy.util.test.junit.AutoKnownFailedTests.RunModel(AutoKnownFailedTests.java:107)
	at sun.reflect.NativeMethodAccessorImpl.invoke0(Native Method)
	at sun.reflect.NativeMethodAccessorImpl.invoke(NativeMethodAccessorImpl.java:62)
	at sun.reflect.DelegatingMethodAccessorImpl.invoke(DelegatingMethodAccessorImpl.java:43)
	at java.lang.reflect.Method.invoke(Method.java:498)
	at org.junit.runners.model.FrameworkMethod$1.runReflectiveCall(FrameworkMethod.java:44)
	at org.junit.internal.runners.model.ReflectiveCallable.run(ReflectiveCallable.java:15)
	at org.junit.runners.model.FrameworkMethod.invokeExplosively(FrameworkMethod.java:41)
	at junitparams.internal.InvokeParameterisedMethod.evaluate(InvokeParameterisedMethod.java:102)
	at org.junit.internal.runners.statements.FailOnTimeout$1.run(FailOnTimeout.java:28)
Caused by: ptolemy.kernel.util.IllegalActionException: SubscriptionAggregatorPorts cannot be used at the top level, use a SubscriptionAggregator actor instead.
  in .PublisherSubscriptionAggregatorPort.SubscriptionAggregatorPort
	at ptolemy.actor.SubscriptionAggregatorPort.preinitialize(SubscriptionAggregatorPort.java:353)
	at ptolemy.actor.CompositeActor.preinitialize(CompositeActor.java:1769)
	at ptolemy.actor.Manager.preinitializeAndResolveTypes(Manager.java:1040)
	at ptolemy.actor.Manager.initialize(Manager.java:710)
	at ptolemy.actor.Manager.execute(Manager.java:356)
	at ptolemy.actor.Manager.run(Manager.java:1263)
	at ptolemy.actor.Manager$PtolemyRunThread.run(Manager.java:1915)
java.lang.RuntimeException: Execution failed
	at ptolemy.moml.MoMLSimpleApplication$UnloadThread.run(MoMLSimpleApplication.java:402)
Caused by: ptolemy.kernel.util.IllegalActionException: TypeTest actor has no training data.
  in .sizedarray3.TypeTest
	at ptolemy.actor.lib.TypeTest.initialize(TypeTest.java:250)
	at ptolemy.actor.Director.initialize(Director.java:938)
	at ptolemy.actor.Director.initialize(Director.java:907)
	at ptolemy.actor.sched.StaticSchedulingDirector.initialize(StaticSchedulingDirector.java:159)
	at ptolemy.domains.sdf.kernel.SDFDirector.initialize(SDFDirector.java:544)
	at ptolemy.actor.CompositeActor.initialize(CompositeActor.java:935)
	at ptolemy.actor.Manager.initialize(Manager.java:724)
	at ptolemy.actor.Manager.execute(Manager.java:356)
	at ptolemy.actor.Manager.run(Manager.java:1263)
	at ptolemy.actor.Manager$PtolemyRunThread.run(Manager.java:1915)
java.lang.reflect.InvocationTargetException
	at sun.reflect.NativeConstructorAccessorImpl.newInstance0(Native Method)
	at sun.reflect.NativeConstructorAccessorImpl.newInstance(NativeConstructorAccessorImpl.java:62)
	at sun.reflect.DelegatingConstructorAccessorImpl.newInstance(DelegatingConstructorAccessorImpl.java:45)
	at java.lang.reflect.Constructor.newInstance(Constructor.java:423)
	at ptolemy.util.test.junit.AutoKnownFailedTests.RunModel(AutoKnownFailedTests.java:107)
	at sun.reflect.NativeMethodAccessorImpl.invoke0(Native Method)
	at sun.reflect.NativeMethodAccessorImpl.invoke(NativeMethodAccessorImpl.java:62)
	at sun.reflect.DelegatingMethodAccessorImpl.invoke(DelegatingMethodAccessorImpl.java:43)
	at java.lang.reflect.Method.invoke(Method.java:498)
	at org.junit.runners.model.FrameworkMethod$1.runReflectiveCall(FrameworkMethod.java:44)
	at org.junit.internal.runners.model.ReflectiveCallable.run(ReflectiveCallable.java:15)
	at org.junit.runners.model.FrameworkMethod.invokeExplosively(FrameworkMethod.java:41)
	at junitparams.internal.InvokeParameterisedMethod.evaluate(InvokeParameterisedMethod.java:102)
	at org.junit.internal.runners.statements.FailOnTimeout$1.run(FailOnTimeout.java:28)
Caused by: ptolemy.kernel.util.IllegalActionException: TypeTest actor has no training data.
  in .sizedarray3.TypeTest
	at ptolemy.actor.lib.TypeTest.initialize(TypeTest.java:250)
	at ptolemy.actor.Director.initialize(Director.java:938)
	at ptolemy.actor.Director.initialize(Director.java:907)
	at ptolemy.actor.sched.StaticSchedulingDirector.initialize(StaticSchedulingDirector.java:159)
	at ptolemy.domains.sdf.kernel.SDFDirector.initialize(SDFDirector.java:544)
	at ptolemy.actor.CompositeActor.initialize(CompositeActor.java:935)
	at ptolemy.actor.Manager.initialize(Manager.java:724)
	at ptolemy.actor.Manager.execute(Manager.java:356)
	at ptolemy.actor.Manager.run(Manager.java:1263)
	at ptolemy.actor.Manager$PtolemyRunThread.run(Manager.java:1915)
]]></system-err>
</testsuite>
