<?xml version="1.0" encoding="UTF-8" ?>
<testsuite errors="0" failures="1" hostname="travis-job-daa200e0-90d9-4ad6-b21f-c9380bf5d85a" name="ptolemy.actor.lib.test.junit.JUnitTclTest" skipped="0" tests="517" time="65.53" timestamp="2019-08-05T05:23:46">
  <properties>
    <property name="npm.executable" value="npm" />
    <property name="env.TRAVIS_ROOT" value="/" />
    <property name="ptII.mk.exists" value="true" />
    <property name="env.TRAVIS_APP_HOST" value="build.travis-ci.org" />
    <property name="env.rvm_bin_path" value="/home/travis/.rvm/bin" />
    <property name="java.home" value="/usr/local/lib/jvm/openjdk11" />
    <property name="env.TRAVIS_JOB_NUMBER" value="1284.8" />
    <property name="env.TRAVIS_HOME" value="/home/travis" />
    <property name="env.DISPLAY" value=":99.0" />
    <property name="env.TRAVIS_INIT" value="systemd" />
    <property name="env.SSH_TTY" value="/dev/pts/0" />
    <property name="java.net.preferIPv4Stack" value="true" />
    <property name="env.RUN_TESTS" value="true" />
    <property name="timeout.short" value="1000000" />
    <property name="junit.formatter" value="xml" />
    <property name="env.TRAVIS_SUDO" value="true" />
    <property name="env.TRAVIS_JOB_NAME" value="" />
    <property name="env.TRAVIS_STACK_NODE_ATTRIBUTES" value="/.node-attributes.yml" />
    <property name="env.LOGNAME" value="travis" />
    <property name="env.PT_TRAVIS_TEST_CORE1_XML" value="true" />
    <property name="jsdoc.home" value="node_modules/@terraswarm/jsdoc" />
    <property name="debuglevel" value="source,lines,vars" />
    <property name="checkstyle.formatter" value="xml" />
    <property name="env._system_version" value="16.04" />
    <property name="bin.vergil.makeable" value="true" />
    <property name="sun.os.patch.level" value="unknown" />
    <property name="java.vendor.url" value="http://java.oracle.com/" />
    <property name="env.TRAVIS_BUILD_WEB_URL" value="https://travis-ci.org/icyphy/ptII/builds/567714032" />
    <property name="java.version" value="11.0.2" />
    <property name="env.TZ" value="UTC" />
    <property name="env.TRAVIS_PULL_REQUEST_SHA" value="" />
    <property name="env.PT_NO_NET" value="true" />
    <property name="env.TRAVIS_SECURE_ENV_VARS" value="true" />
    <property name="env._system_type" value="Linux" />
    <property name="java.vendor.url.bug" value="http://bugreport.java.com/bugreport/" />
    <property name="npmjs-org-is-up" value="true" />
    <property name="env.LANGUAGE" value="en_US.UTF-8" />
    <property name="env.SSH_CLIENT" value="10.24.13.10 52694 22" />
    <property name="env.GEM_HOME" value="/home/travis/.rvm/gems/ruby-2.5.3" />
    <property name="env.HAS_ANTARES_THREE_LITTLE_FRONZIES_BADGE" value="true" />
    <property name="java.version.date" value="2019-01-15" />
    <property name="env.PS4" value="+" />
    <property name="ant.project.invoked-targets" value="build,test.core1.xml" />
    <property name="env.TRAVIS_PULL_REQUEST_BRANCH" value="" />
    <property name="env.TRAVIS_REPO_SLUG" value="icyphy/ptII" />
    <property name="env.XDG_DATA_DIRS" value="/usr/local/share:/usr/share:/var/lib/snapd/desktop" />
    <property name="jdk.debug" value="release" />
    <property name="env.TRAVIS_APT_PROXY" value="http://apt.cache.travis-ci.com" />
    <property name="node.in.path" value="true" />
    <property name="user.name" value="travis" />
    <property name="java.maxmemory" value="1400m" />
    <property name="env.RUBY_VERSION" value="ruby-2.5.3" />
    <property name="env.LANG" value="en_US.UTF-8" />
    <property name="sun.io.unicode.encoding" value="UnicodeLittle" />
    <property name="sun.jnu.encoding" value="UTF-8" />
    <property name="java.runtime.name" value="OpenJDK Runtime Environment" />
    <property name="usefile" value="false" />
    <property name="return.code" value="0" />
    <property name="junit.single.formatter" value="plain" />
    <property name="env.DYLD_LIBRARY_PATH" value="/home/travis/pthla/certi-tools/lib:" />
    <property name="env.DEBIAN_FRONTEND" value="noninteractive" />
    <property name="env.SSH_CONNECTION" value="10.24.13.10 52694 10.20.1.32 22" />
    <property name="env.MYSQL_UNIX_PORT" value="/var/run/mysqld/mysqld.sock" />
    <property name="env.LC_ALL" value="en_US.UTF-8" />
    <property name="env.TRAVIS_ALLOW_FAILURE" value="false" />
    <property name="env.TRAVIS_JOB_WEB_URL" value="https://travis-ci.org/icyphy/ptII/jobs/567714040" />
    <property name="java.specification.name" value="Java Platform API Specification" />
    <property name="node.works" value="true" />
    <property name="user.timezone" value="" />
    <property name="path.separator" value=":" />
    <property name="env.TRAVIS_ENABLE_INFRA_DETECTION" value="true" />
    <property name="env.PYTHON_CFLAGS" value="-g -fstack-protector --param=ssp-buffer-size=4 -Wformat -Werror=format-security" />
    <property name="timeout.long" value="4000000" />
    <property name="env.CERTI_HOME" value="/home/travis/pthla/certi-tools" />
    <property name="ant.file.ptII" value="/home/travis/build/icyphy/ptII/build.xml" />
    <property name="javadoc.packagenames" value="com.*,diva.*,lbnl.*,org.hlacerti.*,org.json.*,org.ptolemy.*,org.terraswarm.*,ptolemy.*,ptserver.*" />
    <property name="file.encoding" value="UTF-8" />
    <property name="env.TRAVIS_PULL_REQUEST_SLUG" value="" />
    <property name="ant.project.default-target" value="build" />
    <property name="env.GIT_ASKPASS" value="echo" />
    <property name="env.HOME" value="/home/travis" />
    <property name="sun.java.command" value="org.apache.tools.ant.taskdefs.optional.junit.JUnitTestRunner ptolemy.actor.lib.test.junit.JUnitTclTest skipNonTests=false filtertrace=true haltOnError=false haltOnFailure=false formatter=org.apache.tools.ant.taskdefs.optional.junit.OutErrSummaryJUnitResultFormatter showoutput=true outputtoformatters=true logfailedtests=true threadid=0 logtestlistenerevents=false formatter=org.apache.tools.ant.taskdefs.optional.junit.XMLJUnitResultFormatter,/home/travis/build/icyphy/ptII/reports/junit/TEST-ptolemy.actor.lib.test.junit.JUnitTclTest.xml crashfile=/home/travis/build/icyphy/ptII/junitvmwatcher4800900311363848846.properties propsfile=/home/travis/build/icyphy/ptII/junit10396335559134589884.properties" />
    <property name="env.COMPOSER_NO_INTERACTION" value="1" />
    <property name="env.MANPATH" value="/home/travis/.nvm/versions/node/v7.10.1/share/man:/home/travis/.rvm/rubies/ruby-2.5.3/share/man:/usr/local/cmake-3.12.4/man:/usr/local/clang-7.0.0/share/man:/usr/local/man:/usr/local/share/man:/usr/share/man:/home/travis/.rvm/man" />
    <property name="env.TRAVIS_TIMER_ID" value="01b53a00" />
    <property name="ant.file" value="/home/travis/build/icyphy/ptII/build.xml" />
    <property name="env.TRAVIS_COMMIT_RANGE" value="f90fc116f3c191cf38742c93057916094b308488...f637425c0fc2f420d6c7cb603b54246cc0b8a6f6" />
    <property name="env._system_name" value="Ubuntu" />
    <property name="ptII.classpath.optional.property" value="/home/travis/build/icyphy/ptII/lib/bsh-2.0b4.jar:/home/travis/build/icyphy/ptII/lib/ptCal.jar:/home/travis/build/icyphy/ptII/lib/java_cup.jar:/home/travis/build/icyphy/ptII/lib/saxon8.jar:/home/travis/build/icyphy/ptII/lib/saxon8-dom.jar:/home/travis/build/icyphy/ptII/lib/chic.jar:/home/travis/build/icyphy/ptII/lib/ptcolt.jar:/home/travis/build/icyphy/ptII/vendors/misc/itext/iText.jar:/home/travis/build/icyphy/ptII/lib/g4ltl.jar:/home/travis/build/icyphy/ptII/lib/StructuralCoder.jar:/home/travis/build/icyphy/ptII/lib/jcerti.jar:/home/travis/build/icyphy/ptII/lib/javax.mail.jar:/home/travis/build/icyphy/ptII/vendors/JMF-2.1.1e/lib/jmf.jar:/home/travis/build/icyphy/ptII/lib/jna-4.0.0-variadic.jar:/home/travis/build/icyphy/ptII/vendors/misc/joystick/Joystick.jar:/home/travis/build/icyphy/ptII/lib/ptjacl.jar:/home/travis/build/icyphy/ptII/lib/jsoup-1.8.2.jar:/home/travis/build/icyphy/ptII/lib/junit-4.8.2.jar:/home/travis/build/icyphy/ptII/lib/JUnitParams-0.4.0.jar:/home/travis/build/icyphy/ptII/ptolemy/actor/lib/excel/jxl.jar:/home/travis/build/icyphy/ptII/lib/jython.jar:/home/travis/build/icyphy/ptII/lib/kieler.jar:/home/travis/build/icyphy/ptII/vendors/opencv/share/OpenCV/java/opencv-341.jar:/home/travis/build/icyphy/ptII/lib/oscP5.jar:/home/travis/build/icyphy/ptII/lib/nrjavaserial-3.11.0.devel.jar:/home/travis/build/icyphy/ptII/vendors/j3d/lib/Linux/j3dcore.jar:/home/travis/build/icyphy/ptII/vendors/j3d/lib/Linux/j3dutils.jar:/home/travis/build/icyphy/ptII/vendors/j3d/lib/Linux/vecmath.jar:/home/travis/build/icyphy/ptII/vendors/jogl/lib/Linux/gluegen-rt-natives-linux-amd64.jar:/home/travis/build/icyphy/ptII/vendors/jogl/lib/Linux/gluegen-rt.jar:/home/travis/build/icyphy/ptII/vendors/jogl/lib/Linux/jogl-all-natives-linux-amd64.jar:/home/travis/build/icyphy/ptII/vendors/jogl/lib/Linux/jogl-all.jar:/home/travis/build/icyphy/ptII/ptolemy/distributed/jini/jar/jini-core.jar:/home/travis/build/icyphy/ptII/ptolemy/distributed/jini/jar/jini-ext.jar:/home/travis/build/icyphy/ptII/ptolemy/distributed/jini/jar/sun-util.jar:/home/travis/build/icyphy/ptII/lib/protobuf-java-2.4.1.jar:/home/travis/build/icyphy/ptII/lib/org.eclipse.paho.client.mqttv3.jar:/home/travis/build/icyphy/ptII/lib/mapss.jar:/home/travis/build/icyphy/ptII/ptolemy/actor/ptalon/antlr/antlr.jar:/home/travis/build/icyphy/ptII/lib/JRI.jar:/home/travis/build/icyphy/ptII/lib/commons-lang-2.6.jar:/home/travis/build/icyphy/ptII/lib/commons-logging-1.1.1.jar:/home/travis/build/icyphy/ptII/lib/sootclasses.jar:/home/travis/build/icyphy/ptII/ptolemy/actor/lib/database/mysql-connector-java-5.1.6-bin.jar:/home/travis/build/icyphy/ptII/vendors/misc/sphinx4/sphinx4-data-5prealpha.jar:/home/travis/build/icyphy/ptII/vendors/misc/sphinx4/sphinx4-core-5prealpha.jar:/home/travis/build/icyphy/ptII/lib/PDFRenderer.jar:/home/travis/build/icyphy/ptII/lib/svgSalamander.jar:/home/travis/build/icyphy/ptII/lib/rsyntaxtextarea-2.6.0-SNAPSHOT.jar:/home/travis/build/icyphy/ptII/lib/hazelcast-3.8.2.jar:/home/travis/build/icyphy/ptII/lib/jackson-annotations-2.9.0.jar:/home/travis/build/icyphy/ptII/lib/jackson-core-2.9.3.jar:/home/travis/build/icyphy/ptII/lib/jackson-databind-2.9.3.jar:/home/travis/build/icyphy/ptII/lib/netty-buffer-4.1.19.Final.jar:/home/travis/build/icyphy/ptII/lib/netty-codec-4.1.19.Final.jar:/home/travis/build/icyphy/ptII/lib/netty-codec-dns-4.1.19.Final.jar:/home/travis/build/icyphy/ptII/lib/netty-codec-http-4.1.19.Final.jar:/home/travis/build/icyphy/ptII/lib/netty-codec-http2-4.1.19.Final.jar:/home/travis/build/icyphy/ptII/lib/netty-common-4.1.19.Final.jar:/home/travis/build/icyphy/ptII/lib/netty-handler-4.1.19.Final.jar:/home/travis/build/icyphy/ptII/lib/netty-resolver-4.1.19.Final.jar:/home/travis/build/icyphy/ptII/lib/netty-resolver-dns-4.1.19.Final.jar:/home/travis/build/icyphy/ptII/lib/netty-transport-4.1.19.Final.jar:/home/travis/build/icyphy/ptII/lib/vertx-codegen-3.5.1.jar:/home/travis/build/icyphy/ptII/lib/vertx-core-3.5.2-SNAPSHOT.jar:/home/travis/build/icyphy/ptII/lib/vertx-hazelcast-3.5.1.jar:/home/travis/build/icyphy/ptII/lib/vertx-lang-js-3.5.1.jar:/home/travis/build/icyphy/ptII/lib/vertx-service-proxy-3.5.1.jar:/home/travis/build/icyphy/ptII/lib/vertx-web-3.5.1.jar:/home/travis/build/icyphy/ptII/lib/slf4j-api-1.7.13.jar:/home/travis/build/icyphy/ptII/lib/slf4j-simple-1.7.13.jar:/home/travis/build/icyphy/ptII/lib/webcam-capture-0.3.12.jar:/home/travis/build/icyphy/ptII/lib/bridj-0.7.0.jar:/home/travis/build/icyphy/ptII/lib/xbjlib-1.1.0.nrjavaserial.jar" />
    <property name="timeout" value="2400000" />
    <property name="test.batch" value="**/junit/*.java" />
    <property name="env._" value="/usr/bin/timeout" />
    <property name="java.io.tmpdir" value="/tmp" />
    <property name="user.language" value="en" />
    <property name="env.TRAVIS_INTERNAL_RUBY_REGEX" value="^ruby-(2\.[0-4]\.[0-9]|1\.9\.3)" />
    <property name="env.HISTCONTROL" value="ignoredups:ignorespace" />
    <property name="env.GOROOT" value="/home/travis/.gimme/versions/go1.11.1.linux.amd64" />
    <property name="line.separator" value="&#xa;" />
    <property name="target" value="11" />
    <property name="env.TRAVIS_BUILD_DIR" value="/home/travis/build/icyphy/ptII" />
    <property name="env.ANT_OPTS" value="-Xmx2048m" />
    <property name="ant.file.type" value="file" />
    <property name="ptolemy.ptII.batchMode" value="true" />
    <property name="env.HISTSIZE" value="1000" />
    <property name="env.MERB_ENV" value="test" />
    <property name="java.vm.info" value="mixed mode" />
    <property name="source" value="11" />
    <property name="java.vm.specification.name" value="Java Virtual Machine Specification" />
    <property name="env.TRAVIS_TEST_RESULT" value="0" />
    <property name="jsdoc.command" value="node_modules/@terraswarm/jsdoc/jsdoc.js" />
    <property name="npm.works" value="true" />
    <property name="cobertura.dir" value="/home/travis/build/icyphy/ptII/vendors/cobertura-2.0.3" />
    <property name="jsdoc.command.exists" value="true" />
    <property name="env.rvm_path" value="/home/travis/.rvm" />
    <property name="env.GEM_PATH" value="/home/travis/.rvm/gems/ruby-2.5.3:/home/travis/.rvm/gems/ruby-2.5.3@global" />
    <property name="env.LC_CTYPE" value="en_US.UTF-8" />
    <property name="env.TRAVIS_CMD" value="$PTII/bin/ptIITravisBuild.sh $SECONDS" />
    <property name="java.awt.printerjob" value="sun.print.PSPrinterJob" />
    <property name="env.TRAVIS_STACK_NAME" value="sardonyx" />
    <property name="env.TRAVIS_TIMER_START_TIME" value="1564981889523718272" />
    <property name="ant.version" value="Apache Ant(TM) version 1.10.1 compiled on February 2 2017" />
    <property name="ptII.reports" value="/home/travis/build/icyphy/ptII/reports" />
    <property name="env.TRAVIS_STACK_TIMESTAMP" value="2019-03-25 16:16:56 UTC" />
    <property name="ant.file.type.ptII" value="file" />
    <property name="env.RBENV_SHELL" value="bash" />
    <property name="os.name" value="Linux" />
    <property name="java.specification.vendor" value="Oracle Corporation" />
    <property name="env.rvm_version" value="1.29.7 (latest)" />
    <property name="env.TRAVIS_INFRA" value="gce" />
    <property name="env.TERM" value="xterm" />
    <property name="java.vm.name" value="OpenJDK 64-Bit Server VM" />
    <property name="env.TRAVIS_BUILD_NUMBER" value="1284" />
    <property name="env.CI" value="true" />
    <property name="java.library.path" value="/home/travis/pthla/certi-tools/lib:/usr/lib/jni:/usr/local/share/OpenCV/java/:/usr/share/OpenCV/java::/usr/java/packages/lib:/usr/lib64:/lib64:/lib:/usr/lib" />
    <property name="jdk.module.path" value="/home/travis/build/icyphy/ptII/vendors/javafx/javafx-sdk-11.0.2/lib:" />
    <property name="env.rvm_prefix" value="/home/travis" />
    <property name="env.PATH" value="/home/travis/pthla/certi-tools/share/scripts:/home/travis/.rvm/gems/ruby-2.5.3/bin:/home/travis/.rvm/gems/ruby-2.5.3@global/bin:/home/travis/.rvm/rubies/ruby-2.5.3/bin:/home/travis/.rvm/bin:/home/travis/.nvm/versions/node/v7.10.1/bin:./node_modules/.bin:/home/travis/build/icyphy/ptII/bin:/home/travis/pthla/certi-tools/bin:/home/travis/bin:/home/travis/.local/bin:/usr/local/lib/jvm/openjdk11/bin:/opt/pyenv/shims:/home/travis/.phpenv/shims:/home/travis/perl5/perlbrew/bin:/home/travis/gopath/bin:/home/travis/.gimme/versions/go1.11.1.linux.amd64/bin:/usr/local/maven-3.6.0/bin:/usr/local/cmake-3.12.4/bin:/usr/local/clang-7.0.0/bin:/usr/local/sbin:/usr/local/bin:/usr/sbin:/usr/bin:/sbin:/bin:/snap/bin:/home/travis/.phpenv/bin:/opt/pyenv/bin:/home/travis/.yarn/bin" />
    <property name="env.TRAVIS_OS_NAME" value="linux" />
    <property name="ant.java.version" value="9" />
    <property name="basedir" value="/home/travis/build/icyphy/ptII" />
    <property name="java.class.version" value="55.0" />
    <property name="env.SHLVL" value="3" />
    <property name="env.LD_LIBRARY_PATH" value="/home/travis/pthla/certi-tools/lib:/usr/lib/jni:/usr/local/share/OpenCV/java/:/usr/share/OpenCV/java:" />
    <property name="env.RACK_ENV" value="test" />
    <property name="ant.home" value="/home/travis/build/icyphy/ptII/ant" />
    <property name="env.NVM_DIR" value="/home/travis/.nvm" />
    <property name="env.CERTI_FOM_PATH" value="/home/travis/pthla/certi-tools/share/federations" />
    <property name="env.TRAVIS_BUILD_ID" value="567714032" />
    <property name="env.PYENV_ROOT" value="/opt/pyenv" />
    <property name="env.TRAVIS_UID" value="2000" />
    <property name="prism.verbose" value="true" />
    <property name="env.NVM_BIN" value="/home/travis/.nvm/versions/node/v7.10.1/bin" />
    <property name="env.TRAVIS_COMMIT" value="f637425c0fc2f420d6c7cb603b54246cc0b8a6f6" />
    <property name="env._system_arch" value="x86_64" />
    <property name="node.executable" value="node" />
    <property name="sun.boot.library.path" value="/usr/local/lib/jvm/openjdk11/lib" />
    <property name="sun.management.compiler" value="HotSpot 64-Bit Tiered Compilers" />
    <property name="java.awt.graphicsenv" value="sun.awt.X11GraphicsEnvironment" />
    <property name="env.GOPATH" value="/home/travis/gopath" />
    <property name="ptolemy.ptII.dir" value="/home/travis/build/icyphy/ptII" />
    <property name="env.USER" value="travis" />
    <property name="env.HISTFILESIZE" value="2000" />
    <property name="timeout.longest" value="19000000" />
    <property name="env.PERLBREW_SHELLRC_VERSION" value="0.86" />
    <property name="env.TRAVIS_STACK_FEATURES" value="basic couchdb disabled-ipv6 docker docker-compose elasticsearch firefox go-toolchain google-chrome jdk memcached mongodb mysql nodejs_interpreter perl_interpreter perlbrew phantomjs postgresql python_interpreter redis ruby_interpreter sqlite xserver" />
    <property name="env.TRAVIS_PULL_REQUEST" value="false" />
    <property name="env.PYENV_SHELL" value="bash" />
    <property name="ant.project.name" value="ptII" />
    <property name="env.ANSI_RESET" value="\033[0m" />
    <property name="java.vm.specification.version" value="11" />
    <property name="env.TRAVIS_DIST" value="xenial" />
    <property name="env.CERTI_VERSION" value="4.0.0" />
    <property name="env.CERTI_HOST" value="localhost" />
    <property name="awt.toolkit" value="sun.awt.X11.XToolkit" />
    <property name="env.MY_RUBY_HOME" value="/home/travis/.rvm/rubies/ruby-2.5.3" />
    <property name="sun.cpu.isalist" value="" />
    <property name="env.TRAVIS_TMPDIR" value="/tmp/tmp.mnw8iyj1mf" />
    <property name="java.vm.compressedOopsMode" value="Zero based" />
    <property name="os.version" value="4.15.0-1028-gcp" />
    <property name="user.home" value="/home/travis" />
    <property name="java.vm.vendor" value="Oracle Corporation" />
    <property name="env.TRAVIS_TAG" value="nightly" />
    <property name="env.ANSI_YELLOW" value="\033[33;1m" />
    <property name="env.TRAVIS_FILTERED" value="redirect_io" />
    <property name="env.ANSI_GREEN" value="\033[32;1m" />
    <property name="env.JAVA_HOME" value="/usr/local/lib/jvm/openjdk11" />
    <property name="javadoc.excludepackagenames" value="adm.cvs2svn.*,build.*,config.*,doc.coding.templates.*,jni.test.jni.meaningOfLife.*,jni.test.jni.testDeux.*,jni.test.jni.testTrois.*,org.terraswarm.accessor.accessors.web.node_modules.*,org.terraswarm.accessor.accessors.web.hosts.cordova.demo.*,org.terraswarm.accessor.accessors.web.hosts.cordova.plugins.*,org.terraswarm.accessor.accessors-svn.*,pt-modules.*,ptolemy.apps.agilent.*,ptolemy.apps.anytimecontrol.*,ptolemy.apps.apes.*,ptolemy.apps.charon.*,ptolemy.apps.crazyboard.*,ptolemy.apps.eclipse.*,ptolemy.apps.etherealSting.*,ptolemy.apps.fullscreen.*,ptolemy.apps.giotto.*,ptolemy.apps.ia.*,ptolemy.apps.interfaces.*,ptolemy.apps.jmf.*,ptolemy.apps.kurt.*,ptolemy.apps.kvm.*,ptolemy.apps.lego.*,ptolemy.apps.lejos.*,ptolemy.apps.midp.*,ptolemy.apps.mobileCoding.*,ptolemy.apps.pendulum.*,ptolemy.apps.rijndael.*,ptolemy.apps.robot.*,ptolemy.apps.security.*,ptolemy.apps.sobel.*,ptolemy.apps.soot.*,ptolemy.apps.throttle.*,ptolemy.apps.tini.*,ptolemy.apps.transmission.*,ptolemy.apps.vergil.*,ptolemy.apps.waba.*,ptolemy.apps.websensor.*,ptolemy.apps.webstart.*,ptolemy.apps.xsl.*,ptolemy.apps.zaurus.*,ptolemy.codegen.c.actor.lib.oldJavaFiles.*,ptolemy.codegen.dsp.lib.*,ptolemy.codegen.kernel.newInterfaces.*,ptolemy.codegen.lib.*,ptolemy.copernicus.kernel.fragment.*,ptolemy.copernicus.shallow.cg.*,ptolemy.domains.giotto.demo.Hierarchy.Hierarchy.*,ptolemy.domains.giotto.demo.Multimode.Multimode.*,ptolemy.domains.giotto.demo.Simple.Simple.*,ptolemy.domains.gr.lib.experimental.*,ptolemy.domains.gro.*,ptolemy.domains.pdf.*,ptolemy.domains.ptinyos.demo.Surge.output.*,ptolemy.moml.test.NoPackageActor.java*,ptolemy.plot.adm.*,ptolemy.plot.servlet.*,reports.*,signed.*,src.*,target.*,vendors.*,ptolemy.copernicus.applet.*,ptolemy.media.viewer.*,ptolemy.actor.corba.*,doc.doclets.*,ptolemy.apps.eclipse.awt.*,ptolemy.backtrack.*,ptolemy.backtrack.ast.*,ptolemy.cg.adapter.generic.program.procedural.c.mbed*,ptolemy.homer.*,ptolemy.actor.lib.jai.*,org.ptolemy.scala.*,diva.util.java2d.svg.*,ptolemy.domains.ptinyos.*,ptolemy.actor.lib.fmi.fmipp.*,,org.terraswarm.accessor.accessors.web.node_modules.*,org.terraswarm.accessor.accessors-svn,ptolemy.apps.*,ptolemy.actor.ptalon.demo.ptinyos.SendAndReceiveCnt.output,ptolemy.actor.ptalon.demo.ptinyos.SenseToLeds.output,ptolemy.domains.ptinyos.demo.CntToLedsAndRfm.output,ptolemy.domains.ptinyos.demo.RfmToLeds.output,ptolemy.domains.ptinyos.demo.SendAndReceiveCnt.output,ptolemy.domains.ptinyos.demo.SenseToLeds.output,ptolemy.actor.lib.jjs.modules.udpSocket.*" />
    <property name="env.PTII" value="/home/travis/build/icyphy/ptII" />
    <property name="env.XDG_SESSION_ID" value="2" />
    <property name="keystore" value="ptKeystore" />
    <property name="env.TRAVIS_COMMIT_MESSAGE" value="Added makefiles for demos." />
    <property name="junit.output.dir" value="/home/travis/build/icyphy/ptII/reports/junit" />
    <property name="npm.return.code" value="0" />
    <property name="user.dir" value="/home/travis/build/icyphy/ptII/ptolemy/actor/lib/test" />
    <property name="env.TRAVIS_NODE_VERSION" value="7" />
    <property name="env.TRAVIS_EVENT_TYPE" value="cron" />
    <property name="env.MAIL" value="/var/mail/travis" />
    <property name="env.PERLBREW_ROOT" value="/home/travis/perl5/perlbrew" />
    <property name="env.PWD" value="/home/travis/build/icyphy/ptII" />
    <property name="timeout.npm" value="45000" />
    <property name="env.TRAVIS_ARCH" value="amd64" />
    <property name="sun.cpu.endian" value="little" />
    <property name="env.PAGER" value="cat" />
    <property name="env.TRAVIS_BUILD_STAGE_NAME" value="Test" />
    <property name="env.PERLBREW_HOME" value="/home/travis/.perlbrew" />
    <property name="java.vm.version" value="11.0.2+9" />
    <property name="env.RAILS_ENV" value="test" />
    <property name="java.class.path" value="/home/travis/.ptolemyII:/home/travis/.ptolemyII/*:/home/travis/build/icyphy/ptII:/home/travis/build/icyphy/ptII/lib/bsh-2.0b4.jar:/home/travis/build/icyphy/ptII/lib/ptCal.jar:/home/travis/build/icyphy/ptII/lib/java_cup.jar:/home/travis/build/icyphy/ptII/lib/saxon8.jar:/home/travis/build/icyphy/ptII/lib/saxon8-dom.jar:/home/travis/build/icyphy/ptII/lib/chic.jar:/home/travis/build/icyphy/ptII/lib/ptcolt.jar:/home/travis/build/icyphy/ptII/vendors/misc/itext/iText.jar:/home/travis/build/icyphy/ptII/lib/g4ltl.jar:/home/travis/build/icyphy/ptII/lib/StructuralCoder.jar:/home/travis/build/icyphy/ptII/lib/jcerti.jar:/home/travis/build/icyphy/ptII/lib/javax.mail.jar:/home/travis/build/icyphy/ptII/vendors/JMF-2.1.1e/lib/jmf.jar:/home/travis/build/icyphy/ptII/lib/jna-4.0.0-variadic.jar:/home/travis/build/icyphy/ptII/vendors/misc/joystick/Joystick.jar:/home/travis/build/icyphy/ptII/lib/ptjacl.jar:/home/travis/build/icyphy/ptII/lib/jsoup-1.8.2.jar:/home/travis/build/icyphy/ptII/lib/junit-4.8.2.jar:/home/travis/build/icyphy/ptII/lib/JUnitParams-0.4.0.jar:/home/travis/build/icyphy/ptII/ptolemy/actor/lib/excel/jxl.jar:/home/travis/build/icyphy/ptII/lib/jython.jar:/home/travis/build/icyphy/ptII/lib/kieler.jar:/home/travis/build/icyphy/ptII/vendors/opencv/share/OpenCV/java/opencv-341.jar:/home/travis/build/icyphy/ptII/lib/oscP5.jar:/home/travis/build/icyphy/ptII/lib/nrjavaserial-3.11.0.devel.jar:/home/travis/build/icyphy/ptII/vendors/j3d/lib/Linux/j3dcore.jar:/home/travis/build/icyphy/ptII/vendors/j3d/lib/Linux/j3dutils.jar:/home/travis/build/icyphy/ptII/vendors/j3d/lib/Linux/vecmath.jar:/home/travis/build/icyphy/ptII/vendors/jogl/lib/Linux/gluegen-rt-natives-linux-amd64.jar:/home/travis/build/icyphy/ptII/vendors/jogl/lib/Linux/gluegen-rt.jar:/home/travis/build/icyphy/ptII/vendors/jogl/lib/Linux/jogl-all-natives-linux-amd64.jar:/home/travis/build/icyphy/ptII/vendors/jogl/lib/Linux/jogl-all.jar:/home/travis/build/icyphy/ptII/ptolemy/distributed/jini/jar/jini-core.jar:/home/travis/build/icyphy/ptII/ptolemy/distributed/jini/jar/jini-ext.jar:/home/travis/build/icyphy/ptII/ptolemy/distributed/jini/jar/sun-util.jar:/home/travis/build/icyphy/ptII/lib/protobuf-java-2.4.1.jar:/home/travis/build/icyphy/ptII/lib/org.eclipse.paho.client.mqttv3.jar:/home/travis/build/icyphy/ptII/lib/mapss.jar:/home/travis/build/icyphy/ptII/ptolemy/actor/ptalon/antlr/antlr.jar:/home/travis/build/icyphy/ptII/lib/JRI.jar:/home/travis/build/icyphy/ptII/lib/commons-lang-2.6.jar:/home/travis/build/icyphy/ptII/lib/commons-logging-1.1.1.jar:/home/travis/build/icyphy/ptII/lib/sootclasses.jar:/home/travis/build/icyphy/ptII/ptolemy/actor/lib/database/mysql-connector-java-5.1.6-bin.jar:/home/travis/build/icyphy/ptII/vendors/misc/sphinx4/sphinx4-data-5prealpha.jar:/home/travis/build/icyphy/ptII/vendors/misc/sphinx4/sphinx4-core-5prealpha.jar:/home/travis/build/icyphy/ptII/lib/PDFRenderer.jar:/home/travis/build/icyphy/ptII/lib/svgSalamander.jar:/home/travis/build/icyphy/ptII/lib/rsyntaxtextarea-2.6.0-SNAPSHOT.jar:/home/travis/build/icyphy/ptII/lib/hazelcast-3.8.2.jar:/home/travis/build/icyphy/ptII/lib/jackson-annotations-2.9.0.jar:/home/travis/build/icyphy/ptII/lib/jackson-core-2.9.3.jar:/home/travis/build/icyphy/ptII/lib/jackson-databind-2.9.3.jar:/home/travis/build/icyphy/ptII/lib/netty-buffer-4.1.19.Final.jar:/home/travis/build/icyphy/ptII/lib/netty-codec-4.1.19.Final.jar:/home/travis/build/icyphy/ptII/lib/netty-codec-dns-4.1.19.Final.jar:/home/travis/build/icyphy/ptII/lib/netty-codec-http-4.1.19.Final.jar:/home/travis/build/icyphy/ptII/lib/netty-codec-http2-4.1.19.Final.jar:/home/travis/build/icyphy/ptII/lib/netty-common-4.1.19.Final.jar:/home/travis/build/icyphy/ptII/lib/netty-handler-4.1.19.Final.jar:/home/travis/build/icyphy/ptII/lib/netty-resolver-4.1.19.Final.jar:/home/travis/build/icyphy/ptII/lib/netty-resolver-dns-4.1.19.Final.jar:/home/travis/build/icyphy/ptII/lib/netty-transport-4.1.19.Final.jar:/home/travis/build/icyphy/ptII/lib/vertx-codegen-3.5.1.jar:/home/travis/build/icyphy/ptII/lib/vertx-core-3.5.2-SNAPSHOT.jar:/home/travis/build/icyphy/ptII/lib/vertx-hazelcast-3.5.1.jar:/home/travis/build/icyphy/ptII/lib/vertx-lang-js-3.5.1.jar:/home/travis/build/icyphy/ptII/lib/vertx-service-proxy-3.5.1.jar:/home/travis/build/icyphy/ptII/lib/vertx-web-3.5.1.jar:/home/travis/build/icyphy/ptII/lib/slf4j-api-1.7.13.jar:/home/travis/build/icyphy/ptII/lib/slf4j-simple-1.7.13.jar:/home/travis/build/icyphy/ptII/lib/webcam-capture-0.3.12.jar:/home/travis/build/icyphy/ptII/lib/bridj-0.7.0.jar:/home/travis/build/icyphy/ptII/lib/xbjlib-1.1.0.nrjavaserial.jar:/home/travis/build/icyphy/ptII/ptolemy/moml/test:/home/travis/build/icyphy/ptII/ant/lib/ant-launcher.jar:/home/travis/build/icyphy/ptII/ant/lib/ant.jar:/home/travis/build/icyphy/ptII/ant/lib/ant-junit.jar:/home/travis/build/icyphy/ptII/ant/lib/ant-junit4.jar" />
    <property name="ant.library.dir" value="/home/travis/build/icyphy/ptII/ant/lib" />
    <property name="os.arch" value="amd64" />
    <property name="env.CONTINUOUS_INTEGRATION" value="true" />
    <property name="env.TRAVIS_LANGUAGE" value="node_js" />
    <property name="env.TRAVIS_STACK_LANGUAGES" value="__sardonyx__ c c++ clojure cplusplus cpp default generic go groovy java node_js php pure_java python ruby scala" />
    <property name="test.name" value="ptolemy.actor.lib.test.junit.JUnitTclTest" />
    <property name="env.APT_KEY_DONT_WARN_ON_DANGEROUS_USAGE" value="1" />
    <property name="sun.java.launcher" value="SUN_STANDARD" />
    <property name="env.PYTHON_CONFIGURE_OPTS" value="--enable-unicode=ucs4 --with-wide-unicode --enable-shared --enable-ipv6 --enable-loadable-sqlite-extensions --with-computed-gotos" />
    <property name="ant.core.lib" value="/home/travis/build/icyphy/ptII/ant/lib/ant.jar" />
    <property name="java.vm.specification.vendor" value="Oracle Corporation" />
    <property name="env.BCVTB_HOME" value="/home/travis/build/icyphy/ptII/lbnl" />
    <property name="file.separator" value="/" />
    <property name="spotbugs.home" value="/home/travis/build/icyphy/ptII/vendors/spotbugs-3.1.1" />
    <property name="java.runtime.version" value="11.0.2+9" />
    <property name="env.ANSI_CLEAR" value="\033[0K" />
    <property name="javafx.verbose" value="true" />
    <property name="env.HAS_JOSH_K_SEAL_OF_APPROVAL" value="true" />
    <property name="env.XDG_RUNTIME_DIR" value="/run/user/2000" />
    <property name="env.TRAVIS_OSX_IMAGE" value="" />
    <property name="env.TRAVIS_JOB_ID" value="567714040" />
    <property name="env.TRAVIS_BRANCH" value="master" />
    <property name="user.country" value="US" />
    <property name="env.CERTI_HOME_TRAVIS" value="/home/travis/pthla/certi-tools" />
    <property name="env.SHELL" value="/bin/bash" />
    <property name="java.maxmemory.large" value="3200m" />
    <property name="model" value="" />
    <property name="env.CASHER_DIR" value="/home/travis/.casher" />
    <property name="env.NVM_CD_FLAGS" value="" />
    <property name="java.vendor.version" value="18.9" />
    <property name="jshint.executable" value="/home/travis/node_modules/jshint/bin/jshint" />
    <property name="env.JRUBY_OPTS" value=" --client -J-XX:+TieredCompilation -J-XX:TieredStopAtLevel=1 -J-Xss2m -Xcompile.invokedynamic=false" />
    <property name="java.vendor" value="Oracle Corporation" />
    <property name="env.TRAVIS_PRE_CHEF_BOOTSTRAP_TIME" value="2019-03-25T16:16:42" />
    <property name="env.TRAVIS_STACK_JOB_BOARD_REGISTER" value="/.job-board-register.yml" />
    <property name="env.ANSI_RED" value="\033[31;1m" />
    <property name="java.specification.version" value="11" />
    <property name="env.IRBRC" value="/home/travis/.rvm/rubies/ruby-2.5.3/.irbrc" />
    <property name="env.TRAVIS" value="true" />
    <property name="sun.arch.data.model" value="64" />
  </properties>
  <testcase classname="ptolemy.util.test.junit.TclTests" name="[0] /home/travis/build/icyphy/ptII/ptolemy/actor/lib/test/AbsoluteValue.tcl (RunTclFile)" time="0.611" />
  <testcase classname="ptolemy.util.test.junit.TclTests" name="[1] /home/travis/build/icyphy/ptII/ptolemy/actor/lib/test/AddSubtract.tcl (RunTclFile)" time="0.136" />
  <testcase classname="ptolemy.util.test.junit.TclTests" name="[2] /home/travis/build/icyphy/ptII/ptolemy/actor/lib/test/Average.tcl (RunTclFile)" time="0.037" />
  <testcase classname="ptolemy.util.test.junit.TclTests" name="[3] /home/travis/build/icyphy/ptII/ptolemy/actor/lib/test/Bernoulli.tcl (RunTclFile)" time="0.035" />
  <testcase classname="ptolemy.util.test.junit.TclTests" name="[4] /home/travis/build/icyphy/ptII/ptolemy/actor/lib/test/Clock.tcl (RunTclFile)" time="0.131" />
  <testcase classname="ptolemy.util.test.junit.TclTests" name="[5] /home/travis/build/icyphy/ptII/ptolemy/actor/lib/test/Commutator.tcl (RunTclFile)" time="0.213" />
  <testcase classname="ptolemy.util.test.junit.TclTests" name="[6] /home/travis/build/icyphy/ptII/ptolemy/actor/lib/test/Const.tcl (RunTclFile)" time="0.124" />
  <testcase classname="ptolemy.util.test.junit.TclTests" name="[7] /home/travis/build/icyphy/ptII/ptolemy/actor/lib/test/CurrentTime.tcl (RunTclFile)" time="0.021" />
  <testcase classname="ptolemy.util.test.junit.TclTests" name="[8] /home/travis/build/icyphy/ptII/ptolemy/actor/lib/test/DB.tcl (RunTclFile)" time="0.067" />
  <testcase classname="ptolemy.util.test.junit.TclTests" name="[9] /home/travis/build/icyphy/ptII/ptolemy/actor/lib/test/DiscreteRandomSource.tcl (RunTclFile)" time="0.05" />
  <testcase classname="ptolemy.util.test.junit.TclTests" name="[10] /home/travis/build/icyphy/ptII/ptolemy/actor/lib/test/Distributor.tcl (RunTclFile)" time="0.037" />
  <testcase classname="ptolemy.util.test.junit.TclTests" name="[11] /home/travis/build/icyphy/ptII/ptolemy/actor/lib/test/Exit.tcl (RunTclFile)" time="0.109" />
  <testcase classname="ptolemy.util.test.junit.TclTests" name="[12] /home/travis/build/icyphy/ptII/ptolemy/actor/lib/test/Expression.tcl (RunTclFile)" time="0.167" />
  <testcase classname="ptolemy.util.test.junit.TclTests" name="[13] /home/travis/build/icyphy/ptII/ptolemy/actor/lib/test/Gaussian.tcl (RunTclFile)" time="0.603" />
  <testcase classname="ptolemy.util.test.junit.TclTests" name="[14] /home/travis/build/icyphy/ptII/ptolemy/actor/lib/test/IIR.tcl (RunTclFile)" time="0.023" />
  <testcase classname="ptolemy.util.test.junit.TclTests" name="[15] /home/travis/build/icyphy/ptII/ptolemy/actor/lib/test/Interpolator.tcl (RunTclFile)" time="0.068" />
  <testcase classname="ptolemy.util.test.junit.TclTests" name="[16] /home/travis/build/icyphy/ptII/ptolemy/actor/lib/test/MathFunction.tcl (RunTclFile)" time="0.052" />
  <testcase classname="ptolemy.util.test.junit.TclTests" name="[17] /home/travis/build/icyphy/ptII/ptolemy/actor/lib/test/Maximum.tcl (RunTclFile)" time="0.04" />
  <testcase classname="ptolemy.util.test.junit.TclTests" name="[18] /home/travis/build/icyphy/ptII/ptolemy/actor/lib/test/Minimum.tcl (RunTclFile)" time="0.045" />
  <testcase classname="ptolemy.util.test.junit.TclTests" name="[19] /home/travis/build/icyphy/ptII/ptolemy/actor/lib/test/MultiplyDivide.tcl (RunTclFile)" time="0.055" />
  <testcase classname="ptolemy.util.test.junit.TclTests" name="[20] /home/travis/build/icyphy/ptII/ptolemy/actor/lib/test/OrderedMerge.tcl (RunTclFile)" time="0.139" />
  <testcase classname="ptolemy.util.test.junit.TclTests" name="[21] /home/travis/build/icyphy/ptII/ptolemy/actor/lib/test/Publisher.tcl (RunTclFile)" time="1.015" />
  <testcase classname="ptolemy.util.test.junit.TclTests" name="[22] /home/travis/build/icyphy/ptII/ptolemy/actor/lib/test/Pulse.tcl (RunTclFile)" time="0.041" />
  <testcase classname="ptolemy.util.test.junit.TclTests" name="[23] /home/travis/build/icyphy/ptII/ptolemy/actor/lib/test/Ramp.tcl (RunTclFile)" time="2.218" />
  <testcase classname="ptolemy.util.test.junit.TclTests" name="[24] /home/travis/build/icyphy/ptII/ptolemy/actor/lib/test/RampContinuous.tcl (RunTclFile)" time="0.028" />
  <testcase classname="ptolemy.util.test.junit.TclTests" name="[25] /home/travis/build/icyphy/ptII/ptolemy/actor/lib/test/RecordAssembler.tcl (RunTclFile)" time="0.024" />
  <testcase classname="ptolemy.util.test.junit.TclTests" name="[26] /home/travis/build/icyphy/ptII/ptolemy/actor/lib/test/RecordDisassembler.tcl (RunTclFile)" time="0.044" />
  <testcase classname="ptolemy.util.test.junit.TclTests" name="[27] /home/travis/build/icyphy/ptII/ptolemy/actor/lib/test/Scale.tcl (RunTclFile)" time="0.045" />
  <testcase classname="ptolemy.util.test.junit.TclTests" name="[28] /home/travis/build/icyphy/ptII/ptolemy/actor/lib/test/SequentialClock.tcl (RunTclFile)" time="0.031" />
  <testcase classname="ptolemy.util.test.junit.TclTests" name="[29] /home/travis/build/icyphy/ptII/ptolemy/actor/lib/test/SetVariable.tcl (RunTclFile)" time="0.036">
    <failure message="Number of failed tests is has increased. expected:&lt;0&gt; but was:&lt;1&gt;" type="junit.framework.AssertionFailedError">junit.framework.AssertionFailedError: Number of failed tests is has increased. expected:&lt;0&gt; but was:&lt;1&gt;
	at ptolemy.util.test.junit.TclTests.RunTclFile(TclTests.java:286)
	at jdk.internal.reflect.GeneratedMethodAccessor19.invoke(Unknown Source)
	at java.base/jdk.internal.reflect.DelegatingMethodAccessorImpl.invoke(DelegatingMethodAccessorImpl.java:43)
	at junitparams.internal.InvokeParameterisedMethod.evaluate(InvokeParameterisedMethod.java:102)
	at junitparams.internal.ParameterisedTestMethodRunner.runMethodInvoker(ParameterisedTestMethodRunner.java:47)
	at junitparams.internal.ParameterisedTestMethodRunner.runTestMethod(ParameterisedTestMethodRunner.java:41)
	at junitparams.internal.ParameterisedTestClassRunner.runParameterisedTest(ParameterisedTestClassRunner.java:143)
	at junitparams.JUnitParamsRunner.runChild(JUnitParamsRunner.java:237)
	at junitparams.JUnitParamsRunner.runChild(JUnitParamsRunner.java:215)
</failure>
  </testcase>
  <testcase classname="ptolemy.util.test.junit.TclTests" name="[30] /home/travis/build/icyphy/ptII/ptolemy/actor/lib/test/Sinewave.tcl (RunTclFile)" time="0.067" />
  <testcase classname="ptolemy.util.test.junit.TclTests" name="[31] /home/travis/build/icyphy/ptII/ptolemy/actor/lib/test/SubscriptionAggregator.tcl (RunTclFile)" time="2.298" />
  <testcase classname="ptolemy.util.test.junit.TclTests" name="[32] /home/travis/build/icyphy/ptII/ptolemy/actor/lib/test/Test.tcl (RunTclFile)" time="0.105" />
  <testcase classname="ptolemy.util.test.junit.TclTests" name="[33] /home/travis/build/icyphy/ptII/ptolemy/actor/lib/test/TestExceptionHandler.tcl (RunTclFile)" time="0.014" />
  <testcase classname="ptolemy.util.test.junit.TclTests" name="[34] /home/travis/build/icyphy/ptII/ptolemy/actor/lib/test/UnionDisassembler.tcl (RunTclFile)" time="0.087" />
  <testcase classname="ptolemy.util.test.junit.TclTests" name="[35] /home/travis/build/icyphy/ptII/ptolemy/actor/lib/test/VariableClock.tcl (RunTclFile)" time="0.032" />
  <testcase classname="ptolemy.util.test.junit.AutoKnownFailedTests" name="[0] /home/travis/build/icyphy/ptII/ptolemy/actor/lib/test/auto/knownFailedTests/PublisherPortToplevelSubscriber.xml (RunModel)" time="0.031" />
  <testcase classname="ptolemy.util.test.junit.AutoKnownFailedTests" name="[1] /home/travis/build/icyphy/ptII/ptolemy/actor/lib/test/auto/knownFailedTests/PublisherSubscriberPortToplevel.xml (RunModel)" time="0.02" />
  <testcase classname="ptolemy.util.test.junit.AutoKnownFailedTests" name="[2] /home/travis/build/icyphy/ptII/ptolemy/actor/lib/test/auto/knownFailedTests/PublisherSubscriptionAggregatorPort.xml (RunModel)" time="0.023" />
  <testcase classname="ptolemy.util.test.junit.AutoKnownFailedTests" name="[3] /home/travis/build/icyphy/ptII/ptolemy/actor/lib/test/auto/knownFailedTests/sizedarray3.xml (RunModel)" time="0.031" />
  <testcase classname="ptolemy.util.test.junit.AutoNameArchTests" name="[0] ThereAreNoAutoArchTests (RunModel)" time="0.004" />
  <testcase classname="ptolemy.util.test.junit.AutoTests" name="[0] /home/travis/build/icyphy/ptII/ptolemy/actor/lib/test/auto/AbsoluteValue.xml (RunModel)" time="0.1" />
  <testcase classname="ptolemy.util.test.junit.AutoTests" name="[1] /home/travis/build/icyphy/ptII/ptolemy/actor/lib/test/auto/AbsoluteValue2.xml (RunModel)" time="0.171" />
  <testcase classname="ptolemy.util.test.junit.AutoTests" name="[2] /home/travis/build/icyphy/ptII/ptolemy/actor/lib/test/auto/Accumulator.xml (RunModel)" time="0.068" />
  <testcase classname="ptolemy.util.test.junit.AutoTests" name="[3] /home/travis/build/icyphy/ptII/ptolemy/actor/lib/test/auto/Accumulator2.xml (RunModel)" time="0.034" />
  <testcase classname="ptolemy.util.test.junit.AutoTests" name="[4] /home/travis/build/icyphy/ptII/ptolemy/actor/lib/test/auto/Accumulator3.xml (RunModel)" time="0.02" />
  <testcase classname="ptolemy.util.test.junit.AutoTests" name="[5] /home/travis/build/icyphy/ptII/ptolemy/actor/lib/test/auto/ArrayAppend.xml (RunModel)" time="0.033" />
  <testcase classname="ptolemy.util.test.junit.AutoTests" name="[6] /home/travis/build/icyphy/ptII/ptolemy/actor/lib/test/auto/ArrayAppend2.xml (RunModel)" time="0.423" />
  <testcase classname="ptolemy.util.test.junit.AutoTests" name="[7] /home/travis/build/icyphy/ptII/ptolemy/actor/lib/test/auto/ArrayAppend3.xml (RunModel)" time="0.04" />
  <testcase classname="ptolemy.util.test.junit.AutoTests" name="[8] /home/travis/build/icyphy/ptII/ptolemy/actor/lib/test/auto/ArrayAppend4.xml (RunModel)" time="0.021" />
  <testcase classname="ptolemy.util.test.junit.AutoTests" name="[9] /home/travis/build/icyphy/ptII/ptolemy/actor/lib/test/auto/ArrayAppend5.xml (RunModel)" time="0.016" />
  <testcase classname="ptolemy.util.test.junit.AutoTests" name="[10] /home/travis/build/icyphy/ptII/ptolemy/actor/lib/test/auto/ArrayAppend6.xml (RunModel)" time="0.015" />
  <testcase classname="ptolemy.util.test.junit.AutoTests" name="[11] /home/travis/build/icyphy/ptII/ptolemy/actor/lib/test/auto/ArrayAppendPerformanceTest.xml (RunModel)" time="0.118" />
  <testcase classname="ptolemy.util.test.junit.AutoTests" name="[12] /home/travis/build/icyphy/ptII/ptolemy/actor/lib/test/auto/ArrayAppendWithEmptyInput.xml (RunModel)" time="0.062" />
  <testcase classname="ptolemy.util.test.junit.AutoTests" name="[13] /home/travis/build/icyphy/ptII/ptolemy/actor/lib/test/auto/ArrayAverage.xml (RunModel)" time="0.052" />
  <testcase classname="ptolemy.util.test.junit.AutoTests" name="[14] /home/travis/build/icyphy/ptII/ptolemy/actor/lib/test/auto/ArrayContains.xml (RunModel)" time="0.04" />
  <testcase classname="ptolemy.util.test.junit.AutoTests" name="[15] /home/travis/build/icyphy/ptII/ptolemy/actor/lib/test/auto/ArrayElement.xml (RunModel)" time="0.024" />
  <testcase classname="ptolemy.util.test.junit.AutoTests" name="[16] /home/travis/build/icyphy/ptII/ptolemy/actor/lib/test/auto/ArrayElementAsMatrix.xml (RunModel)" time="0.043" />
  <testcase classname="ptolemy.util.test.junit.AutoTests" name="[17] /home/travis/build/icyphy/ptII/ptolemy/actor/lib/test/auto/ArrayElementI.xml (RunModel)" time="0.018" />
  <testcase classname="ptolemy.util.test.junit.AutoTests" name="[18] /home/travis/build/icyphy/ptII/ptolemy/actor/lib/test/auto/ArrayExtract.xml (RunModel)" time="0.026" />
  <testcase classname="ptolemy.util.test.junit.AutoTests" name="[19] /home/travis/build/icyphy/ptII/ptolemy/actor/lib/test/auto/ArrayExtract2.xml (RunModel)" time="0.016" />
  <testcase classname="ptolemy.util.test.junit.AutoTests" name="[20] /home/travis/build/icyphy/ptII/ptolemy/actor/lib/test/auto/ArrayLength.xml (RunModel)" time="0.021" />
  <testcase classname="ptolemy.util.test.junit.AutoTests" name="[21] /home/travis/build/icyphy/ptII/ptolemy/actor/lib/test/auto/ArrayLevelCrossing.xml (RunModel)" time="0.03" />
  <testcase classname="ptolemy.util.test.junit.AutoTests" name="[22] /home/travis/build/icyphy/ptII/ptolemy/actor/lib/test/auto/ArrayLevelCrossing2.xml (RunModel)" time="0.023" />
  <testcase classname="ptolemy.util.test.junit.AutoTests" name="[23] /home/travis/build/icyphy/ptII/ptolemy/actor/lib/test/auto/ArrayPeakSearch.xml (RunModel)" time="0.032" />
  <testcase classname="ptolemy.util.test.junit.AutoTests" name="[24] /home/travis/build/icyphy/ptII/ptolemy/actor/lib/test/auto/ArrayPeakSearch2.xml (RunModel)" time="0.037" />
  <testcase classname="ptolemy.util.test.junit.AutoTests" name="[25] /home/travis/build/icyphy/ptII/ptolemy/actor/lib/test/auto/ArrayPeakSearch3.xml (RunModel)" time="0.03" />
  <testcase classname="ptolemy.util.test.junit.AutoTests" name="[26] /home/travis/build/icyphy/ptII/ptolemy/actor/lib/test/auto/ArrayRemoveElement.xml (RunModel)" time="0.027" />
  <testcase classname="ptolemy.util.test.junit.AutoTests" name="[27] /home/travis/build/icyphy/ptII/ptolemy/actor/lib/test/auto/ArraySort.xml (RunModel)" time="0.031" />
  <testcase classname="ptolemy.util.test.junit.AutoTests" name="[28] /home/travis/build/icyphy/ptII/ptolemy/actor/lib/test/auto/ArraySum.xml (RunModel)" time="0.021" />
  <testcase classname="ptolemy.util.test.junit.AutoTests" name="[29] /home/travis/build/icyphy/ptII/ptolemy/actor/lib/test/auto/ArrayToElements.xml (RunModel)" time="0.018" />
  <testcase classname="ptolemy.util.test.junit.AutoTests" name="[30] /home/travis/build/icyphy/ptII/ptolemy/actor/lib/test/auto/ArrayToMatrix.xml (RunModel)" time="0.051" />
  <testcase classname="ptolemy.util.test.junit.AutoTests" name="[31] /home/travis/build/icyphy/ptII/ptolemy/actor/lib/test/auto/ArrayUpdate1.xml (RunModel)" time="0.029" />
  <testcase classname="ptolemy.util.test.junit.AutoTests" name="[32] /home/travis/build/icyphy/ptII/ptolemy/actor/lib/test/auto/ArrayUpdate2.xml (RunModel)" time="0.024" />
  <testcase classname="ptolemy.util.test.junit.AutoTests" name="[33] /home/travis/build/icyphy/ptII/ptolemy/actor/lib/test/auto/ArrayUpdate3.xml (RunModel)" time="0.029" />
  <testcase classname="ptolemy.util.test.junit.AutoTests" name="[34] /home/travis/build/icyphy/ptII/ptolemy/actor/lib/test/auto/Assert1.xml (RunModel)" time="0.027" />
  <testcase classname="ptolemy.util.test.junit.AutoTests" name="[35] /home/travis/build/icyphy/ptII/ptolemy/actor/lib/test/auto/Assert2.xml (RunModel)" time="0.018" />
  <testcase classname="ptolemy.util.test.junit.AutoTests" name="[36] /home/travis/build/icyphy/ptII/ptolemy/actor/lib/test/auto/BooleanMultiplexor.xml (RunModel)" time="0.022" />
  <testcase classname="ptolemy.util.test.junit.AutoTests" name="[37] /home/travis/build/icyphy/ptII/ptolemy/actor/lib/test/auto/BooleanMultiplexor2.xml (RunModel)" time="0.04" />
  <testcase classname="ptolemy.util.test.junit.AutoTests" name="[38] /home/travis/build/icyphy/ptII/ptolemy/actor/lib/test/auto/BooleanMultiplexor3.xml (RunModel)" time="0.043" />
  <testcase classname="ptolemy.util.test.junit.AutoTests" name="[39] /home/travis/build/icyphy/ptII/ptolemy/actor/lib/test/auto/BooleanSelect.xml (RunModel)" time="0.027" />
  <testcase classname="ptolemy.util.test.junit.AutoTests" name="[40] /home/travis/build/icyphy/ptII/ptolemy/actor/lib/test/auto/BooleanSelect2.xml (RunModel)" time="0.018" />
  <testcase classname="ptolemy.util.test.junit.AutoTests" name="[41] /home/travis/build/icyphy/ptII/ptolemy/actor/lib/test/auto/BooleanSwitch.xml (RunModel)" time="0.027" />
  <testcase classname="ptolemy.util.test.junit.AutoTests" name="[42] /home/travis/build/icyphy/ptII/ptolemy/actor/lib/test/auto/BooleanSwitch2.xml (RunModel)" time="0.019" />
  <testcase classname="ptolemy.util.test.junit.AutoTests" name="[43] /home/travis/build/icyphy/ptII/ptolemy/actor/lib/test/auto/BooleanSwitchCloningBugWithClassRelationGroup.xml (RunModel)" time="0.037" />
  <testcase classname="ptolemy.util.test.junit.AutoTests" name="[44] /home/travis/build/icyphy/ptII/ptolemy/actor/lib/test/auto/BusActors.xml (RunModel)" time="0.044" />
  <testcase classname="ptolemy.util.test.junit.AutoTests" name="[45] /home/travis/build/icyphy/ptII/ptolemy/actor/lib/test/auto/ClassWrapper.xml (RunModel)" time="0.013" />
  <testcase classname="ptolemy.util.test.junit.AutoTests" name="[46] /home/travis/build/icyphy/ptII/ptolemy/actor/lib/test/auto/Clock.xml (RunModel)" time="0.011" />
  <testcase classname="ptolemy.util.test.junit.AutoTests" name="[47] /home/travis/build/icyphy/ptII/ptolemy/actor/lib/test/auto/Clock10.xml (RunModel)" time="0.02" />
  <testcase classname="ptolemy.util.test.junit.AutoTests" name="[48] /home/travis/build/icyphy/ptII/ptolemy/actor/lib/test/auto/Clock11.xml (RunModel)" time="0.024" />
  <testcase classname="ptolemy.util.test.junit.AutoTests" name="[49] /home/travis/build/icyphy/ptII/ptolemy/actor/lib/test/auto/Clock12.xml (RunModel)" time="0.025" />
  <testcase classname="ptolemy.util.test.junit.AutoTests" name="[50] /home/travis/build/icyphy/ptII/ptolemy/actor/lib/test/auto/Clock13.xml (RunModel)" time="0.023" />
  <testcase classname="ptolemy.util.test.junit.AutoTests" name="[51] /home/travis/build/icyphy/ptII/ptolemy/actor/lib/test/auto/Clock14.xml (RunModel)" time="0.023" />
  <testcase classname="ptolemy.util.test.junit.AutoTests" name="[52] /home/travis/build/icyphy/ptII/ptolemy/actor/lib/test/auto/Clock15.xml (RunModel)" time="0.018" />
  <testcase classname="ptolemy.util.test.junit.AutoTests" name="[53] /home/travis/build/icyphy/ptII/ptolemy/actor/lib/test/auto/Clock16.xml (RunModel)" time="0.132" />
  <testcase classname="ptolemy.util.test.junit.AutoTests" name="[54] /home/travis/build/icyphy/ptII/ptolemy/actor/lib/test/auto/Clock17.xml (RunModel)" time="0.085" />
  <testcase classname="ptolemy.util.test.junit.AutoTests" name="[55] /home/travis/build/icyphy/ptII/ptolemy/actor/lib/test/auto/Clock18.xml (RunModel)" time="0.066" />
  <testcase classname="ptolemy.util.test.junit.AutoTests" name="[56] /home/travis/build/icyphy/ptII/ptolemy/actor/lib/test/auto/Clock19.xml (RunModel)" time="0.055" />
  <testcase classname="ptolemy.util.test.junit.AutoTests" name="[57] /home/travis/build/icyphy/ptII/ptolemy/actor/lib/test/auto/Clock2.xml (RunModel)" time="0.017" />
  <testcase classname="ptolemy.util.test.junit.AutoTests" name="[58] /home/travis/build/icyphy/ptII/ptolemy/actor/lib/test/auto/Clock20.xml (RunModel)" time="0.029" />
  <testcase classname="ptolemy.util.test.junit.AutoTests" name="[59] /home/travis/build/icyphy/ptII/ptolemy/actor/lib/test/auto/Clock21.xml (RunModel)" time="0.019" />
  <testcase classname="ptolemy.util.test.junit.AutoTests" name="[60] /home/travis/build/icyphy/ptII/ptolemy/actor/lib/test/auto/Clock22.xml (RunModel)" time="0.02" />
  <testcase classname="ptolemy.util.test.junit.AutoTests" name="[61] /home/travis/build/icyphy/ptII/ptolemy/actor/lib/test/auto/Clock23.xml (RunModel)" time="0.022" />
  <testcase classname="ptolemy.util.test.junit.AutoTests" name="[62] /home/travis/build/icyphy/ptII/ptolemy/actor/lib/test/auto/Clock24.xml (RunModel)" time="0.022" />
  <testcase classname="ptolemy.util.test.junit.AutoTests" name="[63] /home/travis/build/icyphy/ptII/ptolemy/actor/lib/test/auto/Clock4.xml (RunModel)" time="0.024" />
  <testcase classname="ptolemy.util.test.junit.AutoTests" name="[64] /home/travis/build/icyphy/ptII/ptolemy/actor/lib/test/auto/Clock5.xml (RunModel)" time="0.016" />
  <testcase classname="ptolemy.util.test.junit.AutoTests" name="[65] /home/travis/build/icyphy/ptII/ptolemy/actor/lib/test/auto/Clock6.xml (RunModel)" time="0.011" />
  <testcase classname="ptolemy.util.test.junit.AutoTests" name="[66] /home/travis/build/icyphy/ptII/ptolemy/actor/lib/test/auto/Clock7.xml (RunModel)" time="0.013" />
  <testcase classname="ptolemy.util.test.junit.AutoTests" name="[67] /home/travis/build/icyphy/ptII/ptolemy/actor/lib/test/auto/Clock8.xml (RunModel)" time="0.027" />
  <testcase classname="ptolemy.util.test.junit.AutoTests" name="[68] /home/travis/build/icyphy/ptII/ptolemy/actor/lib/test/auto/Clock9.xml (RunModel)" time="0.023" />
  <testcase classname="ptolemy.util.test.junit.AutoTests" name="[69] /home/travis/build/icyphy/ptII/ptolemy/actor/lib/test/auto/CommDistDiscard.xml (RunModel)" time="0.031" />
  <testcase classname="ptolemy.util.test.junit.AutoTests" name="[70] /home/travis/build/icyphy/ptII/ptolemy/actor/lib/test/auto/Commutator.xml (RunModel)" time="0.016" />
  <testcase classname="ptolemy.util.test.junit.AutoTests" name="[71] /home/travis/build/icyphy/ptII/ptolemy/actor/lib/test/auto/Commutator2.xml (RunModel)" time="0.011" />
  <testcase classname="ptolemy.util.test.junit.AutoTests" name="[72] /home/travis/build/icyphy/ptII/ptolemy/actor/lib/test/auto/Commutator3.xml (RunModel)" time="0.014" />
  <testcase classname="ptolemy.util.test.junit.AutoTests" name="[73] /home/travis/build/icyphy/ptII/ptolemy/actor/lib/test/auto/Compare.xml (RunModel)" time="0.022" />
  <testcase classname="ptolemy.util.test.junit.AutoTests" name="[74] /home/travis/build/icyphy/ptII/ptolemy/actor/lib/test/auto/CompareDE.xml (RunModel)" time="0.022" />
  <testcase classname="ptolemy.util.test.junit.AutoTests" name="[75] /home/travis/build/icyphy/ptII/ptolemy/actor/lib/test/auto/ComplexDivide.xml (RunModel)" time="0.01" />
  <testcase classname="ptolemy.util.test.junit.AutoTests" name="[76] /home/travis/build/icyphy/ptII/ptolemy/actor/lib/test/auto/ComputeHistogram.xml (RunModel)" time="0.081" />
  <testcase classname="ptolemy.util.test.junit.AutoTests" name="[77] /home/travis/build/icyphy/ptII/ptolemy/actor/lib/test/auto/ConfigurationSelect.xml (RunModel)" time="0.021" />
  <testcase classname="ptolemy.util.test.junit.AutoTests" name="[78] /home/travis/build/icyphy/ptII/ptolemy/actor/lib/test/auto/ConfigurationSelect2.xml (RunModel)" time="0.017" />
  <testcase classname="ptolemy.util.test.junit.AutoTests" name="[79] /home/travis/build/icyphy/ptII/ptolemy/actor/lib/test/auto/ConfigurationSwitch.xml (RunModel)" time="0.023" />
  <testcase classname="ptolemy.util.test.junit.AutoTests" name="[80] /home/travis/build/icyphy/ptII/ptolemy/actor/lib/test/auto/ConfigurationSwitch2.xml (RunModel)" time="0.027" />
  <testcase classname="ptolemy.util.test.junit.AutoTests" name="[81] /home/travis/build/icyphy/ptII/ptolemy/actor/lib/test/auto/ConfigurationSwitchCloningBugWithClassRelationGroup.xml (RunModel)" time="0.022" />
  <testcase classname="ptolemy.util.test.junit.AutoTests" name="[82] /home/travis/build/icyphy/ptII/ptolemy/actor/lib/test/auto/ConfigurationSwitchSelectSDF.xml (RunModel)" time="0.019" />
  <testcase classname="ptolemy.util.test.junit.AutoTests" name="[83] /home/travis/build/icyphy/ptII/ptolemy/actor/lib/test/auto/ConfigurationSwitchSelectSDF2.xml (RunModel)" time="0.015" />
  <testcase classname="ptolemy.util.test.junit.AutoTests" name="[84] /home/travis/build/icyphy/ptII/ptolemy/actor/lib/test/auto/Const.xml (RunModel)" time="0.008" />
  <testcase classname="ptolemy.util.test.junit.AutoTests" name="[85] /home/travis/build/icyphy/ptII/ptolemy/actor/lib/test/auto/Const2.xml (RunModel)" time="0.012" />
  <testcase classname="ptolemy.util.test.junit.AutoTests" name="[86] /home/travis/build/icyphy/ptII/ptolemy/actor/lib/test/auto/Const3.xml (RunModel)" time="0.006" />
  <testcase classname="ptolemy.util.test.junit.AutoTests" name="[87] /home/travis/build/icyphy/ptII/ptolemy/actor/lib/test/auto/ConstantPublisherPort1.xml (RunModel)" time="0.028" />
  <testcase classname="ptolemy.util.test.junit.AutoTests" name="[88] /home/travis/build/icyphy/ptII/ptolemy/actor/lib/test/auto/ConstantPublisherPort2.xml (RunModel)" time="0.03" />
  <testcase classname="ptolemy.util.test.junit.AutoTests" name="[89] /home/travis/build/icyphy/ptII/ptolemy/actor/lib/test/auto/ConstantPublisherPort3.xml (RunModel)" time="0.022" />
  <testcase classname="ptolemy.util.test.junit.AutoTests" name="[90] /home/travis/build/icyphy/ptII/ptolemy/actor/lib/test/auto/ConstantPublisherPort4.xml (RunModel)" time="0.017" />
  <testcase classname="ptolemy.util.test.junit.AutoTests" name="[91] /home/travis/build/icyphy/ptII/ptolemy/actor/lib/test/auto/ConstantPublisherPort5.xml (RunModel)" time="0.056" />
  <testcase classname="ptolemy.util.test.junit.AutoTests" name="[92] /home/travis/build/icyphy/ptII/ptolemy/actor/lib/test/auto/ConstantPublisherPort6.xml (RunModel)" time="0.03" />
  <testcase classname="ptolemy.util.test.junit.AutoTests" name="[93] /home/travis/build/icyphy/ptII/ptolemy/actor/lib/test/auto/ConstantPublisherPort7.xml (RunModel)" time="0.033" />
  <testcase classname="ptolemy.util.test.junit.AutoTests" name="[94] /home/travis/build/icyphy/ptII/ptolemy/actor/lib/test/auto/ConstraintMonitor1.xml (RunModel)" time="0.043" />
  <testcase classname="ptolemy.util.test.junit.AutoTests" name="[95] /home/travis/build/icyphy/ptII/ptolemy/actor/lib/test/auto/ConstraintMonitor2.xml (RunModel)" time="0.014" />
  <testcase classname="ptolemy.util.test.junit.AutoTests" name="[96] /home/travis/build/icyphy/ptII/ptolemy/actor/lib/test/auto/ConstraintMonitor3.xml (RunModel)" time="0.021" />
  <testcase classname="ptolemy.util.test.junit.AutoTests" name="[97] /home/travis/build/icyphy/ptII/ptolemy/actor/lib/test/auto/ConstraintMonitor4.xml (RunModel)" time="0.027" />
  <testcase classname="ptolemy.util.test.junit.AutoTests" name="[98] /home/travis/build/icyphy/ptII/ptolemy/actor/lib/test/auto/ConstraintMonitor5.xml (RunModel)" time="0.015" />
  <testcase classname="ptolemy.util.test.junit.AutoTests" name="[99] /home/travis/build/icyphy/ptII/ptolemy/actor/lib/test/auto/ConstraintMonitor6.xml (RunModel)" time="0.018" />
  <testcase classname="ptolemy.util.test.junit.AutoTests" name="[100] /home/travis/build/icyphy/ptII/ptolemy/actor/lib/test/auto/ConstraintMonitor7.xml (RunModel)" time="0.022" />
  <testcase classname="ptolemy.util.test.junit.AutoTests" name="[101] /home/travis/build/icyphy/ptII/ptolemy/actor/lib/test/auto/ConstraintMonitor8.xml (RunModel)" time="0.02" />
  <testcase classname="ptolemy.util.test.junit.AutoTests" name="[102] /home/travis/build/icyphy/ptII/ptolemy/actor/lib/test/auto/Counter.xml (RunModel)" time="0.016" />
  <testcase classname="ptolemy.util.test.junit.AutoTests" name="[103] /home/travis/build/icyphy/ptII/ptolemy/actor/lib/test/auto/CurrentTimeSDF.xml (RunModel)" time="0.011" />
  <testcase classname="ptolemy.util.test.junit.AutoTests" name="[104] /home/travis/build/icyphy/ptII/ptolemy/actor/lib/test/auto/DB.xml (RunModel)" time="0.015" />
  <testcase classname="ptolemy.util.test.junit.AutoTests" name="[105] /home/travis/build/icyphy/ptII/ptolemy/actor/lib/test/auto/DBDE.xml (RunModel)" time="0.018" />
  <testcase classname="ptolemy.util.test.junit.AutoTests" name="[106] /home/travis/build/icyphy/ptII/ptolemy/actor/lib/test/auto/DateConstructor.xml (RunModel)" time="0.086" />
  <testcase classname="ptolemy.util.test.junit.AutoTests" name="[107] /home/travis/build/icyphy/ptII/ptolemy/actor/lib/test/auto/DelayTime.xml (RunModel)" time="0.022" />
  <testcase classname="ptolemy.util.test.junit.AutoTests" name="[108] /home/travis/build/icyphy/ptII/ptolemy/actor/lib/test/auto/Dictionary1.xml (RunModel)" time="0.021" />
  <testcase classname="ptolemy.util.test.junit.AutoTests" name="[109] /home/travis/build/icyphy/ptII/ptolemy/actor/lib/test/auto/Dictionary2.xml (RunModel)" time="0.016" />
  <testcase classname="ptolemy.util.test.junit.AutoTests" name="[110] /home/travis/build/icyphy/ptII/ptolemy/actor/lib/test/auto/Dictionary3.xml (RunModel)" time="0.015" />
  <testcase classname="ptolemy.util.test.junit.AutoTests" name="[111] /home/travis/build/icyphy/ptII/ptolemy/actor/lib/test/auto/Dictionary4.xml (RunModel)" time="0.019" />
  <testcase classname="ptolemy.util.test.junit.AutoTests" name="[112] /home/travis/build/icyphy/ptII/ptolemy/actor/lib/test/auto/Differential.xml (RunModel)" time="0.022" />
  <testcase classname="ptolemy.util.test.junit.AutoTests" name="[113] /home/travis/build/icyphy/ptII/ptolemy/actor/lib/test/auto/Director.xml (RunModel)" time="0.01" />
  <testcase classname="ptolemy.util.test.junit.AutoTests" name="[114] /home/travis/build/icyphy/ptII/ptolemy/actor/lib/test/auto/DiscreteClock.xml (RunModel)" time="0.009" />
  <testcase classname="ptolemy.util.test.junit.AutoTests" name="[115] /home/travis/build/icyphy/ptII/ptolemy/actor/lib/test/auto/DiscreteClock10.xml (RunModel)" time="0.013" />
  <testcase classname="ptolemy.util.test.junit.AutoTests" name="[116] /home/travis/build/icyphy/ptII/ptolemy/actor/lib/test/auto/DiscreteClock11.xml (RunModel)" time="0.014" />
  <testcase classname="ptolemy.util.test.junit.AutoTests" name="[117] /home/travis/build/icyphy/ptII/ptolemy/actor/lib/test/auto/DiscreteClock12.xml (RunModel)" time="0.013" />
  <testcase classname="ptolemy.util.test.junit.AutoTests" name="[118] /home/travis/build/icyphy/ptII/ptolemy/actor/lib/test/auto/DiscreteClock13.xml (RunModel)" time="0.016" />
  <testcase classname="ptolemy.util.test.junit.AutoTests" name="[119] /home/travis/build/icyphy/ptII/ptolemy/actor/lib/test/auto/DiscreteClock14.xml (RunModel)" time="0.017" />
  <testcase classname="ptolemy.util.test.junit.AutoTests" name="[120] /home/travis/build/icyphy/ptII/ptolemy/actor/lib/test/auto/DiscreteClock15.xml (RunModel)" time="0.017" />
  <testcase classname="ptolemy.util.test.junit.AutoTests" name="[121] /home/travis/build/icyphy/ptII/ptolemy/actor/lib/test/auto/DiscreteClock16.xml (RunModel)" time="0.042" />
  <testcase classname="ptolemy.util.test.junit.AutoTests" name="[122] /home/travis/build/icyphy/ptII/ptolemy/actor/lib/test/auto/DiscreteClock17.xml (RunModel)" time="0.046" />
  <testcase classname="ptolemy.util.test.junit.AutoTests" name="[123] /home/travis/build/icyphy/ptII/ptolemy/actor/lib/test/auto/DiscreteClock18.xml (RunModel)" time="0.052" />
  <testcase classname="ptolemy.util.test.junit.AutoTests" name="[124] /home/travis/build/icyphy/ptII/ptolemy/actor/lib/test/auto/DiscreteClock19.xml (RunModel)" time="0.054" />
  <testcase classname="ptolemy.util.test.junit.AutoTests" name="[125] /home/travis/build/icyphy/ptII/ptolemy/actor/lib/test/auto/DiscreteClock2.xml (RunModel)" time="0.013" />
  <testcase classname="ptolemy.util.test.junit.AutoTests" name="[126] /home/travis/build/icyphy/ptII/ptolemy/actor/lib/test/auto/DiscreteClock20.xml (RunModel)" time="0.026" />
  <testcase classname="ptolemy.util.test.junit.AutoTests" name="[127] /home/travis/build/icyphy/ptII/ptolemy/actor/lib/test/auto/DiscreteClock21.xml (RunModel)" time="0.02" />
  <testcase classname="ptolemy.util.test.junit.AutoTests" name="[128] /home/travis/build/icyphy/ptII/ptolemy/actor/lib/test/auto/DiscreteClock22.xml (RunModel)" time="0.017" />
  <testcase classname="ptolemy.util.test.junit.AutoTests" name="[129] /home/travis/build/icyphy/ptII/ptolemy/actor/lib/test/auto/DiscreteClock23.xml (RunModel)" time="0.024" />
  <testcase classname="ptolemy.util.test.junit.AutoTests" name="[130] /home/travis/build/icyphy/ptII/ptolemy/actor/lib/test/auto/DiscreteClock24.xml (RunModel)" time="0.015" />
  <testcase classname="ptolemy.util.test.junit.AutoTests" name="[131] /home/travis/build/icyphy/ptII/ptolemy/actor/lib/test/auto/DiscreteClock4.xml (RunModel)" time="0.016" />
  <testcase classname="ptolemy.util.test.junit.AutoTests" name="[132] /home/travis/build/icyphy/ptII/ptolemy/actor/lib/test/auto/DiscreteClock5.xml (RunModel)" time="0.011" />
  <testcase classname="ptolemy.util.test.junit.AutoTests" name="[133] /home/travis/build/icyphy/ptII/ptolemy/actor/lib/test/auto/DiscreteClock6.xml (RunModel)" time="0.013" />
  <testcase classname="ptolemy.util.test.junit.AutoTests" name="[134] /home/travis/build/icyphy/ptII/ptolemy/actor/lib/test/auto/DiscreteClock7.xml (RunModel)" time="0.015" />
  <testcase classname="ptolemy.util.test.junit.AutoTests" name="[135] /home/travis/build/icyphy/ptII/ptolemy/actor/lib/test/auto/DiscreteClock8.xml (RunModel)" time="0.024" />
  <testcase classname="ptolemy.util.test.junit.AutoTests" name="[136] /home/travis/build/icyphy/ptII/ptolemy/actor/lib/test/auto/DiscreteClock9.xml (RunModel)" time="0.015" />
  <testcase classname="ptolemy.util.test.junit.AutoTests" name="[137] /home/travis/build/icyphy/ptII/ptolemy/actor/lib/test/auto/DisplayArray.xml (RunModel)" time="0.013" />
  <testcase classname="ptolemy.util.test.junit.AutoTests" name="[138] /home/travis/build/icyphy/ptII/ptolemy/actor/lib/test/auto/Distributor.xml (RunModel)" time="0.011" />
  <testcase classname="ptolemy.util.test.junit.AutoTests" name="[139] /home/travis/build/icyphy/ptII/ptolemy/actor/lib/test/auto/Distributor2.xml (RunModel)" time="0.013" />
  <testcase classname="ptolemy.util.test.junit.AutoTests" name="[140] /home/travis/build/icyphy/ptII/ptolemy/actor/lib/test/auto/DownSample.xml (RunModel)" time="0.011" />
  <testcase classname="ptolemy.util.test.junit.AutoTests" name="[141] /home/travis/build/icyphy/ptII/ptolemy/actor/lib/test/auto/ElectronicUnitBase1.xml (RunModel)" time="0.067" />
  <testcase classname="ptolemy.util.test.junit.AutoTests" name="[142] /home/travis/build/icyphy/ptII/ptolemy/actor/lib/test/auto/ElementsToArray.xml (RunModel)" time="0.011" />
  <testcase classname="ptolemy.util.test.junit.AutoTests" name="[143] /home/travis/build/icyphy/ptII/ptolemy/actor/lib/test/auto/Equals.xml (RunModel)" time="0.019" />
  <testcase classname="ptolemy.util.test.junit.AutoTests" name="[144] /home/travis/build/icyphy/ptII/ptolemy/actor/lib/test/auto/Exec.xml (RunModel)" time="0.033" />
  <testcase classname="ptolemy.util.test.junit.AutoTests" name="[145] /home/travis/build/icyphy/ptII/ptolemy/actor/lib/test/auto/ExecEnvironment.xml (RunModel)" time="0.043" />
  <testcase classname="ptolemy.util.test.junit.AutoTests" name="[146] /home/travis/build/icyphy/ptII/ptolemy/actor/lib/test/auto/ExecNonZeroReturnOutput.xml (RunModel)" time="0.221" />
  <testcase classname="ptolemy.util.test.junit.AutoTests" name="[147] /home/travis/build/icyphy/ptII/ptolemy/actor/lib/test/auto/ExecRunDemos.xml (RunModel)" time="11.509" />
  <testcase classname="ptolemy.util.test.junit.AutoTests" name="[148] /home/travis/build/icyphy/ptII/ptolemy/actor/lib/test/auto/ExecStop.xml (RunModel)" time="5.041" />
  <testcase classname="ptolemy.util.test.junit.AutoTests" name="[149] /home/travis/build/icyphy/ptII/ptolemy/actor/lib/test/auto/ExecutionTimeSDF.xml (RunModel)" time="6.031" />
  <testcase classname="ptolemy.util.test.junit.AutoTests" name="[150] /home/travis/build/icyphy/ptII/ptolemy/actor/lib/test/auto/Expression1.xml (RunModel)" time="0.01" />
  <testcase classname="ptolemy.util.test.junit.AutoTests" name="[151] /home/travis/build/icyphy/ptII/ptolemy/actor/lib/test/auto/Expression10.xml (RunModel)" time="0.028" />
  <testcase classname="ptolemy.util.test.junit.AutoTests" name="[152] /home/travis/build/icyphy/ptII/ptolemy/actor/lib/test/auto/Expression11.xml (RunModel)" time="0.025" />
  <testcase classname="ptolemy.util.test.junit.AutoTests" name="[153] /home/travis/build/icyphy/ptII/ptolemy/actor/lib/test/auto/Expression12.xml (RunModel)" time="0.021" />
  <testcase classname="ptolemy.util.test.junit.AutoTests" name="[154] /home/travis/build/icyphy/ptII/ptolemy/actor/lib/test/auto/Expression13.xml (RunModel)" time="0.021" />
  <testcase classname="ptolemy.util.test.junit.AutoTests" name="[155] /home/travis/build/icyphy/ptII/ptolemy/actor/lib/test/auto/Expression14.xml (RunModel)" time="0.021" />
  <testcase classname="ptolemy.util.test.junit.AutoTests" name="[156] /home/travis/build/icyphy/ptII/ptolemy/actor/lib/test/auto/Expression15.xml (RunModel)" time="0.008" />
  <testcase classname="ptolemy.util.test.junit.AutoTests" name="[157] /home/travis/build/icyphy/ptII/ptolemy/actor/lib/test/auto/Expression16.xml (RunModel)" time="0.014" />
  <testcase classname="ptolemy.util.test.junit.AutoTests" name="[158] /home/travis/build/icyphy/ptII/ptolemy/actor/lib/test/auto/Expression17.xml (RunModel)" time="0.014" />
  <testcase classname="ptolemy.util.test.junit.AutoTests" name="[159] /home/travis/build/icyphy/ptII/ptolemy/actor/lib/test/auto/Expression18.xml (RunModel)" time="0.016" />
  <testcase classname="ptolemy.util.test.junit.AutoTests" name="[160] /home/travis/build/icyphy/ptII/ptolemy/actor/lib/test/auto/Expression2.xml (RunModel)" time="0.02" />
  <testcase classname="ptolemy.util.test.junit.AutoTests" name="[161] /home/travis/build/icyphy/ptII/ptolemy/actor/lib/test/auto/Expression3.xml (RunModel)" time="0.015" />
  <testcase classname="ptolemy.util.test.junit.AutoTests" name="[162] /home/travis/build/icyphy/ptII/ptolemy/actor/lib/test/auto/Expression4.xml (RunModel)" time="0.023" />
  <testcase classname="ptolemy.util.test.junit.AutoTests" name="[163] /home/travis/build/icyphy/ptII/ptolemy/actor/lib/test/auto/Expression5.xml (RunModel)" time="0.012" />
  <testcase classname="ptolemy.util.test.junit.AutoTests" name="[164] /home/travis/build/icyphy/ptII/ptolemy/actor/lib/test/auto/Expression6.xml (RunModel)" time="0.009" />
  <testcase classname="ptolemy.util.test.junit.AutoTests" name="[165] /home/travis/build/icyphy/ptII/ptolemy/actor/lib/test/auto/Expression7.xml (RunModel)" time="0.013" />
  <testcase classname="ptolemy.util.test.junit.AutoTests" name="[166] /home/travis/build/icyphy/ptII/ptolemy/actor/lib/test/auto/Expression8.xml (RunModel)" time="0.016" />
  <testcase classname="ptolemy.util.test.junit.AutoTests" name="[167] /home/travis/build/icyphy/ptII/ptolemy/actor/lib/test/auto/Expression9.xml (RunModel)" time="0.009" />
  <testcase classname="ptolemy.util.test.junit.AutoTests" name="[168] /home/travis/build/icyphy/ptII/ptolemy/actor/lib/test/auto/ExpressionConcatenateArrayType.xml (RunModel)" time="0.026" />
  <testcase classname="ptolemy.util.test.junit.AutoTests" name="[169] /home/travis/build/icyphy/ptII/ptolemy/actor/lib/test/auto/ExpressionConcatenateArrayType2.xml (RunModel)" time="0.023" />
  <testcase classname="ptolemy.util.test.junit.AutoTests" name="[170] /home/travis/build/icyphy/ptII/ptolemy/actor/lib/test/auto/ExpressionFix.xml (RunModel)" time="0.052" />
  <testcase classname="ptolemy.util.test.junit.AutoTests" name="[171] /home/travis/build/icyphy/ptII/ptolemy/actor/lib/test/auto/ExpressionFix2.xml (RunModel)" time="0.013" />
  <testcase classname="ptolemy.util.test.junit.AutoTests" name="[172] /home/travis/build/icyphy/ptII/ptolemy/actor/lib/test/auto/ExpressionFix3.xml (RunModel)" time="0.014" />
  <testcase classname="ptolemy.util.test.junit.AutoTests" name="[173] /home/travis/build/icyphy/ptII/ptolemy/actor/lib/test/auto/FileWriter1.xml (RunModel)" time="0.01" />
  <testcase classname="ptolemy.util.test.junit.AutoTests" name="[174] /home/travis/build/icyphy/ptII/ptolemy/actor/lib/test/auto/FileWriter2.xml (RunModel)" time="0.01" />
  <testcase classname="ptolemy.util.test.junit.AutoTests" name="[175] /home/travis/build/icyphy/ptII/ptolemy/actor/lib/test/auto/FileWriter3.xml (RunModel)" time="0.013" />
  <testcase classname="ptolemy.util.test.junit.AutoTests" name="[176] /home/travis/build/icyphy/ptII/ptolemy/actor/lib/test/auto/Gaussian.xml (RunModel)" time="0.016" />
  <testcase classname="ptolemy.util.test.junit.AutoTests" name="[177] /home/travis/build/icyphy/ptII/ptolemy/actor/lib/test/auto/Gaussian1.xml (RunModel)" time="0.022" />
  <testcase classname="ptolemy.util.test.junit.AutoTests" name="[178] /home/travis/build/icyphy/ptII/ptolemy/actor/lib/test/auto/Gaussian2.xml (RunModel)" time="0.018" />
  <testcase classname="ptolemy.util.test.junit.AutoTests" name="[179] /home/travis/build/icyphy/ptII/ptolemy/actor/lib/test/auto/GradientAdaptiveLattice.xml (RunModel)" time="0.018" />
  <testcase classname="ptolemy.util.test.junit.AutoTests" name="[180] /home/travis/build/icyphy/ptII/ptolemy/actor/lib/test/auto/IIR.xml (RunModel)" time="0.01" />
  <testcase classname="ptolemy.util.test.junit.AutoTests" name="[181] /home/travis/build/icyphy/ptII/ptolemy/actor/lib/test/auto/InputOutputTransparentPorts.xml (RunModel)" time="0.019" />
  <testcase classname="ptolemy.util.test.junit.AutoTests" name="[182] /home/travis/build/icyphy/ptII/ptolemy/actor/lib/test/auto/Interpolator.xml (RunModel)" time="0.015" />
  <testcase classname="ptolemy.util.test.junit.AutoTests" name="[183] /home/travis/build/icyphy/ptII/ptolemy/actor/lib/test/auto/InterpolatorFiringLimitDE.xml (RunModel)" time="0.017" />
  <testcase classname="ptolemy.util.test.junit.AutoTests" name="[184] /home/travis/build/icyphy/ptII/ptolemy/actor/lib/test/auto/Lattice.xml (RunModel)" time="0.01" />
  <testcase classname="ptolemy.util.test.junit.AutoTests" name="[185] /home/travis/build/icyphy/ptII/ptolemy/actor/lib/test/auto/LazyAOCTestLazy.xml (RunModel)" time="0.047" />
  <testcase classname="ptolemy.util.test.junit.AutoTests" name="[186] /home/travis/build/icyphy/ptII/ptolemy/actor/lib/test/auto/LazyAOCTestNonLazy.xml (RunModel)" time="0.054" />
  <testcase classname="ptolemy.util.test.junit.AutoTests" name="[187] /home/travis/build/icyphy/ptII/ptolemy/actor/lib/test/auto/LazyInnerClass.xml (RunModel)" time="0.056" />
  <testcase classname="ptolemy.util.test.junit.AutoTests" name="[188] /home/travis/build/icyphy/ptII/ptolemy/actor/lib/test/auto/LazyPubSub.xml (RunModel)" time="0.061" />
  <testcase classname="ptolemy.util.test.junit.AutoTests" name="[189] /home/travis/build/icyphy/ptII/ptolemy/actor/lib/test/auto/LazyPubSub2.xml (RunModel)" time="0.038" />
  <testcase classname="ptolemy.util.test.junit.AutoTests" name="[190] /home/travis/build/icyphy/ptII/ptolemy/actor/lib/test/auto/LazyPubSub3.xml (RunModel)" time="0.03" />
  <testcase classname="ptolemy.util.test.junit.AutoTests" name="[191] /home/travis/build/icyphy/ptII/ptolemy/actor/lib/test/auto/LazySubClassModel.xml (RunModel)" time="0.024" />
  <testcase classname="ptolemy.util.test.junit.AutoTests" name="[192] /home/travis/build/icyphy/ptII/ptolemy/actor/lib/test/auto/LevelCrossTest1.xml (RunModel)" time="0.014" />
  <testcase classname="ptolemy.util.test.junit.AutoTests" name="[193] /home/travis/build/icyphy/ptII/ptolemy/actor/lib/test/auto/LevelCrossTest10.xml (RunModel)" time="0.019" />
  <testcase classname="ptolemy.util.test.junit.AutoTests" name="[194] /home/travis/build/icyphy/ptII/ptolemy/actor/lib/test/auto/LevelCrossTest11.xml (RunModel)" time="0.021" />
  <testcase classname="ptolemy.util.test.junit.AutoTests" name="[195] /home/travis/build/icyphy/ptII/ptolemy/actor/lib/test/auto/LevelCrossTest12.xml (RunModel)" time="0.021" />
  <testcase classname="ptolemy.util.test.junit.AutoTests" name="[196] /home/travis/build/icyphy/ptII/ptolemy/actor/lib/test/auto/LevelCrossTest13.xml (RunModel)" time="0.018" />
  <testcase classname="ptolemy.util.test.junit.AutoTests" name="[197] /home/travis/build/icyphy/ptII/ptolemy/actor/lib/test/auto/LevelCrossTest2.xml (RunModel)" time="0.013" />
  <testcase classname="ptolemy.util.test.junit.AutoTests" name="[198] /home/travis/build/icyphy/ptII/ptolemy/actor/lib/test/auto/LevelCrossTest3.xml (RunModel)" time="0.016" />
  <testcase classname="ptolemy.util.test.junit.AutoTests" name="[199] /home/travis/build/icyphy/ptII/ptolemy/actor/lib/test/auto/LevelCrossTest4.xml (RunModel)" time="0.012" />
  <testcase classname="ptolemy.util.test.junit.AutoTests" name="[200] /home/travis/build/icyphy/ptII/ptolemy/actor/lib/test/auto/LevelCrossTest5.xml (RunModel)" time="0.015" />
  <testcase classname="ptolemy.util.test.junit.AutoTests" name="[201] /home/travis/build/icyphy/ptII/ptolemy/actor/lib/test/auto/LevelCrossTest6.xml (RunModel)" time="0.018" />
  <testcase classname="ptolemy.util.test.junit.AutoTests" name="[202] /home/travis/build/icyphy/ptII/ptolemy/actor/lib/test/auto/LevelCrossTest7.xml (RunModel)" time="0.024" />
  <testcase classname="ptolemy.util.test.junit.AutoTests" name="[203] /home/travis/build/icyphy/ptII/ptolemy/actor/lib/test/auto/LevelCrossTest8.xml (RunModel)" time="0.017" />
  <testcase classname="ptolemy.util.test.junit.AutoTests" name="[204] /home/travis/build/icyphy/ptII/ptolemy/actor/lib/test/auto/LevelCrossTest9.xml (RunModel)" time="0.017" />
  <testcase classname="ptolemy.util.test.junit.AutoTests" name="[205] /home/travis/build/icyphy/ptII/ptolemy/actor/lib/test/auto/LevinsonDurbin.xml (RunModel)" time="0.021" />
  <testcase classname="ptolemy.util.test.junit.AutoTests" name="[206] /home/travis/build/icyphy/ptII/ptolemy/actor/lib/test/auto/LevinsonDurbin2.xml (RunModel)" time="0.012" />
  <testcase classname="ptolemy.util.test.junit.AutoTests" name="[207] /home/travis/build/icyphy/ptII/ptolemy/actor/lib/test/auto/LevinsonDurbin3.xml (RunModel)" time="0.018" />
  <testcase classname="ptolemy.util.test.junit.AutoTests" name="[208] /home/travis/build/icyphy/ptII/ptolemy/actor/lib/test/auto/Limiter.xml (RunModel)" time="0.045" />
  <testcase classname="ptolemy.util.test.junit.AutoTests" name="[209] /home/travis/build/icyphy/ptII/ptolemy/actor/lib/test/auto/LinearDifferenceEquationSystem.xml (RunModel)" time="0.023" />
  <testcase classname="ptolemy.util.test.junit.AutoTests" name="[210] /home/travis/build/icyphy/ptII/ptolemy/actor/lib/test/auto/LookupTable.xml (RunModel)" time="0.011" />
  <testcase classname="ptolemy.util.test.junit.AutoTests" name="[211] /home/travis/build/icyphy/ptII/ptolemy/actor/lib/test/auto/MathFunction.xml (RunModel)" time="0.022" />
  <testcase classname="ptolemy.util.test.junit.AutoTests" name="[212] /home/travis/build/icyphy/ptII/ptolemy/actor/lib/test/auto/MathFunction2.xml (RunModel)" time="0.012" />
  <testcase classname="ptolemy.util.test.junit.AutoTests" name="[213] /home/travis/build/icyphy/ptII/ptolemy/actor/lib/test/auto/MathFunction3.xml (RunModel)" time="0.03" />
  <testcase classname="ptolemy.util.test.junit.AutoTests" name="[214] /home/travis/build/icyphy/ptII/ptolemy/actor/lib/test/auto/MatrixCropBoolean.xml (RunModel)" time="0.024" />
  <testcase classname="ptolemy.util.test.junit.AutoTests" name="[215] /home/travis/build/icyphy/ptII/ptolemy/actor/lib/test/auto/MatrixCropComplex.xml (RunModel)" time="0.016" />
  <testcase classname="ptolemy.util.test.junit.AutoTests" name="[216] /home/travis/build/icyphy/ptII/ptolemy/actor/lib/test/auto/MatrixCropDouble.xml (RunModel)" time="0.011" />
  <testcase classname="ptolemy.util.test.junit.AutoTests" name="[217] /home/travis/build/icyphy/ptII/ptolemy/actor/lib/test/auto/MatrixCropFix.xml (RunModel)" time="0.019" />
  <testcase classname="ptolemy.util.test.junit.AutoTests" name="[218] /home/travis/build/icyphy/ptII/ptolemy/actor/lib/test/auto/MatrixCropInt.xml (RunModel)" time="0.011" />
  <testcase classname="ptolemy.util.test.junit.AutoTests" name="[219] /home/travis/build/icyphy/ptII/ptolemy/actor/lib/test/auto/MatrixCropLong.xml (RunModel)" time="0.011" />
  <testcase classname="ptolemy.util.test.junit.AutoTests" name="[220] /home/travis/build/icyphy/ptII/ptolemy/actor/lib/test/auto/MatrixToArray.xml (RunModel)" time="0.053" />
  <testcase classname="ptolemy.util.test.junit.AutoTests" name="[221] /home/travis/build/icyphy/ptII/ptolemy/actor/lib/test/auto/MaxIndex.xml (RunModel)" time="0.013" />
  <testcase classname="ptolemy.util.test.junit.AutoTests" name="[222] /home/travis/build/icyphy/ptII/ptolemy/actor/lib/test/auto/Maximum.xml (RunModel)" time="0.021" />
  <testcase classname="ptolemy.util.test.junit.AutoTests" name="[223] /home/travis/build/icyphy/ptII/ptolemy/actor/lib/test/auto/MaximumComplex.xml (RunModel)" time="0.024" />
  <testcase classname="ptolemy.util.test.junit.AutoTests" name="[224] /home/travis/build/icyphy/ptII/ptolemy/actor/lib/test/auto/MethodCallTest.xml (RunModel)" time="0.03" />
  <testcase classname="ptolemy.util.test.junit.AutoTests" name="[225] /home/travis/build/icyphy/ptII/ptolemy/actor/lib/test/auto/Minimum.xml (RunModel)" time="0.017" />
  <testcase classname="ptolemy.util.test.junit.AutoTests" name="[226] /home/travis/build/icyphy/ptII/ptolemy/actor/lib/test/auto/MinimumComplex.xml (RunModel)" time="0.03" />
  <testcase classname="ptolemy.util.test.junit.AutoTests" name="[227] /home/travis/build/icyphy/ptII/ptolemy/actor/lib/test/auto/MinimumMultiports.xml (RunModel)" time="0.019" />
  <testcase classname="ptolemy.util.test.junit.AutoTests" name="[228] /home/travis/build/icyphy/ptII/ptolemy/actor/lib/test/auto/ModifyDate.xml (RunModel)" time="0.048" />
  <testcase classname="ptolemy.util.test.junit.AutoTests" name="[229] /home/travis/build/icyphy/ptII/ptolemy/actor/lib/test/auto/ModifyDate2.xml (RunModel)" time="0.043" />
  <testcase classname="ptolemy.util.test.junit.AutoTests" name="[230] /home/travis/build/icyphy/ptII/ptolemy/actor/lib/test/auto/MovingAverage.xml (RunModel)" time="0.014" />
  <testcase classname="ptolemy.util.test.junit.AutoTests" name="[231] /home/travis/build/icyphy/ptII/ptolemy/actor/lib/test/auto/MovingMaximum.xml (RunModel)" time="0.014" />
  <testcase classname="ptolemy.util.test.junit.AutoTests" name="[232] /home/travis/build/icyphy/ptII/ptolemy/actor/lib/test/auto/MultipleLinksToSameRelation.xml (RunModel)" time="0.011" />
  <testcase classname="ptolemy.util.test.junit.AutoTests" name="[233] /home/travis/build/icyphy/ptII/ptolemy/actor/lib/test/auto/MultipleLinksToSameRelationDE.xml (RunModel)" time="0.01" />
  <testcase classname="ptolemy.util.test.junit.AutoTests" name="[234] /home/travis/build/icyphy/ptII/ptolemy/actor/lib/test/auto/Multiplexor.xml (RunModel)" time="0.014" />
  <testcase classname="ptolemy.util.test.junit.AutoTests" name="[235] /home/travis/build/icyphy/ptII/ptolemy/actor/lib/test/auto/Multiplexor1.xml (RunModel)" time="0.014" />
  <testcase classname="ptolemy.util.test.junit.AutoTests" name="[236] /home/travis/build/icyphy/ptII/ptolemy/actor/lib/test/auto/Multiplexor2.xml (RunModel)" time="0.018" />
  <testcase classname="ptolemy.util.test.junit.AutoTests" name="[237] /home/travis/build/icyphy/ptII/ptolemy/actor/lib/test/auto/Multiplexor3.xml (RunModel)" time="0.009" />
  <testcase classname="ptolemy.util.test.junit.AutoTests" name="[238] /home/travis/build/icyphy/ptII/ptolemy/actor/lib/test/auto/MultiplexorDE.xml (RunModel)" time="0.018" />
  <testcase classname="ptolemy.util.test.junit.AutoTests" name="[239] /home/travis/build/icyphy/ptII/ptolemy/actor/lib/test/auto/MultiportBroadcastTest.xml (RunModel)" time="0.103" />
  <testcase classname="ptolemy.util.test.junit.AutoTests" name="[240] /home/travis/build/icyphy/ptII/ptolemy/actor/lib/test/auto/MultiportOutHangDuringGetWidth.xml (RunModel)" time="0.034" />
  <testcase classname="ptolemy.util.test.junit.AutoTests" name="[241] /home/travis/build/icyphy/ptII/ptolemy/actor/lib/test/auto/NilToken.xml (RunModel)" time="0.014" />
  <testcase classname="ptolemy.util.test.junit.AutoTests" name="[242] /home/travis/build/icyphy/ptII/ptolemy/actor/lib/test/auto/NilTokenNonStrictTest.xml (RunModel)" time="0.017" />
  <testcase classname="ptolemy.util.test.junit.AutoTests" name="[243] /home/travis/build/icyphy/ptII/ptolemy/actor/lib/test/auto/NilTokenRecord.xml (RunModel)" time="0.026" />
  <testcase classname="ptolemy.util.test.junit.AutoTests" name="[244] /home/travis/build/icyphy/ptII/ptolemy/actor/lib/test/auto/NilTokenTypeTest.xml (RunModel)" time="0.04" />
  <testcase classname="ptolemy.util.test.junit.AutoTests" name="[245] /home/travis/build/icyphy/ptII/ptolemy/actor/lib/test/auto/ObjectToken1.xml (RunModel)" time="0.012" />
  <testcase classname="ptolemy.util.test.junit.AutoTests" name="[246] /home/travis/build/icyphy/ptII/ptolemy/actor/lib/test/auto/OrderedMerge.xml (RunModel)" time="0.022" />
  <testcase classname="ptolemy.util.test.junit.AutoTests" name="[247] /home/travis/build/icyphy/ptII/ptolemy/actor/lib/test/auto/OrderedRecordDisassembler.xml (RunModel)" time="0.026" />
  <testcase classname="ptolemy.util.test.junit.AutoTests" name="[248] /home/travis/build/icyphy/ptII/ptolemy/actor/lib/test/auto/OrderedRecordDisassembler2.xml (RunModel)" time="0.022" />
  <testcase classname="ptolemy.util.test.junit.AutoTests" name="[249] /home/travis/build/icyphy/ptII/ptolemy/actor/lib/test/auto/OrderedRecordUpdater.xml (RunModel)" time="0.016" />
  <testcase classname="ptolemy.util.test.junit.AutoTests" name="[250] /home/travis/build/icyphy/ptII/ptolemy/actor/lib/test/auto/OrderedRecordUpdater2.xml (RunModel)" time="0.02" />
  <testcase classname="ptolemy.util.test.junit.AutoTests" name="[251] /home/travis/build/icyphy/ptII/ptolemy/actor/lib/test/auto/PhaseUnwrap.xml (RunModel)" time="0.014" />
  <testcase classname="ptolemy.util.test.junit.AutoTests" name="[252] /home/travis/build/icyphy/ptII/ptolemy/actor/lib/test/auto/PoissonClock.xml (RunModel)" time="0.012" />
  <testcase classname="ptolemy.util.test.junit.AutoTests" name="[253] /home/travis/build/icyphy/ptII/ptolemy/actor/lib/test/auto/PoissonClock2.xml (RunModel)" time="0.008" />
  <testcase classname="ptolemy.util.test.junit.AutoTests" name="[254] /home/travis/build/icyphy/ptII/ptolemy/actor/lib/test/auto/PoissonClock3.xml (RunModel)" time="0.03" />
  <testcase classname="ptolemy.util.test.junit.AutoTests" name="[255] /home/travis/build/icyphy/ptII/ptolemy/actor/lib/test/auto/PubSubWithInitialTokens.xml (RunModel)" time="0.012" />
  <testcase classname="ptolemy.util.test.junit.AutoTests" name="[256] /home/travis/build/icyphy/ptII/ptolemy/actor/lib/test/auto/PubSubWithInitialTokens2.xml (RunModel)" time="0.014" />
  <testcase classname="ptolemy.util.test.junit.AutoTests" name="[257] /home/travis/build/icyphy/ptII/ptolemy/actor/lib/test/auto/PublisherClassNoParameter.xml (RunModel)" time="0.022" />
  <testcase classname="ptolemy.util.test.junit.AutoTests" name="[258] /home/travis/build/icyphy/ptII/ptolemy/actor/lib/test/auto/PublisherClassParameter.xml (RunModel)" time="0.023" />
  <testcase classname="ptolemy.util.test.junit.AutoTests" name="[259] /home/travis/build/icyphy/ptII/ptolemy/actor/lib/test/auto/PublisherNonStrictTest.xml (RunModel)" time="0.018" />
  <testcase classname="ptolemy.util.test.junit.AutoTests" name="[260] /home/travis/build/icyphy/ptII/ptolemy/actor/lib/test/auto/PublisherPort1.xml (RunModel)" time="0.013" />
  <testcase classname="ptolemy.util.test.junit.AutoTests" name="[261] /home/travis/build/icyphy/ptII/ptolemy/actor/lib/test/auto/PublisherPort2.xml (RunModel)" time="0.014" />
  <testcase classname="ptolemy.util.test.junit.AutoTests" name="[262] /home/travis/build/icyphy/ptII/ptolemy/actor/lib/test/auto/PublisherPort3.xml (RunModel)" time="0.017" />
  <testcase classname="ptolemy.util.test.junit.AutoTests" name="[263] /home/travis/build/icyphy/ptII/ptolemy/actor/lib/test/auto/PublisherPort4.xml (RunModel)" time="0.015" />
  <testcase classname="ptolemy.util.test.junit.AutoTests" name="[264] /home/travis/build/icyphy/ptII/ptolemy/actor/lib/test/auto/PublisherPort5.xml (RunModel)" time="0.018" />
  <testcase classname="ptolemy.util.test.junit.AutoTests" name="[265] /home/travis/build/icyphy/ptII/ptolemy/actor/lib/test/auto/PublisherPort5LookAlike.xml (RunModel)" time="0.023" />
  <testcase classname="ptolemy.util.test.junit.AutoTests" name="[266] /home/travis/build/icyphy/ptII/ptolemy/actor/lib/test/auto/PublisherPort6.xml (RunModel)" time="0.015" />
  <testcase classname="ptolemy.util.test.junit.AutoTests" name="[267] /home/travis/build/icyphy/ptII/ptolemy/actor/lib/test/auto/PublisherPort7.xml (RunModel)" time="0.018" />
  <testcase classname="ptolemy.util.test.junit.AutoTests" name="[268] /home/travis/build/icyphy/ptII/ptolemy/actor/lib/test/auto/PublisherPort8.xml (RunModel)" time="0.028" />
  <testcase classname="ptolemy.util.test.junit.AutoTests" name="[269] /home/travis/build/icyphy/ptII/ptolemy/actor/lib/test/auto/PublisherPortSubscriberChannelVariablesAOC2.xml (RunModel)" time="0.04" />
  <testcase classname="ptolemy.util.test.junit.AutoTests" name="[270] /home/travis/build/icyphy/ptII/ptolemy/actor/lib/test/auto/PublisherPortSubscriberOpaqueWidthInference.xml (RunModel)" time="0.019" />
  <testcase classname="ptolemy.util.test.junit.AutoTests" name="[271] /home/travis/build/icyphy/ptII/ptolemy/actor/lib/test/auto/PublisherPortSubscriberPortAdjacent.xml (RunModel)" time="0.024" />
  <testcase classname="ptolemy.util.test.junit.AutoTests" name="[272] /home/travis/build/icyphy/ptII/ptolemy/actor/lib/test/auto/PublisherPortSubscriberPortExpression.xml (RunModel)" time="0.021" />
  <testcase classname="ptolemy.util.test.junit.AutoTests" name="[273] /home/travis/build/icyphy/ptII/ptolemy/actor/lib/test/auto/PublisherPortSubscriberPortOpaqueD3Reverse.xml (RunModel)" time="0.026" />
  <testcase classname="ptolemy.util.test.junit.AutoTests" name="[274] /home/travis/build/icyphy/ptII/ptolemy/actor/lib/test/auto/PublisherPortSubscriberPortOpaqueWidthInference.xml (RunModel)" time="0.019" />
  <testcase classname="ptolemy.util.test.junit.AutoTests" name="[275] /home/travis/build/icyphy/ptII/ptolemy/actor/lib/test/auto/PublisherPortToplevelSubscriberPortAOC.xml (RunModel)" time="0.012" />
  <testcase classname="ptolemy.util.test.junit.AutoTests" name="[276] /home/travis/build/icyphy/ptII/ptolemy/actor/lib/test/auto/PublisherSubscriber.xml (RunModel)" time="0.017" />
  <testcase classname="ptolemy.util.test.junit.AutoTests" name="[277] /home/travis/build/icyphy/ptII/ptolemy/actor/lib/test/auto/PublisherSubscriber10.xml (RunModel)" time="0.025" />
  <testcase classname="ptolemy.util.test.junit.AutoTests" name="[278] /home/travis/build/icyphy/ptII/ptolemy/actor/lib/test/auto/PublisherSubscriber10InitialOutputs.xml (RunModel)" time="0.037" />
  <testcase classname="ptolemy.util.test.junit.AutoTests" name="[279] /home/travis/build/icyphy/ptII/ptolemy/actor/lib/test/auto/PublisherSubscriber11.xml (RunModel)" time="0.022" />
  <testcase classname="ptolemy.util.test.junit.AutoTests" name="[280] /home/travis/build/icyphy/ptII/ptolemy/actor/lib/test/auto/PublisherSubscriber12.xml (RunModel)" time="0.026" />
  <testcase classname="ptolemy.util.test.junit.AutoTests" name="[281] /home/travis/build/icyphy/ptII/ptolemy/actor/lib/test/auto/PublisherSubscriber13.xml (RunModel)" time="0.011" />
  <testcase classname="ptolemy.util.test.junit.AutoTests" name="[282] /home/travis/build/icyphy/ptII/ptolemy/actor/lib/test/auto/PublisherSubscriber14.xml (RunModel)" time="0.02" />
  <testcase classname="ptolemy.util.test.junit.AutoTests" name="[283] /home/travis/build/icyphy/ptII/ptolemy/actor/lib/test/auto/PublisherSubscriber2.xml (RunModel)" time="0.012" />
  <testcase classname="ptolemy.util.test.junit.AutoTests" name="[284] /home/travis/build/icyphy/ptII/ptolemy/actor/lib/test/auto/PublisherSubscriber3.xml (RunModel)" time="0.01" />
  <testcase classname="ptolemy.util.test.junit.AutoTests" name="[285] /home/travis/build/icyphy/ptII/ptolemy/actor/lib/test/auto/PublisherSubscriber4.xml (RunModel)" time="0.012" />
  <testcase classname="ptolemy.util.test.junit.AutoTests" name="[286] /home/travis/build/icyphy/ptII/ptolemy/actor/lib/test/auto/PublisherSubscriber5.xml (RunModel)" time="0.014" />
  <testcase classname="ptolemy.util.test.junit.AutoTests" name="[287] /home/travis/build/icyphy/ptII/ptolemy/actor/lib/test/auto/PublisherSubscriber6.xml (RunModel)" time="0.019" />
  <testcase classname="ptolemy.util.test.junit.AutoTests" name="[288] /home/travis/build/icyphy/ptII/ptolemy/actor/lib/test/auto/PublisherSubscriber7.xml (RunModel)" time="0.021" />
  <testcase classname="ptolemy.util.test.junit.AutoTests" name="[289] /home/travis/build/icyphy/ptII/ptolemy/actor/lib/test/auto/PublisherSubscriber8.xml (RunModel)" time="0.037" />
  <testcase classname="ptolemy.util.test.junit.AutoTests" name="[290] /home/travis/build/icyphy/ptII/ptolemy/actor/lib/test/auto/PublisherSubscriber9.xml (RunModel)" time="0.019" />
  <testcase classname="ptolemy.util.test.junit.AutoTests" name="[291] /home/travis/build/icyphy/ptII/ptolemy/actor/lib/test/auto/PublisherSubscriberAdjacent.xml (RunModel)" time="0.018" />
  <testcase classname="ptolemy.util.test.junit.AutoTests" name="[292] /home/travis/build/icyphy/ptII/ptolemy/actor/lib/test/auto/PublisherSubscriberChannelVariablesAOC2.xml (RunModel)" time="0.028" />
  <testcase classname="ptolemy.util.test.junit.AutoTests" name="[293] /home/travis/build/icyphy/ptII/ptolemy/actor/lib/test/auto/PublisherSubscriberD3.xml (RunModel)" time="0.014" />
  <testcase classname="ptolemy.util.test.junit.AutoTests" name="[294] /home/travis/build/icyphy/ptII/ptolemy/actor/lib/test/auto/PublisherSubscriberD3Reverse.xml (RunModel)" time="0.014" />
  <testcase classname="ptolemy.util.test.junit.AutoTests" name="[295] /home/travis/build/icyphy/ptII/ptolemy/actor/lib/test/auto/PublisherSubscriberExpression.xml (RunModel)" time="0.018" />
  <testcase classname="ptolemy.util.test.junit.AutoTests" name="[296] /home/travis/build/icyphy/ptII/ptolemy/actor/lib/test/auto/PublisherSubscriberOpaque.xml (RunModel)" time="0.016" />
  <testcase classname="ptolemy.util.test.junit.AutoTests" name="[297] /home/travis/build/icyphy/ptII/ptolemy/actor/lib/test/auto/PublisherSubscriberOpaqueD3.xml (RunModel)" time="0.023" />
  <testcase classname="ptolemy.util.test.junit.AutoTests" name="[298] /home/travis/build/icyphy/ptII/ptolemy/actor/lib/test/auto/PublisherSubscriberOpaqueD3Reverse.xml (RunModel)" time="0.022" />
  <testcase classname="ptolemy.util.test.junit.AutoTests" name="[299] /home/travis/build/icyphy/ptII/ptolemy/actor/lib/test/auto/PublisherSubscriberOpaqueWidthInference.xml (RunModel)" time="0.018" />
  <testcase classname="ptolemy.util.test.junit.AutoTests" name="[300] /home/travis/build/icyphy/ptII/ptolemy/actor/lib/test/auto/PublisherTestSubscriber.xml (RunModel)" time="0.015" />
  <testcase classname="ptolemy.util.test.junit.AutoTests" name="[301] /home/travis/build/icyphy/ptII/ptolemy/actor/lib/test/auto/PublisherToplevelSubscriberPortAOC.xml (RunModel)" time="0.011" />
  <testcase classname="ptolemy.util.test.junit.AutoTests" name="[302] /home/travis/build/icyphy/ptII/ptolemy/actor/lib/test/auto/PulseFiringLimitDE.xml (RunModel)" time="0.016" />
  <testcase classname="ptolemy.util.test.junit.AutoTests" name="[303] /home/travis/build/icyphy/ptII/ptolemy/actor/lib/test/auto/Ramp1.xml (RunModel)" time="0.008" />
  <testcase classname="ptolemy.util.test.junit.AutoTests" name="[304] /home/travis/build/icyphy/ptII/ptolemy/actor/lib/test/auto/RampFiringLimitDE.xml (RunModel)" time="0.014" />
  <testcase classname="ptolemy.util.test.junit.AutoTests" name="[305] /home/travis/build/icyphy/ptII/ptolemy/actor/lib/test/auto/RampFiringLimitSDF.xml (RunModel)" time="0.011" />
  <testcase classname="ptolemy.util.test.junit.AutoTests" name="[306] /home/travis/build/icyphy/ptII/ptolemy/actor/lib/test/auto/RandomInteger.xml (RunModel)" time="0.009" />
  <testcase classname="ptolemy.util.test.junit.AutoTests" name="[307] /home/travis/build/icyphy/ptII/ptolemy/actor/lib/test/auto/ReadFile1.xml (RunModel)" time="0.009" />
  <testcase classname="ptolemy.util.test.junit.AutoTests" name="[308] /home/travis/build/icyphy/ptII/ptolemy/actor/lib/test/auto/ReadFile2.xml (RunModel)" time="0.014" />
  <testcase classname="ptolemy.util.test.junit.AutoTests" name="[309] /home/travis/build/icyphy/ptII/ptolemy/actor/lib/test/auto/Reader.xml (RunModel)" time="0.013" />
  <testcase classname="ptolemy.util.test.junit.AutoTests" name="[310] /home/travis/build/icyphy/ptII/ptolemy/actor/lib/test/auto/RecordAssemblerDisplayNameTest.xml (RunModel)" time="3.904" />
  <testcase classname="ptolemy.util.test.junit.AutoTests" name="[311] /home/travis/build/icyphy/ptII/ptolemy/actor/lib/test/auto/RecordAssemblerTypeError.xml (RunModel)" time="0.06" />
  <testcase classname="ptolemy.util.test.junit.AutoTests" name="[312] /home/travis/build/icyphy/ptII/ptolemy/actor/lib/test/auto/RecordDisassember.xml (RunModel)" time="0.011" />
  <testcase classname="ptolemy.util.test.junit.AutoTests" name="[313] /home/travis/build/icyphy/ptII/ptolemy/actor/lib/test/auto/RecordDisassemberDisplayNameTest.xml (RunModel)" time="0.024" />
  <testcase classname="ptolemy.util.test.junit.AutoTests" name="[314] /home/travis/build/icyphy/ptII/ptolemy/actor/lib/test/auto/RecordDisassembler.xml (RunModel)" time="0.01" />
  <testcase classname="ptolemy.util.test.junit.AutoTests" name="[315] /home/travis/build/icyphy/ptII/ptolemy/actor/lib/test/auto/RecordDisassembler2.xml (RunModel)" time="0.011" />
  <testcase classname="ptolemy.util.test.junit.AutoTests" name="[316] /home/travis/build/icyphy/ptII/ptolemy/actor/lib/test/auto/RecordUpdater.xml (RunModel)" time="0.01" />
  <testcase classname="ptolemy.util.test.junit.AutoTests" name="[317] /home/travis/build/icyphy/ptII/ptolemy/actor/lib/test/auto/RecordUpdater2.xml (RunModel)" time="0.01" />
  <testcase classname="ptolemy.util.test.junit.AutoTests" name="[318] /home/travis/build/icyphy/ptII/ptolemy/actor/lib/test/auto/RecursiveLattice.xml (RunModel)" time="0.014" />
  <testcase classname="ptolemy.util.test.junit.AutoTests" name="[319] /home/travis/build/icyphy/ptII/ptolemy/actor/lib/test/auto/Router.xml (RunModel)" time="3.027" />
  <testcase classname="ptolemy.util.test.junit.AutoTests" name="[320] /home/travis/build/icyphy/ptII/ptolemy/actor/lib/test/auto/Router2.xml (RunModel)" time="3.036" />
  <testcase classname="ptolemy.util.test.junit.AutoTests" name="[321] /home/travis/build/icyphy/ptII/ptolemy/actor/lib/test/auto/RunningMaximum.xml (RunModel)" time="0.021" />
  <testcase classname="ptolemy.util.test.junit.AutoTests" name="[322] /home/travis/build/icyphy/ptII/ptolemy/actor/lib/test/auto/RunningMinimum.xml (RunModel)" time="0.013" />
  <testcase classname="ptolemy.util.test.junit.AutoTests" name="[323] /home/travis/build/icyphy/ptII/ptolemy/actor/lib/test/auto/Scale.xml (RunModel)" time="0.009" />
  <testcase classname="ptolemy.util.test.junit.AutoTests" name="[324] /home/travis/build/icyphy/ptII/ptolemy/actor/lib/test/auto/Scale2.xml (RunModel)" time="0.011" />
  <testcase classname="ptolemy.util.test.junit.AutoTests" name="[325] /home/travis/build/icyphy/ptII/ptolemy/actor/lib/test/auto/Scale3.xml (RunModel)" time="0.014" />
  <testcase classname="ptolemy.util.test.junit.AutoTests" name="[326] /home/travis/build/icyphy/ptII/ptolemy/actor/lib/test/auto/ScaleArray.xml (RunModel)" time="0.008" />
  <testcase classname="ptolemy.util.test.junit.AutoTests" name="[327] /home/travis/build/icyphy/ptII/ptolemy/actor/lib/test/auto/ScaleArray2.xml (RunModel)" time="0.009" />
  <testcase classname="ptolemy.util.test.junit.AutoTests" name="[328] /home/travis/build/icyphy/ptII/ptolemy/actor/lib/test/auto/ScaleMatrix.xml (RunModel)" time="0.137" />
  <testcase classname="ptolemy.util.test.junit.AutoTests" name="[329] /home/travis/build/icyphy/ptII/ptolemy/actor/lib/test/auto/Select.xml (RunModel)" time="0.016" />
  <testcase classname="ptolemy.util.test.junit.AutoTests" name="[330] /home/travis/build/icyphy/ptII/ptolemy/actor/lib/test/auto/Select2.xml (RunModel)" time="0.009" />
  <testcase classname="ptolemy.util.test.junit.AutoTests" name="[331] /home/travis/build/icyphy/ptII/ptolemy/actor/lib/test/auto/SequenceToArray2.xml (RunModel)" time="0.133" />
  <testcase classname="ptolemy.util.test.junit.AutoTests" name="[332] /home/travis/build/icyphy/ptII/ptolemy/actor/lib/test/auto/SequentialClock.xml (RunModel)" time="0.008" />
  <testcase classname="ptolemy.util.test.junit.AutoTests" name="[333] /home/travis/build/icyphy/ptII/ptolemy/actor/lib/test/auto/SetVariable.xml (RunModel)" time="0.01" />
  <testcase classname="ptolemy.util.test.junit.AutoTests" name="[334] /home/travis/build/icyphy/ptII/ptolemy/actor/lib/test/auto/SetVariable2.xml (RunModel)" time="0.01" />
  <testcase classname="ptolemy.util.test.junit.AutoTests" name="[335] /home/travis/build/icyphy/ptII/ptolemy/actor/lib/test/auto/SetVariable3.xml (RunModel)" time="0.017" />
  <testcase classname="ptolemy.util.test.junit.AutoTests" name="[336] /home/travis/build/icyphy/ptII/ptolemy/actor/lib/test/auto/SetVariable4.xml (RunModel)" time="0.028" />
  <testcase classname="ptolemy.util.test.junit.AutoTests" name="[337] /home/travis/build/icyphy/ptII/ptolemy/actor/lib/test/auto/SetVariable5.xml (RunModel)" time="0.039" />
  <testcase classname="ptolemy.util.test.junit.AutoTests" name="[338] /home/travis/build/icyphy/ptII/ptolemy/actor/lib/test/auto/Sinewave.xml (RunModel)" time="0.043" />
  <testcase classname="ptolemy.util.test.junit.AutoTests" name="[339] /home/travis/build/icyphy/ptII/ptolemy/actor/lib/test/auto/Sinewave2.xml (RunModel)" time="0.017" />
  <testcase classname="ptolemy.util.test.junit.AutoTests" name="[340] /home/travis/build/icyphy/ptII/ptolemy/actor/lib/test/auto/Sinewave3.xml (RunModel)" time="0.024" />
  <testcase classname="ptolemy.util.test.junit.AutoTests" name="[341] /home/travis/build/icyphy/ptII/ptolemy/actor/lib/test/auto/SingleEvent.xml (RunModel)" time="0.007" />
  <testcase classname="ptolemy.util.test.junit.AutoTests" name="[342] /home/travis/build/icyphy/ptII/ptolemy/actor/lib/test/auto/Sleep.xml (RunModel)" time="6.015" />
  <testcase classname="ptolemy.util.test.junit.AutoTests" name="[343] /home/travis/build/icyphy/ptII/ptolemy/actor/lib/test/auto/SleepMultipleFire.xml (RunModel)" time="1.018" />
  <testcase classname="ptolemy.util.test.junit.AutoTests" name="[344] /home/travis/build/icyphy/ptII/ptolemy/actor/lib/test/auto/StopDE.xml (RunModel)" time="0.014" />
  <testcase classname="ptolemy.util.test.junit.AutoTests" name="[345] /home/travis/build/icyphy/ptII/ptolemy/actor/lib/test/auto/StopSDF.xml (RunModel)" time="0.015" />
  <testcase classname="ptolemy.util.test.junit.AutoTests" name="[346] /home/travis/build/icyphy/ptII/ptolemy/actor/lib/test/auto/StringConstant.xml (RunModel)" time="0.019" />
  <testcase classname="ptolemy.util.test.junit.AutoTests" name="[347] /home/travis/build/icyphy/ptII/ptolemy/actor/lib/test/auto/SubscriberPortInitialValues1.xml (RunModel)" time="0.03" />
  <testcase classname="ptolemy.util.test.junit.AutoTests" name="[348] /home/travis/build/icyphy/ptII/ptolemy/actor/lib/test/auto/SubscriberPortInitialValues13.xml (RunModel)" time="0.029" />
  <testcase classname="ptolemy.util.test.junit.AutoTests" name="[349] /home/travis/build/icyphy/ptII/ptolemy/actor/lib/test/auto/SubscriberPortInitialValues14.xml (RunModel)" time="0.015" />
  <testcase classname="ptolemy.util.test.junit.AutoTests" name="[350] /home/travis/build/icyphy/ptII/ptolemy/actor/lib/test/auto/SubscriberPortInitialValues2.xml (RunModel)" time="0.016" />
  <testcase classname="ptolemy.util.test.junit.AutoTests" name="[351] /home/travis/build/icyphy/ptII/ptolemy/actor/lib/test/auto/SubscriberPortInitialValues3.xml (RunModel)" time="0.026" />
  <testcase classname="ptolemy.util.test.junit.AutoTests" name="[352] /home/travis/build/icyphy/ptII/ptolemy/actor/lib/test/auto/SubscriptionAggregator.xml (RunModel)" time="0.011" />
  <testcase classname="ptolemy.util.test.junit.AutoTests" name="[353] /home/travis/build/icyphy/ptII/ptolemy/actor/lib/test/auto/SubscriptionAggregator2.xml (RunModel)" time="0.012" />
  <testcase classname="ptolemy.util.test.junit.AutoTests" name="[354] /home/travis/build/icyphy/ptII/ptolemy/actor/lib/test/auto/SubscriptionAggregator3.xml (RunModel)" time="0.017" />
  <testcase classname="ptolemy.util.test.junit.AutoTests" name="[355] /home/travis/build/icyphy/ptII/ptolemy/actor/lib/test/auto/SubscriptionAggregatorMultiply.xml (RunModel)" time="0.025" />
  <testcase classname="ptolemy.util.test.junit.AutoTests" name="[356] /home/travis/build/icyphy/ptII/ptolemy/actor/lib/test/auto/SubscriptionAggregatorPortMultiply1.xml (RunModel)" time="0.016" />
  <testcase classname="ptolemy.util.test.junit.AutoTests" name="[357] /home/travis/build/icyphy/ptII/ptolemy/actor/lib/test/auto/Switch.xml (RunModel)" time="0.018" />
  <testcase classname="ptolemy.util.test.junit.AutoTests" name="[358] /home/travis/build/icyphy/ptII/ptolemy/actor/lib/test/auto/Switch2.xml (RunModel)" time="0.013" />
  <testcase classname="ptolemy.util.test.junit.AutoTests" name="[359] /home/travis/build/icyphy/ptII/ptolemy/actor/lib/test/auto/SwitchDE.xml (RunModel)" time="0.014" />
  <testcase classname="ptolemy.util.test.junit.AutoTests" name="[360] /home/travis/build/icyphy/ptII/ptolemy/actor/lib/test/auto/SynchronizerDE.xml (RunModel)" time="0.028" />
  <testcase classname="ptolemy.util.test.junit.AutoTests" name="[361] /home/travis/build/icyphy/ptII/ptolemy/actor/lib/test/auto/Test.xml (RunModel)" time="0.031" />
  <testcase classname="ptolemy.util.test.junit.AutoTests" name="[362] /home/travis/build/icyphy/ptII/ptolemy/actor/lib/test/auto/TestExceptionAttribute1.xml (RunModel)" time="0.007" />
  <testcase classname="ptolemy.util.test.junit.AutoTests" name="[363] /home/travis/build/icyphy/ptII/ptolemy/actor/lib/test/auto/TestExceptionAttribute2.xml (RunModel)" time="0.01" />
  <testcase classname="ptolemy.util.test.junit.AutoTests" name="[364] /home/travis/build/icyphy/ptII/ptolemy/actor/lib/test/auto/TestExceptionAttribute3.xml (RunModel)" time="0.011" />
  <testcase classname="ptolemy.util.test.junit.AutoTests" name="[365] /home/travis/build/icyphy/ptII/ptolemy/actor/lib/test/auto/TestExceptionAttribute4.xml (RunModel)" time="0.007" />
  <testcase classname="ptolemy.util.test.junit.AutoTests" name="[366] /home/travis/build/icyphy/ptII/ptolemy/actor/lib/test/auto/TestExceptionHandler1.xml (RunModel)" time="0.014" />
  <testcase classname="ptolemy.util.test.junit.AutoTests" name="[367] /home/travis/build/icyphy/ptII/ptolemy/actor/lib/test/auto/TestExceptionHandler2.xml (RunModel)" time="0.013" />
  <testcase classname="ptolemy.util.test.junit.AutoTests" name="[368] /home/travis/build/icyphy/ptII/ptolemy/actor/lib/test/auto/TestExceptionHandler3.xml (RunModel)" time="0.006" />
  <testcase classname="ptolemy.util.test.junit.AutoTests" name="[369] /home/travis/build/icyphy/ptII/ptolemy/actor/lib/test/auto/TestExceptionHandler4.xml (RunModel)" time="0.006" />
  <testcase classname="ptolemy.util.test.junit.AutoTests" name="[370] /home/travis/build/icyphy/ptII/ptolemy/actor/lib/test/auto/TestRequireCorrectOrder.xml (RunModel)" time="0.013" />
  <testcase classname="ptolemy.util.test.junit.AutoTests" name="[371] /home/travis/build/icyphy/ptII/ptolemy/actor/lib/test/auto/TestSimple.xml (RunModel)" time="0.007" />
  <testcase classname="ptolemy.util.test.junit.AutoTests" name="[372] /home/travis/build/icyphy/ptII/ptolemy/actor/lib/test/auto/ThrowModelError.xml (RunModel)" time="0.011" />
  <testcase classname="ptolemy.util.test.junit.AutoTests" name="[373] /home/travis/build/icyphy/ptII/ptolemy/actor/lib/test/auto/TimeDelayMicrosteps.xml (RunModel)" time="0.02" />
  <testcase classname="ptolemy.util.test.junit.AutoTests" name="[374] /home/travis/build/icyphy/ptII/ptolemy/actor/lib/test/auto/TimeDelayMicrosteps2.xml (RunModel)" time="0.016" />
  <testcase classname="ptolemy.util.test.junit.AutoTests" name="[375] /home/travis/build/icyphy/ptII/ptolemy/actor/lib/test/auto/TimeDelayMicrosteps3.xml (RunModel)" time="0.014" />
  <testcase classname="ptolemy.util.test.junit.AutoTests" name="[376] /home/travis/build/icyphy/ptII/ptolemy/actor/lib/test/auto/TimeDelayVariableMicrosteps.xml (RunModel)" time="0.018" />
  <testcase classname="ptolemy.util.test.junit.AutoTests" name="[377] /home/travis/build/icyphy/ptII/ptolemy/actor/lib/test/auto/TimeGap.xml (RunModel)" time="0.039" />
  <testcase classname="ptolemy.util.test.junit.AutoTests" name="[378] /home/travis/build/icyphy/ptII/ptolemy/actor/lib/test/auto/TimeGap2.xml (RunModel)" time="0.021" />
  <testcase classname="ptolemy.util.test.junit.AutoTests" name="[379] /home/travis/build/icyphy/ptII/ptolemy/actor/lib/test/auto/TimedSinewave.xml (RunModel)" time="0.052" />
  <testcase classname="ptolemy.util.test.junit.AutoTests" name="[380] /home/travis/build/icyphy/ptII/ptolemy/actor/lib/test/auto/TimedSinewavePhase.xml (RunModel)" time="0.026" />
  <testcase classname="ptolemy.util.test.junit.AutoTests" name="[381] /home/travis/build/icyphy/ptII/ptolemy/actor/lib/test/auto/Timer.xml (RunModel)" time="0.014" />
  <testcase classname="ptolemy.util.test.junit.AutoTests" name="[382] /home/travis/build/icyphy/ptII/ptolemy/actor/lib/test/auto/TriangularDistTestModel.xml (RunModel)" time="0.018" />
  <testcase classname="ptolemy.util.test.junit.AutoTests" name="[383] /home/travis/build/icyphy/ptII/ptolemy/actor/lib/test/auto/TrigFunction.xml (RunModel)" time="0.01" />
  <testcase classname="ptolemy.util.test.junit.AutoTests" name="[384] /home/travis/build/icyphy/ptII/ptolemy/actor/lib/test/auto/TrigFunctionDE.xml (RunModel)" time="0.011" />
  <testcase classname="ptolemy.util.test.junit.AutoTests" name="[385] /home/travis/build/icyphy/ptII/ptolemy/actor/lib/test/auto/TrigFunctionInverse.xml (RunModel)" time="0.01" />
  <testcase classname="ptolemy.util.test.junit.AutoTests" name="[386] /home/travis/build/icyphy/ptII/ptolemy/actor/lib/test/auto/TrigFunctionTan.xml (RunModel)" time="0.008" />
  <testcase classname="ptolemy.util.test.junit.AutoTests" name="[387] /home/travis/build/icyphy/ptII/ptolemy/actor/lib/test/auto/TriggeredClock.xml (RunModel)" time="0.009" />
  <testcase classname="ptolemy.util.test.junit.AutoTests" name="[388] /home/travis/build/icyphy/ptII/ptolemy/actor/lib/test/auto/URLDirectoryReader.xml (RunModel)" time="0.124" />
  <testcase classname="ptolemy.util.test.junit.AutoTests" name="[389] /home/travis/build/icyphy/ptII/ptolemy/actor/lib/test/auto/URLDirectoryReader3.xml (RunModel)" time="1.379" />
  <testcase classname="ptolemy.util.test.junit.AutoTests" name="[390] /home/travis/build/icyphy/ptII/ptolemy/actor/lib/test/auto/UnaryMathFunction.xml (RunModel)" time="0.027" />
  <testcase classname="ptolemy.util.test.junit.AutoTests" name="[391] /home/travis/build/icyphy/ptII/ptolemy/actor/lib/test/auto/Uniform.xml (RunModel)" time="0.014" />
  <testcase classname="ptolemy.util.test.junit.AutoTests" name="[392] /home/travis/build/icyphy/ptII/ptolemy/actor/lib/test/auto/UnionDisassemblerTest.xml (RunModel)" time="0.009" />
  <testcase classname="ptolemy.util.test.junit.AutoTests" name="[393] /home/travis/build/icyphy/ptII/ptolemy/actor/lib/test/auto/UtilityFunctions.xml (RunModel)" time="0.01" />
  <testcase classname="ptolemy.util.test.junit.AutoTests" name="[394] /home/travis/build/icyphy/ptII/ptolemy/actor/lib/test/auto/VariableSleep.xml (RunModel)" time="0.513" />
  <testcase classname="ptolemy.util.test.junit.AutoTests" name="[395] /home/travis/build/icyphy/ptII/ptolemy/actor/lib/test/auto/VectorAssemblerDisassemblerCT.xml (RunModel)" time="0.121" />
  <testcase classname="ptolemy.util.test.junit.AutoTests" name="[396] /home/travis/build/icyphy/ptII/ptolemy/actor/lib/test/auto/VectorAssemblerDisassemblerDE.xml (RunModel)" time="0.02" />
  <testcase classname="ptolemy.util.test.junit.AutoTests" name="[397] /home/travis/build/icyphy/ptII/ptolemy/actor/lib/test/auto/VectorAssemblerDisassemblerSDF.xml (RunModel)" time="0.012" />
  <testcase classname="ptolemy.util.test.junit.AutoTests" name="[398] /home/travis/build/icyphy/ptII/ptolemy/actor/lib/test/auto/WallClockTime.xml (RunModel)" time="1.013" />
  <testcase classname="ptolemy.util.test.junit.AutoTests" name="[399] /home/travis/build/icyphy/ptII/ptolemy/actor/lib/test/auto/WidthTestWithSubscriberPublisher.xml (RunModel)" time="0.041" />
  <testcase classname="ptolemy.util.test.junit.AutoTests" name="[400] /home/travis/build/icyphy/ptII/ptolemy/actor/lib/test/auto/WidthTestWithSubscriberPublisher2.xml (RunModel)" time="0.023" />
  <testcase classname="ptolemy.util.test.junit.AutoTests" name="[401] /home/travis/build/icyphy/ptII/ptolemy/actor/lib/test/auto/WidthTestWithSubscriberPublisher3.xml (RunModel)" time="0.011" />
  <testcase classname="ptolemy.util.test.junit.AutoTests" name="[402] /home/travis/build/icyphy/ptII/ptolemy/actor/lib/test/auto/Writer.xml (RunModel)" time="0.008" />
  <testcase classname="ptolemy.util.test.junit.AutoTests" name="[403] /home/travis/build/icyphy/ptII/ptolemy/actor/lib/test/auto/array.xml (RunModel)" time="0.009" />
  <testcase classname="ptolemy.util.test.junit.AutoTests" name="[404] /home/travis/build/icyphy/ptII/ptolemy/actor/lib/test/auto/array2.xml (RunModel)" time="0.017" />
  <testcase classname="ptolemy.util.test.junit.AutoTests" name="[405] /home/travis/build/icyphy/ptII/ptolemy/actor/lib/test/auto/arrayType.xml (RunModel)" time="0.012" />
  <testcase classname="ptolemy.util.test.junit.AutoTests" name="[406] /home/travis/build/icyphy/ptII/ptolemy/actor/lib/test/auto/arrayType10.xml (RunModel)" time="0.009" />
  <testcase classname="ptolemy.util.test.junit.AutoTests" name="[407] /home/travis/build/icyphy/ptII/ptolemy/actor/lib/test/auto/arrayType11.xml (RunModel)" time="0.009" />
  <testcase classname="ptolemy.util.test.junit.AutoTests" name="[408] /home/travis/build/icyphy/ptII/ptolemy/actor/lib/test/auto/arrayType12.xml (RunModel)" time="0.01" />
  <testcase classname="ptolemy.util.test.junit.AutoTests" name="[409] /home/travis/build/icyphy/ptII/ptolemy/actor/lib/test/auto/arrayType13.xml (RunModel)" time="0.009" />
  <testcase classname="ptolemy.util.test.junit.AutoTests" name="[410] /home/travis/build/icyphy/ptII/ptolemy/actor/lib/test/auto/arrayType14.xml (RunModel)" time="0.009" />
  <testcase classname="ptolemy.util.test.junit.AutoTests" name="[411] /home/travis/build/icyphy/ptII/ptolemy/actor/lib/test/auto/arrayType15.xml (RunModel)" time="0.011" />
  <testcase classname="ptolemy.util.test.junit.AutoTests" name="[412] /home/travis/build/icyphy/ptII/ptolemy/actor/lib/test/auto/arrayType16.xml (RunModel)" time="0.009" />
  <testcase classname="ptolemy.util.test.junit.AutoTests" name="[413] /home/travis/build/icyphy/ptII/ptolemy/actor/lib/test/auto/arrayType17.xml (RunModel)" time="0.009" />
  <testcase classname="ptolemy.util.test.junit.AutoTests" name="[414] /home/travis/build/icyphy/ptII/ptolemy/actor/lib/test/auto/arrayType18.xml (RunModel)" time="0.008" />
  <testcase classname="ptolemy.util.test.junit.AutoTests" name="[415] /home/travis/build/icyphy/ptII/ptolemy/actor/lib/test/auto/arrayType19.xml (RunModel)" time="0.009" />
  <testcase classname="ptolemy.util.test.junit.AutoTests" name="[416] /home/travis/build/icyphy/ptII/ptolemy/actor/lib/test/auto/arrayType2.xml (RunModel)" time="0.009" />
  <testcase classname="ptolemy.util.test.junit.AutoTests" name="[417] /home/travis/build/icyphy/ptII/ptolemy/actor/lib/test/auto/arrayType20.xml (RunModel)" time="0.009" />
  <testcase classname="ptolemy.util.test.junit.AutoTests" name="[418] /home/travis/build/icyphy/ptII/ptolemy/actor/lib/test/auto/arrayType21.xml (RunModel)" time="0.01" />
  <testcase classname="ptolemy.util.test.junit.AutoTests" name="[419] /home/travis/build/icyphy/ptII/ptolemy/actor/lib/test/auto/arrayType22.xml (RunModel)" time="0.009" />
  <testcase classname="ptolemy.util.test.junit.AutoTests" name="[420] /home/travis/build/icyphy/ptII/ptolemy/actor/lib/test/auto/arrayType23.xml (RunModel)" time="0.009" />
  <testcase classname="ptolemy.util.test.junit.AutoTests" name="[421] /home/travis/build/icyphy/ptII/ptolemy/actor/lib/test/auto/arrayType24.xml (RunModel)" time="0.009" />
  <testcase classname="ptolemy.util.test.junit.AutoTests" name="[422] /home/travis/build/icyphy/ptII/ptolemy/actor/lib/test/auto/arrayType25.xml (RunModel)" time="0.009" />
  <testcase classname="ptolemy.util.test.junit.AutoTests" name="[423] /home/travis/build/icyphy/ptII/ptolemy/actor/lib/test/auto/arrayType26.xml (RunModel)" time="0.009" />
  <testcase classname="ptolemy.util.test.junit.AutoTests" name="[424] /home/travis/build/icyphy/ptII/ptolemy/actor/lib/test/auto/arrayType27.xml (RunModel)" time="0.009" />
  <testcase classname="ptolemy.util.test.junit.AutoTests" name="[425] /home/travis/build/icyphy/ptII/ptolemy/actor/lib/test/auto/arrayType28.xml (RunModel)" time="0.01" />
  <testcase classname="ptolemy.util.test.junit.AutoTests" name="[426] /home/travis/build/icyphy/ptII/ptolemy/actor/lib/test/auto/arrayType3.xml (RunModel)" time="0.01" />
  <testcase classname="ptolemy.util.test.junit.AutoTests" name="[427] /home/travis/build/icyphy/ptII/ptolemy/actor/lib/test/auto/arrayType4.xml (RunModel)" time="0.009" />
  <testcase classname="ptolemy.util.test.junit.AutoTests" name="[428] /home/travis/build/icyphy/ptII/ptolemy/actor/lib/test/auto/arrayType5.xml (RunModel)" time="0.009" />
  <testcase classname="ptolemy.util.test.junit.AutoTests" name="[429] /home/travis/build/icyphy/ptII/ptolemy/actor/lib/test/auto/arrayType6.xml (RunModel)" time="0.013" />
  <testcase classname="ptolemy.util.test.junit.AutoTests" name="[430] /home/travis/build/icyphy/ptII/ptolemy/actor/lib/test/auto/arrayType7.xml (RunModel)" time="0.022" />
  <testcase classname="ptolemy.util.test.junit.AutoTests" name="[431] /home/travis/build/icyphy/ptII/ptolemy/actor/lib/test/auto/arrayType8.xml (RunModel)" time="0.014" />
  <testcase classname="ptolemy.util.test.junit.AutoTests" name="[432] /home/travis/build/icyphy/ptII/ptolemy/actor/lib/test/auto/arrayType9.xml (RunModel)" time="0.009" />
  <testcase classname="ptolemy.util.test.junit.AutoTests" name="[433] /home/travis/build/icyphy/ptII/ptolemy/actor/lib/test/auto/cast.xml (RunModel)" time="0.009" />
  <testcase classname="ptolemy.util.test.junit.AutoTests" name="[434] /home/travis/build/icyphy/ptII/ptolemy/actor/lib/test/auto/compositeMultiPort.xml (RunModel)" time="0.016" />
  <testcase classname="ptolemy.util.test.junit.AutoTests" name="[435] /home/travis/build/icyphy/ptII/ptolemy/actor/lib/test/auto/expressionCastInference.xml (RunModel)" time="0.009" />
  <testcase classname="ptolemy.util.test.junit.AutoTests" name="[436] /home/travis/build/icyphy/ptII/ptolemy/actor/lib/test/auto/expressionCastInference2.xml (RunModel)" time="0.008" />
  <testcase classname="ptolemy.util.test.junit.AutoTests" name="[437] /home/travis/build/icyphy/ptII/ptolemy/actor/lib/test/auto/expressionInference.xml (RunModel)" time="0.007" />
  <testcase classname="ptolemy.util.test.junit.AutoTests" name="[438] /home/travis/build/icyphy/ptII/ptolemy/actor/lib/test/auto/expression_bug.xml (RunModel)" time="0.008" />
  <testcase classname="ptolemy.util.test.junit.AutoTests" name="[439] /home/travis/build/icyphy/ptII/ptolemy/actor/lib/test/auto/factorial.xml (RunModel)" time="0.054" />
  <testcase classname="ptolemy.util.test.junit.AutoTests" name="[440] /home/travis/build/icyphy/ptII/ptolemy/actor/lib/test/auto/filterTest1.xml (RunModel)" time="0.045" />
  <testcase classname="ptolemy.util.test.junit.AutoTests" name="[441] /home/travis/build/icyphy/ptII/ptolemy/actor/lib/test/auto/funcApplyInConst.xml (RunModel)" time="0.006" />
  <testcase classname="ptolemy.util.test.junit.AutoTests" name="[442] /home/travis/build/icyphy/ptII/ptolemy/actor/lib/test/auto/funcApplyInExpr.xml (RunModel)" time="0.006" />
  <testcase classname="ptolemy.util.test.junit.AutoTests" name="[443] /home/travis/build/icyphy/ptII/ptolemy/actor/lib/test/auto/function.xml (RunModel)" time="0.014" />
  <testcase classname="ptolemy.util.test.junit.AutoTests" name="[444] /home/travis/build/icyphy/ptII/ptolemy/actor/lib/test/auto/function2.xml (RunModel)" time="0.029" />
  <testcase classname="ptolemy.util.test.junit.AutoTests" name="[445] /home/travis/build/icyphy/ptII/ptolemy/actor/lib/test/auto/function3.xml (RunModel)" time="0.033" />
  <testcase classname="ptolemy.util.test.junit.AutoTests" name="[446] /home/travis/build/icyphy/ptII/ptolemy/actor/lib/test/auto/functionClosureTest1.xml (RunModel)" time="0.048" />
  <testcase classname="ptolemy.util.test.junit.AutoTests" name="[447] /home/travis/build/icyphy/ptII/ptolemy/actor/lib/test/auto/functionClosureTest2.xml (RunModel)" time="0.052" />
  <testcase classname="ptolemy.util.test.junit.AutoTests" name="[448] /home/travis/build/icyphy/ptII/ptolemy/actor/lib/test/auto/functionClosureTest3.xml (RunModel)" time="0.015" />
  <testcase classname="ptolemy.util.test.junit.AutoTests" name="[449] /home/travis/build/icyphy/ptII/ptolemy/actor/lib/test/auto/functionClosureTest4.xml (RunModel)" time="0.014" />
  <testcase classname="ptolemy.util.test.junit.AutoTests" name="[450] /home/travis/build/icyphy/ptII/ptolemy/actor/lib/test/auto/functionClosureTest5.xml (RunModel)" time="0.014" />
  <testcase classname="ptolemy.util.test.junit.AutoTests" name="[451] /home/travis/build/icyphy/ptII/ptolemy/actor/lib/test/auto/functionClosureTest6.xml (RunModel)" time="0.008" />
  <testcase classname="ptolemy.util.test.junit.AutoTests" name="[452] /home/travis/build/icyphy/ptII/ptolemy/actor/lib/test/auto/functionsOnArcs.xml (RunModel)" time="0.03" />
  <testcase classname="ptolemy.util.test.junit.AutoTests" name="[453] /home/travis/build/icyphy/ptII/ptolemy/actor/lib/test/auto/functionsOnArcsHOF.xml (RunModel)" time="0.017" />
  <testcase classname="ptolemy.util.test.junit.AutoTests" name="[454] /home/travis/build/icyphy/ptII/ptolemy/actor/lib/test/auto/logic.xml (RunModel)" time="0.018" />
  <testcase classname="ptolemy.util.test.junit.AutoTests" name="[455] /home/travis/build/icyphy/ptII/ptolemy/actor/lib/test/auto/matrixType.xml (RunModel)" time="0.009" />
  <testcase classname="ptolemy.util.test.junit.AutoTests" name="[456] /home/travis/build/icyphy/ptII/ptolemy/actor/lib/test/auto/matrixType10.xml (RunModel)" time="0.009" />
  <testcase classname="ptolemy.util.test.junit.AutoTests" name="[457] /home/travis/build/icyphy/ptII/ptolemy/actor/lib/test/auto/matrixType11.xml (RunModel)" time="0.009" />
  <testcase classname="ptolemy.util.test.junit.AutoTests" name="[458] /home/travis/build/icyphy/ptII/ptolemy/actor/lib/test/auto/matrixType12.xml (RunModel)" time="0.012" />
  <testcase classname="ptolemy.util.test.junit.AutoTests" name="[459] /home/travis/build/icyphy/ptII/ptolemy/actor/lib/test/auto/matrixType13.xml (RunModel)" time="0.01" />
  <testcase classname="ptolemy.util.test.junit.AutoTests" name="[460] /home/travis/build/icyphy/ptII/ptolemy/actor/lib/test/auto/matrixType14.xml (RunModel)" time="0.011" />
  <testcase classname="ptolemy.util.test.junit.AutoTests" name="[461] /home/travis/build/icyphy/ptII/ptolemy/actor/lib/test/auto/matrixType2.xml (RunModel)" time="0.009" />
  <testcase classname="ptolemy.util.test.junit.AutoTests" name="[462] /home/travis/build/icyphy/ptII/ptolemy/actor/lib/test/auto/matrixType3.xml (RunModel)" time="0.011" />
  <testcase classname="ptolemy.util.test.junit.AutoTests" name="[463] /home/travis/build/icyphy/ptII/ptolemy/actor/lib/test/auto/matrixType4.xml (RunModel)" time="0.008" />
  <testcase classname="ptolemy.util.test.junit.AutoTests" name="[464] /home/travis/build/icyphy/ptII/ptolemy/actor/lib/test/auto/matrixType5.xml (RunModel)" time="0.009" />
  <testcase classname="ptolemy.util.test.junit.AutoTests" name="[465] /home/travis/build/icyphy/ptII/ptolemy/actor/lib/test/auto/matrixType6.xml (RunModel)" time="0.01" />
  <testcase classname="ptolemy.util.test.junit.AutoTests" name="[466] /home/travis/build/icyphy/ptII/ptolemy/actor/lib/test/auto/matrixType7.xml (RunModel)" time="0.009" />
  <testcase classname="ptolemy.util.test.junit.AutoTests" name="[467] /home/travis/build/icyphy/ptII/ptolemy/actor/lib/test/auto/matrixType8.xml (RunModel)" time="0.009" />
  <testcase classname="ptolemy.util.test.junit.AutoTests" name="[468] /home/travis/build/icyphy/ptII/ptolemy/actor/lib/test/auto/matrixType9.xml (RunModel)" time="0.008" />
  <testcase classname="ptolemy.util.test.junit.AutoTests" name="[469] /home/travis/build/icyphy/ptII/ptolemy/actor/lib/test/auto/paraFunctest.xml (RunModel)" time="0.008" />
  <testcase classname="ptolemy.util.test.junit.AutoTests" name="[470] /home/travis/build/icyphy/ptII/ptolemy/actor/lib/test/auto/paraFunctest2.xml (RunModel)" time="0.013" />
  <testcase classname="ptolemy.util.test.junit.AutoTests" name="[471] /home/travis/build/icyphy/ptII/ptolemy/actor/lib/test/auto/parameterPassing.xml (RunModel)" time="0.008" />
  <testcase classname="ptolemy.util.test.junit.AutoTests" name="[472] /home/travis/build/icyphy/ptII/ptolemy/actor/lib/test/auto/record.xml (RunModel)" time="0.012" />
  <testcase classname="ptolemy.util.test.junit.AutoTests" name="[473] /home/travis/build/icyphy/ptII/ptolemy/actor/lib/test/auto/sizedarray1.xml (RunModel)" time="0.01" />
  <testcase classname="ptolemy.util.test.junit.AutoTests" name="[474] /home/travis/build/icyphy/ptII/ptolemy/actor/lib/test/auto/sizedarray2.xml (RunModel)" time="0.011" />
  <testcase classname="ptolemy.util.test.junit.AutoTests" name="[475] /home/travis/build/icyphy/ptII/ptolemy/actor/lib/test/auto/twoPublishers.xml (RunModel)" time="0.024" />
  <system-out><![CDATA[/home/travis/build/icyphy/ptII/ptolemy/actor/lib/test/AbsoluteValue.tcl
testDefs.tcl: setting time out to 9000 seconds at Mon Aug 05 05:23:46 UTC 2019
107 ms. Memory: 120832K Free: 85445K (71%)
5 ms. Memory: 120832K Free: 83911K (69%)
7 ms. Memory: 120832K Free: 82887K (69%)
15 ms. Memory: 120832K Free: 82359K (68%)
/home/travis/build/icyphy/ptII/ptolemy/actor/lib/test/AddSubtract.tcl
11 ms. Memory: 120832K Free: 80325K (66%)
6 ms. Memory: 120832K Free: 79815K (66%)
5 ms. Memory: 120832K Free: 78791K (65%)
8 ms. Memory: 120832K Free: 77767K (64%)
49 ms. Memory: 120832K Free: 75205K (62%)
16 ms. Memory: 120832K Free: 74181K (61%)
/home/travis/build/icyphy/ptII/ptolemy/actor/lib/test/Average.tcl
7 ms. Memory: 120832K Free: 72647K (60%)
8 ms. Memory: 120832K Free: 71623K (59%)
/home/travis/build/icyphy/ptII/ptolemy/actor/lib/test/Bernoulli.tcl
5 ms. Memory: 120832K Free: 70071K (58%)
2 ms. Memory: 120832K Free: 69575K (58%)
/home/travis/build/icyphy/ptII/ptolemy/actor/lib/test/Clock.tcl
preinitializing
resolving types
initializing
executing number 1
wrapping up
idle
56 ms. Memory: 120832K Free: 67013K (55%)
Completed execution with 5 iterations
preinitializing
resolving types
initializing
executing number 1
wrapping up
idle
7 ms. Memory: 120832K Free: 65983K (55%)
Completed execution with 5 iterations
preinitializing
resolving types
initializing
executing number 1
wrapping up
idle
14 ms. Memory: 120832K Free: 65479K (54%)
Completed execution with 5 iterations
/home/travis/build/icyphy/ptII/ptolemy/actor/lib/test/Commutator.tcl
16 ms. Memory: 120832K Free: 63431K (52%)
15 ms. Memory: 120832K Free: 62407K (52%)
17 ms. Memory: 120832K Free: 56767K (47%)
/home/travis/build/icyphy/ptII/ptolemy/actor/lib/test/Const.tcl
5 ms. Memory: 120832K Free: 55239K (46%)
3 ms. Memory: 120832K Free: 54695K (45%)
13 ms. Memory: 120832K Free: 54215K (45%)
3 ms. Memory: 120832K Free: 53701K (44%)
3 ms. Memory: 120832K Free: 52677K (44%)
13 ms. Memory: 120832K Free: 51143K (42%)
5 ms. Memory: 120832K Free: 50119K (41%)
7 ms. Memory: 120832K Free: 49575K (41%)
/home/travis/build/icyphy/ptII/ptolemy/actor/lib/test/CurrentTime.tcl
preinitializing
resolving types
initializing
executing number 1
wrapping up
idle
8 ms. Memory: 120832K Free: 47557K (39%)
Completed execution with 11 iterations
/home/travis/build/icyphy/ptII/ptolemy/actor/lib/test/DB.tcl
34 ms. Memory: 120832K Free: 107055K (89%)
10 ms. Memory: 120832K Free: 106545K (88%)
1 ms. Memory: 120832K Free: 106545K (88%)
/home/travis/build/icyphy/ptII/ptolemy/actor/lib/test/DiscreteRandomSource.tcl
preinitializing
resolving types
initializing
executing number 1
wrapping up
idle
16 ms. Memory: 120832K Free: 104820K (87%)
Completed execution with 4 iterations
preinitializing
resolving types
initializing
executing number 1
wrapping up
idle
4 ms. Memory: 120832K Free: 103952K (86%)
Completed execution with 4 iterations
preinitializing
resolving types
initializing
executing number 1
wrapping up
idle
3 ms. Memory: 120832K Free: 103952K (86%)
Completed execution with 4 iterations
preinitializing
resolving types
initializing
executing number 1
wrapping up
idle
2 ms. Memory: 120832K Free: 103473K (86%)
Completed execution with 4 iterations
preinitializing
resolving types
initializing
executing number 1
wrapping up
idle
4 ms. Memory: 120832K Free: 102959K (85%)
Completed execution with 4 iterations
/home/travis/build/icyphy/ptII/ptolemy/actor/lib/test/Distributor.tcl
5 ms. Memory: 120832K Free: 101425K (84%)
3 ms. Memory: 120832K Free: 100401K (83%)
StreamChangeRequest.changeExecuted(): <deleteEntity name="rec2"/> succeeded
StreamChangeRequest.changeExecuted(): <deleteRelation name="r2"/> succeeded
StreamChangeRequest.changeExecuted(): Record firings per iteration succeeded
5 ms. Memory: 120832K Free: 97824K (81%)
/home/travis/build/icyphy/ptII/ptolemy/actor/lib/test/Exit.tcl
Exit.tcl: this will print a message about Manager.exitAfterWrapup, which can be ignored.
5 ms. Memory: 120832K Free: 95360K (79%)
/home/travis/build/icyphy/ptII/ptolemy/actor/lib/test/Expression.tcl
28 ms. Memory: 120832K Free: 103446K (86%)
9 ms. Memory: 120832K Free: 102874K (85%)
8 ms. Memory: 120832K Free: 101973K (84%)
preinitializing
resolving types
initializing
executing number 1
wrapping up
idle
17 ms. Memory: 120832K Free: 100360K (83%)
Completed execution with 6 iterations
8 ms. Memory: 120832K Free: 99802K (83%)
3 ms. Memory: 120832K Free: 98901K (82%)
13 ms. Memory: 120832K Free: 97847K (81%)
8 ms. Memory: 120832K Free: 96248K (80%)
8 ms. Memory: 120832K Free: 95240K (79%)
/home/travis/build/icyphy/ptII/ptolemy/actor/lib/test/Gaussian.tcl
12 ms. Memory: 120832K Free: 93658K (78%)
sleeping 1 seconds: ...............................................................................................................................................................................................................................................................................................................................................................................................................................................................................................................................................................................................................................................................................................................................................................................................................................................................................................................................................................................................................................................................................................................................................................................................................................................................................................................................................................................................................................................................................................................................................................................................................................................................................................................................................................................................................................................................................................................................................................................................................................................................................................................................................................................................................................................................................................................................................................................................................................................................................................................................................................................................................................................................................................................................................................................................................................................................................................................................................................................................................................................................................................................................................................................................................................................................................................................................................................................................................................................................................................................................................................................................................................................................................................................................................................................................................................................................................................................................................................................................................................................................................................................................................................................................................................................................................................................................................................................................................................................................................................................................................................................................................................................................................................................................................................................................................................................................................................................................................................................................................................................................................................................................................................................................................................................................................................................................................................................................................................................................................................................................................................................................................................................................................................................................................................................................................................................................................................................................................................................................................................................................................................................................................................................................................................................................................................................................................................................................................................................................................................................................................................................................................................................................................................................................................................................................................................................................................................................................................................................................................................................................................................................................................................................................................................................................................................................................................................................................................................................................................................................................................................................................................................................................................................................................................................................................................................................................................................................................................................................................................................................................................................................................................................................................................................................................................................................................................................................................................................................................................................................................................................................................................................................................................................................................................................................................................................................................................................................................................................................................................................................................................................................................................................................................................................................................................................................................................................................................................................................................................................................................................................................................................................................................................................................................................................................................................................................................................................................................................................................................................................................................................................................................................................................................................................................................................................................................................................................................................................................................................................................................................................................................................................................................................................................................................................................................................................................................................................................................................................................................................................................................................................................................................................................................................................................................................................................................................................................................................................................................................................................................................................................................................................................................................................................................................................................................................................................................................................................................................................................................................................................................................................................................................................................................................................................................................................................................................................................................................................................................................................................................................................................................................................................................................................................................................................................................................................................................................................................................................................................................................................................................................................................................................................................................................................................................................................................................................................................................................................................................................................................................................................................................................................................................................................................................................................................................................................................................................................................................................................................................................................................................................................................................................................................................................................................................................................................................................................................................................................................................................................................................................................................................................................................................................................................................................................................................................................................................................................................................................................................................................................................................................................................................................................................................................................................................................................................................................................................................................................................................................................................................................................................................................................................................................................................................................................................................................................................................................................................................................................................................................................................................................................................................................................................................................................................................................................................................................................................................................................................................................................................................................................................................................................................................................................................................................................................................................................................................................................................................................................................................................................................................................................................................................................................................................................................................................................................................................................................................................................................................................................................................................................................................................................................................................................................................................................................................................................................................................................................................................................................................................................................................................................................................................................................................................................................................................................................................................................................................................................................................................................................................................................................................................................................................................................................................................................................................................................................................................................................................................................................................................................................................................................................................................................................................................................................................................................................................................................................................................................................................................................................................................................................................................................................................................................................................................................................................................................................................................................................................................................................................................................................................................................................................................................................................................................................................................................................................................................................................................................................................................................................................................................................................................................................................................................................................................................................................................................................................................................................................................................................................................................................................................................................................................................................................................................................................................................................................................................................................................................................................................................................................................................................................................................................................................................................................................................................................................................................................................................................................................................................................................................................................................................................................................................................................................................................................................................................................................................................................................................................................................................................................................................................................................................................................................................................................................................................................................................................................................................................................................................................................................................................................................................................................................................................................................................................................................................................................................................................................................................................................................................................................................................................................................................................................................................................................................................................................................................................................................................................................................................................................................................................................................................................................................................................................................................................................................................................................................................................................................................................................................................................................................................................................................................................................................................................................................................................................................................................................................................................................................................................................................................................................................................................................................................................................................................................................................................................................................................................................................................................................................................................................................................................................................................................................................................................................................................................................................................................................................................................................................................................................................................................................................................................................................................................................................................................................................................................................................................................................................................................................................................................................................................................................................................................................................................................................................................................................................................................................................................................................................................................................................................................................................................................................................................................................................................................................................................................................................................................................................................................................................................................................................................................................................................................................................................................................................................................................................................................................................................................................................................................................................................................................................................................................................................................................................................................................................................................................................................................................................................................................................................................................................................................2 ms. Memory: 120832K Free: 84923K (70%)
2 ms. Memory: 120832K Free: 83905K (69%)
2 ms. Memory: 120832K Free: 83395K (69%)
2 ms. Memory: 120832K Free: 82875K (69%)
2 ms. Memory: 120832K Free: 82371K (68%)
/home/travis/build/icyphy/ptII/ptolemy/actor/lib/test/IIR.tcl
/home/travis/build/icyphy/ptII/ptolemy/actor/lib/test/Interpolator.tcl
3 ms. Memory: 120832K Free: 78275K (65%)
1 ms. Memory: 120832K Free: 77747K (64%)
2 ms. Memory: 120832K Free: 77251K (64%)
2 ms. Memory: 120832K Free: 76723K (63%)
2 ms. Memory: 120832K Free: 75699K (63%)
1 ms. Memory: 120832K Free: 75203K (62%)
2 ms. Memory: 120832K Free: 74179K (61%)
15 ms. Memory: 120832K Free: 73155K (61%)
3 ms. Memory: 120832K Free: 72641K (60%)
2 ms. Memory: 120832K Free: 71603K (59%)
/home/travis/build/icyphy/ptII/ptolemy/actor/lib/test/MathFunction.tcl
4 ms. Memory: 120832K Free: 69555K (58%)
3 ms. Memory: 120832K Free: 68382K (57%)
2 ms. Memory: 120832K Free: 67011K (55%)
2 ms. Memory: 120832K Free: 66497K (55%)
3 ms. Memory: 120832K Free: 64963K (54%)
7 ms. Memory: 120832K Free: 62915K (52%)
/home/travis/build/icyphy/ptII/ptolemy/actor/lib/test/Maximum.tcl
4 ms. Memory: 120832K Free: 61363K (51%)
5 ms. Memory: 120832K Free: 60353K (50%)
3 ms. Memory: 120832K Free: 59843K (50%)
3 ms. Memory: 120832K Free: 59329K (49%)
/home/travis/build/icyphy/ptII/ptolemy/actor/lib/test/Minimum.tcl
9 ms. Memory: 120832K Free: 57281K (47%)
5 ms. Memory: 120832K Free: 56771K (47%)
3 ms. Memory: 120832K Free: 56257K (47%)
5 ms. Memory: 120832K Free: 55233K (46%)
/home/travis/build/icyphy/ptII/ptolemy/actor/lib/test/MultiplyDivide.tcl
9 ms. Memory: 120832K Free: 53699K (44%)
3 ms. Memory: 120832K Free: 52675K (44%)
16 ms. Memory: 120832K Free: 105670K (87%)
5 ms. Memory: 120832K Free: 104747K (87%)
5 ms. Memory: 120832K Free: 104237K (86%)
/home/travis/build/icyphy/ptII/ptolemy/actor/lib/test/OrderedMerge.tcl
Connections changed on port: inputA
Connections changed on port: inputB
Connections changed on port: output
Connections changed on port: output
Connections changed on port: output
Connections changed on port: input
.top. Preinitializing ...
Invoking preinitialize():  .top.OrderedMerge
Called preinitialize()
Invoking preinitialize():  .top.Ramp
Called preinitialize()
Invoking preinitialize():  .top.Ramp2
Called preinitialize()
Invoking preinitialize():  .top.Test
Called preinitialize()
Connections changed on port: inputA
Connections changed on port: output
Connections changed on port: output
Connections changed on port: input
Connections changed on port: inputB
Connections changed on port: output
.top. Finished preinitialize().
Called initialize().
Invoking initialize():  .top.OrderedMerge
Initializing actor: .top.OrderedMerge
Adding a thread: .top.OrderedMerge
Invoking initialize():  .top.Ramp
Initializing actor: .top.Ramp
Adding a thread: .top.Ramp
Invoking initialize():  .top.Ramp2
Initializing actor: .top.Ramp2
Adding a thread: .top.Ramp2
Invoking initialize():  .top.Test
Initializing actor: .top.Test
Adding a thread: .top.Test
Called fire().
Checking for deadlock:
-- Starting thread.
Called initialize()
Called prefire()
Called fire()
-- Starting thread.
Called initialize()
Called prefire()
Called fire()
There are 0 Blocked actors, 0 Stopped actors, and 4 active threads.
Waiting for actors to stop.
Called postfire()
Called prefire()
Called fire()
-- Starting thread.
Called initialize()
Called prefire()
Called fire()
Called postfire()
Called prefire()
Called fire()
-- Starting thread.
Called initialize()
Called prefire()
Called fire()
Read input token from inputA with value 0.0
Next port to read input from is inputB
Called postfire()
Called prefire()
Called fire()
Read input token from inputB with value 0.0
Sent output token with value 0.0
Next port to read input from is inputA
Called postfire()
Called prefire()
Called fire()
Checking for deadlock:
There are 1 Blocked actors, 0 Stopped actors, and 4 active threads.
Waiting for actors to stop.
Called postfire()
Called prefire()
Called fire()
Called postfire()
Called prefire()
Called fire()
-- Read input: 0.0, which is expected to match: 0.0
Called prefire()
Called fire()
Checking for deadlock:
There are 3 Blocked actors, 0 Stopped actors, and 4 active threads.
Waiting for actors to stop.
Read input token from inputA with value 1.0
Sent output token with value 0.0
Next port to read input from is inputB
Called postfire()
Called prefire()
Called fire()
Read input token from inputB with value 1.5
Checking for deadlock:
There are 1 Blocked actors, 0 Stopped actors, and 4 active threads.
Waiting for actors to stop.
Called postfire()
Called prefire()
Called fire()
Called postfire()
Called prefire()
Called fire()
-- Read input: 0.0, which is expected to match: 0.0
Called prefire()
Called fire()
Checking for deadlock:
There are 3 Blocked actors, 0 Stopped actors, and 4 active threads.
Waiting for actors to stop.
-- Read input: 1.0, which is expected to match: 1.0
Called prefire()
Called fire()
Sent output token with value 1.0
Next port to read input from is inputA
Called postfire()
Called prefire()
Called fire()
Read input token from inputA with value 2.0
Sent output token with value 1.5
Next port to read input from is inputB
Called postfire()
Called prefire()
Called fire()
Read input token from inputB with value 3.0
Checking for deadlock:
There are 1 Blocked actors, 0 Stopped actors, and 4 active threads.
Waiting for actors to stop.
Called postfire()
Called prefire()
Called fire()
Called postfire()
Called prefire()
Called fire()
-- Read input: 1.5, which is expected to match: 1.5
Called prefire()
Called fire()
Checking for deadlock:
There are 3 Blocked actors, 0 Stopped actors, and 4 active threads.
Waiting for actors to stop.
-- Read input: 2.0, which is expected to match: 2.0
Called prefire()
Called fire()
Sent output token with value 2.0
Next port to read input from is inputA
Called postfire()
Called prefire()
Called fire()
Read input token from inputA with value 3.0
Sent output token with value 3.0
Next port to read input from is inputB
Called postfire()
Called prefire()
Called fire()
Read input token from inputB with value 4.5
Checking for deadlock:
There are 1 Blocked actors, 0 Stopped actors, and 4 active threads.
Waiting for actors to stop.
Called postfire()
Called prefire()
Called fire()
Called postfire()
Called prefire()
Called fire()
-- Read input: 3.0, which is expected to match: 3.0
Called prefire()
Called fire()
Checking for deadlock:
There are 3 Blocked actors, 0 Stopped actors, and 4 active threads.
Waiting for actors to stop.
-- Read input: 3.0, which is expected to match: 3.0
Called prefire()
Called fire()
Checking for deadlock:
There are 3 Blocked actors, 0 Stopped actors, and 4 active threads.
Waiting for actors to stop.
Sent output token with value 3.0
Next port to read input from is inputA
Called postfire()
Called prefire()
Called fire()
Called postfire()
Called prefire()
Called fire()
Checking for deadlock:
There are 3 Blocked actors, 0 Stopped actors, and 4 active threads.
Waiting for actors to stop.
Read input token from inputA with value 4.0
-- Read input: 4.0, which is expected to match: 4.0
Called prefire()
Called fire()
Past the end of training data. Read and discard all inputs.
Checking for deadlock:
There are 3 Blocked actors, 0 Stopped actors, and 4 active threads.
Waiting for actors to stop.
Sent output token with value 4.0
Next port to read input from is inputA
Called postfire()
Called prefire()
Called fire()
Called postfire()
Called prefire()
Called fire()
Checking for deadlock:
There are 3 Blocked actors, 0 Stopped actors, and 4 active threads.
Waiting for actors to stop.
Read input token from inputA with value 5.0
Called prefire()
Called fire()
Past the end of training data. Read and discard all inputs.
Checking for deadlock:
There are 3 Blocked actors, 0 Stopped actors, and 4 active threads.
Waiting for actors to stop.
Sent output token with value 4.5
Next port to read input from is inputB
Called postfire()
Called prefire()
Called fire()
Checking for deadlock:
There are 2 Blocked actors, 0 Stopped actors, and 4 active threads.
Waiting for actors to stop.
Called postfire()
Called prefire()
Called fire()
Checking for deadlock:
There are 3 Blocked actors, 0 Stopped actors, and 4 active threads.
Waiting for actors to stop.
Read input token from inputB with value 6.0
Checking for deadlock:
There are 2 Blocked actors, 0 Stopped actors, and 4 active threads.
Waiting for actors to stop.
Called prefire()
Called fire()
Past the end of training data. Read and discard all inputs.
Checking for deadlock:
There are 3 Blocked actors, 0 Stopped actors, and 4 active threads.
Waiting for actors to stop.
Sent output token with value 5.0
Next port to read input from is inputA
Called postfire()
Called prefire()
Called fire()
Called postfire()
Called prefire()
Called fire()
Checking for deadlock:
There are 3 Blocked actors, 0 Stopped actors, and 4 active threads.
Waiting for actors to stop.
Read input token from inputA with value 6.0
Called prefire()
Called fire()
Past the end of training data. Read and discard all inputs.
Checking for deadlock:
There are 3 Blocked actors, 0 Stopped actors, and 4 active threads.
Waiting for actors to stop.
Sent output token with value 6.0
Next port to read input from is inputB
Called postfire()
Called prefire()
Called fire()
Checking for deadlock:
There are 2 Blocked actors, 0 Stopped actors, and 4 active threads.
Waiting for actors to stop.
Called postfire()
Called prefire()
Called fire()
Checking for deadlock:
There are 3 Blocked actors, 0 Stopped actors, and 4 active threads.
Waiting for actors to stop.
Read input token from inputB with value 7.5
Checking for deadlock:
There are 2 Blocked actors, 0 Stopped actors, and 4 active threads.
Waiting for actors to stop.
Called prefire()
Called fire()
Past the end of training data. Read and discard all inputs.
Checking for deadlock:
There are 3 Blocked actors, 0 Stopped actors, and 4 active threads.
Waiting for actors to stop.
Sent output token with value 6.0
Next port to read input from is inputA
Called postfire()
Called prefire()
Called fire()
Called postfire()
Called prefire()
Called fire()
Checking for deadlock:
There are 3 Blocked actors, 0 Stopped actors, and 4 active threads.
Waiting for actors to stop.
Read input token from inputA with value 7.0
Called prefire()
Called fire()
Past the end of training data. Read and discard all inputs.
Checking for deadlock:
There are 3 Blocked actors, 0 Stopped actors, and 4 active threads.
Waiting for actors to stop.
Sent output token with value 7.0
Next port to read input from is inputA
Called postfire()
Called prefire()
Called fire()
-- Thread wrapup() called.
Called wrapup()
Thread .top.Ramp is exiting.
-- Thread stopped.
Checking for deadlock:
There are 2 Blocked actors, 0 Stopped actors, and 3 active threads.
Waiting for actors to stop.
Read input token from inputA with value 8.0
Sent output token with value 7.5
Next port to read input from is inputB
Called postfire()
Called prefire()
Called fire()
Read input token from inputB with value 9.0
Checking for deadlock:
There are 1 Blocked actors, 0 Stopped actors, and 3 active threads.
Waiting for actors to stop.
Called prefire()
Called fire()
Past the end of training data. Read and discard all inputs.
Called postfire()
Called prefire()
Called fire()
Checking for deadlock:
There are 2 Blocked actors, 0 Stopped actors, and 3 active threads.
Waiting for actors to stop.
Called prefire()
Called fire()
Past the end of training data. Read and discard all inputs.
Checking for deadlock:
There are 2 Blocked actors, 0 Stopped actors, and 3 active threads.
Waiting for actors to stop.
Sent output token with value 8.0
Next port to read input from is inputA
Called postfire()
Called prefire()
Called fire()
Read input token from inputA with value 9.0
Called prefire()
Called fire()
Past the end of training data. Read and discard all inputs.
Checking for deadlock:
There are 2 Blocked actors, 0 Stopped actors, and 3 active threads.
Waiting for actors to stop.
Sent output token with value 9.0
Next port to read input from is inputB
Called postfire()
Called prefire()
Called fire()
Checking for deadlock:
There are 1 Blocked actors, 0 Stopped actors, and 3 active threads.
Waiting for actors to stop.
Called postfire()
Called prefire()
Called fire()
Checking for deadlock:
There are 2 Blocked actors, 0 Stopped actors, and 3 active threads.
Waiting for actors to stop.
Read input token from inputB with value 10.5
Checking for deadlock:
There are 1 Blocked actors, 0 Stopped actors, and 3 active threads.
Waiting for actors to stop.
Called prefire()
Called fire()
Past the end of training data. Read and discard all inputs.
Checking for deadlock:
There are 2 Blocked actors, 0 Stopped actors, and 3 active threads.
Waiting for actors to stop.
Sent output token with value 9.0
Next port to read input from is inputA
Called postfire()
Called prefire()
Called fire()
Checking for deadlock:
There are 3 Blocked actors, 0 Stopped actors, and 3 active threads.
Actors have stopped.
Checking for deadlock:
There are 3 Blocked actors, 0 Stopped actors, and 3 active threads.
Deadlock detected.
Resolving Deadlock
Checking for deadlock:
There are 3 Blocked actors, 0 Stopped actors, and 3 active threads.
Artificial Deadlock - increasing queue capacity.
increasing the capacity of receiver ptolemy.actor.TypedIOPort {.top.OrderedMerge.inputB} to 2
-- Thread wrapup() called.
Called wrapup()
Thread .top.Ramp2 is exiting.
-- Thread stopped.
Director: Called postfire().
Called postfire().
_stopRequested = false
_stopFireRequested = false
Returning from postfire(): true
Called fire().
Checking for deadlock:
There are 2 Blocked actors, 0 Stopped actors, and 2 active threads.
Actors have stopped.
Checking for deadlock:
There are 2 Blocked actors, 0 Stopped actors, and 2 active threads.
Deadlock detected.
Resolving Deadlock
Checking for deadlock:
There are 2 Blocked actors, 0 Stopped actors, and 2 active threads.
Deadlock detected: no processes blocked on write, but some are blocked on read.
Called postfire().
_stopRequested = false
_stopFireRequested = false
Returning from postfire(): false
Finished deactivating branches.
Called wrapup().
-- Thread wrapup() called.
Called wrapup()
Thread .top.Test is exiting.
-- Thread stopped.
-- Blocked Receiver call threw TerminateProcessException.
-- Thread wrapup() called.
Called wrapup()
Thread .top.OrderedMerge is exiting.
-- Thread stopped.
-- Blocked Receiver call threw TerminateProcessException.
78 ms. Memory: 120832K Free: 99117K (82%)
.top. Preinitializing ...
Invoking preinitialize():  .top.OrderedMerge
Called preinitialize()
Invoking preinitialize():  .top.Ramp
Called preinitialize()
Invoking preinitialize():  .top.Ramp2
Called preinitialize()
Invoking preinitialize():  .top.Test
Called preinitialize()
.top. Finished preinitialize().
Called initialize().
Invoking initialize():  .top.OrderedMerge
Initializing actor: .top.OrderedMerge
Adding a thread: .top.OrderedMerge
Invoking initialize():  .top.Ramp
Initializing actor: .top.Ramp
Adding a thread: .top.Ramp
Invoking initialize():  .top.Ramp2
Initializing actor: .top.Ramp2
Adding a thread: .top.Ramp2
Invoking initialize():  .top.Test
Initializing actor: .top.Test
Adding a thread: .top.Test
-- Starting thread.
Called initialize()
Called prefire()
Called fire()
-- Starting thread.
Called initialize()
Called prefire()
Called fire()
Called postfire()
Called prefire()
Called fire()
-- Starting thread.
Called initialize()
Called prefire()
Called fire()
Called postfire()
Called prefire()
Called fire()
Called fire().
Checking for deadlock:
There are 3 Blocked actors, 0 Stopped actors, and 4 active threads.
Waiting for actors to stop.
-- Starting thread.
Called initialize()
Called prefire()
Called fire()
Checking for deadlock:
There are 2 Blocked actors, 0 Stopped actors, and 4 active threads.
Waiting for actors to stop.
Called postfire()
Called prefire()
Called fire()
Checking for deadlock:
There are 3 Blocked actors, 0 Stopped actors, and 4 active threads.
Waiting for actors to stop.
Read input token from inputA with value 0.0
Next port to read input from is inputB
Called postfire()
Called prefire()
Called fire()
Checking for deadlock:
There are 2 Blocked actors, 0 Stopped actors, and 4 active threads.
Waiting for actors to stop.
Called postfire()
Called prefire()
Called fire()
Checking for deadlock:
There are 3 Blocked actors, 0 Stopped actors, and 4 active threads.
Waiting for actors to stop.
Read input token from inputB with value 0.0
-- Read input: 0.0, which is expected to match: 0.0
Called prefire()
Called fire()
Checking for deadlock:
There are 3 Blocked actors, 0 Stopped actors, and 4 active threads.
Waiting for actors to stop.
Sent output token with value 0.0
Next port to read input from is inputA
Called postfire()
Called prefire()
Called fire()
Called postfire()
Called prefire()
Called fire()
Checking for deadlock:
There are 3 Blocked actors, 0 Stopped actors, and 4 active threads.
Waiting for actors to stop.
Read input token from inputA with value 1.0
-- Read input: 0.0, which is expected to match: 0.0
Called prefire()
Called fire()
Checking for deadlock:
There are 3 Blocked actors, 0 Stopped actors, and 4 active threads.
Waiting for actors to stop.
Sent output token with value 0.0
Next port to read input from is inputB
Called postfire()
Called prefire()
Called fire()
Called postfire()
Called prefire()
Called fire()
Checking for deadlock:
There are 3 Blocked actors, 0 Stopped actors, and 4 active threads.
Waiting for actors to stop.
Read input token from inputB with value 1.5
-- Read input: 1.0, which is expected to match: 1.0
Called prefire()
Called fire()
Checking for deadlock:
There are 3 Blocked actors, 0 Stopped actors, and 4 active threads.
Waiting for actors to stop.
Sent output token with value 1.0
Next port to read input from is inputA
Called postfire()
Called prefire()
Called fire()
Called postfire()
Called prefire()
Called fire()
Checking for deadlock:
There are 3 Blocked actors, 0 Stopped actors, and 4 active threads.
Waiting for actors to stop.
Read input token from inputA with value 2.0
-- Read input: 1.5, which is expected to match: 1.5
Called prefire()
Called fire()
Checking for deadlock:
There are 3 Blocked actors, 0 Stopped actors, and 4 active threads.
Waiting for actors to stop.
Sent output token with value 1.5
Next port to read input from is inputB
Called postfire()
Called prefire()
Called fire()
Called postfire()
Called prefire()
Called fire()
Checking for deadlock:
There are 3 Blocked actors, 0 Stopped actors, and 4 active threads.
Waiting for actors to stop.
Read input token from inputB with value 3.0
-- Read input: 2.0, which is expected to match: 2.0
Called prefire()
Called fire()
Checking for deadlock:
There are 3 Blocked actors, 0 Stopped actors, and 4 active threads.
Waiting for actors to stop.
Sent output token with value 2.0
Next port to read input from is inputA
Called postfire()
Called prefire()
Called fire()
Called postfire()
Called prefire()
Called fire()
Checking for deadlock:
There are 3 Blocked actors, 0 Stopped actors, and 4 active threads.
Waiting for actors to stop.
Read input token from inputA with value 3.0
-- Read input: 3.0, which is expected to match: 3.0
Called prefire()
Called fire()
Checking for deadlock:
There are 3 Blocked actors, 0 Stopped actors, and 4 active threads.
Waiting for actors to stop.
Sent output token with value 3.0
Next port to read input from is inputB
Called postfire()
Called prefire()
Called fire()
Called postfire()
Called prefire()
Called fire()
Checking for deadlock:
There are 3 Blocked actors, 0 Stopped actors, and 4 active threads.
Waiting for actors to stop.
Read input token from inputB with value 4.5
-- Read input: 3.0, which is expected to match: 3.0
Called prefire()
Called fire()
Checking for deadlock:
There are 3 Blocked actors, 0 Stopped actors, and 4 active threads.
Waiting for actors to stop.
Sent output token with value 3.0
Next port to read input from is inputA
Called postfire()
Called prefire()
Called fire()
Called postfire()
Called prefire()
Called fire()
Checking for deadlock:
There are 3 Blocked actors, 0 Stopped actors, and 4 active threads.
Waiting for actors to stop.
Read input token from inputA with value 4.0
-- Read input: 4.0, which is expected to match: 4.0
Called prefire()
Called fire()
Past the end of training data. Read and discard all inputs.
Checking for deadlock:
There are 3 Blocked actors, 0 Stopped actors, and 4 active threads.
Waiting for actors to stop.
Sent output token with value 4.0
Next port to read input from is inputA
Called postfire()
Called prefire()
Called fire()
Called postfire()
Called prefire()
Called fire()
Checking for deadlock:
There are 3 Blocked actors, 0 Stopped actors, and 4 active threads.
Waiting for actors to stop.
Read input token from inputA with value 5.0
Called prefire()
Called fire()
Past the end of training data. Read and discard all inputs.
Checking for deadlock:
There are 3 Blocked actors, 0 Stopped actors, and 4 active threads.
Waiting for actors to stop.
Sent output token with value 4.5
Next port to read input from is inputB
Called postfire()
Called prefire()
Called fire()
Called postfire()
Called prefire()
Called fire()
Checking for deadlock:
There are 3 Blocked actors, 0 Stopped actors, and 4 active threads.
Waiting for actors to stop.
Read input token from inputB with value 6.0
Called prefire()
Called fire()
Past the end of training data. Read and discard all inputs.
Checking for deadlock:
There are 3 Blocked actors, 0 Stopped actors, and 4 active threads.
Waiting for actors to stop.
Sent output token with value 5.0
Next port to read input from is inputA
Called postfire()
Called prefire()
Called fire()
Called postfire()
Called prefire()
Called fire()
Checking for deadlock:
There are 3 Blocked actors, 0 Stopped actors, and 4 active threads.
Waiting for actors to stop.
Read input token from inputA with value 6.0
Called prefire()
Called fire()
Past the end of training data. Read and discard all inputs.
Checking for deadlock:
There are 3 Blocked actors, 0 Stopped actors, and 4 active threads.
Waiting for actors to stop.
Sent output token with value 6.0
Next port to read input from is inputB
Called postfire()
Called prefire()
Called fire()
Called postfire()
Called prefire()
Called fire()
Checking for deadlock:
There are 3 Blocked actors, 0 Stopped actors, and 4 active threads.
Waiting for actors to stop.
Read input token from inputB with value 7.5
Called prefire()
Called fire()
Past the end of training data. Read and discard all inputs.
Checking for deadlock:
There are 3 Blocked actors, 0 Stopped actors, and 4 active threads.
Waiting for actors to stop.
Sent output token with value 6.0
Next port to read input from is inputA
Called postfire()
Called prefire()
Called fire()
Checking for deadlock:
There are 2 Blocked actors, 0 Stopped actors, and 4 active threads.
Waiting for actors to stop.
Called postfire()
Called prefire()
Called fire()
Checking for deadlock:
There are 3 Blocked actors, 0 Stopped actors, and 4 active threads.
Waiting for actors to stop.
Read input token from inputA with value 7.0
Checking for deadlock:
There are 2 Blocked actors, 0 Stopped actors, and 4 active threads.
Waiting for actors to stop.
Called prefire()
Called fire()
Past the end of training data. Read and discard all inputs.
Checking for deadlock:
There are 3 Blocked actors, 0 Stopped actors, and 4 active threads.
Waiting for actors to stop.
Sent output token with value 7.0
Next port to read input from is inputA
Called postfire()
Called prefire()
Called fire()
Checking for deadlock:
There are 2 Blocked actors, 0 Stopped actors, and 4 active threads.
Waiting for actors to stop.
-- Thread wrapup() called.
Called wrapup()
Thread .top.Ramp is exiting.
-- Thread stopped.
Checking for deadlock:
There are 2 Blocked actors, 0 Stopped actors, and 3 active threads.
Waiting for actors to stop.
Read input token from inputA with value 8.0
Called prefire()
Called fire()
Past the end of training data. Read and discard all inputs.
Checking for deadlock:
There are 2 Blocked actors, 0 Stopped actors, and 3 active threads.
Waiting for actors to stop.
Sent output token with value 7.5
Next port to read input from is inputB
Called postfire()
Called prefire()
Called fire()
Checking for deadlock:
There are 1 Blocked actors, 0 Stopped actors, and 3 active threads.
Waiting for actors to stop.
Called postfire()
Called prefire()
Called fire()
Checking for deadlock:
There are 2 Blocked actors, 0 Stopped actors, and 3 active threads.
Waiting for actors to stop.
Read input token from inputB with value 9.0
Checking for deadlock:
There are 1 Blocked actors, 0 Stopped actors, and 3 active threads.
Waiting for actors to stop.
Called prefire()
Called fire()
Past the end of training data. Read and discard all inputs.
Checking for deadlock:
There are 2 Blocked actors, 0 Stopped actors, and 3 active threads.
Waiting for actors to stop.
Sent output token with value 8.0
Next port to read input from is inputA
Called postfire()
Called prefire()
Called fire()
Read input token from inputA with value 9.0
Called prefire()
Called fire()
Past the end of training data. Read and discard all inputs.
Checking for deadlock:
There are 2 Blocked actors, 0 Stopped actors, and 3 active threads.
Waiting for actors to stop.
Sent output token with value 9.0
Next port to read input from is inputB
Called postfire()
Called prefire()
Called fire()
Called postfire()
Called prefire()
Called fire()
Checking for deadlock:
There are 2 Blocked actors, 0 Stopped actors, and 3 active threads.
Waiting for actors to stop.
Read input token from inputB with value 10.5
Called prefire()
Called fire()
Past the end of training data. Read and discard all inputs.
Checking for deadlock:
There are 2 Blocked actors, 0 Stopped actors, and 3 active threads.
Waiting for actors to stop.
Sent output token with value 9.0
Next port to read input from is inputA
Called postfire()
Called prefire()
Called fire()
Checking for deadlock:
There are 3 Blocked actors, 0 Stopped actors, and 3 active threads.
Actors have stopped.
Checking for deadlock:
There are 3 Blocked actors, 0 Stopped actors, and 3 active threads.
Deadlock detected.
Resolving Deadlock
Checking for deadlock:
There are 3 Blocked actors, 0 Stopped actors, and 3 active threads.
Artificial Deadlock - increasing queue capacity.
increasing the capacity of receiver ptolemy.actor.TypedIOPort {.top.OrderedMerge.inputB} to 2
Director: Called postfire().
Called postfire().
_stopRequested = false
_stopFireRequested = false
Returning from postfire(): true
Called fire().
Checking for deadlock:
There are 2 Blocked actors, 0 Stopped actors, and 3 active threads.
Waiting for actors to stop.
-- Thread wrapup() called.
Called wrapup()
Thread .top.Ramp2 is exiting.
-- Thread stopped.
Checking for deadlock:
There are 2 Blocked actors, 0 Stopped actors, and 2 active threads.
Actors have stopped.
Checking for deadlock:
There are 2 Blocked actors, 0 Stopped actors, and 2 active threads.
Deadlock detected.
Resolving Deadlock
Checking for deadlock:
There are 2 Blocked actors, 0 Stopped actors, and 2 active threads.
Deadlock detected: no processes blocked on write, but some are blocked on read.
Called postfire().
_stopRequested = false
_stopFireRequested = false
Returning from postfire(): false
Finished deactivating branches.
Called wrapup().
-- Thread wrapup() called.
Called wrapup()
-- Thread wrapup() called.
Called wrapup()
Thread .top.Test is exiting.
-- Thread stopped.
-- Blocked Receiver call threw TerminateProcessException.
Thread .top.OrderedMerge is exiting.
-- Thread stopped.
-- Blocked Receiver call threw TerminateProcessException.
35 ms. Memory: 120832K Free: 96555K (80%)
/home/travis/build/icyphy/ptII/ptolemy/actor/lib/test/Publisher.tcl
12 ms. Memory: 120832K Free: 90397K (75%)
4 ms. Memory: 120832K Free: 85277K (71%)
2 ms. Memory: 120832K Free: 81709K (68%)
4 ms. Memory: 120832K Free: 80685K (67%)
4 ms. Memory: 120832K Free: 79661K (66%)
4 ms. Memory: 120832K Free: 79141K (65%)
4 ms. Memory: 145408K Free: 129335K (89%)
11 ms. Memory: 145408K Free: 128311K (88%)
36 ms. Memory: 145408K Free: 118581K (82%)
7 ms. Memory: 145408K Free: 114485K (79%)
4 ms. Memory: 145408K Free: 113975K (78%)
6 ms. Memory: 145408K Free: 111927K (77%)
11 ms. Memory: 145408K Free: 104245K (72%)
5 ms. Memory: 145408K Free: 94519K (65%)
6 ms. Memory: 145408K Free: 83765K (58%)
/home/travis/build/icyphy/ptII/ptolemy/actor/lib/test/Pulse.tcl
6 ms. Memory: 145408K Free: 110559K (76%)
2 ms. Memory: 145408K Free: 110049K (76%)
1 ms. Memory: 145408K Free: 109521K (75%)
2 ms. Memory: 145408K Free: 109025K (75%)
1 ms. Memory: 145408K Free: 108497K (75%)
6 ms. Memory: 145408K Free: 107487K (74%)
2 ms. Memory: 145408K Free: 106449K (73%)
2 ms. Memory: 145408K Free: 105953K (73%)
1 ms. Memory: 145408K Free: 104929K (72%)
/home/travis/build/icyphy/ptII/ptolemy/actor/lib/test/Ramp.tcl
3 ms. Memory: 145408K Free: 103377K (71%)
2 ms. Memory: 145408K Free: 102353K (70%)
1 ms. Memory: 145408K Free: 101857K (70%)
1 ms. Memory: 145408K Free: 100833K (69%)
4 ms. Memory: 145408K Free: 100305K (69%)
4 ms. Memory: 145408K Free: 99281K (68%)
5 ms. Memory: 145408K Free: 98271K (68%)
5 actors
7000 microseconds per iteration to create
13 ms. Memory: 145408K Free: 95713K (66%)
2 ms. Memory: 145408K Free: 95185K (65%)
2 ms. Memory: 145408K Free: 94175K (65%)
2 ms. Memory: 145408K Free: 93665K (64%)
50 actors
65000 microseconds per iteration to create
53 ms. Memory: 145408K Free: 78305K (54%)
10 ms. Memory: 145408K Free: 77281K (53%)
4 ms. Memory: 145408K Free: 76257K (52%)
17 ms. Memory: 145408K Free: 75233K (52%)
500 actors
1476000 microseconds per iteration to create
295 ms. Memory: 145408K Free: 54069K (37%)
96 ms. Memory: 175104K Free: 149092K (85%)
76 ms. Memory: 175104K Free: 143970K (82%)
45 ms. Memory: 175104K Free: 138852K (79%)
/home/travis/build/icyphy/ptII/ptolemy/actor/lib/test/RampContinuous.tcl
14 ms. Memory: 175104K Free: 137299K (78%)
/home/travis/build/icyphy/ptII/ptolemy/actor/lib/test/RecordAssembler.tcl
7 ms. Memory: 175104K Free: 135780K (78%)
5 ms. Memory: 175104K Free: 134756K (77%)
/home/travis/build/icyphy/ptII/ptolemy/actor/lib/test/RecordDisassembler.tcl
18 ms. Memory: 175104K Free: 133203K (76%)
6 ms. Memory: 175104K Free: 132163K (75%)
5 ms. Memory: 175104K Free: 131139K (75%)
/home/travis/build/icyphy/ptII/ptolemy/actor/lib/test/Scale.tcl
4 ms. Memory: 175104K Free: 129619K (74%)
3 ms. Memory: 175104K Free: 128612K (73%)
3 ms. Memory: 175104K Free: 127588K (73%)
6 ms. Memory: 175104K Free: 127059K (73%)
4 ms. Memory: 175104K Free: 126050K (72%)
/home/travis/build/icyphy/ptII/ptolemy/actor/lib/test/SequentialClock.tcl
preinitializing
resolving types
initializing
executing number 1
wrapping up
idle
7 ms. Memory: 175104K Free: 125019K (71%)
Completed execution with 5 iterations
preinitializing
resolving types
initializing
executing number 1
wrapping up
idle
2 ms. Memory: 175104K Free: 124516K (71%)
Completed execution with 5 iterations
preinitializing
resolving types
initializing
executing number 1
wrapping up
idle
2 ms. Memory: 175104K Free: 124002K (71%)
Completed execution with 5 iterations
/home/travis/build/icyphy/ptII/ptolemy/actor/lib/test/SetVariable.tcl
10 ms. Memory: 175104K Free: 121954K (70%)


==== $PTII/ptolemy/actor/lib/test/SetVariable.tcl: SetVariable-3.1 changeFailed
==== Contents of test case:

    #Uses 2.1 above
    jdkCaptureErr {
        # This test was failing if we ran Exit.tcl and then this test.
        # MessageHandler.error() now actually throws the Exception.
	catch {$setVariable changeFailed [java::null]  [java::new Exception {Test exception for SetVariable.changeFailed()}]} errMsg
    } results
    list [string range $results 0 89] "\n" $errMsg

==== Result was:
{java.lang.Exception: Test exception for SetVariable.changeFailed()
	at java.base/jdk.inter} {
} {java.lang.RuntimeException: java.lang.Exception: Test exception for SetVariable.changeFailed()}
---- Result should have been:
{Failed to set variable.
java.lang.Exception: Test exception for SetVariable.changeFailed()} {
} {java.lang.RuntimeException: java.lang.Exception: Test exception for SetVariable.changeFailed()}
---- SetVariable-3.1 FAILED
/home/travis/build/icyphy/ptII/ptolemy/actor/lib/test/Sinewave.tcl
/home/travis/build/icyphy/ptII/ptolemy/actor/lib/test/SubscriptionAggregator.tcl
7 ms. Memory: 175104K Free: 109666K (63%)
6 ms. Memory: 175104K Free: 109156K (62%)
1 ms. Memory: 175104K Free: 108635K (62%)
1 ms. Memory: 175104K Free: 108635K (62%)
2 ms. Memory: 175104K Free: 105060K (60%)
10 ms. Memory: 175104K Free: 102498K (59%)
...............................................................1038 ms. Memory: 259072K Free: 153110K (59%)
/home/travis/build/icyphy/ptII/ptolemy/actor/lib/test/Test.tcl
 The next command will produce a warning about training mode,
   which may be ignored.
9 ms. Memory: 259072K Free: 151070K (58%)
3 ms. Memory: 259072K Free: 150560K (58%)
1 ms. Memory: 259072K Free: 149536K (58%)
1 ms. Memory: 259072K Free: 149016K (58%)
1 ms. Memory: 259072K Free: 148512K (57%)
3 ms. Memory: 259072K Free: 147488K (57%)
4 ms. Memory: 259072K Free: 145936K (56%)
 The next command will produce a warning about training mode,
   which may be ignored.
9 ms. Memory: 259072K Free: 143888K (56%)
 The next command will produce a warning about training mode,
   which may be ignored.
3 ms. Memory: 259072K Free: 142368K (55%)
2 ms. Memory: 259072K Free: 141840K (55%)
2 ms. Memory: 259072K Free: 141344K (55%)
2 ms. Memory: 259072K Free: 140816K (54%)
9 ms. Memory: 259072K Free: 139806K (54%)
5 ms. Memory: 259072K Free: 136224K (53%)
/home/travis/build/icyphy/ptII/ptolemy/actor/lib/test/TestExceptionHandler.tcl
 The next command will produce a warning about training mode,
   which may be ignored.
2 ms. Memory: 259072K Free: 134686K (52%)
1 ms. Memory: 259072K Free: 134654K (52%)
1 ms. Memory: 259072K Free: 133648K (52%)
/home/travis/build/icyphy/ptII/ptolemy/actor/lib/test/UnionDisassembler.tcl
29 ms. Memory: 259072K Free: 126494K (49%)
/home/travis/build/icyphy/ptII/ptolemy/actor/lib/test/VariableClock.tcl
preinitializing
resolving types
initializing
executing number 1
wrapping up
idle
7 ms. Memory: 259072K Free: 124960K (48%)
Completed execution with 11 iterations
preinitializing
resolving types
initializing
executing number 1
wrapping up
idle
6 ms. Memory: 259072K Free: 123408K (48%)
Completed execution with 10 iterations
08/05/19 05:23:55
Failed: 1  Total Tests: 234  ((Passed: 233, Newly Passed: 0)  Known Failed: 0) /home/travis/build/icyphy/ptII/ptolemy/actor/lib/test
----------------- testing (KnownFailure) /home/travis/build/icyphy/ptII/ptolemy/actor/lib/test/auto/knownFailedTests/PublisherPortToplevelSubscriber.xml
0 ms. Memory: 259072K Free: 119840K (46%)
Known Failure: java.lang.reflect.InvocationTargetException
----------------- testing (KnownFailure) /home/travis/build/icyphy/ptII/ptolemy/actor/lib/test/auto/knownFailedTests/PublisherSubscriberPortToplevel.xml
4 ms. Memory: 259072K Free: 116254K (45%)
Known Failure: java.lang.reflect.InvocationTargetException
----------------- testing (KnownFailure) /home/travis/build/icyphy/ptII/ptolemy/actor/lib/test/auto/knownFailedTests/PublisherSubscriptionAggregatorPort.xml
1 ms. Memory: 259072K Free: 111648K (43%)
Known Failure: java.lang.reflect.InvocationTargetException
----------------- testing (KnownFailure) /home/travis/build/icyphy/ptII/ptolemy/actor/lib/test/auto/knownFailedTests/sizedarray3.xml
7 ms. Memory: 259072K Free: 107552K (42%)
Known Failure: java.lang.reflect.InvocationTargetException
No auto/linux-amd64/*.xml tests in /home/travis/build/icyphy/ptII/ptolemy/actor/lib/test
AutoTests.java: About to close Vertx.
AutoTests.java: Vertx closed.

===========================================================================================
----------------- testing Mon Aug 05 05:23:56 UTC 2019 /home/travis/build/icyphy/ptII/ptolemy/actor/lib/test/auto/AbsoluteValue.xml
----------------- Instantiating /home/travis/build/icyphy/ptII/ptolemy/actor/lib/test/auto/AbsoluteValue.xml
6 ms. Memory: 259072K Free: 84510K (33%)
----------------- Invoking toplevel() on ptolemy.moml.MoMLSimpleApplication@17a18ff7
----------------- Done invoking toplevel() on ptolemy.moml.MoMLSimpleApplication@17a18ff7
reloadAllAccessors: .AbsoluteValue

===========================================================================================
----------------- testing Mon Aug 05 05:23:56 UTC 2019 /home/travis/build/icyphy/ptII/ptolemy/actor/lib/test/auto/AbsoluteValue2.xml
----------------- Instantiating /home/travis/build/icyphy/ptII/ptolemy/actor/lib/test/auto/AbsoluteValue2.xml
6 ms. Memory: 259072K Free: 209176K (81%)
----------------- Invoking toplevel() on ptolemy.moml.MoMLSimpleApplication@18854a67
----------------- Done invoking toplevel() on ptolemy.moml.MoMLSimpleApplication@18854a67
reloadAllAccessors: .AbsoluteValue2

===========================================================================================
----------------- testing Mon Aug 05 05:23:56 UTC 2019 /home/travis/build/icyphy/ptII/ptolemy/actor/lib/test/auto/Accumulator.xml
----------------- Instantiating /home/travis/build/icyphy/ptII/ptolemy/actor/lib/test/auto/Accumulator.xml
6 ms. Memory: 259072K Free: 202537K (78%)
----------------- Invoking toplevel() on ptolemy.moml.MoMLSimpleApplication@36172256
----------------- Done invoking toplevel() on ptolemy.moml.MoMLSimpleApplication@36172256
reloadAllAccessors: .Accumulator

===========================================================================================
----------------- testing Mon Aug 05 05:23:56 UTC 2019 /home/travis/build/icyphy/ptII/ptolemy/actor/lib/test/auto/Accumulator2.xml
----------------- Instantiating /home/travis/build/icyphy/ptII/ptolemy/actor/lib/test/auto/Accumulator2.xml
4 ms. Memory: 259072K Free: 197417K (76%)
----------------- Invoking toplevel() on ptolemy.moml.MoMLSimpleApplication@6a99888d
----------------- Done invoking toplevel() on ptolemy.moml.MoMLSimpleApplication@6a99888d
reloadAllAccessors: .Accumulator2

===========================================================================================
----------------- testing Mon Aug 05 05:23:56 UTC 2019 /home/travis/build/icyphy/ptII/ptolemy/actor/lib/test/auto/Accumulator3.xml
----------------- Instantiating /home/travis/build/icyphy/ptII/ptolemy/actor/lib/test/auto/Accumulator3.xml
6 ms. Memory: 259072K Free: 192807K (74%)
----------------- Invoking toplevel() on ptolemy.moml.MoMLSimpleApplication@48e0ce3a
----------------- Done invoking toplevel() on ptolemy.moml.MoMLSimpleApplication@48e0ce3a
reloadAllAccessors: .Accumulator3

===========================================================================================
----------------- testing Mon Aug 05 05:23:56 UTC 2019 /home/travis/build/icyphy/ptII/ptolemy/actor/lib/test/auto/ArrayAppend.xml
----------------- Instantiating /home/travis/build/icyphy/ptII/ptolemy/actor/lib/test/auto/ArrayAppend.xml
7 ms. Memory: 259072K Free: 187177K (72%)
----------------- Invoking toplevel() on ptolemy.moml.MoMLSimpleApplication@63263ef3
----------------- Done invoking toplevel() on ptolemy.moml.MoMLSimpleApplication@63263ef3
reloadAllAccessors: .ArrayAppend

===========================================================================================
----------------- testing Mon Aug 05 05:23:56 UTC 2019 /home/travis/build/icyphy/ptII/ptolemy/actor/lib/test/auto/ArrayAppend2.xml
----------------- Instantiating /home/travis/build/icyphy/ptII/ptolemy/actor/lib/test/auto/ArrayAppend2.xml
396 ms. Memory: 259072K Free: 103719K (40%)
----------------- Invoking toplevel() on ptolemy.moml.MoMLSimpleApplication@6b44803c
----------------- Done invoking toplevel() on ptolemy.moml.MoMLSimpleApplication@6b44803c
reloadAllAccessors: .ArrayAppend2

===========================================================================================
----------------- testing Mon Aug 05 05:23:56 UTC 2019 /home/travis/build/icyphy/ptII/ptolemy/actor/lib/test/auto/ArrayAppend3.xml
----------------- Instantiating /home/travis/build/icyphy/ptII/ptolemy/actor/lib/test/auto/ArrayAppend3.xml
4 ms. Memory: 259072K Free: 98599K (38%)
----------------- Invoking toplevel() on ptolemy.moml.MoMLSimpleApplication@41189c53
----------------- Done invoking toplevel() on ptolemy.moml.MoMLSimpleApplication@41189c53
reloadAllAccessors: .ArrayAppend3

===========================================================================================
----------------- testing Mon Aug 05 05:23:56 UTC 2019 /home/travis/build/icyphy/ptII/ptolemy/actor/lib/test/auto/ArrayAppend4.xml
----------------- Instantiating /home/travis/build/icyphy/ptII/ptolemy/actor/lib/test/auto/ArrayAppend4.xml
2 ms. Memory: 259072K Free: 93479K (36%)
----------------- Invoking toplevel() on ptolemy.moml.MoMLSimpleApplication@5444c446
----------------- Done invoking toplevel() on ptolemy.moml.MoMLSimpleApplication@5444c446
reloadAllAccessors: .ArrayAppend4

===========================================================================================
----------------- testing Mon Aug 05 05:23:56 UTC 2019 /home/travis/build/icyphy/ptII/ptolemy/actor/lib/test/auto/ArrayAppend5.xml
----------------- Instantiating /home/travis/build/icyphy/ptII/ptolemy/actor/lib/test/auto/ArrayAppend5.xml
2 ms. Memory: 259072K Free: 87849K (34%)
----------------- Invoking toplevel() on ptolemy.moml.MoMLSimpleApplication@7bc377d6
----------------- Done invoking toplevel() on ptolemy.moml.MoMLSimpleApplication@7bc377d6
reloadAllAccessors: .ArrayAppend5

===========================================================================================
----------------- testing Mon Aug 05 05:23:56 UTC 2019 /home/travis/build/icyphy/ptII/ptolemy/actor/lib/test/auto/ArrayAppend6.xml
----------------- Instantiating /home/travis/build/icyphy/ptII/ptolemy/actor/lib/test/auto/ArrayAppend6.xml
2 ms. Memory: 259072K Free: 82729K (32%)
----------------- Invoking toplevel() on ptolemy.moml.MoMLSimpleApplication@64449b0f
----------------- Done invoking toplevel() on ptolemy.moml.MoMLSimpleApplication@64449b0f
reloadAllAccessors: .ArrayAppend6

===========================================================================================
----------------- testing Mon Aug 05 05:23:56 UTC 2019 /home/travis/build/icyphy/ptII/ptolemy/actor/lib/test/auto/ArrayAppendPerformanceTest.xml
----------------- Instantiating /home/travis/build/icyphy/ptII/ptolemy/actor/lib/test/auto/ArrayAppendPerformanceTest.xml
90 ms. Memory: 259072K Free: 208421K (80%)
----------------- Invoking toplevel() on ptolemy.moml.MoMLSimpleApplication@2c88dbf4
----------------- Done invoking toplevel() on ptolemy.moml.MoMLSimpleApplication@2c88dbf4
reloadAllAccessors: .ArrayAppendPerformanceTest

===========================================================================================
----------------- testing Mon Aug 05 05:23:57 UTC 2019 /home/travis/build/icyphy/ptII/ptolemy/actor/lib/test/auto/ArrayAppendWithEmptyInput.xml
----------------- Instantiating /home/travis/build/icyphy/ptII/ptolemy/actor/lib/test/auto/ArrayAppendWithEmptyInput.xml
16 ms. Memory: 259072K Free: 199814K (77%)
----------------- Invoking toplevel() on ptolemy.moml.MoMLSimpleApplication@76b6d431
----------------- Done invoking toplevel() on ptolemy.moml.MoMLSimpleApplication@76b6d431
reloadAllAccessors: .ArrayAppendWithEmptyInput

===========================================================================================
----------------- testing Mon Aug 05 05:23:57 UTC 2019 /home/travis/build/icyphy/ptII/ptolemy/actor/lib/test/auto/ArrayAverage.xml
----------------- Instantiating /home/travis/build/icyphy/ptII/ptolemy/actor/lib/test/auto/ArrayAverage.xml
8 ms. Memory: 259072K Free: 192132K (74%)
----------------- Invoking toplevel() on ptolemy.moml.MoMLSimpleApplication@51690ee1
----------------- Done invoking toplevel() on ptolemy.moml.MoMLSimpleApplication@51690ee1
reloadAllAccessors: .ArrayAverage

===========================================================================================
----------------- testing Mon Aug 05 05:23:57 UTC 2019 /home/travis/build/icyphy/ptII/ptolemy/actor/lib/test/auto/ArrayContains.xml
----------------- Instantiating /home/travis/build/icyphy/ptII/ptolemy/actor/lib/test/auto/ArrayContains.xml
9 ms. Memory: 259072K Free: 185988K (72%)
----------------- Invoking toplevel() on ptolemy.moml.MoMLSimpleApplication@159b4ff7
----------------- Done invoking toplevel() on ptolemy.moml.MoMLSimpleApplication@159b4ff7
reloadAllAccessors: .ArrayContains

===========================================================================================
----------------- testing Mon Aug 05 05:23:57 UTC 2019 /home/travis/build/icyphy/ptII/ptolemy/actor/lib/test/auto/ArrayElement.xml
----------------- Instantiating /home/travis/build/icyphy/ptII/ptolemy/actor/lib/test/auto/ArrayElement.xml
3 ms. Memory: 259072K Free: 180838K (70%)
----------------- Invoking toplevel() on ptolemy.moml.MoMLSimpleApplication@7e1d8695
----------------- Done invoking toplevel() on ptolemy.moml.MoMLSimpleApplication@7e1d8695
reloadAllAccessors: .ArrayElement

===========================================================================================
----------------- testing Mon Aug 05 05:23:57 UTC 2019 /home/travis/build/icyphy/ptII/ptolemy/actor/lib/test/auto/ArrayElementAsMatrix.xml
----------------- Instantiating /home/travis/build/icyphy/ptII/ptolemy/actor/lib/test/auto/ArrayElementAsMatrix.xml
13 ms. Memory: 259072K Free: 170628K (66%)
----------------- Invoking toplevel() on ptolemy.moml.MoMLSimpleApplication@6c227d79
----------------- Done invoking toplevel() on ptolemy.moml.MoMLSimpleApplication@6c227d79
reloadAllAccessors: .ArrayElementAsMatrix

===========================================================================================
----------------- testing Mon Aug 05 05:23:57 UTC 2019 /home/travis/build/icyphy/ptII/ptolemy/actor/lib/test/auto/ArrayElementI.xml
----------------- Instantiating /home/travis/build/icyphy/ptII/ptolemy/actor/lib/test/auto/ArrayElementI.xml
3 ms. Memory: 259072K Free: 165508K (64%)
----------------- Invoking toplevel() on ptolemy.moml.MoMLSimpleApplication@40483f2a
----------------- Done invoking toplevel() on ptolemy.moml.MoMLSimpleApplication@40483f2a
reloadAllAccessors: .ArrayElementI

===========================================================================================
----------------- testing Mon Aug 05 05:23:57 UTC 2019 /home/travis/build/icyphy/ptII/ptolemy/actor/lib/test/auto/ArrayExtract.xml
----------------- Instantiating /home/travis/build/icyphy/ptII/ptolemy/actor/lib/test/auto/ArrayExtract.xml
5 ms. Memory: 259072K Free: 156806K (61%)
----------------- Invoking toplevel() on ptolemy.moml.MoMLSimpleApplication@1a83c439
----------------- Done invoking toplevel() on ptolemy.moml.MoMLSimpleApplication@1a83c439
reloadAllAccessors: .ArrayExtract

===========================================================================================
----------------- testing Mon Aug 05 05:23:57 UTC 2019 /home/travis/build/icyphy/ptII/ptolemy/actor/lib/test/auto/ArrayExtract2.xml
----------------- Instantiating /home/travis/build/icyphy/ptII/ptolemy/actor/lib/test/auto/ArrayExtract2.xml
2 ms. Memory: 259072K Free: 151686K (59%)
----------------- Invoking toplevel() on ptolemy.moml.MoMLSimpleApplication@748bde55
----------------- Done invoking toplevel() on ptolemy.moml.MoMLSimpleApplication@748bde55
reloadAllAccessors: .ArrayExtract2

===========================================================================================
----------------- testing Mon Aug 05 05:23:57 UTC 2019 /home/travis/build/icyphy/ptII/ptolemy/actor/lib/test/auto/ArrayLength.xml
----------------- Instantiating /home/travis/build/icyphy/ptII/ptolemy/actor/lib/test/auto/ArrayLength.xml
2 ms. Memory: 259072K Free: 147590K (57%)
----------------- Invoking toplevel() on ptolemy.moml.MoMLSimpleApplication@23cc9e94
----------------- Done invoking toplevel() on ptolemy.moml.MoMLSimpleApplication@23cc9e94
reloadAllAccessors: .ArrayLength

===========================================================================================
----------------- testing Mon Aug 05 05:23:57 UTC 2019 /home/travis/build/icyphy/ptII/ptolemy/actor/lib/test/auto/ArrayLevelCrossing.xml
----------------- Instantiating /home/travis/build/icyphy/ptII/ptolemy/actor/lib/test/auto/ArrayLevelCrossing.xml
4 ms. Memory: 259072K Free: 138884K (54%)
----------------- Invoking toplevel() on ptolemy.moml.MoMLSimpleApplication@5bfdde9e
----------------- Done invoking toplevel() on ptolemy.moml.MoMLSimpleApplication@5bfdde9e
reloadAllAccessors: .ArrayLevelCrossing

===========================================================================================
----------------- testing Mon Aug 05 05:23:57 UTC 2019 /home/travis/build/icyphy/ptII/ptolemy/actor/lib/test/auto/ArrayLevelCrossing2.xml
----------------- Instantiating /home/travis/build/icyphy/ptII/ptolemy/actor/lib/test/auto/ArrayLevelCrossing2.xml
3 ms. Memory: 259072K Free: 131686K (51%)
----------------- Invoking toplevel() on ptolemy.moml.MoMLSimpleApplication@c50523b
----------------- Done invoking toplevel() on ptolemy.moml.MoMLSimpleApplication@c50523b
reloadAllAccessors: .ArrayLevelCrossing2

===========================================================================================
----------------- testing Mon Aug 05 05:23:57 UTC 2019 /home/travis/build/icyphy/ptII/ptolemy/actor/lib/test/auto/ArrayPeakSearch.xml
----------------- Instantiating /home/travis/build/icyphy/ptII/ptolemy/actor/lib/test/auto/ArrayPeakSearch.xml
4 ms. Memory: 259072K Free: 122500K (47%)
----------------- Invoking toplevel() on ptolemy.moml.MoMLSimpleApplication@e8889be
----------------- Done invoking toplevel() on ptolemy.moml.MoMLSimpleApplication@e8889be
reloadAllAccessors: .ArrayPeakSearch

===========================================================================================
----------------- testing Mon Aug 05 05:23:57 UTC 2019 /home/travis/build/icyphy/ptII/ptolemy/actor/lib/test/auto/ArrayPeakSearch2.xml
----------------- Instantiating /home/travis/build/icyphy/ptII/ptolemy/actor/lib/test/auto/ArrayPeakSearch2.xml
5 ms. Memory: 259072K Free: 112230K (43%)
----------------- Invoking toplevel() on ptolemy.moml.MoMLSimpleApplication@ca7a7eb
----------------- Done invoking toplevel() on ptolemy.moml.MoMLSimpleApplication@ca7a7eb
reloadAllAccessors: .ArrayPeakSearch2

===========================================================================================
----------------- testing Mon Aug 05 05:23:57 UTC 2019 /home/travis/build/icyphy/ptII/ptolemy/actor/lib/test/auto/ArrayPeakSearch3.xml
----------------- Instantiating /home/travis/build/icyphy/ptII/ptolemy/actor/lib/test/auto/ArrayPeakSearch3.xml
4 ms. Memory: 259072K Free: 103044K (40%)
----------------- Invoking toplevel() on ptolemy.moml.MoMLSimpleApplication@72cd0634
----------------- Done invoking toplevel() on ptolemy.moml.MoMLSimpleApplication@72cd0634
reloadAllAccessors: .ArrayPeakSearch3

===========================================================================================
----------------- testing Mon Aug 05 05:23:57 UTC 2019 /home/travis/build/icyphy/ptII/ptolemy/actor/lib/test/auto/ArrayRemoveElement.xml
----------------- Instantiating /home/travis/build/icyphy/ptII/ptolemy/actor/lib/test/auto/ArrayRemoveElement.xml
3 ms. Memory: 259072K Free: 95366K (37%)
----------------- Invoking toplevel() on ptolemy.moml.MoMLSimpleApplication@1815716b
----------------- Done invoking toplevel() on ptolemy.moml.MoMLSimpleApplication@1815716b
reloadAllAccessors: .ArrayRemoveElement

===========================================================================================
----------------- testing Mon Aug 05 05:23:57 UTC 2019 /home/travis/build/icyphy/ptII/ptolemy/actor/lib/test/auto/ArraySort.xml
----------------- Instantiating /home/travis/build/icyphy/ptII/ptolemy/actor/lib/test/auto/ArraySort.xml
6 ms. Memory: 259072K Free: 86150K (33%)
----------------- Invoking toplevel() on ptolemy.moml.MoMLSimpleApplication@51df54f4
----------------- Done invoking toplevel() on ptolemy.moml.MoMLSimpleApplication@51df54f4
reloadAllAccessors: .ArraySort

===========================================================================================
----------------- testing Mon Aug 05 05:23:57 UTC 2019 /home/travis/build/icyphy/ptII/ptolemy/actor/lib/test/auto/ArraySum.xml
----------------- Instantiating /home/travis/build/icyphy/ptII/ptolemy/actor/lib/test/auto/ArraySum.xml
7 ms. Memory: 259072K Free: 81030K (31%)
----------------- Invoking toplevel() on ptolemy.moml.MoMLSimpleApplication@379ea30b
----------------- Done invoking toplevel() on ptolemy.moml.MoMLSimpleApplication@379ea30b
reloadAllAccessors: .ArraySum

===========================================================================================
----------------- testing Mon Aug 05 05:23:57 UTC 2019 /home/travis/build/icyphy/ptII/ptolemy/actor/lib/test/auto/ArrayToElements.xml
----------------- Instantiating /home/travis/build/icyphy/ptII/ptolemy/actor/lib/test/auto/ArrayToElements.xml
4 ms. Memory: 259072K Free: 75396K (29%)
----------------- Invoking toplevel() on ptolemy.moml.MoMLSimpleApplication@772c7f28
----------------- Done invoking toplevel() on ptolemy.moml.MoMLSimpleApplication@772c7f28
reloadAllAccessors: .ArrayToElements

===========================================================================================
----------------- testing Mon Aug 05 05:23:57 UTC 2019 /home/travis/build/icyphy/ptII/ptolemy/actor/lib/test/auto/ArrayToMatrix.xml
----------------- Instantiating /home/travis/build/icyphy/ptII/ptolemy/actor/lib/test/auto/ArrayToMatrix.xml
9 ms. Memory: 259072K Free: 61060K (24%)
----------------- Invoking toplevel() on ptolemy.moml.MoMLSimpleApplication@4af8b2e
----------------- Done invoking toplevel() on ptolemy.moml.MoMLSimpleApplication@4af8b2e
reloadAllAccessors: .ArrayToMatrix

===========================================================================================
----------------- testing Mon Aug 05 05:23:57 UTC 2019 /home/travis/build/icyphy/ptII/ptolemy/actor/lib/test/auto/ArrayUpdate1.xml
----------------- Instantiating /home/travis/build/icyphy/ptII/ptolemy/actor/lib/test/auto/ArrayUpdate1.xml
3 ms. Memory: 510976K Free: 462090K (90%)
----------------- Invoking toplevel() on ptolemy.moml.MoMLSimpleApplication@7262f062
----------------- Done invoking toplevel() on ptolemy.moml.MoMLSimpleApplication@7262f062
reloadAllAccessors: .ArrayUpdate1

===========================================================================================
----------------- testing Mon Aug 05 05:23:57 UTC 2019 /home/travis/build/icyphy/ptII/ptolemy/actor/lib/test/auto/ArrayUpdate2.xml
----------------- Instantiating /home/travis/build/icyphy/ptII/ptolemy/actor/lib/test/auto/ArrayUpdate2.xml
8 ms. Memory: 510976K Free: 455434K (89%)
----------------- Invoking toplevel() on ptolemy.moml.MoMLSimpleApplication@7fb8ca73
----------------- Done invoking toplevel() on ptolemy.moml.MoMLSimpleApplication@7fb8ca73
reloadAllAccessors: .ArrayUpdate2

===========================================================================================
----------------- testing Mon Aug 05 05:23:57 UTC 2019 /home/travis/build/icyphy/ptII/ptolemy/actor/lib/test/auto/ArrayUpdate3.xml
----------------- Instantiating /home/travis/build/icyphy/ptII/ptolemy/actor/lib/test/auto/ArrayUpdate3.xml
6 ms. Memory: 510976K Free: 450328K (88%)
----------------- Invoking toplevel() on ptolemy.moml.MoMLSimpleApplication@5f2e2baf
----------------- Done invoking toplevel() on ptolemy.moml.MoMLSimpleApplication@5f2e2baf
reloadAllAccessors: .ArrayUpdate3

===========================================================================================
----------------- testing Mon Aug 05 05:23:57 UTC 2019 /home/travis/build/icyphy/ptII/ptolemy/actor/lib/test/auto/Assert1.xml
----------------- Instantiating /home/travis/build/icyphy/ptII/ptolemy/actor/lib/test/auto/Assert1.xml
4 ms. Memory: 510976K Free: 446232K (87%)
----------------- Invoking toplevel() on ptolemy.moml.MoMLSimpleApplication@51951149
----------------- Done invoking toplevel() on ptolemy.moml.MoMLSimpleApplication@51951149
reloadAllAccessors: .Assert1

===========================================================================================
----------------- testing Mon Aug 05 05:23:57 UTC 2019 /home/travis/build/icyphy/ptII/ptolemy/actor/lib/test/auto/Assert2.xml
----------------- Instantiating /home/travis/build/icyphy/ptII/ptolemy/actor/lib/test/auto/Assert2.xml
2 ms. Memory: 510976K Free: 441112K (86%)
----------------- Invoking toplevel() on ptolemy.moml.MoMLSimpleApplication@4d8fdc78
----------------- Done invoking toplevel() on ptolemy.moml.MoMLSimpleApplication@4d8fdc78
reloadAllAccessors: .Assert2

===========================================================================================
----------------- testing Mon Aug 05 05:23:57 UTC 2019 /home/travis/build/icyphy/ptII/ptolemy/actor/lib/test/auto/BooleanMultiplexor.xml
----------------- Instantiating /home/travis/build/icyphy/ptII/ptolemy/actor/lib/test/auto/BooleanMultiplexor.xml
5 ms. Memory: 510976K Free: 435482K (85%)
----------------- Invoking toplevel() on ptolemy.moml.MoMLSimpleApplication@7ef5c62
----------------- Done invoking toplevel() on ptolemy.moml.MoMLSimpleApplication@7ef5c62
reloadAllAccessors: .BooleanMultiplexor

===========================================================================================
----------------- testing Mon Aug 05 05:23:58 UTC 2019 /home/travis/build/icyphy/ptII/ptolemy/actor/lib/test/auto/BooleanMultiplexor2.xml
----------------- Instantiating /home/travis/build/icyphy/ptII/ptolemy/actor/lib/test/auto/BooleanMultiplexor2.xml
13 ms. Memory: 510976K Free: 428824K (84%)
----------------- Invoking toplevel() on ptolemy.moml.MoMLSimpleApplication@923a62c
----------------- Done invoking toplevel() on ptolemy.moml.MoMLSimpleApplication@923a62c
reloadAllAccessors: .BooleanMultiplexor2

===========================================================================================
----------------- testing Mon Aug 05 05:23:58 UTC 2019 /home/travis/build/icyphy/ptII/ptolemy/actor/lib/test/auto/BooleanMultiplexor3.xml
----------------- Instantiating /home/travis/build/icyphy/ptII/ptolemy/actor/lib/test/auto/BooleanMultiplexor3.xml
2 ms. Memory: 510976K Free: 425242K (83%)
----------------- Invoking toplevel() on ptolemy.moml.MoMLSimpleApplication@7a7ef729
----------------- Done invoking toplevel() on ptolemy.moml.MoMLSimpleApplication@7a7ef729
reloadAllAccessors: .BooleanMultiplexor3

===========================================================================================
----------------- testing Mon Aug 05 05:23:58 UTC 2019 /home/travis/build/icyphy/ptII/ptolemy/actor/lib/test/auto/BooleanSelect.xml
----------------- Instantiating /home/travis/build/icyphy/ptII/ptolemy/actor/lib/test/auto/BooleanSelect.xml
8 ms. Memory: 510976K Free: 419098K (82%)
----------------- Invoking toplevel() on ptolemy.moml.MoMLSimpleApplication@17afdd6d
----------------- Done invoking toplevel() on ptolemy.moml.MoMLSimpleApplication@17afdd6d
reloadAllAccessors: .BooleanSelect

===========================================================================================
----------------- testing Mon Aug 05 05:23:58 UTC 2019 /home/travis/build/icyphy/ptII/ptolemy/actor/lib/test/auto/BooleanSelect2.xml
----------------- Instantiating /home/travis/build/icyphy/ptII/ptolemy/actor/lib/test/auto/BooleanSelect2.xml
2 ms. Memory: 510976K Free: 415002K (81%)
----------------- Invoking toplevel() on ptolemy.moml.MoMLSimpleApplication@7abfdb5a
----------------- Done invoking toplevel() on ptolemy.moml.MoMLSimpleApplication@7abfdb5a
reloadAllAccessors: .BooleanSelect2

===========================================================================================
----------------- testing Mon Aug 05 05:23:58 UTC 2019 /home/travis/build/icyphy/ptII/ptolemy/actor/lib/test/auto/BooleanSwitch.xml
----------------- Instantiating /home/travis/build/icyphy/ptII/ptolemy/actor/lib/test/auto/BooleanSwitch.xml
7 ms. Memory: 510976K Free: 408858K (80%)
----------------- Invoking toplevel() on ptolemy.moml.MoMLSimpleApplication@15f5eb68
----------------- Done invoking toplevel() on ptolemy.moml.MoMLSimpleApplication@15f5eb68
reloadAllAccessors: .BooleanSwitch

===========================================================================================
----------------- testing Mon Aug 05 05:23:58 UTC 2019 /home/travis/build/icyphy/ptII/ptolemy/actor/lib/test/auto/BooleanSwitch2.xml
----------------- Instantiating /home/travis/build/icyphy/ptII/ptolemy/actor/lib/test/auto/BooleanSwitch2.xml
1 ms. Memory: 510976K Free: 404762K (79%)
----------------- Invoking toplevel() on ptolemy.moml.MoMLSimpleApplication@79b0c3e3
----------------- Done invoking toplevel() on ptolemy.moml.MoMLSimpleApplication@79b0c3e3
reloadAllAccessors: .BooleanSwitch2

===========================================================================================
----------------- testing Mon Aug 05 05:23:58 UTC 2019 /home/travis/build/icyphy/ptII/ptolemy/actor/lib/test/auto/BooleanSwitchCloningBugWithClassRelationGroup.xml
----------------- Instantiating /home/travis/build/icyphy/ptII/ptolemy/actor/lib/test/auto/BooleanSwitchCloningBugWithClassRelationGroup.xml
3 ms. Memory: 510976K Free: 398104K (78%)
----------------- Invoking toplevel() on ptolemy.moml.MoMLSimpleApplication@222a63bc
----------------- Done invoking toplevel() on ptolemy.moml.MoMLSimpleApplication@222a63bc
reloadAllAccessors: .BooleanSwitchCloningBugWithClassRelationGroup

===========================================================================================
----------------- testing Mon Aug 05 05:23:58 UTC 2019 /home/travis/build/icyphy/ptII/ptolemy/actor/lib/test/auto/BusActors.xml
----------------- Instantiating /home/travis/build/icyphy/ptII/ptolemy/actor/lib/test/auto/BusActors.xml
7 ms. Memory: 510976K Free: 390426K (76%)
----------------- Invoking toplevel() on ptolemy.moml.MoMLSimpleApplication@1685e820
----------------- Done invoking toplevel() on ptolemy.moml.MoMLSimpleApplication@1685e820
reloadAllAccessors: .BusActors

===========================================================================================
----------------- testing Mon Aug 05 05:23:58 UTC 2019 /home/travis/build/icyphy/ptII/ptolemy/actor/lib/test/auto/ClassWrapper.xml
----------------- Instantiating /home/travis/build/icyphy/ptII/ptolemy/actor/lib/test/auto/ClassWrapper.xml
3 ms. Memory: 510976K Free: 385816K (76%)
----------------- Invoking toplevel() on ptolemy.moml.MoMLSimpleApplication@463428ac
----------------- Done invoking toplevel() on ptolemy.moml.MoMLSimpleApplication@463428ac
reloadAllAccessors: .ClassWrapper

===========================================================================================
----------------- testing Mon Aug 05 05:23:58 UTC 2019 /home/travis/build/icyphy/ptII/ptolemy/actor/lib/test/auto/Clock.xml
----------------- Instantiating /home/travis/build/icyphy/ptII/ptolemy/actor/lib/test/auto/Clock.xml
2 ms. Memory: 510976K Free: 382234K (75%)
----------------- Invoking toplevel() on ptolemy.moml.MoMLSimpleApplication@52674596
----------------- Done invoking toplevel() on ptolemy.moml.MoMLSimpleApplication@52674596
reloadAllAccessors: .Clock

===========================================================================================
----------------- testing Mon Aug 05 05:23:58 UTC 2019 /home/travis/build/icyphy/ptII/ptolemy/actor/lib/test/auto/Clock10.xml
----------------- Instantiating /home/travis/build/icyphy/ptII/ptolemy/actor/lib/test/auto/Clock10.xml
3 ms. Memory: 510976K Free: 376090K (74%)
----------------- Invoking toplevel() on ptolemy.moml.MoMLSimpleApplication@2b99db3b
----------------- Done invoking toplevel() on ptolemy.moml.MoMLSimpleApplication@2b99db3b
reloadAllAccessors: .Clock10

===========================================================================================
----------------- testing Mon Aug 05 05:23:58 UTC 2019 /home/travis/build/icyphy/ptII/ptolemy/actor/lib/test/auto/Clock11.xml
----------------- Instantiating /home/travis/build/icyphy/ptII/ptolemy/actor/lib/test/auto/Clock11.xml
5 ms. Memory: 510976K Free: 370456K (72%)
----------------- Invoking toplevel() on ptolemy.moml.MoMLSimpleApplication@3ddbaa12
----------------- Done invoking toplevel() on ptolemy.moml.MoMLSimpleApplication@3ddbaa12
reloadAllAccessors: .Clock11

===========================================================================================
----------------- testing Mon Aug 05 05:23:58 UTC 2019 /home/travis/build/icyphy/ptII/ptolemy/actor/lib/test/auto/Clock12.xml
----------------- Instantiating /home/travis/build/icyphy/ptII/ptolemy/actor/lib/test/auto/Clock12.xml
5 ms. Memory: 510976K Free: 364312K (71%)
----------------- Invoking toplevel() on ptolemy.moml.MoMLSimpleApplication@5c989664
----------------- Done invoking toplevel() on ptolemy.moml.MoMLSimpleApplication@5c989664
reloadAllAccessors: .Clock12

===========================================================================================
----------------- testing Mon Aug 05 05:23:58 UTC 2019 /home/travis/build/icyphy/ptII/ptolemy/actor/lib/test/auto/Clock13.xml
----------------- Instantiating /home/travis/build/icyphy/ptII/ptolemy/actor/lib/test/auto/Clock13.xml
9 ms. Memory: 510976K Free: 358682K (70%)
----------------- Invoking toplevel() on ptolemy.moml.MoMLSimpleApplication@57b10702
----------------- Done invoking toplevel() on ptolemy.moml.MoMLSimpleApplication@57b10702
reloadAllAccessors: .Clock13

===========================================================================================
----------------- testing Mon Aug 05 05:23:58 UTC 2019 /home/travis/build/icyphy/ptII/ptolemy/actor/lib/test/auto/Clock14.xml
----------------- Instantiating /home/travis/build/icyphy/ptII/ptolemy/actor/lib/test/auto/Clock14.xml
7 ms. Memory: 510976K Free: 352538K (69%)
----------------- Invoking toplevel() on ptolemy.moml.MoMLSimpleApplication@6d46bc10
----------------- Done invoking toplevel() on ptolemy.moml.MoMLSimpleApplication@6d46bc10
reloadAllAccessors: .Clock14

===========================================================================================
----------------- testing Mon Aug 05 05:23:58 UTC 2019 /home/travis/build/icyphy/ptII/ptolemy/actor/lib/test/auto/Clock15.xml
----------------- Instantiating /home/travis/build/icyphy/ptII/ptolemy/actor/lib/test/auto/Clock15.xml
6 ms. Memory: 510976K Free: 346874K (68%)
----------------- Invoking toplevel() on ptolemy.moml.MoMLSimpleApplication@7b2e3850
----------------- Done invoking toplevel() on ptolemy.moml.MoMLSimpleApplication@7b2e3850
reloadAllAccessors: .Clock15

===========================================================================================
----------------- testing Mon Aug 05 05:23:58 UTC 2019 /home/travis/build/icyphy/ptII/ptolemy/actor/lib/test/auto/Clock16.xml
----------------- Instantiating /home/travis/build/icyphy/ptII/ptolemy/actor/lib/test/auto/Clock16.xml
60 ms. Memory: 510976K Free: 332538K (65%)
----------------- Invoking toplevel() on ptolemy.moml.MoMLSimpleApplication@42f1f678
----------------- Done invoking toplevel() on ptolemy.moml.MoMLSimpleApplication@42f1f678
reloadAllAccessors: .Clock16

===========================================================================================
----------------- testing Mon Aug 05 05:23:58 UTC 2019 /home/travis/build/icyphy/ptII/ptolemy/actor/lib/test/auto/Clock17.xml
----------------- Instantiating /home/travis/build/icyphy/ptII/ptolemy/actor/lib/test/auto/Clock17.xml
32 ms. Memory: 510976K Free: 317722K (62%)
----------------- Invoking toplevel() on ptolemy.moml.MoMLSimpleApplication@500595d7
----------------- Done invoking toplevel() on ptolemy.moml.MoMLSimpleApplication@500595d7
reloadAllAccessors: .Clock17

===========================================================================================
----------------- testing Mon Aug 05 05:23:58 UTC 2019 /home/travis/build/icyphy/ptII/ptolemy/actor/lib/test/auto/Clock18.xml
----------------- Instantiating /home/travis/build/icyphy/ptII/ptolemy/actor/lib/test/auto/Clock18.xml
27 ms. Memory: 510976K Free: 304410K (60%)
----------------- Invoking toplevel() on ptolemy.moml.MoMLSimpleApplication@5073f989
----------------- Done invoking toplevel() on ptolemy.moml.MoMLSimpleApplication@5073f989
reloadAllAccessors: .Clock18

===========================================================================================
----------------- testing Mon Aug 05 05:23:58 UTC 2019 /home/travis/build/icyphy/ptII/ptolemy/actor/lib/test/auto/Clock19.xml
----------------- Instantiating /home/travis/build/icyphy/ptII/ptolemy/actor/lib/test/auto/Clock19.xml
18 ms. Memory: 510976K Free: 291096K (57%)
----------------- Invoking toplevel() on ptolemy.moml.MoMLSimpleApplication@374229f1
----------------- Done invoking toplevel() on ptolemy.moml.MoMLSimpleApplication@374229f1
reloadAllAccessors: .Clock19

===========================================================================================
----------------- testing Mon Aug 05 05:23:58 UTC 2019 /home/travis/build/icyphy/ptII/ptolemy/actor/lib/test/auto/Clock2.xml
----------------- Instantiating /home/travis/build/icyphy/ptII/ptolemy/actor/lib/test/auto/Clock2.xml
8 ms. Memory: 510976K Free: 286458K (56%)
----------------- Invoking toplevel() on ptolemy.moml.MoMLSimpleApplication@470b18e6
----------------- Done invoking toplevel() on ptolemy.moml.MoMLSimpleApplication@470b18e6
reloadAllAccessors: .Clock2

===========================================================================================
----------------- testing Mon Aug 05 05:23:58 UTC 2019 /home/travis/build/icyphy/ptII/ptolemy/actor/lib/test/auto/Clock20.xml
----------------- Instantiating /home/travis/build/icyphy/ptII/ptolemy/actor/lib/test/auto/Clock20.xml
12 ms. Memory: 510976K Free: 280858K (55%)
----------------- Invoking toplevel() on ptolemy.moml.MoMLSimpleApplication@57828845
----------------- Done invoking toplevel() on ptolemy.moml.MoMLSimpleApplication@57828845
reloadAllAccessors: .Clock20

===========================================================================================
----------------- testing Mon Aug 05 05:23:58 UTC 2019 /home/travis/build/icyphy/ptII/ptolemy/actor/lib/test/auto/Clock21.xml
----------------- Instantiating /home/travis/build/icyphy/ptII/ptolemy/actor/lib/test/auto/Clock21.xml
6 ms. Memory: 510976K Free: 275738K (54%)
----------------- Invoking toplevel() on ptolemy.moml.MoMLSimpleApplication@368b70da
----------------- Done invoking toplevel() on ptolemy.moml.MoMLSimpleApplication@368b70da
reloadAllAccessors: .Clock21

===========================================================================================
----------------- testing Mon Aug 05 05:23:58 UTC 2019 /home/travis/build/icyphy/ptII/ptolemy/actor/lib/test/auto/Clock22.xml
----------------- Instantiating /home/travis/build/icyphy/ptII/ptolemy/actor/lib/test/auto/Clock22.xml
7 ms. Memory: 510976K Free: 270104K (53%)
----------------- Invoking toplevel() on ptolemy.moml.MoMLSimpleApplication@2c61bb5a
----------------- Done invoking toplevel() on ptolemy.moml.MoMLSimpleApplication@2c61bb5a
reloadAllAccessors: .Clock22

===========================================================================================
----------------- testing Mon Aug 05 05:23:58 UTC 2019 /home/travis/build/icyphy/ptII/ptolemy/actor/lib/test/auto/Clock23.xml
----------------- Instantiating /home/travis/build/icyphy/ptII/ptolemy/actor/lib/test/auto/Clock23.xml
8 ms. Memory: 510976K Free: 264474K (52%)
----------------- Invoking toplevel() on ptolemy.moml.MoMLSimpleApplication@4ce0c08b
----------------- Done invoking toplevel() on ptolemy.moml.MoMLSimpleApplication@4ce0c08b
reloadAllAccessors: .Clock23

===========================================================================================
----------------- testing Mon Aug 05 05:23:59 UTC 2019 /home/travis/build/icyphy/ptII/ptolemy/actor/lib/test/auto/Clock24.xml
----------------- Instantiating /home/travis/build/icyphy/ptII/ptolemy/actor/lib/test/auto/Clock24.xml
5 ms. Memory: 510976K Free: 259354K (51%)
----------------- Invoking toplevel() on ptolemy.moml.MoMLSimpleApplication@2d06074d
----------------- Done invoking toplevel() on ptolemy.moml.MoMLSimpleApplication@2d06074d
reloadAllAccessors: .Clock24

===========================================================================================
----------------- testing Mon Aug 05 05:23:59 UTC 2019 /home/travis/build/icyphy/ptII/ptolemy/actor/lib/test/auto/Clock4.xml
----------------- Instantiating /home/travis/build/icyphy/ptII/ptolemy/actor/lib/test/auto/Clock4.xml
2 ms. Memory: 510976K Free: 254234K (50%)
----------------- Invoking toplevel() on ptolemy.moml.MoMLSimpleApplication@5b6d5586
----------------- Done invoking toplevel() on ptolemy.moml.MoMLSimpleApplication@5b6d5586
reloadAllAccessors: .Clock4

===========================================================================================
----------------- testing Mon Aug 05 05:23:59 UTC 2019 /home/travis/build/icyphy/ptII/ptolemy/actor/lib/test/auto/Clock5.xml
----------------- Instantiating /home/travis/build/icyphy/ptII/ptolemy/actor/lib/test/auto/Clock5.xml
2 ms. Memory: 510976K Free: 249114K (49%)
----------------- Invoking toplevel() on ptolemy.moml.MoMLSimpleApplication@3a0c7025
----------------- Done invoking toplevel() on ptolemy.moml.MoMLSimpleApplication@3a0c7025
reloadAllAccessors: .Clock5

===========================================================================================
----------------- testing Mon Aug 05 05:23:59 UTC 2019 /home/travis/build/icyphy/ptII/ptolemy/actor/lib/test/auto/Clock6.xml
----------------- Instantiating /home/travis/build/icyphy/ptII/ptolemy/actor/lib/test/auto/Clock6.xml
2 ms. Memory: 510976K Free: 244504K (48%)
----------------- Invoking toplevel() on ptolemy.moml.MoMLSimpleApplication@18ce8a8b
----------------- Done invoking toplevel() on ptolemy.moml.MoMLSimpleApplication@18ce8a8b
reloadAllAccessors: .Clock6

===========================================================================================
----------------- testing Mon Aug 05 05:23:59 UTC 2019 /home/travis/build/icyphy/ptII/ptolemy/actor/lib/test/auto/Clock7.xml
----------------- Instantiating /home/travis/build/icyphy/ptII/ptolemy/actor/lib/test/auto/Clock7.xml
3 ms. Memory: 510976K Free: 239384K (47%)
----------------- Invoking toplevel() on ptolemy.moml.MoMLSimpleApplication@64213d76
----------------- Done invoking toplevel() on ptolemy.moml.MoMLSimpleApplication@64213d76
reloadAllAccessors: .Clock7

===========================================================================================
----------------- testing Mon Aug 05 05:23:59 UTC 2019 /home/travis/build/icyphy/ptII/ptolemy/actor/lib/test/auto/Clock8.xml
----------------- Instantiating /home/travis/build/icyphy/ptII/ptolemy/actor/lib/test/auto/Clock8.xml
5 ms. Memory: 510976K Free: 461266K (90%)
----------------- Invoking toplevel() on ptolemy.moml.MoMLSimpleApplication@6e25ccb9
----------------- Done invoking toplevel() on ptolemy.moml.MoMLSimpleApplication@6e25ccb9
reloadAllAccessors: .Clock8

===========================================================================================
----------------- testing Mon Aug 05 05:23:59 UTC 2019 /home/travis/build/icyphy/ptII/ptolemy/actor/lib/test/auto/Clock9.xml
----------------- Instantiating /home/travis/build/icyphy/ptII/ptolemy/actor/lib/test/auto/Clock9.xml
11 ms. Memory: 510976K Free: 455642K (89%)
----------------- Invoking toplevel() on ptolemy.moml.MoMLSimpleApplication@6dd94aa9
----------------- Done invoking toplevel() on ptolemy.moml.MoMLSimpleApplication@6dd94aa9
reloadAllAccessors: .Clock9

===========================================================================================
----------------- testing Mon Aug 05 05:23:59 UTC 2019 /home/travis/build/icyphy/ptII/ptolemy/actor/lib/test/auto/CommDistDiscard.xml
----------------- Instantiating /home/travis/build/icyphy/ptII/ptolemy/actor/lib/test/auto/CommDistDiscard.xml
5 ms. Memory: 510976K Free: 450008K (88%)
----------------- Invoking toplevel() on ptolemy.moml.MoMLSimpleApplication@55d6ea20
----------------- Done invoking toplevel() on ptolemy.moml.MoMLSimpleApplication@55d6ea20
reloadAllAccessors: .CommDistDiscard

===========================================================================================
----------------- testing Mon Aug 05 05:23:59 UTC 2019 /home/travis/build/icyphy/ptII/ptolemy/actor/lib/test/auto/Commutator.xml
----------------- Instantiating /home/travis/build/icyphy/ptII/ptolemy/actor/lib/test/auto/Commutator.xml
2 ms. Memory: 510976K Free: 445912K (87%)
----------------- Invoking toplevel() on ptolemy.moml.MoMLSimpleApplication@1ab68385
----------------- Done invoking toplevel() on ptolemy.moml.MoMLSimpleApplication@1ab68385
reloadAllAccessors: .Commutator

===========================================================================================
----------------- testing Mon Aug 05 05:23:59 UTC 2019 /home/travis/build/icyphy/ptII/ptolemy/actor/lib/test/auto/Commutator2.xml
----------------- Instantiating /home/travis/build/icyphy/ptII/ptolemy/actor/lib/test/auto/Commutator2.xml
2 ms. Memory: 510976K Free: 441306K (86%)
----------------- Invoking toplevel() on ptolemy.moml.MoMLSimpleApplication@7c49de9e
----------------- Done invoking toplevel() on ptolemy.moml.MoMLSimpleApplication@7c49de9e
reloadAllAccessors: .Commutator2

===========================================================================================
----------------- testing Mon Aug 05 05:23:59 UTC 2019 /home/travis/build/icyphy/ptII/ptolemy/actor/lib/test/auto/Commutator3.xml
----------------- Instantiating /home/travis/build/icyphy/ptII/ptolemy/actor/lib/test/auto/Commutator3.xml
2 ms. Memory: 510976K Free: 437210K (86%)
----------------- Invoking toplevel() on ptolemy.moml.MoMLSimpleApplication@43b50793
----------------- Done invoking toplevel() on ptolemy.moml.MoMLSimpleApplication@43b50793
reloadAllAccessors: .Commutator3

===========================================================================================
----------------- testing Mon Aug 05 05:23:59 UTC 2019 /home/travis/build/icyphy/ptII/ptolemy/actor/lib/test/auto/Compare.xml
----------------- Instantiating /home/travis/build/icyphy/ptII/ptolemy/actor/lib/test/auto/Compare.xml
2 ms. Memory: 510976K Free: 430552K (84%)
----------------- Invoking toplevel() on ptolemy.moml.MoMLSimpleApplication@7eb768d6
----------------- Done invoking toplevel() on ptolemy.moml.MoMLSimpleApplication@7eb768d6
reloadAllAccessors: .Compare

===========================================================================================
----------------- testing Mon Aug 05 05:23:59 UTC 2019 /home/travis/build/icyphy/ptII/ptolemy/actor/lib/test/auto/CompareDE.xml
----------------- Instantiating /home/travis/build/icyphy/ptII/ptolemy/actor/lib/test/auto/CompareDE.xml
7 ms. Memory: 510976K Free: 423370K (83%)
----------------- Invoking toplevel() on ptolemy.moml.MoMLSimpleApplication@4b79de12
----------------- Done invoking toplevel() on ptolemy.moml.MoMLSimpleApplication@4b79de12
reloadAllAccessors: .CompareDE

===========================================================================================
----------------- testing Mon Aug 05 05:23:59 UTC 2019 /home/travis/build/icyphy/ptII/ptolemy/actor/lib/test/auto/ComplexDivide.xml
----------------- Instantiating /home/travis/build/icyphy/ptII/ptolemy/actor/lib/test/auto/ComplexDivide.xml
1 ms. Memory: 510976K Free: 419802K (82%)
----------------- Invoking toplevel() on ptolemy.moml.MoMLSimpleApplication@7c5785d3
----------------- Done invoking toplevel() on ptolemy.moml.MoMLSimpleApplication@7c5785d3
reloadAllAccessors: .ComplexDivide

===========================================================================================
----------------- testing Mon Aug 05 05:23:59 UTC 2019 /home/travis/build/icyphy/ptII/ptolemy/actor/lib/test/auto/ComputeHistogram.xml
----------------- Instantiating /home/travis/build/icyphy/ptII/ptolemy/actor/lib/test/auto/ComputeHistogram.xml
44 ms. Memory: 510976K Free: 407000K (80%)
----------------- Invoking toplevel() on ptolemy.moml.MoMLSimpleApplication@21034693
----------------- Done invoking toplevel() on ptolemy.moml.MoMLSimpleApplication@21034693
reloadAllAccessors: .ComputeHistogram

===========================================================================================
----------------- testing Mon Aug 05 05:23:59 UTC 2019 /home/travis/build/icyphy/ptII/ptolemy/actor/lib/test/auto/ConfigurationSelect.xml
----------------- Instantiating /home/travis/build/icyphy/ptII/ptolemy/actor/lib/test/auto/ConfigurationSelect.xml
8 ms. Memory: 510976K Free: 401370K (79%)
----------------- Invoking toplevel() on ptolemy.moml.MoMLSimpleApplication@4c02fe5c
----------------- Done invoking toplevel() on ptolemy.moml.MoMLSimpleApplication@4c02fe5c
reloadAllAccessors: .ConfigurationSelect

===========================================================================================
----------------- testing Mon Aug 05 05:23:59 UTC 2019 /home/travis/build/icyphy/ptII/ptolemy/actor/lib/test/auto/ConfigurationSelect2.xml
----------------- Instantiating /home/travis/build/icyphy/ptII/ptolemy/actor/lib/test/auto/ConfigurationSelect2.xml
2 ms. Memory: 510976K Free: 397274K (78%)
----------------- Invoking toplevel() on ptolemy.moml.MoMLSimpleApplication@124c2356
----------------- Done invoking toplevel() on ptolemy.moml.MoMLSimpleApplication@124c2356
reloadAllAccessors: .ConfigurationSelect2

===========================================================================================
----------------- testing Mon Aug 05 05:23:59 UTC 2019 /home/travis/build/icyphy/ptII/ptolemy/actor/lib/test/auto/ConfigurationSwitch.xml
----------------- Instantiating /home/travis/build/icyphy/ptII/ptolemy/actor/lib/test/auto/ConfigurationSwitch.xml
2 ms. Memory: 510976K Free: 391640K (77%)
----------------- Invoking toplevel() on ptolemy.moml.MoMLSimpleApplication@688e03b6
----------------- Done invoking toplevel() on ptolemy.moml.MoMLSimpleApplication@688e03b6
reloadAllAccessors: .ConfigurationSwitch

===========================================================================================
----------------- testing Mon Aug 05 05:23:59 UTC 2019 /home/travis/build/icyphy/ptII/ptolemy/actor/lib/test/auto/ConfigurationSwitch2.xml
----------------- Instantiating /home/travis/build/icyphy/ptII/ptolemy/actor/lib/test/auto/ConfigurationSwitch2.xml
4 ms. Memory: 510976K Free: 386520K (76%)
----------------- Invoking toplevel() on ptolemy.moml.MoMLSimpleApplication@48664a83
----------------- Done invoking toplevel() on ptolemy.moml.MoMLSimpleApplication@48664a83
reloadAllAccessors: .ConfigurationSwitch2

===========================================================================================
----------------- testing Mon Aug 05 05:23:59 UTC 2019 /home/travis/build/icyphy/ptII/ptolemy/actor/lib/test/auto/ConfigurationSwitchCloningBugWithClassRelationGroup.xml
----------------- Instantiating /home/travis/build/icyphy/ptII/ptolemy/actor/lib/test/auto/ConfigurationSwitchCloningBugWithClassRelationGroup.xml
1 ms. Memory: 510976K Free: 379352K (74%)
----------------- Invoking toplevel() on ptolemy.moml.MoMLSimpleApplication@3ec475e7
----------------- Done invoking toplevel() on ptolemy.moml.MoMLSimpleApplication@3ec475e7
reloadAllAccessors: .ConfigurationSwitchCloningBugWithClassRelationGroup

===========================================================================================
----------------- testing Mon Aug 05 05:23:59 UTC 2019 /home/travis/build/icyphy/ptII/ptolemy/actor/lib/test/auto/ConfigurationSwitchSelectSDF.xml
----------------- Instantiating /home/travis/build/icyphy/ptII/ptolemy/actor/lib/test/auto/ConfigurationSwitchSelectSDF.xml
2 ms. Memory: 510976K Free: 373208K (73%)
----------------- Invoking toplevel() on ptolemy.moml.MoMLSimpleApplication@6d04b51b
----------------- Done invoking toplevel() on ptolemy.moml.MoMLSimpleApplication@6d04b51b
reloadAllAccessors: .ConfigurationSwitchSelectSDF

===========================================================================================
----------------- testing Mon Aug 05 05:23:59 UTC 2019 /home/travis/build/icyphy/ptII/ptolemy/actor/lib/test/auto/ConfigurationSwitchSelectSDF2.xml
----------------- Instantiating /home/travis/build/icyphy/ptII/ptolemy/actor/lib/test/auto/ConfigurationSwitchSelectSDF2.xml
3 ms. Memory: 510976K Free: 367578K (72%)
----------------- Invoking toplevel() on ptolemy.moml.MoMLSimpleApplication@74fdef72
----------------- Done invoking toplevel() on ptolemy.moml.MoMLSimpleApplication@74fdef72
reloadAllAccessors: .ConfigurationSwitchSelectSDF2

===========================================================================================
----------------- testing Mon Aug 05 05:23:59 UTC 2019 /home/travis/build/icyphy/ptII/ptolemy/actor/lib/test/auto/Const.xml
----------------- Instantiating /home/travis/build/icyphy/ptII/ptolemy/actor/lib/test/auto/Const.xml
2 ms. Memory: 510976K Free: 363992K (71%)
----------------- Invoking toplevel() on ptolemy.moml.MoMLSimpleApplication@1e92095d
----------------- Done invoking toplevel() on ptolemy.moml.MoMLSimpleApplication@1e92095d
reloadAllAccessors: .Const

===========================================================================================
----------------- testing Mon Aug 05 05:23:59 UTC 2019 /home/travis/build/icyphy/ptII/ptolemy/actor/lib/test/auto/Const2.xml
----------------- Instantiating /home/travis/build/icyphy/ptII/ptolemy/actor/lib/test/auto/Const2.xml
2 ms. Memory: 510976K Free: 359896K (70%)
----------------- Invoking toplevel() on ptolemy.moml.MoMLSimpleApplication@592dcad8
----------------- Done invoking toplevel() on ptolemy.moml.MoMLSimpleApplication@592dcad8
reloadAllAccessors: .Const2

===========================================================================================
----------------- testing Mon Aug 05 05:23:59 UTC 2019 /home/travis/build/icyphy/ptII/ptolemy/actor/lib/test/auto/Const3.xml
----------------- Instantiating /home/travis/build/icyphy/ptII/ptolemy/actor/lib/test/auto/Const3.xml
1 ms. Memory: 510976K Free: 357338K (70%)
----------------- Invoking toplevel() on ptolemy.moml.MoMLSimpleApplication@59a644b9
----------------- Done invoking toplevel() on ptolemy.moml.MoMLSimpleApplication@59a644b9
reloadAllAccessors: .Const3

===========================================================================================
----------------- testing Mon Aug 05 05:23:59 UTC 2019 /home/travis/build/icyphy/ptII/ptolemy/actor/lib/test/auto/ConstantPublisherPort1.xml
----------------- Instantiating /home/travis/build/icyphy/ptII/ptolemy/actor/lib/test/auto/ConstantPublisherPort1.xml
5 ms. Memory: 510976K Free: 348122K (68%)
----------------- Invoking toplevel() on ptolemy.moml.MoMLSimpleApplication@332355eb
----------------- Done invoking toplevel() on ptolemy.moml.MoMLSimpleApplication@332355eb
reloadAllAccessors: .ConstantPublisherPort1

===========================================================================================
----------------- testing Mon Aug 05 05:23:59 UTC 2019 /home/travis/build/icyphy/ptII/ptolemy/actor/lib/test/auto/ConstantPublisherPort2.xml
----------------- Instantiating /home/travis/build/icyphy/ptII/ptolemy/actor/lib/test/auto/ConstantPublisherPort2.xml
12 ms. Memory: 510976K Free: 339930K (67%)
----------------- Invoking toplevel() on ptolemy.moml.MoMLSimpleApplication@743f7b1f
----------------- Done invoking toplevel() on ptolemy.moml.MoMLSimpleApplication@743f7b1f
reloadAllAccessors: .ConstantPublisherPort2

===========================================================================================
----------------- testing Mon Aug 05 05:23:59 UTC 2019 /home/travis/build/icyphy/ptII/ptolemy/actor/lib/test/auto/ConstantPublisherPort3.xml
----------------- Instantiating /home/travis/build/icyphy/ptII/ptolemy/actor/lib/test/auto/ConstantPublisherPort3.xml
7 ms. Memory: 510976K Free: 332762K (65%)
----------------- Invoking toplevel() on ptolemy.moml.MoMLSimpleApplication@29846bd3
----------------- Done invoking toplevel() on ptolemy.moml.MoMLSimpleApplication@29846bd3
reloadAllAccessors: .ConstantPublisherPort3

===========================================================================================
----------------- testing Mon Aug 05 05:23:59 UTC 2019 /home/travis/build/icyphy/ptII/ptolemy/actor/lib/test/auto/ConstantPublisherPort4.xml
----------------- Instantiating /home/travis/build/icyphy/ptII/ptolemy/actor/lib/test/auto/ConstantPublisherPort4.xml
3 ms. Memory: 510976K Free: 325594K (64%)
----------------- Invoking toplevel() on ptolemy.moml.MoMLSimpleApplication@6bc7dc0d
----------------- Done invoking toplevel() on ptolemy.moml.MoMLSimpleApplication@6bc7dc0d
reloadAllAccessors: .ConstantPublisherPort4

===========================================================================================
----------------- testing Mon Aug 05 05:23:59 UTC 2019 /home/travis/build/icyphy/ptII/ptolemy/actor/lib/test/auto/ConstantPublisherPort5.xml
----------------- Instantiating /home/travis/build/icyphy/ptII/ptolemy/actor/lib/test/auto/ConstantPublisherPort5.xml
36 ms. Memory: 510976K Free: 315864K (62%)
----------------- Invoking toplevel() on ptolemy.moml.MoMLSimpleApplication@3d594d4c
----------------- Done invoking toplevel() on ptolemy.moml.MoMLSimpleApplication@3d594d4c
reloadAllAccessors: .ConstantPublisherPort5

===========================================================================================
----------------- testing Mon Aug 05 05:23:59 UTC 2019 /home/travis/build/icyphy/ptII/ptolemy/actor/lib/test/auto/ConstantPublisherPort6.xml
----------------- Instantiating /home/travis/build/icyphy/ptII/ptolemy/actor/lib/test/auto/ConstantPublisherPort6.xml
12 ms. Memory: 510976K Free: 307162K (60%)
----------------- Invoking toplevel() on ptolemy.moml.MoMLSimpleApplication@3a523749
----------------- Done invoking toplevel() on ptolemy.moml.MoMLSimpleApplication@3a523749
reloadAllAccessors: .ConstantPublisherPort6

===========================================================================================
----------------- testing Mon Aug 05 05:23:59 UTC 2019 /home/travis/build/icyphy/ptII/ptolemy/actor/lib/test/auto/ConstantPublisherPort7.xml
----------------- Instantiating /home/travis/build/icyphy/ptII/ptolemy/actor/lib/test/auto/ConstantPublisherPort7.xml
15 ms. Memory: 510976K Free: 297946K (58%)
----------------- Invoking toplevel() on ptolemy.moml.MoMLSimpleApplication@6e2270c2
----------------- Done invoking toplevel() on ptolemy.moml.MoMLSimpleApplication@6e2270c2
reloadAllAccessors: .ConstantPublisherPort7

===========================================================================================
----------------- testing Mon Aug 05 05:23:59 UTC 2019 /home/travis/build/icyphy/ptII/ptolemy/actor/lib/test/auto/ConstraintMonitor1.xml
----------------- Instantiating /home/travis/build/icyphy/ptII/ptolemy/actor/lib/test/auto/ConstraintMonitor1.xml
6 ms. Memory: 510976K Free: 293336K (57%)
----------------- Invoking toplevel() on ptolemy.moml.MoMLSimpleApplication@9ba5e
----------------- Done invoking toplevel() on ptolemy.moml.MoMLSimpleApplication@9ba5e
reloadAllAccessors: .ConstraintMonitor1

===========================================================================================
----------------- testing Mon Aug 05 05:24:00 UTC 2019 /home/travis/build/icyphy/ptII/ptolemy/actor/lib/test/auto/ConstraintMonitor2.xml
----------------- Instantiating /home/travis/build/icyphy/ptII/ptolemy/actor/lib/test/auto/ConstraintMonitor2.xml
4 ms. Memory: 510976K Free: 288730K (57%)
----------------- Invoking toplevel() on ptolemy.moml.MoMLSimpleApplication@30718676
----------------- Done invoking toplevel() on ptolemy.moml.MoMLSimpleApplication@30718676
reloadAllAccessors: .ConstraintMonitor2

===========================================================================================
----------------- testing Mon Aug 05 05:24:00 UTC 2019 /home/travis/build/icyphy/ptII/ptolemy/actor/lib/test/auto/ConstraintMonitor3.xml
----------------- Instantiating /home/travis/build/icyphy/ptII/ptolemy/actor/lib/test/auto/ConstraintMonitor3.xml
4 ms. Memory: 510976K Free: 284120K (56%)
----------------- Invoking toplevel() on ptolemy.moml.MoMLSimpleApplication@36df415a
----------------- Done invoking toplevel() on ptolemy.moml.MoMLSimpleApplication@36df415a
reloadAllAccessors: .ConstraintMonitor3

===========================================================================================
----------------- testing Mon Aug 05 05:24:00 UTC 2019 /home/travis/build/icyphy/ptII/ptolemy/actor/lib/test/auto/ConstraintMonitor4.xml
----------------- Instantiating /home/travis/build/icyphy/ptII/ptolemy/actor/lib/test/auto/ConstraintMonitor4.xml
6 ms. Memory: 510976K Free: 279000K (55%)
----------------- Invoking toplevel() on ptolemy.moml.MoMLSimpleApplication@71a827de
----------------- Done invoking toplevel() on ptolemy.moml.MoMLSimpleApplication@71a827de
reloadAllAccessors: .ConstraintMonitor4

===========================================================================================
----------------- testing Mon Aug 05 05:24:00 UTC 2019 /home/travis/build/icyphy/ptII/ptolemy/actor/lib/test/auto/ConstraintMonitor5.xml
----------------- Instantiating /home/travis/build/icyphy/ptII/ptolemy/actor/lib/test/auto/ConstraintMonitor5.xml
4 ms. Memory: 510976K Free: 273880K (54%)
----------------- Invoking toplevel() on ptolemy.moml.MoMLSimpleApplication@121fc294
----------------- Done invoking toplevel() on ptolemy.moml.MoMLSimpleApplication@121fc294
reloadAllAccessors: .ConstraintMonitor5

===========================================================================================
----------------- testing Mon Aug 05 05:24:00 UTC 2019 /home/travis/build/icyphy/ptII/ptolemy/actor/lib/test/auto/ConstraintMonitor6.xml
----------------- Instantiating /home/travis/build/icyphy/ptII/ptolemy/actor/lib/test/auto/ConstraintMonitor6.xml
6 ms. Memory: 510976K Free: 267226K (52%)
----------------- Invoking toplevel() on ptolemy.moml.MoMLSimpleApplication@78ffc3c2
----------------- Done invoking toplevel() on ptolemy.moml.MoMLSimpleApplication@78ffc3c2
reloadAllAccessors: .ConstraintMonitor6

===========================================================================================
----------------- testing Mon Aug 05 05:24:00 UTC 2019 /home/travis/build/icyphy/ptII/ptolemy/actor/lib/test/auto/ConstraintMonitor7.xml
----------------- Instantiating /home/travis/build/icyphy/ptII/ptolemy/actor/lib/test/auto/ConstraintMonitor7.xml
6 ms. Memory: 510976K Free: 260562K (51%)
----------------- Invoking toplevel() on ptolemy.moml.MoMLSimpleApplication@75bed134
----------------- Done invoking toplevel() on ptolemy.moml.MoMLSimpleApplication@75bed134
reloadAllAccessors: .ConstraintMonitor7

===========================================================================================
----------------- testing Mon Aug 05 05:24:00 UTC 2019 /home/travis/build/icyphy/ptII/ptolemy/actor/lib/test/auto/ConstraintMonitor8.xml
----------------- Instantiating /home/travis/build/icyphy/ptII/ptolemy/actor/lib/test/auto/ConstraintMonitor8.xml
8 ms. Memory: 510976K Free: 253400K (50%)
----------------- Invoking toplevel() on ptolemy.moml.MoMLSimpleApplication@1e0b81b7
----------------- Done invoking toplevel() on ptolemy.moml.MoMLSimpleApplication@1e0b81b7
reloadAllAccessors: .ConstraintMonitor8

===========================================================================================
----------------- testing Mon Aug 05 05:24:00 UTC 2019 /home/travis/build/icyphy/ptII/ptolemy/actor/lib/test/auto/Counter.xml
----------------- Instantiating /home/travis/build/icyphy/ptII/ptolemy/actor/lib/test/auto/Counter.xml
3 ms. Memory: 510976K Free: 248280K (49%)
----------------- Invoking toplevel() on ptolemy.moml.MoMLSimpleApplication@51f2a4ea
----------------- Done invoking toplevel() on ptolemy.moml.MoMLSimpleApplication@51f2a4ea
reloadAllAccessors: .Counter

===========================================================================================
----------------- testing Mon Aug 05 05:24:00 UTC 2019 /home/travis/build/icyphy/ptII/ptolemy/actor/lib/test/auto/CurrentTimeSDF.xml
----------------- Instantiating /home/travis/build/icyphy/ptII/ptolemy/actor/lib/test/auto/CurrentTimeSDF.xml
2 ms. Memory: 510976K Free: 244184K (48%)
----------------- Invoking toplevel() on ptolemy.moml.MoMLSimpleApplication@3f71ef19
----------------- Done invoking toplevel() on ptolemy.moml.MoMLSimpleApplication@3f71ef19
reloadAllAccessors: .CurrentTimeSDF

===========================================================================================
----------------- testing Mon Aug 05 05:24:00 UTC 2019 /home/travis/build/icyphy/ptII/ptolemy/actor/lib/test/auto/DB.xml
----------------- Instantiating /home/travis/build/icyphy/ptII/ptolemy/actor/lib/test/auto/DB.xml
3 ms. Memory: 510976K Free: 239578K (47%)
----------------- Invoking toplevel() on ptolemy.moml.MoMLSimpleApplication@6b881a39
----------------- Done invoking toplevel() on ptolemy.moml.MoMLSimpleApplication@6b881a39
reloadAllAccessors: .DB

===========================================================================================
----------------- testing Mon Aug 05 05:24:00 UTC 2019 /home/travis/build/icyphy/ptII/ptolemy/actor/lib/test/auto/DBDE.xml
----------------- Instantiating /home/travis/build/icyphy/ptII/ptolemy/actor/lib/test/auto/DBDE.xml
3 ms. Memory: 510976K Free: 233434K (46%)
----------------- Invoking toplevel() on ptolemy.moml.MoMLSimpleApplication@22040f4c
----------------- Done invoking toplevel() on ptolemy.moml.MoMLSimpleApplication@22040f4c
reloadAllAccessors: .DBDE

===========================================================================================
----------------- testing Mon Aug 05 05:24:00 UTC 2019 /home/travis/build/icyphy/ptII/ptolemy/actor/lib/test/auto/DateConstructor.xml
----------------- Instantiating /home/travis/build/icyphy/ptII/ptolemy/actor/lib/test/auto/DateConstructor.xml
32 ms. Memory: 510976K Free: 216026K (42%)
----------------- Invoking toplevel() on ptolemy.moml.MoMLSimpleApplication@6f2273e0
----------------- Done invoking toplevel() on ptolemy.moml.MoMLSimpleApplication@6f2273e0
reloadAllAccessors: .DateConstructor

===========================================================================================
----------------- testing Mon Aug 05 05:24:00 UTC 2019 /home/travis/build/icyphy/ptII/ptolemy/actor/lib/test/auto/DelayTime.xml
----------------- Instantiating /home/travis/build/icyphy/ptII/ptolemy/actor/lib/test/auto/DelayTime.xml
9 ms. Memory: 510976K Free: 210906K (41%)
----------------- Invoking toplevel() on ptolemy.moml.MoMLSimpleApplication@41a40d03
----------------- Done invoking toplevel() on ptolemy.moml.MoMLSimpleApplication@41a40d03
reloadAllAccessors: .DelayTime

===========================================================================================
----------------- testing Mon Aug 05 05:24:00 UTC 2019 /home/travis/build/icyphy/ptII/ptolemy/actor/lib/test/auto/Dictionary1.xml
----------------- Instantiating /home/travis/build/icyphy/ptII/ptolemy/actor/lib/test/auto/Dictionary1.xml
1 ms. Memory: 510976K Free: 205272K (40%)
----------------- Invoking toplevel() on ptolemy.moml.MoMLSimpleApplication@1c0bff4
----------------- Done invoking toplevel() on ptolemy.moml.MoMLSimpleApplication@1c0bff4
reloadAllAccessors: .Dictionary1

===========================================================================================
----------------- testing Mon Aug 05 05:24:00 UTC 2019 /home/travis/build/icyphy/ptII/ptolemy/actor/lib/test/auto/Dictionary2.xml
----------------- Instantiating /home/travis/build/icyphy/ptII/ptolemy/actor/lib/test/auto/Dictionary2.xml
2 ms. Memory: 510976K Free: 199642K (39%)
----------------- Invoking toplevel() on ptolemy.moml.MoMLSimpleApplication@1f460235
----------------- Done invoking toplevel() on ptolemy.moml.MoMLSimpleApplication@1f460235
reloadAllAccessors: .Dictionary2

===========================================================================================
----------------- testing Mon Aug 05 05:24:00 UTC 2019 /home/travis/build/icyphy/ptII/ptolemy/actor/lib/test/auto/Dictionary3.xml
----------------- Instantiating /home/travis/build/icyphy/ptII/ptolemy/actor/lib/test/auto/Dictionary3.xml
1 ms. Memory: 510976K Free: 194008K (38%)
----------------- Invoking toplevel() on ptolemy.moml.MoMLSimpleApplication@3a597788
----------------- Done invoking toplevel() on ptolemy.moml.MoMLSimpleApplication@3a597788
reloadAllAccessors: .Dictionary3

===========================================================================================
----------------- testing Mon Aug 05 05:24:00 UTC 2019 /home/travis/build/icyphy/ptII/ptolemy/actor/lib/test/auto/Dictionary4.xml
----------------- Instantiating /home/travis/build/icyphy/ptII/ptolemy/actor/lib/test/auto/Dictionary4.xml
3 ms. Memory: 510976K Free: 187354K (37%)
----------------- Invoking toplevel() on ptolemy.moml.MoMLSimpleApplication@5faf0dd5
----------------- Done invoking toplevel() on ptolemy.moml.MoMLSimpleApplication@5faf0dd5
reloadAllAccessors: .Dictionary4

===========================================================================================
----------------- testing Mon Aug 05 05:24:00 UTC 2019 /home/travis/build/icyphy/ptII/ptolemy/actor/lib/test/auto/Differential.xml
----------------- Instantiating /home/travis/build/icyphy/ptII/ptolemy/actor/lib/test/auto/Differential.xml
2 ms. Memory: 510976K Free: 460728K (90%)
----------------- Invoking toplevel() on ptolemy.moml.MoMLSimpleApplication@419e1ccd
----------------- Done invoking toplevel() on ptolemy.moml.MoMLSimpleApplication@419e1ccd
reloadAllAccessors: .Differential

===========================================================================================
----------------- testing Mon Aug 05 05:24:00 UTC 2019 /home/travis/build/icyphy/ptII/ptolemy/actor/lib/test/auto/Director.xml
----------------- Instantiating /home/travis/build/icyphy/ptII/ptolemy/actor/lib/test/auto/Director.xml
1 ms. Memory: 510976K Free: 457160K (89%)
----------------- Invoking toplevel() on ptolemy.moml.MoMLSimpleApplication@541edab1
----------------- Done invoking toplevel() on ptolemy.moml.MoMLSimpleApplication@541edab1
reloadAllAccessors: .Director

===========================================================================================
----------------- testing Mon Aug 05 05:24:00 UTC 2019 /home/travis/build/icyphy/ptII/ptolemy/actor/lib/test/auto/DiscreteClock.xml
----------------- Instantiating /home/travis/build/icyphy/ptII/ptolemy/actor/lib/test/auto/DiscreteClock.xml
1 ms. Memory: 510976K Free: 453064K (89%)
----------------- Invoking toplevel() on ptolemy.moml.MoMLSimpleApplication@3c7fa28e
----------------- Done invoking toplevel() on ptolemy.moml.MoMLSimpleApplication@3c7fa28e
reloadAllAccessors: .DiscreteClock

===========================================================================================
----------------- testing Mon Aug 05 05:24:00 UTC 2019 /home/travis/build/icyphy/ptII/ptolemy/actor/lib/test/auto/DiscreteClock10.xml
----------------- Instantiating /home/travis/build/icyphy/ptII/ptolemy/actor/lib/test/auto/DiscreteClock10.xml
2 ms. Memory: 510976K Free: 446920K (87%)
----------------- Invoking toplevel() on ptolemy.moml.MoMLSimpleApplication@362da153
----------------- Done invoking toplevel() on ptolemy.moml.MoMLSimpleApplication@362da153
reloadAllAccessors: .DiscreteClock10

===========================================================================================
----------------- testing Mon Aug 05 05:24:00 UTC 2019 /home/travis/build/icyphy/ptII/ptolemy/actor/lib/test/auto/DiscreteClock11.xml
----------------- Instantiating /home/travis/build/icyphy/ptII/ptolemy/actor/lib/test/auto/DiscreteClock11.xml
3 ms. Memory: 510976K Free: 441286K (86%)
----------------- Invoking toplevel() on ptolemy.moml.MoMLSimpleApplication@54286ce9
----------------- Done invoking toplevel() on ptolemy.moml.MoMLSimpleApplication@54286ce9
reloadAllAccessors: .DiscreteClock11

===========================================================================================
----------------- testing Mon Aug 05 05:24:00 UTC 2019 /home/travis/build/icyphy/ptII/ptolemy/actor/lib/test/auto/DiscreteClock12.xml
----------------- Instantiating /home/travis/build/icyphy/ptII/ptolemy/actor/lib/test/auto/DiscreteClock12.xml
2 ms. Memory: 510976K Free: 435142K (85%)
----------------- Invoking toplevel() on ptolemy.moml.MoMLSimpleApplication@38433740
----------------- Done invoking toplevel() on ptolemy.moml.MoMLSimpleApplication@38433740
reloadAllAccessors: .DiscreteClock12

===========================================================================================
----------------- testing Mon Aug 05 05:24:00 UTC 2019 /home/travis/build/icyphy/ptII/ptolemy/actor/lib/test/auto/DiscreteClock13.xml
----------------- Instantiating /home/travis/build/icyphy/ptII/ptolemy/actor/lib/test/auto/DiscreteClock13.xml
5 ms. Memory: 510976K Free: 428968K (84%)
----------------- Invoking toplevel() on ptolemy.moml.MoMLSimpleApplication@18138b7a
----------------- Done invoking toplevel() on ptolemy.moml.MoMLSimpleApplication@18138b7a
reloadAllAccessors: .DiscreteClock13

===========================================================================================
----------------- testing Mon Aug 05 05:24:00 UTC 2019 /home/travis/build/icyphy/ptII/ptolemy/actor/lib/test/auto/DiscreteClock14.xml
----------------- Instantiating /home/travis/build/icyphy/ptII/ptolemy/actor/lib/test/auto/DiscreteClock14.xml
6 ms. Memory: 510976K Free: 422824K (83%)
----------------- Invoking toplevel() on ptolemy.moml.MoMLSimpleApplication@23c43bb1
----------------- Done invoking toplevel() on ptolemy.moml.MoMLSimpleApplication@23c43bb1
reloadAllAccessors: .DiscreteClock14

===========================================================================================
----------------- testing Mon Aug 05 05:24:00 UTC 2019 /home/travis/build/icyphy/ptII/ptolemy/actor/lib/test/auto/DiscreteClock15.xml
----------------- Instantiating /home/travis/build/icyphy/ptII/ptolemy/actor/lib/test/auto/DiscreteClock15.xml
5 ms. Memory: 510976K Free: 417224K (82%)
----------------- Invoking toplevel() on ptolemy.moml.MoMLSimpleApplication@73036e87
----------------- Done invoking toplevel() on ptolemy.moml.MoMLSimpleApplication@73036e87
reloadAllAccessors: .DiscreteClock15

===========================================================================================
----------------- testing Mon Aug 05 05:24:00 UTC 2019 /home/travis/build/icyphy/ptII/ptolemy/actor/lib/test/auto/DiscreteClock16.xml
----------------- Instantiating /home/travis/build/icyphy/ptII/ptolemy/actor/lib/test/auto/DiscreteClock16.xml
14 ms. Memory: 510976K Free: 403384K (79%)
----------------- Invoking toplevel() on ptolemy.moml.MoMLSimpleApplication@ab5b1d8
----------------- Done invoking toplevel() on ptolemy.moml.MoMLSimpleApplication@ab5b1d8
reloadAllAccessors: .DiscreteClock16

===========================================================================================
----------------- testing Mon Aug 05 05:24:00 UTC 2019 /home/travis/build/icyphy/ptII/ptolemy/actor/lib/test/auto/DiscreteClock17.xml
----------------- Instantiating /home/travis/build/icyphy/ptII/ptolemy/actor/lib/test/auto/DiscreteClock17.xml
18 ms. Memory: 510976K Free: 388552K (76%)
----------------- Invoking toplevel() on ptolemy.moml.MoMLSimpleApplication@268557f
----------------- Done invoking toplevel() on ptolemy.moml.MoMLSimpleApplication@268557f
reloadAllAccessors: .DiscreteClock17

===========================================================================================
----------------- testing Mon Aug 05 05:24:00 UTC 2019 /home/travis/build/icyphy/ptII/ptolemy/actor/lib/test/auto/DiscreteClock18.xml
----------------- Instantiating /home/travis/build/icyphy/ptII/ptolemy/actor/lib/test/auto/DiscreteClock18.xml
28 ms. Memory: 510976K Free: 374712K (73%)
----------------- Invoking toplevel() on ptolemy.moml.MoMLSimpleApplication@4283c51f
----------------- Done invoking toplevel() on ptolemy.moml.MoMLSimpleApplication@4283c51f
reloadAllAccessors: .DiscreteClock18

===========================================================================================
----------------- testing Mon Aug 05 05:24:00 UTC 2019 /home/travis/build/icyphy/ptII/ptolemy/actor/lib/test/auto/DiscreteClock19.xml
----------------- Instantiating /home/travis/build/icyphy/ptII/ptolemy/actor/lib/test/auto/DiscreteClock19.xml
24 ms. Memory: 510976K Free: 361414K (71%)
----------------- Invoking toplevel() on ptolemy.moml.MoMLSimpleApplication@3f0f5479
----------------- Done invoking toplevel() on ptolemy.moml.MoMLSimpleApplication@3f0f5479
reloadAllAccessors: .DiscreteClock19

===========================================================================================
----------------- testing Mon Aug 05 05:24:00 UTC 2019 /home/travis/build/icyphy/ptII/ptolemy/actor/lib/test/auto/DiscreteClock2.xml
----------------- Instantiating /home/travis/build/icyphy/ptII/ptolemy/actor/lib/test/auto/DiscreteClock2.xml
5 ms. Memory: 510976K Free: 356288K (70%)
----------------- Invoking toplevel() on ptolemy.moml.MoMLSimpleApplication@78d2b721
----------------- Done invoking toplevel() on ptolemy.moml.MoMLSimpleApplication@78d2b721
reloadAllAccessors: .DiscreteClock2

===========================================================================================
----------------- testing Mon Aug 05 05:24:00 UTC 2019 /home/travis/build/icyphy/ptII/ptolemy/actor/lib/test/auto/DiscreteClock20.xml
----------------- Instantiating /home/travis/build/icyphy/ptII/ptolemy/actor/lib/test/auto/DiscreteClock20.xml
7 ms. Memory: 510976K Free: 350664K (69%)
----------------- Invoking toplevel() on ptolemy.moml.MoMLSimpleApplication@e50db4e
----------------- Done invoking toplevel() on ptolemy.moml.MoMLSimpleApplication@e50db4e
reloadAllAccessors: .DiscreteClock20

===========================================================================================
----------------- testing Mon Aug 05 05:24:00 UTC 2019 /home/travis/build/icyphy/ptII/ptolemy/actor/lib/test/auto/DiscreteClock21.xml
----------------- Instantiating /home/travis/build/icyphy/ptII/ptolemy/actor/lib/test/auto/DiscreteClock21.xml
6 ms. Memory: 510976K Free: 345030K (68%)
----------------- Invoking toplevel() on ptolemy.moml.MoMLSimpleApplication@632722df
----------------- Done invoking toplevel() on ptolemy.moml.MoMLSimpleApplication@632722df
reloadAllAccessors: .DiscreteClock21

===========================================================================================
----------------- testing Mon Aug 05 05:24:01 UTC 2019 /home/travis/build/icyphy/ptII/ptolemy/actor/lib/test/auto/DiscreteClock22.xml
----------------- Instantiating /home/travis/build/icyphy/ptII/ptolemy/actor/lib/test/auto/DiscreteClock22.xml
7 ms. Memory: 510976K Free: 339400K (66%)
----------------- Invoking toplevel() on ptolemy.moml.MoMLSimpleApplication@599326b6
----------------- Done invoking toplevel() on ptolemy.moml.MoMLSimpleApplication@599326b6
reloadAllAccessors: .DiscreteClock22

===========================================================================================
----------------- testing Mon Aug 05 05:24:01 UTC 2019 /home/travis/build/icyphy/ptII/ptolemy/actor/lib/test/auto/DiscreteClock23.xml
----------------- Instantiating /home/travis/build/icyphy/ptII/ptolemy/actor/lib/test/auto/DiscreteClock23.xml
10 ms. Memory: 510976K Free: 334280K (65%)
----------------- Invoking toplevel() on ptolemy.moml.MoMLSimpleApplication@33985843
----------------- Done invoking toplevel() on ptolemy.moml.MoMLSimpleApplication@33985843
reloadAllAccessors: .DiscreteClock23

===========================================================================================
----------------- testing Mon Aug 05 05:24:01 UTC 2019 /home/travis/build/icyphy/ptII/ptolemy/actor/lib/test/auto/DiscreteClock24.xml
----------------- Instantiating /home/travis/build/icyphy/ptII/ptolemy/actor/lib/test/auto/DiscreteClock24.xml
5 ms. Memory: 510976K Free: 328646K (64%)
----------------- Invoking toplevel() on ptolemy.moml.MoMLSimpleApplication@6fde3bf4
----------------- Done invoking toplevel() on ptolemy.moml.MoMLSimpleApplication@6fde3bf4
reloadAllAccessors: .DiscreteClock24

===========================================================================================
----------------- testing Mon Aug 05 05:24:01 UTC 2019 /home/travis/build/icyphy/ptII/ptolemy/actor/lib/test/auto/DiscreteClock4.xml
----------------- Instantiating /home/travis/build/icyphy/ptII/ptolemy/actor/lib/test/auto/DiscreteClock4.xml
5 ms. Memory: 510976K Free: 323016K (63%)
----------------- Invoking toplevel() on ptolemy.moml.MoMLSimpleApplication@2732ee48
----------------- Done invoking toplevel() on ptolemy.moml.MoMLSimpleApplication@2732ee48
reloadAllAccessors: .DiscreteClock4

===========================================================================================
----------------- testing Mon Aug 05 05:24:01 UTC 2019 /home/travis/build/icyphy/ptII/ptolemy/actor/lib/test/auto/DiscreteClock5.xml
----------------- Instantiating /home/travis/build/icyphy/ptII/ptolemy/actor/lib/test/auto/DiscreteClock5.xml
2 ms. Memory: 510976K Free: 317382K (62%)
----------------- Invoking toplevel() on ptolemy.moml.MoMLSimpleApplication@634d8f35
----------------- Done invoking toplevel() on ptolemy.moml.MoMLSimpleApplication@634d8f35
reloadAllAccessors: .DiscreteClock5

===========================================================================================
----------------- testing Mon Aug 05 05:24:01 UTC 2019 /home/travis/build/icyphy/ptII/ptolemy/actor/lib/test/auto/DiscreteClock6.xml
----------------- Instantiating /home/travis/build/icyphy/ptII/ptolemy/actor/lib/test/auto/DiscreteClock6.xml
2 ms. Memory: 510976K Free: 313272K (61%)
----------------- Invoking toplevel() on ptolemy.moml.MoMLSimpleApplication@7935bf1d
----------------- Done invoking toplevel() on ptolemy.moml.MoMLSimpleApplication@7935bf1d
reloadAllAccessors: .DiscreteClock6

===========================================================================================
----------------- testing Mon Aug 05 05:24:01 UTC 2019 /home/travis/build/icyphy/ptII/ptolemy/actor/lib/test/auto/DiscreteClock7.xml
----------------- Instantiating /home/travis/build/icyphy/ptII/ptolemy/actor/lib/test/auto/DiscreteClock7.xml
2 ms. Memory: 510976K Free: 308166K (60%)
----------------- Invoking toplevel() on ptolemy.moml.MoMLSimpleApplication@6765e5af
----------------- Done invoking toplevel() on ptolemy.moml.MoMLSimpleApplication@6765e5af
reloadAllAccessors: .DiscreteClock7

===========================================================================================
----------------- testing Mon Aug 05 05:24:01 UTC 2019 /home/travis/build/icyphy/ptII/ptolemy/actor/lib/test/auto/DiscreteClock8.xml
----------------- Instantiating /home/travis/build/icyphy/ptII/ptolemy/actor/lib/test/auto/DiscreteClock8.xml
5 ms. Memory: 510976K Free: 303016K (59%)
----------------- Invoking toplevel() on ptolemy.moml.MoMLSimpleApplication@7c969774
----------------- Done invoking toplevel() on ptolemy.moml.MoMLSimpleApplication@7c969774
reloadAllAccessors: .DiscreteClock8

===========================================================================================
----------------- testing Mon Aug 05 05:24:01 UTC 2019 /home/travis/build/icyphy/ptII/ptolemy/actor/lib/test/auto/DiscreteClock9.xml
----------------- Instantiating /home/travis/build/icyphy/ptII/ptolemy/actor/lib/test/auto/DiscreteClock9.xml
5 ms. Memory: 510976K Free: 296872K (58%)
----------------- Invoking toplevel() on ptolemy.moml.MoMLSimpleApplication@32a6137b
----------------- Done invoking toplevel() on ptolemy.moml.MoMLSimpleApplication@32a6137b
reloadAllAccessors: .DiscreteClock9

===========================================================================================
----------------- testing Mon Aug 05 05:24:01 UTC 2019 /home/travis/build/icyphy/ptII/ptolemy/actor/lib/test/auto/DisplayArray.xml
----------------- Instantiating /home/travis/build/icyphy/ptII/ptolemy/actor/lib/test/auto/DisplayArray.xml
3 ms. Memory: 510976K Free: 293320K (57%)
----------------- Invoking toplevel() on ptolemy.moml.MoMLSimpleApplication@3a857227
----------------- Done invoking toplevel() on ptolemy.moml.MoMLSimpleApplication@3a857227
reloadAllAccessors: .DisplayArray

===========================================================================================
----------------- testing Mon Aug 05 05:24:01 UTC 2019 /home/travis/build/icyphy/ptII/ptolemy/actor/lib/test/auto/Distributor.xml
----------------- Instantiating /home/travis/build/icyphy/ptII/ptolemy/actor/lib/test/auto/Distributor.xml
2 ms. Memory: 510976K Free: 288200K (56%)
----------------- Invoking toplevel() on ptolemy.moml.MoMLSimpleApplication@1c423b22
----------------- Done invoking toplevel() on ptolemy.moml.MoMLSimpleApplication@1c423b22
reloadAllAccessors: .Distributor

===========================================================================================
----------------- testing Mon Aug 05 05:24:01 UTC 2019 /home/travis/build/icyphy/ptII/ptolemy/actor/lib/test/auto/Distributor2.xml
----------------- Instantiating /home/travis/build/icyphy/ptII/ptolemy/actor/lib/test/auto/Distributor2.xml
1 ms. Memory: 510976K Free: 283080K (55%)
----------------- Invoking toplevel() on ptolemy.moml.MoMLSimpleApplication@69d9002b
----------------- Done invoking toplevel() on ptolemy.moml.MoMLSimpleApplication@69d9002b
reloadAllAccessors: .Distributor2

===========================================================================================
----------------- testing Mon Aug 05 05:24:01 UTC 2019 /home/travis/build/icyphy/ptII/ptolemy/actor/lib/test/auto/DownSample.xml
----------------- Instantiating /home/travis/build/icyphy/ptII/ptolemy/actor/lib/test/auto/DownSample.xml
1 ms. Memory: 510976K Free: 278470K (54%)
----------------- Invoking toplevel() on ptolemy.moml.MoMLSimpleApplication@473d71c8
----------------- Done invoking toplevel() on ptolemy.moml.MoMLSimpleApplication@473d71c8
reloadAllAccessors: .DownSample

===========================================================================================
----------------- testing Mon Aug 05 05:24:01 UTC 2019 /home/travis/build/icyphy/ptII/ptolemy/actor/lib/test/auto/ElectronicUnitBase1.xml
----------------- Instantiating /home/travis/build/icyphy/ptII/ptolemy/actor/lib/test/auto/ElectronicUnitBase1.xml
19 ms. Memory: 510976K Free: 262600K (51%)
----------------- Invoking toplevel() on ptolemy.moml.MoMLSimpleApplication@99c9262
----------------- Done invoking toplevel() on ptolemy.moml.MoMLSimpleApplication@99c9262
reloadAllAccessors: .ElectronicUnitBase1

===========================================================================================
----------------- testing Mon Aug 05 05:24:01 UTC 2019 /home/travis/build/icyphy/ptII/ptolemy/actor/lib/test/auto/ElementsToArray.xml
----------------- Instantiating /home/travis/build/icyphy/ptII/ptolemy/actor/lib/test/auto/ElementsToArray.xml
3 ms. Memory: 510976K Free: 257480K (50%)
----------------- Invoking toplevel() on ptolemy.moml.MoMLSimpleApplication@68e2e9dc
----------------- Done invoking toplevel() on ptolemy.moml.MoMLSimpleApplication@68e2e9dc
reloadAllAccessors: .ElementsToArray

===========================================================================================
----------------- testing Mon Aug 05 05:24:01 UTC 2019 /home/travis/build/icyphy/ptII/ptolemy/actor/lib/test/auto/Equals.xml
----------------- Instantiating /home/travis/build/icyphy/ptII/ptolemy/actor/lib/test/auto/Equals.xml
3 ms. Memory: 510976K Free: 252870K (49%)
----------------- Invoking toplevel() on ptolemy.moml.MoMLSimpleApplication@14355aec
----------------- Done invoking toplevel() on ptolemy.moml.MoMLSimpleApplication@14355aec
reloadAllAccessors: .Equals

===========================================================================================
----------------- testing Mon Aug 05 05:24:01 UTC 2019 /home/travis/build/icyphy/ptII/ptolemy/actor/lib/test/auto/Exec.xml
----------------- Instantiating /home/travis/build/icyphy/ptII/ptolemy/actor/lib/test/auto/Exec.xml
21 ms. Memory: 510976K Free: 247750K (48%)
----------------- Invoking toplevel() on ptolemy.moml.MoMLSimpleApplication@7af0c1
----------------- Done invoking toplevel() on ptolemy.moml.MoMLSimpleApplication@7af0c1
reloadAllAccessors: .Exec

===========================================================================================
----------------- testing Mon Aug 05 05:24:01 UTC 2019 /home/travis/build/icyphy/ptII/ptolemy/actor/lib/test/auto/ExecEnvironment.xml
----------------- Instantiating /home/travis/build/icyphy/ptII/ptolemy/actor/lib/test/auto/ExecEnvironment.xml
29 ms. Memory: 510976K Free: 241096K (47%)
----------------- Invoking toplevel() on ptolemy.moml.MoMLSimpleApplication@1268e7b1
----------------- Done invoking toplevel() on ptolemy.moml.MoMLSimpleApplication@1268e7b1
reloadAllAccessors: .ExecEnvironment

===========================================================================================
----------------- testing Mon Aug 05 05:24:01 UTC 2019 /home/travis/build/icyphy/ptII/ptolemy/actor/lib/test/auto/ExecNonZeroReturnOutput.xml
----------------- Instantiating /home/travis/build/icyphy/ptII/ptolemy/actor/lib/test/auto/ExecNonZeroReturnOutput.xml
199 ms. Memory: 510976K Free: 229832K (45%)
----------------- Invoking toplevel() on ptolemy.moml.MoMLSimpleApplication@156c55c3
----------------- Done invoking toplevel() on ptolemy.moml.MoMLSimpleApplication@156c55c3
reloadAllAccessors: .ExecNonZeroReturnOutput

===========================================================================================
----------------- testing Mon Aug 05 05:24:01 UTC 2019 /home/travis/build/icyphy/ptII/ptolemy/actor/lib/test/auto/ExecRunDemos.xml
----------------- Instantiating /home/travis/build/icyphy/ptII/ptolemy/actor/lib/test/auto/ExecRunDemos.xml
Finished: 137 ms. Memory: 120832K Free: 104406K (86%)

Finished: 67 ms. Memory: 120832K Free: 110702K (92%)

Finished: 94 ms. Memory: 120832K Free: 110785K (92%)

Finished: 77 ms. Memory: 120832K Free: 103235K (85%)

Finished: 87 ms. Memory: 120832K Free: 104202K (86%)

11457 ms. Memory: 510976K Free: 208326K (41%)
----------------- Invoking toplevel() on ptolemy.moml.MoMLSimpleApplication@7c9f796a
----------------- Done invoking toplevel() on ptolemy.moml.MoMLSimpleApplication@7c9f796a
reloadAllAccessors: .ExecRunDemos

===========================================================================================
----------------- testing Mon Aug 05 05:24:13 UTC 2019 /home/travis/build/icyphy/ptII/ptolemy/actor/lib/test/auto/ExecStop.xml
----------------- Instantiating /home/travis/build/icyphy/ptII/ptolemy/actor/lib/test/auto/ExecStop.xml
5018 ms. Memory: 510976K Free: 385027K (75%)
----------------- Invoking toplevel() on ptolemy.moml.MoMLSimpleApplication@40946be
----------------- Done invoking toplevel() on ptolemy.moml.MoMLSimpleApplication@40946be
reloadAllAccessors: .ExecStop

===========================================================================================
----------------- testing Mon Aug 05 05:24:18 UTC 2019 /home/travis/build/icyphy/ptII/ptolemy/actor/lib/test/auto/ExecutionTimeSDF.xml
----------------- Instantiating /home/travis/build/icyphy/ptII/ptolemy/actor/lib/test/auto/ExecutionTimeSDF.xml
Fired ExecutionTime: 2047600000
Fired ExecutionTime: 1072000000
Fired ExecutionTime: -1070167296
6005 ms. Memory: 510976K Free: 372469K (73%)
----------------- Invoking toplevel() on ptolemy.moml.MoMLSimpleApplication@76a5a74f
----------------- Done invoking toplevel() on ptolemy.moml.MoMLSimpleApplication@76a5a74f
reloadAllAccessors: .ExecutionTimeSDF

===========================================================================================
----------------- testing Mon Aug 05 05:24:24 UTC 2019 /home/travis/build/icyphy/ptII/ptolemy/actor/lib/test/auto/Expression1.xml
----------------- Instantiating /home/travis/build/icyphy/ptII/ptolemy/actor/lib/test/auto/Expression1.xml
1 ms. Memory: 510976K Free: 368901K (72%)
----------------- Invoking toplevel() on ptolemy.moml.MoMLSimpleApplication@634e11ef
----------------- Done invoking toplevel() on ptolemy.moml.MoMLSimpleApplication@634e11ef
reloadAllAccessors: .Expression1

===========================================================================================
----------------- testing Mon Aug 05 05:24:24 UTC 2019 /home/travis/build/icyphy/ptII/ptolemy/actor/lib/test/auto/Expression10.xml
----------------- Instantiating /home/travis/build/icyphy/ptII/ptolemy/actor/lib/test/auto/Expression10.xml
17 ms. Memory: 510976K Free: 363267K (71%)
----------------- Invoking toplevel() on ptolemy.moml.MoMLSimpleApplication@73544995
----------------- Done invoking toplevel() on ptolemy.moml.MoMLSimpleApplication@73544995
reloadAllAccessors: .Expression10

===========================================================================================
----------------- testing Mon Aug 05 05:24:24 UTC 2019 /home/travis/build/icyphy/ptII/ptolemy/actor/lib/test/auto/Expression11.xml
----------------- Instantiating /home/travis/build/icyphy/ptII/ptolemy/actor/lib/test/auto/Expression11.xml
2 ms. Memory: 510976K Free: 358661K (70%)
----------------- Invoking toplevel() on ptolemy.moml.MoMLSimpleApplication@7f126890
----------------- Done invoking toplevel() on ptolemy.moml.MoMLSimpleApplication@7f126890
reloadAllAccessors: .Expression11

===========================================================================================
----------------- testing Mon Aug 05 05:24:24 UTC 2019 /home/travis/build/icyphy/ptII/ptolemy/actor/lib/test/auto/Expression12.xml
----------------- Instantiating /home/travis/build/icyphy/ptII/ptolemy/actor/lib/test/auto/Expression12.xml
2 ms. Memory: 510976K Free: 353541K (69%)
----------------- Invoking toplevel() on ptolemy.moml.MoMLSimpleApplication@1bf90a13
----------------- Done invoking toplevel() on ptolemy.moml.MoMLSimpleApplication@1bf90a13
reloadAllAccessors: .Expression12

===========================================================================================
----------------- testing Mon Aug 05 05:24:24 UTC 2019 /home/travis/build/icyphy/ptII/ptolemy/actor/lib/test/auto/Expression13.xml
----------------- Instantiating /home/travis/build/icyphy/ptII/ptolemy/actor/lib/test/auto/Expression13.xml
4 ms. Memory: 510976K Free: 348421K (68%)
----------------- Invoking toplevel() on ptolemy.moml.MoMLSimpleApplication@48d6c4fb
----------------- Done invoking toplevel() on ptolemy.moml.MoMLSimpleApplication@48d6c4fb
reloadAllAccessors: .Expression13

===========================================================================================
----------------- testing Mon Aug 05 05:24:24 UTC 2019 /home/travis/build/icyphy/ptII/ptolemy/actor/lib/test/auto/Expression14.xml
----------------- Instantiating /home/travis/build/icyphy/ptII/ptolemy/actor/lib/test/auto/Expression14.xml
9 ms. Memory: 510976K Free: 342277K (67%)
----------------- Invoking toplevel() on ptolemy.moml.MoMLSimpleApplication@381c134f
----------------- Done invoking toplevel() on ptolemy.moml.MoMLSimpleApplication@381c134f
reloadAllAccessors: .Expression14

===========================================================================================
----------------- testing Mon Aug 05 05:24:24 UTC 2019 /home/travis/build/icyphy/ptII/ptolemy/actor/lib/test/auto/Expression15.xml
----------------- Instantiating /home/travis/build/icyphy/ptII/ptolemy/actor/lib/test/auto/Expression15.xml
1 ms. Memory: 510976K Free: 338181K (66%)
----------------- Invoking toplevel() on ptolemy.moml.MoMLSimpleApplication@506acead
----------------- Done invoking toplevel() on ptolemy.moml.MoMLSimpleApplication@506acead
reloadAllAccessors: .Expression15

===========================================================================================
----------------- testing Mon Aug 05 05:24:24 UTC 2019 /home/travis/build/icyphy/ptII/ptolemy/actor/lib/test/auto/Expression16.xml
----------------- Instantiating /home/travis/build/icyphy/ptII/ptolemy/actor/lib/test/auto/Expression16.xml
4 ms. Memory: 510976K Free: 333061K (65%)
----------------- Invoking toplevel() on ptolemy.moml.MoMLSimpleApplication@12ea9e7
----------------- Done invoking toplevel() on ptolemy.moml.MoMLSimpleApplication@12ea9e7
reloadAllAccessors: .Expression16

===========================================================================================
----------------- testing Mon Aug 05 05:24:24 UTC 2019 /home/travis/build/icyphy/ptII/ptolemy/actor/lib/test/auto/Expression17.xml
----------------- Instantiating /home/travis/build/icyphy/ptII/ptolemy/actor/lib/test/auto/Expression17.xml
4 ms. Memory: 510976K Free: 328451K (64%)
----------------- Invoking toplevel() on ptolemy.moml.MoMLSimpleApplication@b24d9dc
----------------- Done invoking toplevel() on ptolemy.moml.MoMLSimpleApplication@b24d9dc
reloadAllAccessors: .Expression17

===========================================================================================
----------------- testing Mon Aug 05 05:24:24 UTC 2019 /home/travis/build/icyphy/ptII/ptolemy/actor/lib/test/auto/Expression18.xml
----------------- Instantiating /home/travis/build/icyphy/ptII/ptolemy/actor/lib/test/auto/Expression18.xml
2 ms. Memory: 510976K Free: 323331K (63%)
----------------- Invoking toplevel() on ptolemy.moml.MoMLSimpleApplication@a037ed7
----------------- Done invoking toplevel() on ptolemy.moml.MoMLSimpleApplication@a037ed7
reloadAllAccessors: .Expression18

===========================================================================================
----------------- testing Mon Aug 05 05:24:24 UTC 2019 /home/travis/build/icyphy/ptII/ptolemy/actor/lib/test/auto/Expression2.xml
----------------- Instantiating /home/travis/build/icyphy/ptII/ptolemy/actor/lib/test/auto/Expression2.xml
4 ms. Memory: 510976K Free: 318211K (62%)
----------------- Invoking toplevel() on ptolemy.moml.MoMLSimpleApplication@55ef47af
----------------- Done invoking toplevel() on ptolemy.moml.MoMLSimpleApplication@55ef47af
reloadAllAccessors: .Expression2

===========================================================================================
----------------- testing Mon Aug 05 05:24:24 UTC 2019 /home/travis/build/icyphy/ptII/ptolemy/actor/lib/test/auto/Expression3.xml
----------------- Instantiating /home/travis/build/icyphy/ptII/ptolemy/actor/lib/test/auto/Expression3.xml
6 ms. Memory: 510976K Free: 313091K (61%)
----------------- Invoking toplevel() on ptolemy.moml.MoMLSimpleApplication@245878
----------------- Done invoking toplevel() on ptolemy.moml.MoMLSimpleApplication@245878
reloadAllAccessors: .Expression3

===========================================================================================
----------------- testing Mon Aug 05 05:24:24 UTC 2019 /home/travis/build/icyphy/ptII/ptolemy/actor/lib/test/auto/Expression4.xml
----------------- Instantiating /home/travis/build/icyphy/ptII/ptolemy/actor/lib/test/auto/Expression4.xml
7 ms. Memory: 510976K Free: 305413K (60%)
----------------- Invoking toplevel() on ptolemy.moml.MoMLSimpleApplication@620d209c
----------------- Done invoking toplevel() on ptolemy.moml.MoMLSimpleApplication@620d209c
reloadAllAccessors: .Expression4

===========================================================================================
----------------- testing Mon Aug 05 05:24:24 UTC 2019 /home/travis/build/icyphy/ptII/ptolemy/actor/lib/test/auto/Expression5.xml
----------------- Instantiating /home/travis/build/icyphy/ptII/ptolemy/actor/lib/test/auto/Expression5.xml
4 ms. Memory: 510976K Free: 300803K (59%)
----------------- Invoking toplevel() on ptolemy.moml.MoMLSimpleApplication@423f0e05
----------------- Done invoking toplevel() on ptolemy.moml.MoMLSimpleApplication@423f0e05
reloadAllAccessors: .Expression5

===========================================================================================
----------------- testing Mon Aug 05 05:24:24 UTC 2019 /home/travis/build/icyphy/ptII/ptolemy/actor/lib/test/auto/Expression6.xml
----------------- Instantiating /home/travis/build/icyphy/ptII/ptolemy/actor/lib/test/auto/Expression6.xml
2 ms. Memory: 510976K Free: 296197K (58%)
----------------- Invoking toplevel() on ptolemy.moml.MoMLSimpleApplication@2731a365
----------------- Done invoking toplevel() on ptolemy.moml.MoMLSimpleApplication@2731a365
reloadAllAccessors: .Expression6

===========================================================================================
----------------- testing Mon Aug 05 05:24:24 UTC 2019 /home/travis/build/icyphy/ptII/ptolemy/actor/lib/test/auto/Expression7.xml
----------------- Instantiating /home/travis/build/icyphy/ptII/ptolemy/actor/lib/test/auto/Expression7.xml
3 ms. Memory: 510976K Free: 291077K (57%)
----------------- Invoking toplevel() on ptolemy.moml.MoMLSimpleApplication@47ce6019
----------------- Done invoking toplevel() on ptolemy.moml.MoMLSimpleApplication@47ce6019
reloadAllAccessors: .Expression7

===========================================================================================
----------------- testing Mon Aug 05 05:24:24 UTC 2019 /home/travis/build/icyphy/ptII/ptolemy/actor/lib/test/auto/Expression8.xml
----------------- Instantiating /home/travis/build/icyphy/ptII/ptolemy/actor/lib/test/auto/Expression8.xml
9 ms. Memory: 510976K Free: 285957K (56%)
----------------- Invoking toplevel() on ptolemy.moml.MoMLSimpleApplication@52d8de8a
----------------- Done invoking toplevel() on ptolemy.moml.MoMLSimpleApplication@52d8de8a
reloadAllAccessors: .Expression8

===========================================================================================
----------------- testing Mon Aug 05 05:24:24 UTC 2019 /home/travis/build/icyphy/ptII/ptolemy/actor/lib/test/auto/Expression9.xml
----------------- Instantiating /home/travis/build/icyphy/ptII/ptolemy/actor/lib/test/auto/Expression9.xml
1 ms. Memory: 510976K Free: 281861K (55%)
----------------- Invoking toplevel() on ptolemy.moml.MoMLSimpleApplication@448746b2
----------------- Done invoking toplevel() on ptolemy.moml.MoMLSimpleApplication@448746b2
reloadAllAccessors: .Expression9

===========================================================================================
----------------- testing Mon Aug 05 05:24:24 UTC 2019 /home/travis/build/icyphy/ptII/ptolemy/actor/lib/test/auto/ExpressionConcatenateArrayType.xml
----------------- Instantiating /home/travis/build/icyphy/ptII/ptolemy/actor/lib/test/auto/ExpressionConcatenateArrayType.xml
3 ms. Memory: 510976K Free: 275717K (54%)
----------------- Invoking toplevel() on ptolemy.moml.MoMLSimpleApplication@1f62fcf
----------------- Done invoking toplevel() on ptolemy.moml.MoMLSimpleApplication@1f62fcf
reloadAllAccessors: .ExpressionConcatenateArrayType

===========================================================================================
----------------- testing Mon Aug 05 05:24:24 UTC 2019 /home/travis/build/icyphy/ptII/ptolemy/actor/lib/test/auto/ExpressionConcatenateArrayType2.xml
----------------- Instantiating /home/travis/build/icyphy/ptII/ptolemy/actor/lib/test/auto/ExpressionConcatenateArrayType2.xml
3 ms. Memory: 510976K Free: 270083K (53%)
----------------- Invoking toplevel() on ptolemy.moml.MoMLSimpleApplication@8796008
----------------- Done invoking toplevel() on ptolemy.moml.MoMLSimpleApplication@8796008
reloadAllAccessors: .ExpressionConcatenateArrayType2

===========================================================================================
----------------- testing Mon Aug 05 05:24:24 UTC 2019 /home/travis/build/icyphy/ptII/ptolemy/actor/lib/test/auto/ExpressionFix.xml
----------------- Instantiating /home/travis/build/icyphy/ptII/ptolemy/actor/lib/test/auto/ExpressionFix.xml
25 ms. Memory: 510976K Free: 263429K (52%)
----------------- Invoking toplevel() on ptolemy.moml.MoMLSimpleApplication@24513021
----------------- Done invoking toplevel() on ptolemy.moml.MoMLSimpleApplication@24513021
reloadAllAccessors: .ExpressionFix

===========================================================================================
----------------- testing Mon Aug 05 05:24:24 UTC 2019 /home/travis/build/icyphy/ptII/ptolemy/actor/lib/test/auto/ExpressionFix2.xml
----------------- Instantiating /home/travis/build/icyphy/ptII/ptolemy/actor/lib/test/auto/ExpressionFix2.xml
3 ms. Memory: 510976K Free: 259333K (51%)
----------------- Invoking toplevel() on ptolemy.moml.MoMLSimpleApplication@6bc71c3
----------------- Done invoking toplevel() on ptolemy.moml.MoMLSimpleApplication@6bc71c3
reloadAllAccessors: .ExpressionFix2

===========================================================================================
----------------- testing Mon Aug 05 05:24:24 UTC 2019 /home/travis/build/icyphy/ptII/ptolemy/actor/lib/test/auto/ExpressionFix3.xml
----------------- Instantiating /home/travis/build/icyphy/ptII/ptolemy/actor/lib/test/auto/ExpressionFix3.xml
4 ms. Memory: 510976K Free: 254723K (50%)
----------------- Invoking toplevel() on ptolemy.moml.MoMLSimpleApplication@61564898
----------------- Done invoking toplevel() on ptolemy.moml.MoMLSimpleApplication@61564898
reloadAllAccessors: .ExpressionFix3

===========================================================================================
----------------- testing Mon Aug 05 05:24:24 UTC 2019 /home/travis/build/icyphy/ptII/ptolemy/actor/lib/test/auto/FileWriter1.xml
----------------- Instantiating /home/travis/build/icyphy/ptII/ptolemy/actor/lib/test/auto/FileWriter1.xml
2 ms. Memory: 510976K Free: 250627K (49%)
----------------- Invoking toplevel() on ptolemy.moml.MoMLSimpleApplication@1be118b5
----------------- Done invoking toplevel() on ptolemy.moml.MoMLSimpleApplication@1be118b5
reloadAllAccessors: .FileWriter1

===========================================================================================
----------------- testing Mon Aug 05 05:24:24 UTC 2019 /home/travis/build/icyphy/ptII/ptolemy/actor/lib/test/auto/FileWriter2.xml
----------------- Instantiating /home/travis/build/icyphy/ptII/ptolemy/actor/lib/test/auto/FileWriter2.xml
3 ms. Memory: 510976K Free: 246531K (48%)
----------------- Invoking toplevel() on ptolemy.moml.MoMLSimpleApplication@7c23f7f8
----------------- Done invoking toplevel() on ptolemy.moml.MoMLSimpleApplication@7c23f7f8
reloadAllAccessors: .FileWriter2

===========================================================================================
----------------- testing Mon Aug 05 05:24:24 UTC 2019 /home/travis/build/icyphy/ptII/ptolemy/actor/lib/test/auto/FileWriter3.xml
----------------- Instantiating /home/travis/build/icyphy/ptII/ptolemy/actor/lib/test/auto/FileWriter3.xml
3 ms. Memory: 510976K Free: 242435K (47%)
----------------- Invoking toplevel() on ptolemy.moml.MoMLSimpleApplication@58bb3a70
----------------- Done invoking toplevel() on ptolemy.moml.MoMLSimpleApplication@58bb3a70
reloadAllAccessors: .FileWriter3

===========================================================================================
----------------- testing Mon Aug 05 05:24:24 UTC 2019 /home/travis/build/icyphy/ptII/ptolemy/actor/lib/test/auto/Gaussian.xml
----------------- Instantiating /home/travis/build/icyphy/ptII/ptolemy/actor/lib/test/auto/Gaussian.xml
3 ms. Memory: 510976K Free: 237829K (47%)
----------------- Invoking toplevel() on ptolemy.moml.MoMLSimpleApplication@2c3f08e1
----------------- Done invoking toplevel() on ptolemy.moml.MoMLSimpleApplication@2c3f08e1
reloadAllAccessors: .Gaussian

===========================================================================================
----------------- testing Mon Aug 05 05:24:24 UTC 2019 /home/travis/build/icyphy/ptII/ptolemy/actor/lib/test/auto/Gaussian1.xml
----------------- Instantiating /home/travis/build/icyphy/ptII/ptolemy/actor/lib/test/auto/Gaussian1.xml
10 ms. Memory: 510976K Free: 232165K (45%)
----------------- Invoking toplevel() on ptolemy.moml.MoMLSimpleApplication@45f5e49f
----------------- Done invoking toplevel() on ptolemy.moml.MoMLSimpleApplication@45f5e49f
reloadAllAccessors: .Gaussian1

===========================================================================================
----------------- testing Mon Aug 05 05:24:24 UTC 2019 /home/travis/build/icyphy/ptII/ptolemy/actor/lib/test/auto/Gaussian2.xml
----------------- Instantiating /home/travis/build/icyphy/ptII/ptolemy/actor/lib/test/auto/Gaussian2.xml
3 ms. Memory: 510976K Free: 226565K (44%)
----------------- Invoking toplevel() on ptolemy.moml.MoMLSimpleApplication@3523d6bd
----------------- Done invoking toplevel() on ptolemy.moml.MoMLSimpleApplication@3523d6bd
reloadAllAccessors: .Gaussian2

===========================================================================================
----------------- testing Mon Aug 05 05:24:24 UTC 2019 /home/travis/build/icyphy/ptII/ptolemy/actor/lib/test/auto/GradientAdaptiveLattice.xml
----------------- Instantiating /home/travis/build/icyphy/ptII/ptolemy/actor/lib/test/auto/GradientAdaptiveLattice.xml
2 ms. Memory: 510976K Free: 221445K (43%)
----------------- Invoking toplevel() on ptolemy.moml.MoMLSimpleApplication@51aada8d
----------------- Done invoking toplevel() on ptolemy.moml.MoMLSimpleApplication@51aada8d
reloadAllAccessors: .GradientAdaptiveLattice

===========================================================================================
----------------- testing Mon Aug 05 05:24:25 UTC 2019 /home/travis/build/icyphy/ptII/ptolemy/actor/lib/test/auto/IIR.xml
----------------- Instantiating /home/travis/build/icyphy/ptII/ptolemy/actor/lib/test/auto/IIR.xml
1 ms. Memory: 510976K Free: 216835K (42%)
----------------- Invoking toplevel() on ptolemy.moml.MoMLSimpleApplication@3967007a
----------------- Done invoking toplevel() on ptolemy.moml.MoMLSimpleApplication@3967007a
reloadAllAccessors: .IIR

===========================================================================================
----------------- testing Mon Aug 05 05:24:25 UTC 2019 /home/travis/build/icyphy/ptII/ptolemy/actor/lib/test/auto/InputOutputTransparentPorts.xml
----------------- Instantiating /home/travis/build/icyphy/ptII/ptolemy/actor/lib/test/auto/InputOutputTransparentPorts.xml
2 ms. Memory: 510976K Free: 209667K (41%)
----------------- Invoking toplevel() on ptolemy.moml.MoMLSimpleApplication@1ed63896
----------------- Done invoking toplevel() on ptolemy.moml.MoMLSimpleApplication@1ed63896
reloadAllAccessors: .InputOutputTransparentPorts

===========================================================================================
----------------- testing Mon Aug 05 05:24:25 UTC 2019 /home/travis/build/icyphy/ptII/ptolemy/actor/lib/test/auto/Interpolator.xml
----------------- Instantiating /home/travis/build/icyphy/ptII/ptolemy/actor/lib/test/auto/Interpolator.xml
6 ms. Memory: 510976K Free: 205557K (40%)
----------------- Invoking toplevel() on ptolemy.moml.MoMLSimpleApplication@1e1c1652
----------------- Done invoking toplevel() on ptolemy.moml.MoMLSimpleApplication@1e1c1652
reloadAllAccessors: .Interpolator

===========================================================================================
----------------- testing Mon Aug 05 05:24:25 UTC 2019 /home/travis/build/icyphy/ptII/ptolemy/actor/lib/test/auto/InterpolatorFiringLimitDE.xml
----------------- Instantiating /home/travis/build/icyphy/ptII/ptolemy/actor/lib/test/auto/InterpolatorFiringLimitDE.xml
4 ms. Memory: 510976K Free: 199427K (39%)
----------------- Invoking toplevel() on ptolemy.moml.MoMLSimpleApplication@35b803c4
----------------- Done invoking toplevel() on ptolemy.moml.MoMLSimpleApplication@35b803c4
reloadAllAccessors: .InterpolatorFiringLimitDE

===========================================================================================
----------------- testing Mon Aug 05 05:24:25 UTC 2019 /home/travis/build/icyphy/ptII/ptolemy/actor/lib/test/auto/Lattice.xml
----------------- Instantiating /home/travis/build/icyphy/ptII/ptolemy/actor/lib/test/auto/Lattice.xml
1 ms. Memory: 510976K Free: 195331K (38%)
----------------- Invoking toplevel() on ptolemy.moml.MoMLSimpleApplication@7adeaeab
----------------- Done invoking toplevel() on ptolemy.moml.MoMLSimpleApplication@7adeaeab
reloadAllAccessors: .Lattice

===========================================================================================
----------------- testing Mon Aug 05 05:24:25 UTC 2019 /home/travis/build/icyphy/ptII/ptolemy/actor/lib/test/auto/LazyAOCTestLazy.xml
----------------- Instantiating /home/travis/build/icyphy/ptII/ptolemy/actor/lib/test/auto/LazyAOCTestLazy.xml
17 ms. Memory: 510976K Free: 189173K (37%)
----------------- Invoking toplevel() on ptolemy.moml.MoMLSimpleApplication@30463db2
----------------- Done invoking toplevel() on ptolemy.moml.MoMLSimpleApplication@30463db2
reloadAllAccessors: .LazyAOCTestLazy

===========================================================================================
----------------- testing Mon Aug 05 05:24:25 UTC 2019 /home/travis/build/icyphy/ptII/ptolemy/actor/lib/test/auto/LazyAOCTestNonLazy.xml
----------------- Instantiating /home/travis/build/icyphy/ptII/ptolemy/actor/lib/test/auto/LazyAOCTestNonLazy.xml
2 ms. Memory: 510976K Free: 182533K (36%)
----------------- Invoking toplevel() on ptolemy.moml.MoMLSimpleApplication@63b0e682
----------------- Done invoking toplevel() on ptolemy.moml.MoMLSimpleApplication@63b0e682
reloadAllAccessors: .LazyAOCTestNonLazy

===========================================================================================
----------------- testing Mon Aug 05 05:24:25 UTC 2019 /home/travis/build/icyphy/ptII/ptolemy/actor/lib/test/auto/LazyInnerClass.xml
----------------- Instantiating /home/travis/build/icyphy/ptII/ptolemy/actor/lib/test/auto/LazyInnerClass.xml
20 ms. Memory: 510976K Free: 173827K (34%)
----------------- Invoking toplevel() on ptolemy.moml.MoMLSimpleApplication@288af91a
----------------- Done invoking toplevel() on ptolemy.moml.MoMLSimpleApplication@288af91a
reloadAllAccessors: .LazyInnerClass

===========================================================================================
----------------- testing Mon Aug 05 05:24:25 UTC 2019 /home/travis/build/icyphy/ptII/ptolemy/actor/lib/test/auto/LazyPubSub.xml
----------------- Instantiating /home/travis/build/icyphy/ptII/ptolemy/actor/lib/test/auto/LazyPubSub.xml
31 ms. Memory: 510976K Free: 163587K (32%)
----------------- Invoking toplevel() on ptolemy.moml.MoMLSimpleApplication@730aef3f
----------------- Done invoking toplevel() on ptolemy.moml.MoMLSimpleApplication@730aef3f
reloadAllAccessors: .LazyPubSub

===========================================================================================
----------------- testing Mon Aug 05 05:24:25 UTC 2019 /home/travis/build/icyphy/ptII/ptolemy/actor/lib/test/auto/LazyPubSub2.xml
----------------- Instantiating /home/travis/build/icyphy/ptII/ptolemy/actor/lib/test/auto/LazyPubSub2.xml
16 ms. Memory: 510976K Free: 457930K (90%)
----------------- Invoking toplevel() on ptolemy.moml.MoMLSimpleApplication@256cf478
----------------- Done invoking toplevel() on ptolemy.moml.MoMLSimpleApplication@256cf478
reloadAllAccessors: .LazyPubSub2

===========================================================================================
----------------- testing Mon Aug 05 05:24:25 UTC 2019 /home/travis/build/icyphy/ptII/ptolemy/actor/lib/test/auto/LazyPubSub3.xml
----------------- Instantiating /home/travis/build/icyphy/ptII/ptolemy/actor/lib/test/auto/LazyPubSub3.xml
16 ms. Memory: 510976K Free: 447690K (88%)
----------------- Invoking toplevel() on ptolemy.moml.MoMLSimpleApplication@659ee573
----------------- Done invoking toplevel() on ptolemy.moml.MoMLSimpleApplication@659ee573
reloadAllAccessors: .LazyPubSub3

===========================================================================================
----------------- testing Mon Aug 05 05:24:25 UTC 2019 /home/travis/build/icyphy/ptII/ptolemy/actor/lib/test/auto/LazySubClassModel.xml
----------------- Instantiating /home/travis/build/icyphy/ptII/ptolemy/actor/lib/test/auto/LazySubClassModel.xml
2 ms. Memory: 510976K Free: 438474K (86%)
----------------- Invoking toplevel() on ptolemy.moml.MoMLSimpleApplication@42693285
----------------- Done invoking toplevel() on ptolemy.moml.MoMLSimpleApplication@42693285
reloadAllAccessors: .LazySubClassModel

===========================================================================================
----------------- testing Mon Aug 05 05:24:25 UTC 2019 /home/travis/build/icyphy/ptII/ptolemy/actor/lib/test/auto/LevelCrossTest1.xml
----------------- Instantiating /home/travis/build/icyphy/ptII/ptolemy/actor/lib/test/auto/LevelCrossTest1.xml
2 ms. Memory: 510976K Free: 432844K (85%)
----------------- Invoking toplevel() on ptolemy.moml.MoMLSimpleApplication@214195c0
----------------- Done invoking toplevel() on ptolemy.moml.MoMLSimpleApplication@214195c0
reloadAllAccessors: .broken

===========================================================================================
----------------- testing Mon Aug 05 05:24:25 UTC 2019 /home/travis/build/icyphy/ptII/ptolemy/actor/lib/test/auto/LevelCrossTest10.xml
----------------- Instantiating /home/travis/build/icyphy/ptII/ptolemy/actor/lib/test/auto/LevelCrossTest10.xml
2 ms. Memory: 510976K Free: 425162K (83%)
----------------- Invoking toplevel() on ptolemy.moml.MoMLSimpleApplication@338d5db1
----------------- Done invoking toplevel() on ptolemy.moml.MoMLSimpleApplication@338d5db1
reloadAllAccessors: .LevelCrossTest10

===========================================================================================
----------------- testing Mon Aug 05 05:24:25 UTC 2019 /home/travis/build/icyphy/ptII/ptolemy/actor/lib/test/auto/LevelCrossTest11.xml
----------------- Instantiating /home/travis/build/icyphy/ptII/ptolemy/actor/lib/test/auto/LevelCrossTest11.xml
2 ms. Memory: 510976K Free: 417994K (82%)
----------------- Invoking toplevel() on ptolemy.moml.MoMLSimpleApplication@36483dc1
----------------- Done invoking toplevel() on ptolemy.moml.MoMLSimpleApplication@36483dc1
reloadAllAccessors: .LevelCrossTest11

===========================================================================================
----------------- testing Mon Aug 05 05:24:25 UTC 2019 /home/travis/build/icyphy/ptII/ptolemy/actor/lib/test/auto/LevelCrossTest12.xml
----------------- Instantiating /home/travis/build/icyphy/ptII/ptolemy/actor/lib/test/auto/LevelCrossTest12.xml
1 ms. Memory: 510976K Free: 410826K (80%)
----------------- Invoking toplevel() on ptolemy.moml.MoMLSimpleApplication@1d0464d4
----------------- Done invoking toplevel() on ptolemy.moml.MoMLSimpleApplication@1d0464d4
reloadAllAccessors: .LevelCrossTest12

===========================================================================================
----------------- testing Mon Aug 05 05:24:25 UTC 2019 /home/travis/build/icyphy/ptII/ptolemy/actor/lib/test/auto/LevelCrossTest13.xml
----------------- Instantiating /home/travis/build/icyphy/ptII/ptolemy/actor/lib/test/auto/LevelCrossTest13.xml
1 ms. Memory: 510976K Free: 402634K (79%)
----------------- Invoking toplevel() on ptolemy.moml.MoMLSimpleApplication@61a7cf82
----------------- Done invoking toplevel() on ptolemy.moml.MoMLSimpleApplication@61a7cf82
reloadAllAccessors: .LevelCrossTest13

===========================================================================================
----------------- testing Mon Aug 05 05:24:25 UTC 2019 /home/travis/build/icyphy/ptII/ptolemy/actor/lib/test/auto/LevelCrossTest2.xml
----------------- Instantiating /home/travis/build/icyphy/ptII/ptolemy/actor/lib/test/auto/LevelCrossTest2.xml
1 ms. Memory: 510976K Free: 397004K (78%)
----------------- Invoking toplevel() on ptolemy.moml.MoMLSimpleApplication@2368ccb3
----------------- Done invoking toplevel() on ptolemy.moml.MoMLSimpleApplication@2368ccb3
reloadAllAccessors: .broken

===========================================================================================
----------------- testing Mon Aug 05 05:24:25 UTC 2019 /home/travis/build/icyphy/ptII/ptolemy/actor/lib/test/auto/LevelCrossTest3.xml
----------------- Instantiating /home/travis/build/icyphy/ptII/ptolemy/actor/lib/test/auto/LevelCrossTest3.xml
1 ms. Memory: 510976K Free: 390346K (76%)
----------------- Invoking toplevel() on ptolemy.moml.MoMLSimpleApplication@6ab8e0d
----------------- Done invoking toplevel() on ptolemy.moml.MoMLSimpleApplication@6ab8e0d
reloadAllAccessors: .LevelCrossTest3

===========================================================================================
----------------- testing Mon Aug 05 05:24:25 UTC 2019 /home/travis/build/icyphy/ptII/ptolemy/actor/lib/test/auto/LevelCrossTest4.xml
----------------- Instantiating /home/travis/build/icyphy/ptII/ptolemy/actor/lib/test/auto/LevelCrossTest4.xml
1 ms. Memory: 510976K Free: 385740K (75%)
----------------- Invoking toplevel() on ptolemy.moml.MoMLSimpleApplication@2e487f45
----------------- Done invoking toplevel() on ptolemy.moml.MoMLSimpleApplication@2e487f45
reloadAllAccessors: .broken

===========================================================================================
----------------- testing Mon Aug 05 05:24:25 UTC 2019 /home/travis/build/icyphy/ptII/ptolemy/actor/lib/test/auto/LevelCrossTest5.xml
----------------- Instantiating /home/travis/build/icyphy/ptII/ptolemy/actor/lib/test/auto/LevelCrossTest5.xml
2 ms. Memory: 510976K Free: 378058K (74%)
----------------- Invoking toplevel() on ptolemy.moml.MoMLSimpleApplication@56c9b22
----------------- Done invoking toplevel() on ptolemy.moml.MoMLSimpleApplication@56c9b22
reloadAllAccessors: .LevelCrossTest5

===========================================================================================
----------------- testing Mon Aug 05 05:24:25 UTC 2019 /home/travis/build/icyphy/ptII/ptolemy/actor/lib/test/auto/LevelCrossTest6.xml
----------------- Instantiating /home/travis/build/icyphy/ptII/ptolemy/actor/lib/test/auto/LevelCrossTest6.xml
4 ms. Memory: 510976K Free: 371404K (73%)
----------------- Invoking toplevel() on ptolemy.moml.MoMLSimpleApplication@62d17230
----------------- Done invoking toplevel() on ptolemy.moml.MoMLSimpleApplication@62d17230
reloadAllAccessors: .LevelCrossTest6

===========================================================================================
----------------- testing Mon Aug 05 05:24:25 UTC 2019 /home/travis/build/icyphy/ptII/ptolemy/actor/lib/test/auto/LevelCrossTest7.xml
----------------- Instantiating /home/travis/build/icyphy/ptII/ptolemy/actor/lib/test/auto/LevelCrossTest7.xml
1 ms. Memory: 510976K Free: 364236K (71%)
----------------- Invoking toplevel() on ptolemy.moml.MoMLSimpleApplication@29e40e05
----------------- Done invoking toplevel() on ptolemy.moml.MoMLSimpleApplication@29e40e05
reloadAllAccessors: .LevelCrossTest7

===========================================================================================
----------------- testing Mon Aug 05 05:24:25 UTC 2019 /home/travis/build/icyphy/ptII/ptolemy/actor/lib/test/auto/LevelCrossTest8.xml
----------------- Instantiating /home/travis/build/icyphy/ptII/ptolemy/actor/lib/test/auto/LevelCrossTest8.xml
2 ms. Memory: 510976K Free: 356554K (70%)
----------------- Invoking toplevel() on ptolemy.moml.MoMLSimpleApplication@2edbf45c
----------------- Done invoking toplevel() on ptolemy.moml.MoMLSimpleApplication@2edbf45c
reloadAllAccessors: .LevelCrossTest8

===========================================================================================
----------------- testing Mon Aug 05 05:24:25 UTC 2019 /home/travis/build/icyphy/ptII/ptolemy/actor/lib/test/auto/LevelCrossTest9.xml
----------------- Instantiating /home/travis/build/icyphy/ptII/ptolemy/actor/lib/test/auto/LevelCrossTest9.xml
2 ms. Memory: 510976K Free: 349900K (68%)
----------------- Invoking toplevel() on ptolemy.moml.MoMLSimpleApplication@6327cb2f
----------------- Done invoking toplevel() on ptolemy.moml.MoMLSimpleApplication@6327cb2f
reloadAllAccessors: .LevelCrossTest9

===========================================================================================
----------------- testing Mon Aug 05 05:24:25 UTC 2019 /home/travis/build/icyphy/ptII/ptolemy/actor/lib/test/auto/LevinsonDurbin.xml
----------------- Instantiating /home/travis/build/icyphy/ptII/ptolemy/actor/lib/test/auto/LevinsonDurbin.xml
11 ms. Memory: 510976K Free: 345804K (68%)
----------------- Invoking toplevel() on ptolemy.moml.MoMLSimpleApplication@10dbcae6
----------------- Done invoking toplevel() on ptolemy.moml.MoMLSimpleApplication@10dbcae6
reloadAllAccessors: .LevinsonDurbin

===========================================================================================
----------------- testing Mon Aug 05 05:24:25 UTC 2019 /home/travis/build/icyphy/ptII/ptolemy/actor/lib/test/auto/LevinsonDurbin2.xml
----------------- Instantiating /home/travis/build/icyphy/ptII/ptolemy/actor/lib/test/auto/LevinsonDurbin2.xml
1 ms. Memory: 510976K Free: 341708K (67%)
----------------- Invoking toplevel() on ptolemy.moml.MoMLSimpleApplication@f729802
----------------- Done invoking toplevel() on ptolemy.moml.MoMLSimpleApplication@f729802
reloadAllAccessors: .LevinsonDurbin2

===========================================================================================
----------------- testing Mon Aug 05 05:24:25 UTC 2019 /home/travis/build/icyphy/ptII/ptolemy/actor/lib/test/auto/LevinsonDurbin3.xml
----------------- Instantiating /home/travis/build/icyphy/ptII/ptolemy/actor/lib/test/auto/LevinsonDurbin3.xml
6 ms. Memory: 510976K Free: 337612K (66%)
----------------- Invoking toplevel() on ptolemy.moml.MoMLSimpleApplication@47b2aee7
----------------- Done invoking toplevel() on ptolemy.moml.MoMLSimpleApplication@47b2aee7
reloadAllAccessors: .LevinsonDurbin3

===========================================================================================
----------------- testing Mon Aug 05 05:24:25 UTC 2019 /home/travis/build/icyphy/ptII/ptolemy/actor/lib/test/auto/Limiter.xml
----------------- Instantiating /home/travis/build/icyphy/ptII/ptolemy/actor/lib/test/auto/Limiter.xml
5 ms. Memory: 510976K Free: 328396K (64%)
----------------- Invoking toplevel() on ptolemy.moml.MoMLSimpleApplication@22563c01
----------------- Done invoking toplevel() on ptolemy.moml.MoMLSimpleApplication@22563c01
reloadAllAccessors: .Limiter

===========================================================================================
----------------- testing Mon Aug 05 05:24:25 UTC 2019 /home/travis/build/icyphy/ptII/ptolemy/actor/lib/test/auto/LinearDifferenceEquationSystem.xml
----------------- Instantiating /home/travis/build/icyphy/ptII/ptolemy/actor/lib/test/auto/LinearDifferenceEquationSystem.xml
4 ms. Memory: 510976K Free: 321228K (63%)
----------------- Invoking toplevel() on ptolemy.moml.MoMLSimpleApplication@4ff49670
----------------- Done invoking toplevel() on ptolemy.moml.MoMLSimpleApplication@4ff49670
reloadAllAccessors: .LinearDifferenceEquationSystem

===========================================================================================
----------------- testing Mon Aug 05 05:24:25 UTC 2019 /home/travis/build/icyphy/ptII/ptolemy/actor/lib/test/auto/LookupTable.xml
----------------- Instantiating /home/travis/build/icyphy/ptII/ptolemy/actor/lib/test/auto/LookupTable.xml
1 ms. Memory: 510976K Free: 316618K (62%)
----------------- Invoking toplevel() on ptolemy.moml.MoMLSimpleApplication@6545ee92
----------------- Done invoking toplevel() on ptolemy.moml.MoMLSimpleApplication@6545ee92
reloadAllAccessors: .LookupTable

===========================================================================================
----------------- testing Mon Aug 05 05:24:25 UTC 2019 /home/travis/build/icyphy/ptII/ptolemy/actor/lib/test/auto/MathFunction.xml
----------------- Instantiating /home/travis/build/icyphy/ptII/ptolemy/actor/lib/test/auto/MathFunction.xml
2 ms. Memory: 510976K Free: 308426K (60%)
----------------- Invoking toplevel() on ptolemy.moml.MoMLSimpleApplication@39e332c7
----------------- Done invoking toplevel() on ptolemy.moml.MoMLSimpleApplication@39e332c7
reloadAllAccessors: .MathFunction

===========================================================================================
----------------- testing Mon Aug 05 05:24:25 UTC 2019 /home/travis/build/icyphy/ptII/ptolemy/actor/lib/test/auto/MathFunction2.xml
----------------- Instantiating /home/travis/build/icyphy/ptII/ptolemy/actor/lib/test/auto/MathFunction2.xml
1 ms. Memory: 510976K Free: 304844K (60%)
----------------- Invoking toplevel() on ptolemy.moml.MoMLSimpleApplication@13c1e177
----------------- Done invoking toplevel() on ptolemy.moml.MoMLSimpleApplication@13c1e177
reloadAllAccessors: .MathFunction2

===========================================================================================
----------------- testing Mon Aug 05 05:24:25 UTC 2019 /home/travis/build/icyphy/ptII/ptolemy/actor/lib/test/auto/MathFunction3.xml
----------------- Instantiating /home/travis/build/icyphy/ptII/ptolemy/actor/lib/test/auto/MathFunction3.xml
10 ms. Memory: 510976K Free: 297676K (58%)
----------------- Invoking toplevel() on ptolemy.moml.MoMLSimpleApplication@4977aaa9
----------------- Done invoking toplevel() on ptolemy.moml.MoMLSimpleApplication@4977aaa9
reloadAllAccessors: .MathFunction3

===========================================================================================
----------------- testing Mon Aug 05 05:24:25 UTC 2019 /home/travis/build/icyphy/ptII/ptolemy/actor/lib/test/auto/MatrixCropBoolean.xml
----------------- Instantiating /home/travis/build/icyphy/ptII/ptolemy/actor/lib/test/auto/MatrixCropBoolean.xml
3 ms. Memory: 510976K Free: 292556K (57%)
----------------- Invoking toplevel() on ptolemy.moml.MoMLSimpleApplication@1723dd83
----------------- Done invoking toplevel() on ptolemy.moml.MoMLSimpleApplication@1723dd83
reloadAllAccessors: .MatrixCropBoolean

===========================================================================================
----------------- testing Mon Aug 05 05:24:26 UTC 2019 /home/travis/build/icyphy/ptII/ptolemy/actor/lib/test/auto/MatrixCropComplex.xml
----------------- Instantiating /home/travis/build/icyphy/ptII/ptolemy/actor/lib/test/auto/MatrixCropComplex.xml
2 ms. Memory: 510976K Free: 287436K (56%)
----------------- Invoking toplevel() on ptolemy.moml.MoMLSimpleApplication@3636192c
----------------- Done invoking toplevel() on ptolemy.moml.MoMLSimpleApplication@3636192c
reloadAllAccessors: .MatrixCropComplex

===========================================================================================
----------------- testing Mon Aug 05 05:24:26 UTC 2019 /home/travis/build/icyphy/ptII/ptolemy/actor/lib/test/auto/MatrixCropDouble.xml
----------------- Instantiating /home/travis/build/icyphy/ptII/ptolemy/actor/lib/test/auto/MatrixCropDouble.xml
2 ms. Memory: 510976K Free: 282316K (55%)
----------------- Invoking toplevel() on ptolemy.moml.MoMLSimpleApplication@6e14fb14
----------------- Done invoking toplevel() on ptolemy.moml.MoMLSimpleApplication@6e14fb14
reloadAllAccessors: .MatrixCropDouble

===========================================================================================
----------------- testing Mon Aug 05 05:24:26 UTC 2019 /home/travis/build/icyphy/ptII/ptolemy/actor/lib/test/auto/MatrixCropFix.xml
----------------- Instantiating /home/travis/build/icyphy/ptII/ptolemy/actor/lib/test/auto/MatrixCropFix.xml
2 ms. Memory: 510976K Free: 277196K (54%)
----------------- Invoking toplevel() on ptolemy.moml.MoMLSimpleApplication@74c42b31
----------------- Done invoking toplevel() on ptolemy.moml.MoMLSimpleApplication@74c42b31
reloadAllAccessors: .MatrixCropFix

===========================================================================================
----------------- testing Mon Aug 05 05:24:26 UTC 2019 /home/travis/build/icyphy/ptII/ptolemy/actor/lib/test/auto/MatrixCropInt.xml
----------------- Instantiating /home/travis/build/icyphy/ptII/ptolemy/actor/lib/test/auto/MatrixCropInt.xml
2 ms. Memory: 510976K Free: 272076K (53%)
----------------- Invoking toplevel() on ptolemy.moml.MoMLSimpleApplication@5725f47f
----------------- Done invoking toplevel() on ptolemy.moml.MoMLSimpleApplication@5725f47f
reloadAllAccessors: .MatrixCropInt

===========================================================================================
----------------- testing Mon Aug 05 05:24:26 UTC 2019 /home/travis/build/icyphy/ptII/ptolemy/actor/lib/test/auto/MatrixCropLong.xml
----------------- Instantiating /home/travis/build/icyphy/ptII/ptolemy/actor/lib/test/auto/MatrixCropLong.xml
2 ms. Memory: 510976K Free: 266956K (52%)
----------------- Invoking toplevel() on ptolemy.moml.MoMLSimpleApplication@ed36f9
----------------- Done invoking toplevel() on ptolemy.moml.MoMLSimpleApplication@ed36f9
reloadAllAccessors: .MatrixCropLong

===========================================================================================
----------------- testing Mon Aug 05 05:24:26 UTC 2019 /home/travis/build/icyphy/ptII/ptolemy/actor/lib/test/auto/MatrixToArray.xml
----------------- Instantiating /home/travis/build/icyphy/ptII/ptolemy/actor/lib/test/auto/MatrixToArray.xml
5 ms. Memory: 510976K Free: 251596K (49%)
----------------- Invoking toplevel() on ptolemy.moml.MoMLSimpleApplication@8aad62f
----------------- Done invoking toplevel() on ptolemy.moml.MoMLSimpleApplication@8aad62f
reloadAllAccessors: .MatrixToArray

===========================================================================================
----------------- testing Mon Aug 05 05:24:26 UTC 2019 /home/travis/build/icyphy/ptII/ptolemy/actor/lib/test/auto/MaxIndex.xml
----------------- Instantiating /home/travis/build/icyphy/ptII/ptolemy/actor/lib/test/auto/MaxIndex.xml
2 ms. Memory: 510976K Free: 246476K (48%)
----------------- Invoking toplevel() on ptolemy.moml.MoMLSimpleApplication@328f5d7
----------------- Done invoking toplevel() on ptolemy.moml.MoMLSimpleApplication@328f5d7
reloadAllAccessors: .MaxIndex

===========================================================================================
----------------- testing Mon Aug 05 05:24:26 UTC 2019 /home/travis/build/icyphy/ptII/ptolemy/actor/lib/test/auto/Maximum.xml
----------------- Instantiating /home/travis/build/icyphy/ptII/ptolemy/actor/lib/test/auto/Maximum.xml
9 ms. Memory: 510976K Free: 239788K (47%)
----------------- Invoking toplevel() on ptolemy.moml.MoMLSimpleApplication@5e635faa
----------------- Done invoking toplevel() on ptolemy.moml.MoMLSimpleApplication@5e635faa
reloadAllAccessors: .Maximum

===========================================================================================
----------------- testing Mon Aug 05 05:24:26 UTC 2019 /home/travis/build/icyphy/ptII/ptolemy/actor/lib/test/auto/MaximumComplex.xml
----------------- Instantiating /home/travis/build/icyphy/ptII/ptolemy/actor/lib/test/auto/MaximumComplex.xml
5 ms. Memory: 510976K Free: 233660K (46%)
----------------- Invoking toplevel() on ptolemy.moml.MoMLSimpleApplication@66eaeccb
----------------- Done invoking toplevel() on ptolemy.moml.MoMLSimpleApplication@66eaeccb
reloadAllAccessors: .MaximumComplex

===========================================================================================
----------------- testing Mon Aug 05 05:24:26 UTC 2019 /home/travis/build/icyphy/ptII/ptolemy/actor/lib/test/auto/MethodCallTest.xml
----------------- Instantiating /home/travis/build/icyphy/ptII/ptolemy/actor/lib/test/auto/MethodCallTest.xml
3 ms. Memory: 510976K Free: 227020K (44%)
----------------- Invoking toplevel() on ptolemy.moml.MoMLSimpleApplication@313aa2e5
----------------- Done invoking toplevel() on ptolemy.moml.MoMLSimpleApplication@313aa2e5
reloadAllAccessors: .MethodCallTest

===========================================================================================
----------------- testing Mon Aug 05 05:24:26 UTC 2019 /home/travis/build/icyphy/ptII/ptolemy/actor/lib/test/auto/Minimum.xml
----------------- Instantiating /home/travis/build/icyphy/ptII/ptolemy/actor/lib/test/auto/Minimum.xml
3 ms. Memory: 510976K Free: 220362K (43%)
----------------- Invoking toplevel() on ptolemy.moml.MoMLSimpleApplication@7b88fcbf
----------------- Done invoking toplevel() on ptolemy.moml.MoMLSimpleApplication@7b88fcbf
reloadAllAccessors: .Minimum

===========================================================================================
----------------- testing Mon Aug 05 05:24:26 UTC 2019 /home/travis/build/icyphy/ptII/ptolemy/actor/lib/test/auto/MinimumComplex.xml
----------------- Instantiating /home/travis/build/icyphy/ptII/ptolemy/actor/lib/test/auto/MinimumComplex.xml
3 ms. Memory: 510976K Free: 214204K (42%)
----------------- Invoking toplevel() on ptolemy.moml.MoMLSimpleApplication@45d7358f
----------------- Done invoking toplevel() on ptolemy.moml.MoMLSimpleApplication@45d7358f
reloadAllAccessors: .MinimumComplex

===========================================================================================
----------------- testing Mon Aug 05 05:24:26 UTC 2019 /home/travis/build/icyphy/ptII/ptolemy/actor/lib/test/auto/MinimumMultiports.xml
----------------- Instantiating /home/travis/build/icyphy/ptII/ptolemy/actor/lib/test/auto/MinimumMultiports.xml
3 ms. Memory: 510976K Free: 205516K (40%)
----------------- Invoking toplevel() on ptolemy.moml.MoMLSimpleApplication@34feb514
----------------- Done invoking toplevel() on ptolemy.moml.MoMLSimpleApplication@34feb514
reloadAllAccessors: .MinimumMultiports

===========================================================================================
----------------- testing Mon Aug 05 05:24:26 UTC 2019 /home/travis/build/icyphy/ptII/ptolemy/actor/lib/test/auto/ModifyDate.xml
----------------- Instantiating /home/travis/build/icyphy/ptII/ptolemy/actor/lib/test/auto/ModifyDate.xml
9 ms. Memory: 510976K Free: 192714K (38%)
----------------- Invoking toplevel() on ptolemy.moml.MoMLSimpleApplication@375aa87a
----------------- Done invoking toplevel() on ptolemy.moml.MoMLSimpleApplication@375aa87a
reloadAllAccessors: .ModifyDate

===========================================================================================
----------------- testing Mon Aug 05 05:24:26 UTC 2019 /home/travis/build/icyphy/ptII/ptolemy/actor/lib/test/auto/ModifyDate2.xml
----------------- Instantiating /home/travis/build/icyphy/ptII/ptolemy/actor/lib/test/auto/ModifyDate2.xml
10 ms. Memory: 510976K Free: 184012K (36%)
----------------- Invoking toplevel() on ptolemy.moml.MoMLSimpleApplication@73ef859e
----------------- Done invoking toplevel() on ptolemy.moml.MoMLSimpleApplication@73ef859e
reloadAllAccessors: .ModifyDate2

===========================================================================================
----------------- testing Mon Aug 05 05:24:26 UTC 2019 /home/travis/build/icyphy/ptII/ptolemy/actor/lib/test/auto/MovingAverage.xml
----------------- Instantiating /home/travis/build/icyphy/ptII/ptolemy/actor/lib/test/auto/MovingAverage.xml
2 ms. Memory: 510976K Free: 178892K (35%)
----------------- Invoking toplevel() on ptolemy.moml.MoMLSimpleApplication@108e77ea
----------------- Done invoking toplevel() on ptolemy.moml.MoMLSimpleApplication@108e77ea
reloadAllAccessors: .MovingAverage

===========================================================================================
----------------- testing Mon Aug 05 05:24:26 UTC 2019 /home/travis/build/icyphy/ptII/ptolemy/actor/lib/test/auto/MovingMaximum.xml
----------------- Instantiating /home/travis/build/icyphy/ptII/ptolemy/actor/lib/test/auto/MovingMaximum.xml
1 ms. Memory: 510976K Free: 174282K (34%)
----------------- Invoking toplevel() on ptolemy.moml.MoMLSimpleApplication@3e520bbe
----------------- Done invoking toplevel() on ptolemy.moml.MoMLSimpleApplication@3e520bbe
reloadAllAccessors: .MovingMaximum

===========================================================================================
----------------- testing Mon Aug 05 05:24:26 UTC 2019 /home/travis/build/icyphy/ptII/ptolemy/actor/lib/test/auto/MultipleLinksToSameRelation.xml
----------------- Instantiating /home/travis/build/icyphy/ptII/ptolemy/actor/lib/test/auto/MultipleLinksToSameRelation.xml
4 ms. Memory: 510976K Free: 170186K (33%)
----------------- Invoking toplevel() on ptolemy.moml.MoMLSimpleApplication@3f324d00
----------------- Done invoking toplevel() on ptolemy.moml.MoMLSimpleApplication@3f324d00
reloadAllAccessors: .MultipleLinksToSameRelation

===========================================================================================
----------------- testing Mon Aug 05 05:24:26 UTC 2019 /home/travis/build/icyphy/ptII/ptolemy/actor/lib/test/auto/MultipleLinksToSameRelationDE.xml
----------------- Instantiating /home/travis/build/icyphy/ptII/ptolemy/actor/lib/test/auto/MultipleLinksToSameRelationDE.xml
2 ms. Memory: 510976K Free: 165580K (32%)
----------------- Invoking toplevel() on ptolemy.moml.MoMLSimpleApplication@106a814d
----------------- Done invoking toplevel() on ptolemy.moml.MoMLSimpleApplication@106a814d
reloadAllAccessors: .MultipleLinksToSameRelationDE

===========================================================================================
----------------- testing Mon Aug 05 05:24:26 UTC 2019 /home/travis/build/icyphy/ptII/ptolemy/actor/lib/test/auto/Multiplexor.xml
----------------- Instantiating /home/travis/build/icyphy/ptII/ptolemy/actor/lib/test/auto/Multiplexor.xml
2 ms. Memory: 510976K Free: 159946K (31%)
----------------- Invoking toplevel() on ptolemy.moml.MoMLSimpleApplication@51bb722
----------------- Done invoking toplevel() on ptolemy.moml.MoMLSimpleApplication@51bb722
reloadAllAccessors: .Multiplexor

===========================================================================================
----------------- testing Mon Aug 05 05:24:26 UTC 2019 /home/travis/build/icyphy/ptII/ptolemy/actor/lib/test/auto/Multiplexor1.xml
----------------- Instantiating /home/travis/build/icyphy/ptII/ptolemy/actor/lib/test/auto/Multiplexor1.xml
2 ms. Memory: 510976K Free: 457675K (90%)
----------------- Invoking toplevel() on ptolemy.moml.MoMLSimpleApplication@45d92717
----------------- Done invoking toplevel() on ptolemy.moml.MoMLSimpleApplication@45d92717
reloadAllAccessors: .Multiplexor1

===========================================================================================
----------------- testing Mon Aug 05 05:24:26 UTC 2019 /home/travis/build/icyphy/ptII/ptolemy/actor/lib/test/auto/Multiplexor2.xml
----------------- Instantiating /home/travis/build/icyphy/ptII/ptolemy/actor/lib/test/auto/Multiplexor2.xml
6 ms. Memory: 510976K Free: 451014K (88%)
----------------- Invoking toplevel() on ptolemy.moml.MoMLSimpleApplication@775b4309
----------------- Done invoking toplevel() on ptolemy.moml.MoMLSimpleApplication@775b4309
reloadAllAccessors: .Multiplexor2

===========================================================================================
----------------- testing Mon Aug 05 05:24:26 UTC 2019 /home/travis/build/icyphy/ptII/ptolemy/actor/lib/test/auto/Multiplexor3.xml
----------------- Instantiating /home/travis/build/icyphy/ptII/ptolemy/actor/lib/test/auto/Multiplexor3.xml
1 ms. Memory: 510976K Free: 446921K (87%)
----------------- Invoking toplevel() on ptolemy.moml.MoMLSimpleApplication@9102f12
----------------- Done invoking toplevel() on ptolemy.moml.MoMLSimpleApplication@9102f12
reloadAllAccessors: .Multiplexor3

===========================================================================================
----------------- testing Mon Aug 05 05:24:26 UTC 2019 /home/travis/build/icyphy/ptII/ptolemy/actor/lib/test/auto/MultiplexorDE.xml
----------------- Instantiating /home/travis/build/icyphy/ptII/ptolemy/actor/lib/test/auto/MultiplexorDE.xml
2 ms. Memory: 510976K Free: 438715K (86%)
----------------- Invoking toplevel() on ptolemy.moml.MoMLSimpleApplication@1d8bd13e
----------------- Done invoking toplevel() on ptolemy.moml.MoMLSimpleApplication@1d8bd13e
reloadAllAccessors: .MultiplexorDE

===========================================================================================
----------------- testing Mon Aug 05 05:24:26 UTC 2019 /home/travis/build/icyphy/ptII/ptolemy/actor/lib/test/auto/MultiportBroadcastTest.xml
----------------- Instantiating /home/travis/build/icyphy/ptII/ptolemy/actor/lib/test/auto/MultiportBroadcastTest.xml
93 ms. Memory: 510976K Free: 432582K (85%)
----------------- Invoking toplevel() on ptolemy.moml.MoMLSimpleApplication@7134494
----------------- Done invoking toplevel() on ptolemy.moml.MoMLSimpleApplication@7134494
reloadAllAccessors: .MultiportBroadcastTest

===========================================================================================
----------------- testing Mon Aug 05 05:24:26 UTC 2019 /home/travis/build/icyphy/ptII/ptolemy/actor/lib/test/auto/MultiportOutHangDuringGetWidth.xml
----------------- Instantiating /home/travis/build/icyphy/ptII/ptolemy/actor/lib/test/auto/MultiportOutHangDuringGetWidth.xml
6 ms. Memory: 510976K Free: 420283K (82%)
----------------- Invoking toplevel() on ptolemy.moml.MoMLSimpleApplication@7d850cc6
----------------- Done invoking toplevel() on ptolemy.moml.MoMLSimpleApplication@7d850cc6
reloadAllAccessors: .MultiportOutHangDuringGetWidth

===========================================================================================
----------------- testing Mon Aug 05 05:24:26 UTC 2019 /home/travis/build/icyphy/ptII/ptolemy/actor/lib/test/auto/NilToken.xml
----------------- Instantiating /home/travis/build/icyphy/ptII/ptolemy/actor/lib/test/auto/NilToken.xml
1 ms. Memory: 510976K Free: 416201K (81%)
----------------- Invoking toplevel() on ptolemy.moml.MoMLSimpleApplication@7378f62
----------------- Done invoking toplevel() on ptolemy.moml.MoMLSimpleApplication@7378f62
reloadAllAccessors: .NilToken

===========================================================================================
----------------- testing Mon Aug 05 05:24:26 UTC 2019 /home/travis/build/icyphy/ptII/ptolemy/actor/lib/test/auto/NilTokenNonStrictTest.xml
----------------- Instantiating /home/travis/build/icyphy/ptII/ptolemy/actor/lib/test/auto/NilTokenNonStrictTest.xml
6 ms. Memory: 510976K Free: 411081K (80%)
----------------- Invoking toplevel() on ptolemy.moml.MoMLSimpleApplication@32c4b1d2
----------------- Done invoking toplevel() on ptolemy.moml.MoMLSimpleApplication@32c4b1d2
reloadAllAccessors: .NilTokenNonStrictTest

===========================================================================================
----------------- testing Mon Aug 05 05:24:26 UTC 2019 /home/travis/build/icyphy/ptII/ptolemy/actor/lib/test/auto/NilTokenRecord.xml
----------------- Instantiating /home/travis/build/icyphy/ptII/ptolemy/actor/lib/test/auto/NilTokenRecord.xml
6 ms. Memory: 510976K Free: 404427K (79%)
----------------- Invoking toplevel() on ptolemy.moml.MoMLSimpleApplication@15873fb8
----------------- Done invoking toplevel() on ptolemy.moml.MoMLSimpleApplication@15873fb8
reloadAllAccessors: .NilTokenRecord

===========================================================================================
----------------- testing Mon Aug 05 05:24:26 UTC 2019 /home/travis/build/icyphy/ptII/ptolemy/actor/lib/test/auto/NilTokenTypeTest.xml
----------------- Instantiating /home/travis/build/icyphy/ptII/ptolemy/actor/lib/test/auto/NilTokenTypeTest.xml
13 ms. Memory: 510976K Free: 394697K (77%)
----------------- Invoking toplevel() on ptolemy.moml.MoMLSimpleApplication@62782e53
----------------- Done invoking toplevel() on ptolemy.moml.MoMLSimpleApplication@62782e53
reloadAllAccessors: .NilTokenTypeTest

===========================================================================================
----------------- testing Mon Aug 05 05:24:26 UTC 2019 /home/travis/build/icyphy/ptII/ptolemy/actor/lib/test/auto/ObjectToken1.xml
----------------- Instantiating /home/travis/build/icyphy/ptII/ptolemy/actor/lib/test/auto/ObjectToken1.xml
3 ms. Memory: 510976K Free: 390601K (76%)
----------------- Invoking toplevel() on ptolemy.moml.MoMLSimpleApplication@1de5a0f
----------------- Done invoking toplevel() on ptolemy.moml.MoMLSimpleApplication@1de5a0f
reloadAllAccessors: .ObjectToken1

===========================================================================================
----------------- testing Mon Aug 05 05:24:26 UTC 2019 /home/travis/build/icyphy/ptII/ptolemy/actor/lib/test/auto/OrderedMerge.xml
----------------- Instantiating /home/travis/build/icyphy/ptII/ptolemy/actor/lib/test/auto/OrderedMerge.xml
11 ms. Memory: 510976K Free: 384971K (75%)
----------------- Invoking toplevel() on ptolemy.moml.MoMLSimpleApplication@3ad645c5
----------------- Done invoking toplevel() on ptolemy.moml.MoMLSimpleApplication@3ad645c5
reloadAllAccessors: .OrderedMerge

===========================================================================================
----------------- testing Mon Aug 05 05:24:26 UTC 2019 /home/travis/build/icyphy/ptII/ptolemy/actor/lib/test/auto/OrderedRecordDisassembler.xml
----------------- Instantiating /home/travis/build/icyphy/ptII/ptolemy/actor/lib/test/auto/OrderedRecordDisassembler.xml
4 ms. Memory: 510976K Free: 379851K (74%)
----------------- Invoking toplevel() on ptolemy.moml.MoMLSimpleApplication@622d5802
----------------- Done invoking toplevel() on ptolemy.moml.MoMLSimpleApplication@622d5802
reloadAllAccessors: .OrderedRecordDisassembler

===========================================================================================
----------------- testing Mon Aug 05 05:24:26 UTC 2019 /home/travis/build/icyphy/ptII/ptolemy/actor/lib/test/auto/OrderedRecordDisassembler2.xml
----------------- Instantiating /home/travis/build/icyphy/ptII/ptolemy/actor/lib/test/auto/OrderedRecordDisassembler2.xml
5 ms. Memory: 510976K Free: 372155K (73%)
----------------- Invoking toplevel() on ptolemy.moml.MoMLSimpleApplication@587639bd
----------------- Done invoking toplevel() on ptolemy.moml.MoMLSimpleApplication@587639bd
reloadAllAccessors: .OrderedRecordDisassembler2

===========================================================================================
----------------- testing Mon Aug 05 05:24:26 UTC 2019 /home/travis/build/icyphy/ptII/ptolemy/actor/lib/test/auto/OrderedRecordUpdater.xml
----------------- Instantiating /home/travis/build/icyphy/ptII/ptolemy/actor/lib/test/auto/OrderedRecordUpdater.xml
1 ms. Memory: 510976K Free: 367049K (72%)
----------------- Invoking toplevel() on ptolemy.moml.MoMLSimpleApplication@3e6ad525
----------------- Done invoking toplevel() on ptolemy.moml.MoMLSimpleApplication@3e6ad525
reloadAllAccessors: .RecordUpdater

===========================================================================================
----------------- testing Mon Aug 05 05:24:26 UTC 2019 /home/travis/build/icyphy/ptII/ptolemy/actor/lib/test/auto/OrderedRecordUpdater2.xml
----------------- Instantiating /home/travis/build/icyphy/ptII/ptolemy/actor/lib/test/auto/OrderedRecordUpdater2.xml
3 ms. Memory: 510976K Free: 361929K (71%)
----------------- Invoking toplevel() on ptolemy.moml.MoMLSimpleApplication@47ee358b
----------------- Done invoking toplevel() on ptolemy.moml.MoMLSimpleApplication@47ee358b
reloadAllAccessors: .RecordUpdater2

===========================================================================================
----------------- testing Mon Aug 05 05:24:27 UTC 2019 /home/travis/build/icyphy/ptII/ptolemy/actor/lib/test/auto/PhaseUnwrap.xml
----------------- Instantiating /home/travis/build/icyphy/ptII/ptolemy/actor/lib/test/auto/PhaseUnwrap.xml
1 ms. Memory: 510976K Free: 357323K (70%)
----------------- Invoking toplevel() on ptolemy.moml.MoMLSimpleApplication@130c7882
----------------- Done invoking toplevel() on ptolemy.moml.MoMLSimpleApplication@130c7882
reloadAllAccessors: .PhaseUnwrap

===========================================================================================
----------------- testing Mon Aug 05 05:24:27 UTC 2019 /home/travis/build/icyphy/ptII/ptolemy/actor/lib/test/auto/PoissonClock.xml
----------------- Instantiating /home/travis/build/icyphy/ptII/ptolemy/actor/lib/test/auto/PoissonClock.xml
2 ms. Memory: 510976K Free: 353227K (69%)
----------------- Invoking toplevel() on ptolemy.moml.MoMLSimpleApplication@5afb8941
----------------- Done invoking toplevel() on ptolemy.moml.MoMLSimpleApplication@5afb8941
reloadAllAccessors: .PoissonClock

===========================================================================================
----------------- testing Mon Aug 05 05:24:27 UTC 2019 /home/travis/build/icyphy/ptII/ptolemy/actor/lib/test/auto/PoissonClock2.xml
----------------- Instantiating /home/travis/build/icyphy/ptII/ptolemy/actor/lib/test/auto/PoissonClock2.xml
2 ms. Memory: 510976K Free: 348617K (68%)
----------------- Invoking toplevel() on ptolemy.moml.MoMLSimpleApplication@45d3f341
----------------- Done invoking toplevel() on ptolemy.moml.MoMLSimpleApplication@45d3f341
reloadAllAccessors: .PoissonClock2

===========================================================================================
----------------- testing Mon Aug 05 05:24:27 UTC 2019 /home/travis/build/icyphy/ptII/ptolemy/actor/lib/test/auto/PoissonClock3.xml
----------------- Instantiating /home/travis/build/icyphy/ptII/ptolemy/actor/lib/test/auto/PoissonClock3.xml
2 ms. Memory: 510976K Free: 344011K (67%)
----------------- Invoking toplevel() on ptolemy.moml.MoMLSimpleApplication@6e77beb3
----------------- Done invoking toplevel() on ptolemy.moml.MoMLSimpleApplication@6e77beb3
reloadAllAccessors: .PoissonClock3

===========================================================================================
----------------- testing Mon Aug 05 05:24:27 UTC 2019 /home/travis/build/icyphy/ptII/ptolemy/actor/lib/test/auto/PubSubWithInitialTokens.xml
----------------- Instantiating /home/travis/build/icyphy/ptII/ptolemy/actor/lib/test/auto/PubSubWithInitialTokens.xml
2 ms. Memory: 510976K Free: 338371K (66%)
----------------- Invoking toplevel() on ptolemy.moml.MoMLSimpleApplication@10bb51ea
----------------- Done invoking toplevel() on ptolemy.moml.MoMLSimpleApplication@10bb51ea
reloadAllAccessors: .PubSubWithInitialTokens

===========================================================================================
----------------- testing Mon Aug 05 05:24:27 UTC 2019 /home/travis/build/icyphy/ptII/ptolemy/actor/lib/test/auto/PubSubWithInitialTokens2.xml
----------------- Instantiating /home/travis/build/icyphy/ptII/ptolemy/actor/lib/test/auto/PubSubWithInitialTokens2.xml
2 ms. Memory: 510976K Free: 332227K (65%)
----------------- Invoking toplevel() on ptolemy.moml.MoMLSimpleApplication@2193afd4
----------------- Done invoking toplevel() on ptolemy.moml.MoMLSimpleApplication@2193afd4
reloadAllAccessors: .PubSubWithInitialTokens2

===========================================================================================
----------------- testing Mon Aug 05 05:24:27 UTC 2019 /home/travis/build/icyphy/ptII/ptolemy/actor/lib/test/auto/PublisherClassNoParameter.xml
----------------- Instantiating /home/travis/build/icyphy/ptII/ptolemy/actor/lib/test/auto/PublisherClassNoParameter.xml
3 ms. Memory: 510976K Free: 322507K (63%)
----------------- Invoking toplevel() on ptolemy.moml.MoMLSimpleApplication@7f8664e0
----------------- Done invoking toplevel() on ptolemy.moml.MoMLSimpleApplication@7f8664e0
reloadAllAccessors: .PublisherClassNoParameter

===========================================================================================
----------------- testing Mon Aug 05 05:24:27 UTC 2019 /home/travis/build/icyphy/ptII/ptolemy/actor/lib/test/auto/PublisherClassParameter.xml
----------------- Instantiating /home/travis/build/icyphy/ptII/ptolemy/actor/lib/test/auto/PublisherClassParameter.xml
2 ms. Memory: 510976K Free: 312267K (61%)
----------------- Invoking toplevel() on ptolemy.moml.MoMLSimpleApplication@30b8d8cc
----------------- Done invoking toplevel() on ptolemy.moml.MoMLSimpleApplication@30b8d8cc
reloadAllAccessors: .PublisherClassParameter

===========================================================================================
----------------- testing Mon Aug 05 05:24:27 UTC 2019 /home/travis/build/icyphy/ptII/ptolemy/actor/lib/test/auto/PublisherNonStrictTest.xml
----------------- Instantiating /home/travis/build/icyphy/ptII/ptolemy/actor/lib/test/auto/PublisherNonStrictTest.xml
3 ms. Memory: 510976K Free: 304579K (60%)
----------------- Invoking toplevel() on ptolemy.moml.MoMLSimpleApplication@322b3ad8
----------------- Done invoking toplevel() on ptolemy.moml.MoMLSimpleApplication@322b3ad8
reloadAllAccessors: .PublisherNonStrictTest

===========================================================================================
----------------- testing Mon Aug 05 05:24:27 UTC 2019 /home/travis/build/icyphy/ptII/ptolemy/actor/lib/test/auto/PublisherPort1.xml
----------------- Instantiating /home/travis/build/icyphy/ptII/ptolemy/actor/lib/test/auto/PublisherPort1.xml
4 ms. Memory: 510976K Free: 298955K (59%)
----------------- Invoking toplevel() on ptolemy.moml.MoMLSimpleApplication@5564d37
----------------- Done invoking toplevel() on ptolemy.moml.MoMLSimpleApplication@5564d37
reloadAllAccessors: .PublisherPort1

===========================================================================================
----------------- testing Mon Aug 05 05:24:27 UTC 2019 /home/travis/build/icyphy/ptII/ptolemy/actor/lib/test/auto/PublisherPort2.xml
----------------- Instantiating /home/travis/build/icyphy/ptII/ptolemy/actor/lib/test/auto/PublisherPort2.xml
1 ms. Memory: 510976K Free: 293835K (58%)
----------------- Invoking toplevel() on ptolemy.moml.MoMLSimpleApplication@1313d648
----------------- Done invoking toplevel() on ptolemy.moml.MoMLSimpleApplication@1313d648
reloadAllAccessors: .PublisherPort2

===========================================================================================
----------------- testing Mon Aug 05 05:24:27 UTC 2019 /home/travis/build/icyphy/ptII/ptolemy/actor/lib/test/auto/PublisherPort3.xml
----------------- Instantiating /home/travis/build/icyphy/ptII/ptolemy/actor/lib/test/auto/PublisherPort3.xml
7 ms. Memory: 510976K Free: 287147K (56%)
----------------- Invoking toplevel() on ptolemy.moml.MoMLSimpleApplication@7d38d3ca
----------------- Done invoking toplevel() on ptolemy.moml.MoMLSimpleApplication@7d38d3ca
reloadAllAccessors: .PublisherPort3

===========================================================================================
----------------- testing Mon Aug 05 05:24:27 UTC 2019 /home/travis/build/icyphy/ptII/ptolemy/actor/lib/test/auto/PublisherPort4.xml
----------------- Instantiating /home/travis/build/icyphy/ptII/ptolemy/actor/lib/test/auto/PublisherPort4.xml
2 ms. Memory: 510976K Free: 281019K (55%)
----------------- Invoking toplevel() on ptolemy.moml.MoMLSimpleApplication@2e31d225
----------------- Done invoking toplevel() on ptolemy.moml.MoMLSimpleApplication@2e31d225
reloadAllAccessors: .PublisherPort4

===========================================================================================
----------------- testing Mon Aug 05 05:24:27 UTC 2019 /home/travis/build/icyphy/ptII/ptolemy/actor/lib/test/auto/PublisherPort5.xml
----------------- Instantiating /home/travis/build/icyphy/ptII/ptolemy/actor/lib/test/auto/PublisherPort5.xml
4 ms. Memory: 510976K Free: 273355K (53%)
----------------- Invoking toplevel() on ptolemy.moml.MoMLSimpleApplication@4c23c3b0
----------------- Done invoking toplevel() on ptolemy.moml.MoMLSimpleApplication@4c23c3b0
reloadAllAccessors: .PublisherPort5

===========================================================================================
----------------- testing Mon Aug 05 05:24:27 UTC 2019 /home/travis/build/icyphy/ptII/ptolemy/actor/lib/test/auto/PublisherPort5LookAlike.xml
----------------- Instantiating /home/travis/build/icyphy/ptII/ptolemy/actor/lib/test/auto/PublisherPort5LookAlike.xml
9 ms. Memory: 510976K Free: 265673K (52%)
----------------- Invoking toplevel() on ptolemy.moml.MoMLSimpleApplication@7d8532cc
----------------- Done invoking toplevel() on ptolemy.moml.MoMLSimpleApplication@7d8532cc
reloadAllAccessors: .PublisherPort5LookAlike

===========================================================================================
----------------- testing Mon Aug 05 05:24:27 UTC 2019 /home/travis/build/icyphy/ptII/ptolemy/actor/lib/test/auto/PublisherPort6.xml
----------------- Instantiating /home/travis/build/icyphy/ptII/ptolemy/actor/lib/test/auto/PublisherPort6.xml
2 ms. Memory: 510976K Free: 259019K (51%)
----------------- Invoking toplevel() on ptolemy.moml.MoMLSimpleApplication@5ac8f677
----------------- Done invoking toplevel() on ptolemy.moml.MoMLSimpleApplication@5ac8f677
reloadAllAccessors: .PublisherPort6

===========================================================================================
----------------- testing Mon Aug 05 05:24:27 UTC 2019 /home/travis/build/icyphy/ptII/ptolemy/actor/lib/test/auto/PublisherPort7.xml
----------------- Instantiating /home/travis/build/icyphy/ptII/ptolemy/actor/lib/test/auto/PublisherPort7.xml
4 ms. Memory: 510976K Free: 251337K (49%)
----------------- Invoking toplevel() on ptolemy.moml.MoMLSimpleApplication@3792e643
----------------- Done invoking toplevel() on ptolemy.moml.MoMLSimpleApplication@3792e643
reloadAllAccessors: .PublisherPort7

===========================================================================================
----------------- testing Mon Aug 05 05:24:27 UTC 2019 /home/travis/build/icyphy/ptII/ptolemy/actor/lib/test/auto/PublisherPort8.xml
----------------- Instantiating /home/travis/build/icyphy/ptII/ptolemy/actor/lib/test/auto/PublisherPort8.xml
5 ms. Memory: 510976K Free: 242635K (47%)
----------------- Invoking toplevel() on ptolemy.moml.MoMLSimpleApplication@50e09f5d
----------------- Done invoking toplevel() on ptolemy.moml.MoMLSimpleApplication@50e09f5d
reloadAllAccessors: .PublisherPort8

===========================================================================================
----------------- testing Mon Aug 05 05:24:27 UTC 2019 /home/travis/build/icyphy/ptII/ptolemy/actor/lib/test/auto/PublisherPortSubscriberChannelVariablesAOC2.xml
----------------- Instantiating /home/travis/build/icyphy/ptII/ptolemy/actor/lib/test/auto/PublisherPortSubscriberChannelVariablesAOC2.xml
3 ms. Memory: 510976K Free: 225737K (44%)
----------------- Invoking toplevel() on ptolemy.moml.MoMLSimpleApplication@152466e2
----------------- Done invoking toplevel() on ptolemy.moml.MoMLSimpleApplication@152466e2
reloadAllAccessors: .PublisherPortSubscriberChannelVariablesAOC2

===========================================================================================
----------------- testing Mon Aug 05 05:24:27 UTC 2019 /home/travis/build/icyphy/ptII/ptolemy/actor/lib/test/auto/PublisherPortSubscriberOpaqueWidthInference.xml
----------------- Instantiating /home/travis/build/icyphy/ptII/ptolemy/actor/lib/test/auto/PublisherPortSubscriberOpaqueWidthInference.xml
4 ms. Memory: 510976K Free: 217531K (43%)
----------------- Invoking toplevel() on ptolemy.moml.MoMLSimpleApplication@752f42b7
----------------- Done invoking toplevel() on ptolemy.moml.MoMLSimpleApplication@752f42b7
reloadAllAccessors: .PublisherPortSubscriberOpaqueWidthInference

===========================================================================================
----------------- testing Mon Aug 05 05:24:27 UTC 2019 /home/travis/build/icyphy/ptII/ptolemy/actor/lib/test/auto/PublisherPortSubscriberPortAdjacent.xml
----------------- Instantiating /home/travis/build/icyphy/ptII/ptolemy/actor/lib/test/auto/PublisherPortSubscriberPortAdjacent.xml
2 ms. Memory: 510976K Free: 209353K (41%)
----------------- Invoking toplevel() on ptolemy.moml.MoMLSimpleApplication@6f56729d
----------------- Done invoking toplevel() on ptolemy.moml.MoMLSimpleApplication@6f56729d
reloadAllAccessors: .PublisherPortSubscriberPortAdjacent

===========================================================================================
----------------- testing Mon Aug 05 05:24:27 UTC 2019 /home/travis/build/icyphy/ptII/ptolemy/actor/lib/test/auto/PublisherPortSubscriberPortExpression.xml
----------------- Instantiating /home/travis/build/icyphy/ptII/ptolemy/actor/lib/test/auto/PublisherPortSubscriberPortExpression.xml
5 ms. Memory: 510976K Free: 201675K (39%)
----------------- Invoking toplevel() on ptolemy.moml.MoMLSimpleApplication@4e21487a
----------------- Done invoking toplevel() on ptolemy.moml.MoMLSimpleApplication@4e21487a
reloadAllAccessors: .PublisherPortSubscriberPortExpression

===========================================================================================
----------------- testing Mon Aug 05 05:24:27 UTC 2019 /home/travis/build/icyphy/ptII/ptolemy/actor/lib/test/auto/PublisherPortSubscriberPortOpaqueD3Reverse.xml
----------------- Instantiating /home/travis/build/icyphy/ptII/ptolemy/actor/lib/test/auto/PublisherPortSubscriberPortOpaqueD3Reverse.xml
11 ms. Memory: 510976K Free: 190921K (37%)
----------------- Invoking toplevel() on ptolemy.moml.MoMLSimpleApplication@2c5ccf5e
----------------- Done invoking toplevel() on ptolemy.moml.MoMLSimpleApplication@2c5ccf5e
reloadAllAccessors: .PublisherPortSubscriberPortOpaqueD3Reverse

===========================================================================================
----------------- testing Mon Aug 05 05:24:27 UTC 2019 /home/travis/build/icyphy/ptII/ptolemy/actor/lib/test/auto/PublisherPortSubscriberPortOpaqueWidthInference.xml
----------------- Instantiating /home/travis/build/icyphy/ptII/ptolemy/actor/lib/test/auto/PublisherPortSubscriberPortOpaqueWidthInference.xml
4 ms. Memory: 510976K Free: 183243K (36%)
----------------- Invoking toplevel() on ptolemy.moml.MoMLSimpleApplication@1bb5efe7
----------------- Done invoking toplevel() on ptolemy.moml.MoMLSimpleApplication@1bb5efe7
reloadAllAccessors: .PublisherPortSubscriberPortOpaqueWidthInference

===========================================================================================
----------------- testing Mon Aug 05 05:24:27 UTC 2019 /home/travis/build/icyphy/ptII/ptolemy/actor/lib/test/auto/PublisherPortToplevelSubscriberPortAOC.xml
----------------- Instantiating /home/travis/build/icyphy/ptII/ptolemy/actor/lib/test/auto/PublisherPortToplevelSubscriberPortAOC.xml
.PublisherPortToplevelSubscriberPortAOC.TestExceptionAttribute: initialize() was not invoked, but wrapup() was.  This is unusual, but not always a problem.  For example, exporting JNLP will do this.
1 ms. Memory: 510976K Free: 177609K (35%)
----------------- Invoking toplevel() on ptolemy.moml.MoMLSimpleApplication@7af4ab19
----------------- Done invoking toplevel() on ptolemy.moml.MoMLSimpleApplication@7af4ab19
reloadAllAccessors: .PublisherPortToplevelSubscriberPortAOC

===========================================================================================
----------------- testing Mon Aug 05 05:24:27 UTC 2019 /home/travis/build/icyphy/ptII/ptolemy/actor/lib/test/auto/PublisherSubscriber.xml
----------------- Instantiating /home/travis/build/icyphy/ptII/ptolemy/actor/lib/test/auto/PublisherSubscriber.xml
3 ms. Memory: 510976K Free: 170435K (33%)
----------------- Invoking toplevel() on ptolemy.moml.MoMLSimpleApplication@34f35711
----------------- Done invoking toplevel() on ptolemy.moml.MoMLSimpleApplication@34f35711
reloadAllAccessors: .PublisherSubscriber

===========================================================================================
----------------- testing Mon Aug 05 05:24:27 UTC 2019 /home/travis/build/icyphy/ptII/ptolemy/actor/lib/test/auto/PublisherSubscriber10.xml
----------------- Instantiating /home/travis/build/icyphy/ptII/ptolemy/actor/lib/test/auto/PublisherSubscriber10.xml
8 ms. Memory: 510976K Free: 160715K (31%)
----------------- Invoking toplevel() on ptolemy.moml.MoMLSimpleApplication@5f9eb99b
----------------- Done invoking toplevel() on ptolemy.moml.MoMLSimpleApplication@5f9eb99b
reloadAllAccessors: .PublisherSubscriber10

===========================================================================================
----------------- testing Mon Aug 05 05:24:27 UTC 2019 /home/travis/build/icyphy/ptII/ptolemy/actor/lib/test/auto/PublisherSubscriber10InitialOutputs.xml
----------------- Instantiating /home/travis/build/icyphy/ptII/ptolemy/actor/lib/test/auto/PublisherSubscriber10InitialOutputs.xml
8 ms. Memory: 510976K Free: 454262K (89%)
----------------- Invoking toplevel() on ptolemy.moml.MoMLSimpleApplication@98b2f45
----------------- Done invoking toplevel() on ptolemy.moml.MoMLSimpleApplication@98b2f45
reloadAllAccessors: .PublisherSubscriber10InitialOutputs

===========================================================================================
----------------- testing Mon Aug 05 05:24:27 UTC 2019 /home/travis/build/icyphy/ptII/ptolemy/actor/lib/test/auto/PublisherSubscriber11.xml
----------------- Instantiating /home/travis/build/icyphy/ptII/ptolemy/actor/lib/test/auto/PublisherSubscriber11.xml
3 ms. Memory: 510976K Free: 448118K (88%)
----------------- Invoking toplevel() on ptolemy.moml.MoMLSimpleApplication@5859a9b7
----------------- Done invoking toplevel() on ptolemy.moml.MoMLSimpleApplication@5859a9b7
reloadAllAccessors: .PublisherSubscriber11

===========================================================================================
----------------- testing Mon Aug 05 05:24:27 UTC 2019 /home/travis/build/icyphy/ptII/ptolemy/actor/lib/test/auto/PublisherSubscriber12.xml
----------------- Instantiating /home/travis/build/icyphy/ptII/ptolemy/actor/lib/test/auto/PublisherSubscriber12.xml
3 ms. Memory: 510976K Free: 440950K (86%)
----------------- Invoking toplevel() on ptolemy.moml.MoMLSimpleApplication@7337f118
----------------- Done invoking toplevel() on ptolemy.moml.MoMLSimpleApplication@7337f118
reloadAllAccessors: .PublisherSubscriber12

===========================================================================================
----------------- testing Mon Aug 05 05:24:27 UTC 2019 /home/travis/build/icyphy/ptII/ptolemy/actor/lib/test/auto/PublisherSubscriber13.xml
----------------- Instantiating /home/travis/build/icyphy/ptII/ptolemy/actor/lib/test/auto/PublisherSubscriber13.xml
2 ms. Memory: 510976K Free: 434806K (85%)
----------------- Invoking toplevel() on ptolemy.moml.MoMLSimpleApplication@1f773b23
----------------- Done invoking toplevel() on ptolemy.moml.MoMLSimpleApplication@1f773b23
reloadAllAccessors: .PublisherSubscriber13

===========================================================================================
----------------- testing Mon Aug 05 05:24:27 UTC 2019 /home/travis/build/icyphy/ptII/ptolemy/actor/lib/test/auto/PublisherSubscriber14.xml
----------------- Instantiating /home/travis/build/icyphy/ptII/ptolemy/actor/lib/test/auto/PublisherSubscriber14.xml
2 ms. Memory: 510976K Free: 426100K (83%)
----------------- Invoking toplevel() on ptolemy.moml.MoMLSimpleApplication@15efd848
----------------- Done invoking toplevel() on ptolemy.moml.MoMLSimpleApplication@15efd848
reloadAllAccessors: .PublisherSubscriber14

===========================================================================================
----------------- testing Mon Aug 05 05:24:27 UTC 2019 /home/travis/build/icyphy/ptII/ptolemy/actor/lib/test/auto/PublisherSubscriber2.xml
----------------- Instantiating /home/travis/build/icyphy/ptII/ptolemy/actor/lib/test/auto/PublisherSubscriber2.xml
4 ms. Memory: 510976K Free: 420470K (82%)
----------------- Invoking toplevel() on ptolemy.moml.MoMLSimpleApplication@35617906
----------------- Done invoking toplevel() on ptolemy.moml.MoMLSimpleApplication@35617906
reloadAllAccessors: .PublisherSubscriber2

===========================================================================================
----------------- testing Mon Aug 05 05:24:27 UTC 2019 /home/travis/build/icyphy/ptII/ptolemy/actor/lib/test/auto/PublisherSubscriber3.xml
----------------- Instantiating /home/travis/build/icyphy/ptII/ptolemy/actor/lib/test/auto/PublisherSubscriber3.xml
3 ms. Memory: 510976K Free: 414806K (81%)
----------------- Invoking toplevel() on ptolemy.moml.MoMLSimpleApplication@46d60a9
----------------- Done invoking toplevel() on ptolemy.moml.MoMLSimpleApplication@46d60a9
reloadAllAccessors: .PublisherSubscriber3

===========================================================================================
----------------- testing Mon Aug 05 05:24:27 UTC 2019 /home/travis/build/icyphy/ptII/ptolemy/actor/lib/test/auto/PublisherSubscriber4.xml
----------------- Instantiating /home/travis/build/icyphy/ptII/ptolemy/actor/lib/test/auto/PublisherSubscriber4.xml
2 ms. Memory: 510976K Free: 409686K (80%)
----------------- Invoking toplevel() on ptolemy.moml.MoMLSimpleApplication@6f6d9c0f
----------------- Done invoking toplevel() on ptolemy.moml.MoMLSimpleApplication@6f6d9c0f
reloadAllAccessors: .PublisherSubscriber4

===========================================================================================
----------------- testing Mon Aug 05 05:24:27 UTC 2019 /home/travis/build/icyphy/ptII/ptolemy/actor/lib/test/auto/PublisherSubscriber5.xml
----------------- Instantiating /home/travis/build/icyphy/ptII/ptolemy/actor/lib/test/auto/PublisherSubscriber5.xml
2 ms. Memory: 510976K Free: 403062K (79%)
----------------- Invoking toplevel() on ptolemy.moml.MoMLSimpleApplication@b696351
----------------- Done invoking toplevel() on ptolemy.moml.MoMLSimpleApplication@b696351
reloadAllAccessors: .PublisherSubscriber5

===========================================================================================
----------------- testing Mon Aug 05 05:24:27 UTC 2019 /home/travis/build/icyphy/ptII/ptolemy/actor/lib/test/auto/PublisherSubscriber6.xml
----------------- Instantiating /home/travis/build/icyphy/ptII/ptolemy/actor/lib/test/auto/PublisherSubscriber6.xml
4 ms. Memory: 510976K Free: 395894K (77%)
----------------- Invoking toplevel() on ptolemy.moml.MoMLSimpleApplication@64a049a9
----------------- Done invoking toplevel() on ptolemy.moml.MoMLSimpleApplication@64a049a9
reloadAllAccessors: .PublisherSubscriber6

===========================================================================================
----------------- testing Mon Aug 05 05:24:27 UTC 2019 /home/travis/build/icyphy/ptII/ptolemy/actor/lib/test/auto/PublisherSubscriber7.xml
----------------- Instantiating /home/travis/build/icyphy/ptII/ptolemy/actor/lib/test/auto/PublisherSubscriber7.xml
3 ms. Memory: 510976K Free: 388726K (76%)
----------------- Invoking toplevel() on ptolemy.moml.MoMLSimpleApplication@b49dcb6
----------------- Done invoking toplevel() on ptolemy.moml.MoMLSimpleApplication@b49dcb6
reloadAllAccessors: .PublisherSubscriber7

===========================================================================================
----------------- testing Mon Aug 05 05:24:27 UTC 2019 /home/travis/build/icyphy/ptII/ptolemy/actor/lib/test/auto/PublisherSubscriber8.xml
----------------- Instantiating /home/travis/build/icyphy/ptII/ptolemy/actor/lib/test/auto/PublisherSubscriber8.xml
23 ms. Memory: 510976K Free: 376948K (74%)
----------------- Invoking toplevel() on ptolemy.moml.MoMLSimpleApplication@65207051
----------------- Done invoking toplevel() on ptolemy.moml.MoMLSimpleApplication@65207051
reloadAllAccessors: .PublisherSubscriber8

===========================================================================================
----------------- testing Mon Aug 05 05:24:27 UTC 2019 /home/travis/build/icyphy/ptII/ptolemy/actor/lib/test/auto/PublisherSubscriber9.xml
----------------- Instantiating /home/travis/build/icyphy/ptII/ptolemy/actor/lib/test/auto/PublisherSubscriber9.xml
2 ms. Memory: 510976K Free: 369766K (72%)
----------------- Invoking toplevel() on ptolemy.moml.MoMLSimpleApplication@1322e3ed
----------------- Done invoking toplevel() on ptolemy.moml.MoMLSimpleApplication@1322e3ed
reloadAllAccessors: .PublisherSubscriber9

===========================================================================================
----------------- testing Mon Aug 05 05:24:27 UTC 2019 /home/travis/build/icyphy/ptII/ptolemy/actor/lib/test/auto/PublisherSubscriberAdjacent.xml
----------------- Instantiating /home/travis/build/icyphy/ptII/ptolemy/actor/lib/test/auto/PublisherSubscriberAdjacent.xml
2 ms. Memory: 510976K Free: 361588K (71%)
----------------- Invoking toplevel() on ptolemy.moml.MoMLSimpleApplication@2c1a1f72
----------------- Done invoking toplevel() on ptolemy.moml.MoMLSimpleApplication@2c1a1f72
reloadAllAccessors: .PublisherSubscriberAdjacent

===========================================================================================
----------------- testing Mon Aug 05 05:24:28 UTC 2019 /home/travis/build/icyphy/ptII/ptolemy/actor/lib/test/auto/PublisherSubscriberChannelVariablesAOC2.xml
----------------- Instantiating /home/travis/build/icyphy/ptII/ptolemy/actor/lib/test/auto/PublisherSubscriberChannelVariablesAOC2.xml
2 ms. Memory: 510976K Free: 347238K (68%)
----------------- Invoking toplevel() on ptolemy.moml.MoMLSimpleApplication@85232e2
----------------- Done invoking toplevel() on ptolemy.moml.MoMLSimpleApplication@85232e2
reloadAllAccessors: .PublisherSubscriberChannelVariablesAOC2

===========================================================================================
----------------- testing Mon Aug 05 05:24:28 UTC 2019 /home/travis/build/icyphy/ptII/ptolemy/actor/lib/test/auto/PublisherSubscriberD3.xml
----------------- Instantiating /home/travis/build/icyphy/ptII/ptolemy/actor/lib/test/auto/PublisherSubscriberD3.xml
2 ms. Memory: 510976K Free: 339574K (66%)
----------------- Invoking toplevel() on ptolemy.moml.MoMLSimpleApplication@73b8827d
----------------- Done invoking toplevel() on ptolemy.moml.MoMLSimpleApplication@73b8827d
reloadAllAccessors: .PublisherSubscriberD3

===========================================================================================
----------------- testing Mon Aug 05 05:24:28 UTC 2019 /home/travis/build/icyphy/ptII/ptolemy/actor/lib/test/auto/PublisherSubscriberD3Reverse.xml
----------------- Instantiating /home/travis/build/icyphy/ptII/ptolemy/actor/lib/test/auto/PublisherSubscriberD3Reverse.xml
2 ms. Memory: 510976K Free: 333430K (65%)
----------------- Invoking toplevel() on ptolemy.moml.MoMLSimpleApplication@2793d850
----------------- Done invoking toplevel() on ptolemy.moml.MoMLSimpleApplication@2793d850
reloadAllAccessors: .PublisherSubscriberD3Reverse

===========================================================================================
----------------- testing Mon Aug 05 05:24:28 UTC 2019 /home/travis/build/icyphy/ptII/ptolemy/actor/lib/test/auto/PublisherSubscriberExpression.xml
----------------- Instantiating /home/travis/build/icyphy/ptII/ptolemy/actor/lib/test/auto/PublisherSubscriberExpression.xml
4 ms. Memory: 510976K Free: 325238K (64%)
----------------- Invoking toplevel() on ptolemy.moml.MoMLSimpleApplication@48ed4561
----------------- Done invoking toplevel() on ptolemy.moml.MoMLSimpleApplication@48ed4561
reloadAllAccessors: .PublisherSubscriberExpression

===========================================================================================
----------------- testing Mon Aug 05 05:24:28 UTC 2019 /home/travis/build/icyphy/ptII/ptolemy/actor/lib/test/auto/PublisherSubscriberOpaque.xml
----------------- Instantiating /home/travis/build/icyphy/ptII/ptolemy/actor/lib/test/auto/PublisherSubscriberOpaque.xml
3 ms. Memory: 510976K Free: 317046K (62%)
----------------- Invoking toplevel() on ptolemy.moml.MoMLSimpleApplication@5c893b09
----------------- Done invoking toplevel() on ptolemy.moml.MoMLSimpleApplication@5c893b09
reloadAllAccessors: .PublisherSubscriberOpaque

===========================================================================================
----------------- testing Mon Aug 05 05:24:28 UTC 2019 /home/travis/build/icyphy/ptII/ptolemy/actor/lib/test/auto/PublisherSubscriberOpaqueD3.xml
----------------- Instantiating /home/travis/build/icyphy/ptII/ptolemy/actor/lib/test/auto/PublisherSubscriberOpaqueD3.xml
5 ms. Memory: 510976K Free: 305268K (60%)
----------------- Invoking toplevel() on ptolemy.moml.MoMLSimpleApplication@7a090144
----------------- Done invoking toplevel() on ptolemy.moml.MoMLSimpleApplication@7a090144
reloadAllAccessors: .PublisherSubscriberOpaqueD3

===========================================================================================
----------------- testing Mon Aug 05 05:24:28 UTC 2019 /home/travis/build/icyphy/ptII/ptolemy/actor/lib/test/auto/PublisherSubscriberOpaqueD3Reverse.xml
----------------- Instantiating /home/travis/build/icyphy/ptII/ptolemy/actor/lib/test/auto/PublisherSubscriberOpaqueD3Reverse.xml
8 ms. Memory: 510976K Free: 294004K (58%)
----------------- Invoking toplevel() on ptolemy.moml.MoMLSimpleApplication@6975be9e
----------------- Done invoking toplevel() on ptolemy.moml.MoMLSimpleApplication@6975be9e
reloadAllAccessors: .PublisherSubscriberOpaqueD3Reverse

===========================================================================================
----------------- testing Mon Aug 05 05:24:28 UTC 2019 /home/travis/build/icyphy/ptII/ptolemy/actor/lib/test/auto/PublisherSubscriberOpaqueWidthInference.xml
----------------- Instantiating /home/travis/build/icyphy/ptII/ptolemy/actor/lib/test/auto/PublisherSubscriberOpaqueWidthInference.xml
5 ms. Memory: 510976K Free: 285798K (56%)
----------------- Invoking toplevel() on ptolemy.moml.MoMLSimpleApplication@2ca14e43
----------------- Done invoking toplevel() on ptolemy.moml.MoMLSimpleApplication@2ca14e43
reloadAllAccessors: .PublisherSubscriberOpaqueWidthInference

===========================================================================================
----------------- testing Mon Aug 05 05:24:28 UTC 2019 /home/travis/build/icyphy/ptII/ptolemy/actor/lib/test/auto/PublisherTestSubscriber.xml
----------------- Instantiating /home/travis/build/icyphy/ptII/ptolemy/actor/lib/test/auto/PublisherTestSubscriber.xml
3 ms. Memory: 510976K Free: 278134K (54%)
----------------- Invoking toplevel() on ptolemy.moml.MoMLSimpleApplication@4cfcd920
----------------- Done invoking toplevel() on ptolemy.moml.MoMLSimpleApplication@4cfcd920
reloadAllAccessors: .PublisherTestSubscriber

===========================================================================================
----------------- testing Mon Aug 05 05:24:28 UTC 2019 /home/travis/build/icyphy/ptII/ptolemy/actor/lib/test/auto/PublisherToplevelSubscriberPortAOC.xml
----------------- Instantiating /home/travis/build/icyphy/ptII/ptolemy/actor/lib/test/auto/PublisherToplevelSubscriberPortAOC.xml
2 ms. Memory: 510976K Free: 271470K (53%)
----------------- Invoking toplevel() on ptolemy.moml.MoMLSimpleApplication@678f31a
----------------- Done invoking toplevel() on ptolemy.moml.MoMLSimpleApplication@678f31a
reloadAllAccessors: .PublisherToplevelSubscriberPortAOC

===========================================================================================
----------------- testing Mon Aug 05 05:24:28 UTC 2019 /home/travis/build/icyphy/ptII/ptolemy/actor/lib/test/auto/PulseFiringLimitDE.xml
----------------- Instantiating /home/travis/build/icyphy/ptII/ptolemy/actor/lib/test/auto/PulseFiringLimitDE.xml
2 ms. Memory: 510976K Free: 265332K (52%)
----------------- Invoking toplevel() on ptolemy.moml.MoMLSimpleApplication@2cd7a8aa
----------------- Done invoking toplevel() on ptolemy.moml.MoMLSimpleApplication@2cd7a8aa
reloadAllAccessors: .PulseFiringLimitDE

===========================================================================================
----------------- testing Mon Aug 05 05:24:28 UTC 2019 /home/travis/build/icyphy/ptII/ptolemy/actor/lib/test/auto/Ramp1.xml
----------------- Instantiating /home/travis/build/icyphy/ptII/ptolemy/actor/lib/test/auto/Ramp1.xml
1 ms. Memory: 510976K Free: 260726K (51%)
----------------- Invoking toplevel() on ptolemy.moml.MoMLSimpleApplication@4bfe92
----------------- Done invoking toplevel() on ptolemy.moml.MoMLSimpleApplication@4bfe92
reloadAllAccessors: .Ramp1

===========================================================================================
----------------- testing Mon Aug 05 05:24:28 UTC 2019 /home/travis/build/icyphy/ptII/ptolemy/actor/lib/test/auto/RampFiringLimitDE.xml
----------------- Instantiating /home/travis/build/icyphy/ptII/ptolemy/actor/lib/test/auto/RampFiringLimitDE.xml
5 ms. Memory: 510976K Free: 254582K (50%)
----------------- Invoking toplevel() on ptolemy.moml.MoMLSimpleApplication@65a7d9f2
----------------- Done invoking toplevel() on ptolemy.moml.MoMLSimpleApplication@65a7d9f2
reloadAllAccessors: .RampFiringLimitDE

===========================================================================================
----------------- testing Mon Aug 05 05:24:28 UTC 2019 /home/travis/build/icyphy/ptII/ptolemy/actor/lib/test/auto/RampFiringLimitSDF.xml
----------------- Instantiating /home/travis/build/icyphy/ptII/ptolemy/actor/lib/test/auto/RampFiringLimitSDF.xml
2 ms. Memory: 510976K Free: 249462K (49%)
----------------- Invoking toplevel() on ptolemy.moml.MoMLSimpleApplication@3c638731
----------------- Done invoking toplevel() on ptolemy.moml.MoMLSimpleApplication@3c638731
reloadAllAccessors: .RampFiringLimitSDF

===========================================================================================
----------------- testing Mon Aug 05 05:24:28 UTC 2019 /home/travis/build/icyphy/ptII/ptolemy/actor/lib/test/auto/RandomInteger.xml
----------------- Instantiating /home/travis/build/icyphy/ptII/ptolemy/actor/lib/test/auto/RandomInteger.xml
1 ms. Memory: 510976K Free: 245366K (48%)
----------------- Invoking toplevel() on ptolemy.moml.MoMLSimpleApplication@252ea659
----------------- Done invoking toplevel() on ptolemy.moml.MoMLSimpleApplication@252ea659
reloadAllAccessors: .RandomInteger

===========================================================================================
----------------- testing Mon Aug 05 05:24:28 UTC 2019 /home/travis/build/icyphy/ptII/ptolemy/actor/lib/test/auto/ReadFile1.xml
----------------- Instantiating /home/travis/build/icyphy/ptII/ptolemy/actor/lib/test/auto/ReadFile1.xml
2 ms. Memory: 510976K Free: 240756K (47%)
----------------- Invoking toplevel() on ptolemy.moml.MoMLSimpleApplication@7cc39a81
----------------- Done invoking toplevel() on ptolemy.moml.MoMLSimpleApplication@7cc39a81
reloadAllAccessors: .ReadFile1

===========================================================================================
----------------- testing Mon Aug 05 05:24:28 UTC 2019 /home/travis/build/icyphy/ptII/ptolemy/actor/lib/test/auto/ReadFile2.xml
----------------- Instantiating /home/travis/build/icyphy/ptII/ptolemy/actor/lib/test/auto/ReadFile2.xml
1 ms. Memory: 510976K Free: 236150K (46%)
----------------- Invoking toplevel() on ptolemy.moml.MoMLSimpleApplication@4d31dc7
----------------- Done invoking toplevel() on ptolemy.moml.MoMLSimpleApplication@4d31dc7
reloadAllAccessors: .ReadFile2

===========================================================================================
----------------- testing Mon Aug 05 05:24:28 UTC 2019 /home/travis/build/icyphy/ptII/ptolemy/actor/lib/test/auto/Reader.xml
----------------- Instantiating /home/travis/build/icyphy/ptII/ptolemy/actor/lib/test/auto/Reader.xml
actor.lib.Reader is obsolete, use actor.lib.io.ExpressionReader instead
5 ms. Memory: 510976K Free: 232054K (45%)
----------------- Invoking toplevel() on ptolemy.moml.MoMLSimpleApplication@6fd85190
----------------- Done invoking toplevel() on ptolemy.moml.MoMLSimpleApplication@6fd85190
reloadAllAccessors: .Reader

===========================================================================================
----------------- testing Mon Aug 05 05:24:28 UTC 2019 /home/travis/build/icyphy/ptII/ptolemy/actor/lib/test/auto/RecordAssemblerDisplayNameTest.xml
----------------- Instantiating /home/travis/build/icyphy/ptII/ptolemy/actor/lib/test/auto/RecordAssemblerDisplayNameTest.xml
3894 ms. Memory: 510976K Free: 203715K (40%)
----------------- Invoking toplevel() on ptolemy.moml.MoMLSimpleApplication@62390947
----------------- Done invoking toplevel() on ptolemy.moml.MoMLSimpleApplication@62390947
reloadAllAccessors: .RecordAssemblerDisplayNameTest

===========================================================================================
----------------- testing Mon Aug 05 05:24:32 UTC 2019 /home/travis/build/icyphy/ptII/ptolemy/actor/lib/test/auto/RecordAssemblerTypeError.xml
----------------- Instantiating /home/travis/build/icyphy/ptII/ptolemy/actor/lib/test/auto/RecordAssemblerTypeError.xml
19 ms. Memory: 510976K Free: 193989K (38%)
----------------- Invoking toplevel() on ptolemy.moml.MoMLSimpleApplication@3bdb074f
----------------- Done invoking toplevel() on ptolemy.moml.MoMLSimpleApplication@3bdb074f
reloadAllAccessors: .RecordAssemblerTypeError

===========================================================================================
----------------- testing Mon Aug 05 05:24:32 UTC 2019 /home/travis/build/icyphy/ptII/ptolemy/actor/lib/test/auto/RecordDisassember.xml
----------------- Instantiating /home/travis/build/icyphy/ptII/ptolemy/actor/lib/test/auto/RecordDisassember.xml
3 ms. Memory: 510976K Free: 189373K (37%)
----------------- Invoking toplevel() on ptolemy.moml.MoMLSimpleApplication@30f875b7
----------------- Done invoking toplevel() on ptolemy.moml.MoMLSimpleApplication@30f875b7
reloadAllAccessors: .RecordDisassember

===========================================================================================
----------------- testing Mon Aug 05 05:24:32 UTC 2019 /home/travis/build/icyphy/ptII/ptolemy/actor/lib/test/auto/RecordDisassemberDisplayNameTest.xml
----------------- Instantiating /home/travis/build/icyphy/ptII/ptolemy/actor/lib/test/auto/RecordDisassemberDisplayNameTest.xml
6 ms. Memory: 510976K Free: 180677K (35%)
----------------- Invoking toplevel() on ptolemy.moml.MoMLSimpleApplication@6e88bfb7
----------------- Done invoking toplevel() on ptolemy.moml.MoMLSimpleApplication@6e88bfb7
reloadAllAccessors: .RecordDisassemberDisplayNameTest

===========================================================================================
----------------- testing Mon Aug 05 05:24:32 UTC 2019 /home/travis/build/icyphy/ptII/ptolemy/actor/lib/test/auto/RecordDisassembler.xml
----------------- Instantiating /home/travis/build/icyphy/ptII/ptolemy/actor/lib/test/auto/RecordDisassembler.xml
2 ms. Memory: 510976K Free: 175557K (34%)
----------------- Invoking toplevel() on ptolemy.moml.MoMLSimpleApplication@4fef6714
----------------- Done invoking toplevel() on ptolemy.moml.MoMLSimpleApplication@4fef6714
reloadAllAccessors: .RecordDisassembler

===========================================================================================
----------------- testing Mon Aug 05 05:24:32 UTC 2019 /home/travis/build/icyphy/ptII/ptolemy/actor/lib/test/auto/RecordDisassembler2.xml
----------------- Instantiating /home/travis/build/icyphy/ptII/ptolemy/actor/lib/test/auto/RecordDisassembler2.xml
3 ms. Memory: 510976K Free: 170437K (33%)
----------------- Invoking toplevel() on ptolemy.moml.MoMLSimpleApplication@7b9bd83c
----------------- Done invoking toplevel() on ptolemy.moml.MoMLSimpleApplication@7b9bd83c
reloadAllAccessors: .RecordDisassembler2

===========================================================================================
----------------- testing Mon Aug 05 05:24:32 UTC 2019 /home/travis/build/icyphy/ptII/ptolemy/actor/lib/test/auto/RecordUpdater.xml
----------------- Instantiating /home/travis/build/icyphy/ptII/ptolemy/actor/lib/test/auto/RecordUpdater.xml
2 ms. Memory: 510976K Free: 165317K (32%)
----------------- Invoking toplevel() on ptolemy.moml.MoMLSimpleApplication@47260fd7
----------------- Done invoking toplevel() on ptolemy.moml.MoMLSimpleApplication@47260fd7
reloadAllAccessors: .RecordUpdater

===========================================================================================
----------------- testing Mon Aug 05 05:24:32 UTC 2019 /home/travis/build/icyphy/ptII/ptolemy/actor/lib/test/auto/RecordUpdater2.xml
----------------- Instantiating /home/travis/build/icyphy/ptII/ptolemy/actor/lib/test/auto/RecordUpdater2.xml
2 ms. Memory: 510976K Free: 159683K (31%)
----------------- Invoking toplevel() on ptolemy.moml.MoMLSimpleApplication@6ce14453
----------------- Done invoking toplevel() on ptolemy.moml.MoMLSimpleApplication@6ce14453
reloadAllAccessors: .RecordUpdater2

===========================================================================================
----------------- testing Mon Aug 05 05:24:32 UTC 2019 /home/travis/build/icyphy/ptII/ptolemy/actor/lib/test/auto/RecursiveLattice.xml
----------------- Instantiating /home/travis/build/icyphy/ptII/ptolemy/actor/lib/test/auto/RecursiveLattice.xml
1 ms. Memory: 510976K Free: 458294K (90%)
----------------- Invoking toplevel() on ptolemy.moml.MoMLSimpleApplication@30be4ea7
----------------- Done invoking toplevel() on ptolemy.moml.MoMLSimpleApplication@30be4ea7
reloadAllAccessors: .RecursiveLattice

===========================================================================================
----------------- testing Mon Aug 05 05:24:32 UTC 2019 /home/travis/build/icyphy/ptII/ptolemy/actor/lib/test/auto/Router.xml
----------------- Instantiating /home/travis/build/icyphy/ptII/ptolemy/actor/lib/test/auto/Router.xml
3004 ms. Memory: 510976K Free: 448054K (88%)
----------------- Invoking toplevel() on ptolemy.moml.MoMLSimpleApplication@38e5fd87
----------------- Done invoking toplevel() on ptolemy.moml.MoMLSimpleApplication@38e5fd87
reloadAllAccessors: .Router

===========================================================================================
----------------- testing Mon Aug 05 05:24:35 UTC 2019 /home/travis/build/icyphy/ptII/ptolemy/actor/lib/test/auto/Router2.xml
----------------- Instantiating /home/travis/build/icyphy/ptII/ptolemy/actor/lib/test/auto/Router2.xml
3005 ms. Memory: 510976K Free: 437300K (86%)
----------------- Invoking toplevel() on ptolemy.moml.MoMLSimpleApplication@619d2505
----------------- Done invoking toplevel() on ptolemy.moml.MoMLSimpleApplication@619d2505
reloadAllAccessors: .Router2

===========================================================================================
----------------- testing Mon Aug 05 05:24:38 UTC 2019 /home/travis/build/icyphy/ptII/ptolemy/actor/lib/test/auto/RunningMaximum.xml
----------------- Instantiating /home/travis/build/icyphy/ptII/ptolemy/actor/lib/test/auto/RunningMaximum.xml
3 ms. Memory: 510976K Free: 432180K (85%)
----------------- Invoking toplevel() on ptolemy.moml.MoMLSimpleApplication@73ba931b
----------------- Done invoking toplevel() on ptolemy.moml.MoMLSimpleApplication@73ba931b
reloadAllAccessors: .RunningMaximum

===========================================================================================
----------------- testing Mon Aug 05 05:24:38 UTC 2019 /home/travis/build/icyphy/ptII/ptolemy/actor/lib/test/auto/RunningMinimum.xml
----------------- Instantiating /home/travis/build/icyphy/ptII/ptolemy/actor/lib/test/auto/RunningMinimum.xml
2 ms. Memory: 510976K Free: 427574K (84%)
----------------- Invoking toplevel() on ptolemy.moml.MoMLSimpleApplication@658e673e
----------------- Done invoking toplevel() on ptolemy.moml.MoMLSimpleApplication@658e673e
reloadAllAccessors: .RunningMinimum

===========================================================================================
----------------- testing Mon Aug 05 05:24:38 UTC 2019 /home/travis/build/icyphy/ptII/ptolemy/actor/lib/test/auto/Scale.xml
----------------- Instantiating /home/travis/build/icyphy/ptII/ptolemy/actor/lib/test/auto/Scale.xml
1 ms. Memory: 510976K Free: 422964K (83%)
----------------- Invoking toplevel() on ptolemy.moml.MoMLSimpleApplication@4cf8448c
----------------- Done invoking toplevel() on ptolemy.moml.MoMLSimpleApplication@4cf8448c
reloadAllAccessors: .Scale

===========================================================================================
----------------- testing Mon Aug 05 05:24:38 UTC 2019 /home/travis/build/icyphy/ptII/ptolemy/actor/lib/test/auto/Scale2.xml
----------------- Instantiating /home/travis/build/icyphy/ptII/ptolemy/actor/lib/test/auto/Scale2.xml
1 ms. Memory: 510976K Free: 418358K (82%)
----------------- Invoking toplevel() on ptolemy.moml.MoMLSimpleApplication@9cd3838
----------------- Done invoking toplevel() on ptolemy.moml.MoMLSimpleApplication@9cd3838
reloadAllAccessors: .Scale2

===========================================================================================
----------------- testing Mon Aug 05 05:24:38 UTC 2019 /home/travis/build/icyphy/ptII/ptolemy/actor/lib/test/auto/Scale3.xml
----------------- Instantiating /home/travis/build/icyphy/ptII/ptolemy/actor/lib/test/auto/Scale3.xml
2 ms. Memory: 510976K Free: 411700K (81%)
----------------- Invoking toplevel() on ptolemy.moml.MoMLSimpleApplication@49ebbab5
----------------- Done invoking toplevel() on ptolemy.moml.MoMLSimpleApplication@49ebbab5
reloadAllAccessors: .Scale3

===========================================================================================
----------------- testing Mon Aug 05 05:24:38 UTC 2019 /home/travis/build/icyphy/ptII/ptolemy/actor/lib/test/auto/ScaleArray.xml
----------------- Instantiating /home/travis/build/icyphy/ptII/ptolemy/actor/lib/test/auto/ScaleArray.xml
2 ms. Memory: 510976K Free: 407094K (80%)
----------------- Invoking toplevel() on ptolemy.moml.MoMLSimpleApplication@6fb81b27
----------------- Done invoking toplevel() on ptolemy.moml.MoMLSimpleApplication@6fb81b27
reloadAllAccessors: .ScaleArray

===========================================================================================
----------------- testing Mon Aug 05 05:24:38 UTC 2019 /home/travis/build/icyphy/ptII/ptolemy/actor/lib/test/auto/ScaleArray2.xml
----------------- Instantiating /home/travis/build/icyphy/ptII/ptolemy/actor/lib/test/auto/ScaleArray2.xml
1 ms. Memory: 510976K Free: 402484K (79%)
----------------- Invoking toplevel() on ptolemy.moml.MoMLSimpleApplication@5022a7b
----------------- Done invoking toplevel() on ptolemy.moml.MoMLSimpleApplication@5022a7b
reloadAllAccessors: .ScaleArray2

===========================================================================================
----------------- testing Mon Aug 05 05:24:38 UTC 2019 /home/travis/build/icyphy/ptII/ptolemy/actor/lib/test/auto/ScaleMatrix.xml
----------------- Instantiating /home/travis/build/icyphy/ptII/ptolemy/actor/lib/test/auto/ScaleMatrix.xml
128 ms. Memory: 510976K Free: 387638K (76%)
----------------- Invoking toplevel() on ptolemy.moml.MoMLSimpleApplication@41fb90a4
----------------- Done invoking toplevel() on ptolemy.moml.MoMLSimpleApplication@41fb90a4
reloadAllAccessors: .ScaleMatrix

===========================================================================================
----------------- testing Mon Aug 05 05:24:38 UTC 2019 /home/travis/build/icyphy/ptII/ptolemy/actor/lib/test/auto/Select.xml
----------------- Instantiating /home/travis/build/icyphy/ptII/ptolemy/actor/lib/test/auto/Select.xml
3 ms. Memory: 510976K Free: 380974K (75%)
----------------- Invoking toplevel() on ptolemy.moml.MoMLSimpleApplication@331b1f0c
----------------- Done invoking toplevel() on ptolemy.moml.MoMLSimpleApplication@331b1f0c
reloadAllAccessors: .Select

===========================================================================================
----------------- testing Mon Aug 05 05:24:38 UTC 2019 /home/travis/build/icyphy/ptII/ptolemy/actor/lib/test/auto/Select2.xml
----------------- Instantiating /home/travis/build/icyphy/ptII/ptolemy/actor/lib/test/auto/Select2.xml
1 ms. Memory: 510976K Free: 376374K (74%)
----------------- Invoking toplevel() on ptolemy.moml.MoMLSimpleApplication@2f38227e
----------------- Done invoking toplevel() on ptolemy.moml.MoMLSimpleApplication@2f38227e
reloadAllAccessors: .Select2

===========================================================================================
----------------- testing Mon Aug 05 05:24:38 UTC 2019 /home/travis/build/icyphy/ptII/ptolemy/actor/lib/test/auto/SequenceToArray2.xml
----------------- Instantiating /home/travis/build/icyphy/ptII/ptolemy/actor/lib/test/auto/SequenceToArray2.xml
96 ms. Memory: 510976K Free: 352822K (69%)
----------------- Invoking toplevel() on ptolemy.moml.MoMLSimpleApplication@3508e891
----------------- Done invoking toplevel() on ptolemy.moml.MoMLSimpleApplication@3508e891
reloadAllAccessors: .SequenceToArray2

===========================================================================================
----------------- testing Mon Aug 05 05:24:38 UTC 2019 /home/travis/build/icyphy/ptII/ptolemy/actor/lib/test/auto/SequentialClock.xml
----------------- Instantiating /home/travis/build/icyphy/ptII/ptolemy/actor/lib/test/auto/SequentialClock.xml
2 ms. Memory: 510976K Free: 348212K (68%)
----------------- Invoking toplevel() on ptolemy.moml.MoMLSimpleApplication@2391754e
----------------- Done invoking toplevel() on ptolemy.moml.MoMLSimpleApplication@2391754e
reloadAllAccessors: .SequentialClock

===========================================================================================
----------------- testing Mon Aug 05 05:24:38 UTC 2019 /home/travis/build/icyphy/ptII/ptolemy/actor/lib/test/auto/SetVariable.xml
----------------- Instantiating /home/travis/build/icyphy/ptII/ptolemy/actor/lib/test/auto/SetVariable.xml
3 ms. Memory: 510976K Free: 343606K (67%)
----------------- Invoking toplevel() on ptolemy.moml.MoMLSimpleApplication@ef4ae11
----------------- Done invoking toplevel() on ptolemy.moml.MoMLSimpleApplication@ef4ae11
reloadAllAccessors: .SetVariable

===========================================================================================
----------------- testing Mon Aug 05 05:24:38 UTC 2019 /home/travis/build/icyphy/ptII/ptolemy/actor/lib/test/auto/SetVariable2.xml
----------------- Instantiating /home/travis/build/icyphy/ptII/ptolemy/actor/lib/test/auto/SetVariable2.xml
2 ms. Memory: 510976K Free: 338486K (66%)
----------------- Invoking toplevel() on ptolemy.moml.MoMLSimpleApplication@6a57979b
----------------- Done invoking toplevel() on ptolemy.moml.MoMLSimpleApplication@6a57979b
reloadAllAccessors: .SetVariable2

===========================================================================================
----------------- testing Mon Aug 05 05:24:38 UTC 2019 /home/travis/build/icyphy/ptII/ptolemy/actor/lib/test/auto/SetVariable3.xml
----------------- Instantiating /home/travis/build/icyphy/ptII/ptolemy/actor/lib/test/auto/SetVariable3.xml
7 ms. Memory: 510976K Free: 333366K (65%)
----------------- Invoking toplevel() on ptolemy.moml.MoMLSimpleApplication@7b956deb
----------------- Done invoking toplevel() on ptolemy.moml.MoMLSimpleApplication@7b956deb
reloadAllAccessors: .SetVariable3

===========================================================================================
----------------- testing Mon Aug 05 05:24:39 UTC 2019 /home/travis/build/icyphy/ptII/ptolemy/actor/lib/test/auto/SetVariable4.xml
----------------- Instantiating /home/travis/build/icyphy/ptII/ptolemy/actor/lib/test/auto/SetVariable4.xml
18 ms. Memory: 510976K Free: 323126K (63%)
----------------- Invoking toplevel() on ptolemy.moml.MoMLSimpleApplication@6acede4
----------------- Done invoking toplevel() on ptolemy.moml.MoMLSimpleApplication@6acede4
reloadAllAccessors: .SetVariable4

===========================================================================================
----------------- testing Mon Aug 05 05:24:39 UTC 2019 /home/travis/build/icyphy/ptII/ptolemy/actor/lib/test/auto/SetVariable5.xml
----------------- Instantiating /home/travis/build/icyphy/ptII/ptolemy/actor/lib/test/auto/SetVariable5.xml
19 ms. Memory: 510976K Free: 313910K (61%)
----------------- Invoking toplevel() on ptolemy.moml.MoMLSimpleApplication@2a22f3ff
----------------- Done invoking toplevel() on ptolemy.moml.MoMLSimpleApplication@2a22f3ff
reloadAllAccessors: .SetVariable5

===========================================================================================
----------------- testing Mon Aug 05 05:24:39 UTC 2019 /home/travis/build/icyphy/ptII/ptolemy/actor/lib/test/auto/Sinewave.xml
----------------- Instantiating /home/travis/build/icyphy/ptII/ptolemy/actor/lib/test/auto/Sinewave.xml
5 ms. Memory: 510976K Free: 303670K (59%)
----------------- Invoking toplevel() on ptolemy.moml.MoMLSimpleApplication@3a1470d2
----------------- Done invoking toplevel() on ptolemy.moml.MoMLSimpleApplication@3a1470d2
reloadAllAccessors: .Sinewave

===========================================================================================
----------------- testing Mon Aug 05 05:24:39 UTC 2019 /home/travis/build/icyphy/ptII/ptolemy/actor/lib/test/auto/Sinewave2.xml
----------------- Instantiating /home/travis/build/icyphy/ptII/ptolemy/actor/lib/test/auto/Sinewave2.xml
6 ms. Memory: 510976K Free: 294964K (58%)
----------------- Invoking toplevel() on ptolemy.moml.MoMLSimpleApplication@a8673e2
----------------- Done invoking toplevel() on ptolemy.moml.MoMLSimpleApplication@a8673e2
reloadAllAccessors: .Sinewave2

===========================================================================================
----------------- testing Mon Aug 05 05:24:39 UTC 2019 /home/travis/build/icyphy/ptII/ptolemy/actor/lib/test/auto/Sinewave3.xml
----------------- Instantiating /home/travis/build/icyphy/ptII/ptolemy/actor/lib/test/auto/Sinewave3.xml
9 ms. Memory: 510976K Free: 286742K (56%)
----------------- Invoking toplevel() on ptolemy.moml.MoMLSimpleApplication@ade889d
----------------- Done invoking toplevel() on ptolemy.moml.MoMLSimpleApplication@ade889d
reloadAllAccessors: .Sinewave3

===========================================================================================
----------------- testing Mon Aug 05 05:24:39 UTC 2019 /home/travis/build/icyphy/ptII/ptolemy/actor/lib/test/auto/SingleEvent.xml
----------------- Instantiating /home/travis/build/icyphy/ptII/ptolemy/actor/lib/test/auto/SingleEvent.xml
1 ms. Memory: 510976K Free: 282676K (55%)
----------------- Invoking toplevel() on ptolemy.moml.MoMLSimpleApplication@63c09758
----------------- Done invoking toplevel() on ptolemy.moml.MoMLSimpleApplication@63c09758
reloadAllAccessors: .SingleEvent

===========================================================================================
----------------- testing Mon Aug 05 05:24:39 UTC 2019 /home/travis/build/icyphy/ptII/ptolemy/actor/lib/test/auto/Sleep.xml
----------------- Instantiating /home/travis/build/icyphy/ptII/ptolemy/actor/lib/test/auto/Sleep.xml
6003 ms. Memory: 510976K Free: 276502K (54%)
----------------- Invoking toplevel() on ptolemy.moml.MoMLSimpleApplication@1f78d47b
----------------- Done invoking toplevel() on ptolemy.moml.MoMLSimpleApplication@1f78d47b
reloadAllAccessors: .Sleep

===========================================================================================
----------------- testing Mon Aug 05 05:24:45 UTC 2019 /home/travis/build/icyphy/ptII/ptolemy/actor/lib/test/auto/SleepMultipleFire.xml
----------------- Instantiating /home/travis/build/icyphy/ptII/ptolemy/actor/lib/test/auto/SleepMultipleFire.xml
1005 ms. Memory: 510976K Free: 270902K (53%)
----------------- Invoking toplevel() on ptolemy.moml.MoMLSimpleApplication@4fbb9fa0
----------------- Done invoking toplevel() on ptolemy.moml.MoMLSimpleApplication@4fbb9fa0
reloadAllAccessors: .SleepMultipleFire

===========================================================================================
----------------- testing Mon Aug 05 05:24:46 UTC 2019 /home/travis/build/icyphy/ptII/ptolemy/actor/lib/test/auto/StopDE.xml
----------------- Instantiating /home/travis/build/icyphy/ptII/ptolemy/actor/lib/test/auto/StopDE.xml
3 ms. Memory: 510976K Free: 265268K (52%)
----------------- Invoking toplevel() on ptolemy.moml.MoMLSimpleApplication@436bb7d3
----------------- Done invoking toplevel() on ptolemy.moml.MoMLSimpleApplication@436bb7d3
reloadAllAccessors: .StopDE

===========================================================================================
----------------- testing Mon Aug 05 05:24:46 UTC 2019 /home/travis/build/icyphy/ptII/ptolemy/actor/lib/test/auto/StopSDF.xml
----------------- Instantiating /home/travis/build/icyphy/ptII/ptolemy/actor/lib/test/auto/StopSDF.xml
5 ms. Memory: 510976K Free: 259638K (51%)
----------------- Invoking toplevel() on ptolemy.moml.MoMLSimpleApplication@6cb64499
----------------- Done invoking toplevel() on ptolemy.moml.MoMLSimpleApplication@6cb64499
reloadAllAccessors: .StopSDF

===========================================================================================
----------------- testing Mon Aug 05 05:24:46 UTC 2019 /home/travis/build/icyphy/ptII/ptolemy/actor/lib/test/auto/StringConstant.xml
----------------- Instantiating /home/travis/build/icyphy/ptII/ptolemy/actor/lib/test/auto/StringConstant.xml
12 ms. Memory: 510976K Free: 255542K (50%)
----------------- Invoking toplevel() on ptolemy.moml.MoMLSimpleApplication@67d5051d
----------------- Done invoking toplevel() on ptolemy.moml.MoMLSimpleApplication@67d5051d
reloadAllAccessors: .StringConstant

===========================================================================================
----------------- testing Mon Aug 05 05:24:46 UTC 2019 /home/travis/build/icyphy/ptII/ptolemy/actor/lib/test/auto/SubscriberPortInitialValues1.xml
----------------- Instantiating /home/travis/build/icyphy/ptII/ptolemy/actor/lib/test/auto/SubscriberPortInitialValues1.xml
15 ms. Memory: 510976K Free: 246836K (48%)
----------------- Invoking toplevel() on ptolemy.moml.MoMLSimpleApplication@459663c4
----------------- Done invoking toplevel() on ptolemy.moml.MoMLSimpleApplication@459663c4
reloadAllAccessors: .SubscriberPortInitialValues1

===========================================================================================
----------------- testing Mon Aug 05 05:24:46 UTC 2019 /home/travis/build/icyphy/ptII/ptolemy/actor/lib/test/auto/SubscriberPortInitialValues13.xml
----------------- Instantiating /home/travis/build/icyphy/ptII/ptolemy/actor/lib/test/auto/SubscriberPortInitialValues13.xml
6 ms. Memory: 510976K Free: 234038K (46%)
----------------- Invoking toplevel() on ptolemy.moml.MoMLSimpleApplication@7f79badc
----------------- Done invoking toplevel() on ptolemy.moml.MoMLSimpleApplication@7f79badc
reloadAllAccessors: .SubscriberPortInitialValues13

===========================================================================================
----------------- testing Mon Aug 05 05:24:46 UTC 2019 /home/travis/build/icyphy/ptII/ptolemy/actor/lib/test/auto/SubscriberPortInitialValues14.xml
----------------- Instantiating /home/travis/build/icyphy/ptII/ptolemy/actor/lib/test/auto/SubscriberPortInitialValues14.xml
4 ms. Memory: 510976K Free: 225846K (44%)
----------------- Invoking toplevel() on ptolemy.moml.MoMLSimpleApplication@444225ff
----------------- Done invoking toplevel() on ptolemy.moml.MoMLSimpleApplication@444225ff
reloadAllAccessors: .SubscriberPortInitialValues14

===========================================================================================
----------------- testing Mon Aug 05 05:24:46 UTC 2019 /home/travis/build/icyphy/ptII/ptolemy/actor/lib/test/auto/SubscriberPortInitialValues2.xml
----------------- Instantiating /home/travis/build/icyphy/ptII/ptolemy/actor/lib/test/auto/SubscriberPortInitialValues2.xml
3 ms. Memory: 510976K Free: 218164K (43%)
----------------- Invoking toplevel() on ptolemy.moml.MoMLSimpleApplication@46b3abb4
----------------- Done invoking toplevel() on ptolemy.moml.MoMLSimpleApplication@46b3abb4
reloadAllAccessors: .SubscriberPortInitialValues2

===========================================================================================
----------------- testing Mon Aug 05 05:24:46 UTC 2019 /home/travis/build/icyphy/ptII/ptolemy/actor/lib/test/auto/SubscriberPortInitialValues3.xml
----------------- Instantiating /home/travis/build/icyphy/ptII/ptolemy/actor/lib/test/auto/SubscriberPortInitialValues3.xml
11 ms. Memory: 510976K Free: 207414K (41%)
----------------- Invoking toplevel() on ptolemy.moml.MoMLSimpleApplication@28368d6c
----------------- Done invoking toplevel() on ptolemy.moml.MoMLSimpleApplication@28368d6c
reloadAllAccessors: .SubscriberPortInitialValues3

===========================================================================================
----------------- testing Mon Aug 05 05:24:46 UTC 2019 /home/travis/build/icyphy/ptII/ptolemy/actor/lib/test/auto/SubscriptionAggregator.xml
----------------- Instantiating /home/travis/build/icyphy/ptII/ptolemy/actor/lib/test/auto/SubscriptionAggregator.xml
2 ms. Memory: 510976K Free: 200246K (39%)
----------------- Invoking toplevel() on ptolemy.moml.MoMLSimpleApplication@4fbaa673
----------------- Done invoking toplevel() on ptolemy.moml.MoMLSimpleApplication@4fbaa673
reloadAllAccessors: .SubscriptionAggregator

===========================================================================================
----------------- testing Mon Aug 05 05:24:46 UTC 2019 /home/travis/build/icyphy/ptII/ptolemy/actor/lib/test/auto/SubscriptionAggregator2.xml
----------------- Instantiating /home/travis/build/icyphy/ptII/ptolemy/actor/lib/test/auto/SubscriptionAggregator2.xml
3 ms. Memory: 510976K Free: 193582K (38%)
----------------- Invoking toplevel() on ptolemy.moml.MoMLSimpleApplication@18cabc09
----------------- Done invoking toplevel() on ptolemy.moml.MoMLSimpleApplication@18cabc09
reloadAllAccessors: .SubscriptionAggregator2

===========================================================================================
----------------- testing Mon Aug 05 05:24:46 UTC 2019 /home/travis/build/icyphy/ptII/ptolemy/actor/lib/test/auto/SubscriptionAggregator3.xml
----------------- Instantiating /home/travis/build/icyphy/ptII/ptolemy/actor/lib/test/auto/SubscriptionAggregator3.xml
4 ms. Memory: 510976K Free: 184886K (36%)
----------------- Invoking toplevel() on ptolemy.moml.MoMLSimpleApplication@6634504d
----------------- Done invoking toplevel() on ptolemy.moml.MoMLSimpleApplication@6634504d
reloadAllAccessors: .SubscriptionAggregator3

===========================================================================================
----------------- testing Mon Aug 05 05:24:46 UTC 2019 /home/travis/build/icyphy/ptII/ptolemy/actor/lib/test/auto/SubscriptionAggregatorMultiply.xml
----------------- Instantiating /home/travis/build/icyphy/ptII/ptolemy/actor/lib/test/auto/SubscriptionAggregatorMultiply.xml
12 ms. Memory: 510976K Free: 175670K (34%)
----------------- Invoking toplevel() on ptolemy.moml.MoMLSimpleApplication@1415fdd6
----------------- Done invoking toplevel() on ptolemy.moml.MoMLSimpleApplication@1415fdd6
reloadAllAccessors: .SubscriptionAggregatorMultiply

===========================================================================================
----------------- testing Mon Aug 05 05:24:46 UTC 2019 /home/travis/build/icyphy/ptII/ptolemy/actor/lib/test/auto/SubscriptionAggregatorPortMultiply1.xml
----------------- Instantiating /home/travis/build/icyphy/ptII/ptolemy/actor/lib/test/auto/SubscriptionAggregatorPortMultiply1.xml
3 ms. Memory: 510976K Free: 167988K (33%)
----------------- Invoking toplevel() on ptolemy.moml.MoMLSimpleApplication@1b494b4a
----------------- Done invoking toplevel() on ptolemy.moml.MoMLSimpleApplication@1b494b4a
reloadAllAccessors: .SubscriptionAggregatorPortMultiply1

===========================================================================================
----------------- testing Mon Aug 05 05:24:46 UTC 2019 /home/travis/build/icyphy/ptII/ptolemy/actor/lib/test/auto/Switch.xml
----------------- Instantiating /home/travis/build/icyphy/ptII/ptolemy/actor/lib/test/auto/Switch.xml
8 ms. Memory: 510976K Free: 159796K (31%)
----------------- Invoking toplevel() on ptolemy.moml.MoMLSimpleApplication@5272e30b
----------------- Done invoking toplevel() on ptolemy.moml.MoMLSimpleApplication@5272e30b
reloadAllAccessors: .Switch

===========================================================================================
----------------- testing Mon Aug 05 05:24:46 UTC 2019 /home/travis/build/icyphy/ptII/ptolemy/actor/lib/test/auto/Switch2.xml
----------------- Instantiating /home/travis/build/icyphy/ptII/ptolemy/actor/lib/test/auto/Switch2.xml
1 ms. Memory: 510976K Free: 457549K (90%)
----------------- Invoking toplevel() on ptolemy.moml.MoMLSimpleApplication@66f8bb9f
----------------- Done invoking toplevel() on ptolemy.moml.MoMLSimpleApplication@66f8bb9f
reloadAllAccessors: .Switch2

===========================================================================================
----------------- testing Mon Aug 05 05:24:46 UTC 2019 /home/travis/build/icyphy/ptII/ptolemy/actor/lib/test/auto/SwitchDE.xml
----------------- Instantiating /home/travis/build/icyphy/ptII/ptolemy/actor/lib/test/auto/SwitchDE.xml
3 ms. Memory: 510976K Free: 451391K (88%)
----------------- Invoking toplevel() on ptolemy.moml.MoMLSimpleApplication@417c4fc3
----------------- Done invoking toplevel() on ptolemy.moml.MoMLSimpleApplication@417c4fc3
reloadAllAccessors: .SwitchDE

===========================================================================================
----------------- testing Mon Aug 05 05:24:46 UTC 2019 /home/travis/build/icyphy/ptII/ptolemy/actor/lib/test/auto/SynchronizerDE.xml
----------------- Instantiating /home/travis/build/icyphy/ptII/ptolemy/actor/lib/test/auto/SynchronizerDE.xml
13 ms. Memory: 510976K Free: 442703K (87%)
----------------- Invoking toplevel() on ptolemy.moml.MoMLSimpleApplication@64176728
----------------- Done invoking toplevel() on ptolemy.moml.MoMLSimpleApplication@64176728
reloadAllAccessors: .SynchronizerDE

===========================================================================================
----------------- testing Mon Aug 05 05:24:46 UTC 2019 /home/travis/build/icyphy/ptII/ptolemy/actor/lib/test/auto/Test.xml
----------------- Instantiating /home/travis/build/icyphy/ptII/ptolemy/actor/lib/test/auto/Test.xml
10 ms. Memory: 510976K Free: 437583K (86%)
----------------- Invoking toplevel() on ptolemy.moml.MoMLSimpleApplication@38131723
----------------- Done invoking toplevel() on ptolemy.moml.MoMLSimpleApplication@38131723
reloadAllAccessors: .Test

===========================================================================================
----------------- testing Mon Aug 05 05:24:46 UTC 2019 /home/travis/build/icyphy/ptII/ptolemy/actor/lib/test/auto/TestExceptionAttribute1.xml
----------------- Instantiating /home/travis/build/icyphy/ptII/ptolemy/actor/lib/test/auto/TestExceptionAttribute1.xml
1 ms. Memory: 510976K Free: 433997K (85%)
----------------- Invoking toplevel() on ptolemy.moml.MoMLSimpleApplication@1d6238f4
----------------- Done invoking toplevel() on ptolemy.moml.MoMLSimpleApplication@1d6238f4
reloadAllAccessors: .TestExceptionAttribute1

===========================================================================================
----------------- testing Mon Aug 05 05:24:46 UTC 2019 /home/travis/build/icyphy/ptII/ptolemy/actor/lib/test/auto/TestExceptionAttribute2.xml
----------------- Instantiating /home/travis/build/icyphy/ptII/ptolemy/actor/lib/test/auto/TestExceptionAttribute2.xml
1 ms. Memory: 510976K Free: 429901K (84%)
----------------- Invoking toplevel() on ptolemy.moml.MoMLSimpleApplication@5ba5f6ce
----------------- Done invoking toplevel() on ptolemy.moml.MoMLSimpleApplication@5ba5f6ce
reloadAllAccessors: .TestExceptionAttribute2

===========================================================================================
----------------- testing Mon Aug 05 05:24:46 UTC 2019 /home/travis/build/icyphy/ptII/ptolemy/actor/lib/test/auto/TestExceptionAttribute3.xml
----------------- Instantiating /home/travis/build/icyphy/ptII/ptolemy/actor/lib/test/auto/TestExceptionAttribute3.xml
.TestExceptionAttribute3.TestExceptionAttribute: initialize() was not invoked, but wrapup() was.  This is unusual, but not always a problem.  For example, exporting JNLP will do this.
1 ms. Memory: 510976K Free: 426319K (83%)
----------------- Invoking toplevel() on ptolemy.moml.MoMLSimpleApplication@2e1bef4a
----------------- Done invoking toplevel() on ptolemy.moml.MoMLSimpleApplication@2e1bef4a
reloadAllAccessors: .TestExceptionAttribute3

===========================================================================================
----------------- testing Mon Aug 05 05:24:46 UTC 2019 /home/travis/build/icyphy/ptII/ptolemy/actor/lib/test/auto/TestExceptionAttribute4.xml
----------------- Instantiating /home/travis/build/icyphy/ptII/ptolemy/actor/lib/test/auto/TestExceptionAttribute4.xml
.TestExceptionAttribute4.TestExceptionAttribute: initialize() was not invoked, but wrapup() was.  This is unusual, but not always a problem.  For example, exporting JNLP will do this.
.TestExceptionAttribute4.TestExceptionAttribute2: initialize() was not invoked, but wrapup() was.  This is unusual, but not always a problem.  For example, exporting JNLP will do this.
0 ms. Memory: 510976K Free: 422223K (83%)
----------------- Invoking toplevel() on ptolemy.moml.MoMLSimpleApplication@2bc87a80
----------------- Done invoking toplevel() on ptolemy.moml.MoMLSimpleApplication@2bc87a80
reloadAllAccessors: .TestExceptionAttribute4

===========================================================================================
----------------- testing Mon Aug 05 05:24:46 UTC 2019 /home/travis/build/icyphy/ptII/ptolemy/actor/lib/test/auto/TestExceptionHandler1.xml
----------------- Instantiating /home/travis/build/icyphy/ptII/ptolemy/actor/lib/test/auto/TestExceptionHandler1.xml
0 ms. Memory: 510976K Free: 418127K (82%)
----------------- Invoking toplevel() on ptolemy.moml.MoMLSimpleApplication@724aa594
----------------- Done invoking toplevel() on ptolemy.moml.MoMLSimpleApplication@724aa594
reloadAllAccessors: .TestExceptionHandler1

===========================================================================================
----------------- testing Mon Aug 05 05:24:46 UTC 2019 /home/travis/build/icyphy/ptII/ptolemy/actor/lib/test/auto/TestExceptionHandler2.xml
----------------- Instantiating /home/travis/build/icyphy/ptII/ptolemy/actor/lib/test/auto/TestExceptionHandler2.xml
2 ms. Memory: 510976K Free: 414541K (81%)
----------------- Invoking toplevel() on ptolemy.moml.MoMLSimpleApplication@4c93eb0f
----------------- Done invoking toplevel() on ptolemy.moml.MoMLSimpleApplication@4c93eb0f
reloadAllAccessors: .TestExceptionHandler2

===========================================================================================
----------------- testing Mon Aug 05 05:24:46 UTC 2019 /home/travis/build/icyphy/ptII/ptolemy/actor/lib/test/auto/TestExceptionHandler3.xml
----------------- Instantiating /home/travis/build/icyphy/ptII/ptolemy/actor/lib/test/auto/TestExceptionHandler3.xml
0 ms. Memory: 510976K Free: 410445K (80%)
----------------- Invoking toplevel() on ptolemy.moml.MoMLSimpleApplication@785e8145
----------------- Done invoking toplevel() on ptolemy.moml.MoMLSimpleApplication@785e8145
reloadAllAccessors: .TestExceptionHandler3

===========================================================================================
----------------- testing Mon Aug 05 05:24:46 UTC 2019 /home/travis/build/icyphy/ptII/ptolemy/actor/lib/test/auto/TestExceptionHandler4.xml
----------------- Instantiating /home/travis/build/icyphy/ptII/ptolemy/actor/lib/test/auto/TestExceptionHandler4.xml
1 ms. Memory: 510976K Free: 406349K (80%)
----------------- Invoking toplevel() on ptolemy.moml.MoMLSimpleApplication@3900f6cf
----------------- Done invoking toplevel() on ptolemy.moml.MoMLSimpleApplication@3900f6cf
reloadAllAccessors: .TestExceptionHandler4

===========================================================================================
----------------- testing Mon Aug 05 05:24:46 UTC 2019 /home/travis/build/icyphy/ptII/ptolemy/actor/lib/test/auto/TestRequireCorrectOrder.xml
----------------- Instantiating /home/travis/build/icyphy/ptII/ptolemy/actor/lib/test/auto/TestRequireCorrectOrder.xml
6 ms. Memory: 510976K Free: 401199K (79%)
----------------- Invoking toplevel() on ptolemy.moml.MoMLSimpleApplication@12bed0b9
----------------- Done invoking toplevel() on ptolemy.moml.MoMLSimpleApplication@12bed0b9
reloadAllAccessors: .TestRequireCorrectOrder

===========================================================================================
----------------- testing Mon Aug 05 05:24:46 UTC 2019 /home/travis/build/icyphy/ptII/ptolemy/actor/lib/test/auto/TestSimple.xml
----------------- Instantiating /home/travis/build/icyphy/ptII/ptolemy/actor/lib/test/auto/TestSimple.xml
1 ms. Memory: 510976K Free: 396103K (78%)
----------------- Invoking toplevel() on ptolemy.moml.MoMLSimpleApplication@787cb202
----------------- Done invoking toplevel() on ptolemy.moml.MoMLSimpleApplication@787cb202
reloadAllAccessors: .TestSimple

===========================================================================================
----------------- testing Mon Aug 05 05:24:46 UTC 2019 /home/travis/build/icyphy/ptII/ptolemy/actor/lib/test/auto/ThrowModelError.xml
----------------- Instantiating /home/travis/build/icyphy/ptII/ptolemy/actor/lib/test/auto/ThrowModelError.xml
2 ms. Memory: 510976K Free: 391503K (77%)
----------------- Invoking toplevel() on ptolemy.moml.MoMLSimpleApplication@710dc816
----------------- Done invoking toplevel() on ptolemy.moml.MoMLSimpleApplication@710dc816
reloadAllAccessors: .ThrowModelError

===========================================================================================
----------------- testing Mon Aug 05 05:24:46 UTC 2019 /home/travis/build/icyphy/ptII/ptolemy/actor/lib/test/auto/TimeDelayMicrosteps.xml
----------------- Instantiating /home/travis/build/icyphy/ptII/ptolemy/actor/lib/test/auto/TimeDelayMicrosteps.xml
4 ms. Memory: 510976K Free: 383311K (75%)
----------------- Invoking toplevel() on ptolemy.moml.MoMLSimpleApplication@6a95116f
----------------- Done invoking toplevel() on ptolemy.moml.MoMLSimpleApplication@6a95116f
reloadAllAccessors: .TimeDelayMicrosteps

===========================================================================================
----------------- testing Mon Aug 05 05:24:46 UTC 2019 /home/travis/build/icyphy/ptII/ptolemy/actor/lib/test/auto/TimeDelayMicrosteps2.xml
----------------- Instantiating /home/travis/build/icyphy/ptII/ptolemy/actor/lib/test/auto/TimeDelayMicrosteps2.xml
3 ms. Memory: 510976K Free: 376143K (74%)
----------------- Invoking toplevel() on ptolemy.moml.MoMLSimpleApplication@31acb36d
----------------- Done invoking toplevel() on ptolemy.moml.MoMLSimpleApplication@31acb36d
reloadAllAccessors: .TimeDelayMicrosteps2

===========================================================================================
----------------- testing Mon Aug 05 05:24:46 UTC 2019 /home/travis/build/icyphy/ptII/ptolemy/actor/lib/test/auto/TimeDelayMicrosteps3.xml
----------------- Instantiating /home/travis/build/icyphy/ptII/ptolemy/actor/lib/test/auto/TimeDelayMicrosteps3.xml
3 ms. Memory: 510976K Free: 369471K (72%)
----------------- Invoking toplevel() on ptolemy.moml.MoMLSimpleApplication@3da10fb7
----------------- Done invoking toplevel() on ptolemy.moml.MoMLSimpleApplication@3da10fb7
reloadAllAccessors: .TimeDelayMicrosteps3

===========================================================================================
----------------- testing Mon Aug 05 05:24:46 UTC 2019 /home/travis/build/icyphy/ptII/ptolemy/actor/lib/test/auto/TimeDelayVariableMicrosteps.xml
----------------- Instantiating /home/travis/build/icyphy/ptII/ptolemy/actor/lib/test/auto/TimeDelayVariableMicrosteps.xml
3 ms. Memory: 510976K Free: 362317K (71%)
----------------- Invoking toplevel() on ptolemy.moml.MoMLSimpleApplication@3cc8516c
----------------- Done invoking toplevel() on ptolemy.moml.MoMLSimpleApplication@3cc8516c
reloadAllAccessors: .TimeDelayVariableMicrosteps

===========================================================================================
----------------- testing Mon Aug 05 05:24:46 UTC 2019 /home/travis/build/icyphy/ptII/ptolemy/actor/lib/test/auto/TimeGap.xml
----------------- Instantiating /home/travis/build/icyphy/ptII/ptolemy/actor/lib/test/auto/TimeGap.xml
2 ms. Memory: 510976K Free: 357167K (70%)
----------------- Invoking toplevel() on ptolemy.moml.MoMLSimpleApplication@539ca74e
----------------- Done invoking toplevel() on ptolemy.moml.MoMLSimpleApplication@539ca74e
reloadAllAccessors: .TimeGap

===========================================================================================
----------------- testing Mon Aug 05 05:24:46 UTC 2019 /home/travis/build/icyphy/ptII/ptolemy/actor/lib/test/auto/TimeGap2.xml
----------------- Instantiating /home/travis/build/icyphy/ptII/ptolemy/actor/lib/test/auto/TimeGap2.xml
2 ms. Memory: 510976K Free: 351047K (69%)
----------------- Invoking toplevel() on ptolemy.moml.MoMLSimpleApplication@17349538
----------------- Done invoking toplevel() on ptolemy.moml.MoMLSimpleApplication@17349538
reloadAllAccessors: .TimeGap2

===========================================================================================
----------------- testing Mon Aug 05 05:24:46 UTC 2019 /home/travis/build/icyphy/ptII/ptolemy/actor/lib/test/auto/TimedSinewave.xml
----------------- Instantiating /home/travis/build/icyphy/ptII/ptolemy/actor/lib/test/auto/TimedSinewave.xml
26 ms. Memory: 510976K Free: 337231K (66%)
----------------- Invoking toplevel() on ptolemy.moml.MoMLSimpleApplication@595100af
----------------- Done invoking toplevel() on ptolemy.moml.MoMLSimpleApplication@595100af
reloadAllAccessors: .TimedSinewave

===========================================================================================
----------------- testing Mon Aug 05 05:24:47 UTC 2019 /home/travis/build/icyphy/ptII/ptolemy/actor/lib/test/auto/TimedSinewavePhase.xml
----------------- Instantiating /home/travis/build/icyphy/ptII/ptolemy/actor/lib/test/auto/TimedSinewavePhase.xml
11 ms. Memory: 510976K Free: 327501K (64%)
----------------- Invoking toplevel() on ptolemy.moml.MoMLSimpleApplication@4ad5b7bf
----------------- Done invoking toplevel() on ptolemy.moml.MoMLSimpleApplication@4ad5b7bf
reloadAllAccessors: .TimedSinewavePhase

===========================================================================================
----------------- testing Mon Aug 05 05:24:47 UTC 2019 /home/travis/build/icyphy/ptII/ptolemy/actor/lib/test/auto/Timer.xml
----------------- Instantiating /home/travis/build/icyphy/ptII/ptolemy/actor/lib/test/auto/Timer.xml
2 ms. Memory: 510976K Free: 321351K (63%)
----------------- Invoking toplevel() on ptolemy.moml.MoMLSimpleApplication@4f75527
----------------- Done invoking toplevel() on ptolemy.moml.MoMLSimpleApplication@4f75527
reloadAllAccessors: .Timer

===========================================================================================
----------------- testing Mon Aug 05 05:24:47 UTC 2019 /home/travis/build/icyphy/ptII/ptolemy/actor/lib/test/auto/TriangularDistTestModel.xml
----------------- Instantiating /home/travis/build/icyphy/ptII/ptolemy/actor/lib/test/auto/TriangularDistTestModel.xml
2 ms. Memory: 510976K Free: 315727K (62%)
----------------- Invoking toplevel() on ptolemy.moml.MoMLSimpleApplication@2d0b8cdc
----------------- Done invoking toplevel() on ptolemy.moml.MoMLSimpleApplication@2d0b8cdc
reloadAllAccessors: .TriangularDistTestModel

===========================================================================================
----------------- testing Mon Aug 05 05:24:47 UTC 2019 /home/travis/build/icyphy/ptII/ptolemy/actor/lib/test/auto/TrigFunction.xml
----------------- Instantiating /home/travis/build/icyphy/ptII/ptolemy/actor/lib/test/auto/TrigFunction.xml
2 ms. Memory: 510976K Free: 310607K (61%)
----------------- Invoking toplevel() on ptolemy.moml.MoMLSimpleApplication@722a4011
----------------- Done invoking toplevel() on ptolemy.moml.MoMLSimpleApplication@722a4011
reloadAllAccessors: .TrigFunction

===========================================================================================
----------------- testing Mon Aug 05 05:24:47 UTC 2019 /home/travis/build/icyphy/ptII/ptolemy/actor/lib/test/auto/TrigFunctionDE.xml
----------------- Instantiating /home/travis/build/icyphy/ptII/ptolemy/actor/lib/test/auto/TrigFunctionDE.xml
2 ms. Memory: 510976K Free: 304973K (60%)
----------------- Invoking toplevel() on ptolemy.moml.MoMLSimpleApplication@24d8afe7
----------------- Done invoking toplevel() on ptolemy.moml.MoMLSimpleApplication@24d8afe7
reloadAllAccessors: .TrigFunctionDE

===========================================================================================
----------------- testing Mon Aug 05 05:24:47 UTC 2019 /home/travis/build/icyphy/ptII/ptolemy/actor/lib/test/auto/TrigFunctionInverse.xml
----------------- Instantiating /home/travis/build/icyphy/ptII/ptolemy/actor/lib/test/auto/TrigFunctionInverse.xml
2 ms. Memory: 510976K Free: 299343K (59%)
----------------- Invoking toplevel() on ptolemy.moml.MoMLSimpleApplication@7cabea49
----------------- Done invoking toplevel() on ptolemy.moml.MoMLSimpleApplication@7cabea49
reloadAllAccessors: .TrigFunctionInverse

===========================================================================================
----------------- testing Mon Aug 05 05:24:47 UTC 2019 /home/travis/build/icyphy/ptII/ptolemy/actor/lib/test/auto/TrigFunctionTan.xml
----------------- Instantiating /home/travis/build/icyphy/ptII/ptolemy/actor/lib/test/auto/TrigFunctionTan.xml
1 ms. Memory: 510976K Free: 294733K (58%)
----------------- Invoking toplevel() on ptolemy.moml.MoMLSimpleApplication@2e923092
----------------- Done invoking toplevel() on ptolemy.moml.MoMLSimpleApplication@2e923092
reloadAllAccessors: .TrigFunctionTan

===========================================================================================
----------------- testing Mon Aug 05 05:24:47 UTC 2019 /home/travis/build/icyphy/ptII/ptolemy/actor/lib/test/auto/TriggeredClock.xml
----------------- Instantiating /home/travis/build/icyphy/ptII/ptolemy/actor/lib/test/auto/TriggeredClock.xml
2 ms. Memory: 510976K Free: 289607K (57%)
----------------- Invoking toplevel() on ptolemy.moml.MoMLSimpleApplication@554b186b
----------------- Done invoking toplevel() on ptolemy.moml.MoMLSimpleApplication@554b186b
reloadAllAccessors: .TriggeredClock

===========================================================================================
----------------- testing Mon Aug 05 05:24:47 UTC 2019 /home/travis/build/icyphy/ptII/ptolemy/actor/lib/test/auto/URLDirectoryReader.xml
----------------- Instantiating /home/travis/build/icyphy/ptII/ptolemy/actor/lib/test/auto/URLDirectoryReader.xml
34 ms. Memory: 510976K Free: 279887K (55%)
----------------- Invoking toplevel() on ptolemy.moml.MoMLSimpleApplication@6ae12b0b
----------------- Done invoking toplevel() on ptolemy.moml.MoMLSimpleApplication@6ae12b0b
reloadAllAccessors: .URLDirectoryReader

===========================================================================================
----------------- testing Mon Aug 05 05:24:47 UTC 2019 /home/travis/build/icyphy/ptII/ptolemy/actor/lib/test/auto/URLDirectoryReader3.xml
----------------- Instantiating /home/travis/build/icyphy/ptII/ptolemy/actor/lib/test/auto/URLDirectoryReader3.xml
1143 ms. Memory: 510976K Free: 452378K (89%)
----------------- Invoking toplevel() on ptolemy.moml.MoMLSimpleApplication@428a0761
----------------- Done invoking toplevel() on ptolemy.moml.MoMLSimpleApplication@428a0761
reloadAllAccessors: .URLDirectoryReader3

===========================================================================================
----------------- testing Mon Aug 05 05:24:48 UTC 2019 /home/travis/build/icyphy/ptII/ptolemy/actor/lib/test/auto/UnaryMathFunction.xml
----------------- Instantiating /home/travis/build/icyphy/ptII/ptolemy/actor/lib/test/auto/UnaryMathFunction.xml
3 ms. Memory: 510976K Free: 444597K (87%)
----------------- Invoking toplevel() on ptolemy.moml.MoMLSimpleApplication@3f0ddd8d
----------------- Done invoking toplevel() on ptolemy.moml.MoMLSimpleApplication@3f0ddd8d
reloadAllAccessors: .UnaryMathFunction

===========================================================================================
----------------- testing Mon Aug 05 05:24:48 UTC 2019 /home/travis/build/icyphy/ptII/ptolemy/actor/lib/test/auto/Uniform.xml
----------------- Instantiating /home/travis/build/icyphy/ptII/ptolemy/actor/lib/test/auto/Uniform.xml
2 ms. Memory: 510976K Free: 439991K (86%)
----------------- Invoking toplevel() on ptolemy.moml.MoMLSimpleApplication@5b411c47
----------------- Done invoking toplevel() on ptolemy.moml.MoMLSimpleApplication@5b411c47
reloadAllAccessors: .Uniform

===========================================================================================
----------------- testing Mon Aug 05 05:24:48 UTC 2019 /home/travis/build/icyphy/ptII/ptolemy/actor/lib/test/auto/UnionDisassemblerTest.xml
----------------- Instantiating /home/travis/build/icyphy/ptII/ptolemy/actor/lib/test/auto/UnionDisassemblerTest.xml
8 ms. Memory: 510976K Free: 435895K (85%)
----------------- Invoking toplevel() on ptolemy.moml.MoMLSimpleApplication@67b3031d
----------------- Done invoking toplevel() on ptolemy.moml.MoMLSimpleApplication@67b3031d
reloadAllAccessors: .UnionDisassemblerTest

===========================================================================================
----------------- testing Mon Aug 05 05:24:48 UTC 2019 /home/travis/build/icyphy/ptII/ptolemy/actor/lib/test/auto/UtilityFunctions.xml
----------------- Instantiating /home/travis/build/icyphy/ptII/ptolemy/actor/lib/test/auto/UtilityFunctions.xml
1 ms. Memory: 510976K Free: 431799K (85%)
----------------- Invoking toplevel() on ptolemy.moml.MoMLSimpleApplication@ae24305
----------------- Done invoking toplevel() on ptolemy.moml.MoMLSimpleApplication@ae24305
reloadAllAccessors: .UtilityFunctions

===========================================================================================
----------------- testing Mon Aug 05 05:24:48 UTC 2019 /home/travis/build/icyphy/ptII/ptolemy/actor/lib/test/auto/VariableSleep.xml
----------------- Instantiating /home/travis/build/icyphy/ptII/ptolemy/actor/lib/test/auto/VariableSleep.xml
503 ms. Memory: 510976K Free: 426165K (83%)
----------------- Invoking toplevel() on ptolemy.moml.MoMLSimpleApplication@4747b31e
----------------- Done invoking toplevel() on ptolemy.moml.MoMLSimpleApplication@4747b31e
reloadAllAccessors: .VariableSleep

===========================================================================================
----------------- testing Mon Aug 05 05:24:49 UTC 2019 /home/travis/build/icyphy/ptII/ptolemy/actor/lib/test/auto/VectorAssemblerDisassemblerCT.xml
----------------- Instantiating /home/travis/build/icyphy/ptII/ptolemy/actor/lib/test/auto/VectorAssemblerDisassemblerCT.xml
69 ms. Memory: 510976K Free: 405685K (79%)
----------------- Invoking toplevel() on ptolemy.moml.MoMLSimpleApplication@21ad7f8
----------------- Done invoking toplevel() on ptolemy.moml.MoMLSimpleApplication@21ad7f8
reloadAllAccessors: .VectorAssemblerDisassemblerCT

===========================================================================================
----------------- testing Mon Aug 05 05:24:49 UTC 2019 /home/travis/build/icyphy/ptII/ptolemy/actor/lib/test/auto/VectorAssemblerDisassemblerDE.xml
----------------- Instantiating /home/travis/build/icyphy/ptII/ptolemy/actor/lib/test/auto/VectorAssemblerDisassemblerDE.xml
3 ms. Memory: 510976K Free: 398517K (78%)
----------------- Invoking toplevel() on ptolemy.moml.MoMLSimpleApplication@24c6eab5
----------------- Done invoking toplevel() on ptolemy.moml.MoMLSimpleApplication@24c6eab5
reloadAllAccessors: .VectorAssemblerDisassemblerDE

===========================================================================================
----------------- testing Mon Aug 05 05:24:49 UTC 2019 /home/travis/build/icyphy/ptII/ptolemy/actor/lib/test/auto/VectorAssemblerDisassemblerSDF.xml
----------------- Instantiating /home/travis/build/icyphy/ptII/ptolemy/actor/lib/test/auto/VectorAssemblerDisassemblerSDF.xml
2 ms. Memory: 510976K Free: 391863K (77%)
----------------- Invoking toplevel() on ptolemy.moml.MoMLSimpleApplication@75070ef4
----------------- Done invoking toplevel() on ptolemy.moml.MoMLSimpleApplication@75070ef4
reloadAllAccessors: .VectorAssemblerDisassemblerSDF

===========================================================================================
----------------- testing Mon Aug 05 05:24:49 UTC 2019 /home/travis/build/icyphy/ptII/ptolemy/actor/lib/test/auto/WallClockTime.xml
----------------- Instantiating /home/travis/build/icyphy/ptII/ptolemy/actor/lib/test/auto/WallClockTime.xml
1006 ms. Memory: 510976K Free: 386743K (76%)
----------------- Invoking toplevel() on ptolemy.moml.MoMLSimpleApplication@71587b16
----------------- Done invoking toplevel() on ptolemy.moml.MoMLSimpleApplication@71587b16
reloadAllAccessors: .WallClockTime

===========================================================================================
----------------- testing Mon Aug 05 05:24:50 UTC 2019 /home/travis/build/icyphy/ptII/ptolemy/actor/lib/test/auto/WidthTestWithSubscriberPublisher.xml
----------------- Instantiating /home/travis/build/icyphy/ptII/ptolemy/actor/lib/test/auto/WidthTestWithSubscriberPublisher.xml
9 ms. Memory: 510976K Free: 368821K (72%)
----------------- Invoking toplevel() on ptolemy.moml.MoMLSimpleApplication@65c0bbf7
----------------- Done invoking toplevel() on ptolemy.moml.MoMLSimpleApplication@65c0bbf7
reloadAllAccessors: .WidthTestWithSubscriberPublisher

===========================================================================================
----------------- testing Mon Aug 05 05:24:50 UTC 2019 /home/travis/build/icyphy/ptII/ptolemy/actor/lib/test/auto/WidthTestWithSubscriberPublisher2.xml
----------------- Instantiating /home/travis/build/icyphy/ptII/ptolemy/actor/lib/test/auto/WidthTestWithSubscriberPublisher2.xml
3 ms. Memory: 510976K Free: 362167K (71%)
----------------- Invoking toplevel() on ptolemy.moml.MoMLSimpleApplication@4155919e
----------------- Done invoking toplevel() on ptolemy.moml.MoMLSimpleApplication@4155919e
reloadAllAccessors: .WidthTestWithSubscriberPublisher2

===========================================================================================
----------------- testing Mon Aug 05 05:24:50 UTC 2019 /home/travis/build/icyphy/ptII/ptolemy/actor/lib/test/auto/WidthTestWithSubscriberPublisher3.xml
----------------- Instantiating /home/travis/build/icyphy/ptII/ptolemy/actor/lib/test/auto/WidthTestWithSubscriberPublisher3.xml
2 ms. Memory: 510976K Free: 356533K (70%)
----------------- Invoking toplevel() on ptolemy.moml.MoMLSimpleApplication@16d40420
----------------- Done invoking toplevel() on ptolemy.moml.MoMLSimpleApplication@16d40420
reloadAllAccessors: .WidthTestWithSubscriberPublisher3

===========================================================================================
----------------- testing Mon Aug 05 05:24:50 UTC 2019 /home/travis/build/icyphy/ptII/ptolemy/actor/lib/test/auto/Writer.xml
----------------- Instantiating /home/travis/build/icyphy/ptII/ptolemy/actor/lib/test/auto/Writer.xml
0
1
2
3
4
2 ms. Memory: 510976K Free: 352423K (69%)
----------------- Invoking toplevel() on ptolemy.moml.MoMLSimpleApplication@6fce7712
----------------- Done invoking toplevel() on ptolemy.moml.MoMLSimpleApplication@6fce7712
reloadAllAccessors: .Writer

===========================================================================================
----------------- testing Mon Aug 05 05:24:50 UTC 2019 /home/travis/build/icyphy/ptII/ptolemy/actor/lib/test/auto/array.xml
----------------- Instantiating /home/travis/build/icyphy/ptII/ptolemy/actor/lib/test/auto/array.xml
2 ms. Memory: 510976K Free: 347317K (68%)
----------------- Invoking toplevel() on ptolemy.moml.MoMLSimpleApplication@77e54f7e
----------------- Done invoking toplevel() on ptolemy.moml.MoMLSimpleApplication@77e54f7e
reloadAllAccessors: .array

===========================================================================================
----------------- testing Mon Aug 05 05:24:50 UTC 2019 /home/travis/build/icyphy/ptII/ptolemy/actor/lib/test/auto/array2.xml
----------------- Instantiating /home/travis/build/icyphy/ptII/ptolemy/actor/lib/test/auto/array2.xml
10 ms. Memory: 510976K Free: 342711K (67%)
----------------- Invoking toplevel() on ptolemy.moml.MoMLSimpleApplication@7bde1296
----------------- Done invoking toplevel() on ptolemy.moml.MoMLSimpleApplication@7bde1296
reloadAllAccessors: .array2

===========================================================================================
----------------- testing Mon Aug 05 05:24:50 UTC 2019 /home/travis/build/icyphy/ptII/ptolemy/actor/lib/test/auto/arrayType.xml
----------------- Instantiating /home/travis/build/icyphy/ptII/ptolemy/actor/lib/test/auto/arrayType.xml
2 ms. Memory: 510976K Free: 337591K (66%)
----------------- Invoking toplevel() on ptolemy.moml.MoMLSimpleApplication@7b0de886
----------------- Done invoking toplevel() on ptolemy.moml.MoMLSimpleApplication@7b0de886
reloadAllAccessors: .arrayType

===========================================================================================
----------------- testing Mon Aug 05 05:24:50 UTC 2019 /home/travis/build/icyphy/ptII/ptolemy/actor/lib/test/auto/arrayType10.xml
----------------- Instantiating /home/travis/build/icyphy/ptII/ptolemy/actor/lib/test/auto/arrayType10.xml
2 ms. Memory: 510976K Free: 332471K (65%)
----------------- Invoking toplevel() on ptolemy.moml.MoMLSimpleApplication@6eee8196
----------------- Done invoking toplevel() on ptolemy.moml.MoMLSimpleApplication@6eee8196
reloadAllAccessors: .arrayType10

===========================================================================================
----------------- testing Mon Aug 05 05:24:50 UTC 2019 /home/travis/build/icyphy/ptII/ptolemy/actor/lib/test/auto/arrayType11.xml
----------------- Instantiating /home/travis/build/icyphy/ptII/ptolemy/actor/lib/test/auto/arrayType11.xml
1 ms. Memory: 510976K Free: 327861K (64%)
----------------- Invoking toplevel() on ptolemy.moml.MoMLSimpleApplication@3a2c4012
----------------- Done invoking toplevel() on ptolemy.moml.MoMLSimpleApplication@3a2c4012
reloadAllAccessors: .arrayType11

===========================================================================================
----------------- testing Mon Aug 05 05:24:50 UTC 2019 /home/travis/build/icyphy/ptII/ptolemy/actor/lib/test/auto/arrayType12.xml
----------------- Instantiating /home/travis/build/icyphy/ptII/ptolemy/actor/lib/test/auto/arrayType12.xml
2 ms. Memory: 510976K Free: 323255K (63%)
----------------- Invoking toplevel() on ptolemy.moml.MoMLSimpleApplication@40ae1773
----------------- Done invoking toplevel() on ptolemy.moml.MoMLSimpleApplication@40ae1773
reloadAllAccessors: .arrayType12

===========================================================================================
----------------- testing Mon Aug 05 05:24:50 UTC 2019 /home/travis/build/icyphy/ptII/ptolemy/actor/lib/test/auto/arrayType13.xml
----------------- Instantiating /home/travis/build/icyphy/ptII/ptolemy/actor/lib/test/auto/arrayType13.xml
2 ms. Memory: 510976K Free: 317621K (62%)
----------------- Invoking toplevel() on ptolemy.moml.MoMLSimpleApplication@59af8b12
----------------- Done invoking toplevel() on ptolemy.moml.MoMLSimpleApplication@59af8b12
reloadAllAccessors: .arrayType13

===========================================================================================
----------------- testing Mon Aug 05 05:24:50 UTC 2019 /home/travis/build/icyphy/ptII/ptolemy/actor/lib/test/auto/arrayType14.xml
----------------- Instantiating /home/travis/build/icyphy/ptII/ptolemy/actor/lib/test/auto/arrayType14.xml
1 ms. Memory: 510976K Free: 312487K (61%)
----------------- Invoking toplevel() on ptolemy.moml.MoMLSimpleApplication@49396cdf
----------------- Done invoking toplevel() on ptolemy.moml.MoMLSimpleApplication@49396cdf
reloadAllAccessors: .arrayType14

===========================================================================================
----------------- testing Mon Aug 05 05:24:50 UTC 2019 /home/travis/build/icyphy/ptII/ptolemy/actor/lib/test/auto/arrayType15.xml
----------------- Instantiating /home/travis/build/icyphy/ptII/ptolemy/actor/lib/test/auto/arrayType15.xml
3 ms. Memory: 510976K Free: 307381K (60%)
----------------- Invoking toplevel() on ptolemy.moml.MoMLSimpleApplication@645fbc6e
----------------- Done invoking toplevel() on ptolemy.moml.MoMLSimpleApplication@645fbc6e
reloadAllAccessors: .arrayType15

===========================================================================================
----------------- testing Mon Aug 05 05:24:50 UTC 2019 /home/travis/build/icyphy/ptII/ptolemy/actor/lib/test/auto/arrayType16.xml
----------------- Instantiating /home/travis/build/icyphy/ptII/ptolemy/actor/lib/test/auto/arrayType16.xml
2 ms. Memory: 510976K Free: 301751K (59%)
----------------- Invoking toplevel() on ptolemy.moml.MoMLSimpleApplication@6b90e7e6
----------------- Done invoking toplevel() on ptolemy.moml.MoMLSimpleApplication@6b90e7e6
reloadAllAccessors: .arrayType16

===========================================================================================
----------------- testing Mon Aug 05 05:24:50 UTC 2019 /home/travis/build/icyphy/ptII/ptolemy/actor/lib/test/auto/arrayType17.xml
----------------- Instantiating /home/travis/build/icyphy/ptII/ptolemy/actor/lib/test/auto/arrayType17.xml
1 ms. Memory: 510976K Free: 296631K (58%)
----------------- Invoking toplevel() on ptolemy.moml.MoMLSimpleApplication@69c22a93
----------------- Done invoking toplevel() on ptolemy.moml.MoMLSimpleApplication@69c22a93
reloadAllAccessors: .arrayType17

===========================================================================================
----------------- testing Mon Aug 05 05:24:50 UTC 2019 /home/travis/build/icyphy/ptII/ptolemy/actor/lib/test/auto/arrayType18.xml
----------------- Instantiating /home/travis/build/icyphy/ptII/ptolemy/actor/lib/test/auto/arrayType18.xml
2 ms. Memory: 510976K Free: 292021K (57%)
----------------- Invoking toplevel() on ptolemy.moml.MoMLSimpleApplication@18d739ae
----------------- Done invoking toplevel() on ptolemy.moml.MoMLSimpleApplication@18d739ae
reloadAllAccessors: .arrayType18

===========================================================================================
----------------- testing Mon Aug 05 05:24:50 UTC 2019 /home/travis/build/icyphy/ptII/ptolemy/actor/lib/test/auto/arrayType19.xml
----------------- Instantiating /home/travis/build/icyphy/ptII/ptolemy/actor/lib/test/auto/arrayType19.xml
1 ms. Memory: 510976K Free: 286901K (56%)
----------------- Invoking toplevel() on ptolemy.moml.MoMLSimpleApplication@61294f50
----------------- Done invoking toplevel() on ptolemy.moml.MoMLSimpleApplication@61294f50
reloadAllAccessors: .arrayType19

===========================================================================================
----------------- testing Mon Aug 05 05:24:50 UTC 2019 /home/travis/build/icyphy/ptII/ptolemy/actor/lib/test/auto/arrayType2.xml
----------------- Instantiating /home/travis/build/icyphy/ptII/ptolemy/actor/lib/test/auto/arrayType2.xml
2 ms. Memory: 510976K Free: 281781K (55%)
----------------- Invoking toplevel() on ptolemy.moml.MoMLSimpleApplication@6b84f36a
----------------- Done invoking toplevel() on ptolemy.moml.MoMLSimpleApplication@6b84f36a
reloadAllAccessors: .arrayType2

===========================================================================================
----------------- testing Mon Aug 05 05:24:50 UTC 2019 /home/travis/build/icyphy/ptII/ptolemy/actor/lib/test/auto/arrayType20.xml
----------------- Instantiating /home/travis/build/icyphy/ptII/ptolemy/actor/lib/test/auto/arrayType20.xml
2 ms. Memory: 510976K Free: 277175K (54%)
----------------- Invoking toplevel() on ptolemy.moml.MoMLSimpleApplication@7e970ddd
----------------- Done invoking toplevel() on ptolemy.moml.MoMLSimpleApplication@7e970ddd
reloadAllAccessors: .arrayType20

===========================================================================================
----------------- testing Mon Aug 05 05:24:50 UTC 2019 /home/travis/build/icyphy/ptII/ptolemy/actor/lib/test/auto/arrayType21.xml
----------------- Instantiating /home/travis/build/icyphy/ptII/ptolemy/actor/lib/test/auto/arrayType21.xml
3 ms. Memory: 510976K Free: 272055K (53%)
----------------- Invoking toplevel() on ptolemy.moml.MoMLSimpleApplication@61afdec8
----------------- Done invoking toplevel() on ptolemy.moml.MoMLSimpleApplication@61afdec8
reloadAllAccessors: .arrayType21

===========================================================================================
----------------- testing Mon Aug 05 05:24:50 UTC 2019 /home/travis/build/icyphy/ptII/ptolemy/actor/lib/test/auto/arrayType22.xml
----------------- Instantiating /home/travis/build/icyphy/ptII/ptolemy/actor/lib/test/auto/arrayType22.xml
1 ms. Memory: 510976K Free: 267445K (52%)
----------------- Invoking toplevel() on ptolemy.moml.MoMLSimpleApplication@35743a17
----------------- Done invoking toplevel() on ptolemy.moml.MoMLSimpleApplication@35743a17
reloadAllAccessors: .arrayType22

===========================================================================================
----------------- testing Mon Aug 05 05:24:50 UTC 2019 /home/travis/build/icyphy/ptII/ptolemy/actor/lib/test/auto/arrayType23.xml
----------------- Instantiating /home/travis/build/icyphy/ptII/ptolemy/actor/lib/test/auto/arrayType23.xml
1 ms. Memory: 510976K Free: 262839K (51%)
----------------- Invoking toplevel() on ptolemy.moml.MoMLSimpleApplication@787e0d89
----------------- Done invoking toplevel() on ptolemy.moml.MoMLSimpleApplication@787e0d89
reloadAllAccessors: .arrayType23

===========================================================================================
----------------- testing Mon Aug 05 05:24:50 UTC 2019 /home/travis/build/icyphy/ptII/ptolemy/actor/lib/test/auto/arrayType24.xml
----------------- Instantiating /home/travis/build/icyphy/ptII/ptolemy/actor/lib/test/auto/arrayType24.xml
2 ms. Memory: 510976K Free: 257719K (50%)
----------------- Invoking toplevel() on ptolemy.moml.MoMLSimpleApplication@50f27643
----------------- Done invoking toplevel() on ptolemy.moml.MoMLSimpleApplication@50f27643
reloadAllAccessors: .arrayType24

===========================================================================================
----------------- testing Mon Aug 05 05:24:50 UTC 2019 /home/travis/build/icyphy/ptII/ptolemy/actor/lib/test/auto/arrayType25.xml
----------------- Instantiating /home/travis/build/icyphy/ptII/ptolemy/actor/lib/test/auto/arrayType25.xml
1 ms. Memory: 510976K Free: 252599K (49%)
----------------- Invoking toplevel() on ptolemy.moml.MoMLSimpleApplication@55b2381a
----------------- Done invoking toplevel() on ptolemy.moml.MoMLSimpleApplication@55b2381a
reloadAllAccessors: .arrayType25

===========================================================================================
----------------- testing Mon Aug 05 05:24:50 UTC 2019 /home/travis/build/icyphy/ptII/ptolemy/actor/lib/test/auto/arrayType26.xml
----------------- Instantiating /home/travis/build/icyphy/ptII/ptolemy/actor/lib/test/auto/arrayType26.xml
2 ms. Memory: 510976K Free: 246965K (48%)
----------------- Invoking toplevel() on ptolemy.moml.MoMLSimpleApplication@42fe3009
----------------- Done invoking toplevel() on ptolemy.moml.MoMLSimpleApplication@42fe3009
reloadAllAccessors: .arrayType26

===========================================================================================
----------------- testing Mon Aug 05 05:24:50 UTC 2019 /home/travis/build/icyphy/ptII/ptolemy/actor/lib/test/auto/arrayType27.xml
----------------- Instantiating /home/travis/build/icyphy/ptII/ptolemy/actor/lib/test/auto/arrayType27.xml
1 ms. Memory: 510976K Free: 241831K (47%)
----------------- Invoking toplevel() on ptolemy.moml.MoMLSimpleApplication@258e1237
----------------- Done invoking toplevel() on ptolemy.moml.MoMLSimpleApplication@258e1237
reloadAllAccessors: .arrayType27

===========================================================================================
----------------- testing Mon Aug 05 05:24:50 UTC 2019 /home/travis/build/icyphy/ptII/ptolemy/actor/lib/test/auto/arrayType28.xml
----------------- Instantiating /home/travis/build/icyphy/ptII/ptolemy/actor/lib/test/auto/arrayType28.xml
2 ms. Memory: 510976K Free: 236725K (46%)
----------------- Invoking toplevel() on ptolemy.moml.MoMLSimpleApplication@4af2e287
----------------- Done invoking toplevel() on ptolemy.moml.MoMLSimpleApplication@4af2e287
reloadAllAccessors: .arrayType28

===========================================================================================
----------------- testing Mon Aug 05 05:24:50 UTC 2019 /home/travis/build/icyphy/ptII/ptolemy/actor/lib/test/auto/arrayType3.xml
----------------- Instantiating /home/travis/build/icyphy/ptII/ptolemy/actor/lib/test/auto/arrayType3.xml
1 ms. Memory: 510976K Free: 231095K (45%)
----------------- Invoking toplevel() on ptolemy.moml.MoMLSimpleApplication@fe1f8d
----------------- Done invoking toplevel() on ptolemy.moml.MoMLSimpleApplication@fe1f8d
reloadAllAccessors: .arrayType3

===========================================================================================
----------------- testing Mon Aug 05 05:24:50 UTC 2019 /home/travis/build/icyphy/ptII/ptolemy/actor/lib/test/auto/arrayType4.xml
----------------- Instantiating /home/travis/build/icyphy/ptII/ptolemy/actor/lib/test/auto/arrayType4.xml
2 ms. Memory: 510976K Free: 225975K (44%)
----------------- Invoking toplevel() on ptolemy.moml.MoMLSimpleApplication@619042d3
----------------- Done invoking toplevel() on ptolemy.moml.MoMLSimpleApplication@619042d3
reloadAllAccessors: .arrayType4

===========================================================================================
----------------- testing Mon Aug 05 05:24:50 UTC 2019 /home/travis/build/icyphy/ptII/ptolemy/actor/lib/test/auto/arrayType5.xml
----------------- Instantiating /home/travis/build/icyphy/ptII/ptolemy/actor/lib/test/auto/arrayType5.xml
2 ms. Memory: 510976K Free: 220327K (43%)
----------------- Invoking toplevel() on ptolemy.moml.MoMLSimpleApplication@500ec170
----------------- Done invoking toplevel() on ptolemy.moml.MoMLSimpleApplication@500ec170
reloadAllAccessors: .arrayType5

===========================================================================================
----------------- testing Mon Aug 05 05:24:50 UTC 2019 /home/travis/build/icyphy/ptII/ptolemy/actor/lib/test/auto/arrayType6.xml
----------------- Instantiating /home/travis/build/icyphy/ptII/ptolemy/actor/lib/test/auto/arrayType6.xml
2 ms. Memory: 510976K Free: 215735K (42%)
----------------- Invoking toplevel() on ptolemy.moml.MoMLSimpleApplication@2a19191b
----------------- Done invoking toplevel() on ptolemy.moml.MoMLSimpleApplication@2a19191b
reloadAllAccessors: .arrayType6

===========================================================================================
----------------- testing Mon Aug 05 05:24:50 UTC 2019 /home/travis/build/icyphy/ptII/ptolemy/actor/lib/test/auto/arrayType7.xml
----------------- Instantiating /home/travis/build/icyphy/ptII/ptolemy/actor/lib/test/auto/arrayType7.xml
2 ms. Memory: 510976K Free: 211125K (41%)
----------------- Invoking toplevel() on ptolemy.moml.MoMLSimpleApplication@791d8de0
----------------- Done invoking toplevel() on ptolemy.moml.MoMLSimpleApplication@791d8de0
reloadAllAccessors: .arrayType7

===========================================================================================
----------------- testing Mon Aug 05 05:24:51 UTC 2019 /home/travis/build/icyphy/ptII/ptolemy/actor/lib/test/auto/arrayType8.xml
----------------- Instantiating /home/travis/build/icyphy/ptII/ptolemy/actor/lib/test/auto/arrayType8.xml
7 ms. Memory: 510976K Free: 206005K (40%)
----------------- Invoking toplevel() on ptolemy.moml.MoMLSimpleApplication@79b27da4
----------------- Done invoking toplevel() on ptolemy.moml.MoMLSimpleApplication@79b27da4
reloadAllAccessors: .arrayType8

===========================================================================================
----------------- testing Mon Aug 05 05:24:51 UTC 2019 /home/travis/build/icyphy/ptII/ptolemy/actor/lib/test/auto/arrayType9.xml
----------------- Instantiating /home/travis/build/icyphy/ptII/ptolemy/actor/lib/test/auto/arrayType9.xml
2 ms. Memory: 510976K Free: 201399K (39%)
----------------- Invoking toplevel() on ptolemy.moml.MoMLSimpleApplication@cd989c8
----------------- Done invoking toplevel() on ptolemy.moml.MoMLSimpleApplication@cd989c8
reloadAllAccessors: .arrayType9

===========================================================================================
----------------- testing Mon Aug 05 05:24:51 UTC 2019 /home/travis/build/icyphy/ptII/ptolemy/actor/lib/test/auto/cast.xml
----------------- Instantiating /home/travis/build/icyphy/ptII/ptolemy/actor/lib/test/auto/cast.xml
2 ms. Memory: 510976K Free: 196279K (38%)
----------------- Invoking toplevel() on ptolemy.moml.MoMLSimpleApplication@cc26ee9
----------------- Done invoking toplevel() on ptolemy.moml.MoMLSimpleApplication@cc26ee9
reloadAllAccessors: .cast

===========================================================================================
----------------- testing Mon Aug 05 05:24:51 UTC 2019 /home/travis/build/icyphy/ptII/ptolemy/actor/lib/test/auto/compositeMultiPort.xml
----------------- Instantiating /home/travis/build/icyphy/ptII/ptolemy/actor/lib/test/auto/compositeMultiPort.xml
3 ms. Memory: 510976K Free: 187573K (37%)
----------------- Invoking toplevel() on ptolemy.moml.MoMLSimpleApplication@a146b8a
----------------- Done invoking toplevel() on ptolemy.moml.MoMLSimpleApplication@a146b8a
reloadAllAccessors: .compositeMultiPort

===========================================================================================
----------------- testing Mon Aug 05 05:24:51 UTC 2019 /home/travis/build/icyphy/ptII/ptolemy/actor/lib/test/auto/expressionCastInference.xml
----------------- Instantiating /home/travis/build/icyphy/ptII/ptolemy/actor/lib/test/auto/expressionCastInference.xml
2 ms. Memory: 510976K Free: 182967K (36%)
----------------- Invoking toplevel() on ptolemy.moml.MoMLSimpleApplication@64de0bb4
----------------- Done invoking toplevel() on ptolemy.moml.MoMLSimpleApplication@64de0bb4
reloadAllAccessors: .expressionCastInference

===========================================================================================
----------------- testing Mon Aug 05 05:24:51 UTC 2019 /home/travis/build/icyphy/ptII/ptolemy/actor/lib/test/auto/expressionCastInference2.xml
----------------- Instantiating /home/travis/build/icyphy/ptII/ptolemy/actor/lib/test/auto/expressionCastInference2.xml
2 ms. Memory: 510976K Free: 177847K (35%)
----------------- Invoking toplevel() on ptolemy.moml.MoMLSimpleApplication@543ba4f2
----------------- Done invoking toplevel() on ptolemy.moml.MoMLSimpleApplication@543ba4f2
reloadAllAccessors: .expressionCastInference2

===========================================================================================
----------------- testing Mon Aug 05 05:24:51 UTC 2019 /home/travis/build/icyphy/ptII/ptolemy/actor/lib/test/auto/expressionInference.xml
----------------- Instantiating /home/travis/build/icyphy/ptII/ptolemy/actor/lib/test/auto/expressionInference.xml
2 ms. Memory: 510976K Free: 173751K (34%)
----------------- Invoking toplevel() on ptolemy.moml.MoMLSimpleApplication@2bf4141e
----------------- Done invoking toplevel() on ptolemy.moml.MoMLSimpleApplication@2bf4141e
reloadAllAccessors: .expressionInference

===========================================================================================
----------------- testing Mon Aug 05 05:24:51 UTC 2019 /home/travis/build/icyphy/ptII/ptolemy/actor/lib/test/auto/expression_bug.xml
----------------- Instantiating /home/travis/build/icyphy/ptII/ptolemy/actor/lib/test/auto/expression_bug.xml
1 ms. Memory: 510976K Free: 169141K (33%)
----------------- Invoking toplevel() on ptolemy.moml.MoMLSimpleApplication@234e72d0
----------------- Done invoking toplevel() on ptolemy.moml.MoMLSimpleApplication@234e72d0
reloadAllAccessors: .expression_bug

===========================================================================================
----------------- testing Mon Aug 05 05:24:51 UTC 2019 /home/travis/build/icyphy/ptII/ptolemy/actor/lib/test/auto/factorial.xml
----------------- Instantiating /home/travis/build/icyphy/ptII/ptolemy/actor/lib/test/auto/factorial.xml
32 ms. Memory: 510976K Free: 160439K (31%)
----------------- Invoking toplevel() on ptolemy.moml.MoMLSimpleApplication@4c825590
----------------- Done invoking toplevel() on ptolemy.moml.MoMLSimpleApplication@4c825590
reloadAllAccessors: .factorial

===========================================================================================
----------------- testing Mon Aug 05 05:24:51 UTC 2019 /home/travis/build/icyphy/ptII/ptolemy/actor/lib/test/auto/filterTest1.xml
----------------- Instantiating /home/travis/build/icyphy/ptII/ptolemy/actor/lib/test/auto/filterTest1.xml
4 ms. Memory: 510976K Free: 454781K (89%)
----------------- Invoking toplevel() on ptolemy.moml.MoMLSimpleApplication@768e5722
----------------- Done invoking toplevel() on ptolemy.moml.MoMLSimpleApplication@768e5722
reloadAllAccessors: .filterTest1

===========================================================================================
----------------- testing Mon Aug 05 05:24:51 UTC 2019 /home/travis/build/icyphy/ptII/ptolemy/actor/lib/test/auto/funcApplyInConst.xml
----------------- Instantiating /home/travis/build/icyphy/ptII/ptolemy/actor/lib/test/auto/funcApplyInConst.xml
1 ms. Memory: 510976K Free: 450685K (88%)
----------------- Invoking toplevel() on ptolemy.moml.MoMLSimpleApplication@e2e37ee
----------------- Done invoking toplevel() on ptolemy.moml.MoMLSimpleApplication@e2e37ee
reloadAllAccessors: .funcApplyInConst

===========================================================================================
----------------- testing Mon Aug 05 05:24:51 UTC 2019 /home/travis/build/icyphy/ptII/ptolemy/actor/lib/test/auto/funcApplyInExpr.xml
----------------- Instantiating /home/travis/build/icyphy/ptII/ptolemy/actor/lib/test/auto/funcApplyInExpr.xml
1 ms. Memory: 510976K Free: 447099K (87%)
----------------- Invoking toplevel() on ptolemy.moml.MoMLSimpleApplication@1ff9aa7b
----------------- Done invoking toplevel() on ptolemy.moml.MoMLSimpleApplication@1ff9aa7b
reloadAllAccessors: .funcApplyInExpr

===========================================================================================
----------------- testing Mon Aug 05 05:24:51 UTC 2019 /home/travis/build/icyphy/ptII/ptolemy/actor/lib/test/auto/function.xml
----------------- Instantiating /home/travis/build/icyphy/ptII/ptolemy/actor/lib/test/auto/function.xml
3 ms. Memory: 510976K Free: 441979K (86%)
----------------- Invoking toplevel() on ptolemy.moml.MoMLSimpleApplication@61dee6d2
----------------- Done invoking toplevel() on ptolemy.moml.MoMLSimpleApplication@61dee6d2
reloadAllAccessors: .function

===========================================================================================
----------------- testing Mon Aug 05 05:24:51 UTC 2019 /home/travis/build/icyphy/ptII/ptolemy/actor/lib/test/auto/function2.xml
----------------- Instantiating /home/travis/build/icyphy/ptII/ptolemy/actor/lib/test/auto/function2.xml
3 ms. Memory: 510976K Free: 437373K (86%)
----------------- Invoking toplevel() on ptolemy.moml.MoMLSimpleApplication@59115953
----------------- Done invoking toplevel() on ptolemy.moml.MoMLSimpleApplication@59115953
reloadAllAccessors: .function2

===========================================================================================
----------------- testing Mon Aug 05 05:24:51 UTC 2019 /home/travis/build/icyphy/ptII/ptolemy/actor/lib/test/auto/function3.xml
----------------- Instantiating /home/travis/build/icyphy/ptII/ptolemy/actor/lib/test/auto/function3.xml
2 ms. Memory: 510976K Free: 433277K (85%)
----------------- Invoking toplevel() on ptolemy.moml.MoMLSimpleApplication@43333d58
----------------- Done invoking toplevel() on ptolemy.moml.MoMLSimpleApplication@43333d58
reloadAllAccessors: .function3

===========================================================================================
----------------- testing Mon Aug 05 05:24:51 UTC 2019 /home/travis/build/icyphy/ptII/ptolemy/actor/lib/test/auto/functionClosureTest1.xml
----------------- Instantiating /home/travis/build/icyphy/ptII/ptolemy/actor/lib/test/auto/functionClosureTest1.xml
2 ms. Memory: 510976K Free: 427636K (84%)
----------------- Invoking toplevel() on ptolemy.moml.MoMLSimpleApplication@678a1b9a
----------------- Done invoking toplevel() on ptolemy.moml.MoMLSimpleApplication@678a1b9a
reloadAllAccessors: .functionClosureTest1

===========================================================================================
----------------- testing Mon Aug 05 05:24:51 UTC 2019 /home/travis/build/icyphy/ptII/ptolemy/actor/lib/test/auto/functionClosureTest2.xml
----------------- Instantiating /home/travis/build/icyphy/ptII/ptolemy/actor/lib/test/auto/functionClosureTest2.xml
2 ms. Memory: 510976K Free: 423547K (83%)
----------------- Invoking toplevel() on ptolemy.moml.MoMLSimpleApplication@17f25128
----------------- Done invoking toplevel() on ptolemy.moml.MoMLSimpleApplication@17f25128
reloadAllAccessors: .functionClosureTest2

===========================================================================================
----------------- testing Mon Aug 05 05:24:51 UTC 2019 /home/travis/build/icyphy/ptII/ptolemy/actor/lib/test/auto/functionClosureTest3.xml
----------------- Instantiating /home/travis/build/icyphy/ptII/ptolemy/actor/lib/test/auto/functionClosureTest3.xml
2 ms. Memory: 510976K Free: 418427K (82%)
----------------- Invoking toplevel() on ptolemy.moml.MoMLSimpleApplication@2e53de61
----------------- Done invoking toplevel() on ptolemy.moml.MoMLSimpleApplication@2e53de61
reloadAllAccessors: .functionClosureTest3

===========================================================================================
----------------- testing Mon Aug 05 05:24:51 UTC 2019 /home/travis/build/icyphy/ptII/ptolemy/actor/lib/test/auto/functionClosureTest4.xml
----------------- Instantiating /home/travis/build/icyphy/ptII/ptolemy/actor/lib/test/auto/functionClosureTest4.xml
4 ms. Memory: 510976K Free: 412283K (81%)
----------------- Invoking toplevel() on ptolemy.moml.MoMLSimpleApplication@15a09a37
----------------- Done invoking toplevel() on ptolemy.moml.MoMLSimpleApplication@15a09a37
reloadAllAccessors: .functionClosureTest4

===========================================================================================
----------------- testing Mon Aug 05 05:24:51 UTC 2019 /home/travis/build/icyphy/ptII/ptolemy/actor/lib/test/auto/functionClosureTest5.xml
----------------- Instantiating /home/travis/build/icyphy/ptII/ptolemy/actor/lib/test/auto/functionClosureTest5.xml
5 ms. Memory: 510976K Free: 406653K (80%)
----------------- Invoking toplevel() on ptolemy.moml.MoMLSimpleApplication@3172605e
----------------- Done invoking toplevel() on ptolemy.moml.MoMLSimpleApplication@3172605e
reloadAllAccessors: .functionClosureTest5

===========================================================================================
----------------- testing Mon Aug 05 05:24:51 UTC 2019 /home/travis/build/icyphy/ptII/ptolemy/actor/lib/test/auto/functionClosureTest6.xml
----------------- Instantiating /home/travis/build/icyphy/ptII/ptolemy/actor/lib/test/auto/functionClosureTest6.xml
1 ms. Memory: 510976K Free: 402036K (79%)
----------------- Invoking toplevel() on ptolemy.moml.MoMLSimpleApplication@4131f27f
----------------- Done invoking toplevel() on ptolemy.moml.MoMLSimpleApplication@4131f27f
reloadAllAccessors: .functionClosureTest6

===========================================================================================
----------------- testing Mon Aug 05 05:24:51 UTC 2019 /home/travis/build/icyphy/ptII/ptolemy/actor/lib/test/auto/functionsOnArcs.xml
----------------- Instantiating /home/travis/build/icyphy/ptII/ptolemy/actor/lib/test/auto/functionsOnArcs.xml
4 ms. Memory: 510976K Free: 396413K (78%)
----------------- Invoking toplevel() on ptolemy.moml.MoMLSimpleApplication@19cccb07
----------------- Done invoking toplevel() on ptolemy.moml.MoMLSimpleApplication@19cccb07
reloadAllAccessors: .functionsOnArcs

===========================================================================================
----------------- testing Mon Aug 05 05:24:51 UTC 2019 /home/travis/build/icyphy/ptII/ptolemy/actor/lib/test/auto/functionsOnArcsHOF.xml
----------------- Instantiating /home/travis/build/icyphy/ptII/ptolemy/actor/lib/test/auto/functionsOnArcsHOF.xml
4 ms. Memory: 510976K Free: 390779K (76%)
----------------- Invoking toplevel() on ptolemy.moml.MoMLSimpleApplication@61e5d33
----------------- Done invoking toplevel() on ptolemy.moml.MoMLSimpleApplication@61e5d33
reloadAllAccessors: .functionsOnArcsHOF

===========================================================================================
----------------- testing Mon Aug 05 05:24:51 UTC 2019 /home/travis/build/icyphy/ptII/ptolemy/actor/lib/test/auto/logic.xml
----------------- Instantiating /home/travis/build/icyphy/ptII/ptolemy/actor/lib/test/auto/logic.xml
2 ms. Memory: 510976K Free: 383101K (75%)
----------------- Invoking toplevel() on ptolemy.moml.MoMLSimpleApplication@6c4bc5ca
----------------- Done invoking toplevel() on ptolemy.moml.MoMLSimpleApplication@6c4bc5ca
reloadAllAccessors: .logic

===========================================================================================
----------------- testing Mon Aug 05 05:24:51 UTC 2019 /home/travis/build/icyphy/ptII/ptolemy/actor/lib/test/auto/matrixType.xml
----------------- Instantiating /home/travis/build/icyphy/ptII/ptolemy/actor/lib/test/auto/matrixType.xml
2 ms. Memory: 510976K Free: 378491K (74%)
----------------- Invoking toplevel() on ptolemy.moml.MoMLSimpleApplication@35370081
----------------- Done invoking toplevel() on ptolemy.moml.MoMLSimpleApplication@35370081
reloadAllAccessors: .matrixType

===========================================================================================
----------------- testing Mon Aug 05 05:24:51 UTC 2019 /home/travis/build/icyphy/ptII/ptolemy/actor/lib/test/auto/matrixType10.xml
----------------- Instantiating /home/travis/build/icyphy/ptII/ptolemy/actor/lib/test/auto/matrixType10.xml
2 ms. Memory: 510976K Free: 373371K (73%)
----------------- Invoking toplevel() on ptolemy.moml.MoMLSimpleApplication@71f25298
----------------- Done invoking toplevel() on ptolemy.moml.MoMLSimpleApplication@71f25298
reloadAllAccessors: .matrixType10

===========================================================================================
----------------- testing Mon Aug 05 05:24:51 UTC 2019 /home/travis/build/icyphy/ptII/ptolemy/actor/lib/test/auto/matrixType11.xml
----------------- Instantiating /home/travis/build/icyphy/ptII/ptolemy/actor/lib/test/auto/matrixType11.xml
1 ms. Memory: 510976K Free: 368765K (72%)
----------------- Invoking toplevel() on ptolemy.moml.MoMLSimpleApplication@79f5c9ab
----------------- Done invoking toplevel() on ptolemy.moml.MoMLSimpleApplication@79f5c9ab
reloadAllAccessors: .matrixType11

===========================================================================================
----------------- testing Mon Aug 05 05:24:51 UTC 2019 /home/travis/build/icyphy/ptII/ptolemy/actor/lib/test/auto/matrixType12.xml
----------------- Instantiating /home/travis/build/icyphy/ptII/ptolemy/actor/lib/test/auto/matrixType12.xml
2 ms. Memory: 510976K Free: 363645K (71%)
----------------- Invoking toplevel() on ptolemy.moml.MoMLSimpleApplication@87a6cbc
----------------- Done invoking toplevel() on ptolemy.moml.MoMLSimpleApplication@87a6cbc
reloadAllAccessors: .matrixType12

===========================================================================================
----------------- testing Mon Aug 05 05:24:51 UTC 2019 /home/travis/build/icyphy/ptII/ptolemy/actor/lib/test/auto/matrixType13.xml
----------------- Instantiating /home/travis/build/icyphy/ptII/ptolemy/actor/lib/test/auto/matrixType13.xml
2 ms. Memory: 510976K Free: 359035K (70%)
----------------- Invoking toplevel() on ptolemy.moml.MoMLSimpleApplication@530a007a
----------------- Done invoking toplevel() on ptolemy.moml.MoMLSimpleApplication@530a007a
reloadAllAccessors: .matrixType13

===========================================================================================
----------------- testing Mon Aug 05 05:24:51 UTC 2019 /home/travis/build/icyphy/ptII/ptolemy/actor/lib/test/auto/matrixType14.xml
----------------- Instantiating /home/travis/build/icyphy/ptII/ptolemy/actor/lib/test/auto/matrixType14.xml
2 ms. Memory: 510976K Free: 353915K (69%)
----------------- Invoking toplevel() on ptolemy.moml.MoMLSimpleApplication@4859cae1
----------------- Done invoking toplevel() on ptolemy.moml.MoMLSimpleApplication@4859cae1
reloadAllAccessors: .matrixType14

===========================================================================================
----------------- testing Mon Aug 05 05:24:51 UTC 2019 /home/travis/build/icyphy/ptII/ptolemy/actor/lib/test/auto/matrixType2.xml
----------------- Instantiating /home/travis/build/icyphy/ptII/ptolemy/actor/lib/test/auto/matrixType2.xml
2 ms. Memory: 510976K Free: 348780K (68%)
----------------- Invoking toplevel() on ptolemy.moml.MoMLSimpleApplication@6103370
----------------- Done invoking toplevel() on ptolemy.moml.MoMLSimpleApplication@6103370
reloadAllAccessors: .matrixType2

===========================================================================================
----------------- testing Mon Aug 05 05:24:51 UTC 2019 /home/travis/build/icyphy/ptII/ptolemy/actor/lib/test/auto/matrixType3.xml
----------------- Instantiating /home/travis/build/icyphy/ptII/ptolemy/actor/lib/test/auto/matrixType3.xml
4 ms. Memory: 510976K Free: 343675K (67%)
----------------- Invoking toplevel() on ptolemy.moml.MoMLSimpleApplication@5b361a5a
----------------- Done invoking toplevel() on ptolemy.moml.MoMLSimpleApplication@5b361a5a
reloadAllAccessors: .matrixType3

===========================================================================================
----------------- testing Mon Aug 05 05:24:51 UTC 2019 /home/travis/build/icyphy/ptII/ptolemy/actor/lib/test/auto/matrixType4.xml
----------------- Instantiating /home/travis/build/icyphy/ptII/ptolemy/actor/lib/test/auto/matrixType4.xml
2 ms. Memory: 510976K Free: 339069K (66%)
----------------- Invoking toplevel() on ptolemy.moml.MoMLSimpleApplication@3dc06231
----------------- Done invoking toplevel() on ptolemy.moml.MoMLSimpleApplication@3dc06231
reloadAllAccessors: .matrixType4

===========================================================================================
----------------- testing Mon Aug 05 05:24:51 UTC 2019 /home/travis/build/icyphy/ptII/ptolemy/actor/lib/test/auto/matrixType5.xml
----------------- Instantiating /home/travis/build/icyphy/ptII/ptolemy/actor/lib/test/auto/matrixType5.xml
2 ms. Memory: 510976K Free: 333949K (65%)
----------------- Invoking toplevel() on ptolemy.moml.MoMLSimpleApplication@225e439
----------------- Done invoking toplevel() on ptolemy.moml.MoMLSimpleApplication@225e439
reloadAllAccessors: .matrixType5

===========================================================================================
----------------- testing Mon Aug 05 05:24:51 UTC 2019 /home/travis/build/icyphy/ptII/ptolemy/actor/lib/test/auto/matrixType6.xml
----------------- Instantiating /home/travis/build/icyphy/ptII/ptolemy/actor/lib/test/auto/matrixType6.xml
2 ms. Memory: 510976K Free: 329339K (64%)
----------------- Invoking toplevel() on ptolemy.moml.MoMLSimpleApplication@671d92b1
----------------- Done invoking toplevel() on ptolemy.moml.MoMLSimpleApplication@671d92b1
reloadAllAccessors: .matrixType6

===========================================================================================
----------------- testing Mon Aug 05 05:24:51 UTC 2019 /home/travis/build/icyphy/ptII/ptolemy/actor/lib/test/auto/matrixType7.xml
----------------- Instantiating /home/travis/build/icyphy/ptII/ptolemy/actor/lib/test/auto/matrixType7.xml
2 ms. Memory: 510976K Free: 324219K (63%)
----------------- Invoking toplevel() on ptolemy.moml.MoMLSimpleApplication@9e8554e
----------------- Done invoking toplevel() on ptolemy.moml.MoMLSimpleApplication@9e8554e
reloadAllAccessors: .matrixType7

===========================================================================================
----------------- testing Mon Aug 05 05:24:51 UTC 2019 /home/travis/build/icyphy/ptII/ptolemy/actor/lib/test/auto/matrixType8.xml
----------------- Instantiating /home/travis/build/icyphy/ptII/ptolemy/actor/lib/test/auto/matrixType8.xml
2 ms. Memory: 510976K Free: 319613K (63%)
----------------- Invoking toplevel() on ptolemy.moml.MoMLSimpleApplication@5e6370ed
----------------- Done invoking toplevel() on ptolemy.moml.MoMLSimpleApplication@5e6370ed
reloadAllAccessors: .matrixType8

===========================================================================================
----------------- testing Mon Aug 05 05:24:51 UTC 2019 /home/travis/build/icyphy/ptII/ptolemy/actor/lib/test/auto/matrixType9.xml
----------------- Instantiating /home/travis/build/icyphy/ptII/ptolemy/actor/lib/test/auto/matrixType9.xml
2 ms. Memory: 510976K Free: 314493K (62%)
----------------- Invoking toplevel() on ptolemy.moml.MoMLSimpleApplication@7409ec4a
----------------- Done invoking toplevel() on ptolemy.moml.MoMLSimpleApplication@7409ec4a
reloadAllAccessors: .matrixType9

===========================================================================================
----------------- testing Mon Aug 05 05:24:51 UTC 2019 /home/travis/build/icyphy/ptII/ptolemy/actor/lib/test/auto/paraFunctest.xml
----------------- Instantiating /home/travis/build/icyphy/ptII/ptolemy/actor/lib/test/auto/paraFunctest.xml
1 ms. Memory: 510976K Free: 310876K (61%)
----------------- Invoking toplevel() on ptolemy.moml.MoMLSimpleApplication@6d8d69ec
----------------- Done invoking toplevel() on ptolemy.moml.MoMLSimpleApplication@6d8d69ec
reloadAllAccessors: .paraFunctest

===========================================================================================
----------------- testing Mon Aug 05 05:24:51 UTC 2019 /home/travis/build/icyphy/ptII/ptolemy/actor/lib/test/auto/paraFunctest2.xml
----------------- Instantiating /home/travis/build/icyphy/ptII/ptolemy/actor/lib/test/auto/paraFunctest2.xml
1 ms. Memory: 510976K Free: 305787K (60%)
----------------- Invoking toplevel() on ptolemy.moml.MoMLSimpleApplication@53c713c4
----------------- Done invoking toplevel() on ptolemy.moml.MoMLSimpleApplication@53c713c4
reloadAllAccessors: .paraFunctest2

===========================================================================================
----------------- testing Mon Aug 05 05:24:51 UTC 2019 /home/travis/build/icyphy/ptII/ptolemy/actor/lib/test/auto/parameterPassing.xml
----------------- Instantiating /home/travis/build/icyphy/ptII/ptolemy/actor/lib/test/auto/parameterPassing.xml
1 ms. Memory: 510976K Free: 301691K (59%)
----------------- Invoking toplevel() on ptolemy.moml.MoMLSimpleApplication@39a6350
----------------- Done invoking toplevel() on ptolemy.moml.MoMLSimpleApplication@39a6350
reloadAllAccessors: .parameterPassing

===========================================================================================
----------------- testing Mon Aug 05 05:24:51 UTC 2019 /home/travis/build/icyphy/ptII/ptolemy/actor/lib/test/auto/record.xml
----------------- Instantiating /home/travis/build/icyphy/ptII/ptolemy/actor/lib/test/auto/record.xml
3 ms. Memory: 510976K Free: 296571K (58%)
----------------- Invoking toplevel() on ptolemy.moml.MoMLSimpleApplication@5aac0123
----------------- Done invoking toplevel() on ptolemy.moml.MoMLSimpleApplication@5aac0123
reloadAllAccessors: .record

===========================================================================================
----------------- testing Mon Aug 05 05:24:51 UTC 2019 /home/travis/build/icyphy/ptII/ptolemy/actor/lib/test/auto/sizedarray1.xml
----------------- Instantiating /home/travis/build/icyphy/ptII/ptolemy/actor/lib/test/auto/sizedarray1.xml
1 ms. Memory: 510976K Free: 291451K (57%)
----------------- Invoking toplevel() on ptolemy.moml.MoMLSimpleApplication@5b7f613a
----------------- Done invoking toplevel() on ptolemy.moml.MoMLSimpleApplication@5b7f613a
reloadAllAccessors: .sizedarray1

===========================================================================================
----------------- testing Mon Aug 05 05:24:51 UTC 2019 /home/travis/build/icyphy/ptII/ptolemy/actor/lib/test/auto/sizedarray2.xml
----------------- Instantiating /home/travis/build/icyphy/ptII/ptolemy/actor/lib/test/auto/sizedarray2.xml
3 ms. Memory: 510976K Free: 285307K (56%)
----------------- Invoking toplevel() on ptolemy.moml.MoMLSimpleApplication@78689fd8
----------------- Done invoking toplevel() on ptolemy.moml.MoMLSimpleApplication@78689fd8
reloadAllAccessors: .sizedarray2

===========================================================================================
----------------- testing Mon Aug 05 05:24:51 UTC 2019 /home/travis/build/icyphy/ptII/ptolemy/actor/lib/test/auto/twoPublishers.xml
----------------- Instantiating /home/travis/build/icyphy/ptII/ptolemy/actor/lib/test/auto/twoPublishers.xml
6 ms. Memory: 510976K Free: 275052K (54%)
----------------- Invoking toplevel() on ptolemy.moml.MoMLSimpleApplication@6622fbf4
----------------- Done invoking toplevel() on ptolemy.moml.MoMLSimpleApplication@6622fbf4
reloadAllAccessors: .twoPublishers
AutoTests.java: About to close Vertx.
AutoTests.java: Vertx closed.
]]></system-out>
  <system-err><![CDATA[java.lang.RuntimeException: Execution failed
	at ptolemy.moml.MoMLSimpleApplication$UnloadThread.run(MoMLSimpleApplication.java:402)
Caused by: java.lang.RuntimeException: StringUtilities.exit() was called. Normally, we would exit here because Manager.exitAfterWrapup() was called.  However, because the ptolemy.ptII.exitAfterWrapup property is set, we throw this exception instead.
	at ptolemy.util.StringUtilities.exit(StringUtilities.java:365)
	at ptolemy.actor.Manager.wrapup(Manager.java:1549)
	at ptolemy.actor.Manager.execute(Manager.java:407)
	at ptolemy.actor.Manager.run(Manager.java:1263)
	at ptolemy.actor.Manager$PtolemyRunThread.run(Manager.java:1933)
Warning: '.top.test' is in training mode, set the trainingMode parameter to false before checking in
Warning: '.top.test' is in training mode, set the trainingMode parameter to false before checking in
Warning: '.top.test' is in training mode, set the trainingMode parameter to false before checking in
Warning: '.BooleanSwitch_RegressionTest_WrongTrainingValues.Test' is in training mode, set the trainingMode parameter to false before checking in
Warning: '.BooleanSwitch_RegressionTest_WrongTrainingValues.Test2' is in training mode, set the trainingMode parameter to false before checking in
Warning: '.BooleanSwitch_RegressionTest_WrongTrainingValues.Test2' The test produced 0 tokens.
Warning: '.top.testExceptionHandler' is in training mode, set the trainingMode parameter to false before checking in
java.lang.RuntimeException: Execution failed
	at ptolemy.moml.MoMLSimpleApplication$UnloadThread.run(MoMLSimpleApplication.java:402)
Caused by: ptolemy.kernel.util.IllegalActionException: PublisherPorts cannot be used at the top level, use a Publisher actor instead.
  in .PublisherPortToplevelSubscriber.PublisherPort
	at ptolemy.actor.PublisherPort.preinitialize(PublisherPort.java:403)
	at ptolemy.actor.CompositeActor.preinitialize(CompositeActor.java:1769)
	at ptolemy.actor.Manager.preinitializeAndResolveTypes(Manager.java:1040)
	at ptolemy.actor.Manager.initialize(Manager.java:710)
	at ptolemy.actor.Manager.execute(Manager.java:356)
	at ptolemy.actor.Manager.run(Manager.java:1263)
	at ptolemy.actor.Manager$PtolemyRunThread.run(Manager.java:1933)
java.lang.reflect.InvocationTargetException
	at java.base/jdk.internal.reflect.NativeConstructorAccessorImpl.newInstance0(Native Method)
	at java.base/jdk.internal.reflect.NativeConstructorAccessorImpl.newInstance(NativeConstructorAccessorImpl.java:62)
	at java.base/jdk.internal.reflect.DelegatingConstructorAccessorImpl.newInstance(DelegatingConstructorAccessorImpl.java:45)
	at java.base/java.lang.reflect.Constructor.newInstance(Constructor.java:490)
	at ptolemy.util.test.junit.AutoKnownFailedTests.RunModel(AutoKnownFailedTests.java:105)
	at java.base/jdk.internal.reflect.NativeMethodAccessorImpl.invoke0(Native Method)
	at java.base/jdk.internal.reflect.NativeMethodAccessorImpl.invoke(NativeMethodAccessorImpl.java:62)
	at java.base/jdk.internal.reflect.DelegatingMethodAccessorImpl.invoke(DelegatingMethodAccessorImpl.java:43)
	at java.base/java.lang.reflect.Method.invoke(Method.java:566)
	at org.junit.runners.model.FrameworkMethod$1.runReflectiveCall(FrameworkMethod.java:44)
	at org.junit.internal.runners.model.ReflectiveCallable.run(ReflectiveCallable.java:15)
	at org.junit.runners.model.FrameworkMethod.invokeExplosively(FrameworkMethod.java:41)
	at junitparams.internal.InvokeParameterisedMethod.evaluate(InvokeParameterisedMethod.java:102)
	at org.junit.internal.runners.statements.FailOnTimeout$1.run(FailOnTimeout.java:28)
Caused by: ptolemy.kernel.util.IllegalActionException: PublisherPorts cannot be used at the top level, use a Publisher actor instead.
  in .PublisherPortToplevelSubscriber.PublisherPort
	at ptolemy.actor.PublisherPort.preinitialize(PublisherPort.java:403)
	at ptolemy.actor.CompositeActor.preinitialize(CompositeActor.java:1769)
	at ptolemy.actor.Manager.preinitializeAndResolveTypes(Manager.java:1040)
	at ptolemy.actor.Manager.initialize(Manager.java:710)
	at ptolemy.actor.Manager.execute(Manager.java:356)
	at ptolemy.actor.Manager.run(Manager.java:1263)
	at ptolemy.actor.Manager$PtolemyRunThread.run(Manager.java:1933)
java.lang.RuntimeException: Execution failed
	at ptolemy.moml.MoMLSimpleApplication$UnloadThread.run(MoMLSimpleApplication.java:402)
Caused by: ptolemy.kernel.util.IllegalActionException: SubscriberPorts cannot be used at the top level, use a Subscriber actor instead.
  in .PublisherSubscriberPortToplevel.SubscriberPort
	at ptolemy.actor.SubscriberPort.preinitialize(SubscriberPort.java:328)
	at ptolemy.actor.CompositeActor.preinitialize(CompositeActor.java:1769)
	at ptolemy.actor.Manager.preinitializeAndResolveTypes(Manager.java:1040)
	at ptolemy.actor.Manager.initialize(Manager.java:710)
	at ptolemy.actor.Manager.execute(Manager.java:356)
	at ptolemy.actor.Manager.run(Manager.java:1263)
	at ptolemy.actor.Manager$PtolemyRunThread.run(Manager.java:1933)
java.lang.reflect.InvocationTargetException
	at java.base/jdk.internal.reflect.NativeConstructorAccessorImpl.newInstance0(Native Method)
	at java.base/jdk.internal.reflect.NativeConstructorAccessorImpl.newInstance(NativeConstructorAccessorImpl.java:62)
	at java.base/jdk.internal.reflect.DelegatingConstructorAccessorImpl.newInstance(DelegatingConstructorAccessorImpl.java:45)
	at java.base/java.lang.reflect.Constructor.newInstance(Constructor.java:490)
	at ptolemy.util.test.junit.AutoKnownFailedTests.RunModel(AutoKnownFailedTests.java:105)
	at java.base/jdk.internal.reflect.NativeMethodAccessorImpl.invoke0(Native Method)
	at java.base/jdk.internal.reflect.NativeMethodAccessorImpl.invoke(NativeMethodAccessorImpl.java:62)
	at java.base/jdk.internal.reflect.DelegatingMethodAccessorImpl.invoke(DelegatingMethodAccessorImpl.java:43)
	at java.base/java.lang.reflect.Method.invoke(Method.java:566)
	at org.junit.runners.model.FrameworkMethod$1.runReflectiveCall(FrameworkMethod.java:44)
	at org.junit.internal.runners.model.ReflectiveCallable.run(ReflectiveCallable.java:15)
	at org.junit.runners.model.FrameworkMethod.invokeExplosively(FrameworkMethod.java:41)
	at junitparams.internal.InvokeParameterisedMethod.evaluate(InvokeParameterisedMethod.java:102)
	at org.junit.internal.runners.statements.FailOnTimeout$1.run(FailOnTimeout.java:28)
Caused by: ptolemy.kernel.util.IllegalActionException: SubscriberPorts cannot be used at the top level, use a Subscriber actor instead.
  in .PublisherSubscriberPortToplevel.SubscriberPort
	at ptolemy.actor.SubscriberPort.preinitialize(SubscriberPort.java:328)
	at ptolemy.actor.CompositeActor.preinitialize(CompositeActor.java:1769)
	at ptolemy.actor.Manager.preinitializeAndResolveTypes(Manager.java:1040)
	at ptolemy.actor.Manager.initialize(Manager.java:710)
	at ptolemy.actor.Manager.execute(Manager.java:356)
	at ptolemy.actor.Manager.run(Manager.java:1263)
	at ptolemy.actor.Manager$PtolemyRunThread.run(Manager.java:1933)
java.lang.RuntimeException: Execution failed
	at ptolemy.moml.MoMLSimpleApplication$UnloadThread.run(MoMLSimpleApplication.java:402)
Caused by: ptolemy.kernel.util.IllegalActionException: SubscriptionAggregatorPorts cannot be used at the top level, use a SubscriptionAggregator actor instead.
  in .PublisherSubscriptionAggregatorPort.SubscriptionAggregatorPort
	at ptolemy.actor.SubscriptionAggregatorPort.preinitialize(SubscriptionAggregatorPort.java:353)
	at ptolemy.actor.CompositeActor.preinitialize(CompositeActor.java:1769)
	at ptolemy.actor.Manager.preinitializeAndResolveTypes(Manager.java:1040)
	at ptolemy.actor.Manager.initialize(Manager.java:710)
	at ptolemy.actor.Manager.execute(Manager.java:356)
	at ptolemy.actor.Manager.run(Manager.java:1263)
	at ptolemy.actor.Manager$PtolemyRunThread.run(Manager.java:1933)
java.lang.reflect.InvocationTargetException
	at java.base/jdk.internal.reflect.NativeConstructorAccessorImpl.newInstance0(Native Method)
	at java.base/jdk.internal.reflect.NativeConstructorAccessorImpl.newInstance(NativeConstructorAccessorImpl.java:62)
	at java.base/jdk.internal.reflect.DelegatingConstructorAccessorImpl.newInstance(DelegatingConstructorAccessorImpl.java:45)
	at java.base/java.lang.reflect.Constructor.newInstance(Constructor.java:490)
	at ptolemy.util.test.junit.AutoKnownFailedTests.RunModel(AutoKnownFailedTests.java:105)
	at java.base/jdk.internal.reflect.NativeMethodAccessorImpl.invoke0(Native Method)
	at java.base/jdk.internal.reflect.NativeMethodAccessorImpl.invoke(NativeMethodAccessorImpl.java:62)
	at java.base/jdk.internal.reflect.DelegatingMethodAccessorImpl.invoke(DelegatingMethodAccessorImpl.java:43)
	at java.base/java.lang.reflect.Method.invoke(Method.java:566)
	at org.junit.runners.model.FrameworkMethod$1.runReflectiveCall(FrameworkMethod.java:44)
	at org.junit.internal.runners.model.ReflectiveCallable.run(ReflectiveCallable.java:15)
	at org.junit.runners.model.FrameworkMethod.invokeExplosively(FrameworkMethod.java:41)
	at junitparams.internal.InvokeParameterisedMethod.evaluate(InvokeParameterisedMethod.java:102)
	at org.junit.internal.runners.statements.FailOnTimeout$1.run(FailOnTimeout.java:28)
Caused by: ptolemy.kernel.util.IllegalActionException: SubscriptionAggregatorPorts cannot be used at the top level, use a SubscriptionAggregator actor instead.
  in .PublisherSubscriptionAggregatorPort.SubscriptionAggregatorPort
	at ptolemy.actor.SubscriptionAggregatorPort.preinitialize(SubscriptionAggregatorPort.java:353)
	at ptolemy.actor.CompositeActor.preinitialize(CompositeActor.java:1769)
	at ptolemy.actor.Manager.preinitializeAndResolveTypes(Manager.java:1040)
	at ptolemy.actor.Manager.initialize(Manager.java:710)
	at ptolemy.actor.Manager.execute(Manager.java:356)
	at ptolemy.actor.Manager.run(Manager.java:1263)
	at ptolemy.actor.Manager$PtolemyRunThread.run(Manager.java:1933)
java.lang.RuntimeException: Execution failed
	at ptolemy.moml.MoMLSimpleApplication$UnloadThread.run(MoMLSimpleApplication.java:402)
Caused by: ptolemy.kernel.util.IllegalActionException: TypeTest actor has no training data.
  in .sizedarray3.TypeTest
	at ptolemy.actor.lib.TypeTest.initialize(TypeTest.java:250)
	at ptolemy.actor.Director.initialize(Director.java:938)
	at ptolemy.actor.Director.initialize(Director.java:907)
	at ptolemy.actor.sched.StaticSchedulingDirector.initialize(StaticSchedulingDirector.java:159)
	at ptolemy.domains.sdf.kernel.SDFDirector.initialize(SDFDirector.java:544)
	at ptolemy.actor.CompositeActor.initialize(CompositeActor.java:935)
	at ptolemy.actor.Manager.initialize(Manager.java:724)
	at ptolemy.actor.Manager.execute(Manager.java:356)
	at ptolemy.actor.Manager.run(Manager.java:1263)
	at ptolemy.actor.Manager$PtolemyRunThread.run(Manager.java:1933)
java.lang.reflect.InvocationTargetException
	at java.base/jdk.internal.reflect.NativeConstructorAccessorImpl.newInstance0(Native Method)
	at java.base/jdk.internal.reflect.NativeConstructorAccessorImpl.newInstance(NativeConstructorAccessorImpl.java:62)
	at java.base/jdk.internal.reflect.DelegatingConstructorAccessorImpl.newInstance(DelegatingConstructorAccessorImpl.java:45)
	at java.base/java.lang.reflect.Constructor.newInstance(Constructor.java:490)
	at ptolemy.util.test.junit.AutoKnownFailedTests.RunModel(AutoKnownFailedTests.java:105)
	at java.base/jdk.internal.reflect.NativeMethodAccessorImpl.invoke0(Native Method)
	at java.base/jdk.internal.reflect.NativeMethodAccessorImpl.invoke(NativeMethodAccessorImpl.java:62)
	at java.base/jdk.internal.reflect.DelegatingMethodAccessorImpl.invoke(DelegatingMethodAccessorImpl.java:43)
	at java.base/java.lang.reflect.Method.invoke(Method.java:566)
	at org.junit.runners.model.FrameworkMethod$1.runReflectiveCall(FrameworkMethod.java:44)
	at org.junit.internal.runners.model.ReflectiveCallable.run(ReflectiveCallable.java:15)
	at org.junit.runners.model.FrameworkMethod.invokeExplosively(FrameworkMethod.java:41)
	at junitparams.internal.InvokeParameterisedMethod.evaluate(InvokeParameterisedMethod.java:102)
	at org.junit.internal.runners.statements.FailOnTimeout$1.run(FailOnTimeout.java:28)
Caused by: ptolemy.kernel.util.IllegalActionException: TypeTest actor has no training data.
  in .sizedarray3.TypeTest
	at ptolemy.actor.lib.TypeTest.initialize(TypeTest.java:250)
	at ptolemy.actor.Director.initialize(Director.java:938)
	at ptolemy.actor.Director.initialize(Director.java:907)
	at ptolemy.actor.sched.StaticSchedulingDirector.initialize(StaticSchedulingDirector.java:159)
	at ptolemy.domains.sdf.kernel.SDFDirector.initialize(SDFDirector.java:544)
	at ptolemy.actor.CompositeActor.initialize(CompositeActor.java:935)
	at ptolemy.actor.Manager.initialize(Manager.java:724)
	at ptolemy.actor.Manager.execute(Manager.java:356)
	at ptolemy.actor.Manager.run(Manager.java:1263)
	at ptolemy.actor.Manager$PtolemyRunThread.run(Manager.java:1933)
]]></system-err>
</testsuite>
