<?xml version="1.0" encoding="UTF-8" ?>
<testsuite errors="0" failures="0" hostname="travis-job-f56fcdd9-3293-4a19-bde2-eb8548e469af" name="ptolemy.domains.de.test.junit.JUnitTclTest" skipped="0" tests="101" time="127.959" timestamp="2018-06-05T23:00:59">
  <properties>
    <property name="npm.executable" value="npm" />
    <property name="file.encoding.pkg" value="sun.io" />
    <property name="ptII.mk.exists" value="true" />
    <property name="env.rvm_bin_path" value="/home/travis/.rvm/bin" />
    <property name="java.home" value="/usr/lib/jvm/java-8-oracle/jre" />
    <property name="env.TRAVIS_JOB_NUMBER" value="524.8" />
    <property name="env.DISPLAY" value=":99.0" />
    <property name="java.net.preferIPv4Stack" value="true" />
    <property name="env.SSH_TTY" value="/dev/pts/0" />
    <property name="env.RUN_TESTS" value="true" />
    <property name="timeout.short" value="1000000" />
    <property name="env.TRAVIS_STACK_NODE_ATTRIBUTES" value="/.node-attributes.yml" />
    <property name="junit.formatter" value="xml" />
    <property name="java.endorsed.dirs" value="/usr/lib/jvm/java-8-oracle/jre/lib/endorsed" />
    <property name="env.TRAVIS_SUDO" value="true" />
    <property name="env.LOGNAME" value="travis" />
    <property name="jsdoc.home" value="node_modules/@terraswarm/jsdoc" />
    <property name="debuglevel" value="source,lines,vars" />
    <property name="checkstyle.formatter" value="xml" />
    <property name="bin.vergil.makeable" value="true" />
    <property name="env._system_version" value="14.04" />
    <property name="sun.os.patch.level" value="unknown" />
    <property name="java.vendor.url" value="http://java.oracle.com/" />
    <property name="java.version" value="1.8.0_151" />
    <property name="env.TZ" value="UTC" />
    <property name="env.PT_NO_NET" value="true" />
    <property name="env.TRAVIS_PULL_REQUEST_SHA" value="" />
    <property name="env.TRAVIS_SECURE_ENV_VARS" value="true" />
    <property name="env._system_type" value="Linux" />
    <property name="java.vendor.url.bug" value="http://bugreport.sun.com/bugreport/" />
    <property name="env.SSH_CLIENT" value="10.10.4.37 49326 22" />
    <property name="npmjs-org-is-up" value="true" />
    <property name="env.GEM_HOME" value="/home/travis/.rvm/gems/ruby-2.4.1" />
    <property name="env.HAS_ANTARES_THREE_LITTLE_FRONZIES_BADGE" value="true" />
    <property name="env.PS4" value="+" />
    <property name="ant.project.invoked-targets" value="build,test.core2.xml" />
    <property name="env.TRAVIS_PULL_REQUEST_BRANCH" value="" />
    <property name="env.TRAVIS_REPO_SLUG" value="icyphy/ptII" />
    <property name="node.in.path" value="true" />
    <property name="java.maxmemory" value="1400m" />
    <property name="env.RUBY_VERSION" value="ruby-2.4.1" />
    <property name="user.name" value="travis" />
    <property name="env.LANG" value="en_US.UTF-8" />
    <property name="sun.io.unicode.encoding" value="UnicodeLittle" />
    <property name="sun.jnu.encoding" value="UTF-8" />
    <property name="java.runtime.name" value="Java(TM) SE Runtime Environment" />
    <property name="usefile" value="false" />
    <property name="return.code" value="0" />
    <property name="junit.single.formatter" value="plain" />
    <property name="env.DYLD_LIBRARY_PATH" value="/home/travis/pthla/certi-tools/lib:" />
    <property name="env.DEBIAN_FRONTEND" value="noninteractive" />
    <property name="env.SSH_CONNECTION" value="10.10.4.37 49326 10.20.2.153 22" />
    <property name="env.MYSQL_UNIX_PORT" value="/var/run/mysqld/mysqld.sock" />
    <property name="env.TRAVIS_ALLOW_FAILURE" value="false" />
    <property name="env.LC_ALL" value="en_US.UTF-8" />
    <property name="java.specification.name" value="Java Platform API Specification" />
    <property name="node.works" value="true" />
    <property name="user.timezone" value="" />
    <property name="path.separator" value=":" />
    <property name="env.PYTHON_CFLAGS" value="-g -fstack-protector --param=ssp-buffer-size=4 -Wformat -Werror=format-security" />
    <property name="timeout.long" value="4000000" />
    <property name="env.CERTI_HOME" value="/home/travis/pthla/certi-tools" />
    <property name="file.encoding" value="UTF-8" />
    <property name="ant.file.ptII" value="/home/travis/build/icyphy/ptII/build.xml" />
    <property name="javadoc.packagenames" value="com.*,diva.*,lbnl.*,org.hlacerti.*,org.json.*,org.ptolemy.*,org.terraswarm.*,ptolemy.*,ptserver.*" />
    <property name="env.TRAVIS_PULL_REQUEST_SLUG" value="" />
    <property name="ant.project.default-target" value="build" />
    <property name="env.GIT_ASKPASS" value="echo" />
    <property name="env.HOME" value="/home/travis" />
    <property name="sun.java.command" value="org.apache.tools.ant.taskdefs.optional.junit.JUnitTestRunner ptolemy.domains.de.test.junit.JUnitTclTest skipNonTests=false filtertrace=true haltOnError=false haltOnFailure=false formatter=org.apache.tools.ant.taskdefs.optional.junit.OutErrSummaryJUnitResultFormatter showoutput=true outputtoformatters=true logfailedtests=true threadid=0 logtestlistenerevents=false formatter=org.apache.tools.ant.taskdefs.optional.junit.XMLJUnitResultFormatter,/home/travis/build/icyphy/ptII/reports/junit/TEST-ptolemy.domains.de.test.junit.JUnitTclTest.xml crashfile=/home/travis/build/icyphy/ptII/junitvmwatcher4712488485696849133.properties propsfile=/home/travis/build/icyphy/ptII/junit2546527664904693604.properties" />
    <property name="env.MANPATH" value="/home/travis/.nvm/versions/node/v7.10.1/share/man:/home/travis/.kiex/elixirs/elixir-1.4.5/man:/home/travis/.rvm/rubies/ruby-2.4.1/share/man:/usr/local/man:/usr/local/cmake-3.9.2/man:/usr/local/clang-5.0.0/share/man:/usr/local/share/man:/usr/share/man:/home/travis/.rvm/man" />
    <property name="env.COMPOSER_NO_INTERACTION" value="1" />
    <property name="env.JDK_SWITCHER_DEFAULT" value="oraclejdk8" />
    <property name="ant.file" value="/home/travis/build/icyphy/ptII/build.xml" />
    <property name="env.TRAVIS_COMMIT_RANGE" value="a14d27cc08ae...fe6ba18cedc7" />
    <property name="env._system_name" value="Ubuntu" />
    <property name="timeout" value="2400000" />
    <property name="ptII.classpath.optional.property" value="/home/travis/build/icyphy/ptII/lib/bsh-2.0b4.jar:/home/travis/build/icyphy/ptII/lib/ptCal.jar:/home/travis/build/icyphy/ptII/lib/java_cup.jar:/home/travis/build/icyphy/ptII/lib/saxon8.jar:/home/travis/build/icyphy/ptII/lib/saxon8-dom.jar:/home/travis/build/icyphy/ptII/lib/chic.jar:/home/travis/build/icyphy/ptII/lib/ptcolt.jar:/usr/lib/jvm/java-8-oracle/lib/tools.jar:/usr/lib/eclipse/plugins/org.eclipse.jdt.core_3.8.2.dist.jar:/usr/lib/eclipse/plugins/org.eclipse.core.runtime_3.8.0.dist.jar:/usr/lib/eclipse/plugins/org.eclipse.osgi_3.8.1.dist.jar:/usr/lib/eclipse/plugins/org.eclipse.core.resources_3.8.1.dist.jar:/usr/lib/eclipse/plugins/org.eclipse.equinox.common_3.6.100.dist.jar:/usr/lib/eclipse/plugins/org.eclipse.core.jobs_3.5.200.dist.jar:/usr/lib/eclipse/plugins/org.eclipse.core.contenttype_3.4.200.dist.jar:/usr/lib/eclipse/plugins/org.eclipse.equinox.preferences_3.5.0.dist.jar:/usr/lib/eclipse/plugins/org.eclipse.text_3.5.200.dist.jar:/usr/lib/eclipse/plugins/org.eclipse.ui.workbench_3.8.1.dist.jar:/usr/lib/eclipse/plugins/org.eclipse.jface_3.8.0.dist.jar:/usr/lib/eclipse/plugins/org.eclipse.swt_3.8.2.jar:/usr/lib/eclipse/plugins/org.eclipse.jface.text_3.8.1.dist.jar:/usr/lib/eclipse/plugins/org.eclipse.ui.workbench.texteditor_3.8.0.dist.jar:/usr/lib/eclipse/plugins/org.eclipse.ui.editors_3.8.0.dist.jar:/usr/lib/eclipse/plugins/org.eclipse.core.commands_3.6.1.dist.jar:/usr/lib/eclipse/plugins/org.eclipse.equinox.registry_3.5.200.dist.jar:/usr/lib/eclipse/plugins/org.eclipse.ui.console_3.5.100.dist.jar:/usr/lib/eclipse/plugins/org.eclipse.ui.forms_3.5.200.dist.jar:/usr/lib/eclipse/plugins/org.eclipse.ui.ide_3.8.1.dist.jar:/home/travis/build/icyphy/ptII/vendors/oracle/dbxml.jar:/home/travis/build/icyphy/ptII/vendors/oracle/db.jar:/home/travis/build/icyphy/ptII/vendors/misc/itext/iText.jar:/home/travis/build/icyphy/ptII/lib/g4ltl.jar:/home/travis/build/icyphy/ptII/lib/StructuralCoder.jar:/home/travis/build/icyphy/ptII/lib/org-openide-util.jar:/home/travis/build/icyphy/ptII/lib/org-openide-util-lookup.jar:/home/travis/build/icyphy/ptII/lib/org-netbeans-api-visual.jar:/home/travis/build/icyphy/ptII/vendors/jai-1_1_2_01/lib/jai_core.jar:/home/travis/build/icyphy/ptII/vendors/jai-1_1_2_01/lib/jai_codec.jar:/home/travis/build/icyphy/ptII/lib/jcerti.jar:/home/travis/build/icyphy/ptII/lib/smack.jar:/home/travis/build/icyphy/ptII/lib/smackx.jar:/home/travis/build/icyphy/ptII/lib/jetty-all-8.1.5-v20120716.jar:/home/travis/build/icyphy/ptII/lib/javax.servlet-api-3.0.1.jar:/home/travis/build/icyphy/ptII/lib/javax.mail.jar:/home/travis/build/icyphy/ptII/vendors/JMF-2.1.1e/lib/jmf.jar:/home/travis/build/icyphy/ptII/lib/jna-4.0.0-variadic.jar:/home/travis/build/icyphy/ptII/vendors/misc/joystick/Joystick.jar:/home/travis/build/icyphy/ptII/lib/ptjacl.jar:/home/travis/build/icyphy/ptII/lib/jsoup-1.8.2.jar:/home/travis/build/icyphy/ptII/lib/junit-4.8.2.jar:/home/travis/build/icyphy/ptII/lib/JUnitParams-0.4.0.jar:/home/travis/build/icyphy/ptII/ptolemy/actor/lib/excel/jxl.jar:/home/travis/build/icyphy/ptII/lib/jython.jar:/home/travis/build/icyphy/ptII/lib/kieler.jar:/home/travis/build/icyphy/ptII/vendors/opencv/share/OpenCV/java/opencv-341.jar:/home/travis/build/icyphy/ptII/lib/oscP5.jar:/home/travis/build/icyphy/ptII/lib/nrjavaserial-3.11.0.devel.jar:/usr/share/java/j3dcore.jar:/usr/share/java/j3dutils.jar:/usr/share/java/vecmath.jar:/home/travis/build/icyphy/ptII/ptolemy/distributed/jini/jar/jini-core.jar:/home/travis/build/icyphy/ptII/ptolemy/distributed/jini/jar/jini-ext.jar:/home/travis/build/icyphy/ptII/ptolemy/distributed/jini/jar/sun-util.jar:/home/travis/build/icyphy/ptII/lib/protobuf-java-2.4.1.jar:/home/travis/build/icyphy/ptII/lib/org.eclipse.paho.client.mqttv3.jar:/home/travis/build/icyphy/ptII/ptserver/lib/hessian-4.0.7.jar:/home/travis/build/icyphy/ptII/ptserver/lib/wmqtt.jar:/home/travis/build/icyphy/ptII/lib/mapss.jar:/home/travis/build/icyphy/ptII/ptolemy/actor/ptalon/antlr/antlr.jar:/home/travis/build/icyphy/ptII/lib/JRI.jar:/home/travis/build/icyphy/ptII/lib/commons-lang-2.6.jar:/home/travis/build/icyphy/ptII/lib/commons-logging-1.1.1.jar:/home/travis/build/icyphy/ptII/lib/sootclasses.jar:/home/travis/build/icyphy/ptII/ptolemy/actor/lib/database/mysql-connector-java-5.1.6-bin.jar:/home/travis/build/icyphy/ptII/vendors/misc/sphinx4/sphinx4-data-5prealpha.jar:/home/travis/build/icyphy/ptII/vendors/misc/sphinx4/sphinx4-core-5prealpha.jar:/home/travis/build/icyphy/ptII/lib/PDFRenderer.jar:/home/travis/build/icyphy/ptII/lib/svgSalamander.jar:/home/travis/build/icyphy/ptII/lib/rsyntaxtextarea-2.6.0-SNAPSHOT.jar:/home/travis/build/icyphy/ptII/lib/hazelcast-3.8.2.jar:/home/travis/build/icyphy/ptII/lib/jackson-annotations-2.9.0.jar:/home/travis/build/icyphy/ptII/lib/jackson-core-2.9.3.jar:/home/travis/build/icyphy/ptII/lib/jackson-databind-2.9.3.jar:/home/travis/build/icyphy/ptII/lib/netty-buffer-4.1.19.Final.jar:/home/travis/build/icyphy/ptII/lib/netty-codec-4.1.19.Final.jar:/home/travis/build/icyphy/ptII/lib/netty-codec-dns-4.1.19.Final.jar:/home/travis/build/icyphy/ptII/lib/netty-codec-http-4.1.19.Final.jar:/home/travis/build/icyphy/ptII/lib/netty-codec-http2-4.1.19.Final.jar:/home/travis/build/icyphy/ptII/lib/netty-common-4.1.19.Final.jar:/home/travis/build/icyphy/ptII/lib/netty-handler-4.1.19.Final.jar:/home/travis/build/icyphy/ptII/lib/netty-resolver-4.1.19.Final.jar:/home/travis/build/icyphy/ptII/lib/netty-resolver-dns-4.1.19.Final.jar:/home/travis/build/icyphy/ptII/lib/netty-transport-4.1.19.Final.jar:/home/travis/build/icyphy/ptII/lib/vertx-codegen-3.5.1.jar:/home/travis/build/icyphy/ptII/lib/vertx-core-3.5.2-SNAPSHOT.jar:/home/travis/build/icyphy/ptII/lib/vertx-hazelcast-3.5.1.jar:/home/travis/build/icyphy/ptII/lib/vertx-lang-js-3.5.1.jar:/home/travis/build/icyphy/ptII/lib/vertx-service-proxy-3.5.1.jar:/home/travis/build/icyphy/ptII/lib/vertx-web-3.5.1.jar:/home/travis/build/icyphy/ptII/lib/slf4j-api-1.7.13.jar:/home/travis/build/icyphy/ptII/lib/slf4j-simple-1.7.13.jar:/home/travis/build/icyphy/ptII/lib/webcam-capture-0.3.12.jar:/home/travis/build/icyphy/ptII/lib/bridj-0.7.0.jar:/home/travis/build/icyphy/ptII/lib/xbjlib-1.1.0.nrjavaserial.jar" />
    <property name="test.batch" value="**/junit/*.java" />
    <property name="env._" value="/usr/bin/timeout" />
    <property name="java.io.tmpdir" value="/tmp" />
    <property name="user.language" value="en" />
    <property name="env.HISTCONTROL" value="ignoredups:ignorespace" />
    <property name="env.GOROOT" value="/home/travis/.gimme/versions/go1.7.4.linux.amd64" />
    <property name="line.separator" value="&#xa;" />
    <property name="target" value="1.8" />
    <property name="env.TRAVIS_BUILD_DIR" value="/home/travis/build/icyphy/ptII" />
    <property name="env.ANT_OPTS" value="-Xmx2048m" />
    <property name="ant.file.type" value="file" />
    <property name="ptolemy.ptII.batchMode" value="true" />
    <property name="env.HISTSIZE" value="1000" />
    <property name="env.MERB_ENV" value="test" />
    <property name="java.vm.info" value="mixed mode" />
    <property name="source" value="1.8" />
    <property name="java.vm.specification.name" value="Java Virtual Machine Specification" />
    <property name="env.TRAVIS_TEST_RESULT" value="0" />
    <property name="jsdoc.command" value="node_modules/@terraswarm/jsdoc/jsdoc.js" />
    <property name="npm.works" value="true" />
    <property name="cobertura.dir" value="/home/travis/build/icyphy/ptII/vendors/cobertura-2.0.3" />
    <property name="env.rvm_path" value="/home/travis/.rvm" />
    <property name="env.GEM_PATH" value="/home/travis/.rvm/gems/ruby-2.4.1:/home/travis/.rvm/gems/ruby-2.4.1@global" />
    <property name="env.LC_CTYPE" value="en_US.UTF-8" />
    <property name="java.awt.printerjob" value="sun.print.PSPrinterJob" />
    <property name="env.TRAVIS_STACK_NAME" value="garnet" />
    <property name="ant.version" value="Apache Ant(TM) version 1.10.1 compiled on February 2 2017" />
    <property name="ptII.reports" value="/home/travis/build/icyphy/ptII/reports" />
    <property name="env.TRAVIS_STACK_TIMESTAMP" value="2017-12-05 19:33:09 UTC" />
    <property name="ant.file.type.ptII" value="file" />
    <property name="env.RBENV_SHELL" value="bash" />
    <property name="os.name" value="Linux" />
    <property name="java.specification.vendor" value="Oracle Corporation" />
    <property name="env.rvm_version" value="1.29.3 (latest)" />
    <property name="env.TERM" value="xterm" />
    <property name="java.vm.name" value="Java HotSpot(TM) 64-Bit Server VM" />
    <property name="env.TRAVIS_BUILD_NUMBER" value="524" />
    <property name="env.CI" value="true" />
    <property name="java.library.path" value="/home/travis/pthla/certi-tools/lib:/usr/lib/jni:/usr/local/share/OpenCV/java/:/usr/share/OpenCV/java::/usr/java/packages/lib/amd64:/usr/lib64:/lib64:/lib:/usr/lib" />
    <property name="env.rvm_prefix" value="/home/travis" />
    <property name="env.PATH" value="/home/travis/pthla/certi-tools/share/scripts:/home/travis/.rvm/gems/ruby-2.4.1/bin:/home/travis/.rvm/gems/ruby-2.4.1@global/bin:/home/travis/.rvm/rubies/ruby-2.4.1/bin:/home/travis/.rvm/bin:/home/travis/.nvm/versions/node/v7.10.1/bin:./node_modules/.bin:/home/travis/build/icyphy/ptII/bin:/home/travis/pthla/certi-tools/bin:/home/travis/bin:/home/travis/.local/bin:/opt/pyenv/shims:/home/travis/.phpenv/shims:/home/travis/perl5/perlbrew/bin:/home/travis/.kiex/elixirs/elixir-1.4.5/bin:/home/travis/.kiex/bin:/home/travis/gopath/bin:/home/travis/.gimme/versions/go1.7.4.linux.amd64/bin:/usr/local/phantomjs/bin:/usr/local/phantomjs:/usr/local/neo4j-3.2.7/bin:/usr/local/maven-3.5.2/bin:/usr/local/cmake-3.9.2/bin:/usr/local/clang-5.0.0/bin:/usr/local/sbin:/usr/local/bin:/usr/sbin:/usr/bin:/sbin:/bin:/home/travis/.phpenv/bin:/opt/pyenv/bin:/home/travis/.yarn/bin" />
    <property name="env.TRAVIS_OS_NAME" value="linux" />
    <property name="ant.java.version" value="1.8" />
    <property name="basedir" value="/home/travis/build/icyphy/ptII" />
    <property name="java.class.version" value="52.0" />
    <property name="env.SHLVL" value="3" />
    <property name="env.LD_LIBRARY_PATH" value="/home/travis/pthla/certi-tools/lib:/usr/lib/jni:/usr/local/share/OpenCV/java/:/usr/share/OpenCV/java:" />
    <property name="env.RACK_ENV" value="test" />
    <property name="ant.home" value="/home/travis/build/icyphy/ptII/ant" />
    <property name="env.NVM_DIR" value="/home/travis/.nvm" />
    <property name="env.PERLBREW_BASHRC_VERSION" value="0.80" />
    <property name="env.CERTI_FOM_PATH" value="/home/travis/pthla/certi-tools/share/federations" />
    <property name="env.TRAVIS_BUILD_ID" value="388504854" />
    <property name="env.PYENV_ROOT" value="/opt/pyenv" />
    <property name="env.TRAVIS_UID" value="2000" />
    <property name="env.rvm_pretty_print_flag" value="auto" />
    <property name="env.NVM_BIN" value="/home/travis/.nvm/versions/node/v7.10.1/bin" />
    <property name="env.TRAVIS_COMMIT" value="fe6ba18cedc7036c342010b664e212edde9b5559" />
    <property name="env._system_arch" value="x86_64" />
    <property name="node.executable" value="node" />
    <property name="sun.boot.library.path" value="/usr/lib/jvm/java-8-oracle/jre/lib/amd64" />
    <property name="sun.management.compiler" value="HotSpot 64-Bit Tiered Compilers" />
    <property name="env.GOPATH" value="/home/travis/gopath" />
    <property name="java.awt.graphicsenv" value="sun.awt.X11GraphicsEnvironment" />
    <property name="ptolemy.ptII.dir" value="/home/travis/build/icyphy/ptII" />
    <property name="env.USER" value="travis" />
    <property name="env.HISTFILESIZE" value="2000" />
    <property name="timeout.longest" value="19000000" />
    <property name="env.TRAVIS_STACK_FEATURES" value="basic cassandra chromium couchdb disabled-ipv6 docker docker-compose elasticsearch firefox go-toolchain google-chrome jdk memcached mongodb mysql neo4j nodejs_interpreter perl_interpreter perlbrew phantomjs postgresql python_interpreter rabbitmq redis riak ruby_interpreter sqlite xserver" />
    <property name="env.TRAVIS_PULL_REQUEST" value="false" />
    <property name="env.PYENV_SHELL" value="bash" />
    <property name="ant.project.name" value="ptII" />
    <property name="java.vm.specification.version" value="1.8" />
    <property name="env.CERTI_VERSION" value="4.0.0" />
    <property name="env.NLSPATH" value="/usr/dt/lib/nls/msg/%L/%N.cat" />
    <property name="awt.toolkit" value="sun.awt.X11.XToolkit" />
    <property name="env.CERTI_HOST" value="localhost" />
    <property name="env.MY_RUBY_HOME" value="/home/travis/.rvm/rubies/ruby-2.4.1" />
    <property name="sun.cpu.isalist" value="" />
    <property name="java.ext.dirs" value="/usr/lib/jvm/java-8-oracle/jre/lib/ext:/usr/java/packages/lib/ext" />
    <property name="os.version" value="4.4.0-101-generic" />
    <property name="user.home" value="/home/travis" />
    <property name="env.MIX_ARCHIVES" value="/home/travis/.kiex/mix/elixir-1.4.5" />
    <property name="java.vm.vendor" value="Oracle Corporation" />
    <property name="env.TRAVIS_TAG" value="nightly" />
    <property name="env.TRAVIS_FILTERED" value="redirect_io" />
    <property name="javadoc.excludepackagenames" value="adm.cvs2svn.*,build.*,config.*,doc.coding.templates.*,jni.test.jni.meaningOfLife.*,jni.test.jni.testDeux.*,jni.test.jni.testTrois.*,org.terraswarm.accessor.accessors.web.node_modules.*,org.terraswarm.accessor.accessors.web.hosts.cordova.demo.*,org.terraswarm.accessor.accessors.web.hosts.cordova.plugins.*,org.terraswarm.accessor.accessors-svn.*,pt-modules.*,ptolemy.apps.agilent.*,ptolemy.apps.anytimecontrol.*,ptolemy.apps.apes.*,ptolemy.apps.charon.*,ptolemy.apps.crazyboard.*,ptolemy.apps.eclipse.*,ptolemy.apps.etherealSting.*,ptolemy.apps.fullscreen.*,ptolemy.apps.giotto.*,ptolemy.apps.ia.*,ptolemy.apps.interfaces.*,ptolemy.apps.jmf.*,ptolemy.apps.kurt.*,ptolemy.apps.kvm.*,ptolemy.apps.lego.*,ptolemy.apps.lejos.*,ptolemy.apps.midp.*,ptolemy.apps.mobileCoding.*,ptolemy.apps.pendulum.*,ptolemy.apps.rijndael.*,ptolemy.apps.robot.*,ptolemy.apps.security.*,ptolemy.apps.sobel.*,ptolemy.apps.soot.*,ptolemy.apps.throttle.*,ptolemy.apps.tini.*,ptolemy.apps.transmission.*,ptolemy.apps.vergil.*,ptolemy.apps.waba.*,ptolemy.apps.websensor.*,ptolemy.apps.webstart.*,ptolemy.apps.xsl.*,ptolemy.apps.zaurus.*,ptolemy.backtrack.eclipse.plugin.*,ptolemy.backtrack.test.*,ptolemy.codegen.c.actor.lib.oldJavaFiles.*,ptolemy.codegen.dsp.lib.*,ptolemy.codegen.kernel.newInterfaces.*,ptolemy.codegen.lib.*,ptolemy.copernicus.kernel.fragment.*,ptolemy.copernicus.shallow.cg.*,ptolemy.domains.giotto.demo.Hierarchy.Hierarchy.*,ptolemy.domains.giotto.demo.Multimode.Multimode.*,ptolemy.domains.giotto.demo.Simple.Simple.*,ptolemy.domains.gr.lib.experimental.*,ptolemy.domains.gro.*,ptolemy.domains.pdf.*,ptolemy.domains.ptinyos.demo.Surge.output.*,ptolemy.moml.test.NoPackageActor.java*,ptolemy.plot.adm.*,ptolemy.plot.servlet.*,reports.*,signed.*,src.*,target.*,vendors.*,ptolemy.cg.adapter.generic.program.procedural.c.mbed*,ptolemy.actor.lib.fmi.fmus.omc*,ptolemy.domains.openmodelica*,ptdb.kernel.bl.save.test.*,ptdb.kernel.bl.load.test.*,ptdb.kernel.bl.search.test.*,ptdb.kernel.bl.migration.test.*,ptdb.kernel.database.test.*,ptdb.test.*,ptdb.gui.test.*,org.ptolemy.scala.*,diva.util.java2d.svg.*,ptolemy.domains.ptinyos.*,ptolemy.actor.lib.fmi.fmipp.*,,org.terraswarm.accessor.accessors.web.node_modules.*,org.terraswarm.accessor.accessors-svn,ptolemy.actor.ptalon.demo.ptinyos.SendAndReceiveCnt.output,ptolemy.actor.ptalon.demo.ptinyos.SenseToLeds.output,ptolemy.domains.ptinyos.demo.CntToLedsAndRfm.output,ptolemy.domains.ptinyos.demo.RfmToLeds.output,ptolemy.domains.ptinyos.demo.SendAndReceiveCnt.output,ptolemy.domains.ptinyos.demo.SenseToLeds.output" />
    <property name="env.JAVA_HOME" value="/usr/lib/jvm/java-8-oracle" />
    <property name="env.PTII" value="/home/travis/build/icyphy/ptII" />
    <property name="env.TRAVIS_COMMIT_MESSAGE" value="Merge branch &apos;master&apos; of https://github.com/icyphy/ptII" />
    <property name="keystore" value="ptKeystore" />
    <property name="env.XDG_SESSION_ID" value="2" />
    <property name="junit.output.dir" value="/home/travis/build/icyphy/ptII/reports/junit" />
    <property name="npm.return.code" value="0" />
    <property name="user.dir" value="/home/travis/build/icyphy/ptII/ptolemy/domains/de/test" />
    <property name="env.TRAVIS_NODE_VERSION" value="7" />
    <property name="env.XFILESEARCHPATH" value="/usr/dt/app-defaults/%L/Dt" />
    <property name="env.TRAVIS_EVENT_TYPE" value="push" />
    <property name="env.MAIL" value="/var/mail/travis" />
    <property name="env.PWD" value="/home/travis/build/icyphy/ptII" />
    <property name="env.PERLBREW_ROOT" value="/home/travis/perl5/perlbrew" />
    <property name="timeout.npm" value="45000" />
    <property name="env.PT_TRAVIS_TEST_CORE2_XML" value="true" />
    <property name="env.PAGER" value="cat" />
    <property name="sun.cpu.endian" value="little" />
    <property name="env.TRAVIS_BUILD_STAGE_NAME" value="Test" />
    <property name="env.PERLBREW_HOME" value="/home/travis/.perlbrew" />
    <property name="env.RAILS_ENV" value="test" />
    <property name="java.vm.version" value="25.151-b12" />
    <property name="java.class.path" value="/home/travis/build/icyphy/ptII:/home/travis/build/icyphy/ptII/lib/bsh-2.0b4.jar:/home/travis/build/icyphy/ptII/lib/ptCal.jar:/home/travis/build/icyphy/ptII/lib/java_cup.jar:/home/travis/build/icyphy/ptII/lib/saxon8.jar:/home/travis/build/icyphy/ptII/lib/saxon8-dom.jar:/home/travis/build/icyphy/ptII/lib/chic.jar:/home/travis/build/icyphy/ptII/lib/ptcolt.jar:/usr/lib/jvm/java-8-oracle/lib/tools.jar:/usr/lib/eclipse/plugins/org.eclipse.jdt.core_3.8.2.dist.jar:/usr/lib/eclipse/plugins/org.eclipse.core.runtime_3.8.0.dist.jar:/usr/lib/eclipse/plugins/org.eclipse.osgi_3.8.1.dist.jar:/usr/lib/eclipse/plugins/org.eclipse.core.resources_3.8.1.dist.jar:/usr/lib/eclipse/plugins/org.eclipse.equinox.common_3.6.100.dist.jar:/usr/lib/eclipse/plugins/org.eclipse.core.jobs_3.5.200.dist.jar:/usr/lib/eclipse/plugins/org.eclipse.core.contenttype_3.4.200.dist.jar:/usr/lib/eclipse/plugins/org.eclipse.equinox.preferences_3.5.0.dist.jar:/usr/lib/eclipse/plugins/org.eclipse.text_3.5.200.dist.jar:/usr/lib/eclipse/plugins/org.eclipse.ui.workbench_3.8.1.dist.jar:/usr/lib/eclipse/plugins/org.eclipse.jface_3.8.0.dist.jar:/usr/lib/eclipse/plugins/org.eclipse.swt_3.8.2.jar:/usr/lib/eclipse/plugins/org.eclipse.jface.text_3.8.1.dist.jar:/usr/lib/eclipse/plugins/org.eclipse.ui.workbench.texteditor_3.8.0.dist.jar:/usr/lib/eclipse/plugins/org.eclipse.ui.editors_3.8.0.dist.jar:/usr/lib/eclipse/plugins/org.eclipse.core.commands_3.6.1.dist.jar:/usr/lib/eclipse/plugins/org.eclipse.equinox.registry_3.5.200.dist.jar:/usr/lib/eclipse/plugins/org.eclipse.ui.console_3.5.100.dist.jar:/usr/lib/eclipse/plugins/org.eclipse.ui.forms_3.5.200.dist.jar:/usr/lib/eclipse/plugins/org.eclipse.ui.ide_3.8.1.dist.jar:/home/travis/build/icyphy/ptII/vendors/oracle/dbxml.jar:/home/travis/build/icyphy/ptII/vendors/oracle/db.jar:/home/travis/build/icyphy/ptII/vendors/misc/itext/iText.jar:/home/travis/build/icyphy/ptII/lib/g4ltl.jar:/home/travis/build/icyphy/ptII/lib/StructuralCoder.jar:/home/travis/build/icyphy/ptII/lib/org-openide-util.jar:/home/travis/build/icyphy/ptII/lib/org-openide-util-lookup.jar:/home/travis/build/icyphy/ptII/lib/org-netbeans-api-visual.jar:/home/travis/build/icyphy/ptII/vendors/jai-1_1_2_01/lib/jai_core.jar:/home/travis/build/icyphy/ptII/vendors/jai-1_1_2_01/lib/jai_codec.jar:/home/travis/build/icyphy/ptII/lib/jcerti.jar:/home/travis/build/icyphy/ptII/lib/smack.jar:/home/travis/build/icyphy/ptII/lib/smackx.jar:/home/travis/build/icyphy/ptII/lib/jetty-all-8.1.5-v20120716.jar:/home/travis/build/icyphy/ptII/lib/javax.servlet-api-3.0.1.jar:/home/travis/build/icyphy/ptII/lib/javax.mail.jar:/home/travis/build/icyphy/ptII/vendors/JMF-2.1.1e/lib/jmf.jar:/home/travis/build/icyphy/ptII/lib/jna-4.0.0-variadic.jar:/home/travis/build/icyphy/ptII/vendors/misc/joystick/Joystick.jar:/home/travis/build/icyphy/ptII/lib/ptjacl.jar:/home/travis/build/icyphy/ptII/lib/jsoup-1.8.2.jar:/home/travis/build/icyphy/ptII/lib/junit-4.8.2.jar:/home/travis/build/icyphy/ptII/lib/JUnitParams-0.4.0.jar:/home/travis/build/icyphy/ptII/ptolemy/actor/lib/excel/jxl.jar:/home/travis/build/icyphy/ptII/lib/jython.jar:/home/travis/build/icyphy/ptII/lib/kieler.jar:/home/travis/build/icyphy/ptII/vendors/opencv/share/OpenCV/java/opencv-341.jar:/home/travis/build/icyphy/ptII/lib/oscP5.jar:/home/travis/build/icyphy/ptII/lib/nrjavaserial-3.11.0.devel.jar:/usr/share/java/j3dcore.jar:/usr/share/java/j3dutils.jar:/usr/share/java/vecmath.jar:/home/travis/build/icyphy/ptII/ptolemy/distributed/jini/jar/jini-core.jar:/home/travis/build/icyphy/ptII/ptolemy/distributed/jini/jar/jini-ext.jar:/home/travis/build/icyphy/ptII/ptolemy/distributed/jini/jar/sun-util.jar:/home/travis/build/icyphy/ptII/lib/protobuf-java-2.4.1.jar:/home/travis/build/icyphy/ptII/lib/org.eclipse.paho.client.mqttv3.jar:/home/travis/build/icyphy/ptII/ptserver/lib/hessian-4.0.7.jar:/home/travis/build/icyphy/ptII/ptserver/lib/wmqtt.jar:/home/travis/build/icyphy/ptII/lib/mapss.jar:/home/travis/build/icyphy/ptII/ptolemy/actor/ptalon/antlr/antlr.jar:/home/travis/build/icyphy/ptII/lib/JRI.jar:/home/travis/build/icyphy/ptII/lib/commons-lang-2.6.jar:/home/travis/build/icyphy/ptII/lib/commons-logging-1.1.1.jar:/home/travis/build/icyphy/ptII/lib/sootclasses.jar:/home/travis/build/icyphy/ptII/ptolemy/actor/lib/database/mysql-connector-java-5.1.6-bin.jar:/home/travis/build/icyphy/ptII/vendors/misc/sphinx4/sphinx4-data-5prealpha.jar:/home/travis/build/icyphy/ptII/vendors/misc/sphinx4/sphinx4-core-5prealpha.jar:/home/travis/build/icyphy/ptII/lib/PDFRenderer.jar:/home/travis/build/icyphy/ptII/lib/svgSalamander.jar:/home/travis/build/icyphy/ptII/lib/rsyntaxtextarea-2.6.0-SNAPSHOT.jar:/home/travis/build/icyphy/ptII/lib/hazelcast-3.8.2.jar:/home/travis/build/icyphy/ptII/lib/jackson-annotations-2.9.0.jar:/home/travis/build/icyphy/ptII/lib/jackson-core-2.9.3.jar:/home/travis/build/icyphy/ptII/lib/jackson-databind-2.9.3.jar:/home/travis/build/icyphy/ptII/lib/netty-buffer-4.1.19.Final.jar:/home/travis/build/icyphy/ptII/lib/netty-codec-4.1.19.Final.jar:/home/travis/build/icyphy/ptII/lib/netty-codec-dns-4.1.19.Final.jar:/home/travis/build/icyphy/ptII/lib/netty-codec-http-4.1.19.Final.jar:/home/travis/build/icyphy/ptII/lib/netty-codec-http2-4.1.19.Final.jar:/home/travis/build/icyphy/ptII/lib/netty-common-4.1.19.Final.jar:/home/travis/build/icyphy/ptII/lib/netty-handler-4.1.19.Final.jar:/home/travis/build/icyphy/ptII/lib/netty-resolver-4.1.19.Final.jar:/home/travis/build/icyphy/ptII/lib/netty-resolver-dns-4.1.19.Final.jar:/home/travis/build/icyphy/ptII/lib/netty-transport-4.1.19.Final.jar:/home/travis/build/icyphy/ptII/lib/vertx-codegen-3.5.1.jar:/home/travis/build/icyphy/ptII/lib/vertx-core-3.5.2-SNAPSHOT.jar:/home/travis/build/icyphy/ptII/lib/vertx-hazelcast-3.5.1.jar:/home/travis/build/icyphy/ptII/lib/vertx-lang-js-3.5.1.jar:/home/travis/build/icyphy/ptII/lib/vertx-service-proxy-3.5.1.jar:/home/travis/build/icyphy/ptII/lib/vertx-web-3.5.1.jar:/home/travis/build/icyphy/ptII/lib/slf4j-api-1.7.13.jar:/home/travis/build/icyphy/ptII/lib/slf4j-simple-1.7.13.jar:/home/travis/build/icyphy/ptII/lib/webcam-capture-0.3.12.jar:/home/travis/build/icyphy/ptII/lib/bridj-0.7.0.jar:/home/travis/build/icyphy/ptII/lib/xbjlib-1.1.0.nrjavaserial.jar:/home/travis/build/icyphy/ptII/ptolemy/moml/test:/home/travis/build/icyphy/ptII/ant/lib/ant-launcher.jar:/home/travis/build/icyphy/ptII/ant/lib/ant.jar:/home/travis/build/icyphy/ptII/ant/lib/ant-junit.jar:/home/travis/build/icyphy/ptII/ant/lib/ant-junit4.jar" />
    <property name="ant.library.dir" value="/home/travis/build/icyphy/ptII/ant/lib" />
    <property name="os.arch" value="amd64" />
    <property name="env.TRAVIS_LANGUAGE" value="node_js" />
    <property name="env.CONTINUOUS_INTEGRATION" value="true" />
    <property name="env.TRAVIS_STACK_LANGUAGES" value="__garnet__ c c++ clojure cplusplus cpp default go groovy java node_js php pure_java python ruby scala" />
    <property name="test.name" value="ptolemy.actor.lib.test.junit.JUnitTclTest" />
    <property name="sun.java.launcher" value="SUN_STANDARD" />
    <property name="env.PYTHON_CONFIGURE_OPTS" value="--enable-unicode=ucs4 --with-wide-unicode --enable-shared --enable-ipv6 --enable-loadable-sqlite-extensions --with-computed-gotos" />
    <property name="ant.core.lib" value="/home/travis/build/icyphy/ptII/ant/lib/ant.jar" />
    <property name="java.vm.specification.vendor" value="Oracle Corporation" />
    <property name="env.BCVTB_HOME" value="/home/travis/build/icyphy/ptII/lbnl" />
    <property name="file.separator" value="/" />
    <property name="java.runtime.version" value="1.8.0_151-b12" />
    <property name="spotbugs.home" value="/home/travis/build/icyphy/ptII/vendors/spotbugs-3.1.1" />
    <property name="sun.boot.class.path" value="/usr/lib/jvm/java-8-oracle/jre/lib/resources.jar:/usr/lib/jvm/java-8-oracle/jre/lib/rt.jar:/usr/lib/jvm/java-8-oracle/jre/lib/sunrsasign.jar:/usr/lib/jvm/java-8-oracle/jre/lib/jsse.jar:/usr/lib/jvm/java-8-oracle/jre/lib/jce.jar:/usr/lib/jvm/java-8-oracle/jre/lib/charsets.jar:/usr/lib/jvm/java-8-oracle/jre/lib/jfr.jar:/usr/lib/jvm/java-8-oracle/jre/classes" />
    <property name="env.HAS_JOSH_K_SEAL_OF_APPROVAL" value="true" />
    <property name="env.TRAVIS_OSX_IMAGE" value="" />
    <property name="env.XDG_RUNTIME_DIR" value="/run/user/2000" />
    <property name="env.TRAVIS_BRANCH" value="master" />
    <property name="env.TRAVIS_JOB_ID" value="388504862" />
    <property name="env.CERTI_HOME_TRAVIS" value="/home/travis/pthla/certi-tools" />
    <property name="user.country" value="US" />
    <property name="env.SHELL" value="/bin/bash" />
    <property name="java.maxmemory.large" value="5000m" />
    <property name="model" value="" />
    <property name="env.CASHER_DIR" value="/home/travis/.casher" />
    <property name="env.NVM_CD_FLAGS" value="" />
    <property name="jshint.executable" value="/home/travis/node_modules/jshint/bin/jshint" />
    <property name="java.vendor" value="Oracle Corporation" />
    <property name="env.JRUBY_OPTS" value=" --client -J-XX:+TieredCompilation -J-XX:TieredStopAtLevel=1 -J-Xss2m -Xcompile.invokedynamic=false" />
    <property name="env.TRAVIS_PRE_CHEF_BOOTSTRAP_TIME" value="2017-12-05T19:32:55" />
    <property name="env.TRAVIS_STACK_JOB_BOARD_REGISTER" value="/.job-board-register.yml" />
    <property name="env.ELIXIR_VERSION" value="1.4.5" />
    <property name="java.specification.version" value="1.8" />
    <property name="env.IRBRC" value="/home/travis/.rvm/rubies/ruby-2.4.1/.irbrc" />
    <property name="env.TRAVIS" value="true" />
    <property name="sun.arch.data.model" value="64" />
  </properties>
  <testcase classname="ptolemy.util.test.junit.TclTests" name="[0] /home/travis/build/icyphy/ptII/ptolemy/domains/de/test/DependencyLoop.tcl (RunTclFile)" time="0.737" />
  <testcase classname="ptolemy.util.test.junit.TclTests" name="[1] /home/travis/build/icyphy/ptII/ptolemy/domains/de/test/RunDETestsAsQSS.tcl (RunTclFile)" time="88.069" />
  <testcase classname="ptolemy.util.test.junit.AutoKnownFailedTests" name="[0] /home/travis/build/icyphy/ptII/ptolemy/domains/de/test/auto/knownFailedTests/DESDFClockTest.xml (RunModel)" time="2.043" />
  <testcase classname="ptolemy.util.test.junit.AutoKnownFailedTests" name="[1] /home/travis/build/icyphy/ptII/ptolemy/domains/de/test/auto/knownFailedTests/DirectFeedback.xml (RunModel)" time="0.014" />
  <testcase classname="ptolemy.util.test.junit.AutoKnownFailedTests" name="[2] /home/travis/build/icyphy/ptII/ptolemy/domains/de/test/auto/knownFailedTests/FSMSource.xml (RunModel)" time="0.028" />
  <testcase classname="ptolemy.util.test.junit.AutoKnownFailedTests" name="[3] /home/travis/build/icyphy/ptII/ptolemy/domains/de/test/auto/knownFailedTests/HierarchicalModel.xml (RunModel)" time="0.036" />
  <testcase classname="ptolemy.util.test.junit.AutoKnownFailedTests" name="[4] /home/travis/build/icyphy/ptII/ptolemy/domains/de/test/auto/knownFailedTests/dependencyLoop.xml (RunModel)" time="0.03" />
  <testcase classname="ptolemy.util.test.junit.AutoKnownFailedTests" name="[5] /home/travis/build/icyphy/ptII/ptolemy/domains/de/test/auto/knownFailedTests/dependencyLoop2.xml (RunModel)" time="0.041" />
  <testcase classname="ptolemy.util.test.junit.AutoNameArchTests" name="[0] ThereAreNoAutoArchTests (RunModel)" time="0.001" />
  <testcase classname="ptolemy.util.test.junit.AutoTests" name="[0] /home/travis/build/icyphy/ptII/ptolemy/domains/de/test/auto/ActorDepthCalculation_actorWithoutPorts.xml (RunModel)" time="0.01" />
  <testcase classname="ptolemy.util.test.junit.AutoTests" name="[1] /home/travis/build/icyphy/ptII/ptolemy/domains/de/test/auto/AssemblyLine.xml (RunModel)" time="0.011" />
  <testcase classname="ptolemy.util.test.junit.AutoTests" name="[2] /home/travis/build/icyphy/ptII/ptolemy/domains/de/test/auto/CQBug1.xml (RunModel)" time="0.005" />
  <testcase classname="ptolemy.util.test.junit.AutoTests" name="[3] /home/travis/build/icyphy/ptII/ptolemy/domains/de/test/auto/CancelFireAt.xml (RunModel)" time="0.004" />
  <testcase classname="ptolemy.util.test.junit.AutoTests" name="[4] /home/travis/build/icyphy/ptII/ptolemy/domains/de/test/auto/CausalityAndComposabilityAnalysis.xml (RunModel)" time="0.008" />
  <testcase classname="ptolemy.util.test.junit.AutoTests" name="[5] /home/travis/build/icyphy/ptII/ptolemy/domains/de/test/auto/CausalityInterface1.xml (RunModel)" time="0.01" />
  <testcase classname="ptolemy.util.test.junit.AutoTests" name="[6] /home/travis/build/icyphy/ptII/ptolemy/domains/de/test/auto/CausalityInterface15.xml (RunModel)" time="0.01" />
  <testcase classname="ptolemy.util.test.junit.AutoTests" name="[7] /home/travis/build/icyphy/ptII/ptolemy/domains/de/test/auto/CausalityInterface2.xml (RunModel)" time="0.008" />
  <testcase classname="ptolemy.util.test.junit.AutoTests" name="[8] /home/travis/build/icyphy/ptII/ptolemy/domains/de/test/auto/CausalityInterface3.xml (RunModel)" time="0.008" />
  <testcase classname="ptolemy.util.test.junit.AutoTests" name="[9] /home/travis/build/icyphy/ptII/ptolemy/domains/de/test/auto/ClockDrift.xml (RunModel)" time="0.024" />
  <testcase classname="ptolemy.util.test.junit.AutoTests" name="[10] /home/travis/build/icyphy/ptII/ptolemy/domains/de/test/auto/ClockDriftAndValueChange.xml (RunModel)" time="0.021" />
  <testcase classname="ptolemy.util.test.junit.AutoTests" name="[11] /home/travis/build/icyphy/ptII/ptolemy/domains/de/test/auto/ClockDriftChange.xml (RunModel)" time="0.018" />
  <testcase classname="ptolemy.util.test.junit.AutoTests" name="[12] /home/travis/build/icyphy/ptII/ptolemy/domains/de/test/auto/ComposableCausalityAnalysis.xml (RunModel)" time="0.015" />
  <testcase classname="ptolemy.util.test.junit.AutoTests" name="[13] /home/travis/build/icyphy/ptII/ptolemy/domains/de/test/auto/DEFixedPointLimitation.xml (RunModel)" time="0.007" />
  <testcase classname="ptolemy.util.test.junit.AutoTests" name="[14] /home/travis/build/icyphy/ptII/ptolemy/domains/de/test/auto/DEScheduleTest.xml (RunModel)" time="0.023" />
  <testcase classname="ptolemy.util.test.junit.AutoTests" name="[15] /home/travis/build/icyphy/ptII/ptolemy/domains/de/test/auto/DEinDEwithStartTimes.xml (RunModel)" time="0.017" />
  <testcase classname="ptolemy.util.test.junit.AutoTests" name="[16] /home/travis/build/icyphy/ptII/ptolemy/domains/de/test/auto/DEinDEwithStartTimes2.xml (RunModel)" time="0.014" />
  <testcase classname="ptolemy.util.test.junit.AutoTests" name="[17] /home/travis/build/icyphy/ptII/ptolemy/domains/de/test/auto/DateDemo.xml (RunModel)" time="0.027" />
  <testcase classname="ptolemy.util.test.junit.AutoTests" name="[18] /home/travis/build/icyphy/ptII/ptolemy/domains/de/test/auto/DateToEvent.xml (RunModel)" time="2.05" />
  <testcase classname="ptolemy.util.test.junit.AutoTests" name="[19] /home/travis/build/icyphy/ptII/ptolemy/domains/de/test/auto/DepthTest1.xml (RunModel)" time="0.016" />
  <testcase classname="ptolemy.util.test.junit.AutoTests" name="[20] /home/travis/build/icyphy/ptII/ptolemy/domains/de/test/auto/DepthTest2.xml (RunModel)" time="0.023" />
  <testcase classname="ptolemy.util.test.junit.AutoTests" name="[21] /home/travis/build/icyphy/ptII/ptolemy/domains/de/test/auto/DepthTest3.xml (RunModel)" time="0.007" />
  <testcase classname="ptolemy.util.test.junit.AutoTests" name="[22] /home/travis/build/icyphy/ptII/ptolemy/domains/de/test/auto/DepthTest4.xml (RunModel)" time="0.01" />
  <testcase classname="ptolemy.util.test.junit.AutoTests" name="[23] /home/travis/build/icyphy/ptII/ptolemy/domains/de/test/auto/DepthTest5.xml (RunModel)" time="0.011" />
  <testcase classname="ptolemy.util.test.junit.AutoTests" name="[24] /home/travis/build/icyphy/ptII/ptolemy/domains/de/test/auto/DepthTest6.xml (RunModel)" time="0.013" />
  <testcase classname="ptolemy.util.test.junit.AutoTests" name="[25] /home/travis/build/icyphy/ptII/ptolemy/domains/de/test/auto/DepthTest7.xml (RunModel)" time="0.018" />
  <testcase classname="ptolemy.util.test.junit.AutoTests" name="[26] /home/travis/build/icyphy/ptII/ptolemy/domains/de/test/auto/EventToDate.xml (RunModel)" time="3.047" />
  <testcase classname="ptolemy.util.test.junit.AutoTests" name="[27] /home/travis/build/icyphy/ptII/ptolemy/domains/de/test/auto/FSM1.xml (RunModel)" time="0.021" />
  <testcase classname="ptolemy.util.test.junit.AutoTests" name="[28] /home/travis/build/icyphy/ptII/ptolemy/domains/de/test/auto/FSM7.xml (RunModel)" time="0.019" />
  <testcase classname="ptolemy.util.test.junit.AutoTests" name="[29] /home/travis/build/icyphy/ptII/ptolemy/domains/de/test/auto/Inspection.xml (RunModel)" time="0.024" />
  <testcase classname="ptolemy.util.test.junit.AutoTests" name="[30] /home/travis/build/icyphy/ptII/ptolemy/domains/de/test/auto/Iteration.xml (RunModel)" time="0.012" />
  <testcase classname="ptolemy.util.test.junit.AutoTests" name="[31] /home/travis/build/icyphy/ptII/ptolemy/domains/de/test/auto/LineFault.xml (RunModel)" time="0.386" />
  <testcase classname="ptolemy.util.test.junit.AutoTests" name="[32] /home/travis/build/icyphy/ptII/ptolemy/domains/de/test/auto/MergeModel1Add.xml (RunModel)" time="0.039" />
  <testcase classname="ptolemy.util.test.junit.AutoTests" name="[33] /home/travis/build/icyphy/ptII/ptolemy/domains/de/test/auto/MergeModel2Add.xml (RunModel)" time="0.03" />
  <testcase classname="ptolemy.util.test.junit.AutoTests" name="[34] /home/travis/build/icyphy/ptII/ptolemy/domains/de/test/auto/MergeModel3Add.xml (RunModel)" time="0.037" />
  <testcase classname="ptolemy.util.test.junit.AutoTests" name="[35] /home/travis/build/icyphy/ptII/ptolemy/domains/de/test/auto/MergeWithoutDiscard.xml (RunModel)" time="0.011" />
  <testcase classname="ptolemy.util.test.junit.AutoTests" name="[36] /home/travis/build/icyphy/ptII/ptolemy/domains/de/test/auto/Modal1.xml (RunModel)" time="0.029" />
  <testcase classname="ptolemy.util.test.junit.AutoTests" name="[37] /home/travis/build/icyphy/ptII/ptolemy/domains/de/test/auto/Modal2.xml (RunModel)" time="0.031" />
  <testcase classname="ptolemy.util.test.junit.AutoTests" name="[38] /home/travis/build/icyphy/ptII/ptolemy/domains/de/test/auto/Modal3.xml (RunModel)" time="0.023" />
  <testcase classname="ptolemy.util.test.junit.AutoTests" name="[39] /home/travis/build/icyphy/ptII/ptolemy/domains/de/test/auto/Modal4.xml (RunModel)" time="0.034" />
  <testcase classname="ptolemy.util.test.junit.AutoTests" name="[40] /home/travis/build/icyphy/ptII/ptolemy/domains/de/test/auto/Modal5.xml (RunModel)" time="0.021" />
  <testcase classname="ptolemy.util.test.junit.AutoTests" name="[41] /home/travis/build/icyphy/ptII/ptolemy/domains/de/test/auto/Modal6.xml (RunModel)" time="0.023" />
  <testcase classname="ptolemy.util.test.junit.AutoTests" name="[42] /home/travis/build/icyphy/ptII/ptolemy/domains/de/test/auto/Modal7.xml (RunModel)" time="0.024" />
  <testcase classname="ptolemy.util.test.junit.AutoTests" name="[43] /home/travis/build/icyphy/ptII/ptolemy/domains/de/test/auto/ModalModel.xml (RunModel)" time="0.094" />
  <testcase classname="ptolemy.util.test.junit.AutoTests" name="[44] /home/travis/build/icyphy/ptII/ptolemy/domains/de/test/auto/ModalSource.xml (RunModel)" time="0.011" />
  <testcase classname="ptolemy.util.test.junit.AutoTests" name="[45] /home/travis/build/icyphy/ptII/ptolemy/domains/de/test/auto/NonInterruptibleTimerZeroDelay.xml (RunModel)" time="0.007" />
  <testcase classname="ptolemy.util.test.junit.AutoTests" name="[46] /home/travis/build/icyphy/ptII/ptolemy/domains/de/test/auto/OpenQueueingNetwork.xml (RunModel)" time="2.058" />
  <testcase classname="ptolemy.util.test.junit.AutoTests" name="[47] /home/travis/build/icyphy/ptII/ptolemy/domains/de/test/auto/OpenQueuingNetwork.xml (RunModel)" time="0.256" />
  <testcase classname="ptolemy.util.test.junit.AutoTests" name="[48] /home/travis/build/icyphy/ptII/ptolemy/domains/de/test/auto/PeriodicSampler.xml (RunModel)" time="0.007" />
  <testcase classname="ptolemy.util.test.junit.AutoTests" name="[49] /home/travis/build/icyphy/ptII/ptolemy/domains/de/test/auto/PersistentIO.xml (RunModel)" time="0.016" />
  <testcase classname="ptolemy.util.test.junit.AutoTests" name="[50] /home/travis/build/icyphy/ptII/ptolemy/domains/de/test/auto/PortParameterResetOnInitialize.xml (RunModel)" time="0.008" />
  <testcase classname="ptolemy.util.test.junit.AutoTests" name="[51] /home/travis/build/icyphy/ptII/ptolemy/domains/de/test/auto/PortParameterUpdates.xml (RunModel)" time="0.011" />
  <testcase classname="ptolemy.util.test.junit.AutoTests" name="[52] /home/travis/build/icyphy/ptII/ptolemy/domains/de/test/auto/QueueAndServer.xml (RunModel)" time="0.017" />
  <testcase classname="ptolemy.util.test.junit.AutoTests" name="[53] /home/travis/build/icyphy/ptII/ptolemy/domains/de/test/auto/Records.xml (RunModel)" time="0.012" />
  <testcase classname="ptolemy.util.test.junit.AutoTests" name="[54] /home/travis/build/icyphy/ptII/ptolemy/domains/de/test/auto/ResetTransitionWithStartTime1.xml (RunModel)" time="0.016" />
  <testcase classname="ptolemy.util.test.junit.AutoTests" name="[55] /home/travis/build/icyphy/ptII/ptolemy/domains/de/test/auto/ResetTransitionWithStartTime2.xml (RunModel)" time="0.015" />
  <testcase classname="ptolemy.util.test.junit.AutoTests" name="[56] /home/travis/build/icyphy/ptII/ptolemy/domains/de/test/auto/ResetTransitionWithStartTime3.xml (RunModel)" time="0.016" />
  <testcase classname="ptolemy.util.test.junit.AutoTests" name="[57] /home/travis/build/icyphy/ptII/ptolemy/domains/de/test/auto/ResetTransitionWithStartTime4.xml (RunModel)" time="0.015" />
  <testcase classname="ptolemy.util.test.junit.AutoTests" name="[58] /home/travis/build/icyphy/ptII/ptolemy/domains/de/test/auto/ResettableTimer1.xml (RunModel)" time="0.01" />
  <testcase classname="ptolemy.util.test.junit.AutoTests" name="[59] /home/travis/build/icyphy/ptII/ptolemy/domains/de/test/auto/ResettableTimer2.xml (RunModel)" time="0.008" />
  <testcase classname="ptolemy.util.test.junit.AutoTests" name="[60] /home/travis/build/icyphy/ptII/ptolemy/domains/de/test/auto/ResettableTimer3.xml (RunModel)" time="0.008" />
  <testcase classname="ptolemy.util.test.junit.AutoTests" name="[61] /home/travis/build/icyphy/ptII/ptolemy/domains/de/test/auto/ResettableTimer4.xml (RunModel)" time="0.008" />
  <testcase classname="ptolemy.util.test.junit.AutoTests" name="[62] /home/travis/build/icyphy/ptII/ptolemy/domains/de/test/auto/ResettableTimer5.xml (RunModel)" time="0.01" />
  <testcase classname="ptolemy.util.test.junit.AutoTests" name="[63] /home/travis/build/icyphy/ptII/ptolemy/domains/de/test/auto/ResettableTimer6.xml (RunModel)" time="0.009" />
  <testcase classname="ptolemy.util.test.junit.AutoTests" name="[64] /home/travis/build/icyphy/ptII/ptolemy/domains/de/test/auto/ServerZeroDelay.xml (RunModel)" time="0.01" />
  <testcase classname="ptolemy.util.test.junit.AutoTests" name="[65] /home/travis/build/icyphy/ptII/ptolemy/domains/de/test/auto/SmartSender.xml (RunModel)" time="3.008" />
  <testcase classname="ptolemy.util.test.junit.AutoTests" name="[66] /home/travis/build/icyphy/ptII/ptolemy/domains/de/test/auto/ThreadedComposite.xml (RunModel)" time="0.14" />
  <testcase classname="ptolemy.util.test.junit.AutoTests" name="[67] /home/travis/build/icyphy/ptII/ptolemy/domains/de/test/auto/Time.xml (RunModel)" time="0.41" />
  <testcase classname="ptolemy.util.test.junit.AutoTests" name="[68] /home/travis/build/icyphy/ptII/ptolemy/domains/de/test/auto/TimeDelayZeroDelay.xml (RunModel)" time="0.01" />
  <testcase classname="ptolemy.util.test.junit.AutoTests" name="[69] /home/travis/build/icyphy/ptII/ptolemy/domains/de/test/auto/TimerZeroDelay.xml (RunModel)" time="0.01" />
  <testcase classname="ptolemy.util.test.junit.AutoTests" name="[70] /home/travis/build/icyphy/ptII/ptolemy/domains/de/test/auto/TimingParadox.xml (RunModel)" time="0.337" />
  <testcase classname="ptolemy.util.test.junit.AutoTests" name="[71] /home/travis/build/icyphy/ptII/ptolemy/domains/de/test/auto/TransferInputs.xml (RunModel)" time="0.009" />
  <testcase classname="ptolemy.util.test.junit.AutoTests" name="[72] /home/travis/build/icyphy/ptII/ptolemy/domains/de/test/auto/TransferOutputs2.xml (RunModel)" time="0.019" />
  <testcase classname="ptolemy.util.test.junit.AutoTests" name="[73] /home/travis/build/icyphy/ptII/ptolemy/domains/de/test/auto/Trilateration.xml (RunModel)" time="11.676" />
  <testcase classname="ptolemy.util.test.junit.AutoTests" name="[74] /home/travis/build/icyphy/ptII/ptolemy/domains/de/test/auto/TwoSigmaDelta.xml (RunModel)" time="2.018" />
  <testcase classname="ptolemy.util.test.junit.AutoTests" name="[75] /home/travis/build/icyphy/ptII/ptolemy/domains/de/test/auto/VariableDelay.xml (RunModel)" time="0.01" />
  <testcase classname="ptolemy.util.test.junit.AutoTests" name="[76] /home/travis/build/icyphy/ptII/ptolemy/domains/de/test/auto/VariableDelay2.xml (RunModel)" time="0.007" />
  <testcase classname="ptolemy.util.test.junit.AutoTests" name="[77] /home/travis/build/icyphy/ptII/ptolemy/domains/de/test/auto/VariableDelayZeroDelay.xml (RunModel)" time="0.009" />
  <testcase classname="ptolemy.util.test.junit.AutoTests" name="[78] /home/travis/build/icyphy/ptII/ptolemy/domains/de/test/auto/VariableDelayZeroDelay2.xml (RunModel)" time="0.009" />
  <testcase classname="ptolemy.util.test.junit.AutoTests" name="[79] /home/travis/build/icyphy/ptII/ptolemy/domains/de/test/auto/deInCt.xml (RunModel)" time="0.019" />
  <testcase classname="ptolemy.util.test.junit.AutoTests" name="[80] /home/travis/build/icyphy/ptII/ptolemy/domains/de/test/auto/deInCt2.xml (RunModel)" time="0.025" />
  <testcase classname="ptolemy.util.test.junit.AutoTests" name="[81] /home/travis/build/icyphy/ptII/ptolemy/domains/de/test/auto/dynamicCausalityInterface1.xml (RunModel)" time="0.021" />
  <testcase classname="ptolemy.util.test.junit.AutoTests" name="[82] /home/travis/build/icyphy/ptII/ptolemy/domains/de/test/auto/fsm_de_test.xml (RunModel)" time="0.024" />
  <testcase classname="ptolemy.util.test.junit.AutoTests" name="[83] /home/travis/build/icyphy/ptII/ptolemy/domains/de/test/auto/functionDependencyReconstruction.xml (RunModel)" time="0.034" />
  <testcase classname="ptolemy.util.test.junit.AutoTests" name="[84] /home/travis/build/icyphy/ptII/ptolemy/domains/de/test/auto/multirate.xml (RunModel)" time="0.016" />
  <testcase classname="ptolemy.util.test.junit.AutoTests" name="[85] /home/travis/build/icyphy/ptII/ptolemy/domains/de/test/auto/multirate2.xml (RunModel)" time="0.014" />
  <testcase classname="ptolemy.util.test.junit.AutoTests" name="[86] /home/travis/build/icyphy/ptII/ptolemy/domains/de/test/auto/realtime.xml (RunModel)" time="10.01" />
  <testcase classname="ptolemy.util.test.junit.AutoTests" name="[87] /home/travis/build/icyphy/ptII/ptolemy/domains/de/test/auto/relationGroup.xml (RunModel)" time="0.006" />
  <testcase classname="ptolemy.util.test.junit.AutoTests" name="[88] /home/travis/build/icyphy/ptII/ptolemy/domains/de/test/auto/relationGroup2.xml (RunModel)" time="0.006" />
  <testcase classname="ptolemy.util.test.junit.AutoTests" name="[89] /home/travis/build/icyphy/ptII/ptolemy/domains/de/test/auto/sortWithOpaquePorts.xml (RunModel)" time="0.008" />
  <testcase classname="ptolemy.util.test.junit.AutoTests" name="[90] /home/travis/build/icyphy/ptII/ptolemy/domains/de/test/auto/transferInputsandOutputs.xml (RunModel)" time="0.013" />
  <testcase classname="ptolemy.util.test.junit.AutoTests" name="[91] /home/travis/build/icyphy/ptII/ptolemy/domains/de/test/auto/triggerType.xml (RunModel)" time="0.008" />
  <system-out><![CDATA[/home/travis/build/icyphy/ptII/ptolemy/domains/de/test/DependencyLoop.tcl
testDefs.tcl: setting time out to 9000 seconds at Tue Jun 05 23:00:59 UTC 2018
14 ms. Memory: 116224K Free: 95039K (82%)
11 ms. Memory: 146944K Free: 137888K (94%)
/home/travis/build/icyphy/ptII/ptolemy/domains/de/test/RunDETestsAsQSS.tcl
Run the DE tests using ptolemy.domains.qss.test.QSSDirectorTest, which extends QSSDirector and prints a message in the constructors.
------------------ testing $PTII/ptolemy/domains/de/test/auto/knownFailedTests/dependencyLoop.xml (Known Failure) 
7 ms. Memory: 146944K Free: 133611K (91%)


==== $PTIIhome/travis/build/icyphy/ptII/ptolemy/domains/de/test/../../../../: Auto Automatic test in file $PTII/ptolemy/domains/de/test/auto/knownFailedTests/dependencyLoop.xml
==== Contents of test case:

	    # FIXME: we should use $relativeFilename here, but it
	    # might have backslashes under Windows, which causes no end
	    # of trouble.
	    createAndExecute $file
	    list {}
	
.... Test generated KNOWN error:
    while executing
ptolemy.kernel.util.IllegalActionException: Found a zero delay loop containing .dependencyLoop.original
  in .dependencyLoop and .dependencyLoop.original
	at ptolemy.actor.util.CausalityInterfaceForComposites._computeOutputPortDepth(CausalityInterfaceForComposites.java:759)
	at ptolemy.actor.util.CausalityInterfaceForComposites._computeInputDepth(CausalityInterfaceForComposites.java:696)
	at ptolemy.actor.util.CausalityInterfaceForComposites._computeOutputPortDepth(CausalityInterfaceForComposites.java:765)
	at ptolemy.actor.util.CausalityInterfaceForComposites._computeInputDepth(CausalityInterfaceForComposites.java:696)
	at ptolemy.actor.util.CausalityInterfaceForComposites._computeOutputPortDepth(CausalityInterfaceForComposites.java:765)
	at ptolemy.actor.util.CausalityInterfaceForComposites._computeInputDepth(CausalityInterfaceForComposites.java:696)
	at ptolemy.actor.util.CausalityInterfaceForComposites._computeActorDepth(CausalityInterfaceForComposites.java:532)
	at ptolemy.actor.util.CausalityInterfaceForComposites.checkForCycles(CausalityInterfaceForComposites.java:96)
	at ptolemy.domains.de.kernel.DEDirector.preinitialize(DEDirector.java:1337)
	at ptolemy.actor.CompositeActor.preinitialize(CompositeActor.java:1828)
	at ptolemy.actor.Manager.preinitializeAndResolveTypes(Manager.java:1040)
	at ptolemy.actor.Manager.initialize(Manager.java:710)
	at ptolemy.actor.Manager.execute(Manager.java:356)
	at ptolemy.actor.Manager.run(Manager.java:1263)
	at ptolemy.actor.Manager$PtolemyRunThread.run(Manager.java:1915)

    while executing
ptolemy.kernel.util.IllegalActionException: Found a zero delay loop containing .dependencyLoop.original
  in .dependencyLoop and .dependencyLoop.original
    while executing
"java::new ptolemy.moml.MoMLSimpleApplication $file
"
    (procedure "createAndExecute" line 2)
    invoked from within
"createAndExecute $file"
    ("uplevel" body line 5)
    invoked from within
"uplevel $contents_of_test"
------------------ testing $PTII/ptolemy/domains/de/test/auto/knownFailedTests/DESDFClockTest.xml (Known Failure) 
2112 ms. Memory: 146944K Free: 117755K (80%)


==== $PTIIhome/travis/build/icyphy/ptII/ptolemy/domains/de/test/../../../../: Auto Automatic test in file $PTII/ptolemy/domains/de/test/auto/knownFailedTests/DESDFClockTest.xml
==== Contents of test case:

	    # FIXME: we should use $relativeFilename here, but it
	    # might have backslashes under Windows, which causes no end
	    # of trouble.
	    createAndExecute $file
	    list {}
	
.... Test generated KNOWN error:
    while executing
ptolemy.kernel.util.IllegalActionException: Actor is not ready to fire.  Perhaps UpSample.prefire() returned false? Try debugging the actor by selecting "Listen to Actor".  Also, for SDF check moml for tokenConsumptionRate on input.
  in .DESDFClockTest.Play Bell.Copy1:SDF Director and .DESDFClockTest.Play Bell.UpSample
	at ptolemy.actor.sched.StaticSchedulingDirector.fire(StaticSchedulingDirector.java:227)
	at ptolemy.domains.sdf.kernel.SDFDirector.fire(SDFDirector.java:500)
	at ptolemy.actor.CompositeActor.fire(CompositeActor.java:455)
	at ptolemy.domains.de.kernel.DEDirector._fire(DEDirector.java:1948)
	at ptolemy.domains.de.kernel.DEDirector.fire(DEDirector.java:502)
	at ptolemy.actor.CompositeActor.fire(CompositeActor.java:455)
	at ptolemy.actor.Manager.iterate(Manager.java:851)
	at ptolemy.actor.Manager.execute(Manager.java:369)
	at ptolemy.actor.Manager.run(Manager.java:1263)
	at ptolemy.actor.Manager$PtolemyRunThread.run(Manager.java:1915)

    while executing
ptolemy.kernel.util.IllegalActionException: Actor is not ready to fire.  Perhaps UpSample.prefire() returned false? Try debugging the actor by selecting "Listen to Actor".  Also, for SDF check moml for tokenConsumptionRate on input.
  in .DESDFClockTest.Play Bell.Copy1:SDF Director and .DESDFClockTest.Play Bell.UpSample
    while executing
"java::new ptolemy.moml.MoMLSimpleApplication $file
"
    (procedure "createAndExecute" line 2)
    invoked from within
"createAndExecute $file"
    ("uplevel" body line 5)
    invoked from within
"uplevel $contents_of_test"
------------------ testing $PTII/ptolemy/domains/de/test/auto/knownFailedTests/FSMSource.xml (Known Failure) 
40 ms. Memory: 146944K Free: 108770K (74%)
!!!! Auto was marked as failing, but now passes
------------------ testing $PTII/ptolemy/domains/de/test/auto/knownFailedTests/dependencyLoop2.xml (Known Failure) 
6 ms. Memory: 146944K Free: 106911K (73%)


==== $PTIIhome/travis/build/icyphy/ptII/ptolemy/domains/de/test/../../../../: Auto Automatic test in file $PTII/ptolemy/domains/de/test/auto/knownFailedTests/dependencyLoop2.xml
==== Contents of test case:

	    # FIXME: we should use $relativeFilename here, but it
	    # might have backslashes under Windows, which causes no end
	    # of trouble.
	    createAndExecute $file
	    list {}
	
.... Test generated KNOWN error:
    while executing
ptolemy.kernel.util.IllegalActionException: Found a zero delay loop containing .dependencyLoop2.original
  in .dependencyLoop2 and .dependencyLoop2.original
	at ptolemy.actor.util.CausalityInterfaceForComposites._computeOutputPortDepth(CausalityInterfaceForComposites.java:759)
	at ptolemy.actor.util.CausalityInterfaceForComposites._computeInputDepth(CausalityInterfaceForComposites.java:696)
	at ptolemy.actor.util.CausalityInterfaceForComposites._computeOutputPortDepth(CausalityInterfaceForComposites.java:765)
	at ptolemy.actor.util.CausalityInterfaceForComposites._computeInputDepth(CausalityInterfaceForComposites.java:696)
	at ptolemy.actor.util.CausalityInterfaceForComposites._computeOutputPortDepth(CausalityInterfaceForComposites.java:765)
	at ptolemy.actor.util.CausalityInterfaceForComposites._computeInputDepth(CausalityInterfaceForComposites.java:696)
	at ptolemy.actor.util.CausalityInterfaceForComposites._computeActorDepth(CausalityInterfaceForComposites.java:532)
	at ptolemy.actor.util.CausalityInterfaceForComposites.checkForCycles(CausalityInterfaceForComposites.java:96)
	at ptolemy.domains.de.kernel.DEDirector.preinitialize(DEDirector.java:1337)
	at ptolemy.actor.CompositeActor.preinitialize(CompositeActor.java:1828)
	at ptolemy.actor.Manager.preinitializeAndResolveTypes(Manager.java:1040)
	at ptolemy.actor.Manager.initialize(Manager.java:710)
	at ptolemy.actor.Manager.execute(Manager.java:356)
	at ptolemy.actor.Manager.run(Manager.java:1263)
	at ptolemy.actor.Manager$PtolemyRunThread.run(Manager.java:1915)

    while executing
ptolemy.kernel.util.IllegalActionException: Found a zero delay loop containing .dependencyLoop2.original
  in .dependencyLoop2 and .dependencyLoop2.original
    while executing
"java::new ptolemy.moml.MoMLSimpleApplication $file
"
    (procedure "createAndExecute" line 2)
    invoked from within
"createAndExecute $file"
    ("uplevel" body line 5)
    invoked from within
"uplevel $contents_of_test"
------------------ testing $PTII/ptolemy/domains/de/test/auto/knownFailedTests/HierarchicalModel.xml (Known Failure) 
16 ms. Memory: 146944K Free: 86342K (59%)


==== $PTIIhome/travis/build/icyphy/ptII/ptolemy/domains/de/test/../../../../: Auto Automatic test in file $PTII/ptolemy/domains/de/test/auto/knownFailedTests/HierarchicalModel.xml
==== Contents of test case:

	    # FIXME: we should use $relativeFilename here, but it
	    # might have backslashes under Windows, which causes no end
	    # of trouble.
	    createAndExecute $file
	    list {}
	
.... Test generated KNOWN error:
    while executing
ptolemy.kernel.util.IllegalActionException: Found a zero delay loop containing .HierarchicalModel.A
  in .HierarchicalModel and .HierarchicalModel.A
	at ptolemy.actor.util.CausalityInterfaceForComposites._computeOutputPortDepth(CausalityInterfaceForComposites.java:759)
	at ptolemy.actor.util.CausalityInterfaceForComposites._computeInputDepth(CausalityInterfaceForComposites.java:696)
	at ptolemy.actor.util.CausalityInterfaceForComposites._computeOutputPortDepth(CausalityInterfaceForComposites.java:765)
	at ptolemy.actor.util.CausalityInterfaceForComposites._computeInputDepth(CausalityInterfaceForComposites.java:696)
	at ptolemy.actor.util.CausalityInterfaceForComposites._computeOutputPortDepth(CausalityInterfaceForComposites.java:765)
	at ptolemy.actor.util.CausalityInterfaceForComposites._computeInputDepth(CausalityInterfaceForComposites.java:696)
	at ptolemy.actor.util.CausalityInterfaceForComposites._computeActorDepth(CausalityInterfaceForComposites.java:532)
	at ptolemy.actor.util.CausalityInterfaceForComposites.checkForCycles(CausalityInterfaceForComposites.java:96)
	at ptolemy.domains.de.kernel.DEDirector.preinitialize(DEDirector.java:1337)
	at ptolemy.actor.CompositeActor.preinitialize(CompositeActor.java:1828)
	at ptolemy.actor.Manager.preinitializeAndResolveTypes(Manager.java:1040)
	at ptolemy.actor.Manager.initialize(Manager.java:710)
	at ptolemy.actor.Manager.execute(Manager.java:356)
	at ptolemy.actor.Manager.run(Manager.java:1263)
	at ptolemy.actor.Manager$PtolemyRunThread.run(Manager.java:1915)

    while executing
ptolemy.kernel.util.IllegalActionException: Found a zero delay loop containing .HierarchicalModel.A
  in .HierarchicalModel and .HierarchicalModel.A
    while executing
"java::new ptolemy.moml.MoMLSimpleApplication $file
"
    (procedure "createAndExecute" line 2)
    invoked from within
"createAndExecute $file"
    ("uplevel" body line 5)
    invoked from within
"uplevel $contents_of_test"
------------------ testing $PTII/ptolemy/domains/de/test/auto/knownFailedTests/DirectFeedback.xml (Known Failure) 
20 ms. Memory: 146944K Free: 142556K (97%)


==== $PTIIhome/travis/build/icyphy/ptII/ptolemy/domains/de/test/../../../../: Auto Automatic test in file $PTII/ptolemy/domains/de/test/auto/knownFailedTests/DirectFeedback.xml
==== Contents of test case:

	    # FIXME: we should use $relativeFilename here, but it
	    # might have backslashes under Windows, which causes no end
	    # of trouble.
	    createAndExecute $file
	    list {}
	
.... Test generated KNOWN error:
    while executing
ptolemy.kernel.util.IllegalActionException: Test fails in iteration 1.
Value was: 1.0. Should have been: 2.0
  in .DirectFeedback.Test
	at ptolemy.actor.lib.Test.fire(Test.java:268)
	at ptolemy.domains.de.kernel.DEDirector._fire(DEDirector.java:1948)
	at ptolemy.domains.de.kernel.DEDirector.fire(DEDirector.java:502)
	at ptolemy.actor.CompositeActor.fire(CompositeActor.java:455)
	at ptolemy.actor.Manager.iterate(Manager.java:851)
	at ptolemy.actor.Manager.execute(Manager.java:369)
	at ptolemy.actor.Manager.run(Manager.java:1263)
	at ptolemy.actor.Manager$PtolemyRunThread.run(Manager.java:1915)

    while executing
ptolemy.kernel.util.IllegalActionException: Test fails in iteration 1.
Value was: 1.0. Should have been: 2.0
  in .DirectFeedback.Test
    while executing
"java::new ptolemy.moml.MoMLSimpleApplication $file
"
    (procedure "createAndExecute" line 2)
    invoked from within
"createAndExecute $file"
    ("uplevel" body line 5)
    invoked from within
"uplevel $contents_of_test"
------------------ testing $PTII/ptolemy/domains/de/test/auto/ActorDepthCalculation_actorWithoutPorts.xml
auto.tcl: Setting watchdog for 200 seconds at Tue Jun 05 23:01:02 UTC 2018
9 ms. Memory: 146944K Free: 133574K (91%)
ptolemy.util.test.WatchDog.cancel(): canceling Tue Jun 05 23:01:03 UTC 2018
auto.tcl: Setting watchdog for 200 seconds at Tue Jun 05 23:01:03 UTC 2018
5 ms. Memory: 146944K Free: 132532K (90%)
ptolemy.util.test.WatchDog.cancel(): canceling Tue Jun 05 23:01:03 UTC 2018
------------------ testing $PTII/ptolemy/domains/de/test/auto/AssemblyLine.xml
auto.tcl: Setting watchdog for 200 seconds at Tue Jun 05 23:01:03 UTC 2018
12 ms. Memory: 208384K Free: 182812K (88%)
ptolemy.util.test.WatchDog.cancel(): canceling Tue Jun 05 23:01:03 UTC 2018
auto.tcl: Setting watchdog for 200 seconds at Tue Jun 05 23:01:03 UTC 2018
10 ms. Memory: 208384K Free: 182812K (88%)
ptolemy.util.test.WatchDog.cancel(): canceling Tue Jun 05 23:01:03 UTC 2018
------------------ testing $PTII/ptolemy/domains/de/test/auto/CQBug1.xml
auto.tcl: Setting watchdog for 200 seconds at Tue Jun 05 23:01:03 UTC 2018
5 ms. Memory: 208384K Free: 197699K (95%)
ptolemy.util.test.WatchDog.cancel(): canceling Tue Jun 05 23:01:03 UTC 2018
auto.tcl: Setting watchdog for 200 seconds at Tue Jun 05 23:01:03 UTC 2018
1 ms. Memory: 208384K Free: 197699K (95%)
ptolemy.util.test.WatchDog.cancel(): canceling Tue Jun 05 23:01:03 UTC 2018
------------------ testing $PTII/ptolemy/domains/de/test/auto/CancelFireAt.xml
auto.tcl: Setting watchdog for 200 seconds at Tue Jun 05 23:01:03 UTC 2018
4 ms. Memory: 208384K Free: 201426K (97%)
ptolemy.util.test.WatchDog.cancel(): canceling Tue Jun 05 23:01:03 UTC 2018
auto.tcl: Setting watchdog for 200 seconds at Tue Jun 05 23:01:03 UTC 2018
5 ms. Memory: 208384K Free: 198981K (95%)
ptolemy.util.test.WatchDog.cancel(): canceling Tue Jun 05 23:01:03 UTC 2018
------------------ testing $PTII/ptolemy/domains/de/test/auto/CausalityAndComposabilityAnalysis.xml
auto.tcl: Setting watchdog for 200 seconds at Tue Jun 05 23:01:03 UTC 2018
14 ms. Memory: 208384K Free: 196472K (94%)
ptolemy.util.test.WatchDog.cancel(): canceling Tue Jun 05 23:01:03 UTC 2018
auto.tcl: Setting watchdog for 200 seconds at Tue Jun 05 23:01:03 UTC 2018
6 ms. Memory: 208384K Free: 196472K (94%)
ptolemy.util.test.WatchDog.cancel(): canceling Tue Jun 05 23:01:03 UTC 2018
------------------ testing $PTII/ptolemy/domains/de/test/auto/CausalityInterface1.xml
auto.tcl: Setting watchdog for 200 seconds at Tue Jun 05 23:01:03 UTC 2018
13 ms. Memory: 208384K Free: 196410K (94%)
ptolemy.util.test.WatchDog.cancel(): canceling Tue Jun 05 23:01:04 UTC 2018
auto.tcl: Setting watchdog for 200 seconds at Tue Jun 05 23:01:04 UTC 2018
4 ms. Memory: 208384K Free: 196410K (94%)
ptolemy.util.test.WatchDog.cancel(): canceling Tue Jun 05 23:01:04 UTC 2018
------------------ testing $PTII/ptolemy/domains/de/test/auto/CausalityInterface15.xml
auto.tcl: Setting watchdog for 200 seconds at Tue Jun 05 23:01:04 UTC 2018
5 ms. Memory: 208384K Free: 196400K (94%)
ptolemy.util.test.WatchDog.cancel(): canceling Tue Jun 05 23:01:04 UTC 2018
auto.tcl: Setting watchdog for 200 seconds at Tue Jun 05 23:01:04 UTC 2018
5 ms. Memory: 208384K Free: 196400K (94%)
ptolemy.util.test.WatchDog.cancel(): canceling Tue Jun 05 23:01:04 UTC 2018
------------------ testing $PTII/ptolemy/domains/de/test/auto/CausalityInterface2.xml
auto.tcl: Setting watchdog for 200 seconds at Tue Jun 05 23:01:04 UTC 2018
8 ms. Memory: 208384K Free: 196384K (94%)
ptolemy.util.test.WatchDog.cancel(): canceling Tue Jun 05 23:01:04 UTC 2018
auto.tcl: Setting watchdog for 200 seconds at Tue Jun 05 23:01:04 UTC 2018
3 ms. Memory: 208384K Free: 196384K (94%)
ptolemy.util.test.WatchDog.cancel(): canceling Tue Jun 05 23:01:04 UTC 2018
------------------ testing $PTII/ptolemy/domains/de/test/auto/CausalityInterface3.xml
auto.tcl: Setting watchdog for 200 seconds at Tue Jun 05 23:01:04 UTC 2018
4 ms. Memory: 208384K Free: 196397K (94%)
ptolemy.util.test.WatchDog.cancel(): canceling Tue Jun 05 23:01:04 UTC 2018
auto.tcl: Setting watchdog for 200 seconds at Tue Jun 05 23:01:04 UTC 2018
6 ms. Memory: 208384K Free: 196397K (94%)
ptolemy.util.test.WatchDog.cancel(): canceling Tue Jun 05 23:01:04 UTC 2018
------------------ testing $PTII/ptolemy/domains/de/test/auto/ClockDrift.xml
auto.tcl: Setting watchdog for 200 seconds at Tue Jun 05 23:01:04 UTC 2018
61 ms. Memory: 208384K Free: 187608K (90%)
ptolemy.util.test.WatchDog.cancel(): canceling Tue Jun 05 23:01:04 UTC 2018
auto.tcl: Setting watchdog for 200 seconds at Tue Jun 05 23:01:04 UTC 2018
76 ms. Memory: 208384K Free: 185500K (89%)
ptolemy.util.test.WatchDog.cancel(): canceling Tue Jun 05 23:01:04 UTC 2018
------------------ testing $PTII/ptolemy/domains/de/test/auto/ClockDriftAndValueChange.xml
auto.tcl: Setting watchdog for 200 seconds at Tue Jun 05 23:01:04 UTC 2018
27 ms. Memory: 208384K Free: 187444K (90%)
ptolemy.util.test.WatchDog.cancel(): canceling Tue Jun 05 23:01:04 UTC 2018
auto.tcl: Setting watchdog for 200 seconds at Tue Jun 05 23:01:04 UTC 2018
22 ms. Memory: 208384K Free: 185337K (89%)
ptolemy.util.test.WatchDog.cancel(): canceling Tue Jun 05 23:01:04 UTC 2018
------------------ testing $PTII/ptolemy/domains/de/test/auto/ClockDriftChange.xml
auto.tcl: Setting watchdog for 200 seconds at Tue Jun 05 23:01:04 UTC 2018
36 ms. Memory: 208384K Free: 190778K (92%)
ptolemy.util.test.WatchDog.cancel(): canceling Tue Jun 05 23:01:04 UTC 2018
auto.tcl: Setting watchdog for 200 seconds at Tue Jun 05 23:01:04 UTC 2018
19 ms. Memory: 208384K Free: 188671K (91%)
ptolemy.util.test.WatchDog.cancel(): canceling Tue Jun 05 23:01:04 UTC 2018
------------------ testing $PTII/ptolemy/domains/de/test/auto/ComposableCausalityAnalysis.xml
auto.tcl: Setting watchdog for 200 seconds at Tue Jun 05 23:01:04 UTC 2018
2 ms. Memory: 208384K Free: 196260K (94%)
ptolemy.util.test.WatchDog.cancel(): canceling Tue Jun 05 23:01:04 UTC 2018
auto.tcl: Setting watchdog for 200 seconds at Tue Jun 05 23:01:04 UTC 2018
1 ms. Memory: 208384K Free: 194153K (93%)
ptolemy.util.test.WatchDog.cancel(): canceling Tue Jun 05 23:01:04 UTC 2018
------------------ testing $PTII/ptolemy/domains/de/test/auto/DEFixedPointLimitation.xml
auto.tcl: Setting watchdog for 200 seconds at Tue Jun 05 23:01:05 UTC 2018
2 ms. Memory: 208384K Free: 196341K (94%)
ptolemy.util.test.WatchDog.cancel(): canceling Tue Jun 05 23:01:05 UTC 2018
auto.tcl: Setting watchdog for 200 seconds at Tue Jun 05 23:01:05 UTC 2018
2 ms. Memory: 208384K Free: 196341K (94%)
ptolemy.util.test.WatchDog.cancel(): canceling Tue Jun 05 23:01:05 UTC 2018
------------------ testing $PTII/ptolemy/domains/de/test/auto/DEScheduleTest.xml
auto.tcl: Setting watchdog for 200 seconds at Tue Jun 05 23:01:05 UTC 2018
14 ms. Memory: 208384K Free: 198483K (95%)
ptolemy.util.test.WatchDog.cancel(): canceling Tue Jun 05 23:01:05 UTC 2018
auto.tcl: Setting watchdog for 200 seconds at Tue Jun 05 23:01:05 UTC 2018
7 ms. Memory: 208384K Free: 196376K (94%)
ptolemy.util.test.WatchDog.cancel(): canceling Tue Jun 05 23:01:05 UTC 2018
------------------ testing $PTII/ptolemy/domains/de/test/auto/DEinDEwithStartTimes.xml
auto.tcl: Setting watchdog for 200 seconds at Tue Jun 05 23:01:05 UTC 2018
4 ms. Memory: 208384K Free: 196345K (94%)
ptolemy.util.test.WatchDog.cancel(): canceling Tue Jun 05 23:01:05 UTC 2018
auto.tcl: Setting watchdog for 200 seconds at Tue Jun 05 23:01:05 UTC 2018
4 ms. Memory: 208384K Free: 194238K (93%)
ptolemy.util.test.WatchDog.cancel(): canceling Tue Jun 05 23:01:05 UTC 2018
------------------ testing $PTII/ptolemy/domains/de/test/auto/DEinDEwithStartTimes2.xml
auto.tcl: Setting watchdog for 200 seconds at Tue Jun 05 23:01:05 UTC 2018
10 ms. Memory: 208384K Free: 196325K (94%)
ptolemy.util.test.WatchDog.cancel(): canceling Tue Jun 05 23:01:05 UTC 2018
auto.tcl: Setting watchdog for 200 seconds at Tue Jun 05 23:01:05 UTC 2018
6 ms. Memory: 208384K Free: 194217K (93%)
ptolemy.util.test.WatchDog.cancel(): canceling Tue Jun 05 23:01:05 UTC 2018
------------------ testing $PTII/ptolemy/domains/de/test/auto/DateDemo.xml
auto.tcl: Setting watchdog for 200 seconds at Tue Jun 05 23:01:05 UTC 2018
14 ms. Memory: 208384K Free: 188732K (91%)
ptolemy.util.test.WatchDog.cancel(): canceling Tue Jun 05 23:01:05 UTC 2018
auto.tcl: Setting watchdog for 200 seconds at Tue Jun 05 23:01:05 UTC 2018
9 ms. Memory: 208384K Free: 186625K (90%)
ptolemy.util.test.WatchDog.cancel(): canceling Tue Jun 05 23:01:05 UTC 2018
------------------ testing $PTII/ptolemy/domains/de/test/auto/DateToEvent.xml
auto.tcl: Setting watchdog for 200 seconds at Tue Jun 05 23:01:05 UTC 2018
2010 ms. Memory: 208384K Free: 183433K (88%)
ptolemy.util.test.WatchDog.cancel(): canceling Tue Jun 05 23:01:07 UTC 2018
auto.tcl: Setting watchdog for 200 seconds at Tue Jun 05 23:01:07 UTC 2018
2006 ms. Memory: 208384K Free: 180975K (87%)
ptolemy.util.test.WatchDog.cancel(): canceling Tue Jun 05 23:01:09 UTC 2018
------------------ testing $PTII/ptolemy/domains/de/test/auto/DepthTest1.xml
auto.tcl: Setting watchdog for 200 seconds at Tue Jun 05 23:01:09 UTC 2018
3 ms. Memory: 208384K Free: 198010K (95%)
ptolemy.util.test.WatchDog.cancel(): canceling Tue Jun 05 23:01:09 UTC 2018
auto.tcl: Setting watchdog for 200 seconds at Tue Jun 05 23:01:09 UTC 2018
4 ms. Memory: 208384K Free: 198010K (95%)
ptolemy.util.test.WatchDog.cancel(): canceling Tue Jun 05 23:01:09 UTC 2018
------------------ testing $PTII/ptolemy/domains/de/test/auto/DepthTest2.xml
auto.tcl: Setting watchdog for 200 seconds at Tue Jun 05 23:01:09 UTC 2018
9 ms. Memory: 208384K Free: 194197K (93%)
ptolemy.util.test.WatchDog.cancel(): canceling Tue Jun 05 23:01:09 UTC 2018
auto.tcl: Setting watchdog for 200 seconds at Tue Jun 05 23:01:09 UTC 2018
4 ms. Memory: 208384K Free: 194197K (93%)
ptolemy.util.test.WatchDog.cancel(): canceling Tue Jun 05 23:01:09 UTC 2018
------------------ testing $PTII/ptolemy/domains/de/test/auto/DepthTest3.xml
auto.tcl: Setting watchdog for 200 seconds at Tue Jun 05 23:01:09 UTC 2018
5 ms. Memory: 208384K Free: 198682K (95%)
ptolemy.util.test.WatchDog.cancel(): canceling Tue Jun 05 23:01:09 UTC 2018
auto.tcl: Setting watchdog for 200 seconds at Tue Jun 05 23:01:09 UTC 2018
2 ms. Memory: 208384K Free: 198345K (95%)
ptolemy.util.test.WatchDog.cancel(): canceling Tue Jun 05 23:01:09 UTC 2018
------------------ testing $PTII/ptolemy/domains/de/test/auto/DepthTest4.xml
auto.tcl: Setting watchdog for 200 seconds at Tue Jun 05 23:01:09 UTC 2018
6 ms. Memory: 208384K Free: 196325K (94%)
ptolemy.util.test.WatchDog.cancel(): canceling Tue Jun 05 23:01:09 UTC 2018
auto.tcl: Setting watchdog for 200 seconds at Tue Jun 05 23:01:09 UTC 2018
2 ms. Memory: 208384K Free: 196325K (94%)
ptolemy.util.test.WatchDog.cancel(): canceling Tue Jun 05 23:01:10 UTC 2018
------------------ testing $PTII/ptolemy/domains/de/test/auto/DepthTest5.xml
auto.tcl: Setting watchdog for 200 seconds at Tue Jun 05 23:01:10 UTC 2018
5 ms. Memory: 208384K Free: 196272K (94%)
ptolemy.util.test.WatchDog.cancel(): canceling Tue Jun 05 23:01:10 UTC 2018
auto.tcl: Setting watchdog for 200 seconds at Tue Jun 05 23:01:10 UTC 2018
3 ms. Memory: 208384K Free: 196272K (94%)
ptolemy.util.test.WatchDog.cancel(): canceling Tue Jun 05 23:01:10 UTC 2018
------------------ testing $PTII/ptolemy/domains/de/test/auto/DepthTest6.xml
auto.tcl: Setting watchdog for 200 seconds at Tue Jun 05 23:01:10 UTC 2018
12 ms. Memory: 208384K Free: 196241K (94%)
ptolemy.util.test.WatchDog.cancel(): canceling Tue Jun 05 23:01:10 UTC 2018
auto.tcl: Setting watchdog for 200 seconds at Tue Jun 05 23:01:10 UTC 2018
2 ms. Memory: 208384K Free: 196241K (94%)
ptolemy.util.test.WatchDog.cancel(): canceling Tue Jun 05 23:01:10 UTC 2018
------------------ testing $PTII/ptolemy/domains/de/test/auto/DepthTest7.xml
auto.tcl: Setting watchdog for 200 seconds at Tue Jun 05 23:01:10 UTC 2018
3 ms. Memory: 208384K Free: 196229K (94%)
ptolemy.util.test.WatchDog.cancel(): canceling Tue Jun 05 23:01:10 UTC 2018
auto.tcl: Setting watchdog for 200 seconds at Tue Jun 05 23:01:10 UTC 2018
2 ms. Memory: 208384K Free: 196229K (94%)
ptolemy.util.test.WatchDog.cancel(): canceling Tue Jun 05 23:01:10 UTC 2018
------------------ testing $PTII/ptolemy/domains/de/test/auto/EventToDate.xml
auto.tcl: Setting watchdog for 200 seconds at Tue Jun 05 23:01:10 UTC 2018
3014 ms. Memory: 208384K Free: 185715K (89%)
ptolemy.util.test.WatchDog.cancel(): canceling Tue Jun 05 23:01:13 UTC 2018
auto.tcl: Setting watchdog for 200 seconds at Tue Jun 05 23:01:13 UTC 2018
3004 ms. Memory: 208384K Free: 185715K (89%)
ptolemy.util.test.WatchDog.cancel(): canceling Tue Jun 05 23:01:16 UTC 2018
------------------ testing $PTII/ptolemy/domains/de/test/auto/FSM1.xml
auto.tcl: Setting watchdog for 200 seconds at Tue Jun 05 23:01:16 UTC 2018
18 ms. Memory: 208384K Free: 189267K (91%)
ptolemy.util.test.WatchDog.cancel(): canceling Tue Jun 05 23:01:16 UTC 2018
auto.tcl: Setting watchdog for 200 seconds at Tue Jun 05 23:01:16 UTC 2018
14 ms. Memory: 208384K Free: 185052K (89%)
ptolemy.util.test.WatchDog.cancel(): canceling Tue Jun 05 23:01:16 UTC 2018
------------------ testing $PTII/ptolemy/domains/de/test/auto/FSM7.xml
auto.tcl: Setting watchdog for 200 seconds at Tue Jun 05 23:01:16 UTC 2018
13 ms. Memory: 208384K Free: 187363K (90%)
ptolemy.util.test.WatchDog.cancel(): canceling Tue Jun 05 23:01:16 UTC 2018
auto.tcl: Setting watchdog for 200 seconds at Tue Jun 05 23:01:16 UTC 2018
15 ms. Memory: 208384K Free: 185256K (89%)
ptolemy.util.test.WatchDog.cancel(): canceling Tue Jun 05 23:01:16 UTC 2018
------------------ testing $PTII/ptolemy/domains/de/test/auto/Inspection.xml
auto.tcl: Setting watchdog for 200 seconds at Tue Jun 05 23:01:16 UTC 2018
29 ms. Memory: 208384K Free: 188578K (90%)
ptolemy.util.test.WatchDog.cancel(): canceling Tue Jun 05 23:01:16 UTC 2018
auto.tcl: Setting watchdog for 200 seconds at Tue Jun 05 23:01:16 UTC 2018
34 ms. Memory: 208384K Free: 186470K (89%)
ptolemy.util.test.WatchDog.cancel(): canceling Tue Jun 05 23:01:16 UTC 2018
------------------ testing $PTII/ptolemy/domains/de/test/auto/Iteration.xml
auto.tcl: Setting watchdog for 200 seconds at Tue Jun 05 23:01:16 UTC 2018
23 ms. Memory: 208384K Free: 193929K (93%)
ptolemy.util.test.WatchDog.cancel(): canceling Tue Jun 05 23:01:16 UTC 2018
auto.tcl: Setting watchdog for 200 seconds at Tue Jun 05 23:01:16 UTC 2018
6 ms. Memory: 208384K Free: 193929K (93%)
ptolemy.util.test.WatchDog.cancel(): canceling Tue Jun 05 23:01:16 UTC 2018
------------------ testing $PTII/ptolemy/domains/de/test/auto/LineFault.xml
auto.tcl: Setting watchdog for 200 seconds at Tue Jun 05 23:01:16 UTC 2018
776 ms. Memory: 208384K Free: 196213K (94%)
ptolemy.util.test.WatchDog.cancel(): canceling Tue Jun 05 23:01:17 UTC 2018
auto.tcl: Setting watchdog for 200 seconds at Tue Jun 05 23:01:17 UTC 2018
607 ms. Memory: 208384K Free: 138679K (67%)
ptolemy.util.test.WatchDog.cancel(): canceling Tue Jun 05 23:01:18 UTC 2018
------------------ testing $PTII/ptolemy/domains/de/test/auto/MergeModel1Add.xml
auto.tcl: Setting watchdog for 200 seconds at Tue Jun 05 23:01:18 UTC 2018
15 ms. Memory: 331264K Free: 302739K (91%)
ptolemy.util.test.WatchDog.cancel(): canceling Tue Jun 05 23:01:18 UTC 2018
auto.tcl: Setting watchdog for 200 seconds at Tue Jun 05 23:01:18 UTC 2018
9 ms. Memory: 331264K Free: 298775K (90%)
ptolemy.util.test.WatchDog.cancel(): canceling Tue Jun 05 23:01:18 UTC 2018
------------------ testing $PTII/ptolemy/domains/de/test/auto/MergeModel2Add.xml
auto.tcl: Setting watchdog for 200 seconds at Tue Jun 05 23:01:18 UTC 2018
11 ms. Memory: 331264K Free: 304076K (92%)
ptolemy.util.test.WatchDog.cancel(): canceling Tue Jun 05 23:01:18 UTC 2018
auto.tcl: Setting watchdog for 200 seconds at Tue Jun 05 23:01:18 UTC 2018
11 ms. Memory: 331264K Free: 300112K (91%)
ptolemy.util.test.WatchDog.cancel(): canceling Tue Jun 05 23:01:18 UTC 2018
------------------ testing $PTII/ptolemy/domains/de/test/auto/MergeModel3Add.xml
auto.tcl: Setting watchdog for 200 seconds at Tue Jun 05 23:01:18 UTC 2018
13 ms. Memory: 331264K Free: 304087K (92%)
ptolemy.util.test.WatchDog.cancel(): canceling Tue Jun 05 23:01:19 UTC 2018
auto.tcl: Setting watchdog for 200 seconds at Tue Jun 05 23:01:19 UTC 2018
7 ms. Memory: 331264K Free: 300123K (91%)
ptolemy.util.test.WatchDog.cancel(): canceling Tue Jun 05 23:01:19 UTC 2018
------------------ testing $PTII/ptolemy/domains/de/test/auto/MergeWithoutDiscard.xml
auto.tcl: Setting watchdog for 200 seconds at Tue Jun 05 23:01:19 UTC 2018
2 ms. Memory: 331264K Free: 320223K (97%)
ptolemy.util.test.WatchDog.cancel(): canceling Tue Jun 05 23:01:19 UTC 2018
auto.tcl: Setting watchdog for 200 seconds at Tue Jun 05 23:01:19 UTC 2018
2 ms. Memory: 331264K Free: 316260K (95%)
ptolemy.util.test.WatchDog.cancel(): canceling Tue Jun 05 23:01:19 UTC 2018
------------------ testing $PTII/ptolemy/domains/de/test/auto/Modal1.xml
auto.tcl: Setting watchdog for 200 seconds at Tue Jun 05 23:01:19 UTC 2018
11 ms. Memory: 331264K Free: 309851K (94%)
ptolemy.util.test.WatchDog.cancel(): canceling Tue Jun 05 23:01:19 UTC 2018
auto.tcl: Setting watchdog for 200 seconds at Tue Jun 05 23:01:19 UTC 2018
11 ms. Memory: 331264K Free: 305888K (92%)
ptolemy.util.test.WatchDog.cancel(): canceling Tue Jun 05 23:01:19 UTC 2018
------------------ testing $PTII/ptolemy/domains/de/test/auto/Modal2.xml
auto.tcl: Setting watchdog for 200 seconds at Tue Jun 05 23:01:19 UTC 2018
16 ms. Memory: 331264K Free: 309738K (94%)
ptolemy.util.test.WatchDog.cancel(): canceling Tue Jun 05 23:01:19 UTC 2018
auto.tcl: Setting watchdog for 200 seconds at Tue Jun 05 23:01:19 UTC 2018
18 ms. Memory: 331264K Free: 305774K (92%)
ptolemy.util.test.WatchDog.cancel(): canceling Tue Jun 05 23:01:19 UTC 2018
------------------ testing $PTII/ptolemy/domains/de/test/auto/Modal3.xml
auto.tcl: Setting watchdog for 200 seconds at Tue Jun 05 23:01:19 UTC 2018
17 ms. Memory: 331264K Free: 309724K (93%)
ptolemy.util.test.WatchDog.cancel(): canceling Tue Jun 05 23:01:19 UTC 2018
auto.tcl: Setting watchdog for 200 seconds at Tue Jun 05 23:01:19 UTC 2018
17 ms. Memory: 331264K Free: 305761K (92%)
ptolemy.util.test.WatchDog.cancel(): canceling Tue Jun 05 23:01:19 UTC 2018
------------------ testing $PTII/ptolemy/domains/de/test/auto/Modal4.xml
auto.tcl: Setting watchdog for 200 seconds at Tue Jun 05 23:01:19 UTC 2018
29 ms. Memory: 331264K Free: 309737K (94%)
ptolemy.util.test.WatchDog.cancel(): canceling Tue Jun 05 23:01:19 UTC 2018
auto.tcl: Setting watchdog for 200 seconds at Tue Jun 05 23:01:19 UTC 2018
20 ms. Memory: 331264K Free: 305774K (92%)
ptolemy.util.test.WatchDog.cancel(): canceling Tue Jun 05 23:01:19 UTC 2018
------------------ testing $PTII/ptolemy/domains/de/test/auto/Modal5.xml
auto.tcl: Setting watchdog for 200 seconds at Tue Jun 05 23:01:19 UTC 2018
17 ms. Memory: 331264K Free: 309724K (93%)
ptolemy.util.test.WatchDog.cancel(): canceling Tue Jun 05 23:01:19 UTC 2018
auto.tcl: Setting watchdog for 200 seconds at Tue Jun 05 23:01:19 UTC 2018
13 ms. Memory: 331264K Free: 305760K (92%)
ptolemy.util.test.WatchDog.cancel(): canceling Tue Jun 05 23:01:19 UTC 2018
------------------ testing $PTII/ptolemy/domains/de/test/auto/Modal6.xml
auto.tcl: Setting watchdog for 200 seconds at Tue Jun 05 23:01:19 UTC 2018
16 ms. Memory: 331264K Free: 309721K (93%)
ptolemy.util.test.WatchDog.cancel(): canceling Tue Jun 05 23:01:19 UTC 2018
auto.tcl: Setting watchdog for 200 seconds at Tue Jun 05 23:01:19 UTC 2018
16 ms. Memory: 331264K Free: 305758K (92%)
ptolemy.util.test.WatchDog.cancel(): canceling Tue Jun 05 23:01:19 UTC 2018
------------------ testing $PTII/ptolemy/domains/de/test/auto/Modal7.xml
auto.tcl: Setting watchdog for 200 seconds at Tue Jun 05 23:01:19 UTC 2018
18 ms. Memory: 331264K Free: 309721K (93%)
ptolemy.util.test.WatchDog.cancel(): canceling Tue Jun 05 23:01:19 UTC 2018
auto.tcl: Setting watchdog for 200 seconds at Tue Jun 05 23:01:19 UTC 2018
12 ms. Memory: 331264K Free: 305758K (92%)
ptolemy.util.test.WatchDog.cancel(): canceling Tue Jun 05 23:01:19 UTC 2018
------------------ testing $PTII/ptolemy/domains/de/test/auto/ModalModel.xml
auto.tcl: Setting watchdog for 200 seconds at Tue Jun 05 23:01:19 UTC 2018
213 ms. Memory: 331264K Free: 246189K (74%)
ptolemy.util.test.WatchDog.cancel(): canceling Tue Jun 05 23:01:20 UTC 2018
auto.tcl: Setting watchdog for 200 seconds at Tue Jun 05 23:01:20 UTC 2018
175 ms. Memory: 331264K Free: 190701K (58%)
ptolemy.util.test.WatchDog.cancel(): canceling Tue Jun 05 23:01:20 UTC 2018
------------------ testing $PTII/ptolemy/domains/de/test/auto/ModalSource.xml
auto.tcl: Setting watchdog for 200 seconds at Tue Jun 05 23:01:20 UTC 2018
6 ms. Memory: 331264K Free: 316532K (96%)
ptolemy.util.test.WatchDog.cancel(): canceling Tue Jun 05 23:01:20 UTC 2018
auto.tcl: Setting watchdog for 200 seconds at Tue Jun 05 23:01:20 UTC 2018
8 ms. Memory: 331264K Free: 313004K (94%)
ptolemy.util.test.WatchDog.cancel(): canceling Tue Jun 05 23:01:20 UTC 2018
------------------ testing $PTII/ptolemy/domains/de/test/auto/NonInterruptibleTimerZeroDelay.xml
auto.tcl: Setting watchdog for 200 seconds at Tue Jun 05 23:01:20 UTC 2018
4 ms. Memory: 331264K Free: 320897K (97%)
ptolemy.util.test.WatchDog.cancel(): canceling Tue Jun 05 23:01:20 UTC 2018
auto.tcl: Setting watchdog for 200 seconds at Tue Jun 05 23:01:20 UTC 2018
2 ms. Memory: 331264K Free: 317370K (96%)
ptolemy.util.test.WatchDog.cancel(): canceling Tue Jun 05 23:01:20 UTC 2018
------------------ testing $PTII/ptolemy/domains/de/test/auto/OpenQueueingNetwork.xml
auto.tcl: Setting watchdog for 200 seconds at Tue Jun 05 23:01:20 UTC 2018
2618 ms. Memory: 573952K Free: 421984K (74%)
ptolemy.util.test.WatchDog.cancel(): canceling Tue Jun 05 23:01:23 UTC 2018
auto.tcl: Setting watchdog for 200 seconds at Tue Jun 05 23:01:23 UTC 2018
2314 ms. Memory: 550912K Free: 325525K (59%)
ptolemy.util.test.WatchDog.cancel(): canceling Tue Jun 05 23:01:25 UTC 2018
------------------ testing $PTII/ptolemy/domains/de/test/auto/OpenQueuingNetwork.xml
auto.tcl: Setting watchdog for 200 seconds at Tue Jun 05 23:01:25 UTC 2018
235 ms. Memory: 549888K Free: 436048K (79%)
ptolemy.util.test.WatchDog.cancel(): canceling Tue Jun 05 23:01:26 UTC 2018
auto.tcl: Setting watchdog for 200 seconds at Tue Jun 05 23:01:26 UTC 2018
218 ms. Memory: 549888K Free: 375780K (68%)
ptolemy.util.test.WatchDog.cancel(): canceling Tue Jun 05 23:01:26 UTC 2018
------------------ testing $PTII/ptolemy/domains/de/test/auto/PeriodicSampler.xml
auto.tcl: Setting watchdog for 200 seconds at Tue Jun 05 23:01:26 UTC 2018
3 ms. Memory: 551936K Free: 536783K (97%)
ptolemy.util.test.WatchDog.cancel(): canceling Tue Jun 05 23:01:26 UTC 2018
auto.tcl: Setting watchdog for 200 seconds at Tue Jun 05 23:01:26 UTC 2018
2 ms. Memory: 551936K Free: 536783K (97%)
ptolemy.util.test.WatchDog.cancel(): canceling Tue Jun 05 23:01:26 UTC 2018
------------------ testing $PTII/ptolemy/domains/de/test/auto/PersistentIO.xml
auto.tcl: Setting watchdog for 200 seconds at Tue Jun 05 23:01:26 UTC 2018
6 ms. Memory: 549376K Free: 524649K (95%)
ptolemy.util.test.WatchDog.cancel(): canceling Tue Jun 05 23:01:26 UTC 2018
auto.tcl: Setting watchdog for 200 seconds at Tue Jun 05 23:01:26 UTC 2018
3 ms. Memory: 549376K Free: 524649K (95%)
ptolemy.util.test.WatchDog.cancel(): canceling Tue Jun 05 23:01:26 UTC 2018
------------------ testing $PTII/ptolemy/domains/de/test/auto/PortParameterResetOnInitialize.xml
auto.tcl: Setting watchdog for 200 seconds at Tue Jun 05 23:01:26 UTC 2018
3 ms. Memory: 551424K Free: 531823K (96%)
ptolemy.util.test.WatchDog.cancel(): canceling Tue Jun 05 23:01:26 UTC 2018
auto.tcl: Setting watchdog for 200 seconds at Tue Jun 05 23:01:26 UTC 2018
2 ms. Memory: 551424K Free: 531823K (96%)
ptolemy.util.test.WatchDog.cancel(): canceling Tue Jun 05 23:01:26 UTC 2018
------------------ testing $PTII/ptolemy/domains/de/test/auto/PortParameterUpdates.xml
auto.tcl: Setting watchdog for 200 seconds at Tue Jun 05 23:01:26 UTC 2018
8 ms. Memory: 549376K Free: 534817K (97%)
ptolemy.util.test.WatchDog.cancel(): canceling Tue Jun 05 23:01:26 UTC 2018
auto.tcl: Setting watchdog for 200 seconds at Tue Jun 05 23:01:26 UTC 2018
4 ms. Memory: 549376K Free: 529338K (96%)
ptolemy.util.test.WatchDog.cancel(): canceling Tue Jun 05 23:01:26 UTC 2018
------------------ testing $PTII/ptolemy/domains/de/test/auto/QueueAndServer.xml
auto.tcl: Setting watchdog for 200 seconds at Tue Jun 05 23:01:26 UTC 2018
16 ms. Memory: 551424K Free: 526424K (95%)
ptolemy.util.test.WatchDog.cancel(): canceling Tue Jun 05 23:01:26 UTC 2018
auto.tcl: Setting watchdog for 200 seconds at Tue Jun 05 23:01:26 UTC 2018
6 ms. Memory: 551424K Free: 526424K (95%)
ptolemy.util.test.WatchDog.cancel(): canceling Tue Jun 05 23:01:26 UTC 2018
------------------ testing $PTII/ptolemy/domains/de/test/auto/Records.xml
auto.tcl: Setting watchdog for 200 seconds at Tue Jun 05 23:01:26 UTC 2018
6 ms. Memory: 549376K Free: 534494K (97%)
ptolemy.util.test.WatchDog.cancel(): canceling Tue Jun 05 23:01:26 UTC 2018
auto.tcl: Setting watchdog for 200 seconds at Tue Jun 05 23:01:26 UTC 2018
2 ms. Memory: 549376K Free: 534494K (97%)
ptolemy.util.test.WatchDog.cancel(): canceling Tue Jun 05 23:01:26 UTC 2018
------------------ testing $PTII/ptolemy/domains/de/test/auto/ResetTransitionWithStartTime1.xml
auto.tcl: Setting watchdog for 200 seconds at Tue Jun 05 23:01:26 UTC 2018
7 ms. Memory: 551424K Free: 531315K (96%)
ptolemy.util.test.WatchDog.cancel(): canceling Tue Jun 05 23:01:26 UTC 2018
auto.tcl: Setting watchdog for 200 seconds at Tue Jun 05 23:01:26 UTC 2018
6 ms. Memory: 551424K Free: 531315K (96%)
ptolemy.util.test.WatchDog.cancel(): canceling Tue Jun 05 23:01:26 UTC 2018
------------------ testing $PTII/ptolemy/domains/de/test/auto/ResetTransitionWithStartTime2.xml
auto.tcl: Setting watchdog for 200 seconds at Tue Jun 05 23:01:26 UTC 2018
7 ms. Memory: 549376K Free: 524332K (95%)
ptolemy.util.test.WatchDog.cancel(): canceling Tue Jun 05 23:01:26 UTC 2018
auto.tcl: Setting watchdog for 200 seconds at Tue Jun 05 23:01:26 UTC 2018
5 ms. Memory: 549376K Free: 524332K (95%)
ptolemy.util.test.WatchDog.cancel(): canceling Tue Jun 05 23:01:26 UTC 2018
------------------ testing $PTII/ptolemy/domains/de/test/auto/ResetTransitionWithStartTime3.xml
auto.tcl: Setting watchdog for 200 seconds at Tue Jun 05 23:01:26 UTC 2018
6 ms. Memory: 550912K Free: 530546K (96%)
ptolemy.util.test.WatchDog.cancel(): canceling Tue Jun 05 23:01:26 UTC 2018
auto.tcl: Setting watchdog for 200 seconds at Tue Jun 05 23:01:26 UTC 2018
9 ms. Memory: 550912K Free: 530546K (96%)
ptolemy.util.test.WatchDog.cancel(): canceling Tue Jun 05 23:01:26 UTC 2018
------------------ testing $PTII/ptolemy/domains/de/test/auto/ResetTransitionWithStartTime4.xml
auto.tcl: Setting watchdog for 200 seconds at Tue Jun 05 23:01:27 UTC 2018
4 ms. Memory: 549376K Free: 529024K (96%)
ptolemy.util.test.WatchDog.cancel(): canceling Tue Jun 05 23:01:27 UTC 2018
auto.tcl: Setting watchdog for 200 seconds at Tue Jun 05 23:01:27 UTC 2018
3 ms. Memory: 549376K Free: 529024K (96%)
ptolemy.util.test.WatchDog.cancel(): canceling Tue Jun 05 23:01:27 UTC 2018
------------------ testing $PTII/ptolemy/domains/de/test/auto/ResettableTimer1.xml
auto.tcl: Setting watchdog for 200 seconds at Tue Jun 05 23:01:27 UTC 2018
3 ms. Memory: 550912K Free: 536035K (97%)
ptolemy.util.test.WatchDog.cancel(): canceling Tue Jun 05 23:01:27 UTC 2018
auto.tcl: Setting watchdog for 200 seconds at Tue Jun 05 23:01:27 UTC 2018
2 ms. Memory: 550912K Free: 536035K (97%)
ptolemy.util.test.WatchDog.cancel(): canceling Tue Jun 05 23:01:27 UTC 2018
------------------ testing $PTII/ptolemy/domains/de/test/auto/ResettableTimer2.xml
auto.tcl: Setting watchdog for 200 seconds at Tue Jun 05 23:01:27 UTC 2018
3 ms. Memory: 549376K Free: 534786K (97%)
ptolemy.util.test.WatchDog.cancel(): canceling Tue Jun 05 23:01:27 UTC 2018
auto.tcl: Setting watchdog for 200 seconds at Tue Jun 05 23:01:27 UTC 2018
2 ms. Memory: 549376K Free: 534786K (97%)
ptolemy.util.test.WatchDog.cancel(): canceling Tue Jun 05 23:01:27 UTC 2018
------------------ testing $PTII/ptolemy/domains/de/test/auto/ResettableTimer3.xml
auto.tcl: Setting watchdog for 200 seconds at Tue Jun 05 23:01:27 UTC 2018
1 ms. Memory: 550912K Free: 536093K (97%)
ptolemy.util.test.WatchDog.cancel(): canceling Tue Jun 05 23:01:27 UTC 2018
auto.tcl: Setting watchdog for 200 seconds at Tue Jun 05 23:01:27 UTC 2018
1 ms. Memory: 550912K Free: 536093K (97%)
ptolemy.util.test.WatchDog.cancel(): canceling Tue Jun 05 23:01:27 UTC 2018
------------------ testing $PTII/ptolemy/domains/de/test/auto/ResettableTimer4.xml
auto.tcl: Setting watchdog for 200 seconds at Tue Jun 05 23:01:27 UTC 2018
1 ms. Memory: 549376K Free: 534799K (97%)
ptolemy.util.test.WatchDog.cancel(): canceling Tue Jun 05 23:01:27 UTC 2018
auto.tcl: Setting watchdog for 200 seconds at Tue Jun 05 23:01:27 UTC 2018
1 ms. Memory: 549376K Free: 534799K (97%)
ptolemy.util.test.WatchDog.cancel(): canceling Tue Jun 05 23:01:27 UTC 2018
------------------ testing $PTII/ptolemy/domains/de/test/auto/ResettableTimer5.xml
auto.tcl: Setting watchdog for 200 seconds at Tue Jun 05 23:01:27 UTC 2018
2 ms. Memory: 550400K Free: 531142K (97%)
ptolemy.util.test.WatchDog.cancel(): canceling Tue Jun 05 23:01:27 UTC 2018
auto.tcl: Setting watchdog for 200 seconds at Tue Jun 05 23:01:27 UTC 2018
1 ms. Memory: 550400K Free: 531142K (97%)
ptolemy.util.test.WatchDog.cancel(): canceling Tue Jun 05 23:01:27 UTC 2018
------------------ testing $PTII/ptolemy/domains/de/test/auto/ResettableTimer6.xml
auto.tcl: Setting watchdog for 200 seconds at Tue Jun 05 23:01:27 UTC 2018
1 ms. Memory: 549376K Free: 529837K (96%)
ptolemy.util.test.WatchDog.cancel(): canceling Tue Jun 05 23:01:27 UTC 2018
auto.tcl: Setting watchdog for 200 seconds at Tue Jun 05 23:01:27 UTC 2018
2 ms. Memory: 549376K Free: 529837K (96%)
ptolemy.util.test.WatchDog.cancel(): canceling Tue Jun 05 23:01:27 UTC 2018
------------------ testing $PTII/ptolemy/domains/de/test/auto/ServerZeroDelay.xml
auto.tcl: Setting watchdog for 200 seconds at Tue Jun 05 23:01:27 UTC 2018
4 ms. Memory: 550400K Free: 535761K (97%)
ptolemy.util.test.WatchDog.cancel(): canceling Tue Jun 05 23:01:27 UTC 2018
auto.tcl: Setting watchdog for 200 seconds at Tue Jun 05 23:01:27 UTC 2018
2 ms. Memory: 550400K Free: 535761K (97%)
ptolemy.util.test.WatchDog.cancel(): canceling Tue Jun 05 23:01:27 UTC 2018
------------------ testing $PTII/ptolemy/domains/de/test/auto/SmartSender.xml
auto.tcl: Setting watchdog for 200 seconds at Tue Jun 05 23:01:27 UTC 2018
3001 ms. Memory: 549376K Free: 530053K (96%)
ptolemy.util.test.WatchDog.cancel(): canceling Tue Jun 05 23:01:30 UTC 2018
auto.tcl: Setting watchdog for 200 seconds at Tue Jun 05 23:01:30 UTC 2018
3001 ms. Memory: 549376K Free: 530053K (96%)
ptolemy.util.test.WatchDog.cancel(): canceling Tue Jun 05 23:01:33 UTC 2018
------------------ testing $PTII/ptolemy/domains/de/test/auto/ThreadedComposite.xml
auto.tcl: Setting watchdog for 200 seconds at Tue Jun 05 23:01:33 UTC 2018
168 ms. Memory: 550400K Free: 510520K (93%)
ptolemy.util.test.WatchDog.cancel(): canceling Tue Jun 05 23:01:33 UTC 2018
auto.tcl: Setting watchdog for 200 seconds at Tue Jun 05 23:01:33 UTC 2018
150 ms. Memory: 550400K Free: 486322K (88%)
ptolemy.util.test.WatchDog.cancel(): canceling Tue Jun 05 23:01:33 UTC 2018
------------------ testing $PTII/ptolemy/domains/de/test/auto/Time.xml
auto.tcl: Setting watchdog for 200 seconds at Tue Jun 05 23:01:33 UTC 2018
505 ms. Memory: 549376K Free: 482752K (88%)
ptolemy.util.test.WatchDog.cancel(): canceling Tue Jun 05 23:01:34 UTC 2018
auto.tcl: Setting watchdog for 200 seconds at Tue Jun 05 23:01:34 UTC 2018
486 ms. Memory: 549376K Free: 427962K (78%)
ptolemy.util.test.WatchDog.cancel(): canceling Tue Jun 05 23:01:34 UTC 2018
------------------ testing $PTII/ptolemy/domains/de/test/auto/TimeDelayZeroDelay.xml
auto.tcl: Setting watchdog for 200 seconds at Tue Jun 05 23:01:34 UTC 2018
2 ms. Memory: 550400K Free: 535450K (97%)
ptolemy.util.test.WatchDog.cancel(): canceling Tue Jun 05 23:01:34 UTC 2018
auto.tcl: Setting watchdog for 200 seconds at Tue Jun 05 23:01:34 UTC 2018
1 ms. Memory: 550400K Free: 535450K (97%)
ptolemy.util.test.WatchDog.cancel(): canceling Tue Jun 05 23:01:34 UTC 2018
------------------ testing $PTII/ptolemy/domains/de/test/auto/TimerZeroDelay.xml
auto.tcl: Setting watchdog for 200 seconds at Tue Jun 05 23:01:35 UTC 2018
4 ms. Memory: 549376K Free: 534699K (97%)
ptolemy.util.test.WatchDog.cancel(): canceling Tue Jun 05 23:01:35 UTC 2018
auto.tcl: Setting watchdog for 200 seconds at Tue Jun 05 23:01:35 UTC 2018
2 ms. Memory: 549376K Free: 534699K (97%)
ptolemy.util.test.WatchDog.cancel(): canceling Tue Jun 05 23:01:35 UTC 2018
------------------ testing $PTII/ptolemy/domains/de/test/auto/TimingParadox.xml
auto.tcl: Setting watchdog for 200 seconds at Tue Jun 05 23:01:35 UTC 2018
324 ms. Memory: 549888K Free: 469286K (85%)
ptolemy.util.test.WatchDog.cancel(): canceling Tue Jun 05 23:01:35 UTC 2018
auto.tcl: Setting watchdog for 200 seconds at Tue Jun 05 23:01:35 UTC 2018
297 ms. Memory: 549888K Free: 436412K (79%)
ptolemy.util.test.WatchDog.cancel(): canceling Tue Jun 05 23:01:35 UTC 2018
------------------ testing $PTII/ptolemy/domains/de/test/auto/TransferInputs.xml
auto.tcl: Setting watchdog for 200 seconds at Tue Jun 05 23:01:35 UTC 2018
2 ms. Memory: 549888K Free: 534114K (97%)
ptolemy.util.test.WatchDog.cancel(): canceling Tue Jun 05 23:01:35 UTC 2018
auto.tcl: Setting watchdog for 200 seconds at Tue Jun 05 23:01:35 UTC 2018
1 ms. Memory: 549888K Free: 534114K (97%)
ptolemy.util.test.WatchDog.cancel(): canceling Tue Jun 05 23:01:35 UTC 2018
------------------ testing $PTII/ptolemy/domains/de/test/auto/TransferOutputs2.xml
auto.tcl: Setting watchdog for 200 seconds at Tue Jun 05 23:01:35 UTC 2018
3 ms. Memory: 549376K Free: 524528K (95%)
ptolemy.util.test.WatchDog.cancel(): canceling Tue Jun 05 23:01:35 UTC 2018
auto.tcl: Setting watchdog for 200 seconds at Tue Jun 05 23:01:35 UTC 2018
3 ms. Memory: 549376K Free: 524528K (95%)
ptolemy.util.test.WatchDog.cancel(): canceling Tue Jun 05 23:01:35 UTC 2018
------------------ testing $PTII/ptolemy/domains/de/test/auto/Trilateration.xml
auto.tcl: Setting watchdog for 200 seconds at Tue Jun 05 23:01:36 UTC 2018
14017 ms. Memory: 766976K Free: 240825K (31%)
ptolemy.util.test.WatchDog.cancel(): canceling Tue Jun 05 23:01:50 UTC 2018
auto.tcl: Setting watchdog for 200 seconds at Tue Jun 05 23:01:50 UTC 2018
11270 ms. Memory: 646144K Free: 98227K (15%)
ptolemy.util.test.WatchDog.cancel(): canceling Tue Jun 05 23:02:02 UTC 2018
------------------ testing $PTII/ptolemy/domains/de/test/auto/TwoSigmaDelta.xml
auto.tcl: Setting watchdog for 200 seconds at Tue Jun 05 23:02:02 UTC 2018
2707 ms. Memory: 649728K Free: 342466K (53%)
ptolemy.util.test.WatchDog.cancel(): canceling Tue Jun 05 23:02:05 UTC 2018
auto.tcl: Setting watchdog for 200 seconds at Tue Jun 05 23:02:05 UTC 2018
1921 ms. Memory: 649728K Free: 116626K (18%)
ptolemy.util.test.WatchDog.cancel(): canceling Tue Jun 05 23:02:07 UTC 2018
------------------ testing $PTII/ptolemy/domains/de/test/auto/VariableDelay.xml
auto.tcl: Setting watchdog for 200 seconds at Tue Jun 05 23:02:07 UTC 2018
2 ms. Memory: 646656K Free: 627356K (97%)
ptolemy.util.test.WatchDog.cancel(): canceling Tue Jun 05 23:02:07 UTC 2018
auto.tcl: Setting watchdog for 200 seconds at Tue Jun 05 23:02:07 UTC 2018
2 ms. Memory: 646656K Free: 627356K (97%)
ptolemy.util.test.WatchDog.cancel(): canceling Tue Jun 05 23:02:07 UTC 2018
------------------ testing $PTII/ptolemy/domains/de/test/auto/VariableDelay2.xml
auto.tcl: Setting watchdog for 200 seconds at Tue Jun 05 23:02:07 UTC 2018
3 ms. Memory: 646144K Free: 627290K (97%)
ptolemy.util.test.WatchDog.cancel(): canceling Tue Jun 05 23:02:07 UTC 2018
auto.tcl: Setting watchdog for 200 seconds at Tue Jun 05 23:02:07 UTC 2018
2 ms. Memory: 646144K Free: 627290K (97%)
ptolemy.util.test.WatchDog.cancel(): canceling Tue Jun 05 23:02:07 UTC 2018
------------------ testing $PTII/ptolemy/domains/de/test/auto/VariableDelayZeroDelay.xml
auto.tcl: Setting watchdog for 200 seconds at Tue Jun 05 23:02:07 UTC 2018
2 ms. Memory: 646144K Free: 621642K (96%)
ptolemy.util.test.WatchDog.cancel(): canceling Tue Jun 05 23:02:07 UTC 2018
auto.tcl: Setting watchdog for 200 seconds at Tue Jun 05 23:02:07 UTC 2018
2 ms. Memory: 646144K Free: 621642K (96%)
ptolemy.util.test.WatchDog.cancel(): canceling Tue Jun 05 23:02:07 UTC 2018
------------------ testing $PTII/ptolemy/domains/de/test/auto/VariableDelayZeroDelay2.xml
auto.tcl: Setting watchdog for 200 seconds at Tue Jun 05 23:02:07 UTC 2018
4 ms. Memory: 649216K Free: 624712K (96%)
ptolemy.util.test.WatchDog.cancel(): canceling Tue Jun 05 23:02:07 UTC 2018
auto.tcl: Setting watchdog for 200 seconds at Tue Jun 05 23:02:07 UTC 2018
2 ms. Memory: 649216K Free: 624712K (96%)
ptolemy.util.test.WatchDog.cancel(): canceling Tue Jun 05 23:02:07 UTC 2018
------------------ testing $PTII/ptolemy/domains/de/test/auto/deInCt.xml
auto.tcl: Setting watchdog for 200 seconds at Tue Jun 05 23:02:07 UTC 2018
0
1
1
1
0
0
1
1
1
1
1
0
0
0
0
1
1
1
0
0
0
1
1
0
0
0
1
1
0
0
0
0
1
1
1
0
0
0
1
1
1
0
0
0
1
1
0
0
1
1
0
0
0
1
1
1
1
0
0
0
17 ms. Memory: 646144K Free: 621605K (96%)
ptolemy.util.test.WatchDog.cancel(): canceling Tue Jun 05 23:02:07 UTC 2018
auto.tcl: Setting watchdog for 200 seconds at Tue Jun 05 23:02:07 UTC 2018
0
1
1
1
1
0
0
0
1
1
1
1
0
0
0
0
0
0
0
0
1
1
1
0
0
0
1
1
1
1
9 ms. Memory: 646144K Free: 621605K (96%)
ptolemy.util.test.WatchDog.cancel(): canceling Tue Jun 05 23:02:07 UTC 2018
------------------ testing $PTII/ptolemy/domains/de/test/auto/deInCt2.xml
auto.tcl: Setting watchdog for 200 seconds at Tue Jun 05 23:02:07 UTC 2018
0
1
1
1
0
0
1
1
1
0
0
1
1
1
0
0
1
1
1
0
0
1
1
1
0
0
1
1
1
0
0
1
1
1
0
0
1
1
1
0
0
0
9 ms. Memory: 648704K Free: 624165K (96%)
ptolemy.util.test.WatchDog.cancel(): canceling Tue Jun 05 23:02:07 UTC 2018
auto.tcl: Setting watchdog for 200 seconds at Tue Jun 05 23:02:07 UTC 2018
0
1
1
1
0
0
1
1
1
0
0
1
1
1
0
0
1
1
1
0
0
1
1
1
0
0
1
1
1
0
0
1
1
1
0
0
1
1
1
0
0
0
8 ms. Memory: 648704K Free: 624165K (96%)
ptolemy.util.test.WatchDog.cancel(): canceling Tue Jun 05 23:02:07 UTC 2018
------------------ testing $PTII/ptolemy/domains/de/test/auto/dynamicCausalityInterface1.xml
auto.tcl: Setting watchdog for 200 seconds at Tue Jun 05 23:02:07 UTC 2018
1 ms. Memory: 646144K Free: 618714K (96%)
ptolemy.util.test.WatchDog.cancel(): canceling Tue Jun 05 23:02:07 UTC 2018
auto.tcl: Setting watchdog for 200 seconds at Tue Jun 05 23:02:07 UTC 2018
1 ms. Memory: 646144K Free: 618714K (96%)
ptolemy.util.test.WatchDog.cancel(): canceling Tue Jun 05 23:02:07 UTC 2018
------------------ testing $PTII/ptolemy/domains/de/test/auto/fsm_de_test.xml
auto.tcl: Setting watchdog for 200 seconds at Tue Jun 05 23:02:07 UTC 2018
7 ms. Memory: 648192K Free: 623575K (96%)
ptolemy.util.test.WatchDog.cancel(): canceling Tue Jun 05 23:02:07 UTC 2018
auto.tcl: Setting watchdog for 200 seconds at Tue Jun 05 23:02:07 UTC 2018
4 ms. Memory: 648192K Free: 615001K (95%)
ptolemy.util.test.WatchDog.cancel(): canceling Tue Jun 05 23:02:07 UTC 2018
------------------ testing $PTII/ptolemy/domains/de/test/auto/functionDependencyReconstruction.xml
auto.tcl: Setting watchdog for 200 seconds at Tue Jun 05 23:02:07 UTC 2018
2 ms. Memory: 646144K Free: 612944K (95%)
ptolemy.util.test.WatchDog.cancel(): canceling Tue Jun 05 23:02:07 UTC 2018
auto.tcl: Setting watchdog for 200 seconds at Tue Jun 05 23:02:07 UTC 2018
2 ms. Memory: 646144K Free: 604378K (94%)
ptolemy.util.test.WatchDog.cancel(): canceling Tue Jun 05 23:02:07 UTC 2018
------------------ testing $PTII/ptolemy/domains/de/test/auto/multirate.xml
auto.tcl: Setting watchdog for 200 seconds at Tue Jun 05 23:02:07 UTC 2018
6 ms. Memory: 648192K Free: 629089K (97%)
ptolemy.util.test.WatchDog.cancel(): canceling Tue Jun 05 23:02:07 UTC 2018
auto.tcl: Setting watchdog for 200 seconds at Tue Jun 05 23:02:07 UTC 2018
3 ms. Memory: 648192K Free: 629089K (97%)
ptolemy.util.test.WatchDog.cancel(): canceling Tue Jun 05 23:02:07 UTC 2018
------------------ testing $PTII/ptolemy/domains/de/test/auto/multirate2.xml
auto.tcl: Setting watchdog for 200 seconds at Tue Jun 05 23:02:07 UTC 2018
2 ms. Memory: 646144K Free: 621580K (96%)
ptolemy.util.test.WatchDog.cancel(): canceling Tue Jun 05 23:02:07 UTC 2018
auto.tcl: Setting watchdog for 200 seconds at Tue Jun 05 23:02:07 UTC 2018
2 ms. Memory: 646144K Free: 621580K (96%)
ptolemy.util.test.WatchDog.cancel(): canceling Tue Jun 05 23:02:07 UTC 2018
------------------ testing $PTII/ptolemy/domains/de/test/auto/realtime.xml
auto.tcl: Setting watchdog for 200 seconds at Tue Jun 05 23:02:07 UTC 2018
10002 ms. Memory: 647680K Free: 623083K (96%)
ptolemy.util.test.WatchDog.cancel(): canceling Tue Jun 05 23:02:18 UTC 2018
auto.tcl: Setting watchdog for 200 seconds at Tue Jun 05 23:02:18 UTC 2018
10002 ms. Memory: 647680K Free: 623083K (96%)
ptolemy.util.test.WatchDog.cancel(): canceling Tue Jun 05 23:02:28 UTC 2018
------------------ testing $PTII/ptolemy/domains/de/test/auto/relationGroup.xml
auto.tcl: Setting watchdog for 200 seconds at Tue Jun 05 23:02:28 UTC 2018
1 ms. Memory: 646144K Free: 621605K (96%)
ptolemy.util.test.WatchDog.cancel(): canceling Tue Jun 05 23:02:28 UTC 2018
auto.tcl: Setting watchdog for 200 seconds at Tue Jun 05 23:02:28 UTC 2018
1 ms. Memory: 646144K Free: 621605K (96%)
ptolemy.util.test.WatchDog.cancel(): canceling Tue Jun 05 23:02:28 UTC 2018
------------------ testing $PTII/ptolemy/domains/de/test/auto/relationGroup2.xml
auto.tcl: Setting watchdog for 200 seconds at Tue Jun 05 23:02:28 UTC 2018
1 ms. Memory: 647680K Free: 623168K (96%)
ptolemy.util.test.WatchDog.cancel(): canceling Tue Jun 05 23:02:28 UTC 2018
auto.tcl: Setting watchdog for 200 seconds at Tue Jun 05 23:02:28 UTC 2018
2 ms. Memory: 647680K Free: 623168K (96%)
ptolemy.util.test.WatchDog.cancel(): canceling Tue Jun 05 23:02:28 UTC 2018
------------------ testing $PTII/ptolemy/domains/de/test/auto/sortWithOpaquePorts.xml
auto.tcl: Setting watchdog for 200 seconds at Tue Jun 05 23:02:28 UTC 2018
1 ms. Memory: 646144K Free: 621632K (96%)
ptolemy.util.test.WatchDog.cancel(): canceling Tue Jun 05 23:02:28 UTC 2018
auto.tcl: Setting watchdog for 200 seconds at Tue Jun 05 23:02:28 UTC 2018
2 ms. Memory: 646144K Free: 621632K (96%)
ptolemy.util.test.WatchDog.cancel(): canceling Tue Jun 05 23:02:28 UTC 2018
------------------ testing $PTII/ptolemy/domains/de/test/auto/transferInputsandOutputs.xml
auto.tcl: Setting watchdog for 200 seconds at Tue Jun 05 23:02:28 UTC 2018
3 ms. Memory: 647168K Free: 622641K (96%)
ptolemy.util.test.WatchDog.cancel(): canceling Tue Jun 05 23:02:28 UTC 2018
auto.tcl: Setting watchdog for 200 seconds at Tue Jun 05 23:02:28 UTC 2018
1 ms. Memory: 647168K Free: 622641K (96%)
ptolemy.util.test.WatchDog.cancel(): canceling Tue Jun 05 23:02:28 UTC 2018
------------------ testing $PTII/ptolemy/domains/de/test/auto/triggerType.xml
auto.tcl: Setting watchdog for 200 seconds at Tue Jun 05 23:02:28 UTC 2018
2 ms. Memory: 646144K Free: 621569K (96%)
ptolemy.util.test.WatchDog.cancel(): canceling Tue Jun 05 23:02:28 UTC 2018
auto.tcl: Setting watchdog for 200 seconds at Tue Jun 05 23:02:28 UTC 2018
1 ms. Memory: 646144K Free: 621569K (96%)
ptolemy.util.test.WatchDog.cancel(): canceling Tue Jun 05 23:02:28 UTC 2018
06/05/18 11:02:28
Failed: 0  Total Tests: 192  ((Passed: 187, Newly Passed: 1)  Known Failed: 5) /home/travis/build/icyphy/ptII/ptolemy/domains/de/test
06/05/18 11:02:28
Failed: 0  Total Tests: 192  ((Passed: 187, Newly Passed: 1)  Known Failed: 5) /home/travis/build/icyphy/ptII/ptolemy/domains/de/test
----------------- testing (KnownFailure) /home/travis/build/icyphy/ptII/ptolemy/domains/de/test/auto/knownFailedTests/DESDFClockTest.xml
2021 ms. Memory: 647168K Free: 611351K (94%)
Known Failure: java.lang.reflect.InvocationTargetException
----------------- testing (KnownFailure) /home/travis/build/icyphy/ptII/ptolemy/domains/de/test/auto/knownFailedTests/DirectFeedback.xml
1 ms. Memory: 647168K Free: 566140K (87%)
Known Failure: java.lang.reflect.InvocationTargetException
----------------- testing (KnownFailure) /home/travis/build/icyphy/ptII/ptolemy/domains/de/test/auto/knownFailedTests/FSMSource.xml
12 ms. Memory: 647168K Free: 520960K (80%)
----------------- testing (KnownFailure) /home/travis/build/icyphy/ptII/ptolemy/domains/de/test/auto/knownFailedTests/HierarchicalModel.xml
2 ms. Memory: 647168K Free: 487076K (75%)
Known Failure: java.lang.reflect.InvocationTargetException
----------------- testing (KnownFailure) /home/travis/build/icyphy/ptII/ptolemy/domains/de/test/auto/knownFailedTests/dependencyLoop.xml
2 ms. Memory: 647168K Free: 430586K (67%)
Known Failure: java.lang.reflect.InvocationTargetException
----------------- testing (KnownFailure) /home/travis/build/icyphy/ptII/ptolemy/domains/de/test/auto/knownFailedTests/dependencyLoop2.xml
3 ms. Memory: 647168K Free: 374104K (58%)
Known Failure: java.lang.reflect.InvocationTargetException
No auto/linux-amd64/*.xml tests in /home/travis/build/icyphy/ptII/ptolemy/domains/de/test
AutoTests.java: About to close Vertx.
AutoTests.java: Vertx closed.

===========================================================================================
----------------- testing Tue Jun 05 23:02:30 UTC 2018 /home/travis/build/icyphy/ptII/ptolemy/domains/de/test/auto/ActorDepthCalculation_actorWithoutPorts.xml
----------------- Instantiating /home/travis/build/icyphy/ptII/ptolemy/domains/de/test/auto/ActorDepthCalculation_actorWithoutPorts.xml
1 ms. Memory: 647168K Free: 317630K (49%)
----------------- Invoking toplevel() on ptolemy.moml.MoMLSimpleApplication@52ab2cee
----------------- Done invoking toplevel() on ptolemy.moml.MoMLSimpleApplication@52ab2cee
reloadAllAccessors: .ActorDepthCalculation_actorWithoutPorts

===========================================================================================
----------------- testing Tue Jun 05 23:02:30 UTC 2018 /home/travis/build/icyphy/ptII/ptolemy/domains/de/test/auto/AssemblyLine.xml
----------------- Instantiating /home/travis/build/icyphy/ptII/ptolemy/domains/de/test/auto/AssemblyLine.xml
1 ms. Memory: 647168K Free: 295041K (46%)
----------------- Invoking toplevel() on ptolemy.moml.MoMLSimpleApplication@7e5b007
----------------- Done invoking toplevel() on ptolemy.moml.MoMLSimpleApplication@7e5b007
reloadAllAccessors: .AssemblyLine

===========================================================================================
----------------- testing Tue Jun 05 23:02:30 UTC 2018 /home/travis/build/icyphy/ptII/ptolemy/domains/de/test/auto/CQBug1.xml
----------------- Instantiating /home/travis/build/icyphy/ptII/ptolemy/domains/de/test/auto/CQBug1.xml
1 ms. Memory: 647168K Free: 272451K (42%)
----------------- Invoking toplevel() on ptolemy.moml.MoMLSimpleApplication@4db05b7e
----------------- Done invoking toplevel() on ptolemy.moml.MoMLSimpleApplication@4db05b7e
reloadAllAccessors: .CQBug1

===========================================================================================
----------------- testing Tue Jun 05 23:02:30 UTC 2018 /home/travis/build/icyphy/ptII/ptolemy/domains/de/test/auto/CancelFireAt.xml
----------------- Instantiating /home/travis/build/icyphy/ptII/ptolemy/domains/de/test/auto/CancelFireAt.xml
1 ms. Memory: 647168K Free: 249862K (39%)
----------------- Invoking toplevel() on ptolemy.moml.MoMLSimpleApplication@45d2bbb
----------------- Done invoking toplevel() on ptolemy.moml.MoMLSimpleApplication@45d2bbb
reloadAllAccessors: .CancelFireAt

===========================================================================================
----------------- testing Tue Jun 05 23:02:30 UTC 2018 /home/travis/build/icyphy/ptII/ptolemy/domains/de/test/auto/CausalityAndComposabilityAnalysis.xml
----------------- Instantiating /home/travis/build/icyphy/ptII/ptolemy/domains/de/test/auto/CausalityAndComposabilityAnalysis.xml
2 ms. Memory: 647168K Free: 227272K (35%)
----------------- Invoking toplevel() on ptolemy.moml.MoMLSimpleApplication@69c215f0
----------------- Done invoking toplevel() on ptolemy.moml.MoMLSimpleApplication@69c215f0
reloadAllAccessors: .CausalityAndComposabilityAnalysis

===========================================================================================
----------------- testing Tue Jun 05 23:02:30 UTC 2018 /home/travis/build/icyphy/ptII/ptolemy/domains/de/test/auto/CausalityInterface1.xml
----------------- Instantiating /home/travis/build/icyphy/ptII/ptolemy/domains/de/test/auto/CausalityInterface1.xml
2 ms. Memory: 647168K Free: 204683K (32%)
----------------- Invoking toplevel() on ptolemy.moml.MoMLSimpleApplication@166edacb
----------------- Done invoking toplevel() on ptolemy.moml.MoMLSimpleApplication@166edacb
reloadAllAccessors: .CausalityInterface1

===========================================================================================
----------------- testing Tue Jun 05 23:02:30 UTC 2018 /home/travis/build/icyphy/ptII/ptolemy/domains/de/test/auto/CausalityInterface15.xml
----------------- Instantiating /home/travis/build/icyphy/ptII/ptolemy/domains/de/test/auto/CausalityInterface15.xml
1 ms. Memory: 647168K Free: 182093K (28%)
----------------- Invoking toplevel() on ptolemy.moml.MoMLSimpleApplication@181320ca
----------------- Done invoking toplevel() on ptolemy.moml.MoMLSimpleApplication@181320ca
reloadAllAccessors: .CausalityInterface15

===========================================================================================
----------------- testing Tue Jun 05 23:02:30 UTC 2018 /home/travis/build/icyphy/ptII/ptolemy/domains/de/test/auto/CausalityInterface2.xml
----------------- Instantiating /home/travis/build/icyphy/ptII/ptolemy/domains/de/test/auto/CausalityInterface2.xml
1 ms. Memory: 647168K Free: 159504K (25%)
----------------- Invoking toplevel() on ptolemy.moml.MoMLSimpleApplication@4ae22dc6
----------------- Done invoking toplevel() on ptolemy.moml.MoMLSimpleApplication@4ae22dc6
reloadAllAccessors: .CausalityInterface2

===========================================================================================
----------------- testing Tue Jun 05 23:02:30 UTC 2018 /home/travis/build/icyphy/ptII/ptolemy/domains/de/test/auto/CausalityInterface3.xml
----------------- Instantiating /home/travis/build/icyphy/ptII/ptolemy/domains/de/test/auto/CausalityInterface3.xml
1 ms. Memory: 647168K Free: 136915K (21%)
----------------- Invoking toplevel() on ptolemy.moml.MoMLSimpleApplication@42762f3e
----------------- Done invoking toplevel() on ptolemy.moml.MoMLSimpleApplication@42762f3e
reloadAllAccessors: .CausalityInterface3

===========================================================================================
----------------- testing Tue Jun 05 23:02:30 UTC 2018 /home/travis/build/icyphy/ptII/ptolemy/domains/de/test/auto/ClockDrift.xml
----------------- Instantiating /home/travis/build/icyphy/ptII/ptolemy/domains/de/test/auto/ClockDrift.xml
9 ms. Memory: 647168K Free: 114325K (18%)
----------------- Invoking toplevel() on ptolemy.moml.MoMLSimpleApplication@4a8436c7
----------------- Done invoking toplevel() on ptolemy.moml.MoMLSimpleApplication@4a8436c7
reloadAllAccessors: .ClockDrift

===========================================================================================
----------------- testing Tue Jun 05 23:02:30 UTC 2018 /home/travis/build/icyphy/ptII/ptolemy/domains/de/test/auto/ClockDriftAndValueChange.xml
----------------- Instantiating /home/travis/build/icyphy/ptII/ptolemy/domains/de/test/auto/ClockDriftAndValueChange.xml
8 ms. Memory: 647168K Free: 91736K (14%)
----------------- Invoking toplevel() on ptolemy.moml.MoMLSimpleApplication@6999d7ae
----------------- Done invoking toplevel() on ptolemy.moml.MoMLSimpleApplication@6999d7ae
reloadAllAccessors: .ClockDriftAndValueChange

===========================================================================================
----------------- testing Tue Jun 05 23:02:30 UTC 2018 /home/travis/build/icyphy/ptII/ptolemy/domains/de/test/auto/ClockDriftChange.xml
----------------- Instantiating /home/travis/build/icyphy/ptII/ptolemy/domains/de/test/auto/ClockDriftChange.xml
7 ms. Memory: 647168K Free: 77763K (12%)
----------------- Invoking toplevel() on ptolemy.moml.MoMLSimpleApplication@5f5a5ed9
----------------- Done invoking toplevel() on ptolemy.moml.MoMLSimpleApplication@5f5a5ed9
reloadAllAccessors: .ClockDriftChange

===========================================================================================
----------------- testing Tue Jun 05 23:02:30 UTC 2018 /home/travis/build/icyphy/ptII/ptolemy/domains/de/test/auto/ComposableCausalityAnalysis.xml
----------------- Instantiating /home/travis/build/icyphy/ptII/ptolemy/domains/de/test/auto/ComposableCausalityAnalysis.xml
1 ms. Memory: 619520K Free: 593061K (96%)
----------------- Invoking toplevel() on ptolemy.moml.MoMLSimpleApplication@3a61cbfa
----------------- Done invoking toplevel() on ptolemy.moml.MoMLSimpleApplication@3a61cbfa
reloadAllAccessors: .ComposableCausalityAnalysis

===========================================================================================
----------------- testing Tue Jun 05 23:02:30 UTC 2018 /home/travis/build/icyphy/ptII/ptolemy/domains/de/test/auto/DEFixedPointLimitation.xml
----------------- Instantiating /home/travis/build/icyphy/ptII/ptolemy/domains/de/test/auto/DEFixedPointLimitation.xml
1 ms. Memory: 619520K Free: 566236K (91%)
----------------- Invoking toplevel() on ptolemy.moml.MoMLSimpleApplication@43c9d213
----------------- Done invoking toplevel() on ptolemy.moml.MoMLSimpleApplication@43c9d213
reloadAllAccessors: .DEFixedPointLimitation

===========================================================================================
----------------- testing Tue Jun 05 23:02:30 UTC 2018 /home/travis/build/icyphy/ptII/ptolemy/domains/de/test/auto/DEScheduleTest.xml
----------------- Instantiating /home/travis/build/icyphy/ptII/ptolemy/domains/de/test/auto/DEScheduleTest.xml
3 ms. Memory: 619520K Free: 544711K (88%)
----------------- Invoking toplevel() on ptolemy.moml.MoMLSimpleApplication@5e4aa14c
----------------- Done invoking toplevel() on ptolemy.moml.MoMLSimpleApplication@5e4aa14c
reloadAllAccessors: .DEScheduleTest

===========================================================================================
----------------- testing Tue Jun 05 23:02:30 UTC 2018 /home/travis/build/icyphy/ptII/ptolemy/domains/de/test/auto/DEinDEwithStartTimes.xml
----------------- Instantiating /home/travis/build/icyphy/ptII/ptolemy/domains/de/test/auto/DEinDEwithStartTimes.xml
2 ms. Memory: 619520K Free: 523187K (84%)
----------------- Invoking toplevel() on ptolemy.moml.MoMLSimpleApplication@3ac77511
----------------- Done invoking toplevel() on ptolemy.moml.MoMLSimpleApplication@3ac77511
reloadAllAccessors: .DEinDEwithStartTimes

===========================================================================================
----------------- testing Tue Jun 05 23:02:30 UTC 2018 /home/travis/build/icyphy/ptII/ptolemy/domains/de/test/auto/DEinDEwithStartTimes2.xml
----------------- Instantiating /home/travis/build/icyphy/ptII/ptolemy/domains/de/test/auto/DEinDEwithStartTimes2.xml
2 ms. Memory: 619520K Free: 501642K (81%)
----------------- Invoking toplevel() on ptolemy.moml.MoMLSimpleApplication@2982186
----------------- Done invoking toplevel() on ptolemy.moml.MoMLSimpleApplication@2982186
reloadAllAccessors: .DEinDEwithStartTimes2

===========================================================================================
----------------- testing Tue Jun 05 23:02:30 UTC 2018 /home/travis/build/icyphy/ptII/ptolemy/domains/de/test/auto/DateDemo.xml
----------------- Instantiating /home/travis/build/icyphy/ptII/ptolemy/domains/de/test/auto/DateDemo.xml
4 ms. Memory: 619520K Free: 480118K (77%)
----------------- Invoking toplevel() on ptolemy.moml.MoMLSimpleApplication@3fca7ac8
----------------- Done invoking toplevel() on ptolemy.moml.MoMLSimpleApplication@3fca7ac8
reloadAllAccessors: .DateDemo

===========================================================================================
----------------- testing Tue Jun 05 23:02:30 UTC 2018 /home/travis/build/icyphy/ptII/ptolemy/domains/de/test/auto/DateToEvent.xml
----------------- Instantiating /home/travis/build/icyphy/ptII/ptolemy/domains/de/test/auto/DateToEvent.xml
2006 ms. Memory: 619520K Free: 447831K (72%)
----------------- Invoking toplevel() on ptolemy.moml.MoMLSimpleApplication@3cddab8
----------------- Done invoking toplevel() on ptolemy.moml.MoMLSimpleApplication@3cddab8
reloadAllAccessors: .DateToEvent

===========================================================================================
----------------- testing Tue Jun 05 23:02:32 UTC 2018 /home/travis/build/icyphy/ptII/ptolemy/domains/de/test/auto/DepthTest1.xml
----------------- Instantiating /home/travis/build/icyphy/ptII/ptolemy/domains/de/test/auto/DepthTest1.xml
2 ms. Memory: 619520K Free: 426307K (69%)
----------------- Invoking toplevel() on ptolemy.moml.MoMLSimpleApplication@1ce121f0
----------------- Done invoking toplevel() on ptolemy.moml.MoMLSimpleApplication@1ce121f0
reloadAllAccessors: .DepthTest1

===========================================================================================
----------------- testing Tue Jun 05 23:02:32 UTC 2018 /home/travis/build/icyphy/ptII/ptolemy/domains/de/test/auto/DepthTest2.xml
----------------- Instantiating /home/travis/build/icyphy/ptII/ptolemy/domains/de/test/auto/DepthTest2.xml
6 ms. Memory: 619520K Free: 404782K (65%)
----------------- Invoking toplevel() on ptolemy.moml.MoMLSimpleApplication@73290e62
----------------- Done invoking toplevel() on ptolemy.moml.MoMLSimpleApplication@73290e62
reloadAllAccessors: .DepthTest2

===========================================================================================
----------------- testing Tue Jun 05 23:02:32 UTC 2018 /home/travis/build/icyphy/ptII/ptolemy/domains/de/test/auto/DepthTest3.xml
----------------- Instantiating /home/travis/build/icyphy/ptII/ptolemy/domains/de/test/auto/DepthTest3.xml
1 ms. Memory: 619520K Free: 383258K (62%)
----------------- Invoking toplevel() on ptolemy.moml.MoMLSimpleApplication@2a6f0d1d
----------------- Done invoking toplevel() on ptolemy.moml.MoMLSimpleApplication@2a6f0d1d
reloadAllAccessors: .DepthTest3

===========================================================================================
----------------- testing Tue Jun 05 23:02:32 UTC 2018 /home/travis/build/icyphy/ptII/ptolemy/domains/de/test/auto/DepthTest4.xml
----------------- Instantiating /home/travis/build/icyphy/ptII/ptolemy/domains/de/test/auto/DepthTest4.xml
1 ms. Memory: 619520K Free: 361733K (58%)
----------------- Invoking toplevel() on ptolemy.moml.MoMLSimpleApplication@3ec8dc66
----------------- Done invoking toplevel() on ptolemy.moml.MoMLSimpleApplication@3ec8dc66
reloadAllAccessors: .DepthTest4

===========================================================================================
----------------- testing Tue Jun 05 23:02:32 UTC 2018 /home/travis/build/icyphy/ptII/ptolemy/domains/de/test/auto/DepthTest5.xml
----------------- Instantiating /home/travis/build/icyphy/ptII/ptolemy/domains/de/test/auto/DepthTest5.xml
1 ms. Memory: 619520K Free: 340209K (55%)
----------------- Invoking toplevel() on ptolemy.moml.MoMLSimpleApplication@4a31b9b0
----------------- Done invoking toplevel() on ptolemy.moml.MoMLSimpleApplication@4a31b9b0
reloadAllAccessors: .DepthTest5

===========================================================================================
----------------- testing Tue Jun 05 23:02:32 UTC 2018 /home/travis/build/icyphy/ptII/ptolemy/domains/de/test/auto/DepthTest6.xml
----------------- Instantiating /home/travis/build/icyphy/ptII/ptolemy/domains/de/test/auto/DepthTest6.xml
3 ms. Memory: 619520K Free: 313383K (51%)
----------------- Invoking toplevel() on ptolemy.moml.MoMLSimpleApplication@19dfae2e
----------------- Done invoking toplevel() on ptolemy.moml.MoMLSimpleApplication@19dfae2e
reloadAllAccessors: .DepthTest6

===========================================================================================
----------------- testing Tue Jun 05 23:02:32 UTC 2018 /home/travis/build/icyphy/ptII/ptolemy/domains/de/test/auto/DepthTest7.xml
----------------- Instantiating /home/travis/build/icyphy/ptII/ptolemy/domains/de/test/auto/DepthTest7.xml
2 ms. Memory: 619520K Free: 291859K (47%)
----------------- Invoking toplevel() on ptolemy.moml.MoMLSimpleApplication@469f4d74
----------------- Done invoking toplevel() on ptolemy.moml.MoMLSimpleApplication@469f4d74
reloadAllAccessors: .DepthTest7

===========================================================================================
----------------- testing Tue Jun 05 23:02:32 UTC 2018 /home/travis/build/icyphy/ptII/ptolemy/domains/de/test/auto/EventToDate.xml
----------------- Instantiating /home/travis/build/icyphy/ptII/ptolemy/domains/de/test/auto/EventToDate.xml
3015 ms. Memory: 619520K Free: 259572K (42%)
----------------- Invoking toplevel() on ptolemy.moml.MoMLSimpleApplication@719ec1a4
----------------- Done invoking toplevel() on ptolemy.moml.MoMLSimpleApplication@719ec1a4
reloadAllAccessors: .EventToDate

===========================================================================================
----------------- testing Tue Jun 05 23:02:36 UTC 2018 /home/travis/build/icyphy/ptII/ptolemy/domains/de/test/auto/FSM1.xml
----------------- Instantiating /home/travis/build/icyphy/ptII/ptolemy/domains/de/test/auto/FSM1.xml
5 ms. Memory: 619520K Free: 238047K (38%)
----------------- Invoking toplevel() on ptolemy.moml.MoMLSimpleApplication@5da6c8fe
----------------- Done invoking toplevel() on ptolemy.moml.MoMLSimpleApplication@5da6c8fe
reloadAllAccessors: .FSM1

===========================================================================================
----------------- testing Tue Jun 05 23:02:36 UTC 2018 /home/travis/build/icyphy/ptII/ptolemy/domains/de/test/auto/FSM7.xml
----------------- Instantiating /home/travis/build/icyphy/ptII/ptolemy/domains/de/test/auto/FSM7.xml
6 ms. Memory: 619520K Free: 216523K (35%)
----------------- Invoking toplevel() on ptolemy.moml.MoMLSimpleApplication@164ede4c
----------------- Done invoking toplevel() on ptolemy.moml.MoMLSimpleApplication@164ede4c
reloadAllAccessors: .FSM7

===========================================================================================
----------------- testing Tue Jun 05 23:02:36 UTC 2018 /home/travis/build/icyphy/ptII/ptolemy/domains/de/test/auto/Inspection.xml
----------------- Instantiating /home/travis/build/icyphy/ptII/ptolemy/domains/de/test/auto/Inspection.xml
8 ms. Memory: 619520K Free: 184220K (30%)
----------------- Invoking toplevel() on ptolemy.moml.MoMLSimpleApplication@79516224
----------------- Done invoking toplevel() on ptolemy.moml.MoMLSimpleApplication@79516224
reloadAllAccessors: .Inspection

===========================================================================================
----------------- testing Tue Jun 05 23:02:36 UTC 2018 /home/travis/build/icyphy/ptII/ptolemy/domains/de/test/auto/Iteration.xml
----------------- Instantiating /home/travis/build/icyphy/ptII/ptolemy/domains/de/test/auto/Iteration.xml
3 ms. Memory: 619520K Free: 162696K (26%)
----------------- Invoking toplevel() on ptolemy.moml.MoMLSimpleApplication@5b8bd5ec
----------------- Done invoking toplevel() on ptolemy.moml.MoMLSimpleApplication@5b8bd5ec
reloadAllAccessors: .Iteration

===========================================================================================
----------------- testing Tue Jun 05 23:02:36 UTC 2018 /home/travis/build/icyphy/ptII/ptolemy/domains/de/test/auto/LineFault.xml
----------------- Instantiating /home/travis/build/icyphy/ptII/ptolemy/domains/de/test/auto/LineFault.xml
305 ms. Memory: 595456K Free: 543369K (91%)
----------------- Invoking toplevel() on ptolemy.moml.MoMLSimpleApplication@75721896
----------------- Done invoking toplevel() on ptolemy.moml.MoMLSimpleApplication@75721896
reloadAllAccessors: .LineFault

===========================================================================================
----------------- testing Tue Jun 05 23:02:36 UTC 2018 /home/travis/build/icyphy/ptII/ptolemy/domains/de/test/auto/MergeModel1Add.xml
----------------- Instantiating /home/travis/build/icyphy/ptII/ptolemy/domains/de/test/auto/MergeModel1Add.xml
5 ms. Memory: 595456K Free: 508590K (85%)
----------------- Invoking toplevel() on ptolemy.moml.MoMLSimpleApplication@368730cd
----------------- Done invoking toplevel() on ptolemy.moml.MoMLSimpleApplication@368730cd
reloadAllAccessors: .MergeModel1Add

===========================================================================================
----------------- testing Tue Jun 05 23:02:36 UTC 2018 /home/travis/build/icyphy/ptII/ptolemy/domains/de/test/auto/MergeModel2Add.xml
----------------- Instantiating /home/travis/build/icyphy/ptII/ptolemy/domains/de/test/auto/MergeModel2Add.xml
5 ms. Memory: 595456K Free: 482907K (81%)
----------------- Invoking toplevel() on ptolemy.moml.MoMLSimpleApplication@3a5eec4
----------------- Done invoking toplevel() on ptolemy.moml.MoMLSimpleApplication@3a5eec4
reloadAllAccessors: .MergeModel2Add

===========================================================================================
----------------- testing Tue Jun 05 23:02:36 UTC 2018 /home/travis/build/icyphy/ptII/ptolemy/domains/de/test/auto/MergeModel3Add.xml
----------------- Instantiating /home/travis/build/icyphy/ptII/ptolemy/domains/de/test/auto/MergeModel3Add.xml
6 ms. Memory: 595456K Free: 457239K (77%)
----------------- Invoking toplevel() on ptolemy.moml.MoMLSimpleApplication@6cff2a63
----------------- Done invoking toplevel() on ptolemy.moml.MoMLSimpleApplication@6cff2a63
reloadAllAccessors: .MergeModel3Add

===========================================================================================
----------------- testing Tue Jun 05 23:02:36 UTC 2018 /home/travis/build/icyphy/ptII/ptolemy/domains/de/test/auto/MergeWithoutDiscard.xml
----------------- Instantiating /home/travis/build/icyphy/ptII/ptolemy/domains/de/test/auto/MergeWithoutDiscard.xml
2 ms. Memory: 595456K Free: 446979K (75%)
----------------- Invoking toplevel() on ptolemy.moml.MoMLSimpleApplication@475bb6d2
----------------- Done invoking toplevel() on ptolemy.moml.MoMLSimpleApplication@475bb6d2
reloadAllAccessors: .MergeWithoutDiscard

===========================================================================================
----------------- testing Tue Jun 05 23:02:36 UTC 2018 /home/travis/build/icyphy/ptII/ptolemy/domains/de/test/auto/Modal1.xml
----------------- Instantiating /home/travis/build/icyphy/ptII/ptolemy/domains/de/test/auto/Modal1.xml
6 ms. Memory: 595456K Free: 431572K (72%)
----------------- Invoking toplevel() on ptolemy.moml.MoMLSimpleApplication@1c283e32
----------------- Done invoking toplevel() on ptolemy.moml.MoMLSimpleApplication@1c283e32
reloadAllAccessors: .Modal1

===========================================================================================
----------------- testing Tue Jun 05 23:02:36 UTC 2018 /home/travis/build/icyphy/ptII/ptolemy/domains/de/test/auto/Modal2.xml
----------------- Instantiating /home/travis/build/icyphy/ptII/ptolemy/domains/de/test/auto/Modal2.xml
9 ms. Memory: 595456K Free: 416165K (70%)
----------------- Invoking toplevel() on ptolemy.moml.MoMLSimpleApplication@5ff11a56
----------------- Done invoking toplevel() on ptolemy.moml.MoMLSimpleApplication@5ff11a56
reloadAllAccessors: .Modal2

===========================================================================================
----------------- testing Tue Jun 05 23:02:36 UTC 2018 /home/travis/build/icyphy/ptII/ptolemy/domains/de/test/auto/Modal3.xml
----------------- Instantiating /home/travis/build/icyphy/ptII/ptolemy/domains/de/test/auto/Modal3.xml
5 ms. Memory: 595456K Free: 397393K (67%)
----------------- Invoking toplevel() on ptolemy.moml.MoMLSimpleApplication@57ceb836
----------------- Done invoking toplevel() on ptolemy.moml.MoMLSimpleApplication@57ceb836
reloadAllAccessors: .Modal3

===========================================================================================
----------------- testing Tue Jun 05 23:02:36 UTC 2018 /home/travis/build/icyphy/ptII/ptolemy/domains/de/test/auto/Modal4.xml
----------------- Instantiating /home/travis/build/icyphy/ptII/ptolemy/domains/de/test/auto/Modal4.xml
10 ms. Memory: 595456K Free: 381986K (64%)
----------------- Invoking toplevel() on ptolemy.moml.MoMLSimpleApplication@9b0344e
----------------- Done invoking toplevel() on ptolemy.moml.MoMLSimpleApplication@9b0344e
reloadAllAccessors: .Modal4

===========================================================================================
----------------- testing Tue Jun 05 23:02:36 UTC 2018 /home/travis/build/icyphy/ptII/ptolemy/domains/de/test/auto/Modal5.xml
----------------- Instantiating /home/travis/build/icyphy/ptII/ptolemy/domains/de/test/auto/Modal5.xml
5 ms. Memory: 595456K Free: 366579K (62%)
----------------- Invoking toplevel() on ptolemy.moml.MoMLSimpleApplication@1c67028e
----------------- Done invoking toplevel() on ptolemy.moml.MoMLSimpleApplication@1c67028e
reloadAllAccessors: .Modal5

===========================================================================================
----------------- testing Tue Jun 05 23:02:36 UTC 2018 /home/travis/build/icyphy/ptII/ptolemy/domains/de/test/auto/Modal6.xml
----------------- Instantiating /home/travis/build/icyphy/ptII/ptolemy/domains/de/test/auto/Modal6.xml
7 ms. Memory: 595456K Free: 351173K (59%)
----------------- Invoking toplevel() on ptolemy.moml.MoMLSimpleApplication@4a91e0ea
----------------- Done invoking toplevel() on ptolemy.moml.MoMLSimpleApplication@4a91e0ea
reloadAllAccessors: .Modal6

===========================================================================================
----------------- testing Tue Jun 05 23:02:36 UTC 2018 /home/travis/build/icyphy/ptII/ptolemy/domains/de/test/auto/Modal7.xml
----------------- Instantiating /home/travis/build/icyphy/ptII/ptolemy/domains/de/test/auto/Modal7.xml
6 ms. Memory: 595456K Free: 330636K (56%)
----------------- Invoking toplevel() on ptolemy.moml.MoMLSimpleApplication@6c1a9f5
----------------- Done invoking toplevel() on ptolemy.moml.MoMLSimpleApplication@6c1a9f5
reloadAllAccessors: .Modal7

===========================================================================================
----------------- testing Tue Jun 05 23:02:36 UTC 2018 /home/travis/build/icyphy/ptII/ptolemy/domains/de/test/auto/ModalModel.xml
----------------- Instantiating /home/travis/build/icyphy/ptII/ptolemy/domains/de/test/auto/ModalModel.xml
66 ms. Memory: 595456K Free: 258684K (43%)
----------------- Invoking toplevel() on ptolemy.moml.MoMLSimpleApplication@1043df07
----------------- Done invoking toplevel() on ptolemy.moml.MoMLSimpleApplication@1043df07
reloadAllAccessors: .ModalModel

===========================================================================================
----------------- testing Tue Jun 05 23:02:36 UTC 2018 /home/travis/build/icyphy/ptII/ptolemy/domains/de/test/auto/ModalSource.xml
----------------- Instantiating /home/travis/build/icyphy/ptII/ptolemy/domains/de/test/auto/ModalSource.xml
3 ms. Memory: 595456K Free: 243277K (41%)
----------------- Invoking toplevel() on ptolemy.moml.MoMLSimpleApplication@794aef69
----------------- Done invoking toplevel() on ptolemy.moml.MoMLSimpleApplication@794aef69
reloadAllAccessors: .ModalSource

===========================================================================================
----------------- testing Tue Jun 05 23:02:36 UTC 2018 /home/travis/build/icyphy/ptII/ptolemy/domains/de/test/auto/NonInterruptibleTimerZeroDelay.xml
----------------- Instantiating /home/travis/build/icyphy/ptII/ptolemy/domains/de/test/auto/NonInterruptibleTimerZeroDelay.xml
1 ms. Memory: 595456K Free: 229651K (39%)
----------------- Invoking toplevel() on ptolemy.moml.MoMLSimpleApplication@5c0f2e7f
----------------- Done invoking toplevel() on ptolemy.moml.MoMLSimpleApplication@5c0f2e7f
reloadAllAccessors: .NonInterruptibleTimerZeroDelay

===========================================================================================
----------------- testing Tue Jun 05 23:02:36 UTC 2018 /home/travis/build/icyphy/ptII/ptolemy/domains/de/test/auto/OpenQueueingNetwork.xml
----------------- Instantiating /home/travis/build/icyphy/ptII/ptolemy/domains/de/test/auto/OpenQueueingNetwork.xml
2004 ms. Memory: 571392K Free: 99660K (17%)
----------------- Invoking toplevel() on ptolemy.moml.MoMLSimpleApplication@7592147f
----------------- Done invoking toplevel() on ptolemy.moml.MoMLSimpleApplication@7592147f
reloadAllAccessors: .OpenQueueingNetwork

===========================================================================================
----------------- testing Tue Jun 05 23:02:39 UTC 2018 /home/travis/build/icyphy/ptII/ptolemy/domains/de/test/auto/OpenQueuingNetwork.xml
----------------- Instantiating /home/travis/build/icyphy/ptII/ptolemy/domains/de/test/auto/OpenQueuingNetwork.xml
203 ms. Memory: 548352K Free: 470614K (86%)
----------------- Invoking toplevel() on ptolemy.moml.MoMLSimpleApplication@6850d1ce
----------------- Done invoking toplevel() on ptolemy.moml.MoMLSimpleApplication@6850d1ce
reloadAllAccessors: .OpenQueuingNetwork

===========================================================================================
----------------- testing Tue Jun 05 23:02:39 UTC 2018 /home/travis/build/icyphy/ptII/ptolemy/domains/de/test/auto/PeriodicSampler.xml
----------------- Instantiating /home/travis/build/icyphy/ptII/ptolemy/domains/de/test/auto/PeriodicSampler.xml
1 ms. Memory: 548352K Free: 459946K (84%)
----------------- Invoking toplevel() on ptolemy.moml.MoMLSimpleApplication@3f03c9b6
----------------- Done invoking toplevel() on ptolemy.moml.MoMLSimpleApplication@3f03c9b6
reloadAllAccessors: .PeriodicSampler

===========================================================================================
----------------- testing Tue Jun 05 23:02:39 UTC 2018 /home/travis/build/icyphy/ptII/ptolemy/domains/de/test/auto/PersistentIO.xml
----------------- Instantiating /home/travis/build/icyphy/ptII/ptolemy/domains/de/test/auto/PersistentIO.xml
3 ms. Memory: 548352K Free: 445937K (81%)
----------------- Invoking toplevel() on ptolemy.moml.MoMLSimpleApplication@3a8b245c
----------------- Done invoking toplevel() on ptolemy.moml.MoMLSimpleApplication@3a8b245c
reloadAllAccessors: .PersistentIO

===========================================================================================
----------------- testing Tue Jun 05 23:02:39 UTC 2018 /home/travis/build/icyphy/ptII/ptolemy/domains/de/test/auto/PortParameterResetOnInitialize.xml
----------------- Instantiating /home/travis/build/icyphy/ptII/ptolemy/domains/de/test/auto/PortParameterResetOnInitialize.xml
1 ms. Memory: 548352K Free: 435268K (79%)
----------------- Invoking toplevel() on ptolemy.moml.MoMLSimpleApplication@486530c4
----------------- Done invoking toplevel() on ptolemy.moml.MoMLSimpleApplication@486530c4
reloadAllAccessors: .PortParameterResetOnInitialize

===========================================================================================
----------------- testing Tue Jun 05 23:02:39 UTC 2018 /home/travis/build/icyphy/ptII/ptolemy/domains/de/test/auto/PortParameterUpdates.xml
----------------- Instantiating /home/travis/build/icyphy/ptII/ptolemy/domains/de/test/auto/PortParameterUpdates.xml
2 ms. Memory: 548352K Free: 421248K (77%)
----------------- Invoking toplevel() on ptolemy.moml.MoMLSimpleApplication@4b905645
----------------- Done invoking toplevel() on ptolemy.moml.MoMLSimpleApplication@4b905645
reloadAllAccessors: .PortParameterUpdates

===========================================================================================
----------------- testing Tue Jun 05 23:02:39 UTC 2018 /home/travis/build/icyphy/ptII/ptolemy/domains/de/test/auto/QueueAndServer.xml
----------------- Instantiating /home/travis/build/icyphy/ptII/ptolemy/domains/de/test/auto/QueueAndServer.xml
4 ms. Memory: 548352K Free: 407239K (74%)
----------------- Invoking toplevel() on ptolemy.moml.MoMLSimpleApplication@7932236
----------------- Done invoking toplevel() on ptolemy.moml.MoMLSimpleApplication@7932236
reloadAllAccessors: .QueueAndServer

===========================================================================================
----------------- testing Tue Jun 05 23:02:39 UTC 2018 /home/travis/build/icyphy/ptII/ptolemy/domains/de/test/auto/Records.xml
----------------- Instantiating /home/travis/build/icyphy/ptII/ptolemy/domains/de/test/auto/Records.xml
2 ms. Memory: 548352K Free: 396570K (72%)
----------------- Invoking toplevel() on ptolemy.moml.MoMLSimpleApplication@524372f4
----------------- Done invoking toplevel() on ptolemy.moml.MoMLSimpleApplication@524372f4
reloadAllAccessors: .Records

===========================================================================================
----------------- testing Tue Jun 05 23:02:39 UTC 2018 /home/travis/build/icyphy/ptII/ptolemy/domains/de/test/auto/ResetTransitionWithStartTime1.xml
----------------- Instantiating /home/travis/build/icyphy/ptII/ptolemy/domains/de/test/auto/ResetTransitionWithStartTime1.xml
4 ms. Memory: 548352K Free: 382561K (70%)
----------------- Invoking toplevel() on ptolemy.moml.MoMLSimpleApplication@5dde6c38
----------------- Done invoking toplevel() on ptolemy.moml.MoMLSimpleApplication@5dde6c38
reloadAllAccessors: .ResetTransitionWithStartTime1

===========================================================================================
----------------- testing Tue Jun 05 23:02:39 UTC 2018 /home/travis/build/icyphy/ptII/ptolemy/domains/de/test/auto/ResetTransitionWithStartTime2.xml
----------------- Instantiating /home/travis/build/icyphy/ptII/ptolemy/domains/de/test/auto/ResetTransitionWithStartTime2.xml
4 ms. Memory: 548352K Free: 367213K (67%)
----------------- Invoking toplevel() on ptolemy.moml.MoMLSimpleApplication@7ba903eb
----------------- Done invoking toplevel() on ptolemy.moml.MoMLSimpleApplication@7ba903eb
reloadAllAccessors: .ResetTransitionWithStartTime2

===========================================================================================
----------------- testing Tue Jun 05 23:02:39 UTC 2018 /home/travis/build/icyphy/ptII/ptolemy/domains/de/test/auto/ResetTransitionWithStartTime3.xml
----------------- Instantiating /home/travis/build/icyphy/ptII/ptolemy/domains/de/test/auto/ResetTransitionWithStartTime3.xml
3 ms. Memory: 548352K Free: 353204K (64%)
----------------- Invoking toplevel() on ptolemy.moml.MoMLSimpleApplication@2492cefb
----------------- Done invoking toplevel() on ptolemy.moml.MoMLSimpleApplication@2492cefb
reloadAllAccessors: .ResetTransitionWithStartTime3

===========================================================================================
----------------- testing Tue Jun 05 23:02:39 UTC 2018 /home/travis/build/icyphy/ptII/ptolemy/domains/de/test/auto/ResetTransitionWithStartTime4.xml
----------------- Instantiating /home/travis/build/icyphy/ptII/ptolemy/domains/de/test/auto/ResetTransitionWithStartTime4.xml
3 ms. Memory: 548352K Free: 339195K (62%)
----------------- Invoking toplevel() on ptolemy.moml.MoMLSimpleApplication@518b5ca6
----------------- Done invoking toplevel() on ptolemy.moml.MoMLSimpleApplication@518b5ca6
reloadAllAccessors: .ResetTransitionWithStartTime4

===========================================================================================
----------------- testing Tue Jun 05 23:02:39 UTC 2018 /home/travis/build/icyphy/ptII/ptolemy/domains/de/test/auto/ResettableTimer1.xml
----------------- Instantiating /home/travis/build/icyphy/ptII/ptolemy/domains/de/test/auto/ResettableTimer1.xml
1 ms. Memory: 548352K Free: 328526K (60%)
----------------- Invoking toplevel() on ptolemy.moml.MoMLSimpleApplication@90327b3
----------------- Done invoking toplevel() on ptolemy.moml.MoMLSimpleApplication@90327b3
reloadAllAccessors: .ResettableTimer1

===========================================================================================
----------------- testing Tue Jun 05 23:02:39 UTC 2018 /home/travis/build/icyphy/ptII/ptolemy/domains/de/test/auto/ResettableTimer2.xml
----------------- Instantiating /home/travis/build/icyphy/ptII/ptolemy/domains/de/test/auto/ResettableTimer2.xml
2 ms. Memory: 548352K Free: 319197K (58%)
----------------- Invoking toplevel() on ptolemy.moml.MoMLSimpleApplication@43dfcfc7
----------------- Done invoking toplevel() on ptolemy.moml.MoMLSimpleApplication@43dfcfc7
reloadAllAccessors: .ResettableTimer2

===========================================================================================
----------------- testing Tue Jun 05 23:02:39 UTC 2018 /home/travis/build/icyphy/ptII/ptolemy/domains/de/test/auto/ResettableTimer3.xml
----------------- Instantiating /home/travis/build/icyphy/ptII/ptolemy/domains/de/test/auto/ResettableTimer3.xml
1 ms. Memory: 548352K Free: 309869K (57%)
----------------- Invoking toplevel() on ptolemy.moml.MoMLSimpleApplication@13989479
----------------- Done invoking toplevel() on ptolemy.moml.MoMLSimpleApplication@13989479
reloadAllAccessors: .ResettableTimer3

===========================================================================================
----------------- testing Tue Jun 05 23:02:39 UTC 2018 /home/travis/build/icyphy/ptII/ptolemy/domains/de/test/auto/ResettableTimer4.xml
----------------- Instantiating /home/travis/build/icyphy/ptII/ptolemy/domains/de/test/auto/ResettableTimer4.xml
2 ms. Memory: 548352K Free: 299200K (55%)
----------------- Invoking toplevel() on ptolemy.moml.MoMLSimpleApplication@289a81ef
----------------- Done invoking toplevel() on ptolemy.moml.MoMLSimpleApplication@289a81ef
reloadAllAccessors: .ResettableTimer4

===========================================================================================
----------------- testing Tue Jun 05 23:02:39 UTC 2018 /home/travis/build/icyphy/ptII/ptolemy/domains/de/test/auto/ResettableTimer5.xml
----------------- Instantiating /home/travis/build/icyphy/ptII/ptolemy/domains/de/test/auto/ResettableTimer5.xml
1 ms. Memory: 548352K Free: 289872K (53%)
----------------- Invoking toplevel() on ptolemy.moml.MoMLSimpleApplication@191d7329
----------------- Done invoking toplevel() on ptolemy.moml.MoMLSimpleApplication@191d7329
reloadAllAccessors: .ResettableTimer5

===========================================================================================
----------------- testing Tue Jun 05 23:02:39 UTC 2018 /home/travis/build/icyphy/ptII/ptolemy/domains/de/test/auto/ResettableTimer6.xml
----------------- Instantiating /home/travis/build/icyphy/ptII/ptolemy/domains/de/test/auto/ResettableTimer6.xml
1 ms. Memory: 548352K Free: 279203K (51%)
----------------- Invoking toplevel() on ptolemy.moml.MoMLSimpleApplication@7b6d946b
----------------- Done invoking toplevel() on ptolemy.moml.MoMLSimpleApplication@7b6d946b
reloadAllAccessors: .ResettableTimer6

===========================================================================================
----------------- testing Tue Jun 05 23:02:39 UTC 2018 /home/travis/build/icyphy/ptII/ptolemy/domains/de/test/auto/ServerZeroDelay.xml
----------------- Instantiating /home/travis/build/icyphy/ptII/ptolemy/domains/de/test/auto/ServerZeroDelay.xml
1 ms. Memory: 548352K Free: 269874K (49%)
----------------- Invoking toplevel() on ptolemy.moml.MoMLSimpleApplication@4c2fda84
----------------- Done invoking toplevel() on ptolemy.moml.MoMLSimpleApplication@4c2fda84
reloadAllAccessors: .ServerZeroDelay

===========================================================================================
----------------- testing Tue Jun 05 23:02:39 UTC 2018 /home/travis/build/icyphy/ptII/ptolemy/domains/de/test/auto/SmartSender.xml
----------------- Instantiating /home/travis/build/icyphy/ptII/ptolemy/domains/de/test/auto/SmartSender.xml
3002 ms. Memory: 548352K Free: 260546K (48%)
----------------- Invoking toplevel() on ptolemy.moml.MoMLSimpleApplication@4af2767c
----------------- Done invoking toplevel() on ptolemy.moml.MoMLSimpleApplication@4af2767c
reloadAllAccessors: .SmartSender

===========================================================================================
----------------- testing Tue Jun 05 23:02:42 UTC 2018 /home/travis/build/icyphy/ptII/ptolemy/domains/de/test/auto/ThreadedComposite.xml
----------------- Instantiating /home/travis/build/icyphy/ptII/ptolemy/domains/de/test/auto/ThreadedComposite.xml
117 ms. Memory: 548352K Free: 226523K (41%)
----------------- Invoking toplevel() on ptolemy.moml.MoMLSimpleApplication@13e4b842
----------------- Done invoking toplevel() on ptolemy.moml.MoMLSimpleApplication@13e4b842
reloadAllAccessors: .ThreadedComposite

===========================================================================================
----------------- testing Tue Jun 05 23:02:42 UTC 2018 /home/travis/build/icyphy/ptII/ptolemy/domains/de/test/auto/Time.xml
----------------- Instantiating /home/travis/build/icyphy/ptII/ptolemy/domains/de/test/auto/Time.xml
400 ms. Memory: 548352K Free: 170551K (31%)
----------------- Invoking toplevel() on ptolemy.moml.MoMLSimpleApplication@6dda3170
----------------- Done invoking toplevel() on ptolemy.moml.MoMLSimpleApplication@6dda3170
reloadAllAccessors: .Time

===========================================================================================
----------------- testing Tue Jun 05 23:02:43 UTC 2018 /home/travis/build/icyphy/ptII/ptolemy/domains/de/test/auto/TimeDelayZeroDelay.xml
----------------- Instantiating /home/travis/build/icyphy/ptII/ptolemy/domains/de/test/auto/TimeDelayZeroDelay.xml
2 ms. Memory: 548352K Free: 159883K (29%)
----------------- Invoking toplevel() on ptolemy.moml.MoMLSimpleApplication@658394aa
----------------- Done invoking toplevel() on ptolemy.moml.MoMLSimpleApplication@658394aa
reloadAllAccessors: .TimeDelayZeroDelay

===========================================================================================
----------------- testing Tue Jun 05 23:02:43 UTC 2018 /home/travis/build/icyphy/ptII/ptolemy/domains/de/test/auto/TimerZeroDelay.xml
----------------- Instantiating /home/travis/build/icyphy/ptII/ptolemy/domains/de/test/auto/TimerZeroDelay.xml
1 ms. Memory: 548352K Free: 150554K (27%)
----------------- Invoking toplevel() on ptolemy.moml.MoMLSimpleApplication@1f132136
----------------- Done invoking toplevel() on ptolemy.moml.MoMLSimpleApplication@1f132136
reloadAllAccessors: .TimerZeroDelay

===========================================================================================
----------------- testing Tue Jun 05 23:02:43 UTC 2018 /home/travis/build/icyphy/ptII/ptolemy/domains/de/test/auto/TimingParadox.xml
----------------- Instantiating /home/travis/build/icyphy/ptII/ptolemy/domains/de/test/auto/TimingParadox.xml
276 ms. Memory: 548352K Free: 80533K (15%)
----------------- Invoking toplevel() on ptolemy.moml.MoMLSimpleApplication@4f917cc4
----------------- Done invoking toplevel() on ptolemy.moml.MoMLSimpleApplication@4f917cc4
reloadAllAccessors: .TimingParadox

===========================================================================================
----------------- testing Tue Jun 05 23:02:43 UTC 2018 /home/travis/build/icyphy/ptII/ptolemy/domains/de/test/auto/TransferInputs.xml
----------------- Instantiating /home/travis/build/icyphy/ptII/ptolemy/domains/de/test/auto/TransferInputs.xml
1 ms. Memory: 548352K Free: 69865K (13%)
----------------- Invoking toplevel() on ptolemy.moml.MoMLSimpleApplication@2cf434fe
----------------- Done invoking toplevel() on ptolemy.moml.MoMLSimpleApplication@2cf434fe
reloadAllAccessors: .TransferInputs

===========================================================================================
----------------- testing Tue Jun 05 23:02:43 UTC 2018 /home/travis/build/icyphy/ptII/ptolemy/domains/de/test/auto/TransferOutputs2.xml
----------------- Instantiating /home/travis/build/icyphy/ptII/ptolemy/domains/de/test/auto/TransferOutputs2.xml
2 ms. Memory: 526848K Free: 503347K (96%)
----------------- Invoking toplevel() on ptolemy.moml.MoMLSimpleApplication@2de2dd9a
----------------- Done invoking toplevel() on ptolemy.moml.MoMLSimpleApplication@2de2dd9a
reloadAllAccessors: .TransferOutputs2

===========================================================================================
----------------- testing Tue Jun 05 23:02:43 UTC 2018 /home/travis/build/icyphy/ptII/ptolemy/domains/de/test/auto/Trilateration.xml
----------------- Instantiating /home/travis/build/icyphy/ptII/ptolemy/domains/de/test/auto/Trilateration.xml
11030 ms. Memory: 602112K Free: 460943K (77%)
----------------- Invoking toplevel() on ptolemy.moml.MoMLSimpleApplication@151f9401
----------------- Done invoking toplevel() on ptolemy.moml.MoMLSimpleApplication@151f9401
reloadAllAccessors: .Trilateration

===========================================================================================
----------------- testing Tue Jun 05 23:02:55 UTC 2018 /home/travis/build/icyphy/ptII/ptolemy/domains/de/test/auto/TwoSigmaDelta.xml
----------------- Instantiating /home/travis/build/icyphy/ptII/ptolemy/domains/de/test/auto/TwoSigmaDelta.xml
1969 ms. Memory: 602112K Free: 166330K (28%)
----------------- Invoking toplevel() on ptolemy.moml.MoMLSimpleApplication@615e048d
----------------- Done invoking toplevel() on ptolemy.moml.MoMLSimpleApplication@615e048d
reloadAllAccessors: .TwoSigmaDelta

===========================================================================================
----------------- testing Tue Jun 05 23:02:57 UTC 2018 /home/travis/build/icyphy/ptII/ptolemy/domains/de/test/auto/VariableDelay.xml
----------------- Instantiating /home/travis/build/icyphy/ptII/ptolemy/domains/de/test/auto/VariableDelay.xml
2 ms. Memory: 602112K Free: 145074K (24%)
----------------- Invoking toplevel() on ptolemy.moml.MoMLSimpleApplication@464d3a08
----------------- Done invoking toplevel() on ptolemy.moml.MoMLSimpleApplication@464d3a08
reloadAllAccessors: .VariableDelay

===========================================================================================
----------------- testing Tue Jun 05 23:02:57 UTC 2018 /home/travis/build/icyphy/ptII/ptolemy/domains/de/test/auto/VariableDelay2.xml
----------------- Instantiating /home/travis/build/icyphy/ptII/ptolemy/domains/de/test/auto/VariableDelay2.xml
1 ms. Memory: 602112K Free: 123818K (21%)
----------------- Invoking toplevel() on ptolemy.moml.MoMLSimpleApplication@246dd0a8
----------------- Done invoking toplevel() on ptolemy.moml.MoMLSimpleApplication@246dd0a8
reloadAllAccessors: .VariableDelay2

===========================================================================================
----------------- testing Tue Jun 05 23:02:57 UTC 2018 /home/travis/build/icyphy/ptII/ptolemy/domains/de/test/auto/VariableDelayZeroDelay.xml
----------------- Instantiating /home/travis/build/icyphy/ptII/ptolemy/domains/de/test/auto/VariableDelayZeroDelay.xml
2 ms. Memory: 602112K Free: 102561K (17%)
----------------- Invoking toplevel() on ptolemy.moml.MoMLSimpleApplication@681caa98
----------------- Done invoking toplevel() on ptolemy.moml.MoMLSimpleApplication@681caa98
reloadAllAccessors: .VariableDelayZeroDelay

===========================================================================================
----------------- testing Tue Jun 05 23:02:57 UTC 2018 /home/travis/build/icyphy/ptII/ptolemy/domains/de/test/auto/VariableDelayZeroDelay2.xml
----------------- Instantiating /home/travis/build/icyphy/ptII/ptolemy/domains/de/test/auto/VariableDelayZeroDelay2.xml
1 ms. Memory: 602112K Free: 81999K (14%)
----------------- Invoking toplevel() on ptolemy.moml.MoMLSimpleApplication@13808b6f
----------------- Done invoking toplevel() on ptolemy.moml.MoMLSimpleApplication@13808b6f
reloadAllAccessors: .VariableDelayZeroDelay2

===========================================================================================
----------------- testing Tue Jun 05 23:02:57 UTC 2018 /home/travis/build/icyphy/ptII/ptolemy/domains/de/test/auto/deInCt.xml
----------------- Instantiating /home/travis/build/icyphy/ptII/ptolemy/domains/de/test/auto/deInCt.xml
0
1
1
1
0
0
0
1
1
1
0
0
0
0
1
1
1
0
0
0
1
1
0
0
0
1
1
1
0
0
0
1
1
1
0
0
0
0
1
1
1
0
0
0
1
1
1
0
0
0
0
5 ms. Memory: 602112K Free: 62265K (10%)
----------------- Invoking toplevel() on ptolemy.moml.MoMLSimpleApplication@33e91310
----------------- Done invoking toplevel() on ptolemy.moml.MoMLSimpleApplication@33e91310
reloadAllAccessors: .deInCt

===========================================================================================
----------------- testing Tue Jun 05 23:02:57 UTC 2018 /home/travis/build/icyphy/ptII/ptolemy/domains/de/test/auto/deInCt2.xml
----------------- Instantiating /home/travis/build/icyphy/ptII/ptolemy/domains/de/test/auto/deInCt2.xml
0
1
1
1
0
0
1
1
1
0
0
1
1
1
0
0
1
1
1
0
0
1
1
1
0
0
1
1
1
0
0
1
1
1
0
0
1
1
1
0
0
0
11 ms. Memory: 571392K Free: 525351K (92%)
----------------- Invoking toplevel() on ptolemy.moml.MoMLSimpleApplication@27386222
----------------- Done invoking toplevel() on ptolemy.moml.MoMLSimpleApplication@27386222
reloadAllAccessors: .deInCt2

===========================================================================================
----------------- testing Tue Jun 05 23:02:57 UTC 2018 /home/travis/build/icyphy/ptII/ptolemy/domains/de/test/auto/dynamicCausalityInterface1.xml
----------------- Instantiating /home/travis/build/icyphy/ptII/ptolemy/domains/de/test/auto/dynamicCausalityInterface1.xml
1 ms. Memory: 571392K Free: 505298K (88%)
----------------- Invoking toplevel() on ptolemy.moml.MoMLSimpleApplication@3aba424e
----------------- Done invoking toplevel() on ptolemy.moml.MoMLSimpleApplication@3aba424e
reloadAllAccessors: .dynamicCausalityInterface1

===========================================================================================
----------------- testing Tue Jun 05 23:02:57 UTC 2018 /home/travis/build/icyphy/ptII/ptolemy/domains/de/test/auto/fsm_de_test.xml
----------------- Instantiating /home/travis/build/icyphy/ptII/ptolemy/domains/de/test/auto/fsm_de_test.xml
4 ms. Memory: 571392K Free: 484792K (85%)
----------------- Invoking toplevel() on ptolemy.moml.MoMLSimpleApplication@653a5c8f
----------------- Done invoking toplevel() on ptolemy.moml.MoMLSimpleApplication@653a5c8f
reloadAllAccessors: .fsm_de_test

===========================================================================================
----------------- testing Tue Jun 05 23:02:57 UTC 2018 /home/travis/build/icyphy/ptII/ptolemy/domains/de/test/auto/functionDependencyReconstruction.xml
----------------- Instantiating /home/travis/build/icyphy/ptII/ptolemy/domains/de/test/auto/functionDependencyReconstruction.xml
6 ms. Memory: 571392K Free: 454940K (80%)
----------------- Invoking toplevel() on ptolemy.moml.MoMLSimpleApplication@67b01908
----------------- Done invoking toplevel() on ptolemy.moml.MoMLSimpleApplication@67b01908
reloadAllAccessors: .functionDependencyReconstruction

===========================================================================================
----------------- testing Tue Jun 05 23:02:57 UTC 2018 /home/travis/build/icyphy/ptII/ptolemy/domains/de/test/auto/multirate.xml
----------------- Instantiating /home/travis/build/icyphy/ptII/ptolemy/domains/de/test/auto/multirate.xml
4 ms. Memory: 571392K Free: 434887K (76%)
----------------- Invoking toplevel() on ptolemy.moml.MoMLSimpleApplication@c6fab0d
----------------- Done invoking toplevel() on ptolemy.moml.MoMLSimpleApplication@c6fab0d
reloadAllAccessors: .multirate

===========================================================================================
----------------- testing Tue Jun 05 23:02:57 UTC 2018 /home/travis/build/icyphy/ptII/ptolemy/domains/de/test/auto/multirate2.xml
----------------- Instantiating /home/travis/build/icyphy/ptII/ptolemy/domains/de/test/auto/multirate2.xml
3 ms. Memory: 571392K Free: 414834K (73%)
----------------- Invoking toplevel() on ptolemy.moml.MoMLSimpleApplication@1b864f4
----------------- Done invoking toplevel() on ptolemy.moml.MoMLSimpleApplication@1b864f4
reloadAllAccessors: .multirate2

===========================================================================================
----------------- testing Tue Jun 05 23:02:57 UTC 2018 /home/travis/build/icyphy/ptII/ptolemy/domains/de/test/auto/realtime.xml
----------------- Instantiating /home/travis/build/icyphy/ptII/ptolemy/domains/de/test/auto/realtime.xml
10002 ms. Memory: 571392K Free: 394781K (69%)
----------------- Invoking toplevel() on ptolemy.moml.MoMLSimpleApplication@773dc3de
----------------- Done invoking toplevel() on ptolemy.moml.MoMLSimpleApplication@773dc3de
reloadAllAccessors: .realtime

===========================================================================================
----------------- testing Tue Jun 05 23:03:07 UTC 2018 /home/travis/build/icyphy/ptII/ptolemy/domains/de/test/auto/relationGroup.xml
----------------- Instantiating /home/travis/build/icyphy/ptII/ptolemy/domains/de/test/auto/relationGroup.xml
1 ms. Memory: 571392K Free: 374275K (66%)
----------------- Invoking toplevel() on ptolemy.moml.MoMLSimpleApplication@4835ea0d
----------------- Done invoking toplevel() on ptolemy.moml.MoMLSimpleApplication@4835ea0d
reloadAllAccessors: .relationGroup

===========================================================================================
----------------- testing Tue Jun 05 23:03:07 UTC 2018 /home/travis/build/icyphy/ptII/ptolemy/domains/de/test/auto/relationGroup2.xml
----------------- Instantiating /home/travis/build/icyphy/ptII/ptolemy/domains/de/test/auto/relationGroup2.xml
1 ms. Memory: 571392K Free: 354222K (62%)
----------------- Invoking toplevel() on ptolemy.moml.MoMLSimpleApplication@624a1f8
----------------- Done invoking toplevel() on ptolemy.moml.MoMLSimpleApplication@624a1f8
reloadAllAccessors: .relationGroup2

===========================================================================================
----------------- testing Tue Jun 05 23:03:07 UTC 2018 /home/travis/build/icyphy/ptII/ptolemy/domains/de/test/auto/sortWithOpaquePorts.xml
----------------- Instantiating /home/travis/build/icyphy/ptII/ptolemy/domains/de/test/auto/sortWithOpaquePorts.xml
2 ms. Memory: 571392K Free: 334169K (58%)
----------------- Invoking toplevel() on ptolemy.moml.MoMLSimpleApplication@5b364431
----------------- Done invoking toplevel() on ptolemy.moml.MoMLSimpleApplication@5b364431
reloadAllAccessors: .sortWithOpaquePorts

===========================================================================================
----------------- testing Tue Jun 05 23:03:07 UTC 2018 /home/travis/build/icyphy/ptII/ptolemy/domains/de/test/auto/transferInputsandOutputs.xml
----------------- Instantiating /home/travis/build/icyphy/ptII/ptolemy/domains/de/test/auto/transferInputsandOutputs.xml
2 ms. Memory: 571392K Free: 314116K (55%)
----------------- Invoking toplevel() on ptolemy.moml.MoMLSimpleApplication@4fc96649
----------------- Done invoking toplevel() on ptolemy.moml.MoMLSimpleApplication@4fc96649
reloadAllAccessors: .transferInputsandOutputs

===========================================================================================
----------------- testing Tue Jun 05 23:03:07 UTC 2018 /home/travis/build/icyphy/ptII/ptolemy/domains/de/test/auto/triggerType.xml
----------------- Instantiating /home/travis/build/icyphy/ptII/ptolemy/domains/de/test/auto/triggerType.xml
1 ms. Memory: 571392K Free: 293610K (51%)
----------------- Invoking toplevel() on ptolemy.moml.MoMLSimpleApplication@6fab1773
----------------- Done invoking toplevel() on ptolemy.moml.MoMLSimpleApplication@6fab1773
reloadAllAccessors: .triggerType
AutoTests.java: About to close Vertx.
AutoTests.java: Vertx closed.
]]></system-out>
  <system-err><![CDATA[java.lang.RuntimeException: Execution failed
	at ptolemy.moml.MoMLSimpleApplication$UnloadThread.run(MoMLSimpleApplication.java:402)
Caused by: ptolemy.kernel.util.IllegalActionException: Found a zero delay loop containing .dependencyLoop.original
  in .dependencyLoop and .dependencyLoop.original
	at ptolemy.actor.util.CausalityInterfaceForComposites._computeOutputPortDepth(CausalityInterfaceForComposites.java:759)
	at ptolemy.actor.util.CausalityInterfaceForComposites._computeInputDepth(CausalityInterfaceForComposites.java:696)
	at ptolemy.actor.util.CausalityInterfaceForComposites._computeOutputPortDepth(CausalityInterfaceForComposites.java:765)
	at ptolemy.actor.util.CausalityInterfaceForComposites._computeInputDepth(CausalityInterfaceForComposites.java:696)
	at ptolemy.actor.util.CausalityInterfaceForComposites._computeOutputPortDepth(CausalityInterfaceForComposites.java:765)
	at ptolemy.actor.util.CausalityInterfaceForComposites._computeInputDepth(CausalityInterfaceForComposites.java:696)
	at ptolemy.actor.util.CausalityInterfaceForComposites._computeActorDepth(CausalityInterfaceForComposites.java:532)
	at ptolemy.actor.util.CausalityInterfaceForComposites.checkForCycles(CausalityInterfaceForComposites.java:96)
	at ptolemy.domains.de.kernel.DEDirector.preinitialize(DEDirector.java:1337)
	at ptolemy.actor.CompositeActor.preinitialize(CompositeActor.java:1828)
	at ptolemy.actor.Manager.preinitializeAndResolveTypes(Manager.java:1040)
	at ptolemy.actor.Manager.initialize(Manager.java:710)
	at ptolemy.actor.Manager.execute(Manager.java:356)
	at ptolemy.actor.Manager.run(Manager.java:1263)
	at ptolemy.actor.Manager$PtolemyRunThread.run(Manager.java:1915)
java.lang.RuntimeException: Execution failed
	at ptolemy.moml.MoMLSimpleApplication$UnloadThread.run(MoMLSimpleApplication.java:402)
Caused by: ptolemy.kernel.util.IllegalActionException: Found a zero delay loop containing .dependencyLoop2.original
  in .dependencyLoop2 and .dependencyLoop2.original
	at ptolemy.actor.util.CausalityInterfaceForComposites._computeOutputPortDepth(CausalityInterfaceForComposites.java:759)
	at ptolemy.actor.util.CausalityInterfaceForComposites._computeInputDepth(CausalityInterfaceForComposites.java:696)
	at ptolemy.actor.util.CausalityInterfaceForComposites._computeOutputPortDepth(CausalityInterfaceForComposites.java:765)
	at ptolemy.actor.util.CausalityInterfaceForComposites._computeInputDepth(CausalityInterfaceForComposites.java:696)
	at ptolemy.actor.util.CausalityInterfaceForComposites._computeOutputPortDepth(CausalityInterfaceForComposites.java:765)
	at ptolemy.actor.util.CausalityInterfaceForComposites._computeInputDepth(CausalityInterfaceForComposites.java:696)
	at ptolemy.actor.util.CausalityInterfaceForComposites._computeActorDepth(CausalityInterfaceForComposites.java:532)
	at ptolemy.actor.util.CausalityInterfaceForComposites.checkForCycles(CausalityInterfaceForComposites.java:96)
	at ptolemy.domains.de.kernel.DEDirector.preinitialize(DEDirector.java:1337)
	at ptolemy.actor.CompositeActor.preinitialize(CompositeActor.java:1828)
	at ptolemy.actor.Manager.preinitializeAndResolveTypes(Manager.java:1040)
	at ptolemy.actor.Manager.initialize(Manager.java:710)
	at ptolemy.actor.Manager.execute(Manager.java:356)
	at ptolemy.actor.Manager.run(Manager.java:1263)
	at ptolemy.actor.Manager$PtolemyRunThread.run(Manager.java:1915)
java.lang.RuntimeException: Execution failed
	at ptolemy.moml.MoMLSimpleApplication$UnloadThread.run(MoMLSimpleApplication.java:402)
Caused by: ptolemy.kernel.util.IllegalActionException: Found a zero delay loop containing .dependencyLoop.original
  in .dependencyLoop and .dependencyLoop.original
	at ptolemy.actor.util.CausalityInterfaceForComposites._computeOutputPortDepth(CausalityInterfaceForComposites.java:759)
	at ptolemy.actor.util.CausalityInterfaceForComposites._computeInputDepth(CausalityInterfaceForComposites.java:696)
	at ptolemy.actor.util.CausalityInterfaceForComposites._computeOutputPortDepth(CausalityInterfaceForComposites.java:765)
	at ptolemy.actor.util.CausalityInterfaceForComposites._computeInputDepth(CausalityInterfaceForComposites.java:696)
	at ptolemy.actor.util.CausalityInterfaceForComposites._computeOutputPortDepth(CausalityInterfaceForComposites.java:765)
	at ptolemy.actor.util.CausalityInterfaceForComposites._computeInputDepth(CausalityInterfaceForComposites.java:696)
	at ptolemy.actor.util.CausalityInterfaceForComposites._computeActorDepth(CausalityInterfaceForComposites.java:532)
	at ptolemy.actor.util.CausalityInterfaceForComposites.checkForCycles(CausalityInterfaceForComposites.java:96)
	at ptolemy.domains.de.kernel.DEDirector.preinitialize(DEDirector.java:1337)
	at ptolemy.actor.CompositeActor.preinitialize(CompositeActor.java:1828)
	at ptolemy.actor.Manager.preinitializeAndResolveTypes(Manager.java:1040)
	at ptolemy.actor.Manager.initialize(Manager.java:710)
	at ptolemy.actor.Manager.execute(Manager.java:356)
	at ptolemy.actor.Manager.run(Manager.java:1263)
	at ptolemy.actor.Manager$PtolemyRunThread.run(Manager.java:1915)
java.lang.RuntimeException: Execution failed
	at ptolemy.moml.MoMLSimpleApplication$UnloadThread.run(MoMLSimpleApplication.java:402)
Caused by: ptolemy.kernel.util.IllegalActionException: Actor is not ready to fire.  Perhaps UpSample.prefire() returned false? Try debugging the actor by selecting "Listen to Actor".  Also, for SDF check moml for tokenConsumptionRate on input.
  in .DESDFClockTest.Play Bell.Copy1:SDF Director and .DESDFClockTest.Play Bell.UpSample
	at ptolemy.actor.sched.StaticSchedulingDirector.fire(StaticSchedulingDirector.java:227)
	at ptolemy.domains.sdf.kernel.SDFDirector.fire(SDFDirector.java:500)
	at ptolemy.actor.CompositeActor.fire(CompositeActor.java:455)
	at ptolemy.domains.de.kernel.DEDirector._fire(DEDirector.java:1948)
	at ptolemy.domains.de.kernel.DEDirector.fire(DEDirector.java:502)
	at ptolemy.actor.CompositeActor.fire(CompositeActor.java:455)
	at ptolemy.actor.Manager.iterate(Manager.java:851)
	at ptolemy.actor.Manager.execute(Manager.java:369)
	at ptolemy.actor.Manager.run(Manager.java:1263)
	at ptolemy.actor.Manager$PtolemyRunThread.run(Manager.java:1915)
java.lang.RuntimeException: Execution failed
	at ptolemy.moml.MoMLSimpleApplication$UnloadThread.run(MoMLSimpleApplication.java:402)
Caused by: ptolemy.kernel.util.IllegalActionException: Found a zero delay loop containing .dependencyLoop2.original
  in .dependencyLoop2 and .dependencyLoop2.original
	at ptolemy.actor.util.CausalityInterfaceForComposites._computeOutputPortDepth(CausalityInterfaceForComposites.java:759)
	at ptolemy.actor.util.CausalityInterfaceForComposites._computeInputDepth(CausalityInterfaceForComposites.java:696)
	at ptolemy.actor.util.CausalityInterfaceForComposites._computeOutputPortDepth(CausalityInterfaceForComposites.java:765)
	at ptolemy.actor.util.CausalityInterfaceForComposites._computeInputDepth(CausalityInterfaceForComposites.java:696)
	at ptolemy.actor.util.CausalityInterfaceForComposites._computeOutputPortDepth(CausalityInterfaceForComposites.java:765)
	at ptolemy.actor.util.CausalityInterfaceForComposites._computeInputDepth(CausalityInterfaceForComposites.java:696)
	at ptolemy.actor.util.CausalityInterfaceForComposites._computeActorDepth(CausalityInterfaceForComposites.java:532)
	at ptolemy.actor.util.CausalityInterfaceForComposites.checkForCycles(CausalityInterfaceForComposites.java:96)
	at ptolemy.domains.de.kernel.DEDirector.preinitialize(DEDirector.java:1337)
	at ptolemy.actor.CompositeActor.preinitialize(CompositeActor.java:1828)
	at ptolemy.actor.Manager.preinitializeAndResolveTypes(Manager.java:1040)
	at ptolemy.actor.Manager.initialize(Manager.java:710)
	at ptolemy.actor.Manager.execute(Manager.java:356)
	at ptolemy.actor.Manager.run(Manager.java:1263)
	at ptolemy.actor.Manager$PtolemyRunThread.run(Manager.java:1915)
java.lang.RuntimeException: Execution failed
	at ptolemy.moml.MoMLSimpleApplication$UnloadThread.run(MoMLSimpleApplication.java:402)
Caused by: ptolemy.kernel.util.IllegalActionException: Found a zero delay loop containing .HierarchicalModel.A
  in .HierarchicalModel and .HierarchicalModel.A
	at ptolemy.actor.util.CausalityInterfaceForComposites._computeOutputPortDepth(CausalityInterfaceForComposites.java:759)
	at ptolemy.actor.util.CausalityInterfaceForComposites._computeInputDepth(CausalityInterfaceForComposites.java:696)
	at ptolemy.actor.util.CausalityInterfaceForComposites._computeOutputPortDepth(CausalityInterfaceForComposites.java:765)
	at ptolemy.actor.util.CausalityInterfaceForComposites._computeInputDepth(CausalityInterfaceForComposites.java:696)
	at ptolemy.actor.util.CausalityInterfaceForComposites._computeOutputPortDepth(CausalityInterfaceForComposites.java:765)
	at ptolemy.actor.util.CausalityInterfaceForComposites._computeInputDepth(CausalityInterfaceForComposites.java:696)
	at ptolemy.actor.util.CausalityInterfaceForComposites._computeActorDepth(CausalityInterfaceForComposites.java:532)
	at ptolemy.actor.util.CausalityInterfaceForComposites.checkForCycles(CausalityInterfaceForComposites.java:96)
	at ptolemy.domains.de.kernel.DEDirector.preinitialize(DEDirector.java:1337)
	at ptolemy.actor.CompositeActor.preinitialize(CompositeActor.java:1828)
	at ptolemy.actor.Manager.preinitializeAndResolveTypes(Manager.java:1040)
	at ptolemy.actor.Manager.initialize(Manager.java:710)
	at ptolemy.actor.Manager.execute(Manager.java:356)
	at ptolemy.actor.Manager.run(Manager.java:1263)
	at ptolemy.actor.Manager$PtolemyRunThread.run(Manager.java:1915)
java.lang.RuntimeException: Execution failed
	at ptolemy.moml.MoMLSimpleApplication$UnloadThread.run(MoMLSimpleApplication.java:402)
Caused by: ptolemy.kernel.util.IllegalActionException: Test fails in iteration 1.
Value was: 1.0. Should have been: 2.0
  in .DirectFeedback.Test
	at ptolemy.actor.lib.Test.fire(Test.java:268)
	at ptolemy.domains.de.kernel.DEDirector._fire(DEDirector.java:1948)
	at ptolemy.domains.de.kernel.DEDirector.fire(DEDirector.java:502)
	at ptolemy.actor.CompositeActor.fire(CompositeActor.java:455)
	at ptolemy.actor.Manager.iterate(Manager.java:851)
	at ptolemy.actor.Manager.execute(Manager.java:369)
	at ptolemy.actor.Manager.run(Manager.java:1263)
	at ptolemy.actor.Manager$PtolemyRunThread.run(Manager.java:1915)
java.lang.RuntimeException: Execution failed
	at ptolemy.moml.MoMLSimpleApplication$UnloadThread.run(MoMLSimpleApplication.java:402)
Caused by: ptolemy.kernel.util.IllegalActionException: Actor is not ready to fire.  Perhaps UpSample.prefire() returned false? Try debugging the actor by selecting "Listen to Actor".  Also, for SDF check moml for tokenConsumptionRate on input.
  in .DESDFClockTest.Play Bell.Copy1:SDF Director and .DESDFClockTest.Play Bell.UpSample
	at ptolemy.actor.sched.StaticSchedulingDirector.fire(StaticSchedulingDirector.java:227)
	at ptolemy.domains.sdf.kernel.SDFDirector.fire(SDFDirector.java:500)
	at ptolemy.actor.CompositeActor.fire(CompositeActor.java:455)
	at ptolemy.domains.de.kernel.DEDirector._fire(DEDirector.java:1948)
	at ptolemy.domains.de.kernel.DEDirector.fire(DEDirector.java:502)
	at ptolemy.actor.CompositeActor.fire(CompositeActor.java:455)
	at ptolemy.actor.Manager.iterate(Manager.java:851)
	at ptolemy.actor.Manager.execute(Manager.java:369)
	at ptolemy.actor.Manager.run(Manager.java:1263)
	at ptolemy.actor.Manager$PtolemyRunThread.run(Manager.java:1915)
java.lang.reflect.InvocationTargetException
	at sun.reflect.NativeConstructorAccessorImpl.newInstance0(Native Method)
	at sun.reflect.NativeConstructorAccessorImpl.newInstance(NativeConstructorAccessorImpl.java:62)
	at sun.reflect.DelegatingConstructorAccessorImpl.newInstance(DelegatingConstructorAccessorImpl.java:45)
	at java.lang.reflect.Constructor.newInstance(Constructor.java:423)
	at ptolemy.util.test.junit.AutoKnownFailedTests.RunModel(AutoKnownFailedTests.java:107)
	at sun.reflect.NativeMethodAccessorImpl.invoke0(Native Method)
	at sun.reflect.NativeMethodAccessorImpl.invoke(NativeMethodAccessorImpl.java:62)
	at sun.reflect.DelegatingMethodAccessorImpl.invoke(DelegatingMethodAccessorImpl.java:43)
	at java.lang.reflect.Method.invoke(Method.java:498)
	at org.junit.runners.model.FrameworkMethod$1.runReflectiveCall(FrameworkMethod.java:44)
	at org.junit.internal.runners.model.ReflectiveCallable.run(ReflectiveCallable.java:15)
	at org.junit.runners.model.FrameworkMethod.invokeExplosively(FrameworkMethod.java:41)
	at junitparams.internal.InvokeParameterisedMethod.evaluate(InvokeParameterisedMethod.java:102)
	at org.junit.internal.runners.statements.FailOnTimeout$1.run(FailOnTimeout.java:28)
Caused by: ptolemy.kernel.util.IllegalActionException: Actor is not ready to fire.  Perhaps UpSample.prefire() returned false? Try debugging the actor by selecting "Listen to Actor".  Also, for SDF check moml for tokenConsumptionRate on input.
  in .DESDFClockTest.Play Bell.Copy1:SDF Director and .DESDFClockTest.Play Bell.UpSample
	at ptolemy.actor.sched.StaticSchedulingDirector.fire(StaticSchedulingDirector.java:227)
	at ptolemy.domains.sdf.kernel.SDFDirector.fire(SDFDirector.java:500)
	at ptolemy.actor.CompositeActor.fire(CompositeActor.java:455)
	at ptolemy.domains.de.kernel.DEDirector._fire(DEDirector.java:1948)
	at ptolemy.domains.de.kernel.DEDirector.fire(DEDirector.java:502)
	at ptolemy.actor.CompositeActor.fire(CompositeActor.java:455)
	at ptolemy.actor.Manager.iterate(Manager.java:851)
	at ptolemy.actor.Manager.execute(Manager.java:369)
	at ptolemy.actor.Manager.run(Manager.java:1263)
	at ptolemy.actor.Manager$PtolemyRunThread.run(Manager.java:1915)
java.lang.RuntimeException: Execution failed
	at ptolemy.moml.MoMLSimpleApplication$UnloadThread.run(MoMLSimpleApplication.java:402)
Caused by: ptolemy.kernel.util.IllegalActionException: Test fails in iteration 1.
Value was: 1.0. Should have been: 2.0
  in .DirectFeedback.Test
	at ptolemy.actor.lib.Test.fire(Test.java:268)
	at ptolemy.domains.de.kernel.DEDirector._fire(DEDirector.java:1948)
	at ptolemy.domains.de.kernel.DEDirector.fire(DEDirector.java:502)
	at ptolemy.actor.CompositeActor.fire(CompositeActor.java:455)
	at ptolemy.actor.Manager.iterate(Manager.java:851)
	at ptolemy.actor.Manager.execute(Manager.java:369)
	at ptolemy.actor.Manager.run(Manager.java:1263)
	at ptolemy.actor.Manager$PtolemyRunThread.run(Manager.java:1915)
java.lang.reflect.InvocationTargetException
	at sun.reflect.NativeConstructorAccessorImpl.newInstance0(Native Method)
	at sun.reflect.NativeConstructorAccessorImpl.newInstance(NativeConstructorAccessorImpl.java:62)
	at sun.reflect.DelegatingConstructorAccessorImpl.newInstance(DelegatingConstructorAccessorImpl.java:45)
	at java.lang.reflect.Constructor.newInstance(Constructor.java:423)
	at ptolemy.util.test.junit.AutoKnownFailedTests.RunModel(AutoKnownFailedTests.java:107)
	at sun.reflect.NativeMethodAccessorImpl.invoke0(Native Method)
	at sun.reflect.NativeMethodAccessorImpl.invoke(NativeMethodAccessorImpl.java:62)
	at sun.reflect.DelegatingMethodAccessorImpl.invoke(DelegatingMethodAccessorImpl.java:43)
	at java.lang.reflect.Method.invoke(Method.java:498)
	at org.junit.runners.model.FrameworkMethod$1.runReflectiveCall(FrameworkMethod.java:44)
	at org.junit.internal.runners.model.ReflectiveCallable.run(ReflectiveCallable.java:15)
	at org.junit.runners.model.FrameworkMethod.invokeExplosively(FrameworkMethod.java:41)
	at junitparams.internal.InvokeParameterisedMethod.evaluate(InvokeParameterisedMethod.java:102)
	at org.junit.internal.runners.statements.FailOnTimeout$1.run(FailOnTimeout.java:28)
Caused by: ptolemy.kernel.util.IllegalActionException: Test fails in iteration 1.
Value was: 1.0. Should have been: 2.0
  in .DirectFeedback.Test
	at ptolemy.actor.lib.Test.fire(Test.java:268)
	at ptolemy.domains.de.kernel.DEDirector._fire(DEDirector.java:1948)
	at ptolemy.domains.de.kernel.DEDirector.fire(DEDirector.java:502)
	at ptolemy.actor.CompositeActor.fire(CompositeActor.java:455)
	at ptolemy.actor.Manager.iterate(Manager.java:851)
	at ptolemy.actor.Manager.execute(Manager.java:369)
	at ptolemy.actor.Manager.run(Manager.java:1263)
	at ptolemy.actor.Manager$PtolemyRunThread.run(Manager.java:1915)
java.lang.RuntimeException: Execution failed
	at ptolemy.moml.MoMLSimpleApplication$UnloadThread.run(MoMLSimpleApplication.java:402)
Caused by: ptolemy.kernel.util.IllegalActionException: Found a zero delay loop containing .HierarchicalModel.A
  in .HierarchicalModel and .HierarchicalModel.A
	at ptolemy.actor.util.CausalityInterfaceForComposites._computeOutputPortDepth(CausalityInterfaceForComposites.java:759)
	at ptolemy.actor.util.CausalityInterfaceForComposites._computeInputDepth(CausalityInterfaceForComposites.java:696)
	at ptolemy.actor.util.CausalityInterfaceForComposites._computeOutputPortDepth(CausalityInterfaceForComposites.java:765)
	at ptolemy.actor.util.CausalityInterfaceForComposites._computeInputDepth(CausalityInterfaceForComposites.java:696)
	at ptolemy.actor.util.CausalityInterfaceForComposites._computeOutputPortDepth(CausalityInterfaceForComposites.java:765)
	at ptolemy.actor.util.CausalityInterfaceForComposites._computeInputDepth(CausalityInterfaceForComposites.java:696)
	at ptolemy.actor.util.CausalityInterfaceForComposites._computeActorDepth(CausalityInterfaceForComposites.java:532)
	at ptolemy.actor.util.CausalityInterfaceForComposites.checkForCycles(CausalityInterfaceForComposites.java:96)
	at ptolemy.domains.de.kernel.DEDirector.preinitialize(DEDirector.java:1337)
	at ptolemy.actor.CompositeActor.preinitialize(CompositeActor.java:1828)
	at ptolemy.actor.Manager.preinitializeAndResolveTypes(Manager.java:1040)
	at ptolemy.actor.Manager.initialize(Manager.java:710)
	at ptolemy.actor.Manager.execute(Manager.java:356)
	at ptolemy.actor.Manager.run(Manager.java:1263)
	at ptolemy.actor.Manager$PtolemyRunThread.run(Manager.java:1915)
java.lang.reflect.InvocationTargetException
	at sun.reflect.NativeConstructorAccessorImpl.newInstance0(Native Method)
	at sun.reflect.NativeConstructorAccessorImpl.newInstance(NativeConstructorAccessorImpl.java:62)
	at sun.reflect.DelegatingConstructorAccessorImpl.newInstance(DelegatingConstructorAccessorImpl.java:45)
	at java.lang.reflect.Constructor.newInstance(Constructor.java:423)
	at ptolemy.util.test.junit.AutoKnownFailedTests.RunModel(AutoKnownFailedTests.java:107)
	at sun.reflect.NativeMethodAccessorImpl.invoke0(Native Method)
	at sun.reflect.NativeMethodAccessorImpl.invoke(NativeMethodAccessorImpl.java:62)
	at sun.reflect.DelegatingMethodAccessorImpl.invoke(DelegatingMethodAccessorImpl.java:43)
	at java.lang.reflect.Method.invoke(Method.java:498)
	at org.junit.runners.model.FrameworkMethod$1.runReflectiveCall(FrameworkMethod.java:44)
	at org.junit.internal.runners.model.ReflectiveCallable.run(ReflectiveCallable.java:15)
	at org.junit.runners.model.FrameworkMethod.invokeExplosively(FrameworkMethod.java:41)
	at junitparams.internal.InvokeParameterisedMethod.evaluate(InvokeParameterisedMethod.java:102)
	at org.junit.internal.runners.statements.FailOnTimeout$1.run(FailOnTimeout.java:28)
Caused by: ptolemy.kernel.util.IllegalActionException: Found a zero delay loop containing .HierarchicalModel.A
  in .HierarchicalModel and .HierarchicalModel.A
	at ptolemy.actor.util.CausalityInterfaceForComposites._computeOutputPortDepth(CausalityInterfaceForComposites.java:759)
	at ptolemy.actor.util.CausalityInterfaceForComposites._computeInputDepth(CausalityInterfaceForComposites.java:696)
	at ptolemy.actor.util.CausalityInterfaceForComposites._computeOutputPortDepth(CausalityInterfaceForComposites.java:765)
	at ptolemy.actor.util.CausalityInterfaceForComposites._computeInputDepth(CausalityInterfaceForComposites.java:696)
	at ptolemy.actor.util.CausalityInterfaceForComposites._computeOutputPortDepth(CausalityInterfaceForComposites.java:765)
	at ptolemy.actor.util.CausalityInterfaceForComposites._computeInputDepth(CausalityInterfaceForComposites.java:696)
	at ptolemy.actor.util.CausalityInterfaceForComposites._computeActorDepth(CausalityInterfaceForComposites.java:532)
	at ptolemy.actor.util.CausalityInterfaceForComposites.checkForCycles(CausalityInterfaceForComposites.java:96)
	at ptolemy.domains.de.kernel.DEDirector.preinitialize(DEDirector.java:1337)
	at ptolemy.actor.CompositeActor.preinitialize(CompositeActor.java:1828)
	at ptolemy.actor.Manager.preinitializeAndResolveTypes(Manager.java:1040)
	at ptolemy.actor.Manager.initialize(Manager.java:710)
	at ptolemy.actor.Manager.execute(Manager.java:356)
	at ptolemy.actor.Manager.run(Manager.java:1263)
	at ptolemy.actor.Manager$PtolemyRunThread.run(Manager.java:1915)
java.lang.RuntimeException: Execution failed
	at ptolemy.moml.MoMLSimpleApplication$UnloadThread.run(MoMLSimpleApplication.java:402)
Caused by: ptolemy.kernel.util.IllegalActionException: Found a zero delay loop containing .dependencyLoop.original
  in .dependencyLoop and .dependencyLoop.original
	at ptolemy.actor.util.CausalityInterfaceForComposites._computeOutputPortDepth(CausalityInterfaceForComposites.java:759)
	at ptolemy.actor.util.CausalityInterfaceForComposites._computeInputDepth(CausalityInterfaceForComposites.java:696)
	at ptolemy.actor.util.CausalityInterfaceForComposites._computeOutputPortDepth(CausalityInterfaceForComposites.java:765)
	at ptolemy.actor.util.CausalityInterfaceForComposites._computeInputDepth(CausalityInterfaceForComposites.java:696)
	at ptolemy.actor.util.CausalityInterfaceForComposites._computeOutputPortDepth(CausalityInterfaceForComposites.java:765)
	at ptolemy.actor.util.CausalityInterfaceForComposites._computeInputDepth(CausalityInterfaceForComposites.java:696)
	at ptolemy.actor.util.CausalityInterfaceForComposites._computeActorDepth(CausalityInterfaceForComposites.java:532)
	at ptolemy.actor.util.CausalityInterfaceForComposites.checkForCycles(CausalityInterfaceForComposites.java:96)
	at ptolemy.domains.de.kernel.DEDirector.preinitialize(DEDirector.java:1337)
	at ptolemy.actor.CompositeActor.preinitialize(CompositeActor.java:1828)
	at ptolemy.actor.Manager.preinitializeAndResolveTypes(Manager.java:1040)
	at ptolemy.actor.Manager.initialize(Manager.java:710)
	at ptolemy.actor.Manager.execute(Manager.java:356)
	at ptolemy.actor.Manager.run(Manager.java:1263)
	at ptolemy.actor.Manager$PtolemyRunThread.run(Manager.java:1915)
java.lang.reflect.InvocationTargetException
	at sun.reflect.NativeConstructorAccessorImpl.newInstance0(Native Method)
	at sun.reflect.NativeConstructorAccessorImpl.newInstance(NativeConstructorAccessorImpl.java:62)
	at sun.reflect.DelegatingConstructorAccessorImpl.newInstance(DelegatingConstructorAccessorImpl.java:45)
	at java.lang.reflect.Constructor.newInstance(Constructor.java:423)
	at ptolemy.util.test.junit.AutoKnownFailedTests.RunModel(AutoKnownFailedTests.java:107)
	at sun.reflect.NativeMethodAccessorImpl.invoke0(Native Method)
	at sun.reflect.NativeMethodAccessorImpl.invoke(NativeMethodAccessorImpl.java:62)
	at sun.reflect.DelegatingMethodAccessorImpl.invoke(DelegatingMethodAccessorImpl.java:43)
	at java.lang.reflect.Method.invoke(Method.java:498)
	at org.junit.runners.model.FrameworkMethod$1.runReflectiveCall(FrameworkMethod.java:44)
	at org.junit.internal.runners.model.ReflectiveCallable.run(ReflectiveCallable.java:15)
	at org.junit.runners.model.FrameworkMethod.invokeExplosively(FrameworkMethod.java:41)
	at junitparams.internal.InvokeParameterisedMethod.evaluate(InvokeParameterisedMethod.java:102)
	at org.junit.internal.runners.statements.FailOnTimeout$1.run(FailOnTimeout.java:28)
Caused by: ptolemy.kernel.util.IllegalActionException: Found a zero delay loop containing .dependencyLoop.original
  in .dependencyLoop and .dependencyLoop.original
	at ptolemy.actor.util.CausalityInterfaceForComposites._computeOutputPortDepth(CausalityInterfaceForComposites.java:759)
	at ptolemy.actor.util.CausalityInterfaceForComposites._computeInputDepth(CausalityInterfaceForComposites.java:696)
	at ptolemy.actor.util.CausalityInterfaceForComposites._computeOutputPortDepth(CausalityInterfaceForComposites.java:765)
	at ptolemy.actor.util.CausalityInterfaceForComposites._computeInputDepth(CausalityInterfaceForComposites.java:696)
	at ptolemy.actor.util.CausalityInterfaceForComposites._computeOutputPortDepth(CausalityInterfaceForComposites.java:765)
	at ptolemy.actor.util.CausalityInterfaceForComposites._computeInputDepth(CausalityInterfaceForComposites.java:696)
	at ptolemy.actor.util.CausalityInterfaceForComposites._computeActorDepth(CausalityInterfaceForComposites.java:532)
	at ptolemy.actor.util.CausalityInterfaceForComposites.checkForCycles(CausalityInterfaceForComposites.java:96)
	at ptolemy.domains.de.kernel.DEDirector.preinitialize(DEDirector.java:1337)
	at ptolemy.actor.CompositeActor.preinitialize(CompositeActor.java:1828)
	at ptolemy.actor.Manager.preinitializeAndResolveTypes(Manager.java:1040)
	at ptolemy.actor.Manager.initialize(Manager.java:710)
	at ptolemy.actor.Manager.execute(Manager.java:356)
	at ptolemy.actor.Manager.run(Manager.java:1263)
	at ptolemy.actor.Manager$PtolemyRunThread.run(Manager.java:1915)
java.lang.RuntimeException: Execution failed
	at ptolemy.moml.MoMLSimpleApplication$UnloadThread.run(MoMLSimpleApplication.java:402)
Caused by: ptolemy.kernel.util.IllegalActionException: Found a zero delay loop containing .dependencyLoop2.original
  in .dependencyLoop2 and .dependencyLoop2.original
	at ptolemy.actor.util.CausalityInterfaceForComposites._computeOutputPortDepth(CausalityInterfaceForComposites.java:759)
	at ptolemy.actor.util.CausalityInterfaceForComposites._computeInputDepth(CausalityInterfaceForComposites.java:696)
	at ptolemy.actor.util.CausalityInterfaceForComposites._computeOutputPortDepth(CausalityInterfaceForComposites.java:765)
	at ptolemy.actor.util.CausalityInterfaceForComposites._computeInputDepth(CausalityInterfaceForComposites.java:696)
	at ptolemy.actor.util.CausalityInterfaceForComposites._computeOutputPortDepth(CausalityInterfaceForComposites.java:765)
	at ptolemy.actor.util.CausalityInterfaceForComposites._computeInputDepth(CausalityInterfaceForComposites.java:696)
	at ptolemy.actor.util.CausalityInterfaceForComposites._computeActorDepth(CausalityInterfaceForComposites.java:532)
	at ptolemy.actor.util.CausalityInterfaceForComposites.checkForCycles(CausalityInterfaceForComposites.java:96)
	at ptolemy.domains.de.kernel.DEDirector.preinitialize(DEDirector.java:1337)
	at ptolemy.actor.CompositeActor.preinitialize(CompositeActor.java:1828)
	at ptolemy.actor.Manager.preinitializeAndResolveTypes(Manager.java:1040)
	at ptolemy.actor.Manager.initialize(Manager.java:710)
	at ptolemy.actor.Manager.execute(Manager.java:356)
	at ptolemy.actor.Manager.run(Manager.java:1263)
	at ptolemy.actor.Manager$PtolemyRunThread.run(Manager.java:1915)
java.lang.reflect.InvocationTargetException
	at sun.reflect.NativeConstructorAccessorImpl.newInstance0(Native Method)
	at sun.reflect.NativeConstructorAccessorImpl.newInstance(NativeConstructorAccessorImpl.java:62)
	at sun.reflect.DelegatingConstructorAccessorImpl.newInstance(DelegatingConstructorAccessorImpl.java:45)
	at java.lang.reflect.Constructor.newInstance(Constructor.java:423)
	at ptolemy.util.test.junit.AutoKnownFailedTests.RunModel(AutoKnownFailedTests.java:107)
	at sun.reflect.NativeMethodAccessorImpl.invoke0(Native Method)
	at sun.reflect.NativeMethodAccessorImpl.invoke(NativeMethodAccessorImpl.java:62)
	at sun.reflect.DelegatingMethodAccessorImpl.invoke(DelegatingMethodAccessorImpl.java:43)
	at java.lang.reflect.Method.invoke(Method.java:498)
	at org.junit.runners.model.FrameworkMethod$1.runReflectiveCall(FrameworkMethod.java:44)
	at org.junit.internal.runners.model.ReflectiveCallable.run(ReflectiveCallable.java:15)
	at org.junit.runners.model.FrameworkMethod.invokeExplosively(FrameworkMethod.java:41)
	at junitparams.internal.InvokeParameterisedMethod.evaluate(InvokeParameterisedMethod.java:102)
	at org.junit.internal.runners.statements.FailOnTimeout$1.run(FailOnTimeout.java:28)
Caused by: ptolemy.kernel.util.IllegalActionException: Found a zero delay loop containing .dependencyLoop2.original
  in .dependencyLoop2 and .dependencyLoop2.original
	at ptolemy.actor.util.CausalityInterfaceForComposites._computeOutputPortDepth(CausalityInterfaceForComposites.java:759)
	at ptolemy.actor.util.CausalityInterfaceForComposites._computeInputDepth(CausalityInterfaceForComposites.java:696)
	at ptolemy.actor.util.CausalityInterfaceForComposites._computeOutputPortDepth(CausalityInterfaceForComposites.java:765)
	at ptolemy.actor.util.CausalityInterfaceForComposites._computeInputDepth(CausalityInterfaceForComposites.java:696)
	at ptolemy.actor.util.CausalityInterfaceForComposites._computeOutputPortDepth(CausalityInterfaceForComposites.java:765)
	at ptolemy.actor.util.CausalityInterfaceForComposites._computeInputDepth(CausalityInterfaceForComposites.java:696)
	at ptolemy.actor.util.CausalityInterfaceForComposites._computeActorDepth(CausalityInterfaceForComposites.java:532)
	at ptolemy.actor.util.CausalityInterfaceForComposites.checkForCycles(CausalityInterfaceForComposites.java:96)
	at ptolemy.domains.de.kernel.DEDirector.preinitialize(DEDirector.java:1337)
	at ptolemy.actor.CompositeActor.preinitialize(CompositeActor.java:1828)
	at ptolemy.actor.Manager.preinitializeAndResolveTypes(Manager.java:1040)
	at ptolemy.actor.Manager.initialize(Manager.java:710)
	at ptolemy.actor.Manager.execute(Manager.java:356)
	at ptolemy.actor.Manager.run(Manager.java:1263)
	at ptolemy.actor.Manager$PtolemyRunThread.run(Manager.java:1915)
]]></system-err>
</testsuite>
