<?xml version="1.0" encoding="UTF-8" ?>
<testsuite errors="0" failures="0" hostname="travis-job-b3c6d692-4f51-432a-a3c3-a9854af1e2a3" name="ptolemy.actor.lib.test.junit.JUnitTclTest" skipped="0" tests="517" time="61.885" timestamp="2020-03-02T07:12:37">
  <properties>
    <property name="npm.executable" value="npm" />
    <property name="env.TRAVIS_ROOT" value="/" />
    <property name="ptII.mk.exists" value="true" />
    <property name="env.TRAVIS_APP_HOST" value="build.travis-ci.org" />
    <property name="env.rvm_bin_path" value="/home/travis/.rvm/bin" />
    <property name="java.home" value="/usr/local/lib/jvm/openjdk11" />
    <property name="env.TRAVIS_JOB_NUMBER" value="1538.8" />
    <property name="env.TRAVIS_HOME" value="/home/travis" />
    <property name="env.DISPLAY" value=":99.0" />
    <property name="env.TRAVIS_INIT" value="systemd" />
    <property name="env.SSH_TTY" value="/dev/pts/0" />
    <property name="java.net.preferIPv4Stack" value="true" />
    <property name="env.RUN_TESTS" value="true" />
    <property name="timeout.short" value="1000000" />
    <property name="junit.formatter" value="xml" />
    <property name="env.TRAVIS_SUDO" value="true" />
    <property name="env.TRAVIS_JOB_NAME" value="" />
    <property name="env.TRAVIS_STACK_NODE_ATTRIBUTES" value="/.node-attributes.yml" />
    <property name="env.LOGNAME" value="travis" />
    <property name="env.PT_TRAVIS_TEST_CORE1_XML" value="true" />
    <property name="jsdoc.home" value="node_modules/@terraswarm/jsdoc" />
    <property name="debuglevel" value="source,lines,vars" />
    <property name="checkstyle.formatter" value="xml" />
    <property name="env._system_version" value="16.04" />
    <property name="bin.vergil.makeable" value="true" />
    <property name="sun.os.patch.level" value="unknown" />
    <property name="java.vendor.url" value="http://java.oracle.com/" />
    <property name="env.TRAVIS_BUILD_WEB_URL" value="https://travis-ci.org/icyphy/ptII/builds/657157275" />
    <property name="java.version" value="11.0.2" />
    <property name="env.TZ" value="UTC" />
    <property name="env.TRAVIS_PULL_REQUEST_SHA" value="" />
    <property name="env.PT_NO_NET" value="true" />
    <property name="env.TRAVIS_SECURE_ENV_VARS" value="true" />
    <property name="env._system_type" value="Linux" />
    <property name="java.vendor.url.bug" value="http://bugreport.java.com/bugreport/" />
    <property name="npmjs-org-is-up" value="true" />
    <property name="env.LANGUAGE" value="en_US.UTF-8" />
    <property name="env.SSH_CLIENT" value="10.16.7.86 34438 22" />
    <property name="env.GEM_HOME" value="/home/travis/.rvm/gems/ruby-2.5.3" />
    <property name="env.HAS_ANTARES_THREE_LITTLE_FRONZIES_BADGE" value="true" />
    <property name="java.version.date" value="2019-01-15" />
    <property name="env.PS4" value="+" />
    <property name="ant.project.invoked-targets" value="build,test.core1.xml" />
    <property name="env.TRAVIS_PULL_REQUEST_BRANCH" value="" />
    <property name="env.TRAVIS_REPO_SLUG" value="icyphy/ptII" />
    <property name="env.XDG_DATA_DIRS" value="/usr/local/share:/usr/share:/var/lib/snapd/desktop" />
    <property name="jdk.debug" value="release" />
    <property name="env.TRAVIS_APT_PROXY" value="http://build-cache.travisci.net" />
    <property name="env.TRAVIS_CPU_ARCH" value="amd64" />
    <property name="node.in.path" value="true" />
    <property name="user.name" value="travis" />
    <property name="java.maxmemory" value="1400m" />
    <property name="env.RUBY_VERSION" value="ruby-2.5.3" />
    <property name="env.LANG" value="en_US.UTF-8" />
    <property name="sun.io.unicode.encoding" value="UnicodeLittle" />
    <property name="sun.jnu.encoding" value="UTF-8" />
    <property name="java.runtime.name" value="OpenJDK Runtime Environment" />
    <property name="usefile" value="false" />
    <property name="return.code" value="0" />
    <property name="junit.single.formatter" value="plain" />
    <property name="env.DYLD_LIBRARY_PATH" value="/home/travis/pthla/certi-tools/lib:" />
    <property name="env.DEBIAN_FRONTEND" value="noninteractive" />
    <property name="env.SSH_CONNECTION" value="10.16.7.86 34438 10.20.0.83 22" />
    <property name="env.MYSQL_UNIX_PORT" value="/var/run/mysqld/mysqld.sock" />
    <property name="env.LC_ALL" value="en_US.UTF-8" />
    <property name="env.TRAVIS_ALLOW_FAILURE" value="false" />
    <property name="env.TRAVIS_JOB_WEB_URL" value="https://travis-ci.org/icyphy/ptII/jobs/657157283" />
    <property name="java.specification.name" value="Java Platform API Specification" />
    <property name="node.works" value="true" />
    <property name="user.timezone" value="" />
    <property name="path.separator" value=":" />
    <property name="env.TRAVIS_ENABLE_INFRA_DETECTION" value="true" />
    <property name="env.PYTHON_CFLAGS" value="-g -fstack-protector --param=ssp-buffer-size=4 -Wformat -Werror=format-security" />
    <property name="timeout.long" value="4000000" />
    <property name="env.CERTI_HOME" value="/home/travis/pthla/certi-tools" />
    <property name="ant.file.ptII" value="/home/travis/build/icyphy/ptII/build.xml" />
    <property name="javadoc.packagenames" value="com.*,diva.*,lbnl.*,org.hlacerti.*,org.json.*,org.ptolemy.*,org.terraswarm.*,ptolemy.*,ptserver.*" />
    <property name="file.encoding" value="UTF-8" />
    <property name="env.TRAVIS_PULL_REQUEST_SLUG" value="" />
    <property name="ant.project.default-target" value="build" />
    <property name="env.GIT_ASKPASS" value="echo" />
    <property name="env.HOME" value="/home/travis" />
    <property name="sun.java.command" value="org.apache.tools.ant.taskdefs.optional.junit.JUnitTestRunner ptolemy.actor.lib.test.junit.JUnitTclTest skipNonTests=false filtertrace=true haltOnError=false haltOnFailure=false formatter=org.apache.tools.ant.taskdefs.optional.junit.OutErrSummaryJUnitResultFormatter showoutput=true outputtoformatters=true logfailedtests=true threadid=0 logtestlistenerevents=false formatter=org.apache.tools.ant.taskdefs.optional.junit.XMLJUnitResultFormatter,/home/travis/build/icyphy/ptII/reports/junit/TEST-ptolemy.actor.lib.test.junit.JUnitTclTest.xml crashfile=/home/travis/build/icyphy/ptII/junitvmwatcher12241592712728872659.properties propsfile=/home/travis/build/icyphy/ptII/junit12645213573920829826.properties" />
    <property name="env.COMPOSER_NO_INTERACTION" value="1" />
    <property name="env.MANPATH" value="/home/travis/.nvm/versions/node/v7.10.1/share/man:/home/travis/.rvm/rubies/ruby-2.5.3/share/man:/usr/local/cmake-3.12.4/man:/usr/local/clang-7.0.0/share/man:/usr/local/man:/usr/local/share/man:/usr/share/man:/home/travis/.rvm/man" />
    <property name="env.TRAVIS_TIMER_ID" value="13285fce" />
    <property name="ant.file" value="/home/travis/build/icyphy/ptII/build.xml" />
    <property name="env.TRAVIS_COMMIT_RANGE" value="0d150754160b99997a547e4ab8141b89e365e186...efd7b7362f6b9b9b2858280f57cc8dd2ba73b8b1" />
    <property name="env._system_name" value="Ubuntu" />
    <property name="ptII.classpath.optional.property" value="/home/travis/build/icyphy/ptII/lib/bsh-2.0b4.jar:/home/travis/build/icyphy/ptII/lib/ptCal.jar:/home/travis/build/icyphy/ptII/lib/java_cup.jar:/home/travis/build/icyphy/ptII/lib/saxon8.jar:/home/travis/build/icyphy/ptII/lib/saxon8-dom.jar:/home/travis/build/icyphy/ptII/lib/chic.jar:/home/travis/build/icyphy/ptII/lib/ptcolt.jar:/home/travis/build/icyphy/ptII/vendors/misc/itext/iText.jar:/home/travis/build/icyphy/ptII/lib/g4ltl.jar:/home/travis/build/icyphy/ptII/lib/StructuralCoder.jar:/home/travis/build/icyphy/ptII/lib/jcerti.jar:/home/travis/build/icyphy/ptII/lib/javax.mail.jar:/home/travis/build/icyphy/ptII/vendors/JMF-2.1.1e/lib/jmf.jar:/home/travis/build/icyphy/ptII/lib/jna-4.0.0-variadic.jar:/home/travis/build/icyphy/ptII/vendors/misc/joystick/Joystick.jar:/home/travis/build/icyphy/ptII/lib/ptjacl.jar:/home/travis/build/icyphy/ptII/lib/jsoup-1.8.2.jar:/home/travis/build/icyphy/ptII/lib/junit-4.8.2.jar:/home/travis/build/icyphy/ptII/lib/JUnitParams-0.4.0.jar:/home/travis/build/icyphy/ptII/ptolemy/actor/lib/excel/jxl.jar:/home/travis/build/icyphy/ptII/lib/jython.jar:/home/travis/build/icyphy/ptII/lib/kieler.jar:/home/travis/build/icyphy/ptII/vendors/opencv/share/OpenCV/java/opencv-341.jar:/home/travis/build/icyphy/ptII/lib/oscP5.jar:/home/travis/build/icyphy/ptII/lib/nrjavaserial-3.11.0.devel.jar:/home/travis/build/icyphy/ptII/vendors/j3d/lib/Linux/j3dcore.jar:/home/travis/build/icyphy/ptII/vendors/j3d/lib/Linux/j3dutils.jar:/home/travis/build/icyphy/ptII/vendors/j3d/lib/Linux/vecmath.jar:/home/travis/build/icyphy/ptII/vendors/jogl/lib/Linux/gluegen-rt-natives-linux-amd64.jar:/home/travis/build/icyphy/ptII/vendors/jogl/lib/Linux/gluegen-rt.jar:/home/travis/build/icyphy/ptII/vendors/jogl/lib/Linux/jogl-all-natives-linux-amd64.jar:/home/travis/build/icyphy/ptII/vendors/jogl/lib/Linux/jogl-all.jar:/home/travis/build/icyphy/ptII/ptolemy/distributed/jini/jar/jini-core.jar:/home/travis/build/icyphy/ptII/ptolemy/distributed/jini/jar/jini-ext.jar:/home/travis/build/icyphy/ptII/ptolemy/distributed/jini/jar/sun-util.jar:/home/travis/build/icyphy/ptII/lib/protobuf-java-2.4.1.jar:/home/travis/build/icyphy/ptII/lib/org.eclipse.paho.client.mqttv3.jar:/home/travis/build/icyphy/ptII/lib/mapss.jar:/home/travis/build/icyphy/ptII/ptolemy/actor/ptalon/antlr/antlr.jar:/home/travis/build/icyphy/ptII/lib/JRI.jar:/home/travis/build/icyphy/ptII/lib/commons-lang-2.6.jar:/home/travis/build/icyphy/ptII/lib/commons-logging-1.1.1.jar:/home/travis/build/icyphy/ptII/lib/sootclasses.jar:/home/travis/build/icyphy/ptII/ptolemy/actor/lib/database/mysql-connector-java-5.1.6-bin.jar:/home/travis/build/icyphy/ptII/vendors/misc/sphinx4/sphinx4-data-5prealpha.jar:/home/travis/build/icyphy/ptII/vendors/misc/sphinx4/sphinx4-core-5prealpha.jar:/home/travis/build/icyphy/ptII/lib/PDFRenderer.jar:/home/travis/build/icyphy/ptII/lib/svgSalamander.jar:/home/travis/build/icyphy/ptII/lib/rsyntaxtextarea-2.6.0-SNAPSHOT.jar:/home/travis/build/icyphy/ptII/lib/hazelcast-3.8.2.jar:/home/travis/build/icyphy/ptII/lib/jackson-annotations-2.9.0.jar:/home/travis/build/icyphy/ptII/lib/jackson-core-2.9.3.jar:/home/travis/build/icyphy/ptII/lib/jackson-databind-2.9.3.jar:/home/travis/build/icyphy/ptII/lib/netty-buffer-4.1.19.Final.jar:/home/travis/build/icyphy/ptII/lib/netty-codec-4.1.19.Final.jar:/home/travis/build/icyphy/ptII/lib/netty-codec-dns-4.1.19.Final.jar:/home/travis/build/icyphy/ptII/lib/netty-codec-http-4.1.19.Final.jar:/home/travis/build/icyphy/ptII/lib/netty-codec-http2-4.1.19.Final.jar:/home/travis/build/icyphy/ptII/lib/netty-common-4.1.19.Final.jar:/home/travis/build/icyphy/ptII/lib/netty-handler-4.1.19.Final.jar:/home/travis/build/icyphy/ptII/lib/netty-resolver-4.1.19.Final.jar:/home/travis/build/icyphy/ptII/lib/netty-resolver-dns-4.1.19.Final.jar:/home/travis/build/icyphy/ptII/lib/netty-transport-4.1.19.Final.jar:/home/travis/build/icyphy/ptII/lib/vertx-codegen-3.5.1.jar:/home/travis/build/icyphy/ptII/lib/vertx-core-3.5.2-SNAPSHOT.jar:/home/travis/build/icyphy/ptII/lib/vertx-hazelcast-3.5.1.jar:/home/travis/build/icyphy/ptII/lib/vertx-lang-js-3.5.1.jar:/home/travis/build/icyphy/ptII/lib/vertx-service-proxy-3.5.1.jar:/home/travis/build/icyphy/ptII/lib/vertx-web-3.5.1.jar:/home/travis/build/icyphy/ptII/lib/slf4j-api-1.7.13.jar:/home/travis/build/icyphy/ptII/lib/slf4j-simple-1.7.13.jar:/home/travis/build/icyphy/ptII/lib/webcam-capture-0.3.12.jar:/home/travis/build/icyphy/ptII/lib/bridj-0.7.0.jar:/home/travis/build/icyphy/ptII/lib/xbjlib-1.1.0.nrjavaserial.jar" />
    <property name="timeout" value="2400000" />
    <property name="test.batch" value="**/junit/*.java" />
    <property name="env._" value="/usr/bin/timeout" />
    <property name="java.io.tmpdir" value="/tmp" />
    <property name="user.language" value="en" />
    <property name="env.TRAVIS_INTERNAL_RUBY_REGEX" value="^ruby-(2\.[0-4]\.[0-9]|1\.9\.3)" />
    <property name="env.HISTCONTROL" value="ignoredups:ignorespace" />
    <property name="env.GOROOT" value="/home/travis/.gimme/versions/go1.11.1.linux.amd64" />
    <property name="line.separator" value="&#xa;" />
    <property name="target" value="11" />
    <property name="env.TRAVIS_BUILD_DIR" value="/home/travis/build/icyphy/ptII" />
    <property name="env.ANT_OPTS" value="-Xmx2048m" />
    <property name="ant.file.type" value="file" />
    <property name="ptolemy.ptII.batchMode" value="true" />
    <property name="env.HISTSIZE" value="1000" />
    <property name="env.MERB_ENV" value="test" />
    <property name="java.vm.info" value="mixed mode" />
    <property name="source" value="11" />
    <property name="java.vm.specification.name" value="Java Virtual Machine Specification" />
    <property name="env.TRAVIS_TEST_RESULT" value="0" />
    <property name="jsdoc.command" value="node_modules/@terraswarm/jsdoc/jsdoc.js" />
    <property name="npm.works" value="true" />
    <property name="cobertura.dir" value="/home/travis/build/icyphy/ptII/vendors/cobertura-2.0.3" />
    <property name="jsdoc.command.exists" value="true" />
    <property name="env.rvm_path" value="/home/travis/.rvm" />
    <property name="env.GEM_PATH" value="/home/travis/.rvm/gems/ruby-2.5.3:/home/travis/.rvm/gems/ruby-2.5.3@global" />
    <property name="env.LC_CTYPE" value="en_US.UTF-8" />
    <property name="env.TRAVIS_CMD" value="$PTII/bin/ptIITravisBuild.sh $SECONDS" />
    <property name="java.awt.printerjob" value="sun.print.PSPrinterJob" />
    <property name="env.TRAVIS_STACK_NAME" value="sardonyx" />
    <property name="env.TRAVIS_TIMER_START_TIME" value="1583132544196051641" />
    <property name="ant.version" value="Apache Ant(TM) version 1.10.1 compiled on February 2 2017" />
    <property name="ptII.reports" value="/home/travis/build/icyphy/ptII/reports" />
    <property name="env.TRAVIS_STACK_TIMESTAMP" value="2019-03-25 16:16:56 UTC" />
    <property name="ant.file.type.ptII" value="file" />
    <property name="env.RBENV_SHELL" value="bash" />
    <property name="os.name" value="Linux" />
    <property name="java.specification.vendor" value="Oracle Corporation" />
    <property name="env.rvm_version" value="1.29.7 (latest)" />
    <property name="env.TRAVIS_INFRA" value="unknown" />
    <property name="env.TERM" value="xterm" />
    <property name="java.vm.name" value="OpenJDK 64-Bit Server VM" />
    <property name="env.TRAVIS_BUILD_NUMBER" value="1538" />
    <property name="env.CI" value="true" />
    <property name="java.library.path" value="/home/travis/pthla/certi-tools/lib:/usr/lib/jni:/usr/local/share/OpenCV/java/:/usr/share/OpenCV/java::/usr/java/packages/lib:/usr/lib64:/lib64:/lib:/usr/lib" />
    <property name="jdk.module.path" value="/home/travis/build/icyphy/ptII/vendors/javafx/javafx-sdk-11.0.2/lib:" />
    <property name="env.rvm_prefix" value="/home/travis" />
    <property name="env.PATH" value="/home/travis/pthla/certi-tools/share/scripts:/home/travis/.rvm/gems/ruby-2.5.3/bin:/home/travis/.rvm/gems/ruby-2.5.3@global/bin:/home/travis/.rvm/rubies/ruby-2.5.3/bin:/home/travis/.rvm/bin:/home/travis/.nvm/versions/node/v7.10.1/bin:./node_modules/.bin:/home/travis/build/icyphy/ptII/bin:/home/travis/pthla/certi-tools/bin:/home/travis/bin:/home/travis/.local/bin:/usr/local/lib/jvm/openjdk11/bin:/opt/pyenv/shims:/home/travis/.phpenv/shims:/home/travis/perl5/perlbrew/bin:/home/travis/gopath/bin:/home/travis/.gimme/versions/go1.11.1.linux.amd64/bin:/usr/local/maven-3.6.0/bin:/usr/local/cmake-3.12.4/bin:/usr/local/clang-7.0.0/bin:/usr/local/sbin:/usr/local/bin:/usr/sbin:/usr/bin:/sbin:/bin:/snap/bin:/home/travis/.phpenv/bin:/opt/pyenv/bin:/home/travis/.yarn/bin" />
    <property name="env.TRAVIS_OS_NAME" value="linux" />
    <property name="ant.java.version" value="9" />
    <property name="basedir" value="/home/travis/build/icyphy/ptII" />
    <property name="java.class.version" value="55.0" />
    <property name="env.SHLVL" value="3" />
    <property name="env.LD_LIBRARY_PATH" value="/home/travis/pthla/certi-tools/lib:/usr/lib/jni:/usr/local/share/OpenCV/java/:/usr/share/OpenCV/java:" />
    <property name="env.RACK_ENV" value="test" />
    <property name="ant.home" value="/home/travis/build/icyphy/ptII/ant" />
    <property name="env.NVM_DIR" value="/home/travis/.nvm" />
    <property name="env.CERTI_FOM_PATH" value="/home/travis/pthla/certi-tools/share/federations" />
    <property name="env.TRAVIS_BUILD_ID" value="657157275" />
    <property name="env.PYENV_ROOT" value="/opt/pyenv" />
    <property name="env.TRAVIS_UID" value="2000" />
    <property name="prism.verbose" value="true" />
    <property name="env.NVM_BIN" value="/home/travis/.nvm/versions/node/v7.10.1/bin" />
    <property name="env.TRAVIS_COMMIT" value="efd7b7362f6b9b9b2858280f57cc8dd2ba73b8b1" />
    <property name="env._system_arch" value="x86_64" />
    <property name="node.executable" value="node" />
    <property name="sun.boot.library.path" value="/usr/local/lib/jvm/openjdk11/lib" />
    <property name="sun.management.compiler" value="HotSpot 64-Bit Tiered Compilers" />
    <property name="java.awt.graphicsenv" value="sun.awt.X11GraphicsEnvironment" />
    <property name="env.GOPATH" value="/home/travis/gopath" />
    <property name="ptolemy.ptII.dir" value="/home/travis/build/icyphy/ptII" />
    <property name="env.USER" value="travis" />
    <property name="env.HISTFILESIZE" value="2000" />
    <property name="timeout.longest" value="19000000" />
    <property name="env.PERLBREW_SHELLRC_VERSION" value="0.86" />
    <property name="env.TRAVIS_STACK_FEATURES" value="basic couchdb disabled-ipv6 docker docker-compose elasticsearch firefox go-toolchain google-chrome jdk memcached mongodb mysql nodejs_interpreter perl_interpreter perlbrew phantomjs postgresql python_interpreter redis ruby_interpreter sqlite xserver" />
    <property name="env.TRAVIS_PULL_REQUEST" value="false" />
    <property name="env.PYENV_SHELL" value="bash" />
    <property name="ant.project.name" value="ptII" />
    <property name="env.ANSI_RESET" value="\033[0m" />
    <property name="java.vm.specification.version" value="11" />
    <property name="env.TRAVIS_DIST" value="xenial" />
    <property name="env.CERTI_VERSION" value="4.0.0" />
    <property name="env.CERTI_HOST" value="localhost" />
    <property name="awt.toolkit" value="sun.awt.X11.XToolkit" />
    <property name="env.MY_RUBY_HOME" value="/home/travis/.rvm/rubies/ruby-2.5.3" />
    <property name="sun.cpu.isalist" value="" />
    <property name="env.TRAVIS_TMPDIR" value="/tmp/tmp.7PSGsast1g" />
    <property name="java.vm.compressedOopsMode" value="Zero based" />
    <property name="os.version" value="4.15.0-1028-gcp" />
    <property name="user.home" value="/home/travis" />
    <property name="java.vm.vendor" value="Oracle Corporation" />
    <property name="env.TRAVIS_TAG" value="nightly" />
    <property name="env.ANSI_YELLOW" value="\033[33;1m" />
    <property name="env.TRAVIS_FILTERED" value="redirect_io" />
    <property name="env.ANSI_GREEN" value="\033[32;1m" />
    <property name="env.JAVA_HOME" value="/usr/local/lib/jvm/openjdk11" />
    <property name="javadoc.excludepackagenames" value="adm.cvs2svn.*,build.*,config.*,doc.coding.templates.*,jni.test.jni.meaningOfLife.*,jni.test.jni.testDeux.*,jni.test.jni.testTrois.*,org.terraswarm.accessor.accessors.web.node_modules.*,org.terraswarm.accessor.accessors.web.hosts.cordova.demo.*,org.terraswarm.accessor.accessors.web.hosts.cordova.plugins.*,org.terraswarm.accessor.accessors-svn.*,pt-modules.*,ptolemy.apps.agilent.*,ptolemy.apps.anytimecontrol.*,ptolemy.apps.apes.*,ptolemy.apps.charon.*,ptolemy.apps.crazyboard.*,ptolemy.apps.eclipse.*,ptolemy.apps.etherealSting.*,ptolemy.apps.fullscreen.*,ptolemy.apps.giotto.*,ptolemy.apps.ia.*,ptolemy.apps.interfaces.*,ptolemy.apps.jmf.*,ptolemy.apps.kurt.*,ptolemy.apps.kvm.*,ptolemy.apps.lego.*,ptolemy.apps.lejos.*,ptolemy.apps.midp.*,ptolemy.apps.mobileCoding.*,ptolemy.apps.pendulum.*,ptolemy.apps.rijndael.*,ptolemy.apps.robot.*,ptolemy.apps.security.*,ptolemy.apps.sobel.*,ptolemy.apps.soot.*,ptolemy.apps.throttle.*,ptolemy.apps.tini.*,ptolemy.apps.transmission.*,ptolemy.apps.vergil.*,ptolemy.apps.waba.*,ptolemy.apps.websensor.*,ptolemy.apps.webstart.*,ptolemy.apps.xsl.*,ptolemy.apps.zaurus.*,ptolemy.codegen.c.actor.lib.oldJavaFiles.*,ptolemy.codegen.dsp.lib.*,ptolemy.codegen.kernel.newInterfaces.*,ptolemy.codegen.lib.*,ptolemy.copernicus.kernel.fragment.*,ptolemy.copernicus.shallow.cg.*,ptolemy.domains.giotto.demo.Hierarchy.Hierarchy.*,ptolemy.domains.giotto.demo.Multimode.Multimode.*,ptolemy.domains.giotto.demo.Simple.Simple.*,ptolemy.domains.gr.lib.experimental.*,ptolemy.domains.gro.*,ptolemy.domains.pdf.*,ptolemy.domains.ptinyos.demo.Surge.output.*,ptolemy.moml.test.NoPackageActor.java*,ptolemy.plot.adm.*,ptolemy.plot.servlet.*,reports.*,signed.*,src.*,target.*,vendors.*,ptolemy.copernicus.applet.*,ptolemy.media.viewer.*,ptolemy.actor.corba.*,doc.doclets.*,ptolemy.apps.eclipse.awt.*,ptolemy.backtrack.*,ptolemy.backtrack.ast.*,ptolemy.cg.adapter.generic.program.procedural.c.mbed*,ptolemy.homer.*,ptolemy.actor.lib.jai.*,org.ptolemy.scala.*,diva.util.java2d.svg.*,ptolemy.domains.ptinyos.*,ptolemy.actor.lib.fmi.fmipp.*,,org.terraswarm.accessor.accessors.web.node_modules.*,org.terraswarm.accessor.accessors-svn,ptolemy.apps.*,ptolemy.actor.ptalon.demo.ptinyos.SendAndReceiveCnt.output,ptolemy.actor.ptalon.demo.ptinyos.SenseToLeds.output,ptolemy.domains.ptinyos.demo.CntToLedsAndRfm.output,ptolemy.domains.ptinyos.demo.RfmToLeds.output,ptolemy.domains.ptinyos.demo.SendAndReceiveCnt.output,ptolemy.domains.ptinyos.demo.SenseToLeds.output,ptolemy.actor.lib.jjs.modules.udpSocket.*" />
    <property name="env.PTII" value="/home/travis/build/icyphy/ptII" />
    <property name="env.XDG_SESSION_ID" value="2" />
    <property name="keystore" value="ptKeystore" />
    <property name="env.TRAVIS_COMMIT_MESSAGE" value="Adding new jcerti.jar that fixes a problem with enableTimeRegulation method." />
    <property name="junit.output.dir" value="/home/travis/build/icyphy/ptII/reports/junit" />
    <property name="npm.return.code" value="0" />
    <property name="user.dir" value="/home/travis/build/icyphy/ptII/ptolemy/actor/lib/test" />
    <property name="env.TRAVIS_NODE_VERSION" value="7" />
    <property name="env.TRAVIS_EVENT_TYPE" value="cron" />
    <property name="env.MAIL" value="/var/mail/travis" />
    <property name="env.PERLBREW_ROOT" value="/home/travis/perl5/perlbrew" />
    <property name="env.PWD" value="/home/travis/build/icyphy/ptII" />
    <property name="timeout.npm" value="45000" />
    <property name="env.TRAVIS_ARCH" value="amd64" />
    <property name="sun.cpu.endian" value="little" />
    <property name="env.PAGER" value="cat" />
    <property name="env.TRAVIS_BUILD_STAGE_NAME" value="Test" />
    <property name="env.PERLBREW_HOME" value="/home/travis/.perlbrew" />
    <property name="java.vm.version" value="11.0.2+9" />
    <property name="env.RAILS_ENV" value="test" />
    <property name="java.class.path" value="/home/travis/.ptolemyII:/home/travis/.ptolemyII/*:/home/travis/build/icyphy/ptII:/home/travis/build/icyphy/ptII/lib/bsh-2.0b4.jar:/home/travis/build/icyphy/ptII/lib/ptCal.jar:/home/travis/build/icyphy/ptII/lib/java_cup.jar:/home/travis/build/icyphy/ptII/lib/saxon8.jar:/home/travis/build/icyphy/ptII/lib/saxon8-dom.jar:/home/travis/build/icyphy/ptII/lib/chic.jar:/home/travis/build/icyphy/ptII/lib/ptcolt.jar:/home/travis/build/icyphy/ptII/vendors/misc/itext/iText.jar:/home/travis/build/icyphy/ptII/lib/g4ltl.jar:/home/travis/build/icyphy/ptII/lib/StructuralCoder.jar:/home/travis/build/icyphy/ptII/lib/jcerti.jar:/home/travis/build/icyphy/ptII/lib/javax.mail.jar:/home/travis/build/icyphy/ptII/vendors/JMF-2.1.1e/lib/jmf.jar:/home/travis/build/icyphy/ptII/lib/jna-4.0.0-variadic.jar:/home/travis/build/icyphy/ptII/vendors/misc/joystick/Joystick.jar:/home/travis/build/icyphy/ptII/lib/ptjacl.jar:/home/travis/build/icyphy/ptII/lib/jsoup-1.8.2.jar:/home/travis/build/icyphy/ptII/lib/junit-4.8.2.jar:/home/travis/build/icyphy/ptII/lib/JUnitParams-0.4.0.jar:/home/travis/build/icyphy/ptII/ptolemy/actor/lib/excel/jxl.jar:/home/travis/build/icyphy/ptII/lib/jython.jar:/home/travis/build/icyphy/ptII/lib/kieler.jar:/home/travis/build/icyphy/ptII/vendors/opencv/share/OpenCV/java/opencv-341.jar:/home/travis/build/icyphy/ptII/lib/oscP5.jar:/home/travis/build/icyphy/ptII/lib/nrjavaserial-3.11.0.devel.jar:/home/travis/build/icyphy/ptII/vendors/j3d/lib/Linux/j3dcore.jar:/home/travis/build/icyphy/ptII/vendors/j3d/lib/Linux/j3dutils.jar:/home/travis/build/icyphy/ptII/vendors/j3d/lib/Linux/vecmath.jar:/home/travis/build/icyphy/ptII/vendors/jogl/lib/Linux/gluegen-rt-natives-linux-amd64.jar:/home/travis/build/icyphy/ptII/vendors/jogl/lib/Linux/gluegen-rt.jar:/home/travis/build/icyphy/ptII/vendors/jogl/lib/Linux/jogl-all-natives-linux-amd64.jar:/home/travis/build/icyphy/ptII/vendors/jogl/lib/Linux/jogl-all.jar:/home/travis/build/icyphy/ptII/ptolemy/distributed/jini/jar/jini-core.jar:/home/travis/build/icyphy/ptII/ptolemy/distributed/jini/jar/jini-ext.jar:/home/travis/build/icyphy/ptII/ptolemy/distributed/jini/jar/sun-util.jar:/home/travis/build/icyphy/ptII/lib/protobuf-java-2.4.1.jar:/home/travis/build/icyphy/ptII/lib/org.eclipse.paho.client.mqttv3.jar:/home/travis/build/icyphy/ptII/lib/mapss.jar:/home/travis/build/icyphy/ptII/ptolemy/actor/ptalon/antlr/antlr.jar:/home/travis/build/icyphy/ptII/lib/JRI.jar:/home/travis/build/icyphy/ptII/lib/commons-lang-2.6.jar:/home/travis/build/icyphy/ptII/lib/commons-logging-1.1.1.jar:/home/travis/build/icyphy/ptII/lib/sootclasses.jar:/home/travis/build/icyphy/ptII/ptolemy/actor/lib/database/mysql-connector-java-5.1.6-bin.jar:/home/travis/build/icyphy/ptII/vendors/misc/sphinx4/sphinx4-data-5prealpha.jar:/home/travis/build/icyphy/ptII/vendors/misc/sphinx4/sphinx4-core-5prealpha.jar:/home/travis/build/icyphy/ptII/lib/PDFRenderer.jar:/home/travis/build/icyphy/ptII/lib/svgSalamander.jar:/home/travis/build/icyphy/ptII/lib/rsyntaxtextarea-2.6.0-SNAPSHOT.jar:/home/travis/build/icyphy/ptII/lib/hazelcast-3.8.2.jar:/home/travis/build/icyphy/ptII/lib/jackson-annotations-2.9.0.jar:/home/travis/build/icyphy/ptII/lib/jackson-core-2.9.3.jar:/home/travis/build/icyphy/ptII/lib/jackson-databind-2.9.3.jar:/home/travis/build/icyphy/ptII/lib/netty-buffer-4.1.19.Final.jar:/home/travis/build/icyphy/ptII/lib/netty-codec-4.1.19.Final.jar:/home/travis/build/icyphy/ptII/lib/netty-codec-dns-4.1.19.Final.jar:/home/travis/build/icyphy/ptII/lib/netty-codec-http-4.1.19.Final.jar:/home/travis/build/icyphy/ptII/lib/netty-codec-http2-4.1.19.Final.jar:/home/travis/build/icyphy/ptII/lib/netty-common-4.1.19.Final.jar:/home/travis/build/icyphy/ptII/lib/netty-handler-4.1.19.Final.jar:/home/travis/build/icyphy/ptII/lib/netty-resolver-4.1.19.Final.jar:/home/travis/build/icyphy/ptII/lib/netty-resolver-dns-4.1.19.Final.jar:/home/travis/build/icyphy/ptII/lib/netty-transport-4.1.19.Final.jar:/home/travis/build/icyphy/ptII/lib/vertx-codegen-3.5.1.jar:/home/travis/build/icyphy/ptII/lib/vertx-core-3.5.2-SNAPSHOT.jar:/home/travis/build/icyphy/ptII/lib/vertx-hazelcast-3.5.1.jar:/home/travis/build/icyphy/ptII/lib/vertx-lang-js-3.5.1.jar:/home/travis/build/icyphy/ptII/lib/vertx-service-proxy-3.5.1.jar:/home/travis/build/icyphy/ptII/lib/vertx-web-3.5.1.jar:/home/travis/build/icyphy/ptII/lib/slf4j-api-1.7.13.jar:/home/travis/build/icyphy/ptII/lib/slf4j-simple-1.7.13.jar:/home/travis/build/icyphy/ptII/lib/webcam-capture-0.3.12.jar:/home/travis/build/icyphy/ptII/lib/bridj-0.7.0.jar:/home/travis/build/icyphy/ptII/lib/xbjlib-1.1.0.nrjavaserial.jar:/home/travis/build/icyphy/ptII/ptolemy/moml/test:/home/travis/build/icyphy/ptII/ant/lib/ant-launcher.jar:/home/travis/build/icyphy/ptII/ant/lib/ant.jar:/home/travis/build/icyphy/ptII/ant/lib/ant-junit.jar:/home/travis/build/icyphy/ptII/ant/lib/ant-junit4.jar" />
    <property name="ant.library.dir" value="/home/travis/build/icyphy/ptII/ant/lib" />
    <property name="os.arch" value="amd64" />
    <property name="env.CONTINUOUS_INTEGRATION" value="true" />
    <property name="env.TRAVIS_LANGUAGE" value="node_js" />
    <property name="env.TRAVIS_STACK_LANGUAGES" value="__sardonyx__ c c++ clojure cplusplus cpp default generic go groovy java node_js php pure_java python ruby scala" />
    <property name="test.name" value="ptolemy.actor.lib.test.junit.JUnitTclTest" />
    <property name="env.APT_KEY_DONT_WARN_ON_DANGEROUS_USAGE" value="1" />
    <property name="sun.java.launcher" value="SUN_STANDARD" />
    <property name="env.PYTHON_CONFIGURE_OPTS" value="--enable-unicode=ucs4 --with-wide-unicode --enable-shared --enable-ipv6 --enable-loadable-sqlite-extensions --with-computed-gotos" />
    <property name="ant.core.lib" value="/home/travis/build/icyphy/ptII/ant/lib/ant.jar" />
    <property name="java.vm.specification.vendor" value="Oracle Corporation" />
    <property name="env.BCVTB_HOME" value="/home/travis/build/icyphy/ptII/lbnl" />
    <property name="file.separator" value="/" />
    <property name="spotbugs.home" value="/home/travis/build/icyphy/ptII/vendors/spotbugs-3.1.1" />
    <property name="java.runtime.version" value="11.0.2+9" />
    <property name="env.ANSI_CLEAR" value="\033[0K" />
    <property name="javafx.verbose" value="true" />
    <property name="env.HAS_JOSH_K_SEAL_OF_APPROVAL" value="true" />
    <property name="env.XDG_RUNTIME_DIR" value="/run/user/2000" />
    <property name="env.TRAVIS_OSX_IMAGE" value="" />
    <property name="env.TRAVIS_JOB_ID" value="657157283" />
    <property name="env.TRAVIS_BRANCH" value="master" />
    <property name="user.country" value="US" />
    <property name="env.CERTI_HOME_TRAVIS" value="/home/travis/pthla/certi-tools" />
    <property name="env.SHELL" value="/bin/bash" />
    <property name="java.maxmemory.large" value="3200m" />
    <property name="model" value="" />
    <property name="env.CASHER_DIR" value="/home/travis/.casher" />
    <property name="env.NVM_CD_FLAGS" value="" />
    <property name="java.vendor.version" value="18.9" />
    <property name="jshint.executable" value="/home/travis/node_modules/jshint/bin/jshint" />
    <property name="env.JRUBY_OPTS" value=" --client -J-XX:+TieredCompilation -J-XX:TieredStopAtLevel=1 -J-Xss2m -Xcompile.invokedynamic=false" />
    <property name="java.vendor" value="Oracle Corporation" />
    <property name="env.TRAVIS_PRE_CHEF_BOOTSTRAP_TIME" value="2019-03-25T16:16:42" />
    <property name="env.TRAVIS_STACK_JOB_BOARD_REGISTER" value="/.job-board-register.yml" />
    <property name="env.ANSI_RED" value="\033[31;1m" />
    <property name="java.specification.version" value="11" />
    <property name="env.IRBRC" value="/home/travis/.rvm/rubies/ruby-2.5.3/.irbrc" />
    <property name="env.TRAVIS" value="true" />
    <property name="sun.arch.data.model" value="64" />
  </properties>
  <testcase classname="ptolemy.util.test.junit.TclTests" name="[0] /home/travis/build/icyphy/ptII/ptolemy/actor/lib/test/AbsoluteValue.tcl (RunTclFile)" time="0.554" />
  <testcase classname="ptolemy.util.test.junit.TclTests" name="[1] /home/travis/build/icyphy/ptII/ptolemy/actor/lib/test/AddSubtract.tcl (RunTclFile)" time="0.162" />
  <testcase classname="ptolemy.util.test.junit.TclTests" name="[2] /home/travis/build/icyphy/ptII/ptolemy/actor/lib/test/Average.tcl (RunTclFile)" time="0.07" />
  <testcase classname="ptolemy.util.test.junit.TclTests" name="[3] /home/travis/build/icyphy/ptII/ptolemy/actor/lib/test/Bernoulli.tcl (RunTclFile)" time="0.037" />
  <testcase classname="ptolemy.util.test.junit.TclTests" name="[4] /home/travis/build/icyphy/ptII/ptolemy/actor/lib/test/Clock.tcl (RunTclFile)" time="0.116" />
  <testcase classname="ptolemy.util.test.junit.TclTests" name="[5] /home/travis/build/icyphy/ptII/ptolemy/actor/lib/test/Commutator.tcl (RunTclFile)" time="0.174" />
  <testcase classname="ptolemy.util.test.junit.TclTests" name="[6] /home/travis/build/icyphy/ptII/ptolemy/actor/lib/test/Const.tcl (RunTclFile)" time="0.111" />
  <testcase classname="ptolemy.util.test.junit.TclTests" name="[7] /home/travis/build/icyphy/ptII/ptolemy/actor/lib/test/CurrentTime.tcl (RunTclFile)" time="0.02" />
  <testcase classname="ptolemy.util.test.junit.TclTests" name="[8] /home/travis/build/icyphy/ptII/ptolemy/actor/lib/test/DB.tcl (RunTclFile)" time="0.021" />
  <testcase classname="ptolemy.util.test.junit.TclTests" name="[9] /home/travis/build/icyphy/ptII/ptolemy/actor/lib/test/DiscreteRandomSource.tcl (RunTclFile)" time="0.046" />
  <testcase classname="ptolemy.util.test.junit.TclTests" name="[10] /home/travis/build/icyphy/ptII/ptolemy/actor/lib/test/Distributor.tcl (RunTclFile)" time="0.061" />
  <testcase classname="ptolemy.util.test.junit.TclTests" name="[11] /home/travis/build/icyphy/ptII/ptolemy/actor/lib/test/Exit.tcl (RunTclFile)" time="0.073" />
  <testcase classname="ptolemy.util.test.junit.TclTests" name="[12] /home/travis/build/icyphy/ptII/ptolemy/actor/lib/test/Expression.tcl (RunTclFile)" time="0.11" />
  <testcase classname="ptolemy.util.test.junit.TclTests" name="[13] /home/travis/build/icyphy/ptII/ptolemy/actor/lib/test/Gaussian.tcl (RunTclFile)" time="0.686" />
  <testcase classname="ptolemy.util.test.junit.TclTests" name="[14] /home/travis/build/icyphy/ptII/ptolemy/actor/lib/test/IIR.tcl (RunTclFile)" time="0.045" />
  <testcase classname="ptolemy.util.test.junit.TclTests" name="[15] /home/travis/build/icyphy/ptII/ptolemy/actor/lib/test/Interpolator.tcl (RunTclFile)" time="0.099" />
  <testcase classname="ptolemy.util.test.junit.TclTests" name="[16] /home/travis/build/icyphy/ptII/ptolemy/actor/lib/test/MathFunction.tcl (RunTclFile)" time="0.085" />
  <testcase classname="ptolemy.util.test.junit.TclTests" name="[17] /home/travis/build/icyphy/ptII/ptolemy/actor/lib/test/Maximum.tcl (RunTclFile)" time="0.03" />
  <testcase classname="ptolemy.util.test.junit.TclTests" name="[18] /home/travis/build/icyphy/ptII/ptolemy/actor/lib/test/Minimum.tcl (RunTclFile)" time="0.03" />
  <testcase classname="ptolemy.util.test.junit.TclTests" name="[19] /home/travis/build/icyphy/ptII/ptolemy/actor/lib/test/MultiplyDivide.tcl (RunTclFile)" time="0.035" />
  <testcase classname="ptolemy.util.test.junit.TclTests" name="[20] /home/travis/build/icyphy/ptII/ptolemy/actor/lib/test/OrderedMerge.tcl (RunTclFile)" time="0.109" />
  <testcase classname="ptolemy.util.test.junit.TclTests" name="[21] /home/travis/build/icyphy/ptII/ptolemy/actor/lib/test/Publisher.tcl (RunTclFile)" time="0.791" />
  <testcase classname="ptolemy.util.test.junit.TclTests" name="[22] /home/travis/build/icyphy/ptII/ptolemy/actor/lib/test/Pulse.tcl (RunTclFile)" time="0.067" />
  <testcase classname="ptolemy.util.test.junit.TclTests" name="[23] /home/travis/build/icyphy/ptII/ptolemy/actor/lib/test/Ramp.tcl (RunTclFile)" time="1.91" />
  <testcase classname="ptolemy.util.test.junit.TclTests" name="[24] /home/travis/build/icyphy/ptII/ptolemy/actor/lib/test/RampContinuous.tcl (RunTclFile)" time="0.022" />
  <testcase classname="ptolemy.util.test.junit.TclTests" name="[25] /home/travis/build/icyphy/ptII/ptolemy/actor/lib/test/RecordAssembler.tcl (RunTclFile)" time="0.018" />
  <testcase classname="ptolemy.util.test.junit.TclTests" name="[26] /home/travis/build/icyphy/ptII/ptolemy/actor/lib/test/RecordDisassembler.tcl (RunTclFile)" time="0.038" />
  <testcase classname="ptolemy.util.test.junit.TclTests" name="[27] /home/travis/build/icyphy/ptII/ptolemy/actor/lib/test/Scale.tcl (RunTclFile)" time="0.031" />
  <testcase classname="ptolemy.util.test.junit.TclTests" name="[28] /home/travis/build/icyphy/ptII/ptolemy/actor/lib/test/SequentialClock.tcl (RunTclFile)" time="0.017" />
  <testcase classname="ptolemy.util.test.junit.TclTests" name="[29] /home/travis/build/icyphy/ptII/ptolemy/actor/lib/test/SetVariable.tcl (RunTclFile)" time="0.011" />
  <testcase classname="ptolemy.util.test.junit.TclTests" name="[30] /home/travis/build/icyphy/ptII/ptolemy/actor/lib/test/Sinewave.tcl (RunTclFile)" time="0.058" />
  <testcase classname="ptolemy.util.test.junit.TclTests" name="[31] /home/travis/build/icyphy/ptII/ptolemy/actor/lib/test/SubscriptionAggregator.tcl (RunTclFile)" time="2.16" />
  <testcase classname="ptolemy.util.test.junit.TclTests" name="[32] /home/travis/build/icyphy/ptII/ptolemy/actor/lib/test/Test.tcl (RunTclFile)" time="0.095" />
  <testcase classname="ptolemy.util.test.junit.TclTests" name="[33] /home/travis/build/icyphy/ptII/ptolemy/actor/lib/test/TestExceptionHandler.tcl (RunTclFile)" time="0.011" />
  <testcase classname="ptolemy.util.test.junit.TclTests" name="[34] /home/travis/build/icyphy/ptII/ptolemy/actor/lib/test/UnionDisassembler.tcl (RunTclFile)" time="0.05" />
  <testcase classname="ptolemy.util.test.junit.TclTests" name="[35] /home/travis/build/icyphy/ptII/ptolemy/actor/lib/test/VariableClock.tcl (RunTclFile)" time="0.015" />
  <testcase classname="ptolemy.util.test.junit.AutoKnownFailedTests" name="[0] /home/travis/build/icyphy/ptII/ptolemy/actor/lib/test/auto/knownFailedTests/PublisherPortToplevelSubscriber.xml (RunModel)" time="0.031" />
  <testcase classname="ptolemy.util.test.junit.AutoKnownFailedTests" name="[1] /home/travis/build/icyphy/ptII/ptolemy/actor/lib/test/auto/knownFailedTests/PublisherSubscriberPortToplevel.xml (RunModel)" time="0.016" />
  <testcase classname="ptolemy.util.test.junit.AutoKnownFailedTests" name="[2] /home/travis/build/icyphy/ptII/ptolemy/actor/lib/test/auto/knownFailedTests/PublisherSubscriptionAggregatorPort.xml (RunModel)" time="0.066" />
  <testcase classname="ptolemy.util.test.junit.AutoKnownFailedTests" name="[3] /home/travis/build/icyphy/ptII/ptolemy/actor/lib/test/auto/knownFailedTests/sizedarray3.xml (RunModel)" time="0.032" />
  <testcase classname="ptolemy.util.test.junit.AutoNameArchTests" name="[0] ThereAreNoAutoArchTests (RunModel)" time="0.005" />
  <testcase classname="ptolemy.util.test.junit.AutoTests" name="[0] /home/travis/build/icyphy/ptII/ptolemy/actor/lib/test/auto/AbsoluteValue.xml (RunModel)" time="0.111" />
  <testcase classname="ptolemy.util.test.junit.AutoTests" name="[1] /home/travis/build/icyphy/ptII/ptolemy/actor/lib/test/auto/AbsoluteValue2.xml (RunModel)" time="0.059" />
  <testcase classname="ptolemy.util.test.junit.AutoTests" name="[2] /home/travis/build/icyphy/ptII/ptolemy/actor/lib/test/auto/Accumulator.xml (RunModel)" time="0.062" />
  <testcase classname="ptolemy.util.test.junit.AutoTests" name="[3] /home/travis/build/icyphy/ptII/ptolemy/actor/lib/test/auto/Accumulator2.xml (RunModel)" time="0.016" />
  <testcase classname="ptolemy.util.test.junit.AutoTests" name="[4] /home/travis/build/icyphy/ptII/ptolemy/actor/lib/test/auto/Accumulator3.xml (RunModel)" time="0.015" />
  <testcase classname="ptolemy.util.test.junit.AutoTests" name="[5] /home/travis/build/icyphy/ptII/ptolemy/actor/lib/test/auto/ArrayAppend.xml (RunModel)" time="0.038" />
  <testcase classname="ptolemy.util.test.junit.AutoTests" name="[6] /home/travis/build/icyphy/ptII/ptolemy/actor/lib/test/auto/ArrayAppend2.xml (RunModel)" time="0.357" />
  <testcase classname="ptolemy.util.test.junit.AutoTests" name="[7] /home/travis/build/icyphy/ptII/ptolemy/actor/lib/test/auto/ArrayAppend3.xml (RunModel)" time="0.034" />
  <testcase classname="ptolemy.util.test.junit.AutoTests" name="[8] /home/travis/build/icyphy/ptII/ptolemy/actor/lib/test/auto/ArrayAppend4.xml (RunModel)" time="0.017" />
  <testcase classname="ptolemy.util.test.junit.AutoTests" name="[9] /home/travis/build/icyphy/ptII/ptolemy/actor/lib/test/auto/ArrayAppend5.xml (RunModel)" time="0.014" />
  <testcase classname="ptolemy.util.test.junit.AutoTests" name="[10] /home/travis/build/icyphy/ptII/ptolemy/actor/lib/test/auto/ArrayAppend6.xml (RunModel)" time="0.019" />
  <testcase classname="ptolemy.util.test.junit.AutoTests" name="[11] /home/travis/build/icyphy/ptII/ptolemy/actor/lib/test/auto/ArrayAppendPerformanceTest.xml (RunModel)" time="0.048" />
  <testcase classname="ptolemy.util.test.junit.AutoTests" name="[12] /home/travis/build/icyphy/ptII/ptolemy/actor/lib/test/auto/ArrayAppendWithEmptyInput.xml (RunModel)" time="0.044" />
  <testcase classname="ptolemy.util.test.junit.AutoTests" name="[13] /home/travis/build/icyphy/ptII/ptolemy/actor/lib/test/auto/ArrayAverage.xml (RunModel)" time="0.136" />
  <testcase classname="ptolemy.util.test.junit.AutoTests" name="[14] /home/travis/build/icyphy/ptII/ptolemy/actor/lib/test/auto/ArrayContains.xml (RunModel)" time="0.019" />
  <testcase classname="ptolemy.util.test.junit.AutoTests" name="[15] /home/travis/build/icyphy/ptII/ptolemy/actor/lib/test/auto/ArrayElement.xml (RunModel)" time="0.014" />
  <testcase classname="ptolemy.util.test.junit.AutoTests" name="[16] /home/travis/build/icyphy/ptII/ptolemy/actor/lib/test/auto/ArrayElementAsMatrix.xml (RunModel)" time="0.056" />
  <testcase classname="ptolemy.util.test.junit.AutoTests" name="[17] /home/travis/build/icyphy/ptII/ptolemy/actor/lib/test/auto/ArrayElementI.xml (RunModel)" time="0.015" />
  <testcase classname="ptolemy.util.test.junit.AutoTests" name="[18] /home/travis/build/icyphy/ptII/ptolemy/actor/lib/test/auto/ArrayExtract.xml (RunModel)" time="0.024" />
  <testcase classname="ptolemy.util.test.junit.AutoTests" name="[19] /home/travis/build/icyphy/ptII/ptolemy/actor/lib/test/auto/ArrayExtract2.xml (RunModel)" time="0.015" />
  <testcase classname="ptolemy.util.test.junit.AutoTests" name="[20] /home/travis/build/icyphy/ptII/ptolemy/actor/lib/test/auto/ArrayLength.xml (RunModel)" time="0.012" />
  <testcase classname="ptolemy.util.test.junit.AutoTests" name="[21] /home/travis/build/icyphy/ptII/ptolemy/actor/lib/test/auto/ArrayLevelCrossing.xml (RunModel)" time="0.029" />
  <testcase classname="ptolemy.util.test.junit.AutoTests" name="[22] /home/travis/build/icyphy/ptII/ptolemy/actor/lib/test/auto/ArrayLevelCrossing2.xml (RunModel)" time="0.024" />
  <testcase classname="ptolemy.util.test.junit.AutoTests" name="[23] /home/travis/build/icyphy/ptII/ptolemy/actor/lib/test/auto/ArrayPeakSearch.xml (RunModel)" time="0.046" />
  <testcase classname="ptolemy.util.test.junit.AutoTests" name="[24] /home/travis/build/icyphy/ptII/ptolemy/actor/lib/test/auto/ArrayPeakSearch2.xml (RunModel)" time="0.036" />
  <testcase classname="ptolemy.util.test.junit.AutoTests" name="[25] /home/travis/build/icyphy/ptII/ptolemy/actor/lib/test/auto/ArrayPeakSearch3.xml (RunModel)" time="0.024" />
  <testcase classname="ptolemy.util.test.junit.AutoTests" name="[26] /home/travis/build/icyphy/ptII/ptolemy/actor/lib/test/auto/ArrayRemoveElement.xml (RunModel)" time="0.024" />
  <testcase classname="ptolemy.util.test.junit.AutoTests" name="[27] /home/travis/build/icyphy/ptII/ptolemy/actor/lib/test/auto/ArraySort.xml (RunModel)" time="0.03" />
  <testcase classname="ptolemy.util.test.junit.AutoTests" name="[28] /home/travis/build/icyphy/ptII/ptolemy/actor/lib/test/auto/ArraySum.xml (RunModel)" time="0.018" />
  <testcase classname="ptolemy.util.test.junit.AutoTests" name="[29] /home/travis/build/icyphy/ptII/ptolemy/actor/lib/test/auto/ArrayToElements.xml (RunModel)" time="0.021" />
  <testcase classname="ptolemy.util.test.junit.AutoTests" name="[30] /home/travis/build/icyphy/ptII/ptolemy/actor/lib/test/auto/ArrayToMatrix.xml (RunModel)" time="0.072" />
  <testcase classname="ptolemy.util.test.junit.AutoTests" name="[31] /home/travis/build/icyphy/ptII/ptolemy/actor/lib/test/auto/ArrayUpdate1.xml (RunModel)" time="0.029" />
  <testcase classname="ptolemy.util.test.junit.AutoTests" name="[32] /home/travis/build/icyphy/ptII/ptolemy/actor/lib/test/auto/ArrayUpdate2.xml (RunModel)" time="0.022" />
  <testcase classname="ptolemy.util.test.junit.AutoTests" name="[33] /home/travis/build/icyphy/ptII/ptolemy/actor/lib/test/auto/ArrayUpdate3.xml (RunModel)" time="0.016" />
  <testcase classname="ptolemy.util.test.junit.AutoTests" name="[34] /home/travis/build/icyphy/ptII/ptolemy/actor/lib/test/auto/Assert1.xml (RunModel)" time="0.022" />
  <testcase classname="ptolemy.util.test.junit.AutoTests" name="[35] /home/travis/build/icyphy/ptII/ptolemy/actor/lib/test/auto/Assert2.xml (RunModel)" time="0.012" />
  <testcase classname="ptolemy.util.test.junit.AutoTests" name="[36] /home/travis/build/icyphy/ptII/ptolemy/actor/lib/test/auto/BooleanMultiplexor.xml (RunModel)" time="0.018" />
  <testcase classname="ptolemy.util.test.junit.AutoTests" name="[37] /home/travis/build/icyphy/ptII/ptolemy/actor/lib/test/auto/BooleanMultiplexor2.xml (RunModel)" time="0.019" />
  <testcase classname="ptolemy.util.test.junit.AutoTests" name="[38] /home/travis/build/icyphy/ptII/ptolemy/actor/lib/test/auto/BooleanMultiplexor3.xml (RunModel)" time="0.021" />
  <testcase classname="ptolemy.util.test.junit.AutoTests" name="[39] /home/travis/build/icyphy/ptII/ptolemy/actor/lib/test/auto/BooleanSelect.xml (RunModel)" time="0.025" />
  <testcase classname="ptolemy.util.test.junit.AutoTests" name="[40] /home/travis/build/icyphy/ptII/ptolemy/actor/lib/test/auto/BooleanSelect2.xml (RunModel)" time="0.015" />
  <testcase classname="ptolemy.util.test.junit.AutoTests" name="[41] /home/travis/build/icyphy/ptII/ptolemy/actor/lib/test/auto/BooleanSwitch.xml (RunModel)" time="0.018" />
  <testcase classname="ptolemy.util.test.junit.AutoTests" name="[42] /home/travis/build/icyphy/ptII/ptolemy/actor/lib/test/auto/BooleanSwitch2.xml (RunModel)" time="0.013" />
  <testcase classname="ptolemy.util.test.junit.AutoTests" name="[43] /home/travis/build/icyphy/ptII/ptolemy/actor/lib/test/auto/BooleanSwitchCloningBugWithClassRelationGroup.xml (RunModel)" time="0.039" />
  <testcase classname="ptolemy.util.test.junit.AutoTests" name="[44] /home/travis/build/icyphy/ptII/ptolemy/actor/lib/test/auto/BusActors.xml (RunModel)" time="0.026" />
  <testcase classname="ptolemy.util.test.junit.AutoTests" name="[45] /home/travis/build/icyphy/ptII/ptolemy/actor/lib/test/auto/ClassWrapper.xml (RunModel)" time="0.011" />
  <testcase classname="ptolemy.util.test.junit.AutoTests" name="[46] /home/travis/build/icyphy/ptII/ptolemy/actor/lib/test/auto/Clock.xml (RunModel)" time="0.009" />
  <testcase classname="ptolemy.util.test.junit.AutoTests" name="[47] /home/travis/build/icyphy/ptII/ptolemy/actor/lib/test/auto/Clock10.xml (RunModel)" time="0.019" />
  <testcase classname="ptolemy.util.test.junit.AutoTests" name="[48] /home/travis/build/icyphy/ptII/ptolemy/actor/lib/test/auto/Clock11.xml (RunModel)" time="0.025" />
  <testcase classname="ptolemy.util.test.junit.AutoTests" name="[49] /home/travis/build/icyphy/ptII/ptolemy/actor/lib/test/auto/Clock12.xml (RunModel)" time="0.022" />
  <testcase classname="ptolemy.util.test.junit.AutoTests" name="[50] /home/travis/build/icyphy/ptII/ptolemy/actor/lib/test/auto/Clock13.xml (RunModel)" time="0.021" />
  <testcase classname="ptolemy.util.test.junit.AutoTests" name="[51] /home/travis/build/icyphy/ptII/ptolemy/actor/lib/test/auto/Clock14.xml (RunModel)" time="0.019" />
  <testcase classname="ptolemy.util.test.junit.AutoTests" name="[52] /home/travis/build/icyphy/ptII/ptolemy/actor/lib/test/auto/Clock15.xml (RunModel)" time="0.013" />
  <testcase classname="ptolemy.util.test.junit.AutoTests" name="[53] /home/travis/build/icyphy/ptII/ptolemy/actor/lib/test/auto/Clock16.xml (RunModel)" time="0.117" />
  <testcase classname="ptolemy.util.test.junit.AutoTests" name="[54] /home/travis/build/icyphy/ptII/ptolemy/actor/lib/test/auto/Clock17.xml (RunModel)" time="0.072" />
  <testcase classname="ptolemy.util.test.junit.AutoTests" name="[55] /home/travis/build/icyphy/ptII/ptolemy/actor/lib/test/auto/Clock18.xml (RunModel)" time="0.052" />
  <testcase classname="ptolemy.util.test.junit.AutoTests" name="[56] /home/travis/build/icyphy/ptII/ptolemy/actor/lib/test/auto/Clock19.xml (RunModel)" time="0.039" />
  <testcase classname="ptolemy.util.test.junit.AutoTests" name="[57] /home/travis/build/icyphy/ptII/ptolemy/actor/lib/test/auto/Clock2.xml (RunModel)" time="0.014" />
  <testcase classname="ptolemy.util.test.junit.AutoTests" name="[58] /home/travis/build/icyphy/ptII/ptolemy/actor/lib/test/auto/Clock20.xml (RunModel)" time="0.022" />
  <testcase classname="ptolemy.util.test.junit.AutoTests" name="[59] /home/travis/build/icyphy/ptII/ptolemy/actor/lib/test/auto/Clock21.xml (RunModel)" time="0.016" />
  <testcase classname="ptolemy.util.test.junit.AutoTests" name="[60] /home/travis/build/icyphy/ptII/ptolemy/actor/lib/test/auto/Clock22.xml (RunModel)" time="0.014" />
  <testcase classname="ptolemy.util.test.junit.AutoTests" name="[61] /home/travis/build/icyphy/ptII/ptolemy/actor/lib/test/auto/Clock23.xml (RunModel)" time="0.018" />
  <testcase classname="ptolemy.util.test.junit.AutoTests" name="[62] /home/travis/build/icyphy/ptII/ptolemy/actor/lib/test/auto/Clock24.xml (RunModel)" time="0.023" />
  <testcase classname="ptolemy.util.test.junit.AutoTests" name="[63] /home/travis/build/icyphy/ptII/ptolemy/actor/lib/test/auto/Clock4.xml (RunModel)" time="0.012" />
  <testcase classname="ptolemy.util.test.junit.AutoTests" name="[64] /home/travis/build/icyphy/ptII/ptolemy/actor/lib/test/auto/Clock5.xml (RunModel)" time="0.01" />
  <testcase classname="ptolemy.util.test.junit.AutoTests" name="[65] /home/travis/build/icyphy/ptII/ptolemy/actor/lib/test/auto/Clock6.xml (RunModel)" time="0.011" />
  <testcase classname="ptolemy.util.test.junit.AutoTests" name="[66] /home/travis/build/icyphy/ptII/ptolemy/actor/lib/test/auto/Clock7.xml (RunModel)" time="0.01" />
  <testcase classname="ptolemy.util.test.junit.AutoTests" name="[67] /home/travis/build/icyphy/ptII/ptolemy/actor/lib/test/auto/Clock8.xml (RunModel)" time="0.013" />
  <testcase classname="ptolemy.util.test.junit.AutoTests" name="[68] /home/travis/build/icyphy/ptII/ptolemy/actor/lib/test/auto/Clock9.xml (RunModel)" time="0.015" />
  <testcase classname="ptolemy.util.test.junit.AutoTests" name="[69] /home/travis/build/icyphy/ptII/ptolemy/actor/lib/test/auto/CommDistDiscard.xml (RunModel)" time="0.027" />
  <testcase classname="ptolemy.util.test.junit.AutoTests" name="[70] /home/travis/build/icyphy/ptII/ptolemy/actor/lib/test/auto/Commutator.xml (RunModel)" time="0.016" />
  <testcase classname="ptolemy.util.test.junit.AutoTests" name="[71] /home/travis/build/icyphy/ptII/ptolemy/actor/lib/test/auto/Commutator2.xml (RunModel)" time="0.012" />
  <testcase classname="ptolemy.util.test.junit.AutoTests" name="[72] /home/travis/build/icyphy/ptII/ptolemy/actor/lib/test/auto/Commutator3.xml (RunModel)" time="0.018" />
  <testcase classname="ptolemy.util.test.junit.AutoTests" name="[73] /home/travis/build/icyphy/ptII/ptolemy/actor/lib/test/auto/Compare.xml (RunModel)" time="0.027" />
  <testcase classname="ptolemy.util.test.junit.AutoTests" name="[74] /home/travis/build/icyphy/ptII/ptolemy/actor/lib/test/auto/CompareDE.xml (RunModel)" time="0.018" />
  <testcase classname="ptolemy.util.test.junit.AutoTests" name="[75] /home/travis/build/icyphy/ptII/ptolemy/actor/lib/test/auto/ComplexDivide.xml (RunModel)" time="0.012" />
  <testcase classname="ptolemy.util.test.junit.AutoTests" name="[76] /home/travis/build/icyphy/ptII/ptolemy/actor/lib/test/auto/ComputeHistogram.xml (RunModel)" time="0.067" />
  <testcase classname="ptolemy.util.test.junit.AutoTests" name="[77] /home/travis/build/icyphy/ptII/ptolemy/actor/lib/test/auto/ConfigurationSelect.xml (RunModel)" time="0.016" />
  <testcase classname="ptolemy.util.test.junit.AutoTests" name="[78] /home/travis/build/icyphy/ptII/ptolemy/actor/lib/test/auto/ConfigurationSelect2.xml (RunModel)" time="0.011" />
  <testcase classname="ptolemy.util.test.junit.AutoTests" name="[79] /home/travis/build/icyphy/ptII/ptolemy/actor/lib/test/auto/ConfigurationSwitch.xml (RunModel)" time="0.027" />
  <testcase classname="ptolemy.util.test.junit.AutoTests" name="[80] /home/travis/build/icyphy/ptII/ptolemy/actor/lib/test/auto/ConfigurationSwitch2.xml (RunModel)" time="0.016" />
  <testcase classname="ptolemy.util.test.junit.AutoTests" name="[81] /home/travis/build/icyphy/ptII/ptolemy/actor/lib/test/auto/ConfigurationSwitchCloningBugWithClassRelationGroup.xml (RunModel)" time="0.026" />
  <testcase classname="ptolemy.util.test.junit.AutoTests" name="[82] /home/travis/build/icyphy/ptII/ptolemy/actor/lib/test/auto/ConfigurationSwitchSelectSDF.xml (RunModel)" time="0.019" />
  <testcase classname="ptolemy.util.test.junit.AutoTests" name="[83] /home/travis/build/icyphy/ptII/ptolemy/actor/lib/test/auto/ConfigurationSwitchSelectSDF2.xml (RunModel)" time="0.018" />
  <testcase classname="ptolemy.util.test.junit.AutoTests" name="[84] /home/travis/build/icyphy/ptII/ptolemy/actor/lib/test/auto/Const.xml (RunModel)" time="0.007" />
  <testcase classname="ptolemy.util.test.junit.AutoTests" name="[85] /home/travis/build/icyphy/ptII/ptolemy/actor/lib/test/auto/Const2.xml (RunModel)" time="0.01" />
  <testcase classname="ptolemy.util.test.junit.AutoTests" name="[86] /home/travis/build/icyphy/ptII/ptolemy/actor/lib/test/auto/Const3.xml (RunModel)" time="0.007" />
  <testcase classname="ptolemy.util.test.junit.AutoTests" name="[87] /home/travis/build/icyphy/ptII/ptolemy/actor/lib/test/auto/ConstantPublisherPort1.xml (RunModel)" time="0.02" />
  <testcase classname="ptolemy.util.test.junit.AutoTests" name="[88] /home/travis/build/icyphy/ptII/ptolemy/actor/lib/test/auto/ConstantPublisherPort2.xml (RunModel)" time="0.023" />
  <testcase classname="ptolemy.util.test.junit.AutoTests" name="[89] /home/travis/build/icyphy/ptII/ptolemy/actor/lib/test/auto/ConstantPublisherPort3.xml (RunModel)" time="0.024" />
  <testcase classname="ptolemy.util.test.junit.AutoTests" name="[90] /home/travis/build/icyphy/ptII/ptolemy/actor/lib/test/auto/ConstantPublisherPort4.xml (RunModel)" time="0.017" />
  <testcase classname="ptolemy.util.test.junit.AutoTests" name="[91] /home/travis/build/icyphy/ptII/ptolemy/actor/lib/test/auto/ConstantPublisherPort5.xml (RunModel)" time="0.044" />
  <testcase classname="ptolemy.util.test.junit.AutoTests" name="[92] /home/travis/build/icyphy/ptII/ptolemy/actor/lib/test/auto/ConstantPublisherPort6.xml (RunModel)" time="0.032" />
  <testcase classname="ptolemy.util.test.junit.AutoTests" name="[93] /home/travis/build/icyphy/ptII/ptolemy/actor/lib/test/auto/ConstantPublisherPort7.xml (RunModel)" time="0.043" />
  <testcase classname="ptolemy.util.test.junit.AutoTests" name="[94] /home/travis/build/icyphy/ptII/ptolemy/actor/lib/test/auto/ConstraintMonitor1.xml (RunModel)" time="0.039" />
  <testcase classname="ptolemy.util.test.junit.AutoTests" name="[95] /home/travis/build/icyphy/ptII/ptolemy/actor/lib/test/auto/ConstraintMonitor2.xml (RunModel)" time="0.016" />
  <testcase classname="ptolemy.util.test.junit.AutoTests" name="[96] /home/travis/build/icyphy/ptII/ptolemy/actor/lib/test/auto/ConstraintMonitor3.xml (RunModel)" time="0.019" />
  <testcase classname="ptolemy.util.test.junit.AutoTests" name="[97] /home/travis/build/icyphy/ptII/ptolemy/actor/lib/test/auto/ConstraintMonitor4.xml (RunModel)" time="0.012" />
  <testcase classname="ptolemy.util.test.junit.AutoTests" name="[98] /home/travis/build/icyphy/ptII/ptolemy/actor/lib/test/auto/ConstraintMonitor5.xml (RunModel)" time="0.013" />
  <testcase classname="ptolemy.util.test.junit.AutoTests" name="[99] /home/travis/build/icyphy/ptII/ptolemy/actor/lib/test/auto/ConstraintMonitor6.xml (RunModel)" time="0.015" />
  <testcase classname="ptolemy.util.test.junit.AutoTests" name="[100] /home/travis/build/icyphy/ptII/ptolemy/actor/lib/test/auto/ConstraintMonitor7.xml (RunModel)" time="0.016" />
  <testcase classname="ptolemy.util.test.junit.AutoTests" name="[101] /home/travis/build/icyphy/ptII/ptolemy/actor/lib/test/auto/ConstraintMonitor8.xml (RunModel)" time="0.019" />
  <testcase classname="ptolemy.util.test.junit.AutoTests" name="[102] /home/travis/build/icyphy/ptII/ptolemy/actor/lib/test/auto/Counter.xml (RunModel)" time="0.015" />
  <testcase classname="ptolemy.util.test.junit.AutoTests" name="[103] /home/travis/build/icyphy/ptII/ptolemy/actor/lib/test/auto/CurrentTimeSDF.xml (RunModel)" time="0.009" />
  <testcase classname="ptolemy.util.test.junit.AutoTests" name="[104] /home/travis/build/icyphy/ptII/ptolemy/actor/lib/test/auto/DB.xml (RunModel)" time="0.013" />
  <testcase classname="ptolemy.util.test.junit.AutoTests" name="[105] /home/travis/build/icyphy/ptII/ptolemy/actor/lib/test/auto/DBDE.xml (RunModel)" time="0.013" />
  <testcase classname="ptolemy.util.test.junit.AutoTests" name="[106] /home/travis/build/icyphy/ptII/ptolemy/actor/lib/test/auto/DateConstructor.xml (RunModel)" time="0.082" />
  <testcase classname="ptolemy.util.test.junit.AutoTests" name="[107] /home/travis/build/icyphy/ptII/ptolemy/actor/lib/test/auto/DelayTime.xml (RunModel)" time="0.027" />
  <testcase classname="ptolemy.util.test.junit.AutoTests" name="[108] /home/travis/build/icyphy/ptII/ptolemy/actor/lib/test/auto/Dictionary1.xml (RunModel)" time="0.027" />
  <testcase classname="ptolemy.util.test.junit.AutoTests" name="[109] /home/travis/build/icyphy/ptII/ptolemy/actor/lib/test/auto/Dictionary2.xml (RunModel)" time="0.017" />
  <testcase classname="ptolemy.util.test.junit.AutoTests" name="[110] /home/travis/build/icyphy/ptII/ptolemy/actor/lib/test/auto/Dictionary3.xml (RunModel)" time="0.013" />
  <testcase classname="ptolemy.util.test.junit.AutoTests" name="[111] /home/travis/build/icyphy/ptII/ptolemy/actor/lib/test/auto/Dictionary4.xml (RunModel)" time="0.02" />
  <testcase classname="ptolemy.util.test.junit.AutoTests" name="[112] /home/travis/build/icyphy/ptII/ptolemy/actor/lib/test/auto/Differential.xml (RunModel)" time="0.014" />
  <testcase classname="ptolemy.util.test.junit.AutoTests" name="[113] /home/travis/build/icyphy/ptII/ptolemy/actor/lib/test/auto/Director.xml (RunModel)" time="0.012" />
  <testcase classname="ptolemy.util.test.junit.AutoTests" name="[114] /home/travis/build/icyphy/ptII/ptolemy/actor/lib/test/auto/DiscreteClock.xml (RunModel)" time="0.009" />
  <testcase classname="ptolemy.util.test.junit.AutoTests" name="[115] /home/travis/build/icyphy/ptII/ptolemy/actor/lib/test/auto/DiscreteClock10.xml (RunModel)" time="0.013" />
  <testcase classname="ptolemy.util.test.junit.AutoTests" name="[116] /home/travis/build/icyphy/ptII/ptolemy/actor/lib/test/auto/DiscreteClock11.xml (RunModel)" time="0.013" />
  <testcase classname="ptolemy.util.test.junit.AutoTests" name="[117] /home/travis/build/icyphy/ptII/ptolemy/actor/lib/test/auto/DiscreteClock12.xml (RunModel)" time="0.014" />
  <testcase classname="ptolemy.util.test.junit.AutoTests" name="[118] /home/travis/build/icyphy/ptII/ptolemy/actor/lib/test/auto/DiscreteClock13.xml (RunModel)" time="0.013" />
  <testcase classname="ptolemy.util.test.junit.AutoTests" name="[119] /home/travis/build/icyphy/ptII/ptolemy/actor/lib/test/auto/DiscreteClock14.xml (RunModel)" time="0.014" />
  <testcase classname="ptolemy.util.test.junit.AutoTests" name="[120] /home/travis/build/icyphy/ptII/ptolemy/actor/lib/test/auto/DiscreteClock15.xml (RunModel)" time="0.014" />
  <testcase classname="ptolemy.util.test.junit.AutoTests" name="[121] /home/travis/build/icyphy/ptII/ptolemy/actor/lib/test/auto/DiscreteClock16.xml (RunModel)" time="0.061" />
  <testcase classname="ptolemy.util.test.junit.AutoTests" name="[122] /home/travis/build/icyphy/ptII/ptolemy/actor/lib/test/auto/DiscreteClock17.xml (RunModel)" time="0.046" />
  <testcase classname="ptolemy.util.test.junit.AutoTests" name="[123] /home/travis/build/icyphy/ptII/ptolemy/actor/lib/test/auto/DiscreteClock18.xml (RunModel)" time="0.049" />
  <testcase classname="ptolemy.util.test.junit.AutoTests" name="[124] /home/travis/build/icyphy/ptII/ptolemy/actor/lib/test/auto/DiscreteClock19.xml (RunModel)" time="0.047" />
  <testcase classname="ptolemy.util.test.junit.AutoTests" name="[125] /home/travis/build/icyphy/ptII/ptolemy/actor/lib/test/auto/DiscreteClock2.xml (RunModel)" time="0.011" />
  <testcase classname="ptolemy.util.test.junit.AutoTests" name="[126] /home/travis/build/icyphy/ptII/ptolemy/actor/lib/test/auto/DiscreteClock20.xml (RunModel)" time="0.021" />
  <testcase classname="ptolemy.util.test.junit.AutoTests" name="[127] /home/travis/build/icyphy/ptII/ptolemy/actor/lib/test/auto/DiscreteClock21.xml (RunModel)" time="0.019" />
  <testcase classname="ptolemy.util.test.junit.AutoTests" name="[128] /home/travis/build/icyphy/ptII/ptolemy/actor/lib/test/auto/DiscreteClock22.xml (RunModel)" time="0.015" />
  <testcase classname="ptolemy.util.test.junit.AutoTests" name="[129] /home/travis/build/icyphy/ptII/ptolemy/actor/lib/test/auto/DiscreteClock23.xml (RunModel)" time="0.015" />
  <testcase classname="ptolemy.util.test.junit.AutoTests" name="[130] /home/travis/build/icyphy/ptII/ptolemy/actor/lib/test/auto/DiscreteClock24.xml (RunModel)" time="0.014" />
  <testcase classname="ptolemy.util.test.junit.AutoTests" name="[131] /home/travis/build/icyphy/ptII/ptolemy/actor/lib/test/auto/DiscreteClock4.xml (RunModel)" time="0.01" />
  <testcase classname="ptolemy.util.test.junit.AutoTests" name="[132] /home/travis/build/icyphy/ptII/ptolemy/actor/lib/test/auto/DiscreteClock5.xml (RunModel)" time="0.009" />
  <testcase classname="ptolemy.util.test.junit.AutoTests" name="[133] /home/travis/build/icyphy/ptII/ptolemy/actor/lib/test/auto/DiscreteClock6.xml (RunModel)" time="0.008" />
  <testcase classname="ptolemy.util.test.junit.AutoTests" name="[134] /home/travis/build/icyphy/ptII/ptolemy/actor/lib/test/auto/DiscreteClock7.xml (RunModel)" time="0.015" />
  <testcase classname="ptolemy.util.test.junit.AutoTests" name="[135] /home/travis/build/icyphy/ptII/ptolemy/actor/lib/test/auto/DiscreteClock8.xml (RunModel)" time="0.016" />
  <testcase classname="ptolemy.util.test.junit.AutoTests" name="[136] /home/travis/build/icyphy/ptII/ptolemy/actor/lib/test/auto/DiscreteClock9.xml (RunModel)" time="0.014" />
  <testcase classname="ptolemy.util.test.junit.AutoTests" name="[137] /home/travis/build/icyphy/ptII/ptolemy/actor/lib/test/auto/DisplayArray.xml (RunModel)" time="0.009" />
  <testcase classname="ptolemy.util.test.junit.AutoTests" name="[138] /home/travis/build/icyphy/ptII/ptolemy/actor/lib/test/auto/Distributor.xml (RunModel)" time="0.01" />
  <testcase classname="ptolemy.util.test.junit.AutoTests" name="[139] /home/travis/build/icyphy/ptII/ptolemy/actor/lib/test/auto/Distributor2.xml (RunModel)" time="0.01" />
  <testcase classname="ptolemy.util.test.junit.AutoTests" name="[140] /home/travis/build/icyphy/ptII/ptolemy/actor/lib/test/auto/DownSample.xml (RunModel)" time="0.009" />
  <testcase classname="ptolemy.util.test.junit.AutoTests" name="[141] /home/travis/build/icyphy/ptII/ptolemy/actor/lib/test/auto/ElectronicUnitBase1.xml (RunModel)" time="0.061" />
  <testcase classname="ptolemy.util.test.junit.AutoTests" name="[142] /home/travis/build/icyphy/ptII/ptolemy/actor/lib/test/auto/ElementsToArray.xml (RunModel)" time="0.012" />
  <testcase classname="ptolemy.util.test.junit.AutoTests" name="[143] /home/travis/build/icyphy/ptII/ptolemy/actor/lib/test/auto/Equals.xml (RunModel)" time="0.016" />
  <testcase classname="ptolemy.util.test.junit.AutoTests" name="[144] /home/travis/build/icyphy/ptII/ptolemy/actor/lib/test/auto/Exec.xml (RunModel)" time="0.029" />
  <testcase classname="ptolemy.util.test.junit.AutoTests" name="[145] /home/travis/build/icyphy/ptII/ptolemy/actor/lib/test/auto/ExecEnvironment.xml (RunModel)" time="0.044" />
  <testcase classname="ptolemy.util.test.junit.AutoTests" name="[146] /home/travis/build/icyphy/ptII/ptolemy/actor/lib/test/auto/ExecNonZeroReturnOutput.xml (RunModel)" time="0.194" />
  <testcase classname="ptolemy.util.test.junit.AutoTests" name="[147] /home/travis/build/icyphy/ptII/ptolemy/actor/lib/test/auto/ExecRunDemos.xml (RunModel)" time="10.893" />
  <testcase classname="ptolemy.util.test.junit.AutoTests" name="[148] /home/travis/build/icyphy/ptII/ptolemy/actor/lib/test/auto/ExecStop.xml (RunModel)" time="5.037" />
  <testcase classname="ptolemy.util.test.junit.AutoTests" name="[149] /home/travis/build/icyphy/ptII/ptolemy/actor/lib/test/auto/ExecutionTimeSDF.xml (RunModel)" time="6.029" />
  <testcase classname="ptolemy.util.test.junit.AutoTests" name="[150] /home/travis/build/icyphy/ptII/ptolemy/actor/lib/test/auto/Expression1.xml (RunModel)" time="0.009" />
  <testcase classname="ptolemy.util.test.junit.AutoTests" name="[151] /home/travis/build/icyphy/ptII/ptolemy/actor/lib/test/auto/Expression10.xml (RunModel)" time="0.017" />
  <testcase classname="ptolemy.util.test.junit.AutoTests" name="[152] /home/travis/build/icyphy/ptII/ptolemy/actor/lib/test/auto/Expression11.xml (RunModel)" time="0.029" />
  <testcase classname="ptolemy.util.test.junit.AutoTests" name="[153] /home/travis/build/icyphy/ptII/ptolemy/actor/lib/test/auto/Expression12.xml (RunModel)" time="0.015" />
  <testcase classname="ptolemy.util.test.junit.AutoTests" name="[154] /home/travis/build/icyphy/ptII/ptolemy/actor/lib/test/auto/Expression13.xml (RunModel)" time="0.011" />
  <testcase classname="ptolemy.util.test.junit.AutoTests" name="[155] /home/travis/build/icyphy/ptII/ptolemy/actor/lib/test/auto/Expression14.xml (RunModel)" time="0.016" />
  <testcase classname="ptolemy.util.test.junit.AutoTests" name="[156] /home/travis/build/icyphy/ptII/ptolemy/actor/lib/test/auto/Expression15.xml (RunModel)" time="0.008" />
  <testcase classname="ptolemy.util.test.junit.AutoTests" name="[157] /home/travis/build/icyphy/ptII/ptolemy/actor/lib/test/auto/Expression16.xml (RunModel)" time="0.013" />
  <testcase classname="ptolemy.util.test.junit.AutoTests" name="[158] /home/travis/build/icyphy/ptII/ptolemy/actor/lib/test/auto/Expression17.xml (RunModel)" time="0.01" />
  <testcase classname="ptolemy.util.test.junit.AutoTests" name="[159] /home/travis/build/icyphy/ptII/ptolemy/actor/lib/test/auto/Expression18.xml (RunModel)" time="0.014" />
  <testcase classname="ptolemy.util.test.junit.AutoTests" name="[160] /home/travis/build/icyphy/ptII/ptolemy/actor/lib/test/auto/Expression2.xml (RunModel)" time="0.012" />
  <testcase classname="ptolemy.util.test.junit.AutoTests" name="[161] /home/travis/build/icyphy/ptII/ptolemy/actor/lib/test/auto/Expression3.xml (RunModel)" time="0.012" />
  <testcase classname="ptolemy.util.test.junit.AutoTests" name="[162] /home/travis/build/icyphy/ptII/ptolemy/actor/lib/test/auto/Expression4.xml (RunModel)" time="0.018" />
  <testcase classname="ptolemy.util.test.junit.AutoTests" name="[163] /home/travis/build/icyphy/ptII/ptolemy/actor/lib/test/auto/Expression5.xml (RunModel)" time="0.012" />
  <testcase classname="ptolemy.util.test.junit.AutoTests" name="[164] /home/travis/build/icyphy/ptII/ptolemy/actor/lib/test/auto/Expression6.xml (RunModel)" time="0.009" />
  <testcase classname="ptolemy.util.test.junit.AutoTests" name="[165] /home/travis/build/icyphy/ptII/ptolemy/actor/lib/test/auto/Expression7.xml (RunModel)" time="0.01" />
  <testcase classname="ptolemy.util.test.junit.AutoTests" name="[166] /home/travis/build/icyphy/ptII/ptolemy/actor/lib/test/auto/Expression8.xml (RunModel)" time="0.014" />
  <testcase classname="ptolemy.util.test.junit.AutoTests" name="[167] /home/travis/build/icyphy/ptII/ptolemy/actor/lib/test/auto/Expression9.xml (RunModel)" time="0.007" />
  <testcase classname="ptolemy.util.test.junit.AutoTests" name="[168] /home/travis/build/icyphy/ptII/ptolemy/actor/lib/test/auto/ExpressionConcatenateArrayType.xml (RunModel)" time="0.038" />
  <testcase classname="ptolemy.util.test.junit.AutoTests" name="[169] /home/travis/build/icyphy/ptII/ptolemy/actor/lib/test/auto/ExpressionConcatenateArrayType2.xml (RunModel)" time="0.02" />
  <testcase classname="ptolemy.util.test.junit.AutoTests" name="[170] /home/travis/build/icyphy/ptII/ptolemy/actor/lib/test/auto/ExpressionFix.xml (RunModel)" time="0.042" />
  <testcase classname="ptolemy.util.test.junit.AutoTests" name="[171] /home/travis/build/icyphy/ptII/ptolemy/actor/lib/test/auto/ExpressionFix2.xml (RunModel)" time="0.014" />
  <testcase classname="ptolemy.util.test.junit.AutoTests" name="[172] /home/travis/build/icyphy/ptII/ptolemy/actor/lib/test/auto/ExpressionFix3.xml (RunModel)" time="0.013" />
  <testcase classname="ptolemy.util.test.junit.AutoTests" name="[173] /home/travis/build/icyphy/ptII/ptolemy/actor/lib/test/auto/FileWriter1.xml (RunModel)" time="0.009" />
  <testcase classname="ptolemy.util.test.junit.AutoTests" name="[174] /home/travis/build/icyphy/ptII/ptolemy/actor/lib/test/auto/FileWriter2.xml (RunModel)" time="0.015" />
  <testcase classname="ptolemy.util.test.junit.AutoTests" name="[175] /home/travis/build/icyphy/ptII/ptolemy/actor/lib/test/auto/FileWriter3.xml (RunModel)" time="0.012" />
  <testcase classname="ptolemy.util.test.junit.AutoTests" name="[176] /home/travis/build/icyphy/ptII/ptolemy/actor/lib/test/auto/Gaussian.xml (RunModel)" time="0.01" />
  <testcase classname="ptolemy.util.test.junit.AutoTests" name="[177] /home/travis/build/icyphy/ptII/ptolemy/actor/lib/test/auto/Gaussian1.xml (RunModel)" time="0.027" />
  <testcase classname="ptolemy.util.test.junit.AutoTests" name="[178] /home/travis/build/icyphy/ptII/ptolemy/actor/lib/test/auto/Gaussian2.xml (RunModel)" time="0.022" />
  <testcase classname="ptolemy.util.test.junit.AutoTests" name="[179] /home/travis/build/icyphy/ptII/ptolemy/actor/lib/test/auto/GradientAdaptiveLattice.xml (RunModel)" time="0.018" />
  <testcase classname="ptolemy.util.test.junit.AutoTests" name="[180] /home/travis/build/icyphy/ptII/ptolemy/actor/lib/test/auto/IIR.xml (RunModel)" time="0.009" />
  <testcase classname="ptolemy.util.test.junit.AutoTests" name="[181] /home/travis/build/icyphy/ptII/ptolemy/actor/lib/test/auto/InputOutputTransparentPorts.xml (RunModel)" time="0.021" />
  <testcase classname="ptolemy.util.test.junit.AutoTests" name="[182] /home/travis/build/icyphy/ptII/ptolemy/actor/lib/test/auto/Interpolator.xml (RunModel)" time="0.014" />
  <testcase classname="ptolemy.util.test.junit.AutoTests" name="[183] /home/travis/build/icyphy/ptII/ptolemy/actor/lib/test/auto/InterpolatorFiringLimitDE.xml (RunModel)" time="0.012" />
  <testcase classname="ptolemy.util.test.junit.AutoTests" name="[184] /home/travis/build/icyphy/ptII/ptolemy/actor/lib/test/auto/Lattice.xml (RunModel)" time="0.01" />
  <testcase classname="ptolemy.util.test.junit.AutoTests" name="[185] /home/travis/build/icyphy/ptII/ptolemy/actor/lib/test/auto/LazyAOCTestLazy.xml (RunModel)" time="0.021" />
  <testcase classname="ptolemy.util.test.junit.AutoTests" name="[186] /home/travis/build/icyphy/ptII/ptolemy/actor/lib/test/auto/LazyAOCTestNonLazy.xml (RunModel)" time="0.047" />
  <testcase classname="ptolemy.util.test.junit.AutoTests" name="[187] /home/travis/build/icyphy/ptII/ptolemy/actor/lib/test/auto/LazyInnerClass.xml (RunModel)" time="0.043" />
  <testcase classname="ptolemy.util.test.junit.AutoTests" name="[188] /home/travis/build/icyphy/ptII/ptolemy/actor/lib/test/auto/LazyPubSub.xml (RunModel)" time="0.066" />
  <testcase classname="ptolemy.util.test.junit.AutoTests" name="[189] /home/travis/build/icyphy/ptII/ptolemy/actor/lib/test/auto/LazyPubSub2.xml (RunModel)" time="0.032" />
  <testcase classname="ptolemy.util.test.junit.AutoTests" name="[190] /home/travis/build/icyphy/ptII/ptolemy/actor/lib/test/auto/LazyPubSub3.xml (RunModel)" time="0.031" />
  <testcase classname="ptolemy.util.test.junit.AutoTests" name="[191] /home/travis/build/icyphy/ptII/ptolemy/actor/lib/test/auto/LazySubClassModel.xml (RunModel)" time="0.021" />
  <testcase classname="ptolemy.util.test.junit.AutoTests" name="[192] /home/travis/build/icyphy/ptII/ptolemy/actor/lib/test/auto/LevelCrossTest1.xml (RunModel)" time="0.012" />
  <testcase classname="ptolemy.util.test.junit.AutoTests" name="[193] /home/travis/build/icyphy/ptII/ptolemy/actor/lib/test/auto/LevelCrossTest10.xml (RunModel)" time="0.014" />
  <testcase classname="ptolemy.util.test.junit.AutoTests" name="[194] /home/travis/build/icyphy/ptII/ptolemy/actor/lib/test/auto/LevelCrossTest11.xml (RunModel)" time="0.012" />
  <testcase classname="ptolemy.util.test.junit.AutoTests" name="[195] /home/travis/build/icyphy/ptII/ptolemy/actor/lib/test/auto/LevelCrossTest12.xml (RunModel)" time="0.012" />
  <testcase classname="ptolemy.util.test.junit.AutoTests" name="[196] /home/travis/build/icyphy/ptII/ptolemy/actor/lib/test/auto/LevelCrossTest13.xml (RunModel)" time="0.014" />
  <testcase classname="ptolemy.util.test.junit.AutoTests" name="[197] /home/travis/build/icyphy/ptII/ptolemy/actor/lib/test/auto/LevelCrossTest2.xml (RunModel)" time="0.011" />
  <testcase classname="ptolemy.util.test.junit.AutoTests" name="[198] /home/travis/build/icyphy/ptII/ptolemy/actor/lib/test/auto/LevelCrossTest3.xml (RunModel)" time="0.011" />
  <testcase classname="ptolemy.util.test.junit.AutoTests" name="[199] /home/travis/build/icyphy/ptII/ptolemy/actor/lib/test/auto/LevelCrossTest4.xml (RunModel)" time="0.009" />
  <testcase classname="ptolemy.util.test.junit.AutoTests" name="[200] /home/travis/build/icyphy/ptII/ptolemy/actor/lib/test/auto/LevelCrossTest5.xml (RunModel)" time="0.014" />
  <testcase classname="ptolemy.util.test.junit.AutoTests" name="[201] /home/travis/build/icyphy/ptII/ptolemy/actor/lib/test/auto/LevelCrossTest6.xml (RunModel)" time="0.012" />
  <testcase classname="ptolemy.util.test.junit.AutoTests" name="[202] /home/travis/build/icyphy/ptII/ptolemy/actor/lib/test/auto/LevelCrossTest7.xml (RunModel)" time="0.021" />
  <testcase classname="ptolemy.util.test.junit.AutoTests" name="[203] /home/travis/build/icyphy/ptII/ptolemy/actor/lib/test/auto/LevelCrossTest8.xml (RunModel)" time="0.012" />
  <testcase classname="ptolemy.util.test.junit.AutoTests" name="[204] /home/travis/build/icyphy/ptII/ptolemy/actor/lib/test/auto/LevelCrossTest9.xml (RunModel)" time="0.011" />
  <testcase classname="ptolemy.util.test.junit.AutoTests" name="[205] /home/travis/build/icyphy/ptII/ptolemy/actor/lib/test/auto/LevinsonDurbin.xml (RunModel)" time="0.016" />
  <testcase classname="ptolemy.util.test.junit.AutoTests" name="[206] /home/travis/build/icyphy/ptII/ptolemy/actor/lib/test/auto/LevinsonDurbin2.xml (RunModel)" time="0.017" />
  <testcase classname="ptolemy.util.test.junit.AutoTests" name="[207] /home/travis/build/icyphy/ptII/ptolemy/actor/lib/test/auto/LevinsonDurbin3.xml (RunModel)" time="0.018" />
  <testcase classname="ptolemy.util.test.junit.AutoTests" name="[208] /home/travis/build/icyphy/ptII/ptolemy/actor/lib/test/auto/Limiter.xml (RunModel)" time="0.041" />
  <testcase classname="ptolemy.util.test.junit.AutoTests" name="[209] /home/travis/build/icyphy/ptII/ptolemy/actor/lib/test/auto/LinearDifferenceEquationSystem.xml (RunModel)" time="0.021" />
  <testcase classname="ptolemy.util.test.junit.AutoTests" name="[210] /home/travis/build/icyphy/ptII/ptolemy/actor/lib/test/auto/LookupTable.xml (RunModel)" time="0.013" />
  <testcase classname="ptolemy.util.test.junit.AutoTests" name="[211] /home/travis/build/icyphy/ptII/ptolemy/actor/lib/test/auto/MathFunction.xml (RunModel)" time="0.021" />
  <testcase classname="ptolemy.util.test.junit.AutoTests" name="[212] /home/travis/build/icyphy/ptII/ptolemy/actor/lib/test/auto/MathFunction2.xml (RunModel)" time="0.013" />
  <testcase classname="ptolemy.util.test.junit.AutoTests" name="[213] /home/travis/build/icyphy/ptII/ptolemy/actor/lib/test/auto/MathFunction3.xml (RunModel)" time="0.018" />
  <testcase classname="ptolemy.util.test.junit.AutoTests" name="[214] /home/travis/build/icyphy/ptII/ptolemy/actor/lib/test/auto/MatrixCropBoolean.xml (RunModel)" time="0.013" />
  <testcase classname="ptolemy.util.test.junit.AutoTests" name="[215] /home/travis/build/icyphy/ptII/ptolemy/actor/lib/test/auto/MatrixCropComplex.xml (RunModel)" time="0.01" />
  <testcase classname="ptolemy.util.test.junit.AutoTests" name="[216] /home/travis/build/icyphy/ptII/ptolemy/actor/lib/test/auto/MatrixCropDouble.xml (RunModel)" time="0.01" />
  <testcase classname="ptolemy.util.test.junit.AutoTests" name="[217] /home/travis/build/icyphy/ptII/ptolemy/actor/lib/test/auto/MatrixCropFix.xml (RunModel)" time="0.009" />
  <testcase classname="ptolemy.util.test.junit.AutoTests" name="[218] /home/travis/build/icyphy/ptII/ptolemy/actor/lib/test/auto/MatrixCropInt.xml (RunModel)" time="0.009" />
  <testcase classname="ptolemy.util.test.junit.AutoTests" name="[219] /home/travis/build/icyphy/ptII/ptolemy/actor/lib/test/auto/MatrixCropLong.xml (RunModel)" time="0.009" />
  <testcase classname="ptolemy.util.test.junit.AutoTests" name="[220] /home/travis/build/icyphy/ptII/ptolemy/actor/lib/test/auto/MatrixToArray.xml (RunModel)" time="0.062" />
  <testcase classname="ptolemy.util.test.junit.AutoTests" name="[221] /home/travis/build/icyphy/ptII/ptolemy/actor/lib/test/auto/MaxIndex.xml (RunModel)" time="0.015" />
  <testcase classname="ptolemy.util.test.junit.AutoTests" name="[222] /home/travis/build/icyphy/ptII/ptolemy/actor/lib/test/auto/Maximum.xml (RunModel)" time="0.014" />
  <testcase classname="ptolemy.util.test.junit.AutoTests" name="[223] /home/travis/build/icyphy/ptII/ptolemy/actor/lib/test/auto/MaximumComplex.xml (RunModel)" time="0.018" />
  <testcase classname="ptolemy.util.test.junit.AutoTests" name="[224] /home/travis/build/icyphy/ptII/ptolemy/actor/lib/test/auto/MethodCallTest.xml (RunModel)" time="0.028" />
  <testcase classname="ptolemy.util.test.junit.AutoTests" name="[225] /home/travis/build/icyphy/ptII/ptolemy/actor/lib/test/auto/Minimum.xml (RunModel)" time="0.014" />
  <testcase classname="ptolemy.util.test.junit.AutoTests" name="[226] /home/travis/build/icyphy/ptII/ptolemy/actor/lib/test/auto/MinimumComplex.xml (RunModel)" time="0.023" />
  <testcase classname="ptolemy.util.test.junit.AutoTests" name="[227] /home/travis/build/icyphy/ptII/ptolemy/actor/lib/test/auto/MinimumMultiports.xml (RunModel)" time="0.016" />
  <testcase classname="ptolemy.util.test.junit.AutoTests" name="[228] /home/travis/build/icyphy/ptII/ptolemy/actor/lib/test/auto/ModifyDate.xml (RunModel)" time="0.05" />
  <testcase classname="ptolemy.util.test.junit.AutoTests" name="[229] /home/travis/build/icyphy/ptII/ptolemy/actor/lib/test/auto/ModifyDate2.xml (RunModel)" time="0.033" />
  <testcase classname="ptolemy.util.test.junit.AutoTests" name="[230] /home/travis/build/icyphy/ptII/ptolemy/actor/lib/test/auto/MovingAverage.xml (RunModel)" time="0.014" />
  <testcase classname="ptolemy.util.test.junit.AutoTests" name="[231] /home/travis/build/icyphy/ptII/ptolemy/actor/lib/test/auto/MovingMaximum.xml (RunModel)" time="0.011" />
  <testcase classname="ptolemy.util.test.junit.AutoTests" name="[232] /home/travis/build/icyphy/ptII/ptolemy/actor/lib/test/auto/MultipleLinksToSameRelation.xml (RunModel)" time="0.007" />
  <testcase classname="ptolemy.util.test.junit.AutoTests" name="[233] /home/travis/build/icyphy/ptII/ptolemy/actor/lib/test/auto/MultipleLinksToSameRelationDE.xml (RunModel)" time="0.018" />
  <testcase classname="ptolemy.util.test.junit.AutoTests" name="[234] /home/travis/build/icyphy/ptII/ptolemy/actor/lib/test/auto/Multiplexor.xml (RunModel)" time="0.013" />
  <testcase classname="ptolemy.util.test.junit.AutoTests" name="[235] /home/travis/build/icyphy/ptII/ptolemy/actor/lib/test/auto/Multiplexor1.xml (RunModel)" time="0.011" />
  <testcase classname="ptolemy.util.test.junit.AutoTests" name="[236] /home/travis/build/icyphy/ptII/ptolemy/actor/lib/test/auto/Multiplexor2.xml (RunModel)" time="0.014" />
  <testcase classname="ptolemy.util.test.junit.AutoTests" name="[237] /home/travis/build/icyphy/ptII/ptolemy/actor/lib/test/auto/Multiplexor3.xml (RunModel)" time="0.011" />
  <testcase classname="ptolemy.util.test.junit.AutoTests" name="[238] /home/travis/build/icyphy/ptII/ptolemy/actor/lib/test/auto/MultiplexorDE.xml (RunModel)" time="0.027" />
  <testcase classname="ptolemy.util.test.junit.AutoTests" name="[239] /home/travis/build/icyphy/ptII/ptolemy/actor/lib/test/auto/MultiportBroadcastTest.xml (RunModel)" time="0.098" />
  <testcase classname="ptolemy.util.test.junit.AutoTests" name="[240] /home/travis/build/icyphy/ptII/ptolemy/actor/lib/test/auto/MultiportOutHangDuringGetWidth.xml (RunModel)" time="0.03" />
  <testcase classname="ptolemy.util.test.junit.AutoTests" name="[241] /home/travis/build/icyphy/ptII/ptolemy/actor/lib/test/auto/NilToken.xml (RunModel)" time="0.01" />
  <testcase classname="ptolemy.util.test.junit.AutoTests" name="[242] /home/travis/build/icyphy/ptII/ptolemy/actor/lib/test/auto/NilTokenNonStrictTest.xml (RunModel)" time="0.01" />
  <testcase classname="ptolemy.util.test.junit.AutoTests" name="[243] /home/travis/build/icyphy/ptII/ptolemy/actor/lib/test/auto/NilTokenRecord.xml (RunModel)" time="0.021" />
  <testcase classname="ptolemy.util.test.junit.AutoTests" name="[244] /home/travis/build/icyphy/ptII/ptolemy/actor/lib/test/auto/NilTokenTypeTest.xml (RunModel)" time="0.032" />
  <testcase classname="ptolemy.util.test.junit.AutoTests" name="[245] /home/travis/build/icyphy/ptII/ptolemy/actor/lib/test/auto/ObjectToken1.xml (RunModel)" time="0.008" />
  <testcase classname="ptolemy.util.test.junit.AutoTests" name="[246] /home/travis/build/icyphy/ptII/ptolemy/actor/lib/test/auto/OrderedMerge.xml (RunModel)" time="0.021" />
  <testcase classname="ptolemy.util.test.junit.AutoTests" name="[247] /home/travis/build/icyphy/ptII/ptolemy/actor/lib/test/auto/OrderedRecordDisassembler.xml (RunModel)" time="0.018" />
  <testcase classname="ptolemy.util.test.junit.AutoTests" name="[248] /home/travis/build/icyphy/ptII/ptolemy/actor/lib/test/auto/OrderedRecordDisassembler2.xml (RunModel)" time="0.023" />
  <testcase classname="ptolemy.util.test.junit.AutoTests" name="[249] /home/travis/build/icyphy/ptII/ptolemy/actor/lib/test/auto/OrderedRecordUpdater.xml (RunModel)" time="0.011" />
  <testcase classname="ptolemy.util.test.junit.AutoTests" name="[250] /home/travis/build/icyphy/ptII/ptolemy/actor/lib/test/auto/OrderedRecordUpdater2.xml (RunModel)" time="0.017" />
  <testcase classname="ptolemy.util.test.junit.AutoTests" name="[251] /home/travis/build/icyphy/ptII/ptolemy/actor/lib/test/auto/PhaseUnwrap.xml (RunModel)" time="0.015" />
  <testcase classname="ptolemy.util.test.junit.AutoTests" name="[252] /home/travis/build/icyphy/ptII/ptolemy/actor/lib/test/auto/PoissonClock.xml (RunModel)" time="0.01" />
  <testcase classname="ptolemy.util.test.junit.AutoTests" name="[253] /home/travis/build/icyphy/ptII/ptolemy/actor/lib/test/auto/PoissonClock2.xml (RunModel)" time="0.007" />
  <testcase classname="ptolemy.util.test.junit.AutoTests" name="[254] /home/travis/build/icyphy/ptII/ptolemy/actor/lib/test/auto/PoissonClock3.xml (RunModel)" time="0.025" />
  <testcase classname="ptolemy.util.test.junit.AutoTests" name="[255] /home/travis/build/icyphy/ptII/ptolemy/actor/lib/test/auto/PubSubWithInitialTokens.xml (RunModel)" time="0.015" />
  <testcase classname="ptolemy.util.test.junit.AutoTests" name="[256] /home/travis/build/icyphy/ptII/ptolemy/actor/lib/test/auto/PubSubWithInitialTokens2.xml (RunModel)" time="0.014" />
  <testcase classname="ptolemy.util.test.junit.AutoTests" name="[257] /home/travis/build/icyphy/ptII/ptolemy/actor/lib/test/auto/PublisherClassNoParameter.xml (RunModel)" time="0.026" />
  <testcase classname="ptolemy.util.test.junit.AutoTests" name="[258] /home/travis/build/icyphy/ptII/ptolemy/actor/lib/test/auto/PublisherClassParameter.xml (RunModel)" time="0.019" />
  <testcase classname="ptolemy.util.test.junit.AutoTests" name="[259] /home/travis/build/icyphy/ptII/ptolemy/actor/lib/test/auto/PublisherNonStrictTest.xml (RunModel)" time="0.013" />
  <testcase classname="ptolemy.util.test.junit.AutoTests" name="[260] /home/travis/build/icyphy/ptII/ptolemy/actor/lib/test/auto/PublisherPort1.xml (RunModel)" time="0.018" />
  <testcase classname="ptolemy.util.test.junit.AutoTests" name="[261] /home/travis/build/icyphy/ptII/ptolemy/actor/lib/test/auto/PublisherPort2.xml (RunModel)" time="0.015" />
  <testcase classname="ptolemy.util.test.junit.AutoTests" name="[262] /home/travis/build/icyphy/ptII/ptolemy/actor/lib/test/auto/PublisherPort3.xml (RunModel)" time="0.01" />
  <testcase classname="ptolemy.util.test.junit.AutoTests" name="[263] /home/travis/build/icyphy/ptII/ptolemy/actor/lib/test/auto/PublisherPort4.xml (RunModel)" time="0.009" />
  <testcase classname="ptolemy.util.test.junit.AutoTests" name="[264] /home/travis/build/icyphy/ptII/ptolemy/actor/lib/test/auto/PublisherPort5.xml (RunModel)" time="0.012" />
  <testcase classname="ptolemy.util.test.junit.AutoTests" name="[265] /home/travis/build/icyphy/ptII/ptolemy/actor/lib/test/auto/PublisherPort5LookAlike.xml (RunModel)" time="0.012" />
  <testcase classname="ptolemy.util.test.junit.AutoTests" name="[266] /home/travis/build/icyphy/ptII/ptolemy/actor/lib/test/auto/PublisherPort6.xml (RunModel)" time="0.01" />
  <testcase classname="ptolemy.util.test.junit.AutoTests" name="[267] /home/travis/build/icyphy/ptII/ptolemy/actor/lib/test/auto/PublisherPort7.xml (RunModel)" time="0.012" />
  <testcase classname="ptolemy.util.test.junit.AutoTests" name="[268] /home/travis/build/icyphy/ptII/ptolemy/actor/lib/test/auto/PublisherPort8.xml (RunModel)" time="0.017" />
  <testcase classname="ptolemy.util.test.junit.AutoTests" name="[269] /home/travis/build/icyphy/ptII/ptolemy/actor/lib/test/auto/PublisherPortSubscriberChannelVariablesAOC2.xml (RunModel)" time="0.033" />
  <testcase classname="ptolemy.util.test.junit.AutoTests" name="[270] /home/travis/build/icyphy/ptII/ptolemy/actor/lib/test/auto/PublisherPortSubscriberOpaqueWidthInference.xml (RunModel)" time="0.016" />
  <testcase classname="ptolemy.util.test.junit.AutoTests" name="[271] /home/travis/build/icyphy/ptII/ptolemy/actor/lib/test/auto/PublisherPortSubscriberPortAdjacent.xml (RunModel)" time="0.018" />
  <testcase classname="ptolemy.util.test.junit.AutoTests" name="[272] /home/travis/build/icyphy/ptII/ptolemy/actor/lib/test/auto/PublisherPortSubscriberPortExpression.xml (RunModel)" time="0.016" />
  <testcase classname="ptolemy.util.test.junit.AutoTests" name="[273] /home/travis/build/icyphy/ptII/ptolemy/actor/lib/test/auto/PublisherPortSubscriberPortOpaqueD3Reverse.xml (RunModel)" time="0.023" />
  <testcase classname="ptolemy.util.test.junit.AutoTests" name="[274] /home/travis/build/icyphy/ptII/ptolemy/actor/lib/test/auto/PublisherPortSubscriberPortOpaqueWidthInference.xml (RunModel)" time="0.015" />
  <testcase classname="ptolemy.util.test.junit.AutoTests" name="[275] /home/travis/build/icyphy/ptII/ptolemy/actor/lib/test/auto/PublisherPortToplevelSubscriberPortAOC.xml (RunModel)" time="0.01" />
  <testcase classname="ptolemy.util.test.junit.AutoTests" name="[276] /home/travis/build/icyphy/ptII/ptolemy/actor/lib/test/auto/PublisherSubscriber.xml (RunModel)" time="0.013" />
  <testcase classname="ptolemy.util.test.junit.AutoTests" name="[277] /home/travis/build/icyphy/ptII/ptolemy/actor/lib/test/auto/PublisherSubscriber10.xml (RunModel)" time="0.02" />
  <testcase classname="ptolemy.util.test.junit.AutoTests" name="[278] /home/travis/build/icyphy/ptII/ptolemy/actor/lib/test/auto/PublisherSubscriber10InitialOutputs.xml (RunModel)" time="0.031" />
  <testcase classname="ptolemy.util.test.junit.AutoTests" name="[279] /home/travis/build/icyphy/ptII/ptolemy/actor/lib/test/auto/PublisherSubscriber11.xml (RunModel)" time="0.022" />
  <testcase classname="ptolemy.util.test.junit.AutoTests" name="[280] /home/travis/build/icyphy/ptII/ptolemy/actor/lib/test/auto/PublisherSubscriber12.xml (RunModel)" time="0.016" />
  <testcase classname="ptolemy.util.test.junit.AutoTests" name="[281] /home/travis/build/icyphy/ptII/ptolemy/actor/lib/test/auto/PublisherSubscriber13.xml (RunModel)" time="0.013" />
  <testcase classname="ptolemy.util.test.junit.AutoTests" name="[282] /home/travis/build/icyphy/ptII/ptolemy/actor/lib/test/auto/PublisherSubscriber14.xml (RunModel)" time="0.022" />
  <testcase classname="ptolemy.util.test.junit.AutoTests" name="[283] /home/travis/build/icyphy/ptII/ptolemy/actor/lib/test/auto/PublisherSubscriber2.xml (RunModel)" time="0.009" />
  <testcase classname="ptolemy.util.test.junit.AutoTests" name="[284] /home/travis/build/icyphy/ptII/ptolemy/actor/lib/test/auto/PublisherSubscriber3.xml (RunModel)" time="0.01" />
  <testcase classname="ptolemy.util.test.junit.AutoTests" name="[285] /home/travis/build/icyphy/ptII/ptolemy/actor/lib/test/auto/PublisherSubscriber4.xml (RunModel)" time="0.009" />
  <testcase classname="ptolemy.util.test.junit.AutoTests" name="[286] /home/travis/build/icyphy/ptII/ptolemy/actor/lib/test/auto/PublisherSubscriber5.xml (RunModel)" time="0.011" />
  <testcase classname="ptolemy.util.test.junit.AutoTests" name="[287] /home/travis/build/icyphy/ptII/ptolemy/actor/lib/test/auto/PublisherSubscriber6.xml (RunModel)" time="0.019" />
  <testcase classname="ptolemy.util.test.junit.AutoTests" name="[288] /home/travis/build/icyphy/ptII/ptolemy/actor/lib/test/auto/PublisherSubscriber7.xml (RunModel)" time="0.015" />
  <testcase classname="ptolemy.util.test.junit.AutoTests" name="[289] /home/travis/build/icyphy/ptII/ptolemy/actor/lib/test/auto/PublisherSubscriber8.xml (RunModel)" time="0.037" />
  <testcase classname="ptolemy.util.test.junit.AutoTests" name="[290] /home/travis/build/icyphy/ptII/ptolemy/actor/lib/test/auto/PublisherSubscriber9.xml (RunModel)" time="0.019" />
  <testcase classname="ptolemy.util.test.junit.AutoTests" name="[291] /home/travis/build/icyphy/ptII/ptolemy/actor/lib/test/auto/PublisherSubscriberAdjacent.xml (RunModel)" time="0.018" />
  <testcase classname="ptolemy.util.test.junit.AutoTests" name="[292] /home/travis/build/icyphy/ptII/ptolemy/actor/lib/test/auto/PublisherSubscriberChannelVariablesAOC2.xml (RunModel)" time="0.038" />
  <testcase classname="ptolemy.util.test.junit.AutoTests" name="[293] /home/travis/build/icyphy/ptII/ptolemy/actor/lib/test/auto/PublisherSubscriberD3.xml (RunModel)" time="0.015" />
  <testcase classname="ptolemy.util.test.junit.AutoTests" name="[294] /home/travis/build/icyphy/ptII/ptolemy/actor/lib/test/auto/PublisherSubscriberD3Reverse.xml (RunModel)" time="0.012" />
  <testcase classname="ptolemy.util.test.junit.AutoTests" name="[295] /home/travis/build/icyphy/ptII/ptolemy/actor/lib/test/auto/PublisherSubscriberExpression.xml (RunModel)" time="0.024" />
  <testcase classname="ptolemy.util.test.junit.AutoTests" name="[296] /home/travis/build/icyphy/ptII/ptolemy/actor/lib/test/auto/PublisherSubscriberOpaque.xml (RunModel)" time="0.015" />
  <testcase classname="ptolemy.util.test.junit.AutoTests" name="[297] /home/travis/build/icyphy/ptII/ptolemy/actor/lib/test/auto/PublisherSubscriberOpaqueD3.xml (RunModel)" time="0.024" />
  <testcase classname="ptolemy.util.test.junit.AutoTests" name="[298] /home/travis/build/icyphy/ptII/ptolemy/actor/lib/test/auto/PublisherSubscriberOpaqueD3Reverse.xml (RunModel)" time="0.023" />
  <testcase classname="ptolemy.util.test.junit.AutoTests" name="[299] /home/travis/build/icyphy/ptII/ptolemy/actor/lib/test/auto/PublisherSubscriberOpaqueWidthInference.xml (RunModel)" time="0.016" />
  <testcase classname="ptolemy.util.test.junit.AutoTests" name="[300] /home/travis/build/icyphy/ptII/ptolemy/actor/lib/test/auto/PublisherTestSubscriber.xml (RunModel)" time="0.014" />
  <testcase classname="ptolemy.util.test.junit.AutoTests" name="[301] /home/travis/build/icyphy/ptII/ptolemy/actor/lib/test/auto/PublisherToplevelSubscriberPortAOC.xml (RunModel)" time="0.014" />
  <testcase classname="ptolemy.util.test.junit.AutoTests" name="[302] /home/travis/build/icyphy/ptII/ptolemy/actor/lib/test/auto/PulseFiringLimitDE.xml (RunModel)" time="0.014" />
  <testcase classname="ptolemy.util.test.junit.AutoTests" name="[303] /home/travis/build/icyphy/ptII/ptolemy/actor/lib/test/auto/Ramp1.xml (RunModel)" time="0.007" />
  <testcase classname="ptolemy.util.test.junit.AutoTests" name="[304] /home/travis/build/icyphy/ptII/ptolemy/actor/lib/test/auto/RampFiringLimitDE.xml (RunModel)" time="0.011" />
  <testcase classname="ptolemy.util.test.junit.AutoTests" name="[305] /home/travis/build/icyphy/ptII/ptolemy/actor/lib/test/auto/RampFiringLimitSDF.xml (RunModel)" time="0.01" />
  <testcase classname="ptolemy.util.test.junit.AutoTests" name="[306] /home/travis/build/icyphy/ptII/ptolemy/actor/lib/test/auto/RandomInteger.xml (RunModel)" time="0.009" />
  <testcase classname="ptolemy.util.test.junit.AutoTests" name="[307] /home/travis/build/icyphy/ptII/ptolemy/actor/lib/test/auto/ReadFile1.xml (RunModel)" time="0.007" />
  <testcase classname="ptolemy.util.test.junit.AutoTests" name="[308] /home/travis/build/icyphy/ptII/ptolemy/actor/lib/test/auto/ReadFile2.xml (RunModel)" time="0.006" />
  <testcase classname="ptolemy.util.test.junit.AutoTests" name="[309] /home/travis/build/icyphy/ptII/ptolemy/actor/lib/test/auto/Reader.xml (RunModel)" time="0.01" />
  <testcase classname="ptolemy.util.test.junit.AutoTests" name="[310] /home/travis/build/icyphy/ptII/ptolemy/actor/lib/test/auto/RecordAssemblerDisplayNameTest.xml (RunModel)" time="3.413" />
  <testcase classname="ptolemy.util.test.junit.AutoTests" name="[311] /home/travis/build/icyphy/ptII/ptolemy/actor/lib/test/auto/RecordAssemblerTypeError.xml (RunModel)" time="0.046" />
  <testcase classname="ptolemy.util.test.junit.AutoTests" name="[312] /home/travis/build/icyphy/ptII/ptolemy/actor/lib/test/auto/RecordDisassember.xml (RunModel)" time="0.014" />
  <testcase classname="ptolemy.util.test.junit.AutoTests" name="[313] /home/travis/build/icyphy/ptII/ptolemy/actor/lib/test/auto/RecordDisassemberDisplayNameTest.xml (RunModel)" time="0.023" />
  <testcase classname="ptolemy.util.test.junit.AutoTests" name="[314] /home/travis/build/icyphy/ptII/ptolemy/actor/lib/test/auto/RecordDisassembler.xml (RunModel)" time="0.009" />
  <testcase classname="ptolemy.util.test.junit.AutoTests" name="[315] /home/travis/build/icyphy/ptII/ptolemy/actor/lib/test/auto/RecordDisassembler2.xml (RunModel)" time="0.01" />
  <testcase classname="ptolemy.util.test.junit.AutoTests" name="[316] /home/travis/build/icyphy/ptII/ptolemy/actor/lib/test/auto/RecordUpdater.xml (RunModel)" time="0.01" />
  <testcase classname="ptolemy.util.test.junit.AutoTests" name="[317] /home/travis/build/icyphy/ptII/ptolemy/actor/lib/test/auto/RecordUpdater2.xml (RunModel)" time="0.008" />
  <testcase classname="ptolemy.util.test.junit.AutoTests" name="[318] /home/travis/build/icyphy/ptII/ptolemy/actor/lib/test/auto/RecursiveLattice.xml (RunModel)" time="0.008" />
  <testcase classname="ptolemy.util.test.junit.AutoTests" name="[319] /home/travis/build/icyphy/ptII/ptolemy/actor/lib/test/auto/Router.xml (RunModel)" time="3.025" />
  <testcase classname="ptolemy.util.test.junit.AutoTests" name="[320] /home/travis/build/icyphy/ptII/ptolemy/actor/lib/test/auto/Router2.xml (RunModel)" time="3.032" />
  <testcase classname="ptolemy.util.test.junit.AutoTests" name="[321] /home/travis/build/icyphy/ptII/ptolemy/actor/lib/test/auto/RunningMaximum.xml (RunModel)" time="0.019" />
  <testcase classname="ptolemy.util.test.junit.AutoTests" name="[322] /home/travis/build/icyphy/ptII/ptolemy/actor/lib/test/auto/RunningMinimum.xml (RunModel)" time="0.027" />
  <testcase classname="ptolemy.util.test.junit.AutoTests" name="[323] /home/travis/build/icyphy/ptII/ptolemy/actor/lib/test/auto/Scale.xml (RunModel)" time="0.008" />
  <testcase classname="ptolemy.util.test.junit.AutoTests" name="[324] /home/travis/build/icyphy/ptII/ptolemy/actor/lib/test/auto/Scale2.xml (RunModel)" time="0.009" />
  <testcase classname="ptolemy.util.test.junit.AutoTests" name="[325] /home/travis/build/icyphy/ptII/ptolemy/actor/lib/test/auto/Scale3.xml (RunModel)" time="0.03" />
  <testcase classname="ptolemy.util.test.junit.AutoTests" name="[326] /home/travis/build/icyphy/ptII/ptolemy/actor/lib/test/auto/ScaleArray.xml (RunModel)" time="0.011" />
  <testcase classname="ptolemy.util.test.junit.AutoTests" name="[327] /home/travis/build/icyphy/ptII/ptolemy/actor/lib/test/auto/ScaleArray2.xml (RunModel)" time="0.008" />
  <testcase classname="ptolemy.util.test.junit.AutoTests" name="[328] /home/travis/build/icyphy/ptII/ptolemy/actor/lib/test/auto/ScaleMatrix.xml (RunModel)" time="0.138" />
  <testcase classname="ptolemy.util.test.junit.AutoTests" name="[329] /home/travis/build/icyphy/ptII/ptolemy/actor/lib/test/auto/Select.xml (RunModel)" time="0.017" />
  <testcase classname="ptolemy.util.test.junit.AutoTests" name="[330] /home/travis/build/icyphy/ptII/ptolemy/actor/lib/test/auto/Select2.xml (RunModel)" time="0.008" />
  <testcase classname="ptolemy.util.test.junit.AutoTests" name="[331] /home/travis/build/icyphy/ptII/ptolemy/actor/lib/test/auto/SequenceToArray2.xml (RunModel)" time="0.136" />
  <testcase classname="ptolemy.util.test.junit.AutoTests" name="[332] /home/travis/build/icyphy/ptII/ptolemy/actor/lib/test/auto/SequentialClock.xml (RunModel)" time="0.009" />
  <testcase classname="ptolemy.util.test.junit.AutoTests" name="[333] /home/travis/build/icyphy/ptII/ptolemy/actor/lib/test/auto/SetVariable.xml (RunModel)" time="0.009" />
  <testcase classname="ptolemy.util.test.junit.AutoTests" name="[334] /home/travis/build/icyphy/ptII/ptolemy/actor/lib/test/auto/SetVariable2.xml (RunModel)" time="0.016" />
  <testcase classname="ptolemy.util.test.junit.AutoTests" name="[335] /home/travis/build/icyphy/ptII/ptolemy/actor/lib/test/auto/SetVariable3.xml (RunModel)" time="0.017" />
  <testcase classname="ptolemy.util.test.junit.AutoTests" name="[336] /home/travis/build/icyphy/ptII/ptolemy/actor/lib/test/auto/SetVariable4.xml (RunModel)" time="0.027" />
  <testcase classname="ptolemy.util.test.junit.AutoTests" name="[337] /home/travis/build/icyphy/ptII/ptolemy/actor/lib/test/auto/SetVariable5.xml (RunModel)" time="0.036" />
  <testcase classname="ptolemy.util.test.junit.AutoTests" name="[338] /home/travis/build/icyphy/ptII/ptolemy/actor/lib/test/auto/Sinewave.xml (RunModel)" time="0.041" />
  <testcase classname="ptolemy.util.test.junit.AutoTests" name="[339] /home/travis/build/icyphy/ptII/ptolemy/actor/lib/test/auto/Sinewave2.xml (RunModel)" time="0.018" />
  <testcase classname="ptolemy.util.test.junit.AutoTests" name="[340] /home/travis/build/icyphy/ptII/ptolemy/actor/lib/test/auto/Sinewave3.xml (RunModel)" time="0.022" />
  <testcase classname="ptolemy.util.test.junit.AutoTests" name="[341] /home/travis/build/icyphy/ptII/ptolemy/actor/lib/test/auto/SingleEvent.xml (RunModel)" time="0.007" />
  <testcase classname="ptolemy.util.test.junit.AutoTests" name="[342] /home/travis/build/icyphy/ptII/ptolemy/actor/lib/test/auto/Sleep.xml (RunModel)" time="6.033" />
  <testcase classname="ptolemy.util.test.junit.AutoTests" name="[343] /home/travis/build/icyphy/ptII/ptolemy/actor/lib/test/auto/SleepMultipleFire.xml (RunModel)" time="1.022" />
  <testcase classname="ptolemy.util.test.junit.AutoTests" name="[344] /home/travis/build/icyphy/ptII/ptolemy/actor/lib/test/auto/StopDE.xml (RunModel)" time="0.018" />
  <testcase classname="ptolemy.util.test.junit.AutoTests" name="[345] /home/travis/build/icyphy/ptII/ptolemy/actor/lib/test/auto/StopSDF.xml (RunModel)" time="0.012" />
  <testcase classname="ptolemy.util.test.junit.AutoTests" name="[346] /home/travis/build/icyphy/ptII/ptolemy/actor/lib/test/auto/StringConstant.xml (RunModel)" time="0.015" />
  <testcase classname="ptolemy.util.test.junit.AutoTests" name="[347] /home/travis/build/icyphy/ptII/ptolemy/actor/lib/test/auto/SubscriberPortInitialValues1.xml (RunModel)" time="0.021" />
  <testcase classname="ptolemy.util.test.junit.AutoTests" name="[348] /home/travis/build/icyphy/ptII/ptolemy/actor/lib/test/auto/SubscriberPortInitialValues13.xml (RunModel)" time="0.03" />
  <testcase classname="ptolemy.util.test.junit.AutoTests" name="[349] /home/travis/build/icyphy/ptII/ptolemy/actor/lib/test/auto/SubscriberPortInitialValues14.xml (RunModel)" time="0.015" />
  <testcase classname="ptolemy.util.test.junit.AutoTests" name="[350] /home/travis/build/icyphy/ptII/ptolemy/actor/lib/test/auto/SubscriberPortInitialValues2.xml (RunModel)" time="0.015" />
  <testcase classname="ptolemy.util.test.junit.AutoTests" name="[351] /home/travis/build/icyphy/ptII/ptolemy/actor/lib/test/auto/SubscriberPortInitialValues3.xml (RunModel)" time="0.021" />
  <testcase classname="ptolemy.util.test.junit.AutoTests" name="[352] /home/travis/build/icyphy/ptII/ptolemy/actor/lib/test/auto/SubscriptionAggregator.xml (RunModel)" time="0.01" />
  <testcase classname="ptolemy.util.test.junit.AutoTests" name="[353] /home/travis/build/icyphy/ptII/ptolemy/actor/lib/test/auto/SubscriptionAggregator2.xml (RunModel)" time="0.011" />
  <testcase classname="ptolemy.util.test.junit.AutoTests" name="[354] /home/travis/build/icyphy/ptII/ptolemy/actor/lib/test/auto/SubscriptionAggregator3.xml (RunModel)" time="0.014" />
  <testcase classname="ptolemy.util.test.junit.AutoTests" name="[355] /home/travis/build/icyphy/ptII/ptolemy/actor/lib/test/auto/SubscriptionAggregatorMultiply.xml (RunModel)" time="0.023" />
  <testcase classname="ptolemy.util.test.junit.AutoTests" name="[356] /home/travis/build/icyphy/ptII/ptolemy/actor/lib/test/auto/SubscriptionAggregatorPortMultiply1.xml (RunModel)" time="0.012" />
  <testcase classname="ptolemy.util.test.junit.AutoTests" name="[357] /home/travis/build/icyphy/ptII/ptolemy/actor/lib/test/auto/Switch.xml (RunModel)" time="0.017" />
  <testcase classname="ptolemy.util.test.junit.AutoTests" name="[358] /home/travis/build/icyphy/ptII/ptolemy/actor/lib/test/auto/Switch2.xml (RunModel)" time="0.01" />
  <testcase classname="ptolemy.util.test.junit.AutoTests" name="[359] /home/travis/build/icyphy/ptII/ptolemy/actor/lib/test/auto/SwitchDE.xml (RunModel)" time="0.012" />
  <testcase classname="ptolemy.util.test.junit.AutoTests" name="[360] /home/travis/build/icyphy/ptII/ptolemy/actor/lib/test/auto/SynchronizerDE.xml (RunModel)" time="0.022" />
  <testcase classname="ptolemy.util.test.junit.AutoTests" name="[361] /home/travis/build/icyphy/ptII/ptolemy/actor/lib/test/auto/Test.xml (RunModel)" time="0.007" />
  <testcase classname="ptolemy.util.test.junit.AutoTests" name="[362] /home/travis/build/icyphy/ptII/ptolemy/actor/lib/test/auto/TestExceptionAttribute1.xml (RunModel)" time="0.006" />
  <testcase classname="ptolemy.util.test.junit.AutoTests" name="[363] /home/travis/build/icyphy/ptII/ptolemy/actor/lib/test/auto/TestExceptionAttribute2.xml (RunModel)" time="0.009" />
  <testcase classname="ptolemy.util.test.junit.AutoTests" name="[364] /home/travis/build/icyphy/ptII/ptolemy/actor/lib/test/auto/TestExceptionAttribute3.xml (RunModel)" time="0.009" />
  <testcase classname="ptolemy.util.test.junit.AutoTests" name="[365] /home/travis/build/icyphy/ptII/ptolemy/actor/lib/test/auto/TestExceptionAttribute4.xml (RunModel)" time="0.005" />
  <testcase classname="ptolemy.util.test.junit.AutoTests" name="[366] /home/travis/build/icyphy/ptII/ptolemy/actor/lib/test/auto/TestExceptionHandler1.xml (RunModel)" time="0.007" />
  <testcase classname="ptolemy.util.test.junit.AutoTests" name="[367] /home/travis/build/icyphy/ptII/ptolemy/actor/lib/test/auto/TestExceptionHandler2.xml (RunModel)" time="0.009" />
  <testcase classname="ptolemy.util.test.junit.AutoTests" name="[368] /home/travis/build/icyphy/ptII/ptolemy/actor/lib/test/auto/TestExceptionHandler3.xml (RunModel)" time="0.005" />
  <testcase classname="ptolemy.util.test.junit.AutoTests" name="[369] /home/travis/build/icyphy/ptII/ptolemy/actor/lib/test/auto/TestExceptionHandler4.xml (RunModel)" time="0.005" />
  <testcase classname="ptolemy.util.test.junit.AutoTests" name="[370] /home/travis/build/icyphy/ptII/ptolemy/actor/lib/test/auto/TestRequireCorrectOrder.xml (RunModel)" time="0.012" />
  <testcase classname="ptolemy.util.test.junit.AutoTests" name="[371] /home/travis/build/icyphy/ptII/ptolemy/actor/lib/test/auto/TestSimple.xml (RunModel)" time="0.007" />
  <testcase classname="ptolemy.util.test.junit.AutoTests" name="[372] /home/travis/build/icyphy/ptII/ptolemy/actor/lib/test/auto/ThrowModelError.xml (RunModel)" time="0.01" />
  <testcase classname="ptolemy.util.test.junit.AutoTests" name="[373] /home/travis/build/icyphy/ptII/ptolemy/actor/lib/test/auto/TimeDelayMicrosteps.xml (RunModel)" time="0.021" />
  <testcase classname="ptolemy.util.test.junit.AutoTests" name="[374] /home/travis/build/icyphy/ptII/ptolemy/actor/lib/test/auto/TimeDelayMicrosteps2.xml (RunModel)" time="0.013" />
  <testcase classname="ptolemy.util.test.junit.AutoTests" name="[375] /home/travis/build/icyphy/ptII/ptolemy/actor/lib/test/auto/TimeDelayMicrosteps3.xml (RunModel)" time="0.01" />
  <testcase classname="ptolemy.util.test.junit.AutoTests" name="[376] /home/travis/build/icyphy/ptII/ptolemy/actor/lib/test/auto/TimeDelayVariableMicrosteps.xml (RunModel)" time="0.01" />
  <testcase classname="ptolemy.util.test.junit.AutoTests" name="[377] /home/travis/build/icyphy/ptII/ptolemy/actor/lib/test/auto/TimeGap.xml (RunModel)" time="0.021" />
  <testcase classname="ptolemy.util.test.junit.AutoTests" name="[378] /home/travis/build/icyphy/ptII/ptolemy/actor/lib/test/auto/TimeGap2.xml (RunModel)" time="0.013" />
  <testcase classname="ptolemy.util.test.junit.AutoTests" name="[379] /home/travis/build/icyphy/ptII/ptolemy/actor/lib/test/auto/TimedSinewave.xml (RunModel)" time="0.044" />
  <testcase classname="ptolemy.util.test.junit.AutoTests" name="[380] /home/travis/build/icyphy/ptII/ptolemy/actor/lib/test/auto/TimedSinewavePhase.xml (RunModel)" time="0.035" />
  <testcase classname="ptolemy.util.test.junit.AutoTests" name="[381] /home/travis/build/icyphy/ptII/ptolemy/actor/lib/test/auto/Timer.xml (RunModel)" time="0.015" />
  <testcase classname="ptolemy.util.test.junit.AutoTests" name="[382] /home/travis/build/icyphy/ptII/ptolemy/actor/lib/test/auto/TriangularDistTestModel.xml (RunModel)" time="0.015" />
  <testcase classname="ptolemy.util.test.junit.AutoTests" name="[383] /home/travis/build/icyphy/ptII/ptolemy/actor/lib/test/auto/TrigFunction.xml (RunModel)" time="0.007" />
  <testcase classname="ptolemy.util.test.junit.AutoTests" name="[384] /home/travis/build/icyphy/ptII/ptolemy/actor/lib/test/auto/TrigFunctionDE.xml (RunModel)" time="0.009" />
  <testcase classname="ptolemy.util.test.junit.AutoTests" name="[385] /home/travis/build/icyphy/ptII/ptolemy/actor/lib/test/auto/TrigFunctionInverse.xml (RunModel)" time="0.008" />
  <testcase classname="ptolemy.util.test.junit.AutoTests" name="[386] /home/travis/build/icyphy/ptII/ptolemy/actor/lib/test/auto/TrigFunctionTan.xml (RunModel)" time="0.005" />
  <testcase classname="ptolemy.util.test.junit.AutoTests" name="[387] /home/travis/build/icyphy/ptII/ptolemy/actor/lib/test/auto/TriggeredClock.xml (RunModel)" time="0.007" />
  <testcase classname="ptolemy.util.test.junit.AutoTests" name="[388] /home/travis/build/icyphy/ptII/ptolemy/actor/lib/test/auto/URLDirectoryReader.xml (RunModel)" time="0.098" />
  <testcase classname="ptolemy.util.test.junit.AutoTests" name="[389] /home/travis/build/icyphy/ptII/ptolemy/actor/lib/test/auto/URLDirectoryReader3.xml (RunModel)" time="1.276" />
  <testcase classname="ptolemy.util.test.junit.AutoTests" name="[390] /home/travis/build/icyphy/ptII/ptolemy/actor/lib/test/auto/UnaryMathFunction.xml (RunModel)" time="0.029" />
  <testcase classname="ptolemy.util.test.junit.AutoTests" name="[391] /home/travis/build/icyphy/ptII/ptolemy/actor/lib/test/auto/Uniform.xml (RunModel)" time="0.012" />
  <testcase classname="ptolemy.util.test.junit.AutoTests" name="[392] /home/travis/build/icyphy/ptII/ptolemy/actor/lib/test/auto/UnionDisassemblerTest.xml (RunModel)" time="0.02" />
  <testcase classname="ptolemy.util.test.junit.AutoTests" name="[393] /home/travis/build/icyphy/ptII/ptolemy/actor/lib/test/auto/UtilityFunctions.xml (RunModel)" time="0.007" />
  <testcase classname="ptolemy.util.test.junit.AutoTests" name="[394] /home/travis/build/icyphy/ptII/ptolemy/actor/lib/test/auto/VariableSleep.xml (RunModel)" time="0.511" />
  <testcase classname="ptolemy.util.test.junit.AutoTests" name="[395] /home/travis/build/icyphy/ptII/ptolemy/actor/lib/test/auto/VectorAssemblerDisassemblerCT.xml (RunModel)" time="0.117" />
  <testcase classname="ptolemy.util.test.junit.AutoTests" name="[396] /home/travis/build/icyphy/ptII/ptolemy/actor/lib/test/auto/VectorAssemblerDisassemblerDE.xml (RunModel)" time="0.021" />
  <testcase classname="ptolemy.util.test.junit.AutoTests" name="[397] /home/travis/build/icyphy/ptII/ptolemy/actor/lib/test/auto/VectorAssemblerDisassemblerSDF.xml (RunModel)" time="0.012" />
  <testcase classname="ptolemy.util.test.junit.AutoTests" name="[398] /home/travis/build/icyphy/ptII/ptolemy/actor/lib/test/auto/WallClockTime.xml (RunModel)" time="1.011" />
  <testcase classname="ptolemy.util.test.junit.AutoTests" name="[399] /home/travis/build/icyphy/ptII/ptolemy/actor/lib/test/auto/WidthTestWithSubscriberPublisher.xml (RunModel)" time="0.037" />
  <testcase classname="ptolemy.util.test.junit.AutoTests" name="[400] /home/travis/build/icyphy/ptII/ptolemy/actor/lib/test/auto/WidthTestWithSubscriberPublisher2.xml (RunModel)" time="0.015" />
  <testcase classname="ptolemy.util.test.junit.AutoTests" name="[401] /home/travis/build/icyphy/ptII/ptolemy/actor/lib/test/auto/WidthTestWithSubscriberPublisher3.xml (RunModel)" time="0.01" />
  <testcase classname="ptolemy.util.test.junit.AutoTests" name="[402] /home/travis/build/icyphy/ptII/ptolemy/actor/lib/test/auto/Writer.xml (RunModel)" time="0.006" />
  <testcase classname="ptolemy.util.test.junit.AutoTests" name="[403] /home/travis/build/icyphy/ptII/ptolemy/actor/lib/test/auto/array.xml (RunModel)" time="0.007" />
  <testcase classname="ptolemy.util.test.junit.AutoTests" name="[404] /home/travis/build/icyphy/ptII/ptolemy/actor/lib/test/auto/array2.xml (RunModel)" time="0.009" />
  <testcase classname="ptolemy.util.test.junit.AutoTests" name="[405] /home/travis/build/icyphy/ptII/ptolemy/actor/lib/test/auto/arrayType.xml (RunModel)" time="0.011" />
  <testcase classname="ptolemy.util.test.junit.AutoTests" name="[406] /home/travis/build/icyphy/ptII/ptolemy/actor/lib/test/auto/arrayType10.xml (RunModel)" time="0.007" />
  <testcase classname="ptolemy.util.test.junit.AutoTests" name="[407] /home/travis/build/icyphy/ptII/ptolemy/actor/lib/test/auto/arrayType11.xml (RunModel)" time="0.007" />
  <testcase classname="ptolemy.util.test.junit.AutoTests" name="[408] /home/travis/build/icyphy/ptII/ptolemy/actor/lib/test/auto/arrayType12.xml (RunModel)" time="0.008" />
  <testcase classname="ptolemy.util.test.junit.AutoTests" name="[409] /home/travis/build/icyphy/ptII/ptolemy/actor/lib/test/auto/arrayType13.xml (RunModel)" time="0.008" />
  <testcase classname="ptolemy.util.test.junit.AutoTests" name="[410] /home/travis/build/icyphy/ptII/ptolemy/actor/lib/test/auto/arrayType14.xml (RunModel)" time="0.008" />
  <testcase classname="ptolemy.util.test.junit.AutoTests" name="[411] /home/travis/build/icyphy/ptII/ptolemy/actor/lib/test/auto/arrayType15.xml (RunModel)" time="0.009" />
  <testcase classname="ptolemy.util.test.junit.AutoTests" name="[412] /home/travis/build/icyphy/ptII/ptolemy/actor/lib/test/auto/arrayType16.xml (RunModel)" time="0.008" />
  <testcase classname="ptolemy.util.test.junit.AutoTests" name="[413] /home/travis/build/icyphy/ptII/ptolemy/actor/lib/test/auto/arrayType17.xml (RunModel)" time="0.008" />
  <testcase classname="ptolemy.util.test.junit.AutoTests" name="[414] /home/travis/build/icyphy/ptII/ptolemy/actor/lib/test/auto/arrayType18.xml (RunModel)" time="0.007" />
  <testcase classname="ptolemy.util.test.junit.AutoTests" name="[415] /home/travis/build/icyphy/ptII/ptolemy/actor/lib/test/auto/arrayType19.xml (RunModel)" time="0.008" />
  <testcase classname="ptolemy.util.test.junit.AutoTests" name="[416] /home/travis/build/icyphy/ptII/ptolemy/actor/lib/test/auto/arrayType2.xml (RunModel)" time="0.009" />
  <testcase classname="ptolemy.util.test.junit.AutoTests" name="[417] /home/travis/build/icyphy/ptII/ptolemy/actor/lib/test/auto/arrayType20.xml (RunModel)" time="0.006" />
  <testcase classname="ptolemy.util.test.junit.AutoTests" name="[418] /home/travis/build/icyphy/ptII/ptolemy/actor/lib/test/auto/arrayType21.xml (RunModel)" time="0.006" />
  <testcase classname="ptolemy.util.test.junit.AutoTests" name="[419] /home/travis/build/icyphy/ptII/ptolemy/actor/lib/test/auto/arrayType22.xml (RunModel)" time="0.006" />
  <testcase classname="ptolemy.util.test.junit.AutoTests" name="[420] /home/travis/build/icyphy/ptII/ptolemy/actor/lib/test/auto/arrayType23.xml (RunModel)" time="0.034" />
  <testcase classname="ptolemy.util.test.junit.AutoTests" name="[421] /home/travis/build/icyphy/ptII/ptolemy/actor/lib/test/auto/arrayType24.xml (RunModel)" time="0.036" />
  <testcase classname="ptolemy.util.test.junit.AutoTests" name="[422] /home/travis/build/icyphy/ptII/ptolemy/actor/lib/test/auto/arrayType25.xml (RunModel)" time="0.04" />
  <testcase classname="ptolemy.util.test.junit.AutoTests" name="[423] /home/travis/build/icyphy/ptII/ptolemy/actor/lib/test/auto/arrayType26.xml (RunModel)" time="0.03" />
  <testcase classname="ptolemy.util.test.junit.AutoTests" name="[424] /home/travis/build/icyphy/ptII/ptolemy/actor/lib/test/auto/arrayType27.xml (RunModel)" time="0.05" />
  <testcase classname="ptolemy.util.test.junit.AutoTests" name="[425] /home/travis/build/icyphy/ptII/ptolemy/actor/lib/test/auto/arrayType28.xml (RunModel)" time="0.04" />
  <testcase classname="ptolemy.util.test.junit.AutoTests" name="[426] /home/travis/build/icyphy/ptII/ptolemy/actor/lib/test/auto/arrayType3.xml (RunModel)" time="0.028" />
  <testcase classname="ptolemy.util.test.junit.AutoTests" name="[427] /home/travis/build/icyphy/ptII/ptolemy/actor/lib/test/auto/arrayType4.xml (RunModel)" time="0.016" />
  <testcase classname="ptolemy.util.test.junit.AutoTests" name="[428] /home/travis/build/icyphy/ptII/ptolemy/actor/lib/test/auto/arrayType5.xml (RunModel)" time="0.008" />
  <testcase classname="ptolemy.util.test.junit.AutoTests" name="[429] /home/travis/build/icyphy/ptII/ptolemy/actor/lib/test/auto/arrayType6.xml (RunModel)" time="0.021" />
  <testcase classname="ptolemy.util.test.junit.AutoTests" name="[430] /home/travis/build/icyphy/ptII/ptolemy/actor/lib/test/auto/arrayType7.xml (RunModel)" time="0.01" />
  <testcase classname="ptolemy.util.test.junit.AutoTests" name="[431] /home/travis/build/icyphy/ptII/ptolemy/actor/lib/test/auto/arrayType8.xml (RunModel)" time="0.013" />
  <testcase classname="ptolemy.util.test.junit.AutoTests" name="[432] /home/travis/build/icyphy/ptII/ptolemy/actor/lib/test/auto/arrayType9.xml (RunModel)" time="0.008" />
  <testcase classname="ptolemy.util.test.junit.AutoTests" name="[433] /home/travis/build/icyphy/ptII/ptolemy/actor/lib/test/auto/cast.xml (RunModel)" time="0.013" />
  <testcase classname="ptolemy.util.test.junit.AutoTests" name="[434] /home/travis/build/icyphy/ptII/ptolemy/actor/lib/test/auto/compositeMultiPort.xml (RunModel)" time="0.016" />
  <testcase classname="ptolemy.util.test.junit.AutoTests" name="[435] /home/travis/build/icyphy/ptII/ptolemy/actor/lib/test/auto/expressionCastInference.xml (RunModel)" time="0.007" />
  <testcase classname="ptolemy.util.test.junit.AutoTests" name="[436] /home/travis/build/icyphy/ptII/ptolemy/actor/lib/test/auto/expressionCastInference2.xml (RunModel)" time="0.007" />
  <testcase classname="ptolemy.util.test.junit.AutoTests" name="[437] /home/travis/build/icyphy/ptII/ptolemy/actor/lib/test/auto/expressionInference.xml (RunModel)" time="0.007" />
  <testcase classname="ptolemy.util.test.junit.AutoTests" name="[438] /home/travis/build/icyphy/ptII/ptolemy/actor/lib/test/auto/expression_bug.xml (RunModel)" time="0.007" />
  <testcase classname="ptolemy.util.test.junit.AutoTests" name="[439] /home/travis/build/icyphy/ptII/ptolemy/actor/lib/test/auto/factorial.xml (RunModel)" time="0.062" />
  <testcase classname="ptolemy.util.test.junit.AutoTests" name="[440] /home/travis/build/icyphy/ptII/ptolemy/actor/lib/test/auto/filterTest1.xml (RunModel)" time="0.013" />
  <testcase classname="ptolemy.util.test.junit.AutoTests" name="[441] /home/travis/build/icyphy/ptII/ptolemy/actor/lib/test/auto/funcApplyInConst.xml (RunModel)" time="0.005" />
  <testcase classname="ptolemy.util.test.junit.AutoTests" name="[442] /home/travis/build/icyphy/ptII/ptolemy/actor/lib/test/auto/funcApplyInExpr.xml (RunModel)" time="0.005" />
  <testcase classname="ptolemy.util.test.junit.AutoTests" name="[443] /home/travis/build/icyphy/ptII/ptolemy/actor/lib/test/auto/function.xml (RunModel)" time="0.01" />
  <testcase classname="ptolemy.util.test.junit.AutoTests" name="[444] /home/travis/build/icyphy/ptII/ptolemy/actor/lib/test/auto/function2.xml (RunModel)" time="0.009" />
  <testcase classname="ptolemy.util.test.junit.AutoTests" name="[445] /home/travis/build/icyphy/ptII/ptolemy/actor/lib/test/auto/function3.xml (RunModel)" time="0.006" />
  <testcase classname="ptolemy.util.test.junit.AutoTests" name="[446] /home/travis/build/icyphy/ptII/ptolemy/actor/lib/test/auto/functionClosureTest1.xml (RunModel)" time="0.01" />
  <testcase classname="ptolemy.util.test.junit.AutoTests" name="[447] /home/travis/build/icyphy/ptII/ptolemy/actor/lib/test/auto/functionClosureTest2.xml (RunModel)" time="0.006" />
  <testcase classname="ptolemy.util.test.junit.AutoTests" name="[448] /home/travis/build/icyphy/ptII/ptolemy/actor/lib/test/auto/functionClosureTest3.xml (RunModel)" time="0.009" />
  <testcase classname="ptolemy.util.test.junit.AutoTests" name="[449] /home/travis/build/icyphy/ptII/ptolemy/actor/lib/test/auto/functionClosureTest4.xml (RunModel)" time="0.015" />
  <testcase classname="ptolemy.util.test.junit.AutoTests" name="[450] /home/travis/build/icyphy/ptII/ptolemy/actor/lib/test/auto/functionClosureTest5.xml (RunModel)" time="0.011" />
  <testcase classname="ptolemy.util.test.junit.AutoTests" name="[451] /home/travis/build/icyphy/ptII/ptolemy/actor/lib/test/auto/functionClosureTest6.xml (RunModel)" time="0.006" />
  <testcase classname="ptolemy.util.test.junit.AutoTests" name="[452] /home/travis/build/icyphy/ptII/ptolemy/actor/lib/test/auto/functionsOnArcs.xml (RunModel)" time="0.009" />
  <testcase classname="ptolemy.util.test.junit.AutoTests" name="[453] /home/travis/build/icyphy/ptII/ptolemy/actor/lib/test/auto/functionsOnArcsHOF.xml (RunModel)" time="0.014" />
  <testcase classname="ptolemy.util.test.junit.AutoTests" name="[454] /home/travis/build/icyphy/ptII/ptolemy/actor/lib/test/auto/logic.xml (RunModel)" time="0.017" />
  <testcase classname="ptolemy.util.test.junit.AutoTests" name="[455] /home/travis/build/icyphy/ptII/ptolemy/actor/lib/test/auto/matrixType.xml (RunModel)" time="0.009" />
  <testcase classname="ptolemy.util.test.junit.AutoTests" name="[456] /home/travis/build/icyphy/ptII/ptolemy/actor/lib/test/auto/matrixType10.xml (RunModel)" time="0.007" />
  <testcase classname="ptolemy.util.test.junit.AutoTests" name="[457] /home/travis/build/icyphy/ptII/ptolemy/actor/lib/test/auto/matrixType11.xml (RunModel)" time="0.007" />
  <testcase classname="ptolemy.util.test.junit.AutoTests" name="[458] /home/travis/build/icyphy/ptII/ptolemy/actor/lib/test/auto/matrixType12.xml (RunModel)" time="0.011" />
  <testcase classname="ptolemy.util.test.junit.AutoTests" name="[459] /home/travis/build/icyphy/ptII/ptolemy/actor/lib/test/auto/matrixType13.xml (RunModel)" time="0.008" />
  <testcase classname="ptolemy.util.test.junit.AutoTests" name="[460] /home/travis/build/icyphy/ptII/ptolemy/actor/lib/test/auto/matrixType14.xml (RunModel)" time="0.008" />
  <testcase classname="ptolemy.util.test.junit.AutoTests" name="[461] /home/travis/build/icyphy/ptII/ptolemy/actor/lib/test/auto/matrixType2.xml (RunModel)" time="0.008" />
  <testcase classname="ptolemy.util.test.junit.AutoTests" name="[462] /home/travis/build/icyphy/ptII/ptolemy/actor/lib/test/auto/matrixType3.xml (RunModel)" time="0.009" />
  <testcase classname="ptolemy.util.test.junit.AutoTests" name="[463] /home/travis/build/icyphy/ptII/ptolemy/actor/lib/test/auto/matrixType4.xml (RunModel)" time="0.007" />
  <testcase classname="ptolemy.util.test.junit.AutoTests" name="[464] /home/travis/build/icyphy/ptII/ptolemy/actor/lib/test/auto/matrixType5.xml (RunModel)" time="0.007" />
  <testcase classname="ptolemy.util.test.junit.AutoTests" name="[465] /home/travis/build/icyphy/ptII/ptolemy/actor/lib/test/auto/matrixType6.xml (RunModel)" time="0.007" />
  <testcase classname="ptolemy.util.test.junit.AutoTests" name="[466] /home/travis/build/icyphy/ptII/ptolemy/actor/lib/test/auto/matrixType7.xml (RunModel)" time="0.006" />
  <testcase classname="ptolemy.util.test.junit.AutoTests" name="[467] /home/travis/build/icyphy/ptII/ptolemy/actor/lib/test/auto/matrixType8.xml (RunModel)" time="0.008" />
  <testcase classname="ptolemy.util.test.junit.AutoTests" name="[468] /home/travis/build/icyphy/ptII/ptolemy/actor/lib/test/auto/matrixType9.xml (RunModel)" time="0.007" />
  <testcase classname="ptolemy.util.test.junit.AutoTests" name="[469] /home/travis/build/icyphy/ptII/ptolemy/actor/lib/test/auto/paraFunctest.xml (RunModel)" time="0.007" />
  <testcase classname="ptolemy.util.test.junit.AutoTests" name="[470] /home/travis/build/icyphy/ptII/ptolemy/actor/lib/test/auto/paraFunctest2.xml (RunModel)" time="0.012" />
  <testcase classname="ptolemy.util.test.junit.AutoTests" name="[471] /home/travis/build/icyphy/ptII/ptolemy/actor/lib/test/auto/parameterPassing.xml (RunModel)" time="0.008" />
  <testcase classname="ptolemy.util.test.junit.AutoTests" name="[472] /home/travis/build/icyphy/ptII/ptolemy/actor/lib/test/auto/record.xml (RunModel)" time="0.011" />
  <testcase classname="ptolemy.util.test.junit.AutoTests" name="[473] /home/travis/build/icyphy/ptII/ptolemy/actor/lib/test/auto/sizedarray1.xml (RunModel)" time="0.009" />
  <testcase classname="ptolemy.util.test.junit.AutoTests" name="[474] /home/travis/build/icyphy/ptII/ptolemy/actor/lib/test/auto/sizedarray2.xml (RunModel)" time="0.008" />
  <testcase classname="ptolemy.util.test.junit.AutoTests" name="[475] /home/travis/build/icyphy/ptII/ptolemy/actor/lib/test/auto/twoPublishers.xml (RunModel)" time="0.022" />
  <system-out><![CDATA[/home/travis/build/icyphy/ptII/ptolemy/actor/lib/test/AbsoluteValue.tcl
testDefs.tcl: setting time out to 9000 seconds at Mon Mar 02 07:12:37 UTC 2020
120 ms. Memory: 129024K Free: 93124K (72%)
5 ms. Memory: 129024K Free: 91076K (71%)
5 ms. Memory: 129024K Free: 90562K (70%)
13 ms. Memory: 129024K Free: 89523K (69%)
/home/travis/build/icyphy/ptII/ptolemy/actor/lib/test/AddSubtract.tcl
9 ms. Memory: 129024K Free: 87490K (68%)
5 ms. Memory: 129024K Free: 86980K (67%)
9 ms. Memory: 129024K Free: 85956K (67%)
13 ms. Memory: 129024K Free: 85427K (66%)
73 ms. Memory: 129024K Free: 82370K (64%)
12 ms. Memory: 129024K Free: 81860K (63%)
/home/travis/build/icyphy/ptII/ptolemy/actor/lib/test/Average.tcl
10 ms. Memory: 129024K Free: 79812K (62%)
14 ms. Memory: 129024K Free: 78788K (61%)
/home/travis/build/icyphy/ptII/ptolemy/actor/lib/test/Bernoulli.tcl
12 ms. Memory: 129024K Free: 77235K (60%)
1 ms. Memory: 129024K Free: 76740K (59%)
/home/travis/build/icyphy/ptII/ptolemy/actor/lib/test/Clock.tcl
preinitializing
resolving types
initializing
executing number 1
wrapping up
idle
32 ms. Memory: 129024K Free: 74178K (57%)
Completed execution with 5 iterations
preinitializing
resolving types
initializing
executing number 1
wrapping up
idle
9 ms. Memory: 129024K Free: 73154K (57%)
Completed execution with 5 iterations
preinitializing
resolving types
initializing
executing number 1
wrapping up
idle
9 ms. Memory: 129024K Free: 72644K (56%)
Completed execution with 5 iterations
/home/travis/build/icyphy/ptII/ptolemy/actor/lib/test/Commutator.tcl
12 ms. Memory: 129024K Free: 70596K (55%)
13 ms. Memory: 129024K Free: 69572K (54%)
16 ms. Memory: 129024K Free: 63938K (50%)
/home/travis/build/icyphy/ptII/ptolemy/actor/lib/test/Const.tcl
8 ms. Memory: 129024K Free: 62404K (48%)
3 ms. Memory: 129024K Free: 61890K (48%)
5 ms. Memory: 129024K Free: 61380K (48%)
2 ms. Memory: 129024K Free: 60851K (47%)
6 ms. Memory: 129024K Free: 60356K (47%)
12 ms. Memory: 129024K Free: 58818K (46%)
5 ms. Memory: 129024K Free: 57779K (45%)
3 ms. Memory: 129024K Free: 56755K (44%)
/home/travis/build/icyphy/ptII/ptolemy/actor/lib/test/CurrentTime.tcl
preinitializing
resolving types
initializing
executing number 1
wrapping up
idle
7 ms. Memory: 129024K Free: 54715K (42%)
Completed execution with 11 iterations
/home/travis/build/icyphy/ptII/ptolemy/actor/lib/test/DB.tcl
5 ms. Memory: 129024K Free: 53188K (41%)
2 ms. Memory: 129024K Free: 52674K (41%)
2 ms. Memory: 129024K Free: 52164K (40%)
/home/travis/build/icyphy/ptII/ptolemy/actor/lib/test/DiscreteRandomSource.tcl
preinitializing
resolving types
initializing
executing number 1
wrapping up
idle
7 ms. Memory: 129024K Free: 50619K (39%)
Completed execution with 4 iterations
preinitializing
resolving types
initializing
executing number 1
wrapping up
idle
3 ms. Memory: 129024K Free: 50116K (39%)
Completed execution with 4 iterations
preinitializing
resolving types
initializing
executing number 1
wrapping up
idle
8 ms. Memory: 129024K Free: 49587K (38%)
Completed execution with 4 iterations
preinitializing
resolving types
initializing
executing number 1
wrapping up
idle
5 ms. Memory: 129024K Free: 49092K (38%)
Completed execution with 4 iterations
preinitializing
resolving types
initializing
executing number 1
wrapping up
idle
11 ms. Memory: 129024K Free: 48547K (38%)
Completed execution with 4 iterations
/home/travis/build/icyphy/ptII/ptolemy/actor/lib/test/Distributor.tcl
28 ms. Memory: 129024K Free: 113624K (88%)
3 ms. Memory: 129024K Free: 113074K (88%)
StreamChangeRequest.changeExecuted(): <deleteEntity name="rec2"/> succeeded
StreamChangeRequest.changeExecuted(): <deleteRelation name="r2"/> succeeded
StreamChangeRequest.changeExecuted(): Record firings per iteration succeeded
4 ms. Memory: 129024K Free: 110574K (86%)
/home/travis/build/icyphy/ptII/ptolemy/actor/lib/test/Exit.tcl
Exit.tcl: this will print a message about Manager.exitAfterWrapup, which can be ignored.
3 ms. Memory: 129024K Free: 107473K (83%)
/home/travis/build/icyphy/ptII/ptolemy/actor/lib/test/Expression.tcl
17 ms. Memory: 129024K Free: 103858K (80%)
5 ms. Memory: 129024K Free: 103398K (80%)
3 ms. Memory: 129024K Free: 102336K (79%)
preinitializing
resolving types
initializing
executing number 1
wrapping up
idle
12 ms. Memory: 129024K Free: 101232K (78%)
Completed execution with 6 iterations
9 ms. Memory: 129024K Free: 100318K (78%)
3 ms. Memory: 129024K Free: 99280K (77%)
12 ms. Memory: 129024K Free: 98272K (76%)
5 ms. Memory: 129024K Free: 97136K (75%)
5 ms. Memory: 129024K Free: 95644K (74%)
/home/travis/build/icyphy/ptII/ptolemy/actor/lib/test/Gaussian.tcl
5 ms. Memory: 129024K Free: 94064K (73%)
sleeping 1 seconds: ...................................................................................................................................................................................................................................................................................................................................................................................................................................................................................................................................................................................................................................................................................................................................................................................................................................................................................................................................................................................................................................................................................................................................................................................................................................................................................................................................................................................................................................................................................................................................................................................................................................................................................................................................................................................................................................................................................................................................................................................................................................................................................................................................................................................................................................................................................................................................................................................................................................................................................................................................................................................................................................................................................................................................................................................................................................................................................................................................................................................................................................................................................................................................................................................................................................................................................................................................................................................................................................................................................................................................................................................................................................................................................................................................................................................................................................................................................................................................................................................................................................................................................................................................................................................................................................................................................................................................................................................................................................................................................................................................................................................................................................................................................................................................................................................................................................................................................................................................................................................................................................................................................................................................................................................................................................................................................................................................................................................................................................................................................................................................................................................................................................................................................................................................................................................................................................................................................................................................................................................................................................................................................................................................................................................................................................................................................................................................................................................................................................................................................................................................................................................................................................................................................................................................................................................................................................................................................................................................................................................................................................................................................................................................................................................................................................................................................................................................................................................................................................................................................................................................................................................................................................................................................................................................................................................................................................................................................................................................................................................................................................................................................................................................................................................................................................................................................................................................................................................................................................................................................................................................................................................................................................................................................................................................................................................................................................................................................................................................................................................................................................................................................................................................................................................................................................................................................................................................................................................................................................................................................................................................................................................................................................................................................................................................................................................................................................................................................................................................................................................................................................................................................................................................................................................................................................................................................................................................................................................................................................................................................................................................................................................................................................................................................................................................................................................................................................................................................................................................................................................................................................................................................................................................................................................................................................................................................................................................................................................................................................................................................................................................................................................................................................................................................................................................................................................................................................................................................................................................................................................................................................................................................................................................................................................................................................................................................................................................................................................................................................................................................................................................................................................................................................................................................................................................................................................................................................................................................................................................................................................................................................................................................................................................................................................................................................................................................................................................................................................................................................................................................................................................................................................................................................................................................................................................................................................................................................................................................................................................................................................................................................................................................................................................................................................................................................................................................................................................................................................................................................................................................................................................................................................................................................................................................................................................................................................................................................................................................................................................................................................................................................................................................................................................................................................................................................................................................................................................................................................................................................................................................................................................................................................................................................................................................................................................................................................................................................................................................................................................................................................................................................................................................................................................................................................................................................................................................................................................................................................................................................................................................................................................................................................................................................................................................................................................................................................................................................................................................................................................................................................................................................................................................................................................................................................................................................................................................................................................................................................................................................................................................................................................................................................................................................................................................................................................................................................................................................................................................................................................................................................................................................................................................................................................................................................................................................................................................................................................................................................................................................................................................................................................................................................................................................................................................................................................................................................................................................................................................................................................................................................................................................................................................................................................................................................................................................................................................................................................................................................................................................................................................................................................................................................................................................................................................................................................................................................................................................................................................................................................................................................................................................................................................................................................................................................................................................................................................................................................................................................................................................................................................................................................................................................................................................................................................................................................................................................................................................................................................................................................................................................................................................................................................................................................................................................................................................................................................................................................................................................................................................................................................................................................................................................................................................................................................................................................................................................................................................................................................................................................................................................................................................................................................................................................................................................................................................................................................................................................................................................................................................................................................................................................................................................................................................................................................................................................................................................................................................................................................................................................................................................................................................................................................................................................................................................................................................................................................................................................................................................................................................................................................................................................................................................................................................................................................................................................................................................................................................................................................................................................................................................................................................................................................................................................................................................................................................................................................................................................................................................................................................................................................................................................................................................................................................................................................................................................................................................................................................................................................................................................................................................................................................................................................................................................................................................................................................................................................................................................................................................................................................................................................................................................................................................................................................................................................................................................................................................................................................................................................................................................................................................................................................................................................................................................................................................................................................................................................................................................................................................................................................................................................................................................................................................................................................................................................................................................................................................................................................................................................................................................................................................................................................................................................................................................................................................................................................................................................................................................................................................................................................................................................................................................................................................................................................................................................................................................................................................................................................................................................................................................................................................................................................................................................................................................................................................................................................................................................................................................................................................................................................................................................................................................................................................................................................................................................................................................................................................................................................................................................................................................................................................................................................................................................................................................................................................................................................................................................................................................................................................................................................................................................................................................................................................................................................................................................................................................................................................................................................................................................................................................................................................................................................................................................................................................................................................................................................................................................................................................................................................................................................................................................................................................................................................................................................................................................................................................................................................................................................................................................................................................................................................................................................................................................................................................................................................................................................................................................................................................................................................................................................................................................................................................................................................................................................................................................................................................................................................................................................................................................................................................................................................................................................................................................................................................................................................................................................................................................................................................................................................................................................................................................................................................................................................................................................................................................................................................................................................................................................................................................................................................................................................................................................................................................................................................................................................................................................................................................................................................................................................................................................................................................................................................................................................................................................................................................................................................................................................................................................................................................................................................................................................................................................................................................................................................................................................................................................................................................................................................................................................................................................................................................................................................................................................................................................................................................................................................................................................................................................................................................................................................................................................................................................................................................................................................................................................................................................................................................................................................................................................................................................................3 ms. Memory: 129024K Free: 111078K (86%)
2 ms. Memory: 129024K Free: 110534K (86%)
2 ms. Memory: 129024K Free: 110054K (85%)
6 ms. Memory: 129024K Free: 109028K (85%)
3 ms. Memory: 129024K Free: 108484K (84%)
/home/travis/build/icyphy/ptII/ptolemy/actor/lib/test/IIR.tcl
/home/travis/build/icyphy/ptII/ptolemy/actor/lib/test/Interpolator.tcl
3 ms. Memory: 129024K Free: 104934K (81%)
2 ms. Memory: 129024K Free: 104406K (81%)
3 ms. Memory: 129024K Free: 103910K (81%)
1 ms. Memory: 129024K Free: 103224K (80%)
5 ms. Memory: 129024K Free: 102358K (79%)
4 ms. Memory: 129024K Free: 101348K (79%)
10 ms. Memory: 129024K Free: 100294K (78%)
2 ms. Memory: 129024K Free: 99294K (77%)
2 ms. Memory: 129024K Free: 98790K (77%)
2 ms. Memory: 129024K Free: 97766K (76%)
/home/travis/build/icyphy/ptII/ptolemy/actor/lib/test/MathFunction.tcl
5 ms. Memory: 129024K Free: 95718K (74%)
2 ms. Memory: 129024K Free: 94694K (73%)
2 ms. Memory: 129024K Free: 93670K (73%)
14 ms. Memory: 129024K Free: 92646K (72%)
10 ms. Memory: 129024K Free: 91622K (71%)
10 ms. Memory: 129024K Free: 89574K (69%)
/home/travis/build/icyphy/ptII/ptolemy/actor/lib/test/Maximum.tcl
5 ms. Memory: 129024K Free: 87526K (68%)
3 ms. Memory: 129024K Free: 87006K (67%)
5 ms. Memory: 129024K Free: 86502K (67%)
3 ms. Memory: 129024K Free: 85478K (66%)
/home/travis/build/icyphy/ptII/ptolemy/actor/lib/test/Minimum.tcl
6 ms. Memory: 129024K Free: 83940K (65%)
3 ms. Memory: 129024K Free: 83430K (65%)
3 ms. Memory: 129024K Free: 82406K (64%)
3 ms. Memory: 129024K Free: 81892K (63%)
/home/travis/build/icyphy/ptII/ptolemy/actor/lib/test/MultiplyDivide.tcl
4 ms. Memory: 129024K Free: 79844K (62%)
8 ms. Memory: 129024K Free: 79334K (61%)
3 ms. Memory: 129024K Free: 78310K (61%)
3 ms. Memory: 129024K Free: 77766K (60%)
3 ms. Memory: 129024K Free: 77286K (60%)
/home/travis/build/icyphy/ptII/ptolemy/actor/lib/test/OrderedMerge.tcl
Connections changed on port: inputA
Connections changed on port: inputB
Connections changed on port: output
Connections changed on port: output
Connections changed on port: output
Connections changed on port: input
.top. Preinitializing ...
Invoking preinitialize():  .top.OrderedMerge
Called preinitialize()
Invoking preinitialize():  .top.Ramp
Called preinitialize()
Invoking preinitialize():  .top.Ramp2
Called preinitialize()
Invoking preinitialize():  .top.Test
Called preinitialize()
Connections changed on port: inputA
Connections changed on port: output
Connections changed on port: output
Connections changed on port: input
Connections changed on port: inputB
Connections changed on port: output
.top. Finished preinitialize().
Called initialize().
Invoking initialize():  .top.OrderedMerge
Initializing actor: .top.OrderedMerge
Adding a thread: .top.OrderedMerge
Invoking initialize():  .top.Ramp
Initializing actor: .top.Ramp
Adding a thread: .top.Ramp
Invoking initialize():  .top.Ramp2
Initializing actor: .top.Ramp2
Adding a thread: .top.Ramp2
Invoking initialize():  .top.Test
Initializing actor: .top.Test
Adding a thread: .top.Test
Called fire().
Checking for deadlock:
-- Starting thread.
Called initialize()
Called prefire()
Called fire()
-- Starting thread.
-- Starting thread.
Called initialize()
Called initialize()
Called prefire()
Called fire()
Called prefire()
Called fire()
There are 0 Blocked actors, 0 Stopped actors, and 4 active threads.
Waiting for actors to stop.
-- Starting thread.
Called initialize()
Called postfire()
Called prefire()
Called prefire()
Called fire()
Called fire()
Called postfire()
Called prefire()
Called fire()
Called postfire()
Called prefire()
Called fire()
Read input token from inputA with value 0.0
Next port to read input from is inputB
Called postfire()
Called prefire()
Called fire()
Read input token from inputB with value 0.0
Sent output token with value 0.0
Next port to read input from is inputA
Called postfire()
Called prefire()
Called fire()
Read input token from inputA with value 1.0
Checking for deadlock:
There are 1 Blocked actors, 0 Stopped actors, and 4 active threads.
Waiting for actors to stop.
Called postfire()
Called prefire()
Called fire()
Called postfire()
Called prefire()
Called fire()
Checking for deadlock:
There are 2 Blocked actors, 0 Stopped actors, and 4 active threads.
Waiting for actors to stop.
Sent output token with value 0.0
Next port to read input from is inputB
Called postfire()
Called prefire()
Called fire()
Called postfire()
Called prefire()
Called fire()
Checking for deadlock:
There are 2 Blocked actors, 0 Stopped actors, and 4 active threads.
Waiting for actors to stop.
-- Read input: 0.0, which is expected to match: 0.0
Read input token from inputB with value 1.5
Called prefire()
Called fire()
Checking for deadlock:
There are 3 Blocked actors, 0 Stopped actors, and 4 active threads.
Waiting for actors to stop.
-- Read input: 0.0, which is expected to match: 0.0
Sent output token with value 1.0
Called prefire()
Called fire()
Next port to read input from is inputA
Called postfire()
Called prefire()
Called fire()
-- Read input: 1.0, which is expected to match: 1.0
Called prefire()
Called fire()
Checking for deadlock:
There are 1 Blocked actors, 0 Stopped actors, and 4 active threads.
Waiting for actors to stop.
Called postfire()
Called prefire()
Called fire()
Checking for deadlock:
There are 2 Blocked actors, 0 Stopped actors, and 4 active threads.
Waiting for actors to stop.
Read input token from inputA with value 2.0
Sent output token with value 1.5
Next port to read input from is inputB
Called postfire()
Called prefire()
Called fire()
Read input token from inputB with value 3.0
-- Read input: 1.5, which is expected to match: 1.5
Sent output token with value 2.0
Called prefire()
Called fire()
Next port to read input from is inputA
Called postfire()
Called prefire()
Called fire()
Checking for deadlock:
There are 1 Blocked actors, 0 Stopped actors, and 4 active threads.
Waiting for actors to stop.
Called postfire()
Called prefire()
Called fire()
Checking for deadlock:
There are 2 Blocked actors, 0 Stopped actors, and 4 active threads.
Waiting for actors to stop.
Read input token from inputA with value 3.0
-- Read input: 2.0, which is expected to match: 2.0
Checking for deadlock:
There are 1 Blocked actors, 0 Stopped actors, and 4 active threads.
Waiting for actors to stop.
Called postfire()
Called prefire()
Called fire()
Checking for deadlock:
There are 2 Blocked actors, 0 Stopped actors, and 4 active threads.
Waiting for actors to stop.
Sent output token with value 3.0
Called prefire()
Called fire()
Next port to read input from is inputB
Called postfire()
Called prefire()
Called fire()
-- Read input: 3.0, which is expected to match: 3.0
Called prefire()
Called fire()
Checking for deadlock:
There are 1 Blocked actors, 0 Stopped actors, and 4 active threads.
Waiting for actors to stop.
Called postfire()
Called prefire()
Called fire()
Checking for deadlock:
There are 3 Blocked actors, 0 Stopped actors, and 4 active threads.
Waiting for actors to stop.
Read input token from inputB with value 4.5
Checking for deadlock:
There are 2 Blocked actors, 0 Stopped actors, and 4 active threads.
Waiting for actors to stop.
Sent output token with value 3.0
-- Read input: 3.0, which is expected to match: 3.0
Called prefire()
Called fire()
Next port to read input from is inputA
Called postfire()
Called prefire()
Called fire()
Checking for deadlock:
There are 3 Blocked actors, 0 Stopped actors, and 4 active threads.
Waiting for actors to stop.
Read input token from inputA with value 4.0
Sent output token with value 4.0
Next port to read input from is inputA
Called postfire()
Called prefire()
Called fire()
Checking for deadlock:
There are 2 Blocked actors, 0 Stopped actors, and 4 active threads.
Waiting for actors to stop.
Called postfire()
Called prefire()
Called fire()
Checking for deadlock:
There are 2 Blocked actors, 0 Stopped actors, and 4 active threads.
Waiting for actors to stop.
Checking for deadlock:
There are 1 Blocked actors, 0 Stopped actors, and 4 active threads.
Waiting for actors to stop.
-- Read input: 4.0, which is expected to match: 4.0
Called postfire()
Called prefire()
Called prefire()
Called fire()
Called fire()
Past the end of training data. Read and discard all inputs.
Checking for deadlock:
There are 3 Blocked actors, 0 Stopped actors, and 4 active threads.
Waiting for actors to stop.
Read input token from inputA with value 5.0
Called prefire()
Called fire()
Checking for deadlock:
Past the end of training data. Read and discard all inputs.
There are 2 Blocked actors, 0 Stopped actors, and 4 active threads.
Waiting for actors to stop.
Checking for deadlock:
There are 3 Blocked actors, 0 Stopped actors, and 4 active threads.
Waiting for actors to stop.
Sent output token with value 4.5
Next port to read input from is inputB
Called postfire()
Called prefire()
Called fire()
Checking for deadlock:
There are 2 Blocked actors, 0 Stopped actors, and 4 active threads.
Waiting for actors to stop.
Called postfire()
Called prefire()
Called fire()
Checking for deadlock:
There are 3 Blocked actors, 0 Stopped actors, and 4 active threads.
Waiting for actors to stop.
Read input token from inputB with value 6.0
Called prefire()
Checking for deadlock:
Called fire()
There are 2 Blocked actors, 0 Stopped actors, and 4 active threads.
Past the end of training data. Read and discard all inputs.
Waiting for actors to stop.
Checking for deadlock:
There are 3 Blocked actors, 0 Stopped actors, and 4 active threads.
Waiting for actors to stop.
Sent output token with value 5.0
Next port to read input from is inputA
Called postfire()
Called prefire()
Called fire()
Called postfire()
Called prefire()
Called fire()
Checking for deadlock:
There are 3 Blocked actors, 0 Stopped actors, and 4 active threads.
Waiting for actors to stop.
Read input token from inputA with value 6.0
Checking for deadlock:
Called prefire()
There are 2 Blocked actors, 0 Stopped actors, and 4 active threads.
Called fire()
Waiting for actors to stop.
Past the end of training data. Read and discard all inputs.
Checking for deadlock:
There are 3 Blocked actors, 0 Stopped actors, and 4 active threads.
Waiting for actors to stop.
Sent output token with value 6.0
Next port to read input from is inputB
Called postfire()
Called prefire()
Called fire()
Called postfire()
Called prefire()
Called fire()
Checking for deadlock:
There are 3 Blocked actors, 0 Stopped actors, and 4 active threads.
Waiting for actors to stop.
Read input token from inputB with value 7.5
Checking for deadlock:
Called prefire()
Called fire()
There are 2 Blocked actors, 0 Stopped actors, and 4 active threads.
Past the end of training data. Read and discard all inputs.
Waiting for actors to stop.
Checking for deadlock:
There are 3 Blocked actors, 0 Stopped actors, and 4 active threads.
Waiting for actors to stop.
Sent output token with value 6.0
Next port to read input from is inputA
Called postfire()
Called prefire()
Called fire()
Called postfire()
Called prefire()
Called fire()
Checking for deadlock:
There are 3 Blocked actors, 0 Stopped actors, and 4 active threads.
Waiting for actors to stop.
Read input token from inputA with value 7.0
Checking for deadlock:
There are 2 Blocked actors, 0 Stopped actors, and 4 active threads.
Called prefire()
Called fire()
Waiting for actors to stop.
Past the end of training data. Read and discard all inputs.
Checking for deadlock:
There are 3 Blocked actors, 0 Stopped actors, and 4 active threads.
Waiting for actors to stop.
Sent output token with value 7.0
Next port to read input from is inputA
Called postfire()
Called prefire()
Called fire()
Checking for deadlock:
There are 2 Blocked actors, 0 Stopped actors, and 4 active threads.
Waiting for actors to stop.
-- Thread wrapup() called.
Called wrapup()
Thread .top.Ramp is exiting.
-- Thread stopped.
Checking for deadlock:
There are 2 Blocked actors, 0 Stopped actors, and 3 active threads.
Waiting for actors to stop.
Read input token from inputA with value 8.0
Checking for deadlock:
Called prefire()
Called fire()
There are 1 Blocked actors, 0 Stopped actors, and 3 active threads.
Waiting for actors to stop.
Past the end of training data. Read and discard all inputs.
Checking for deadlock:
There are 2 Blocked actors, 0 Stopped actors, and 3 active threads.
Waiting for actors to stop.
Sent output token with value 7.5
Next port to read input from is inputB
Called postfire()
Called prefire()
Called fire()
Checking for deadlock:
There are 1 Blocked actors, 0 Stopped actors, and 3 active threads.
Waiting for actors to stop.
Called postfire()
Called prefire()
Called fire()
Checking for deadlock:
There are 2 Blocked actors, 0 Stopped actors, and 3 active threads.
Waiting for actors to stop.
Read input token from inputB with value 9.0
Checking for deadlock:
There are 1 Blocked actors, 0 Stopped actors, and 3 active threads.
Called prefire()
Called fire()
Waiting for actors to stop.
Past the end of training data. Read and discard all inputs.
Sent output token with value 8.0
Checking for deadlock:
There are 2 Blocked actors, 0 Stopped actors, and 3 active threads.
Waiting for actors to stop.
Next port to read input from is inputA
Called postfire()
Called prefire()
Called fire()
Read input token from inputA with value 9.0
Checking for deadlock:
There are 1 Blocked actors, 0 Stopped actors, and 3 active threads.
Called prefire()
Called fire()
Waiting for actors to stop.
Past the end of training data. Read and discard all inputs.
Sent output token with value 9.0
Checking for deadlock:
There are 2 Blocked actors, 0 Stopped actors, and 3 active threads.
Waiting for actors to stop.
Next port to read input from is inputB
Called postfire()
Called prefire()
Called fire()
Called postfire()
Called prefire()
Called fire()
Checking for deadlock:
There are 2 Blocked actors, 0 Stopped actors, and 3 active threads.
Waiting for actors to stop.
Read input token from inputB with value 10.5
Called prefire()
Called fire()
Past the end of training data. Read and discard all inputs.
Checking for deadlock:
There are 2 Blocked actors, 0 Stopped actors, and 3 active threads.
Waiting for actors to stop.
Sent output token with value 9.0
Next port to read input from is inputA
Called postfire()
Called prefire()
Called fire()
Checking for deadlock:
There are 3 Blocked actors, 0 Stopped actors, and 3 active threads.
Actors have stopped.
Checking for deadlock:
There are 3 Blocked actors, 0 Stopped actors, and 3 active threads.
Deadlock detected.
Resolving Deadlock
Checking for deadlock:
There are 3 Blocked actors, 0 Stopped actors, and 3 active threads.
Artificial Deadlock - increasing queue capacity.
increasing the capacity of receiver ptolemy.actor.TypedIOPort {.top.OrderedMerge.inputB} to 2
Director: Called postfire().
Called postfire().
_stopRequested = false
_stopFireRequested = false
Returning from postfire(): true
Called fire().
Checking for deadlock:
There are 2 Blocked actors, 0 Stopped actors, and 3 active threads.
Waiting for actors to stop.
-- Thread wrapup() called.
Called wrapup()
Thread .top.Ramp2 is exiting.
-- Thread stopped.
Checking for deadlock:
There are 2 Blocked actors, 0 Stopped actors, and 2 active threads.
Actors have stopped.
Checking for deadlock:
There are 2 Blocked actors, 0 Stopped actors, and 2 active threads.
Deadlock detected.
Resolving Deadlock
Checking for deadlock:
There are 2 Blocked actors, 0 Stopped actors, and 2 active threads.
Deadlock detected: no processes blocked on write, but some are blocked on read.
Called postfire().
_stopRequested = false
_stopFireRequested = false
Returning from postfire(): false
Finished deactivating branches.
Called wrapup().
-- Thread wrapup() called.
Called wrapup()
Thread .top.Test is exiting.
-- Thread stopped.
-- Blocked Receiver call threw TerminateProcessException.
-- Thread wrapup() called.
Called wrapup()
Thread .top.OrderedMerge is exiting.
-- Thread stopped.
-- Blocked Receiver call threw TerminateProcessException.
49 ms. Memory: 129024K Free: 72166K (56%)
.top. Preinitializing ...
Invoking preinitialize():  .top.OrderedMerge
Called preinitialize()
Invoking preinitialize():  .top.Ramp
Called preinitialize()
Invoking preinitialize():  .top.Ramp2
Called preinitialize()
Invoking preinitialize():  .top.Test
Called preinitialize()
.top. Finished preinitialize().
Called initialize().
Invoking initialize():  .top.OrderedMerge
Initializing actor: .top.OrderedMerge
Adding a thread: .top.OrderedMerge
Invoking initialize():  .top.Ramp
Initializing actor: .top.Ramp
Adding a thread: .top.Ramp
Invoking initialize():  .top.Ramp2
Initializing actor: .top.Ramp2
Adding a thread: .top.Ramp2
Invoking initialize():  .top.Test
Initializing actor: .top.Test
Adding a thread: .top.Test
-- Starting thread.
Called initialize()
Called prefire()
Called fire()
-- Starting thread.
Called initialize()
Called prefire()
Called fire()
Called postfire()
Called prefire()
Called fire()
-- Starting thread.
Called initialize()
Called prefire()
Called fire()
Called postfire()
Called prefire()
Called fire()
Called fire().
Checking for deadlock:
There are 3 Blocked actors, 0 Stopped actors, and 4 active threads.
Waiting for actors to stop.
-- Starting thread.
Called initialize()
Called prefire()
Called fire()
Checking for deadlock:
There are 2 Blocked actors, 0 Stopped actors, and 4 active threads.
Waiting for actors to stop.
Called postfire()
Called prefire()
Called fire()
Checking for deadlock:
There are 3 Blocked actors, 0 Stopped actors, and 4 active threads.
Waiting for actors to stop.
Read input token from inputA with value 0.0
Next port to read input from is inputB
Called postfire()
Called prefire()
Called fire()
Called postfire()
Called prefire()
Called fire()
Checking for deadlock:
There are 3 Blocked actors, 0 Stopped actors, and 4 active threads.
Waiting for actors to stop.
Read input token from inputB with value 0.0
Checking for deadlock:
There are 2 Blocked actors, 0 Stopped actors, and 4 active threads.
Waiting for actors to stop.
-- Read input: 0.0, which is expected to match: 0.0
Called prefire()
Called fire()
Checking for deadlock:
There are 3 Blocked actors, 0 Stopped actors, and 4 active threads.
Waiting for actors to stop.
Sent output token with value 0.0
Next port to read input from is inputA
Called postfire()
Called prefire()
Called fire()
Checking for deadlock:
There are 2 Blocked actors, 0 Stopped actors, and 4 active threads.
Waiting for actors to stop.
Called postfire()
Called prefire()
Called fire()
Checking for deadlock:
There are 3 Blocked actors, 0 Stopped actors, and 4 active threads.
Waiting for actors to stop.
Read input token from inputA with value 1.0
Checking for deadlock:
There are 2 Blocked actors, 0 Stopped actors, and 4 active threads.
Waiting for actors to stop.
-- Read input: 0.0, which is expected to match: 0.0
Called prefire()
Called fire()
Checking for deadlock:
There are 3 Blocked actors, 0 Stopped actors, and 4 active threads.
Waiting for actors to stop.
Sent output token with value 0.0
Next port to read input from is inputB
Called postfire()
Called prefire()
Called fire()
Called postfire()
Called prefire()
Called fire()
Checking for deadlock:
There are 3 Blocked actors, 0 Stopped actors, and 4 active threads.
Waiting for actors to stop.
Read input token from inputB with value 1.5
-- Read input: 1.0, which is expected to match: 1.0
Called prefire()
Called fire()
Checking for deadlock:
There are 3 Blocked actors, 0 Stopped actors, and 4 active threads.
Waiting for actors to stop.
Sent output token with value 1.0
Next port to read input from is inputA
Called postfire()
Called prefire()
Called fire()
Checking for deadlock:
There are 2 Blocked actors, 0 Stopped actors, and 4 active threads.
Waiting for actors to stop.
Called postfire()
Called prefire()
Called fire()
Checking for deadlock:
There are 3 Blocked actors, 0 Stopped actors, and 4 active threads.
Waiting for actors to stop.
Read input token from inputA with value 2.0
Checking for deadlock:
There are 2 Blocked actors, 0 Stopped actors, and 4 active threads.
Waiting for actors to stop.
-- Read input: 1.5, which is expected to match: 1.5
Called prefire()
Called fire()
Checking for deadlock:
There are 3 Blocked actors, 0 Stopped actors, and 4 active threads.
Waiting for actors to stop.
Sent output token with value 1.5
Next port to read input from is inputB
Called postfire()
Called prefire()
Called fire()
Checking for deadlock:
There are 2 Blocked actors, 0 Stopped actors, and 4 active threads.
Waiting for actors to stop.
Called postfire()
Called prefire()
Called fire()
Checking for deadlock:
There are 3 Blocked actors, 0 Stopped actors, and 4 active threads.
Waiting for actors to stop.
Read input token from inputB with value 3.0
Checking for deadlock:
There are 2 Blocked actors, 0 Stopped actors, and 4 active threads.
Waiting for actors to stop.
-- Read input: 2.0, which is expected to match: 2.0
Called prefire()
Called fire()
Checking for deadlock:
There are 3 Blocked actors, 0 Stopped actors, and 4 active threads.
Waiting for actors to stop.
Sent output token with value 2.0
Next port to read input from is inputA
Called postfire()
Called prefire()
Called fire()
Checking for deadlock:
There are 2 Blocked actors, 0 Stopped actors, and 4 active threads.
Waiting for actors to stop.
Called postfire()
Called prefire()
Called fire()
Checking for deadlock:
There are 3 Blocked actors, 0 Stopped actors, and 4 active threads.
Waiting for actors to stop.
Read input token from inputA with value 3.0
Checking for deadlock:
There are 2 Blocked actors, 0 Stopped actors, and 4 active threads.
Waiting for actors to stop.
-- Read input: 3.0, which is expected to match: 3.0
Called prefire()
Called fire()
Checking for deadlock:
There are 3 Blocked actors, 0 Stopped actors, and 4 active threads.
Waiting for actors to stop.
Sent output token with value 3.0
Next port to read input from is inputB
Called postfire()
Called prefire()
Called fire()
Called postfire()
Called prefire()
Called fire()
Checking for deadlock:
There are 3 Blocked actors, 0 Stopped actors, and 4 active threads.
Waiting for actors to stop.
Read input token from inputB with value 4.5
-- Read input: 3.0, which is expected to match: 3.0
Called prefire()
Called fire()
Checking for deadlock:
There are 3 Blocked actors, 0 Stopped actors, and 4 active threads.
Waiting for actors to stop.
Sent output token with value 3.0
Next port to read input from is inputA
Called postfire()
Called prefire()
Called fire()
Checking for deadlock:
There are 2 Blocked actors, 0 Stopped actors, and 4 active threads.
Waiting for actors to stop.
Called postfire()
Called prefire()
Called fire()
Checking for deadlock:
There are 3 Blocked actors, 0 Stopped actors, and 4 active threads.
Waiting for actors to stop.
Read input token from inputA with value 4.0
Checking for deadlock:
There are 2 Blocked actors, 0 Stopped actors, and 4 active threads.
Waiting for actors to stop.
-- Read input: 4.0, which is expected to match: 4.0
Called prefire()
Called fire()
Past the end of training data. Read and discard all inputs.
Checking for deadlock:
There are 3 Blocked actors, 0 Stopped actors, and 4 active threads.
Waiting for actors to stop.
Sent output token with value 4.0
Next port to read input from is inputA
Called postfire()
Called prefire()
Called fire()
Checking for deadlock:
There are 2 Blocked actors, 0 Stopped actors, and 4 active threads.
Waiting for actors to stop.
Called postfire()
Called prefire()
Called fire()
Checking for deadlock:
There are 3 Blocked actors, 0 Stopped actors, and 4 active threads.
Waiting for actors to stop.
Read input token from inputA with value 5.0
Checking for deadlock:
There are 2 Blocked actors, 0 Stopped actors, and 4 active threads.
Waiting for actors to stop.
Called prefire()
Called fire()
Past the end of training data. Read and discard all inputs.
Checking for deadlock:
There are 3 Blocked actors, 0 Stopped actors, and 4 active threads.
Waiting for actors to stop.
Sent output token with value 4.5
Next port to read input from is inputB
Called postfire()
Called prefire()
Called fire()
Called postfire()
Called prefire()
Called fire()
Checking for deadlock:
There are 3 Blocked actors, 0 Stopped actors, and 4 active threads.
Waiting for actors to stop.
Read input token from inputB with value 6.0
Called prefire()
Called fire()
Past the end of training data. Read and discard all inputs.
Checking for deadlock:
There are 3 Blocked actors, 0 Stopped actors, and 4 active threads.
Waiting for actors to stop.
Sent output token with value 5.0
Next port to read input from is inputA
Called postfire()
Called prefire()
Called fire()
Called postfire()
Called prefire()
Called fire()
Checking for deadlock:
There are 3 Blocked actors, 0 Stopped actors, and 4 active threads.
Waiting for actors to stop.
Read input token from inputA with value 6.0
Called prefire()
Called fire()
Past the end of training data. Read and discard all inputs.
Checking for deadlock:
There are 3 Blocked actors, 0 Stopped actors, and 4 active threads.
Waiting for actors to stop.
Sent output token with value 6.0
Next port to read input from is inputB
Called postfire()
Called prefire()
Called fire()
Called postfire()
Called prefire()
Called fire()
Checking for deadlock:
There are 3 Blocked actors, 0 Stopped actors, and 4 active threads.
Waiting for actors to stop.
Read input token from inputB with value 7.5
Called prefire()
Called fire()
Past the end of training data. Read and discard all inputs.
Checking for deadlock:
There are 3 Blocked actors, 0 Stopped actors, and 4 active threads.
Waiting for actors to stop.
Sent output token with value 6.0
Next port to read input from is inputA
Called postfire()
Called prefire()
Called fire()
Checking for deadlock:
There are 2 Blocked actors, 0 Stopped actors, and 4 active threads.
Waiting for actors to stop.
Called postfire()
Called prefire()
Called fire()
Checking for deadlock:
There are 3 Blocked actors, 0 Stopped actors, and 4 active threads.
Waiting for actors to stop.
Read input token from inputA with value 7.0
Checking for deadlock:
There are 2 Blocked actors, 0 Stopped actors, and 4 active threads.
Waiting for actors to stop.
Called prefire()
Called fire()
Past the end of training data. Read and discard all inputs.
Checking for deadlock:
There are 3 Blocked actors, 0 Stopped actors, and 4 active threads.
Waiting for actors to stop.
Sent output token with value 7.0
Next port to read input from is inputA
Called postfire()
Called prefire()
Called fire()
Checking for deadlock:
There are 2 Blocked actors, 0 Stopped actors, and 4 active threads.
Waiting for actors to stop.
-- Thread wrapup() called.
Called wrapup()
Thread .top.Ramp is exiting.
-- Thread stopped.
Checking for deadlock:
There are 2 Blocked actors, 0 Stopped actors, and 3 active threads.
Waiting for actors to stop.
Read input token from inputA with value 8.0
Called prefire()
Called fire()
Past the end of training data. Read and discard all inputs.
Checking for deadlock:
There are 2 Blocked actors, 0 Stopped actors, and 3 active threads.
Waiting for actors to stop.
Sent output token with value 7.5
Next port to read input from is inputB
Called postfire()
Called prefire()
Called fire()
Checking for deadlock:
There are 1 Blocked actors, 0 Stopped actors, and 3 active threads.
Waiting for actors to stop.
Called postfire()
Called prefire()
Called fire()
Checking for deadlock:
There are 2 Blocked actors, 0 Stopped actors, and 3 active threads.
Waiting for actors to stop.
Read input token from inputB with value 9.0
Checking for deadlock:
There are 1 Blocked actors, 0 Stopped actors, and 3 active threads.
Waiting for actors to stop.
Called prefire()
Called fire()
Past the end of training data. Read and discard all inputs.
Checking for deadlock:
There are 2 Blocked actors, 0 Stopped actors, and 3 active threads.
Waiting for actors to stop.
Sent output token with value 8.0
Next port to read input from is inputA
Called postfire()
Called prefire()
Called fire()
Read input token from inputA with value 9.0
Called prefire()
Called fire()
Past the end of training data. Read and discard all inputs.
Checking for deadlock:
There are 2 Blocked actors, 0 Stopped actors, and 3 active threads.
Waiting for actors to stop.
Sent output token with value 9.0
Next port to read input from is inputB
Called postfire()
Called prefire()
Called fire()
Called postfire()
Called prefire()
Called fire()
Checking for deadlock:
There are 2 Blocked actors, 0 Stopped actors, and 3 active threads.
Waiting for actors to stop.
Read input token from inputB with value 10.5
Called prefire()
Called fire()
Past the end of training data. Read and discard all inputs.
Checking for deadlock:
There are 2 Blocked actors, 0 Stopped actors, and 3 active threads.
Waiting for actors to stop.
Sent output token with value 9.0
Next port to read input from is inputA
Called postfire()
Called prefire()
Called fire()
Checking for deadlock:
There are 3 Blocked actors, 0 Stopped actors, and 3 active threads.
Actors have stopped.
Checking for deadlock:
There are 3 Blocked actors, 0 Stopped actors, and 3 active threads.
Deadlock detected.
Resolving Deadlock
Checking for deadlock:
There are 3 Blocked actors, 0 Stopped actors, and 3 active threads.
Artificial Deadlock - increasing queue capacity.
increasing the capacity of receiver ptolemy.actor.TypedIOPort {.top.OrderedMerge.inputB} to 2
Director: Called postfire().
Called postfire().
_stopRequested = false
_stopFireRequested = false
Returning from postfire(): true
Called fire().
Checking for deadlock:
There are 2 Blocked actors, 0 Stopped actors, and 3 active threads.
Waiting for actors to stop.
-- Thread wrapup() called.
Called wrapup()
Thread .top.Ramp2 is exiting.
-- Thread stopped.
Checking for deadlock:
There are 2 Blocked actors, 0 Stopped actors, and 2 active threads.
Actors have stopped.
Checking for deadlock:
There are 2 Blocked actors, 0 Stopped actors, and 2 active threads.
Deadlock detected.
Resolving Deadlock
Checking for deadlock:
There are 2 Blocked actors, 0 Stopped actors, and 2 active threads.
Deadlock detected: no processes blocked on write, but some are blocked on read.
Called postfire().
_stopRequested = false
_stopFireRequested = false
Returning from postfire(): false
Finished deactivating branches.
Called wrapup().
-- Thread wrapup() called.
Called wrapup()
-- Thread wrapup() called.
Called wrapup()
Thread .top.OrderedMerge is exiting.
-- Thread stopped.
-- Blocked Receiver call threw TerminateProcessException.
Thread .top.Test is exiting.
-- Thread stopped.
-- Blocked Receiver call threw TerminateProcessException.
40 ms. Memory: 129024K Free: 69604K (54%)
/home/travis/build/icyphy/ptII/ptolemy/actor/lib/test/Publisher.tcl
7 ms. Memory: 129024K Free: 63454K (49%)
5 ms. Memory: 129024K Free: 58334K (45%)
9 ms. Memory: 129024K Free: 54758K (42%)
5 ms. Memory: 129024K Free: 53734K (42%)
4 ms. Memory: 129024K Free: 52710K (41%)
17 ms. Memory: 129024K Free: 52182K (40%)
7 ms. Memory: 129024K Free: 112547K (87%)
5 ms. Memory: 129024K Free: 111509K (86%)
26 ms. Memory: 129024K Free: 106187K (82%)
11 ms. Memory: 129024K Free: 102605K (80%)
2 ms. Memory: 129024K Free: 101581K (79%)
3 ms. Memory: 129024K Free: 99533K (77%)
6 ms. Memory: 129024K Free: 91845K (71%)
5 ms. Memory: 129024K Free: 82635K (64%)
9 ms. Memory: 129024K Free: 71371K (55%)
/home/travis/build/icyphy/ptII/ptolemy/actor/lib/test/Pulse.tcl
4 ms. Memory: 155648K Free: 111093K (71%)
9 ms. Memory: 155648K Free: 110579K (71%)
2 ms. Memory: 155648K Free: 110069K (71%)
1 ms. Memory: 155648K Free: 109555K (70%)
1 ms. Memory: 155648K Free: 109045K (70%)
11 ms. Memory: 155648K Free: 107507K (69%)
8 ms. Memory: 155648K Free: 106409K (68%)
4 ms. Memory: 155648K Free: 105973K (68%)
1 ms. Memory: 155648K Free: 104949K (67%)
/home/travis/build/icyphy/ptII/ptolemy/actor/lib/test/Ramp.tcl
5 ms. Memory: 155648K Free: 103411K (66%)
3 ms. Memory: 155648K Free: 102373K (66%)
3 ms. Memory: 155648K Free: 101877K (65%)
2 ms. Memory: 155648K Free: 100853K (65%)
5 ms. Memory: 155648K Free: 100339K (64%)
8 ms. Memory: 155648K Free: 99315K (64%)
6 ms. Memory: 155648K Free: 98261K (63%)
5 actors
5000 microseconds per iteration to create
10 ms. Memory: 155648K Free: 95733K (62%)
2 ms. Memory: 155648K Free: 95205K (61%)
4 ms. Memory: 155648K Free: 94709K (61%)
1 ms. Memory: 155648K Free: 93685K (60%)
50 actors
52000 microseconds per iteration to create
26 ms. Memory: 155648K Free: 78325K (50%)
5 ms. Memory: 155648K Free: 77301K (50%)
4 ms. Memory: 155648K Free: 76277K (49%)
4 ms. Memory: 155648K Free: 75253K (48%)
500 actors
1298000 microseconds per iteration to create
308 ms. Memory: 155648K Free: 116315K (75%)
36 ms. Memory: 155648K Free: 111195K (71%)
44 ms. Memory: 155648K Free: 106075K (68%)
31 ms. Memory: 155648K Free: 100953K (65%)
/home/travis/build/icyphy/ptII/ptolemy/actor/lib/test/RampContinuous.tcl
10 ms. Memory: 155648K Free: 99417K (64%)
/home/travis/build/icyphy/ptII/ptolemy/actor/lib/test/RecordAssembler.tcl
6 ms. Memory: 155648K Free: 97883K (63%)
3 ms. Memory: 155648K Free: 96859K (62%)
/home/travis/build/icyphy/ptII/ptolemy/actor/lib/test/RecordDisassembler.tcl
16 ms. Memory: 155648K Free: 95306K (61%)
4 ms. Memory: 155648K Free: 94297K (61%)
4 ms. Memory: 155648K Free: 93273K (60%)
/home/travis/build/icyphy/ptII/ptolemy/actor/lib/test/Scale.tcl
3 ms. Memory: 155648K Free: 91225K (59%)
1 ms. Memory: 155648K Free: 90715K (58%)
1 ms. Memory: 155648K Free: 89691K (58%)
2 ms. Memory: 155648K Free: 89162K (57%)
8 ms. Memory: 155648K Free: 88138K (57%)
/home/travis/build/icyphy/ptII/ptolemy/actor/lib/test/SequentialClock.tcl
preinitializing
resolving types
initializing
executing number 1
wrapping up
idle
5 ms. Memory: 155648K Free: 87091K (56%)
Completed execution with 5 iterations
preinitializing
resolving types
initializing
executing number 1
wrapping up
idle
1 ms. Memory: 155648K Free: 86090K (55%)
Completed execution with 5 iterations
preinitializing
resolving types
initializing
executing number 1
wrapping up
idle
1 ms. Memory: 155648K Free: 85595K (55%)
Completed execution with 5 iterations
/home/travis/build/icyphy/ptII/ptolemy/actor/lib/test/SetVariable.tcl
5 ms. Memory: 155648K Free: 83547K (54%)
/home/travis/build/icyphy/ptII/ptolemy/actor/lib/test/Sinewave.tcl
/home/travis/build/icyphy/ptII/ptolemy/actor/lib/test/SubscriptionAggregator.tcl
6 ms. Memory: 155648K Free: 72283K (46%)
8 ms. Memory: 155648K Free: 71769K (46%)
0 ms. Memory: 155648K Free: 71259K (46%)
1 ms. Memory: 155648K Free: 70714K (45%)
3 ms. Memory: 155648K Free: 67163K (43%)
7 ms. Memory: 155648K Free: 65115K (42%)
...............................................................857 ms. Memory: 332800K Free: 192548K (58%)
/home/travis/build/icyphy/ptII/ptolemy/actor/lib/test/Test.tcl
 The next command will produce a warning about training mode,
   which may be ignored.
6 ms. Memory: 332800K Free: 190500K (57%)
3 ms. Memory: 332800K Free: 189990K (57%)
2 ms. Memory: 332800K Free: 188966K (57%)
1 ms. Memory: 332800K Free: 188445K (57%)
2 ms. Memory: 332800K Free: 187942K (56%)
3 ms. Memory: 332800K Free: 186918K (56%)
4 ms. Memory: 332800K Free: 185365K (56%)
 The next command will produce a warning about training mode,
   which may be ignored.
5 ms. Memory: 332800K Free: 183317K (55%)
 The next command will produce a warning about training mode,
   which may be ignored.
8 ms. Memory: 332800K Free: 181798K (55%)
1 ms. Memory: 332800K Free: 181284K (54%)
1 ms. Memory: 332800K Free: 180774K (54%)
3 ms. Memory: 332800K Free: 180253K (54%)
7 ms. Memory: 332800K Free: 179236K (54%)
3 ms. Memory: 332800K Free: 175654K (53%)
/home/travis/build/icyphy/ptII/ptolemy/actor/lib/test/TestExceptionHandler.tcl
 The next command will produce a warning about training mode,
   which may be ignored.
3 ms. Memory: 332800K Free: 174630K (52%)
1 ms. Memory: 332800K Free: 174116K (52%)
1 ms. Memory: 332800K Free: 173061K (52%)
/home/travis/build/icyphy/ptII/ptolemy/actor/lib/test/UnionDisassembler.tcl
14 ms. Memory: 332800K Free: 165924K (50%)
/home/travis/build/icyphy/ptII/ptolemy/actor/lib/test/VariableClock.tcl
preinitializing
resolving types
initializing
executing number 1
wrapping up
idle
4 ms. Memory: 332800K Free: 164390K (49%)
Completed execution with 11 iterations
preinitializing
resolving types
initializing
executing number 1
wrapping up
idle
3 ms. Memory: 332800K Free: 162845K (49%)
Completed execution with 10 iterations
03/02/20 07:12:45
Failed: 0  Total Tests: 233  ((Passed: 233, Newly Passed: 0)  Known Failed: 0) /home/travis/build/icyphy/ptII/ptolemy/actor/lib/test
----------------- testing (KnownFailure) /home/travis/build/icyphy/ptII/ptolemy/actor/lib/test/auto/knownFailedTests/PublisherPortToplevelSubscriber.xml
0 ms. Memory: 332800K Free: 159270K (48%)
Known Failure: java.lang.reflect.InvocationTargetException
----------------- testing (KnownFailure) /home/travis/build/icyphy/ptII/ptolemy/actor/lib/test/auto/knownFailedTests/PublisherSubscriberPortToplevel.xml
1 ms. Memory: 332800K Free: 155684K (47%)
Known Failure: java.lang.reflect.InvocationTargetException
----------------- testing (KnownFailure) /home/travis/build/icyphy/ptII/ptolemy/actor/lib/test/auto/knownFailedTests/PublisherSubscriptionAggregatorPort.xml
0 ms. Memory: 332800K Free: 151557K (46%)
Known Failure: java.lang.reflect.InvocationTargetException
----------------- testing (KnownFailure) /home/travis/build/icyphy/ptII/ptolemy/actor/lib/test/auto/knownFailedTests/sizedarray3.xml
5 ms. Memory: 332800K Free: 282150K (85%)
Known Failure: java.lang.reflect.InvocationTargetException
No auto/linux-amd64/*.xml tests in /home/travis/build/icyphy/ptII/ptolemy/actor/lib/test
AutoTests.java: About to close Vertx.
AutoTests.java: Vertx closed.

===========================================================================================
----------------- testing Mon Mar 02 07:12:46 UTC 2020 /home/travis/build/icyphy/ptII/ptolemy/actor/lib/test/auto/AbsoluteValue.xml
----------------- Instantiating /home/travis/build/icyphy/ptII/ptolemy/actor/lib/test/auto/AbsoluteValue.xml
23 ms. Memory: 332800K Free: 259108K (78%)
----------------- Invoking toplevel() on ptolemy.moml.MoMLSimpleApplication@30ebcf4f
----------------- Done invoking toplevel() on ptolemy.moml.MoMLSimpleApplication@30ebcf4f
reloadAllAccessors: .AbsoluteValue

===========================================================================================
----------------- testing Mon Mar 02 07:12:46 UTC 2020 /home/travis/build/icyphy/ptII/ptolemy/actor/lib/test/auto/AbsoluteValue2.xml
----------------- Instantiating /home/travis/build/icyphy/ptII/ptolemy/actor/lib/test/auto/AbsoluteValue2.xml
5 ms. Memory: 332800K Free: 252454K (76%)
----------------- Invoking toplevel() on ptolemy.moml.MoMLSimpleApplication@649cfa0
----------------- Done invoking toplevel() on ptolemy.moml.MoMLSimpleApplication@649cfa0
reloadAllAccessors: .AbsoluteValue2

===========================================================================================
----------------- testing Mon Mar 02 07:12:46 UTC 2020 /home/travis/build/icyphy/ptII/ptolemy/actor/lib/test/auto/Accumulator.xml
----------------- Instantiating /home/travis/build/icyphy/ptII/ptolemy/actor/lib/test/auto/Accumulator.xml
9 ms. Memory: 332800K Free: 246310K (74%)
----------------- Invoking toplevel() on ptolemy.moml.MoMLSimpleApplication@7065abf5
----------------- Done invoking toplevel() on ptolemy.moml.MoMLSimpleApplication@7065abf5
reloadAllAccessors: .Accumulator

===========================================================================================
----------------- testing Mon Mar 02 07:12:46 UTC 2020 /home/travis/build/icyphy/ptII/ptolemy/actor/lib/test/auto/Accumulator2.xml
----------------- Instantiating /home/travis/build/icyphy/ptII/ptolemy/actor/lib/test/auto/Accumulator2.xml
3 ms. Memory: 332800K Free: 240676K (72%)
----------------- Invoking toplevel() on ptolemy.moml.MoMLSimpleApplication@25576c29
----------------- Done invoking toplevel() on ptolemy.moml.MoMLSimpleApplication@25576c29
reloadAllAccessors: .Accumulator2

===========================================================================================
----------------- testing Mon Mar 02 07:12:46 UTC 2020 /home/travis/build/icyphy/ptII/ptolemy/actor/lib/test/auto/Accumulator3.xml
----------------- Instantiating /home/travis/build/icyphy/ptII/ptolemy/actor/lib/test/auto/Accumulator3.xml
2 ms. Memory: 332800K Free: 236580K (71%)
----------------- Invoking toplevel() on ptolemy.moml.MoMLSimpleApplication@716159e3
----------------- Done invoking toplevel() on ptolemy.moml.MoMLSimpleApplication@716159e3
reloadAllAccessors: .Accumulator3

===========================================================================================
----------------- testing Mon Mar 02 07:12:46 UTC 2020 /home/travis/build/icyphy/ptII/ptolemy/actor/lib/test/auto/ArrayAppend.xml
----------------- Instantiating /home/travis/build/icyphy/ptII/ptolemy/actor/lib/test/auto/ArrayAppend.xml
16 ms. Memory: 332800K Free: 230421K (69%)
----------------- Invoking toplevel() on ptolemy.moml.MoMLSimpleApplication@6c995e9d
----------------- Done invoking toplevel() on ptolemy.moml.MoMLSimpleApplication@6c995e9d
reloadAllAccessors: .ArrayAppend

===========================================================================================
----------------- testing Mon Mar 02 07:12:46 UTC 2020 /home/travis/build/icyphy/ptII/ptolemy/actor/lib/test/auto/ArrayAppend2.xml
----------------- Instantiating /home/travis/build/icyphy/ptII/ptolemy/actor/lib/test/auto/ArrayAppend2.xml
331 ms. Memory: 332800K Free: 148006K (44%)
----------------- Invoking toplevel() on ptolemy.moml.MoMLSimpleApplication@738ab2bd
----------------- Done invoking toplevel() on ptolemy.moml.MoMLSimpleApplication@738ab2bd
reloadAllAccessors: .ArrayAppend2

===========================================================================================
----------------- testing Mon Mar 02 07:12:46 UTC 2020 /home/travis/build/icyphy/ptII/ptolemy/actor/lib/test/auto/ArrayAppend3.xml
----------------- Instantiating /home/travis/build/icyphy/ptII/ptolemy/actor/lib/test/auto/ArrayAppend3.xml
7 ms. Memory: 332800K Free: 142372K (43%)
----------------- Invoking toplevel() on ptolemy.moml.MoMLSimpleApplication@46c61ce9
----------------- Done invoking toplevel() on ptolemy.moml.MoMLSimpleApplication@46c61ce9
reloadAllAccessors: .ArrayAppend3

===========================================================================================
----------------- testing Mon Mar 02 07:12:46 UTC 2020 /home/travis/build/icyphy/ptII/ptolemy/actor/lib/test/auto/ArrayAppend4.xml
----------------- Instantiating /home/travis/build/icyphy/ptII/ptolemy/actor/lib/test/auto/ArrayAppend4.xml
2 ms. Memory: 332800K Free: 137252K (41%)
----------------- Invoking toplevel() on ptolemy.moml.MoMLSimpleApplication@768ca8fa
----------------- Done invoking toplevel() on ptolemy.moml.MoMLSimpleApplication@768ca8fa
reloadAllAccessors: .ArrayAppend4

===========================================================================================
----------------- testing Mon Mar 02 07:12:47 UTC 2020 /home/travis/build/icyphy/ptII/ptolemy/actor/lib/test/auto/ArrayAppend5.xml
----------------- Instantiating /home/travis/build/icyphy/ptII/ptolemy/actor/lib/test/auto/ArrayAppend5.xml
2 ms. Memory: 332800K Free: 132132K (40%)
----------------- Invoking toplevel() on ptolemy.moml.MoMLSimpleApplication@5716f053
----------------- Done invoking toplevel() on ptolemy.moml.MoMLSimpleApplication@5716f053
reloadAllAccessors: .ArrayAppend5

===========================================================================================
----------------- testing Mon Mar 02 07:12:47 UTC 2020 /home/travis/build/icyphy/ptII/ptolemy/actor/lib/test/auto/ArrayAppend6.xml
----------------- Instantiating /home/travis/build/icyphy/ptII/ptolemy/actor/lib/test/auto/ArrayAppend6.xml
2 ms. Memory: 332800K Free: 127012K (38%)
----------------- Invoking toplevel() on ptolemy.moml.MoMLSimpleApplication@5a04aab6
----------------- Done invoking toplevel() on ptolemy.moml.MoMLSimpleApplication@5a04aab6
reloadAllAccessors: .ArrayAppend6

===========================================================================================
----------------- testing Mon Mar 02 07:12:47 UTC 2020 /home/travis/build/icyphy/ptII/ptolemy/actor/lib/test/auto/ArrayAppendPerformanceTest.xml
----------------- Instantiating /home/travis/build/icyphy/ptII/ptolemy/actor/lib/test/auto/ArrayAppendPerformanceTest.xml
31 ms. Memory: 332800K Free: 116772K (35%)
----------------- Invoking toplevel() on ptolemy.moml.MoMLSimpleApplication@1e304345
----------------- Done invoking toplevel() on ptolemy.moml.MoMLSimpleApplication@1e304345
reloadAllAccessors: .ArrayAppendPerformanceTest

===========================================================================================
----------------- testing Mon Mar 02 07:12:47 UTC 2020 /home/travis/build/icyphy/ptII/ptolemy/actor/lib/test/auto/ArrayAppendWithEmptyInput.xml
----------------- Instantiating /home/travis/build/icyphy/ptII/ptolemy/actor/lib/test/auto/ArrayAppendWithEmptyInput.xml
8 ms. Memory: 332800K Free: 108580K (33%)
----------------- Invoking toplevel() on ptolemy.moml.MoMLSimpleApplication@d8b33b3
----------------- Done invoking toplevel() on ptolemy.moml.MoMLSimpleApplication@d8b33b3
reloadAllAccessors: .ArrayAppendWithEmptyInput

===========================================================================================
----------------- testing Mon Mar 02 07:12:47 UTC 2020 /home/travis/build/icyphy/ptII/ptolemy/actor/lib/test/auto/ArrayAverage.xml
----------------- Instantiating /home/travis/build/icyphy/ptII/ptolemy/actor/lib/test/auto/ArrayAverage.xml
4 ms. Memory: 332800K Free: 280354K (84%)
----------------- Invoking toplevel() on ptolemy.moml.MoMLSimpleApplication@3d2c0e77
----------------- Done invoking toplevel() on ptolemy.moml.MoMLSimpleApplication@3d2c0e77
reloadAllAccessors: .ArrayAverage

===========================================================================================
----------------- testing Mon Mar 02 07:12:47 UTC 2020 /home/travis/build/icyphy/ptII/ptolemy/actor/lib/test/auto/ArrayContains.xml
----------------- Instantiating /home/travis/build/icyphy/ptII/ptolemy/actor/lib/test/auto/ArrayContains.xml
3 ms. Memory: 332800K Free: 274210K (82%)
----------------- Invoking toplevel() on ptolemy.moml.MoMLSimpleApplication@3270c732
----------------- Done invoking toplevel() on ptolemy.moml.MoMLSimpleApplication@3270c732
reloadAllAccessors: .ArrayContains

===========================================================================================
----------------- testing Mon Mar 02 07:12:47 UTC 2020 /home/travis/build/icyphy/ptII/ptolemy/actor/lib/test/auto/ArrayElement.xml
----------------- Instantiating /home/travis/build/icyphy/ptII/ptolemy/actor/lib/test/auto/ArrayElement.xml
3 ms. Memory: 332800K Free: 269090K (81%)
----------------- Invoking toplevel() on ptolemy.moml.MoMLSimpleApplication@59ca8200
----------------- Done invoking toplevel() on ptolemy.moml.MoMLSimpleApplication@59ca8200
reloadAllAccessors: .ArrayElement

===========================================================================================
----------------- testing Mon Mar 02 07:12:47 UTC 2020 /home/travis/build/icyphy/ptII/ptolemy/actor/lib/test/auto/ArrayElementAsMatrix.xml
----------------- Instantiating /home/travis/build/icyphy/ptII/ptolemy/actor/lib/test/auto/ArrayElementAsMatrix.xml
12 ms. Memory: 332800K Free: 258340K (78%)
----------------- Invoking toplevel() on ptolemy.moml.MoMLSimpleApplication@482aaddc
----------------- Done invoking toplevel() on ptolemy.moml.MoMLSimpleApplication@482aaddc
reloadAllAccessors: .ArrayElementAsMatrix

===========================================================================================
----------------- testing Mon Mar 02 07:12:47 UTC 2020 /home/travis/build/icyphy/ptII/ptolemy/actor/lib/test/auto/ArrayElementI.xml
----------------- Instantiating /home/travis/build/icyphy/ptII/ptolemy/actor/lib/test/auto/ArrayElementI.xml
2 ms. Memory: 332800K Free: 253730K (76%)
----------------- Invoking toplevel() on ptolemy.moml.MoMLSimpleApplication@1c5bf9d6
----------------- Done invoking toplevel() on ptolemy.moml.MoMLSimpleApplication@1c5bf9d6
reloadAllAccessors: .ArrayElementI

===========================================================================================
----------------- testing Mon Mar 02 07:12:47 UTC 2020 /home/travis/build/icyphy/ptII/ptolemy/actor/lib/test/auto/ArrayExtract.xml
----------------- Instantiating /home/travis/build/icyphy/ptII/ptolemy/actor/lib/test/auto/ArrayExtract.xml
4 ms. Memory: 332800K Free: 245028K (74%)
----------------- Invoking toplevel() on ptolemy.moml.MoMLSimpleApplication@7da29375
----------------- Done invoking toplevel() on ptolemy.moml.MoMLSimpleApplication@7da29375
reloadAllAccessors: .ArrayExtract

===========================================================================================
----------------- testing Mon Mar 02 07:12:47 UTC 2020 /home/travis/build/icyphy/ptII/ptolemy/actor/lib/test/auto/ArrayExtract2.xml
----------------- Instantiating /home/travis/build/icyphy/ptII/ptolemy/actor/lib/test/auto/ArrayExtract2.xml
2 ms. Memory: 332800K Free: 239908K (72%)
----------------- Invoking toplevel() on ptolemy.moml.MoMLSimpleApplication@67d280df
----------------- Done invoking toplevel() on ptolemy.moml.MoMLSimpleApplication@67d280df
reloadAllAccessors: .ArrayExtract2

===========================================================================================
----------------- testing Mon Mar 02 07:12:47 UTC 2020 /home/travis/build/icyphy/ptII/ptolemy/actor/lib/test/auto/ArrayLength.xml
----------------- Instantiating /home/travis/build/icyphy/ptII/ptolemy/actor/lib/test/auto/ArrayLength.xml
1 ms. Memory: 332800K Free: 235812K (71%)
----------------- Invoking toplevel() on ptolemy.moml.MoMLSimpleApplication@22e9e878
----------------- Done invoking toplevel() on ptolemy.moml.MoMLSimpleApplication@22e9e878
reloadAllAccessors: .ArrayLength

===========================================================================================
----------------- testing Mon Mar 02 07:12:47 UTC 2020 /home/travis/build/icyphy/ptII/ptolemy/actor/lib/test/auto/ArrayLevelCrossing.xml
----------------- Instantiating /home/travis/build/icyphy/ptII/ptolemy/actor/lib/test/auto/ArrayLevelCrossing.xml
3 ms. Memory: 332800K Free: 228130K (69%)
----------------- Invoking toplevel() on ptolemy.moml.MoMLSimpleApplication@40b60a3b
----------------- Done invoking toplevel() on ptolemy.moml.MoMLSimpleApplication@40b60a3b
reloadAllAccessors: .ArrayLevelCrossing

===========================================================================================
----------------- testing Mon Mar 02 07:12:47 UTC 2020 /home/travis/build/icyphy/ptII/ptolemy/actor/lib/test/auto/ArrayLevelCrossing2.xml
----------------- Instantiating /home/travis/build/icyphy/ptII/ptolemy/actor/lib/test/auto/ArrayLevelCrossing2.xml
3 ms. Memory: 332800K Free: 220452K (66%)
----------------- Invoking toplevel() on ptolemy.moml.MoMLSimpleApplication@3ee00097
----------------- Done invoking toplevel() on ptolemy.moml.MoMLSimpleApplication@3ee00097
reloadAllAccessors: .ArrayLevelCrossing2

===========================================================================================
----------------- testing Mon Mar 02 07:12:47 UTC 2020 /home/travis/build/icyphy/ptII/ptolemy/actor/lib/test/auto/ArrayPeakSearch.xml
----------------- Instantiating /home/travis/build/icyphy/ptII/ptolemy/actor/lib/test/auto/ArrayPeakSearch.xml
6 ms. Memory: 332800K Free: 211746K (64%)
----------------- Invoking toplevel() on ptolemy.moml.MoMLSimpleApplication@7f5efc61
----------------- Done invoking toplevel() on ptolemy.moml.MoMLSimpleApplication@7f5efc61
reloadAllAccessors: .ArrayPeakSearch

===========================================================================================
----------------- testing Mon Mar 02 07:12:47 UTC 2020 /home/travis/build/icyphy/ptII/ptolemy/actor/lib/test/auto/ArrayPeakSearch2.xml
----------------- Instantiating /home/travis/build/icyphy/ptII/ptolemy/actor/lib/test/auto/ArrayPeakSearch2.xml
4 ms. Memory: 332800K Free: 200996K (60%)
----------------- Invoking toplevel() on ptolemy.moml.MoMLSimpleApplication@679e8070
----------------- Done invoking toplevel() on ptolemy.moml.MoMLSimpleApplication@679e8070
reloadAllAccessors: .ArrayPeakSearch2

===========================================================================================
----------------- testing Mon Mar 02 07:12:47 UTC 2020 /home/travis/build/icyphy/ptII/ptolemy/actor/lib/test/auto/ArrayPeakSearch3.xml
----------------- Instantiating /home/travis/build/icyphy/ptII/ptolemy/actor/lib/test/auto/ArrayPeakSearch3.xml
3 ms. Memory: 332800K Free: 192290K (58%)
----------------- Invoking toplevel() on ptolemy.moml.MoMLSimpleApplication@721f8630
----------------- Done invoking toplevel() on ptolemy.moml.MoMLSimpleApplication@721f8630
reloadAllAccessors: .ArrayPeakSearch3

===========================================================================================
----------------- testing Mon Mar 02 07:12:47 UTC 2020 /home/travis/build/icyphy/ptII/ptolemy/actor/lib/test/auto/ArrayRemoveElement.xml
----------------- Instantiating /home/travis/build/icyphy/ptII/ptolemy/actor/lib/test/auto/ArrayRemoveElement.xml
2 ms. Memory: 332800K Free: 184612K (55%)
----------------- Invoking toplevel() on ptolemy.moml.MoMLSimpleApplication@7d7ba76d
----------------- Done invoking toplevel() on ptolemy.moml.MoMLSimpleApplication@7d7ba76d
reloadAllAccessors: .ArrayRemoveElement

===========================================================================================
----------------- testing Mon Mar 02 07:12:47 UTC 2020 /home/travis/build/icyphy/ptII/ptolemy/actor/lib/test/auto/ArraySort.xml
----------------- Instantiating /home/travis/build/icyphy/ptII/ptolemy/actor/lib/test/auto/ArraySort.xml
6 ms. Memory: 332800K Free: 175396K (53%)
----------------- Invoking toplevel() on ptolemy.moml.MoMLSimpleApplication@2df57d1b
----------------- Done invoking toplevel() on ptolemy.moml.MoMLSimpleApplication@2df57d1b
reloadAllAccessors: .ArraySort

===========================================================================================
----------------- testing Mon Mar 02 07:12:47 UTC 2020 /home/travis/build/icyphy/ptII/ptolemy/actor/lib/test/auto/ArraySum.xml
----------------- Instantiating /home/travis/build/icyphy/ptII/ptolemy/actor/lib/test/auto/ArraySum.xml
5 ms. Memory: 332800K Free: 170276K (51%)
----------------- Invoking toplevel() on ptolemy.moml.MoMLSimpleApplication@2e1ae15e
----------------- Done invoking toplevel() on ptolemy.moml.MoMLSimpleApplication@2e1ae15e
reloadAllAccessors: .ArraySum

===========================================================================================
----------------- testing Mon Mar 02 07:12:47 UTC 2020 /home/travis/build/icyphy/ptII/ptolemy/actor/lib/test/auto/ArrayToElements.xml
----------------- Instantiating /home/travis/build/icyphy/ptII/ptolemy/actor/lib/test/auto/ArrayToElements.xml
6 ms. Memory: 332800K Free: 164642K (49%)
----------------- Invoking toplevel() on ptolemy.moml.MoMLSimpleApplication@763b8bdb
----------------- Done invoking toplevel() on ptolemy.moml.MoMLSimpleApplication@763b8bdb
reloadAllAccessors: .ArrayToElements

===========================================================================================
----------------- testing Mon Mar 02 07:12:47 UTC 2020 /home/travis/build/icyphy/ptII/ptolemy/actor/lib/test/auto/ArrayToMatrix.xml
----------------- Instantiating /home/travis/build/icyphy/ptII/ptolemy/actor/lib/test/auto/ArrayToMatrix.xml
12 ms. Memory: 332800K Free: 150306K (45%)
----------------- Invoking toplevel() on ptolemy.moml.MoMLSimpleApplication@3e51f3a7
----------------- Done invoking toplevel() on ptolemy.moml.MoMLSimpleApplication@3e51f3a7
reloadAllAccessors: .ArrayToMatrix

===========================================================================================
----------------- testing Mon Mar 02 07:12:47 UTC 2020 /home/travis/build/icyphy/ptII/ptolemy/actor/lib/test/auto/ArrayUpdate1.xml
----------------- Instantiating /home/travis/build/icyphy/ptII/ptolemy/actor/lib/test/auto/ArrayUpdate1.xml
7 ms. Memory: 332800K Free: 145186K (44%)
----------------- Invoking toplevel() on ptolemy.moml.MoMLSimpleApplication@66a7e3cd
----------------- Done invoking toplevel() on ptolemy.moml.MoMLSimpleApplication@66a7e3cd
reloadAllAccessors: .ArrayUpdate1

===========================================================================================
----------------- testing Mon Mar 02 07:12:47 UTC 2020 /home/travis/build/icyphy/ptII/ptolemy/actor/lib/test/auto/ArrayUpdate2.xml
----------------- Instantiating /home/travis/build/icyphy/ptII/ptolemy/actor/lib/test/auto/ArrayUpdate2.xml
7 ms. Memory: 332800K Free: 139042K (42%)
----------------- Invoking toplevel() on ptolemy.moml.MoMLSimpleApplication@38149fdb
----------------- Done invoking toplevel() on ptolemy.moml.MoMLSimpleApplication@38149fdb
reloadAllAccessors: .ArrayUpdate2

===========================================================================================
----------------- testing Mon Mar 02 07:12:47 UTC 2020 /home/travis/build/icyphy/ptII/ptolemy/actor/lib/test/auto/ArrayUpdate3.xml
----------------- Instantiating /home/travis/build/icyphy/ptII/ptolemy/actor/lib/test/auto/ArrayUpdate3.xml
4 ms. Memory: 332800K Free: 133922K (40%)
----------------- Invoking toplevel() on ptolemy.moml.MoMLSimpleApplication@181fe0f9
----------------- Done invoking toplevel() on ptolemy.moml.MoMLSimpleApplication@181fe0f9
reloadAllAccessors: .ArrayUpdate3

===========================================================================================
----------------- testing Mon Mar 02 07:12:47 UTC 2020 /home/travis/build/icyphy/ptII/ptolemy/actor/lib/test/auto/Assert1.xml
----------------- Instantiating /home/travis/build/icyphy/ptII/ptolemy/actor/lib/test/auto/Assert1.xml
4 ms. Memory: 332800K Free: 129826K (39%)
----------------- Invoking toplevel() on ptolemy.moml.MoMLSimpleApplication@3aae892e
----------------- Done invoking toplevel() on ptolemy.moml.MoMLSimpleApplication@3aae892e
reloadAllAccessors: .Assert1

===========================================================================================
----------------- testing Mon Mar 02 07:12:47 UTC 2020 /home/travis/build/icyphy/ptII/ptolemy/actor/lib/test/auto/Assert2.xml
----------------- Instantiating /home/travis/build/icyphy/ptII/ptolemy/actor/lib/test/auto/Assert2.xml
2 ms. Memory: 332800K Free: 124706K (37%)
----------------- Invoking toplevel() on ptolemy.moml.MoMLSimpleApplication@899d980
----------------- Done invoking toplevel() on ptolemy.moml.MoMLSimpleApplication@899d980
reloadAllAccessors: .Assert2

===========================================================================================
----------------- testing Mon Mar 02 07:12:48 UTC 2020 /home/travis/build/icyphy/ptII/ptolemy/actor/lib/test/auto/BooleanMultiplexor.xml
----------------- Instantiating /home/travis/build/icyphy/ptII/ptolemy/actor/lib/test/auto/BooleanMultiplexor.xml
3 ms. Memory: 332800K Free: 119555K (36%)
----------------- Invoking toplevel() on ptolemy.moml.MoMLSimpleApplication@748e2043
----------------- Done invoking toplevel() on ptolemy.moml.MoMLSimpleApplication@748e2043
reloadAllAccessors: .BooleanMultiplexor

===========================================================================================
----------------- testing Mon Mar 02 07:12:48 UTC 2020 /home/travis/build/icyphy/ptII/ptolemy/actor/lib/test/auto/BooleanMultiplexor2.xml
----------------- Instantiating /home/travis/build/icyphy/ptII/ptolemy/actor/lib/test/auto/BooleanMultiplexor2.xml
3 ms. Memory: 332800K Free: 112932K (34%)
----------------- Invoking toplevel() on ptolemy.moml.MoMLSimpleApplication@35811d20
----------------- Done invoking toplevel() on ptolemy.moml.MoMLSimpleApplication@35811d20
reloadAllAccessors: .BooleanMultiplexor2

===========================================================================================
----------------- testing Mon Mar 02 07:12:48 UTC 2020 /home/travis/build/icyphy/ptII/ptolemy/actor/lib/test/auto/BooleanMultiplexor3.xml
----------------- Instantiating /home/travis/build/icyphy/ptII/ptolemy/actor/lib/test/auto/BooleanMultiplexor3.xml
1 ms. Memory: 332800K Free: 109346K (33%)
----------------- Invoking toplevel() on ptolemy.moml.MoMLSimpleApplication@3fee81b0
----------------- Done invoking toplevel() on ptolemy.moml.MoMLSimpleApplication@3fee81b0
reloadAllAccessors: .BooleanMultiplexor3

===========================================================================================
----------------- testing Mon Mar 02 07:12:48 UTC 2020 /home/travis/build/icyphy/ptII/ptolemy/actor/lib/test/auto/BooleanSelect.xml
----------------- Instantiating /home/travis/build/icyphy/ptII/ptolemy/actor/lib/test/auto/BooleanSelect.xml
9 ms. Memory: 332800K Free: 103171K (31%)
----------------- Invoking toplevel() on ptolemy.moml.MoMLSimpleApplication@26818c53
----------------- Done invoking toplevel() on ptolemy.moml.MoMLSimpleApplication@26818c53
reloadAllAccessors: .BooleanSelect

===========================================================================================
----------------- testing Mon Mar 02 07:12:48 UTC 2020 /home/travis/build/icyphy/ptII/ptolemy/actor/lib/test/auto/BooleanSelect2.xml
----------------- Instantiating /home/travis/build/icyphy/ptII/ptolemy/actor/lib/test/auto/BooleanSelect2.xml
1 ms. Memory: 332800K Free: 98596K (30%)
----------------- Invoking toplevel() on ptolemy.moml.MoMLSimpleApplication@6981d6a3
----------------- Done invoking toplevel() on ptolemy.moml.MoMLSimpleApplication@6981d6a3
reloadAllAccessors: .BooleanSelect2

===========================================================================================
----------------- testing Mon Mar 02 07:12:48 UTC 2020 /home/travis/build/icyphy/ptII/ptolemy/actor/lib/test/auto/BooleanSwitch.xml
----------------- Instantiating /home/travis/build/icyphy/ptII/ptolemy/actor/lib/test/auto/BooleanSwitch.xml
5 ms. Memory: 332800K Free: 92955K (28%)
----------------- Invoking toplevel() on ptolemy.moml.MoMLSimpleApplication@314f3d95
----------------- Done invoking toplevel() on ptolemy.moml.MoMLSimpleApplication@314f3d95
reloadAllAccessors: .BooleanSwitch

===========================================================================================
----------------- testing Mon Mar 02 07:12:48 UTC 2020 /home/travis/build/icyphy/ptII/ptolemy/actor/lib/test/auto/BooleanSwitch2.xml
----------------- Instantiating /home/travis/build/icyphy/ptII/ptolemy/actor/lib/test/auto/BooleanSwitch2.xml
2 ms. Memory: 332800K Free: 88356K (27%)
----------------- Invoking toplevel() on ptolemy.moml.MoMLSimpleApplication@39f98a54
----------------- Done invoking toplevel() on ptolemy.moml.MoMLSimpleApplication@39f98a54
reloadAllAccessors: .BooleanSwitch2

===========================================================================================
----------------- testing Mon Mar 02 07:12:48 UTC 2020 /home/travis/build/icyphy/ptII/ptolemy/actor/lib/test/auto/BooleanSwitchCloningBugWithClassRelationGroup.xml
----------------- Instantiating /home/travis/build/icyphy/ptII/ptolemy/actor/lib/test/auto/BooleanSwitchCloningBugWithClassRelationGroup.xml
2 ms. Memory: 332800K Free: 279868K (84%)
----------------- Invoking toplevel() on ptolemy.moml.MoMLSimpleApplication@3e830dca
----------------- Done invoking toplevel() on ptolemy.moml.MoMLSimpleApplication@3e830dca
reloadAllAccessors: .BooleanSwitchCloningBugWithClassRelationGroup

===========================================================================================
----------------- testing Mon Mar 02 07:12:48 UTC 2020 /home/travis/build/icyphy/ptII/ptolemy/actor/lib/test/auto/BusActors.xml
----------------- Instantiating /home/travis/build/icyphy/ptII/ptolemy/actor/lib/test/auto/BusActors.xml
4 ms. Memory: 332800K Free: 271676K (82%)
----------------- Invoking toplevel() on ptolemy.moml.MoMLSimpleApplication@3e981f9d
----------------- Done invoking toplevel() on ptolemy.moml.MoMLSimpleApplication@3e981f9d
reloadAllAccessors: .BusActors

===========================================================================================
----------------- testing Mon Mar 02 07:12:48 UTC 2020 /home/travis/build/icyphy/ptII/ptolemy/actor/lib/test/auto/ClassWrapper.xml
----------------- Instantiating /home/travis/build/icyphy/ptII/ptolemy/actor/lib/test/auto/ClassWrapper.xml
3 ms. Memory: 332800K Free: 267066K (80%)
----------------- Invoking toplevel() on ptolemy.moml.MoMLSimpleApplication@40c6e8fa
----------------- Done invoking toplevel() on ptolemy.moml.MoMLSimpleApplication@40c6e8fa
reloadAllAccessors: .ClassWrapper

===========================================================================================
----------------- testing Mon Mar 02 07:12:48 UTC 2020 /home/travis/build/icyphy/ptII/ptolemy/actor/lib/test/auto/Clock.xml
----------------- Instantiating /home/travis/build/icyphy/ptII/ptolemy/actor/lib/test/auto/Clock.xml
1 ms. Memory: 332800K Free: 263484K (79%)
----------------- Invoking toplevel() on ptolemy.moml.MoMLSimpleApplication@4e7e4cef
----------------- Done invoking toplevel() on ptolemy.moml.MoMLSimpleApplication@4e7e4cef
reloadAllAccessors: .Clock

===========================================================================================
----------------- testing Mon Mar 02 07:12:48 UTC 2020 /home/travis/build/icyphy/ptII/ptolemy/actor/lib/test/auto/Clock10.xml
----------------- Instantiating /home/travis/build/icyphy/ptII/ptolemy/actor/lib/test/auto/Clock10.xml
3 ms. Memory: 332800K Free: 257340K (77%)
----------------- Invoking toplevel() on ptolemy.moml.MoMLSimpleApplication@28ca534b
----------------- Done invoking toplevel() on ptolemy.moml.MoMLSimpleApplication@28ca534b
reloadAllAccessors: .Clock10

===========================================================================================
----------------- testing Mon Mar 02 07:12:48 UTC 2020 /home/travis/build/icyphy/ptII/ptolemy/actor/lib/test/auto/Clock11.xml
----------------- Instantiating /home/travis/build/icyphy/ptII/ptolemy/actor/lib/test/auto/Clock11.xml
10 ms. Memory: 332800K Free: 251706K (76%)
----------------- Invoking toplevel() on ptolemy.moml.MoMLSimpleApplication@3020fe3f
----------------- Done invoking toplevel() on ptolemy.moml.MoMLSimpleApplication@3020fe3f
reloadAllAccessors: .Clock11

===========================================================================================
----------------- testing Mon Mar 02 07:12:48 UTC 2020 /home/travis/build/icyphy/ptII/ptolemy/actor/lib/test/auto/Clock12.xml
----------------- Instantiating /home/travis/build/icyphy/ptII/ptolemy/actor/lib/test/auto/Clock12.xml
6 ms. Memory: 332800K Free: 245562K (74%)
----------------- Invoking toplevel() on ptolemy.moml.MoMLSimpleApplication@1df6a068
----------------- Done invoking toplevel() on ptolemy.moml.MoMLSimpleApplication@1df6a068
reloadAllAccessors: .Clock12

===========================================================================================
----------------- testing Mon Mar 02 07:12:48 UTC 2020 /home/travis/build/icyphy/ptII/ptolemy/actor/lib/test/auto/Clock13.xml
----------------- Instantiating /home/travis/build/icyphy/ptII/ptolemy/actor/lib/test/auto/Clock13.xml
5 ms. Memory: 332800K Free: 239932K (72%)
----------------- Invoking toplevel() on ptolemy.moml.MoMLSimpleApplication@2eec8629
----------------- Done invoking toplevel() on ptolemy.moml.MoMLSimpleApplication@2eec8629
reloadAllAccessors: .Clock13

===========================================================================================
----------------- testing Mon Mar 02 07:12:48 UTC 2020 /home/travis/build/icyphy/ptII/ptolemy/actor/lib/test/auto/Clock14.xml
----------------- Instantiating /home/travis/build/icyphy/ptII/ptolemy/actor/lib/test/auto/Clock14.xml
3 ms. Memory: 332800K Free: 233788K (70%)
----------------- Invoking toplevel() on ptolemy.moml.MoMLSimpleApplication@7fddc416
----------------- Done invoking toplevel() on ptolemy.moml.MoMLSimpleApplication@7fddc416
reloadAllAccessors: .Clock14

===========================================================================================
----------------- testing Mon Mar 02 07:12:48 UTC 2020 /home/travis/build/icyphy/ptII/ptolemy/actor/lib/test/auto/Clock15.xml
----------------- Instantiating /home/travis/build/icyphy/ptII/ptolemy/actor/lib/test/auto/Clock15.xml
2 ms. Memory: 332800K Free: 228124K (69%)
----------------- Invoking toplevel() on ptolemy.moml.MoMLSimpleApplication@65025812
----------------- Done invoking toplevel() on ptolemy.moml.MoMLSimpleApplication@65025812
reloadAllAccessors: .Clock15

===========================================================================================
----------------- testing Mon Mar 02 07:12:48 UTC 2020 /home/travis/build/icyphy/ptII/ptolemy/actor/lib/test/auto/Clock16.xml
----------------- Instantiating /home/travis/build/icyphy/ptII/ptolemy/actor/lib/test/auto/Clock16.xml
36 ms. Memory: 332800K Free: 212794K (64%)
----------------- Invoking toplevel() on ptolemy.moml.MoMLSimpleApplication@523ceeb0
----------------- Done invoking toplevel() on ptolemy.moml.MoMLSimpleApplication@523ceeb0
reloadAllAccessors: .Clock16

===========================================================================================
----------------- testing Mon Mar 02 07:12:48 UTC 2020 /home/travis/build/icyphy/ptII/ptolemy/actor/lib/test/auto/Clock17.xml
----------------- Instantiating /home/travis/build/icyphy/ptII/ptolemy/actor/lib/test/auto/Clock17.xml
25 ms. Memory: 332800K Free: 198972K (60%)
----------------- Invoking toplevel() on ptolemy.moml.MoMLSimpleApplication@3f125ec
----------------- Done invoking toplevel() on ptolemy.moml.MoMLSimpleApplication@3f125ec
reloadAllAccessors: .Clock17

===========================================================================================
----------------- testing Mon Mar 02 07:12:48 UTC 2020 /home/travis/build/icyphy/ptII/ptolemy/actor/lib/test/auto/Clock18.xml
----------------- Instantiating /home/travis/build/icyphy/ptII/ptolemy/actor/lib/test/auto/Clock18.xml
20 ms. Memory: 332800K Free: 185660K (56%)
----------------- Invoking toplevel() on ptolemy.moml.MoMLSimpleApplication@15737028
----------------- Done invoking toplevel() on ptolemy.moml.MoMLSimpleApplication@15737028
reloadAllAccessors: .Clock18

===========================================================================================
----------------- testing Mon Mar 02 07:12:48 UTC 2020 /home/travis/build/icyphy/ptII/ptolemy/actor/lib/test/auto/Clock19.xml
----------------- Instantiating /home/travis/build/icyphy/ptII/ptolemy/actor/lib/test/auto/Clock19.xml
13 ms. Memory: 332800K Free: 171834K (52%)
----------------- Invoking toplevel() on ptolemy.moml.MoMLSimpleApplication@73599ae4
----------------- Done invoking toplevel() on ptolemy.moml.MoMLSimpleApplication@73599ae4
reloadAllAccessors: .Clock19

===========================================================================================
----------------- testing Mon Mar 02 07:12:48 UTC 2020 /home/travis/build/icyphy/ptII/ptolemy/actor/lib/test/auto/Clock2.xml
----------------- Instantiating /home/travis/build/icyphy/ptII/ptolemy/actor/lib/test/auto/Clock2.xml
4 ms. Memory: 332800K Free: 167724K (50%)
----------------- Invoking toplevel() on ptolemy.moml.MoMLSimpleApplication@1d6a65b6
----------------- Done invoking toplevel() on ptolemy.moml.MoMLSimpleApplication@1d6a65b6
reloadAllAccessors: .Clock2

===========================================================================================
----------------- testing Mon Mar 02 07:12:48 UTC 2020 /home/travis/build/icyphy/ptII/ptolemy/actor/lib/test/auto/Clock20.xml
----------------- Instantiating /home/travis/build/icyphy/ptII/ptolemy/actor/lib/test/auto/Clock20.xml
9 ms. Memory: 332800K Free: 162108K (49%)
----------------- Invoking toplevel() on ptolemy.moml.MoMLSimpleApplication@551ea61d
----------------- Done invoking toplevel() on ptolemy.moml.MoMLSimpleApplication@551ea61d
reloadAllAccessors: .Clock20

===========================================================================================
----------------- testing Mon Mar 02 07:12:48 UTC 2020 /home/travis/build/icyphy/ptII/ptolemy/actor/lib/test/auto/Clock21.xml
----------------- Instantiating /home/travis/build/icyphy/ptII/ptolemy/actor/lib/test/auto/Clock21.xml
3 ms. Memory: 332800K Free: 156988K (47%)
----------------- Invoking toplevel() on ptolemy.moml.MoMLSimpleApplication@11e27ed4
----------------- Done invoking toplevel() on ptolemy.moml.MoMLSimpleApplication@11e27ed4
reloadAllAccessors: .Clock21

===========================================================================================
----------------- testing Mon Mar 02 07:12:48 UTC 2020 /home/travis/build/icyphy/ptII/ptolemy/actor/lib/test/auto/Clock22.xml
----------------- Instantiating /home/travis/build/icyphy/ptII/ptolemy/actor/lib/test/auto/Clock22.xml
4 ms. Memory: 332800K Free: 151354K (45%)
----------------- Invoking toplevel() on ptolemy.moml.MoMLSimpleApplication@132ff1a0
----------------- Done invoking toplevel() on ptolemy.moml.MoMLSimpleApplication@132ff1a0
reloadAllAccessors: .Clock22

===========================================================================================
----------------- testing Mon Mar 02 07:12:48 UTC 2020 /home/travis/build/icyphy/ptII/ptolemy/actor/lib/test/auto/Clock23.xml
----------------- Instantiating /home/travis/build/icyphy/ptII/ptolemy/actor/lib/test/auto/Clock23.xml
5 ms. Memory: 332800K Free: 146234K (44%)
----------------- Invoking toplevel() on ptolemy.moml.MoMLSimpleApplication@d3eeb9f
----------------- Done invoking toplevel() on ptolemy.moml.MoMLSimpleApplication@d3eeb9f
reloadAllAccessors: .Clock23

===========================================================================================
----------------- testing Mon Mar 02 07:12:48 UTC 2020 /home/travis/build/icyphy/ptII/ptolemy/actor/lib/test/auto/Clock24.xml
----------------- Instantiating /home/travis/build/icyphy/ptII/ptolemy/actor/lib/test/auto/Clock24.xml
2 ms. Memory: 332800K Free: 140604K (42%)
----------------- Invoking toplevel() on ptolemy.moml.MoMLSimpleApplication@5fac5fd6
----------------- Done invoking toplevel() on ptolemy.moml.MoMLSimpleApplication@5fac5fd6
reloadAllAccessors: .Clock24

===========================================================================================
----------------- testing Mon Mar 02 07:12:48 UTC 2020 /home/travis/build/icyphy/ptII/ptolemy/actor/lib/test/auto/Clock4.xml
----------------- Instantiating /home/travis/build/icyphy/ptII/ptolemy/actor/lib/test/auto/Clock4.xml
2 ms. Memory: 332800K Free: 135484K (41%)
----------------- Invoking toplevel() on ptolemy.moml.MoMLSimpleApplication@240d7343
----------------- Done invoking toplevel() on ptolemy.moml.MoMLSimpleApplication@240d7343
reloadAllAccessors: .Clock4

===========================================================================================
----------------- testing Mon Mar 02 07:12:48 UTC 2020 /home/travis/build/icyphy/ptII/ptolemy/actor/lib/test/auto/Clock5.xml
----------------- Instantiating /home/travis/build/icyphy/ptII/ptolemy/actor/lib/test/auto/Clock5.xml
2 ms. Memory: 332800K Free: 130364K (39%)
----------------- Invoking toplevel() on ptolemy.moml.MoMLSimpleApplication@54080ebb
----------------- Done invoking toplevel() on ptolemy.moml.MoMLSimpleApplication@54080ebb
reloadAllAccessors: .Clock5

===========================================================================================
----------------- testing Mon Mar 02 07:12:48 UTC 2020 /home/travis/build/icyphy/ptII/ptolemy/actor/lib/test/auto/Clock6.xml
----------------- Instantiating /home/travis/build/icyphy/ptII/ptolemy/actor/lib/test/auto/Clock6.xml
1 ms. Memory: 332800K Free: 125754K (38%)
----------------- Invoking toplevel() on ptolemy.moml.MoMLSimpleApplication@2e0e7837
----------------- Done invoking toplevel() on ptolemy.moml.MoMLSimpleApplication@2e0e7837
reloadAllAccessors: .Clock6

===========================================================================================
----------------- testing Mon Mar 02 07:12:48 UTC 2020 /home/travis/build/icyphy/ptII/ptolemy/actor/lib/test/auto/Clock7.xml
----------------- Instantiating /home/travis/build/icyphy/ptII/ptolemy/actor/lib/test/auto/Clock7.xml
1 ms. Memory: 332800K Free: 121658K (37%)
----------------- Invoking toplevel() on ptolemy.moml.MoMLSimpleApplication@1755140e
----------------- Done invoking toplevel() on ptolemy.moml.MoMLSimpleApplication@1755140e
reloadAllAccessors: .Clock7

===========================================================================================
----------------- testing Mon Mar 02 07:12:48 UTC 2020 /home/travis/build/icyphy/ptII/ptolemy/actor/lib/test/auto/Clock8.xml
----------------- Instantiating /home/travis/build/icyphy/ptII/ptolemy/actor/lib/test/auto/Clock8.xml
3 ms. Memory: 332800K Free: 116028K (35%)
----------------- Invoking toplevel() on ptolemy.moml.MoMLSimpleApplication@5ebe6c19
----------------- Done invoking toplevel() on ptolemy.moml.MoMLSimpleApplication@5ebe6c19
reloadAllAccessors: .Clock8

===========================================================================================
----------------- testing Mon Mar 02 07:12:48 UTC 2020 /home/travis/build/icyphy/ptII/ptolemy/actor/lib/test/auto/Clock9.xml
----------------- Instantiating /home/travis/build/icyphy/ptII/ptolemy/actor/lib/test/auto/Clock9.xml
2 ms. Memory: 332800K Free: 110380K (33%)
----------------- Invoking toplevel() on ptolemy.moml.MoMLSimpleApplication@574e41ca
----------------- Done invoking toplevel() on ptolemy.moml.MoMLSimpleApplication@574e41ca
reloadAllAccessors: .Clock9

===========================================================================================
----------------- testing Mon Mar 02 07:12:49 UTC 2020 /home/travis/build/icyphy/ptII/ptolemy/actor/lib/test/auto/CommDistDiscard.xml
----------------- Instantiating /home/travis/build/icyphy/ptII/ptolemy/actor/lib/test/auto/CommDistDiscard.xml
4 ms. Memory: 332800K Free: 105274K (32%)
----------------- Invoking toplevel() on ptolemy.moml.MoMLSimpleApplication@1c1ea3be
----------------- Done invoking toplevel() on ptolemy.moml.MoMLSimpleApplication@1c1ea3be
reloadAllAccessors: .CommDistDiscard

===========================================================================================
----------------- testing Mon Mar 02 07:12:49 UTC 2020 /home/travis/build/icyphy/ptII/ptolemy/actor/lib/test/auto/Commutator.xml
----------------- Instantiating /home/travis/build/icyphy/ptII/ptolemy/actor/lib/test/auto/Commutator.xml
2 ms. Memory: 332800K Free: 100668K (30%)
----------------- Invoking toplevel() on ptolemy.moml.MoMLSimpleApplication@571bd0c1
----------------- Done invoking toplevel() on ptolemy.moml.MoMLSimpleApplication@571bd0c1
reloadAllAccessors: .Commutator

===========================================================================================
----------------- testing Mon Mar 02 07:12:49 UTC 2020 /home/travis/build/icyphy/ptII/ptolemy/actor/lib/test/auto/Commutator2.xml
----------------- Instantiating /home/travis/build/icyphy/ptII/ptolemy/actor/lib/test/auto/Commutator2.xml
1 ms. Memory: 332800K Free: 96572K (29%)
----------------- Invoking toplevel() on ptolemy.moml.MoMLSimpleApplication@63b452a5
----------------- Done invoking toplevel() on ptolemy.moml.MoMLSimpleApplication@63b452a5
reloadAllAccessors: .Commutator2

===========================================================================================
----------------- testing Mon Mar 02 07:12:49 UTC 2020 /home/travis/build/icyphy/ptII/ptolemy/actor/lib/test/auto/Commutator3.xml
----------------- Instantiating /home/travis/build/icyphy/ptII/ptolemy/actor/lib/test/auto/Commutator3.xml
3 ms. Memory: 332800K Free: 91962K (28%)
----------------- Invoking toplevel() on ptolemy.moml.MoMLSimpleApplication@6d9aec49
----------------- Done invoking toplevel() on ptolemy.moml.MoMLSimpleApplication@6d9aec49
reloadAllAccessors: .Commutator3

===========================================================================================
----------------- testing Mon Mar 02 07:12:49 UTC 2020 /home/travis/build/icyphy/ptII/ptolemy/actor/lib/test/auto/Compare.xml
----------------- Instantiating /home/travis/build/icyphy/ptII/ptolemy/actor/lib/test/auto/Compare.xml
2 ms. Memory: 332800K Free: 283419K (85%)
----------------- Invoking toplevel() on ptolemy.moml.MoMLSimpleApplication@7bd3d3a2
----------------- Done invoking toplevel() on ptolemy.moml.MoMLSimpleApplication@7bd3d3a2
reloadAllAccessors: .Compare

===========================================================================================
----------------- testing Mon Mar 02 07:12:49 UTC 2020 /home/travis/build/icyphy/ptII/ptolemy/actor/lib/test/auto/CompareDE.xml
----------------- Instantiating /home/travis/build/icyphy/ptII/ptolemy/actor/lib/test/auto/CompareDE.xml
4 ms. Memory: 332800K Free: 276243K (83%)
----------------- Invoking toplevel() on ptolemy.moml.MoMLSimpleApplication@11151cf7
----------------- Done invoking toplevel() on ptolemy.moml.MoMLSimpleApplication@11151cf7
reloadAllAccessors: .CompareDE

===========================================================================================
----------------- testing Mon Mar 02 07:12:49 UTC 2020 /home/travis/build/icyphy/ptII/ptolemy/actor/lib/test/auto/ComplexDivide.xml
----------------- Instantiating /home/travis/build/icyphy/ptII/ptolemy/actor/lib/test/auto/ComplexDivide.xml
1 ms. Memory: 332800K Free: 272162K (82%)
----------------- Invoking toplevel() on ptolemy.moml.MoMLSimpleApplication@79901f89
----------------- Done invoking toplevel() on ptolemy.moml.MoMLSimpleApplication@79901f89
reloadAllAccessors: .ComplexDivide

===========================================================================================
----------------- testing Mon Mar 02 07:12:49 UTC 2020 /home/travis/build/icyphy/ptII/ptolemy/actor/lib/test/auto/ComputeHistogram.xml
----------------- Instantiating /home/travis/build/icyphy/ptII/ptolemy/actor/lib/test/auto/ComputeHistogram.xml
30 ms. Memory: 332800K Free: 259874K (78%)
----------------- Invoking toplevel() on ptolemy.moml.MoMLSimpleApplication@385c0b57
----------------- Done invoking toplevel() on ptolemy.moml.MoMLSimpleApplication@385c0b57
reloadAllAccessors: .ComputeHistogram

===========================================================================================
----------------- testing Mon Mar 02 07:12:49 UTC 2020 /home/travis/build/icyphy/ptII/ptolemy/actor/lib/test/auto/ConfigurationSelect.xml
----------------- Instantiating /home/travis/build/icyphy/ptII/ptolemy/actor/lib/test/auto/ConfigurationSelect.xml
2 ms. Memory: 332800K Free: 254244K (76%)
----------------- Invoking toplevel() on ptolemy.moml.MoMLSimpleApplication@27a8ee12
----------------- Done invoking toplevel() on ptolemy.moml.MoMLSimpleApplication@27a8ee12
reloadAllAccessors: .ConfigurationSelect

===========================================================================================
----------------- testing Mon Mar 02 07:12:49 UTC 2020 /home/travis/build/icyphy/ptII/ptolemy/actor/lib/test/auto/ConfigurationSelect2.xml
----------------- Instantiating /home/travis/build/icyphy/ptII/ptolemy/actor/lib/test/auto/ConfigurationSelect2.xml
1 ms. Memory: 332800K Free: 249634K (75%)
----------------- Invoking toplevel() on ptolemy.moml.MoMLSimpleApplication@72a0ee8b
----------------- Done invoking toplevel() on ptolemy.moml.MoMLSimpleApplication@72a0ee8b
reloadAllAccessors: .ConfigurationSelect2

===========================================================================================
----------------- testing Mon Mar 02 07:12:49 UTC 2020 /home/travis/build/icyphy/ptII/ptolemy/actor/lib/test/auto/ConfigurationSwitch.xml
----------------- Instantiating /home/travis/build/icyphy/ptII/ptolemy/actor/lib/test/auto/ConfigurationSwitch.xml
1 ms. Memory: 332800K Free: 244514K (73%)
----------------- Invoking toplevel() on ptolemy.moml.MoMLSimpleApplication@16aefce
----------------- Done invoking toplevel() on ptolemy.moml.MoMLSimpleApplication@16aefce
reloadAllAccessors: .ConfigurationSwitch

===========================================================================================
----------------- testing Mon Mar 02 07:12:49 UTC 2020 /home/travis/build/icyphy/ptII/ptolemy/actor/lib/test/auto/ConfigurationSwitch2.xml
----------------- Instantiating /home/travis/build/icyphy/ptII/ptolemy/actor/lib/test/auto/ConfigurationSwitch2.xml
4 ms. Memory: 332800K Free: 238884K (72%)
----------------- Invoking toplevel() on ptolemy.moml.MoMLSimpleApplication@bfcb363
----------------- Done invoking toplevel() on ptolemy.moml.MoMLSimpleApplication@bfcb363
reloadAllAccessors: .ConfigurationSwitch2

===========================================================================================
----------------- testing Mon Mar 02 07:12:49 UTC 2020 /home/travis/build/icyphy/ptII/ptolemy/actor/lib/test/auto/ConfigurationSwitchCloningBugWithClassRelationGroup.xml
----------------- Instantiating /home/travis/build/icyphy/ptII/ptolemy/actor/lib/test/auto/ConfigurationSwitchCloningBugWithClassRelationGroup.xml
1 ms. Memory: 332800K Free: 232740K (70%)
----------------- Invoking toplevel() on ptolemy.moml.MoMLSimpleApplication@45161502
----------------- Done invoking toplevel() on ptolemy.moml.MoMLSimpleApplication@45161502
reloadAllAccessors: .ConfigurationSwitchCloningBugWithClassRelationGroup

===========================================================================================
----------------- testing Mon Mar 02 07:12:49 UTC 2020 /home/travis/build/icyphy/ptII/ptolemy/actor/lib/test/auto/ConfigurationSwitchSelectSDF.xml
----------------- Instantiating /home/travis/build/icyphy/ptII/ptolemy/actor/lib/test/auto/ConfigurationSwitchSelectSDF.xml
4 ms. Memory: 332800K Free: 227106K (68%)
----------------- Invoking toplevel() on ptolemy.moml.MoMLSimpleApplication@49321a0c
----------------- Done invoking toplevel() on ptolemy.moml.MoMLSimpleApplication@49321a0c
reloadAllAccessors: .ConfigurationSwitchSelectSDF

===========================================================================================
----------------- testing Mon Mar 02 07:12:49 UTC 2020 /home/travis/build/icyphy/ptII/ptolemy/actor/lib/test/auto/ConfigurationSwitchSelectSDF2.xml
----------------- Instantiating /home/travis/build/icyphy/ptII/ptolemy/actor/lib/test/auto/ConfigurationSwitchSelectSDF2.xml
7 ms. Memory: 332800K Free: 220962K (66%)
----------------- Invoking toplevel() on ptolemy.moml.MoMLSimpleApplication@7f87af9e
----------------- Done invoking toplevel() on ptolemy.moml.MoMLSimpleApplication@7f87af9e
reloadAllAccessors: .ConfigurationSwitchSelectSDF2

===========================================================================================
----------------- testing Mon Mar 02 07:12:49 UTC 2020 /home/travis/build/icyphy/ptII/ptolemy/actor/lib/test/auto/Const.xml
----------------- Instantiating /home/travis/build/icyphy/ptII/ptolemy/actor/lib/test/auto/Const.xml
1 ms. Memory: 332800K Free: 217890K (65%)
----------------- Invoking toplevel() on ptolemy.moml.MoMLSimpleApplication@eaed208
----------------- Done invoking toplevel() on ptolemy.moml.MoMLSimpleApplication@eaed208
reloadAllAccessors: .Const

===========================================================================================
----------------- testing Mon Mar 02 07:12:49 UTC 2020 /home/travis/build/icyphy/ptII/ptolemy/actor/lib/test/auto/Const2.xml
----------------- Instantiating /home/travis/build/icyphy/ptII/ptolemy/actor/lib/test/auto/Const2.xml
2 ms. Memory: 332800K Free: 213794K (64%)
----------------- Invoking toplevel() on ptolemy.moml.MoMLSimpleApplication@94ae816
----------------- Done invoking toplevel() on ptolemy.moml.MoMLSimpleApplication@94ae816
reloadAllAccessors: .Const2

===========================================================================================
----------------- testing Mon Mar 02 07:12:49 UTC 2020 /home/travis/build/icyphy/ptII/ptolemy/actor/lib/test/auto/Const3.xml
----------------- Instantiating /home/travis/build/icyphy/ptII/ptolemy/actor/lib/test/auto/Const3.xml
1 ms. Memory: 332800K Free: 210722K (63%)
----------------- Invoking toplevel() on ptolemy.moml.MoMLSimpleApplication@3ddb3b88
----------------- Done invoking toplevel() on ptolemy.moml.MoMLSimpleApplication@3ddb3b88
reloadAllAccessors: .Const3

===========================================================================================
----------------- testing Mon Mar 02 07:12:49 UTC 2020 /home/travis/build/icyphy/ptII/ptolemy/actor/lib/test/auto/ConstantPublisherPort1.xml
----------------- Instantiating /home/travis/build/icyphy/ptII/ptolemy/actor/lib/test/auto/ConstantPublisherPort1.xml
6 ms. Memory: 332800K Free: 202530K (61%)
----------------- Invoking toplevel() on ptolemy.moml.MoMLSimpleApplication@198a5021
----------------- Done invoking toplevel() on ptolemy.moml.MoMLSimpleApplication@198a5021
reloadAllAccessors: .ConstantPublisherPort1

===========================================================================================
----------------- testing Mon Mar 02 07:12:49 UTC 2020 /home/travis/build/icyphy/ptII/ptolemy/actor/lib/test/auto/ConstantPublisherPort2.xml
----------------- Instantiating /home/travis/build/icyphy/ptII/ptolemy/actor/lib/test/auto/ConstantPublisherPort2.xml
11 ms. Memory: 332800K Free: 194338K (58%)
----------------- Invoking toplevel() on ptolemy.moml.MoMLSimpleApplication@2fa685b6
----------------- Done invoking toplevel() on ptolemy.moml.MoMLSimpleApplication@2fa685b6
reloadAllAccessors: .ConstantPublisherPort2

===========================================================================================
----------------- testing Mon Mar 02 07:12:49 UTC 2020 /home/travis/build/icyphy/ptII/ptolemy/actor/lib/test/auto/ConstantPublisherPort3.xml
----------------- Instantiating /home/travis/build/icyphy/ptII/ptolemy/actor/lib/test/auto/ConstantPublisherPort3.xml
7 ms. Memory: 332800K Free: 186660K (56%)
----------------- Invoking toplevel() on ptolemy.moml.MoMLSimpleApplication@478e3efd
----------------- Done invoking toplevel() on ptolemy.moml.MoMLSimpleApplication@478e3efd
reloadAllAccessors: .ConstantPublisherPort3

===========================================================================================
----------------- testing Mon Mar 02 07:12:49 UTC 2020 /home/travis/build/icyphy/ptII/ptolemy/actor/lib/test/auto/ConstantPublisherPort4.xml
----------------- Instantiating /home/travis/build/icyphy/ptII/ptolemy/actor/lib/test/auto/ConstantPublisherPort4.xml
4 ms. Memory: 332800K Free: 180002K (54%)
----------------- Invoking toplevel() on ptolemy.moml.MoMLSimpleApplication@44e3ef37
----------------- Done invoking toplevel() on ptolemy.moml.MoMLSimpleApplication@44e3ef37
reloadAllAccessors: .ConstantPublisherPort4

===========================================================================================
----------------- testing Mon Mar 02 07:12:49 UTC 2020 /home/travis/build/icyphy/ptII/ptolemy/actor/lib/test/auto/ConstantPublisherPort5.xml
----------------- Instantiating /home/travis/build/icyphy/ptII/ptolemy/actor/lib/test/auto/ConstantPublisherPort5.xml
31 ms. Memory: 332800K Free: 170276K (51%)
----------------- Invoking toplevel() on ptolemy.moml.MoMLSimpleApplication@1d808d9a
----------------- Done invoking toplevel() on ptolemy.moml.MoMLSimpleApplication@1d808d9a
reloadAllAccessors: .ConstantPublisherPort5

===========================================================================================
----------------- testing Mon Mar 02 07:12:49 UTC 2020 /home/travis/build/icyphy/ptII/ptolemy/actor/lib/test/auto/ConstantPublisherPort6.xml
----------------- Instantiating /home/travis/build/icyphy/ptII/ptolemy/actor/lib/test/auto/ConstantPublisherPort6.xml
18 ms. Memory: 332800K Free: 160546K (48%)
----------------- Invoking toplevel() on ptolemy.moml.MoMLSimpleApplication@1cf9a123
----------------- Done invoking toplevel() on ptolemy.moml.MoMLSimpleApplication@1cf9a123
reloadAllAccessors: .ConstantPublisherPort6

===========================================================================================
----------------- testing Mon Mar 02 07:12:49 UTC 2020 /home/travis/build/icyphy/ptII/ptolemy/actor/lib/test/auto/ConstantPublisherPort7.xml
----------------- Instantiating /home/travis/build/icyphy/ptII/ptolemy/actor/lib/test/auto/ConstantPublisherPort7.xml
16 ms. Memory: 332800K Free: 151844K (46%)
----------------- Invoking toplevel() on ptolemy.moml.MoMLSimpleApplication@2848f93c
----------------- Done invoking toplevel() on ptolemy.moml.MoMLSimpleApplication@2848f93c
reloadAllAccessors: .ConstantPublisherPort7

===========================================================================================
----------------- testing Mon Mar 02 07:12:49 UTC 2020 /home/travis/build/icyphy/ptII/ptolemy/actor/lib/test/auto/ConstraintMonitor1.xml
----------------- Instantiating /home/travis/build/icyphy/ptII/ptolemy/actor/lib/test/auto/ConstraintMonitor1.xml
5 ms. Memory: 332800K Free: 146724K (44%)
----------------- Invoking toplevel() on ptolemy.moml.MoMLSimpleApplication@53d6a1ff
----------------- Done invoking toplevel() on ptolemy.moml.MoMLSimpleApplication@53d6a1ff
reloadAllAccessors: .ConstraintMonitor1

===========================================================================================
----------------- testing Mon Mar 02 07:12:49 UTC 2020 /home/travis/build/icyphy/ptII/ptolemy/actor/lib/test/auto/ConstraintMonitor2.xml
----------------- Instantiating /home/travis/build/icyphy/ptII/ptolemy/actor/lib/test/auto/ConstraintMonitor2.xml
4 ms. Memory: 332800K Free: 142114K (43%)
----------------- Invoking toplevel() on ptolemy.moml.MoMLSimpleApplication@5e1fedcc
----------------- Done invoking toplevel() on ptolemy.moml.MoMLSimpleApplication@5e1fedcc
reloadAllAccessors: .ConstraintMonitor2

===========================================================================================
----------------- testing Mon Mar 02 07:12:49 UTC 2020 /home/travis/build/icyphy/ptII/ptolemy/actor/lib/test/auto/ConstraintMonitor3.xml
----------------- Instantiating /home/travis/build/icyphy/ptII/ptolemy/actor/lib/test/auto/ConstraintMonitor3.xml
5 ms. Memory: 332800K Free: 138018K (41%)
----------------- Invoking toplevel() on ptolemy.moml.MoMLSimpleApplication@3dfc9b83
----------------- Done invoking toplevel() on ptolemy.moml.MoMLSimpleApplication@3dfc9b83
reloadAllAccessors: .ConstraintMonitor3

===========================================================================================
----------------- testing Mon Mar 02 07:12:49 UTC 2020 /home/travis/build/icyphy/ptII/ptolemy/actor/lib/test/auto/ConstraintMonitor4.xml
----------------- Instantiating /home/travis/build/icyphy/ptII/ptolemy/actor/lib/test/auto/ConstraintMonitor4.xml
4 ms. Memory: 332800K Free: 132388K (40%)
----------------- Invoking toplevel() on ptolemy.moml.MoMLSimpleApplication@15b9c70
----------------- Done invoking toplevel() on ptolemy.moml.MoMLSimpleApplication@15b9c70
reloadAllAccessors: .ConstraintMonitor4

===========================================================================================
----------------- testing Mon Mar 02 07:12:49 UTC 2020 /home/travis/build/icyphy/ptII/ptolemy/actor/lib/test/auto/ConstraintMonitor5.xml
----------------- Instantiating /home/travis/build/icyphy/ptII/ptolemy/actor/lib/test/auto/ConstraintMonitor5.xml
4 ms. Memory: 332800K Free: 126754K (38%)
----------------- Invoking toplevel() on ptolemy.moml.MoMLSimpleApplication@39bea5fa
----------------- Done invoking toplevel() on ptolemy.moml.MoMLSimpleApplication@39bea5fa
reloadAllAccessors: .ConstraintMonitor5

===========================================================================================
----------------- testing Mon Mar 02 07:12:49 UTC 2020 /home/travis/build/icyphy/ptII/ptolemy/actor/lib/test/auto/ConstraintMonitor6.xml
----------------- Instantiating /home/travis/build/icyphy/ptII/ptolemy/actor/lib/test/auto/ConstraintMonitor6.xml
3 ms. Memory: 332800K Free: 121124K (36%)
----------------- Invoking toplevel() on ptolemy.moml.MoMLSimpleApplication@3ea44d92
----------------- Done invoking toplevel() on ptolemy.moml.MoMLSimpleApplication@3ea44d92
reloadAllAccessors: .ConstraintMonitor6

===========================================================================================
----------------- testing Mon Mar 02 07:12:49 UTC 2020 /home/travis/build/icyphy/ptII/ptolemy/actor/lib/test/auto/ConstraintMonitor7.xml
----------------- Instantiating /home/travis/build/icyphy/ptII/ptolemy/actor/lib/test/auto/ConstraintMonitor7.xml
2 ms. Memory: 332800K Free: 114980K (35%)
----------------- Invoking toplevel() on ptolemy.moml.MoMLSimpleApplication@31d1d819
----------------- Done invoking toplevel() on ptolemy.moml.MoMLSimpleApplication@31d1d819
reloadAllAccessors: .ConstraintMonitor7

===========================================================================================
----------------- testing Mon Mar 02 07:12:49 UTC 2020 /home/travis/build/icyphy/ptII/ptolemy/actor/lib/test/auto/ConstraintMonitor8.xml
----------------- Instantiating /home/travis/build/icyphy/ptII/ptolemy/actor/lib/test/auto/ConstraintMonitor8.xml
6 ms. Memory: 332800K Free: 107298K (32%)
----------------- Invoking toplevel() on ptolemy.moml.MoMLSimpleApplication@5ca5528
----------------- Done invoking toplevel() on ptolemy.moml.MoMLSimpleApplication@5ca5528
reloadAllAccessors: .ConstraintMonitor8

===========================================================================================
----------------- testing Mon Mar 02 07:12:49 UTC 2020 /home/travis/build/icyphy/ptII/ptolemy/actor/lib/test/auto/Counter.xml
----------------- Instantiating /home/travis/build/icyphy/ptII/ptolemy/actor/lib/test/auto/Counter.xml
3 ms. Memory: 332800K Free: 102692K (31%)
----------------- Invoking toplevel() on ptolemy.moml.MoMLSimpleApplication@731d416c
----------------- Done invoking toplevel() on ptolemy.moml.MoMLSimpleApplication@731d416c
reloadAllAccessors: .Counter

===========================================================================================
----------------- testing Mon Mar 02 07:12:49 UTC 2020 /home/travis/build/icyphy/ptII/ptolemy/actor/lib/test/auto/CurrentTimeSDF.xml
----------------- Instantiating /home/travis/build/icyphy/ptII/ptolemy/actor/lib/test/auto/CurrentTimeSDF.xml
2 ms. Memory: 332800K Free: 98596K (30%)
----------------- Invoking toplevel() on ptolemy.moml.MoMLSimpleApplication@5cc331
----------------- Done invoking toplevel() on ptolemy.moml.MoMLSimpleApplication@5cc331
reloadAllAccessors: .CurrentTimeSDF

===========================================================================================
----------------- testing Mon Mar 02 07:12:49 UTC 2020 /home/travis/build/icyphy/ptII/ptolemy/actor/lib/test/auto/DB.xml
----------------- Instantiating /home/travis/build/icyphy/ptII/ptolemy/actor/lib/test/auto/DB.xml
2 ms. Memory: 332800K Free: 92962K (28%)
----------------- Invoking toplevel() on ptolemy.moml.MoMLSimpleApplication@412e4dc8
----------------- Done invoking toplevel() on ptolemy.moml.MoMLSimpleApplication@412e4dc8
reloadAllAccessors: .DB

===========================================================================================
----------------- testing Mon Mar 02 07:12:50 UTC 2020 /home/travis/build/icyphy/ptII/ptolemy/actor/lib/test/auto/DBDE.xml
----------------- Instantiating /home/travis/build/icyphy/ptII/ptolemy/actor/lib/test/auto/DBDE.xml
2 ms. Memory: 332800K Free: 87332K (26%)
----------------- Invoking toplevel() on ptolemy.moml.MoMLSimpleApplication@3058c109
----------------- Done invoking toplevel() on ptolemy.moml.MoMLSimpleApplication@3058c109
reloadAllAccessors: .DBDE

===========================================================================================
----------------- testing Mon Mar 02 07:12:50 UTC 2020 /home/travis/build/icyphy/ptII/ptolemy/actor/lib/test/auto/DateConstructor.xml
----------------- Instantiating /home/travis/build/icyphy/ptII/ptolemy/actor/lib/test/auto/DateConstructor.xml
38 ms. Memory: 332800K Free: 267598K (80%)
----------------- Invoking toplevel() on ptolemy.moml.MoMLSimpleApplication@a8233b5
----------------- Done invoking toplevel() on ptolemy.moml.MoMLSimpleApplication@a8233b5
reloadAllAccessors: .DateConstructor

===========================================================================================
----------------- testing Mon Mar 02 07:12:50 UTC 2020 /home/travis/build/icyphy/ptII/ptolemy/actor/lib/test/auto/DelayTime.xml
----------------- Instantiating /home/travis/build/icyphy/ptII/ptolemy/actor/lib/test/auto/DelayTime.xml
5 ms. Memory: 332800K Free: 262478K (79%)
----------------- Invoking toplevel() on ptolemy.moml.MoMLSimpleApplication@2d279a0e
----------------- Done invoking toplevel() on ptolemy.moml.MoMLSimpleApplication@2d279a0e
reloadAllAccessors: .DelayTime

===========================================================================================
----------------- testing Mon Mar 02 07:12:50 UTC 2020 /home/travis/build/icyphy/ptII/ptolemy/actor/lib/test/auto/Dictionary1.xml
----------------- Instantiating /home/travis/build/icyphy/ptII/ptolemy/actor/lib/test/auto/Dictionary1.xml
6 ms. Memory: 332800K Free: 256844K (77%)
----------------- Invoking toplevel() on ptolemy.moml.MoMLSimpleApplication@59d82bd2
----------------- Done invoking toplevel() on ptolemy.moml.MoMLSimpleApplication@59d82bd2
reloadAllAccessors: .Dictionary1

===========================================================================================
----------------- testing Mon Mar 02 07:12:50 UTC 2020 /home/travis/build/icyphy/ptII/ptolemy/actor/lib/test/auto/Dictionary2.xml
----------------- Instantiating /home/travis/build/icyphy/ptII/ptolemy/actor/lib/test/auto/Dictionary2.xml
4 ms. Memory: 332800K Free: 251724K (76%)
----------------- Invoking toplevel() on ptolemy.moml.MoMLSimpleApplication@404c167f
----------------- Done invoking toplevel() on ptolemy.moml.MoMLSimpleApplication@404c167f
reloadAllAccessors: .Dictionary2

===========================================================================================
----------------- testing Mon Mar 02 07:12:50 UTC 2020 /home/travis/build/icyphy/ptII/ptolemy/actor/lib/test/auto/Dictionary3.xml
----------------- Instantiating /home/travis/build/icyphy/ptII/ptolemy/actor/lib/test/auto/Dictionary3.xml
2 ms. Memory: 332800K Free: 246094K (74%)
----------------- Invoking toplevel() on ptolemy.moml.MoMLSimpleApplication@1ddc9a16
----------------- Done invoking toplevel() on ptolemy.moml.MoMLSimpleApplication@1ddc9a16
reloadAllAccessors: .Dictionary3

===========================================================================================
----------------- testing Mon Mar 02 07:12:50 UTC 2020 /home/travis/build/icyphy/ptII/ptolemy/actor/lib/test/auto/Dictionary4.xml
----------------- Instantiating /home/travis/build/icyphy/ptII/ptolemy/actor/lib/test/auto/Dictionary4.xml
5 ms. Memory: 332800K Free: 238926K (72%)
----------------- Invoking toplevel() on ptolemy.moml.MoMLSimpleApplication@af2bd7b
----------------- Done invoking toplevel() on ptolemy.moml.MoMLSimpleApplication@af2bd7b
reloadAllAccessors: .Dictionary4

===========================================================================================
----------------- testing Mon Mar 02 07:12:50 UTC 2020 /home/travis/build/icyphy/ptII/ptolemy/actor/lib/test/auto/Differential.xml
----------------- Instantiating /home/travis/build/icyphy/ptII/ptolemy/actor/lib/test/auto/Differential.xml
2 ms. Memory: 332800K Free: 234830K (71%)
----------------- Invoking toplevel() on ptolemy.moml.MoMLSimpleApplication@548481fe
----------------- Done invoking toplevel() on ptolemy.moml.MoMLSimpleApplication@548481fe
reloadAllAccessors: .Differential

===========================================================================================
----------------- testing Mon Mar 02 07:12:50 UTC 2020 /home/travis/build/icyphy/ptII/ptolemy/actor/lib/test/auto/Director.xml
----------------- Instantiating /home/travis/build/icyphy/ptII/ptolemy/actor/lib/test/auto/Director.xml
4 ms. Memory: 332800K Free: 231244K (69%)
----------------- Invoking toplevel() on ptolemy.moml.MoMLSimpleApplication@70c67280
----------------- Done invoking toplevel() on ptolemy.moml.MoMLSimpleApplication@70c67280
reloadAllAccessors: .Director

===========================================================================================
----------------- testing Mon Mar 02 07:12:50 UTC 2020 /home/travis/build/icyphy/ptII/ptolemy/actor/lib/test/auto/DiscreteClock.xml
----------------- Instantiating /home/travis/build/icyphy/ptII/ptolemy/actor/lib/test/auto/DiscreteClock.xml
1 ms. Memory: 332800K Free: 227148K (68%)
----------------- Invoking toplevel() on ptolemy.moml.MoMLSimpleApplication@4f9232dd
----------------- Done invoking toplevel() on ptolemy.moml.MoMLSimpleApplication@4f9232dd
reloadAllAccessors: .DiscreteClock

===========================================================================================
----------------- testing Mon Mar 02 07:12:50 UTC 2020 /home/travis/build/icyphy/ptII/ptolemy/actor/lib/test/auto/DiscreteClock10.xml
----------------- Instantiating /home/travis/build/icyphy/ptII/ptolemy/actor/lib/test/auto/DiscreteClock10.xml
2 ms. Memory: 332800K Free: 221004K (66%)
----------------- Invoking toplevel() on ptolemy.moml.MoMLSimpleApplication@1fbac134
----------------- Done invoking toplevel() on ptolemy.moml.MoMLSimpleApplication@1fbac134
reloadAllAccessors: .DiscreteClock10

===========================================================================================
----------------- testing Mon Mar 02 07:12:50 UTC 2020 /home/travis/build/icyphy/ptII/ptolemy/actor/lib/test/auto/DiscreteClock11.xml
----------------- Instantiating /home/travis/build/icyphy/ptII/ptolemy/actor/lib/test/auto/DiscreteClock11.xml
3 ms. Memory: 332800K Free: 215374K (65%)
----------------- Invoking toplevel() on ptolemy.moml.MoMLSimpleApplication@26d019d
----------------- Done invoking toplevel() on ptolemy.moml.MoMLSimpleApplication@26d019d
reloadAllAccessors: .DiscreteClock11

===========================================================================================
----------------- testing Mon Mar 02 07:12:50 UTC 2020 /home/travis/build/icyphy/ptII/ptolemy/actor/lib/test/auto/DiscreteClock12.xml
----------------- Instantiating /home/travis/build/icyphy/ptII/ptolemy/actor/lib/test/auto/DiscreteClock12.xml
2 ms. Memory: 332800K Free: 209230K (63%)
----------------- Invoking toplevel() on ptolemy.moml.MoMLSimpleApplication@7a992113
----------------- Done invoking toplevel() on ptolemy.moml.MoMLSimpleApplication@7a992113
reloadAllAccessors: .DiscreteClock12

===========================================================================================
----------------- testing Mon Mar 02 07:12:50 UTC 2020 /home/travis/build/icyphy/ptII/ptolemy/actor/lib/test/auto/DiscreteClock13.xml
----------------- Instantiating /home/travis/build/icyphy/ptII/ptolemy/actor/lib/test/auto/DiscreteClock13.xml
5 ms. Memory: 332800K Free: 203086K (61%)
----------------- Invoking toplevel() on ptolemy.moml.MoMLSimpleApplication@658d0650
----------------- Done invoking toplevel() on ptolemy.moml.MoMLSimpleApplication@658d0650
reloadAllAccessors: .DiscreteClock13

===========================================================================================
----------------- testing Mon Mar 02 07:12:50 UTC 2020 /home/travis/build/icyphy/ptII/ptolemy/actor/lib/test/auto/DiscreteClock14.xml
----------------- Instantiating /home/travis/build/icyphy/ptII/ptolemy/actor/lib/test/auto/DiscreteClock14.xml
5 ms. Memory: 332800K Free: 197422K (59%)
----------------- Invoking toplevel() on ptolemy.moml.MoMLSimpleApplication@22704a6b
----------------- Done invoking toplevel() on ptolemy.moml.MoMLSimpleApplication@22704a6b
reloadAllAccessors: .DiscreteClock14

===========================================================================================
----------------- testing Mon Mar 02 07:12:50 UTC 2020 /home/travis/build/icyphy/ptII/ptolemy/actor/lib/test/auto/DiscreteClock15.xml
----------------- Instantiating /home/travis/build/icyphy/ptII/ptolemy/actor/lib/test/auto/DiscreteClock15.xml
4 ms. Memory: 332800K Free: 191278K (57%)
----------------- Invoking toplevel() on ptolemy.moml.MoMLSimpleApplication@950c2b0
----------------- Done invoking toplevel() on ptolemy.moml.MoMLSimpleApplication@950c2b0
reloadAllAccessors: .DiscreteClock15

===========================================================================================
----------------- testing Mon Mar 02 07:12:50 UTC 2020 /home/travis/build/icyphy/ptII/ptolemy/actor/lib/test/auto/DiscreteClock16.xml
----------------- Instantiating /home/travis/build/icyphy/ptII/ptolemy/actor/lib/test/auto/DiscreteClock16.xml
18 ms. Memory: 332800K Free: 177486K (53%)
----------------- Invoking toplevel() on ptolemy.moml.MoMLSimpleApplication@416f5283
----------------- Done invoking toplevel() on ptolemy.moml.MoMLSimpleApplication@416f5283
reloadAllAccessors: .DiscreteClock16

===========================================================================================
----------------- testing Mon Mar 02 07:12:50 UTC 2020 /home/travis/build/icyphy/ptII/ptolemy/actor/lib/test/auto/DiscreteClock17.xml
----------------- Instantiating /home/travis/build/icyphy/ptII/ptolemy/actor/lib/test/auto/DiscreteClock17.xml
17 ms. Memory: 332800K Free: 162622K (49%)
----------------- Invoking toplevel() on ptolemy.moml.MoMLSimpleApplication@1bb05765
----------------- Done invoking toplevel() on ptolemy.moml.MoMLSimpleApplication@1bb05765
reloadAllAccessors: .DiscreteClock17

===========================================================================================
----------------- testing Mon Mar 02 07:12:50 UTC 2020 /home/travis/build/icyphy/ptII/ptolemy/actor/lib/test/auto/DiscreteClock18.xml
----------------- Instantiating /home/travis/build/icyphy/ptII/ptolemy/actor/lib/test/auto/DiscreteClock18.xml
26 ms. Memory: 332800K Free: 148814K (45%)
----------------- Invoking toplevel() on ptolemy.moml.MoMLSimpleApplication@70e6fb8d
----------------- Done invoking toplevel() on ptolemy.moml.MoMLSimpleApplication@70e6fb8d
reloadAllAccessors: .DiscreteClock18

===========================================================================================
----------------- testing Mon Mar 02 07:12:50 UTC 2020 /home/travis/build/icyphy/ptII/ptolemy/actor/lib/test/auto/DiscreteClock19.xml
----------------- Instantiating /home/travis/build/icyphy/ptII/ptolemy/actor/lib/test/auto/DiscreteClock19.xml
19 ms. Memory: 332800K Free: 135502K (41%)
----------------- Invoking toplevel() on ptolemy.moml.MoMLSimpleApplication@742b7910
----------------- Done invoking toplevel() on ptolemy.moml.MoMLSimpleApplication@742b7910
reloadAllAccessors: .DiscreteClock19

===========================================================================================
----------------- testing Mon Mar 02 07:12:50 UTC 2020 /home/travis/build/icyphy/ptII/ptolemy/actor/lib/test/auto/DiscreteClock2.xml
----------------- Instantiating /home/travis/build/icyphy/ptII/ptolemy/actor/lib/test/auto/DiscreteClock2.xml
3 ms. Memory: 332800K Free: 130382K (39%)
----------------- Invoking toplevel() on ptolemy.moml.MoMLSimpleApplication@6672d4b8
----------------- Done invoking toplevel() on ptolemy.moml.MoMLSimpleApplication@6672d4b8
reloadAllAccessors: .DiscreteClock2

===========================================================================================
----------------- testing Mon Mar 02 07:12:50 UTC 2020 /home/travis/build/icyphy/ptII/ptolemy/actor/lib/test/auto/DiscreteClock20.xml
----------------- Instantiating /home/travis/build/icyphy/ptII/ptolemy/actor/lib/test/auto/DiscreteClock20.xml
7 ms. Memory: 332800K Free: 124748K (37%)
----------------- Invoking toplevel() on ptolemy.moml.MoMLSimpleApplication@4c11f6ed
----------------- Done invoking toplevel() on ptolemy.moml.MoMLSimpleApplication@4c11f6ed
reloadAllAccessors: .DiscreteClock20

===========================================================================================
----------------- testing Mon Mar 02 07:12:50 UTC 2020 /home/travis/build/icyphy/ptII/ptolemy/actor/lib/test/auto/DiscreteClock21.xml
----------------- Instantiating /home/travis/build/icyphy/ptII/ptolemy/actor/lib/test/auto/DiscreteClock21.xml
5 ms. Memory: 332800K Free: 119118K (36%)
----------------- Invoking toplevel() on ptolemy.moml.MoMLSimpleApplication@400203ef
----------------- Done invoking toplevel() on ptolemy.moml.MoMLSimpleApplication@400203ef
reloadAllAccessors: .DiscreteClock21

===========================================================================================
----------------- testing Mon Mar 02 07:12:50 UTC 2020 /home/travis/build/icyphy/ptII/ptolemy/actor/lib/test/auto/DiscreteClock22.xml
----------------- Instantiating /home/travis/build/icyphy/ptII/ptolemy/actor/lib/test/auto/DiscreteClock22.xml
5 ms. Memory: 332800K Free: 113998K (34%)
----------------- Invoking toplevel() on ptolemy.moml.MoMLSimpleApplication@539b556c
----------------- Done invoking toplevel() on ptolemy.moml.MoMLSimpleApplication@539b556c
reloadAllAccessors: .DiscreteClock22

===========================================================================================
----------------- testing Mon Mar 02 07:12:50 UTC 2020 /home/travis/build/icyphy/ptII/ptolemy/actor/lib/test/auto/DiscreteClock23.xml
----------------- Instantiating /home/travis/build/icyphy/ptII/ptolemy/actor/lib/test/auto/DiscreteClock23.xml
4 ms. Memory: 332800K Free: 108364K (33%)
----------------- Invoking toplevel() on ptolemy.moml.MoMLSimpleApplication@1ab3c7e6
----------------- Done invoking toplevel() on ptolemy.moml.MoMLSimpleApplication@1ab3c7e6
reloadAllAccessors: .DiscreteClock23

===========================================================================================
----------------- testing Mon Mar 02 07:12:50 UTC 2020 /home/travis/build/icyphy/ptII/ptolemy/actor/lib/test/auto/DiscreteClock24.xml
----------------- Instantiating /home/travis/build/icyphy/ptII/ptolemy/actor/lib/test/auto/DiscreteClock24.xml
4 ms. Memory: 332800K Free: 102734K (31%)
----------------- Invoking toplevel() on ptolemy.moml.MoMLSimpleApplication@536af5e1
----------------- Done invoking toplevel() on ptolemy.moml.MoMLSimpleApplication@536af5e1
reloadAllAccessors: .DiscreteClock24

===========================================================================================
----------------- testing Mon Mar 02 07:12:50 UTC 2020 /home/travis/build/icyphy/ptII/ptolemy/actor/lib/test/auto/DiscreteClock4.xml
----------------- Instantiating /home/travis/build/icyphy/ptII/ptolemy/actor/lib/test/auto/DiscreteClock4.xml
2 ms. Memory: 332800K Free: 97100K (29%)
----------------- Invoking toplevel() on ptolemy.moml.MoMLSimpleApplication@4dd7a3c8
----------------- Done invoking toplevel() on ptolemy.moml.MoMLSimpleApplication@4dd7a3c8
reloadAllAccessors: .DiscreteClock4

===========================================================================================
----------------- testing Mon Mar 02 07:12:50 UTC 2020 /home/travis/build/icyphy/ptII/ptolemy/actor/lib/test/auto/DiscreteClock5.xml
----------------- Instantiating /home/travis/build/icyphy/ptII/ptolemy/actor/lib/test/auto/DiscreteClock5.xml
1 ms. Memory: 332800K Free: 91980K (28%)
----------------- Invoking toplevel() on ptolemy.moml.MoMLSimpleApplication@7fd3094
----------------- Done invoking toplevel() on ptolemy.moml.MoMLSimpleApplication@7fd3094
reloadAllAccessors: .DiscreteClock5

===========================================================================================
----------------- testing Mon Mar 02 07:12:50 UTC 2020 /home/travis/build/icyphy/ptII/ptolemy/actor/lib/test/auto/DiscreteClock6.xml
----------------- Instantiating /home/travis/build/icyphy/ptII/ptolemy/actor/lib/test/auto/DiscreteClock6.xml
1 ms. Memory: 332800K Free: 87374K (26%)
----------------- Invoking toplevel() on ptolemy.moml.MoMLSimpleApplication@11b8bf31
----------------- Done invoking toplevel() on ptolemy.moml.MoMLSimpleApplication@11b8bf31
reloadAllAccessors: .DiscreteClock6

===========================================================================================
----------------- testing Mon Mar 02 07:12:50 UTC 2020 /home/travis/build/icyphy/ptII/ptolemy/actor/lib/test/auto/DiscreteClock7.xml
----------------- Instantiating /home/travis/build/icyphy/ptII/ptolemy/actor/lib/test/auto/DiscreteClock7.xml
2 ms. Memory: 332800K Free: 279887K (84%)
----------------- Invoking toplevel() on ptolemy.moml.MoMLSimpleApplication@61019ae2
----------------- Done invoking toplevel() on ptolemy.moml.MoMLSimpleApplication@61019ae2
reloadAllAccessors: .DiscreteClock7

===========================================================================================
----------------- testing Mon Mar 02 07:12:50 UTC 2020 /home/travis/build/icyphy/ptII/ptolemy/actor/lib/test/auto/DiscreteClock8.xml
----------------- Instantiating /home/travis/build/icyphy/ptII/ptolemy/actor/lib/test/auto/DiscreteClock8.xml
4 ms. Memory: 332800K Free: 274257K (82%)
----------------- Invoking toplevel() on ptolemy.moml.MoMLSimpleApplication@4134b084
----------------- Done invoking toplevel() on ptolemy.moml.MoMLSimpleApplication@4134b084
reloadAllAccessors: .DiscreteClock8

===========================================================================================
----------------- testing Mon Mar 02 07:12:50 UTC 2020 /home/travis/build/icyphy/ptII/ptolemy/actor/lib/test/auto/DiscreteClock9.xml
----------------- Instantiating /home/travis/build/icyphy/ptII/ptolemy/actor/lib/test/auto/DiscreteClock9.xml
4 ms. Memory: 332800K Free: 268609K (81%)
----------------- Invoking toplevel() on ptolemy.moml.MoMLSimpleApplication@1b6570a7
----------------- Done invoking toplevel() on ptolemy.moml.MoMLSimpleApplication@1b6570a7
reloadAllAccessors: .DiscreteClock9

===========================================================================================
----------------- testing Mon Mar 02 07:12:50 UTC 2020 /home/travis/build/icyphy/ptII/ptolemy/actor/lib/test/auto/DisplayArray.xml
----------------- Instantiating /home/travis/build/icyphy/ptII/ptolemy/actor/lib/test/auto/DisplayArray.xml
1 ms. Memory: 332800K Free: 265041K (80%)
----------------- Invoking toplevel() on ptolemy.moml.MoMLSimpleApplication@4abe0a43
----------------- Done invoking toplevel() on ptolemy.moml.MoMLSimpleApplication@4abe0a43
reloadAllAccessors: .DisplayArray

===========================================================================================
----------------- testing Mon Mar 02 07:12:50 UTC 2020 /home/travis/build/icyphy/ptII/ptolemy/actor/lib/test/auto/Distributor.xml
----------------- Instantiating /home/travis/build/icyphy/ptII/ptolemy/actor/lib/test/auto/Distributor.xml
1 ms. Memory: 332800K Free: 259921K (78%)
----------------- Invoking toplevel() on ptolemy.moml.MoMLSimpleApplication@752641eb
----------------- Done invoking toplevel() on ptolemy.moml.MoMLSimpleApplication@752641eb
reloadAllAccessors: .Distributor

===========================================================================================
----------------- testing Mon Mar 02 07:12:50 UTC 2020 /home/travis/build/icyphy/ptII/ptolemy/actor/lib/test/auto/Distributor2.xml
----------------- Instantiating /home/travis/build/icyphy/ptII/ptolemy/actor/lib/test/auto/Distributor2.xml
2 ms. Memory: 332800K Free: 254801K (77%)
----------------- Invoking toplevel() on ptolemy.moml.MoMLSimpleApplication@2cc0ca3a
----------------- Done invoking toplevel() on ptolemy.moml.MoMLSimpleApplication@2cc0ca3a
reloadAllAccessors: .Distributor2

===========================================================================================
----------------- testing Mon Mar 02 07:12:50 UTC 2020 /home/travis/build/icyphy/ptII/ptolemy/actor/lib/test/auto/DownSample.xml
----------------- Instantiating /home/travis/build/icyphy/ptII/ptolemy/actor/lib/test/auto/DownSample.xml
2 ms. Memory: 332800K Free: 250191K (75%)
----------------- Invoking toplevel() on ptolemy.moml.MoMLSimpleApplication@21cdfa47
----------------- Done invoking toplevel() on ptolemy.moml.MoMLSimpleApplication@21cdfa47
reloadAllAccessors: .DownSample

===========================================================================================
----------------- testing Mon Mar 02 07:12:50 UTC 2020 /home/travis/build/icyphy/ptII/ptolemy/actor/lib/test/auto/ElectronicUnitBase1.xml
----------------- Instantiating /home/travis/build/icyphy/ptII/ptolemy/actor/lib/test/auto/ElectronicUnitBase1.xml
16 ms. Memory: 332800K Free: 234831K (71%)
----------------- Invoking toplevel() on ptolemy.moml.MoMLSimpleApplication@280c8132
----------------- Done invoking toplevel() on ptolemy.moml.MoMLSimpleApplication@280c8132
reloadAllAccessors: .ElectronicUnitBase1

===========================================================================================
----------------- testing Mon Mar 02 07:12:51 UTC 2020 /home/travis/build/icyphy/ptII/ptolemy/actor/lib/test/auto/ElementsToArray.xml
----------------- Instantiating /home/travis/build/icyphy/ptII/ptolemy/actor/lib/test/auto/ElementsToArray.xml
4 ms. Memory: 332800K Free: 229201K (69%)
----------------- Invoking toplevel() on ptolemy.moml.MoMLSimpleApplication@45dc5f08
----------------- Done invoking toplevel() on ptolemy.moml.MoMLSimpleApplication@45dc5f08
reloadAllAccessors: .ElementsToArray

===========================================================================================
----------------- testing Mon Mar 02 07:12:51 UTC 2020 /home/travis/build/icyphy/ptII/ptolemy/actor/lib/test/auto/Equals.xml
----------------- Instantiating /home/travis/build/icyphy/ptII/ptolemy/actor/lib/test/auto/Equals.xml
3 ms. Memory: 332800K Free: 224591K (67%)
----------------- Invoking toplevel() on ptolemy.moml.MoMLSimpleApplication@23964003
----------------- Done invoking toplevel() on ptolemy.moml.MoMLSimpleApplication@23964003
reloadAllAccessors: .Equals

===========================================================================================
----------------- testing Mon Mar 02 07:12:51 UTC 2020 /home/travis/build/icyphy/ptII/ptolemy/actor/lib/test/auto/Exec.xml
----------------- Instantiating /home/travis/build/icyphy/ptII/ptolemy/actor/lib/test/auto/Exec.xml
18 ms. Memory: 332800K Free: 218447K (66%)
----------------- Invoking toplevel() on ptolemy.moml.MoMLSimpleApplication@8b44081
----------------- Done invoking toplevel() on ptolemy.moml.MoMLSimpleApplication@8b44081
reloadAllAccessors: .Exec

===========================================================================================
----------------- testing Mon Mar 02 07:12:51 UTC 2020 /home/travis/build/icyphy/ptII/ptolemy/actor/lib/test/auto/ExecEnvironment.xml
----------------- Instantiating /home/travis/build/icyphy/ptII/ptolemy/actor/lib/test/auto/ExecEnvironment.xml
33 ms. Memory: 332800K Free: 212817K (64%)
----------------- Invoking toplevel() on ptolemy.moml.MoMLSimpleApplication@2d49940a
----------------- Done invoking toplevel() on ptolemy.moml.MoMLSimpleApplication@2d49940a
reloadAllAccessors: .ExecEnvironment

===========================================================================================
----------------- testing Mon Mar 02 07:12:51 UTC 2020 /home/travis/build/icyphy/ptII/ptolemy/actor/lib/test/auto/ExecNonZeroReturnOutput.xml
----------------- Instantiating /home/travis/build/icyphy/ptII/ptolemy/actor/lib/test/auto/ExecNonZeroReturnOutput.xml
169 ms. Memory: 332800K Free: 202063K (61%)
----------------- Invoking toplevel() on ptolemy.moml.MoMLSimpleApplication@5a491038
----------------- Done invoking toplevel() on ptolemy.moml.MoMLSimpleApplication@5a491038
reloadAllAccessors: .ExecNonZeroReturnOutput

===========================================================================================
----------------- testing Mon Mar 02 07:12:51 UTC 2020 /home/travis/build/icyphy/ptII/ptolemy/actor/lib/test/auto/ExecRunDemos.xml
----------------- Instantiating /home/travis/build/icyphy/ptII/ptolemy/actor/lib/test/auto/ExecRunDemos.xml
Finished: 112 ms. Memory: 129024K Free: 112477K (87%)

Finished: 96 ms. Memory: 129024K Free: 109555K (85%)

Finished: 88 ms. Memory: 129024K Free: 109463K (85%)

Finished: 81 ms. Memory: 129024K Free: 111047K (86%)

Finished: 58 ms. Memory: 129024K Free: 112128K (87%)

10846 ms. Memory: 332800K Free: 180047K (54%)
----------------- Invoking toplevel() on ptolemy.moml.MoMLSimpleApplication@6b893585
----------------- Done invoking toplevel() on ptolemy.moml.MoMLSimpleApplication@6b893585
reloadAllAccessors: .ExecRunDemos

===========================================================================================
----------------- testing Mon Mar 02 07:13:02 UTC 2020 /home/travis/build/icyphy/ptII/ptolemy/actor/lib/test/auto/ExecStop.xml
----------------- Instantiating /home/travis/build/icyphy/ptII/ptolemy/actor/lib/test/auto/ExecStop.xml
5019 ms. Memory: 332800K Free: 239947K (72%)
----------------- Invoking toplevel() on ptolemy.moml.MoMLSimpleApplication@4583a281
----------------- Done invoking toplevel() on ptolemy.moml.MoMLSimpleApplication@4583a281
reloadAllAccessors: .ExecStop

===========================================================================================
----------------- testing Mon Mar 02 07:13:07 UTC 2020 /home/travis/build/icyphy/ptII/ptolemy/actor/lib/test/auto/ExecutionTimeSDF.xml
----------------- Instantiating /home/travis/build/icyphy/ptII/ptolemy/actor/lib/test/auto/ExecutionTimeSDF.xml
Fired ExecutionTime: -1008167296
Fired ExecutionTime: 1321200000
Fired ExecutionTime: -286567296
6006 ms. Memory: 332800K Free: 227378K (68%)
----------------- Invoking toplevel() on ptolemy.moml.MoMLSimpleApplication@31c412f1
----------------- Done invoking toplevel() on ptolemy.moml.MoMLSimpleApplication@31c412f1
reloadAllAccessors: .ExecutionTimeSDF

===========================================================================================
----------------- testing Mon Mar 02 07:13:13 UTC 2020 /home/travis/build/icyphy/ptII/ptolemy/actor/lib/test/auto/Expression1.xml
----------------- Instantiating /home/travis/build/icyphy/ptII/ptolemy/actor/lib/test/auto/Expression1.xml
1 ms. Memory: 332800K Free: 223860K (67%)
----------------- Invoking toplevel() on ptolemy.moml.MoMLSimpleApplication@3663ae70
----------------- Done invoking toplevel() on ptolemy.moml.MoMLSimpleApplication@3663ae70
reloadAllAccessors: .Expression1

===========================================================================================
----------------- testing Mon Mar 02 07:13:13 UTC 2020 /home/travis/build/icyphy/ptII/ptolemy/actor/lib/test/auto/Expression10.xml
----------------- Instantiating /home/travis/build/icyphy/ptII/ptolemy/actor/lib/test/auto/Expression10.xml
8 ms. Memory: 332800K Free: 218208K (66%)
----------------- Invoking toplevel() on ptolemy.moml.MoMLSimpleApplication@6735ac16
----------------- Done invoking toplevel() on ptolemy.moml.MoMLSimpleApplication@6735ac16
reloadAllAccessors: .Expression10

===========================================================================================
----------------- testing Mon Mar 02 07:13:13 UTC 2020 /home/travis/build/icyphy/ptII/ptolemy/actor/lib/test/auto/Expression11.xml
----------------- Instantiating /home/travis/build/icyphy/ptII/ptolemy/actor/lib/test/auto/Expression11.xml
2 ms. Memory: 332800K Free: 213581K (64%)
----------------- Invoking toplevel() on ptolemy.moml.MoMLSimpleApplication@2d137de2
----------------- Done invoking toplevel() on ptolemy.moml.MoMLSimpleApplication@2d137de2
reloadAllAccessors: .Expression11

===========================================================================================
----------------- testing Mon Mar 02 07:13:13 UTC 2020 /home/travis/build/icyphy/ptII/ptolemy/actor/lib/test/auto/Expression12.xml
----------------- Instantiating /home/travis/build/icyphy/ptII/ptolemy/actor/lib/test/auto/Expression12.xml
2 ms. Memory: 332800K Free: 208500K (63%)
----------------- Invoking toplevel() on ptolemy.moml.MoMLSimpleApplication@5e1dd502
----------------- Done invoking toplevel() on ptolemy.moml.MoMLSimpleApplication@5e1dd502
reloadAllAccessors: .Expression12

===========================================================================================
----------------- testing Mon Mar 02 07:13:13 UTC 2020 /home/travis/build/icyphy/ptII/ptolemy/actor/lib/test/auto/Expression13.xml
----------------- Instantiating /home/travis/build/icyphy/ptII/ptolemy/actor/lib/test/auto/Expression13.xml
4 ms. Memory: 332800K Free: 203358K (61%)
----------------- Invoking toplevel() on ptolemy.moml.MoMLSimpleApplication@1aeae9d0
----------------- Done invoking toplevel() on ptolemy.moml.MoMLSimpleApplication@1aeae9d0
reloadAllAccessors: .Expression13

===========================================================================================
----------------- testing Mon Mar 02 07:13:13 UTC 2020 /home/travis/build/icyphy/ptII/ptolemy/actor/lib/test/auto/Expression14.xml
----------------- Instantiating /home/travis/build/icyphy/ptII/ptolemy/actor/lib/test/auto/Expression14.xml
7 ms. Memory: 332800K Free: 197214K (59%)
----------------- Invoking toplevel() on ptolemy.moml.MoMLSimpleApplication@52137665
----------------- Done invoking toplevel() on ptolemy.moml.MoMLSimpleApplication@52137665
reloadAllAccessors: .Expression14

===========================================================================================
----------------- testing Mon Mar 02 07:13:13 UTC 2020 /home/travis/build/icyphy/ptII/ptolemy/actor/lib/test/auto/Expression15.xml
----------------- Instantiating /home/travis/build/icyphy/ptII/ptolemy/actor/lib/test/auto/Expression15.xml
1 ms. Memory: 332800K Free: 193126K (58%)
----------------- Invoking toplevel() on ptolemy.moml.MoMLSimpleApplication@24399166
----------------- Done invoking toplevel() on ptolemy.moml.MoMLSimpleApplication@24399166
reloadAllAccessors: .Expression15

===========================================================================================
----------------- testing Mon Mar 02 07:13:13 UTC 2020 /home/travis/build/icyphy/ptII/ptolemy/actor/lib/test/auto/Expression16.xml
----------------- Instantiating /home/travis/build/icyphy/ptII/ptolemy/actor/lib/test/auto/Expression16.xml
3 ms. Memory: 332800K Free: 188512K (57%)
----------------- Invoking toplevel() on ptolemy.moml.MoMLSimpleApplication@a0f136f
----------------- Done invoking toplevel() on ptolemy.moml.MoMLSimpleApplication@a0f136f
reloadAllAccessors: .Expression16

===========================================================================================
----------------- testing Mon Mar 02 07:13:13 UTC 2020 /home/travis/build/icyphy/ptII/ptolemy/actor/lib/test/auto/Expression17.xml
----------------- Instantiating /home/travis/build/icyphy/ptII/ptolemy/actor/lib/test/auto/Expression17.xml
3 ms. Memory: 332800K Free: 183392K (55%)
----------------- Invoking toplevel() on ptolemy.moml.MoMLSimpleApplication@5538c6d
----------------- Done invoking toplevel() on ptolemy.moml.MoMLSimpleApplication@5538c6d
reloadAllAccessors: .Expression17

===========================================================================================
----------------- testing Mon Mar 02 07:13:13 UTC 2020 /home/travis/build/icyphy/ptII/ptolemy/actor/lib/test/auto/Expression18.xml
----------------- Instantiating /home/travis/build/icyphy/ptII/ptolemy/actor/lib/test/auto/Expression18.xml
3 ms. Memory: 332800K Free: 178258K (54%)
----------------- Invoking toplevel() on ptolemy.moml.MoMLSimpleApplication@27fb8750
----------------- Done invoking toplevel() on ptolemy.moml.MoMLSimpleApplication@27fb8750
reloadAllAccessors: .Expression18

===========================================================================================
----------------- testing Mon Mar 02 07:13:13 UTC 2020 /home/travis/build/icyphy/ptII/ptolemy/actor/lib/test/auto/Expression2.xml
----------------- Instantiating /home/travis/build/icyphy/ptII/ptolemy/actor/lib/test/auto/Expression2.xml
2 ms. Memory: 332800K Free: 173152K (52%)
----------------- Invoking toplevel() on ptolemy.moml.MoMLSimpleApplication@7891ce4d
----------------- Done invoking toplevel() on ptolemy.moml.MoMLSimpleApplication@7891ce4d
reloadAllAccessors: .Expression2

===========================================================================================
----------------- testing Mon Mar 02 07:13:13 UTC 2020 /home/travis/build/icyphy/ptII/ptolemy/actor/lib/test/auto/Expression3.xml
----------------- Instantiating /home/travis/build/icyphy/ptII/ptolemy/actor/lib/test/auto/Expression3.xml
6 ms. Memory: 332800K Free: 168032K (50%)
----------------- Invoking toplevel() on ptolemy.moml.MoMLSimpleApplication@448ba3c3
----------------- Done invoking toplevel() on ptolemy.moml.MoMLSimpleApplication@448ba3c3
reloadAllAccessors: .Expression3

===========================================================================================
----------------- testing Mon Mar 02 07:13:13 UTC 2020 /home/travis/build/icyphy/ptII/ptolemy/actor/lib/test/auto/Expression4.xml
----------------- Instantiating /home/travis/build/icyphy/ptII/ptolemy/actor/lib/test/auto/Expression4.xml
5 ms. Memory: 332800K Free: 160856K (48%)
----------------- Invoking toplevel() on ptolemy.moml.MoMLSimpleApplication@7fb92dca
----------------- Done invoking toplevel() on ptolemy.moml.MoMLSimpleApplication@7fb92dca
reloadAllAccessors: .Expression4

===========================================================================================
----------------- testing Mon Mar 02 07:13:13 UTC 2020 /home/travis/build/icyphy/ptII/ptolemy/actor/lib/test/auto/Expression5.xml
----------------- Instantiating /home/travis/build/icyphy/ptII/ptolemy/actor/lib/test/auto/Expression5.xml
3 ms. Memory: 332800K Free: 155744K (47%)
----------------- Invoking toplevel() on ptolemy.moml.MoMLSimpleApplication@76b0b7c2
----------------- Done invoking toplevel() on ptolemy.moml.MoMLSimpleApplication@76b0b7c2
reloadAllAccessors: .Expression5

===========================================================================================
----------------- testing Mon Mar 02 07:13:13 UTC 2020 /home/travis/build/icyphy/ptII/ptolemy/actor/lib/test/auto/Expression6.xml
----------------- Instantiating /home/travis/build/icyphy/ptII/ptolemy/actor/lib/test/auto/Expression6.xml
2 ms. Memory: 332800K Free: 151156K (45%)
----------------- Invoking toplevel() on ptolemy.moml.MoMLSimpleApplication@32c5e35f
----------------- Done invoking toplevel() on ptolemy.moml.MoMLSimpleApplication@32c5e35f
reloadAllAccessors: .Expression6

===========================================================================================
----------------- testing Mon Mar 02 07:13:13 UTC 2020 /home/travis/build/icyphy/ptII/ptolemy/actor/lib/test/auto/Expression7.xml
----------------- Instantiating /home/travis/build/icyphy/ptII/ptolemy/actor/lib/test/auto/Expression7.xml
2 ms. Memory: 332800K Free: 146006K (44%)
----------------- Invoking toplevel() on ptolemy.moml.MoMLSimpleApplication@6d621d0a
----------------- Done invoking toplevel() on ptolemy.moml.MoMLSimpleApplication@6d621d0a
reloadAllAccessors: .Expression7

===========================================================================================
----------------- testing Mon Mar 02 07:13:13 UTC 2020 /home/travis/build/icyphy/ptII/ptolemy/actor/lib/test/auto/Expression8.xml
----------------- Instantiating /home/travis/build/icyphy/ptII/ptolemy/actor/lib/test/auto/Expression8.xml
7 ms. Memory: 332800K Free: 140916K (42%)
----------------- Invoking toplevel() on ptolemy.moml.MoMLSimpleApplication@33e9a0fb
----------------- Done invoking toplevel() on ptolemy.moml.MoMLSimpleApplication@33e9a0fb
reloadAllAccessors: .Expression8

===========================================================================================
----------------- testing Mon Mar 02 07:13:13 UTC 2020 /home/travis/build/icyphy/ptII/ptolemy/actor/lib/test/auto/Expression9.xml
----------------- Instantiating /home/travis/build/icyphy/ptII/ptolemy/actor/lib/test/auto/Expression9.xml
1 ms. Memory: 332800K Free: 137312K (41%)
----------------- Invoking toplevel() on ptolemy.moml.MoMLSimpleApplication@41f88473
----------------- Done invoking toplevel() on ptolemy.moml.MoMLSimpleApplication@41f88473
reloadAllAccessors: .Expression9

===========================================================================================
----------------- testing Mon Mar 02 07:13:13 UTC 2020 /home/travis/build/icyphy/ptII/ptolemy/actor/lib/test/auto/ExpressionConcatenateArrayType.xml
----------------- Instantiating /home/travis/build/icyphy/ptII/ptolemy/actor/lib/test/auto/ExpressionConcatenateArrayType.xml
3 ms. Memory: 332800K Free: 131146K (39%)
----------------- Invoking toplevel() on ptolemy.moml.MoMLSimpleApplication@5fa0c730
----------------- Done invoking toplevel() on ptolemy.moml.MoMLSimpleApplication@5fa0c730
reloadAllAccessors: .ExpressionConcatenateArrayType

===========================================================================================
----------------- testing Mon Mar 02 07:13:13 UTC 2020 /home/travis/build/icyphy/ptII/ptolemy/actor/lib/test/auto/ExpressionConcatenateArrayType2.xml
----------------- Instantiating /home/travis/build/icyphy/ptII/ptolemy/actor/lib/test/auto/ExpressionConcatenateArrayType2.xml
2 ms. Memory: 332800K Free: 125517K (38%)
----------------- Invoking toplevel() on ptolemy.moml.MoMLSimpleApplication@7b44bcb0
----------------- Done invoking toplevel() on ptolemy.moml.MoMLSimpleApplication@7b44bcb0
reloadAllAccessors: .ExpressionConcatenateArrayType2

===========================================================================================
----------------- testing Mon Mar 02 07:13:13 UTC 2020 /home/travis/build/icyphy/ptII/ptolemy/actor/lib/test/auto/ExpressionFix.xml
----------------- Instantiating /home/travis/build/icyphy/ptII/ptolemy/actor/lib/test/auto/ExpressionFix.xml
22 ms. Memory: 332800K Free: 118880K (36%)
----------------- Invoking toplevel() on ptolemy.moml.MoMLSimpleApplication@15ea0ace
----------------- Done invoking toplevel() on ptolemy.moml.MoMLSimpleApplication@15ea0ace
reloadAllAccessors: .ExpressionFix

===========================================================================================
----------------- testing Mon Mar 02 07:13:13 UTC 2020 /home/travis/build/icyphy/ptII/ptolemy/actor/lib/test/auto/ExpressionFix2.xml
----------------- Instantiating /home/travis/build/icyphy/ptII/ptolemy/actor/lib/test/auto/ExpressionFix2.xml
3 ms. Memory: 332800K Free: 114292K (34%)
----------------- Invoking toplevel() on ptolemy.moml.MoMLSimpleApplication@2fce0805
----------------- Done invoking toplevel() on ptolemy.moml.MoMLSimpleApplication@2fce0805
reloadAllAccessors: .ExpressionFix2

===========================================================================================
----------------- testing Mon Mar 02 07:13:13 UTC 2020 /home/travis/build/icyphy/ptII/ptolemy/actor/lib/test/auto/ExpressionFix3.xml
----------------- Instantiating /home/travis/build/icyphy/ptII/ptolemy/actor/lib/test/auto/ExpressionFix3.xml
2 ms. Memory: 332800K Free: 110196K (33%)
----------------- Invoking toplevel() on ptolemy.moml.MoMLSimpleApplication@7c2006ca
----------------- Done invoking toplevel() on ptolemy.moml.MoMLSimpleApplication@7c2006ca
reloadAllAccessors: .ExpressionFix3

===========================================================================================
----------------- testing Mon Mar 02 07:13:13 UTC 2020 /home/travis/build/icyphy/ptII/ptolemy/actor/lib/test/auto/FileWriter1.xml
----------------- Instantiating /home/travis/build/icyphy/ptII/ptolemy/actor/lib/test/auto/FileWriter1.xml
2 ms. Memory: 332800K Free: 106078K (32%)
----------------- Invoking toplevel() on ptolemy.moml.MoMLSimpleApplication@69d27b70
----------------- Done invoking toplevel() on ptolemy.moml.MoMLSimpleApplication@69d27b70
reloadAllAccessors: .FileWriter1

===========================================================================================
----------------- testing Mon Mar 02 07:13:13 UTC 2020 /home/travis/build/icyphy/ptII/ptolemy/actor/lib/test/auto/FileWriter2.xml
----------------- Instantiating /home/travis/build/icyphy/ptII/ptolemy/actor/lib/test/auto/FileWriter2.xml
3 ms. Memory: 332800K Free: 101472K (30%)
----------------- Invoking toplevel() on ptolemy.moml.MoMLSimpleApplication@355ac03f
----------------- Done invoking toplevel() on ptolemy.moml.MoMLSimpleApplication@355ac03f
reloadAllAccessors: .FileWriter2

===========================================================================================
----------------- testing Mon Mar 02 07:13:13 UTC 2020 /home/travis/build/icyphy/ptII/ptolemy/actor/lib/test/auto/FileWriter3.xml
----------------- Instantiating /home/travis/build/icyphy/ptII/ptolemy/actor/lib/test/auto/FileWriter3.xml
4 ms. Memory: 332800K Free: 97354K (29%)
----------------- Invoking toplevel() on ptolemy.moml.MoMLSimpleApplication@61892754
----------------- Done invoking toplevel() on ptolemy.moml.MoMLSimpleApplication@61892754
reloadAllAccessors: .FileWriter3

===========================================================================================
----------------- testing Mon Mar 02 07:13:13 UTC 2020 /home/travis/build/icyphy/ptII/ptolemy/actor/lib/test/auto/Gaussian.xml
----------------- Instantiating /home/travis/build/icyphy/ptII/ptolemy/actor/lib/test/auto/Gaussian.xml
2 ms. Memory: 332800K Free: 92788K (28%)
----------------- Invoking toplevel() on ptolemy.moml.MoMLSimpleApplication@4e1bb3b2
----------------- Done invoking toplevel() on ptolemy.moml.MoMLSimpleApplication@4e1bb3b2
reloadAllAccessors: .Gaussian

===========================================================================================
----------------- testing Mon Mar 02 07:13:13 UTC 2020 /home/travis/build/icyphy/ptII/ptolemy/actor/lib/test/auto/Gaussian1.xml
----------------- Instantiating /home/travis/build/icyphy/ptII/ptolemy/actor/lib/test/auto/Gaussian1.xml
15 ms. Memory: 332800K Free: 283530K (85%)
----------------- Invoking toplevel() on ptolemy.moml.MoMLSimpleApplication@4610e0f7
----------------- Done invoking toplevel() on ptolemy.moml.MoMLSimpleApplication@4610e0f7
reloadAllAccessors: .Gaussian1

===========================================================================================
----------------- testing Mon Mar 02 07:13:13 UTC 2020 /home/travis/build/icyphy/ptII/ptolemy/actor/lib/test/auto/Gaussian2.xml
----------------- Instantiating /home/travis/build/icyphy/ptII/ptolemy/actor/lib/test/auto/Gaussian2.xml
8 ms. Memory: 332800K Free: 277362K (83%)
----------------- Invoking toplevel() on ptolemy.moml.MoMLSimpleApplication@644a2081
----------------- Done invoking toplevel() on ptolemy.moml.MoMLSimpleApplication@644a2081
reloadAllAccessors: .Gaussian2

===========================================================================================
----------------- testing Mon Mar 02 07:13:13 UTC 2020 /home/travis/build/icyphy/ptII/ptolemy/actor/lib/test/auto/GradientAdaptiveLattice.xml
----------------- Instantiating /home/travis/build/icyphy/ptII/ptolemy/actor/lib/test/auto/GradientAdaptiveLattice.xml
2 ms. Memory: 332800K Free: 272256K (82%)
----------------- Invoking toplevel() on ptolemy.moml.MoMLSimpleApplication@34d136f8
----------------- Done invoking toplevel() on ptolemy.moml.MoMLSimpleApplication@34d136f8
reloadAllAccessors: .GradientAdaptiveLattice

===========================================================================================
----------------- testing Mon Mar 02 07:13:13 UTC 2020 /home/travis/build/icyphy/ptII/ptolemy/actor/lib/test/auto/IIR.xml
----------------- Instantiating /home/travis/build/icyphy/ptII/ptolemy/actor/lib/test/auto/IIR.xml
1 ms. Memory: 332800K Free: 267650K (80%)
----------------- Invoking toplevel() on ptolemy.moml.MoMLSimpleApplication@7fd7fa62
----------------- Done invoking toplevel() on ptolemy.moml.MoMLSimpleApplication@7fd7fa62
reloadAllAccessors: .IIR

===========================================================================================
----------------- testing Mon Mar 02 07:13:13 UTC 2020 /home/travis/build/icyphy/ptII/ptolemy/actor/lib/test/auto/InputOutputTransparentPorts.xml
----------------- Instantiating /home/travis/build/icyphy/ptII/ptolemy/actor/lib/test/auto/InputOutputTransparentPorts.xml
2 ms. Memory: 332800K Free: 259968K (78%)
----------------- Invoking toplevel() on ptolemy.moml.MoMLSimpleApplication@14c98f7b
----------------- Done invoking toplevel() on ptolemy.moml.MoMLSimpleApplication@14c98f7b
reloadAllAccessors: .InputOutputTransparentPorts

===========================================================================================
----------------- testing Mon Mar 02 07:13:13 UTC 2020 /home/travis/build/icyphy/ptII/ptolemy/actor/lib/test/auto/Interpolator.xml
----------------- Instantiating /home/travis/build/icyphy/ptII/ptolemy/actor/lib/test/auto/Interpolator.xml
6 ms. Memory: 332800K Free: 255872K (77%)
----------------- Invoking toplevel() on ptolemy.moml.MoMLSimpleApplication@5d019971
----------------- Done invoking toplevel() on ptolemy.moml.MoMLSimpleApplication@5d019971
reloadAllAccessors: .Interpolator

===========================================================================================
----------------- testing Mon Mar 02 07:13:13 UTC 2020 /home/travis/build/icyphy/ptII/ptolemy/actor/lib/test/auto/InterpolatorFiringLimitDE.xml
----------------- Instantiating /home/travis/build/icyphy/ptII/ptolemy/actor/lib/test/auto/InterpolatorFiringLimitDE.xml
2 ms. Memory: 332800K Free: 249218K (75%)
----------------- Invoking toplevel() on ptolemy.moml.MoMLSimpleApplication@7df2aa43
----------------- Done invoking toplevel() on ptolemy.moml.MoMLSimpleApplication@7df2aa43
reloadAllAccessors: .InterpolatorFiringLimitDE

===========================================================================================
----------------- testing Mon Mar 02 07:13:13 UTC 2020 /home/travis/build/icyphy/ptII/ptolemy/actor/lib/test/auto/Lattice.xml
----------------- Instantiating /home/travis/build/icyphy/ptII/ptolemy/actor/lib/test/auto/Lattice.xml
1 ms. Memory: 332800K Free: 245122K (74%)
----------------- Invoking toplevel() on ptolemy.moml.MoMLSimpleApplication@1602bc
----------------- Done invoking toplevel() on ptolemy.moml.MoMLSimpleApplication@1602bc
reloadAllAccessors: .Lattice

===========================================================================================
----------------- testing Mon Mar 02 07:13:14 UTC 2020 /home/travis/build/icyphy/ptII/ptolemy/actor/lib/test/auto/LazyAOCTestLazy.xml
----------------- Instantiating /home/travis/build/icyphy/ptII/ptolemy/actor/lib/test/auto/LazyAOCTestLazy.xml
8 ms. Memory: 332800K Free: 238978K (72%)
----------------- Invoking toplevel() on ptolemy.moml.MoMLSimpleApplication@4b1ac08a
----------------- Done invoking toplevel() on ptolemy.moml.MoMLSimpleApplication@4b1ac08a
reloadAllAccessors: .LazyAOCTestLazy

===========================================================================================
----------------- testing Mon Mar 02 07:13:14 UTC 2020 /home/travis/build/icyphy/ptII/ptolemy/actor/lib/test/auto/LazyAOCTestNonLazy.xml
----------------- Instantiating /home/travis/build/icyphy/ptII/ptolemy/actor/lib/test/auto/LazyAOCTestNonLazy.xml
2 ms. Memory: 332800K Free: 232320K (70%)
----------------- Invoking toplevel() on ptolemy.moml.MoMLSimpleApplication@d9cc7a3
----------------- Done invoking toplevel() on ptolemy.moml.MoMLSimpleApplication@d9cc7a3
reloadAllAccessors: .LazyAOCTestNonLazy

===========================================================================================
----------------- testing Mon Mar 02 07:13:14 UTC 2020 /home/travis/build/icyphy/ptII/ptolemy/actor/lib/test/auto/LazyInnerClass.xml
----------------- Instantiating /home/travis/build/icyphy/ptII/ptolemy/actor/lib/test/auto/LazyInnerClass.xml
19 ms. Memory: 332800K Free: 223618K (67%)
----------------- Invoking toplevel() on ptolemy.moml.MoMLSimpleApplication@18e109c
----------------- Done invoking toplevel() on ptolemy.moml.MoMLSimpleApplication@18e109c
reloadAllAccessors: .LazyInnerClass

===========================================================================================
----------------- testing Mon Mar 02 07:13:14 UTC 2020 /home/travis/build/icyphy/ptII/ptolemy/actor/lib/test/auto/LazyPubSub.xml
----------------- Instantiating /home/travis/build/icyphy/ptII/ptolemy/actor/lib/test/auto/LazyPubSub.xml
25 ms. Memory: 332800K Free: 213378K (64%)
----------------- Invoking toplevel() on ptolemy.moml.MoMLSimpleApplication@6b175f88
----------------- Done invoking toplevel() on ptolemy.moml.MoMLSimpleApplication@6b175f88
reloadAllAccessors: .LazyPubSub

===========================================================================================
----------------- testing Mon Mar 02 07:13:14 UTC 2020 /home/travis/build/icyphy/ptII/ptolemy/actor/lib/test/auto/LazyPubSub2.xml
----------------- Instantiating /home/travis/build/icyphy/ptII/ptolemy/actor/lib/test/auto/LazyPubSub2.xml
13 ms. Memory: 332800K Free: 203648K (61%)
----------------- Invoking toplevel() on ptolemy.moml.MoMLSimpleApplication@6725cd41
----------------- Done invoking toplevel() on ptolemy.moml.MoMLSimpleApplication@6725cd41
reloadAllAccessors: .LazyPubSub2

===========================================================================================
----------------- testing Mon Mar 02 07:13:14 UTC 2020 /home/travis/build/icyphy/ptII/ptolemy/actor/lib/test/auto/LazyPubSub3.xml
----------------- Instantiating /home/travis/build/icyphy/ptII/ptolemy/actor/lib/test/auto/LazyPubSub3.xml
16 ms. Memory: 332800K Free: 193408K (58%)
----------------- Invoking toplevel() on ptolemy.moml.MoMLSimpleApplication@699aab1b
----------------- Done invoking toplevel() on ptolemy.moml.MoMLSimpleApplication@699aab1b
reloadAllAccessors: .LazyPubSub3

===========================================================================================
----------------- testing Mon Mar 02 07:13:14 UTC 2020 /home/travis/build/icyphy/ptII/ptolemy/actor/lib/test/auto/LazySubClassModel.xml
----------------- Instantiating /home/travis/build/icyphy/ptII/ptolemy/actor/lib/test/auto/LazySubClassModel.xml
2 ms. Memory: 332800K Free: 184706K (56%)
----------------- Invoking toplevel() on ptolemy.moml.MoMLSimpleApplication@3a4662b7
----------------- Done invoking toplevel() on ptolemy.moml.MoMLSimpleApplication@3a4662b7
reloadAllAccessors: .LazySubClassModel

===========================================================================================
----------------- testing Mon Mar 02 07:13:14 UTC 2020 /home/travis/build/icyphy/ptII/ptolemy/actor/lib/test/auto/LevelCrossTest1.xml
----------------- Instantiating /home/travis/build/icyphy/ptII/ptolemy/actor/lib/test/auto/LevelCrossTest1.xml
1 ms. Memory: 332800K Free: 179072K (54%)
----------------- Invoking toplevel() on ptolemy.moml.MoMLSimpleApplication@195d308c
----------------- Done invoking toplevel() on ptolemy.moml.MoMLSimpleApplication@195d308c
reloadAllAccessors: .broken

===========================================================================================
----------------- testing Mon Mar 02 07:13:14 UTC 2020 /home/travis/build/icyphy/ptII/ptolemy/actor/lib/test/auto/LevelCrossTest10.xml
----------------- Instantiating /home/travis/build/icyphy/ptII/ptolemy/actor/lib/test/auto/LevelCrossTest10.xml
1 ms. Memory: 332800K Free: 170880K (51%)
----------------- Invoking toplevel() on ptolemy.moml.MoMLSimpleApplication@2776ee62
----------------- Done invoking toplevel() on ptolemy.moml.MoMLSimpleApplication@2776ee62
reloadAllAccessors: .LevelCrossTest10

===========================================================================================
----------------- testing Mon Mar 02 07:13:14 UTC 2020 /home/travis/build/icyphy/ptII/ptolemy/actor/lib/test/auto/LevelCrossTest11.xml
----------------- Instantiating /home/travis/build/icyphy/ptII/ptolemy/actor/lib/test/auto/LevelCrossTest11.xml
1 ms. Memory: 332800K Free: 164226K (49%)
----------------- Invoking toplevel() on ptolemy.moml.MoMLSimpleApplication@359f13d3
----------------- Done invoking toplevel() on ptolemy.moml.MoMLSimpleApplication@359f13d3
reloadAllAccessors: .LevelCrossTest11

===========================================================================================
----------------- testing Mon Mar 02 07:13:14 UTC 2020 /home/travis/build/icyphy/ptII/ptolemy/actor/lib/test/auto/LevelCrossTest12.xml
----------------- Instantiating /home/travis/build/icyphy/ptII/ptolemy/actor/lib/test/auto/LevelCrossTest12.xml
1 ms. Memory: 332800K Free: 157568K (47%)
----------------- Invoking toplevel() on ptolemy.moml.MoMLSimpleApplication@77d63064
----------------- Done invoking toplevel() on ptolemy.moml.MoMLSimpleApplication@77d63064
reloadAllAccessors: .LevelCrossTest12

===========================================================================================
----------------- testing Mon Mar 02 07:13:14 UTC 2020 /home/travis/build/icyphy/ptII/ptolemy/actor/lib/test/auto/LevelCrossTest13.xml
----------------- Instantiating /home/travis/build/icyphy/ptII/ptolemy/actor/lib/test/auto/LevelCrossTest13.xml
1 ms. Memory: 332800K Free: 149890K (45%)
----------------- Invoking toplevel() on ptolemy.moml.MoMLSimpleApplication@58c44330
----------------- Done invoking toplevel() on ptolemy.moml.MoMLSimpleApplication@58c44330
reloadAllAccessors: .LevelCrossTest13

===========================================================================================
----------------- testing Mon Mar 02 07:13:14 UTC 2020 /home/travis/build/icyphy/ptII/ptolemy/actor/lib/test/auto/LevelCrossTest2.xml
----------------- Instantiating /home/travis/build/icyphy/ptII/ptolemy/actor/lib/test/auto/LevelCrossTest2.xml
1 ms. Memory: 332800K Free: 144256K (43%)
----------------- Invoking toplevel() on ptolemy.moml.MoMLSimpleApplication@267ddd79
----------------- Done invoking toplevel() on ptolemy.moml.MoMLSimpleApplication@267ddd79
reloadAllAccessors: .broken

===========================================================================================
----------------- testing Mon Mar 02 07:13:14 UTC 2020 /home/travis/build/icyphy/ptII/ptolemy/actor/lib/test/auto/LevelCrossTest3.xml
----------------- Instantiating /home/travis/build/icyphy/ptII/ptolemy/actor/lib/test/auto/LevelCrossTest3.xml
1 ms. Memory: 332800K Free: 137602K (41%)
----------------- Invoking toplevel() on ptolemy.moml.MoMLSimpleApplication@3689b745
----------------- Done invoking toplevel() on ptolemy.moml.MoMLSimpleApplication@3689b745
reloadAllAccessors: .LevelCrossTest3

===========================================================================================
----------------- testing Mon Mar 02 07:13:14 UTC 2020 /home/travis/build/icyphy/ptII/ptolemy/actor/lib/test/auto/LevelCrossTest4.xml
----------------- Instantiating /home/travis/build/icyphy/ptII/ptolemy/actor/lib/test/auto/LevelCrossTest4.xml
1 ms. Memory: 332800K Free: 131968K (40%)
----------------- Invoking toplevel() on ptolemy.moml.MoMLSimpleApplication@553a8919
----------------- Done invoking toplevel() on ptolemy.moml.MoMLSimpleApplication@553a8919
reloadAllAccessors: .broken

===========================================================================================
----------------- testing Mon Mar 02 07:13:14 UTC 2020 /home/travis/build/icyphy/ptII/ptolemy/actor/lib/test/auto/LevelCrossTest5.xml
----------------- Instantiating /home/travis/build/icyphy/ptII/ptolemy/actor/lib/test/auto/LevelCrossTest5.xml
3 ms. Memory: 332800K Free: 125314K (38%)
----------------- Invoking toplevel() on ptolemy.moml.MoMLSimpleApplication@57ea8fa6
----------------- Done invoking toplevel() on ptolemy.moml.MoMLSimpleApplication@57ea8fa6
reloadAllAccessors: .LevelCrossTest5

===========================================================================================
----------------- testing Mon Mar 02 07:13:14 UTC 2020 /home/travis/build/icyphy/ptII/ptolemy/actor/lib/test/auto/LevelCrossTest6.xml
----------------- Instantiating /home/travis/build/icyphy/ptII/ptolemy/actor/lib/test/auto/LevelCrossTest6.xml
1 ms. Memory: 332800K Free: 117632K (35%)
----------------- Invoking toplevel() on ptolemy.moml.MoMLSimpleApplication@11189ba6
----------------- Done invoking toplevel() on ptolemy.moml.MoMLSimpleApplication@11189ba6
reloadAllAccessors: .LevelCrossTest6

===========================================================================================
----------------- testing Mon Mar 02 07:13:14 UTC 2020 /home/travis/build/icyphy/ptII/ptolemy/actor/lib/test/auto/LevelCrossTest7.xml
----------------- Instantiating /home/travis/build/icyphy/ptII/ptolemy/actor/lib/test/auto/LevelCrossTest7.xml
1 ms. Memory: 332800K Free: 109954K (33%)
----------------- Invoking toplevel() on ptolemy.moml.MoMLSimpleApplication@6db619c2
----------------- Done invoking toplevel() on ptolemy.moml.MoMLSimpleApplication@6db619c2
reloadAllAccessors: .LevelCrossTest7

===========================================================================================
----------------- testing Mon Mar 02 07:13:14 UTC 2020 /home/travis/build/icyphy/ptII/ptolemy/actor/lib/test/auto/LevelCrossTest8.xml
----------------- Instantiating /home/travis/build/icyphy/ptII/ptolemy/actor/lib/test/auto/LevelCrossTest8.xml
1 ms. Memory: 332800K Free: 103296K (31%)
----------------- Invoking toplevel() on ptolemy.moml.MoMLSimpleApplication@78d25aa
----------------- Done invoking toplevel() on ptolemy.moml.MoMLSimpleApplication@78d25aa
reloadAllAccessors: .LevelCrossTest8

===========================================================================================
----------------- testing Mon Mar 02 07:13:14 UTC 2020 /home/travis/build/icyphy/ptII/ptolemy/actor/lib/test/auto/LevelCrossTest9.xml
----------------- Instantiating /home/travis/build/icyphy/ptII/ptolemy/actor/lib/test/auto/LevelCrossTest9.xml
1 ms. Memory: 332800K Free: 96642K (29%)
----------------- Invoking toplevel() on ptolemy.moml.MoMLSimpleApplication@8ac6b29
----------------- Done invoking toplevel() on ptolemy.moml.MoMLSimpleApplication@8ac6b29
reloadAllAccessors: .LevelCrossTest9

===========================================================================================
----------------- testing Mon Mar 02 07:13:14 UTC 2020 /home/travis/build/icyphy/ptII/ptolemy/actor/lib/test/auto/LevinsonDurbin.xml
----------------- Instantiating /home/travis/build/icyphy/ptII/ptolemy/actor/lib/test/auto/LevinsonDurbin.xml
9 ms. Memory: 332800K Free: 92546K (28%)
----------------- Invoking toplevel() on ptolemy.moml.MoMLSimpleApplication@13212ff1
----------------- Done invoking toplevel() on ptolemy.moml.MoMLSimpleApplication@13212ff1
reloadAllAccessors: .LevinsonDurbin

===========================================================================================
----------------- testing Mon Mar 02 07:13:14 UTC 2020 /home/travis/build/icyphy/ptII/ptolemy/actor/lib/test/auto/LevinsonDurbin2.xml
----------------- Instantiating /home/travis/build/icyphy/ptII/ptolemy/actor/lib/test/auto/LevinsonDurbin2.xml
2 ms. Memory: 332800K Free: 88450K (27%)
----------------- Invoking toplevel() on ptolemy.moml.MoMLSimpleApplication@68026837
----------------- Done invoking toplevel() on ptolemy.moml.MoMLSimpleApplication@68026837
reloadAllAccessors: .LevinsonDurbin2

===========================================================================================
----------------- testing Mon Mar 02 07:13:14 UTC 2020 /home/travis/build/icyphy/ptII/ptolemy/actor/lib/test/auto/LevinsonDurbin3.xml
----------------- Instantiating /home/travis/build/icyphy/ptII/ptolemy/actor/lib/test/auto/LevinsonDurbin3.xml
6 ms. Memory: 332800K Free: 281211K (84%)
----------------- Invoking toplevel() on ptolemy.moml.MoMLSimpleApplication@5e484878
----------------- Done invoking toplevel() on ptolemy.moml.MoMLSimpleApplication@5e484878
reloadAllAccessors: .LevinsonDurbin3

===========================================================================================
----------------- testing Mon Mar 02 07:13:14 UTC 2020 /home/travis/build/icyphy/ptII/ptolemy/actor/lib/test/auto/Limiter.xml
----------------- Instantiating /home/travis/build/icyphy/ptII/ptolemy/actor/lib/test/auto/Limiter.xml
4 ms. Memory: 332800K Free: 271995K (82%)
----------------- Invoking toplevel() on ptolemy.moml.MoMLSimpleApplication@7a2c1f5c
----------------- Done invoking toplevel() on ptolemy.moml.MoMLSimpleApplication@7a2c1f5c
reloadAllAccessors: .Limiter

===========================================================================================
----------------- testing Mon Mar 02 07:13:14 UTC 2020 /home/travis/build/icyphy/ptII/ptolemy/actor/lib/test/auto/LinearDifferenceEquationSystem.xml
----------------- Instantiating /home/travis/build/icyphy/ptII/ptolemy/actor/lib/test/auto/LinearDifferenceEquationSystem.xml
5 ms. Memory: 332800K Free: 264313K (79%)
----------------- Invoking toplevel() on ptolemy.moml.MoMLSimpleApplication@3a0503ff
----------------- Done invoking toplevel() on ptolemy.moml.MoMLSimpleApplication@3a0503ff
reloadAllAccessors: .LinearDifferenceEquationSystem

===========================================================================================
----------------- testing Mon Mar 02 07:13:14 UTC 2020 /home/travis/build/icyphy/ptII/ptolemy/actor/lib/test/auto/LookupTable.xml
----------------- Instantiating /home/travis/build/icyphy/ptII/ptolemy/actor/lib/test/auto/LookupTable.xml
2 ms. Memory: 332800K Free: 259707K (78%)
----------------- Invoking toplevel() on ptolemy.moml.MoMLSimpleApplication@6fef499d
----------------- Done invoking toplevel() on ptolemy.moml.MoMLSimpleApplication@6fef499d
reloadAllAccessors: .LookupTable

===========================================================================================
----------------- testing Mon Mar 02 07:13:14 UTC 2020 /home/travis/build/icyphy/ptII/ptolemy/actor/lib/test/auto/MathFunction.xml
----------------- Instantiating /home/travis/build/icyphy/ptII/ptolemy/actor/lib/test/auto/MathFunction.xml
3 ms. Memory: 332800K Free: 251515K (76%)
----------------- Invoking toplevel() on ptolemy.moml.MoMLSimpleApplication@3558ef69
----------------- Done invoking toplevel() on ptolemy.moml.MoMLSimpleApplication@3558ef69
reloadAllAccessors: .MathFunction

===========================================================================================
----------------- testing Mon Mar 02 07:13:14 UTC 2020 /home/travis/build/icyphy/ptII/ptolemy/actor/lib/test/auto/MathFunction2.xml
----------------- Instantiating /home/travis/build/icyphy/ptII/ptolemy/actor/lib/test/auto/MathFunction2.xml
1 ms. Memory: 332800K Free: 247419K (74%)
----------------- Invoking toplevel() on ptolemy.moml.MoMLSimpleApplication@44c0ac42
----------------- Done invoking toplevel() on ptolemy.moml.MoMLSimpleApplication@44c0ac42
reloadAllAccessors: .MathFunction2

===========================================================================================
----------------- testing Mon Mar 02 07:13:14 UTC 2020 /home/travis/build/icyphy/ptII/ptolemy/actor/lib/test/auto/MathFunction3.xml
----------------- Instantiating /home/travis/build/icyphy/ptII/ptolemy/actor/lib/test/auto/MathFunction3.xml
4 ms. Memory: 332800K Free: 240251K (72%)
----------------- Invoking toplevel() on ptolemy.moml.MoMLSimpleApplication@602257a1
----------------- Done invoking toplevel() on ptolemy.moml.MoMLSimpleApplication@602257a1
reloadAllAccessors: .MathFunction3

===========================================================================================
----------------- testing Mon Mar 02 07:13:14 UTC 2020 /home/travis/build/icyphy/ptII/ptolemy/actor/lib/test/auto/MatrixCropBoolean.xml
----------------- Instantiating /home/travis/build/icyphy/ptII/ptolemy/actor/lib/test/auto/MatrixCropBoolean.xml
2 ms. Memory: 332800K Free: 235641K (71%)
----------------- Invoking toplevel() on ptolemy.moml.MoMLSimpleApplication@2ccae57e
----------------- Done invoking toplevel() on ptolemy.moml.MoMLSimpleApplication@2ccae57e
reloadAllAccessors: .MatrixCropBoolean

===========================================================================================
----------------- testing Mon Mar 02 07:13:14 UTC 2020 /home/travis/build/icyphy/ptII/ptolemy/actor/lib/test/auto/MatrixCropComplex.xml
----------------- Instantiating /home/travis/build/icyphy/ptII/ptolemy/actor/lib/test/auto/MatrixCropComplex.xml
2 ms. Memory: 332800K Free: 230491K (69%)
----------------- Invoking toplevel() on ptolemy.moml.MoMLSimpleApplication@2de89763
----------------- Done invoking toplevel() on ptolemy.moml.MoMLSimpleApplication@2de89763
reloadAllAccessors: .MatrixCropComplex

===========================================================================================
----------------- testing Mon Mar 02 07:13:14 UTC 2020 /home/travis/build/icyphy/ptII/ptolemy/actor/lib/test/auto/MatrixCropDouble.xml
----------------- Instantiating /home/travis/build/icyphy/ptII/ptolemy/actor/lib/test/auto/MatrixCropDouble.xml
2 ms. Memory: 332800K Free: 225915K (68%)
----------------- Invoking toplevel() on ptolemy.moml.MoMLSimpleApplication@1bb73087
----------------- Done invoking toplevel() on ptolemy.moml.MoMLSimpleApplication@1bb73087
reloadAllAccessors: .MatrixCropDouble

===========================================================================================
----------------- testing Mon Mar 02 07:13:14 UTC 2020 /home/travis/build/icyphy/ptII/ptolemy/actor/lib/test/auto/MatrixCropFix.xml
----------------- Instantiating /home/travis/build/icyphy/ptII/ptolemy/actor/lib/test/auto/MatrixCropFix.xml
1 ms. Memory: 332800K Free: 220795K (66%)
----------------- Invoking toplevel() on ptolemy.moml.MoMLSimpleApplication@139b1c8b
----------------- Done invoking toplevel() on ptolemy.moml.MoMLSimpleApplication@139b1c8b
reloadAllAccessors: .MatrixCropFix

===========================================================================================
----------------- testing Mon Mar 02 07:13:14 UTC 2020 /home/travis/build/icyphy/ptII/ptolemy/actor/lib/test/auto/MatrixCropInt.xml
----------------- Instantiating /home/travis/build/icyphy/ptII/ptolemy/actor/lib/test/auto/MatrixCropInt.xml
2 ms. Memory: 332800K Free: 216179K (65%)
----------------- Invoking toplevel() on ptolemy.moml.MoMLSimpleApplication@5a6bba94
----------------- Done invoking toplevel() on ptolemy.moml.MoMLSimpleApplication@5a6bba94
reloadAllAccessors: .MatrixCropInt

===========================================================================================
----------------- testing Mon Mar 02 07:13:14 UTC 2020 /home/travis/build/icyphy/ptII/ptolemy/actor/lib/test/auto/MatrixCropLong.xml
----------------- Instantiating /home/travis/build/icyphy/ptII/ptolemy/actor/lib/test/auto/MatrixCropLong.xml
1 ms. Memory: 332800K Free: 211035K (63%)
----------------- Invoking toplevel() on ptolemy.moml.MoMLSimpleApplication@544683f8
----------------- Done invoking toplevel() on ptolemy.moml.MoMLSimpleApplication@544683f8
reloadAllAccessors: .MatrixCropLong

===========================================================================================
----------------- testing Mon Mar 02 07:13:14 UTC 2020 /home/travis/build/icyphy/ptII/ptolemy/actor/lib/test/auto/MatrixToArray.xml
----------------- Instantiating /home/travis/build/icyphy/ptII/ptolemy/actor/lib/test/auto/MatrixToArray.xml
16 ms. Memory: 332800K Free: 196219K (59%)
----------------- Invoking toplevel() on ptolemy.moml.MoMLSimpleApplication@16ad1371
----------------- Done invoking toplevel() on ptolemy.moml.MoMLSimpleApplication@16ad1371
reloadAllAccessors: .MatrixToArray

===========================================================================================
----------------- testing Mon Mar 02 07:13:14 UTC 2020 /home/travis/build/icyphy/ptII/ptolemy/actor/lib/test/auto/MaxIndex.xml
----------------- Instantiating /home/travis/build/icyphy/ptII/ptolemy/actor/lib/test/auto/MaxIndex.xml
2 ms. Memory: 332800K Free: 191099K (57%)
----------------- Invoking toplevel() on ptolemy.moml.MoMLSimpleApplication@57fbd317
----------------- Done invoking toplevel() on ptolemy.moml.MoMLSimpleApplication@57fbd317
reloadAllAccessors: .MaxIndex

===========================================================================================
----------------- testing Mon Mar 02 07:13:14 UTC 2020 /home/travis/build/icyphy/ptII/ptolemy/actor/lib/test/auto/Maximum.xml
----------------- Instantiating /home/travis/build/icyphy/ptII/ptolemy/actor/lib/test/auto/Maximum.xml
2 ms. Memory: 332800K Free: 184411K (55%)
----------------- Invoking toplevel() on ptolemy.moml.MoMLSimpleApplication@4b8f6d23
----------------- Done invoking toplevel() on ptolemy.moml.MoMLSimpleApplication@4b8f6d23
reloadAllAccessors: .Maximum

===========================================================================================
----------------- testing Mon Mar 02 07:13:14 UTC 2020 /home/travis/build/icyphy/ptII/ptolemy/actor/lib/test/auto/MaximumComplex.xml
----------------- Instantiating /home/travis/build/icyphy/ptII/ptolemy/actor/lib/test/auto/MaximumComplex.xml
7 ms. Memory: 332800K Free: 178283K (54%)
----------------- Invoking toplevel() on ptolemy.moml.MoMLSimpleApplication@78ed4de3
----------------- Done invoking toplevel() on ptolemy.moml.MoMLSimpleApplication@78ed4de3
reloadAllAccessors: .MaximumComplex

===========================================================================================
----------------- testing Mon Mar 02 07:13:14 UTC 2020 /home/travis/build/icyphy/ptII/ptolemy/actor/lib/test/auto/MethodCallTest.xml
----------------- Instantiating /home/travis/build/icyphy/ptII/ptolemy/actor/lib/test/auto/MethodCallTest.xml
2 ms. Memory: 332800K Free: 171643K (52%)
----------------- Invoking toplevel() on ptolemy.moml.MoMLSimpleApplication@26bbfd8
----------------- Done invoking toplevel() on ptolemy.moml.MoMLSimpleApplication@26bbfd8
reloadAllAccessors: .MethodCallTest

===========================================================================================
----------------- testing Mon Mar 02 07:13:14 UTC 2020 /home/travis/build/icyphy/ptII/ptolemy/actor/lib/test/auto/Minimum.xml
----------------- Instantiating /home/travis/build/icyphy/ptII/ptolemy/actor/lib/test/auto/Minimum.xml
2 ms. Memory: 332800K Free: 165499K (50%)
----------------- Invoking toplevel() on ptolemy.moml.MoMLSimpleApplication@7408d664
----------------- Done invoking toplevel() on ptolemy.moml.MoMLSimpleApplication@7408d664
reloadAllAccessors: .Minimum

===========================================================================================
----------------- testing Mon Mar 02 07:13:14 UTC 2020 /home/travis/build/icyphy/ptII/ptolemy/actor/lib/test/auto/MinimumComplex.xml
----------------- Instantiating /home/travis/build/icyphy/ptII/ptolemy/actor/lib/test/auto/MinimumComplex.xml
3 ms. Memory: 332800K Free: 159355K (48%)
----------------- Invoking toplevel() on ptolemy.moml.MoMLSimpleApplication@5e6dd997
----------------- Done invoking toplevel() on ptolemy.moml.MoMLSimpleApplication@5e6dd997
reloadAllAccessors: .MinimumComplex

===========================================================================================
----------------- testing Mon Mar 02 07:13:14 UTC 2020 /home/travis/build/icyphy/ptII/ptolemy/actor/lib/test/auto/MinimumMultiports.xml
----------------- Instantiating /home/travis/build/icyphy/ptII/ptolemy/actor/lib/test/auto/MinimumMultiports.xml
3 ms. Memory: 332800K Free: 150619K (45%)
----------------- Invoking toplevel() on ptolemy.moml.MoMLSimpleApplication@69d9c206
----------------- Done invoking toplevel() on ptolemy.moml.MoMLSimpleApplication@69d9c206
reloadAllAccessors: .MinimumMultiports

===========================================================================================
----------------- testing Mon Mar 02 07:13:15 UTC 2020 /home/travis/build/icyphy/ptII/ptolemy/actor/lib/test/auto/ModifyDate.xml
----------------- Instantiating /home/travis/build/icyphy/ptII/ptolemy/actor/lib/test/auto/ModifyDate.xml
8 ms. Memory: 332800K Free: 137337K (41%)
----------------- Invoking toplevel() on ptolemy.moml.MoMLSimpleApplication@27ae4676
----------------- Done invoking toplevel() on ptolemy.moml.MoMLSimpleApplication@27ae4676
reloadAllAccessors: .ModifyDate

===========================================================================================
----------------- testing Mon Mar 02 07:13:15 UTC 2020 /home/travis/build/icyphy/ptII/ptolemy/actor/lib/test/auto/ModifyDate2.xml
----------------- Instantiating /home/travis/build/icyphy/ptII/ptolemy/actor/lib/test/auto/ModifyDate2.xml
6 ms. Memory: 332800K Free: 128635K (39%)
----------------- Invoking toplevel() on ptolemy.moml.MoMLSimpleApplication@57f592f6
----------------- Done invoking toplevel() on ptolemy.moml.MoMLSimpleApplication@57f592f6
reloadAllAccessors: .ModifyDate2

===========================================================================================
----------------- testing Mon Mar 02 07:13:15 UTC 2020 /home/travis/build/icyphy/ptII/ptolemy/actor/lib/test/auto/MovingAverage.xml
----------------- Instantiating /home/travis/build/icyphy/ptII/ptolemy/actor/lib/test/auto/MovingAverage.xml
2 ms. Memory: 332800K Free: 123515K (37%)
----------------- Invoking toplevel() on ptolemy.moml.MoMLSimpleApplication@3f52000d
----------------- Done invoking toplevel() on ptolemy.moml.MoMLSimpleApplication@3f52000d
reloadAllAccessors: .MovingAverage

===========================================================================================
----------------- testing Mon Mar 02 07:13:15 UTC 2020 /home/travis/build/icyphy/ptII/ptolemy/actor/lib/test/auto/MovingMaximum.xml
----------------- Instantiating /home/travis/build/icyphy/ptII/ptolemy/actor/lib/test/auto/MovingMaximum.xml
1 ms. Memory: 332800K Free: 118905K (36%)
----------------- Invoking toplevel() on ptolemy.moml.MoMLSimpleApplication@67c2af99
----------------- Done invoking toplevel() on ptolemy.moml.MoMLSimpleApplication@67c2af99
reloadAllAccessors: .MovingMaximum

===========================================================================================
----------------- testing Mon Mar 02 07:13:15 UTC 2020 /home/travis/build/icyphy/ptII/ptolemy/actor/lib/test/auto/MultipleLinksToSameRelation.xml
----------------- Instantiating /home/travis/build/icyphy/ptII/ptolemy/actor/lib/test/auto/MultipleLinksToSameRelation.xml
2 ms. Memory: 332800K Free: 114809K (34%)
----------------- Invoking toplevel() on ptolemy.moml.MoMLSimpleApplication@2eff187
----------------- Done invoking toplevel() on ptolemy.moml.MoMLSimpleApplication@2eff187
reloadAllAccessors: .MultipleLinksToSameRelation

===========================================================================================
----------------- testing Mon Mar 02 07:13:15 UTC 2020 /home/travis/build/icyphy/ptII/ptolemy/actor/lib/test/auto/MultipleLinksToSameRelationDE.xml
----------------- Instantiating /home/travis/build/icyphy/ptII/ptolemy/actor/lib/test/auto/MultipleLinksToSameRelationDE.xml
10 ms. Memory: 332800K Free: 110203K (33%)
----------------- Invoking toplevel() on ptolemy.moml.MoMLSimpleApplication@662047af
----------------- Done invoking toplevel() on ptolemy.moml.MoMLSimpleApplication@662047af
reloadAllAccessors: .MultipleLinksToSameRelationDE

===========================================================================================
----------------- testing Mon Mar 02 07:13:15 UTC 2020 /home/travis/build/icyphy/ptII/ptolemy/actor/lib/test/auto/Multiplexor.xml
----------------- Instantiating /home/travis/build/icyphy/ptII/ptolemy/actor/lib/test/auto/Multiplexor.xml
2 ms. Memory: 332800K Free: 104569K (31%)
----------------- Invoking toplevel() on ptolemy.moml.MoMLSimpleApplication@47e0942b
----------------- Done invoking toplevel() on ptolemy.moml.MoMLSimpleApplication@47e0942b
reloadAllAccessors: .Multiplexor

===========================================================================================
----------------- testing Mon Mar 02 07:13:15 UTC 2020 /home/travis/build/icyphy/ptII/ptolemy/actor/lib/test/auto/Multiplexor1.xml
----------------- Instantiating /home/travis/build/icyphy/ptII/ptolemy/actor/lib/test/auto/Multiplexor1.xml
3 ms. Memory: 332800K Free: 98395K (30%)
----------------- Invoking toplevel() on ptolemy.moml.MoMLSimpleApplication@48ae3572
----------------- Done invoking toplevel() on ptolemy.moml.MoMLSimpleApplication@48ae3572
reloadAllAccessors: .Multiplexor1

===========================================================================================
----------------- testing Mon Mar 02 07:13:15 UTC 2020 /home/travis/build/icyphy/ptII/ptolemy/actor/lib/test/auto/Multiplexor2.xml
----------------- Instantiating /home/travis/build/icyphy/ptII/ptolemy/actor/lib/test/auto/Multiplexor2.xml
4 ms. Memory: 332800K Free: 91771K (28%)
----------------- Invoking toplevel() on ptolemy.moml.MoMLSimpleApplication@7946f975
----------------- Done invoking toplevel() on ptolemy.moml.MoMLSimpleApplication@7946f975
reloadAllAccessors: .Multiplexor2

===========================================================================================
----------------- testing Mon Mar 02 07:13:15 UTC 2020 /home/travis/build/icyphy/ptII/ptolemy/actor/lib/test/auto/Multiplexor3.xml
----------------- Instantiating /home/travis/build/icyphy/ptII/ptolemy/actor/lib/test/auto/Multiplexor3.xml
2 ms. Memory: 332800K Free: 87675K (26%)
----------------- Invoking toplevel() on ptolemy.moml.MoMLSimpleApplication@12717fa8
----------------- Done invoking toplevel() on ptolemy.moml.MoMLSimpleApplication@12717fa8
reloadAllAccessors: .Multiplexor3

===========================================================================================
----------------- testing Mon Mar 02 07:13:15 UTC 2020 /home/travis/build/icyphy/ptII/ptolemy/actor/lib/test/auto/MultiplexorDE.xml
----------------- Instantiating /home/travis/build/icyphy/ptII/ptolemy/actor/lib/test/auto/MultiplexorDE.xml
5 ms. Memory: 332800K Free: 276277K (83%)
----------------- Invoking toplevel() on ptolemy.moml.MoMLSimpleApplication@64094a3b
----------------- Done invoking toplevel() on ptolemy.moml.MoMLSimpleApplication@64094a3b
reloadAllAccessors: .MultiplexorDE

===========================================================================================
----------------- testing Mon Mar 02 07:13:15 UTC 2020 /home/travis/build/icyphy/ptII/ptolemy/actor/lib/test/auto/MultiportBroadcastTest.xml
----------------- Instantiating /home/travis/build/icyphy/ptII/ptolemy/actor/lib/test/auto/MultiportBroadcastTest.xml
87 ms. Memory: 332800K Free: 269653K (81%)
----------------- Invoking toplevel() on ptolemy.moml.MoMLSimpleApplication@74434cf
----------------- Done invoking toplevel() on ptolemy.moml.MoMLSimpleApplication@74434cf
reloadAllAccessors: .MultiportBroadcastTest

===========================================================================================
----------------- testing Mon Mar 02 07:13:15 UTC 2020 /home/travis/build/icyphy/ptII/ptolemy/actor/lib/test/auto/MultiportOutHangDuringGetWidth.xml
----------------- Instantiating /home/travis/build/icyphy/ptII/ptolemy/actor/lib/test/auto/MultiportOutHangDuringGetWidth.xml
5 ms. Memory: 332800K Free: 257365K (77%)
----------------- Invoking toplevel() on ptolemy.moml.MoMLSimpleApplication@7591e9cc
----------------- Done invoking toplevel() on ptolemy.moml.MoMLSimpleApplication@7591e9cc
reloadAllAccessors: .MultiportOutHangDuringGetWidth

===========================================================================================
----------------- testing Mon Mar 02 07:13:15 UTC 2020 /home/travis/build/icyphy/ptII/ptolemy/actor/lib/test/auto/NilToken.xml
----------------- Instantiating /home/travis/build/icyphy/ptII/ptolemy/actor/lib/test/auto/NilToken.xml
1 ms. Memory: 332800K Free: 253269K (76%)
----------------- Invoking toplevel() on ptolemy.moml.MoMLSimpleApplication@674bfea5
----------------- Done invoking toplevel() on ptolemy.moml.MoMLSimpleApplication@674bfea5
reloadAllAccessors: .NilToken

===========================================================================================
----------------- testing Mon Mar 02 07:13:15 UTC 2020 /home/travis/build/icyphy/ptII/ptolemy/actor/lib/test/auto/NilTokenNonStrictTest.xml
----------------- Instantiating /home/travis/build/icyphy/ptII/ptolemy/actor/lib/test/auto/NilTokenNonStrictTest.xml
3 ms. Memory: 332800K Free: 248659K (75%)
----------------- Invoking toplevel() on ptolemy.moml.MoMLSimpleApplication@598f8320
----------------- Done invoking toplevel() on ptolemy.moml.MoMLSimpleApplication@598f8320
reloadAllAccessors: .NilTokenNonStrictTest

===========================================================================================
----------------- testing Mon Mar 02 07:13:15 UTC 2020 /home/travis/build/icyphy/ptII/ptolemy/actor/lib/test/auto/NilTokenRecord.xml
----------------- Instantiating /home/travis/build/icyphy/ptII/ptolemy/actor/lib/test/auto/NilTokenRecord.xml
5 ms. Memory: 332800K Free: 242005K (73%)
----------------- Invoking toplevel() on ptolemy.moml.MoMLSimpleApplication@698b5e65
----------------- Done invoking toplevel() on ptolemy.moml.MoMLSimpleApplication@698b5e65
reloadAllAccessors: .NilTokenRecord

===========================================================================================
----------------- testing Mon Mar 02 07:13:15 UTC 2020 /home/travis/build/icyphy/ptII/ptolemy/actor/lib/test/auto/NilTokenTypeTest.xml
----------------- Instantiating /home/travis/build/icyphy/ptII/ptolemy/actor/lib/test/auto/NilTokenTypeTest.xml
10 ms. Memory: 332800K Free: 232275K (70%)
----------------- Invoking toplevel() on ptolemy.moml.MoMLSimpleApplication@5c95cbbf
----------------- Done invoking toplevel() on ptolemy.moml.MoMLSimpleApplication@5c95cbbf
reloadAllAccessors: .NilTokenTypeTest

===========================================================================================
----------------- testing Mon Mar 02 07:13:15 UTC 2020 /home/travis/build/icyphy/ptII/ptolemy/actor/lib/test/auto/ObjectToken1.xml
----------------- Instantiating /home/travis/build/icyphy/ptII/ptolemy/actor/lib/test/auto/ObjectToken1.xml
3 ms. Memory: 332800K Free: 228179K (69%)
----------------- Invoking toplevel() on ptolemy.moml.MoMLSimpleApplication@60a04549
----------------- Done invoking toplevel() on ptolemy.moml.MoMLSimpleApplication@60a04549
reloadAllAccessors: .ObjectToken1

===========================================================================================
----------------- testing Mon Mar 02 07:13:15 UTC 2020 /home/travis/build/icyphy/ptII/ptolemy/actor/lib/test/auto/OrderedMerge.xml
----------------- Instantiating /home/travis/build/icyphy/ptII/ptolemy/actor/lib/test/auto/OrderedMerge.xml
7 ms. Memory: 332800K Free: 222549K (67%)
----------------- Invoking toplevel() on ptolemy.moml.MoMLSimpleApplication@4e13f97e
----------------- Done invoking toplevel() on ptolemy.moml.MoMLSimpleApplication@4e13f97e
reloadAllAccessors: .OrderedMerge

===========================================================================================
----------------- testing Mon Mar 02 07:13:15 UTC 2020 /home/travis/build/icyphy/ptII/ptolemy/actor/lib/test/auto/OrderedRecordDisassembler.xml
----------------- Instantiating /home/travis/build/icyphy/ptII/ptolemy/actor/lib/test/auto/OrderedRecordDisassembler.xml
3 ms. Memory: 332800K Free: 217429K (65%)
----------------- Invoking toplevel() on ptolemy.moml.MoMLSimpleApplication@1dbce0f5
----------------- Done invoking toplevel() on ptolemy.moml.MoMLSimpleApplication@1dbce0f5
reloadAllAccessors: .OrderedRecordDisassembler

===========================================================================================
----------------- testing Mon Mar 02 07:13:15 UTC 2020 /home/travis/build/icyphy/ptII/ptolemy/actor/lib/test/auto/OrderedRecordDisassembler2.xml
----------------- Instantiating /home/travis/build/icyphy/ptII/ptolemy/actor/lib/test/auto/OrderedRecordDisassembler2.xml
5 ms. Memory: 332800K Free: 209717K (63%)
----------------- Invoking toplevel() on ptolemy.moml.MoMLSimpleApplication@51614f7f
----------------- Done invoking toplevel() on ptolemy.moml.MoMLSimpleApplication@51614f7f
reloadAllAccessors: .OrderedRecordDisassembler2

===========================================================================================
----------------- testing Mon Mar 02 07:13:15 UTC 2020 /home/travis/build/icyphy/ptII/ptolemy/actor/lib/test/auto/OrderedRecordUpdater.xml
----------------- Instantiating /home/travis/build/icyphy/ptII/ptolemy/actor/lib/test/auto/OrderedRecordUpdater.xml
2 ms. Memory: 332800K Free: 204627K (61%)
----------------- Invoking toplevel() on ptolemy.moml.MoMLSimpleApplication@1a0f3f97
----------------- Done invoking toplevel() on ptolemy.moml.MoMLSimpleApplication@1a0f3f97
reloadAllAccessors: .RecordUpdater

===========================================================================================
----------------- testing Mon Mar 02 07:13:15 UTC 2020 /home/travis/build/icyphy/ptII/ptolemy/actor/lib/test/auto/OrderedRecordUpdater2.xml
----------------- Instantiating /home/travis/build/icyphy/ptII/ptolemy/actor/lib/test/auto/OrderedRecordUpdater2.xml
3 ms. Memory: 332800K Free: 199507K (60%)
----------------- Invoking toplevel() on ptolemy.moml.MoMLSimpleApplication@310a8eff
----------------- Done invoking toplevel() on ptolemy.moml.MoMLSimpleApplication@310a8eff
reloadAllAccessors: .RecordUpdater2

===========================================================================================
----------------- testing Mon Mar 02 07:13:15 UTC 2020 /home/travis/build/icyphy/ptII/ptolemy/actor/lib/test/auto/PhaseUnwrap.xml
----------------- Instantiating /home/travis/build/icyphy/ptII/ptolemy/actor/lib/test/auto/PhaseUnwrap.xml
1 ms. Memory: 332800K Free: 194901K (59%)
----------------- Invoking toplevel() on ptolemy.moml.MoMLSimpleApplication@5591a100
----------------- Done invoking toplevel() on ptolemy.moml.MoMLSimpleApplication@5591a100
reloadAllAccessors: .PhaseUnwrap

===========================================================================================
----------------- testing Mon Mar 02 07:13:15 UTC 2020 /home/travis/build/icyphy/ptII/ptolemy/actor/lib/test/auto/PoissonClock.xml
----------------- Instantiating /home/travis/build/icyphy/ptII/ptolemy/actor/lib/test/auto/PoissonClock.xml
1 ms. Memory: 332800K Free: 190805K (57%)
----------------- Invoking toplevel() on ptolemy.moml.MoMLSimpleApplication@78522355
----------------- Done invoking toplevel() on ptolemy.moml.MoMLSimpleApplication@78522355
reloadAllAccessors: .PoissonClock

===========================================================================================
----------------- testing Mon Mar 02 07:13:15 UTC 2020 /home/travis/build/icyphy/ptII/ptolemy/actor/lib/test/auto/PoissonClock2.xml
----------------- Instantiating /home/travis/build/icyphy/ptII/ptolemy/actor/lib/test/auto/PoissonClock2.xml
1 ms. Memory: 332800K Free: 186195K (56%)
----------------- Invoking toplevel() on ptolemy.moml.MoMLSimpleApplication@1688f517
----------------- Done invoking toplevel() on ptolemy.moml.MoMLSimpleApplication@1688f517
reloadAllAccessors: .PoissonClock2

===========================================================================================
----------------- testing Mon Mar 02 07:13:15 UTC 2020 /home/travis/build/icyphy/ptII/ptolemy/actor/lib/test/auto/PoissonClock3.xml
----------------- Instantiating /home/travis/build/icyphy/ptII/ptolemy/actor/lib/test/auto/PoissonClock3.xml
2 ms. Memory: 332800K Free: 181075K (54%)
----------------- Invoking toplevel() on ptolemy.moml.MoMLSimpleApplication@1c8b2869
----------------- Done invoking toplevel() on ptolemy.moml.MoMLSimpleApplication@1c8b2869
reloadAllAccessors: .PoissonClock3

===========================================================================================
----------------- testing Mon Mar 02 07:13:15 UTC 2020 /home/travis/build/icyphy/ptII/ptolemy/actor/lib/test/auto/PubSubWithInitialTokens.xml
----------------- Instantiating /home/travis/build/icyphy/ptII/ptolemy/actor/lib/test/auto/PubSubWithInitialTokens.xml
2 ms. Memory: 332800K Free: 175445K (53%)
----------------- Invoking toplevel() on ptolemy.moml.MoMLSimpleApplication@721b639e
----------------- Done invoking toplevel() on ptolemy.moml.MoMLSimpleApplication@721b639e
reloadAllAccessors: .PubSubWithInitialTokens

===========================================================================================
----------------- testing Mon Mar 02 07:13:15 UTC 2020 /home/travis/build/icyphy/ptII/ptolemy/actor/lib/test/auto/PubSubWithInitialTokens2.xml
----------------- Instantiating /home/travis/build/icyphy/ptII/ptolemy/actor/lib/test/auto/PubSubWithInitialTokens2.xml
5 ms. Memory: 332800K Free: 169301K (51%)
----------------- Invoking toplevel() on ptolemy.moml.MoMLSimpleApplication@29891906
----------------- Done invoking toplevel() on ptolemy.moml.MoMLSimpleApplication@29891906
reloadAllAccessors: .PubSubWithInitialTokens2

===========================================================================================
----------------- testing Mon Mar 02 07:13:15 UTC 2020 /home/travis/build/icyphy/ptII/ptolemy/actor/lib/test/auto/PublisherClassNoParameter.xml
----------------- Instantiating /home/travis/build/icyphy/ptII/ptolemy/actor/lib/test/auto/PublisherClassNoParameter.xml
3 ms. Memory: 332800K Free: 159557K (48%)
----------------- Invoking toplevel() on ptolemy.moml.MoMLSimpleApplication@1ac7faef
----------------- Done invoking toplevel() on ptolemy.moml.MoMLSimpleApplication@1ac7faef
reloadAllAccessors: .PublisherClassNoParameter

===========================================================================================
----------------- testing Mon Mar 02 07:13:15 UTC 2020 /home/travis/build/icyphy/ptII/ptolemy/actor/lib/test/auto/PublisherClassParameter.xml
----------------- Instantiating /home/travis/build/icyphy/ptII/ptolemy/actor/lib/test/auto/PublisherClassParameter.xml
2 ms. Memory: 332800K Free: 148821K (45%)
----------------- Invoking toplevel() on ptolemy.moml.MoMLSimpleApplication@285fece4
----------------- Done invoking toplevel() on ptolemy.moml.MoMLSimpleApplication@285fece4
reloadAllAccessors: .PublisherClassParameter

===========================================================================================
----------------- testing Mon Mar 02 07:13:15 UTC 2020 /home/travis/build/icyphy/ptII/ptolemy/actor/lib/test/auto/PublisherNonStrictTest.xml
----------------- Instantiating /home/travis/build/icyphy/ptII/ptolemy/actor/lib/test/auto/PublisherNonStrictTest.xml
3 ms. Memory: 332800K Free: 141133K (42%)
----------------- Invoking toplevel() on ptolemy.moml.MoMLSimpleApplication@1b1fb961
----------------- Done invoking toplevel() on ptolemy.moml.MoMLSimpleApplication@1b1fb961
reloadAllAccessors: .PublisherNonStrictTest

===========================================================================================
----------------- testing Mon Mar 02 07:13:15 UTC 2020 /home/travis/build/icyphy/ptII/ptolemy/actor/lib/test/auto/PublisherPort1.xml
----------------- Instantiating /home/travis/build/icyphy/ptII/ptolemy/actor/lib/test/auto/PublisherPort1.xml
12 ms. Memory: 332800K Free: 135509K (41%)
----------------- Invoking toplevel() on ptolemy.moml.MoMLSimpleApplication@2bfb9acb
----------------- Done invoking toplevel() on ptolemy.moml.MoMLSimpleApplication@2bfb9acb
reloadAllAccessors: .PublisherPort1

===========================================================================================
----------------- testing Mon Mar 02 07:13:15 UTC 2020 /home/travis/build/icyphy/ptII/ptolemy/actor/lib/test/auto/PublisherPort2.xml
----------------- Instantiating /home/travis/build/icyphy/ptII/ptolemy/actor/lib/test/auto/PublisherPort2.xml
2 ms. Memory: 332800K Free: 130389K (39%)
----------------- Invoking toplevel() on ptolemy.moml.MoMLSimpleApplication@3477b500
----------------- Done invoking toplevel() on ptolemy.moml.MoMLSimpleApplication@3477b500
reloadAllAccessors: .PublisherPort2

===========================================================================================
----------------- testing Mon Mar 02 07:13:15 UTC 2020 /home/travis/build/icyphy/ptII/ptolemy/actor/lib/test/auto/PublisherPort3.xml
----------------- Instantiating /home/travis/build/icyphy/ptII/ptolemy/actor/lib/test/auto/PublisherPort3.xml
3 ms. Memory: 332800K Free: 123701K (37%)
----------------- Invoking toplevel() on ptolemy.moml.MoMLSimpleApplication@7983a6e3
----------------- Done invoking toplevel() on ptolemy.moml.MoMLSimpleApplication@7983a6e3
reloadAllAccessors: .PublisherPort3

===========================================================================================
----------------- testing Mon Mar 02 07:13:15 UTC 2020 /home/travis/build/icyphy/ptII/ptolemy/actor/lib/test/auto/PublisherPort4.xml
----------------- Instantiating /home/travis/build/icyphy/ptII/ptolemy/actor/lib/test/auto/PublisherPort4.xml
2 ms. Memory: 332800K Free: 118101K (35%)
----------------- Invoking toplevel() on ptolemy.moml.MoMLSimpleApplication@72020ffd
----------------- Done invoking toplevel() on ptolemy.moml.MoMLSimpleApplication@72020ffd
reloadAllAccessors: .PublisherPort4

===========================================================================================
----------------- testing Mon Mar 02 07:13:15 UTC 2020 /home/travis/build/icyphy/ptII/ptolemy/actor/lib/test/auto/PublisherPort5.xml
----------------- Instantiating /home/travis/build/icyphy/ptII/ptolemy/actor/lib/test/auto/PublisherPort5.xml
3 ms. Memory: 332800K Free: 109909K (33%)
----------------- Invoking toplevel() on ptolemy.moml.MoMLSimpleApplication@610f7ce3
----------------- Done invoking toplevel() on ptolemy.moml.MoMLSimpleApplication@610f7ce3
reloadAllAccessors: .PublisherPort5

===========================================================================================
----------------- testing Mon Mar 02 07:13:15 UTC 2020 /home/travis/build/icyphy/ptII/ptolemy/actor/lib/test/auto/PublisherPort5LookAlike.xml
----------------- Instantiating /home/travis/build/icyphy/ptII/ptolemy/actor/lib/test/auto/PublisherPort5LookAlike.xml
3 ms. Memory: 332800K Free: 102227K (31%)
----------------- Invoking toplevel() on ptolemy.moml.MoMLSimpleApplication@2d2a201f
----------------- Done invoking toplevel() on ptolemy.moml.MoMLSimpleApplication@2d2a201f
reloadAllAccessors: .PublisherPort5LookAlike

===========================================================================================
----------------- testing Mon Mar 02 07:13:15 UTC 2020 /home/travis/build/icyphy/ptII/ptolemy/actor/lib/test/auto/PublisherPort6.xml
----------------- Instantiating /home/travis/build/icyphy/ptII/ptolemy/actor/lib/test/auto/PublisherPort6.xml
2 ms. Memory: 332800K Free: 95573K (29%)
----------------- Invoking toplevel() on ptolemy.moml.MoMLSimpleApplication@287c43e6
----------------- Done invoking toplevel() on ptolemy.moml.MoMLSimpleApplication@287c43e6
reloadAllAccessors: .PublisherPort6

===========================================================================================
----------------- testing Mon Mar 02 07:13:15 UTC 2020 /home/travis/build/icyphy/ptII/ptolemy/actor/lib/test/auto/PublisherPort7.xml
----------------- Instantiating /home/travis/build/icyphy/ptII/ptolemy/actor/lib/test/auto/PublisherPort7.xml
3 ms. Memory: 332800K Free: 87891K (26%)
----------------- Invoking toplevel() on ptolemy.moml.MoMLSimpleApplication@6cabf7bb
----------------- Done invoking toplevel() on ptolemy.moml.MoMLSimpleApplication@6cabf7bb
reloadAllAccessors: .PublisherPort7

===========================================================================================
----------------- testing Mon Mar 02 07:13:15 UTC 2020 /home/travis/build/icyphy/ptII/ptolemy/actor/lib/test/auto/PublisherPort8.xml
----------------- Instantiating /home/travis/build/icyphy/ptII/ptolemy/actor/lib/test/auto/PublisherPort8.xml
4 ms. Memory: 332800K Free: 275748K (83%)
----------------- Invoking toplevel() on ptolemy.moml.MoMLSimpleApplication@6cce44a8
----------------- Done invoking toplevel() on ptolemy.moml.MoMLSimpleApplication@6cce44a8
reloadAllAccessors: .PublisherPort8

===========================================================================================
----------------- testing Mon Mar 02 07:13:15 UTC 2020 /home/travis/build/icyphy/ptII/ptolemy/actor/lib/test/auto/PublisherPortSubscriberChannelVariablesAOC2.xml
----------------- Instantiating /home/travis/build/icyphy/ptII/ptolemy/actor/lib/test/auto/PublisherPortSubscriberChannelVariablesAOC2.xml
3 ms. Memory: 332800K Free: 258340K (78%)
----------------- Invoking toplevel() on ptolemy.moml.MoMLSimpleApplication@2f4b7ad8
----------------- Done invoking toplevel() on ptolemy.moml.MoMLSimpleApplication@2f4b7ad8
reloadAllAccessors: .PublisherPortSubscriberChannelVariablesAOC2

===========================================================================================
----------------- testing Mon Mar 02 07:13:15 UTC 2020 /home/travis/build/icyphy/ptII/ptolemy/actor/lib/test/auto/PublisherPortSubscriberOpaqueWidthInference.xml
----------------- Instantiating /home/travis/build/icyphy/ptII/ptolemy/actor/lib/test/auto/PublisherPortSubscriberOpaqueWidthInference.xml
4 ms. Memory: 332800K Free: 250148K (75%)
----------------- Invoking toplevel() on ptolemy.moml.MoMLSimpleApplication@7cd90fee
----------------- Done invoking toplevel() on ptolemy.moml.MoMLSimpleApplication@7cd90fee
reloadAllAccessors: .PublisherPortSubscriberOpaqueWidthInference

===========================================================================================
----------------- testing Mon Mar 02 07:13:16 UTC 2020 /home/travis/build/icyphy/ptII/ptolemy/actor/lib/test/auto/PublisherPortSubscriberPortAdjacent.xml
----------------- Instantiating /home/travis/build/icyphy/ptII/ptolemy/actor/lib/test/auto/PublisherPortSubscriberPortAdjacent.xml
1 ms. Memory: 332800K Free: 241956K (73%)
----------------- Invoking toplevel() on ptolemy.moml.MoMLSimpleApplication@36aed23f
----------------- Done invoking toplevel() on ptolemy.moml.MoMLSimpleApplication@36aed23f
reloadAllAccessors: .PublisherPortSubscriberPortAdjacent

===========================================================================================
----------------- testing Mon Mar 02 07:13:16 UTC 2020 /home/travis/build/icyphy/ptII/ptolemy/actor/lib/test/auto/PublisherPortSubscriberPortExpression.xml
----------------- Instantiating /home/travis/build/icyphy/ptII/ptolemy/actor/lib/test/auto/PublisherPortSubscriberPortExpression.xml
3 ms. Memory: 332800K Free: 233764K (70%)
----------------- Invoking toplevel() on ptolemy.moml.MoMLSimpleApplication@781de8ee
----------------- Done invoking toplevel() on ptolemy.moml.MoMLSimpleApplication@781de8ee
reloadAllAccessors: .PublisherPortSubscriberPortExpression

===========================================================================================
----------------- testing Mon Mar 02 07:13:16 UTC 2020 /home/travis/build/icyphy/ptII/ptolemy/actor/lib/test/auto/PublisherPortSubscriberPortOpaqueD3Reverse.xml
----------------- Instantiating /home/travis/build/icyphy/ptII/ptolemy/actor/lib/test/auto/PublisherPortSubscriberPortOpaqueD3Reverse.xml
9 ms. Memory: 332800K Free: 223524K (67%)
----------------- Invoking toplevel() on ptolemy.moml.MoMLSimpleApplication@1401ba50
----------------- Done invoking toplevel() on ptolemy.moml.MoMLSimpleApplication@1401ba50
reloadAllAccessors: .PublisherPortSubscriberPortOpaqueD3Reverse

===========================================================================================
----------------- testing Mon Mar 02 07:13:16 UTC 2020 /home/travis/build/icyphy/ptII/ptolemy/actor/lib/test/auto/PublisherPortSubscriberPortOpaqueWidthInference.xml
----------------- Instantiating /home/travis/build/icyphy/ptII/ptolemy/actor/lib/test/auto/PublisherPortSubscriberPortOpaqueWidthInference.xml
4 ms. Memory: 332800K Free: 215827K (65%)
----------------- Invoking toplevel() on ptolemy.moml.MoMLSimpleApplication@2a47cfa7
----------------- Done invoking toplevel() on ptolemy.moml.MoMLSimpleApplication@2a47cfa7
reloadAllAccessors: .PublisherPortSubscriberPortOpaqueWidthInference

===========================================================================================
----------------- testing Mon Mar 02 07:13:16 UTC 2020 /home/travis/build/icyphy/ptII/ptolemy/actor/lib/test/auto/PublisherPortToplevelSubscriberPortAOC.xml
----------------- Instantiating /home/travis/build/icyphy/ptII/ptolemy/actor/lib/test/auto/PublisherPortToplevelSubscriberPortAOC.xml
.PublisherPortToplevelSubscriberPortAOC.TestExceptionAttribute: initialize() was not invoked, but wrapup() was.  This is unusual, but not always a problem.  For example, exporting JNLP will do this.
1 ms. Memory: 332800K Free: 209698K (63%)
----------------- Invoking toplevel() on ptolemy.moml.MoMLSimpleApplication@37b958f4
----------------- Done invoking toplevel() on ptolemy.moml.MoMLSimpleApplication@37b958f4
reloadAllAccessors: .PublisherPortToplevelSubscriberPortAOC

===========================================================================================
----------------- testing Mon Mar 02 07:13:16 UTC 2020 /home/travis/build/icyphy/ptII/ptolemy/actor/lib/test/auto/PublisherSubscriber.xml
----------------- Instantiating /home/travis/build/icyphy/ptII/ptolemy/actor/lib/test/auto/PublisherSubscriber.xml
2 ms. Memory: 332800K Free: 202499K (61%)
----------------- Invoking toplevel() on ptolemy.moml.MoMLSimpleApplication@3d15efb
----------------- Done invoking toplevel() on ptolemy.moml.MoMLSimpleApplication@3d15efb
reloadAllAccessors: .PublisherSubscriber

===========================================================================================
----------------- testing Mon Mar 02 07:13:16 UTC 2020 /home/travis/build/icyphy/ptII/ptolemy/actor/lib/test/auto/PublisherSubscriber10.xml
----------------- Instantiating /home/travis/build/icyphy/ptII/ptolemy/actor/lib/test/auto/PublisherSubscriber10.xml
7 ms. Memory: 332800K Free: 193314K (58%)
----------------- Invoking toplevel() on ptolemy.moml.MoMLSimpleApplication@23117426
----------------- Done invoking toplevel() on ptolemy.moml.MoMLSimpleApplication@23117426
reloadAllAccessors: .PublisherSubscriber10

===========================================================================================
----------------- testing Mon Mar 02 07:13:16 UTC 2020 /home/travis/build/icyphy/ptII/ptolemy/actor/lib/test/auto/PublisherSubscriber10InitialOutputs.xml
----------------- Instantiating /home/travis/build/icyphy/ptII/ptolemy/actor/lib/test/auto/PublisherSubscriber10InitialOutputs.xml
16 ms. Memory: 332800K Free: 183588K (55%)
----------------- Invoking toplevel() on ptolemy.moml.MoMLSimpleApplication@105e6df7
----------------- Done invoking toplevel() on ptolemy.moml.MoMLSimpleApplication@105e6df7
reloadAllAccessors: .PublisherSubscriber10InitialOutputs

===========================================================================================
----------------- testing Mon Mar 02 07:13:16 UTC 2020 /home/travis/build/icyphy/ptII/ptolemy/actor/lib/test/auto/PublisherSubscriber11.xml
----------------- Instantiating /home/travis/build/icyphy/ptII/ptolemy/actor/lib/test/auto/PublisherSubscriber11.xml
3 ms. Memory: 332800K Free: 177444K (53%)
----------------- Invoking toplevel() on ptolemy.moml.MoMLSimpleApplication@7403afab
----------------- Done invoking toplevel() on ptolemy.moml.MoMLSimpleApplication@7403afab
reloadAllAccessors: .PublisherSubscriber11

===========================================================================================
----------------- testing Mon Mar 02 07:13:16 UTC 2020 /home/travis/build/icyphy/ptII/ptolemy/actor/lib/test/auto/PublisherSubscriber12.xml
----------------- Instantiating /home/travis/build/icyphy/ptII/ptolemy/actor/lib/test/auto/PublisherSubscriber12.xml
3 ms. Memory: 332800K Free: 170276K (51%)
----------------- Invoking toplevel() on ptolemy.moml.MoMLSimpleApplication@6d61f1e3
----------------- Done invoking toplevel() on ptolemy.moml.MoMLSimpleApplication@6d61f1e3
reloadAllAccessors: .PublisherSubscriber12

===========================================================================================
----------------- testing Mon Mar 02 07:13:16 UTC 2020 /home/travis/build/icyphy/ptII/ptolemy/actor/lib/test/auto/PublisherSubscriber13.xml
----------------- Instantiating /home/travis/build/icyphy/ptII/ptolemy/actor/lib/test/auto/PublisherSubscriber13.xml
2 ms. Memory: 332800K Free: 164611K (49%)
----------------- Invoking toplevel() on ptolemy.moml.MoMLSimpleApplication@2e945c07
----------------- Done invoking toplevel() on ptolemy.moml.MoMLSimpleApplication@2e945c07
reloadAllAccessors: .PublisherSubscriber13

===========================================================================================
----------------- testing Mon Mar 02 07:13:16 UTC 2020 /home/travis/build/icyphy/ptII/ptolemy/actor/lib/test/auto/PublisherSubscriber14.xml
----------------- Instantiating /home/travis/build/icyphy/ptII/ptolemy/actor/lib/test/auto/PublisherSubscriber14.xml
2 ms. Memory: 332800K Free: 155940K (47%)
----------------- Invoking toplevel() on ptolemy.moml.MoMLSimpleApplication@7da9a3bf
----------------- Done invoking toplevel() on ptolemy.moml.MoMLSimpleApplication@7da9a3bf
reloadAllAccessors: .PublisherSubscriber14

===========================================================================================
----------------- testing Mon Mar 02 07:13:16 UTC 2020 /home/travis/build/icyphy/ptII/ptolemy/actor/lib/test/auto/PublisherSubscriber2.xml
----------------- Instantiating /home/travis/build/icyphy/ptII/ptolemy/actor/lib/test/auto/PublisherSubscriber2.xml
2 ms. Memory: 332800K Free: 150275K (45%)
----------------- Invoking toplevel() on ptolemy.moml.MoMLSimpleApplication@37fa72ea
----------------- Done invoking toplevel() on ptolemy.moml.MoMLSimpleApplication@37fa72ea
reloadAllAccessors: .PublisherSubscriber2

===========================================================================================
----------------- testing Mon Mar 02 07:13:16 UTC 2020 /home/travis/build/icyphy/ptII/ptolemy/actor/lib/test/auto/PublisherSubscriber3.xml
----------------- Instantiating /home/travis/build/icyphy/ptII/ptolemy/actor/lib/test/auto/PublisherSubscriber3.xml
2 ms. Memory: 332800K Free: 144131K (43%)
----------------- Invoking toplevel() on ptolemy.moml.MoMLSimpleApplication@49392d89
----------------- Done invoking toplevel() on ptolemy.moml.MoMLSimpleApplication@49392d89
reloadAllAccessors: .PublisherSubscriber3

===========================================================================================
----------------- testing Mon Mar 02 07:13:16 UTC 2020 /home/travis/build/icyphy/ptII/ptolemy/actor/lib/test/auto/PublisherSubscriber4.xml
----------------- Instantiating /home/travis/build/icyphy/ptII/ptolemy/actor/lib/test/auto/PublisherSubscriber4.xml
2 ms. Memory: 332800K Free: 139011K (42%)
----------------- Invoking toplevel() on ptolemy.moml.MoMLSimpleApplication@2ac3af63
----------------- Done invoking toplevel() on ptolemy.moml.MoMLSimpleApplication@2ac3af63
reloadAllAccessors: .PublisherSubscriber4

===========================================================================================
----------------- testing Mon Mar 02 07:13:16 UTC 2020 /home/travis/build/icyphy/ptII/ptolemy/actor/lib/test/auto/PublisherSubscriber5.xml
----------------- Instantiating /home/travis/build/icyphy/ptII/ptolemy/actor/lib/test/auto/PublisherSubscriber5.xml
2 ms. Memory: 332800K Free: 132388K (40%)
----------------- Invoking toplevel() on ptolemy.moml.MoMLSimpleApplication@2697f4ee
----------------- Done invoking toplevel() on ptolemy.moml.MoMLSimpleApplication@2697f4ee
reloadAllAccessors: .PublisherSubscriber5

===========================================================================================
----------------- testing Mon Mar 02 07:13:16 UTC 2020 /home/travis/build/icyphy/ptII/ptolemy/actor/lib/test/auto/PublisherSubscriber6.xml
----------------- Instantiating /home/travis/build/icyphy/ptII/ptolemy/actor/lib/test/auto/PublisherSubscriber6.xml
4 ms. Memory: 332800K Free: 125730K (38%)
----------------- Invoking toplevel() on ptolemy.moml.MoMLSimpleApplication@2f5be818
----------------- Done invoking toplevel() on ptolemy.moml.MoMLSimpleApplication@2f5be818
reloadAllAccessors: .PublisherSubscriber6

===========================================================================================
----------------- testing Mon Mar 02 07:13:16 UTC 2020 /home/travis/build/icyphy/ptII/ptolemy/actor/lib/test/auto/PublisherSubscriber7.xml
----------------- Instantiating /home/travis/build/icyphy/ptII/ptolemy/actor/lib/test/auto/PublisherSubscriber7.xml
2 ms. Memory: 332800K Free: 118547K (36%)
----------------- Invoking toplevel() on ptolemy.moml.MoMLSimpleApplication@58cf7c13
----------------- Done invoking toplevel() on ptolemy.moml.MoMLSimpleApplication@58cf7c13
reloadAllAccessors: .PublisherSubscriber7

===========================================================================================
----------------- testing Mon Mar 02 07:13:16 UTC 2020 /home/travis/build/icyphy/ptII/ptolemy/actor/lib/test/auto/PublisherSubscriber8.xml
----------------- Instantiating /home/travis/build/icyphy/ptII/ptolemy/actor/lib/test/auto/PublisherSubscriber8.xml
22 ms. Memory: 332800K Free: 106274K (32%)
----------------- Invoking toplevel() on ptolemy.moml.MoMLSimpleApplication@3eb6d51a
----------------- Done invoking toplevel() on ptolemy.moml.MoMLSimpleApplication@3eb6d51a
reloadAllAccessors: .PublisherSubscriber8

===========================================================================================
----------------- testing Mon Mar 02 07:13:16 UTC 2020 /home/travis/build/icyphy/ptII/ptolemy/actor/lib/test/auto/PublisherSubscriber9.xml
----------------- Instantiating /home/travis/build/icyphy/ptII/ptolemy/actor/lib/test/auto/PublisherSubscriber9.xml
3 ms. Memory: 332800K Free: 98596K (30%)
----------------- Invoking toplevel() on ptolemy.moml.MoMLSimpleApplication@4bb45db9
----------------- Done invoking toplevel() on ptolemy.moml.MoMLSimpleApplication@4bb45db9
reloadAllAccessors: .PublisherSubscriber9

===========================================================================================
----------------- testing Mon Mar 02 07:13:16 UTC 2020 /home/travis/build/icyphy/ptII/ptolemy/actor/lib/test/auto/PublisherSubscriberAdjacent.xml
----------------- Instantiating /home/travis/build/icyphy/ptII/ptolemy/actor/lib/test/auto/PublisherSubscriberAdjacent.xml
2 ms. Memory: 332800K Free: 90404K (27%)
----------------- Invoking toplevel() on ptolemy.moml.MoMLSimpleApplication@53888480
----------------- Done invoking toplevel() on ptolemy.moml.MoMLSimpleApplication@53888480
reloadAllAccessors: .PublisherSubscriberAdjacent

===========================================================================================
----------------- testing Mon Mar 02 07:13:16 UTC 2020 /home/travis/build/icyphy/ptII/ptolemy/actor/lib/test/auto/PublisherSubscriberChannelVariablesAOC2.xml
----------------- Instantiating /home/travis/build/icyphy/ptII/ptolemy/actor/lib/test/auto/PublisherSubscriberChannelVariablesAOC2.xml
6 ms. Memory: 332800K Free: 272418K (82%)
----------------- Invoking toplevel() on ptolemy.moml.MoMLSimpleApplication@34a9889f
----------------- Done invoking toplevel() on ptolemy.moml.MoMLSimpleApplication@34a9889f
reloadAllAccessors: .PublisherSubscriberChannelVariablesAOC2

===========================================================================================
----------------- testing Mon Mar 02 07:13:16 UTC 2020 /home/travis/build/icyphy/ptII/ptolemy/actor/lib/test/auto/PublisherSubscriberD3.xml
----------------- Instantiating /home/travis/build/icyphy/ptII/ptolemy/actor/lib/test/auto/PublisherSubscriberD3.xml
2 ms. Memory: 332800K Free: 264736K (80%)
----------------- Invoking toplevel() on ptolemy.moml.MoMLSimpleApplication@2db82ce6
----------------- Done invoking toplevel() on ptolemy.moml.MoMLSimpleApplication@2db82ce6
reloadAllAccessors: .PublisherSubscriberD3

===========================================================================================
----------------- testing Mon Mar 02 07:13:16 UTC 2020 /home/travis/build/icyphy/ptII/ptolemy/actor/lib/test/auto/PublisherSubscriberD3Reverse.xml
----------------- Instantiating /home/travis/build/icyphy/ptII/ptolemy/actor/lib/test/auto/PublisherSubscriberD3Reverse.xml
1 ms. Memory: 332800K Free: 258592K (78%)
----------------- Invoking toplevel() on ptolemy.moml.MoMLSimpleApplication@276df4a0
----------------- Done invoking toplevel() on ptolemy.moml.MoMLSimpleApplication@276df4a0
reloadAllAccessors: .PublisherSubscriberD3Reverse

===========================================================================================
----------------- testing Mon Mar 02 07:13:16 UTC 2020 /home/travis/build/icyphy/ptII/ptolemy/actor/lib/test/auto/PublisherSubscriberExpression.xml
----------------- Instantiating /home/travis/build/icyphy/ptII/ptolemy/actor/lib/test/auto/PublisherSubscriberExpression.xml
6 ms. Memory: 332800K Free: 250386K (75%)
----------------- Invoking toplevel() on ptolemy.moml.MoMLSimpleApplication@258ed51
----------------- Done invoking toplevel() on ptolemy.moml.MoMLSimpleApplication@258ed51
reloadAllAccessors: .PublisherSubscriberExpression

===========================================================================================
----------------- testing Mon Mar 02 07:13:16 UTC 2020 /home/travis/build/icyphy/ptII/ptolemy/actor/lib/test/auto/PublisherSubscriberOpaque.xml
----------------- Instantiating /home/travis/build/icyphy/ptII/ptolemy/actor/lib/test/auto/PublisherSubscriberOpaque.xml
4 ms. Memory: 332800K Free: 242194K (73%)
----------------- Invoking toplevel() on ptolemy.moml.MoMLSimpleApplication@35df6404
----------------- Done invoking toplevel() on ptolemy.moml.MoMLSimpleApplication@35df6404
reloadAllAccessors: .PublisherSubscriberOpaque

===========================================================================================
----------------- testing Mon Mar 02 07:13:16 UTC 2020 /home/travis/build/icyphy/ptII/ptolemy/actor/lib/test/auto/PublisherSubscriberOpaqueD3.xml
----------------- Instantiating /home/travis/build/icyphy/ptII/ptolemy/actor/lib/test/auto/PublisherSubscriberOpaqueD3.xml
5 ms. Memory: 332800K Free: 229920K (69%)
----------------- Invoking toplevel() on ptolemy.moml.MoMLSimpleApplication@1a9e62ea
----------------- Done invoking toplevel() on ptolemy.moml.MoMLSimpleApplication@1a9e62ea
reloadAllAccessors: .PublisherSubscriberOpaqueD3

===========================================================================================
----------------- testing Mon Mar 02 07:13:16 UTC 2020 /home/travis/build/icyphy/ptII/ptolemy/actor/lib/test/auto/PublisherSubscriberOpaqueD3Reverse.xml
----------------- Instantiating /home/travis/build/icyphy/ptII/ptolemy/actor/lib/test/auto/PublisherSubscriberOpaqueD3Reverse.xml
8 ms. Memory: 332800K Free: 219170K (66%)
----------------- Invoking toplevel() on ptolemy.moml.MoMLSimpleApplication@2c9a411d
----------------- Done invoking toplevel() on ptolemy.moml.MoMLSimpleApplication@2c9a411d
reloadAllAccessors: .PublisherSubscriberOpaqueD3Reverse

===========================================================================================
----------------- testing Mon Mar 02 07:13:16 UTC 2020 /home/travis/build/icyphy/ptII/ptolemy/actor/lib/test/auto/PublisherSubscriberOpaqueWidthInference.xml
----------------- Instantiating /home/travis/build/icyphy/ptII/ptolemy/actor/lib/test/auto/PublisherSubscriberOpaqueWidthInference.xml
5 ms. Memory: 332800K Free: 210978K (63%)
----------------- Invoking toplevel() on ptolemy.moml.MoMLSimpleApplication@69ef1ffd
----------------- Done invoking toplevel() on ptolemy.moml.MoMLSimpleApplication@69ef1ffd
reloadAllAccessors: .PublisherSubscriberOpaqueWidthInference

===========================================================================================
----------------- testing Mon Mar 02 07:13:16 UTC 2020 /home/travis/build/icyphy/ptII/ptolemy/actor/lib/test/auto/PublisherTestSubscriber.xml
----------------- Instantiating /home/travis/build/icyphy/ptII/ptolemy/actor/lib/test/auto/PublisherTestSubscriber.xml
2 ms. Memory: 332800K Free: 203290K (61%)
----------------- Invoking toplevel() on ptolemy.moml.MoMLSimpleApplication@287ff97e
----------------- Done invoking toplevel() on ptolemy.moml.MoMLSimpleApplication@287ff97e
reloadAllAccessors: .PublisherTestSubscriber

===========================================================================================
----------------- testing Mon Mar 02 07:13:16 UTC 2020 /home/travis/build/icyphy/ptII/ptolemy/actor/lib/test/auto/PublisherToplevelSubscriberPortAOC.xml
----------------- Instantiating /home/travis/build/icyphy/ptII/ptolemy/actor/lib/test/auto/PublisherToplevelSubscriberPortAOC.xml
2 ms. Memory: 332800K Free: 197122K (59%)
----------------- Invoking toplevel() on ptolemy.moml.MoMLSimpleApplication@1b4036c6
----------------- Done invoking toplevel() on ptolemy.moml.MoMLSimpleApplication@1b4036c6
reloadAllAccessors: .PublisherToplevelSubscriberPortAOC

===========================================================================================
----------------- testing Mon Mar 02 07:13:16 UTC 2020 /home/travis/build/icyphy/ptII/ptolemy/actor/lib/test/auto/PulseFiringLimitDE.xml
----------------- Instantiating /home/travis/build/icyphy/ptII/ptolemy/actor/lib/test/auto/PulseFiringLimitDE.xml
2 ms. Memory: 332800K Free: 190498K (57%)
----------------- Invoking toplevel() on ptolemy.moml.MoMLSimpleApplication@6269172c
----------------- Done invoking toplevel() on ptolemy.moml.MoMLSimpleApplication@6269172c
reloadAllAccessors: .PulseFiringLimitDE

===========================================================================================
----------------- testing Mon Mar 02 07:13:16 UTC 2020 /home/travis/build/icyphy/ptII/ptolemy/actor/lib/test/auto/Ramp1.xml
----------------- Instantiating /home/travis/build/icyphy/ptII/ptolemy/actor/lib/test/auto/Ramp1.xml
1 ms. Memory: 332800K Free: 186402K (56%)
----------------- Invoking toplevel() on ptolemy.moml.MoMLSimpleApplication@7bc20d3b
----------------- Done invoking toplevel() on ptolemy.moml.MoMLSimpleApplication@7bc20d3b
reloadAllAccessors: .Ramp1

===========================================================================================
----------------- testing Mon Mar 02 07:13:16 UTC 2020 /home/travis/build/icyphy/ptII/ptolemy/actor/lib/test/auto/RampFiringLimitDE.xml
----------------- Instantiating /home/travis/build/icyphy/ptII/ptolemy/actor/lib/test/auto/RampFiringLimitDE.xml
3 ms. Memory: 332800K Free: 180258K (54%)
----------------- Invoking toplevel() on ptolemy.moml.MoMLSimpleApplication@ba704c4
----------------- Done invoking toplevel() on ptolemy.moml.MoMLSimpleApplication@ba704c4
reloadAllAccessors: .RampFiringLimitDE

===========================================================================================
----------------- testing Mon Mar 02 07:13:16 UTC 2020 /home/travis/build/icyphy/ptII/ptolemy/actor/lib/test/auto/RampFiringLimitSDF.xml
----------------- Instantiating /home/travis/build/icyphy/ptII/ptolemy/actor/lib/test/auto/RampFiringLimitSDF.xml
2 ms. Memory: 332800K Free: 175138K (53%)
----------------- Invoking toplevel() on ptolemy.moml.MoMLSimpleApplication@58bbc428
----------------- Done invoking toplevel() on ptolemy.moml.MoMLSimpleApplication@58bbc428
reloadAllAccessors: .RampFiringLimitSDF

===========================================================================================
----------------- testing Mon Mar 02 07:13:16 UTC 2020 /home/travis/build/icyphy/ptII/ptolemy/actor/lib/test/auto/RandomInteger.xml
----------------- Instantiating /home/travis/build/icyphy/ptII/ptolemy/actor/lib/test/auto/RandomInteger.xml
1 ms. Memory: 332800K Free: 170528K (51%)
----------------- Invoking toplevel() on ptolemy.moml.MoMLSimpleApplication@68308d40
----------------- Done invoking toplevel() on ptolemy.moml.MoMLSimpleApplication@68308d40
reloadAllAccessors: .RandomInteger

===========================================================================================
----------------- testing Mon Mar 02 07:13:16 UTC 2020 /home/travis/build/icyphy/ptII/ptolemy/actor/lib/test/auto/ReadFile1.xml
----------------- Instantiating /home/travis/build/icyphy/ptII/ptolemy/actor/lib/test/auto/ReadFile1.xml
1 ms. Memory: 332800K Free: 165922K (50%)
----------------- Invoking toplevel() on ptolemy.moml.MoMLSimpleApplication@1bdc0d
----------------- Done invoking toplevel() on ptolemy.moml.MoMLSimpleApplication@1bdc0d
reloadAllAccessors: .ReadFile1

===========================================================================================
----------------- testing Mon Mar 02 07:13:16 UTC 2020 /home/travis/build/icyphy/ptII/ptolemy/actor/lib/test/auto/ReadFile2.xml
----------------- Instantiating /home/travis/build/icyphy/ptII/ptolemy/actor/lib/test/auto/ReadFile2.xml
1 ms. Memory: 332800K Free: 161826K (49%)
----------------- Invoking toplevel() on ptolemy.moml.MoMLSimpleApplication@16cdd5b3
----------------- Done invoking toplevel() on ptolemy.moml.MoMLSimpleApplication@16cdd5b3
reloadAllAccessors: .ReadFile2

===========================================================================================
----------------- testing Mon Mar 02 07:13:16 UTC 2020 /home/travis/build/icyphy/ptII/ptolemy/actor/lib/test/auto/Reader.xml
----------------- Instantiating /home/travis/build/icyphy/ptII/ptolemy/actor/lib/test/auto/Reader.xml
actor.lib.Reader is obsolete, use actor.lib.io.ExpressionReader instead
4 ms. Memory: 332800K Free: 157730K (47%)
----------------- Invoking toplevel() on ptolemy.moml.MoMLSimpleApplication@1e319010
----------------- Done invoking toplevel() on ptolemy.moml.MoMLSimpleApplication@1e319010
reloadAllAccessors: .Reader

===========================================================================================
----------------- testing Mon Mar 02 07:13:16 UTC 2020 /home/travis/build/icyphy/ptII/ptolemy/actor/lib/test/auto/RecordAssemblerDisplayNameTest.xml
----------------- Instantiating /home/travis/build/icyphy/ptII/ptolemy/actor/lib/test/auto/RecordAssemblerDisplayNameTest.xml
3402 ms. Memory: 332800K Free: 119808K (36%)
----------------- Invoking toplevel() on ptolemy.moml.MoMLSimpleApplication@7a946b6f
----------------- Done invoking toplevel() on ptolemy.moml.MoMLSimpleApplication@7a946b6f
reloadAllAccessors: .RecordAssemblerDisplayNameTest

===========================================================================================
----------------- testing Mon Mar 02 07:13:20 UTC 2020 /home/travis/build/icyphy/ptII/ptolemy/actor/lib/test/auto/RecordAssemblerTypeError.xml
----------------- Instantiating /home/travis/build/icyphy/ptII/ptolemy/actor/lib/test/auto/RecordAssemblerTypeError.xml
16 ms. Memory: 332800K Free: 110078K (33%)
----------------- Invoking toplevel() on ptolemy.moml.MoMLSimpleApplication@1aefb826
----------------- Done invoking toplevel() on ptolemy.moml.MoMLSimpleApplication@1aefb826
reloadAllAccessors: .RecordAssemblerTypeError

===========================================================================================
----------------- testing Mon Mar 02 07:13:20 UTC 2020 /home/travis/build/icyphy/ptII/ptolemy/actor/lib/test/auto/RecordDisassember.xml
----------------- Instantiating /home/travis/build/icyphy/ptII/ptolemy/actor/lib/test/auto/RecordDisassember.xml
4 ms. Memory: 332800K Free: 104951K (32%)
----------------- Invoking toplevel() on ptolemy.moml.MoMLSimpleApplication@63860c47
----------------- Done invoking toplevel() on ptolemy.moml.MoMLSimpleApplication@63860c47
reloadAllAccessors: .RecordDisassember

===========================================================================================
----------------- testing Mon Mar 02 07:13:20 UTC 2020 /home/travis/build/icyphy/ptII/ptolemy/actor/lib/test/auto/RecordDisassemberDisplayNameTest.xml
----------------- Instantiating /home/travis/build/icyphy/ptII/ptolemy/actor/lib/test/auto/RecordDisassemberDisplayNameTest.xml
6 ms. Memory: 332800K Free: 96766K (29%)
----------------- Invoking toplevel() on ptolemy.moml.MoMLSimpleApplication@198ecf09
----------------- Done invoking toplevel() on ptolemy.moml.MoMLSimpleApplication@198ecf09
reloadAllAccessors: .RecordDisassemberDisplayNameTest

===========================================================================================
----------------- testing Mon Mar 02 07:13:20 UTC 2020 /home/travis/build/icyphy/ptII/ptolemy/actor/lib/test/auto/RecordDisassembler.xml
----------------- Instantiating /home/travis/build/icyphy/ptII/ptolemy/actor/lib/test/auto/RecordDisassembler.xml
2 ms. Memory: 332800K Free: 91639K (28%)
----------------- Invoking toplevel() on ptolemy.moml.MoMLSimpleApplication@62041c0
----------------- Done invoking toplevel() on ptolemy.moml.MoMLSimpleApplication@62041c0
reloadAllAccessors: .RecordDisassembler

===========================================================================================
----------------- testing Mon Mar 02 07:13:20 UTC 2020 /home/travis/build/icyphy/ptII/ptolemy/actor/lib/test/auto/RecordDisassembler2.xml
----------------- Instantiating /home/travis/build/icyphy/ptII/ptolemy/actor/lib/test/auto/RecordDisassembler2.xml
3 ms. Memory: 332800K Free: 86495K (26%)
----------------- Invoking toplevel() on ptolemy.moml.MoMLSimpleApplication@354681d4
----------------- Done invoking toplevel() on ptolemy.moml.MoMLSimpleApplication@354681d4
reloadAllAccessors: .RecordDisassembler2

===========================================================================================
----------------- testing Mon Mar 02 07:13:20 UTC 2020 /home/travis/build/icyphy/ptII/ptolemy/actor/lib/test/auto/RecordUpdater.xml
----------------- Instantiating /home/travis/build/icyphy/ptII/ptolemy/actor/lib/test/auto/RecordUpdater.xml
2 ms. Memory: 332800K Free: 278574K (84%)
----------------- Invoking toplevel() on ptolemy.moml.MoMLSimpleApplication@4a889df9
----------------- Done invoking toplevel() on ptolemy.moml.MoMLSimpleApplication@4a889df9
reloadAllAccessors: .RecordUpdater

===========================================================================================
----------------- testing Mon Mar 02 07:13:20 UTC 2020 /home/travis/build/icyphy/ptII/ptolemy/actor/lib/test/auto/RecordUpdater2.xml
----------------- Instantiating /home/travis/build/icyphy/ptII/ptolemy/actor/lib/test/auto/RecordUpdater2.xml
2 ms. Memory: 332800K Free: 273964K (82%)
----------------- Invoking toplevel() on ptolemy.moml.MoMLSimpleApplication@3182945e
----------------- Done invoking toplevel() on ptolemy.moml.MoMLSimpleApplication@3182945e
reloadAllAccessors: .RecordUpdater2

===========================================================================================
----------------- testing Mon Mar 02 07:13:20 UTC 2020 /home/travis/build/icyphy/ptII/ptolemy/actor/lib/test/auto/RecursiveLattice.xml
----------------- Instantiating /home/travis/build/icyphy/ptII/ptolemy/actor/lib/test/auto/RecursiveLattice.xml
1 ms. Memory: 332800K Free: 269868K (81%)
----------------- Invoking toplevel() on ptolemy.moml.MoMLSimpleApplication@6165cee4
----------------- Done invoking toplevel() on ptolemy.moml.MoMLSimpleApplication@6165cee4
reloadAllAccessors: .RecursiveLattice

===========================================================================================
----------------- testing Mon Mar 02 07:13:20 UTC 2020 /home/travis/build/icyphy/ptII/ptolemy/actor/lib/test/auto/Router.xml
----------------- Instantiating /home/travis/build/icyphy/ptII/ptolemy/actor/lib/test/auto/Router.xml
3004 ms. Memory: 332800K Free: 259628K (78%)
----------------- Invoking toplevel() on ptolemy.moml.MoMLSimpleApplication@561d8c1e
----------------- Done invoking toplevel() on ptolemy.moml.MoMLSimpleApplication@561d8c1e
reloadAllAccessors: .Router

===========================================================================================
----------------- testing Mon Mar 02 07:13:23 UTC 2020 /home/travis/build/icyphy/ptII/ptolemy/actor/lib/test/auto/Router2.xml
----------------- Instantiating /home/travis/build/icyphy/ptII/ptolemy/actor/lib/test/auto/Router2.xml
3003 ms. Memory: 332800K Free: 248364K (75%)
----------------- Invoking toplevel() on ptolemy.moml.MoMLSimpleApplication@21f87335
----------------- Done invoking toplevel() on ptolemy.moml.MoMLSimpleApplication@21f87335
reloadAllAccessors: .Router2

===========================================================================================
----------------- testing Mon Mar 02 07:13:26 UTC 2020 /home/travis/build/icyphy/ptII/ptolemy/actor/lib/test/auto/RunningMaximum.xml
----------------- Instantiating /home/travis/build/icyphy/ptII/ptolemy/actor/lib/test/auto/RunningMaximum.xml
1 ms. Memory: 332800K Free: 243758K (73%)
----------------- Invoking toplevel() on ptolemy.moml.MoMLSimpleApplication@314d7d7f
----------------- Done invoking toplevel() on ptolemy.moml.MoMLSimpleApplication@314d7d7f
reloadAllAccessors: .RunningMaximum

===========================================================================================
----------------- testing Mon Mar 02 07:13:26 UTC 2020 /home/travis/build/icyphy/ptII/ptolemy/actor/lib/test/auto/RunningMinimum.xml
----------------- Instantiating /home/travis/build/icyphy/ptII/ptolemy/actor/lib/test/auto/RunningMinimum.xml
8 ms. Memory: 332800K Free: 239148K (72%)
----------------- Invoking toplevel() on ptolemy.moml.MoMLSimpleApplication@13df64d5
----------------- Done invoking toplevel() on ptolemy.moml.MoMLSimpleApplication@13df64d5
reloadAllAccessors: .RunningMinimum

===========================================================================================
----------------- testing Mon Mar 02 07:13:26 UTC 2020 /home/travis/build/icyphy/ptII/ptolemy/actor/lib/test/auto/Scale.xml
----------------- Instantiating /home/travis/build/icyphy/ptII/ptolemy/actor/lib/test/auto/Scale.xml
1 ms. Memory: 332800K Free: 234028K (70%)
----------------- Invoking toplevel() on ptolemy.moml.MoMLSimpleApplication@5d632f9
----------------- Done invoking toplevel() on ptolemy.moml.MoMLSimpleApplication@5d632f9
reloadAllAccessors: .Scale

===========================================================================================
----------------- testing Mon Mar 02 07:13:26 UTC 2020 /home/travis/build/icyphy/ptII/ptolemy/actor/lib/test/auto/Scale2.xml
----------------- Instantiating /home/travis/build/icyphy/ptII/ptolemy/actor/lib/test/auto/Scale2.xml
1 ms. Memory: 332800K Free: 229422K (69%)
----------------- Invoking toplevel() on ptolemy.moml.MoMLSimpleApplication@67d58b4a
----------------- Done invoking toplevel() on ptolemy.moml.MoMLSimpleApplication@67d58b4a
reloadAllAccessors: .Scale2

===========================================================================================
----------------- testing Mon Mar 02 07:13:26 UTC 2020 /home/travis/build/icyphy/ptII/ptolemy/actor/lib/test/auto/Scale3.xml
----------------- Instantiating /home/travis/build/icyphy/ptII/ptolemy/actor/lib/test/auto/Scale3.xml
18 ms. Memory: 332800K Free: 222764K (67%)
----------------- Invoking toplevel() on ptolemy.moml.MoMLSimpleApplication@75a2129a
----------------- Done invoking toplevel() on ptolemy.moml.MoMLSimpleApplication@75a2129a
reloadAllAccessors: .Scale3

===========================================================================================
----------------- testing Mon Mar 02 07:13:26 UTC 2020 /home/travis/build/icyphy/ptII/ptolemy/actor/lib/test/auto/ScaleArray.xml
----------------- Instantiating /home/travis/build/icyphy/ptII/ptolemy/actor/lib/test/auto/ScaleArray.xml
2 ms. Memory: 332800K Free: 218158K (66%)
----------------- Invoking toplevel() on ptolemy.moml.MoMLSimpleApplication@7b42b9d4
----------------- Done invoking toplevel() on ptolemy.moml.MoMLSimpleApplication@7b42b9d4
reloadAllAccessors: .ScaleArray

===========================================================================================
----------------- testing Mon Mar 02 07:13:26 UTC 2020 /home/travis/build/icyphy/ptII/ptolemy/actor/lib/test/auto/ScaleArray2.xml
----------------- Instantiating /home/travis/build/icyphy/ptII/ptolemy/actor/lib/test/auto/ScaleArray2.xml
2 ms. Memory: 332800K Free: 213038K (64%)
----------------- Invoking toplevel() on ptolemy.moml.MoMLSimpleApplication@46bbfcc4
----------------- Done invoking toplevel() on ptolemy.moml.MoMLSimpleApplication@46bbfcc4
reloadAllAccessors: .ScaleArray2

===========================================================================================
----------------- testing Mon Mar 02 07:13:26 UTC 2020 /home/travis/build/icyphy/ptII/ptolemy/actor/lib/test/auto/ScaleMatrix.xml
----------------- Instantiating /home/travis/build/icyphy/ptII/ptolemy/actor/lib/test/auto/ScaleMatrix.xml
131 ms. Memory: 332800K Free: 197164K (59%)
----------------- Invoking toplevel() on ptolemy.moml.MoMLSimpleApplication@429c2611
----------------- Done invoking toplevel() on ptolemy.moml.MoMLSimpleApplication@429c2611
reloadAllAccessors: .ScaleMatrix

===========================================================================================
----------------- testing Mon Mar 02 07:13:26 UTC 2020 /home/travis/build/icyphy/ptII/ptolemy/actor/lib/test/auto/Select.xml
----------------- Instantiating /home/travis/build/icyphy/ptII/ptolemy/actor/lib/test/auto/Select.xml
3 ms. Memory: 332800K Free: 190990K (57%)
----------------- Invoking toplevel() on ptolemy.moml.MoMLSimpleApplication@361ecafd
----------------- Done invoking toplevel() on ptolemy.moml.MoMLSimpleApplication@361ecafd
reloadAllAccessors: .Select

===========================================================================================
----------------- testing Mon Mar 02 07:13:26 UTC 2020 /home/travis/build/icyphy/ptII/ptolemy/actor/lib/test/auto/Select2.xml
----------------- Instantiating /home/travis/build/icyphy/ptII/ptolemy/actor/lib/test/auto/Select2.xml
1 ms. Memory: 332800K Free: 185900K (56%)
----------------- Invoking toplevel() on ptolemy.moml.MoMLSimpleApplication@49c19797
----------------- Done invoking toplevel() on ptolemy.moml.MoMLSimpleApplication@49c19797
reloadAllAccessors: .Select2

===========================================================================================
----------------- testing Mon Mar 02 07:13:26 UTC 2020 /home/travis/build/icyphy/ptII/ptolemy/actor/lib/test/auto/SequenceToArray2.xml
----------------- Instantiating /home/travis/build/icyphy/ptII/ptolemy/actor/lib/test/auto/SequenceToArray2.xml
98 ms. Memory: 332800K Free: 161324K (48%)
----------------- Invoking toplevel() on ptolemy.moml.MoMLSimpleApplication@711c3bf9
----------------- Done invoking toplevel() on ptolemy.moml.MoMLSimpleApplication@711c3bf9
reloadAllAccessors: .SequenceToArray2

===========================================================================================
----------------- testing Mon Mar 02 07:13:26 UTC 2020 /home/travis/build/icyphy/ptII/ptolemy/actor/lib/test/auto/SequentialClock.xml
----------------- Instantiating /home/travis/build/icyphy/ptII/ptolemy/actor/lib/test/auto/SequentialClock.xml
1 ms. Memory: 332800K Free: 157228K (47%)
----------------- Invoking toplevel() on ptolemy.moml.MoMLSimpleApplication@97c98ae
----------------- Done invoking toplevel() on ptolemy.moml.MoMLSimpleApplication@97c98ae
reloadAllAccessors: .SequentialClock

===========================================================================================
----------------- testing Mon Mar 02 07:13:26 UTC 2020 /home/travis/build/icyphy/ptII/ptolemy/actor/lib/test/auto/SetVariable.xml
----------------- Instantiating /home/travis/build/icyphy/ptII/ptolemy/actor/lib/test/auto/SetVariable.xml
2 ms. Memory: 332800K Free: 152622K (46%)
----------------- Invoking toplevel() on ptolemy.moml.MoMLSimpleApplication@81aa27d
----------------- Done invoking toplevel() on ptolemy.moml.MoMLSimpleApplication@81aa27d
reloadAllAccessors: .SetVariable

===========================================================================================
----------------- testing Mon Mar 02 07:13:26 UTC 2020 /home/travis/build/icyphy/ptII/ptolemy/actor/lib/test/auto/SetVariable2.xml
----------------- Instantiating /home/travis/build/icyphy/ptII/ptolemy/actor/lib/test/auto/SetVariable2.xml
9 ms. Memory: 332800K Free: 146988K (44%)
----------------- Invoking toplevel() on ptolemy.moml.MoMLSimpleApplication@788d6ab8
----------------- Done invoking toplevel() on ptolemy.moml.MoMLSimpleApplication@788d6ab8
reloadAllAccessors: .SetVariable2

===========================================================================================
----------------- testing Mon Mar 02 07:13:26 UTC 2020 /home/travis/build/icyphy/ptII/ptolemy/actor/lib/test/auto/SetVariable3.xml
----------------- Instantiating /home/travis/build/icyphy/ptII/ptolemy/actor/lib/test/auto/SetVariable3.xml
8 ms. Memory: 332800K Free: 141868K (43%)
----------------- Invoking toplevel() on ptolemy.moml.MoMLSimpleApplication@553f17b8
----------------- Done invoking toplevel() on ptolemy.moml.MoMLSimpleApplication@553f17b8
reloadAllAccessors: .SetVariable3

===========================================================================================
----------------- testing Mon Mar 02 07:13:26 UTC 2020 /home/travis/build/icyphy/ptII/ptolemy/actor/lib/test/auto/SetVariable4.xml
----------------- Instantiating /home/travis/build/icyphy/ptII/ptolemy/actor/lib/test/auto/SetVariable4.xml
17 ms. Memory: 332800K Free: 132140K (40%)
----------------- Invoking toplevel() on ptolemy.moml.MoMLSimpleApplication@2feeb1d0
----------------- Done invoking toplevel() on ptolemy.moml.MoMLSimpleApplication@2feeb1d0
reloadAllAccessors: .SetVariable4

===========================================================================================
----------------- testing Mon Mar 02 07:13:26 UTC 2020 /home/travis/build/icyphy/ptII/ptolemy/actor/lib/test/auto/SetVariable5.xml
----------------- Instantiating /home/travis/build/icyphy/ptII/ptolemy/actor/lib/test/auto/SetVariable5.xml
18 ms. Memory: 332800K Free: 122398K (37%)
----------------- Invoking toplevel() on ptolemy.moml.MoMLSimpleApplication@22b49778
----------------- Done invoking toplevel() on ptolemy.moml.MoMLSimpleApplication@22b49778
reloadAllAccessors: .SetVariable5

===========================================================================================
----------------- testing Mon Mar 02 07:13:27 UTC 2020 /home/travis/build/icyphy/ptII/ptolemy/actor/lib/test/auto/Sinewave.xml
----------------- Instantiating /home/travis/build/icyphy/ptII/ptolemy/actor/lib/test/auto/Sinewave.xml
6 ms. Memory: 332800K Free: 112172K (34%)
----------------- Invoking toplevel() on ptolemy.moml.MoMLSimpleApplication@7581ede1
----------------- Done invoking toplevel() on ptolemy.moml.MoMLSimpleApplication@7581ede1
reloadAllAccessors: .Sinewave

===========================================================================================
----------------- testing Mon Mar 02 07:13:27 UTC 2020 /home/travis/build/icyphy/ptII/ptolemy/actor/lib/test/auto/Sinewave2.xml
----------------- Instantiating /home/travis/build/icyphy/ptII/ptolemy/actor/lib/test/auto/Sinewave2.xml
7 ms. Memory: 332800K Free: 104494K (31%)
----------------- Invoking toplevel() on ptolemy.moml.MoMLSimpleApplication@7f09b31c
----------------- Done invoking toplevel() on ptolemy.moml.MoMLSimpleApplication@7f09b31c
reloadAllAccessors: .Sinewave2

===========================================================================================
----------------- testing Mon Mar 02 07:13:27 UTC 2020 /home/travis/build/icyphy/ptII/ptolemy/actor/lib/test/auto/Sinewave3.xml
----------------- Instantiating /home/travis/build/icyphy/ptII/ptolemy/actor/lib/test/auto/Sinewave3.xml
11 ms. Memory: 332800K Free: 95278K (29%)
----------------- Invoking toplevel() on ptolemy.moml.MoMLSimpleApplication@564d20f1
----------------- Done invoking toplevel() on ptolemy.moml.MoMLSimpleApplication@564d20f1
reloadAllAccessors: .Sinewave3

===========================================================================================
----------------- testing Mon Mar 02 07:13:27 UTC 2020 /home/travis/build/icyphy/ptII/ptolemy/actor/lib/test/auto/SingleEvent.xml
----------------- Instantiating /home/travis/build/icyphy/ptII/ptolemy/actor/lib/test/auto/SingleEvent.xml
1 ms. Memory: 332800K Free: 91182K (27%)
----------------- Invoking toplevel() on ptolemy.moml.MoMLSimpleApplication@4db37c12
----------------- Done invoking toplevel() on ptolemy.moml.MoMLSimpleApplication@4db37c12
reloadAllAccessors: .SingleEvent

===========================================================================================
----------------- testing Mon Mar 02 07:13:27 UTC 2020 /home/travis/build/icyphy/ptII/ptolemy/actor/lib/test/auto/Sleep.xml
----------------- Instantiating /home/travis/build/icyphy/ptII/ptolemy/actor/lib/test/auto/Sleep.xml
6009 ms. Memory: 332800K Free: 282929K (85%)
----------------- Invoking toplevel() on ptolemy.moml.MoMLSimpleApplication@686e799f
----------------- Done invoking toplevel() on ptolemy.moml.MoMLSimpleApplication@686e799f
reloadAllAccessors: .Sleep

===========================================================================================
----------------- testing Mon Mar 02 07:13:33 UTC 2020 /home/travis/build/icyphy/ptII/ptolemy/actor/lib/test/auto/SleepMultipleFire.xml
----------------- Instantiating /home/travis/build/icyphy/ptII/ptolemy/actor/lib/test/auto/SleepMultipleFire.xml
1012 ms. Memory: 332800K Free: 276816K (83%)
----------------- Invoking toplevel() on ptolemy.moml.MoMLSimpleApplication@58fe0d93
----------------- Done invoking toplevel() on ptolemy.moml.MoMLSimpleApplication@58fe0d93
reloadAllAccessors: .SleepMultipleFire

===========================================================================================
----------------- testing Mon Mar 02 07:13:34 UTC 2020 /home/travis/build/icyphy/ptII/ptolemy/actor/lib/test/auto/StopDE.xml
----------------- Instantiating /home/travis/build/icyphy/ptII/ptolemy/actor/lib/test/auto/StopDE.xml
2 ms. Memory: 332800K Free: 270672K (81%)
----------------- Invoking toplevel() on ptolemy.moml.MoMLSimpleApplication@7676dcc8
----------------- Done invoking toplevel() on ptolemy.moml.MoMLSimpleApplication@7676dcc8
reloadAllAccessors: .StopDE

===========================================================================================
----------------- testing Mon Mar 02 07:13:34 UTC 2020 /home/travis/build/icyphy/ptII/ptolemy/actor/lib/test/auto/StopSDF.xml
----------------- Instantiating /home/travis/build/icyphy/ptII/ptolemy/actor/lib/test/auto/StopSDF.xml
4 ms. Memory: 332800K Free: 265552K (80%)
----------------- Invoking toplevel() on ptolemy.moml.MoMLSimpleApplication@56f5159e
----------------- Done invoking toplevel() on ptolemy.moml.MoMLSimpleApplication@56f5159e
reloadAllAccessors: .StopSDF

===========================================================================================
----------------- testing Mon Mar 02 07:13:34 UTC 2020 /home/travis/build/icyphy/ptII/ptolemy/actor/lib/test/auto/StringConstant.xml
----------------- Instantiating /home/travis/build/icyphy/ptII/ptolemy/actor/lib/test/auto/StringConstant.xml
9 ms. Memory: 332800K Free: 260944K (78%)
----------------- Invoking toplevel() on ptolemy.moml.MoMLSimpleApplication@e556167
----------------- Done invoking toplevel() on ptolemy.moml.MoMLSimpleApplication@e556167
reloadAllAccessors: .StringConstant

===========================================================================================
----------------- testing Mon Mar 02 07:13:34 UTC 2020 /home/travis/build/icyphy/ptII/ptolemy/actor/lib/test/auto/SubscriberPortInitialValues1.xml
----------------- Instantiating /home/travis/build/icyphy/ptII/ptolemy/actor/lib/test/auto/SubscriberPortInitialValues1.xml
9 ms. Memory: 332800K Free: 251730K (76%)
----------------- Invoking toplevel() on ptolemy.moml.MoMLSimpleApplication@674ee09e
----------------- Done invoking toplevel() on ptolemy.moml.MoMLSimpleApplication@674ee09e
reloadAllAccessors: .SubscriberPortInitialValues1

===========================================================================================
----------------- testing Mon Mar 02 07:13:34 UTC 2020 /home/travis/build/icyphy/ptII/ptolemy/actor/lib/test/auto/SubscriberPortInitialValues13.xml
----------------- Instantiating /home/travis/build/icyphy/ptII/ptolemy/actor/lib/test/auto/SubscriberPortInitialValues13.xml
6 ms. Memory: 332800K Free: 238418K (72%)
----------------- Invoking toplevel() on ptolemy.moml.MoMLSimpleApplication@378af370
----------------- Done invoking toplevel() on ptolemy.moml.MoMLSimpleApplication@378af370
reloadAllAccessors: .SubscriberPortInitialValues13

===========================================================================================
----------------- testing Mon Mar 02 07:13:34 UTC 2020 /home/travis/build/icyphy/ptII/ptolemy/actor/lib/test/auto/SubscriberPortInitialValues14.xml
----------------- Instantiating /home/travis/build/icyphy/ptII/ptolemy/actor/lib/test/auto/SubscriberPortInitialValues14.xml
3 ms. Memory: 332800K Free: 230736K (69%)
----------------- Invoking toplevel() on ptolemy.moml.MoMLSimpleApplication@1d1c99f8
----------------- Done invoking toplevel() on ptolemy.moml.MoMLSimpleApplication@1d1c99f8
reloadAllAccessors: .SubscriberPortInitialValues14

===========================================================================================
----------------- testing Mon Mar 02 07:13:34 UTC 2020 /home/travis/build/icyphy/ptII/ptolemy/actor/lib/test/auto/SubscriberPortInitialValues2.xml
----------------- Instantiating /home/travis/build/icyphy/ptII/ptolemy/actor/lib/test/auto/SubscriberPortInitialValues2.xml
3 ms. Memory: 332800K Free: 222034K (67%)
----------------- Invoking toplevel() on ptolemy.moml.MoMLSimpleApplication@1339cb16
----------------- Done invoking toplevel() on ptolemy.moml.MoMLSimpleApplication@1339cb16
reloadAllAccessors: .SubscriberPortInitialValues2

===========================================================================================
----------------- testing Mon Mar 02 07:13:34 UTC 2020 /home/travis/build/icyphy/ptII/ptolemy/actor/lib/test/auto/SubscriberPortInitialValues3.xml
----------------- Instantiating /home/travis/build/icyphy/ptII/ptolemy/actor/lib/test/auto/SubscriberPortInitialValues3.xml
4 ms. Memory: 332800K Free: 210770K (63%)
----------------- Invoking toplevel() on ptolemy.moml.MoMLSimpleApplication@2272b52c
----------------- Done invoking toplevel() on ptolemy.moml.MoMLSimpleApplication@2272b52c
reloadAllAccessors: .SubscriberPortInitialValues3

===========================================================================================
----------------- testing Mon Mar 02 07:13:34 UTC 2020 /home/travis/build/icyphy/ptII/ptolemy/actor/lib/test/auto/SubscriptionAggregator.xml
----------------- Instantiating /home/travis/build/icyphy/ptII/ptolemy/actor/lib/test/auto/SubscriptionAggregator.xml
2 ms. Memory: 332800K Free: 203602K (61%)
----------------- Invoking toplevel() on ptolemy.moml.MoMLSimpleApplication@26600048
----------------- Done invoking toplevel() on ptolemy.moml.MoMLSimpleApplication@26600048
reloadAllAccessors: .SubscriptionAggregator

===========================================================================================
----------------- testing Mon Mar 02 07:13:34 UTC 2020 /home/travis/build/icyphy/ptII/ptolemy/actor/lib/test/auto/SubscriptionAggregator2.xml
----------------- Instantiating /home/travis/build/icyphy/ptII/ptolemy/actor/lib/test/auto/SubscriptionAggregator2.xml
3 ms. Memory: 332800K Free: 196434K (59%)
----------------- Invoking toplevel() on ptolemy.moml.MoMLSimpleApplication@153c94d2
----------------- Done invoking toplevel() on ptolemy.moml.MoMLSimpleApplication@153c94d2
reloadAllAccessors: .SubscriptionAggregator2

===========================================================================================
----------------- testing Mon Mar 02 07:13:34 UTC 2020 /home/travis/build/icyphy/ptII/ptolemy/actor/lib/test/auto/SubscriptionAggregator3.xml
----------------- Instantiating /home/travis/build/icyphy/ptII/ptolemy/actor/lib/test/auto/SubscriptionAggregator3.xml
4 ms. Memory: 332800K Free: 187722K (56%)
----------------- Invoking toplevel() on ptolemy.moml.MoMLSimpleApplication@788626ca
----------------- Done invoking toplevel() on ptolemy.moml.MoMLSimpleApplication@788626ca
reloadAllAccessors: .SubscriptionAggregator3

===========================================================================================
----------------- testing Mon Mar 02 07:13:34 UTC 2020 /home/travis/build/icyphy/ptII/ptolemy/actor/lib/test/auto/SubscriptionAggregatorMultiply.xml
----------------- Instantiating /home/travis/build/icyphy/ptII/ptolemy/actor/lib/test/auto/SubscriptionAggregatorMultiply.xml
13 ms. Memory: 332800K Free: 179026K (54%)
----------------- Invoking toplevel() on ptolemy.moml.MoMLSimpleApplication@5094514
----------------- Done invoking toplevel() on ptolemy.moml.MoMLSimpleApplication@5094514
reloadAllAccessors: .SubscriptionAggregatorMultiply

===========================================================================================
----------------- testing Mon Mar 02 07:13:34 UTC 2020 /home/travis/build/icyphy/ptII/ptolemy/actor/lib/test/auto/SubscriptionAggregatorPortMultiply1.xml
----------------- Instantiating /home/travis/build/icyphy/ptII/ptolemy/actor/lib/test/auto/SubscriptionAggregatorPortMultiply1.xml
3 ms. Memory: 332800K Free: 170834K (51%)
----------------- Invoking toplevel() on ptolemy.moml.MoMLSimpleApplication@65216f64
----------------- Done invoking toplevel() on ptolemy.moml.MoMLSimpleApplication@65216f64
reloadAllAccessors: .SubscriptionAggregatorPortMultiply1

===========================================================================================
----------------- testing Mon Mar 02 07:13:34 UTC 2020 /home/travis/build/icyphy/ptII/ptolemy/actor/lib/test/auto/Switch.xml
----------------- Instantiating /home/travis/build/icyphy/ptII/ptolemy/actor/lib/test/auto/Switch.xml
8 ms. Memory: 332800K Free: 162642K (49%)
----------------- Invoking toplevel() on ptolemy.moml.MoMLSimpleApplication@31f6f747
----------------- Done invoking toplevel() on ptolemy.moml.MoMLSimpleApplication@31f6f747
reloadAllAccessors: .Switch

===========================================================================================
----------------- testing Mon Mar 02 07:13:34 UTC 2020 /home/travis/build/icyphy/ptII/ptolemy/actor/lib/test/auto/Switch2.xml
----------------- Instantiating /home/travis/build/icyphy/ptII/ptolemy/actor/lib/test/auto/Switch2.xml
1 ms. Memory: 332800K Free: 157522K (47%)
----------------- Invoking toplevel() on ptolemy.moml.MoMLSimpleApplication@36bb2916
----------------- Done invoking toplevel() on ptolemy.moml.MoMLSimpleApplication@36bb2916
reloadAllAccessors: .Switch2

===========================================================================================
----------------- testing Mon Mar 02 07:13:34 UTC 2020 /home/travis/build/icyphy/ptII/ptolemy/actor/lib/test/auto/SwitchDE.xml
----------------- Instantiating /home/travis/build/icyphy/ptII/ptolemy/actor/lib/test/auto/SwitchDE.xml
3 ms. Memory: 332800K Free: 151378K (45%)
----------------- Invoking toplevel() on ptolemy.moml.MoMLSimpleApplication@561ac395
----------------- Done invoking toplevel() on ptolemy.moml.MoMLSimpleApplication@561ac395
reloadAllAccessors: .SwitchDE

===========================================================================================
----------------- testing Mon Mar 02 07:13:34 UTC 2020 /home/travis/build/icyphy/ptII/ptolemy/actor/lib/test/auto/SynchronizerDE.xml
----------------- Instantiating /home/travis/build/icyphy/ptII/ptolemy/actor/lib/test/auto/SynchronizerDE.xml
6 ms. Memory: 332800K Free: 142162K (43%)
----------------- Invoking toplevel() on ptolemy.moml.MoMLSimpleApplication@4f2f4c37
----------------- Done invoking toplevel() on ptolemy.moml.MoMLSimpleApplication@4f2f4c37
reloadAllAccessors: .SynchronizerDE

===========================================================================================
----------------- testing Mon Mar 02 07:13:34 UTC 2020 /home/travis/build/icyphy/ptII/ptolemy/actor/lib/test/auto/Test.xml
----------------- Instantiating /home/travis/build/icyphy/ptII/ptolemy/actor/lib/test/auto/Test.xml
2 ms. Memory: 332800K Free: 136498K (41%)
----------------- Invoking toplevel() on ptolemy.moml.MoMLSimpleApplication@dda6db2
----------------- Done invoking toplevel() on ptolemy.moml.MoMLSimpleApplication@dda6db2
reloadAllAccessors: .Test

===========================================================================================
----------------- testing Mon Mar 02 07:13:34 UTC 2020 /home/travis/build/icyphy/ptII/ptolemy/actor/lib/test/auto/TestExceptionAttribute1.xml
----------------- Instantiating /home/travis/build/icyphy/ptII/ptolemy/actor/lib/test/auto/TestExceptionAttribute1.xml
1 ms. Memory: 332800K Free: 132946K (40%)
----------------- Invoking toplevel() on ptolemy.moml.MoMLSimpleApplication@589756ef
----------------- Done invoking toplevel() on ptolemy.moml.MoMLSimpleApplication@589756ef
reloadAllAccessors: .TestExceptionAttribute1

===========================================================================================
----------------- testing Mon Mar 02 07:13:34 UTC 2020 /home/travis/build/icyphy/ptII/ptolemy/actor/lib/test/auto/TestExceptionAttribute2.xml
----------------- Instantiating /home/travis/build/icyphy/ptII/ptolemy/actor/lib/test/auto/TestExceptionAttribute2.xml
1 ms. Memory: 332800K Free: 128850K (39%)
----------------- Invoking toplevel() on ptolemy.moml.MoMLSimpleApplication@649fe553
----------------- Done invoking toplevel() on ptolemy.moml.MoMLSimpleApplication@649fe553
reloadAllAccessors: .TestExceptionAttribute2

===========================================================================================
----------------- testing Mon Mar 02 07:13:34 UTC 2020 /home/travis/build/icyphy/ptII/ptolemy/actor/lib/test/auto/TestExceptionAttribute3.xml
----------------- Instantiating /home/travis/build/icyphy/ptII/ptolemy/actor/lib/test/auto/TestExceptionAttribute3.xml
.TestExceptionAttribute3.TestExceptionAttribute: initialize() was not invoked, but wrapup() was.  This is unusual, but not always a problem.  For example, exporting JNLP will do this.
1 ms. Memory: 332800K Free: 125264K (38%)
----------------- Invoking toplevel() on ptolemy.moml.MoMLSimpleApplication@9a76121
----------------- Done invoking toplevel() on ptolemy.moml.MoMLSimpleApplication@9a76121
reloadAllAccessors: .TestExceptionAttribute3

===========================================================================================
----------------- testing Mon Mar 02 07:13:34 UTC 2020 /home/travis/build/icyphy/ptII/ptolemy/actor/lib/test/auto/TestExceptionAttribute4.xml
----------------- Instantiating /home/travis/build/icyphy/ptII/ptolemy/actor/lib/test/auto/TestExceptionAttribute4.xml
.TestExceptionAttribute4.TestExceptionAttribute: initialize() was not invoked, but wrapup() was.  This is unusual, but not always a problem.  For example, exporting JNLP will do this.
.TestExceptionAttribute4.TestExceptionAttribute2: initialize() was not invoked, but wrapup() was.  This is unusual, but not always a problem.  For example, exporting JNLP will do this.
1 ms. Memory: 332800K Free: 121168K (36%)
----------------- Invoking toplevel() on ptolemy.moml.MoMLSimpleApplication@bcd16b8
----------------- Done invoking toplevel() on ptolemy.moml.MoMLSimpleApplication@bcd16b8
reloadAllAccessors: .TestExceptionAttribute4

===========================================================================================
----------------- testing Mon Mar 02 07:13:34 UTC 2020 /home/travis/build/icyphy/ptII/ptolemy/actor/lib/test/auto/TestExceptionHandler1.xml
----------------- Instantiating /home/travis/build/icyphy/ptII/ptolemy/actor/lib/test/auto/TestExceptionHandler1.xml
1 ms. Memory: 332800K Free: 117072K (35%)
----------------- Invoking toplevel() on ptolemy.moml.MoMLSimpleApplication@4fe41907
----------------- Done invoking toplevel() on ptolemy.moml.MoMLSimpleApplication@4fe41907
reloadAllAccessors: .TestExceptionHandler1

===========================================================================================
----------------- testing Mon Mar 02 07:13:34 UTC 2020 /home/travis/build/icyphy/ptII/ptolemy/actor/lib/test/auto/TestExceptionHandler2.xml
----------------- Instantiating /home/travis/build/icyphy/ptII/ptolemy/actor/lib/test/auto/TestExceptionHandler2.xml
1 ms. Memory: 332800K Free: 113490K (34%)
----------------- Invoking toplevel() on ptolemy.moml.MoMLSimpleApplication@eab98d2
----------------- Done invoking toplevel() on ptolemy.moml.MoMLSimpleApplication@eab98d2
reloadAllAccessors: .TestExceptionHandler2

===========================================================================================
----------------- testing Mon Mar 02 07:13:34 UTC 2020 /home/travis/build/icyphy/ptII/ptolemy/actor/lib/test/auto/TestExceptionHandler3.xml
----------------- Instantiating /home/travis/build/icyphy/ptII/ptolemy/actor/lib/test/auto/TestExceptionHandler3.xml
1 ms. Memory: 332800K Free: 109394K (33%)
----------------- Invoking toplevel() on ptolemy.moml.MoMLSimpleApplication@439cf58a
----------------- Done invoking toplevel() on ptolemy.moml.MoMLSimpleApplication@439cf58a
reloadAllAccessors: .TestExceptionHandler3

===========================================================================================
----------------- testing Mon Mar 02 07:13:34 UTC 2020 /home/travis/build/icyphy/ptII/ptolemy/actor/lib/test/auto/TestExceptionHandler4.xml
----------------- Instantiating /home/travis/build/icyphy/ptII/ptolemy/actor/lib/test/auto/TestExceptionHandler4.xml
0 ms. Memory: 332800K Free: 105298K (32%)
----------------- Invoking toplevel() on ptolemy.moml.MoMLSimpleApplication@63f93660
----------------- Done invoking toplevel() on ptolemy.moml.MoMLSimpleApplication@63f93660
reloadAllAccessors: .TestExceptionHandler4

===========================================================================================
----------------- testing Mon Mar 02 07:13:34 UTC 2020 /home/travis/build/icyphy/ptII/ptolemy/actor/lib/test/auto/TestRequireCorrectOrder.xml
----------------- Instantiating /home/travis/build/icyphy/ptII/ptolemy/actor/lib/test/auto/TestRequireCorrectOrder.xml
5 ms. Memory: 332800K Free: 100178K (30%)
----------------- Invoking toplevel() on ptolemy.moml.MoMLSimpleApplication@4dd2547a
----------------- Done invoking toplevel() on ptolemy.moml.MoMLSimpleApplication@4dd2547a
reloadAllAccessors: .TestRequireCorrectOrder

===========================================================================================
----------------- testing Mon Mar 02 07:13:34 UTC 2020 /home/travis/build/icyphy/ptII/ptolemy/actor/lib/test/auto/TestSimple.xml
----------------- Instantiating /home/travis/build/icyphy/ptII/ptolemy/actor/lib/test/auto/TestSimple.xml
1 ms. Memory: 332800K Free: 95568K (29%)
----------------- Invoking toplevel() on ptolemy.moml.MoMLSimpleApplication@11a10d49
----------------- Done invoking toplevel() on ptolemy.moml.MoMLSimpleApplication@11a10d49
reloadAllAccessors: .TestSimple

===========================================================================================
----------------- testing Mon Mar 02 07:13:34 UTC 2020 /home/travis/build/icyphy/ptII/ptolemy/actor/lib/test/auto/ThrowModelError.xml
----------------- Instantiating /home/travis/build/icyphy/ptII/ptolemy/actor/lib/test/auto/ThrowModelError.xml
1 ms. Memory: 332800K Free: 90962K (27%)
----------------- Invoking toplevel() on ptolemy.moml.MoMLSimpleApplication@15c0c68d
----------------- Done invoking toplevel() on ptolemy.moml.MoMLSimpleApplication@15c0c68d
reloadAllAccessors: .ThrowModelError

===========================================================================================
----------------- testing Mon Mar 02 07:13:34 UTC 2020 /home/travis/build/icyphy/ptII/ptolemy/actor/lib/test/auto/TimeDelayMicrosteps.xml
----------------- Instantiating /home/travis/build/icyphy/ptII/ptolemy/actor/lib/test/auto/TimeDelayMicrosteps.xml
8 ms. Memory: 332800K Free: 281501K (85%)
----------------- Invoking toplevel() on ptolemy.moml.MoMLSimpleApplication@38bdded1
----------------- Done invoking toplevel() on ptolemy.moml.MoMLSimpleApplication@38bdded1
reloadAllAccessors: .TimeDelayMicrosteps

===========================================================================================
----------------- testing Mon Mar 02 07:13:34 UTC 2020 /home/travis/build/icyphy/ptII/ptolemy/actor/lib/test/auto/TimeDelayMicrosteps2.xml
----------------- Instantiating /home/travis/build/icyphy/ptII/ptolemy/actor/lib/test/auto/TimeDelayMicrosteps2.xml
2 ms. Memory: 332800K Free: 273805K (82%)
----------------- Invoking toplevel() on ptolemy.moml.MoMLSimpleApplication@39aeaf88
----------------- Done invoking toplevel() on ptolemy.moml.MoMLSimpleApplication@39aeaf88
reloadAllAccessors: .TimeDelayMicrosteps2

===========================================================================================
----------------- testing Mon Mar 02 07:13:34 UTC 2020 /home/travis/build/icyphy/ptII/ptolemy/actor/lib/test/auto/TimeDelayMicrosteps3.xml
----------------- Instantiating /home/travis/build/icyphy/ptII/ptolemy/actor/lib/test/auto/TimeDelayMicrosteps3.xml
2 ms. Memory: 332800K Free: 266621K (80%)
----------------- Invoking toplevel() on ptolemy.moml.MoMLSimpleApplication@7464d24f
----------------- Done invoking toplevel() on ptolemy.moml.MoMLSimpleApplication@7464d24f
reloadAllAccessors: .TimeDelayMicrosteps3

===========================================================================================
----------------- testing Mon Mar 02 07:13:34 UTC 2020 /home/travis/build/icyphy/ptII/ptolemy/actor/lib/test/auto/TimeDelayVariableMicrosteps.xml
----------------- Instantiating /home/travis/build/icyphy/ptII/ptolemy/actor/lib/test/auto/TimeDelayVariableMicrosteps.xml
3 ms. Memory: 332800K Free: 259995K (78%)
----------------- Invoking toplevel() on ptolemy.moml.MoMLSimpleApplication@c67cf37
----------------- Done invoking toplevel() on ptolemy.moml.MoMLSimpleApplication@c67cf37
reloadAllAccessors: .TimeDelayVariableMicrosteps

===========================================================================================
----------------- testing Mon Mar 02 07:13:34 UTC 2020 /home/travis/build/icyphy/ptII/ptolemy/actor/lib/test/auto/TimeGap.xml
----------------- Instantiating /home/travis/build/icyphy/ptII/ptolemy/actor/lib/test/auto/TimeGap.xml
13 ms. Memory: 332800K Free: 254349K (76%)
----------------- Invoking toplevel() on ptolemy.moml.MoMLSimpleApplication@207aa401
----------------- Done invoking toplevel() on ptolemy.moml.MoMLSimpleApplication@207aa401
reloadAllAccessors: .TimeGap

===========================================================================================
----------------- testing Mon Mar 02 07:13:34 UTC 2020 /home/travis/build/icyphy/ptII/ptolemy/actor/lib/test/auto/TimeGap2.xml
----------------- Instantiating /home/travis/build/icyphy/ptII/ptolemy/actor/lib/test/auto/TimeGap2.xml
2 ms. Memory: 332800K Free: 248733K (75%)
----------------- Invoking toplevel() on ptolemy.moml.MoMLSimpleApplication@5672b4d
----------------- Done invoking toplevel() on ptolemy.moml.MoMLSimpleApplication@5672b4d
reloadAllAccessors: .TimeGap2

===========================================================================================
----------------- testing Mon Mar 02 07:13:34 UTC 2020 /home/travis/build/icyphy/ptII/ptolemy/actor/lib/test/auto/TimedSinewave.xml
----------------- Instantiating /home/travis/build/icyphy/ptII/ptolemy/actor/lib/test/auto/TimedSinewave.xml
19 ms. Memory: 332800K Free: 233883K (70%)
----------------- Invoking toplevel() on ptolemy.moml.MoMLSimpleApplication@65b88b49
----------------- Done invoking toplevel() on ptolemy.moml.MoMLSimpleApplication@65b88b49
reloadAllAccessors: .TimedSinewave

===========================================================================================
----------------- testing Mon Mar 02 07:13:34 UTC 2020 /home/travis/build/icyphy/ptII/ptolemy/actor/lib/test/auto/TimedSinewavePhase.xml
----------------- Instantiating /home/travis/build/icyphy/ptII/ptolemy/actor/lib/test/auto/TimedSinewavePhase.xml
8 ms. Memory: 332800K Free: 224157K (67%)
----------------- Invoking toplevel() on ptolemy.moml.MoMLSimpleApplication@19aad917
----------------- Done invoking toplevel() on ptolemy.moml.MoMLSimpleApplication@19aad917
reloadAllAccessors: .TimedSinewavePhase

===========================================================================================
----------------- testing Mon Mar 02 07:13:34 UTC 2020 /home/travis/build/icyphy/ptII/ptolemy/actor/lib/test/auto/Timer.xml
----------------- Instantiating /home/travis/build/icyphy/ptII/ptolemy/actor/lib/test/auto/Timer.xml
3 ms. Memory: 332800K Free: 218013K (66%)
----------------- Invoking toplevel() on ptolemy.moml.MoMLSimpleApplication@2cd837a5
----------------- Done invoking toplevel() on ptolemy.moml.MoMLSimpleApplication@2cd837a5
reloadAllAccessors: .Timer

===========================================================================================
----------------- testing Mon Mar 02 07:13:34 UTC 2020 /home/travis/build/icyphy/ptII/ptolemy/actor/lib/test/auto/TriangularDistTestModel.xml
----------------- Instantiating /home/travis/build/icyphy/ptII/ptolemy/actor/lib/test/auto/TriangularDistTestModel.xml
2 ms. Memory: 332800K Free: 212373K (64%)
----------------- Invoking toplevel() on ptolemy.moml.MoMLSimpleApplication@6922c472
----------------- Done invoking toplevel() on ptolemy.moml.MoMLSimpleApplication@6922c472
reloadAllAccessors: .TriangularDistTestModel

===========================================================================================
----------------- testing Mon Mar 02 07:13:34 UTC 2020 /home/travis/build/icyphy/ptII/ptolemy/actor/lib/test/auto/TrigFunction.xml
----------------- Instantiating /home/travis/build/icyphy/ptII/ptolemy/actor/lib/test/auto/TrigFunction.xml
2 ms. Memory: 332800K Free: 207773K (62%)
----------------- Invoking toplevel() on ptolemy.moml.MoMLSimpleApplication@700cc041
----------------- Done invoking toplevel() on ptolemy.moml.MoMLSimpleApplication@700cc041
reloadAllAccessors: .TrigFunction

===========================================================================================
----------------- testing Mon Mar 02 07:13:34 UTC 2020 /home/travis/build/icyphy/ptII/ptolemy/actor/lib/test/auto/TrigFunctionDE.xml
----------------- Instantiating /home/travis/build/icyphy/ptII/ptolemy/actor/lib/test/auto/TrigFunctionDE.xml
2 ms. Memory: 332800K Free: 201629K (61%)
----------------- Invoking toplevel() on ptolemy.moml.MoMLSimpleApplication@20a7dd3f
----------------- Done invoking toplevel() on ptolemy.moml.MoMLSimpleApplication@20a7dd3f
reloadAllAccessors: .TrigFunctionDE

===========================================================================================
----------------- testing Mon Mar 02 07:13:34 UTC 2020 /home/travis/build/icyphy/ptII/ptolemy/actor/lib/test/auto/TrigFunctionInverse.xml
----------------- Instantiating /home/travis/build/icyphy/ptII/ptolemy/actor/lib/test/auto/TrigFunctionInverse.xml
1 ms. Memory: 332800K Free: 196509K (59%)
----------------- Invoking toplevel() on ptolemy.moml.MoMLSimpleApplication@315bdbd6
----------------- Done invoking toplevel() on ptolemy.moml.MoMLSimpleApplication@315bdbd6
reloadAllAccessors: .TrigFunctionInverse

===========================================================================================
----------------- testing Mon Mar 02 07:13:34 UTC 2020 /home/travis/build/icyphy/ptII/ptolemy/actor/lib/test/auto/TrigFunctionTan.xml
----------------- Instantiating /home/travis/build/icyphy/ptII/ptolemy/actor/lib/test/auto/TrigFunctionTan.xml
1 ms. Memory: 332800K Free: 191389K (58%)
----------------- Invoking toplevel() on ptolemy.moml.MoMLSimpleApplication@70573e2b
----------------- Done invoking toplevel() on ptolemy.moml.MoMLSimpleApplication@70573e2b
reloadAllAccessors: .TrigFunctionTan

===========================================================================================
----------------- testing Mon Mar 02 07:13:34 UTC 2020 /home/travis/build/icyphy/ptII/ptolemy/actor/lib/test/auto/TriggeredClock.xml
----------------- Instantiating /home/travis/build/icyphy/ptII/ptolemy/actor/lib/test/auto/TriggeredClock.xml
1 ms. Memory: 332800K Free: 186763K (56%)
----------------- Invoking toplevel() on ptolemy.moml.MoMLSimpleApplication@653c6801
----------------- Done invoking toplevel() on ptolemy.moml.MoMLSimpleApplication@653c6801
reloadAllAccessors: .TriggeredClock

===========================================================================================
----------------- testing Mon Mar 02 07:13:34 UTC 2020 /home/travis/build/icyphy/ptII/ptolemy/actor/lib/test/auto/URLDirectoryReader.xml
----------------- Instantiating /home/travis/build/icyphy/ptII/ptolemy/actor/lib/test/auto/URLDirectoryReader.xml
29 ms. Memory: 332800K Free: 176539K (53%)
----------------- Invoking toplevel() on ptolemy.moml.MoMLSimpleApplication@637fd78
----------------- Done invoking toplevel() on ptolemy.moml.MoMLSimpleApplication@637fd78
reloadAllAccessors: .URLDirectoryReader

===========================================================================================
----------------- testing Mon Mar 02 07:13:35 UTC 2020 /home/travis/build/icyphy/ptII/ptolemy/actor/lib/test/auto/URLDirectoryReader3.xml
----------------- Instantiating /home/travis/build/icyphy/ptII/ptolemy/actor/lib/test/auto/URLDirectoryReader3.xml
1065 ms. Memory: 332800K Free: 274314K (82%)
----------------- Invoking toplevel() on ptolemy.moml.MoMLSimpleApplication@7080e2d
----------------- Done invoking toplevel() on ptolemy.moml.MoMLSimpleApplication@7080e2d
reloadAllAccessors: .URLDirectoryReader3

===========================================================================================
----------------- testing Mon Mar 02 07:13:36 UTC 2020 /home/travis/build/icyphy/ptII/ptolemy/actor/lib/test/auto/UnaryMathFunction.xml
----------------- Instantiating /home/travis/build/icyphy/ptII/ptolemy/actor/lib/test/auto/UnaryMathFunction.xml
2 ms. Memory: 332800K Free: 266122K (80%)
----------------- Invoking toplevel() on ptolemy.moml.MoMLSimpleApplication@1625b323
----------------- Done invoking toplevel() on ptolemy.moml.MoMLSimpleApplication@1625b323
reloadAllAccessors: .UnaryMathFunction

===========================================================================================
----------------- testing Mon Mar 02 07:13:36 UTC 2020 /home/travis/build/icyphy/ptII/ptolemy/actor/lib/test/auto/Uniform.xml
----------------- Instantiating /home/travis/build/icyphy/ptII/ptolemy/actor/lib/test/auto/Uniform.xml
1 ms. Memory: 332800K Free: 261512K (79%)
----------------- Invoking toplevel() on ptolemy.moml.MoMLSimpleApplication@26a0085a
----------------- Done invoking toplevel() on ptolemy.moml.MoMLSimpleApplication@26a0085a
reloadAllAccessors: .Uniform

===========================================================================================
----------------- testing Mon Mar 02 07:13:36 UTC 2020 /home/travis/build/icyphy/ptII/ptolemy/actor/lib/test/auto/UnionDisassemblerTest.xml
----------------- Instantiating /home/travis/build/icyphy/ptII/ptolemy/actor/lib/test/auto/UnionDisassemblerTest.xml
17 ms. Memory: 332800K Free: 257930K (78%)
----------------- Invoking toplevel() on ptolemy.moml.MoMLSimpleApplication@4dfdc93c
----------------- Done invoking toplevel() on ptolemy.moml.MoMLSimpleApplication@4dfdc93c
reloadAllAccessors: .UnionDisassemblerTest

===========================================================================================
----------------- testing Mon Mar 02 07:13:36 UTC 2020 /home/travis/build/icyphy/ptII/ptolemy/actor/lib/test/auto/UtilityFunctions.xml
----------------- Instantiating /home/travis/build/icyphy/ptII/ptolemy/actor/lib/test/auto/UtilityFunctions.xml
1 ms. Memory: 332800K Free: 253834K (76%)
----------------- Invoking toplevel() on ptolemy.moml.MoMLSimpleApplication@36d0f956
----------------- Done invoking toplevel() on ptolemy.moml.MoMLSimpleApplication@36d0f956
reloadAllAccessors: .UtilityFunctions

===========================================================================================
----------------- testing Mon Mar 02 07:13:36 UTC 2020 /home/travis/build/icyphy/ptII/ptolemy/actor/lib/test/auto/VariableSleep.xml
----------------- Instantiating /home/travis/build/icyphy/ptII/ptolemy/actor/lib/test/auto/VariableSleep.xml
503 ms. Memory: 332800K Free: 248714K (75%)
----------------- Invoking toplevel() on ptolemy.moml.MoMLSimpleApplication@3abae0a9
----------------- Done invoking toplevel() on ptolemy.moml.MoMLSimpleApplication@3abae0a9
reloadAllAccessors: .VariableSleep

===========================================================================================
----------------- testing Mon Mar 02 07:13:36 UTC 2020 /home/travis/build/icyphy/ptII/ptolemy/actor/lib/test/auto/VectorAssemblerDisassemblerCT.xml
----------------- Instantiating /home/travis/build/icyphy/ptII/ptolemy/actor/lib/test/auto/VectorAssemblerDisassemblerCT.xml
74 ms. Memory: 332800K Free: 227720K (68%)
----------------- Invoking toplevel() on ptolemy.moml.MoMLSimpleApplication@6b66ed98
----------------- Done invoking toplevel() on ptolemy.moml.MoMLSimpleApplication@6b66ed98
reloadAllAccessors: .VectorAssemblerDisassemblerCT

===========================================================================================
----------------- testing Mon Mar 02 07:13:37 UTC 2020 /home/travis/build/icyphy/ptII/ptolemy/actor/lib/test/auto/VectorAssemblerDisassemblerDE.xml
----------------- Instantiating /home/travis/build/icyphy/ptII/ptolemy/actor/lib/test/auto/VectorAssemblerDisassemblerDE.xml
10 ms. Memory: 332800K Free: 220552K (66%)
----------------- Invoking toplevel() on ptolemy.moml.MoMLSimpleApplication@1607262c
----------------- Done invoking toplevel() on ptolemy.moml.MoMLSimpleApplication@1607262c
reloadAllAccessors: .VectorAssemblerDisassemblerDE

===========================================================================================
----------------- testing Mon Mar 02 07:13:37 UTC 2020 /home/travis/build/icyphy/ptII/ptolemy/actor/lib/test/auto/VectorAssemblerDisassemblerSDF.xml
----------------- Instantiating /home/travis/build/icyphy/ptII/ptolemy/actor/lib/test/auto/VectorAssemblerDisassemblerSDF.xml
2 ms. Memory: 332800K Free: 213898K (64%)
----------------- Invoking toplevel() on ptolemy.moml.MoMLSimpleApplication@4277b084
----------------- Done invoking toplevel() on ptolemy.moml.MoMLSimpleApplication@4277b084
reloadAllAccessors: .VectorAssemblerDisassemblerSDF

===========================================================================================
----------------- testing Mon Mar 02 07:13:37 UTC 2020 /home/travis/build/icyphy/ptII/ptolemy/actor/lib/test/auto/WallClockTime.xml
----------------- Instantiating /home/travis/build/icyphy/ptII/ptolemy/actor/lib/test/auto/WallClockTime.xml
1003 ms. Memory: 332800K Free: 208264K (63%)
----------------- Invoking toplevel() on ptolemy.moml.MoMLSimpleApplication@16c537f9
----------------- Done invoking toplevel() on ptolemy.moml.MoMLSimpleApplication@16c537f9
reloadAllAccessors: .WallClockTime

===========================================================================================
----------------- testing Mon Mar 02 07:13:38 UTC 2020 /home/travis/build/icyphy/ptII/ptolemy/actor/lib/test/auto/WidthTestWithSubscriberPublisher.xml
----------------- Instantiating /home/travis/build/icyphy/ptII/ptolemy/actor/lib/test/auto/WidthTestWithSubscriberPublisher.xml
7 ms. Memory: 332800K Free: 190346K (57%)
----------------- Invoking toplevel() on ptolemy.moml.MoMLSimpleApplication@66d3fd7e
----------------- Done invoking toplevel() on ptolemy.moml.MoMLSimpleApplication@66d3fd7e
reloadAllAccessors: .WidthTestWithSubscriberPublisher

===========================================================================================
----------------- testing Mon Mar 02 07:13:38 UTC 2020 /home/travis/build/icyphy/ptII/ptolemy/actor/lib/test/auto/WidthTestWithSubscriberPublisher2.xml
----------------- Instantiating /home/travis/build/icyphy/ptII/ptolemy/actor/lib/test/auto/WidthTestWithSubscriberPublisher2.xml
2 ms. Memory: 332800K Free: 184202K (55%)
----------------- Invoking toplevel() on ptolemy.moml.MoMLSimpleApplication@361d9cef
----------------- Done invoking toplevel() on ptolemy.moml.MoMLSimpleApplication@361d9cef
reloadAllAccessors: .WidthTestWithSubscriberPublisher2

===========================================================================================
----------------- testing Mon Mar 02 07:13:38 UTC 2020 /home/travis/build/icyphy/ptII/ptolemy/actor/lib/test/auto/WidthTestWithSubscriberPublisher3.xml
----------------- Instantiating /home/travis/build/icyphy/ptII/ptolemy/actor/lib/test/auto/WidthTestWithSubscriberPublisher3.xml
2 ms. Memory: 332800K Free: 178058K (54%)
----------------- Invoking toplevel() on ptolemy.moml.MoMLSimpleApplication@2c01a4bb
----------------- Done invoking toplevel() on ptolemy.moml.MoMLSimpleApplication@2c01a4bb
reloadAllAccessors: .WidthTestWithSubscriberPublisher3

===========================================================================================
----------------- testing Mon Mar 02 07:13:38 UTC 2020 /home/travis/build/icyphy/ptII/ptolemy/actor/lib/test/auto/Writer.xml
----------------- Instantiating /home/travis/build/icyphy/ptII/ptolemy/actor/lib/test/auto/Writer.xml
0
1
2
3
4
2 ms. Memory: 332800K Free: 173962K (52%)
----------------- Invoking toplevel() on ptolemy.moml.MoMLSimpleApplication@696337a7
----------------- Done invoking toplevel() on ptolemy.moml.MoMLSimpleApplication@696337a7
reloadAllAccessors: .Writer

===========================================================================================
----------------- testing Mon Mar 02 07:13:38 UTC 2020 /home/travis/build/icyphy/ptII/ptolemy/actor/lib/test/auto/array.xml
----------------- Instantiating /home/travis/build/icyphy/ptII/ptolemy/actor/lib/test/auto/array.xml
2 ms. Memory: 332800K Free: 169352K (51%)
----------------- Invoking toplevel() on ptolemy.moml.MoMLSimpleApplication@51ea6e80
----------------- Done invoking toplevel() on ptolemy.moml.MoMLSimpleApplication@51ea6e80
reloadAllAccessors: .array

===========================================================================================
----------------- testing Mon Mar 02 07:13:38 UTC 2020 /home/travis/build/icyphy/ptII/ptolemy/actor/lib/test/auto/array2.xml
----------------- Instantiating /home/travis/build/icyphy/ptII/ptolemy/actor/lib/test/auto/array2.xml
4 ms. Memory: 332800K Free: 163722K (49%)
----------------- Invoking toplevel() on ptolemy.moml.MoMLSimpleApplication@3082750e
----------------- Done invoking toplevel() on ptolemy.moml.MoMLSimpleApplication@3082750e
reloadAllAccessors: .array2

===========================================================================================
----------------- testing Mon Mar 02 07:13:38 UTC 2020 /home/travis/build/icyphy/ptII/ptolemy/actor/lib/test/auto/arrayType.xml
----------------- Instantiating /home/travis/build/icyphy/ptII/ptolemy/actor/lib/test/auto/arrayType.xml
1 ms. Memory: 332800K Free: 158602K (48%)
----------------- Invoking toplevel() on ptolemy.moml.MoMLSimpleApplication@2dd4ba3f
----------------- Done invoking toplevel() on ptolemy.moml.MoMLSimpleApplication@2dd4ba3f
reloadAllAccessors: .arrayType

===========================================================================================
----------------- testing Mon Mar 02 07:13:38 UTC 2020 /home/travis/build/icyphy/ptII/ptolemy/actor/lib/test/auto/arrayType10.xml
----------------- Instantiating /home/travis/build/icyphy/ptII/ptolemy/actor/lib/test/auto/arrayType10.xml
2 ms. Memory: 332800K Free: 153992K (46%)
----------------- Invoking toplevel() on ptolemy.moml.MoMLSimpleApplication@26458e0d
----------------- Done invoking toplevel() on ptolemy.moml.MoMLSimpleApplication@26458e0d
reloadAllAccessors: .arrayType10

===========================================================================================
----------------- testing Mon Mar 02 07:13:38 UTC 2020 /home/travis/build/icyphy/ptII/ptolemy/actor/lib/test/auto/arrayType11.xml
----------------- Instantiating /home/travis/build/icyphy/ptII/ptolemy/actor/lib/test/auto/arrayType11.xml
1 ms. Memory: 332800K Free: 148872K (45%)
----------------- Invoking toplevel() on ptolemy.moml.MoMLSimpleApplication@4457661b
----------------- Done invoking toplevel() on ptolemy.moml.MoMLSimpleApplication@4457661b
reloadAllAccessors: .arrayType11

===========================================================================================
----------------- testing Mon Mar 02 07:13:38 UTC 2020 /home/travis/build/icyphy/ptII/ptolemy/actor/lib/test/auto/arrayType12.xml
----------------- Instantiating /home/travis/build/icyphy/ptII/ptolemy/actor/lib/test/auto/arrayType12.xml
1 ms. Memory: 332800K Free: 144266K (43%)
----------------- Invoking toplevel() on ptolemy.moml.MoMLSimpleApplication@6dfbb9ed
----------------- Done invoking toplevel() on ptolemy.moml.MoMLSimpleApplication@6dfbb9ed
reloadAllAccessors: .arrayType12

===========================================================================================
----------------- testing Mon Mar 02 07:13:38 UTC 2020 /home/travis/build/icyphy/ptII/ptolemy/actor/lib/test/auto/arrayType13.xml
----------------- Instantiating /home/travis/build/icyphy/ptII/ptolemy/actor/lib/test/auto/arrayType13.xml
1 ms. Memory: 332800K Free: 138632K (42%)
----------------- Invoking toplevel() on ptolemy.moml.MoMLSimpleApplication@4629aaf3
----------------- Done invoking toplevel() on ptolemy.moml.MoMLSimpleApplication@4629aaf3
reloadAllAccessors: .arrayType13

===========================================================================================
----------------- testing Mon Mar 02 07:13:38 UTC 2020 /home/travis/build/icyphy/ptII/ptolemy/actor/lib/test/auto/arrayType14.xml
----------------- Instantiating /home/travis/build/icyphy/ptII/ptolemy/actor/lib/test/auto/arrayType14.xml
2 ms. Memory: 332800K Free: 133512K (40%)
----------------- Invoking toplevel() on ptolemy.moml.MoMLSimpleApplication@3afbe02
----------------- Done invoking toplevel() on ptolemy.moml.MoMLSimpleApplication@3afbe02
reloadAllAccessors: .arrayType14

===========================================================================================
----------------- testing Mon Mar 02 07:13:38 UTC 2020 /home/travis/build/icyphy/ptII/ptolemy/actor/lib/test/auto/arrayType15.xml
----------------- Instantiating /home/travis/build/icyphy/ptII/ptolemy/actor/lib/test/auto/arrayType15.xml
3 ms. Memory: 332800K Free: 128378K (39%)
----------------- Invoking toplevel() on ptolemy.moml.MoMLSimpleApplication@65dff212
----------------- Done invoking toplevel() on ptolemy.moml.MoMLSimpleApplication@65dff212
reloadAllAccessors: .arrayType15

===========================================================================================
----------------- testing Mon Mar 02 07:13:38 UTC 2020 /home/travis/build/icyphy/ptII/ptolemy/actor/lib/test/auto/arrayType16.xml
----------------- Instantiating /home/travis/build/icyphy/ptII/ptolemy/actor/lib/test/auto/arrayType16.xml
2 ms. Memory: 332800K Free: 122762K (37%)
----------------- Invoking toplevel() on ptolemy.moml.MoMLSimpleApplication@686304f0
----------------- Done invoking toplevel() on ptolemy.moml.MoMLSimpleApplication@686304f0
reloadAllAccessors: .arrayType16

===========================================================================================
----------------- testing Mon Mar 02 07:13:38 UTC 2020 /home/travis/build/icyphy/ptII/ptolemy/actor/lib/test/auto/arrayType17.xml
----------------- Instantiating /home/travis/build/icyphy/ptII/ptolemy/actor/lib/test/auto/arrayType17.xml
1 ms. Memory: 332800K Free: 117642K (35%)
----------------- Invoking toplevel() on ptolemy.moml.MoMLSimpleApplication@5173efa0
----------------- Done invoking toplevel() on ptolemy.moml.MoMLSimpleApplication@5173efa0
reloadAllAccessors: .arrayType17

===========================================================================================
----------------- testing Mon Mar 02 07:13:38 UTC 2020 /home/travis/build/icyphy/ptII/ptolemy/actor/lib/test/auto/arrayType18.xml
----------------- Instantiating /home/travis/build/icyphy/ptII/ptolemy/actor/lib/test/auto/arrayType18.xml
2 ms. Memory: 332800K Free: 113032K (34%)
----------------- Invoking toplevel() on ptolemy.moml.MoMLSimpleApplication@6bafebec
----------------- Done invoking toplevel() on ptolemy.moml.MoMLSimpleApplication@6bafebec
reloadAllAccessors: .arrayType18

===========================================================================================
----------------- testing Mon Mar 02 07:13:38 UTC 2020 /home/travis/build/icyphy/ptII/ptolemy/actor/lib/test/auto/arrayType19.xml
----------------- Instantiating /home/travis/build/icyphy/ptII/ptolemy/actor/lib/test/auto/arrayType19.xml
1 ms. Memory: 332800K Free: 107912K (32%)
----------------- Invoking toplevel() on ptolemy.moml.MoMLSimpleApplication@365e07d6
----------------- Done invoking toplevel() on ptolemy.moml.MoMLSimpleApplication@365e07d6
reloadAllAccessors: .arrayType19

===========================================================================================
----------------- testing Mon Mar 02 07:13:38 UTC 2020 /home/travis/build/icyphy/ptII/ptolemy/actor/lib/test/auto/arrayType2.xml
----------------- Instantiating /home/travis/build/icyphy/ptII/ptolemy/actor/lib/test/auto/arrayType2.xml
1 ms. Memory: 332800K Free: 102778K (31%)
----------------- Invoking toplevel() on ptolemy.moml.MoMLSimpleApplication@661aadc1
----------------- Done invoking toplevel() on ptolemy.moml.MoMLSimpleApplication@661aadc1
reloadAllAccessors: .arrayType2

===========================================================================================
----------------- testing Mon Mar 02 07:13:38 UTC 2020 /home/travis/build/icyphy/ptII/ptolemy/actor/lib/test/auto/arrayType20.xml
----------------- Instantiating /home/travis/build/icyphy/ptII/ptolemy/actor/lib/test/auto/arrayType20.xml
1 ms. Memory: 332800K Free: 97672K (29%)
----------------- Invoking toplevel() on ptolemy.moml.MoMLSimpleApplication@48411963
----------------- Done invoking toplevel() on ptolemy.moml.MoMLSimpleApplication@48411963
reloadAllAccessors: .arrayType20

===========================================================================================
----------------- testing Mon Mar 02 07:13:38 UTC 2020 /home/travis/build/icyphy/ptII/ptolemy/actor/lib/test/auto/arrayType21.xml
----------------- Instantiating /home/travis/build/icyphy/ptII/ptolemy/actor/lib/test/auto/arrayType21.xml
1 ms. Memory: 332800K Free: 93066K (28%)
----------------- Invoking toplevel() on ptolemy.moml.MoMLSimpleApplication@1abe2f87
----------------- Done invoking toplevel() on ptolemy.moml.MoMLSimpleApplication@1abe2f87
reloadAllAccessors: .arrayType21

===========================================================================================
----------------- testing Mon Mar 02 07:13:38 UTC 2020 /home/travis/build/icyphy/ptII/ptolemy/actor/lib/test/auto/arrayType22.xml
----------------- Instantiating /home/travis/build/icyphy/ptII/ptolemy/actor/lib/test/auto/arrayType22.xml
1 ms. Memory: 332800K Free: 88456K (27%)
----------------- Invoking toplevel() on ptolemy.moml.MoMLSimpleApplication@17312950
----------------- Done invoking toplevel() on ptolemy.moml.MoMLSimpleApplication@17312950
reloadAllAccessors: .arrayType22

===========================================================================================
----------------- testing Mon Mar 02 07:13:38 UTC 2020 /home/travis/build/icyphy/ptII/ptolemy/actor/lib/test/auto/arrayType23.xml
----------------- Instantiating /home/travis/build/icyphy/ptII/ptolemy/actor/lib/test/auto/arrayType23.xml
13 ms. Memory: 332800K Free: 278352K (84%)
----------------- Invoking toplevel() on ptolemy.moml.MoMLSimpleApplication@40b178ae
----------------- Done invoking toplevel() on ptolemy.moml.MoMLSimpleApplication@40b178ae
reloadAllAccessors: .arrayType23

===========================================================================================
----------------- testing Mon Mar 02 07:13:38 UTC 2020 /home/travis/build/icyphy/ptII/ptolemy/actor/lib/test/auto/arrayType24.xml
----------------- Instantiating /home/travis/build/icyphy/ptII/ptolemy/actor/lib/test/auto/arrayType24.xml
1 ms. Memory: 332800K Free: 273232K (82%)
----------------- Invoking toplevel() on ptolemy.moml.MoMLSimpleApplication@37517bd9
----------------- Done invoking toplevel() on ptolemy.moml.MoMLSimpleApplication@37517bd9
reloadAllAccessors: .arrayType24

===========================================================================================
----------------- testing Mon Mar 02 07:13:38 UTC 2020 /home/travis/build/icyphy/ptII/ptolemy/actor/lib/test/auto/arrayType25.xml
----------------- Instantiating /home/travis/build/icyphy/ptII/ptolemy/actor/lib/test/auto/arrayType25.xml
1 ms. Memory: 332800K Free: 268112K (81%)
----------------- Invoking toplevel() on ptolemy.moml.MoMLSimpleApplication@2ca31349
----------------- Done invoking toplevel() on ptolemy.moml.MoMLSimpleApplication@2ca31349
reloadAllAccessors: .arrayType25

===========================================================================================
----------------- testing Mon Mar 02 07:13:38 UTC 2020 /home/travis/build/icyphy/ptII/ptolemy/actor/lib/test/auto/arrayType26.xml
----------------- Instantiating /home/travis/build/icyphy/ptII/ptolemy/actor/lib/test/auto/arrayType26.xml
1 ms. Memory: 332800K Free: 262482K (79%)
----------------- Invoking toplevel() on ptolemy.moml.MoMLSimpleApplication@64b461e6
----------------- Done invoking toplevel() on ptolemy.moml.MoMLSimpleApplication@64b461e6
reloadAllAccessors: .arrayType26

===========================================================================================
----------------- testing Mon Mar 02 07:13:38 UTC 2020 /home/travis/build/icyphy/ptII/ptolemy/actor/lib/test/auto/arrayType27.xml
----------------- Instantiating /home/travis/build/icyphy/ptII/ptolemy/actor/lib/test/auto/arrayType27.xml
1 ms. Memory: 332800K Free: 257362K (77%)
----------------- Invoking toplevel() on ptolemy.moml.MoMLSimpleApplication@315e7e24
----------------- Done invoking toplevel() on ptolemy.moml.MoMLSimpleApplication@315e7e24
reloadAllAccessors: .arrayType27

===========================================================================================
----------------- testing Mon Mar 02 07:13:38 UTC 2020 /home/travis/build/icyphy/ptII/ptolemy/actor/lib/test/auto/arrayType28.xml
----------------- Instantiating /home/travis/build/icyphy/ptII/ptolemy/actor/lib/test/auto/arrayType28.xml
1 ms. Memory: 332800K Free: 252242K (76%)
----------------- Invoking toplevel() on ptolemy.moml.MoMLSimpleApplication@279703aa
----------------- Done invoking toplevel() on ptolemy.moml.MoMLSimpleApplication@279703aa
reloadAllAccessors: .arrayType28

===========================================================================================
----------------- testing Mon Mar 02 07:13:38 UTC 2020 /home/travis/build/icyphy/ptII/ptolemy/actor/lib/test/auto/arrayType3.xml
----------------- Instantiating /home/travis/build/icyphy/ptII/ptolemy/actor/lib/test/auto/arrayType3.xml
5 ms. Memory: 332800K Free: 246608K (74%)
----------------- Invoking toplevel() on ptolemy.moml.MoMLSimpleApplication@6070bebe
----------------- Done invoking toplevel() on ptolemy.moml.MoMLSimpleApplication@6070bebe
reloadAllAccessors: .arrayType3

===========================================================================================
----------------- testing Mon Mar 02 07:13:38 UTC 2020 /home/travis/build/icyphy/ptII/ptolemy/actor/lib/test/auto/arrayType4.xml
----------------- Instantiating /home/travis/build/icyphy/ptII/ptolemy/actor/lib/test/auto/arrayType4.xml
1 ms. Memory: 332800K Free: 241488K (73%)
----------------- Invoking toplevel() on ptolemy.moml.MoMLSimpleApplication@46de0a37
----------------- Done invoking toplevel() on ptolemy.moml.MoMLSimpleApplication@46de0a37
reloadAllAccessors: .arrayType4

===========================================================================================
----------------- testing Mon Mar 02 07:13:38 UTC 2020 /home/travis/build/icyphy/ptII/ptolemy/actor/lib/test/auto/arrayType5.xml
----------------- Instantiating /home/travis/build/icyphy/ptII/ptolemy/actor/lib/test/auto/arrayType5.xml
2 ms. Memory: 332800K Free: 235858K (71%)
----------------- Invoking toplevel() on ptolemy.moml.MoMLSimpleApplication@98f7878
----------------- Done invoking toplevel() on ptolemy.moml.MoMLSimpleApplication@98f7878
reloadAllAccessors: .arrayType5

===========================================================================================
----------------- testing Mon Mar 02 07:13:38 UTC 2020 /home/travis/build/icyphy/ptII/ptolemy/actor/lib/test/auto/arrayType6.xml
----------------- Instantiating /home/travis/build/icyphy/ptII/ptolemy/actor/lib/test/auto/arrayType6.xml
4 ms. Memory: 332800K Free: 231248K (69%)
----------------- Invoking toplevel() on ptolemy.moml.MoMLSimpleApplication@2879e8f3
----------------- Done invoking toplevel() on ptolemy.moml.MoMLSimpleApplication@2879e8f3
reloadAllAccessors: .arrayType6

===========================================================================================
----------------- testing Mon Mar 02 07:13:38 UTC 2020 /home/travis/build/icyphy/ptII/ptolemy/actor/lib/test/auto/arrayType7.xml
----------------- Instantiating /home/travis/build/icyphy/ptII/ptolemy/actor/lib/test/auto/arrayType7.xml
2 ms. Memory: 332800K Free: 226128K (68%)
----------------- Invoking toplevel() on ptolemy.moml.MoMLSimpleApplication@1452d242
----------------- Done invoking toplevel() on ptolemy.moml.MoMLSimpleApplication@1452d242
reloadAllAccessors: .arrayType7

===========================================================================================
----------------- testing Mon Mar 02 07:13:38 UTC 2020 /home/travis/build/icyphy/ptII/ptolemy/actor/lib/test/auto/arrayType8.xml
----------------- Instantiating /home/travis/build/icyphy/ptII/ptolemy/actor/lib/test/auto/arrayType8.xml
7 ms. Memory: 332800K Free: 221522K (67%)
----------------- Invoking toplevel() on ptolemy.moml.MoMLSimpleApplication@57b7ea2e
----------------- Done invoking toplevel() on ptolemy.moml.MoMLSimpleApplication@57b7ea2e
reloadAllAccessors: .arrayType8

===========================================================================================
----------------- testing Mon Mar 02 07:13:38 UTC 2020 /home/travis/build/icyphy/ptII/ptolemy/actor/lib/test/auto/arrayType9.xml
----------------- Instantiating /home/travis/build/icyphy/ptII/ptolemy/actor/lib/test/auto/arrayType9.xml
2 ms. Memory: 332800K Free: 216912K (65%)
----------------- Invoking toplevel() on ptolemy.moml.MoMLSimpleApplication@7fb4d5d9
----------------- Done invoking toplevel() on ptolemy.moml.MoMLSimpleApplication@7fb4d5d9
reloadAllAccessors: .arrayType9

===========================================================================================
----------------- testing Mon Mar 02 07:13:38 UTC 2020 /home/travis/build/icyphy/ptII/ptolemy/actor/lib/test/auto/cast.xml
----------------- Instantiating /home/travis/build/icyphy/ptII/ptolemy/actor/lib/test/auto/cast.xml
2 ms. Memory: 332800K Free: 211792K (64%)
----------------- Invoking toplevel() on ptolemy.moml.MoMLSimpleApplication@268bbaff
----------------- Done invoking toplevel() on ptolemy.moml.MoMLSimpleApplication@268bbaff
reloadAllAccessors: .cast

===========================================================================================
----------------- testing Mon Mar 02 07:13:38 UTC 2020 /home/travis/build/icyphy/ptII/ptolemy/actor/lib/test/auto/compositeMultiPort.xml
----------------- Instantiating /home/travis/build/icyphy/ptII/ptolemy/actor/lib/test/auto/compositeMultiPort.xml
3 ms. Memory: 332800K Free: 203090K (61%)
----------------- Invoking toplevel() on ptolemy.moml.MoMLSimpleApplication@6b24d88a
----------------- Done invoking toplevel() on ptolemy.moml.MoMLSimpleApplication@6b24d88a
reloadAllAccessors: .compositeMultiPort

===========================================================================================
----------------- testing Mon Mar 02 07:13:38 UTC 2020 /home/travis/build/icyphy/ptII/ptolemy/actor/lib/test/auto/expressionCastInference.xml
----------------- Instantiating /home/travis/build/icyphy/ptII/ptolemy/actor/lib/test/auto/expressionCastInference.xml
2 ms. Memory: 332800K Free: 197970K (59%)
----------------- Invoking toplevel() on ptolemy.moml.MoMLSimpleApplication@237c373d
----------------- Done invoking toplevel() on ptolemy.moml.MoMLSimpleApplication@237c373d
reloadAllAccessors: .expressionCastInference

===========================================================================================
----------------- testing Mon Mar 02 07:13:38 UTC 2020 /home/travis/build/icyphy/ptII/ptolemy/actor/lib/test/auto/expressionCastInference2.xml
----------------- Instantiating /home/travis/build/icyphy/ptII/ptolemy/actor/lib/test/auto/expressionCastInference2.xml
2 ms. Memory: 332800K Free: 193360K (58%)
----------------- Invoking toplevel() on ptolemy.moml.MoMLSimpleApplication@2a50874a
----------------- Done invoking toplevel() on ptolemy.moml.MoMLSimpleApplication@2a50874a
reloadAllAccessors: .expressionCastInference2

===========================================================================================
----------------- testing Mon Mar 02 07:13:38 UTC 2020 /home/travis/build/icyphy/ptII/ptolemy/actor/lib/test/auto/expressionInference.xml
----------------- Instantiating /home/travis/build/icyphy/ptII/ptolemy/actor/lib/test/auto/expressionInference.xml
2 ms. Memory: 332800K Free: 188754K (57%)
----------------- Invoking toplevel() on ptolemy.moml.MoMLSimpleApplication@79bc22b2
----------------- Done invoking toplevel() on ptolemy.moml.MoMLSimpleApplication@79bc22b2
reloadAllAccessors: .expressionInference

===========================================================================================
----------------- testing Mon Mar 02 07:13:38 UTC 2020 /home/travis/build/icyphy/ptII/ptolemy/actor/lib/test/auto/expression_bug.xml
----------------- Instantiating /home/travis/build/icyphy/ptII/ptolemy/actor/lib/test/auto/expression_bug.xml
1 ms. Memory: 332800K Free: 184658K (55%)
----------------- Invoking toplevel() on ptolemy.moml.MoMLSimpleApplication@6224eafc
----------------- Done invoking toplevel() on ptolemy.moml.MoMLSimpleApplication@6224eafc
reloadAllAccessors: .expression_bug

===========================================================================================
----------------- testing Mon Mar 02 07:13:38 UTC 2020 /home/travis/build/icyphy/ptII/ptolemy/actor/lib/test/auto/factorial.xml
----------------- Instantiating /home/travis/build/icyphy/ptII/ptolemy/actor/lib/test/auto/factorial.xml
50 ms. Memory: 332800K Free: 176466K (53%)
----------------- Invoking toplevel() on ptolemy.moml.MoMLSimpleApplication@64faf6b0
----------------- Done invoking toplevel() on ptolemy.moml.MoMLSimpleApplication@64faf6b0
reloadAllAccessors: .factorial

===========================================================================================
----------------- testing Mon Mar 02 07:13:38 UTC 2020 /home/travis/build/icyphy/ptII/ptolemy/actor/lib/test/auto/filterTest1.xml
----------------- Instantiating /home/travis/build/icyphy/ptII/ptolemy/actor/lib/test/auto/filterTest1.xml
3 ms. Memory: 332800K Free: 170322K (51%)
----------------- Invoking toplevel() on ptolemy.moml.MoMLSimpleApplication@6dab77ec
----------------- Done invoking toplevel() on ptolemy.moml.MoMLSimpleApplication@6dab77ec
reloadAllAccessors: .filterTest1

===========================================================================================
----------------- testing Mon Mar 02 07:13:38 UTC 2020 /home/travis/build/icyphy/ptII/ptolemy/actor/lib/test/auto/funcApplyInConst.xml
----------------- Instantiating /home/travis/build/icyphy/ptII/ptolemy/actor/lib/test/auto/funcApplyInConst.xml
1 ms. Memory: 332800K Free: 166736K (50%)
----------------- Invoking toplevel() on ptolemy.moml.MoMLSimpleApplication@2d30916c
----------------- Done invoking toplevel() on ptolemy.moml.MoMLSimpleApplication@2d30916c
reloadAllAccessors: .funcApplyInConst

===========================================================================================
----------------- testing Mon Mar 02 07:13:38 UTC 2020 /home/travis/build/icyphy/ptII/ptolemy/actor/lib/test/auto/funcApplyInExpr.xml
----------------- Instantiating /home/travis/build/icyphy/ptII/ptolemy/actor/lib/test/auto/funcApplyInExpr.xml
1 ms. Memory: 332800K Free: 162640K (49%)
----------------- Invoking toplevel() on ptolemy.moml.MoMLSimpleApplication@17a8e7e6
----------------- Done invoking toplevel() on ptolemy.moml.MoMLSimpleApplication@17a8e7e6
reloadAllAccessors: .funcApplyInExpr

===========================================================================================
----------------- testing Mon Mar 02 07:13:38 UTC 2020 /home/travis/build/icyphy/ptII/ptolemy/actor/lib/test/auto/function.xml
----------------- Instantiating /home/travis/build/icyphy/ptII/ptolemy/actor/lib/test/auto/function.xml
1 ms. Memory: 332800K Free: 158034K (47%)
----------------- Invoking toplevel() on ptolemy.moml.MoMLSimpleApplication@15461dc1
----------------- Done invoking toplevel() on ptolemy.moml.MoMLSimpleApplication@15461dc1
reloadAllAccessors: .function

===========================================================================================
----------------- testing Mon Mar 02 07:13:39 UTC 2020 /home/travis/build/icyphy/ptII/ptolemy/actor/lib/test/auto/function2.xml
----------------- Instantiating /home/travis/build/icyphy/ptII/ptolemy/actor/lib/test/auto/function2.xml
1 ms. Memory: 332800K Free: 152914K (46%)
----------------- Invoking toplevel() on ptolemy.moml.MoMLSimpleApplication@5b62dff8
----------------- Done invoking toplevel() on ptolemy.moml.MoMLSimpleApplication@5b62dff8
reloadAllAccessors: .function2

===========================================================================================
----------------- testing Mon Mar 02 07:13:39 UTC 2020 /home/travis/build/icyphy/ptII/ptolemy/actor/lib/test/auto/function3.xml
----------------- Instantiating /home/travis/build/icyphy/ptII/ptolemy/actor/lib/test/auto/function3.xml
1 ms. Memory: 332800K Free: 149328K (45%)
----------------- Invoking toplevel() on ptolemy.moml.MoMLSimpleApplication@640ae80
----------------- Done invoking toplevel() on ptolemy.moml.MoMLSimpleApplication@640ae80
reloadAllAccessors: .function3

===========================================================================================
----------------- testing Mon Mar 02 07:13:39 UTC 2020 /home/travis/build/icyphy/ptII/ptolemy/actor/lib/test/auto/functionClosureTest1.xml
----------------- Instantiating /home/travis/build/icyphy/ptII/ptolemy/actor/lib/test/auto/functionClosureTest1.xml
3 ms. Memory: 332800K Free: 143178K (43%)
----------------- Invoking toplevel() on ptolemy.moml.MoMLSimpleApplication@68a033ca
----------------- Done invoking toplevel() on ptolemy.moml.MoMLSimpleApplication@68a033ca
reloadAllAccessors: .functionClosureTest1

===========================================================================================
----------------- testing Mon Mar 02 07:13:39 UTC 2020 /home/travis/build/icyphy/ptII/ptolemy/actor/lib/test/auto/functionClosureTest2.xml
----------------- Instantiating /home/travis/build/icyphy/ptII/ptolemy/actor/lib/test/auto/functionClosureTest2.xml
1 ms. Memory: 332800K Free: 139602K (42%)
----------------- Invoking toplevel() on ptolemy.moml.MoMLSimpleApplication@6d2dbbe7
----------------- Done invoking toplevel() on ptolemy.moml.MoMLSimpleApplication@6d2dbbe7
reloadAllAccessors: .functionClosureTest2

===========================================================================================
----------------- testing Mon Mar 02 07:13:39 UTC 2020 /home/travis/build/icyphy/ptII/ptolemy/actor/lib/test/auto/functionClosureTest3.xml
----------------- Instantiating /home/travis/build/icyphy/ptII/ptolemy/actor/lib/test/auto/functionClosureTest3.xml
3 ms. Memory: 332800K Free: 133954K (40%)
----------------- Invoking toplevel() on ptolemy.moml.MoMLSimpleApplication@3aee9cdb
----------------- Done invoking toplevel() on ptolemy.moml.MoMLSimpleApplication@3aee9cdb
reloadAllAccessors: .functionClosureTest3

===========================================================================================
----------------- testing Mon Mar 02 07:13:39 UTC 2020 /home/travis/build/icyphy/ptII/ptolemy/actor/lib/test/auto/functionClosureTest4.xml
----------------- Instantiating /home/travis/build/icyphy/ptII/ptolemy/actor/lib/test/auto/functionClosureTest4.xml
3 ms. Memory: 332800K Free: 127824K (38%)
----------------- Invoking toplevel() on ptolemy.moml.MoMLSimpleApplication@1ba6e61
----------------- Done invoking toplevel() on ptolemy.moml.MoMLSimpleApplication@1ba6e61
reloadAllAccessors: .functionClosureTest4

===========================================================================================
----------------- testing Mon Mar 02 07:13:39 UTC 2020 /home/travis/build/icyphy/ptII/ptolemy/actor/lib/test/auto/functionClosureTest5.xml
----------------- Instantiating /home/travis/build/icyphy/ptII/ptolemy/actor/lib/test/auto/functionClosureTest5.xml
3 ms. Memory: 332800K Free: 122194K (37%)
----------------- Invoking toplevel() on ptolemy.moml.MoMLSimpleApplication@3d1d80b4
----------------- Done invoking toplevel() on ptolemy.moml.MoMLSimpleApplication@3d1d80b4
reloadAllAccessors: .functionClosureTest5

===========================================================================================
----------------- testing Mon Mar 02 07:13:39 UTC 2020 /home/travis/build/icyphy/ptII/ptolemy/actor/lib/test/auto/functionClosureTest6.xml
----------------- Instantiating /home/travis/build/icyphy/ptII/ptolemy/actor/lib/test/auto/functionClosureTest6.xml
2 ms. Memory: 332800K Free: 117578K (35%)
----------------- Invoking toplevel() on ptolemy.moml.MoMLSimpleApplication@1c939b05
----------------- Done invoking toplevel() on ptolemy.moml.MoMLSimpleApplication@1c939b05
reloadAllAccessors: .functionClosureTest6

===========================================================================================
----------------- testing Mon Mar 02 07:13:39 UTC 2020 /home/travis/build/icyphy/ptII/ptolemy/actor/lib/test/auto/functionsOnArcs.xml
----------------- Instantiating /home/travis/build/icyphy/ptII/ptolemy/actor/lib/test/auto/functionsOnArcs.xml
1 ms. Memory: 332800K Free: 111954K (34%)
----------------- Invoking toplevel() on ptolemy.moml.MoMLSimpleApplication@672d4e50
----------------- Done invoking toplevel() on ptolemy.moml.MoMLSimpleApplication@672d4e50
reloadAllAccessors: .functionsOnArcs

===========================================================================================
----------------- testing Mon Mar 02 07:13:39 UTC 2020 /home/travis/build/icyphy/ptII/ptolemy/actor/lib/test/auto/functionsOnArcsHOF.xml
----------------- Instantiating /home/travis/build/icyphy/ptII/ptolemy/actor/lib/test/auto/functionsOnArcsHOF.xml
6 ms. Memory: 332800K Free: 106320K (32%)
----------------- Invoking toplevel() on ptolemy.moml.MoMLSimpleApplication@c24d10b
----------------- Done invoking toplevel() on ptolemy.moml.MoMLSimpleApplication@c24d10b
reloadAllAccessors: .functionsOnArcsHOF

===========================================================================================
----------------- testing Mon Mar 02 07:13:39 UTC 2020 /home/travis/build/icyphy/ptII/ptolemy/actor/lib/test/auto/logic.xml
----------------- Instantiating /home/travis/build/icyphy/ptII/ptolemy/actor/lib/test/auto/logic.xml
2 ms. Memory: 332800K Free: 98642K (30%)
----------------- Invoking toplevel() on ptolemy.moml.MoMLSimpleApplication@6d39ed1d
----------------- Done invoking toplevel() on ptolemy.moml.MoMLSimpleApplication@6d39ed1d
reloadAllAccessors: .logic

===========================================================================================
----------------- testing Mon Mar 02 07:13:39 UTC 2020 /home/travis/build/icyphy/ptII/ptolemy/actor/lib/test/auto/matrixType.xml
----------------- Instantiating /home/travis/build/icyphy/ptII/ptolemy/actor/lib/test/auto/matrixType.xml
2 ms. Memory: 332800K Free: 94032K (28%)
----------------- Invoking toplevel() on ptolemy.moml.MoMLSimpleApplication@291cfa42
----------------- Done invoking toplevel() on ptolemy.moml.MoMLSimpleApplication@291cfa42
reloadAllAccessors: .matrixType

===========================================================================================
----------------- testing Mon Mar 02 07:13:39 UTC 2020 /home/travis/build/icyphy/ptII/ptolemy/actor/lib/test/auto/matrixType10.xml
----------------- Instantiating /home/travis/build/icyphy/ptII/ptolemy/actor/lib/test/auto/matrixType10.xml
2 ms. Memory: 332800K Free: 89426K (27%)
----------------- Invoking toplevel() on ptolemy.moml.MoMLSimpleApplication@2eaa957c
----------------- Done invoking toplevel() on ptolemy.moml.MoMLSimpleApplication@2eaa957c
reloadAllAccessors: .matrixType10

===========================================================================================
----------------- testing Mon Mar 02 07:13:39 UTC 2020 /home/travis/build/icyphy/ptII/ptolemy/actor/lib/test/auto/matrixType11.xml
----------------- Instantiating /home/travis/build/icyphy/ptII/ptolemy/actor/lib/test/auto/matrixType11.xml
1 ms. Memory: 332800K Free: 84306K (25%)
----------------- Invoking toplevel() on ptolemy.moml.MoMLSimpleApplication@2a54da83
----------------- Done invoking toplevel() on ptolemy.moml.MoMLSimpleApplication@2a54da83
reloadAllAccessors: .matrixType11

===========================================================================================
----------------- testing Mon Mar 02 07:13:39 UTC 2020 /home/travis/build/icyphy/ptII/ptolemy/actor/lib/test/auto/matrixType12.xml
----------------- Instantiating /home/travis/build/icyphy/ptII/ptolemy/actor/lib/test/auto/matrixType12.xml
2 ms. Memory: 332800K Free: 275015K (83%)
----------------- Invoking toplevel() on ptolemy.moml.MoMLSimpleApplication@69ad8a76
----------------- Done invoking toplevel() on ptolemy.moml.MoMLSimpleApplication@69ad8a76
reloadAllAccessors: .matrixType12

===========================================================================================
----------------- testing Mon Mar 02 07:13:39 UTC 2020 /home/travis/build/icyphy/ptII/ptolemy/actor/lib/test/auto/matrixType13.xml
----------------- Instantiating /home/travis/build/icyphy/ptII/ptolemy/actor/lib/test/auto/matrixType13.xml
1 ms. Memory: 332800K Free: 269895K (81%)
----------------- Invoking toplevel() on ptolemy.moml.MoMLSimpleApplication@28ee981
----------------- Done invoking toplevel() on ptolemy.moml.MoMLSimpleApplication@28ee981
reloadAllAccessors: .matrixType13

===========================================================================================
----------------- testing Mon Mar 02 07:13:39 UTC 2020 /home/travis/build/icyphy/ptII/ptolemy/actor/lib/test/auto/matrixType14.xml
----------------- Instantiating /home/travis/build/icyphy/ptII/ptolemy/actor/lib/test/auto/matrixType14.xml
1 ms. Memory: 332800K Free: 264775K (80%)
----------------- Invoking toplevel() on ptolemy.moml.MoMLSimpleApplication@29bc7b00
----------------- Done invoking toplevel() on ptolemy.moml.MoMLSimpleApplication@29bc7b00
reloadAllAccessors: .matrixType14

===========================================================================================
----------------- testing Mon Mar 02 07:13:39 UTC 2020 /home/travis/build/icyphy/ptII/ptolemy/actor/lib/test/auto/matrixType2.xml
----------------- Instantiating /home/travis/build/icyphy/ptII/ptolemy/actor/lib/test/auto/matrixType2.xml
2 ms. Memory: 332800K Free: 259655K (78%)
----------------- Invoking toplevel() on ptolemy.moml.MoMLSimpleApplication@5e871175
----------------- Done invoking toplevel() on ptolemy.moml.MoMLSimpleApplication@5e871175
reloadAllAccessors: .matrixType2

===========================================================================================
----------------- testing Mon Mar 02 07:13:39 UTC 2020 /home/travis/build/icyphy/ptII/ptolemy/actor/lib/test/auto/matrixType3.xml
----------------- Instantiating /home/travis/build/icyphy/ptII/ptolemy/actor/lib/test/auto/matrixType3.xml
4 ms. Memory: 332800K Free: 255049K (77%)
----------------- Invoking toplevel() on ptolemy.moml.MoMLSimpleApplication@63c1e07a
----------------- Done invoking toplevel() on ptolemy.moml.MoMLSimpleApplication@63c1e07a
reloadAllAccessors: .matrixType3

===========================================================================================
----------------- testing Mon Mar 02 07:13:39 UTC 2020 /home/travis/build/icyphy/ptII/ptolemy/actor/lib/test/auto/matrixType4.xml
----------------- Instantiating /home/travis/build/icyphy/ptII/ptolemy/actor/lib/test/auto/matrixType4.xml
2 ms. Memory: 332800K Free: 249929K (75%)
----------------- Invoking toplevel() on ptolemy.moml.MoMLSimpleApplication@3d0157d9
----------------- Done invoking toplevel() on ptolemy.moml.MoMLSimpleApplication@3d0157d9
reloadAllAccessors: .matrixType4

===========================================================================================
----------------- testing Mon Mar 02 07:13:39 UTC 2020 /home/travis/build/icyphy/ptII/ptolemy/actor/lib/test/auto/matrixType5.xml
----------------- Instantiating /home/travis/build/icyphy/ptII/ptolemy/actor/lib/test/auto/matrixType5.xml
1 ms. Memory: 332800K Free: 244809K (74%)
----------------- Invoking toplevel() on ptolemy.moml.MoMLSimpleApplication@6d54c587
----------------- Done invoking toplevel() on ptolemy.moml.MoMLSimpleApplication@6d54c587
reloadAllAccessors: .matrixType5

===========================================================================================
----------------- testing Mon Mar 02 07:13:39 UTC 2020 /home/travis/build/icyphy/ptII/ptolemy/actor/lib/test/auto/matrixType6.xml
----------------- Instantiating /home/travis/build/icyphy/ptII/ptolemy/actor/lib/test/auto/matrixType6.xml
1 ms. Memory: 332800K Free: 240199K (72%)
----------------- Invoking toplevel() on ptolemy.moml.MoMLSimpleApplication@12d7d88b
----------------- Done invoking toplevel() on ptolemy.moml.MoMLSimpleApplication@12d7d88b
reloadAllAccessors: .matrixType6

===========================================================================================
----------------- testing Mon Mar 02 07:13:39 UTC 2020 /home/travis/build/icyphy/ptII/ptolemy/actor/lib/test/auto/matrixType7.xml
----------------- Instantiating /home/travis/build/icyphy/ptII/ptolemy/actor/lib/test/auto/matrixType7.xml
1 ms. Memory: 332800K Free: 235079K (71%)
----------------- Invoking toplevel() on ptolemy.moml.MoMLSimpleApplication@71c1471a
----------------- Done invoking toplevel() on ptolemy.moml.MoMLSimpleApplication@71c1471a
reloadAllAccessors: .matrixType7

===========================================================================================
----------------- testing Mon Mar 02 07:13:39 UTC 2020 /home/travis/build/icyphy/ptII/ptolemy/actor/lib/test/auto/matrixType8.xml
----------------- Instantiating /home/travis/build/icyphy/ptII/ptolemy/actor/lib/test/auto/matrixType8.xml
1 ms. Memory: 332800K Free: 230473K (69%)
----------------- Invoking toplevel() on ptolemy.moml.MoMLSimpleApplication@3fe305b1
----------------- Done invoking toplevel() on ptolemy.moml.MoMLSimpleApplication@3fe305b1
reloadAllAccessors: .matrixType8

===========================================================================================
----------------- testing Mon Mar 02 07:13:39 UTC 2020 /home/travis/build/icyphy/ptII/ptolemy/actor/lib/test/auto/matrixType9.xml
----------------- Instantiating /home/travis/build/icyphy/ptII/ptolemy/actor/lib/test/auto/matrixType9.xml
1 ms. Memory: 332800K Free: 225353K (68%)
----------------- Invoking toplevel() on ptolemy.moml.MoMLSimpleApplication@e328237
----------------- Done invoking toplevel() on ptolemy.moml.MoMLSimpleApplication@e328237
reloadAllAccessors: .matrixType9

===========================================================================================
----------------- testing Mon Mar 02 07:13:39 UTC 2020 /home/travis/build/icyphy/ptII/ptolemy/actor/lib/test/auto/paraFunctest.xml
----------------- Instantiating /home/travis/build/icyphy/ptII/ptolemy/actor/lib/test/auto/paraFunctest.xml
1 ms. Memory: 332800K Free: 221767K (67%)
----------------- Invoking toplevel() on ptolemy.moml.MoMLSimpleApplication@237737b2
----------------- Done invoking toplevel() on ptolemy.moml.MoMLSimpleApplication@237737b2
reloadAllAccessors: .paraFunctest

===========================================================================================
----------------- testing Mon Mar 02 07:13:39 UTC 2020 /home/travis/build/icyphy/ptII/ptolemy/actor/lib/test/auto/paraFunctest2.xml
----------------- Instantiating /home/travis/build/icyphy/ptII/ptolemy/actor/lib/test/auto/paraFunctest2.xml
1 ms. Memory: 332800K Free: 217671K (65%)
----------------- Invoking toplevel() on ptolemy.moml.MoMLSimpleApplication@67ebc753
----------------- Done invoking toplevel() on ptolemy.moml.MoMLSimpleApplication@67ebc753
reloadAllAccessors: .paraFunctest2

===========================================================================================
----------------- testing Mon Mar 02 07:13:39 UTC 2020 /home/travis/build/icyphy/ptII/ptolemy/actor/lib/test/auto/parameterPassing.xml
----------------- Instantiating /home/travis/build/icyphy/ptII/ptolemy/actor/lib/test/auto/parameterPassing.xml
1 ms. Memory: 332800K Free: 213575K (64%)
----------------- Invoking toplevel() on ptolemy.moml.MoMLSimpleApplication@626fc5f1
----------------- Done invoking toplevel() on ptolemy.moml.MoMLSimpleApplication@626fc5f1
reloadAllAccessors: .parameterPassing

===========================================================================================
----------------- testing Mon Mar 02 07:13:39 UTC 2020 /home/travis/build/icyphy/ptII/ptolemy/actor/lib/test/auto/record.xml
----------------- Instantiating /home/travis/build/icyphy/ptII/ptolemy/actor/lib/test/auto/record.xml
3 ms. Memory: 332800K Free: 208455K (63%)
----------------- Invoking toplevel() on ptolemy.moml.MoMLSimpleApplication@48ae443a
----------------- Done invoking toplevel() on ptolemy.moml.MoMLSimpleApplication@48ae443a
reloadAllAccessors: .record

===========================================================================================
----------------- testing Mon Mar 02 07:13:39 UTC 2020 /home/travis/build/icyphy/ptII/ptolemy/actor/lib/test/auto/sizedarray1.xml
----------------- Instantiating /home/travis/build/icyphy/ptII/ptolemy/actor/lib/test/auto/sizedarray1.xml
2 ms. Memory: 332800K Free: 203335K (61%)
----------------- Invoking toplevel() on ptolemy.moml.MoMLSimpleApplication@3da447d4
----------------- Done invoking toplevel() on ptolemy.moml.MoMLSimpleApplication@3da447d4
reloadAllAccessors: .sizedarray1

===========================================================================================
----------------- testing Mon Mar 02 07:13:39 UTC 2020 /home/travis/build/icyphy/ptII/ptolemy/actor/lib/test/auto/sizedarray2.xml
----------------- Instantiating /home/travis/build/icyphy/ptII/ptolemy/actor/lib/test/auto/sizedarray2.xml
2 ms. Memory: 332800K Free: 197191K (59%)
----------------- Invoking toplevel() on ptolemy.moml.MoMLSimpleApplication@640503fe
----------------- Done invoking toplevel() on ptolemy.moml.MoMLSimpleApplication@640503fe
reloadAllAccessors: .sizedarray2

===========================================================================================
----------------- testing Mon Mar 02 07:13:39 UTC 2020 /home/travis/build/icyphy/ptII/ptolemy/actor/lib/test/auto/twoPublishers.xml
----------------- Instantiating /home/travis/build/icyphy/ptII/ptolemy/actor/lib/test/auto/twoPublishers.xml
5 ms. Memory: 332800K Free: 186936K (56%)
----------------- Invoking toplevel() on ptolemy.moml.MoMLSimpleApplication@5ef5bd46
----------------- Done invoking toplevel() on ptolemy.moml.MoMLSimpleApplication@5ef5bd46
reloadAllAccessors: .twoPublishers
AutoTests.java: About to close Vertx.
AutoTests.java: Vertx closed.
]]></system-out>
  <system-err><![CDATA[java.lang.RuntimeException: Execution failed
	at ptolemy.moml.MoMLSimpleApplication$UnloadThread.run(MoMLSimpleApplication.java:402)
Caused by: java.lang.RuntimeException: StringUtilities.exit() was called. Normally, we would exit here because Manager.exitAfterWrapup() was called.  However, because the ptolemy.ptII.exitAfterWrapup property is set, we throw this exception instead.
	at ptolemy.util.StringUtilities.exit(StringUtilities.java:365)
	at ptolemy.actor.Manager.wrapup(Manager.java:1549)
	at ptolemy.actor.Manager.execute(Manager.java:407)
	at ptolemy.actor.Manager.run(Manager.java:1263)
	at ptolemy.actor.Manager$PtolemyRunThread.run(Manager.java:1933)
Warning: '.top.test' is in training mode, set the trainingMode parameter to false before checking in
Warning: '.top.test' is in training mode, set the trainingMode parameter to false before checking in
Warning: '.top.test' is in training mode, set the trainingMode parameter to false before checking in
Warning: '.BooleanSwitch_RegressionTest_WrongTrainingValues.Test' is in training mode, set the trainingMode parameter to false before checking in
Warning: '.BooleanSwitch_RegressionTest_WrongTrainingValues.Test2' is in training mode, set the trainingMode parameter to false before checking in
Warning: '.BooleanSwitch_RegressionTest_WrongTrainingValues.Test2' The test produced 0 tokens.
Warning: '.top.testExceptionHandler' is in training mode, set the trainingMode parameter to false before checking in
java.lang.RuntimeException: Execution failed
	at ptolemy.moml.MoMLSimpleApplication$UnloadThread.run(MoMLSimpleApplication.java:402)
Caused by: ptolemy.kernel.util.IllegalActionException: PublisherPorts cannot be used at the top level, use a Publisher actor instead.
  in .PublisherPortToplevelSubscriber.PublisherPort
	at ptolemy.actor.PublisherPort.preinitialize(PublisherPort.java:403)
	at ptolemy.actor.CompositeActor.preinitialize(CompositeActor.java:1769)
	at ptolemy.actor.Manager.preinitializeAndResolveTypes(Manager.java:1040)
	at ptolemy.actor.Manager.initialize(Manager.java:710)
	at ptolemy.actor.Manager.execute(Manager.java:356)
	at ptolemy.actor.Manager.run(Manager.java:1263)
	at ptolemy.actor.Manager$PtolemyRunThread.run(Manager.java:1933)
java.lang.reflect.InvocationTargetException
	at java.base/jdk.internal.reflect.NativeConstructorAccessorImpl.newInstance0(Native Method)
	at java.base/jdk.internal.reflect.NativeConstructorAccessorImpl.newInstance(NativeConstructorAccessorImpl.java:62)
	at java.base/jdk.internal.reflect.DelegatingConstructorAccessorImpl.newInstance(DelegatingConstructorAccessorImpl.java:45)
	at java.base/java.lang.reflect.Constructor.newInstance(Constructor.java:490)
	at ptolemy.util.test.junit.AutoKnownFailedTests.RunModel(AutoKnownFailedTests.java:105)
	at java.base/jdk.internal.reflect.NativeMethodAccessorImpl.invoke0(Native Method)
	at java.base/jdk.internal.reflect.NativeMethodAccessorImpl.invoke(NativeMethodAccessorImpl.java:62)
	at java.base/jdk.internal.reflect.DelegatingMethodAccessorImpl.invoke(DelegatingMethodAccessorImpl.java:43)
	at java.base/java.lang.reflect.Method.invoke(Method.java:566)
	at org.junit.runners.model.FrameworkMethod$1.runReflectiveCall(FrameworkMethod.java:44)
	at org.junit.internal.runners.model.ReflectiveCallable.run(ReflectiveCallable.java:15)
	at org.junit.runners.model.FrameworkMethod.invokeExplosively(FrameworkMethod.java:41)
	at junitparams.internal.InvokeParameterisedMethod.evaluate(InvokeParameterisedMethod.java:102)
	at org.junit.internal.runners.statements.FailOnTimeout$1.run(FailOnTimeout.java:28)
Caused by: ptolemy.kernel.util.IllegalActionException: PublisherPorts cannot be used at the top level, use a Publisher actor instead.
  in .PublisherPortToplevelSubscriber.PublisherPort
	at ptolemy.actor.PublisherPort.preinitialize(PublisherPort.java:403)
	at ptolemy.actor.CompositeActor.preinitialize(CompositeActor.java:1769)
	at ptolemy.actor.Manager.preinitializeAndResolveTypes(Manager.java:1040)
	at ptolemy.actor.Manager.initialize(Manager.java:710)
	at ptolemy.actor.Manager.execute(Manager.java:356)
	at ptolemy.actor.Manager.run(Manager.java:1263)
	at ptolemy.actor.Manager$PtolemyRunThread.run(Manager.java:1933)
java.lang.RuntimeException: Execution failed
	at ptolemy.moml.MoMLSimpleApplication$UnloadThread.run(MoMLSimpleApplication.java:402)
Caused by: ptolemy.kernel.util.IllegalActionException: SubscriberPorts cannot be used at the top level, use a Subscriber actor instead.
  in .PublisherSubscriberPortToplevel.SubscriberPort
	at ptolemy.actor.SubscriberPort.preinitialize(SubscriberPort.java:328)
	at ptolemy.actor.CompositeActor.preinitialize(CompositeActor.java:1769)
	at ptolemy.actor.Manager.preinitializeAndResolveTypes(Manager.java:1040)
	at ptolemy.actor.Manager.initialize(Manager.java:710)
	at ptolemy.actor.Manager.execute(Manager.java:356)
	at ptolemy.actor.Manager.run(Manager.java:1263)
	at ptolemy.actor.Manager$PtolemyRunThread.run(Manager.java:1933)
java.lang.reflect.InvocationTargetException
	at java.base/jdk.internal.reflect.NativeConstructorAccessorImpl.newInstance0(Native Method)
	at java.base/jdk.internal.reflect.NativeConstructorAccessorImpl.newInstance(NativeConstructorAccessorImpl.java:62)
	at java.base/jdk.internal.reflect.DelegatingConstructorAccessorImpl.newInstance(DelegatingConstructorAccessorImpl.java:45)
	at java.base/java.lang.reflect.Constructor.newInstance(Constructor.java:490)
	at ptolemy.util.test.junit.AutoKnownFailedTests.RunModel(AutoKnownFailedTests.java:105)
	at java.base/jdk.internal.reflect.NativeMethodAccessorImpl.invoke0(Native Method)
	at java.base/jdk.internal.reflect.NativeMethodAccessorImpl.invoke(NativeMethodAccessorImpl.java:62)
	at java.base/jdk.internal.reflect.DelegatingMethodAccessorImpl.invoke(DelegatingMethodAccessorImpl.java:43)
	at java.base/java.lang.reflect.Method.invoke(Method.java:566)
	at org.junit.runners.model.FrameworkMethod$1.runReflectiveCall(FrameworkMethod.java:44)
	at org.junit.internal.runners.model.ReflectiveCallable.run(ReflectiveCallable.java:15)
	at org.junit.runners.model.FrameworkMethod.invokeExplosively(FrameworkMethod.java:41)
	at junitparams.internal.InvokeParameterisedMethod.evaluate(InvokeParameterisedMethod.java:102)
	at org.junit.internal.runners.statements.FailOnTimeout$1.run(FailOnTimeout.java:28)
Caused by: ptolemy.kernel.util.IllegalActionException: SubscriberPorts cannot be used at the top level, use a Subscriber actor instead.
  in .PublisherSubscriberPortToplevel.SubscriberPort
	at ptolemy.actor.SubscriberPort.preinitialize(SubscriberPort.java:328)
	at ptolemy.actor.CompositeActor.preinitialize(CompositeActor.java:1769)
	at ptolemy.actor.Manager.preinitializeAndResolveTypes(Manager.java:1040)
	at ptolemy.actor.Manager.initialize(Manager.java:710)
	at ptolemy.actor.Manager.execute(Manager.java:356)
	at ptolemy.actor.Manager.run(Manager.java:1263)
	at ptolemy.actor.Manager$PtolemyRunThread.run(Manager.java:1933)
java.lang.RuntimeException: Execution failed
	at ptolemy.moml.MoMLSimpleApplication$UnloadThread.run(MoMLSimpleApplication.java:402)
Caused by: ptolemy.kernel.util.IllegalActionException: SubscriptionAggregatorPorts cannot be used at the top level, use a SubscriptionAggregator actor instead.
  in .PublisherSubscriptionAggregatorPort.SubscriptionAggregatorPort
	at ptolemy.actor.SubscriptionAggregatorPort.preinitialize(SubscriptionAggregatorPort.java:353)
	at ptolemy.actor.CompositeActor.preinitialize(CompositeActor.java:1769)
	at ptolemy.actor.Manager.preinitializeAndResolveTypes(Manager.java:1040)
	at ptolemy.actor.Manager.initialize(Manager.java:710)
	at ptolemy.actor.Manager.execute(Manager.java:356)
	at ptolemy.actor.Manager.run(Manager.java:1263)
	at ptolemy.actor.Manager$PtolemyRunThread.run(Manager.java:1933)
java.lang.reflect.InvocationTargetException
	at java.base/jdk.internal.reflect.NativeConstructorAccessorImpl.newInstance0(Native Method)
	at java.base/jdk.internal.reflect.NativeConstructorAccessorImpl.newInstance(NativeConstructorAccessorImpl.java:62)
	at java.base/jdk.internal.reflect.DelegatingConstructorAccessorImpl.newInstance(DelegatingConstructorAccessorImpl.java:45)
	at java.base/java.lang.reflect.Constructor.newInstance(Constructor.java:490)
	at ptolemy.util.test.junit.AutoKnownFailedTests.RunModel(AutoKnownFailedTests.java:105)
	at java.base/jdk.internal.reflect.NativeMethodAccessorImpl.invoke0(Native Method)
	at java.base/jdk.internal.reflect.NativeMethodAccessorImpl.invoke(NativeMethodAccessorImpl.java:62)
	at java.base/jdk.internal.reflect.DelegatingMethodAccessorImpl.invoke(DelegatingMethodAccessorImpl.java:43)
	at java.base/java.lang.reflect.Method.invoke(Method.java:566)
	at org.junit.runners.model.FrameworkMethod$1.runReflectiveCall(FrameworkMethod.java:44)
	at org.junit.internal.runners.model.ReflectiveCallable.run(ReflectiveCallable.java:15)
	at org.junit.runners.model.FrameworkMethod.invokeExplosively(FrameworkMethod.java:41)
	at junitparams.internal.InvokeParameterisedMethod.evaluate(InvokeParameterisedMethod.java:102)
	at org.junit.internal.runners.statements.FailOnTimeout$1.run(FailOnTimeout.java:28)
Caused by: ptolemy.kernel.util.IllegalActionException: SubscriptionAggregatorPorts cannot be used at the top level, use a SubscriptionAggregator actor instead.
  in .PublisherSubscriptionAggregatorPort.SubscriptionAggregatorPort
	at ptolemy.actor.SubscriptionAggregatorPort.preinitialize(SubscriptionAggregatorPort.java:353)
	at ptolemy.actor.CompositeActor.preinitialize(CompositeActor.java:1769)
	at ptolemy.actor.Manager.preinitializeAndResolveTypes(Manager.java:1040)
	at ptolemy.actor.Manager.initialize(Manager.java:710)
	at ptolemy.actor.Manager.execute(Manager.java:356)
	at ptolemy.actor.Manager.run(Manager.java:1263)
	at ptolemy.actor.Manager$PtolemyRunThread.run(Manager.java:1933)
java.lang.RuntimeException: Execution failed
	at ptolemy.moml.MoMLSimpleApplication$UnloadThread.run(MoMLSimpleApplication.java:402)
Caused by: ptolemy.kernel.util.IllegalActionException: TypeTest actor has no training data.
  in .sizedarray3.TypeTest
	at ptolemy.actor.lib.TypeTest.initialize(TypeTest.java:250)
	at ptolemy.actor.Director.initialize(Director.java:938)
	at ptolemy.actor.Director.initialize(Director.java:907)
	at ptolemy.actor.sched.StaticSchedulingDirector.initialize(StaticSchedulingDirector.java:159)
	at ptolemy.domains.sdf.kernel.SDFDirector.initialize(SDFDirector.java:544)
	at ptolemy.actor.CompositeActor.initialize(CompositeActor.java:935)
	at ptolemy.actor.Manager.initialize(Manager.java:724)
	at ptolemy.actor.Manager.execute(Manager.java:356)
	at ptolemy.actor.Manager.run(Manager.java:1263)
	at ptolemy.actor.Manager$PtolemyRunThread.run(Manager.java:1933)
java.lang.reflect.InvocationTargetException
	at java.base/jdk.internal.reflect.NativeConstructorAccessorImpl.newInstance0(Native Method)
	at java.base/jdk.internal.reflect.NativeConstructorAccessorImpl.newInstance(NativeConstructorAccessorImpl.java:62)
	at java.base/jdk.internal.reflect.DelegatingConstructorAccessorImpl.newInstance(DelegatingConstructorAccessorImpl.java:45)
	at java.base/java.lang.reflect.Constructor.newInstance(Constructor.java:490)
	at ptolemy.util.test.junit.AutoKnownFailedTests.RunModel(AutoKnownFailedTests.java:105)
	at java.base/jdk.internal.reflect.NativeMethodAccessorImpl.invoke0(Native Method)
	at java.base/jdk.internal.reflect.NativeMethodAccessorImpl.invoke(NativeMethodAccessorImpl.java:62)
	at java.base/jdk.internal.reflect.DelegatingMethodAccessorImpl.invoke(DelegatingMethodAccessorImpl.java:43)
	at java.base/java.lang.reflect.Method.invoke(Method.java:566)
	at org.junit.runners.model.FrameworkMethod$1.runReflectiveCall(FrameworkMethod.java:44)
	at org.junit.internal.runners.model.ReflectiveCallable.run(ReflectiveCallable.java:15)
	at org.junit.runners.model.FrameworkMethod.invokeExplosively(FrameworkMethod.java:41)
	at junitparams.internal.InvokeParameterisedMethod.evaluate(InvokeParameterisedMethod.java:102)
	at org.junit.internal.runners.statements.FailOnTimeout$1.run(FailOnTimeout.java:28)
Caused by: ptolemy.kernel.util.IllegalActionException: TypeTest actor has no training data.
  in .sizedarray3.TypeTest
	at ptolemy.actor.lib.TypeTest.initialize(TypeTest.java:250)
	at ptolemy.actor.Director.initialize(Director.java:938)
	at ptolemy.actor.Director.initialize(Director.java:907)
	at ptolemy.actor.sched.StaticSchedulingDirector.initialize(StaticSchedulingDirector.java:159)
	at ptolemy.domains.sdf.kernel.SDFDirector.initialize(SDFDirector.java:544)
	at ptolemy.actor.CompositeActor.initialize(CompositeActor.java:935)
	at ptolemy.actor.Manager.initialize(Manager.java:724)
	at ptolemy.actor.Manager.execute(Manager.java:356)
	at ptolemy.actor.Manager.run(Manager.java:1263)
	at ptolemy.actor.Manager$PtolemyRunThread.run(Manager.java:1933)
]]></system-err>
</testsuite>
