<?xml version="1.0" encoding="UTF-8" ?>
<testsuite errors="0" failures="0" hostname="travis-job-072f4476-14fd-430e-a47e-6c30a45edd9b" name="ptolemy.domains.de.test.junit.JUnitTclTest" skipped="0" tests="101" time="134.403" timestamp="2019-06-29T04:41:27">
  <properties>
    <property name="npm.executable" value="npm" />
    <property name="env.TRAVIS_ROOT" value="/" />
    <property name="ptII.mk.exists" value="true" />
    <property name="env.TRAVIS_APP_HOST" value="build.travis-ci.org" />
    <property name="env.rvm_bin_path" value="/home/travis/.rvm/bin" />
    <property name="java.home" value="/usr/local/lib/jvm/openjdk11" />
    <property name="env.TRAVIS_JOB_NUMBER" value="1188.9" />
    <property name="env.TRAVIS_HOME" value="/home/travis" />
    <property name="env.DISPLAY" value=":99.0" />
    <property name="env.TRAVIS_INIT" value="systemd" />
    <property name="env.SSH_TTY" value="/dev/pts/0" />
    <property name="java.net.preferIPv4Stack" value="true" />
    <property name="env.RUN_TESTS" value="true" />
    <property name="timeout.short" value="1000000" />
    <property name="junit.formatter" value="xml" />
    <property name="env.TRAVIS_SUDO" value="true" />
    <property name="env.TRAVIS_JOB_NAME" value="" />
    <property name="env.TRAVIS_STACK_NODE_ATTRIBUTES" value="/.node-attributes.yml" />
    <property name="env.LOGNAME" value="travis" />
    <property name="jsdoc.home" value="node_modules/@terraswarm/jsdoc" />
    <property name="debuglevel" value="source,lines,vars" />
    <property name="checkstyle.formatter" value="xml" />
    <property name="env._system_version" value="16.04" />
    <property name="bin.vergil.makeable" value="true" />
    <property name="sun.os.patch.level" value="unknown" />
    <property name="java.vendor.url" value="http://java.oracle.com/" />
    <property name="env.TRAVIS_BUILD_WEB_URL" value="https://travis-ci.org/icyphy/ptII/builds/552047874" />
    <property name="java.version" value="11.0.2" />
    <property name="env.TZ" value="UTC" />
    <property name="env.PT_NO_NET" value="true" />
    <property name="env.TRAVIS_PULL_REQUEST_SHA" value="" />
    <property name="env.TRAVIS_SECURE_ENV_VARS" value="true" />
    <property name="env._system_type" value="Linux" />
    <property name="java.vendor.url.bug" value="http://bugreport.java.com/bugreport/" />
    <property name="npmjs-org-is-up" value="true" />
    <property name="env.LANGUAGE" value="en_US.UTF-8" />
    <property name="env.SSH_CLIENT" value="10.10.4.109 57572 22" />
    <property name="env.GEM_HOME" value="/home/travis/.rvm/gems/ruby-2.5.3" />
    <property name="env.HAS_ANTARES_THREE_LITTLE_FRONZIES_BADGE" value="true" />
    <property name="java.version.date" value="2019-01-15" />
    <property name="env.PS4" value="+" />
    <property name="ant.project.invoked-targets" value="build,test.core2.xml" />
    <property name="env.TRAVIS_PULL_REQUEST_BRANCH" value="" />
    <property name="env.TRAVIS_REPO_SLUG" value="icyphy/ptII" />
    <property name="env.XDG_DATA_DIRS" value="/usr/local/share:/usr/share:/var/lib/snapd/desktop" />
    <property name="jdk.debug" value="release" />
    <property name="env.TRAVIS_APT_PROXY" value="http://apt.cache.travis-ci.com" />
    <property name="node.in.path" value="true" />
    <property name="user.name" value="travis" />
    <property name="java.maxmemory" value="1400m" />
    <property name="env.RUBY_VERSION" value="ruby-2.5.3" />
    <property name="env.LANG" value="en_US.UTF-8" />
    <property name="sun.io.unicode.encoding" value="UnicodeLittle" />
    <property name="sun.jnu.encoding" value="UTF-8" />
    <property name="java.runtime.name" value="OpenJDK Runtime Environment" />
    <property name="usefile" value="false" />
    <property name="return.code" value="0" />
    <property name="junit.single.formatter" value="plain" />
    <property name="env.DYLD_LIBRARY_PATH" value="/home/travis/pthla/certi-tools/lib:" />
    <property name="env.DEBIAN_FRONTEND" value="noninteractive" />
    <property name="env.SSH_CONNECTION" value="10.10.4.109 57572 10.20.4.93 22" />
    <property name="env.MYSQL_UNIX_PORT" value="/var/run/mysqld/mysqld.sock" />
    <property name="env.LC_ALL" value="en_US.UTF-8" />
    <property name="env.TRAVIS_ALLOW_FAILURE" value="false" />
    <property name="env.TRAVIS_JOB_WEB_URL" value="https://travis-ci.org/icyphy/ptII/jobs/552047883" />
    <property name="java.specification.name" value="Java Platform API Specification" />
    <property name="node.works" value="true" />
    <property name="user.timezone" value="" />
    <property name="path.separator" value=":" />
    <property name="env.TRAVIS_ENABLE_INFRA_DETECTION" value="true" />
    <property name="env.PYTHON_CFLAGS" value="-g -fstack-protector --param=ssp-buffer-size=4 -Wformat -Werror=format-security" />
    <property name="timeout.long" value="4000000" />
    <property name="env.CERTI_HOME" value="/home/travis/pthla/certi-tools" />
    <property name="ant.file.ptII" value="/home/travis/build/icyphy/ptII/build.xml" />
    <property name="javadoc.packagenames" value="com.*,diva.*,lbnl.*,org.hlacerti.*,org.json.*,org.ptolemy.*,org.terraswarm.*,ptolemy.*,ptserver.*" />
    <property name="file.encoding" value="UTF-8" />
    <property name="env.TRAVIS_PULL_REQUEST_SLUG" value="" />
    <property name="ant.project.default-target" value="build" />
    <property name="env.GIT_ASKPASS" value="echo" />
    <property name="env.HOME" value="/home/travis" />
    <property name="sun.java.command" value="org.apache.tools.ant.taskdefs.optional.junit.JUnitTestRunner ptolemy.domains.de.test.junit.JUnitTclTest skipNonTests=false filtertrace=true haltOnError=false haltOnFailure=false formatter=org.apache.tools.ant.taskdefs.optional.junit.OutErrSummaryJUnitResultFormatter showoutput=true outputtoformatters=true logfailedtests=true threadid=0 logtestlistenerevents=false formatter=org.apache.tools.ant.taskdefs.optional.junit.XMLJUnitResultFormatter,/home/travis/build/icyphy/ptII/reports/junit/TEST-ptolemy.domains.de.test.junit.JUnitTclTest.xml crashfile=/home/travis/build/icyphy/ptII/junitvmwatcher16768305947711429492.properties propsfile=/home/travis/build/icyphy/ptII/junit18177559386439583631.properties" />
    <property name="env.COMPOSER_NO_INTERACTION" value="1" />
    <property name="env.MANPATH" value="/home/travis/.nvm/versions/node/v7.10.1/share/man:/home/travis/.rvm/rubies/ruby-2.5.3/share/man:/usr/local/cmake-3.12.4/man:/usr/local/clang-7.0.0/share/man:/usr/local/man:/usr/local/share/man:/usr/share/man:/home/travis/.rvm/man" />
    <property name="env.TRAVIS_TIMER_ID" value="26fc0861" />
    <property name="ant.file" value="/home/travis/build/icyphy/ptII/build.xml" />
    <property name="env.TRAVIS_COMMIT_RANGE" value="b6de4a29689c219dd7cbcef974805eca11f91674...bbbff3adea58fb0643306c381462affccc328551" />
    <property name="env._system_name" value="Ubuntu" />
    <property name="ptII.classpath.optional.property" value="/home/travis/build/icyphy/ptII/lib/bsh-2.0b4.jar:/home/travis/build/icyphy/ptII/lib/ptCal.jar:/home/travis/build/icyphy/ptII/lib/java_cup.jar:/home/travis/build/icyphy/ptII/lib/saxon8.jar:/home/travis/build/icyphy/ptII/lib/saxon8-dom.jar:/home/travis/build/icyphy/ptII/lib/chic.jar:/home/travis/build/icyphy/ptII/lib/ptcolt.jar:/home/travis/build/icyphy/ptII/vendors/misc/itext/iText.jar:/home/travis/build/icyphy/ptII/lib/g4ltl.jar:/home/travis/build/icyphy/ptII/lib/StructuralCoder.jar:/home/travis/build/icyphy/ptII/vendors/jai-1_1_2_01/lib/jai_core.jar:/home/travis/build/icyphy/ptII/vendors/jai-1_1_2_01/lib/jai_codec.jar:/home/travis/build/icyphy/ptII/lib/jcerti.jar:/home/travis/build/icyphy/ptII/lib/javax.mail.jar:/home/travis/build/icyphy/ptII/vendors/JMF-2.1.1e/lib/jmf.jar:/home/travis/build/icyphy/ptII/lib/jna-4.0.0-variadic.jar:/home/travis/build/icyphy/ptII/vendors/misc/joystick/Joystick.jar:/home/travis/build/icyphy/ptII/lib/ptjacl.jar:/home/travis/build/icyphy/ptII/lib/jsoup-1.8.2.jar:/home/travis/build/icyphy/ptII/lib/junit-4.8.2.jar:/home/travis/build/icyphy/ptII/lib/JUnitParams-0.4.0.jar:/home/travis/build/icyphy/ptII/ptolemy/actor/lib/excel/jxl.jar:/home/travis/build/icyphy/ptII/lib/jython.jar:/home/travis/build/icyphy/ptII/lib/kieler.jar:/home/travis/build/icyphy/ptII/vendors/opencv/share/OpenCV/java/opencv-341.jar:/home/travis/build/icyphy/ptII/lib/oscP5.jar:/home/travis/build/icyphy/ptII/lib/nrjavaserial-3.11.0.devel.jar:/home/travis/build/icyphy/ptII/vendors/j3d/lib/j3dcore.jar:/home/travis/build/icyphy/ptII/vendors/j3d/lib/j3dutils.jar:/home/travis/build/icyphy/ptII/vendors/j3d/lib/vecmath.jar:/home/travis/build/icyphy/ptII/ptolemy/distributed/jini/jar/jini-core.jar:/home/travis/build/icyphy/ptII/ptolemy/distributed/jini/jar/jini-ext.jar:/home/travis/build/icyphy/ptII/ptolemy/distributed/jini/jar/sun-util.jar:/home/travis/build/icyphy/ptII/lib/protobuf-java-2.4.1.jar:/home/travis/build/icyphy/ptII/lib/org.eclipse.paho.client.mqttv3.jar:/home/travis/build/icyphy/ptII/lib/mapss.jar:/home/travis/build/icyphy/ptII/ptolemy/actor/ptalon/antlr/antlr.jar:/home/travis/build/icyphy/ptII/lib/JRI.jar:/home/travis/build/icyphy/ptII/lib/commons-lang-2.6.jar:/home/travis/build/icyphy/ptII/lib/commons-logging-1.1.1.jar:/home/travis/build/icyphy/ptII/lib/sootclasses.jar:/home/travis/build/icyphy/ptII/ptolemy/actor/lib/database/mysql-connector-java-5.1.6-bin.jar:/home/travis/build/icyphy/ptII/vendors/misc/sphinx4/sphinx4-data-5prealpha.jar:/home/travis/build/icyphy/ptII/vendors/misc/sphinx4/sphinx4-core-5prealpha.jar:/home/travis/build/icyphy/ptII/lib/PDFRenderer.jar:/home/travis/build/icyphy/ptII/lib/svgSalamander.jar:/home/travis/build/icyphy/ptII/lib/rsyntaxtextarea-2.6.0-SNAPSHOT.jar:/home/travis/build/icyphy/ptII/lib/hazelcast-3.8.2.jar:/home/travis/build/icyphy/ptII/lib/jackson-annotations-2.9.0.jar:/home/travis/build/icyphy/ptII/lib/jackson-core-2.9.3.jar:/home/travis/build/icyphy/ptII/lib/jackson-databind-2.9.3.jar:/home/travis/build/icyphy/ptII/lib/netty-buffer-4.1.19.Final.jar:/home/travis/build/icyphy/ptII/lib/netty-codec-4.1.19.Final.jar:/home/travis/build/icyphy/ptII/lib/netty-codec-dns-4.1.19.Final.jar:/home/travis/build/icyphy/ptII/lib/netty-codec-http-4.1.19.Final.jar:/home/travis/build/icyphy/ptII/lib/netty-codec-http2-4.1.19.Final.jar:/home/travis/build/icyphy/ptII/lib/netty-common-4.1.19.Final.jar:/home/travis/build/icyphy/ptII/lib/netty-handler-4.1.19.Final.jar:/home/travis/build/icyphy/ptII/lib/netty-resolver-4.1.19.Final.jar:/home/travis/build/icyphy/ptII/lib/netty-resolver-dns-4.1.19.Final.jar:/home/travis/build/icyphy/ptII/lib/netty-transport-4.1.19.Final.jar:/home/travis/build/icyphy/ptII/lib/vertx-codegen-3.5.1.jar:/home/travis/build/icyphy/ptII/lib/vertx-core-3.5.2-SNAPSHOT.jar:/home/travis/build/icyphy/ptII/lib/vertx-hazelcast-3.5.1.jar:/home/travis/build/icyphy/ptII/lib/vertx-lang-js-3.5.1.jar:/home/travis/build/icyphy/ptII/lib/vertx-service-proxy-3.5.1.jar:/home/travis/build/icyphy/ptII/lib/vertx-web-3.5.1.jar:/home/travis/build/icyphy/ptII/lib/slf4j-api-1.7.13.jar:/home/travis/build/icyphy/ptII/lib/slf4j-simple-1.7.13.jar:/home/travis/build/icyphy/ptII/lib/webcam-capture-0.3.12.jar:/home/travis/build/icyphy/ptII/lib/bridj-0.7.0.jar:/home/travis/build/icyphy/ptII/lib/xbjlib-1.1.0.nrjavaserial.jar" />
    <property name="timeout" value="2400000" />
    <property name="test.batch" value="**/junit/*.java" />
    <property name="env._" value="/usr/bin/timeout" />
    <property name="java.io.tmpdir" value="/tmp" />
    <property name="user.language" value="en" />
    <property name="env.TRAVIS_INTERNAL_RUBY_REGEX" value="^ruby-(2\.[0-4]\.[0-9]|1\.9\.3)" />
    <property name="env.HISTCONTROL" value="ignoredups:ignorespace" />
    <property name="env.GOROOT" value="/home/travis/.gimme/versions/go1.11.1.linux.amd64" />
    <property name="line.separator" value="&#xa;" />
    <property name="target" value="11" />
    <property name="env.TRAVIS_BUILD_DIR" value="/home/travis/build/icyphy/ptII" />
    <property name="env.ANT_OPTS" value="-Xmx2048m" />
    <property name="ant.file.type" value="file" />
    <property name="ptolemy.ptII.batchMode" value="true" />
    <property name="env.HISTSIZE" value="1000" />
    <property name="env.MERB_ENV" value="test" />
    <property name="java.vm.info" value="mixed mode" />
    <property name="source" value="11" />
    <property name="java.vm.specification.name" value="Java Virtual Machine Specification" />
    <property name="env.TRAVIS_TEST_RESULT" value="0" />
    <property name="jsdoc.command" value="node_modules/@terraswarm/jsdoc/jsdoc.js" />
    <property name="npm.works" value="true" />
    <property name="cobertura.dir" value="/home/travis/build/icyphy/ptII/vendors/cobertura-2.0.3" />
    <property name="env.rvm_path" value="/home/travis/.rvm" />
    <property name="env.GEM_PATH" value="/home/travis/.rvm/gems/ruby-2.5.3:/home/travis/.rvm/gems/ruby-2.5.3@global" />
    <property name="env.LC_CTYPE" value="en_US.UTF-8" />
    <property name="env.TRAVIS_CMD" value="$PTII/bin/ptIITravisBuild.sh $SECONDS" />
    <property name="java.awt.printerjob" value="sun.print.PSPrinterJob" />
    <property name="env.TRAVIS_STACK_NAME" value="sardonyx" />
    <property name="env.TRAVIS_TIMER_START_TIME" value="1561783048658365997" />
    <property name="ant.version" value="Apache Ant(TM) version 1.10.1 compiled on February 2 2017" />
    <property name="ptII.reports" value="/home/travis/build/icyphy/ptII/reports" />
    <property name="env.TRAVIS_STACK_TIMESTAMP" value="2019-03-25 16:16:56 UTC" />
    <property name="ant.file.type.ptII" value="file" />
    <property name="env.RBENV_SHELL" value="bash" />
    <property name="os.name" value="Linux" />
    <property name="java.specification.vendor" value="Oracle Corporation" />
    <property name="env.rvm_version" value="1.29.7 (latest)" />
    <property name="env.TRAVIS_INFRA" value="gce" />
    <property name="env.TERM" value="xterm" />
    <property name="java.vm.name" value="OpenJDK 64-Bit Server VM" />
    <property name="env.TRAVIS_BUILD_NUMBER" value="1188" />
    <property name="env.CI" value="true" />
    <property name="java.library.path" value="/home/travis/pthla/certi-tools/lib:/usr/lib/jni:/usr/local/share/OpenCV/java/:/usr/share/OpenCV/java::/usr/java/packages/lib:/usr/lib64:/lib64:/lib:/usr/lib" />
    <property name="env.rvm_prefix" value="/home/travis" />
    <property name="env.PATH" value="/home/travis/pthla/certi-tools/share/scripts:/home/travis/.rvm/gems/ruby-2.5.3/bin:/home/travis/.rvm/gems/ruby-2.5.3@global/bin:/home/travis/.rvm/rubies/ruby-2.5.3/bin:/home/travis/.rvm/bin:/home/travis/.nvm/versions/node/v7.10.1/bin:./node_modules/.bin:/home/travis/build/icyphy/ptII/bin:/home/travis/pthla/certi-tools/bin:/home/travis/bin:/home/travis/.local/bin:/usr/local/lib/jvm/openjdk11/bin:/opt/pyenv/shims:/home/travis/.phpenv/shims:/home/travis/perl5/perlbrew/bin:/home/travis/gopath/bin:/home/travis/.gimme/versions/go1.11.1.linux.amd64/bin:/usr/local/maven-3.6.0/bin:/usr/local/cmake-3.12.4/bin:/usr/local/clang-7.0.0/bin:/usr/local/sbin:/usr/local/bin:/usr/sbin:/usr/bin:/sbin:/bin:/snap/bin:/home/travis/.phpenv/bin:/opt/pyenv/bin:/home/travis/.yarn/bin" />
    <property name="env.TRAVIS_OS_NAME" value="linux" />
    <property name="ant.java.version" value="9" />
    <property name="basedir" value="/home/travis/build/icyphy/ptII" />
    <property name="java.class.version" value="55.0" />
    <property name="env.SHLVL" value="3" />
    <property name="env.LD_LIBRARY_PATH" value="/home/travis/pthla/certi-tools/lib:/usr/lib/jni:/usr/local/share/OpenCV/java/:/usr/share/OpenCV/java:" />
    <property name="env.RACK_ENV" value="test" />
    <property name="ant.home" value="/home/travis/build/icyphy/ptII/ant" />
    <property name="env.NVM_DIR" value="/home/travis/.nvm" />
    <property name="env.CERTI_FOM_PATH" value="/home/travis/pthla/certi-tools/share/federations" />
    <property name="env.TRAVIS_BUILD_ID" value="552047874" />
    <property name="env.PYENV_ROOT" value="/opt/pyenv" />
    <property name="env.TRAVIS_UID" value="2000" />
    <property name="env.NVM_BIN" value="/home/travis/.nvm/versions/node/v7.10.1/bin" />
    <property name="env.TRAVIS_COMMIT" value="bbbff3adea58fb0643306c381462affccc328551" />
    <property name="env._system_arch" value="x86_64" />
    <property name="node.executable" value="node" />
    <property name="sun.boot.library.path" value="/usr/local/lib/jvm/openjdk11/lib" />
    <property name="sun.management.compiler" value="HotSpot 64-Bit Tiered Compilers" />
    <property name="java.awt.graphicsenv" value="sun.awt.X11GraphicsEnvironment" />
    <property name="env.GOPATH" value="/home/travis/gopath" />
    <property name="ptolemy.ptII.dir" value="/home/travis/build/icyphy/ptII" />
    <property name="env.USER" value="travis" />
    <property name="env.HISTFILESIZE" value="2000" />
    <property name="timeout.longest" value="19000000" />
    <property name="env.PERLBREW_SHELLRC_VERSION" value="0.86" />
    <property name="env.TRAVIS_STACK_FEATURES" value="basic couchdb disabled-ipv6 docker docker-compose elasticsearch firefox go-toolchain google-chrome jdk memcached mongodb mysql nodejs_interpreter perl_interpreter perlbrew phantomjs postgresql python_interpreter redis ruby_interpreter sqlite xserver" />
    <property name="env.TRAVIS_PULL_REQUEST" value="false" />
    <property name="env.PYENV_SHELL" value="bash" />
    <property name="ant.project.name" value="ptII" />
    <property name="env.ANSI_RESET" value="\033[0m" />
    <property name="java.vm.specification.version" value="11" />
    <property name="env.TRAVIS_DIST" value="xenial" />
    <property name="env.CERTI_VERSION" value="4.0.0" />
    <property name="env.CERTI_HOST" value="localhost" />
    <property name="awt.toolkit" value="sun.awt.X11.XToolkit" />
    <property name="env.MY_RUBY_HOME" value="/home/travis/.rvm/rubies/ruby-2.5.3" />
    <property name="sun.cpu.isalist" value="" />
    <property name="env.TRAVIS_TMPDIR" value="/tmp/tmp.Gp0UgX9SmG" />
    <property name="java.vm.compressedOopsMode" value="Zero based" />
    <property name="os.version" value="4.15.0-1028-gcp" />
    <property name="user.home" value="/home/travis" />
    <property name="java.vm.vendor" value="Oracle Corporation" />
    <property name="env.TRAVIS_TAG" value="nightly" />
    <property name="env.ANSI_YELLOW" value="\033[33;1m" />
    <property name="env.TRAVIS_FILTERED" value="redirect_io" />
    <property name="env.ANSI_GREEN" value="\033[32;1m" />
    <property name="env.JAVA_HOME" value="/usr/local/lib/jvm/openjdk11" />
    <property name="javadoc.excludepackagenames" value="adm.cvs2svn.*,build.*,config.*,doc.coding.templates.*,jni.test.jni.meaningOfLife.*,jni.test.jni.testDeux.*,jni.test.jni.testTrois.*,org.terraswarm.accessor.accessors.web.node_modules.*,org.terraswarm.accessor.accessors.web.hosts.cordova.demo.*,org.terraswarm.accessor.accessors.web.hosts.cordova.plugins.*,org.terraswarm.accessor.accessors-svn.*,pt-modules.*,ptolemy.apps.agilent.*,ptolemy.apps.anytimecontrol.*,ptolemy.apps.apes.*,ptolemy.apps.charon.*,ptolemy.apps.crazyboard.*,ptolemy.apps.eclipse.*,ptolemy.apps.etherealSting.*,ptolemy.apps.fullscreen.*,ptolemy.apps.giotto.*,ptolemy.apps.ia.*,ptolemy.apps.interfaces.*,ptolemy.apps.jmf.*,ptolemy.apps.kurt.*,ptolemy.apps.kvm.*,ptolemy.apps.lego.*,ptolemy.apps.lejos.*,ptolemy.apps.midp.*,ptolemy.apps.mobileCoding.*,ptolemy.apps.pendulum.*,ptolemy.apps.rijndael.*,ptolemy.apps.robot.*,ptolemy.apps.security.*,ptolemy.apps.sobel.*,ptolemy.apps.soot.*,ptolemy.apps.throttle.*,ptolemy.apps.tini.*,ptolemy.apps.transmission.*,ptolemy.apps.vergil.*,ptolemy.apps.waba.*,ptolemy.apps.websensor.*,ptolemy.apps.webstart.*,ptolemy.apps.xsl.*,ptolemy.apps.zaurus.*,ptolemy.codegen.c.actor.lib.oldJavaFiles.*,ptolemy.codegen.dsp.lib.*,ptolemy.codegen.kernel.newInterfaces.*,ptolemy.codegen.lib.*,ptolemy.copernicus.kernel.fragment.*,ptolemy.copernicus.shallow.cg.*,ptolemy.domains.giotto.demo.Hierarchy.Hierarchy.*,ptolemy.domains.giotto.demo.Multimode.Multimode.*,ptolemy.domains.giotto.demo.Simple.Simple.*,ptolemy.domains.gr.lib.experimental.*,ptolemy.domains.gro.*,ptolemy.domains.pdf.*,ptolemy.domains.ptinyos.demo.Surge.output.*,ptolemy.moml.test.NoPackageActor.java*,ptolemy.plot.adm.*,ptolemy.plot.servlet.*,reports.*,signed.*,src.*,target.*,vendors.*,ptolemy.copernicus.applet.*,ptolemy.media.viewer.*,ptolemy.actor.corba.*,doc.doclets.*,ptolemy.apps.eclipse.awt.*,ptolemy.backtrack.*,ptolemy.backtrack.ast.*,ptolemy.cg.adapter.generic.program.procedural.c.mbed*,ptolemy.homer.*,ptolemy.actor.lib.jjs.modules.audio.*,org.ptolemy.scala.*,diva.util.java2d.svg.*,ptolemy.domains.ptinyos.*,ptolemy.actor.lib.fmi.fmipp.*,,org.terraswarm.accessor.accessors.web.node_modules.*,org.terraswarm.accessor.accessors-svn,ptolemy.apps.*,ptolemy.actor.ptalon.demo.ptinyos.SendAndReceiveCnt.output,ptolemy.actor.ptalon.demo.ptinyos.SenseToLeds.output,ptolemy.domains.ptinyos.demo.CntToLedsAndRfm.output,ptolemy.domains.ptinyos.demo.RfmToLeds.output,ptolemy.domains.ptinyos.demo.SendAndReceiveCnt.output,ptolemy.domains.ptinyos.demo.SenseToLeds.output,ptolemy.actor.lib.jjs.modules.udpSocket.*" />
    <property name="env.PTII" value="/home/travis/build/icyphy/ptII" />
    <property name="env.XDG_SESSION_ID" value="2" />
    <property name="keystore" value="ptKeystore" />
    <property name="env.TRAVIS_COMMIT_MESSAGE" value="Attempt to force xenial distribution, hoping this will make xvfb work." />
    <property name="junit.output.dir" value="/home/travis/build/icyphy/ptII/reports/junit" />
    <property name="npm.return.code" value="0" />
    <property name="user.dir" value="/home/travis/build/icyphy/ptII/ptolemy/domains/de/test" />
    <property name="env.TRAVIS_NODE_VERSION" value="7" />
    <property name="env.TRAVIS_EVENT_TYPE" value="cron" />
    <property name="env.MAIL" value="/var/mail/travis" />
    <property name="env.PERLBREW_ROOT" value="/home/travis/perl5/perlbrew" />
    <property name="env.PWD" value="/home/travis/build/icyphy/ptII" />
    <property name="timeout.npm" value="45000" />
    <property name="env.PT_TRAVIS_TEST_CORE2_XML" value="true" />
    <property name="env.TRAVIS_ARCH" value="amd64" />
    <property name="sun.cpu.endian" value="little" />
    <property name="env.PAGER" value="cat" />
    <property name="env.TRAVIS_BUILD_STAGE_NAME" value="Test" />
    <property name="env.PERLBREW_HOME" value="/home/travis/.perlbrew" />
    <property name="java.vm.version" value="11.0.2+9" />
    <property name="env.RAILS_ENV" value="test" />
    <property name="java.class.path" value="/home/travis/build/icyphy/ptII:/home/travis/build/icyphy/ptII/lib/bsh-2.0b4.jar:/home/travis/build/icyphy/ptII/lib/ptCal.jar:/home/travis/build/icyphy/ptII/lib/java_cup.jar:/home/travis/build/icyphy/ptII/lib/saxon8.jar:/home/travis/build/icyphy/ptII/lib/saxon8-dom.jar:/home/travis/build/icyphy/ptII/lib/chic.jar:/home/travis/build/icyphy/ptII/lib/ptcolt.jar:/home/travis/build/icyphy/ptII/vendors/misc/itext/iText.jar:/home/travis/build/icyphy/ptII/lib/g4ltl.jar:/home/travis/build/icyphy/ptII/lib/StructuralCoder.jar:/home/travis/build/icyphy/ptII/vendors/jai-1_1_2_01/lib/jai_core.jar:/home/travis/build/icyphy/ptII/vendors/jai-1_1_2_01/lib/jai_codec.jar:/home/travis/build/icyphy/ptII/lib/jcerti.jar:/home/travis/build/icyphy/ptII/lib/javax.mail.jar:/home/travis/build/icyphy/ptII/vendors/JMF-2.1.1e/lib/jmf.jar:/home/travis/build/icyphy/ptII/lib/jna-4.0.0-variadic.jar:/home/travis/build/icyphy/ptII/vendors/misc/joystick/Joystick.jar:/home/travis/build/icyphy/ptII/lib/ptjacl.jar:/home/travis/build/icyphy/ptII/lib/jsoup-1.8.2.jar:/home/travis/build/icyphy/ptII/lib/junit-4.8.2.jar:/home/travis/build/icyphy/ptII/lib/JUnitParams-0.4.0.jar:/home/travis/build/icyphy/ptII/ptolemy/actor/lib/excel/jxl.jar:/home/travis/build/icyphy/ptII/lib/jython.jar:/home/travis/build/icyphy/ptII/lib/kieler.jar:/home/travis/build/icyphy/ptII/vendors/opencv/share/OpenCV/java/opencv-341.jar:/home/travis/build/icyphy/ptII/lib/oscP5.jar:/home/travis/build/icyphy/ptII/lib/nrjavaserial-3.11.0.devel.jar:/home/travis/build/icyphy/ptII/vendors/j3d/lib/j3dcore.jar:/home/travis/build/icyphy/ptII/vendors/j3d/lib/j3dutils.jar:/home/travis/build/icyphy/ptII/vendors/j3d/lib/vecmath.jar:/home/travis/build/icyphy/ptII/ptolemy/distributed/jini/jar/jini-core.jar:/home/travis/build/icyphy/ptII/ptolemy/distributed/jini/jar/jini-ext.jar:/home/travis/build/icyphy/ptII/ptolemy/distributed/jini/jar/sun-util.jar:/home/travis/build/icyphy/ptII/lib/protobuf-java-2.4.1.jar:/home/travis/build/icyphy/ptII/lib/org.eclipse.paho.client.mqttv3.jar:/home/travis/build/icyphy/ptII/lib/mapss.jar:/home/travis/build/icyphy/ptII/ptolemy/actor/ptalon/antlr/antlr.jar:/home/travis/build/icyphy/ptII/lib/JRI.jar:/home/travis/build/icyphy/ptII/lib/commons-lang-2.6.jar:/home/travis/build/icyphy/ptII/lib/commons-logging-1.1.1.jar:/home/travis/build/icyphy/ptII/lib/sootclasses.jar:/home/travis/build/icyphy/ptII/ptolemy/actor/lib/database/mysql-connector-java-5.1.6-bin.jar:/home/travis/build/icyphy/ptII/vendors/misc/sphinx4/sphinx4-data-5prealpha.jar:/home/travis/build/icyphy/ptII/vendors/misc/sphinx4/sphinx4-core-5prealpha.jar:/home/travis/build/icyphy/ptII/lib/PDFRenderer.jar:/home/travis/build/icyphy/ptII/lib/svgSalamander.jar:/home/travis/build/icyphy/ptII/lib/rsyntaxtextarea-2.6.0-SNAPSHOT.jar:/home/travis/build/icyphy/ptII/lib/hazelcast-3.8.2.jar:/home/travis/build/icyphy/ptII/lib/jackson-annotations-2.9.0.jar:/home/travis/build/icyphy/ptII/lib/jackson-core-2.9.3.jar:/home/travis/build/icyphy/ptII/lib/jackson-databind-2.9.3.jar:/home/travis/build/icyphy/ptII/lib/netty-buffer-4.1.19.Final.jar:/home/travis/build/icyphy/ptII/lib/netty-codec-4.1.19.Final.jar:/home/travis/build/icyphy/ptII/lib/netty-codec-dns-4.1.19.Final.jar:/home/travis/build/icyphy/ptII/lib/netty-codec-http-4.1.19.Final.jar:/home/travis/build/icyphy/ptII/lib/netty-codec-http2-4.1.19.Final.jar:/home/travis/build/icyphy/ptII/lib/netty-common-4.1.19.Final.jar:/home/travis/build/icyphy/ptII/lib/netty-handler-4.1.19.Final.jar:/home/travis/build/icyphy/ptII/lib/netty-resolver-4.1.19.Final.jar:/home/travis/build/icyphy/ptII/lib/netty-resolver-dns-4.1.19.Final.jar:/home/travis/build/icyphy/ptII/lib/netty-transport-4.1.19.Final.jar:/home/travis/build/icyphy/ptII/lib/vertx-codegen-3.5.1.jar:/home/travis/build/icyphy/ptII/lib/vertx-core-3.5.2-SNAPSHOT.jar:/home/travis/build/icyphy/ptII/lib/vertx-hazelcast-3.5.1.jar:/home/travis/build/icyphy/ptII/lib/vertx-lang-js-3.5.1.jar:/home/travis/build/icyphy/ptII/lib/vertx-service-proxy-3.5.1.jar:/home/travis/build/icyphy/ptII/lib/vertx-web-3.5.1.jar:/home/travis/build/icyphy/ptII/lib/slf4j-api-1.7.13.jar:/home/travis/build/icyphy/ptII/lib/slf4j-simple-1.7.13.jar:/home/travis/build/icyphy/ptII/lib/webcam-capture-0.3.12.jar:/home/travis/build/icyphy/ptII/lib/bridj-0.7.0.jar:/home/travis/build/icyphy/ptII/lib/xbjlib-1.1.0.nrjavaserial.jar:/home/travis/build/icyphy/ptII/ptolemy/moml/test:/home/travis/build/icyphy/ptII/ant/lib/ant-launcher.jar:/home/travis/build/icyphy/ptII/ant/lib/ant.jar:/home/travis/build/icyphy/ptII/ant/lib/ant-junit.jar:/home/travis/build/icyphy/ptII/ant/lib/ant-junit4.jar" />
    <property name="ant.library.dir" value="/home/travis/build/icyphy/ptII/ant/lib" />
    <property name="os.arch" value="amd64" />
    <property name="env.CONTINUOUS_INTEGRATION" value="true" />
    <property name="env.TRAVIS_LANGUAGE" value="node_js" />
    <property name="env.TRAVIS_STACK_LANGUAGES" value="__sardonyx__ c c++ clojure cplusplus cpp default generic go groovy java node_js php pure_java python ruby scala" />
    <property name="test.name" value="ptolemy.actor.lib.test.junit.JUnitTclTest" />
    <property name="env.APT_KEY_DONT_WARN_ON_DANGEROUS_USAGE" value="1" />
    <property name="sun.java.launcher" value="SUN_STANDARD" />
    <property name="env.PYTHON_CONFIGURE_OPTS" value="--enable-unicode=ucs4 --with-wide-unicode --enable-shared --enable-ipv6 --enable-loadable-sqlite-extensions --with-computed-gotos" />
    <property name="ant.core.lib" value="/home/travis/build/icyphy/ptII/ant/lib/ant.jar" />
    <property name="java.vm.specification.vendor" value="Oracle Corporation" />
    <property name="env.BCVTB_HOME" value="/home/travis/build/icyphy/ptII/lbnl" />
    <property name="file.separator" value="/" />
    <property name="spotbugs.home" value="/home/travis/build/icyphy/ptII/vendors/spotbugs-3.1.1" />
    <property name="java.runtime.version" value="11.0.2+9" />
    <property name="env.ANSI_CLEAR" value="\033[0K" />
    <property name="env.HAS_JOSH_K_SEAL_OF_APPROVAL" value="true" />
    <property name="env.XDG_RUNTIME_DIR" value="/run/user/2000" />
    <property name="env.TRAVIS_OSX_IMAGE" value="" />
    <property name="env.TRAVIS_JOB_ID" value="552047883" />
    <property name="env.TRAVIS_BRANCH" value="master" />
    <property name="user.country" value="US" />
    <property name="env.CERTI_HOME_TRAVIS" value="/home/travis/pthla/certi-tools" />
    <property name="env.SHELL" value="/bin/bash" />
    <property name="java.maxmemory.large" value="5000m" />
    <property name="model" value="" />
    <property name="env.CASHER_DIR" value="/home/travis/.casher" />
    <property name="env.NVM_CD_FLAGS" value="" />
    <property name="java.vendor.version" value="18.9" />
    <property name="jshint.executable" value="/home/travis/node_modules/jshint/bin/jshint" />
    <property name="env.JRUBY_OPTS" value=" --client -J-XX:+TieredCompilation -J-XX:TieredStopAtLevel=1 -J-Xss2m -Xcompile.invokedynamic=false" />
    <property name="java.vendor" value="Oracle Corporation" />
    <property name="env.TRAVIS_PRE_CHEF_BOOTSTRAP_TIME" value="2019-03-25T16:16:42" />
    <property name="env.TRAVIS_STACK_JOB_BOARD_REGISTER" value="/.job-board-register.yml" />
    <property name="env.ANSI_RED" value="\033[31;1m" />
    <property name="java.specification.version" value="11" />
    <property name="env.IRBRC" value="/home/travis/.rvm/rubies/ruby-2.5.3/.irbrc" />
    <property name="env.TRAVIS" value="true" />
    <property name="sun.arch.data.model" value="64" />
  </properties>
  <testcase classname="ptolemy.util.test.junit.TclTests" name="[0] /home/travis/build/icyphy/ptII/ptolemy/domains/de/test/DependencyLoop.tcl (RunTclFile)" time="0.957" />
  <testcase classname="ptolemy.util.test.junit.TclTests" name="[1] /home/travis/build/icyphy/ptII/ptolemy/domains/de/test/RunDETestsAsQSS.tcl (RunTclFile)" time="91.571" />
  <testcase classname="ptolemy.util.test.junit.AutoKnownFailedTests" name="[0] /home/travis/build/icyphy/ptII/ptolemy/domains/de/test/auto/knownFailedTests/DESDFClockTest.xml (RunModel)" time="2.046" />
  <testcase classname="ptolemy.util.test.junit.AutoKnownFailedTests" name="[1] /home/travis/build/icyphy/ptII/ptolemy/domains/de/test/auto/knownFailedTests/DirectFeedback.xml (RunModel)" time="0.018" />
  <testcase classname="ptolemy.util.test.junit.AutoKnownFailedTests" name="[2] /home/travis/build/icyphy/ptII/ptolemy/domains/de/test/auto/knownFailedTests/FSMSource.xml (RunModel)" time="0.048" />
  <testcase classname="ptolemy.util.test.junit.AutoKnownFailedTests" name="[3] /home/travis/build/icyphy/ptII/ptolemy/domains/de/test/auto/knownFailedTests/HierarchicalModel.xml (RunModel)" time="0.048" />
  <testcase classname="ptolemy.util.test.junit.AutoKnownFailedTests" name="[4] /home/travis/build/icyphy/ptII/ptolemy/domains/de/test/auto/knownFailedTests/dependencyLoop.xml (RunModel)" time="0.053" />
  <testcase classname="ptolemy.util.test.junit.AutoKnownFailedTests" name="[5] /home/travis/build/icyphy/ptII/ptolemy/domains/de/test/auto/knownFailedTests/dependencyLoop2.xml (RunModel)" time="0.038" />
  <testcase classname="ptolemy.util.test.junit.AutoNameArchTests" name="[0] ThereAreNoAutoArchTests (RunModel)" time="0.001" />
  <testcase classname="ptolemy.util.test.junit.AutoTests" name="[0] /home/travis/build/icyphy/ptII/ptolemy/domains/de/test/auto/ActorDepthCalculation_actorWithoutPorts.xml (RunModel)" time="0.03" />
  <testcase classname="ptolemy.util.test.junit.AutoTests" name="[1] /home/travis/build/icyphy/ptII/ptolemy/domains/de/test/auto/AssemblyLine.xml (RunModel)" time="0.028" />
  <testcase classname="ptolemy.util.test.junit.AutoTests" name="[2] /home/travis/build/icyphy/ptII/ptolemy/domains/de/test/auto/CQBug1.xml (RunModel)" time="0.013" />
  <testcase classname="ptolemy.util.test.junit.AutoTests" name="[3] /home/travis/build/icyphy/ptII/ptolemy/domains/de/test/auto/CancelFireAt.xml (RunModel)" time="0.012" />
  <testcase classname="ptolemy.util.test.junit.AutoTests" name="[4] /home/travis/build/icyphy/ptII/ptolemy/domains/de/test/auto/CausalityAndComposabilityAnalysis.xml (RunModel)" time="0.014" />
  <testcase classname="ptolemy.util.test.junit.AutoTests" name="[5] /home/travis/build/icyphy/ptII/ptolemy/domains/de/test/auto/CausalityInterface1.xml (RunModel)" time="0.027" />
  <testcase classname="ptolemy.util.test.junit.AutoTests" name="[6] /home/travis/build/icyphy/ptII/ptolemy/domains/de/test/auto/CausalityInterface15.xml (RunModel)" time="0.016" />
  <testcase classname="ptolemy.util.test.junit.AutoTests" name="[7] /home/travis/build/icyphy/ptII/ptolemy/domains/de/test/auto/CausalityInterface2.xml (RunModel)" time="0.03" />
  <testcase classname="ptolemy.util.test.junit.AutoTests" name="[8] /home/travis/build/icyphy/ptII/ptolemy/domains/de/test/auto/CausalityInterface3.xml (RunModel)" time="0.013" />
  <testcase classname="ptolemy.util.test.junit.AutoTests" name="[9] /home/travis/build/icyphy/ptII/ptolemy/domains/de/test/auto/ClockDrift.xml (RunModel)" time="0.04" />
  <testcase classname="ptolemy.util.test.junit.AutoTests" name="[10] /home/travis/build/icyphy/ptII/ptolemy/domains/de/test/auto/ClockDriftAndValueChange.xml (RunModel)" time="0.032" />
  <testcase classname="ptolemy.util.test.junit.AutoTests" name="[11] /home/travis/build/icyphy/ptII/ptolemy/domains/de/test/auto/ClockDriftChange.xml (RunModel)" time="0.042" />
  <testcase classname="ptolemy.util.test.junit.AutoTests" name="[12] /home/travis/build/icyphy/ptII/ptolemy/domains/de/test/auto/ComposableCausalityAnalysis.xml (RunModel)" time="0.015" />
  <testcase classname="ptolemy.util.test.junit.AutoTests" name="[13] /home/travis/build/icyphy/ptII/ptolemy/domains/de/test/auto/DEFixedPointLimitation.xml (RunModel)" time="0.011" />
  <testcase classname="ptolemy.util.test.junit.AutoTests" name="[14] /home/travis/build/icyphy/ptII/ptolemy/domains/de/test/auto/DEScheduleTest.xml (RunModel)" time="0.011" />
  <testcase classname="ptolemy.util.test.junit.AutoTests" name="[15] /home/travis/build/icyphy/ptII/ptolemy/domains/de/test/auto/DEinDEwithStartTimes.xml (RunModel)" time="0.017" />
  <testcase classname="ptolemy.util.test.junit.AutoTests" name="[16] /home/travis/build/icyphy/ptII/ptolemy/domains/de/test/auto/DEinDEwithStartTimes2.xml (RunModel)" time="0.015" />
  <testcase classname="ptolemy.util.test.junit.AutoTests" name="[17] /home/travis/build/icyphy/ptII/ptolemy/domains/de/test/auto/DateDemo.xml (RunModel)" time="0.033" />
  <testcase classname="ptolemy.util.test.junit.AutoTests" name="[18] /home/travis/build/icyphy/ptII/ptolemy/domains/de/test/auto/DateToEvent.xml (RunModel)" time="2.044" />
  <testcase classname="ptolemy.util.test.junit.AutoTests" name="[19] /home/travis/build/icyphy/ptII/ptolemy/domains/de/test/auto/DepthTest1.xml (RunModel)" time="0.007" />
  <testcase classname="ptolemy.util.test.junit.AutoTests" name="[20] /home/travis/build/icyphy/ptII/ptolemy/domains/de/test/auto/DepthTest2.xml (RunModel)" time="0.02" />
  <testcase classname="ptolemy.util.test.junit.AutoTests" name="[21] /home/travis/build/icyphy/ptII/ptolemy/domains/de/test/auto/DepthTest3.xml (RunModel)" time="0.013" />
  <testcase classname="ptolemy.util.test.junit.AutoTests" name="[22] /home/travis/build/icyphy/ptII/ptolemy/domains/de/test/auto/DepthTest4.xml (RunModel)" time="0.025" />
  <testcase classname="ptolemy.util.test.junit.AutoTests" name="[23] /home/travis/build/icyphy/ptII/ptolemy/domains/de/test/auto/DepthTest5.xml (RunModel)" time="0.014" />
  <testcase classname="ptolemy.util.test.junit.AutoTests" name="[24] /home/travis/build/icyphy/ptII/ptolemy/domains/de/test/auto/DepthTest6.xml (RunModel)" time="0.015" />
  <testcase classname="ptolemy.util.test.junit.AutoTests" name="[25] /home/travis/build/icyphy/ptII/ptolemy/domains/de/test/auto/DepthTest7.xml (RunModel)" time="0.011" />
  <testcase classname="ptolemy.util.test.junit.AutoTests" name="[26] /home/travis/build/icyphy/ptII/ptolemy/domains/de/test/auto/EventToDate.xml (RunModel)" time="3.038" />
  <testcase classname="ptolemy.util.test.junit.AutoTests" name="[27] /home/travis/build/icyphy/ptII/ptolemy/domains/de/test/auto/FSM1.xml (RunModel)" time="0.041" />
  <testcase classname="ptolemy.util.test.junit.AutoTests" name="[28] /home/travis/build/icyphy/ptII/ptolemy/domains/de/test/auto/FSM7.xml (RunModel)" time="0.048" />
  <testcase classname="ptolemy.util.test.junit.AutoTests" name="[29] /home/travis/build/icyphy/ptII/ptolemy/domains/de/test/auto/Inspection.xml (RunModel)" time="0.046" />
  <testcase classname="ptolemy.util.test.junit.AutoTests" name="[30] /home/travis/build/icyphy/ptII/ptolemy/domains/de/test/auto/Iteration.xml (RunModel)" time="0.032" />
  <testcase classname="ptolemy.util.test.junit.AutoTests" name="[31] /home/travis/build/icyphy/ptII/ptolemy/domains/de/test/auto/LineFault.xml (RunModel)" time="0.596" />
  <testcase classname="ptolemy.util.test.junit.AutoTests" name="[32] /home/travis/build/icyphy/ptII/ptolemy/domains/de/test/auto/MergeModel1Add.xml (RunModel)" time="0.06" />
  <testcase classname="ptolemy.util.test.junit.AutoTests" name="[33] /home/travis/build/icyphy/ptII/ptolemy/domains/de/test/auto/MergeModel2Add.xml (RunModel)" time="0.047" />
  <testcase classname="ptolemy.util.test.junit.AutoTests" name="[34] /home/travis/build/icyphy/ptII/ptolemy/domains/de/test/auto/MergeModel3Add.xml (RunModel)" time="0.049" />
  <testcase classname="ptolemy.util.test.junit.AutoTests" name="[35] /home/travis/build/icyphy/ptII/ptolemy/domains/de/test/auto/MergeWithoutDiscard.xml (RunModel)" time="0.013" />
  <testcase classname="ptolemy.util.test.junit.AutoTests" name="[36] /home/travis/build/icyphy/ptII/ptolemy/domains/de/test/auto/Modal1.xml (RunModel)" time="0.049" />
  <testcase classname="ptolemy.util.test.junit.AutoTests" name="[37] /home/travis/build/icyphy/ptII/ptolemy/domains/de/test/auto/Modal2.xml (RunModel)" time="0.037" />
  <testcase classname="ptolemy.util.test.junit.AutoTests" name="[38] /home/travis/build/icyphy/ptII/ptolemy/domains/de/test/auto/Modal3.xml (RunModel)" time="0.028" />
  <testcase classname="ptolemy.util.test.junit.AutoTests" name="[39] /home/travis/build/icyphy/ptII/ptolemy/domains/de/test/auto/Modal4.xml (RunModel)" time="0.037" />
  <testcase classname="ptolemy.util.test.junit.AutoTests" name="[40] /home/travis/build/icyphy/ptII/ptolemy/domains/de/test/auto/Modal5.xml (RunModel)" time="0.047" />
  <testcase classname="ptolemy.util.test.junit.AutoTests" name="[41] /home/travis/build/icyphy/ptII/ptolemy/domains/de/test/auto/Modal6.xml (RunModel)" time="0.031" />
  <testcase classname="ptolemy.util.test.junit.AutoTests" name="[42] /home/travis/build/icyphy/ptII/ptolemy/domains/de/test/auto/Modal7.xml (RunModel)" time="0.029" />
  <testcase classname="ptolemy.util.test.junit.AutoTests" name="[43] /home/travis/build/icyphy/ptII/ptolemy/domains/de/test/auto/ModalModel.xml (RunModel)" time="0.219" />
  <testcase classname="ptolemy.util.test.junit.AutoTests" name="[44] /home/travis/build/icyphy/ptII/ptolemy/domains/de/test/auto/ModalSource.xml (RunModel)" time="0.024" />
  <testcase classname="ptolemy.util.test.junit.AutoTests" name="[45] /home/travis/build/icyphy/ptII/ptolemy/domains/de/test/auto/NonInterruptibleTimerZeroDelay.xml (RunModel)" time="0.016" />
  <testcase classname="ptolemy.util.test.junit.AutoTests" name="[46] /home/travis/build/icyphy/ptII/ptolemy/domains/de/test/auto/OpenQueueingNetwork.xml (RunModel)" time="2.8" />
  <testcase classname="ptolemy.util.test.junit.AutoTests" name="[47] /home/travis/build/icyphy/ptII/ptolemy/domains/de/test/auto/OpenQueuingNetwork.xml (RunModel)" time="0.307" />
  <testcase classname="ptolemy.util.test.junit.AutoTests" name="[48] /home/travis/build/icyphy/ptII/ptolemy/domains/de/test/auto/PeriodicSampler.xml (RunModel)" time="0.012" />
  <testcase classname="ptolemy.util.test.junit.AutoTests" name="[49] /home/travis/build/icyphy/ptII/ptolemy/domains/de/test/auto/PersistentIO.xml (RunModel)" time="0.031" />
  <testcase classname="ptolemy.util.test.junit.AutoTests" name="[50] /home/travis/build/icyphy/ptII/ptolemy/domains/de/test/auto/PortParameterResetOnInitialize.xml (RunModel)" time="0.012" />
  <testcase classname="ptolemy.util.test.junit.AutoTests" name="[51] /home/travis/build/icyphy/ptII/ptolemy/domains/de/test/auto/PortParameterUpdates.xml (RunModel)" time="0.014" />
  <testcase classname="ptolemy.util.test.junit.AutoTests" name="[52] /home/travis/build/icyphy/ptII/ptolemy/domains/de/test/auto/QueueAndServer.xml (RunModel)" time="0.024" />
  <testcase classname="ptolemy.util.test.junit.AutoTests" name="[53] /home/travis/build/icyphy/ptII/ptolemy/domains/de/test/auto/Records.xml (RunModel)" time="0.02" />
  <testcase classname="ptolemy.util.test.junit.AutoTests" name="[54] /home/travis/build/icyphy/ptII/ptolemy/domains/de/test/auto/ResetTransitionWithStartTime1.xml (RunModel)" time="0.018" />
  <testcase classname="ptolemy.util.test.junit.AutoTests" name="[55] /home/travis/build/icyphy/ptII/ptolemy/domains/de/test/auto/ResetTransitionWithStartTime2.xml (RunModel)" time="0.017" />
  <testcase classname="ptolemy.util.test.junit.AutoTests" name="[56] /home/travis/build/icyphy/ptII/ptolemy/domains/de/test/auto/ResetTransitionWithStartTime3.xml (RunModel)" time="0.022" />
  <testcase classname="ptolemy.util.test.junit.AutoTests" name="[57] /home/travis/build/icyphy/ptII/ptolemy/domains/de/test/auto/ResetTransitionWithStartTime4.xml (RunModel)" time="0.017" />
  <testcase classname="ptolemy.util.test.junit.AutoTests" name="[58] /home/travis/build/icyphy/ptII/ptolemy/domains/de/test/auto/ResettableTimer1.xml (RunModel)" time="0.01" />
  <testcase classname="ptolemy.util.test.junit.AutoTests" name="[59] /home/travis/build/icyphy/ptII/ptolemy/domains/de/test/auto/ResettableTimer2.xml (RunModel)" time="0.009" />
  <testcase classname="ptolemy.util.test.junit.AutoTests" name="[60] /home/travis/build/icyphy/ptII/ptolemy/domains/de/test/auto/ResettableTimer3.xml (RunModel)" time="0.013" />
  <testcase classname="ptolemy.util.test.junit.AutoTests" name="[61] /home/travis/build/icyphy/ptII/ptolemy/domains/de/test/auto/ResettableTimer4.xml (RunModel)" time="0.014" />
  <testcase classname="ptolemy.util.test.junit.AutoTests" name="[62] /home/travis/build/icyphy/ptII/ptolemy/domains/de/test/auto/ResettableTimer5.xml (RunModel)" time="0.011" />
  <testcase classname="ptolemy.util.test.junit.AutoTests" name="[63] /home/travis/build/icyphy/ptII/ptolemy/domains/de/test/auto/ResettableTimer6.xml (RunModel)" time="0.019" />
  <testcase classname="ptolemy.util.test.junit.AutoTests" name="[64] /home/travis/build/icyphy/ptII/ptolemy/domains/de/test/auto/ServerZeroDelay.xml (RunModel)" time="0.013" />
  <testcase classname="ptolemy.util.test.junit.AutoTests" name="[65] /home/travis/build/icyphy/ptII/ptolemy/domains/de/test/auto/SmartSender.xml (RunModel)" time="3.012" />
  <testcase classname="ptolemy.util.test.junit.AutoTests" name="[66] /home/travis/build/icyphy/ptII/ptolemy/domains/de/test/auto/ThreadedComposite.xml (RunModel)" time="0.136" />
  <testcase classname="ptolemy.util.test.junit.AutoTests" name="[67] /home/travis/build/icyphy/ptII/ptolemy/domains/de/test/auto/Time.xml (RunModel)" time="0.468" />
  <testcase classname="ptolemy.util.test.junit.AutoTests" name="[68] /home/travis/build/icyphy/ptII/ptolemy/domains/de/test/auto/TimeDelayZeroDelay.xml (RunModel)" time="0.014" />
  <testcase classname="ptolemy.util.test.junit.AutoTests" name="[69] /home/travis/build/icyphy/ptII/ptolemy/domains/de/test/auto/TimerZeroDelay.xml (RunModel)" time="0.009" />
  <testcase classname="ptolemy.util.test.junit.AutoTests" name="[70] /home/travis/build/icyphy/ptII/ptolemy/domains/de/test/auto/TimingParadox.xml (RunModel)" time="0.376" />
  <testcase classname="ptolemy.util.test.junit.AutoTests" name="[71] /home/travis/build/icyphy/ptII/ptolemy/domains/de/test/auto/TransferInputs.xml (RunModel)" time="0.013" />
  <testcase classname="ptolemy.util.test.junit.AutoTests" name="[72] /home/travis/build/icyphy/ptII/ptolemy/domains/de/test/auto/TransferOutputs2.xml (RunModel)" time="0.016" />
  <testcase classname="ptolemy.util.test.junit.AutoTests" name="[73] /home/travis/build/icyphy/ptII/ptolemy/domains/de/test/auto/Trilateration.xml (RunModel)" time="12.321" />
  <testcase classname="ptolemy.util.test.junit.AutoTests" name="[74] /home/travis/build/icyphy/ptII/ptolemy/domains/de/test/auto/TwoSigmaDelta.xml (RunModel)" time="2.152" />
  <testcase classname="ptolemy.util.test.junit.AutoTests" name="[75] /home/travis/build/icyphy/ptII/ptolemy/domains/de/test/auto/VariableDelay.xml (RunModel)" time="0.012" />
  <testcase classname="ptolemy.util.test.junit.AutoTests" name="[76] /home/travis/build/icyphy/ptII/ptolemy/domains/de/test/auto/VariableDelay2.xml (RunModel)" time="0.008" />
  <testcase classname="ptolemy.util.test.junit.AutoTests" name="[77] /home/travis/build/icyphy/ptII/ptolemy/domains/de/test/auto/VariableDelayZeroDelay.xml (RunModel)" time="0.011" />
  <testcase classname="ptolemy.util.test.junit.AutoTests" name="[78] /home/travis/build/icyphy/ptII/ptolemy/domains/de/test/auto/VariableDelayZeroDelay2.xml (RunModel)" time="0.013" />
  <testcase classname="ptolemy.util.test.junit.AutoTests" name="[79] /home/travis/build/icyphy/ptII/ptolemy/domains/de/test/auto/deInCt.xml (RunModel)" time="0.016" />
  <testcase classname="ptolemy.util.test.junit.AutoTests" name="[80] /home/travis/build/icyphy/ptII/ptolemy/domains/de/test/auto/deInCt2.xml (RunModel)" time="0.023" />
  <testcase classname="ptolemy.util.test.junit.AutoTests" name="[81] /home/travis/build/icyphy/ptII/ptolemy/domains/de/test/auto/dynamicCausalityInterface1.xml (RunModel)" time="0.027" />
  <testcase classname="ptolemy.util.test.junit.AutoTests" name="[82] /home/travis/build/icyphy/ptII/ptolemy/domains/de/test/auto/fsm_de_test.xml (RunModel)" time="0.033" />
  <testcase classname="ptolemy.util.test.junit.AutoTests" name="[83] /home/travis/build/icyphy/ptII/ptolemy/domains/de/test/auto/functionDependencyReconstruction.xml (RunModel)" time="0.031" />
  <testcase classname="ptolemy.util.test.junit.AutoTests" name="[84] /home/travis/build/icyphy/ptII/ptolemy/domains/de/test/auto/multirate.xml (RunModel)" time="0.016" />
  <testcase classname="ptolemy.util.test.junit.AutoTests" name="[85] /home/travis/build/icyphy/ptII/ptolemy/domains/de/test/auto/multirate2.xml (RunModel)" time="0.032" />
  <testcase classname="ptolemy.util.test.junit.AutoTests" name="[86] /home/travis/build/icyphy/ptII/ptolemy/domains/de/test/auto/realtime.xml (RunModel)" time="10.011" />
  <testcase classname="ptolemy.util.test.junit.AutoTests" name="[87] /home/travis/build/icyphy/ptII/ptolemy/domains/de/test/auto/relationGroup.xml (RunModel)" time="0.014" />
  <testcase classname="ptolemy.util.test.junit.AutoTests" name="[88] /home/travis/build/icyphy/ptII/ptolemy/domains/de/test/auto/relationGroup2.xml (RunModel)" time="0.009" />
  <testcase classname="ptolemy.util.test.junit.AutoTests" name="[89] /home/travis/build/icyphy/ptII/ptolemy/domains/de/test/auto/sortWithOpaquePorts.xml (RunModel)" time="0.015" />
  <testcase classname="ptolemy.util.test.junit.AutoTests" name="[90] /home/travis/build/icyphy/ptII/ptolemy/domains/de/test/auto/transferInputsandOutputs.xml (RunModel)" time="0.017" />
  <testcase classname="ptolemy.util.test.junit.AutoTests" name="[91] /home/travis/build/icyphy/ptII/ptolemy/domains/de/test/auto/triggerType.xml (RunModel)" time="0.01" />
  <system-out><![CDATA[/home/travis/build/icyphy/ptII/ptolemy/domains/de/test/DependencyLoop.tcl
testDefs.tcl: setting time out to 9000 seconds at Sat Jun 29 04:41:27 UTC 2019
78 ms. Memory: 120832K Free: 99496K (82%)
25 ms. Memory: 160768K Free: 143376K (89%)
/home/travis/build/icyphy/ptII/ptolemy/domains/de/test/RunDETestsAsQSS.tcl
Run the DE tests using ptolemy.domains.qss.test.QSSDirectorTest, which extends QSSDirector and prints a message in the constructors.
------------------ testing $PTII/ptolemy/domains/de/test/auto/knownFailedTests/DirectFeedback.xml (Known Failure) 
33 ms. Memory: 160768K Free: 138278K (86%)


==== $PTIIhome/travis/build/icyphy/ptII/ptolemy/domains/de/test/../../../../: Auto Automatic test in file $PTII/ptolemy/domains/de/test/auto/knownFailedTests/DirectFeedback.xml
==== Contents of test case:

	    # FIXME: we should use $relativeFilename here, but it
	    # might have backslashes under Windows, which causes no end
	    # of trouble.
	    createAndExecute $file
	    list {}
	
.... Test generated KNOWN error:
    while executing
ptolemy.kernel.util.IllegalActionException: Test fails in iteration 1.
Value was: 1.0. Should have been: 2.0
  in .DirectFeedback.Test
	at ptolemy.actor.lib.Test.fire(Test.java:268)
	at ptolemy.domains.de.kernel.DEDirector._fire(DEDirector.java:1949)
	at ptolemy.domains.de.kernel.DEDirector.fire(DEDirector.java:502)
	at ptolemy.actor.CompositeActor.fire(CompositeActor.java:455)
	at ptolemy.actor.Manager.iterate(Manager.java:851)
	at ptolemy.actor.Manager.execute(Manager.java:369)
	at ptolemy.actor.Manager.run(Manager.java:1263)
	at ptolemy.actor.Manager$PtolemyRunThread.run(Manager.java:1915)

    while executing
ptolemy.kernel.util.IllegalActionException: Test fails in iteration 1.
Value was: 1.0. Should have been: 2.0
  in .DirectFeedback.Test
    while executing
"java::new ptolemy.moml.MoMLSimpleApplication $file
"
    (procedure "createAndExecute" line 2)
    invoked from within
"createAndExecute $file"
    ("uplevel" body line 5)
    invoked from within
"uplevel $contents_of_test"
------------------ testing $PTII/ptolemy/domains/de/test/auto/knownFailedTests/dependencyLoop.xml (Known Failure) 
9 ms. Memory: 160768K Free: 135198K (84%)


==== $PTIIhome/travis/build/icyphy/ptII/ptolemy/domains/de/test/../../../../: Auto Automatic test in file $PTII/ptolemy/domains/de/test/auto/knownFailedTests/dependencyLoop.xml
==== Contents of test case:

	    # FIXME: we should use $relativeFilename here, but it
	    # might have backslashes under Windows, which causes no end
	    # of trouble.
	    createAndExecute $file
	    list {}
	
.... Test generated KNOWN error:
    while executing
ptolemy.kernel.util.IllegalActionException: Found a zero delay loop containing .dependencyLoop.original
  in .dependencyLoop and .dependencyLoop.original
	at ptolemy.actor.util.CausalityInterfaceForComposites._computeOutputPortDepth(CausalityInterfaceForComposites.java:759)
	at ptolemy.actor.util.CausalityInterfaceForComposites._computeInputDepth(CausalityInterfaceForComposites.java:696)
	at ptolemy.actor.util.CausalityInterfaceForComposites._computeOutputPortDepth(CausalityInterfaceForComposites.java:765)
	at ptolemy.actor.util.CausalityInterfaceForComposites._computeInputDepth(CausalityInterfaceForComposites.java:696)
	at ptolemy.actor.util.CausalityInterfaceForComposites._computeOutputPortDepth(CausalityInterfaceForComposites.java:765)
	at ptolemy.actor.util.CausalityInterfaceForComposites._computeInputDepth(CausalityInterfaceForComposites.java:696)
	at ptolemy.actor.util.CausalityInterfaceForComposites._computeActorDepth(CausalityInterfaceForComposites.java:532)
	at ptolemy.actor.util.CausalityInterfaceForComposites.checkForCycles(CausalityInterfaceForComposites.java:96)
	at ptolemy.domains.de.kernel.DEDirector.preinitialize(DEDirector.java:1338)
	at ptolemy.actor.CompositeActor.preinitialize(CompositeActor.java:1828)
	at ptolemy.actor.Manager.preinitializeAndResolveTypes(Manager.java:1040)
	at ptolemy.actor.Manager.initialize(Manager.java:710)
	at ptolemy.actor.Manager.execute(Manager.java:356)
	at ptolemy.actor.Manager.run(Manager.java:1263)
	at ptolemy.actor.Manager$PtolemyRunThread.run(Manager.java:1915)

    while executing
ptolemy.kernel.util.IllegalActionException: Found a zero delay loop containing .dependencyLoop.original
  in .dependencyLoop and .dependencyLoop.original
    while executing
"java::new ptolemy.moml.MoMLSimpleApplication $file
"
    (procedure "createAndExecute" line 2)
    invoked from within
"createAndExecute $file"
    ("uplevel" body line 5)
    invoked from within
"uplevel $contents_of_test"
------------------ testing $PTII/ptolemy/domains/de/test/auto/knownFailedTests/FSMSource.xml (Known Failure) 
82 ms. Memory: 160768K Free: 126319K (79%)
!!!! Auto was marked as failing, but now passes
------------------ testing $PTII/ptolemy/domains/de/test/auto/knownFailedTests/HierarchicalModel.xml (Known Failure) 
11 ms. Memory: 160768K Free: 141212K (88%)


==== $PTIIhome/travis/build/icyphy/ptII/ptolemy/domains/de/test/../../../../: Auto Automatic test in file $PTII/ptolemy/domains/de/test/auto/knownFailedTests/HierarchicalModel.xml
==== Contents of test case:

	    # FIXME: we should use $relativeFilename here, but it
	    # might have backslashes under Windows, which causes no end
	    # of trouble.
	    createAndExecute $file
	    list {}
	
.... Test generated KNOWN error:
    while executing
ptolemy.kernel.util.IllegalActionException: Found a zero delay loop containing .HierarchicalModel.A
  in .HierarchicalModel and .HierarchicalModel.A
	at ptolemy.actor.util.CausalityInterfaceForComposites._computeOutputPortDepth(CausalityInterfaceForComposites.java:759)
	at ptolemy.actor.util.CausalityInterfaceForComposites._computeInputDepth(CausalityInterfaceForComposites.java:696)
	at ptolemy.actor.util.CausalityInterfaceForComposites._computeOutputPortDepth(CausalityInterfaceForComposites.java:765)
	at ptolemy.actor.util.CausalityInterfaceForComposites._computeInputDepth(CausalityInterfaceForComposites.java:696)
	at ptolemy.actor.util.CausalityInterfaceForComposites._computeOutputPortDepth(CausalityInterfaceForComposites.java:765)
	at ptolemy.actor.util.CausalityInterfaceForComposites._computeInputDepth(CausalityInterfaceForComposites.java:696)
	at ptolemy.actor.util.CausalityInterfaceForComposites._computeActorDepth(CausalityInterfaceForComposites.java:532)
	at ptolemy.actor.util.CausalityInterfaceForComposites.checkForCycles(CausalityInterfaceForComposites.java:96)
	at ptolemy.domains.de.kernel.DEDirector.preinitialize(DEDirector.java:1338)
	at ptolemy.actor.CompositeActor.preinitialize(CompositeActor.java:1828)
	at ptolemy.actor.Manager.preinitializeAndResolveTypes(Manager.java:1040)
	at ptolemy.actor.Manager.initialize(Manager.java:710)
	at ptolemy.actor.Manager.execute(Manager.java:356)
	at ptolemy.actor.Manager.run(Manager.java:1263)
	at ptolemy.actor.Manager$PtolemyRunThread.run(Manager.java:1915)

    while executing
ptolemy.kernel.util.IllegalActionException: Found a zero delay loop containing .HierarchicalModel.A
  in .HierarchicalModel and .HierarchicalModel.A
    while executing
"java::new ptolemy.moml.MoMLSimpleApplication $file
"
    (procedure "createAndExecute" line 2)
    invoked from within
"createAndExecute $file"
    ("uplevel" body line 5)
    invoked from within
"uplevel $contents_of_test"
------------------ testing $PTII/ptolemy/domains/de/test/auto/knownFailedTests/dependencyLoop2.xml (Known Failure) 
5 ms. Memory: 160768K Free: 125312K (78%)


==== $PTIIhome/travis/build/icyphy/ptII/ptolemy/domains/de/test/../../../../: Auto Automatic test in file $PTII/ptolemy/domains/de/test/auto/knownFailedTests/dependencyLoop2.xml
==== Contents of test case:

	    # FIXME: we should use $relativeFilename here, but it
	    # might have backslashes under Windows, which causes no end
	    # of trouble.
	    createAndExecute $file
	    list {}
	
.... Test generated KNOWN error:
    while executing
ptolemy.kernel.util.IllegalActionException: Found a zero delay loop containing .dependencyLoop2.original
  in .dependencyLoop2 and .dependencyLoop2.original
	at ptolemy.actor.util.CausalityInterfaceForComposites._computeOutputPortDepth(CausalityInterfaceForComposites.java:759)
	at ptolemy.actor.util.CausalityInterfaceForComposites._computeInputDepth(CausalityInterfaceForComposites.java:696)
	at ptolemy.actor.util.CausalityInterfaceForComposites._computeOutputPortDepth(CausalityInterfaceForComposites.java:765)
	at ptolemy.actor.util.CausalityInterfaceForComposites._computeInputDepth(CausalityInterfaceForComposites.java:696)
	at ptolemy.actor.util.CausalityInterfaceForComposites._computeOutputPortDepth(CausalityInterfaceForComposites.java:765)
	at ptolemy.actor.util.CausalityInterfaceForComposites._computeInputDepth(CausalityInterfaceForComposites.java:696)
	at ptolemy.actor.util.CausalityInterfaceForComposites._computeActorDepth(CausalityInterfaceForComposites.java:532)
	at ptolemy.actor.util.CausalityInterfaceForComposites.checkForCycles(CausalityInterfaceForComposites.java:96)
	at ptolemy.domains.de.kernel.DEDirector.preinitialize(DEDirector.java:1338)
	at ptolemy.actor.CompositeActor.preinitialize(CompositeActor.java:1828)
	at ptolemy.actor.Manager.preinitializeAndResolveTypes(Manager.java:1040)
	at ptolemy.actor.Manager.initialize(Manager.java:710)
	at ptolemy.actor.Manager.execute(Manager.java:356)
	at ptolemy.actor.Manager.run(Manager.java:1263)
	at ptolemy.actor.Manager$PtolemyRunThread.run(Manager.java:1915)

    while executing
ptolemy.kernel.util.IllegalActionException: Found a zero delay loop containing .dependencyLoop2.original
  in .dependencyLoop2 and .dependencyLoop2.original
    while executing
"java::new ptolemy.moml.MoMLSimpleApplication $file
"
    (procedure "createAndExecute" line 2)
    invoked from within
"createAndExecute $file"
    ("uplevel" body line 5)
    invoked from within
"uplevel $contents_of_test"
------------------ testing $PTII/ptolemy/domains/de/test/auto/knownFailedTests/DESDFClockTest.xml (Known Failure) 
2064 ms. Memory: 160768K Free: 112564K (70%)


==== $PTIIhome/travis/build/icyphy/ptII/ptolemy/domains/de/test/../../../../: Auto Automatic test in file $PTII/ptolemy/domains/de/test/auto/knownFailedTests/DESDFClockTest.xml
==== Contents of test case:

	    # FIXME: we should use $relativeFilename here, but it
	    # might have backslashes under Windows, which causes no end
	    # of trouble.
	    createAndExecute $file
	    list {}
	
.... Test generated KNOWN error:
    while executing
ptolemy.kernel.util.IllegalActionException: Actor is not ready to fire.  Perhaps UpSample.prefire() returned false? Try debugging the actor by selecting "Listen to Actor".  Also, for SDF check moml for tokenConsumptionRate on input.
  in .DESDFClockTest.Play Bell.Copy1:SDF Director and .DESDFClockTest.Play Bell.UpSample
	at ptolemy.actor.sched.StaticSchedulingDirector.fire(StaticSchedulingDirector.java:227)
	at ptolemy.domains.sdf.kernel.SDFDirector.fire(SDFDirector.java:500)
	at ptolemy.actor.CompositeActor.fire(CompositeActor.java:455)
	at ptolemy.domains.de.kernel.DEDirector._fire(DEDirector.java:1949)
	at ptolemy.domains.de.kernel.DEDirector.fire(DEDirector.java:502)
	at ptolemy.actor.CompositeActor.fire(CompositeActor.java:455)
	at ptolemy.actor.Manager.iterate(Manager.java:851)
	at ptolemy.actor.Manager.execute(Manager.java:369)
	at ptolemy.actor.Manager.run(Manager.java:1263)
	at ptolemy.actor.Manager$PtolemyRunThread.run(Manager.java:1915)

    while executing
ptolemy.kernel.util.IllegalActionException: Actor is not ready to fire.  Perhaps UpSample.prefire() returned false? Try debugging the actor by selecting "Listen to Actor".  Also, for SDF check moml for tokenConsumptionRate on input.
  in .DESDFClockTest.Play Bell.Copy1:SDF Director and .DESDFClockTest.Play Bell.UpSample
    while executing
"java::new ptolemy.moml.MoMLSimpleApplication $file
"
    (procedure "createAndExecute" line 2)
    invoked from within
"createAndExecute $file"
    ("uplevel" body line 5)
    invoked from within
"uplevel $contents_of_test"
------------------ testing $PTII/ptolemy/domains/de/test/auto/ActorDepthCalculation_actorWithoutPorts.xml
auto.tcl: Setting watchdog for 200 seconds at Sat Jun 29 04:41:31 UTC 2019
4 ms. Memory: 160768K Free: 105342K (66%)
ptolemy.util.test.WatchDog.cancel(): canceling Sat Jun 29 04:41:31 UTC 2019
auto.tcl: Setting watchdog for 200 seconds at Sat Jun 29 04:41:31 UTC 2019
4 ms. Memory: 160768K Free: 104313K (65%)
ptolemy.util.test.WatchDog.cancel(): canceling Sat Jun 29 04:41:31 UTC 2019
------------------ testing $PTII/ptolemy/domains/de/test/auto/AssemblyLine.xml
auto.tcl: Setting watchdog for 200 seconds at Sat Jun 29 04:41:32 UTC 2019
9 ms. Memory: 48128K Free: 26638K (55%)
ptolemy.util.test.WatchDog.cancel(): canceling Sat Jun 29 04:41:32 UTC 2019
auto.tcl: Setting watchdog for 200 seconds at Sat Jun 29 04:41:32 UTC 2019
7 ms. Memory: 48128K Free: 25929K (54%)
ptolemy.util.test.WatchDog.cancel(): canceling Sat Jun 29 04:41:32 UTC 2019
------------------ testing $PTII/ptolemy/domains/de/test/auto/CQBug1.xml
auto.tcl: Setting watchdog for 200 seconds at Sat Jun 29 04:41:32 UTC 2019
3 ms. Memory: 48128K Free: 32120K (67%)
ptolemy.util.test.WatchDog.cancel(): canceling Sat Jun 29 04:41:32 UTC 2019
auto.tcl: Setting watchdog for 200 seconds at Sat Jun 29 04:41:32 UTC 2019
2 ms. Memory: 48128K Free: 31774K (66%)
ptolemy.util.test.WatchDog.cancel(): canceling Sat Jun 29 04:41:32 UTC 2019
------------------ testing $PTII/ptolemy/domains/de/test/auto/CancelFireAt.xml
auto.tcl: Setting watchdog for 200 seconds at Sat Jun 29 04:41:32 UTC 2019
3 ms. Memory: 48128K Free: 33083K (69%)
ptolemy.util.test.WatchDog.cancel(): canceling Sat Jun 29 04:41:32 UTC 2019
auto.tcl: Setting watchdog for 200 seconds at Sat Jun 29 04:41:32 UTC 2019
2 ms. Memory: 48128K Free: 32721K (68%)
ptolemy.util.test.WatchDog.cancel(): canceling Sat Jun 29 04:41:32 UTC 2019
------------------ testing $PTII/ptolemy/domains/de/test/auto/CausalityAndComposabilityAnalysis.xml
auto.tcl: Setting watchdog for 200 seconds at Sat Jun 29 04:41:32 UTC 2019
6 ms. Memory: 45056K Free: 28203K (63%)
ptolemy.util.test.WatchDog.cancel(): canceling Sat Jun 29 04:41:32 UTC 2019
auto.tcl: Setting watchdog for 200 seconds at Sat Jun 29 04:41:32 UTC 2019
5 ms. Memory: 45056K Free: 27560K (61%)
ptolemy.util.test.WatchDog.cancel(): canceling Sat Jun 29 04:41:32 UTC 2019
------------------ testing $PTII/ptolemy/domains/de/test/auto/CausalityInterface1.xml
auto.tcl: Setting watchdog for 200 seconds at Sat Jun 29 04:41:32 UTC 2019
34 ms. Memory: 45056K Free: 26773K (59%)
ptolemy.util.test.WatchDog.cancel(): canceling Sat Jun 29 04:41:32 UTC 2019
auto.tcl: Setting watchdog for 200 seconds at Sat Jun 29 04:41:32 UTC 2019
4 ms. Memory: 45056K Free: 25968K (58%)
ptolemy.util.test.WatchDog.cancel(): canceling Sat Jun 29 04:41:32 UTC 2019
------------------ testing $PTII/ptolemy/domains/de/test/auto/CausalityInterface15.xml
auto.tcl: Setting watchdog for 200 seconds at Sat Jun 29 04:41:32 UTC 2019
9 ms. Memory: 45056K Free: 27092K (60%)
ptolemy.util.test.WatchDog.cancel(): canceling Sat Jun 29 04:41:32 UTC 2019
auto.tcl: Setting watchdog for 200 seconds at Sat Jun 29 04:41:32 UTC 2019
4 ms. Memory: 45056K Free: 25926K (58%)
ptolemy.util.test.WatchDog.cancel(): canceling Sat Jun 29 04:41:32 UTC 2019
------------------ testing $PTII/ptolemy/domains/de/test/auto/CausalityInterface2.xml
auto.tcl: Setting watchdog for 200 seconds at Sat Jun 29 04:41:32 UTC 2019
6 ms. Memory: 45056K Free: 27445K (61%)
ptolemy.util.test.WatchDog.cancel(): canceling Sat Jun 29 04:41:32 UTC 2019
auto.tcl: Setting watchdog for 200 seconds at Sat Jun 29 04:41:32 UTC 2019
3 ms. Memory: 45056K Free: 26919K (60%)
ptolemy.util.test.WatchDog.cancel(): canceling Sat Jun 29 04:41:32 UTC 2019
------------------ testing $PTII/ptolemy/domains/de/test/auto/CausalityInterface3.xml
auto.tcl: Setting watchdog for 200 seconds at Sat Jun 29 04:41:32 UTC 2019
3 ms. Memory: 45056K Free: 27276K (61%)
ptolemy.util.test.WatchDog.cancel(): canceling Sat Jun 29 04:41:32 UTC 2019
auto.tcl: Setting watchdog for 200 seconds at Sat Jun 29 04:41:32 UTC 2019
6 ms. Memory: 45056K Free: 26450K (59%)
ptolemy.util.test.WatchDog.cancel(): canceling Sat Jun 29 04:41:32 UTC 2019
------------------ testing $PTII/ptolemy/domains/de/test/auto/ClockDrift.xml
auto.tcl: Setting watchdog for 200 seconds at Sat Jun 29 04:41:32 UTC 2019
75 ms. Memory: 45056K Free: 19725K (44%)
ptolemy.util.test.WatchDog.cancel(): canceling Sat Jun 29 04:41:33 UTC 2019
auto.tcl: Setting watchdog for 200 seconds at Sat Jun 29 04:41:33 UTC 2019
61 ms. Memory: 45056K Free: 16725K (37%)
ptolemy.util.test.WatchDog.cancel(): canceling Sat Jun 29 04:41:33 UTC 2019
------------------ testing $PTII/ptolemy/domains/de/test/auto/ClockDriftAndValueChange.xml
auto.tcl: Setting watchdog for 200 seconds at Sat Jun 29 04:41:33 UTC 2019
38 ms. Memory: 45056K Free: 20227K (45%)
ptolemy.util.test.WatchDog.cancel(): canceling Sat Jun 29 04:41:33 UTC 2019
auto.tcl: Setting watchdog for 200 seconds at Sat Jun 29 04:41:33 UTC 2019
20 ms. Memory: 45056K Free: 17305K (38%)
ptolemy.util.test.WatchDog.cancel(): canceling Sat Jun 29 04:41:33 UTC 2019
------------------ testing $PTII/ptolemy/domains/de/test/auto/ClockDriftChange.xml
auto.tcl: Setting watchdog for 200 seconds at Sat Jun 29 04:41:33 UTC 2019
18 ms. Memory: 45056K Free: 21791K (48%)
ptolemy.util.test.WatchDog.cancel(): canceling Sat Jun 29 04:41:33 UTC 2019
auto.tcl: Setting watchdog for 200 seconds at Sat Jun 29 04:41:33 UTC 2019
25 ms. Memory: 45056K Free: 19015K (42%)
ptolemy.util.test.WatchDog.cancel(): canceling Sat Jun 29 04:41:33 UTC 2019
------------------ testing $PTII/ptolemy/domains/de/test/auto/ComposableCausalityAnalysis.xml
auto.tcl: Setting watchdog for 200 seconds at Sat Jun 29 04:41:33 UTC 2019
2 ms. Memory: 45056K Free: 26273K (58%)
ptolemy.util.test.WatchDog.cancel(): canceling Sat Jun 29 04:41:33 UTC 2019
auto.tcl: Setting watchdog for 200 seconds at Sat Jun 29 04:41:33 UTC 2019
4 ms. Memory: 45056K Free: 25470K (57%)
ptolemy.util.test.WatchDog.cancel(): canceling Sat Jun 29 04:41:33 UTC 2019
------------------ testing $PTII/ptolemy/domains/de/test/auto/DEFixedPointLimitation.xml
auto.tcl: Setting watchdog for 200 seconds at Sat Jun 29 04:41:33 UTC 2019
3 ms. Memory: 45056K Free: 27761K (62%)
ptolemy.util.test.WatchDog.cancel(): canceling Sat Jun 29 04:41:33 UTC 2019
auto.tcl: Setting watchdog for 200 seconds at Sat Jun 29 04:41:33 UTC 2019
2 ms. Memory: 45056K Free: 26904K (60%)
ptolemy.util.test.WatchDog.cancel(): canceling Sat Jun 29 04:41:33 UTC 2019
------------------ testing $PTII/ptolemy/domains/de/test/auto/DEScheduleTest.xml
auto.tcl: Setting watchdog for 200 seconds at Sat Jun 29 04:41:33 UTC 2019
5 ms. Memory: 45056K Free: 28084K (62%)
ptolemy.util.test.WatchDog.cancel(): canceling Sat Jun 29 04:41:33 UTC 2019
auto.tcl: Setting watchdog for 200 seconds at Sat Jun 29 04:41:33 UTC 2019
3 ms. Memory: 45056K Free: 27260K (61%)
ptolemy.util.test.WatchDog.cancel(): canceling Sat Jun 29 04:41:33 UTC 2019
------------------ testing $PTII/ptolemy/domains/de/test/auto/DEinDEwithStartTimes.xml
auto.tcl: Setting watchdog for 200 seconds at Sat Jun 29 04:41:33 UTC 2019
3 ms. Memory: 45056K Free: 26337K (58%)
ptolemy.util.test.WatchDog.cancel(): canceling Sat Jun 29 04:41:33 UTC 2019
auto.tcl: Setting watchdog for 200 seconds at Sat Jun 29 04:41:33 UTC 2019
3 ms. Memory: 45056K Free: 25213K (56%)
ptolemy.util.test.WatchDog.cancel(): canceling Sat Jun 29 04:41:33 UTC 2019
------------------ testing $PTII/ptolemy/domains/de/test/auto/DEinDEwithStartTimes2.xml
auto.tcl: Setting watchdog for 200 seconds at Sat Jun 29 04:41:33 UTC 2019
5 ms. Memory: 45056K Free: 25482K (57%)
ptolemy.util.test.WatchDog.cancel(): canceling Sat Jun 29 04:41:33 UTC 2019
auto.tcl: Setting watchdog for 200 seconds at Sat Jun 29 04:41:33 UTC 2019
4 ms. Memory: 45056K Free: 24182K (54%)
ptolemy.util.test.WatchDog.cancel(): canceling Sat Jun 29 04:41:33 UTC 2019
------------------ testing $PTII/ptolemy/domains/de/test/auto/DateDemo.xml
auto.tcl: Setting watchdog for 200 seconds at Sat Jun 29 04:41:33 UTC 2019
14 ms. Memory: 45056K Free: 20228K (45%)
ptolemy.util.test.WatchDog.cancel(): canceling Sat Jun 29 04:41:33 UTC 2019
auto.tcl: Setting watchdog for 200 seconds at Sat Jun 29 04:41:33 UTC 2019
8 ms. Memory: 45056K Free: 18652K (41%)
ptolemy.util.test.WatchDog.cancel(): canceling Sat Jun 29 04:41:33 UTC 2019
------------------ testing $PTII/ptolemy/domains/de/test/auto/DateToEvent.xml
auto.tcl: Setting watchdog for 200 seconds at Sat Jun 29 04:41:34 UTC 2019
2021 ms. Memory: 45056K Free: 15742K (35%)
ptolemy.util.test.WatchDog.cancel(): canceling Sat Jun 29 04:41:36 UTC 2019
auto.tcl: Setting watchdog for 200 seconds at Sat Jun 29 04:41:36 UTC 2019
2013 ms. Memory: 45056K Free: 15068K (33%)
ptolemy.util.test.WatchDog.cancel(): canceling Sat Jun 29 04:41:38 UTC 2019
------------------ testing $PTII/ptolemy/domains/de/test/auto/DepthTest1.xml
auto.tcl: Setting watchdog for 200 seconds at Sat Jun 29 04:41:38 UTC 2019
4 ms. Memory: 45056K Free: 28829K (64%)
ptolemy.util.test.WatchDog.cancel(): canceling Sat Jun 29 04:41:38 UTC 2019
auto.tcl: Setting watchdog for 200 seconds at Sat Jun 29 04:41:38 UTC 2019
2 ms. Memory: 45056K Free: 28502K (63%)
ptolemy.util.test.WatchDog.cancel(): canceling Sat Jun 29 04:41:38 UTC 2019
------------------ testing $PTII/ptolemy/domains/de/test/auto/DepthTest2.xml
auto.tcl: Setting watchdog for 200 seconds at Sat Jun 29 04:41:38 UTC 2019
4 ms. Memory: 45056K Free: 25762K (57%)
ptolemy.util.test.WatchDog.cancel(): canceling Sat Jun 29 04:41:38 UTC 2019
auto.tcl: Setting watchdog for 200 seconds at Sat Jun 29 04:41:38 UTC 2019
3 ms. Memory: 45056K Free: 25155K (56%)
ptolemy.util.test.WatchDog.cancel(): canceling Sat Jun 29 04:41:38 UTC 2019
------------------ testing $PTII/ptolemy/domains/de/test/auto/DepthTest3.xml
auto.tcl: Setting watchdog for 200 seconds at Sat Jun 29 04:41:38 UTC 2019
2 ms. Memory: 45056K Free: 29257K (65%)
ptolemy.util.test.WatchDog.cancel(): canceling Sat Jun 29 04:41:38 UTC 2019
auto.tcl: Setting watchdog for 200 seconds at Sat Jun 29 04:41:38 UTC 2019
3 ms. Memory: 45056K Free: 28825K (64%)
ptolemy.util.test.WatchDog.cancel(): canceling Sat Jun 29 04:41:38 UTC 2019
------------------ testing $PTII/ptolemy/domains/de/test/auto/DepthTest4.xml
auto.tcl: Setting watchdog for 200 seconds at Sat Jun 29 04:41:38 UTC 2019
6 ms. Memory: 45056K Free: 27427K (61%)
ptolemy.util.test.WatchDog.cancel(): canceling Sat Jun 29 04:41:38 UTC 2019
auto.tcl: Setting watchdog for 200 seconds at Sat Jun 29 04:41:38 UTC 2019
2 ms. Memory: 45056K Free: 26504K (59%)
ptolemy.util.test.WatchDog.cancel(): canceling Sat Jun 29 04:41:38 UTC 2019
------------------ testing $PTII/ptolemy/domains/de/test/auto/DepthTest5.xml
auto.tcl: Setting watchdog for 200 seconds at Sat Jun 29 04:41:38 UTC 2019
4 ms. Memory: 45056K Free: 26754K (59%)
ptolemy.util.test.WatchDog.cancel(): canceling Sat Jun 29 04:41:38 UTC 2019
auto.tcl: Setting watchdog for 200 seconds at Sat Jun 29 04:41:38 UTC 2019
3 ms. Memory: 45056K Free: 26117K (58%)
ptolemy.util.test.WatchDog.cancel(): canceling Sat Jun 29 04:41:38 UTC 2019
------------------ testing $PTII/ptolemy/domains/de/test/auto/DepthTest6.xml
auto.tcl: Setting watchdog for 200 seconds at Sat Jun 29 04:41:38 UTC 2019
4 ms. Memory: 45056K Free: 26678K (59%)
ptolemy.util.test.WatchDog.cancel(): canceling Sat Jun 29 04:41:38 UTC 2019
auto.tcl: Setting watchdog for 200 seconds at Sat Jun 29 04:41:38 UTC 2019
3 ms. Memory: 45056K Free: 26095K (58%)
ptolemy.util.test.WatchDog.cancel(): canceling Sat Jun 29 04:41:38 UTC 2019
------------------ testing $PTII/ptolemy/domains/de/test/auto/DepthTest7.xml
auto.tcl: Setting watchdog for 200 seconds at Sat Jun 29 04:41:38 UTC 2019
3 ms. Memory: 45056K Free: 27329K (61%)
ptolemy.util.test.WatchDog.cancel(): canceling Sat Jun 29 04:41:38 UTC 2019
auto.tcl: Setting watchdog for 200 seconds at Sat Jun 29 04:41:38 UTC 2019
2 ms. Memory: 45056K Free: 26436K (59%)
ptolemy.util.test.WatchDog.cancel(): canceling Sat Jun 29 04:41:38 UTC 2019
------------------ testing $PTII/ptolemy/domains/de/test/auto/EventToDate.xml
auto.tcl: Setting watchdog for 200 seconds at Sat Jun 29 04:41:38 UTC 2019
3011 ms. Memory: 45056K Free: 18020K (40%)
ptolemy.util.test.WatchDog.cancel(): canceling Sat Jun 29 04:41:41 UTC 2019
auto.tcl: Setting watchdog for 200 seconds at Sat Jun 29 04:41:41 UTC 2019
3004 ms. Memory: 45056K Free: 17265K (38%)
ptolemy.util.test.WatchDog.cancel(): canceling Sat Jun 29 04:41:44 UTC 2019
------------------ testing $PTII/ptolemy/domains/de/test/auto/FSM1.xml
auto.tcl: Setting watchdog for 200 seconds at Sat Jun 29 04:41:44 UTC 2019
29 ms. Memory: 45056K Free: 19443K (43%)
ptolemy.util.test.WatchDog.cancel(): canceling Sat Jun 29 04:41:44 UTC 2019
auto.tcl: Setting watchdog for 200 seconds at Sat Jun 29 04:41:44 UTC 2019
24 ms. Memory: 45056K Free: 15917K (35%)
ptolemy.util.test.WatchDog.cancel(): canceling Sat Jun 29 04:41:44 UTC 2019
------------------ testing $PTII/ptolemy/domains/de/test/auto/FSM7.xml
auto.tcl: Setting watchdog for 200 seconds at Sat Jun 29 04:41:44 UTC 2019
26 ms. Memory: 45056K Free: 19222K (43%)
ptolemy.util.test.WatchDog.cancel(): canceling Sat Jun 29 04:41:44 UTC 2019
auto.tcl: Setting watchdog for 200 seconds at Sat Jun 29 04:41:44 UTC 2019
24 ms. Memory: 45056K Free: 16129K (36%)
ptolemy.util.test.WatchDog.cancel(): canceling Sat Jun 29 04:41:45 UTC 2019
------------------ testing $PTII/ptolemy/domains/de/test/auto/Inspection.xml
auto.tcl: Setting watchdog for 200 seconds at Sat Jun 29 04:41:45 UTC 2019
38 ms. Memory: 45056K Free: 19293K (43%)
ptolemy.util.test.WatchDog.cancel(): canceling Sat Jun 29 04:41:45 UTC 2019
auto.tcl: Setting watchdog for 200 seconds at Sat Jun 29 04:41:45 UTC 2019
31 ms. Memory: 45056K Free: 17502K (39%)
ptolemy.util.test.WatchDog.cancel(): canceling Sat Jun 29 04:41:45 UTC 2019
------------------ testing $PTII/ptolemy/domains/de/test/auto/Iteration.xml
auto.tcl: Setting watchdog for 200 seconds at Sat Jun 29 04:41:45 UTC 2019
9 ms. Memory: 45056K Free: 25064K (56%)
ptolemy.util.test.WatchDog.cancel(): canceling Sat Jun 29 04:41:45 UTC 2019
auto.tcl: Setting watchdog for 200 seconds at Sat Jun 29 04:41:45 UTC 2019
7 ms. Memory: 45056K Free: 23977K (53%)
ptolemy.util.test.WatchDog.cancel(): canceling Sat Jun 29 04:41:45 UTC 2019
------------------ testing $PTII/ptolemy/domains/de/test/auto/LineFault.xml
auto.tcl: Setting watchdog for 200 seconds at Sat Jun 29 04:41:45 UTC 2019
662 ms. Memory: 45056K Free: 23540K (52%)
ptolemy.util.test.WatchDog.cancel(): canceling Sat Jun 29 04:41:46 UTC 2019
auto.tcl: Setting watchdog for 200 seconds at Sat Jun 29 04:41:46 UTC 2019
715 ms. Memory: 57344K Free: 20747K (36%)
ptolemy.util.test.WatchDog.cancel(): canceling Sat Jun 29 04:41:46 UTC 2019
------------------ testing $PTII/ptolemy/domains/de/test/auto/MergeModel1Add.xml
auto.tcl: Setting watchdog for 200 seconds at Sat Jun 29 04:41:46 UTC 2019
30 ms. Memory: 51200K Free: 17560K (34%)
ptolemy.util.test.WatchDog.cancel(): canceling Sat Jun 29 04:41:47 UTC 2019
auto.tcl: Setting watchdog for 200 seconds at Sat Jun 29 04:41:47 UTC 2019
15 ms. Memory: 51200K Free: 15864K (31%)
ptolemy.util.test.WatchDog.cancel(): canceling Sat Jun 29 04:41:47 UTC 2019
------------------ testing $PTII/ptolemy/domains/de/test/auto/MergeModel2Add.xml
auto.tcl: Setting watchdog for 200 seconds at Sat Jun 29 04:41:47 UTC 2019
8 ms. Memory: 45056K Free: 13445K (30%)
ptolemy.util.test.WatchDog.cancel(): canceling Sat Jun 29 04:41:47 UTC 2019
auto.tcl: Setting watchdog for 200 seconds at Sat Jun 29 04:41:47 UTC 2019
8 ms. Memory: 45056K Free: 12067K (27%)
ptolemy.util.test.WatchDog.cancel(): canceling Sat Jun 29 04:41:47 UTC 2019
------------------ testing $PTII/ptolemy/domains/de/test/auto/MergeModel3Add.xml
auto.tcl: Setting watchdog for 200 seconds at Sat Jun 29 04:41:47 UTC 2019
9 ms. Memory: 45056K Free: 13028K (29%)
ptolemy.util.test.WatchDog.cancel(): canceling Sat Jun 29 04:41:47 UTC 2019
auto.tcl: Setting watchdog for 200 seconds at Sat Jun 29 04:41:47 UTC 2019
10 ms. Memory: 45056K Free: 11716K (26%)
ptolemy.util.test.WatchDog.cancel(): canceling Sat Jun 29 04:41:47 UTC 2019
------------------ testing $PTII/ptolemy/domains/de/test/auto/MergeWithoutDiscard.xml
auto.tcl: Setting watchdog for 200 seconds at Sat Jun 29 04:41:47 UTC 2019
2 ms. Memory: 45056K Free: 27581K (61%)
ptolemy.util.test.WatchDog.cancel(): canceling Sat Jun 29 04:41:47 UTC 2019
auto.tcl: Setting watchdog for 200 seconds at Sat Jun 29 04:41:47 UTC 2019
2 ms. Memory: 45056K Free: 27203K (60%)
ptolemy.util.test.WatchDog.cancel(): canceling Sat Jun 29 04:41:47 UTC 2019
------------------ testing $PTII/ptolemy/domains/de/test/auto/Modal1.xml
auto.tcl: Setting watchdog for 200 seconds at Sat Jun 29 04:41:47 UTC 2019
12 ms. Memory: 45056K Free: 19494K (43%)
ptolemy.util.test.WatchDog.cancel(): canceling Sat Jun 29 04:41:47 UTC 2019
auto.tcl: Setting watchdog for 200 seconds at Sat Jun 29 04:41:47 UTC 2019
18 ms. Memory: 45056K Free: 16062K (36%)
ptolemy.util.test.WatchDog.cancel(): canceling Sat Jun 29 04:41:47 UTC 2019
------------------ testing $PTII/ptolemy/domains/de/test/auto/Modal2.xml
auto.tcl: Setting watchdog for 200 seconds at Sat Jun 29 04:41:47 UTC 2019
16 ms. Memory: 45056K Free: 19562K (43%)
ptolemy.util.test.WatchDog.cancel(): canceling Sat Jun 29 04:41:47 UTC 2019
auto.tcl: Setting watchdog for 200 seconds at Sat Jun 29 04:41:47 UTC 2019
22 ms. Memory: 45056K Free: 16364K (36%)
ptolemy.util.test.WatchDog.cancel(): canceling Sat Jun 29 04:41:47 UTC 2019
------------------ testing $PTII/ptolemy/domains/de/test/auto/Modal3.xml
auto.tcl: Setting watchdog for 200 seconds at Sat Jun 29 04:41:47 UTC 2019
14 ms. Memory: 45056K Free: 19561K (43%)
ptolemy.util.test.WatchDog.cancel(): canceling Sat Jun 29 04:41:47 UTC 2019
auto.tcl: Setting watchdog for 200 seconds at Sat Jun 29 04:41:47 UTC 2019
16 ms. Memory: 45056K Free: 16011K (36%)
ptolemy.util.test.WatchDog.cancel(): canceling Sat Jun 29 04:41:47 UTC 2019
------------------ testing $PTII/ptolemy/domains/de/test/auto/Modal4.xml
auto.tcl: Setting watchdog for 200 seconds at Sat Jun 29 04:41:47 UTC 2019
23 ms. Memory: 45056K Free: 18329K (41%)
ptolemy.util.test.WatchDog.cancel(): canceling Sat Jun 29 04:41:47 UTC 2019
auto.tcl: Setting watchdog for 200 seconds at Sat Jun 29 04:41:47 UTC 2019
17 ms. Memory: 45056K Free: 14330K (32%)
ptolemy.util.test.WatchDog.cancel(): canceling Sat Jun 29 04:41:47 UTC 2019
------------------ testing $PTII/ptolemy/domains/de/test/auto/Modal5.xml
auto.tcl: Setting watchdog for 200 seconds at Sat Jun 29 04:41:47 UTC 2019
13 ms. Memory: 45056K Free: 18520K (41%)
ptolemy.util.test.WatchDog.cancel(): canceling Sat Jun 29 04:41:47 UTC 2019
auto.tcl: Setting watchdog for 200 seconds at Sat Jun 29 04:41:47 UTC 2019
13 ms. Memory: 45056K Free: 14645K (33%)
ptolemy.util.test.WatchDog.cancel(): canceling Sat Jun 29 04:41:47 UTC 2019
------------------ testing $PTII/ptolemy/domains/de/test/auto/Modal6.xml
auto.tcl: Setting watchdog for 200 seconds at Sat Jun 29 04:41:48 UTC 2019
18 ms. Memory: 45056K Free: 19329K (43%)
ptolemy.util.test.WatchDog.cancel(): canceling Sat Jun 29 04:41:48 UTC 2019
auto.tcl: Setting watchdog for 200 seconds at Sat Jun 29 04:41:48 UTC 2019
15 ms. Memory: 45056K Free: 15667K (35%)
ptolemy.util.test.WatchDog.cancel(): canceling Sat Jun 29 04:41:48 UTC 2019
------------------ testing $PTII/ptolemy/domains/de/test/auto/Modal7.xml
auto.tcl: Setting watchdog for 200 seconds at Sat Jun 29 04:41:48 UTC 2019
11 ms. Memory: 45056K Free: 18329K (41%)
ptolemy.util.test.WatchDog.cancel(): canceling Sat Jun 29 04:41:48 UTC 2019
auto.tcl: Setting watchdog for 200 seconds at Sat Jun 29 04:41:48 UTC 2019
10 ms. Memory: 45056K Free: 14716K (33%)
ptolemy.util.test.WatchDog.cancel(): canceling Sat Jun 29 04:41:48 UTC 2019
------------------ testing $PTII/ptolemy/domains/de/test/auto/ModalModel.xml
auto.tcl: Setting watchdog for 200 seconds at Sat Jun 29 04:41:48 UTC 2019
217 ms. Memory: 58368K Free: 35898K (62%)
ptolemy.util.test.WatchDog.cancel(): canceling Sat Jun 29 04:41:48 UTC 2019
auto.tcl: Setting watchdog for 200 seconds at Sat Jun 29 04:41:48 UTC 2019
212 ms. Memory: 58368K Free: 29285K (50%)
ptolemy.util.test.WatchDog.cancel(): canceling Sat Jun 29 04:41:48 UTC 2019
------------------ testing $PTII/ptolemy/domains/de/test/auto/ModalSource.xml
auto.tcl: Setting watchdog for 200 seconds at Sat Jun 29 04:41:48 UTC 2019
6 ms. Memory: 48128K Free: 26432K (55%)
ptolemy.util.test.WatchDog.cancel(): canceling Sat Jun 29 04:41:48 UTC 2019
auto.tcl: Setting watchdog for 200 seconds at Sat Jun 29 04:41:48 UTC 2019
6 ms. Memory: 48128K Free: 24342K (51%)
ptolemy.util.test.WatchDog.cancel(): canceling Sat Jun 29 04:41:48 UTC 2019
------------------ testing $PTII/ptolemy/domains/de/test/auto/NonInterruptibleTimerZeroDelay.xml
auto.tcl: Setting watchdog for 200 seconds at Sat Jun 29 04:41:48 UTC 2019
4 ms. Memory: 48128K Free: 31364K (65%)
ptolemy.util.test.WatchDog.cancel(): canceling Sat Jun 29 04:41:48 UTC 2019
auto.tcl: Setting watchdog for 200 seconds at Sat Jun 29 04:41:48 UTC 2019
2 ms. Memory: 48128K Free: 30657K (64%)
ptolemy.util.test.WatchDog.cancel(): canceling Sat Jun 29 04:41:48 UTC 2019
------------------ testing $PTII/ptolemy/domains/de/test/auto/OpenQueueingNetwork.xml
auto.tcl: Setting watchdog for 200 seconds at Sat Jun 29 04:41:48 UTC 2019
3374 ms. Memory: 120832K Free: 88345K (73%)
ptolemy.util.test.WatchDog.cancel(): canceling Sat Jun 29 04:41:52 UTC 2019
auto.tcl: Setting watchdog for 200 seconds at Sat Jun 29 04:41:52 UTC 2019
3058 ms. Memory: 145408K Free: 97502K (67%)
ptolemy.util.test.WatchDog.cancel(): canceling Sat Jun 29 04:41:55 UTC 2019
------------------ testing $PTII/ptolemy/domains/de/test/auto/OpenQueuingNetwork.xml
auto.tcl: Setting watchdog for 200 seconds at Sat Jun 29 04:41:55 UTC 2019
297 ms. Memory: 51200K Free: 15560K (30%)
ptolemy.util.test.WatchDog.cancel(): canceling Sat Jun 29 04:41:55 UTC 2019
auto.tcl: Setting watchdog for 200 seconds at Sat Jun 29 04:41:55 UTC 2019
285 ms. Memory: 51200K Free: 19230K (38%)
ptolemy.util.test.WatchDog.cancel(): canceling Sat Jun 29 04:41:56 UTC 2019
------------------ testing $PTII/ptolemy/domains/de/test/auto/PeriodicSampler.xml
auto.tcl: Setting watchdog for 200 seconds at Sat Jun 29 04:41:56 UTC 2019
3 ms. Memory: 48128K Free: 30531K (63%)
ptolemy.util.test.WatchDog.cancel(): canceling Sat Jun 29 04:41:56 UTC 2019
auto.tcl: Setting watchdog for 200 seconds at Sat Jun 29 04:41:56 UTC 2019
2 ms. Memory: 48128K Free: 30057K (62%)
ptolemy.util.test.WatchDog.cancel(): canceling Sat Jun 29 04:41:56 UTC 2019
------------------ testing $PTII/ptolemy/domains/de/test/auto/PersistentIO.xml
auto.tcl: Setting watchdog for 200 seconds at Sat Jun 29 04:41:56 UTC 2019
7 ms. Memory: 48128K Free: 25456K (53%)
ptolemy.util.test.WatchDog.cancel(): canceling Sat Jun 29 04:41:56 UTC 2019
auto.tcl: Setting watchdog for 200 seconds at Sat Jun 29 04:41:56 UTC 2019
8 ms. Memory: 48128K Free: 23994K (50%)
ptolemy.util.test.WatchDog.cancel(): canceling Sat Jun 29 04:41:56 UTC 2019
------------------ testing $PTII/ptolemy/domains/de/test/auto/PortParameterResetOnInitialize.xml
auto.tcl: Setting watchdog for 200 seconds at Sat Jun 29 04:41:56 UTC 2019
2 ms. Memory: 48128K Free: 30424K (63%)
ptolemy.util.test.WatchDog.cancel(): canceling Sat Jun 29 04:41:56 UTC 2019
auto.tcl: Setting watchdog for 200 seconds at Sat Jun 29 04:41:56 UTC 2019
1 ms. Memory: 48128K Free: 29944K (62%)
ptolemy.util.test.WatchDog.cancel(): canceling Sat Jun 29 04:41:56 UTC 2019
------------------ testing $PTII/ptolemy/domains/de/test/auto/PortParameterUpdates.xml
auto.tcl: Setting watchdog for 200 seconds at Sat Jun 29 04:41:56 UTC 2019
11 ms. Memory: 48128K Free: 28784K (60%)
ptolemy.util.test.WatchDog.cancel(): canceling Sat Jun 29 04:41:56 UTC 2019
auto.tcl: Setting watchdog for 200 seconds at Sat Jun 29 04:41:56 UTC 2019
4 ms. Memory: 48128K Free: 27568K (57%)
ptolemy.util.test.WatchDog.cancel(): canceling Sat Jun 29 04:41:56 UTC 2019
------------------ testing $PTII/ptolemy/domains/de/test/auto/QueueAndServer.xml
auto.tcl: Setting watchdog for 200 seconds at Sat Jun 29 04:41:56 UTC 2019
6 ms. Memory: 45056K Free: 24663K (55%)
ptolemy.util.test.WatchDog.cancel(): canceling Sat Jun 29 04:41:56 UTC 2019
auto.tcl: Setting watchdog for 200 seconds at Sat Jun 29 04:41:56 UTC 2019
6 ms. Memory: 45056K Free: 22991K (51%)
ptolemy.util.test.WatchDog.cancel(): canceling Sat Jun 29 04:41:56 UTC 2019
------------------ testing $PTII/ptolemy/domains/de/test/auto/Records.xml
auto.tcl: Setting watchdog for 200 seconds at Sat Jun 29 04:41:56 UTC 2019
3 ms. Memory: 45056K Free: 26913K (60%)
ptolemy.util.test.WatchDog.cancel(): canceling Sat Jun 29 04:41:56 UTC 2019
auto.tcl: Setting watchdog for 200 seconds at Sat Jun 29 04:41:56 UTC 2019
2 ms. Memory: 45056K Free: 26462K (59%)
ptolemy.util.test.WatchDog.cancel(): canceling Sat Jun 29 04:41:56 UTC 2019
------------------ testing $PTII/ptolemy/domains/de/test/auto/ResetTransitionWithStartTime1.xml
auto.tcl: Setting watchdog for 200 seconds at Sat Jun 29 04:41:56 UTC 2019
11 ms. Memory: 45056K Free: 23867K (53%)
ptolemy.util.test.WatchDog.cancel(): canceling Sat Jun 29 04:41:56 UTC 2019
auto.tcl: Setting watchdog for 200 seconds at Sat Jun 29 04:41:56 UTC 2019
6 ms. Memory: 45056K Free: 21394K (47%)
ptolemy.util.test.WatchDog.cancel(): canceling Sat Jun 29 04:41:56 UTC 2019
------------------ testing $PTII/ptolemy/domains/de/test/auto/ResetTransitionWithStartTime2.xml
auto.tcl: Setting watchdog for 200 seconds at Sat Jun 29 04:41:56 UTC 2019
5 ms. Memory: 45056K Free: 23824K (53%)
ptolemy.util.test.WatchDog.cancel(): canceling Sat Jun 29 04:41:56 UTC 2019
auto.tcl: Setting watchdog for 200 seconds at Sat Jun 29 04:41:56 UTC 2019
6 ms. Memory: 45056K Free: 21328K (47%)
ptolemy.util.test.WatchDog.cancel(): canceling Sat Jun 29 04:41:56 UTC 2019
------------------ testing $PTII/ptolemy/domains/de/test/auto/ResetTransitionWithStartTime3.xml
auto.tcl: Setting watchdog for 200 seconds at Sat Jun 29 04:41:56 UTC 2019
5 ms. Memory: 45056K Free: 23822K (53%)
ptolemy.util.test.WatchDog.cancel(): canceling Sat Jun 29 04:41:56 UTC 2019
auto.tcl: Setting watchdog for 200 seconds at Sat Jun 29 04:41:56 UTC 2019
6 ms. Memory: 45056K Free: 21317K (47%)
ptolemy.util.test.WatchDog.cancel(): canceling Sat Jun 29 04:41:56 UTC 2019
------------------ testing $PTII/ptolemy/domains/de/test/auto/ResetTransitionWithStartTime4.xml
auto.tcl: Setting watchdog for 200 seconds at Sat Jun 29 04:41:56 UTC 2019
7 ms. Memory: 45056K Free: 24331K (54%)
ptolemy.util.test.WatchDog.cancel(): canceling Sat Jun 29 04:41:56 UTC 2019
auto.tcl: Setting watchdog for 200 seconds at Sat Jun 29 04:41:56 UTC 2019
4 ms. Memory: 45056K Free: 22899K (51%)
ptolemy.util.test.WatchDog.cancel(): canceling Sat Jun 29 04:41:56 UTC 2019
------------------ testing $PTII/ptolemy/domains/de/test/auto/ResettableTimer1.xml
auto.tcl: Setting watchdog for 200 seconds at Sat Jun 29 04:41:57 UTC 2019
2 ms. Memory: 45056K Free: 28099K (62%)
ptolemy.util.test.WatchDog.cancel(): canceling Sat Jun 29 04:41:57 UTC 2019
auto.tcl: Setting watchdog for 200 seconds at Sat Jun 29 04:41:57 UTC 2019
2 ms. Memory: 45056K Free: 27418K (61%)
ptolemy.util.test.WatchDog.cancel(): canceling Sat Jun 29 04:41:57 UTC 2019
------------------ testing $PTII/ptolemy/domains/de/test/auto/ResettableTimer2.xml
auto.tcl: Setting watchdog for 200 seconds at Sat Jun 29 04:41:57 UTC 2019
2 ms. Memory: 45056K Free: 28171K (63%)
ptolemy.util.test.WatchDog.cancel(): canceling Sat Jun 29 04:41:57 UTC 2019
auto.tcl: Setting watchdog for 200 seconds at Sat Jun 29 04:41:57 UTC 2019
1 ms. Memory: 45056K Free: 27063K (60%)
ptolemy.util.test.WatchDog.cancel(): canceling Sat Jun 29 04:41:57 UTC 2019
------------------ testing $PTII/ptolemy/domains/de/test/auto/ResettableTimer3.xml
auto.tcl: Setting watchdog for 200 seconds at Sat Jun 29 04:41:57 UTC 2019
2 ms. Memory: 45056K Free: 28485K (63%)
ptolemy.util.test.WatchDog.cancel(): canceling Sat Jun 29 04:41:57 UTC 2019
auto.tcl: Setting watchdog for 200 seconds at Sat Jun 29 04:41:57 UTC 2019
1 ms. Memory: 45056K Free: 28062K (62%)
ptolemy.util.test.WatchDog.cancel(): canceling Sat Jun 29 04:41:57 UTC 2019
------------------ testing $PTII/ptolemy/domains/de/test/auto/ResettableTimer4.xml
auto.tcl: Setting watchdog for 200 seconds at Sat Jun 29 04:41:57 UTC 2019
1 ms. Memory: 45056K Free: 28478K (63%)
ptolemy.util.test.WatchDog.cancel(): canceling Sat Jun 29 04:41:57 UTC 2019
auto.tcl: Setting watchdog for 200 seconds at Sat Jun 29 04:41:57 UTC 2019
1 ms. Memory: 45056K Free: 28037K (62%)
ptolemy.util.test.WatchDog.cancel(): canceling Sat Jun 29 04:41:57 UTC 2019
------------------ testing $PTII/ptolemy/domains/de/test/auto/ResettableTimer5.xml
auto.tcl: Setting watchdog for 200 seconds at Sat Jun 29 04:41:57 UTC 2019
2 ms. Memory: 45056K Free: 28027K (62%)
ptolemy.util.test.WatchDog.cancel(): canceling Sat Jun 29 04:41:57 UTC 2019
auto.tcl: Setting watchdog for 200 seconds at Sat Jun 29 04:41:57 UTC 2019
1 ms. Memory: 45056K Free: 27519K (61%)
ptolemy.util.test.WatchDog.cancel(): canceling Sat Jun 29 04:41:57 UTC 2019
------------------ testing $PTII/ptolemy/domains/de/test/auto/ResettableTimer6.xml
auto.tcl: Setting watchdog for 200 seconds at Sat Jun 29 04:41:57 UTC 2019
2 ms. Memory: 45056K Free: 27463K (61%)
ptolemy.util.test.WatchDog.cancel(): canceling Sat Jun 29 04:41:57 UTC 2019
auto.tcl: Setting watchdog for 200 seconds at Sat Jun 29 04:41:57 UTC 2019
2 ms. Memory: 45056K Free: 27024K (60%)
ptolemy.util.test.WatchDog.cancel(): canceling Sat Jun 29 04:41:57 UTC 2019
------------------ testing $PTII/ptolemy/domains/de/test/auto/ServerZeroDelay.xml
auto.tcl: Setting watchdog for 200 seconds at Sat Jun 29 04:41:57 UTC 2019
4 ms. Memory: 45056K Free: 27973K (62%)
ptolemy.util.test.WatchDog.cancel(): canceling Sat Jun 29 04:41:57 UTC 2019
auto.tcl: Setting watchdog for 200 seconds at Sat Jun 29 04:41:57 UTC 2019
2 ms. Memory: 45056K Free: 27061K (60%)
ptolemy.util.test.WatchDog.cancel(): canceling Sat Jun 29 04:41:57 UTC 2019
------------------ testing $PTII/ptolemy/domains/de/test/auto/SmartSender.xml
auto.tcl: Setting watchdog for 200 seconds at Sat Jun 29 04:41:57 UTC 2019
3002 ms. Memory: 45056K Free: 27942K (62%)
ptolemy.util.test.WatchDog.cancel(): canceling Sat Jun 29 04:42:00 UTC 2019
auto.tcl: Setting watchdog for 200 seconds at Sat Jun 29 04:42:00 UTC 2019
3002 ms. Memory: 45056K Free: 27517K (61%)
ptolemy.util.test.WatchDog.cancel(): canceling Sat Jun 29 04:42:03 UTC 2019
------------------ testing $PTII/ptolemy/domains/de/test/auto/ThreadedComposite.xml
auto.tcl: Setting watchdog for 200 seconds at Sat Jun 29 04:42:03 UTC 2019
204 ms. Memory: 45056K Free: 8539K (19%)
ptolemy.util.test.WatchDog.cancel(): canceling Sat Jun 29 04:42:03 UTC 2019
auto.tcl: Setting watchdog for 200 seconds at Sat Jun 29 04:42:03 UTC 2019
120 ms. Memory: 45056K Free: 19496K (43%)
ptolemy.util.test.WatchDog.cancel(): canceling Sat Jun 29 04:42:03 UTC 2019
------------------ testing $PTII/ptolemy/domains/de/test/auto/Time.xml
auto.tcl: Setting watchdog for 200 seconds at Sat Jun 29 04:42:03 UTC 2019
588 ms. Memory: 45056K Free: 17946K (40%)
ptolemy.util.test.WatchDog.cancel(): canceling Sat Jun 29 04:42:04 UTC 2019
auto.tcl: Setting watchdog for 200 seconds at Sat Jun 29 04:42:04 UTC 2019
492 ms. Memory: 60416K Free: 33839K (56%)
ptolemy.util.test.WatchDog.cancel(): canceling Sat Jun 29 04:42:05 UTC 2019
------------------ testing $PTII/ptolemy/domains/de/test/auto/TimeDelayZeroDelay.xml
auto.tcl: Setting watchdog for 200 seconds at Sat Jun 29 04:42:05 UTC 2019
2 ms. Memory: 45056K Free: 28366K (63%)
ptolemy.util.test.WatchDog.cancel(): canceling Sat Jun 29 04:42:05 UTC 2019
auto.tcl: Setting watchdog for 200 seconds at Sat Jun 29 04:42:05 UTC 2019
2 ms. Memory: 45056K Free: 27545K (61%)
ptolemy.util.test.WatchDog.cancel(): canceling Sat Jun 29 04:42:05 UTC 2019
------------------ testing $PTII/ptolemy/domains/de/test/auto/TimerZeroDelay.xml
auto.tcl: Setting watchdog for 200 seconds at Sat Jun 29 04:42:05 UTC 2019
3 ms. Memory: 45056K Free: 28422K (63%)
ptolemy.util.test.WatchDog.cancel(): canceling Sat Jun 29 04:42:05 UTC 2019
auto.tcl: Setting watchdog for 200 seconds at Sat Jun 29 04:42:05 UTC 2019
2 ms. Memory: 45056K Free: 27571K (61%)
ptolemy.util.test.WatchDog.cancel(): canceling Sat Jun 29 04:42:05 UTC 2019
------------------ testing $PTII/ptolemy/domains/de/test/auto/TimingParadox.xml
auto.tcl: Setting watchdog for 200 seconds at Sat Jun 29 04:42:05 UTC 2019
375 ms. Memory: 45056K Free: 26986K (60%)
ptolemy.util.test.WatchDog.cancel(): canceling Sat Jun 29 04:42:05 UTC 2019
auto.tcl: Setting watchdog for 200 seconds at Sat Jun 29 04:42:05 UTC 2019
384 ms. Memory: 45056K Free: 11728K (26%)
ptolemy.util.test.WatchDog.cancel(): canceling Sat Jun 29 04:42:06 UTC 2019
------------------ testing $PTII/ptolemy/domains/de/test/auto/TransferInputs.xml
auto.tcl: Setting watchdog for 200 seconds at Sat Jun 29 04:42:06 UTC 2019
2 ms. Memory: 45056K Free: 26422K (59%)
ptolemy.util.test.WatchDog.cancel(): canceling Sat Jun 29 04:42:06 UTC 2019
auto.tcl: Setting watchdog for 200 seconds at Sat Jun 29 04:42:06 UTC 2019
2 ms. Memory: 45056K Free: 25475K (57%)
ptolemy.util.test.WatchDog.cancel(): canceling Sat Jun 29 04:42:06 UTC 2019
------------------ testing $PTII/ptolemy/domains/de/test/auto/TransferOutputs2.xml
auto.tcl: Setting watchdog for 200 seconds at Sat Jun 29 04:42:06 UTC 2019
3 ms. Memory: 45056K Free: 23832K (53%)
ptolemy.util.test.WatchDog.cancel(): canceling Sat Jun 29 04:42:06 UTC 2019
auto.tcl: Setting watchdog for 200 seconds at Sat Jun 29 04:42:06 UTC 2019
3 ms. Memory: 45056K Free: 22373K (50%)
ptolemy.util.test.WatchDog.cancel(): canceling Sat Jun 29 04:42:06 UTC 2019
------------------ testing $PTII/ptolemy/domains/de/test/auto/Trilateration.xml
auto.tcl: Setting watchdog for 200 seconds at Sat Jun 29 04:42:06 UTC 2019
15413 ms. Memory: 496640K Free: 406839K (82%)
ptolemy.util.test.WatchDog.cancel(): canceling Sat Jun 29 04:42:22 UTC 2019
auto.tcl: Setting watchdog for 200 seconds at Sat Jun 29 04:42:22 UTC 2019
11049 ms. Memory: 496640K Free: 426154K (86%)
ptolemy.util.test.WatchDog.cancel(): canceling Sat Jun 29 04:42:33 UTC 2019
------------------ testing $PTII/ptolemy/domains/de/test/auto/TwoSigmaDelta.xml
auto.tcl: Setting watchdog for 200 seconds at Sat Jun 29 04:42:34 UTC 2019
2705 ms. Memory: 86016K Free: 55781K (65%)
ptolemy.util.test.WatchDog.cancel(): canceling Sat Jun 29 04:42:36 UTC 2019
auto.tcl: Setting watchdog for 200 seconds at Sat Jun 29 04:42:36 UTC 2019
2293 ms. Memory: 86016K Free: 44506K (52%)
ptolemy.util.test.WatchDog.cancel(): canceling Sat Jun 29 04:42:39 UTC 2019
------------------ testing $PTII/ptolemy/domains/de/test/auto/VariableDelay.xml
auto.tcl: Setting watchdog for 200 seconds at Sat Jun 29 04:42:39 UTC 2019
12 ms. Memory: 48128K Free: 29935K (62%)
ptolemy.util.test.WatchDog.cancel(): canceling Sat Jun 29 04:42:39 UTC 2019
auto.tcl: Setting watchdog for 200 seconds at Sat Jun 29 04:42:39 UTC 2019
3 ms. Memory: 48128K Free: 28913K (60%)
ptolemy.util.test.WatchDog.cancel(): canceling Sat Jun 29 04:42:39 UTC 2019
------------------ testing $PTII/ptolemy/domains/de/test/auto/VariableDelay2.xml
auto.tcl: Setting watchdog for 200 seconds at Sat Jun 29 04:42:39 UTC 2019
2 ms. Memory: 48128K Free: 30569K (64%)
ptolemy.util.test.WatchDog.cancel(): canceling Sat Jun 29 04:42:39 UTC 2019
auto.tcl: Setting watchdog for 200 seconds at Sat Jun 29 04:42:39 UTC 2019
2 ms. Memory: 48128K Free: 30025K (62%)
ptolemy.util.test.WatchDog.cancel(): canceling Sat Jun 29 04:42:39 UTC 2019
------------------ testing $PTII/ptolemy/domains/de/test/auto/VariableDelayZeroDelay.xml
auto.tcl: Setting watchdog for 200 seconds at Sat Jun 29 04:42:39 UTC 2019
3 ms. Memory: 48128K Free: 30981K (64%)
ptolemy.util.test.WatchDog.cancel(): canceling Sat Jun 29 04:42:39 UTC 2019
auto.tcl: Setting watchdog for 200 seconds at Sat Jun 29 04:42:39 UTC 2019
2 ms. Memory: 48128K Free: 30363K (63%)
ptolemy.util.test.WatchDog.cancel(): canceling Sat Jun 29 04:42:39 UTC 2019
------------------ testing $PTII/ptolemy/domains/de/test/auto/VariableDelayZeroDelay2.xml
auto.tcl: Setting watchdog for 200 seconds at Sat Jun 29 04:42:39 UTC 2019
2 ms. Memory: 48128K Free: 30876K (64%)
ptolemy.util.test.WatchDog.cancel(): canceling Sat Jun 29 04:42:39 UTC 2019
auto.tcl: Setting watchdog for 200 seconds at Sat Jun 29 04:42:39 UTC 2019
2 ms. Memory: 48128K Free: 29852K (62%)
ptolemy.util.test.WatchDog.cancel(): canceling Sat Jun 29 04:42:39 UTC 2019
------------------ testing $PTII/ptolemy/domains/de/test/auto/deInCt.xml
auto.tcl: Setting watchdog for 200 seconds at Sat Jun 29 04:42:39 UTC 2019
0
1
1
1
0
0
0
0
0
1
1
0
0
0
1
1
1
0
0
0
1
1
0
0
0
1
1
1
0
0
0
1
1
1
1
0
0
0
1
1
1
0
0
0
1
1
1
1
0
0
0
0
11 ms. Memory: 48128K Free: 29850K (62%)
ptolemy.util.test.WatchDog.cancel(): canceling Sat Jun 29 04:42:39 UTC 2019
auto.tcl: Setting watchdog for 200 seconds at Sat Jun 29 04:42:39 UTC 2019
0
1
1
0
0
0
1
1
1
0
0
0
0
1
1
1
0
0
0
1
1
1
1
0
0
0
1
1
1
1
0
0
1
1
1
0
0
1
1
1
0
0
1
1
0
0
0
1
1
1
1
8 ms. Memory: 48128K Free: 28313K (59%)
ptolemy.util.test.WatchDog.cancel(): canceling Sat Jun 29 04:42:39 UTC 2019
------------------ testing $PTII/ptolemy/domains/de/test/auto/deInCt2.xml
auto.tcl: Setting watchdog for 200 seconds at Sat Jun 29 04:42:39 UTC 2019
0
1
1
1
0
0
1
1
1
0
0
1
1
1
0
0
1
1
1
0
0
1
1
1
0
0
1
1
1
0
0
1
1
1
0
0
1
1
1
0
0
0
10 ms. Memory: 45056K Free: 26779K (59%)
ptolemy.util.test.WatchDog.cancel(): canceling Sat Jun 29 04:42:39 UTC 2019
auto.tcl: Setting watchdog for 200 seconds at Sat Jun 29 04:42:39 UTC 2019
0
1
1
1
0
0
1
1
1
0
0
1
1
1
0
0
1
1
1
0
0
1
1
1
0
0
1
1
1
0
0
1
1
1
0
0
1
1
1
0
0
0
7 ms. Memory: 45056K Free: 25251K (56%)
ptolemy.util.test.WatchDog.cancel(): canceling Sat Jun 29 04:42:39 UTC 2019
------------------ testing $PTII/ptolemy/domains/de/test/auto/dynamicCausalityInterface1.xml
auto.tcl: Setting watchdog for 200 seconds at Sat Jun 29 04:42:39 UTC 2019
2 ms. Memory: 45056K Free: 22678K (50%)
ptolemy.util.test.WatchDog.cancel(): canceling Sat Jun 29 04:42:39 UTC 2019
auto.tcl: Setting watchdog for 200 seconds at Sat Jun 29 04:42:39 UTC 2019
1 ms. Memory: 45056K Free: 22204K (49%)
ptolemy.util.test.WatchDog.cancel(): canceling Sat Jun 29 04:42:39 UTC 2019
------------------ testing $PTII/ptolemy/domains/de/test/auto/fsm_de_test.xml
auto.tcl: Setting watchdog for 200 seconds at Sat Jun 29 04:42:39 UTC 2019
8 ms. Memory: 45056K Free: 22616K (50%)
ptolemy.util.test.WatchDog.cancel(): canceling Sat Jun 29 04:42:39 UTC 2019
auto.tcl: Setting watchdog for 200 seconds at Sat Jun 29 04:42:39 UTC 2019
7 ms. Memory: 45056K Free: 20598K (46%)
ptolemy.util.test.WatchDog.cancel(): canceling Sat Jun 29 04:42:39 UTC 2019
------------------ testing $PTII/ptolemy/domains/de/test/auto/functionDependencyReconstruction.xml
auto.tcl: Setting watchdog for 200 seconds at Sat Jun 29 04:42:39 UTC 2019
2 ms. Memory: 45056K Free: 16440K (36%)
ptolemy.util.test.WatchDog.cancel(): canceling Sat Jun 29 04:42:39 UTC 2019
auto.tcl: Setting watchdog for 200 seconds at Sat Jun 29 04:42:39 UTC 2019
2 ms. Memory: 45056K Free: 14443K (32%)
ptolemy.util.test.WatchDog.cancel(): canceling Sat Jun 29 04:42:39 UTC 2019
------------------ testing $PTII/ptolemy/domains/de/test/auto/multirate.xml
auto.tcl: Setting watchdog for 200 seconds at Sat Jun 29 04:42:39 UTC 2019
5 ms. Memory: 45056K Free: 25268K (56%)
ptolemy.util.test.WatchDog.cancel(): canceling Sat Jun 29 04:42:39 UTC 2019
auto.tcl: Setting watchdog for 200 seconds at Sat Jun 29 04:42:39 UTC 2019
3 ms. Memory: 45056K Free: 23621K (52%)
ptolemy.util.test.WatchDog.cancel(): canceling Sat Jun 29 04:42:39 UTC 2019
------------------ testing $PTII/ptolemy/domains/de/test/auto/multirate2.xml
auto.tcl: Setting watchdog for 200 seconds at Sat Jun 29 04:42:40 UTC 2019
3 ms. Memory: 45056K Free: 25454K (56%)
ptolemy.util.test.WatchDog.cancel(): canceling Sat Jun 29 04:42:40 UTC 2019
auto.tcl: Setting watchdog for 200 seconds at Sat Jun 29 04:42:40 UTC 2019
3 ms. Memory: 45056K Free: 23767K (53%)
ptolemy.util.test.WatchDog.cancel(): canceling Sat Jun 29 04:42:40 UTC 2019
------------------ testing $PTII/ptolemy/domains/de/test/auto/realtime.xml
auto.tcl: Setting watchdog for 200 seconds at Sat Jun 29 04:42:40 UTC 2019
10001 ms. Memory: 45056K Free: 27486K (61%)
ptolemy.util.test.WatchDog.cancel(): canceling Sat Jun 29 04:42:50 UTC 2019
auto.tcl: Setting watchdog for 200 seconds at Sat Jun 29 04:42:50 UTC 2019
10002 ms. Memory: 45056K Free: 26724K (59%)
ptolemy.util.test.WatchDog.cancel(): canceling Sat Jun 29 04:43:00 UTC 2019
------------------ testing $PTII/ptolemy/domains/de/test/auto/relationGroup.xml
auto.tcl: Setting watchdog for 200 seconds at Sat Jun 29 04:43:00 UTC 2019
2 ms. Memory: 45056K Free: 28519K (63%)
ptolemy.util.test.WatchDog.cancel(): canceling Sat Jun 29 04:43:00 UTC 2019
auto.tcl: Setting watchdog for 200 seconds at Sat Jun 29 04:43:00 UTC 2019
2 ms. Memory: 45056K Free: 27773K (62%)
ptolemy.util.test.WatchDog.cancel(): canceling Sat Jun 29 04:43:00 UTC 2019
------------------ testing $PTII/ptolemy/domains/de/test/auto/relationGroup2.xml
auto.tcl: Setting watchdog for 200 seconds at Sat Jun 29 04:43:00 UTC 2019
1 ms. Memory: 45056K Free: 28575K (63%)
ptolemy.util.test.WatchDog.cancel(): canceling Sat Jun 29 04:43:00 UTC 2019
auto.tcl: Setting watchdog for 200 seconds at Sat Jun 29 04:43:00 UTC 2019
2 ms. Memory: 45056K Free: 27799K (62%)
ptolemy.util.test.WatchDog.cancel(): canceling Sat Jun 29 04:43:00 UTC 2019
------------------ testing $PTII/ptolemy/domains/de/test/auto/sortWithOpaquePorts.xml
auto.tcl: Setting watchdog for 200 seconds at Sat Jun 29 04:43:00 UTC 2019
2 ms. Memory: 45056K Free: 27314K (61%)
ptolemy.util.test.WatchDog.cancel(): canceling Sat Jun 29 04:43:00 UTC 2019
auto.tcl: Setting watchdog for 200 seconds at Sat Jun 29 04:43:00 UTC 2019
2 ms. Memory: 45056K Free: 26350K (58%)
ptolemy.util.test.WatchDog.cancel(): canceling Sat Jun 29 04:43:00 UTC 2019
------------------ testing $PTII/ptolemy/domains/de/test/auto/transferInputsandOutputs.xml
auto.tcl: Setting watchdog for 200 seconds at Sat Jun 29 04:43:00 UTC 2019
2 ms. Memory: 45056K Free: 24746K (55%)
ptolemy.util.test.WatchDog.cancel(): canceling Sat Jun 29 04:43:00 UTC 2019
auto.tcl: Setting watchdog for 200 seconds at Sat Jun 29 04:43:00 UTC 2019
2 ms. Memory: 45056K Free: 23721K (53%)
ptolemy.util.test.WatchDog.cancel(): canceling Sat Jun 29 04:43:00 UTC 2019
------------------ testing $PTII/ptolemy/domains/de/test/auto/triggerType.xml
auto.tcl: Setting watchdog for 200 seconds at Sat Jun 29 04:43:00 UTC 2019
1 ms. Memory: 45056K Free: 27771K (62%)
ptolemy.util.test.WatchDog.cancel(): canceling Sat Jun 29 04:43:00 UTC 2019
auto.tcl: Setting watchdog for 200 seconds at Sat Jun 29 04:43:00 UTC 2019
2 ms. Memory: 45056K Free: 26843K (60%)
ptolemy.util.test.WatchDog.cancel(): canceling Sat Jun 29 04:43:00 UTC 2019
06/29/19 04:43:00
Failed: 0  Total Tests: 192  ((Passed: 187, Newly Passed: 1)  Known Failed: 5) /home/travis/build/icyphy/ptII/ptolemy/domains/de/test
06/29/19 04:43:00
Failed: 0  Total Tests: 192  ((Passed: 187, Newly Passed: 1)  Known Failed: 5) /home/travis/build/icyphy/ptII/ptolemy/domains/de/test
----------------- testing (KnownFailure) /home/travis/build/icyphy/ptII/ptolemy/domains/de/test/auto/knownFailedTests/DESDFClockTest.xml
2011 ms. Memory: 45056K Free: 21186K (47%)
Known Failure: java.lang.reflect.InvocationTargetException
----------------- testing (KnownFailure) /home/travis/build/icyphy/ptII/ptolemy/domains/de/test/auto/knownFailedTests/DirectFeedback.xml
2 ms. Memory: 45056K Free: 18084K (40%)
Known Failure: java.lang.reflect.InvocationTargetException
----------------- testing (KnownFailure) /home/travis/build/icyphy/ptII/ptolemy/domains/de/test/auto/knownFailedTests/FSMSource.xml
13 ms. Memory: 45056K Free: 10416K (23%)
----------------- testing (KnownFailure) /home/travis/build/icyphy/ptII/ptolemy/domains/de/test/auto/knownFailedTests/HierarchicalModel.xml
4 ms. Memory: 45056K Free: 18560K (41%)
Known Failure: java.lang.reflect.InvocationTargetException
----------------- testing (KnownFailure) /home/travis/build/icyphy/ptII/ptolemy/domains/de/test/auto/knownFailedTests/dependencyLoop.xml
2 ms. Memory: 45056K Free: 27317K (61%)
Known Failure: java.lang.reflect.InvocationTargetException
----------------- testing (KnownFailure) /home/travis/build/icyphy/ptII/ptolemy/domains/de/test/auto/knownFailedTests/dependencyLoop2.xml
3 ms. Memory: 45056K Free: 12470K (28%)
Known Failure: java.lang.reflect.InvocationTargetException
No auto/linux-amd64/*.xml tests in /home/travis/build/icyphy/ptII/ptolemy/domains/de/test
AutoTests.java: About to close Vertx.
AutoTests.java: Vertx closed.

===========================================================================================
----------------- testing Sat Jun 29 04:43:02 UTC 2019 /home/travis/build/icyphy/ptII/ptolemy/domains/de/test/auto/ActorDepthCalculation_actorWithoutPorts.xml
----------------- Instantiating /home/travis/build/icyphy/ptII/ptolemy/domains/de/test/auto/ActorDepthCalculation_actorWithoutPorts.xml
2 ms. Memory: 45056K Free: 29979K (67%)
----------------- Invoking toplevel() on ptolemy.moml.MoMLSimpleApplication@2466135a
----------------- Done invoking toplevel() on ptolemy.moml.MoMLSimpleApplication@2466135a
reloadAllAccessors: .ActorDepthCalculation_actorWithoutPorts

===========================================================================================
----------------- testing Sat Jun 29 04:43:02 UTC 2019 /home/travis/build/icyphy/ptII/ptolemy/domains/de/test/auto/AssemblyLine.xml
----------------- Instantiating /home/travis/build/icyphy/ptII/ptolemy/domains/de/test/auto/AssemblyLine.xml
4 ms. Memory: 45056K Free: 22663K (50%)
----------------- Invoking toplevel() on ptolemy.moml.MoMLSimpleApplication@1971dfd2
----------------- Done invoking toplevel() on ptolemy.moml.MoMLSimpleApplication@1971dfd2
reloadAllAccessors: .AssemblyLine

===========================================================================================
----------------- testing Sat Jun 29 04:43:02 UTC 2019 /home/travis/build/icyphy/ptII/ptolemy/domains/de/test/auto/CQBug1.xml
----------------- Instantiating /home/travis/build/icyphy/ptII/ptolemy/domains/de/test/auto/CQBug1.xml
1 ms. Memory: 45056K Free: 19841K (44%)
----------------- Invoking toplevel() on ptolemy.moml.MoMLSimpleApplication@cfead81
----------------- Done invoking toplevel() on ptolemy.moml.MoMLSimpleApplication@cfead81
reloadAllAccessors: .CQBug1

===========================================================================================
----------------- testing Sat Jun 29 04:43:02 UTC 2019 /home/travis/build/icyphy/ptII/ptolemy/domains/de/test/auto/CancelFireAt.xml
----------------- Instantiating /home/travis/build/icyphy/ptII/ptolemy/domains/de/test/auto/CancelFireAt.xml
2 ms. Memory: 45056K Free: 17306K (38%)
----------------- Invoking toplevel() on ptolemy.moml.MoMLSimpleApplication@73b80dbd
----------------- Done invoking toplevel() on ptolemy.moml.MoMLSimpleApplication@73b80dbd
reloadAllAccessors: .CancelFireAt

===========================================================================================
----------------- testing Sat Jun 29 04:43:02 UTC 2019 /home/travis/build/icyphy/ptII/ptolemy/domains/de/test/auto/CausalityAndComposabilityAnalysis.xml
----------------- Instantiating /home/travis/build/icyphy/ptII/ptolemy/domains/de/test/auto/CausalityAndComposabilityAnalysis.xml
2 ms. Memory: 45056K Free: 12908K (29%)
----------------- Invoking toplevel() on ptolemy.moml.MoMLSimpleApplication@2b6d5aef
----------------- Done invoking toplevel() on ptolemy.moml.MoMLSimpleApplication@2b6d5aef
reloadAllAccessors: .CausalityAndComposabilityAnalysis

===========================================================================================
----------------- testing Sat Jun 29 04:43:02 UTC 2019 /home/travis/build/icyphy/ptII/ptolemy/domains/de/test/auto/CausalityInterface1.xml
----------------- Instantiating /home/travis/build/icyphy/ptII/ptolemy/domains/de/test/auto/CausalityInterface1.xml
16 ms. Memory: 45056K Free: 31525K (70%)
----------------- Invoking toplevel() on ptolemy.moml.MoMLSimpleApplication@2c19cbb9
----------------- Done invoking toplevel() on ptolemy.moml.MoMLSimpleApplication@2c19cbb9
reloadAllAccessors: .CausalityInterface1

===========================================================================================
----------------- testing Sat Jun 29 04:43:02 UTC 2019 /home/travis/build/icyphy/ptII/ptolemy/domains/de/test/auto/CausalityInterface15.xml
----------------- Instantiating /home/travis/build/icyphy/ptII/ptolemy/domains/de/test/auto/CausalityInterface15.xml
2 ms. Memory: 45056K Free: 26141K (58%)
----------------- Invoking toplevel() on ptolemy.moml.MoMLSimpleApplication@5ef2b1e4
----------------- Done invoking toplevel() on ptolemy.moml.MoMLSimpleApplication@5ef2b1e4
reloadAllAccessors: .CausalityInterface15

===========================================================================================
----------------- testing Sat Jun 29 04:43:02 UTC 2019 /home/travis/build/icyphy/ptII/ptolemy/domains/de/test/auto/CausalityInterface2.xml
----------------- Instantiating /home/travis/build/icyphy/ptII/ptolemy/domains/de/test/auto/CausalityInterface2.xml
2 ms. Memory: 45056K Free: 21729K (48%)
----------------- Invoking toplevel() on ptolemy.moml.MoMLSimpleApplication@63a8032f
----------------- Done invoking toplevel() on ptolemy.moml.MoMLSimpleApplication@63a8032f
reloadAllAccessors: .CausalityInterface2

===========================================================================================
----------------- testing Sat Jun 29 04:43:02 UTC 2019 /home/travis/build/icyphy/ptII/ptolemy/domains/de/test/auto/CausalityInterface3.xml
----------------- Instantiating /home/travis/build/icyphy/ptII/ptolemy/domains/de/test/auto/CausalityInterface3.xml
1 ms. Memory: 45056K Free: 16800K (37%)
----------------- Invoking toplevel() on ptolemy.moml.MoMLSimpleApplication@3024be5f
----------------- Done invoking toplevel() on ptolemy.moml.MoMLSimpleApplication@3024be5f
reloadAllAccessors: .CausalityInterface3

===========================================================================================
----------------- testing Sat Jun 29 04:43:02 UTC 2019 /home/travis/build/icyphy/ptII/ptolemy/domains/de/test/auto/ClockDrift.xml
----------------- Instantiating /home/travis/build/icyphy/ptII/ptolemy/domains/de/test/auto/ClockDrift.xml
16 ms. Memory: 45056K Free: 28211K (63%)
----------------- Invoking toplevel() on ptolemy.moml.MoMLSimpleApplication@1fa98ff3
----------------- Done invoking toplevel() on ptolemy.moml.MoMLSimpleApplication@1fa98ff3
reloadAllAccessors: .ClockDrift

===========================================================================================
----------------- testing Sat Jun 29 04:43:02 UTC 2019 /home/travis/build/icyphy/ptII/ptolemy/domains/de/test/auto/ClockDriftAndValueChange.xml
----------------- Instantiating /home/travis/build/icyphy/ptII/ptolemy/domains/de/test/auto/ClockDriftAndValueChange.xml
11 ms. Memory: 45056K Free: 16797K (37%)
----------------- Invoking toplevel() on ptolemy.moml.MoMLSimpleApplication@2b3a5e08
----------------- Done invoking toplevel() on ptolemy.moml.MoMLSimpleApplication@2b3a5e08
reloadAllAccessors: .ClockDriftAndValueChange

===========================================================================================
----------------- testing Sat Jun 29 04:43:03 UTC 2019 /home/travis/build/icyphy/ptII/ptolemy/domains/de/test/auto/ClockDriftChange.xml
----------------- Instantiating /home/travis/build/icyphy/ptII/ptolemy/domains/de/test/auto/ClockDriftChange.xml
16 ms. Memory: 45056K Free: 29749K (66%)
----------------- Invoking toplevel() on ptolemy.moml.MoMLSimpleApplication@4255215b
----------------- Done invoking toplevel() on ptolemy.moml.MoMLSimpleApplication@4255215b
reloadAllAccessors: .ClockDriftChange

===========================================================================================
----------------- testing Sat Jun 29 04:43:03 UTC 2019 /home/travis/build/icyphy/ptII/ptolemy/domains/de/test/auto/ComposableCausalityAnalysis.xml
----------------- Instantiating /home/travis/build/icyphy/ptII/ptolemy/domains/de/test/auto/ComposableCausalityAnalysis.xml
1 ms. Memory: 45056K Free: 23844K (53%)
----------------- Invoking toplevel() on ptolemy.moml.MoMLSimpleApplication@827a55e
----------------- Done invoking toplevel() on ptolemy.moml.MoMLSimpleApplication@827a55e
reloadAllAccessors: .ComposableCausalityAnalysis

===========================================================================================
----------------- testing Sat Jun 29 04:43:03 UTC 2019 /home/travis/build/icyphy/ptII/ptolemy/domains/de/test/auto/DEFixedPointLimitation.xml
----------------- Instantiating /home/travis/build/icyphy/ptII/ptolemy/domains/de/test/auto/DEFixedPointLimitation.xml
0 ms. Memory: 45056K Free: 19289K (43%)
----------------- Invoking toplevel() on ptolemy.moml.MoMLSimpleApplication@9512f3d
----------------- Done invoking toplevel() on ptolemy.moml.MoMLSimpleApplication@9512f3d
reloadAllAccessors: .DEFixedPointLimitation

===========================================================================================
----------------- testing Sat Jun 29 04:43:03 UTC 2019 /home/travis/build/icyphy/ptII/ptolemy/domains/de/test/auto/DEScheduleTest.xml
----------------- Instantiating /home/travis/build/icyphy/ptII/ptolemy/domains/de/test/auto/DEScheduleTest.xml
2 ms. Memory: 45056K Free: 15191K (34%)
----------------- Invoking toplevel() on ptolemy.moml.MoMLSimpleApplication@3e829de4
----------------- Done invoking toplevel() on ptolemy.moml.MoMLSimpleApplication@3e829de4
reloadAllAccessors: .DEScheduleTest

===========================================================================================
----------------- testing Sat Jun 29 04:43:03 UTC 2019 /home/travis/build/icyphy/ptII/ptolemy/domains/de/test/auto/DEinDEwithStartTimes.xml
----------------- Instantiating /home/travis/build/icyphy/ptII/ptolemy/domains/de/test/auto/DEinDEwithStartTimes.xml
2 ms. Memory: 45056K Free: 9484K (21%)
----------------- Invoking toplevel() on ptolemy.moml.MoMLSimpleApplication@1ebc0f25
----------------- Done invoking toplevel() on ptolemy.moml.MoMLSimpleApplication@1ebc0f25
reloadAllAccessors: .DEinDEwithStartTimes

===========================================================================================
----------------- testing Sat Jun 29 04:43:03 UTC 2019 /home/travis/build/icyphy/ptII/ptolemy/domains/de/test/auto/DEinDEwithStartTimes2.xml
----------------- Instantiating /home/travis/build/icyphy/ptII/ptolemy/domains/de/test/auto/DEinDEwithStartTimes2.xml
3 ms. Memory: 45056K Free: 25502K (57%)
----------------- Invoking toplevel() on ptolemy.moml.MoMLSimpleApplication@7f6c699c
----------------- Done invoking toplevel() on ptolemy.moml.MoMLSimpleApplication@7f6c699c
reloadAllAccessors: .DEinDEwithStartTimes2

===========================================================================================
----------------- testing Sat Jun 29 04:43:03 UTC 2019 /home/travis/build/icyphy/ptII/ptolemy/domains/de/test/auto/DateDemo.xml
----------------- Instantiating /home/travis/build/icyphy/ptII/ptolemy/domains/de/test/auto/DateDemo.xml
8 ms. Memory: 45056K Free: 14590K (32%)
----------------- Invoking toplevel() on ptolemy.moml.MoMLSimpleApplication@79e01cae
----------------- Done invoking toplevel() on ptolemy.moml.MoMLSimpleApplication@79e01cae
reloadAllAccessors: .DateDemo

===========================================================================================
----------------- testing Sat Jun 29 04:43:03 UTC 2019 /home/travis/build/icyphy/ptII/ptolemy/domains/de/test/auto/DateToEvent.xml
----------------- Instantiating /home/travis/build/icyphy/ptII/ptolemy/domains/de/test/auto/DateToEvent.xml
2005 ms. Memory: 45056K Free: 21732K (48%)
----------------- Invoking toplevel() on ptolemy.moml.MoMLSimpleApplication@532d195a
----------------- Done invoking toplevel() on ptolemy.moml.MoMLSimpleApplication@532d195a
reloadAllAccessors: .DateToEvent

===========================================================================================
----------------- testing Sat Jun 29 04:43:05 UTC 2019 /home/travis/build/icyphy/ptII/ptolemy/domains/de/test/auto/DepthTest1.xml
----------------- Instantiating /home/travis/build/icyphy/ptII/ptolemy/domains/de/test/auto/DepthTest1.xml
1 ms. Memory: 45056K Free: 18988K (42%)
----------------- Invoking toplevel() on ptolemy.moml.MoMLSimpleApplication@1949031b
----------------- Done invoking toplevel() on ptolemy.moml.MoMLSimpleApplication@1949031b
reloadAllAccessors: .DepthTest1

===========================================================================================
----------------- testing Sat Jun 29 04:43:05 UTC 2019 /home/travis/build/icyphy/ptII/ptolemy/domains/de/test/auto/DepthTest2.xml
----------------- Instantiating /home/travis/build/icyphy/ptII/ptolemy/domains/de/test/auto/DepthTest2.xml
2 ms. Memory: 45056K Free: 12668K (28%)
----------------- Invoking toplevel() on ptolemy.moml.MoMLSimpleApplication@61f8788
----------------- Done invoking toplevel() on ptolemy.moml.MoMLSimpleApplication@61f8788
reloadAllAccessors: .DepthTest2

===========================================================================================
----------------- testing Sat Jun 29 04:43:05 UTC 2019 /home/travis/build/icyphy/ptII/ptolemy/domains/de/test/auto/DepthTest3.xml
----------------- Instantiating /home/travis/build/icyphy/ptII/ptolemy/domains/de/test/auto/DepthTest3.xml
1 ms. Memory: 45056K Free: 9748K (22%)
----------------- Invoking toplevel() on ptolemy.moml.MoMLSimpleApplication@464a9fef
----------------- Done invoking toplevel() on ptolemy.moml.MoMLSimpleApplication@464a9fef
reloadAllAccessors: .DepthTest3

===========================================================================================
----------------- testing Sat Jun 29 04:43:05 UTC 2019 /home/travis/build/icyphy/ptII/ptolemy/domains/de/test/auto/DepthTest4.xml
----------------- Instantiating /home/travis/build/icyphy/ptII/ptolemy/domains/de/test/auto/DepthTest4.xml
2 ms. Memory: 45056K Free: 27714K (62%)
----------------- Invoking toplevel() on ptolemy.moml.MoMLSimpleApplication@18846a6c
----------------- Done invoking toplevel() on ptolemy.moml.MoMLSimpleApplication@18846a6c
reloadAllAccessors: .DepthTest4

===========================================================================================
----------------- testing Sat Jun 29 04:43:05 UTC 2019 /home/travis/build/icyphy/ptII/ptolemy/domains/de/test/auto/DepthTest5.xml
----------------- Instantiating /home/travis/build/icyphy/ptII/ptolemy/domains/de/test/auto/DepthTest5.xml
2 ms. Memory: 45056K Free: 22584K (50%)
----------------- Invoking toplevel() on ptolemy.moml.MoMLSimpleApplication@73f7a18
----------------- Done invoking toplevel() on ptolemy.moml.MoMLSimpleApplication@73f7a18
reloadAllAccessors: .DepthTest5

===========================================================================================
----------------- testing Sat Jun 29 04:43:05 UTC 2019 /home/travis/build/icyphy/ptII/ptolemy/domains/de/test/auto/DepthTest6.xml
----------------- Instantiating /home/travis/build/icyphy/ptII/ptolemy/domains/de/test/auto/DepthTest6.xml
2 ms. Memory: 45056K Free: 17426K (39%)
----------------- Invoking toplevel() on ptolemy.moml.MoMLSimpleApplication@14edab44
----------------- Done invoking toplevel() on ptolemy.moml.MoMLSimpleApplication@14edab44
reloadAllAccessors: .DepthTest6

===========================================================================================
----------------- testing Sat Jun 29 04:43:05 UTC 2019 /home/travis/build/icyphy/ptII/ptolemy/domains/de/test/auto/DepthTest7.xml
----------------- Instantiating /home/travis/build/icyphy/ptII/ptolemy/domains/de/test/auto/DepthTest7.xml
2 ms. Memory: 45056K Free: 12670K (28%)
----------------- Invoking toplevel() on ptolemy.moml.MoMLSimpleApplication@2419a756
----------------- Done invoking toplevel() on ptolemy.moml.MoMLSimpleApplication@2419a756
reloadAllAccessors: .DepthTest7

===========================================================================================
----------------- testing Sat Jun 29 04:43:05 UTC 2019 /home/travis/build/icyphy/ptII/ptolemy/domains/de/test/auto/EventToDate.xml
----------------- Instantiating /home/travis/build/icyphy/ptII/ptolemy/domains/de/test/auto/EventToDate.xml
3003 ms. Memory: 45056K Free: 21663K (48%)
----------------- Invoking toplevel() on ptolemy.moml.MoMLSimpleApplication@55fbcc33
----------------- Done invoking toplevel() on ptolemy.moml.MoMLSimpleApplication@55fbcc33
reloadAllAccessors: .EventToDate

===========================================================================================
----------------- testing Sat Jun 29 04:43:08 UTC 2019 /home/travis/build/icyphy/ptII/ptolemy/domains/de/test/auto/FSM1.xml
----------------- Instantiating /home/travis/build/icyphy/ptII/ptolemy/domains/de/test/auto/FSM1.xml
20 ms. Memory: 45056K Free: 9686K (21%)
----------------- Invoking toplevel() on ptolemy.moml.MoMLSimpleApplication@7ac7800a
----------------- Done invoking toplevel() on ptolemy.moml.MoMLSimpleApplication@7ac7800a
reloadAllAccessors: .FSM1

===========================================================================================
----------------- testing Sat Jun 29 04:43:08 UTC 2019 /home/travis/build/icyphy/ptII/ptolemy/domains/de/test/auto/FSM7.xml
----------------- Instantiating /home/travis/build/icyphy/ptII/ptolemy/domains/de/test/auto/FSM7.xml
21 ms. Memory: 45056K Free: 20167K (45%)
----------------- Invoking toplevel() on ptolemy.moml.MoMLSimpleApplication@134dda0a
----------------- Done invoking toplevel() on ptolemy.moml.MoMLSimpleApplication@134dda0a
reloadAllAccessors: .FSM7

===========================================================================================
----------------- testing Sat Jun 29 04:43:08 UTC 2019 /home/travis/build/icyphy/ptII/ptolemy/domains/de/test/auto/Inspection.xml
----------------- Instantiating /home/travis/build/icyphy/ptII/ptolemy/domains/de/test/auto/Inspection.xml
20 ms. Memory: 45056K Free: 30674K (68%)
----------------- Invoking toplevel() on ptolemy.moml.MoMLSimpleApplication@6183aa47
----------------- Done invoking toplevel() on ptolemy.moml.MoMLSimpleApplication@6183aa47
reloadAllAccessors: .Inspection

===========================================================================================
----------------- testing Sat Jun 29 04:43:08 UTC 2019 /home/travis/build/icyphy/ptII/ptolemy/domains/de/test/auto/Iteration.xml
----------------- Instantiating /home/travis/build/icyphy/ptII/ptolemy/domains/de/test/auto/Iteration.xml
12 ms. Memory: 45056K Free: 23960K (53%)
----------------- Invoking toplevel() on ptolemy.moml.MoMLSimpleApplication@43ee4960
----------------- Done invoking toplevel() on ptolemy.moml.MoMLSimpleApplication@43ee4960
reloadAllAccessors: .Iteration

===========================================================================================
----------------- testing Sat Jun 29 04:43:08 UTC 2019 /home/travis/build/icyphy/ptII/ptolemy/domains/de/test/auto/LineFault.xml
----------------- Instantiating /home/travis/build/icyphy/ptII/ptolemy/domains/de/test/auto/LineFault.xml
461 ms. Memory: 45056K Free: 15889K (35%)
----------------- Invoking toplevel() on ptolemy.moml.MoMLSimpleApplication@2b9ba886
----------------- Done invoking toplevel() on ptolemy.moml.MoMLSimpleApplication@2b9ba886
reloadAllAccessors: .LineFault

===========================================================================================
----------------- testing Sat Jun 29 04:43:09 UTC 2019 /home/travis/build/icyphy/ptII/ptolemy/domains/de/test/auto/MergeModel1Add.xml
----------------- Instantiating /home/travis/build/icyphy/ptII/ptolemy/domains/de/test/auto/MergeModel1Add.xml
9 ms. Memory: 45056K Free: 16283K (36%)
----------------- Invoking toplevel() on ptolemy.moml.MoMLSimpleApplication@2ca4776a
----------------- Done invoking toplevel() on ptolemy.moml.MoMLSimpleApplication@2ca4776a
reloadAllAccessors: .MergeModel1Add

===========================================================================================
----------------- testing Sat Jun 29 04:43:09 UTC 2019 /home/travis/build/icyphy/ptII/ptolemy/domains/de/test/auto/MergeModel2Add.xml
----------------- Instantiating /home/travis/build/icyphy/ptII/ptolemy/domains/de/test/auto/MergeModel2Add.xml
6 ms. Memory: 45056K Free: 17646K (39%)
----------------- Invoking toplevel() on ptolemy.moml.MoMLSimpleApplication@50ee441d
----------------- Done invoking toplevel() on ptolemy.moml.MoMLSimpleApplication@50ee441d
reloadAllAccessors: .MergeModel2Add

===========================================================================================
----------------- testing Sat Jun 29 04:43:09 UTC 2019 /home/travis/build/icyphy/ptII/ptolemy/domains/de/test/auto/MergeModel3Add.xml
----------------- Instantiating /home/travis/build/icyphy/ptII/ptolemy/domains/de/test/auto/MergeModel3Add.xml
5 ms. Memory: 45056K Free: 18603K (41%)
----------------- Invoking toplevel() on ptolemy.moml.MoMLSimpleApplication@457873e4
----------------- Done invoking toplevel() on ptolemy.moml.MoMLSimpleApplication@457873e4
reloadAllAccessors: .MergeModel3Add

===========================================================================================
----------------- testing Sat Jun 29 04:43:09 UTC 2019 /home/travis/build/icyphy/ptII/ptolemy/domains/de/test/auto/MergeWithoutDiscard.xml
----------------- Instantiating /home/travis/build/icyphy/ptII/ptolemy/domains/de/test/auto/MergeWithoutDiscard.xml
1 ms. Memory: 45056K Free: 14290K (32%)
----------------- Invoking toplevel() on ptolemy.moml.MoMLSimpleApplication@199f7059
----------------- Done invoking toplevel() on ptolemy.moml.MoMLSimpleApplication@199f7059
reloadAllAccessors: .MergeWithoutDiscard

===========================================================================================
----------------- testing Sat Jun 29 04:43:09 UTC 2019 /home/travis/build/icyphy/ptII/ptolemy/domains/de/test/auto/Modal1.xml
----------------- Instantiating /home/travis/build/icyphy/ptII/ptolemy/domains/de/test/auto/Modal1.xml
15 ms. Memory: 45056K Free: 21826K (48%)
----------------- Invoking toplevel() on ptolemy.moml.MoMLSimpleApplication@320a0f8f
----------------- Done invoking toplevel() on ptolemy.moml.MoMLSimpleApplication@320a0f8f
reloadAllAccessors: .Modal1

===========================================================================================
----------------- testing Sat Jun 29 04:43:09 UTC 2019 /home/travis/build/icyphy/ptII/ptolemy/domains/de/test/auto/Modal2.xml
----------------- Instantiating /home/travis/build/icyphy/ptII/ptolemy/domains/de/test/auto/Modal2.xml
9 ms. Memory: 45056K Free: 9884K (22%)
----------------- Invoking toplevel() on ptolemy.moml.MoMLSimpleApplication@6bcf6fe6
----------------- Done invoking toplevel() on ptolemy.moml.MoMLSimpleApplication@6bcf6fe6
reloadAllAccessors: .Modal2

===========================================================================================
----------------- testing Sat Jun 29 04:43:09 UTC 2019 /home/travis/build/icyphy/ptII/ptolemy/domains/de/test/auto/Modal3.xml
----------------- Instantiating /home/travis/build/icyphy/ptII/ptolemy/domains/de/test/auto/Modal3.xml
8 ms. Memory: 45056K Free: 17513K (39%)
----------------- Invoking toplevel() on ptolemy.moml.MoMLSimpleApplication@5b2a054f
----------------- Done invoking toplevel() on ptolemy.moml.MoMLSimpleApplication@5b2a054f
reloadAllAccessors: .Modal3

===========================================================================================
----------------- testing Sat Jun 29 04:43:09 UTC 2019 /home/travis/build/icyphy/ptII/ptolemy/domains/de/test/auto/Modal4.xml
----------------- Instantiating /home/travis/build/icyphy/ptII/ptolemy/domains/de/test/auto/Modal4.xml
13 ms. Memory: 62464K Free: 41172K (66%)
----------------- Invoking toplevel() on ptolemy.moml.MoMLSimpleApplication@1e8242d2
----------------- Done invoking toplevel() on ptolemy.moml.MoMLSimpleApplication@1e8242d2
reloadAllAccessors: .Modal4

===========================================================================================
----------------- testing Sat Jun 29 04:43:09 UTC 2019 /home/travis/build/icyphy/ptII/ptolemy/domains/de/test/auto/Modal5.xml
----------------- Instantiating /home/travis/build/icyphy/ptII/ptolemy/domains/de/test/auto/Modal5.xml
12 ms. Memory: 62464K Free: 28562K (46%)
----------------- Invoking toplevel() on ptolemy.moml.MoMLSimpleApplication@647bf5f2
----------------- Done invoking toplevel() on ptolemy.moml.MoMLSimpleApplication@647bf5f2
reloadAllAccessors: .Modal5

===========================================================================================
----------------- testing Sat Jun 29 04:43:09 UTC 2019 /home/travis/build/icyphy/ptII/ptolemy/domains/de/test/auto/Modal6.xml
----------------- Instantiating /home/travis/build/icyphy/ptII/ptolemy/domains/de/test/auto/Modal6.xml
13 ms. Memory: 62464K Free: 42711K (68%)
----------------- Invoking toplevel() on ptolemy.moml.MoMLSimpleApplication@76cf241e
----------------- Done invoking toplevel() on ptolemy.moml.MoMLSimpleApplication@76cf241e
reloadAllAccessors: .Modal6

===========================================================================================
----------------- testing Sat Jun 29 04:43:09 UTC 2019 /home/travis/build/icyphy/ptII/ptolemy/domains/de/test/auto/Modal7.xml
----------------- Instantiating /home/travis/build/icyphy/ptII/ptolemy/domains/de/test/auto/Modal7.xml
7 ms. Memory: 62464K Free: 29400K (47%)
----------------- Invoking toplevel() on ptolemy.moml.MoMLSimpleApplication@6e918dab
----------------- Done invoking toplevel() on ptolemy.moml.MoMLSimpleApplication@6e918dab
reloadAllAccessors: .Modal7

===========================================================================================
----------------- testing Sat Jun 29 04:43:09 UTC 2019 /home/travis/build/icyphy/ptII/ptolemy/domains/de/test/auto/ModalModel.xml
----------------- Instantiating /home/travis/build/icyphy/ptII/ptolemy/domains/de/test/auto/ModalModel.xml
147 ms. Memory: 113664K Free: 96233K (85%)
----------------- Invoking toplevel() on ptolemy.moml.MoMLSimpleApplication@22dd4d1a
----------------- Done invoking toplevel() on ptolemy.moml.MoMLSimpleApplication@22dd4d1a
reloadAllAccessors: .ModalModel

===========================================================================================
----------------- testing Sat Jun 29 04:43:09 UTC 2019 /home/travis/build/icyphy/ptII/ptolemy/domains/de/test/auto/ModalSource.xml
----------------- Instantiating /home/travis/build/icyphy/ptII/ptolemy/domains/de/test/auto/ModalSource.xml
7 ms. Memory: 113664K Free: 87497K (77%)
----------------- Invoking toplevel() on ptolemy.moml.MoMLSimpleApplication@32cacdde
----------------- Done invoking toplevel() on ptolemy.moml.MoMLSimpleApplication@32cacdde
reloadAllAccessors: .ModalSource

===========================================================================================
----------------- testing Sat Jun 29 04:43:09 UTC 2019 /home/travis/build/icyphy/ptII/ptolemy/domains/de/test/auto/NonInterruptibleTimerZeroDelay.xml
----------------- Instantiating /home/travis/build/icyphy/ptII/ptolemy/domains/de/test/auto/NonInterruptibleTimerZeroDelay.xml
6 ms. Memory: 113664K Free: 83417K (73%)
----------------- Invoking toplevel() on ptolemy.moml.MoMLSimpleApplication@236823e
----------------- Done invoking toplevel() on ptolemy.moml.MoMLSimpleApplication@236823e
reloadAllAccessors: .NonInterruptibleTimerZeroDelay

===========================================================================================
----------------- testing Sat Jun 29 04:43:09 UTC 2019 /home/travis/build/icyphy/ptII/ptolemy/domains/de/test/auto/OpenQueueingNetwork.xml
----------------- Instantiating /home/travis/build/icyphy/ptII/ptolemy/domains/de/test/auto/OpenQueueingNetwork.xml
2587 ms. Memory: 215040K Free: 116998K (54%)
----------------- Invoking toplevel() on ptolemy.moml.MoMLSimpleApplication@1792a864
----------------- Done invoking toplevel() on ptolemy.moml.MoMLSimpleApplication@1792a864
reloadAllAccessors: .OpenQueueingNetwork

===========================================================================================
----------------- testing Sat Jun 29 04:43:12 UTC 2019 /home/travis/build/icyphy/ptII/ptolemy/domains/de/test/auto/OpenQueuingNetwork.xml
----------------- Instantiating /home/travis/build/icyphy/ptII/ptolemy/domains/de/test/auto/OpenQueuingNetwork.xml
245 ms. Memory: 215040K Free: 157813K (73%)
----------------- Invoking toplevel() on ptolemy.moml.MoMLSimpleApplication@4d432d87
----------------- Done invoking toplevel() on ptolemy.moml.MoMLSimpleApplication@4d432d87
reloadAllAccessors: .OpenQueuingNetwork

===========================================================================================
----------------- testing Sat Jun 29 04:43:12 UTC 2019 /home/travis/build/icyphy/ptII/ptolemy/domains/de/test/auto/PeriodicSampler.xml
----------------- Instantiating /home/travis/build/icyphy/ptII/ptolemy/domains/de/test/auto/PeriodicSampler.xml
2 ms. Memory: 215040K Free: 153203K (71%)
----------------- Invoking toplevel() on ptolemy.moml.MoMLSimpleApplication@3036122a
----------------- Done invoking toplevel() on ptolemy.moml.MoMLSimpleApplication@3036122a
reloadAllAccessors: .PeriodicSampler

===========================================================================================
----------------- testing Sat Jun 29 04:43:12 UTC 2019 /home/travis/build/icyphy/ptII/ptolemy/domains/de/test/auto/PersistentIO.xml
----------------- Instantiating /home/travis/build/icyphy/ptII/ptolemy/domains/de/test/auto/PersistentIO.xml
3 ms. Memory: 215040K Free: 143957K (67%)
----------------- Invoking toplevel() on ptolemy.moml.MoMLSimpleApplication@5548a0f5
----------------- Done invoking toplevel() on ptolemy.moml.MoMLSimpleApplication@5548a0f5
reloadAllAccessors: .PersistentIO

===========================================================================================
----------------- testing Sat Jun 29 04:43:13 UTC 2019 /home/travis/build/icyphy/ptII/ptolemy/domains/de/test/auto/PortParameterResetOnInitialize.xml
----------------- Instantiating /home/travis/build/icyphy/ptII/ptolemy/domains/de/test/auto/PortParameterResetOnInitialize.xml
2 ms. Memory: 215040K Free: 139381K (65%)
----------------- Invoking toplevel() on ptolemy.moml.MoMLSimpleApplication@69d2a4ed
----------------- Done invoking toplevel() on ptolemy.moml.MoMLSimpleApplication@69d2a4ed
reloadAllAccessors: .PortParameterResetOnInitialize

===========================================================================================
----------------- testing Sat Jun 29 04:43:13 UTC 2019 /home/travis/build/icyphy/ptII/ptolemy/domains/de/test/auto/PortParameterUpdates.xml
----------------- Instantiating /home/travis/build/icyphy/ptII/ptolemy/domains/de/test/auto/PortParameterUpdates.xml
4 ms. Memory: 215040K Free: 133237K (62%)
----------------- Invoking toplevel() on ptolemy.moml.MoMLSimpleApplication@4169e5c0
----------------- Done invoking toplevel() on ptolemy.moml.MoMLSimpleApplication@4169e5c0
reloadAllAccessors: .PortParameterUpdates

===========================================================================================
----------------- testing Sat Jun 29 04:43:13 UTC 2019 /home/travis/build/icyphy/ptII/ptolemy/domains/de/test/auto/QueueAndServer.xml
----------------- Instantiating /home/travis/build/icyphy/ptII/ptolemy/domains/de/test/auto/QueueAndServer.xml
7 ms. Memory: 215040K Free: 125555K (58%)
----------------- Invoking toplevel() on ptolemy.moml.MoMLSimpleApplication@6a2e54b5
----------------- Done invoking toplevel() on ptolemy.moml.MoMLSimpleApplication@6a2e54b5
reloadAllAccessors: .QueueAndServer

===========================================================================================
----------------- testing Sat Jun 29 04:43:13 UTC 2019 /home/travis/build/icyphy/ptII/ptolemy/domains/de/test/auto/Records.xml
----------------- Instantiating /home/travis/build/icyphy/ptII/ptolemy/domains/de/test/auto/Records.xml
10 ms. Memory: 215040K Free: 119925K (56%)
----------------- Invoking toplevel() on ptolemy.moml.MoMLSimpleApplication@217dab78
----------------- Done invoking toplevel() on ptolemy.moml.MoMLSimpleApplication@217dab78
reloadAllAccessors: .Records

===========================================================================================
----------------- testing Sat Jun 29 04:43:13 UTC 2019 /home/travis/build/icyphy/ptII/ptolemy/domains/de/test/auto/ResetTransitionWithStartTime1.xml
----------------- Instantiating /home/travis/build/icyphy/ptII/ptolemy/domains/de/test/auto/ResetTransitionWithStartTime1.xml
4 ms. Memory: 215040K Free: 111733K (52%)
----------------- Invoking toplevel() on ptolemy.moml.MoMLSimpleApplication@1b2d8757
----------------- Done invoking toplevel() on ptolemy.moml.MoMLSimpleApplication@1b2d8757
reloadAllAccessors: .ResetTransitionWithStartTime1

===========================================================================================
----------------- testing Sat Jun 29 04:43:13 UTC 2019 /home/travis/build/icyphy/ptII/ptolemy/domains/de/test/auto/ResetTransitionWithStartTime2.xml
----------------- Instantiating /home/travis/build/icyphy/ptII/ptolemy/domains/de/test/auto/ResetTransitionWithStartTime2.xml
5 ms. Memory: 215040K Free: 103541K (48%)
----------------- Invoking toplevel() on ptolemy.moml.MoMLSimpleApplication@4c106b33
----------------- Done invoking toplevel() on ptolemy.moml.MoMLSimpleApplication@4c106b33
reloadAllAccessors: .ResetTransitionWithStartTime2

===========================================================================================
----------------- testing Sat Jun 29 04:43:13 UTC 2019 /home/travis/build/icyphy/ptII/ptolemy/domains/de/test/auto/ResetTransitionWithStartTime3.xml
----------------- Instantiating /home/travis/build/icyphy/ptII/ptolemy/domains/de/test/auto/ResetTransitionWithStartTime3.xml
5 ms. Memory: 215040K Free: 95349K (44%)
----------------- Invoking toplevel() on ptolemy.moml.MoMLSimpleApplication@326fe95
----------------- Done invoking toplevel() on ptolemy.moml.MoMLSimpleApplication@326fe95
reloadAllAccessors: .ResetTransitionWithStartTime3

===========================================================================================
----------------- testing Sat Jun 29 04:43:13 UTC 2019 /home/travis/build/icyphy/ptII/ptolemy/domains/de/test/auto/ResetTransitionWithStartTime4.xml
----------------- Instantiating /home/travis/build/icyphy/ptII/ptolemy/domains/de/test/auto/ResetTransitionWithStartTime4.xml
3 ms. Memory: 215040K Free: 87661K (41%)
----------------- Invoking toplevel() on ptolemy.moml.MoMLSimpleApplication@4a092173
----------------- Done invoking toplevel() on ptolemy.moml.MoMLSimpleApplication@4a092173
reloadAllAccessors: .ResetTransitionWithStartTime4

===========================================================================================
----------------- testing Sat Jun 29 04:43:13 UTC 2019 /home/travis/build/icyphy/ptII/ptolemy/domains/de/test/auto/ResettableTimer1.xml
----------------- Instantiating /home/travis/build/icyphy/ptII/ptolemy/domains/de/test/auto/ResettableTimer1.xml
2 ms. Memory: 215040K Free: 83557K (39%)
----------------- Invoking toplevel() on ptolemy.moml.MoMLSimpleApplication@3d5db443
----------------- Done invoking toplevel() on ptolemy.moml.MoMLSimpleApplication@3d5db443
reloadAllAccessors: .ResettableTimer1

===========================================================================================
----------------- testing Sat Jun 29 04:43:13 UTC 2019 /home/travis/build/icyphy/ptII/ptolemy/domains/de/test/auto/ResettableTimer2.xml
----------------- Instantiating /home/travis/build/icyphy/ptII/ptolemy/domains/de/test/auto/ResettableTimer2.xml
2 ms. Memory: 215040K Free: 79445K (37%)
----------------- Invoking toplevel() on ptolemy.moml.MoMLSimpleApplication@1e9a34e2
----------------- Done invoking toplevel() on ptolemy.moml.MoMLSimpleApplication@1e9a34e2
reloadAllAccessors: .ResettableTimer2

===========================================================================================
----------------- testing Sat Jun 29 04:43:13 UTC 2019 /home/travis/build/icyphy/ptII/ptolemy/domains/de/test/auto/ResettableTimer3.xml
----------------- Instantiating /home/travis/build/icyphy/ptII/ptolemy/domains/de/test/auto/ResettableTimer3.xml
6 ms. Memory: 270336K Free: 254151K (94%)
----------------- Invoking toplevel() on ptolemy.moml.MoMLSimpleApplication@68d3fcdb
----------------- Done invoking toplevel() on ptolemy.moml.MoMLSimpleApplication@68d3fcdb
reloadAllAccessors: .ResettableTimer3

===========================================================================================
----------------- testing Sat Jun 29 04:43:13 UTC 2019 /home/travis/build/icyphy/ptII/ptolemy/domains/de/test/auto/ResettableTimer4.xml
----------------- Instantiating /home/travis/build/icyphy/ptII/ptolemy/domains/de/test/auto/ResettableTimer4.xml
4 ms. Memory: 270336K Free: 250055K (92%)
----------------- Invoking toplevel() on ptolemy.moml.MoMLSimpleApplication@10210d48
----------------- Done invoking toplevel() on ptolemy.moml.MoMLSimpleApplication@10210d48
reloadAllAccessors: .ResettableTimer4

===========================================================================================
----------------- testing Sat Jun 29 04:43:13 UTC 2019 /home/travis/build/icyphy/ptII/ptolemy/domains/de/test/auto/ResettableTimer5.xml
----------------- Instantiating /home/travis/build/icyphy/ptII/ptolemy/domains/de/test/auto/ResettableTimer5.xml
2 ms. Memory: 270336K Free: 245959K (91%)
----------------- Invoking toplevel() on ptolemy.moml.MoMLSimpleApplication@2931fcaa
----------------- Done invoking toplevel() on ptolemy.moml.MoMLSimpleApplication@2931fcaa
reloadAllAccessors: .ResettableTimer5

===========================================================================================
----------------- testing Sat Jun 29 04:43:13 UTC 2019 /home/travis/build/icyphy/ptII/ptolemy/domains/de/test/auto/ResettableTimer6.xml
----------------- Instantiating /home/travis/build/icyphy/ptII/ptolemy/domains/de/test/auto/ResettableTimer6.xml
7 ms. Memory: 270336K Free: 241351K (89%)
----------------- Invoking toplevel() on ptolemy.moml.MoMLSimpleApplication@4fc8cab1
----------------- Done invoking toplevel() on ptolemy.moml.MoMLSimpleApplication@4fc8cab1
reloadAllAccessors: .ResettableTimer6

===========================================================================================
----------------- testing Sat Jun 29 04:43:13 UTC 2019 /home/travis/build/icyphy/ptII/ptolemy/domains/de/test/auto/ServerZeroDelay.xml
----------------- Instantiating /home/travis/build/icyphy/ptII/ptolemy/domains/de/test/auto/ServerZeroDelay.xml
3 ms. Memory: 270336K Free: 237257K (88%)
----------------- Invoking toplevel() on ptolemy.moml.MoMLSimpleApplication@591cd139
----------------- Done invoking toplevel() on ptolemy.moml.MoMLSimpleApplication@591cd139
reloadAllAccessors: .ServerZeroDelay

===========================================================================================
----------------- testing Sat Jun 29 04:43:13 UTC 2019 /home/travis/build/icyphy/ptII/ptolemy/domains/de/test/auto/SmartSender.xml
----------------- Instantiating /home/travis/build/icyphy/ptII/ptolemy/domains/de/test/auto/SmartSender.xml
3001 ms. Memory: 270336K Free: 233161K (86%)
----------------- Invoking toplevel() on ptolemy.moml.MoMLSimpleApplication@63765591
----------------- Done invoking toplevel() on ptolemy.moml.MoMLSimpleApplication@63765591
reloadAllAccessors: .SmartSender

===========================================================================================
----------------- testing Sat Jun 29 04:43:16 UTC 2019 /home/travis/build/icyphy/ptII/ptolemy/domains/de/test/auto/ThreadedComposite.xml
----------------- Instantiating /home/travis/build/icyphy/ptII/ptolemy/domains/de/test/auto/ThreadedComposite.xml
109 ms. Memory: 270336K Free: 213191K (79%)
----------------- Invoking toplevel() on ptolemy.moml.MoMLSimpleApplication@f184688
----------------- Done invoking toplevel() on ptolemy.moml.MoMLSimpleApplication@f184688
reloadAllAccessors: .ThreadedComposite

===========================================================================================
----------------- testing Sat Jun 29 04:43:16 UTC 2019 /home/travis/build/icyphy/ptII/ptolemy/domains/de/test/auto/Time.xml
----------------- Instantiating /home/travis/build/icyphy/ptII/ptolemy/domains/de/test/auto/Time.xml
457 ms. Memory: 270336K Free: 158919K (59%)
----------------- Invoking toplevel() on ptolemy.moml.MoMLSimpleApplication@2ba468b9
----------------- Done invoking toplevel() on ptolemy.moml.MoMLSimpleApplication@2ba468b9
reloadAllAccessors: .Time

===========================================================================================
----------------- testing Sat Jun 29 04:43:16 UTC 2019 /home/travis/build/icyphy/ptII/ptolemy/domains/de/test/auto/TimeDelayZeroDelay.xml
----------------- Instantiating /home/travis/build/icyphy/ptII/ptolemy/domains/de/test/auto/TimeDelayZeroDelay.xml
2 ms. Memory: 270336K Free: 154793K (57%)
----------------- Invoking toplevel() on ptolemy.moml.MoMLSimpleApplication@164c08f9
----------------- Done invoking toplevel() on ptolemy.moml.MoMLSimpleApplication@164c08f9
reloadAllAccessors: .TimeDelayZeroDelay

===========================================================================================
----------------- testing Sat Jun 29 04:43:16 UTC 2019 /home/travis/build/icyphy/ptII/ptolemy/domains/de/test/auto/TimerZeroDelay.xml
----------------- Instantiating /home/travis/build/icyphy/ptII/ptolemy/domains/de/test/auto/TimerZeroDelay.xml
2 ms. Memory: 270336K Free: 150697K (56%)
----------------- Invoking toplevel() on ptolemy.moml.MoMLSimpleApplication@6f3c759c
----------------- Done invoking toplevel() on ptolemy.moml.MoMLSimpleApplication@6f3c759c
reloadAllAccessors: .TimerZeroDelay

===========================================================================================
----------------- testing Sat Jun 29 04:43:16 UTC 2019 /home/travis/build/icyphy/ptII/ptolemy/domains/de/test/auto/TimingParadox.xml
----------------- Instantiating /home/travis/build/icyphy/ptII/ptolemy/domains/de/test/auto/TimingParadox.xml
310 ms. Memory: 270336K Free: 237789K (88%)
----------------- Invoking toplevel() on ptolemy.moml.MoMLSimpleApplication@4613bfd0
----------------- Done invoking toplevel() on ptolemy.moml.MoMLSimpleApplication@4613bfd0
reloadAllAccessors: .TimingParadox

===========================================================================================
----------------- testing Sat Jun 29 04:43:17 UTC 2019 /home/travis/build/icyphy/ptII/ptolemy/domains/de/test/auto/TransferInputs.xml
----------------- Instantiating /home/travis/build/icyphy/ptII/ptolemy/domains/de/test/auto/TransferInputs.xml
2 ms. Memory: 270336K Free: 232602K (86%)
----------------- Invoking toplevel() on ptolemy.moml.MoMLSimpleApplication@4dc22b7f
----------------- Done invoking toplevel() on ptolemy.moml.MoMLSimpleApplication@4dc22b7f
reloadAllAccessors: .TransferInputs

===========================================================================================
----------------- testing Sat Jun 29 04:43:17 UTC 2019 /home/travis/build/icyphy/ptII/ptolemy/domains/de/test/auto/TransferOutputs2.xml
----------------- Instantiating /home/travis/build/icyphy/ptII/ptolemy/domains/de/test/auto/TransferOutputs2.xml
4 ms. Memory: 270336K Free: 224424K (83%)
----------------- Invoking toplevel() on ptolemy.moml.MoMLSimpleApplication@6e3dfd0e
----------------- Done invoking toplevel() on ptolemy.moml.MoMLSimpleApplication@6e3dfd0e
reloadAllAccessors: .TransferOutputs2

===========================================================================================
----------------- testing Sat Jun 29 04:43:17 UTC 2019 /home/travis/build/icyphy/ptII/ptolemy/domains/de/test/auto/Trilateration.xml
----------------- Instantiating /home/travis/build/icyphy/ptII/ptolemy/domains/de/test/auto/Trilateration.xml
11609 ms. Memory: 513024K Free: 456979K (89%)
----------------- Invoking toplevel() on ptolemy.moml.MoMLSimpleApplication@3be576d
----------------- Done invoking toplevel() on ptolemy.moml.MoMLSimpleApplication@3be576d
reloadAllAccessors: .Trilateration

===========================================================================================
----------------- testing Sat Jun 29 04:43:29 UTC 2019 /home/travis/build/icyphy/ptII/ptolemy/domains/de/test/auto/TwoSigmaDelta.xml
----------------- Instantiating /home/travis/build/icyphy/ptII/ptolemy/domains/de/test/auto/TwoSigmaDelta.xml
2094 ms. Memory: 513024K Free: 254257K (50%)
----------------- Invoking toplevel() on ptolemy.moml.MoMLSimpleApplication@2b890507
----------------- Done invoking toplevel() on ptolemy.moml.MoMLSimpleApplication@2b890507
reloadAllAccessors: .TwoSigmaDelta

===========================================================================================
----------------- testing Sat Jun 29 04:43:31 UTC 2019 /home/travis/build/icyphy/ptII/ptolemy/domains/de/test/auto/VariableDelay.xml
----------------- Instantiating /home/travis/build/icyphy/ptII/ptolemy/domains/de/test/auto/VariableDelay.xml
2 ms. Memory: 513024K Free: 249651K (49%)
----------------- Invoking toplevel() on ptolemy.moml.MoMLSimpleApplication@3fa61ba2
----------------- Done invoking toplevel() on ptolemy.moml.MoMLSimpleApplication@3fa61ba2
reloadAllAccessors: .VariableDelay

===========================================================================================
----------------- testing Sat Jun 29 04:43:31 UTC 2019 /home/travis/build/icyphy/ptII/ptolemy/domains/de/test/auto/VariableDelay2.xml
----------------- Instantiating /home/travis/build/icyphy/ptII/ptolemy/domains/de/test/auto/VariableDelay2.xml
1 ms. Memory: 513024K Free: 245027K (48%)
----------------- Invoking toplevel() on ptolemy.moml.MoMLSimpleApplication@7ea69ac8
----------------- Done invoking toplevel() on ptolemy.moml.MoMLSimpleApplication@7ea69ac8
reloadAllAccessors: .VariableDelay2

===========================================================================================
----------------- testing Sat Jun 29 04:43:31 UTC 2019 /home/travis/build/icyphy/ptII/ptolemy/domains/de/test/auto/VariableDelayZeroDelay.xml
----------------- Instantiating /home/travis/build/icyphy/ptII/ptolemy/domains/de/test/auto/VariableDelayZeroDelay.xml
2 ms. Memory: 513024K Free: 240945K (47%)
----------------- Invoking toplevel() on ptolemy.moml.MoMLSimpleApplication@4aff2a8f
----------------- Done invoking toplevel() on ptolemy.moml.MoMLSimpleApplication@4aff2a8f
reloadAllAccessors: .VariableDelayZeroDelay

===========================================================================================
----------------- testing Sat Jun 29 04:43:31 UTC 2019 /home/travis/build/icyphy/ptII/ptolemy/domains/de/test/auto/VariableDelayZeroDelay2.xml
----------------- Instantiating /home/travis/build/icyphy/ptII/ptolemy/domains/de/test/auto/VariableDelayZeroDelay2.xml
2 ms. Memory: 513024K Free: 236339K (46%)
----------------- Invoking toplevel() on ptolemy.moml.MoMLSimpleApplication@775de8a2
----------------- Done invoking toplevel() on ptolemy.moml.MoMLSimpleApplication@775de8a2
reloadAllAccessors: .VariableDelayZeroDelay2

===========================================================================================
----------------- testing Sat Jun 29 04:43:31 UTC 2019 /home/travis/build/icyphy/ptII/ptolemy/domains/de/test/auto/deInCt.xml
----------------- Instantiating /home/travis/build/icyphy/ptII/ptolemy/domains/de/test/auto/deInCt.xml
0
1
1
1
0
0
0
1
1
1
1
0
0
0
1
1
1
0
0
0
1
1
1
1
1
0
0
0
0
0
0
1
1
1
1
0
0
0
0
8 ms. Memory: 513024K Free: 231219K (45%)
----------------- Invoking toplevel() on ptolemy.moml.MoMLSimpleApplication@7da45f39
----------------- Done invoking toplevel() on ptolemy.moml.MoMLSimpleApplication@7da45f39
reloadAllAccessors: .deInCt

===========================================================================================
----------------- testing Sat Jun 29 04:43:31 UTC 2019 /home/travis/build/icyphy/ptII/ptolemy/domains/de/test/auto/deInCt2.xml
----------------- Instantiating /home/travis/build/icyphy/ptII/ptolemy/domains/de/test/auto/deInCt2.xml
0
1
1
1
0
0
1
1
1
0
0
1
1
1
0
0
1
1
1
0
0
1
1
1
0
0
1
1
1
0
0
1
1
1
0
0
1
1
1
0
0
0
13 ms. Memory: 513024K Free: 226097K (44%)
----------------- Invoking toplevel() on ptolemy.moml.MoMLSimpleApplication@4d001bc0
----------------- Done invoking toplevel() on ptolemy.moml.MoMLSimpleApplication@4d001bc0
reloadAllAccessors: .deInCt2

===========================================================================================
----------------- testing Sat Jun 29 04:43:31 UTC 2019 /home/travis/build/icyphy/ptII/ptolemy/domains/de/test/auto/dynamicCausalityInterface1.xml
----------------- Instantiating /home/travis/build/icyphy/ptII/ptolemy/domains/de/test/auto/dynamicCausalityInterface1.xml
0 ms. Memory: 513024K Free: 216883K (42%)
----------------- Invoking toplevel() on ptolemy.moml.MoMLSimpleApplication@c0746f8
----------------- Done invoking toplevel() on ptolemy.moml.MoMLSimpleApplication@c0746f8
reloadAllAccessors: .dynamicCausalityInterface1

===========================================================================================
----------------- testing Sat Jun 29 04:43:31 UTC 2019 /home/travis/build/icyphy/ptII/ptolemy/domains/de/test/auto/fsm_de_test.xml
----------------- Instantiating /home/travis/build/icyphy/ptII/ptolemy/domains/de/test/auto/fsm_de_test.xml
15 ms. Memory: 513024K Free: 207667K (40%)
----------------- Invoking toplevel() on ptolemy.moml.MoMLSimpleApplication@79aa6cf7
----------------- Done invoking toplevel() on ptolemy.moml.MoMLSimpleApplication@79aa6cf7
reloadAllAccessors: .fsm_de_test

===========================================================================================
----------------- testing Sat Jun 29 04:43:31 UTC 2019 /home/travis/build/icyphy/ptII/ptolemy/domains/de/test/auto/functionDependencyReconstruction.xml
----------------- Instantiating /home/travis/build/icyphy/ptII/ptolemy/domains/de/test/auto/functionDependencyReconstruction.xml
2 ms. Memory: 513024K Free: 192817K (38%)
----------------- Invoking toplevel() on ptolemy.moml.MoMLSimpleApplication@7ea60fda
----------------- Done invoking toplevel() on ptolemy.moml.MoMLSimpleApplication@7ea60fda
reloadAllAccessors: .functionDependencyReconstruction

===========================================================================================
----------------- testing Sat Jun 29 04:43:32 UTC 2019 /home/travis/build/icyphy/ptII/ptolemy/domains/de/test/auto/multirate.xml
----------------- Instantiating /home/travis/build/icyphy/ptII/ptolemy/domains/de/test/auto/multirate.xml
3 ms. Memory: 513024K Free: 186163K (36%)
----------------- Invoking toplevel() on ptolemy.moml.MoMLSimpleApplication@df0f09
----------------- Done invoking toplevel() on ptolemy.moml.MoMLSimpleApplication@df0f09
reloadAllAccessors: .multirate

===========================================================================================
----------------- testing Sat Jun 29 04:43:32 UTC 2019 /home/travis/build/icyphy/ptII/ptolemy/domains/de/test/auto/multirate2.xml
----------------- Instantiating /home/travis/build/icyphy/ptII/ptolemy/domains/de/test/auto/multirate2.xml
2 ms. Memory: 513024K Free: 480547K (94%)
----------------- Invoking toplevel() on ptolemy.moml.MoMLSimpleApplication@5988c848
----------------- Done invoking toplevel() on ptolemy.moml.MoMLSimpleApplication@5988c848
reloadAllAccessors: .multirate2

===========================================================================================
----------------- testing Sat Jun 29 04:43:32 UTC 2019 /home/travis/build/icyphy/ptII/ptolemy/domains/de/test/auto/realtime.xml
----------------- Instantiating /home/travis/build/icyphy/ptII/ptolemy/domains/de/test/auto/realtime.xml
10001 ms. Memory: 513024K Free: 475955K (93%)
----------------- Invoking toplevel() on ptolemy.moml.MoMLSimpleApplication@6f04134f
----------------- Done invoking toplevel() on ptolemy.moml.MoMLSimpleApplication@6f04134f
reloadAllAccessors: .realtime

===========================================================================================
----------------- testing Sat Jun 29 04:43:42 UTC 2019 /home/travis/build/icyphy/ptII/ptolemy/domains/de/test/auto/relationGroup.xml
----------------- Instantiating /home/travis/build/icyphy/ptII/ptolemy/domains/de/test/auto/relationGroup.xml
7 ms. Memory: 513024K Free: 472369K (92%)
----------------- Invoking toplevel() on ptolemy.moml.MoMLSimpleApplication@27914905
----------------- Done invoking toplevel() on ptolemy.moml.MoMLSimpleApplication@27914905
reloadAllAccessors: .relationGroup

===========================================================================================
----------------- testing Sat Jun 29 04:43:42 UTC 2019 /home/travis/build/icyphy/ptII/ptolemy/domains/de/test/auto/relationGroup2.xml
----------------- Instantiating /home/travis/build/icyphy/ptII/ptolemy/domains/de/test/auto/relationGroup2.xml
2 ms. Memory: 513024K Free: 468787K (91%)
----------------- Invoking toplevel() on ptolemy.moml.MoMLSimpleApplication@5df0c363
----------------- Done invoking toplevel() on ptolemy.moml.MoMLSimpleApplication@5df0c363
reloadAllAccessors: .relationGroup2

===========================================================================================
----------------- testing Sat Jun 29 04:43:42 UTC 2019 /home/travis/build/icyphy/ptII/ptolemy/domains/de/test/auto/sortWithOpaquePorts.xml
----------------- Instantiating /home/travis/build/icyphy/ptII/ptolemy/domains/de/test/auto/sortWithOpaquePorts.xml
1 ms. Memory: 513024K Free: 464163K (90%)
----------------- Invoking toplevel() on ptolemy.moml.MoMLSimpleApplication@6951bf5c
----------------- Done invoking toplevel() on ptolemy.moml.MoMLSimpleApplication@6951bf5c
reloadAllAccessors: .sortWithOpaquePorts

===========================================================================================
----------------- testing Sat Jun 29 04:43:42 UTC 2019 /home/travis/build/icyphy/ptII/ptolemy/domains/de/test/auto/transferInputsandOutputs.xml
----------------- Instantiating /home/travis/build/icyphy/ptII/ptolemy/domains/de/test/auto/transferInputsandOutputs.xml
1 ms. Memory: 513024K Free: 457523K (89%)
----------------- Invoking toplevel() on ptolemy.moml.MoMLSimpleApplication@60358162
----------------- Done invoking toplevel() on ptolemy.moml.MoMLSimpleApplication@60358162
reloadAllAccessors: .transferInputsandOutputs

===========================================================================================
----------------- testing Sat Jun 29 04:43:42 UTC 2019 /home/travis/build/icyphy/ptII/ptolemy/domains/de/test/auto/triggerType.xml
----------------- Instantiating /home/travis/build/icyphy/ptII/ptolemy/domains/de/test/auto/triggerType.xml
1 ms. Memory: 513024K Free: 453427K (88%)
----------------- Invoking toplevel() on ptolemy.moml.MoMLSimpleApplication@576190a5
----------------- Done invoking toplevel() on ptolemy.moml.MoMLSimpleApplication@576190a5
reloadAllAccessors: .triggerType
AutoTests.java: About to close Vertx.
AutoTests.java: Vertx closed.
]]></system-out>
  <system-err><![CDATA[java.lang.RuntimeException: Execution failed
	at ptolemy.moml.MoMLSimpleApplication$UnloadThread.run(MoMLSimpleApplication.java:402)
Caused by: ptolemy.kernel.util.IllegalActionException: Found a zero delay loop containing .dependencyLoop.original
  in .dependencyLoop and .dependencyLoop.original
	at ptolemy.actor.util.CausalityInterfaceForComposites._computeOutputPortDepth(CausalityInterfaceForComposites.java:759)
	at ptolemy.actor.util.CausalityInterfaceForComposites._computeInputDepth(CausalityInterfaceForComposites.java:696)
	at ptolemy.actor.util.CausalityInterfaceForComposites._computeOutputPortDepth(CausalityInterfaceForComposites.java:765)
	at ptolemy.actor.util.CausalityInterfaceForComposites._computeInputDepth(CausalityInterfaceForComposites.java:696)
	at ptolemy.actor.util.CausalityInterfaceForComposites._computeOutputPortDepth(CausalityInterfaceForComposites.java:765)
	at ptolemy.actor.util.CausalityInterfaceForComposites._computeInputDepth(CausalityInterfaceForComposites.java:696)
	at ptolemy.actor.util.CausalityInterfaceForComposites._computeActorDepth(CausalityInterfaceForComposites.java:532)
	at ptolemy.actor.util.CausalityInterfaceForComposites.checkForCycles(CausalityInterfaceForComposites.java:96)
	at ptolemy.domains.de.kernel.DEDirector.preinitialize(DEDirector.java:1338)
	at ptolemy.actor.CompositeActor.preinitialize(CompositeActor.java:1828)
	at ptolemy.actor.Manager.preinitializeAndResolveTypes(Manager.java:1040)
	at ptolemy.actor.Manager.initialize(Manager.java:710)
	at ptolemy.actor.Manager.execute(Manager.java:356)
	at ptolemy.actor.Manager.run(Manager.java:1263)
	at ptolemy.actor.Manager$PtolemyRunThread.run(Manager.java:1915)
java.lang.RuntimeException: Execution failed
	at ptolemy.moml.MoMLSimpleApplication$UnloadThread.run(MoMLSimpleApplication.java:402)
Caused by: ptolemy.kernel.util.IllegalActionException: Found a zero delay loop containing .dependencyLoop2.original
  in .dependencyLoop2 and .dependencyLoop2.original
	at ptolemy.actor.util.CausalityInterfaceForComposites._computeOutputPortDepth(CausalityInterfaceForComposites.java:759)
	at ptolemy.actor.util.CausalityInterfaceForComposites._computeInputDepth(CausalityInterfaceForComposites.java:696)
	at ptolemy.actor.util.CausalityInterfaceForComposites._computeOutputPortDepth(CausalityInterfaceForComposites.java:765)
	at ptolemy.actor.util.CausalityInterfaceForComposites._computeInputDepth(CausalityInterfaceForComposites.java:696)
	at ptolemy.actor.util.CausalityInterfaceForComposites._computeOutputPortDepth(CausalityInterfaceForComposites.java:765)
	at ptolemy.actor.util.CausalityInterfaceForComposites._computeInputDepth(CausalityInterfaceForComposites.java:696)
	at ptolemy.actor.util.CausalityInterfaceForComposites._computeActorDepth(CausalityInterfaceForComposites.java:532)
	at ptolemy.actor.util.CausalityInterfaceForComposites.checkForCycles(CausalityInterfaceForComposites.java:96)
	at ptolemy.domains.de.kernel.DEDirector.preinitialize(DEDirector.java:1338)
	at ptolemy.actor.CompositeActor.preinitialize(CompositeActor.java:1828)
	at ptolemy.actor.Manager.preinitializeAndResolveTypes(Manager.java:1040)
	at ptolemy.actor.Manager.initialize(Manager.java:710)
	at ptolemy.actor.Manager.execute(Manager.java:356)
	at ptolemy.actor.Manager.run(Manager.java:1263)
	at ptolemy.actor.Manager$PtolemyRunThread.run(Manager.java:1915)
java.lang.RuntimeException: Execution failed
	at ptolemy.moml.MoMLSimpleApplication$UnloadThread.run(MoMLSimpleApplication.java:402)
Caused by: ptolemy.kernel.util.IllegalActionException: Test fails in iteration 1.
Value was: 1.0. Should have been: 2.0
  in .DirectFeedback.Test
	at ptolemy.actor.lib.Test.fire(Test.java:268)
	at ptolemy.domains.de.kernel.DEDirector._fire(DEDirector.java:1949)
	at ptolemy.domains.de.kernel.DEDirector.fire(DEDirector.java:502)
	at ptolemy.actor.CompositeActor.fire(CompositeActor.java:455)
	at ptolemy.actor.Manager.iterate(Manager.java:851)
	at ptolemy.actor.Manager.execute(Manager.java:369)
	at ptolemy.actor.Manager.run(Manager.java:1263)
	at ptolemy.actor.Manager$PtolemyRunThread.run(Manager.java:1915)
java.lang.RuntimeException: Execution failed
	at ptolemy.moml.MoMLSimpleApplication$UnloadThread.run(MoMLSimpleApplication.java:402)
Caused by: ptolemy.kernel.util.IllegalActionException: Found a zero delay loop containing .dependencyLoop.original
  in .dependencyLoop and .dependencyLoop.original
	at ptolemy.actor.util.CausalityInterfaceForComposites._computeOutputPortDepth(CausalityInterfaceForComposites.java:759)
	at ptolemy.actor.util.CausalityInterfaceForComposites._computeInputDepth(CausalityInterfaceForComposites.java:696)
	at ptolemy.actor.util.CausalityInterfaceForComposites._computeOutputPortDepth(CausalityInterfaceForComposites.java:765)
	at ptolemy.actor.util.CausalityInterfaceForComposites._computeInputDepth(CausalityInterfaceForComposites.java:696)
	at ptolemy.actor.util.CausalityInterfaceForComposites._computeOutputPortDepth(CausalityInterfaceForComposites.java:765)
	at ptolemy.actor.util.CausalityInterfaceForComposites._computeInputDepth(CausalityInterfaceForComposites.java:696)
	at ptolemy.actor.util.CausalityInterfaceForComposites._computeActorDepth(CausalityInterfaceForComposites.java:532)
	at ptolemy.actor.util.CausalityInterfaceForComposites.checkForCycles(CausalityInterfaceForComposites.java:96)
	at ptolemy.domains.de.kernel.DEDirector.preinitialize(DEDirector.java:1338)
	at ptolemy.actor.CompositeActor.preinitialize(CompositeActor.java:1828)
	at ptolemy.actor.Manager.preinitializeAndResolveTypes(Manager.java:1040)
	at ptolemy.actor.Manager.initialize(Manager.java:710)
	at ptolemy.actor.Manager.execute(Manager.java:356)
	at ptolemy.actor.Manager.run(Manager.java:1263)
	at ptolemy.actor.Manager$PtolemyRunThread.run(Manager.java:1915)
java.lang.RuntimeException: Execution failed
	at ptolemy.moml.MoMLSimpleApplication$UnloadThread.run(MoMLSimpleApplication.java:402)
Caused by: ptolemy.kernel.util.IllegalActionException: Found a zero delay loop containing .HierarchicalModel.A
  in .HierarchicalModel and .HierarchicalModel.A
	at ptolemy.actor.util.CausalityInterfaceForComposites._computeOutputPortDepth(CausalityInterfaceForComposites.java:759)
	at ptolemy.actor.util.CausalityInterfaceForComposites._computeInputDepth(CausalityInterfaceForComposites.java:696)
	at ptolemy.actor.util.CausalityInterfaceForComposites._computeOutputPortDepth(CausalityInterfaceForComposites.java:765)
	at ptolemy.actor.util.CausalityInterfaceForComposites._computeInputDepth(CausalityInterfaceForComposites.java:696)
	at ptolemy.actor.util.CausalityInterfaceForComposites._computeOutputPortDepth(CausalityInterfaceForComposites.java:765)
	at ptolemy.actor.util.CausalityInterfaceForComposites._computeInputDepth(CausalityInterfaceForComposites.java:696)
	at ptolemy.actor.util.CausalityInterfaceForComposites._computeActorDepth(CausalityInterfaceForComposites.java:532)
	at ptolemy.actor.util.CausalityInterfaceForComposites.checkForCycles(CausalityInterfaceForComposites.java:96)
	at ptolemy.domains.de.kernel.DEDirector.preinitialize(DEDirector.java:1338)
	at ptolemy.actor.CompositeActor.preinitialize(CompositeActor.java:1828)
	at ptolemy.actor.Manager.preinitializeAndResolveTypes(Manager.java:1040)
	at ptolemy.actor.Manager.initialize(Manager.java:710)
	at ptolemy.actor.Manager.execute(Manager.java:356)
	at ptolemy.actor.Manager.run(Manager.java:1263)
	at ptolemy.actor.Manager$PtolemyRunThread.run(Manager.java:1915)
java.lang.RuntimeException: Execution failed
	at ptolemy.moml.MoMLSimpleApplication$UnloadThread.run(MoMLSimpleApplication.java:402)
Caused by: ptolemy.kernel.util.IllegalActionException: Found a zero delay loop containing .dependencyLoop2.original
  in .dependencyLoop2 and .dependencyLoop2.original
	at ptolemy.actor.util.CausalityInterfaceForComposites._computeOutputPortDepth(CausalityInterfaceForComposites.java:759)
	at ptolemy.actor.util.CausalityInterfaceForComposites._computeInputDepth(CausalityInterfaceForComposites.java:696)
	at ptolemy.actor.util.CausalityInterfaceForComposites._computeOutputPortDepth(CausalityInterfaceForComposites.java:765)
	at ptolemy.actor.util.CausalityInterfaceForComposites._computeInputDepth(CausalityInterfaceForComposites.java:696)
	at ptolemy.actor.util.CausalityInterfaceForComposites._computeOutputPortDepth(CausalityInterfaceForComposites.java:765)
	at ptolemy.actor.util.CausalityInterfaceForComposites._computeInputDepth(CausalityInterfaceForComposites.java:696)
	at ptolemy.actor.util.CausalityInterfaceForComposites._computeActorDepth(CausalityInterfaceForComposites.java:532)
	at ptolemy.actor.util.CausalityInterfaceForComposites.checkForCycles(CausalityInterfaceForComposites.java:96)
	at ptolemy.domains.de.kernel.DEDirector.preinitialize(DEDirector.java:1338)
	at ptolemy.actor.CompositeActor.preinitialize(CompositeActor.java:1828)
	at ptolemy.actor.Manager.preinitializeAndResolveTypes(Manager.java:1040)
	at ptolemy.actor.Manager.initialize(Manager.java:710)
	at ptolemy.actor.Manager.execute(Manager.java:356)
	at ptolemy.actor.Manager.run(Manager.java:1263)
	at ptolemy.actor.Manager$PtolemyRunThread.run(Manager.java:1915)
java.lang.RuntimeException: Execution failed
	at ptolemy.moml.MoMLSimpleApplication$UnloadThread.run(MoMLSimpleApplication.java:402)
Caused by: ptolemy.kernel.util.IllegalActionException: Actor is not ready to fire.  Perhaps UpSample.prefire() returned false? Try debugging the actor by selecting "Listen to Actor".  Also, for SDF check moml for tokenConsumptionRate on input.
  in .DESDFClockTest.Play Bell.Copy1:SDF Director and .DESDFClockTest.Play Bell.UpSample
	at ptolemy.actor.sched.StaticSchedulingDirector.fire(StaticSchedulingDirector.java:227)
	at ptolemy.domains.sdf.kernel.SDFDirector.fire(SDFDirector.java:500)
	at ptolemy.actor.CompositeActor.fire(CompositeActor.java:455)
	at ptolemy.domains.de.kernel.DEDirector._fire(DEDirector.java:1949)
	at ptolemy.domains.de.kernel.DEDirector.fire(DEDirector.java:502)
	at ptolemy.actor.CompositeActor.fire(CompositeActor.java:455)
	at ptolemy.actor.Manager.iterate(Manager.java:851)
	at ptolemy.actor.Manager.execute(Manager.java:369)
	at ptolemy.actor.Manager.run(Manager.java:1263)
	at ptolemy.actor.Manager$PtolemyRunThread.run(Manager.java:1915)
java.lang.RuntimeException: Execution failed
	at ptolemy.moml.MoMLSimpleApplication$UnloadThread.run(MoMLSimpleApplication.java:402)
Caused by: ptolemy.kernel.util.IllegalActionException: Actor is not ready to fire.  Perhaps UpSample.prefire() returned false? Try debugging the actor by selecting "Listen to Actor".  Also, for SDF check moml for tokenConsumptionRate on input.
  in .DESDFClockTest.Play Bell.Copy1:SDF Director and .DESDFClockTest.Play Bell.UpSample
	at ptolemy.actor.sched.StaticSchedulingDirector.fire(StaticSchedulingDirector.java:227)
	at ptolemy.domains.sdf.kernel.SDFDirector.fire(SDFDirector.java:500)
	at ptolemy.actor.CompositeActor.fire(CompositeActor.java:455)
	at ptolemy.domains.de.kernel.DEDirector._fire(DEDirector.java:1949)
	at ptolemy.domains.de.kernel.DEDirector.fire(DEDirector.java:502)
	at ptolemy.actor.CompositeActor.fire(CompositeActor.java:455)
	at ptolemy.actor.Manager.iterate(Manager.java:851)
	at ptolemy.actor.Manager.execute(Manager.java:369)
	at ptolemy.actor.Manager.run(Manager.java:1263)
	at ptolemy.actor.Manager$PtolemyRunThread.run(Manager.java:1915)
java.lang.reflect.InvocationTargetException
	at java.base/jdk.internal.reflect.NativeConstructorAccessorImpl.newInstance0(Native Method)
	at java.base/jdk.internal.reflect.NativeConstructorAccessorImpl.newInstance(NativeConstructorAccessorImpl.java:62)
	at java.base/jdk.internal.reflect.DelegatingConstructorAccessorImpl.newInstance(DelegatingConstructorAccessorImpl.java:45)
	at java.base/java.lang.reflect.Constructor.newInstance(Constructor.java:490)
	at ptolemy.util.test.junit.AutoKnownFailedTests.RunModel(AutoKnownFailedTests.java:105)
	at java.base/jdk.internal.reflect.NativeMethodAccessorImpl.invoke0(Native Method)
	at java.base/jdk.internal.reflect.NativeMethodAccessorImpl.invoke(NativeMethodAccessorImpl.java:62)
	at java.base/jdk.internal.reflect.DelegatingMethodAccessorImpl.invoke(DelegatingMethodAccessorImpl.java:43)
	at java.base/java.lang.reflect.Method.invoke(Method.java:566)
	at org.junit.runners.model.FrameworkMethod$1.runReflectiveCall(FrameworkMethod.java:44)
	at org.junit.internal.runners.model.ReflectiveCallable.run(ReflectiveCallable.java:15)
	at org.junit.runners.model.FrameworkMethod.invokeExplosively(FrameworkMethod.java:41)
	at junitparams.internal.InvokeParameterisedMethod.evaluate(InvokeParameterisedMethod.java:102)
	at org.junit.internal.runners.statements.FailOnTimeout$1.run(FailOnTimeout.java:28)
Caused by: ptolemy.kernel.util.IllegalActionException: Actor is not ready to fire.  Perhaps UpSample.prefire() returned false? Try debugging the actor by selecting "Listen to Actor".  Also, for SDF check moml for tokenConsumptionRate on input.
  in .DESDFClockTest.Play Bell.Copy1:SDF Director and .DESDFClockTest.Play Bell.UpSample
	at ptolemy.actor.sched.StaticSchedulingDirector.fire(StaticSchedulingDirector.java:227)
	at ptolemy.domains.sdf.kernel.SDFDirector.fire(SDFDirector.java:500)
	at ptolemy.actor.CompositeActor.fire(CompositeActor.java:455)
	at ptolemy.domains.de.kernel.DEDirector._fire(DEDirector.java:1949)
	at ptolemy.domains.de.kernel.DEDirector.fire(DEDirector.java:502)
	at ptolemy.actor.CompositeActor.fire(CompositeActor.java:455)
	at ptolemy.actor.Manager.iterate(Manager.java:851)
	at ptolemy.actor.Manager.execute(Manager.java:369)
	at ptolemy.actor.Manager.run(Manager.java:1263)
	at ptolemy.actor.Manager$PtolemyRunThread.run(Manager.java:1915)
java.lang.RuntimeException: Execution failed
	at ptolemy.moml.MoMLSimpleApplication$UnloadThread.run(MoMLSimpleApplication.java:402)
Caused by: ptolemy.kernel.util.IllegalActionException: Test fails in iteration 1.
Value was: 1.0. Should have been: 2.0
  in .DirectFeedback.Test
	at ptolemy.actor.lib.Test.fire(Test.java:268)
	at ptolemy.domains.de.kernel.DEDirector._fire(DEDirector.java:1949)
	at ptolemy.domains.de.kernel.DEDirector.fire(DEDirector.java:502)
	at ptolemy.actor.CompositeActor.fire(CompositeActor.java:455)
	at ptolemy.actor.Manager.iterate(Manager.java:851)
	at ptolemy.actor.Manager.execute(Manager.java:369)
	at ptolemy.actor.Manager.run(Manager.java:1263)
	at ptolemy.actor.Manager$PtolemyRunThread.run(Manager.java:1915)
java.lang.reflect.InvocationTargetException
	at java.base/jdk.internal.reflect.NativeConstructorAccessorImpl.newInstance0(Native Method)
	at java.base/jdk.internal.reflect.NativeConstructorAccessorImpl.newInstance(NativeConstructorAccessorImpl.java:62)
	at java.base/jdk.internal.reflect.DelegatingConstructorAccessorImpl.newInstance(DelegatingConstructorAccessorImpl.java:45)
	at java.base/java.lang.reflect.Constructor.newInstance(Constructor.java:490)
	at ptolemy.util.test.junit.AutoKnownFailedTests.RunModel(AutoKnownFailedTests.java:105)
	at java.base/jdk.internal.reflect.NativeMethodAccessorImpl.invoke0(Native Method)
	at java.base/jdk.internal.reflect.NativeMethodAccessorImpl.invoke(NativeMethodAccessorImpl.java:62)
	at java.base/jdk.internal.reflect.DelegatingMethodAccessorImpl.invoke(DelegatingMethodAccessorImpl.java:43)
	at java.base/java.lang.reflect.Method.invoke(Method.java:566)
	at org.junit.runners.model.FrameworkMethod$1.runReflectiveCall(FrameworkMethod.java:44)
	at org.junit.internal.runners.model.ReflectiveCallable.run(ReflectiveCallable.java:15)
	at org.junit.runners.model.FrameworkMethod.invokeExplosively(FrameworkMethod.java:41)
	at junitparams.internal.InvokeParameterisedMethod.evaluate(InvokeParameterisedMethod.java:102)
	at org.junit.internal.runners.statements.FailOnTimeout$1.run(FailOnTimeout.java:28)
Caused by: ptolemy.kernel.util.IllegalActionException: Test fails in iteration 1.
Value was: 1.0. Should have been: 2.0
  in .DirectFeedback.Test
	at ptolemy.actor.lib.Test.fire(Test.java:268)
	at ptolemy.domains.de.kernel.DEDirector._fire(DEDirector.java:1949)
	at ptolemy.domains.de.kernel.DEDirector.fire(DEDirector.java:502)
	at ptolemy.actor.CompositeActor.fire(CompositeActor.java:455)
	at ptolemy.actor.Manager.iterate(Manager.java:851)
	at ptolemy.actor.Manager.execute(Manager.java:369)
	at ptolemy.actor.Manager.run(Manager.java:1263)
	at ptolemy.actor.Manager$PtolemyRunThread.run(Manager.java:1915)
java.lang.RuntimeException: Execution failed
	at ptolemy.moml.MoMLSimpleApplication$UnloadThread.run(MoMLSimpleApplication.java:402)
Caused by: ptolemy.kernel.util.IllegalActionException: Found a zero delay loop containing .HierarchicalModel.A
  in .HierarchicalModel and .HierarchicalModel.A
	at ptolemy.actor.util.CausalityInterfaceForComposites._computeOutputPortDepth(CausalityInterfaceForComposites.java:759)
	at ptolemy.actor.util.CausalityInterfaceForComposites._computeInputDepth(CausalityInterfaceForComposites.java:696)
	at ptolemy.actor.util.CausalityInterfaceForComposites._computeOutputPortDepth(CausalityInterfaceForComposites.java:765)
	at ptolemy.actor.util.CausalityInterfaceForComposites._computeInputDepth(CausalityInterfaceForComposites.java:696)
	at ptolemy.actor.util.CausalityInterfaceForComposites._computeOutputPortDepth(CausalityInterfaceForComposites.java:765)
	at ptolemy.actor.util.CausalityInterfaceForComposites._computeInputDepth(CausalityInterfaceForComposites.java:696)
	at ptolemy.actor.util.CausalityInterfaceForComposites._computeActorDepth(CausalityInterfaceForComposites.java:532)
	at ptolemy.actor.util.CausalityInterfaceForComposites.checkForCycles(CausalityInterfaceForComposites.java:96)
	at ptolemy.domains.de.kernel.DEDirector.preinitialize(DEDirector.java:1338)
	at ptolemy.actor.CompositeActor.preinitialize(CompositeActor.java:1828)
	at ptolemy.actor.Manager.preinitializeAndResolveTypes(Manager.java:1040)
	at ptolemy.actor.Manager.initialize(Manager.java:710)
	at ptolemy.actor.Manager.execute(Manager.java:356)
	at ptolemy.actor.Manager.run(Manager.java:1263)
	at ptolemy.actor.Manager$PtolemyRunThread.run(Manager.java:1915)
java.lang.reflect.InvocationTargetException
	at java.base/jdk.internal.reflect.NativeConstructorAccessorImpl.newInstance0(Native Method)
	at java.base/jdk.internal.reflect.NativeConstructorAccessorImpl.newInstance(NativeConstructorAccessorImpl.java:62)
	at java.base/jdk.internal.reflect.DelegatingConstructorAccessorImpl.newInstance(DelegatingConstructorAccessorImpl.java:45)
	at java.base/java.lang.reflect.Constructor.newInstance(Constructor.java:490)
	at ptolemy.util.test.junit.AutoKnownFailedTests.RunModel(AutoKnownFailedTests.java:105)
	at java.base/jdk.internal.reflect.NativeMethodAccessorImpl.invoke0(Native Method)
	at java.base/jdk.internal.reflect.NativeMethodAccessorImpl.invoke(NativeMethodAccessorImpl.java:62)
	at java.base/jdk.internal.reflect.DelegatingMethodAccessorImpl.invoke(DelegatingMethodAccessorImpl.java:43)
	at java.base/java.lang.reflect.Method.invoke(Method.java:566)
	at org.junit.runners.model.FrameworkMethod$1.runReflectiveCall(FrameworkMethod.java:44)
	at org.junit.internal.runners.model.ReflectiveCallable.run(ReflectiveCallable.java:15)
	at org.junit.runners.model.FrameworkMethod.invokeExplosively(FrameworkMethod.java:41)
	at junitparams.internal.InvokeParameterisedMethod.evaluate(InvokeParameterisedMethod.java:102)
	at org.junit.internal.runners.statements.FailOnTimeout$1.run(FailOnTimeout.java:28)
Caused by: ptolemy.kernel.util.IllegalActionException: Found a zero delay loop containing .HierarchicalModel.A
  in .HierarchicalModel and .HierarchicalModel.A
	at ptolemy.actor.util.CausalityInterfaceForComposites._computeOutputPortDepth(CausalityInterfaceForComposites.java:759)
	at ptolemy.actor.util.CausalityInterfaceForComposites._computeInputDepth(CausalityInterfaceForComposites.java:696)
	at ptolemy.actor.util.CausalityInterfaceForComposites._computeOutputPortDepth(CausalityInterfaceForComposites.java:765)
	at ptolemy.actor.util.CausalityInterfaceForComposites._computeInputDepth(CausalityInterfaceForComposites.java:696)
	at ptolemy.actor.util.CausalityInterfaceForComposites._computeOutputPortDepth(CausalityInterfaceForComposites.java:765)
	at ptolemy.actor.util.CausalityInterfaceForComposites._computeInputDepth(CausalityInterfaceForComposites.java:696)
	at ptolemy.actor.util.CausalityInterfaceForComposites._computeActorDepth(CausalityInterfaceForComposites.java:532)
	at ptolemy.actor.util.CausalityInterfaceForComposites.checkForCycles(CausalityInterfaceForComposites.java:96)
	at ptolemy.domains.de.kernel.DEDirector.preinitialize(DEDirector.java:1338)
	at ptolemy.actor.CompositeActor.preinitialize(CompositeActor.java:1828)
	at ptolemy.actor.Manager.preinitializeAndResolveTypes(Manager.java:1040)
	at ptolemy.actor.Manager.initialize(Manager.java:710)
	at ptolemy.actor.Manager.execute(Manager.java:356)
	at ptolemy.actor.Manager.run(Manager.java:1263)
	at ptolemy.actor.Manager$PtolemyRunThread.run(Manager.java:1915)
java.lang.RuntimeException: Execution failed
	at ptolemy.moml.MoMLSimpleApplication$UnloadThread.run(MoMLSimpleApplication.java:402)
Caused by: ptolemy.kernel.util.IllegalActionException: Found a zero delay loop containing .dependencyLoop.original
  in .dependencyLoop and .dependencyLoop.original
	at ptolemy.actor.util.CausalityInterfaceForComposites._computeOutputPortDepth(CausalityInterfaceForComposites.java:759)
	at ptolemy.actor.util.CausalityInterfaceForComposites._computeInputDepth(CausalityInterfaceForComposites.java:696)
	at ptolemy.actor.util.CausalityInterfaceForComposites._computeOutputPortDepth(CausalityInterfaceForComposites.java:765)
	at ptolemy.actor.util.CausalityInterfaceForComposites._computeInputDepth(CausalityInterfaceForComposites.java:696)
	at ptolemy.actor.util.CausalityInterfaceForComposites._computeOutputPortDepth(CausalityInterfaceForComposites.java:765)
	at ptolemy.actor.util.CausalityInterfaceForComposites._computeInputDepth(CausalityInterfaceForComposites.java:696)
	at ptolemy.actor.util.CausalityInterfaceForComposites._computeActorDepth(CausalityInterfaceForComposites.java:532)
	at ptolemy.actor.util.CausalityInterfaceForComposites.checkForCycles(CausalityInterfaceForComposites.java:96)
	at ptolemy.domains.de.kernel.DEDirector.preinitialize(DEDirector.java:1338)
	at ptolemy.actor.CompositeActor.preinitialize(CompositeActor.java:1828)
	at ptolemy.actor.Manager.preinitializeAndResolveTypes(Manager.java:1040)
	at ptolemy.actor.Manager.initialize(Manager.java:710)
	at ptolemy.actor.Manager.execute(Manager.java:356)
	at ptolemy.actor.Manager.run(Manager.java:1263)
	at ptolemy.actor.Manager$PtolemyRunThread.run(Manager.java:1915)
java.lang.reflect.InvocationTargetException
	at java.base/jdk.internal.reflect.NativeConstructorAccessorImpl.newInstance0(Native Method)
	at java.base/jdk.internal.reflect.NativeConstructorAccessorImpl.newInstance(NativeConstructorAccessorImpl.java:62)
	at java.base/jdk.internal.reflect.DelegatingConstructorAccessorImpl.newInstance(DelegatingConstructorAccessorImpl.java:45)
	at java.base/java.lang.reflect.Constructor.newInstance(Constructor.java:490)
	at ptolemy.util.test.junit.AutoKnownFailedTests.RunModel(AutoKnownFailedTests.java:105)
	at java.base/jdk.internal.reflect.NativeMethodAccessorImpl.invoke0(Native Method)
	at java.base/jdk.internal.reflect.NativeMethodAccessorImpl.invoke(NativeMethodAccessorImpl.java:62)
	at java.base/jdk.internal.reflect.DelegatingMethodAccessorImpl.invoke(DelegatingMethodAccessorImpl.java:43)
	at java.base/java.lang.reflect.Method.invoke(Method.java:566)
	at org.junit.runners.model.FrameworkMethod$1.runReflectiveCall(FrameworkMethod.java:44)
	at org.junit.internal.runners.model.ReflectiveCallable.run(ReflectiveCallable.java:15)
	at org.junit.runners.model.FrameworkMethod.invokeExplosively(FrameworkMethod.java:41)
	at junitparams.internal.InvokeParameterisedMethod.evaluate(InvokeParameterisedMethod.java:102)
	at org.junit.internal.runners.statements.FailOnTimeout$1.run(FailOnTimeout.java:28)
Caused by: ptolemy.kernel.util.IllegalActionException: Found a zero delay loop containing .dependencyLoop.original
  in .dependencyLoop and .dependencyLoop.original
	at ptolemy.actor.util.CausalityInterfaceForComposites._computeOutputPortDepth(CausalityInterfaceForComposites.java:759)
	at ptolemy.actor.util.CausalityInterfaceForComposites._computeInputDepth(CausalityInterfaceForComposites.java:696)
	at ptolemy.actor.util.CausalityInterfaceForComposites._computeOutputPortDepth(CausalityInterfaceForComposites.java:765)
	at ptolemy.actor.util.CausalityInterfaceForComposites._computeInputDepth(CausalityInterfaceForComposites.java:696)
	at ptolemy.actor.util.CausalityInterfaceForComposites._computeOutputPortDepth(CausalityInterfaceForComposites.java:765)
	at ptolemy.actor.util.CausalityInterfaceForComposites._computeInputDepth(CausalityInterfaceForComposites.java:696)
	at ptolemy.actor.util.CausalityInterfaceForComposites._computeActorDepth(CausalityInterfaceForComposites.java:532)
	at ptolemy.actor.util.CausalityInterfaceForComposites.checkForCycles(CausalityInterfaceForComposites.java:96)
	at ptolemy.domains.de.kernel.DEDirector.preinitialize(DEDirector.java:1338)
	at ptolemy.actor.CompositeActor.preinitialize(CompositeActor.java:1828)
	at ptolemy.actor.Manager.preinitializeAndResolveTypes(Manager.java:1040)
	at ptolemy.actor.Manager.initialize(Manager.java:710)
	at ptolemy.actor.Manager.execute(Manager.java:356)
	at ptolemy.actor.Manager.run(Manager.java:1263)
	at ptolemy.actor.Manager$PtolemyRunThread.run(Manager.java:1915)
java.lang.RuntimeException: Execution failed
	at ptolemy.moml.MoMLSimpleApplication$UnloadThread.run(MoMLSimpleApplication.java:402)
Caused by: ptolemy.kernel.util.IllegalActionException: Found a zero delay loop containing .dependencyLoop2.original
  in .dependencyLoop2 and .dependencyLoop2.original
	at ptolemy.actor.util.CausalityInterfaceForComposites._computeOutputPortDepth(CausalityInterfaceForComposites.java:759)
	at ptolemy.actor.util.CausalityInterfaceForComposites._computeInputDepth(CausalityInterfaceForComposites.java:696)
	at ptolemy.actor.util.CausalityInterfaceForComposites._computeOutputPortDepth(CausalityInterfaceForComposites.java:765)
	at ptolemy.actor.util.CausalityInterfaceForComposites._computeInputDepth(CausalityInterfaceForComposites.java:696)
	at ptolemy.actor.util.CausalityInterfaceForComposites._computeOutputPortDepth(CausalityInterfaceForComposites.java:765)
	at ptolemy.actor.util.CausalityInterfaceForComposites._computeInputDepth(CausalityInterfaceForComposites.java:696)
	at ptolemy.actor.util.CausalityInterfaceForComposites._computeActorDepth(CausalityInterfaceForComposites.java:532)
	at ptolemy.actor.util.CausalityInterfaceForComposites.checkForCycles(CausalityInterfaceForComposites.java:96)
	at ptolemy.domains.de.kernel.DEDirector.preinitialize(DEDirector.java:1338)
	at ptolemy.actor.CompositeActor.preinitialize(CompositeActor.java:1828)
	at ptolemy.actor.Manager.preinitializeAndResolveTypes(Manager.java:1040)
	at ptolemy.actor.Manager.initialize(Manager.java:710)
	at ptolemy.actor.Manager.execute(Manager.java:356)
	at ptolemy.actor.Manager.run(Manager.java:1263)
	at ptolemy.actor.Manager$PtolemyRunThread.run(Manager.java:1915)
java.lang.reflect.InvocationTargetException
	at java.base/jdk.internal.reflect.NativeConstructorAccessorImpl.newInstance0(Native Method)
	at java.base/jdk.internal.reflect.NativeConstructorAccessorImpl.newInstance(NativeConstructorAccessorImpl.java:62)
	at java.base/jdk.internal.reflect.DelegatingConstructorAccessorImpl.newInstance(DelegatingConstructorAccessorImpl.java:45)
	at java.base/java.lang.reflect.Constructor.newInstance(Constructor.java:490)
	at ptolemy.util.test.junit.AutoKnownFailedTests.RunModel(AutoKnownFailedTests.java:105)
	at java.base/jdk.internal.reflect.NativeMethodAccessorImpl.invoke0(Native Method)
	at java.base/jdk.internal.reflect.NativeMethodAccessorImpl.invoke(NativeMethodAccessorImpl.java:62)
	at java.base/jdk.internal.reflect.DelegatingMethodAccessorImpl.invoke(DelegatingMethodAccessorImpl.java:43)
	at java.base/java.lang.reflect.Method.invoke(Method.java:566)
	at org.junit.runners.model.FrameworkMethod$1.runReflectiveCall(FrameworkMethod.java:44)
	at org.junit.internal.runners.model.ReflectiveCallable.run(ReflectiveCallable.java:15)
	at org.junit.runners.model.FrameworkMethod.invokeExplosively(FrameworkMethod.java:41)
	at junitparams.internal.InvokeParameterisedMethod.evaluate(InvokeParameterisedMethod.java:102)
	at org.junit.internal.runners.statements.FailOnTimeout$1.run(FailOnTimeout.java:28)
Caused by: ptolemy.kernel.util.IllegalActionException: Found a zero delay loop containing .dependencyLoop2.original
  in .dependencyLoop2 and .dependencyLoop2.original
	at ptolemy.actor.util.CausalityInterfaceForComposites._computeOutputPortDepth(CausalityInterfaceForComposites.java:759)
	at ptolemy.actor.util.CausalityInterfaceForComposites._computeInputDepth(CausalityInterfaceForComposites.java:696)
	at ptolemy.actor.util.CausalityInterfaceForComposites._computeOutputPortDepth(CausalityInterfaceForComposites.java:765)
	at ptolemy.actor.util.CausalityInterfaceForComposites._computeInputDepth(CausalityInterfaceForComposites.java:696)
	at ptolemy.actor.util.CausalityInterfaceForComposites._computeOutputPortDepth(CausalityInterfaceForComposites.java:765)
	at ptolemy.actor.util.CausalityInterfaceForComposites._computeInputDepth(CausalityInterfaceForComposites.java:696)
	at ptolemy.actor.util.CausalityInterfaceForComposites._computeActorDepth(CausalityInterfaceForComposites.java:532)
	at ptolemy.actor.util.CausalityInterfaceForComposites.checkForCycles(CausalityInterfaceForComposites.java:96)
	at ptolemy.domains.de.kernel.DEDirector.preinitialize(DEDirector.java:1338)
	at ptolemy.actor.CompositeActor.preinitialize(CompositeActor.java:1828)
	at ptolemy.actor.Manager.preinitializeAndResolveTypes(Manager.java:1040)
	at ptolemy.actor.Manager.initialize(Manager.java:710)
	at ptolemy.actor.Manager.execute(Manager.java:356)
	at ptolemy.actor.Manager.run(Manager.java:1263)
	at ptolemy.actor.Manager$PtolemyRunThread.run(Manager.java:1915)
]]></system-err>
</testsuite>
