<?xml version="1.0" encoding="UTF-8" ?>
<testsuite errors="0" failures="0" hostname="travis-job-439cd180-f432-4150-941a-172ae7396855" name="ptolemy.actor.lib.test.junit.JUnitTclTest" skipped="0" tests="517" time="60.873" timestamp="2020-01-27T06:54:17">
  <properties>
    <property name="npm.executable" value="npm" />
    <property name="env.TRAVIS_ROOT" value="/" />
    <property name="ptII.mk.exists" value="true" />
    <property name="env.TRAVIS_APP_HOST" value="build.travis-ci.org" />
    <property name="env.rvm_bin_path" value="/home/travis/.rvm/bin" />
    <property name="java.home" value="/usr/local/lib/jvm/openjdk11" />
    <property name="env.TRAVIS_JOB_NUMBER" value="1483.8" />
    <property name="env.TRAVIS_HOME" value="/home/travis" />
    <property name="env.DISPLAY" value=":99.0" />
    <property name="env.TRAVIS_INIT" value="systemd" />
    <property name="env.SSH_TTY" value="/dev/pts/0" />
    <property name="java.net.preferIPv4Stack" value="true" />
    <property name="env.RUN_TESTS" value="true" />
    <property name="timeout.short" value="1000000" />
    <property name="junit.formatter" value="xml" />
    <property name="env.TRAVIS_SUDO" value="true" />
    <property name="env.TRAVIS_JOB_NAME" value="" />
    <property name="env.TRAVIS_STACK_NODE_ATTRIBUTES" value="/.node-attributes.yml" />
    <property name="env.LOGNAME" value="travis" />
    <property name="env.PT_TRAVIS_TEST_CORE1_XML" value="true" />
    <property name="jsdoc.home" value="node_modules/@terraswarm/jsdoc" />
    <property name="debuglevel" value="source,lines,vars" />
    <property name="checkstyle.formatter" value="xml" />
    <property name="env._system_version" value="16.04" />
    <property name="bin.vergil.makeable" value="true" />
    <property name="sun.os.patch.level" value="unknown" />
    <property name="java.vendor.url" value="http://java.oracle.com/" />
    <property name="env.TRAVIS_BUILD_WEB_URL" value="https://travis-ci.org/icyphy/ptII/builds/642236596" />
    <property name="java.version" value="11.0.2" />
    <property name="env.TZ" value="UTC" />
    <property name="env.TRAVIS_PULL_REQUEST_SHA" value="" />
    <property name="env.PT_NO_NET" value="true" />
    <property name="env.TRAVIS_SECURE_ENV_VARS" value="true" />
    <property name="env._system_type" value="Linux" />
    <property name="java.vendor.url.bug" value="http://bugreport.java.com/bugreport/" />
    <property name="npmjs-org-is-up" value="true" />
    <property name="env.LANGUAGE" value="en_US.UTF-8" />
    <property name="env.SSH_CLIENT" value="10.16.2.19 58624 22" />
    <property name="env.GEM_HOME" value="/home/travis/.rvm/gems/ruby-2.5.3" />
    <property name="env.HAS_ANTARES_THREE_LITTLE_FRONZIES_BADGE" value="true" />
    <property name="java.version.date" value="2019-01-15" />
    <property name="env.PS4" value="+" />
    <property name="ant.project.invoked-targets" value="build,test.core1.xml" />
    <property name="env.TRAVIS_PULL_REQUEST_BRANCH" value="" />
    <property name="env.TRAVIS_REPO_SLUG" value="icyphy/ptII" />
    <property name="env.XDG_DATA_DIRS" value="/usr/local/share:/usr/share:/var/lib/snapd/desktop" />
    <property name="jdk.debug" value="release" />
    <property name="env.TRAVIS_APT_PROXY" value="http://build-cache.travisci.net" />
    <property name="env.TRAVIS_CPU_ARCH" value="amd64" />
    <property name="node.in.path" value="true" />
    <property name="user.name" value="travis" />
    <property name="java.maxmemory" value="1400m" />
    <property name="env.RUBY_VERSION" value="ruby-2.5.3" />
    <property name="env.LANG" value="en_US.UTF-8" />
    <property name="sun.io.unicode.encoding" value="UnicodeLittle" />
    <property name="sun.jnu.encoding" value="UTF-8" />
    <property name="java.runtime.name" value="OpenJDK Runtime Environment" />
    <property name="usefile" value="false" />
    <property name="return.code" value="0" />
    <property name="junit.single.formatter" value="plain" />
    <property name="env.DYLD_LIBRARY_PATH" value="/home/travis/pthla/certi-tools/lib:" />
    <property name="env.DEBIAN_FRONTEND" value="noninteractive" />
    <property name="env.SSH_CONNECTION" value="10.16.2.19 58624 10.20.0.150 22" />
    <property name="env.MYSQL_UNIX_PORT" value="/var/run/mysqld/mysqld.sock" />
    <property name="env.LC_ALL" value="en_US.UTF-8" />
    <property name="env.TRAVIS_ALLOW_FAILURE" value="false" />
    <property name="env.TRAVIS_JOB_WEB_URL" value="https://travis-ci.org/icyphy/ptII/jobs/642236606" />
    <property name="java.specification.name" value="Java Platform API Specification" />
    <property name="node.works" value="true" />
    <property name="user.timezone" value="" />
    <property name="path.separator" value=":" />
    <property name="env.TRAVIS_ENABLE_INFRA_DETECTION" value="true" />
    <property name="env.PYTHON_CFLAGS" value="-g -fstack-protector --param=ssp-buffer-size=4 -Wformat -Werror=format-security" />
    <property name="timeout.long" value="4000000" />
    <property name="env.CERTI_HOME" value="/home/travis/pthla/certi-tools" />
    <property name="ant.file.ptII" value="/home/travis/build/icyphy/ptII/build.xml" />
    <property name="javadoc.packagenames" value="com.*,diva.*,lbnl.*,org.hlacerti.*,org.json.*,org.ptolemy.*,org.terraswarm.*,ptolemy.*,ptserver.*" />
    <property name="file.encoding" value="UTF-8" />
    <property name="env.TRAVIS_PULL_REQUEST_SLUG" value="" />
    <property name="ant.project.default-target" value="build" />
    <property name="env.GIT_ASKPASS" value="echo" />
    <property name="env.HOME" value="/home/travis" />
    <property name="sun.java.command" value="org.apache.tools.ant.taskdefs.optional.junit.JUnitTestRunner ptolemy.actor.lib.test.junit.JUnitTclTest skipNonTests=false filtertrace=true haltOnError=false haltOnFailure=false formatter=org.apache.tools.ant.taskdefs.optional.junit.OutErrSummaryJUnitResultFormatter showoutput=true outputtoformatters=true logfailedtests=true threadid=0 logtestlistenerevents=false formatter=org.apache.tools.ant.taskdefs.optional.junit.XMLJUnitResultFormatter,/home/travis/build/icyphy/ptII/reports/junit/TEST-ptolemy.actor.lib.test.junit.JUnitTclTest.xml crashfile=/home/travis/build/icyphy/ptII/junitvmwatcher5374091019228242126.properties propsfile=/home/travis/build/icyphy/ptII/junit5846578060570703025.properties" />
    <property name="env.COMPOSER_NO_INTERACTION" value="1" />
    <property name="env.MANPATH" value="/home/travis/.nvm/versions/node/v7.10.1/share/man:/home/travis/.rvm/rubies/ruby-2.5.3/share/man:/usr/local/cmake-3.12.4/man:/usr/local/clang-7.0.0/share/man:/usr/local/man:/usr/local/share/man:/usr/share/man:/home/travis/.rvm/man" />
    <property name="env.TRAVIS_TIMER_ID" value="018d672c" />
    <property name="ant.file" value="/home/travis/build/icyphy/ptII/build.xml" />
    <property name="env.TRAVIS_COMMIT_RANGE" value="d08c347ec3b0d9308b248f0a24e87de0da79b8f7...8428d4d6455adbdc6035bd3eb323dc21304fa2f7" />
    <property name="env._system_name" value="Ubuntu" />
    <property name="ptII.classpath.optional.property" value="/home/travis/build/icyphy/ptII/lib/bsh-2.0b4.jar:/home/travis/build/icyphy/ptII/lib/ptCal.jar:/home/travis/build/icyphy/ptII/lib/java_cup.jar:/home/travis/build/icyphy/ptII/lib/saxon8.jar:/home/travis/build/icyphy/ptII/lib/saxon8-dom.jar:/home/travis/build/icyphy/ptII/lib/chic.jar:/home/travis/build/icyphy/ptII/lib/ptcolt.jar:/home/travis/build/icyphy/ptII/vendors/misc/itext/iText.jar:/home/travis/build/icyphy/ptII/lib/g4ltl.jar:/home/travis/build/icyphy/ptII/lib/StructuralCoder.jar:/home/travis/build/icyphy/ptII/lib/jcerti.jar:/home/travis/build/icyphy/ptII/lib/javax.mail.jar:/home/travis/build/icyphy/ptII/vendors/JMF-2.1.1e/lib/jmf.jar:/home/travis/build/icyphy/ptII/lib/jna-4.0.0-variadic.jar:/home/travis/build/icyphy/ptII/vendors/misc/joystick/Joystick.jar:/home/travis/build/icyphy/ptII/lib/ptjacl.jar:/home/travis/build/icyphy/ptII/lib/jsoup-1.8.2.jar:/home/travis/build/icyphy/ptII/lib/junit-4.8.2.jar:/home/travis/build/icyphy/ptII/lib/JUnitParams-0.4.0.jar:/home/travis/build/icyphy/ptII/ptolemy/actor/lib/excel/jxl.jar:/home/travis/build/icyphy/ptII/lib/jython.jar:/home/travis/build/icyphy/ptII/lib/kieler.jar:/home/travis/build/icyphy/ptII/vendors/opencv/share/OpenCV/java/opencv-341.jar:/home/travis/build/icyphy/ptII/lib/oscP5.jar:/home/travis/build/icyphy/ptII/lib/nrjavaserial-3.11.0.devel.jar:/home/travis/build/icyphy/ptII/vendors/j3d/lib/Linux/j3dcore.jar:/home/travis/build/icyphy/ptII/vendors/j3d/lib/Linux/j3dutils.jar:/home/travis/build/icyphy/ptII/vendors/j3d/lib/Linux/vecmath.jar:/home/travis/build/icyphy/ptII/vendors/jogl/lib/Linux/gluegen-rt-natives-linux-amd64.jar:/home/travis/build/icyphy/ptII/vendors/jogl/lib/Linux/gluegen-rt.jar:/home/travis/build/icyphy/ptII/vendors/jogl/lib/Linux/jogl-all-natives-linux-amd64.jar:/home/travis/build/icyphy/ptII/vendors/jogl/lib/Linux/jogl-all.jar:/home/travis/build/icyphy/ptII/ptolemy/distributed/jini/jar/jini-core.jar:/home/travis/build/icyphy/ptII/ptolemy/distributed/jini/jar/jini-ext.jar:/home/travis/build/icyphy/ptII/ptolemy/distributed/jini/jar/sun-util.jar:/home/travis/build/icyphy/ptII/lib/protobuf-java-2.4.1.jar:/home/travis/build/icyphy/ptII/lib/org.eclipse.paho.client.mqttv3.jar:/home/travis/build/icyphy/ptII/lib/mapss.jar:/home/travis/build/icyphy/ptII/ptolemy/actor/ptalon/antlr/antlr.jar:/home/travis/build/icyphy/ptII/lib/JRI.jar:/home/travis/build/icyphy/ptII/lib/commons-lang-2.6.jar:/home/travis/build/icyphy/ptII/lib/commons-logging-1.1.1.jar:/home/travis/build/icyphy/ptII/lib/sootclasses.jar:/home/travis/build/icyphy/ptII/ptolemy/actor/lib/database/mysql-connector-java-5.1.6-bin.jar:/home/travis/build/icyphy/ptII/vendors/misc/sphinx4/sphinx4-data-5prealpha.jar:/home/travis/build/icyphy/ptII/vendors/misc/sphinx4/sphinx4-core-5prealpha.jar:/home/travis/build/icyphy/ptII/lib/PDFRenderer.jar:/home/travis/build/icyphy/ptII/lib/svgSalamander.jar:/home/travis/build/icyphy/ptII/lib/rsyntaxtextarea-2.6.0-SNAPSHOT.jar:/home/travis/build/icyphy/ptII/lib/hazelcast-3.8.2.jar:/home/travis/build/icyphy/ptII/lib/jackson-annotations-2.9.0.jar:/home/travis/build/icyphy/ptII/lib/jackson-core-2.9.3.jar:/home/travis/build/icyphy/ptII/lib/jackson-databind-2.9.3.jar:/home/travis/build/icyphy/ptII/lib/netty-buffer-4.1.19.Final.jar:/home/travis/build/icyphy/ptII/lib/netty-codec-4.1.19.Final.jar:/home/travis/build/icyphy/ptII/lib/netty-codec-dns-4.1.19.Final.jar:/home/travis/build/icyphy/ptII/lib/netty-codec-http-4.1.19.Final.jar:/home/travis/build/icyphy/ptII/lib/netty-codec-http2-4.1.19.Final.jar:/home/travis/build/icyphy/ptII/lib/netty-common-4.1.19.Final.jar:/home/travis/build/icyphy/ptII/lib/netty-handler-4.1.19.Final.jar:/home/travis/build/icyphy/ptII/lib/netty-resolver-4.1.19.Final.jar:/home/travis/build/icyphy/ptII/lib/netty-resolver-dns-4.1.19.Final.jar:/home/travis/build/icyphy/ptII/lib/netty-transport-4.1.19.Final.jar:/home/travis/build/icyphy/ptII/lib/vertx-codegen-3.5.1.jar:/home/travis/build/icyphy/ptII/lib/vertx-core-3.5.2-SNAPSHOT.jar:/home/travis/build/icyphy/ptII/lib/vertx-hazelcast-3.5.1.jar:/home/travis/build/icyphy/ptII/lib/vertx-lang-js-3.5.1.jar:/home/travis/build/icyphy/ptII/lib/vertx-service-proxy-3.5.1.jar:/home/travis/build/icyphy/ptII/lib/vertx-web-3.5.1.jar:/home/travis/build/icyphy/ptII/lib/slf4j-api-1.7.13.jar:/home/travis/build/icyphy/ptII/lib/slf4j-simple-1.7.13.jar:/home/travis/build/icyphy/ptII/lib/webcam-capture-0.3.12.jar:/home/travis/build/icyphy/ptII/lib/bridj-0.7.0.jar:/home/travis/build/icyphy/ptII/lib/xbjlib-1.1.0.nrjavaserial.jar" />
    <property name="timeout" value="2400000" />
    <property name="test.batch" value="**/junit/*.java" />
    <property name="env._" value="/usr/bin/timeout" />
    <property name="java.io.tmpdir" value="/tmp" />
    <property name="user.language" value="en" />
    <property name="env.TRAVIS_INTERNAL_RUBY_REGEX" value="^ruby-(2\.[0-4]\.[0-9]|1\.9\.3)" />
    <property name="env.HISTCONTROL" value="ignoredups:ignorespace" />
    <property name="env.GOROOT" value="/home/travis/.gimme/versions/go1.11.1.linux.amd64" />
    <property name="line.separator" value="&#xa;" />
    <property name="target" value="11" />
    <property name="env.TRAVIS_BUILD_DIR" value="/home/travis/build/icyphy/ptII" />
    <property name="env.ANT_OPTS" value="-Xmx2048m" />
    <property name="ant.file.type" value="file" />
    <property name="ptolemy.ptII.batchMode" value="true" />
    <property name="env.HISTSIZE" value="1000" />
    <property name="env.MERB_ENV" value="test" />
    <property name="java.vm.info" value="mixed mode" />
    <property name="source" value="11" />
    <property name="java.vm.specification.name" value="Java Virtual Machine Specification" />
    <property name="env.TRAVIS_TEST_RESULT" value="0" />
    <property name="jsdoc.command" value="node_modules/@terraswarm/jsdoc/jsdoc.js" />
    <property name="npm.works" value="true" />
    <property name="cobertura.dir" value="/home/travis/build/icyphy/ptII/vendors/cobertura-2.0.3" />
    <property name="jsdoc.command.exists" value="true" />
    <property name="env.rvm_path" value="/home/travis/.rvm" />
    <property name="env.GEM_PATH" value="/home/travis/.rvm/gems/ruby-2.5.3:/home/travis/.rvm/gems/ruby-2.5.3@global" />
    <property name="env.LC_CTYPE" value="en_US.UTF-8" />
    <property name="env.TRAVIS_CMD" value="$PTII/bin/ptIITravisBuild.sh $SECONDS" />
    <property name="java.awt.printerjob" value="sun.print.PSPrinterJob" />
    <property name="env.TRAVIS_STACK_NAME" value="sardonyx" />
    <property name="env.TRAVIS_TIMER_START_TIME" value="1580107467405577821" />
    <property name="ant.version" value="Apache Ant(TM) version 1.10.1 compiled on February 2 2017" />
    <property name="ptII.reports" value="/home/travis/build/icyphy/ptII/reports" />
    <property name="env.TRAVIS_STACK_TIMESTAMP" value="2019-03-25 16:16:56 UTC" />
    <property name="ant.file.type.ptII" value="file" />
    <property name="env.RBENV_SHELL" value="bash" />
    <property name="os.name" value="Linux" />
    <property name="java.specification.vendor" value="Oracle Corporation" />
    <property name="env.rvm_version" value="1.29.7 (latest)" />
    <property name="env.TRAVIS_INFRA" value="unknown" />
    <property name="env.TERM" value="xterm" />
    <property name="java.vm.name" value="OpenJDK 64-Bit Server VM" />
    <property name="env.TRAVIS_BUILD_NUMBER" value="1483" />
    <property name="env.CI" value="true" />
    <property name="java.library.path" value="/home/travis/pthla/certi-tools/lib:/usr/lib/jni:/usr/local/share/OpenCV/java/:/usr/share/OpenCV/java::/usr/java/packages/lib:/usr/lib64:/lib64:/lib:/usr/lib" />
    <property name="jdk.module.path" value="/home/travis/build/icyphy/ptII/vendors/javafx/javafx-sdk-11.0.2/lib:" />
    <property name="env.rvm_prefix" value="/home/travis" />
    <property name="env.PATH" value="/home/travis/pthla/certi-tools/share/scripts:/home/travis/.rvm/gems/ruby-2.5.3/bin:/home/travis/.rvm/gems/ruby-2.5.3@global/bin:/home/travis/.rvm/rubies/ruby-2.5.3/bin:/home/travis/.rvm/bin:/home/travis/.nvm/versions/node/v7.10.1/bin:./node_modules/.bin:/home/travis/build/icyphy/ptII/bin:/home/travis/pthla/certi-tools/bin:/home/travis/bin:/home/travis/.local/bin:/usr/local/lib/jvm/openjdk11/bin:/opt/pyenv/shims:/home/travis/.phpenv/shims:/home/travis/perl5/perlbrew/bin:/home/travis/gopath/bin:/home/travis/.gimme/versions/go1.11.1.linux.amd64/bin:/usr/local/maven-3.6.0/bin:/usr/local/cmake-3.12.4/bin:/usr/local/clang-7.0.0/bin:/usr/local/sbin:/usr/local/bin:/usr/sbin:/usr/bin:/sbin:/bin:/snap/bin:/home/travis/.phpenv/bin:/opt/pyenv/bin:/home/travis/.yarn/bin" />
    <property name="env.TRAVIS_OS_NAME" value="linux" />
    <property name="ant.java.version" value="9" />
    <property name="basedir" value="/home/travis/build/icyphy/ptII" />
    <property name="java.class.version" value="55.0" />
    <property name="env.SHLVL" value="3" />
    <property name="env.LD_LIBRARY_PATH" value="/home/travis/pthla/certi-tools/lib:/usr/lib/jni:/usr/local/share/OpenCV/java/:/usr/share/OpenCV/java:" />
    <property name="env.RACK_ENV" value="test" />
    <property name="ant.home" value="/home/travis/build/icyphy/ptII/ant" />
    <property name="env.NVM_DIR" value="/home/travis/.nvm" />
    <property name="env.CERTI_FOM_PATH" value="/home/travis/pthla/certi-tools/share/federations" />
    <property name="env.TRAVIS_BUILD_ID" value="642236596" />
    <property name="env.PYENV_ROOT" value="/opt/pyenv" />
    <property name="env.TRAVIS_UID" value="2000" />
    <property name="prism.verbose" value="true" />
    <property name="env.NVM_BIN" value="/home/travis/.nvm/versions/node/v7.10.1/bin" />
    <property name="env.TRAVIS_COMMIT" value="8428d4d6455adbdc6035bd3eb323dc21304fa2f7" />
    <property name="env._system_arch" value="x86_64" />
    <property name="node.executable" value="node" />
    <property name="sun.boot.library.path" value="/usr/local/lib/jvm/openjdk11/lib" />
    <property name="sun.management.compiler" value="HotSpot 64-Bit Tiered Compilers" />
    <property name="java.awt.graphicsenv" value="sun.awt.X11GraphicsEnvironment" />
    <property name="env.GOPATH" value="/home/travis/gopath" />
    <property name="ptolemy.ptII.dir" value="/home/travis/build/icyphy/ptII" />
    <property name="env.USER" value="travis" />
    <property name="env.HISTFILESIZE" value="2000" />
    <property name="timeout.longest" value="19000000" />
    <property name="env.PERLBREW_SHELLRC_VERSION" value="0.86" />
    <property name="env.TRAVIS_STACK_FEATURES" value="basic couchdb disabled-ipv6 docker docker-compose elasticsearch firefox go-toolchain google-chrome jdk memcached mongodb mysql nodejs_interpreter perl_interpreter perlbrew phantomjs postgresql python_interpreter redis ruby_interpreter sqlite xserver" />
    <property name="env.TRAVIS_PULL_REQUEST" value="false" />
    <property name="env.PYENV_SHELL" value="bash" />
    <property name="ant.project.name" value="ptII" />
    <property name="env.ANSI_RESET" value="\033[0m" />
    <property name="java.vm.specification.version" value="11" />
    <property name="env.TRAVIS_DIST" value="xenial" />
    <property name="env.CERTI_VERSION" value="4.0.0" />
    <property name="env.CERTI_HOST" value="localhost" />
    <property name="awt.toolkit" value="sun.awt.X11.XToolkit" />
    <property name="env.MY_RUBY_HOME" value="/home/travis/.rvm/rubies/ruby-2.5.3" />
    <property name="sun.cpu.isalist" value="" />
    <property name="env.TRAVIS_TMPDIR" value="/tmp/tmp.rDMMHX5UMZ" />
    <property name="java.vm.compressedOopsMode" value="Zero based" />
    <property name="os.version" value="4.15.0-1028-gcp" />
    <property name="user.home" value="/home/travis" />
    <property name="java.vm.vendor" value="Oracle Corporation" />
    <property name="env.TRAVIS_TAG" value="nightly" />
    <property name="env.ANSI_YELLOW" value="\033[33;1m" />
    <property name="env.TRAVIS_FILTERED" value="redirect_io" />
    <property name="env.ANSI_GREEN" value="\033[32;1m" />
    <property name="env.JAVA_HOME" value="/usr/local/lib/jvm/openjdk11" />
    <property name="javadoc.excludepackagenames" value="adm.cvs2svn.*,build.*,config.*,doc.coding.templates.*,jni.test.jni.meaningOfLife.*,jni.test.jni.testDeux.*,jni.test.jni.testTrois.*,org.terraswarm.accessor.accessors.web.node_modules.*,org.terraswarm.accessor.accessors.web.hosts.cordova.demo.*,org.terraswarm.accessor.accessors.web.hosts.cordova.plugins.*,org.terraswarm.accessor.accessors-svn.*,pt-modules.*,ptolemy.apps.agilent.*,ptolemy.apps.anytimecontrol.*,ptolemy.apps.apes.*,ptolemy.apps.charon.*,ptolemy.apps.crazyboard.*,ptolemy.apps.eclipse.*,ptolemy.apps.etherealSting.*,ptolemy.apps.fullscreen.*,ptolemy.apps.giotto.*,ptolemy.apps.ia.*,ptolemy.apps.interfaces.*,ptolemy.apps.jmf.*,ptolemy.apps.kurt.*,ptolemy.apps.kvm.*,ptolemy.apps.lego.*,ptolemy.apps.lejos.*,ptolemy.apps.midp.*,ptolemy.apps.mobileCoding.*,ptolemy.apps.pendulum.*,ptolemy.apps.rijndael.*,ptolemy.apps.robot.*,ptolemy.apps.security.*,ptolemy.apps.sobel.*,ptolemy.apps.soot.*,ptolemy.apps.throttle.*,ptolemy.apps.tini.*,ptolemy.apps.transmission.*,ptolemy.apps.vergil.*,ptolemy.apps.waba.*,ptolemy.apps.websensor.*,ptolemy.apps.webstart.*,ptolemy.apps.xsl.*,ptolemy.apps.zaurus.*,ptolemy.codegen.c.actor.lib.oldJavaFiles.*,ptolemy.codegen.dsp.lib.*,ptolemy.codegen.kernel.newInterfaces.*,ptolemy.codegen.lib.*,ptolemy.copernicus.kernel.fragment.*,ptolemy.copernicus.shallow.cg.*,ptolemy.domains.giotto.demo.Hierarchy.Hierarchy.*,ptolemy.domains.giotto.demo.Multimode.Multimode.*,ptolemy.domains.giotto.demo.Simple.Simple.*,ptolemy.domains.gr.lib.experimental.*,ptolemy.domains.gro.*,ptolemy.domains.pdf.*,ptolemy.domains.ptinyos.demo.Surge.output.*,ptolemy.moml.test.NoPackageActor.java*,ptolemy.plot.adm.*,ptolemy.plot.servlet.*,reports.*,signed.*,src.*,target.*,vendors.*,ptolemy.copernicus.applet.*,ptolemy.media.viewer.*,ptolemy.actor.corba.*,doc.doclets.*,ptolemy.apps.eclipse.awt.*,ptolemy.backtrack.*,ptolemy.backtrack.ast.*,ptolemy.cg.adapter.generic.program.procedural.c.mbed*,ptolemy.homer.*,ptolemy.actor.lib.jai.*,org.ptolemy.scala.*,diva.util.java2d.svg.*,ptolemy.domains.ptinyos.*,ptolemy.actor.lib.fmi.fmipp.*,,org.terraswarm.accessor.accessors.web.node_modules.*,org.terraswarm.accessor.accessors-svn,ptolemy.apps.*,ptolemy.actor.ptalon.demo.ptinyos.SendAndReceiveCnt.output,ptolemy.actor.ptalon.demo.ptinyos.SenseToLeds.output,ptolemy.domains.ptinyos.demo.CntToLedsAndRfm.output,ptolemy.domains.ptinyos.demo.RfmToLeds.output,ptolemy.domains.ptinyos.demo.SendAndReceiveCnt.output,ptolemy.domains.ptinyos.demo.SenseToLeds.output,ptolemy.actor.lib.jjs.modules.udpSocket.*" />
    <property name="env.PTII" value="/home/travis/build/icyphy/ptII" />
    <property name="env.XDG_SESSION_ID" value="2" />
    <property name="keystore" value="ptKeystore" />
    <property name="env.TRAVIS_COMMIT_MESSAGE" value="Checking for a rtia running only once in HlaManager.java." />
    <property name="junit.output.dir" value="/home/travis/build/icyphy/ptII/reports/junit" />
    <property name="npm.return.code" value="0" />
    <property name="user.dir" value="/home/travis/build/icyphy/ptII/ptolemy/actor/lib/test" />
    <property name="env.TRAVIS_NODE_VERSION" value="7" />
    <property name="env.TRAVIS_EVENT_TYPE" value="cron" />
    <property name="env.MAIL" value="/var/mail/travis" />
    <property name="env.PERLBREW_ROOT" value="/home/travis/perl5/perlbrew" />
    <property name="env.PWD" value="/home/travis/build/icyphy/ptII" />
    <property name="timeout.npm" value="45000" />
    <property name="env.TRAVIS_ARCH" value="amd64" />
    <property name="sun.cpu.endian" value="little" />
    <property name="env.PAGER" value="cat" />
    <property name="env.TRAVIS_BUILD_STAGE_NAME" value="Test" />
    <property name="env.PERLBREW_HOME" value="/home/travis/.perlbrew" />
    <property name="java.vm.version" value="11.0.2+9" />
    <property name="env.RAILS_ENV" value="test" />
    <property name="java.class.path" value="/home/travis/.ptolemyII:/home/travis/.ptolemyII/*:/home/travis/build/icyphy/ptII:/home/travis/build/icyphy/ptII/lib/bsh-2.0b4.jar:/home/travis/build/icyphy/ptII/lib/ptCal.jar:/home/travis/build/icyphy/ptII/lib/java_cup.jar:/home/travis/build/icyphy/ptII/lib/saxon8.jar:/home/travis/build/icyphy/ptII/lib/saxon8-dom.jar:/home/travis/build/icyphy/ptII/lib/chic.jar:/home/travis/build/icyphy/ptII/lib/ptcolt.jar:/home/travis/build/icyphy/ptII/vendors/misc/itext/iText.jar:/home/travis/build/icyphy/ptII/lib/g4ltl.jar:/home/travis/build/icyphy/ptII/lib/StructuralCoder.jar:/home/travis/build/icyphy/ptII/lib/jcerti.jar:/home/travis/build/icyphy/ptII/lib/javax.mail.jar:/home/travis/build/icyphy/ptII/vendors/JMF-2.1.1e/lib/jmf.jar:/home/travis/build/icyphy/ptII/lib/jna-4.0.0-variadic.jar:/home/travis/build/icyphy/ptII/vendors/misc/joystick/Joystick.jar:/home/travis/build/icyphy/ptII/lib/ptjacl.jar:/home/travis/build/icyphy/ptII/lib/jsoup-1.8.2.jar:/home/travis/build/icyphy/ptII/lib/junit-4.8.2.jar:/home/travis/build/icyphy/ptII/lib/JUnitParams-0.4.0.jar:/home/travis/build/icyphy/ptII/ptolemy/actor/lib/excel/jxl.jar:/home/travis/build/icyphy/ptII/lib/jython.jar:/home/travis/build/icyphy/ptII/lib/kieler.jar:/home/travis/build/icyphy/ptII/vendors/opencv/share/OpenCV/java/opencv-341.jar:/home/travis/build/icyphy/ptII/lib/oscP5.jar:/home/travis/build/icyphy/ptII/lib/nrjavaserial-3.11.0.devel.jar:/home/travis/build/icyphy/ptII/vendors/j3d/lib/Linux/j3dcore.jar:/home/travis/build/icyphy/ptII/vendors/j3d/lib/Linux/j3dutils.jar:/home/travis/build/icyphy/ptII/vendors/j3d/lib/Linux/vecmath.jar:/home/travis/build/icyphy/ptII/vendors/jogl/lib/Linux/gluegen-rt-natives-linux-amd64.jar:/home/travis/build/icyphy/ptII/vendors/jogl/lib/Linux/gluegen-rt.jar:/home/travis/build/icyphy/ptII/vendors/jogl/lib/Linux/jogl-all-natives-linux-amd64.jar:/home/travis/build/icyphy/ptII/vendors/jogl/lib/Linux/jogl-all.jar:/home/travis/build/icyphy/ptII/ptolemy/distributed/jini/jar/jini-core.jar:/home/travis/build/icyphy/ptII/ptolemy/distributed/jini/jar/jini-ext.jar:/home/travis/build/icyphy/ptII/ptolemy/distributed/jini/jar/sun-util.jar:/home/travis/build/icyphy/ptII/lib/protobuf-java-2.4.1.jar:/home/travis/build/icyphy/ptII/lib/org.eclipse.paho.client.mqttv3.jar:/home/travis/build/icyphy/ptII/lib/mapss.jar:/home/travis/build/icyphy/ptII/ptolemy/actor/ptalon/antlr/antlr.jar:/home/travis/build/icyphy/ptII/lib/JRI.jar:/home/travis/build/icyphy/ptII/lib/commons-lang-2.6.jar:/home/travis/build/icyphy/ptII/lib/commons-logging-1.1.1.jar:/home/travis/build/icyphy/ptII/lib/sootclasses.jar:/home/travis/build/icyphy/ptII/ptolemy/actor/lib/database/mysql-connector-java-5.1.6-bin.jar:/home/travis/build/icyphy/ptII/vendors/misc/sphinx4/sphinx4-data-5prealpha.jar:/home/travis/build/icyphy/ptII/vendors/misc/sphinx4/sphinx4-core-5prealpha.jar:/home/travis/build/icyphy/ptII/lib/PDFRenderer.jar:/home/travis/build/icyphy/ptII/lib/svgSalamander.jar:/home/travis/build/icyphy/ptII/lib/rsyntaxtextarea-2.6.0-SNAPSHOT.jar:/home/travis/build/icyphy/ptII/lib/hazelcast-3.8.2.jar:/home/travis/build/icyphy/ptII/lib/jackson-annotations-2.9.0.jar:/home/travis/build/icyphy/ptII/lib/jackson-core-2.9.3.jar:/home/travis/build/icyphy/ptII/lib/jackson-databind-2.9.3.jar:/home/travis/build/icyphy/ptII/lib/netty-buffer-4.1.19.Final.jar:/home/travis/build/icyphy/ptII/lib/netty-codec-4.1.19.Final.jar:/home/travis/build/icyphy/ptII/lib/netty-codec-dns-4.1.19.Final.jar:/home/travis/build/icyphy/ptII/lib/netty-codec-http-4.1.19.Final.jar:/home/travis/build/icyphy/ptII/lib/netty-codec-http2-4.1.19.Final.jar:/home/travis/build/icyphy/ptII/lib/netty-common-4.1.19.Final.jar:/home/travis/build/icyphy/ptII/lib/netty-handler-4.1.19.Final.jar:/home/travis/build/icyphy/ptII/lib/netty-resolver-4.1.19.Final.jar:/home/travis/build/icyphy/ptII/lib/netty-resolver-dns-4.1.19.Final.jar:/home/travis/build/icyphy/ptII/lib/netty-transport-4.1.19.Final.jar:/home/travis/build/icyphy/ptII/lib/vertx-codegen-3.5.1.jar:/home/travis/build/icyphy/ptII/lib/vertx-core-3.5.2-SNAPSHOT.jar:/home/travis/build/icyphy/ptII/lib/vertx-hazelcast-3.5.1.jar:/home/travis/build/icyphy/ptII/lib/vertx-lang-js-3.5.1.jar:/home/travis/build/icyphy/ptII/lib/vertx-service-proxy-3.5.1.jar:/home/travis/build/icyphy/ptII/lib/vertx-web-3.5.1.jar:/home/travis/build/icyphy/ptII/lib/slf4j-api-1.7.13.jar:/home/travis/build/icyphy/ptII/lib/slf4j-simple-1.7.13.jar:/home/travis/build/icyphy/ptII/lib/webcam-capture-0.3.12.jar:/home/travis/build/icyphy/ptII/lib/bridj-0.7.0.jar:/home/travis/build/icyphy/ptII/lib/xbjlib-1.1.0.nrjavaserial.jar:/home/travis/build/icyphy/ptII/ptolemy/moml/test:/home/travis/build/icyphy/ptII/ant/lib/ant-launcher.jar:/home/travis/build/icyphy/ptII/ant/lib/ant.jar:/home/travis/build/icyphy/ptII/ant/lib/ant-junit.jar:/home/travis/build/icyphy/ptII/ant/lib/ant-junit4.jar" />
    <property name="ant.library.dir" value="/home/travis/build/icyphy/ptII/ant/lib" />
    <property name="os.arch" value="amd64" />
    <property name="env.CONTINUOUS_INTEGRATION" value="true" />
    <property name="env.TRAVIS_LANGUAGE" value="node_js" />
    <property name="env.TRAVIS_STACK_LANGUAGES" value="__sardonyx__ c c++ clojure cplusplus cpp default generic go groovy java node_js php pure_java python ruby scala" />
    <property name="test.name" value="ptolemy.actor.lib.test.junit.JUnitTclTest" />
    <property name="env.APT_KEY_DONT_WARN_ON_DANGEROUS_USAGE" value="1" />
    <property name="sun.java.launcher" value="SUN_STANDARD" />
    <property name="env.PYTHON_CONFIGURE_OPTS" value="--enable-unicode=ucs4 --with-wide-unicode --enable-shared --enable-ipv6 --enable-loadable-sqlite-extensions --with-computed-gotos" />
    <property name="ant.core.lib" value="/home/travis/build/icyphy/ptII/ant/lib/ant.jar" />
    <property name="java.vm.specification.vendor" value="Oracle Corporation" />
    <property name="env.BCVTB_HOME" value="/home/travis/build/icyphy/ptII/lbnl" />
    <property name="file.separator" value="/" />
    <property name="spotbugs.home" value="/home/travis/build/icyphy/ptII/vendors/spotbugs-3.1.1" />
    <property name="java.runtime.version" value="11.0.2+9" />
    <property name="env.ANSI_CLEAR" value="\033[0K" />
    <property name="javafx.verbose" value="true" />
    <property name="env.HAS_JOSH_K_SEAL_OF_APPROVAL" value="true" />
    <property name="env.XDG_RUNTIME_DIR" value="/run/user/2000" />
    <property name="env.TRAVIS_OSX_IMAGE" value="" />
    <property name="env.TRAVIS_JOB_ID" value="642236606" />
    <property name="env.TRAVIS_BRANCH" value="master" />
    <property name="user.country" value="US" />
    <property name="env.CERTI_HOME_TRAVIS" value="/home/travis/pthla/certi-tools" />
    <property name="env.SHELL" value="/bin/bash" />
    <property name="java.maxmemory.large" value="3200m" />
    <property name="model" value="" />
    <property name="env.CASHER_DIR" value="/home/travis/.casher" />
    <property name="env.NVM_CD_FLAGS" value="" />
    <property name="java.vendor.version" value="18.9" />
    <property name="jshint.executable" value="/home/travis/node_modules/jshint/bin/jshint" />
    <property name="env.JRUBY_OPTS" value=" --client -J-XX:+TieredCompilation -J-XX:TieredStopAtLevel=1 -J-Xss2m -Xcompile.invokedynamic=false" />
    <property name="java.vendor" value="Oracle Corporation" />
    <property name="env.TRAVIS_PRE_CHEF_BOOTSTRAP_TIME" value="2019-03-25T16:16:42" />
    <property name="env.TRAVIS_STACK_JOB_BOARD_REGISTER" value="/.job-board-register.yml" />
    <property name="env.ANSI_RED" value="\033[31;1m" />
    <property name="java.specification.version" value="11" />
    <property name="env.IRBRC" value="/home/travis/.rvm/rubies/ruby-2.5.3/.irbrc" />
    <property name="env.TRAVIS" value="true" />
    <property name="sun.arch.data.model" value="64" />
  </properties>
  <testcase classname="ptolemy.util.test.junit.TclTests" name="[0] /home/travis/build/icyphy/ptII/ptolemy/actor/lib/test/AbsoluteValue.tcl (RunTclFile)" time="0.588" />
  <testcase classname="ptolemy.util.test.junit.TclTests" name="[1] /home/travis/build/icyphy/ptII/ptolemy/actor/lib/test/AddSubtract.tcl (RunTclFile)" time="0.164" />
  <testcase classname="ptolemy.util.test.junit.TclTests" name="[2] /home/travis/build/icyphy/ptII/ptolemy/actor/lib/test/Average.tcl (RunTclFile)" time="0.071" />
  <testcase classname="ptolemy.util.test.junit.TclTests" name="[3] /home/travis/build/icyphy/ptII/ptolemy/actor/lib/test/Bernoulli.tcl (RunTclFile)" time="0.038" />
  <testcase classname="ptolemy.util.test.junit.TclTests" name="[4] /home/travis/build/icyphy/ptII/ptolemy/actor/lib/test/Clock.tcl (RunTclFile)" time="0.094" />
  <testcase classname="ptolemy.util.test.junit.TclTests" name="[5] /home/travis/build/icyphy/ptII/ptolemy/actor/lib/test/Commutator.tcl (RunTclFile)" time="0.139" />
  <testcase classname="ptolemy.util.test.junit.TclTests" name="[6] /home/travis/build/icyphy/ptII/ptolemy/actor/lib/test/Const.tcl (RunTclFile)" time="0.114" />
  <testcase classname="ptolemy.util.test.junit.TclTests" name="[7] /home/travis/build/icyphy/ptII/ptolemy/actor/lib/test/CurrentTime.tcl (RunTclFile)" time="0.028" />
  <testcase classname="ptolemy.util.test.junit.TclTests" name="[8] /home/travis/build/icyphy/ptII/ptolemy/actor/lib/test/DB.tcl (RunTclFile)" time="0.035" />
  <testcase classname="ptolemy.util.test.junit.TclTests" name="[9] /home/travis/build/icyphy/ptII/ptolemy/actor/lib/test/DiscreteRandomSource.tcl (RunTclFile)" time="0.045" />
  <testcase classname="ptolemy.util.test.junit.TclTests" name="[10] /home/travis/build/icyphy/ptII/ptolemy/actor/lib/test/Distributor.tcl (RunTclFile)" time="0.09" />
  <testcase classname="ptolemy.util.test.junit.TclTests" name="[11] /home/travis/build/icyphy/ptII/ptolemy/actor/lib/test/Exit.tcl (RunTclFile)" time="0.105" />
  <testcase classname="ptolemy.util.test.junit.TclTests" name="[12] /home/travis/build/icyphy/ptII/ptolemy/actor/lib/test/Expression.tcl (RunTclFile)" time="0.101" />
  <testcase classname="ptolemy.util.test.junit.TclTests" name="[13] /home/travis/build/icyphy/ptII/ptolemy/actor/lib/test/Gaussian.tcl (RunTclFile)" time="0.656" />
  <testcase classname="ptolemy.util.test.junit.TclTests" name="[14] /home/travis/build/icyphy/ptII/ptolemy/actor/lib/test/IIR.tcl (RunTclFile)" time="0.019" />
  <testcase classname="ptolemy.util.test.junit.TclTests" name="[15] /home/travis/build/icyphy/ptII/ptolemy/actor/lib/test/Interpolator.tcl (RunTclFile)" time="0.053" />
  <testcase classname="ptolemy.util.test.junit.TclTests" name="[16] /home/travis/build/icyphy/ptII/ptolemy/actor/lib/test/MathFunction.tcl (RunTclFile)" time="0.035" />
  <testcase classname="ptolemy.util.test.junit.TclTests" name="[17] /home/travis/build/icyphy/ptII/ptolemy/actor/lib/test/Maximum.tcl (RunTclFile)" time="0.032" />
  <testcase classname="ptolemy.util.test.junit.TclTests" name="[18] /home/travis/build/icyphy/ptII/ptolemy/actor/lib/test/Minimum.tcl (RunTclFile)" time="0.017" />
  <testcase classname="ptolemy.util.test.junit.TclTests" name="[19] /home/travis/build/icyphy/ptII/ptolemy/actor/lib/test/MultiplyDivide.tcl (RunTclFile)" time="0.021" />
  <testcase classname="ptolemy.util.test.junit.TclTests" name="[20] /home/travis/build/icyphy/ptII/ptolemy/actor/lib/test/OrderedMerge.tcl (RunTclFile)" time="0.136" />
  <testcase classname="ptolemy.util.test.junit.TclTests" name="[21] /home/travis/build/icyphy/ptII/ptolemy/actor/lib/test/Publisher.tcl (RunTclFile)" time="0.804" />
  <testcase classname="ptolemy.util.test.junit.TclTests" name="[22] /home/travis/build/icyphy/ptII/ptolemy/actor/lib/test/Pulse.tcl (RunTclFile)" time="0.032" />
  <testcase classname="ptolemy.util.test.junit.TclTests" name="[23] /home/travis/build/icyphy/ptII/ptolemy/actor/lib/test/Ramp.tcl (RunTclFile)" time="1.911" />
  <testcase classname="ptolemy.util.test.junit.TclTests" name="[24] /home/travis/build/icyphy/ptII/ptolemy/actor/lib/test/RampContinuous.tcl (RunTclFile)" time="0.019" />
  <testcase classname="ptolemy.util.test.junit.TclTests" name="[25] /home/travis/build/icyphy/ptII/ptolemy/actor/lib/test/RecordAssembler.tcl (RunTclFile)" time="0.018" />
  <testcase classname="ptolemy.util.test.junit.TclTests" name="[26] /home/travis/build/icyphy/ptII/ptolemy/actor/lib/test/RecordDisassembler.tcl (RunTclFile)" time="0.034" />
  <testcase classname="ptolemy.util.test.junit.TclTests" name="[27] /home/travis/build/icyphy/ptII/ptolemy/actor/lib/test/Scale.tcl (RunTclFile)" time="0.029" />
  <testcase classname="ptolemy.util.test.junit.TclTests" name="[28] /home/travis/build/icyphy/ptII/ptolemy/actor/lib/test/SequentialClock.tcl (RunTclFile)" time="0.018" />
  <testcase classname="ptolemy.util.test.junit.TclTests" name="[29] /home/travis/build/icyphy/ptII/ptolemy/actor/lib/test/SetVariable.tcl (RunTclFile)" time="0.01" />
  <testcase classname="ptolemy.util.test.junit.TclTests" name="[30] /home/travis/build/icyphy/ptII/ptolemy/actor/lib/test/Sinewave.tcl (RunTclFile)" time="0.07" />
  <testcase classname="ptolemy.util.test.junit.TclTests" name="[31] /home/travis/build/icyphy/ptII/ptolemy/actor/lib/test/SubscriptionAggregator.tcl (RunTclFile)" time="2.117" />
  <testcase classname="ptolemy.util.test.junit.TclTests" name="[32] /home/travis/build/icyphy/ptII/ptolemy/actor/lib/test/Test.tcl (RunTclFile)" time="0.17" />
  <testcase classname="ptolemy.util.test.junit.TclTests" name="[33] /home/travis/build/icyphy/ptII/ptolemy/actor/lib/test/TestExceptionHandler.tcl (RunTclFile)" time="0.01" />
  <testcase classname="ptolemy.util.test.junit.TclTests" name="[34] /home/travis/build/icyphy/ptII/ptolemy/actor/lib/test/UnionDisassembler.tcl (RunTclFile)" time="0.076" />
  <testcase classname="ptolemy.util.test.junit.TclTests" name="[35] /home/travis/build/icyphy/ptII/ptolemy/actor/lib/test/VariableClock.tcl (RunTclFile)" time="0.025" />
  <testcase classname="ptolemy.util.test.junit.AutoKnownFailedTests" name="[0] /home/travis/build/icyphy/ptII/ptolemy/actor/lib/test/auto/knownFailedTests/PublisherPortToplevelSubscriber.xml (RunModel)" time="0.024" />
  <testcase classname="ptolemy.util.test.junit.AutoKnownFailedTests" name="[1] /home/travis/build/icyphy/ptII/ptolemy/actor/lib/test/auto/knownFailedTests/PublisherSubscriberPortToplevel.xml (RunModel)" time="0.017" />
  <testcase classname="ptolemy.util.test.junit.AutoKnownFailedTests" name="[2] /home/travis/build/icyphy/ptII/ptolemy/actor/lib/test/auto/knownFailedTests/PublisherSubscriptionAggregatorPort.xml (RunModel)" time="0.024" />
  <testcase classname="ptolemy.util.test.junit.AutoKnownFailedTests" name="[3] /home/travis/build/icyphy/ptII/ptolemy/actor/lib/test/auto/knownFailedTests/sizedarray3.xml (RunModel)" time="0.028" />
  <testcase classname="ptolemy.util.test.junit.AutoNameArchTests" name="[0] ThereAreNoAutoArchTests (RunModel)" time="0.001" />
  <testcase classname="ptolemy.util.test.junit.AutoTests" name="[0] /home/travis/build/icyphy/ptII/ptolemy/actor/lib/test/auto/AbsoluteValue.xml (RunModel)" time="0.1" />
  <testcase classname="ptolemy.util.test.junit.AutoTests" name="[1] /home/travis/build/icyphy/ptII/ptolemy/actor/lib/test/auto/AbsoluteValue2.xml (RunModel)" time="0.044" />
  <testcase classname="ptolemy.util.test.junit.AutoTests" name="[2] /home/travis/build/icyphy/ptII/ptolemy/actor/lib/test/auto/Accumulator.xml (RunModel)" time="0.045" />
  <testcase classname="ptolemy.util.test.junit.AutoTests" name="[3] /home/travis/build/icyphy/ptII/ptolemy/actor/lib/test/auto/Accumulator2.xml (RunModel)" time="0.015" />
  <testcase classname="ptolemy.util.test.junit.AutoTests" name="[4] /home/travis/build/icyphy/ptII/ptolemy/actor/lib/test/auto/Accumulator3.xml (RunModel)" time="0.049" />
  <testcase classname="ptolemy.util.test.junit.AutoTests" name="[5] /home/travis/build/icyphy/ptII/ptolemy/actor/lib/test/auto/ArrayAppend.xml (RunModel)" time="0.054" />
  <testcase classname="ptolemy.util.test.junit.AutoTests" name="[6] /home/travis/build/icyphy/ptII/ptolemy/actor/lib/test/auto/ArrayAppend2.xml (RunModel)" time="0.401" />
  <testcase classname="ptolemy.util.test.junit.AutoTests" name="[7] /home/travis/build/icyphy/ptII/ptolemy/actor/lib/test/auto/ArrayAppend3.xml (RunModel)" time="0.046" />
  <testcase classname="ptolemy.util.test.junit.AutoTests" name="[8] /home/travis/build/icyphy/ptII/ptolemy/actor/lib/test/auto/ArrayAppend4.xml (RunModel)" time="0.013" />
  <testcase classname="ptolemy.util.test.junit.AutoTests" name="[9] /home/travis/build/icyphy/ptII/ptolemy/actor/lib/test/auto/ArrayAppend5.xml (RunModel)" time="0.018" />
  <testcase classname="ptolemy.util.test.junit.AutoTests" name="[10] /home/travis/build/icyphy/ptII/ptolemy/actor/lib/test/auto/ArrayAppend6.xml (RunModel)" time="0.014" />
  <testcase classname="ptolemy.util.test.junit.AutoTests" name="[11] /home/travis/build/icyphy/ptII/ptolemy/actor/lib/test/auto/ArrayAppendPerformanceTest.xml (RunModel)" time="0.063" />
  <testcase classname="ptolemy.util.test.junit.AutoTests" name="[12] /home/travis/build/icyphy/ptII/ptolemy/actor/lib/test/auto/ArrayAppendWithEmptyInput.xml (RunModel)" time="0.056" />
  <testcase classname="ptolemy.util.test.junit.AutoTests" name="[13] /home/travis/build/icyphy/ptII/ptolemy/actor/lib/test/auto/ArrayAverage.xml (RunModel)" time="0.06" />
  <testcase classname="ptolemy.util.test.junit.AutoTests" name="[14] /home/travis/build/icyphy/ptII/ptolemy/actor/lib/test/auto/ArrayContains.xml (RunModel)" time="0.026" />
  <testcase classname="ptolemy.util.test.junit.AutoTests" name="[15] /home/travis/build/icyphy/ptII/ptolemy/actor/lib/test/auto/ArrayElement.xml (RunModel)" time="0.028" />
  <testcase classname="ptolemy.util.test.junit.AutoTests" name="[16] /home/travis/build/icyphy/ptII/ptolemy/actor/lib/test/auto/ArrayElementAsMatrix.xml (RunModel)" time="0.042" />
  <testcase classname="ptolemy.util.test.junit.AutoTests" name="[17] /home/travis/build/icyphy/ptII/ptolemy/actor/lib/test/auto/ArrayElementI.xml (RunModel)" time="0.015" />
  <testcase classname="ptolemy.util.test.junit.AutoTests" name="[18] /home/travis/build/icyphy/ptII/ptolemy/actor/lib/test/auto/ArrayExtract.xml (RunModel)" time="0.044" />
  <testcase classname="ptolemy.util.test.junit.AutoTests" name="[19] /home/travis/build/icyphy/ptII/ptolemy/actor/lib/test/auto/ArrayExtract2.xml (RunModel)" time="0.015" />
  <testcase classname="ptolemy.util.test.junit.AutoTests" name="[20] /home/travis/build/icyphy/ptII/ptolemy/actor/lib/test/auto/ArrayLength.xml (RunModel)" time="0.018" />
  <testcase classname="ptolemy.util.test.junit.AutoTests" name="[21] /home/travis/build/icyphy/ptII/ptolemy/actor/lib/test/auto/ArrayLevelCrossing.xml (RunModel)" time="0.025" />
  <testcase classname="ptolemy.util.test.junit.AutoTests" name="[22] /home/travis/build/icyphy/ptII/ptolemy/actor/lib/test/auto/ArrayLevelCrossing2.xml (RunModel)" time="0.027" />
  <testcase classname="ptolemy.util.test.junit.AutoTests" name="[23] /home/travis/build/icyphy/ptII/ptolemy/actor/lib/test/auto/ArrayPeakSearch.xml (RunModel)" time="0.037" />
  <testcase classname="ptolemy.util.test.junit.AutoTests" name="[24] /home/travis/build/icyphy/ptII/ptolemy/actor/lib/test/auto/ArrayPeakSearch2.xml (RunModel)" time="0.035" />
  <testcase classname="ptolemy.util.test.junit.AutoTests" name="[25] /home/travis/build/icyphy/ptII/ptolemy/actor/lib/test/auto/ArrayPeakSearch3.xml (RunModel)" time="0.035" />
  <testcase classname="ptolemy.util.test.junit.AutoTests" name="[26] /home/travis/build/icyphy/ptII/ptolemy/actor/lib/test/auto/ArrayRemoveElement.xml (RunModel)" time="0.035" />
  <testcase classname="ptolemy.util.test.junit.AutoTests" name="[27] /home/travis/build/icyphy/ptII/ptolemy/actor/lib/test/auto/ArraySort.xml (RunModel)" time="0.037" />
  <testcase classname="ptolemy.util.test.junit.AutoTests" name="[28] /home/travis/build/icyphy/ptII/ptolemy/actor/lib/test/auto/ArraySum.xml (RunModel)" time="0.026" />
  <testcase classname="ptolemy.util.test.junit.AutoTests" name="[29] /home/travis/build/icyphy/ptII/ptolemy/actor/lib/test/auto/ArrayToElements.xml (RunModel)" time="0.018" />
  <testcase classname="ptolemy.util.test.junit.AutoTests" name="[30] /home/travis/build/icyphy/ptII/ptolemy/actor/lib/test/auto/ArrayToMatrix.xml (RunModel)" time="0.063" />
  <testcase classname="ptolemy.util.test.junit.AutoTests" name="[31] /home/travis/build/icyphy/ptII/ptolemy/actor/lib/test/auto/ArrayUpdate1.xml (RunModel)" time="0.018" />
  <testcase classname="ptolemy.util.test.junit.AutoTests" name="[32] /home/travis/build/icyphy/ptII/ptolemy/actor/lib/test/auto/ArrayUpdate2.xml (RunModel)" time="0.016" />
  <testcase classname="ptolemy.util.test.junit.AutoTests" name="[33] /home/travis/build/icyphy/ptII/ptolemy/actor/lib/test/auto/ArrayUpdate3.xml (RunModel)" time="0.017" />
  <testcase classname="ptolemy.util.test.junit.AutoTests" name="[34] /home/travis/build/icyphy/ptII/ptolemy/actor/lib/test/auto/Assert1.xml (RunModel)" time="0.019" />
  <testcase classname="ptolemy.util.test.junit.AutoTests" name="[35] /home/travis/build/icyphy/ptII/ptolemy/actor/lib/test/auto/Assert2.xml (RunModel)" time="0.009" />
  <testcase classname="ptolemy.util.test.junit.AutoTests" name="[36] /home/travis/build/icyphy/ptII/ptolemy/actor/lib/test/auto/BooleanMultiplexor.xml (RunModel)" time="0.013" />
  <testcase classname="ptolemy.util.test.junit.AutoTests" name="[37] /home/travis/build/icyphy/ptII/ptolemy/actor/lib/test/auto/BooleanMultiplexor2.xml (RunModel)" time="0.02" />
  <testcase classname="ptolemy.util.test.junit.AutoTests" name="[38] /home/travis/build/icyphy/ptII/ptolemy/actor/lib/test/auto/BooleanMultiplexor3.xml (RunModel)" time="0.02" />
  <testcase classname="ptolemy.util.test.junit.AutoTests" name="[39] /home/travis/build/icyphy/ptII/ptolemy/actor/lib/test/auto/BooleanSelect.xml (RunModel)" time="0.023" />
  <testcase classname="ptolemy.util.test.junit.AutoTests" name="[40] /home/travis/build/icyphy/ptII/ptolemy/actor/lib/test/auto/BooleanSelect2.xml (RunModel)" time="0.015" />
  <testcase classname="ptolemy.util.test.junit.AutoTests" name="[41] /home/travis/build/icyphy/ptII/ptolemy/actor/lib/test/auto/BooleanSwitch.xml (RunModel)" time="0.02" />
  <testcase classname="ptolemy.util.test.junit.AutoTests" name="[42] /home/travis/build/icyphy/ptII/ptolemy/actor/lib/test/auto/BooleanSwitch2.xml (RunModel)" time="0.018" />
  <testcase classname="ptolemy.util.test.junit.AutoTests" name="[43] /home/travis/build/icyphy/ptII/ptolemy/actor/lib/test/auto/BooleanSwitchCloningBugWithClassRelationGroup.xml (RunModel)" time="0.04" />
  <testcase classname="ptolemy.util.test.junit.AutoTests" name="[44] /home/travis/build/icyphy/ptII/ptolemy/actor/lib/test/auto/BusActors.xml (RunModel)" time="0.034" />
  <testcase classname="ptolemy.util.test.junit.AutoTests" name="[45] /home/travis/build/icyphy/ptII/ptolemy/actor/lib/test/auto/ClassWrapper.xml (RunModel)" time="0.017" />
  <testcase classname="ptolemy.util.test.junit.AutoTests" name="[46] /home/travis/build/icyphy/ptII/ptolemy/actor/lib/test/auto/Clock.xml (RunModel)" time="0.009" />
  <testcase classname="ptolemy.util.test.junit.AutoTests" name="[47] /home/travis/build/icyphy/ptII/ptolemy/actor/lib/test/auto/Clock10.xml (RunModel)" time="0.017" />
  <testcase classname="ptolemy.util.test.junit.AutoTests" name="[48] /home/travis/build/icyphy/ptII/ptolemy/actor/lib/test/auto/Clock11.xml (RunModel)" time="0.015" />
  <testcase classname="ptolemy.util.test.junit.AutoTests" name="[49] /home/travis/build/icyphy/ptII/ptolemy/actor/lib/test/auto/Clock12.xml (RunModel)" time="0.016" />
  <testcase classname="ptolemy.util.test.junit.AutoTests" name="[50] /home/travis/build/icyphy/ptII/ptolemy/actor/lib/test/auto/Clock13.xml (RunModel)" time="0.015" />
  <testcase classname="ptolemy.util.test.junit.AutoTests" name="[51] /home/travis/build/icyphy/ptII/ptolemy/actor/lib/test/auto/Clock14.xml (RunModel)" time="0.016" />
  <testcase classname="ptolemy.util.test.junit.AutoTests" name="[52] /home/travis/build/icyphy/ptII/ptolemy/actor/lib/test/auto/Clock15.xml (RunModel)" time="0.016" />
  <testcase classname="ptolemy.util.test.junit.AutoTests" name="[53] /home/travis/build/icyphy/ptII/ptolemy/actor/lib/test/auto/Clock16.xml (RunModel)" time="0.09" />
  <testcase classname="ptolemy.util.test.junit.AutoTests" name="[54] /home/travis/build/icyphy/ptII/ptolemy/actor/lib/test/auto/Clock17.xml (RunModel)" time="0.068" />
  <testcase classname="ptolemy.util.test.junit.AutoTests" name="[55] /home/travis/build/icyphy/ptII/ptolemy/actor/lib/test/auto/Clock18.xml (RunModel)" time="0.055" />
  <testcase classname="ptolemy.util.test.junit.AutoTests" name="[56] /home/travis/build/icyphy/ptII/ptolemy/actor/lib/test/auto/Clock19.xml (RunModel)" time="0.035" />
  <testcase classname="ptolemy.util.test.junit.AutoTests" name="[57] /home/travis/build/icyphy/ptII/ptolemy/actor/lib/test/auto/Clock2.xml (RunModel)" time="0.014" />
  <testcase classname="ptolemy.util.test.junit.AutoTests" name="[58] /home/travis/build/icyphy/ptII/ptolemy/actor/lib/test/auto/Clock20.xml (RunModel)" time="0.021" />
  <testcase classname="ptolemy.util.test.junit.AutoTests" name="[59] /home/travis/build/icyphy/ptII/ptolemy/actor/lib/test/auto/Clock21.xml (RunModel)" time="0.01" />
  <testcase classname="ptolemy.util.test.junit.AutoTests" name="[60] /home/travis/build/icyphy/ptII/ptolemy/actor/lib/test/auto/Clock22.xml (RunModel)" time="0.018" />
  <testcase classname="ptolemy.util.test.junit.AutoTests" name="[61] /home/travis/build/icyphy/ptII/ptolemy/actor/lib/test/auto/Clock23.xml (RunModel)" time="0.016" />
  <testcase classname="ptolemy.util.test.junit.AutoTests" name="[62] /home/travis/build/icyphy/ptII/ptolemy/actor/lib/test/auto/Clock24.xml (RunModel)" time="0.038" />
  <testcase classname="ptolemy.util.test.junit.AutoTests" name="[63] /home/travis/build/icyphy/ptII/ptolemy/actor/lib/test/auto/Clock4.xml (RunModel)" time="0.012" />
  <testcase classname="ptolemy.util.test.junit.AutoTests" name="[64] /home/travis/build/icyphy/ptII/ptolemy/actor/lib/test/auto/Clock5.xml (RunModel)" time="0.011" />
  <testcase classname="ptolemy.util.test.junit.AutoTests" name="[65] /home/travis/build/icyphy/ptII/ptolemy/actor/lib/test/auto/Clock6.xml (RunModel)" time="0.014" />
  <testcase classname="ptolemy.util.test.junit.AutoTests" name="[66] /home/travis/build/icyphy/ptII/ptolemy/actor/lib/test/auto/Clock7.xml (RunModel)" time="0.009" />
  <testcase classname="ptolemy.util.test.junit.AutoTests" name="[67] /home/travis/build/icyphy/ptII/ptolemy/actor/lib/test/auto/Clock8.xml (RunModel)" time="0.01" />
  <testcase classname="ptolemy.util.test.junit.AutoTests" name="[68] /home/travis/build/icyphy/ptII/ptolemy/actor/lib/test/auto/Clock9.xml (RunModel)" time="0.014" />
  <testcase classname="ptolemy.util.test.junit.AutoTests" name="[69] /home/travis/build/icyphy/ptII/ptolemy/actor/lib/test/auto/CommDistDiscard.xml (RunModel)" time="0.017" />
  <testcase classname="ptolemy.util.test.junit.AutoTests" name="[70] /home/travis/build/icyphy/ptII/ptolemy/actor/lib/test/auto/Commutator.xml (RunModel)" time="0.013" />
  <testcase classname="ptolemy.util.test.junit.AutoTests" name="[71] /home/travis/build/icyphy/ptII/ptolemy/actor/lib/test/auto/Commutator2.xml (RunModel)" time="0.013" />
  <testcase classname="ptolemy.util.test.junit.AutoTests" name="[72] /home/travis/build/icyphy/ptII/ptolemy/actor/lib/test/auto/Commutator3.xml (RunModel)" time="0.014" />
  <testcase classname="ptolemy.util.test.junit.AutoTests" name="[73] /home/travis/build/icyphy/ptII/ptolemy/actor/lib/test/auto/Compare.xml (RunModel)" time="0.028" />
  <testcase classname="ptolemy.util.test.junit.AutoTests" name="[74] /home/travis/build/icyphy/ptII/ptolemy/actor/lib/test/auto/CompareDE.xml (RunModel)" time="0.019" />
  <testcase classname="ptolemy.util.test.junit.AutoTests" name="[75] /home/travis/build/icyphy/ptII/ptolemy/actor/lib/test/auto/ComplexDivide.xml (RunModel)" time="0.012" />
  <testcase classname="ptolemy.util.test.junit.AutoTests" name="[76] /home/travis/build/icyphy/ptII/ptolemy/actor/lib/test/auto/ComputeHistogram.xml (RunModel)" time="0.072" />
  <testcase classname="ptolemy.util.test.junit.AutoTests" name="[77] /home/travis/build/icyphy/ptII/ptolemy/actor/lib/test/auto/ConfigurationSelect.xml (RunModel)" time="0.021" />
  <testcase classname="ptolemy.util.test.junit.AutoTests" name="[78] /home/travis/build/icyphy/ptII/ptolemy/actor/lib/test/auto/ConfigurationSelect2.xml (RunModel)" time="0.015" />
  <testcase classname="ptolemy.util.test.junit.AutoTests" name="[79] /home/travis/build/icyphy/ptII/ptolemy/actor/lib/test/auto/ConfigurationSwitch.xml (RunModel)" time="0.019" />
  <testcase classname="ptolemy.util.test.junit.AutoTests" name="[80] /home/travis/build/icyphy/ptII/ptolemy/actor/lib/test/auto/ConfigurationSwitch2.xml (RunModel)" time="0.022" />
  <testcase classname="ptolemy.util.test.junit.AutoTests" name="[81] /home/travis/build/icyphy/ptII/ptolemy/actor/lib/test/auto/ConfigurationSwitchCloningBugWithClassRelationGroup.xml (RunModel)" time="0.023" />
  <testcase classname="ptolemy.util.test.junit.AutoTests" name="[82] /home/travis/build/icyphy/ptII/ptolemy/actor/lib/test/auto/ConfigurationSwitchSelectSDF.xml (RunModel)" time="0.014" />
  <testcase classname="ptolemy.util.test.junit.AutoTests" name="[83] /home/travis/build/icyphy/ptII/ptolemy/actor/lib/test/auto/ConfigurationSwitchSelectSDF2.xml (RunModel)" time="0.015" />
  <testcase classname="ptolemy.util.test.junit.AutoTests" name="[84] /home/travis/build/icyphy/ptII/ptolemy/actor/lib/test/auto/Const.xml (RunModel)" time="0.006" />
  <testcase classname="ptolemy.util.test.junit.AutoTests" name="[85] /home/travis/build/icyphy/ptII/ptolemy/actor/lib/test/auto/Const2.xml (RunModel)" time="0.01" />
  <testcase classname="ptolemy.util.test.junit.AutoTests" name="[86] /home/travis/build/icyphy/ptII/ptolemy/actor/lib/test/auto/Const3.xml (RunModel)" time="0.007" />
  <testcase classname="ptolemy.util.test.junit.AutoTests" name="[87] /home/travis/build/icyphy/ptII/ptolemy/actor/lib/test/auto/ConstantPublisherPort1.xml (RunModel)" time="0.02" />
  <testcase classname="ptolemy.util.test.junit.AutoTests" name="[88] /home/travis/build/icyphy/ptII/ptolemy/actor/lib/test/auto/ConstantPublisherPort2.xml (RunModel)" time="0.021" />
  <testcase classname="ptolemy.util.test.junit.AutoTests" name="[89] /home/travis/build/icyphy/ptII/ptolemy/actor/lib/test/auto/ConstantPublisherPort3.xml (RunModel)" time="0.028" />
  <testcase classname="ptolemy.util.test.junit.AutoTests" name="[90] /home/travis/build/icyphy/ptII/ptolemy/actor/lib/test/auto/ConstantPublisherPort4.xml (RunModel)" time="0.014" />
  <testcase classname="ptolemy.util.test.junit.AutoTests" name="[91] /home/travis/build/icyphy/ptII/ptolemy/actor/lib/test/auto/ConstantPublisherPort5.xml (RunModel)" time="0.04" />
  <testcase classname="ptolemy.util.test.junit.AutoTests" name="[92] /home/travis/build/icyphy/ptII/ptolemy/actor/lib/test/auto/ConstantPublisherPort6.xml (RunModel)" time="0.027" />
  <testcase classname="ptolemy.util.test.junit.AutoTests" name="[93] /home/travis/build/icyphy/ptII/ptolemy/actor/lib/test/auto/ConstantPublisherPort7.xml (RunModel)" time="0.03" />
  <testcase classname="ptolemy.util.test.junit.AutoTests" name="[94] /home/travis/build/icyphy/ptII/ptolemy/actor/lib/test/auto/ConstraintMonitor1.xml (RunModel)" time="0.047" />
  <testcase classname="ptolemy.util.test.junit.AutoTests" name="[95] /home/travis/build/icyphy/ptII/ptolemy/actor/lib/test/auto/ConstraintMonitor2.xml (RunModel)" time="0.021" />
  <testcase classname="ptolemy.util.test.junit.AutoTests" name="[96] /home/travis/build/icyphy/ptII/ptolemy/actor/lib/test/auto/ConstraintMonitor3.xml (RunModel)" time="0.019" />
  <testcase classname="ptolemy.util.test.junit.AutoTests" name="[97] /home/travis/build/icyphy/ptII/ptolemy/actor/lib/test/auto/ConstraintMonitor4.xml (RunModel)" time="0.012" />
  <testcase classname="ptolemy.util.test.junit.AutoTests" name="[98] /home/travis/build/icyphy/ptII/ptolemy/actor/lib/test/auto/ConstraintMonitor5.xml (RunModel)" time="0.015" />
  <testcase classname="ptolemy.util.test.junit.AutoTests" name="[99] /home/travis/build/icyphy/ptII/ptolemy/actor/lib/test/auto/ConstraintMonitor6.xml (RunModel)" time="0.016" />
  <testcase classname="ptolemy.util.test.junit.AutoTests" name="[100] /home/travis/build/icyphy/ptII/ptolemy/actor/lib/test/auto/ConstraintMonitor7.xml (RunModel)" time="0.021" />
  <testcase classname="ptolemy.util.test.junit.AutoTests" name="[101] /home/travis/build/icyphy/ptII/ptolemy/actor/lib/test/auto/ConstraintMonitor8.xml (RunModel)" time="0.023" />
  <testcase classname="ptolemy.util.test.junit.AutoTests" name="[102] /home/travis/build/icyphy/ptII/ptolemy/actor/lib/test/auto/Counter.xml (RunModel)" time="0.016" />
  <testcase classname="ptolemy.util.test.junit.AutoTests" name="[103] /home/travis/build/icyphy/ptII/ptolemy/actor/lib/test/auto/CurrentTimeSDF.xml (RunModel)" time="0.01" />
  <testcase classname="ptolemy.util.test.junit.AutoTests" name="[104] /home/travis/build/icyphy/ptII/ptolemy/actor/lib/test/auto/DB.xml (RunModel)" time="0.015" />
  <testcase classname="ptolemy.util.test.junit.AutoTests" name="[105] /home/travis/build/icyphy/ptII/ptolemy/actor/lib/test/auto/DBDE.xml (RunModel)" time="0.015" />
  <testcase classname="ptolemy.util.test.junit.AutoTests" name="[106] /home/travis/build/icyphy/ptII/ptolemy/actor/lib/test/auto/DateConstructor.xml (RunModel)" time="0.076" />
  <testcase classname="ptolemy.util.test.junit.AutoTests" name="[107] /home/travis/build/icyphy/ptII/ptolemy/actor/lib/test/auto/DelayTime.xml (RunModel)" time="0.018" />
  <testcase classname="ptolemy.util.test.junit.AutoTests" name="[108] /home/travis/build/icyphy/ptII/ptolemy/actor/lib/test/auto/Dictionary1.xml (RunModel)" time="0.022" />
  <testcase classname="ptolemy.util.test.junit.AutoTests" name="[109] /home/travis/build/icyphy/ptII/ptolemy/actor/lib/test/auto/Dictionary2.xml (RunModel)" time="0.02" />
  <testcase classname="ptolemy.util.test.junit.AutoTests" name="[110] /home/travis/build/icyphy/ptII/ptolemy/actor/lib/test/auto/Dictionary3.xml (RunModel)" time="0.016" />
  <testcase classname="ptolemy.util.test.junit.AutoTests" name="[111] /home/travis/build/icyphy/ptII/ptolemy/actor/lib/test/auto/Dictionary4.xml (RunModel)" time="0.021" />
  <testcase classname="ptolemy.util.test.junit.AutoTests" name="[112] /home/travis/build/icyphy/ptII/ptolemy/actor/lib/test/auto/Differential.xml (RunModel)" time="0.015" />
  <testcase classname="ptolemy.util.test.junit.AutoTests" name="[113] /home/travis/build/icyphy/ptII/ptolemy/actor/lib/test/auto/Director.xml (RunModel)" time="0.012" />
  <testcase classname="ptolemy.util.test.junit.AutoTests" name="[114] /home/travis/build/icyphy/ptII/ptolemy/actor/lib/test/auto/DiscreteClock.xml (RunModel)" time="0.008" />
  <testcase classname="ptolemy.util.test.junit.AutoTests" name="[115] /home/travis/build/icyphy/ptII/ptolemy/actor/lib/test/auto/DiscreteClock10.xml (RunModel)" time="0.013" />
  <testcase classname="ptolemy.util.test.junit.AutoTests" name="[116] /home/travis/build/icyphy/ptII/ptolemy/actor/lib/test/auto/DiscreteClock11.xml (RunModel)" time="0.014" />
  <testcase classname="ptolemy.util.test.junit.AutoTests" name="[117] /home/travis/build/icyphy/ptII/ptolemy/actor/lib/test/auto/DiscreteClock12.xml (RunModel)" time="0.016" />
  <testcase classname="ptolemy.util.test.junit.AutoTests" name="[118] /home/travis/build/icyphy/ptII/ptolemy/actor/lib/test/auto/DiscreteClock13.xml (RunModel)" time="0.016" />
  <testcase classname="ptolemy.util.test.junit.AutoTests" name="[119] /home/travis/build/icyphy/ptII/ptolemy/actor/lib/test/auto/DiscreteClock14.xml (RunModel)" time="0.018" />
  <testcase classname="ptolemy.util.test.junit.AutoTests" name="[120] /home/travis/build/icyphy/ptII/ptolemy/actor/lib/test/auto/DiscreteClock15.xml (RunModel)" time="0.014" />
  <testcase classname="ptolemy.util.test.junit.AutoTests" name="[121] /home/travis/build/icyphy/ptII/ptolemy/actor/lib/test/auto/DiscreteClock16.xml (RunModel)" time="0.047" />
  <testcase classname="ptolemy.util.test.junit.AutoTests" name="[122] /home/travis/build/icyphy/ptII/ptolemy/actor/lib/test/auto/DiscreteClock17.xml (RunModel)" time="0.045" />
  <testcase classname="ptolemy.util.test.junit.AutoTests" name="[123] /home/travis/build/icyphy/ptII/ptolemy/actor/lib/test/auto/DiscreteClock18.xml (RunModel)" time="0.053" />
  <testcase classname="ptolemy.util.test.junit.AutoTests" name="[124] /home/travis/build/icyphy/ptII/ptolemy/actor/lib/test/auto/DiscreteClock19.xml (RunModel)" time="0.055" />
  <testcase classname="ptolemy.util.test.junit.AutoTests" name="[125] /home/travis/build/icyphy/ptII/ptolemy/actor/lib/test/auto/DiscreteClock2.xml (RunModel)" time="0.012" />
  <testcase classname="ptolemy.util.test.junit.AutoTests" name="[126] /home/travis/build/icyphy/ptII/ptolemy/actor/lib/test/auto/DiscreteClock20.xml (RunModel)" time="0.022" />
  <testcase classname="ptolemy.util.test.junit.AutoTests" name="[127] /home/travis/build/icyphy/ptII/ptolemy/actor/lib/test/auto/DiscreteClock21.xml (RunModel)" time="0.021" />
  <testcase classname="ptolemy.util.test.junit.AutoTests" name="[128] /home/travis/build/icyphy/ptII/ptolemy/actor/lib/test/auto/DiscreteClock22.xml (RunModel)" time="0.011" />
  <testcase classname="ptolemy.util.test.junit.AutoTests" name="[129] /home/travis/build/icyphy/ptII/ptolemy/actor/lib/test/auto/DiscreteClock23.xml (RunModel)" time="0.017" />
  <testcase classname="ptolemy.util.test.junit.AutoTests" name="[130] /home/travis/build/icyphy/ptII/ptolemy/actor/lib/test/auto/DiscreteClock24.xml (RunModel)" time="0.014" />
  <testcase classname="ptolemy.util.test.junit.AutoTests" name="[131] /home/travis/build/icyphy/ptII/ptolemy/actor/lib/test/auto/DiscreteClock4.xml (RunModel)" time="0.013" />
  <testcase classname="ptolemy.util.test.junit.AutoTests" name="[132] /home/travis/build/icyphy/ptII/ptolemy/actor/lib/test/auto/DiscreteClock5.xml (RunModel)" time="0.015" />
  <testcase classname="ptolemy.util.test.junit.AutoTests" name="[133] /home/travis/build/icyphy/ptII/ptolemy/actor/lib/test/auto/DiscreteClock6.xml (RunModel)" time="0.01" />
  <testcase classname="ptolemy.util.test.junit.AutoTests" name="[134] /home/travis/build/icyphy/ptII/ptolemy/actor/lib/test/auto/DiscreteClock7.xml (RunModel)" time="0.013" />
  <testcase classname="ptolemy.util.test.junit.AutoTests" name="[135] /home/travis/build/icyphy/ptII/ptolemy/actor/lib/test/auto/DiscreteClock8.xml (RunModel)" time="0.01" />
  <testcase classname="ptolemy.util.test.junit.AutoTests" name="[136] /home/travis/build/icyphy/ptII/ptolemy/actor/lib/test/auto/DiscreteClock9.xml (RunModel)" time="0.016" />
  <testcase classname="ptolemy.util.test.junit.AutoTests" name="[137] /home/travis/build/icyphy/ptII/ptolemy/actor/lib/test/auto/DisplayArray.xml (RunModel)" time="0.009" />
  <testcase classname="ptolemy.util.test.junit.AutoTests" name="[138] /home/travis/build/icyphy/ptII/ptolemy/actor/lib/test/auto/Distributor.xml (RunModel)" time="0.01" />
  <testcase classname="ptolemy.util.test.junit.AutoTests" name="[139] /home/travis/build/icyphy/ptII/ptolemy/actor/lib/test/auto/Distributor2.xml (RunModel)" time="0.011" />
  <testcase classname="ptolemy.util.test.junit.AutoTests" name="[140] /home/travis/build/icyphy/ptII/ptolemy/actor/lib/test/auto/DownSample.xml (RunModel)" time="0.008" />
  <testcase classname="ptolemy.util.test.junit.AutoTests" name="[141] /home/travis/build/icyphy/ptII/ptolemy/actor/lib/test/auto/ElectronicUnitBase1.xml (RunModel)" time="0.052" />
  <testcase classname="ptolemy.util.test.junit.AutoTests" name="[142] /home/travis/build/icyphy/ptII/ptolemy/actor/lib/test/auto/ElementsToArray.xml (RunModel)" time="0.013" />
  <testcase classname="ptolemy.util.test.junit.AutoTests" name="[143] /home/travis/build/icyphy/ptII/ptolemy/actor/lib/test/auto/Equals.xml (RunModel)" time="0.016" />
  <testcase classname="ptolemy.util.test.junit.AutoTests" name="[144] /home/travis/build/icyphy/ptII/ptolemy/actor/lib/test/auto/Exec.xml (RunModel)" time="0.027" />
  <testcase classname="ptolemy.util.test.junit.AutoTests" name="[145] /home/travis/build/icyphy/ptII/ptolemy/actor/lib/test/auto/ExecEnvironment.xml (RunModel)" time="0.026" />
  <testcase classname="ptolemy.util.test.junit.AutoTests" name="[146] /home/travis/build/icyphy/ptII/ptolemy/actor/lib/test/auto/ExecNonZeroReturnOutput.xml (RunModel)" time="0.182" />
  <testcase classname="ptolemy.util.test.junit.AutoTests" name="[147] /home/travis/build/icyphy/ptII/ptolemy/actor/lib/test/auto/ExecRunDemos.xml (RunModel)" time="10.401" />
  <testcase classname="ptolemy.util.test.junit.AutoTests" name="[148] /home/travis/build/icyphy/ptII/ptolemy/actor/lib/test/auto/ExecStop.xml (RunModel)" time="5.039" />
  <testcase classname="ptolemy.util.test.junit.AutoTests" name="[149] /home/travis/build/icyphy/ptII/ptolemy/actor/lib/test/auto/ExecutionTimeSDF.xml (RunModel)" time="6.026" />
  <testcase classname="ptolemy.util.test.junit.AutoTests" name="[150] /home/travis/build/icyphy/ptII/ptolemy/actor/lib/test/auto/Expression1.xml (RunModel)" time="0.017" />
  <testcase classname="ptolemy.util.test.junit.AutoTests" name="[151] /home/travis/build/icyphy/ptII/ptolemy/actor/lib/test/auto/Expression10.xml (RunModel)" time="0.019" />
  <testcase classname="ptolemy.util.test.junit.AutoTests" name="[152] /home/travis/build/icyphy/ptII/ptolemy/actor/lib/test/auto/Expression11.xml (RunModel)" time="0.009" />
  <testcase classname="ptolemy.util.test.junit.AutoTests" name="[153] /home/travis/build/icyphy/ptII/ptolemy/actor/lib/test/auto/Expression12.xml (RunModel)" time="0.011" />
  <testcase classname="ptolemy.util.test.junit.AutoTests" name="[154] /home/travis/build/icyphy/ptII/ptolemy/actor/lib/test/auto/Expression13.xml (RunModel)" time="0.01" />
  <testcase classname="ptolemy.util.test.junit.AutoTests" name="[155] /home/travis/build/icyphy/ptII/ptolemy/actor/lib/test/auto/Expression14.xml (RunModel)" time="0.015" />
  <testcase classname="ptolemy.util.test.junit.AutoTests" name="[156] /home/travis/build/icyphy/ptII/ptolemy/actor/lib/test/auto/Expression15.xml (RunModel)" time="0.006" />
  <testcase classname="ptolemy.util.test.junit.AutoTests" name="[157] /home/travis/build/icyphy/ptII/ptolemy/actor/lib/test/auto/Expression16.xml (RunModel)" time="0.011" />
  <testcase classname="ptolemy.util.test.junit.AutoTests" name="[158] /home/travis/build/icyphy/ptII/ptolemy/actor/lib/test/auto/Expression17.xml (RunModel)" time="0.027" />
  <testcase classname="ptolemy.util.test.junit.AutoTests" name="[159] /home/travis/build/icyphy/ptII/ptolemy/actor/lib/test/auto/Expression18.xml (RunModel)" time="0.029" />
  <testcase classname="ptolemy.util.test.junit.AutoTests" name="[160] /home/travis/build/icyphy/ptII/ptolemy/actor/lib/test/auto/Expression2.xml (RunModel)" time="0.009" />
  <testcase classname="ptolemy.util.test.junit.AutoTests" name="[161] /home/travis/build/icyphy/ptII/ptolemy/actor/lib/test/auto/Expression3.xml (RunModel)" time="0.013" />
  <testcase classname="ptolemy.util.test.junit.AutoTests" name="[162] /home/travis/build/icyphy/ptII/ptolemy/actor/lib/test/auto/Expression4.xml (RunModel)" time="0.014" />
  <testcase classname="ptolemy.util.test.junit.AutoTests" name="[163] /home/travis/build/icyphy/ptII/ptolemy/actor/lib/test/auto/Expression5.xml (RunModel)" time="0.012" />
  <testcase classname="ptolemy.util.test.junit.AutoTests" name="[164] /home/travis/build/icyphy/ptII/ptolemy/actor/lib/test/auto/Expression6.xml (RunModel)" time="0.007" />
  <testcase classname="ptolemy.util.test.junit.AutoTests" name="[165] /home/travis/build/icyphy/ptII/ptolemy/actor/lib/test/auto/Expression7.xml (RunModel)" time="0.01" />
  <testcase classname="ptolemy.util.test.junit.AutoTests" name="[166] /home/travis/build/icyphy/ptII/ptolemy/actor/lib/test/auto/Expression8.xml (RunModel)" time="0.013" />
  <testcase classname="ptolemy.util.test.junit.AutoTests" name="[167] /home/travis/build/icyphy/ptII/ptolemy/actor/lib/test/auto/Expression9.xml (RunModel)" time="0.013" />
  <testcase classname="ptolemy.util.test.junit.AutoTests" name="[168] /home/travis/build/icyphy/ptII/ptolemy/actor/lib/test/auto/ExpressionConcatenateArrayType.xml (RunModel)" time="0.023" />
  <testcase classname="ptolemy.util.test.junit.AutoTests" name="[169] /home/travis/build/icyphy/ptII/ptolemy/actor/lib/test/auto/ExpressionConcatenateArrayType2.xml (RunModel)" time="0.019" />
  <testcase classname="ptolemy.util.test.junit.AutoTests" name="[170] /home/travis/build/icyphy/ptII/ptolemy/actor/lib/test/auto/ExpressionFix.xml (RunModel)" time="0.023" />
  <testcase classname="ptolemy.util.test.junit.AutoTests" name="[171] /home/travis/build/icyphy/ptII/ptolemy/actor/lib/test/auto/ExpressionFix2.xml (RunModel)" time="0.007" />
  <testcase classname="ptolemy.util.test.junit.AutoTests" name="[172] /home/travis/build/icyphy/ptII/ptolemy/actor/lib/test/auto/ExpressionFix3.xml (RunModel)" time="0.008" />
  <testcase classname="ptolemy.util.test.junit.AutoTests" name="[173] /home/travis/build/icyphy/ptII/ptolemy/actor/lib/test/auto/FileWriter1.xml (RunModel)" time="0.007" />
  <testcase classname="ptolemy.util.test.junit.AutoTests" name="[174] /home/travis/build/icyphy/ptII/ptolemy/actor/lib/test/auto/FileWriter2.xml (RunModel)" time="0.01" />
  <testcase classname="ptolemy.util.test.junit.AutoTests" name="[175] /home/travis/build/icyphy/ptII/ptolemy/actor/lib/test/auto/FileWriter3.xml (RunModel)" time="0.022" />
  <testcase classname="ptolemy.util.test.junit.AutoTests" name="[176] /home/travis/build/icyphy/ptII/ptolemy/actor/lib/test/auto/Gaussian.xml (RunModel)" time="0.009" />
  <testcase classname="ptolemy.util.test.junit.AutoTests" name="[177] /home/travis/build/icyphy/ptII/ptolemy/actor/lib/test/auto/Gaussian1.xml (RunModel)" time="0.018" />
  <testcase classname="ptolemy.util.test.junit.AutoTests" name="[178] /home/travis/build/icyphy/ptII/ptolemy/actor/lib/test/auto/Gaussian2.xml (RunModel)" time="0.014" />
  <testcase classname="ptolemy.util.test.junit.AutoTests" name="[179] /home/travis/build/icyphy/ptII/ptolemy/actor/lib/test/auto/GradientAdaptiveLattice.xml (RunModel)" time="0.014" />
  <testcase classname="ptolemy.util.test.junit.AutoTests" name="[180] /home/travis/build/icyphy/ptII/ptolemy/actor/lib/test/auto/IIR.xml (RunModel)" time="0.008" />
  <testcase classname="ptolemy.util.test.junit.AutoTests" name="[181] /home/travis/build/icyphy/ptII/ptolemy/actor/lib/test/auto/InputOutputTransparentPorts.xml (RunModel)" time="0.016" />
  <testcase classname="ptolemy.util.test.junit.AutoTests" name="[182] /home/travis/build/icyphy/ptII/ptolemy/actor/lib/test/auto/Interpolator.xml (RunModel)" time="0.011" />
  <testcase classname="ptolemy.util.test.junit.AutoTests" name="[183] /home/travis/build/icyphy/ptII/ptolemy/actor/lib/test/auto/InterpolatorFiringLimitDE.xml (RunModel)" time="0.011" />
  <testcase classname="ptolemy.util.test.junit.AutoTests" name="[184] /home/travis/build/icyphy/ptII/ptolemy/actor/lib/test/auto/Lattice.xml (RunModel)" time="0.007" />
  <testcase classname="ptolemy.util.test.junit.AutoTests" name="[185] /home/travis/build/icyphy/ptII/ptolemy/actor/lib/test/auto/LazyAOCTestLazy.xml (RunModel)" time="0.034" />
  <testcase classname="ptolemy.util.test.junit.AutoTests" name="[186] /home/travis/build/icyphy/ptII/ptolemy/actor/lib/test/auto/LazyAOCTestNonLazy.xml (RunModel)" time="0.044" />
  <testcase classname="ptolemy.util.test.junit.AutoTests" name="[187] /home/travis/build/icyphy/ptII/ptolemy/actor/lib/test/auto/LazyInnerClass.xml (RunModel)" time="0.051" />
  <testcase classname="ptolemy.util.test.junit.AutoTests" name="[188] /home/travis/build/icyphy/ptII/ptolemy/actor/lib/test/auto/LazyPubSub.xml (RunModel)" time="0.046" />
  <testcase classname="ptolemy.util.test.junit.AutoTests" name="[189] /home/travis/build/icyphy/ptII/ptolemy/actor/lib/test/auto/LazyPubSub2.xml (RunModel)" time="0.033" />
  <testcase classname="ptolemy.util.test.junit.AutoTests" name="[190] /home/travis/build/icyphy/ptII/ptolemy/actor/lib/test/auto/LazyPubSub3.xml (RunModel)" time="0.021" />
  <testcase classname="ptolemy.util.test.junit.AutoTests" name="[191] /home/travis/build/icyphy/ptII/ptolemy/actor/lib/test/auto/LazySubClassModel.xml (RunModel)" time="0.017" />
  <testcase classname="ptolemy.util.test.junit.AutoTests" name="[192] /home/travis/build/icyphy/ptII/ptolemy/actor/lib/test/auto/LevelCrossTest1.xml (RunModel)" time="0.008" />
  <testcase classname="ptolemy.util.test.junit.AutoTests" name="[193] /home/travis/build/icyphy/ptII/ptolemy/actor/lib/test/auto/LevelCrossTest10.xml (RunModel)" time="0.011" />
  <testcase classname="ptolemy.util.test.junit.AutoTests" name="[194] /home/travis/build/icyphy/ptII/ptolemy/actor/lib/test/auto/LevelCrossTest11.xml (RunModel)" time="0.011" />
  <testcase classname="ptolemy.util.test.junit.AutoTests" name="[195] /home/travis/build/icyphy/ptII/ptolemy/actor/lib/test/auto/LevelCrossTest12.xml (RunModel)" time="0.01" />
  <testcase classname="ptolemy.util.test.junit.AutoTests" name="[196] /home/travis/build/icyphy/ptII/ptolemy/actor/lib/test/auto/LevelCrossTest13.xml (RunModel)" time="0.012" />
  <testcase classname="ptolemy.util.test.junit.AutoTests" name="[197] /home/travis/build/icyphy/ptII/ptolemy/actor/lib/test/auto/LevelCrossTest2.xml (RunModel)" time="0.009" />
  <testcase classname="ptolemy.util.test.junit.AutoTests" name="[198] /home/travis/build/icyphy/ptII/ptolemy/actor/lib/test/auto/LevelCrossTest3.xml (RunModel)" time="0.01" />
  <testcase classname="ptolemy.util.test.junit.AutoTests" name="[199] /home/travis/build/icyphy/ptII/ptolemy/actor/lib/test/auto/LevelCrossTest4.xml (RunModel)" time="0.008" />
  <testcase classname="ptolemy.util.test.junit.AutoTests" name="[200] /home/travis/build/icyphy/ptII/ptolemy/actor/lib/test/auto/LevelCrossTest5.xml (RunModel)" time="0.013" />
  <testcase classname="ptolemy.util.test.junit.AutoTests" name="[201] /home/travis/build/icyphy/ptII/ptolemy/actor/lib/test/auto/LevelCrossTest6.xml (RunModel)" time="0.011" />
  <testcase classname="ptolemy.util.test.junit.AutoTests" name="[202] /home/travis/build/icyphy/ptII/ptolemy/actor/lib/test/auto/LevelCrossTest7.xml (RunModel)" time="0.017" />
  <testcase classname="ptolemy.util.test.junit.AutoTests" name="[203] /home/travis/build/icyphy/ptII/ptolemy/actor/lib/test/auto/LevelCrossTest8.xml (RunModel)" time="0.012" />
  <testcase classname="ptolemy.util.test.junit.AutoTests" name="[204] /home/travis/build/icyphy/ptII/ptolemy/actor/lib/test/auto/LevelCrossTest9.xml (RunModel)" time="0.014" />
  <testcase classname="ptolemy.util.test.junit.AutoTests" name="[205] /home/travis/build/icyphy/ptII/ptolemy/actor/lib/test/auto/LevinsonDurbin.xml (RunModel)" time="0.016" />
  <testcase classname="ptolemy.util.test.junit.AutoTests" name="[206] /home/travis/build/icyphy/ptII/ptolemy/actor/lib/test/auto/LevinsonDurbin2.xml (RunModel)" time="0.007" />
  <testcase classname="ptolemy.util.test.junit.AutoTests" name="[207] /home/travis/build/icyphy/ptII/ptolemy/actor/lib/test/auto/LevinsonDurbin3.xml (RunModel)" time="0.006" />
  <testcase classname="ptolemy.util.test.junit.AutoTests" name="[208] /home/travis/build/icyphy/ptII/ptolemy/actor/lib/test/auto/Limiter.xml (RunModel)" time="0.051" />
  <testcase classname="ptolemy.util.test.junit.AutoTests" name="[209] /home/travis/build/icyphy/ptII/ptolemy/actor/lib/test/auto/LinearDifferenceEquationSystem.xml (RunModel)" time="0.019" />
  <testcase classname="ptolemy.util.test.junit.AutoTests" name="[210] /home/travis/build/icyphy/ptII/ptolemy/actor/lib/test/auto/LookupTable.xml (RunModel)" time="0.009" />
  <testcase classname="ptolemy.util.test.junit.AutoTests" name="[211] /home/travis/build/icyphy/ptII/ptolemy/actor/lib/test/auto/MathFunction.xml (RunModel)" time="0.015" />
  <testcase classname="ptolemy.util.test.junit.AutoTests" name="[212] /home/travis/build/icyphy/ptII/ptolemy/actor/lib/test/auto/MathFunction2.xml (RunModel)" time="0.012" />
  <testcase classname="ptolemy.util.test.junit.AutoTests" name="[213] /home/travis/build/icyphy/ptII/ptolemy/actor/lib/test/auto/MathFunction3.xml (RunModel)" time="0.017" />
  <testcase classname="ptolemy.util.test.junit.AutoTests" name="[214] /home/travis/build/icyphy/ptII/ptolemy/actor/lib/test/auto/MatrixCropBoolean.xml (RunModel)" time="0.012" />
  <testcase classname="ptolemy.util.test.junit.AutoTests" name="[215] /home/travis/build/icyphy/ptII/ptolemy/actor/lib/test/auto/MatrixCropComplex.xml (RunModel)" time="0.009" />
  <testcase classname="ptolemy.util.test.junit.AutoTests" name="[216] /home/travis/build/icyphy/ptII/ptolemy/actor/lib/test/auto/MatrixCropDouble.xml (RunModel)" time="0.01" />
  <testcase classname="ptolemy.util.test.junit.AutoTests" name="[217] /home/travis/build/icyphy/ptII/ptolemy/actor/lib/test/auto/MatrixCropFix.xml (RunModel)" time="0.012" />
  <testcase classname="ptolemy.util.test.junit.AutoTests" name="[218] /home/travis/build/icyphy/ptII/ptolemy/actor/lib/test/auto/MatrixCropInt.xml (RunModel)" time="0.01" />
  <testcase classname="ptolemy.util.test.junit.AutoTests" name="[219] /home/travis/build/icyphy/ptII/ptolemy/actor/lib/test/auto/MatrixCropLong.xml (RunModel)" time="0.008" />
  <testcase classname="ptolemy.util.test.junit.AutoTests" name="[220] /home/travis/build/icyphy/ptII/ptolemy/actor/lib/test/auto/MatrixToArray.xml (RunModel)" time="0.051" />
  <testcase classname="ptolemy.util.test.junit.AutoTests" name="[221] /home/travis/build/icyphy/ptII/ptolemy/actor/lib/test/auto/MaxIndex.xml (RunModel)" time="0.012" />
  <testcase classname="ptolemy.util.test.junit.AutoTests" name="[222] /home/travis/build/icyphy/ptII/ptolemy/actor/lib/test/auto/Maximum.xml (RunModel)" time="0.011" />
  <testcase classname="ptolemy.util.test.junit.AutoTests" name="[223] /home/travis/build/icyphy/ptII/ptolemy/actor/lib/test/auto/MaximumComplex.xml (RunModel)" time="0.012" />
  <testcase classname="ptolemy.util.test.junit.AutoTests" name="[224] /home/travis/build/icyphy/ptII/ptolemy/actor/lib/test/auto/MethodCallTest.xml (RunModel)" time="0.019" />
  <testcase classname="ptolemy.util.test.junit.AutoTests" name="[225] /home/travis/build/icyphy/ptII/ptolemy/actor/lib/test/auto/Minimum.xml (RunModel)" time="0.014" />
  <testcase classname="ptolemy.util.test.junit.AutoTests" name="[226] /home/travis/build/icyphy/ptII/ptolemy/actor/lib/test/auto/MinimumComplex.xml (RunModel)" time="0.036" />
  <testcase classname="ptolemy.util.test.junit.AutoTests" name="[227] /home/travis/build/icyphy/ptII/ptolemy/actor/lib/test/auto/MinimumMultiports.xml (RunModel)" time="0.021" />
  <testcase classname="ptolemy.util.test.junit.AutoTests" name="[228] /home/travis/build/icyphy/ptII/ptolemy/actor/lib/test/auto/ModifyDate.xml (RunModel)" time="0.039" />
  <testcase classname="ptolemy.util.test.junit.AutoTests" name="[229] /home/travis/build/icyphy/ptII/ptolemy/actor/lib/test/auto/ModifyDate2.xml (RunModel)" time="0.028" />
  <testcase classname="ptolemy.util.test.junit.AutoTests" name="[230] /home/travis/build/icyphy/ptII/ptolemy/actor/lib/test/auto/MovingAverage.xml (RunModel)" time="0.011" />
  <testcase classname="ptolemy.util.test.junit.AutoTests" name="[231] /home/travis/build/icyphy/ptII/ptolemy/actor/lib/test/auto/MovingMaximum.xml (RunModel)" time="0.012" />
  <testcase classname="ptolemy.util.test.junit.AutoTests" name="[232] /home/travis/build/icyphy/ptII/ptolemy/actor/lib/test/auto/MultipleLinksToSameRelation.xml (RunModel)" time="0.007" />
  <testcase classname="ptolemy.util.test.junit.AutoTests" name="[233] /home/travis/build/icyphy/ptII/ptolemy/actor/lib/test/auto/MultipleLinksToSameRelationDE.xml (RunModel)" time="0.007" />
  <testcase classname="ptolemy.util.test.junit.AutoTests" name="[234] /home/travis/build/icyphy/ptII/ptolemy/actor/lib/test/auto/Multiplexor.xml (RunModel)" time="0.011" />
  <testcase classname="ptolemy.util.test.junit.AutoTests" name="[235] /home/travis/build/icyphy/ptII/ptolemy/actor/lib/test/auto/Multiplexor1.xml (RunModel)" time="0.01" />
  <testcase classname="ptolemy.util.test.junit.AutoTests" name="[236] /home/travis/build/icyphy/ptII/ptolemy/actor/lib/test/auto/Multiplexor2.xml (RunModel)" time="0.011" />
  <testcase classname="ptolemy.util.test.junit.AutoTests" name="[237] /home/travis/build/icyphy/ptII/ptolemy/actor/lib/test/auto/Multiplexor3.xml (RunModel)" time="0.008" />
  <testcase classname="ptolemy.util.test.junit.AutoTests" name="[238] /home/travis/build/icyphy/ptII/ptolemy/actor/lib/test/auto/MultiplexorDE.xml (RunModel)" time="0.023" />
  <testcase classname="ptolemy.util.test.junit.AutoTests" name="[239] /home/travis/build/icyphy/ptII/ptolemy/actor/lib/test/auto/MultiportBroadcastTest.xml (RunModel)" time="0.102" />
  <testcase classname="ptolemy.util.test.junit.AutoTests" name="[240] /home/travis/build/icyphy/ptII/ptolemy/actor/lib/test/auto/MultiportOutHangDuringGetWidth.xml (RunModel)" time="0.035" />
  <testcase classname="ptolemy.util.test.junit.AutoTests" name="[241] /home/travis/build/icyphy/ptII/ptolemy/actor/lib/test/auto/NilToken.xml (RunModel)" time="0.011" />
  <testcase classname="ptolemy.util.test.junit.AutoTests" name="[242] /home/travis/build/icyphy/ptII/ptolemy/actor/lib/test/auto/NilTokenNonStrictTest.xml (RunModel)" time="0.01" />
  <testcase classname="ptolemy.util.test.junit.AutoTests" name="[243] /home/travis/build/icyphy/ptII/ptolemy/actor/lib/test/auto/NilTokenRecord.xml (RunModel)" time="0.021" />
  <testcase classname="ptolemy.util.test.junit.AutoTests" name="[244] /home/travis/build/icyphy/ptII/ptolemy/actor/lib/test/auto/NilTokenTypeTest.xml (RunModel)" time="0.031" />
  <testcase classname="ptolemy.util.test.junit.AutoTests" name="[245] /home/travis/build/icyphy/ptII/ptolemy/actor/lib/test/auto/ObjectToken1.xml (RunModel)" time="0.014" />
  <testcase classname="ptolemy.util.test.junit.AutoTests" name="[246] /home/travis/build/icyphy/ptII/ptolemy/actor/lib/test/auto/OrderedMerge.xml (RunModel)" time="0.018" />
  <testcase classname="ptolemy.util.test.junit.AutoTests" name="[247] /home/travis/build/icyphy/ptII/ptolemy/actor/lib/test/auto/OrderedRecordDisassembler.xml (RunModel)" time="0.018" />
  <testcase classname="ptolemy.util.test.junit.AutoTests" name="[248] /home/travis/build/icyphy/ptII/ptolemy/actor/lib/test/auto/OrderedRecordDisassembler2.xml (RunModel)" time="0.016" />
  <testcase classname="ptolemy.util.test.junit.AutoTests" name="[249] /home/travis/build/icyphy/ptII/ptolemy/actor/lib/test/auto/OrderedRecordUpdater.xml (RunModel)" time="0.016" />
  <testcase classname="ptolemy.util.test.junit.AutoTests" name="[250] /home/travis/build/icyphy/ptII/ptolemy/actor/lib/test/auto/OrderedRecordUpdater2.xml (RunModel)" time="0.015" />
  <testcase classname="ptolemy.util.test.junit.AutoTests" name="[251] /home/travis/build/icyphy/ptII/ptolemy/actor/lib/test/auto/PhaseUnwrap.xml (RunModel)" time="0.014" />
  <testcase classname="ptolemy.util.test.junit.AutoTests" name="[252] /home/travis/build/icyphy/ptII/ptolemy/actor/lib/test/auto/PoissonClock.xml (RunModel)" time="0.01" />
  <testcase classname="ptolemy.util.test.junit.AutoTests" name="[253] /home/travis/build/icyphy/ptII/ptolemy/actor/lib/test/auto/PoissonClock2.xml (RunModel)" time="0.007" />
  <testcase classname="ptolemy.util.test.junit.AutoTests" name="[254] /home/travis/build/icyphy/ptII/ptolemy/actor/lib/test/auto/PoissonClock3.xml (RunModel)" time="0.024" />
  <testcase classname="ptolemy.util.test.junit.AutoTests" name="[255] /home/travis/build/icyphy/ptII/ptolemy/actor/lib/test/auto/PubSubWithInitialTokens.xml (RunModel)" time="0.016" />
  <testcase classname="ptolemy.util.test.junit.AutoTests" name="[256] /home/travis/build/icyphy/ptII/ptolemy/actor/lib/test/auto/PubSubWithInitialTokens2.xml (RunModel)" time="0.011" />
  <testcase classname="ptolemy.util.test.junit.AutoTests" name="[257] /home/travis/build/icyphy/ptII/ptolemy/actor/lib/test/auto/PublisherClassNoParameter.xml (RunModel)" time="0.024" />
  <testcase classname="ptolemy.util.test.junit.AutoTests" name="[258] /home/travis/build/icyphy/ptII/ptolemy/actor/lib/test/auto/PublisherClassParameter.xml (RunModel)" time="0.019" />
  <testcase classname="ptolemy.util.test.junit.AutoTests" name="[259] /home/travis/build/icyphy/ptII/ptolemy/actor/lib/test/auto/PublisherNonStrictTest.xml (RunModel)" time="0.013" />
  <testcase classname="ptolemy.util.test.junit.AutoTests" name="[260] /home/travis/build/icyphy/ptII/ptolemy/actor/lib/test/auto/PublisherPort1.xml (RunModel)" time="0.018" />
  <testcase classname="ptolemy.util.test.junit.AutoTests" name="[261] /home/travis/build/icyphy/ptII/ptolemy/actor/lib/test/auto/PublisherPort2.xml (RunModel)" time="0.009" />
  <testcase classname="ptolemy.util.test.junit.AutoTests" name="[262] /home/travis/build/icyphy/ptII/ptolemy/actor/lib/test/auto/PublisherPort3.xml (RunModel)" time="0.01" />
  <testcase classname="ptolemy.util.test.junit.AutoTests" name="[263] /home/travis/build/icyphy/ptII/ptolemy/actor/lib/test/auto/PublisherPort4.xml (RunModel)" time="0.009" />
  <testcase classname="ptolemy.util.test.junit.AutoTests" name="[264] /home/travis/build/icyphy/ptII/ptolemy/actor/lib/test/auto/PublisherPort5.xml (RunModel)" time="0.013" />
  <testcase classname="ptolemy.util.test.junit.AutoTests" name="[265] /home/travis/build/icyphy/ptII/ptolemy/actor/lib/test/auto/PublisherPort5LookAlike.xml (RunModel)" time="0.016" />
  <testcase classname="ptolemy.util.test.junit.AutoTests" name="[266] /home/travis/build/icyphy/ptII/ptolemy/actor/lib/test/auto/PublisherPort6.xml (RunModel)" time="0.012" />
  <testcase classname="ptolemy.util.test.junit.AutoTests" name="[267] /home/travis/build/icyphy/ptII/ptolemy/actor/lib/test/auto/PublisherPort7.xml (RunModel)" time="0.013" />
  <testcase classname="ptolemy.util.test.junit.AutoTests" name="[268] /home/travis/build/icyphy/ptII/ptolemy/actor/lib/test/auto/PublisherPort8.xml (RunModel)" time="0.014" />
  <testcase classname="ptolemy.util.test.junit.AutoTests" name="[269] /home/travis/build/icyphy/ptII/ptolemy/actor/lib/test/auto/PublisherPortSubscriberChannelVariablesAOC2.xml (RunModel)" time="0.028" />
  <testcase classname="ptolemy.util.test.junit.AutoTests" name="[270] /home/travis/build/icyphy/ptII/ptolemy/actor/lib/test/auto/PublisherPortSubscriberOpaqueWidthInference.xml (RunModel)" time="0.012" />
  <testcase classname="ptolemy.util.test.junit.AutoTests" name="[271] /home/travis/build/icyphy/ptII/ptolemy/actor/lib/test/auto/PublisherPortSubscriberPortAdjacent.xml (RunModel)" time="0.015" />
  <testcase classname="ptolemy.util.test.junit.AutoTests" name="[272] /home/travis/build/icyphy/ptII/ptolemy/actor/lib/test/auto/PublisherPortSubscriberPortExpression.xml (RunModel)" time="0.014" />
  <testcase classname="ptolemy.util.test.junit.AutoTests" name="[273] /home/travis/build/icyphy/ptII/ptolemy/actor/lib/test/auto/PublisherPortSubscriberPortOpaqueD3Reverse.xml (RunModel)" time="0.045" />
  <testcase classname="ptolemy.util.test.junit.AutoTests" name="[274] /home/travis/build/icyphy/ptII/ptolemy/actor/lib/test/auto/PublisherPortSubscriberPortOpaqueWidthInference.xml (RunModel)" time="0.013" />
  <testcase classname="ptolemy.util.test.junit.AutoTests" name="[275] /home/travis/build/icyphy/ptII/ptolemy/actor/lib/test/auto/PublisherPortToplevelSubscriberPortAOC.xml (RunModel)" time="0.017" />
  <testcase classname="ptolemy.util.test.junit.AutoTests" name="[276] /home/travis/build/icyphy/ptII/ptolemy/actor/lib/test/auto/PublisherSubscriber.xml (RunModel)" time="0.012" />
  <testcase classname="ptolemy.util.test.junit.AutoTests" name="[277] /home/travis/build/icyphy/ptII/ptolemy/actor/lib/test/auto/PublisherSubscriber10.xml (RunModel)" time="0.018" />
  <testcase classname="ptolemy.util.test.junit.AutoTests" name="[278] /home/travis/build/icyphy/ptII/ptolemy/actor/lib/test/auto/PublisherSubscriber10InitialOutputs.xml (RunModel)" time="0.028" />
  <testcase classname="ptolemy.util.test.junit.AutoTests" name="[279] /home/travis/build/icyphy/ptII/ptolemy/actor/lib/test/auto/PublisherSubscriber11.xml (RunModel)" time="0.02" />
  <testcase classname="ptolemy.util.test.junit.AutoTests" name="[280] /home/travis/build/icyphy/ptII/ptolemy/actor/lib/test/auto/PublisherSubscriber12.xml (RunModel)" time="0.019" />
  <testcase classname="ptolemy.util.test.junit.AutoTests" name="[281] /home/travis/build/icyphy/ptII/ptolemy/actor/lib/test/auto/PublisherSubscriber13.xml (RunModel)" time="0.01" />
  <testcase classname="ptolemy.util.test.junit.AutoTests" name="[282] /home/travis/build/icyphy/ptII/ptolemy/actor/lib/test/auto/PublisherSubscriber14.xml (RunModel)" time="0.019" />
  <testcase classname="ptolemy.util.test.junit.AutoTests" name="[283] /home/travis/build/icyphy/ptII/ptolemy/actor/lib/test/auto/PublisherSubscriber2.xml (RunModel)" time="0.011" />
  <testcase classname="ptolemy.util.test.junit.AutoTests" name="[284] /home/travis/build/icyphy/ptII/ptolemy/actor/lib/test/auto/PublisherSubscriber3.xml (RunModel)" time="0.009" />
  <testcase classname="ptolemy.util.test.junit.AutoTests" name="[285] /home/travis/build/icyphy/ptII/ptolemy/actor/lib/test/auto/PublisherSubscriber4.xml (RunModel)" time="0.009" />
  <testcase classname="ptolemy.util.test.junit.AutoTests" name="[286] /home/travis/build/icyphy/ptII/ptolemy/actor/lib/test/auto/PublisherSubscriber5.xml (RunModel)" time="0.013" />
  <testcase classname="ptolemy.util.test.junit.AutoTests" name="[287] /home/travis/build/icyphy/ptII/ptolemy/actor/lib/test/auto/PublisherSubscriber6.xml (RunModel)" time="0.013" />
  <testcase classname="ptolemy.util.test.junit.AutoTests" name="[288] /home/travis/build/icyphy/ptII/ptolemy/actor/lib/test/auto/PublisherSubscriber7.xml (RunModel)" time="0.018" />
  <testcase classname="ptolemy.util.test.junit.AutoTests" name="[289] /home/travis/build/icyphy/ptII/ptolemy/actor/lib/test/auto/PublisherSubscriber8.xml (RunModel)" time="0.027" />
  <testcase classname="ptolemy.util.test.junit.AutoTests" name="[290] /home/travis/build/icyphy/ptII/ptolemy/actor/lib/test/auto/PublisherSubscriber9.xml (RunModel)" time="0.019" />
  <testcase classname="ptolemy.util.test.junit.AutoTests" name="[291] /home/travis/build/icyphy/ptII/ptolemy/actor/lib/test/auto/PublisherSubscriberAdjacent.xml (RunModel)" time="0.013" />
  <testcase classname="ptolemy.util.test.junit.AutoTests" name="[292] /home/travis/build/icyphy/ptII/ptolemy/actor/lib/test/auto/PublisherSubscriberChannelVariablesAOC2.xml (RunModel)" time="0.024" />
  <testcase classname="ptolemy.util.test.junit.AutoTests" name="[293] /home/travis/build/icyphy/ptII/ptolemy/actor/lib/test/auto/PublisherSubscriberD3.xml (RunModel)" time="0.011" />
  <testcase classname="ptolemy.util.test.junit.AutoTests" name="[294] /home/travis/build/icyphy/ptII/ptolemy/actor/lib/test/auto/PublisherSubscriberD3Reverse.xml (RunModel)" time="0.01" />
  <testcase classname="ptolemy.util.test.junit.AutoTests" name="[295] /home/travis/build/icyphy/ptII/ptolemy/actor/lib/test/auto/PublisherSubscriberExpression.xml (RunModel)" time="0.014" />
  <testcase classname="ptolemy.util.test.junit.AutoTests" name="[296] /home/travis/build/icyphy/ptII/ptolemy/actor/lib/test/auto/PublisherSubscriberOpaque.xml (RunModel)" time="0.012" />
  <testcase classname="ptolemy.util.test.junit.AutoTests" name="[297] /home/travis/build/icyphy/ptII/ptolemy/actor/lib/test/auto/PublisherSubscriberOpaqueD3.xml (RunModel)" time="0.02" />
  <testcase classname="ptolemy.util.test.junit.AutoTests" name="[298] /home/travis/build/icyphy/ptII/ptolemy/actor/lib/test/auto/PublisherSubscriberOpaqueD3Reverse.xml (RunModel)" time="0.019" />
  <testcase classname="ptolemy.util.test.junit.AutoTests" name="[299] /home/travis/build/icyphy/ptII/ptolemy/actor/lib/test/auto/PublisherSubscriberOpaqueWidthInference.xml (RunModel)" time="0.016" />
  <testcase classname="ptolemy.util.test.junit.AutoTests" name="[300] /home/travis/build/icyphy/ptII/ptolemy/actor/lib/test/auto/PublisherTestSubscriber.xml (RunModel)" time="0.013" />
  <testcase classname="ptolemy.util.test.junit.AutoTests" name="[301] /home/travis/build/icyphy/ptII/ptolemy/actor/lib/test/auto/PublisherToplevelSubscriberPortAOC.xml (RunModel)" time="0.009" />
  <testcase classname="ptolemy.util.test.junit.AutoTests" name="[302] /home/travis/build/icyphy/ptII/ptolemy/actor/lib/test/auto/PulseFiringLimitDE.xml (RunModel)" time="0.013" />
  <testcase classname="ptolemy.util.test.junit.AutoTests" name="[303] /home/travis/build/icyphy/ptII/ptolemy/actor/lib/test/auto/Ramp1.xml (RunModel)" time="0.005" />
  <testcase classname="ptolemy.util.test.junit.AutoTests" name="[304] /home/travis/build/icyphy/ptII/ptolemy/actor/lib/test/auto/RampFiringLimitDE.xml (RunModel)" time="0.01" />
  <testcase classname="ptolemy.util.test.junit.AutoTests" name="[305] /home/travis/build/icyphy/ptII/ptolemy/actor/lib/test/auto/RampFiringLimitSDF.xml (RunModel)" time="0.009" />
  <testcase classname="ptolemy.util.test.junit.AutoTests" name="[306] /home/travis/build/icyphy/ptII/ptolemy/actor/lib/test/auto/RandomInteger.xml (RunModel)" time="0.008" />
  <testcase classname="ptolemy.util.test.junit.AutoTests" name="[307] /home/travis/build/icyphy/ptII/ptolemy/actor/lib/test/auto/ReadFile1.xml (RunModel)" time="0.007" />
  <testcase classname="ptolemy.util.test.junit.AutoTests" name="[308] /home/travis/build/icyphy/ptII/ptolemy/actor/lib/test/auto/ReadFile2.xml (RunModel)" time="0.006" />
  <testcase classname="ptolemy.util.test.junit.AutoTests" name="[309] /home/travis/build/icyphy/ptII/ptolemy/actor/lib/test/auto/Reader.xml (RunModel)" time="0.007" />
  <testcase classname="ptolemy.util.test.junit.AutoTests" name="[310] /home/travis/build/icyphy/ptII/ptolemy/actor/lib/test/auto/RecordAssemblerDisplayNameTest.xml (RunModel)" time="3.442" />
  <testcase classname="ptolemy.util.test.junit.AutoTests" name="[311] /home/travis/build/icyphy/ptII/ptolemy/actor/lib/test/auto/RecordAssemblerTypeError.xml (RunModel)" time="0.046" />
  <testcase classname="ptolemy.util.test.junit.AutoTests" name="[312] /home/travis/build/icyphy/ptII/ptolemy/actor/lib/test/auto/RecordDisassember.xml (RunModel)" time="0.013" />
  <testcase classname="ptolemy.util.test.junit.AutoTests" name="[313] /home/travis/build/icyphy/ptII/ptolemy/actor/lib/test/auto/RecordDisassemberDisplayNameTest.xml (RunModel)" time="0.022" />
  <testcase classname="ptolemy.util.test.junit.AutoTests" name="[314] /home/travis/build/icyphy/ptII/ptolemy/actor/lib/test/auto/RecordDisassembler.xml (RunModel)" time="0.01" />
  <testcase classname="ptolemy.util.test.junit.AutoTests" name="[315] /home/travis/build/icyphy/ptII/ptolemy/actor/lib/test/auto/RecordDisassembler2.xml (RunModel)" time="0.011" />
  <testcase classname="ptolemy.util.test.junit.AutoTests" name="[316] /home/travis/build/icyphy/ptII/ptolemy/actor/lib/test/auto/RecordUpdater.xml (RunModel)" time="0.009" />
  <testcase classname="ptolemy.util.test.junit.AutoTests" name="[317] /home/travis/build/icyphy/ptII/ptolemy/actor/lib/test/auto/RecordUpdater2.xml (RunModel)" time="0.009" />
  <testcase classname="ptolemy.util.test.junit.AutoTests" name="[318] /home/travis/build/icyphy/ptII/ptolemy/actor/lib/test/auto/RecursiveLattice.xml (RunModel)" time="0.007" />
  <testcase classname="ptolemy.util.test.junit.AutoTests" name="[319] /home/travis/build/icyphy/ptII/ptolemy/actor/lib/test/auto/Router.xml (RunModel)" time="3.026" />
  <testcase classname="ptolemy.util.test.junit.AutoTests" name="[320] /home/travis/build/icyphy/ptII/ptolemy/actor/lib/test/auto/Router2.xml (RunModel)" time="3.027" />
  <testcase classname="ptolemy.util.test.junit.AutoTests" name="[321] /home/travis/build/icyphy/ptII/ptolemy/actor/lib/test/auto/RunningMaximum.xml (RunModel)" time="0.015" />
  <testcase classname="ptolemy.util.test.junit.AutoTests" name="[322] /home/travis/build/icyphy/ptII/ptolemy/actor/lib/test/auto/RunningMinimum.xml (RunModel)" time="0.019" />
  <testcase classname="ptolemy.util.test.junit.AutoTests" name="[323] /home/travis/build/icyphy/ptII/ptolemy/actor/lib/test/auto/Scale.xml (RunModel)" time="0.01" />
  <testcase classname="ptolemy.util.test.junit.AutoTests" name="[324] /home/travis/build/icyphy/ptII/ptolemy/actor/lib/test/auto/Scale2.xml (RunModel)" time="0.008" />
  <testcase classname="ptolemy.util.test.junit.AutoTests" name="[325] /home/travis/build/icyphy/ptII/ptolemy/actor/lib/test/auto/Scale3.xml (RunModel)" time="0.011" />
  <testcase classname="ptolemy.util.test.junit.AutoTests" name="[326] /home/travis/build/icyphy/ptII/ptolemy/actor/lib/test/auto/ScaleArray.xml (RunModel)" time="0.006" />
  <testcase classname="ptolemy.util.test.junit.AutoTests" name="[327] /home/travis/build/icyphy/ptII/ptolemy/actor/lib/test/auto/ScaleArray2.xml (RunModel)" time="0.009" />
  <testcase classname="ptolemy.util.test.junit.AutoTests" name="[328] /home/travis/build/icyphy/ptII/ptolemy/actor/lib/test/auto/ScaleMatrix.xml (RunModel)" time="0.102" />
  <testcase classname="ptolemy.util.test.junit.AutoTests" name="[329] /home/travis/build/icyphy/ptII/ptolemy/actor/lib/test/auto/Select.xml (RunModel)" time="0.012" />
  <testcase classname="ptolemy.util.test.junit.AutoTests" name="[330] /home/travis/build/icyphy/ptII/ptolemy/actor/lib/test/auto/Select2.xml (RunModel)" time="0.008" />
  <testcase classname="ptolemy.util.test.junit.AutoTests" name="[331] /home/travis/build/icyphy/ptII/ptolemy/actor/lib/test/auto/SequenceToArray2.xml (RunModel)" time="0.12" />
  <testcase classname="ptolemy.util.test.junit.AutoTests" name="[332] /home/travis/build/icyphy/ptII/ptolemy/actor/lib/test/auto/SequentialClock.xml (RunModel)" time="0.015" />
  <testcase classname="ptolemy.util.test.junit.AutoTests" name="[333] /home/travis/build/icyphy/ptII/ptolemy/actor/lib/test/auto/SetVariable.xml (RunModel)" time="0.008" />
  <testcase classname="ptolemy.util.test.junit.AutoTests" name="[334] /home/travis/build/icyphy/ptII/ptolemy/actor/lib/test/auto/SetVariable2.xml (RunModel)" time="0.007" />
  <testcase classname="ptolemy.util.test.junit.AutoTests" name="[335] /home/travis/build/icyphy/ptII/ptolemy/actor/lib/test/auto/SetVariable3.xml (RunModel)" time="0.014" />
  <testcase classname="ptolemy.util.test.junit.AutoTests" name="[336] /home/travis/build/icyphy/ptII/ptolemy/actor/lib/test/auto/SetVariable4.xml (RunModel)" time="0.02" />
  <testcase classname="ptolemy.util.test.junit.AutoTests" name="[337] /home/travis/build/icyphy/ptII/ptolemy/actor/lib/test/auto/SetVariable5.xml (RunModel)" time="0.032" />
  <testcase classname="ptolemy.util.test.junit.AutoTests" name="[338] /home/travis/build/icyphy/ptII/ptolemy/actor/lib/test/auto/Sinewave.xml (RunModel)" time="0.021" />
  <testcase classname="ptolemy.util.test.junit.AutoTests" name="[339] /home/travis/build/icyphy/ptII/ptolemy/actor/lib/test/auto/Sinewave2.xml (RunModel)" time="0.015" />
  <testcase classname="ptolemy.util.test.junit.AutoTests" name="[340] /home/travis/build/icyphy/ptII/ptolemy/actor/lib/test/auto/Sinewave3.xml (RunModel)" time="0.018" />
  <testcase classname="ptolemy.util.test.junit.AutoTests" name="[341] /home/travis/build/icyphy/ptII/ptolemy/actor/lib/test/auto/SingleEvent.xml (RunModel)" time="0.006" />
  <testcase classname="ptolemy.util.test.junit.AutoTests" name="[342] /home/travis/build/icyphy/ptII/ptolemy/actor/lib/test/auto/Sleep.xml (RunModel)" time="6.022" />
  <testcase classname="ptolemy.util.test.junit.AutoTests" name="[343] /home/travis/build/icyphy/ptII/ptolemy/actor/lib/test/auto/SleepMultipleFire.xml (RunModel)" time="1.017" />
  <testcase classname="ptolemy.util.test.junit.AutoTests" name="[344] /home/travis/build/icyphy/ptII/ptolemy/actor/lib/test/auto/StopDE.xml (RunModel)" time="0.019" />
  <testcase classname="ptolemy.util.test.junit.AutoTests" name="[345] /home/travis/build/icyphy/ptII/ptolemy/actor/lib/test/auto/StopSDF.xml (RunModel)" time="0.025" />
  <testcase classname="ptolemy.util.test.junit.AutoTests" name="[346] /home/travis/build/icyphy/ptII/ptolemy/actor/lib/test/auto/StringConstant.xml (RunModel)" time="0.016" />
  <testcase classname="ptolemy.util.test.junit.AutoTests" name="[347] /home/travis/build/icyphy/ptII/ptolemy/actor/lib/test/auto/SubscriberPortInitialValues1.xml (RunModel)" time="0.025" />
  <testcase classname="ptolemy.util.test.junit.AutoTests" name="[348] /home/travis/build/icyphy/ptII/ptolemy/actor/lib/test/auto/SubscriberPortInitialValues13.xml (RunModel)" time="0.028" />
  <testcase classname="ptolemy.util.test.junit.AutoTests" name="[349] /home/travis/build/icyphy/ptII/ptolemy/actor/lib/test/auto/SubscriberPortInitialValues14.xml (RunModel)" time="0.015" />
  <testcase classname="ptolemy.util.test.junit.AutoTests" name="[350] /home/travis/build/icyphy/ptII/ptolemy/actor/lib/test/auto/SubscriberPortInitialValues2.xml (RunModel)" time="0.019" />
  <testcase classname="ptolemy.util.test.junit.AutoTests" name="[351] /home/travis/build/icyphy/ptII/ptolemy/actor/lib/test/auto/SubscriberPortInitialValues3.xml (RunModel)" time="0.02" />
  <testcase classname="ptolemy.util.test.junit.AutoTests" name="[352] /home/travis/build/icyphy/ptII/ptolemy/actor/lib/test/auto/SubscriptionAggregator.xml (RunModel)" time="0.011" />
  <testcase classname="ptolemy.util.test.junit.AutoTests" name="[353] /home/travis/build/icyphy/ptII/ptolemy/actor/lib/test/auto/SubscriptionAggregator2.xml (RunModel)" time="0.012" />
  <testcase classname="ptolemy.util.test.junit.AutoTests" name="[354] /home/travis/build/icyphy/ptII/ptolemy/actor/lib/test/auto/SubscriptionAggregator3.xml (RunModel)" time="0.016" />
  <testcase classname="ptolemy.util.test.junit.AutoTests" name="[355] /home/travis/build/icyphy/ptII/ptolemy/actor/lib/test/auto/SubscriptionAggregatorMultiply.xml (RunModel)" time="0.014" />
  <testcase classname="ptolemy.util.test.junit.AutoTests" name="[356] /home/travis/build/icyphy/ptII/ptolemy/actor/lib/test/auto/SubscriptionAggregatorPortMultiply1.xml (RunModel)" time="0.013" />
  <testcase classname="ptolemy.util.test.junit.AutoTests" name="[357] /home/travis/build/icyphy/ptII/ptolemy/actor/lib/test/auto/Switch.xml (RunModel)" time="0.019" />
  <testcase classname="ptolemy.util.test.junit.AutoTests" name="[358] /home/travis/build/icyphy/ptII/ptolemy/actor/lib/test/auto/Switch2.xml (RunModel)" time="0.013" />
  <testcase classname="ptolemy.util.test.junit.AutoTests" name="[359] /home/travis/build/icyphy/ptII/ptolemy/actor/lib/test/auto/SwitchDE.xml (RunModel)" time="0.016" />
  <testcase classname="ptolemy.util.test.junit.AutoTests" name="[360] /home/travis/build/icyphy/ptII/ptolemy/actor/lib/test/auto/SynchronizerDE.xml (RunModel)" time="0.024" />
  <testcase classname="ptolemy.util.test.junit.AutoTests" name="[361] /home/travis/build/icyphy/ptII/ptolemy/actor/lib/test/auto/Test.xml (RunModel)" time="0.017" />
  <testcase classname="ptolemy.util.test.junit.AutoTests" name="[362] /home/travis/build/icyphy/ptII/ptolemy/actor/lib/test/auto/TestExceptionAttribute1.xml (RunModel)" time="0.007" />
  <testcase classname="ptolemy.util.test.junit.AutoTests" name="[363] /home/travis/build/icyphy/ptII/ptolemy/actor/lib/test/auto/TestExceptionAttribute2.xml (RunModel)" time="0.007" />
  <testcase classname="ptolemy.util.test.junit.AutoTests" name="[364] /home/travis/build/icyphy/ptII/ptolemy/actor/lib/test/auto/TestExceptionAttribute3.xml (RunModel)" time="0.01" />
  <testcase classname="ptolemy.util.test.junit.AutoTests" name="[365] /home/travis/build/icyphy/ptII/ptolemy/actor/lib/test/auto/TestExceptionAttribute4.xml (RunModel)" time="0.006" />
  <testcase classname="ptolemy.util.test.junit.AutoTests" name="[366] /home/travis/build/icyphy/ptII/ptolemy/actor/lib/test/auto/TestExceptionHandler1.xml (RunModel)" time="0.006" />
  <testcase classname="ptolemy.util.test.junit.AutoTests" name="[367] /home/travis/build/icyphy/ptII/ptolemy/actor/lib/test/auto/TestExceptionHandler2.xml (RunModel)" time="0.011" />
  <testcase classname="ptolemy.util.test.junit.AutoTests" name="[368] /home/travis/build/icyphy/ptII/ptolemy/actor/lib/test/auto/TestExceptionHandler3.xml (RunModel)" time="0.004" />
  <testcase classname="ptolemy.util.test.junit.AutoTests" name="[369] /home/travis/build/icyphy/ptII/ptolemy/actor/lib/test/auto/TestExceptionHandler4.xml (RunModel)" time="0.005" />
  <testcase classname="ptolemy.util.test.junit.AutoTests" name="[370] /home/travis/build/icyphy/ptII/ptolemy/actor/lib/test/auto/TestRequireCorrectOrder.xml (RunModel)" time="0.01" />
  <testcase classname="ptolemy.util.test.junit.AutoTests" name="[371] /home/travis/build/icyphy/ptII/ptolemy/actor/lib/test/auto/TestSimple.xml (RunModel)" time="0.005" />
  <testcase classname="ptolemy.util.test.junit.AutoTests" name="[372] /home/travis/build/icyphy/ptII/ptolemy/actor/lib/test/auto/ThrowModelError.xml (RunModel)" time="0.008" />
  <testcase classname="ptolemy.util.test.junit.AutoTests" name="[373] /home/travis/build/icyphy/ptII/ptolemy/actor/lib/test/auto/TimeDelayMicrosteps.xml (RunModel)" time="0.012" />
  <testcase classname="ptolemy.util.test.junit.AutoTests" name="[374] /home/travis/build/icyphy/ptII/ptolemy/actor/lib/test/auto/TimeDelayMicrosteps2.xml (RunModel)" time="0.014" />
  <testcase classname="ptolemy.util.test.junit.AutoTests" name="[375] /home/travis/build/icyphy/ptII/ptolemy/actor/lib/test/auto/TimeDelayMicrosteps3.xml (RunModel)" time="0.01" />
  <testcase classname="ptolemy.util.test.junit.AutoTests" name="[376] /home/travis/build/icyphy/ptII/ptolemy/actor/lib/test/auto/TimeDelayVariableMicrosteps.xml (RunModel)" time="0.011" />
  <testcase classname="ptolemy.util.test.junit.AutoTests" name="[377] /home/travis/build/icyphy/ptII/ptolemy/actor/lib/test/auto/TimeGap.xml (RunModel)" time="0.012" />
  <testcase classname="ptolemy.util.test.junit.AutoTests" name="[378] /home/travis/build/icyphy/ptII/ptolemy/actor/lib/test/auto/TimeGap2.xml (RunModel)" time="0.009" />
  <testcase classname="ptolemy.util.test.junit.AutoTests" name="[379] /home/travis/build/icyphy/ptII/ptolemy/actor/lib/test/auto/TimedSinewave.xml (RunModel)" time="0.051" />
  <testcase classname="ptolemy.util.test.junit.AutoTests" name="[380] /home/travis/build/icyphy/ptII/ptolemy/actor/lib/test/auto/TimedSinewavePhase.xml (RunModel)" time="0.055" />
  <testcase classname="ptolemy.util.test.junit.AutoTests" name="[381] /home/travis/build/icyphy/ptII/ptolemy/actor/lib/test/auto/Timer.xml (RunModel)" time="0.014" />
  <testcase classname="ptolemy.util.test.junit.AutoTests" name="[382] /home/travis/build/icyphy/ptII/ptolemy/actor/lib/test/auto/TriangularDistTestModel.xml (RunModel)" time="0.015" />
  <testcase classname="ptolemy.util.test.junit.AutoTests" name="[383] /home/travis/build/icyphy/ptII/ptolemy/actor/lib/test/auto/TrigFunction.xml (RunModel)" time="0.007" />
  <testcase classname="ptolemy.util.test.junit.AutoTests" name="[384] /home/travis/build/icyphy/ptII/ptolemy/actor/lib/test/auto/TrigFunctionDE.xml (RunModel)" time="0.008" />
  <testcase classname="ptolemy.util.test.junit.AutoTests" name="[385] /home/travis/build/icyphy/ptII/ptolemy/actor/lib/test/auto/TrigFunctionInverse.xml (RunModel)" time="0.007" />
  <testcase classname="ptolemy.util.test.junit.AutoTests" name="[386] /home/travis/build/icyphy/ptII/ptolemy/actor/lib/test/auto/TrigFunctionTan.xml (RunModel)" time="0.005" />
  <testcase classname="ptolemy.util.test.junit.AutoTests" name="[387] /home/travis/build/icyphy/ptII/ptolemy/actor/lib/test/auto/TriggeredClock.xml (RunModel)" time="0.006" />
  <testcase classname="ptolemy.util.test.junit.AutoTests" name="[388] /home/travis/build/icyphy/ptII/ptolemy/actor/lib/test/auto/URLDirectoryReader.xml (RunModel)" time="0.097" />
  <testcase classname="ptolemy.util.test.junit.AutoTests" name="[389] /home/travis/build/icyphy/ptII/ptolemy/actor/lib/test/auto/URLDirectoryReader3.xml (RunModel)" time="1.667" />
  <testcase classname="ptolemy.util.test.junit.AutoTests" name="[390] /home/travis/build/icyphy/ptII/ptolemy/actor/lib/test/auto/UnaryMathFunction.xml (RunModel)" time="0.031" />
  <testcase classname="ptolemy.util.test.junit.AutoTests" name="[391] /home/travis/build/icyphy/ptII/ptolemy/actor/lib/test/auto/Uniform.xml (RunModel)" time="0.019" />
  <testcase classname="ptolemy.util.test.junit.AutoTests" name="[392] /home/travis/build/icyphy/ptII/ptolemy/actor/lib/test/auto/UnionDisassemblerTest.xml (RunModel)" time="0.015" />
  <testcase classname="ptolemy.util.test.junit.AutoTests" name="[393] /home/travis/build/icyphy/ptII/ptolemy/actor/lib/test/auto/UtilityFunctions.xml (RunModel)" time="0.007" />
  <testcase classname="ptolemy.util.test.junit.AutoTests" name="[394] /home/travis/build/icyphy/ptII/ptolemy/actor/lib/test/auto/VariableSleep.xml (RunModel)" time="0.51" />
  <testcase classname="ptolemy.util.test.junit.AutoTests" name="[395] /home/travis/build/icyphy/ptII/ptolemy/actor/lib/test/auto/VectorAssemblerDisassemblerCT.xml (RunModel)" time="0.11" />
  <testcase classname="ptolemy.util.test.junit.AutoTests" name="[396] /home/travis/build/icyphy/ptII/ptolemy/actor/lib/test/auto/VectorAssemblerDisassemblerDE.xml (RunModel)" time="0.012" />
  <testcase classname="ptolemy.util.test.junit.AutoTests" name="[397] /home/travis/build/icyphy/ptII/ptolemy/actor/lib/test/auto/VectorAssemblerDisassemblerSDF.xml (RunModel)" time="0.01" />
  <testcase classname="ptolemy.util.test.junit.AutoTests" name="[398] /home/travis/build/icyphy/ptII/ptolemy/actor/lib/test/auto/WallClockTime.xml (RunModel)" time="1.011" />
  <testcase classname="ptolemy.util.test.junit.AutoTests" name="[399] /home/travis/build/icyphy/ptII/ptolemy/actor/lib/test/auto/WidthTestWithSubscriberPublisher.xml (RunModel)" time="0.034" />
  <testcase classname="ptolemy.util.test.junit.AutoTests" name="[400] /home/travis/build/icyphy/ptII/ptolemy/actor/lib/test/auto/WidthTestWithSubscriberPublisher2.xml (RunModel)" time="0.016" />
  <testcase classname="ptolemy.util.test.junit.AutoTests" name="[401] /home/travis/build/icyphy/ptII/ptolemy/actor/lib/test/auto/WidthTestWithSubscriberPublisher3.xml (RunModel)" time="0.009" />
  <testcase classname="ptolemy.util.test.junit.AutoTests" name="[402] /home/travis/build/icyphy/ptII/ptolemy/actor/lib/test/auto/Writer.xml (RunModel)" time="0.006" />
  <testcase classname="ptolemy.util.test.junit.AutoTests" name="[403] /home/travis/build/icyphy/ptII/ptolemy/actor/lib/test/auto/array.xml (RunModel)" time="0.007" />
  <testcase classname="ptolemy.util.test.junit.AutoTests" name="[404] /home/travis/build/icyphy/ptII/ptolemy/actor/lib/test/auto/array2.xml (RunModel)" time="0.023" />
  <testcase classname="ptolemy.util.test.junit.AutoTests" name="[405] /home/travis/build/icyphy/ptII/ptolemy/actor/lib/test/auto/arrayType.xml (RunModel)" time="0.009" />
  <testcase classname="ptolemy.util.test.junit.AutoTests" name="[406] /home/travis/build/icyphy/ptII/ptolemy/actor/lib/test/auto/arrayType10.xml (RunModel)" time="0.007" />
  <testcase classname="ptolemy.util.test.junit.AutoTests" name="[407] /home/travis/build/icyphy/ptII/ptolemy/actor/lib/test/auto/arrayType11.xml (RunModel)" time="0.007" />
  <testcase classname="ptolemy.util.test.junit.AutoTests" name="[408] /home/travis/build/icyphy/ptII/ptolemy/actor/lib/test/auto/arrayType12.xml (RunModel)" time="0.007" />
  <testcase classname="ptolemy.util.test.junit.AutoTests" name="[409] /home/travis/build/icyphy/ptII/ptolemy/actor/lib/test/auto/arrayType13.xml (RunModel)" time="0.007" />
  <testcase classname="ptolemy.util.test.junit.AutoTests" name="[410] /home/travis/build/icyphy/ptII/ptolemy/actor/lib/test/auto/arrayType14.xml (RunModel)" time="0.007" />
  <testcase classname="ptolemy.util.test.junit.AutoTests" name="[411] /home/travis/build/icyphy/ptII/ptolemy/actor/lib/test/auto/arrayType15.xml (RunModel)" time="0.01" />
  <testcase classname="ptolemy.util.test.junit.AutoTests" name="[412] /home/travis/build/icyphy/ptII/ptolemy/actor/lib/test/auto/arrayType16.xml (RunModel)" time="0.007" />
  <testcase classname="ptolemy.util.test.junit.AutoTests" name="[413] /home/travis/build/icyphy/ptII/ptolemy/actor/lib/test/auto/arrayType17.xml (RunModel)" time="0.008" />
  <testcase classname="ptolemy.util.test.junit.AutoTests" name="[414] /home/travis/build/icyphy/ptII/ptolemy/actor/lib/test/auto/arrayType18.xml (RunModel)" time="0.006" />
  <testcase classname="ptolemy.util.test.junit.AutoTests" name="[415] /home/travis/build/icyphy/ptII/ptolemy/actor/lib/test/auto/arrayType19.xml (RunModel)" time="0.007" />
  <testcase classname="ptolemy.util.test.junit.AutoTests" name="[416] /home/travis/build/icyphy/ptII/ptolemy/actor/lib/test/auto/arrayType2.xml (RunModel)" time="0.007" />
  <testcase classname="ptolemy.util.test.junit.AutoTests" name="[417] /home/travis/build/icyphy/ptII/ptolemy/actor/lib/test/auto/arrayType20.xml (RunModel)" time="0.007" />
  <testcase classname="ptolemy.util.test.junit.AutoTests" name="[418] /home/travis/build/icyphy/ptII/ptolemy/actor/lib/test/auto/arrayType21.xml (RunModel)" time="0.007" />
  <testcase classname="ptolemy.util.test.junit.AutoTests" name="[419] /home/travis/build/icyphy/ptII/ptolemy/actor/lib/test/auto/arrayType22.xml (RunModel)" time="0.006" />
  <testcase classname="ptolemy.util.test.junit.AutoTests" name="[420] /home/travis/build/icyphy/ptII/ptolemy/actor/lib/test/auto/arrayType23.xml (RunModel)" time="0.006" />
  <testcase classname="ptolemy.util.test.junit.AutoTests" name="[421] /home/travis/build/icyphy/ptII/ptolemy/actor/lib/test/auto/arrayType24.xml (RunModel)" time="0.007" />
  <testcase classname="ptolemy.util.test.junit.AutoTests" name="[422] /home/travis/build/icyphy/ptII/ptolemy/actor/lib/test/auto/arrayType25.xml (RunModel)" time="0.007" />
  <testcase classname="ptolemy.util.test.junit.AutoTests" name="[423] /home/travis/build/icyphy/ptII/ptolemy/actor/lib/test/auto/arrayType26.xml (RunModel)" time="0.008" />
  <testcase classname="ptolemy.util.test.junit.AutoTests" name="[424] /home/travis/build/icyphy/ptII/ptolemy/actor/lib/test/auto/arrayType27.xml (RunModel)" time="0.007" />
  <testcase classname="ptolemy.util.test.junit.AutoTests" name="[425] /home/travis/build/icyphy/ptII/ptolemy/actor/lib/test/auto/arrayType28.xml (RunModel)" time="0.006" />
  <testcase classname="ptolemy.util.test.junit.AutoTests" name="[426] /home/travis/build/icyphy/ptII/ptolemy/actor/lib/test/auto/arrayType3.xml (RunModel)" time="0.007" />
  <testcase classname="ptolemy.util.test.junit.AutoTests" name="[427] /home/travis/build/icyphy/ptII/ptolemy/actor/lib/test/auto/arrayType4.xml (RunModel)" time="0.006" />
  <testcase classname="ptolemy.util.test.junit.AutoTests" name="[428] /home/travis/build/icyphy/ptII/ptolemy/actor/lib/test/auto/arrayType5.xml (RunModel)" time="0.011" />
  <testcase classname="ptolemy.util.test.junit.AutoTests" name="[429] /home/travis/build/icyphy/ptII/ptolemy/actor/lib/test/auto/arrayType6.xml (RunModel)" time="0.006" />
  <testcase classname="ptolemy.util.test.junit.AutoTests" name="[430] /home/travis/build/icyphy/ptII/ptolemy/actor/lib/test/auto/arrayType7.xml (RunModel)" time="0.006" />
  <testcase classname="ptolemy.util.test.junit.AutoTests" name="[431] /home/travis/build/icyphy/ptII/ptolemy/actor/lib/test/auto/arrayType8.xml (RunModel)" time="0.006" />
  <testcase classname="ptolemy.util.test.junit.AutoTests" name="[432] /home/travis/build/icyphy/ptII/ptolemy/actor/lib/test/auto/arrayType9.xml (RunModel)" time="0.006" />
  <testcase classname="ptolemy.util.test.junit.AutoTests" name="[433] /home/travis/build/icyphy/ptII/ptolemy/actor/lib/test/auto/cast.xml (RunModel)" time="0.007" />
  <testcase classname="ptolemy.util.test.junit.AutoTests" name="[434] /home/travis/build/icyphy/ptII/ptolemy/actor/lib/test/auto/compositeMultiPort.xml (RunModel)" time="0.014" />
  <testcase classname="ptolemy.util.test.junit.AutoTests" name="[435] /home/travis/build/icyphy/ptII/ptolemy/actor/lib/test/auto/expressionCastInference.xml (RunModel)" time="0.016" />
  <testcase classname="ptolemy.util.test.junit.AutoTests" name="[436] /home/travis/build/icyphy/ptII/ptolemy/actor/lib/test/auto/expressionCastInference2.xml (RunModel)" time="0.006" />
  <testcase classname="ptolemy.util.test.junit.AutoTests" name="[437] /home/travis/build/icyphy/ptII/ptolemy/actor/lib/test/auto/expressionInference.xml (RunModel)" time="0.006" />
  <testcase classname="ptolemy.util.test.junit.AutoTests" name="[438] /home/travis/build/icyphy/ptII/ptolemy/actor/lib/test/auto/expression_bug.xml (RunModel)" time="0.005" />
  <testcase classname="ptolemy.util.test.junit.AutoTests" name="[439] /home/travis/build/icyphy/ptII/ptolemy/actor/lib/test/auto/factorial.xml (RunModel)" time="0.043" />
  <testcase classname="ptolemy.util.test.junit.AutoTests" name="[440] /home/travis/build/icyphy/ptII/ptolemy/actor/lib/test/auto/filterTest1.xml (RunModel)" time="0.01" />
  <testcase classname="ptolemy.util.test.junit.AutoTests" name="[441] /home/travis/build/icyphy/ptII/ptolemy/actor/lib/test/auto/funcApplyInConst.xml (RunModel)" time="0.005" />
  <testcase classname="ptolemy.util.test.junit.AutoTests" name="[442] /home/travis/build/icyphy/ptII/ptolemy/actor/lib/test/auto/funcApplyInExpr.xml (RunModel)" time="0.004" />
  <testcase classname="ptolemy.util.test.junit.AutoTests" name="[443] /home/travis/build/icyphy/ptII/ptolemy/actor/lib/test/auto/function.xml (RunModel)" time="0.011" />
  <testcase classname="ptolemy.util.test.junit.AutoTests" name="[444] /home/travis/build/icyphy/ptII/ptolemy/actor/lib/test/auto/function2.xml (RunModel)" time="0.007" />
  <testcase classname="ptolemy.util.test.junit.AutoTests" name="[445] /home/travis/build/icyphy/ptII/ptolemy/actor/lib/test/auto/function3.xml (RunModel)" time="0.023" />
  <testcase classname="ptolemy.util.test.junit.AutoTests" name="[446] /home/travis/build/icyphy/ptII/ptolemy/actor/lib/test/auto/functionClosureTest1.xml (RunModel)" time="0.03" />
  <testcase classname="ptolemy.util.test.junit.AutoTests" name="[447] /home/travis/build/icyphy/ptII/ptolemy/actor/lib/test/auto/functionClosureTest2.xml (RunModel)" time="0.031" />
  <testcase classname="ptolemy.util.test.junit.AutoTests" name="[448] /home/travis/build/icyphy/ptII/ptolemy/actor/lib/test/auto/functionClosureTest3.xml (RunModel)" time="0.037" />
  <testcase classname="ptolemy.util.test.junit.AutoTests" name="[449] /home/travis/build/icyphy/ptII/ptolemy/actor/lib/test/auto/functionClosureTest4.xml (RunModel)" time="0.035" />
  <testcase classname="ptolemy.util.test.junit.AutoTests" name="[450] /home/travis/build/icyphy/ptII/ptolemy/actor/lib/test/auto/functionClosureTest5.xml (RunModel)" time="0.009" />
  <testcase classname="ptolemy.util.test.junit.AutoTests" name="[451] /home/travis/build/icyphy/ptII/ptolemy/actor/lib/test/auto/functionClosureTest6.xml (RunModel)" time="0.006" />
  <testcase classname="ptolemy.util.test.junit.AutoTests" name="[452] /home/travis/build/icyphy/ptII/ptolemy/actor/lib/test/auto/functionsOnArcs.xml (RunModel)" time="0.007" />
  <testcase classname="ptolemy.util.test.junit.AutoTests" name="[453] /home/travis/build/icyphy/ptII/ptolemy/actor/lib/test/auto/functionsOnArcsHOF.xml (RunModel)" time="0.035" />
  <testcase classname="ptolemy.util.test.junit.AutoTests" name="[454] /home/travis/build/icyphy/ptII/ptolemy/actor/lib/test/auto/logic.xml (RunModel)" time="0.024" />
  <testcase classname="ptolemy.util.test.junit.AutoTests" name="[455] /home/travis/build/icyphy/ptII/ptolemy/actor/lib/test/auto/matrixType.xml (RunModel)" time="0.007" />
  <testcase classname="ptolemy.util.test.junit.AutoTests" name="[456] /home/travis/build/icyphy/ptII/ptolemy/actor/lib/test/auto/matrixType10.xml (RunModel)" time="0.007" />
  <testcase classname="ptolemy.util.test.junit.AutoTests" name="[457] /home/travis/build/icyphy/ptII/ptolemy/actor/lib/test/auto/matrixType11.xml (RunModel)" time="0.011" />
  <testcase classname="ptolemy.util.test.junit.AutoTests" name="[458] /home/travis/build/icyphy/ptII/ptolemy/actor/lib/test/auto/matrixType12.xml (RunModel)" time="0.007" />
  <testcase classname="ptolemy.util.test.junit.AutoTests" name="[459] /home/travis/build/icyphy/ptII/ptolemy/actor/lib/test/auto/matrixType13.xml (RunModel)" time="0.006" />
  <testcase classname="ptolemy.util.test.junit.AutoTests" name="[460] /home/travis/build/icyphy/ptII/ptolemy/actor/lib/test/auto/matrixType14.xml (RunModel)" time="0.007" />
  <testcase classname="ptolemy.util.test.junit.AutoTests" name="[461] /home/travis/build/icyphy/ptII/ptolemy/actor/lib/test/auto/matrixType2.xml (RunModel)" time="0.006" />
  <testcase classname="ptolemy.util.test.junit.AutoTests" name="[462] /home/travis/build/icyphy/ptII/ptolemy/actor/lib/test/auto/matrixType3.xml (RunModel)" time="0.007" />
  <testcase classname="ptolemy.util.test.junit.AutoTests" name="[463] /home/travis/build/icyphy/ptII/ptolemy/actor/lib/test/auto/matrixType4.xml (RunModel)" time="0.009" />
  <testcase classname="ptolemy.util.test.junit.AutoTests" name="[464] /home/travis/build/icyphy/ptII/ptolemy/actor/lib/test/auto/matrixType5.xml (RunModel)" time="0.006" />
  <testcase classname="ptolemy.util.test.junit.AutoTests" name="[465] /home/travis/build/icyphy/ptII/ptolemy/actor/lib/test/auto/matrixType6.xml (RunModel)" time="0.006" />
  <testcase classname="ptolemy.util.test.junit.AutoTests" name="[466] /home/travis/build/icyphy/ptII/ptolemy/actor/lib/test/auto/matrixType7.xml (RunModel)" time="0.006" />
  <testcase classname="ptolemy.util.test.junit.AutoTests" name="[467] /home/travis/build/icyphy/ptII/ptolemy/actor/lib/test/auto/matrixType8.xml (RunModel)" time="0.007" />
  <testcase classname="ptolemy.util.test.junit.AutoTests" name="[468] /home/travis/build/icyphy/ptII/ptolemy/actor/lib/test/auto/matrixType9.xml (RunModel)" time="0.006" />
  <testcase classname="ptolemy.util.test.junit.AutoTests" name="[469] /home/travis/build/icyphy/ptII/ptolemy/actor/lib/test/auto/paraFunctest.xml (RunModel)" time="0.005" />
  <testcase classname="ptolemy.util.test.junit.AutoTests" name="[470] /home/travis/build/icyphy/ptII/ptolemy/actor/lib/test/auto/paraFunctest2.xml (RunModel)" time="0.01" />
  <testcase classname="ptolemy.util.test.junit.AutoTests" name="[471] /home/travis/build/icyphy/ptII/ptolemy/actor/lib/test/auto/parameterPassing.xml (RunModel)" time="0.01" />
  <testcase classname="ptolemy.util.test.junit.AutoTests" name="[472] /home/travis/build/icyphy/ptII/ptolemy/actor/lib/test/auto/record.xml (RunModel)" time="0.007" />
  <testcase classname="ptolemy.util.test.junit.AutoTests" name="[473] /home/travis/build/icyphy/ptII/ptolemy/actor/lib/test/auto/sizedarray1.xml (RunModel)" time="0.008" />
  <testcase classname="ptolemy.util.test.junit.AutoTests" name="[474] /home/travis/build/icyphy/ptII/ptolemy/actor/lib/test/auto/sizedarray2.xml (RunModel)" time="0.009" />
  <testcase classname="ptolemy.util.test.junit.AutoTests" name="[475] /home/travis/build/icyphy/ptII/ptolemy/actor/lib/test/auto/twoPublishers.xml (RunModel)" time="0.02" />
  <system-out><![CDATA[/home/travis/build/icyphy/ptII/ptolemy/actor/lib/test/AbsoluteValue.tcl
testDefs.tcl: setting time out to 9000 seconds at Mon Jan 27 06:54:17 UTC 2020
98 ms. Memory: 129024K Free: 92599K (72%)
9 ms. Memory: 129024K Free: 91080K (71%)
13 ms. Memory: 129024K Free: 90056K (70%)
4 ms. Memory: 129024K Free: 89527K (69%)
/home/travis/build/icyphy/ptII/ptolemy/actor/lib/test/AddSubtract.tcl
11 ms. Memory: 129024K Free: 87463K (68%)
14 ms. Memory: 129024K Free: 86951K (67%)
13 ms. Memory: 129024K Free: 85960K (67%)
13 ms. Memory: 129024K Free: 84936K (66%)
71 ms. Memory: 129024K Free: 82374K (64%)
12 ms. Memory: 129024K Free: 81343K (63%)
/home/travis/build/icyphy/ptII/ptolemy/actor/lib/test/Average.tcl
12 ms. Memory: 129024K Free: 79816K (62%)
21 ms. Memory: 129024K Free: 78792K (61%)
/home/travis/build/icyphy/ptII/ptolemy/actor/lib/test/Bernoulli.tcl
4 ms. Memory: 129024K Free: 76744K (59%)
10 ms. Memory: 129024K Free: 76744K (59%)
/home/travis/build/icyphy/ptII/ptolemy/actor/lib/test/Clock.tcl
preinitializing
resolving types
initializing
executing number 1
wrapping up
idle
32 ms. Memory: 129024K Free: 73672K (57%)
Completed execution with 5 iterations
preinitializing
resolving types
initializing
executing number 1
wrapping up
idle
4 ms. Memory: 129024K Free: 73127K (57%)
Completed execution with 5 iterations
preinitializing
resolving types
initializing
executing number 1
wrapping up
idle
3 ms. Memory: 129024K Free: 72648K (56%)
Completed execution with 5 iterations
/home/travis/build/icyphy/ptII/ptolemy/actor/lib/test/Commutator.tcl
5 ms. Memory: 129024K Free: 70600K (55%)
8 ms. Memory: 129024K Free: 69576K (54%)
13 ms. Memory: 129024K Free: 63942K (50%)
/home/travis/build/icyphy/ptII/ptolemy/actor/lib/test/Const.tcl
7 ms. Memory: 129024K Free: 62408K (48%)
3 ms. Memory: 129024K Free: 61879K (48%)
3 ms. Memory: 129024K Free: 61384K (48%)
2 ms. Memory: 129024K Free: 60870K (47%)
4 ms. Memory: 129024K Free: 59846K (46%)
11 ms. Memory: 129024K Free: 58312K (45%)
5 ms. Memory: 129024K Free: 57288K (44%)
3 ms. Memory: 129024K Free: 56264K (44%)
/home/travis/build/icyphy/ptII/ptolemy/actor/lib/test/CurrentTime.tcl
preinitializing
resolving types
initializing
executing number 1
wrapping up
idle
7 ms. Memory: 129024K Free: 54695K (42%)
Completed execution with 11 iterations
/home/travis/build/icyphy/ptII/ptolemy/actor/lib/test/DB.tcl
8 ms. Memory: 129024K Free: 52678K (41%)
3 ms. Memory: 129024K Free: 52168K (40%)
3 ms. Memory: 129024K Free: 51654K (40%)
/home/travis/build/icyphy/ptII/ptolemy/actor/lib/test/DiscreteRandomSource.tcl
preinitializing
resolving types
initializing
executing number 1
wrapping up
idle
4 ms. Memory: 129024K Free: 50599K (39%)
Completed execution with 4 iterations
preinitializing
resolving types
initializing
executing number 1
wrapping up
idle
5 ms. Memory: 129024K Free: 50120K (39%)
Completed execution with 4 iterations
preinitializing
resolving types
initializing
executing number 1
wrapping up
idle
5 ms. Memory: 129024K Free: 49591K (38%)
Completed execution with 4 iterations
preinitializing
resolving types
initializing
executing number 1
wrapping up
idle
9 ms. Memory: 129024K Free: 49096K (38%)
Completed execution with 4 iterations
preinitializing
resolving types
initializing
executing number 1
wrapping up
idle
3 ms. Memory: 129024K Free: 48575K (38%)
Completed execution with 4 iterations
/home/travis/build/icyphy/ptII/ptolemy/actor/lib/test/Distributor.tcl
37 ms. Memory: 129024K Free: 113720K (88%)
9 ms. Memory: 129024K Free: 112749K (87%)
StreamChangeRequest.changeExecuted(): <deleteEntity name="rec2"/> succeeded
StreamChangeRequest.changeExecuted(): <deleteRelation name="r2"/> succeeded
StreamChangeRequest.changeExecuted(): Record firings per iteration succeeded
7 ms. Memory: 129024K Free: 110162K (85%)
/home/travis/build/icyphy/ptII/ptolemy/actor/lib/test/Exit.tcl
Exit.tcl: this will print a message about Manager.exitAfterWrapup, which can be ignored.
11 ms. Memory: 129024K Free: 107609K (83%)
/home/travis/build/icyphy/ptII/ptolemy/actor/lib/test/Expression.tcl
14 ms. Memory: 129024K Free: 104018K (81%)
6 ms. Memory: 129024K Free: 103517K (80%)
7 ms. Memory: 129024K Free: 102471K (79%)
preinitializing
resolving types
initializing
executing number 1
wrapping up
idle
6 ms. Memory: 129024K Free: 101455K (79%)
Completed execution with 6 iterations
7 ms. Memory: 129024K Free: 100461K (78%)
4 ms. Memory: 129024K Free: 99405K (77%)
11 ms. Memory: 129024K Free: 98399K (76%)
7 ms. Memory: 129024K Free: 97351K (75%)
4 ms. Memory: 129024K Free: 95826K (74%)
/home/travis/build/icyphy/ptII/ptolemy/actor/lib/test/Gaussian.tcl
5 ms. Memory: 129024K Free: 94287K (73%)
sleeping 1 seconds: ......................................................................................................................................................................................................................................................................................................................................................................................................................................................................................................................................................................................................................................................................................................................................................................................................................................................................................................................................................................................................................................................................................................................................................................................................................................................................................................................................................................................................................................................................................................................................................................................................................................................................................................................................................................................................................................................................................................................................................................................................................................................................................................................................................................................................................................................................................................................................................................................................................................................................................................................................................................................................................................................................................................................................................................................................................................................................................................................................................................................................................................................................................................................................................................................................................................................................................................................................................................................................................................................................................................................................................................................................................................................................................................................................................................................................................................................................................................................................................................................................................................................................................................................................................................................................................................................................................................................................................................................................................................................................................................................................................................................................................................................................................................................................................................................................................................................................................................................................................................................................................................................................................................................................................................................................................................................................................................................................................................................................................................................................................................................................................................................................................................................................................................................................................................................................................................................................................................................................................................................................................................................................................................................................................................................................................................................................................................................................................................................................................................................................................................................................................................................................................................................................................................................................................................................................................................................................................................................................................................................................................................................................................................................................................................................................................................................................................................................................................................................................................................................................................................................................................................................................................................................................................................................................................................................................................................................................................................................................................................................................................................................................................................................................................................................................................................................................................................................................................................................................................................................................................................................................................................................................................................................................................................................................................................................................................................................................................................................................................................................................................................................................................................................................................................................................................................................................................................................................................................................................................................................................................................................................................................................................................................................................................................................................................................................................................................................................................................................................................................................................................................................................................................................................................................................................................................................................................................................................................................................................................................................................................................................................................................................................................................................................................................................................................................................................................................................................................................................................................................................................................................................................................................................................................................................................................................................................................................................................................................................................................................................................................................................................................................................................................................................................................................................................................................................................................................................................................................................................................................................................................................................................................................................................................................................................................................................................................................................................................................................................................................................................................................................................................................................................................................................................................................................................................................................................................................................................................................................................................................................................................................................................................................................................................................................................................................................................................................................................................................................................................................................................................................................................................................................................................................................................................................................................................................................................................................................................................................................................................................................................................................................................................................................................................................................................................................................................................................................................................................................................................................................................................................................................................................................................................................................................................................................................................................................................................................................................................................................................................................................................................................................................................................................................................................................................................................................................................................................................................................................................................................................................................................................................................................................................................................................................................................................................................................................................................................................................................................................................................................................................................................................................................................................................................................................................................................................................................................................................................................................................................................................................................................................................................................................................................................................................................................................................................................................................................................................................................................................................................................................................................................................................................................................................................................................................................................................................................................................................................................................................................................................................................................................................................................................................................................................................................................................................................................................................................................................................................................................................................................................................................................................................................................................................................................................................................................................................................................................................................................................................................................................................................................................................................................................................................................................................................................................................................................................................................................................................................................................................................................................................................................................................................................................................................................................................................................................................................................................................................................................................................................................................................................................................................................................................................................................................................................................................................................................................................................................................................................................................................................................................................................................................................................................................................................................................................................................................................................................................................................................................................................................................................................................................................................................................................................................................................................................................................................................................................................................................................................................................................................................................................................................................................................................................................................................................................................................................................................................................................................................................................................................................................................................................................................................................................................................................................................................................................................................................................................................................................................................................................................................................................................................................................................................................................................................................................................................................................................................................................................................................................................................................................................................................................................................................................................................................................................................................................................................................................................................................................................................................................................................................................................................................................................................................................................................................................................................................................................................................................................................................................................................................................................................................................................................................................................................................................................................................................................................................................................................................................................................................................................................................................................................................................................................................................................................................................................................................................................................................................................................................................................................................................................................................................................................................................................................................................................................................................................................................................................................................................................................................................................................................................................................................................................................................................................................................................................................................................................................................................................................................................................................................................................................................................................................................................................................................................................................................................................................................................................................................................................................................................................................................................................................................................................................................................................................................................................................................................................................................................................................................................................................................................................................................................................................................................................................................................................................................................................................................................................................................................................................................................................................................................................................................................................................................................................................................................................................................................................................................................................................................................................................................................................................................................................................................................................................................................................................................................................................................................................................................................................................................................................................................................................................................................................................................................................................................................................................................................................................................................................................................................................................................................................................................................................................................................................................................................................................................................................................................................................................................................................................................................................................................................................................................................................................................................................................................................................................................................................................................................................................................................................................................................................................................................................................................................................................................................................................................................................................................................................................................................................................................................................................................................................................................................................................................................................................................................................................................................................................................................................................................................................................................................................................................................................................................................................................................................................................................................................................................................................................................................................................................................................................................................................................................................................................................................................................................................................................................................................................................................................................................................................................................................................................................................................................................................................................................................................................................................................................................................................................................................................................................................................................................................................................................................................................................................................................................................................................................................................................................................................................................................................................................................................................................................................................................................................................................................................................................................................................................................................................................................................................................................................................................................................................................................................................................................................................................................................................................................................................................................................................................................................................................................................................................................................................................................................................................................................................................................................................................................................................................................................................................................................................................................................................................................................................................................................................................................................................................................................................................................................................................................................................................................................................................................................................................................................................................................................................................................................................................................................................................................................................................................................................................................................................................................................................................................................................................................................................................................................................................................................................................................................................................................................................................................................................................................................................................................................................................................................................................................................................................................................................................................................................................................................................................................................................................................................................................................................................................................................................................................................................................................................................................................................................................................................................................................................................................................................................................................................................................................................................................................................................................................................................................................................................................................................................................................................................................................................................................................................................................................................................................................................................................................................................................................................................................................................................................................................................................................................................................................................................................................................................................................................................................................................................................................................................................................................................................................................................................................................................................................................................................................................................................................................................................................................................................................................................................................................................................................................................................................................................................................................................................................................................................................................................................................................................................................................................................................................................................................................................................................................................................................................................................................................................................................................................................................................................................................................................................................................................................................................................................................................................................................................................................................................................................................................................................................................................................................................................................................................................................................................................................................................................................................................................................................................................................................................................................................................................................................................................................................................................................................................................................................................................................................................................................................................................................................................................................................................................................................................................................2 ms. Memory: 129024K Free: 99159K (77%)
3 ms. Memory: 129024K Free: 98649K (76%)
1 ms. Memory: 129024K Free: 98105K (76%)
2 ms. Memory: 129024K Free: 97111K (75%)
1 ms. Memory: 129024K Free: 96601K (75%)
/home/travis/build/icyphy/ptII/ptolemy/actor/lib/test/IIR.tcl
/home/travis/build/icyphy/ptII/ptolemy/actor/lib/test/Interpolator.tcl
2 ms. Memory: 129024K Free: 93009K (72%)
2 ms. Memory: 129024K Free: 92505K (72%)
1 ms. Memory: 129024K Free: 91481K (71%)
1 ms. Memory: 129024K Free: 90967K (71%)
2 ms. Memory: 129024K Free: 90457K (70%)
2 ms. Memory: 129024K Free: 89433K (69%)
10 ms. Memory: 129024K Free: 88409K (69%)
2 ms. Memory: 129024K Free: 87385K (68%)
4 ms. Memory: 129024K Free: 86865K (67%)
2 ms. Memory: 129024K Free: 85841K (67%)
/home/travis/build/icyphy/ptII/ptolemy/actor/lib/test/MathFunction.tcl
3 ms. Memory: 129024K Free: 83799K (65%)
2 ms. Memory: 129024K Free: 82743K (64%)
1 ms. Memory: 129024K Free: 81745K (63%)
2 ms. Memory: 129024K Free: 80727K (63%)
3 ms. Memory: 129024K Free: 79697K (62%)
5 ms. Memory: 129024K Free: 77655K (60%)
/home/travis/build/icyphy/ptII/ptolemy/actor/lib/test/Maximum.tcl
4 ms. Memory: 129024K Free: 75607K (59%)
2 ms. Memory: 129024K Free: 75097K (58%)
9 ms. Memory: 129024K Free: 74553K (58%)
2 ms. Memory: 129024K Free: 74073K (57%)
/home/travis/build/icyphy/ptII/ptolemy/actor/lib/test/Minimum.tcl
3 ms. Memory: 129024K Free: 72025K (56%)
2 ms. Memory: 129024K Free: 71481K (55%)
2 ms. Memory: 129024K Free: 70999K (55%)
1 ms. Memory: 129024K Free: 69977K (54%)
/home/travis/build/icyphy/ptII/ptolemy/actor/lib/test/MultiplyDivide.tcl
3 ms. Memory: 129024K Free: 68409K (53%)
2 ms. Memory: 129024K Free: 67415K (52%)
2 ms. Memory: 129024K Free: 66905K (52%)
3 ms. Memory: 129024K Free: 65881K (51%)
3 ms. Memory: 129024K Free: 65367K (51%)
/home/travis/build/icyphy/ptII/ptolemy/actor/lib/test/OrderedMerge.tcl
Connections changed on port: inputA
Connections changed on port: inputB
Connections changed on port: output
Connections changed on port: output
Connections changed on port: output
Connections changed on port: input
.top. Preinitializing ...
Invoking preinitialize():  .top.OrderedMerge
Called preinitialize()
Invoking preinitialize():  .top.Ramp
Called preinitialize()
Invoking preinitialize():  .top.Ramp2
Called preinitialize()
Invoking preinitialize():  .top.Test
Called preinitialize()
Connections changed on port: inputA
Connections changed on port: output
Connections changed on port: inputB
Connections changed on port: output
Connections changed on port: output
Connections changed on port: input
.top. Finished preinitialize().
Called initialize().
Invoking initialize():  .top.OrderedMerge
Initializing actor: .top.OrderedMerge
Adding a thread: .top.OrderedMerge
Invoking initialize():  .top.Ramp
Initializing actor: .top.Ramp
Adding a thread: .top.Ramp
Invoking initialize():  .top.Ramp2
Initializing actor: .top.Ramp2
Adding a thread: .top.Ramp2
Invoking initialize():  .top.Test
Initializing actor: .top.Test
Adding a thread: .top.Test
Called fire().
Checking for deadlock:
-- Starting thread.
Called initialize()
Called prefire()
Called fire()
-- Starting thread.
Called initialize()
-- Starting thread.
Called initialize()
Called prefire()
-- Starting thread.
Called fire()
Called initialize()
Called prefire()
Called fire()
Called prefire()
Called fire()
There are 0 Blocked actors, 0 Stopped actors, and 4 active threads.
Waiting for actors to stop.
Called postfire()
Called prefire()
Called fire()
Called postfire()
Called prefire()
Called fire()
Checking for deadlock:
There are 2 Blocked actors, 0 Stopped actors, and 4 active threads.
Waiting for actors to stop.
Called postfire()
Called prefire()
Called fire()
Checking for deadlock:
There are 3 Blocked actors, 0 Stopped actors, and 4 active threads.
Waiting for actors to stop.
Read input token from inputA with value 0.0
Next port to read input from is inputB
Called postfire()
Called prefire()
Called fire()
Read input token from inputB with value 0.0
Checking for deadlock:
There are 2 Blocked actors, 0 Stopped actors, and 4 active threads.
Waiting for actors to stop.
Called postfire()
Called prefire()
Called fire()
Sent output token with value 0.0
Next port to read input from is inputA
Called postfire()
Called prefire()
Called fire()
Read input token from inputA with value 1.0
Checking for deadlock:
There are 2 Blocked actors, 0 Stopped actors, and 4 active threads.
Waiting for actors to stop.
-- Read input: 0.0, which is expected to match: 0.0
Called prefire()
Called fire()
Called postfire()
Called prefire()
Called fire()
Checking for deadlock:
There are 3 Blocked actors, 0 Stopped actors, and 4 active threads.
Waiting for actors to stop.
-- Read input: 0.0, which is expected to match: 0.0
Called prefire()
Called fire()
Checking for deadlock:
There are 3 Blocked actors, 0 Stopped actors, and 4 active threads.
Waiting for actors to stop.
Sent output token with value 0.0
Next port to read input from is inputB
Called postfire()
Called prefire()
Called fire()
Checking for deadlock:
There are 2 Blocked actors, 0 Stopped actors, and 4 active threads.
Waiting for actors to stop.
Called postfire()
Called prefire()
Called fire()
Checking for deadlock:
There are 3 Blocked actors, 0 Stopped actors, and 4 active threads.
Waiting for actors to stop.
Read input token from inputB with value 1.5
Checking for deadlock:
There are 2 Blocked actors, 0 Stopped actors, and 4 active threads.
Waiting for actors to stop.
-- Read input: 1.0, which is expected to match: 1.0
Called prefire()
Called fire()
Checking for deadlock:
There are 3 Blocked actors, 0 Stopped actors, and 4 active threads.
Waiting for actors to stop.
Sent output token with value 1.0
Next port to read input from is inputA
Called postfire()
Called prefire()
Called fire()
Called postfire()
Called prefire()
Called fire()
Checking for deadlock:
There are 3 Blocked actors, 0 Stopped actors, and 4 active threads.
Waiting for actors to stop.
Read input token from inputA with value 2.0
-- Read input: 1.5, which is expected to match: 1.5
Called prefire()
Called fire()
Checking for deadlock:
There are 3 Blocked actors, 0 Stopped actors, and 4 active threads.
Waiting for actors to stop.
Sent output token with value 1.5
Next port to read input from is inputB
Called postfire()
Called prefire()
Called fire()
Checking for deadlock:
There are 2 Blocked actors, 0 Stopped actors, and 4 active threads.
Waiting for actors to stop.
Called postfire()
Called prefire()
Called fire()
Checking for deadlock:
There are 3 Blocked actors, 0 Stopped actors, and 4 active threads.
Waiting for actors to stop.
Read input token from inputB with value 3.0
Checking for deadlock:
There are 2 Blocked actors, 0 Stopped actors, and 4 active threads.
Waiting for actors to stop.
-- Read input: 2.0, which is expected to match: 2.0
Called prefire()
Called fire()
Checking for deadlock:
There are 3 Blocked actors, 0 Stopped actors, and 4 active threads.
Waiting for actors to stop.
Sent output token with value 2.0
Next port to read input from is inputA
Called postfire()
Called prefire()
Called fire()
Called postfire()
Called prefire()
Called fire()
Checking for deadlock:
There are 3 Blocked actors, 0 Stopped actors, and 4 active threads.
Waiting for actors to stop.
Read input token from inputA with value 3.0
-- Read input: 3.0, which is expected to match: 3.0
Called prefire()
Called fire()
Checking for deadlock:
There are 3 Blocked actors, 0 Stopped actors, and 4 active threads.
Waiting for actors to stop.
Sent output token with value 3.0
Next port to read input from is inputB
Called postfire()
Called prefire()
Called fire()
Checking for deadlock:
There are 2 Blocked actors, 0 Stopped actors, and 4 active threads.
Waiting for actors to stop.
Called postfire()
Called prefire()
Called fire()
Checking for deadlock:
There are 3 Blocked actors, 0 Stopped actors, and 4 active threads.
Waiting for actors to stop.
Read input token from inputB with value 4.5
Checking for deadlock:
There are 2 Blocked actors, 0 Stopped actors, and 4 active threads.
Waiting for actors to stop.
-- Read input: 3.0, which is expected to match: 3.0
Called prefire()
Called fire()
Checking for deadlock:
There are 3 Blocked actors, 0 Stopped actors, and 4 active threads.
Waiting for actors to stop.
Sent output token with value 3.0
Next port to read input from is inputA
Called postfire()
Called prefire()
Called fire()
Called postfire()
Called prefire()
Called fire()
Checking for deadlock:
There are 3 Blocked actors, 0 Stopped actors, and 4 active threads.
Waiting for actors to stop.
Read input token from inputA with value 4.0
-- Read input: 4.0, which is expected to match: 4.0
Called prefire()
Called fire()
Past the end of training data. Read and discard all inputs.
Checking for deadlock:
There are 3 Blocked actors, 0 Stopped actors, and 4 active threads.
Waiting for actors to stop.
Sent output token with value 4.0
Next port to read input from is inputA
Called postfire()
Called prefire()
Called fire()
Called postfire()
Called prefire()
Called fire()
Checking for deadlock:
There are 3 Blocked actors, 0 Stopped actors, and 4 active threads.
Waiting for actors to stop.
Read input token from inputA with value 5.0
Called prefire()
Called fire()
Past the end of training data. Read and discard all inputs.
Checking for deadlock:
There are 3 Blocked actors, 0 Stopped actors, and 4 active threads.
Waiting for actors to stop.
Sent output token with value 4.5
Next port to read input from is inputB
Called postfire()
Called prefire()
Called fire()
Checking for deadlock:
There are 2 Blocked actors, 0 Stopped actors, and 4 active threads.
Waiting for actors to stop.
Called postfire()
Called prefire()
Called fire()
Checking for deadlock:
There are 3 Blocked actors, 0 Stopped actors, and 4 active threads.
Waiting for actors to stop.
Read input token from inputB with value 6.0
Checking for deadlock:
There are 2 Blocked actors, 0 Stopped actors, and 4 active threads.
Waiting for actors to stop.
Called prefire()
Called fire()
Past the end of training data. Read and discard all inputs.
Checking for deadlock:
There are 3 Blocked actors, 0 Stopped actors, and 4 active threads.
Waiting for actors to stop.
Sent output token with value 5.0
Next port to read input from is inputA
Called postfire()
Called prefire()
Called fire()
Called postfire()
Called prefire()
Called fire()
Checking for deadlock:
There are 3 Blocked actors, 0 Stopped actors, and 4 active threads.
Waiting for actors to stop.
Read input token from inputA with value 6.0
Called prefire()
Called fire()
Past the end of training data. Read and discard all inputs.
Checking for deadlock:
There are 3 Blocked actors, 0 Stopped actors, and 4 active threads.
Waiting for actors to stop.
Sent output token with value 6.0
Next port to read input from is inputB
Called postfire()
Called prefire()
Called fire()
Checking for deadlock:
There are 2 Blocked actors, 0 Stopped actors, and 4 active threads.
Waiting for actors to stop.
Called postfire()
Called prefire()
Called fire()
Checking for deadlock:
There are 3 Blocked actors, 0 Stopped actors, and 4 active threads.
Waiting for actors to stop.
Read input token from inputB with value 7.5
Checking for deadlock:
There are 2 Blocked actors, 0 Stopped actors, and 4 active threads.
Waiting for actors to stop.
Called prefire()
Called fire()
Past the end of training data. Read and discard all inputs.
Checking for deadlock:
There are 3 Blocked actors, 0 Stopped actors, and 4 active threads.
Waiting for actors to stop.
Sent output token with value 6.0
Next port to read input from is inputA
Called postfire()
Called prefire()
Called fire()
Called postfire()
Called prefire()
Called fire()
Checking for deadlock:
There are 3 Blocked actors, 0 Stopped actors, and 4 active threads.
Waiting for actors to stop.
Read input token from inputA with value 7.0
Called prefire()
Called fire()
Past the end of training data. Read and discard all inputs.
Checking for deadlock:
There are 3 Blocked actors, 0 Stopped actors, and 4 active threads.
Waiting for actors to stop.
Sent output token with value 7.0
Next port to read input from is inputA
Called postfire()
Called prefire()
Called fire()
-- Thread wrapup() called.
Called wrapup()
Thread .top.Ramp is exiting.
-- Thread stopped.
Checking for deadlock:
There are 2 Blocked actors, 0 Stopped actors, and 3 active threads.
Waiting for actors to stop.
Read input token from inputA with value 8.0
Checking for deadlock:
There are 1 Blocked actors, 0 Stopped actors, and 3 active threads.
Waiting for actors to stop.
Called prefire()
Called fire()
Past the end of training data. Read and discard all inputs.
Checking for deadlock:
There are 2 Blocked actors, 0 Stopped actors, and 3 active threads.
Waiting for actors to stop.
Sent output token with value 7.5
Next port to read input from is inputB
Called postfire()
Called prefire()
Called fire()
Checking for deadlock:
There are 1 Blocked actors, 0 Stopped actors, and 3 active threads.
Waiting for actors to stop.
Called postfire()
Called prefire()
Called fire()
Checking for deadlock:
There are 2 Blocked actors, 0 Stopped actors, and 3 active threads.
Waiting for actors to stop.
Read input token from inputB with value 9.0
Checking for deadlock:
There are 1 Blocked actors, 0 Stopped actors, and 3 active threads.
Waiting for actors to stop.
Called prefire()
Called fire()
Past the end of training data. Read and discard all inputs.
Checking for deadlock:
There are 2 Blocked actors, 0 Stopped actors, and 3 active threads.
Waiting for actors to stop.
Sent output token with value 8.0
Next port to read input from is inputA
Called postfire()
Called prefire()
Called fire()
Read input token from inputA with value 9.0
Called prefire()
Called fire()
Past the end of training data. Read and discard all inputs.
Checking for deadlock:
There are 2 Blocked actors, 0 Stopped actors, and 3 active threads.
Waiting for actors to stop.
Sent output token with value 9.0
Next port to read input from is inputB
Called postfire()
Called prefire()
Called fire()
Called postfire()
Called prefire()
Called fire()
Checking for deadlock:
There are 2 Blocked actors, 0 Stopped actors, and 3 active threads.
Waiting for actors to stop.
Read input token from inputB with value 10.5
Called prefire()
Called fire()
Past the end of training data. Read and discard all inputs.
Checking for deadlock:
There are 2 Blocked actors, 0 Stopped actors, and 3 active threads.
Waiting for actors to stop.
Sent output token with value 9.0
Next port to read input from is inputA
Called postfire()
Called prefire()
Called fire()
Checking for deadlock:
There are 3 Blocked actors, 0 Stopped actors, and 3 active threads.
Actors have stopped.
Checking for deadlock:
There are 3 Blocked actors, 0 Stopped actors, and 3 active threads.
Deadlock detected.
Resolving Deadlock
Checking for deadlock:
There are 3 Blocked actors, 0 Stopped actors, and 3 active threads.
Artificial Deadlock - increasing queue capacity.
increasing the capacity of receiver ptolemy.actor.TypedIOPort {.top.OrderedMerge.inputB} to 2
Director: Called postfire().
Called postfire().
_stopRequested = false
_stopFireRequested = false
Returning from postfire(): true
-- Thread wrapup() called.
Called wrapup()
Thread .top.Ramp2 is exiting.
-- Thread stopped.
Called fire().
Checking for deadlock:
There are 2 Blocked actors, 0 Stopped actors, and 2 active threads.
Actors have stopped.
Checking for deadlock:
There are 2 Blocked actors, 0 Stopped actors, and 2 active threads.
Deadlock detected.
Resolving Deadlock
Checking for deadlock:
There are 2 Blocked actors, 0 Stopped actors, and 2 active threads.
Deadlock detected: no processes blocked on write, but some are blocked on read.
Called postfire().
_stopRequested = false
_stopFireRequested = false
Returning from postfire(): false
Finished deactivating branches.
Called wrapup().
-- Thread wrapup() called.
Called wrapup()
-- Thread wrapup() called.
Called wrapup()
Thread .top.OrderedMerge is exiting.
-- Thread stopped.
Thread .top.Test is exiting.
-- Blocked Receiver call threw TerminateProcessException.
-- Thread stopped.
-- Blocked Receiver call threw TerminateProcessException.
68 ms. Memory: 129024K Free: 60247K (47%)
.top. Preinitializing ...
Invoking preinitialize():  .top.OrderedMerge
Called preinitialize()
Invoking preinitialize():  .top.Ramp
Called preinitialize()
Invoking preinitialize():  .top.Ramp2
Called preinitialize()
Invoking preinitialize():  .top.Test
Called preinitialize()
.top. Finished preinitialize().
Called initialize().
Invoking initialize():  .top.OrderedMerge
Initializing actor: .top.OrderedMerge
Adding a thread: .top.OrderedMerge
Invoking initialize():  .top.Ramp
Initializing actor: .top.Ramp
Adding a thread: .top.Ramp
Invoking initialize():  .top.Ramp2
Initializing actor: .top.Ramp2
Adding a thread: .top.Ramp2
Invoking initialize():  .top.Test
Initializing actor: .top.Test
Adding a thread: .top.Test
-- Starting thread.
Called initialize()
Called prefire()
Called fire()
-- Starting thread.
Called initialize()
Called prefire()
Called fire()
Called postfire()
Called prefire()
Called fire()
-- Starting thread.
Called initialize()
Called prefire()
Called fire()
Called postfire()
Called prefire()
Called fire()
Called fire().
Checking for deadlock:
There are 3 Blocked actors, 0 Stopped actors, and 4 active threads.
Waiting for actors to stop.
-- Starting thread.
Called initialize()
Called prefire()
Called fire()
Checking for deadlock:
There are 2 Blocked actors, 0 Stopped actors, and 4 active threads.
Waiting for actors to stop.
Called postfire()
Called prefire()
Called fire()
Checking for deadlock:
There are 3 Blocked actors, 0 Stopped actors, and 4 active threads.
Waiting for actors to stop.
Read input token from inputA with value 0.0
Next port to read input from is inputB
Called postfire()
Called prefire()
Called fire()
Checking for deadlock:
There are 2 Blocked actors, 0 Stopped actors, and 4 active threads.
Waiting for actors to stop.
Called postfire()
Called prefire()
Called fire()
Checking for deadlock:
There are 3 Blocked actors, 0 Stopped actors, and 4 active threads.
Waiting for actors to stop.
Read input token from inputB with value 0.0
Checking for deadlock:
There are 2 Blocked actors, 0 Stopped actors, and 4 active threads.
Waiting for actors to stop.
Sent output token with value 0.0
-- Read input: 0.0, which is expected to match: 0.0
Called prefire()
Called fire()
Next port to read input from is inputA
Called postfire()
Called prefire()
Called fire()
Read input token from inputA with value 1.0
Sent output token with value 0.0
Next port to read input from is inputB
Called postfire()
Called prefire()
Called fire()
Read input token from inputB with value 1.5
Called postfire()
Called prefire()
Called fire()
-- Read input: 0.0, which is expected to match: 0.0
Called prefire()
Called fire()
Checking for deadlock:
There are 2 Blocked actors, 0 Stopped actors, and 4 active threads.
Waiting for actors to stop.
Called postfire()
Called prefire()
Called fire()
Sent output token with value 1.0
Next port to read input from is inputA
Called postfire()
Called prefire()
Called fire()
Read input token from inputA with value 2.0
Checking for deadlock:
There are 2 Blocked actors, 0 Stopped actors, and 4 active threads.
Waiting for actors to stop.
-- Read input: 1.0, which is expected to match: 1.0
Called prefire()
Called fire()
Checking for deadlock:
There are 2 Blocked actors, 0 Stopped actors, and 4 active threads.
Waiting for actors to stop.
Sent output token with value 1.5
Next port to read input from is inputB
Called postfire()
Called prefire()
Called fire()
Read input token from inputB with value 3.0
Checking for deadlock:
Called postfire()
Called prefire()
There are 1 Blocked actors, 0 Stopped actors, and 4 active threads.
Called fire()
Waiting for actors to stop.
Called postfire()
Called prefire()
Called fire()
-- Read input: 1.5, which is expected to match: 1.5
Called prefire()
Called fire()
Checking for deadlock:
There are 3 Blocked actors, 0 Stopped actors, and 4 active threads.
Waiting for actors to stop.
Sent output token with value 2.0
Next port to read input from is inputA
Called postfire()
Called prefire()
Called fire()
Read input token from inputA with value 3.0
Called postfire()
Called prefire()
Called fire()
Checking for deadlock:
There are 3 Blocked actors, 0 Stopped actors, and 4 active threads.
Waiting for actors to stop.
Checking for deadlock:
There are 2 Blocked actors, 0 Stopped actors, and 4 active threads.
Waiting for actors to stop.
-- Read input: 2.0, which is expected to match: 2.0
Sent output token with value 3.0
Called prefire()
Called fire()
Next port to read input from is inputB
Called postfire()
Called prefire()
-- Read input: 3.0, which is expected to match: 3.0
Called fire()
Called prefire()
Called fire()
Read input token from inputB with value 4.5
Sent output token with value 3.0
Called postfire()
Called prefire()
Called fire()
Next port to read input from is inputA
Called postfire()
Called prefire()
Called fire()
Checking for deadlock:
There are 2 Blocked actors, 0 Stopped actors, and 4 active threads.
Waiting for actors to stop.
-- Read input: 3.0, which is expected to match: 3.0
Called prefire()
Called fire()
Read input token from inputA with value 4.0
Sent output token with value 4.0
Next port to read input from is inputA
Called postfire()
Called prefire()
Called fire()
Checking for deadlock:
There are 2 Blocked actors, 0 Stopped actors, and 4 active threads.
Waiting for actors to stop.
-- Read input: 4.0, which is expected to match: 4.0
Called prefire()
Called fire()
Past the end of training data. Read and discard all inputs.
Checking for deadlock:
There are 3 Blocked actors, 0 Stopped actors, and 4 active threads.
Waiting for actors to stop.
Called postfire()
Called prefire()
Called fire()
Read input token from inputA with value 5.0
Sent output token with value 4.5
Next port to read input from is inputB
Called postfire()
Called prefire()
Called fire()
Read input token from inputB with value 6.0
Called postfire()
Called prefire()
Called fire()
Checking for deadlock:
There are 2 Blocked actors, 0 Stopped actors, and 4 active threads.
Waiting for actors to stop.
Called prefire()
Called fire()
Past the end of training data. Read and discard all inputs.
Called postfire()
Called prefire()
Called fire()
Sent output token with value 5.0
Next port to read input from is inputA
Called postfire()
Called prefire()
Called fire()
Checking for deadlock:
There are 1 Blocked actors, 0 Stopped actors, and 4 active threads.
Waiting for actors to stop.
Called postfire()
Called prefire()
Called fire()
Read input token from inputA with value 6.0
Called prefire()
Called fire()
Past the end of training data. Read and discard all inputs.
Sent output token with value 6.0
Called prefire()
Called fire()
Past the end of training data. Read and discard all inputs.
Next port to read input from is inputB
Called postfire()
Called prefire()
Called fire()
Read input token from inputB with value 7.5
Sent output token with value 6.0
Next port to read input from is inputA
Called postfire()
Called prefire()
Called fire()
Read input token from inputA with value 7.0
Called postfire()
Called prefire()
Called fire()
Checking for deadlock:
There are 2 Blocked actors, 0 Stopped actors, and 4 active threads.
Waiting for actors to stop.
Called prefire()
Called fire()
Past the end of training data. Read and discard all inputs.
Called postfire()
Called prefire()
Called fire()
Sent output token with value 7.0
Next port to read input from is inputA
Called postfire()
Called prefire()
Called fire()
Read input token from inputA with value 8.0
Checking for deadlock:
There are 2 Blocked actors, 0 Stopped actors, and 4 active threads.
Waiting for actors to stop.
-- Thread wrapup() called.
Called wrapup()
Thread .top.Ramp is exiting.
-- Thread stopped.
Called prefire()
Called fire()
Checking for deadlock:
Past the end of training data. Read and discard all inputs.
There are 1 Blocked actors, 0 Stopped actors, and 3 active threads.
Waiting for actors to stop.
Sent output token with value 7.5
Next port to read input from is inputB
Called postfire()
Called prefire()
Called fire()
Read input token from inputB with value 9.0
Called postfire()
Called prefire()
Called prefire()
Called fire()
Called fire()
Past the end of training data. Read and discard all inputs.
Checking for deadlock:
There are 0 Blocked actors, 0 Stopped actors, and 3 active threads.
Waiting for actors to stop.
Sent output token with value 8.0
Next port to read input from is inputA
Called postfire()
Called prefire()
Called fire()
Read input token from inputA with value 9.0
Checking for deadlock:
There are 2 Blocked actors, 0 Stopped actors, and 3 active threads.
Waiting for actors to stop.
Called prefire()
Called fire()
Checking for deadlock:
Past the end of training data. Read and discard all inputs.
There are 1 Blocked actors, 0 Stopped actors, and 3 active threads.
Waiting for actors to stop.
Sent output token with value 9.0
Next port to read input from is inputB
Called postfire()
Called prefire()
Called fire()
Read input token from inputB with value 10.5
Called prefire()
Called postfire()
Called prefire()
Called fire()
Called fire()
Past the end of training data. Read and discard all inputs.
Checking for deadlock:
There are 2 Blocked actors, 0 Stopped actors, and 3 active threads.
Waiting for actors to stop.
Called prefire()
Sent output token with value 9.0
Called fire()
Past the end of training data. Read and discard all inputs.
Next port to read input from is inputA
Called postfire()
Called prefire()
Called fire()
Checking for deadlock:
There are 3 Blocked actors, 0 Stopped actors, and 3 active threads.
Actors have stopped.
Checking for deadlock:
There are 3 Blocked actors, 0 Stopped actors, and 3 active threads.
Deadlock detected.
Resolving Deadlock
Checking for deadlock:
There are 3 Blocked actors, 0 Stopped actors, and 3 active threads.
Artificial Deadlock - increasing queue capacity.
increasing the capacity of receiver ptolemy.actor.TypedIOPort {.top.OrderedMerge.inputB} to 2
Director: Called postfire().
Called postfire().
_stopRequested = false
_stopFireRequested = false
Returning from postfire(): true
Called fire().
Checking for deadlock:
There are 2 Blocked actors, 0 Stopped actors, and 3 active threads.
Waiting for actors to stop.
-- Thread wrapup() called.
Called wrapup()
Thread .top.Ramp2 is exiting.
-- Thread stopped.
Checking for deadlock:
There are 2 Blocked actors, 0 Stopped actors, and 2 active threads.
Actors have stopped.
Checking for deadlock:
There are 2 Blocked actors, 0 Stopped actors, and 2 active threads.
Deadlock detected.
Resolving Deadlock
Checking for deadlock:
There are 2 Blocked actors, 0 Stopped actors, and 2 active threads.
Deadlock detected: no processes blocked on write, but some are blocked on read.
Called postfire().
_stopRequested = false
_stopFireRequested = false
Returning from postfire(): false
Finished deactivating branches.
Called wrapup().
-- Thread wrapup() called.
Called wrapup()
-- Thread wrapup() called.
Called wrapup()
Thread .top.OrderedMerge is exiting.
-- Thread stopped.
-- Blocked Receiver call threw TerminateProcessException.
Thread .top.Test is exiting.
-- Thread stopped.
-- Blocked Receiver call threw TerminateProcessException.
49 ms. Memory: 129024K Free: 58199K (45%)
/home/travis/build/icyphy/ptII/ptolemy/actor/lib/test/Publisher.tcl
23 ms. Memory: 129024K Free: 52025K (40%)
9 ms. Memory: 129024K Free: 109650K (85%)
5 ms. Memory: 129024K Free: 105554K (82%)
5 ms. Memory: 129024K Free: 104530K (81%)
3 ms. Memory: 129024K Free: 103986K (81%)
10 ms. Memory: 129024K Free: 102992K (80%)
3 ms. Memory: 129024K Free: 102482K (79%)
4 ms. Memory: 129024K Free: 101458K (79%)
28 ms. Memory: 158720K Free: 141885K (89%)
8 ms. Memory: 158720K Free: 138301K (87%)
6 ms. Memory: 158720K Free: 137772K (87%)
4 ms. Memory: 158720K Free: 135229K (85%)
19 ms. Memory: 158720K Free: 127516K (80%)
6 ms. Memory: 158720K Free: 118331K (75%)
5 ms. Memory: 158720K Free: 107067K (67%)
/home/travis/build/icyphy/ptII/ptolemy/actor/lib/test/Pulse.tcl
2 ms. Memory: 158720K Free: 134205K (85%)
1 ms. Memory: 158720K Free: 133691K (84%)
1 ms. Memory: 158720K Free: 133181K (84%)
1 ms. Memory: 158720K Free: 132667K (84%)
1 ms. Memory: 158720K Free: 131636K (83%)
5 ms. Memory: 158720K Free: 130619K (82%)
2 ms. Memory: 158720K Free: 129580K (82%)
1 ms. Memory: 158720K Free: 128571K (81%)
1 ms. Memory: 158720K Free: 128061K (81%)
/home/travis/build/icyphy/ptII/ptolemy/actor/lib/test/Ramp.tcl
2 ms. Memory: 158720K Free: 126013K (79%)
1 ms. Memory: 158720K Free: 125499K (79%)
1 ms. Memory: 158720K Free: 124989K (79%)
2 ms. Memory: 158720K Free: 123965K (78%)
3 ms. Memory: 158720K Free: 123420K (78%)
4 ms. Memory: 158720K Free: 122412K (77%)
4 ms. Memory: 158720K Free: 121403K (76%)
5 actors
4000 microseconds per iteration to create
4 ms. Memory: 158720K Free: 118845K (75%)
2 ms. Memory: 158720K Free: 117821K (74%)
1 ms. Memory: 158720K Free: 117307K (74%)
2 ms. Memory: 158720K Free: 116797K (74%)
50 actors
39000 microseconds per iteration to create
45 ms. Memory: 158720K Free: 101437K (64%)
9 ms. Memory: 158720K Free: 100413K (63%)
14 ms. Memory: 158720K Free: 99389K (63%)
7 ms. Memory: 158720K Free: 98365K (62%)
500 actors
1393000 microseconds per iteration to create
220 ms. Memory: 158720K Free: 76122K (48%)
53 ms. Memory: 158720K Free: 71002K (45%)
30 ms. Memory: 158720K Free: 65882K (42%)
54 ms. Memory: 190464K Free: 164648K (86%)
/home/travis/build/icyphy/ptII/ptolemy/actor/lib/test/RampContinuous.tcl
9 ms. Memory: 190464K Free: 163095K (86%)
/home/travis/build/icyphy/ptII/ptolemy/actor/lib/test/RecordAssembler.tcl
4 ms. Memory: 190464K Free: 161576K (85%)
4 ms. Memory: 190464K Free: 160552K (84%)
/home/travis/build/icyphy/ptII/ptolemy/actor/lib/test/RecordDisassembler.tcl
8 ms. Memory: 190464K Free: 158504K (83%)
4 ms. Memory: 190464K Free: 157990K (83%)
7 ms. Memory: 190464K Free: 156966K (82%)
/home/travis/build/icyphy/ptII/ptolemy/actor/lib/test/Scale.tcl
3 ms. Memory: 190464K Free: 154887K (81%)
2 ms. Memory: 190464K Free: 154408K (81%)
2 ms. Memory: 190464K Free: 153384K (81%)
3 ms. Memory: 190464K Free: 152360K (80%)
3 ms. Memory: 190464K Free: 151831K (80%)
/home/travis/build/icyphy/ptII/ptolemy/actor/lib/test/SequentialClock.tcl
preinitializing
resolving types
initializing
executing number 1
wrapping up
idle
4 ms. Memory: 190464K Free: 150312K (79%)
Completed execution with 5 iterations
preinitializing
resolving types
initializing
executing number 1
wrapping up
idle
1 ms. Memory: 190464K Free: 149791K (79%)
Completed execution with 5 iterations
preinitializing
resolving types
initializing
executing number 1
wrapping up
idle
1 ms. Memory: 190464K Free: 149288K (78%)
Completed execution with 5 iterations
/home/travis/build/icyphy/ptII/ptolemy/actor/lib/test/SetVariable.tcl
4 ms. Memory: 190464K Free: 147735K (78%)
/home/travis/build/icyphy/ptII/ptolemy/actor/lib/test/Sinewave.tcl
/home/travis/build/icyphy/ptII/ptolemy/actor/lib/test/SubscriptionAggregator.tcl
6 ms. Memory: 190464K Free: 135976K (71%)
4 ms. Memory: 190464K Free: 135462K (71%)
2 ms. Memory: 190464K Free: 134952K (71%)
1 ms. Memory: 190464K Free: 134423K (71%)
2 ms. Memory: 190464K Free: 130856K (69%)
11 ms. Memory: 190464K Free: 128808K (68%)
...............................................................877 ms. Memory: 328704K Free: 140800K (43%)
/home/travis/build/icyphy/ptII/ptolemy/actor/lib/test/Test.tcl
 The next command will produce a warning about training mode,
   which may be ignored.
7 ms. Memory: 328704K Free: 138752K (42%)
9 ms. Memory: 328704K Free: 138186K (42%)
1 ms. Memory: 328704K Free: 137199K (42%)
1 ms. Memory: 328704K Free: 136704K (42%)
54 ms. Memory: 328704K Free: 282607K (86%)
3 ms. Memory: 328704K Free: 281598K (86%)
4 ms. Memory: 328704K Free: 280064K (85%)
 The next command will produce a warning about training mode,
   which may be ignored.
5 ms. Memory: 328704K Free: 278016K (85%)
 The next command will produce a warning about training mode,
   which may be ignored.
3 ms. Memory: 328704K Free: 276447K (84%)
1 ms. Memory: 328704K Free: 275968K (84%)
1 ms. Memory: 328704K Free: 275454K (84%)
3 ms. Memory: 328704K Free: 274944K (84%)
8 ms. Memory: 328704K Free: 273920K (83%)
3 ms. Memory: 328704K Free: 270319K (82%)
/home/travis/build/icyphy/ptII/ptolemy/actor/lib/test/TestExceptionHandler.tcl
 The next command will produce a warning about training mode,
   which may be ignored.
2 ms. Memory: 328704K Free: 269303K (82%)
0 ms. Memory: 328704K Free: 268783K (82%)
1 ms. Memory: 328704K Free: 267776K (81%)
/home/travis/build/icyphy/ptII/ptolemy/actor/lib/test/UnionDisassembler.tcl
25 ms. Memory: 328704K Free: 260608K (79%)
/home/travis/build/icyphy/ptII/ptolemy/actor/lib/test/VariableClock.tcl
preinitializing
resolving types
initializing
executing number 1
wrapping up
idle
11 ms. Memory: 328704K Free: 259055K (79%)
Completed execution with 11 iterations
preinitializing
resolving types
initializing
executing number 1
wrapping up
idle
5 ms. Memory: 328704K Free: 257536K (78%)
Completed execution with 10 iterations
01/27/20 06:54:25
Failed: 0  Total Tests: 233  ((Passed: 233, Newly Passed: 0)  Known Failed: 0) /home/travis/build/icyphy/ptII/ptolemy/actor/lib/test
----------------- testing (KnownFailure) /home/travis/build/icyphy/ptII/ptolemy/actor/lib/test/auto/knownFailedTests/PublisherPortToplevelSubscriber.xml
0 ms. Memory: 328704K Free: 253950K (77%)
Known Failure: java.lang.reflect.InvocationTargetException
----------------- testing (KnownFailure) /home/travis/build/icyphy/ptII/ptolemy/actor/lib/test/auto/knownFailedTests/PublisherSubscriberPortToplevel.xml
1 ms. Memory: 328704K Free: 249854K (76%)
Known Failure: java.lang.reflect.InvocationTargetException
----------------- testing (KnownFailure) /home/travis/build/icyphy/ptII/ptolemy/actor/lib/test/auto/knownFailedTests/PublisherSubscriptionAggregatorPort.xml
0 ms. Memory: 328704K Free: 245758K (75%)
Known Failure: java.lang.reflect.InvocationTargetException
----------------- testing (KnownFailure) /home/travis/build/icyphy/ptII/ptolemy/actor/lib/test/auto/knownFailedTests/sizedarray3.xml
11 ms. Memory: 328704K Free: 241662K (74%)
Known Failure: java.lang.reflect.InvocationTargetException
No auto/linux-amd64/*.xml tests in /home/travis/build/icyphy/ptII/ptolemy/actor/lib/test
AutoTests.java: About to close Vertx.
AutoTests.java: Vertx closed.

===========================================================================================
----------------- testing Mon Jan 27 06:54:26 UTC 2020 /home/travis/build/icyphy/ptII/ptolemy/actor/lib/test/auto/AbsoluteValue.xml
----------------- Instantiating /home/travis/build/icyphy/ptII/ptolemy/actor/lib/test/auto/AbsoluteValue.xml
4 ms. Memory: 328704K Free: 218110K (66%)
----------------- Invoking toplevel() on ptolemy.moml.MoMLSimpleApplication@587a7b98
----------------- Done invoking toplevel() on ptolemy.moml.MoMLSimpleApplication@587a7b98
reloadAllAccessors: .AbsoluteValue

===========================================================================================
----------------- testing Mon Jan 27 06:54:26 UTC 2020 /home/travis/build/icyphy/ptII/ptolemy/actor/lib/test/auto/AbsoluteValue2.xml
----------------- Instantiating /home/travis/build/icyphy/ptII/ptolemy/actor/lib/test/auto/AbsoluteValue2.xml
5 ms. Memory: 328704K Free: 211456K (64%)
----------------- Invoking toplevel() on ptolemy.moml.MoMLSimpleApplication@6f9f6caf
----------------- Done invoking toplevel() on ptolemy.moml.MoMLSimpleApplication@6f9f6caf
reloadAllAccessors: .AbsoluteValue2

===========================================================================================
----------------- testing Mon Jan 27 06:54:26 UTC 2020 /home/travis/build/icyphy/ptII/ptolemy/actor/lib/test/auto/Accumulator.xml
----------------- Instantiating /home/travis/build/icyphy/ptII/ptolemy/actor/lib/test/auto/Accumulator.xml
5 ms. Memory: 328704K Free: 205312K (62%)
----------------- Invoking toplevel() on ptolemy.moml.MoMLSimpleApplication@7065abf5
----------------- Done invoking toplevel() on ptolemy.moml.MoMLSimpleApplication@7065abf5
reloadAllAccessors: .Accumulator

===========================================================================================
----------------- testing Mon Jan 27 06:54:26 UTC 2020 /home/travis/build/icyphy/ptII/ptolemy/actor/lib/test/auto/Accumulator2.xml
----------------- Instantiating /home/travis/build/icyphy/ptII/ptolemy/actor/lib/test/auto/Accumulator2.xml
3 ms. Memory: 328704K Free: 199678K (61%)
----------------- Invoking toplevel() on ptolemy.moml.MoMLSimpleApplication@40951c4b
----------------- Done invoking toplevel() on ptolemy.moml.MoMLSimpleApplication@40951c4b
reloadAllAccessors: .Accumulator2

===========================================================================================
----------------- testing Mon Jan 27 06:54:26 UTC 2020 /home/travis/build/icyphy/ptII/ptolemy/actor/lib/test/auto/Accumulator3.xml
----------------- Instantiating /home/travis/build/icyphy/ptII/ptolemy/actor/lib/test/auto/Accumulator3.xml
2 ms. Memory: 328704K Free: 195582K (60%)
----------------- Invoking toplevel() on ptolemy.moml.MoMLSimpleApplication@4e746d61
----------------- Done invoking toplevel() on ptolemy.moml.MoMLSimpleApplication@4e746d61
reloadAllAccessors: .Accumulator3

===========================================================================================
----------------- testing Mon Jan 27 06:54:26 UTC 2020 /home/travis/build/icyphy/ptII/ptolemy/actor/lib/test/auto/ArrayAppend.xml
----------------- Instantiating /home/travis/build/icyphy/ptII/ptolemy/actor/lib/test/auto/ArrayAppend.xml
5 ms. Memory: 328704K Free: 189423K (58%)
----------------- Invoking toplevel() on ptolemy.moml.MoMLSimpleApplication@4d0d824a
----------------- Done invoking toplevel() on ptolemy.moml.MoMLSimpleApplication@4d0d824a
reloadAllAccessors: .ArrayAppend

===========================================================================================
----------------- testing Mon Jan 27 06:54:26 UTC 2020 /home/travis/build/icyphy/ptII/ptolemy/actor/lib/test/auto/ArrayAppend2.xml
----------------- Instantiating /home/travis/build/icyphy/ptII/ptolemy/actor/lib/test/auto/ArrayAppend2.xml
370 ms. Memory: 328704K Free: 280514K (85%)
----------------- Invoking toplevel() on ptolemy.moml.MoMLSimpleApplication@3638cebe
----------------- Done invoking toplevel() on ptolemy.moml.MoMLSimpleApplication@3638cebe
reloadAllAccessors: .ArrayAppend2

===========================================================================================
----------------- testing Mon Jan 27 06:54:26 UTC 2020 /home/travis/build/icyphy/ptII/ptolemy/actor/lib/test/auto/ArrayAppend3.xml
----------------- Instantiating /home/travis/build/icyphy/ptII/ptolemy/actor/lib/test/auto/ArrayAppend3.xml
7 ms. Memory: 328704K Free: 273860K (83%)
----------------- Invoking toplevel() on ptolemy.moml.MoMLSimpleApplication@87736b0
----------------- Done invoking toplevel() on ptolemy.moml.MoMLSimpleApplication@87736b0
reloadAllAccessors: .ArrayAppend3

===========================================================================================
----------------- testing Mon Jan 27 06:54:26 UTC 2020 /home/travis/build/icyphy/ptII/ptolemy/actor/lib/test/auto/ArrayAppend4.xml
----------------- Instantiating /home/travis/build/icyphy/ptII/ptolemy/actor/lib/test/auto/ArrayAppend4.xml
2 ms. Memory: 328704K Free: 268740K (82%)
----------------- Invoking toplevel() on ptolemy.moml.MoMLSimpleApplication@688e7c73
----------------- Done invoking toplevel() on ptolemy.moml.MoMLSimpleApplication@688e7c73
reloadAllAccessors: .ArrayAppend4

===========================================================================================
----------------- testing Mon Jan 27 06:54:26 UTC 2020 /home/travis/build/icyphy/ptII/ptolemy/actor/lib/test/auto/ArrayAppend5.xml
----------------- Instantiating /home/travis/build/icyphy/ptII/ptolemy/actor/lib/test/auto/ArrayAppend5.xml
2 ms. Memory: 328704K Free: 263620K (80%)
----------------- Invoking toplevel() on ptolemy.moml.MoMLSimpleApplication@26d3d1e5
----------------- Done invoking toplevel() on ptolemy.moml.MoMLSimpleApplication@26d3d1e5
reloadAllAccessors: .ArrayAppend5

===========================================================================================
----------------- testing Mon Jan 27 06:54:26 UTC 2020 /home/travis/build/icyphy/ptII/ptolemy/actor/lib/test/auto/ArrayAppend6.xml
----------------- Instantiating /home/travis/build/icyphy/ptII/ptolemy/actor/lib/test/auto/ArrayAppend6.xml
2 ms. Memory: 328704K Free: 257986K (78%)
----------------- Invoking toplevel() on ptolemy.moml.MoMLSimpleApplication@4d220a39
----------------- Done invoking toplevel() on ptolemy.moml.MoMLSimpleApplication@4d220a39
reloadAllAccessors: .ArrayAppend6

===========================================================================================
----------------- testing Mon Jan 27 06:54:26 UTC 2020 /home/travis/build/icyphy/ptII/ptolemy/actor/lib/test/auto/ArrayAppendPerformanceTest.xml
----------------- Instantiating /home/travis/build/icyphy/ptII/ptolemy/actor/lib/test/auto/ArrayAppendPerformanceTest.xml
38 ms. Memory: 328704K Free: 246722K (75%)
----------------- Invoking toplevel() on ptolemy.moml.MoMLSimpleApplication@713aa55f
----------------- Done invoking toplevel() on ptolemy.moml.MoMLSimpleApplication@713aa55f
reloadAllAccessors: .ArrayAppendPerformanceTest

===========================================================================================
----------------- testing Mon Jan 27 06:54:27 UTC 2020 /home/travis/build/icyphy/ptII/ptolemy/actor/lib/test/auto/ArrayAppendWithEmptyInput.xml
----------------- Instantiating /home/travis/build/icyphy/ptII/ptolemy/actor/lib/test/auto/ArrayAppendWithEmptyInput.xml
12 ms. Memory: 328704K Free: 238530K (73%)
----------------- Invoking toplevel() on ptolemy.moml.MoMLSimpleApplication@8699fbe
----------------- Done invoking toplevel() on ptolemy.moml.MoMLSimpleApplication@8699fbe
reloadAllAccessors: .ArrayAppendWithEmptyInput

===========================================================================================
----------------- testing Mon Jan 27 06:54:27 UTC 2020 /home/travis/build/icyphy/ptII/ptolemy/actor/lib/test/auto/ArrayAverage.xml
----------------- Instantiating /home/travis/build/icyphy/ptII/ptolemy/actor/lib/test/auto/ArrayAverage.xml
7 ms. Memory: 328704K Free: 230852K (70%)
----------------- Invoking toplevel() on ptolemy.moml.MoMLSimpleApplication@3aea018e
----------------- Done invoking toplevel() on ptolemy.moml.MoMLSimpleApplication@3aea018e
reloadAllAccessors: .ArrayAverage

===========================================================================================
----------------- testing Mon Jan 27 06:54:27 UTC 2020 /home/travis/build/icyphy/ptII/ptolemy/actor/lib/test/auto/ArrayContains.xml
----------------- Instantiating /home/travis/build/icyphy/ptII/ptolemy/actor/lib/test/auto/ArrayContains.xml
9 ms. Memory: 328704K Free: 224708K (68%)
----------------- Invoking toplevel() on ptolemy.moml.MoMLSimpleApplication@2aafdd15
----------------- Done invoking toplevel() on ptolemy.moml.MoMLSimpleApplication@2aafdd15
reloadAllAccessors: .ArrayContains

===========================================================================================
----------------- testing Mon Jan 27 06:54:27 UTC 2020 /home/travis/build/icyphy/ptII/ptolemy/actor/lib/test/auto/ArrayElement.xml
----------------- Instantiating /home/travis/build/icyphy/ptII/ptolemy/actor/lib/test/auto/ArrayElement.xml
6 ms. Memory: 328704K Free: 219074K (67%)
----------------- Invoking toplevel() on ptolemy.moml.MoMLSimpleApplication@4aef3d5d
----------------- Done invoking toplevel() on ptolemy.moml.MoMLSimpleApplication@4aef3d5d
reloadAllAccessors: .ArrayElement

===========================================================================================
----------------- testing Mon Jan 27 06:54:27 UTC 2020 /home/travis/build/icyphy/ptII/ptolemy/actor/lib/test/auto/ArrayElementAsMatrix.xml
----------------- Instantiating /home/travis/build/icyphy/ptII/ptolemy/actor/lib/test/auto/ArrayElementAsMatrix.xml
9 ms. Memory: 328704K Free: 209348K (64%)
----------------- Invoking toplevel() on ptolemy.moml.MoMLSimpleApplication@38eea195
----------------- Done invoking toplevel() on ptolemy.moml.MoMLSimpleApplication@38eea195
reloadAllAccessors: .ArrayElementAsMatrix

===========================================================================================
----------------- testing Mon Jan 27 06:54:27 UTC 2020 /home/travis/build/icyphy/ptII/ptolemy/actor/lib/test/auto/ArrayElementI.xml
----------------- Instantiating /home/travis/build/icyphy/ptII/ptolemy/actor/lib/test/auto/ArrayElementI.xml
4 ms. Memory: 328704K Free: 204228K (62%)
----------------- Invoking toplevel() on ptolemy.moml.MoMLSimpleApplication@33d98827
----------------- Done invoking toplevel() on ptolemy.moml.MoMLSimpleApplication@33d98827
reloadAllAccessors: .ArrayElementI

===========================================================================================
----------------- testing Mon Jan 27 06:54:27 UTC 2020 /home/travis/build/icyphy/ptII/ptolemy/actor/lib/test/auto/ArrayExtract.xml
----------------- Instantiating /home/travis/build/icyphy/ptII/ptolemy/actor/lib/test/auto/ArrayExtract.xml
9 ms. Memory: 328704K Free: 195522K (59%)
----------------- Invoking toplevel() on ptolemy.moml.MoMLSimpleApplication@5c1fc629
----------------- Done invoking toplevel() on ptolemy.moml.MoMLSimpleApplication@5c1fc629
reloadAllAccessors: .ArrayExtract

===========================================================================================
----------------- testing Mon Jan 27 06:54:27 UTC 2020 /home/travis/build/icyphy/ptII/ptolemy/actor/lib/test/auto/ArrayExtract2.xml
----------------- Instantiating /home/travis/build/icyphy/ptII/ptolemy/actor/lib/test/auto/ArrayExtract2.xml
2 ms. Memory: 328704K Free: 189892K (58%)
----------------- Invoking toplevel() on ptolemy.moml.MoMLSimpleApplication@4f6493df
----------------- Done invoking toplevel() on ptolemy.moml.MoMLSimpleApplication@4f6493df
reloadAllAccessors: .ArrayExtract2

===========================================================================================
----------------- testing Mon Jan 27 06:54:27 UTC 2020 /home/travis/build/icyphy/ptII/ptolemy/actor/lib/test/auto/ArrayLength.xml
----------------- Instantiating /home/travis/build/icyphy/ptII/ptolemy/actor/lib/test/auto/ArrayLength.xml
1 ms. Memory: 328704K Free: 185796K (57%)
----------------- Invoking toplevel() on ptolemy.moml.MoMLSimpleApplication@45b636fb
----------------- Done invoking toplevel() on ptolemy.moml.MoMLSimpleApplication@45b636fb
reloadAllAccessors: .ArrayLength

===========================================================================================
----------------- testing Mon Jan 27 06:54:27 UTC 2020 /home/travis/build/icyphy/ptII/ptolemy/actor/lib/test/auto/ArrayLevelCrossing.xml
----------------- Instantiating /home/travis/build/icyphy/ptII/ptolemy/actor/lib/test/auto/ArrayLevelCrossing.xml
3 ms. Memory: 328704K Free: 177604K (54%)
----------------- Invoking toplevel() on ptolemy.moml.MoMLSimpleApplication@9a4de1a
----------------- Done invoking toplevel() on ptolemy.moml.MoMLSimpleApplication@9a4de1a
reloadAllAccessors: .ArrayLevelCrossing

===========================================================================================
----------------- testing Mon Jan 27 06:54:27 UTC 2020 /home/travis/build/icyphy/ptII/ptolemy/actor/lib/test/auto/ArrayLevelCrossing2.xml
----------------- Instantiating /home/travis/build/icyphy/ptII/ptolemy/actor/lib/test/auto/ArrayLevelCrossing2.xml
2 ms. Memory: 328704K Free: 170436K (52%)
----------------- Invoking toplevel() on ptolemy.moml.MoMLSimpleApplication@2508463
----------------- Done invoking toplevel() on ptolemy.moml.MoMLSimpleApplication@2508463
reloadAllAccessors: .ArrayLevelCrossing2

===========================================================================================
----------------- testing Mon Jan 27 06:54:27 UTC 2020 /home/travis/build/icyphy/ptII/ptolemy/actor/lib/test/auto/ArrayPeakSearch.xml
----------------- Instantiating /home/travis/build/icyphy/ptII/ptolemy/actor/lib/test/auto/ArrayPeakSearch.xml
5 ms. Memory: 328704K Free: 161220K (49%)
----------------- Invoking toplevel() on ptolemy.moml.MoMLSimpleApplication@14bb624e
----------------- Done invoking toplevel() on ptolemy.moml.MoMLSimpleApplication@14bb624e
reloadAllAccessors: .ArrayPeakSearch

===========================================================================================
----------------- testing Mon Jan 27 06:54:27 UTC 2020 /home/travis/build/icyphy/ptII/ptolemy/actor/lib/test/auto/ArrayPeakSearch2.xml
----------------- Instantiating /home/travis/build/icyphy/ptII/ptolemy/actor/lib/test/auto/ArrayPeakSearch2.xml
3 ms. Memory: 328704K Free: 150980K (46%)
----------------- Invoking toplevel() on ptolemy.moml.MoMLSimpleApplication@2bf65fb3
----------------- Done invoking toplevel() on ptolemy.moml.MoMLSimpleApplication@2bf65fb3
reloadAllAccessors: .ArrayPeakSearch2

===========================================================================================
----------------- testing Mon Jan 27 06:54:27 UTC 2020 /home/travis/build/icyphy/ptII/ptolemy/actor/lib/test/auto/ArrayPeakSearch3.xml
----------------- Instantiating /home/travis/build/icyphy/ptII/ptolemy/actor/lib/test/auto/ArrayPeakSearch3.xml
5 ms. Memory: 328704K Free: 141764K (43%)
----------------- Invoking toplevel() on ptolemy.moml.MoMLSimpleApplication@46543cf5
----------------- Done invoking toplevel() on ptolemy.moml.MoMLSimpleApplication@46543cf5
reloadAllAccessors: .ArrayPeakSearch3

===========================================================================================
----------------- testing Mon Jan 27 06:54:27 UTC 2020 /home/travis/build/icyphy/ptII/ptolemy/actor/lib/test/auto/ArrayRemoveElement.xml
----------------- Instantiating /home/travis/build/icyphy/ptII/ptolemy/actor/lib/test/auto/ArrayRemoveElement.xml
6 ms. Memory: 328704K Free: 134082K (41%)
----------------- Invoking toplevel() on ptolemy.moml.MoMLSimpleApplication@2409fa44
----------------- Done invoking toplevel() on ptolemy.moml.MoMLSimpleApplication@2409fa44
reloadAllAccessors: .ArrayRemoveElement

===========================================================================================
----------------- testing Mon Jan 27 06:54:27 UTC 2020 /home/travis/build/icyphy/ptII/ptolemy/actor/lib/test/auto/ArraySort.xml
----------------- Instantiating /home/travis/build/icyphy/ptII/ptolemy/actor/lib/test/auto/ArraySort.xml
7 ms. Memory: 328704K Free: 124866K (38%)
----------------- Invoking toplevel() on ptolemy.moml.MoMLSimpleApplication@43b38eaf
----------------- Done invoking toplevel() on ptolemy.moml.MoMLSimpleApplication@43b38eaf
reloadAllAccessors: .ArraySort

===========================================================================================
----------------- testing Mon Jan 27 06:54:27 UTC 2020 /home/travis/build/icyphy/ptII/ptolemy/actor/lib/test/auto/ArraySum.xml
----------------- Instantiating /home/travis/build/icyphy/ptII/ptolemy/actor/lib/test/auto/ArraySum.xml
6 ms. Memory: 328704K Free: 119746K (36%)
----------------- Invoking toplevel() on ptolemy.moml.MoMLSimpleApplication@16584893
----------------- Done invoking toplevel() on ptolemy.moml.MoMLSimpleApplication@16584893
reloadAllAccessors: .ArraySum

===========================================================================================
----------------- testing Mon Jan 27 06:54:27 UTC 2020 /home/travis/build/icyphy/ptII/ptolemy/actor/lib/test/auto/ArrayToElements.xml
----------------- Instantiating /home/travis/build/icyphy/ptII/ptolemy/actor/lib/test/auto/ArrayToElements.xml
5 ms. Memory: 328704K Free: 114116K (35%)
----------------- Invoking toplevel() on ptolemy.moml.MoMLSimpleApplication@1a0bc40d
----------------- Done invoking toplevel() on ptolemy.moml.MoMLSimpleApplication@1a0bc40d
reloadAllAccessors: .ArrayToElements

===========================================================================================
----------------- testing Mon Jan 27 06:54:27 UTC 2020 /home/travis/build/icyphy/ptII/ptolemy/actor/lib/test/auto/ArrayToMatrix.xml
----------------- Instantiating /home/travis/build/icyphy/ptII/ptolemy/actor/lib/test/auto/ArrayToMatrix.xml
14 ms. Memory: 328704K Free: 100290K (31%)
----------------- Invoking toplevel() on ptolemy.moml.MoMLSimpleApplication@71a31f7
----------------- Done invoking toplevel() on ptolemy.moml.MoMLSimpleApplication@71a31f7
reloadAllAccessors: .ArrayToMatrix

===========================================================================================
----------------- testing Mon Jan 27 06:54:27 UTC 2020 /home/travis/build/icyphy/ptII/ptolemy/actor/lib/test/auto/ArrayUpdate1.xml
----------------- Instantiating /home/travis/build/icyphy/ptII/ptolemy/actor/lib/test/auto/ArrayUpdate1.xml
2 ms. Memory: 328704K Free: 95170K (29%)
----------------- Invoking toplevel() on ptolemy.moml.MoMLSimpleApplication@2c9bd4b4
----------------- Done invoking toplevel() on ptolemy.moml.MoMLSimpleApplication@2c9bd4b4
reloadAllAccessors: .ArrayUpdate1

===========================================================================================
----------------- testing Mon Jan 27 06:54:27 UTC 2020 /home/travis/build/icyphy/ptII/ptolemy/actor/lib/test/auto/ArrayUpdate2.xml
----------------- Instantiating /home/travis/build/icyphy/ptII/ptolemy/actor/lib/test/auto/ArrayUpdate2.xml
5 ms. Memory: 328704K Free: 89540K (27%)
----------------- Invoking toplevel() on ptolemy.moml.MoMLSimpleApplication@553bb238
----------------- Done invoking toplevel() on ptolemy.moml.MoMLSimpleApplication@553bb238
reloadAllAccessors: .ArrayUpdate2

===========================================================================================
----------------- testing Mon Jan 27 06:54:27 UTC 2020 /home/travis/build/icyphy/ptII/ptolemy/actor/lib/test/auto/ArrayUpdate3.xml
----------------- Instantiating /home/travis/build/icyphy/ptII/ptolemy/actor/lib/test/auto/ArrayUpdate3.xml
3 ms. Memory: 328704K Free: 277444K (84%)
----------------- Invoking toplevel() on ptolemy.moml.MoMLSimpleApplication@58285f8d
----------------- Done invoking toplevel() on ptolemy.moml.MoMLSimpleApplication@58285f8d
reloadAllAccessors: .ArrayUpdate3

===========================================================================================
----------------- testing Mon Jan 27 06:54:27 UTC 2020 /home/travis/build/icyphy/ptII/ptolemy/actor/lib/test/auto/Assert1.xml
----------------- Instantiating /home/travis/build/icyphy/ptII/ptolemy/actor/lib/test/auto/Assert1.xml
5 ms. Memory: 328704K Free: 272834K (83%)
----------------- Invoking toplevel() on ptolemy.moml.MoMLSimpleApplication@2e0f4e4a
----------------- Done invoking toplevel() on ptolemy.moml.MoMLSimpleApplication@2e0f4e4a
reloadAllAccessors: .Assert1

===========================================================================================
----------------- testing Mon Jan 27 06:54:27 UTC 2020 /home/travis/build/icyphy/ptII/ptolemy/actor/lib/test/auto/Assert2.xml
----------------- Instantiating /home/travis/build/icyphy/ptII/ptolemy/actor/lib/test/auto/Assert2.xml
2 ms. Memory: 328704K Free: 267714K (81%)
----------------- Invoking toplevel() on ptolemy.moml.MoMLSimpleApplication@58051114
----------------- Done invoking toplevel() on ptolemy.moml.MoMLSimpleApplication@58051114
reloadAllAccessors: .Assert2

===========================================================================================
----------------- testing Mon Jan 27 06:54:27 UTC 2020 /home/travis/build/icyphy/ptII/ptolemy/actor/lib/test/auto/BooleanMultiplexor.xml
----------------- Instantiating /home/travis/build/icyphy/ptII/ptolemy/actor/lib/test/auto/BooleanMultiplexor.xml
2 ms. Memory: 328704K Free: 262084K (80%)
----------------- Invoking toplevel() on ptolemy.moml.MoMLSimpleApplication@31e9e133
----------------- Done invoking toplevel() on ptolemy.moml.MoMLSimpleApplication@31e9e133
reloadAllAccessors: .BooleanMultiplexor

===========================================================================================
----------------- testing Mon Jan 27 06:54:27 UTC 2020 /home/travis/build/icyphy/ptII/ptolemy/actor/lib/test/auto/BooleanMultiplexor2.xml
----------------- Instantiating /home/travis/build/icyphy/ptII/ptolemy/actor/lib/test/auto/BooleanMultiplexor2.xml
10 ms. Memory: 328704K Free: 255426K (78%)
----------------- Invoking toplevel() on ptolemy.moml.MoMLSimpleApplication@25177c7c
----------------- Done invoking toplevel() on ptolemy.moml.MoMLSimpleApplication@25177c7c
reloadAllAccessors: .BooleanMultiplexor2

===========================================================================================
----------------- testing Mon Jan 27 06:54:27 UTC 2020 /home/travis/build/icyphy/ptII/ptolemy/actor/lib/test/auto/BooleanMultiplexor3.xml
----------------- Instantiating /home/travis/build/icyphy/ptII/ptolemy/actor/lib/test/auto/BooleanMultiplexor3.xml
3 ms. Memory: 328704K Free: 251844K (77%)
----------------- Invoking toplevel() on ptolemy.moml.MoMLSimpleApplication@6d9d6309
----------------- Done invoking toplevel() on ptolemy.moml.MoMLSimpleApplication@6d9d6309
reloadAllAccessors: .BooleanMultiplexor3

===========================================================================================
----------------- testing Mon Jan 27 06:54:27 UTC 2020 /home/travis/build/icyphy/ptII/ptolemy/actor/lib/test/auto/BooleanSelect.xml
----------------- Instantiating /home/travis/build/icyphy/ptII/ptolemy/actor/lib/test/auto/BooleanSelect.xml
8 ms. Memory: 328704K Free: 245700K (75%)
----------------- Invoking toplevel() on ptolemy.moml.MoMLSimpleApplication@61a01258
----------------- Done invoking toplevel() on ptolemy.moml.MoMLSimpleApplication@61a01258
reloadAllAccessors: .BooleanSelect

===========================================================================================
----------------- testing Mon Jan 27 06:54:27 UTC 2020 /home/travis/build/icyphy/ptII/ptolemy/actor/lib/test/auto/BooleanSelect2.xml
----------------- Instantiating /home/travis/build/icyphy/ptII/ptolemy/actor/lib/test/auto/BooleanSelect2.xml
1 ms. Memory: 328704K Free: 241604K (74%)
----------------- Invoking toplevel() on ptolemy.moml.MoMLSimpleApplication@3376128f
----------------- Done invoking toplevel() on ptolemy.moml.MoMLSimpleApplication@3376128f
reloadAllAccessors: .BooleanSelect2

===========================================================================================
----------------- testing Mon Jan 27 06:54:27 UTC 2020 /home/travis/build/icyphy/ptII/ptolemy/actor/lib/test/auto/BooleanSwitch.xml
----------------- Instantiating /home/travis/build/icyphy/ptII/ptolemy/actor/lib/test/auto/BooleanSwitch.xml
7 ms. Memory: 328704K Free: 234946K (71%)
----------------- Invoking toplevel() on ptolemy.moml.MoMLSimpleApplication@617e4b27
----------------- Done invoking toplevel() on ptolemy.moml.MoMLSimpleApplication@617e4b27
reloadAllAccessors: .BooleanSwitch

===========================================================================================
----------------- testing Mon Jan 27 06:54:28 UTC 2020 /home/travis/build/icyphy/ptII/ptolemy/actor/lib/test/auto/BooleanSwitch2.xml
----------------- Instantiating /home/travis/build/icyphy/ptII/ptolemy/actor/lib/test/auto/BooleanSwitch2.xml
1 ms. Memory: 328704K Free: 230340K (70%)
----------------- Invoking toplevel() on ptolemy.moml.MoMLSimpleApplication@3b73f2bc
----------------- Done invoking toplevel() on ptolemy.moml.MoMLSimpleApplication@3b73f2bc
reloadAllAccessors: .BooleanSwitch2

===========================================================================================
----------------- testing Mon Jan 27 06:54:28 UTC 2020 /home/travis/build/icyphy/ptII/ptolemy/actor/lib/test/auto/BooleanSwitchCloningBugWithClassRelationGroup.xml
----------------- Instantiating /home/travis/build/icyphy/ptII/ptolemy/actor/lib/test/auto/BooleanSwitchCloningBugWithClassRelationGroup.xml
3 ms. Memory: 328704K Free: 223682K (68%)
----------------- Invoking toplevel() on ptolemy.moml.MoMLSimpleApplication@3fd8dc20
----------------- Done invoking toplevel() on ptolemy.moml.MoMLSimpleApplication@3fd8dc20
reloadAllAccessors: .BooleanSwitchCloningBugWithClassRelationGroup

===========================================================================================
----------------- testing Mon Jan 27 06:54:28 UTC 2020 /home/travis/build/icyphy/ptII/ptolemy/actor/lib/test/auto/BusActors.xml
----------------- Instantiating /home/travis/build/icyphy/ptII/ptolemy/actor/lib/test/auto/BusActors.xml
8 ms. Memory: 328704K Free: 216004K (66%)
----------------- Invoking toplevel() on ptolemy.moml.MoMLSimpleApplication@28bc00c9
----------------- Done invoking toplevel() on ptolemy.moml.MoMLSimpleApplication@28bc00c9
reloadAllAccessors: .BusActors

===========================================================================================
----------------- testing Mon Jan 27 06:54:28 UTC 2020 /home/travis/build/icyphy/ptII/ptolemy/actor/lib/test/auto/ClassWrapper.xml
----------------- Instantiating /home/travis/build/icyphy/ptII/ptolemy/actor/lib/test/auto/ClassWrapper.xml
3 ms. Memory: 328704K Free: 211394K (64%)
----------------- Invoking toplevel() on ptolemy.moml.MoMLSimpleApplication@5efcf586
----------------- Done invoking toplevel() on ptolemy.moml.MoMLSimpleApplication@5efcf586
reloadAllAccessors: .ClassWrapper

===========================================================================================
----------------- testing Mon Jan 27 06:54:28 UTC 2020 /home/travis/build/icyphy/ptII/ptolemy/actor/lib/test/auto/Clock.xml
----------------- Instantiating /home/travis/build/icyphy/ptII/ptolemy/actor/lib/test/auto/Clock.xml
1 ms. Memory: 328704K Free: 207812K (63%)
----------------- Invoking toplevel() on ptolemy.moml.MoMLSimpleApplication@71a6338b
----------------- Done invoking toplevel() on ptolemy.moml.MoMLSimpleApplication@71a6338b
reloadAllAccessors: .Clock

===========================================================================================
----------------- testing Mon Jan 27 06:54:28 UTC 2020 /home/travis/build/icyphy/ptII/ptolemy/actor/lib/test/auto/Clock10.xml
----------------- Instantiating /home/travis/build/icyphy/ptII/ptolemy/actor/lib/test/auto/Clock10.xml
3 ms. Memory: 328704K Free: 201668K (61%)
----------------- Invoking toplevel() on ptolemy.moml.MoMLSimpleApplication@6ff66b94
----------------- Done invoking toplevel() on ptolemy.moml.MoMLSimpleApplication@6ff66b94
reloadAllAccessors: .Clock10

===========================================================================================
----------------- testing Mon Jan 27 06:54:28 UTC 2020 /home/travis/build/icyphy/ptII/ptolemy/actor/lib/test/auto/Clock11.xml
----------------- Instantiating /home/travis/build/icyphy/ptII/ptolemy/actor/lib/test/auto/Clock11.xml
3 ms. Memory: 328704K Free: 196034K (60%)
----------------- Invoking toplevel() on ptolemy.moml.MoMLSimpleApplication@5020570f
----------------- Done invoking toplevel() on ptolemy.moml.MoMLSimpleApplication@5020570f
reloadAllAccessors: .Clock11

===========================================================================================
----------------- testing Mon Jan 27 06:54:28 UTC 2020 /home/travis/build/icyphy/ptII/ptolemy/actor/lib/test/auto/Clock12.xml
----------------- Instantiating /home/travis/build/icyphy/ptII/ptolemy/actor/lib/test/auto/Clock12.xml
4 ms. Memory: 328704K Free: 189890K (58%)
----------------- Invoking toplevel() on ptolemy.moml.MoMLSimpleApplication@3a321529
----------------- Done invoking toplevel() on ptolemy.moml.MoMLSimpleApplication@3a321529
reloadAllAccessors: .Clock12

===========================================================================================
----------------- testing Mon Jan 27 06:54:28 UTC 2020 /home/travis/build/icyphy/ptII/ptolemy/actor/lib/test/auto/Clock13.xml
----------------- Instantiating /home/travis/build/icyphy/ptII/ptolemy/actor/lib/test/auto/Clock13.xml
5 ms. Memory: 328704K Free: 184260K (56%)
----------------- Invoking toplevel() on ptolemy.moml.MoMLSimpleApplication@517ff91b
----------------- Done invoking toplevel() on ptolemy.moml.MoMLSimpleApplication@517ff91b
reloadAllAccessors: .Clock13

===========================================================================================
----------------- testing Mon Jan 27 06:54:28 UTC 2020 /home/travis/build/icyphy/ptII/ptolemy/actor/lib/test/auto/Clock14.xml
----------------- Instantiating /home/travis/build/icyphy/ptII/ptolemy/actor/lib/test/auto/Clock14.xml
5 ms. Memory: 328704K Free: 178116K (54%)
----------------- Invoking toplevel() on ptolemy.moml.MoMLSimpleApplication@3b4083c0
----------------- Done invoking toplevel() on ptolemy.moml.MoMLSimpleApplication@3b4083c0
reloadAllAccessors: .Clock14

===========================================================================================
----------------- testing Mon Jan 27 06:54:28 UTC 2020 /home/travis/build/icyphy/ptII/ptolemy/actor/lib/test/auto/Clock15.xml
----------------- Instantiating /home/travis/build/icyphy/ptII/ptolemy/actor/lib/test/auto/Clock15.xml
4 ms. Memory: 328704K Free: 172452K (52%)
----------------- Invoking toplevel() on ptolemy.moml.MoMLSimpleApplication@48296cc7
----------------- Done invoking toplevel() on ptolemy.moml.MoMLSimpleApplication@48296cc7
reloadAllAccessors: .Clock15

===========================================================================================
----------------- testing Mon Jan 27 06:54:28 UTC 2020 /home/travis/build/icyphy/ptII/ptolemy/actor/lib/test/auto/Clock16.xml
----------------- Instantiating /home/travis/build/icyphy/ptII/ptolemy/actor/lib/test/auto/Clock16.xml
31 ms. Memory: 328704K Free: 157636K (48%)
----------------- Invoking toplevel() on ptolemy.moml.MoMLSimpleApplication@27b493e6
----------------- Done invoking toplevel() on ptolemy.moml.MoMLSimpleApplication@27b493e6
reloadAllAccessors: .Clock16

===========================================================================================
----------------- testing Mon Jan 27 06:54:28 UTC 2020 /home/travis/build/icyphy/ptII/ptolemy/actor/lib/test/auto/Clock17.xml
----------------- Instantiating /home/travis/build/icyphy/ptII/ptolemy/actor/lib/test/auto/Clock17.xml
24 ms. Memory: 328704K Free: 143300K (44%)
----------------- Invoking toplevel() on ptolemy.moml.MoMLSimpleApplication@4e6b2dd4
----------------- Done invoking toplevel() on ptolemy.moml.MoMLSimpleApplication@4e6b2dd4
reloadAllAccessors: .Clock17

===========================================================================================
----------------- testing Mon Jan 27 06:54:28 UTC 2020 /home/travis/build/icyphy/ptII/ptolemy/actor/lib/test/auto/Clock18.xml
----------------- Instantiating /home/travis/build/icyphy/ptII/ptolemy/actor/lib/test/auto/Clock18.xml
19 ms. Memory: 328704K Free: 130498K (40%)
----------------- Invoking toplevel() on ptolemy.moml.MoMLSimpleApplication@3731e70d
----------------- Done invoking toplevel() on ptolemy.moml.MoMLSimpleApplication@3731e70d
reloadAllAccessors: .Clock18

===========================================================================================
----------------- testing Mon Jan 27 06:54:28 UTC 2020 /home/travis/build/icyphy/ptII/ptolemy/actor/lib/test/auto/Clock19.xml
----------------- Instantiating /home/travis/build/icyphy/ptII/ptolemy/actor/lib/test/auto/Clock19.xml
10 ms. Memory: 328704K Free: 116676K (35%)
----------------- Invoking toplevel() on ptolemy.moml.MoMLSimpleApplication@521b01da
----------------- Done invoking toplevel() on ptolemy.moml.MoMLSimpleApplication@521b01da
reloadAllAccessors: .Clock19

===========================================================================================
----------------- testing Mon Jan 27 06:54:28 UTC 2020 /home/travis/build/icyphy/ptII/ptolemy/actor/lib/test/auto/Clock2.xml
----------------- Instantiating /home/travis/build/icyphy/ptII/ptolemy/actor/lib/test/auto/Clock2.xml
4 ms. Memory: 328704K Free: 112580K (34%)
----------------- Invoking toplevel() on ptolemy.moml.MoMLSimpleApplication@1a2c2862
----------------- Done invoking toplevel() on ptolemy.moml.MoMLSimpleApplication@1a2c2862
reloadAllAccessors: .Clock2

===========================================================================================
----------------- testing Mon Jan 27 06:54:28 UTC 2020 /home/travis/build/icyphy/ptII/ptolemy/actor/lib/test/auto/Clock20.xml
----------------- Instantiating /home/travis/build/icyphy/ptII/ptolemy/actor/lib/test/auto/Clock20.xml
6 ms. Memory: 328704K Free: 106946K (33%)
----------------- Invoking toplevel() on ptolemy.moml.MoMLSimpleApplication@3546bb10
----------------- Done invoking toplevel() on ptolemy.moml.MoMLSimpleApplication@3546bb10
reloadAllAccessors: .Clock20

===========================================================================================
----------------- testing Mon Jan 27 06:54:28 UTC 2020 /home/travis/build/icyphy/ptII/ptolemy/actor/lib/test/auto/Clock21.xml
----------------- Instantiating /home/travis/build/icyphy/ptII/ptolemy/actor/lib/test/auto/Clock21.xml
2 ms. Memory: 328704K Free: 101826K (31%)
----------------- Invoking toplevel() on ptolemy.moml.MoMLSimpleApplication@2637ca4c
----------------- Done invoking toplevel() on ptolemy.moml.MoMLSimpleApplication@2637ca4c
reloadAllAccessors: .Clock21

===========================================================================================
----------------- testing Mon Jan 27 06:54:28 UTC 2020 /home/travis/build/icyphy/ptII/ptolemy/actor/lib/test/auto/Clock22.xml
----------------- Instantiating /home/travis/build/icyphy/ptII/ptolemy/actor/lib/test/auto/Clock22.xml
2 ms. Memory: 328704K Free: 96196K (29%)
----------------- Invoking toplevel() on ptolemy.moml.MoMLSimpleApplication@54b82498
----------------- Done invoking toplevel() on ptolemy.moml.MoMLSimpleApplication@54b82498
reloadAllAccessors: .Clock22

===========================================================================================
----------------- testing Mon Jan 27 06:54:28 UTC 2020 /home/travis/build/icyphy/ptII/ptolemy/actor/lib/test/auto/Clock23.xml
----------------- Instantiating /home/travis/build/icyphy/ptII/ptolemy/actor/lib/test/auto/Clock23.xml
3 ms. Memory: 328704K Free: 90562K (28%)
----------------- Invoking toplevel() on ptolemy.moml.MoMLSimpleApplication@788dedf8
----------------- Done invoking toplevel() on ptolemy.moml.MoMLSimpleApplication@788dedf8
reloadAllAccessors: .Clock23

===========================================================================================
----------------- testing Mon Jan 27 06:54:28 UTC 2020 /home/travis/build/icyphy/ptII/ptolemy/actor/lib/test/auto/Clock24.xml
----------------- Instantiating /home/travis/build/icyphy/ptII/ptolemy/actor/lib/test/auto/Clock24.xml
12 ms. Memory: 328704K Free: 279387K (85%)
----------------- Invoking toplevel() on ptolemy.moml.MoMLSimpleApplication@1567ab3f
----------------- Done invoking toplevel() on ptolemy.moml.MoMLSimpleApplication@1567ab3f
reloadAllAccessors: .Clock24

===========================================================================================
----------------- testing Mon Jan 27 06:54:28 UTC 2020 /home/travis/build/icyphy/ptII/ptolemy/actor/lib/test/auto/Clock4.xml
----------------- Instantiating /home/travis/build/icyphy/ptII/ptolemy/actor/lib/test/auto/Clock4.xml
2 ms. Memory: 328704K Free: 274251K (83%)
----------------- Invoking toplevel() on ptolemy.moml.MoMLSimpleApplication@18907576
----------------- Done invoking toplevel() on ptolemy.moml.MoMLSimpleApplication@18907576
reloadAllAccessors: .Clock4

===========================================================================================
----------------- testing Mon Jan 27 06:54:28 UTC 2020 /home/travis/build/icyphy/ptII/ptolemy/actor/lib/test/auto/Clock5.xml
----------------- Instantiating /home/travis/build/icyphy/ptII/ptolemy/actor/lib/test/auto/Clock5.xml
2 ms. Memory: 328704K Free: 268651K (82%)
----------------- Invoking toplevel() on ptolemy.moml.MoMLSimpleApplication@38953b59
----------------- Done invoking toplevel() on ptolemy.moml.MoMLSimpleApplication@38953b59
reloadAllAccessors: .Clock5

===========================================================================================
----------------- testing Mon Jan 27 06:54:28 UTC 2020 /home/travis/build/icyphy/ptII/ptolemy/actor/lib/test/auto/Clock6.xml
----------------- Instantiating /home/travis/build/icyphy/ptII/ptolemy/actor/lib/test/auto/Clock6.xml
2 ms. Memory: 328704K Free: 264555K (80%)
----------------- Invoking toplevel() on ptolemy.moml.MoMLSimpleApplication@2d27799a
----------------- Done invoking toplevel() on ptolemy.moml.MoMLSimpleApplication@2d27799a
reloadAllAccessors: .Clock6

===========================================================================================
----------------- testing Mon Jan 27 06:54:28 UTC 2020 /home/travis/build/icyphy/ptII/ptolemy/actor/lib/test/auto/Clock7.xml
----------------- Instantiating /home/travis/build/icyphy/ptII/ptolemy/actor/lib/test/auto/Clock7.xml
1 ms. Memory: 328704K Free: 259945K (79%)
----------------- Invoking toplevel() on ptolemy.moml.MoMLSimpleApplication@303381e
----------------- Done invoking toplevel() on ptolemy.moml.MoMLSimpleApplication@303381e
reloadAllAccessors: .Clock7

===========================================================================================
----------------- testing Mon Jan 27 06:54:28 UTC 2020 /home/travis/build/icyphy/ptII/ptolemy/actor/lib/test/auto/Clock8.xml
----------------- Instantiating /home/travis/build/icyphy/ptII/ptolemy/actor/lib/test/auto/Clock8.xml
2 ms. Memory: 328704K Free: 254315K (77%)
----------------- Invoking toplevel() on ptolemy.moml.MoMLSimpleApplication@e999830
----------------- Done invoking toplevel() on ptolemy.moml.MoMLSimpleApplication@e999830
reloadAllAccessors: .Clock8

===========================================================================================
----------------- testing Mon Jan 27 06:54:28 UTC 2020 /home/travis/build/icyphy/ptII/ptolemy/actor/lib/test/auto/Clock9.xml
----------------- Instantiating /home/travis/build/icyphy/ptII/ptolemy/actor/lib/test/auto/Clock9.xml
3 ms. Memory: 328704K Free: 249195K (76%)
----------------- Invoking toplevel() on ptolemy.moml.MoMLSimpleApplication@2c310d6b
----------------- Done invoking toplevel() on ptolemy.moml.MoMLSimpleApplication@2c310d6b
reloadAllAccessors: .Clock9

===========================================================================================
----------------- testing Mon Jan 27 06:54:28 UTC 2020 /home/travis/build/icyphy/ptII/ptolemy/actor/lib/test/auto/CommDistDiscard.xml
----------------- Instantiating /home/travis/build/icyphy/ptII/ptolemy/actor/lib/test/auto/CommDistDiscard.xml
2 ms. Memory: 328704K Free: 243561K (74%)
----------------- Invoking toplevel() on ptolemy.moml.MoMLSimpleApplication@3a1d3992
----------------- Done invoking toplevel() on ptolemy.moml.MoMLSimpleApplication@3a1d3992
reloadAllAccessors: .CommDistDiscard

===========================================================================================
----------------- testing Mon Jan 27 06:54:28 UTC 2020 /home/travis/build/icyphy/ptII/ptolemy/actor/lib/test/auto/Commutator.xml
----------------- Instantiating /home/travis/build/icyphy/ptII/ptolemy/actor/lib/test/auto/Commutator.xml
2 ms. Memory: 328704K Free: 239465K (73%)
----------------- Invoking toplevel() on ptolemy.moml.MoMLSimpleApplication@66cac7fa
----------------- Done invoking toplevel() on ptolemy.moml.MoMLSimpleApplication@66cac7fa
reloadAllAccessors: .Commutator

===========================================================================================
----------------- testing Mon Jan 27 06:54:28 UTC 2020 /home/travis/build/icyphy/ptII/ptolemy/actor/lib/test/auto/Commutator2.xml
----------------- Instantiating /home/travis/build/icyphy/ptII/ptolemy/actor/lib/test/auto/Commutator2.xml
2 ms. Memory: 328704K Free: 234859K (71%)
----------------- Invoking toplevel() on ptolemy.moml.MoMLSimpleApplication@6622c7b2
----------------- Done invoking toplevel() on ptolemy.moml.MoMLSimpleApplication@6622c7b2
reloadAllAccessors: .Commutator2

===========================================================================================
----------------- testing Mon Jan 27 06:54:28 UTC 2020 /home/travis/build/icyphy/ptII/ptolemy/actor/lib/test/auto/Commutator3.xml
----------------- Instantiating /home/travis/build/icyphy/ptII/ptolemy/actor/lib/test/auto/Commutator3.xml
2 ms. Memory: 328704K Free: 230763K (70%)
----------------- Invoking toplevel() on ptolemy.moml.MoMLSimpleApplication@2e505fec
----------------- Done invoking toplevel() on ptolemy.moml.MoMLSimpleApplication@2e505fec
reloadAllAccessors: .Commutator3

===========================================================================================
----------------- testing Mon Jan 27 06:54:28 UTC 2020 /home/travis/build/icyphy/ptII/ptolemy/actor/lib/test/auto/Compare.xml
----------------- Instantiating /home/travis/build/icyphy/ptII/ptolemy/actor/lib/test/auto/Compare.xml
2 ms. Memory: 328704K Free: 224105K (68%)
----------------- Invoking toplevel() on ptolemy.moml.MoMLSimpleApplication@6b0b13c7
----------------- Done invoking toplevel() on ptolemy.moml.MoMLSimpleApplication@6b0b13c7
reloadAllAccessors: .Compare

===========================================================================================
----------------- testing Mon Jan 27 06:54:28 UTC 2020 /home/travis/build/icyphy/ptII/ptolemy/actor/lib/test/auto/CompareDE.xml
----------------- Instantiating /home/travis/build/icyphy/ptII/ptolemy/actor/lib/test/auto/CompareDE.xml
5 ms. Memory: 328704K Free: 216923K (66%)
----------------- Invoking toplevel() on ptolemy.moml.MoMLSimpleApplication@64892d93
----------------- Done invoking toplevel() on ptolemy.moml.MoMLSimpleApplication@64892d93
reloadAllAccessors: .CompareDE

===========================================================================================
----------------- testing Mon Jan 27 06:54:28 UTC 2020 /home/travis/build/icyphy/ptII/ptolemy/actor/lib/test/auto/ComplexDivide.xml
----------------- Instantiating /home/travis/build/icyphy/ptII/ptolemy/actor/lib/test/auto/ComplexDivide.xml
2 ms. Memory: 328704K Free: 213355K (65%)
----------------- Invoking toplevel() on ptolemy.moml.MoMLSimpleApplication@58b3746b
----------------- Done invoking toplevel() on ptolemy.moml.MoMLSimpleApplication@58b3746b
reloadAllAccessors: .ComplexDivide

===========================================================================================
----------------- testing Mon Jan 27 06:54:28 UTC 2020 /home/travis/build/icyphy/ptII/ptolemy/actor/lib/test/auto/ComputeHistogram.xml
----------------- Instantiating /home/travis/build/icyphy/ptII/ptolemy/actor/lib/test/auto/ComputeHistogram.xml
36 ms. Memory: 328704K Free: 200553K (61%)
----------------- Invoking toplevel() on ptolemy.moml.MoMLSimpleApplication@6a6894fc
----------------- Done invoking toplevel() on ptolemy.moml.MoMLSimpleApplication@6a6894fc
reloadAllAccessors: .ComputeHistogram

===========================================================================================
----------------- testing Mon Jan 27 06:54:29 UTC 2020 /home/travis/build/icyphy/ptII/ptolemy/actor/lib/test/auto/ConfigurationSelect.xml
----------------- Instantiating /home/travis/build/icyphy/ptII/ptolemy/actor/lib/test/auto/ConfigurationSelect.xml
8 ms. Memory: 328704K Free: 194923K (59%)
----------------- Invoking toplevel() on ptolemy.moml.MoMLSimpleApplication@23683ef
----------------- Done invoking toplevel() on ptolemy.moml.MoMLSimpleApplication@23683ef
reloadAllAccessors: .ConfigurationSelect

===========================================================================================
----------------- testing Mon Jan 27 06:54:29 UTC 2020 /home/travis/build/icyphy/ptII/ptolemy/actor/lib/test/auto/ConfigurationSelect2.xml
----------------- Instantiating /home/travis/build/icyphy/ptII/ptolemy/actor/lib/test/auto/ConfigurationSelect2.xml
2 ms. Memory: 328704K Free: 190827K (58%)
----------------- Invoking toplevel() on ptolemy.moml.MoMLSimpleApplication@723a3e1c
----------------- Done invoking toplevel() on ptolemy.moml.MoMLSimpleApplication@723a3e1c
reloadAllAccessors: .ConfigurationSelect2

===========================================================================================
----------------- testing Mon Jan 27 06:54:29 UTC 2020 /home/travis/build/icyphy/ptII/ptolemy/actor/lib/test/auto/ConfigurationSwitch.xml
----------------- Instantiating /home/travis/build/icyphy/ptII/ptolemy/actor/lib/test/auto/ConfigurationSwitch.xml
2 ms. Memory: 328704K Free: 185193K (56%)
----------------- Invoking toplevel() on ptolemy.moml.MoMLSimpleApplication@6aad8c63
----------------- Done invoking toplevel() on ptolemy.moml.MoMLSimpleApplication@6aad8c63
reloadAllAccessors: .ConfigurationSwitch

===========================================================================================
----------------- testing Mon Jan 27 06:54:29 UTC 2020 /home/travis/build/icyphy/ptII/ptolemy/actor/lib/test/auto/ConfigurationSwitch2.xml
----------------- Instantiating /home/travis/build/icyphy/ptII/ptolemy/actor/lib/test/auto/ConfigurationSwitch2.xml
3 ms. Memory: 328704K Free: 180073K (55%)
----------------- Invoking toplevel() on ptolemy.moml.MoMLSimpleApplication@6d174433
----------------- Done invoking toplevel() on ptolemy.moml.MoMLSimpleApplication@6d174433
reloadAllAccessors: .ConfigurationSwitch2

===========================================================================================
----------------- testing Mon Jan 27 06:54:29 UTC 2020 /home/travis/build/icyphy/ptII/ptolemy/actor/lib/test/auto/ConfigurationSwitchCloningBugWithClassRelationGroup.xml
----------------- Instantiating /home/travis/build/icyphy/ptII/ptolemy/actor/lib/test/auto/ConfigurationSwitchCloningBugWithClassRelationGroup.xml
1 ms. Memory: 328704K Free: 172905K (53%)
----------------- Invoking toplevel() on ptolemy.moml.MoMLSimpleApplication@356d3358
----------------- Done invoking toplevel() on ptolemy.moml.MoMLSimpleApplication@356d3358
reloadAllAccessors: .ConfigurationSwitchCloningBugWithClassRelationGroup

===========================================================================================
----------------- testing Mon Jan 27 06:54:29 UTC 2020 /home/travis/build/icyphy/ptII/ptolemy/actor/lib/test/auto/ConfigurationSwitchSelectSDF.xml
----------------- Instantiating /home/travis/build/icyphy/ptII/ptolemy/actor/lib/test/auto/ConfigurationSwitchSelectSDF.xml
2 ms. Memory: 328704K Free: 167275K (51%)
----------------- Invoking toplevel() on ptolemy.moml.MoMLSimpleApplication@3cf0b2fa
----------------- Done invoking toplevel() on ptolemy.moml.MoMLSimpleApplication@3cf0b2fa
reloadAllAccessors: .ConfigurationSwitchSelectSDF

===========================================================================================
----------------- testing Mon Jan 27 06:54:29 UTC 2020 /home/travis/build/icyphy/ptII/ptolemy/actor/lib/test/auto/ConfigurationSwitchSelectSDF2.xml
----------------- Instantiating /home/travis/build/icyphy/ptII/ptolemy/actor/lib/test/auto/ConfigurationSwitchSelectSDF2.xml
3 ms. Memory: 328704K Free: 161641K (49%)
----------------- Invoking toplevel() on ptolemy.moml.MoMLSimpleApplication@4f96ab72
----------------- Done invoking toplevel() on ptolemy.moml.MoMLSimpleApplication@4f96ab72
reloadAllAccessors: .ConfigurationSwitchSelectSDF2

===========================================================================================
----------------- testing Mon Jan 27 06:54:29 UTC 2020 /home/travis/build/icyphy/ptII/ptolemy/actor/lib/test/auto/Const.xml
----------------- Instantiating /home/travis/build/icyphy/ptII/ptolemy/actor/lib/test/auto/Const.xml
1 ms. Memory: 328704K Free: 158059K (48%)
----------------- Invoking toplevel() on ptolemy.moml.MoMLSimpleApplication@413bc609
----------------- Done invoking toplevel() on ptolemy.moml.MoMLSimpleApplication@413bc609
reloadAllAccessors: .Const

===========================================================================================
----------------- testing Mon Jan 27 06:54:29 UTC 2020 /home/travis/build/icyphy/ptII/ptolemy/actor/lib/test/auto/Const2.xml
----------------- Instantiating /home/travis/build/icyphy/ptII/ptolemy/actor/lib/test/auto/Const2.xml
1 ms. Memory: 328704K Free: 153963K (47%)
----------------- Invoking toplevel() on ptolemy.moml.MoMLSimpleApplication@67db8ad7
----------------- Done invoking toplevel() on ptolemy.moml.MoMLSimpleApplication@67db8ad7
reloadAllAccessors: .Const2

===========================================================================================
----------------- testing Mon Jan 27 06:54:29 UTC 2020 /home/travis/build/icyphy/ptII/ptolemy/actor/lib/test/auto/Const3.xml
----------------- Instantiating /home/travis/build/icyphy/ptII/ptolemy/actor/lib/test/auto/Const3.xml
1 ms. Memory: 328704K Free: 151401K (46%)
----------------- Invoking toplevel() on ptolemy.moml.MoMLSimpleApplication@367abaa3
----------------- Done invoking toplevel() on ptolemy.moml.MoMLSimpleApplication@367abaa3
reloadAllAccessors: .Const3

===========================================================================================
----------------- testing Mon Jan 27 06:54:29 UTC 2020 /home/travis/build/icyphy/ptII/ptolemy/actor/lib/test/auto/ConstantPublisherPort1.xml
----------------- Instantiating /home/travis/build/icyphy/ptII/ptolemy/actor/lib/test/auto/ConstantPublisherPort1.xml
6 ms. Memory: 328704K Free: 142699K (43%)
----------------- Invoking toplevel() on ptolemy.moml.MoMLSimpleApplication@28dad3fa
----------------- Done invoking toplevel() on ptolemy.moml.MoMLSimpleApplication@28dad3fa
reloadAllAccessors: .ConstantPublisherPort1

===========================================================================================
----------------- testing Mon Jan 27 06:54:29 UTC 2020 /home/travis/build/icyphy/ptII/ptolemy/actor/lib/test/auto/ConstantPublisherPort2.xml
----------------- Instantiating /home/travis/build/icyphy/ptII/ptolemy/actor/lib/test/auto/ConstantPublisherPort2.xml
10 ms. Memory: 328704K Free: 135017K (41%)
----------------- Invoking toplevel() on ptolemy.moml.MoMLSimpleApplication@7429f6eb
----------------- Done invoking toplevel() on ptolemy.moml.MoMLSimpleApplication@7429f6eb
reloadAllAccessors: .ConstantPublisherPort2

===========================================================================================
----------------- testing Mon Jan 27 06:54:29 UTC 2020 /home/travis/build/icyphy/ptII/ptolemy/actor/lib/test/auto/ConstantPublisherPort3.xml
----------------- Instantiating /home/travis/build/icyphy/ptII/ptolemy/actor/lib/test/auto/ConstantPublisherPort3.xml
5 ms. Memory: 328704K Free: 127849K (39%)
----------------- Invoking toplevel() on ptolemy.moml.MoMLSimpleApplication@6c4bf289
----------------- Done invoking toplevel() on ptolemy.moml.MoMLSimpleApplication@6c4bf289
reloadAllAccessors: .ConstantPublisherPort3

===========================================================================================
----------------- testing Mon Jan 27 06:54:29 UTC 2020 /home/travis/build/icyphy/ptII/ptolemy/actor/lib/test/auto/ConstantPublisherPort4.xml
----------------- Instantiating /home/travis/build/icyphy/ptII/ptolemy/actor/lib/test/auto/ConstantPublisherPort4.xml
2 ms. Memory: 328704K Free: 120675K (37%)
----------------- Invoking toplevel() on ptolemy.moml.MoMLSimpleApplication@6fa6cdde
----------------- Done invoking toplevel() on ptolemy.moml.MoMLSimpleApplication@6fa6cdde
reloadAllAccessors: .ConstantPublisherPort4

===========================================================================================
----------------- testing Mon Jan 27 06:54:29 UTC 2020 /home/travis/build/icyphy/ptII/ptolemy/actor/lib/test/auto/ConstantPublisherPort5.xml
----------------- Instantiating /home/travis/build/icyphy/ptII/ptolemy/actor/lib/test/auto/ConstantPublisherPort5.xml
23 ms. Memory: 328704K Free: 110955K (34%)
----------------- Invoking toplevel() on ptolemy.moml.MoMLSimpleApplication@6e1d8427
----------------- Done invoking toplevel() on ptolemy.moml.MoMLSimpleApplication@6e1d8427
reloadAllAccessors: .ConstantPublisherPort5

===========================================================================================
----------------- testing Mon Jan 27 06:54:29 UTC 2020 /home/travis/build/icyphy/ptII/ptolemy/actor/lib/test/auto/ConstantPublisherPort6.xml
----------------- Instantiating /home/travis/build/icyphy/ptII/ptolemy/actor/lib/test/auto/ConstantPublisherPort6.xml
16 ms. Memory: 328704K Free: 101739K (31%)
----------------- Invoking toplevel() on ptolemy.moml.MoMLSimpleApplication@72823b1a
----------------- Done invoking toplevel() on ptolemy.moml.MoMLSimpleApplication@72823b1a
reloadAllAccessors: .ConstantPublisherPort6

===========================================================================================
----------------- testing Mon Jan 27 06:54:29 UTC 2020 /home/travis/build/icyphy/ptII/ptolemy/actor/lib/test/auto/ConstantPublisherPort7.xml
----------------- Instantiating /home/travis/build/icyphy/ptII/ptolemy/actor/lib/test/auto/ConstantPublisherPort7.xml
16 ms. Memory: 328704K Free: 92523K (28%)
----------------- Invoking toplevel() on ptolemy.moml.MoMLSimpleApplication@43b505e4
----------------- Done invoking toplevel() on ptolemy.moml.MoMLSimpleApplication@43b505e4
reloadAllAccessors: .ConstantPublisherPort7

===========================================================================================
----------------- testing Mon Jan 27 06:54:29 UTC 2020 /home/travis/build/icyphy/ptII/ptolemy/actor/lib/test/auto/ConstraintMonitor1.xml
----------------- Instantiating /home/travis/build/icyphy/ptII/ptolemy/actor/lib/test/auto/ConstraintMonitor1.xml
17 ms. Memory: 555008K Free: 506573K (91%)
----------------- Invoking toplevel() on ptolemy.moml.MoMLSimpleApplication@728ccf64
----------------- Done invoking toplevel() on ptolemy.moml.MoMLSimpleApplication@728ccf64
reloadAllAccessors: .ConstraintMonitor1

===========================================================================================
----------------- testing Mon Jan 27 06:54:29 UTC 2020 /home/travis/build/icyphy/ptII/ptolemy/actor/lib/test/auto/ConstraintMonitor2.xml
----------------- Instantiating /home/travis/build/icyphy/ptII/ptolemy/actor/lib/test/auto/ConstraintMonitor2.xml
5 ms. Memory: 555008K Free: 501458K (90%)
----------------- Invoking toplevel() on ptolemy.moml.MoMLSimpleApplication@38cb86a5
----------------- Done invoking toplevel() on ptolemy.moml.MoMLSimpleApplication@38cb86a5
reloadAllAccessors: .ConstraintMonitor2

===========================================================================================
----------------- testing Mon Jan 27 06:54:29 UTC 2020 /home/travis/build/icyphy/ptII/ptolemy/actor/lib/test/auto/ConstraintMonitor3.xml
----------------- Instantiating /home/travis/build/icyphy/ptII/ptolemy/actor/lib/test/auto/ConstraintMonitor3.xml
4 ms. Memory: 555008K Free: 496852K (90%)
----------------- Invoking toplevel() on ptolemy.moml.MoMLSimpleApplication@7c149c9d
----------------- Done invoking toplevel() on ptolemy.moml.MoMLSimpleApplication@7c149c9d
reloadAllAccessors: .ConstraintMonitor3

===========================================================================================
----------------- testing Mon Jan 27 06:54:29 UTC 2020 /home/travis/build/icyphy/ptII/ptolemy/actor/lib/test/auto/ConstraintMonitor4.xml
----------------- Instantiating /home/travis/build/icyphy/ptII/ptolemy/actor/lib/test/auto/ConstraintMonitor4.xml
2 ms. Memory: 555008K Free: 492242K (89%)
----------------- Invoking toplevel() on ptolemy.moml.MoMLSimpleApplication@1c9752ac
----------------- Done invoking toplevel() on ptolemy.moml.MoMLSimpleApplication@1c9752ac
reloadAllAccessors: .ConstraintMonitor4

===========================================================================================
----------------- testing Mon Jan 27 06:54:29 UTC 2020 /home/travis/build/icyphy/ptII/ptolemy/actor/lib/test/auto/ConstraintMonitor5.xml
----------------- Instantiating /home/travis/build/icyphy/ptII/ptolemy/actor/lib/test/auto/ConstraintMonitor5.xml
4 ms. Memory: 555008K Free: 486612K (88%)
----------------- Invoking toplevel() on ptolemy.moml.MoMLSimpleApplication@c372e32
----------------- Done invoking toplevel() on ptolemy.moml.MoMLSimpleApplication@c372e32
reloadAllAccessors: .ConstraintMonitor5

===========================================================================================
----------------- testing Mon Jan 27 06:54:29 UTC 2020 /home/travis/build/icyphy/ptII/ptolemy/actor/lib/test/auto/ConstraintMonitor6.xml
----------------- Instantiating /home/travis/build/icyphy/ptII/ptolemy/actor/lib/test/auto/ConstraintMonitor6.xml
2 ms. Memory: 555008K Free: 480468K (87%)
----------------- Invoking toplevel() on ptolemy.moml.MoMLSimpleApplication@14ef6c65
----------------- Done invoking toplevel() on ptolemy.moml.MoMLSimpleApplication@14ef6c65
reloadAllAccessors: .ConstraintMonitor6

===========================================================================================
----------------- testing Mon Jan 27 06:54:29 UTC 2020 /home/travis/build/icyphy/ptII/ptolemy/actor/lib/test/auto/ConstraintMonitor7.xml
----------------- Instantiating /home/travis/build/icyphy/ptII/ptolemy/actor/lib/test/auto/ConstraintMonitor7.xml
5 ms. Memory: 555008K Free: 473796K (85%)
----------------- Invoking toplevel() on ptolemy.moml.MoMLSimpleApplication@68860fc2
----------------- Done invoking toplevel() on ptolemy.moml.MoMLSimpleApplication@68860fc2
reloadAllAccessors: .ConstraintMonitor7

===========================================================================================
----------------- testing Mon Jan 27 06:54:29 UTC 2020 /home/travis/build/icyphy/ptII/ptolemy/actor/lib/test/auto/ConstraintMonitor8.xml
----------------- Instantiating /home/travis/build/icyphy/ptII/ptolemy/actor/lib/test/auto/ConstraintMonitor8.xml
6 ms. Memory: 555008K Free: 466132K (84%)
----------------- Invoking toplevel() on ptolemy.moml.MoMLSimpleApplication@75c4d05b
----------------- Done invoking toplevel() on ptolemy.moml.MoMLSimpleApplication@75c4d05b
reloadAllAccessors: .ConstraintMonitor8

===========================================================================================
----------------- testing Mon Jan 27 06:54:29 UTC 2020 /home/travis/build/icyphy/ptII/ptolemy/actor/lib/test/auto/Counter.xml
----------------- Instantiating /home/travis/build/icyphy/ptII/ptolemy/actor/lib/test/auto/Counter.xml
2 ms. Memory: 555008K Free: 461012K (83%)
----------------- Invoking toplevel() on ptolemy.moml.MoMLSimpleApplication@b4160a0
----------------- Done invoking toplevel() on ptolemy.moml.MoMLSimpleApplication@b4160a0
reloadAllAccessors: .Counter

===========================================================================================
----------------- testing Mon Jan 27 06:54:29 UTC 2020 /home/travis/build/icyphy/ptII/ptolemy/actor/lib/test/auto/CurrentTimeSDF.xml
----------------- Instantiating /home/travis/build/icyphy/ptII/ptolemy/actor/lib/test/auto/CurrentTimeSDF.xml
1 ms. Memory: 555008K Free: 456916K (82%)
----------------- Invoking toplevel() on ptolemy.moml.MoMLSimpleApplication@1ff75301
----------------- Done invoking toplevel() on ptolemy.moml.MoMLSimpleApplication@1ff75301
reloadAllAccessors: .CurrentTimeSDF

===========================================================================================
----------------- testing Mon Jan 27 06:54:29 UTC 2020 /home/travis/build/icyphy/ptII/ptolemy/actor/lib/test/auto/DB.xml
----------------- Instantiating /home/travis/build/icyphy/ptII/ptolemy/actor/lib/test/auto/DB.xml
3 ms. Memory: 555008K Free: 451796K (81%)
----------------- Invoking toplevel() on ptolemy.moml.MoMLSimpleApplication@a53bf80
----------------- Done invoking toplevel() on ptolemy.moml.MoMLSimpleApplication@a53bf80
reloadAllAccessors: .DB

===========================================================================================
----------------- testing Mon Jan 27 06:54:29 UTC 2020 /home/travis/build/icyphy/ptII/ptolemy/actor/lib/test/auto/DBDE.xml
----------------- Instantiating /home/travis/build/icyphy/ptII/ptolemy/actor/lib/test/auto/DBDE.xml
2 ms. Memory: 555008K Free: 445652K (80%)
----------------- Invoking toplevel() on ptolemy.moml.MoMLSimpleApplication@488f7855
----------------- Done invoking toplevel() on ptolemy.moml.MoMLSimpleApplication@488f7855
reloadAllAccessors: .DBDE

===========================================================================================
----------------- testing Mon Jan 27 06:54:29 UTC 2020 /home/travis/build/icyphy/ptII/ptolemy/actor/lib/test/auto/DateConstructor.xml
----------------- Instantiating /home/travis/build/icyphy/ptII/ptolemy/actor/lib/test/auto/DateConstructor.xml
29 ms. Memory: 555008K Free: 428244K (77%)
----------------- Invoking toplevel() on ptolemy.moml.MoMLSimpleApplication@2f6c0043
----------------- Done invoking toplevel() on ptolemy.moml.MoMLSimpleApplication@2f6c0043
reloadAllAccessors: .DateConstructor

===========================================================================================
----------------- testing Mon Jan 27 06:54:29 UTC 2020 /home/travis/build/icyphy/ptII/ptolemy/actor/lib/test/auto/DelayTime.xml
----------------- Instantiating /home/travis/build/icyphy/ptII/ptolemy/actor/lib/test/auto/DelayTime.xml
5 ms. Memory: 555008K Free: 423634K (76%)
----------------- Invoking toplevel() on ptolemy.moml.MoMLSimpleApplication@61343827
----------------- Done invoking toplevel() on ptolemy.moml.MoMLSimpleApplication@61343827
reloadAllAccessors: .DelayTime

===========================================================================================
----------------- testing Mon Jan 27 06:54:29 UTC 2020 /home/travis/build/icyphy/ptII/ptolemy/actor/lib/test/auto/Dictionary1.xml
----------------- Instantiating /home/travis/build/icyphy/ptII/ptolemy/actor/lib/test/auto/Dictionary1.xml
2 ms. Memory: 555008K Free: 418004K (75%)
----------------- Invoking toplevel() on ptolemy.moml.MoMLSimpleApplication@52c6beaf
----------------- Done invoking toplevel() on ptolemy.moml.MoMLSimpleApplication@52c6beaf
reloadAllAccessors: .Dictionary1

===========================================================================================
----------------- testing Mon Jan 27 06:54:29 UTC 2020 /home/travis/build/icyphy/ptII/ptolemy/actor/lib/test/auto/Dictionary2.xml
----------------- Instantiating /home/travis/build/icyphy/ptII/ptolemy/actor/lib/test/auto/Dictionary2.xml
4 ms. Memory: 555008K Free: 412370K (74%)
----------------- Invoking toplevel() on ptolemy.moml.MoMLSimpleApplication@19b306b1
----------------- Done invoking toplevel() on ptolemy.moml.MoMLSimpleApplication@19b306b1
reloadAllAccessors: .Dictionary2

===========================================================================================
----------------- testing Mon Jan 27 06:54:29 UTC 2020 /home/travis/build/icyphy/ptII/ptolemy/actor/lib/test/auto/Dictionary3.xml
----------------- Instantiating /home/travis/build/icyphy/ptII/ptolemy/actor/lib/test/auto/Dictionary3.xml
1 ms. Memory: 555008K Free: 407250K (73%)
----------------- Invoking toplevel() on ptolemy.moml.MoMLSimpleApplication@23f927e
----------------- Done invoking toplevel() on ptolemy.moml.MoMLSimpleApplication@23f927e
reloadAllAccessors: .Dictionary3

===========================================================================================
----------------- testing Mon Jan 27 06:54:29 UTC 2020 /home/travis/build/icyphy/ptII/ptolemy/actor/lib/test/auto/Dictionary4.xml
----------------- Instantiating /home/travis/build/icyphy/ptII/ptolemy/actor/lib/test/auto/Dictionary4.xml
5 ms. Memory: 555008K Free: 400082K (72%)
----------------- Invoking toplevel() on ptolemy.moml.MoMLSimpleApplication@42b9dce5
----------------- Done invoking toplevel() on ptolemy.moml.MoMLSimpleApplication@42b9dce5
reloadAllAccessors: .Dictionary4

===========================================================================================
----------------- testing Mon Jan 27 06:54:29 UTC 2020 /home/travis/build/icyphy/ptII/ptolemy/actor/lib/test/auto/Differential.xml
----------------- Instantiating /home/travis/build/icyphy/ptII/ptolemy/actor/lib/test/auto/Differential.xml
3 ms. Memory: 555008K Free: 395476K (71%)
----------------- Invoking toplevel() on ptolemy.moml.MoMLSimpleApplication@4e5af868
----------------- Done invoking toplevel() on ptolemy.moml.MoMLSimpleApplication@4e5af868
reloadAllAccessors: .Differential

===========================================================================================
----------------- testing Mon Jan 27 06:54:29 UTC 2020 /home/travis/build/icyphy/ptII/ptolemy/actor/lib/test/auto/Director.xml
----------------- Instantiating /home/travis/build/icyphy/ptII/ptolemy/actor/lib/test/auto/Director.xml
3 ms. Memory: 555008K Free: 391380K (71%)
----------------- Invoking toplevel() on ptolemy.moml.MoMLSimpleApplication@dbd1051
----------------- Done invoking toplevel() on ptolemy.moml.MoMLSimpleApplication@dbd1051
reloadAllAccessors: .Director

===========================================================================================
----------------- testing Mon Jan 27 06:54:29 UTC 2020 /home/travis/build/icyphy/ptII/ptolemy/actor/lib/test/auto/DiscreteClock.xml
----------------- Instantiating /home/travis/build/icyphy/ptII/ptolemy/actor/lib/test/auto/DiscreteClock.xml
2 ms. Memory: 555008K Free: 387794K (70%)
----------------- Invoking toplevel() on ptolemy.moml.MoMLSimpleApplication@30442b1a
----------------- Done invoking toplevel() on ptolemy.moml.MoMLSimpleApplication@30442b1a
reloadAllAccessors: .DiscreteClock

===========================================================================================
----------------- testing Mon Jan 27 06:54:29 UTC 2020 /home/travis/build/icyphy/ptII/ptolemy/actor/lib/test/auto/DiscreteClock10.xml
----------------- Instantiating /home/travis/build/icyphy/ptII/ptolemy/actor/lib/test/auto/DiscreteClock10.xml
2 ms. Memory: 555008K Free: 381650K (69%)
----------------- Invoking toplevel() on ptolemy.moml.MoMLSimpleApplication@178ffb77
----------------- Done invoking toplevel() on ptolemy.moml.MoMLSimpleApplication@178ffb77
reloadAllAccessors: .DiscreteClock10

===========================================================================================
----------------- testing Mon Jan 27 06:54:30 UTC 2020 /home/travis/build/icyphy/ptII/ptolemy/actor/lib/test/auto/DiscreteClock11.xml
----------------- Instantiating /home/travis/build/icyphy/ptII/ptolemy/actor/lib/test/auto/DiscreteClock11.xml
2 ms. Memory: 555008K Free: 375506K (68%)
----------------- Invoking toplevel() on ptolemy.moml.MoMLSimpleApplication@2d15adc6
----------------- Done invoking toplevel() on ptolemy.moml.MoMLSimpleApplication@2d15adc6
reloadAllAccessors: .DiscreteClock11

===========================================================================================
----------------- testing Mon Jan 27 06:54:30 UTC 2020 /home/travis/build/icyphy/ptII/ptolemy/actor/lib/test/auto/DiscreteClock12.xml
----------------- Instantiating /home/travis/build/icyphy/ptII/ptolemy/actor/lib/test/auto/DiscreteClock12.xml
2 ms. Memory: 555008K Free: 369362K (67%)
----------------- Invoking toplevel() on ptolemy.moml.MoMLSimpleApplication@633b2520
----------------- Done invoking toplevel() on ptolemy.moml.MoMLSimpleApplication@633b2520
reloadAllAccessors: .DiscreteClock12

===========================================================================================
----------------- testing Mon Jan 27 06:54:30 UTC 2020 /home/travis/build/icyphy/ptII/ptolemy/actor/lib/test/auto/DiscreteClock13.xml
----------------- Instantiating /home/travis/build/icyphy/ptII/ptolemy/actor/lib/test/auto/DiscreteClock13.xml
4 ms. Memory: 555008K Free: 363732K (66%)
----------------- Invoking toplevel() on ptolemy.moml.MoMLSimpleApplication@26dd3a92
----------------- Done invoking toplevel() on ptolemy.moml.MoMLSimpleApplication@26dd3a92
reloadAllAccessors: .DiscreteClock13

===========================================================================================
----------------- testing Mon Jan 27 06:54:30 UTC 2020 /home/travis/build/icyphy/ptII/ptolemy/actor/lib/test/auto/DiscreteClock14.xml
----------------- Instantiating /home/travis/build/icyphy/ptII/ptolemy/actor/lib/test/auto/DiscreteClock14.xml
8 ms. Memory: 555008K Free: 357588K (64%)
----------------- Invoking toplevel() on ptolemy.moml.MoMLSimpleApplication@2abd2885
----------------- Done invoking toplevel() on ptolemy.moml.MoMLSimpleApplication@2abd2885
reloadAllAccessors: .DiscreteClock14

===========================================================================================
----------------- testing Mon Jan 27 06:54:30 UTC 2020 /home/travis/build/icyphy/ptII/ptolemy/actor/lib/test/auto/DiscreteClock15.xml
----------------- Instantiating /home/travis/build/icyphy/ptII/ptolemy/actor/lib/test/auto/DiscreteClock15.xml
2 ms. Memory: 555008K Free: 351444K (63%)
----------------- Invoking toplevel() on ptolemy.moml.MoMLSimpleApplication@43ec68e7
----------------- Done invoking toplevel() on ptolemy.moml.MoMLSimpleApplication@43ec68e7
reloadAllAccessors: .DiscreteClock15

===========================================================================================
----------------- testing Mon Jan 27 06:54:30 UTC 2020 /home/travis/build/icyphy/ptII/ptolemy/actor/lib/test/auto/DiscreteClock16.xml
----------------- Instantiating /home/travis/build/icyphy/ptII/ptolemy/actor/lib/test/auto/DiscreteClock16.xml
15 ms. Memory: 555008K Free: 338132K (61%)
----------------- Invoking toplevel() on ptolemy.moml.MoMLSimpleApplication@73b5e7ce
----------------- Done invoking toplevel() on ptolemy.moml.MoMLSimpleApplication@73b5e7ce
reloadAllAccessors: .DiscreteClock16

===========================================================================================
----------------- testing Mon Jan 27 06:54:30 UTC 2020 /home/travis/build/icyphy/ptII/ptolemy/actor/lib/test/auto/DiscreteClock17.xml
----------------- Instantiating /home/travis/build/icyphy/ptII/ptolemy/actor/lib/test/auto/DiscreteClock17.xml
15 ms. Memory: 555008K Free: 323252K (58%)
----------------- Invoking toplevel() on ptolemy.moml.MoMLSimpleApplication@4a8476ff
----------------- Done invoking toplevel() on ptolemy.moml.MoMLSimpleApplication@4a8476ff
reloadAllAccessors: .DiscreteClock17

===========================================================================================
----------------- testing Mon Jan 27 06:54:30 UTC 2020 /home/travis/build/icyphy/ptII/ptolemy/actor/lib/test/auto/DiscreteClock18.xml
----------------- Instantiating /home/travis/build/icyphy/ptII/ptolemy/actor/lib/test/auto/DiscreteClock18.xml
21 ms. Memory: 555008K Free: 309460K (56%)
----------------- Invoking toplevel() on ptolemy.moml.MoMLSimpleApplication@221a1011
----------------- Done invoking toplevel() on ptolemy.moml.MoMLSimpleApplication@221a1011
reloadAllAccessors: .DiscreteClock18

===========================================================================================
----------------- testing Mon Jan 27 06:54:30 UTC 2020 /home/travis/build/icyphy/ptII/ptolemy/actor/lib/test/auto/DiscreteClock19.xml
----------------- Instantiating /home/travis/build/icyphy/ptII/ptolemy/actor/lib/test/auto/DiscreteClock19.xml
18 ms. Memory: 555008K Free: 295634K (53%)
----------------- Invoking toplevel() on ptolemy.moml.MoMLSimpleApplication@ab1ae6a
----------------- Done invoking toplevel() on ptolemy.moml.MoMLSimpleApplication@ab1ae6a
reloadAllAccessors: .DiscreteClock19

===========================================================================================
----------------- testing Mon Jan 27 06:54:30 UTC 2020 /home/travis/build/icyphy/ptII/ptolemy/actor/lib/test/auto/DiscreteClock2.xml
----------------- Instantiating /home/travis/build/icyphy/ptII/ptolemy/actor/lib/test/auto/DiscreteClock2.xml
2 ms. Memory: 555008K Free: 290508K (52%)
----------------- Invoking toplevel() on ptolemy.moml.MoMLSimpleApplication@59f8b7cc
----------------- Done invoking toplevel() on ptolemy.moml.MoMLSimpleApplication@59f8b7cc
reloadAllAccessors: .DiscreteClock2

===========================================================================================
----------------- testing Mon Jan 27 06:54:30 UTC 2020 /home/travis/build/icyphy/ptII/ptolemy/actor/lib/test/auto/DiscreteClock20.xml
----------------- Instantiating /home/travis/build/icyphy/ptII/ptolemy/actor/lib/test/auto/DiscreteClock20.xml
6 ms. Memory: 555008K Free: 285394K (51%)
----------------- Invoking toplevel() on ptolemy.moml.MoMLSimpleApplication@6e32f910
----------------- Done invoking toplevel() on ptolemy.moml.MoMLSimpleApplication@6e32f910
reloadAllAccessors: .DiscreteClock20

===========================================================================================
----------------- testing Mon Jan 27 06:54:30 UTC 2020 /home/travis/build/icyphy/ptII/ptolemy/actor/lib/test/auto/DiscreteClock21.xml
----------------- Instantiating /home/travis/build/icyphy/ptII/ptolemy/actor/lib/test/auto/DiscreteClock21.xml
6 ms. Memory: 555008K Free: 279764K (50%)
----------------- Invoking toplevel() on ptolemy.moml.MoMLSimpleApplication@7457746b
----------------- Done invoking toplevel() on ptolemy.moml.MoMLSimpleApplication@7457746b
reloadAllAccessors: .DiscreteClock21

===========================================================================================
----------------- testing Mon Jan 27 06:54:30 UTC 2020 /home/travis/build/icyphy/ptII/ptolemy/actor/lib/test/auto/DiscreteClock22.xml
----------------- Instantiating /home/travis/build/icyphy/ptII/ptolemy/actor/lib/test/auto/DiscreteClock22.xml
2 ms. Memory: 555008K Free: 274130K (49%)
----------------- Invoking toplevel() on ptolemy.moml.MoMLSimpleApplication@7515bc66
----------------- Done invoking toplevel() on ptolemy.moml.MoMLSimpleApplication@7515bc66
reloadAllAccessors: .DiscreteClock22

===========================================================================================
----------------- testing Mon Jan 27 06:54:30 UTC 2020 /home/travis/build/icyphy/ptII/ptolemy/actor/lib/test/auto/DiscreteClock23.xml
----------------- Instantiating /home/travis/build/icyphy/ptII/ptolemy/actor/lib/test/auto/DiscreteClock23.xml
6 ms. Memory: 555008K Free: 268500K (48%)
----------------- Invoking toplevel() on ptolemy.moml.MoMLSimpleApplication@330aaf8a
----------------- Done invoking toplevel() on ptolemy.moml.MoMLSimpleApplication@330aaf8a
reloadAllAccessors: .DiscreteClock23

===========================================================================================
----------------- testing Mon Jan 27 06:54:30 UTC 2020 /home/travis/build/icyphy/ptII/ptolemy/actor/lib/test/auto/DiscreteClock24.xml
----------------- Instantiating /home/travis/build/icyphy/ptII/ptolemy/actor/lib/test/auto/DiscreteClock24.xml
2 ms. Memory: 555008K Free: 263380K (47%)
----------------- Invoking toplevel() on ptolemy.moml.MoMLSimpleApplication@2667806e
----------------- Done invoking toplevel() on ptolemy.moml.MoMLSimpleApplication@2667806e
reloadAllAccessors: .DiscreteClock24

===========================================================================================
----------------- testing Mon Jan 27 06:54:30 UTC 2020 /home/travis/build/icyphy/ptII/ptolemy/actor/lib/test/auto/DiscreteClock4.xml
----------------- Instantiating /home/travis/build/icyphy/ptII/ptolemy/actor/lib/test/auto/DiscreteClock4.xml
4 ms. Memory: 555008K Free: 257740K (46%)
----------------- Invoking toplevel() on ptolemy.moml.MoMLSimpleApplication@76efbad3
----------------- Done invoking toplevel() on ptolemy.moml.MoMLSimpleApplication@76efbad3
reloadAllAccessors: .DiscreteClock4

===========================================================================================
----------------- testing Mon Jan 27 06:54:30 UTC 2020 /home/travis/build/icyphy/ptII/ptolemy/actor/lib/test/auto/DiscreteClock5.xml
----------------- Instantiating /home/travis/build/icyphy/ptII/ptolemy/actor/lib/test/auto/DiscreteClock5.xml
1 ms. Memory: 555008K Free: 252116K (45%)
----------------- Invoking toplevel() on ptolemy.moml.MoMLSimpleApplication@2b6fe3cd
----------------- Done invoking toplevel() on ptolemy.moml.MoMLSimpleApplication@2b6fe3cd
reloadAllAccessors: .DiscreteClock5

===========================================================================================
----------------- testing Mon Jan 27 06:54:30 UTC 2020 /home/travis/build/icyphy/ptII/ptolemy/actor/lib/test/auto/DiscreteClock6.xml
----------------- Instantiating /home/travis/build/icyphy/ptII/ptolemy/actor/lib/test/auto/DiscreteClock6.xml
1 ms. Memory: 555008K Free: 247506K (45%)
----------------- Invoking toplevel() on ptolemy.moml.MoMLSimpleApplication@2992128f
----------------- Done invoking toplevel() on ptolemy.moml.MoMLSimpleApplication@2992128f
reloadAllAccessors: .DiscreteClock6

===========================================================================================
----------------- testing Mon Jan 27 06:54:30 UTC 2020 /home/travis/build/icyphy/ptII/ptolemy/actor/lib/test/auto/DiscreteClock7.xml
----------------- Instantiating /home/travis/build/icyphy/ptII/ptolemy/actor/lib/test/auto/DiscreteClock7.xml
1 ms. Memory: 555008K Free: 243410K (44%)
----------------- Invoking toplevel() on ptolemy.moml.MoMLSimpleApplication@3633415d
----------------- Done invoking toplevel() on ptolemy.moml.MoMLSimpleApplication@3633415d
reloadAllAccessors: .DiscreteClock7

===========================================================================================
----------------- testing Mon Jan 27 06:54:30 UTC 2020 /home/travis/build/icyphy/ptII/ptolemy/actor/lib/test/auto/DiscreteClock8.xml
----------------- Instantiating /home/travis/build/icyphy/ptII/ptolemy/actor/lib/test/auto/DiscreteClock8.xml
2 ms. Memory: 555008K Free: 237780K (43%)
----------------- Invoking toplevel() on ptolemy.moml.MoMLSimpleApplication@2ba855c1
----------------- Done invoking toplevel() on ptolemy.moml.MoMLSimpleApplication@2ba855c1
reloadAllAccessors: .DiscreteClock8

===========================================================================================
----------------- testing Mon Jan 27 06:54:30 UTC 2020 /home/travis/build/icyphy/ptII/ptolemy/actor/lib/test/auto/DiscreteClock9.xml
----------------- Instantiating /home/travis/build/icyphy/ptII/ptolemy/actor/lib/test/auto/DiscreteClock9.xml
4 ms. Memory: 555008K Free: 231636K (42%)
----------------- Invoking toplevel() on ptolemy.moml.MoMLSimpleApplication@895bc77
----------------- Done invoking toplevel() on ptolemy.moml.MoMLSimpleApplication@895bc77
reloadAllAccessors: .DiscreteClock9

===========================================================================================
----------------- testing Mon Jan 27 06:54:30 UTC 2020 /home/travis/build/icyphy/ptII/ptolemy/actor/lib/test/auto/DisplayArray.xml
----------------- Instantiating /home/travis/build/icyphy/ptII/ptolemy/actor/lib/test/auto/DisplayArray.xml
3 ms. Memory: 555008K Free: 228050K (41%)
----------------- Invoking toplevel() on ptolemy.moml.MoMLSimpleApplication@65cbb8a1
----------------- Done invoking toplevel() on ptolemy.moml.MoMLSimpleApplication@65cbb8a1
reloadAllAccessors: .DisplayArray

===========================================================================================
----------------- testing Mon Jan 27 06:54:30 UTC 2020 /home/travis/build/icyphy/ptII/ptolemy/actor/lib/test/auto/Distributor.xml
----------------- Instantiating /home/travis/build/icyphy/ptII/ptolemy/actor/lib/test/auto/Distributor.xml
1 ms. Memory: 555008K Free: 222930K (40%)
----------------- Invoking toplevel() on ptolemy.moml.MoMLSimpleApplication@1e231ff8
----------------- Done invoking toplevel() on ptolemy.moml.MoMLSimpleApplication@1e231ff8
reloadAllAccessors: .Distributor

===========================================================================================
----------------- testing Mon Jan 27 06:54:30 UTC 2020 /home/travis/build/icyphy/ptII/ptolemy/actor/lib/test/auto/Distributor2.xml
----------------- Instantiating /home/travis/build/icyphy/ptII/ptolemy/actor/lib/test/auto/Distributor2.xml
1 ms. Memory: 555008K Free: 218324K (39%)
----------------- Invoking toplevel() on ptolemy.moml.MoMLSimpleApplication@6b88a8f
----------------- Done invoking toplevel() on ptolemy.moml.MoMLSimpleApplication@6b88a8f
reloadAllAccessors: .Distributor2

===========================================================================================
----------------- testing Mon Jan 27 06:54:30 UTC 2020 /home/travis/build/icyphy/ptII/ptolemy/actor/lib/test/auto/DownSample.xml
----------------- Instantiating /home/travis/build/icyphy/ptII/ptolemy/actor/lib/test/auto/DownSample.xml
2 ms. Memory: 555008K Free: 213714K (39%)
----------------- Invoking toplevel() on ptolemy.moml.MoMLSimpleApplication@412a462c
----------------- Done invoking toplevel() on ptolemy.moml.MoMLSimpleApplication@412a462c
reloadAllAccessors: .DownSample

===========================================================================================
----------------- testing Mon Jan 27 06:54:30 UTC 2020 /home/travis/build/icyphy/ptII/ptolemy/actor/lib/test/auto/ElectronicUnitBase1.xml
----------------- Instantiating /home/travis/build/icyphy/ptII/ptolemy/actor/lib/test/auto/ElectronicUnitBase1.xml
14 ms. Memory: 555008K Free: 197844K (36%)
----------------- Invoking toplevel() on ptolemy.moml.MoMLSimpleApplication@7500eca7
----------------- Done invoking toplevel() on ptolemy.moml.MoMLSimpleApplication@7500eca7
reloadAllAccessors: .ElectronicUnitBase1

===========================================================================================
----------------- testing Mon Jan 27 06:54:30 UTC 2020 /home/travis/build/icyphy/ptII/ptolemy/actor/lib/test/auto/ElementsToArray.xml
----------------- Instantiating /home/travis/build/icyphy/ptII/ptolemy/actor/lib/test/auto/ElementsToArray.xml
3 ms. Memory: 555008K Free: 192724K (35%)
----------------- Invoking toplevel() on ptolemy.moml.MoMLSimpleApplication@370dd6af
----------------- Done invoking toplevel() on ptolemy.moml.MoMLSimpleApplication@370dd6af
reloadAllAccessors: .ElementsToArray

===========================================================================================
----------------- testing Mon Jan 27 06:54:30 UTC 2020 /home/travis/build/icyphy/ptII/ptolemy/actor/lib/test/auto/Equals.xml
----------------- Instantiating /home/travis/build/icyphy/ptII/ptolemy/actor/lib/test/auto/Equals.xml
3 ms. Memory: 555008K Free: 188114K (34%)
----------------- Invoking toplevel() on ptolemy.moml.MoMLSimpleApplication@7ea5762a
----------------- Done invoking toplevel() on ptolemy.moml.MoMLSimpleApplication@7ea5762a
reloadAllAccessors: .Equals

===========================================================================================
----------------- testing Mon Jan 27 06:54:30 UTC 2020 /home/travis/build/icyphy/ptII/ptolemy/actor/lib/test/auto/Exec.xml
----------------- Instantiating /home/travis/build/icyphy/ptII/ptolemy/actor/lib/test/auto/Exec.xml
18 ms. Memory: 555008K Free: 183506K (33%)
----------------- Invoking toplevel() on ptolemy.moml.MoMLSimpleApplication@55b69970
----------------- Done invoking toplevel() on ptolemy.moml.MoMLSimpleApplication@55b69970
reloadAllAccessors: .Exec

===========================================================================================
----------------- testing Mon Jan 27 06:54:30 UTC 2020 /home/travis/build/icyphy/ptII/ptolemy/actor/lib/test/auto/ExecEnvironment.xml
----------------- Instantiating /home/travis/build/icyphy/ptII/ptolemy/actor/lib/test/auto/ExecEnvironment.xml
15 ms. Memory: 555008K Free: 178388K (32%)
----------------- Invoking toplevel() on ptolemy.moml.MoMLSimpleApplication@38b3977d
----------------- Done invoking toplevel() on ptolemy.moml.MoMLSimpleApplication@38b3977d
reloadAllAccessors: .ExecEnvironment

===========================================================================================
----------------- testing Mon Jan 27 06:54:30 UTC 2020 /home/travis/build/icyphy/ptII/ptolemy/actor/lib/test/auto/ExecNonZeroReturnOutput.xml
----------------- Instantiating /home/travis/build/icyphy/ptII/ptolemy/actor/lib/test/auto/ExecNonZeroReturnOutput.xml
157 ms. Memory: 555008K Free: 495315K (89%)
----------------- Invoking toplevel() on ptolemy.moml.MoMLSimpleApplication@51558215
----------------- Done invoking toplevel() on ptolemy.moml.MoMLSimpleApplication@51558215
reloadAllAccessors: .ExecNonZeroReturnOutput

===========================================================================================
----------------- testing Mon Jan 27 06:54:30 UTC 2020 /home/travis/build/icyphy/ptII/ptolemy/actor/lib/test/auto/ExecRunDemos.xml
----------------- Instantiating /home/travis/build/icyphy/ptII/ptolemy/actor/lib/test/auto/ExecRunDemos.xml
Finished: 80 ms. Memory: 129024K Free: 112301K (87%)

Finished: 54 ms. Memory: 129024K Free: 109410K (85%)

Finished: 96 ms. Memory: 129024K Free: 109710K (85%)

Finished: 76 ms. Memory: 129024K Free: 111083K (86%)

Finished: 70 ms. Memory: 129024K Free: 111877K (87%)

10364 ms. Memory: 555008K Free: 473807K (85%)
----------------- Invoking toplevel() on ptolemy.moml.MoMLSimpleApplication@2c8301be
----------------- Done invoking toplevel() on ptolemy.moml.MoMLSimpleApplication@2c8301be
reloadAllAccessors: .ExecRunDemos

===========================================================================================
----------------- testing Mon Jan 27 06:54:41 UTC 2020 /home/travis/build/icyphy/ptII/ptolemy/actor/lib/test/auto/ExecStop.xml
----------------- Instantiating /home/travis/build/icyphy/ptII/ptolemy/actor/lib/test/auto/ExecStop.xml
5013 ms. Memory: 555008K Free: 317137K (57%)
----------------- Invoking toplevel() on ptolemy.moml.MoMLSimpleApplication@642d363
----------------- Done invoking toplevel() on ptolemy.moml.MoMLSimpleApplication@642d363
reloadAllAccessors: .ExecStop

===========================================================================================
----------------- testing Mon Jan 27 06:54:46 UTC 2020 /home/travis/build/icyphy/ptII/ptolemy/actor/lib/test/auto/ExecutionTimeSDF.xml
----------------- Instantiating /home/travis/build/icyphy/ptII/ptolemy/actor/lib/test/auto/ExecutionTimeSDF.xml
Fired ExecutionTime: -1868167296
Fired ExecutionTime: 1508800000
Fired ExecutionTime: -171767296
6004 ms. Memory: 555008K Free: 305345K (55%)
----------------- Invoking toplevel() on ptolemy.moml.MoMLSimpleApplication@7f7a6bbb
----------------- Done invoking toplevel() on ptolemy.moml.MoMLSimpleApplication@7f7a6bbb
reloadAllAccessors: .ExecutionTimeSDF

===========================================================================================
----------------- testing Mon Jan 27 06:54:52 UTC 2020 /home/travis/build/icyphy/ptII/ptolemy/actor/lib/test/auto/Expression1.xml
----------------- Instantiating /home/travis/build/icyphy/ptII/ptolemy/actor/lib/test/auto/Expression1.xml
1 ms. Memory: 555008K Free: 301777K (54%)
----------------- Invoking toplevel() on ptolemy.moml.MoMLSimpleApplication@652fb5e0
----------------- Done invoking toplevel() on ptolemy.moml.MoMLSimpleApplication@652fb5e0
reloadAllAccessors: .Expression1

===========================================================================================
----------------- testing Mon Jan 27 06:54:52 UTC 2020 /home/travis/build/icyphy/ptII/ptolemy/actor/lib/test/auto/Expression10.xml
----------------- Instantiating /home/travis/build/icyphy/ptII/ptolemy/actor/lib/test/auto/Expression10.xml
5 ms. Memory: 555008K Free: 296143K (53%)
----------------- Invoking toplevel() on ptolemy.moml.MoMLSimpleApplication@7891ce4d
----------------- Done invoking toplevel() on ptolemy.moml.MoMLSimpleApplication@7891ce4d
reloadAllAccessors: .Expression10

===========================================================================================
----------------- testing Mon Jan 27 06:54:52 UTC 2020 /home/travis/build/icyphy/ptII/ptolemy/actor/lib/test/auto/Expression11.xml
----------------- Instantiating /home/travis/build/icyphy/ptII/ptolemy/actor/lib/test/auto/Expression11.xml
2 ms. Memory: 555008K Free: 291023K (52%)
----------------- Invoking toplevel() on ptolemy.moml.MoMLSimpleApplication@156a6d1
----------------- Done invoking toplevel() on ptolemy.moml.MoMLSimpleApplication@156a6d1
reloadAllAccessors: .Expression11

===========================================================================================
----------------- testing Mon Jan 27 06:54:52 UTC 2020 /home/travis/build/icyphy/ptII/ptolemy/actor/lib/test/auto/Expression12.xml
----------------- Instantiating /home/travis/build/icyphy/ptII/ptolemy/actor/lib/test/auto/Expression12.xml
2 ms. Memory: 555008K Free: 285393K (51%)
----------------- Invoking toplevel() on ptolemy.moml.MoMLSimpleApplication@11f9c245
----------------- Done invoking toplevel() on ptolemy.moml.MoMLSimpleApplication@11f9c245
reloadAllAccessors: .Expression12

===========================================================================================
----------------- testing Mon Jan 27 06:54:52 UTC 2020 /home/travis/build/icyphy/ptII/ptolemy/actor/lib/test/auto/Expression13.xml
----------------- Instantiating /home/travis/build/icyphy/ptII/ptolemy/actor/lib/test/auto/Expression13.xml
3 ms. Memory: 555008K Free: 280783K (51%)
----------------- Invoking toplevel() on ptolemy.moml.MoMLSimpleApplication@3f96b9be
----------------- Done invoking toplevel() on ptolemy.moml.MoMLSimpleApplication@3f96b9be
reloadAllAccessors: .Expression13

===========================================================================================
----------------- testing Mon Jan 27 06:54:52 UTC 2020 /home/travis/build/icyphy/ptII/ptolemy/actor/lib/test/auto/Expression14.xml
----------------- Instantiating /home/travis/build/icyphy/ptII/ptolemy/actor/lib/test/auto/Expression14.xml
4 ms. Memory: 555008K Free: 274639K (49%)
----------------- Invoking toplevel() on ptolemy.moml.MoMLSimpleApplication@56f70d4d
----------------- Done invoking toplevel() on ptolemy.moml.MoMLSimpleApplication@56f70d4d
reloadAllAccessors: .Expression14

===========================================================================================
----------------- testing Mon Jan 27 06:54:52 UTC 2020 /home/travis/build/icyphy/ptII/ptolemy/actor/lib/test/auto/Expression15.xml
----------------- Instantiating /home/travis/build/icyphy/ptII/ptolemy/actor/lib/test/auto/Expression15.xml
1 ms. Memory: 555008K Free: 271057K (49%)
----------------- Invoking toplevel() on ptolemy.moml.MoMLSimpleApplication@94cc96b
----------------- Done invoking toplevel() on ptolemy.moml.MoMLSimpleApplication@94cc96b
reloadAllAccessors: .Expression15

===========================================================================================
----------------- testing Mon Jan 27 06:54:52 UTC 2020 /home/travis/build/icyphy/ptII/ptolemy/actor/lib/test/auto/Expression16.xml
----------------- Instantiating /home/travis/build/icyphy/ptII/ptolemy/actor/lib/test/auto/Expression16.xml
3 ms. Memory: 555008K Free: 265937K (48%)
----------------- Invoking toplevel() on ptolemy.moml.MoMLSimpleApplication@168412b2
----------------- Done invoking toplevel() on ptolemy.moml.MoMLSimpleApplication@168412b2
reloadAllAccessors: .Expression16

===========================================================================================
----------------- testing Mon Jan 27 06:54:52 UTC 2020 /home/travis/build/icyphy/ptII/ptolemy/actor/lib/test/auto/Expression17.xml
----------------- Instantiating /home/travis/build/icyphy/ptII/ptolemy/actor/lib/test/auto/Expression17.xml
3 ms. Memory: 555008K Free: 261327K (47%)
----------------- Invoking toplevel() on ptolemy.moml.MoMLSimpleApplication@3ab856ca
----------------- Done invoking toplevel() on ptolemy.moml.MoMLSimpleApplication@3ab856ca
reloadAllAccessors: .Expression17

===========================================================================================
----------------- testing Mon Jan 27 06:54:52 UTC 2020 /home/travis/build/icyphy/ptII/ptolemy/actor/lib/test/auto/Expression18.xml
----------------- Instantiating /home/travis/build/icyphy/ptII/ptolemy/actor/lib/test/auto/Expression18.xml
3 ms. Memory: 555008K Free: 256207K (46%)
----------------- Invoking toplevel() on ptolemy.moml.MoMLSimpleApplication@711c0c1f
----------------- Done invoking toplevel() on ptolemy.moml.MoMLSimpleApplication@711c0c1f
reloadAllAccessors: .Expression18

===========================================================================================
----------------- testing Mon Jan 27 06:54:52 UTC 2020 /home/travis/build/icyphy/ptII/ptolemy/actor/lib/test/auto/Expression2.xml
----------------- Instantiating /home/travis/build/icyphy/ptII/ptolemy/actor/lib/test/auto/Expression2.xml
3 ms. Memory: 555008K Free: 251087K (45%)
----------------- Invoking toplevel() on ptolemy.moml.MoMLSimpleApplication@638e0613
----------------- Done invoking toplevel() on ptolemy.moml.MoMLSimpleApplication@638e0613
reloadAllAccessors: .Expression2

===========================================================================================
----------------- testing Mon Jan 27 06:54:52 UTC 2020 /home/travis/build/icyphy/ptII/ptolemy/actor/lib/test/auto/Expression3.xml
----------------- Instantiating /home/travis/build/icyphy/ptII/ptolemy/actor/lib/test/auto/Expression3.xml
5 ms. Memory: 555008K Free: 245967K (44%)
----------------- Invoking toplevel() on ptolemy.moml.MoMLSimpleApplication@5250e21b
----------------- Done invoking toplevel() on ptolemy.moml.MoMLSimpleApplication@5250e21b
reloadAllAccessors: .Expression3

===========================================================================================
----------------- testing Mon Jan 27 06:54:52 UTC 2020 /home/travis/build/icyphy/ptII/ptolemy/actor/lib/test/auto/Expression4.xml
----------------- Instantiating /home/travis/build/icyphy/ptII/ptolemy/actor/lib/test/auto/Expression4.xml
3 ms. Memory: 555008K Free: 238289K (43%)
----------------- Invoking toplevel() on ptolemy.moml.MoMLSimpleApplication@dd66f8c
----------------- Done invoking toplevel() on ptolemy.moml.MoMLSimpleApplication@dd66f8c
reloadAllAccessors: .Expression4

===========================================================================================
----------------- testing Mon Jan 27 06:54:52 UTC 2020 /home/travis/build/icyphy/ptII/ptolemy/actor/lib/test/auto/Expression5.xml
----------------- Instantiating /home/travis/build/icyphy/ptII/ptolemy/actor/lib/test/auto/Expression5.xml
5 ms. Memory: 555008K Free: 233679K (42%)
----------------- Invoking toplevel() on ptolemy.moml.MoMLSimpleApplication@544077c0
----------------- Done invoking toplevel() on ptolemy.moml.MoMLSimpleApplication@544077c0
reloadAllAccessors: .Expression5

===========================================================================================
----------------- testing Mon Jan 27 06:54:52 UTC 2020 /home/travis/build/icyphy/ptII/ptolemy/actor/lib/test/auto/Expression6.xml
----------------- Instantiating /home/travis/build/icyphy/ptII/ptolemy/actor/lib/test/auto/Expression6.xml
2 ms. Memory: 555008K Free: 229073K (41%)
----------------- Invoking toplevel() on ptolemy.moml.MoMLSimpleApplication@199754c8
----------------- Done invoking toplevel() on ptolemy.moml.MoMLSimpleApplication@199754c8
reloadAllAccessors: .Expression6

===========================================================================================
----------------- testing Mon Jan 27 06:54:52 UTC 2020 /home/travis/build/icyphy/ptII/ptolemy/actor/lib/test/auto/Expression7.xml
----------------- Instantiating /home/travis/build/icyphy/ptII/ptolemy/actor/lib/test/auto/Expression7.xml
2 ms. Memory: 555008K Free: 223953K (40%)
----------------- Invoking toplevel() on ptolemy.moml.MoMLSimpleApplication@11dbd879
----------------- Done invoking toplevel() on ptolemy.moml.MoMLSimpleApplication@11dbd879
reloadAllAccessors: .Expression7

===========================================================================================
----------------- testing Mon Jan 27 06:54:52 UTC 2020 /home/travis/build/icyphy/ptII/ptolemy/actor/lib/test/auto/Expression8.xml
----------------- Instantiating /home/travis/build/icyphy/ptII/ptolemy/actor/lib/test/auto/Expression8.xml
7 ms. Memory: 555008K Free: 218833K (39%)
----------------- Invoking toplevel() on ptolemy.moml.MoMLSimpleApplication@a796d0d
----------------- Done invoking toplevel() on ptolemy.moml.MoMLSimpleApplication@a796d0d
reloadAllAccessors: .Expression8

===========================================================================================
----------------- testing Mon Jan 27 06:54:52 UTC 2020 /home/travis/build/icyphy/ptII/ptolemy/actor/lib/test/auto/Expression9.xml
----------------- Instantiating /home/travis/build/icyphy/ptII/ptolemy/actor/lib/test/auto/Expression9.xml
6 ms. Memory: 555008K Free: 214737K (39%)
----------------- Invoking toplevel() on ptolemy.moml.MoMLSimpleApplication@2137dfeb
----------------- Done invoking toplevel() on ptolemy.moml.MoMLSimpleApplication@2137dfeb
reloadAllAccessors: .Expression9

===========================================================================================
----------------- testing Mon Jan 27 06:54:52 UTC 2020 /home/travis/build/icyphy/ptII/ptolemy/actor/lib/test/auto/ExpressionConcatenateArrayType.xml
----------------- Instantiating /home/travis/build/icyphy/ptII/ptolemy/actor/lib/test/auto/ExpressionConcatenateArrayType.xml
3 ms. Memory: 555008K Free: 208079K (37%)
----------------- Invoking toplevel() on ptolemy.moml.MoMLSimpleApplication@3a768945
----------------- Done invoking toplevel() on ptolemy.moml.MoMLSimpleApplication@3a768945
reloadAllAccessors: .ExpressionConcatenateArrayType

===========================================================================================
----------------- testing Mon Jan 27 06:54:52 UTC 2020 /home/travis/build/icyphy/ptII/ptolemy/actor/lib/test/auto/ExpressionConcatenateArrayType2.xml
----------------- Instantiating /home/travis/build/icyphy/ptII/ptolemy/actor/lib/test/auto/ExpressionConcatenateArrayType2.xml
2 ms. Memory: 555008K Free: 202959K (37%)
----------------- Invoking toplevel() on ptolemy.moml.MoMLSimpleApplication@6c0c4aac
----------------- Done invoking toplevel() on ptolemy.moml.MoMLSimpleApplication@6c0c4aac
reloadAllAccessors: .ExpressionConcatenateArrayType2

===========================================================================================
----------------- testing Mon Jan 27 06:54:52 UTC 2020 /home/travis/build/icyphy/ptII/ptolemy/actor/lib/test/auto/ExpressionFix.xml
----------------- Instantiating /home/travis/build/icyphy/ptII/ptolemy/actor/lib/test/auto/ExpressionFix.xml
9 ms. Memory: 555008K Free: 196305K (35%)
----------------- Invoking toplevel() on ptolemy.moml.MoMLSimpleApplication@305e00cd
----------------- Done invoking toplevel() on ptolemy.moml.MoMLSimpleApplication@305e00cd
reloadAllAccessors: .ExpressionFix

===========================================================================================
----------------- testing Mon Jan 27 06:54:52 UTC 2020 /home/travis/build/icyphy/ptII/ptolemy/actor/lib/test/auto/ExpressionFix2.xml
----------------- Instantiating /home/travis/build/icyphy/ptII/ptolemy/actor/lib/test/auto/ExpressionFix2.xml
2 ms. Memory: 555008K Free: 192209K (35%)
----------------- Invoking toplevel() on ptolemy.moml.MoMLSimpleApplication@3864f9e9
----------------- Done invoking toplevel() on ptolemy.moml.MoMLSimpleApplication@3864f9e9
reloadAllAccessors: .ExpressionFix2

===========================================================================================
----------------- testing Mon Jan 27 06:54:52 UTC 2020 /home/travis/build/icyphy/ptII/ptolemy/actor/lib/test/auto/ExpressionFix3.xml
----------------- Instantiating /home/travis/build/icyphy/ptII/ptolemy/actor/lib/test/auto/ExpressionFix3.xml
1 ms. Memory: 555008K Free: 187599K (34%)
----------------- Invoking toplevel() on ptolemy.moml.MoMLSimpleApplication@720ceac
----------------- Done invoking toplevel() on ptolemy.moml.MoMLSimpleApplication@720ceac
reloadAllAccessors: .ExpressionFix3

===========================================================================================
----------------- testing Mon Jan 27 06:54:52 UTC 2020 /home/travis/build/icyphy/ptII/ptolemy/actor/lib/test/auto/FileWriter1.xml
----------------- Instantiating /home/travis/build/icyphy/ptII/ptolemy/actor/lib/test/auto/FileWriter1.xml
2 ms. Memory: 555008K Free: 183503K (33%)
----------------- Invoking toplevel() on ptolemy.moml.MoMLSimpleApplication@14ba45c8
----------------- Done invoking toplevel() on ptolemy.moml.MoMLSimpleApplication@14ba45c8
reloadAllAccessors: .FileWriter1

===========================================================================================
----------------- testing Mon Jan 27 06:54:52 UTC 2020 /home/travis/build/icyphy/ptII/ptolemy/actor/lib/test/auto/FileWriter2.xml
----------------- Instantiating /home/travis/build/icyphy/ptII/ptolemy/actor/lib/test/auto/FileWriter2.xml
2 ms. Memory: 555008K Free: 178897K (32%)
----------------- Invoking toplevel() on ptolemy.moml.MoMLSimpleApplication@5412661d
----------------- Done invoking toplevel() on ptolemy.moml.MoMLSimpleApplication@5412661d
reloadAllAccessors: .FileWriter2

===========================================================================================
----------------- testing Mon Jan 27 06:54:52 UTC 2020 /home/travis/build/icyphy/ptII/ptolemy/actor/lib/test/auto/FileWriter3.xml
----------------- Instantiating /home/travis/build/icyphy/ptII/ptolemy/actor/lib/test/auto/FileWriter3.xml
4 ms. Memory: 555008K Free: 503989K (91%)
----------------- Invoking toplevel() on ptolemy.moml.MoMLSimpleApplication@55ec773e
----------------- Done invoking toplevel() on ptolemy.moml.MoMLSimpleApplication@55ec773e
reloadAllAccessors: .FileWriter3

===========================================================================================
----------------- testing Mon Jan 27 06:54:52 UTC 2020 /home/travis/build/icyphy/ptII/ptolemy/actor/lib/test/auto/Gaussian.xml
----------------- Instantiating /home/travis/build/icyphy/ptII/ptolemy/actor/lib/test/auto/Gaussian.xml
2 ms. Memory: 555008K Free: 499383K (90%)
----------------- Invoking toplevel() on ptolemy.moml.MoMLSimpleApplication@3a795192
----------------- Done invoking toplevel() on ptolemy.moml.MoMLSimpleApplication@3a795192
reloadAllAccessors: .Gaussian

===========================================================================================
----------------- testing Mon Jan 27 06:54:52 UTC 2020 /home/travis/build/icyphy/ptII/ptolemy/actor/lib/test/auto/Gaussian1.xml
----------------- Instantiating /home/travis/build/icyphy/ptII/ptolemy/actor/lib/test/auto/Gaussian1.xml
8 ms. Memory: 555008K Free: 493719K (89%)
----------------- Invoking toplevel() on ptolemy.moml.MoMLSimpleApplication@622c8c72
----------------- Done invoking toplevel() on ptolemy.moml.MoMLSimpleApplication@622c8c72
reloadAllAccessors: .Gaussian1

===========================================================================================
----------------- testing Mon Jan 27 06:54:52 UTC 2020 /home/travis/build/icyphy/ptII/ptolemy/actor/lib/test/auto/Gaussian2.xml
----------------- Instantiating /home/travis/build/icyphy/ptII/ptolemy/actor/lib/test/auto/Gaussian2.xml
2 ms. Memory: 555008K Free: 488119K (88%)
----------------- Invoking toplevel() on ptolemy.moml.MoMLSimpleApplication@5a0821be
----------------- Done invoking toplevel() on ptolemy.moml.MoMLSimpleApplication@5a0821be
reloadAllAccessors: .Gaussian2

===========================================================================================
----------------- testing Mon Jan 27 06:54:52 UTC 2020 /home/travis/build/icyphy/ptII/ptolemy/actor/lib/test/auto/GradientAdaptiveLattice.xml
----------------- Instantiating /home/travis/build/icyphy/ptII/ptolemy/actor/lib/test/auto/GradientAdaptiveLattice.xml
2 ms. Memory: 555008K Free: 482999K (87%)
----------------- Invoking toplevel() on ptolemy.moml.MoMLSimpleApplication@11f01ba4
----------------- Done invoking toplevel() on ptolemy.moml.MoMLSimpleApplication@11f01ba4
reloadAllAccessors: .GradientAdaptiveLattice

===========================================================================================
----------------- testing Mon Jan 27 06:54:52 UTC 2020 /home/travis/build/icyphy/ptII/ptolemy/actor/lib/test/auto/IIR.xml
----------------- Instantiating /home/travis/build/icyphy/ptII/ptolemy/actor/lib/test/auto/IIR.xml
1 ms. Memory: 555008K Free: 478389K (86%)
----------------- Invoking toplevel() on ptolemy.moml.MoMLSimpleApplication@6a91e4fc
----------------- Done invoking toplevel() on ptolemy.moml.MoMLSimpleApplication@6a91e4fc
reloadAllAccessors: .IIR

===========================================================================================
----------------- testing Mon Jan 27 06:54:53 UTC 2020 /home/travis/build/icyphy/ptII/ptolemy/actor/lib/test/auto/InputOutputTransparentPorts.xml
----------------- Instantiating /home/travis/build/icyphy/ptII/ptolemy/actor/lib/test/auto/InputOutputTransparentPorts.xml
1 ms. Memory: 555008K Free: 471221K (85%)
----------------- Invoking toplevel() on ptolemy.moml.MoMLSimpleApplication@39ce8a11
----------------- Done invoking toplevel() on ptolemy.moml.MoMLSimpleApplication@39ce8a11
reloadAllAccessors: .InputOutputTransparentPorts

===========================================================================================
----------------- testing Mon Jan 27 06:54:53 UTC 2020 /home/travis/build/icyphy/ptII/ptolemy/actor/lib/test/auto/Interpolator.xml
----------------- Instantiating /home/travis/build/icyphy/ptII/ptolemy/actor/lib/test/auto/Interpolator.xml
4 ms. Memory: 555008K Free: 467125K (84%)
----------------- Invoking toplevel() on ptolemy.moml.MoMLSimpleApplication@2af8ec90
----------------- Done invoking toplevel() on ptolemy.moml.MoMLSimpleApplication@2af8ec90
reloadAllAccessors: .Interpolator

===========================================================================================
----------------- testing Mon Jan 27 06:54:53 UTC 2020 /home/travis/build/icyphy/ptII/ptolemy/actor/lib/test/auto/InterpolatorFiringLimitDE.xml
----------------- Instantiating /home/travis/build/icyphy/ptII/ptolemy/actor/lib/test/auto/InterpolatorFiringLimitDE.xml
2 ms. Memory: 555008K Free: 461495K (83%)
----------------- Invoking toplevel() on ptolemy.moml.MoMLSimpleApplication@4601b2ff
----------------- Done invoking toplevel() on ptolemy.moml.MoMLSimpleApplication@4601b2ff
reloadAllAccessors: .InterpolatorFiringLimitDE

===========================================================================================
----------------- testing Mon Jan 27 06:54:53 UTC 2020 /home/travis/build/icyphy/ptII/ptolemy/actor/lib/test/auto/Lattice.xml
----------------- Instantiating /home/travis/build/icyphy/ptII/ptolemy/actor/lib/test/auto/Lattice.xml
1 ms. Memory: 555008K Free: 457399K (82%)
----------------- Invoking toplevel() on ptolemy.moml.MoMLSimpleApplication@b692513
----------------- Done invoking toplevel() on ptolemy.moml.MoMLSimpleApplication@b692513
reloadAllAccessors: .Lattice

===========================================================================================
----------------- testing Mon Jan 27 06:54:53 UTC 2020 /home/travis/build/icyphy/ptII/ptolemy/actor/lib/test/auto/LazyAOCTestLazy.xml
----------------- Instantiating /home/travis/build/icyphy/ptII/ptolemy/actor/lib/test/auto/LazyAOCTestLazy.xml
6 ms. Memory: 555008K Free: 451255K (81%)
----------------- Invoking toplevel() on ptolemy.moml.MoMLSimpleApplication@7fb51935
----------------- Done invoking toplevel() on ptolemy.moml.MoMLSimpleApplication@7fb51935
reloadAllAccessors: .LazyAOCTestLazy

===========================================================================================
----------------- testing Mon Jan 27 06:54:53 UTC 2020 /home/travis/build/icyphy/ptII/ptolemy/actor/lib/test/auto/LazyAOCTestNonLazy.xml
----------------- Instantiating /home/travis/build/icyphy/ptII/ptolemy/actor/lib/test/auto/LazyAOCTestNonLazy.xml
2 ms. Memory: 555008K Free: 444597K (80%)
----------------- Invoking toplevel() on ptolemy.moml.MoMLSimpleApplication@3a84177c
----------------- Done invoking toplevel() on ptolemy.moml.MoMLSimpleApplication@3a84177c
reloadAllAccessors: .LazyAOCTestNonLazy

===========================================================================================
----------------- testing Mon Jan 27 06:54:53 UTC 2020 /home/travis/build/icyphy/ptII/ptolemy/actor/lib/test/auto/LazyInnerClass.xml
----------------- Instantiating /home/travis/build/icyphy/ptII/ptolemy/actor/lib/test/auto/LazyInnerClass.xml
19 ms. Memory: 555008K Free: 435895K (79%)
----------------- Invoking toplevel() on ptolemy.moml.MoMLSimpleApplication@7f494d15
----------------- Done invoking toplevel() on ptolemy.moml.MoMLSimpleApplication@7f494d15
reloadAllAccessors: .LazyInnerClass

===========================================================================================
----------------- testing Mon Jan 27 06:54:53 UTC 2020 /home/travis/build/icyphy/ptII/ptolemy/actor/lib/test/auto/LazyPubSub.xml
----------------- Instantiating /home/travis/build/icyphy/ptII/ptolemy/actor/lib/test/auto/LazyPubSub.xml
17 ms. Memory: 555008K Free: 425655K (77%)
----------------- Invoking toplevel() on ptolemy.moml.MoMLSimpleApplication@500fa3ae
----------------- Done invoking toplevel() on ptolemy.moml.MoMLSimpleApplication@500fa3ae
reloadAllAccessors: .LazyPubSub

===========================================================================================
----------------- testing Mon Jan 27 06:54:53 UTC 2020 /home/travis/build/icyphy/ptII/ptolemy/actor/lib/test/auto/LazyPubSub2.xml
----------------- Instantiating /home/travis/build/icyphy/ptII/ptolemy/actor/lib/test/auto/LazyPubSub2.xml
13 ms. Memory: 555008K Free: 415925K (75%)
----------------- Invoking toplevel() on ptolemy.moml.MoMLSimpleApplication@23c3dde0
----------------- Done invoking toplevel() on ptolemy.moml.MoMLSimpleApplication@23c3dde0
reloadAllAccessors: .LazyPubSub2

===========================================================================================
----------------- testing Mon Jan 27 06:54:53 UTC 2020 /home/travis/build/icyphy/ptII/ptolemy/actor/lib/test/auto/LazyPubSub3.xml
----------------- Instantiating /home/travis/build/icyphy/ptII/ptolemy/actor/lib/test/auto/LazyPubSub3.xml
11 ms. Memory: 555008K Free: 406709K (73%)
----------------- Invoking toplevel() on ptolemy.moml.MoMLSimpleApplication@21a6fe7d
----------------- Done invoking toplevel() on ptolemy.moml.MoMLSimpleApplication@21a6fe7d
reloadAllAccessors: .LazyPubSub3

===========================================================================================
----------------- testing Mon Jan 27 06:54:53 UTC 2020 /home/travis/build/icyphy/ptII/ptolemy/actor/lib/test/auto/LazySubClassModel.xml
----------------- Instantiating /home/travis/build/icyphy/ptII/ptolemy/actor/lib/test/auto/LazySubClassModel.xml
2 ms. Memory: 555008K Free: 397493K (72%)
----------------- Invoking toplevel() on ptolemy.moml.MoMLSimpleApplication@8cf5da0
----------------- Done invoking toplevel() on ptolemy.moml.MoMLSimpleApplication@8cf5da0
reloadAllAccessors: .LazySubClassModel

===========================================================================================
----------------- testing Mon Jan 27 06:54:53 UTC 2020 /home/travis/build/icyphy/ptII/ptolemy/actor/lib/test/auto/LevelCrossTest1.xml
----------------- Instantiating /home/travis/build/icyphy/ptII/ptolemy/actor/lib/test/auto/LevelCrossTest1.xml
1 ms. Memory: 555008K Free: 391863K (71%)
----------------- Invoking toplevel() on ptolemy.moml.MoMLSimpleApplication@5b20e9fb
----------------- Done invoking toplevel() on ptolemy.moml.MoMLSimpleApplication@5b20e9fb
reloadAllAccessors: .broken

===========================================================================================
----------------- testing Mon Jan 27 06:54:53 UTC 2020 /home/travis/build/icyphy/ptII/ptolemy/actor/lib/test/auto/LevelCrossTest10.xml
----------------- Instantiating /home/travis/build/icyphy/ptII/ptolemy/actor/lib/test/auto/LevelCrossTest10.xml
1 ms. Memory: 555008K Free: 384695K (69%)
----------------- Invoking toplevel() on ptolemy.moml.MoMLSimpleApplication@bdfde38
----------------- Done invoking toplevel() on ptolemy.moml.MoMLSimpleApplication@bdfde38
reloadAllAccessors: .LevelCrossTest10

===========================================================================================
----------------- testing Mon Jan 27 06:54:53 UTC 2020 /home/travis/build/icyphy/ptII/ptolemy/actor/lib/test/auto/LevelCrossTest11.xml
----------------- Instantiating /home/travis/build/icyphy/ptII/ptolemy/actor/lib/test/auto/LevelCrossTest11.xml
1 ms. Memory: 555008K Free: 377527K (68%)
----------------- Invoking toplevel() on ptolemy.moml.MoMLSimpleApplication@20dd2c7e
----------------- Done invoking toplevel() on ptolemy.moml.MoMLSimpleApplication@20dd2c7e
reloadAllAccessors: .LevelCrossTest11

===========================================================================================
----------------- testing Mon Jan 27 06:54:53 UTC 2020 /home/travis/build/icyphy/ptII/ptolemy/actor/lib/test/auto/LevelCrossTest12.xml
----------------- Instantiating /home/travis/build/icyphy/ptII/ptolemy/actor/lib/test/auto/LevelCrossTest12.xml
1 ms. Memory: 555008K Free: 370869K (67%)
----------------- Invoking toplevel() on ptolemy.moml.MoMLSimpleApplication@36c4e01b
----------------- Done invoking toplevel() on ptolemy.moml.MoMLSimpleApplication@36c4e01b
reloadAllAccessors: .LevelCrossTest12

===========================================================================================
----------------- testing Mon Jan 27 06:54:53 UTC 2020 /home/travis/build/icyphy/ptII/ptolemy/actor/lib/test/auto/LevelCrossTest13.xml
----------------- Instantiating /home/travis/build/icyphy/ptII/ptolemy/actor/lib/test/auto/LevelCrossTest13.xml
1 ms. Memory: 555008K Free: 363191K (65%)
----------------- Invoking toplevel() on ptolemy.moml.MoMLSimpleApplication@40ca3fea
----------------- Done invoking toplevel() on ptolemy.moml.MoMLSimpleApplication@40ca3fea
reloadAllAccessors: .LevelCrossTest13

===========================================================================================
----------------- testing Mon Jan 27 06:54:53 UTC 2020 /home/travis/build/icyphy/ptII/ptolemy/actor/lib/test/auto/LevelCrossTest2.xml
----------------- Instantiating /home/travis/build/icyphy/ptII/ptolemy/actor/lib/test/auto/LevelCrossTest2.xml
1 ms. Memory: 555008K Free: 357557K (64%)
----------------- Invoking toplevel() on ptolemy.moml.MoMLSimpleApplication@7a6d64f7
----------------- Done invoking toplevel() on ptolemy.moml.MoMLSimpleApplication@7a6d64f7
reloadAllAccessors: .broken

===========================================================================================
----------------- testing Mon Jan 27 06:54:53 UTC 2020 /home/travis/build/icyphy/ptII/ptolemy/actor/lib/test/auto/LevelCrossTest3.xml
----------------- Instantiating /home/travis/build/icyphy/ptII/ptolemy/actor/lib/test/auto/LevelCrossTest3.xml
1 ms. Memory: 555008K Free: 350903K (63%)
----------------- Invoking toplevel() on ptolemy.moml.MoMLSimpleApplication@343e8b64
----------------- Done invoking toplevel() on ptolemy.moml.MoMLSimpleApplication@343e8b64
reloadAllAccessors: .LevelCrossTest3

===========================================================================================
----------------- testing Mon Jan 27 06:54:53 UTC 2020 /home/travis/build/icyphy/ptII/ptolemy/actor/lib/test/auto/LevelCrossTest4.xml
----------------- Instantiating /home/travis/build/icyphy/ptII/ptolemy/actor/lib/test/auto/LevelCrossTest4.xml
2 ms. Memory: 555008K Free: 345269K (62%)
----------------- Invoking toplevel() on ptolemy.moml.MoMLSimpleApplication@6351a265
----------------- Done invoking toplevel() on ptolemy.moml.MoMLSimpleApplication@6351a265
reloadAllAccessors: .broken

===========================================================================================
----------------- testing Mon Jan 27 06:54:53 UTC 2020 /home/travis/build/icyphy/ptII/ptolemy/actor/lib/test/auto/LevelCrossTest5.xml
----------------- Instantiating /home/travis/build/icyphy/ptII/ptolemy/actor/lib/test/auto/LevelCrossTest5.xml
1 ms. Memory: 555008K Free: 338615K (61%)
----------------- Invoking toplevel() on ptolemy.moml.MoMLSimpleApplication@69739e55
----------------- Done invoking toplevel() on ptolemy.moml.MoMLSimpleApplication@69739e55
reloadAllAccessors: .LevelCrossTest5

===========================================================================================
----------------- testing Mon Jan 27 06:54:53 UTC 2020 /home/travis/build/icyphy/ptII/ptolemy/actor/lib/test/auto/LevelCrossTest6.xml
----------------- Instantiating /home/travis/build/icyphy/ptII/ptolemy/actor/lib/test/auto/LevelCrossTest6.xml
1 ms. Memory: 555008K Free: 331447K (60%)
----------------- Invoking toplevel() on ptolemy.moml.MoMLSimpleApplication@3c591ed6
----------------- Done invoking toplevel() on ptolemy.moml.MoMLSimpleApplication@3c591ed6
reloadAllAccessors: .LevelCrossTest6

===========================================================================================
----------------- testing Mon Jan 27 06:54:53 UTC 2020 /home/travis/build/icyphy/ptII/ptolemy/actor/lib/test/auto/LevelCrossTest7.xml
----------------- Instantiating /home/travis/build/icyphy/ptII/ptolemy/actor/lib/test/auto/LevelCrossTest7.xml
1 ms. Memory: 555008K Free: 323765K (58%)
----------------- Invoking toplevel() on ptolemy.moml.MoMLSimpleApplication@1459a8d2
----------------- Done invoking toplevel() on ptolemy.moml.MoMLSimpleApplication@1459a8d2
reloadAllAccessors: .LevelCrossTest7

===========================================================================================
----------------- testing Mon Jan 27 06:54:53 UTC 2020 /home/travis/build/icyphy/ptII/ptolemy/actor/lib/test/auto/LevelCrossTest8.xml
----------------- Instantiating /home/travis/build/icyphy/ptII/ptolemy/actor/lib/test/auto/LevelCrossTest8.xml
1 ms. Memory: 555008K Free: 316597K (57%)
----------------- Invoking toplevel() on ptolemy.moml.MoMLSimpleApplication@61a5cc60
----------------- Done invoking toplevel() on ptolemy.moml.MoMLSimpleApplication@61a5cc60
reloadAllAccessors: .LevelCrossTest8

===========================================================================================
----------------- testing Mon Jan 27 06:54:53 UTC 2020 /home/travis/build/icyphy/ptII/ptolemy/actor/lib/test/auto/LevelCrossTest9.xml
----------------- Instantiating /home/travis/build/icyphy/ptII/ptolemy/actor/lib/test/auto/LevelCrossTest9.xml
4 ms. Memory: 555008K Free: 308919K (56%)
----------------- Invoking toplevel() on ptolemy.moml.MoMLSimpleApplication@7d6108be
----------------- Done invoking toplevel() on ptolemy.moml.MoMLSimpleApplication@7d6108be
reloadAllAccessors: .LevelCrossTest9

===========================================================================================
----------------- testing Mon Jan 27 06:54:53 UTC 2020 /home/travis/build/icyphy/ptII/ptolemy/actor/lib/test/auto/LevinsonDurbin.xml
----------------- Instantiating /home/travis/build/icyphy/ptII/ptolemy/actor/lib/test/auto/LevinsonDurbin.xml
9 ms. Memory: 555008K Free: 304823K (55%)
----------------- Invoking toplevel() on ptolemy.moml.MoMLSimpleApplication@38883fcc
----------------- Done invoking toplevel() on ptolemy.moml.MoMLSimpleApplication@38883fcc
reloadAllAccessors: .LevinsonDurbin

===========================================================================================
----------------- testing Mon Jan 27 06:54:53 UTC 2020 /home/travis/build/icyphy/ptII/ptolemy/actor/lib/test/auto/LevinsonDurbin2.xml
----------------- Instantiating /home/travis/build/icyphy/ptII/ptolemy/actor/lib/test/auto/LevinsonDurbin2.xml
2 ms. Memory: 555008K Free: 300727K (54%)
----------------- Invoking toplevel() on ptolemy.moml.MoMLSimpleApplication@1fd1272d
----------------- Done invoking toplevel() on ptolemy.moml.MoMLSimpleApplication@1fd1272d
reloadAllAccessors: .LevinsonDurbin2

===========================================================================================
----------------- testing Mon Jan 27 06:54:53 UTC 2020 /home/travis/build/icyphy/ptII/ptolemy/actor/lib/test/auto/LevinsonDurbin3.xml
----------------- Instantiating /home/travis/build/icyphy/ptII/ptolemy/actor/lib/test/auto/LevinsonDurbin3.xml
1 ms. Memory: 555008K Free: 296631K (53%)
----------------- Invoking toplevel() on ptolemy.moml.MoMLSimpleApplication@5fa02478
----------------- Done invoking toplevel() on ptolemy.moml.MoMLSimpleApplication@5fa02478
reloadAllAccessors: .LevinsonDurbin3

===========================================================================================
----------------- testing Mon Jan 27 06:54:53 UTC 2020 /home/travis/build/icyphy/ptII/ptolemy/actor/lib/test/auto/Limiter.xml
----------------- Instantiating /home/travis/build/icyphy/ptII/ptolemy/actor/lib/test/auto/Limiter.xml
10 ms. Memory: 555008K Free: 287415K (52%)
----------------- Invoking toplevel() on ptolemy.moml.MoMLSimpleApplication@73163c8
----------------- Done invoking toplevel() on ptolemy.moml.MoMLSimpleApplication@73163c8
reloadAllAccessors: .Limiter

===========================================================================================
----------------- testing Mon Jan 27 06:54:53 UTC 2020 /home/travis/build/icyphy/ptII/ptolemy/actor/lib/test/auto/LinearDifferenceEquationSystem.xml
----------------- Instantiating /home/travis/build/icyphy/ptII/ptolemy/actor/lib/test/auto/LinearDifferenceEquationSystem.xml
3 ms. Memory: 555008K Free: 280247K (50%)
----------------- Invoking toplevel() on ptolemy.moml.MoMLSimpleApplication@673e30c8
----------------- Done invoking toplevel() on ptolemy.moml.MoMLSimpleApplication@673e30c8
reloadAllAccessors: .LinearDifferenceEquationSystem

===========================================================================================
----------------- testing Mon Jan 27 06:54:53 UTC 2020 /home/travis/build/icyphy/ptII/ptolemy/actor/lib/test/auto/LookupTable.xml
----------------- Instantiating /home/travis/build/icyphy/ptII/ptolemy/actor/lib/test/auto/LookupTable.xml
1 ms. Memory: 555008K Free: 275637K (50%)
----------------- Invoking toplevel() on ptolemy.moml.MoMLSimpleApplication@36af67e3
----------------- Done invoking toplevel() on ptolemy.moml.MoMLSimpleApplication@36af67e3
reloadAllAccessors: .LookupTable

===========================================================================================
----------------- testing Mon Jan 27 06:54:53 UTC 2020 /home/travis/build/icyphy/ptII/ptolemy/actor/lib/test/auto/MathFunction.xml
----------------- Instantiating /home/travis/build/icyphy/ptII/ptolemy/actor/lib/test/auto/MathFunction.xml
2 ms. Memory: 555008K Free: 267445K (48%)
----------------- Invoking toplevel() on ptolemy.moml.MoMLSimpleApplication@2c3763da
----------------- Done invoking toplevel() on ptolemy.moml.MoMLSimpleApplication@2c3763da
reloadAllAccessors: .MathFunction

===========================================================================================
----------------- testing Mon Jan 27 06:54:53 UTC 2020 /home/travis/build/icyphy/ptII/ptolemy/actor/lib/test/auto/MathFunction2.xml
----------------- Instantiating /home/travis/build/icyphy/ptII/ptolemy/actor/lib/test/auto/MathFunction2.xml
3 ms. Memory: 555008K Free: 263349K (47%)
----------------- Invoking toplevel() on ptolemy.moml.MoMLSimpleApplication@7b7bfb50
----------------- Done invoking toplevel() on ptolemy.moml.MoMLSimpleApplication@7b7bfb50
reloadAllAccessors: .MathFunction2

===========================================================================================
----------------- testing Mon Jan 27 06:54:53 UTC 2020 /home/travis/build/icyphy/ptII/ptolemy/actor/lib/test/auto/MathFunction3.xml
----------------- Instantiating /home/travis/build/icyphy/ptII/ptolemy/actor/lib/test/auto/MathFunction3.xml
2 ms. Memory: 555008K Free: 256695K (46%)
----------------- Invoking toplevel() on ptolemy.moml.MoMLSimpleApplication@73a7253b
----------------- Done invoking toplevel() on ptolemy.moml.MoMLSimpleApplication@73a7253b
reloadAllAccessors: .MathFunction3

===========================================================================================
----------------- testing Mon Jan 27 06:54:53 UTC 2020 /home/travis/build/icyphy/ptII/ptolemy/actor/lib/test/auto/MatrixCropBoolean.xml
----------------- Instantiating /home/travis/build/icyphy/ptII/ptolemy/actor/lib/test/auto/MatrixCropBoolean.xml
1 ms. Memory: 555008K Free: 251575K (45%)
----------------- Invoking toplevel() on ptolemy.moml.MoMLSimpleApplication@4b602ce9
----------------- Done invoking toplevel() on ptolemy.moml.MoMLSimpleApplication@4b602ce9
reloadAllAccessors: .MatrixCropBoolean

===========================================================================================
----------------- testing Mon Jan 27 06:54:53 UTC 2020 /home/travis/build/icyphy/ptII/ptolemy/actor/lib/test/auto/MatrixCropComplex.xml
----------------- Instantiating /home/travis/build/icyphy/ptII/ptolemy/actor/lib/test/auto/MatrixCropComplex.xml
2 ms. Memory: 555008K Free: 246935K (44%)
----------------- Invoking toplevel() on ptolemy.moml.MoMLSimpleApplication@789670fd
----------------- Done invoking toplevel() on ptolemy.moml.MoMLSimpleApplication@789670fd
reloadAllAccessors: .MatrixCropComplex

===========================================================================================
----------------- testing Mon Jan 27 06:54:53 UTC 2020 /home/travis/build/icyphy/ptII/ptolemy/actor/lib/test/auto/MatrixCropDouble.xml
----------------- Instantiating /home/travis/build/icyphy/ptII/ptolemy/actor/lib/test/auto/MatrixCropDouble.xml
1 ms. Memory: 555008K Free: 241831K (44%)
----------------- Invoking toplevel() on ptolemy.moml.MoMLSimpleApplication@19bf768b
----------------- Done invoking toplevel() on ptolemy.moml.MoMLSimpleApplication@19bf768b
reloadAllAccessors: .MatrixCropDouble

===========================================================================================
----------------- testing Mon Jan 27 06:54:53 UTC 2020 /home/travis/build/icyphy/ptII/ptolemy/actor/lib/test/auto/MatrixCropFix.xml
----------------- Instantiating /home/travis/build/icyphy/ptII/ptolemy/actor/lib/test/auto/MatrixCropFix.xml
1 ms. Memory: 555008K Free: 236695K (43%)
----------------- Invoking toplevel() on ptolemy.moml.MoMLSimpleApplication@58df4dcf
----------------- Done invoking toplevel() on ptolemy.moml.MoMLSimpleApplication@58df4dcf
reloadAllAccessors: .MatrixCropFix

===========================================================================================
----------------- testing Mon Jan 27 06:54:53 UTC 2020 /home/travis/build/icyphy/ptII/ptolemy/actor/lib/test/auto/MatrixCropInt.xml
----------------- Instantiating /home/travis/build/icyphy/ptII/ptolemy/actor/lib/test/auto/MatrixCropInt.xml
3 ms. Memory: 555008K Free: 231575K (42%)
----------------- Invoking toplevel() on ptolemy.moml.MoMLSimpleApplication@3a4f244f
----------------- Done invoking toplevel() on ptolemy.moml.MoMLSimpleApplication@3a4f244f
reloadAllAccessors: .MatrixCropInt

===========================================================================================
----------------- testing Mon Jan 27 06:54:53 UTC 2020 /home/travis/build/icyphy/ptII/ptolemy/actor/lib/test/auto/MatrixCropLong.xml
----------------- Instantiating /home/travis/build/icyphy/ptII/ptolemy/actor/lib/test/auto/MatrixCropLong.xml
2 ms. Memory: 555008K Free: 226455K (41%)
----------------- Invoking toplevel() on ptolemy.moml.MoMLSimpleApplication@1cb91115
----------------- Done invoking toplevel() on ptolemy.moml.MoMLSimpleApplication@1cb91115
reloadAllAccessors: .MatrixCropLong

===========================================================================================
----------------- testing Mon Jan 27 06:54:53 UTC 2020 /home/travis/build/icyphy/ptII/ptolemy/actor/lib/test/auto/MatrixToArray.xml
----------------- Instantiating /home/travis/build/icyphy/ptII/ptolemy/actor/lib/test/auto/MatrixToArray.xml
14 ms. Memory: 555008K Free: 211639K (38%)
----------------- Invoking toplevel() on ptolemy.moml.MoMLSimpleApplication@167167c2
----------------- Done invoking toplevel() on ptolemy.moml.MoMLSimpleApplication@167167c2
reloadAllAccessors: .MatrixToArray

===========================================================================================
----------------- testing Mon Jan 27 06:54:53 UTC 2020 /home/travis/build/icyphy/ptII/ptolemy/actor/lib/test/auto/MaxIndex.xml
----------------- Instantiating /home/travis/build/icyphy/ptII/ptolemy/actor/lib/test/auto/MaxIndex.xml
2 ms. Memory: 555008K Free: 206519K (37%)
----------------- Invoking toplevel() on ptolemy.moml.MoMLSimpleApplication@17d5be2f
----------------- Done invoking toplevel() on ptolemy.moml.MoMLSimpleApplication@17d5be2f
reloadAllAccessors: .MaxIndex

===========================================================================================
----------------- testing Mon Jan 27 06:54:53 UTC 2020 /home/travis/build/icyphy/ptII/ptolemy/actor/lib/test/auto/Maximum.xml
----------------- Instantiating /home/travis/build/icyphy/ptII/ptolemy/actor/lib/test/auto/Maximum.xml
3 ms. Memory: 555008K Free: 199831K (36%)
----------------- Invoking toplevel() on ptolemy.moml.MoMLSimpleApplication@393affdd
----------------- Done invoking toplevel() on ptolemy.moml.MoMLSimpleApplication@393affdd
reloadAllAccessors: .Maximum

===========================================================================================
----------------- testing Mon Jan 27 06:54:53 UTC 2020 /home/travis/build/icyphy/ptII/ptolemy/actor/lib/test/auto/MaximumComplex.xml
----------------- Instantiating /home/travis/build/icyphy/ptII/ptolemy/actor/lib/test/auto/MaximumComplex.xml
3 ms. Memory: 555008K Free: 193703K (35%)
----------------- Invoking toplevel() on ptolemy.moml.MoMLSimpleApplication@997e95f
----------------- Done invoking toplevel() on ptolemy.moml.MoMLSimpleApplication@997e95f
reloadAllAccessors: .MaximumComplex

===========================================================================================
----------------- testing Mon Jan 27 06:54:53 UTC 2020 /home/travis/build/icyphy/ptII/ptolemy/actor/lib/test/auto/MethodCallTest.xml
----------------- Instantiating /home/travis/build/icyphy/ptII/ptolemy/actor/lib/test/auto/MethodCallTest.xml
2 ms. Memory: 555008K Free: 187063K (34%)
----------------- Invoking toplevel() on ptolemy.moml.MoMLSimpleApplication@8f25738
----------------- Done invoking toplevel() on ptolemy.moml.MoMLSimpleApplication@8f25738
reloadAllAccessors: .MethodCallTest

===========================================================================================
----------------- testing Mon Jan 27 06:54:53 UTC 2020 /home/travis/build/icyphy/ptII/ptolemy/actor/lib/test/auto/Minimum.xml
----------------- Instantiating /home/travis/build/icyphy/ptII/ptolemy/actor/lib/test/auto/Minimum.xml
3 ms. Memory: 555008K Free: 180919K (33%)
----------------- Invoking toplevel() on ptolemy.moml.MoMLSimpleApplication@d25bed7
----------------- Done invoking toplevel() on ptolemy.moml.MoMLSimpleApplication@d25bed7
reloadAllAccessors: .Minimum

===========================================================================================
----------------- testing Mon Jan 27 06:54:53 UTC 2020 /home/travis/build/icyphy/ptII/ptolemy/actor/lib/test/auto/MinimumComplex.xml
----------------- Instantiating /home/travis/build/icyphy/ptII/ptolemy/actor/lib/test/auto/MinimumComplex.xml
3 ms. Memory: 555008K Free: 503194K (91%)
----------------- Invoking toplevel() on ptolemy.moml.MoMLSimpleApplication@2c2e25e2
----------------- Done invoking toplevel() on ptolemy.moml.MoMLSimpleApplication@2c2e25e2
reloadAllAccessors: .MinimumComplex

===========================================================================================
----------------- testing Mon Jan 27 06:54:53 UTC 2020 /home/travis/build/icyphy/ptII/ptolemy/actor/lib/test/auto/MinimumMultiports.xml
----------------- Instantiating /home/travis/build/icyphy/ptII/ptolemy/actor/lib/test/auto/MinimumMultiports.xml
3 ms. Memory: 555008K Free: 494474K (89%)
----------------- Invoking toplevel() on ptolemy.moml.MoMLSimpleApplication@e045555
----------------- Done invoking toplevel() on ptolemy.moml.MoMLSimpleApplication@e045555
reloadAllAccessors: .MinimumMultiports

===========================================================================================
----------------- testing Mon Jan 27 06:54:53 UTC 2020 /home/travis/build/icyphy/ptII/ptolemy/actor/lib/test/auto/ModifyDate.xml
----------------- Instantiating /home/travis/build/icyphy/ptII/ptolemy/actor/lib/test/auto/ModifyDate.xml
9 ms. Memory: 555008K Free: 481690K (87%)
----------------- Invoking toplevel() on ptolemy.moml.MoMLSimpleApplication@7b78135e
----------------- Done invoking toplevel() on ptolemy.moml.MoMLSimpleApplication@7b78135e
reloadAllAccessors: .ModifyDate

===========================================================================================
----------------- testing Mon Jan 27 06:54:54 UTC 2020 /home/travis/build/icyphy/ptII/ptolemy/actor/lib/test/auto/ModifyDate2.xml
----------------- Instantiating /home/travis/build/icyphy/ptII/ptolemy/actor/lib/test/auto/ModifyDate2.xml
5 ms. Memory: 555008K Free: 472984K (85%)
----------------- Invoking toplevel() on ptolemy.moml.MoMLSimpleApplication@29188aa6
----------------- Done invoking toplevel() on ptolemy.moml.MoMLSimpleApplication@29188aa6
reloadAllAccessors: .ModifyDate2

===========================================================================================
----------------- testing Mon Jan 27 06:54:54 UTC 2020 /home/travis/build/icyphy/ptII/ptolemy/actor/lib/test/auto/MovingAverage.xml
----------------- Instantiating /home/travis/build/icyphy/ptII/ptolemy/actor/lib/test/auto/MovingAverage.xml
2 ms. Memory: 555008K Free: 467864K (84%)
----------------- Invoking toplevel() on ptolemy.moml.MoMLSimpleApplication@25524955
----------------- Done invoking toplevel() on ptolemy.moml.MoMLSimpleApplication@25524955
reloadAllAccessors: .MovingAverage

===========================================================================================
----------------- testing Mon Jan 27 06:54:54 UTC 2020 /home/travis/build/icyphy/ptII/ptolemy/actor/lib/test/auto/MovingMaximum.xml
----------------- Instantiating /home/travis/build/icyphy/ptII/ptolemy/actor/lib/test/auto/MovingMaximum.xml
1 ms. Memory: 555008K Free: 463258K (83%)
----------------- Invoking toplevel() on ptolemy.moml.MoMLSimpleApplication@275a11c3
----------------- Done invoking toplevel() on ptolemy.moml.MoMLSimpleApplication@275a11c3
reloadAllAccessors: .MovingMaximum

===========================================================================================
----------------- testing Mon Jan 27 06:54:54 UTC 2020 /home/travis/build/icyphy/ptII/ptolemy/actor/lib/test/auto/MultipleLinksToSameRelation.xml
----------------- Instantiating /home/travis/build/icyphy/ptII/ptolemy/actor/lib/test/auto/MultipleLinksToSameRelation.xml
2 ms. Memory: 555008K Free: 459162K (83%)
----------------- Invoking toplevel() on ptolemy.moml.MoMLSimpleApplication@6f2d52c8
----------------- Done invoking toplevel() on ptolemy.moml.MoMLSimpleApplication@6f2d52c8
reloadAllAccessors: .MultipleLinksToSameRelation

===========================================================================================
----------------- testing Mon Jan 27 06:54:54 UTC 2020 /home/travis/build/icyphy/ptII/ptolemy/actor/lib/test/auto/MultipleLinksToSameRelationDE.xml
----------------- Instantiating /home/travis/build/icyphy/ptII/ptolemy/actor/lib/test/auto/MultipleLinksToSameRelationDE.xml
1 ms. Memory: 555008K Free: 454522K (82%)
----------------- Invoking toplevel() on ptolemy.moml.MoMLSimpleApplication@7d076e50
----------------- Done invoking toplevel() on ptolemy.moml.MoMLSimpleApplication@7d076e50
reloadAllAccessors: .MultipleLinksToSameRelationDE

===========================================================================================
----------------- testing Mon Jan 27 06:54:54 UTC 2020 /home/travis/build/icyphy/ptII/ptolemy/actor/lib/test/auto/Multiplexor.xml
----------------- Instantiating /home/travis/build/icyphy/ptII/ptolemy/actor/lib/test/auto/Multiplexor.xml
2 ms. Memory: 555008K Free: 448408K (81%)
----------------- Invoking toplevel() on ptolemy.moml.MoMLSimpleApplication@230bec4b
----------------- Done invoking toplevel() on ptolemy.moml.MoMLSimpleApplication@230bec4b
reloadAllAccessors: .Multiplexor

===========================================================================================
----------------- testing Mon Jan 27 06:54:54 UTC 2020 /home/travis/build/icyphy/ptII/ptolemy/actor/lib/test/auto/Multiplexor1.xml
----------------- Instantiating /home/travis/build/icyphy/ptII/ptolemy/actor/lib/test/auto/Multiplexor1.xml
1 ms. Memory: 555008K Free: 442778K (80%)
----------------- Invoking toplevel() on ptolemy.moml.MoMLSimpleApplication@2c5fb2c3
----------------- Done invoking toplevel() on ptolemy.moml.MoMLSimpleApplication@2c5fb2c3
reloadAllAccessors: .Multiplexor1

===========================================================================================
----------------- testing Mon Jan 27 06:54:54 UTC 2020 /home/travis/build/icyphy/ptII/ptolemy/actor/lib/test/auto/Multiplexor2.xml
----------------- Instantiating /home/travis/build/icyphy/ptII/ptolemy/actor/lib/test/auto/Multiplexor2.xml
3 ms. Memory: 555008K Free: 436120K (79%)
----------------- Invoking toplevel() on ptolemy.moml.MoMLSimpleApplication@547cfac5
----------------- Done invoking toplevel() on ptolemy.moml.MoMLSimpleApplication@547cfac5
reloadAllAccessors: .Multiplexor2

===========================================================================================
----------------- testing Mon Jan 27 06:54:54 UTC 2020 /home/travis/build/icyphy/ptII/ptolemy/actor/lib/test/auto/Multiplexor3.xml
----------------- Instantiating /home/travis/build/icyphy/ptII/ptolemy/actor/lib/test/auto/Multiplexor3.xml
2 ms. Memory: 555008K Free: 432024K (78%)
----------------- Invoking toplevel() on ptolemy.moml.MoMLSimpleApplication@795ad377
----------------- Done invoking toplevel() on ptolemy.moml.MoMLSimpleApplication@795ad377
reloadAllAccessors: .Multiplexor3

===========================================================================================
----------------- testing Mon Jan 27 06:54:54 UTC 2020 /home/travis/build/icyphy/ptII/ptolemy/actor/lib/test/auto/MultiplexorDE.xml
----------------- Instantiating /home/travis/build/icyphy/ptII/ptolemy/actor/lib/test/auto/MultiplexorDE.xml
2 ms. Memory: 555008K Free: 424346K (76%)
----------------- Invoking toplevel() on ptolemy.moml.MoMLSimpleApplication@376d466d
----------------- Done invoking toplevel() on ptolemy.moml.MoMLSimpleApplication@376d466d
reloadAllAccessors: .MultiplexorDE

===========================================================================================
----------------- testing Mon Jan 27 06:54:54 UTC 2020 /home/travis/build/icyphy/ptII/ptolemy/actor/lib/test/auto/MultiportBroadcastTest.xml
----------------- Instantiating /home/travis/build/icyphy/ptII/ptolemy/actor/lib/test/auto/MultiportBroadcastTest.xml
93 ms. Memory: 555008K Free: 418202K (75%)
----------------- Invoking toplevel() on ptolemy.moml.MoMLSimpleApplication@8ddd04e
----------------- Done invoking toplevel() on ptolemy.moml.MoMLSimpleApplication@8ddd04e
reloadAllAccessors: .MultiportBroadcastTest

===========================================================================================
----------------- testing Mon Jan 27 06:54:54 UTC 2020 /home/travis/build/icyphy/ptII/ptolemy/actor/lib/test/auto/MultiportOutHangDuringGetWidth.xml
----------------- Instantiating /home/travis/build/icyphy/ptII/ptolemy/actor/lib/test/auto/MultiportOutHangDuringGetWidth.xml
5 ms. Memory: 555008K Free: 405914K (73%)
----------------- Invoking toplevel() on ptolemy.moml.MoMLSimpleApplication@4b8f9adf
----------------- Done invoking toplevel() on ptolemy.moml.MoMLSimpleApplication@4b8f9adf
reloadAllAccessors: .MultiportOutHangDuringGetWidth

===========================================================================================
----------------- testing Mon Jan 27 06:54:54 UTC 2020 /home/travis/build/icyphy/ptII/ptolemy/actor/lib/test/auto/NilToken.xml
----------------- Instantiating /home/travis/build/icyphy/ptII/ptolemy/actor/lib/test/auto/NilToken.xml
1 ms. Memory: 555008K Free: 401818K (72%)
----------------- Invoking toplevel() on ptolemy.moml.MoMLSimpleApplication@6a7e30f
----------------- Done invoking toplevel() on ptolemy.moml.MoMLSimpleApplication@6a7e30f
reloadAllAccessors: .NilToken

===========================================================================================
----------------- testing Mon Jan 27 06:54:54 UTC 2020 /home/travis/build/icyphy/ptII/ptolemy/actor/lib/test/auto/NilTokenNonStrictTest.xml
----------------- Instantiating /home/travis/build/icyphy/ptII/ptolemy/actor/lib/test/auto/NilTokenNonStrictTest.xml
1 ms. Memory: 555008K Free: 397208K (72%)
----------------- Invoking toplevel() on ptolemy.moml.MoMLSimpleApplication@64d4c050
----------------- Done invoking toplevel() on ptolemy.moml.MoMLSimpleApplication@64d4c050
reloadAllAccessors: .NilTokenNonStrictTest

===========================================================================================
----------------- testing Mon Jan 27 06:54:54 UTC 2020 /home/travis/build/icyphy/ptII/ptolemy/actor/lib/test/auto/NilTokenRecord.xml
----------------- Instantiating /home/travis/build/icyphy/ptII/ptolemy/actor/lib/test/auto/NilTokenRecord.xml
5 ms. Memory: 555008K Free: 390554K (70%)
----------------- Invoking toplevel() on ptolemy.moml.MoMLSimpleApplication@7cdff3e9
----------------- Done invoking toplevel() on ptolemy.moml.MoMLSimpleApplication@7cdff3e9
reloadAllAccessors: .NilTokenRecord

===========================================================================================
----------------- testing Mon Jan 27 06:54:54 UTC 2020 /home/travis/build/icyphy/ptII/ptolemy/actor/lib/test/auto/NilTokenTypeTest.xml
----------------- Instantiating /home/travis/build/icyphy/ptII/ptolemy/actor/lib/test/auto/NilTokenTypeTest.xml
10 ms. Memory: 555008K Free: 380824K (69%)
----------------- Invoking toplevel() on ptolemy.moml.MoMLSimpleApplication@5ccbe577
----------------- Done invoking toplevel() on ptolemy.moml.MoMLSimpleApplication@5ccbe577
reloadAllAccessors: .NilTokenTypeTest

===========================================================================================
----------------- testing Mon Jan 27 06:54:54 UTC 2020 /home/travis/build/icyphy/ptII/ptolemy/actor/lib/test/auto/ObjectToken1.xml
----------------- Instantiating /home/travis/build/icyphy/ptII/ptolemy/actor/lib/test/auto/ObjectToken1.xml
6 ms. Memory: 555008K Free: 376728K (68%)
----------------- Invoking toplevel() on ptolemy.moml.MoMLSimpleApplication@3e6c6d03
----------------- Done invoking toplevel() on ptolemy.moml.MoMLSimpleApplication@3e6c6d03
reloadAllAccessors: .ObjectToken1

===========================================================================================
----------------- testing Mon Jan 27 06:54:54 UTC 2020 /home/travis/build/icyphy/ptII/ptolemy/actor/lib/test/auto/OrderedMerge.xml
----------------- Instantiating /home/travis/build/icyphy/ptII/ptolemy/actor/lib/test/auto/OrderedMerge.xml
8 ms. Memory: 555008K Free: 371098K (67%)
----------------- Invoking toplevel() on ptolemy.moml.MoMLSimpleApplication@4d3b1daa
----------------- Done invoking toplevel() on ptolemy.moml.MoMLSimpleApplication@4d3b1daa
reloadAllAccessors: .OrderedMerge

===========================================================================================
----------------- testing Mon Jan 27 06:54:54 UTC 2020 /home/travis/build/icyphy/ptII/ptolemy/actor/lib/test/auto/OrderedRecordDisassembler.xml
----------------- Instantiating /home/travis/build/icyphy/ptII/ptolemy/actor/lib/test/auto/OrderedRecordDisassembler.xml
3 ms. Memory: 555008K Free: 365978K (66%)
----------------- Invoking toplevel() on ptolemy.moml.MoMLSimpleApplication@2b38bd26
----------------- Done invoking toplevel() on ptolemy.moml.MoMLSimpleApplication@2b38bd26
reloadAllAccessors: .OrderedRecordDisassembler

===========================================================================================
----------------- testing Mon Jan 27 06:54:54 UTC 2020 /home/travis/build/icyphy/ptII/ptolemy/actor/lib/test/auto/OrderedRecordDisassembler2.xml
----------------- Instantiating /home/travis/build/icyphy/ptII/ptolemy/actor/lib/test/auto/OrderedRecordDisassembler2.xml
4 ms. Memory: 555008K Free: 358282K (65%)
----------------- Invoking toplevel() on ptolemy.moml.MoMLSimpleApplication@4bfd04c7
----------------- Done invoking toplevel() on ptolemy.moml.MoMLSimpleApplication@4bfd04c7
reloadAllAccessors: .OrderedRecordDisassembler2

===========================================================================================
----------------- testing Mon Jan 27 06:54:54 UTC 2020 /home/travis/build/icyphy/ptII/ptolemy/actor/lib/test/auto/OrderedRecordUpdater.xml
----------------- Instantiating /home/travis/build/icyphy/ptII/ptolemy/actor/lib/test/auto/OrderedRecordUpdater.xml
2 ms. Memory: 555008K Free: 353690K (64%)
----------------- Invoking toplevel() on ptolemy.moml.MoMLSimpleApplication@4ea9153b
----------------- Done invoking toplevel() on ptolemy.moml.MoMLSimpleApplication@4ea9153b
reloadAllAccessors: .RecordUpdater

===========================================================================================
----------------- testing Mon Jan 27 06:54:54 UTC 2020 /home/travis/build/icyphy/ptII/ptolemy/actor/lib/test/auto/OrderedRecordUpdater2.xml
----------------- Instantiating /home/travis/build/icyphy/ptII/ptolemy/actor/lib/test/auto/OrderedRecordUpdater2.xml
2 ms. Memory: 555008K Free: 348570K (63%)
----------------- Invoking toplevel() on ptolemy.moml.MoMLSimpleApplication@6cc71750
----------------- Done invoking toplevel() on ptolemy.moml.MoMLSimpleApplication@6cc71750
reloadAllAccessors: .RecordUpdater2

===========================================================================================
----------------- testing Mon Jan 27 06:54:54 UTC 2020 /home/travis/build/icyphy/ptII/ptolemy/actor/lib/test/auto/PhaseUnwrap.xml
----------------- Instantiating /home/travis/build/icyphy/ptII/ptolemy/actor/lib/test/auto/PhaseUnwrap.xml
1 ms. Memory: 555008K Free: 343960K (62%)
----------------- Invoking toplevel() on ptolemy.moml.MoMLSimpleApplication@8f3d3d7
----------------- Done invoking toplevel() on ptolemy.moml.MoMLSimpleApplication@8f3d3d7
reloadAllAccessors: .PhaseUnwrap

===========================================================================================
----------------- testing Mon Jan 27 06:54:54 UTC 2020 /home/travis/build/icyphy/ptII/ptolemy/actor/lib/test/auto/PoissonClock.xml
----------------- Instantiating /home/travis/build/icyphy/ptII/ptolemy/actor/lib/test/auto/PoissonClock.xml
1 ms. Memory: 555008K Free: 339864K (61%)
----------------- Invoking toplevel() on ptolemy.moml.MoMLSimpleApplication@51870fd3
----------------- Done invoking toplevel() on ptolemy.moml.MoMLSimpleApplication@51870fd3
reloadAllAccessors: .PoissonClock

===========================================================================================
----------------- testing Mon Jan 27 06:54:54 UTC 2020 /home/travis/build/icyphy/ptII/ptolemy/actor/lib/test/auto/PoissonClock2.xml
----------------- Instantiating /home/travis/build/icyphy/ptII/ptolemy/actor/lib/test/auto/PoissonClock2.xml
1 ms. Memory: 555008K Free: 335258K (60%)
----------------- Invoking toplevel() on ptolemy.moml.MoMLSimpleApplication@dbb764a
----------------- Done invoking toplevel() on ptolemy.moml.MoMLSimpleApplication@dbb764a
reloadAllAccessors: .PoissonClock2

===========================================================================================
----------------- testing Mon Jan 27 06:54:54 UTC 2020 /home/travis/build/icyphy/ptII/ptolemy/actor/lib/test/auto/PoissonClock3.xml
----------------- Instantiating /home/travis/build/icyphy/ptII/ptolemy/actor/lib/test/auto/PoissonClock3.xml
1 ms. Memory: 555008K Free: 330648K (60%)
----------------- Invoking toplevel() on ptolemy.moml.MoMLSimpleApplication@1c6c0abe
----------------- Done invoking toplevel() on ptolemy.moml.MoMLSimpleApplication@1c6c0abe
reloadAllAccessors: .PoissonClock3

===========================================================================================
----------------- testing Mon Jan 27 06:54:54 UTC 2020 /home/travis/build/icyphy/ptII/ptolemy/actor/lib/test/auto/PubSubWithInitialTokens.xml
----------------- Instantiating /home/travis/build/icyphy/ptII/ptolemy/actor/lib/test/auto/PubSubWithInitialTokens.xml
2 ms. Memory: 555008K Free: 325018K (59%)
----------------- Invoking toplevel() on ptolemy.moml.MoMLSimpleApplication@2d0d02fc
----------------- Done invoking toplevel() on ptolemy.moml.MoMLSimpleApplication@2d0d02fc
reloadAllAccessors: .PubSubWithInitialTokens

===========================================================================================
----------------- testing Mon Jan 27 06:54:54 UTC 2020 /home/travis/build/icyphy/ptII/ptolemy/actor/lib/test/auto/PubSubWithInitialTokens2.xml
----------------- Instantiating /home/travis/build/icyphy/ptII/ptolemy/actor/lib/test/auto/PubSubWithInitialTokens2.xml
2 ms. Memory: 555008K Free: 318874K (57%)
----------------- Invoking toplevel() on ptolemy.moml.MoMLSimpleApplication@2eb5b445
----------------- Done invoking toplevel() on ptolemy.moml.MoMLSimpleApplication@2eb5b445
reloadAllAccessors: .PubSubWithInitialTokens2

===========================================================================================
----------------- testing Mon Jan 27 06:54:54 UTC 2020 /home/travis/build/icyphy/ptII/ptolemy/actor/lib/test/auto/PublisherClassNoParameter.xml
----------------- Instantiating /home/travis/build/icyphy/ptII/ptolemy/actor/lib/test/auto/PublisherClassNoParameter.xml
2 ms. Memory: 555008K Free: 309144K (56%)
----------------- Invoking toplevel() on ptolemy.moml.MoMLSimpleApplication@5ae3442c
----------------- Done invoking toplevel() on ptolemy.moml.MoMLSimpleApplication@5ae3442c
reloadAllAccessors: .PublisherClassNoParameter

===========================================================================================
----------------- testing Mon Jan 27 06:54:54 UTC 2020 /home/travis/build/icyphy/ptII/ptolemy/actor/lib/test/auto/PublisherClassParameter.xml
----------------- Instantiating /home/travis/build/icyphy/ptII/ptolemy/actor/lib/test/auto/PublisherClassParameter.xml
2 ms. Memory: 555008K Free: 298394K (54%)
----------------- Invoking toplevel() on ptolemy.moml.MoMLSimpleApplication@23027e63
----------------- Done invoking toplevel() on ptolemy.moml.MoMLSimpleApplication@23027e63
reloadAllAccessors: .PublisherClassParameter

===========================================================================================
----------------- testing Mon Jan 27 06:54:54 UTC 2020 /home/travis/build/icyphy/ptII/ptolemy/actor/lib/test/auto/PublisherNonStrictTest.xml
----------------- Instantiating /home/travis/build/icyphy/ptII/ptolemy/actor/lib/test/auto/PublisherNonStrictTest.xml
3 ms. Memory: 555008K Free: 290202K (52%)
----------------- Invoking toplevel() on ptolemy.moml.MoMLSimpleApplication@80394cc
----------------- Done invoking toplevel() on ptolemy.moml.MoMLSimpleApplication@80394cc
reloadAllAccessors: .PublisherNonStrictTest

===========================================================================================
----------------- testing Mon Jan 27 06:54:54 UTC 2020 /home/travis/build/icyphy/ptII/ptolemy/actor/lib/test/auto/PublisherPort1.xml
----------------- Instantiating /home/travis/build/icyphy/ptII/ptolemy/actor/lib/test/auto/PublisherPort1.xml
11 ms. Memory: 555008K Free: 284554K (51%)
----------------- Invoking toplevel() on ptolemy.moml.MoMLSimpleApplication@3d06ed51
----------------- Done invoking toplevel() on ptolemy.moml.MoMLSimpleApplication@3d06ed51
reloadAllAccessors: .PublisherPort1

===========================================================================================
----------------- testing Mon Jan 27 06:54:54 UTC 2020 /home/travis/build/icyphy/ptII/ptolemy/actor/lib/test/auto/PublisherPort2.xml
----------------- Instantiating /home/travis/build/icyphy/ptII/ptolemy/actor/lib/test/auto/PublisherPort2.xml
2 ms. Memory: 555008K Free: 279448K (50%)
----------------- Invoking toplevel() on ptolemy.moml.MoMLSimpleApplication@1e4a313d
----------------- Done invoking toplevel() on ptolemy.moml.MoMLSimpleApplication@1e4a313d
reloadAllAccessors: .PublisherPort2

===========================================================================================
----------------- testing Mon Jan 27 06:54:54 UTC 2020 /home/travis/build/icyphy/ptII/ptolemy/actor/lib/test/auto/PublisherPort3.xml
----------------- Instantiating /home/travis/build/icyphy/ptII/ptolemy/actor/lib/test/auto/PublisherPort3.xml
3 ms. Memory: 555008K Free: 272794K (49%)
----------------- Invoking toplevel() on ptolemy.moml.MoMLSimpleApplication@698b1492
----------------- Done invoking toplevel() on ptolemy.moml.MoMLSimpleApplication@698b1492
reloadAllAccessors: .PublisherPort3

===========================================================================================
----------------- testing Mon Jan 27 06:54:54 UTC 2020 /home/travis/build/icyphy/ptII/ptolemy/actor/lib/test/auto/PublisherPort4.xml
----------------- Instantiating /home/travis/build/icyphy/ptII/ptolemy/actor/lib/test/auto/PublisherPort4.xml
2 ms. Memory: 555008K Free: 267146K (48%)
----------------- Invoking toplevel() on ptolemy.moml.MoMLSimpleApplication@60a47a6c
----------------- Done invoking toplevel() on ptolemy.moml.MoMLSimpleApplication@60a47a6c
reloadAllAccessors: .PublisherPort4

===========================================================================================
----------------- testing Mon Jan 27 06:54:54 UTC 2020 /home/travis/build/icyphy/ptII/ptolemy/actor/lib/test/auto/PublisherPort5.xml
----------------- Instantiating /home/travis/build/icyphy/ptII/ptolemy/actor/lib/test/auto/PublisherPort5.xml
3 ms. Memory: 555008K Free: 259482K (47%)
----------------- Invoking toplevel() on ptolemy.moml.MoMLSimpleApplication@57ad5fb4
----------------- Done invoking toplevel() on ptolemy.moml.MoMLSimpleApplication@57ad5fb4
reloadAllAccessors: .PublisherPort5

===========================================================================================
----------------- testing Mon Jan 27 06:54:54 UTC 2020 /home/travis/build/icyphy/ptII/ptolemy/actor/lib/test/auto/PublisherPort5LookAlike.xml
----------------- Instantiating /home/travis/build/icyphy/ptII/ptolemy/actor/lib/test/auto/PublisherPort5LookAlike.xml
8 ms. Memory: 555008K Free: 251800K (45%)
----------------- Invoking toplevel() on ptolemy.moml.MoMLSimpleApplication@4c817f76
----------------- Done invoking toplevel() on ptolemy.moml.MoMLSimpleApplication@4c817f76
reloadAllAccessors: .PublisherPort5LookAlike

===========================================================================================
----------------- testing Mon Jan 27 06:54:54 UTC 2020 /home/travis/build/icyphy/ptII/ptolemy/actor/lib/test/auto/PublisherPort6.xml
----------------- Instantiating /home/travis/build/icyphy/ptII/ptolemy/actor/lib/test/auto/PublisherPort6.xml
1 ms. Memory: 555008K Free: 245146K (44%)
----------------- Invoking toplevel() on ptolemy.moml.MoMLSimpleApplication@14bfb743
----------------- Done invoking toplevel() on ptolemy.moml.MoMLSimpleApplication@14bfb743
reloadAllAccessors: .PublisherPort6

===========================================================================================
----------------- testing Mon Jan 27 06:54:54 UTC 2020 /home/travis/build/icyphy/ptII/ptolemy/actor/lib/test/auto/PublisherPort7.xml
----------------- Instantiating /home/travis/build/icyphy/ptII/ptolemy/actor/lib/test/auto/PublisherPort7.xml
3 ms. Memory: 555008K Free: 237464K (43%)
----------------- Invoking toplevel() on ptolemy.moml.MoMLSimpleApplication@9780be5
----------------- Done invoking toplevel() on ptolemy.moml.MoMLSimpleApplication@9780be5
reloadAllAccessors: .PublisherPort7

===========================================================================================
----------------- testing Mon Jan 27 06:54:54 UTC 2020 /home/travis/build/icyphy/ptII/ptolemy/actor/lib/test/auto/PublisherPort8.xml
----------------- Instantiating /home/travis/build/icyphy/ptII/ptolemy/actor/lib/test/auto/PublisherPort8.xml
4 ms. Memory: 555008K Free: 228762K (41%)
----------------- Invoking toplevel() on ptolemy.moml.MoMLSimpleApplication@541e8a37
----------------- Done invoking toplevel() on ptolemy.moml.MoMLSimpleApplication@541e8a37
reloadAllAccessors: .PublisherPort8

===========================================================================================
----------------- testing Mon Jan 27 06:54:54 UTC 2020 /home/travis/build/icyphy/ptII/ptolemy/actor/lib/test/auto/PublisherPortSubscriberChannelVariablesAOC2.xml
----------------- Instantiating /home/travis/build/icyphy/ptII/ptolemy/actor/lib/test/auto/PublisherPortSubscriberChannelVariablesAOC2.xml
3 ms. Memory: 555008K Free: 210840K (38%)
----------------- Invoking toplevel() on ptolemy.moml.MoMLSimpleApplication@2c92cf56
----------------- Done invoking toplevel() on ptolemy.moml.MoMLSimpleApplication@2c92cf56
reloadAllAccessors: .PublisherPortSubscriberChannelVariablesAOC2

===========================================================================================
----------------- testing Mon Jan 27 06:54:54 UTC 2020 /home/travis/build/icyphy/ptII/ptolemy/actor/lib/test/auto/PublisherPortSubscriberOpaqueWidthInference.xml
----------------- Instantiating /home/travis/build/icyphy/ptII/ptolemy/actor/lib/test/auto/PublisherPortSubscriberOpaqueWidthInference.xml
3 ms. Memory: 555008K Free: 202634K (37%)
----------------- Invoking toplevel() on ptolemy.moml.MoMLSimpleApplication@76824783
----------------- Done invoking toplevel() on ptolemy.moml.MoMLSimpleApplication@76824783
reloadAllAccessors: .PublisherPortSubscriberOpaqueWidthInference

===========================================================================================
----------------- testing Mon Jan 27 06:54:54 UTC 2020 /home/travis/build/icyphy/ptII/ptolemy/actor/lib/test/auto/PublisherPortSubscriberPortAdjacent.xml
----------------- Instantiating /home/travis/build/icyphy/ptII/ptolemy/actor/lib/test/auto/PublisherPortSubscriberPortAdjacent.xml
1 ms. Memory: 555008K Free: 194456K (35%)
----------------- Invoking toplevel() on ptolemy.moml.MoMLSimpleApplication@d798ae5
----------------- Done invoking toplevel() on ptolemy.moml.MoMLSimpleApplication@d798ae5
reloadAllAccessors: .PublisherPortSubscriberPortAdjacent

===========================================================================================
----------------- testing Mon Jan 27 06:54:54 UTC 2020 /home/travis/build/icyphy/ptII/ptolemy/actor/lib/test/auto/PublisherPortSubscriberPortExpression.xml
----------------- Instantiating /home/travis/build/icyphy/ptII/ptolemy/actor/lib/test/auto/PublisherPortSubscriberPortExpression.xml
4 ms. Memory: 555008K Free: 186778K (34%)
----------------- Invoking toplevel() on ptolemy.moml.MoMLSimpleApplication@7c39b39f
----------------- Done invoking toplevel() on ptolemy.moml.MoMLSimpleApplication@7c39b39f
reloadAllAccessors: .PublisherPortSubscriberPortExpression

===========================================================================================
----------------- testing Mon Jan 27 06:54:54 UTC 2020 /home/travis/build/icyphy/ptII/ptolemy/actor/lib/test/auto/PublisherPortSubscriberPortOpaqueD3Reverse.xml
----------------- Instantiating /home/travis/build/icyphy/ptII/ptolemy/actor/lib/test/auto/PublisherPortSubscriberPortOpaqueD3Reverse.xml
22 ms. Memory: 555008K Free: 505337K (91%)
----------------- Invoking toplevel() on ptolemy.moml.MoMLSimpleApplication@26719cf5
----------------- Done invoking toplevel() on ptolemy.moml.MoMLSimpleApplication@26719cf5
reloadAllAccessors: .PublisherPortSubscriberPortOpaqueD3Reverse

===========================================================================================
----------------- testing Mon Jan 27 06:54:55 UTC 2020 /home/travis/build/icyphy/ptII/ptolemy/actor/lib/test/auto/PublisherPortSubscriberPortOpaqueWidthInference.xml
----------------- Instantiating /home/travis/build/icyphy/ptII/ptolemy/actor/lib/test/auto/PublisherPortSubscriberPortOpaqueWidthInference.xml
2 ms. Memory: 555008K Free: 497192K (90%)
----------------- Invoking toplevel() on ptolemy.moml.MoMLSimpleApplication@7e1fd3d5
----------------- Done invoking toplevel() on ptolemy.moml.MoMLSimpleApplication@7e1fd3d5
reloadAllAccessors: .PublisherPortSubscriberPortOpaqueWidthInference

===========================================================================================
----------------- testing Mon Jan 27 06:54:55 UTC 2020 /home/travis/build/icyphy/ptII/ptolemy/actor/lib/test/auto/PublisherPortToplevelSubscriberPortAOC.xml
----------------- Instantiating /home/travis/build/icyphy/ptII/ptolemy/actor/lib/test/auto/PublisherPortToplevelSubscriberPortAOC.xml
.PublisherPortToplevelSubscriberPortAOC.TestExceptionAttribute: initialize() was not invoked, but wrapup() was.  This is unusual, but not always a problem.  For example, exporting JNLP will do this.
1 ms. Memory: 555008K Free: 491062K (88%)
----------------- Invoking toplevel() on ptolemy.moml.MoMLSimpleApplication@2688f574
----------------- Done invoking toplevel() on ptolemy.moml.MoMLSimpleApplication@2688f574
reloadAllAccessors: .PublisherPortToplevelSubscriberPortAOC

===========================================================================================
----------------- testing Mon Jan 27 06:54:55 UTC 2020 /home/travis/build/icyphy/ptII/ptolemy/actor/lib/test/auto/PublisherSubscriber.xml
----------------- Instantiating /home/travis/build/icyphy/ptII/ptolemy/actor/lib/test/auto/PublisherSubscriber.xml
3 ms. Memory: 555008K Free: 482840K (87%)
----------------- Invoking toplevel() on ptolemy.moml.MoMLSimpleApplication@28865954
----------------- Done invoking toplevel() on ptolemy.moml.MoMLSimpleApplication@28865954
reloadAllAccessors: .PublisherSubscriber

===========================================================================================
----------------- testing Mon Jan 27 06:54:55 UTC 2020 /home/travis/build/icyphy/ptII/ptolemy/actor/lib/test/auto/PublisherSubscriber10.xml
----------------- Instantiating /home/travis/build/icyphy/ptII/ptolemy/actor/lib/test/auto/PublisherSubscriber10.xml
6 ms. Memory: 555008K Free: 473144K (85%)
----------------- Invoking toplevel() on ptolemy.moml.MoMLSimpleApplication@1531f783
----------------- Done invoking toplevel() on ptolemy.moml.MoMLSimpleApplication@1531f783
reloadAllAccessors: .PublisherSubscriber10

===========================================================================================
----------------- testing Mon Jan 27 06:54:55 UTC 2020 /home/travis/build/icyphy/ptII/ptolemy/actor/lib/test/auto/PublisherSubscriber10InitialOutputs.xml
----------------- Instantiating /home/travis/build/icyphy/ptII/ptolemy/actor/lib/test/auto/PublisherSubscriber10InitialOutputs.xml
15 ms. Memory: 555008K Free: 463928K (84%)
----------------- Invoking toplevel() on ptolemy.moml.MoMLSimpleApplication@75e85356
----------------- Done invoking toplevel() on ptolemy.moml.MoMLSimpleApplication@75e85356
reloadAllAccessors: .PublisherSubscriber10InitialOutputs

===========================================================================================
----------------- testing Mon Jan 27 06:54:55 UTC 2020 /home/travis/build/icyphy/ptII/ptolemy/actor/lib/test/auto/PublisherSubscriber11.xml
----------------- Instantiating /home/travis/build/icyphy/ptII/ptolemy/actor/lib/test/auto/PublisherSubscriber11.xml
3 ms. Memory: 555008K Free: 457784K (82%)
----------------- Invoking toplevel() on ptolemy.moml.MoMLSimpleApplication@402eda94
----------------- Done invoking toplevel() on ptolemy.moml.MoMLSimpleApplication@402eda94
reloadAllAccessors: .PublisherSubscriber11

===========================================================================================
----------------- testing Mon Jan 27 06:54:55 UTC 2020 /home/travis/build/icyphy/ptII/ptolemy/actor/lib/test/auto/PublisherSubscriber12.xml
----------------- Instantiating /home/travis/build/icyphy/ptII/ptolemy/actor/lib/test/auto/PublisherSubscriber12.xml
5 ms. Memory: 555008K Free: 450616K (81%)
----------------- Invoking toplevel() on ptolemy.moml.MoMLSimpleApplication@4a3ba9b
----------------- Done invoking toplevel() on ptolemy.moml.MoMLSimpleApplication@4a3ba9b
reloadAllAccessors: .PublisherSubscriber12

===========================================================================================
----------------- testing Mon Jan 27 06:54:55 UTC 2020 /home/travis/build/icyphy/ptII/ptolemy/actor/lib/test/auto/PublisherSubscriber13.xml
----------------- Instantiating /home/travis/build/icyphy/ptII/ptolemy/actor/lib/test/auto/PublisherSubscriber13.xml
2 ms. Memory: 555008K Free: 444952K (80%)
----------------- Invoking toplevel() on ptolemy.moml.MoMLSimpleApplication@2599b831
----------------- Done invoking toplevel() on ptolemy.moml.MoMLSimpleApplication@2599b831
reloadAllAccessors: .PublisherSubscriber13

===========================================================================================
----------------- testing Mon Jan 27 06:54:55 UTC 2020 /home/travis/build/icyphy/ptII/ptolemy/actor/lib/test/auto/PublisherSubscriber14.xml
----------------- Instantiating /home/travis/build/icyphy/ptII/ptolemy/actor/lib/test/auto/PublisherSubscriber14.xml
2 ms. Memory: 555008K Free: 435752K (79%)
----------------- Invoking toplevel() on ptolemy.moml.MoMLSimpleApplication@1c4d0b5a
----------------- Done invoking toplevel() on ptolemy.moml.MoMLSimpleApplication@1c4d0b5a
reloadAllAccessors: .PublisherSubscriber14

===========================================================================================
----------------- testing Mon Jan 27 06:54:55 UTC 2020 /home/travis/build/icyphy/ptII/ptolemy/actor/lib/test/auto/PublisherSubscriber2.xml
----------------- Instantiating /home/travis/build/icyphy/ptII/ptolemy/actor/lib/test/auto/PublisherSubscriber2.xml
3 ms. Memory: 555008K Free: 430136K (78%)
----------------- Invoking toplevel() on ptolemy.moml.MoMLSimpleApplication@71436dd6
----------------- Done invoking toplevel() on ptolemy.moml.MoMLSimpleApplication@71436dd6
reloadAllAccessors: .PublisherSubscriber2

===========================================================================================
----------------- testing Mon Jan 27 06:54:55 UTC 2020 /home/travis/build/icyphy/ptII/ptolemy/actor/lib/test/auto/PublisherSubscriber3.xml
----------------- Instantiating /home/travis/build/icyphy/ptII/ptolemy/actor/lib/test/auto/PublisherSubscriber3.xml
2 ms. Memory: 555008K Free: 424472K (76%)
----------------- Invoking toplevel() on ptolemy.moml.MoMLSimpleApplication@5ba36234
----------------- Done invoking toplevel() on ptolemy.moml.MoMLSimpleApplication@5ba36234
reloadAllAccessors: .PublisherSubscriber3

===========================================================================================
----------------- testing Mon Jan 27 06:54:55 UTC 2020 /home/travis/build/icyphy/ptII/ptolemy/actor/lib/test/auto/PublisherSubscriber4.xml
----------------- Instantiating /home/travis/build/icyphy/ptII/ptolemy/actor/lib/test/auto/PublisherSubscriber4.xml
2 ms. Memory: 555008K Free: 419352K (76%)
----------------- Invoking toplevel() on ptolemy.moml.MoMLSimpleApplication@364f0dee
----------------- Done invoking toplevel() on ptolemy.moml.MoMLSimpleApplication@364f0dee
reloadAllAccessors: .PublisherSubscriber4

===========================================================================================
----------------- testing Mon Jan 27 06:54:55 UTC 2020 /home/travis/build/icyphy/ptII/ptolemy/actor/lib/test/auto/PublisherSubscriber5.xml
----------------- Instantiating /home/travis/build/icyphy/ptII/ptolemy/actor/lib/test/auto/PublisherSubscriber5.xml
2 ms. Memory: 555008K Free: 412728K (74%)
----------------- Invoking toplevel() on ptolemy.moml.MoMLSimpleApplication@3c949719
----------------- Done invoking toplevel() on ptolemy.moml.MoMLSimpleApplication@3c949719
reloadAllAccessors: .PublisherSubscriber5

===========================================================================================
----------------- testing Mon Jan 27 06:54:55 UTC 2020 /home/travis/build/icyphy/ptII/ptolemy/actor/lib/test/auto/PublisherSubscriber6.xml
----------------- Instantiating /home/travis/build/icyphy/ptII/ptolemy/actor/lib/test/auto/PublisherSubscriber6.xml
4 ms. Memory: 555008K Free: 406056K (73%)
----------------- Invoking toplevel() on ptolemy.moml.MoMLSimpleApplication@33949e1d
----------------- Done invoking toplevel() on ptolemy.moml.MoMLSimpleApplication@33949e1d
reloadAllAccessors: .PublisherSubscriber6

===========================================================================================
----------------- testing Mon Jan 27 06:54:55 UTC 2020 /home/travis/build/icyphy/ptII/ptolemy/actor/lib/test/auto/PublisherSubscriber7.xml
----------------- Instantiating /home/travis/build/icyphy/ptII/ptolemy/actor/lib/test/auto/PublisherSubscriber7.xml
7 ms. Memory: 555008K Free: 398902K (72%)
----------------- Invoking toplevel() on ptolemy.moml.MoMLSimpleApplication@3ee32da6
----------------- Done invoking toplevel() on ptolemy.moml.MoMLSimpleApplication@3ee32da6
reloadAllAccessors: .PublisherSubscriber7

===========================================================================================
----------------- testing Mon Jan 27 06:54:55 UTC 2020 /home/travis/build/icyphy/ptII/ptolemy/actor/lib/test/auto/PublisherSubscriber8.xml
----------------- Instantiating /home/travis/build/icyphy/ptII/ptolemy/actor/lib/test/auto/PublisherSubscriber8.xml
14 ms. Memory: 555008K Free: 387128K (70%)
----------------- Invoking toplevel() on ptolemy.moml.MoMLSimpleApplication@1e40d656
----------------- Done invoking toplevel() on ptolemy.moml.MoMLSimpleApplication@1e40d656
reloadAllAccessors: .PublisherSubscriber8

===========================================================================================
----------------- testing Mon Jan 27 06:54:55 UTC 2020 /home/travis/build/icyphy/ptII/ptolemy/actor/lib/test/auto/PublisherSubscriber9.xml
----------------- Instantiating /home/travis/build/icyphy/ptII/ptolemy/actor/lib/test/auto/PublisherSubscriber9.xml
3 ms. Memory: 555008K Free: 379960K (68%)
----------------- Invoking toplevel() on ptolemy.moml.MoMLSimpleApplication@5b168a4f
----------------- Done invoking toplevel() on ptolemy.moml.MoMLSimpleApplication@5b168a4f
reloadAllAccessors: .PublisherSubscriber9

===========================================================================================
----------------- testing Mon Jan 27 06:54:55 UTC 2020 /home/travis/build/icyphy/ptII/ptolemy/actor/lib/test/auto/PublisherSubscriberAdjacent.xml
----------------- Instantiating /home/travis/build/icyphy/ptII/ptolemy/actor/lib/test/auto/PublisherSubscriberAdjacent.xml
1 ms. Memory: 555008K Free: 371768K (67%)
----------------- Invoking toplevel() on ptolemy.moml.MoMLSimpleApplication@32582aa2
----------------- Done invoking toplevel() on ptolemy.moml.MoMLSimpleApplication@32582aa2
reloadAllAccessors: .PublisherSubscriberAdjacent

===========================================================================================
----------------- testing Mon Jan 27 06:54:55 UTC 2020 /home/travis/build/icyphy/ptII/ptolemy/actor/lib/test/auto/PublisherSubscriberChannelVariablesAOC2.xml
----------------- Instantiating /home/travis/build/icyphy/ptII/ptolemy/actor/lib/test/auto/PublisherSubscriberChannelVariablesAOC2.xml
3 ms. Memory: 555008K Free: 356904K (64%)
----------------- Invoking toplevel() on ptolemy.moml.MoMLSimpleApplication@1f2a293d
----------------- Done invoking toplevel() on ptolemy.moml.MoMLSimpleApplication@1f2a293d
reloadAllAccessors: .PublisherSubscriberChannelVariablesAOC2

===========================================================================================
----------------- testing Mon Jan 27 06:54:55 UTC 2020 /home/travis/build/icyphy/ptII/ptolemy/actor/lib/test/auto/PublisherSubscriberD3.xml
----------------- Instantiating /home/travis/build/icyphy/ptII/ptolemy/actor/lib/test/auto/PublisherSubscriberD3.xml
1 ms. Memory: 555008K Free: 349750K (63%)
----------------- Invoking toplevel() on ptolemy.moml.MoMLSimpleApplication@4fcea099
----------------- Done invoking toplevel() on ptolemy.moml.MoMLSimpleApplication@4fcea099
reloadAllAccessors: .PublisherSubscriberD3

===========================================================================================
----------------- testing Mon Jan 27 06:54:55 UTC 2020 /home/travis/build/icyphy/ptII/ptolemy/actor/lib/test/auto/PublisherSubscriberD3Reverse.xml
----------------- Instantiating /home/travis/build/icyphy/ptII/ptolemy/actor/lib/test/auto/PublisherSubscriberD3Reverse.xml
1 ms. Memory: 555008K Free: 343096K (62%)
----------------- Invoking toplevel() on ptolemy.moml.MoMLSimpleApplication@151b2ea7
----------------- Done invoking toplevel() on ptolemy.moml.MoMLSimpleApplication@151b2ea7
reloadAllAccessors: .PublisherSubscriberD3Reverse

===========================================================================================
----------------- testing Mon Jan 27 06:54:55 UTC 2020 /home/travis/build/icyphy/ptII/ptolemy/actor/lib/test/auto/PublisherSubscriberExpression.xml
----------------- Instantiating /home/travis/build/icyphy/ptII/ptolemy/actor/lib/test/auto/PublisherSubscriberExpression.xml
3 ms. Memory: 555008K Free: 334376K (60%)
----------------- Invoking toplevel() on ptolemy.moml.MoMLSimpleApplication@489497e3
----------------- Done invoking toplevel() on ptolemy.moml.MoMLSimpleApplication@489497e3
reloadAllAccessors: .PublisherSubscriberExpression

===========================================================================================
----------------- testing Mon Jan 27 06:54:55 UTC 2020 /home/travis/build/icyphy/ptII/ptolemy/actor/lib/test/auto/PublisherSubscriberOpaque.xml
----------------- Instantiating /home/travis/build/icyphy/ptII/ptolemy/actor/lib/test/auto/PublisherSubscriberOpaque.xml
3 ms. Memory: 555008K Free: 326198K (59%)
----------------- Invoking toplevel() on ptolemy.moml.MoMLSimpleApplication@2758b75f
----------------- Done invoking toplevel() on ptolemy.moml.MoMLSimpleApplication@2758b75f
reloadAllAccessors: .PublisherSubscriberOpaque

===========================================================================================
----------------- testing Mon Jan 27 06:54:55 UTC 2020 /home/travis/build/icyphy/ptII/ptolemy/actor/lib/test/auto/PublisherSubscriberOpaqueD3.xml
----------------- Instantiating /home/travis/build/icyphy/ptII/ptolemy/actor/lib/test/auto/PublisherSubscriberOpaqueD3.xml
5 ms. Memory: 555008K Free: 314934K (57%)
----------------- Invoking toplevel() on ptolemy.moml.MoMLSimpleApplication@7d09edbe
----------------- Done invoking toplevel() on ptolemy.moml.MoMLSimpleApplication@7d09edbe
reloadAllAccessors: .PublisherSubscriberOpaqueD3

===========================================================================================
----------------- testing Mon Jan 27 06:54:55 UTC 2020 /home/travis/build/icyphy/ptII/ptolemy/actor/lib/test/auto/PublisherSubscriberOpaqueD3Reverse.xml
----------------- Instantiating /home/travis/build/icyphy/ptII/ptolemy/actor/lib/test/auto/PublisherSubscriberOpaqueD3Reverse.xml
7 ms. Memory: 555008K Free: 304184K (55%)
----------------- Invoking toplevel() on ptolemy.moml.MoMLSimpleApplication@9c6352a
----------------- Done invoking toplevel() on ptolemy.moml.MoMLSimpleApplication@9c6352a
reloadAllAccessors: .PublisherSubscriberOpaqueD3Reverse

===========================================================================================
----------------- testing Mon Jan 27 06:54:55 UTC 2020 /home/travis/build/icyphy/ptII/ptolemy/actor/lib/test/auto/PublisherSubscriberOpaqueWidthInference.xml
----------------- Instantiating /home/travis/build/icyphy/ptII/ptolemy/actor/lib/test/auto/PublisherSubscriberOpaqueWidthInference.xml
3 ms. Memory: 555008K Free: 295464K (53%)
----------------- Invoking toplevel() on ptolemy.moml.MoMLSimpleApplication@14d72c74
----------------- Done invoking toplevel() on ptolemy.moml.MoMLSimpleApplication@14d72c74
reloadAllAccessors: .PublisherSubscriberOpaqueWidthInference

===========================================================================================
----------------- testing Mon Jan 27 06:54:55 UTC 2020 /home/travis/build/icyphy/ptII/ptolemy/actor/lib/test/auto/PublisherTestSubscriber.xml
----------------- Instantiating /home/travis/build/icyphy/ptII/ptolemy/actor/lib/test/auto/PublisherTestSubscriber.xml
2 ms. Memory: 555008K Free: 287800K (52%)
----------------- Invoking toplevel() on ptolemy.moml.MoMLSimpleApplication@1176e6e5
----------------- Done invoking toplevel() on ptolemy.moml.MoMLSimpleApplication@1176e6e5
reloadAllAccessors: .PublisherTestSubscriber

===========================================================================================
----------------- testing Mon Jan 27 06:54:55 UTC 2020 /home/travis/build/icyphy/ptII/ptolemy/actor/lib/test/auto/PublisherToplevelSubscriberPortAOC.xml
----------------- Instantiating /home/travis/build/icyphy/ptII/ptolemy/actor/lib/test/auto/PublisherToplevelSubscriberPortAOC.xml
1 ms. Memory: 555008K Free: 281136K (51%)
----------------- Invoking toplevel() on ptolemy.moml.MoMLSimpleApplication@7c5c6def
----------------- Done invoking toplevel() on ptolemy.moml.MoMLSimpleApplication@7c5c6def
reloadAllAccessors: .PublisherToplevelSubscriberPortAOC

===========================================================================================
----------------- testing Mon Jan 27 06:54:55 UTC 2020 /home/travis/build/icyphy/ptII/ptolemy/actor/lib/test/auto/PulseFiringLimitDE.xml
----------------- Instantiating /home/travis/build/icyphy/ptII/ptolemy/actor/lib/test/auto/PulseFiringLimitDE.xml
2 ms. Memory: 555008K Free: 274998K (50%)
----------------- Invoking toplevel() on ptolemy.moml.MoMLSimpleApplication@6771300f
----------------- Done invoking toplevel() on ptolemy.moml.MoMLSimpleApplication@6771300f
reloadAllAccessors: .PulseFiringLimitDE

===========================================================================================
----------------- testing Mon Jan 27 06:54:55 UTC 2020 /home/travis/build/icyphy/ptII/ptolemy/actor/lib/test/auto/Ramp1.xml
----------------- Instantiating /home/travis/build/icyphy/ptII/ptolemy/actor/lib/test/auto/Ramp1.xml
1 ms. Memory: 555008K Free: 270902K (49%)
----------------- Invoking toplevel() on ptolemy.moml.MoMLSimpleApplication@11ebcc74
----------------- Done invoking toplevel() on ptolemy.moml.MoMLSimpleApplication@11ebcc74
reloadAllAccessors: .Ramp1

===========================================================================================
----------------- testing Mon Jan 27 06:54:55 UTC 2020 /home/travis/build/icyphy/ptII/ptolemy/actor/lib/test/auto/RampFiringLimitDE.xml
----------------- Instantiating /home/travis/build/icyphy/ptII/ptolemy/actor/lib/test/auto/RampFiringLimitDE.xml
2 ms. Memory: 555008K Free: 264248K (48%)
----------------- Invoking toplevel() on ptolemy.moml.MoMLSimpleApplication@6afe1b3a
----------------- Done invoking toplevel() on ptolemy.moml.MoMLSimpleApplication@6afe1b3a
reloadAllAccessors: .RampFiringLimitDE

===========================================================================================
----------------- testing Mon Jan 27 06:54:55 UTC 2020 /home/travis/build/icyphy/ptII/ptolemy/actor/lib/test/auto/RampFiringLimitSDF.xml
----------------- Instantiating /home/travis/build/icyphy/ptII/ptolemy/actor/lib/test/auto/RampFiringLimitSDF.xml
2 ms. Memory: 555008K Free: 259128K (47%)
----------------- Invoking toplevel() on ptolemy.moml.MoMLSimpleApplication@386a7e88
----------------- Done invoking toplevel() on ptolemy.moml.MoMLSimpleApplication@386a7e88
reloadAllAccessors: .RampFiringLimitSDF

===========================================================================================
----------------- testing Mon Jan 27 06:54:55 UTC 2020 /home/travis/build/icyphy/ptII/ptolemy/actor/lib/test/auto/RandomInteger.xml
----------------- Instantiating /home/travis/build/icyphy/ptII/ptolemy/actor/lib/test/auto/RandomInteger.xml
1 ms. Memory: 555008K Free: 255032K (46%)
----------------- Invoking toplevel() on ptolemy.moml.MoMLSimpleApplication@e827b07
----------------- Done invoking toplevel() on ptolemy.moml.MoMLSimpleApplication@e827b07
reloadAllAccessors: .RandomInteger

===========================================================================================
----------------- testing Mon Jan 27 06:54:55 UTC 2020 /home/travis/build/icyphy/ptII/ptolemy/actor/lib/test/auto/ReadFile1.xml
----------------- Instantiating /home/travis/build/icyphy/ptII/ptolemy/actor/lib/test/auto/ReadFile1.xml
2 ms. Memory: 555008K Free: 250422K (45%)
----------------- Invoking toplevel() on ptolemy.moml.MoMLSimpleApplication@7cadf373
----------------- Done invoking toplevel() on ptolemy.moml.MoMLSimpleApplication@7cadf373
reloadAllAccessors: .ReadFile1

===========================================================================================
----------------- testing Mon Jan 27 06:54:55 UTC 2020 /home/travis/build/icyphy/ptII/ptolemy/actor/lib/test/auto/ReadFile2.xml
----------------- Instantiating /home/travis/build/icyphy/ptII/ptolemy/actor/lib/test/auto/ReadFile2.xml
1 ms. Memory: 555008K Free: 246326K (44%)
----------------- Invoking toplevel() on ptolemy.moml.MoMLSimpleApplication@23a2d8a
----------------- Done invoking toplevel() on ptolemy.moml.MoMLSimpleApplication@23a2d8a
reloadAllAccessors: .ReadFile2

===========================================================================================
----------------- testing Mon Jan 27 06:54:55 UTC 2020 /home/travis/build/icyphy/ptII/ptolemy/actor/lib/test/auto/Reader.xml
----------------- Instantiating /home/travis/build/icyphy/ptII/ptolemy/actor/lib/test/auto/Reader.xml
actor.lib.Reader is obsolete, use actor.lib.io.ExpressionReader instead
1 ms. Memory: 555008K Free: 241720K (44%)
----------------- Invoking toplevel() on ptolemy.moml.MoMLSimpleApplication@4a6b7f99
----------------- Done invoking toplevel() on ptolemy.moml.MoMLSimpleApplication@4a6b7f99
reloadAllAccessors: .Reader

===========================================================================================
----------------- testing Mon Jan 27 06:54:55 UTC 2020 /home/travis/build/icyphy/ptII/ptolemy/actor/lib/test/auto/RecordAssemblerDisplayNameTest.xml
----------------- Instantiating /home/travis/build/icyphy/ptII/ptolemy/actor/lib/test/auto/RecordAssemblerDisplayNameTest.xml
3433 ms. Memory: 555008K Free: 321524K (58%)
----------------- Invoking toplevel() on ptolemy.moml.MoMLSimpleApplication@4c365d80
----------------- Done invoking toplevel() on ptolemy.moml.MoMLSimpleApplication@4c365d80
reloadAllAccessors: .RecordAssemblerDisplayNameTest

===========================================================================================
----------------- testing Mon Jan 27 06:54:59 UTC 2020 /home/travis/build/icyphy/ptII/ptolemy/actor/lib/test/auto/RecordAssemblerTypeError.xml
----------------- Instantiating /home/travis/build/icyphy/ptII/ptolemy/actor/lib/test/auto/RecordAssemblerTypeError.xml
17 ms. Memory: 555008K Free: 311794K (56%)
----------------- Invoking toplevel() on ptolemy.moml.MoMLSimpleApplication@7301b944
----------------- Done invoking toplevel() on ptolemy.moml.MoMLSimpleApplication@7301b944
reloadAllAccessors: .RecordAssemblerTypeError

===========================================================================================
----------------- testing Mon Jan 27 06:54:59 UTC 2020 /home/travis/build/icyphy/ptII/ptolemy/actor/lib/test/auto/RecordDisassember.xml
----------------- Instantiating /home/travis/build/icyphy/ptII/ptolemy/actor/lib/test/auto/RecordDisassember.xml
3 ms. Memory: 555008K Free: 307188K (55%)
----------------- Invoking toplevel() on ptolemy.moml.MoMLSimpleApplication@4dff3814
----------------- Done invoking toplevel() on ptolemy.moml.MoMLSimpleApplication@4dff3814
reloadAllAccessors: .RecordDisassember

===========================================================================================
----------------- testing Mon Jan 27 06:54:59 UTC 2020 /home/travis/build/icyphy/ptII/ptolemy/actor/lib/test/auto/RecordDisassemberDisplayNameTest.xml
----------------- Instantiating /home/travis/build/icyphy/ptII/ptolemy/actor/lib/test/auto/RecordDisassemberDisplayNameTest.xml
7 ms. Memory: 555008K Free: 298996K (54%)
----------------- Invoking toplevel() on ptolemy.moml.MoMLSimpleApplication@176fe24e
----------------- Done invoking toplevel() on ptolemy.moml.MoMLSimpleApplication@176fe24e
reloadAllAccessors: .RecordDisassemberDisplayNameTest

===========================================================================================
----------------- testing Mon Jan 27 06:54:59 UTC 2020 /home/travis/build/icyphy/ptII/ptolemy/actor/lib/test/auto/RecordDisassembler.xml
----------------- Instantiating /home/travis/build/icyphy/ptII/ptolemy/actor/lib/test/auto/RecordDisassembler.xml
3 ms. Memory: 555008K Free: 293876K (53%)
----------------- Invoking toplevel() on ptolemy.moml.MoMLSimpleApplication@3290d4cf
----------------- Done invoking toplevel() on ptolemy.moml.MoMLSimpleApplication@3290d4cf
reloadAllAccessors: .RecordDisassembler

===========================================================================================
----------------- testing Mon Jan 27 06:54:59 UTC 2020 /home/travis/build/icyphy/ptII/ptolemy/actor/lib/test/auto/RecordDisassembler2.xml
----------------- Instantiating /home/travis/build/icyphy/ptII/ptolemy/actor/lib/test/auto/RecordDisassembler2.xml
2 ms. Memory: 555008K Free: 288756K (52%)
----------------- Invoking toplevel() on ptolemy.moml.MoMLSimpleApplication@5e5012b5
----------------- Done invoking toplevel() on ptolemy.moml.MoMLSimpleApplication@5e5012b5
reloadAllAccessors: .RecordDisassembler2

===========================================================================================
----------------- testing Mon Jan 27 06:54:59 UTC 2020 /home/travis/build/icyphy/ptII/ptolemy/actor/lib/test/auto/RecordUpdater.xml
----------------- Instantiating /home/travis/build/icyphy/ptII/ptolemy/actor/lib/test/auto/RecordUpdater.xml
2 ms. Memory: 555008K Free: 283636K (51%)
----------------- Invoking toplevel() on ptolemy.moml.MoMLSimpleApplication@3369d1af
----------------- Done invoking toplevel() on ptolemy.moml.MoMLSimpleApplication@3369d1af
reloadAllAccessors: .RecordUpdater

===========================================================================================
----------------- testing Mon Jan 27 06:54:59 UTC 2020 /home/travis/build/icyphy/ptII/ptolemy/actor/lib/test/auto/RecordUpdater2.xml
----------------- Instantiating /home/travis/build/icyphy/ptII/ptolemy/actor/lib/test/auto/RecordUpdater2.xml
1 ms. Memory: 555008K Free: 278516K (50%)
----------------- Invoking toplevel() on ptolemy.moml.MoMLSimpleApplication@144b109
----------------- Done invoking toplevel() on ptolemy.moml.MoMLSimpleApplication@144b109
reloadAllAccessors: .RecordUpdater2

===========================================================================================
----------------- testing Mon Jan 27 06:54:59 UTC 2020 /home/travis/build/icyphy/ptII/ptolemy/actor/lib/test/auto/RecursiveLattice.xml
----------------- Instantiating /home/travis/build/icyphy/ptII/ptolemy/actor/lib/test/auto/RecursiveLattice.xml
1 ms. Memory: 555008K Free: 274420K (49%)
----------------- Invoking toplevel() on ptolemy.moml.MoMLSimpleApplication@2f478c48
----------------- Done invoking toplevel() on ptolemy.moml.MoMLSimpleApplication@2f478c48
reloadAllAccessors: .RecursiveLattice

===========================================================================================
----------------- testing Mon Jan 27 06:54:59 UTC 2020 /home/travis/build/icyphy/ptII/ptolemy/actor/lib/test/auto/Router.xml
----------------- Instantiating /home/travis/build/icyphy/ptII/ptolemy/actor/lib/test/auto/Router.xml
3004 ms. Memory: 555008K Free: 263156K (47%)
----------------- Invoking toplevel() on ptolemy.moml.MoMLSimpleApplication@13bf9609
----------------- Done invoking toplevel() on ptolemy.moml.MoMLSimpleApplication@13bf9609
reloadAllAccessors: .Router

===========================================================================================
----------------- testing Mon Jan 27 06:55:02 UTC 2020 /home/travis/build/icyphy/ptII/ptolemy/actor/lib/test/auto/Router2.xml
----------------- Instantiating /home/travis/build/icyphy/ptII/ptolemy/actor/lib/test/auto/Router2.xml
3003 ms. Memory: 555008K Free: 251892K (45%)
----------------- Invoking toplevel() on ptolemy.moml.MoMLSimpleApplication@683e9759
----------------- Done invoking toplevel() on ptolemy.moml.MoMLSimpleApplication@683e9759
reloadAllAccessors: .Router2

===========================================================================================
----------------- testing Mon Jan 27 06:55:05 UTC 2020 /home/travis/build/icyphy/ptII/ptolemy/actor/lib/test/auto/RunningMaximum.xml
----------------- Instantiating /home/travis/build/icyphy/ptII/ptolemy/actor/lib/test/auto/RunningMaximum.xml
3 ms. Memory: 555008K Free: 247282K (45%)
----------------- Invoking toplevel() on ptolemy.moml.MoMLSimpleApplication@1393b25d
----------------- Done invoking toplevel() on ptolemy.moml.MoMLSimpleApplication@1393b25d
reloadAllAccessors: .RunningMaximum

===========================================================================================
----------------- testing Mon Jan 27 06:55:05 UTC 2020 /home/travis/build/icyphy/ptII/ptolemy/actor/lib/test/auto/RunningMinimum.xml
----------------- Instantiating /home/travis/build/icyphy/ptII/ptolemy/actor/lib/test/auto/RunningMinimum.xml
1 ms. Memory: 555008K Free: 242676K (44%)
----------------- Invoking toplevel() on ptolemy.moml.MoMLSimpleApplication@57bb9f71
----------------- Done invoking toplevel() on ptolemy.moml.MoMLSimpleApplication@57bb9f71
reloadAllAccessors: .RunningMinimum

===========================================================================================
----------------- testing Mon Jan 27 06:55:05 UTC 2020 /home/travis/build/icyphy/ptII/ptolemy/actor/lib/test/auto/Scale.xml
----------------- Instantiating /home/travis/build/icyphy/ptII/ptolemy/actor/lib/test/auto/Scale.xml
1 ms. Memory: 555008K Free: 238066K (43%)
----------------- Invoking toplevel() on ptolemy.moml.MoMLSimpleApplication@447bb36d
----------------- Done invoking toplevel() on ptolemy.moml.MoMLSimpleApplication@447bb36d
reloadAllAccessors: .Scale

===========================================================================================
----------------- testing Mon Jan 27 06:55:05 UTC 2020 /home/travis/build/icyphy/ptII/ptolemy/actor/lib/test/auto/Scale2.xml
----------------- Instantiating /home/travis/build/icyphy/ptII/ptolemy/actor/lib/test/auto/Scale2.xml
1 ms. Memory: 555008K Free: 233460K (42%)
----------------- Invoking toplevel() on ptolemy.moml.MoMLSimpleApplication@43f0f5b1
----------------- Done invoking toplevel() on ptolemy.moml.MoMLSimpleApplication@43f0f5b1
reloadAllAccessors: .Scale2

===========================================================================================
----------------- testing Mon Jan 27 06:55:05 UTC 2020 /home/travis/build/icyphy/ptII/ptolemy/actor/lib/test/auto/Scale3.xml
----------------- Instantiating /home/travis/build/icyphy/ptII/ptolemy/actor/lib/test/auto/Scale3.xml
3 ms. Memory: 555008K Free: 227316K (41%)
----------------- Invoking toplevel() on ptolemy.moml.MoMLSimpleApplication@2181f3eb
----------------- Done invoking toplevel() on ptolemy.moml.MoMLSimpleApplication@2181f3eb
reloadAllAccessors: .Scale3

===========================================================================================
----------------- testing Mon Jan 27 06:55:05 UTC 2020 /home/travis/build/icyphy/ptII/ptolemy/actor/lib/test/auto/ScaleArray.xml
----------------- Instantiating /home/travis/build/icyphy/ptII/ptolemy/actor/lib/test/auto/ScaleArray.xml
2 ms. Memory: 555008K Free: 222706K (40%)
----------------- Invoking toplevel() on ptolemy.moml.MoMLSimpleApplication@3956a8b2
----------------- Done invoking toplevel() on ptolemy.moml.MoMLSimpleApplication@3956a8b2
reloadAllAccessors: .ScaleArray

===========================================================================================
----------------- testing Mon Jan 27 06:55:05 UTC 2020 /home/travis/build/icyphy/ptII/ptolemy/actor/lib/test/auto/ScaleArray2.xml
----------------- Instantiating /home/travis/build/icyphy/ptII/ptolemy/actor/lib/test/auto/ScaleArray2.xml
1 ms. Memory: 555008K Free: 218100K (39%)
----------------- Invoking toplevel() on ptolemy.moml.MoMLSimpleApplication@72c5d79e
----------------- Done invoking toplevel() on ptolemy.moml.MoMLSimpleApplication@72c5d79e
reloadAllAccessors: .ScaleArray2

===========================================================================================
----------------- testing Mon Jan 27 06:55:05 UTC 2020 /home/travis/build/icyphy/ptII/ptolemy/actor/lib/test/auto/ScaleMatrix.xml
----------------- Instantiating /home/travis/build/icyphy/ptII/ptolemy/actor/lib/test/auto/ScaleMatrix.xml
97 ms. Memory: 555008K Free: 203250K (37%)
----------------- Invoking toplevel() on ptolemy.moml.MoMLSimpleApplication@4ab66bcd
----------------- Done invoking toplevel() on ptolemy.moml.MoMLSimpleApplication@4ab66bcd
reloadAllAccessors: .ScaleMatrix

===========================================================================================
----------------- testing Mon Jan 27 06:55:05 UTC 2020 /home/travis/build/icyphy/ptII/ptolemy/actor/lib/test/auto/Select.xml
----------------- Instantiating /home/travis/build/icyphy/ptII/ptolemy/actor/lib/test/auto/Select.xml
2 ms. Memory: 555008K Free: 197076K (36%)
----------------- Invoking toplevel() on ptolemy.moml.MoMLSimpleApplication@4fe91f07
----------------- Done invoking toplevel() on ptolemy.moml.MoMLSimpleApplication@4fe91f07
reloadAllAccessors: .Select

===========================================================================================
----------------- testing Mon Jan 27 06:55:05 UTC 2020 /home/travis/build/icyphy/ptII/ptolemy/actor/lib/test/auto/Select2.xml
----------------- Instantiating /home/travis/build/icyphy/ptII/ptolemy/actor/lib/test/auto/Select2.xml
1 ms. Memory: 555008K Free: 192500K (35%)
----------------- Invoking toplevel() on ptolemy.moml.MoMLSimpleApplication@4972f939
----------------- Done invoking toplevel() on ptolemy.moml.MoMLSimpleApplication@4972f939
reloadAllAccessors: .Select2

===========================================================================================
----------------- testing Mon Jan 27 06:55:05 UTC 2020 /home/travis/build/icyphy/ptII/ptolemy/actor/lib/test/auto/SequenceToArray2.xml
----------------- Instantiating /home/travis/build/icyphy/ptII/ptolemy/actor/lib/test/auto/SequenceToArray2.xml
90 ms. Memory: 555008K Free: 496742K (90%)
----------------- Invoking toplevel() on ptolemy.moml.MoMLSimpleApplication@7a0cf0f1
----------------- Done invoking toplevel() on ptolemy.moml.MoMLSimpleApplication@7a0cf0f1
reloadAllAccessors: .SequenceToArray2

===========================================================================================
----------------- testing Mon Jan 27 06:55:05 UTC 2020 /home/travis/build/icyphy/ptII/ptolemy/actor/lib/test/auto/SequentialClock.xml
----------------- Instantiating /home/travis/build/icyphy/ptII/ptolemy/actor/lib/test/auto/SequentialClock.xml
1 ms. Memory: 555008K Free: 492142K (89%)
----------------- Invoking toplevel() on ptolemy.moml.MoMLSimpleApplication@200a392d
----------------- Done invoking toplevel() on ptolemy.moml.MoMLSimpleApplication@200a392d
reloadAllAccessors: .SequentialClock

===========================================================================================
----------------- testing Mon Jan 27 06:55:05 UTC 2020 /home/travis/build/icyphy/ptII/ptolemy/actor/lib/test/auto/SetVariable.xml
----------------- Instantiating /home/travis/build/icyphy/ptII/ptolemy/actor/lib/test/auto/SetVariable.xml
3 ms. Memory: 555008K Free: 487532K (88%)
----------------- Invoking toplevel() on ptolemy.moml.MoMLSimpleApplication@52a7770d
----------------- Done invoking toplevel() on ptolemy.moml.MoMLSimpleApplication@52a7770d
reloadAllAccessors: .SetVariable

===========================================================================================
----------------- testing Mon Jan 27 06:55:05 UTC 2020 /home/travis/build/icyphy/ptII/ptolemy/actor/lib/test/auto/SetVariable2.xml
----------------- Instantiating /home/travis/build/icyphy/ptII/ptolemy/actor/lib/test/auto/SetVariable2.xml
2 ms. Memory: 555008K Free: 481902K (87%)
----------------- Invoking toplevel() on ptolemy.moml.MoMLSimpleApplication@7d94224b
----------------- Done invoking toplevel() on ptolemy.moml.MoMLSimpleApplication@7d94224b
reloadAllAccessors: .SetVariable2

===========================================================================================
----------------- testing Mon Jan 27 06:55:05 UTC 2020 /home/travis/build/icyphy/ptII/ptolemy/actor/lib/test/auto/SetVariable3.xml
----------------- Instantiating /home/travis/build/icyphy/ptII/ptolemy/actor/lib/test/auto/SetVariable3.xml
7 ms. Memory: 555008K Free: 476782K (86%)
----------------- Invoking toplevel() on ptolemy.moml.MoMLSimpleApplication@1f6e0aa8
----------------- Done invoking toplevel() on ptolemy.moml.MoMLSimpleApplication@1f6e0aa8
reloadAllAccessors: .SetVariable3

===========================================================================================
----------------- testing Mon Jan 27 06:55:05 UTC 2020 /home/travis/build/icyphy/ptII/ptolemy/actor/lib/test/auto/SetVariable4.xml
----------------- Instantiating /home/travis/build/icyphy/ptII/ptolemy/actor/lib/test/auto/SetVariable4.xml
12 ms. Memory: 555008K Free: 467052K (84%)
----------------- Invoking toplevel() on ptolemy.moml.MoMLSimpleApplication@39222454
----------------- Done invoking toplevel() on ptolemy.moml.MoMLSimpleApplication@39222454
reloadAllAccessors: .SetVariable4

===========================================================================================
----------------- testing Mon Jan 27 06:55:05 UTC 2020 /home/travis/build/icyphy/ptII/ptolemy/actor/lib/test/auto/SetVariable5.xml
----------------- Instantiating /home/travis/build/icyphy/ptII/ptolemy/actor/lib/test/auto/SetVariable5.xml
16 ms. Memory: 555008K Free: 457326K (82%)
----------------- Invoking toplevel() on ptolemy.moml.MoMLSimpleApplication@6bcfc2b0
----------------- Done invoking toplevel() on ptolemy.moml.MoMLSimpleApplication@6bcfc2b0
reloadAllAccessors: .SetVariable5

===========================================================================================
----------------- testing Mon Jan 27 06:55:05 UTC 2020 /home/travis/build/icyphy/ptII/ptolemy/actor/lib/test/auto/Sinewave.xml
----------------- Instantiating /home/travis/build/icyphy/ptII/ptolemy/actor/lib/test/auto/Sinewave.xml
3 ms. Memory: 555008K Free: 447086K (81%)
----------------- Invoking toplevel() on ptolemy.moml.MoMLSimpleApplication@221fff22
----------------- Done invoking toplevel() on ptolemy.moml.MoMLSimpleApplication@221fff22
reloadAllAccessors: .Sinewave

===========================================================================================
----------------- testing Mon Jan 27 06:55:05 UTC 2020 /home/travis/build/icyphy/ptII/ptolemy/actor/lib/test/auto/Sinewave2.xml
----------------- Instantiating /home/travis/build/icyphy/ptII/ptolemy/actor/lib/test/auto/Sinewave2.xml
6 ms. Memory: 555008K Free: 438894K (79%)
----------------- Invoking toplevel() on ptolemy.moml.MoMLSimpleApplication@328510c7
----------------- Done invoking toplevel() on ptolemy.moml.MoMLSimpleApplication@328510c7
reloadAllAccessors: .Sinewave2

===========================================================================================
----------------- testing Mon Jan 27 06:55:05 UTC 2020 /home/travis/build/icyphy/ptII/ptolemy/actor/lib/test/auto/Sinewave3.xml
----------------- Instantiating /home/travis/build/icyphy/ptII/ptolemy/actor/lib/test/auto/Sinewave3.xml
8 ms. Memory: 555008K Free: 430702K (78%)
----------------- Invoking toplevel() on ptolemy.moml.MoMLSimpleApplication@3d7a6c6b
----------------- Done invoking toplevel() on ptolemy.moml.MoMLSimpleApplication@3d7a6c6b
reloadAllAccessors: .Sinewave3

===========================================================================================
----------------- testing Mon Jan 27 06:55:05 UTC 2020 /home/travis/build/icyphy/ptII/ptolemy/actor/lib/test/auto/SingleEvent.xml
----------------- Instantiating /home/travis/build/icyphy/ptII/ptolemy/actor/lib/test/auto/SingleEvent.xml
1 ms. Memory: 555008K Free: 426606K (77%)
----------------- Invoking toplevel() on ptolemy.moml.MoMLSimpleApplication@3271b44d
----------------- Done invoking toplevel() on ptolemy.moml.MoMLSimpleApplication@3271b44d
reloadAllAccessors: .SingleEvent

===========================================================================================
----------------- testing Mon Jan 27 06:55:05 UTC 2020 /home/travis/build/icyphy/ptII/ptolemy/actor/lib/test/auto/Sleep.xml
----------------- Instantiating /home/travis/build/icyphy/ptII/ptolemy/actor/lib/test/auto/Sleep.xml
6003 ms. Memory: 555008K Free: 420942K (76%)
----------------- Invoking toplevel() on ptolemy.moml.MoMLSimpleApplication@11cdddbf
----------------- Done invoking toplevel() on ptolemy.moml.MoMLSimpleApplication@11cdddbf
reloadAllAccessors: .Sleep

===========================================================================================
----------------- testing Mon Jan 27 06:55:11 UTC 2020 /home/travis/build/icyphy/ptII/ptolemy/actor/lib/test/auto/SleepMultipleFire.xml
----------------- Instantiating /home/travis/build/icyphy/ptII/ptolemy/actor/lib/test/auto/SleepMultipleFire.xml
1004 ms. Memory: 555008K Free: 414828K (75%)
----------------- Invoking toplevel() on ptolemy.moml.MoMLSimpleApplication@3d33eb6d
----------------- Done invoking toplevel() on ptolemy.moml.MoMLSimpleApplication@3d33eb6d
reloadAllAccessors: .SleepMultipleFire

===========================================================================================
----------------- testing Mon Jan 27 06:55:12 UTC 2020 /home/travis/build/icyphy/ptII/ptolemy/actor/lib/test/auto/StopDE.xml
----------------- Instantiating /home/travis/build/icyphy/ptII/ptolemy/actor/lib/test/auto/StopDE.xml
5 ms. Memory: 555008K Free: 409198K (74%)
----------------- Invoking toplevel() on ptolemy.moml.MoMLSimpleApplication@6c242212
----------------- Done invoking toplevel() on ptolemy.moml.MoMLSimpleApplication@6c242212
reloadAllAccessors: .StopDE

===========================================================================================
----------------- testing Mon Jan 27 06:55:12 UTC 2020 /home/travis/build/icyphy/ptII/ptolemy/actor/lib/test/auto/StopSDF.xml
----------------- Instantiating /home/travis/build/icyphy/ptII/ptolemy/actor/lib/test/auto/StopSDF.xml
4 ms. Memory: 555008K Free: 404078K (73%)
----------------- Invoking toplevel() on ptolemy.moml.MoMLSimpleApplication@1ba975cd
----------------- Done invoking toplevel() on ptolemy.moml.MoMLSimpleApplication@1ba975cd
reloadAllAccessors: .StopSDF

===========================================================================================
----------------- testing Mon Jan 27 06:55:12 UTC 2020 /home/travis/build/icyphy/ptII/ptolemy/actor/lib/test/auto/StringConstant.xml
----------------- Instantiating /home/travis/build/icyphy/ptII/ptolemy/actor/lib/test/auto/StringConstant.xml
9 ms. Memory: 555008K Free: 399468K (72%)
----------------- Invoking toplevel() on ptolemy.moml.MoMLSimpleApplication@4f62d48f
----------------- Done invoking toplevel() on ptolemy.moml.MoMLSimpleApplication@4f62d48f
reloadAllAccessors: .StringConstant

===========================================================================================
----------------- testing Mon Jan 27 06:55:12 UTC 2020 /home/travis/build/icyphy/ptII/ptolemy/actor/lib/test/auto/SubscriberPortInitialValues1.xml
----------------- Instantiating /home/travis/build/icyphy/ptII/ptolemy/actor/lib/test/auto/SubscriberPortInitialValues1.xml
12 ms. Memory: 555008K Free: 390766K (70%)
----------------- Invoking toplevel() on ptolemy.moml.MoMLSimpleApplication@d825cbc
----------------- Done invoking toplevel() on ptolemy.moml.MoMLSimpleApplication@d825cbc
reloadAllAccessors: .SubscriberPortInitialValues1

===========================================================================================
----------------- testing Mon Jan 27 06:55:13 UTC 2020 /home/travis/build/icyphy/ptII/ptolemy/actor/lib/test/auto/SubscriberPortInitialValues13.xml
----------------- Instantiating /home/travis/build/icyphy/ptII/ptolemy/actor/lib/test/auto/SubscriberPortInitialValues13.xml
6 ms. Memory: 555008K Free: 377964K (68%)
----------------- Invoking toplevel() on ptolemy.moml.MoMLSimpleApplication@1330ca16
----------------- Done invoking toplevel() on ptolemy.moml.MoMLSimpleApplication@1330ca16
reloadAllAccessors: .SubscriberPortInitialValues13

===========================================================================================
----------------- testing Mon Jan 27 06:55:13 UTC 2020 /home/travis/build/icyphy/ptII/ptolemy/actor/lib/test/auto/SubscriberPortInitialValues14.xml
----------------- Instantiating /home/travis/build/icyphy/ptII/ptolemy/actor/lib/test/auto/SubscriberPortInitialValues14.xml
4 ms. Memory: 555008K Free: 369772K (67%)
----------------- Invoking toplevel() on ptolemy.moml.MoMLSimpleApplication@51d13cfa
----------------- Done invoking toplevel() on ptolemy.moml.MoMLSimpleApplication@51d13cfa
reloadAllAccessors: .SubscriberPortInitialValues14

===========================================================================================
----------------- testing Mon Jan 27 06:55:13 UTC 2020 /home/travis/build/icyphy/ptII/ptolemy/actor/lib/test/auto/SubscriberPortInitialValues2.xml
----------------- Instantiating /home/travis/build/icyphy/ptII/ptolemy/actor/lib/test/auto/SubscriberPortInitialValues2.xml
7 ms. Memory: 555008K Free: 362094K (65%)
----------------- Invoking toplevel() on ptolemy.moml.MoMLSimpleApplication@7aa9961d
----------------- Done invoking toplevel() on ptolemy.moml.MoMLSimpleApplication@7aa9961d
reloadAllAccessors: .SubscriberPortInitialValues2

===========================================================================================
----------------- testing Mon Jan 27 06:55:13 UTC 2020 /home/travis/build/icyphy/ptII/ptolemy/actor/lib/test/auto/SubscriberPortInitialValues3.xml
----------------- Instantiating /home/travis/build/icyphy/ptII/ptolemy/actor/lib/test/auto/SubscriberPortInitialValues3.xml
4 ms. Memory: 555008K Free: 351340K (63%)
----------------- Invoking toplevel() on ptolemy.moml.MoMLSimpleApplication@522eb4ea
----------------- Done invoking toplevel() on ptolemy.moml.MoMLSimpleApplication@522eb4ea
reloadAllAccessors: .SubscriberPortInitialValues3

===========================================================================================
----------------- testing Mon Jan 27 06:55:13 UTC 2020 /home/travis/build/icyphy/ptII/ptolemy/actor/lib/test/auto/SubscriptionAggregator.xml
----------------- Instantiating /home/travis/build/icyphy/ptII/ptolemy/actor/lib/test/auto/SubscriptionAggregator.xml
2 ms. Memory: 555008K Free: 344686K (62%)
----------------- Invoking toplevel() on ptolemy.moml.MoMLSimpleApplication@44f7fa14
----------------- Done invoking toplevel() on ptolemy.moml.MoMLSimpleApplication@44f7fa14
reloadAllAccessors: .SubscriptionAggregator

===========================================================================================
----------------- testing Mon Jan 27 06:55:13 UTC 2020 /home/travis/build/icyphy/ptII/ptolemy/actor/lib/test/auto/SubscriptionAggregator2.xml
----------------- Instantiating /home/travis/build/icyphy/ptII/ptolemy/actor/lib/test/auto/SubscriptionAggregator2.xml
3 ms. Memory: 555008K Free: 337518K (61%)
----------------- Invoking toplevel() on ptolemy.moml.MoMLSimpleApplication@46b4a3f7
----------------- Done invoking toplevel() on ptolemy.moml.MoMLSimpleApplication@46b4a3f7
reloadAllAccessors: .SubscriptionAggregator2

===========================================================================================
----------------- testing Mon Jan 27 06:55:13 UTC 2020 /home/travis/build/icyphy/ptII/ptolemy/actor/lib/test/auto/SubscriptionAggregator3.xml
----------------- Instantiating /home/travis/build/icyphy/ptII/ptolemy/actor/lib/test/auto/SubscriptionAggregator3.xml
3 ms. Memory: 555008K Free: 328806K (59%)
----------------- Invoking toplevel() on ptolemy.moml.MoMLSimpleApplication@20aa73be
----------------- Done invoking toplevel() on ptolemy.moml.MoMLSimpleApplication@20aa73be
reloadAllAccessors: .SubscriptionAggregator3

===========================================================================================
----------------- testing Mon Jan 27 06:55:13 UTC 2020 /home/travis/build/icyphy/ptII/ptolemy/actor/lib/test/auto/SubscriptionAggregatorMultiply.xml
----------------- Instantiating /home/travis/build/icyphy/ptII/ptolemy/actor/lib/test/auto/SubscriptionAggregatorMultiply.xml
3 ms. Memory: 555008K Free: 320620K (58%)
----------------- Invoking toplevel() on ptolemy.moml.MoMLSimpleApplication@1cbb92ed
----------------- Done invoking toplevel() on ptolemy.moml.MoMLSimpleApplication@1cbb92ed
reloadAllAccessors: .SubscriptionAggregatorMultiply

===========================================================================================
----------------- testing Mon Jan 27 06:55:13 UTC 2020 /home/travis/build/icyphy/ptII/ptolemy/actor/lib/test/auto/SubscriptionAggregatorPortMultiply1.xml
----------------- Instantiating /home/travis/build/icyphy/ptII/ptolemy/actor/lib/test/auto/SubscriptionAggregatorPortMultiply1.xml
3 ms. Memory: 555008K Free: 310894K (56%)
----------------- Invoking toplevel() on ptolemy.moml.MoMLSimpleApplication@17549dde
----------------- Done invoking toplevel() on ptolemy.moml.MoMLSimpleApplication@17549dde
reloadAllAccessors: .SubscriptionAggregatorPortMultiply1

===========================================================================================
----------------- testing Mon Jan 27 06:55:13 UTC 2020 /home/travis/build/icyphy/ptII/ptolemy/actor/lib/test/auto/Switch.xml
----------------- Instantiating /home/travis/build/icyphy/ptII/ptolemy/actor/lib/test/auto/Switch.xml
8 ms. Memory: 555008K Free: 302702K (55%)
----------------- Invoking toplevel() on ptolemy.moml.MoMLSimpleApplication@3f25e1f1
----------------- Done invoking toplevel() on ptolemy.moml.MoMLSimpleApplication@3f25e1f1
reloadAllAccessors: .Switch

===========================================================================================
----------------- testing Mon Jan 27 06:55:13 UTC 2020 /home/travis/build/icyphy/ptII/ptolemy/actor/lib/test/auto/Switch2.xml
----------------- Instantiating /home/travis/build/icyphy/ptII/ptolemy/actor/lib/test/auto/Switch2.xml
1 ms. Memory: 555008K Free: 298092K (54%)
----------------- Invoking toplevel() on ptolemy.moml.MoMLSimpleApplication@6af9b5
----------------- Done invoking toplevel() on ptolemy.moml.MoMLSimpleApplication@6af9b5
reloadAllAccessors: .Switch2

===========================================================================================
----------------- testing Mon Jan 27 06:55:13 UTC 2020 /home/travis/build/icyphy/ptII/ptolemy/actor/lib/test/auto/SwitchDE.xml
----------------- Instantiating /home/travis/build/icyphy/ptII/ptolemy/actor/lib/test/auto/SwitchDE.xml
4 ms. Memory: 555008K Free: 291934K (53%)
----------------- Invoking toplevel() on ptolemy.moml.MoMLSimpleApplication@1cac4786
----------------- Done invoking toplevel() on ptolemy.moml.MoMLSimpleApplication@1cac4786
reloadAllAccessors: .SwitchDE

===========================================================================================
----------------- testing Mon Jan 27 06:55:13 UTC 2020 /home/travis/build/icyphy/ptII/ptolemy/actor/lib/test/auto/SynchronizerDE.xml
----------------- Instantiating /home/travis/build/icyphy/ptII/ptolemy/actor/lib/test/auto/SynchronizerDE.xml
7 ms. Memory: 555008K Free: 283726K (51%)
----------------- Invoking toplevel() on ptolemy.moml.MoMLSimpleApplication@3ab1737b
----------------- Done invoking toplevel() on ptolemy.moml.MoMLSimpleApplication@3ab1737b
reloadAllAccessors: .SynchronizerDE

===========================================================================================
----------------- testing Mon Jan 27 06:55:13 UTC 2020 /home/travis/build/icyphy/ptII/ptolemy/actor/lib/test/auto/Test.xml
----------------- Instantiating /home/travis/build/icyphy/ptII/ptolemy/actor/lib/test/auto/Test.xml
10 ms. Memory: 555008K Free: 278126K (50%)
----------------- Invoking toplevel() on ptolemy.moml.MoMLSimpleApplication@28bffdd7
----------------- Done invoking toplevel() on ptolemy.moml.MoMLSimpleApplication@28bffdd7
reloadAllAccessors: .Test

===========================================================================================
----------------- testing Mon Jan 27 06:55:13 UTC 2020 /home/travis/build/icyphy/ptII/ptolemy/actor/lib/test/auto/TestExceptionAttribute1.xml
----------------- Instantiating /home/travis/build/icyphy/ptII/ptolemy/actor/lib/test/auto/TestExceptionAttribute1.xml
1 ms. Memory: 555008K Free: 274540K (49%)
----------------- Invoking toplevel() on ptolemy.moml.MoMLSimpleApplication@7a5240f1
----------------- Done invoking toplevel() on ptolemy.moml.MoMLSimpleApplication@7a5240f1
reloadAllAccessors: .TestExceptionAttribute1

===========================================================================================
----------------- testing Mon Jan 27 06:55:13 UTC 2020 /home/travis/build/icyphy/ptII/ptolemy/actor/lib/test/auto/TestExceptionAttribute2.xml
----------------- Instantiating /home/travis/build/icyphy/ptII/ptolemy/actor/lib/test/auto/TestExceptionAttribute2.xml
1 ms. Memory: 555008K Free: 270958K (49%)
----------------- Invoking toplevel() on ptolemy.moml.MoMLSimpleApplication@3c08901c
----------------- Done invoking toplevel() on ptolemy.moml.MoMLSimpleApplication@3c08901c
reloadAllAccessors: .TestExceptionAttribute2

===========================================================================================
----------------- testing Mon Jan 27 06:55:13 UTC 2020 /home/travis/build/icyphy/ptII/ptolemy/actor/lib/test/auto/TestExceptionAttribute3.xml
----------------- Instantiating /home/travis/build/icyphy/ptII/ptolemy/actor/lib/test/auto/TestExceptionAttribute3.xml
.TestExceptionAttribute3.TestExceptionAttribute: initialize() was not invoked, but wrapup() was.  This is unusual, but not always a problem.  For example, exporting JNLP will do this.
1 ms. Memory: 555008K Free: 267372K (48%)
----------------- Invoking toplevel() on ptolemy.moml.MoMLSimpleApplication@1e6b6100
----------------- Done invoking toplevel() on ptolemy.moml.MoMLSimpleApplication@1e6b6100
reloadAllAccessors: .TestExceptionAttribute3

===========================================================================================
----------------- testing Mon Jan 27 06:55:13 UTC 2020 /home/travis/build/icyphy/ptII/ptolemy/actor/lib/test/auto/TestExceptionAttribute4.xml
----------------- Instantiating /home/travis/build/icyphy/ptII/ptolemy/actor/lib/test/auto/TestExceptionAttribute4.xml
.TestExceptionAttribute4.TestExceptionAttribute: initialize() was not invoked, but wrapup() was.  This is unusual, but not always a problem.  For example, exporting JNLP will do this.
.TestExceptionAttribute4.TestExceptionAttribute2: initialize() was not invoked, but wrapup() was.  This is unusual, but not always a problem.  For example, exporting JNLP will do this.
0 ms. Memory: 555008K Free: 263276K (47%)
----------------- Invoking toplevel() on ptolemy.moml.MoMLSimpleApplication@6ac0bdf6
----------------- Done invoking toplevel() on ptolemy.moml.MoMLSimpleApplication@6ac0bdf6
reloadAllAccessors: .TestExceptionAttribute4

===========================================================================================
----------------- testing Mon Jan 27 06:55:13 UTC 2020 /home/travis/build/icyphy/ptII/ptolemy/actor/lib/test/auto/TestExceptionHandler1.xml
----------------- Instantiating /home/travis/build/icyphy/ptII/ptolemy/actor/lib/test/auto/TestExceptionHandler1.xml
1 ms. Memory: 555008K Free: 259180K (47%)
----------------- Invoking toplevel() on ptolemy.moml.MoMLSimpleApplication@3ea77f76
----------------- Done invoking toplevel() on ptolemy.moml.MoMLSimpleApplication@3ea77f76
reloadAllAccessors: .TestExceptionHandler1

===========================================================================================
----------------- testing Mon Jan 27 06:55:13 UTC 2020 /home/travis/build/icyphy/ptII/ptolemy/actor/lib/test/auto/TestExceptionHandler2.xml
----------------- Instantiating /home/travis/build/icyphy/ptII/ptolemy/actor/lib/test/auto/TestExceptionHandler2.xml
1 ms. Memory: 555008K Free: 255598K (46%)
----------------- Invoking toplevel() on ptolemy.moml.MoMLSimpleApplication@4ccee778
----------------- Done invoking toplevel() on ptolemy.moml.MoMLSimpleApplication@4ccee778
reloadAllAccessors: .TestExceptionHandler2

===========================================================================================
----------------- testing Mon Jan 27 06:55:13 UTC 2020 /home/travis/build/icyphy/ptII/ptolemy/actor/lib/test/auto/TestExceptionHandler3.xml
----------------- Instantiating /home/travis/build/icyphy/ptII/ptolemy/actor/lib/test/auto/TestExceptionHandler3.xml
1 ms. Memory: 555008K Free: 252012K (45%)
----------------- Invoking toplevel() on ptolemy.moml.MoMLSimpleApplication@60a8b8b0
----------------- Done invoking toplevel() on ptolemy.moml.MoMLSimpleApplication@60a8b8b0
reloadAllAccessors: .TestExceptionHandler3

===========================================================================================
----------------- testing Mon Jan 27 06:55:13 UTC 2020 /home/travis/build/icyphy/ptII/ptolemy/actor/lib/test/auto/TestExceptionHandler4.xml
----------------- Instantiating /home/travis/build/icyphy/ptII/ptolemy/actor/lib/test/auto/TestExceptionHandler4.xml
0 ms. Memory: 555008K Free: 247916K (45%)
----------------- Invoking toplevel() on ptolemy.moml.MoMLSimpleApplication@6935d136
----------------- Done invoking toplevel() on ptolemy.moml.MoMLSimpleApplication@6935d136
reloadAllAccessors: .TestExceptionHandler4

===========================================================================================
----------------- testing Mon Jan 27 06:55:13 UTC 2020 /home/travis/build/icyphy/ptII/ptolemy/actor/lib/test/auto/TestRequireCorrectOrder.xml
----------------- Instantiating /home/travis/build/icyphy/ptII/ptolemy/actor/lib/test/auto/TestRequireCorrectOrder.xml
5 ms. Memory: 555008K Free: 242766K (44%)
----------------- Invoking toplevel() on ptolemy.moml.MoMLSimpleApplication@6fb9b9ee
----------------- Done invoking toplevel() on ptolemy.moml.MoMLSimpleApplication@6fb9b9ee
reloadAllAccessors: .TestRequireCorrectOrder

===========================================================================================
----------------- testing Mon Jan 27 06:55:13 UTC 2020 /home/travis/build/icyphy/ptII/ptolemy/actor/lib/test/auto/TestSimple.xml
----------------- Instantiating /home/travis/build/icyphy/ptII/ptolemy/actor/lib/test/auto/TestSimple.xml
1 ms. Memory: 555008K Free: 237676K (43%)
----------------- Invoking toplevel() on ptolemy.moml.MoMLSimpleApplication@4831e496
----------------- Done invoking toplevel() on ptolemy.moml.MoMLSimpleApplication@4831e496
reloadAllAccessors: .TestSimple

===========================================================================================
----------------- testing Mon Jan 27 06:55:13 UTC 2020 /home/travis/build/icyphy/ptII/ptolemy/actor/lib/test/auto/ThrowModelError.xml
----------------- Instantiating /home/travis/build/icyphy/ptII/ptolemy/actor/lib/test/auto/ThrowModelError.xml
2 ms. Memory: 555008K Free: 233070K (42%)
----------------- Invoking toplevel() on ptolemy.moml.MoMLSimpleApplication@1ab15bb4
----------------- Done invoking toplevel() on ptolemy.moml.MoMLSimpleApplication@1ab15bb4
reloadAllAccessors: .ThrowModelError

===========================================================================================
----------------- testing Mon Jan 27 06:55:13 UTC 2020 /home/travis/build/icyphy/ptII/ptolemy/actor/lib/test/auto/TimeDelayMicrosteps.xml
----------------- Instantiating /home/travis/build/icyphy/ptII/ptolemy/actor/lib/test/auto/TimeDelayMicrosteps.xml
2 ms. Memory: 555008K Free: 226406K (41%)
----------------- Invoking toplevel() on ptolemy.moml.MoMLSimpleApplication@701a2573
----------------- Done invoking toplevel() on ptolemy.moml.MoMLSimpleApplication@701a2573
reloadAllAccessors: .TimeDelayMicrosteps

===========================================================================================
----------------- testing Mon Jan 27 06:55:13 UTC 2020 /home/travis/build/icyphy/ptII/ptolemy/actor/lib/test/auto/TimeDelayMicrosteps2.xml
----------------- Instantiating /home/travis/build/icyphy/ptII/ptolemy/actor/lib/test/auto/TimeDelayMicrosteps2.xml
5 ms. Memory: 555008K Free: 219230K (40%)
----------------- Invoking toplevel() on ptolemy.moml.MoMLSimpleApplication@42e03ce7
----------------- Done invoking toplevel() on ptolemy.moml.MoMLSimpleApplication@42e03ce7
reloadAllAccessors: .TimeDelayMicrosteps2

===========================================================================================
----------------- testing Mon Jan 27 06:55:13 UTC 2020 /home/travis/build/icyphy/ptII/ptolemy/actor/lib/test/auto/TimeDelayMicrosteps3.xml
----------------- Instantiating /home/travis/build/icyphy/ptII/ptolemy/actor/lib/test/auto/TimeDelayMicrosteps3.xml
2 ms. Memory: 555008K Free: 212046K (38%)
----------------- Invoking toplevel() on ptolemy.moml.MoMLSimpleApplication@3c4ed933
----------------- Done invoking toplevel() on ptolemy.moml.MoMLSimpleApplication@3c4ed933
reloadAllAccessors: .TimeDelayMicrosteps3

===========================================================================================
----------------- testing Mon Jan 27 06:55:13 UTC 2020 /home/travis/build/icyphy/ptII/ptolemy/actor/lib/test/auto/TimeDelayVariableMicrosteps.xml
----------------- Instantiating /home/travis/build/icyphy/ptII/ptolemy/actor/lib/test/auto/TimeDelayVariableMicrosteps.xml
3 ms. Memory: 555008K Free: 205422K (37%)
----------------- Invoking toplevel() on ptolemy.moml.MoMLSimpleApplication@575897f1
----------------- Done invoking toplevel() on ptolemy.moml.MoMLSimpleApplication@575897f1
reloadAllAccessors: .TimeDelayVariableMicrosteps

===========================================================================================
----------------- testing Mon Jan 27 06:55:13 UTC 2020 /home/travis/build/icyphy/ptII/ptolemy/actor/lib/test/auto/TimeGap.xml
----------------- Instantiating /home/travis/build/icyphy/ptII/ptolemy/actor/lib/test/auto/TimeGap.xml
3 ms. Memory: 555008K Free: 200302K (36%)
----------------- Invoking toplevel() on ptolemy.moml.MoMLSimpleApplication@6ffdaad9
----------------- Done invoking toplevel() on ptolemy.moml.MoMLSimpleApplication@6ffdaad9
reloadAllAccessors: .TimeGap

===========================================================================================
----------------- testing Mon Jan 27 06:55:13 UTC 2020 /home/travis/build/icyphy/ptII/ptolemy/actor/lib/test/auto/TimeGap2.xml
----------------- Instantiating /home/travis/build/icyphy/ptII/ptolemy/actor/lib/test/auto/TimeGap2.xml
2 ms. Memory: 555008K Free: 194662K (35%)
----------------- Invoking toplevel() on ptolemy.moml.MoMLSimpleApplication@2751316e
----------------- Done invoking toplevel() on ptolemy.moml.MoMLSimpleApplication@2751316e
reloadAllAccessors: .TimeGap2

===========================================================================================
----------------- testing Mon Jan 27 06:55:13 UTC 2020 /home/travis/build/icyphy/ptII/ptolemy/actor/lib/test/auto/TimedSinewave.xml
----------------- Instantiating /home/travis/build/icyphy/ptII/ptolemy/actor/lib/test/auto/TimedSinewave.xml
23 ms. Memory: 555008K Free: 179822K (32%)
----------------- Invoking toplevel() on ptolemy.moml.MoMLSimpleApplication@1081103f
----------------- Done invoking toplevel() on ptolemy.moml.MoMLSimpleApplication@1081103f
reloadAllAccessors: .TimedSinewave

===========================================================================================
----------------- testing Mon Jan 27 06:55:13 UTC 2020 /home/travis/build/icyphy/ptII/ptolemy/actor/lib/test/auto/TimedSinewavePhase.xml
----------------- Instantiating /home/travis/build/icyphy/ptII/ptolemy/actor/lib/test/auto/TimedSinewavePhase.xml
9 ms. Memory: 555008K Free: 497751K (90%)
----------------- Invoking toplevel() on ptolemy.moml.MoMLSimpleApplication@b1ff81d
----------------- Done invoking toplevel() on ptolemy.moml.MoMLSimpleApplication@b1ff81d
reloadAllAccessors: .TimedSinewavePhase

===========================================================================================
----------------- testing Mon Jan 27 06:55:13 UTC 2020 /home/travis/build/icyphy/ptII/ptolemy/actor/lib/test/auto/Timer.xml
----------------- Instantiating /home/travis/build/icyphy/ptII/ptolemy/actor/lib/test/auto/Timer.xml
2 ms. Memory: 555008K Free: 491601K (89%)
----------------- Invoking toplevel() on ptolemy.moml.MoMLSimpleApplication@1e4a222b
----------------- Done invoking toplevel() on ptolemy.moml.MoMLSimpleApplication@1e4a222b
reloadAllAccessors: .Timer

===========================================================================================
----------------- testing Mon Jan 27 06:55:13 UTC 2020 /home/travis/build/icyphy/ptII/ptolemy/actor/lib/test/auto/TriangularDistTestModel.xml
----------------- Instantiating /home/travis/build/icyphy/ptII/ptolemy/actor/lib/test/auto/TriangularDistTestModel.xml
1 ms. Memory: 555008K Free: 485977K (88%)
----------------- Invoking toplevel() on ptolemy.moml.MoMLSimpleApplication@5d6e4974
----------------- Done invoking toplevel() on ptolemy.moml.MoMLSimpleApplication@5d6e4974
reloadAllAccessors: .TriangularDistTestModel

===========================================================================================
----------------- testing Mon Jan 27 06:55:13 UTC 2020 /home/travis/build/icyphy/ptII/ptolemy/actor/lib/test/auto/TrigFunction.xml
----------------- Instantiating /home/travis/build/icyphy/ptII/ptolemy/actor/lib/test/auto/TrigFunction.xml
2 ms. Memory: 555008K Free: 481367K (87%)
----------------- Invoking toplevel() on ptolemy.moml.MoMLSimpleApplication@68de31f8
----------------- Done invoking toplevel() on ptolemy.moml.MoMLSimpleApplication@68de31f8
reloadAllAccessors: .TrigFunction

===========================================================================================
----------------- testing Mon Jan 27 06:55:13 UTC 2020 /home/travis/build/icyphy/ptII/ptolemy/actor/lib/test/auto/TrigFunctionDE.xml
----------------- Instantiating /home/travis/build/icyphy/ptII/ptolemy/actor/lib/test/auto/TrigFunctionDE.xml
1 ms. Memory: 555008K Free: 475737K (86%)
----------------- Invoking toplevel() on ptolemy.moml.MoMLSimpleApplication@138d8b88
----------------- Done invoking toplevel() on ptolemy.moml.MoMLSimpleApplication@138d8b88
reloadAllAccessors: .TrigFunctionDE

===========================================================================================
----------------- testing Mon Jan 27 06:55:13 UTC 2020 /home/travis/build/icyphy/ptII/ptolemy/actor/lib/test/auto/TrigFunctionInverse.xml
----------------- Instantiating /home/travis/build/icyphy/ptII/ptolemy/actor/lib/test/auto/TrigFunctionInverse.xml
1 ms. Memory: 555008K Free: 470103K (85%)
----------------- Invoking toplevel() on ptolemy.moml.MoMLSimpleApplication@717b2c6d
----------------- Done invoking toplevel() on ptolemy.moml.MoMLSimpleApplication@717b2c6d
reloadAllAccessors: .TrigFunctionInverse

===========================================================================================
----------------- testing Mon Jan 27 06:55:13 UTC 2020 /home/travis/build/icyphy/ptII/ptolemy/actor/lib/test/auto/TrigFunctionTan.xml
----------------- Instantiating /home/travis/build/icyphy/ptII/ptolemy/actor/lib/test/auto/TrigFunctionTan.xml
1 ms. Memory: 555008K Free: 466007K (84%)
----------------- Invoking toplevel() on ptolemy.moml.MoMLSimpleApplication@42815e1d
----------------- Done invoking toplevel() on ptolemy.moml.MoMLSimpleApplication@42815e1d
reloadAllAccessors: .TrigFunctionTan

===========================================================================================
----------------- testing Mon Jan 27 06:55:13 UTC 2020 /home/travis/build/icyphy/ptII/ptolemy/actor/lib/test/auto/TriggeredClock.xml
----------------- Instantiating /home/travis/build/icyphy/ptII/ptolemy/actor/lib/test/auto/TriggeredClock.xml
1 ms. Memory: 555008K Free: 460881K (83%)
----------------- Invoking toplevel() on ptolemy.moml.MoMLSimpleApplication@3de56e1a
----------------- Done invoking toplevel() on ptolemy.moml.MoMLSimpleApplication@3de56e1a
reloadAllAccessors: .TriggeredClock

===========================================================================================
----------------- testing Mon Jan 27 06:55:13 UTC 2020 /home/travis/build/icyphy/ptII/ptolemy/actor/lib/test/auto/URLDirectoryReader.xml
----------------- Instantiating /home/travis/build/icyphy/ptII/ptolemy/actor/lib/test/auto/URLDirectoryReader.xml
23 ms. Memory: 555008K Free: 451161K (81%)
----------------- Invoking toplevel() on ptolemy.moml.MoMLSimpleApplication@625aee30
----------------- Done invoking toplevel() on ptolemy.moml.MoMLSimpleApplication@625aee30
reloadAllAccessors: .URLDirectoryReader

===========================================================================================
----------------- testing Mon Jan 27 06:55:13 UTC 2020 /home/travis/build/icyphy/ptII/ptolemy/actor/lib/test/auto/URLDirectoryReader3.xml
----------------- Instantiating /home/travis/build/icyphy/ptII/ptolemy/actor/lib/test/auto/URLDirectoryReader3.xml
1336 ms. Memory: 555008K Free: 496068K (89%)
----------------- Invoking toplevel() on ptolemy.moml.MoMLSimpleApplication@151f022
----------------- Done invoking toplevel() on ptolemy.moml.MoMLSimpleApplication@151f022
reloadAllAccessors: .URLDirectoryReader3

===========================================================================================
----------------- testing Mon Jan 27 06:55:15 UTC 2020 /home/travis/build/icyphy/ptII/ptolemy/actor/lib/test/auto/UnaryMathFunction.xml
----------------- Instantiating /home/travis/build/icyphy/ptII/ptolemy/actor/lib/test/auto/UnaryMathFunction.xml
2 ms. Memory: 555008K Free: 487874K (88%)
----------------- Invoking toplevel() on ptolemy.moml.MoMLSimpleApplication@5f15ae55
----------------- Done invoking toplevel() on ptolemy.moml.MoMLSimpleApplication@5f15ae55
reloadAllAccessors: .UnaryMathFunction

===========================================================================================
----------------- testing Mon Jan 27 06:55:15 UTC 2020 /home/travis/build/icyphy/ptII/ptolemy/actor/lib/test/auto/Uniform.xml
----------------- Instantiating /home/travis/build/icyphy/ptII/ptolemy/actor/lib/test/auto/Uniform.xml
3 ms. Memory: 555008K Free: 483268K (87%)
----------------- Invoking toplevel() on ptolemy.moml.MoMLSimpleApplication@79fc8abd
----------------- Done invoking toplevel() on ptolemy.moml.MoMLSimpleApplication@79fc8abd
reloadAllAccessors: .Uniform

===========================================================================================
----------------- testing Mon Jan 27 06:55:15 UTC 2020 /home/travis/build/icyphy/ptII/ptolemy/actor/lib/test/auto/UnionDisassemblerTest.xml
----------------- Instantiating /home/travis/build/icyphy/ptII/ptolemy/actor/lib/test/auto/UnionDisassemblerTest.xml
14 ms. Memory: 555008K Free: 479666K (86%)
----------------- Invoking toplevel() on ptolemy.moml.MoMLSimpleApplication@52952fc5
----------------- Done invoking toplevel() on ptolemy.moml.MoMLSimpleApplication@52952fc5
reloadAllAccessors: .UnionDisassemblerTest

===========================================================================================
----------------- testing Mon Jan 27 06:55:15 UTC 2020 /home/travis/build/icyphy/ptII/ptolemy/actor/lib/test/auto/UtilityFunctions.xml
----------------- Instantiating /home/travis/build/icyphy/ptII/ptolemy/actor/lib/test/auto/UtilityFunctions.xml
1 ms. Memory: 555008K Free: 475076K (86%)
----------------- Invoking toplevel() on ptolemy.moml.MoMLSimpleApplication@c3b175a
----------------- Done invoking toplevel() on ptolemy.moml.MoMLSimpleApplication@c3b175a
reloadAllAccessors: .UtilityFunctions

===========================================================================================
----------------- testing Mon Jan 27 06:55:15 UTC 2020 /home/travis/build/icyphy/ptII/ptolemy/actor/lib/test/auto/VariableSleep.xml
----------------- Instantiating /home/travis/build/icyphy/ptII/ptolemy/actor/lib/test/auto/VariableSleep.xml
502 ms. Memory: 555008K Free: 469956K (85%)
----------------- Invoking toplevel() on ptolemy.moml.MoMLSimpleApplication@5f238f7d
----------------- Done invoking toplevel() on ptolemy.moml.MoMLSimpleApplication@5f238f7d
reloadAllAccessors: .VariableSleep

===========================================================================================
----------------- testing Mon Jan 27 06:55:16 UTC 2020 /home/travis/build/icyphy/ptII/ptolemy/actor/lib/test/auto/VectorAssemblerDisassemblerCT.xml
----------------- Instantiating /home/travis/build/icyphy/ptII/ptolemy/actor/lib/test/auto/VectorAssemblerDisassemblerCT.xml
74 ms. Memory: 555008K Free: 449476K (81%)
----------------- Invoking toplevel() on ptolemy.moml.MoMLSimpleApplication@7e00add
----------------- Done invoking toplevel() on ptolemy.moml.MoMLSimpleApplication@7e00add
reloadAllAccessors: .VectorAssemblerDisassemblerCT

===========================================================================================
----------------- testing Mon Jan 27 06:55:16 UTC 2020 /home/travis/build/icyphy/ptII/ptolemy/actor/lib/test/auto/VectorAssemblerDisassemblerDE.xml
----------------- Instantiating /home/travis/build/icyphy/ptII/ptolemy/actor/lib/test/auto/VectorAssemblerDisassemblerDE.xml
3 ms. Memory: 555008K Free: 442308K (80%)
----------------- Invoking toplevel() on ptolemy.moml.MoMLSimpleApplication@3b5fb87f
----------------- Done invoking toplevel() on ptolemy.moml.MoMLSimpleApplication@3b5fb87f
reloadAllAccessors: .VectorAssemblerDisassemblerDE

===========================================================================================
----------------- testing Mon Jan 27 06:55:16 UTC 2020 /home/travis/build/icyphy/ptII/ptolemy/actor/lib/test/auto/VectorAssemblerDisassemblerSDF.xml
----------------- Instantiating /home/travis/build/icyphy/ptII/ptolemy/actor/lib/test/auto/VectorAssemblerDisassemblerSDF.xml
2 ms. Memory: 555008K Free: 435140K (78%)
----------------- Invoking toplevel() on ptolemy.moml.MoMLSimpleApplication@f510465
----------------- Done invoking toplevel() on ptolemy.moml.MoMLSimpleApplication@f510465
reloadAllAccessors: .VectorAssemblerDisassemblerSDF

===========================================================================================
----------------- testing Mon Jan 27 06:55:16 UTC 2020 /home/travis/build/icyphy/ptII/ptolemy/actor/lib/test/auto/WallClockTime.xml
----------------- Instantiating /home/travis/build/icyphy/ptII/ptolemy/actor/lib/test/auto/WallClockTime.xml
1004 ms. Memory: 555008K Free: 430020K (77%)
----------------- Invoking toplevel() on ptolemy.moml.MoMLSimpleApplication@4d2f896b
----------------- Done invoking toplevel() on ptolemy.moml.MoMLSimpleApplication@4d2f896b
reloadAllAccessors: .WallClockTime

===========================================================================================
----------------- testing Mon Jan 27 06:55:17 UTC 2020 /home/travis/build/icyphy/ptII/ptolemy/actor/lib/test/auto/WidthTestWithSubscriberPublisher.xml
----------------- Instantiating /home/travis/build/icyphy/ptII/ptolemy/actor/lib/test/auto/WidthTestWithSubscriberPublisher.xml
6 ms. Memory: 555008K Free: 412098K (74%)
----------------- Invoking toplevel() on ptolemy.moml.MoMLSimpleApplication@5a373eca
----------------- Done invoking toplevel() on ptolemy.moml.MoMLSimpleApplication@5a373eca
reloadAllAccessors: .WidthTestWithSubscriberPublisher

===========================================================================================
----------------- testing Mon Jan 27 06:55:17 UTC 2020 /home/travis/build/icyphy/ptII/ptolemy/actor/lib/test/auto/WidthTestWithSubscriberPublisher2.xml
----------------- Instantiating /home/travis/build/icyphy/ptII/ptolemy/actor/lib/test/auto/WidthTestWithSubscriberPublisher2.xml
2 ms. Memory: 555008K Free: 405444K (73%)
----------------- Invoking toplevel() on ptolemy.moml.MoMLSimpleApplication@7235d8a
----------------- Done invoking toplevel() on ptolemy.moml.MoMLSimpleApplication@7235d8a
reloadAllAccessors: .WidthTestWithSubscriberPublisher2

===========================================================================================
----------------- testing Mon Jan 27 06:55:17 UTC 2020 /home/travis/build/icyphy/ptII/ptolemy/actor/lib/test/auto/WidthTestWithSubscriberPublisher3.xml
----------------- Instantiating /home/travis/build/icyphy/ptII/ptolemy/actor/lib/test/auto/WidthTestWithSubscriberPublisher3.xml
1 ms. Memory: 555008K Free: 399810K (72%)
----------------- Invoking toplevel() on ptolemy.moml.MoMLSimpleApplication@76c4ce31
----------------- Done invoking toplevel() on ptolemy.moml.MoMLSimpleApplication@76c4ce31
reloadAllAccessors: .WidthTestWithSubscriberPublisher3

===========================================================================================
----------------- testing Mon Jan 27 06:55:17 UTC 2020 /home/travis/build/icyphy/ptII/ptolemy/actor/lib/test/auto/Writer.xml
----------------- Instantiating /home/travis/build/icyphy/ptII/ptolemy/actor/lib/test/auto/Writer.xml
0
1
2
3
4
1 ms. Memory: 555008K Free: 395700K (71%)
----------------- Invoking toplevel() on ptolemy.moml.MoMLSimpleApplication@cfd041
----------------- Done invoking toplevel() on ptolemy.moml.MoMLSimpleApplication@cfd041
reloadAllAccessors: .Writer

===========================================================================================
----------------- testing Mon Jan 27 06:55:17 UTC 2020 /home/travis/build/icyphy/ptII/ptolemy/actor/lib/test/auto/array.xml
----------------- Instantiating /home/travis/build/icyphy/ptII/ptolemy/actor/lib/test/auto/array.xml
1 ms. Memory: 555008K Free: 390594K (70%)
----------------- Invoking toplevel() on ptolemy.moml.MoMLSimpleApplication@ff2d52c
----------------- Done invoking toplevel() on ptolemy.moml.MoMLSimpleApplication@ff2d52c
reloadAllAccessors: .array

===========================================================================================
----------------- testing Mon Jan 27 06:55:17 UTC 2020 /home/travis/build/icyphy/ptII/ptolemy/actor/lib/test/auto/array2.xml
----------------- Instantiating /home/travis/build/icyphy/ptII/ptolemy/actor/lib/test/auto/array2.xml
4 ms. Memory: 555008K Free: 385460K (69%)
----------------- Invoking toplevel() on ptolemy.moml.MoMLSimpleApplication@61eda1cc
----------------- Done invoking toplevel() on ptolemy.moml.MoMLSimpleApplication@61eda1cc
reloadAllAccessors: .array2

===========================================================================================
----------------- testing Mon Jan 27 06:55:17 UTC 2020 /home/travis/build/icyphy/ptII/ptolemy/actor/lib/test/auto/arrayType.xml
----------------- Instantiating /home/travis/build/icyphy/ptII/ptolemy/actor/lib/test/auto/arrayType.xml
2 ms. Memory: 555008K Free: 380354K (69%)
----------------- Invoking toplevel() on ptolemy.moml.MoMLSimpleApplication@239375ef
----------------- Done invoking toplevel() on ptolemy.moml.MoMLSimpleApplication@239375ef
reloadAllAccessors: .arrayType

===========================================================================================
----------------- testing Mon Jan 27 06:55:17 UTC 2020 /home/travis/build/icyphy/ptII/ptolemy/actor/lib/test/auto/arrayType10.xml
----------------- Instantiating /home/travis/build/icyphy/ptII/ptolemy/actor/lib/test/auto/arrayType10.xml
1 ms. Memory: 555008K Free: 375748K (68%)
----------------- Invoking toplevel() on ptolemy.moml.MoMLSimpleApplication@276d45c7
----------------- Done invoking toplevel() on ptolemy.moml.MoMLSimpleApplication@276d45c7
reloadAllAccessors: .arrayType10

===========================================================================================
----------------- testing Mon Jan 27 06:55:17 UTC 2020 /home/travis/build/icyphy/ptII/ptolemy/actor/lib/test/auto/arrayType11.xml
----------------- Instantiating /home/travis/build/icyphy/ptII/ptolemy/actor/lib/test/auto/arrayType11.xml
2 ms. Memory: 555008K Free: 370628K (67%)
----------------- Invoking toplevel() on ptolemy.moml.MoMLSimpleApplication@3571bbc9
----------------- Done invoking toplevel() on ptolemy.moml.MoMLSimpleApplication@3571bbc9
reloadAllAccessors: .arrayType11

===========================================================================================
----------------- testing Mon Jan 27 06:55:17 UTC 2020 /home/travis/build/icyphy/ptII/ptolemy/actor/lib/test/auto/arrayType12.xml
----------------- Instantiating /home/travis/build/icyphy/ptII/ptolemy/actor/lib/test/auto/arrayType12.xml
1 ms. Memory: 555008K Free: 366018K (66%)
----------------- Invoking toplevel() on ptolemy.moml.MoMLSimpleApplication@4709325f
----------------- Done invoking toplevel() on ptolemy.moml.MoMLSimpleApplication@4709325f
reloadAllAccessors: .arrayType12

===========================================================================================
----------------- testing Mon Jan 27 06:55:17 UTC 2020 /home/travis/build/icyphy/ptII/ptolemy/actor/lib/test/auto/arrayType13.xml
----------------- Instantiating /home/travis/build/icyphy/ptII/ptolemy/actor/lib/test/auto/arrayType13.xml
2 ms. Memory: 555008K Free: 360898K (65%)
----------------- Invoking toplevel() on ptolemy.moml.MoMLSimpleApplication@6a5061d4
----------------- Done invoking toplevel() on ptolemy.moml.MoMLSimpleApplication@6a5061d4
reloadAllAccessors: .arrayType13

===========================================================================================
----------------- testing Mon Jan 27 06:55:17 UTC 2020 /home/travis/build/icyphy/ptII/ptolemy/actor/lib/test/auto/arrayType14.xml
----------------- Instantiating /home/travis/build/icyphy/ptII/ptolemy/actor/lib/test/auto/arrayType14.xml
2 ms. Memory: 555008K Free: 355268K (64%)
----------------- Invoking toplevel() on ptolemy.moml.MoMLSimpleApplication@2ca31349
----------------- Done invoking toplevel() on ptolemy.moml.MoMLSimpleApplication@2ca31349
reloadAllAccessors: .arrayType14

===========================================================================================
----------------- testing Mon Jan 27 06:55:17 UTC 2020 /home/travis/build/icyphy/ptII/ptolemy/actor/lib/test/auto/arrayType15.xml
----------------- Instantiating /home/travis/build/icyphy/ptII/ptolemy/actor/lib/test/auto/arrayType15.xml
4 ms. Memory: 555008K Free: 350148K (63%)
----------------- Invoking toplevel() on ptolemy.moml.MoMLSimpleApplication@46a5a354
----------------- Done invoking toplevel() on ptolemy.moml.MoMLSimpleApplication@46a5a354
reloadAllAccessors: .arrayType15

===========================================================================================
----------------- testing Mon Jan 27 06:55:17 UTC 2020 /home/travis/build/icyphy/ptII/ptolemy/actor/lib/test/auto/arrayType16.xml
----------------- Instantiating /home/travis/build/icyphy/ptII/ptolemy/actor/lib/test/auto/arrayType16.xml
2 ms. Memory: 555008K Free: 345028K (62%)
----------------- Invoking toplevel() on ptolemy.moml.MoMLSimpleApplication@4b46bc41
----------------- Done invoking toplevel() on ptolemy.moml.MoMLSimpleApplication@4b46bc41
reloadAllAccessors: .arrayType16

===========================================================================================
----------------- testing Mon Jan 27 06:55:17 UTC 2020 /home/travis/build/icyphy/ptII/ptolemy/actor/lib/test/auto/arrayType17.xml
----------------- Instantiating /home/travis/build/icyphy/ptII/ptolemy/actor/lib/test/auto/arrayType17.xml
1 ms. Memory: 555008K Free: 339394K (61%)
----------------- Invoking toplevel() on ptolemy.moml.MoMLSimpleApplication@65ef322e
----------------- Done invoking toplevel() on ptolemy.moml.MoMLSimpleApplication@65ef322e
reloadAllAccessors: .arrayType17

===========================================================================================
----------------- testing Mon Jan 27 06:55:17 UTC 2020 /home/travis/build/icyphy/ptII/ptolemy/actor/lib/test/auto/arrayType18.xml
----------------- Instantiating /home/travis/build/icyphy/ptII/ptolemy/actor/lib/test/auto/arrayType18.xml
1 ms. Memory: 555008K Free: 334788K (60%)
----------------- Invoking toplevel() on ptolemy.moml.MoMLSimpleApplication@7fd7aef9
----------------- Done invoking toplevel() on ptolemy.moml.MoMLSimpleApplication@7fd7aef9
reloadAllAccessors: .arrayType18

===========================================================================================
----------------- testing Mon Jan 27 06:55:17 UTC 2020 /home/travis/build/icyphy/ptII/ptolemy/actor/lib/test/auto/arrayType19.xml
----------------- Instantiating /home/travis/build/icyphy/ptII/ptolemy/actor/lib/test/auto/arrayType19.xml
2 ms. Memory: 555008K Free: 330178K (59%)
----------------- Invoking toplevel() on ptolemy.moml.MoMLSimpleApplication@27803d91
----------------- Done invoking toplevel() on ptolemy.moml.MoMLSimpleApplication@27803d91
reloadAllAccessors: .arrayType19

===========================================================================================
----------------- testing Mon Jan 27 06:55:17 UTC 2020 /home/travis/build/icyphy/ptII/ptolemy/actor/lib/test/auto/arrayType2.xml
----------------- Instantiating /home/travis/build/icyphy/ptII/ptolemy/actor/lib/test/auto/arrayType2.xml
1 ms. Memory: 555008K Free: 324548K (58%)
----------------- Invoking toplevel() on ptolemy.moml.MoMLSimpleApplication@6d53da63
----------------- Done invoking toplevel() on ptolemy.moml.MoMLSimpleApplication@6d53da63
reloadAllAccessors: .arrayType2

===========================================================================================
----------------- testing Mon Jan 27 06:55:17 UTC 2020 /home/travis/build/icyphy/ptII/ptolemy/actor/lib/test/auto/arrayType20.xml
----------------- Instantiating /home/travis/build/icyphy/ptII/ptolemy/actor/lib/test/auto/arrayType20.xml
1 ms. Memory: 555008K Free: 319428K (58%)
----------------- Invoking toplevel() on ptolemy.moml.MoMLSimpleApplication@6384c5c7
----------------- Done invoking toplevel() on ptolemy.moml.MoMLSimpleApplication@6384c5c7
reloadAllAccessors: .arrayType20

===========================================================================================
----------------- testing Mon Jan 27 06:55:17 UTC 2020 /home/travis/build/icyphy/ptII/ptolemy/actor/lib/test/auto/arrayType21.xml
----------------- Instantiating /home/travis/build/icyphy/ptII/ptolemy/actor/lib/test/auto/arrayType21.xml
2 ms. Memory: 555008K Free: 314818K (57%)
----------------- Invoking toplevel() on ptolemy.moml.MoMLSimpleApplication@3cb5b90c
----------------- Done invoking toplevel() on ptolemy.moml.MoMLSimpleApplication@3cb5b90c
reloadAllAccessors: .arrayType21

===========================================================================================
----------------- testing Mon Jan 27 06:55:17 UTC 2020 /home/travis/build/icyphy/ptII/ptolemy/actor/lib/test/auto/arrayType22.xml
----------------- Instantiating /home/travis/build/icyphy/ptII/ptolemy/actor/lib/test/auto/arrayType22.xml
1 ms. Memory: 555008K Free: 309698K (56%)
----------------- Invoking toplevel() on ptolemy.moml.MoMLSimpleApplication@7ecbb54b
----------------- Done invoking toplevel() on ptolemy.moml.MoMLSimpleApplication@7ecbb54b
reloadAllAccessors: .arrayType22

===========================================================================================
----------------- testing Mon Jan 27 06:55:17 UTC 2020 /home/travis/build/icyphy/ptII/ptolemy/actor/lib/test/auto/arrayType23.xml
----------------- Instantiating /home/travis/build/icyphy/ptII/ptolemy/actor/lib/test/auto/arrayType23.xml
1 ms. Memory: 555008K Free: 305092K (55%)
----------------- Invoking toplevel() on ptolemy.moml.MoMLSimpleApplication@598d99ea
----------------- Done invoking toplevel() on ptolemy.moml.MoMLSimpleApplication@598d99ea
reloadAllAccessors: .arrayType23

===========================================================================================
----------------- testing Mon Jan 27 06:55:17 UTC 2020 /home/travis/build/icyphy/ptII/ptolemy/actor/lib/test/auto/arrayType24.xml
----------------- Instantiating /home/travis/build/icyphy/ptII/ptolemy/actor/lib/test/auto/arrayType24.xml
1 ms. Memory: 555008K Free: 299972K (54%)
----------------- Invoking toplevel() on ptolemy.moml.MoMLSimpleApplication@53e1998a
----------------- Done invoking toplevel() on ptolemy.moml.MoMLSimpleApplication@53e1998a
reloadAllAccessors: .arrayType24

===========================================================================================
----------------- testing Mon Jan 27 06:55:17 UTC 2020 /home/travis/build/icyphy/ptII/ptolemy/actor/lib/test/auto/arrayType25.xml
----------------- Instantiating /home/travis/build/icyphy/ptII/ptolemy/actor/lib/test/auto/arrayType25.xml
1 ms. Memory: 555008K Free: 294338K (53%)
----------------- Invoking toplevel() on ptolemy.moml.MoMLSimpleApplication@284804e3
----------------- Done invoking toplevel() on ptolemy.moml.MoMLSimpleApplication@284804e3
reloadAllAccessors: .arrayType25

===========================================================================================
----------------- testing Mon Jan 27 06:55:17 UTC 2020 /home/travis/build/icyphy/ptII/ptolemy/actor/lib/test/auto/arrayType26.xml
----------------- Instantiating /home/travis/build/icyphy/ptII/ptolemy/actor/lib/test/auto/arrayType26.xml
1 ms. Memory: 555008K Free: 289218K (52%)
----------------- Invoking toplevel() on ptolemy.moml.MoMLSimpleApplication@4cfe4be0
----------------- Done invoking toplevel() on ptolemy.moml.MoMLSimpleApplication@4cfe4be0
reloadAllAccessors: .arrayType26

===========================================================================================
----------------- testing Mon Jan 27 06:55:17 UTC 2020 /home/travis/build/icyphy/ptII/ptolemy/actor/lib/test/auto/arrayType27.xml
----------------- Instantiating /home/travis/build/icyphy/ptII/ptolemy/actor/lib/test/auto/arrayType27.xml
1 ms. Memory: 555008K Free: 284098K (51%)
----------------- Invoking toplevel() on ptolemy.moml.MoMLSimpleApplication@1be61659
----------------- Done invoking toplevel() on ptolemy.moml.MoMLSimpleApplication@1be61659
reloadAllAccessors: .arrayType27

===========================================================================================
----------------- testing Mon Jan 27 06:55:17 UTC 2020 /home/travis/build/icyphy/ptII/ptolemy/actor/lib/test/auto/arrayType28.xml
----------------- Instantiating /home/travis/build/icyphy/ptII/ptolemy/actor/lib/test/auto/arrayType28.xml
1 ms. Memory: 555008K Free: 278468K (50%)
----------------- Invoking toplevel() on ptolemy.moml.MoMLSimpleApplication@3c0700c9
----------------- Done invoking toplevel() on ptolemy.moml.MoMLSimpleApplication@3c0700c9
reloadAllAccessors: .arrayType28

===========================================================================================
----------------- testing Mon Jan 27 06:55:17 UTC 2020 /home/travis/build/icyphy/ptII/ptolemy/actor/lib/test/auto/arrayType3.xml
----------------- Instantiating /home/travis/build/icyphy/ptII/ptolemy/actor/lib/test/auto/arrayType3.xml
2 ms. Memory: 555008K Free: 273348K (49%)
----------------- Invoking toplevel() on ptolemy.moml.MoMLSimpleApplication@70b5b2dd
----------------- Done invoking toplevel() on ptolemy.moml.MoMLSimpleApplication@70b5b2dd
reloadAllAccessors: .arrayType3

===========================================================================================
----------------- testing Mon Jan 27 06:55:17 UTC 2020 /home/travis/build/icyphy/ptII/ptolemy/actor/lib/test/auto/arrayType4.xml
----------------- Instantiating /home/travis/build/icyphy/ptII/ptolemy/actor/lib/test/auto/arrayType4.xml
1 ms. Memory: 555008K Free: 267714K (48%)
----------------- Invoking toplevel() on ptolemy.moml.MoMLSimpleApplication@7b0de886
----------------- Done invoking toplevel() on ptolemy.moml.MoMLSimpleApplication@7b0de886
reloadAllAccessors: .arrayType4

===========================================================================================
----------------- testing Mon Jan 27 06:55:17 UTC 2020 /home/travis/build/icyphy/ptII/ptolemy/actor/lib/test/auto/arrayType5.xml
----------------- Instantiating /home/travis/build/icyphy/ptII/ptolemy/actor/lib/test/auto/arrayType5.xml
5 ms. Memory: 555008K Free: 262594K (47%)
----------------- Invoking toplevel() on ptolemy.moml.MoMLSimpleApplication@4febd458
----------------- Done invoking toplevel() on ptolemy.moml.MoMLSimpleApplication@4febd458
reloadAllAccessors: .arrayType5

===========================================================================================
----------------- testing Mon Jan 27 06:55:17 UTC 2020 /home/travis/build/icyphy/ptII/ptolemy/actor/lib/test/auto/arrayType6.xml
----------------- Instantiating /home/travis/build/icyphy/ptII/ptolemy/actor/lib/test/auto/arrayType6.xml
2 ms. Memory: 555008K Free: 257988K (46%)
----------------- Invoking toplevel() on ptolemy.moml.MoMLSimpleApplication@3a2c4012
----------------- Done invoking toplevel() on ptolemy.moml.MoMLSimpleApplication@3a2c4012
reloadAllAccessors: .arrayType6

===========================================================================================
----------------- testing Mon Jan 27 06:55:17 UTC 2020 /home/travis/build/icyphy/ptII/ptolemy/actor/lib/test/auto/arrayType7.xml
----------------- Instantiating /home/travis/build/icyphy/ptII/ptolemy/actor/lib/test/auto/arrayType7.xml
1 ms. Memory: 555008K Free: 252868K (46%)
----------------- Invoking toplevel() on ptolemy.moml.MoMLSimpleApplication@2d130ced
----------------- Done invoking toplevel() on ptolemy.moml.MoMLSimpleApplication@2d130ced
reloadAllAccessors: .arrayType7

===========================================================================================
----------------- testing Mon Jan 27 06:55:17 UTC 2020 /home/travis/build/icyphy/ptII/ptolemy/actor/lib/test/auto/arrayType8.xml
----------------- Instantiating /home/travis/build/icyphy/ptII/ptolemy/actor/lib/test/auto/arrayType8.xml
1 ms. Memory: 555008K Free: 248258K (45%)
----------------- Invoking toplevel() on ptolemy.moml.MoMLSimpleApplication@6ea27ff7
----------------- Done invoking toplevel() on ptolemy.moml.MoMLSimpleApplication@6ea27ff7
reloadAllAccessors: .arrayType8

===========================================================================================
----------------- testing Mon Jan 27 06:55:17 UTC 2020 /home/travis/build/icyphy/ptII/ptolemy/actor/lib/test/auto/arrayType9.xml
----------------- Instantiating /home/travis/build/icyphy/ptII/ptolemy/actor/lib/test/auto/arrayType9.xml
1 ms. Memory: 555008K Free: 243652K (44%)
----------------- Invoking toplevel() on ptolemy.moml.MoMLSimpleApplication@3805a59d
----------------- Done invoking toplevel() on ptolemy.moml.MoMLSimpleApplication@3805a59d
reloadAllAccessors: .arrayType9

===========================================================================================
----------------- testing Mon Jan 27 06:55:17 UTC 2020 /home/travis/build/icyphy/ptII/ptolemy/actor/lib/test/auto/cast.xml
----------------- Instantiating /home/travis/build/icyphy/ptII/ptolemy/actor/lib/test/auto/cast.xml
1 ms. Memory: 555008K Free: 238532K (43%)
----------------- Invoking toplevel() on ptolemy.moml.MoMLSimpleApplication@250212dc
----------------- Done invoking toplevel() on ptolemy.moml.MoMLSimpleApplication@250212dc
reloadAllAccessors: .cast

===========================================================================================
----------------- testing Mon Jan 27 06:55:17 UTC 2020 /home/travis/build/icyphy/ptII/ptolemy/actor/lib/test/auto/compositeMultiPort.xml
----------------- Instantiating /home/travis/build/icyphy/ptII/ptolemy/actor/lib/test/auto/compositeMultiPort.xml
3 ms. Memory: 555008K Free: 229812K (41%)
----------------- Invoking toplevel() on ptolemy.moml.MoMLSimpleApplication@33c0eb6
----------------- Done invoking toplevel() on ptolemy.moml.MoMLSimpleApplication@33c0eb6
reloadAllAccessors: .compositeMultiPort

===========================================================================================
----------------- testing Mon Jan 27 06:55:17 UTC 2020 /home/travis/build/icyphy/ptII/ptolemy/actor/lib/test/auto/expressionCastInference.xml
----------------- Instantiating /home/travis/build/icyphy/ptII/ptolemy/actor/lib/test/auto/expressionCastInference.xml
11 ms. Memory: 555008K Free: 224706K (40%)
----------------- Invoking toplevel() on ptolemy.moml.MoMLSimpleApplication@3bb35d88
----------------- Done invoking toplevel() on ptolemy.moml.MoMLSimpleApplication@3bb35d88
reloadAllAccessors: .expressionCastInference

===========================================================================================
----------------- testing Mon Jan 27 06:55:17 UTC 2020 /home/travis/build/icyphy/ptII/ptolemy/actor/lib/test/auto/expressionCastInference2.xml
----------------- Instantiating /home/travis/build/icyphy/ptII/ptolemy/actor/lib/test/auto/expressionCastInference2.xml
2 ms. Memory: 555008K Free: 220100K (40%)
----------------- Invoking toplevel() on ptolemy.moml.MoMLSimpleApplication@1d7a7cca
----------------- Done invoking toplevel() on ptolemy.moml.MoMLSimpleApplication@1d7a7cca
reloadAllAccessors: .expressionCastInference2

===========================================================================================
----------------- testing Mon Jan 27 06:55:17 UTC 2020 /home/travis/build/icyphy/ptII/ptolemy/actor/lib/test/auto/expressionInference.xml
----------------- Instantiating /home/travis/build/icyphy/ptII/ptolemy/actor/lib/test/auto/expressionInference.xml
1 ms. Memory: 555008K Free: 216004K (39%)
----------------- Invoking toplevel() on ptolemy.moml.MoMLSimpleApplication@98def8f
----------------- Done invoking toplevel() on ptolemy.moml.MoMLSimpleApplication@98def8f
reloadAllAccessors: .expressionInference

===========================================================================================
----------------- testing Mon Jan 27 06:55:17 UTC 2020 /home/travis/build/icyphy/ptII/ptolemy/actor/lib/test/auto/expression_bug.xml
----------------- Instantiating /home/travis/build/icyphy/ptII/ptolemy/actor/lib/test/auto/expression_bug.xml
1 ms. Memory: 555008K Free: 211394K (38%)
----------------- Invoking toplevel() on ptolemy.moml.MoMLSimpleApplication@30f7e12
----------------- Done invoking toplevel() on ptolemy.moml.MoMLSimpleApplication@30f7e12
reloadAllAccessors: .expression_bug

===========================================================================================
----------------- testing Mon Jan 27 06:55:17 UTC 2020 /home/travis/build/icyphy/ptII/ptolemy/actor/lib/test/auto/factorial.xml
----------------- Instantiating /home/travis/build/icyphy/ptII/ptolemy/actor/lib/test/auto/factorial.xml
26 ms. Memory: 555008K Free: 202692K (37%)
----------------- Invoking toplevel() on ptolemy.moml.MoMLSimpleApplication@6b1a957c
----------------- Done invoking toplevel() on ptolemy.moml.MoMLSimpleApplication@6b1a957c
reloadAllAccessors: .factorial

===========================================================================================
----------------- testing Mon Jan 27 06:55:17 UTC 2020 /home/travis/build/icyphy/ptII/ptolemy/actor/lib/test/auto/filterTest1.xml
----------------- Instantiating /home/travis/build/icyphy/ptII/ptolemy/actor/lib/test/auto/filterTest1.xml
3 ms. Memory: 555008K Free: 196548K (35%)
----------------- Invoking toplevel() on ptolemy.moml.MoMLSimpleApplication@e6376e4
----------------- Done invoking toplevel() on ptolemy.moml.MoMLSimpleApplication@e6376e4
reloadAllAccessors: .filterTest1

===========================================================================================
----------------- testing Mon Jan 27 06:55:17 UTC 2020 /home/travis/build/icyphy/ptII/ptolemy/actor/lib/test/auto/funcApplyInConst.xml
----------------- Instantiating /home/travis/build/icyphy/ptII/ptolemy/actor/lib/test/auto/funcApplyInConst.xml
1 ms. Memory: 555008K Free: 192962K (35%)
----------------- Invoking toplevel() on ptolemy.moml.MoMLSimpleApplication@3ad11195
----------------- Done invoking toplevel() on ptolemy.moml.MoMLSimpleApplication@3ad11195
reloadAllAccessors: .funcApplyInConst

===========================================================================================
----------------- testing Mon Jan 27 06:55:17 UTC 2020 /home/travis/build/icyphy/ptII/ptolemy/actor/lib/test/auto/funcApplyInExpr.xml
----------------- Instantiating /home/travis/build/icyphy/ptII/ptolemy/actor/lib/test/auto/funcApplyInExpr.xml
1 ms. Memory: 555008K Free: 189380K (34%)
----------------- Invoking toplevel() on ptolemy.moml.MoMLSimpleApplication@59451ff5
----------------- Done invoking toplevel() on ptolemy.moml.MoMLSimpleApplication@59451ff5
reloadAllAccessors: .funcApplyInExpr

===========================================================================================
----------------- testing Mon Jan 27 06:55:17 UTC 2020 /home/travis/build/icyphy/ptII/ptolemy/actor/lib/test/auto/function.xml
----------------- Instantiating /home/travis/build/icyphy/ptII/ptolemy/actor/lib/test/auto/function.xml
2 ms. Memory: 555008K Free: 184260K (33%)
----------------- Invoking toplevel() on ptolemy.moml.MoMLSimpleApplication@74b8f1ad
----------------- Done invoking toplevel() on ptolemy.moml.MoMLSimpleApplication@74b8f1ad
reloadAllAccessors: .function

===========================================================================================
----------------- testing Mon Jan 27 06:55:17 UTC 2020 /home/travis/build/icyphy/ptII/ptolemy/actor/lib/test/auto/function2.xml
----------------- Instantiating /home/travis/build/icyphy/ptII/ptolemy/actor/lib/test/auto/function2.xml
2 ms. Memory: 555008K Free: 179650K (32%)
----------------- Invoking toplevel() on ptolemy.moml.MoMLSimpleApplication@6c37a36f
----------------- Done invoking toplevel() on ptolemy.moml.MoMLSimpleApplication@6c37a36f
reloadAllAccessors: .function2

===========================================================================================
----------------- testing Mon Jan 27 06:55:17 UTC 2020 /home/travis/build/icyphy/ptII/ptolemy/actor/lib/test/auto/function3.xml
----------------- Instantiating /home/travis/build/icyphy/ptII/ptolemy/actor/lib/test/auto/function3.xml
15 ms. Memory: 555008K Free: 501624K (90%)
----------------- Invoking toplevel() on ptolemy.moml.MoMLSimpleApplication@251ece3a
----------------- Done invoking toplevel() on ptolemy.moml.MoMLSimpleApplication@251ece3a
reloadAllAccessors: .function3

===========================================================================================
----------------- testing Mon Jan 27 06:55:17 UTC 2020 /home/travis/build/icyphy/ptII/ptolemy/actor/lib/test/auto/functionClosureTest1.xml
----------------- Instantiating /home/travis/build/icyphy/ptII/ptolemy/actor/lib/test/auto/functionClosureTest1.xml
2 ms. Memory: 555008K Free: 494970K (89%)
----------------- Invoking toplevel() on ptolemy.moml.MoMLSimpleApplication@452ff162
----------------- Done invoking toplevel() on ptolemy.moml.MoMLSimpleApplication@452ff162
reloadAllAccessors: .functionClosureTest1

===========================================================================================
----------------- testing Mon Jan 27 06:55:17 UTC 2020 /home/travis/build/icyphy/ptII/ptolemy/actor/lib/test/auto/functionClosureTest2.xml
----------------- Instantiating /home/travis/build/icyphy/ptII/ptolemy/actor/lib/test/auto/functionClosureTest2.xml
1 ms. Memory: 555008K Free: 490874K (88%)
----------------- Invoking toplevel() on ptolemy.moml.MoMLSimpleApplication@15a27517
----------------- Done invoking toplevel() on ptolemy.moml.MoMLSimpleApplication@15a27517
reloadAllAccessors: .functionClosureTest2

===========================================================================================
----------------- testing Mon Jan 27 06:55:17 UTC 2020 /home/travis/build/icyphy/ptII/ptolemy/actor/lib/test/auto/functionClosureTest3.xml
----------------- Instantiating /home/travis/build/icyphy/ptII/ptolemy/actor/lib/test/auto/functionClosureTest3.xml
2 ms. Memory: 555008K Free: 485754K (88%)
----------------- Invoking toplevel() on ptolemy.moml.MoMLSimpleApplication@56dae95
----------------- Done invoking toplevel() on ptolemy.moml.MoMLSimpleApplication@56dae95
reloadAllAccessors: .functionClosureTest3

===========================================================================================
----------------- testing Mon Jan 27 06:55:18 UTC 2020 /home/travis/build/icyphy/ptII/ptolemy/actor/lib/test/auto/functionClosureTest4.xml
----------------- Instantiating /home/travis/build/icyphy/ptII/ptolemy/actor/lib/test/auto/functionClosureTest4.xml
4 ms. Memory: 555008K Free: 479096K (86%)
----------------- Invoking toplevel() on ptolemy.moml.MoMLSimpleApplication@a212e03
----------------- Done invoking toplevel() on ptolemy.moml.MoMLSimpleApplication@a212e03
reloadAllAccessors: .functionClosureTest4

===========================================================================================
----------------- testing Mon Jan 27 06:55:18 UTC 2020 /home/travis/build/icyphy/ptII/ptolemy/actor/lib/test/auto/functionClosureTest5.xml
----------------- Instantiating /home/travis/build/icyphy/ptII/ptolemy/actor/lib/test/auto/functionClosureTest5.xml
3 ms. Memory: 555008K Free: 473970K (85%)
----------------- Invoking toplevel() on ptolemy.moml.MoMLSimpleApplication@6994d7f4
----------------- Done invoking toplevel() on ptolemy.moml.MoMLSimpleApplication@6994d7f4
reloadAllAccessors: .functionClosureTest5

===========================================================================================
----------------- testing Mon Jan 27 06:55:18 UTC 2020 /home/travis/build/icyphy/ptII/ptolemy/actor/lib/test/auto/functionClosureTest6.xml
----------------- Instantiating /home/travis/build/icyphy/ptII/ptolemy/actor/lib/test/auto/functionClosureTest6.xml
2 ms. Memory: 555008K Free: 468856K (84%)
----------------- Invoking toplevel() on ptolemy.moml.MoMLSimpleApplication@20ec761a
----------------- Done invoking toplevel() on ptolemy.moml.MoMLSimpleApplication@20ec761a
reloadAllAccessors: .functionClosureTest6

===========================================================================================
----------------- testing Mon Jan 27 06:55:18 UTC 2020 /home/travis/build/icyphy/ptII/ptolemy/actor/lib/test/auto/functionsOnArcs.xml
----------------- Instantiating /home/travis/build/icyphy/ptII/ptolemy/actor/lib/test/auto/functionsOnArcs.xml
1 ms. Memory: 555008K Free: 463736K (84%)
----------------- Invoking toplevel() on ptolemy.moml.MoMLSimpleApplication@3b86185c
----------------- Done invoking toplevel() on ptolemy.moml.MoMLSimpleApplication@3b86185c
reloadAllAccessors: .functionsOnArcs

===========================================================================================
----------------- testing Mon Jan 27 06:55:18 UTC 2020 /home/travis/build/icyphy/ptII/ptolemy/actor/lib/test/auto/functionsOnArcsHOF.xml
----------------- Instantiating /home/travis/build/icyphy/ptII/ptolemy/actor/lib/test/auto/functionsOnArcsHOF.xml
3 ms. Memory: 555008K Free: 458106K (83%)
----------------- Invoking toplevel() on ptolemy.moml.MoMLSimpleApplication@5a5693f8
----------------- Done invoking toplevel() on ptolemy.moml.MoMLSimpleApplication@5a5693f8
reloadAllAccessors: .functionsOnArcsHOF

===========================================================================================
----------------- testing Mon Jan 27 06:55:18 UTC 2020 /home/travis/build/icyphy/ptII/ptolemy/actor/lib/test/auto/logic.xml
----------------- Instantiating /home/travis/build/icyphy/ptII/ptolemy/actor/lib/test/auto/logic.xml
2 ms. Memory: 555008K Free: 450424K (81%)
----------------- Invoking toplevel() on ptolemy.moml.MoMLSimpleApplication@41da7215
----------------- Done invoking toplevel() on ptolemy.moml.MoMLSimpleApplication@41da7215
reloadAllAccessors: .logic

===========================================================================================
----------------- testing Mon Jan 27 06:55:18 UTC 2020 /home/travis/build/icyphy/ptII/ptolemy/actor/lib/test/auto/matrixType.xml
----------------- Instantiating /home/travis/build/icyphy/ptII/ptolemy/actor/lib/test/auto/matrixType.xml
2 ms. Memory: 555008K Free: 445304K (80%)
----------------- Invoking toplevel() on ptolemy.moml.MoMLSimpleApplication@6e67f043
----------------- Done invoking toplevel() on ptolemy.moml.MoMLSimpleApplication@6e67f043
reloadAllAccessors: .matrixType

===========================================================================================
----------------- testing Mon Jan 27 06:55:18 UTC 2020 /home/travis/build/icyphy/ptII/ptolemy/actor/lib/test/auto/matrixType10.xml
----------------- Instantiating /home/travis/build/icyphy/ptII/ptolemy/actor/lib/test/auto/matrixType10.xml
2 ms. Memory: 555008K Free: 440184K (79%)
----------------- Invoking toplevel() on ptolemy.moml.MoMLSimpleApplication@688f158d
----------------- Done invoking toplevel() on ptolemy.moml.MoMLSimpleApplication@688f158d
reloadAllAccessors: .matrixType10

===========================================================================================
----------------- testing Mon Jan 27 06:55:18 UTC 2020 /home/travis/build/icyphy/ptII/ptolemy/actor/lib/test/auto/matrixType11.xml
----------------- Instantiating /home/travis/build/icyphy/ptII/ptolemy/actor/lib/test/auto/matrixType11.xml
1 ms. Memory: 555008K Free: 435578K (78%)
----------------- Invoking toplevel() on ptolemy.moml.MoMLSimpleApplication@42569da1
----------------- Done invoking toplevel() on ptolemy.moml.MoMLSimpleApplication@42569da1
reloadAllAccessors: .matrixType11

===========================================================================================
----------------- testing Mon Jan 27 06:55:18 UTC 2020 /home/travis/build/icyphy/ptII/ptolemy/actor/lib/test/auto/matrixType12.xml
----------------- Instantiating /home/travis/build/icyphy/ptII/ptolemy/actor/lib/test/auto/matrixType12.xml
1 ms. Memory: 555008K Free: 430458K (78%)
----------------- Invoking toplevel() on ptolemy.moml.MoMLSimpleApplication@6a5b58d
----------------- Done invoking toplevel() on ptolemy.moml.MoMLSimpleApplication@6a5b58d
reloadAllAccessors: .matrixType12

===========================================================================================
----------------- testing Mon Jan 27 06:55:18 UTC 2020 /home/travis/build/icyphy/ptII/ptolemy/actor/lib/test/auto/matrixType13.xml
----------------- Instantiating /home/travis/build/icyphy/ptII/ptolemy/actor/lib/test/auto/matrixType13.xml
1 ms. Memory: 555008K Free: 425848K (77%)
----------------- Invoking toplevel() on ptolemy.moml.MoMLSimpleApplication@5067f496
----------------- Done invoking toplevel() on ptolemy.moml.MoMLSimpleApplication@5067f496
reloadAllAccessors: .matrixType13

===========================================================================================
----------------- testing Mon Jan 27 06:55:18 UTC 2020 /home/travis/build/icyphy/ptII/ptolemy/actor/lib/test/auto/matrixType14.xml
----------------- Instantiating /home/travis/build/icyphy/ptII/ptolemy/actor/lib/test/auto/matrixType14.xml
2 ms. Memory: 555008K Free: 420728K (76%)
----------------- Invoking toplevel() on ptolemy.moml.MoMLSimpleApplication@245fc506
----------------- Done invoking toplevel() on ptolemy.moml.MoMLSimpleApplication@245fc506
reloadAllAccessors: .matrixType14

===========================================================================================
----------------- testing Mon Jan 27 06:55:18 UTC 2020 /home/travis/build/icyphy/ptII/ptolemy/actor/lib/test/auto/matrixType2.xml
----------------- Instantiating /home/travis/build/icyphy/ptII/ptolemy/actor/lib/test/auto/matrixType2.xml
1 ms. Memory: 555008K Free: 415594K (75%)
----------------- Invoking toplevel() on ptolemy.moml.MoMLSimpleApplication@7fd15e6
----------------- Done invoking toplevel() on ptolemy.moml.MoMLSimpleApplication@7fd15e6
reloadAllAccessors: .matrixType2

===========================================================================================
----------------- testing Mon Jan 27 06:55:18 UTC 2020 /home/travis/build/icyphy/ptII/ptolemy/actor/lib/test/auto/matrixType3.xml
----------------- Instantiating /home/travis/build/icyphy/ptII/ptolemy/actor/lib/test/auto/matrixType3.xml
1 ms. Memory: 555008K Free: 410488K (74%)
----------------- Invoking toplevel() on ptolemy.moml.MoMLSimpleApplication@2f18d379
----------------- Done invoking toplevel() on ptolemy.moml.MoMLSimpleApplication@2f18d379
reloadAllAccessors: .matrixType3

===========================================================================================
----------------- testing Mon Jan 27 06:55:18 UTC 2020 /home/travis/build/icyphy/ptII/ptolemy/actor/lib/test/auto/matrixType4.xml
----------------- Instantiating /home/travis/build/icyphy/ptII/ptolemy/actor/lib/test/auto/matrixType4.xml
1 ms. Memory: 555008K Free: 405882K (73%)
----------------- Invoking toplevel() on ptolemy.moml.MoMLSimpleApplication@5820c3c1
----------------- Done invoking toplevel() on ptolemy.moml.MoMLSimpleApplication@5820c3c1
reloadAllAccessors: .matrixType4

===========================================================================================
----------------- testing Mon Jan 27 06:55:18 UTC 2020 /home/travis/build/icyphy/ptII/ptolemy/actor/lib/test/auto/matrixType5.xml
----------------- Instantiating /home/travis/build/icyphy/ptII/ptolemy/actor/lib/test/auto/matrixType5.xml
1 ms. Memory: 555008K Free: 400762K (72%)
----------------- Invoking toplevel() on ptolemy.moml.MoMLSimpleApplication@6e4cea39
----------------- Done invoking toplevel() on ptolemy.moml.MoMLSimpleApplication@6e4cea39
reloadAllAccessors: .matrixType5

===========================================================================================
----------------- testing Mon Jan 27 06:55:18 UTC 2020 /home/travis/build/icyphy/ptII/ptolemy/actor/lib/test/auto/matrixType6.xml
----------------- Instantiating /home/travis/build/icyphy/ptII/ptolemy/actor/lib/test/auto/matrixType6.xml
1 ms. Memory: 555008K Free: 396152K (71%)
----------------- Invoking toplevel() on ptolemy.moml.MoMLSimpleApplication@4f22d59a
----------------- Done invoking toplevel() on ptolemy.moml.MoMLSimpleApplication@4f22d59a
reloadAllAccessors: .matrixType6

===========================================================================================
----------------- testing Mon Jan 27 06:55:18 UTC 2020 /home/travis/build/icyphy/ptII/ptolemy/actor/lib/test/auto/matrixType7.xml
----------------- Instantiating /home/travis/build/icyphy/ptII/ptolemy/actor/lib/test/auto/matrixType7.xml
2 ms. Memory: 555008K Free: 391546K (71%)
----------------- Invoking toplevel() on ptolemy.moml.MoMLSimpleApplication@6be0b026
----------------- Done invoking toplevel() on ptolemy.moml.MoMLSimpleApplication@6be0b026
reloadAllAccessors: .matrixType7

===========================================================================================
----------------- testing Mon Jan 27 06:55:18 UTC 2020 /home/travis/build/icyphy/ptII/ptolemy/actor/lib/test/auto/matrixType8.xml
----------------- Instantiating /home/travis/build/icyphy/ptII/ptolemy/actor/lib/test/auto/matrixType8.xml
1 ms. Memory: 555008K Free: 386426K (70%)
----------------- Invoking toplevel() on ptolemy.moml.MoMLSimpleApplication@7bbe4b6
----------------- Done invoking toplevel() on ptolemy.moml.MoMLSimpleApplication@7bbe4b6
reloadAllAccessors: .matrixType8

===========================================================================================
----------------- testing Mon Jan 27 06:55:18 UTC 2020 /home/travis/build/icyphy/ptII/ptolemy/actor/lib/test/auto/matrixType9.xml
----------------- Instantiating /home/travis/build/icyphy/ptII/ptolemy/actor/lib/test/auto/matrixType9.xml
1 ms. Memory: 555008K Free: 381816K (69%)
----------------- Invoking toplevel() on ptolemy.moml.MoMLSimpleApplication@2045a81
----------------- Done invoking toplevel() on ptolemy.moml.MoMLSimpleApplication@2045a81
reloadAllAccessors: .matrixType9

===========================================================================================
----------------- testing Mon Jan 27 06:55:18 UTC 2020 /home/travis/build/icyphy/ptII/ptolemy/actor/lib/test/auto/paraFunctest.xml
----------------- Instantiating /home/travis/build/icyphy/ptII/ptolemy/actor/lib/test/auto/paraFunctest.xml
1 ms. Memory: 555008K Free: 377720K (68%)
----------------- Invoking toplevel() on ptolemy.moml.MoMLSimpleApplication@65734f6a
----------------- Done invoking toplevel() on ptolemy.moml.MoMLSimpleApplication@65734f6a
reloadAllAccessors: .paraFunctest

===========================================================================================
----------------- testing Mon Jan 27 06:55:18 UTC 2020 /home/travis/build/icyphy/ptII/ptolemy/actor/lib/test/auto/paraFunctest2.xml
----------------- Instantiating /home/travis/build/icyphy/ptII/ptolemy/actor/lib/test/auto/paraFunctest2.xml
2 ms. Memory: 555008K Free: 373624K (67%)
----------------- Invoking toplevel() on ptolemy.moml.MoMLSimpleApplication@7d4a73a4
----------------- Done invoking toplevel() on ptolemy.moml.MoMLSimpleApplication@7d4a73a4
reloadAllAccessors: .paraFunctest2

===========================================================================================
----------------- testing Mon Jan 27 06:55:18 UTC 2020 /home/travis/build/icyphy/ptII/ptolemy/actor/lib/test/auto/parameterPassing.xml
----------------- Instantiating /home/travis/build/icyphy/ptII/ptolemy/actor/lib/test/auto/parameterPassing.xml
1 ms. Memory: 555008K Free: 369018K (66%)
----------------- Invoking toplevel() on ptolemy.moml.MoMLSimpleApplication@6ca9fb7f
----------------- Done invoking toplevel() on ptolemy.moml.MoMLSimpleApplication@6ca9fb7f
reloadAllAccessors: .parameterPassing

===========================================================================================
----------------- testing Mon Jan 27 06:55:18 UTC 2020 /home/travis/build/icyphy/ptII/ptolemy/actor/lib/test/auto/record.xml
----------------- Instantiating /home/travis/build/icyphy/ptII/ptolemy/actor/lib/test/auto/record.xml
2 ms. Memory: 555008K Free: 364408K (66%)
----------------- Invoking toplevel() on ptolemy.moml.MoMLSimpleApplication@3277ebad
----------------- Done invoking toplevel() on ptolemy.moml.MoMLSimpleApplication@3277ebad
reloadAllAccessors: .record

===========================================================================================
----------------- testing Mon Jan 27 06:55:18 UTC 2020 /home/travis/build/icyphy/ptII/ptolemy/actor/lib/test/auto/sizedarray1.xml
----------------- Instantiating /home/travis/build/icyphy/ptII/ptolemy/actor/lib/test/auto/sizedarray1.xml
1 ms. Memory: 555008K Free: 358778K (65%)
----------------- Invoking toplevel() on ptolemy.moml.MoMLSimpleApplication@4d05a6
----------------- Done invoking toplevel() on ptolemy.moml.MoMLSimpleApplication@4d05a6
reloadAllAccessors: .sizedarray1

===========================================================================================
----------------- testing Mon Jan 27 06:55:18 UTC 2020 /home/travis/build/icyphy/ptII/ptolemy/actor/lib/test/auto/sizedarray2.xml
----------------- Instantiating /home/travis/build/icyphy/ptII/ptolemy/actor/lib/test/auto/sizedarray2.xml
3 ms. Memory: 555008K Free: 353144K (64%)
----------------- Invoking toplevel() on ptolemy.moml.MoMLSimpleApplication@6d896abe
----------------- Done invoking toplevel() on ptolemy.moml.MoMLSimpleApplication@6d896abe
reloadAllAccessors: .sizedarray2

===========================================================================================
----------------- testing Mon Jan 27 06:55:18 UTC 2020 /home/travis/build/icyphy/ptII/ptolemy/actor/lib/test/auto/twoPublishers.xml
----------------- Instantiating /home/travis/build/icyphy/ptII/ptolemy/actor/lib/test/auto/twoPublishers.xml
5 ms. Memory: 555008K Free: 342394K (62%)
----------------- Invoking toplevel() on ptolemy.moml.MoMLSimpleApplication@4efa3b0
----------------- Done invoking toplevel() on ptolemy.moml.MoMLSimpleApplication@4efa3b0
reloadAllAccessors: .twoPublishers
AutoTests.java: About to close Vertx.
AutoTests.java: Vertx closed.
]]></system-out>
  <system-err><![CDATA[java.lang.RuntimeException: Execution failed
	at ptolemy.moml.MoMLSimpleApplication$UnloadThread.run(MoMLSimpleApplication.java:402)
Caused by: java.lang.RuntimeException: StringUtilities.exit() was called. Normally, we would exit here because Manager.exitAfterWrapup() was called.  However, because the ptolemy.ptII.exitAfterWrapup property is set, we throw this exception instead.
	at ptolemy.util.StringUtilities.exit(StringUtilities.java:365)
	at ptolemy.actor.Manager.wrapup(Manager.java:1549)
	at ptolemy.actor.Manager.execute(Manager.java:407)
	at ptolemy.actor.Manager.run(Manager.java:1263)
	at ptolemy.actor.Manager$PtolemyRunThread.run(Manager.java:1933)
Warning: '.top.test' is in training mode, set the trainingMode parameter to false before checking in
Warning: '.top.test' is in training mode, set the trainingMode parameter to false before checking in
Warning: '.top.test' is in training mode, set the trainingMode parameter to false before checking in
Warning: '.BooleanSwitch_RegressionTest_WrongTrainingValues.Test' is in training mode, set the trainingMode parameter to false before checking in
Warning: '.BooleanSwitch_RegressionTest_WrongTrainingValues.Test2' is in training mode, set the trainingMode parameter to false before checking in
Warning: '.BooleanSwitch_RegressionTest_WrongTrainingValues.Test2' The test produced 0 tokens.
Warning: '.top.testExceptionHandler' is in training mode, set the trainingMode parameter to false before checking in
java.lang.RuntimeException: Execution failed
	at ptolemy.moml.MoMLSimpleApplication$UnloadThread.run(MoMLSimpleApplication.java:402)
Caused by: ptolemy.kernel.util.IllegalActionException: PublisherPorts cannot be used at the top level, use a Publisher actor instead.
  in .PublisherPortToplevelSubscriber.PublisherPort
	at ptolemy.actor.PublisherPort.preinitialize(PublisherPort.java:403)
	at ptolemy.actor.CompositeActor.preinitialize(CompositeActor.java:1769)
	at ptolemy.actor.Manager.preinitializeAndResolveTypes(Manager.java:1040)
	at ptolemy.actor.Manager.initialize(Manager.java:710)
	at ptolemy.actor.Manager.execute(Manager.java:356)
	at ptolemy.actor.Manager.run(Manager.java:1263)
	at ptolemy.actor.Manager$PtolemyRunThread.run(Manager.java:1933)
java.lang.reflect.InvocationTargetException
	at java.base/jdk.internal.reflect.NativeConstructorAccessorImpl.newInstance0(Native Method)
	at java.base/jdk.internal.reflect.NativeConstructorAccessorImpl.newInstance(NativeConstructorAccessorImpl.java:62)
	at java.base/jdk.internal.reflect.DelegatingConstructorAccessorImpl.newInstance(DelegatingConstructorAccessorImpl.java:45)
	at java.base/java.lang.reflect.Constructor.newInstance(Constructor.java:490)
	at ptolemy.util.test.junit.AutoKnownFailedTests.RunModel(AutoKnownFailedTests.java:105)
	at java.base/jdk.internal.reflect.NativeMethodAccessorImpl.invoke0(Native Method)
	at java.base/jdk.internal.reflect.NativeMethodAccessorImpl.invoke(NativeMethodAccessorImpl.java:62)
	at java.base/jdk.internal.reflect.DelegatingMethodAccessorImpl.invoke(DelegatingMethodAccessorImpl.java:43)
	at java.base/java.lang.reflect.Method.invoke(Method.java:566)
	at org.junit.runners.model.FrameworkMethod$1.runReflectiveCall(FrameworkMethod.java:44)
	at org.junit.internal.runners.model.ReflectiveCallable.run(ReflectiveCallable.java:15)
	at org.junit.runners.model.FrameworkMethod.invokeExplosively(FrameworkMethod.java:41)
	at junitparams.internal.InvokeParameterisedMethod.evaluate(InvokeParameterisedMethod.java:102)
	at org.junit.internal.runners.statements.FailOnTimeout$1.run(FailOnTimeout.java:28)
Caused by: ptolemy.kernel.util.IllegalActionException: PublisherPorts cannot be used at the top level, use a Publisher actor instead.
  in .PublisherPortToplevelSubscriber.PublisherPort
	at ptolemy.actor.PublisherPort.preinitialize(PublisherPort.java:403)
	at ptolemy.actor.CompositeActor.preinitialize(CompositeActor.java:1769)
	at ptolemy.actor.Manager.preinitializeAndResolveTypes(Manager.java:1040)
	at ptolemy.actor.Manager.initialize(Manager.java:710)
	at ptolemy.actor.Manager.execute(Manager.java:356)
	at ptolemy.actor.Manager.run(Manager.java:1263)
	at ptolemy.actor.Manager$PtolemyRunThread.run(Manager.java:1933)
java.lang.RuntimeException: Execution failed
	at ptolemy.moml.MoMLSimpleApplication$UnloadThread.run(MoMLSimpleApplication.java:402)
Caused by: ptolemy.kernel.util.IllegalActionException: SubscriberPorts cannot be used at the top level, use a Subscriber actor instead.
  in .PublisherSubscriberPortToplevel.SubscriberPort
	at ptolemy.actor.SubscriberPort.preinitialize(SubscriberPort.java:328)
	at ptolemy.actor.CompositeActor.preinitialize(CompositeActor.java:1769)
	at ptolemy.actor.Manager.preinitializeAndResolveTypes(Manager.java:1040)
	at ptolemy.actor.Manager.initialize(Manager.java:710)
	at ptolemy.actor.Manager.execute(Manager.java:356)
	at ptolemy.actor.Manager.run(Manager.java:1263)
	at ptolemy.actor.Manager$PtolemyRunThread.run(Manager.java:1933)
java.lang.reflect.InvocationTargetException
	at java.base/jdk.internal.reflect.NativeConstructorAccessorImpl.newInstance0(Native Method)
	at java.base/jdk.internal.reflect.NativeConstructorAccessorImpl.newInstance(NativeConstructorAccessorImpl.java:62)
	at java.base/jdk.internal.reflect.DelegatingConstructorAccessorImpl.newInstance(DelegatingConstructorAccessorImpl.java:45)
	at java.base/java.lang.reflect.Constructor.newInstance(Constructor.java:490)
	at ptolemy.util.test.junit.AutoKnownFailedTests.RunModel(AutoKnownFailedTests.java:105)
	at java.base/jdk.internal.reflect.NativeMethodAccessorImpl.invoke0(Native Method)
	at java.base/jdk.internal.reflect.NativeMethodAccessorImpl.invoke(NativeMethodAccessorImpl.java:62)
	at java.base/jdk.internal.reflect.DelegatingMethodAccessorImpl.invoke(DelegatingMethodAccessorImpl.java:43)
	at java.base/java.lang.reflect.Method.invoke(Method.java:566)
	at org.junit.runners.model.FrameworkMethod$1.runReflectiveCall(FrameworkMethod.java:44)
	at org.junit.internal.runners.model.ReflectiveCallable.run(ReflectiveCallable.java:15)
	at org.junit.runners.model.FrameworkMethod.invokeExplosively(FrameworkMethod.java:41)
	at junitparams.internal.InvokeParameterisedMethod.evaluate(InvokeParameterisedMethod.java:102)
	at org.junit.internal.runners.statements.FailOnTimeout$1.run(FailOnTimeout.java:28)
Caused by: ptolemy.kernel.util.IllegalActionException: SubscriberPorts cannot be used at the top level, use a Subscriber actor instead.
  in .PublisherSubscriberPortToplevel.SubscriberPort
	at ptolemy.actor.SubscriberPort.preinitialize(SubscriberPort.java:328)
	at ptolemy.actor.CompositeActor.preinitialize(CompositeActor.java:1769)
	at ptolemy.actor.Manager.preinitializeAndResolveTypes(Manager.java:1040)
	at ptolemy.actor.Manager.initialize(Manager.java:710)
	at ptolemy.actor.Manager.execute(Manager.java:356)
	at ptolemy.actor.Manager.run(Manager.java:1263)
	at ptolemy.actor.Manager$PtolemyRunThread.run(Manager.java:1933)
java.lang.RuntimeException: Execution failed
	at ptolemy.moml.MoMLSimpleApplication$UnloadThread.run(MoMLSimpleApplication.java:402)
Caused by: ptolemy.kernel.util.IllegalActionException: SubscriptionAggregatorPorts cannot be used at the top level, use a SubscriptionAggregator actor instead.
  in .PublisherSubscriptionAggregatorPort.SubscriptionAggregatorPort
	at ptolemy.actor.SubscriptionAggregatorPort.preinitialize(SubscriptionAggregatorPort.java:353)
	at ptolemy.actor.CompositeActor.preinitialize(CompositeActor.java:1769)
	at ptolemy.actor.Manager.preinitializeAndResolveTypes(Manager.java:1040)
	at ptolemy.actor.Manager.initialize(Manager.java:710)
	at ptolemy.actor.Manager.execute(Manager.java:356)
	at ptolemy.actor.Manager.run(Manager.java:1263)
	at ptolemy.actor.Manager$PtolemyRunThread.run(Manager.java:1933)
java.lang.reflect.InvocationTargetException
	at java.base/jdk.internal.reflect.NativeConstructorAccessorImpl.newInstance0(Native Method)
	at java.base/jdk.internal.reflect.NativeConstructorAccessorImpl.newInstance(NativeConstructorAccessorImpl.java:62)
	at java.base/jdk.internal.reflect.DelegatingConstructorAccessorImpl.newInstance(DelegatingConstructorAccessorImpl.java:45)
	at java.base/java.lang.reflect.Constructor.newInstance(Constructor.java:490)
	at ptolemy.util.test.junit.AutoKnownFailedTests.RunModel(AutoKnownFailedTests.java:105)
	at java.base/jdk.internal.reflect.NativeMethodAccessorImpl.invoke0(Native Method)
	at java.base/jdk.internal.reflect.NativeMethodAccessorImpl.invoke(NativeMethodAccessorImpl.java:62)
	at java.base/jdk.internal.reflect.DelegatingMethodAccessorImpl.invoke(DelegatingMethodAccessorImpl.java:43)
	at java.base/java.lang.reflect.Method.invoke(Method.java:566)
	at org.junit.runners.model.FrameworkMethod$1.runReflectiveCall(FrameworkMethod.java:44)
	at org.junit.internal.runners.model.ReflectiveCallable.run(ReflectiveCallable.java:15)
	at org.junit.runners.model.FrameworkMethod.invokeExplosively(FrameworkMethod.java:41)
	at junitparams.internal.InvokeParameterisedMethod.evaluate(InvokeParameterisedMethod.java:102)
	at org.junit.internal.runners.statements.FailOnTimeout$1.run(FailOnTimeout.java:28)
Caused by: ptolemy.kernel.util.IllegalActionException: SubscriptionAggregatorPorts cannot be used at the top level, use a SubscriptionAggregator actor instead.
  in .PublisherSubscriptionAggregatorPort.SubscriptionAggregatorPort
	at ptolemy.actor.SubscriptionAggregatorPort.preinitialize(SubscriptionAggregatorPort.java:353)
	at ptolemy.actor.CompositeActor.preinitialize(CompositeActor.java:1769)
	at ptolemy.actor.Manager.preinitializeAndResolveTypes(Manager.java:1040)
	at ptolemy.actor.Manager.initialize(Manager.java:710)
	at ptolemy.actor.Manager.execute(Manager.java:356)
	at ptolemy.actor.Manager.run(Manager.java:1263)
	at ptolemy.actor.Manager$PtolemyRunThread.run(Manager.java:1933)
java.lang.RuntimeException: Execution failed
	at ptolemy.moml.MoMLSimpleApplication$UnloadThread.run(MoMLSimpleApplication.java:402)
Caused by: ptolemy.kernel.util.IllegalActionException: TypeTest actor has no training data.
  in .sizedarray3.TypeTest
	at ptolemy.actor.lib.TypeTest.initialize(TypeTest.java:250)
	at ptolemy.actor.Director.initialize(Director.java:938)
	at ptolemy.actor.Director.initialize(Director.java:907)
	at ptolemy.actor.sched.StaticSchedulingDirector.initialize(StaticSchedulingDirector.java:159)
	at ptolemy.domains.sdf.kernel.SDFDirector.initialize(SDFDirector.java:544)
	at ptolemy.actor.CompositeActor.initialize(CompositeActor.java:935)
	at ptolemy.actor.Manager.initialize(Manager.java:724)
	at ptolemy.actor.Manager.execute(Manager.java:356)
	at ptolemy.actor.Manager.run(Manager.java:1263)
	at ptolemy.actor.Manager$PtolemyRunThread.run(Manager.java:1933)
java.lang.reflect.InvocationTargetException
	at java.base/jdk.internal.reflect.NativeConstructorAccessorImpl.newInstance0(Native Method)
	at java.base/jdk.internal.reflect.NativeConstructorAccessorImpl.newInstance(NativeConstructorAccessorImpl.java:62)
	at java.base/jdk.internal.reflect.DelegatingConstructorAccessorImpl.newInstance(DelegatingConstructorAccessorImpl.java:45)
	at java.base/java.lang.reflect.Constructor.newInstance(Constructor.java:490)
	at ptolemy.util.test.junit.AutoKnownFailedTests.RunModel(AutoKnownFailedTests.java:105)
	at java.base/jdk.internal.reflect.NativeMethodAccessorImpl.invoke0(Native Method)
	at java.base/jdk.internal.reflect.NativeMethodAccessorImpl.invoke(NativeMethodAccessorImpl.java:62)
	at java.base/jdk.internal.reflect.DelegatingMethodAccessorImpl.invoke(DelegatingMethodAccessorImpl.java:43)
	at java.base/java.lang.reflect.Method.invoke(Method.java:566)
	at org.junit.runners.model.FrameworkMethod$1.runReflectiveCall(FrameworkMethod.java:44)
	at org.junit.internal.runners.model.ReflectiveCallable.run(ReflectiveCallable.java:15)
	at org.junit.runners.model.FrameworkMethod.invokeExplosively(FrameworkMethod.java:41)
	at junitparams.internal.InvokeParameterisedMethod.evaluate(InvokeParameterisedMethod.java:102)
	at org.junit.internal.runners.statements.FailOnTimeout$1.run(FailOnTimeout.java:28)
Caused by: ptolemy.kernel.util.IllegalActionException: TypeTest actor has no training data.
  in .sizedarray3.TypeTest
	at ptolemy.actor.lib.TypeTest.initialize(TypeTest.java:250)
	at ptolemy.actor.Director.initialize(Director.java:938)
	at ptolemy.actor.Director.initialize(Director.java:907)
	at ptolemy.actor.sched.StaticSchedulingDirector.initialize(StaticSchedulingDirector.java:159)
	at ptolemy.domains.sdf.kernel.SDFDirector.initialize(SDFDirector.java:544)
	at ptolemy.actor.CompositeActor.initialize(CompositeActor.java:935)
	at ptolemy.actor.Manager.initialize(Manager.java:724)
	at ptolemy.actor.Manager.execute(Manager.java:356)
	at ptolemy.actor.Manager.run(Manager.java:1263)
	at ptolemy.actor.Manager$PtolemyRunThread.run(Manager.java:1933)
]]></system-err>
</testsuite>
