<?xml version="1.0" encoding="UTF-8" ?>
<testsuite errors="0" failures="0" hostname="travis-job-38b86369-43fc-4000-b41d-e222d42f395d" name="ptolemy.domains.de.test.junit.JUnitTclTest" skipped="0" tests="101" time="134.721" timestamp="2019-11-01T06:10:36">
  <properties>
    <property name="npm.executable" value="npm" />
    <property name="env.TRAVIS_ROOT" value="/" />
    <property name="ptII.mk.exists" value="true" />
    <property name="env.TRAVIS_APP_HOST" value="build.travis-ci.org" />
    <property name="env.rvm_bin_path" value="/home/travis/.rvm/bin" />
    <property name="java.home" value="/usr/local/lib/jvm/openjdk11" />
    <property name="env.TRAVIS_JOB_NUMBER" value="1382.9" />
    <property name="env.TRAVIS_HOME" value="/home/travis" />
    <property name="env.DISPLAY" value=":99.0" />
    <property name="env.TRAVIS_INIT" value="systemd" />
    <property name="env.SSH_TTY" value="/dev/pts/0" />
    <property name="java.net.preferIPv4Stack" value="true" />
    <property name="env.RUN_TESTS" value="true" />
    <property name="timeout.short" value="1000000" />
    <property name="junit.formatter" value="xml" />
    <property name="env.TRAVIS_SUDO" value="true" />
    <property name="env.TRAVIS_JOB_NAME" value="" />
    <property name="env.TRAVIS_STACK_NODE_ATTRIBUTES" value="/.node-attributes.yml" />
    <property name="env.LOGNAME" value="travis" />
    <property name="jsdoc.home" value="node_modules/@terraswarm/jsdoc" />
    <property name="debuglevel" value="source,lines,vars" />
    <property name="checkstyle.formatter" value="xml" />
    <property name="env._system_version" value="16.04" />
    <property name="bin.vergil.makeable" value="true" />
    <property name="sun.os.patch.level" value="unknown" />
    <property name="java.vendor.url" value="http://java.oracle.com/" />
    <property name="env.TRAVIS_BUILD_WEB_URL" value="https://travis-ci.org/icyphy/ptII/builds/605861879" />
    <property name="java.version" value="11.0.2" />
    <property name="env.TZ" value="UTC" />
    <property name="env.TRAVIS_PULL_REQUEST_SHA" value="" />
    <property name="env.PT_NO_NET" value="true" />
    <property name="env.TRAVIS_SECURE_ENV_VARS" value="true" />
    <property name="env._system_type" value="Linux" />
    <property name="java.vendor.url.bug" value="http://bugreport.java.com/bugreport/" />
    <property name="npmjs-org-is-up" value="true" />
    <property name="env.LANGUAGE" value="en_US.UTF-8" />
    <property name="env.SSH_CLIENT" value="10.24.6.7 50622 22" />
    <property name="env.GEM_HOME" value="/home/travis/.rvm/gems/ruby-2.5.3" />
    <property name="env.HAS_ANTARES_THREE_LITTLE_FRONZIES_BADGE" value="true" />
    <property name="java.version.date" value="2019-01-15" />
    <property name="env.PS4" value="+" />
    <property name="ant.project.invoked-targets" value="build,test.core2.xml" />
    <property name="env.TRAVIS_PULL_REQUEST_BRANCH" value="" />
    <property name="env.TRAVIS_REPO_SLUG" value="icyphy/ptII" />
    <property name="env.XDG_DATA_DIRS" value="/usr/local/share:/usr/share:/var/lib/snapd/desktop" />
    <property name="jdk.debug" value="release" />
    <property name="env.TRAVIS_APT_PROXY" value="http://apt.cache.travis-ci.com" />
    <property name="node.in.path" value="true" />
    <property name="user.name" value="travis" />
    <property name="java.maxmemory" value="1400m" />
    <property name="env.RUBY_VERSION" value="ruby-2.5.3" />
    <property name="env.LANG" value="en_US.UTF-8" />
    <property name="sun.io.unicode.encoding" value="UnicodeLittle" />
    <property name="sun.jnu.encoding" value="UTF-8" />
    <property name="java.runtime.name" value="OpenJDK Runtime Environment" />
    <property name="usefile" value="false" />
    <property name="return.code" value="0" />
    <property name="junit.single.formatter" value="plain" />
    <property name="env.DYLD_LIBRARY_PATH" value="/home/travis/pthla/certi-tools/lib:" />
    <property name="env.DEBIAN_FRONTEND" value="noninteractive" />
    <property name="env.SSH_CONNECTION" value="10.24.6.7 50622 10.20.0.119 22" />
    <property name="env.MYSQL_UNIX_PORT" value="/var/run/mysqld/mysqld.sock" />
    <property name="env.LC_ALL" value="en_US.UTF-8" />
    <property name="env.TRAVIS_ALLOW_FAILURE" value="false" />
    <property name="env.TRAVIS_JOB_WEB_URL" value="https://travis-ci.org/icyphy/ptII/jobs/605861888" />
    <property name="java.specification.name" value="Java Platform API Specification" />
    <property name="node.works" value="true" />
    <property name="user.timezone" value="" />
    <property name="path.separator" value=":" />
    <property name="env.TRAVIS_ENABLE_INFRA_DETECTION" value="true" />
    <property name="env.PYTHON_CFLAGS" value="-g -fstack-protector --param=ssp-buffer-size=4 -Wformat -Werror=format-security" />
    <property name="timeout.long" value="4000000" />
    <property name="env.CERTI_HOME" value="/home/travis/pthla/certi-tools" />
    <property name="ant.file.ptII" value="/home/travis/build/icyphy/ptII/build.xml" />
    <property name="javadoc.packagenames" value="com.*,diva.*,lbnl.*,org.hlacerti.*,org.json.*,org.ptolemy.*,org.terraswarm.*,ptolemy.*,ptserver.*" />
    <property name="file.encoding" value="UTF-8" />
    <property name="env.TRAVIS_PULL_REQUEST_SLUG" value="" />
    <property name="ant.project.default-target" value="build" />
    <property name="env.GIT_ASKPASS" value="echo" />
    <property name="env.HOME" value="/home/travis" />
    <property name="sun.java.command" value="org.apache.tools.ant.taskdefs.optional.junit.JUnitTestRunner ptolemy.domains.de.test.junit.JUnitTclTest skipNonTests=false filtertrace=true haltOnError=false haltOnFailure=false formatter=org.apache.tools.ant.taskdefs.optional.junit.OutErrSummaryJUnitResultFormatter showoutput=true outputtoformatters=true logfailedtests=true threadid=0 logtestlistenerevents=false formatter=org.apache.tools.ant.taskdefs.optional.junit.XMLJUnitResultFormatter,/home/travis/build/icyphy/ptII/reports/junit/TEST-ptolemy.domains.de.test.junit.JUnitTclTest.xml crashfile=/home/travis/build/icyphy/ptII/junitvmwatcher17740483435497232316.properties propsfile=/home/travis/build/icyphy/ptII/junit16655320534882652607.properties" />
    <property name="env.COMPOSER_NO_INTERACTION" value="1" />
    <property name="env.MANPATH" value="/home/travis/.nvm/versions/node/v7.10.1/share/man:/home/travis/.rvm/rubies/ruby-2.5.3/share/man:/usr/local/cmake-3.12.4/man:/usr/local/clang-7.0.0/share/man:/usr/local/man:/usr/local/share/man:/usr/share/man:/home/travis/.rvm/man" />
    <property name="env.TRAVIS_TIMER_ID" value="336ff1fe" />
    <property name="ant.file" value="/home/travis/build/icyphy/ptII/build.xml" />
    <property name="env.TRAVIS_COMMIT_RANGE" value="948bf656f66248ff65af09b7e6cc9885ef1f544d...4d8f235a1445b5e1cf53b20eaca7c153db736dc2" />
    <property name="env._system_name" value="Ubuntu" />
    <property name="ptII.classpath.optional.property" value="/home/travis/build/icyphy/ptII/lib/bsh-2.0b4.jar:/home/travis/build/icyphy/ptII/lib/ptCal.jar:/home/travis/build/icyphy/ptII/lib/java_cup.jar:/home/travis/build/icyphy/ptII/lib/saxon8.jar:/home/travis/build/icyphy/ptII/lib/saxon8-dom.jar:/home/travis/build/icyphy/ptII/lib/chic.jar:/home/travis/build/icyphy/ptII/lib/ptcolt.jar:/home/travis/build/icyphy/ptII/vendors/misc/itext/iText.jar:/home/travis/build/icyphy/ptII/lib/g4ltl.jar:/home/travis/build/icyphy/ptII/lib/StructuralCoder.jar:/home/travis/build/icyphy/ptII/lib/jcerti.jar:/home/travis/build/icyphy/ptII/lib/javax.mail.jar:/home/travis/build/icyphy/ptII/vendors/JMF-2.1.1e/lib/jmf.jar:/home/travis/build/icyphy/ptII/lib/jna-4.0.0-variadic.jar:/home/travis/build/icyphy/ptII/vendors/misc/joystick/Joystick.jar:/home/travis/build/icyphy/ptII/lib/ptjacl.jar:/home/travis/build/icyphy/ptII/lib/jsoup-1.8.2.jar:/home/travis/build/icyphy/ptII/lib/junit-4.8.2.jar:/home/travis/build/icyphy/ptII/lib/JUnitParams-0.4.0.jar:/home/travis/build/icyphy/ptII/ptolemy/actor/lib/excel/jxl.jar:/home/travis/build/icyphy/ptII/lib/jython.jar:/home/travis/build/icyphy/ptII/lib/kieler.jar:/home/travis/build/icyphy/ptII/vendors/opencv/share/OpenCV/java/opencv-341.jar:/home/travis/build/icyphy/ptII/lib/oscP5.jar:/home/travis/build/icyphy/ptII/lib/nrjavaserial-3.11.0.devel.jar:/home/travis/build/icyphy/ptII/vendors/j3d/lib/Linux/j3dcore.jar:/home/travis/build/icyphy/ptII/vendors/j3d/lib/Linux/j3dutils.jar:/home/travis/build/icyphy/ptII/vendors/j3d/lib/Linux/vecmath.jar:/home/travis/build/icyphy/ptII/vendors/jogl/lib/Linux/gluegen-rt-natives-linux-amd64.jar:/home/travis/build/icyphy/ptII/vendors/jogl/lib/Linux/gluegen-rt.jar:/home/travis/build/icyphy/ptII/vendors/jogl/lib/Linux/jogl-all-natives-linux-amd64.jar:/home/travis/build/icyphy/ptII/vendors/jogl/lib/Linux/jogl-all.jar:/home/travis/build/icyphy/ptII/ptolemy/distributed/jini/jar/jini-core.jar:/home/travis/build/icyphy/ptII/ptolemy/distributed/jini/jar/jini-ext.jar:/home/travis/build/icyphy/ptII/ptolemy/distributed/jini/jar/sun-util.jar:/home/travis/build/icyphy/ptII/lib/protobuf-java-2.4.1.jar:/home/travis/build/icyphy/ptII/lib/org.eclipse.paho.client.mqttv3.jar:/home/travis/build/icyphy/ptII/lib/mapss.jar:/home/travis/build/icyphy/ptII/ptolemy/actor/ptalon/antlr/antlr.jar:/home/travis/build/icyphy/ptII/lib/JRI.jar:/home/travis/build/icyphy/ptII/lib/commons-lang-2.6.jar:/home/travis/build/icyphy/ptII/lib/commons-logging-1.1.1.jar:/home/travis/build/icyphy/ptII/lib/sootclasses.jar:/home/travis/build/icyphy/ptII/ptolemy/actor/lib/database/mysql-connector-java-5.1.6-bin.jar:/home/travis/build/icyphy/ptII/vendors/misc/sphinx4/sphinx4-data-5prealpha.jar:/home/travis/build/icyphy/ptII/vendors/misc/sphinx4/sphinx4-core-5prealpha.jar:/home/travis/build/icyphy/ptII/lib/PDFRenderer.jar:/home/travis/build/icyphy/ptII/lib/svgSalamander.jar:/home/travis/build/icyphy/ptII/lib/rsyntaxtextarea-2.6.0-SNAPSHOT.jar:/home/travis/build/icyphy/ptII/lib/hazelcast-3.8.2.jar:/home/travis/build/icyphy/ptII/lib/jackson-annotations-2.9.0.jar:/home/travis/build/icyphy/ptII/lib/jackson-core-2.9.3.jar:/home/travis/build/icyphy/ptII/lib/jackson-databind-2.9.3.jar:/home/travis/build/icyphy/ptII/lib/netty-buffer-4.1.19.Final.jar:/home/travis/build/icyphy/ptII/lib/netty-codec-4.1.19.Final.jar:/home/travis/build/icyphy/ptII/lib/netty-codec-dns-4.1.19.Final.jar:/home/travis/build/icyphy/ptII/lib/netty-codec-http-4.1.19.Final.jar:/home/travis/build/icyphy/ptII/lib/netty-codec-http2-4.1.19.Final.jar:/home/travis/build/icyphy/ptII/lib/netty-common-4.1.19.Final.jar:/home/travis/build/icyphy/ptII/lib/netty-handler-4.1.19.Final.jar:/home/travis/build/icyphy/ptII/lib/netty-resolver-4.1.19.Final.jar:/home/travis/build/icyphy/ptII/lib/netty-resolver-dns-4.1.19.Final.jar:/home/travis/build/icyphy/ptII/lib/netty-transport-4.1.19.Final.jar:/home/travis/build/icyphy/ptII/lib/vertx-codegen-3.5.1.jar:/home/travis/build/icyphy/ptII/lib/vertx-core-3.5.2-SNAPSHOT.jar:/home/travis/build/icyphy/ptII/lib/vertx-hazelcast-3.5.1.jar:/home/travis/build/icyphy/ptII/lib/vertx-lang-js-3.5.1.jar:/home/travis/build/icyphy/ptII/lib/vertx-service-proxy-3.5.1.jar:/home/travis/build/icyphy/ptII/lib/vertx-web-3.5.1.jar:/home/travis/build/icyphy/ptII/lib/slf4j-api-1.7.13.jar:/home/travis/build/icyphy/ptII/lib/slf4j-simple-1.7.13.jar:/home/travis/build/icyphy/ptII/lib/webcam-capture-0.3.12.jar:/home/travis/build/icyphy/ptII/lib/bridj-0.7.0.jar:/home/travis/build/icyphy/ptII/lib/xbjlib-1.1.0.nrjavaserial.jar" />
    <property name="timeout" value="2400000" />
    <property name="test.batch" value="**/junit/*.java" />
    <property name="env._" value="/usr/bin/timeout" />
    <property name="java.io.tmpdir" value="/tmp" />
    <property name="user.language" value="en" />
    <property name="env.TRAVIS_INTERNAL_RUBY_REGEX" value="^ruby-(2\.[0-4]\.[0-9]|1\.9\.3)" />
    <property name="env.HISTCONTROL" value="ignoredups:ignorespace" />
    <property name="env.GOROOT" value="/home/travis/.gimme/versions/go1.11.1.linux.amd64" />
    <property name="line.separator" value="&#xa;" />
    <property name="target" value="11" />
    <property name="env.TRAVIS_BUILD_DIR" value="/home/travis/build/icyphy/ptII" />
    <property name="env.ANT_OPTS" value="-Xmx2048m" />
    <property name="ant.file.type" value="file" />
    <property name="ptolemy.ptII.batchMode" value="true" />
    <property name="env.HISTSIZE" value="1000" />
    <property name="env.MERB_ENV" value="test" />
    <property name="java.vm.info" value="mixed mode" />
    <property name="source" value="11" />
    <property name="java.vm.specification.name" value="Java Virtual Machine Specification" />
    <property name="env.TRAVIS_TEST_RESULT" value="0" />
    <property name="jsdoc.command" value="node_modules/@terraswarm/jsdoc/jsdoc.js" />
    <property name="npm.works" value="true" />
    <property name="cobertura.dir" value="/home/travis/build/icyphy/ptII/vendors/cobertura-2.0.3" />
    <property name="jsdoc.command.exists" value="true" />
    <property name="env.rvm_path" value="/home/travis/.rvm" />
    <property name="env.GEM_PATH" value="/home/travis/.rvm/gems/ruby-2.5.3:/home/travis/.rvm/gems/ruby-2.5.3@global" />
    <property name="env.LC_CTYPE" value="en_US.UTF-8" />
    <property name="env.TRAVIS_CMD" value="$PTII/bin/ptIITravisBuild.sh $SECONDS" />
    <property name="java.awt.printerjob" value="sun.print.PSPrinterJob" />
    <property name="env.TRAVIS_STACK_NAME" value="sardonyx" />
    <property name="env.TRAVIS_TIMER_START_TIME" value="1572588415001428996" />
    <property name="ant.version" value="Apache Ant(TM) version 1.10.1 compiled on February 2 2017" />
    <property name="ptII.reports" value="/home/travis/build/icyphy/ptII/reports" />
    <property name="env.TRAVIS_STACK_TIMESTAMP" value="2019-03-25 16:16:56 UTC" />
    <property name="ant.file.type.ptII" value="file" />
    <property name="env.RBENV_SHELL" value="bash" />
    <property name="os.name" value="Linux" />
    <property name="java.specification.vendor" value="Oracle Corporation" />
    <property name="env.rvm_version" value="1.29.7 (latest)" />
    <property name="env.TRAVIS_INFRA" value="unknown" />
    <property name="env.TERM" value="xterm" />
    <property name="java.vm.name" value="OpenJDK 64-Bit Server VM" />
    <property name="env.TRAVIS_BUILD_NUMBER" value="1382" />
    <property name="env.CI" value="true" />
    <property name="java.library.path" value="/home/travis/pthla/certi-tools/lib:/usr/lib/jni:/usr/local/share/OpenCV/java/:/usr/share/OpenCV/java::/usr/java/packages/lib:/usr/lib64:/lib64:/lib:/usr/lib" />
    <property name="jdk.module.path" value="/home/travis/build/icyphy/ptII/vendors/javafx/javafx-sdk-11.0.2/lib:" />
    <property name="env.rvm_prefix" value="/home/travis" />
    <property name="env.PATH" value="/home/travis/pthla/certi-tools/share/scripts:/home/travis/.rvm/gems/ruby-2.5.3/bin:/home/travis/.rvm/gems/ruby-2.5.3@global/bin:/home/travis/.rvm/rubies/ruby-2.5.3/bin:/home/travis/.rvm/bin:/home/travis/.nvm/versions/node/v7.10.1/bin:./node_modules/.bin:/home/travis/build/icyphy/ptII/bin:/home/travis/pthla/certi-tools/bin:/home/travis/bin:/home/travis/.local/bin:/usr/local/lib/jvm/openjdk11/bin:/opt/pyenv/shims:/home/travis/.phpenv/shims:/home/travis/perl5/perlbrew/bin:/home/travis/gopath/bin:/home/travis/.gimme/versions/go1.11.1.linux.amd64/bin:/usr/local/maven-3.6.0/bin:/usr/local/cmake-3.12.4/bin:/usr/local/clang-7.0.0/bin:/usr/local/sbin:/usr/local/bin:/usr/sbin:/usr/bin:/sbin:/bin:/snap/bin:/home/travis/.phpenv/bin:/opt/pyenv/bin:/home/travis/.yarn/bin" />
    <property name="env.TRAVIS_OS_NAME" value="linux" />
    <property name="ant.java.version" value="9" />
    <property name="basedir" value="/home/travis/build/icyphy/ptII" />
    <property name="java.class.version" value="55.0" />
    <property name="env.SHLVL" value="3" />
    <property name="env.LD_LIBRARY_PATH" value="/home/travis/pthla/certi-tools/lib:/usr/lib/jni:/usr/local/share/OpenCV/java/:/usr/share/OpenCV/java:" />
    <property name="env.RACK_ENV" value="test" />
    <property name="ant.home" value="/home/travis/build/icyphy/ptII/ant" />
    <property name="env.NVM_DIR" value="/home/travis/.nvm" />
    <property name="env.CERTI_FOM_PATH" value="/home/travis/pthla/certi-tools/share/federations" />
    <property name="env.TRAVIS_BUILD_ID" value="605861879" />
    <property name="env.PYENV_ROOT" value="/opt/pyenv" />
    <property name="env.TRAVIS_UID" value="2000" />
    <property name="prism.verbose" value="true" />
    <property name="env.NVM_BIN" value="/home/travis/.nvm/versions/node/v7.10.1/bin" />
    <property name="env.TRAVIS_COMMIT" value="4d8f235a1445b5e1cf53b20eaca7c153db736dc2" />
    <property name="env._system_arch" value="x86_64" />
    <property name="node.executable" value="node" />
    <property name="sun.boot.library.path" value="/usr/local/lib/jvm/openjdk11/lib" />
    <property name="sun.management.compiler" value="HotSpot 64-Bit Tiered Compilers" />
    <property name="java.awt.graphicsenv" value="sun.awt.X11GraphicsEnvironment" />
    <property name="env.GOPATH" value="/home/travis/gopath" />
    <property name="ptolemy.ptII.dir" value="/home/travis/build/icyphy/ptII" />
    <property name="env.USER" value="travis" />
    <property name="env.HISTFILESIZE" value="2000" />
    <property name="timeout.longest" value="19000000" />
    <property name="env.PERLBREW_SHELLRC_VERSION" value="0.86" />
    <property name="env.TRAVIS_STACK_FEATURES" value="basic couchdb disabled-ipv6 docker docker-compose elasticsearch firefox go-toolchain google-chrome jdk memcached mongodb mysql nodejs_interpreter perl_interpreter perlbrew phantomjs postgresql python_interpreter redis ruby_interpreter sqlite xserver" />
    <property name="env.TRAVIS_PULL_REQUEST" value="false" />
    <property name="env.PYENV_SHELL" value="bash" />
    <property name="ant.project.name" value="ptII" />
    <property name="env.ANSI_RESET" value="\033[0m" />
    <property name="java.vm.specification.version" value="11" />
    <property name="env.TRAVIS_DIST" value="xenial" />
    <property name="env.CERTI_VERSION" value="4.0.0" />
    <property name="env.CERTI_HOST" value="localhost" />
    <property name="awt.toolkit" value="sun.awt.X11.XToolkit" />
    <property name="env.MY_RUBY_HOME" value="/home/travis/.rvm/rubies/ruby-2.5.3" />
    <property name="sun.cpu.isalist" value="" />
    <property name="env.TRAVIS_TMPDIR" value="/tmp/tmp.4hOjiuztSR" />
    <property name="java.vm.compressedOopsMode" value="Zero based" />
    <property name="os.version" value="4.15.0-1028-gcp" />
    <property name="user.home" value="/home/travis" />
    <property name="java.vm.vendor" value="Oracle Corporation" />
    <property name="env.TRAVIS_TAG" value="nightly" />
    <property name="env.ANSI_YELLOW" value="\033[33;1m" />
    <property name="env.TRAVIS_FILTERED" value="redirect_io" />
    <property name="env.ANSI_GREEN" value="\033[32;1m" />
    <property name="env.JAVA_HOME" value="/usr/local/lib/jvm/openjdk11" />
    <property name="javadoc.excludepackagenames" value="adm.cvs2svn.*,build.*,config.*,doc.coding.templates.*,jni.test.jni.meaningOfLife.*,jni.test.jni.testDeux.*,jni.test.jni.testTrois.*,org.terraswarm.accessor.accessors.web.node_modules.*,org.terraswarm.accessor.accessors.web.hosts.cordova.demo.*,org.terraswarm.accessor.accessors.web.hosts.cordova.plugins.*,org.terraswarm.accessor.accessors-svn.*,pt-modules.*,ptolemy.apps.agilent.*,ptolemy.apps.anytimecontrol.*,ptolemy.apps.apes.*,ptolemy.apps.charon.*,ptolemy.apps.crazyboard.*,ptolemy.apps.eclipse.*,ptolemy.apps.etherealSting.*,ptolemy.apps.fullscreen.*,ptolemy.apps.giotto.*,ptolemy.apps.ia.*,ptolemy.apps.interfaces.*,ptolemy.apps.jmf.*,ptolemy.apps.kurt.*,ptolemy.apps.kvm.*,ptolemy.apps.lego.*,ptolemy.apps.lejos.*,ptolemy.apps.midp.*,ptolemy.apps.mobileCoding.*,ptolemy.apps.pendulum.*,ptolemy.apps.rijndael.*,ptolemy.apps.robot.*,ptolemy.apps.security.*,ptolemy.apps.sobel.*,ptolemy.apps.soot.*,ptolemy.apps.throttle.*,ptolemy.apps.tini.*,ptolemy.apps.transmission.*,ptolemy.apps.vergil.*,ptolemy.apps.waba.*,ptolemy.apps.websensor.*,ptolemy.apps.webstart.*,ptolemy.apps.xsl.*,ptolemy.apps.zaurus.*,ptolemy.codegen.c.actor.lib.oldJavaFiles.*,ptolemy.codegen.dsp.lib.*,ptolemy.codegen.kernel.newInterfaces.*,ptolemy.codegen.lib.*,ptolemy.copernicus.kernel.fragment.*,ptolemy.copernicus.shallow.cg.*,ptolemy.domains.giotto.demo.Hierarchy.Hierarchy.*,ptolemy.domains.giotto.demo.Multimode.Multimode.*,ptolemy.domains.giotto.demo.Simple.Simple.*,ptolemy.domains.gr.lib.experimental.*,ptolemy.domains.gro.*,ptolemy.domains.pdf.*,ptolemy.domains.ptinyos.demo.Surge.output.*,ptolemy.moml.test.NoPackageActor.java*,ptolemy.plot.adm.*,ptolemy.plot.servlet.*,reports.*,signed.*,src.*,target.*,vendors.*,ptolemy.copernicus.applet.*,ptolemy.media.viewer.*,ptolemy.actor.corba.*,doc.doclets.*,ptolemy.apps.eclipse.awt.*,ptolemy.backtrack.*,ptolemy.backtrack.ast.*,ptolemy.cg.adapter.generic.program.procedural.c.mbed*,ptolemy.homer.*,ptolemy.actor.lib.jai.*,org.ptolemy.scala.*,diva.util.java2d.svg.*,ptolemy.domains.ptinyos.*,ptolemy.actor.lib.fmi.fmipp.*,,org.terraswarm.accessor.accessors.web.node_modules.*,org.terraswarm.accessor.accessors-svn,ptolemy.apps.*,ptolemy.actor.ptalon.demo.ptinyos.SendAndReceiveCnt.output,ptolemy.actor.ptalon.demo.ptinyos.SenseToLeds.output,ptolemy.domains.ptinyos.demo.CntToLedsAndRfm.output,ptolemy.domains.ptinyos.demo.RfmToLeds.output,ptolemy.domains.ptinyos.demo.SendAndReceiveCnt.output,ptolemy.domains.ptinyos.demo.SenseToLeds.output,ptolemy.actor.lib.jjs.modules.udpSocket.*" />
    <property name="env.PTII" value="/home/travis/build/icyphy/ptII" />
    <property name="env.XDG_SESSION_ID" value="2" />
    <property name="keystore" value="ptKeystore" />
    <property name="env.TRAVIS_COMMIT_MESSAGE" value="Updated occupancy" />
    <property name="junit.output.dir" value="/home/travis/build/icyphy/ptII/reports/junit" />
    <property name="npm.return.code" value="0" />
    <property name="user.dir" value="/home/travis/build/icyphy/ptII/ptolemy/domains/de/test" />
    <property name="env.TRAVIS_NODE_VERSION" value="7" />
    <property name="env.TRAVIS_EVENT_TYPE" value="cron" />
    <property name="env.MAIL" value="/var/mail/travis" />
    <property name="env.PERLBREW_ROOT" value="/home/travis/perl5/perlbrew" />
    <property name="env.PWD" value="/home/travis/build/icyphy/ptII" />
    <property name="timeout.npm" value="45000" />
    <property name="env.PT_TRAVIS_TEST_CORE2_XML" value="true" />
    <property name="env.TRAVIS_ARCH" value="amd64" />
    <property name="sun.cpu.endian" value="little" />
    <property name="env.PAGER" value="cat" />
    <property name="env.TRAVIS_BUILD_STAGE_NAME" value="Test" />
    <property name="env.PERLBREW_HOME" value="/home/travis/.perlbrew" />
    <property name="java.vm.version" value="11.0.2+9" />
    <property name="env.RAILS_ENV" value="test" />
    <property name="java.class.path" value="/home/travis/build/icyphy/ptII:/home/travis/build/icyphy/ptII/lib/bsh-2.0b4.jar:/home/travis/build/icyphy/ptII/lib/ptCal.jar:/home/travis/build/icyphy/ptII/lib/java_cup.jar:/home/travis/build/icyphy/ptII/lib/saxon8.jar:/home/travis/build/icyphy/ptII/lib/saxon8-dom.jar:/home/travis/build/icyphy/ptII/lib/chic.jar:/home/travis/build/icyphy/ptII/lib/ptcolt.jar:/home/travis/build/icyphy/ptII/vendors/misc/itext/iText.jar:/home/travis/build/icyphy/ptII/lib/g4ltl.jar:/home/travis/build/icyphy/ptII/lib/StructuralCoder.jar:/home/travis/build/icyphy/ptII/lib/jcerti.jar:/home/travis/build/icyphy/ptII/lib/javax.mail.jar:/home/travis/build/icyphy/ptII/vendors/JMF-2.1.1e/lib/jmf.jar:/home/travis/build/icyphy/ptII/lib/jna-4.0.0-variadic.jar:/home/travis/build/icyphy/ptII/vendors/misc/joystick/Joystick.jar:/home/travis/build/icyphy/ptII/lib/ptjacl.jar:/home/travis/build/icyphy/ptII/lib/jsoup-1.8.2.jar:/home/travis/build/icyphy/ptII/lib/junit-4.8.2.jar:/home/travis/build/icyphy/ptII/lib/JUnitParams-0.4.0.jar:/home/travis/build/icyphy/ptII/ptolemy/actor/lib/excel/jxl.jar:/home/travis/build/icyphy/ptII/lib/jython.jar:/home/travis/build/icyphy/ptII/lib/kieler.jar:/home/travis/build/icyphy/ptII/vendors/opencv/share/OpenCV/java/opencv-341.jar:/home/travis/build/icyphy/ptII/lib/oscP5.jar:/home/travis/build/icyphy/ptII/lib/nrjavaserial-3.11.0.devel.jar:/home/travis/build/icyphy/ptII/vendors/j3d/lib/Linux/j3dcore.jar:/home/travis/build/icyphy/ptII/vendors/j3d/lib/Linux/j3dutils.jar:/home/travis/build/icyphy/ptII/vendors/j3d/lib/Linux/vecmath.jar:/home/travis/build/icyphy/ptII/vendors/jogl/lib/Linux/gluegen-rt-natives-linux-amd64.jar:/home/travis/build/icyphy/ptII/vendors/jogl/lib/Linux/gluegen-rt.jar:/home/travis/build/icyphy/ptII/vendors/jogl/lib/Linux/jogl-all-natives-linux-amd64.jar:/home/travis/build/icyphy/ptII/vendors/jogl/lib/Linux/jogl-all.jar:/home/travis/build/icyphy/ptII/ptolemy/distributed/jini/jar/jini-core.jar:/home/travis/build/icyphy/ptII/ptolemy/distributed/jini/jar/jini-ext.jar:/home/travis/build/icyphy/ptII/ptolemy/distributed/jini/jar/sun-util.jar:/home/travis/build/icyphy/ptII/lib/protobuf-java-2.4.1.jar:/home/travis/build/icyphy/ptII/lib/org.eclipse.paho.client.mqttv3.jar:/home/travis/build/icyphy/ptII/lib/mapss.jar:/home/travis/build/icyphy/ptII/ptolemy/actor/ptalon/antlr/antlr.jar:/home/travis/build/icyphy/ptII/lib/JRI.jar:/home/travis/build/icyphy/ptII/lib/commons-lang-2.6.jar:/home/travis/build/icyphy/ptII/lib/commons-logging-1.1.1.jar:/home/travis/build/icyphy/ptII/lib/sootclasses.jar:/home/travis/build/icyphy/ptII/ptolemy/actor/lib/database/mysql-connector-java-5.1.6-bin.jar:/home/travis/build/icyphy/ptII/vendors/misc/sphinx4/sphinx4-data-5prealpha.jar:/home/travis/build/icyphy/ptII/vendors/misc/sphinx4/sphinx4-core-5prealpha.jar:/home/travis/build/icyphy/ptII/lib/PDFRenderer.jar:/home/travis/build/icyphy/ptII/lib/svgSalamander.jar:/home/travis/build/icyphy/ptII/lib/rsyntaxtextarea-2.6.0-SNAPSHOT.jar:/home/travis/build/icyphy/ptII/lib/hazelcast-3.8.2.jar:/home/travis/build/icyphy/ptII/lib/jackson-annotations-2.9.0.jar:/home/travis/build/icyphy/ptII/lib/jackson-core-2.9.3.jar:/home/travis/build/icyphy/ptII/lib/jackson-databind-2.9.3.jar:/home/travis/build/icyphy/ptII/lib/netty-buffer-4.1.19.Final.jar:/home/travis/build/icyphy/ptII/lib/netty-codec-4.1.19.Final.jar:/home/travis/build/icyphy/ptII/lib/netty-codec-dns-4.1.19.Final.jar:/home/travis/build/icyphy/ptII/lib/netty-codec-http-4.1.19.Final.jar:/home/travis/build/icyphy/ptII/lib/netty-codec-http2-4.1.19.Final.jar:/home/travis/build/icyphy/ptII/lib/netty-common-4.1.19.Final.jar:/home/travis/build/icyphy/ptII/lib/netty-handler-4.1.19.Final.jar:/home/travis/build/icyphy/ptII/lib/netty-resolver-4.1.19.Final.jar:/home/travis/build/icyphy/ptII/lib/netty-resolver-dns-4.1.19.Final.jar:/home/travis/build/icyphy/ptII/lib/netty-transport-4.1.19.Final.jar:/home/travis/build/icyphy/ptII/lib/vertx-codegen-3.5.1.jar:/home/travis/build/icyphy/ptII/lib/vertx-core-3.5.2-SNAPSHOT.jar:/home/travis/build/icyphy/ptII/lib/vertx-hazelcast-3.5.1.jar:/home/travis/build/icyphy/ptII/lib/vertx-lang-js-3.5.1.jar:/home/travis/build/icyphy/ptII/lib/vertx-service-proxy-3.5.1.jar:/home/travis/build/icyphy/ptII/lib/vertx-web-3.5.1.jar:/home/travis/build/icyphy/ptII/lib/slf4j-api-1.7.13.jar:/home/travis/build/icyphy/ptII/lib/slf4j-simple-1.7.13.jar:/home/travis/build/icyphy/ptII/lib/webcam-capture-0.3.12.jar:/home/travis/build/icyphy/ptII/lib/bridj-0.7.0.jar:/home/travis/build/icyphy/ptII/lib/xbjlib-1.1.0.nrjavaserial.jar:/home/travis/build/icyphy/ptII/ptolemy/moml/test:/home/travis/build/icyphy/ptII/ant/lib/ant-launcher.jar:/home/travis/build/icyphy/ptII/ant/lib/ant.jar:/home/travis/build/icyphy/ptII/ant/lib/ant-junit.jar:/home/travis/build/icyphy/ptII/ant/lib/ant-junit4.jar" />
    <property name="ant.library.dir" value="/home/travis/build/icyphy/ptII/ant/lib" />
    <property name="os.arch" value="amd64" />
    <property name="env.CONTINUOUS_INTEGRATION" value="true" />
    <property name="env.TRAVIS_LANGUAGE" value="node_js" />
    <property name="env.TRAVIS_STACK_LANGUAGES" value="__sardonyx__ c c++ clojure cplusplus cpp default generic go groovy java node_js php pure_java python ruby scala" />
    <property name="test.name" value="ptolemy.actor.lib.test.junit.JUnitTclTest" />
    <property name="env.APT_KEY_DONT_WARN_ON_DANGEROUS_USAGE" value="1" />
    <property name="sun.java.launcher" value="SUN_STANDARD" />
    <property name="env.PYTHON_CONFIGURE_OPTS" value="--enable-unicode=ucs4 --with-wide-unicode --enable-shared --enable-ipv6 --enable-loadable-sqlite-extensions --with-computed-gotos" />
    <property name="ant.core.lib" value="/home/travis/build/icyphy/ptII/ant/lib/ant.jar" />
    <property name="java.vm.specification.vendor" value="Oracle Corporation" />
    <property name="env.BCVTB_HOME" value="/home/travis/build/icyphy/ptII/lbnl" />
    <property name="file.separator" value="/" />
    <property name="spotbugs.home" value="/home/travis/build/icyphy/ptII/vendors/spotbugs-3.1.1" />
    <property name="java.runtime.version" value="11.0.2+9" />
    <property name="env.ANSI_CLEAR" value="\033[0K" />
    <property name="javafx.verbose" value="true" />
    <property name="env.HAS_JOSH_K_SEAL_OF_APPROVAL" value="true" />
    <property name="env.XDG_RUNTIME_DIR" value="/run/user/2000" />
    <property name="env.TRAVIS_OSX_IMAGE" value="" />
    <property name="env.TRAVIS_JOB_ID" value="605861888" />
    <property name="env.TRAVIS_BRANCH" value="master" />
    <property name="user.country" value="US" />
    <property name="env.CERTI_HOME_TRAVIS" value="/home/travis/pthla/certi-tools" />
    <property name="env.SHELL" value="/bin/bash" />
    <property name="java.maxmemory.large" value="3200m" />
    <property name="model" value="" />
    <property name="env.CASHER_DIR" value="/home/travis/.casher" />
    <property name="env.NVM_CD_FLAGS" value="" />
    <property name="java.vendor.version" value="18.9" />
    <property name="jshint.executable" value="/home/travis/node_modules/jshint/bin/jshint" />
    <property name="env.JRUBY_OPTS" value=" --client -J-XX:+TieredCompilation -J-XX:TieredStopAtLevel=1 -J-Xss2m -Xcompile.invokedynamic=false" />
    <property name="java.vendor" value="Oracle Corporation" />
    <property name="env.TRAVIS_PRE_CHEF_BOOTSTRAP_TIME" value="2019-03-25T16:16:42" />
    <property name="env.TRAVIS_STACK_JOB_BOARD_REGISTER" value="/.job-board-register.yml" />
    <property name="env.ANSI_RED" value="\033[31;1m" />
    <property name="java.specification.version" value="11" />
    <property name="env.IRBRC" value="/home/travis/.rvm/rubies/ruby-2.5.3/.irbrc" />
    <property name="env.TRAVIS" value="true" />
    <property name="sun.arch.data.model" value="64" />
  </properties>
  <testcase classname="ptolemy.util.test.junit.TclTests" name="[0] /home/travis/build/icyphy/ptII/ptolemy/domains/de/test/DependencyLoop.tcl (RunTclFile)" time="1.037" />
  <testcase classname="ptolemy.util.test.junit.TclTests" name="[1] /home/travis/build/icyphy/ptII/ptolemy/domains/de/test/RunDETestsAsQSS.tcl (RunTclFile)" time="90.972" />
  <testcase classname="ptolemy.util.test.junit.AutoKnownFailedTests" name="[0] /home/travis/build/icyphy/ptII/ptolemy/domains/de/test/auto/knownFailedTests/DESDFClockTest.xml (RunModel)" time="2.052" />
  <testcase classname="ptolemy.util.test.junit.AutoKnownFailedTests" name="[1] /home/travis/build/icyphy/ptII/ptolemy/domains/de/test/auto/knownFailedTests/DirectFeedback.xml (RunModel)" time="0.023" />
  <testcase classname="ptolemy.util.test.junit.AutoKnownFailedTests" name="[2] /home/travis/build/icyphy/ptII/ptolemy/domains/de/test/auto/knownFailedTests/FSMSource.xml (RunModel)" time="0.032" />
  <testcase classname="ptolemy.util.test.junit.AutoKnownFailedTests" name="[3] /home/travis/build/icyphy/ptII/ptolemy/domains/de/test/auto/knownFailedTests/HierarchicalModel.xml (RunModel)" time="0.058" />
  <testcase classname="ptolemy.util.test.junit.AutoKnownFailedTests" name="[4] /home/travis/build/icyphy/ptII/ptolemy/domains/de/test/auto/knownFailedTests/dependencyLoop.xml (RunModel)" time="0.047" />
  <testcase classname="ptolemy.util.test.junit.AutoKnownFailedTests" name="[5] /home/travis/build/icyphy/ptII/ptolemy/domains/de/test/auto/knownFailedTests/dependencyLoop2.xml (RunModel)" time="0.047" />
  <testcase classname="ptolemy.util.test.junit.AutoNameArchTests" name="[0] ThereAreNoAutoArchTests (RunModel)" time="0.001" />
  <testcase classname="ptolemy.util.test.junit.AutoTests" name="[0] /home/travis/build/icyphy/ptII/ptolemy/domains/de/test/auto/ActorDepthCalculation_actorWithoutPorts.xml (RunModel)" time="0.022" />
  <testcase classname="ptolemy.util.test.junit.AutoTests" name="[1] /home/travis/build/icyphy/ptII/ptolemy/domains/de/test/auto/AssemblyLine.xml (RunModel)" time="0.023" />
  <testcase classname="ptolemy.util.test.junit.AutoTests" name="[2] /home/travis/build/icyphy/ptII/ptolemy/domains/de/test/auto/CQBug1.xml (RunModel)" time="0.014" />
  <testcase classname="ptolemy.util.test.junit.AutoTests" name="[3] /home/travis/build/icyphy/ptII/ptolemy/domains/de/test/auto/CancelFireAt.xml (RunModel)" time="0.022" />
  <testcase classname="ptolemy.util.test.junit.AutoTests" name="[4] /home/travis/build/icyphy/ptII/ptolemy/domains/de/test/auto/CausalityAndComposabilityAnalysis.xml (RunModel)" time="0.024" />
  <testcase classname="ptolemy.util.test.junit.AutoTests" name="[5] /home/travis/build/icyphy/ptII/ptolemy/domains/de/test/auto/CausalityInterface1.xml (RunModel)" time="0.015" />
  <testcase classname="ptolemy.util.test.junit.AutoTests" name="[6] /home/travis/build/icyphy/ptII/ptolemy/domains/de/test/auto/CausalityInterface15.xml (RunModel)" time="0.019" />
  <testcase classname="ptolemy.util.test.junit.AutoTests" name="[7] /home/travis/build/icyphy/ptII/ptolemy/domains/de/test/auto/CausalityInterface2.xml (RunModel)" time="0.017" />
  <testcase classname="ptolemy.util.test.junit.AutoTests" name="[8] /home/travis/build/icyphy/ptII/ptolemy/domains/de/test/auto/CausalityInterface3.xml (RunModel)" time="0.017" />
  <testcase classname="ptolemy.util.test.junit.AutoTests" name="[9] /home/travis/build/icyphy/ptII/ptolemy/domains/de/test/auto/ClockDrift.xml (RunModel)" time="0.037" />
  <testcase classname="ptolemy.util.test.junit.AutoTests" name="[10] /home/travis/build/icyphy/ptII/ptolemy/domains/de/test/auto/ClockDriftAndValueChange.xml (RunModel)" time="0.035" />
  <testcase classname="ptolemy.util.test.junit.AutoTests" name="[11] /home/travis/build/icyphy/ptII/ptolemy/domains/de/test/auto/ClockDriftChange.xml (RunModel)" time="0.031" />
  <testcase classname="ptolemy.util.test.junit.AutoTests" name="[12] /home/travis/build/icyphy/ptII/ptolemy/domains/de/test/auto/ComposableCausalityAnalysis.xml (RunModel)" time="0.018" />
  <testcase classname="ptolemy.util.test.junit.AutoTests" name="[13] /home/travis/build/icyphy/ptII/ptolemy/domains/de/test/auto/DEFixedPointLimitation.xml (RunModel)" time="0.009" />
  <testcase classname="ptolemy.util.test.junit.AutoTests" name="[14] /home/travis/build/icyphy/ptII/ptolemy/domains/de/test/auto/DEScheduleTest.xml (RunModel)" time="0.013" />
  <testcase classname="ptolemy.util.test.junit.AutoTests" name="[15] /home/travis/build/icyphy/ptII/ptolemy/domains/de/test/auto/DEinDEwithStartTimes.xml (RunModel)" time="0.015" />
  <testcase classname="ptolemy.util.test.junit.AutoTests" name="[16] /home/travis/build/icyphy/ptII/ptolemy/domains/de/test/auto/DEinDEwithStartTimes2.xml (RunModel)" time="0.017" />
  <testcase classname="ptolemy.util.test.junit.AutoTests" name="[17] /home/travis/build/icyphy/ptII/ptolemy/domains/de/test/auto/DateDemo.xml (RunModel)" time="0.039" />
  <testcase classname="ptolemy.util.test.junit.AutoTests" name="[18] /home/travis/build/icyphy/ptII/ptolemy/domains/de/test/auto/DateToEvent.xml (RunModel)" time="2.044" />
  <testcase classname="ptolemy.util.test.junit.AutoTests" name="[19] /home/travis/build/icyphy/ptII/ptolemy/domains/de/test/auto/DepthTest1.xml (RunModel)" time="0.021" />
  <testcase classname="ptolemy.util.test.junit.AutoTests" name="[20] /home/travis/build/icyphy/ptII/ptolemy/domains/de/test/auto/DepthTest2.xml (RunModel)" time="0.027" />
  <testcase classname="ptolemy.util.test.junit.AutoTests" name="[21] /home/travis/build/icyphy/ptII/ptolemy/domains/de/test/auto/DepthTest3.xml (RunModel)" time="0.019" />
  <testcase classname="ptolemy.util.test.junit.AutoTests" name="[22] /home/travis/build/icyphy/ptII/ptolemy/domains/de/test/auto/DepthTest4.xml (RunModel)" time="0.023" />
  <testcase classname="ptolemy.util.test.junit.AutoTests" name="[23] /home/travis/build/icyphy/ptII/ptolemy/domains/de/test/auto/DepthTest5.xml (RunModel)" time="0.021" />
  <testcase classname="ptolemy.util.test.junit.AutoTests" name="[24] /home/travis/build/icyphy/ptII/ptolemy/domains/de/test/auto/DepthTest6.xml (RunModel)" time="0.017" />
  <testcase classname="ptolemy.util.test.junit.AutoTests" name="[25] /home/travis/build/icyphy/ptII/ptolemy/domains/de/test/auto/DepthTest7.xml (RunModel)" time="0.014" />
  <testcase classname="ptolemy.util.test.junit.AutoTests" name="[26] /home/travis/build/icyphy/ptII/ptolemy/domains/de/test/auto/EventToDate.xml (RunModel)" time="3.058" />
  <testcase classname="ptolemy.util.test.junit.AutoTests" name="[27] /home/travis/build/icyphy/ptII/ptolemy/domains/de/test/auto/FSM1.xml (RunModel)" time="0.037" />
  <testcase classname="ptolemy.util.test.junit.AutoTests" name="[28] /home/travis/build/icyphy/ptII/ptolemy/domains/de/test/auto/FSM7.xml (RunModel)" time="0.048" />
  <testcase classname="ptolemy.util.test.junit.AutoTests" name="[29] /home/travis/build/icyphy/ptII/ptolemy/domains/de/test/auto/Inspection.xml (RunModel)" time="0.041" />
  <testcase classname="ptolemy.util.test.junit.AutoTests" name="[30] /home/travis/build/icyphy/ptII/ptolemy/domains/de/test/auto/Iteration.xml (RunModel)" time="0.03" />
  <testcase classname="ptolemy.util.test.junit.AutoTests" name="[31] /home/travis/build/icyphy/ptII/ptolemy/domains/de/test/auto/LineFault.xml (RunModel)" time="0.671" />
  <testcase classname="ptolemy.util.test.junit.AutoTests" name="[32] /home/travis/build/icyphy/ptII/ptolemy/domains/de/test/auto/MergeModel1Add.xml (RunModel)" time="0.059" />
  <testcase classname="ptolemy.util.test.junit.AutoTests" name="[33] /home/travis/build/icyphy/ptII/ptolemy/domains/de/test/auto/MergeModel2Add.xml (RunModel)" time="0.035" />
  <testcase classname="ptolemy.util.test.junit.AutoTests" name="[34] /home/travis/build/icyphy/ptII/ptolemy/domains/de/test/auto/MergeModel3Add.xml (RunModel)" time="0.046" />
  <testcase classname="ptolemy.util.test.junit.AutoTests" name="[35] /home/travis/build/icyphy/ptII/ptolemy/domains/de/test/auto/MergeWithoutDiscard.xml (RunModel)" time="0.018" />
  <testcase classname="ptolemy.util.test.junit.AutoTests" name="[36] /home/travis/build/icyphy/ptII/ptolemy/domains/de/test/auto/Modal1.xml (RunModel)" time="0.026" />
  <testcase classname="ptolemy.util.test.junit.AutoTests" name="[37] /home/travis/build/icyphy/ptII/ptolemy/domains/de/test/auto/Modal2.xml (RunModel)" time="0.031" />
  <testcase classname="ptolemy.util.test.junit.AutoTests" name="[38] /home/travis/build/icyphy/ptII/ptolemy/domains/de/test/auto/Modal3.xml (RunModel)" time="0.025" />
  <testcase classname="ptolemy.util.test.junit.AutoTests" name="[39] /home/travis/build/icyphy/ptII/ptolemy/domains/de/test/auto/Modal4.xml (RunModel)" time="0.032" />
  <testcase classname="ptolemy.util.test.junit.AutoTests" name="[40] /home/travis/build/icyphy/ptII/ptolemy/domains/de/test/auto/Modal5.xml (RunModel)" time="0.028" />
  <testcase classname="ptolemy.util.test.junit.AutoTests" name="[41] /home/travis/build/icyphy/ptII/ptolemy/domains/de/test/auto/Modal6.xml (RunModel)" time="0.028" />
  <testcase classname="ptolemy.util.test.junit.AutoTests" name="[42] /home/travis/build/icyphy/ptII/ptolemy/domains/de/test/auto/Modal7.xml (RunModel)" time="0.032" />
  <testcase classname="ptolemy.util.test.junit.AutoTests" name="[43] /home/travis/build/icyphy/ptII/ptolemy/domains/de/test/auto/ModalModel.xml (RunModel)" time="0.174" />
  <testcase classname="ptolemy.util.test.junit.AutoTests" name="[44] /home/travis/build/icyphy/ptII/ptolemy/domains/de/test/auto/ModalSource.xml (RunModel)" time="0.027" />
  <testcase classname="ptolemy.util.test.junit.AutoTests" name="[45] /home/travis/build/icyphy/ptII/ptolemy/domains/de/test/auto/NonInterruptibleTimerZeroDelay.xml (RunModel)" time="0.01" />
  <testcase classname="ptolemy.util.test.junit.AutoTests" name="[46] /home/travis/build/icyphy/ptII/ptolemy/domains/de/test/auto/OpenQueueingNetwork.xml (RunModel)" time="2.617" />
  <testcase classname="ptolemy.util.test.junit.AutoTests" name="[47] /home/travis/build/icyphy/ptII/ptolemy/domains/de/test/auto/OpenQueuingNetwork.xml (RunModel)" time="0.283" />
  <testcase classname="ptolemy.util.test.junit.AutoTests" name="[48] /home/travis/build/icyphy/ptII/ptolemy/domains/de/test/auto/PeriodicSampler.xml (RunModel)" time="0.017" />
  <testcase classname="ptolemy.util.test.junit.AutoTests" name="[49] /home/travis/build/icyphy/ptII/ptolemy/domains/de/test/auto/PersistentIO.xml (RunModel)" time="0.021" />
  <testcase classname="ptolemy.util.test.junit.AutoTests" name="[50] /home/travis/build/icyphy/ptII/ptolemy/domains/de/test/auto/PortParameterResetOnInitialize.xml (RunModel)" time="0.008" />
  <testcase classname="ptolemy.util.test.junit.AutoTests" name="[51] /home/travis/build/icyphy/ptII/ptolemy/domains/de/test/auto/PortParameterUpdates.xml (RunModel)" time="0.013" />
  <testcase classname="ptolemy.util.test.junit.AutoTests" name="[52] /home/travis/build/icyphy/ptII/ptolemy/domains/de/test/auto/QueueAndServer.xml (RunModel)" time="0.021" />
  <testcase classname="ptolemy.util.test.junit.AutoTests" name="[53] /home/travis/build/icyphy/ptII/ptolemy/domains/de/test/auto/Records.xml (RunModel)" time="0.014" />
  <testcase classname="ptolemy.util.test.junit.AutoTests" name="[54] /home/travis/build/icyphy/ptII/ptolemy/domains/de/test/auto/ResetTransitionWithStartTime1.xml (RunModel)" time="0.016" />
  <testcase classname="ptolemy.util.test.junit.AutoTests" name="[55] /home/travis/build/icyphy/ptII/ptolemy/domains/de/test/auto/ResetTransitionWithStartTime2.xml (RunModel)" time="0.021" />
  <testcase classname="ptolemy.util.test.junit.AutoTests" name="[56] /home/travis/build/icyphy/ptII/ptolemy/domains/de/test/auto/ResetTransitionWithStartTime3.xml (RunModel)" time="0.018" />
  <testcase classname="ptolemy.util.test.junit.AutoTests" name="[57] /home/travis/build/icyphy/ptII/ptolemy/domains/de/test/auto/ResetTransitionWithStartTime4.xml (RunModel)" time="0.019" />
  <testcase classname="ptolemy.util.test.junit.AutoTests" name="[58] /home/travis/build/icyphy/ptII/ptolemy/domains/de/test/auto/ResettableTimer1.xml (RunModel)" time="0.015" />
  <testcase classname="ptolemy.util.test.junit.AutoTests" name="[59] /home/travis/build/icyphy/ptII/ptolemy/domains/de/test/auto/ResettableTimer2.xml (RunModel)" time="0.009" />
  <testcase classname="ptolemy.util.test.junit.AutoTests" name="[60] /home/travis/build/icyphy/ptII/ptolemy/domains/de/test/auto/ResettableTimer3.xml (RunModel)" time="0.009" />
  <testcase classname="ptolemy.util.test.junit.AutoTests" name="[61] /home/travis/build/icyphy/ptII/ptolemy/domains/de/test/auto/ResettableTimer4.xml (RunModel)" time="0.01" />
  <testcase classname="ptolemy.util.test.junit.AutoTests" name="[62] /home/travis/build/icyphy/ptII/ptolemy/domains/de/test/auto/ResettableTimer5.xml (RunModel)" time="0.009" />
  <testcase classname="ptolemy.util.test.junit.AutoTests" name="[63] /home/travis/build/icyphy/ptII/ptolemy/domains/de/test/auto/ResettableTimer6.xml (RunModel)" time="0.016" />
  <testcase classname="ptolemy.util.test.junit.AutoTests" name="[64] /home/travis/build/icyphy/ptII/ptolemy/domains/de/test/auto/ServerZeroDelay.xml (RunModel)" time="0.01" />
  <testcase classname="ptolemy.util.test.junit.AutoTests" name="[65] /home/travis/build/icyphy/ptII/ptolemy/domains/de/test/auto/SmartSender.xml (RunModel)" time="3.008" />
  <testcase classname="ptolemy.util.test.junit.AutoTests" name="[66] /home/travis/build/icyphy/ptII/ptolemy/domains/de/test/auto/ThreadedComposite.xml (RunModel)" time="0.135" />
  <testcase classname="ptolemy.util.test.junit.AutoTests" name="[67] /home/travis/build/icyphy/ptII/ptolemy/domains/de/test/auto/Time.xml (RunModel)" time="0.469" />
  <testcase classname="ptolemy.util.test.junit.AutoTests" name="[68] /home/travis/build/icyphy/ptII/ptolemy/domains/de/test/auto/TimeDelayZeroDelay.xml (RunModel)" time="0.012" />
  <testcase classname="ptolemy.util.test.junit.AutoTests" name="[69] /home/travis/build/icyphy/ptII/ptolemy/domains/de/test/auto/TimerZeroDelay.xml (RunModel)" time="0.011" />
  <testcase classname="ptolemy.util.test.junit.AutoTests" name="[70] /home/travis/build/icyphy/ptII/ptolemy/domains/de/test/auto/TimingParadox.xml (RunModel)" time="0.382" />
  <testcase classname="ptolemy.util.test.junit.AutoTests" name="[71] /home/travis/build/icyphy/ptII/ptolemy/domains/de/test/auto/TransferInputs.xml (RunModel)" time="0.014" />
  <testcase classname="ptolemy.util.test.junit.AutoTests" name="[72] /home/travis/build/icyphy/ptII/ptolemy/domains/de/test/auto/TransferOutputs2.xml (RunModel)" time="0.015" />
  <testcase classname="ptolemy.util.test.junit.AutoTests" name="[73] /home/travis/build/icyphy/ptII/ptolemy/domains/de/test/auto/Trilateration.xml (RunModel)" time="13.28" />
  <testcase classname="ptolemy.util.test.junit.AutoTests" name="[74] /home/travis/build/icyphy/ptII/ptolemy/domains/de/test/auto/TwoSigmaDelta.xml (RunModel)" time="2.344" />
  <testcase classname="ptolemy.util.test.junit.AutoTests" name="[75] /home/travis/build/icyphy/ptII/ptolemy/domains/de/test/auto/VariableDelay.xml (RunModel)" time="0.011" />
  <testcase classname="ptolemy.util.test.junit.AutoTests" name="[76] /home/travis/build/icyphy/ptII/ptolemy/domains/de/test/auto/VariableDelay2.xml (RunModel)" time="0.01" />
  <testcase classname="ptolemy.util.test.junit.AutoTests" name="[77] /home/travis/build/icyphy/ptII/ptolemy/domains/de/test/auto/VariableDelayZeroDelay.xml (RunModel)" time="0.011" />
  <testcase classname="ptolemy.util.test.junit.AutoTests" name="[78] /home/travis/build/icyphy/ptII/ptolemy/domains/de/test/auto/VariableDelayZeroDelay2.xml (RunModel)" time="0.009" />
  <testcase classname="ptolemy.util.test.junit.AutoTests" name="[79] /home/travis/build/icyphy/ptII/ptolemy/domains/de/test/auto/deInCt.xml (RunModel)" time="0.015" />
  <testcase classname="ptolemy.util.test.junit.AutoTests" name="[80] /home/travis/build/icyphy/ptII/ptolemy/domains/de/test/auto/deInCt2.xml (RunModel)" time="0.014" />
  <testcase classname="ptolemy.util.test.junit.AutoTests" name="[81] /home/travis/build/icyphy/ptII/ptolemy/domains/de/test/auto/dynamicCausalityInterface1.xml (RunModel)" time="0.017" />
  <testcase classname="ptolemy.util.test.junit.AutoTests" name="[82] /home/travis/build/icyphy/ptII/ptolemy/domains/de/test/auto/fsm_de_test.xml (RunModel)" time="0.021" />
  <testcase classname="ptolemy.util.test.junit.AutoTests" name="[83] /home/travis/build/icyphy/ptII/ptolemy/domains/de/test/auto/functionDependencyReconstruction.xml (RunModel)" time="0.033" />
  <testcase classname="ptolemy.util.test.junit.AutoTests" name="[84] /home/travis/build/icyphy/ptII/ptolemy/domains/de/test/auto/multirate.xml (RunModel)" time="0.013" />
  <testcase classname="ptolemy.util.test.junit.AutoTests" name="[85] /home/travis/build/icyphy/ptII/ptolemy/domains/de/test/auto/multirate2.xml (RunModel)" time="0.013" />
  <testcase classname="ptolemy.util.test.junit.AutoTests" name="[86] /home/travis/build/icyphy/ptII/ptolemy/domains/de/test/auto/realtime.xml (RunModel)" time="10.009" />
  <testcase classname="ptolemy.util.test.junit.AutoTests" name="[87] /home/travis/build/icyphy/ptII/ptolemy/domains/de/test/auto/relationGroup.xml (RunModel)" time="0.01" />
  <testcase classname="ptolemy.util.test.junit.AutoTests" name="[88] /home/travis/build/icyphy/ptII/ptolemy/domains/de/test/auto/relationGroup2.xml (RunModel)" time="0.011" />
  <testcase classname="ptolemy.util.test.junit.AutoTests" name="[89] /home/travis/build/icyphy/ptII/ptolemy/domains/de/test/auto/sortWithOpaquePorts.xml (RunModel)" time="0.018" />
  <testcase classname="ptolemy.util.test.junit.AutoTests" name="[90] /home/travis/build/icyphy/ptII/ptolemy/domains/de/test/auto/transferInputsandOutputs.xml (RunModel)" time="0.018" />
  <testcase classname="ptolemy.util.test.junit.AutoTests" name="[91] /home/travis/build/icyphy/ptII/ptolemy/domains/de/test/auto/triggerType.xml (RunModel)" time="0.02" />
  <system-out><![CDATA[/home/travis/build/icyphy/ptII/ptolemy/domains/de/test/DependencyLoop.tcl
testDefs.tcl: setting time out to 9000 seconds at Fri Nov 01 06:10:36 UTC 2019
54 ms. Memory: 120832K Free: 72133K (60%)
28 ms. Memory: 120832K Free: 54710K (45%)
/home/travis/build/icyphy/ptII/ptolemy/domains/de/test/RunDETestsAsQSS.tcl
Run the DE tests using ptolemy.domains.qss.test.QSSDirectorTest, which extends QSSDirector and prints a message in the constructors.
------------------ testing $PTII/ptolemy/domains/de/test/auto/knownFailedTests/DirectFeedback.xml (Known Failure) 
68 ms. Memory: 120832K Free: 48581K (40%)


==== $PTIIhome/travis/build/icyphy/ptII/ptolemy/domains/de/test/../../../../: Auto Automatic test in file $PTII/ptolemy/domains/de/test/auto/knownFailedTests/DirectFeedback.xml
==== Contents of test case:

	    # FIXME: we should use $relativeFilename here, but it
	    # might have backslashes under Windows, which causes no end
	    # of trouble.
	    createAndExecute $file
	    list {}
	
.... Test generated KNOWN error:
    while executing
ptolemy.kernel.util.IllegalActionException: Test fails in iteration 1.
Value was: 1.0. Should have been: 2.0
  in .DirectFeedback.Test
	at ptolemy.actor.lib.Test.fire(Test.java:268)
	at ptolemy.domains.de.kernel.DEDirector._fire(DEDirector.java:1949)
	at ptolemy.domains.de.kernel.DEDirector.fire(DEDirector.java:502)
	at ptolemy.actor.CompositeActor.fire(CompositeActor.java:455)
	at ptolemy.actor.Manager.iterate(Manager.java:851)
	at ptolemy.actor.Manager.execute(Manager.java:369)
	at ptolemy.actor.Manager.run(Manager.java:1263)
	at ptolemy.actor.Manager$PtolemyRunThread.run(Manager.java:1933)

    while executing
ptolemy.kernel.util.IllegalActionException: Test fails in iteration 1.
Value was: 1.0. Should have been: 2.0
  in .DirectFeedback.Test
    while executing
"java::new ptolemy.moml.MoMLSimpleApplication $file
"
    (procedure "createAndExecute" line 2)
    invoked from within
"createAndExecute $file"
    ("uplevel" body line 5)
    invoked from within
"uplevel $contents_of_test"
------------------ testing $PTII/ptolemy/domains/de/test/auto/knownFailedTests/dependencyLoop.xml (Known Failure) 
40 ms. Memory: 120832K Free: 108307K (90%)


==== $PTIIhome/travis/build/icyphy/ptII/ptolemy/domains/de/test/../../../../: Auto Automatic test in file $PTII/ptolemy/domains/de/test/auto/knownFailedTests/dependencyLoop.xml
==== Contents of test case:

	    # FIXME: we should use $relativeFilename here, but it
	    # might have backslashes under Windows, which causes no end
	    # of trouble.
	    createAndExecute $file
	    list {}
	
.... Test generated KNOWN error:
    while executing
ptolemy.kernel.util.IllegalActionException: Found a zero delay loop containing .dependencyLoop.original
  in .dependencyLoop and .dependencyLoop.original
	at ptolemy.actor.util.CausalityInterfaceForComposites._computeOutputPortDepth(CausalityInterfaceForComposites.java:759)
	at ptolemy.actor.util.CausalityInterfaceForComposites._computeInputDepth(CausalityInterfaceForComposites.java:696)
	at ptolemy.actor.util.CausalityInterfaceForComposites._computeOutputPortDepth(CausalityInterfaceForComposites.java:765)
	at ptolemy.actor.util.CausalityInterfaceForComposites._computeInputDepth(CausalityInterfaceForComposites.java:696)
	at ptolemy.actor.util.CausalityInterfaceForComposites._computeOutputPortDepth(CausalityInterfaceForComposites.java:765)
	at ptolemy.actor.util.CausalityInterfaceForComposites._computeInputDepth(CausalityInterfaceForComposites.java:696)
	at ptolemy.actor.util.CausalityInterfaceForComposites._computeActorDepth(CausalityInterfaceForComposites.java:532)
	at ptolemy.actor.util.CausalityInterfaceForComposites.checkForCycles(CausalityInterfaceForComposites.java:96)
	at ptolemy.domains.de.kernel.DEDirector.preinitialize(DEDirector.java:1338)
	at ptolemy.actor.CompositeActor.preinitialize(CompositeActor.java:1828)
	at ptolemy.actor.Manager.preinitializeAndResolveTypes(Manager.java:1040)
	at ptolemy.actor.Manager.initialize(Manager.java:710)
	at ptolemy.actor.Manager.execute(Manager.java:356)
	at ptolemy.actor.Manager.run(Manager.java:1263)
	at ptolemy.actor.Manager$PtolemyRunThread.run(Manager.java:1933)

    while executing
ptolemy.kernel.util.IllegalActionException: Found a zero delay loop containing .dependencyLoop.original
  in .dependencyLoop and .dependencyLoop.original
    while executing
"java::new ptolemy.moml.MoMLSimpleApplication $file
"
    (procedure "createAndExecute" line 2)
    invoked from within
"createAndExecute $file"
    ("uplevel" body line 5)
    invoked from within
"uplevel $contents_of_test"
------------------ testing $PTII/ptolemy/domains/de/test/auto/knownFailedTests/FSMSource.xml (Known Failure) 
44 ms. Memory: 120832K Free: 99152K (82%)
!!!! Auto was marked as failing, but now passes
------------------ testing $PTII/ptolemy/domains/de/test/auto/knownFailedTests/HierarchicalModel.xml (Known Failure) 
6 ms. Memory: 120832K Free: 81737K (68%)


==== $PTIIhome/travis/build/icyphy/ptII/ptolemy/domains/de/test/../../../../: Auto Automatic test in file $PTII/ptolemy/domains/de/test/auto/knownFailedTests/HierarchicalModel.xml
==== Contents of test case:

	    # FIXME: we should use $relativeFilename here, but it
	    # might have backslashes under Windows, which causes no end
	    # of trouble.
	    createAndExecute $file
	    list {}
	
.... Test generated KNOWN error:
    while executing
ptolemy.kernel.util.IllegalActionException: Found a zero delay loop containing .HierarchicalModel.A
  in .HierarchicalModel and .HierarchicalModel.A
	at ptolemy.actor.util.CausalityInterfaceForComposites._computeOutputPortDepth(CausalityInterfaceForComposites.java:759)
	at ptolemy.actor.util.CausalityInterfaceForComposites._computeInputDepth(CausalityInterfaceForComposites.java:696)
	at ptolemy.actor.util.CausalityInterfaceForComposites._computeOutputPortDepth(CausalityInterfaceForComposites.java:765)
	at ptolemy.actor.util.CausalityInterfaceForComposites._computeInputDepth(CausalityInterfaceForComposites.java:696)
	at ptolemy.actor.util.CausalityInterfaceForComposites._computeOutputPortDepth(CausalityInterfaceForComposites.java:765)
	at ptolemy.actor.util.CausalityInterfaceForComposites._computeInputDepth(CausalityInterfaceForComposites.java:696)
	at ptolemy.actor.util.CausalityInterfaceForComposites._computeActorDepth(CausalityInterfaceForComposites.java:532)
	at ptolemy.actor.util.CausalityInterfaceForComposites.checkForCycles(CausalityInterfaceForComposites.java:96)
	at ptolemy.domains.de.kernel.DEDirector.preinitialize(DEDirector.java:1338)
	at ptolemy.actor.CompositeActor.preinitialize(CompositeActor.java:1828)
	at ptolemy.actor.Manager.preinitializeAndResolveTypes(Manager.java:1040)
	at ptolemy.actor.Manager.initialize(Manager.java:710)
	at ptolemy.actor.Manager.execute(Manager.java:356)
	at ptolemy.actor.Manager.run(Manager.java:1263)
	at ptolemy.actor.Manager$PtolemyRunThread.run(Manager.java:1933)

    while executing
ptolemy.kernel.util.IllegalActionException: Found a zero delay loop containing .HierarchicalModel.A
  in .HierarchicalModel and .HierarchicalModel.A
    while executing
"java::new ptolemy.moml.MoMLSimpleApplication $file
"
    (procedure "createAndExecute" line 2)
    invoked from within
"createAndExecute $file"
    ("uplevel" body line 5)
    invoked from within
"uplevel $contents_of_test"
------------------ testing $PTII/ptolemy/domains/de/test/auto/knownFailedTests/dependencyLoop2.xml (Known Failure) 
4 ms. Memory: 120832K Free: 65785K (54%)


==== $PTIIhome/travis/build/icyphy/ptII/ptolemy/domains/de/test/../../../../: Auto Automatic test in file $PTII/ptolemy/domains/de/test/auto/knownFailedTests/dependencyLoop2.xml
==== Contents of test case:

	    # FIXME: we should use $relativeFilename here, but it
	    # might have backslashes under Windows, which causes no end
	    # of trouble.
	    createAndExecute $file
	    list {}
	
.... Test generated KNOWN error:
    while executing
ptolemy.kernel.util.IllegalActionException: Found a zero delay loop containing .dependencyLoop2.original
  in .dependencyLoop2 and .dependencyLoop2.original
	at ptolemy.actor.util.CausalityInterfaceForComposites._computeOutputPortDepth(CausalityInterfaceForComposites.java:759)
	at ptolemy.actor.util.CausalityInterfaceForComposites._computeInputDepth(CausalityInterfaceForComposites.java:696)
	at ptolemy.actor.util.CausalityInterfaceForComposites._computeOutputPortDepth(CausalityInterfaceForComposites.java:765)
	at ptolemy.actor.util.CausalityInterfaceForComposites._computeInputDepth(CausalityInterfaceForComposites.java:696)
	at ptolemy.actor.util.CausalityInterfaceForComposites._computeOutputPortDepth(CausalityInterfaceForComposites.java:765)
	at ptolemy.actor.util.CausalityInterfaceForComposites._computeInputDepth(CausalityInterfaceForComposites.java:696)
	at ptolemy.actor.util.CausalityInterfaceForComposites._computeActorDepth(CausalityInterfaceForComposites.java:532)
	at ptolemy.actor.util.CausalityInterfaceForComposites.checkForCycles(CausalityInterfaceForComposites.java:96)
	at ptolemy.domains.de.kernel.DEDirector.preinitialize(DEDirector.java:1338)
	at ptolemy.actor.CompositeActor.preinitialize(CompositeActor.java:1828)
	at ptolemy.actor.Manager.preinitializeAndResolveTypes(Manager.java:1040)
	at ptolemy.actor.Manager.initialize(Manager.java:710)
	at ptolemy.actor.Manager.execute(Manager.java:356)
	at ptolemy.actor.Manager.run(Manager.java:1263)
	at ptolemy.actor.Manager$PtolemyRunThread.run(Manager.java:1933)

    while executing
ptolemy.kernel.util.IllegalActionException: Found a zero delay loop containing .dependencyLoop2.original
  in .dependencyLoop2 and .dependencyLoop2.original
    while executing
"java::new ptolemy.moml.MoMLSimpleApplication $file
"
    (procedure "createAndExecute" line 2)
    invoked from within
"createAndExecute $file"
    ("uplevel" body line 5)
    invoked from within
"uplevel $contents_of_test"
------------------ testing $PTII/ptolemy/domains/de/test/auto/knownFailedTests/DESDFClockTest.xml (Known Failure) 
2072 ms. Memory: 120832K Free: 94536K (78%)


==== $PTIIhome/travis/build/icyphy/ptII/ptolemy/domains/de/test/../../../../: Auto Automatic test in file $PTII/ptolemy/domains/de/test/auto/knownFailedTests/DESDFClockTest.xml
==== Contents of test case:

	    # FIXME: we should use $relativeFilename here, but it
	    # might have backslashes under Windows, which causes no end
	    # of trouble.
	    createAndExecute $file
	    list {}
	
.... Test generated KNOWN error:
    while executing
ptolemy.kernel.util.IllegalActionException: Actor is not ready to fire.  Perhaps UpSample.prefire() returned false? Try debugging the actor by selecting "Listen to Actor".  Also, for SDF check moml for tokenConsumptionRate on input.
  in .DESDFClockTest.Play Bell.Copy1:SDF Director and .DESDFClockTest.Play Bell.UpSample
	at ptolemy.actor.sched.StaticSchedulingDirector.fire(StaticSchedulingDirector.java:227)
	at ptolemy.domains.sdf.kernel.SDFDirector.fire(SDFDirector.java:500)
	at ptolemy.actor.CompositeActor.fire(CompositeActor.java:455)
	at ptolemy.domains.de.kernel.DEDirector._fire(DEDirector.java:1949)
	at ptolemy.domains.de.kernel.DEDirector.fire(DEDirector.java:502)
	at ptolemy.actor.CompositeActor.fire(CompositeActor.java:455)
	at ptolemy.actor.Manager.iterate(Manager.java:851)
	at ptolemy.actor.Manager.execute(Manager.java:369)
	at ptolemy.actor.Manager.run(Manager.java:1263)
	at ptolemy.actor.Manager$PtolemyRunThread.run(Manager.java:1933)

    while executing
ptolemy.kernel.util.IllegalActionException: Actor is not ready to fire.  Perhaps UpSample.prefire() returned false? Try debugging the actor by selecting "Listen to Actor".  Also, for SDF check moml for tokenConsumptionRate on input.
  in .DESDFClockTest.Play Bell.Copy1:SDF Director and .DESDFClockTest.Play Bell.UpSample
    while executing
"java::new ptolemy.moml.MoMLSimpleApplication $file
"
    (procedure "createAndExecute" line 2)
    invoked from within
"createAndExecute $file"
    ("uplevel" body line 5)
    invoked from within
"uplevel $contents_of_test"
------------------ testing $PTII/ptolemy/domains/de/test/auto/ActorDepthCalculation_actorWithoutPorts.xml
auto.tcl: Setting watchdog for 200 seconds at Fri Nov 01 06:10:40 UTC 2019
8 ms. Memory: 120832K Free: 86858K (72%)
ptolemy.util.test.WatchDog.cancel(): canceling Fri Nov 01 06:10:40 UTC 2019
auto.tcl: Setting watchdog for 200 seconds at Fri Nov 01 06:10:40 UTC 2019
5 ms. Memory: 120832K Free: 85314K (71%)
ptolemy.util.test.WatchDog.cancel(): canceling Fri Nov 01 06:10:40 UTC 2019
------------------ testing $PTII/ptolemy/domains/de/test/auto/AssemblyLine.xml
auto.tcl: Setting watchdog for 200 seconds at Fri Nov 01 06:10:41 UTC 2019
29 ms. Memory: 48128K Free: 26037K (54%)
ptolemy.util.test.WatchDog.cancel(): canceling Fri Nov 01 06:10:41 UTC 2019
auto.tcl: Setting watchdog for 200 seconds at Fri Nov 01 06:10:41 UTC 2019
8 ms. Memory: 48128K Free: 25336K (53%)
ptolemy.util.test.WatchDog.cancel(): canceling Fri Nov 01 06:10:41 UTC 2019
------------------ testing $PTII/ptolemy/domains/de/test/auto/CQBug1.xml
auto.tcl: Setting watchdog for 200 seconds at Fri Nov 01 06:10:41 UTC 2019
3 ms. Memory: 48128K Free: 31465K (65%)
ptolemy.util.test.WatchDog.cancel(): canceling Fri Nov 01 06:10:41 UTC 2019
auto.tcl: Setting watchdog for 200 seconds at Fri Nov 01 06:10:41 UTC 2019
2 ms. Memory: 48128K Free: 31035K (64%)
ptolemy.util.test.WatchDog.cancel(): canceling Fri Nov 01 06:10:41 UTC 2019
------------------ testing $PTII/ptolemy/domains/de/test/auto/CancelFireAt.xml
auto.tcl: Setting watchdog for 200 seconds at Fri Nov 01 06:10:41 UTC 2019
2 ms. Memory: 45056K Free: 29693K (66%)
ptolemy.util.test.WatchDog.cancel(): canceling Fri Nov 01 06:10:41 UTC 2019
auto.tcl: Setting watchdog for 200 seconds at Fri Nov 01 06:10:41 UTC 2019
2 ms. Memory: 45056K Free: 29250K (65%)
ptolemy.util.test.WatchDog.cancel(): canceling Fri Nov 01 06:10:41 UTC 2019
------------------ testing $PTII/ptolemy/domains/de/test/auto/CausalityAndComposabilityAnalysis.xml
auto.tcl: Setting watchdog for 200 seconds at Fri Nov 01 06:10:41 UTC 2019
6 ms. Memory: 45056K Free: 27920K (62%)
ptolemy.util.test.WatchDog.cancel(): canceling Fri Nov 01 06:10:41 UTC 2019
auto.tcl: Setting watchdog for 200 seconds at Fri Nov 01 06:10:41 UTC 2019
5 ms. Memory: 45056K Free: 27095K (60%)
ptolemy.util.test.WatchDog.cancel(): canceling Fri Nov 01 06:10:41 UTC 2019
------------------ testing $PTII/ptolemy/domains/de/test/auto/CausalityInterface1.xml
auto.tcl: Setting watchdog for 200 seconds at Fri Nov 01 06:10:41 UTC 2019
35 ms. Memory: 45056K Free: 26362K (59%)
ptolemy.util.test.WatchDog.cancel(): canceling Fri Nov 01 06:10:41 UTC 2019
auto.tcl: Setting watchdog for 200 seconds at Fri Nov 01 06:10:41 UTC 2019
4 ms. Memory: 45056K Free: 25385K (56%)
ptolemy.util.test.WatchDog.cancel(): canceling Fri Nov 01 06:10:41 UTC 2019
------------------ testing $PTII/ptolemy/domains/de/test/auto/CausalityInterface15.xml
auto.tcl: Setting watchdog for 200 seconds at Fri Nov 01 06:10:42 UTC 2019
6 ms. Memory: 45056K Free: 26038K (58%)
ptolemy.util.test.WatchDog.cancel(): canceling Fri Nov 01 06:10:42 UTC 2019
auto.tcl: Setting watchdog for 200 seconds at Fri Nov 01 06:10:42 UTC 2019
3 ms. Memory: 45056K Free: 25348K (56%)
ptolemy.util.test.WatchDog.cancel(): canceling Fri Nov 01 06:10:42 UTC 2019
------------------ testing $PTII/ptolemy/domains/de/test/auto/CausalityInterface2.xml
auto.tcl: Setting watchdog for 200 seconds at Fri Nov 01 06:10:42 UTC 2019
8 ms. Memory: 45056K Free: 27000K (60%)
ptolemy.util.test.WatchDog.cancel(): canceling Fri Nov 01 06:10:42 UTC 2019
auto.tcl: Setting watchdog for 200 seconds at Fri Nov 01 06:10:42 UTC 2019
6 ms. Memory: 45056K Free: 26281K (58%)
ptolemy.util.test.WatchDog.cancel(): canceling Fri Nov 01 06:10:42 UTC 2019
------------------ testing $PTII/ptolemy/domains/de/test/auto/CausalityInterface3.xml
auto.tcl: Setting watchdog for 200 seconds at Fri Nov 01 06:10:42 UTC 2019
4 ms. Memory: 45056K Free: 26454K (59%)
ptolemy.util.test.WatchDog.cancel(): canceling Fri Nov 01 06:10:42 UTC 2019
auto.tcl: Setting watchdog for 200 seconds at Fri Nov 01 06:10:42 UTC 2019
3 ms. Memory: 45056K Free: 25658K (57%)
ptolemy.util.test.WatchDog.cancel(): canceling Fri Nov 01 06:10:42 UTC 2019
------------------ testing $PTII/ptolemy/domains/de/test/auto/ClockDrift.xml
auto.tcl: Setting watchdog for 200 seconds at Fri Nov 01 06:10:42 UTC 2019
59 ms. Memory: 45056K Free: 19049K (42%)
ptolemy.util.test.WatchDog.cancel(): canceling Fri Nov 01 06:10:42 UTC 2019
auto.tcl: Setting watchdog for 200 seconds at Fri Nov 01 06:10:42 UTC 2019
55 ms. Memory: 45056K Free: 16035K (36%)
ptolemy.util.test.WatchDog.cancel(): canceling Fri Nov 01 06:10:42 UTC 2019
------------------ testing $PTII/ptolemy/domains/de/test/auto/ClockDriftAndValueChange.xml
auto.tcl: Setting watchdog for 200 seconds at Fri Nov 01 06:10:42 UTC 2019
55 ms. Memory: 45056K Free: 19133K (42%)
ptolemy.util.test.WatchDog.cancel(): canceling Fri Nov 01 06:10:42 UTC 2019
auto.tcl: Setting watchdog for 200 seconds at Fri Nov 01 06:10:42 UTC 2019
32 ms. Memory: 45056K Free: 16278K (36%)
ptolemy.util.test.WatchDog.cancel(): canceling Fri Nov 01 06:10:42 UTC 2019
------------------ testing $PTII/ptolemy/domains/de/test/auto/ClockDriftChange.xml
auto.tcl: Setting watchdog for 200 seconds at Fri Nov 01 06:10:42 UTC 2019
20 ms. Memory: 45056K Free: 21180K (47%)
ptolemy.util.test.WatchDog.cancel(): canceling Fri Nov 01 06:10:42 UTC 2019
auto.tcl: Setting watchdog for 200 seconds at Fri Nov 01 06:10:42 UTC 2019
17 ms. Memory: 45056K Free: 18647K (41%)
ptolemy.util.test.WatchDog.cancel(): canceling Fri Nov 01 06:10:42 UTC 2019
------------------ testing $PTII/ptolemy/domains/de/test/auto/ComposableCausalityAnalysis.xml
auto.tcl: Setting watchdog for 200 seconds at Fri Nov 01 06:10:42 UTC 2019
6 ms. Memory: 45056K Free: 25862K (57%)
ptolemy.util.test.WatchDog.cancel(): canceling Fri Nov 01 06:10:42 UTC 2019
auto.tcl: Setting watchdog for 200 seconds at Fri Nov 01 06:10:42 UTC 2019
5 ms. Memory: 45056K Free: 24775K (55%)
ptolemy.util.test.WatchDog.cancel(): canceling Fri Nov 01 06:10:42 UTC 2019
------------------ testing $PTII/ptolemy/domains/de/test/auto/DEFixedPointLimitation.xml
auto.tcl: Setting watchdog for 200 seconds at Fri Nov 01 06:10:42 UTC 2019
3 ms. Memory: 45056K Free: 27145K (60%)
ptolemy.util.test.WatchDog.cancel(): canceling Fri Nov 01 06:10:42 UTC 2019
auto.tcl: Setting watchdog for 200 seconds at Fri Nov 01 06:10:42 UTC 2019
1 ms. Memory: 45056K Free: 26249K (58%)
ptolemy.util.test.WatchDog.cancel(): canceling Fri Nov 01 06:10:42 UTC 2019
------------------ testing $PTII/ptolemy/domains/de/test/auto/DEScheduleTest.xml
auto.tcl: Setting watchdog for 200 seconds at Fri Nov 01 06:10:42 UTC 2019
9 ms. Memory: 45056K Free: 27396K (61%)
ptolemy.util.test.WatchDog.cancel(): canceling Fri Nov 01 06:10:42 UTC 2019
auto.tcl: Setting watchdog for 200 seconds at Fri Nov 01 06:10:42 UTC 2019
3 ms. Memory: 45056K Free: 26670K (59%)
ptolemy.util.test.WatchDog.cancel(): canceling Fri Nov 01 06:10:43 UTC 2019
------------------ testing $PTII/ptolemy/domains/de/test/auto/DEinDEwithStartTimes.xml
auto.tcl: Setting watchdog for 200 seconds at Fri Nov 01 06:10:43 UTC 2019
9 ms. Memory: 45056K Free: 25597K (57%)
ptolemy.util.test.WatchDog.cancel(): canceling Fri Nov 01 06:10:43 UTC 2019
auto.tcl: Setting watchdog for 200 seconds at Fri Nov 01 06:10:43 UTC 2019
7 ms. Memory: 45056K Free: 24573K (55%)
ptolemy.util.test.WatchDog.cancel(): canceling Fri Nov 01 06:10:43 UTC 2019
------------------ testing $PTII/ptolemy/domains/de/test/auto/DEinDEwithStartTimes2.xml
auto.tcl: Setting watchdog for 200 seconds at Fri Nov 01 06:10:43 UTC 2019
7 ms. Memory: 45056K Free: 24852K (55%)
ptolemy.util.test.WatchDog.cancel(): canceling Fri Nov 01 06:10:43 UTC 2019
auto.tcl: Setting watchdog for 200 seconds at Fri Nov 01 06:10:43 UTC 2019
4 ms. Memory: 45056K Free: 23528K (52%)
ptolemy.util.test.WatchDog.cancel(): canceling Fri Nov 01 06:10:43 UTC 2019
------------------ testing $PTII/ptolemy/domains/de/test/auto/DateDemo.xml
auto.tcl: Setting watchdog for 200 seconds at Fri Nov 01 06:10:43 UTC 2019
16 ms. Memory: 45056K Free: 19189K (43%)
ptolemy.util.test.WatchDog.cancel(): canceling Fri Nov 01 06:10:43 UTC 2019
auto.tcl: Setting watchdog for 200 seconds at Fri Nov 01 06:10:43 UTC 2019
9 ms. Memory: 45056K Free: 17648K (39%)
ptolemy.util.test.WatchDog.cancel(): canceling Fri Nov 01 06:10:43 UTC 2019
------------------ testing $PTII/ptolemy/domains/de/test/auto/DateToEvent.xml
auto.tcl: Setting watchdog for 200 seconds at Fri Nov 01 06:10:43 UTC 2019
2010 ms. Memory: 45056K Free: 14949K (33%)
ptolemy.util.test.WatchDog.cancel(): canceling Fri Nov 01 06:10:45 UTC 2019
auto.tcl: Setting watchdog for 200 seconds at Fri Nov 01 06:10:45 UTC 2019
2007 ms. Memory: 45056K Free: 14234K (32%)
ptolemy.util.test.WatchDog.cancel(): canceling Fri Nov 01 06:10:47 UTC 2019
------------------ testing $PTII/ptolemy/domains/de/test/auto/DepthTest1.xml
auto.tcl: Setting watchdog for 200 seconds at Fri Nov 01 06:10:47 UTC 2019
4 ms. Memory: 45056K Free: 28216K (63%)
ptolemy.util.test.WatchDog.cancel(): canceling Fri Nov 01 06:10:47 UTC 2019
auto.tcl: Setting watchdog for 200 seconds at Fri Nov 01 06:10:47 UTC 2019
2 ms. Memory: 45056K Free: 27724K (62%)
ptolemy.util.test.WatchDog.cancel(): canceling Fri Nov 01 06:10:47 UTC 2019
------------------ testing $PTII/ptolemy/domains/de/test/auto/DepthTest2.xml
auto.tcl: Setting watchdog for 200 seconds at Fri Nov 01 06:10:47 UTC 2019
3 ms. Memory: 45056K Free: 24861K (55%)
ptolemy.util.test.WatchDog.cancel(): canceling Fri Nov 01 06:10:47 UTC 2019
auto.tcl: Setting watchdog for 200 seconds at Fri Nov 01 06:10:47 UTC 2019
2 ms. Memory: 45056K Free: 24422K (54%)
ptolemy.util.test.WatchDog.cancel(): canceling Fri Nov 01 06:10:47 UTC 2019
------------------ testing $PTII/ptolemy/domains/de/test/auto/DepthTest3.xml
auto.tcl: Setting watchdog for 200 seconds at Fri Nov 01 06:10:47 UTC 2019
2 ms. Memory: 45056K Free: 28425K (63%)
ptolemy.util.test.WatchDog.cancel(): canceling Fri Nov 01 06:10:47 UTC 2019
auto.tcl: Setting watchdog for 200 seconds at Fri Nov 01 06:10:47 UTC 2019
2 ms. Memory: 45056K Free: 28036K (62%)
ptolemy.util.test.WatchDog.cancel(): canceling Fri Nov 01 06:10:47 UTC 2019
------------------ testing $PTII/ptolemy/domains/de/test/auto/DepthTest4.xml
auto.tcl: Setting watchdog for 200 seconds at Fri Nov 01 06:10:47 UTC 2019
4 ms. Memory: 45056K Free: 26789K (59%)
ptolemy.util.test.WatchDog.cancel(): canceling Fri Nov 01 06:10:47 UTC 2019
auto.tcl: Setting watchdog for 200 seconds at Fri Nov 01 06:10:47 UTC 2019
2 ms. Memory: 45056K Free: 26059K (58%)
ptolemy.util.test.WatchDog.cancel(): canceling Fri Nov 01 06:10:47 UTC 2019
------------------ testing $PTII/ptolemy/domains/de/test/auto/DepthTest5.xml
auto.tcl: Setting watchdog for 200 seconds at Fri Nov 01 06:10:47 UTC 2019
5 ms. Memory: 45056K Free: 26193K (58%)
ptolemy.util.test.WatchDog.cancel(): canceling Fri Nov 01 06:10:47 UTC 2019
auto.tcl: Setting watchdog for 200 seconds at Fri Nov 01 06:10:47 UTC 2019
3 ms. Memory: 45056K Free: 25455K (56%)
ptolemy.util.test.WatchDog.cancel(): canceling Fri Nov 01 06:10:47 UTC 2019
------------------ testing $PTII/ptolemy/domains/de/test/auto/DepthTest6.xml
auto.tcl: Setting watchdog for 200 seconds at Fri Nov 01 06:10:47 UTC 2019
5 ms. Memory: 45056K Free: 25877K (57%)
ptolemy.util.test.WatchDog.cancel(): canceling Fri Nov 01 06:10:47 UTC 2019
auto.tcl: Setting watchdog for 200 seconds at Fri Nov 01 06:10:47 UTC 2019
2 ms. Memory: 45056K Free: 25364K (56%)
ptolemy.util.test.WatchDog.cancel(): canceling Fri Nov 01 06:10:47 UTC 2019
------------------ testing $PTII/ptolemy/domains/de/test/auto/DepthTest7.xml
auto.tcl: Setting watchdog for 200 seconds at Fri Nov 01 06:10:47 UTC 2019
2 ms. Memory: 45056K Free: 26713K (59%)
ptolemy.util.test.WatchDog.cancel(): canceling Fri Nov 01 06:10:47 UTC 2019
auto.tcl: Setting watchdog for 200 seconds at Fri Nov 01 06:10:47 UTC 2019
2 ms. Memory: 45056K Free: 25975K (58%)
ptolemy.util.test.WatchDog.cancel(): canceling Fri Nov 01 06:10:47 UTC 2019
------------------ testing $PTII/ptolemy/domains/de/test/auto/EventToDate.xml
auto.tcl: Setting watchdog for 200 seconds at Fri Nov 01 06:10:48 UTC 2019
3007 ms. Memory: 45056K Free: 17521K (39%)
ptolemy.util.test.WatchDog.cancel(): canceling Fri Nov 01 06:10:51 UTC 2019
auto.tcl: Setting watchdog for 200 seconds at Fri Nov 01 06:10:51 UTC 2019
3006 ms. Memory: 45056K Free: 16800K (37%)
ptolemy.util.test.WatchDog.cancel(): canceling Fri Nov 01 06:10:54 UTC 2019
------------------ testing $PTII/ptolemy/domains/de/test/auto/FSM1.xml
auto.tcl: Setting watchdog for 200 seconds at Fri Nov 01 06:10:54 UTC 2019
48 ms. Memory: 45056K Free: 18204K (40%)
ptolemy.util.test.WatchDog.cancel(): canceling Fri Nov 01 06:10:54 UTC 2019
auto.tcl: Setting watchdog for 200 seconds at Fri Nov 01 06:10:54 UTC 2019
25 ms. Memory: 45056K Free: 15043K (33%)
ptolemy.util.test.WatchDog.cancel(): canceling Fri Nov 01 06:10:54 UTC 2019
------------------ testing $PTII/ptolemy/domains/de/test/auto/FSM7.xml
auto.tcl: Setting watchdog for 200 seconds at Fri Nov 01 06:10:54 UTC 2019
34 ms. Memory: 45056K Free: 18391K (41%)
ptolemy.util.test.WatchDog.cancel(): canceling Fri Nov 01 06:10:54 UTC 2019
auto.tcl: Setting watchdog for 200 seconds at Fri Nov 01 06:10:54 UTC 2019
32 ms. Memory: 45056K Free: 15295K (34%)
ptolemy.util.test.WatchDog.cancel(): canceling Fri Nov 01 06:10:54 UTC 2019
------------------ testing $PTII/ptolemy/domains/de/test/auto/Inspection.xml
auto.tcl: Setting watchdog for 200 seconds at Fri Nov 01 06:10:54 UTC 2019
22 ms. Memory: 45056K Free: 18471K (41%)
ptolemy.util.test.WatchDog.cancel(): canceling Fri Nov 01 06:10:54 UTC 2019
auto.tcl: Setting watchdog for 200 seconds at Fri Nov 01 06:10:54 UTC 2019
19 ms. Memory: 45056K Free: 16717K (37%)
ptolemy.util.test.WatchDog.cancel(): canceling Fri Nov 01 06:10:54 UTC 2019
------------------ testing $PTII/ptolemy/domains/de/test/auto/Iteration.xml
auto.tcl: Setting watchdog for 200 seconds at Fri Nov 01 06:10:54 UTC 2019
9 ms. Memory: 45056K Free: 24203K (54%)
ptolemy.util.test.WatchDog.cancel(): canceling Fri Nov 01 06:10:54 UTC 2019
auto.tcl: Setting watchdog for 200 seconds at Fri Nov 01 06:10:54 UTC 2019
7 ms. Memory: 45056K Free: 22773K (51%)
ptolemy.util.test.WatchDog.cancel(): canceling Fri Nov 01 06:10:54 UTC 2019
------------------ testing $PTII/ptolemy/domains/de/test/auto/LineFault.xml
auto.tcl: Setting watchdog for 200 seconds at Fri Nov 01 06:10:54 UTC 2019
801 ms. Memory: 54272K Free: 16255K (30%)
ptolemy.util.test.WatchDog.cancel(): canceling Fri Nov 01 06:10:55 UTC 2019
auto.tcl: Setting watchdog for 200 seconds at Fri Nov 01 06:10:55 UTC 2019
708 ms. Memory: 54272K Free: 27799K (51%)
ptolemy.util.test.WatchDog.cancel(): canceling Fri Nov 01 06:10:56 UTC 2019
------------------ testing $PTII/ptolemy/domains/de/test/auto/MergeModel1Add.xml
auto.tcl: Setting watchdog for 200 seconds at Fri Nov 01 06:10:56 UTC 2019
38 ms. Memory: 54272K Free: 19211K (35%)
ptolemy.util.test.WatchDog.cancel(): canceling Fri Nov 01 06:10:56 UTC 2019
auto.tcl: Setting watchdog for 200 seconds at Fri Nov 01 06:10:56 UTC 2019
17 ms. Memory: 54272K Free: 17565K (32%)
ptolemy.util.test.WatchDog.cancel(): canceling Fri Nov 01 06:10:56 UTC 2019
------------------ testing $PTII/ptolemy/domains/de/test/auto/MergeModel2Add.xml
auto.tcl: Setting watchdog for 200 seconds at Fri Nov 01 06:10:56 UTC 2019
9 ms. Memory: 51200K Free: 17996K (35%)
ptolemy.util.test.WatchDog.cancel(): canceling Fri Nov 01 06:10:56 UTC 2019
auto.tcl: Setting watchdog for 200 seconds at Fri Nov 01 06:10:56 UTC 2019
8 ms. Memory: 51200K Free: 16235K (32%)
ptolemy.util.test.WatchDog.cancel(): canceling Fri Nov 01 06:10:56 UTC 2019
------------------ testing $PTII/ptolemy/domains/de/test/auto/MergeModel3Add.xml
auto.tcl: Setting watchdog for 200 seconds at Fri Nov 01 06:10:56 UTC 2019
9 ms. Memory: 51200K Free: 18170K (35%)
ptolemy.util.test.WatchDog.cancel(): canceling Fri Nov 01 06:10:56 UTC 2019
auto.tcl: Setting watchdog for 200 seconds at Fri Nov 01 06:10:56 UTC 2019
8 ms. Memory: 51200K Free: 16665K (33%)
ptolemy.util.test.WatchDog.cancel(): canceling Fri Nov 01 06:10:56 UTC 2019
------------------ testing $PTII/ptolemy/domains/de/test/auto/MergeWithoutDiscard.xml
auto.tcl: Setting watchdog for 200 seconds at Fri Nov 01 06:10:57 UTC 2019
2 ms. Memory: 51200K Free: 32574K (64%)
ptolemy.util.test.WatchDog.cancel(): canceling Fri Nov 01 06:10:57 UTC 2019
auto.tcl: Setting watchdog for 200 seconds at Fri Nov 01 06:10:57 UTC 2019
1 ms. Memory: 51200K Free: 32142K (63%)
ptolemy.util.test.WatchDog.cancel(): canceling Fri Nov 01 06:10:57 UTC 2019
------------------ testing $PTII/ptolemy/domains/de/test/auto/Modal1.xml
auto.tcl: Setting watchdog for 200 seconds at Fri Nov 01 06:10:57 UTC 2019
16 ms. Memory: 51200K Free: 24928K (49%)
ptolemy.util.test.WatchDog.cancel(): canceling Fri Nov 01 06:10:57 UTC 2019
auto.tcl: Setting watchdog for 200 seconds at Fri Nov 01 06:10:57 UTC 2019
22 ms. Memory: 51200K Free: 21654K (42%)
ptolemy.util.test.WatchDog.cancel(): canceling Fri Nov 01 06:10:57 UTC 2019
------------------ testing $PTII/ptolemy/domains/de/test/auto/Modal2.xml
auto.tcl: Setting watchdog for 200 seconds at Fri Nov 01 06:10:57 UTC 2019
18 ms. Memory: 51200K Free: 24805K (48%)
ptolemy.util.test.WatchDog.cancel(): canceling Fri Nov 01 06:10:57 UTC 2019
auto.tcl: Setting watchdog for 200 seconds at Fri Nov 01 06:10:57 UTC 2019
14 ms. Memory: 51200K Free: 21571K (42%)
ptolemy.util.test.WatchDog.cancel(): canceling Fri Nov 01 06:10:57 UTC 2019
------------------ testing $PTII/ptolemy/domains/de/test/auto/Modal3.xml
auto.tcl: Setting watchdog for 200 seconds at Fri Nov 01 06:10:57 UTC 2019
11 ms. Memory: 51200K Free: 24774K (48%)
ptolemy.util.test.WatchDog.cancel(): canceling Fri Nov 01 06:10:57 UTC 2019
auto.tcl: Setting watchdog for 200 seconds at Fri Nov 01 06:10:57 UTC 2019
17 ms. Memory: 51200K Free: 21186K (41%)
ptolemy.util.test.WatchDog.cancel(): canceling Fri Nov 01 06:10:57 UTC 2019
------------------ testing $PTII/ptolemy/domains/de/test/auto/Modal4.xml
auto.tcl: Setting watchdog for 200 seconds at Fri Nov 01 06:10:57 UTC 2019
13 ms. Memory: 51200K Free: 23747K (46%)
ptolemy.util.test.WatchDog.cancel(): canceling Fri Nov 01 06:10:57 UTC 2019
auto.tcl: Setting watchdog for 200 seconds at Fri Nov 01 06:10:57 UTC 2019
14 ms. Memory: 51200K Free: 19918K (39%)
ptolemy.util.test.WatchDog.cancel(): canceling Fri Nov 01 06:10:57 UTC 2019
------------------ testing $PTII/ptolemy/domains/de/test/auto/Modal5.xml
auto.tcl: Setting watchdog for 200 seconds at Fri Nov 01 06:10:57 UTC 2019
12 ms. Memory: 51200K Free: 23733K (46%)
ptolemy.util.test.WatchDog.cancel(): canceling Fri Nov 01 06:10:57 UTC 2019
auto.tcl: Setting watchdog for 200 seconds at Fri Nov 01 06:10:57 UTC 2019
14 ms. Memory: 51200K Free: 19905K (39%)
ptolemy.util.test.WatchDog.cancel(): canceling Fri Nov 01 06:10:57 UTC 2019
------------------ testing $PTII/ptolemy/domains/de/test/auto/Modal6.xml
auto.tcl: Setting watchdog for 200 seconds at Fri Nov 01 06:10:57 UTC 2019
12 ms. Memory: 48128K Free: 21464K (45%)
ptolemy.util.test.WatchDog.cancel(): canceling Fri Nov 01 06:10:57 UTC 2019
auto.tcl: Setting watchdog for 200 seconds at Fri Nov 01 06:10:57 UTC 2019
15 ms. Memory: 48128K Free: 17466K (36%)
ptolemy.util.test.WatchDog.cancel(): canceling Fri Nov 01 06:10:57 UTC 2019
------------------ testing $PTII/ptolemy/domains/de/test/auto/Modal7.xml
auto.tcl: Setting watchdog for 200 seconds at Fri Nov 01 06:10:57 UTC 2019
11 ms. Memory: 48128K Free: 20454K (42%)
ptolemy.util.test.WatchDog.cancel(): canceling Fri Nov 01 06:10:57 UTC 2019
auto.tcl: Setting watchdog for 200 seconds at Fri Nov 01 06:10:57 UTC 2019
11 ms. Memory: 48128K Free: 16832K (35%)
ptolemy.util.test.WatchDog.cancel(): canceling Fri Nov 01 06:10:57 UTC 2019
------------------ testing $PTII/ptolemy/domains/de/test/auto/ModalModel.xml
auto.tcl: Setting watchdog for 200 seconds at Fri Nov 01 06:10:57 UTC 2019
229 ms. Memory: 63488K Free: 23828K (38%)
ptolemy.util.test.WatchDog.cancel(): canceling Fri Nov 01 06:10:58 UTC 2019
auto.tcl: Setting watchdog for 200 seconds at Fri Nov 01 06:10:58 UTC 2019
221 ms. Memory: 63488K Free: 22211K (35%)
ptolemy.util.test.WatchDog.cancel(): canceling Fri Nov 01 06:10:58 UTC 2019
------------------ testing $PTII/ptolemy/domains/de/test/auto/ModalSource.xml
auto.tcl: Setting watchdog for 200 seconds at Fri Nov 01 06:10:58 UTC 2019
11 ms. Memory: 51200K Free: 28578K (56%)
ptolemy.util.test.WatchDog.cancel(): canceling Fri Nov 01 06:10:58 UTC 2019
auto.tcl: Setting watchdog for 200 seconds at Fri Nov 01 06:10:58 UTC 2019
6 ms. Memory: 51200K Free: 26530K (52%)
ptolemy.util.test.WatchDog.cancel(): canceling Fri Nov 01 06:10:58 UTC 2019
------------------ testing $PTII/ptolemy/domains/de/test/auto/NonInterruptibleTimerZeroDelay.xml
auto.tcl: Setting watchdog for 200 seconds at Fri Nov 01 06:10:58 UTC 2019
3 ms. Memory: 51200K Free: 33544K (66%)
ptolemy.util.test.WatchDog.cancel(): canceling Fri Nov 01 06:10:58 UTC 2019
auto.tcl: Setting watchdog for 200 seconds at Fri Nov 01 06:10:58 UTC 2019
2 ms. Memory: 51200K Free: 32846K (64%)
ptolemy.util.test.WatchDog.cancel(): canceling Fri Nov 01 06:10:58 UTC 2019
------------------ testing $PTII/ptolemy/domains/de/test/auto/OpenQueueingNetwork.xml
auto.tcl: Setting watchdog for 200 seconds at Fri Nov 01 06:10:58 UTC 2019
2911 ms. Memory: 109568K Free: 56604K (52%)
ptolemy.util.test.WatchDog.cancel(): canceling Fri Nov 01 06:11:01 UTC 2019
auto.tcl: Setting watchdog for 200 seconds at Fri Nov 01 06:11:01 UTC 2019
2631 ms. Memory: 132096K Free: 109429K (83%)
ptolemy.util.test.WatchDog.cancel(): canceling Fri Nov 01 06:11:04 UTC 2019
------------------ testing $PTII/ptolemy/domains/de/test/auto/OpenQueuingNetwork.xml
auto.tcl: Setting watchdog for 200 seconds at Fri Nov 01 06:11:04 UTC 2019
261 ms. Memory: 66560K Free: 37257K (56%)
ptolemy.util.test.WatchDog.cancel(): canceling Fri Nov 01 06:11:04 UTC 2019
auto.tcl: Setting watchdog for 200 seconds at Fri Nov 01 06:11:04 UTC 2019
247 ms. Memory: 66560K Free: 22924K (34%)
ptolemy.util.test.WatchDog.cancel(): canceling Fri Nov 01 06:11:04 UTC 2019
------------------ testing $PTII/ptolemy/domains/de/test/auto/PeriodicSampler.xml
auto.tcl: Setting watchdog for 200 seconds at Fri Nov 01 06:11:04 UTC 2019
4 ms. Memory: 51200K Free: 32713K (64%)
ptolemy.util.test.WatchDog.cancel(): canceling Fri Nov 01 06:11:04 UTC 2019
auto.tcl: Setting watchdog for 200 seconds at Fri Nov 01 06:11:04 UTC 2019
2 ms. Memory: 51200K Free: 32193K (63%)
ptolemy.util.test.WatchDog.cancel(): canceling Fri Nov 01 06:11:04 UTC 2019
------------------ testing $PTII/ptolemy/domains/de/test/auto/PersistentIO.xml
auto.tcl: Setting watchdog for 200 seconds at Fri Nov 01 06:11:04 UTC 2019
13 ms. Memory: 51200K Free: 27637K (54%)
ptolemy.util.test.WatchDog.cancel(): canceling Fri Nov 01 06:11:05 UTC 2019
auto.tcl: Setting watchdog for 200 seconds at Fri Nov 01 06:11:05 UTC 2019
5 ms. Memory: 51200K Free: 26118K (51%)
ptolemy.util.test.WatchDog.cancel(): canceling Fri Nov 01 06:11:05 UTC 2019
------------------ testing $PTII/ptolemy/domains/de/test/auto/PortParameterResetOnInitialize.xml
auto.tcl: Setting watchdog for 200 seconds at Fri Nov 01 06:11:05 UTC 2019
3 ms. Memory: 51200K Free: 32635K (64%)
ptolemy.util.test.WatchDog.cancel(): canceling Fri Nov 01 06:11:05 UTC 2019
auto.tcl: Setting watchdog for 200 seconds at Fri Nov 01 06:11:05 UTC 2019
2 ms. Memory: 51200K Free: 32125K (63%)
ptolemy.util.test.WatchDog.cancel(): canceling Fri Nov 01 06:11:05 UTC 2019
------------------ testing $PTII/ptolemy/domains/de/test/auto/PortParameterUpdates.xml
auto.tcl: Setting watchdog for 200 seconds at Fri Nov 01 06:11:05 UTC 2019
5 ms. Memory: 48128K Free: 27647K (57%)
ptolemy.util.test.WatchDog.cancel(): canceling Fri Nov 01 06:11:05 UTC 2019
auto.tcl: Setting watchdog for 200 seconds at Fri Nov 01 06:11:05 UTC 2019
3 ms. Memory: 48128K Free: 26615K (55%)
ptolemy.util.test.WatchDog.cancel(): canceling Fri Nov 01 06:11:05 UTC 2019
------------------ testing $PTII/ptolemy/domains/de/test/auto/QueueAndServer.xml
auto.tcl: Setting watchdog for 200 seconds at Fri Nov 01 06:11:05 UTC 2019
6 ms. Memory: 48128K Free: 26565K (55%)
ptolemy.util.test.WatchDog.cancel(): canceling Fri Nov 01 06:11:05 UTC 2019
auto.tcl: Setting watchdog for 200 seconds at Fri Nov 01 06:11:05 UTC 2019
7 ms. Memory: 48128K Free: 25116K (52%)
ptolemy.util.test.WatchDog.cancel(): canceling Fri Nov 01 06:11:05 UTC 2019
------------------ testing $PTII/ptolemy/domains/de/test/auto/Records.xml
auto.tcl: Setting watchdog for 200 seconds at Fri Nov 01 06:11:05 UTC 2019
5 ms. Memory: 48128K Free: 29093K (60%)
ptolemy.util.test.WatchDog.cancel(): canceling Fri Nov 01 06:11:05 UTC 2019
auto.tcl: Setting watchdog for 200 seconds at Fri Nov 01 06:11:05 UTC 2019
4 ms. Memory: 48128K Free: 28610K (59%)
ptolemy.util.test.WatchDog.cancel(): canceling Fri Nov 01 06:11:05 UTC 2019
------------------ testing $PTII/ptolemy/domains/de/test/auto/ResetTransitionWithStartTime1.xml
auto.tcl: Setting watchdog for 200 seconds at Fri Nov 01 06:11:05 UTC 2019
13 ms. Memory: 48128K Free: 26049K (54%)
ptolemy.util.test.WatchDog.cancel(): canceling Fri Nov 01 06:11:05 UTC 2019
auto.tcl: Setting watchdog for 200 seconds at Fri Nov 01 06:11:05 UTC 2019
6 ms. Memory: 48128K Free: 23536K (49%)
ptolemy.util.test.WatchDog.cancel(): canceling Fri Nov 01 06:11:05 UTC 2019
------------------ testing $PTII/ptolemy/domains/de/test/auto/ResetTransitionWithStartTime2.xml
auto.tcl: Setting watchdog for 200 seconds at Fri Nov 01 06:11:05 UTC 2019
6 ms. Memory: 48128K Free: 26005K (54%)
ptolemy.util.test.WatchDog.cancel(): canceling Fri Nov 01 06:11:05 UTC 2019
auto.tcl: Setting watchdog for 200 seconds at Fri Nov 01 06:11:05 UTC 2019
6 ms. Memory: 48128K Free: 23957K (50%)
ptolemy.util.test.WatchDog.cancel(): canceling Fri Nov 01 06:11:05 UTC 2019
------------------ testing $PTII/ptolemy/domains/de/test/auto/ResetTransitionWithStartTime3.xml
auto.tcl: Setting watchdog for 200 seconds at Fri Nov 01 06:11:05 UTC 2019
9 ms. Memory: 48128K Free: 26004K (54%)
ptolemy.util.test.WatchDog.cancel(): canceling Fri Nov 01 06:11:05 UTC 2019
auto.tcl: Setting watchdog for 200 seconds at Fri Nov 01 06:11:05 UTC 2019
9 ms. Memory: 48128K Free: 23956K (50%)
ptolemy.util.test.WatchDog.cancel(): canceling Fri Nov 01 06:11:05 UTC 2019
------------------ testing $PTII/ptolemy/domains/de/test/auto/ResetTransitionWithStartTime4.xml
auto.tcl: Setting watchdog for 200 seconds at Fri Nov 01 06:11:05 UTC 2019
11 ms. Memory: 48128K Free: 26491K (55%)
ptolemy.util.test.WatchDog.cancel(): canceling Fri Nov 01 06:11:05 UTC 2019
auto.tcl: Setting watchdog for 200 seconds at Fri Nov 01 06:11:05 UTC 2019
4 ms. Memory: 48128K Free: 25043K (52%)
ptolemy.util.test.WatchDog.cancel(): canceling Fri Nov 01 06:11:05 UTC 2019
------------------ testing $PTII/ptolemy/domains/de/test/auto/ResettableTimer1.xml
auto.tcl: Setting watchdog for 200 seconds at Fri Nov 01 06:11:05 UTC 2019
3 ms. Memory: 48128K Free: 30081K (63%)
ptolemy.util.test.WatchDog.cancel(): canceling Fri Nov 01 06:11:05 UTC 2019
auto.tcl: Setting watchdog for 200 seconds at Fri Nov 01 06:11:05 UTC 2019
3 ms. Memory: 48128K Free: 29098K (60%)
ptolemy.util.test.WatchDog.cancel(): canceling Fri Nov 01 06:11:05 UTC 2019
------------------ testing $PTII/ptolemy/domains/de/test/auto/ResettableTimer2.xml
auto.tcl: Setting watchdog for 200 seconds at Fri Nov 01 06:11:05 UTC 2019
3 ms. Memory: 48128K Free: 30137K (63%)
ptolemy.util.test.WatchDog.cancel(): canceling Fri Nov 01 06:11:05 UTC 2019
auto.tcl: Setting watchdog for 200 seconds at Fri Nov 01 06:11:05 UTC 2019
2 ms. Memory: 48128K Free: 29154K (61%)
ptolemy.util.test.WatchDog.cancel(): canceling Fri Nov 01 06:11:05 UTC 2019
------------------ testing $PTII/ptolemy/domains/de/test/auto/ResettableTimer3.xml
auto.tcl: Setting watchdog for 200 seconds at Fri Nov 01 06:11:05 UTC 2019
2 ms. Memory: 48128K Free: 30168K (63%)
ptolemy.util.test.WatchDog.cancel(): canceling Fri Nov 01 06:11:05 UTC 2019
auto.tcl: Setting watchdog for 200 seconds at Fri Nov 01 06:11:05 UTC 2019
1 ms. Memory: 48128K Free: 30136K (63%)
ptolemy.util.test.WatchDog.cancel(): canceling Fri Nov 01 06:11:05 UTC 2019
------------------ testing $PTII/ptolemy/domains/de/test/auto/ResettableTimer4.xml
auto.tcl: Setting watchdog for 200 seconds at Fri Nov 01 06:11:05 UTC 2019
2 ms. Memory: 48128K Free: 30182K (63%)
ptolemy.util.test.WatchDog.cancel(): canceling Fri Nov 01 06:11:05 UTC 2019
auto.tcl: Setting watchdog for 200 seconds at Fri Nov 01 06:11:05 UTC 2019
1 ms. Memory: 48128K Free: 29684K (62%)
ptolemy.util.test.WatchDog.cancel(): canceling Fri Nov 01 06:11:05 UTC 2019
------------------ testing $PTII/ptolemy/domains/de/test/auto/ResettableTimer5.xml
auto.tcl: Setting watchdog for 200 seconds at Fri Nov 01 06:11:06 UTC 2019
2 ms. Memory: 48128K Free: 29620K (62%)
ptolemy.util.test.WatchDog.cancel(): canceling Fri Nov 01 06:11:06 UTC 2019
auto.tcl: Setting watchdog for 200 seconds at Fri Nov 01 06:11:06 UTC 2019
2 ms. Memory: 48128K Free: 29157K (61%)
ptolemy.util.test.WatchDog.cancel(): canceling Fri Nov 01 06:11:06 UTC 2019
------------------ testing $PTII/ptolemy/domains/de/test/auto/ResettableTimer6.xml
auto.tcl: Setting watchdog for 200 seconds at Fri Nov 01 06:11:06 UTC 2019
2 ms. Memory: 48128K Free: 29610K (62%)
ptolemy.util.test.WatchDog.cancel(): canceling Fri Nov 01 06:11:06 UTC 2019
auto.tcl: Setting watchdog for 200 seconds at Fri Nov 01 06:11:06 UTC 2019
1 ms. Memory: 48128K Free: 29114K (60%)
ptolemy.util.test.WatchDog.cancel(): canceling Fri Nov 01 06:11:06 UTC 2019
------------------ testing $PTII/ptolemy/domains/de/test/auto/ServerZeroDelay.xml
auto.tcl: Setting watchdog for 200 seconds at Fri Nov 01 06:11:06 UTC 2019
4 ms. Memory: 48128K Free: 30130K (63%)
ptolemy.util.test.WatchDog.cancel(): canceling Fri Nov 01 06:11:06 UTC 2019
auto.tcl: Setting watchdog for 200 seconds at Fri Nov 01 06:11:06 UTC 2019
2 ms. Memory: 48128K Free: 29186K (61%)
ptolemy.util.test.WatchDog.cancel(): canceling Fri Nov 01 06:11:06 UTC 2019
------------------ testing $PTII/ptolemy/domains/de/test/auto/SmartSender.xml
auto.tcl: Setting watchdog for 200 seconds at Fri Nov 01 06:11:06 UTC 2019
3002 ms. Memory: 48128K Free: 30149K (63%)
ptolemy.util.test.WatchDog.cancel(): canceling Fri Nov 01 06:11:09 UTC 2019
auto.tcl: Setting watchdog for 200 seconds at Fri Nov 01 06:11:09 UTC 2019
3002 ms. Memory: 48128K Free: 29621K (62%)
ptolemy.util.test.WatchDog.cancel(): canceling Fri Nov 01 06:11:12 UTC 2019
------------------ testing $PTII/ptolemy/domains/de/test/auto/ThreadedComposite.xml
auto.tcl: Setting watchdog for 200 seconds at Fri Nov 01 06:11:12 UTC 2019
258 ms. Memory: 48128K Free: 11192K (23%)
ptolemy.util.test.WatchDog.cancel(): canceling Fri Nov 01 06:11:12 UTC 2019
auto.tcl: Setting watchdog for 200 seconds at Fri Nov 01 06:11:12 UTC 2019
181 ms. Memory: 48128K Free: 23646K (49%)
ptolemy.util.test.WatchDog.cancel(): canceling Fri Nov 01 06:11:12 UTC 2019
------------------ testing $PTII/ptolemy/domains/de/test/auto/Time.xml
auto.tcl: Setting watchdog for 200 seconds at Fri Nov 01 06:11:12 UTC 2019
564 ms. Memory: 48128K Free: 29896K (62%)
ptolemy.util.test.WatchDog.cancel(): canceling Fri Nov 01 06:11:13 UTC 2019
auto.tcl: Setting watchdog for 200 seconds at Fri Nov 01 06:11:13 UTC 2019
505 ms. Memory: 48128K Free: 29303K (61%)
ptolemy.util.test.WatchDog.cancel(): canceling Fri Nov 01 06:11:13 UTC 2019
------------------ testing $PTII/ptolemy/domains/de/test/auto/TimeDelayZeroDelay.xml
auto.tcl: Setting watchdog for 200 seconds at Fri Nov 01 06:11:13 UTC 2019
2 ms. Memory: 48128K Free: 30055K (62%)
ptolemy.util.test.WatchDog.cancel(): canceling Fri Nov 01 06:11:14 UTC 2019
auto.tcl: Setting watchdog for 200 seconds at Fri Nov 01 06:11:14 UTC 2019
2 ms. Memory: 48128K Free: 29183K (61%)
ptolemy.util.test.WatchDog.cancel(): canceling Fri Nov 01 06:11:14 UTC 2019
------------------ testing $PTII/ptolemy/domains/de/test/auto/TimerZeroDelay.xml
auto.tcl: Setting watchdog for 200 seconds at Fri Nov 01 06:11:14 UTC 2019
4 ms. Memory: 48128K Free: 30097K (63%)
ptolemy.util.test.WatchDog.cancel(): canceling Fri Nov 01 06:11:14 UTC 2019
auto.tcl: Setting watchdog for 200 seconds at Fri Nov 01 06:11:14 UTC 2019
2 ms. Memory: 48128K Free: 29672K (62%)
ptolemy.util.test.WatchDog.cancel(): canceling Fri Nov 01 06:11:14 UTC 2019
------------------ testing $PTII/ptolemy/domains/de/test/auto/TimingParadox.xml
auto.tcl: Setting watchdog for 200 seconds at Fri Nov 01 06:11:14 UTC 2019
338 ms. Memory: 48128K Free: 11752K (24%)
ptolemy.util.test.WatchDog.cancel(): canceling Fri Nov 01 06:11:14 UTC 2019
auto.tcl: Setting watchdog for 200 seconds at Fri Nov 01 06:11:14 UTC 2019
343 ms. Memory: 58368K Free: 32036K (55%)
ptolemy.util.test.WatchDog.cancel(): canceling Fri Nov 01 06:11:14 UTC 2019
------------------ testing $PTII/ptolemy/domains/de/test/auto/TransferInputs.xml
auto.tcl: Setting watchdog for 200 seconds at Fri Nov 01 06:11:14 UTC 2019
9 ms. Memory: 55296K Free: 35733K (65%)
ptolemy.util.test.WatchDog.cancel(): canceling Fri Nov 01 06:11:14 UTC 2019
auto.tcl: Setting watchdog for 200 seconds at Fri Nov 01 06:11:14 UTC 2019
2 ms. Memory: 55296K Free: 34822K (63%)
ptolemy.util.test.WatchDog.cancel(): canceling Fri Nov 01 06:11:14 UTC 2019
------------------ testing $PTII/ptolemy/domains/de/test/auto/TransferOutputs2.xml
auto.tcl: Setting watchdog for 200 seconds at Fri Nov 01 06:11:15 UTC 2019
3 ms. Memory: 51200K Free: 29080K (57%)
ptolemy.util.test.WatchDog.cancel(): canceling Fri Nov 01 06:11:15 UTC 2019
auto.tcl: Setting watchdog for 200 seconds at Fri Nov 01 06:11:15 UTC 2019
3 ms. Memory: 51200K Free: 27681K (54%)
ptolemy.util.test.WatchDog.cancel(): canceling Fri Nov 01 06:11:15 UTC 2019
------------------ testing $PTII/ptolemy/domains/de/test/auto/Trilateration.xml
auto.tcl: Setting watchdog for 200 seconds at Fri Nov 01 06:11:15 UTC 2019
14812 ms. Memory: 458752K Free: 305436K (67%)
ptolemy.util.test.WatchDog.cancel(): canceling Fri Nov 01 06:11:31 UTC 2019
auto.tcl: Setting watchdog for 200 seconds at Fri Nov 01 06:11:31 UTC 2019
11274 ms. Memory: 458752K Free: 382717K (83%)
ptolemy.util.test.WatchDog.cancel(): canceling Fri Nov 01 06:11:42 UTC 2019
------------------ testing $PTII/ptolemy/domains/de/test/auto/TwoSigmaDelta.xml
auto.tcl: Setting watchdog for 200 seconds at Fri Nov 01 06:11:42 UTC 2019
2826 ms. Memory: 89088K Free: 18539K (21%)
ptolemy.util.test.WatchDog.cancel(): canceling Fri Nov 01 06:11:45 UTC 2019
auto.tcl: Setting watchdog for 200 seconds at Fri Nov 01 06:11:45 UTC 2019
1998 ms. Memory: 89088K Free: 13908K (16%)
ptolemy.util.test.WatchDog.cancel(): canceling Fri Nov 01 06:11:47 UTC 2019
------------------ testing $PTII/ptolemy/domains/de/test/auto/VariableDelay.xml
auto.tcl: Setting watchdog for 200 seconds at Fri Nov 01 06:11:47 UTC 2019
3 ms. Memory: 55296K Free: 36204K (65%)
ptolemy.util.test.WatchDog.cancel(): canceling Fri Nov 01 06:11:47 UTC 2019
auto.tcl: Setting watchdog for 200 seconds at Fri Nov 01 06:11:47 UTC 2019
2 ms. Memory: 55296K Free: 35210K (64%)
ptolemy.util.test.WatchDog.cancel(): canceling Fri Nov 01 06:11:47 UTC 2019
------------------ testing $PTII/ptolemy/domains/de/test/auto/VariableDelay2.xml
auto.tcl: Setting watchdog for 200 seconds at Fri Nov 01 06:11:47 UTC 2019
12 ms. Memory: 51200K Free: 32738K (64%)
ptolemy.util.test.WatchDog.cancel(): canceling Fri Nov 01 06:11:47 UTC 2019
auto.tcl: Setting watchdog for 200 seconds at Fri Nov 01 06:11:47 UTC 2019
2 ms. Memory: 51200K Free: 32210K (63%)
ptolemy.util.test.WatchDog.cancel(): canceling Fri Nov 01 06:11:47 UTC 2019
------------------ testing $PTII/ptolemy/domains/de/test/auto/VariableDelayZeroDelay.xml
auto.tcl: Setting watchdog for 200 seconds at Fri Nov 01 06:11:47 UTC 2019
2 ms. Memory: 51200K Free: 33050K (65%)
ptolemy.util.test.WatchDog.cancel(): canceling Fri Nov 01 06:11:47 UTC 2019
auto.tcl: Setting watchdog for 200 seconds at Fri Nov 01 06:11:47 UTC 2019
2 ms. Memory: 51200K Free: 32506K (63%)
ptolemy.util.test.WatchDog.cancel(): canceling Fri Nov 01 06:11:47 UTC 2019
------------------ testing $PTII/ptolemy/domains/de/test/auto/VariableDelayZeroDelay2.xml
auto.tcl: Setting watchdog for 200 seconds at Fri Nov 01 06:11:47 UTC 2019
5 ms. Memory: 51200K Free: 33049K (65%)
ptolemy.util.test.WatchDog.cancel(): canceling Fri Nov 01 06:11:47 UTC 2019
auto.tcl: Setting watchdog for 200 seconds at Fri Nov 01 06:11:47 UTC 2019
3 ms. Memory: 51200K Free: 32025K (63%)
ptolemy.util.test.WatchDog.cancel(): canceling Fri Nov 01 06:11:47 UTC 2019
------------------ testing $PTII/ptolemy/domains/de/test/auto/deInCt.xml
auto.tcl: Setting watchdog for 200 seconds at Fri Nov 01 06:11:47 UTC 2019
0
1
1
1
1
0
0
0
1
1
1
0
0
0
1
1
1
0
0
0
0
1
1
1
0
0
0
1
1
1
0
0
1
1
1
0
0
0
0
0
0
0
16 ms. Memory: 51200K Free: 32022K (63%)
ptolemy.util.test.WatchDog.cancel(): canceling Fri Nov 01 06:11:47 UTC 2019
auto.tcl: Setting watchdog for 200 seconds at Fri Nov 01 06:11:47 UTC 2019
0
1
1
1
1
1
1
0
0
0
0
0
1
1
1
0
0
0
1
1
1
1
1
1
13 ms. Memory: 51200K Free: 30484K (60%)
ptolemy.util.test.WatchDog.cancel(): canceling Fri Nov 01 06:11:47 UTC 2019
------------------ testing $PTII/ptolemy/domains/de/test/auto/deInCt2.xml
auto.tcl: Setting watchdog for 200 seconds at Fri Nov 01 06:11:47 UTC 2019
0
1
1
1
0
0
1
1
1
0
0
1
1
1
0
0
1
1
1
0
0
1
1
1
0
0
1
1
1
0
0
1
1
1
0
0
1
1
1
0
0
0
11 ms. Memory: 48128K Free: 28952K (60%)
ptolemy.util.test.WatchDog.cancel(): canceling Fri Nov 01 06:11:47 UTC 2019
auto.tcl: Setting watchdog for 200 seconds at Fri Nov 01 06:11:47 UTC 2019
0
1
1
1
0
0
1
1
1
0
0
1
1
1
0
0
1
1
1
0
0
1
1
1
0
0
1
1
1
0
0
1
1
1
0
0
1
1
1
0
0
0
10 ms. Memory: 48128K Free: 27448K (57%)
ptolemy.util.test.WatchDog.cancel(): canceling Fri Nov 01 06:11:47 UTC 2019
------------------ testing $PTII/ptolemy/domains/de/test/auto/dynamicCausalityInterface1.xml
auto.tcl: Setting watchdog for 200 seconds at Fri Nov 01 06:11:47 UTC 2019
2 ms. Memory: 48128K Free: 24262K (50%)
ptolemy.util.test.WatchDog.cancel(): canceling Fri Nov 01 06:11:47 UTC 2019
auto.tcl: Setting watchdog for 200 seconds at Fri Nov 01 06:11:47 UTC 2019
1 ms. Memory: 48128K Free: 23827K (50%)
ptolemy.util.test.WatchDog.cancel(): canceling Fri Nov 01 06:11:47 UTC 2019
------------------ testing $PTII/ptolemy/domains/de/test/auto/fsm_de_test.xml
auto.tcl: Setting watchdog for 200 seconds at Fri Nov 01 06:11:48 UTC 2019
12 ms. Memory: 48128K Free: 24749K (51%)
ptolemy.util.test.WatchDog.cancel(): canceling Fri Nov 01 06:11:48 UTC 2019
auto.tcl: Setting watchdog for 200 seconds at Fri Nov 01 06:11:48 UTC 2019
8 ms. Memory: 48128K Free: 22763K (47%)
ptolemy.util.test.WatchDog.cancel(): canceling Fri Nov 01 06:11:48 UTC 2019
------------------ testing $PTII/ptolemy/domains/de/test/auto/functionDependencyReconstruction.xml
auto.tcl: Setting watchdog for 200 seconds at Fri Nov 01 06:11:48 UTC 2019
2 ms. Memory: 48128K Free: 18595K (39%)
ptolemy.util.test.WatchDog.cancel(): canceling Fri Nov 01 06:11:48 UTC 2019
auto.tcl: Setting watchdog for 200 seconds at Fri Nov 01 06:11:48 UTC 2019
3 ms. Memory: 48128K Free: 16617K (35%)
ptolemy.util.test.WatchDog.cancel(): canceling Fri Nov 01 06:11:48 UTC 2019
------------------ testing $PTII/ptolemy/domains/de/test/auto/multirate.xml
auto.tcl: Setting watchdog for 200 seconds at Fri Nov 01 06:11:48 UTC 2019
3 ms. Memory: 48128K Free: 26830K (56%)
ptolemy.util.test.WatchDog.cancel(): canceling Fri Nov 01 06:11:48 UTC 2019
auto.tcl: Setting watchdog for 200 seconds at Fri Nov 01 06:11:48 UTC 2019
3 ms. Memory: 48128K Free: 25728K (53%)
ptolemy.util.test.WatchDog.cancel(): canceling Fri Nov 01 06:11:48 UTC 2019
------------------ testing $PTII/ptolemy/domains/de/test/auto/multirate2.xml
auto.tcl: Setting watchdog for 200 seconds at Fri Nov 01 06:11:48 UTC 2019
3 ms. Memory: 48128K Free: 27575K (57%)
ptolemy.util.test.WatchDog.cancel(): canceling Fri Nov 01 06:11:48 UTC 2019
auto.tcl: Setting watchdog for 200 seconds at Fri Nov 01 06:11:48 UTC 2019
6 ms. Memory: 48128K Free: 25906K (54%)
ptolemy.util.test.WatchDog.cancel(): canceling Fri Nov 01 06:11:48 UTC 2019
------------------ testing $PTII/ptolemy/domains/de/test/auto/realtime.xml
auto.tcl: Setting watchdog for 200 seconds at Fri Nov 01 06:11:48 UTC 2019
10001 ms. Memory: 48128K Free: 29637K (62%)
ptolemy.util.test.WatchDog.cancel(): canceling Fri Nov 01 06:11:58 UTC 2019
auto.tcl: Setting watchdog for 200 seconds at Fri Nov 01 06:11:58 UTC 2019
10001 ms. Memory: 48128K Free: 28896K (60%)
ptolemy.util.test.WatchDog.cancel(): canceling Fri Nov 01 06:12:08 UTC 2019
------------------ testing $PTII/ptolemy/domains/de/test/auto/relationGroup.xml
auto.tcl: Setting watchdog for 200 seconds at Fri Nov 01 06:12:08 UTC 2019
3 ms. Memory: 48128K Free: 30686K (64%)
ptolemy.util.test.WatchDog.cancel(): canceling Fri Nov 01 06:12:08 UTC 2019
auto.tcl: Setting watchdog for 200 seconds at Fri Nov 01 06:12:08 UTC 2019
2 ms. Memory: 48128K Free: 29976K (62%)
ptolemy.util.test.WatchDog.cancel(): canceling Fri Nov 01 06:12:08 UTC 2019
------------------ testing $PTII/ptolemy/domains/de/test/auto/relationGroup2.xml
auto.tcl: Setting watchdog for 200 seconds at Fri Nov 01 06:12:08 UTC 2019
2 ms. Memory: 48128K Free: 30736K (64%)
ptolemy.util.test.WatchDog.cancel(): canceling Fri Nov 01 06:12:08 UTC 2019
auto.tcl: Setting watchdog for 200 seconds at Fri Nov 01 06:12:08 UTC 2019
3 ms. Memory: 48128K Free: 30234K (63%)
ptolemy.util.test.WatchDog.cancel(): canceling Fri Nov 01 06:12:08 UTC 2019
------------------ testing $PTII/ptolemy/domains/de/test/auto/sortWithOpaquePorts.xml
auto.tcl: Setting watchdog for 200 seconds at Fri Nov 01 06:12:08 UTC 2019
2 ms. Memory: 48128K Free: 29476K (61%)
ptolemy.util.test.WatchDog.cancel(): canceling Fri Nov 01 06:12:08 UTC 2019
auto.tcl: Setting watchdog for 200 seconds at Fri Nov 01 06:12:08 UTC 2019
2 ms. Memory: 48128K Free: 28493K (59%)
ptolemy.util.test.WatchDog.cancel(): canceling Fri Nov 01 06:12:08 UTC 2019
------------------ testing $PTII/ptolemy/domains/de/test/auto/transferInputsandOutputs.xml
auto.tcl: Setting watchdog for 200 seconds at Fri Nov 01 06:12:08 UTC 2019
6 ms. Memory: 48128K Free: 26919K (56%)
ptolemy.util.test.WatchDog.cancel(): canceling Fri Nov 01 06:12:08 UTC 2019
auto.tcl: Setting watchdog for 200 seconds at Fri Nov 01 06:12:08 UTC 2019
3 ms. Memory: 48128K Free: 25962K (54%)
ptolemy.util.test.WatchDog.cancel(): canceling Fri Nov 01 06:12:08 UTC 2019
------------------ testing $PTII/ptolemy/domains/de/test/auto/triggerType.xml
auto.tcl: Setting watchdog for 200 seconds at Fri Nov 01 06:12:08 UTC 2019
1 ms. Memory: 48128K Free: 29943K (62%)
ptolemy.util.test.WatchDog.cancel(): canceling Fri Nov 01 06:12:08 UTC 2019
auto.tcl: Setting watchdog for 200 seconds at Fri Nov 01 06:12:08 UTC 2019
1 ms. Memory: 48128K Free: 28981K (60%)
ptolemy.util.test.WatchDog.cancel(): canceling Fri Nov 01 06:12:08 UTC 2019
11/01/19 06:12:08
Failed: 0  Total Tests: 192  ((Passed: 187, Newly Passed: 1)  Known Failed: 5) /home/travis/build/icyphy/ptII/ptolemy/domains/de/test
11/01/19 06:12:08
Failed: 0  Total Tests: 192  ((Passed: 187, Newly Passed: 1)  Known Failed: 5) /home/travis/build/icyphy/ptII/ptolemy/domains/de/test
----------------- testing (KnownFailure) /home/travis/build/icyphy/ptII/ptolemy/domains/de/test/auto/knownFailedTests/DESDFClockTest.xml
2013 ms. Memory: 48128K Free: 23339K (48%)
Known Failure: java.lang.reflect.InvocationTargetException
----------------- testing (KnownFailure) /home/travis/build/icyphy/ptII/ptolemy/domains/de/test/auto/knownFailedTests/DirectFeedback.xml
2 ms. Memory: 48128K Free: 19243K (40%)
Known Failure: java.lang.reflect.InvocationTargetException
----------------- testing (KnownFailure) /home/travis/build/icyphy/ptII/ptolemy/domains/de/test/auto/knownFailedTests/FSMSource.xml
14 ms. Memory: 48128K Free: 11565K (24%)
----------------- testing (KnownFailure) /home/travis/build/icyphy/ptII/ptolemy/domains/de/test/auto/knownFailedTests/HierarchicalModel.xml
2 ms. Memory: 48128K Free: 22837K (47%)
Known Failure: java.lang.reflect.InvocationTargetException
----------------- testing (KnownFailure) /home/travis/build/icyphy/ptII/ptolemy/domains/de/test/auto/knownFailedTests/dependencyLoop.xml
2 ms. Memory: 48128K Free: 6997K (15%)
Known Failure: java.lang.reflect.InvocationTargetException
----------------- testing (KnownFailure) /home/travis/build/icyphy/ptII/ptolemy/domains/de/test/auto/knownFailedTests/dependencyLoop2.xml
5 ms. Memory: 48128K Free: 17998K (37%)
Known Failure: java.lang.reflect.InvocationTargetException
No auto/linux-amd64/*.xml tests in /home/travis/build/icyphy/ptII/ptolemy/domains/de/test
AutoTests.java: About to close Vertx.
AutoTests.java: Vertx closed.

===========================================================================================
----------------- testing Fri Nov 01 06:12:11 UTC 2019 /home/travis/build/icyphy/ptII/ptolemy/domains/de/test/auto/ActorDepthCalculation_actorWithoutPorts.xml
----------------- Instantiating /home/travis/build/icyphy/ptII/ptolemy/domains/de/test/auto/ActorDepthCalculation_actorWithoutPorts.xml
2 ms. Memory: 48128K Free: 11532K (24%)
----------------- Invoking toplevel() on ptolemy.moml.MoMLSimpleApplication@15b733be
----------------- Done invoking toplevel() on ptolemy.moml.MoMLSimpleApplication@15b733be
reloadAllAccessors: .ActorDepthCalculation_actorWithoutPorts

===========================================================================================
----------------- testing Fri Nov 01 06:12:11 UTC 2019 /home/travis/build/icyphy/ptII/ptolemy/domains/de/test/auto/AssemblyLine.xml
----------------- Instantiating /home/travis/build/icyphy/ptII/ptolemy/domains/de/test/auto/AssemblyLine.xml
4 ms. Memory: 48128K Free: 30829K (64%)
----------------- Invoking toplevel() on ptolemy.moml.MoMLSimpleApplication@19c00348
----------------- Done invoking toplevel() on ptolemy.moml.MoMLSimpleApplication@19c00348
reloadAllAccessors: .AssemblyLine

===========================================================================================
----------------- testing Fri Nov 01 06:12:11 UTC 2019 /home/travis/build/icyphy/ptII/ptolemy/domains/de/test/auto/CQBug1.xml
----------------- Instantiating /home/travis/build/icyphy/ptII/ptolemy/domains/de/test/auto/CQBug1.xml
1 ms. Memory: 48128K Free: 27759K (58%)
----------------- Invoking toplevel() on ptolemy.moml.MoMLSimpleApplication@3702843c
----------------- Done invoking toplevel() on ptolemy.moml.MoMLSimpleApplication@3702843c
reloadAllAccessors: .CQBug1

===========================================================================================
----------------- testing Fri Nov 01 06:12:11 UTC 2019 /home/travis/build/icyphy/ptII/ptolemy/domains/de/test/auto/CancelFireAt.xml
----------------- Instantiating /home/travis/build/icyphy/ptII/ptolemy/domains/de/test/auto/CancelFireAt.xml
9 ms. Memory: 48128K Free: 25209K (52%)
----------------- Invoking toplevel() on ptolemy.moml.MoMLSimpleApplication@b9f21bb
----------------- Done invoking toplevel() on ptolemy.moml.MoMLSimpleApplication@b9f21bb
reloadAllAccessors: .CancelFireAt

===========================================================================================
----------------- testing Fri Nov 01 06:12:11 UTC 2019 /home/travis/build/icyphy/ptII/ptolemy/domains/de/test/auto/CausalityAndComposabilityAnalysis.xml
----------------- Instantiating /home/travis/build/icyphy/ptII/ptolemy/domains/de/test/auto/CausalityAndComposabilityAnalysis.xml
4 ms. Memory: 48128K Free: 20865K (43%)
----------------- Invoking toplevel() on ptolemy.moml.MoMLSimpleApplication@506615c3
----------------- Done invoking toplevel() on ptolemy.moml.MoMLSimpleApplication@506615c3
reloadAllAccessors: .CausalityAndComposabilityAnalysis

===========================================================================================
----------------- testing Fri Nov 01 06:12:11 UTC 2019 /home/travis/build/icyphy/ptII/ptolemy/domains/de/test/auto/CausalityInterface1.xml
----------------- Instantiating /home/travis/build/icyphy/ptII/ptolemy/domains/de/test/auto/CausalityInterface1.xml
5 ms. Memory: 48128K Free: 15768K (33%)
----------------- Invoking toplevel() on ptolemy.moml.MoMLSimpleApplication@2b0216e8
----------------- Done invoking toplevel() on ptolemy.moml.MoMLSimpleApplication@2b0216e8
reloadAllAccessors: .CausalityInterface1

===========================================================================================
----------------- testing Fri Nov 01 06:12:11 UTC 2019 /home/travis/build/icyphy/ptII/ptolemy/domains/de/test/auto/CausalityInterface15.xml
----------------- Instantiating /home/travis/build/icyphy/ptII/ptolemy/domains/de/test/auto/CausalityInterface15.xml
2 ms. Memory: 48128K Free: 10311K (21%)
----------------- Invoking toplevel() on ptolemy.moml.MoMLSimpleApplication@764b1df3
----------------- Done invoking toplevel() on ptolemy.moml.MoMLSimpleApplication@764b1df3
reloadAllAccessors: .CausalityInterface15

===========================================================================================
----------------- testing Fri Nov 01 06:12:11 UTC 2019 /home/travis/build/icyphy/ptII/ptolemy/domains/de/test/auto/CausalityInterface2.xml
----------------- Instantiating /home/travis/build/icyphy/ptII/ptolemy/domains/de/test/auto/CausalityInterface2.xml
1 ms. Memory: 48128K Free: 32279K (67%)
----------------- Invoking toplevel() on ptolemy.moml.MoMLSimpleApplication@52489db6
----------------- Done invoking toplevel() on ptolemy.moml.MoMLSimpleApplication@52489db6
reloadAllAccessors: .CausalityInterface2

===========================================================================================
----------------- testing Fri Nov 01 06:12:11 UTC 2019 /home/travis/build/icyphy/ptII/ptolemy/domains/de/test/auto/CausalityInterface3.xml
----------------- Instantiating /home/travis/build/icyphy/ptII/ptolemy/domains/de/test/auto/CausalityInterface3.xml
2 ms. Memory: 48128K Free: 27382K (57%)
----------------- Invoking toplevel() on ptolemy.moml.MoMLSimpleApplication@4589cd27
----------------- Done invoking toplevel() on ptolemy.moml.MoMLSimpleApplication@4589cd27
reloadAllAccessors: .CausalityInterface3

===========================================================================================
----------------- testing Fri Nov 01 06:12:11 UTC 2019 /home/travis/build/icyphy/ptII/ptolemy/domains/de/test/auto/ClockDrift.xml
----------------- Instantiating /home/travis/build/icyphy/ptII/ptolemy/domains/de/test/auto/ClockDrift.xml
16 ms. Memory: 48128K Free: 15274K (32%)
----------------- Invoking toplevel() on ptolemy.moml.MoMLSimpleApplication@53985bcf
----------------- Done invoking toplevel() on ptolemy.moml.MoMLSimpleApplication@53985bcf
reloadAllAccessors: .ClockDrift

===========================================================================================
----------------- testing Fri Nov 01 06:12:11 UTC 2019 /home/travis/build/icyphy/ptII/ptolemy/domains/de/test/auto/ClockDriftAndValueChange.xml
----------------- Instantiating /home/travis/build/icyphy/ptII/ptolemy/domains/de/test/auto/ClockDriftAndValueChange.xml
10 ms. Memory: 48128K Free: 30043K (62%)
----------------- Invoking toplevel() on ptolemy.moml.MoMLSimpleApplication@62d86606
----------------- Done invoking toplevel() on ptolemy.moml.MoMLSimpleApplication@62d86606
reloadAllAccessors: .ClockDriftAndValueChange

===========================================================================================
----------------- testing Fri Nov 01 06:12:11 UTC 2019 /home/travis/build/icyphy/ptII/ptolemy/domains/de/test/auto/ClockDriftChange.xml
----------------- Instantiating /home/travis/build/icyphy/ptII/ptolemy/domains/de/test/auto/ClockDriftChange.xml
10 ms. Memory: 48128K Free: 19973K (41%)
----------------- Invoking toplevel() on ptolemy.moml.MoMLSimpleApplication@7db2f798
----------------- Done invoking toplevel() on ptolemy.moml.MoMLSimpleApplication@7db2f798
reloadAllAccessors: .ClockDriftChange

===========================================================================================
----------------- testing Fri Nov 01 06:12:11 UTC 2019 /home/travis/build/icyphy/ptII/ptolemy/domains/de/test/auto/ComposableCausalityAnalysis.xml
----------------- Instantiating /home/travis/build/icyphy/ptII/ptolemy/domains/de/test/auto/ComposableCausalityAnalysis.xml
2 ms. Memory: 48128K Free: 14173K (29%)
----------------- Invoking toplevel() on ptolemy.moml.MoMLSimpleApplication@69d48bad
----------------- Done invoking toplevel() on ptolemy.moml.MoMLSimpleApplication@69d48bad
reloadAllAccessors: .ComposableCausalityAnalysis

===========================================================================================
----------------- testing Fri Nov 01 06:12:11 UTC 2019 /home/travis/build/icyphy/ptII/ptolemy/domains/de/test/auto/DEFixedPointLimitation.xml
----------------- Instantiating /home/travis/build/icyphy/ptII/ptolemy/domains/de/test/auto/DEFixedPointLimitation.xml
1 ms. Memory: 48128K Free: 9647K (20%)
----------------- Invoking toplevel() on ptolemy.moml.MoMLSimpleApplication@27be98e6
----------------- Done invoking toplevel() on ptolemy.moml.MoMLSimpleApplication@27be98e6
reloadAllAccessors: .DEFixedPointLimitation

===========================================================================================
----------------- testing Fri Nov 01 06:12:11 UTC 2019 /home/travis/build/icyphy/ptII/ptolemy/domains/de/test/auto/DEScheduleTest.xml
----------------- Instantiating /home/travis/build/icyphy/ptII/ptolemy/domains/de/test/auto/DEScheduleTest.xml
2 ms. Memory: 48128K Free: 31123K (65%)
----------------- Invoking toplevel() on ptolemy.moml.MoMLSimpleApplication@5da5652f
----------------- Done invoking toplevel() on ptolemy.moml.MoMLSimpleApplication@5da5652f
reloadAllAccessors: .DEScheduleTest

===========================================================================================
----------------- testing Fri Nov 01 06:12:11 UTC 2019 /home/travis/build/icyphy/ptII/ptolemy/domains/de/test/auto/DEinDEwithStartTimes.xml
----------------- Instantiating /home/travis/build/icyphy/ptII/ptolemy/domains/de/test/auto/DEinDEwithStartTimes.xml
1 ms. Memory: 48128K Free: 25235K (52%)
----------------- Invoking toplevel() on ptolemy.moml.MoMLSimpleApplication@184b13fb
----------------- Done invoking toplevel() on ptolemy.moml.MoMLSimpleApplication@184b13fb
reloadAllAccessors: .DEinDEwithStartTimes

===========================================================================================
----------------- testing Fri Nov 01 06:12:11 UTC 2019 /home/travis/build/icyphy/ptII/ptolemy/domains/de/test/auto/DEinDEwithStartTimes2.xml
----------------- Instantiating /home/travis/build/icyphy/ptII/ptolemy/domains/de/test/auto/DEinDEwithStartTimes2.xml
2 ms. Memory: 48128K Free: 18787K (39%)
----------------- Invoking toplevel() on ptolemy.moml.MoMLSimpleApplication@5395d785
----------------- Done invoking toplevel() on ptolemy.moml.MoMLSimpleApplication@5395d785
reloadAllAccessors: .DEinDEwithStartTimes2

===========================================================================================
----------------- testing Fri Nov 01 06:12:11 UTC 2019 /home/travis/build/icyphy/ptII/ptolemy/domains/de/test/auto/DateDemo.xml
----------------- Instantiating /home/travis/build/icyphy/ptII/ptolemy/domains/de/test/auto/DateDemo.xml
16 ms. Memory: 48128K Free: 33022K (69%)
----------------- Invoking toplevel() on ptolemy.moml.MoMLSimpleApplication@1417e0a7
----------------- Done invoking toplevel() on ptolemy.moml.MoMLSimpleApplication@1417e0a7
reloadAllAccessors: .DateDemo

===========================================================================================
----------------- testing Fri Nov 01 06:12:11 UTC 2019 /home/travis/build/icyphy/ptII/ptolemy/domains/de/test/auto/DateToEvent.xml
----------------- Instantiating /home/travis/build/icyphy/ptII/ptolemy/domains/de/test/auto/DateToEvent.xml
2004 ms. Memory: 48128K Free: 17380K (36%)
----------------- Invoking toplevel() on ptolemy.moml.MoMLSimpleApplication@32feb5b5
----------------- Done invoking toplevel() on ptolemy.moml.MoMLSimpleApplication@32feb5b5
reloadAllAccessors: .DateToEvent

===========================================================================================
----------------- testing Fri Nov 01 06:12:13 UTC 2019 /home/travis/build/icyphy/ptII/ptolemy/domains/de/test/auto/DepthTest1.xml
----------------- Instantiating /home/travis/build/icyphy/ptII/ptolemy/domains/de/test/auto/DepthTest1.xml
2 ms. Memory: 48128K Free: 14519K (30%)
----------------- Invoking toplevel() on ptolemy.moml.MoMLSimpleApplication@7d6321a6
----------------- Done invoking toplevel() on ptolemy.moml.MoMLSimpleApplication@7d6321a6
reloadAllAccessors: .DepthTest1

===========================================================================================
----------------- testing Fri Nov 01 06:12:13 UTC 2019 /home/travis/build/icyphy/ptII/ptolemy/domains/de/test/auto/DepthTest2.xml
----------------- Instantiating /home/travis/build/icyphy/ptII/ptolemy/domains/de/test/auto/DepthTest2.xml
2 ms. Memory: 48128K Free: 8318K (17%)
----------------- Invoking toplevel() on ptolemy.moml.MoMLSimpleApplication@6510ca0c
----------------- Done invoking toplevel() on ptolemy.moml.MoMLSimpleApplication@6510ca0c
reloadAllAccessors: .DepthTest2

===========================================================================================
----------------- testing Fri Nov 01 06:12:13 UTC 2019 /home/travis/build/icyphy/ptII/ptolemy/domains/de/test/auto/DepthTest3.xml
----------------- Instantiating /home/travis/build/icyphy/ptII/ptolemy/domains/de/test/auto/DepthTest3.xml
1 ms. Memory: 48128K Free: 31185K (65%)
----------------- Invoking toplevel() on ptolemy.moml.MoMLSimpleApplication@2e7d25be
----------------- Done invoking toplevel() on ptolemy.moml.MoMLSimpleApplication@2e7d25be
reloadAllAccessors: .DepthTest3

===========================================================================================
----------------- testing Fri Nov 01 06:12:13 UTC 2019 /home/travis/build/icyphy/ptII/ptolemy/domains/de/test/auto/DepthTest4.xml
----------------- Instantiating /home/travis/build/icyphy/ptII/ptolemy/domains/de/test/auto/DepthTest4.xml
2 ms. Memory: 48128K Free: 26272K (55%)
----------------- Invoking toplevel() on ptolemy.moml.MoMLSimpleApplication@4ea1b286
----------------- Done invoking toplevel() on ptolemy.moml.MoMLSimpleApplication@4ea1b286
reloadAllAccessors: .DepthTest4

===========================================================================================
----------------- testing Fri Nov 01 06:12:13 UTC 2019 /home/travis/build/icyphy/ptII/ptolemy/domains/de/test/auto/DepthTest5.xml
----------------- Instantiating /home/travis/build/icyphy/ptII/ptolemy/domains/de/test/auto/DepthTest5.xml
2 ms. Memory: 48128K Free: 21010K (44%)
----------------- Invoking toplevel() on ptolemy.moml.MoMLSimpleApplication@5e297d99
----------------- Done invoking toplevel() on ptolemy.moml.MoMLSimpleApplication@5e297d99
reloadAllAccessors: .DepthTest5

===========================================================================================
----------------- testing Fri Nov 01 06:12:13 UTC 2019 /home/travis/build/icyphy/ptII/ptolemy/domains/de/test/auto/DepthTest6.xml
----------------- Instantiating /home/travis/build/icyphy/ptII/ptolemy/domains/de/test/auto/DepthTest6.xml
2 ms. Memory: 48128K Free: 15675K (33%)
----------------- Invoking toplevel() on ptolemy.moml.MoMLSimpleApplication@1ed68dce
----------------- Done invoking toplevel() on ptolemy.moml.MoMLSimpleApplication@1ed68dce
reloadAllAccessors: .DepthTest6

===========================================================================================
----------------- testing Fri Nov 01 06:12:13 UTC 2019 /home/travis/build/icyphy/ptII/ptolemy/domains/de/test/auto/DepthTest7.xml
----------------- Instantiating /home/travis/build/icyphy/ptII/ptolemy/domains/de/test/auto/DepthTest7.xml
2 ms. Memory: 48128K Free: 10756K (22%)
----------------- Invoking toplevel() on ptolemy.moml.MoMLSimpleApplication@2c99fc9c
----------------- Done invoking toplevel() on ptolemy.moml.MoMLSimpleApplication@2c99fc9c
reloadAllAccessors: .DepthTest7

===========================================================================================
----------------- testing Fri Nov 01 06:12:13 UTC 2019 /home/travis/build/icyphy/ptII/ptolemy/domains/de/test/auto/EventToDate.xml
----------------- Instantiating /home/travis/build/icyphy/ptII/ptolemy/domains/de/test/auto/EventToDate.xml
3005 ms. Memory: 48128K Free: 22714K (47%)
----------------- Invoking toplevel() on ptolemy.moml.MoMLSimpleApplication@5616071b
----------------- Done invoking toplevel() on ptolemy.moml.MoMLSimpleApplication@5616071b
reloadAllAccessors: .EventToDate

===========================================================================================
----------------- testing Fri Nov 01 06:12:16 UTC 2019 /home/travis/build/icyphy/ptII/ptolemy/domains/de/test/auto/FSM1.xml
----------------- Instantiating /home/travis/build/icyphy/ptII/ptolemy/domains/de/test/auto/FSM1.xml
15 ms. Memory: 48128K Free: 10444K (22%)
----------------- Invoking toplevel() on ptolemy.moml.MoMLSimpleApplication@71814c41
----------------- Done invoking toplevel() on ptolemy.moml.MoMLSimpleApplication@71814c41
reloadAllAccessors: .FSM1

===========================================================================================
----------------- testing Fri Nov 01 06:12:16 UTC 2019 /home/travis/build/icyphy/ptII/ptolemy/domains/de/test/auto/FSM7.xml
----------------- Instantiating /home/travis/build/icyphy/ptII/ptolemy/domains/de/test/auto/FSM7.xml
17 ms. Memory: 48128K Free: 23846K (50%)
----------------- Invoking toplevel() on ptolemy.moml.MoMLSimpleApplication@76d94caf
----------------- Done invoking toplevel() on ptolemy.moml.MoMLSimpleApplication@76d94caf
reloadAllAccessors: .FSM7

===========================================================================================
----------------- testing Fri Nov 01 06:12:16 UTC 2019 /home/travis/build/icyphy/ptII/ptolemy/domains/de/test/auto/Inspection.xml
----------------- Instantiating /home/travis/build/icyphy/ptII/ptolemy/domains/de/test/auto/Inspection.xml
15 ms. Memory: 48128K Free: 11596K (24%)
----------------- Invoking toplevel() on ptolemy.moml.MoMLSimpleApplication@427595a5
----------------- Done invoking toplevel() on ptolemy.moml.MoMLSimpleApplication@427595a5
reloadAllAccessors: .Inspection

===========================================================================================
----------------- testing Fri Nov 01 06:12:16 UTC 2019 /home/travis/build/icyphy/ptII/ptolemy/domains/de/test/auto/Iteration.xml
----------------- Instantiating /home/travis/build/icyphy/ptII/ptolemy/domains/de/test/auto/Iteration.xml
10 ms. Memory: 48128K Free: 30272K (63%)
----------------- Invoking toplevel() on ptolemy.moml.MoMLSimpleApplication@29373c77
----------------- Done invoking toplevel() on ptolemy.moml.MoMLSimpleApplication@29373c77
reloadAllAccessors: .Iteration

===========================================================================================
----------------- testing Fri Nov 01 06:12:16 UTC 2019 /home/travis/build/icyphy/ptII/ptolemy/domains/de/test/auto/LineFault.xml
----------------- Instantiating /home/travis/build/icyphy/ptII/ptolemy/domains/de/test/auto/LineFault.xml
528 ms. Memory: 58368K Free: 30819K (53%)
----------------- Invoking toplevel() on ptolemy.moml.MoMLSimpleApplication@51e15389
----------------- Done invoking toplevel() on ptolemy.moml.MoMLSimpleApplication@51e15389
reloadAllAccessors: .LineFault

===========================================================================================
----------------- testing Fri Nov 01 06:12:17 UTC 2019 /home/travis/build/icyphy/ptII/ptolemy/domains/de/test/auto/MergeModel1Add.xml
----------------- Instantiating /home/travis/build/icyphy/ptII/ptolemy/domains/de/test/auto/MergeModel1Add.xml
17 ms. Memory: 58368K Free: 41974K (72%)
----------------- Invoking toplevel() on ptolemy.moml.MoMLSimpleApplication@6e7f101d
----------------- Done invoking toplevel() on ptolemy.moml.MoMLSimpleApplication@6e7f101d
reloadAllAccessors: .MergeModel1Add

===========================================================================================
----------------- testing Fri Nov 01 06:12:17 UTC 2019 /home/travis/build/icyphy/ptII/ptolemy/domains/de/test/auto/MergeModel2Add.xml
----------------- Instantiating /home/travis/build/icyphy/ptII/ptolemy/domains/de/test/auto/MergeModel2Add.xml
6 ms. Memory: 58368K Free: 23801K (41%)
----------------- Invoking toplevel() on ptolemy.moml.MoMLSimpleApplication@2a232928
----------------- Done invoking toplevel() on ptolemy.moml.MoMLSimpleApplication@2a232928
reloadAllAccessors: .MergeModel2Add

===========================================================================================
----------------- testing Fri Nov 01 06:12:17 UTC 2019 /home/travis/build/icyphy/ptII/ptolemy/domains/de/test/auto/MergeModel3Add.xml
----------------- Instantiating /home/travis/build/icyphy/ptII/ptolemy/domains/de/test/auto/MergeModel3Add.xml
5 ms. Memory: 58368K Free: 36603K (63%)
----------------- Invoking toplevel() on ptolemy.moml.MoMLSimpleApplication@2fd113b0
----------------- Done invoking toplevel() on ptolemy.moml.MoMLSimpleApplication@2fd113b0
reloadAllAccessors: .MergeModel3Add

===========================================================================================
----------------- testing Fri Nov 01 06:12:17 UTC 2019 /home/travis/build/icyphy/ptII/ptolemy/domains/de/test/auto/MergeWithoutDiscard.xml
----------------- Instantiating /home/travis/build/icyphy/ptII/ptolemy/domains/de/test/auto/MergeWithoutDiscard.xml
1 ms. Memory: 58368K Free: 32176K (55%)
----------------- Invoking toplevel() on ptolemy.moml.MoMLSimpleApplication@642f4637
----------------- Done invoking toplevel() on ptolemy.moml.MoMLSimpleApplication@642f4637
reloadAllAccessors: .MergeWithoutDiscard

===========================================================================================
----------------- testing Fri Nov 01 06:12:17 UTC 2019 /home/travis/build/icyphy/ptII/ptolemy/domains/de/test/auto/Modal1.xml
----------------- Instantiating /home/travis/build/icyphy/ptII/ptolemy/domains/de/test/auto/Modal1.xml
8 ms. Memory: 58368K Free: 19910K (34%)
----------------- Invoking toplevel() on ptolemy.moml.MoMLSimpleApplication@40be3422
----------------- Done invoking toplevel() on ptolemy.moml.MoMLSimpleApplication@40be3422
reloadAllAccessors: .Modal1

===========================================================================================
----------------- testing Fri Nov 01 06:12:17 UTC 2019 /home/travis/build/icyphy/ptII/ptolemy/domains/de/test/auto/Modal2.xml
----------------- Instantiating /home/travis/build/icyphy/ptII/ptolemy/domains/de/test/auto/Modal2.xml
8 ms. Memory: 58368K Free: 38456K (66%)
----------------- Invoking toplevel() on ptolemy.moml.MoMLSimpleApplication@3687f165
----------------- Done invoking toplevel() on ptolemy.moml.MoMLSimpleApplication@3687f165
reloadAllAccessors: .Modal2

===========================================================================================
----------------- testing Fri Nov 01 06:12:17 UTC 2019 /home/travis/build/icyphy/ptII/ptolemy/domains/de/test/auto/Modal3.xml
----------------- Instantiating /home/travis/build/icyphy/ptII/ptolemy/domains/de/test/auto/Modal3.xml
7 ms. Memory: 58368K Free: 25831K (44%)
----------------- Invoking toplevel() on ptolemy.moml.MoMLSimpleApplication@61886cae
----------------- Done invoking toplevel() on ptolemy.moml.MoMLSimpleApplication@61886cae
reloadAllAccessors: .Modal3

===========================================================================================
----------------- testing Fri Nov 01 06:12:17 UTC 2019 /home/travis/build/icyphy/ptII/ptolemy/domains/de/test/auto/Modal4.xml
----------------- Instantiating /home/travis/build/icyphy/ptII/ptolemy/domains/de/test/auto/Modal4.xml
11 ms. Memory: 58368K Free: 12872K (22%)
----------------- Invoking toplevel() on ptolemy.moml.MoMLSimpleApplication@7cad6ed0
----------------- Done invoking toplevel() on ptolemy.moml.MoMLSimpleApplication@7cad6ed0
reloadAllAccessors: .Modal4

===========================================================================================
----------------- testing Fri Nov 01 06:12:17 UTC 2019 /home/travis/build/icyphy/ptII/ptolemy/domains/de/test/auto/Modal5.xml
----------------- Instantiating /home/travis/build/icyphy/ptII/ptolemy/domains/de/test/auto/Modal5.xml
10 ms. Memory: 58368K Free: 30626K (52%)
----------------- Invoking toplevel() on ptolemy.moml.MoMLSimpleApplication@36c9a677
----------------- Done invoking toplevel() on ptolemy.moml.MoMLSimpleApplication@36c9a677
reloadAllAccessors: .Modal5

===========================================================================================
----------------- testing Fri Nov 01 06:12:17 UTC 2019 /home/travis/build/icyphy/ptII/ptolemy/domains/de/test/auto/Modal6.xml
----------------- Instantiating /home/travis/build/icyphy/ptII/ptolemy/domains/de/test/auto/Modal6.xml
8 ms. Memory: 58368K Free: 18346K (31%)
----------------- Invoking toplevel() on ptolemy.moml.MoMLSimpleApplication@1d07aa9f
----------------- Done invoking toplevel() on ptolemy.moml.MoMLSimpleApplication@1d07aa9f
reloadAllAccessors: .Modal6

===========================================================================================
----------------- testing Fri Nov 01 06:12:17 UTC 2019 /home/travis/build/icyphy/ptII/ptolemy/domains/de/test/auto/Modal7.xml
----------------- Instantiating /home/travis/build/icyphy/ptII/ptolemy/domains/de/test/auto/Modal7.xml
6 ms. Memory: 58368K Free: 36666K (63%)
----------------- Invoking toplevel() on ptolemy.moml.MoMLSimpleApplication@7fd5a0ce
----------------- Done invoking toplevel() on ptolemy.moml.MoMLSimpleApplication@7fd5a0ce
reloadAllAccessors: .Modal7

===========================================================================================
----------------- testing Fri Nov 01 06:12:18 UTC 2019 /home/travis/build/icyphy/ptII/ptolemy/domains/de/test/auto/ModalModel.xml
----------------- Instantiating /home/travis/build/icyphy/ptII/ptolemy/domains/de/test/auto/ModalModel.xml
129 ms. Memory: 58368K Free: 30890K (53%)
----------------- Invoking toplevel() on ptolemy.moml.MoMLSimpleApplication@2df3c48
----------------- Done invoking toplevel() on ptolemy.moml.MoMLSimpleApplication@2df3c48
reloadAllAccessors: .ModalModel

===========================================================================================
----------------- testing Fri Nov 01 06:12:18 UTC 2019 /home/travis/build/icyphy/ptII/ptolemy/domains/de/test/auto/ModalSource.xml
----------------- Instantiating /home/travis/build/icyphy/ptII/ptolemy/domains/de/test/auto/ModalSource.xml
4 ms. Memory: 58368K Free: 22460K (38%)
----------------- Invoking toplevel() on ptolemy.moml.MoMLSimpleApplication@451c7965
----------------- Done invoking toplevel() on ptolemy.moml.MoMLSimpleApplication@451c7965
reloadAllAccessors: .ModalSource

===========================================================================================
----------------- testing Fri Nov 01 06:12:18 UTC 2019 /home/travis/build/icyphy/ptII/ptolemy/domains/de/test/auto/NonInterruptibleTimerZeroDelay.xml
----------------- Instantiating /home/travis/build/icyphy/ptII/ptolemy/domains/de/test/auto/NonInterruptibleTimerZeroDelay.xml
2 ms. Memory: 58368K Free: 19007K (33%)
----------------- Invoking toplevel() on ptolemy.moml.MoMLSimpleApplication@1ff8e1e1
----------------- Done invoking toplevel() on ptolemy.moml.MoMLSimpleApplication@1ff8e1e1
reloadAllAccessors: .NonInterruptibleTimerZeroDelay

===========================================================================================
----------------- testing Fri Nov 01 06:12:18 UTC 2019 /home/travis/build/icyphy/ptII/ptolemy/domains/de/test/auto/OpenQueueingNetwork.xml
----------------- Instantiating /home/travis/build/icyphy/ptII/ptolemy/domains/de/test/auto/OpenQueueingNetwork.xml
2508 ms. Memory: 123904K Free: 46764K (38%)
----------------- Invoking toplevel() on ptolemy.moml.MoMLSimpleApplication@218d787f
----------------- Done invoking toplevel() on ptolemy.moml.MoMLSimpleApplication@218d787f
reloadAllAccessors: .OpenQueueingNetwork

===========================================================================================
----------------- testing Fri Nov 01 06:12:20 UTC 2019 /home/travis/build/icyphy/ptII/ptolemy/domains/de/test/auto/OpenQueuingNetwork.xml
----------------- Instantiating /home/travis/build/icyphy/ptII/ptolemy/domains/de/test/auto/OpenQueuingNetwork.xml
231 ms. Memory: 123904K Free: 39069K (32%)
----------------- Invoking toplevel() on ptolemy.moml.MoMLSimpleApplication@5d57ab55
----------------- Done invoking toplevel() on ptolemy.moml.MoMLSimpleApplication@5d57ab55
reloadAllAccessors: .OpenQueuingNetwork

===========================================================================================
----------------- testing Fri Nov 01 06:12:21 UTC 2019 /home/travis/build/icyphy/ptII/ptolemy/domains/de/test/auto/PeriodicSampler.xml
----------------- Instantiating /home/travis/build/icyphy/ptII/ptolemy/domains/de/test/auto/PeriodicSampler.xml
2 ms. Memory: 123904K Free: 106072K (86%)
----------------- Invoking toplevel() on ptolemy.moml.MoMLSimpleApplication@22fde49d
----------------- Done invoking toplevel() on ptolemy.moml.MoMLSimpleApplication@22fde49d
reloadAllAccessors: .PeriodicSampler

===========================================================================================
----------------- testing Fri Nov 01 06:12:21 UTC 2019 /home/travis/build/icyphy/ptII/ptolemy/domains/de/test/auto/PersistentIO.xml
----------------- Instantiating /home/travis/build/icyphy/ptII/ptolemy/domains/de/test/auto/PersistentIO.xml
6 ms. Memory: 123904K Free: 96312K (78%)
----------------- Invoking toplevel() on ptolemy.moml.MoMLSimpleApplication@304b0f38
----------------- Done invoking toplevel() on ptolemy.moml.MoMLSimpleApplication@304b0f38
reloadAllAccessors: .PersistentIO

===========================================================================================
----------------- testing Fri Nov 01 06:12:21 UTC 2019 /home/travis/build/icyphy/ptII/ptolemy/domains/de/test/auto/PortParameterResetOnInitialize.xml
----------------- Instantiating /home/travis/build/icyphy/ptII/ptolemy/domains/de/test/auto/PortParameterResetOnInitialize.xml
2 ms. Memory: 123904K Free: 91736K (74%)
----------------- Invoking toplevel() on ptolemy.moml.MoMLSimpleApplication@1cf90ac1
----------------- Done invoking toplevel() on ptolemy.moml.MoMLSimpleApplication@1cf90ac1
reloadAllAccessors: .PortParameterResetOnInitialize

===========================================================================================
----------------- testing Fri Nov 01 06:12:21 UTC 2019 /home/travis/build/icyphy/ptII/ptolemy/domains/de/test/auto/PortParameterUpdates.xml
----------------- Instantiating /home/travis/build/icyphy/ptII/ptolemy/domains/de/test/auto/PortParameterUpdates.xml
3 ms. Memory: 123904K Free: 85064K (69%)
----------------- Invoking toplevel() on ptolemy.moml.MoMLSimpleApplication@29a0e3d7
----------------- Done invoking toplevel() on ptolemy.moml.MoMLSimpleApplication@29a0e3d7
reloadAllAccessors: .PortParameterUpdates

===========================================================================================
----------------- testing Fri Nov 01 06:12:21 UTC 2019 /home/travis/build/icyphy/ptII/ptolemy/domains/de/test/auto/QueueAndServer.xml
----------------- Instantiating /home/travis/build/icyphy/ptII/ptolemy/domains/de/test/auto/QueueAndServer.xml
4 ms. Memory: 123904K Free: 77400K (62%)
----------------- Invoking toplevel() on ptolemy.moml.MoMLSimpleApplication@a6bf3a0
----------------- Done invoking toplevel() on ptolemy.moml.MoMLSimpleApplication@a6bf3a0
reloadAllAccessors: .QueueAndServer

===========================================================================================
----------------- testing Fri Nov 01 06:12:21 UTC 2019 /home/travis/build/icyphy/ptII/ptolemy/domains/de/test/auto/Records.xml
----------------- Instantiating /home/travis/build/icyphy/ptII/ptolemy/domains/de/test/auto/Records.xml
3 ms. Memory: 123904K Free: 71766K (58%)
----------------- Invoking toplevel() on ptolemy.moml.MoMLSimpleApplication@35cac1d4
----------------- Done invoking toplevel() on ptolemy.moml.MoMLSimpleApplication@35cac1d4
reloadAllAccessors: .Records

===========================================================================================
----------------- testing Fri Nov 01 06:12:21 UTC 2019 /home/travis/build/icyphy/ptII/ptolemy/domains/de/test/auto/ResetTransitionWithStartTime1.xml
----------------- Instantiating /home/travis/build/icyphy/ptII/ptolemy/domains/de/test/auto/ResetTransitionWithStartTime1.xml
5 ms. Memory: 123904K Free: 63560K (51%)
----------------- Invoking toplevel() on ptolemy.moml.MoMLSimpleApplication@3ac1e2a8
----------------- Done invoking toplevel() on ptolemy.moml.MoMLSimpleApplication@3ac1e2a8
reloadAllAccessors: .ResetTransitionWithStartTime1

===========================================================================================
----------------- testing Fri Nov 01 06:12:21 UTC 2019 /home/travis/build/icyphy/ptII/ptolemy/domains/de/test/auto/ResetTransitionWithStartTime2.xml
----------------- Instantiating /home/travis/build/icyphy/ptII/ptolemy/domains/de/test/auto/ResetTransitionWithStartTime2.xml
5 ms. Memory: 123904K Free: 55368K (45%)
----------------- Invoking toplevel() on ptolemy.moml.MoMLSimpleApplication@396c4ede
----------------- Done invoking toplevel() on ptolemy.moml.MoMLSimpleApplication@396c4ede
reloadAllAccessors: .ResetTransitionWithStartTime2

===========================================================================================
----------------- testing Fri Nov 01 06:12:21 UTC 2019 /home/travis/build/icyphy/ptII/ptolemy/domains/de/test/auto/ResetTransitionWithStartTime3.xml
----------------- Instantiating /home/travis/build/icyphy/ptII/ptolemy/domains/de/test/auto/ResetTransitionWithStartTime3.xml
5 ms. Memory: 123904K Free: 47176K (38%)
----------------- Invoking toplevel() on ptolemy.moml.MoMLSimpleApplication@55871484
----------------- Done invoking toplevel() on ptolemy.moml.MoMLSimpleApplication@55871484
reloadAllAccessors: .ResetTransitionWithStartTime3

===========================================================================================
----------------- testing Fri Nov 01 06:12:21 UTC 2019 /home/travis/build/icyphy/ptII/ptolemy/domains/de/test/auto/ResetTransitionWithStartTime4.xml
----------------- Instantiating /home/travis/build/icyphy/ptII/ptolemy/domains/de/test/auto/ResetTransitionWithStartTime4.xml
3 ms. Memory: 123904K Free: 39512K (32%)
----------------- Invoking toplevel() on ptolemy.moml.MoMLSimpleApplication@69ec886c
----------------- Done invoking toplevel() on ptolemy.moml.MoMLSimpleApplication@69ec886c
reloadAllAccessors: .ResetTransitionWithStartTime4

===========================================================================================
----------------- testing Fri Nov 01 06:12:21 UTC 2019 /home/travis/build/icyphy/ptII/ptolemy/domains/de/test/auto/ResettableTimer1.xml
----------------- Instantiating /home/travis/build/icyphy/ptII/ptolemy/domains/de/test/auto/ResettableTimer1.xml
7 ms. Memory: 123904K Free: 108233K (87%)
----------------- Invoking toplevel() on ptolemy.moml.MoMLSimpleApplication@5b709590
----------------- Done invoking toplevel() on ptolemy.moml.MoMLSimpleApplication@5b709590
reloadAllAccessors: .ResettableTimer1

===========================================================================================
----------------- testing Fri Nov 01 06:12:21 UTC 2019 /home/travis/build/icyphy/ptII/ptolemy/domains/de/test/auto/ResettableTimer2.xml
----------------- Instantiating /home/travis/build/icyphy/ptII/ptolemy/domains/de/test/auto/ResettableTimer2.xml
1 ms. Memory: 123904K Free: 103609K (84%)
----------------- Invoking toplevel() on ptolemy.moml.MoMLSimpleApplication@19e2c441
----------------- Done invoking toplevel() on ptolemy.moml.MoMLSimpleApplication@19e2c441
reloadAllAccessors: .ResettableTimer2

===========================================================================================
----------------- testing Fri Nov 01 06:12:21 UTC 2019 /home/travis/build/icyphy/ptII/ptolemy/domains/de/test/auto/ResettableTimer3.xml
----------------- Instantiating /home/travis/build/icyphy/ptII/ptolemy/domains/de/test/auto/ResettableTimer3.xml
1 ms. Memory: 123904K Free: 99527K (80%)
----------------- Invoking toplevel() on ptolemy.moml.MoMLSimpleApplication@29677ae
----------------- Done invoking toplevel() on ptolemy.moml.MoMLSimpleApplication@29677ae
reloadAllAccessors: .ResettableTimer3

===========================================================================================
----------------- testing Fri Nov 01 06:12:21 UTC 2019 /home/travis/build/icyphy/ptII/ptolemy/domains/de/test/auto/ResettableTimer4.xml
----------------- Instantiating /home/travis/build/icyphy/ptII/ptolemy/domains/de/test/auto/ResettableTimer4.xml
1 ms. Memory: 123904K Free: 95431K (77%)
----------------- Invoking toplevel() on ptolemy.moml.MoMLSimpleApplication@6da0e53d
----------------- Done invoking toplevel() on ptolemy.moml.MoMLSimpleApplication@6da0e53d
reloadAllAccessors: .ResettableTimer4

===========================================================================================
----------------- testing Fri Nov 01 06:12:21 UTC 2019 /home/travis/build/icyphy/ptII/ptolemy/domains/de/test/auto/ResettableTimer5.xml
----------------- Instantiating /home/travis/build/icyphy/ptII/ptolemy/domains/de/test/auto/ResettableTimer5.xml
1 ms. Memory: 123904K Free: 90825K (73%)
----------------- Invoking toplevel() on ptolemy.moml.MoMLSimpleApplication@4823cea
----------------- Done invoking toplevel() on ptolemy.moml.MoMLSimpleApplication@4823cea
reloadAllAccessors: .ResettableTimer5

===========================================================================================
----------------- testing Fri Nov 01 06:12:21 UTC 2019 /home/travis/build/icyphy/ptII/ptolemy/domains/de/test/auto/ResettableTimer6.xml
----------------- Instantiating /home/travis/build/icyphy/ptII/ptolemy/domains/de/test/auto/ResettableTimer6.xml
6 ms. Memory: 123904K Free: 86212K (70%)
----------------- Invoking toplevel() on ptolemy.moml.MoMLSimpleApplication@7ac9c693
----------------- Done invoking toplevel() on ptolemy.moml.MoMLSimpleApplication@7ac9c693
reloadAllAccessors: .ResettableTimer6

===========================================================================================
----------------- testing Fri Nov 01 06:12:21 UTC 2019 /home/travis/build/icyphy/ptII/ptolemy/domains/de/test/auto/ServerZeroDelay.xml
----------------- Instantiating /home/travis/build/icyphy/ptII/ptolemy/domains/de/test/auto/ServerZeroDelay.xml
2 ms. Memory: 123904K Free: 82089K (66%)
----------------- Invoking toplevel() on ptolemy.moml.MoMLSimpleApplication@583d82e2
----------------- Done invoking toplevel() on ptolemy.moml.MoMLSimpleApplication@583d82e2
reloadAllAccessors: .ServerZeroDelay

===========================================================================================
----------------- testing Fri Nov 01 06:12:21 UTC 2019 /home/travis/build/icyphy/ptII/ptolemy/domains/de/test/auto/SmartSender.xml
----------------- Instantiating /home/travis/build/icyphy/ptII/ptolemy/domains/de/test/auto/SmartSender.xml
3002 ms. Memory: 123904K Free: 78023K (63%)
----------------- Invoking toplevel() on ptolemy.moml.MoMLSimpleApplication@3987ce62
----------------- Done invoking toplevel() on ptolemy.moml.MoMLSimpleApplication@3987ce62
reloadAllAccessors: .SmartSender

===========================================================================================
----------------- testing Fri Nov 01 06:12:24 UTC 2019 /home/travis/build/icyphy/ptII/ptolemy/domains/de/test/auto/ThreadedComposite.xml
----------------- Instantiating /home/travis/build/icyphy/ptII/ptolemy/domains/de/test/auto/ThreadedComposite.xml
103 ms. Memory: 123904K Free: 57543K (46%)
----------------- Invoking toplevel() on ptolemy.moml.MoMLSimpleApplication@24409ed4
----------------- Done invoking toplevel() on ptolemy.moml.MoMLSimpleApplication@24409ed4
reloadAllAccessors: .ThreadedComposite

===========================================================================================
----------------- testing Fri Nov 01 06:12:24 UTC 2019 /home/travis/build/icyphy/ptII/ptolemy/domains/de/test/auto/Time.xml
----------------- Instantiating /home/travis/build/icyphy/ptII/ptolemy/domains/de/test/auto/Time.xml
456 ms. Memory: 123904K Free: 76567K (62%)
----------------- Invoking toplevel() on ptolemy.moml.MoMLSimpleApplication@71695071
----------------- Done invoking toplevel() on ptolemy.moml.MoMLSimpleApplication@71695071
reloadAllAccessors: .Time

===========================================================================================
----------------- testing Fri Nov 01 06:12:25 UTC 2019 /home/travis/build/icyphy/ptII/ptolemy/domains/de/test/auto/TimeDelayZeroDelay.xml
----------------- Instantiating /home/travis/build/icyphy/ptII/ptolemy/domains/de/test/auto/TimeDelayZeroDelay.xml
2 ms. Memory: 123904K Free: 72336K (58%)
----------------- Invoking toplevel() on ptolemy.moml.MoMLSimpleApplication@72704aed
----------------- Done invoking toplevel() on ptolemy.moml.MoMLSimpleApplication@72704aed
reloadAllAccessors: .TimeDelayZeroDelay

===========================================================================================
----------------- testing Fri Nov 01 06:12:25 UTC 2019 /home/travis/build/icyphy/ptII/ptolemy/domains/de/test/auto/TimerZeroDelay.xml
----------------- Instantiating /home/travis/build/icyphy/ptII/ptolemy/domains/de/test/auto/TimerZeroDelay.xml
3 ms. Memory: 123904K Free: 68216K (55%)
----------------- Invoking toplevel() on ptolemy.moml.MoMLSimpleApplication@3dbb5502
----------------- Done invoking toplevel() on ptolemy.moml.MoMLSimpleApplication@3dbb5502
reloadAllAccessors: .TimerZeroDelay

===========================================================================================
----------------- testing Fri Nov 01 06:12:25 UTC 2019 /home/travis/build/icyphy/ptII/ptolemy/domains/de/test/auto/TimingParadox.xml
----------------- Instantiating /home/travis/build/icyphy/ptII/ptolemy/domains/de/test/auto/TimingParadox.xml
317 ms. Memory: 123904K Free: 72349K (58%)
----------------- Invoking toplevel() on ptolemy.moml.MoMLSimpleApplication@2b31148d
----------------- Done invoking toplevel() on ptolemy.moml.MoMLSimpleApplication@2b31148d
reloadAllAccessors: .TimingParadox

===========================================================================================
----------------- testing Fri Nov 01 06:12:25 UTC 2019 /home/travis/build/icyphy/ptII/ptolemy/domains/de/test/auto/TransferInputs.xml
----------------- Instantiating /home/travis/build/icyphy/ptII/ptolemy/domains/de/test/auto/TransferInputs.xml
1 ms. Memory: 123904K Free: 67685K (55%)
----------------- Invoking toplevel() on ptolemy.moml.MoMLSimpleApplication@739c647f
----------------- Done invoking toplevel() on ptolemy.moml.MoMLSimpleApplication@739c647f
reloadAllAccessors: .TransferInputs

===========================================================================================
----------------- testing Fri Nov 01 06:12:25 UTC 2019 /home/travis/build/icyphy/ptII/ptolemy/domains/de/test/auto/TransferOutputs2.xml
----------------- Instantiating /home/travis/build/icyphy/ptII/ptolemy/domains/de/test/auto/TransferOutputs2.xml
3 ms. Memory: 123904K Free: 59515K (48%)
----------------- Invoking toplevel() on ptolemy.moml.MoMLSimpleApplication@282aaa09
----------------- Done invoking toplevel() on ptolemy.moml.MoMLSimpleApplication@282aaa09
reloadAllAccessors: .TransferOutputs2

===========================================================================================
----------------- testing Fri Nov 01 06:12:25 UTC 2019 /home/travis/build/icyphy/ptII/ptolemy/domains/de/test/auto/Trilateration.xml
----------------- Instantiating /home/travis/build/icyphy/ptII/ptolemy/domains/de/test/auto/Trilateration.xml
12543 ms. Memory: 389120K Free: 192003K (49%)
----------------- Invoking toplevel() on ptolemy.moml.MoMLSimpleApplication@7b0d4c83
----------------- Done invoking toplevel() on ptolemy.moml.MoMLSimpleApplication@7b0d4c83
reloadAllAccessors: .Trilateration

===========================================================================================
----------------- testing Fri Nov 01 06:12:38 UTC 2019 /home/travis/build/icyphy/ptII/ptolemy/domains/de/test/auto/TwoSigmaDelta.xml
----------------- Instantiating /home/travis/build/icyphy/ptII/ptolemy/domains/de/test/auto/TwoSigmaDelta.xml
2296 ms. Memory: 389120K Free: 218833K (56%)
----------------- Invoking toplevel() on ptolemy.moml.MoMLSimpleApplication@47fbdebe
----------------- Done invoking toplevel() on ptolemy.moml.MoMLSimpleApplication@47fbdebe
reloadAllAccessors: .TwoSigmaDelta

===========================================================================================
----------------- testing Fri Nov 01 06:12:41 UTC 2019 /home/travis/build/icyphy/ptII/ptolemy/domains/de/test/auto/VariableDelay.xml
----------------- Instantiating /home/travis/build/icyphy/ptII/ptolemy/domains/de/test/auto/VariableDelay.xml
2 ms. Memory: 389120K Free: 213699K (55%)
----------------- Invoking toplevel() on ptolemy.moml.MoMLSimpleApplication@75a2e7a
----------------- Done invoking toplevel() on ptolemy.moml.MoMLSimpleApplication@75a2e7a
reloadAllAccessors: .VariableDelay

===========================================================================================
----------------- testing Fri Nov 01 06:12:41 UTC 2019 /home/travis/build/icyphy/ptII/ptolemy/domains/de/test/auto/VariableDelay2.xml
----------------- Instantiating /home/travis/build/icyphy/ptII/ptolemy/domains/de/test/auto/VariableDelay2.xml
1 ms. Memory: 389120K Free: 209107K (54%)
----------------- Invoking toplevel() on ptolemy.moml.MoMLSimpleApplication@2057d9b7
----------------- Done invoking toplevel() on ptolemy.moml.MoMLSimpleApplication@2057d9b7
reloadAllAccessors: .VariableDelay2

===========================================================================================
----------------- testing Fri Nov 01 06:12:41 UTC 2019 /home/travis/build/icyphy/ptII/ptolemy/domains/de/test/auto/VariableDelayZeroDelay.xml
----------------- Instantiating /home/travis/build/icyphy/ptII/ptolemy/domains/de/test/auto/VariableDelayZeroDelay.xml
4 ms. Memory: 389120K Free: 205011K (53%)
----------------- Invoking toplevel() on ptolemy.moml.MoMLSimpleApplication@614fecd1
----------------- Done invoking toplevel() on ptolemy.moml.MoMLSimpleApplication@614fecd1
reloadAllAccessors: .VariableDelayZeroDelay

===========================================================================================
----------------- testing Fri Nov 01 06:12:41 UTC 2019 /home/travis/build/icyphy/ptII/ptolemy/domains/de/test/auto/VariableDelayZeroDelay2.xml
----------------- Instantiating /home/travis/build/icyphy/ptII/ptolemy/domains/de/test/auto/VariableDelayZeroDelay2.xml
2 ms. Memory: 389120K Free: 200401K (52%)
----------------- Invoking toplevel() on ptolemy.moml.MoMLSimpleApplication@29138911
----------------- Done invoking toplevel() on ptolemy.moml.MoMLSimpleApplication@29138911
reloadAllAccessors: .VariableDelayZeroDelay2

===========================================================================================
----------------- testing Fri Nov 01 06:12:41 UTC 2019 /home/travis/build/icyphy/ptII/ptolemy/domains/de/test/auto/deInCt.xml
----------------- Instantiating /home/travis/build/icyphy/ptII/ptolemy/domains/de/test/auto/deInCt.xml
0
1
1
1
1
0
0
0
1
1
1
0
0
1
1
1
0
0
0
1
1
1
1
0
0
0
0
0
0
1
1
1
0
0
0
0
1
1
1
1
8 ms. Memory: 389120K Free: 195281K (50%)
----------------- Invoking toplevel() on ptolemy.moml.MoMLSimpleApplication@7a38c3fd
----------------- Done invoking toplevel() on ptolemy.moml.MoMLSimpleApplication@7a38c3fd
reloadAllAccessors: .deInCt

===========================================================================================
----------------- testing Fri Nov 01 06:12:41 UTC 2019 /home/travis/build/icyphy/ptII/ptolemy/domains/de/test/auto/deInCt2.xml
----------------- Instantiating /home/travis/build/icyphy/ptII/ptolemy/domains/de/test/auto/deInCt2.xml
0
1
1
1
0
0
1
1
1
0
0
1
1
1
0
0
1
1
1
0
0
1
1
1
0
0
1
1
1
0
0
1
1
1
0
0
1
1
1
0
0
0
7 ms. Memory: 389120K Free: 190155K (49%)
----------------- Invoking toplevel() on ptolemy.moml.MoMLSimpleApplication@69d13127
----------------- Done invoking toplevel() on ptolemy.moml.MoMLSimpleApplication@69d13127
reloadAllAccessors: .deInCt2

===========================================================================================
----------------- testing Fri Nov 01 06:12:41 UTC 2019 /home/travis/build/icyphy/ptII/ptolemy/domains/de/test/auto/dynamicCausalityInterface1.xml
----------------- Instantiating /home/travis/build/icyphy/ptII/ptolemy/domains/de/test/auto/dynamicCausalityInterface1.xml
1 ms. Memory: 389120K Free: 180945K (47%)
----------------- Invoking toplevel() on ptolemy.moml.MoMLSimpleApplication@19bd6fb1
----------------- Done invoking toplevel() on ptolemy.moml.MoMLSimpleApplication@19bd6fb1
reloadAllAccessors: .dynamicCausalityInterface1

===========================================================================================
----------------- testing Fri Nov 01 06:12:41 UTC 2019 /home/travis/build/icyphy/ptII/ptolemy/domains/de/test/auto/fsm_de_test.xml
----------------- Instantiating /home/travis/build/icyphy/ptII/ptolemy/domains/de/test/auto/fsm_de_test.xml
4 ms. Memory: 389120K Free: 171699K (44%)
----------------- Invoking toplevel() on ptolemy.moml.MoMLSimpleApplication@3ca165c5
----------------- Done invoking toplevel() on ptolemy.moml.MoMLSimpleApplication@3ca165c5
reloadAllAccessors: .fsm_de_test

===========================================================================================
----------------- testing Fri Nov 01 06:12:41 UTC 2019 /home/travis/build/icyphy/ptII/ptolemy/domains/de/test/auto/functionDependencyReconstruction.xml
----------------- Instantiating /home/travis/build/icyphy/ptII/ptolemy/domains/de/test/auto/functionDependencyReconstruction.xml
2 ms. Memory: 389120K Free: 156883K (40%)
----------------- Invoking toplevel() on ptolemy.moml.MoMLSimpleApplication@7c879bd3
----------------- Done invoking toplevel() on ptolemy.moml.MoMLSimpleApplication@7c879bd3
reloadAllAccessors: .functionDependencyReconstruction

===========================================================================================
----------------- testing Fri Nov 01 06:12:41 UTC 2019 /home/travis/build/icyphy/ptII/ptolemy/domains/de/test/auto/multirate.xml
----------------- Instantiating /home/travis/build/icyphy/ptII/ptolemy/domains/de/test/auto/multirate.xml
2 ms. Memory: 389120K Free: 150211K (39%)
----------------- Invoking toplevel() on ptolemy.moml.MoMLSimpleApplication@75b0d86
----------------- Done invoking toplevel() on ptolemy.moml.MoMLSimpleApplication@75b0d86
reloadAllAccessors: .multirate

===========================================================================================
----------------- testing Fri Nov 01 06:12:41 UTC 2019 /home/travis/build/icyphy/ptII/ptolemy/domains/de/test/auto/multirate2.xml
----------------- Instantiating /home/travis/build/icyphy/ptII/ptolemy/domains/de/test/auto/multirate2.xml
3 ms. Memory: 389120K Free: 143043K (37%)
----------------- Invoking toplevel() on ptolemy.moml.MoMLSimpleApplication@57220021
----------------- Done invoking toplevel() on ptolemy.moml.MoMLSimpleApplication@57220021
reloadAllAccessors: .multirate2

===========================================================================================
----------------- testing Fri Nov 01 06:12:41 UTC 2019 /home/travis/build/icyphy/ptII/ptolemy/domains/de/test/auto/realtime.xml
----------------- Instantiating /home/travis/build/icyphy/ptII/ptolemy/domains/de/test/auto/realtime.xml
10002 ms. Memory: 389120K Free: 138451K (36%)
----------------- Invoking toplevel() on ptolemy.moml.MoMLSimpleApplication@78003887
----------------- Done invoking toplevel() on ptolemy.moml.MoMLSimpleApplication@78003887
reloadAllAccessors: .realtime

===========================================================================================
----------------- testing Fri Nov 01 06:12:51 UTC 2019 /home/travis/build/icyphy/ptII/ptolemy/domains/de/test/auto/relationGroup.xml
----------------- Instantiating /home/travis/build/icyphy/ptII/ptolemy/domains/de/test/auto/relationGroup.xml
1 ms. Memory: 389120K Free: 134865K (35%)
----------------- Invoking toplevel() on ptolemy.moml.MoMLSimpleApplication@3bbbc2f4
----------------- Done invoking toplevel() on ptolemy.moml.MoMLSimpleApplication@3bbbc2f4
reloadAllAccessors: .relationGroup

===========================================================================================
----------------- testing Fri Nov 01 06:12:51 UTC 2019 /home/travis/build/icyphy/ptII/ptolemy/domains/de/test/auto/relationGroup2.xml
----------------- Instantiating /home/travis/build/icyphy/ptII/ptolemy/domains/de/test/auto/relationGroup2.xml
1 ms. Memory: 389120K Free: 131283K (34%)
----------------- Invoking toplevel() on ptolemy.moml.MoMLSimpleApplication@a4eb014
----------------- Done invoking toplevel() on ptolemy.moml.MoMLSimpleApplication@a4eb014
reloadAllAccessors: .relationGroup2

===========================================================================================
----------------- testing Fri Nov 01 06:12:51 UTC 2019 /home/travis/build/icyphy/ptII/ptolemy/domains/de/test/auto/sortWithOpaquePorts.xml
----------------- Instantiating /home/travis/build/icyphy/ptII/ptolemy/domains/de/test/auto/sortWithOpaquePorts.xml
1 ms. Memory: 389120K Free: 359413K (92%)
----------------- Invoking toplevel() on ptolemy.moml.MoMLSimpleApplication@3977349c
----------------- Done invoking toplevel() on ptolemy.moml.MoMLSimpleApplication@3977349c
reloadAllAccessors: .sortWithOpaquePorts

===========================================================================================
----------------- testing Fri Nov 01 06:12:51 UTC 2019 /home/travis/build/icyphy/ptII/ptolemy/domains/de/test/auto/transferInputsandOutputs.xml
----------------- Instantiating /home/travis/build/icyphy/ptII/ptolemy/domains/de/test/auto/transferInputsandOutputs.xml
2 ms. Memory: 389120K Free: 352245K (91%)
----------------- Invoking toplevel() on ptolemy.moml.MoMLSimpleApplication@48c2baf1
----------------- Done invoking toplevel() on ptolemy.moml.MoMLSimpleApplication@48c2baf1
reloadAllAccessors: .transferInputsandOutputs

===========================================================================================
----------------- testing Fri Nov 01 06:12:51 UTC 2019 /home/travis/build/icyphy/ptII/ptolemy/domains/de/test/auto/triggerType.xml
----------------- Instantiating /home/travis/build/icyphy/ptII/ptolemy/domains/de/test/auto/triggerType.xml
5 ms. Memory: 389120K Free: 348135K (89%)
----------------- Invoking toplevel() on ptolemy.moml.MoMLSimpleApplication@1d2705c1
----------------- Done invoking toplevel() on ptolemy.moml.MoMLSimpleApplication@1d2705c1
reloadAllAccessors: .triggerType
AutoTests.java: About to close Vertx.
AutoTests.java: Vertx closed.
]]></system-out>
  <system-err><![CDATA[java.lang.RuntimeException: Execution failed
	at ptolemy.moml.MoMLSimpleApplication$UnloadThread.run(MoMLSimpleApplication.java:402)
Caused by: ptolemy.kernel.util.IllegalActionException: Found a zero delay loop containing .dependencyLoop.original
  in .dependencyLoop and .dependencyLoop.original
	at ptolemy.actor.util.CausalityInterfaceForComposites._computeOutputPortDepth(CausalityInterfaceForComposites.java:759)
	at ptolemy.actor.util.CausalityInterfaceForComposites._computeInputDepth(CausalityInterfaceForComposites.java:696)
	at ptolemy.actor.util.CausalityInterfaceForComposites._computeOutputPortDepth(CausalityInterfaceForComposites.java:765)
	at ptolemy.actor.util.CausalityInterfaceForComposites._computeInputDepth(CausalityInterfaceForComposites.java:696)
	at ptolemy.actor.util.CausalityInterfaceForComposites._computeOutputPortDepth(CausalityInterfaceForComposites.java:765)
	at ptolemy.actor.util.CausalityInterfaceForComposites._computeInputDepth(CausalityInterfaceForComposites.java:696)
	at ptolemy.actor.util.CausalityInterfaceForComposites._computeActorDepth(CausalityInterfaceForComposites.java:532)
	at ptolemy.actor.util.CausalityInterfaceForComposites.checkForCycles(CausalityInterfaceForComposites.java:96)
	at ptolemy.domains.de.kernel.DEDirector.preinitialize(DEDirector.java:1338)
	at ptolemy.actor.CompositeActor.preinitialize(CompositeActor.java:1828)
	at ptolemy.actor.Manager.preinitializeAndResolveTypes(Manager.java:1040)
	at ptolemy.actor.Manager.initialize(Manager.java:710)
	at ptolemy.actor.Manager.execute(Manager.java:356)
	at ptolemy.actor.Manager.run(Manager.java:1263)
	at ptolemy.actor.Manager$PtolemyRunThread.run(Manager.java:1933)
java.lang.RuntimeException: Execution failed
	at ptolemy.moml.MoMLSimpleApplication$UnloadThread.run(MoMLSimpleApplication.java:402)
Caused by: ptolemy.kernel.util.IllegalActionException: Found a zero delay loop containing .dependencyLoop2.original
  in .dependencyLoop2 and .dependencyLoop2.original
	at ptolemy.actor.util.CausalityInterfaceForComposites._computeOutputPortDepth(CausalityInterfaceForComposites.java:759)
	at ptolemy.actor.util.CausalityInterfaceForComposites._computeInputDepth(CausalityInterfaceForComposites.java:696)
	at ptolemy.actor.util.CausalityInterfaceForComposites._computeOutputPortDepth(CausalityInterfaceForComposites.java:765)
	at ptolemy.actor.util.CausalityInterfaceForComposites._computeInputDepth(CausalityInterfaceForComposites.java:696)
	at ptolemy.actor.util.CausalityInterfaceForComposites._computeOutputPortDepth(CausalityInterfaceForComposites.java:765)
	at ptolemy.actor.util.CausalityInterfaceForComposites._computeInputDepth(CausalityInterfaceForComposites.java:696)
	at ptolemy.actor.util.CausalityInterfaceForComposites._computeActorDepth(CausalityInterfaceForComposites.java:532)
	at ptolemy.actor.util.CausalityInterfaceForComposites.checkForCycles(CausalityInterfaceForComposites.java:96)
	at ptolemy.domains.de.kernel.DEDirector.preinitialize(DEDirector.java:1338)
	at ptolemy.actor.CompositeActor.preinitialize(CompositeActor.java:1828)
	at ptolemy.actor.Manager.preinitializeAndResolveTypes(Manager.java:1040)
	at ptolemy.actor.Manager.initialize(Manager.java:710)
	at ptolemy.actor.Manager.execute(Manager.java:356)
	at ptolemy.actor.Manager.run(Manager.java:1263)
	at ptolemy.actor.Manager$PtolemyRunThread.run(Manager.java:1933)
java.lang.RuntimeException: Execution failed
	at ptolemy.moml.MoMLSimpleApplication$UnloadThread.run(MoMLSimpleApplication.java:402)
Caused by: ptolemy.kernel.util.IllegalActionException: Test fails in iteration 1.
Value was: 1.0. Should have been: 2.0
  in .DirectFeedback.Test
	at ptolemy.actor.lib.Test.fire(Test.java:268)
	at ptolemy.domains.de.kernel.DEDirector._fire(DEDirector.java:1949)
	at ptolemy.domains.de.kernel.DEDirector.fire(DEDirector.java:502)
	at ptolemy.actor.CompositeActor.fire(CompositeActor.java:455)
	at ptolemy.actor.Manager.iterate(Manager.java:851)
	at ptolemy.actor.Manager.execute(Manager.java:369)
	at ptolemy.actor.Manager.run(Manager.java:1263)
	at ptolemy.actor.Manager$PtolemyRunThread.run(Manager.java:1933)
java.lang.RuntimeException: Execution failed
	at ptolemy.moml.MoMLSimpleApplication$UnloadThread.run(MoMLSimpleApplication.java:402)
Caused by: ptolemy.kernel.util.IllegalActionException: Found a zero delay loop containing .dependencyLoop.original
  in .dependencyLoop and .dependencyLoop.original
	at ptolemy.actor.util.CausalityInterfaceForComposites._computeOutputPortDepth(CausalityInterfaceForComposites.java:759)
	at ptolemy.actor.util.CausalityInterfaceForComposites._computeInputDepth(CausalityInterfaceForComposites.java:696)
	at ptolemy.actor.util.CausalityInterfaceForComposites._computeOutputPortDepth(CausalityInterfaceForComposites.java:765)
	at ptolemy.actor.util.CausalityInterfaceForComposites._computeInputDepth(CausalityInterfaceForComposites.java:696)
	at ptolemy.actor.util.CausalityInterfaceForComposites._computeOutputPortDepth(CausalityInterfaceForComposites.java:765)
	at ptolemy.actor.util.CausalityInterfaceForComposites._computeInputDepth(CausalityInterfaceForComposites.java:696)
	at ptolemy.actor.util.CausalityInterfaceForComposites._computeActorDepth(CausalityInterfaceForComposites.java:532)
	at ptolemy.actor.util.CausalityInterfaceForComposites.checkForCycles(CausalityInterfaceForComposites.java:96)
	at ptolemy.domains.de.kernel.DEDirector.preinitialize(DEDirector.java:1338)
	at ptolemy.actor.CompositeActor.preinitialize(CompositeActor.java:1828)
	at ptolemy.actor.Manager.preinitializeAndResolveTypes(Manager.java:1040)
	at ptolemy.actor.Manager.initialize(Manager.java:710)
	at ptolemy.actor.Manager.execute(Manager.java:356)
	at ptolemy.actor.Manager.run(Manager.java:1263)
	at ptolemy.actor.Manager$PtolemyRunThread.run(Manager.java:1933)
java.lang.RuntimeException: Execution failed
	at ptolemy.moml.MoMLSimpleApplication$UnloadThread.run(MoMLSimpleApplication.java:402)
Caused by: ptolemy.kernel.util.IllegalActionException: Found a zero delay loop containing .HierarchicalModel.A
  in .HierarchicalModel and .HierarchicalModel.A
	at ptolemy.actor.util.CausalityInterfaceForComposites._computeOutputPortDepth(CausalityInterfaceForComposites.java:759)
	at ptolemy.actor.util.CausalityInterfaceForComposites._computeInputDepth(CausalityInterfaceForComposites.java:696)
	at ptolemy.actor.util.CausalityInterfaceForComposites._computeOutputPortDepth(CausalityInterfaceForComposites.java:765)
	at ptolemy.actor.util.CausalityInterfaceForComposites._computeInputDepth(CausalityInterfaceForComposites.java:696)
	at ptolemy.actor.util.CausalityInterfaceForComposites._computeOutputPortDepth(CausalityInterfaceForComposites.java:765)
	at ptolemy.actor.util.CausalityInterfaceForComposites._computeInputDepth(CausalityInterfaceForComposites.java:696)
	at ptolemy.actor.util.CausalityInterfaceForComposites._computeActorDepth(CausalityInterfaceForComposites.java:532)
	at ptolemy.actor.util.CausalityInterfaceForComposites.checkForCycles(CausalityInterfaceForComposites.java:96)
	at ptolemy.domains.de.kernel.DEDirector.preinitialize(DEDirector.java:1338)
	at ptolemy.actor.CompositeActor.preinitialize(CompositeActor.java:1828)
	at ptolemy.actor.Manager.preinitializeAndResolveTypes(Manager.java:1040)
	at ptolemy.actor.Manager.initialize(Manager.java:710)
	at ptolemy.actor.Manager.execute(Manager.java:356)
	at ptolemy.actor.Manager.run(Manager.java:1263)
	at ptolemy.actor.Manager$PtolemyRunThread.run(Manager.java:1933)
java.lang.RuntimeException: Execution failed
	at ptolemy.moml.MoMLSimpleApplication$UnloadThread.run(MoMLSimpleApplication.java:402)
Caused by: ptolemy.kernel.util.IllegalActionException: Found a zero delay loop containing .dependencyLoop2.original
  in .dependencyLoop2 and .dependencyLoop2.original
	at ptolemy.actor.util.CausalityInterfaceForComposites._computeOutputPortDepth(CausalityInterfaceForComposites.java:759)
	at ptolemy.actor.util.CausalityInterfaceForComposites._computeInputDepth(CausalityInterfaceForComposites.java:696)
	at ptolemy.actor.util.CausalityInterfaceForComposites._computeOutputPortDepth(CausalityInterfaceForComposites.java:765)
	at ptolemy.actor.util.CausalityInterfaceForComposites._computeInputDepth(CausalityInterfaceForComposites.java:696)
	at ptolemy.actor.util.CausalityInterfaceForComposites._computeOutputPortDepth(CausalityInterfaceForComposites.java:765)
	at ptolemy.actor.util.CausalityInterfaceForComposites._computeInputDepth(CausalityInterfaceForComposites.java:696)
	at ptolemy.actor.util.CausalityInterfaceForComposites._computeActorDepth(CausalityInterfaceForComposites.java:532)
	at ptolemy.actor.util.CausalityInterfaceForComposites.checkForCycles(CausalityInterfaceForComposites.java:96)
	at ptolemy.domains.de.kernel.DEDirector.preinitialize(DEDirector.java:1338)
	at ptolemy.actor.CompositeActor.preinitialize(CompositeActor.java:1828)
	at ptolemy.actor.Manager.preinitializeAndResolveTypes(Manager.java:1040)
	at ptolemy.actor.Manager.initialize(Manager.java:710)
	at ptolemy.actor.Manager.execute(Manager.java:356)
	at ptolemy.actor.Manager.run(Manager.java:1263)
	at ptolemy.actor.Manager$PtolemyRunThread.run(Manager.java:1933)
java.lang.RuntimeException: Execution failed
	at ptolemy.moml.MoMLSimpleApplication$UnloadThread.run(MoMLSimpleApplication.java:402)
Caused by: ptolemy.kernel.util.IllegalActionException: Actor is not ready to fire.  Perhaps UpSample.prefire() returned false? Try debugging the actor by selecting "Listen to Actor".  Also, for SDF check moml for tokenConsumptionRate on input.
  in .DESDFClockTest.Play Bell.Copy1:SDF Director and .DESDFClockTest.Play Bell.UpSample
	at ptolemy.actor.sched.StaticSchedulingDirector.fire(StaticSchedulingDirector.java:227)
	at ptolemy.domains.sdf.kernel.SDFDirector.fire(SDFDirector.java:500)
	at ptolemy.actor.CompositeActor.fire(CompositeActor.java:455)
	at ptolemy.domains.de.kernel.DEDirector._fire(DEDirector.java:1949)
	at ptolemy.domains.de.kernel.DEDirector.fire(DEDirector.java:502)
	at ptolemy.actor.CompositeActor.fire(CompositeActor.java:455)
	at ptolemy.actor.Manager.iterate(Manager.java:851)
	at ptolemy.actor.Manager.execute(Manager.java:369)
	at ptolemy.actor.Manager.run(Manager.java:1263)
	at ptolemy.actor.Manager$PtolemyRunThread.run(Manager.java:1933)
java.lang.RuntimeException: Execution failed
	at ptolemy.moml.MoMLSimpleApplication$UnloadThread.run(MoMLSimpleApplication.java:402)
Caused by: ptolemy.kernel.util.IllegalActionException: Actor is not ready to fire.  Perhaps UpSample.prefire() returned false? Try debugging the actor by selecting "Listen to Actor".  Also, for SDF check moml for tokenConsumptionRate on input.
  in .DESDFClockTest.Play Bell.Copy1:SDF Director and .DESDFClockTest.Play Bell.UpSample
	at ptolemy.actor.sched.StaticSchedulingDirector.fire(StaticSchedulingDirector.java:227)
	at ptolemy.domains.sdf.kernel.SDFDirector.fire(SDFDirector.java:500)
	at ptolemy.actor.CompositeActor.fire(CompositeActor.java:455)
	at ptolemy.domains.de.kernel.DEDirector._fire(DEDirector.java:1949)
	at ptolemy.domains.de.kernel.DEDirector.fire(DEDirector.java:502)
	at ptolemy.actor.CompositeActor.fire(CompositeActor.java:455)
	at ptolemy.actor.Manager.iterate(Manager.java:851)
	at ptolemy.actor.Manager.execute(Manager.java:369)
	at ptolemy.actor.Manager.run(Manager.java:1263)
	at ptolemy.actor.Manager$PtolemyRunThread.run(Manager.java:1933)
java.lang.reflect.InvocationTargetException
	at java.base/jdk.internal.reflect.NativeConstructorAccessorImpl.newInstance0(Native Method)
	at java.base/jdk.internal.reflect.NativeConstructorAccessorImpl.newInstance(NativeConstructorAccessorImpl.java:62)
	at java.base/jdk.internal.reflect.DelegatingConstructorAccessorImpl.newInstance(DelegatingConstructorAccessorImpl.java:45)
	at java.base/java.lang.reflect.Constructor.newInstance(Constructor.java:490)
	at ptolemy.util.test.junit.AutoKnownFailedTests.RunModel(AutoKnownFailedTests.java:105)
	at java.base/jdk.internal.reflect.NativeMethodAccessorImpl.invoke0(Native Method)
	at java.base/jdk.internal.reflect.NativeMethodAccessorImpl.invoke(NativeMethodAccessorImpl.java:62)
	at java.base/jdk.internal.reflect.DelegatingMethodAccessorImpl.invoke(DelegatingMethodAccessorImpl.java:43)
	at java.base/java.lang.reflect.Method.invoke(Method.java:566)
	at org.junit.runners.model.FrameworkMethod$1.runReflectiveCall(FrameworkMethod.java:44)
	at org.junit.internal.runners.model.ReflectiveCallable.run(ReflectiveCallable.java:15)
	at org.junit.runners.model.FrameworkMethod.invokeExplosively(FrameworkMethod.java:41)
	at junitparams.internal.InvokeParameterisedMethod.evaluate(InvokeParameterisedMethod.java:102)
	at org.junit.internal.runners.statements.FailOnTimeout$1.run(FailOnTimeout.java:28)
Caused by: ptolemy.kernel.util.IllegalActionException: Actor is not ready to fire.  Perhaps UpSample.prefire() returned false? Try debugging the actor by selecting "Listen to Actor".  Also, for SDF check moml for tokenConsumptionRate on input.
  in .DESDFClockTest.Play Bell.Copy1:SDF Director and .DESDFClockTest.Play Bell.UpSample
	at ptolemy.actor.sched.StaticSchedulingDirector.fire(StaticSchedulingDirector.java:227)
	at ptolemy.domains.sdf.kernel.SDFDirector.fire(SDFDirector.java:500)
	at ptolemy.actor.CompositeActor.fire(CompositeActor.java:455)
	at ptolemy.domains.de.kernel.DEDirector._fire(DEDirector.java:1949)
	at ptolemy.domains.de.kernel.DEDirector.fire(DEDirector.java:502)
	at ptolemy.actor.CompositeActor.fire(CompositeActor.java:455)
	at ptolemy.actor.Manager.iterate(Manager.java:851)
	at ptolemy.actor.Manager.execute(Manager.java:369)
	at ptolemy.actor.Manager.run(Manager.java:1263)
	at ptolemy.actor.Manager$PtolemyRunThread.run(Manager.java:1933)
java.lang.RuntimeException: Execution failed
	at ptolemy.moml.MoMLSimpleApplication$UnloadThread.run(MoMLSimpleApplication.java:402)
Caused by: ptolemy.kernel.util.IllegalActionException: Test fails in iteration 1.
Value was: 1.0. Should have been: 2.0
  in .DirectFeedback.Test
	at ptolemy.actor.lib.Test.fire(Test.java:268)
	at ptolemy.domains.de.kernel.DEDirector._fire(DEDirector.java:1949)
	at ptolemy.domains.de.kernel.DEDirector.fire(DEDirector.java:502)
	at ptolemy.actor.CompositeActor.fire(CompositeActor.java:455)
	at ptolemy.actor.Manager.iterate(Manager.java:851)
	at ptolemy.actor.Manager.execute(Manager.java:369)
	at ptolemy.actor.Manager.run(Manager.java:1263)
	at ptolemy.actor.Manager$PtolemyRunThread.run(Manager.java:1933)
java.lang.reflect.InvocationTargetException
	at java.base/jdk.internal.reflect.NativeConstructorAccessorImpl.newInstance0(Native Method)
	at java.base/jdk.internal.reflect.NativeConstructorAccessorImpl.newInstance(NativeConstructorAccessorImpl.java:62)
	at java.base/jdk.internal.reflect.DelegatingConstructorAccessorImpl.newInstance(DelegatingConstructorAccessorImpl.java:45)
	at java.base/java.lang.reflect.Constructor.newInstance(Constructor.java:490)
	at ptolemy.util.test.junit.AutoKnownFailedTests.RunModel(AutoKnownFailedTests.java:105)
	at java.base/jdk.internal.reflect.NativeMethodAccessorImpl.invoke0(Native Method)
	at java.base/jdk.internal.reflect.NativeMethodAccessorImpl.invoke(NativeMethodAccessorImpl.java:62)
	at java.base/jdk.internal.reflect.DelegatingMethodAccessorImpl.invoke(DelegatingMethodAccessorImpl.java:43)
	at java.base/java.lang.reflect.Method.invoke(Method.java:566)
	at org.junit.runners.model.FrameworkMethod$1.runReflectiveCall(FrameworkMethod.java:44)
	at org.junit.internal.runners.model.ReflectiveCallable.run(ReflectiveCallable.java:15)
	at org.junit.runners.model.FrameworkMethod.invokeExplosively(FrameworkMethod.java:41)
	at junitparams.internal.InvokeParameterisedMethod.evaluate(InvokeParameterisedMethod.java:102)
	at org.junit.internal.runners.statements.FailOnTimeout$1.run(FailOnTimeout.java:28)
Caused by: ptolemy.kernel.util.IllegalActionException: Test fails in iteration 1.
Value was: 1.0. Should have been: 2.0
  in .DirectFeedback.Test
	at ptolemy.actor.lib.Test.fire(Test.java:268)
	at ptolemy.domains.de.kernel.DEDirector._fire(DEDirector.java:1949)
	at ptolemy.domains.de.kernel.DEDirector.fire(DEDirector.java:502)
	at ptolemy.actor.CompositeActor.fire(CompositeActor.java:455)
	at ptolemy.actor.Manager.iterate(Manager.java:851)
	at ptolemy.actor.Manager.execute(Manager.java:369)
	at ptolemy.actor.Manager.run(Manager.java:1263)
	at ptolemy.actor.Manager$PtolemyRunThread.run(Manager.java:1933)
java.lang.RuntimeException: Execution failed
	at ptolemy.moml.MoMLSimpleApplication$UnloadThread.run(MoMLSimpleApplication.java:402)
Caused by: ptolemy.kernel.util.IllegalActionException: Found a zero delay loop containing .HierarchicalModel.A
  in .HierarchicalModel and .HierarchicalModel.A
	at ptolemy.actor.util.CausalityInterfaceForComposites._computeOutputPortDepth(CausalityInterfaceForComposites.java:759)
	at ptolemy.actor.util.CausalityInterfaceForComposites._computeInputDepth(CausalityInterfaceForComposites.java:696)
	at ptolemy.actor.util.CausalityInterfaceForComposites._computeOutputPortDepth(CausalityInterfaceForComposites.java:765)
	at ptolemy.actor.util.CausalityInterfaceForComposites._computeInputDepth(CausalityInterfaceForComposites.java:696)
	at ptolemy.actor.util.CausalityInterfaceForComposites._computeOutputPortDepth(CausalityInterfaceForComposites.java:765)
	at ptolemy.actor.util.CausalityInterfaceForComposites._computeInputDepth(CausalityInterfaceForComposites.java:696)
	at ptolemy.actor.util.CausalityInterfaceForComposites._computeActorDepth(CausalityInterfaceForComposites.java:532)
	at ptolemy.actor.util.CausalityInterfaceForComposites.checkForCycles(CausalityInterfaceForComposites.java:96)
	at ptolemy.domains.de.kernel.DEDirector.preinitialize(DEDirector.java:1338)
	at ptolemy.actor.CompositeActor.preinitialize(CompositeActor.java:1828)
	at ptolemy.actor.Manager.preinitializeAndResolveTypes(Manager.java:1040)
	at ptolemy.actor.Manager.initialize(Manager.java:710)
	at ptolemy.actor.Manager.execute(Manager.java:356)
	at ptolemy.actor.Manager.run(Manager.java:1263)
	at ptolemy.actor.Manager$PtolemyRunThread.run(Manager.java:1933)
java.lang.reflect.InvocationTargetException
	at java.base/jdk.internal.reflect.NativeConstructorAccessorImpl.newInstance0(Native Method)
	at java.base/jdk.internal.reflect.NativeConstructorAccessorImpl.newInstance(NativeConstructorAccessorImpl.java:62)
	at java.base/jdk.internal.reflect.DelegatingConstructorAccessorImpl.newInstance(DelegatingConstructorAccessorImpl.java:45)
	at java.base/java.lang.reflect.Constructor.newInstance(Constructor.java:490)
	at ptolemy.util.test.junit.AutoKnownFailedTests.RunModel(AutoKnownFailedTests.java:105)
	at java.base/jdk.internal.reflect.NativeMethodAccessorImpl.invoke0(Native Method)
	at java.base/jdk.internal.reflect.NativeMethodAccessorImpl.invoke(NativeMethodAccessorImpl.java:62)
	at java.base/jdk.internal.reflect.DelegatingMethodAccessorImpl.invoke(DelegatingMethodAccessorImpl.java:43)
	at java.base/java.lang.reflect.Method.invoke(Method.java:566)
	at org.junit.runners.model.FrameworkMethod$1.runReflectiveCall(FrameworkMethod.java:44)
	at org.junit.internal.runners.model.ReflectiveCallable.run(ReflectiveCallable.java:15)
	at org.junit.runners.model.FrameworkMethod.invokeExplosively(FrameworkMethod.java:41)
	at junitparams.internal.InvokeParameterisedMethod.evaluate(InvokeParameterisedMethod.java:102)
	at org.junit.internal.runners.statements.FailOnTimeout$1.run(FailOnTimeout.java:28)
Caused by: ptolemy.kernel.util.IllegalActionException: Found a zero delay loop containing .HierarchicalModel.A
  in .HierarchicalModel and .HierarchicalModel.A
	at ptolemy.actor.util.CausalityInterfaceForComposites._computeOutputPortDepth(CausalityInterfaceForComposites.java:759)
	at ptolemy.actor.util.CausalityInterfaceForComposites._computeInputDepth(CausalityInterfaceForComposites.java:696)
	at ptolemy.actor.util.CausalityInterfaceForComposites._computeOutputPortDepth(CausalityInterfaceForComposites.java:765)
	at ptolemy.actor.util.CausalityInterfaceForComposites._computeInputDepth(CausalityInterfaceForComposites.java:696)
	at ptolemy.actor.util.CausalityInterfaceForComposites._computeOutputPortDepth(CausalityInterfaceForComposites.java:765)
	at ptolemy.actor.util.CausalityInterfaceForComposites._computeInputDepth(CausalityInterfaceForComposites.java:696)
	at ptolemy.actor.util.CausalityInterfaceForComposites._computeActorDepth(CausalityInterfaceForComposites.java:532)
	at ptolemy.actor.util.CausalityInterfaceForComposites.checkForCycles(CausalityInterfaceForComposites.java:96)
	at ptolemy.domains.de.kernel.DEDirector.preinitialize(DEDirector.java:1338)
	at ptolemy.actor.CompositeActor.preinitialize(CompositeActor.java:1828)
	at ptolemy.actor.Manager.preinitializeAndResolveTypes(Manager.java:1040)
	at ptolemy.actor.Manager.initialize(Manager.java:710)
	at ptolemy.actor.Manager.execute(Manager.java:356)
	at ptolemy.actor.Manager.run(Manager.java:1263)
	at ptolemy.actor.Manager$PtolemyRunThread.run(Manager.java:1933)
java.lang.RuntimeException: Execution failed
	at ptolemy.moml.MoMLSimpleApplication$UnloadThread.run(MoMLSimpleApplication.java:402)
Caused by: ptolemy.kernel.util.IllegalActionException: Found a zero delay loop containing .dependencyLoop.original
  in .dependencyLoop and .dependencyLoop.original
	at ptolemy.actor.util.CausalityInterfaceForComposites._computeOutputPortDepth(CausalityInterfaceForComposites.java:759)
	at ptolemy.actor.util.CausalityInterfaceForComposites._computeInputDepth(CausalityInterfaceForComposites.java:696)
	at ptolemy.actor.util.CausalityInterfaceForComposites._computeOutputPortDepth(CausalityInterfaceForComposites.java:765)
	at ptolemy.actor.util.CausalityInterfaceForComposites._computeInputDepth(CausalityInterfaceForComposites.java:696)
	at ptolemy.actor.util.CausalityInterfaceForComposites._computeOutputPortDepth(CausalityInterfaceForComposites.java:765)
	at ptolemy.actor.util.CausalityInterfaceForComposites._computeInputDepth(CausalityInterfaceForComposites.java:696)
	at ptolemy.actor.util.CausalityInterfaceForComposites._computeActorDepth(CausalityInterfaceForComposites.java:532)
	at ptolemy.actor.util.CausalityInterfaceForComposites.checkForCycles(CausalityInterfaceForComposites.java:96)
	at ptolemy.domains.de.kernel.DEDirector.preinitialize(DEDirector.java:1338)
	at ptolemy.actor.CompositeActor.preinitialize(CompositeActor.java:1828)
	at ptolemy.actor.Manager.preinitializeAndResolveTypes(Manager.java:1040)
	at ptolemy.actor.Manager.initialize(Manager.java:710)
	at ptolemy.actor.Manager.execute(Manager.java:356)
	at ptolemy.actor.Manager.run(Manager.java:1263)
	at ptolemy.actor.Manager$PtolemyRunThread.run(Manager.java:1933)
java.lang.reflect.InvocationTargetException
	at java.base/jdk.internal.reflect.NativeConstructorAccessorImpl.newInstance0(Native Method)
	at java.base/jdk.internal.reflect.NativeConstructorAccessorImpl.newInstance(NativeConstructorAccessorImpl.java:62)
	at java.base/jdk.internal.reflect.DelegatingConstructorAccessorImpl.newInstance(DelegatingConstructorAccessorImpl.java:45)
	at java.base/java.lang.reflect.Constructor.newInstance(Constructor.java:490)
	at ptolemy.util.test.junit.AutoKnownFailedTests.RunModel(AutoKnownFailedTests.java:105)
	at java.base/jdk.internal.reflect.NativeMethodAccessorImpl.invoke0(Native Method)
	at java.base/jdk.internal.reflect.NativeMethodAccessorImpl.invoke(NativeMethodAccessorImpl.java:62)
	at java.base/jdk.internal.reflect.DelegatingMethodAccessorImpl.invoke(DelegatingMethodAccessorImpl.java:43)
	at java.base/java.lang.reflect.Method.invoke(Method.java:566)
	at org.junit.runners.model.FrameworkMethod$1.runReflectiveCall(FrameworkMethod.java:44)
	at org.junit.internal.runners.model.ReflectiveCallable.run(ReflectiveCallable.java:15)
	at org.junit.runners.model.FrameworkMethod.invokeExplosively(FrameworkMethod.java:41)
	at junitparams.internal.InvokeParameterisedMethod.evaluate(InvokeParameterisedMethod.java:102)
	at org.junit.internal.runners.statements.FailOnTimeout$1.run(FailOnTimeout.java:28)
Caused by: ptolemy.kernel.util.IllegalActionException: Found a zero delay loop containing .dependencyLoop.original
  in .dependencyLoop and .dependencyLoop.original
	at ptolemy.actor.util.CausalityInterfaceForComposites._computeOutputPortDepth(CausalityInterfaceForComposites.java:759)
	at ptolemy.actor.util.CausalityInterfaceForComposites._computeInputDepth(CausalityInterfaceForComposites.java:696)
	at ptolemy.actor.util.CausalityInterfaceForComposites._computeOutputPortDepth(CausalityInterfaceForComposites.java:765)
	at ptolemy.actor.util.CausalityInterfaceForComposites._computeInputDepth(CausalityInterfaceForComposites.java:696)
	at ptolemy.actor.util.CausalityInterfaceForComposites._computeOutputPortDepth(CausalityInterfaceForComposites.java:765)
	at ptolemy.actor.util.CausalityInterfaceForComposites._computeInputDepth(CausalityInterfaceForComposites.java:696)
	at ptolemy.actor.util.CausalityInterfaceForComposites._computeActorDepth(CausalityInterfaceForComposites.java:532)
	at ptolemy.actor.util.CausalityInterfaceForComposites.checkForCycles(CausalityInterfaceForComposites.java:96)
	at ptolemy.domains.de.kernel.DEDirector.preinitialize(DEDirector.java:1338)
	at ptolemy.actor.CompositeActor.preinitialize(CompositeActor.java:1828)
	at ptolemy.actor.Manager.preinitializeAndResolveTypes(Manager.java:1040)
	at ptolemy.actor.Manager.initialize(Manager.java:710)
	at ptolemy.actor.Manager.execute(Manager.java:356)
	at ptolemy.actor.Manager.run(Manager.java:1263)
	at ptolemy.actor.Manager$PtolemyRunThread.run(Manager.java:1933)
java.lang.RuntimeException: Execution failed
	at ptolemy.moml.MoMLSimpleApplication$UnloadThread.run(MoMLSimpleApplication.java:402)
Caused by: ptolemy.kernel.util.IllegalActionException: Found a zero delay loop containing .dependencyLoop2.original
  in .dependencyLoop2 and .dependencyLoop2.original
	at ptolemy.actor.util.CausalityInterfaceForComposites._computeOutputPortDepth(CausalityInterfaceForComposites.java:759)
	at ptolemy.actor.util.CausalityInterfaceForComposites._computeInputDepth(CausalityInterfaceForComposites.java:696)
	at ptolemy.actor.util.CausalityInterfaceForComposites._computeOutputPortDepth(CausalityInterfaceForComposites.java:765)
	at ptolemy.actor.util.CausalityInterfaceForComposites._computeInputDepth(CausalityInterfaceForComposites.java:696)
	at ptolemy.actor.util.CausalityInterfaceForComposites._computeOutputPortDepth(CausalityInterfaceForComposites.java:765)
	at ptolemy.actor.util.CausalityInterfaceForComposites._computeInputDepth(CausalityInterfaceForComposites.java:696)
	at ptolemy.actor.util.CausalityInterfaceForComposites._computeActorDepth(CausalityInterfaceForComposites.java:532)
	at ptolemy.actor.util.CausalityInterfaceForComposites.checkForCycles(CausalityInterfaceForComposites.java:96)
	at ptolemy.domains.de.kernel.DEDirector.preinitialize(DEDirector.java:1338)
	at ptolemy.actor.CompositeActor.preinitialize(CompositeActor.java:1828)
	at ptolemy.actor.Manager.preinitializeAndResolveTypes(Manager.java:1040)
	at ptolemy.actor.Manager.initialize(Manager.java:710)
	at ptolemy.actor.Manager.execute(Manager.java:356)
	at ptolemy.actor.Manager.run(Manager.java:1263)
	at ptolemy.actor.Manager$PtolemyRunThread.run(Manager.java:1933)
java.lang.reflect.InvocationTargetException
	at java.base/jdk.internal.reflect.NativeConstructorAccessorImpl.newInstance0(Native Method)
	at java.base/jdk.internal.reflect.NativeConstructorAccessorImpl.newInstance(NativeConstructorAccessorImpl.java:62)
	at java.base/jdk.internal.reflect.DelegatingConstructorAccessorImpl.newInstance(DelegatingConstructorAccessorImpl.java:45)
	at java.base/java.lang.reflect.Constructor.newInstance(Constructor.java:490)
	at ptolemy.util.test.junit.AutoKnownFailedTests.RunModel(AutoKnownFailedTests.java:105)
	at java.base/jdk.internal.reflect.NativeMethodAccessorImpl.invoke0(Native Method)
	at java.base/jdk.internal.reflect.NativeMethodAccessorImpl.invoke(NativeMethodAccessorImpl.java:62)
	at java.base/jdk.internal.reflect.DelegatingMethodAccessorImpl.invoke(DelegatingMethodAccessorImpl.java:43)
	at java.base/java.lang.reflect.Method.invoke(Method.java:566)
	at org.junit.runners.model.FrameworkMethod$1.runReflectiveCall(FrameworkMethod.java:44)
	at org.junit.internal.runners.model.ReflectiveCallable.run(ReflectiveCallable.java:15)
	at org.junit.runners.model.FrameworkMethod.invokeExplosively(FrameworkMethod.java:41)
	at junitparams.internal.InvokeParameterisedMethod.evaluate(InvokeParameterisedMethod.java:102)
	at org.junit.internal.runners.statements.FailOnTimeout$1.run(FailOnTimeout.java:28)
Caused by: ptolemy.kernel.util.IllegalActionException: Found a zero delay loop containing .dependencyLoop2.original
  in .dependencyLoop2 and .dependencyLoop2.original
	at ptolemy.actor.util.CausalityInterfaceForComposites._computeOutputPortDepth(CausalityInterfaceForComposites.java:759)
	at ptolemy.actor.util.CausalityInterfaceForComposites._computeInputDepth(CausalityInterfaceForComposites.java:696)
	at ptolemy.actor.util.CausalityInterfaceForComposites._computeOutputPortDepth(CausalityInterfaceForComposites.java:765)
	at ptolemy.actor.util.CausalityInterfaceForComposites._computeInputDepth(CausalityInterfaceForComposites.java:696)
	at ptolemy.actor.util.CausalityInterfaceForComposites._computeOutputPortDepth(CausalityInterfaceForComposites.java:765)
	at ptolemy.actor.util.CausalityInterfaceForComposites._computeInputDepth(CausalityInterfaceForComposites.java:696)
	at ptolemy.actor.util.CausalityInterfaceForComposites._computeActorDepth(CausalityInterfaceForComposites.java:532)
	at ptolemy.actor.util.CausalityInterfaceForComposites.checkForCycles(CausalityInterfaceForComposites.java:96)
	at ptolemy.domains.de.kernel.DEDirector.preinitialize(DEDirector.java:1338)
	at ptolemy.actor.CompositeActor.preinitialize(CompositeActor.java:1828)
	at ptolemy.actor.Manager.preinitializeAndResolveTypes(Manager.java:1040)
	at ptolemy.actor.Manager.initialize(Manager.java:710)
	at ptolemy.actor.Manager.execute(Manager.java:356)
	at ptolemy.actor.Manager.run(Manager.java:1263)
	at ptolemy.actor.Manager$PtolemyRunThread.run(Manager.java:1933)
]]></system-err>
</testsuite>
