<?xml version="1.0" encoding="UTF-8" ?>
<testsuite errors="0" failures="0" hostname="travis-job-ff9c03a4-4ae4-4b2e-9dcc-1b1544c86e92" name="ptolemy.actor.lib.test.junit.JUnitTclTest" skipped="0" tests="517" time="59.894" timestamp="2020-11-01T15:57:55">
  <properties>
    <property name="npm.executable" value="npm" />
    <property name="env.TRAVIS_ROOT" value="/" />
    <property name="ptII.mk.exists" value="true" />
    <property name="env.TRAVIS_APP_HOST" value="build.travis-ci.com" />
    <property name="env.rvm_bin_path" value="/home/travis/.rvm/bin" />
    <property name="java.home" value="/usr/local/lib/jvm/openjdk11" />
    <property name="env.TRAVIS_JOB_NUMBER" value="1817.8" />
    <property name="env.TRAVIS_HOME" value="/home/travis" />
    <property name="env.DISPLAY" value=":99.0" />
    <property name="env.TRAVIS_INIT" value="systemd" />
    <property name="env.SSH_TTY" value="/dev/pts/0" />
    <property name="java.net.preferIPv4Stack" value="true" />
    <property name="env.RUN_TESTS" value="true" />
    <property name="timeout.short" value="1000000" />
    <property name="junit.formatter" value="xml" />
    <property name="env.TRAVIS_SUDO" value="true" />
    <property name="env.TRAVIS_JOB_NAME" value="" />
    <property name="env.TRAVIS_STACK_NODE_ATTRIBUTES" value="/.node-attributes.yml" />
    <property name="env.LOGNAME" value="travis" />
    <property name="env.PT_TRAVIS_TEST_CORE1_XML" value="true" />
    <property name="jsdoc.home" value="node_modules/@terraswarm/jsdoc" />
    <property name="debuglevel" value="source,lines,vars" />
    <property name="checkstyle.formatter" value="xml" />
    <property name="bin.vergil.makeable" value="true" />
    <property name="sun.os.patch.level" value="unknown" />
    <property name="java.vendor.url" value="http://java.oracle.com/" />
    <property name="env.TRAVIS_BUILD_WEB_URL" value="https://travis-ci.com/icyphy/ptII/builds/197020626" />
    <property name="java.version" value="11.0.2" />
    <property name="env.TZ" value="UTC" />
    <property name="env.TRAVIS_PULL_REQUEST_SHA" value="" />
    <property name="env.PT_NO_NET" value="true" />
    <property name="env.TRAVIS_SECURE_ENV_VARS" value="true" />
    <property name="java.vendor.url.bug" value="http://bugreport.java.com/bugreport/" />
    <property name="npmjs-org-is-up" value="true" />
    <property name="env.LANGUAGE" value="en_US.UTF-8" />
    <property name="env.SSH_CLIENT" value="10.16.1.11 34132 22" />
    <property name="env.GEM_HOME" value="/home/travis/.rvm/gems/ruby-2.5.3" />
    <property name="env.HAS_ANTARES_THREE_LITTLE_FRONZIES_BADGE" value="true" />
    <property name="java.version.date" value="2019-01-15" />
    <property name="env.PS4" value="+" />
    <property name="ant.project.invoked-targets" value="build,test.core1.xml" />
    <property name="env.TRAVIS_PULL_REQUEST_BRANCH" value="" />
    <property name="env.TRAVIS_REPO_SLUG" value="icyphy/ptII" />
    <property name="env.XDG_DATA_DIRS" value="/usr/local/share:/usr/share:/var/lib/snapd/desktop" />
    <property name="jdk.debug" value="release" />
    <property name="env.TRAVIS_APT_PROXY" value="http://build-cache.travisci.net" />
    <property name="env.TRAVIS_CPU_ARCH" value="amd64" />
    <property name="node.in.path" value="true" />
    <property name="user.name" value="travis" />
    <property name="java.maxmemory" value="1400m" />
    <property name="env.RUBY_VERSION" value="ruby-2.5.3" />
    <property name="env.LANG" value="en_US.UTF-8" />
    <property name="sun.io.unicode.encoding" value="UnicodeLittle" />
    <property name="sun.jnu.encoding" value="UTF-8" />
    <property name="java.runtime.name" value="OpenJDK Runtime Environment" />
    <property name="usefile" value="false" />
    <property name="return.code" value="0" />
    <property name="junit.single.formatter" value="plain" />
    <property name="env.DYLD_LIBRARY_PATH" value="/home/travis/pthla/certi-tools/lib:" />
    <property name="env.DEBIAN_FRONTEND" value="noninteractive" />
    <property name="env.SSH_CONNECTION" value="10.16.1.11 34132 10.30.0.50 22" />
    <property name="env.MYSQL_UNIX_PORT" value="/var/run/mysqld/mysqld.sock" />
    <property name="env.LC_ALL" value="en_US.UTF-8" />
    <property name="env.TRAVIS_ALLOW_FAILURE" value="" />
    <property name="env.TRAVIS_JOB_WEB_URL" value="https://travis-ci.com/icyphy/ptII/jobs/423542849" />
    <property name="java.specification.name" value="Java Platform API Specification" />
    <property name="node.works" value="true" />
    <property name="user.timezone" value="" />
    <property name="path.separator" value=":" />
    <property name="env.TRAVIS_ENABLE_INFRA_DETECTION" value="true" />
    <property name="env.PYTHON_CFLAGS" value="-g -fstack-protector --param=ssp-buffer-size=4 -Wformat -Werror=format-security" />
    <property name="timeout.long" value="4000000" />
    <property name="env.CERTI_HOME" value="/home/travis/pthla/certi-tools" />
    <property name="ant.file.ptII" value="/home/travis/build/icyphy/ptII/build.xml" />
    <property name="javadoc.packagenames" value="com.*,diva.*,lbnl.*,org.hlacerti.*,org.json.*,org.ptolemy.*,org.terraswarm.*,ptolemy.*,ptserver.*" />
    <property name="file.encoding" value="UTF-8" />
    <property name="env.TRAVIS_PULL_REQUEST_SLUG" value="" />
    <property name="ant.project.default-target" value="build" />
    <property name="env.GIT_ASKPASS" value="echo" />
    <property name="env.HOME" value="/home/travis" />
    <property name="sun.java.command" value="org.apache.tools.ant.taskdefs.optional.junit.JUnitTestRunner ptolemy.actor.lib.test.junit.JUnitTclTest skipNonTests=false filtertrace=true haltOnError=false haltOnFailure=false formatter=org.apache.tools.ant.taskdefs.optional.junit.OutErrSummaryJUnitResultFormatter showoutput=true outputtoformatters=true logfailedtests=true threadid=0 logtestlistenerevents=false formatter=org.apache.tools.ant.taskdefs.optional.junit.XMLJUnitResultFormatter,/home/travis/build/icyphy/ptII/reports/junit/TEST-ptolemy.actor.lib.test.junit.JUnitTclTest.xml crashfile=/home/travis/build/icyphy/ptII/junitvmwatcher12994127361535861404.properties propsfile=/home/travis/build/icyphy/ptII/junit17513236755885346063.properties" />
    <property name="env.COMPOSER_NO_INTERACTION" value="1" />
    <property name="env.MANPATH" value="/home/travis/.nvm/versions/node/v7.10.1/share/man:/home/travis/.rvm/rubies/ruby-2.5.3/share/man:/usr/local/cmake-3.12.4/man:/usr/local/clang-7.0.0/share/man:/usr/local/man:/usr/local/share/man:/usr/share/man:/home/travis/.rvm/man" />
    <property name="env.TRAVIS_TIMER_ID" value="0109ba5c" />
    <property name="ant.file" value="/home/travis/build/icyphy/ptII/build.xml" />
    <property name="env.TRAVIS_COMMIT_RANGE" value="74248200255084cca0f8d02e5ad09f36c0965423...8f4ad28aa53cc81362f26fdbf8d406fb619899a6" />
    <property name="ptII.classpath.optional.property" value="/home/travis/build/icyphy/ptII/lib/bsh-2.0b4.jar:/home/travis/build/icyphy/ptII/lib/ptCal.jar:/home/travis/build/icyphy/ptII/lib/java_cup.jar:/home/travis/build/icyphy/ptII/lib/saxon8.jar:/home/travis/build/icyphy/ptII/lib/saxon8-dom.jar:/home/travis/build/icyphy/ptII/lib/chic.jar:/home/travis/build/icyphy/ptII/lib/ptcolt.jar:/home/travis/build/icyphy/ptII/vendors/misc/itext/iText.jar:/home/travis/build/icyphy/ptII/lib/g4ltl.jar:/home/travis/build/icyphy/ptII/lib/StructuralCoder.jar:/home/travis/build/icyphy/ptII/lib/jcerti.jar:/home/travis/build/icyphy/ptII/lib/javax.mail.jar:/home/travis/build/icyphy/ptII/vendors/JMF-2.1.1e/lib/jmf.jar:/home/travis/build/icyphy/ptII/lib/jna-4.0.0-variadic.jar:/home/travis/build/icyphy/ptII/vendors/misc/joystick/Joystick.jar:/home/travis/build/icyphy/ptII/lib/ptjacl.jar:/home/travis/build/icyphy/ptII/lib/jsoup-1.8.2.jar:/home/travis/build/icyphy/ptII/lib/junit-4.8.2.jar:/home/travis/build/icyphy/ptII/lib/JUnitParams-0.4.0.jar:/home/travis/build/icyphy/ptII/ptolemy/actor/lib/excel/jxl.jar:/home/travis/build/icyphy/ptII/lib/jython.jar:/home/travis/build/icyphy/ptII/lib/kieler.jar:/home/travis/build/icyphy/ptII/vendors/opencv/share/OpenCV/java/opencv-341.jar:/home/travis/build/icyphy/ptII/lib/oscP5.jar:/home/travis/build/icyphy/ptII/lib/nrjavaserial-3.11.0.devel.jar:/home/travis/build/icyphy/ptII/vendors/j3d/lib/Linux/j3dcore.jar:/home/travis/build/icyphy/ptII/vendors/j3d/lib/Linux/j3dutils.jar:/home/travis/build/icyphy/ptII/vendors/j3d/lib/Linux/vecmath.jar:/home/travis/build/icyphy/ptII/vendors/jogl/lib/Linux/gluegen-rt-natives-linux-amd64.jar:/home/travis/build/icyphy/ptII/vendors/jogl/lib/Linux/gluegen-rt.jar:/home/travis/build/icyphy/ptII/vendors/jogl/lib/Linux/jogl-all-natives-linux-amd64.jar:/home/travis/build/icyphy/ptII/vendors/jogl/lib/Linux/jogl-all.jar:/home/travis/build/icyphy/ptII/ptolemy/distributed/jini/jar/jini-core.jar:/home/travis/build/icyphy/ptII/ptolemy/distributed/jini/jar/jini-ext.jar:/home/travis/build/icyphy/ptII/ptolemy/distributed/jini/jar/sun-util.jar:/home/travis/build/icyphy/ptII/lib/protobuf-java-2.4.1.jar:/home/travis/build/icyphy/ptII/lib/org.eclipse.paho.client.mqttv3.jar:/home/travis/build/icyphy/ptII/lib/mapss.jar:/home/travis/build/icyphy/ptII/ptolemy/actor/ptalon/antlr/antlr.jar:/home/travis/build/icyphy/ptII/lib/JRI.jar:/home/travis/build/icyphy/ptII/lib/commons-lang-2.6.jar:/home/travis/build/icyphy/ptII/lib/commons-logging-1.1.1.jar:/home/travis/build/icyphy/ptII/lib/sootclasses.jar:/home/travis/build/icyphy/ptII/ptolemy/actor/lib/database/mysql-connector-java-5.1.6-bin.jar:/home/travis/build/icyphy/ptII/vendors/misc/sphinx4/sphinx4-data-5prealpha.jar:/home/travis/build/icyphy/ptII/vendors/misc/sphinx4/sphinx4-core-5prealpha.jar:/home/travis/build/icyphy/ptII/lib/PDFRenderer.jar:/home/travis/build/icyphy/ptII/lib/svgSalamander.jar:/home/travis/build/icyphy/ptII/lib/rsyntaxtextarea-2.6.0-SNAPSHOT.jar:/home/travis/build/icyphy/ptII/lib/hazelcast-3.8.2.jar:/home/travis/build/icyphy/ptII/lib/jackson-annotations-2.9.0.jar:/home/travis/build/icyphy/ptII/lib/jackson-core-2.9.3.jar:/home/travis/build/icyphy/ptII/lib/jackson-databind-2.9.3.jar:/home/travis/build/icyphy/ptII/lib/netty-buffer-4.1.19.Final.jar:/home/travis/build/icyphy/ptII/lib/netty-codec-4.1.19.Final.jar:/home/travis/build/icyphy/ptII/lib/netty-codec-dns-4.1.19.Final.jar:/home/travis/build/icyphy/ptII/lib/netty-codec-http-4.1.19.Final.jar:/home/travis/build/icyphy/ptII/lib/netty-codec-http2-4.1.19.Final.jar:/home/travis/build/icyphy/ptII/lib/netty-common-4.1.19.Final.jar:/home/travis/build/icyphy/ptII/lib/netty-handler-4.1.19.Final.jar:/home/travis/build/icyphy/ptII/lib/netty-resolver-4.1.19.Final.jar:/home/travis/build/icyphy/ptII/lib/netty-resolver-dns-4.1.19.Final.jar:/home/travis/build/icyphy/ptII/lib/netty-transport-4.1.19.Final.jar:/home/travis/build/icyphy/ptII/lib/vertx-codegen-3.5.1.jar:/home/travis/build/icyphy/ptII/lib/vertx-core-3.5.2-SNAPSHOT.jar:/home/travis/build/icyphy/ptII/lib/vertx-hazelcast-3.5.1.jar:/home/travis/build/icyphy/ptII/lib/vertx-lang-js-3.5.1.jar:/home/travis/build/icyphy/ptII/lib/vertx-service-proxy-3.5.1.jar:/home/travis/build/icyphy/ptII/lib/vertx-web-3.5.1.jar:/home/travis/build/icyphy/ptII/lib/slf4j-api-1.7.13.jar:/home/travis/build/icyphy/ptII/lib/slf4j-simple-1.7.13.jar:/home/travis/build/icyphy/ptII/lib/webcam-capture-0.3.12.jar:/home/travis/build/icyphy/ptII/lib/bridj-0.7.0.jar:/home/travis/build/icyphy/ptII/lib/xbjlib-1.1.0.nrjavaserial.jar" />
    <property name="timeout" value="2400000" />
    <property name="test.batch" value="**/junit/*.java" />
    <property name="env._" value="/usr/bin/timeout" />
    <property name="java.io.tmpdir" value="/tmp" />
    <property name="user.language" value="en" />
    <property name="env.TRAVIS_INTERNAL_RUBY_REGEX" value="^ruby-(2\.[0-4]\.[0-9]|1\.9\.3)" />
    <property name="env.HISTCONTROL" value="ignoredups:ignorespace" />
    <property name="env.GOROOT" value="/home/travis/.gimme/versions/go1.11.1.linux.amd64" />
    <property name="line.separator" value="&#xa;" />
    <property name="target" value="11" />
    <property name="env.TRAVIS_BUILD_DIR" value="/home/travis/build/icyphy/ptII" />
    <property name="env.ANT_OPTS" value="-Xmx2048m" />
    <property name="ant.file.type" value="file" />
    <property name="ptolemy.ptII.batchMode" value="true" />
    <property name="env.HISTSIZE" value="1000" />
    <property name="env.MERB_ENV" value="test" />
    <property name="java.vm.info" value="mixed mode" />
    <property name="source" value="11" />
    <property name="java.vm.specification.name" value="Java Virtual Machine Specification" />
    <property name="env.TRAVIS_TEST_RESULT" value="0" />
    <property name="jsdoc.command" value="node_modules/@terraswarm/jsdoc/jsdoc.js" />
    <property name="npm.works" value="true" />
    <property name="cobertura.dir" value="/home/travis/build/icyphy/ptII/vendors/cobertura-2.0.3" />
    <property name="jsdoc.command.exists" value="true" />
    <property name="env.rvm_path" value="/home/travis/.rvm" />
    <property name="env.GEM_PATH" value="/home/travis/.rvm/gems/ruby-2.5.3:/home/travis/.rvm/gems/ruby-2.5.3@global" />
    <property name="env.LC_CTYPE" value="en_US.UTF-8" />
    <property name="env.TRAVIS_CMD" value="$PTII/bin/ptIITravisBuild.sh $SECONDS" />
    <property name="java.awt.printerjob" value="sun.print.PSPrinterJob" />
    <property name="env.TRAVIS_STACK_NAME" value="sardonyx" />
    <property name="env.TRAVIS_TIMER_START_TIME" value="1604245680053292404" />
    <property name="ant.version" value="Apache Ant(TM) version 1.10.1 compiled on February 2 2017" />
    <property name="ptII.reports" value="/home/travis/build/icyphy/ptII/reports" />
    <property name="env.TRAVIS_STACK_TIMESTAMP" value="2020-06-24 13:13:18 UTC" />
    <property name="ant.file.type.ptII" value="file" />
    <property name="env.RBENV_SHELL" value="bash" />
    <property name="os.name" value="Linux" />
    <property name="java.specification.vendor" value="Oracle Corporation" />
    <property name="env.rvm_version" value="1.29.10 (latest)" />
    <property name="env.TRAVIS_INFRA" value="unknown" />
    <property name="env.TERM" value="xterm" />
    <property name="java.vm.name" value="OpenJDK 64-Bit Server VM" />
    <property name="env.TRAVIS_BUILD_NUMBER" value="1817" />
    <property name="env.CI" value="true" />
    <property name="java.library.path" value="/home/travis/pthla/certi-tools/lib:/usr/lib/jni:/usr/local/share/OpenCV/java/:/usr/share/OpenCV/java::/usr/java/packages/lib:/usr/lib64:/lib64:/lib:/usr/lib" />
    <property name="jdk.module.path" value="/home/travis/build/icyphy/ptII/vendors/javafx/javafx-sdk-11.0.2/lib:" />
    <property name="env.rvm_prefix" value="/home/travis" />
    <property name="env.PATH" value="/home/travis/pthla/certi-tools/share/scripts:/home/travis/.rvm/gems/ruby-2.5.3/bin:/home/travis/.rvm/gems/ruby-2.5.3@global/bin:/home/travis/.rvm/rubies/ruby-2.5.3/bin:/home/travis/.rvm/bin:/home/travis/.nvm/versions/node/v7.10.1/bin:./node_modules/.bin:/home/travis/build/icyphy/ptII/bin:/home/travis/pthla/certi-tools/bin:/home/travis/bin:/home/travis/.local/bin:/usr/local/lib/jvm/openjdk11/bin:/opt/pyenv/shims:/home/travis/.phpenv/shims:/home/travis/perl5/perlbrew/bin:/home/travis/gopath/bin:/home/travis/.gimme/versions/go1.11.1.linux.amd64/bin:/usr/local/maven-3.6.3/bin:/usr/local/cmake-3.12.4/bin:/usr/local/clang-7.0.0/bin:/usr/local/sbin:/usr/local/bin:/usr/sbin:/usr/bin:/sbin:/bin:/snap/bin:/home/travis/.phpenv/bin:/opt/pyenv/bin:/home/travis/.yarn/bin" />
    <property name="env.TRAVIS_OS_NAME" value="linux" />
    <property name="ant.java.version" value="9" />
    <property name="basedir" value="/home/travis/build/icyphy/ptII" />
    <property name="java.class.version" value="55.0" />
    <property name="env.SHLVL" value="3" />
    <property name="env.LD_LIBRARY_PATH" value="/home/travis/pthla/certi-tools/lib:/usr/lib/jni:/usr/local/share/OpenCV/java/:/usr/share/OpenCV/java:" />
    <property name="env.RACK_ENV" value="test" />
    <property name="ant.home" value="/home/travis/build/icyphy/ptII/ant" />
    <property name="env.NVM_DIR" value="/home/travis/.nvm" />
    <property name="env.CERTI_FOM_PATH" value="/home/travis/pthla/certi-tools/share/federations" />
    <property name="env.TRAVIS_BUILD_ID" value="197020626" />
    <property name="env.PYENV_ROOT" value="/opt/pyenv" />
    <property name="env.TRAVIS_UID" value="2000" />
    <property name="prism.verbose" value="true" />
    <property name="env.NVM_BIN" value="/home/travis/.nvm/versions/node/v7.10.1/bin" />
    <property name="env.TRAVIS_COMMIT" value="8f4ad28aa53cc81362f26fdbf8d406fb619899a6" />
    <property name="node.executable" value="node" />
    <property name="sun.boot.library.path" value="/usr/local/lib/jvm/openjdk11/lib" />
    <property name="sun.management.compiler" value="HotSpot 64-Bit Tiered Compilers" />
    <property name="java.awt.graphicsenv" value="sun.awt.X11GraphicsEnvironment" />
    <property name="env.GOPATH" value="/home/travis/gopath" />
    <property name="ptolemy.ptII.dir" value="/home/travis/build/icyphy/ptII" />
    <property name="env.USER" value="travis" />
    <property name="env.HISTFILESIZE" value="2000" />
    <property name="env.NVM_INC" value="/home/travis/.nvm/versions/node/v7.10.1/include/node" />
    <property name="timeout.longest" value="19000000" />
    <property name="env.PERLBREW_SHELLRC_VERSION" value="0.88" />
    <property name="env.TRAVIS_STACK_FEATURES" value="basic couchdb disabled-ipv6 docker docker-compose elasticsearch firefox go-toolchain google-chrome jdk memcached mongodb mysql nodejs_interpreter perl_interpreter perlbrew phantomjs postgresql python_interpreter redis ruby_interpreter sqlite xserver" />
    <property name="env.TRAVIS_PULL_REQUEST" value="false" />
    <property name="env.PYENV_SHELL" value="bash" />
    <property name="ant.project.name" value="ptII" />
    <property name="env.ANSI_RESET" value="\033[0m" />
    <property name="java.vm.specification.version" value="11" />
    <property name="env.TRAVIS_DIST" value="xenial" />
    <property name="env.CERTI_VERSION" value="4.0.0" />
    <property name="env.CERTI_HOST" value="localhost" />
    <property name="awt.toolkit" value="sun.awt.X11.XToolkit" />
    <property name="env.MY_RUBY_HOME" value="/home/travis/.rvm/rubies/ruby-2.5.3" />
    <property name="sun.cpu.isalist" value="" />
    <property name="env.TRAVIS_TMPDIR" value="/tmp/tmp.JknXSD7Ffx" />
    <property name="java.vm.compressedOopsMode" value="Zero based" />
    <property name="os.version" value="4.15.0-1077-gcp" />
    <property name="user.home" value="/home/travis" />
    <property name="java.vm.vendor" value="Oracle Corporation" />
    <property name="env.TRAVIS_TAG" value="nightly" />
    <property name="env.ANSI_YELLOW" value="\033[33;1m" />
    <property name="env.TRAVIS_FILTERED" value="redirect_io" />
    <property name="env.ANSI_GREEN" value="\033[32;1m" />
    <property name="env.JAVA_HOME" value="/usr/local/lib/jvm/openjdk11" />
    <property name="javadoc.excludepackagenames" value="adm.cvs2svn.*,build.*,config.*,doc.coding.templates.*,jni.test.jni.meaningOfLife.*,jni.test.jni.testDeux.*,jni.test.jni.testTrois.*,org.terraswarm.accessor.accessors.web.node_modules.*,org.terraswarm.accessor.accessors.web.hosts.cordova.demo.*,org.terraswarm.accessor.accessors.web.hosts.cordova.plugins.*,org.terraswarm.accessor.accessors-svn.*,pt-modules.*,ptolemy.apps.agilent.*,ptolemy.apps.anytimecontrol.*,ptolemy.apps.apes.*,ptolemy.apps.charon.*,ptolemy.apps.crazyboard.*,ptolemy.apps.eclipse.*,ptolemy.apps.etherealSting.*,ptolemy.apps.fullscreen.*,ptolemy.apps.giotto.*,ptolemy.apps.ia.*,ptolemy.apps.interfaces.*,ptolemy.apps.jmf.*,ptolemy.apps.kurt.*,ptolemy.apps.kvm.*,ptolemy.apps.lego.*,ptolemy.apps.lejos.*,ptolemy.apps.midp.*,ptolemy.apps.mobileCoding.*,ptolemy.apps.pendulum.*,ptolemy.apps.rijndael.*,ptolemy.apps.robot.*,ptolemy.apps.security.*,ptolemy.apps.sobel.*,ptolemy.apps.soot.*,ptolemy.apps.throttle.*,ptolemy.apps.tini.*,ptolemy.apps.transmission.*,ptolemy.apps.vergil.*,ptolemy.apps.waba.*,ptolemy.apps.websensor.*,ptolemy.apps.webstart.*,ptolemy.apps.xsl.*,ptolemy.apps.zaurus.*,ptolemy.codegen.c.actor.lib.oldJavaFiles.*,ptolemy.codegen.dsp.lib.*,ptolemy.codegen.kernel.newInterfaces.*,ptolemy.codegen.lib.*,ptolemy.copernicus.kernel.fragment.*,ptolemy.copernicus.shallow.cg.*,ptolemy.domains.giotto.demo.Hierarchy.Hierarchy.*,ptolemy.domains.giotto.demo.Multimode.Multimode.*,ptolemy.domains.giotto.demo.Simple.Simple.*,ptolemy.domains.gr.lib.experimental.*,ptolemy.domains.gro.*,ptolemy.domains.pdf.*,ptolemy.domains.ptinyos.demo.Surge.output.*,ptolemy.moml.test.NoPackageActor.java*,ptolemy.plot.adm.*,ptolemy.plot.servlet.*,reports.*,signed.*,src.*,target.*,vendors.*,ptolemy.copernicus.applet.*,ptolemy.media.viewer.*,ptolemy.actor.corba.*,doc.doclets.*,ptolemy.apps.eclipse.awt.*,ptolemy.backtrack.*,ptolemy.backtrack.ast.*,ptolemy.cg.adapter.generic.program.procedural.c.mbed*,ptolemy.homer.*,ptolemy.actor.lib.jai.*,org.ptolemy.scala.*,diva.util.java2d.svg.*,ptolemy.domains.ptinyos.*,ptolemy.actor.lib.fmi.fmipp.*,,org.terraswarm.accessor.accessors.web.node_modules.*,org.terraswarm.accessor.accessors-svn,ptolemy.apps.*,ptolemy.actor.ptalon.demo.ptinyos.SendAndReceiveCnt.output,ptolemy.actor.ptalon.demo.ptinyos.SenseToLeds.output,ptolemy.domains.ptinyos.demo.CntToLedsAndRfm.output,ptolemy.domains.ptinyos.demo.RfmToLeds.output,ptolemy.domains.ptinyos.demo.SendAndReceiveCnt.output,ptolemy.domains.ptinyos.demo.SenseToLeds.output,ptolemy.actor.lib.jjs.modules.udpSocket.*" />
    <property name="env.PTII" value="/home/travis/build/icyphy/ptII" />
    <property name="env.XDG_SESSION_ID" value="2" />
    <property name="keystore" value="ptKeystore" />
    <property name="env.TRAVIS_COMMIT_MESSAGE" value="Fixing federation name in some FED files and data types in some FDD files." />
    <property name="junit.output.dir" value="/home/travis/build/icyphy/ptII/reports/junit" />
    <property name="npm.return.code" value="0" />
    <property name="user.dir" value="/home/travis/build/icyphy/ptII/ptolemy/actor/lib/test" />
    <property name="env.TRAVIS_NODE_VERSION" value="7" />
    <property name="env.TRAVIS_EVENT_TYPE" value="cron" />
    <property name="env.MAIL" value="/var/mail/travis" />
    <property name="env.PERLBREW_ROOT" value="/home/travis/perl5/perlbrew" />
    <property name="env.PWD" value="/home/travis/build/icyphy/ptII" />
    <property name="timeout.npm" value="45000" />
    <property name="env.TRAVIS_ARCH" value="amd64" />
    <property name="sun.cpu.endian" value="little" />
    <property name="env.PAGER" value="cat" />
    <property name="env.TRAVIS_BUILD_STAGE_NAME" value="test" />
    <property name="env.PERLBREW_HOME" value="/home/travis/.perlbrew" />
    <property name="java.vm.version" value="11.0.2+9" />
    <property name="env.RAILS_ENV" value="test" />
    <property name="java.class.path" value="/home/travis/.ptolemyII:/home/travis/.ptolemyII/*:/home/travis/build/icyphy/ptII:/home/travis/build/icyphy/ptII/lib/bsh-2.0b4.jar:/home/travis/build/icyphy/ptII/lib/ptCal.jar:/home/travis/build/icyphy/ptII/lib/java_cup.jar:/home/travis/build/icyphy/ptII/lib/saxon8.jar:/home/travis/build/icyphy/ptII/lib/saxon8-dom.jar:/home/travis/build/icyphy/ptII/lib/chic.jar:/home/travis/build/icyphy/ptII/lib/ptcolt.jar:/home/travis/build/icyphy/ptII/vendors/misc/itext/iText.jar:/home/travis/build/icyphy/ptII/lib/g4ltl.jar:/home/travis/build/icyphy/ptII/lib/StructuralCoder.jar:/home/travis/build/icyphy/ptII/lib/jcerti.jar:/home/travis/build/icyphy/ptII/lib/javax.mail.jar:/home/travis/build/icyphy/ptII/vendors/JMF-2.1.1e/lib/jmf.jar:/home/travis/build/icyphy/ptII/lib/jna-4.0.0-variadic.jar:/home/travis/build/icyphy/ptII/vendors/misc/joystick/Joystick.jar:/home/travis/build/icyphy/ptII/lib/ptjacl.jar:/home/travis/build/icyphy/ptII/lib/jsoup-1.8.2.jar:/home/travis/build/icyphy/ptII/lib/junit-4.8.2.jar:/home/travis/build/icyphy/ptII/lib/JUnitParams-0.4.0.jar:/home/travis/build/icyphy/ptII/ptolemy/actor/lib/excel/jxl.jar:/home/travis/build/icyphy/ptII/lib/jython.jar:/home/travis/build/icyphy/ptII/lib/kieler.jar:/home/travis/build/icyphy/ptII/vendors/opencv/share/OpenCV/java/opencv-341.jar:/home/travis/build/icyphy/ptII/lib/oscP5.jar:/home/travis/build/icyphy/ptII/lib/nrjavaserial-3.11.0.devel.jar:/home/travis/build/icyphy/ptII/vendors/j3d/lib/Linux/j3dcore.jar:/home/travis/build/icyphy/ptII/vendors/j3d/lib/Linux/j3dutils.jar:/home/travis/build/icyphy/ptII/vendors/j3d/lib/Linux/vecmath.jar:/home/travis/build/icyphy/ptII/vendors/jogl/lib/Linux/gluegen-rt-natives-linux-amd64.jar:/home/travis/build/icyphy/ptII/vendors/jogl/lib/Linux/gluegen-rt.jar:/home/travis/build/icyphy/ptII/vendors/jogl/lib/Linux/jogl-all-natives-linux-amd64.jar:/home/travis/build/icyphy/ptII/vendors/jogl/lib/Linux/jogl-all.jar:/home/travis/build/icyphy/ptII/ptolemy/distributed/jini/jar/jini-core.jar:/home/travis/build/icyphy/ptII/ptolemy/distributed/jini/jar/jini-ext.jar:/home/travis/build/icyphy/ptII/ptolemy/distributed/jini/jar/sun-util.jar:/home/travis/build/icyphy/ptII/lib/protobuf-java-2.4.1.jar:/home/travis/build/icyphy/ptII/lib/org.eclipse.paho.client.mqttv3.jar:/home/travis/build/icyphy/ptII/lib/mapss.jar:/home/travis/build/icyphy/ptII/ptolemy/actor/ptalon/antlr/antlr.jar:/home/travis/build/icyphy/ptII/lib/JRI.jar:/home/travis/build/icyphy/ptII/lib/commons-lang-2.6.jar:/home/travis/build/icyphy/ptII/lib/commons-logging-1.1.1.jar:/home/travis/build/icyphy/ptII/lib/sootclasses.jar:/home/travis/build/icyphy/ptII/ptolemy/actor/lib/database/mysql-connector-java-5.1.6-bin.jar:/home/travis/build/icyphy/ptII/vendors/misc/sphinx4/sphinx4-data-5prealpha.jar:/home/travis/build/icyphy/ptII/vendors/misc/sphinx4/sphinx4-core-5prealpha.jar:/home/travis/build/icyphy/ptII/lib/PDFRenderer.jar:/home/travis/build/icyphy/ptII/lib/svgSalamander.jar:/home/travis/build/icyphy/ptII/lib/rsyntaxtextarea-2.6.0-SNAPSHOT.jar:/home/travis/build/icyphy/ptII/lib/hazelcast-3.8.2.jar:/home/travis/build/icyphy/ptII/lib/jackson-annotations-2.9.0.jar:/home/travis/build/icyphy/ptII/lib/jackson-core-2.9.3.jar:/home/travis/build/icyphy/ptII/lib/jackson-databind-2.9.3.jar:/home/travis/build/icyphy/ptII/lib/netty-buffer-4.1.19.Final.jar:/home/travis/build/icyphy/ptII/lib/netty-codec-4.1.19.Final.jar:/home/travis/build/icyphy/ptII/lib/netty-codec-dns-4.1.19.Final.jar:/home/travis/build/icyphy/ptII/lib/netty-codec-http-4.1.19.Final.jar:/home/travis/build/icyphy/ptII/lib/netty-codec-http2-4.1.19.Final.jar:/home/travis/build/icyphy/ptII/lib/netty-common-4.1.19.Final.jar:/home/travis/build/icyphy/ptII/lib/netty-handler-4.1.19.Final.jar:/home/travis/build/icyphy/ptII/lib/netty-resolver-4.1.19.Final.jar:/home/travis/build/icyphy/ptII/lib/netty-resolver-dns-4.1.19.Final.jar:/home/travis/build/icyphy/ptII/lib/netty-transport-4.1.19.Final.jar:/home/travis/build/icyphy/ptII/lib/vertx-codegen-3.5.1.jar:/home/travis/build/icyphy/ptII/lib/vertx-core-3.5.2-SNAPSHOT.jar:/home/travis/build/icyphy/ptII/lib/vertx-hazelcast-3.5.1.jar:/home/travis/build/icyphy/ptII/lib/vertx-lang-js-3.5.1.jar:/home/travis/build/icyphy/ptII/lib/vertx-service-proxy-3.5.1.jar:/home/travis/build/icyphy/ptII/lib/vertx-web-3.5.1.jar:/home/travis/build/icyphy/ptII/lib/slf4j-api-1.7.13.jar:/home/travis/build/icyphy/ptII/lib/slf4j-simple-1.7.13.jar:/home/travis/build/icyphy/ptII/lib/webcam-capture-0.3.12.jar:/home/travis/build/icyphy/ptII/lib/bridj-0.7.0.jar:/home/travis/build/icyphy/ptII/lib/xbjlib-1.1.0.nrjavaserial.jar:/home/travis/build/icyphy/ptII/ptolemy/moml/test:/home/travis/build/icyphy/ptII/ant/lib/ant-launcher.jar:/home/travis/build/icyphy/ptII/ant/lib/ant.jar:/home/travis/build/icyphy/ptII/ant/lib/ant-junit.jar:/home/travis/build/icyphy/ptII/ant/lib/ant-junit4.jar" />
    <property name="ant.library.dir" value="/home/travis/build/icyphy/ptII/ant/lib" />
    <property name="os.arch" value="amd64" />
    <property name="env.CONTINUOUS_INTEGRATION" value="true" />
    <property name="env.TRAVIS_LANGUAGE" value="node_js" />
    <property name="env.TRAVIS_STACK_LANGUAGES" value="__sardonyx__ c c++ clojure cplusplus cpp default generic go groovy java node_js php pure_java python ruby scala" />
    <property name="test.name" value="ptolemy.actor.lib.test.junit.JUnitTclTest" />
    <property name="env.APT_KEY_DONT_WARN_ON_DANGEROUS_USAGE" value="1" />
    <property name="sun.java.launcher" value="SUN_STANDARD" />
    <property name="env.PYTHON_CONFIGURE_OPTS" value="--enable-unicode=ucs4 --with-wide-unicode --enable-shared --enable-ipv6 --enable-loadable-sqlite-extensions --with-computed-gotos" />
    <property name="ant.core.lib" value="/home/travis/build/icyphy/ptII/ant/lib/ant.jar" />
    <property name="java.vm.specification.vendor" value="Oracle Corporation" />
    <property name="env.BCVTB_HOME" value="/home/travis/build/icyphy/ptII/lbnl" />
    <property name="file.separator" value="/" />
    <property name="spotbugs.home" value="/home/travis/build/icyphy/ptII/vendors/spotbugs-3.1.1" />
    <property name="java.runtime.version" value="11.0.2+9" />
    <property name="env.ANSI_CLEAR" value="\033[0K" />
    <property name="javafx.verbose" value="true" />
    <property name="env.HAS_JOSH_K_SEAL_OF_APPROVAL" value="true" />
    <property name="env.XDG_RUNTIME_DIR" value="/run/user/2000" />
    <property name="env.TRAVIS_OSX_IMAGE" value="" />
    <property name="env.TRAVIS_JOB_ID" value="423542849" />
    <property name="env.TRAVIS_BRANCH" value="master" />
    <property name="user.country" value="US" />
    <property name="env.CERTI_HOME_TRAVIS" value="/home/travis/pthla/certi-tools" />
    <property name="env.SHELL" value="/bin/bash" />
    <property name="java.maxmemory.large" value="3200m" />
    <property name="model" value="" />
    <property name="env.CASHER_DIR" value="/home/travis/.casher" />
    <property name="env.NVM_CD_FLAGS" value="" />
    <property name="java.vendor.version" value="18.9" />
    <property name="jshint.executable" value="/home/travis/node_modules/jshint/bin/jshint" />
    <property name="env.JRUBY_OPTS" value=" --client -J-XX:+TieredCompilation -J-XX:TieredStopAtLevel=1 -J-Xss2m -Xcompile.invokedynamic=false" />
    <property name="java.vendor" value="Oracle Corporation" />
    <property name="env.TRAVIS_PRE_CHEF_BOOTSTRAP_TIME" value="2020-06-24T13:13:03" />
    <property name="env.TRAVIS_STACK_JOB_BOARD_REGISTER" value="/.job-board-register.yml" />
    <property name="env.ANSI_RED" value="\033[31;1m" />
    <property name="java.specification.version" value="11" />
    <property name="env.IRBRC" value="/home/travis/.rvm/rubies/ruby-2.5.3/.irbrc" />
    <property name="env.TRAVIS" value="true" />
    <property name="sun.arch.data.model" value="64" />
  </properties>
  <testcase classname="ptolemy.util.test.junit.TclTests" name="[0] /home/travis/build/icyphy/ptII/ptolemy/actor/lib/test/AbsoluteValue.tcl (RunTclFile)" time="0.467" />
  <testcase classname="ptolemy.util.test.junit.TclTests" name="[1] /home/travis/build/icyphy/ptII/ptolemy/actor/lib/test/AddSubtract.tcl (RunTclFile)" time="0.19" />
  <testcase classname="ptolemy.util.test.junit.TclTests" name="[2] /home/travis/build/icyphy/ptII/ptolemy/actor/lib/test/Average.tcl (RunTclFile)" time="0.067" />
  <testcase classname="ptolemy.util.test.junit.TclTests" name="[3] /home/travis/build/icyphy/ptII/ptolemy/actor/lib/test/Bernoulli.tcl (RunTclFile)" time="0.031" />
  <testcase classname="ptolemy.util.test.junit.TclTests" name="[4] /home/travis/build/icyphy/ptII/ptolemy/actor/lib/test/Clock.tcl (RunTclFile)" time="0.099" />
  <testcase classname="ptolemy.util.test.junit.TclTests" name="[5] /home/travis/build/icyphy/ptII/ptolemy/actor/lib/test/Commutator.tcl (RunTclFile)" time="0.098" />
  <testcase classname="ptolemy.util.test.junit.TclTests" name="[6] /home/travis/build/icyphy/ptII/ptolemy/actor/lib/test/Const.tcl (RunTclFile)" time="0.118" />
  <testcase classname="ptolemy.util.test.junit.TclTests" name="[7] /home/travis/build/icyphy/ptII/ptolemy/actor/lib/test/CurrentTime.tcl (RunTclFile)" time="0.041" />
  <testcase classname="ptolemy.util.test.junit.TclTests" name="[8] /home/travis/build/icyphy/ptII/ptolemy/actor/lib/test/DB.tcl (RunTclFile)" time="0.044" />
  <testcase classname="ptolemy.util.test.junit.TclTests" name="[9] /home/travis/build/icyphy/ptII/ptolemy/actor/lib/test/DiscreteRandomSource.tcl (RunTclFile)" time="0.05" />
  <testcase classname="ptolemy.util.test.junit.TclTests" name="[10] /home/travis/build/icyphy/ptII/ptolemy/actor/lib/test/Distributor.tcl (RunTclFile)" time="0.076" />
  <testcase classname="ptolemy.util.test.junit.TclTests" name="[11] /home/travis/build/icyphy/ptII/ptolemy/actor/lib/test/Exit.tcl (RunTclFile)" time="0.103" />
  <testcase classname="ptolemy.util.test.junit.TclTests" name="[12] /home/travis/build/icyphy/ptII/ptolemy/actor/lib/test/Expression.tcl (RunTclFile)" time="0.097" />
  <testcase classname="ptolemy.util.test.junit.TclTests" name="[13] /home/travis/build/icyphy/ptII/ptolemy/actor/lib/test/Gaussian.tcl (RunTclFile)" time="0.384" />
  <testcase classname="ptolemy.util.test.junit.TclTests" name="[14] /home/travis/build/icyphy/ptII/ptolemy/actor/lib/test/IIR.tcl (RunTclFile)" time="0.042" />
  <testcase classname="ptolemy.util.test.junit.TclTests" name="[15] /home/travis/build/icyphy/ptII/ptolemy/actor/lib/test/Interpolator.tcl (RunTclFile)" time="0.102" />
  <testcase classname="ptolemy.util.test.junit.TclTests" name="[16] /home/travis/build/icyphy/ptII/ptolemy/actor/lib/test/MathFunction.tcl (RunTclFile)" time="0.079" />
  <testcase classname="ptolemy.util.test.junit.TclTests" name="[17] /home/travis/build/icyphy/ptII/ptolemy/actor/lib/test/Maximum.tcl (RunTclFile)" time="0.043" />
  <testcase classname="ptolemy.util.test.junit.TclTests" name="[18] /home/travis/build/icyphy/ptII/ptolemy/actor/lib/test/Minimum.tcl (RunTclFile)" time="0.019" />
  <testcase classname="ptolemy.util.test.junit.TclTests" name="[19] /home/travis/build/icyphy/ptII/ptolemy/actor/lib/test/MultiplyDivide.tcl (RunTclFile)" time="0.021" />
  <testcase classname="ptolemy.util.test.junit.TclTests" name="[20] /home/travis/build/icyphy/ptII/ptolemy/actor/lib/test/OrderedMerge.tcl (RunTclFile)" time="0.091" />
  <testcase classname="ptolemy.util.test.junit.TclTests" name="[21] /home/travis/build/icyphy/ptII/ptolemy/actor/lib/test/Publisher.tcl (RunTclFile)" time="0.919" />
  <testcase classname="ptolemy.util.test.junit.TclTests" name="[22] /home/travis/build/icyphy/ptII/ptolemy/actor/lib/test/Pulse.tcl (RunTclFile)" time="0.061" />
  <testcase classname="ptolemy.util.test.junit.TclTests" name="[23] /home/travis/build/icyphy/ptII/ptolemy/actor/lib/test/Ramp.tcl (RunTclFile)" time="2.161" />
  <testcase classname="ptolemy.util.test.junit.TclTests" name="[24] /home/travis/build/icyphy/ptII/ptolemy/actor/lib/test/RampContinuous.tcl (RunTclFile)" time="0.018" />
  <testcase classname="ptolemy.util.test.junit.TclTests" name="[25] /home/travis/build/icyphy/ptII/ptolemy/actor/lib/test/RecordAssembler.tcl (RunTclFile)" time="0.017" />
  <testcase classname="ptolemy.util.test.junit.TclTests" name="[26] /home/travis/build/icyphy/ptII/ptolemy/actor/lib/test/RecordDisassembler.tcl (RunTclFile)" time="0.033" />
  <testcase classname="ptolemy.util.test.junit.TclTests" name="[27] /home/travis/build/icyphy/ptII/ptolemy/actor/lib/test/Scale.tcl (RunTclFile)" time="0.036" />
  <testcase classname="ptolemy.util.test.junit.TclTests" name="[28] /home/travis/build/icyphy/ptII/ptolemy/actor/lib/test/SequentialClock.tcl (RunTclFile)" time="0.014" />
  <testcase classname="ptolemy.util.test.junit.TclTests" name="[29] /home/travis/build/icyphy/ptII/ptolemy/actor/lib/test/SetVariable.tcl (RunTclFile)" time="0.01" />
  <testcase classname="ptolemy.util.test.junit.TclTests" name="[30] /home/travis/build/icyphy/ptII/ptolemy/actor/lib/test/Sinewave.tcl (RunTclFile)" time="0.057" />
  <testcase classname="ptolemy.util.test.junit.TclTests" name="[31] /home/travis/build/icyphy/ptII/ptolemy/actor/lib/test/SubscriptionAggregator.tcl (RunTclFile)" time="2.059" />
  <testcase classname="ptolemy.util.test.junit.TclTests" name="[32] /home/travis/build/icyphy/ptII/ptolemy/actor/lib/test/Test.tcl (RunTclFile)" time="0.133" />
  <testcase classname="ptolemy.util.test.junit.TclTests" name="[33] /home/travis/build/icyphy/ptII/ptolemy/actor/lib/test/TestExceptionHandler.tcl (RunTclFile)" time="0.013" />
  <testcase classname="ptolemy.util.test.junit.TclTests" name="[34] /home/travis/build/icyphy/ptII/ptolemy/actor/lib/test/UnionDisassembler.tcl (RunTclFile)" time="0.073" />
  <testcase classname="ptolemy.util.test.junit.TclTests" name="[35] /home/travis/build/icyphy/ptII/ptolemy/actor/lib/test/VariableClock.tcl (RunTclFile)" time="0.015" />
  <testcase classname="ptolemy.util.test.junit.AutoKnownFailedTests" name="[0] /home/travis/build/icyphy/ptII/ptolemy/actor/lib/test/auto/knownFailedTests/PublisherPortToplevelSubscriber.xml (RunModel)" time="0.032" />
  <testcase classname="ptolemy.util.test.junit.AutoKnownFailedTests" name="[1] /home/travis/build/icyphy/ptII/ptolemy/actor/lib/test/auto/knownFailedTests/PublisherSubscriberPortToplevel.xml (RunModel)" time="0.018" />
  <testcase classname="ptolemy.util.test.junit.AutoKnownFailedTests" name="[2] /home/travis/build/icyphy/ptII/ptolemy/actor/lib/test/auto/knownFailedTests/PublisherSubscriptionAggregatorPort.xml (RunModel)" time="0.017" />
  <testcase classname="ptolemy.util.test.junit.AutoKnownFailedTests" name="[3] /home/travis/build/icyphy/ptII/ptolemy/actor/lib/test/auto/knownFailedTests/sizedarray3.xml (RunModel)" time="0.028" />
  <testcase classname="ptolemy.util.test.junit.AutoNameArchTests" name="[0] ThereAreNoAutoArchTests (RunModel)" time="0.001" />
  <testcase classname="ptolemy.util.test.junit.AutoTests" name="[0] /home/travis/build/icyphy/ptII/ptolemy/actor/lib/test/auto/AbsoluteValue.xml (RunModel)" time="0.069" />
  <testcase classname="ptolemy.util.test.junit.AutoTests" name="[1] /home/travis/build/icyphy/ptII/ptolemy/actor/lib/test/auto/AbsoluteValue2.xml (RunModel)" time="0.071" />
  <testcase classname="ptolemy.util.test.junit.AutoTests" name="[2] /home/travis/build/icyphy/ptII/ptolemy/actor/lib/test/auto/Accumulator.xml (RunModel)" time="0.03" />
  <testcase classname="ptolemy.util.test.junit.AutoTests" name="[3] /home/travis/build/icyphy/ptII/ptolemy/actor/lib/test/auto/Accumulator2.xml (RunModel)" time="0.018" />
  <testcase classname="ptolemy.util.test.junit.AutoTests" name="[4] /home/travis/build/icyphy/ptII/ptolemy/actor/lib/test/auto/Accumulator3.xml (RunModel)" time="0.047" />
  <testcase classname="ptolemy.util.test.junit.AutoTests" name="[5] /home/travis/build/icyphy/ptII/ptolemy/actor/lib/test/auto/ArrayAppend.xml (RunModel)" time="0.031" />
  <testcase classname="ptolemy.util.test.junit.AutoTests" name="[6] /home/travis/build/icyphy/ptII/ptolemy/actor/lib/test/auto/ArrayAppend2.xml (RunModel)" time="0.318" />
  <testcase classname="ptolemy.util.test.junit.AutoTests" name="[7] /home/travis/build/icyphy/ptII/ptolemy/actor/lib/test/auto/ArrayAppend3.xml (RunModel)" time="0.016" />
  <testcase classname="ptolemy.util.test.junit.AutoTests" name="[8] /home/travis/build/icyphy/ptII/ptolemy/actor/lib/test/auto/ArrayAppend4.xml (RunModel)" time="0.03" />
  <testcase classname="ptolemy.util.test.junit.AutoTests" name="[9] /home/travis/build/icyphy/ptII/ptolemy/actor/lib/test/auto/ArrayAppend5.xml (RunModel)" time="0.016" />
  <testcase classname="ptolemy.util.test.junit.AutoTests" name="[10] /home/travis/build/icyphy/ptII/ptolemy/actor/lib/test/auto/ArrayAppend6.xml (RunModel)" time="0.018" />
  <testcase classname="ptolemy.util.test.junit.AutoTests" name="[11] /home/travis/build/icyphy/ptII/ptolemy/actor/lib/test/auto/ArrayAppendPerformanceTest.xml (RunModel)" time="0.066" />
  <testcase classname="ptolemy.util.test.junit.AutoTests" name="[12] /home/travis/build/icyphy/ptII/ptolemy/actor/lib/test/auto/ArrayAppendWithEmptyInput.xml (RunModel)" time="0.052" />
  <testcase classname="ptolemy.util.test.junit.AutoTests" name="[13] /home/travis/build/icyphy/ptII/ptolemy/actor/lib/test/auto/ArrayAverage.xml (RunModel)" time="0.048" />
  <testcase classname="ptolemy.util.test.junit.AutoTests" name="[14] /home/travis/build/icyphy/ptII/ptolemy/actor/lib/test/auto/ArrayContains.xml (RunModel)" time="0.023" />
  <testcase classname="ptolemy.util.test.junit.AutoTests" name="[15] /home/travis/build/icyphy/ptII/ptolemy/actor/lib/test/auto/ArrayElement.xml (RunModel)" time="0.027" />
  <testcase classname="ptolemy.util.test.junit.AutoTests" name="[16] /home/travis/build/icyphy/ptII/ptolemy/actor/lib/test/auto/ArrayElementAsMatrix.xml (RunModel)" time="0.076" />
  <testcase classname="ptolemy.util.test.junit.AutoTests" name="[17] /home/travis/build/icyphy/ptII/ptolemy/actor/lib/test/auto/ArrayElementI.xml (RunModel)" time="0.032" />
  <testcase classname="ptolemy.util.test.junit.AutoTests" name="[18] /home/travis/build/icyphy/ptII/ptolemy/actor/lib/test/auto/ArrayExtract.xml (RunModel)" time="0.036" />
  <testcase classname="ptolemy.util.test.junit.AutoTests" name="[19] /home/travis/build/icyphy/ptII/ptolemy/actor/lib/test/auto/ArrayExtract2.xml (RunModel)" time="0.02" />
  <testcase classname="ptolemy.util.test.junit.AutoTests" name="[20] /home/travis/build/icyphy/ptII/ptolemy/actor/lib/test/auto/ArrayLength.xml (RunModel)" time="0.024" />
  <testcase classname="ptolemy.util.test.junit.AutoTests" name="[21] /home/travis/build/icyphy/ptII/ptolemy/actor/lib/test/auto/ArrayLevelCrossing.xml (RunModel)" time="0.032" />
  <testcase classname="ptolemy.util.test.junit.AutoTests" name="[22] /home/travis/build/icyphy/ptII/ptolemy/actor/lib/test/auto/ArrayLevelCrossing2.xml (RunModel)" time="0.035" />
  <testcase classname="ptolemy.util.test.junit.AutoTests" name="[23] /home/travis/build/icyphy/ptII/ptolemy/actor/lib/test/auto/ArrayPeakSearch.xml (RunModel)" time="0.034" />
  <testcase classname="ptolemy.util.test.junit.AutoTests" name="[24] /home/travis/build/icyphy/ptII/ptolemy/actor/lib/test/auto/ArrayPeakSearch2.xml (RunModel)" time="0.038" />
  <testcase classname="ptolemy.util.test.junit.AutoTests" name="[25] /home/travis/build/icyphy/ptII/ptolemy/actor/lib/test/auto/ArrayPeakSearch3.xml (RunModel)" time="0.032" />
  <testcase classname="ptolemy.util.test.junit.AutoTests" name="[26] /home/travis/build/icyphy/ptII/ptolemy/actor/lib/test/auto/ArrayRemoveElement.xml (RunModel)" time="0.028" />
  <testcase classname="ptolemy.util.test.junit.AutoTests" name="[27] /home/travis/build/icyphy/ptII/ptolemy/actor/lib/test/auto/ArraySort.xml (RunModel)" time="0.039" />
  <testcase classname="ptolemy.util.test.junit.AutoTests" name="[28] /home/travis/build/icyphy/ptII/ptolemy/actor/lib/test/auto/ArraySum.xml (RunModel)" time="0.018" />
  <testcase classname="ptolemy.util.test.junit.AutoTests" name="[29] /home/travis/build/icyphy/ptII/ptolemy/actor/lib/test/auto/ArrayToElements.xml (RunModel)" time="0.022" />
  <testcase classname="ptolemy.util.test.junit.AutoTests" name="[30] /home/travis/build/icyphy/ptII/ptolemy/actor/lib/test/auto/ArrayToMatrix.xml (RunModel)" time="0.074" />
  <testcase classname="ptolemy.util.test.junit.AutoTests" name="[31] /home/travis/build/icyphy/ptII/ptolemy/actor/lib/test/auto/ArrayUpdate1.xml (RunModel)" time="0.026" />
  <testcase classname="ptolemy.util.test.junit.AutoTests" name="[32] /home/travis/build/icyphy/ptII/ptolemy/actor/lib/test/auto/ArrayUpdate2.xml (RunModel)" time="0.024" />
  <testcase classname="ptolemy.util.test.junit.AutoTests" name="[33] /home/travis/build/icyphy/ptII/ptolemy/actor/lib/test/auto/ArrayUpdate3.xml (RunModel)" time="0.015" />
  <testcase classname="ptolemy.util.test.junit.AutoTests" name="[34] /home/travis/build/icyphy/ptII/ptolemy/actor/lib/test/auto/Assert1.xml (RunModel)" time="0.023" />
  <testcase classname="ptolemy.util.test.junit.AutoTests" name="[35] /home/travis/build/icyphy/ptII/ptolemy/actor/lib/test/auto/Assert2.xml (RunModel)" time="0.019" />
  <testcase classname="ptolemy.util.test.junit.AutoTests" name="[36] /home/travis/build/icyphy/ptII/ptolemy/actor/lib/test/auto/BooleanMultiplexor.xml (RunModel)" time="0.017" />
  <testcase classname="ptolemy.util.test.junit.AutoTests" name="[37] /home/travis/build/icyphy/ptII/ptolemy/actor/lib/test/auto/BooleanMultiplexor2.xml (RunModel)" time="0.017" />
  <testcase classname="ptolemy.util.test.junit.AutoTests" name="[38] /home/travis/build/icyphy/ptII/ptolemy/actor/lib/test/auto/BooleanMultiplexor3.xml (RunModel)" time="0.022" />
  <testcase classname="ptolemy.util.test.junit.AutoTests" name="[39] /home/travis/build/icyphy/ptII/ptolemy/actor/lib/test/auto/BooleanSelect.xml (RunModel)" time="0.023" />
  <testcase classname="ptolemy.util.test.junit.AutoTests" name="[40] /home/travis/build/icyphy/ptII/ptolemy/actor/lib/test/auto/BooleanSelect2.xml (RunModel)" time="0.016" />
  <testcase classname="ptolemy.util.test.junit.AutoTests" name="[41] /home/travis/build/icyphy/ptII/ptolemy/actor/lib/test/auto/BooleanSwitch.xml (RunModel)" time="0.021" />
  <testcase classname="ptolemy.util.test.junit.AutoTests" name="[42] /home/travis/build/icyphy/ptII/ptolemy/actor/lib/test/auto/BooleanSwitch2.xml (RunModel)" time="0.018" />
  <testcase classname="ptolemy.util.test.junit.AutoTests" name="[43] /home/travis/build/icyphy/ptII/ptolemy/actor/lib/test/auto/BooleanSwitchCloningBugWithClassRelationGroup.xml (RunModel)" time="0.03" />
  <testcase classname="ptolemy.util.test.junit.AutoTests" name="[44] /home/travis/build/icyphy/ptII/ptolemy/actor/lib/test/auto/BusActors.xml (RunModel)" time="0.057" />
  <testcase classname="ptolemy.util.test.junit.AutoTests" name="[45] /home/travis/build/icyphy/ptII/ptolemy/actor/lib/test/auto/ClassWrapper.xml (RunModel)" time="0.012" />
  <testcase classname="ptolemy.util.test.junit.AutoTests" name="[46] /home/travis/build/icyphy/ptII/ptolemy/actor/lib/test/auto/Clock.xml (RunModel)" time="0.009" />
  <testcase classname="ptolemy.util.test.junit.AutoTests" name="[47] /home/travis/build/icyphy/ptII/ptolemy/actor/lib/test/auto/Clock10.xml (RunModel)" time="0.02" />
  <testcase classname="ptolemy.util.test.junit.AutoTests" name="[48] /home/travis/build/icyphy/ptII/ptolemy/actor/lib/test/auto/Clock11.xml (RunModel)" time="0.017" />
  <testcase classname="ptolemy.util.test.junit.AutoTests" name="[49] /home/travis/build/icyphy/ptII/ptolemy/actor/lib/test/auto/Clock12.xml (RunModel)" time="0.02" />
  <testcase classname="ptolemy.util.test.junit.AutoTests" name="[50] /home/travis/build/icyphy/ptII/ptolemy/actor/lib/test/auto/Clock13.xml (RunModel)" time="0.028" />
  <testcase classname="ptolemy.util.test.junit.AutoTests" name="[51] /home/travis/build/icyphy/ptII/ptolemy/actor/lib/test/auto/Clock14.xml (RunModel)" time="0.021" />
  <testcase classname="ptolemy.util.test.junit.AutoTests" name="[52] /home/travis/build/icyphy/ptII/ptolemy/actor/lib/test/auto/Clock15.xml (RunModel)" time="0.013" />
  <testcase classname="ptolemy.util.test.junit.AutoTests" name="[53] /home/travis/build/icyphy/ptII/ptolemy/actor/lib/test/auto/Clock16.xml (RunModel)" time="0.08" />
  <testcase classname="ptolemy.util.test.junit.AutoTests" name="[54] /home/travis/build/icyphy/ptII/ptolemy/actor/lib/test/auto/Clock17.xml (RunModel)" time="0.034" />
  <testcase classname="ptolemy.util.test.junit.AutoTests" name="[55] /home/travis/build/icyphy/ptII/ptolemy/actor/lib/test/auto/Clock18.xml (RunModel)" time="0.038" />
  <testcase classname="ptolemy.util.test.junit.AutoTests" name="[56] /home/travis/build/icyphy/ptII/ptolemy/actor/lib/test/auto/Clock19.xml (RunModel)" time="0.035" />
  <testcase classname="ptolemy.util.test.junit.AutoTests" name="[57] /home/travis/build/icyphy/ptII/ptolemy/actor/lib/test/auto/Clock2.xml (RunModel)" time="0.01" />
  <testcase classname="ptolemy.util.test.junit.AutoTests" name="[58] /home/travis/build/icyphy/ptII/ptolemy/actor/lib/test/auto/Clock20.xml (RunModel)" time="0.015" />
  <testcase classname="ptolemy.util.test.junit.AutoTests" name="[59] /home/travis/build/icyphy/ptII/ptolemy/actor/lib/test/auto/Clock21.xml (RunModel)" time="0.013" />
  <testcase classname="ptolemy.util.test.junit.AutoTests" name="[60] /home/travis/build/icyphy/ptII/ptolemy/actor/lib/test/auto/Clock22.xml (RunModel)" time="0.013" />
  <testcase classname="ptolemy.util.test.junit.AutoTests" name="[61] /home/travis/build/icyphy/ptII/ptolemy/actor/lib/test/auto/Clock23.xml (RunModel)" time="0.013" />
  <testcase classname="ptolemy.util.test.junit.AutoTests" name="[62] /home/travis/build/icyphy/ptII/ptolemy/actor/lib/test/auto/Clock24.xml (RunModel)" time="0.013" />
  <testcase classname="ptolemy.util.test.junit.AutoTests" name="[63] /home/travis/build/icyphy/ptII/ptolemy/actor/lib/test/auto/Clock4.xml (RunModel)" time="0.009" />
  <testcase classname="ptolemy.util.test.junit.AutoTests" name="[64] /home/travis/build/icyphy/ptII/ptolemy/actor/lib/test/auto/Clock5.xml (RunModel)" time="0.009" />
  <testcase classname="ptolemy.util.test.junit.AutoTests" name="[65] /home/travis/build/icyphy/ptII/ptolemy/actor/lib/test/auto/Clock6.xml (RunModel)" time="0.007" />
  <testcase classname="ptolemy.util.test.junit.AutoTests" name="[66] /home/travis/build/icyphy/ptII/ptolemy/actor/lib/test/auto/Clock7.xml (RunModel)" time="0.007" />
  <testcase classname="ptolemy.util.test.junit.AutoTests" name="[67] /home/travis/build/icyphy/ptII/ptolemy/actor/lib/test/auto/Clock8.xml (RunModel)" time="0.012" />
  <testcase classname="ptolemy.util.test.junit.AutoTests" name="[68] /home/travis/build/icyphy/ptII/ptolemy/actor/lib/test/auto/Clock9.xml (RunModel)" time="0.013" />
  <testcase classname="ptolemy.util.test.junit.AutoTests" name="[69] /home/travis/build/icyphy/ptII/ptolemy/actor/lib/test/auto/CommDistDiscard.xml (RunModel)" time="0.016" />
  <testcase classname="ptolemy.util.test.junit.AutoTests" name="[70] /home/travis/build/icyphy/ptII/ptolemy/actor/lib/test/auto/Commutator.xml (RunModel)" time="0.018" />
  <testcase classname="ptolemy.util.test.junit.AutoTests" name="[71] /home/travis/build/icyphy/ptII/ptolemy/actor/lib/test/auto/Commutator2.xml (RunModel)" time="0.012" />
  <testcase classname="ptolemy.util.test.junit.AutoTests" name="[72] /home/travis/build/icyphy/ptII/ptolemy/actor/lib/test/auto/Commutator3.xml (RunModel)" time="0.012" />
  <testcase classname="ptolemy.util.test.junit.AutoTests" name="[73] /home/travis/build/icyphy/ptII/ptolemy/actor/lib/test/auto/Compare.xml (RunModel)" time="0.019" />
  <testcase classname="ptolemy.util.test.junit.AutoTests" name="[74] /home/travis/build/icyphy/ptII/ptolemy/actor/lib/test/auto/CompareDE.xml (RunModel)" time="0.021" />
  <testcase classname="ptolemy.util.test.junit.AutoTests" name="[75] /home/travis/build/icyphy/ptII/ptolemy/actor/lib/test/auto/ComplexDivide.xml (RunModel)" time="0.01" />
  <testcase classname="ptolemy.util.test.junit.AutoTests" name="[76] /home/travis/build/icyphy/ptII/ptolemy/actor/lib/test/auto/ComputeHistogram.xml (RunModel)" time="0.061" />
  <testcase classname="ptolemy.util.test.junit.AutoTests" name="[77] /home/travis/build/icyphy/ptII/ptolemy/actor/lib/test/auto/ConfigurationSelect.xml (RunModel)" time="0.02" />
  <testcase classname="ptolemy.util.test.junit.AutoTests" name="[78] /home/travis/build/icyphy/ptII/ptolemy/actor/lib/test/auto/ConfigurationSelect2.xml (RunModel)" time="0.018" />
  <testcase classname="ptolemy.util.test.junit.AutoTests" name="[79] /home/travis/build/icyphy/ptII/ptolemy/actor/lib/test/auto/ConfigurationSwitch.xml (RunModel)" time="0.027" />
  <testcase classname="ptolemy.util.test.junit.AutoTests" name="[80] /home/travis/build/icyphy/ptII/ptolemy/actor/lib/test/auto/ConfigurationSwitch2.xml (RunModel)" time="0.021" />
  <testcase classname="ptolemy.util.test.junit.AutoTests" name="[81] /home/travis/build/icyphy/ptII/ptolemy/actor/lib/test/auto/ConfigurationSwitchCloningBugWithClassRelationGroup.xml (RunModel)" time="0.022" />
  <testcase classname="ptolemy.util.test.junit.AutoTests" name="[82] /home/travis/build/icyphy/ptII/ptolemy/actor/lib/test/auto/ConfigurationSwitchSelectSDF.xml (RunModel)" time="0.016" />
  <testcase classname="ptolemy.util.test.junit.AutoTests" name="[83] /home/travis/build/icyphy/ptII/ptolemy/actor/lib/test/auto/ConfigurationSwitchSelectSDF2.xml (RunModel)" time="0.017" />
  <testcase classname="ptolemy.util.test.junit.AutoTests" name="[84] /home/travis/build/icyphy/ptII/ptolemy/actor/lib/test/auto/Const.xml (RunModel)" time="0.008" />
  <testcase classname="ptolemy.util.test.junit.AutoTests" name="[85] /home/travis/build/icyphy/ptII/ptolemy/actor/lib/test/auto/Const2.xml (RunModel)" time="0.012" />
  <testcase classname="ptolemy.util.test.junit.AutoTests" name="[86] /home/travis/build/icyphy/ptII/ptolemy/actor/lib/test/auto/Const3.xml (RunModel)" time="0.008" />
  <testcase classname="ptolemy.util.test.junit.AutoTests" name="[87] /home/travis/build/icyphy/ptII/ptolemy/actor/lib/test/auto/ConstantPublisherPort1.xml (RunModel)" time="0.018" />
  <testcase classname="ptolemy.util.test.junit.AutoTests" name="[88] /home/travis/build/icyphy/ptII/ptolemy/actor/lib/test/auto/ConstantPublisherPort2.xml (RunModel)" time="0.021" />
  <testcase classname="ptolemy.util.test.junit.AutoTests" name="[89] /home/travis/build/icyphy/ptII/ptolemy/actor/lib/test/auto/ConstantPublisherPort3.xml (RunModel)" time="0.02" />
  <testcase classname="ptolemy.util.test.junit.AutoTests" name="[90] /home/travis/build/icyphy/ptII/ptolemy/actor/lib/test/auto/ConstantPublisherPort4.xml (RunModel)" time="0.015" />
  <testcase classname="ptolemy.util.test.junit.AutoTests" name="[91] /home/travis/build/icyphy/ptII/ptolemy/actor/lib/test/auto/ConstantPublisherPort5.xml (RunModel)" time="0.041" />
  <testcase classname="ptolemy.util.test.junit.AutoTests" name="[92] /home/travis/build/icyphy/ptII/ptolemy/actor/lib/test/auto/ConstantPublisherPort6.xml (RunModel)" time="0.027" />
  <testcase classname="ptolemy.util.test.junit.AutoTests" name="[93] /home/travis/build/icyphy/ptII/ptolemy/actor/lib/test/auto/ConstantPublisherPort7.xml (RunModel)" time="0.026" />
  <testcase classname="ptolemy.util.test.junit.AutoTests" name="[94] /home/travis/build/icyphy/ptII/ptolemy/actor/lib/test/auto/ConstraintMonitor1.xml (RunModel)" time="0.039" />
  <testcase classname="ptolemy.util.test.junit.AutoTests" name="[95] /home/travis/build/icyphy/ptII/ptolemy/actor/lib/test/auto/ConstraintMonitor2.xml (RunModel)" time="0.013" />
  <testcase classname="ptolemy.util.test.junit.AutoTests" name="[96] /home/travis/build/icyphy/ptII/ptolemy/actor/lib/test/auto/ConstraintMonitor3.xml (RunModel)" time="0.012" />
  <testcase classname="ptolemy.util.test.junit.AutoTests" name="[97] /home/travis/build/icyphy/ptII/ptolemy/actor/lib/test/auto/ConstraintMonitor4.xml (RunModel)" time="0.009" />
  <testcase classname="ptolemy.util.test.junit.AutoTests" name="[98] /home/travis/build/icyphy/ptII/ptolemy/actor/lib/test/auto/ConstraintMonitor5.xml (RunModel)" time="0.012" />
  <testcase classname="ptolemy.util.test.junit.AutoTests" name="[99] /home/travis/build/icyphy/ptII/ptolemy/actor/lib/test/auto/ConstraintMonitor6.xml (RunModel)" time="0.015" />
  <testcase classname="ptolemy.util.test.junit.AutoTests" name="[100] /home/travis/build/icyphy/ptII/ptolemy/actor/lib/test/auto/ConstraintMonitor7.xml (RunModel)" time="0.02" />
  <testcase classname="ptolemy.util.test.junit.AutoTests" name="[101] /home/travis/build/icyphy/ptII/ptolemy/actor/lib/test/auto/ConstraintMonitor8.xml (RunModel)" time="0.015" />
  <testcase classname="ptolemy.util.test.junit.AutoTests" name="[102] /home/travis/build/icyphy/ptII/ptolemy/actor/lib/test/auto/Counter.xml (RunModel)" time="0.013" />
  <testcase classname="ptolemy.util.test.junit.AutoTests" name="[103] /home/travis/build/icyphy/ptII/ptolemy/actor/lib/test/auto/CurrentTimeSDF.xml (RunModel)" time="0.007" />
  <testcase classname="ptolemy.util.test.junit.AutoTests" name="[104] /home/travis/build/icyphy/ptII/ptolemy/actor/lib/test/auto/DB.xml (RunModel)" time="0.011" />
  <testcase classname="ptolemy.util.test.junit.AutoTests" name="[105] /home/travis/build/icyphy/ptII/ptolemy/actor/lib/test/auto/DBDE.xml (RunModel)" time="0.01" />
  <testcase classname="ptolemy.util.test.junit.AutoTests" name="[106] /home/travis/build/icyphy/ptII/ptolemy/actor/lib/test/auto/DateConstructor.xml (RunModel)" time="0.074" />
  <testcase classname="ptolemy.util.test.junit.AutoTests" name="[107] /home/travis/build/icyphy/ptII/ptolemy/actor/lib/test/auto/DelayTime.xml (RunModel)" time="0.017" />
  <testcase classname="ptolemy.util.test.junit.AutoTests" name="[108] /home/travis/build/icyphy/ptII/ptolemy/actor/lib/test/auto/Dictionary1.xml (RunModel)" time="0.024" />
  <testcase classname="ptolemy.util.test.junit.AutoTests" name="[109] /home/travis/build/icyphy/ptII/ptolemy/actor/lib/test/auto/Dictionary2.xml (RunModel)" time="0.02" />
  <testcase classname="ptolemy.util.test.junit.AutoTests" name="[110] /home/travis/build/icyphy/ptII/ptolemy/actor/lib/test/auto/Dictionary3.xml (RunModel)" time="0.012" />
  <testcase classname="ptolemy.util.test.junit.AutoTests" name="[111] /home/travis/build/icyphy/ptII/ptolemy/actor/lib/test/auto/Dictionary4.xml (RunModel)" time="0.016" />
  <testcase classname="ptolemy.util.test.junit.AutoTests" name="[112] /home/travis/build/icyphy/ptII/ptolemy/actor/lib/test/auto/Differential.xml (RunModel)" time="0.011" />
  <testcase classname="ptolemy.util.test.junit.AutoTests" name="[113] /home/travis/build/icyphy/ptII/ptolemy/actor/lib/test/auto/Director.xml (RunModel)" time="0.011" />
  <testcase classname="ptolemy.util.test.junit.AutoTests" name="[114] /home/travis/build/icyphy/ptII/ptolemy/actor/lib/test/auto/DiscreteClock.xml (RunModel)" time="0.008" />
  <testcase classname="ptolemy.util.test.junit.AutoTests" name="[115] /home/travis/build/icyphy/ptII/ptolemy/actor/lib/test/auto/DiscreteClock10.xml (RunModel)" time="0.011" />
  <testcase classname="ptolemy.util.test.junit.AutoTests" name="[116] /home/travis/build/icyphy/ptII/ptolemy/actor/lib/test/auto/DiscreteClock11.xml (RunModel)" time="0.014" />
  <testcase classname="ptolemy.util.test.junit.AutoTests" name="[117] /home/travis/build/icyphy/ptII/ptolemy/actor/lib/test/auto/DiscreteClock12.xml (RunModel)" time="0.012" />
  <testcase classname="ptolemy.util.test.junit.AutoTests" name="[118] /home/travis/build/icyphy/ptII/ptolemy/actor/lib/test/auto/DiscreteClock13.xml (RunModel)" time="0.014" />
  <testcase classname="ptolemy.util.test.junit.AutoTests" name="[119] /home/travis/build/icyphy/ptII/ptolemy/actor/lib/test/auto/DiscreteClock14.xml (RunModel)" time="0.015" />
  <testcase classname="ptolemy.util.test.junit.AutoTests" name="[120] /home/travis/build/icyphy/ptII/ptolemy/actor/lib/test/auto/DiscreteClock15.xml (RunModel)" time="0.012" />
  <testcase classname="ptolemy.util.test.junit.AutoTests" name="[121] /home/travis/build/icyphy/ptII/ptolemy/actor/lib/test/auto/DiscreteClock16.xml (RunModel)" time="0.051" />
  <testcase classname="ptolemy.util.test.junit.AutoTests" name="[122] /home/travis/build/icyphy/ptII/ptolemy/actor/lib/test/auto/DiscreteClock17.xml (RunModel)" time="0.045" />
  <testcase classname="ptolemy.util.test.junit.AutoTests" name="[123] /home/travis/build/icyphy/ptII/ptolemy/actor/lib/test/auto/DiscreteClock18.xml (RunModel)" time="0.044" />
  <testcase classname="ptolemy.util.test.junit.AutoTests" name="[124] /home/travis/build/icyphy/ptII/ptolemy/actor/lib/test/auto/DiscreteClock19.xml (RunModel)" time="0.044" />
  <testcase classname="ptolemy.util.test.junit.AutoTests" name="[125] /home/travis/build/icyphy/ptII/ptolemy/actor/lib/test/auto/DiscreteClock2.xml (RunModel)" time="0.011" />
  <testcase classname="ptolemy.util.test.junit.AutoTests" name="[126] /home/travis/build/icyphy/ptII/ptolemy/actor/lib/test/auto/DiscreteClock20.xml (RunModel)" time="0.015" />
  <testcase classname="ptolemy.util.test.junit.AutoTests" name="[127] /home/travis/build/icyphy/ptII/ptolemy/actor/lib/test/auto/DiscreteClock21.xml (RunModel)" time="0.019" />
  <testcase classname="ptolemy.util.test.junit.AutoTests" name="[128] /home/travis/build/icyphy/ptII/ptolemy/actor/lib/test/auto/DiscreteClock22.xml (RunModel)" time="0.012" />
  <testcase classname="ptolemy.util.test.junit.AutoTests" name="[129] /home/travis/build/icyphy/ptII/ptolemy/actor/lib/test/auto/DiscreteClock23.xml (RunModel)" time="0.016" />
  <testcase classname="ptolemy.util.test.junit.AutoTests" name="[130] /home/travis/build/icyphy/ptII/ptolemy/actor/lib/test/auto/DiscreteClock24.xml (RunModel)" time="0.015" />
  <testcase classname="ptolemy.util.test.junit.AutoTests" name="[131] /home/travis/build/icyphy/ptII/ptolemy/actor/lib/test/auto/DiscreteClock4.xml (RunModel)" time="0.012" />
  <testcase classname="ptolemy.util.test.junit.AutoTests" name="[132] /home/travis/build/icyphy/ptII/ptolemy/actor/lib/test/auto/DiscreteClock5.xml (RunModel)" time="0.009" />
  <testcase classname="ptolemy.util.test.junit.AutoTests" name="[133] /home/travis/build/icyphy/ptII/ptolemy/actor/lib/test/auto/DiscreteClock6.xml (RunModel)" time="0.01" />
  <testcase classname="ptolemy.util.test.junit.AutoTests" name="[134] /home/travis/build/icyphy/ptII/ptolemy/actor/lib/test/auto/DiscreteClock7.xml (RunModel)" time="0.017" />
  <testcase classname="ptolemy.util.test.junit.AutoTests" name="[135] /home/travis/build/icyphy/ptII/ptolemy/actor/lib/test/auto/DiscreteClock8.xml (RunModel)" time="0.01" />
  <testcase classname="ptolemy.util.test.junit.AutoTests" name="[136] /home/travis/build/icyphy/ptII/ptolemy/actor/lib/test/auto/DiscreteClock9.xml (RunModel)" time="0.013" />
  <testcase classname="ptolemy.util.test.junit.AutoTests" name="[137] /home/travis/build/icyphy/ptII/ptolemy/actor/lib/test/auto/DisplayArray.xml (RunModel)" time="0.022" />
  <testcase classname="ptolemy.util.test.junit.AutoTests" name="[138] /home/travis/build/icyphy/ptII/ptolemy/actor/lib/test/auto/Distributor.xml (RunModel)" time="0.019" />
  <testcase classname="ptolemy.util.test.junit.AutoTests" name="[139] /home/travis/build/icyphy/ptII/ptolemy/actor/lib/test/auto/Distributor2.xml (RunModel)" time="0.012" />
  <testcase classname="ptolemy.util.test.junit.AutoTests" name="[140] /home/travis/build/icyphy/ptII/ptolemy/actor/lib/test/auto/DownSample.xml (RunModel)" time="0.009" />
  <testcase classname="ptolemy.util.test.junit.AutoTests" name="[141] /home/travis/build/icyphy/ptII/ptolemy/actor/lib/test/auto/ElectronicUnitBase1.xml (RunModel)" time="0.067" />
  <testcase classname="ptolemy.util.test.junit.AutoTests" name="[142] /home/travis/build/icyphy/ptII/ptolemy/actor/lib/test/auto/ElementsToArray.xml (RunModel)" time="0.012" />
  <testcase classname="ptolemy.util.test.junit.AutoTests" name="[143] /home/travis/build/icyphy/ptII/ptolemy/actor/lib/test/auto/Equals.xml (RunModel)" time="0.012" />
  <testcase classname="ptolemy.util.test.junit.AutoTests" name="[144] /home/travis/build/icyphy/ptII/ptolemy/actor/lib/test/auto/Exec.xml (RunModel)" time="0.025" />
  <testcase classname="ptolemy.util.test.junit.AutoTests" name="[145] /home/travis/build/icyphy/ptII/ptolemy/actor/lib/test/auto/ExecEnvironment.xml (RunModel)" time="0.045" />
  <testcase classname="ptolemy.util.test.junit.AutoTests" name="[146] /home/travis/build/icyphy/ptII/ptolemy/actor/lib/test/auto/ExecNonZeroReturnOutput.xml (RunModel)" time="0.202" />
  <testcase classname="ptolemy.util.test.junit.AutoTests" name="[147] /home/travis/build/icyphy/ptII/ptolemy/actor/lib/test/auto/ExecRunDemos.xml (RunModel)" time="10.039" />
  <testcase classname="ptolemy.util.test.junit.AutoTests" name="[148] /home/travis/build/icyphy/ptII/ptolemy/actor/lib/test/auto/ExecStop.xml (RunModel)" time="5.045" />
  <testcase classname="ptolemy.util.test.junit.AutoTests" name="[149] /home/travis/build/icyphy/ptII/ptolemy/actor/lib/test/auto/ExecutionTimeSDF.xml (RunModel)" time="6.028" />
  <testcase classname="ptolemy.util.test.junit.AutoTests" name="[150] /home/travis/build/icyphy/ptII/ptolemy/actor/lib/test/auto/Expression1.xml (RunModel)" time="0.024" />
  <testcase classname="ptolemy.util.test.junit.AutoTests" name="[151] /home/travis/build/icyphy/ptII/ptolemy/actor/lib/test/auto/Expression10.xml (RunModel)" time="0.019" />
  <testcase classname="ptolemy.util.test.junit.AutoTests" name="[152] /home/travis/build/icyphy/ptII/ptolemy/actor/lib/test/auto/Expression11.xml (RunModel)" time="0.009" />
  <testcase classname="ptolemy.util.test.junit.AutoTests" name="[153] /home/travis/build/icyphy/ptII/ptolemy/actor/lib/test/auto/Expression12.xml (RunModel)" time="0.013" />
  <testcase classname="ptolemy.util.test.junit.AutoTests" name="[154] /home/travis/build/icyphy/ptII/ptolemy/actor/lib/test/auto/Expression13.xml (RunModel)" time="0.011" />
  <testcase classname="ptolemy.util.test.junit.AutoTests" name="[155] /home/travis/build/icyphy/ptII/ptolemy/actor/lib/test/auto/Expression14.xml (RunModel)" time="0.016" />
  <testcase classname="ptolemy.util.test.junit.AutoTests" name="[156] /home/travis/build/icyphy/ptII/ptolemy/actor/lib/test/auto/Expression15.xml (RunModel)" time="0.006" />
  <testcase classname="ptolemy.util.test.junit.AutoTests" name="[157] /home/travis/build/icyphy/ptII/ptolemy/actor/lib/test/auto/Expression16.xml (RunModel)" time="0.011" />
  <testcase classname="ptolemy.util.test.junit.AutoTests" name="[158] /home/travis/build/icyphy/ptII/ptolemy/actor/lib/test/auto/Expression17.xml (RunModel)" time="0.011" />
  <testcase classname="ptolemy.util.test.junit.AutoTests" name="[159] /home/travis/build/icyphy/ptII/ptolemy/actor/lib/test/auto/Expression18.xml (RunModel)" time="0.012" />
  <testcase classname="ptolemy.util.test.junit.AutoTests" name="[160] /home/travis/build/icyphy/ptII/ptolemy/actor/lib/test/auto/Expression2.xml (RunModel)" time="0.014" />
  <testcase classname="ptolemy.util.test.junit.AutoTests" name="[161] /home/travis/build/icyphy/ptII/ptolemy/actor/lib/test/auto/Expression3.xml (RunModel)" time="0.013" />
  <testcase classname="ptolemy.util.test.junit.AutoTests" name="[162] /home/travis/build/icyphy/ptII/ptolemy/actor/lib/test/auto/Expression4.xml (RunModel)" time="0.017" />
  <testcase classname="ptolemy.util.test.junit.AutoTests" name="[163] /home/travis/build/icyphy/ptII/ptolemy/actor/lib/test/auto/Expression5.xml (RunModel)" time="0.012" />
  <testcase classname="ptolemy.util.test.junit.AutoTests" name="[164] /home/travis/build/icyphy/ptII/ptolemy/actor/lib/test/auto/Expression6.xml (RunModel)" time="0.008" />
  <testcase classname="ptolemy.util.test.junit.AutoTests" name="[165] /home/travis/build/icyphy/ptII/ptolemy/actor/lib/test/auto/Expression7.xml (RunModel)" time="0.012" />
  <testcase classname="ptolemy.util.test.junit.AutoTests" name="[166] /home/travis/build/icyphy/ptII/ptolemy/actor/lib/test/auto/Expression8.xml (RunModel)" time="0.014" />
  <testcase classname="ptolemy.util.test.junit.AutoTests" name="[167] /home/travis/build/icyphy/ptII/ptolemy/actor/lib/test/auto/Expression9.xml (RunModel)" time="0.007" />
  <testcase classname="ptolemy.util.test.junit.AutoTests" name="[168] /home/travis/build/icyphy/ptII/ptolemy/actor/lib/test/auto/ExpressionConcatenateArrayType.xml (RunModel)" time="0.029" />
  <testcase classname="ptolemy.util.test.junit.AutoTests" name="[169] /home/travis/build/icyphy/ptII/ptolemy/actor/lib/test/auto/ExpressionConcatenateArrayType2.xml (RunModel)" time="0.017" />
  <testcase classname="ptolemy.util.test.junit.AutoTests" name="[170] /home/travis/build/icyphy/ptII/ptolemy/actor/lib/test/auto/ExpressionFix.xml (RunModel)" time="0.041" />
  <testcase classname="ptolemy.util.test.junit.AutoTests" name="[171] /home/travis/build/icyphy/ptII/ptolemy/actor/lib/test/auto/ExpressionFix2.xml (RunModel)" time="0.008" />
  <testcase classname="ptolemy.util.test.junit.AutoTests" name="[172] /home/travis/build/icyphy/ptII/ptolemy/actor/lib/test/auto/ExpressionFix3.xml (RunModel)" time="0.008" />
  <testcase classname="ptolemy.util.test.junit.AutoTests" name="[173] /home/travis/build/icyphy/ptII/ptolemy/actor/lib/test/auto/FileWriter1.xml (RunModel)" time="0.008" />
  <testcase classname="ptolemy.util.test.junit.AutoTests" name="[174] /home/travis/build/icyphy/ptII/ptolemy/actor/lib/test/auto/FileWriter2.xml (RunModel)" time="0.012" />
  <testcase classname="ptolemy.util.test.junit.AutoTests" name="[175] /home/travis/build/icyphy/ptII/ptolemy/actor/lib/test/auto/FileWriter3.xml (RunModel)" time="0.01" />
  <testcase classname="ptolemy.util.test.junit.AutoTests" name="[176] /home/travis/build/icyphy/ptII/ptolemy/actor/lib/test/auto/Gaussian.xml (RunModel)" time="0.013" />
  <testcase classname="ptolemy.util.test.junit.AutoTests" name="[177] /home/travis/build/icyphy/ptII/ptolemy/actor/lib/test/auto/Gaussian1.xml (RunModel)" time="0.012" />
  <testcase classname="ptolemy.util.test.junit.AutoTests" name="[178] /home/travis/build/icyphy/ptII/ptolemy/actor/lib/test/auto/Gaussian2.xml (RunModel)" time="0.024" />
  <testcase classname="ptolemy.util.test.junit.AutoTests" name="[179] /home/travis/build/icyphy/ptII/ptolemy/actor/lib/test/auto/GradientAdaptiveLattice.xml (RunModel)" time="0.018" />
  <testcase classname="ptolemy.util.test.junit.AutoTests" name="[180] /home/travis/build/icyphy/ptII/ptolemy/actor/lib/test/auto/IIR.xml (RunModel)" time="0.009" />
  <testcase classname="ptolemy.util.test.junit.AutoTests" name="[181] /home/travis/build/icyphy/ptII/ptolemy/actor/lib/test/auto/InputOutputTransparentPorts.xml (RunModel)" time="0.019" />
  <testcase classname="ptolemy.util.test.junit.AutoTests" name="[182] /home/travis/build/icyphy/ptII/ptolemy/actor/lib/test/auto/Interpolator.xml (RunModel)" time="0.012" />
  <testcase classname="ptolemy.util.test.junit.AutoTests" name="[183] /home/travis/build/icyphy/ptII/ptolemy/actor/lib/test/auto/InterpolatorFiringLimitDE.xml (RunModel)" time="0.014" />
  <testcase classname="ptolemy.util.test.junit.AutoTests" name="[184] /home/travis/build/icyphy/ptII/ptolemy/actor/lib/test/auto/Lattice.xml (RunModel)" time="0.008" />
  <testcase classname="ptolemy.util.test.junit.AutoTests" name="[185] /home/travis/build/icyphy/ptII/ptolemy/actor/lib/test/auto/LazyAOCTestLazy.xml (RunModel)" time="0.041" />
  <testcase classname="ptolemy.util.test.junit.AutoTests" name="[186] /home/travis/build/icyphy/ptII/ptolemy/actor/lib/test/auto/LazyAOCTestNonLazy.xml (RunModel)" time="0.038" />
  <testcase classname="ptolemy.util.test.junit.AutoTests" name="[187] /home/travis/build/icyphy/ptII/ptolemy/actor/lib/test/auto/LazyInnerClass.xml (RunModel)" time="0.041" />
  <testcase classname="ptolemy.util.test.junit.AutoTests" name="[188] /home/travis/build/icyphy/ptII/ptolemy/actor/lib/test/auto/LazyPubSub.xml (RunModel)" time="0.05" />
  <testcase classname="ptolemy.util.test.junit.AutoTests" name="[189] /home/travis/build/icyphy/ptII/ptolemy/actor/lib/test/auto/LazyPubSub2.xml (RunModel)" time="0.039" />
  <testcase classname="ptolemy.util.test.junit.AutoTests" name="[190] /home/travis/build/icyphy/ptII/ptolemy/actor/lib/test/auto/LazyPubSub3.xml (RunModel)" time="0.022" />
  <testcase classname="ptolemy.util.test.junit.AutoTests" name="[191] /home/travis/build/icyphy/ptII/ptolemy/actor/lib/test/auto/LazySubClassModel.xml (RunModel)" time="0.024" />
  <testcase classname="ptolemy.util.test.junit.AutoTests" name="[192] /home/travis/build/icyphy/ptII/ptolemy/actor/lib/test/auto/LevelCrossTest1.xml (RunModel)" time="0.009" />
  <testcase classname="ptolemy.util.test.junit.AutoTests" name="[193] /home/travis/build/icyphy/ptII/ptolemy/actor/lib/test/auto/LevelCrossTest10.xml (RunModel)" time="0.013" />
  <testcase classname="ptolemy.util.test.junit.AutoTests" name="[194] /home/travis/build/icyphy/ptII/ptolemy/actor/lib/test/auto/LevelCrossTest11.xml (RunModel)" time="0.014" />
  <testcase classname="ptolemy.util.test.junit.AutoTests" name="[195] /home/travis/build/icyphy/ptII/ptolemy/actor/lib/test/auto/LevelCrossTest12.xml (RunModel)" time="0.015" />
  <testcase classname="ptolemy.util.test.junit.AutoTests" name="[196] /home/travis/build/icyphy/ptII/ptolemy/actor/lib/test/auto/LevelCrossTest13.xml (RunModel)" time="0.014" />
  <testcase classname="ptolemy.util.test.junit.AutoTests" name="[197] /home/travis/build/icyphy/ptII/ptolemy/actor/lib/test/auto/LevelCrossTest2.xml (RunModel)" time="0.009" />
  <testcase classname="ptolemy.util.test.junit.AutoTests" name="[198] /home/travis/build/icyphy/ptII/ptolemy/actor/lib/test/auto/LevelCrossTest3.xml (RunModel)" time="0.01" />
  <testcase classname="ptolemy.util.test.junit.AutoTests" name="[199] /home/travis/build/icyphy/ptII/ptolemy/actor/lib/test/auto/LevelCrossTest4.xml (RunModel)" time="0.01" />
  <testcase classname="ptolemy.util.test.junit.AutoTests" name="[200] /home/travis/build/icyphy/ptII/ptolemy/actor/lib/test/auto/LevelCrossTest5.xml (RunModel)" time="0.022" />
  <testcase classname="ptolemy.util.test.junit.AutoTests" name="[201] /home/travis/build/icyphy/ptII/ptolemy/actor/lib/test/auto/LevelCrossTest6.xml (RunModel)" time="0.017" />
  <testcase classname="ptolemy.util.test.junit.AutoTests" name="[202] /home/travis/build/icyphy/ptII/ptolemy/actor/lib/test/auto/LevelCrossTest7.xml (RunModel)" time="0.021" />
  <testcase classname="ptolemy.util.test.junit.AutoTests" name="[203] /home/travis/build/icyphy/ptII/ptolemy/actor/lib/test/auto/LevelCrossTest8.xml (RunModel)" time="0.013" />
  <testcase classname="ptolemy.util.test.junit.AutoTests" name="[204] /home/travis/build/icyphy/ptII/ptolemy/actor/lib/test/auto/LevelCrossTest9.xml (RunModel)" time="0.011" />
  <testcase classname="ptolemy.util.test.junit.AutoTests" name="[205] /home/travis/build/icyphy/ptII/ptolemy/actor/lib/test/auto/LevinsonDurbin.xml (RunModel)" time="0.009" />
  <testcase classname="ptolemy.util.test.junit.AutoTests" name="[206] /home/travis/build/icyphy/ptII/ptolemy/actor/lib/test/auto/LevinsonDurbin2.xml (RunModel)" time="0.008" />
  <testcase classname="ptolemy.util.test.junit.AutoTests" name="[207] /home/travis/build/icyphy/ptII/ptolemy/actor/lib/test/auto/LevinsonDurbin3.xml (RunModel)" time="0.008" />
  <testcase classname="ptolemy.util.test.junit.AutoTests" name="[208] /home/travis/build/icyphy/ptII/ptolemy/actor/lib/test/auto/Limiter.xml (RunModel)" time="0.041" />
  <testcase classname="ptolemy.util.test.junit.AutoTests" name="[209] /home/travis/build/icyphy/ptII/ptolemy/actor/lib/test/auto/LinearDifferenceEquationSystem.xml (RunModel)" time="0.02" />
  <testcase classname="ptolemy.util.test.junit.AutoTests" name="[210] /home/travis/build/icyphy/ptII/ptolemy/actor/lib/test/auto/LookupTable.xml (RunModel)" time="0.009" />
  <testcase classname="ptolemy.util.test.junit.AutoTests" name="[211] /home/travis/build/icyphy/ptII/ptolemy/actor/lib/test/auto/MathFunction.xml (RunModel)" time="0.018" />
  <testcase classname="ptolemy.util.test.junit.AutoTests" name="[212] /home/travis/build/icyphy/ptII/ptolemy/actor/lib/test/auto/MathFunction2.xml (RunModel)" time="0.012" />
  <testcase classname="ptolemy.util.test.junit.AutoTests" name="[213] /home/travis/build/icyphy/ptII/ptolemy/actor/lib/test/auto/MathFunction3.xml (RunModel)" time="0.017" />
  <testcase classname="ptolemy.util.test.junit.AutoTests" name="[214] /home/travis/build/icyphy/ptII/ptolemy/actor/lib/test/auto/MatrixCropBoolean.xml (RunModel)" time="0.016" />
  <testcase classname="ptolemy.util.test.junit.AutoTests" name="[215] /home/travis/build/icyphy/ptII/ptolemy/actor/lib/test/auto/MatrixCropComplex.xml (RunModel)" time="0.009" />
  <testcase classname="ptolemy.util.test.junit.AutoTests" name="[216] /home/travis/build/icyphy/ptII/ptolemy/actor/lib/test/auto/MatrixCropDouble.xml (RunModel)" time="0.008" />
  <testcase classname="ptolemy.util.test.junit.AutoTests" name="[217] /home/travis/build/icyphy/ptII/ptolemy/actor/lib/test/auto/MatrixCropFix.xml (RunModel)" time="0.013" />
  <testcase classname="ptolemy.util.test.junit.AutoTests" name="[218] /home/travis/build/icyphy/ptII/ptolemy/actor/lib/test/auto/MatrixCropInt.xml (RunModel)" time="0.008" />
  <testcase classname="ptolemy.util.test.junit.AutoTests" name="[219] /home/travis/build/icyphy/ptII/ptolemy/actor/lib/test/auto/MatrixCropLong.xml (RunModel)" time="0.01" />
  <testcase classname="ptolemy.util.test.junit.AutoTests" name="[220] /home/travis/build/icyphy/ptII/ptolemy/actor/lib/test/auto/MatrixToArray.xml (RunModel)" time="0.053" />
  <testcase classname="ptolemy.util.test.junit.AutoTests" name="[221] /home/travis/build/icyphy/ptII/ptolemy/actor/lib/test/auto/MaxIndex.xml (RunModel)" time="0.013" />
  <testcase classname="ptolemy.util.test.junit.AutoTests" name="[222] /home/travis/build/icyphy/ptII/ptolemy/actor/lib/test/auto/Maximum.xml (RunModel)" time="0.011" />
  <testcase classname="ptolemy.util.test.junit.AutoTests" name="[223] /home/travis/build/icyphy/ptII/ptolemy/actor/lib/test/auto/MaximumComplex.xml (RunModel)" time="0.019" />
  <testcase classname="ptolemy.util.test.junit.AutoTests" name="[224] /home/travis/build/icyphy/ptII/ptolemy/actor/lib/test/auto/MethodCallTest.xml (RunModel)" time="0.021" />
  <testcase classname="ptolemy.util.test.junit.AutoTests" name="[225] /home/travis/build/icyphy/ptII/ptolemy/actor/lib/test/auto/Minimum.xml (RunModel)" time="0.013" />
  <testcase classname="ptolemy.util.test.junit.AutoTests" name="[226] /home/travis/build/icyphy/ptII/ptolemy/actor/lib/test/auto/MinimumComplex.xml (RunModel)" time="0.024" />
  <testcase classname="ptolemy.util.test.junit.AutoTests" name="[227] /home/travis/build/icyphy/ptII/ptolemy/actor/lib/test/auto/MinimumMultiports.xml (RunModel)" time="0.016" />
  <testcase classname="ptolemy.util.test.junit.AutoTests" name="[228] /home/travis/build/icyphy/ptII/ptolemy/actor/lib/test/auto/ModifyDate.xml (RunModel)" time="0.038" />
  <testcase classname="ptolemy.util.test.junit.AutoTests" name="[229] /home/travis/build/icyphy/ptII/ptolemy/actor/lib/test/auto/ModifyDate2.xml (RunModel)" time="0.028" />
  <testcase classname="ptolemy.util.test.junit.AutoTests" name="[230] /home/travis/build/icyphy/ptII/ptolemy/actor/lib/test/auto/MovingAverage.xml (RunModel)" time="0.01" />
  <testcase classname="ptolemy.util.test.junit.AutoTests" name="[231] /home/travis/build/icyphy/ptII/ptolemy/actor/lib/test/auto/MovingMaximum.xml (RunModel)" time="0.014" />
  <testcase classname="ptolemy.util.test.junit.AutoTests" name="[232] /home/travis/build/icyphy/ptII/ptolemy/actor/lib/test/auto/MultipleLinksToSameRelation.xml (RunModel)" time="0.016" />
  <testcase classname="ptolemy.util.test.junit.AutoTests" name="[233] /home/travis/build/icyphy/ptII/ptolemy/actor/lib/test/auto/MultipleLinksToSameRelationDE.xml (RunModel)" time="0.017" />
  <testcase classname="ptolemy.util.test.junit.AutoTests" name="[234] /home/travis/build/icyphy/ptII/ptolemy/actor/lib/test/auto/Multiplexor.xml (RunModel)" time="0.011" />
  <testcase classname="ptolemy.util.test.junit.AutoTests" name="[235] /home/travis/build/icyphy/ptII/ptolemy/actor/lib/test/auto/Multiplexor1.xml (RunModel)" time="0.01" />
  <testcase classname="ptolemy.util.test.junit.AutoTests" name="[236] /home/travis/build/icyphy/ptII/ptolemy/actor/lib/test/auto/Multiplexor2.xml (RunModel)" time="0.015" />
  <testcase classname="ptolemy.util.test.junit.AutoTests" name="[237] /home/travis/build/icyphy/ptII/ptolemy/actor/lib/test/auto/Multiplexor3.xml (RunModel)" time="0.008" />
  <testcase classname="ptolemy.util.test.junit.AutoTests" name="[238] /home/travis/build/icyphy/ptII/ptolemy/actor/lib/test/auto/MultiplexorDE.xml (RunModel)" time="0.015" />
  <testcase classname="ptolemy.util.test.junit.AutoTests" name="[239] /home/travis/build/icyphy/ptII/ptolemy/actor/lib/test/auto/MultiportBroadcastTest.xml (RunModel)" time="0.106" />
  <testcase classname="ptolemy.util.test.junit.AutoTests" name="[240] /home/travis/build/icyphy/ptII/ptolemy/actor/lib/test/auto/MultiportOutHangDuringGetWidth.xml (RunModel)" time="0.043" />
  <testcase classname="ptolemy.util.test.junit.AutoTests" name="[241] /home/travis/build/icyphy/ptII/ptolemy/actor/lib/test/auto/NilToken.xml (RunModel)" time="0.011" />
  <testcase classname="ptolemy.util.test.junit.AutoTests" name="[242] /home/travis/build/icyphy/ptII/ptolemy/actor/lib/test/auto/NilTokenNonStrictTest.xml (RunModel)" time="0.009" />
  <testcase classname="ptolemy.util.test.junit.AutoTests" name="[243] /home/travis/build/icyphy/ptII/ptolemy/actor/lib/test/auto/NilTokenRecord.xml (RunModel)" time="0.025" />
  <testcase classname="ptolemy.util.test.junit.AutoTests" name="[244] /home/travis/build/icyphy/ptII/ptolemy/actor/lib/test/auto/NilTokenTypeTest.xml (RunModel)" time="0.034" />
  <testcase classname="ptolemy.util.test.junit.AutoTests" name="[245] /home/travis/build/icyphy/ptII/ptolemy/actor/lib/test/auto/ObjectToken1.xml (RunModel)" time="0.007" />
  <testcase classname="ptolemy.util.test.junit.AutoTests" name="[246] /home/travis/build/icyphy/ptII/ptolemy/actor/lib/test/auto/OrderedMerge.xml (RunModel)" time="0.021" />
  <testcase classname="ptolemy.util.test.junit.AutoTests" name="[247] /home/travis/build/icyphy/ptII/ptolemy/actor/lib/test/auto/OrderedRecordDisassembler.xml (RunModel)" time="0.017" />
  <testcase classname="ptolemy.util.test.junit.AutoTests" name="[248] /home/travis/build/icyphy/ptII/ptolemy/actor/lib/test/auto/OrderedRecordDisassembler2.xml (RunModel)" time="0.026" />
  <testcase classname="ptolemy.util.test.junit.AutoTests" name="[249] /home/travis/build/icyphy/ptII/ptolemy/actor/lib/test/auto/OrderedRecordUpdater.xml (RunModel)" time="0.011" />
  <testcase classname="ptolemy.util.test.junit.AutoTests" name="[250] /home/travis/build/icyphy/ptII/ptolemy/actor/lib/test/auto/OrderedRecordUpdater2.xml (RunModel)" time="0.014" />
  <testcase classname="ptolemy.util.test.junit.AutoTests" name="[251] /home/travis/build/icyphy/ptII/ptolemy/actor/lib/test/auto/PhaseUnwrap.xml (RunModel)" time="0.011" />
  <testcase classname="ptolemy.util.test.junit.AutoTests" name="[252] /home/travis/build/icyphy/ptII/ptolemy/actor/lib/test/auto/PoissonClock.xml (RunModel)" time="0.011" />
  <testcase classname="ptolemy.util.test.junit.AutoTests" name="[253] /home/travis/build/icyphy/ptII/ptolemy/actor/lib/test/auto/PoissonClock2.xml (RunModel)" time="0.007" />
  <testcase classname="ptolemy.util.test.junit.AutoTests" name="[254] /home/travis/build/icyphy/ptII/ptolemy/actor/lib/test/auto/PoissonClock3.xml (RunModel)" time="0.015" />
  <testcase classname="ptolemy.util.test.junit.AutoTests" name="[255] /home/travis/build/icyphy/ptII/ptolemy/actor/lib/test/auto/PubSubWithInitialTokens.xml (RunModel)" time="0.009" />
  <testcase classname="ptolemy.util.test.junit.AutoTests" name="[256] /home/travis/build/icyphy/ptII/ptolemy/actor/lib/test/auto/PubSubWithInitialTokens2.xml (RunModel)" time="0.01" />
  <testcase classname="ptolemy.util.test.junit.AutoTests" name="[257] /home/travis/build/icyphy/ptII/ptolemy/actor/lib/test/auto/PublisherClassNoParameter.xml (RunModel)" time="0.016" />
  <testcase classname="ptolemy.util.test.junit.AutoTests" name="[258] /home/travis/build/icyphy/ptII/ptolemy/actor/lib/test/auto/PublisherClassParameter.xml (RunModel)" time="0.018" />
  <testcase classname="ptolemy.util.test.junit.AutoTests" name="[259] /home/travis/build/icyphy/ptII/ptolemy/actor/lib/test/auto/PublisherNonStrictTest.xml (RunModel)" time="0.013" />
  <testcase classname="ptolemy.util.test.junit.AutoTests" name="[260] /home/travis/build/icyphy/ptII/ptolemy/actor/lib/test/auto/PublisherPort1.xml (RunModel)" time="0.019" />
  <testcase classname="ptolemy.util.test.junit.AutoTests" name="[261] /home/travis/build/icyphy/ptII/ptolemy/actor/lib/test/auto/PublisherPort2.xml (RunModel)" time="0.008" />
  <testcase classname="ptolemy.util.test.junit.AutoTests" name="[262] /home/travis/build/icyphy/ptII/ptolemy/actor/lib/test/auto/PublisherPort3.xml (RunModel)" time="0.01" />
  <testcase classname="ptolemy.util.test.junit.AutoTests" name="[263] /home/travis/build/icyphy/ptII/ptolemy/actor/lib/test/auto/PublisherPort4.xml (RunModel)" time="0.011" />
  <testcase classname="ptolemy.util.test.junit.AutoTests" name="[264] /home/travis/build/icyphy/ptII/ptolemy/actor/lib/test/auto/PublisherPort5.xml (RunModel)" time="0.012" />
  <testcase classname="ptolemy.util.test.junit.AutoTests" name="[265] /home/travis/build/icyphy/ptII/ptolemy/actor/lib/test/auto/PublisherPort5LookAlike.xml (RunModel)" time="0.016" />
  <testcase classname="ptolemy.util.test.junit.AutoTests" name="[266] /home/travis/build/icyphy/ptII/ptolemy/actor/lib/test/auto/PublisherPort6.xml (RunModel)" time="0.01" />
  <testcase classname="ptolemy.util.test.junit.AutoTests" name="[267] /home/travis/build/icyphy/ptII/ptolemy/actor/lib/test/auto/PublisherPort7.xml (RunModel)" time="0.014" />
  <testcase classname="ptolemy.util.test.junit.AutoTests" name="[268] /home/travis/build/icyphy/ptII/ptolemy/actor/lib/test/auto/PublisherPort8.xml (RunModel)" time="0.015" />
  <testcase classname="ptolemy.util.test.junit.AutoTests" name="[269] /home/travis/build/icyphy/ptII/ptolemy/actor/lib/test/auto/PublisherPortSubscriberChannelVariablesAOC2.xml (RunModel)" time="0.029" />
  <testcase classname="ptolemy.util.test.junit.AutoTests" name="[270] /home/travis/build/icyphy/ptII/ptolemy/actor/lib/test/auto/PublisherPortSubscriberOpaqueWidthInference.xml (RunModel)" time="0.013" />
  <testcase classname="ptolemy.util.test.junit.AutoTests" name="[271] /home/travis/build/icyphy/ptII/ptolemy/actor/lib/test/auto/PublisherPortSubscriberPortAdjacent.xml (RunModel)" time="0.017" />
  <testcase classname="ptolemy.util.test.junit.AutoTests" name="[272] /home/travis/build/icyphy/ptII/ptolemy/actor/lib/test/auto/PublisherPortSubscriberPortExpression.xml (RunModel)" time="0.021" />
  <testcase classname="ptolemy.util.test.junit.AutoTests" name="[273] /home/travis/build/icyphy/ptII/ptolemy/actor/lib/test/auto/PublisherPortSubscriberPortOpaqueD3Reverse.xml (RunModel)" time="0.043" />
  <testcase classname="ptolemy.util.test.junit.AutoTests" name="[274] /home/travis/build/icyphy/ptII/ptolemy/actor/lib/test/auto/PublisherPortSubscriberPortOpaqueWidthInference.xml (RunModel)" time="0.028" />
  <testcase classname="ptolemy.util.test.junit.AutoTests" name="[275] /home/travis/build/icyphy/ptII/ptolemy/actor/lib/test/auto/PublisherPortToplevelSubscriberPortAOC.xml (RunModel)" time="0.011" />
  <testcase classname="ptolemy.util.test.junit.AutoTests" name="[276] /home/travis/build/icyphy/ptII/ptolemy/actor/lib/test/auto/PublisherSubscriber.xml (RunModel)" time="0.012" />
  <testcase classname="ptolemy.util.test.junit.AutoTests" name="[277] /home/travis/build/icyphy/ptII/ptolemy/actor/lib/test/auto/PublisherSubscriber10.xml (RunModel)" time="0.018" />
  <testcase classname="ptolemy.util.test.junit.AutoTests" name="[278] /home/travis/build/icyphy/ptII/ptolemy/actor/lib/test/auto/PublisherSubscriber10InitialOutputs.xml (RunModel)" time="0.034" />
  <testcase classname="ptolemy.util.test.junit.AutoTests" name="[279] /home/travis/build/icyphy/ptII/ptolemy/actor/lib/test/auto/PublisherSubscriber11.xml (RunModel)" time="0.021" />
  <testcase classname="ptolemy.util.test.junit.AutoTests" name="[280] /home/travis/build/icyphy/ptII/ptolemy/actor/lib/test/auto/PublisherSubscriber12.xml (RunModel)" time="0.013" />
  <testcase classname="ptolemy.util.test.junit.AutoTests" name="[281] /home/travis/build/icyphy/ptII/ptolemy/actor/lib/test/auto/PublisherSubscriber13.xml (RunModel)" time="0.009" />
  <testcase classname="ptolemy.util.test.junit.AutoTests" name="[282] /home/travis/build/icyphy/ptII/ptolemy/actor/lib/test/auto/PublisherSubscriber14.xml (RunModel)" time="0.018" />
  <testcase classname="ptolemy.util.test.junit.AutoTests" name="[283] /home/travis/build/icyphy/ptII/ptolemy/actor/lib/test/auto/PublisherSubscriber2.xml (RunModel)" time="0.01" />
  <testcase classname="ptolemy.util.test.junit.AutoTests" name="[284] /home/travis/build/icyphy/ptII/ptolemy/actor/lib/test/auto/PublisherSubscriber3.xml (RunModel)" time="0.009" />
  <testcase classname="ptolemy.util.test.junit.AutoTests" name="[285] /home/travis/build/icyphy/ptII/ptolemy/actor/lib/test/auto/PublisherSubscriber4.xml (RunModel)" time="0.008" />
  <testcase classname="ptolemy.util.test.junit.AutoTests" name="[286] /home/travis/build/icyphy/ptII/ptolemy/actor/lib/test/auto/PublisherSubscriber5.xml (RunModel)" time="0.01" />
  <testcase classname="ptolemy.util.test.junit.AutoTests" name="[287] /home/travis/build/icyphy/ptII/ptolemy/actor/lib/test/auto/PublisherSubscriber6.xml (RunModel)" time="0.013" />
  <testcase classname="ptolemy.util.test.junit.AutoTests" name="[288] /home/travis/build/icyphy/ptII/ptolemy/actor/lib/test/auto/PublisherSubscriber7.xml (RunModel)" time="0.016" />
  <testcase classname="ptolemy.util.test.junit.AutoTests" name="[289] /home/travis/build/icyphy/ptII/ptolemy/actor/lib/test/auto/PublisherSubscriber8.xml (RunModel)" time="0.027" />
  <testcase classname="ptolemy.util.test.junit.AutoTests" name="[290] /home/travis/build/icyphy/ptII/ptolemy/actor/lib/test/auto/PublisherSubscriber9.xml (RunModel)" time="0.015" />
  <testcase classname="ptolemy.util.test.junit.AutoTests" name="[291] /home/travis/build/icyphy/ptII/ptolemy/actor/lib/test/auto/PublisherSubscriberAdjacent.xml (RunModel)" time="0.014" />
  <testcase classname="ptolemy.util.test.junit.AutoTests" name="[292] /home/travis/build/icyphy/ptII/ptolemy/actor/lib/test/auto/PublisherSubscriberChannelVariablesAOC2.xml (RunModel)" time="0.023" />
  <testcase classname="ptolemy.util.test.junit.AutoTests" name="[293] /home/travis/build/icyphy/ptII/ptolemy/actor/lib/test/auto/PublisherSubscriberD3.xml (RunModel)" time="0.011" />
  <testcase classname="ptolemy.util.test.junit.AutoTests" name="[294] /home/travis/build/icyphy/ptII/ptolemy/actor/lib/test/auto/PublisherSubscriberD3Reverse.xml (RunModel)" time="0.01" />
  <testcase classname="ptolemy.util.test.junit.AutoTests" name="[295] /home/travis/build/icyphy/ptII/ptolemy/actor/lib/test/auto/PublisherSubscriberExpression.xml (RunModel)" time="0.025" />
  <testcase classname="ptolemy.util.test.junit.AutoTests" name="[296] /home/travis/build/icyphy/ptII/ptolemy/actor/lib/test/auto/PublisherSubscriberOpaque.xml (RunModel)" time="0.014" />
  <testcase classname="ptolemy.util.test.junit.AutoTests" name="[297] /home/travis/build/icyphy/ptII/ptolemy/actor/lib/test/auto/PublisherSubscriberOpaqueD3.xml (RunModel)" time="0.021" />
  <testcase classname="ptolemy.util.test.junit.AutoTests" name="[298] /home/travis/build/icyphy/ptII/ptolemy/actor/lib/test/auto/PublisherSubscriberOpaqueD3Reverse.xml (RunModel)" time="0.02" />
  <testcase classname="ptolemy.util.test.junit.AutoTests" name="[299] /home/travis/build/icyphy/ptII/ptolemy/actor/lib/test/auto/PublisherSubscriberOpaqueWidthInference.xml (RunModel)" time="0.032" />
  <testcase classname="ptolemy.util.test.junit.AutoTests" name="[300] /home/travis/build/icyphy/ptII/ptolemy/actor/lib/test/auto/PublisherTestSubscriber.xml (RunModel)" time="0.019" />
  <testcase classname="ptolemy.util.test.junit.AutoTests" name="[301] /home/travis/build/icyphy/ptII/ptolemy/actor/lib/test/auto/PublisherToplevelSubscriberPortAOC.xml (RunModel)" time="0.01" />
  <testcase classname="ptolemy.util.test.junit.AutoTests" name="[302] /home/travis/build/icyphy/ptII/ptolemy/actor/lib/test/auto/PulseFiringLimitDE.xml (RunModel)" time="0.013" />
  <testcase classname="ptolemy.util.test.junit.AutoTests" name="[303] /home/travis/build/icyphy/ptII/ptolemy/actor/lib/test/auto/Ramp1.xml (RunModel)" time="0.006" />
  <testcase classname="ptolemy.util.test.junit.AutoTests" name="[304] /home/travis/build/icyphy/ptII/ptolemy/actor/lib/test/auto/RampFiringLimitDE.xml (RunModel)" time="0.01" />
  <testcase classname="ptolemy.util.test.junit.AutoTests" name="[305] /home/travis/build/icyphy/ptII/ptolemy/actor/lib/test/auto/RampFiringLimitSDF.xml (RunModel)" time="0.009" />
  <testcase classname="ptolemy.util.test.junit.AutoTests" name="[306] /home/travis/build/icyphy/ptII/ptolemy/actor/lib/test/auto/RandomInteger.xml (RunModel)" time="0.007" />
  <testcase classname="ptolemy.util.test.junit.AutoTests" name="[307] /home/travis/build/icyphy/ptII/ptolemy/actor/lib/test/auto/ReadFile1.xml (RunModel)" time="0.007" />
  <testcase classname="ptolemy.util.test.junit.AutoTests" name="[308] /home/travis/build/icyphy/ptII/ptolemy/actor/lib/test/auto/ReadFile2.xml (RunModel)" time="0.008" />
  <testcase classname="ptolemy.util.test.junit.AutoTests" name="[309] /home/travis/build/icyphy/ptII/ptolemy/actor/lib/test/auto/Reader.xml (RunModel)" time="0.007" />
  <testcase classname="ptolemy.util.test.junit.AutoTests" name="[310] /home/travis/build/icyphy/ptII/ptolemy/actor/lib/test/auto/RecordAssemblerDisplayNameTest.xml (RunModel)" time="3.181" />
  <testcase classname="ptolemy.util.test.junit.AutoTests" name="[311] /home/travis/build/icyphy/ptII/ptolemy/actor/lib/test/auto/RecordAssemblerTypeError.xml (RunModel)" time="0.038" />
  <testcase classname="ptolemy.util.test.junit.AutoTests" name="[312] /home/travis/build/icyphy/ptII/ptolemy/actor/lib/test/auto/RecordDisassember.xml (RunModel)" time="0.013" />
  <testcase classname="ptolemy.util.test.junit.AutoTests" name="[313] /home/travis/build/icyphy/ptII/ptolemy/actor/lib/test/auto/RecordDisassemberDisplayNameTest.xml (RunModel)" time="0.016" />
  <testcase classname="ptolemy.util.test.junit.AutoTests" name="[314] /home/travis/build/icyphy/ptII/ptolemy/actor/lib/test/auto/RecordDisassembler.xml (RunModel)" time="0.011" />
  <testcase classname="ptolemy.util.test.junit.AutoTests" name="[315] /home/travis/build/icyphy/ptII/ptolemy/actor/lib/test/auto/RecordDisassembler2.xml (RunModel)" time="0.009" />
  <testcase classname="ptolemy.util.test.junit.AutoTests" name="[316] /home/travis/build/icyphy/ptII/ptolemy/actor/lib/test/auto/RecordUpdater.xml (RunModel)" time="0.009" />
  <testcase classname="ptolemy.util.test.junit.AutoTests" name="[317] /home/travis/build/icyphy/ptII/ptolemy/actor/lib/test/auto/RecordUpdater2.xml (RunModel)" time="0.009" />
  <testcase classname="ptolemy.util.test.junit.AutoTests" name="[318] /home/travis/build/icyphy/ptII/ptolemy/actor/lib/test/auto/RecursiveLattice.xml (RunModel)" time="0.007" />
  <testcase classname="ptolemy.util.test.junit.AutoTests" name="[319] /home/travis/build/icyphy/ptII/ptolemy/actor/lib/test/auto/Router.xml (RunModel)" time="3.022" />
  <testcase classname="ptolemy.util.test.junit.AutoTests" name="[320] /home/travis/build/icyphy/ptII/ptolemy/actor/lib/test/auto/Router2.xml (RunModel)" time="3.02" />
  <testcase classname="ptolemy.util.test.junit.AutoTests" name="[321] /home/travis/build/icyphy/ptII/ptolemy/actor/lib/test/auto/RunningMaximum.xml (RunModel)" time="0.012" />
  <testcase classname="ptolemy.util.test.junit.AutoTests" name="[322] /home/travis/build/icyphy/ptII/ptolemy/actor/lib/test/auto/RunningMinimum.xml (RunModel)" time="0.027" />
  <testcase classname="ptolemy.util.test.junit.AutoTests" name="[323] /home/travis/build/icyphy/ptII/ptolemy/actor/lib/test/auto/Scale.xml (RunModel)" time="0.006" />
  <testcase classname="ptolemy.util.test.junit.AutoTests" name="[324] /home/travis/build/icyphy/ptII/ptolemy/actor/lib/test/auto/Scale2.xml (RunModel)" time="0.012" />
  <testcase classname="ptolemy.util.test.junit.AutoTests" name="[325] /home/travis/build/icyphy/ptII/ptolemy/actor/lib/test/auto/Scale3.xml (RunModel)" time="0.013" />
  <testcase classname="ptolemy.util.test.junit.AutoTests" name="[326] /home/travis/build/icyphy/ptII/ptolemy/actor/lib/test/auto/ScaleArray.xml (RunModel)" time="0.006" />
  <testcase classname="ptolemy.util.test.junit.AutoTests" name="[327] /home/travis/build/icyphy/ptII/ptolemy/actor/lib/test/auto/ScaleArray2.xml (RunModel)" time="0.006" />
  <testcase classname="ptolemy.util.test.junit.AutoTests" name="[328] /home/travis/build/icyphy/ptII/ptolemy/actor/lib/test/auto/ScaleMatrix.xml (RunModel)" time="0.153" />
  <testcase classname="ptolemy.util.test.junit.AutoTests" name="[329] /home/travis/build/icyphy/ptII/ptolemy/actor/lib/test/auto/Select.xml (RunModel)" time="0.014" />
  <testcase classname="ptolemy.util.test.junit.AutoTests" name="[330] /home/travis/build/icyphy/ptII/ptolemy/actor/lib/test/auto/Select2.xml (RunModel)" time="0.009" />
  <testcase classname="ptolemy.util.test.junit.AutoTests" name="[331] /home/travis/build/icyphy/ptII/ptolemy/actor/lib/test/auto/SequenceToArray2.xml (RunModel)" time="0.131" />
  <testcase classname="ptolemy.util.test.junit.AutoTests" name="[332] /home/travis/build/icyphy/ptII/ptolemy/actor/lib/test/auto/SequentialClock.xml (RunModel)" time="0.009" />
  <testcase classname="ptolemy.util.test.junit.AutoTests" name="[333] /home/travis/build/icyphy/ptII/ptolemy/actor/lib/test/auto/SetVariable.xml (RunModel)" time="0.014" />
  <testcase classname="ptolemy.util.test.junit.AutoTests" name="[334] /home/travis/build/icyphy/ptII/ptolemy/actor/lib/test/auto/SetVariable2.xml (RunModel)" time="0.009" />
  <testcase classname="ptolemy.util.test.junit.AutoTests" name="[335] /home/travis/build/icyphy/ptII/ptolemy/actor/lib/test/auto/SetVariable3.xml (RunModel)" time="0.014" />
  <testcase classname="ptolemy.util.test.junit.AutoTests" name="[336] /home/travis/build/icyphy/ptII/ptolemy/actor/lib/test/auto/SetVariable4.xml (RunModel)" time="0.033" />
  <testcase classname="ptolemy.util.test.junit.AutoTests" name="[337] /home/travis/build/icyphy/ptII/ptolemy/actor/lib/test/auto/SetVariable5.xml (RunModel)" time="0.034" />
  <testcase classname="ptolemy.util.test.junit.AutoTests" name="[338] /home/travis/build/icyphy/ptII/ptolemy/actor/lib/test/auto/Sinewave.xml (RunModel)" time="0.022" />
  <testcase classname="ptolemy.util.test.junit.AutoTests" name="[339] /home/travis/build/icyphy/ptII/ptolemy/actor/lib/test/auto/Sinewave2.xml (RunModel)" time="0.014" />
  <testcase classname="ptolemy.util.test.junit.AutoTests" name="[340] /home/travis/build/icyphy/ptII/ptolemy/actor/lib/test/auto/Sinewave3.xml (RunModel)" time="0.017" />
  <testcase classname="ptolemy.util.test.junit.AutoTests" name="[341] /home/travis/build/icyphy/ptII/ptolemy/actor/lib/test/auto/SingleEvent.xml (RunModel)" time="0.006" />
  <testcase classname="ptolemy.util.test.junit.AutoTests" name="[342] /home/travis/build/icyphy/ptII/ptolemy/actor/lib/test/auto/Sleep.xml (RunModel)" time="6.012" />
  <testcase classname="ptolemy.util.test.junit.AutoTests" name="[343] /home/travis/build/icyphy/ptII/ptolemy/actor/lib/test/auto/SleepMultipleFire.xml (RunModel)" time="1.018" />
  <testcase classname="ptolemy.util.test.junit.AutoTests" name="[344] /home/travis/build/icyphy/ptII/ptolemy/actor/lib/test/auto/StopDE.xml (RunModel)" time="0.012" />
  <testcase classname="ptolemy.util.test.junit.AutoTests" name="[345] /home/travis/build/icyphy/ptII/ptolemy/actor/lib/test/auto/StopSDF.xml (RunModel)" time="0.01" />
  <testcase classname="ptolemy.util.test.junit.AutoTests" name="[346] /home/travis/build/icyphy/ptII/ptolemy/actor/lib/test/auto/StringConstant.xml (RunModel)" time="0.014" />
  <testcase classname="ptolemy.util.test.junit.AutoTests" name="[347] /home/travis/build/icyphy/ptII/ptolemy/actor/lib/test/auto/SubscriberPortInitialValues1.xml (RunModel)" time="0.019" />
  <testcase classname="ptolemy.util.test.junit.AutoTests" name="[348] /home/travis/build/icyphy/ptII/ptolemy/actor/lib/test/auto/SubscriberPortInitialValues13.xml (RunModel)" time="0.026" />
  <testcase classname="ptolemy.util.test.junit.AutoTests" name="[349] /home/travis/build/icyphy/ptII/ptolemy/actor/lib/test/auto/SubscriberPortInitialValues14.xml (RunModel)" time="0.015" />
  <testcase classname="ptolemy.util.test.junit.AutoTests" name="[350] /home/travis/build/icyphy/ptII/ptolemy/actor/lib/test/auto/SubscriberPortInitialValues2.xml (RunModel)" time="0.014" />
  <testcase classname="ptolemy.util.test.junit.AutoTests" name="[351] /home/travis/build/icyphy/ptII/ptolemy/actor/lib/test/auto/SubscriberPortInitialValues3.xml (RunModel)" time="0.017" />
  <testcase classname="ptolemy.util.test.junit.AutoTests" name="[352] /home/travis/build/icyphy/ptII/ptolemy/actor/lib/test/auto/SubscriptionAggregator.xml (RunModel)" time="0.01" />
  <testcase classname="ptolemy.util.test.junit.AutoTests" name="[353] /home/travis/build/icyphy/ptII/ptolemy/actor/lib/test/auto/SubscriptionAggregator2.xml (RunModel)" time="0.01" />
  <testcase classname="ptolemy.util.test.junit.AutoTests" name="[354] /home/travis/build/icyphy/ptII/ptolemy/actor/lib/test/auto/SubscriptionAggregator3.xml (RunModel)" time="0.015" />
  <testcase classname="ptolemy.util.test.junit.AutoTests" name="[355] /home/travis/build/icyphy/ptII/ptolemy/actor/lib/test/auto/SubscriptionAggregatorMultiply.xml (RunModel)" time="0.014" />
  <testcase classname="ptolemy.util.test.junit.AutoTests" name="[356] /home/travis/build/icyphy/ptII/ptolemy/actor/lib/test/auto/SubscriptionAggregatorPortMultiply1.xml (RunModel)" time="0.013" />
  <testcase classname="ptolemy.util.test.junit.AutoTests" name="[357] /home/travis/build/icyphy/ptII/ptolemy/actor/lib/test/auto/Switch.xml (RunModel)" time="0.018" />
  <testcase classname="ptolemy.util.test.junit.AutoTests" name="[358] /home/travis/build/icyphy/ptII/ptolemy/actor/lib/test/auto/Switch2.xml (RunModel)" time="0.012" />
  <testcase classname="ptolemy.util.test.junit.AutoTests" name="[359] /home/travis/build/icyphy/ptII/ptolemy/actor/lib/test/auto/SwitchDE.xml (RunModel)" time="0.012" />
  <testcase classname="ptolemy.util.test.junit.AutoTests" name="[360] /home/travis/build/icyphy/ptII/ptolemy/actor/lib/test/auto/SynchronizerDE.xml (RunModel)" time="0.029" />
  <testcase classname="ptolemy.util.test.junit.AutoTests" name="[361] /home/travis/build/icyphy/ptII/ptolemy/actor/lib/test/auto/Test.xml (RunModel)" time="0.008" />
  <testcase classname="ptolemy.util.test.junit.AutoTests" name="[362] /home/travis/build/icyphy/ptII/ptolemy/actor/lib/test/auto/TestExceptionAttribute1.xml (RunModel)" time="0.006" />
  <testcase classname="ptolemy.util.test.junit.AutoTests" name="[363] /home/travis/build/icyphy/ptII/ptolemy/actor/lib/test/auto/TestExceptionAttribute2.xml (RunModel)" time="0.006" />
  <testcase classname="ptolemy.util.test.junit.AutoTests" name="[364] /home/travis/build/icyphy/ptII/ptolemy/actor/lib/test/auto/TestExceptionAttribute3.xml (RunModel)" time="0.011" />
  <testcase classname="ptolemy.util.test.junit.AutoTests" name="[365] /home/travis/build/icyphy/ptII/ptolemy/actor/lib/test/auto/TestExceptionAttribute4.xml (RunModel)" time="0.007" />
  <testcase classname="ptolemy.util.test.junit.AutoTests" name="[366] /home/travis/build/icyphy/ptII/ptolemy/actor/lib/test/auto/TestExceptionHandler1.xml (RunModel)" time="0.006" />
  <testcase classname="ptolemy.util.test.junit.AutoTests" name="[367] /home/travis/build/icyphy/ptII/ptolemy/actor/lib/test/auto/TestExceptionHandler2.xml (RunModel)" time="0.012" />
  <testcase classname="ptolemy.util.test.junit.AutoTests" name="[368] /home/travis/build/icyphy/ptII/ptolemy/actor/lib/test/auto/TestExceptionHandler3.xml (RunModel)" time="0.006" />
  <testcase classname="ptolemy.util.test.junit.AutoTests" name="[369] /home/travis/build/icyphy/ptII/ptolemy/actor/lib/test/auto/TestExceptionHandler4.xml (RunModel)" time="0.005" />
  <testcase classname="ptolemy.util.test.junit.AutoTests" name="[370] /home/travis/build/icyphy/ptII/ptolemy/actor/lib/test/auto/TestRequireCorrectOrder.xml (RunModel)" time="0.015" />
  <testcase classname="ptolemy.util.test.junit.AutoTests" name="[371] /home/travis/build/icyphy/ptII/ptolemy/actor/lib/test/auto/TestSimple.xml (RunModel)" time="0.006" />
  <testcase classname="ptolemy.util.test.junit.AutoTests" name="[372] /home/travis/build/icyphy/ptII/ptolemy/actor/lib/test/auto/ThrowModelError.xml (RunModel)" time="0.009" />
  <testcase classname="ptolemy.util.test.junit.AutoTests" name="[373] /home/travis/build/icyphy/ptII/ptolemy/actor/lib/test/auto/TimeDelayMicrosteps.xml (RunModel)" time="0.016" />
  <testcase classname="ptolemy.util.test.junit.AutoTests" name="[374] /home/travis/build/icyphy/ptII/ptolemy/actor/lib/test/auto/TimeDelayMicrosteps2.xml (RunModel)" time="0.013" />
  <testcase classname="ptolemy.util.test.junit.AutoTests" name="[375] /home/travis/build/icyphy/ptII/ptolemy/actor/lib/test/auto/TimeDelayMicrosteps3.xml (RunModel)" time="0.012" />
  <testcase classname="ptolemy.util.test.junit.AutoTests" name="[376] /home/travis/build/icyphy/ptII/ptolemy/actor/lib/test/auto/TimeDelayVariableMicrosteps.xml (RunModel)" time="0.01" />
  <testcase classname="ptolemy.util.test.junit.AutoTests" name="[377] /home/travis/build/icyphy/ptII/ptolemy/actor/lib/test/auto/TimeGap.xml (RunModel)" time="0.024" />
  <testcase classname="ptolemy.util.test.junit.AutoTests" name="[378] /home/travis/build/icyphy/ptII/ptolemy/actor/lib/test/auto/TimeGap2.xml (RunModel)" time="0.012" />
  <testcase classname="ptolemy.util.test.junit.AutoTests" name="[379] /home/travis/build/icyphy/ptII/ptolemy/actor/lib/test/auto/TimedSinewave.xml (RunModel)" time="0.042" />
  <testcase classname="ptolemy.util.test.junit.AutoTests" name="[380] /home/travis/build/icyphy/ptII/ptolemy/actor/lib/test/auto/TimedSinewavePhase.xml (RunModel)" time="0.029" />
  <testcase classname="ptolemy.util.test.junit.AutoTests" name="[381] /home/travis/build/icyphy/ptII/ptolemy/actor/lib/test/auto/Timer.xml (RunModel)" time="0.015" />
  <testcase classname="ptolemy.util.test.junit.AutoTests" name="[382] /home/travis/build/icyphy/ptII/ptolemy/actor/lib/test/auto/TriangularDistTestModel.xml (RunModel)" time="0.014" />
  <testcase classname="ptolemy.util.test.junit.AutoTests" name="[383] /home/travis/build/icyphy/ptII/ptolemy/actor/lib/test/auto/TrigFunction.xml (RunModel)" time="0.01" />
  <testcase classname="ptolemy.util.test.junit.AutoTests" name="[384] /home/travis/build/icyphy/ptII/ptolemy/actor/lib/test/auto/TrigFunctionDE.xml (RunModel)" time="0.01" />
  <testcase classname="ptolemy.util.test.junit.AutoTests" name="[385] /home/travis/build/icyphy/ptII/ptolemy/actor/lib/test/auto/TrigFunctionInverse.xml (RunModel)" time="0.008" />
  <testcase classname="ptolemy.util.test.junit.AutoTests" name="[386] /home/travis/build/icyphy/ptII/ptolemy/actor/lib/test/auto/TrigFunctionTan.xml (RunModel)" time="0.006" />
  <testcase classname="ptolemy.util.test.junit.AutoTests" name="[387] /home/travis/build/icyphy/ptII/ptolemy/actor/lib/test/auto/TriggeredClock.xml (RunModel)" time="0.006" />
  <testcase classname="ptolemy.util.test.junit.AutoTests" name="[388] /home/travis/build/icyphy/ptII/ptolemy/actor/lib/test/auto/URLDirectoryReader.xml (RunModel)" time="0.116" />
  <testcase classname="ptolemy.util.test.junit.AutoTests" name="[389] /home/travis/build/icyphy/ptII/ptolemy/actor/lib/test/auto/URLDirectoryReader3.xml (RunModel)" time="1.429" />
  <testcase classname="ptolemy.util.test.junit.AutoTests" name="[390] /home/travis/build/icyphy/ptII/ptolemy/actor/lib/test/auto/UnaryMathFunction.xml (RunModel)" time="0.026" />
  <testcase classname="ptolemy.util.test.junit.AutoTests" name="[391] /home/travis/build/icyphy/ptII/ptolemy/actor/lib/test/auto/Uniform.xml (RunModel)" time="0.013" />
  <testcase classname="ptolemy.util.test.junit.AutoTests" name="[392] /home/travis/build/icyphy/ptII/ptolemy/actor/lib/test/auto/UnionDisassemblerTest.xml (RunModel)" time="0.023" />
  <testcase classname="ptolemy.util.test.junit.AutoTests" name="[393] /home/travis/build/icyphy/ptII/ptolemy/actor/lib/test/auto/UtilityFunctions.xml (RunModel)" time="0.006" />
  <testcase classname="ptolemy.util.test.junit.AutoTests" name="[394] /home/travis/build/icyphy/ptII/ptolemy/actor/lib/test/auto/VariableSleep.xml (RunModel)" time="0.511" />
  <testcase classname="ptolemy.util.test.junit.AutoTests" name="[395] /home/travis/build/icyphy/ptII/ptolemy/actor/lib/test/auto/VectorAssemblerDisassemblerCT.xml (RunModel)" time="0.098" />
  <testcase classname="ptolemy.util.test.junit.AutoTests" name="[396] /home/travis/build/icyphy/ptII/ptolemy/actor/lib/test/auto/VectorAssemblerDisassemblerDE.xml (RunModel)" time="0.011" />
  <testcase classname="ptolemy.util.test.junit.AutoTests" name="[397] /home/travis/build/icyphy/ptII/ptolemy/actor/lib/test/auto/VectorAssemblerDisassemblerSDF.xml (RunModel)" time="0.01" />
  <testcase classname="ptolemy.util.test.junit.AutoTests" name="[398] /home/travis/build/icyphy/ptII/ptolemy/actor/lib/test/auto/WallClockTime.xml (RunModel)" time="1.011" />
  <testcase classname="ptolemy.util.test.junit.AutoTests" name="[399] /home/travis/build/icyphy/ptII/ptolemy/actor/lib/test/auto/WidthTestWithSubscriberPublisher.xml (RunModel)" time="0.038" />
  <testcase classname="ptolemy.util.test.junit.AutoTests" name="[400] /home/travis/build/icyphy/ptII/ptolemy/actor/lib/test/auto/WidthTestWithSubscriberPublisher2.xml (RunModel)" time="0.014" />
  <testcase classname="ptolemy.util.test.junit.AutoTests" name="[401] /home/travis/build/icyphy/ptII/ptolemy/actor/lib/test/auto/WidthTestWithSubscriberPublisher3.xml (RunModel)" time="0.009" />
  <testcase classname="ptolemy.util.test.junit.AutoTests" name="[402] /home/travis/build/icyphy/ptII/ptolemy/actor/lib/test/auto/Writer.xml (RunModel)" time="0.007" />
  <testcase classname="ptolemy.util.test.junit.AutoTests" name="[403] /home/travis/build/icyphy/ptII/ptolemy/actor/lib/test/auto/array.xml (RunModel)" time="0.024" />
  <testcase classname="ptolemy.util.test.junit.AutoTests" name="[404] /home/travis/build/icyphy/ptII/ptolemy/actor/lib/test/auto/array2.xml (RunModel)" time="0.01" />
  <testcase classname="ptolemy.util.test.junit.AutoTests" name="[405] /home/travis/build/icyphy/ptII/ptolemy/actor/lib/test/auto/arrayType.xml (RunModel)" time="0.009" />
  <testcase classname="ptolemy.util.test.junit.AutoTests" name="[406] /home/travis/build/icyphy/ptII/ptolemy/actor/lib/test/auto/arrayType10.xml (RunModel)" time="0.007" />
  <testcase classname="ptolemy.util.test.junit.AutoTests" name="[407] /home/travis/build/icyphy/ptII/ptolemy/actor/lib/test/auto/arrayType11.xml (RunModel)" time="0.007" />
  <testcase classname="ptolemy.util.test.junit.AutoTests" name="[408] /home/travis/build/icyphy/ptII/ptolemy/actor/lib/test/auto/arrayType12.xml (RunModel)" time="0.007" />
  <testcase classname="ptolemy.util.test.junit.AutoTests" name="[409] /home/travis/build/icyphy/ptII/ptolemy/actor/lib/test/auto/arrayType13.xml (RunModel)" time="0.008" />
  <testcase classname="ptolemy.util.test.junit.AutoTests" name="[410] /home/travis/build/icyphy/ptII/ptolemy/actor/lib/test/auto/arrayType14.xml (RunModel)" time="0.007" />
  <testcase classname="ptolemy.util.test.junit.AutoTests" name="[411] /home/travis/build/icyphy/ptII/ptolemy/actor/lib/test/auto/arrayType15.xml (RunModel)" time="0.008" />
  <testcase classname="ptolemy.util.test.junit.AutoTests" name="[412] /home/travis/build/icyphy/ptII/ptolemy/actor/lib/test/auto/arrayType16.xml (RunModel)" time="0.007" />
  <testcase classname="ptolemy.util.test.junit.AutoTests" name="[413] /home/travis/build/icyphy/ptII/ptolemy/actor/lib/test/auto/arrayType17.xml (RunModel)" time="0.007" />
  <testcase classname="ptolemy.util.test.junit.AutoTests" name="[414] /home/travis/build/icyphy/ptII/ptolemy/actor/lib/test/auto/arrayType18.xml (RunModel)" time="0.007" />
  <testcase classname="ptolemy.util.test.junit.AutoTests" name="[415] /home/travis/build/icyphy/ptII/ptolemy/actor/lib/test/auto/arrayType19.xml (RunModel)" time="0.006" />
  <testcase classname="ptolemy.util.test.junit.AutoTests" name="[416] /home/travis/build/icyphy/ptII/ptolemy/actor/lib/test/auto/arrayType2.xml (RunModel)" time="0.007" />
  <testcase classname="ptolemy.util.test.junit.AutoTests" name="[417] /home/travis/build/icyphy/ptII/ptolemy/actor/lib/test/auto/arrayType20.xml (RunModel)" time="0.006" />
  <testcase classname="ptolemy.util.test.junit.AutoTests" name="[418] /home/travis/build/icyphy/ptII/ptolemy/actor/lib/test/auto/arrayType21.xml (RunModel)" time="0.006" />
  <testcase classname="ptolemy.util.test.junit.AutoTests" name="[419] /home/travis/build/icyphy/ptII/ptolemy/actor/lib/test/auto/arrayType22.xml (RunModel)" time="0.006" />
  <testcase classname="ptolemy.util.test.junit.AutoTests" name="[420] /home/travis/build/icyphy/ptII/ptolemy/actor/lib/test/auto/arrayType23.xml (RunModel)" time="0.006" />
  <testcase classname="ptolemy.util.test.junit.AutoTests" name="[421] /home/travis/build/icyphy/ptII/ptolemy/actor/lib/test/auto/arrayType24.xml (RunModel)" time="0.007" />
  <testcase classname="ptolemy.util.test.junit.AutoTests" name="[422] /home/travis/build/icyphy/ptII/ptolemy/actor/lib/test/auto/arrayType25.xml (RunModel)" time="0.007" />
  <testcase classname="ptolemy.util.test.junit.AutoTests" name="[423] /home/travis/build/icyphy/ptII/ptolemy/actor/lib/test/auto/arrayType26.xml (RunModel)" time="0.008" />
  <testcase classname="ptolemy.util.test.junit.AutoTests" name="[424] /home/travis/build/icyphy/ptII/ptolemy/actor/lib/test/auto/arrayType27.xml (RunModel)" time="0.007" />
  <testcase classname="ptolemy.util.test.junit.AutoTests" name="[425] /home/travis/build/icyphy/ptII/ptolemy/actor/lib/test/auto/arrayType28.xml (RunModel)" time="0.013" />
  <testcase classname="ptolemy.util.test.junit.AutoTests" name="[426] /home/travis/build/icyphy/ptII/ptolemy/actor/lib/test/auto/arrayType3.xml (RunModel)" time="0.009" />
  <testcase classname="ptolemy.util.test.junit.AutoTests" name="[427] /home/travis/build/icyphy/ptII/ptolemy/actor/lib/test/auto/arrayType4.xml (RunModel)" time="0.007" />
  <testcase classname="ptolemy.util.test.junit.AutoTests" name="[428] /home/travis/build/icyphy/ptII/ptolemy/actor/lib/test/auto/arrayType5.xml (RunModel)" time="0.007" />
  <testcase classname="ptolemy.util.test.junit.AutoTests" name="[429] /home/travis/build/icyphy/ptII/ptolemy/actor/lib/test/auto/arrayType6.xml (RunModel)" time="0.007" />
  <testcase classname="ptolemy.util.test.junit.AutoTests" name="[430] /home/travis/build/icyphy/ptII/ptolemy/actor/lib/test/auto/arrayType7.xml (RunModel)" time="0.007" />
  <testcase classname="ptolemy.util.test.junit.AutoTests" name="[431] /home/travis/build/icyphy/ptII/ptolemy/actor/lib/test/auto/arrayType8.xml (RunModel)" time="0.024" />
  <testcase classname="ptolemy.util.test.junit.AutoTests" name="[432] /home/travis/build/icyphy/ptII/ptolemy/actor/lib/test/auto/arrayType9.xml (RunModel)" time="0.007" />
  <testcase classname="ptolemy.util.test.junit.AutoTests" name="[433] /home/travis/build/icyphy/ptII/ptolemy/actor/lib/test/auto/cast.xml (RunModel)" time="0.007" />
  <testcase classname="ptolemy.util.test.junit.AutoTests" name="[434] /home/travis/build/icyphy/ptII/ptolemy/actor/lib/test/auto/compositeMultiPort.xml (RunModel)" time="0.014" />
  <testcase classname="ptolemy.util.test.junit.AutoTests" name="[435] /home/travis/build/icyphy/ptII/ptolemy/actor/lib/test/auto/expressionCastInference.xml (RunModel)" time="0.006" />
  <testcase classname="ptolemy.util.test.junit.AutoTests" name="[436] /home/travis/build/icyphy/ptII/ptolemy/actor/lib/test/auto/expressionCastInference2.xml (RunModel)" time="0.006" />
  <testcase classname="ptolemy.util.test.junit.AutoTests" name="[437] /home/travis/build/icyphy/ptII/ptolemy/actor/lib/test/auto/expressionInference.xml (RunModel)" time="0.005" />
  <testcase classname="ptolemy.util.test.junit.AutoTests" name="[438] /home/travis/build/icyphy/ptII/ptolemy/actor/lib/test/auto/expression_bug.xml (RunModel)" time="0.006" />
  <testcase classname="ptolemy.util.test.junit.AutoTests" name="[439] /home/travis/build/icyphy/ptII/ptolemy/actor/lib/test/auto/factorial.xml (RunModel)" time="0.043" />
  <testcase classname="ptolemy.util.test.junit.AutoTests" name="[440] /home/travis/build/icyphy/ptII/ptolemy/actor/lib/test/auto/filterTest1.xml (RunModel)" time="0.011" />
  <testcase classname="ptolemy.util.test.junit.AutoTests" name="[441] /home/travis/build/icyphy/ptII/ptolemy/actor/lib/test/auto/funcApplyInConst.xml (RunModel)" time="0.005" />
  <testcase classname="ptolemy.util.test.junit.AutoTests" name="[442] /home/travis/build/icyphy/ptII/ptolemy/actor/lib/test/auto/funcApplyInExpr.xml (RunModel)" time="0.004" />
  <testcase classname="ptolemy.util.test.junit.AutoTests" name="[443] /home/travis/build/icyphy/ptII/ptolemy/actor/lib/test/auto/function.xml (RunModel)" time="0.009" />
  <testcase classname="ptolemy.util.test.junit.AutoTests" name="[444] /home/travis/build/icyphy/ptII/ptolemy/actor/lib/test/auto/function2.xml (RunModel)" time="0.007" />
  <testcase classname="ptolemy.util.test.junit.AutoTests" name="[445] /home/travis/build/icyphy/ptII/ptolemy/actor/lib/test/auto/function3.xml (RunModel)" time="0.005" />
  <testcase classname="ptolemy.util.test.junit.AutoTests" name="[446] /home/travis/build/icyphy/ptII/ptolemy/actor/lib/test/auto/functionClosureTest1.xml (RunModel)" time="0.008" />
  <testcase classname="ptolemy.util.test.junit.AutoTests" name="[447] /home/travis/build/icyphy/ptII/ptolemy/actor/lib/test/auto/functionClosureTest2.xml (RunModel)" time="0.005" />
  <testcase classname="ptolemy.util.test.junit.AutoTests" name="[448] /home/travis/build/icyphy/ptII/ptolemy/actor/lib/test/auto/functionClosureTest3.xml (RunModel)" time="0.009" />
  <testcase classname="ptolemy.util.test.junit.AutoTests" name="[449] /home/travis/build/icyphy/ptII/ptolemy/actor/lib/test/auto/functionClosureTest4.xml (RunModel)" time="0.013" />
  <testcase classname="ptolemy.util.test.junit.AutoTests" name="[450] /home/travis/build/icyphy/ptII/ptolemy/actor/lib/test/auto/functionClosureTest5.xml (RunModel)" time="0.011" />
  <testcase classname="ptolemy.util.test.junit.AutoTests" name="[451] /home/travis/build/icyphy/ptII/ptolemy/actor/lib/test/auto/functionClosureTest6.xml (RunModel)" time="0.006" />
  <testcase classname="ptolemy.util.test.junit.AutoTests" name="[452] /home/travis/build/icyphy/ptII/ptolemy/actor/lib/test/auto/functionsOnArcs.xml (RunModel)" time="0.011" />
  <testcase classname="ptolemy.util.test.junit.AutoTests" name="[453] /home/travis/build/icyphy/ptII/ptolemy/actor/lib/test/auto/functionsOnArcsHOF.xml (RunModel)" time="0.013" />
  <testcase classname="ptolemy.util.test.junit.AutoTests" name="[454] /home/travis/build/icyphy/ptII/ptolemy/actor/lib/test/auto/logic.xml (RunModel)" time="0.015" />
  <testcase classname="ptolemy.util.test.junit.AutoTests" name="[455] /home/travis/build/icyphy/ptII/ptolemy/actor/lib/test/auto/matrixType.xml (RunModel)" time="0.007" />
  <testcase classname="ptolemy.util.test.junit.AutoTests" name="[456] /home/travis/build/icyphy/ptII/ptolemy/actor/lib/test/auto/matrixType10.xml (RunModel)" time="0.008" />
  <testcase classname="ptolemy.util.test.junit.AutoTests" name="[457] /home/travis/build/icyphy/ptII/ptolemy/actor/lib/test/auto/matrixType11.xml (RunModel)" time="0.007" />
  <testcase classname="ptolemy.util.test.junit.AutoTests" name="[458] /home/travis/build/icyphy/ptII/ptolemy/actor/lib/test/auto/matrixType12.xml (RunModel)" time="0.009" />
  <testcase classname="ptolemy.util.test.junit.AutoTests" name="[459] /home/travis/build/icyphy/ptII/ptolemy/actor/lib/test/auto/matrixType13.xml (RunModel)" time="0.007" />
  <testcase classname="ptolemy.util.test.junit.AutoTests" name="[460] /home/travis/build/icyphy/ptII/ptolemy/actor/lib/test/auto/matrixType14.xml (RunModel)" time="0.034" />
  <testcase classname="ptolemy.util.test.junit.AutoTests" name="[461] /home/travis/build/icyphy/ptII/ptolemy/actor/lib/test/auto/matrixType2.xml (RunModel)" time="0.016" />
  <testcase classname="ptolemy.util.test.junit.AutoTests" name="[462] /home/travis/build/icyphy/ptII/ptolemy/actor/lib/test/auto/matrixType3.xml (RunModel)" time="0.028" />
  <testcase classname="ptolemy.util.test.junit.AutoTests" name="[463] /home/travis/build/icyphy/ptII/ptolemy/actor/lib/test/auto/matrixType4.xml (RunModel)" time="0.032" />
  <testcase classname="ptolemy.util.test.junit.AutoTests" name="[464] /home/travis/build/icyphy/ptII/ptolemy/actor/lib/test/auto/matrixType5.xml (RunModel)" time="0.028" />
  <testcase classname="ptolemy.util.test.junit.AutoTests" name="[465] /home/travis/build/icyphy/ptII/ptolemy/actor/lib/test/auto/matrixType6.xml (RunModel)" time="0.048" />
  <testcase classname="ptolemy.util.test.junit.AutoTests" name="[466] /home/travis/build/icyphy/ptII/ptolemy/actor/lib/test/auto/matrixType7.xml (RunModel)" time="0.027" />
  <testcase classname="ptolemy.util.test.junit.AutoTests" name="[467] /home/travis/build/icyphy/ptII/ptolemy/actor/lib/test/auto/matrixType8.xml (RunModel)" time="0.034" />
  <testcase classname="ptolemy.util.test.junit.AutoTests" name="[468] /home/travis/build/icyphy/ptII/ptolemy/actor/lib/test/auto/matrixType9.xml (RunModel)" time="0.021" />
  <testcase classname="ptolemy.util.test.junit.AutoTests" name="[469] /home/travis/build/icyphy/ptII/ptolemy/actor/lib/test/auto/paraFunctest.xml (RunModel)" time="0.007" />
  <testcase classname="ptolemy.util.test.junit.AutoTests" name="[470] /home/travis/build/icyphy/ptII/ptolemy/actor/lib/test/auto/paraFunctest2.xml (RunModel)" time="0.011" />
  <testcase classname="ptolemy.util.test.junit.AutoTests" name="[471] /home/travis/build/icyphy/ptII/ptolemy/actor/lib/test/auto/parameterPassing.xml (RunModel)" time="0.007" />
  <testcase classname="ptolemy.util.test.junit.AutoTests" name="[472] /home/travis/build/icyphy/ptII/ptolemy/actor/lib/test/auto/record.xml (RunModel)" time="0.009" />
  <testcase classname="ptolemy.util.test.junit.AutoTests" name="[473] /home/travis/build/icyphy/ptII/ptolemy/actor/lib/test/auto/sizedarray1.xml (RunModel)" time="0.009" />
  <testcase classname="ptolemy.util.test.junit.AutoTests" name="[474] /home/travis/build/icyphy/ptII/ptolemy/actor/lib/test/auto/sizedarray2.xml (RunModel)" time="0.009" />
  <testcase classname="ptolemy.util.test.junit.AutoTests" name="[475] /home/travis/build/icyphy/ptII/ptolemy/actor/lib/test/auto/twoPublishers.xml (RunModel)" time="0.024" />
  <system-out><![CDATA[/home/travis/build/icyphy/ptII/ptolemy/actor/lib/test/AbsoluteValue.tcl
testDefs.tcl: setting time out to 9000 seconds at Sun Nov 01 15:57:55 UTC 2020
91 ms. Memory: 129024K Free: 93128K (72%)
5 ms. Memory: 129024K Free: 91080K (71%)
4 ms. Memory: 129024K Free: 90559K (70%)
5 ms. Memory: 129024K Free: 89527K (69%)
/home/travis/build/icyphy/ptII/ptolemy/actor/lib/test/AddSubtract.tcl
14 ms. Memory: 129024K Free: 87494K (68%)
13 ms. Memory: 129024K Free: 86984K (67%)
7 ms. Memory: 129024K Free: 85960K (67%)
14 ms. Memory: 129024K Free: 85439K (66%)
71 ms. Memory: 129024K Free: 82374K (64%)
10 ms. Memory: 129024K Free: 81350K (63%)
/home/travis/build/icyphy/ptII/ptolemy/actor/lib/test/Average.tcl
19 ms. Memory: 129024K Free: 79816K (62%)
11 ms. Memory: 129024K Free: 78792K (61%)
/home/travis/build/icyphy/ptII/ptolemy/actor/lib/test/Bernoulli.tcl
10 ms. Memory: 129024K Free: 77239K (60%)
2 ms. Memory: 129024K Free: 76744K (59%)
/home/travis/build/icyphy/ptII/ptolemy/actor/lib/test/Clock.tcl
preinitializing
resolving types
initializing
executing number 1
wrapping up
idle
38 ms. Memory: 129024K Free: 74182K (57%)
Completed execution with 5 iterations
preinitializing
resolving types
initializing
executing number 1
wrapping up
idle
4 ms. Memory: 129024K Free: 73143K (57%)
Completed execution with 5 iterations
preinitializing
resolving types
initializing
executing number 1
wrapping up
idle
4 ms. Memory: 129024K Free: 72648K (56%)
Completed execution with 5 iterations
/home/travis/build/icyphy/ptII/ptolemy/actor/lib/test/Commutator.tcl
6 ms. Memory: 129024K Free: 70600K (55%)
5 ms. Memory: 129024K Free: 69576K (54%)
9 ms. Memory: 129024K Free: 63927K (50%)
/home/travis/build/icyphy/ptII/ptolemy/actor/lib/test/Const.tcl
4 ms. Memory: 129024K Free: 62408K (48%)
2 ms. Memory: 129024K Free: 61887K (48%)
2 ms. Memory: 129024K Free: 61384K (48%)
2 ms. Memory: 129024K Free: 60870K (47%)
2 ms. Memory: 129024K Free: 60360K (47%)
19 ms. Memory: 129024K Free: 58822K (46%)
10 ms. Memory: 129024K Free: 57288K (44%)
3 ms. Memory: 129024K Free: 56774K (44%)
/home/travis/build/icyphy/ptII/ptolemy/actor/lib/test/CurrentTime.tcl
preinitializing
resolving types
initializing
executing number 1
wrapping up
idle
9 ms. Memory: 129024K Free: 54695K (42%)
Completed execution with 11 iterations
/home/travis/build/icyphy/ptII/ptolemy/actor/lib/test/DB.tcl
12 ms. Memory: 129024K Free: 53192K (41%)
3 ms. Memory: 129024K Free: 52678K (41%)
2 ms. Memory: 129024K Free: 52168K (40%)
/home/travis/build/icyphy/ptII/ptolemy/actor/lib/test/DiscreteRandomSource.tcl
preinitializing
resolving types
initializing
executing number 1
wrapping up
idle
9 ms. Memory: 129024K Free: 50615K (39%)
Completed execution with 4 iterations
preinitializing
resolving types
initializing
executing number 1
wrapping up
idle
2 ms. Memory: 129024K Free: 50120K (39%)
Completed execution with 4 iterations
preinitializing
resolving types
initializing
executing number 1
wrapping up
idle
7 ms. Memory: 129024K Free: 49606K (38%)
Completed execution with 4 iterations
preinitializing
resolving types
initializing
executing number 1
wrapping up
idle
7 ms. Memory: 129024K Free: 49096K (38%)
Completed execution with 4 iterations
preinitializing
resolving types
initializing
executing number 1
wrapping up
idle
13 ms. Memory: 129024K Free: 48582K (38%)
Completed execution with 4 iterations
/home/travis/build/icyphy/ptII/ptolemy/actor/lib/test/Distributor.tcl
22 ms. Memory: 129024K Free: 112982K (88%)
13 ms. Memory: 129024K Free: 112530K (87%)
StreamChangeRequest.changeExecuted(): <deleteEntity name="rec2"/> succeeded
StreamChangeRequest.changeExecuted(): <deleteRelation name="r2"/> succeeded
StreamChangeRequest.changeExecuted(): Record firings per iteration succeeded
4 ms. Memory: 129024K Free: 109918K (85%)
/home/travis/build/icyphy/ptII/ptolemy/actor/lib/test/Exit.tcl
Exit.tcl: this will print a message about Manager.exitAfterWrapup, which can be ignored.
7 ms. Memory: 129024K Free: 106853K (83%)
/home/travis/build/icyphy/ptII/ptolemy/actor/lib/test/Expression.tcl
19 ms. Memory: 129024K Free: 103346K (80%)
11 ms. Memory: 129024K Free: 102758K (80%)
5 ms. Memory: 129024K Free: 101734K (79%)
preinitializing
resolving types
initializing
executing number 1
wrapping up
idle
11 ms. Memory: 129024K Free: 100250K (78%)
Completed execution with 6 iterations
3 ms. Memory: 129024K Free: 99250K (77%)
2 ms. Memory: 129024K Free: 98684K (76%)
4 ms. Memory: 129024K Free: 97646K (76%)
3 ms. Memory: 129024K Free: 96162K (75%)
4 ms. Memory: 129024K Free: 95130K (74%)
/home/travis/build/icyphy/ptII/ptolemy/actor/lib/test/Gaussian.tcl
4 ms. Memory: 129024K Free: 93082K (72%)
sleeping 1 seconds: ...........................................................................................................................................................................................................................................................................................................................................................................................................................................................................................................................................................................................................................................................................................................................................................................................................................................................................................................................................................................................................................................................................................................................................................................................................................................................................................................................................................................................................................................................................................................................................................................................................................................................................................................................................................................................................................................................................................................................................................................................................................................................................................................................................................................................................................................................................................................................................................................................................................................................................................................................................................................................................................................................................................................................................................................................................................................................................................................................................................................................................................................................................................................................................................................................................................................................................................................................................................................................................................................................................................................................................................................................................................................................................................................................................................................................................................................................................................................................................................................................................................................................................................................................................................................................................................................................................................................................................................................................................................................................................................................................................................................................................................................................................................................................................................................................................................................................................................................................................................................................................................................................................................................................................................................................................................................................................................................................................................................................................................................................................................................................................................................................................................................................................................................................................................................................................................................................................................................................................................................................................................................................................................................................................................................................................................................................................................................................................................................................................................................................................................................................................................................................................................................................................................................................................................................................................................................................................................................................................................................................................................................................................................................................................................................................................................................................................................................................................................................................................................................................................................................................................................................................................................................................................................................................................................................................................................................................................................................................................................................................................................................................................................................................................................................................................................................................................................................................................................................................................................................................................................................................................................................................................................................................................................................................................................................................................................................................................................................................................................................................................................................................................................................................................................................................................................................................................................................................................................................................................................................................................................................................................................................................................................................................................................................................................................................................................................................................................................................................................................................................................................................................................................................................................................................................................................................................................................................................................................................................................................................................................................................................................................................................................................................................................................................................................................................................................................................................................................................................................................................................................................................................................................................................................................................................................................................................................................................................................................................................................................................................................................................................................................................................................................................................................................................................................................................................................................................................................................................................................................................................................................................................................................................................................................................................................................................................................................................................................................................................................................................................................................................................................................................................................................................................................................................................................................................................................................................................................................................................................................................................................................................................................................................................................................................................................................................................................................................................................................................................................................................................................................................................................................................................................................................................................................................................................................................................................................................................................................................................................................................................................................................................................................................................................................................................................................................................................................................................................................................................................................................................................................................................................................................................................................................................................................................................................................................................................................................................................................................................................................................................................................................................................................................................................................................................................................................................................................................................................................................................................................................................................................................................................................................................................................................................................................................................................................................................................................................................................................................................................................................................................................................................................................................................................................................................................................................................................................................................................................................................................................................................................................................................................................................................................................................................................................................................................................................................................................................................................................................................................................................................................................................................................................................................................................................................................................................................................................................................................................................................................................................................................................................................................................................................................................................................................................................................................................................................3 ms. Memory: 129024K Free: 78857K (61%)
3 ms. Memory: 129024K Free: 77863K (60%)
2 ms. Memory: 129024K Free: 77353K (60%)
3 ms. Memory: 129024K Free: 76809K (60%)
6 ms. Memory: 129024K Free: 76327K (59%)
/home/travis/build/icyphy/ptII/ptolemy/actor/lib/test/IIR.tcl
/home/travis/build/icyphy/ptII/ptolemy/actor/lib/test/Interpolator.tcl
5 ms. Memory: 129024K Free: 72233K (56%)
2 ms. Memory: 129024K Free: 71719K (56%)
3 ms. Memory: 129024K Free: 71209K (55%)
2 ms. Memory: 129024K Free: 70695K (55%)
2 ms. Memory: 129024K Free: 69671K (54%)
4 ms. Memory: 129024K Free: 69161K (54%)
2 ms. Memory: 129024K Free: 68137K (53%)
7 ms. Memory: 129024K Free: 112960K (88%)
2 ms. Memory: 129024K Free: 112430K (87%)
8 ms. Memory: 129024K Free: 111408K (86%)
/home/travis/build/icyphy/ptII/ptolemy/actor/lib/test/MathFunction.tcl
13 ms. Memory: 129024K Free: 109374K (85%)
2 ms. Memory: 129024K Free: 108350K (84%)
2 ms. Memory: 129024K Free: 107312K (83%)
2 ms. Memory: 129024K Free: 106302K (82%)
9 ms. Memory: 129024K Free: 105264K (82%)
9 ms. Memory: 129024K Free: 103224K (80%)
/home/travis/build/icyphy/ptII/ptolemy/actor/lib/test/Maximum.tcl
9 ms. Memory: 129024K Free: 101168K (78%)
5 ms. Memory: 129024K Free: 100672K (78%)
6 ms. Memory: 129024K Free: 100158K (78%)
6 ms. Memory: 129024K Free: 99001K (77%)
/home/travis/build/icyphy/ptII/ptolemy/actor/lib/test/Minimum.tcl
3 ms. Memory: 129024K Free: 97600K (76%)
1 ms. Memory: 129024K Free: 96576K (75%)
2 ms. Memory: 129024K Free: 96062K (74%)
2 ms. Memory: 129024K Free: 95552K (74%)
/home/travis/build/icyphy/ptII/ptolemy/actor/lib/test/MultiplyDivide.tcl
4 ms. Memory: 129024K Free: 93504K (72%)
2 ms. Memory: 129024K Free: 92990K (72%)
2 ms. Memory: 129024K Free: 91952K (71%)
3 ms. Memory: 129024K Free: 91456K (71%)
2 ms. Memory: 129024K Free: 90942K (70%)
/home/travis/build/icyphy/ptII/ptolemy/actor/lib/test/OrderedMerge.tcl
Connections changed on port: inputA
Connections changed on port: inputB
Connections changed on port: output
Connections changed on port: output
Connections changed on port: output
Connections changed on port: input
.top. Preinitializing ...
Invoking preinitialize():  .top.OrderedMerge
Called preinitialize()
Invoking preinitialize():  .top.Ramp
Called preinitialize()
Invoking preinitialize():  .top.Ramp2
Called preinitialize()
Invoking preinitialize():  .top.Test
Called preinitialize()
Connections changed on port: inputA
Connections changed on port: output
Connections changed on port: output
Connections changed on port: input
Connections changed on port: inputB
Connections changed on port: output
.top. Finished preinitialize().
Called initialize().
Invoking initialize():  .top.OrderedMerge
Initializing actor: .top.OrderedMerge
Adding a thread: .top.OrderedMerge
Invoking initialize():  .top.Ramp
Initializing actor: .top.Ramp
Adding a thread: .top.Ramp
Invoking initialize():  .top.Ramp2
Initializing actor: .top.Ramp2
Adding a thread: .top.Ramp2
Invoking initialize():  .top.Test
Initializing actor: .top.Test
Adding a thread: .top.Test
Called fire().
Checking for deadlock:
-- Starting thread.
Called initialize()
Called prefire()
Called fire()
There are 0 Blocked actors, 0 Stopped actors, and 4 active threads.
Waiting for actors to stop.
-- Starting thread.
Called initialize()
-- Starting thread.
-- Starting thread.
Called initialize()
Called prefire()
Called initialize()
Checking for deadlock:
There are 1 Blocked actors, 0 Stopped actors, and 4 active threads.
Waiting for actors to stop.
Called fire()
Called prefire()
Called fire()
Called prefire()
Called fire()
Called postfire()
Called prefire()
Called fire()
Called postfire()
Called prefire()
Called fire()
Checking for deadlock:
There are 3 Blocked actors, 0 Stopped actors, and 4 active threads.
Waiting for actors to stop.
Read input token from inputA with value 0.0
Next port to read input from is inputB
Called postfire()
Called prefire()
Called fire()
Read input token from inputB with value 0.0
Sent output token with value 0.0
Next port to read input from is inputA
Called postfire()
Called prefire()
Called fire()
Called postfire()
Called prefire()
Called fire()
-- Read input: 0.0, which is expected to match: 0.0
Called prefire()
Called fire()
Called postfire()
Called prefire()
Called fire()
Checking for deadlock:
There are 3 Blocked actors, 0 Stopped actors, and 4 active threads.
Waiting for actors to stop.
Read input token from inputA with value 1.0
Sent output token with value 0.0
Next port to read input from is inputB
Called postfire()
Called prefire()
Called fire()
Read input token from inputB with value 1.5
Called postfire()
Called prefire()
Called fire()
-- Read input: 0.0, which is expected to match: 0.0
Called prefire()
Called fire()
Called postfire()
Called prefire()
Called fire()
Checking for deadlock:
There are 3 Blocked actors, 0 Stopped actors, and 4 active threads.
Waiting for actors to stop.
Sent output token with value 1.0
Next port to read input from is inputA
Called postfire()
Called prefire()
Called fire()
Read input token from inputA with value 2.0
-- Read input: 1.0, which is expected to match: 1.0
Called prefire()
Called fire()
Checking for deadlock:
There are 2 Blocked actors, 0 Stopped actors, and 4 active threads.
Waiting for actors to stop.
Sent output token with value 1.5
Next port to read input from is inputB
Called postfire()
Called prefire()
Called fire()
Read input token from inputB with value 3.0
-- Read input: 1.5, which is expected to match: 1.5
Called prefire()
Called fire()
Called postfire()
Called prefire()
Called fire()
Checking for deadlock:
There are 2 Blocked actors, 0 Stopped actors, and 4 active threads.
Waiting for actors to stop.
Sent output token with value 2.0
Next port to read input from is inputA
Called postfire()
Called prefire()
Called fire()
Read input token from inputA with value 3.0
Called postfire()
Called prefire()
Called fire()
-- Read input: 2.0, which is expected to match: 2.0
Called prefire()
Called fire()
Called postfire()
Called prefire()
Called fire()
Checking for deadlock:
There are 3 Blocked actors, 0 Stopped actors, and 4 active threads.
Waiting for actors to stop.
Sent output token with value 3.0
Next port to read input from is inputB
Called postfire()
Called prefire()
Called fire()
Read input token from inputB with value 4.5
-- Read input: 3.0, which is expected to match: 3.0
Called prefire()
Called fire()
Called postfire()
Called prefire()
Called fire()
Checking for deadlock:
There are 3 Blocked actors, 0 Stopped actors, and 4 active threads.
Waiting for actors to stop.
Sent output token with value 3.0
Next port to read input from is inputA
Called postfire()
Called prefire()
Called fire()
Read input token from inputA with value 4.0
-- Read input: 3.0, which is expected to match: 3.0
Called prefire()
Called fire()
Called postfire()
Called prefire()
Called fire()
Checking for deadlock:
There are 3 Blocked actors, 0 Stopped actors, and 4 active threads.
Waiting for actors to stop.
Sent output token with value 4.0
Next port to read input from is inputA
Called postfire()
Called prefire()
Called fire()
Read input token from inputA with value 5.0
-- Read input: 4.0, which is expected to match: 4.0
Called prefire()
Called fire()
Past the end of training data. Read and discard all inputs.
Called postfire()
Called prefire()
Called fire()
Checking for deadlock:
There are 3 Blocked actors, 0 Stopped actors, and 4 active threads.
Waiting for actors to stop.
Sent output token with value 4.5
Next port to read input from is inputB
Called postfire()
Called prefire()
Called fire()
Read input token from inputB with value 6.0
Called postfire()
Called prefire()
Called fire()
Called prefire()
Called fire()
Past the end of training data. Read and discard all inputs.
Checking for deadlock:
There are 3 Blocked actors, 0 Stopped actors, and 4 active threads.
Waiting for actors to stop.
Sent output token with value 5.0
Next port to read input from is inputA
Called postfire()
Called prefire()
Called fire()
Read input token from inputA with value 6.0
Checking for deadlock:
There are 2 Blocked actors, 0 Stopped actors, and 4 active threads.
Waiting for actors to stop.
Called prefire()
Called fire()
Past the end of training data. Read and discard all inputs.
Sent output token with value 6.0
Next port to read input from is inputB
Called postfire()
Called prefire()
Called fire()
Read input token from inputB with value 7.5
Called postfire()
Called prefire()
Called fire()
Checking for deadlock:
There are 2 Blocked actors, 0 Stopped actors, and 4 active threads.
Waiting for actors to stop.
Called postfire()
Called prefire()
Called fire()
Called prefire()
Called fire()
Past the end of training data. Read and discard all inputs.
Checking for deadlock:
There are 3 Blocked actors, 0 Stopped actors, and 4 active threads.
Waiting for actors to stop.
Sent output token with value 6.0
Next port to read input from is inputA
Called postfire()
Called prefire()
Called fire()
Read input token from inputA with value 7.0
Called postfire()
Checking for deadlock:
There are 2 Blocked actors, 0 Stopped actors, and 4 active threads.
Waiting for actors to stop.
Called prefire()
Called fire()
Past the end of training data. Read and discard all inputs.
Sent output token with value 7.0
Next port to read input from is inputA
Called postfire()
Called prefire()
Called fire()
Read input token from inputA with value 8.0
Called prefire()
Called fire()
-- Thread wrapup() called.
Called wrapup()
Thread .top.Ramp is exiting.
-- Thread stopped.
Checking for deadlock:
There are 2 Blocked actors, 0 Stopped actors, and 3 active threads.
Waiting for actors to stop.
Called prefire()
Called fire()
Past the end of training data. Read and discard all inputs.
Checking for deadlock:
There are 2 Blocked actors, 0 Stopped actors, and 3 active threads.
Waiting for actors to stop.
Sent output token with value 7.5
Next port to read input from is inputB
Called postfire()
Called prefire()
Called fire()
Read input token from inputB with value 9.0
Called postfire()
Called prefire()
Called fire()
Checking for deadlock:
There are 2 Blocked actors, 0 Stopped actors, and 3 active threads.
Waiting for actors to stop.
Called prefire()
Called fire()
Past the end of training data. Read and discard all inputs.
Sent output token with value 8.0
Next port to read input from is inputA
Called postfire()
Called prefire()
Called fire()
Read input token from inputA with value 9.0
Checking for deadlock:
There are 2 Blocked actors, 0 Stopped actors, and 3 active threads.
Waiting for actors to stop.
Called prefire()
Called fire()
Past the end of training data. Read and discard all inputs.
Sent output token with value 9.0
Next port to read input from is inputB
Called postfire()
Called prefire()
Called fire()
Read input token from inputB with value 10.5
Called postfire()
Called prefire()
Called fire()
Checking for deadlock:
There are 2 Blocked actors, 0 Stopped actors, and 3 active threads.
Waiting for actors to stop.
Called prefire()
Called fire()
Past the end of training data. Read and discard all inputs.
Sent output token with value 9.0
Next port to read input from is inputA
Called postfire()
Called prefire()
Called fire()
Checking for deadlock:
There are 2 Blocked actors, 0 Stopped actors, and 3 active threads.
Waiting for actors to stop.
Called prefire()
Called fire()
Past the end of training data. Read and discard all inputs.
Checking for deadlock:
There are 3 Blocked actors, 0 Stopped actors, and 3 active threads.
Actors have stopped.
Checking for deadlock:
There are 3 Blocked actors, 0 Stopped actors, and 3 active threads.
Deadlock detected.
Resolving Deadlock
Checking for deadlock:
There are 3 Blocked actors, 0 Stopped actors, and 3 active threads.
Artificial Deadlock - increasing queue capacity.
increasing the capacity of receiver ptolemy.actor.TypedIOPort {.top.OrderedMerge.inputB} to 2
-- Thread wrapup() called.
Called wrapup()
Thread .top.Ramp2 is exiting.
-- Thread stopped.
Director: Called postfire().
Called postfire().
_stopRequested = false
_stopFireRequested = false
Returning from postfire(): true
Called fire().
Checking for deadlock:
There are 2 Blocked actors, 0 Stopped actors, and 2 active threads.
Actors have stopped.
Checking for deadlock:
There are 2 Blocked actors, 0 Stopped actors, and 2 active threads.
Deadlock detected.
Resolving Deadlock
Checking for deadlock:
There are 2 Blocked actors, 0 Stopped actors, and 2 active threads.
Deadlock detected: no processes blocked on write, but some are blocked on read.
Called postfire().
_stopRequested = false
_stopFireRequested = false
Returning from postfire(): false
Finished deactivating branches.
Called wrapup().
-- Thread wrapup() called.
Called wrapup()
Thread .top.OrderedMerge is exiting.
-- Thread stopped.
-- Blocked Receiver call threw TerminateProcessException.
-- Thread wrapup() called.
Called wrapup()
Thread .top.Test is exiting.
-- Thread stopped.
-- Blocked Receiver call threw TerminateProcessException.
45 ms. Memory: 129024K Free: 85822K (67%)
.top. Preinitializing ...
Invoking preinitialize():  .top.OrderedMerge
Called preinitialize()
Invoking preinitialize():  .top.Ramp
Called preinitialize()
Invoking preinitialize():  .top.Ramp2
Called preinitialize()
Invoking preinitialize():  .top.Test
Called preinitialize()
.top. Finished preinitialize().
Called initialize().
Invoking initialize():  .top.OrderedMerge
Initializing actor: .top.OrderedMerge
Adding a thread: .top.OrderedMerge
Invoking initialize():  .top.Ramp
Initializing actor: .top.Ramp
Adding a thread: .top.Ramp
Invoking initialize():  .top.Ramp2
Initializing actor: .top.Ramp2
Adding a thread: .top.Ramp2
Invoking initialize():  .top.Test
Initializing actor: .top.Test
Adding a thread: .top.Test
-- Starting thread.
Called initialize()
Called prefire()
Called fire()
-- Starting thread.
Called initialize()
Called prefire()
Called fire()
Called postfire()
Called prefire()
Called fire()
-- Starting thread.
Called initialize()
Called prefire()
Called fire()
Called postfire()
Called prefire()
Called fire()
Called fire().
Checking for deadlock:
There are 3 Blocked actors, 0 Stopped actors, and 4 active threads.
Waiting for actors to stop.
-- Starting thread.
Called initialize()
Called prefire()
Called fire()
Checking for deadlock:
There are 2 Blocked actors, 0 Stopped actors, and 4 active threads.
Waiting for actors to stop.
Called postfire()
Called prefire()
Called fire()
Checking for deadlock:
There are 3 Blocked actors, 0 Stopped actors, and 4 active threads.
Waiting for actors to stop.
Read input token from inputA with value 0.0
Next port to read input from is inputB
Called postfire()
Called prefire()
Called fire()
Called postfire()
Called prefire()
Called fire()
Checking for deadlock:
There are 3 Blocked actors, 0 Stopped actors, and 4 active threads.
Waiting for actors to stop.
Read input token from inputB with value 0.0
-- Read input: 0.0, which is expected to match: 0.0
Called prefire()
Called fire()
Checking for deadlock:
There are 3 Blocked actors, 0 Stopped actors, and 4 active threads.
Waiting for actors to stop.
Sent output token with value 0.0
Next port to read input from is inputA
Called postfire()
Called prefire()
Called fire()
Checking for deadlock:
There are 2 Blocked actors, 0 Stopped actors, and 4 active threads.
Waiting for actors to stop.
Called postfire()
Called prefire()
Called fire()
Checking for deadlock:
There are 3 Blocked actors, 0 Stopped actors, and 4 active threads.
Waiting for actors to stop.
Read input token from inputA with value 1.0
Checking for deadlock:
There are 2 Blocked actors, 0 Stopped actors, and 4 active threads.
Waiting for actors to stop.
-- Read input: 0.0, which is expected to match: 0.0
Called prefire()
Called fire()
Checking for deadlock:
There are 3 Blocked actors, 0 Stopped actors, and 4 active threads.
Waiting for actors to stop.
Sent output token with value 0.0
Next port to read input from is inputB
Called postfire()
Called prefire()
Called fire()
Checking for deadlock:
There are 2 Blocked actors, 0 Stopped actors, and 4 active threads.
Waiting for actors to stop.
Called postfire()
Called prefire()
Called fire()
Checking for deadlock:
There are 3 Blocked actors, 0 Stopped actors, and 4 active threads.
Waiting for actors to stop.
Read input token from inputB with value 1.5
Checking for deadlock:
There are 2 Blocked actors, 0 Stopped actors, and 4 active threads.
Waiting for actors to stop.
-- Read input: 1.0, which is expected to match: 1.0
Called prefire()
Called fire()
Checking for deadlock:
There are 3 Blocked actors, 0 Stopped actors, and 4 active threads.
Waiting for actors to stop.
Sent output token with value 1.0
Next port to read input from is inputA
Called postfire()
Called prefire()
Called fire()
Checking for deadlock:
There are 2 Blocked actors, 0 Stopped actors, and 4 active threads.
Waiting for actors to stop.
Called postfire()
Called prefire()
Called fire()
Checking for deadlock:
There are 3 Blocked actors, 0 Stopped actors, and 4 active threads.
Waiting for actors to stop.
Read input token from inputA with value 2.0
Checking for deadlock:
There are 2 Blocked actors, 0 Stopped actors, and 4 active threads.
Waiting for actors to stop.
-- Read input: 1.5, which is expected to match: 1.5
Called prefire()
Called fire()
Checking for deadlock:
There are 3 Blocked actors, 0 Stopped actors, and 4 active threads.
Waiting for actors to stop.
Sent output token with value 1.5
Next port to read input from is inputB
Called postfire()
Called prefire()
Called fire()
Called postfire()
Called prefire()
Called fire()
Checking for deadlock:
There are 3 Blocked actors, 0 Stopped actors, and 4 active threads.
Waiting for actors to stop.
Read input token from inputB with value 3.0
-- Read input: 2.0, which is expected to match: 2.0
Called prefire()
Called fire()
Checking for deadlock:
There are 3 Blocked actors, 0 Stopped actors, and 4 active threads.
Waiting for actors to stop.
Sent output token with value 2.0
Next port to read input from is inputA
Called postfire()
Called prefire()
Called fire()
Checking for deadlock:
There are 2 Blocked actors, 0 Stopped actors, and 4 active threads.
Waiting for actors to stop.
Called postfire()
Called prefire()
Called fire()
Checking for deadlock:
There are 3 Blocked actors, 0 Stopped actors, and 4 active threads.
Waiting for actors to stop.
Read input token from inputA with value 3.0
Checking for deadlock:
There are 2 Blocked actors, 0 Stopped actors, and 4 active threads.
Waiting for actors to stop.
-- Read input: 3.0, which is expected to match: 3.0
Called prefire()
Called fire()
Checking for deadlock:
There are 3 Blocked actors, 0 Stopped actors, and 4 active threads.
Waiting for actors to stop.
Sent output token with value 3.0
Next port to read input from is inputB
Called postfire()
Called prefire()
Called fire()
Checking for deadlock:
There are 2 Blocked actors, 0 Stopped actors, and 4 active threads.
Waiting for actors to stop.
Called postfire()
Called prefire()
Called fire()
Checking for deadlock:
There are 3 Blocked actors, 0 Stopped actors, and 4 active threads.
Waiting for actors to stop.
Read input token from inputB with value 4.5
Checking for deadlock:
There are 2 Blocked actors, 0 Stopped actors, and 4 active threads.
Waiting for actors to stop.
-- Read input: 3.0, which is expected to match: 3.0
Called prefire()
Called fire()
Checking for deadlock:
There are 3 Blocked actors, 0 Stopped actors, and 4 active threads.
Waiting for actors to stop.
Sent output token with value 3.0
Next port to read input from is inputA
Called postfire()
Called prefire()
Called fire()
Checking for deadlock:
There are 2 Blocked actors, 0 Stopped actors, and 4 active threads.
Waiting for actors to stop.
Called postfire()
Called prefire()
Called fire()
Checking for deadlock:
There are 3 Blocked actors, 0 Stopped actors, and 4 active threads.
Waiting for actors to stop.
Read input token from inputA with value 4.0
Checking for deadlock:
There are 2 Blocked actors, 0 Stopped actors, and 4 active threads.
Waiting for actors to stop.
-- Read input: 4.0, which is expected to match: 4.0
Called prefire()
Called fire()
Past the end of training data. Read and discard all inputs.
Checking for deadlock:
There are 3 Blocked actors, 0 Stopped actors, and 4 active threads.
Waiting for actors to stop.
Sent output token with value 4.0
Next port to read input from is inputA
Called postfire()
Called prefire()
Called fire()
Checking for deadlock:
There are 2 Blocked actors, 0 Stopped actors, and 4 active threads.
Waiting for actors to stop.
Called postfire()
Called prefire()
Called fire()
Checking for deadlock:
There are 3 Blocked actors, 0 Stopped actors, and 4 active threads.
Waiting for actors to stop.
Read input token from inputA with value 5.0
Checking for deadlock:
There are 2 Blocked actors, 0 Stopped actors, and 4 active threads.
Waiting for actors to stop.
Called prefire()
Called fire()
Past the end of training data. Read and discard all inputs.
Checking for deadlock:
There are 3 Blocked actors, 0 Stopped actors, and 4 active threads.
Waiting for actors to stop.
Sent output token with value 4.5
Next port to read input from is inputB
Called postfire()
Called prefire()
Called fire()
Checking for deadlock:
There are 2 Blocked actors, 0 Stopped actors, and 4 active threads.
Waiting for actors to stop.
Called postfire()
Called prefire()
Called fire()
Checking for deadlock:
There are 3 Blocked actors, 0 Stopped actors, and 4 active threads.
Waiting for actors to stop.
Read input token from inputB with value 6.0
Checking for deadlock:
There are 2 Blocked actors, 0 Stopped actors, and 4 active threads.
Waiting for actors to stop.
Called prefire()
Called fire()
Past the end of training data. Read and discard all inputs.
Checking for deadlock:
There are 3 Blocked actors, 0 Stopped actors, and 4 active threads.
Waiting for actors to stop.
Sent output token with value 5.0
Next port to read input from is inputA
Called postfire()
Called prefire()
Called fire()
Called postfire()
Called prefire()
Called fire()
Checking for deadlock:
There are 3 Blocked actors, 0 Stopped actors, and 4 active threads.
Waiting for actors to stop.
Read input token from inputA with value 6.0
Called prefire()
Called fire()
Past the end of training data. Read and discard all inputs.
Checking for deadlock:
There are 3 Blocked actors, 0 Stopped actors, and 4 active threads.
Waiting for actors to stop.
Sent output token with value 6.0
Next port to read input from is inputB
Called postfire()
Called prefire()
Called fire()
Checking for deadlock:
There are 2 Blocked actors, 0 Stopped actors, and 4 active threads.
Waiting for actors to stop.
Called postfire()
Called prefire()
Called fire()
Checking for deadlock:
There are 3 Blocked actors, 0 Stopped actors, and 4 active threads.
Waiting for actors to stop.
Read input token from inputB with value 7.5
Checking for deadlock:
There are 2 Blocked actors, 0 Stopped actors, and 4 active threads.
Waiting for actors to stop.
Called prefire()
Called fire()
Past the end of training data. Read and discard all inputs.
Checking for deadlock:
There are 3 Blocked actors, 0 Stopped actors, and 4 active threads.
Waiting for actors to stop.
Sent output token with value 6.0
Next port to read input from is inputA
Called postfire()
Called prefire()
Called fire()
Called postfire()
Called prefire()
Called fire()
Checking for deadlock:
There are 3 Blocked actors, 0 Stopped actors, and 4 active threads.
Waiting for actors to stop.
Read input token from inputA with value 7.0
Called prefire()
Called fire()
Past the end of training data. Read and discard all inputs.
Checking for deadlock:
There are 3 Blocked actors, 0 Stopped actors, and 4 active threads.
Waiting for actors to stop.
Sent output token with value 7.0
Next port to read input from is inputA
Called postfire()
Called prefire()
Called fire()
-- Thread wrapup() called.
Called wrapup()
Thread .top.Ramp is exiting.
-- Thread stopped.
Checking for deadlock:
There are 2 Blocked actors, 0 Stopped actors, and 3 active threads.
Waiting for actors to stop.
Read input token from inputA with value 8.0
Checking for deadlock:
There are 1 Blocked actors, 0 Stopped actors, and 3 active threads.
Waiting for actors to stop.
Called prefire()
Called fire()
Past the end of training data. Read and discard all inputs.
Checking for deadlock:
There are 2 Blocked actors, 0 Stopped actors, and 3 active threads.
Waiting for actors to stop.
Sent output token with value 7.5
Next port to read input from is inputB
Called postfire()
Called prefire()
Called fire()
Checking for deadlock:
There are 1 Blocked actors, 0 Stopped actors, and 3 active threads.
Waiting for actors to stop.
Called postfire()
Called prefire()
Called fire()
Checking for deadlock:
There are 2 Blocked actors, 0 Stopped actors, and 3 active threads.
Waiting for actors to stop.
Read input token from inputB with value 9.0
Checking for deadlock:
There are 1 Blocked actors, 0 Stopped actors, and 3 active threads.
Waiting for actors to stop.
Called prefire()
Called fire()
Past the end of training data. Read and discard all inputs.
Checking for deadlock:
There are 2 Blocked actors, 0 Stopped actors, and 3 active threads.
Waiting for actors to stop.
Sent output token with value 8.0
Next port to read input from is inputA
Called postfire()
Called prefire()
Called fire()
Read input token from inputA with value 9.0
Called prefire()
Called fire()
Past the end of training data. Read and discard all inputs.
Checking for deadlock:
There are 2 Blocked actors, 0 Stopped actors, and 3 active threads.
Waiting for actors to stop.
Sent output token with value 9.0
Next port to read input from is inputB
Called postfire()
Called prefire()
Called fire()
Called postfire()
Called prefire()
Called fire()
Checking for deadlock:
There are 2 Blocked actors, 0 Stopped actors, and 3 active threads.
Waiting for actors to stop.
Read input token from inputB with value 10.5
Called prefire()
Called fire()
Past the end of training data. Read and discard all inputs.
Checking for deadlock:
There are 2 Blocked actors, 0 Stopped actors, and 3 active threads.
Waiting for actors to stop.
Sent output token with value 9.0
Next port to read input from is inputA
Called postfire()
Called prefire()
Called fire()
Checking for deadlock:
There are 3 Blocked actors, 0 Stopped actors, and 3 active threads.
Actors have stopped.
Checking for deadlock:
There are 3 Blocked actors, 0 Stopped actors, and 3 active threads.
Deadlock detected.
Resolving Deadlock
Checking for deadlock:
There are 3 Blocked actors, 0 Stopped actors, and 3 active threads.
Artificial Deadlock - increasing queue capacity.
increasing the capacity of receiver ptolemy.actor.TypedIOPort {.top.OrderedMerge.inputB} to 2
Director: Called postfire().
Called postfire().
_stopRequested = false
_stopFireRequested = false
Returning from postfire(): true
Called fire().
Checking for deadlock:
There are 2 Blocked actors, 0 Stopped actors, and 3 active threads.
Waiting for actors to stop.
-- Thread wrapup() called.
Called wrapup()
Thread .top.Ramp2 is exiting.
-- Thread stopped.
Checking for deadlock:
There are 2 Blocked actors, 0 Stopped actors, and 2 active threads.
Actors have stopped.
Checking for deadlock:
There are 2 Blocked actors, 0 Stopped actors, and 2 active threads.
Deadlock detected.
Resolving Deadlock
Checking for deadlock:
There are 2 Blocked actors, 0 Stopped actors, and 2 active threads.
Deadlock detected: no processes blocked on write, but some are blocked on read.
Called postfire().
_stopRequested = false
_stopFireRequested = false
Returning from postfire(): false
Finished deactivating branches.
Called wrapup().
-- Thread wrapup() called.
Called wrapup()
-- Thread wrapup() called.
Called wrapup()
Thread .top.Test is exiting.
-- Thread stopped.
-- Blocked Receiver call threw TerminateProcessException.
Thread .top.OrderedMerge is exiting.
-- Thread stopped.
-- Blocked Receiver call threw TerminateProcessException.
31 ms. Memory: 129024K Free: 83264K (65%)
/home/travis/build/icyphy/ptII/ptolemy/actor/lib/test/Publisher.tcl
17 ms. Memory: 129024K Free: 77120K (60%)
4 ms. Memory: 129024K Free: 72000K (56%)
3 ms. Memory: 129024K Free: 68414K (53%)
16 ms. Memory: 129024K Free: 67360K (52%)
3 ms. Memory: 129024K Free: 66366K (51%)
3 ms. Memory: 129024K Free: 65856K (51%)
2 ms. Memory: 129024K Free: 64832K (50%)
3 ms. Memory: 129024K Free: 63808K (49%)
34 ms. Memory: 156672K Free: 139487K (89%)
4 ms. Memory: 156672K Free: 135886K (87%)
2 ms. Memory: 156672K Free: 134846K (86%)
4 ms. Memory: 156672K Free: 132822K (85%)
12 ms. Memory: 156672K Free: 125151K (80%)
18 ms. Memory: 156672K Free: 115421K (74%)
7 ms. Memory: 156672K Free: 104671K (67%)
/home/travis/build/icyphy/ptII/ptolemy/actor/lib/test/Pulse.tcl
2 ms. Memory: 156672K Free: 115520K (74%)
9 ms. Memory: 156672K Free: 114510K (73%)
1 ms. Memory: 156672K Free: 114000K (73%)
1 ms. Memory: 156672K Free: 113486K (72%)
1 ms. Memory: 156672K Free: 112976K (72%)
5 ms. Memory: 156672K Free: 111952K (71%)
4 ms. Memory: 156672K Free: 110928K (71%)
3 ms. Memory: 156672K Free: 110400K (70%)
4 ms. Memory: 156672K Free: 109390K (70%)
/home/travis/build/icyphy/ptII/ptolemy/actor/lib/test/Ramp.tcl
4 ms. Memory: 156672K Free: 107856K (69%)
4 ms. Memory: 156672K Free: 106832K (68%)
2 ms. Memory: 156672K Free: 106304K (68%)
2 ms. Memory: 156672K Free: 105294K (67%)
4 ms. Memory: 156672K Free: 104784K (67%)
8 ms. Memory: 156672K Free: 103760K (66%)
4 ms. Memory: 156672K Free: 102736K (66%)
5 actors
7000 microseconds per iteration to create
8 ms. Memory: 156672K Free: 100160K (64%)
2 ms. Memory: 156672K Free: 99664K (64%)
3 ms. Memory: 156672K Free: 99144K (63%)
2 ms. Memory: 156672K Free: 98112K (63%)
50 actors
44000 microseconds per iteration to create
34 ms. Memory: 156672K Free: 82766K (53%)
13 ms. Memory: 156672K Free: 81742K (52%)
11 ms. Memory: 156672K Free: 80718K (52%)
18 ms. Memory: 156672K Free: 138228K (88%)
500 actors
1560000 microseconds per iteration to create
298 ms. Memory: 188416K Free: 135440K (72%)
32 ms. Memory: 188416K Free: 130320K (69%)
38 ms. Memory: 188416K Free: 125200K (66%)
33 ms. Memory: 188416K Free: 120080K (64%)
/home/travis/build/icyphy/ptII/ptolemy/actor/lib/test/RampContinuous.tcl
8 ms. Memory: 188416K Free: 118535K (63%)
/home/travis/build/icyphy/ptII/ptolemy/actor/lib/test/RecordAssembler.tcl
5 ms. Memory: 188416K Free: 117008K (62%)
4 ms. Memory: 188416K Free: 115984K (62%)
/home/travis/build/icyphy/ptII/ptolemy/actor/lib/test/RecordDisassembler.tcl
13 ms. Memory: 188416K Free: 114446K (61%)
4 ms. Memory: 188416K Free: 113422K (60%)
4 ms. Memory: 188416K Free: 112398K (60%)
/home/travis/build/icyphy/ptII/ptolemy/actor/lib/test/Scale.tcl
3 ms. Memory: 188416K Free: 110864K (59%)
2 ms. Memory: 188416K Free: 109840K (58%)
2 ms. Memory: 188416K Free: 109311K (58%)
2 ms. Memory: 188416K Free: 108295K (57%)
7 ms. Memory: 188416K Free: 107263K (57%)
/home/travis/build/icyphy/ptII/ptolemy/actor/lib/test/SequentialClock.tcl
preinitializing
resolving types
initializing
executing number 1
wrapping up
idle
3 ms. Memory: 188416K Free: 106254K (56%)
Completed execution with 5 iterations
preinitializing
resolving types
initializing
executing number 1
wrapping up
idle
1 ms. Memory: 188416K Free: 105744K (56%)
Completed execution with 5 iterations
preinitializing
resolving types
initializing
executing number 1
wrapping up
idle
1 ms. Memory: 188416K Free: 105230K (56%)
Completed execution with 5 iterations
/home/travis/build/icyphy/ptII/ptolemy/actor/lib/test/SetVariable.tcl
4 ms. Memory: 188416K Free: 103182K (55%)
/home/travis/build/icyphy/ptII/ptolemy/actor/lib/test/Sinewave.tcl
/home/travis/build/icyphy/ptII/ptolemy/actor/lib/test/SubscriptionAggregator.tcl
5 ms. Memory: 188416K Free: 91918K (49%)
3 ms. Memory: 188416K Free: 91408K (49%)
0 ms. Memory: 188416K Free: 90894K (48%)
1 ms. Memory: 188416K Free: 90384K (48%)
2 ms. Memory: 188416K Free: 86783K (46%)
9 ms. Memory: 188416K Free: 163587K (87%)
...............................................................928 ms. Memory: 432128K Free: 345139K (80%)
/home/travis/build/icyphy/ptII/ptolemy/actor/lib/test/Test.tcl
 The next command will produce a warning about training mode,
   which may be ignored.
5 ms. Memory: 432128K Free: 343093K (79%)
3 ms. Memory: 432128K Free: 342069K (79%)
1 ms. Memory: 432128K Free: 341540K (79%)
1 ms. Memory: 432128K Free: 341045K (79%)
3 ms. Memory: 432128K Free: 340531K (79%)
3 ms. Memory: 432128K Free: 338997K (78%)
4 ms. Memory: 432128K Free: 337973K (78%)
 The next command will produce a warning about training mode,
   which may be ignored.
11 ms. Memory: 432128K Free: 379241K (88%)
 The next command will produce a warning about training mode,
   which may be ignored.
3 ms. Memory: 432128K Free: 377923K (87%)
1 ms. Memory: 432128K Free: 377598K (87%)
1 ms. Memory: 432128K Free: 377201K (87%)
3 ms. Memory: 432128K Free: 376576K (87%)
8 ms. Memory: 432128K Free: 375591K (87%)
3 ms. Memory: 432128K Free: 371811K (86%)
/home/travis/build/icyphy/ptII/ptolemy/actor/lib/test/TestExceptionHandler.tcl
 The next command will produce a warning about training mode,
   which may be ignored.
3 ms. Memory: 432128K Free: 370456K (86%)
1 ms. Memory: 432128K Free: 370025K (86%)
2 ms. Memory: 432128K Free: 369456K (85%)
/home/travis/build/icyphy/ptII/ptolemy/actor/lib/test/UnionDisassembler.tcl
13 ms. Memory: 432128K Free: 375121K (87%)
/home/travis/build/icyphy/ptII/ptolemy/actor/lib/test/VariableClock.tcl
preinitializing
resolving types
initializing
executing number 1
wrapping up
idle
3 ms. Memory: 432128K Free: 373083K (86%)
Completed execution with 11 iterations
preinitializing
resolving types
initializing
executing number 1
wrapping up
idle
2 ms. Memory: 432128K Free: 371492K (86%)
Completed execution with 10 iterations
11/01/20 03:58:03
Failed: 0  Total Tests: 233  ((Passed: 233, Newly Passed: 0)  Known Failed: 0) /home/travis/build/icyphy/ptII/ptolemy/actor/lib/test
----------------- testing (KnownFailure) /home/travis/build/icyphy/ptII/ptolemy/actor/lib/test/auto/knownFailedTests/PublisherPortToplevelSubscriber.xml
1 ms. Memory: 432128K Free: 368885K (85%)
Known Failure: java.lang.reflect.InvocationTargetException
----------------- testing (KnownFailure) /home/travis/build/icyphy/ptII/ptolemy/actor/lib/test/auto/knownFailedTests/PublisherSubscriberPortToplevel.xml
1 ms. Memory: 432128K Free: 364871K (84%)
Known Failure: java.lang.reflect.InvocationTargetException
----------------- testing (KnownFailure) /home/travis/build/icyphy/ptII/ptolemy/actor/lib/test/auto/knownFailedTests/PublisherSubscriptionAggregatorPort.xml
0 ms. Memory: 432128K Free: 361717K (84%)
Known Failure: java.lang.reflect.InvocationTargetException
----------------- testing (KnownFailure) /home/travis/build/icyphy/ptII/ptolemy/actor/lib/test/auto/knownFailedTests/sizedarray3.xml
5 ms. Memory: 432128K Free: 357695K (83%)
Known Failure: java.lang.reflect.InvocationTargetException
No auto/linux-amd64/*.xml tests in /home/travis/build/icyphy/ptII/ptolemy/actor/lib/test
AutoTests.java: About to close Vertx.
AutoTests.java: Vertx closed.

===========================================================================================
----------------- testing Sun Nov 01 15:58:03 UTC 2020 /home/travis/build/icyphy/ptII/ptolemy/actor/lib/test/auto/AbsoluteValue.xml
----------------- Instantiating /home/travis/build/icyphy/ptII/ptolemy/actor/lib/test/auto/AbsoluteValue.xml
3 ms. Memory: 432128K Free: 357252K (83%)
----------------- Invoking toplevel() on ptolemy.moml.MoMLSimpleApplication@205b80cf
----------------- Done invoking toplevel() on ptolemy.moml.MoMLSimpleApplication@205b80cf
reloadAllAccessors: .AbsoluteValue

===========================================================================================
----------------- testing Sun Nov 01 15:58:03 UTC 2020 /home/travis/build/icyphy/ptII/ptolemy/actor/lib/test/auto/AbsoluteValue2.xml
----------------- Instantiating /home/travis/build/icyphy/ptII/ptolemy/actor/lib/test/auto/AbsoluteValue2.xml
5 ms. Memory: 432128K Free: 350594K (81%)
----------------- Invoking toplevel() on ptolemy.moml.MoMLSimpleApplication@4b7623e9
----------------- Done invoking toplevel() on ptolemy.moml.MoMLSimpleApplication@4b7623e9
reloadAllAccessors: .AbsoluteValue2

===========================================================================================
----------------- testing Sun Nov 01 15:58:03 UTC 2020 /home/travis/build/icyphy/ptII/ptolemy/actor/lib/test/auto/Accumulator.xml
----------------- Instantiating /home/travis/build/icyphy/ptII/ptolemy/actor/lib/test/auto/Accumulator.xml
9 ms. Memory: 432128K Free: 343940K (80%)
----------------- Invoking toplevel() on ptolemy.moml.MoMLSimpleApplication@715061ba
----------------- Done invoking toplevel() on ptolemy.moml.MoMLSimpleApplication@715061ba
reloadAllAccessors: .Accumulator

===========================================================================================
----------------- testing Sun Nov 01 15:58:03 UTC 2020 /home/travis/build/icyphy/ptII/ptolemy/actor/lib/test/auto/Accumulator2.xml
----------------- Instantiating /home/travis/build/icyphy/ptII/ptolemy/actor/lib/test/auto/Accumulator2.xml
3 ms. Memory: 432128K Free: 338820K (78%)
----------------- Invoking toplevel() on ptolemy.moml.MoMLSimpleApplication@1c3dfcd4
----------------- Done invoking toplevel() on ptolemy.moml.MoMLSimpleApplication@1c3dfcd4
reloadAllAccessors: .Accumulator2

===========================================================================================
----------------- testing Sun Nov 01 15:58:03 UTC 2020 /home/travis/build/icyphy/ptII/ptolemy/actor/lib/test/auto/Accumulator3.xml
----------------- Instantiating /home/travis/build/icyphy/ptII/ptolemy/actor/lib/test/auto/Accumulator3.xml
3 ms. Memory: 432128K Free: 334210K (77%)
----------------- Invoking toplevel() on ptolemy.moml.MoMLSimpleApplication@1e33b757
----------------- Done invoking toplevel() on ptolemy.moml.MoMLSimpleApplication@1e33b757
reloadAllAccessors: .Accumulator3

===========================================================================================
----------------- testing Sun Nov 01 15:58:03 UTC 2020 /home/travis/build/icyphy/ptII/ptolemy/actor/lib/test/auto/ArrayAppend.xml
----------------- Instantiating /home/travis/build/icyphy/ptII/ptolemy/actor/lib/test/auto/ArrayAppend.xml
7 ms. Memory: 432128K Free: 328580K (76%)
----------------- Invoking toplevel() on ptolemy.moml.MoMLSimpleApplication@588716a0
----------------- Done invoking toplevel() on ptolemy.moml.MoMLSimpleApplication@588716a0
reloadAllAccessors: .ArrayAppend

===========================================================================================
----------------- testing Sun Nov 01 15:58:03 UTC 2020 /home/travis/build/icyphy/ptII/ptolemy/actor/lib/test/auto/ArrayAppend2.xml
----------------- Instantiating /home/travis/build/icyphy/ptII/ptolemy/actor/lib/test/auto/ArrayAppend2.xml
272 ms. Memory: 432128K Free: 345899K (80%)
----------------- Invoking toplevel() on ptolemy.moml.MoMLSimpleApplication@aef6bd7
----------------- Done invoking toplevel() on ptolemy.moml.MoMLSimpleApplication@aef6bd7
reloadAllAccessors: .ArrayAppend2

===========================================================================================
----------------- testing Sun Nov 01 15:58:04 UTC 2020 /home/travis/build/icyphy/ptII/ptolemy/actor/lib/test/auto/ArrayAppend3.xml
----------------- Instantiating /home/travis/build/icyphy/ptII/ptolemy/actor/lib/test/auto/ArrayAppend3.xml
2 ms. Memory: 432128K Free: 340265K (79%)
----------------- Invoking toplevel() on ptolemy.moml.MoMLSimpleApplication@5398a308
----------------- Done invoking toplevel() on ptolemy.moml.MoMLSimpleApplication@5398a308
reloadAllAccessors: .ArrayAppend3

===========================================================================================
----------------- testing Sun Nov 01 15:58:04 UTC 2020 /home/travis/build/icyphy/ptII/ptolemy/actor/lib/test/auto/ArrayAppend4.xml
----------------- Instantiating /home/travis/build/icyphy/ptII/ptolemy/actor/lib/test/auto/ArrayAppend4.xml
2 ms. Memory: 432128K Free: 334635K (77%)
----------------- Invoking toplevel() on ptolemy.moml.MoMLSimpleApplication@9367049
----------------- Done invoking toplevel() on ptolemy.moml.MoMLSimpleApplication@9367049
reloadAllAccessors: .ArrayAppend4

===========================================================================================
----------------- testing Sun Nov 01 15:58:04 UTC 2020 /home/travis/build/icyphy/ptII/ptolemy/actor/lib/test/auto/ArrayAppend5.xml
----------------- Instantiating /home/travis/build/icyphy/ptII/ptolemy/actor/lib/test/auto/ArrayAppend5.xml
2 ms. Memory: 432128K Free: 329001K (76%)
----------------- Invoking toplevel() on ptolemy.moml.MoMLSimpleApplication@2ade0b86
----------------- Done invoking toplevel() on ptolemy.moml.MoMLSimpleApplication@2ade0b86
reloadAllAccessors: .ArrayAppend5

===========================================================================================
----------------- testing Sun Nov 01 15:58:04 UTC 2020 /home/travis/build/icyphy/ptII/ptolemy/actor/lib/test/auto/ArrayAppend6.xml
----------------- Instantiating /home/travis/build/icyphy/ptII/ptolemy/actor/lib/test/auto/ArrayAppend6.xml
2 ms. Memory: 432128K Free: 323881K (75%)
----------------- Invoking toplevel() on ptolemy.moml.MoMLSimpleApplication@30fb722e
----------------- Done invoking toplevel() on ptolemy.moml.MoMLSimpleApplication@30fb722e
reloadAllAccessors: .ArrayAppend6

===========================================================================================
----------------- testing Sun Nov 01 15:58:04 UTC 2020 /home/travis/build/icyphy/ptII/ptolemy/actor/lib/test/auto/ArrayAppendPerformanceTest.xml
----------------- Instantiating /home/travis/build/icyphy/ptII/ptolemy/actor/lib/test/auto/ArrayAppendPerformanceTest.xml
25 ms. Memory: 432128K Free: 313131K (72%)
----------------- Invoking toplevel() on ptolemy.moml.MoMLSimpleApplication@6a93cb92
----------------- Done invoking toplevel() on ptolemy.moml.MoMLSimpleApplication@6a93cb92
reloadAllAccessors: .ArrayAppendPerformanceTest

===========================================================================================
----------------- testing Sun Nov 01 15:58:04 UTC 2020 /home/travis/build/icyphy/ptII/ptolemy/actor/lib/test/auto/ArrayAppendWithEmptyInput.xml
----------------- Instantiating /home/travis/build/icyphy/ptII/ptolemy/actor/lib/test/auto/ArrayAppendWithEmptyInput.xml
15 ms. Memory: 432128K Free: 305449K (71%)
----------------- Invoking toplevel() on ptolemy.moml.MoMLSimpleApplication@793d555
----------------- Done invoking toplevel() on ptolemy.moml.MoMLSimpleApplication@793d555
reloadAllAccessors: .ArrayAppendWithEmptyInput

===========================================================================================
----------------- testing Sun Nov 01 15:58:04 UTC 2020 /home/travis/build/icyphy/ptII/ptolemy/actor/lib/test/auto/ArrayAverage.xml
----------------- Instantiating /home/travis/build/icyphy/ptII/ptolemy/actor/lib/test/auto/ArrayAverage.xml
12 ms. Memory: 432128K Free: 297257K (69%)
----------------- Invoking toplevel() on ptolemy.moml.MoMLSimpleApplication@681fdf44
----------------- Done invoking toplevel() on ptolemy.moml.MoMLSimpleApplication@681fdf44
reloadAllAccessors: .ArrayAverage

===========================================================================================
----------------- testing Sun Nov 01 15:58:04 UTC 2020 /home/travis/build/icyphy/ptII/ptolemy/actor/lib/test/auto/ArrayContains.xml
----------------- Instantiating /home/travis/build/icyphy/ptII/ptolemy/actor/lib/test/auto/ArrayContains.xml
2 ms. Memory: 432128K Free: 291113K (67%)
----------------- Invoking toplevel() on ptolemy.moml.MoMLSimpleApplication@3ab03715
----------------- Done invoking toplevel() on ptolemy.moml.MoMLSimpleApplication@3ab03715
reloadAllAccessors: .ArrayContains

===========================================================================================
----------------- testing Sun Nov 01 15:58:04 UTC 2020 /home/travis/build/icyphy/ptII/ptolemy/actor/lib/test/auto/ArrayElement.xml
----------------- Instantiating /home/travis/build/icyphy/ptII/ptolemy/actor/lib/test/auto/ArrayElement.xml
3 ms. Memory: 432128K Free: 285483K (66%)
----------------- Invoking toplevel() on ptolemy.moml.MoMLSimpleApplication@76adfa8d
----------------- Done invoking toplevel() on ptolemy.moml.MoMLSimpleApplication@76adfa8d
reloadAllAccessors: .ArrayElement

===========================================================================================
----------------- testing Sun Nov 01 15:58:04 UTC 2020 /home/travis/build/icyphy/ptII/ptolemy/actor/lib/test/auto/ArrayElementAsMatrix.xml
----------------- Instantiating /home/travis/build/icyphy/ptII/ptolemy/actor/lib/test/auto/ArrayElementAsMatrix.xml
19 ms. Memory: 432128K Free: 275243K (64%)
----------------- Invoking toplevel() on ptolemy.moml.MoMLSimpleApplication@54f177d8
----------------- Done invoking toplevel() on ptolemy.moml.MoMLSimpleApplication@54f177d8
reloadAllAccessors: .ArrayElementAsMatrix

===========================================================================================
----------------- testing Sun Nov 01 15:58:04 UTC 2020 /home/travis/build/icyphy/ptII/ptolemy/actor/lib/test/auto/ArrayElementI.xml
----------------- Instantiating /home/travis/build/icyphy/ptII/ptolemy/actor/lib/test/auto/ArrayElementI.xml
14 ms. Memory: 432128K Free: 270633K (63%)
----------------- Invoking toplevel() on ptolemy.moml.MoMLSimpleApplication@3f36f64a
----------------- Done invoking toplevel() on ptolemy.moml.MoMLSimpleApplication@3f36f64a
reloadAllAccessors: .ArrayElementI

===========================================================================================
----------------- testing Sun Nov 01 15:58:04 UTC 2020 /home/travis/build/icyphy/ptII/ptolemy/actor/lib/test/auto/ArrayExtract.xml
----------------- Instantiating /home/travis/build/icyphy/ptII/ptolemy/actor/lib/test/auto/ArrayExtract.xml
5 ms. Memory: 432128K Free: 261931K (61%)
----------------- Invoking toplevel() on ptolemy.moml.MoMLSimpleApplication@1344b6a3
----------------- Done invoking toplevel() on ptolemy.moml.MoMLSimpleApplication@1344b6a3
reloadAllAccessors: .ArrayExtract

===========================================================================================
----------------- testing Sun Nov 01 15:58:04 UTC 2020 /home/travis/build/icyphy/ptII/ptolemy/actor/lib/test/auto/ArrayExtract2.xml
----------------- Instantiating /home/travis/build/icyphy/ptII/ptolemy/actor/lib/test/auto/ArrayExtract2.xml
3 ms. Memory: 432128K Free: 256811K (59%)
----------------- Invoking toplevel() on ptolemy.moml.MoMLSimpleApplication@489b37c0
----------------- Done invoking toplevel() on ptolemy.moml.MoMLSimpleApplication@489b37c0
reloadAllAccessors: .ArrayExtract2

===========================================================================================
----------------- testing Sun Nov 01 15:58:04 UTC 2020 /home/travis/build/icyphy/ptII/ptolemy/actor/lib/test/auto/ArrayLength.xml
----------------- Instantiating /home/travis/build/icyphy/ptII/ptolemy/actor/lib/test/auto/ArrayLength.xml
3 ms. Memory: 432128K Free: 252715K (58%)
----------------- Invoking toplevel() on ptolemy.moml.MoMLSimpleApplication@49cbd163
----------------- Done invoking toplevel() on ptolemy.moml.MoMLSimpleApplication@49cbd163
reloadAllAccessors: .ArrayLength

===========================================================================================
----------------- testing Sun Nov 01 15:58:04 UTC 2020 /home/travis/build/icyphy/ptII/ptolemy/actor/lib/test/auto/ArrayLevelCrossing.xml
----------------- Instantiating /home/travis/build/icyphy/ptII/ptolemy/actor/lib/test/auto/ArrayLevelCrossing.xml
4 ms. Memory: 432128K Free: 245033K (57%)
----------------- Invoking toplevel() on ptolemy.moml.MoMLSimpleApplication@6da5a760
----------------- Done invoking toplevel() on ptolemy.moml.MoMLSimpleApplication@6da5a760
reloadAllAccessors: .ArrayLevelCrossing

===========================================================================================
----------------- testing Sun Nov 01 15:58:04 UTC 2020 /home/travis/build/icyphy/ptII/ptolemy/actor/lib/test/auto/ArrayLevelCrossing2.xml
----------------- Instantiating /home/travis/build/icyphy/ptII/ptolemy/actor/lib/test/auto/ArrayLevelCrossing2.xml
11 ms. Memory: 686080K Free: 632036K (92%)
----------------- Invoking toplevel() on ptolemy.moml.MoMLSimpleApplication@b79e09c
----------------- Done invoking toplevel() on ptolemy.moml.MoMLSimpleApplication@b79e09c
reloadAllAccessors: .ArrayLevelCrossing2

===========================================================================================
----------------- testing Sun Nov 01 15:58:04 UTC 2020 /home/travis/build/icyphy/ptII/ptolemy/actor/lib/test/auto/ArrayPeakSearch.xml
----------------- Instantiating /home/travis/build/icyphy/ptII/ptolemy/actor/lib/test/auto/ArrayPeakSearch.xml
5 ms. Memory: 686080K Free: 622325K (91%)
----------------- Invoking toplevel() on ptolemy.moml.MoMLSimpleApplication@2d645908
----------------- Done invoking toplevel() on ptolemy.moml.MoMLSimpleApplication@2d645908
reloadAllAccessors: .ArrayPeakSearch

===========================================================================================
----------------- testing Sun Nov 01 15:58:04 UTC 2020 /home/travis/build/icyphy/ptII/ptolemy/actor/lib/test/auto/ArrayPeakSearch2.xml
----------------- Instantiating /home/travis/build/icyphy/ptII/ptolemy/actor/lib/test/auto/ArrayPeakSearch2.xml
6 ms. Memory: 686080K Free: 612085K (89%)
----------------- Invoking toplevel() on ptolemy.moml.MoMLSimpleApplication@2467bba9
----------------- Done invoking toplevel() on ptolemy.moml.MoMLSimpleApplication@2467bba9
reloadAllAccessors: .ArrayPeakSearch2

===========================================================================================
----------------- testing Sun Nov 01 15:58:04 UTC 2020 /home/travis/build/icyphy/ptII/ptolemy/actor/lib/test/auto/ArrayPeakSearch3.xml
----------------- Instantiating /home/travis/build/icyphy/ptII/ptolemy/actor/lib/test/auto/ArrayPeakSearch3.xml
4 ms. Memory: 686080K Free: 602869K (88%)
----------------- Invoking toplevel() on ptolemy.moml.MoMLSimpleApplication@305a81d1
----------------- Done invoking toplevel() on ptolemy.moml.MoMLSimpleApplication@305a81d1
reloadAllAccessors: .ArrayPeakSearch3

===========================================================================================
----------------- testing Sun Nov 01 15:58:04 UTC 2020 /home/travis/build/icyphy/ptII/ptolemy/actor/lib/test/auto/ArrayRemoveElement.xml
----------------- Instantiating /home/travis/build/icyphy/ptII/ptolemy/actor/lib/test/auto/ArrayRemoveElement.xml
3 ms. Memory: 686080K Free: 595187K (87%)
----------------- Invoking toplevel() on ptolemy.moml.MoMLSimpleApplication@78db0222
----------------- Done invoking toplevel() on ptolemy.moml.MoMLSimpleApplication@78db0222
reloadAllAccessors: .ArrayRemoveElement

===========================================================================================
----------------- testing Sun Nov 01 15:58:04 UTC 2020 /home/travis/build/icyphy/ptII/ptolemy/actor/lib/test/auto/ArraySort.xml
----------------- Instantiating /home/travis/build/icyphy/ptII/ptolemy/actor/lib/test/auto/ArraySort.xml
10 ms. Memory: 686080K Free: 585971K (85%)
----------------- Invoking toplevel() on ptolemy.moml.MoMLSimpleApplication@6bb23cb3
----------------- Done invoking toplevel() on ptolemy.moml.MoMLSimpleApplication@6bb23cb3
reloadAllAccessors: .ArraySort

===========================================================================================
----------------- testing Sun Nov 01 15:58:04 UTC 2020 /home/travis/build/icyphy/ptII/ptolemy/actor/lib/test/auto/ArraySum.xml
----------------- Instantiating /home/travis/build/icyphy/ptII/ptolemy/actor/lib/test/auto/ArraySum.xml
4 ms. Memory: 686080K Free: 580851K (85%)
----------------- Invoking toplevel() on ptolemy.moml.MoMLSimpleApplication@65a2d0e
----------------- Done invoking toplevel() on ptolemy.moml.MoMLSimpleApplication@65a2d0e
reloadAllAccessors: .ArraySum

===========================================================================================
----------------- testing Sun Nov 01 15:58:04 UTC 2020 /home/travis/build/icyphy/ptII/ptolemy/actor/lib/test/auto/ArrayToElements.xml
----------------- Instantiating /home/travis/build/icyphy/ptII/ptolemy/actor/lib/test/auto/ArrayToElements.xml
4 ms. Memory: 686080K Free: 575221K (84%)
----------------- Invoking toplevel() on ptolemy.moml.MoMLSimpleApplication@2addb663
----------------- Done invoking toplevel() on ptolemy.moml.MoMLSimpleApplication@2addb663
reloadAllAccessors: .ArrayToElements

===========================================================================================
----------------- testing Sun Nov 01 15:58:05 UTC 2020 /home/travis/build/icyphy/ptII/ptolemy/actor/lib/test/auto/ArrayToMatrix.xml
----------------- Instantiating /home/travis/build/icyphy/ptII/ptolemy/actor/lib/test/auto/ArrayToMatrix.xml
21 ms. Memory: 686080K Free: 561395K (82%)
----------------- Invoking toplevel() on ptolemy.moml.MoMLSimpleApplication@29cfc751
----------------- Done invoking toplevel() on ptolemy.moml.MoMLSimpleApplication@29cfc751
reloadAllAccessors: .ArrayToMatrix

===========================================================================================
----------------- testing Sun Nov 01 15:58:05 UTC 2020 /home/travis/build/icyphy/ptII/ptolemy/actor/lib/test/auto/ArrayUpdate1.xml
----------------- Instantiating /home/travis/build/icyphy/ptII/ptolemy/actor/lib/test/auto/ArrayUpdate1.xml
4 ms. Memory: 686080K Free: 556275K (81%)
----------------- Invoking toplevel() on ptolemy.moml.MoMLSimpleApplication@43ad374f
----------------- Done invoking toplevel() on ptolemy.moml.MoMLSimpleApplication@43ad374f
reloadAllAccessors: .ArrayUpdate1

===========================================================================================
----------------- testing Sun Nov 01 15:58:05 UTC 2020 /home/travis/build/icyphy/ptII/ptolemy/actor/lib/test/auto/ArrayUpdate2.xml
----------------- Instantiating /home/travis/build/icyphy/ptII/ptolemy/actor/lib/test/auto/ArrayUpdate2.xml
5 ms. Memory: 686080K Free: 550131K (80%)
----------------- Invoking toplevel() on ptolemy.moml.MoMLSimpleApplication@96df54e
----------------- Done invoking toplevel() on ptolemy.moml.MoMLSimpleApplication@96df54e
reloadAllAccessors: .ArrayUpdate2

===========================================================================================
----------------- testing Sun Nov 01 15:58:05 UTC 2020 /home/travis/build/icyphy/ptII/ptolemy/actor/lib/test/auto/ArrayUpdate3.xml
----------------- Instantiating /home/travis/build/icyphy/ptII/ptolemy/actor/lib/test/auto/ArrayUpdate3.xml
4 ms. Memory: 686080K Free: 545011K (79%)
----------------- Invoking toplevel() on ptolemy.moml.MoMLSimpleApplication@1ac13649
----------------- Done invoking toplevel() on ptolemy.moml.MoMLSimpleApplication@1ac13649
reloadAllAccessors: .ArrayUpdate3

===========================================================================================
----------------- testing Sun Nov 01 15:58:05 UTC 2020 /home/travis/build/icyphy/ptII/ptolemy/actor/lib/test/auto/Assert1.xml
----------------- Instantiating /home/travis/build/icyphy/ptII/ptolemy/actor/lib/test/auto/Assert1.xml
4 ms. Memory: 686080K Free: 540915K (79%)
----------------- Invoking toplevel() on ptolemy.moml.MoMLSimpleApplication@1d7e475d
----------------- Done invoking toplevel() on ptolemy.moml.MoMLSimpleApplication@1d7e475d
reloadAllAccessors: .Assert1

===========================================================================================
----------------- testing Sun Nov 01 15:58:05 UTC 2020 /home/travis/build/icyphy/ptII/ptolemy/actor/lib/test/auto/Assert2.xml
----------------- Instantiating /home/travis/build/icyphy/ptII/ptolemy/actor/lib/test/auto/Assert2.xml
4 ms. Memory: 686080K Free: 535795K (78%)
----------------- Invoking toplevel() on ptolemy.moml.MoMLSimpleApplication@2ea035d0
----------------- Done invoking toplevel() on ptolemy.moml.MoMLSimpleApplication@2ea035d0
reloadAllAccessors: .Assert2

===========================================================================================
----------------- testing Sun Nov 01 15:58:05 UTC 2020 /home/travis/build/icyphy/ptII/ptolemy/actor/lib/test/auto/BooleanMultiplexor.xml
----------------- Instantiating /home/travis/build/icyphy/ptII/ptolemy/actor/lib/test/auto/BooleanMultiplexor.xml
3 ms. Memory: 686080K Free: 530644K (77%)
----------------- Invoking toplevel() on ptolemy.moml.MoMLSimpleApplication@1ae45247
----------------- Done invoking toplevel() on ptolemy.moml.MoMLSimpleApplication@1ae45247
reloadAllAccessors: .BooleanMultiplexor

===========================================================================================
----------------- testing Sun Nov 01 15:58:05 UTC 2020 /home/travis/build/icyphy/ptII/ptolemy/actor/lib/test/auto/BooleanMultiplexor2.xml
----------------- Instantiating /home/travis/build/icyphy/ptII/ptolemy/actor/lib/test/auto/BooleanMultiplexor2.xml
3 ms. Memory: 686080K Free: 524021K (76%)
----------------- Invoking toplevel() on ptolemy.moml.MoMLSimpleApplication@66b24a33
----------------- Done invoking toplevel() on ptolemy.moml.MoMLSimpleApplication@66b24a33
reloadAllAccessors: .BooleanMultiplexor2

===========================================================================================
----------------- testing Sun Nov 01 15:58:05 UTC 2020 /home/travis/build/icyphy/ptII/ptolemy/actor/lib/test/auto/BooleanMultiplexor3.xml
----------------- Instantiating /home/travis/build/icyphy/ptII/ptolemy/actor/lib/test/auto/BooleanMultiplexor3.xml
1 ms. Memory: 686080K Free: 520435K (76%)
----------------- Invoking toplevel() on ptolemy.moml.MoMLSimpleApplication@33000e3a
----------------- Done invoking toplevel() on ptolemy.moml.MoMLSimpleApplication@33000e3a
reloadAllAccessors: .BooleanMultiplexor3

===========================================================================================
----------------- testing Sun Nov 01 15:58:05 UTC 2020 /home/travis/build/icyphy/ptII/ptolemy/actor/lib/test/auto/BooleanSelect.xml
----------------- Instantiating /home/travis/build/icyphy/ptII/ptolemy/actor/lib/test/auto/BooleanSelect.xml
7 ms. Memory: 686080K Free: 514276K (75%)
----------------- Invoking toplevel() on ptolemy.moml.MoMLSimpleApplication@7745054d
----------------- Done invoking toplevel() on ptolemy.moml.MoMLSimpleApplication@7745054d
reloadAllAccessors: .BooleanSelect

===========================================================================================
----------------- testing Sun Nov 01 15:58:05 UTC 2020 /home/travis/build/icyphy/ptII/ptolemy/actor/lib/test/auto/BooleanSelect2.xml
----------------- Instantiating /home/travis/build/icyphy/ptII/ptolemy/actor/lib/test/auto/BooleanSelect2.xml
4 ms. Memory: 686080K Free: 510195K (74%)
----------------- Invoking toplevel() on ptolemy.moml.MoMLSimpleApplication@3011cb4a
----------------- Done invoking toplevel() on ptolemy.moml.MoMLSimpleApplication@3011cb4a
reloadAllAccessors: .BooleanSelect2

===========================================================================================
----------------- testing Sun Nov 01 15:58:05 UTC 2020 /home/travis/build/icyphy/ptII/ptolemy/actor/lib/test/auto/BooleanSwitch.xml
----------------- Instantiating /home/travis/build/icyphy/ptII/ptolemy/actor/lib/test/auto/BooleanSwitch.xml
6 ms. Memory: 686080K Free: 504051K (73%)
----------------- Invoking toplevel() on ptolemy.moml.MoMLSimpleApplication@6da2a0d0
----------------- Done invoking toplevel() on ptolemy.moml.MoMLSimpleApplication@6da2a0d0
reloadAllAccessors: .BooleanSwitch

===========================================================================================
----------------- testing Sun Nov 01 15:58:05 UTC 2020 /home/travis/build/icyphy/ptII/ptolemy/actor/lib/test/auto/BooleanSwitch2.xml
----------------- Instantiating /home/travis/build/icyphy/ptII/ptolemy/actor/lib/test/auto/BooleanSwitch2.xml
1 ms. Memory: 686080K Free: 499955K (73%)
----------------- Invoking toplevel() on ptolemy.moml.MoMLSimpleApplication@7a64cc6c
----------------- Done invoking toplevel() on ptolemy.moml.MoMLSimpleApplication@7a64cc6c
reloadAllAccessors: .BooleanSwitch2

===========================================================================================
----------------- testing Sun Nov 01 15:58:05 UTC 2020 /home/travis/build/icyphy/ptII/ptolemy/actor/lib/test/auto/BooleanSwitchCloningBugWithClassRelationGroup.xml
----------------- Instantiating /home/travis/build/icyphy/ptII/ptolemy/actor/lib/test/auto/BooleanSwitchCloningBugWithClassRelationGroup.xml
5 ms. Memory: 686080K Free: 493301K (72%)
----------------- Invoking toplevel() on ptolemy.moml.MoMLSimpleApplication@33d05b21
----------------- Done invoking toplevel() on ptolemy.moml.MoMLSimpleApplication@33d05b21
reloadAllAccessors: .BooleanSwitchCloningBugWithClassRelationGroup

===========================================================================================
----------------- testing Sun Nov 01 15:58:05 UTC 2020 /home/travis/build/icyphy/ptII/ptolemy/actor/lib/test/auto/BusActors.xml
----------------- Instantiating /home/travis/build/icyphy/ptII/ptolemy/actor/lib/test/auto/BusActors.xml
5 ms. Memory: 686080K Free: 485619K (71%)
----------------- Invoking toplevel() on ptolemy.moml.MoMLSimpleApplication@4b4ecb55
----------------- Done invoking toplevel() on ptolemy.moml.MoMLSimpleApplication@4b4ecb55
reloadAllAccessors: .BusActors

===========================================================================================
----------------- testing Sun Nov 01 15:58:05 UTC 2020 /home/travis/build/icyphy/ptII/ptolemy/actor/lib/test/auto/ClassWrapper.xml
----------------- Instantiating /home/travis/build/icyphy/ptII/ptolemy/actor/lib/test/auto/ClassWrapper.xml
3 ms. Memory: 686080K Free: 481013K (70%)
----------------- Invoking toplevel() on ptolemy.moml.MoMLSimpleApplication@5ee418aa
----------------- Done invoking toplevel() on ptolemy.moml.MoMLSimpleApplication@5ee418aa
reloadAllAccessors: .ClassWrapper

===========================================================================================
----------------- testing Sun Nov 01 15:58:05 UTC 2020 /home/travis/build/icyphy/ptII/ptolemy/actor/lib/test/auto/Clock.xml
----------------- Instantiating /home/travis/build/icyphy/ptII/ptolemy/actor/lib/test/auto/Clock.xml
2 ms. Memory: 686080K Free: 477427K (70%)
----------------- Invoking toplevel() on ptolemy.moml.MoMLSimpleApplication@43e4ad04
----------------- Done invoking toplevel() on ptolemy.moml.MoMLSimpleApplication@43e4ad04
reloadAllAccessors: .Clock

===========================================================================================
----------------- testing Sun Nov 01 15:58:05 UTC 2020 /home/travis/build/icyphy/ptII/ptolemy/actor/lib/test/auto/Clock10.xml
----------------- Instantiating /home/travis/build/icyphy/ptII/ptolemy/actor/lib/test/auto/Clock10.xml
2 ms. Memory: 686080K Free: 471283K (69%)
----------------- Invoking toplevel() on ptolemy.moml.MoMLSimpleApplication@345a75c9
----------------- Done invoking toplevel() on ptolemy.moml.MoMLSimpleApplication@345a75c9
reloadAllAccessors: .Clock10

===========================================================================================
----------------- testing Sun Nov 01 15:58:05 UTC 2020 /home/travis/build/icyphy/ptII/ptolemy/actor/lib/test/auto/Clock11.xml
----------------- Instantiating /home/travis/build/icyphy/ptII/ptolemy/actor/lib/test/auto/Clock11.xml
2 ms. Memory: 686080K Free: 465653K (68%)
----------------- Invoking toplevel() on ptolemy.moml.MoMLSimpleApplication@37273ee1
----------------- Done invoking toplevel() on ptolemy.moml.MoMLSimpleApplication@37273ee1
reloadAllAccessors: .Clock11

===========================================================================================
----------------- testing Sun Nov 01 15:58:05 UTC 2020 /home/travis/build/icyphy/ptII/ptolemy/actor/lib/test/auto/Clock12.xml
----------------- Instantiating /home/travis/build/icyphy/ptII/ptolemy/actor/lib/test/auto/Clock12.xml
4 ms. Memory: 686080K Free: 459509K (67%)
----------------- Invoking toplevel() on ptolemy.moml.MoMLSimpleApplication@6de1dafc
----------------- Done invoking toplevel() on ptolemy.moml.MoMLSimpleApplication@6de1dafc
reloadAllAccessors: .Clock12

===========================================================================================
----------------- testing Sun Nov 01 15:58:05 UTC 2020 /home/travis/build/icyphy/ptII/ptolemy/actor/lib/test/auto/Clock13.xml
----------------- Instantiating /home/travis/build/icyphy/ptII/ptolemy/actor/lib/test/auto/Clock13.xml
6 ms. Memory: 686080K Free: 629623K (92%)
----------------- Invoking toplevel() on ptolemy.moml.MoMLSimpleApplication@67969674
----------------- Done invoking toplevel() on ptolemy.moml.MoMLSimpleApplication@67969674
reloadAllAccessors: .Clock13

===========================================================================================
----------------- testing Sun Nov 01 15:58:05 UTC 2020 /home/travis/build/icyphy/ptII/ptolemy/actor/lib/test/auto/Clock14.xml
----------------- Instantiating /home/travis/build/icyphy/ptII/ptolemy/actor/lib/test/auto/Clock14.xml
6 ms. Memory: 686080K Free: 623487K (91%)
----------------- Invoking toplevel() on ptolemy.moml.MoMLSimpleApplication@336dc7d0
----------------- Done invoking toplevel() on ptolemy.moml.MoMLSimpleApplication@336dc7d0
reloadAllAccessors: .Clock14

===========================================================================================
----------------- testing Sun Nov 01 15:58:05 UTC 2020 /home/travis/build/icyphy/ptII/ptolemy/actor/lib/test/auto/Clock15.xml
----------------- Instantiating /home/travis/build/icyphy/ptII/ptolemy/actor/lib/test/auto/Clock15.xml
4 ms. Memory: 686080K Free: 617343K (90%)
----------------- Invoking toplevel() on ptolemy.moml.MoMLSimpleApplication@22302d36
----------------- Done invoking toplevel() on ptolemy.moml.MoMLSimpleApplication@22302d36
reloadAllAccessors: .Clock15

===========================================================================================
----------------- testing Sun Nov 01 15:58:05 UTC 2020 /home/travis/build/icyphy/ptII/ptolemy/actor/lib/test/auto/Clock16.xml
----------------- Instantiating /home/travis/build/icyphy/ptII/ptolemy/actor/lib/test/auto/Clock16.xml
28 ms. Memory: 686080K Free: 603013K (88%)
----------------- Invoking toplevel() on ptolemy.moml.MoMLSimpleApplication@708dd541
----------------- Done invoking toplevel() on ptolemy.moml.MoMLSimpleApplication@708dd541
reloadAllAccessors: .Clock16

===========================================================================================
----------------- testing Sun Nov 01 15:58:05 UTC 2020 /home/travis/build/icyphy/ptII/ptolemy/actor/lib/test/auto/Clock17.xml
----------------- Instantiating /home/travis/build/icyphy/ptII/ptolemy/actor/lib/test/auto/Clock17.xml
12 ms. Memory: 686080K Free: 588663K (86%)
----------------- Invoking toplevel() on ptolemy.moml.MoMLSimpleApplication@5d8288cd
----------------- Done invoking toplevel() on ptolemy.moml.MoMLSimpleApplication@5d8288cd
reloadAllAccessors: .Clock17

===========================================================================================
----------------- testing Sun Nov 01 15:58:05 UTC 2020 /home/travis/build/icyphy/ptII/ptolemy/actor/lib/test/auto/Clock18.xml
----------------- Instantiating /home/travis/build/icyphy/ptII/ptolemy/actor/lib/test/auto/Clock18.xml
14 ms. Memory: 686080K Free: 575879K (84%)
----------------- Invoking toplevel() on ptolemy.moml.MoMLSimpleApplication@4d1d3000
----------------- Done invoking toplevel() on ptolemy.moml.MoMLSimpleApplication@4d1d3000
reloadAllAccessors: .Clock18

===========================================================================================
----------------- testing Sun Nov 01 15:58:05 UTC 2020 /home/travis/build/icyphy/ptII/ptolemy/actor/lib/test/auto/Clock19.xml
----------------- Instantiating /home/travis/build/icyphy/ptII/ptolemy/actor/lib/test/auto/Clock19.xml
14 ms. Memory: 686080K Free: 562567K (82%)
----------------- Invoking toplevel() on ptolemy.moml.MoMLSimpleApplication@13653e6d
----------------- Done invoking toplevel() on ptolemy.moml.MoMLSimpleApplication@13653e6d
reloadAllAccessors: .Clock19

===========================================================================================
----------------- testing Sun Nov 01 15:58:05 UTC 2020 /home/travis/build/icyphy/ptII/ptolemy/actor/lib/test/auto/Clock2.xml
----------------- Instantiating /home/travis/build/icyphy/ptII/ptolemy/actor/lib/test/auto/Clock2.xml
4 ms. Memory: 686080K Free: 557927K (81%)
----------------- Invoking toplevel() on ptolemy.moml.MoMLSimpleApplication@57ae8fe8
----------------- Done invoking toplevel() on ptolemy.moml.MoMLSimpleApplication@57ae8fe8
reloadAllAccessors: .Clock2

===========================================================================================
----------------- testing Sun Nov 01 15:58:05 UTC 2020 /home/travis/build/icyphy/ptII/ptolemy/actor/lib/test/auto/Clock20.xml
----------------- Instantiating /home/travis/build/icyphy/ptII/ptolemy/actor/lib/test/auto/Clock20.xml
6 ms. Memory: 686080K Free: 552327K (81%)
----------------- Invoking toplevel() on ptolemy.moml.MoMLSimpleApplication@28a6ce54
----------------- Done invoking toplevel() on ptolemy.moml.MoMLSimpleApplication@28a6ce54
reloadAllAccessors: .Clock20

===========================================================================================
----------------- testing Sun Nov 01 15:58:05 UTC 2020 /home/travis/build/icyphy/ptII/ptolemy/actor/lib/test/auto/Clock21.xml
----------------- Instantiating /home/travis/build/icyphy/ptII/ptolemy/actor/lib/test/auto/Clock21.xml
4 ms. Memory: 686080K Free: 546693K (80%)
----------------- Invoking toplevel() on ptolemy.moml.MoMLSimpleApplication@394449
----------------- Done invoking toplevel() on ptolemy.moml.MoMLSimpleApplication@394449
reloadAllAccessors: .Clock21

===========================================================================================
----------------- testing Sun Nov 01 15:58:05 UTC 2020 /home/travis/build/icyphy/ptII/ptolemy/actor/lib/test/auto/Clock22.xml
----------------- Instantiating /home/travis/build/icyphy/ptII/ptolemy/actor/lib/test/auto/Clock22.xml
4 ms. Memory: 686080K Free: 541573K (79%)
----------------- Invoking toplevel() on ptolemy.moml.MoMLSimpleApplication@17ff98fe
----------------- Done invoking toplevel() on ptolemy.moml.MoMLSimpleApplication@17ff98fe
reloadAllAccessors: .Clock22

===========================================================================================
----------------- testing Sun Nov 01 15:58:05 UTC 2020 /home/travis/build/icyphy/ptII/ptolemy/actor/lib/test/auto/Clock23.xml
----------------- Instantiating /home/travis/build/icyphy/ptII/ptolemy/actor/lib/test/auto/Clock23.xml
5 ms. Memory: 686080K Free: 535943K (78%)
----------------- Invoking toplevel() on ptolemy.moml.MoMLSimpleApplication@77d83a4d
----------------- Done invoking toplevel() on ptolemy.moml.MoMLSimpleApplication@77d83a4d
reloadAllAccessors: .Clock23

===========================================================================================
----------------- testing Sun Nov 01 15:58:05 UTC 2020 /home/travis/build/icyphy/ptII/ptolemy/actor/lib/test/auto/Clock24.xml
----------------- Instantiating /home/travis/build/icyphy/ptII/ptolemy/actor/lib/test/auto/Clock24.xml
4 ms. Memory: 686080K Free: 530823K (77%)
----------------- Invoking toplevel() on ptolemy.moml.MoMLSimpleApplication@6528fcca
----------------- Done invoking toplevel() on ptolemy.moml.MoMLSimpleApplication@6528fcca
reloadAllAccessors: .Clock24

===========================================================================================
----------------- testing Sun Nov 01 15:58:05 UTC 2020 /home/travis/build/icyphy/ptII/ptolemy/actor/lib/test/auto/Clock4.xml
----------------- Instantiating /home/travis/build/icyphy/ptII/ptolemy/actor/lib/test/auto/Clock4.xml
1 ms. Memory: 686080K Free: 525703K (77%)
----------------- Invoking toplevel() on ptolemy.moml.MoMLSimpleApplication@5e1e9584
----------------- Done invoking toplevel() on ptolemy.moml.MoMLSimpleApplication@5e1e9584
reloadAllAccessors: .Clock4

===========================================================================================
----------------- testing Sun Nov 01 15:58:05 UTC 2020 /home/travis/build/icyphy/ptII/ptolemy/actor/lib/test/auto/Clock5.xml
----------------- Instantiating /home/travis/build/icyphy/ptII/ptolemy/actor/lib/test/auto/Clock5.xml
2 ms. Memory: 686080K Free: 520055K (76%)
----------------- Invoking toplevel() on ptolemy.moml.MoMLSimpleApplication@7f002ae0
----------------- Done invoking toplevel() on ptolemy.moml.MoMLSimpleApplication@7f002ae0
reloadAllAccessors: .Clock5

===========================================================================================
----------------- testing Sun Nov 01 15:58:06 UTC 2020 /home/travis/build/icyphy/ptII/ptolemy/actor/lib/test/auto/Clock6.xml
----------------- Instantiating /home/travis/build/icyphy/ptII/ptolemy/actor/lib/test/auto/Clock6.xml
1 ms. Memory: 686080K Free: 516487K (75%)
----------------- Invoking toplevel() on ptolemy.moml.MoMLSimpleApplication@778b3c9
----------------- Done invoking toplevel() on ptolemy.moml.MoMLSimpleApplication@778b3c9
reloadAllAccessors: .Clock6

===========================================================================================
----------------- testing Sun Nov 01 15:58:06 UTC 2020 /home/travis/build/icyphy/ptII/ptolemy/actor/lib/test/auto/Clock7.xml
----------------- Instantiating /home/travis/build/icyphy/ptII/ptolemy/actor/lib/test/auto/Clock7.xml
1 ms. Memory: 686080K Free: 511877K (75%)
----------------- Invoking toplevel() on ptolemy.moml.MoMLSimpleApplication@2bf163fa
----------------- Done invoking toplevel() on ptolemy.moml.MoMLSimpleApplication@2bf163fa
reloadAllAccessors: .Clock7

===========================================================================================
----------------- testing Sun Nov 01 15:58:06 UTC 2020 /home/travis/build/icyphy/ptII/ptolemy/actor/lib/test/auto/Clock8.xml
----------------- Instantiating /home/travis/build/icyphy/ptII/ptolemy/actor/lib/test/auto/Clock8.xml
4 ms. Memory: 686080K Free: 506751K (74%)
----------------- Invoking toplevel() on ptolemy.moml.MoMLSimpleApplication@4b01ea31
----------------- Done invoking toplevel() on ptolemy.moml.MoMLSimpleApplication@4b01ea31
reloadAllAccessors: .Clock8

===========================================================================================
----------------- testing Sun Nov 01 15:58:06 UTC 2020 /home/travis/build/icyphy/ptII/ptolemy/actor/lib/test/auto/Clock9.xml
----------------- Instantiating /home/travis/build/icyphy/ptII/ptolemy/actor/lib/test/auto/Clock9.xml
4 ms. Memory: 686080K Free: 501127K (73%)
----------------- Invoking toplevel() on ptolemy.moml.MoMLSimpleApplication@4121d872
----------------- Done invoking toplevel() on ptolemy.moml.MoMLSimpleApplication@4121d872
reloadAllAccessors: .Clock9

===========================================================================================
----------------- testing Sun Nov 01 15:58:06 UTC 2020 /home/travis/build/icyphy/ptII/ptolemy/actor/lib/test/auto/CommDistDiscard.xml
----------------- Instantiating /home/travis/build/icyphy/ptII/ptolemy/actor/lib/test/auto/CommDistDiscard.xml
1 ms. Memory: 686080K Free: 496007K (72%)
----------------- Invoking toplevel() on ptolemy.moml.MoMLSimpleApplication@1fa8423f
----------------- Done invoking toplevel() on ptolemy.moml.MoMLSimpleApplication@1fa8423f
reloadAllAccessors: .CommDistDiscard

===========================================================================================
----------------- testing Sun Nov 01 15:58:06 UTC 2020 /home/travis/build/icyphy/ptII/ptolemy/actor/lib/test/auto/Commutator.xml
----------------- Instantiating /home/travis/build/icyphy/ptII/ptolemy/actor/lib/test/auto/Commutator.xml
2 ms. Memory: 686080K Free: 491397K (72%)
----------------- Invoking toplevel() on ptolemy.moml.MoMLSimpleApplication@1a12daba
----------------- Done invoking toplevel() on ptolemy.moml.MoMLSimpleApplication@1a12daba
reloadAllAccessors: .Commutator

===========================================================================================
----------------- testing Sun Nov 01 15:58:06 UTC 2020 /home/travis/build/icyphy/ptII/ptolemy/actor/lib/test/auto/Commutator2.xml
----------------- Instantiating /home/travis/build/icyphy/ptII/ptolemy/actor/lib/test/auto/Commutator2.xml
1 ms. Memory: 686080K Free: 486791K (71%)
----------------- Invoking toplevel() on ptolemy.moml.MoMLSimpleApplication@5cb1feb9
----------------- Done invoking toplevel() on ptolemy.moml.MoMLSimpleApplication@5cb1feb9
reloadAllAccessors: .Commutator2

===========================================================================================
----------------- testing Sun Nov 01 15:58:06 UTC 2020 /home/travis/build/icyphy/ptII/ptolemy/actor/lib/test/auto/Commutator3.xml
----------------- Instantiating /home/travis/build/icyphy/ptII/ptolemy/actor/lib/test/auto/Commutator3.xml
2 ms. Memory: 686080K Free: 482695K (70%)
----------------- Invoking toplevel() on ptolemy.moml.MoMLSimpleApplication@a0159d5
----------------- Done invoking toplevel() on ptolemy.moml.MoMLSimpleApplication@a0159d5
reloadAllAccessors: .Commutator3

===========================================================================================
----------------- testing Sun Nov 01 15:58:06 UTC 2020 /home/travis/build/icyphy/ptII/ptolemy/actor/lib/test/auto/Compare.xml
----------------- Instantiating /home/travis/build/icyphy/ptII/ptolemy/actor/lib/test/auto/Compare.xml
2 ms. Memory: 686080K Free: 476037K (69%)
----------------- Invoking toplevel() on ptolemy.moml.MoMLSimpleApplication@4f89c609
----------------- Done invoking toplevel() on ptolemy.moml.MoMLSimpleApplication@4f89c609
reloadAllAccessors: .Compare

===========================================================================================
----------------- testing Sun Nov 01 15:58:06 UTC 2020 /home/travis/build/icyphy/ptII/ptolemy/actor/lib/test/auto/CompareDE.xml
----------------- Instantiating /home/travis/build/icyphy/ptII/ptolemy/actor/lib/test/auto/CompareDE.xml
5 ms. Memory: 686080K Free: 468855K (68%)
----------------- Invoking toplevel() on ptolemy.moml.MoMLSimpleApplication@39569f4
----------------- Done invoking toplevel() on ptolemy.moml.MoMLSimpleApplication@39569f4
reloadAllAccessors: .CompareDE

===========================================================================================
----------------- testing Sun Nov 01 15:58:06 UTC 2020 /home/travis/build/icyphy/ptII/ptolemy/actor/lib/test/auto/ComplexDivide.xml
----------------- Instantiating /home/travis/build/icyphy/ptII/ptolemy/actor/lib/test/auto/ComplexDivide.xml
1 ms. Memory: 686080K Free: 465287K (68%)
----------------- Invoking toplevel() on ptolemy.moml.MoMLSimpleApplication@5cc76e2f
----------------- Done invoking toplevel() on ptolemy.moml.MoMLSimpleApplication@5cc76e2f
reloadAllAccessors: .ComplexDivide

===========================================================================================
----------------- testing Sun Nov 01 15:58:06 UTC 2020 /home/travis/build/icyphy/ptII/ptolemy/actor/lib/test/auto/ComputeHistogram.xml
----------------- Instantiating /home/travis/build/icyphy/ptII/ptolemy/actor/lib/test/auto/ComputeHistogram.xml
21 ms. Memory: 686080K Free: 452485K (66%)
----------------- Invoking toplevel() on ptolemy.moml.MoMLSimpleApplication@2ada45d0
----------------- Done invoking toplevel() on ptolemy.moml.MoMLSimpleApplication@2ada45d0
reloadAllAccessors: .ComputeHistogram

===========================================================================================
----------------- testing Sun Nov 01 15:58:06 UTC 2020 /home/travis/build/icyphy/ptII/ptolemy/actor/lib/test/auto/ConfigurationSelect.xml
----------------- Instantiating /home/travis/build/icyphy/ptII/ptolemy/actor/lib/test/auto/ConfigurationSelect.xml
3 ms. Memory: 686080K Free: 447335K (65%)
----------------- Invoking toplevel() on ptolemy.moml.MoMLSimpleApplication@1efa062f
----------------- Done invoking toplevel() on ptolemy.moml.MoMLSimpleApplication@1efa062f
reloadAllAccessors: .ConfigurationSelect

===========================================================================================
----------------- testing Sun Nov 01 15:58:06 UTC 2020 /home/travis/build/icyphy/ptII/ptolemy/actor/lib/test/auto/ConfigurationSelect2.xml
----------------- Instantiating /home/travis/build/icyphy/ptII/ptolemy/actor/lib/test/auto/ConfigurationSelect2.xml
2 ms. Memory: 686080K Free: 442759K (65%)
----------------- Invoking toplevel() on ptolemy.moml.MoMLSimpleApplication@870eb81
----------------- Done invoking toplevel() on ptolemy.moml.MoMLSimpleApplication@870eb81
reloadAllAccessors: .ConfigurationSelect2

===========================================================================================
----------------- testing Sun Nov 01 15:58:06 UTC 2020 /home/travis/build/icyphy/ptII/ptolemy/actor/lib/test/auto/ConfigurationSwitch.xml
----------------- Instantiating /home/travis/build/icyphy/ptII/ptolemy/actor/lib/test/auto/ConfigurationSwitch.xml
2 ms. Memory: 686080K Free: 437125K (64%)
----------------- Invoking toplevel() on ptolemy.moml.MoMLSimpleApplication@349752e
----------------- Done invoking toplevel() on ptolemy.moml.MoMLSimpleApplication@349752e
reloadAllAccessors: .ConfigurationSwitch

===========================================================================================
----------------- testing Sun Nov 01 15:58:06 UTC 2020 /home/travis/build/icyphy/ptII/ptolemy/actor/lib/test/auto/ConfigurationSwitch2.xml
----------------- Instantiating /home/travis/build/icyphy/ptII/ptolemy/actor/lib/test/auto/ConfigurationSwitch2.xml
2 ms. Memory: 686080K Free: 432005K (63%)
----------------- Invoking toplevel() on ptolemy.moml.MoMLSimpleApplication@736a6276
----------------- Done invoking toplevel() on ptolemy.moml.MoMLSimpleApplication@736a6276
reloadAllAccessors: .ConfigurationSwitch2

===========================================================================================
----------------- testing Sun Nov 01 15:58:06 UTC 2020 /home/travis/build/icyphy/ptII/ptolemy/actor/lib/test/auto/ConfigurationSwitchCloningBugWithClassRelationGroup.xml
----------------- Instantiating /home/travis/build/icyphy/ptII/ptolemy/actor/lib/test/auto/ConfigurationSwitchCloningBugWithClassRelationGroup.xml
1 ms. Memory: 686080K Free: 424837K (62%)
----------------- Invoking toplevel() on ptolemy.moml.MoMLSimpleApplication@1ab98cbb
----------------- Done invoking toplevel() on ptolemy.moml.MoMLSimpleApplication@1ab98cbb
reloadAllAccessors: .ConfigurationSwitchCloningBugWithClassRelationGroup

===========================================================================================
----------------- testing Sun Nov 01 15:58:06 UTC 2020 /home/travis/build/icyphy/ptII/ptolemy/actor/lib/test/auto/ConfigurationSwitchSelectSDF.xml
----------------- Instantiating /home/travis/build/icyphy/ptII/ptolemy/actor/lib/test/auto/ConfigurationSwitchSelectSDF.xml
3 ms. Memory: 686080K Free: 419207K (61%)
----------------- Invoking toplevel() on ptolemy.moml.MoMLSimpleApplication@21f40d6b
----------------- Done invoking toplevel() on ptolemy.moml.MoMLSimpleApplication@21f40d6b
reloadAllAccessors: .ConfigurationSwitchSelectSDF

===========================================================================================
----------------- testing Sun Nov 01 15:58:06 UTC 2020 /home/travis/build/icyphy/ptII/ptolemy/actor/lib/test/auto/ConfigurationSwitchSelectSDF2.xml
----------------- Instantiating /home/travis/build/icyphy/ptII/ptolemy/actor/lib/test/auto/ConfigurationSwitchSelectSDF2.xml
2 ms. Memory: 686080K Free: 413573K (60%)
----------------- Invoking toplevel() on ptolemy.moml.MoMLSimpleApplication@4485ef98
----------------- Done invoking toplevel() on ptolemy.moml.MoMLSimpleApplication@4485ef98
reloadAllAccessors: .ConfigurationSwitchSelectSDF2

===========================================================================================
----------------- testing Sun Nov 01 15:58:06 UTC 2020 /home/travis/build/icyphy/ptII/ptolemy/actor/lib/test/auto/Const.xml
----------------- Instantiating /home/travis/build/icyphy/ptII/ptolemy/actor/lib/test/auto/Const.xml
1 ms. Memory: 686080K Free: 409991K (60%)
----------------- Invoking toplevel() on ptolemy.moml.MoMLSimpleApplication@27634ca9
----------------- Done invoking toplevel() on ptolemy.moml.MoMLSimpleApplication@27634ca9
reloadAllAccessors: .Const

===========================================================================================
----------------- testing Sun Nov 01 15:58:06 UTC 2020 /home/travis/build/icyphy/ptII/ptolemy/actor/lib/test/auto/Const2.xml
----------------- Instantiating /home/travis/build/icyphy/ptII/ptolemy/actor/lib/test/auto/Const2.xml
1 ms. Memory: 686080K Free: 629593K (92%)
----------------- Invoking toplevel() on ptolemy.moml.MoMLSimpleApplication@233053d7
----------------- Done invoking toplevel() on ptolemy.moml.MoMLSimpleApplication@233053d7
reloadAllAccessors: .Const2

===========================================================================================
----------------- testing Sun Nov 01 15:58:06 UTC 2020 /home/travis/build/icyphy/ptII/ptolemy/actor/lib/test/auto/Const3.xml
----------------- Instantiating /home/travis/build/icyphy/ptII/ptolemy/actor/lib/test/auto/Const3.xml
1 ms. Memory: 686080K Free: 626521K (91%)
----------------- Invoking toplevel() on ptolemy.moml.MoMLSimpleApplication@32c5f96
----------------- Done invoking toplevel() on ptolemy.moml.MoMLSimpleApplication@32c5f96
reloadAllAccessors: .Const3

===========================================================================================
----------------- testing Sun Nov 01 15:58:06 UTC 2020 /home/travis/build/icyphy/ptII/ptolemy/actor/lib/test/auto/ConstantPublisherPort1.xml
----------------- Instantiating /home/travis/build/icyphy/ptII/ptolemy/actor/lib/test/auto/ConstantPublisherPort1.xml
6 ms. Memory: 686080K Free: 617819K (90%)
----------------- Invoking toplevel() on ptolemy.moml.MoMLSimpleApplication@58e450fc
----------------- Done invoking toplevel() on ptolemy.moml.MoMLSimpleApplication@58e450fc
reloadAllAccessors: .ConstantPublisherPort1

===========================================================================================
----------------- testing Sun Nov 01 15:58:06 UTC 2020 /home/travis/build/icyphy/ptII/ptolemy/actor/lib/test/auto/ConstantPublisherPort2.xml
----------------- Instantiating /home/travis/build/icyphy/ptII/ptolemy/actor/lib/test/auto/ConstantPublisherPort2.xml
10 ms. Memory: 686080K Free: 610135K (89%)
----------------- Invoking toplevel() on ptolemy.moml.MoMLSimpleApplication@5ca62499
----------------- Done invoking toplevel() on ptolemy.moml.MoMLSimpleApplication@5ca62499
reloadAllAccessors: .ConstantPublisherPort2

===========================================================================================
----------------- testing Sun Nov 01 15:58:06 UTC 2020 /home/travis/build/icyphy/ptII/ptolemy/actor/lib/test/auto/ConstantPublisherPort3.xml
----------------- Instantiating /home/travis/build/icyphy/ptII/ptolemy/actor/lib/test/auto/ConstantPublisherPort3.xml
8 ms. Memory: 686080K Free: 602459K (88%)
----------------- Invoking toplevel() on ptolemy.moml.MoMLSimpleApplication@10e7bccf
----------------- Done invoking toplevel() on ptolemy.moml.MoMLSimpleApplication@10e7bccf
reloadAllAccessors: .ConstantPublisherPort3

===========================================================================================
----------------- testing Sun Nov 01 15:58:06 UTC 2020 /home/travis/build/icyphy/ptII/ptolemy/actor/lib/test/auto/ConstantPublisherPort4.xml
----------------- Instantiating /home/travis/build/icyphy/ptII/ptolemy/actor/lib/test/auto/ConstantPublisherPort4.xml
2 ms. Memory: 686080K Free: 595787K (87%)
----------------- Invoking toplevel() on ptolemy.moml.MoMLSimpleApplication@7b035d3c
----------------- Done invoking toplevel() on ptolemy.moml.MoMLSimpleApplication@7b035d3c
reloadAllAccessors: .ConstantPublisherPort4

===========================================================================================
----------------- testing Sun Nov 01 15:58:06 UTC 2020 /home/travis/build/icyphy/ptII/ptolemy/actor/lib/test/auto/ConstantPublisherPort5.xml
----------------- Instantiating /home/travis/build/icyphy/ptII/ptolemy/actor/lib/test/auto/ConstantPublisherPort5.xml
28 ms. Memory: 686080K Free: 586075K (85%)
----------------- Invoking toplevel() on ptolemy.moml.MoMLSimpleApplication@5bdcfe06
----------------- Done invoking toplevel() on ptolemy.moml.MoMLSimpleApplication@5bdcfe06
reloadAllAccessors: .ConstantPublisherPort5

===========================================================================================
----------------- testing Sun Nov 01 15:58:06 UTC 2020 /home/travis/build/icyphy/ptII/ptolemy/actor/lib/test/auto/ConstantPublisherPort6.xml
----------------- Instantiating /home/travis/build/icyphy/ptII/ptolemy/actor/lib/test/auto/ConstantPublisherPort6.xml
14 ms. Memory: 686080K Free: 576859K (84%)
----------------- Invoking toplevel() on ptolemy.moml.MoMLSimpleApplication@74bef89d
----------------- Done invoking toplevel() on ptolemy.moml.MoMLSimpleApplication@74bef89d
reloadAllAccessors: .ConstantPublisherPort6

===========================================================================================
----------------- testing Sun Nov 01 15:58:06 UTC 2020 /home/travis/build/icyphy/ptII/ptolemy/actor/lib/test/auto/ConstantPublisherPort7.xml
----------------- Instantiating /home/travis/build/icyphy/ptII/ptolemy/actor/lib/test/auto/ConstantPublisherPort7.xml
12 ms. Memory: 686080K Free: 568153K (83%)
----------------- Invoking toplevel() on ptolemy.moml.MoMLSimpleApplication@7a41932e
----------------- Done invoking toplevel() on ptolemy.moml.MoMLSimpleApplication@7a41932e
reloadAllAccessors: .ConstantPublisherPort7

===========================================================================================
----------------- testing Sun Nov 01 15:58:06 UTC 2020 /home/travis/build/icyphy/ptII/ptolemy/actor/lib/test/auto/ConstraintMonitor1.xml
----------------- Instantiating /home/travis/build/icyphy/ptII/ptolemy/actor/lib/test/auto/ConstraintMonitor1.xml
2 ms. Memory: 686080K Free: 563033K (82%)
----------------- Invoking toplevel() on ptolemy.moml.MoMLSimpleApplication@3b90bbbf
----------------- Done invoking toplevel() on ptolemy.moml.MoMLSimpleApplication@3b90bbbf
reloadAllAccessors: .ConstraintMonitor1

===========================================================================================
----------------- testing Sun Nov 01 15:58:06 UTC 2020 /home/travis/build/icyphy/ptII/ptolemy/actor/lib/test/auto/ConstraintMonitor2.xml
----------------- Instantiating /home/travis/build/icyphy/ptII/ptolemy/actor/lib/test/auto/ConstraintMonitor2.xml
4 ms. Memory: 686080K Free: 558923K (81%)
----------------- Invoking toplevel() on ptolemy.moml.MoMLSimpleApplication@588b65bf
----------------- Done invoking toplevel() on ptolemy.moml.MoMLSimpleApplication@588b65bf
reloadAllAccessors: .ConstraintMonitor2

===========================================================================================
----------------- testing Sun Nov 01 15:58:06 UTC 2020 /home/travis/build/icyphy/ptII/ptolemy/actor/lib/test/auto/ConstraintMonitor3.xml
----------------- Instantiating /home/travis/build/icyphy/ptII/ptolemy/actor/lib/test/auto/ConstraintMonitor3.xml
4 ms. Memory: 686080K Free: 554331K (81%)
----------------- Invoking toplevel() on ptolemy.moml.MoMLSimpleApplication@66947580
----------------- Done invoking toplevel() on ptolemy.moml.MoMLSimpleApplication@66947580
reloadAllAccessors: .ConstraintMonitor3

===========================================================================================
----------------- testing Sun Nov 01 15:58:06 UTC 2020 /home/travis/build/icyphy/ptII/ptolemy/actor/lib/test/auto/ConstraintMonitor4.xml
----------------- Instantiating /home/travis/build/icyphy/ptII/ptolemy/actor/lib/test/auto/ConstraintMonitor4.xml
1 ms. Memory: 686080K Free: 549211K (80%)
----------------- Invoking toplevel() on ptolemy.moml.MoMLSimpleApplication@5341e44
----------------- Done invoking toplevel() on ptolemy.moml.MoMLSimpleApplication@5341e44
reloadAllAccessors: .ConstraintMonitor4

===========================================================================================
----------------- testing Sun Nov 01 15:58:06 UTC 2020 /home/travis/build/icyphy/ptII/ptolemy/actor/lib/test/auto/ConstraintMonitor5.xml
----------------- Instantiating /home/travis/build/icyphy/ptII/ptolemy/actor/lib/test/auto/ConstraintMonitor5.xml
4 ms. Memory: 686080K Free: 544091K (79%)
----------------- Invoking toplevel() on ptolemy.moml.MoMLSimpleApplication@78188cd2
----------------- Done invoking toplevel() on ptolemy.moml.MoMLSimpleApplication@78188cd2
reloadAllAccessors: .ConstraintMonitor5

===========================================================================================
----------------- testing Sun Nov 01 15:58:06 UTC 2020 /home/travis/build/icyphy/ptII/ptolemy/actor/lib/test/auto/ConstraintMonitor6.xml
----------------- Instantiating /home/travis/build/icyphy/ptII/ptolemy/actor/lib/test/auto/ConstraintMonitor6.xml
5 ms. Memory: 686080K Free: 537427K (78%)
----------------- Invoking toplevel() on ptolemy.moml.MoMLSimpleApplication@3b0f6f67
----------------- Done invoking toplevel() on ptolemy.moml.MoMLSimpleApplication@3b0f6f67
reloadAllAccessors: .ConstraintMonitor6

===========================================================================================
----------------- testing Sun Nov 01 15:58:06 UTC 2020 /home/travis/build/icyphy/ptII/ptolemy/actor/lib/test/auto/ConstraintMonitor7.xml
----------------- Instantiating /home/travis/build/icyphy/ptII/ptolemy/actor/lib/test/auto/ConstraintMonitor7.xml
7 ms. Memory: 686080K Free: 530779K (77%)
----------------- Invoking toplevel() on ptolemy.moml.MoMLSimpleApplication@199100a4
----------------- Done invoking toplevel() on ptolemy.moml.MoMLSimpleApplication@199100a4
reloadAllAccessors: .ConstraintMonitor7

===========================================================================================
----------------- testing Sun Nov 01 15:58:06 UTC 2020 /home/travis/build/icyphy/ptII/ptolemy/actor/lib/test/auto/ConstraintMonitor8.xml
----------------- Instantiating /home/travis/build/icyphy/ptII/ptolemy/actor/lib/test/auto/ConstraintMonitor8.xml
6 ms. Memory: 686080K Free: 523611K (76%)
----------------- Invoking toplevel() on ptolemy.moml.MoMLSimpleApplication@592c0a42
----------------- Done invoking toplevel() on ptolemy.moml.MoMLSimpleApplication@592c0a42
reloadAllAccessors: .ConstraintMonitor8

===========================================================================================
----------------- testing Sun Nov 01 15:58:06 UTC 2020 /home/travis/build/icyphy/ptII/ptolemy/actor/lib/test/auto/Counter.xml
----------------- Instantiating /home/travis/build/icyphy/ptII/ptolemy/actor/lib/test/auto/Counter.xml
2 ms. Memory: 686080K Free: 518491K (76%)
----------------- Invoking toplevel() on ptolemy.moml.MoMLSimpleApplication@7ebf1716
----------------- Done invoking toplevel() on ptolemy.moml.MoMLSimpleApplication@7ebf1716
reloadAllAccessors: .Counter

===========================================================================================
----------------- testing Sun Nov 01 15:58:06 UTC 2020 /home/travis/build/icyphy/ptII/ptolemy/actor/lib/test/auto/CurrentTimeSDF.xml
----------------- Instantiating /home/travis/build/icyphy/ptII/ptolemy/actor/lib/test/auto/CurrentTimeSDF.xml
2 ms. Memory: 686080K Free: 514395K (75%)
----------------- Invoking toplevel() on ptolemy.moml.MoMLSimpleApplication@a99def2
----------------- Done invoking toplevel() on ptolemy.moml.MoMLSimpleApplication@a99def2
reloadAllAccessors: .CurrentTimeSDF

===========================================================================================
----------------- testing Sun Nov 01 15:58:06 UTC 2020 /home/travis/build/icyphy/ptII/ptolemy/actor/lib/test/auto/DB.xml
----------------- Instantiating /home/travis/build/icyphy/ptII/ptolemy/actor/lib/test/auto/DB.xml
2 ms. Memory: 686080K Free: 509785K (74%)
----------------- Invoking toplevel() on ptolemy.moml.MoMLSimpleApplication@59adcdd3
----------------- Done invoking toplevel() on ptolemy.moml.MoMLSimpleApplication@59adcdd3
reloadAllAccessors: .DB

===========================================================================================
----------------- testing Sun Nov 01 15:58:06 UTC 2020 /home/travis/build/icyphy/ptII/ptolemy/actor/lib/test/auto/DBDE.xml
----------------- Instantiating /home/travis/build/icyphy/ptII/ptolemy/actor/lib/test/auto/DBDE.xml
2 ms. Memory: 686080K Free: 503611K (73%)
----------------- Invoking toplevel() on ptolemy.moml.MoMLSimpleApplication@1ffada4d
----------------- Done invoking toplevel() on ptolemy.moml.MoMLSimpleApplication@1ffada4d
reloadAllAccessors: .DBDE

===========================================================================================
----------------- testing Sun Nov 01 15:58:06 UTC 2020 /home/travis/build/icyphy/ptII/ptolemy/actor/lib/test/auto/DateConstructor.xml
----------------- Instantiating /home/travis/build/icyphy/ptII/ptolemy/actor/lib/test/auto/DateConstructor.xml
36 ms. Memory: 686080K Free: 486233K (71%)
----------------- Invoking toplevel() on ptolemy.moml.MoMLSimpleApplication@3ff60432
----------------- Done invoking toplevel() on ptolemy.moml.MoMLSimpleApplication@3ff60432
reloadAllAccessors: .DateConstructor

===========================================================================================
----------------- testing Sun Nov 01 15:58:06 UTC 2020 /home/travis/build/icyphy/ptII/ptolemy/actor/lib/test/auto/DelayTime.xml
----------------- Instantiating /home/travis/build/icyphy/ptII/ptolemy/actor/lib/test/auto/DelayTime.xml
6 ms. Memory: 686080K Free: 481627K (70%)
----------------- Invoking toplevel() on ptolemy.moml.MoMLSimpleApplication@b725b70
----------------- Done invoking toplevel() on ptolemy.moml.MoMLSimpleApplication@b725b70
reloadAllAccessors: .DelayTime

===========================================================================================
----------------- testing Sun Nov 01 15:58:07 UTC 2020 /home/travis/build/icyphy/ptII/ptolemy/actor/lib/test/auto/Dictionary1.xml
----------------- Instantiating /home/travis/build/icyphy/ptII/ptolemy/actor/lib/test/auto/Dictionary1.xml
7 ms. Memory: 686080K Free: 475993K (69%)
----------------- Invoking toplevel() on ptolemy.moml.MoMLSimpleApplication@2ca0800c
----------------- Done invoking toplevel() on ptolemy.moml.MoMLSimpleApplication@2ca0800c
reloadAllAccessors: .Dictionary1

===========================================================================================
----------------- testing Sun Nov 01 15:58:07 UTC 2020 /home/travis/build/icyphy/ptII/ptolemy/actor/lib/test/auto/Dictionary2.xml
----------------- Instantiating /home/travis/build/icyphy/ptII/ptolemy/actor/lib/test/auto/Dictionary2.xml
3 ms. Memory: 686080K Free: 470363K (69%)
----------------- Invoking toplevel() on ptolemy.moml.MoMLSimpleApplication@3866f59d
----------------- Done invoking toplevel() on ptolemy.moml.MoMLSimpleApplication@3866f59d
reloadAllAccessors: .Dictionary2

===========================================================================================
----------------- testing Sun Nov 01 15:58:07 UTC 2020 /home/travis/build/icyphy/ptII/ptolemy/actor/lib/test/auto/Dictionary3.xml
----------------- Instantiating /home/travis/build/icyphy/ptII/ptolemy/actor/lib/test/auto/Dictionary3.xml
1 ms. Memory: 686080K Free: 465243K (68%)
----------------- Invoking toplevel() on ptolemy.moml.MoMLSimpleApplication@42f5e4e4
----------------- Done invoking toplevel() on ptolemy.moml.MoMLSimpleApplication@42f5e4e4
reloadAllAccessors: .Dictionary3

===========================================================================================
----------------- testing Sun Nov 01 15:58:07 UTC 2020 /home/travis/build/icyphy/ptII/ptolemy/actor/lib/test/auto/Dictionary4.xml
----------------- Instantiating /home/travis/build/icyphy/ptII/ptolemy/actor/lib/test/auto/Dictionary4.xml
2 ms. Memory: 686080K Free: 458075K (67%)
----------------- Invoking toplevel() on ptolemy.moml.MoMLSimpleApplication@2c1d90aa
----------------- Done invoking toplevel() on ptolemy.moml.MoMLSimpleApplication@2c1d90aa
reloadAllAccessors: .Dictionary4

===========================================================================================
----------------- testing Sun Nov 01 15:58:07 UTC 2020 /home/travis/build/icyphy/ptII/ptolemy/actor/lib/test/auto/Differential.xml
----------------- Instantiating /home/travis/build/icyphy/ptII/ptolemy/actor/lib/test/auto/Differential.xml
3 ms. Memory: 686080K Free: 453465K (66%)
----------------- Invoking toplevel() on ptolemy.moml.MoMLSimpleApplication@c07ac0
----------------- Done invoking toplevel() on ptolemy.moml.MoMLSimpleApplication@c07ac0
reloadAllAccessors: .Differential

===========================================================================================
----------------- testing Sun Nov 01 15:58:07 UTC 2020 /home/travis/build/icyphy/ptII/ptolemy/actor/lib/test/auto/Director.xml
----------------- Instantiating /home/travis/build/icyphy/ptII/ptolemy/actor/lib/test/auto/Director.xml
1 ms. Memory: 686080K Free: 449883K (66%)
----------------- Invoking toplevel() on ptolemy.moml.MoMLSimpleApplication@6ed2827f
----------------- Done invoking toplevel() on ptolemy.moml.MoMLSimpleApplication@6ed2827f
reloadAllAccessors: .Director

===========================================================================================
----------------- testing Sun Nov 01 15:58:07 UTC 2020 /home/travis/build/icyphy/ptII/ptolemy/actor/lib/test/auto/DiscreteClock.xml
----------------- Instantiating /home/travis/build/icyphy/ptII/ptolemy/actor/lib/test/auto/DiscreteClock.xml
2 ms. Memory: 686080K Free: 446297K (65%)
----------------- Invoking toplevel() on ptolemy.moml.MoMLSimpleApplication@3912d049
----------------- Done invoking toplevel() on ptolemy.moml.MoMLSimpleApplication@3912d049
reloadAllAccessors: .DiscreteClock

===========================================================================================
----------------- testing Sun Nov 01 15:58:07 UTC 2020 /home/travis/build/icyphy/ptII/ptolemy/actor/lib/test/auto/DiscreteClock10.xml
----------------- Instantiating /home/travis/build/icyphy/ptII/ptolemy/actor/lib/test/auto/DiscreteClock10.xml
2 ms. Memory: 686080K Free: 440153K (64%)
----------------- Invoking toplevel() on ptolemy.moml.MoMLSimpleApplication@169e0998
----------------- Done invoking toplevel() on ptolemy.moml.MoMLSimpleApplication@169e0998
reloadAllAccessors: .DiscreteClock10

===========================================================================================
----------------- testing Sun Nov 01 15:58:07 UTC 2020 /home/travis/build/icyphy/ptII/ptolemy/actor/lib/test/auto/DiscreteClock11.xml
----------------- Instantiating /home/travis/build/icyphy/ptII/ptolemy/actor/lib/test/auto/DiscreteClock11.xml
2 ms. Memory: 686080K Free: 434009K (63%)
----------------- Invoking toplevel() on ptolemy.moml.MoMLSimpleApplication@208f2f24
----------------- Done invoking toplevel() on ptolemy.moml.MoMLSimpleApplication@208f2f24
reloadAllAccessors: .DiscreteClock11

===========================================================================================
----------------- testing Sun Nov 01 15:58:07 UTC 2020 /home/travis/build/icyphy/ptII/ptolemy/actor/lib/test/auto/DiscreteClock12.xml
----------------- Instantiating /home/travis/build/icyphy/ptII/ptolemy/actor/lib/test/auto/DiscreteClock12.xml
2 ms. Memory: 686080K Free: 428379K (62%)
----------------- Invoking toplevel() on ptolemy.moml.MoMLSimpleApplication@dd42b30
----------------- Done invoking toplevel() on ptolemy.moml.MoMLSimpleApplication@dd42b30
reloadAllAccessors: .DiscreteClock12

===========================================================================================
----------------- testing Sun Nov 01 15:58:07 UTC 2020 /home/travis/build/icyphy/ptII/ptolemy/actor/lib/test/auto/DiscreteClock13.xml
----------------- Instantiating /home/travis/build/icyphy/ptII/ptolemy/actor/lib/test/auto/DiscreteClock13.xml
5 ms. Memory: 686080K Free: 422235K (62%)
----------------- Invoking toplevel() on ptolemy.moml.MoMLSimpleApplication@2aa2d240
----------------- Done invoking toplevel() on ptolemy.moml.MoMLSimpleApplication@2aa2d240
reloadAllAccessors: .DiscreteClock13

===========================================================================================
----------------- testing Sun Nov 01 15:58:07 UTC 2020 /home/travis/build/icyphy/ptII/ptolemy/actor/lib/test/auto/DiscreteClock14.xml
----------------- Instantiating /home/travis/build/icyphy/ptII/ptolemy/actor/lib/test/auto/DiscreteClock14.xml
5 ms. Memory: 686080K Free: 416091K (61%)
----------------- Invoking toplevel() on ptolemy.moml.MoMLSimpleApplication@26009a31
----------------- Done invoking toplevel() on ptolemy.moml.MoMLSimpleApplication@26009a31
reloadAllAccessors: .DiscreteClock14

===========================================================================================
----------------- testing Sun Nov 01 15:58:07 UTC 2020 /home/travis/build/icyphy/ptII/ptolemy/actor/lib/test/auto/DiscreteClock15.xml
----------------- Instantiating /home/travis/build/icyphy/ptII/ptolemy/actor/lib/test/auto/DiscreteClock15.xml
4 ms. Memory: 686080K Free: 409947K (60%)
----------------- Invoking toplevel() on ptolemy.moml.MoMLSimpleApplication@6cea44f9
----------------- Done invoking toplevel() on ptolemy.moml.MoMLSimpleApplication@6cea44f9
reloadAllAccessors: .DiscreteClock15

===========================================================================================
----------------- testing Sun Nov 01 15:58:07 UTC 2020 /home/travis/build/icyphy/ptII/ptolemy/actor/lib/test/auto/DiscreteClock16.xml
----------------- Instantiating /home/travis/build/icyphy/ptII/ptolemy/actor/lib/test/auto/DiscreteClock16.xml
19 ms. Memory: 686080K Free: 396635K (58%)
----------------- Invoking toplevel() on ptolemy.moml.MoMLSimpleApplication@271bd394
----------------- Done invoking toplevel() on ptolemy.moml.MoMLSimpleApplication@271bd394
reloadAllAccessors: .DiscreteClock16

===========================================================================================
----------------- testing Sun Nov 01 15:58:07 UTC 2020 /home/travis/build/icyphy/ptII/ptolemy/actor/lib/test/auto/DiscreteClock17.xml
----------------- Instantiating /home/travis/build/icyphy/ptII/ptolemy/actor/lib/test/auto/DiscreteClock17.xml
18 ms. Memory: 686080K Free: 381755K (56%)
----------------- Invoking toplevel() on ptolemy.moml.MoMLSimpleApplication@6dfe0c81
----------------- Done invoking toplevel() on ptolemy.moml.MoMLSimpleApplication@6dfe0c81
reloadAllAccessors: .DiscreteClock17

===========================================================================================
----------------- testing Sun Nov 01 15:58:07 UTC 2020 /home/travis/build/icyphy/ptII/ptolemy/actor/lib/test/auto/DiscreteClock18.xml
----------------- Instantiating /home/travis/build/icyphy/ptII/ptolemy/actor/lib/test/auto/DiscreteClock18.xml
24 ms. Memory: 686080K Free: 367963K (54%)
----------------- Invoking toplevel() on ptolemy.moml.MoMLSimpleApplication@6219c3d9
----------------- Done invoking toplevel() on ptolemy.moml.MoMLSimpleApplication@6219c3d9
reloadAllAccessors: .DiscreteClock18

===========================================================================================
----------------- testing Sun Nov 01 15:58:07 UTC 2020 /home/travis/build/icyphy/ptII/ptolemy/actor/lib/test/auto/DiscreteClock19.xml
----------------- Instantiating /home/travis/build/icyphy/ptII/ptolemy/actor/lib/test/auto/DiscreteClock19.xml
18 ms. Memory: 686080K Free: 354137K (52%)
----------------- Invoking toplevel() on ptolemy.moml.MoMLSimpleApplication@619655d8
----------------- Done invoking toplevel() on ptolemy.moml.MoMLSimpleApplication@619655d8
reloadAllAccessors: .DiscreteClock19

===========================================================================================
----------------- testing Sun Nov 01 15:58:07 UTC 2020 /home/travis/build/icyphy/ptII/ptolemy/actor/lib/test/auto/DiscreteClock2.xml
----------------- Instantiating /home/travis/build/icyphy/ptII/ptolemy/actor/lib/test/auto/DiscreteClock2.xml
4 ms. Memory: 686080K Free: 349531K (51%)
----------------- Invoking toplevel() on ptolemy.moml.MoMLSimpleApplication@66cf0ab6
----------------- Done invoking toplevel() on ptolemy.moml.MoMLSimpleApplication@66cf0ab6
reloadAllAccessors: .DiscreteClock2

===========================================================================================
----------------- testing Sun Nov 01 15:58:07 UTC 2020 /home/travis/build/icyphy/ptII/ptolemy/actor/lib/test/auto/DiscreteClock20.xml
----------------- Instantiating /home/travis/build/icyphy/ptII/ptolemy/actor/lib/test/auto/DiscreteClock20.xml
4 ms. Memory: 686080K Free: 343897K (50%)
----------------- Invoking toplevel() on ptolemy.moml.MoMLSimpleApplication@4588ff53
----------------- Done invoking toplevel() on ptolemy.moml.MoMLSimpleApplication@4588ff53
reloadAllAccessors: .DiscreteClock20

===========================================================================================
----------------- testing Sun Nov 01 15:58:07 UTC 2020 /home/travis/build/icyphy/ptII/ptolemy/actor/lib/test/auto/DiscreteClock21.xml
----------------- Instantiating /home/travis/build/icyphy/ptII/ptolemy/actor/lib/test/auto/DiscreteClock21.xml
7 ms. Memory: 686080K Free: 338267K (49%)
----------------- Invoking toplevel() on ptolemy.moml.MoMLSimpleApplication@44aeb8d5
----------------- Done invoking toplevel() on ptolemy.moml.MoMLSimpleApplication@44aeb8d5
reloadAllAccessors: .DiscreteClock21

===========================================================================================
----------------- testing Sun Nov 01 15:58:07 UTC 2020 /home/travis/build/icyphy/ptII/ptolemy/actor/lib/test/auto/DiscreteClock22.xml
----------------- Instantiating /home/travis/build/icyphy/ptII/ptolemy/actor/lib/test/auto/DiscreteClock22.xml
3 ms. Memory: 686080K Free: 332633K (48%)
----------------- Invoking toplevel() on ptolemy.moml.MoMLSimpleApplication@1c077413
----------------- Done invoking toplevel() on ptolemy.moml.MoMLSimpleApplication@1c077413
reloadAllAccessors: .DiscreteClock22

===========================================================================================
----------------- testing Sun Nov 01 15:58:07 UTC 2020 /home/travis/build/icyphy/ptII/ptolemy/actor/lib/test/auto/DiscreteClock23.xml
----------------- Instantiating /home/travis/build/icyphy/ptII/ptolemy/actor/lib/test/auto/DiscreteClock23.xml
7 ms. Memory: 686080K Free: 327513K (48%)
----------------- Invoking toplevel() on ptolemy.moml.MoMLSimpleApplication@b59da59
----------------- Done invoking toplevel() on ptolemy.moml.MoMLSimpleApplication@b59da59
reloadAllAccessors: .DiscreteClock23

===========================================================================================
----------------- testing Sun Nov 01 15:58:07 UTC 2020 /home/travis/build/icyphy/ptII/ptolemy/actor/lib/test/auto/DiscreteClock24.xml
----------------- Instantiating /home/travis/build/icyphy/ptII/ptolemy/actor/lib/test/auto/DiscreteClock24.xml
2 ms. Memory: 686080K Free: 321883K (47%)
----------------- Invoking toplevel() on ptolemy.moml.MoMLSimpleApplication@1c6ac398
----------------- Done invoking toplevel() on ptolemy.moml.MoMLSimpleApplication@1c6ac398
reloadAllAccessors: .DiscreteClock24

===========================================================================================
----------------- testing Sun Nov 01 15:58:07 UTC 2020 /home/travis/build/icyphy/ptII/ptolemy/actor/lib/test/auto/DiscreteClock4.xml
----------------- Instantiating /home/travis/build/icyphy/ptII/ptolemy/actor/lib/test/auto/DiscreteClock4.xml
4 ms. Memory: 686080K Free: 316235K (46%)
----------------- Invoking toplevel() on ptolemy.moml.MoMLSimpleApplication@25db7e10
----------------- Done invoking toplevel() on ptolemy.moml.MoMLSimpleApplication@25db7e10
reloadAllAccessors: .DiscreteClock4

===========================================================================================
----------------- testing Sun Nov 01 15:58:07 UTC 2020 /home/travis/build/icyphy/ptII/ptolemy/actor/lib/test/auto/DiscreteClock5.xml
----------------- Instantiating /home/travis/build/icyphy/ptII/ptolemy/actor/lib/test/auto/DiscreteClock5.xml
1 ms. Memory: 686080K Free: 310619K (45%)
----------------- Invoking toplevel() on ptolemy.moml.MoMLSimpleApplication@1ca30928
----------------- Done invoking toplevel() on ptolemy.moml.MoMLSimpleApplication@1ca30928
reloadAllAccessors: .DiscreteClock5

===========================================================================================
----------------- testing Sun Nov 01 15:58:07 UTC 2020 /home/travis/build/icyphy/ptII/ptolemy/actor/lib/test/auto/DiscreteClock6.xml
----------------- Instantiating /home/travis/build/icyphy/ptII/ptolemy/actor/lib/test/auto/DiscreteClock6.xml
1 ms. Memory: 686080K Free: 306009K (45%)
----------------- Invoking toplevel() on ptolemy.moml.MoMLSimpleApplication@518f6e7e
----------------- Done invoking toplevel() on ptolemy.moml.MoMLSimpleApplication@518f6e7e
reloadAllAccessors: .DiscreteClock6

===========================================================================================
----------------- testing Sun Nov 01 15:58:07 UTC 2020 /home/travis/build/icyphy/ptII/ptolemy/actor/lib/test/auto/DiscreteClock7.xml
----------------- Instantiating /home/travis/build/icyphy/ptII/ptolemy/actor/lib/test/auto/DiscreteClock7.xml
1 ms. Memory: 686080K Free: 301913K (44%)
----------------- Invoking toplevel() on ptolemy.moml.MoMLSimpleApplication@398751af
----------------- Done invoking toplevel() on ptolemy.moml.MoMLSimpleApplication@398751af
reloadAllAccessors: .DiscreteClock7

===========================================================================================
----------------- testing Sun Nov 01 15:58:07 UTC 2020 /home/travis/build/icyphy/ptII/ptolemy/actor/lib/test/auto/DiscreteClock8.xml
----------------- Instantiating /home/travis/build/icyphy/ptII/ptolemy/actor/lib/test/auto/DiscreteClock8.xml
2 ms. Memory: 686080K Free: 296283K (43%)
----------------- Invoking toplevel() on ptolemy.moml.MoMLSimpleApplication@4adf5b29
----------------- Done invoking toplevel() on ptolemy.moml.MoMLSimpleApplication@4adf5b29
reloadAllAccessors: .DiscreteClock8

===========================================================================================
----------------- testing Sun Nov 01 15:58:07 UTC 2020 /home/travis/build/icyphy/ptII/ptolemy/actor/lib/test/auto/DiscreteClock9.xml
----------------- Instantiating /home/travis/build/icyphy/ptII/ptolemy/actor/lib/test/auto/DiscreteClock9.xml
2 ms. Memory: 686080K Free: 290139K (42%)
----------------- Invoking toplevel() on ptolemy.moml.MoMLSimpleApplication@17be60fe
----------------- Done invoking toplevel() on ptolemy.moml.MoMLSimpleApplication@17be60fe
reloadAllAccessors: .DiscreteClock9

===========================================================================================
----------------- testing Sun Nov 01 15:58:07 UTC 2020 /home/travis/build/icyphy/ptII/ptolemy/actor/lib/test/auto/DisplayArray.xml
----------------- Instantiating /home/travis/build/icyphy/ptII/ptolemy/actor/lib/test/auto/DisplayArray.xml
14 ms. Memory: 686080K Free: 632189K (92%)
----------------- Invoking toplevel() on ptolemy.moml.MoMLSimpleApplication@177d08b0
----------------- Done invoking toplevel() on ptolemy.moml.MoMLSimpleApplication@177d08b0
reloadAllAccessors: .DisplayArray

===========================================================================================
----------------- testing Sun Nov 01 15:58:07 UTC 2020 /home/travis/build/icyphy/ptII/ptolemy/actor/lib/test/auto/Distributor.xml
----------------- Instantiating /home/travis/build/icyphy/ptII/ptolemy/actor/lib/test/auto/Distributor.xml
2 ms. Memory: 686080K Free: 626559K (91%)
----------------- Invoking toplevel() on ptolemy.moml.MoMLSimpleApplication@77bb5a6a
----------------- Done invoking toplevel() on ptolemy.moml.MoMLSimpleApplication@77bb5a6a
reloadAllAccessors: .Distributor

===========================================================================================
----------------- testing Sun Nov 01 15:58:07 UTC 2020 /home/travis/build/icyphy/ptII/ptolemy/actor/lib/test/auto/Distributor2.xml
----------------- Instantiating /home/travis/build/icyphy/ptII/ptolemy/actor/lib/test/auto/Distributor2.xml
2 ms. Memory: 686080K Free: 621949K (91%)
----------------- Invoking toplevel() on ptolemy.moml.MoMLSimpleApplication@4b9093f0
----------------- Done invoking toplevel() on ptolemy.moml.MoMLSimpleApplication@4b9093f0
reloadAllAccessors: .Distributor2

===========================================================================================
----------------- testing Sun Nov 01 15:58:07 UTC 2020 /home/travis/build/icyphy/ptII/ptolemy/actor/lib/test/auto/DownSample.xml
----------------- Instantiating /home/travis/build/icyphy/ptII/ptolemy/actor/lib/test/auto/DownSample.xml
2 ms. Memory: 686080K Free: 617853K (90%)
----------------- Invoking toplevel() on ptolemy.moml.MoMLSimpleApplication@3d1f5b34
----------------- Done invoking toplevel() on ptolemy.moml.MoMLSimpleApplication@3d1f5b34
reloadAllAccessors: .DownSample

===========================================================================================
----------------- testing Sun Nov 01 15:58:07 UTC 2020 /home/travis/build/icyphy/ptII/ptolemy/actor/lib/test/auto/ElectronicUnitBase1.xml
----------------- Instantiating /home/travis/build/icyphy/ptII/ptolemy/actor/lib/test/auto/ElectronicUnitBase1.xml
14 ms. Memory: 686080K Free: 601469K (88%)
----------------- Invoking toplevel() on ptolemy.moml.MoMLSimpleApplication@7c5437b8
----------------- Done invoking toplevel() on ptolemy.moml.MoMLSimpleApplication@7c5437b8
reloadAllAccessors: .ElectronicUnitBase1

===========================================================================================
----------------- testing Sun Nov 01 15:58:07 UTC 2020 /home/travis/build/icyphy/ptII/ptolemy/actor/lib/test/auto/ElementsToArray.xml
----------------- Instantiating /home/travis/build/icyphy/ptII/ptolemy/actor/lib/test/auto/ElementsToArray.xml
3 ms. Memory: 686080K Free: 596349K (87%)
----------------- Invoking toplevel() on ptolemy.moml.MoMLSimpleApplication@1f59a731
----------------- Done invoking toplevel() on ptolemy.moml.MoMLSimpleApplication@1f59a731
reloadAllAccessors: .ElementsToArray

===========================================================================================
----------------- testing Sun Nov 01 15:58:07 UTC 2020 /home/travis/build/icyphy/ptII/ptolemy/actor/lib/test/auto/Equals.xml
----------------- Instantiating /home/travis/build/icyphy/ptII/ptolemy/actor/lib/test/auto/Equals.xml
3 ms. Memory: 686080K Free: 591743K (86%)
----------------- Invoking toplevel() on ptolemy.moml.MoMLSimpleApplication@2d55a9bc
----------------- Done invoking toplevel() on ptolemy.moml.MoMLSimpleApplication@2d55a9bc
reloadAllAccessors: .Equals

===========================================================================================
----------------- testing Sun Nov 01 15:58:07 UTC 2020 /home/travis/build/icyphy/ptII/ptolemy/actor/lib/test/auto/Exec.xml
----------------- Instantiating /home/travis/build/icyphy/ptII/ptolemy/actor/lib/test/auto/Exec.xml
15 ms. Memory: 686080K Free: 586109K (85%)
----------------- Invoking toplevel() on ptolemy.moml.MoMLSimpleApplication@242556f9
----------------- Done invoking toplevel() on ptolemy.moml.MoMLSimpleApplication@242556f9
reloadAllAccessors: .Exec

===========================================================================================
----------------- testing Sun Nov 01 15:58:07 UTC 2020 /home/travis/build/icyphy/ptII/ptolemy/actor/lib/test/auto/ExecEnvironment.xml
----------------- Instantiating /home/travis/build/icyphy/ptII/ptolemy/actor/lib/test/auto/ExecEnvironment.xml
30 ms. Memory: 686080K Free: 581498K (85%)
----------------- Invoking toplevel() on ptolemy.moml.MoMLSimpleApplication@1f3efb7
----------------- Done invoking toplevel() on ptolemy.moml.MoMLSimpleApplication@1f3efb7
reloadAllAccessors: .ExecEnvironment

===========================================================================================
----------------- testing Sun Nov 01 15:58:07 UTC 2020 /home/travis/build/icyphy/ptII/ptolemy/actor/lib/test/auto/ExecNonZeroReturnOutput.xml
----------------- Instantiating /home/travis/build/icyphy/ptII/ptolemy/actor/lib/test/auto/ExecNonZeroReturnOutput.xml
176 ms. Memory: 686080K Free: 569725K (83%)
----------------- Invoking toplevel() on ptolemy.moml.MoMLSimpleApplication@3c93a148
----------------- Done invoking toplevel() on ptolemy.moml.MoMLSimpleApplication@3c93a148
reloadAllAccessors: .ExecNonZeroReturnOutput

===========================================================================================
----------------- testing Sun Nov 01 15:58:08 UTC 2020 /home/travis/build/icyphy/ptII/ptolemy/actor/lib/test/auto/ExecRunDemos.xml
----------------- Instantiating /home/travis/build/icyphy/ptII/ptolemy/actor/lib/test/auto/ExecRunDemos.xml
Finished: 87 ms. Memory: 129024K Free: 112381K (87%)

Finished: 59 ms. Memory: 129024K Free: 109521K (85%)

Finished: 75 ms. Memory: 129024K Free: 109478K (85%)

Finished: 81 ms. Memory: 129024K Free: 110997K (86%)

Finished: 66 ms. Memory: 129024K Free: 111837K (87%)

10002 ms. Memory: 686080K Free: 548221K (80%)
----------------- Invoking toplevel() on ptolemy.moml.MoMLSimpleApplication@62b1c4c0
----------------- Done invoking toplevel() on ptolemy.moml.MoMLSimpleApplication@62b1c4c0
reloadAllAccessors: .ExecRunDemos

===========================================================================================
----------------- testing Sun Nov 01 15:58:18 UTC 2020 /home/travis/build/icyphy/ptII/ptolemy/actor/lib/test/auto/ExecStop.xml
----------------- Instantiating /home/travis/build/icyphy/ptII/ptolemy/actor/lib/test/auto/ExecStop.xml
5024 ms. Memory: 686080K Free: 416639K (61%)
----------------- Invoking toplevel() on ptolemy.moml.MoMLSimpleApplication@30c2d0ca
----------------- Done invoking toplevel() on ptolemy.moml.MoMLSimpleApplication@30c2d0ca
reloadAllAccessors: .ExecStop

===========================================================================================
----------------- testing Sun Nov 01 15:58:23 UTC 2020 /home/travis/build/icyphy/ptII/ptolemy/actor/lib/test/auto/ExecutionTimeSDF.xml
----------------- Instantiating /home/travis/build/icyphy/ptII/ptolemy/actor/lib/test/auto/ExecutionTimeSDF.xml
Fired ExecutionTime: -923367296
Fired ExecutionTime: 1333200000
Fired ExecutionTime: 187432704
6004 ms. Memory: 686080K Free: 404351K (59%)
----------------- Invoking toplevel() on ptolemy.moml.MoMLSimpleApplication@4bb89c84
----------------- Done invoking toplevel() on ptolemy.moml.MoMLSimpleApplication@4bb89c84
reloadAllAccessors: .ExecutionTimeSDF

===========================================================================================
----------------- testing Sun Nov 01 15:58:29 UTC 2020 /home/travis/build/icyphy/ptII/ptolemy/actor/lib/test/auto/Expression1.xml
----------------- Instantiating /home/travis/build/icyphy/ptII/ptolemy/actor/lib/test/auto/Expression1.xml
1 ms. Memory: 686080K Free: 400255K (58%)
----------------- Invoking toplevel() on ptolemy.moml.MoMLSimpleApplication@7952aca8
----------------- Done invoking toplevel() on ptolemy.moml.MoMLSimpleApplication@7952aca8
reloadAllAccessors: .Expression1

===========================================================================================
----------------- testing Sun Nov 01 15:58:29 UTC 2020 /home/travis/build/icyphy/ptII/ptolemy/actor/lib/test/auto/Expression10.xml
----------------- Instantiating /home/travis/build/icyphy/ptII/ptolemy/actor/lib/test/auto/Expression10.xml
5 ms. Memory: 686080K Free: 395135K (58%)
----------------- Invoking toplevel() on ptolemy.moml.MoMLSimpleApplication@549bcd56
----------------- Done invoking toplevel() on ptolemy.moml.MoMLSimpleApplication@549bcd56
reloadAllAccessors: .Expression10

===========================================================================================
----------------- testing Sun Nov 01 15:58:29 UTC 2020 /home/travis/build/icyphy/ptII/ptolemy/actor/lib/test/auto/Expression11.xml
----------------- Instantiating /home/travis/build/icyphy/ptII/ptolemy/actor/lib/test/auto/Expression11.xml
2 ms. Memory: 686080K Free: 390525K (57%)
----------------- Invoking toplevel() on ptolemy.moml.MoMLSimpleApplication@304113fa
----------------- Done invoking toplevel() on ptolemy.moml.MoMLSimpleApplication@304113fa
reloadAllAccessors: .Expression11

===========================================================================================
----------------- testing Sun Nov 01 15:58:29 UTC 2020 /home/travis/build/icyphy/ptII/ptolemy/actor/lib/test/auto/Expression12.xml
----------------- Instantiating /home/travis/build/icyphy/ptII/ptolemy/actor/lib/test/auto/Expression12.xml
3 ms. Memory: 686080K Free: 384895K (56%)
----------------- Invoking toplevel() on ptolemy.moml.MoMLSimpleApplication@29c02d20
----------------- Done invoking toplevel() on ptolemy.moml.MoMLSimpleApplication@29c02d20
reloadAllAccessors: .Expression12

===========================================================================================
----------------- testing Sun Nov 01 15:58:29 UTC 2020 /home/travis/build/icyphy/ptII/ptolemy/actor/lib/test/auto/Expression13.xml
----------------- Instantiating /home/travis/build/icyphy/ptII/ptolemy/actor/lib/test/auto/Expression13.xml
3 ms. Memory: 686080K Free: 379775K (55%)
----------------- Invoking toplevel() on ptolemy.moml.MoMLSimpleApplication@e4f6ff9
----------------- Done invoking toplevel() on ptolemy.moml.MoMLSimpleApplication@e4f6ff9
reloadAllAccessors: .Expression13

===========================================================================================
----------------- testing Sun Nov 01 15:58:29 UTC 2020 /home/travis/build/icyphy/ptII/ptolemy/actor/lib/test/auto/Expression14.xml
----------------- Instantiating /home/travis/build/icyphy/ptII/ptolemy/actor/lib/test/auto/Expression14.xml
7 ms. Memory: 686080K Free: 373631K (54%)
----------------- Invoking toplevel() on ptolemy.moml.MoMLSimpleApplication@697cd5fc
----------------- Done invoking toplevel() on ptolemy.moml.MoMLSimpleApplication@697cd5fc
reloadAllAccessors: .Expression14

===========================================================================================
----------------- testing Sun Nov 01 15:58:29 UTC 2020 /home/travis/build/icyphy/ptII/ptolemy/actor/lib/test/auto/Expression15.xml
----------------- Instantiating /home/travis/build/icyphy/ptII/ptolemy/actor/lib/test/auto/Expression15.xml
1 ms. Memory: 686080K Free: 369535K (54%)
----------------- Invoking toplevel() on ptolemy.moml.MoMLSimpleApplication@637daccb
----------------- Done invoking toplevel() on ptolemy.moml.MoMLSimpleApplication@637daccb
reloadAllAccessors: .Expression15

===========================================================================================
----------------- testing Sun Nov 01 15:58:29 UTC 2020 /home/travis/build/icyphy/ptII/ptolemy/actor/lib/test/auto/Expression16.xml
----------------- Instantiating /home/travis/build/icyphy/ptII/ptolemy/actor/lib/test/auto/Expression16.xml
3 ms. Memory: 686080K Free: 364925K (53%)
----------------- Invoking toplevel() on ptolemy.moml.MoMLSimpleApplication@2d8a264f
----------------- Done invoking toplevel() on ptolemy.moml.MoMLSimpleApplication@2d8a264f
reloadAllAccessors: .Expression16

===========================================================================================
----------------- testing Sun Nov 01 15:58:29 UTC 2020 /home/travis/build/icyphy/ptII/ptolemy/actor/lib/test/auto/Expression17.xml
----------------- Instantiating /home/travis/build/icyphy/ptII/ptolemy/actor/lib/test/auto/Expression17.xml
4 ms. Memory: 686080K Free: 359805K (52%)
----------------- Invoking toplevel() on ptolemy.moml.MoMLSimpleApplication@60a59952
----------------- Done invoking toplevel() on ptolemy.moml.MoMLSimpleApplication@60a59952
reloadAllAccessors: .Expression17

===========================================================================================
----------------- testing Sun Nov 01 15:58:29 UTC 2020 /home/travis/build/icyphy/ptII/ptolemy/actor/lib/test/auto/Expression18.xml
----------------- Instantiating /home/travis/build/icyphy/ptII/ptolemy/actor/lib/test/auto/Expression18.xml
3 ms. Memory: 686080K Free: 354685K (52%)
----------------- Invoking toplevel() on ptolemy.moml.MoMLSimpleApplication@7d222d0b
----------------- Done invoking toplevel() on ptolemy.moml.MoMLSimpleApplication@7d222d0b
reloadAllAccessors: .Expression18

===========================================================================================
----------------- testing Sun Nov 01 15:58:29 UTC 2020 /home/travis/build/icyphy/ptII/ptolemy/actor/lib/test/auto/Expression2.xml
----------------- Instantiating /home/travis/build/icyphy/ptII/ptolemy/actor/lib/test/auto/Expression2.xml
3 ms. Memory: 686080K Free: 349565K (51%)
----------------- Invoking toplevel() on ptolemy.moml.MoMLSimpleApplication@6b0f9b09
----------------- Done invoking toplevel() on ptolemy.moml.MoMLSimpleApplication@6b0f9b09
reloadAllAccessors: .Expression2

===========================================================================================
----------------- testing Sun Nov 01 15:58:29 UTC 2020 /home/travis/build/icyphy/ptII/ptolemy/actor/lib/test/auto/Expression3.xml
----------------- Instantiating /home/travis/build/icyphy/ptII/ptolemy/actor/lib/test/auto/Expression3.xml
6 ms. Memory: 686080K Free: 344445K (50%)
----------------- Invoking toplevel() on ptolemy.moml.MoMLSimpleApplication@1d605ae0
----------------- Done invoking toplevel() on ptolemy.moml.MoMLSimpleApplication@1d605ae0
reloadAllAccessors: .Expression3

===========================================================================================
----------------- testing Sun Nov 01 15:58:29 UTC 2020 /home/travis/build/icyphy/ptII/ptolemy/actor/lib/test/auto/Expression4.xml
----------------- Instantiating /home/travis/build/icyphy/ptII/ptolemy/actor/lib/test/auto/Expression4.xml
5 ms. Memory: 686080K Free: 336767K (49%)
----------------- Invoking toplevel() on ptolemy.moml.MoMLSimpleApplication@29f4184a
----------------- Done invoking toplevel() on ptolemy.moml.MoMLSimpleApplication@29f4184a
reloadAllAccessors: .Expression4

===========================================================================================
----------------- testing Sun Nov 01 15:58:29 UTC 2020 /home/travis/build/icyphy/ptII/ptolemy/actor/lib/test/auto/Expression5.xml
----------------- Instantiating /home/travis/build/icyphy/ptII/ptolemy/actor/lib/test/auto/Expression5.xml
3 ms. Memory: 686080K Free: 332157K (48%)
----------------- Invoking toplevel() on ptolemy.moml.MoMLSimpleApplication@a878519
----------------- Done invoking toplevel() on ptolemy.moml.MoMLSimpleApplication@a878519
reloadAllAccessors: .Expression5

===========================================================================================
----------------- testing Sun Nov 01 15:58:29 UTC 2020 /home/travis/build/icyphy/ptII/ptolemy/actor/lib/test/auto/Expression6.xml
----------------- Instantiating /home/travis/build/icyphy/ptII/ptolemy/actor/lib/test/auto/Expression6.xml
2 ms. Memory: 686080K Free: 327551K (48%)
----------------- Invoking toplevel() on ptolemy.moml.MoMLSimpleApplication@a796d0d
----------------- Done invoking toplevel() on ptolemy.moml.MoMLSimpleApplication@a796d0d
reloadAllAccessors: .Expression6

===========================================================================================
----------------- testing Sun Nov 01 15:58:29 UTC 2020 /home/travis/build/icyphy/ptII/ptolemy/actor/lib/test/auto/Expression7.xml
----------------- Instantiating /home/travis/build/icyphy/ptII/ptolemy/actor/lib/test/auto/Expression7.xml
3 ms. Memory: 686080K Free: 322431K (47%)
----------------- Invoking toplevel() on ptolemy.moml.MoMLSimpleApplication@3a2bdafc
----------------- Done invoking toplevel() on ptolemy.moml.MoMLSimpleApplication@3a2bdafc
reloadAllAccessors: .Expression7

===========================================================================================
----------------- testing Sun Nov 01 15:58:29 UTC 2020 /home/travis/build/icyphy/ptII/ptolemy/actor/lib/test/auto/Expression8.xml
----------------- Instantiating /home/travis/build/icyphy/ptII/ptolemy/actor/lib/test/auto/Expression8.xml
8 ms. Memory: 686080K Free: 317311K (46%)
----------------- Invoking toplevel() on ptolemy.moml.MoMLSimpleApplication@699017b2
----------------- Done invoking toplevel() on ptolemy.moml.MoMLSimpleApplication@699017b2
reloadAllAccessors: .Expression8

===========================================================================================
----------------- testing Sun Nov 01 15:58:29 UTC 2020 /home/travis/build/icyphy/ptII/ptolemy/actor/lib/test/auto/Expression9.xml
----------------- Instantiating /home/travis/build/icyphy/ptII/ptolemy/actor/lib/test/auto/Expression9.xml
1 ms. Memory: 686080K Free: 313215K (46%)
----------------- Invoking toplevel() on ptolemy.moml.MoMLSimpleApplication@540acad4
----------------- Done invoking toplevel() on ptolemy.moml.MoMLSimpleApplication@540acad4
reloadAllAccessors: .Expression9

===========================================================================================
----------------- testing Sun Nov 01 15:58:29 UTC 2020 /home/travis/build/icyphy/ptII/ptolemy/actor/lib/test/auto/ExpressionConcatenateArrayType.xml
----------------- Instantiating /home/travis/build/icyphy/ptII/ptolemy/actor/lib/test/auto/ExpressionConcatenateArrayType.xml
3 ms. Memory: 686080K Free: 306557K (45%)
----------------- Invoking toplevel() on ptolemy.moml.MoMLSimpleApplication@62413422
----------------- Done invoking toplevel() on ptolemy.moml.MoMLSimpleApplication@62413422
reloadAllAccessors: .ExpressionConcatenateArrayType

===========================================================================================
----------------- testing Sun Nov 01 15:58:29 UTC 2020 /home/travis/build/icyphy/ptII/ptolemy/actor/lib/test/auto/ExpressionConcatenateArrayType2.xml
----------------- Instantiating /home/travis/build/icyphy/ptII/ptolemy/actor/lib/test/auto/ExpressionConcatenateArrayType2.xml
2 ms. Memory: 686080K Free: 300413K (44%)
----------------- Invoking toplevel() on ptolemy.moml.MoMLSimpleApplication@798b794c
----------------- Done invoking toplevel() on ptolemy.moml.MoMLSimpleApplication@798b794c
reloadAllAccessors: .ExpressionConcatenateArrayType2

===========================================================================================
----------------- testing Sun Nov 01 15:58:29 UTC 2020 /home/travis/build/icyphy/ptII/ptolemy/actor/lib/test/auto/ExpressionFix.xml
----------------- Instantiating /home/travis/build/icyphy/ptII/ptolemy/actor/lib/test/auto/ExpressionFix.xml
21 ms. Memory: 686080K Free: 293759K (43%)
----------------- Invoking toplevel() on ptolemy.moml.MoMLSimpleApplication@5edf4935
----------------- Done invoking toplevel() on ptolemy.moml.MoMLSimpleApplication@5edf4935
reloadAllAccessors: .ExpressionFix

===========================================================================================
----------------- testing Sun Nov 01 15:58:29 UTC 2020 /home/travis/build/icyphy/ptII/ptolemy/actor/lib/test/auto/ExpressionFix2.xml
----------------- Instantiating /home/travis/build/icyphy/ptII/ptolemy/actor/lib/test/auto/ExpressionFix2.xml
2 ms. Memory: 686080K Free: 290173K (42%)
----------------- Invoking toplevel() on ptolemy.moml.MoMLSimpleApplication@f6191f5
----------------- Done invoking toplevel() on ptolemy.moml.MoMLSimpleApplication@f6191f5
reloadAllAccessors: .ExpressionFix2

===========================================================================================
----------------- testing Sun Nov 01 15:58:29 UTC 2020 /home/travis/build/icyphy/ptII/ptolemy/actor/lib/test/auto/ExpressionFix3.xml
----------------- Instantiating /home/travis/build/icyphy/ptII/ptolemy/actor/lib/test/auto/ExpressionFix3.xml
2 ms. Memory: 686080K Free: 285567K (42%)
----------------- Invoking toplevel() on ptolemy.moml.MoMLSimpleApplication@31f973b2
----------------- Done invoking toplevel() on ptolemy.moml.MoMLSimpleApplication@31f973b2
reloadAllAccessors: .ExpressionFix3

===========================================================================================
----------------- testing Sun Nov 01 15:58:29 UTC 2020 /home/travis/build/icyphy/ptII/ptolemy/actor/lib/test/auto/FileWriter1.xml
----------------- Instantiating /home/travis/build/icyphy/ptII/ptolemy/actor/lib/test/auto/FileWriter1.xml
1 ms. Memory: 686080K Free: 281471K (41%)
----------------- Invoking toplevel() on ptolemy.moml.MoMLSimpleApplication@63f5492
----------------- Done invoking toplevel() on ptolemy.moml.MoMLSimpleApplication@63f5492
reloadAllAccessors: .FileWriter1

===========================================================================================
----------------- testing Sun Nov 01 15:58:29 UTC 2020 /home/travis/build/icyphy/ptII/ptolemy/actor/lib/test/auto/FileWriter2.xml
----------------- Instantiating /home/travis/build/icyphy/ptII/ptolemy/actor/lib/test/auto/FileWriter2.xml
5 ms. Memory: 686080K Free: 276861K (40%)
----------------- Invoking toplevel() on ptolemy.moml.MoMLSimpleApplication@785d561c
----------------- Done invoking toplevel() on ptolemy.moml.MoMLSimpleApplication@785d561c
reloadAllAccessors: .FileWriter2

===========================================================================================
----------------- testing Sun Nov 01 15:58:29 UTC 2020 /home/travis/build/icyphy/ptII/ptolemy/actor/lib/test/auto/FileWriter3.xml
----------------- Instantiating /home/travis/build/icyphy/ptII/ptolemy/actor/lib/test/auto/FileWriter3.xml
1 ms. Memory: 686080K Free: 272765K (40%)
----------------- Invoking toplevel() on ptolemy.moml.MoMLSimpleApplication@69d8756
----------------- Done invoking toplevel() on ptolemy.moml.MoMLSimpleApplication@69d8756
reloadAllAccessors: .FileWriter3

===========================================================================================
----------------- testing Sun Nov 01 15:58:29 UTC 2020 /home/travis/build/icyphy/ptII/ptolemy/actor/lib/test/auto/Gaussian.xml
----------------- Instantiating /home/travis/build/icyphy/ptII/ptolemy/actor/lib/test/auto/Gaussian.xml
2 ms. Memory: 686080K Free: 268159K (39%)
----------------- Invoking toplevel() on ptolemy.moml.MoMLSimpleApplication@5a9611b7
----------------- Done invoking toplevel() on ptolemy.moml.MoMLSimpleApplication@5a9611b7
reloadAllAccessors: .Gaussian

===========================================================================================
----------------- testing Sun Nov 01 15:58:29 UTC 2020 /home/travis/build/icyphy/ptII/ptolemy/actor/lib/test/auto/Gaussian1.xml
----------------- Instantiating /home/travis/build/icyphy/ptII/ptolemy/actor/lib/test/auto/Gaussian1.xml
2 ms. Memory: 686080K Free: 262495K (38%)
----------------- Invoking toplevel() on ptolemy.moml.MoMLSimpleApplication@edb59d7
----------------- Done invoking toplevel() on ptolemy.moml.MoMLSimpleApplication@edb59d7
reloadAllAccessors: .Gaussian1

===========================================================================================
----------------- testing Sun Nov 01 15:58:29 UTC 2020 /home/travis/build/icyphy/ptII/ptolemy/actor/lib/test/auto/Gaussian2.xml
----------------- Instantiating /home/travis/build/icyphy/ptII/ptolemy/actor/lib/test/auto/Gaussian2.xml
9 ms. Memory: 686080K Free: 256895K (37%)
----------------- Invoking toplevel() on ptolemy.moml.MoMLSimpleApplication@28f47c9e
----------------- Done invoking toplevel() on ptolemy.moml.MoMLSimpleApplication@28f47c9e
reloadAllAccessors: .Gaussian2

===========================================================================================
----------------- testing Sun Nov 01 15:58:29 UTC 2020 /home/travis/build/icyphy/ptII/ptolemy/actor/lib/test/auto/GradientAdaptiveLattice.xml
----------------- Instantiating /home/travis/build/icyphy/ptII/ptolemy/actor/lib/test/auto/GradientAdaptiveLattice.xml
5 ms. Memory: 686080K Free: 251775K (37%)
----------------- Invoking toplevel() on ptolemy.moml.MoMLSimpleApplication@2024523a
----------------- Done invoking toplevel() on ptolemy.moml.MoMLSimpleApplication@2024523a
reloadAllAccessors: .GradientAdaptiveLattice

===========================================================================================
----------------- testing Sun Nov 01 15:58:29 UTC 2020 /home/travis/build/icyphy/ptII/ptolemy/actor/lib/test/auto/IIR.xml
----------------- Instantiating /home/travis/build/icyphy/ptII/ptolemy/actor/lib/test/auto/IIR.xml
1 ms. Memory: 686080K Free: 247165K (36%)
----------------- Invoking toplevel() on ptolemy.moml.MoMLSimpleApplication@7742041c
----------------- Done invoking toplevel() on ptolemy.moml.MoMLSimpleApplication@7742041c
reloadAllAccessors: .IIR

===========================================================================================
----------------- testing Sun Nov 01 15:58:29 UTC 2020 /home/travis/build/icyphy/ptII/ptolemy/actor/lib/test/auto/InputOutputTransparentPorts.xml
----------------- Instantiating /home/travis/build/icyphy/ptII/ptolemy/actor/lib/test/auto/InputOutputTransparentPorts.xml
1 ms. Memory: 686080K Free: 239997K (35%)
----------------- Invoking toplevel() on ptolemy.moml.MoMLSimpleApplication@4901a251
----------------- Done invoking toplevel() on ptolemy.moml.MoMLSimpleApplication@4901a251
reloadAllAccessors: .InputOutputTransparentPorts

===========================================================================================
----------------- testing Sun Nov 01 15:58:29 UTC 2020 /home/travis/build/icyphy/ptII/ptolemy/actor/lib/test/auto/Interpolator.xml
----------------- Instantiating /home/travis/build/icyphy/ptII/ptolemy/actor/lib/test/auto/Interpolator.xml
4 ms. Memory: 686080K Free: 235901K (34%)
----------------- Invoking toplevel() on ptolemy.moml.MoMLSimpleApplication@19fe666b
----------------- Done invoking toplevel() on ptolemy.moml.MoMLSimpleApplication@19fe666b
reloadAllAccessors: .Interpolator

===========================================================================================
----------------- testing Sun Nov 01 15:58:29 UTC 2020 /home/travis/build/icyphy/ptII/ptolemy/actor/lib/test/auto/InterpolatorFiringLimitDE.xml
----------------- Instantiating /home/travis/build/icyphy/ptII/ptolemy/actor/lib/test/auto/InterpolatorFiringLimitDE.xml
2 ms. Memory: 686080K Free: 229757K (33%)
----------------- Invoking toplevel() on ptolemy.moml.MoMLSimpleApplication@5ccd1c7f
----------------- Done invoking toplevel() on ptolemy.moml.MoMLSimpleApplication@5ccd1c7f
reloadAllAccessors: .InterpolatorFiringLimitDE

===========================================================================================
----------------- testing Sun Nov 01 15:58:29 UTC 2020 /home/travis/build/icyphy/ptII/ptolemy/actor/lib/test/auto/Lattice.xml
----------------- Instantiating /home/travis/build/icyphy/ptII/ptolemy/actor/lib/test/auto/Lattice.xml
1 ms. Memory: 686080K Free: 225661K (33%)
----------------- Invoking toplevel() on ptolemy.moml.MoMLSimpleApplication@5c2d4306
----------------- Done invoking toplevel() on ptolemy.moml.MoMLSimpleApplication@5c2d4306
reloadAllAccessors: .Lattice

===========================================================================================
----------------- testing Sun Nov 01 15:58:29 UTC 2020 /home/travis/build/icyphy/ptII/ptolemy/actor/lib/test/auto/LazyAOCTestLazy.xml
----------------- Instantiating /home/travis/build/icyphy/ptII/ptolemy/actor/lib/test/auto/LazyAOCTestLazy.xml
15 ms. Memory: 686080K Free: 627391K (91%)
----------------- Invoking toplevel() on ptolemy.moml.MoMLSimpleApplication@207fc1c8
----------------- Done invoking toplevel() on ptolemy.moml.MoMLSimpleApplication@207fc1c8
reloadAllAccessors: .LazyAOCTestLazy

===========================================================================================
----------------- testing Sun Nov 01 15:58:29 UTC 2020 /home/travis/build/icyphy/ptII/ptolemy/actor/lib/test/auto/LazyAOCTestNonLazy.xml
----------------- Instantiating /home/travis/build/icyphy/ptII/ptolemy/actor/lib/test/auto/LazyAOCTestNonLazy.xml
2 ms. Memory: 686080K Free: 620751K (90%)
----------------- Invoking toplevel() on ptolemy.moml.MoMLSimpleApplication@3919c8b8
----------------- Done invoking toplevel() on ptolemy.moml.MoMLSimpleApplication@3919c8b8
reloadAllAccessors: .LazyAOCTestNonLazy

===========================================================================================
----------------- testing Sun Nov 01 15:58:29 UTC 2020 /home/travis/build/icyphy/ptII/ptolemy/actor/lib/test/auto/LazyInnerClass.xml
----------------- Instantiating /home/travis/build/icyphy/ptII/ptolemy/actor/lib/test/auto/LazyInnerClass.xml
18 ms. Memory: 686080K Free: 612031K (89%)
----------------- Invoking toplevel() on ptolemy.moml.MoMLSimpleApplication@17b51c09
----------------- Done invoking toplevel() on ptolemy.moml.MoMLSimpleApplication@17b51c09
reloadAllAccessors: .LazyInnerClass

===========================================================================================
----------------- testing Sun Nov 01 15:58:29 UTC 2020 /home/travis/build/icyphy/ptII/ptolemy/actor/lib/test/auto/LazyPubSub.xml
----------------- Instantiating /home/travis/build/icyphy/ptII/ptolemy/actor/lib/test/auto/LazyPubSub.xml
13 ms. Memory: 686080K Free: 601805K (88%)
----------------- Invoking toplevel() on ptolemy.moml.MoMLSimpleApplication@1697875b
----------------- Done invoking toplevel() on ptolemy.moml.MoMLSimpleApplication@1697875b
reloadAllAccessors: .LazyPubSub

===========================================================================================
----------------- testing Sun Nov 01 15:58:30 UTC 2020 /home/travis/build/icyphy/ptII/ptolemy/actor/lib/test/auto/LazyPubSub2.xml
----------------- Instantiating /home/travis/build/icyphy/ptII/ptolemy/actor/lib/test/auto/LazyPubSub2.xml
17 ms. Memory: 686080K Free: 591055K (86%)
----------------- Invoking toplevel() on ptolemy.moml.MoMLSimpleApplication@57e49ca9
----------------- Done invoking toplevel() on ptolemy.moml.MoMLSimpleApplication@57e49ca9
reloadAllAccessors: .LazyPubSub2

===========================================================================================
----------------- testing Sun Nov 01 15:58:30 UTC 2020 /home/travis/build/icyphy/ptII/ptolemy/actor/lib/test/auto/LazyPubSub3.xml
----------------- Instantiating /home/travis/build/icyphy/ptII/ptolemy/actor/lib/test/auto/LazyPubSub3.xml
11 ms. Memory: 686080K Free: 580815K (85%)
----------------- Invoking toplevel() on ptolemy.moml.MoMLSimpleApplication@5f0ae819
----------------- Done invoking toplevel() on ptolemy.moml.MoMLSimpleApplication@5f0ae819
reloadAllAccessors: .LazyPubSub3

===========================================================================================
----------------- testing Sun Nov 01 15:58:30 UTC 2020 /home/travis/build/icyphy/ptII/ptolemy/actor/lib/test/auto/LazySubClassModel.xml
----------------- Instantiating /home/travis/build/icyphy/ptII/ptolemy/actor/lib/test/auto/LazySubClassModel.xml
2 ms. Memory: 686080K Free: 571599K (83%)
----------------- Invoking toplevel() on ptolemy.moml.MoMLSimpleApplication@6177acff
----------------- Done invoking toplevel() on ptolemy.moml.MoMLSimpleApplication@6177acff
reloadAllAccessors: .LazySubClassModel

===========================================================================================
----------------- testing Sun Nov 01 15:58:30 UTC 2020 /home/travis/build/icyphy/ptII/ptolemy/actor/lib/test/auto/LevelCrossTest1.xml
----------------- Instantiating /home/travis/build/icyphy/ptII/ptolemy/actor/lib/test/auto/LevelCrossTest1.xml
1 ms. Memory: 686080K Free: 565965K (82%)
----------------- Invoking toplevel() on ptolemy.moml.MoMLSimpleApplication@70c9c7d8
----------------- Done invoking toplevel() on ptolemy.moml.MoMLSimpleApplication@70c9c7d8
reloadAllAccessors: .broken

===========================================================================================
----------------- testing Sun Nov 01 15:58:30 UTC 2020 /home/travis/build/icyphy/ptII/ptolemy/actor/lib/test/auto/LevelCrossTest10.xml
----------------- Instantiating /home/travis/build/icyphy/ptII/ptolemy/actor/lib/test/auto/LevelCrossTest10.xml
1 ms. Memory: 686080K Free: 557773K (81%)
----------------- Invoking toplevel() on ptolemy.moml.MoMLSimpleApplication@465fdc03
----------------- Done invoking toplevel() on ptolemy.moml.MoMLSimpleApplication@465fdc03
reloadAllAccessors: .LevelCrossTest10

===========================================================================================
----------------- testing Sun Nov 01 15:58:30 UTC 2020 /home/travis/build/icyphy/ptII/ptolemy/actor/lib/test/auto/LevelCrossTest11.xml
----------------- Instantiating /home/travis/build/icyphy/ptII/ptolemy/actor/lib/test/auto/LevelCrossTest11.xml
1 ms. Memory: 686080K Free: 551119K (80%)
----------------- Invoking toplevel() on ptolemy.moml.MoMLSimpleApplication@5728683f
----------------- Done invoking toplevel() on ptolemy.moml.MoMLSimpleApplication@5728683f
reloadAllAccessors: .LevelCrossTest11

===========================================================================================
----------------- testing Sun Nov 01 15:58:30 UTC 2020 /home/travis/build/icyphy/ptII/ptolemy/actor/lib/test/auto/LevelCrossTest12.xml
----------------- Instantiating /home/travis/build/icyphy/ptII/ptolemy/actor/lib/test/auto/LevelCrossTest12.xml
1 ms. Memory: 686080K Free: 543951K (79%)
----------------- Invoking toplevel() on ptolemy.moml.MoMLSimpleApplication@6adc5cf8
----------------- Done invoking toplevel() on ptolemy.moml.MoMLSimpleApplication@6adc5cf8
reloadAllAccessors: .LevelCrossTest12

===========================================================================================
----------------- testing Sun Nov 01 15:58:30 UTC 2020 /home/travis/build/icyphy/ptII/ptolemy/actor/lib/test/auto/LevelCrossTest13.xml
----------------- Instantiating /home/travis/build/icyphy/ptII/ptolemy/actor/lib/test/auto/LevelCrossTest13.xml
3 ms. Memory: 686080K Free: 536269K (78%)
----------------- Invoking toplevel() on ptolemy.moml.MoMLSimpleApplication@1630e629
----------------- Done invoking toplevel() on ptolemy.moml.MoMLSimpleApplication@1630e629
reloadAllAccessors: .LevelCrossTest13

===========================================================================================
----------------- testing Sun Nov 01 15:58:30 UTC 2020 /home/travis/build/icyphy/ptII/ptolemy/actor/lib/test/auto/LevelCrossTest2.xml
----------------- Instantiating /home/travis/build/icyphy/ptII/ptolemy/actor/lib/test/auto/LevelCrossTest2.xml
1 ms. Memory: 686080K Free: 530125K (77%)
----------------- Invoking toplevel() on ptolemy.moml.MoMLSimpleApplication@42afebc6
----------------- Done invoking toplevel() on ptolemy.moml.MoMLSimpleApplication@42afebc6
reloadAllAccessors: .broken

===========================================================================================
----------------- testing Sun Nov 01 15:58:30 UTC 2020 /home/travis/build/icyphy/ptII/ptolemy/actor/lib/test/auto/LevelCrossTest3.xml
----------------- Instantiating /home/travis/build/icyphy/ptII/ptolemy/actor/lib/test/auto/LevelCrossTest3.xml
2 ms. Memory: 686080K Free: 523471K (76%)
----------------- Invoking toplevel() on ptolemy.moml.MoMLSimpleApplication@1cce0767
----------------- Done invoking toplevel() on ptolemy.moml.MoMLSimpleApplication@1cce0767
reloadAllAccessors: .LevelCrossTest3

===========================================================================================
----------------- testing Sun Nov 01 15:58:30 UTC 2020 /home/travis/build/icyphy/ptII/ptolemy/actor/lib/test/auto/LevelCrossTest4.xml
----------------- Instantiating /home/travis/build/icyphy/ptII/ptolemy/actor/lib/test/auto/LevelCrossTest4.xml
1 ms. Memory: 686080K Free: 518351K (76%)
----------------- Invoking toplevel() on ptolemy.moml.MoMLSimpleApplication@3d7f6d5b
----------------- Done invoking toplevel() on ptolemy.moml.MoMLSimpleApplication@3d7f6d5b
reloadAllAccessors: .broken

===========================================================================================
----------------- testing Sun Nov 01 15:58:30 UTC 2020 /home/travis/build/icyphy/ptII/ptolemy/actor/lib/test/auto/LevelCrossTest5.xml
----------------- Instantiating /home/travis/build/icyphy/ptII/ptolemy/actor/lib/test/auto/LevelCrossTest5.xml
9 ms. Memory: 686080K Free: 511183K (75%)
----------------- Invoking toplevel() on ptolemy.moml.MoMLSimpleApplication@3b357230
----------------- Done invoking toplevel() on ptolemy.moml.MoMLSimpleApplication@3b357230
reloadAllAccessors: .LevelCrossTest5

===========================================================================================
----------------- testing Sun Nov 01 15:58:30 UTC 2020 /home/travis/build/icyphy/ptII/ptolemy/actor/lib/test/auto/LevelCrossTest6.xml
----------------- Instantiating /home/travis/build/icyphy/ptII/ptolemy/actor/lib/test/auto/LevelCrossTest6.xml
2 ms. Memory: 686080K Free: 504525K (74%)
----------------- Invoking toplevel() on ptolemy.moml.MoMLSimpleApplication@45d2e642
----------------- Done invoking toplevel() on ptolemy.moml.MoMLSimpleApplication@45d2e642
reloadAllAccessors: .LevelCrossTest6

===========================================================================================
----------------- testing Sun Nov 01 15:58:30 UTC 2020 /home/travis/build/icyphy/ptII/ptolemy/actor/lib/test/auto/LevelCrossTest7.xml
----------------- Instantiating /home/travis/build/icyphy/ptII/ptolemy/actor/lib/test/auto/LevelCrossTest7.xml
1 ms. Memory: 686080K Free: 496847K (72%)
----------------- Invoking toplevel() on ptolemy.moml.MoMLSimpleApplication@3a738b3
----------------- Done invoking toplevel() on ptolemy.moml.MoMLSimpleApplication@3a738b3
reloadAllAccessors: .LevelCrossTest7

===========================================================================================
----------------- testing Sun Nov 01 15:58:30 UTC 2020 /home/travis/build/icyphy/ptII/ptolemy/actor/lib/test/auto/LevelCrossTest8.xml
----------------- Instantiating /home/travis/build/icyphy/ptII/ptolemy/actor/lib/test/auto/LevelCrossTest8.xml
1 ms. Memory: 686080K Free: 489679K (71%)
----------------- Invoking toplevel() on ptolemy.moml.MoMLSimpleApplication@1523f2ae
----------------- Done invoking toplevel() on ptolemy.moml.MoMLSimpleApplication@1523f2ae
reloadAllAccessors: .LevelCrossTest8

===========================================================================================
----------------- testing Sun Nov 01 15:58:30 UTC 2020 /home/travis/build/icyphy/ptII/ptolemy/actor/lib/test/auto/LevelCrossTest9.xml
----------------- Instantiating /home/travis/build/icyphy/ptII/ptolemy/actor/lib/test/auto/LevelCrossTest9.xml
1 ms. Memory: 686080K Free: 481997K (70%)
----------------- Invoking toplevel() on ptolemy.moml.MoMLSimpleApplication@7184e33e
----------------- Done invoking toplevel() on ptolemy.moml.MoMLSimpleApplication@7184e33e
reloadAllAccessors: .LevelCrossTest9

===========================================================================================
----------------- testing Sun Nov 01 15:58:30 UTC 2020 /home/travis/build/icyphy/ptII/ptolemy/actor/lib/test/auto/LevinsonDurbin.xml
----------------- Instantiating /home/travis/build/icyphy/ptII/ptolemy/actor/lib/test/auto/LevinsonDurbin.xml
1 ms. Memory: 686080K Free: 478415K (70%)
----------------- Invoking toplevel() on ptolemy.moml.MoMLSimpleApplication@1b750704
----------------- Done invoking toplevel() on ptolemy.moml.MoMLSimpleApplication@1b750704
reloadAllAccessors: .LevinsonDurbin

===========================================================================================
----------------- testing Sun Nov 01 15:58:30 UTC 2020 /home/travis/build/icyphy/ptII/ptolemy/actor/lib/test/auto/LevinsonDurbin2.xml
----------------- Instantiating /home/travis/build/icyphy/ptII/ptolemy/actor/lib/test/auto/LevinsonDurbin2.xml
1 ms. Memory: 686080K Free: 474319K (69%)
----------------- Invoking toplevel() on ptolemy.moml.MoMLSimpleApplication@3ab8998a
----------------- Done invoking toplevel() on ptolemy.moml.MoMLSimpleApplication@3ab8998a
reloadAllAccessors: .LevinsonDurbin2

===========================================================================================
----------------- testing Sun Nov 01 15:58:30 UTC 2020 /home/travis/build/icyphy/ptII/ptolemy/actor/lib/test/auto/LevinsonDurbin3.xml
----------------- Instantiating /home/travis/build/icyphy/ptII/ptolemy/actor/lib/test/auto/LevinsonDurbin3.xml
2 ms. Memory: 686080K Free: 470223K (69%)
----------------- Invoking toplevel() on ptolemy.moml.MoMLSimpleApplication@6f12110d
----------------- Done invoking toplevel() on ptolemy.moml.MoMLSimpleApplication@6f12110d
reloadAllAccessors: .LevinsonDurbin3

===========================================================================================
----------------- testing Sun Nov 01 15:58:30 UTC 2020 /home/travis/build/icyphy/ptII/ptolemy/actor/lib/test/auto/Limiter.xml
----------------- Instantiating /home/travis/build/icyphy/ptII/ptolemy/actor/lib/test/auto/Limiter.xml
5 ms. Memory: 686080K Free: 461007K (67%)
----------------- Invoking toplevel() on ptolemy.moml.MoMLSimpleApplication@7346b97b
----------------- Done invoking toplevel() on ptolemy.moml.MoMLSimpleApplication@7346b97b
reloadAllAccessors: .Limiter

===========================================================================================
----------------- testing Sun Nov 01 15:58:30 UTC 2020 /home/travis/build/icyphy/ptII/ptolemy/actor/lib/test/auto/LinearDifferenceEquationSystem.xml
----------------- Instantiating /home/travis/build/icyphy/ptII/ptolemy/actor/lib/test/auto/LinearDifferenceEquationSystem.xml
4 ms. Memory: 686080K Free: 453325K (66%)
----------------- Invoking toplevel() on ptolemy.moml.MoMLSimpleApplication@75f4185a
----------------- Done invoking toplevel() on ptolemy.moml.MoMLSimpleApplication@75f4185a
reloadAllAccessors: .LinearDifferenceEquationSystem

===========================================================================================
----------------- testing Sun Nov 01 15:58:30 UTC 2020 /home/travis/build/icyphy/ptII/ptolemy/actor/lib/test/auto/LookupTable.xml
----------------- Instantiating /home/travis/build/icyphy/ptII/ptolemy/actor/lib/test/auto/LookupTable.xml
1 ms. Memory: 686080K Free: 448719K (65%)
----------------- Invoking toplevel() on ptolemy.moml.MoMLSimpleApplication@41f0c447
----------------- Done invoking toplevel() on ptolemy.moml.MoMLSimpleApplication@41f0c447
reloadAllAccessors: .LookupTable

===========================================================================================
----------------- testing Sun Nov 01 15:58:30 UTC 2020 /home/travis/build/icyphy/ptII/ptolemy/actor/lib/test/auto/MathFunction.xml
----------------- Instantiating /home/travis/build/icyphy/ptII/ptolemy/actor/lib/test/auto/MathFunction.xml
1 ms. Memory: 686080K Free: 440527K (64%)
----------------- Invoking toplevel() on ptolemy.moml.MoMLSimpleApplication@2c610e3c
----------------- Done invoking toplevel() on ptolemy.moml.MoMLSimpleApplication@2c610e3c
reloadAllAccessors: .MathFunction

===========================================================================================
----------------- testing Sun Nov 01 15:58:30 UTC 2020 /home/travis/build/icyphy/ptII/ptolemy/actor/lib/test/auto/MathFunction2.xml
----------------- Instantiating /home/travis/build/icyphy/ptII/ptolemy/actor/lib/test/auto/MathFunction2.xml
4 ms. Memory: 686080K Free: 436431K (64%)
----------------- Invoking toplevel() on ptolemy.moml.MoMLSimpleApplication@5beb64cc
----------------- Done invoking toplevel() on ptolemy.moml.MoMLSimpleApplication@5beb64cc
reloadAllAccessors: .MathFunction2

===========================================================================================
----------------- testing Sun Nov 01 15:58:30 UTC 2020 /home/travis/build/icyphy/ptII/ptolemy/actor/lib/test/auto/MathFunction3.xml
----------------- Instantiating /home/travis/build/icyphy/ptII/ptolemy/actor/lib/test/auto/MathFunction3.xml
2 ms. Memory: 686080K Free: 429263K (63%)
----------------- Invoking toplevel() on ptolemy.moml.MoMLSimpleApplication@3347712e
----------------- Done invoking toplevel() on ptolemy.moml.MoMLSimpleApplication@3347712e
reloadAllAccessors: .MathFunction3

===========================================================================================
----------------- testing Sun Nov 01 15:58:30 UTC 2020 /home/travis/build/icyphy/ptII/ptolemy/actor/lib/test/auto/MatrixCropBoolean.xml
----------------- Instantiating /home/travis/build/icyphy/ptII/ptolemy/actor/lib/test/auto/MatrixCropBoolean.xml
6 ms. Memory: 686080K Free: 424143K (62%)
----------------- Invoking toplevel() on ptolemy.moml.MoMLSimpleApplication@18ae26db
----------------- Done invoking toplevel() on ptolemy.moml.MoMLSimpleApplication@18ae26db
reloadAllAccessors: .MatrixCropBoolean

===========================================================================================
----------------- testing Sun Nov 01 15:58:30 UTC 2020 /home/travis/build/icyphy/ptII/ptolemy/actor/lib/test/auto/MatrixCropComplex.xml
----------------- Instantiating /home/travis/build/icyphy/ptII/ptolemy/actor/lib/test/auto/MatrixCropComplex.xml
1 ms. Memory: 686080K Free: 419023K (61%)
----------------- Invoking toplevel() on ptolemy.moml.MoMLSimpleApplication@2c709536
----------------- Done invoking toplevel() on ptolemy.moml.MoMLSimpleApplication@2c709536
reloadAllAccessors: .MatrixCropComplex

===========================================================================================
----------------- testing Sun Nov 01 15:58:30 UTC 2020 /home/travis/build/icyphy/ptII/ptolemy/actor/lib/test/auto/MatrixCropDouble.xml
----------------- Instantiating /home/travis/build/icyphy/ptII/ptolemy/actor/lib/test/auto/MatrixCropDouble.xml
1 ms. Memory: 686080K Free: 413903K (60%)
----------------- Invoking toplevel() on ptolemy.moml.MoMLSimpleApplication@34ac0a5
----------------- Done invoking toplevel() on ptolemy.moml.MoMLSimpleApplication@34ac0a5
reloadAllAccessors: .MatrixCropDouble

===========================================================================================
----------------- testing Sun Nov 01 15:58:30 UTC 2020 /home/travis/build/icyphy/ptII/ptolemy/actor/lib/test/auto/MatrixCropFix.xml
----------------- Instantiating /home/travis/build/icyphy/ptII/ptolemy/actor/lib/test/auto/MatrixCropFix.xml
1 ms. Memory: 686080K Free: 408783K (60%)
----------------- Invoking toplevel() on ptolemy.moml.MoMLSimpleApplication@3dfdc16a
----------------- Done invoking toplevel() on ptolemy.moml.MoMLSimpleApplication@3dfdc16a
reloadAllAccessors: .MatrixCropFix

===========================================================================================
----------------- testing Sun Nov 01 15:58:30 UTC 2020 /home/travis/build/icyphy/ptII/ptolemy/actor/lib/test/auto/MatrixCropInt.xml
----------------- Instantiating /home/travis/build/icyphy/ptII/ptolemy/actor/lib/test/auto/MatrixCropInt.xml
2 ms. Memory: 686080K Free: 403663K (59%)
----------------- Invoking toplevel() on ptolemy.moml.MoMLSimpleApplication@1cd27b16
----------------- Done invoking toplevel() on ptolemy.moml.MoMLSimpleApplication@1cd27b16
reloadAllAccessors: .MatrixCropInt

===========================================================================================
----------------- testing Sun Nov 01 15:58:30 UTC 2020 /home/travis/build/icyphy/ptII/ptolemy/actor/lib/test/auto/MatrixCropLong.xml
----------------- Instantiating /home/travis/build/icyphy/ptII/ptolemy/actor/lib/test/auto/MatrixCropLong.xml
2 ms. Memory: 686080K Free: 398543K (58%)
----------------- Invoking toplevel() on ptolemy.moml.MoMLSimpleApplication@7262dc00
----------------- Done invoking toplevel() on ptolemy.moml.MoMLSimpleApplication@7262dc00
reloadAllAccessors: .MatrixCropLong

===========================================================================================
----------------- testing Sun Nov 01 15:58:30 UTC 2020 /home/travis/build/icyphy/ptII/ptolemy/actor/lib/test/auto/MatrixToArray.xml
----------------- Instantiating /home/travis/build/icyphy/ptII/ptolemy/actor/lib/test/auto/MatrixToArray.xml
10 ms. Memory: 686080K Free: 383693K (56%)
----------------- Invoking toplevel() on ptolemy.moml.MoMLSimpleApplication@5fbbf6eb
----------------- Done invoking toplevel() on ptolemy.moml.MoMLSimpleApplication@5fbbf6eb
reloadAllAccessors: .MatrixToArray

===========================================================================================
----------------- testing Sun Nov 01 15:58:30 UTC 2020 /home/travis/build/icyphy/ptII/ptolemy/actor/lib/test/auto/MaxIndex.xml
----------------- Instantiating /home/travis/build/icyphy/ptII/ptolemy/actor/lib/test/auto/MaxIndex.xml
3 ms. Memory: 686080K Free: 378573K (55%)
----------------- Invoking toplevel() on ptolemy.moml.MoMLSimpleApplication@7a602a0f
----------------- Done invoking toplevel() on ptolemy.moml.MoMLSimpleApplication@7a602a0f
reloadAllAccessors: .MaxIndex

===========================================================================================
----------------- testing Sun Nov 01 15:58:30 UTC 2020 /home/travis/build/icyphy/ptII/ptolemy/actor/lib/test/auto/Maximum.xml
----------------- Instantiating /home/travis/build/icyphy/ptII/ptolemy/actor/lib/test/auto/Maximum.xml
2 ms. Memory: 686080K Free: 371919K (54%)
----------------- Invoking toplevel() on ptolemy.moml.MoMLSimpleApplication@8f7e836
----------------- Done invoking toplevel() on ptolemy.moml.MoMLSimpleApplication@8f7e836
reloadAllAccessors: .Maximum

===========================================================================================
----------------- testing Sun Nov 01 15:58:30 UTC 2020 /home/travis/build/icyphy/ptII/ptolemy/actor/lib/test/auto/MaximumComplex.xml
----------------- Instantiating /home/travis/build/icyphy/ptII/ptolemy/actor/lib/test/auto/MaximumComplex.xml
4 ms. Memory: 686080K Free: 365775K (53%)
----------------- Invoking toplevel() on ptolemy.moml.MoMLSimpleApplication@3b57db2c
----------------- Done invoking toplevel() on ptolemy.moml.MoMLSimpleApplication@3b57db2c
reloadAllAccessors: .MaximumComplex

===========================================================================================
----------------- testing Sun Nov 01 15:58:30 UTC 2020 /home/travis/build/icyphy/ptII/ptolemy/actor/lib/test/auto/MethodCallTest.xml
----------------- Instantiating /home/travis/build/icyphy/ptII/ptolemy/actor/lib/test/auto/MethodCallTest.xml
2 ms. Memory: 686080K Free: 359117K (52%)
----------------- Invoking toplevel() on ptolemy.moml.MoMLSimpleApplication@7fbca375
----------------- Done invoking toplevel() on ptolemy.moml.MoMLSimpleApplication@7fbca375
reloadAllAccessors: .MethodCallTest

===========================================================================================
----------------- testing Sun Nov 01 15:58:30 UTC 2020 /home/travis/build/icyphy/ptII/ptolemy/actor/lib/test/auto/Minimum.xml
----------------- Instantiating /home/travis/build/icyphy/ptII/ptolemy/actor/lib/test/auto/Minimum.xml
2 ms. Memory: 686080K Free: 352463K (51%)
----------------- Invoking toplevel() on ptolemy.moml.MoMLSimpleApplication@27973697
----------------- Done invoking toplevel() on ptolemy.moml.MoMLSimpleApplication@27973697
reloadAllAccessors: .Minimum

===========================================================================================
----------------- testing Sun Nov 01 15:58:30 UTC 2020 /home/travis/build/icyphy/ptII/ptolemy/actor/lib/test/auto/MinimumComplex.xml
----------------- Instantiating /home/travis/build/icyphy/ptII/ptolemy/actor/lib/test/auto/MinimumComplex.xml
3 ms. Memory: 686080K Free: 345791K (50%)
----------------- Invoking toplevel() on ptolemy.moml.MoMLSimpleApplication@3f87ae16
----------------- Done invoking toplevel() on ptolemy.moml.MoMLSimpleApplication@3f87ae16
reloadAllAccessors: .MinimumComplex

===========================================================================================
----------------- testing Sun Nov 01 15:58:30 UTC 2020 /home/travis/build/icyphy/ptII/ptolemy/actor/lib/test/auto/MinimumMultiports.xml
----------------- Instantiating /home/travis/build/icyphy/ptII/ptolemy/actor/lib/test/auto/MinimumMultiports.xml
4 ms. Memory: 686080K Free: 337103K (49%)
----------------- Invoking toplevel() on ptolemy.moml.MoMLSimpleApplication@69d418d8
----------------- Done invoking toplevel() on ptolemy.moml.MoMLSimpleApplication@69d418d8
reloadAllAccessors: .MinimumMultiports

===========================================================================================
----------------- testing Sun Nov 01 15:58:30 UTC 2020 /home/travis/build/icyphy/ptII/ptolemy/actor/lib/test/auto/ModifyDate.xml
----------------- Instantiating /home/travis/build/icyphy/ptII/ptolemy/actor/lib/test/auto/ModifyDate.xml
7 ms. Memory: 686080K Free: 324301K (47%)
----------------- Invoking toplevel() on ptolemy.moml.MoMLSimpleApplication@345a3f3e
----------------- Done invoking toplevel() on ptolemy.moml.MoMLSimpleApplication@345a3f3e
reloadAllAccessors: .ModifyDate

===========================================================================================
----------------- testing Sun Nov 01 15:58:30 UTC 2020 /home/travis/build/icyphy/ptII/ptolemy/actor/lib/test/auto/ModifyDate2.xml
----------------- Instantiating /home/travis/build/icyphy/ptII/ptolemy/actor/lib/test/auto/ModifyDate2.xml
7 ms. Memory: 686080K Free: 315599K (46%)
----------------- Invoking toplevel() on ptolemy.moml.MoMLSimpleApplication@6740858d
----------------- Done invoking toplevel() on ptolemy.moml.MoMLSimpleApplication@6740858d
reloadAllAccessors: .ModifyDate2

===========================================================================================
----------------- testing Sun Nov 01 15:58:30 UTC 2020 /home/travis/build/icyphy/ptII/ptolemy/actor/lib/test/auto/MovingAverage.xml
----------------- Instantiating /home/travis/build/icyphy/ptII/ptolemy/actor/lib/test/auto/MovingAverage.xml
1 ms. Memory: 686080K Free: 310479K (45%)
----------------- Invoking toplevel() on ptolemy.moml.MoMLSimpleApplication@e997215
----------------- Done invoking toplevel() on ptolemy.moml.MoMLSimpleApplication@e997215
reloadAllAccessors: .MovingAverage

===========================================================================================
----------------- testing Sun Nov 01 15:58:30 UTC 2020 /home/travis/build/icyphy/ptII/ptolemy/actor/lib/test/auto/MovingMaximum.xml
----------------- Instantiating /home/travis/build/icyphy/ptII/ptolemy/actor/lib/test/auto/MovingMaximum.xml
2 ms. Memory: 686080K Free: 306383K (45%)
----------------- Invoking toplevel() on ptolemy.moml.MoMLSimpleApplication@6c7ce1ff
----------------- Done invoking toplevel() on ptolemy.moml.MoMLSimpleApplication@6c7ce1ff
reloadAllAccessors: .MovingMaximum

===========================================================================================
----------------- testing Sun Nov 01 15:58:30 UTC 2020 /home/travis/build/icyphy/ptII/ptolemy/actor/lib/test/auto/MultipleLinksToSameRelation.xml
----------------- Instantiating /home/travis/build/icyphy/ptII/ptolemy/actor/lib/test/auto/MultipleLinksToSameRelation.xml
5 ms. Memory: 686080K Free: 302287K (44%)
----------------- Invoking toplevel() on ptolemy.moml.MoMLSimpleApplication@2000991
----------------- Done invoking toplevel() on ptolemy.moml.MoMLSimpleApplication@2000991
reloadAllAccessors: .MultipleLinksToSameRelation

===========================================================================================
----------------- testing Sun Nov 01 15:58:30 UTC 2020 /home/travis/build/icyphy/ptII/ptolemy/actor/lib/test/auto/MultipleLinksToSameRelationDE.xml
----------------- Instantiating /home/travis/build/icyphy/ptII/ptolemy/actor/lib/test/auto/MultipleLinksToSameRelationDE.xml
10 ms. Memory: 686080K Free: 297647K (43%)
----------------- Invoking toplevel() on ptolemy.moml.MoMLSimpleApplication@473088ea
----------------- Done invoking toplevel() on ptolemy.moml.MoMLSimpleApplication@473088ea
reloadAllAccessors: .MultipleLinksToSameRelationDE

===========================================================================================
----------------- testing Sun Nov 01 15:58:30 UTC 2020 /home/travis/build/icyphy/ptII/ptolemy/actor/lib/test/auto/Multiplexor.xml
----------------- Instantiating /home/travis/build/icyphy/ptII/ptolemy/actor/lib/test/auto/Multiplexor.xml
1 ms. Memory: 686080K Free: 292047K (43%)
----------------- Invoking toplevel() on ptolemy.moml.MoMLSimpleApplication@2e61517c
----------------- Done invoking toplevel() on ptolemy.moml.MoMLSimpleApplication@2e61517c
reloadAllAccessors: .Multiplexor

===========================================================================================
----------------- testing Sun Nov 01 15:58:30 UTC 2020 /home/travis/build/icyphy/ptII/ptolemy/actor/lib/test/auto/Multiplexor1.xml
----------------- Instantiating /home/travis/build/icyphy/ptII/ptolemy/actor/lib/test/auto/Multiplexor1.xml
2 ms. Memory: 686080K Free: 286383K (42%)
----------------- Invoking toplevel() on ptolemy.moml.MoMLSimpleApplication@36ebdb2d
----------------- Done invoking toplevel() on ptolemy.moml.MoMLSimpleApplication@36ebdb2d
reloadAllAccessors: .Multiplexor1

===========================================================================================
----------------- testing Sun Nov 01 15:58:30 UTC 2020 /home/travis/build/icyphy/ptII/ptolemy/actor/lib/test/auto/Multiplexor2.xml
----------------- Instantiating /home/travis/build/icyphy/ptII/ptolemy/actor/lib/test/auto/Multiplexor2.xml
5 ms. Memory: 686080K Free: 279759K (41%)
----------------- Invoking toplevel() on ptolemy.moml.MoMLSimpleApplication@5cf80d56
----------------- Done invoking toplevel() on ptolemy.moml.MoMLSimpleApplication@5cf80d56
reloadAllAccessors: .Multiplexor2

===========================================================================================
----------------- testing Sun Nov 01 15:58:31 UTC 2020 /home/travis/build/icyphy/ptII/ptolemy/actor/lib/test/auto/Multiplexor3.xml
----------------- Instantiating /home/travis/build/icyphy/ptII/ptolemy/actor/lib/test/auto/Multiplexor3.xml
3 ms. Memory: 686080K Free: 275663K (40%)
----------------- Invoking toplevel() on ptolemy.moml.MoMLSimpleApplication@26d0a054
----------------- Done invoking toplevel() on ptolemy.moml.MoMLSimpleApplication@26d0a054
reloadAllAccessors: .Multiplexor3

===========================================================================================
----------------- testing Sun Nov 01 15:58:31 UTC 2020 /home/travis/build/icyphy/ptII/ptolemy/actor/lib/test/auto/MultiplexorDE.xml
----------------- Instantiating /home/travis/build/icyphy/ptII/ptolemy/actor/lib/test/auto/MultiplexorDE.xml
2 ms. Memory: 686080K Free: 267967K (39%)
----------------- Invoking toplevel() on ptolemy.moml.MoMLSimpleApplication@55bfffb2
----------------- Done invoking toplevel() on ptolemy.moml.MoMLSimpleApplication@55bfffb2
reloadAllAccessors: .MultiplexorDE

===========================================================================================
----------------- testing Sun Nov 01 15:58:31 UTC 2020 /home/travis/build/icyphy/ptII/ptolemy/actor/lib/test/auto/MultiportBroadcastTest.xml
----------------- Instantiating /home/travis/build/icyphy/ptII/ptolemy/actor/lib/test/auto/MultiportBroadcastTest.xml
90 ms. Memory: 686080K Free: 261837K (38%)
----------------- Invoking toplevel() on ptolemy.moml.MoMLSimpleApplication@7d11e494
----------------- Done invoking toplevel() on ptolemy.moml.MoMLSimpleApplication@7d11e494
reloadAllAccessors: .MultiportBroadcastTest

===========================================================================================
----------------- testing Sun Nov 01 15:58:31 UTC 2020 /home/travis/build/icyphy/ptII/ptolemy/actor/lib/test/auto/MultiportOutHangDuringGetWidth.xml
----------------- Instantiating /home/travis/build/icyphy/ptII/ptolemy/actor/lib/test/auto/MultiportOutHangDuringGetWidth.xml
4 ms. Memory: 686080K Free: 249535K (36%)
----------------- Invoking toplevel() on ptolemy.moml.MoMLSimpleApplication@53c6f80e
----------------- Done invoking toplevel() on ptolemy.moml.MoMLSimpleApplication@53c6f80e
reloadAllAccessors: .MultiportOutHangDuringGetWidth

===========================================================================================
----------------- testing Sun Nov 01 15:58:31 UTC 2020 /home/travis/build/icyphy/ptII/ptolemy/actor/lib/test/auto/NilToken.xml
----------------- Instantiating /home/travis/build/icyphy/ptII/ptolemy/actor/lib/test/auto/NilToken.xml
1 ms. Memory: 686080K Free: 244943K (36%)
----------------- Invoking toplevel() on ptolemy.moml.MoMLSimpleApplication@79ea30d6
----------------- Done invoking toplevel() on ptolemy.moml.MoMLSimpleApplication@79ea30d6
reloadAllAccessors: .NilToken

===========================================================================================
----------------- testing Sun Nov 01 15:58:31 UTC 2020 /home/travis/build/icyphy/ptII/ptolemy/actor/lib/test/auto/NilTokenNonStrictTest.xml
----------------- Instantiating /home/travis/build/icyphy/ptII/ptolemy/actor/lib/test/auto/NilTokenNonStrictTest.xml
1 ms. Memory: 686080K Free: 239823K (35%)
----------------- Invoking toplevel() on ptolemy.moml.MoMLSimpleApplication@56256c81
----------------- Done invoking toplevel() on ptolemy.moml.MoMLSimpleApplication@56256c81
reloadAllAccessors: .NilTokenNonStrictTest

===========================================================================================
----------------- testing Sun Nov 01 15:58:31 UTC 2020 /home/travis/build/icyphy/ptII/ptolemy/actor/lib/test/auto/NilTokenRecord.xml
----------------- Instantiating /home/travis/build/icyphy/ptII/ptolemy/actor/lib/test/auto/NilTokenRecord.xml
11 ms. Memory: 686080K Free: 233165K (34%)
----------------- Invoking toplevel() on ptolemy.moml.MoMLSimpleApplication@43c74a77
----------------- Done invoking toplevel() on ptolemy.moml.MoMLSimpleApplication@43c74a77
reloadAllAccessors: .NilTokenRecord

===========================================================================================
----------------- testing Sun Nov 01 15:58:31 UTC 2020 /home/travis/build/icyphy/ptII/ptolemy/actor/lib/test/auto/NilTokenTypeTest.xml
----------------- Instantiating /home/travis/build/icyphy/ptII/ptolemy/actor/lib/test/auto/NilTokenTypeTest.xml
13 ms. Memory: 686080K Free: 630689K (92%)
----------------- Invoking toplevel() on ptolemy.moml.MoMLSimpleApplication@2743be8b
----------------- Done invoking toplevel() on ptolemy.moml.MoMLSimpleApplication@2743be8b
reloadAllAccessors: .NilTokenTypeTest

===========================================================================================
----------------- testing Sun Nov 01 15:58:31 UTC 2020 /home/travis/build/icyphy/ptII/ptolemy/actor/lib/test/auto/ObjectToken1.xml
----------------- Instantiating /home/travis/build/icyphy/ptII/ptolemy/actor/lib/test/auto/ObjectToken1.xml
2 ms. Memory: 686080K Free: 626079K (91%)
----------------- Invoking toplevel() on ptolemy.moml.MoMLSimpleApplication@28cf4e7e
----------------- Done invoking toplevel() on ptolemy.moml.MoMLSimpleApplication@28cf4e7e
reloadAllAccessors: .ObjectToken1

===========================================================================================
----------------- testing Sun Nov 01 15:58:31 UTC 2020 /home/travis/build/icyphy/ptII/ptolemy/actor/lib/test/auto/OrderedMerge.xml
----------------- Instantiating /home/travis/build/icyphy/ptII/ptolemy/actor/lib/test/auto/OrderedMerge.xml
12 ms. Memory: 686080K Free: 620449K (90%)
----------------- Invoking toplevel() on ptolemy.moml.MoMLSimpleApplication@78319d91
----------------- Done invoking toplevel() on ptolemy.moml.MoMLSimpleApplication@78319d91
reloadAllAccessors: .OrderedMerge

===========================================================================================
----------------- testing Sun Nov 01 15:58:31 UTC 2020 /home/travis/build/icyphy/ptII/ptolemy/actor/lib/test/auto/OrderedRecordDisassembler.xml
----------------- Instantiating /home/travis/build/icyphy/ptII/ptolemy/actor/lib/test/auto/OrderedRecordDisassembler.xml
2 ms. Memory: 686080K Free: 615329K (90%)
----------------- Invoking toplevel() on ptolemy.moml.MoMLSimpleApplication@209f78bf
----------------- Done invoking toplevel() on ptolemy.moml.MoMLSimpleApplication@209f78bf
reloadAllAccessors: .OrderedRecordDisassembler

===========================================================================================
----------------- testing Sun Nov 01 15:58:31 UTC 2020 /home/travis/build/icyphy/ptII/ptolemy/actor/lib/test/auto/OrderedRecordDisassembler2.xml
----------------- Instantiating /home/travis/build/icyphy/ptII/ptolemy/actor/lib/test/auto/OrderedRecordDisassembler2.xml
8 ms. Memory: 686080K Free: 607633K (89%)
----------------- Invoking toplevel() on ptolemy.moml.MoMLSimpleApplication@630c89c5
----------------- Done invoking toplevel() on ptolemy.moml.MoMLSimpleApplication@630c89c5
reloadAllAccessors: .OrderedRecordDisassembler2

===========================================================================================
----------------- testing Sun Nov 01 15:58:31 UTC 2020 /home/travis/build/icyphy/ptII/ptolemy/actor/lib/test/auto/OrderedRecordUpdater.xml
----------------- Instantiating /home/travis/build/icyphy/ptII/ptolemy/actor/lib/test/auto/OrderedRecordUpdater.xml
1 ms. Memory: 686080K Free: 602527K (88%)
----------------- Invoking toplevel() on ptolemy.moml.MoMLSimpleApplication@2125b35d
----------------- Done invoking toplevel() on ptolemy.moml.MoMLSimpleApplication@2125b35d
reloadAllAccessors: .RecordUpdater

===========================================================================================
----------------- testing Sun Nov 01 15:58:31 UTC 2020 /home/travis/build/icyphy/ptII/ptolemy/actor/lib/test/auto/OrderedRecordUpdater2.xml
----------------- Instantiating /home/travis/build/icyphy/ptII/ptolemy/actor/lib/test/auto/OrderedRecordUpdater2.xml
3 ms. Memory: 686080K Free: 597407K (87%)
----------------- Invoking toplevel() on ptolemy.moml.MoMLSimpleApplication@1df3f197
----------------- Done invoking toplevel() on ptolemy.moml.MoMLSimpleApplication@1df3f197
reloadAllAccessors: .RecordUpdater2

===========================================================================================
----------------- testing Sun Nov 01 15:58:31 UTC 2020 /home/travis/build/icyphy/ptII/ptolemy/actor/lib/test/auto/PhaseUnwrap.xml
----------------- Instantiating /home/travis/build/icyphy/ptII/ptolemy/actor/lib/test/auto/PhaseUnwrap.xml
1 ms. Memory: 686080K Free: 592801K (86%)
----------------- Invoking toplevel() on ptolemy.moml.MoMLSimpleApplication@4a1bf0dc
----------------- Done invoking toplevel() on ptolemy.moml.MoMLSimpleApplication@4a1bf0dc
reloadAllAccessors: .PhaseUnwrap

===========================================================================================
----------------- testing Sun Nov 01 15:58:31 UTC 2020 /home/travis/build/icyphy/ptII/ptolemy/actor/lib/test/auto/PoissonClock.xml
----------------- Instantiating /home/travis/build/icyphy/ptII/ptolemy/actor/lib/test/auto/PoissonClock.xml
1 ms. Memory: 686080K Free: 588705K (86%)
----------------- Invoking toplevel() on ptolemy.moml.MoMLSimpleApplication@5ee277a1
----------------- Done invoking toplevel() on ptolemy.moml.MoMLSimpleApplication@5ee277a1
reloadAllAccessors: .PoissonClock

===========================================================================================
----------------- testing Sun Nov 01 15:58:31 UTC 2020 /home/travis/build/icyphy/ptII/ptolemy/actor/lib/test/auto/PoissonClock2.xml
----------------- Instantiating /home/travis/build/icyphy/ptII/ptolemy/actor/lib/test/auto/PoissonClock2.xml
1 ms. Memory: 686080K Free: 584095K (85%)
----------------- Invoking toplevel() on ptolemy.moml.MoMLSimpleApplication@526a2b3f
----------------- Done invoking toplevel() on ptolemy.moml.MoMLSimpleApplication@526a2b3f
reloadAllAccessors: .PoissonClock2

===========================================================================================
----------------- testing Sun Nov 01 15:58:31 UTC 2020 /home/travis/build/icyphy/ptII/ptolemy/actor/lib/test/auto/PoissonClock3.xml
----------------- Instantiating /home/travis/build/icyphy/ptII/ptolemy/actor/lib/test/auto/PoissonClock3.xml
1 ms. Memory: 686080K Free: 579489K (84%)
----------------- Invoking toplevel() on ptolemy.moml.MoMLSimpleApplication@e7b1e32
----------------- Done invoking toplevel() on ptolemy.moml.MoMLSimpleApplication@e7b1e32
reloadAllAccessors: .PoissonClock3

===========================================================================================
----------------- testing Sun Nov 01 15:58:31 UTC 2020 /home/travis/build/icyphy/ptII/ptolemy/actor/lib/test/auto/PubSubWithInitialTokens.xml
----------------- Instantiating /home/travis/build/icyphy/ptII/ptolemy/actor/lib/test/auto/PubSubWithInitialTokens.xml
2 ms. Memory: 686080K Free: 573825K (84%)
----------------- Invoking toplevel() on ptolemy.moml.MoMLSimpleApplication@64f6a572
----------------- Done invoking toplevel() on ptolemy.moml.MoMLSimpleApplication@64f6a572
reloadAllAccessors: .PubSubWithInitialTokens

===========================================================================================
----------------- testing Sun Nov 01 15:58:31 UTC 2020 /home/travis/build/icyphy/ptII/ptolemy/actor/lib/test/auto/PubSubWithInitialTokens2.xml
----------------- Instantiating /home/travis/build/icyphy/ptII/ptolemy/actor/lib/test/auto/PubSubWithInitialTokens2.xml
2 ms. Memory: 686080K Free: 567705K (83%)
----------------- Invoking toplevel() on ptolemy.moml.MoMLSimpleApplication@1132d396
----------------- Done invoking toplevel() on ptolemy.moml.MoMLSimpleApplication@1132d396
reloadAllAccessors: .PubSubWithInitialTokens2

===========================================================================================
----------------- testing Sun Nov 01 15:58:31 UTC 2020 /home/travis/build/icyphy/ptII/ptolemy/actor/lib/test/auto/PublisherClassNoParameter.xml
----------------- Instantiating /home/travis/build/icyphy/ptII/ptolemy/actor/lib/test/auto/PublisherClassNoParameter.xml
2 ms. Memory: 686080K Free: 557457K (81%)
----------------- Invoking toplevel() on ptolemy.moml.MoMLSimpleApplication@1210f250
----------------- Done invoking toplevel() on ptolemy.moml.MoMLSimpleApplication@1210f250
reloadAllAccessors: .PublisherClassNoParameter

===========================================================================================
----------------- testing Sun Nov 01 15:58:31 UTC 2020 /home/travis/build/icyphy/ptII/ptolemy/actor/lib/test/auto/PublisherClassParameter.xml
----------------- Instantiating /home/travis/build/icyphy/ptII/ptolemy/actor/lib/test/auto/PublisherClassParameter.xml
2 ms. Memory: 686080K Free: 547231K (80%)
----------------- Invoking toplevel() on ptolemy.moml.MoMLSimpleApplication@2f7db948
----------------- Done invoking toplevel() on ptolemy.moml.MoMLSimpleApplication@2f7db948
reloadAllAccessors: .PublisherClassParameter

===========================================================================================
----------------- testing Sun Nov 01 15:58:31 UTC 2020 /home/travis/build/icyphy/ptII/ptolemy/actor/lib/test/auto/PublisherNonStrictTest.xml
----------------- Instantiating /home/travis/build/icyphy/ptII/ptolemy/actor/lib/test/auto/PublisherNonStrictTest.xml
2 ms. Memory: 686080K Free: 539553K (79%)
----------------- Invoking toplevel() on ptolemy.moml.MoMLSimpleApplication@6aa00886
----------------- Done invoking toplevel() on ptolemy.moml.MoMLSimpleApplication@6aa00886
reloadAllAccessors: .PublisherNonStrictTest

===========================================================================================
----------------- testing Sun Nov 01 15:58:31 UTC 2020 /home/travis/build/icyphy/ptII/ptolemy/actor/lib/test/auto/PublisherPort1.xml
----------------- Instantiating /home/travis/build/icyphy/ptII/ptolemy/actor/lib/test/auto/PublisherPort1.xml
12 ms. Memory: 686080K Free: 533889K (78%)
----------------- Invoking toplevel() on ptolemy.moml.MoMLSimpleApplication@352fb8eb
----------------- Done invoking toplevel() on ptolemy.moml.MoMLSimpleApplication@352fb8eb
reloadAllAccessors: .PublisherPort1

===========================================================================================
----------------- testing Sun Nov 01 15:58:31 UTC 2020 /home/travis/build/icyphy/ptII/ptolemy/actor/lib/test/auto/PublisherPort2.xml
----------------- Instantiating /home/travis/build/icyphy/ptII/ptolemy/actor/lib/test/auto/PublisherPort2.xml
1 ms. Memory: 686080K Free: 528799K (77%)
----------------- Invoking toplevel() on ptolemy.moml.MoMLSimpleApplication@1afebb0
----------------- Done invoking toplevel() on ptolemy.moml.MoMLSimpleApplication@1afebb0
reloadAllAccessors: .PublisherPort2

===========================================================================================
----------------- testing Sun Nov 01 15:58:31 UTC 2020 /home/travis/build/icyphy/ptII/ptolemy/actor/lib/test/auto/PublisherPort3.xml
----------------- Instantiating /home/travis/build/icyphy/ptII/ptolemy/actor/lib/test/auto/PublisherPort3.xml
3 ms. Memory: 686080K Free: 522145K (76%)
----------------- Invoking toplevel() on ptolemy.moml.MoMLSimpleApplication@6bf2f162
----------------- Done invoking toplevel() on ptolemy.moml.MoMLSimpleApplication@6bf2f162
reloadAllAccessors: .PublisherPort3

===========================================================================================
----------------- testing Sun Nov 01 15:58:31 UTC 2020 /home/travis/build/icyphy/ptII/ptolemy/actor/lib/test/auto/PublisherPort4.xml
----------------- Instantiating /home/travis/build/icyphy/ptII/ptolemy/actor/lib/test/auto/PublisherPort4.xml
2 ms. Memory: 686080K Free: 516505K (75%)
----------------- Invoking toplevel() on ptolemy.moml.MoMLSimpleApplication@4e4bd5d6
----------------- Done invoking toplevel() on ptolemy.moml.MoMLSimpleApplication@4e4bd5d6
reloadAllAccessors: .PublisherPort4

===========================================================================================
----------------- testing Sun Nov 01 15:58:31 UTC 2020 /home/travis/build/icyphy/ptII/ptolemy/actor/lib/test/auto/PublisherPort5.xml
----------------- Instantiating /home/travis/build/icyphy/ptII/ptolemy/actor/lib/test/auto/PublisherPort5.xml
3 ms. Memory: 686080K Free: 508319K (74%)
----------------- Invoking toplevel() on ptolemy.moml.MoMLSimpleApplication@3febf1d1
----------------- Done invoking toplevel() on ptolemy.moml.MoMLSimpleApplication@3febf1d1
reloadAllAccessors: .PublisherPort5

===========================================================================================
----------------- testing Sun Nov 01 15:58:31 UTC 2020 /home/travis/build/icyphy/ptII/ptolemy/actor/lib/test/auto/PublisherPort5LookAlike.xml
----------------- Instantiating /home/travis/build/icyphy/ptII/ptolemy/actor/lib/test/auto/PublisherPort5LookAlike.xml
7 ms. Memory: 686080K Free: 500641K (73%)
----------------- Invoking toplevel() on ptolemy.moml.MoMLSimpleApplication@31f4f155
----------------- Done invoking toplevel() on ptolemy.moml.MoMLSimpleApplication@31f4f155
reloadAllAccessors: .PublisherPort5LookAlike

===========================================================================================
----------------- testing Sun Nov 01 15:58:31 UTC 2020 /home/travis/build/icyphy/ptII/ptolemy/actor/lib/test/auto/PublisherPort6.xml
----------------- Instantiating /home/travis/build/icyphy/ptII/ptolemy/actor/lib/test/auto/PublisherPort6.xml
2 ms. Memory: 686080K Free: 493983K (72%)
----------------- Invoking toplevel() on ptolemy.moml.MoMLSimpleApplication@64f6d7c
----------------- Done invoking toplevel() on ptolemy.moml.MoMLSimpleApplication@64f6d7c
reloadAllAccessors: .PublisherPort6

===========================================================================================
----------------- testing Sun Nov 01 15:58:31 UTC 2020 /home/travis/build/icyphy/ptII/ptolemy/actor/lib/test/auto/PublisherPort7.xml
----------------- Instantiating /home/travis/build/icyphy/ptII/ptolemy/actor/lib/test/auto/PublisherPort7.xml
3 ms. Memory: 686080K Free: 486305K (71%)
----------------- Invoking toplevel() on ptolemy.moml.MoMLSimpleApplication@7b27e1b7
----------------- Done invoking toplevel() on ptolemy.moml.MoMLSimpleApplication@7b27e1b7
reloadAllAccessors: .PublisherPort7

===========================================================================================
----------------- testing Sun Nov 01 15:58:31 UTC 2020 /home/travis/build/icyphy/ptII/ptolemy/actor/lib/test/auto/PublisherPort8.xml
----------------- Instantiating /home/travis/build/icyphy/ptII/ptolemy/actor/lib/test/auto/PublisherPort8.xml
3 ms. Memory: 686080K Free: 477599K (70%)
----------------- Invoking toplevel() on ptolemy.moml.MoMLSimpleApplication@56478819
----------------- Done invoking toplevel() on ptolemy.moml.MoMLSimpleApplication@56478819
reloadAllAccessors: .PublisherPort8

===========================================================================================
----------------- testing Sun Nov 01 15:58:31 UTC 2020 /home/travis/build/icyphy/ptII/ptolemy/actor/lib/test/auto/PublisherPortSubscriberChannelVariablesAOC2.xml
----------------- Instantiating /home/travis/build/icyphy/ptII/ptolemy/actor/lib/test/auto/PublisherPortSubscriberChannelVariablesAOC2.xml
2 ms. Memory: 686080K Free: 460191K (67%)
----------------- Invoking toplevel() on ptolemy.moml.MoMLSimpleApplication@4fd3cd15
----------------- Done invoking toplevel() on ptolemy.moml.MoMLSimpleApplication@4fd3cd15
reloadAllAccessors: .PublisherPortSubscriberChannelVariablesAOC2

===========================================================================================
----------------- testing Sun Nov 01 15:58:31 UTC 2020 /home/travis/build/icyphy/ptII/ptolemy/actor/lib/test/auto/PublisherPortSubscriberOpaqueWidthInference.xml
----------------- Instantiating /home/travis/build/icyphy/ptII/ptolemy/actor/lib/test/auto/PublisherPortSubscriberOpaqueWidthInference.xml
3 ms. Memory: 686080K Free: 451985K (66%)
----------------- Invoking toplevel() on ptolemy.moml.MoMLSimpleApplication@19f12b56
----------------- Done invoking toplevel() on ptolemy.moml.MoMLSimpleApplication@19f12b56
reloadAllAccessors: .PublisherPortSubscriberOpaqueWidthInference

===========================================================================================
----------------- testing Sun Nov 01 15:58:31 UTC 2020 /home/travis/build/icyphy/ptII/ptolemy/actor/lib/test/auto/PublisherPortSubscriberPortAdjacent.xml
----------------- Instantiating /home/travis/build/icyphy/ptII/ptolemy/actor/lib/test/auto/PublisherPortSubscriberPortAdjacent.xml
1 ms. Memory: 686080K Free: 443297K (65%)
----------------- Invoking toplevel() on ptolemy.moml.MoMLSimpleApplication@893d4d0
----------------- Done invoking toplevel() on ptolemy.moml.MoMLSimpleApplication@893d4d0
reloadAllAccessors: .PublisherPortSubscriberPortAdjacent

===========================================================================================
----------------- testing Sun Nov 01 15:58:31 UTC 2020 /home/travis/build/icyphy/ptII/ptolemy/actor/lib/test/auto/PublisherPortSubscriberPortExpression.xml
----------------- Instantiating /home/travis/build/icyphy/ptII/ptolemy/actor/lib/test/auto/PublisherPortSubscriberPortExpression.xml
3 ms. Memory: 686080K Free: 435601K (63%)
----------------- Invoking toplevel() on ptolemy.moml.MoMLSimpleApplication@47391971
----------------- Done invoking toplevel() on ptolemy.moml.MoMLSimpleApplication@47391971
reloadAllAccessors: .PublisherPortSubscriberPortExpression

===========================================================================================
----------------- testing Sun Nov 01 15:58:31 UTC 2020 /home/travis/build/icyphy/ptII/ptolemy/actor/lib/test/auto/PublisherPortSubscriberPortOpaqueD3Reverse.xml
----------------- Instantiating /home/travis/build/icyphy/ptII/ptolemy/actor/lib/test/auto/PublisherPortSubscriberPortOpaqueD3Reverse.xml
10 ms. Memory: 686080K Free: 425375K (62%)
----------------- Invoking toplevel() on ptolemy.moml.MoMLSimpleApplication@5ccef102
----------------- Done invoking toplevel() on ptolemy.moml.MoMLSimpleApplication@5ccef102
reloadAllAccessors: .PublisherPortSubscriberPortOpaqueD3Reverse

===========================================================================================
----------------- testing Sun Nov 01 15:58:31 UTC 2020 /home/travis/build/icyphy/ptII/ptolemy/actor/lib/test/auto/PublisherPortSubscriberPortOpaqueWidthInference.xml
----------------- Instantiating /home/travis/build/icyphy/ptII/ptolemy/actor/lib/test/auto/PublisherPortSubscriberPortOpaqueWidthInference.xml
3 ms. Memory: 686080K Free: 417697K (61%)
----------------- Invoking toplevel() on ptolemy.moml.MoMLSimpleApplication@61e099f7
----------------- Done invoking toplevel() on ptolemy.moml.MoMLSimpleApplication@61e099f7
reloadAllAccessors: .PublisherPortSubscriberPortOpaqueWidthInference

===========================================================================================
----------------- testing Sun Nov 01 15:58:31 UTC 2020 /home/travis/build/icyphy/ptII/ptolemy/actor/lib/test/auto/PublisherPortToplevelSubscriberPortAOC.xml
----------------- Instantiating /home/travis/build/icyphy/ptII/ptolemy/actor/lib/test/auto/PublisherPortToplevelSubscriberPortAOC.xml
.PublisherPortToplevelSubscriberPortAOC.TestExceptionAttribute: initialize() was not invoked, but wrapup() was.  This is unusual, but not always a problem.  For example, exporting JNLP will do this.
0 ms. Memory: 686080K Free: 412063K (60%)
----------------- Invoking toplevel() on ptolemy.moml.MoMLSimpleApplication@6113aa47
----------------- Done invoking toplevel() on ptolemy.moml.MoMLSimpleApplication@6113aa47
reloadAllAccessors: .PublisherPortToplevelSubscriberPortAOC

===========================================================================================
----------------- testing Sun Nov 01 15:58:31 UTC 2020 /home/travis/build/icyphy/ptII/ptolemy/actor/lib/test/auto/PublisherSubscriber.xml
----------------- Instantiating /home/travis/build/icyphy/ptII/ptolemy/actor/lib/test/auto/PublisherSubscriber.xml
2 ms. Memory: 686080K Free: 404385K (59%)
----------------- Invoking toplevel() on ptolemy.moml.MoMLSimpleApplication@291cd8a
----------------- Done invoking toplevel() on ptolemy.moml.MoMLSimpleApplication@291cd8a
reloadAllAccessors: .PublisherSubscriber

===========================================================================================
----------------- testing Sun Nov 01 15:58:31 UTC 2020 /home/travis/build/icyphy/ptII/ptolemy/actor/lib/test/auto/PublisherSubscriber10.xml
----------------- Instantiating /home/travis/build/icyphy/ptII/ptolemy/actor/lib/test/auto/PublisherSubscriber10.xml
6 ms. Memory: 686080K Free: 395169K (58%)
----------------- Invoking toplevel() on ptolemy.moml.MoMLSimpleApplication@1d1d490a
----------------- Done invoking toplevel() on ptolemy.moml.MoMLSimpleApplication@1d1d490a
reloadAllAccessors: .PublisherSubscriber10

===========================================================================================
----------------- testing Sun Nov 01 15:58:31 UTC 2020 /home/travis/build/icyphy/ptII/ptolemy/actor/lib/test/auto/PublisherSubscriber10InitialOutputs.xml
----------------- Instantiating /home/travis/build/icyphy/ptII/ptolemy/actor/lib/test/auto/PublisherSubscriber10InitialOutputs.xml
11 ms. Memory: 686080K Free: 385953K (56%)
----------------- Invoking toplevel() on ptolemy.moml.MoMLSimpleApplication@ecbc048
----------------- Done invoking toplevel() on ptolemy.moml.MoMLSimpleApplication@ecbc048
reloadAllAccessors: .PublisherSubscriber10InitialOutputs

===========================================================================================
----------------- testing Sun Nov 01 15:58:31 UTC 2020 /home/travis/build/icyphy/ptII/ptolemy/actor/lib/test/auto/PublisherSubscriber11.xml
----------------- Instantiating /home/travis/build/icyphy/ptII/ptolemy/actor/lib/test/auto/PublisherSubscriber11.xml
3 ms. Memory: 686080K Free: 379809K (55%)
----------------- Invoking toplevel() on ptolemy.moml.MoMLSimpleApplication@1c8ebd80
----------------- Done invoking toplevel() on ptolemy.moml.MoMLSimpleApplication@1c8ebd80
reloadAllAccessors: .PublisherSubscriber11

===========================================================================================
----------------- testing Sun Nov 01 15:58:31 UTC 2020 /home/travis/build/icyphy/ptII/ptolemy/actor/lib/test/auto/PublisherSubscriber12.xml
----------------- Instantiating /home/travis/build/icyphy/ptII/ptolemy/actor/lib/test/auto/PublisherSubscriber12.xml
4 ms. Memory: 686080K Free: 372641K (54%)
----------------- Invoking toplevel() on ptolemy.moml.MoMLSimpleApplication@3417b372
----------------- Done invoking toplevel() on ptolemy.moml.MoMLSimpleApplication@3417b372
reloadAllAccessors: .PublisherSubscriber12

===========================================================================================
----------------- testing Sun Nov 01 15:58:31 UTC 2020 /home/travis/build/icyphy/ptII/ptolemy/actor/lib/test/auto/PublisherSubscriber13.xml
----------------- Instantiating /home/travis/build/icyphy/ptII/ptolemy/actor/lib/test/auto/PublisherSubscriber13.xml
2 ms. Memory: 686080K Free: 366977K (53%)
----------------- Invoking toplevel() on ptolemy.moml.MoMLSimpleApplication@7994cde3
----------------- Done invoking toplevel() on ptolemy.moml.MoMLSimpleApplication@7994cde3
reloadAllAccessors: .PublisherSubscriber13

===========================================================================================
----------------- testing Sun Nov 01 15:58:32 UTC 2020 /home/travis/build/icyphy/ptII/ptolemy/actor/lib/test/auto/PublisherSubscriber14.xml
----------------- Instantiating /home/travis/build/icyphy/ptII/ptolemy/actor/lib/test/auto/PublisherSubscriber14.xml
2 ms. Memory: 686080K Free: 357761K (52%)
----------------- Invoking toplevel() on ptolemy.moml.MoMLSimpleApplication@26047fcf
----------------- Done invoking toplevel() on ptolemy.moml.MoMLSimpleApplication@26047fcf
reloadAllAccessors: .PublisherSubscriber14

===========================================================================================
----------------- testing Sun Nov 01 15:58:32 UTC 2020 /home/travis/build/icyphy/ptII/ptolemy/actor/lib/test/auto/PublisherSubscriber2.xml
----------------- Instantiating /home/travis/build/icyphy/ptII/ptolemy/actor/lib/test/auto/PublisherSubscriber2.xml
3 ms. Memory: 686080K Free: 352161K (51%)
----------------- Invoking toplevel() on ptolemy.moml.MoMLSimpleApplication@36adf23d
----------------- Done invoking toplevel() on ptolemy.moml.MoMLSimpleApplication@36adf23d
reloadAllAccessors: .PublisherSubscriber2

===========================================================================================
----------------- testing Sun Nov 01 15:58:32 UTC 2020 /home/travis/build/icyphy/ptII/ptolemy/actor/lib/test/auto/PublisherSubscriber3.xml
----------------- Instantiating /home/travis/build/icyphy/ptII/ptolemy/actor/lib/test/auto/PublisherSubscriber3.xml
1 ms. Memory: 686080K Free: 346497K (51%)
----------------- Invoking toplevel() on ptolemy.moml.MoMLSimpleApplication@3262005e
----------------- Done invoking toplevel() on ptolemy.moml.MoMLSimpleApplication@3262005e
reloadAllAccessors: .PublisherSubscriber3

===========================================================================================
----------------- testing Sun Nov 01 15:58:32 UTC 2020 /home/travis/build/icyphy/ptII/ptolemy/actor/lib/test/auto/PublisherSubscriber4.xml
----------------- Instantiating /home/travis/build/icyphy/ptII/ptolemy/actor/lib/test/auto/PublisherSubscriber4.xml
1 ms. Memory: 686080K Free: 341377K (50%)
----------------- Invoking toplevel() on ptolemy.moml.MoMLSimpleApplication@3027c43f
----------------- Done invoking toplevel() on ptolemy.moml.MoMLSimpleApplication@3027c43f
reloadAllAccessors: .PublisherSubscriber4

===========================================================================================
----------------- testing Sun Nov 01 15:58:32 UTC 2020 /home/travis/build/icyphy/ptII/ptolemy/actor/lib/test/auto/PublisherSubscriber5.xml
----------------- Instantiating /home/travis/build/icyphy/ptII/ptolemy/actor/lib/test/auto/PublisherSubscriber5.xml
2 ms. Memory: 686080K Free: 334233K (49%)
----------------- Invoking toplevel() on ptolemy.moml.MoMLSimpleApplication@6461b9ec
----------------- Done invoking toplevel() on ptolemy.moml.MoMLSimpleApplication@6461b9ec
reloadAllAccessors: .PublisherSubscriber5

===========================================================================================
----------------- testing Sun Nov 01 15:58:32 UTC 2020 /home/travis/build/icyphy/ptII/ptolemy/actor/lib/test/auto/PublisherSubscriber6.xml
----------------- Instantiating /home/travis/build/icyphy/ptII/ptolemy/actor/lib/test/auto/PublisherSubscriber6.xml
3 ms. Memory: 686080K Free: 327585K (48%)
----------------- Invoking toplevel() on ptolemy.moml.MoMLSimpleApplication@4b3ac11
----------------- Done invoking toplevel() on ptolemy.moml.MoMLSimpleApplication@4b3ac11
reloadAllAccessors: .PublisherSubscriber6

===========================================================================================
----------------- testing Sun Nov 01 15:58:32 UTC 2020 /home/travis/build/icyphy/ptII/ptolemy/actor/lib/test/auto/PublisherSubscriber7.xml
----------------- Instantiating /home/travis/build/icyphy/ptII/ptolemy/actor/lib/test/auto/PublisherSubscriber7.xml
6 ms. Memory: 686080K Free: 320921K (47%)
----------------- Invoking toplevel() on ptolemy.moml.MoMLSimpleApplication@7167cfa1
----------------- Done invoking toplevel() on ptolemy.moml.MoMLSimpleApplication@7167cfa1
reloadAllAccessors: .PublisherSubscriber7

===========================================================================================
----------------- testing Sun Nov 01 15:58:32 UTC 2020 /home/travis/build/icyphy/ptII/ptolemy/actor/lib/test/auto/PublisherSubscriber8.xml
----------------- Instantiating /home/travis/build/icyphy/ptII/ptolemy/actor/lib/test/auto/PublisherSubscriber8.xml
15 ms. Memory: 686080K Free: 309153K (45%)
----------------- Invoking toplevel() on ptolemy.moml.MoMLSimpleApplication@357fe7c3
----------------- Done invoking toplevel() on ptolemy.moml.MoMLSimpleApplication@357fe7c3
reloadAllAccessors: .PublisherSubscriber8

===========================================================================================
----------------- testing Sun Nov 01 15:58:32 UTC 2020 /home/travis/build/icyphy/ptII/ptolemy/actor/lib/test/auto/PublisherSubscriber9.xml
----------------- Instantiating /home/travis/build/icyphy/ptII/ptolemy/actor/lib/test/auto/PublisherSubscriber9.xml
2 ms. Memory: 686080K Free: 301985K (44%)
----------------- Invoking toplevel() on ptolemy.moml.MoMLSimpleApplication@1812ae73
----------------- Done invoking toplevel() on ptolemy.moml.MoMLSimpleApplication@1812ae73
reloadAllAccessors: .PublisherSubscriber9

===========================================================================================
----------------- testing Sun Nov 01 15:58:32 UTC 2020 /home/travis/build/icyphy/ptII/ptolemy/actor/lib/test/auto/PublisherSubscriberAdjacent.xml
----------------- Instantiating /home/travis/build/icyphy/ptII/ptolemy/actor/lib/test/auto/PublisherSubscriberAdjacent.xml
1 ms. Memory: 686080K Free: 293279K (43%)
----------------- Invoking toplevel() on ptolemy.moml.MoMLSimpleApplication@61c5c2b9
----------------- Done invoking toplevel() on ptolemy.moml.MoMLSimpleApplication@61c5c2b9
reloadAllAccessors: .PublisherSubscriberAdjacent

===========================================================================================
----------------- testing Sun Nov 01 15:58:32 UTC 2020 /home/travis/build/icyphy/ptII/ptolemy/actor/lib/test/auto/PublisherSubscriberChannelVariablesAOC2.xml
----------------- Instantiating /home/travis/build/icyphy/ptII/ptolemy/actor/lib/test/auto/PublisherSubscriberChannelVariablesAOC2.xml
3 ms. Memory: 686080K Free: 278433K (41%)
----------------- Invoking toplevel() on ptolemy.moml.MoMLSimpleApplication@34d5f0c3
----------------- Done invoking toplevel() on ptolemy.moml.MoMLSimpleApplication@34d5f0c3
reloadAllAccessors: .PublisherSubscriberChannelVariablesAOC2

===========================================================================================
----------------- testing Sun Nov 01 15:58:32 UTC 2020 /home/travis/build/icyphy/ptII/ptolemy/actor/lib/test/auto/PublisherSubscriberD3.xml
----------------- Instantiating /home/travis/build/icyphy/ptII/ptolemy/actor/lib/test/auto/PublisherSubscriberD3.xml
2 ms. Memory: 686080K Free: 271265K (40%)
----------------- Invoking toplevel() on ptolemy.moml.MoMLSimpleApplication@67770d1e
----------------- Done invoking toplevel() on ptolemy.moml.MoMLSimpleApplication@67770d1e
reloadAllAccessors: .PublisherSubscriberD3

===========================================================================================
----------------- testing Sun Nov 01 15:58:32 UTC 2020 /home/travis/build/icyphy/ptII/ptolemy/actor/lib/test/auto/PublisherSubscriberD3Reverse.xml
----------------- Instantiating /home/travis/build/icyphy/ptII/ptolemy/actor/lib/test/auto/PublisherSubscriberD3Reverse.xml
2 ms. Memory: 686080K Free: 265121K (39%)
----------------- Invoking toplevel() on ptolemy.moml.MoMLSimpleApplication@14b1c175
----------------- Done invoking toplevel() on ptolemy.moml.MoMLSimpleApplication@14b1c175
reloadAllAccessors: .PublisherSubscriberD3Reverse

===========================================================================================
----------------- testing Sun Nov 01 15:58:32 UTC 2020 /home/travis/build/icyphy/ptII/ptolemy/actor/lib/test/auto/PublisherSubscriberExpression.xml
----------------- Instantiating /home/travis/build/icyphy/ptII/ptolemy/actor/lib/test/auto/PublisherSubscriberExpression.xml
3 ms. Memory: 686080K Free: 256929K (37%)
----------------- Invoking toplevel() on ptolemy.moml.MoMLSimpleApplication@35a89df
----------------- Done invoking toplevel() on ptolemy.moml.MoMLSimpleApplication@35a89df
reloadAllAccessors: .PublisherSubscriberExpression

===========================================================================================
----------------- testing Sun Nov 01 15:58:32 UTC 2020 /home/travis/build/icyphy/ptII/ptolemy/actor/lib/test/auto/PublisherSubscriberOpaque.xml
----------------- Instantiating /home/travis/build/icyphy/ptII/ptolemy/actor/lib/test/auto/PublisherSubscriberOpaque.xml
3 ms. Memory: 686080K Free: 248737K (36%)
----------------- Invoking toplevel() on ptolemy.moml.MoMLSimpleApplication@2ba4c7bd
----------------- Done invoking toplevel() on ptolemy.moml.MoMLSimpleApplication@2ba4c7bd
reloadAllAccessors: .PublisherSubscriberOpaque

===========================================================================================
----------------- testing Sun Nov 01 15:58:32 UTC 2020 /home/travis/build/icyphy/ptII/ptolemy/actor/lib/test/auto/PublisherSubscriberOpaqueD3.xml
----------------- Instantiating /home/travis/build/icyphy/ptII/ptolemy/actor/lib/test/auto/PublisherSubscriberOpaqueD3.xml
5 ms. Memory: 686080K Free: 237473K (35%)
----------------- Invoking toplevel() on ptolemy.moml.MoMLSimpleApplication@a1b5c8b
----------------- Done invoking toplevel() on ptolemy.moml.MoMLSimpleApplication@a1b5c8b
reloadAllAccessors: .PublisherSubscriberOpaqueD3

===========================================================================================
----------------- testing Sun Nov 01 15:58:32 UTC 2020 /home/travis/build/icyphy/ptII/ptolemy/actor/lib/test/auto/PublisherSubscriberOpaqueD3Reverse.xml
----------------- Instantiating /home/travis/build/icyphy/ptII/ptolemy/actor/lib/test/auto/PublisherSubscriberOpaqueD3Reverse.xml
7 ms. Memory: 686080K Free: 226719K (33%)
----------------- Invoking toplevel() on ptolemy.moml.MoMLSimpleApplication@354ced12
----------------- Done invoking toplevel() on ptolemy.moml.MoMLSimpleApplication@354ced12
reloadAllAccessors: .PublisherSubscriberOpaqueD3Reverse

===========================================================================================
----------------- testing Sun Nov 01 15:58:32 UTC 2020 /home/travis/build/icyphy/ptII/ptolemy/actor/lib/test/auto/PublisherSubscriberOpaqueWidthInference.xml
----------------- Instantiating /home/travis/build/icyphy/ptII/ptolemy/actor/lib/test/auto/PublisherSubscriberOpaqueWidthInference.xml
3 ms. Memory: 686080K Free: 625456K (91%)
----------------- Invoking toplevel() on ptolemy.moml.MoMLSimpleApplication@6cdcdcd6
----------------- Done invoking toplevel() on ptolemy.moml.MoMLSimpleApplication@6cdcdcd6
reloadAllAccessors: .PublisherSubscriberOpaqueWidthInference

===========================================================================================
----------------- testing Sun Nov 01 15:58:32 UTC 2020 /home/travis/build/icyphy/ptII/ptolemy/actor/lib/test/auto/PublisherTestSubscriber.xml
----------------- Instantiating /home/travis/build/icyphy/ptII/ptolemy/actor/lib/test/auto/PublisherTestSubscriber.xml
4 ms. Memory: 686080K Free: 617264K (90%)
----------------- Invoking toplevel() on ptolemy.moml.MoMLSimpleApplication@2329ddbc
----------------- Done invoking toplevel() on ptolemy.moml.MoMLSimpleApplication@2329ddbc
reloadAllAccessors: .PublisherTestSubscriber

===========================================================================================
----------------- testing Sun Nov 01 15:58:32 UTC 2020 /home/travis/build/icyphy/ptII/ptolemy/actor/lib/test/auto/PublisherToplevelSubscriberPortAOC.xml
----------------- Instantiating /home/travis/build/icyphy/ptII/ptolemy/actor/lib/test/auto/PublisherToplevelSubscriberPortAOC.xml
2 ms. Memory: 686080K Free: 610600K (89%)
----------------- Invoking toplevel() on ptolemy.moml.MoMLSimpleApplication@31edb3bf
----------------- Done invoking toplevel() on ptolemy.moml.MoMLSimpleApplication@31edb3bf
reloadAllAccessors: .PublisherToplevelSubscriberPortAOC

===========================================================================================
----------------- testing Sun Nov 01 15:58:32 UTC 2020 /home/travis/build/icyphy/ptII/ptolemy/actor/lib/test/auto/PulseFiringLimitDE.xml
----------------- Instantiating /home/travis/build/icyphy/ptII/ptolemy/actor/lib/test/auto/PulseFiringLimitDE.xml
2 ms. Memory: 686080K Free: 604462K (88%)
----------------- Invoking toplevel() on ptolemy.moml.MoMLSimpleApplication@2fa7fea0
----------------- Done invoking toplevel() on ptolemy.moml.MoMLSimpleApplication@2fa7fea0
reloadAllAccessors: .PulseFiringLimitDE

===========================================================================================
----------------- testing Sun Nov 01 15:58:32 UTC 2020 /home/travis/build/icyphy/ptII/ptolemy/actor/lib/test/auto/Ramp1.xml
----------------- Instantiating /home/travis/build/icyphy/ptII/ptolemy/actor/lib/test/auto/Ramp1.xml
1 ms. Memory: 686080K Free: 600352K (88%)
----------------- Invoking toplevel() on ptolemy.moml.MoMLSimpleApplication@4a5e3407
----------------- Done invoking toplevel() on ptolemy.moml.MoMLSimpleApplication@4a5e3407
reloadAllAccessors: .Ramp1

===========================================================================================
----------------- testing Sun Nov 01 15:58:32 UTC 2020 /home/travis/build/icyphy/ptII/ptolemy/actor/lib/test/auto/RampFiringLimitDE.xml
----------------- Instantiating /home/travis/build/icyphy/ptII/ptolemy/actor/lib/test/auto/RampFiringLimitDE.xml
3 ms. Memory: 686080K Free: 594208K (87%)
----------------- Invoking toplevel() on ptolemy.moml.MoMLSimpleApplication@3c4c3198
----------------- Done invoking toplevel() on ptolemy.moml.MoMLSimpleApplication@3c4c3198
reloadAllAccessors: .RampFiringLimitDE

===========================================================================================
----------------- testing Sun Nov 01 15:58:32 UTC 2020 /home/travis/build/icyphy/ptII/ptolemy/actor/lib/test/auto/RampFiringLimitSDF.xml
----------------- Instantiating /home/travis/build/icyphy/ptII/ptolemy/actor/lib/test/auto/RampFiringLimitSDF.xml
2 ms. Memory: 686080K Free: 589096K (86%)
----------------- Invoking toplevel() on ptolemy.moml.MoMLSimpleApplication@d246b87
----------------- Done invoking toplevel() on ptolemy.moml.MoMLSimpleApplication@d246b87
reloadAllAccessors: .RampFiringLimitSDF

===========================================================================================
----------------- testing Sun Nov 01 15:58:32 UTC 2020 /home/travis/build/icyphy/ptII/ptolemy/actor/lib/test/auto/RandomInteger.xml
----------------- Instantiating /home/travis/build/icyphy/ptII/ptolemy/actor/lib/test/auto/RandomInteger.xml
1 ms. Memory: 686080K Free: 585006K (85%)
----------------- Invoking toplevel() on ptolemy.moml.MoMLSimpleApplication@72bbef24
----------------- Done invoking toplevel() on ptolemy.moml.MoMLSimpleApplication@72bbef24
reloadAllAccessors: .RandomInteger

===========================================================================================
----------------- testing Sun Nov 01 15:58:32 UTC 2020 /home/travis/build/icyphy/ptII/ptolemy/actor/lib/test/auto/ReadFile1.xml
----------------- Instantiating /home/travis/build/icyphy/ptII/ptolemy/actor/lib/test/auto/ReadFile1.xml
2 ms. Memory: 686080K Free: 580400K (85%)
----------------- Invoking toplevel() on ptolemy.moml.MoMLSimpleApplication@12a00d8a
----------------- Done invoking toplevel() on ptolemy.moml.MoMLSimpleApplication@12a00d8a
reloadAllAccessors: .ReadFile1

===========================================================================================
----------------- testing Sun Nov 01 15:58:32 UTC 2020 /home/travis/build/icyphy/ptII/ptolemy/actor/lib/test/auto/ReadFile2.xml
----------------- Instantiating /home/travis/build/icyphy/ptII/ptolemy/actor/lib/test/auto/ReadFile2.xml
1 ms. Memory: 686080K Free: 576304K (84%)
----------------- Invoking toplevel() on ptolemy.moml.MoMLSimpleApplication@7d4a47e2
----------------- Done invoking toplevel() on ptolemy.moml.MoMLSimpleApplication@7d4a47e2
reloadAllAccessors: .ReadFile2

===========================================================================================
----------------- testing Sun Nov 01 15:58:32 UTC 2020 /home/travis/build/icyphy/ptII/ptolemy/actor/lib/test/auto/Reader.xml
----------------- Instantiating /home/travis/build/icyphy/ptII/ptolemy/actor/lib/test/auto/Reader.xml
actor.lib.Reader is obsolete, use actor.lib.io.ExpressionReader instead
1 ms. Memory: 686080K Free: 572208K (83%)
----------------- Invoking toplevel() on ptolemy.moml.MoMLSimpleApplication@437b84c8
----------------- Done invoking toplevel() on ptolemy.moml.MoMLSimpleApplication@437b84c8
reloadAllAccessors: .Reader

===========================================================================================
----------------- testing Sun Nov 01 15:58:32 UTC 2020 /home/travis/build/icyphy/ptII/ptolemy/actor/lib/test/auto/RecordAssemblerDisplayNameTest.xml
----------------- Instantiating /home/travis/build/icyphy/ptII/ptolemy/actor/lib/test/auto/RecordAssemblerDisplayNameTest.xml
3168 ms. Memory: 686080K Free: 588589K (86%)
----------------- Invoking toplevel() on ptolemy.moml.MoMLSimpleApplication@29917a8c
----------------- Done invoking toplevel() on ptolemy.moml.MoMLSimpleApplication@29917a8c
reloadAllAccessors: .RecordAssemblerDisplayNameTest

===========================================================================================
----------------- testing Sun Nov 01 15:58:35 UTC 2020 /home/travis/build/icyphy/ptII/ptolemy/actor/lib/test/auto/RecordAssemblerTypeError.xml
----------------- Instantiating /home/travis/build/icyphy/ptII/ptolemy/actor/lib/test/auto/RecordAssemblerTypeError.xml
13 ms. Memory: 686080K Free: 578859K (84%)
----------------- Invoking toplevel() on ptolemy.moml.MoMLSimpleApplication@52121717
----------------- Done invoking toplevel() on ptolemy.moml.MoMLSimpleApplication@52121717
reloadAllAccessors: .RecordAssemblerTypeError

===========================================================================================
----------------- testing Sun Nov 01 15:58:35 UTC 2020 /home/travis/build/icyphy/ptII/ptolemy/actor/lib/test/auto/RecordDisassember.xml
----------------- Instantiating /home/travis/build/icyphy/ptII/ptolemy/actor/lib/test/auto/RecordDisassember.xml
3 ms. Memory: 686080K Free: 574253K (84%)
----------------- Invoking toplevel() on ptolemy.moml.MoMLSimpleApplication@4db4544
----------------- Done invoking toplevel() on ptolemy.moml.MoMLSimpleApplication@4db4544
reloadAllAccessors: .RecordDisassember

===========================================================================================
----------------- testing Sun Nov 01 15:58:35 UTC 2020 /home/travis/build/icyphy/ptII/ptolemy/actor/lib/test/auto/RecordDisassemberDisplayNameTest.xml
----------------- Instantiating /home/travis/build/icyphy/ptII/ptolemy/actor/lib/test/auto/RecordDisassemberDisplayNameTest.xml
4 ms. Memory: 686080K Free: 566571K (83%)
----------------- Invoking toplevel() on ptolemy.moml.MoMLSimpleApplication@70a30118
----------------- Done invoking toplevel() on ptolemy.moml.MoMLSimpleApplication@70a30118
reloadAllAccessors: .RecordDisassemberDisplayNameTest

===========================================================================================
----------------- testing Sun Nov 01 15:58:35 UTC 2020 /home/travis/build/icyphy/ptII/ptolemy/actor/lib/test/auto/RecordDisassembler.xml
----------------- Instantiating /home/travis/build/icyphy/ptII/ptolemy/actor/lib/test/auto/RecordDisassembler.xml
3 ms. Memory: 686080K Free: 561421K (82%)
----------------- Invoking toplevel() on ptolemy.moml.MoMLSimpleApplication@53cda418
----------------- Done invoking toplevel() on ptolemy.moml.MoMLSimpleApplication@53cda418
reloadAllAccessors: .RecordDisassembler

===========================================================================================
----------------- testing Sun Nov 01 15:58:35 UTC 2020 /home/travis/build/icyphy/ptII/ptolemy/actor/lib/test/auto/RecordDisassembler2.xml
----------------- Instantiating /home/travis/build/icyphy/ptII/ptolemy/actor/lib/test/auto/RecordDisassembler2.xml
2 ms. Memory: 686080K Free: 555821K (81%)
----------------- Invoking toplevel() on ptolemy.moml.MoMLSimpleApplication@e6d2e28
----------------- Done invoking toplevel() on ptolemy.moml.MoMLSimpleApplication@e6d2e28
reloadAllAccessors: .RecordDisassembler2

===========================================================================================
----------------- testing Sun Nov 01 15:58:35 UTC 2020 /home/travis/build/icyphy/ptII/ptolemy/actor/lib/test/auto/RecordUpdater.xml
----------------- Instantiating /home/travis/build/icyphy/ptII/ptolemy/actor/lib/test/auto/RecordUpdater.xml
2 ms. Memory: 686080K Free: 550701K (80%)
----------------- Invoking toplevel() on ptolemy.moml.MoMLSimpleApplication@333d176c
----------------- Done invoking toplevel() on ptolemy.moml.MoMLSimpleApplication@333d176c
reloadAllAccessors: .RecordUpdater

===========================================================================================
----------------- testing Sun Nov 01 15:58:35 UTC 2020 /home/travis/build/icyphy/ptII/ptolemy/actor/lib/test/auto/RecordUpdater2.xml
----------------- Instantiating /home/travis/build/icyphy/ptII/ptolemy/actor/lib/test/auto/RecordUpdater2.xml
1 ms. Memory: 686080K Free: 546091K (80%)
----------------- Invoking toplevel() on ptolemy.moml.MoMLSimpleApplication@17876a0
----------------- Done invoking toplevel() on ptolemy.moml.MoMLSimpleApplication@17876a0
reloadAllAccessors: .RecordUpdater2

===========================================================================================
----------------- testing Sun Nov 01 15:58:35 UTC 2020 /home/travis/build/icyphy/ptII/ptolemy/actor/lib/test/auto/RecursiveLattice.xml
----------------- Instantiating /home/travis/build/icyphy/ptII/ptolemy/actor/lib/test/auto/RecursiveLattice.xml
1 ms. Memory: 686080K Free: 541485K (79%)
----------------- Invoking toplevel() on ptolemy.moml.MoMLSimpleApplication@78d6e2c8
----------------- Done invoking toplevel() on ptolemy.moml.MoMLSimpleApplication@78d6e2c8
reloadAllAccessors: .RecursiveLattice

===========================================================================================
----------------- testing Sun Nov 01 15:58:35 UTC 2020 /home/travis/build/icyphy/ptII/ptolemy/actor/lib/test/auto/Router.xml
----------------- Instantiating /home/travis/build/icyphy/ptII/ptolemy/actor/lib/test/auto/Router.xml
3003 ms. Memory: 686080K Free: 530731K (77%)
----------------- Invoking toplevel() on ptolemy.moml.MoMLSimpleApplication@1c50e6ad
----------------- Done invoking toplevel() on ptolemy.moml.MoMLSimpleApplication@1c50e6ad
reloadAllAccessors: .Router

===========================================================================================
----------------- testing Sun Nov 01 15:58:38 UTC 2020 /home/travis/build/icyphy/ptII/ptolemy/actor/lib/test/auto/Router2.xml
----------------- Instantiating /home/travis/build/icyphy/ptII/ptolemy/actor/lib/test/auto/Router2.xml
3003 ms. Memory: 686080K Free: 520491K (76%)
----------------- Invoking toplevel() on ptolemy.moml.MoMLSimpleApplication@519d28a0
----------------- Done invoking toplevel() on ptolemy.moml.MoMLSimpleApplication@519d28a0
reloadAllAccessors: .Router2

===========================================================================================
----------------- testing Sun Nov 01 15:58:41 UTC 2020 /home/travis/build/icyphy/ptII/ptolemy/actor/lib/test/auto/RunningMaximum.xml
----------------- Instantiating /home/travis/build/icyphy/ptII/ptolemy/actor/lib/test/auto/RunningMaximum.xml
3 ms. Memory: 686080K Free: 515885K (75%)
----------------- Invoking toplevel() on ptolemy.moml.MoMLSimpleApplication@66ed69d4
----------------- Done invoking toplevel() on ptolemy.moml.MoMLSimpleApplication@66ed69d4
reloadAllAccessors: .RunningMaximum

===========================================================================================
----------------- testing Sun Nov 01 15:58:41 UTC 2020 /home/travis/build/icyphy/ptII/ptolemy/actor/lib/test/auto/RunningMinimum.xml
----------------- Instantiating /home/travis/build/icyphy/ptII/ptolemy/actor/lib/test/auto/RunningMinimum.xml
8 ms. Memory: 686080K Free: 511275K (75%)
----------------- Invoking toplevel() on ptolemy.moml.MoMLSimpleApplication@28038a1d
----------------- Done invoking toplevel() on ptolemy.moml.MoMLSimpleApplication@28038a1d
reloadAllAccessors: .RunningMinimum

===========================================================================================
----------------- testing Sun Nov 01 15:58:41 UTC 2020 /home/travis/build/icyphy/ptII/ptolemy/actor/lib/test/auto/Scale.xml
----------------- Instantiating /home/travis/build/icyphy/ptII/ptolemy/actor/lib/test/auto/Scale.xml
1 ms. Memory: 686080K Free: 506155K (74%)
----------------- Invoking toplevel() on ptolemy.moml.MoMLSimpleApplication@4ade009c
----------------- Done invoking toplevel() on ptolemy.moml.MoMLSimpleApplication@4ade009c
reloadAllAccessors: .Scale

===========================================================================================
----------------- testing Sun Nov 01 15:58:41 UTC 2020 /home/travis/build/icyphy/ptII/ptolemy/actor/lib/test/auto/Scale2.xml
----------------- Instantiating /home/travis/build/icyphy/ptII/ptolemy/actor/lib/test/auto/Scale2.xml
2 ms. Memory: 686080K Free: 501549K (73%)
----------------- Invoking toplevel() on ptolemy.moml.MoMLSimpleApplication@4b93d007
----------------- Done invoking toplevel() on ptolemy.moml.MoMLSimpleApplication@4b93d007
reloadAllAccessors: .Scale2

===========================================================================================
----------------- testing Sun Nov 01 15:58:41 UTC 2020 /home/travis/build/icyphy/ptII/ptolemy/actor/lib/test/auto/Scale3.xml
----------------- Instantiating /home/travis/build/icyphy/ptII/ptolemy/actor/lib/test/auto/Scale3.xml
2 ms. Memory: 686080K Free: 494891K (72%)
----------------- Invoking toplevel() on ptolemy.moml.MoMLSimpleApplication@25d47f54
----------------- Done invoking toplevel() on ptolemy.moml.MoMLSimpleApplication@25d47f54
reloadAllAccessors: .Scale3

===========================================================================================
----------------- testing Sun Nov 01 15:58:41 UTC 2020 /home/travis/build/icyphy/ptII/ptolemy/actor/lib/test/auto/ScaleArray.xml
----------------- Instantiating /home/travis/build/icyphy/ptII/ptolemy/actor/lib/test/auto/ScaleArray.xml
2 ms. Memory: 686080K Free: 490285K (71%)
----------------- Invoking toplevel() on ptolemy.moml.MoMLSimpleApplication@59434eb3
----------------- Done invoking toplevel() on ptolemy.moml.MoMLSimpleApplication@59434eb3
reloadAllAccessors: .ScaleArray

===========================================================================================
----------------- testing Sun Nov 01 15:58:41 UTC 2020 /home/travis/build/icyphy/ptII/ptolemy/actor/lib/test/auto/ScaleArray2.xml
----------------- Instantiating /home/travis/build/icyphy/ptII/ptolemy/actor/lib/test/auto/ScaleArray2.xml
1 ms. Memory: 686080K Free: 485675K (71%)
----------------- Invoking toplevel() on ptolemy.moml.MoMLSimpleApplication@12a1cfd5
----------------- Done invoking toplevel() on ptolemy.moml.MoMLSimpleApplication@12a1cfd5
reloadAllAccessors: .ScaleArray2

===========================================================================================
----------------- testing Sun Nov 01 15:58:41 UTC 2020 /home/travis/build/icyphy/ptII/ptolemy/actor/lib/test/auto/ScaleMatrix.xml
----------------- Instantiating /home/travis/build/icyphy/ptII/ptolemy/actor/lib/test/auto/ScaleMatrix.xml
147 ms. Memory: 686080K Free: 471339K (69%)
----------------- Invoking toplevel() on ptolemy.moml.MoMLSimpleApplication@777d9f83
----------------- Done invoking toplevel() on ptolemy.moml.MoMLSimpleApplication@777d9f83
reloadAllAccessors: .ScaleMatrix

===========================================================================================
----------------- testing Sun Nov 01 15:58:42 UTC 2020 /home/travis/build/icyphy/ptII/ptolemy/actor/lib/test/auto/Select.xml
----------------- Instantiating /home/travis/build/icyphy/ptII/ptolemy/actor/lib/test/auto/Select.xml
2 ms. Memory: 686080K Free: 465165K (68%)
----------------- Invoking toplevel() on ptolemy.moml.MoMLSimpleApplication@44cce853
----------------- Done invoking toplevel() on ptolemy.moml.MoMLSimpleApplication@44cce853
reloadAllAccessors: .Select

===========================================================================================
----------------- testing Sun Nov 01 15:58:42 UTC 2020 /home/travis/build/icyphy/ptII/ptolemy/actor/lib/test/auto/Select2.xml
----------------- Instantiating /home/travis/build/icyphy/ptII/ptolemy/actor/lib/test/auto/Select2.xml
1 ms. Memory: 686080K Free: 460075K (67%)
----------------- Invoking toplevel() on ptolemy.moml.MoMLSimpleApplication@19c1dee8
----------------- Done invoking toplevel() on ptolemy.moml.MoMLSimpleApplication@19c1dee8
reloadAllAccessors: .Select2

===========================================================================================
----------------- testing Sun Nov 01 15:58:42 UTC 2020 /home/travis/build/icyphy/ptII/ptolemy/actor/lib/test/auto/SequenceToArray2.xml
----------------- Instantiating /home/travis/build/icyphy/ptII/ptolemy/actor/lib/test/auto/SequenceToArray2.xml
96 ms. Memory: 686080K Free: 436013K (64%)
----------------- Invoking toplevel() on ptolemy.moml.MoMLSimpleApplication@1e219194
----------------- Done invoking toplevel() on ptolemy.moml.MoMLSimpleApplication@1e219194
reloadAllAccessors: .SequenceToArray2

===========================================================================================
----------------- testing Sun Nov 01 15:58:42 UTC 2020 /home/travis/build/icyphy/ptII/ptolemy/actor/lib/test/auto/SequentialClock.xml
----------------- Instantiating /home/travis/build/icyphy/ptII/ptolemy/actor/lib/test/auto/SequentialClock.xml
1 ms. Memory: 686080K Free: 431917K (63%)
----------------- Invoking toplevel() on ptolemy.moml.MoMLSimpleApplication@3575c985
----------------- Done invoking toplevel() on ptolemy.moml.MoMLSimpleApplication@3575c985
reloadAllAccessors: .SequentialClock

===========================================================================================
----------------- testing Sun Nov 01 15:58:42 UTC 2020 /home/travis/build/icyphy/ptII/ptolemy/actor/lib/test/auto/SetVariable.xml
----------------- Instantiating /home/travis/build/icyphy/ptII/ptolemy/actor/lib/test/auto/SetVariable.xml
2 ms. Memory: 686080K Free: 427307K (62%)
----------------- Invoking toplevel() on ptolemy.moml.MoMLSimpleApplication@25b1ab91
----------------- Done invoking toplevel() on ptolemy.moml.MoMLSimpleApplication@25b1ab91
reloadAllAccessors: .SetVariable

===========================================================================================
----------------- testing Sun Nov 01 15:58:42 UTC 2020 /home/travis/build/icyphy/ptII/ptolemy/actor/lib/test/auto/SetVariable2.xml
----------------- Instantiating /home/travis/build/icyphy/ptII/ptolemy/actor/lib/test/auto/SetVariable2.xml
3 ms. Memory: 686080K Free: 422187K (62%)
----------------- Invoking toplevel() on ptolemy.moml.MoMLSimpleApplication@48eefd6a
----------------- Done invoking toplevel() on ptolemy.moml.MoMLSimpleApplication@48eefd6a
reloadAllAccessors: .SetVariable2

===========================================================================================
----------------- testing Sun Nov 01 15:58:42 UTC 2020 /home/travis/build/icyphy/ptII/ptolemy/actor/lib/test/auto/SetVariable3.xml
----------------- Instantiating /home/travis/build/icyphy/ptII/ptolemy/actor/lib/test/auto/SetVariable3.xml
5 ms. Memory: 686080K Free: 417067K (61%)
----------------- Invoking toplevel() on ptolemy.moml.MoMLSimpleApplication@f80147a
----------------- Done invoking toplevel() on ptolemy.moml.MoMLSimpleApplication@f80147a
reloadAllAccessors: .SetVariable3

===========================================================================================
----------------- testing Sun Nov 01 15:58:42 UTC 2020 /home/travis/build/icyphy/ptII/ptolemy/actor/lib/test/auto/SetVariable4.xml
----------------- Instantiating /home/travis/build/icyphy/ptII/ptolemy/actor/lib/test/auto/SetVariable4.xml
22 ms. Memory: 686080K Free: 407339K (59%)
----------------- Invoking toplevel() on ptolemy.moml.MoMLSimpleApplication@544c733f
----------------- Done invoking toplevel() on ptolemy.moml.MoMLSimpleApplication@544c733f
reloadAllAccessors: .SetVariable4

===========================================================================================
----------------- testing Sun Nov 01 15:58:42 UTC 2020 /home/travis/build/icyphy/ptII/ptolemy/actor/lib/test/auto/SetVariable5.xml
----------------- Instantiating /home/travis/build/icyphy/ptII/ptolemy/actor/lib/test/auto/SetVariable5.xml
17 ms. Memory: 686080K Free: 398125K (58%)
----------------- Invoking toplevel() on ptolemy.moml.MoMLSimpleApplication@f19b1e0
----------------- Done invoking toplevel() on ptolemy.moml.MoMLSimpleApplication@f19b1e0
reloadAllAccessors: .SetVariable5

===========================================================================================
----------------- testing Sun Nov 01 15:58:42 UTC 2020 /home/travis/build/icyphy/ptII/ptolemy/actor/lib/test/auto/Sinewave.xml
----------------- Instantiating /home/travis/build/icyphy/ptII/ptolemy/actor/lib/test/auto/Sinewave.xml
5 ms. Memory: 686080K Free: 387885K (57%)
----------------- Invoking toplevel() on ptolemy.moml.MoMLSimpleApplication@2568ef4e
----------------- Done invoking toplevel() on ptolemy.moml.MoMLSimpleApplication@2568ef4e
reloadAllAccessors: .Sinewave

===========================================================================================
----------------- testing Sun Nov 01 15:58:42 UTC 2020 /home/travis/build/icyphy/ptII/ptolemy/actor/lib/test/auto/Sinewave2.xml
----------------- Instantiating /home/travis/build/icyphy/ptII/ptolemy/actor/lib/test/auto/Sinewave2.xml
6 ms. Memory: 686080K Free: 380203K (55%)
----------------- Invoking toplevel() on ptolemy.moml.MoMLSimpleApplication@69bc988a
----------------- Done invoking toplevel() on ptolemy.moml.MoMLSimpleApplication@69bc988a
reloadAllAccessors: .Sinewave2

===========================================================================================
----------------- testing Sun Nov 01 15:58:42 UTC 2020 /home/travis/build/icyphy/ptII/ptolemy/actor/lib/test/auto/Sinewave3.xml
----------------- Instantiating /home/travis/build/icyphy/ptII/ptolemy/actor/lib/test/auto/Sinewave3.xml
6 ms. Memory: 686080K Free: 371981K (54%)
----------------- Invoking toplevel() on ptolemy.moml.MoMLSimpleApplication@25bcb372
----------------- Done invoking toplevel() on ptolemy.moml.MoMLSimpleApplication@25bcb372
reloadAllAccessors: .Sinewave3

===========================================================================================
----------------- testing Sun Nov 01 15:58:42 UTC 2020 /home/travis/build/icyphy/ptII/ptolemy/actor/lib/test/auto/SingleEvent.xml
----------------- Instantiating /home/travis/build/icyphy/ptII/ptolemy/actor/lib/test/auto/SingleEvent.xml
1 ms. Memory: 686080K Free: 367915K (54%)
----------------- Invoking toplevel() on ptolemy.moml.MoMLSimpleApplication@3a899af0
----------------- Done invoking toplevel() on ptolemy.moml.MoMLSimpleApplication@3a899af0
reloadAllAccessors: .SingleEvent

===========================================================================================
----------------- testing Sun Nov 01 15:58:42 UTC 2020 /home/travis/build/icyphy/ptII/ptolemy/actor/lib/test/auto/Sleep.xml
----------------- Instantiating /home/travis/build/icyphy/ptII/ptolemy/actor/lib/test/auto/Sleep.xml
6003 ms. Memory: 686080K Free: 361771K (53%)
----------------- Invoking toplevel() on ptolemy.moml.MoMLSimpleApplication@32815ea
----------------- Done invoking toplevel() on ptolemy.moml.MoMLSimpleApplication@32815ea
reloadAllAccessors: .Sleep

===========================================================================================
----------------- testing Sun Nov 01 15:58:48 UTC 2020 /home/travis/build/icyphy/ptII/ptolemy/actor/lib/test/auto/SleepMultipleFire.xml
----------------- Instantiating /home/travis/build/icyphy/ptII/ptolemy/actor/lib/test/auto/SleepMultipleFire.xml
1005 ms. Memory: 686080K Free: 356141K (52%)
----------------- Invoking toplevel() on ptolemy.moml.MoMLSimpleApplication@17ddf2ee
----------------- Done invoking toplevel() on ptolemy.moml.MoMLSimpleApplication@17ddf2ee
reloadAllAccessors: .SleepMultipleFire

===========================================================================================
----------------- testing Sun Nov 01 15:58:49 UTC 2020 /home/travis/build/icyphy/ptII/ptolemy/actor/lib/test/auto/StopDE.xml
----------------- Instantiating /home/travis/build/icyphy/ptII/ptolemy/actor/lib/test/auto/StopDE.xml
4 ms. Memory: 686080K Free: 350507K (51%)
----------------- Invoking toplevel() on ptolemy.moml.MoMLSimpleApplication@225d6460
----------------- Done invoking toplevel() on ptolemy.moml.MoMLSimpleApplication@225d6460
reloadAllAccessors: .StopDE

===========================================================================================
----------------- testing Sun Nov 01 15:58:49 UTC 2020 /home/travis/build/icyphy/ptII/ptolemy/actor/lib/test/auto/StopSDF.xml
----------------- Instantiating /home/travis/build/icyphy/ptII/ptolemy/actor/lib/test/auto/StopSDF.xml
3 ms. Memory: 686080K Free: 345387K (50%)
----------------- Invoking toplevel() on ptolemy.moml.MoMLSimpleApplication@66fc536a
----------------- Done invoking toplevel() on ptolemy.moml.MoMLSimpleApplication@66fc536a
reloadAllAccessors: .StopSDF

===========================================================================================
----------------- testing Sun Nov 01 15:58:49 UTC 2020 /home/travis/build/icyphy/ptII/ptolemy/actor/lib/test/auto/StringConstant.xml
----------------- Instantiating /home/travis/build/icyphy/ptII/ptolemy/actor/lib/test/auto/StringConstant.xml
8 ms. Memory: 686080K Free: 340781K (50%)
----------------- Invoking toplevel() on ptolemy.moml.MoMLSimpleApplication@2f3ffc61
----------------- Done invoking toplevel() on ptolemy.moml.MoMLSimpleApplication@2f3ffc61
reloadAllAccessors: .StringConstant

===========================================================================================
----------------- testing Sun Nov 01 15:58:49 UTC 2020 /home/travis/build/icyphy/ptII/ptolemy/actor/lib/test/auto/SubscriberPortInitialValues1.xml
----------------- Instantiating /home/travis/build/icyphy/ptII/ptolemy/actor/lib/test/auto/SubscriberPortInitialValues1.xml
9 ms. Memory: 686080K Free: 331565K (48%)
----------------- Invoking toplevel() on ptolemy.moml.MoMLSimpleApplication@4c256327
----------------- Done invoking toplevel() on ptolemy.moml.MoMLSimpleApplication@4c256327
reloadAllAccessors: .SubscriberPortInitialValues1

===========================================================================================
----------------- testing Sun Nov 01 15:58:49 UTC 2020 /home/travis/build/icyphy/ptII/ptolemy/actor/lib/test/auto/SubscriberPortInitialValues13.xml
----------------- Instantiating /home/travis/build/icyphy/ptII/ptolemy/actor/lib/test/auto/SubscriberPortInitialValues13.xml
5 ms. Memory: 686080K Free: 318253K (46%)
----------------- Invoking toplevel() on ptolemy.moml.MoMLSimpleApplication@3ecaf729
----------------- Done invoking toplevel() on ptolemy.moml.MoMLSimpleApplication@3ecaf729
reloadAllAccessors: .SubscriberPortInitialValues13

===========================================================================================
----------------- testing Sun Nov 01 15:58:49 UTC 2020 /home/travis/build/icyphy/ptII/ptolemy/actor/lib/test/auto/SubscriberPortInitialValues14.xml
----------------- Instantiating /home/travis/build/icyphy/ptII/ptolemy/actor/lib/test/auto/SubscriberPortInitialValues14.xml
5 ms. Memory: 686080K Free: 310571K (45%)
----------------- Invoking toplevel() on ptolemy.moml.MoMLSimpleApplication@2d860fdc
----------------- Done invoking toplevel() on ptolemy.moml.MoMLSimpleApplication@2d860fdc
reloadAllAccessors: .SubscriberPortInitialValues14

===========================================================================================
----------------- testing Sun Nov 01 15:58:49 UTC 2020 /home/travis/build/icyphy/ptII/ptolemy/actor/lib/test/auto/SubscriberPortInitialValues2.xml
----------------- Instantiating /home/travis/build/icyphy/ptII/ptolemy/actor/lib/test/auto/SubscriberPortInitialValues2.xml
4 ms. Memory: 686080K Free: 302893K (44%)
----------------- Invoking toplevel() on ptolemy.moml.MoMLSimpleApplication@57d5206a
----------------- Done invoking toplevel() on ptolemy.moml.MoMLSimpleApplication@57d5206a
reloadAllAccessors: .SubscriberPortInitialValues2

===========================================================================================
----------------- testing Sun Nov 01 15:58:49 UTC 2020 /home/travis/build/icyphy/ptII/ptolemy/actor/lib/test/auto/SubscriberPortInitialValues3.xml
----------------- Instantiating /home/travis/build/icyphy/ptII/ptolemy/actor/lib/test/auto/SubscriberPortInitialValues3.xml
4 ms. Memory: 686080K Free: 292139K (43%)
----------------- Invoking toplevel() on ptolemy.moml.MoMLSimpleApplication@47e657de
----------------- Done invoking toplevel() on ptolemy.moml.MoMLSimpleApplication@47e657de
reloadAllAccessors: .SubscriberPortInitialValues3

===========================================================================================
----------------- testing Sun Nov 01 15:58:49 UTC 2020 /home/travis/build/icyphy/ptII/ptolemy/actor/lib/test/auto/SubscriptionAggregator.xml
----------------- Instantiating /home/travis/build/icyphy/ptII/ptolemy/actor/lib/test/auto/SubscriptionAggregator.xml
2 ms. Memory: 686080K Free: 284957K (42%)
----------------- Invoking toplevel() on ptolemy.moml.MoMLSimpleApplication@5fc16f2a
----------------- Done invoking toplevel() on ptolemy.moml.MoMLSimpleApplication@5fc16f2a
reloadAllAccessors: .SubscriptionAggregator

===========================================================================================
----------------- testing Sun Nov 01 15:58:49 UTC 2020 /home/travis/build/icyphy/ptII/ptolemy/actor/lib/test/auto/SubscriptionAggregator2.xml
----------------- Instantiating /home/travis/build/icyphy/ptII/ptolemy/actor/lib/test/auto/SubscriptionAggregator2.xml
2 ms. Memory: 686080K Free: 277797K (40%)
----------------- Invoking toplevel() on ptolemy.moml.MoMLSimpleApplication@1a6ecb9f
----------------- Done invoking toplevel() on ptolemy.moml.MoMLSimpleApplication@1a6ecb9f
reloadAllAccessors: .SubscriptionAggregator2

===========================================================================================
----------------- testing Sun Nov 01 15:58:49 UTC 2020 /home/travis/build/icyphy/ptII/ptolemy/actor/lib/test/auto/SubscriptionAggregator3.xml
----------------- Instantiating /home/travis/build/icyphy/ptII/ptolemy/actor/lib/test/auto/SubscriptionAggregator3.xml
3 ms. Memory: 686080K Free: 269611K (39%)
----------------- Invoking toplevel() on ptolemy.moml.MoMLSimpleApplication@52438106
----------------- Done invoking toplevel() on ptolemy.moml.MoMLSimpleApplication@52438106
reloadAllAccessors: .SubscriptionAggregator3

===========================================================================================
----------------- testing Sun Nov 01 15:58:49 UTC 2020 /home/travis/build/icyphy/ptII/ptolemy/actor/lib/test/auto/SubscriptionAggregatorMultiply.xml
----------------- Instantiating /home/travis/build/icyphy/ptII/ptolemy/actor/lib/test/auto/SubscriptionAggregatorMultiply.xml
3 ms. Memory: 686080K Free: 260909K (38%)
----------------- Invoking toplevel() on ptolemy.moml.MoMLSimpleApplication@231d2477
----------------- Done invoking toplevel() on ptolemy.moml.MoMLSimpleApplication@231d2477
reloadAllAccessors: .SubscriptionAggregatorMultiply

===========================================================================================
----------------- testing Sun Nov 01 15:58:49 UTC 2020 /home/travis/build/icyphy/ptII/ptolemy/actor/lib/test/auto/SubscriptionAggregatorPortMultiply1.xml
----------------- Instantiating /home/travis/build/icyphy/ptII/ptolemy/actor/lib/test/auto/SubscriptionAggregatorPortMultiply1.xml
3 ms. Memory: 686080K Free: 252203K (37%)
----------------- Invoking toplevel() on ptolemy.moml.MoMLSimpleApplication@20a45ecb
----------------- Done invoking toplevel() on ptolemy.moml.MoMLSimpleApplication@20a45ecb
reloadAllAccessors: .SubscriptionAggregatorPortMultiply1

===========================================================================================
----------------- testing Sun Nov 01 15:58:49 UTC 2020 /home/travis/build/icyphy/ptII/ptolemy/actor/lib/test/auto/Switch.xml
----------------- Instantiating /home/travis/build/icyphy/ptII/ptolemy/actor/lib/test/auto/Switch.xml
9 ms. Memory: 686080K Free: 244011K (36%)
----------------- Invoking toplevel() on ptolemy.moml.MoMLSimpleApplication@2b92a821
----------------- Done invoking toplevel() on ptolemy.moml.MoMLSimpleApplication@2b92a821
reloadAllAccessors: .Switch

===========================================================================================
----------------- testing Sun Nov 01 15:58:49 UTC 2020 /home/travis/build/icyphy/ptII/ptolemy/actor/lib/test/auto/Switch2.xml
----------------- Instantiating /home/travis/build/icyphy/ptII/ptolemy/actor/lib/test/auto/Switch2.xml
1 ms. Memory: 686080K Free: 239405K (35%)
----------------- Invoking toplevel() on ptolemy.moml.MoMLSimpleApplication@62216327
----------------- Done invoking toplevel() on ptolemy.moml.MoMLSimpleApplication@62216327
reloadAllAccessors: .Switch2

===========================================================================================
----------------- testing Sun Nov 01 15:58:49 UTC 2020 /home/travis/build/icyphy/ptII/ptolemy/actor/lib/test/auto/SwitchDE.xml
----------------- Instantiating /home/travis/build/icyphy/ptII/ptolemy/actor/lib/test/auto/SwitchDE.xml
3 ms. Memory: 686080K Free: 233261K (34%)
----------------- Invoking toplevel() on ptolemy.moml.MoMLSimpleApplication@69936b0b
----------------- Done invoking toplevel() on ptolemy.moml.MoMLSimpleApplication@69936b0b
reloadAllAccessors: .SwitchDE

===========================================================================================
----------------- testing Sun Nov 01 15:58:49 UTC 2020 /home/travis/build/icyphy/ptII/ptolemy/actor/lib/test/auto/SynchronizerDE.xml
----------------- Instantiating /home/travis/build/icyphy/ptII/ptolemy/actor/lib/test/auto/SynchronizerDE.xml
17 ms. Memory: 686080K Free: 225069K (33%)
----------------- Invoking toplevel() on ptolemy.moml.MoMLSimpleApplication@2ca29070
----------------- Done invoking toplevel() on ptolemy.moml.MoMLSimpleApplication@2ca29070
reloadAllAccessors: .SynchronizerDE

===========================================================================================
----------------- testing Sun Nov 01 15:58:49 UTC 2020 /home/travis/build/icyphy/ptII/ptolemy/actor/lib/test/auto/Test.xml
----------------- Instantiating /home/travis/build/icyphy/ptII/ptolemy/actor/lib/test/auto/Test.xml
2 ms. Memory: 686080K Free: 626575K (91%)
----------------- Invoking toplevel() on ptolemy.moml.MoMLSimpleApplication@fa95aae
----------------- Done invoking toplevel() on ptolemy.moml.MoMLSimpleApplication@fa95aae
reloadAllAccessors: .Test

===========================================================================================
----------------- testing Sun Nov 01 15:58:49 UTC 2020 /home/travis/build/icyphy/ptII/ptolemy/actor/lib/test/auto/TestExceptionAttribute1.xml
----------------- Instantiating /home/travis/build/icyphy/ptII/ptolemy/actor/lib/test/auto/TestExceptionAttribute1.xml
1 ms. Memory: 686080K Free: 623007K (91%)
----------------- Invoking toplevel() on ptolemy.moml.MoMLSimpleApplication@1b466cc
----------------- Done invoking toplevel() on ptolemy.moml.MoMLSimpleApplication@1b466cc
reloadAllAccessors: .TestExceptionAttribute1

===========================================================================================
----------------- testing Sun Nov 01 15:58:49 UTC 2020 /home/travis/build/icyphy/ptII/ptolemy/actor/lib/test/auto/TestExceptionAttribute2.xml
----------------- Instantiating /home/travis/build/icyphy/ptII/ptolemy/actor/lib/test/auto/TestExceptionAttribute2.xml
1 ms. Memory: 686080K Free: 619421K (90%)
----------------- Invoking toplevel() on ptolemy.moml.MoMLSimpleApplication@2e500d1e
----------------- Done invoking toplevel() on ptolemy.moml.MoMLSimpleApplication@2e500d1e
reloadAllAccessors: .TestExceptionAttribute2

===========================================================================================
----------------- testing Sun Nov 01 15:58:49 UTC 2020 /home/travis/build/icyphy/ptII/ptolemy/actor/lib/test/auto/TestExceptionAttribute3.xml
----------------- Instantiating /home/travis/build/icyphy/ptII/ptolemy/actor/lib/test/auto/TestExceptionAttribute3.xml
.TestExceptionAttribute3.TestExceptionAttribute: initialize() was not invoked, but wrapup() was.  This is unusual, but not always a problem.  For example, exporting JNLP will do this.
1 ms. Memory: 686080K Free: 615839K (90%)
----------------- Invoking toplevel() on ptolemy.moml.MoMLSimpleApplication@74b8dc01
----------------- Done invoking toplevel() on ptolemy.moml.MoMLSimpleApplication@74b8dc01
reloadAllAccessors: .TestExceptionAttribute3

===========================================================================================
----------------- testing Sun Nov 01 15:58:49 UTC 2020 /home/travis/build/icyphy/ptII/ptolemy/actor/lib/test/auto/TestExceptionAttribute4.xml
----------------- Instantiating /home/travis/build/icyphy/ptII/ptolemy/actor/lib/test/auto/TestExceptionAttribute4.xml
.TestExceptionAttribute4.TestExceptionAttribute: initialize() was not invoked, but wrapup() was.  This is unusual, but not always a problem.  For example, exporting JNLP will do this.
.TestExceptionAttribute4.TestExceptionAttribute2: initialize() was not invoked, but wrapup() was.  This is unusual, but not always a problem.  For example, exporting JNLP will do this.
0 ms. Memory: 686080K Free: 611229K (89%)
----------------- Invoking toplevel() on ptolemy.moml.MoMLSimpleApplication@796c250d
----------------- Done invoking toplevel() on ptolemy.moml.MoMLSimpleApplication@796c250d
reloadAllAccessors: .TestExceptionAttribute4

===========================================================================================
----------------- testing Sun Nov 01 15:58:49 UTC 2020 /home/travis/build/icyphy/ptII/ptolemy/actor/lib/test/auto/TestExceptionHandler1.xml
----------------- Instantiating /home/travis/build/icyphy/ptII/ptolemy/actor/lib/test/auto/TestExceptionHandler1.xml
1 ms. Memory: 686080K Free: 607647K (89%)
----------------- Invoking toplevel() on ptolemy.moml.MoMLSimpleApplication@38a7fc3c
----------------- Done invoking toplevel() on ptolemy.moml.MoMLSimpleApplication@38a7fc3c
reloadAllAccessors: .TestExceptionHandler1

===========================================================================================
----------------- testing Sun Nov 01 15:58:49 UTC 2020 /home/travis/build/icyphy/ptII/ptolemy/actor/lib/test/auto/TestExceptionHandler2.xml
----------------- Instantiating /home/travis/build/icyphy/ptII/ptolemy/actor/lib/test/auto/TestExceptionHandler2.xml
1 ms. Memory: 686080K Free: 604061K (88%)
----------------- Invoking toplevel() on ptolemy.moml.MoMLSimpleApplication@4c26044c
----------------- Done invoking toplevel() on ptolemy.moml.MoMLSimpleApplication@4c26044c
reloadAllAccessors: .TestExceptionHandler2

===========================================================================================
----------------- testing Sun Nov 01 15:58:49 UTC 2020 /home/travis/build/icyphy/ptII/ptolemy/actor/lib/test/auto/TestExceptionHandler3.xml
----------------- Instantiating /home/travis/build/icyphy/ptII/ptolemy/actor/lib/test/auto/TestExceptionHandler3.xml
0 ms. Memory: 686080K Free: 600479K (88%)
----------------- Invoking toplevel() on ptolemy.moml.MoMLSimpleApplication@3f76ad69
----------------- Done invoking toplevel() on ptolemy.moml.MoMLSimpleApplication@3f76ad69
reloadAllAccessors: .TestExceptionHandler3

===========================================================================================
----------------- testing Sun Nov 01 15:58:49 UTC 2020 /home/travis/build/icyphy/ptII/ptolemy/actor/lib/test/auto/TestExceptionHandler4.xml
----------------- Instantiating /home/travis/build/icyphy/ptII/ptolemy/actor/lib/test/auto/TestExceptionHandler4.xml
1 ms. Memory: 686080K Free: 595869K (87%)
----------------- Invoking toplevel() on ptolemy.moml.MoMLSimpleApplication@4c638761
----------------- Done invoking toplevel() on ptolemy.moml.MoMLSimpleApplication@4c638761
reloadAllAccessors: .TestExceptionHandler4

===========================================================================================
----------------- testing Sun Nov 01 15:58:49 UTC 2020 /home/travis/build/icyphy/ptII/ptolemy/actor/lib/test/auto/TestRequireCorrectOrder.xml
----------------- Instantiating /home/travis/build/icyphy/ptII/ptolemy/actor/lib/test/auto/TestRequireCorrectOrder.xml
9 ms. Memory: 686080K Free: 590719K (86%)
----------------- Invoking toplevel() on ptolemy.moml.MoMLSimpleApplication@216cf6f4
----------------- Done invoking toplevel() on ptolemy.moml.MoMLSimpleApplication@216cf6f4
reloadAllAccessors: .TestRequireCorrectOrder

===========================================================================================
----------------- testing Sun Nov 01 15:58:49 UTC 2020 /home/travis/build/icyphy/ptII/ptolemy/actor/lib/test/auto/TestSimple.xml
----------------- Instantiating /home/travis/build/icyphy/ptII/ptolemy/actor/lib/test/auto/TestSimple.xml
2 ms. Memory: 686080K Free: 586653K (86%)
----------------- Invoking toplevel() on ptolemy.moml.MoMLSimpleApplication@7ae86670
----------------- Done invoking toplevel() on ptolemy.moml.MoMLSimpleApplication@7ae86670
reloadAllAccessors: .TestSimple

===========================================================================================
----------------- testing Sun Nov 01 15:58:49 UTC 2020 /home/travis/build/icyphy/ptII/ptolemy/actor/lib/test/auto/ThrowModelError.xml
----------------- Instantiating /home/travis/build/icyphy/ptII/ptolemy/actor/lib/test/auto/ThrowModelError.xml
2 ms. Memory: 686080K Free: 581023K (85%)
----------------- Invoking toplevel() on ptolemy.moml.MoMLSimpleApplication@7196975d
----------------- Done invoking toplevel() on ptolemy.moml.MoMLSimpleApplication@7196975d
reloadAllAccessors: .ThrowModelError

===========================================================================================
----------------- testing Sun Nov 01 15:58:50 UTC 2020 /home/travis/build/icyphy/ptII/ptolemy/actor/lib/test/auto/TimeDelayMicrosteps.xml
----------------- Instantiating /home/travis/build/icyphy/ptII/ptolemy/actor/lib/test/auto/TimeDelayMicrosteps.xml
4 ms. Memory: 686080K Free: 574335K (84%)
----------------- Invoking toplevel() on ptolemy.moml.MoMLSimpleApplication@72558dd9
----------------- Done invoking toplevel() on ptolemy.moml.MoMLSimpleApplication@72558dd9
reloadAllAccessors: .TimeDelayMicrosteps

===========================================================================================
----------------- testing Sun Nov 01 15:58:50 UTC 2020 /home/travis/build/icyphy/ptII/ptolemy/actor/lib/test/auto/TimeDelayMicrosteps2.xml
----------------- Instantiating /home/travis/build/icyphy/ptII/ptolemy/actor/lib/test/auto/TimeDelayMicrosteps2.xml
3 ms. Memory: 686080K Free: 567191K (83%)
----------------- Invoking toplevel() on ptolemy.moml.MoMLSimpleApplication@35ffb835
----------------- Done invoking toplevel() on ptolemy.moml.MoMLSimpleApplication@35ffb835
reloadAllAccessors: .TimeDelayMicrosteps2

===========================================================================================
----------------- testing Sun Nov 01 15:58:50 UTC 2020 /home/travis/build/icyphy/ptII/ptolemy/actor/lib/test/auto/TimeDelayMicrosteps3.xml
----------------- Instantiating /home/travis/build/icyphy/ptII/ptolemy/actor/lib/test/auto/TimeDelayMicrosteps3.xml
3 ms. Memory: 686080K Free: 560543K (82%)
----------------- Invoking toplevel() on ptolemy.moml.MoMLSimpleApplication@1cbfcf68
----------------- Done invoking toplevel() on ptolemy.moml.MoMLSimpleApplication@1cbfcf68
reloadAllAccessors: .TimeDelayMicrosteps3

===========================================================================================
----------------- testing Sun Nov 01 15:58:50 UTC 2020 /home/travis/build/icyphy/ptII/ptolemy/actor/lib/test/auto/TimeDelayVariableMicrosteps.xml
----------------- Instantiating /home/travis/build/icyphy/ptII/ptolemy/actor/lib/test/auto/TimeDelayVariableMicrosteps.xml
3 ms. Memory: 686080K Free: 553375K (81%)
----------------- Invoking toplevel() on ptolemy.moml.MoMLSimpleApplication@6713dcbe
----------------- Done invoking toplevel() on ptolemy.moml.MoMLSimpleApplication@6713dcbe
reloadAllAccessors: .TimeDelayVariableMicrosteps

===========================================================================================
----------------- testing Sun Nov 01 15:58:50 UTC 2020 /home/travis/build/icyphy/ptII/ptolemy/actor/lib/test/auto/TimeGap.xml
----------------- Instantiating /home/travis/build/icyphy/ptII/ptolemy/actor/lib/test/auto/TimeGap.xml
13 ms. Memory: 686080K Free: 548255K (80%)
----------------- Invoking toplevel() on ptolemy.moml.MoMLSimpleApplication@448a529f
----------------- Done invoking toplevel() on ptolemy.moml.MoMLSimpleApplication@448a529f
reloadAllAccessors: .TimeGap

===========================================================================================
----------------- testing Sun Nov 01 15:58:50 UTC 2020 /home/travis/build/icyphy/ptII/ptolemy/actor/lib/test/auto/TimeGap2.xml
----------------- Instantiating /home/travis/build/icyphy/ptII/ptolemy/actor/lib/test/auto/TimeGap2.xml
2 ms. Memory: 686080K Free: 542615K (79%)
----------------- Invoking toplevel() on ptolemy.moml.MoMLSimpleApplication@544cac9b
----------------- Done invoking toplevel() on ptolemy.moml.MoMLSimpleApplication@544cac9b
reloadAllAccessors: .TimeGap2

===========================================================================================
----------------- testing Sun Nov 01 15:58:50 UTC 2020 /home/travis/build/icyphy/ptII/ptolemy/actor/lib/test/auto/TimedSinewave.xml
----------------- Instantiating /home/travis/build/icyphy/ptII/ptolemy/actor/lib/test/auto/TimedSinewave.xml
20 ms. Memory: 686080K Free: 527775K (77%)
----------------- Invoking toplevel() on ptolemy.moml.MoMLSimpleApplication@7f60ba9c
----------------- Done invoking toplevel() on ptolemy.moml.MoMLSimpleApplication@7f60ba9c
reloadAllAccessors: .TimedSinewave

===========================================================================================
----------------- testing Sun Nov 01 15:58:50 UTC 2020 /home/travis/build/icyphy/ptII/ptolemy/actor/lib/test/auto/TimedSinewavePhase.xml
----------------- Instantiating /home/travis/build/icyphy/ptII/ptolemy/actor/lib/test/auto/TimedSinewavePhase.xml
9 ms. Memory: 686080K Free: 518045K (76%)
----------------- Invoking toplevel() on ptolemy.moml.MoMLSimpleApplication@2ceff68b
----------------- Done invoking toplevel() on ptolemy.moml.MoMLSimpleApplication@2ceff68b
reloadAllAccessors: .TimedSinewavePhase

===========================================================================================
----------------- testing Sun Nov 01 15:58:50 UTC 2020 /home/travis/build/icyphy/ptII/ptolemy/actor/lib/test/auto/Timer.xml
----------------- Instantiating /home/travis/build/icyphy/ptII/ptolemy/actor/lib/test/auto/Timer.xml
1 ms. Memory: 686080K Free: 512415K (75%)
----------------- Invoking toplevel() on ptolemy.moml.MoMLSimpleApplication@46080c25
----------------- Done invoking toplevel() on ptolemy.moml.MoMLSimpleApplication@46080c25
reloadAllAccessors: .Timer

===========================================================================================
----------------- testing Sun Nov 01 15:58:50 UTC 2020 /home/travis/build/icyphy/ptII/ptolemy/actor/lib/test/auto/TriangularDistTestModel.xml
----------------- Instantiating /home/travis/build/icyphy/ptII/ptolemy/actor/lib/test/auto/TriangularDistTestModel.xml
2 ms. Memory: 686080K Free: 506767K (74%)
----------------- Invoking toplevel() on ptolemy.moml.MoMLSimpleApplication@7413f37e
----------------- Done invoking toplevel() on ptolemy.moml.MoMLSimpleApplication@7413f37e
reloadAllAccessors: .TriangularDistTestModel

===========================================================================================
----------------- testing Sun Nov 01 15:58:50 UTC 2020 /home/travis/build/icyphy/ptII/ptolemy/actor/lib/test/auto/TrigFunction.xml
----------------- Instantiating /home/travis/build/icyphy/ptII/ptolemy/actor/lib/test/auto/TrigFunction.xml
2 ms. Memory: 686080K Free: 501661K (73%)
----------------- Invoking toplevel() on ptolemy.moml.MoMLSimpleApplication@46f78052
----------------- Done invoking toplevel() on ptolemy.moml.MoMLSimpleApplication@46f78052
reloadAllAccessors: .TrigFunction

===========================================================================================
----------------- testing Sun Nov 01 15:58:50 UTC 2020 /home/travis/build/icyphy/ptII/ptolemy/actor/lib/test/auto/TrigFunctionDE.xml
----------------- Instantiating /home/travis/build/icyphy/ptII/ptolemy/actor/lib/test/auto/TrigFunctionDE.xml
2 ms. Memory: 686080K Free: 496031K (72%)
----------------- Invoking toplevel() on ptolemy.moml.MoMLSimpleApplication@1ffeff60
----------------- Done invoking toplevel() on ptolemy.moml.MoMLSimpleApplication@1ffeff60
reloadAllAccessors: .TrigFunctionDE

===========================================================================================
----------------- testing Sun Nov 01 15:58:50 UTC 2020 /home/travis/build/icyphy/ptII/ptolemy/actor/lib/test/auto/TrigFunctionInverse.xml
----------------- Instantiating /home/travis/build/icyphy/ptII/ptolemy/actor/lib/test/auto/TrigFunctionInverse.xml
1 ms. Memory: 686080K Free: 490911K (72%)
----------------- Invoking toplevel() on ptolemy.moml.MoMLSimpleApplication@52771dc6
----------------- Done invoking toplevel() on ptolemy.moml.MoMLSimpleApplication@52771dc6
reloadAllAccessors: .TrigFunctionInverse

===========================================================================================
----------------- testing Sun Nov 01 15:58:50 UTC 2020 /home/travis/build/icyphy/ptII/ptolemy/actor/lib/test/auto/TrigFunctionTan.xml
----------------- Instantiating /home/travis/build/icyphy/ptII/ptolemy/actor/lib/test/auto/TrigFunctionTan.xml
2 ms. Memory: 686080K Free: 486301K (71%)
----------------- Invoking toplevel() on ptolemy.moml.MoMLSimpleApplication@5087e93f
----------------- Done invoking toplevel() on ptolemy.moml.MoMLSimpleApplication@5087e93f
reloadAllAccessors: .TrigFunctionTan

===========================================================================================
----------------- testing Sun Nov 01 15:58:50 UTC 2020 /home/travis/build/icyphy/ptII/ptolemy/actor/lib/test/auto/TriggeredClock.xml
----------------- Instantiating /home/travis/build/icyphy/ptII/ptolemy/actor/lib/test/auto/TriggeredClock.xml
1 ms. Memory: 686080K Free: 481167K (70%)
----------------- Invoking toplevel() on ptolemy.moml.MoMLSimpleApplication@489159a3
----------------- Done invoking toplevel() on ptolemy.moml.MoMLSimpleApplication@489159a3
reloadAllAccessors: .TriggeredClock

===========================================================================================
----------------- testing Sun Nov 01 15:58:50 UTC 2020 /home/travis/build/icyphy/ptII/ptolemy/actor/lib/test/auto/URLDirectoryReader.xml
----------------- Instantiating /home/travis/build/icyphy/ptII/ptolemy/actor/lib/test/auto/URLDirectoryReader.xml
34 ms. Memory: 686080K Free: 472479K (69%)
----------------- Invoking toplevel() on ptolemy.moml.MoMLSimpleApplication@60bf68a4
----------------- Done invoking toplevel() on ptolemy.moml.MoMLSimpleApplication@60bf68a4
reloadAllAccessors: .URLDirectoryReader

===========================================================================================
----------------- testing Sun Nov 01 15:58:50 UTC 2020 /home/travis/build/icyphy/ptII/ptolemy/actor/lib/test/auto/URLDirectoryReader3.xml
----------------- Instantiating /home/travis/build/icyphy/ptII/ptolemy/actor/lib/test/auto/URLDirectoryReader3.xml
1125 ms. Memory: 686080K Free: 622836K (91%)
----------------- Invoking toplevel() on ptolemy.moml.MoMLSimpleApplication@5778e1dc
----------------- Done invoking toplevel() on ptolemy.moml.MoMLSimpleApplication@5778e1dc
reloadAllAccessors: .URLDirectoryReader3

===========================================================================================
----------------- testing Sun Nov 01 15:58:51 UTC 2020 /home/travis/build/icyphy/ptII/ptolemy/actor/lib/test/auto/UnaryMathFunction.xml
----------------- Instantiating /home/travis/build/icyphy/ptII/ptolemy/actor/lib/test/auto/UnaryMathFunction.xml
2 ms. Memory: 686080K Free: 614643K (90%)
----------------- Invoking toplevel() on ptolemy.moml.MoMLSimpleApplication@11fa432a
----------------- Done invoking toplevel() on ptolemy.moml.MoMLSimpleApplication@11fa432a
reloadAllAccessors: .UnaryMathFunction

===========================================================================================
----------------- testing Sun Nov 01 15:58:51 UTC 2020 /home/travis/build/icyphy/ptII/ptolemy/actor/lib/test/auto/Uniform.xml
----------------- Instantiating /home/travis/build/icyphy/ptII/ptolemy/actor/lib/test/auto/Uniform.xml
5 ms. Memory: 686080K Free: 610037K (89%)
----------------- Invoking toplevel() on ptolemy.moml.MoMLSimpleApplication@508f8509
----------------- Done invoking toplevel() on ptolemy.moml.MoMLSimpleApplication@508f8509
reloadAllAccessors: .Uniform

===========================================================================================
----------------- testing Sun Nov 01 15:58:51 UTC 2020 /home/travis/build/icyphy/ptII/ptolemy/actor/lib/test/auto/UnionDisassemblerTest.xml
----------------- Instantiating /home/travis/build/icyphy/ptII/ptolemy/actor/lib/test/auto/UnionDisassemblerTest.xml
21 ms. Memory: 686080K Free: 604917K (88%)
----------------- Invoking toplevel() on ptolemy.moml.MoMLSimpleApplication@6c8f72fd
----------------- Done invoking toplevel() on ptolemy.moml.MoMLSimpleApplication@6c8f72fd
reloadAllAccessors: .UnionDisassemblerTest

===========================================================================================
----------------- testing Sun Nov 01 15:58:51 UTC 2020 /home/travis/build/icyphy/ptII/ptolemy/actor/lib/test/auto/UtilityFunctions.xml
----------------- Instantiating /home/travis/build/icyphy/ptII/ptolemy/actor/lib/test/auto/UtilityFunctions.xml
1 ms. Memory: 686080K Free: 600307K (87%)
----------------- Invoking toplevel() on ptolemy.moml.MoMLSimpleApplication@6b00a4ed
----------------- Done invoking toplevel() on ptolemy.moml.MoMLSimpleApplication@6b00a4ed
reloadAllAccessors: .UtilityFunctions

===========================================================================================
----------------- testing Sun Nov 01 15:58:51 UTC 2020 /home/travis/build/icyphy/ptII/ptolemy/actor/lib/test/auto/VariableSleep.xml
----------------- Instantiating /home/travis/build/icyphy/ptII/ptolemy/actor/lib/test/auto/VariableSleep.xml
503 ms. Memory: 686080K Free: 595187K (87%)
----------------- Invoking toplevel() on ptolemy.moml.MoMLSimpleApplication@74cd5eb1
----------------- Done invoking toplevel() on ptolemy.moml.MoMLSimpleApplication@74cd5eb1
reloadAllAccessors: .VariableSleep

===========================================================================================
----------------- testing Sun Nov 01 15:58:52 UTC 2020 /home/travis/build/icyphy/ptII/ptolemy/actor/lib/test/auto/VectorAssemblerDisassemblerCT.xml
----------------- Instantiating /home/travis/build/icyphy/ptII/ptolemy/actor/lib/test/auto/VectorAssemblerDisassemblerCT.xml
63 ms. Memory: 686080K Free: 575221K (84%)
----------------- Invoking toplevel() on ptolemy.moml.MoMLSimpleApplication@1e68b93e
----------------- Done invoking toplevel() on ptolemy.moml.MoMLSimpleApplication@1e68b93e
reloadAllAccessors: .VectorAssemblerDisassemblerCT

===========================================================================================
----------------- testing Sun Nov 01 15:58:52 UTC 2020 /home/travis/build/icyphy/ptII/ptolemy/actor/lib/test/auto/VectorAssemblerDisassemblerDE.xml
----------------- Instantiating /home/travis/build/icyphy/ptII/ptolemy/actor/lib/test/auto/VectorAssemblerDisassemblerDE.xml
2 ms. Memory: 686080K Free: 567539K (83%)
----------------- Invoking toplevel() on ptolemy.moml.MoMLSimpleApplication@618040f1
----------------- Done invoking toplevel() on ptolemy.moml.MoMLSimpleApplication@618040f1
reloadAllAccessors: .VectorAssemblerDisassemblerDE

===========================================================================================
----------------- testing Sun Nov 01 15:58:52 UTC 2020 /home/travis/build/icyphy/ptII/ptolemy/actor/lib/test/auto/VectorAssemblerDisassemblerSDF.xml
----------------- Instantiating /home/travis/build/icyphy/ptII/ptolemy/actor/lib/test/auto/VectorAssemblerDisassemblerSDF.xml
2 ms. Memory: 686080K Free: 561395K (82%)
----------------- Invoking toplevel() on ptolemy.moml.MoMLSimpleApplication@4bcca282
----------------- Done invoking toplevel() on ptolemy.moml.MoMLSimpleApplication@4bcca282
reloadAllAccessors: .VectorAssemblerDisassemblerSDF

===========================================================================================
----------------- testing Sun Nov 01 15:58:52 UTC 2020 /home/travis/build/icyphy/ptII/ptolemy/actor/lib/test/auto/WallClockTime.xml
----------------- Instantiating /home/travis/build/icyphy/ptII/ptolemy/actor/lib/test/auto/WallClockTime.xml
1004 ms. Memory: 686080K Free: 556275K (81%)
----------------- Invoking toplevel() on ptolemy.moml.MoMLSimpleApplication@7df73db3
----------------- Done invoking toplevel() on ptolemy.moml.MoMLSimpleApplication@7df73db3
reloadAllAccessors: .WallClockTime

===========================================================================================
----------------- testing Sun Nov 01 15:58:53 UTC 2020 /home/travis/build/icyphy/ptII/ptolemy/actor/lib/test/auto/WidthTestWithSubscriberPublisher.xml
----------------- Instantiating /home/travis/build/icyphy/ptII/ptolemy/actor/lib/test/auto/WidthTestWithSubscriberPublisher.xml
10 ms. Memory: 686080K Free: 537843K (78%)
----------------- Invoking toplevel() on ptolemy.moml.MoMLSimpleApplication@58f9fc11
----------------- Done invoking toplevel() on ptolemy.moml.MoMLSimpleApplication@58f9fc11
reloadAllAccessors: .WidthTestWithSubscriberPublisher

===========================================================================================
----------------- testing Sun Nov 01 15:58:53 UTC 2020 /home/travis/build/icyphy/ptII/ptolemy/actor/lib/test/auto/WidthTestWithSubscriberPublisher2.xml
----------------- Instantiating /home/travis/build/icyphy/ptII/ptolemy/actor/lib/test/auto/WidthTestWithSubscriberPublisher2.xml
2 ms. Memory: 686080K Free: 531699K (77%)
----------------- Invoking toplevel() on ptolemy.moml.MoMLSimpleApplication@27d46272
----------------- Done invoking toplevel() on ptolemy.moml.MoMLSimpleApplication@27d46272
reloadAllAccessors: .WidthTestWithSubscriberPublisher2

===========================================================================================
----------------- testing Sun Nov 01 15:58:53 UTC 2020 /home/travis/build/icyphy/ptII/ptolemy/actor/lib/test/auto/WidthTestWithSubscriberPublisher3.xml
----------------- Instantiating /home/travis/build/icyphy/ptII/ptolemy/actor/lib/test/auto/WidthTestWithSubscriberPublisher3.xml
2 ms. Memory: 686080K Free: 526069K (77%)
----------------- Invoking toplevel() on ptolemy.moml.MoMLSimpleApplication@453beb57
----------------- Done invoking toplevel() on ptolemy.moml.MoMLSimpleApplication@453beb57
reloadAllAccessors: .WidthTestWithSubscriberPublisher3

===========================================================================================
----------------- testing Sun Nov 01 15:58:53 UTC 2020 /home/travis/build/icyphy/ptII/ptolemy/actor/lib/test/auto/Writer.xml
----------------- Instantiating /home/travis/build/icyphy/ptII/ptolemy/actor/lib/test/auto/Writer.xml
0
1
2
3
4
1 ms. Memory: 686080K Free: 521428K (76%)
----------------- Invoking toplevel() on ptolemy.moml.MoMLSimpleApplication@322f4ea
----------------- Done invoking toplevel() on ptolemy.moml.MoMLSimpleApplication@322f4ea
reloadAllAccessors: .Writer

===========================================================================================
----------------- testing Sun Nov 01 15:58:53 UTC 2020 /home/travis/build/icyphy/ptII/ptolemy/actor/lib/test/auto/array.xml
----------------- Instantiating /home/travis/build/icyphy/ptII/ptolemy/actor/lib/test/auto/array.xml
2 ms. Memory: 686080K Free: 516853K (75%)
----------------- Invoking toplevel() on ptolemy.moml.MoMLSimpleApplication@7e9d72da
----------------- Done invoking toplevel() on ptolemy.moml.MoMLSimpleApplication@7e9d72da
reloadAllAccessors: .array

===========================================================================================
----------------- testing Sun Nov 01 15:58:53 UTC 2020 /home/travis/build/icyphy/ptII/ptolemy/actor/lib/test/auto/array2.xml
----------------- Instantiating /home/travis/build/icyphy/ptII/ptolemy/actor/lib/test/auto/array2.xml
3 ms. Memory: 686080K Free: 511733K (75%)
----------------- Invoking toplevel() on ptolemy.moml.MoMLSimpleApplication@2315d91d
----------------- Done invoking toplevel() on ptolemy.moml.MoMLSimpleApplication@2315d91d
reloadAllAccessors: .array2

===========================================================================================
----------------- testing Sun Nov 01 15:58:53 UTC 2020 /home/travis/build/icyphy/ptII/ptolemy/actor/lib/test/auto/arrayType.xml
----------------- Instantiating /home/travis/build/icyphy/ptII/ptolemy/actor/lib/test/auto/arrayType.xml
2 ms. Memory: 686080K Free: 506613K (74%)
----------------- Invoking toplevel() on ptolemy.moml.MoMLSimpleApplication@10470c04
----------------- Done invoking toplevel() on ptolemy.moml.MoMLSimpleApplication@10470c04
reloadAllAccessors: .arrayType

===========================================================================================
----------------- testing Sun Nov 01 15:58:53 UTC 2020 /home/travis/build/icyphy/ptII/ptolemy/actor/lib/test/auto/arrayType10.xml
----------------- Instantiating /home/travis/build/icyphy/ptII/ptolemy/actor/lib/test/auto/arrayType10.xml
1 ms. Memory: 686080K Free: 502003K (73%)
----------------- Invoking toplevel() on ptolemy.moml.MoMLSimpleApplication@33bc10ac
----------------- Done invoking toplevel() on ptolemy.moml.MoMLSimpleApplication@33bc10ac
reloadAllAccessors: .arrayType10

===========================================================================================
----------------- testing Sun Nov 01 15:58:53 UTC 2020 /home/travis/build/icyphy/ptII/ptolemy/actor/lib/test/auto/arrayType11.xml
----------------- Instantiating /home/travis/build/icyphy/ptII/ptolemy/actor/lib/test/auto/arrayType11.xml
1 ms. Memory: 686080K Free: 496883K (72%)
----------------- Invoking toplevel() on ptolemy.moml.MoMLSimpleApplication@26458e0d
----------------- Done invoking toplevel() on ptolemy.moml.MoMLSimpleApplication@26458e0d
reloadAllAccessors: .arrayType11

===========================================================================================
----------------- testing Sun Nov 01 15:58:53 UTC 2020 /home/travis/build/icyphy/ptII/ptolemy/actor/lib/test/auto/arrayType12.xml
----------------- Instantiating /home/travis/build/icyphy/ptII/ptolemy/actor/lib/test/auto/arrayType12.xml
1 ms. Memory: 686080K Free: 492277K (72%)
----------------- Invoking toplevel() on ptolemy.moml.MoMLSimpleApplication@62dcec1
----------------- Done invoking toplevel() on ptolemy.moml.MoMLSimpleApplication@62dcec1
reloadAllAccessors: .arrayType12

===========================================================================================
----------------- testing Sun Nov 01 15:58:53 UTC 2020 /home/travis/build/icyphy/ptII/ptolemy/actor/lib/test/auto/arrayType13.xml
----------------- Instantiating /home/travis/build/icyphy/ptII/ptolemy/actor/lib/test/auto/arrayType13.xml
1 ms. Memory: 686080K Free: 487157K (71%)
----------------- Invoking toplevel() on ptolemy.moml.MoMLSimpleApplication@16cbd5f9
----------------- Done invoking toplevel() on ptolemy.moml.MoMLSimpleApplication@16cbd5f9
reloadAllAccessors: .arrayType13

===========================================================================================
----------------- testing Sun Nov 01 15:58:53 UTC 2020 /home/travis/build/icyphy/ptII/ptolemy/actor/lib/test/auto/arrayType14.xml
----------------- Instantiating /home/travis/build/icyphy/ptII/ptolemy/actor/lib/test/auto/arrayType14.xml
1 ms. Memory: 686080K Free: 481523K (70%)
----------------- Invoking toplevel() on ptolemy.moml.MoMLSimpleApplication@c11593c
----------------- Done invoking toplevel() on ptolemy.moml.MoMLSimpleApplication@c11593c
reloadAllAccessors: .arrayType14

===========================================================================================
----------------- testing Sun Nov 01 15:58:53 UTC 2020 /home/travis/build/icyphy/ptII/ptolemy/actor/lib/test/auto/arrayType15.xml
----------------- Instantiating /home/travis/build/icyphy/ptII/ptolemy/actor/lib/test/auto/arrayType15.xml
2 ms. Memory: 686080K Free: 476388K (69%)
----------------- Invoking toplevel() on ptolemy.moml.MoMLSimpleApplication@9001d35
----------------- Done invoking toplevel() on ptolemy.moml.MoMLSimpleApplication@9001d35
reloadAllAccessors: .arrayType15

===========================================================================================
----------------- testing Sun Nov 01 15:58:53 UTC 2020 /home/travis/build/icyphy/ptII/ptolemy/actor/lib/test/auto/arrayType16.xml
----------------- Instantiating /home/travis/build/icyphy/ptII/ptolemy/actor/lib/test/auto/arrayType16.xml
1 ms. Memory: 686080K Free: 470773K (69%)
----------------- Invoking toplevel() on ptolemy.moml.MoMLSimpleApplication@3afbe02
----------------- Done invoking toplevel() on ptolemy.moml.MoMLSimpleApplication@3afbe02
reloadAllAccessors: .arrayType16

===========================================================================================
----------------- testing Sun Nov 01 15:58:53 UTC 2020 /home/travis/build/icyphy/ptII/ptolemy/actor/lib/test/auto/arrayType17.xml
----------------- Instantiating /home/travis/build/icyphy/ptII/ptolemy/actor/lib/test/auto/arrayType17.xml
2 ms. Memory: 686080K Free: 465653K (68%)
----------------- Invoking toplevel() on ptolemy.moml.MoMLSimpleApplication@1b2621c4
----------------- Done invoking toplevel() on ptolemy.moml.MoMLSimpleApplication@1b2621c4
reloadAllAccessors: .arrayType17

===========================================================================================
----------------- testing Sun Nov 01 15:58:53 UTC 2020 /home/travis/build/icyphy/ptII/ptolemy/actor/lib/test/auto/arrayType18.xml
----------------- Instantiating /home/travis/build/icyphy/ptII/ptolemy/actor/lib/test/auto/arrayType18.xml
2 ms. Memory: 686080K Free: 461043K (67%)
----------------- Invoking toplevel() on ptolemy.moml.MoMLSimpleApplication@1c09b265
----------------- Done invoking toplevel() on ptolemy.moml.MoMLSimpleApplication@1c09b265
reloadAllAccessors: .arrayType18

===========================================================================================
----------------- testing Sun Nov 01 15:58:53 UTC 2020 /home/travis/build/icyphy/ptII/ptolemy/actor/lib/test/auto/arrayType19.xml
----------------- Instantiating /home/travis/build/icyphy/ptII/ptolemy/actor/lib/test/auto/arrayType19.xml
1 ms. Memory: 686080K Free: 455923K (66%)
----------------- Invoking toplevel() on ptolemy.moml.MoMLSimpleApplication@1ab56045
----------------- Done invoking toplevel() on ptolemy.moml.MoMLSimpleApplication@1ab56045
reloadAllAccessors: .arrayType19

===========================================================================================
----------------- testing Sun Nov 01 15:58:53 UTC 2020 /home/travis/build/icyphy/ptII/ptolemy/actor/lib/test/auto/arrayType2.xml
----------------- Instantiating /home/travis/build/icyphy/ptII/ptolemy/actor/lib/test/auto/arrayType2.xml
1 ms. Memory: 686080K Free: 450803K (66%)
----------------- Invoking toplevel() on ptolemy.moml.MoMLSimpleApplication@1e36f632
----------------- Done invoking toplevel() on ptolemy.moml.MoMLSimpleApplication@1e36f632
reloadAllAccessors: .arrayType2

===========================================================================================
----------------- testing Sun Nov 01 15:58:53 UTC 2020 /home/travis/build/icyphy/ptII/ptolemy/actor/lib/test/auto/arrayType20.xml
----------------- Instantiating /home/travis/build/icyphy/ptII/ptolemy/actor/lib/test/auto/arrayType20.xml
1 ms. Memory: 686080K Free: 446197K (65%)
----------------- Invoking toplevel() on ptolemy.moml.MoMLSimpleApplication@49381e46
----------------- Done invoking toplevel() on ptolemy.moml.MoMLSimpleApplication@49381e46
reloadAllAccessors: .arrayType20

===========================================================================================
----------------- testing Sun Nov 01 15:58:53 UTC 2020 /home/travis/build/icyphy/ptII/ptolemy/actor/lib/test/auto/arrayType21.xml
----------------- Instantiating /home/travis/build/icyphy/ptII/ptolemy/actor/lib/test/auto/arrayType21.xml
1 ms. Memory: 686080K Free: 441077K (64%)
----------------- Invoking toplevel() on ptolemy.moml.MoMLSimpleApplication@7aadcdcc
----------------- Done invoking toplevel() on ptolemy.moml.MoMLSimpleApplication@7aadcdcc
reloadAllAccessors: .arrayType21

===========================================================================================
----------------- testing Sun Nov 01 15:58:53 UTC 2020 /home/travis/build/icyphy/ptII/ptolemy/actor/lib/test/auto/arrayType22.xml
----------------- Instantiating /home/travis/build/icyphy/ptII/ptolemy/actor/lib/test/auto/arrayType22.xml
1 ms. Memory: 686080K Free: 436467K (64%)
----------------- Invoking toplevel() on ptolemy.moml.MoMLSimpleApplication@502bfa5e
----------------- Done invoking toplevel() on ptolemy.moml.MoMLSimpleApplication@502bfa5e
reloadAllAccessors: .arrayType22

===========================================================================================
----------------- testing Sun Nov 01 15:58:53 UTC 2020 /home/travis/build/icyphy/ptII/ptolemy/actor/lib/test/auto/arrayType23.xml
----------------- Instantiating /home/travis/build/icyphy/ptII/ptolemy/actor/lib/test/auto/arrayType23.xml
1 ms. Memory: 686080K Free: 431347K (63%)
----------------- Invoking toplevel() on ptolemy.moml.MoMLSimpleApplication@29020c11
----------------- Done invoking toplevel() on ptolemy.moml.MoMLSimpleApplication@29020c11
reloadAllAccessors: .arrayType23

===========================================================================================
----------------- testing Sun Nov 01 15:58:53 UTC 2020 /home/travis/build/icyphy/ptII/ptolemy/actor/lib/test/auto/arrayType24.xml
----------------- Instantiating /home/travis/build/icyphy/ptII/ptolemy/actor/lib/test/auto/arrayType24.xml
1 ms. Memory: 686080K Free: 426741K (62%)
----------------- Invoking toplevel() on ptolemy.moml.MoMLSimpleApplication@74df3136
----------------- Done invoking toplevel() on ptolemy.moml.MoMLSimpleApplication@74df3136
reloadAllAccessors: .arrayType24

===========================================================================================
----------------- testing Sun Nov 01 15:58:53 UTC 2020 /home/travis/build/icyphy/ptII/ptolemy/actor/lib/test/auto/arrayType25.xml
----------------- Instantiating /home/travis/build/icyphy/ptII/ptolemy/actor/lib/test/auto/arrayType25.xml
1 ms. Memory: 686080K Free: 421621K (61%)
----------------- Invoking toplevel() on ptolemy.moml.MoMLSimpleApplication@1a39d1db
----------------- Done invoking toplevel() on ptolemy.moml.MoMLSimpleApplication@1a39d1db
reloadAllAccessors: .arrayType25

===========================================================================================
----------------- testing Sun Nov 01 15:58:53 UTC 2020 /home/travis/build/icyphy/ptII/ptolemy/actor/lib/test/auto/arrayType26.xml
----------------- Instantiating /home/travis/build/icyphy/ptII/ptolemy/actor/lib/test/auto/arrayType26.xml
2 ms. Memory: 686080K Free: 415987K (61%)
----------------- Invoking toplevel() on ptolemy.moml.MoMLSimpleApplication@411ceb90
----------------- Done invoking toplevel() on ptolemy.moml.MoMLSimpleApplication@411ceb90
reloadAllAccessors: .arrayType26

===========================================================================================
----------------- testing Sun Nov 01 15:58:53 UTC 2020 /home/travis/build/icyphy/ptII/ptolemy/actor/lib/test/auto/arrayType27.xml
----------------- Instantiating /home/travis/build/icyphy/ptII/ptolemy/actor/lib/test/auto/arrayType27.xml
1 ms. Memory: 686080K Free: 410867K (60%)
----------------- Invoking toplevel() on ptolemy.moml.MoMLSimpleApplication@11de2875
----------------- Done invoking toplevel() on ptolemy.moml.MoMLSimpleApplication@11de2875
reloadAllAccessors: .arrayType27

===========================================================================================
----------------- testing Sun Nov 01 15:58:53 UTC 2020 /home/travis/build/icyphy/ptII/ptolemy/actor/lib/test/auto/arrayType28.xml
----------------- Instantiating /home/travis/build/icyphy/ptII/ptolemy/actor/lib/test/auto/arrayType28.xml
7 ms. Memory: 686080K Free: 405237K (59%)
----------------- Invoking toplevel() on ptolemy.moml.MoMLSimpleApplication@205df2cb
----------------- Done invoking toplevel() on ptolemy.moml.MoMLSimpleApplication@205df2cb
reloadAllAccessors: .arrayType28

===========================================================================================
----------------- testing Sun Nov 01 15:58:53 UTC 2020 /home/travis/build/icyphy/ptII/ptolemy/actor/lib/test/auto/arrayType3.xml
----------------- Instantiating /home/travis/build/icyphy/ptII/ptolemy/actor/lib/test/auto/arrayType3.xml
2 ms. Memory: 686080K Free: 400117K (58%)
----------------- Invoking toplevel() on ptolemy.moml.MoMLSimpleApplication@2ca31349
----------------- Done invoking toplevel() on ptolemy.moml.MoMLSimpleApplication@2ca31349
reloadAllAccessors: .arrayType3

===========================================================================================
----------------- testing Sun Nov 01 15:58:53 UTC 2020 /home/travis/build/icyphy/ptII/ptolemy/actor/lib/test/auto/arrayType4.xml
----------------- Instantiating /home/travis/build/icyphy/ptII/ptolemy/actor/lib/test/auto/arrayType4.xml
1 ms. Memory: 686080K Free: 394483K (57%)
----------------- Invoking toplevel() on ptolemy.moml.MoMLSimpleApplication@64b461e6
----------------- Done invoking toplevel() on ptolemy.moml.MoMLSimpleApplication@64b461e6
reloadAllAccessors: .arrayType4

===========================================================================================
----------------- testing Sun Nov 01 15:58:53 UTC 2020 /home/travis/build/icyphy/ptII/ptolemy/actor/lib/test/auto/arrayType5.xml
----------------- Instantiating /home/travis/build/icyphy/ptII/ptolemy/actor/lib/test/auto/arrayType5.xml
1 ms. Memory: 686080K Free: 389363K (57%)
----------------- Invoking toplevel() on ptolemy.moml.MoMLSimpleApplication@3085a803
----------------- Done invoking toplevel() on ptolemy.moml.MoMLSimpleApplication@3085a803
reloadAllAccessors: .arrayType5

===========================================================================================
----------------- testing Sun Nov 01 15:58:53 UTC 2020 /home/travis/build/icyphy/ptII/ptolemy/actor/lib/test/auto/arrayType6.xml
----------------- Instantiating /home/travis/build/icyphy/ptII/ptolemy/actor/lib/test/auto/arrayType6.xml
1 ms. Memory: 686080K Free: 384757K (56%)
----------------- Invoking toplevel() on ptolemy.moml.MoMLSimpleApplication@5f9c0f52
----------------- Done invoking toplevel() on ptolemy.moml.MoMLSimpleApplication@5f9c0f52
reloadAllAccessors: .arrayType6

===========================================================================================
----------------- testing Sun Nov 01 15:58:54 UTC 2020 /home/travis/build/icyphy/ptII/ptolemy/actor/lib/test/auto/arrayType7.xml
----------------- Instantiating /home/travis/build/icyphy/ptII/ptolemy/actor/lib/test/auto/arrayType7.xml
1 ms. Memory: 686080K Free: 379637K (55%)
----------------- Invoking toplevel() on ptolemy.moml.MoMLSimpleApplication@14c3a233
----------------- Done invoking toplevel() on ptolemy.moml.MoMLSimpleApplication@14c3a233
reloadAllAccessors: .arrayType7

===========================================================================================
----------------- testing Sun Nov 01 15:58:54 UTC 2020 /home/travis/build/icyphy/ptII/ptolemy/actor/lib/test/auto/arrayType8.xml
----------------- Instantiating /home/travis/build/icyphy/ptII/ptolemy/actor/lib/test/auto/arrayType8.xml
6 ms. Memory: 686080K Free: 375027K (55%)
----------------- Invoking toplevel() on ptolemy.moml.MoMLSimpleApplication@72e44fd0
----------------- Done invoking toplevel() on ptolemy.moml.MoMLSimpleApplication@72e44fd0
reloadAllAccessors: .arrayType8

===========================================================================================
----------------- testing Sun Nov 01 15:58:54 UTC 2020 /home/travis/build/icyphy/ptII/ptolemy/actor/lib/test/auto/arrayType9.xml
----------------- Instantiating /home/travis/build/icyphy/ptII/ptolemy/actor/lib/test/auto/arrayType9.xml
1 ms. Memory: 686080K Free: 369907K (54%)
----------------- Invoking toplevel() on ptolemy.moml.MoMLSimpleApplication@3c3fd140
----------------- Done invoking toplevel() on ptolemy.moml.MoMLSimpleApplication@3c3fd140
reloadAllAccessors: .arrayType9

===========================================================================================
----------------- testing Sun Nov 01 15:58:54 UTC 2020 /home/travis/build/icyphy/ptII/ptolemy/actor/lib/test/auto/cast.xml
----------------- Instantiating /home/travis/build/icyphy/ptII/ptolemy/actor/lib/test/auto/cast.xml
2 ms. Memory: 686080K Free: 365301K (53%)
----------------- Invoking toplevel() on ptolemy.moml.MoMLSimpleApplication@3be51db0
----------------- Done invoking toplevel() on ptolemy.moml.MoMLSimpleApplication@3be51db0
reloadAllAccessors: .cast

===========================================================================================
----------------- testing Sun Nov 01 15:58:54 UTC 2020 /home/travis/build/icyphy/ptII/ptolemy/actor/lib/test/auto/compositeMultiPort.xml
----------------- Instantiating /home/travis/build/icyphy/ptII/ptolemy/actor/lib/test/auto/compositeMultiPort.xml
3 ms. Memory: 686080K Free: 356085K (52%)
----------------- Invoking toplevel() on ptolemy.moml.MoMLSimpleApplication@77377f19
----------------- Done invoking toplevel() on ptolemy.moml.MoMLSimpleApplication@77377f19
reloadAllAccessors: .compositeMultiPort

===========================================================================================
----------------- testing Sun Nov 01 15:58:54 UTC 2020 /home/travis/build/icyphy/ptII/ptolemy/actor/lib/test/auto/expressionCastInference.xml
----------------- Instantiating /home/travis/build/icyphy/ptII/ptolemy/actor/lib/test/auto/expressionCastInference.xml
2 ms. Memory: 686080K Free: 351475K (51%)
----------------- Invoking toplevel() on ptolemy.moml.MoMLSimpleApplication@398ca754
----------------- Done invoking toplevel() on ptolemy.moml.MoMLSimpleApplication@398ca754
reloadAllAccessors: .expressionCastInference

===========================================================================================
----------------- testing Sun Nov 01 15:58:54 UTC 2020 /home/travis/build/icyphy/ptII/ptolemy/actor/lib/test/auto/expressionCastInference2.xml
----------------- Instantiating /home/travis/build/icyphy/ptII/ptolemy/actor/lib/test/auto/expressionCastInference2.xml
2 ms. Memory: 686080K Free: 346869K (51%)
----------------- Invoking toplevel() on ptolemy.moml.MoMLSimpleApplication@2f2e4a26
----------------- Done invoking toplevel() on ptolemy.moml.MoMLSimpleApplication@2f2e4a26
reloadAllAccessors: .expressionCastInference2

===========================================================================================
----------------- testing Sun Nov 01 15:58:54 UTC 2020 /home/travis/build/icyphy/ptII/ptolemy/actor/lib/test/auto/expressionInference.xml
----------------- Instantiating /home/travis/build/icyphy/ptII/ptolemy/actor/lib/test/auto/expressionInference.xml
1 ms. Memory: 686080K Free: 342259K (50%)
----------------- Invoking toplevel() on ptolemy.moml.MoMLSimpleApplication@5be8f9c6
----------------- Done invoking toplevel() on ptolemy.moml.MoMLSimpleApplication@5be8f9c6
reloadAllAccessors: .expressionInference

===========================================================================================
----------------- testing Sun Nov 01 15:58:54 UTC 2020 /home/travis/build/icyphy/ptII/ptolemy/actor/lib/test/auto/expression_bug.xml
----------------- Instantiating /home/travis/build/icyphy/ptII/ptolemy/actor/lib/test/auto/expression_bug.xml
1 ms. Memory: 686080K Free: 338163K (49%)
----------------- Invoking toplevel() on ptolemy.moml.MoMLSimpleApplication@45fa0f7d
----------------- Done invoking toplevel() on ptolemy.moml.MoMLSimpleApplication@45fa0f7d
reloadAllAccessors: .expression_bug

===========================================================================================
----------------- testing Sun Nov 01 15:58:54 UTC 2020 /home/travis/build/icyphy/ptII/ptolemy/actor/lib/test/auto/factorial.xml
----------------- Instantiating /home/travis/build/icyphy/ptII/ptolemy/actor/lib/test/auto/factorial.xml
32 ms. Memory: 686080K Free: 329461K (48%)
----------------- Invoking toplevel() on ptolemy.moml.MoMLSimpleApplication@73dab4ca
----------------- Done invoking toplevel() on ptolemy.moml.MoMLSimpleApplication@73dab4ca
reloadAllAccessors: .factorial

===========================================================================================
----------------- testing Sun Nov 01 15:58:54 UTC 2020 /home/travis/build/icyphy/ptII/ptolemy/actor/lib/test/auto/filterTest1.xml
----------------- Instantiating /home/travis/build/icyphy/ptII/ptolemy/actor/lib/test/auto/filterTest1.xml
3 ms. Memory: 686080K Free: 323812K (47%)
----------------- Invoking toplevel() on ptolemy.moml.MoMLSimpleApplication@641e1edf
----------------- Done invoking toplevel() on ptolemy.moml.MoMLSimpleApplication@641e1edf
reloadAllAccessors: .filterTest1

===========================================================================================
----------------- testing Sun Nov 01 15:58:54 UTC 2020 /home/travis/build/icyphy/ptII/ptolemy/actor/lib/test/auto/funcApplyInConst.xml
----------------- Instantiating /home/travis/build/icyphy/ptII/ptolemy/actor/lib/test/auto/funcApplyInConst.xml
0 ms. Memory: 686080K Free: 319731K (47%)
----------------- Invoking toplevel() on ptolemy.moml.MoMLSimpleApplication@4f88bd5a
----------------- Done invoking toplevel() on ptolemy.moml.MoMLSimpleApplication@4f88bd5a
reloadAllAccessors: .funcApplyInConst

===========================================================================================
----------------- testing Sun Nov 01 15:58:54 UTC 2020 /home/travis/build/icyphy/ptII/ptolemy/actor/lib/test/auto/funcApplyInExpr.xml
----------------- Instantiating /home/travis/build/icyphy/ptII/ptolemy/actor/lib/test/auto/funcApplyInExpr.xml
1 ms. Memory: 686080K Free: 316149K (46%)
----------------- Invoking toplevel() on ptolemy.moml.MoMLSimpleApplication@2e6ad808
----------------- Done invoking toplevel() on ptolemy.moml.MoMLSimpleApplication@2e6ad808
reloadAllAccessors: .funcApplyInExpr

===========================================================================================
----------------- testing Sun Nov 01 15:58:54 UTC 2020 /home/travis/build/icyphy/ptII/ptolemy/actor/lib/test/auto/function.xml
----------------- Instantiating /home/travis/build/icyphy/ptII/ptolemy/actor/lib/test/auto/function.xml
2 ms. Memory: 686080K Free: 311029K (45%)
----------------- Invoking toplevel() on ptolemy.moml.MoMLSimpleApplication@366a3d83
----------------- Done invoking toplevel() on ptolemy.moml.MoMLSimpleApplication@366a3d83
reloadAllAccessors: .function

===========================================================================================
----------------- testing Sun Nov 01 15:58:54 UTC 2020 /home/travis/build/icyphy/ptII/ptolemy/actor/lib/test/auto/function2.xml
----------------- Instantiating /home/travis/build/icyphy/ptII/ptolemy/actor/lib/test/auto/function2.xml
2 ms. Memory: 686080K Free: 306419K (45%)
----------------- Invoking toplevel() on ptolemy.moml.MoMLSimpleApplication@5421fff8
----------------- Done invoking toplevel() on ptolemy.moml.MoMLSimpleApplication@5421fff8
reloadAllAccessors: .function2

===========================================================================================
----------------- testing Sun Nov 01 15:58:54 UTC 2020 /home/travis/build/icyphy/ptII/ptolemy/actor/lib/test/auto/function3.xml
----------------- Instantiating /home/travis/build/icyphy/ptII/ptolemy/actor/lib/test/auto/function3.xml
1 ms. Memory: 686080K Free: 302323K (44%)
----------------- Invoking toplevel() on ptolemy.moml.MoMLSimpleApplication@2d66be7a
----------------- Done invoking toplevel() on ptolemy.moml.MoMLSimpleApplication@2d66be7a
reloadAllAccessors: .function3

===========================================================================================
----------------- testing Sun Nov 01 15:58:54 UTC 2020 /home/travis/build/icyphy/ptII/ptolemy/actor/lib/test/auto/functionClosureTest1.xml
----------------- Instantiating /home/travis/build/icyphy/ptII/ptolemy/actor/lib/test/auto/functionClosureTest1.xml
1 ms. Memory: 686080K Free: 296693K (43%)
----------------- Invoking toplevel() on ptolemy.moml.MoMLSimpleApplication@3a50ad4e
----------------- Done invoking toplevel() on ptolemy.moml.MoMLSimpleApplication@3a50ad4e
reloadAllAccessors: .functionClosureTest1

===========================================================================================
----------------- testing Sun Nov 01 15:58:54 UTC 2020 /home/travis/build/icyphy/ptII/ptolemy/actor/lib/test/auto/functionClosureTest2.xml
----------------- Instantiating /home/travis/build/icyphy/ptII/ptolemy/actor/lib/test/auto/functionClosureTest2.xml
1 ms. Memory: 686080K Free: 292597K (43%)
----------------- Invoking toplevel() on ptolemy.moml.MoMLSimpleApplication@b02a650
----------------- Done invoking toplevel() on ptolemy.moml.MoMLSimpleApplication@b02a650
reloadAllAccessors: .functionClosureTest2

===========================================================================================
----------------- testing Sun Nov 01 15:58:54 UTC 2020 /home/travis/build/icyphy/ptII/ptolemy/actor/lib/test/auto/functionClosureTest3.xml
----------------- Instantiating /home/travis/build/icyphy/ptII/ptolemy/actor/lib/test/auto/functionClosureTest3.xml
3 ms. Memory: 686080K Free: 287477K (42%)
----------------- Invoking toplevel() on ptolemy.moml.MoMLSimpleApplication@2881816e
----------------- Done invoking toplevel() on ptolemy.moml.MoMLSimpleApplication@2881816e
reloadAllAccessors: .functionClosureTest3

===========================================================================================
----------------- testing Sun Nov 01 15:58:54 UTC 2020 /home/travis/build/icyphy/ptII/ptolemy/actor/lib/test/auto/functionClosureTest4.xml
----------------- Instantiating /home/travis/build/icyphy/ptII/ptolemy/actor/lib/test/auto/functionClosureTest4.xml
4 ms. Memory: 686080K Free: 281333K (41%)
----------------- Invoking toplevel() on ptolemy.moml.MoMLSimpleApplication@1b3cb2df
----------------- Done invoking toplevel() on ptolemy.moml.MoMLSimpleApplication@1b3cb2df
reloadAllAccessors: .functionClosureTest4

===========================================================================================
----------------- testing Sun Nov 01 15:58:54 UTC 2020 /home/travis/build/icyphy/ptII/ptolemy/actor/lib/test/auto/functionClosureTest5.xml
----------------- Instantiating /home/travis/build/icyphy/ptII/ptolemy/actor/lib/test/auto/functionClosureTest5.xml
3 ms. Memory: 686080K Free: 275684K (40%)
----------------- Invoking toplevel() on ptolemy.moml.MoMLSimpleApplication@607c09ad
----------------- Done invoking toplevel() on ptolemy.moml.MoMLSimpleApplication@607c09ad
reloadAllAccessors: .functionClosureTest5

===========================================================================================
----------------- testing Sun Nov 01 15:58:54 UTC 2020 /home/travis/build/icyphy/ptII/ptolemy/actor/lib/test/auto/functionClosureTest6.xml
----------------- Instantiating /home/travis/build/icyphy/ptII/ptolemy/actor/lib/test/auto/functionClosureTest6.xml
2 ms. Memory: 686080K Free: 271093K (40%)
----------------- Invoking toplevel() on ptolemy.moml.MoMLSimpleApplication@3a2f7d58
----------------- Done invoking toplevel() on ptolemy.moml.MoMLSimpleApplication@3a2f7d58
reloadAllAccessors: .functionClosureTest6

===========================================================================================
----------------- testing Sun Nov 01 15:58:54 UTC 2020 /home/travis/build/icyphy/ptII/ptolemy/actor/lib/test/auto/functionsOnArcs.xml
----------------- Instantiating /home/travis/build/icyphy/ptII/ptolemy/actor/lib/test/auto/functionsOnArcs.xml
4 ms. Memory: 686080K Free: 265459K (39%)
----------------- Invoking toplevel() on ptolemy.moml.MoMLSimpleApplication@6bbc1f04
----------------- Done invoking toplevel() on ptolemy.moml.MoMLSimpleApplication@6bbc1f04
reloadAllAccessors: .functionsOnArcs

===========================================================================================
----------------- testing Sun Nov 01 15:58:54 UTC 2020 /home/travis/build/icyphy/ptII/ptolemy/actor/lib/test/auto/functionsOnArcsHOF.xml
----------------- Instantiating /home/travis/build/icyphy/ptII/ptolemy/actor/lib/test/auto/functionsOnArcsHOF.xml
3 ms. Memory: 686080K Free: 259829K (38%)
----------------- Invoking toplevel() on ptolemy.moml.MoMLSimpleApplication@2b34d2fc
----------------- Done invoking toplevel() on ptolemy.moml.MoMLSimpleApplication@2b34d2fc
reloadAllAccessors: .functionsOnArcsHOF

===========================================================================================
----------------- testing Sun Nov 01 15:58:54 UTC 2020 /home/travis/build/icyphy/ptII/ptolemy/actor/lib/test/auto/logic.xml
----------------- Instantiating /home/travis/build/icyphy/ptII/ptolemy/actor/lib/test/auto/logic.xml
1 ms. Memory: 686080K Free: 252147K (37%)
----------------- Invoking toplevel() on ptolemy.moml.MoMLSimpleApplication@6d5d4ba
----------------- Done invoking toplevel() on ptolemy.moml.MoMLSimpleApplication@6d5d4ba
reloadAllAccessors: .logic

===========================================================================================
----------------- testing Sun Nov 01 15:58:54 UTC 2020 /home/travis/build/icyphy/ptII/ptolemy/actor/lib/test/auto/matrixType.xml
----------------- Instantiating /home/travis/build/icyphy/ptII/ptolemy/actor/lib/test/auto/matrixType.xml
2 ms. Memory: 686080K Free: 247027K (36%)
----------------- Invoking toplevel() on ptolemy.moml.MoMLSimpleApplication@1f518e2d
----------------- Done invoking toplevel() on ptolemy.moml.MoMLSimpleApplication@1f518e2d
reloadAllAccessors: .matrixType

===========================================================================================
----------------- testing Sun Nov 01 15:58:54 UTC 2020 /home/travis/build/icyphy/ptII/ptolemy/actor/lib/test/auto/matrixType10.xml
----------------- Instantiating /home/travis/build/icyphy/ptII/ptolemy/actor/lib/test/auto/matrixType10.xml
1 ms. Memory: 686080K Free: 241907K (35%)
----------------- Invoking toplevel() on ptolemy.moml.MoMLSimpleApplication@78828953
----------------- Done invoking toplevel() on ptolemy.moml.MoMLSimpleApplication@78828953
reloadAllAccessors: .matrixType10

===========================================================================================
----------------- testing Sun Nov 01 15:58:54 UTC 2020 /home/travis/build/icyphy/ptII/ptolemy/actor/lib/test/auto/matrixType11.xml
----------------- Instantiating /home/travis/build/icyphy/ptII/ptolemy/actor/lib/test/auto/matrixType11.xml
2 ms. Memory: 686080K Free: 237301K (35%)
----------------- Invoking toplevel() on ptolemy.moml.MoMLSimpleApplication@6cbbfd1
----------------- Done invoking toplevel() on ptolemy.moml.MoMLSimpleApplication@6cbbfd1
reloadAllAccessors: .matrixType11

===========================================================================================
----------------- testing Sun Nov 01 15:58:54 UTC 2020 /home/travis/build/icyphy/ptII/ptolemy/actor/lib/test/auto/matrixType12.xml
----------------- Instantiating /home/travis/build/icyphy/ptII/ptolemy/actor/lib/test/auto/matrixType12.xml
1 ms. Memory: 686080K Free: 232181K (34%)
----------------- Invoking toplevel() on ptolemy.moml.MoMLSimpleApplication@447948bc
----------------- Done invoking toplevel() on ptolemy.moml.MoMLSimpleApplication@447948bc
reloadAllAccessors: .matrixType12

===========================================================================================
----------------- testing Sun Nov 01 15:58:54 UTC 2020 /home/travis/build/icyphy/ptII/ptolemy/actor/lib/test/auto/matrixType13.xml
----------------- Instantiating /home/travis/build/icyphy/ptII/ptolemy/actor/lib/test/auto/matrixType13.xml
1 ms. Memory: 686080K Free: 227571K (33%)
----------------- Invoking toplevel() on ptolemy.moml.MoMLSimpleApplication@64fe6ede
----------------- Done invoking toplevel() on ptolemy.moml.MoMLSimpleApplication@64fe6ede
reloadAllAccessors: .matrixType13

===========================================================================================
----------------- testing Sun Nov 01 15:58:54 UTC 2020 /home/travis/build/icyphy/ptII/ptolemy/actor/lib/test/auto/matrixType14.xml
----------------- Instantiating /home/travis/build/icyphy/ptII/ptolemy/actor/lib/test/auto/matrixType14.xml
27 ms. Memory: 686080K Free: 627556K (91%)
----------------- Invoking toplevel() on ptolemy.moml.MoMLSimpleApplication@40ca47d9
----------------- Done invoking toplevel() on ptolemy.moml.MoMLSimpleApplication@40ca47d9
reloadAllAccessors: .matrixType14

===========================================================================================
----------------- testing Sun Nov 01 15:58:54 UTC 2020 /home/travis/build/icyphy/ptII/ptolemy/actor/lib/test/auto/matrixType2.xml
----------------- Instantiating /home/travis/build/icyphy/ptII/ptolemy/actor/lib/test/auto/matrixType2.xml
2 ms. Memory: 686080K Free: 621412K (91%)
----------------- Invoking toplevel() on ptolemy.moml.MoMLSimpleApplication@291cfa42
----------------- Done invoking toplevel() on ptolemy.moml.MoMLSimpleApplication@291cfa42
reloadAllAccessors: .matrixType2

===========================================================================================
----------------- testing Sun Nov 01 15:58:54 UTC 2020 /home/travis/build/icyphy/ptII/ptolemy/actor/lib/test/auto/matrixType3.xml
----------------- Instantiating /home/travis/build/icyphy/ptII/ptolemy/actor/lib/test/auto/matrixType3.xml
1 ms. Memory: 686080K Free: 616806K (90%)
----------------- Invoking toplevel() on ptolemy.moml.MoMLSimpleApplication@5e59f13b
----------------- Done invoking toplevel() on ptolemy.moml.MoMLSimpleApplication@5e59f13b
reloadAllAccessors: .matrixType3

===========================================================================================
----------------- testing Sun Nov 01 15:58:54 UTC 2020 /home/travis/build/icyphy/ptII/ptolemy/actor/lib/test/auto/matrixType4.xml
----------------- Instantiating /home/travis/build/icyphy/ptII/ptolemy/actor/lib/test/auto/matrixType4.xml
2 ms. Memory: 686080K Free: 611686K (89%)
----------------- Invoking toplevel() on ptolemy.moml.MoMLSimpleApplication@22186ffb
----------------- Done invoking toplevel() on ptolemy.moml.MoMLSimpleApplication@22186ffb
reloadAllAccessors: .matrixType4

===========================================================================================
----------------- testing Sun Nov 01 15:58:54 UTC 2020 /home/travis/build/icyphy/ptII/ptolemy/actor/lib/test/auto/matrixType5.xml
----------------- Instantiating /home/travis/build/icyphy/ptII/ptolemy/actor/lib/test/auto/matrixType5.xml
2 ms. Memory: 686080K Free: 607076K (88%)
----------------- Invoking toplevel() on ptolemy.moml.MoMLSimpleApplication@7c84387b
----------------- Done invoking toplevel() on ptolemy.moml.MoMLSimpleApplication@7c84387b
reloadAllAccessors: .matrixType5

===========================================================================================
----------------- testing Sun Nov 01 15:58:54 UTC 2020 /home/travis/build/icyphy/ptII/ptolemy/actor/lib/test/auto/matrixType6.xml
----------------- Instantiating /home/travis/build/icyphy/ptII/ptolemy/actor/lib/test/auto/matrixType6.xml
17 ms. Memory: 686080K Free: 601956K (88%)
----------------- Invoking toplevel() on ptolemy.moml.MoMLSimpleApplication@72e78f27
----------------- Done invoking toplevel() on ptolemy.moml.MoMLSimpleApplication@72e78f27
reloadAllAccessors: .matrixType6

===========================================================================================
----------------- testing Sun Nov 01 15:58:54 UTC 2020 /home/travis/build/icyphy/ptII/ptolemy/actor/lib/test/auto/matrixType7.xml
----------------- Instantiating /home/travis/build/icyphy/ptII/ptolemy/actor/lib/test/auto/matrixType7.xml
2 ms. Memory: 686080K Free: 597350K (87%)
----------------- Invoking toplevel() on ptolemy.moml.MoMLSimpleApplication@59909880
----------------- Done invoking toplevel() on ptolemy.moml.MoMLSimpleApplication@59909880
reloadAllAccessors: .matrixType7

===========================================================================================
----------------- testing Sun Nov 01 15:58:54 UTC 2020 /home/travis/build/icyphy/ptII/ptolemy/actor/lib/test/auto/matrixType8.xml
----------------- Instantiating /home/travis/build/icyphy/ptII/ptolemy/actor/lib/test/auto/matrixType8.xml
2 ms. Memory: 686080K Free: 592230K (86%)
----------------- Invoking toplevel() on ptolemy.moml.MoMLSimpleApplication@68d88173
----------------- Done invoking toplevel() on ptolemy.moml.MoMLSimpleApplication@68d88173
reloadAllAccessors: .matrixType8

===========================================================================================
----------------- testing Sun Nov 01 15:58:54 UTC 2020 /home/travis/build/icyphy/ptII/ptolemy/actor/lib/test/auto/matrixType9.xml
----------------- Instantiating /home/travis/build/icyphy/ptII/ptolemy/actor/lib/test/auto/matrixType9.xml
1 ms. Memory: 686080K Free: 587620K (86%)
----------------- Invoking toplevel() on ptolemy.moml.MoMLSimpleApplication@40712a9
----------------- Done invoking toplevel() on ptolemy.moml.MoMLSimpleApplication@40712a9
reloadAllAccessors: .matrixType9

===========================================================================================
----------------- testing Sun Nov 01 15:58:54 UTC 2020 /home/travis/build/icyphy/ptII/ptolemy/actor/lib/test/auto/paraFunctest.xml
----------------- Instantiating /home/travis/build/icyphy/ptII/ptolemy/actor/lib/test/auto/paraFunctest.xml
1 ms. Memory: 686080K Free: 583014K (85%)
----------------- Invoking toplevel() on ptolemy.moml.MoMLSimpleApplication@462947ce
----------------- Done invoking toplevel() on ptolemy.moml.MoMLSimpleApplication@462947ce
reloadAllAccessors: .paraFunctest

===========================================================================================
----------------- testing Sun Nov 01 15:58:54 UTC 2020 /home/travis/build/icyphy/ptII/ptolemy/actor/lib/test/auto/paraFunctest2.xml
----------------- Instantiating /home/travis/build/icyphy/ptII/ptolemy/actor/lib/test/auto/paraFunctest2.xml
1 ms. Memory: 686080K Free: 578404K (84%)
----------------- Invoking toplevel() on ptolemy.moml.MoMLSimpleApplication@1891d099
----------------- Done invoking toplevel() on ptolemy.moml.MoMLSimpleApplication@1891d099
reloadAllAccessors: .paraFunctest2

===========================================================================================
----------------- testing Sun Nov 01 15:58:54 UTC 2020 /home/travis/build/icyphy/ptII/ptolemy/actor/lib/test/auto/parameterPassing.xml
----------------- Instantiating /home/travis/build/icyphy/ptII/ptolemy/actor/lib/test/auto/parameterPassing.xml
1 ms. Memory: 686080K Free: 573798K (84%)
----------------- Invoking toplevel() on ptolemy.moml.MoMLSimpleApplication@4479c687
----------------- Done invoking toplevel() on ptolemy.moml.MoMLSimpleApplication@4479c687
reloadAllAccessors: .parameterPassing

===========================================================================================
----------------- testing Sun Nov 01 15:58:54 UTC 2020 /home/travis/build/icyphy/ptII/ptolemy/actor/lib/test/auto/record.xml
----------------- Instantiating /home/travis/build/icyphy/ptII/ptolemy/actor/lib/test/auto/record.xml
3 ms. Memory: 686080K Free: 569188K (83%)
----------------- Invoking toplevel() on ptolemy.moml.MoMLSimpleApplication@74870d43
----------------- Done invoking toplevel() on ptolemy.moml.MoMLSimpleApplication@74870d43
reloadAllAccessors: .record

===========================================================================================
----------------- testing Sun Nov 01 15:58:54 UTC 2020 /home/travis/build/icyphy/ptII/ptolemy/actor/lib/test/auto/sizedarray1.xml
----------------- Instantiating /home/travis/build/icyphy/ptII/ptolemy/actor/lib/test/auto/sizedarray1.xml
2 ms. Memory: 686080K Free: 563558K (82%)
----------------- Invoking toplevel() on ptolemy.moml.MoMLSimpleApplication@4035e50f
----------------- Done invoking toplevel() on ptolemy.moml.MoMLSimpleApplication@4035e50f
reloadAllAccessors: .sizedarray1

===========================================================================================
----------------- testing Sun Nov 01 15:58:54 UTC 2020 /home/travis/build/icyphy/ptII/ptolemy/actor/lib/test/auto/sizedarray2.xml
----------------- Instantiating /home/travis/build/icyphy/ptII/ptolemy/actor/lib/test/auto/sizedarray2.xml
2 ms. Memory: 686080K Free: 557924K (81%)
----------------- Invoking toplevel() on ptolemy.moml.MoMLSimpleApplication@572088f6
----------------- Done invoking toplevel() on ptolemy.moml.MoMLSimpleApplication@572088f6
reloadAllAccessors: .sizedarray2

===========================================================================================
----------------- testing Sun Nov 01 15:58:54 UTC 2020 /home/travis/build/icyphy/ptII/ptolemy/actor/lib/test/auto/twoPublishers.xml
----------------- Instantiating /home/travis/build/icyphy/ptII/ptolemy/actor/lib/test/auto/twoPublishers.xml
6 ms. Memory: 686080K Free: 547174K (80%)
----------------- Invoking toplevel() on ptolemy.moml.MoMLSimpleApplication@5d679160
----------------- Done invoking toplevel() on ptolemy.moml.MoMLSimpleApplication@5d679160
reloadAllAccessors: .twoPublishers
AutoTests.java: About to close Vertx.
AutoTests.java: Vertx closed.
]]></system-out>
  <system-err><![CDATA[java.lang.RuntimeException: Execution failed
	at ptolemy.moml.MoMLSimpleApplication$UnloadThread.run(MoMLSimpleApplication.java:402)
Caused by: java.lang.RuntimeException: StringUtilities.exit() was called. Normally, we would exit here because Manager.exitAfterWrapup() was called.  However, because the ptolemy.ptII.exitAfterWrapup property is set, we throw this exception instead.
	at ptolemy.util.StringUtilities.exit(StringUtilities.java:365)
	at ptolemy.actor.Manager.wrapup(Manager.java:1549)
	at ptolemy.actor.Manager.execute(Manager.java:407)
	at ptolemy.actor.Manager.run(Manager.java:1263)
	at ptolemy.actor.Manager$PtolemyRunThread.run(Manager.java:1933)
Warning: '.top.test' is in training mode, set the trainingMode parameter to false before checking in
Warning: '.top.test' is in training mode, set the trainingMode parameter to false before checking in
Warning: '.top.test' is in training mode, set the trainingMode parameter to false before checking in
Warning: '.BooleanSwitch_RegressionTest_WrongTrainingValues.Test' is in training mode, set the trainingMode parameter to false before checking in
Warning: '.BooleanSwitch_RegressionTest_WrongTrainingValues.Test2' is in training mode, set the trainingMode parameter to false before checking in
Warning: '.BooleanSwitch_RegressionTest_WrongTrainingValues.Test2' The test produced 0 tokens.
Warning: '.top.testExceptionHandler' is in training mode, set the trainingMode parameter to false before checking in
java.lang.RuntimeException: Execution failed
	at ptolemy.moml.MoMLSimpleApplication$UnloadThread.run(MoMLSimpleApplication.java:402)
Caused by: ptolemy.kernel.util.IllegalActionException: PublisherPorts cannot be used at the top level, use a Publisher actor instead.
  in .PublisherPortToplevelSubscriber.PublisherPort
	at ptolemy.actor.PublisherPort.preinitialize(PublisherPort.java:403)
	at ptolemy.actor.CompositeActor.preinitialize(CompositeActor.java:1769)
	at ptolemy.actor.Manager.preinitializeAndResolveTypes(Manager.java:1040)
	at ptolemy.actor.Manager.initialize(Manager.java:710)
	at ptolemy.actor.Manager.execute(Manager.java:356)
	at ptolemy.actor.Manager.run(Manager.java:1263)
	at ptolemy.actor.Manager$PtolemyRunThread.run(Manager.java:1933)
java.lang.reflect.InvocationTargetException
	at java.base/jdk.internal.reflect.NativeConstructorAccessorImpl.newInstance0(Native Method)
	at java.base/jdk.internal.reflect.NativeConstructorAccessorImpl.newInstance(NativeConstructorAccessorImpl.java:62)
	at java.base/jdk.internal.reflect.DelegatingConstructorAccessorImpl.newInstance(DelegatingConstructorAccessorImpl.java:45)
	at java.base/java.lang.reflect.Constructor.newInstance(Constructor.java:490)
	at ptolemy.util.test.junit.AutoKnownFailedTests.RunModel(AutoKnownFailedTests.java:105)
	at java.base/jdk.internal.reflect.NativeMethodAccessorImpl.invoke0(Native Method)
	at java.base/jdk.internal.reflect.NativeMethodAccessorImpl.invoke(NativeMethodAccessorImpl.java:62)
	at java.base/jdk.internal.reflect.DelegatingMethodAccessorImpl.invoke(DelegatingMethodAccessorImpl.java:43)
	at java.base/java.lang.reflect.Method.invoke(Method.java:566)
	at org.junit.runners.model.FrameworkMethod$1.runReflectiveCall(FrameworkMethod.java:44)
	at org.junit.internal.runners.model.ReflectiveCallable.run(ReflectiveCallable.java:15)
	at org.junit.runners.model.FrameworkMethod.invokeExplosively(FrameworkMethod.java:41)
	at junitparams.internal.InvokeParameterisedMethod.evaluate(InvokeParameterisedMethod.java:102)
	at org.junit.internal.runners.statements.FailOnTimeout$1.run(FailOnTimeout.java:28)
Caused by: ptolemy.kernel.util.IllegalActionException: PublisherPorts cannot be used at the top level, use a Publisher actor instead.
  in .PublisherPortToplevelSubscriber.PublisherPort
	at ptolemy.actor.PublisherPort.preinitialize(PublisherPort.java:403)
	at ptolemy.actor.CompositeActor.preinitialize(CompositeActor.java:1769)
	at ptolemy.actor.Manager.preinitializeAndResolveTypes(Manager.java:1040)
	at ptolemy.actor.Manager.initialize(Manager.java:710)
	at ptolemy.actor.Manager.execute(Manager.java:356)
	at ptolemy.actor.Manager.run(Manager.java:1263)
	at ptolemy.actor.Manager$PtolemyRunThread.run(Manager.java:1933)
java.lang.RuntimeException: Execution failed
	at ptolemy.moml.MoMLSimpleApplication$UnloadThread.run(MoMLSimpleApplication.java:402)
Caused by: ptolemy.kernel.util.IllegalActionException: SubscriberPorts cannot be used at the top level, use a Subscriber actor instead.
  in .PublisherSubscriberPortToplevel.SubscriberPort
	at ptolemy.actor.SubscriberPort.preinitialize(SubscriberPort.java:328)
	at ptolemy.actor.CompositeActor.preinitialize(CompositeActor.java:1769)
	at ptolemy.actor.Manager.preinitializeAndResolveTypes(Manager.java:1040)
	at ptolemy.actor.Manager.initialize(Manager.java:710)
	at ptolemy.actor.Manager.execute(Manager.java:356)
	at ptolemy.actor.Manager.run(Manager.java:1263)
	at ptolemy.actor.Manager$PtolemyRunThread.run(Manager.java:1933)
java.lang.reflect.InvocationTargetException
	at java.base/jdk.internal.reflect.NativeConstructorAccessorImpl.newInstance0(Native Method)
	at java.base/jdk.internal.reflect.NativeConstructorAccessorImpl.newInstance(NativeConstructorAccessorImpl.java:62)
	at java.base/jdk.internal.reflect.DelegatingConstructorAccessorImpl.newInstance(DelegatingConstructorAccessorImpl.java:45)
	at java.base/java.lang.reflect.Constructor.newInstance(Constructor.java:490)
	at ptolemy.util.test.junit.AutoKnownFailedTests.RunModel(AutoKnownFailedTests.java:105)
	at java.base/jdk.internal.reflect.NativeMethodAccessorImpl.invoke0(Native Method)
	at java.base/jdk.internal.reflect.NativeMethodAccessorImpl.invoke(NativeMethodAccessorImpl.java:62)
	at java.base/jdk.internal.reflect.DelegatingMethodAccessorImpl.invoke(DelegatingMethodAccessorImpl.java:43)
	at java.base/java.lang.reflect.Method.invoke(Method.java:566)
	at org.junit.runners.model.FrameworkMethod$1.runReflectiveCall(FrameworkMethod.java:44)
	at org.junit.internal.runners.model.ReflectiveCallable.run(ReflectiveCallable.java:15)
	at org.junit.runners.model.FrameworkMethod.invokeExplosively(FrameworkMethod.java:41)
	at junitparams.internal.InvokeParameterisedMethod.evaluate(InvokeParameterisedMethod.java:102)
	at org.junit.internal.runners.statements.FailOnTimeout$1.run(FailOnTimeout.java:28)
Caused by: ptolemy.kernel.util.IllegalActionException: SubscriberPorts cannot be used at the top level, use a Subscriber actor instead.
  in .PublisherSubscriberPortToplevel.SubscriberPort
	at ptolemy.actor.SubscriberPort.preinitialize(SubscriberPort.java:328)
	at ptolemy.actor.CompositeActor.preinitialize(CompositeActor.java:1769)
	at ptolemy.actor.Manager.preinitializeAndResolveTypes(Manager.java:1040)
	at ptolemy.actor.Manager.initialize(Manager.java:710)
	at ptolemy.actor.Manager.execute(Manager.java:356)
	at ptolemy.actor.Manager.run(Manager.java:1263)
	at ptolemy.actor.Manager$PtolemyRunThread.run(Manager.java:1933)
java.lang.RuntimeException: Execution failed
	at ptolemy.moml.MoMLSimpleApplication$UnloadThread.run(MoMLSimpleApplication.java:402)
Caused by: ptolemy.kernel.util.IllegalActionException: SubscriptionAggregatorPorts cannot be used at the top level, use a SubscriptionAggregator actor instead.
  in .PublisherSubscriptionAggregatorPort.SubscriptionAggregatorPort
	at ptolemy.actor.SubscriptionAggregatorPort.preinitialize(SubscriptionAggregatorPort.java:353)
	at ptolemy.actor.CompositeActor.preinitialize(CompositeActor.java:1769)
	at ptolemy.actor.Manager.preinitializeAndResolveTypes(Manager.java:1040)
	at ptolemy.actor.Manager.initialize(Manager.java:710)
	at ptolemy.actor.Manager.execute(Manager.java:356)
	at ptolemy.actor.Manager.run(Manager.java:1263)
	at ptolemy.actor.Manager$PtolemyRunThread.run(Manager.java:1933)
java.lang.reflect.InvocationTargetException
	at java.base/jdk.internal.reflect.NativeConstructorAccessorImpl.newInstance0(Native Method)
	at java.base/jdk.internal.reflect.NativeConstructorAccessorImpl.newInstance(NativeConstructorAccessorImpl.java:62)
	at java.base/jdk.internal.reflect.DelegatingConstructorAccessorImpl.newInstance(DelegatingConstructorAccessorImpl.java:45)
	at java.base/java.lang.reflect.Constructor.newInstance(Constructor.java:490)
	at ptolemy.util.test.junit.AutoKnownFailedTests.RunModel(AutoKnownFailedTests.java:105)
	at java.base/jdk.internal.reflect.NativeMethodAccessorImpl.invoke0(Native Method)
	at java.base/jdk.internal.reflect.NativeMethodAccessorImpl.invoke(NativeMethodAccessorImpl.java:62)
	at java.base/jdk.internal.reflect.DelegatingMethodAccessorImpl.invoke(DelegatingMethodAccessorImpl.java:43)
	at java.base/java.lang.reflect.Method.invoke(Method.java:566)
	at org.junit.runners.model.FrameworkMethod$1.runReflectiveCall(FrameworkMethod.java:44)
	at org.junit.internal.runners.model.ReflectiveCallable.run(ReflectiveCallable.java:15)
	at org.junit.runners.model.FrameworkMethod.invokeExplosively(FrameworkMethod.java:41)
	at junitparams.internal.InvokeParameterisedMethod.evaluate(InvokeParameterisedMethod.java:102)
	at org.junit.internal.runners.statements.FailOnTimeout$1.run(FailOnTimeout.java:28)
Caused by: ptolemy.kernel.util.IllegalActionException: SubscriptionAggregatorPorts cannot be used at the top level, use a SubscriptionAggregator actor instead.
  in .PublisherSubscriptionAggregatorPort.SubscriptionAggregatorPort
	at ptolemy.actor.SubscriptionAggregatorPort.preinitialize(SubscriptionAggregatorPort.java:353)
	at ptolemy.actor.CompositeActor.preinitialize(CompositeActor.java:1769)
	at ptolemy.actor.Manager.preinitializeAndResolveTypes(Manager.java:1040)
	at ptolemy.actor.Manager.initialize(Manager.java:710)
	at ptolemy.actor.Manager.execute(Manager.java:356)
	at ptolemy.actor.Manager.run(Manager.java:1263)
	at ptolemy.actor.Manager$PtolemyRunThread.run(Manager.java:1933)
java.lang.RuntimeException: Execution failed
	at ptolemy.moml.MoMLSimpleApplication$UnloadThread.run(MoMLSimpleApplication.java:402)
Caused by: ptolemy.kernel.util.IllegalActionException: TypeTest actor has no training data.
  in .sizedarray3.TypeTest
	at ptolemy.actor.lib.TypeTest.initialize(TypeTest.java:250)
	at ptolemy.actor.Director.initialize(Director.java:938)
	at ptolemy.actor.Director.initialize(Director.java:907)
	at ptolemy.actor.sched.StaticSchedulingDirector.initialize(StaticSchedulingDirector.java:159)
	at ptolemy.domains.sdf.kernel.SDFDirector.initialize(SDFDirector.java:544)
	at ptolemy.actor.CompositeActor.initialize(CompositeActor.java:935)
	at ptolemy.actor.Manager.initialize(Manager.java:724)
	at ptolemy.actor.Manager.execute(Manager.java:356)
	at ptolemy.actor.Manager.run(Manager.java:1263)
	at ptolemy.actor.Manager$PtolemyRunThread.run(Manager.java:1933)
java.lang.reflect.InvocationTargetException
	at java.base/jdk.internal.reflect.NativeConstructorAccessorImpl.newInstance0(Native Method)
	at java.base/jdk.internal.reflect.NativeConstructorAccessorImpl.newInstance(NativeConstructorAccessorImpl.java:62)
	at java.base/jdk.internal.reflect.DelegatingConstructorAccessorImpl.newInstance(DelegatingConstructorAccessorImpl.java:45)
	at java.base/java.lang.reflect.Constructor.newInstance(Constructor.java:490)
	at ptolemy.util.test.junit.AutoKnownFailedTests.RunModel(AutoKnownFailedTests.java:105)
	at java.base/jdk.internal.reflect.NativeMethodAccessorImpl.invoke0(Native Method)
	at java.base/jdk.internal.reflect.NativeMethodAccessorImpl.invoke(NativeMethodAccessorImpl.java:62)
	at java.base/jdk.internal.reflect.DelegatingMethodAccessorImpl.invoke(DelegatingMethodAccessorImpl.java:43)
	at java.base/java.lang.reflect.Method.invoke(Method.java:566)
	at org.junit.runners.model.FrameworkMethod$1.runReflectiveCall(FrameworkMethod.java:44)
	at org.junit.internal.runners.model.ReflectiveCallable.run(ReflectiveCallable.java:15)
	at org.junit.runners.model.FrameworkMethod.invokeExplosively(FrameworkMethod.java:41)
	at junitparams.internal.InvokeParameterisedMethod.evaluate(InvokeParameterisedMethod.java:102)
	at org.junit.internal.runners.statements.FailOnTimeout$1.run(FailOnTimeout.java:28)
Caused by: ptolemy.kernel.util.IllegalActionException: TypeTest actor has no training data.
  in .sizedarray3.TypeTest
	at ptolemy.actor.lib.TypeTest.initialize(TypeTest.java:250)
	at ptolemy.actor.Director.initialize(Director.java:938)
	at ptolemy.actor.Director.initialize(Director.java:907)
	at ptolemy.actor.sched.StaticSchedulingDirector.initialize(StaticSchedulingDirector.java:159)
	at ptolemy.domains.sdf.kernel.SDFDirector.initialize(SDFDirector.java:544)
	at ptolemy.actor.CompositeActor.initialize(CompositeActor.java:935)
	at ptolemy.actor.Manager.initialize(Manager.java:724)
	at ptolemy.actor.Manager.execute(Manager.java:356)
	at ptolemy.actor.Manager.run(Manager.java:1263)
	at ptolemy.actor.Manager$PtolemyRunThread.run(Manager.java:1933)
]]></system-err>
</testsuite>
