<?xml version="1.0" encoding="UTF-8" ?>
<testsuite errors="0" failures="0" hostname="travis-job-0bbd86d5-a4c7-42a9-9f80-72d7ef0a17ba" name="ptolemy.actor.lib.test.junit.JUnitTclTest" skipped="0" tests="517" time="61.449" timestamp="2018-06-16T01:23:27">
  <properties>
    <property name="npm.executable" value="npm" />
    <property name="file.encoding.pkg" value="sun.io" />
    <property name="ptII.mk.exists" value="true" />
    <property name="env.rvm_bin_path" value="/home/travis/.rvm/bin" />
    <property name="java.home" value="/usr/lib/jvm/java-8-oracle/jre" />
    <property name="env.TRAVIS_JOB_NUMBER" value="600.8" />
    <property name="env.DISPLAY" value=":99.0" />
    <property name="java.net.preferIPv4Stack" value="true" />
    <property name="env.SSH_TTY" value="/dev/pts/0" />
    <property name="env.RUN_TESTS" value="true" />
    <property name="timeout.short" value="1000000" />
    <property name="env.TRAVIS_STACK_NODE_ATTRIBUTES" value="/.node-attributes.yml" />
    <property name="junit.formatter" value="xml" />
    <property name="java.endorsed.dirs" value="/usr/lib/jvm/java-8-oracle/jre/lib/endorsed" />
    <property name="env.TRAVIS_SUDO" value="true" />
    <property name="env.LOGNAME" value="travis" />
    <property name="env.PT_TRAVIS_TEST_CORE1_XML" value="true" />
    <property name="jsdoc.home" value="node_modules/@terraswarm/jsdoc" />
    <property name="debuglevel" value="source,lines,vars" />
    <property name="checkstyle.formatter" value="xml" />
    <property name="bin.vergil.makeable" value="true" />
    <property name="env._system_version" value="14.04" />
    <property name="sun.os.patch.level" value="unknown" />
    <property name="java.vendor.url" value="http://java.oracle.com/" />
    <property name="java.version" value="1.8.0_151" />
    <property name="env.TZ" value="UTC" />
    <property name="env.PT_NO_NET" value="true" />
    <property name="env.TRAVIS_PULL_REQUEST_SHA" value="" />
    <property name="env.TRAVIS_SECURE_ENV_VARS" value="true" />
    <property name="env._system_type" value="Linux" />
    <property name="java.vendor.url.bug" value="http://bugreport.sun.com/bugreport/" />
    <property name="env.SSH_CLIENT" value="10.10.16.9 39754 22" />
    <property name="npmjs-org-is-up" value="true" />
    <property name="env.GEM_HOME" value="/home/travis/.rvm/gems/ruby-2.4.1" />
    <property name="env.HAS_ANTARES_THREE_LITTLE_FRONZIES_BADGE" value="true" />
    <property name="env.PS4" value="+" />
    <property name="ant.project.invoked-targets" value="build,test.core1.xml" />
    <property name="env.TRAVIS_PULL_REQUEST_BRANCH" value="" />
    <property name="env.TRAVIS_REPO_SLUG" value="icyphy/ptII" />
    <property name="node.in.path" value="true" />
    <property name="java.maxmemory" value="1400m" />
    <property name="env.RUBY_VERSION" value="ruby-2.4.1" />
    <property name="user.name" value="travis" />
    <property name="env.LANG" value="en_US.UTF-8" />
    <property name="sun.io.unicode.encoding" value="UnicodeLittle" />
    <property name="sun.jnu.encoding" value="UTF-8" />
    <property name="java.runtime.name" value="Java(TM) SE Runtime Environment" />
    <property name="usefile" value="false" />
    <property name="return.code" value="0" />
    <property name="junit.single.formatter" value="plain" />
    <property name="env.DYLD_LIBRARY_PATH" value="/home/travis/pthla/certi-tools/lib:" />
    <property name="env.DEBIAN_FRONTEND" value="noninteractive" />
    <property name="env.SSH_CONNECTION" value="10.10.16.9 39754 10.20.0.127 22" />
    <property name="env.MYSQL_UNIX_PORT" value="/var/run/mysqld/mysqld.sock" />
    <property name="env.TRAVIS_ALLOW_FAILURE" value="false" />
    <property name="env.LC_ALL" value="en_US.UTF-8" />
    <property name="java.specification.name" value="Java Platform API Specification" />
    <property name="node.works" value="true" />
    <property name="user.timezone" value="" />
    <property name="path.separator" value=":" />
    <property name="env.PYTHON_CFLAGS" value="-g -fstack-protector --param=ssp-buffer-size=4 -Wformat -Werror=format-security" />
    <property name="timeout.long" value="4000000" />
    <property name="env.CERTI_HOME" value="/home/travis/pthla/certi-tools" />
    <property name="file.encoding" value="UTF-8" />
    <property name="ant.file.ptII" value="/home/travis/build/icyphy/ptII/build.xml" />
    <property name="javadoc.packagenames" value="com.*,diva.*,lbnl.*,org.hlacerti.*,org.json.*,org.ptolemy.*,org.terraswarm.*,ptolemy.*,ptserver.*" />
    <property name="env.TRAVIS_PULL_REQUEST_SLUG" value="" />
    <property name="ant.project.default-target" value="build" />
    <property name="env.GIT_ASKPASS" value="echo" />
    <property name="env.HOME" value="/home/travis" />
    <property name="sun.java.command" value="org.apache.tools.ant.taskdefs.optional.junit.JUnitTestRunner ptolemy.actor.lib.test.junit.JUnitTclTest skipNonTests=false filtertrace=true haltOnError=false haltOnFailure=false formatter=org.apache.tools.ant.taskdefs.optional.junit.OutErrSummaryJUnitResultFormatter showoutput=true outputtoformatters=true logfailedtests=true threadid=0 logtestlistenerevents=false formatter=org.apache.tools.ant.taskdefs.optional.junit.XMLJUnitResultFormatter,/home/travis/build/icyphy/ptII/reports/junit/TEST-ptolemy.actor.lib.test.junit.JUnitTclTest.xml crashfile=/home/travis/build/icyphy/ptII/junitvmwatcher5517520116443412746.properties propsfile=/home/travis/build/icyphy/ptII/junit5458421189354570657.properties" />
    <property name="env.MANPATH" value="/home/travis/.nvm/versions/node/v7.10.1/share/man:/home/travis/.kiex/elixirs/elixir-1.4.5/man:/home/travis/.rvm/rubies/ruby-2.4.1/share/man:/usr/local/man:/usr/local/cmake-3.9.2/man:/usr/local/clang-5.0.0/share/man:/usr/local/share/man:/usr/share/man:/home/travis/.rvm/man" />
    <property name="env.COMPOSER_NO_INTERACTION" value="1" />
    <property name="env.JDK_SWITCHER_DEFAULT" value="oraclejdk8" />
    <property name="ant.file" value="/home/travis/build/icyphy/ptII/build.xml" />
    <property name="env.TRAVIS_COMMIT_RANGE" value="86c8ea9033ac9f1efcb34c89adc7ccf41d7a42ab...c3d1419984984bd4a91cc1d8d0343f0d77e586eb" />
    <property name="env._system_name" value="Ubuntu" />
    <property name="timeout" value="2400000" />
    <property name="ptII.classpath.optional.property" value="/home/travis/build/icyphy/ptII/lib/bsh-2.0b4.jar:/home/travis/build/icyphy/ptII/lib/ptCal.jar:/home/travis/build/icyphy/ptII/lib/java_cup.jar:/home/travis/build/icyphy/ptII/lib/saxon8.jar:/home/travis/build/icyphy/ptII/lib/saxon8-dom.jar:/home/travis/build/icyphy/ptII/lib/chic.jar:/home/travis/build/icyphy/ptII/lib/ptcolt.jar:/usr/lib/jvm/java-8-oracle/lib/tools.jar:/usr/lib/eclipse/plugins/org.eclipse.jdt.core_3.8.2.dist.jar:/usr/lib/eclipse/plugins/org.eclipse.core.runtime_3.8.0.dist.jar:/usr/lib/eclipse/plugins/org.eclipse.osgi_3.8.1.dist.jar:/usr/lib/eclipse/plugins/org.eclipse.core.resources_3.8.1.dist.jar:/usr/lib/eclipse/plugins/org.eclipse.equinox.common_3.6.100.dist.jar:/usr/lib/eclipse/plugins/org.eclipse.core.jobs_3.5.200.dist.jar:/usr/lib/eclipse/plugins/org.eclipse.core.contenttype_3.4.200.dist.jar:/usr/lib/eclipse/plugins/org.eclipse.equinox.preferences_3.5.0.dist.jar:/usr/lib/eclipse/plugins/org.eclipse.text_3.5.200.dist.jar:/usr/lib/eclipse/plugins/org.eclipse.ui.workbench_3.8.1.dist.jar:/usr/lib/eclipse/plugins/org.eclipse.jface_3.8.0.dist.jar:/usr/lib/eclipse/plugins/org.eclipse.swt_3.8.2.jar:/usr/lib/eclipse/plugins/org.eclipse.jface.text_3.8.1.dist.jar:/usr/lib/eclipse/plugins/org.eclipse.ui.workbench.texteditor_3.8.0.dist.jar:/usr/lib/eclipse/plugins/org.eclipse.ui.editors_3.8.0.dist.jar:/usr/lib/eclipse/plugins/org.eclipse.core.commands_3.6.1.dist.jar:/usr/lib/eclipse/plugins/org.eclipse.equinox.registry_3.5.200.dist.jar:/usr/lib/eclipse/plugins/org.eclipse.ui.console_3.5.100.dist.jar:/usr/lib/eclipse/plugins/org.eclipse.ui.forms_3.5.200.dist.jar:/usr/lib/eclipse/plugins/org.eclipse.ui.ide_3.8.1.dist.jar:/home/travis/build/icyphy/ptII/vendors/oracle/dbxml.jar:/home/travis/build/icyphy/ptII/vendors/oracle/db.jar:/home/travis/build/icyphy/ptII/vendors/misc/itext/iText.jar:/home/travis/build/icyphy/ptII/lib/g4ltl.jar:/home/travis/build/icyphy/ptII/lib/StructuralCoder.jar:/home/travis/build/icyphy/ptII/lib/org-openide-util.jar:/home/travis/build/icyphy/ptII/lib/org-openide-util-lookup.jar:/home/travis/build/icyphy/ptII/lib/org-netbeans-api-visual.jar:/home/travis/build/icyphy/ptII/vendors/jai-1_1_2_01/lib/jai_core.jar:/home/travis/build/icyphy/ptII/vendors/jai-1_1_2_01/lib/jai_codec.jar:/home/travis/build/icyphy/ptII/lib/jcerti.jar:/home/travis/build/icyphy/ptII/lib/smack.jar:/home/travis/build/icyphy/ptII/lib/smackx.jar:/home/travis/build/icyphy/ptII/lib/jetty-all-8.1.5-v20120716.jar:/home/travis/build/icyphy/ptII/lib/javax.servlet-api-3.0.1.jar:/home/travis/build/icyphy/ptII/lib/javax.mail.jar:/home/travis/build/icyphy/ptII/vendors/JMF-2.1.1e/lib/jmf.jar:/home/travis/build/icyphy/ptII/lib/jna-4.0.0-variadic.jar:/home/travis/build/icyphy/ptII/vendors/misc/joystick/Joystick.jar:/home/travis/build/icyphy/ptII/lib/ptjacl.jar:/home/travis/build/icyphy/ptII/lib/jsoup-1.8.2.jar:/home/travis/build/icyphy/ptII/lib/junit-4.8.2.jar:/home/travis/build/icyphy/ptII/lib/JUnitParams-0.4.0.jar:/home/travis/build/icyphy/ptII/ptolemy/actor/lib/excel/jxl.jar:/home/travis/build/icyphy/ptII/lib/jython.jar:/home/travis/build/icyphy/ptII/lib/kieler.jar:/home/travis/build/icyphy/ptII/vendors/opencv/share/OpenCV/java/opencv-341.jar:/home/travis/build/icyphy/ptII/lib/oscP5.jar:/home/travis/build/icyphy/ptII/lib/nrjavaserial-3.11.0.devel.jar:/home/travis/build/icyphy/ptII/vendors/j3d/lib/j3dcore.jar:/home/travis/build/icyphy/ptII/vendors/j3d/lib/j3dutils.jar:/home/travis/build/icyphy/ptII/vendors/j3d/lib/vecmath.jar:/home/travis/build/icyphy/ptII/ptolemy/distributed/jini/jar/jini-core.jar:/home/travis/build/icyphy/ptII/ptolemy/distributed/jini/jar/jini-ext.jar:/home/travis/build/icyphy/ptII/ptolemy/distributed/jini/jar/sun-util.jar:/home/travis/build/icyphy/ptII/lib/protobuf-java-2.4.1.jar:/home/travis/build/icyphy/ptII/lib/org.eclipse.paho.client.mqttv3.jar:/home/travis/build/icyphy/ptII/ptserver/lib/hessian-4.0.7.jar:/home/travis/build/icyphy/ptII/ptserver/lib/wmqtt.jar:/home/travis/build/icyphy/ptII/lib/mapss.jar:/home/travis/build/icyphy/ptII/ptolemy/actor/ptalon/antlr/antlr.jar:/home/travis/build/icyphy/ptII/lib/JRI.jar:/home/travis/build/icyphy/ptII/lib/commons-lang-2.6.jar:/home/travis/build/icyphy/ptII/lib/commons-logging-1.1.1.jar:/home/travis/build/icyphy/ptII/lib/sootclasses.jar:/home/travis/build/icyphy/ptII/ptolemy/actor/lib/database/mysql-connector-java-5.1.6-bin.jar:/home/travis/build/icyphy/ptII/vendors/misc/sphinx4/sphinx4-data-5prealpha.jar:/home/travis/build/icyphy/ptII/vendors/misc/sphinx4/sphinx4-core-5prealpha.jar:/home/travis/build/icyphy/ptII/lib/PDFRenderer.jar:/home/travis/build/icyphy/ptII/lib/svgSalamander.jar:/home/travis/build/icyphy/ptII/lib/rsyntaxtextarea-2.6.0-SNAPSHOT.jar:/home/travis/build/icyphy/ptII/lib/hazelcast-3.8.2.jar:/home/travis/build/icyphy/ptII/lib/jackson-annotations-2.9.0.jar:/home/travis/build/icyphy/ptII/lib/jackson-core-2.9.3.jar:/home/travis/build/icyphy/ptII/lib/jackson-databind-2.9.3.jar:/home/travis/build/icyphy/ptII/lib/netty-buffer-4.1.19.Final.jar:/home/travis/build/icyphy/ptII/lib/netty-codec-4.1.19.Final.jar:/home/travis/build/icyphy/ptII/lib/netty-codec-dns-4.1.19.Final.jar:/home/travis/build/icyphy/ptII/lib/netty-codec-http-4.1.19.Final.jar:/home/travis/build/icyphy/ptII/lib/netty-codec-http2-4.1.19.Final.jar:/home/travis/build/icyphy/ptII/lib/netty-common-4.1.19.Final.jar:/home/travis/build/icyphy/ptII/lib/netty-handler-4.1.19.Final.jar:/home/travis/build/icyphy/ptII/lib/netty-resolver-4.1.19.Final.jar:/home/travis/build/icyphy/ptII/lib/netty-resolver-dns-4.1.19.Final.jar:/home/travis/build/icyphy/ptII/lib/netty-transport-4.1.19.Final.jar:/home/travis/build/icyphy/ptII/lib/vertx-codegen-3.5.1.jar:/home/travis/build/icyphy/ptII/lib/vertx-core-3.5.2-SNAPSHOT.jar:/home/travis/build/icyphy/ptII/lib/vertx-hazelcast-3.5.1.jar:/home/travis/build/icyphy/ptII/lib/vertx-lang-js-3.5.1.jar:/home/travis/build/icyphy/ptII/lib/vertx-service-proxy-3.5.1.jar:/home/travis/build/icyphy/ptII/lib/vertx-web-3.5.1.jar:/home/travis/build/icyphy/ptII/lib/slf4j-api-1.7.13.jar:/home/travis/build/icyphy/ptII/lib/slf4j-simple-1.7.13.jar:/home/travis/build/icyphy/ptII/lib/webcam-capture-0.3.12.jar:/home/travis/build/icyphy/ptII/lib/bridj-0.7.0.jar:/home/travis/build/icyphy/ptII/lib/xbjlib-1.1.0.nrjavaserial.jar" />
    <property name="test.batch" value="**/junit/*.java" />
    <property name="env._" value="/usr/bin/timeout" />
    <property name="java.io.tmpdir" value="/tmp" />
    <property name="user.language" value="en" />
    <property name="env.HISTCONTROL" value="ignoredups:ignorespace" />
    <property name="env.GOROOT" value="/home/travis/.gimme/versions/go1.7.4.linux.amd64" />
    <property name="line.separator" value="&#xa;" />
    <property name="target" value="1.8" />
    <property name="env.TRAVIS_BUILD_DIR" value="/home/travis/build/icyphy/ptII" />
    <property name="env.ANT_OPTS" value="-Xmx2048m" />
    <property name="ant.file.type" value="file" />
    <property name="ptolemy.ptII.batchMode" value="true" />
    <property name="env.HISTSIZE" value="1000" />
    <property name="env.MERB_ENV" value="test" />
    <property name="java.vm.info" value="mixed mode" />
    <property name="source" value="1.8" />
    <property name="java.vm.specification.name" value="Java Virtual Machine Specification" />
    <property name="env.TRAVIS_TEST_RESULT" value="0" />
    <property name="jsdoc.command" value="node_modules/@terraswarm/jsdoc/jsdoc.js" />
    <property name="npm.works" value="true" />
    <property name="cobertura.dir" value="/home/travis/build/icyphy/ptII/vendors/cobertura-2.0.3" />
    <property name="env.rvm_path" value="/home/travis/.rvm" />
    <property name="env.GEM_PATH" value="/home/travis/.rvm/gems/ruby-2.4.1:/home/travis/.rvm/gems/ruby-2.4.1@global" />
    <property name="env.LC_CTYPE" value="en_US.UTF-8" />
    <property name="java.awt.printerjob" value="sun.print.PSPrinterJob" />
    <property name="env.TRAVIS_STACK_NAME" value="garnet" />
    <property name="ant.version" value="Apache Ant(TM) version 1.10.1 compiled on February 2 2017" />
    <property name="ptII.reports" value="/home/travis/build/icyphy/ptII/reports" />
    <property name="env.TRAVIS_STACK_TIMESTAMP" value="2017-12-05 19:33:09 UTC" />
    <property name="ant.file.type.ptII" value="file" />
    <property name="env.RBENV_SHELL" value="bash" />
    <property name="os.name" value="Linux" />
    <property name="java.specification.vendor" value="Oracle Corporation" />
    <property name="env.rvm_version" value="1.29.3 (latest)" />
    <property name="env.TERM" value="xterm" />
    <property name="java.vm.name" value="Java HotSpot(TM) 64-Bit Server VM" />
    <property name="env.TRAVIS_BUILD_NUMBER" value="600" />
    <property name="env.CI" value="true" />
    <property name="java.library.path" value="/home/travis/pthla/certi-tools/lib:/usr/lib/jni:/usr/local/share/OpenCV/java/:/usr/share/OpenCV/java::/usr/java/packages/lib/amd64:/usr/lib64:/lib64:/lib:/usr/lib" />
    <property name="env.rvm_prefix" value="/home/travis" />
    <property name="env.PATH" value="/home/travis/pthla/certi-tools/share/scripts:/home/travis/.rvm/gems/ruby-2.4.1/bin:/home/travis/.rvm/gems/ruby-2.4.1@global/bin:/home/travis/.rvm/rubies/ruby-2.4.1/bin:/home/travis/.rvm/bin:/home/travis/.nvm/versions/node/v7.10.1/bin:./node_modules/.bin:/home/travis/build/icyphy/ptII/bin:/home/travis/pthla/certi-tools/bin:/home/travis/bin:/home/travis/.local/bin:/opt/pyenv/shims:/home/travis/.phpenv/shims:/home/travis/perl5/perlbrew/bin:/home/travis/.kiex/elixirs/elixir-1.4.5/bin:/home/travis/.kiex/bin:/home/travis/gopath/bin:/home/travis/.gimme/versions/go1.7.4.linux.amd64/bin:/usr/local/phantomjs/bin:/usr/local/phantomjs:/usr/local/neo4j-3.2.7/bin:/usr/local/maven-3.5.2/bin:/usr/local/cmake-3.9.2/bin:/usr/local/clang-5.0.0/bin:/usr/local/sbin:/usr/local/bin:/usr/sbin:/usr/bin:/sbin:/bin:/home/travis/.phpenv/bin:/opt/pyenv/bin:/home/travis/.yarn/bin" />
    <property name="env.TRAVIS_OS_NAME" value="linux" />
    <property name="ant.java.version" value="1.8" />
    <property name="basedir" value="/home/travis/build/icyphy/ptII" />
    <property name="java.class.version" value="52.0" />
    <property name="env.SHLVL" value="3" />
    <property name="env.LD_LIBRARY_PATH" value="/home/travis/pthla/certi-tools/lib:/usr/lib/jni:/usr/local/share/OpenCV/java/:/usr/share/OpenCV/java:" />
    <property name="env.RACK_ENV" value="test" />
    <property name="ant.home" value="/home/travis/build/icyphy/ptII/ant" />
    <property name="env.NVM_DIR" value="/home/travis/.nvm" />
    <property name="env.PERLBREW_BASHRC_VERSION" value="0.80" />
    <property name="env.CERTI_FOM_PATH" value="/home/travis/pthla/certi-tools/share/federations" />
    <property name="env.TRAVIS_BUILD_ID" value="392957997" />
    <property name="env.PYENV_ROOT" value="/opt/pyenv" />
    <property name="env.TRAVIS_UID" value="2000" />
    <property name="env.rvm_pretty_print_flag" value="auto" />
    <property name="env.NVM_BIN" value="/home/travis/.nvm/versions/node/v7.10.1/bin" />
    <property name="env.TRAVIS_COMMIT" value="c3d1419984984bd4a91cc1d8d0343f0d77e586eb" />
    <property name="env._system_arch" value="x86_64" />
    <property name="node.executable" value="node" />
    <property name="sun.boot.library.path" value="/usr/lib/jvm/java-8-oracle/jre/lib/amd64" />
    <property name="sun.management.compiler" value="HotSpot 64-Bit Tiered Compilers" />
    <property name="env.GOPATH" value="/home/travis/gopath" />
    <property name="java.awt.graphicsenv" value="sun.awt.X11GraphicsEnvironment" />
    <property name="ptolemy.ptII.dir" value="/home/travis/build/icyphy/ptII" />
    <property name="env.USER" value="travis" />
    <property name="env.HISTFILESIZE" value="2000" />
    <property name="timeout.longest" value="19000000" />
    <property name="env.TRAVIS_STACK_FEATURES" value="basic cassandra chromium couchdb disabled-ipv6 docker docker-compose elasticsearch firefox go-toolchain google-chrome jdk memcached mongodb mysql neo4j nodejs_interpreter perl_interpreter perlbrew phantomjs postgresql python_interpreter rabbitmq redis riak ruby_interpreter sqlite xserver" />
    <property name="env.TRAVIS_PULL_REQUEST" value="false" />
    <property name="env.PYENV_SHELL" value="bash" />
    <property name="ant.project.name" value="ptII" />
    <property name="java.vm.specification.version" value="1.8" />
    <property name="env.CERTI_VERSION" value="4.0.0" />
    <property name="env.NLSPATH" value="/usr/dt/lib/nls/msg/%L/%N.cat" />
    <property name="awt.toolkit" value="sun.awt.X11.XToolkit" />
    <property name="env.CERTI_HOST" value="localhost" />
    <property name="env.MY_RUBY_HOME" value="/home/travis/.rvm/rubies/ruby-2.4.1" />
    <property name="sun.cpu.isalist" value="" />
    <property name="java.ext.dirs" value="/usr/lib/jvm/java-8-oracle/jre/lib/ext:/usr/java/packages/lib/ext" />
    <property name="os.version" value="4.4.0-101-generic" />
    <property name="user.home" value="/home/travis" />
    <property name="env.MIX_ARCHIVES" value="/home/travis/.kiex/mix/elixir-1.4.5" />
    <property name="java.vm.vendor" value="Oracle Corporation" />
    <property name="env.TRAVIS_TAG" value="nightly" />
    <property name="env.TRAVIS_FILTERED" value="redirect_io" />
    <property name="javadoc.excludepackagenames" value="adm.cvs2svn.*,build.*,config.*,doc.coding.templates.*,jni.test.jni.meaningOfLife.*,jni.test.jni.testDeux.*,jni.test.jni.testTrois.*,org.terraswarm.accessor.accessors.web.node_modules.*,org.terraswarm.accessor.accessors.web.hosts.cordova.demo.*,org.terraswarm.accessor.accessors.web.hosts.cordova.plugins.*,org.terraswarm.accessor.accessors-svn.*,pt-modules.*,ptolemy.apps.agilent.*,ptolemy.apps.anytimecontrol.*,ptolemy.apps.apes.*,ptolemy.apps.charon.*,ptolemy.apps.crazyboard.*,ptolemy.apps.eclipse.*,ptolemy.apps.etherealSting.*,ptolemy.apps.fullscreen.*,ptolemy.apps.giotto.*,ptolemy.apps.ia.*,ptolemy.apps.interfaces.*,ptolemy.apps.jmf.*,ptolemy.apps.kurt.*,ptolemy.apps.kvm.*,ptolemy.apps.lego.*,ptolemy.apps.lejos.*,ptolemy.apps.midp.*,ptolemy.apps.mobileCoding.*,ptolemy.apps.pendulum.*,ptolemy.apps.rijndael.*,ptolemy.apps.robot.*,ptolemy.apps.security.*,ptolemy.apps.sobel.*,ptolemy.apps.soot.*,ptolemy.apps.throttle.*,ptolemy.apps.tini.*,ptolemy.apps.transmission.*,ptolemy.apps.vergil.*,ptolemy.apps.waba.*,ptolemy.apps.websensor.*,ptolemy.apps.webstart.*,ptolemy.apps.xsl.*,ptolemy.apps.zaurus.*,ptolemy.backtrack.eclipse.plugin.*,ptolemy.backtrack.test.*,ptolemy.codegen.c.actor.lib.oldJavaFiles.*,ptolemy.codegen.dsp.lib.*,ptolemy.codegen.kernel.newInterfaces.*,ptolemy.codegen.lib.*,ptolemy.copernicus.kernel.fragment.*,ptolemy.copernicus.shallow.cg.*,ptolemy.domains.giotto.demo.Hierarchy.Hierarchy.*,ptolemy.domains.giotto.demo.Multimode.Multimode.*,ptolemy.domains.giotto.demo.Simple.Simple.*,ptolemy.domains.gr.lib.experimental.*,ptolemy.domains.gro.*,ptolemy.domains.pdf.*,ptolemy.domains.ptinyos.demo.Surge.output.*,ptolemy.moml.test.NoPackageActor.java*,ptolemy.plot.adm.*,ptolemy.plot.servlet.*,reports.*,signed.*,src.*,target.*,vendors.*,ptolemy.cg.adapter.generic.program.procedural.c.mbed*,ptolemy.actor.lib.fmi.fmus.omc*,ptolemy.domains.openmodelica*,ptdb.kernel.bl.save.test.*,ptdb.kernel.bl.load.test.*,ptdb.kernel.bl.search.test.*,ptdb.kernel.bl.migration.test.*,ptdb.kernel.database.test.*,ptdb.test.*,ptdb.gui.test.*,org.ptolemy.scala.*,diva.util.java2d.svg.*,ptolemy.domains.ptinyos.*,ptolemy.actor.lib.fmi.fmipp.*,,org.terraswarm.accessor.accessors.web.node_modules.*,org.terraswarm.accessor.accessors-svn,ptolemy.apps.*,ptolemy.actor.ptalon.demo.ptinyos.SendAndReceiveCnt.output,ptolemy.actor.ptalon.demo.ptinyos.SenseToLeds.output,ptolemy.domains.ptinyos.demo.CntToLedsAndRfm.output,ptolemy.domains.ptinyos.demo.RfmToLeds.output,ptolemy.domains.ptinyos.demo.SendAndReceiveCnt.output,ptolemy.domains.ptinyos.demo.SenseToLeds.output,ptolemy.actor.lib.jjs.modules.udpSocket.*" />
    <property name="env.JAVA_HOME" value="/usr/lib/jvm/java-8-oracle" />
    <property name="env.PTII" value="/home/travis/build/icyphy/ptII" />
    <property name="env.TRAVIS_COMMIT_MESSAGE" value="Merge branch &apos;master&apos; of https://github.com/icyphy/ptII" />
    <property name="keystore" value="ptKeystore" />
    <property name="env.XDG_SESSION_ID" value="2" />
    <property name="junit.output.dir" value="/home/travis/build/icyphy/ptII/reports/junit" />
    <property name="npm.return.code" value="0" />
    <property name="user.dir" value="/home/travis/build/icyphy/ptII/ptolemy/actor/lib/test" />
    <property name="env.TRAVIS_NODE_VERSION" value="7" />
    <property name="env.XFILESEARCHPATH" value="/usr/dt/app-defaults/%L/Dt" />
    <property name="env.TRAVIS_EVENT_TYPE" value="cron" />
    <property name="env.MAIL" value="/var/mail/travis" />
    <property name="env.PWD" value="/home/travis/build/icyphy/ptII" />
    <property name="env.PERLBREW_ROOT" value="/home/travis/perl5/perlbrew" />
    <property name="timeout.npm" value="45000" />
    <property name="env.PAGER" value="cat" />
    <property name="sun.cpu.endian" value="little" />
    <property name="env.TRAVIS_BUILD_STAGE_NAME" value="Test" />
    <property name="env.PERLBREW_HOME" value="/home/travis/.perlbrew" />
    <property name="env.RAILS_ENV" value="test" />
    <property name="java.vm.version" value="25.151-b12" />
    <property name="java.class.path" value="/home/travis/.ptolemyII:/home/travis/.ptolemyII/*:/home/travis/build/icyphy/ptII:/home/travis/build/icyphy/ptII/lib/bsh-2.0b4.jar:/home/travis/build/icyphy/ptII/lib/ptCal.jar:/home/travis/build/icyphy/ptII/lib/java_cup.jar:/home/travis/build/icyphy/ptII/lib/saxon8.jar:/home/travis/build/icyphy/ptII/lib/saxon8-dom.jar:/home/travis/build/icyphy/ptII/lib/chic.jar:/home/travis/build/icyphy/ptII/lib/ptcolt.jar:/usr/lib/jvm/java-8-oracle/lib/tools.jar:/usr/lib/eclipse/plugins/org.eclipse.jdt.core_3.8.2.dist.jar:/usr/lib/eclipse/plugins/org.eclipse.core.runtime_3.8.0.dist.jar:/usr/lib/eclipse/plugins/org.eclipse.osgi_3.8.1.dist.jar:/usr/lib/eclipse/plugins/org.eclipse.core.resources_3.8.1.dist.jar:/usr/lib/eclipse/plugins/org.eclipse.equinox.common_3.6.100.dist.jar:/usr/lib/eclipse/plugins/org.eclipse.core.jobs_3.5.200.dist.jar:/usr/lib/eclipse/plugins/org.eclipse.core.contenttype_3.4.200.dist.jar:/usr/lib/eclipse/plugins/org.eclipse.equinox.preferences_3.5.0.dist.jar:/usr/lib/eclipse/plugins/org.eclipse.text_3.5.200.dist.jar:/usr/lib/eclipse/plugins/org.eclipse.ui.workbench_3.8.1.dist.jar:/usr/lib/eclipse/plugins/org.eclipse.jface_3.8.0.dist.jar:/usr/lib/eclipse/plugins/org.eclipse.swt_3.8.2.jar:/usr/lib/eclipse/plugins/org.eclipse.jface.text_3.8.1.dist.jar:/usr/lib/eclipse/plugins/org.eclipse.ui.workbench.texteditor_3.8.0.dist.jar:/usr/lib/eclipse/plugins/org.eclipse.ui.editors_3.8.0.dist.jar:/usr/lib/eclipse/plugins/org.eclipse.core.commands_3.6.1.dist.jar:/usr/lib/eclipse/plugins/org.eclipse.equinox.registry_3.5.200.dist.jar:/usr/lib/eclipse/plugins/org.eclipse.ui.console_3.5.100.dist.jar:/usr/lib/eclipse/plugins/org.eclipse.ui.forms_3.5.200.dist.jar:/usr/lib/eclipse/plugins/org.eclipse.ui.ide_3.8.1.dist.jar:/home/travis/build/icyphy/ptII/vendors/oracle/dbxml.jar:/home/travis/build/icyphy/ptII/vendors/oracle/db.jar:/home/travis/build/icyphy/ptII/vendors/misc/itext/iText.jar:/home/travis/build/icyphy/ptII/lib/g4ltl.jar:/home/travis/build/icyphy/ptII/lib/StructuralCoder.jar:/home/travis/build/icyphy/ptII/lib/org-openide-util.jar:/home/travis/build/icyphy/ptII/lib/org-openide-util-lookup.jar:/home/travis/build/icyphy/ptII/lib/org-netbeans-api-visual.jar:/home/travis/build/icyphy/ptII/vendors/jai-1_1_2_01/lib/jai_core.jar:/home/travis/build/icyphy/ptII/vendors/jai-1_1_2_01/lib/jai_codec.jar:/home/travis/build/icyphy/ptII/lib/jcerti.jar:/home/travis/build/icyphy/ptII/lib/smack.jar:/home/travis/build/icyphy/ptII/lib/smackx.jar:/home/travis/build/icyphy/ptII/lib/jetty-all-8.1.5-v20120716.jar:/home/travis/build/icyphy/ptII/lib/javax.servlet-api-3.0.1.jar:/home/travis/build/icyphy/ptII/lib/javax.mail.jar:/home/travis/build/icyphy/ptII/vendors/JMF-2.1.1e/lib/jmf.jar:/home/travis/build/icyphy/ptII/lib/jna-4.0.0-variadic.jar:/home/travis/build/icyphy/ptII/vendors/misc/joystick/Joystick.jar:/home/travis/build/icyphy/ptII/lib/ptjacl.jar:/home/travis/build/icyphy/ptII/lib/jsoup-1.8.2.jar:/home/travis/build/icyphy/ptII/lib/junit-4.8.2.jar:/home/travis/build/icyphy/ptII/lib/JUnitParams-0.4.0.jar:/home/travis/build/icyphy/ptII/ptolemy/actor/lib/excel/jxl.jar:/home/travis/build/icyphy/ptII/lib/jython.jar:/home/travis/build/icyphy/ptII/lib/kieler.jar:/home/travis/build/icyphy/ptII/vendors/opencv/share/OpenCV/java/opencv-341.jar:/home/travis/build/icyphy/ptII/lib/oscP5.jar:/home/travis/build/icyphy/ptII/lib/nrjavaserial-3.11.0.devel.jar:/home/travis/build/icyphy/ptII/vendors/j3d/lib/j3dcore.jar:/home/travis/build/icyphy/ptII/vendors/j3d/lib/j3dutils.jar:/home/travis/build/icyphy/ptII/vendors/j3d/lib/vecmath.jar:/home/travis/build/icyphy/ptII/ptolemy/distributed/jini/jar/jini-core.jar:/home/travis/build/icyphy/ptII/ptolemy/distributed/jini/jar/jini-ext.jar:/home/travis/build/icyphy/ptII/ptolemy/distributed/jini/jar/sun-util.jar:/home/travis/build/icyphy/ptII/lib/protobuf-java-2.4.1.jar:/home/travis/build/icyphy/ptII/lib/org.eclipse.paho.client.mqttv3.jar:/home/travis/build/icyphy/ptII/ptserver/lib/hessian-4.0.7.jar:/home/travis/build/icyphy/ptII/ptserver/lib/wmqtt.jar:/home/travis/build/icyphy/ptII/lib/mapss.jar:/home/travis/build/icyphy/ptII/ptolemy/actor/ptalon/antlr/antlr.jar:/home/travis/build/icyphy/ptII/lib/JRI.jar:/home/travis/build/icyphy/ptII/lib/commons-lang-2.6.jar:/home/travis/build/icyphy/ptII/lib/commons-logging-1.1.1.jar:/home/travis/build/icyphy/ptII/lib/sootclasses.jar:/home/travis/build/icyphy/ptII/ptolemy/actor/lib/database/mysql-connector-java-5.1.6-bin.jar:/home/travis/build/icyphy/ptII/vendors/misc/sphinx4/sphinx4-data-5prealpha.jar:/home/travis/build/icyphy/ptII/vendors/misc/sphinx4/sphinx4-core-5prealpha.jar:/home/travis/build/icyphy/ptII/lib/PDFRenderer.jar:/home/travis/build/icyphy/ptII/lib/svgSalamander.jar:/home/travis/build/icyphy/ptII/lib/rsyntaxtextarea-2.6.0-SNAPSHOT.jar:/home/travis/build/icyphy/ptII/lib/hazelcast-3.8.2.jar:/home/travis/build/icyphy/ptII/lib/jackson-annotations-2.9.0.jar:/home/travis/build/icyphy/ptII/lib/jackson-core-2.9.3.jar:/home/travis/build/icyphy/ptII/lib/jackson-databind-2.9.3.jar:/home/travis/build/icyphy/ptII/lib/netty-buffer-4.1.19.Final.jar:/home/travis/build/icyphy/ptII/lib/netty-codec-4.1.19.Final.jar:/home/travis/build/icyphy/ptII/lib/netty-codec-dns-4.1.19.Final.jar:/home/travis/build/icyphy/ptII/lib/netty-codec-http-4.1.19.Final.jar:/home/travis/build/icyphy/ptII/lib/netty-codec-http2-4.1.19.Final.jar:/home/travis/build/icyphy/ptII/lib/netty-common-4.1.19.Final.jar:/home/travis/build/icyphy/ptII/lib/netty-handler-4.1.19.Final.jar:/home/travis/build/icyphy/ptII/lib/netty-resolver-4.1.19.Final.jar:/home/travis/build/icyphy/ptII/lib/netty-resolver-dns-4.1.19.Final.jar:/home/travis/build/icyphy/ptII/lib/netty-transport-4.1.19.Final.jar:/home/travis/build/icyphy/ptII/lib/vertx-codegen-3.5.1.jar:/home/travis/build/icyphy/ptII/lib/vertx-core-3.5.2-SNAPSHOT.jar:/home/travis/build/icyphy/ptII/lib/vertx-hazelcast-3.5.1.jar:/home/travis/build/icyphy/ptII/lib/vertx-lang-js-3.5.1.jar:/home/travis/build/icyphy/ptII/lib/vertx-service-proxy-3.5.1.jar:/home/travis/build/icyphy/ptII/lib/vertx-web-3.5.1.jar:/home/travis/build/icyphy/ptII/lib/slf4j-api-1.7.13.jar:/home/travis/build/icyphy/ptII/lib/slf4j-simple-1.7.13.jar:/home/travis/build/icyphy/ptII/lib/webcam-capture-0.3.12.jar:/home/travis/build/icyphy/ptII/lib/bridj-0.7.0.jar:/home/travis/build/icyphy/ptII/lib/xbjlib-1.1.0.nrjavaserial.jar:/home/travis/build/icyphy/ptII/ptolemy/moml/test:/home/travis/build/icyphy/ptII/ant/lib/ant-launcher.jar:/home/travis/build/icyphy/ptII/ant/lib/ant.jar:/home/travis/build/icyphy/ptII/ant/lib/ant-junit.jar:/home/travis/build/icyphy/ptII/ant/lib/ant-junit4.jar" />
    <property name="ant.library.dir" value="/home/travis/build/icyphy/ptII/ant/lib" />
    <property name="os.arch" value="amd64" />
    <property name="env.TRAVIS_LANGUAGE" value="node_js" />
    <property name="env.CONTINUOUS_INTEGRATION" value="true" />
    <property name="env.TRAVIS_STACK_LANGUAGES" value="__garnet__ c c++ clojure cplusplus cpp default go groovy java node_js php pure_java python ruby scala" />
    <property name="test.name" value="ptolemy.actor.lib.test.junit.JUnitTclTest" />
    <property name="sun.java.launcher" value="SUN_STANDARD" />
    <property name="env.PYTHON_CONFIGURE_OPTS" value="--enable-unicode=ucs4 --with-wide-unicode --enable-shared --enable-ipv6 --enable-loadable-sqlite-extensions --with-computed-gotos" />
    <property name="ant.core.lib" value="/home/travis/build/icyphy/ptII/ant/lib/ant.jar" />
    <property name="java.vm.specification.vendor" value="Oracle Corporation" />
    <property name="env.BCVTB_HOME" value="/home/travis/build/icyphy/ptII/lbnl" />
    <property name="file.separator" value="/" />
    <property name="java.runtime.version" value="1.8.0_151-b12" />
    <property name="spotbugs.home" value="/home/travis/build/icyphy/ptII/vendors/spotbugs-3.1.1" />
    <property name="sun.boot.class.path" value="/usr/lib/jvm/java-8-oracle/jre/lib/resources.jar:/usr/lib/jvm/java-8-oracle/jre/lib/rt.jar:/usr/lib/jvm/java-8-oracle/jre/lib/sunrsasign.jar:/usr/lib/jvm/java-8-oracle/jre/lib/jsse.jar:/usr/lib/jvm/java-8-oracle/jre/lib/jce.jar:/usr/lib/jvm/java-8-oracle/jre/lib/charsets.jar:/usr/lib/jvm/java-8-oracle/jre/lib/jfr.jar:/usr/lib/jvm/java-8-oracle/jre/classes" />
    <property name="env.HAS_JOSH_K_SEAL_OF_APPROVAL" value="true" />
    <property name="env.TRAVIS_OSX_IMAGE" value="" />
    <property name="env.XDG_RUNTIME_DIR" value="/run/user/2000" />
    <property name="env.TRAVIS_BRANCH" value="master" />
    <property name="env.TRAVIS_JOB_ID" value="392958005" />
    <property name="env.CERTI_HOME_TRAVIS" value="/home/travis/pthla/certi-tools" />
    <property name="user.country" value="US" />
    <property name="env.SHELL" value="/bin/bash" />
    <property name="java.maxmemory.large" value="5000m" />
    <property name="model" value="" />
    <property name="env.CASHER_DIR" value="/home/travis/.casher" />
    <property name="env.NVM_CD_FLAGS" value="" />
    <property name="jshint.executable" value="/home/travis/node_modules/jshint/bin/jshint" />
    <property name="java.vendor" value="Oracle Corporation" />
    <property name="env.JRUBY_OPTS" value=" --client -J-XX:+TieredCompilation -J-XX:TieredStopAtLevel=1 -J-Xss2m -Xcompile.invokedynamic=false" />
    <property name="env.TRAVIS_PRE_CHEF_BOOTSTRAP_TIME" value="2017-12-05T19:32:55" />
    <property name="env.TRAVIS_STACK_JOB_BOARD_REGISTER" value="/.job-board-register.yml" />
    <property name="env.ELIXIR_VERSION" value="1.4.5" />
    <property name="java.specification.version" value="1.8" />
    <property name="env.IRBRC" value="/home/travis/.rvm/rubies/ruby-2.4.1/.irbrc" />
    <property name="env.TRAVIS" value="true" />
    <property name="sun.arch.data.model" value="64" />
  </properties>
  <testcase classname="ptolemy.util.test.junit.TclTests" name="[0] /home/travis/build/icyphy/ptII/ptolemy/actor/lib/test/AbsoluteValue.tcl (RunTclFile)" time="0.473" />
  <testcase classname="ptolemy.util.test.junit.TclTests" name="[1] /home/travis/build/icyphy/ptII/ptolemy/actor/lib/test/AddSubtract.tcl (RunTclFile)" time="0.094" />
  <testcase classname="ptolemy.util.test.junit.TclTests" name="[2] /home/travis/build/icyphy/ptII/ptolemy/actor/lib/test/Average.tcl (RunTclFile)" time="0.064" />
  <testcase classname="ptolemy.util.test.junit.TclTests" name="[3] /home/travis/build/icyphy/ptII/ptolemy/actor/lib/test/Bernoulli.tcl (RunTclFile)" time="0.024" />
  <testcase classname="ptolemy.util.test.junit.TclTests" name="[4] /home/travis/build/icyphy/ptII/ptolemy/actor/lib/test/Clock.tcl (RunTclFile)" time="0.114" />
  <testcase classname="ptolemy.util.test.junit.TclTests" name="[5] /home/travis/build/icyphy/ptII/ptolemy/actor/lib/test/Commutator.tcl (RunTclFile)" time="0.116" />
  <testcase classname="ptolemy.util.test.junit.TclTests" name="[6] /home/travis/build/icyphy/ptII/ptolemy/actor/lib/test/Const.tcl (RunTclFile)" time="0.111" />
  <testcase classname="ptolemy.util.test.junit.TclTests" name="[7] /home/travis/build/icyphy/ptII/ptolemy/actor/lib/test/CurrentTime.tcl (RunTclFile)" time="0.021" />
  <testcase classname="ptolemy.util.test.junit.TclTests" name="[8] /home/travis/build/icyphy/ptII/ptolemy/actor/lib/test/DB.tcl (RunTclFile)" time="0.021" />
  <testcase classname="ptolemy.util.test.junit.TclTests" name="[9] /home/travis/build/icyphy/ptII/ptolemy/actor/lib/test/DiscreteRandomSource.tcl (RunTclFile)" time="0.044" />
  <testcase classname="ptolemy.util.test.junit.TclTests" name="[10] /home/travis/build/icyphy/ptII/ptolemy/actor/lib/test/Distributor.tcl (RunTclFile)" time="0.066" />
  <testcase classname="ptolemy.util.test.junit.TclTests" name="[11] /home/travis/build/icyphy/ptII/ptolemy/actor/lib/test/Exit.tcl (RunTclFile)" time="0.063" />
  <testcase classname="ptolemy.util.test.junit.TclTests" name="[12] /home/travis/build/icyphy/ptII/ptolemy/actor/lib/test/Expression.tcl (RunTclFile)" time="0.105" />
  <testcase classname="ptolemy.util.test.junit.TclTests" name="[13] /home/travis/build/icyphy/ptII/ptolemy/actor/lib/test/Gaussian.tcl (RunTclFile)" time="0.591" />
  <testcase classname="ptolemy.util.test.junit.TclTests" name="[14] /home/travis/build/icyphy/ptII/ptolemy/actor/lib/test/IIR.tcl (RunTclFile)" time="0.023" />
  <testcase classname="ptolemy.util.test.junit.TclTests" name="[15] /home/travis/build/icyphy/ptII/ptolemy/actor/lib/test/Interpolator.tcl (RunTclFile)" time="0.095" />
  <testcase classname="ptolemy.util.test.junit.TclTests" name="[16] /home/travis/build/icyphy/ptII/ptolemy/actor/lib/test/MathFunction.tcl (RunTclFile)" time="0.072" />
  <testcase classname="ptolemy.util.test.junit.TclTests" name="[17] /home/travis/build/icyphy/ptII/ptolemy/actor/lib/test/Maximum.tcl (RunTclFile)" time="0.044" />
  <testcase classname="ptolemy.util.test.junit.TclTests" name="[18] /home/travis/build/icyphy/ptII/ptolemy/actor/lib/test/Minimum.tcl (RunTclFile)" time="0.039" />
  <testcase classname="ptolemy.util.test.junit.TclTests" name="[19] /home/travis/build/icyphy/ptII/ptolemy/actor/lib/test/MultiplyDivide.tcl (RunTclFile)" time="0.047" />
  <testcase classname="ptolemy.util.test.junit.TclTests" name="[20] /home/travis/build/icyphy/ptII/ptolemy/actor/lib/test/OrderedMerge.tcl (RunTclFile)" time="0.061" />
  <testcase classname="ptolemy.util.test.junit.TclTests" name="[21] /home/travis/build/icyphy/ptII/ptolemy/actor/lib/test/Publisher.tcl (RunTclFile)" time="0.739" />
  <testcase classname="ptolemy.util.test.junit.TclTests" name="[22] /home/travis/build/icyphy/ptII/ptolemy/actor/lib/test/Pulse.tcl (RunTclFile)" time="0.035" />
  <testcase classname="ptolemy.util.test.junit.TclTests" name="[23] /home/travis/build/icyphy/ptII/ptolemy/actor/lib/test/Ramp.tcl (RunTclFile)" time="2.291" />
  <testcase classname="ptolemy.util.test.junit.TclTests" name="[24] /home/travis/build/icyphy/ptII/ptolemy/actor/lib/test/RampContinuous.tcl (RunTclFile)" time="0.024" />
  <testcase classname="ptolemy.util.test.junit.TclTests" name="[25] /home/travis/build/icyphy/ptII/ptolemy/actor/lib/test/RecordAssembler.tcl (RunTclFile)" time="0.019" />
  <testcase classname="ptolemy.util.test.junit.TclTests" name="[26] /home/travis/build/icyphy/ptII/ptolemy/actor/lib/test/RecordDisassembler.tcl (RunTclFile)" time="0.028" />
  <testcase classname="ptolemy.util.test.junit.TclTests" name="[27] /home/travis/build/icyphy/ptII/ptolemy/actor/lib/test/Scale.tcl (RunTclFile)" time="0.033" />
  <testcase classname="ptolemy.util.test.junit.TclTests" name="[28] /home/travis/build/icyphy/ptII/ptolemy/actor/lib/test/SequentialClock.tcl (RunTclFile)" time="0.022" />
  <testcase classname="ptolemy.util.test.junit.TclTests" name="[29] /home/travis/build/icyphy/ptII/ptolemy/actor/lib/test/SetVariable.tcl (RunTclFile)" time="0.016" />
  <testcase classname="ptolemy.util.test.junit.TclTests" name="[30] /home/travis/build/icyphy/ptII/ptolemy/actor/lib/test/Sinewave.tcl (RunTclFile)" time="0.061" />
  <testcase classname="ptolemy.util.test.junit.TclTests" name="[31] /home/travis/build/icyphy/ptII/ptolemy/actor/lib/test/SubscriptionAggregator.tcl (RunTclFile)" time="2.107" />
  <testcase classname="ptolemy.util.test.junit.TclTests" name="[32] /home/travis/build/icyphy/ptII/ptolemy/actor/lib/test/Test.tcl (RunTclFile)" time="0.069" />
  <testcase classname="ptolemy.util.test.junit.TclTests" name="[33] /home/travis/build/icyphy/ptII/ptolemy/actor/lib/test/TestExceptionHandler.tcl (RunTclFile)" time="0.01" />
  <testcase classname="ptolemy.util.test.junit.TclTests" name="[34] /home/travis/build/icyphy/ptII/ptolemy/actor/lib/test/UnionDisassembler.tcl (RunTclFile)" time="0.077" />
  <testcase classname="ptolemy.util.test.junit.TclTests" name="[35] /home/travis/build/icyphy/ptII/ptolemy/actor/lib/test/VariableClock.tcl (RunTclFile)" time="0.032" />
  <testcase classname="ptolemy.util.test.junit.AutoKnownFailedTests" name="[0] /home/travis/build/icyphy/ptII/ptolemy/actor/lib/test/auto/knownFailedTests/PublisherPortToplevelSubscriber.xml (RunModel)" time="0.015" />
  <testcase classname="ptolemy.util.test.junit.AutoKnownFailedTests" name="[1] /home/travis/build/icyphy/ptII/ptolemy/actor/lib/test/auto/knownFailedTests/PublisherSubscriberPortToplevel.xml (RunModel)" time="0.016" />
  <testcase classname="ptolemy.util.test.junit.AutoKnownFailedTests" name="[2] /home/travis/build/icyphy/ptII/ptolemy/actor/lib/test/auto/knownFailedTests/PublisherSubscriptionAggregatorPort.xml (RunModel)" time="0.024" />
  <testcase classname="ptolemy.util.test.junit.AutoKnownFailedTests" name="[3] /home/travis/build/icyphy/ptII/ptolemy/actor/lib/test/auto/knownFailedTests/sizedarray3.xml (RunModel)" time="0.024" />
  <testcase classname="ptolemy.util.test.junit.AutoNameArchTests" name="[0] ThereAreNoAutoArchTests (RunModel)" time="0.001" />
  <testcase classname="ptolemy.util.test.junit.AutoTests" name="[0] /home/travis/build/icyphy/ptII/ptolemy/actor/lib/test/auto/AbsoluteValue.xml (RunModel)" time="0.121" />
  <testcase classname="ptolemy.util.test.junit.AutoTests" name="[1] /home/travis/build/icyphy/ptII/ptolemy/actor/lib/test/auto/AbsoluteValue2.xml (RunModel)" time="0.044" />
  <testcase classname="ptolemy.util.test.junit.AutoTests" name="[2] /home/travis/build/icyphy/ptII/ptolemy/actor/lib/test/auto/Accumulator.xml (RunModel)" time="0.056" />
  <testcase classname="ptolemy.util.test.junit.AutoTests" name="[3] /home/travis/build/icyphy/ptII/ptolemy/actor/lib/test/auto/Accumulator2.xml (RunModel)" time="0.122" />
  <testcase classname="ptolemy.util.test.junit.AutoTests" name="[4] /home/travis/build/icyphy/ptII/ptolemy/actor/lib/test/auto/Accumulator3.xml (RunModel)" time="0.044" />
  <testcase classname="ptolemy.util.test.junit.AutoTests" name="[5] /home/travis/build/icyphy/ptII/ptolemy/actor/lib/test/auto/ArrayAppend.xml (RunModel)" time="0.033" />
  <testcase classname="ptolemy.util.test.junit.AutoTests" name="[6] /home/travis/build/icyphy/ptII/ptolemy/actor/lib/test/auto/ArrayAppend2.xml (RunModel)" time="0.379" />
  <testcase classname="ptolemy.util.test.junit.AutoTests" name="[7] /home/travis/build/icyphy/ptII/ptolemy/actor/lib/test/auto/ArrayAppend3.xml (RunModel)" time="0.019" />
  <testcase classname="ptolemy.util.test.junit.AutoTests" name="[8] /home/travis/build/icyphy/ptII/ptolemy/actor/lib/test/auto/ArrayAppend4.xml (RunModel)" time="0.033" />
  <testcase classname="ptolemy.util.test.junit.AutoTests" name="[9] /home/travis/build/icyphy/ptII/ptolemy/actor/lib/test/auto/ArrayAppend5.xml (RunModel)" time="0.026" />
  <testcase classname="ptolemy.util.test.junit.AutoTests" name="[10] /home/travis/build/icyphy/ptII/ptolemy/actor/lib/test/auto/ArrayAppend6.xml (RunModel)" time="0.023" />
  <testcase classname="ptolemy.util.test.junit.AutoTests" name="[11] /home/travis/build/icyphy/ptII/ptolemy/actor/lib/test/auto/ArrayAppendPerformanceTest.xml (RunModel)" time="0.055" />
  <testcase classname="ptolemy.util.test.junit.AutoTests" name="[12] /home/travis/build/icyphy/ptII/ptolemy/actor/lib/test/auto/ArrayAppendWithEmptyInput.xml (RunModel)" time="0.064" />
  <testcase classname="ptolemy.util.test.junit.AutoTests" name="[13] /home/travis/build/icyphy/ptII/ptolemy/actor/lib/test/auto/ArrayAverage.xml (RunModel)" time="0.075" />
  <testcase classname="ptolemy.util.test.junit.AutoTests" name="[14] /home/travis/build/icyphy/ptII/ptolemy/actor/lib/test/auto/ArrayContains.xml (RunModel)" time="0.034" />
  <testcase classname="ptolemy.util.test.junit.AutoTests" name="[15] /home/travis/build/icyphy/ptII/ptolemy/actor/lib/test/auto/ArrayElement.xml (RunModel)" time="0.037" />
  <testcase classname="ptolemy.util.test.junit.AutoTests" name="[16] /home/travis/build/icyphy/ptII/ptolemy/actor/lib/test/auto/ArrayElementAsMatrix.xml (RunModel)" time="0.071" />
  <testcase classname="ptolemy.util.test.junit.AutoTests" name="[17] /home/travis/build/icyphy/ptII/ptolemy/actor/lib/test/auto/ArrayElementI.xml (RunModel)" time="0.018" />
  <testcase classname="ptolemy.util.test.junit.AutoTests" name="[18] /home/travis/build/icyphy/ptII/ptolemy/actor/lib/test/auto/ArrayExtract.xml (RunModel)" time="0.025" />
  <testcase classname="ptolemy.util.test.junit.AutoTests" name="[19] /home/travis/build/icyphy/ptII/ptolemy/actor/lib/test/auto/ArrayExtract2.xml (RunModel)" time="0.024" />
  <testcase classname="ptolemy.util.test.junit.AutoTests" name="[20] /home/travis/build/icyphy/ptII/ptolemy/actor/lib/test/auto/ArrayLength.xml (RunModel)" time="0.014" />
  <testcase classname="ptolemy.util.test.junit.AutoTests" name="[21] /home/travis/build/icyphy/ptII/ptolemy/actor/lib/test/auto/ArrayLevelCrossing.xml (RunModel)" time="0.049" />
  <testcase classname="ptolemy.util.test.junit.AutoTests" name="[22] /home/travis/build/icyphy/ptII/ptolemy/actor/lib/test/auto/ArrayLevelCrossing2.xml (RunModel)" time="0.027" />
  <testcase classname="ptolemy.util.test.junit.AutoTests" name="[23] /home/travis/build/icyphy/ptII/ptolemy/actor/lib/test/auto/ArrayPeakSearch.xml (RunModel)" time="0.038" />
  <testcase classname="ptolemy.util.test.junit.AutoTests" name="[24] /home/travis/build/icyphy/ptII/ptolemy/actor/lib/test/auto/ArrayPeakSearch2.xml (RunModel)" time="0.046" />
  <testcase classname="ptolemy.util.test.junit.AutoTests" name="[25] /home/travis/build/icyphy/ptII/ptolemy/actor/lib/test/auto/ArrayPeakSearch3.xml (RunModel)" time="0.03" />
  <testcase classname="ptolemy.util.test.junit.AutoTests" name="[26] /home/travis/build/icyphy/ptII/ptolemy/actor/lib/test/auto/ArrayRemoveElement.xml (RunModel)" time="0.032" />
  <testcase classname="ptolemy.util.test.junit.AutoTests" name="[27] /home/travis/build/icyphy/ptII/ptolemy/actor/lib/test/auto/ArraySort.xml (RunModel)" time="0.04" />
  <testcase classname="ptolemy.util.test.junit.AutoTests" name="[28] /home/travis/build/icyphy/ptII/ptolemy/actor/lib/test/auto/ArraySum.xml (RunModel)" time="0.024" />
  <testcase classname="ptolemy.util.test.junit.AutoTests" name="[29] /home/travis/build/icyphy/ptII/ptolemy/actor/lib/test/auto/ArrayToElements.xml (RunModel)" time="0.022" />
  <testcase classname="ptolemy.util.test.junit.AutoTests" name="[30] /home/travis/build/icyphy/ptII/ptolemy/actor/lib/test/auto/ArrayToMatrix.xml (RunModel)" time="0.074" />
  <testcase classname="ptolemy.util.test.junit.AutoTests" name="[31] /home/travis/build/icyphy/ptII/ptolemy/actor/lib/test/auto/ArrayUpdate1.xml (RunModel)" time="0.055" />
  <testcase classname="ptolemy.util.test.junit.AutoTests" name="[32] /home/travis/build/icyphy/ptII/ptolemy/actor/lib/test/auto/ArrayUpdate2.xml (RunModel)" time="0.022" />
  <testcase classname="ptolemy.util.test.junit.AutoTests" name="[33] /home/travis/build/icyphy/ptII/ptolemy/actor/lib/test/auto/ArrayUpdate3.xml (RunModel)" time="0.028" />
  <testcase classname="ptolemy.util.test.junit.AutoTests" name="[34] /home/travis/build/icyphy/ptII/ptolemy/actor/lib/test/auto/Assert1.xml (RunModel)" time="0.02" />
  <testcase classname="ptolemy.util.test.junit.AutoTests" name="[35] /home/travis/build/icyphy/ptII/ptolemy/actor/lib/test/auto/Assert2.xml (RunModel)" time="0.026" />
  <testcase classname="ptolemy.util.test.junit.AutoTests" name="[36] /home/travis/build/icyphy/ptII/ptolemy/actor/lib/test/auto/BooleanMultiplexor.xml (RunModel)" time="0.021" />
  <testcase classname="ptolemy.util.test.junit.AutoTests" name="[37] /home/travis/build/icyphy/ptII/ptolemy/actor/lib/test/auto/BooleanMultiplexor2.xml (RunModel)" time="0.015" />
  <testcase classname="ptolemy.util.test.junit.AutoTests" name="[38] /home/travis/build/icyphy/ptII/ptolemy/actor/lib/test/auto/BooleanMultiplexor3.xml (RunModel)" time="0.01" />
  <testcase classname="ptolemy.util.test.junit.AutoTests" name="[39] /home/travis/build/icyphy/ptII/ptolemy/actor/lib/test/auto/BooleanSelect.xml (RunModel)" time="0.017" />
  <testcase classname="ptolemy.util.test.junit.AutoTests" name="[40] /home/travis/build/icyphy/ptII/ptolemy/actor/lib/test/auto/BooleanSelect2.xml (RunModel)" time="0.013" />
  <testcase classname="ptolemy.util.test.junit.AutoTests" name="[41] /home/travis/build/icyphy/ptII/ptolemy/actor/lib/test/auto/BooleanSwitch.xml (RunModel)" time="0.015" />
  <testcase classname="ptolemy.util.test.junit.AutoTests" name="[42] /home/travis/build/icyphy/ptII/ptolemy/actor/lib/test/auto/BooleanSwitch2.xml (RunModel)" time="0.014" />
  <testcase classname="ptolemy.util.test.junit.AutoTests" name="[43] /home/travis/build/icyphy/ptII/ptolemy/actor/lib/test/auto/BooleanSwitchCloningBugWithClassRelationGroup.xml (RunModel)" time="0.022" />
  <testcase classname="ptolemy.util.test.junit.AutoTests" name="[44] /home/travis/build/icyphy/ptII/ptolemy/actor/lib/test/auto/BusActors.xml (RunModel)" time="0.025" />
  <testcase classname="ptolemy.util.test.junit.AutoTests" name="[45] /home/travis/build/icyphy/ptII/ptolemy/actor/lib/test/auto/ClassWrapper.xml (RunModel)" time="0.01" />
  <testcase classname="ptolemy.util.test.junit.AutoTests" name="[46] /home/travis/build/icyphy/ptII/ptolemy/actor/lib/test/auto/Clock.xml (RunModel)" time="0.008" />
  <testcase classname="ptolemy.util.test.junit.AutoTests" name="[47] /home/travis/build/icyphy/ptII/ptolemy/actor/lib/test/auto/Clock10.xml (RunModel)" time="0.014" />
  <testcase classname="ptolemy.util.test.junit.AutoTests" name="[48] /home/travis/build/icyphy/ptII/ptolemy/actor/lib/test/auto/Clock11.xml (RunModel)" time="0.012" />
  <testcase classname="ptolemy.util.test.junit.AutoTests" name="[49] /home/travis/build/icyphy/ptII/ptolemy/actor/lib/test/auto/Clock12.xml (RunModel)" time="0.012" />
  <testcase classname="ptolemy.util.test.junit.AutoTests" name="[50] /home/travis/build/icyphy/ptII/ptolemy/actor/lib/test/auto/Clock13.xml (RunModel)" time="0.013" />
  <testcase classname="ptolemy.util.test.junit.AutoTests" name="[51] /home/travis/build/icyphy/ptII/ptolemy/actor/lib/test/auto/Clock14.xml (RunModel)" time="0.02" />
  <testcase classname="ptolemy.util.test.junit.AutoTests" name="[52] /home/travis/build/icyphy/ptII/ptolemy/actor/lib/test/auto/Clock15.xml (RunModel)" time="0.015" />
  <testcase classname="ptolemy.util.test.junit.AutoTests" name="[53] /home/travis/build/icyphy/ptII/ptolemy/actor/lib/test/auto/Clock16.xml (RunModel)" time="0.092" />
  <testcase classname="ptolemy.util.test.junit.AutoTests" name="[54] /home/travis/build/icyphy/ptII/ptolemy/actor/lib/test/auto/Clock17.xml (RunModel)" time="0.055" />
  <testcase classname="ptolemy.util.test.junit.AutoTests" name="[55] /home/travis/build/icyphy/ptII/ptolemy/actor/lib/test/auto/Clock18.xml (RunModel)" time="0.066" />
  <testcase classname="ptolemy.util.test.junit.AutoTests" name="[56] /home/travis/build/icyphy/ptII/ptolemy/actor/lib/test/auto/Clock19.xml (RunModel)" time="0.055" />
  <testcase classname="ptolemy.util.test.junit.AutoTests" name="[57] /home/travis/build/icyphy/ptII/ptolemy/actor/lib/test/auto/Clock2.xml (RunModel)" time="0.017" />
  <testcase classname="ptolemy.util.test.junit.AutoTests" name="[58] /home/travis/build/icyphy/ptII/ptolemy/actor/lib/test/auto/Clock20.xml (RunModel)" time="0.026" />
  <testcase classname="ptolemy.util.test.junit.AutoTests" name="[59] /home/travis/build/icyphy/ptII/ptolemy/actor/lib/test/auto/Clock21.xml (RunModel)" time="0.018" />
  <testcase classname="ptolemy.util.test.junit.AutoTests" name="[60] /home/travis/build/icyphy/ptII/ptolemy/actor/lib/test/auto/Clock22.xml (RunModel)" time="0.018" />
  <testcase classname="ptolemy.util.test.junit.AutoTests" name="[61] /home/travis/build/icyphy/ptII/ptolemy/actor/lib/test/auto/Clock23.xml (RunModel)" time="0.014" />
  <testcase classname="ptolemy.util.test.junit.AutoTests" name="[62] /home/travis/build/icyphy/ptII/ptolemy/actor/lib/test/auto/Clock24.xml (RunModel)" time="0.014" />
  <testcase classname="ptolemy.util.test.junit.AutoTests" name="[63] /home/travis/build/icyphy/ptII/ptolemy/actor/lib/test/auto/Clock4.xml (RunModel)" time="0.014" />
  <testcase classname="ptolemy.util.test.junit.AutoTests" name="[64] /home/travis/build/icyphy/ptII/ptolemy/actor/lib/test/auto/Clock5.xml (RunModel)" time="0.012" />
  <testcase classname="ptolemy.util.test.junit.AutoTests" name="[65] /home/travis/build/icyphy/ptII/ptolemy/actor/lib/test/auto/Clock6.xml (RunModel)" time="0.01" />
  <testcase classname="ptolemy.util.test.junit.AutoTests" name="[66] /home/travis/build/icyphy/ptII/ptolemy/actor/lib/test/auto/Clock7.xml (RunModel)" time="0.011" />
  <testcase classname="ptolemy.util.test.junit.AutoTests" name="[67] /home/travis/build/icyphy/ptII/ptolemy/actor/lib/test/auto/Clock8.xml (RunModel)" time="0.012" />
  <testcase classname="ptolemy.util.test.junit.AutoTests" name="[68] /home/travis/build/icyphy/ptII/ptolemy/actor/lib/test/auto/Clock9.xml (RunModel)" time="0.016" />
  <testcase classname="ptolemy.util.test.junit.AutoTests" name="[69] /home/travis/build/icyphy/ptII/ptolemy/actor/lib/test/auto/CommDistDiscard.xml (RunModel)" time="0.018" />
  <testcase classname="ptolemy.util.test.junit.AutoTests" name="[70] /home/travis/build/icyphy/ptII/ptolemy/actor/lib/test/auto/Commutator.xml (RunModel)" time="0.013" />
  <testcase classname="ptolemy.util.test.junit.AutoTests" name="[71] /home/travis/build/icyphy/ptII/ptolemy/actor/lib/test/auto/Commutator2.xml (RunModel)" time="0.016" />
  <testcase classname="ptolemy.util.test.junit.AutoTests" name="[72] /home/travis/build/icyphy/ptII/ptolemy/actor/lib/test/auto/Commutator3.xml (RunModel)" time="0.01" />
  <testcase classname="ptolemy.util.test.junit.AutoTests" name="[73] /home/travis/build/icyphy/ptII/ptolemy/actor/lib/test/auto/Compare.xml (RunModel)" time="0.017" />
  <testcase classname="ptolemy.util.test.junit.AutoTests" name="[74] /home/travis/build/icyphy/ptII/ptolemy/actor/lib/test/auto/CompareDE.xml (RunModel)" time="0.018" />
  <testcase classname="ptolemy.util.test.junit.AutoTests" name="[75] /home/travis/build/icyphy/ptII/ptolemy/actor/lib/test/auto/ComplexDivide.xml (RunModel)" time="0.009" />
  <testcase classname="ptolemy.util.test.junit.AutoTests" name="[76] /home/travis/build/icyphy/ptII/ptolemy/actor/lib/test/auto/ComputeHistogram.xml (RunModel)" time="0.055" />
  <testcase classname="ptolemy.util.test.junit.AutoTests" name="[77] /home/travis/build/icyphy/ptII/ptolemy/actor/lib/test/auto/ConfigurationSelect.xml (RunModel)" time="0.013" />
  <testcase classname="ptolemy.util.test.junit.AutoTests" name="[78] /home/travis/build/icyphy/ptII/ptolemy/actor/lib/test/auto/ConfigurationSelect2.xml (RunModel)" time="0.01" />
  <testcase classname="ptolemy.util.test.junit.AutoTests" name="[79] /home/travis/build/icyphy/ptII/ptolemy/actor/lib/test/auto/ConfigurationSwitch.xml (RunModel)" time="0.012" />
  <testcase classname="ptolemy.util.test.junit.AutoTests" name="[80] /home/travis/build/icyphy/ptII/ptolemy/actor/lib/test/auto/ConfigurationSwitch2.xml (RunModel)" time="0.011" />
  <testcase classname="ptolemy.util.test.junit.AutoTests" name="[81] /home/travis/build/icyphy/ptII/ptolemy/actor/lib/test/auto/ConfigurationSwitchCloningBugWithClassRelationGroup.xml (RunModel)" time="0.017" />
  <testcase classname="ptolemy.util.test.junit.AutoTests" name="[82] /home/travis/build/icyphy/ptII/ptolemy/actor/lib/test/auto/ConfigurationSwitchSelectSDF.xml (RunModel)" time="0.013" />
  <testcase classname="ptolemy.util.test.junit.AutoTests" name="[83] /home/travis/build/icyphy/ptII/ptolemy/actor/lib/test/auto/ConfigurationSwitchSelectSDF2.xml (RunModel)" time="0.013" />
  <testcase classname="ptolemy.util.test.junit.AutoTests" name="[84] /home/travis/build/icyphy/ptII/ptolemy/actor/lib/test/auto/Const.xml (RunModel)" time="0.007" />
  <testcase classname="ptolemy.util.test.junit.AutoTests" name="[85] /home/travis/build/icyphy/ptII/ptolemy/actor/lib/test/auto/Const2.xml (RunModel)" time="0.022" />
  <testcase classname="ptolemy.util.test.junit.AutoTests" name="[86] /home/travis/build/icyphy/ptII/ptolemy/actor/lib/test/auto/Const3.xml (RunModel)" time="0.006" />
  <testcase classname="ptolemy.util.test.junit.AutoTests" name="[87] /home/travis/build/icyphy/ptII/ptolemy/actor/lib/test/auto/ConstantPublisherPort1.xml (RunModel)" time="0.026" />
  <testcase classname="ptolemy.util.test.junit.AutoTests" name="[88] /home/travis/build/icyphy/ptII/ptolemy/actor/lib/test/auto/ConstantPublisherPort2.xml (RunModel)" time="0.027" />
  <testcase classname="ptolemy.util.test.junit.AutoTests" name="[89] /home/travis/build/icyphy/ptII/ptolemy/actor/lib/test/auto/ConstantPublisherPort3.xml (RunModel)" time="0.026" />
  <testcase classname="ptolemy.util.test.junit.AutoTests" name="[90] /home/travis/build/icyphy/ptII/ptolemy/actor/lib/test/auto/ConstantPublisherPort4.xml (RunModel)" time="0.017" />
  <testcase classname="ptolemy.util.test.junit.AutoTests" name="[91] /home/travis/build/icyphy/ptII/ptolemy/actor/lib/test/auto/ConstantPublisherPort5.xml (RunModel)" time="0.047" />
  <testcase classname="ptolemy.util.test.junit.AutoTests" name="[92] /home/travis/build/icyphy/ptII/ptolemy/actor/lib/test/auto/ConstantPublisherPort6.xml (RunModel)" time="0.028" />
  <testcase classname="ptolemy.util.test.junit.AutoTests" name="[93] /home/travis/build/icyphy/ptII/ptolemy/actor/lib/test/auto/ConstantPublisherPort7.xml (RunModel)" time="0.032" />
  <testcase classname="ptolemy.util.test.junit.AutoTests" name="[94] /home/travis/build/icyphy/ptII/ptolemy/actor/lib/test/auto/ConstraintMonitor1.xml (RunModel)" time="0.039" />
  <testcase classname="ptolemy.util.test.junit.AutoTests" name="[95] /home/travis/build/icyphy/ptII/ptolemy/actor/lib/test/auto/ConstraintMonitor2.xml (RunModel)" time="0.016" />
  <testcase classname="ptolemy.util.test.junit.AutoTests" name="[96] /home/travis/build/icyphy/ptII/ptolemy/actor/lib/test/auto/ConstraintMonitor3.xml (RunModel)" time="0.016" />
  <testcase classname="ptolemy.util.test.junit.AutoTests" name="[97] /home/travis/build/icyphy/ptII/ptolemy/actor/lib/test/auto/ConstraintMonitor4.xml (RunModel)" time="0.012" />
  <testcase classname="ptolemy.util.test.junit.AutoTests" name="[98] /home/travis/build/icyphy/ptII/ptolemy/actor/lib/test/auto/ConstraintMonitor5.xml (RunModel)" time="0.012" />
  <testcase classname="ptolemy.util.test.junit.AutoTests" name="[99] /home/travis/build/icyphy/ptII/ptolemy/actor/lib/test/auto/ConstraintMonitor6.xml (RunModel)" time="0.018" />
  <testcase classname="ptolemy.util.test.junit.AutoTests" name="[100] /home/travis/build/icyphy/ptII/ptolemy/actor/lib/test/auto/ConstraintMonitor7.xml (RunModel)" time="0.018" />
  <testcase classname="ptolemy.util.test.junit.AutoTests" name="[101] /home/travis/build/icyphy/ptII/ptolemy/actor/lib/test/auto/ConstraintMonitor8.xml (RunModel)" time="0.026" />
  <testcase classname="ptolemy.util.test.junit.AutoTests" name="[102] /home/travis/build/icyphy/ptII/ptolemy/actor/lib/test/auto/Counter.xml (RunModel)" time="0.012" />
  <testcase classname="ptolemy.util.test.junit.AutoTests" name="[103] /home/travis/build/icyphy/ptII/ptolemy/actor/lib/test/auto/CurrentTimeSDF.xml (RunModel)" time="0.01" />
  <testcase classname="ptolemy.util.test.junit.AutoTests" name="[104] /home/travis/build/icyphy/ptII/ptolemy/actor/lib/test/auto/DB.xml (RunModel)" time="0.011" />
  <testcase classname="ptolemy.util.test.junit.AutoTests" name="[105] /home/travis/build/icyphy/ptII/ptolemy/actor/lib/test/auto/DBDE.xml (RunModel)" time="0.014" />
  <testcase classname="ptolemy.util.test.junit.AutoTests" name="[106] /home/travis/build/icyphy/ptII/ptolemy/actor/lib/test/auto/DateConstructor.xml (RunModel)" time="0.048" />
  <testcase classname="ptolemy.util.test.junit.AutoTests" name="[107] /home/travis/build/icyphy/ptII/ptolemy/actor/lib/test/auto/DelayTime.xml (RunModel)" time="0.014" />
  <testcase classname="ptolemy.util.test.junit.AutoTests" name="[108] /home/travis/build/icyphy/ptII/ptolemy/actor/lib/test/auto/Dictionary1.xml (RunModel)" time="0.017" />
  <testcase classname="ptolemy.util.test.junit.AutoTests" name="[109] /home/travis/build/icyphy/ptII/ptolemy/actor/lib/test/auto/Dictionary2.xml (RunModel)" time="0.013" />
  <testcase classname="ptolemy.util.test.junit.AutoTests" name="[110] /home/travis/build/icyphy/ptII/ptolemy/actor/lib/test/auto/Dictionary3.xml (RunModel)" time="0.013" />
  <testcase classname="ptolemy.util.test.junit.AutoTests" name="[111] /home/travis/build/icyphy/ptII/ptolemy/actor/lib/test/auto/Dictionary4.xml (RunModel)" time="0.016" />
  <testcase classname="ptolemy.util.test.junit.AutoTests" name="[112] /home/travis/build/icyphy/ptII/ptolemy/actor/lib/test/auto/Differential.xml (RunModel)" time="0.011" />
  <testcase classname="ptolemy.util.test.junit.AutoTests" name="[113] /home/travis/build/icyphy/ptII/ptolemy/actor/lib/test/auto/Director.xml (RunModel)" time="0.01" />
  <testcase classname="ptolemy.util.test.junit.AutoTests" name="[114] /home/travis/build/icyphy/ptII/ptolemy/actor/lib/test/auto/DiscreteClock.xml (RunModel)" time="0.008" />
  <testcase classname="ptolemy.util.test.junit.AutoTests" name="[115] /home/travis/build/icyphy/ptII/ptolemy/actor/lib/test/auto/DiscreteClock10.xml (RunModel)" time="0.013" />
  <testcase classname="ptolemy.util.test.junit.AutoTests" name="[116] /home/travis/build/icyphy/ptII/ptolemy/actor/lib/test/auto/DiscreteClock11.xml (RunModel)" time="0.012" />
  <testcase classname="ptolemy.util.test.junit.AutoTests" name="[117] /home/travis/build/icyphy/ptII/ptolemy/actor/lib/test/auto/DiscreteClock12.xml (RunModel)" time="0.012" />
  <testcase classname="ptolemy.util.test.junit.AutoTests" name="[118] /home/travis/build/icyphy/ptII/ptolemy/actor/lib/test/auto/DiscreteClock13.xml (RunModel)" time="0.013" />
  <testcase classname="ptolemy.util.test.junit.AutoTests" name="[119] /home/travis/build/icyphy/ptII/ptolemy/actor/lib/test/auto/DiscreteClock14.xml (RunModel)" time="0.029" />
  <testcase classname="ptolemy.util.test.junit.AutoTests" name="[120] /home/travis/build/icyphy/ptII/ptolemy/actor/lib/test/auto/DiscreteClock15.xml (RunModel)" time="0.017" />
  <testcase classname="ptolemy.util.test.junit.AutoTests" name="[121] /home/travis/build/icyphy/ptII/ptolemy/actor/lib/test/auto/DiscreteClock16.xml (RunModel)" time="0.044" />
  <testcase classname="ptolemy.util.test.junit.AutoTests" name="[122] /home/travis/build/icyphy/ptII/ptolemy/actor/lib/test/auto/DiscreteClock17.xml (RunModel)" time="0.041" />
  <testcase classname="ptolemy.util.test.junit.AutoTests" name="[123] /home/travis/build/icyphy/ptII/ptolemy/actor/lib/test/auto/DiscreteClock18.xml (RunModel)" time="0.048" />
  <testcase classname="ptolemy.util.test.junit.AutoTests" name="[124] /home/travis/build/icyphy/ptII/ptolemy/actor/lib/test/auto/DiscreteClock19.xml (RunModel)" time="0.048" />
  <testcase classname="ptolemy.util.test.junit.AutoTests" name="[125] /home/travis/build/icyphy/ptII/ptolemy/actor/lib/test/auto/DiscreteClock2.xml (RunModel)" time="0.013" />
  <testcase classname="ptolemy.util.test.junit.AutoTests" name="[126] /home/travis/build/icyphy/ptII/ptolemy/actor/lib/test/auto/DiscreteClock20.xml (RunModel)" time="0.022" />
  <testcase classname="ptolemy.util.test.junit.AutoTests" name="[127] /home/travis/build/icyphy/ptII/ptolemy/actor/lib/test/auto/DiscreteClock21.xml (RunModel)" time="0.011" />
  <testcase classname="ptolemy.util.test.junit.AutoTests" name="[128] /home/travis/build/icyphy/ptII/ptolemy/actor/lib/test/auto/DiscreteClock22.xml (RunModel)" time="0.017" />
  <testcase classname="ptolemy.util.test.junit.AutoTests" name="[129] /home/travis/build/icyphy/ptII/ptolemy/actor/lib/test/auto/DiscreteClock23.xml (RunModel)" time="0.015" />
  <testcase classname="ptolemy.util.test.junit.AutoTests" name="[130] /home/travis/build/icyphy/ptII/ptolemy/actor/lib/test/auto/DiscreteClock24.xml (RunModel)" time="0.532" />
  <testcase classname="ptolemy.util.test.junit.AutoTests" name="[131] /home/travis/build/icyphy/ptII/ptolemy/actor/lib/test/auto/DiscreteClock4.xml (RunModel)" time="0.01" />
  <testcase classname="ptolemy.util.test.junit.AutoTests" name="[132] /home/travis/build/icyphy/ptII/ptolemy/actor/lib/test/auto/DiscreteClock5.xml (RunModel)" time="0.011" />
  <testcase classname="ptolemy.util.test.junit.AutoTests" name="[133] /home/travis/build/icyphy/ptII/ptolemy/actor/lib/test/auto/DiscreteClock6.xml (RunModel)" time="0.009" />
  <testcase classname="ptolemy.util.test.junit.AutoTests" name="[134] /home/travis/build/icyphy/ptII/ptolemy/actor/lib/test/auto/DiscreteClock7.xml (RunModel)" time="0.01" />
  <testcase classname="ptolemy.util.test.junit.AutoTests" name="[135] /home/travis/build/icyphy/ptII/ptolemy/actor/lib/test/auto/DiscreteClock8.xml (RunModel)" time="0.013" />
  <testcase classname="ptolemy.util.test.junit.AutoTests" name="[136] /home/travis/build/icyphy/ptII/ptolemy/actor/lib/test/auto/DiscreteClock9.xml (RunModel)" time="0.015" />
  <testcase classname="ptolemy.util.test.junit.AutoTests" name="[137] /home/travis/build/icyphy/ptII/ptolemy/actor/lib/test/auto/DisplayArray.xml (RunModel)" time="0.007" />
  <testcase classname="ptolemy.util.test.junit.AutoTests" name="[138] /home/travis/build/icyphy/ptII/ptolemy/actor/lib/test/auto/Distributor.xml (RunModel)" time="0.01" />
  <testcase classname="ptolemy.util.test.junit.AutoTests" name="[139] /home/travis/build/icyphy/ptII/ptolemy/actor/lib/test/auto/Distributor2.xml (RunModel)" time="0.01" />
  <testcase classname="ptolemy.util.test.junit.AutoTests" name="[140] /home/travis/build/icyphy/ptII/ptolemy/actor/lib/test/auto/DownSample.xml (RunModel)" time="0.01" />
  <testcase classname="ptolemy.util.test.junit.AutoTests" name="[141] /home/travis/build/icyphy/ptII/ptolemy/actor/lib/test/auto/ElectronicUnitBase1.xml (RunModel)" time="0.065" />
  <testcase classname="ptolemy.util.test.junit.AutoTests" name="[142] /home/travis/build/icyphy/ptII/ptolemy/actor/lib/test/auto/ElementsToArray.xml (RunModel)" time="0.01" />
  <testcase classname="ptolemy.util.test.junit.AutoTests" name="[143] /home/travis/build/icyphy/ptII/ptolemy/actor/lib/test/auto/Equals.xml (RunModel)" time="0.012" />
  <testcase classname="ptolemy.util.test.junit.AutoTests" name="[144] /home/travis/build/icyphy/ptII/ptolemy/actor/lib/test/auto/Exec.xml (RunModel)" time="0.016" />
  <testcase classname="ptolemy.util.test.junit.AutoTests" name="[145] /home/travis/build/icyphy/ptII/ptolemy/actor/lib/test/auto/ExecEnvironment.xml (RunModel)" time="0.033" />
  <testcase classname="ptolemy.util.test.junit.AutoTests" name="[146] /home/travis/build/icyphy/ptII/ptolemy/actor/lib/test/auto/ExecNonZeroReturnOutput.xml (RunModel)" time="0.149" />
  <testcase classname="ptolemy.util.test.junit.AutoTests" name="[147] /home/travis/build/icyphy/ptII/ptolemy/actor/lib/test/auto/ExecRunDemos.xml (RunModel)" time="9.479" />
  <testcase classname="ptolemy.util.test.junit.AutoTests" name="[148] /home/travis/build/icyphy/ptII/ptolemy/actor/lib/test/auto/ExecStop.xml (RunModel)" time="5.033" />
  <testcase classname="ptolemy.util.test.junit.AutoTests" name="[149] /home/travis/build/icyphy/ptII/ptolemy/actor/lib/test/auto/ExecutionTimeSDF.xml (RunModel)" time="6.032" />
  <testcase classname="ptolemy.util.test.junit.AutoTests" name="[150] /home/travis/build/icyphy/ptII/ptolemy/actor/lib/test/auto/Expression1.xml (RunModel)" time="0.012" />
  <testcase classname="ptolemy.util.test.junit.AutoTests" name="[151] /home/travis/build/icyphy/ptII/ptolemy/actor/lib/test/auto/Expression10.xml (RunModel)" time="0.023" />
  <testcase classname="ptolemy.util.test.junit.AutoTests" name="[152] /home/travis/build/icyphy/ptII/ptolemy/actor/lib/test/auto/Expression11.xml (RunModel)" time="0.013" />
  <testcase classname="ptolemy.util.test.junit.AutoTests" name="[153] /home/travis/build/icyphy/ptII/ptolemy/actor/lib/test/auto/Expression12.xml (RunModel)" time="0.016" />
  <testcase classname="ptolemy.util.test.junit.AutoTests" name="[154] /home/travis/build/icyphy/ptII/ptolemy/actor/lib/test/auto/Expression13.xml (RunModel)" time="0.014" />
  <testcase classname="ptolemy.util.test.junit.AutoTests" name="[155] /home/travis/build/icyphy/ptII/ptolemy/actor/lib/test/auto/Expression14.xml (RunModel)" time="0.018" />
  <testcase classname="ptolemy.util.test.junit.AutoTests" name="[156] /home/travis/build/icyphy/ptII/ptolemy/actor/lib/test/auto/Expression15.xml (RunModel)" time="0.009" />
  <testcase classname="ptolemy.util.test.junit.AutoTests" name="[157] /home/travis/build/icyphy/ptII/ptolemy/actor/lib/test/auto/Expression16.xml (RunModel)" time="0.014" />
  <testcase classname="ptolemy.util.test.junit.AutoTests" name="[158] /home/travis/build/icyphy/ptII/ptolemy/actor/lib/test/auto/Expression17.xml (RunModel)" time="0.013" />
  <testcase classname="ptolemy.util.test.junit.AutoTests" name="[159] /home/travis/build/icyphy/ptII/ptolemy/actor/lib/test/auto/Expression18.xml (RunModel)" time="0.015" />
  <testcase classname="ptolemy.util.test.junit.AutoTests" name="[160] /home/travis/build/icyphy/ptII/ptolemy/actor/lib/test/auto/Expression2.xml (RunModel)" time="0.013" />
  <testcase classname="ptolemy.util.test.junit.AutoTests" name="[161] /home/travis/build/icyphy/ptII/ptolemy/actor/lib/test/auto/Expression3.xml (RunModel)" time="0.012" />
  <testcase classname="ptolemy.util.test.junit.AutoTests" name="[162] /home/travis/build/icyphy/ptII/ptolemy/actor/lib/test/auto/Expression4.xml (RunModel)" time="0.023" />
  <testcase classname="ptolemy.util.test.junit.AutoTests" name="[163] /home/travis/build/icyphy/ptII/ptolemy/actor/lib/test/auto/Expression5.xml (RunModel)" time="0.014" />
  <testcase classname="ptolemy.util.test.junit.AutoTests" name="[164] /home/travis/build/icyphy/ptII/ptolemy/actor/lib/test/auto/Expression6.xml (RunModel)" time="0.012" />
  <testcase classname="ptolemy.util.test.junit.AutoTests" name="[165] /home/travis/build/icyphy/ptII/ptolemy/actor/lib/test/auto/Expression7.xml (RunModel)" time="0.019" />
  <testcase classname="ptolemy.util.test.junit.AutoTests" name="[166] /home/travis/build/icyphy/ptII/ptolemy/actor/lib/test/auto/Expression8.xml (RunModel)" time="0.012" />
  <testcase classname="ptolemy.util.test.junit.AutoTests" name="[167] /home/travis/build/icyphy/ptII/ptolemy/actor/lib/test/auto/Expression9.xml (RunModel)" time="0.019" />
  <testcase classname="ptolemy.util.test.junit.AutoTests" name="[168] /home/travis/build/icyphy/ptII/ptolemy/actor/lib/test/auto/ExpressionConcatenateArrayType.xml (RunModel)" time="0.025" />
  <testcase classname="ptolemy.util.test.junit.AutoTests" name="[169] /home/travis/build/icyphy/ptII/ptolemy/actor/lib/test/auto/ExpressionConcatenateArrayType2.xml (RunModel)" time="0.017" />
  <testcase classname="ptolemy.util.test.junit.AutoTests" name="[170] /home/travis/build/icyphy/ptII/ptolemy/actor/lib/test/auto/ExpressionFix.xml (RunModel)" time="0.032" />
  <testcase classname="ptolemy.util.test.junit.AutoTests" name="[171] /home/travis/build/icyphy/ptII/ptolemy/actor/lib/test/auto/ExpressionFix2.xml (RunModel)" time="0.018" />
  <testcase classname="ptolemy.util.test.junit.AutoTests" name="[172] /home/travis/build/icyphy/ptII/ptolemy/actor/lib/test/auto/ExpressionFix3.xml (RunModel)" time="0.017" />
  <testcase classname="ptolemy.util.test.junit.AutoTests" name="[173] /home/travis/build/icyphy/ptII/ptolemy/actor/lib/test/auto/FileWriter1.xml (RunModel)" time="0.01" />
  <testcase classname="ptolemy.util.test.junit.AutoTests" name="[174] /home/travis/build/icyphy/ptII/ptolemy/actor/lib/test/auto/FileWriter2.xml (RunModel)" time="0.015" />
  <testcase classname="ptolemy.util.test.junit.AutoTests" name="[175] /home/travis/build/icyphy/ptII/ptolemy/actor/lib/test/auto/FileWriter3.xml (RunModel)" time="0.015" />
  <testcase classname="ptolemy.util.test.junit.AutoTests" name="[176] /home/travis/build/icyphy/ptII/ptolemy/actor/lib/test/auto/Gaussian.xml (RunModel)" time="0.012" />
  <testcase classname="ptolemy.util.test.junit.AutoTests" name="[177] /home/travis/build/icyphy/ptII/ptolemy/actor/lib/test/auto/Gaussian1.xml (RunModel)" time="0.015" />
  <testcase classname="ptolemy.util.test.junit.AutoTests" name="[178] /home/travis/build/icyphy/ptII/ptolemy/actor/lib/test/auto/Gaussian2.xml (RunModel)" time="0.016" />
  <testcase classname="ptolemy.util.test.junit.AutoTests" name="[179] /home/travis/build/icyphy/ptII/ptolemy/actor/lib/test/auto/GradientAdaptiveLattice.xml (RunModel)" time="0.016" />
  <testcase classname="ptolemy.util.test.junit.AutoTests" name="[180] /home/travis/build/icyphy/ptII/ptolemy/actor/lib/test/auto/IIR.xml (RunModel)" time="0.011" />
  <testcase classname="ptolemy.util.test.junit.AutoTests" name="[181] /home/travis/build/icyphy/ptII/ptolemy/actor/lib/test/auto/InputOutputTransparentPorts.xml (RunModel)" time="0.02" />
  <testcase classname="ptolemy.util.test.junit.AutoTests" name="[182] /home/travis/build/icyphy/ptII/ptolemy/actor/lib/test/auto/Interpolator.xml (RunModel)" time="0.012" />
  <testcase classname="ptolemy.util.test.junit.AutoTests" name="[183] /home/travis/build/icyphy/ptII/ptolemy/actor/lib/test/auto/InterpolatorFiringLimitDE.xml (RunModel)" time="0.014" />
  <testcase classname="ptolemy.util.test.junit.AutoTests" name="[184] /home/travis/build/icyphy/ptII/ptolemy/actor/lib/test/auto/Lattice.xml (RunModel)" time="0.012" />
  <testcase classname="ptolemy.util.test.junit.AutoTests" name="[185] /home/travis/build/icyphy/ptII/ptolemy/actor/lib/test/auto/LazyAOCTestLazy.xml (RunModel)" time="0.021" />
  <testcase classname="ptolemy.util.test.junit.AutoTests" name="[186] /home/travis/build/icyphy/ptII/ptolemy/actor/lib/test/auto/LazyAOCTestNonLazy.xml (RunModel)" time="0.018" />
  <testcase classname="ptolemy.util.test.junit.AutoTests" name="[187] /home/travis/build/icyphy/ptII/ptolemy/actor/lib/test/auto/LazyInnerClass.xml (RunModel)" time="0.021" />
  <testcase classname="ptolemy.util.test.junit.AutoTests" name="[188] /home/travis/build/icyphy/ptII/ptolemy/actor/lib/test/auto/LazyPubSub.xml (RunModel)" time="0.03" />
  <testcase classname="ptolemy.util.test.junit.AutoTests" name="[189] /home/travis/build/icyphy/ptII/ptolemy/actor/lib/test/auto/LazyPubSub2.xml (RunModel)" time="0.029" />
  <testcase classname="ptolemy.util.test.junit.AutoTests" name="[190] /home/travis/build/icyphy/ptII/ptolemy/actor/lib/test/auto/LazyPubSub3.xml (RunModel)" time="0.031" />
  <testcase classname="ptolemy.util.test.junit.AutoTests" name="[191] /home/travis/build/icyphy/ptII/ptolemy/actor/lib/test/auto/LazySubClassModel.xml (RunModel)" time="0.065" />
  <testcase classname="ptolemy.util.test.junit.AutoTests" name="[192] /home/travis/build/icyphy/ptII/ptolemy/actor/lib/test/auto/LevelCrossTest1.xml (RunModel)" time="0.038" />
  <testcase classname="ptolemy.util.test.junit.AutoTests" name="[193] /home/travis/build/icyphy/ptII/ptolemy/actor/lib/test/auto/LevelCrossTest10.xml (RunModel)" time="0.021" />
  <testcase classname="ptolemy.util.test.junit.AutoTests" name="[194] /home/travis/build/icyphy/ptII/ptolemy/actor/lib/test/auto/LevelCrossTest11.xml (RunModel)" time="0.014" />
  <testcase classname="ptolemy.util.test.junit.AutoTests" name="[195] /home/travis/build/icyphy/ptII/ptolemy/actor/lib/test/auto/LevelCrossTest12.xml (RunModel)" time="0.014" />
  <testcase classname="ptolemy.util.test.junit.AutoTests" name="[196] /home/travis/build/icyphy/ptII/ptolemy/actor/lib/test/auto/LevelCrossTest13.xml (RunModel)" time="0.014" />
  <testcase classname="ptolemy.util.test.junit.AutoTests" name="[197] /home/travis/build/icyphy/ptII/ptolemy/actor/lib/test/auto/LevelCrossTest2.xml (RunModel)" time="0.013" />
  <testcase classname="ptolemy.util.test.junit.AutoTests" name="[198] /home/travis/build/icyphy/ptII/ptolemy/actor/lib/test/auto/LevelCrossTest3.xml (RunModel)" time="0.015" />
  <testcase classname="ptolemy.util.test.junit.AutoTests" name="[199] /home/travis/build/icyphy/ptII/ptolemy/actor/lib/test/auto/LevelCrossTest4.xml (RunModel)" time="0.011" />
  <testcase classname="ptolemy.util.test.junit.AutoTests" name="[200] /home/travis/build/icyphy/ptII/ptolemy/actor/lib/test/auto/LevelCrossTest5.xml (RunModel)" time="0.014" />
  <testcase classname="ptolemy.util.test.junit.AutoTests" name="[201] /home/travis/build/icyphy/ptII/ptolemy/actor/lib/test/auto/LevelCrossTest6.xml (RunModel)" time="0.014" />
  <testcase classname="ptolemy.util.test.junit.AutoTests" name="[202] /home/travis/build/icyphy/ptII/ptolemy/actor/lib/test/auto/LevelCrossTest7.xml (RunModel)" time="0.014" />
  <testcase classname="ptolemy.util.test.junit.AutoTests" name="[203] /home/travis/build/icyphy/ptII/ptolemy/actor/lib/test/auto/LevelCrossTest8.xml (RunModel)" time="0.014" />
  <testcase classname="ptolemy.util.test.junit.AutoTests" name="[204] /home/travis/build/icyphy/ptII/ptolemy/actor/lib/test/auto/LevelCrossTest9.xml (RunModel)" time="0.013" />
  <testcase classname="ptolemy.util.test.junit.AutoTests" name="[205] /home/travis/build/icyphy/ptII/ptolemy/actor/lib/test/auto/LevinsonDurbin.xml (RunModel)" time="0.009" />
  <testcase classname="ptolemy.util.test.junit.AutoTests" name="[206] /home/travis/build/icyphy/ptII/ptolemy/actor/lib/test/auto/LevinsonDurbin2.xml (RunModel)" time="0.008" />
  <testcase classname="ptolemy.util.test.junit.AutoTests" name="[207] /home/travis/build/icyphy/ptII/ptolemy/actor/lib/test/auto/LevinsonDurbin3.xml (RunModel)" time="0.008" />
  <testcase classname="ptolemy.util.test.junit.AutoTests" name="[208] /home/travis/build/icyphy/ptII/ptolemy/actor/lib/test/auto/Limiter.xml (RunModel)" time="0.024" />
  <testcase classname="ptolemy.util.test.junit.AutoTests" name="[209] /home/travis/build/icyphy/ptII/ptolemy/actor/lib/test/auto/LinearDifferenceEquationSystem.xml (RunModel)" time="0.022" />
  <testcase classname="ptolemy.util.test.junit.AutoTests" name="[210] /home/travis/build/icyphy/ptII/ptolemy/actor/lib/test/auto/LookupTable.xml (RunModel)" time="0.01" />
  <testcase classname="ptolemy.util.test.junit.AutoTests" name="[211] /home/travis/build/icyphy/ptII/ptolemy/actor/lib/test/auto/MathFunction.xml (RunModel)" time="0.023" />
  <testcase classname="ptolemy.util.test.junit.AutoTests" name="[212] /home/travis/build/icyphy/ptII/ptolemy/actor/lib/test/auto/MathFunction2.xml (RunModel)" time="0.008" />
  <testcase classname="ptolemy.util.test.junit.AutoTests" name="[213] /home/travis/build/icyphy/ptII/ptolemy/actor/lib/test/auto/MathFunction3.xml (RunModel)" time="0.019" />
  <testcase classname="ptolemy.util.test.junit.AutoTests" name="[214] /home/travis/build/icyphy/ptII/ptolemy/actor/lib/test/auto/MatrixCropBoolean.xml (RunModel)" time="0.012" />
  <testcase classname="ptolemy.util.test.junit.AutoTests" name="[215] /home/travis/build/icyphy/ptII/ptolemy/actor/lib/test/auto/MatrixCropComplex.xml (RunModel)" time="0.01" />
  <testcase classname="ptolemy.util.test.junit.AutoTests" name="[216] /home/travis/build/icyphy/ptII/ptolemy/actor/lib/test/auto/MatrixCropDouble.xml (RunModel)" time="0.009" />
  <testcase classname="ptolemy.util.test.junit.AutoTests" name="[217] /home/travis/build/icyphy/ptII/ptolemy/actor/lib/test/auto/MatrixCropFix.xml (RunModel)" time="0.011" />
  <testcase classname="ptolemy.util.test.junit.AutoTests" name="[218] /home/travis/build/icyphy/ptII/ptolemy/actor/lib/test/auto/MatrixCropInt.xml (RunModel)" time="0.01" />
  <testcase classname="ptolemy.util.test.junit.AutoTests" name="[219] /home/travis/build/icyphy/ptII/ptolemy/actor/lib/test/auto/MatrixCropLong.xml (RunModel)" time="0.01" />
  <testcase classname="ptolemy.util.test.junit.AutoTests" name="[220] /home/travis/build/icyphy/ptII/ptolemy/actor/lib/test/auto/MatrixToArray.xml (RunModel)" time="0.051" />
  <testcase classname="ptolemy.util.test.junit.AutoTests" name="[221] /home/travis/build/icyphy/ptII/ptolemy/actor/lib/test/auto/MaxIndex.xml (RunModel)" time="0.012" />
  <testcase classname="ptolemy.util.test.junit.AutoTests" name="[222] /home/travis/build/icyphy/ptII/ptolemy/actor/lib/test/auto/Maximum.xml (RunModel)" time="0.014" />
  <testcase classname="ptolemy.util.test.junit.AutoTests" name="[223] /home/travis/build/icyphy/ptII/ptolemy/actor/lib/test/auto/MaximumComplex.xml (RunModel)" time="0.015" />
  <testcase classname="ptolemy.util.test.junit.AutoTests" name="[224] /home/travis/build/icyphy/ptII/ptolemy/actor/lib/test/auto/MethodCallTest.xml (RunModel)" time="0.021" />
  <testcase classname="ptolemy.util.test.junit.AutoTests" name="[225] /home/travis/build/icyphy/ptII/ptolemy/actor/lib/test/auto/Minimum.xml (RunModel)" time="0.013" />
  <testcase classname="ptolemy.util.test.junit.AutoTests" name="[226] /home/travis/build/icyphy/ptII/ptolemy/actor/lib/test/auto/MinimumComplex.xml (RunModel)" time="0.013" />
  <testcase classname="ptolemy.util.test.junit.AutoTests" name="[227] /home/travis/build/icyphy/ptII/ptolemy/actor/lib/test/auto/MinimumMultiports.xml (RunModel)" time="0.022" />
  <testcase classname="ptolemy.util.test.junit.AutoTests" name="[228] /home/travis/build/icyphy/ptII/ptolemy/actor/lib/test/auto/ModifyDate.xml (RunModel)" time="0.042" />
  <testcase classname="ptolemy.util.test.junit.AutoTests" name="[229] /home/travis/build/icyphy/ptII/ptolemy/actor/lib/test/auto/ModifyDate2.xml (RunModel)" time="0.031" />
  <testcase classname="ptolemy.util.test.junit.AutoTests" name="[230] /home/travis/build/icyphy/ptII/ptolemy/actor/lib/test/auto/MovingAverage.xml (RunModel)" time="0.014" />
  <testcase classname="ptolemy.util.test.junit.AutoTests" name="[231] /home/travis/build/icyphy/ptII/ptolemy/actor/lib/test/auto/MovingMaximum.xml (RunModel)" time="0.01" />
  <testcase classname="ptolemy.util.test.junit.AutoTests" name="[232] /home/travis/build/icyphy/ptII/ptolemy/actor/lib/test/auto/MultipleLinksToSameRelation.xml (RunModel)" time="0.009" />
  <testcase classname="ptolemy.util.test.junit.AutoTests" name="[233] /home/travis/build/icyphy/ptII/ptolemy/actor/lib/test/auto/MultipleLinksToSameRelationDE.xml (RunModel)" time="0.009" />
  <testcase classname="ptolemy.util.test.junit.AutoTests" name="[234] /home/travis/build/icyphy/ptII/ptolemy/actor/lib/test/auto/Multiplexor.xml (RunModel)" time="0.013" />
  <testcase classname="ptolemy.util.test.junit.AutoTests" name="[235] /home/travis/build/icyphy/ptII/ptolemy/actor/lib/test/auto/Multiplexor1.xml (RunModel)" time="0.013" />
  <testcase classname="ptolemy.util.test.junit.AutoTests" name="[236] /home/travis/build/icyphy/ptII/ptolemy/actor/lib/test/auto/Multiplexor2.xml (RunModel)" time="0.016" />
  <testcase classname="ptolemy.util.test.junit.AutoTests" name="[237] /home/travis/build/icyphy/ptII/ptolemy/actor/lib/test/auto/Multiplexor3.xml (RunModel)" time="0.01" />
  <testcase classname="ptolemy.util.test.junit.AutoTests" name="[238] /home/travis/build/icyphy/ptII/ptolemy/actor/lib/test/auto/MultiplexorDE.xml (RunModel)" time="0.019" />
  <testcase classname="ptolemy.util.test.junit.AutoTests" name="[239] /home/travis/build/icyphy/ptII/ptolemy/actor/lib/test/auto/MultiportBroadcastTest.xml (RunModel)" time="0.066" />
  <testcase classname="ptolemy.util.test.junit.AutoTests" name="[240] /home/travis/build/icyphy/ptII/ptolemy/actor/lib/test/auto/MultiportOutHangDuringGetWidth.xml (RunModel)" time="0.035" />
  <testcase classname="ptolemy.util.test.junit.AutoTests" name="[241] /home/travis/build/icyphy/ptII/ptolemy/actor/lib/test/auto/NilToken.xml (RunModel)" time="0.008" />
  <testcase classname="ptolemy.util.test.junit.AutoTests" name="[242] /home/travis/build/icyphy/ptII/ptolemy/actor/lib/test/auto/NilTokenNonStrictTest.xml (RunModel)" time="0.013" />
  <testcase classname="ptolemy.util.test.junit.AutoTests" name="[243] /home/travis/build/icyphy/ptII/ptolemy/actor/lib/test/auto/NilTokenRecord.xml (RunModel)" time="0.023" />
  <testcase classname="ptolemy.util.test.junit.AutoTests" name="[244] /home/travis/build/icyphy/ptII/ptolemy/actor/lib/test/auto/NilTokenTypeTest.xml (RunModel)" time="0.038" />
  <testcase classname="ptolemy.util.test.junit.AutoTests" name="[245] /home/travis/build/icyphy/ptII/ptolemy/actor/lib/test/auto/ObjectToken1.xml (RunModel)" time="0.008" />
  <testcase classname="ptolemy.util.test.junit.AutoTests" name="[246] /home/travis/build/icyphy/ptII/ptolemy/actor/lib/test/auto/OrderedMerge.xml (RunModel)" time="0.012" />
  <testcase classname="ptolemy.util.test.junit.AutoTests" name="[247] /home/travis/build/icyphy/ptII/ptolemy/actor/lib/test/auto/OrderedRecordDisassembler.xml (RunModel)" time="0.013" />
  <testcase classname="ptolemy.util.test.junit.AutoTests" name="[248] /home/travis/build/icyphy/ptII/ptolemy/actor/lib/test/auto/OrderedRecordDisassembler2.xml (RunModel)" time="0.019" />
  <testcase classname="ptolemy.util.test.junit.AutoTests" name="[249] /home/travis/build/icyphy/ptII/ptolemy/actor/lib/test/auto/OrderedRecordUpdater.xml (RunModel)" time="0.01" />
  <testcase classname="ptolemy.util.test.junit.AutoTests" name="[250] /home/travis/build/icyphy/ptII/ptolemy/actor/lib/test/auto/OrderedRecordUpdater2.xml (RunModel)" time="0.011" />
  <testcase classname="ptolemy.util.test.junit.AutoTests" name="[251] /home/travis/build/icyphy/ptII/ptolemy/actor/lib/test/auto/PhaseUnwrap.xml (RunModel)" time="0.013" />
  <testcase classname="ptolemy.util.test.junit.AutoTests" name="[252] /home/travis/build/icyphy/ptII/ptolemy/actor/lib/test/auto/PoissonClock.xml (RunModel)" time="0.009" />
  <testcase classname="ptolemy.util.test.junit.AutoTests" name="[253] /home/travis/build/icyphy/ptII/ptolemy/actor/lib/test/auto/PoissonClock2.xml (RunModel)" time="0.008" />
  <testcase classname="ptolemy.util.test.junit.AutoTests" name="[254] /home/travis/build/icyphy/ptII/ptolemy/actor/lib/test/auto/PoissonClock3.xml (RunModel)" time="0.009" />
  <testcase classname="ptolemy.util.test.junit.AutoTests" name="[255] /home/travis/build/icyphy/ptII/ptolemy/actor/lib/test/auto/PubSubWithInitialTokens.xml (RunModel)" time="0.011" />
  <testcase classname="ptolemy.util.test.junit.AutoTests" name="[256] /home/travis/build/icyphy/ptII/ptolemy/actor/lib/test/auto/PubSubWithInitialTokens2.xml (RunModel)" time="0.011" />
  <testcase classname="ptolemy.util.test.junit.AutoTests" name="[257] /home/travis/build/icyphy/ptII/ptolemy/actor/lib/test/auto/PublisherClassNoParameter.xml (RunModel)" time="0.022" />
  <testcase classname="ptolemy.util.test.junit.AutoTests" name="[258] /home/travis/build/icyphy/ptII/ptolemy/actor/lib/test/auto/PublisherClassParameter.xml (RunModel)" time="0.025" />
  <testcase classname="ptolemy.util.test.junit.AutoTests" name="[259] /home/travis/build/icyphy/ptII/ptolemy/actor/lib/test/auto/PublisherNonStrictTest.xml (RunModel)" time="0.017" />
  <testcase classname="ptolemy.util.test.junit.AutoTests" name="[260] /home/travis/build/icyphy/ptII/ptolemy/actor/lib/test/auto/PublisherPort1.xml (RunModel)" time="0.011" />
  <testcase classname="ptolemy.util.test.junit.AutoTests" name="[261] /home/travis/build/icyphy/ptII/ptolemy/actor/lib/test/auto/PublisherPort2.xml (RunModel)" time="0.009" />
  <testcase classname="ptolemy.util.test.junit.AutoTests" name="[262] /home/travis/build/icyphy/ptII/ptolemy/actor/lib/test/auto/PublisherPort3.xml (RunModel)" time="0.013" />
  <testcase classname="ptolemy.util.test.junit.AutoTests" name="[263] /home/travis/build/icyphy/ptII/ptolemy/actor/lib/test/auto/PublisherPort4.xml (RunModel)" time="0.011" />
  <testcase classname="ptolemy.util.test.junit.AutoTests" name="[264] /home/travis/build/icyphy/ptII/ptolemy/actor/lib/test/auto/PublisherPort5.xml (RunModel)" time="0.021" />
  <testcase classname="ptolemy.util.test.junit.AutoTests" name="[265] /home/travis/build/icyphy/ptII/ptolemy/actor/lib/test/auto/PublisherPort5LookAlike.xml (RunModel)" time="0.019" />
  <testcase classname="ptolemy.util.test.junit.AutoTests" name="[266] /home/travis/build/icyphy/ptII/ptolemy/actor/lib/test/auto/PublisherPort6.xml (RunModel)" time="0.014" />
  <testcase classname="ptolemy.util.test.junit.AutoTests" name="[267] /home/travis/build/icyphy/ptII/ptolemy/actor/lib/test/auto/PublisherPort7.xml (RunModel)" time="0.017" />
  <testcase classname="ptolemy.util.test.junit.AutoTests" name="[268] /home/travis/build/icyphy/ptII/ptolemy/actor/lib/test/auto/PublisherPort8.xml (RunModel)" time="0.019" />
  <testcase classname="ptolemy.util.test.junit.AutoTests" name="[269] /home/travis/build/icyphy/ptII/ptolemy/actor/lib/test/auto/PublisherPortSubscriberChannelVariablesAOC2.xml (RunModel)" time="0.035" />
  <testcase classname="ptolemy.util.test.junit.AutoTests" name="[270] /home/travis/build/icyphy/ptII/ptolemy/actor/lib/test/auto/PublisherPortSubscriberOpaqueWidthInference.xml (RunModel)" time="0.016" />
  <testcase classname="ptolemy.util.test.junit.AutoTests" name="[271] /home/travis/build/icyphy/ptII/ptolemy/actor/lib/test/auto/PublisherPortSubscriberPortAdjacent.xml (RunModel)" time="0.02" />
  <testcase classname="ptolemy.util.test.junit.AutoTests" name="[272] /home/travis/build/icyphy/ptII/ptolemy/actor/lib/test/auto/PublisherPortSubscriberPortExpression.xml (RunModel)" time="0.019" />
  <testcase classname="ptolemy.util.test.junit.AutoTests" name="[273] /home/travis/build/icyphy/ptII/ptolemy/actor/lib/test/auto/PublisherPortSubscriberPortOpaqueD3Reverse.xml (RunModel)" time="0.023" />
  <testcase classname="ptolemy.util.test.junit.AutoTests" name="[274] /home/travis/build/icyphy/ptII/ptolemy/actor/lib/test/auto/PublisherPortSubscriberPortOpaqueWidthInference.xml (RunModel)" time="0.024" />
  <testcase classname="ptolemy.util.test.junit.AutoTests" name="[275] /home/travis/build/icyphy/ptII/ptolemy/actor/lib/test/auto/PublisherPortToplevelSubscriberPortAOC.xml (RunModel)" time="0.011" />
  <testcase classname="ptolemy.util.test.junit.AutoTests" name="[276] /home/travis/build/icyphy/ptII/ptolemy/actor/lib/test/auto/PublisherSubscriber.xml (RunModel)" time="0.014" />
  <testcase classname="ptolemy.util.test.junit.AutoTests" name="[277] /home/travis/build/icyphy/ptII/ptolemy/actor/lib/test/auto/PublisherSubscriber10.xml (RunModel)" time="0.021" />
  <testcase classname="ptolemy.util.test.junit.AutoTests" name="[278] /home/travis/build/icyphy/ptII/ptolemy/actor/lib/test/auto/PublisherSubscriber10InitialOutputs.xml (RunModel)" time="0.036" />
  <testcase classname="ptolemy.util.test.junit.AutoTests" name="[279] /home/travis/build/icyphy/ptII/ptolemy/actor/lib/test/auto/PublisherSubscriber11.xml (RunModel)" time="0.014" />
  <testcase classname="ptolemy.util.test.junit.AutoTests" name="[280] /home/travis/build/icyphy/ptII/ptolemy/actor/lib/test/auto/PublisherSubscriber12.xml (RunModel)" time="0.019" />
  <testcase classname="ptolemy.util.test.junit.AutoTests" name="[281] /home/travis/build/icyphy/ptII/ptolemy/actor/lib/test/auto/PublisherSubscriber13.xml (RunModel)" time="0.011" />
  <testcase classname="ptolemy.util.test.junit.AutoTests" name="[282] /home/travis/build/icyphy/ptII/ptolemy/actor/lib/test/auto/PublisherSubscriber14.xml (RunModel)" time="0.019" />
  <testcase classname="ptolemy.util.test.junit.AutoTests" name="[283] /home/travis/build/icyphy/ptII/ptolemy/actor/lib/test/auto/PublisherSubscriber2.xml (RunModel)" time="0.01" />
  <testcase classname="ptolemy.util.test.junit.AutoTests" name="[284] /home/travis/build/icyphy/ptII/ptolemy/actor/lib/test/auto/PublisherSubscriber3.xml (RunModel)" time="0.011" />
  <testcase classname="ptolemy.util.test.junit.AutoTests" name="[285] /home/travis/build/icyphy/ptII/ptolemy/actor/lib/test/auto/PublisherSubscriber4.xml (RunModel)" time="0.009" />
  <testcase classname="ptolemy.util.test.junit.AutoTests" name="[286] /home/travis/build/icyphy/ptII/ptolemy/actor/lib/test/auto/PublisherSubscriber5.xml (RunModel)" time="0.014" />
  <testcase classname="ptolemy.util.test.junit.AutoTests" name="[287] /home/travis/build/icyphy/ptII/ptolemy/actor/lib/test/auto/PublisherSubscriber6.xml (RunModel)" time="0.013" />
  <testcase classname="ptolemy.util.test.junit.AutoTests" name="[288] /home/travis/build/icyphy/ptII/ptolemy/actor/lib/test/auto/PublisherSubscriber7.xml (RunModel)" time="0.014" />
  <testcase classname="ptolemy.util.test.junit.AutoTests" name="[289] /home/travis/build/icyphy/ptII/ptolemy/actor/lib/test/auto/PublisherSubscriber8.xml (RunModel)" time="0.036" />
  <testcase classname="ptolemy.util.test.junit.AutoTests" name="[290] /home/travis/build/icyphy/ptII/ptolemy/actor/lib/test/auto/PublisherSubscriber9.xml (RunModel)" time="0.021" />
  <testcase classname="ptolemy.util.test.junit.AutoTests" name="[291] /home/travis/build/icyphy/ptII/ptolemy/actor/lib/test/auto/PublisherSubscriberAdjacent.xml (RunModel)" time="0.019" />
  <testcase classname="ptolemy.util.test.junit.AutoTests" name="[292] /home/travis/build/icyphy/ptII/ptolemy/actor/lib/test/auto/PublisherSubscriberChannelVariablesAOC2.xml (RunModel)" time="0.032" />
  <testcase classname="ptolemy.util.test.junit.AutoTests" name="[293] /home/travis/build/icyphy/ptII/ptolemy/actor/lib/test/auto/PublisherSubscriberD3.xml (RunModel)" time="0.015" />
  <testcase classname="ptolemy.util.test.junit.AutoTests" name="[294] /home/travis/build/icyphy/ptII/ptolemy/actor/lib/test/auto/PublisherSubscriberD3Reverse.xml (RunModel)" time="0.012" />
  <testcase classname="ptolemy.util.test.junit.AutoTests" name="[295] /home/travis/build/icyphy/ptII/ptolemy/actor/lib/test/auto/PublisherSubscriberExpression.xml (RunModel)" time="0.02" />
  <testcase classname="ptolemy.util.test.junit.AutoTests" name="[296] /home/travis/build/icyphy/ptII/ptolemy/actor/lib/test/auto/PublisherSubscriberOpaque.xml (RunModel)" time="0.017" />
  <testcase classname="ptolemy.util.test.junit.AutoTests" name="[297] /home/travis/build/icyphy/ptII/ptolemy/actor/lib/test/auto/PublisherSubscriberOpaqueD3.xml (RunModel)" time="0.025" />
  <testcase classname="ptolemy.util.test.junit.AutoTests" name="[298] /home/travis/build/icyphy/ptII/ptolemy/actor/lib/test/auto/PublisherSubscriberOpaqueD3Reverse.xml (RunModel)" time="0.027" />
  <testcase classname="ptolemy.util.test.junit.AutoTests" name="[299] /home/travis/build/icyphy/ptII/ptolemy/actor/lib/test/auto/PublisherSubscriberOpaqueWidthInference.xml (RunModel)" time="0.018" />
  <testcase classname="ptolemy.util.test.junit.AutoTests" name="[300] /home/travis/build/icyphy/ptII/ptolemy/actor/lib/test/auto/PublisherTestSubscriber.xml (RunModel)" time="0.018" />
  <testcase classname="ptolemy.util.test.junit.AutoTests" name="[301] /home/travis/build/icyphy/ptII/ptolemy/actor/lib/test/auto/PublisherToplevelSubscriberPortAOC.xml (RunModel)" time="0.012" />
  <testcase classname="ptolemy.util.test.junit.AutoTests" name="[302] /home/travis/build/icyphy/ptII/ptolemy/actor/lib/test/auto/PulseFiringLimitDE.xml (RunModel)" time="0.015" />
  <testcase classname="ptolemy.util.test.junit.AutoTests" name="[303] /home/travis/build/icyphy/ptII/ptolemy/actor/lib/test/auto/Ramp1.xml (RunModel)" time="0.007" />
  <testcase classname="ptolemy.util.test.junit.AutoTests" name="[304] /home/travis/build/icyphy/ptII/ptolemy/actor/lib/test/auto/RampFiringLimitDE.xml (RunModel)" time="0.016" />
  <testcase classname="ptolemy.util.test.junit.AutoTests" name="[305] /home/travis/build/icyphy/ptII/ptolemy/actor/lib/test/auto/RampFiringLimitSDF.xml (RunModel)" time="0.011" />
  <testcase classname="ptolemy.util.test.junit.AutoTests" name="[306] /home/travis/build/icyphy/ptII/ptolemy/actor/lib/test/auto/RandomInteger.xml (RunModel)" time="0.014" />
  <testcase classname="ptolemy.util.test.junit.AutoTests" name="[307] /home/travis/build/icyphy/ptII/ptolemy/actor/lib/test/auto/ReadFile1.xml (RunModel)" time="0.01" />
  <testcase classname="ptolemy.util.test.junit.AutoTests" name="[308] /home/travis/build/icyphy/ptII/ptolemy/actor/lib/test/auto/ReadFile2.xml (RunModel)" time="0.009" />
  <testcase classname="ptolemy.util.test.junit.AutoTests" name="[309] /home/travis/build/icyphy/ptII/ptolemy/actor/lib/test/auto/Reader.xml (RunModel)" time="0.01" />
  <testcase classname="ptolemy.util.test.junit.AutoTests" name="[310] /home/travis/build/icyphy/ptII/ptolemy/actor/lib/test/auto/RecordAssemblerDisplayNameTest.xml (RunModel)" time="3.776" />
  <testcase classname="ptolemy.util.test.junit.AutoTests" name="[311] /home/travis/build/icyphy/ptII/ptolemy/actor/lib/test/auto/RecordAssemblerTypeError.xml (RunModel)" time="0.04" />
  <testcase classname="ptolemy.util.test.junit.AutoTests" name="[312] /home/travis/build/icyphy/ptII/ptolemy/actor/lib/test/auto/RecordDisassember.xml (RunModel)" time="0.011" />
  <testcase classname="ptolemy.util.test.junit.AutoTests" name="[313] /home/travis/build/icyphy/ptII/ptolemy/actor/lib/test/auto/RecordDisassemberDisplayNameTest.xml (RunModel)" time="0.021" />
  <testcase classname="ptolemy.util.test.junit.AutoTests" name="[314] /home/travis/build/icyphy/ptII/ptolemy/actor/lib/test/auto/RecordDisassembler.xml (RunModel)" time="0.009" />
  <testcase classname="ptolemy.util.test.junit.AutoTests" name="[315] /home/travis/build/icyphy/ptII/ptolemy/actor/lib/test/auto/RecordDisassembler2.xml (RunModel)" time="0.012" />
  <testcase classname="ptolemy.util.test.junit.AutoTests" name="[316] /home/travis/build/icyphy/ptII/ptolemy/actor/lib/test/auto/RecordUpdater.xml (RunModel)" time="0.01" />
  <testcase classname="ptolemy.util.test.junit.AutoTests" name="[317] /home/travis/build/icyphy/ptII/ptolemy/actor/lib/test/auto/RecordUpdater2.xml (RunModel)" time="0.01" />
  <testcase classname="ptolemy.util.test.junit.AutoTests" name="[318] /home/travis/build/icyphy/ptII/ptolemy/actor/lib/test/auto/RecursiveLattice.xml (RunModel)" time="0.009" />
  <testcase classname="ptolemy.util.test.junit.AutoTests" name="[319] /home/travis/build/icyphy/ptII/ptolemy/actor/lib/test/auto/Router.xml (RunModel)" time="3.028" />
  <testcase classname="ptolemy.util.test.junit.AutoTests" name="[320] /home/travis/build/icyphy/ptII/ptolemy/actor/lib/test/auto/Router2.xml (RunModel)" time="3.025" />
  <testcase classname="ptolemy.util.test.junit.AutoTests" name="[321] /home/travis/build/icyphy/ptII/ptolemy/actor/lib/test/auto/RunningMaximum.xml (RunModel)" time="0.024" />
  <testcase classname="ptolemy.util.test.junit.AutoTests" name="[322] /home/travis/build/icyphy/ptII/ptolemy/actor/lib/test/auto/RunningMinimum.xml (RunModel)" time="0.02" />
  <testcase classname="ptolemy.util.test.junit.AutoTests" name="[323] /home/travis/build/icyphy/ptII/ptolemy/actor/lib/test/auto/Scale.xml (RunModel)" time="0.007" />
  <testcase classname="ptolemy.util.test.junit.AutoTests" name="[324] /home/travis/build/icyphy/ptII/ptolemy/actor/lib/test/auto/Scale2.xml (RunModel)" time="0.015" />
  <testcase classname="ptolemy.util.test.junit.AutoTests" name="[325] /home/travis/build/icyphy/ptII/ptolemy/actor/lib/test/auto/Scale3.xml (RunModel)" time="0.014" />
  <testcase classname="ptolemy.util.test.junit.AutoTests" name="[326] /home/travis/build/icyphy/ptII/ptolemy/actor/lib/test/auto/ScaleArray.xml (RunModel)" time="0.008" />
  <testcase classname="ptolemy.util.test.junit.AutoTests" name="[327] /home/travis/build/icyphy/ptII/ptolemy/actor/lib/test/auto/ScaleArray2.xml (RunModel)" time="0.008" />
  <testcase classname="ptolemy.util.test.junit.AutoTests" name="[328] /home/travis/build/icyphy/ptII/ptolemy/actor/lib/test/auto/ScaleMatrix.xml (RunModel)" time="0.117" />
  <testcase classname="ptolemy.util.test.junit.AutoTests" name="[329] /home/travis/build/icyphy/ptII/ptolemy/actor/lib/test/auto/Select.xml (RunModel)" time="0.014" />
  <testcase classname="ptolemy.util.test.junit.AutoTests" name="[330] /home/travis/build/icyphy/ptII/ptolemy/actor/lib/test/auto/Select2.xml (RunModel)" time="0.008" />
  <testcase classname="ptolemy.util.test.junit.AutoTests" name="[331] /home/travis/build/icyphy/ptII/ptolemy/actor/lib/test/auto/SequenceToArray2.xml (RunModel)" time="0.12" />
  <testcase classname="ptolemy.util.test.junit.AutoTests" name="[332] /home/travis/build/icyphy/ptII/ptolemy/actor/lib/test/auto/SequentialClock.xml (RunModel)" time="0.008" />
  <testcase classname="ptolemy.util.test.junit.AutoTests" name="[333] /home/travis/build/icyphy/ptII/ptolemy/actor/lib/test/auto/SetVariable.xml (RunModel)" time="0.015" />
  <testcase classname="ptolemy.util.test.junit.AutoTests" name="[334] /home/travis/build/icyphy/ptII/ptolemy/actor/lib/test/auto/SetVariable2.xml (RunModel)" time="0.015" />
  <testcase classname="ptolemy.util.test.junit.AutoTests" name="[335] /home/travis/build/icyphy/ptII/ptolemy/actor/lib/test/auto/SetVariable3.xml (RunModel)" time="0.015" />
  <testcase classname="ptolemy.util.test.junit.AutoTests" name="[336] /home/travis/build/icyphy/ptII/ptolemy/actor/lib/test/auto/SetVariable4.xml (RunModel)" time="0.033" />
  <testcase classname="ptolemy.util.test.junit.AutoTests" name="[337] /home/travis/build/icyphy/ptII/ptolemy/actor/lib/test/auto/SetVariable5.xml (RunModel)" time="0.037" />
  <testcase classname="ptolemy.util.test.junit.AutoTests" name="[338] /home/travis/build/icyphy/ptII/ptolemy/actor/lib/test/auto/Sinewave.xml (RunModel)" time="0.029" />
  <testcase classname="ptolemy.util.test.junit.AutoTests" name="[339] /home/travis/build/icyphy/ptII/ptolemy/actor/lib/test/auto/Sinewave2.xml (RunModel)" time="0.019" />
  <testcase classname="ptolemy.util.test.junit.AutoTests" name="[340] /home/travis/build/icyphy/ptII/ptolemy/actor/lib/test/auto/Sinewave3.xml (RunModel)" time="0.024" />
  <testcase classname="ptolemy.util.test.junit.AutoTests" name="[341] /home/travis/build/icyphy/ptII/ptolemy/actor/lib/test/auto/SingleEvent.xml (RunModel)" time="0.007" />
  <testcase classname="ptolemy.util.test.junit.AutoTests" name="[342] /home/travis/build/icyphy/ptII/ptolemy/actor/lib/test/auto/Sleep.xml (RunModel)" time="6.014" />
  <testcase classname="ptolemy.util.test.junit.AutoTests" name="[343] /home/travis/build/icyphy/ptII/ptolemy/actor/lib/test/auto/SleepMultipleFire.xml (RunModel)" time="1.022" />
  <testcase classname="ptolemy.util.test.junit.AutoTests" name="[344] /home/travis/build/icyphy/ptII/ptolemy/actor/lib/test/auto/StopDE.xml (RunModel)" time="0.013" />
  <testcase classname="ptolemy.util.test.junit.AutoTests" name="[345] /home/travis/build/icyphy/ptII/ptolemy/actor/lib/test/auto/StopSDF.xml (RunModel)" time="0.012" />
  <testcase classname="ptolemy.util.test.junit.AutoTests" name="[346] /home/travis/build/icyphy/ptII/ptolemy/actor/lib/test/auto/StringConstant.xml (RunModel)" time="0.009" />
  <testcase classname="ptolemy.util.test.junit.AutoTests" name="[347] /home/travis/build/icyphy/ptII/ptolemy/actor/lib/test/auto/SubscriberPortInitialValues1.xml (RunModel)" time="0.018" />
  <testcase classname="ptolemy.util.test.junit.AutoTests" name="[348] /home/travis/build/icyphy/ptII/ptolemy/actor/lib/test/auto/SubscriberPortInitialValues13.xml (RunModel)" time="0.026" />
  <testcase classname="ptolemy.util.test.junit.AutoTests" name="[349] /home/travis/build/icyphy/ptII/ptolemy/actor/lib/test/auto/SubscriberPortInitialValues14.xml (RunModel)" time="0.017" />
  <testcase classname="ptolemy.util.test.junit.AutoTests" name="[350] /home/travis/build/icyphy/ptII/ptolemy/actor/lib/test/auto/SubscriberPortInitialValues2.xml (RunModel)" time="0.016" />
  <testcase classname="ptolemy.util.test.junit.AutoTests" name="[351] /home/travis/build/icyphy/ptII/ptolemy/actor/lib/test/auto/SubscriberPortInitialValues3.xml (RunModel)" time="0.02" />
  <testcase classname="ptolemy.util.test.junit.AutoTests" name="[352] /home/travis/build/icyphy/ptII/ptolemy/actor/lib/test/auto/SubscriptionAggregator.xml (RunModel)" time="0.013" />
  <testcase classname="ptolemy.util.test.junit.AutoTests" name="[353] /home/travis/build/icyphy/ptII/ptolemy/actor/lib/test/auto/SubscriptionAggregator2.xml (RunModel)" time="0.013" />
  <testcase classname="ptolemy.util.test.junit.AutoTests" name="[354] /home/travis/build/icyphy/ptII/ptolemy/actor/lib/test/auto/SubscriptionAggregator3.xml (RunModel)" time="0.018" />
  <testcase classname="ptolemy.util.test.junit.AutoTests" name="[355] /home/travis/build/icyphy/ptII/ptolemy/actor/lib/test/auto/SubscriptionAggregatorMultiply.xml (RunModel)" time="0.015" />
  <testcase classname="ptolemy.util.test.junit.AutoTests" name="[356] /home/travis/build/icyphy/ptII/ptolemy/actor/lib/test/auto/SubscriptionAggregatorPortMultiply1.xml (RunModel)" time="0.014" />
  <testcase classname="ptolemy.util.test.junit.AutoTests" name="[357] /home/travis/build/icyphy/ptII/ptolemy/actor/lib/test/auto/Switch.xml (RunModel)" time="0.013" />
  <testcase classname="ptolemy.util.test.junit.AutoTests" name="[358] /home/travis/build/icyphy/ptII/ptolemy/actor/lib/test/auto/Switch2.xml (RunModel)" time="0.009" />
  <testcase classname="ptolemy.util.test.junit.AutoTests" name="[359] /home/travis/build/icyphy/ptII/ptolemy/actor/lib/test/auto/SwitchDE.xml (RunModel)" time="0.013" />
  <testcase classname="ptolemy.util.test.junit.AutoTests" name="[360] /home/travis/build/icyphy/ptII/ptolemy/actor/lib/test/auto/SynchronizerDE.xml (RunModel)" time="0.03" />
  <testcase classname="ptolemy.util.test.junit.AutoTests" name="[361] /home/travis/build/icyphy/ptII/ptolemy/actor/lib/test/auto/Test.xml (RunModel)" time="0.021" />
  <testcase classname="ptolemy.util.test.junit.AutoTests" name="[362] /home/travis/build/icyphy/ptII/ptolemy/actor/lib/test/auto/TestExceptionAttribute1.xml (RunModel)" time="0.015" />
  <testcase classname="ptolemy.util.test.junit.AutoTests" name="[363] /home/travis/build/icyphy/ptII/ptolemy/actor/lib/test/auto/TestExceptionAttribute2.xml (RunModel)" time="0.01" />
  <testcase classname="ptolemy.util.test.junit.AutoTests" name="[364] /home/travis/build/icyphy/ptII/ptolemy/actor/lib/test/auto/TestExceptionAttribute3.xml (RunModel)" time="0.006" />
  <testcase classname="ptolemy.util.test.junit.AutoTests" name="[365] /home/travis/build/icyphy/ptII/ptolemy/actor/lib/test/auto/TestExceptionAttribute4.xml (RunModel)" time="0.007" />
  <testcase classname="ptolemy.util.test.junit.AutoTests" name="[366] /home/travis/build/icyphy/ptII/ptolemy/actor/lib/test/auto/TestExceptionHandler1.xml (RunModel)" time="0.011" />
  <testcase classname="ptolemy.util.test.junit.AutoTests" name="[367] /home/travis/build/icyphy/ptII/ptolemy/actor/lib/test/auto/TestExceptionHandler2.xml (RunModel)" time="0.011" />
  <testcase classname="ptolemy.util.test.junit.AutoTests" name="[368] /home/travis/build/icyphy/ptII/ptolemy/actor/lib/test/auto/TestExceptionHandler3.xml (RunModel)" time="0.016" />
  <testcase classname="ptolemy.util.test.junit.AutoTests" name="[369] /home/travis/build/icyphy/ptII/ptolemy/actor/lib/test/auto/TestExceptionHandler4.xml (RunModel)" time="0.008" />
  <testcase classname="ptolemy.util.test.junit.AutoTests" name="[370] /home/travis/build/icyphy/ptII/ptolemy/actor/lib/test/auto/TestRequireCorrectOrder.xml (RunModel)" time="0.012" />
  <testcase classname="ptolemy.util.test.junit.AutoTests" name="[371] /home/travis/build/icyphy/ptII/ptolemy/actor/lib/test/auto/TestSimple.xml (RunModel)" time="0.007" />
  <testcase classname="ptolemy.util.test.junit.AutoTests" name="[372] /home/travis/build/icyphy/ptII/ptolemy/actor/lib/test/auto/ThrowModelError.xml (RunModel)" time="0.011" />
  <testcase classname="ptolemy.util.test.junit.AutoTests" name="[373] /home/travis/build/icyphy/ptII/ptolemy/actor/lib/test/auto/TimeDelayMicrosteps.xml (RunModel)" time="0.018" />
  <testcase classname="ptolemy.util.test.junit.AutoTests" name="[374] /home/travis/build/icyphy/ptII/ptolemy/actor/lib/test/auto/TimeDelayMicrosteps2.xml (RunModel)" time="0.018" />
  <testcase classname="ptolemy.util.test.junit.AutoTests" name="[375] /home/travis/build/icyphy/ptII/ptolemy/actor/lib/test/auto/TimeDelayMicrosteps3.xml (RunModel)" time="0.015" />
  <testcase classname="ptolemy.util.test.junit.AutoTests" name="[376] /home/travis/build/icyphy/ptII/ptolemy/actor/lib/test/auto/TimeDelayVariableMicrosteps.xml (RunModel)" time="0.017" />
  <testcase classname="ptolemy.util.test.junit.AutoTests" name="[377] /home/travis/build/icyphy/ptII/ptolemy/actor/lib/test/auto/TimeGap.xml (RunModel)" time="0.016" />
  <testcase classname="ptolemy.util.test.junit.AutoTests" name="[378] /home/travis/build/icyphy/ptII/ptolemy/actor/lib/test/auto/TimeGap2.xml (RunModel)" time="0.016" />
  <testcase classname="ptolemy.util.test.junit.AutoTests" name="[379] /home/travis/build/icyphy/ptII/ptolemy/actor/lib/test/auto/TimedSinewave.xml (RunModel)" time="0.057" />
  <testcase classname="ptolemy.util.test.junit.AutoTests" name="[380] /home/travis/build/icyphy/ptII/ptolemy/actor/lib/test/auto/TimedSinewavePhase.xml (RunModel)" time="0.023" />
  <testcase classname="ptolemy.util.test.junit.AutoTests" name="[381] /home/travis/build/icyphy/ptII/ptolemy/actor/lib/test/auto/Timer.xml (RunModel)" time="0.013" />
  <testcase classname="ptolemy.util.test.junit.AutoTests" name="[382] /home/travis/build/icyphy/ptII/ptolemy/actor/lib/test/auto/TriangularDistTestModel.xml (RunModel)" time="0.014" />
  <testcase classname="ptolemy.util.test.junit.AutoTests" name="[383] /home/travis/build/icyphy/ptII/ptolemy/actor/lib/test/auto/TrigFunction.xml (RunModel)" time="0.008" />
  <testcase classname="ptolemy.util.test.junit.AutoTests" name="[384] /home/travis/build/icyphy/ptII/ptolemy/actor/lib/test/auto/TrigFunctionDE.xml (RunModel)" time="0.011" />
  <testcase classname="ptolemy.util.test.junit.AutoTests" name="[385] /home/travis/build/icyphy/ptII/ptolemy/actor/lib/test/auto/TrigFunctionInverse.xml (RunModel)" time="0.01" />
  <testcase classname="ptolemy.util.test.junit.AutoTests" name="[386] /home/travis/build/icyphy/ptII/ptolemy/actor/lib/test/auto/TrigFunctionTan.xml (RunModel)" time="0.007" />
  <testcase classname="ptolemy.util.test.junit.AutoTests" name="[387] /home/travis/build/icyphy/ptII/ptolemy/actor/lib/test/auto/TriggeredClock.xml (RunModel)" time="0.008" />
  <testcase classname="ptolemy.util.test.junit.AutoTests" name="[388] /home/travis/build/icyphy/ptII/ptolemy/actor/lib/test/auto/URLDirectoryReader.xml (RunModel)" time="0.1" />
  <testcase classname="ptolemy.util.test.junit.AutoTests" name="[389] /home/travis/build/icyphy/ptII/ptolemy/actor/lib/test/auto/URLDirectoryReader3.xml (RunModel)" time="1.235" />
  <testcase classname="ptolemy.util.test.junit.AutoTests" name="[390] /home/travis/build/icyphy/ptII/ptolemy/actor/lib/test/auto/UnaryMathFunction.xml (RunModel)" time="0.06" />
  <testcase classname="ptolemy.util.test.junit.AutoTests" name="[391] /home/travis/build/icyphy/ptII/ptolemy/actor/lib/test/auto/Uniform.xml (RunModel)" time="0.046" />
  <testcase classname="ptolemy.util.test.junit.AutoTests" name="[392] /home/travis/build/icyphy/ptII/ptolemy/actor/lib/test/auto/UnionDisassemblerTest.xml (RunModel)" time="0.026" />
  <testcase classname="ptolemy.util.test.junit.AutoTests" name="[393] /home/travis/build/icyphy/ptII/ptolemy/actor/lib/test/auto/UtilityFunctions.xml (RunModel)" time="0.031" />
  <testcase classname="ptolemy.util.test.junit.AutoTests" name="[394] /home/travis/build/icyphy/ptII/ptolemy/actor/lib/test/auto/VariableSleep.xml (RunModel)" time="0.539" />
  <testcase classname="ptolemy.util.test.junit.AutoTests" name="[395] /home/travis/build/icyphy/ptII/ptolemy/actor/lib/test/auto/VectorAssemblerDisassemblerCT.xml (RunModel)" time="0.139" />
  <testcase classname="ptolemy.util.test.junit.AutoTests" name="[396] /home/travis/build/icyphy/ptII/ptolemy/actor/lib/test/auto/VectorAssemblerDisassemblerDE.xml (RunModel)" time="0.016" />
  <testcase classname="ptolemy.util.test.junit.AutoTests" name="[397] /home/travis/build/icyphy/ptII/ptolemy/actor/lib/test/auto/VectorAssemblerDisassemblerSDF.xml (RunModel)" time="0.014" />
  <testcase classname="ptolemy.util.test.junit.AutoTests" name="[398] /home/travis/build/icyphy/ptII/ptolemy/actor/lib/test/auto/WallClockTime.xml (RunModel)" time="1.014" />
  <testcase classname="ptolemy.util.test.junit.AutoTests" name="[399] /home/travis/build/icyphy/ptII/ptolemy/actor/lib/test/auto/WidthTestWithSubscriberPublisher.xml (RunModel)" time="0.065" />
  <testcase classname="ptolemy.util.test.junit.AutoTests" name="[400] /home/travis/build/icyphy/ptII/ptolemy/actor/lib/test/auto/WidthTestWithSubscriberPublisher2.xml (RunModel)" time="0.013" />
  <testcase classname="ptolemy.util.test.junit.AutoTests" name="[401] /home/travis/build/icyphy/ptII/ptolemy/actor/lib/test/auto/WidthTestWithSubscriberPublisher3.xml (RunModel)" time="0.011" />
  <testcase classname="ptolemy.util.test.junit.AutoTests" name="[402] /home/travis/build/icyphy/ptII/ptolemy/actor/lib/test/auto/Writer.xml (RunModel)" time="0.008" />
  <testcase classname="ptolemy.util.test.junit.AutoTests" name="[403] /home/travis/build/icyphy/ptII/ptolemy/actor/lib/test/auto/array.xml (RunModel)" time="0.008" />
  <testcase classname="ptolemy.util.test.junit.AutoTests" name="[404] /home/travis/build/icyphy/ptII/ptolemy/actor/lib/test/auto/array2.xml (RunModel)" time="0.01" />
  <testcase classname="ptolemy.util.test.junit.AutoTests" name="[405] /home/travis/build/icyphy/ptII/ptolemy/actor/lib/test/auto/arrayType.xml (RunModel)" time="0.011" />
  <testcase classname="ptolemy.util.test.junit.AutoTests" name="[406] /home/travis/build/icyphy/ptII/ptolemy/actor/lib/test/auto/arrayType10.xml (RunModel)" time="0.01" />
  <testcase classname="ptolemy.util.test.junit.AutoTests" name="[407] /home/travis/build/icyphy/ptII/ptolemy/actor/lib/test/auto/arrayType11.xml (RunModel)" time="0.009" />
  <testcase classname="ptolemy.util.test.junit.AutoTests" name="[408] /home/travis/build/icyphy/ptII/ptolemy/actor/lib/test/auto/arrayType12.xml (RunModel)" time="0.01" />
  <testcase classname="ptolemy.util.test.junit.AutoTests" name="[409] /home/travis/build/icyphy/ptII/ptolemy/actor/lib/test/auto/arrayType13.xml (RunModel)" time="0.009" />
  <testcase classname="ptolemy.util.test.junit.AutoTests" name="[410] /home/travis/build/icyphy/ptII/ptolemy/actor/lib/test/auto/arrayType14.xml (RunModel)" time="0.011" />
  <testcase classname="ptolemy.util.test.junit.AutoTests" name="[411] /home/travis/build/icyphy/ptII/ptolemy/actor/lib/test/auto/arrayType15.xml (RunModel)" time="0.01" />
  <testcase classname="ptolemy.util.test.junit.AutoTests" name="[412] /home/travis/build/icyphy/ptII/ptolemy/actor/lib/test/auto/arrayType16.xml (RunModel)" time="0.009" />
  <testcase classname="ptolemy.util.test.junit.AutoTests" name="[413] /home/travis/build/icyphy/ptII/ptolemy/actor/lib/test/auto/arrayType17.xml (RunModel)" time="0.01" />
  <testcase classname="ptolemy.util.test.junit.AutoTests" name="[414] /home/travis/build/icyphy/ptII/ptolemy/actor/lib/test/auto/arrayType18.xml (RunModel)" time="0.009" />
  <testcase classname="ptolemy.util.test.junit.AutoTests" name="[415] /home/travis/build/icyphy/ptII/ptolemy/actor/lib/test/auto/arrayType19.xml (RunModel)" time="0.009" />
  <testcase classname="ptolemy.util.test.junit.AutoTests" name="[416] /home/travis/build/icyphy/ptII/ptolemy/actor/lib/test/auto/arrayType2.xml (RunModel)" time="0.009" />
  <testcase classname="ptolemy.util.test.junit.AutoTests" name="[417] /home/travis/build/icyphy/ptII/ptolemy/actor/lib/test/auto/arrayType20.xml (RunModel)" time="0.016" />
  <testcase classname="ptolemy.util.test.junit.AutoTests" name="[418] /home/travis/build/icyphy/ptII/ptolemy/actor/lib/test/auto/arrayType21.xml (RunModel)" time="0.008" />
  <testcase classname="ptolemy.util.test.junit.AutoTests" name="[419] /home/travis/build/icyphy/ptII/ptolemy/actor/lib/test/auto/arrayType22.xml (RunModel)" time="0.009" />
  <testcase classname="ptolemy.util.test.junit.AutoTests" name="[420] /home/travis/build/icyphy/ptII/ptolemy/actor/lib/test/auto/arrayType23.xml (RunModel)" time="0.008" />
  <testcase classname="ptolemy.util.test.junit.AutoTests" name="[421] /home/travis/build/icyphy/ptII/ptolemy/actor/lib/test/auto/arrayType24.xml (RunModel)" time="0.01" />
  <testcase classname="ptolemy.util.test.junit.AutoTests" name="[422] /home/travis/build/icyphy/ptII/ptolemy/actor/lib/test/auto/arrayType25.xml (RunModel)" time="0.01" />
  <testcase classname="ptolemy.util.test.junit.AutoTests" name="[423] /home/travis/build/icyphy/ptII/ptolemy/actor/lib/test/auto/arrayType26.xml (RunModel)" time="0.009" />
  <testcase classname="ptolemy.util.test.junit.AutoTests" name="[424] /home/travis/build/icyphy/ptII/ptolemy/actor/lib/test/auto/arrayType27.xml (RunModel)" time="0.009" />
  <testcase classname="ptolemy.util.test.junit.AutoTests" name="[425] /home/travis/build/icyphy/ptII/ptolemy/actor/lib/test/auto/arrayType28.xml (RunModel)" time="0.009" />
  <testcase classname="ptolemy.util.test.junit.AutoTests" name="[426] /home/travis/build/icyphy/ptII/ptolemy/actor/lib/test/auto/arrayType3.xml (RunModel)" time="0.009" />
  <testcase classname="ptolemy.util.test.junit.AutoTests" name="[427] /home/travis/build/icyphy/ptII/ptolemy/actor/lib/test/auto/arrayType4.xml (RunModel)" time="0.011" />
  <testcase classname="ptolemy.util.test.junit.AutoTests" name="[428] /home/travis/build/icyphy/ptII/ptolemy/actor/lib/test/auto/arrayType5.xml (RunModel)" time="0.01" />
  <testcase classname="ptolemy.util.test.junit.AutoTests" name="[429] /home/travis/build/icyphy/ptII/ptolemy/actor/lib/test/auto/arrayType6.xml (RunModel)" time="0.009" />
  <testcase classname="ptolemy.util.test.junit.AutoTests" name="[430] /home/travis/build/icyphy/ptII/ptolemy/actor/lib/test/auto/arrayType7.xml (RunModel)" time="0.009" />
  <testcase classname="ptolemy.util.test.junit.AutoTests" name="[431] /home/travis/build/icyphy/ptII/ptolemy/actor/lib/test/auto/arrayType8.xml (RunModel)" time="0.009" />
  <testcase classname="ptolemy.util.test.junit.AutoTests" name="[432] /home/travis/build/icyphy/ptII/ptolemy/actor/lib/test/auto/arrayType9.xml (RunModel)" time="0.016" />
  <testcase classname="ptolemy.util.test.junit.AutoTests" name="[433] /home/travis/build/icyphy/ptII/ptolemy/actor/lib/test/auto/cast.xml (RunModel)" time="0.011" />
  <testcase classname="ptolemy.util.test.junit.AutoTests" name="[434] /home/travis/build/icyphy/ptII/ptolemy/actor/lib/test/auto/compositeMultiPort.xml (RunModel)" time="0.021" />
  <testcase classname="ptolemy.util.test.junit.AutoTests" name="[435] /home/travis/build/icyphy/ptII/ptolemy/actor/lib/test/auto/expressionCastInference.xml (RunModel)" time="0.009" />
  <testcase classname="ptolemy.util.test.junit.AutoTests" name="[436] /home/travis/build/icyphy/ptII/ptolemy/actor/lib/test/auto/expressionCastInference2.xml (RunModel)" time="0.009" />
  <testcase classname="ptolemy.util.test.junit.AutoTests" name="[437] /home/travis/build/icyphy/ptII/ptolemy/actor/lib/test/auto/expressionInference.xml (RunModel)" time="0.009" />
  <testcase classname="ptolemy.util.test.junit.AutoTests" name="[438] /home/travis/build/icyphy/ptII/ptolemy/actor/lib/test/auto/expression_bug.xml (RunModel)" time="0.009" />
  <testcase classname="ptolemy.util.test.junit.AutoTests" name="[439] /home/travis/build/icyphy/ptII/ptolemy/actor/lib/test/auto/factorial.xml (RunModel)" time="0.057" />
  <testcase classname="ptolemy.util.test.junit.AutoTests" name="[440] /home/travis/build/icyphy/ptII/ptolemy/actor/lib/test/auto/filterTest1.xml (RunModel)" time="0.015" />
  <testcase classname="ptolemy.util.test.junit.AutoTests" name="[441] /home/travis/build/icyphy/ptII/ptolemy/actor/lib/test/auto/funcApplyInConst.xml (RunModel)" time="0.007" />
  <testcase classname="ptolemy.util.test.junit.AutoTests" name="[442] /home/travis/build/icyphy/ptII/ptolemy/actor/lib/test/auto/funcApplyInExpr.xml (RunModel)" time="0.022" />
  <testcase classname="ptolemy.util.test.junit.AutoTests" name="[443] /home/travis/build/icyphy/ptII/ptolemy/actor/lib/test/auto/function.xml (RunModel)" time="0.011" />
  <testcase classname="ptolemy.util.test.junit.AutoTests" name="[444] /home/travis/build/icyphy/ptII/ptolemy/actor/lib/test/auto/function2.xml (RunModel)" time="0.011" />
  <testcase classname="ptolemy.util.test.junit.AutoTests" name="[445] /home/travis/build/icyphy/ptII/ptolemy/actor/lib/test/auto/function3.xml (RunModel)" time="0.009" />
  <testcase classname="ptolemy.util.test.junit.AutoTests" name="[446] /home/travis/build/icyphy/ptII/ptolemy/actor/lib/test/auto/functionClosureTest1.xml (RunModel)" time="0.011" />
  <testcase classname="ptolemy.util.test.junit.AutoTests" name="[447] /home/travis/build/icyphy/ptII/ptolemy/actor/lib/test/auto/functionClosureTest2.xml (RunModel)" time="0.007" />
  <testcase classname="ptolemy.util.test.junit.AutoTests" name="[448] /home/travis/build/icyphy/ptII/ptolemy/actor/lib/test/auto/functionClosureTest3.xml (RunModel)" time="0.01" />
  <testcase classname="ptolemy.util.test.junit.AutoTests" name="[449] /home/travis/build/icyphy/ptII/ptolemy/actor/lib/test/auto/functionClosureTest4.xml (RunModel)" time="0.014" />
  <testcase classname="ptolemy.util.test.junit.AutoTests" name="[450] /home/travis/build/icyphy/ptII/ptolemy/actor/lib/test/auto/functionClosureTest5.xml (RunModel)" time="0.011" />
  <testcase classname="ptolemy.util.test.junit.AutoTests" name="[451] /home/travis/build/icyphy/ptII/ptolemy/actor/lib/test/auto/functionClosureTest6.xml (RunModel)" time="0.011" />
  <testcase classname="ptolemy.util.test.junit.AutoTests" name="[452] /home/travis/build/icyphy/ptII/ptolemy/actor/lib/test/auto/functionsOnArcs.xml (RunModel)" time="0.01" />
  <testcase classname="ptolemy.util.test.junit.AutoTests" name="[453] /home/travis/build/icyphy/ptII/ptolemy/actor/lib/test/auto/functionsOnArcsHOF.xml (RunModel)" time="0.013" />
  <testcase classname="ptolemy.util.test.junit.AutoTests" name="[454] /home/travis/build/icyphy/ptII/ptolemy/actor/lib/test/auto/logic.xml (RunModel)" time="0.017" />
  <testcase classname="ptolemy.util.test.junit.AutoTests" name="[455] /home/travis/build/icyphy/ptII/ptolemy/actor/lib/test/auto/matrixType.xml (RunModel)" time="0.01" />
  <testcase classname="ptolemy.util.test.junit.AutoTests" name="[456] /home/travis/build/icyphy/ptII/ptolemy/actor/lib/test/auto/matrixType10.xml (RunModel)" time="0.009" />
  <testcase classname="ptolemy.util.test.junit.AutoTests" name="[457] /home/travis/build/icyphy/ptII/ptolemy/actor/lib/test/auto/matrixType11.xml (RunModel)" time="0.008" />
  <testcase classname="ptolemy.util.test.junit.AutoTests" name="[458] /home/travis/build/icyphy/ptII/ptolemy/actor/lib/test/auto/matrixType12.xml (RunModel)" time="0.011" />
  <testcase classname="ptolemy.util.test.junit.AutoTests" name="[459] /home/travis/build/icyphy/ptII/ptolemy/actor/lib/test/auto/matrixType13.xml (RunModel)" time="0.009" />
  <testcase classname="ptolemy.util.test.junit.AutoTests" name="[460] /home/travis/build/icyphy/ptII/ptolemy/actor/lib/test/auto/matrixType14.xml (RunModel)" time="0.011" />
  <testcase classname="ptolemy.util.test.junit.AutoTests" name="[461] /home/travis/build/icyphy/ptII/ptolemy/actor/lib/test/auto/matrixType2.xml (RunModel)" time="0.009" />
  <testcase classname="ptolemy.util.test.junit.AutoTests" name="[462] /home/travis/build/icyphy/ptII/ptolemy/actor/lib/test/auto/matrixType3.xml (RunModel)" time="0.011" />
  <testcase classname="ptolemy.util.test.junit.AutoTests" name="[463] /home/travis/build/icyphy/ptII/ptolemy/actor/lib/test/auto/matrixType4.xml (RunModel)" time="0.009" />
  <testcase classname="ptolemy.util.test.junit.AutoTests" name="[464] /home/travis/build/icyphy/ptII/ptolemy/actor/lib/test/auto/matrixType5.xml (RunModel)" time="0.008" />
  <testcase classname="ptolemy.util.test.junit.AutoTests" name="[465] /home/travis/build/icyphy/ptII/ptolemy/actor/lib/test/auto/matrixType6.xml (RunModel)" time="0.009" />
  <testcase classname="ptolemy.util.test.junit.AutoTests" name="[466] /home/travis/build/icyphy/ptII/ptolemy/actor/lib/test/auto/matrixType7.xml (RunModel)" time="0.008" />
  <testcase classname="ptolemy.util.test.junit.AutoTests" name="[467] /home/travis/build/icyphy/ptII/ptolemy/actor/lib/test/auto/matrixType8.xml (RunModel)" time="0.011" />
  <testcase classname="ptolemy.util.test.junit.AutoTests" name="[468] /home/travis/build/icyphy/ptII/ptolemy/actor/lib/test/auto/matrixType9.xml (RunModel)" time="0.008" />
  <testcase classname="ptolemy.util.test.junit.AutoTests" name="[469] /home/travis/build/icyphy/ptII/ptolemy/actor/lib/test/auto/paraFunctest.xml (RunModel)" time="0.008" />
  <testcase classname="ptolemy.util.test.junit.AutoTests" name="[470] /home/travis/build/icyphy/ptII/ptolemy/actor/lib/test/auto/paraFunctest2.xml (RunModel)" time="0.009" />
  <testcase classname="ptolemy.util.test.junit.AutoTests" name="[471] /home/travis/build/icyphy/ptII/ptolemy/actor/lib/test/auto/parameterPassing.xml (RunModel)" time="0.008" />
  <testcase classname="ptolemy.util.test.junit.AutoTests" name="[472] /home/travis/build/icyphy/ptII/ptolemy/actor/lib/test/auto/record.xml (RunModel)" time="0.009" />
  <testcase classname="ptolemy.util.test.junit.AutoTests" name="[473] /home/travis/build/icyphy/ptII/ptolemy/actor/lib/test/auto/sizedarray1.xml (RunModel)" time="0.009" />
  <testcase classname="ptolemy.util.test.junit.AutoTests" name="[474] /home/travis/build/icyphy/ptII/ptolemy/actor/lib/test/auto/sizedarray2.xml (RunModel)" time="0.009" />
  <testcase classname="ptolemy.util.test.junit.AutoTests" name="[475] /home/travis/build/icyphy/ptII/ptolemy/actor/lib/test/auto/twoPublishers.xml (RunModel)" time="0.021" />
  <system-out><![CDATA[/home/travis/build/icyphy/ptII/ptolemy/actor/lib/test/AbsoluteValue.tcl
testDefs.tcl: setting time out to 9000 seconds at Sat Jun 16 01:23:28 UTC 2018
74 ms. Memory: 116224K Free: 106806K (92%)
4 ms. Memory: 116224K Free: 105613K (91%)
5 ms. Memory: 116224K Free: 105017K (90%)
4 ms. Memory: 116224K Free: 103826K (89%)
/home/travis/build/icyphy/ptII/ptolemy/actor/lib/test/AddSubtract.tcl
9 ms. Memory: 116224K Free: 102007K (88%)
5 ms. Memory: 116224K Free: 100792K (87%)
5 ms. Memory: 116224K Free: 100197K (86%)
15 ms. Memory: 116224K Free: 99593K (86%)
17 ms. Memory: 116224K Free: 98973K (85%)
11 ms. Memory: 116224K Free: 98338K (85%)
/home/travis/build/icyphy/ptII/ptolemy/actor/lib/test/Average.tcl
15 ms. Memory: 116224K Free: 96519K (83%)
15 ms. Memory: 116224K Free: 95312K (82%)
/home/travis/build/icyphy/ptII/ptolemy/actor/lib/test/Bernoulli.tcl
6 ms. Memory: 116224K Free: 93485K (80%)
3 ms. Memory: 116224K Free: 92882K (80%)
/home/travis/build/icyphy/ptII/ptolemy/actor/lib/test/Clock.tcl
preinitializing
resolving types
initializing
executing number 1
wrapping up
idle
19 ms. Memory: 116224K Free: 90483K (78%)
Completed execution with 5 iterations
preinitializing
resolving types
initializing
executing number 1
wrapping up
idle
4 ms. Memory: 116224K Free: 89848K (77%)
Completed execution with 5 iterations
preinitializing
resolving types
initializing
executing number 1
wrapping up
idle
4 ms. Memory: 116224K Free: 89244K (77%)
Completed execution with 5 iterations
/home/travis/build/icyphy/ptII/ptolemy/actor/lib/test/Commutator.tcl
9 ms. Memory: 116224K Free: 87426K (75%)
13 ms. Memory: 116224K Free: 86218K (74%)
9 ms. Memory: 116224K Free: 81929K (70%)
/home/travis/build/icyphy/ptII/ptolemy/actor/lib/test/Const.tcl
8 ms. Memory: 116224K Free: 110045K (95%)
5 ms. Memory: 116224K Free: 109427K (94%)
2 ms. Memory: 116224K Free: 108809K (94%)
7 ms. Memory: 116224K Free: 108190K (93%)
3 ms. Memory: 116224K Free: 107572K (93%)
14 ms. Memory: 116224K Free: 105742K (91%)
6 ms. Memory: 116224K Free: 105139K (90%)
3 ms. Memory: 116224K Free: 103935K (89%)
/home/travis/build/icyphy/ptII/ptolemy/actor/lib/test/CurrentTime.tcl
preinitializing
resolving types
initializing
executing number 1
wrapping up
idle
8 ms. Memory: 116224K Free: 102112K (88%)
Completed execution with 11 iterations
/home/travis/build/icyphy/ptII/ptolemy/actor/lib/test/DB.tcl
4 ms. Memory: 116224K Free: 100306K (86%)
2 ms. Memory: 116224K Free: 99688K (86%)
1 ms. Memory: 116224K Free: 99085K (85%)
/home/travis/build/icyphy/ptII/ptolemy/actor/lib/test/DiscreteRandomSource.tcl
preinitializing
resolving types
initializing
executing number 1
wrapping up
idle
9 ms. Memory: 116224K Free: 97862K (84%)
Completed execution with 4 iterations
preinitializing
resolving types
initializing
executing number 1
wrapping up
idle
2 ms. Memory: 116224K Free: 97244K (84%)
Completed execution with 4 iterations
preinitializing
resolving types
initializing
executing number 1
wrapping up
idle
3 ms. Memory: 116224K Free: 96641K (83%)
Completed execution with 4 iterations
preinitializing
resolving types
initializing
executing number 1
wrapping up
idle
13 ms. Memory: 116224K Free: 96641K (83%)
Completed execution with 4 iterations
preinitializing
resolving types
initializing
executing number 1
wrapping up
idle
9 ms. Memory: 116224K Free: 96023K (83%)
Completed execution with 4 iterations
/home/travis/build/icyphy/ptII/ptolemy/actor/lib/test/Distributor.tcl
13 ms. Memory: 116224K Free: 94193K (81%)
3 ms. Memory: 116224K Free: 93567K (81%)
StreamChangeRequest.changeExecuted(): <deleteEntity name="rec2"/> succeeded
StreamChangeRequest.changeExecuted(): <deleteRelation name="r2"/> succeeded
StreamChangeRequest.changeExecuted(): Record firings per iteration succeeded
14 ms. Memory: 116224K Free: 91142K (78%)
/home/travis/build/icyphy/ptII/ptolemy/actor/lib/test/Exit.tcl
Exit.tcl: this will print a message about Manager.exitAfterWrapup, which can be ignored.
6 ms. Memory: 116224K Free: 88038K (76%)
/home/travis/build/icyphy/ptII/ptolemy/actor/lib/test/Expression.tcl
7 ms. Memory: 116224K Free: 85015K (73%)
8 ms. Memory: 116224K Free: 84380K (73%)
11 ms. Memory: 116224K Free: 83762K (72%)
preinitializing
resolving types
initializing
executing number 1
wrapping up
idle
9 ms. Memory: 116224K Free: 82558K (71%)
Completed execution with 6 iterations
3 ms. Memory: 116224K Free: 81383K (70%)
14 ms. Memory: 116224K Free: 110738K (95%)
5 ms. Memory: 116224K Free: 109539K (94%)
4 ms. Memory: 116224K Free: 108308K (93%)
4 ms. Memory: 116224K Free: 107077K (92%)
/home/travis/build/icyphy/ptII/ptolemy/actor/lib/test/Gaussian.tcl
4 ms. Memory: 116224K Free: 105148K (90%)
sleeping 1 seconds: ...........................................................................................................................................................................................................................................................................................................................................................................................................................................................................................................................................................................................................................................................................................................................................................................................................................................................................................................................................................................................................................................................................................................................................................................................................................................................................................................................................................................................................................................................................................................................................................................................................................................................................................................................................................................................................................................................................................................................................................................................................................................................................................................................................................................................................................................................................................................................................................................................................................................................................................................................................................................................................................................................................................................................................................................................................................................................................................................................................................................................................................................................................................................................................................................................................................................................................................................................................................................................................................................................................................................................................................................................................................................................................................................................................................................................................................................................................................................................................................................................................................................................................................................................................................................................................................................................................................................................................................................................................................................................................................................................................................................................................................................................................................................................................................................................................................................................................................................................................................................................................................................................................................................................................................................................................................................................................................................................................................................................................................................................................................................................................................................................................................................................................................................................................................................................................................................................................................................................................................................................................................................................................................................................................................................................................................................................................................................................................................................................................................................................................................................................................................................................................................................................................................................................................................................................................................................................................................................................................................................................................................................................................................................................................................................................................................................................................................................................................................................................................................................................................................................................................................................................................................................................................................................................................................................................................................................................................................................................................................................................................................................................................................................................................................................................................................................................................................................................................................................................................................................................................................................................................................................................................................................................................................................................................................................................................................................................................................................................................................................................................................................................................................................................................................................................................................................................................................................................................................................................................................................................................................................................................................................................................................................................................................................................................................................................................................................................................................................................................................................................................................................................................................................................................................................................................................................................................................................................................................................................................................................................................................................................................................................................................................................................................................................................................................................................................................................................................................................................................................................................................................................................................................................................................................................................................................................................................................................................................................................................................................................................................................................................................................................................................................................................................................................................................................................................................................................................................................................................................................................................................................................................................................................................................................................................................................................................................................................................................................................................................................................................................................................................................................................................................................................................................................................................................................................................................................................................................................................................................................................................................................................................................................................................................................................................................................................................................................................................................................................................................................................................................................................................................................................................................................................................................................................................................................................................................................................................................................................................................................................................................................................................................................................................................................................................................................................................................................................................................................................................................................................................................................................................................................................................................................................................................................................................................................................................................................................................................................................................................................................................................................................................................................................................................................................................................................................................................................................................................................................................................................................................................................................................................................................................................................................................................................................................................................................................................................................................................................................................................................................................................................................................................................................................................................................................................................................................................................................................................................................................................................................................................................................................................................................................................................................................................................................................................................................................................................................................................................................................................................................................................................................................................................................................................................................................................................................................................................................................................................................................................................................................................................................................................................................................................................................................................................................................................................................................................................................................................................................................................................................................................................................................................................................................................................................................................................................................................................................................................................................................................................................................................................................................................................................................................................................................................................................................................................................................................................................................................................................................................................................................................................................................................................................................................................................................................................................................................................................................................................................................................................................................................................................................................................................................................................................................................................................................................................................................................................................................................................................................................................................................................................................................................................................................................................................................................................................................................................................................................................................................................................................................................................................................................................................................................................................................................................................................................................................................................................................................................................................................................................................................................................................................................................................................................................................................................................................................................................................................................................................................................................................................................................................................................................................................................................................................................................................................................................................................................................................................................................................................................................................................................................................................................................................................................................................................................................................................................................................................................................................................................................................................................................................................................................................................................................................................................................................................................................................................................................................................................................................................................................................................................................................................................................................................................................................................................................................................................................................................................................................................................................................................................................................................................................................................................................................................................................................................................................................................................................................................................................................................................................................................................................................................................................................................................................................................................................................................................................................................................................................................................................................................................................................................................................................................................................................................................................................................................................................................................................................................................................................................................................................................................................................................................................................................................................................................................................................................................................................................................................................................................................................................................................................................................................................................................................................................................................................................................................................................................................................................................................................................................................................................................................................................................................................................................................................................................................................................................................................................................................................................................................................................................................................................................................................................................................................................................................................................................................................................................................................................................................................................................................................................................................................................................................................................................................................................................................................................................................................................................................................................................................................................................................................................................................................................................................................................................................................................................................................................................................................................................................................................................................................................................................................................................................................................................................................................................................................................................................................................................................................................................................................................................................................................................................................................................................................................................................................................................................................................................................................................................................................................................................................................................................................................................................................................................................................................................................................................................................................................................................................................................................................................................................................................................................................................................................................................................................................................................................................................................................................................................................................................................................................................................................................................................................................................................................................................................................................................................................................................................................................................................................................................................................................................................................................................................................................................................................................................................................................................................................................................................................................................................................................................................................................................................................................................................................................................................................................................................................................................................................................................................................................................................................................................................................................................................................................................................................................................................................................................................................................................................................................................................................................................................................................................................................................................................................................................................................................................................................................................................................................................................................................................................................................................................................................................................................................................................................................................................................................................................................................................................................................................................................................................................................................................................................................................................................................................................................................................................................................................................................................................................................................................................................................................................................................................................................................................................................................................................................................................................5 ms. Memory: 146944K Free: 91061K (62%)
3 ms. Memory: 146944K Free: 89851K (61%)
2 ms. Memory: 146944K Free: 89851K (61%)
2 ms. Memory: 146944K Free: 88642K (60%)
2 ms. Memory: 146944K Free: 88642K (60%)
/home/travis/build/icyphy/ptII/ptolemy/actor/lib/test/IIR.tcl
/home/travis/build/icyphy/ptII/ptolemy/actor/lib/test/Interpolator.tcl
3 ms. Memory: 146944K Free: 83625K (57%)
2 ms. Memory: 146944K Free: 83625K (57%)
2 ms. Memory: 146944K Free: 83625K (57%)
2 ms. Memory: 146944K Free: 82416K (56%)
3 ms. Memory: 146944K Free: 81206K (55%)
2 ms. Memory: 146944K Free: 81206K (55%)
2 ms. Memory: 146944K Free: 80406K (55%)
3 ms. Memory: 208384K Free: 200314K (96%)
9 ms. Memory: 208384K Free: 200314K (96%)
3 ms. Memory: 208384K Free: 197892K (95%)
/home/travis/build/icyphy/ptII/ptolemy/actor/lib/test/MathFunction.tcl
7 ms. Memory: 208384K Free: 197892K (95%)
2 ms. Memory: 208384K Free: 195470K (94%)
8 ms. Memory: 208384K Free: 195470K (94%)
2 ms. Memory: 208384K Free: 193048K (93%)
4 ms. Memory: 208384K Free: 193048K (93%)
6 ms. Memory: 208384K Free: 190626K (91%)
/home/travis/build/icyphy/ptII/ptolemy/actor/lib/test/Maximum.tcl
6 ms. Memory: 208384K Free: 188204K (90%)
9 ms. Memory: 208384K Free: 188204K (90%)
11 ms. Memory: 208384K Free: 188204K (90%)
3 ms. Memory: 208384K Free: 185782K (89%)
/home/travis/build/icyphy/ptII/ptolemy/actor/lib/test/Minimum.tcl
8 ms. Memory: 208384K Free: 185782K (89%)
2 ms. Memory: 208384K Free: 183361K (88%)
2 ms. Memory: 208384K Free: 183361K (88%)
10 ms. Memory: 208384K Free: 183361K (88%)
/home/travis/build/icyphy/ptII/ptolemy/actor/lib/test/MultiplyDivide.tcl
5 ms. Memory: 208384K Free: 180939K (87%)
7 ms. Memory: 208384K Free: 180939K (87%)
2 ms. Memory: 208384K Free: 178517K (86%)
9 ms. Memory: 208384K Free: 178517K (86%)
2 ms. Memory: 208384K Free: 178517K (86%)
/home/travis/build/icyphy/ptII/ptolemy/actor/lib/test/OrderedMerge.tcl
Connections changed on port: inputA
Connections changed on port: inputB
Connections changed on port: output
Connections changed on port: output
Connections changed on port: output
Connections changed on port: input
.top. Preinitializing ...
Invoking preinitialize():  .top.OrderedMerge
Called preinitialize()
Invoking preinitialize():  .top.Ramp
Called preinitialize()
Invoking preinitialize():  .top.Ramp2
Called preinitialize()
Invoking preinitialize():  .top.Test
Called preinitialize()
Connections changed on port: inputA
Connections changed on port: output
Connections changed on port: inputB
Connections changed on port: output
Connections changed on port: output
Connections changed on port: input
.top. Finished preinitialize().
Called initialize().
Invoking initialize():  .top.OrderedMerge
Initializing actor: .top.OrderedMerge
Adding a thread: .top.OrderedMerge
Invoking initialize():  .top.Ramp
Initializing actor: .top.Ramp
Adding a thread: .top.Ramp
Invoking initialize():  .top.Ramp2
Initializing actor: .top.Ramp2
Adding a thread: .top.Ramp2
Invoking initialize():  .top.Test
Initializing actor: .top.Test
Adding a thread: .top.Test
-- Starting thread.
Called initialize()
Called prefire()
Called fire()
-- Starting thread.
Called initialize()
Called prefire()
Called fire()
Called postfire()
Called prefire()
Called fire()
-- Starting thread.
Called initialize()
Called prefire()
Called fire()
Called postfire()
Called prefire()
Called fire()
Called fire().
Checking for deadlock:
There are 3 Blocked actors, 0 Stopped actors, and 4 active threads.
Waiting for actors to stop.
-- Starting thread.
Called initialize()
Called prefire()
Called fire()
Checking for deadlock:
There are 2 Blocked actors, 0 Stopped actors, and 4 active threads.
Waiting for actors to stop.
Called postfire()
Called prefire()
Called fire()
Checking for deadlock:
There are 3 Blocked actors, 0 Stopped actors, and 4 active threads.
Waiting for actors to stop.
Read input token from inputA with value 0.0
Next port to read input from is inputB
Called postfire()
Called prefire()
Called fire()
Checking for deadlock:
There are 2 Blocked actors, 0 Stopped actors, and 4 active threads.
Waiting for actors to stop.
Called postfire()
Called prefire()
Called fire()
Checking for deadlock:
There are 3 Blocked actors, 0 Stopped actors, and 4 active threads.
Waiting for actors to stop.
Read input token from inputB with value 0.0
Checking for deadlock:
There are 2 Blocked actors, 0 Stopped actors, and 4 active threads.
Waiting for actors to stop.
-- Read input: 0.0, which is expected to match: 0.0
Called prefire()
Called fire()
Checking for deadlock:
There are 3 Blocked actors, 0 Stopped actors, and 4 active threads.
Waiting for actors to stop.
Sent output token with value 0.0
Next port to read input from is inputA
Called postfire()
Called prefire()
Called fire()
Called postfire()
Called prefire()
Called fire()
Checking for deadlock:
There are 3 Blocked actors, 0 Stopped actors, and 4 active threads.
Waiting for actors to stop.
Read input token from inputA with value 1.0
-- Read input: 0.0, which is expected to match: 0.0
Called prefire()
Called fire()
Checking for deadlock:
There are 3 Blocked actors, 0 Stopped actors, and 4 active threads.
Waiting for actors to stop.
Sent output token with value 0.0
Next port to read input from is inputB
Called postfire()
Called prefire()
Called fire()
Checking for deadlock:
There are 2 Blocked actors, 0 Stopped actors, and 4 active threads.
Waiting for actors to stop.
Called postfire()
Called prefire()
Called fire()
Checking for deadlock:
There are 3 Blocked actors, 0 Stopped actors, and 4 active threads.
Waiting for actors to stop.
Read input token from inputB with value 1.5
Checking for deadlock:
There are 2 Blocked actors, 0 Stopped actors, and 4 active threads.
Waiting for actors to stop.
-- Read input: 1.0, which is expected to match: 1.0
Called prefire()
Called fire()
Checking for deadlock:
There are 3 Blocked actors, 0 Stopped actors, and 4 active threads.
Waiting for actors to stop.
Sent output token with value 1.0
Next port to read input from is inputA
Called postfire()
Called prefire()
Called fire()
Called postfire()
Called prefire()
Called fire()
Checking for deadlock:
There are 3 Blocked actors, 0 Stopped actors, and 4 active threads.
Waiting for actors to stop.
Read input token from inputA with value 2.0
-- Read input: 1.5, which is expected to match: 1.5
Called prefire()
Called fire()
Checking for deadlock:
There are 3 Blocked actors, 0 Stopped actors, and 4 active threads.
Waiting for actors to stop.
Sent output token with value 1.5
Next port to read input from is inputB
Called postfire()
Called prefire()
Called fire()
Checking for deadlock:
There are 2 Blocked actors, 0 Stopped actors, and 4 active threads.
Waiting for actors to stop.
Called postfire()
Called prefire()
Called fire()
Checking for deadlock:
There are 3 Blocked actors, 0 Stopped actors, and 4 active threads.
Waiting for actors to stop.
Read input token from inputB with value 3.0
Checking for deadlock:
There are 2 Blocked actors, 0 Stopped actors, and 4 active threads.
Waiting for actors to stop.
-- Read input: 2.0, which is expected to match: 2.0
Called prefire()
Called fire()
Checking for deadlock:
There are 3 Blocked actors, 0 Stopped actors, and 4 active threads.
Waiting for actors to stop.
Sent output token with value 2.0
Next port to read input from is inputA
Called postfire()
Called prefire()
Called fire()
Called postfire()
Called prefire()
Called fire()
Checking for deadlock:
There are 3 Blocked actors, 0 Stopped actors, and 4 active threads.
Waiting for actors to stop.
Read input token from inputA with value 3.0
-- Read input: 3.0, which is expected to match: 3.0
Called prefire()
Called fire()
Checking for deadlock:
There are 3 Blocked actors, 0 Stopped actors, and 4 active threads.
Waiting for actors to stop.
Sent output token with value 3.0
Next port to read input from is inputB
Called postfire()
Called prefire()
Called fire()
Checking for deadlock:
There are 2 Blocked actors, 0 Stopped actors, and 4 active threads.
Waiting for actors to stop.
Called postfire()
Called prefire()
Called fire()
Checking for deadlock:
There are 3 Blocked actors, 0 Stopped actors, and 4 active threads.
Waiting for actors to stop.
Read input token from inputB with value 4.5
Checking for deadlock:
There are 2 Blocked actors, 0 Stopped actors, and 4 active threads.
Waiting for actors to stop.
-- Read input: 3.0, which is expected to match: 3.0
Called prefire()
Called fire()
Checking for deadlock:
There are 3 Blocked actors, 0 Stopped actors, and 4 active threads.
Waiting for actors to stop.
Sent output token with value 3.0
Next port to read input from is inputA
Called postfire()
Called prefire()
Called fire()
Called postfire()
Called prefire()
Called fire()
Checking for deadlock:
There are 3 Blocked actors, 0 Stopped actors, and 4 active threads.
Waiting for actors to stop.
Read input token from inputA with value 4.0
-- Read input: 4.0, which is expected to match: 4.0
Called prefire()
Called fire()
Past the end of training data. Read and discard all inputs.
Checking for deadlock:
There are 3 Blocked actors, 0 Stopped actors, and 4 active threads.
Waiting for actors to stop.
Sent output token with value 4.0
Next port to read input from is inputA
Called postfire()
Called prefire()
Called fire()
Called postfire()
Called prefire()
Called fire()
Checking for deadlock:
There are 3 Blocked actors, 0 Stopped actors, and 4 active threads.
Waiting for actors to stop.
Read input token from inputA with value 5.0
Called prefire()
Called fire()
Past the end of training data. Read and discard all inputs.
Checking for deadlock:
There are 3 Blocked actors, 0 Stopped actors, and 4 active threads.
Waiting for actors to stop.
Sent output token with value 4.5
Next port to read input from is inputB
Called postfire()
Called prefire()
Called fire()
Checking for deadlock:
There are 2 Blocked actors, 0 Stopped actors, and 4 active threads.
Waiting for actors to stop.
Called postfire()
Called prefire()
Called fire()
Checking for deadlock:
There are 3 Blocked actors, 0 Stopped actors, and 4 active threads.
Waiting for actors to stop.
Read input token from inputB with value 6.0
Checking for deadlock:
There are 2 Blocked actors, 0 Stopped actors, and 4 active threads.
Waiting for actors to stop.
Called prefire()
Called fire()
Past the end of training data. Read and discard all inputs.
Checking for deadlock:
There are 3 Blocked actors, 0 Stopped actors, and 4 active threads.
Waiting for actors to stop.
Sent output token with value 5.0
Next port to read input from is inputA
Called postfire()
Called prefire()
Called fire()
Called postfire()
Called prefire()
Called fire()
Checking for deadlock:
There are 3 Blocked actors, 0 Stopped actors, and 4 active threads.
Waiting for actors to stop.
Read input token from inputA with value 6.0
Called prefire()
Called fire()
Past the end of training data. Read and discard all inputs.
Checking for deadlock:
There are 3 Blocked actors, 0 Stopped actors, and 4 active threads.
Waiting for actors to stop.
Sent output token with value 6.0
Next port to read input from is inputB
Called postfire()
Called prefire()
Called fire()
Checking for deadlock:
There are 2 Blocked actors, 0 Stopped actors, and 4 active threads.
Waiting for actors to stop.
Called postfire()
Called prefire()
Called fire()
Checking for deadlock:
There are 3 Blocked actors, 0 Stopped actors, and 4 active threads.
Waiting for actors to stop.
Read input token from inputB with value 7.5
Checking for deadlock:
There are 2 Blocked actors, 0 Stopped actors, and 4 active threads.
Waiting for actors to stop.
Called prefire()
Called fire()
Past the end of training data. Read and discard all inputs.
Checking for deadlock:
There are 3 Blocked actors, 0 Stopped actors, and 4 active threads.
Waiting for actors to stop.
Sent output token with value 6.0
Next port to read input from is inputA
Called postfire()
Called prefire()
Called fire()
Called postfire()
Called prefire()
Called fire()
Checking for deadlock:
There are 3 Blocked actors, 0 Stopped actors, and 4 active threads.
Waiting for actors to stop.
Read input token from inputA with value 7.0
Called prefire()
Called fire()
Past the end of training data. Read and discard all inputs.
Checking for deadlock:
There are 3 Blocked actors, 0 Stopped actors, and 4 active threads.
Waiting for actors to stop.
Sent output token with value 7.0
Next port to read input from is inputA
Called postfire()
Called prefire()
Called fire()
-- Thread wrapup() called.
Called wrapup()
Thread .top.Ramp is exiting.
-- Thread stopped.
Checking for deadlock:
There are 2 Blocked actors, 0 Stopped actors, and 3 active threads.
Waiting for actors to stop.
Read input token from inputA with value 8.0
Called prefire()
Called fire()
Past the end of training data. Read and discard all inputs.
Checking for deadlock:
There are 2 Blocked actors, 0 Stopped actors, and 3 active threads.
Waiting for actors to stop.
Sent output token with value 7.5
Next port to read input from is inputB
Called postfire()
Called prefire()
Called fire()
Checking for deadlock:
There are 1 Blocked actors, 0 Stopped actors, and 3 active threads.
Waiting for actors to stop.
Called postfire()
Called prefire()
Called fire()
Checking for deadlock:
There are 2 Blocked actors, 0 Stopped actors, and 3 active threads.
Waiting for actors to stop.
Read input token from inputB with value 9.0
Checking for deadlock:
There are 1 Blocked actors, 0 Stopped actors, and 3 active threads.
Waiting for actors to stop.
Called prefire()
Called fire()
Past the end of training data. Read and discard all inputs.
Checking for deadlock:
There are 2 Blocked actors, 0 Stopped actors, and 3 active threads.
Waiting for actors to stop.
Sent output token with value 8.0
Next port to read input from is inputA
Called postfire()
Called prefire()
Called fire()
Read input token from inputA with value 9.0
Checking for deadlock:
There are 1 Blocked actors, 0 Stopped actors, and 3 active threads.
Waiting for actors to stop.
Called prefire()
Called fire()
Past the end of training data. Read and discard all inputs.
Checking for deadlock:
There are 2 Blocked actors, 0 Stopped actors, and 3 active threads.
Waiting for actors to stop.
Sent output token with value 9.0
Next port to read input from is inputB
Called postfire()
Called prefire()
Called fire()
Checking for deadlock:
There are 1 Blocked actors, 0 Stopped actors, and 3 active threads.
Waiting for actors to stop.
Called postfire()
Called prefire()
Called fire()
Checking for deadlock:
There are 2 Blocked actors, 0 Stopped actors, and 3 active threads.
Waiting for actors to stop.
Read input token from inputB with value 10.5
Checking for deadlock:
There are 1 Blocked actors, 0 Stopped actors, and 3 active threads.
Waiting for actors to stop.
Called prefire()
Called fire()
Past the end of training data. Read and discard all inputs.
Checking for deadlock:
There are 2 Blocked actors, 0 Stopped actors, and 3 active threads.
Waiting for actors to stop.
Sent output token with value 9.0
Next port to read input from is inputA
Called postfire()
Called prefire()
Called fire()
Checking for deadlock:
There are 3 Blocked actors, 0 Stopped actors, and 3 active threads.
Actors have stopped.
Checking for deadlock:
There are 3 Blocked actors, 0 Stopped actors, and 3 active threads.
Deadlock detected.
Resolving Deadlock
Checking for deadlock:
There are 3 Blocked actors, 0 Stopped actors, and 3 active threads.
Artificial Deadlock - increasing queue capacity.
increasing the capacity of receiver ptolemy.actor.TypedIOPort {.top.OrderedMerge.inputB} to 2
Director: Called postfire().
Called postfire().
_stopRequested = false
_stopFireRequested = false
Returning from postfire(): true
Called fire().
Checking for deadlock:
There are 2 Blocked actors, 0 Stopped actors, and 3 active threads.
Waiting for actors to stop.
-- Thread wrapup() called.
Called wrapup()
Thread .top.Ramp2 is exiting.
-- Thread stopped.
Checking for deadlock:
There are 2 Blocked actors, 0 Stopped actors, and 2 active threads.
Actors have stopped.
Checking for deadlock:
There are 2 Blocked actors, 0 Stopped actors, and 2 active threads.
Deadlock detected.
Resolving Deadlock
Checking for deadlock:
There are 2 Blocked actors, 0 Stopped actors, and 2 active threads.
Deadlock detected: no processes blocked on write, but some are blocked on read.
Called postfire().
_stopRequested = false
_stopFireRequested = false
Returning from postfire(): false
Finished deactivating branches.
Called wrapup().
-- Thread wrapup() called.
Called wrapup()
Thread .top.Test is exiting.
-- Thread stopped.
-- Blocked Receiver call threw TerminateProcessException.
-- Thread wrapup() called.
Called wrapup()
Thread .top.OrderedMerge is exiting.
26 ms. Memory: 208384K Free: 171200K (82%)
.top. Preinitializing ...
Invoking preinitialize():  .top.OrderedMerge
Called preinitialize()
Invoking preinitialize():  .top.Ramp
Called preinitialize()
Invoking preinitialize():  .top.Ramp2
Called preinitialize()
Invoking preinitialize():  .top.Test
Called preinitialize()
.top. Finished preinitialize().
Called initialize().
Invoking initialize():  .top.OrderedMerge
Initializing actor: .top.OrderedMerge
Adding a thread: .top.OrderedMerge
Invoking initialize():  .top.Ramp
Initializing actor: .top.Ramp
Adding a thread: .top.Ramp
Invoking initialize():  .top.Ramp2
Initializing actor: .top.Ramp2
Adding a thread: .top.Ramp2
Invoking initialize():  .top.Test
Initializing actor: .top.Test
Adding a thread: .top.Test
-- Thread stopped.
-- Blocked Receiver call threw TerminateProcessException.
-- Starting thread.
Called initialize()
Called prefire()
Called fire()
-- Starting thread.
Called initialize()
Called prefire()
Called fire()
Called postfire()
Called prefire()
Called fire()
-- Starting thread.
Called initialize()
Called prefire()
Called fire()
Called postfire()
Called prefire()
Called fire()
Called fire().
Checking for deadlock:
There are 3 Blocked actors, 0 Stopped actors, and 4 active threads.
Waiting for actors to stop.
-- Starting thread.
Called initialize()
Called prefire()
Called fire()
Checking for deadlock:
There are 2 Blocked actors, 0 Stopped actors, and 4 active threads.
Waiting for actors to stop.
Called postfire()
Called prefire()
Called fire()
Checking for deadlock:
There are 3 Blocked actors, 0 Stopped actors, and 4 active threads.
Waiting for actors to stop.
Read input token from inputA with value 0.0
Next port to read input from is inputB
Called postfire()
Called prefire()
Called fire()
Checking for deadlock:
There are 2 Blocked actors, 0 Stopped actors, and 4 active threads.
Waiting for actors to stop.
Called postfire()
Called prefire()
Called fire()
Checking for deadlock:
There are 3 Blocked actors, 0 Stopped actors, and 4 active threads.
Waiting for actors to stop.
Read input token from inputB with value 0.0
Checking for deadlock:
There are 2 Blocked actors, 0 Stopped actors, and 4 active threads.
Waiting for actors to stop.
-- Read input: 0.0, which is expected to match: 0.0
Called prefire()
Called fire()
Checking for deadlock:
There are 3 Blocked actors, 0 Stopped actors, and 4 active threads.
Waiting for actors to stop.
Sent output token with value 0.0
Next port to read input from is inputA
Called postfire()
Called prefire()
Called fire()
Checking for deadlock:
There are 2 Blocked actors, 0 Stopped actors, and 4 active threads.
Waiting for actors to stop.
Called postfire()
Called prefire()
Called fire()
Checking for deadlock:
There are 3 Blocked actors, 0 Stopped actors, and 4 active threads.
Waiting for actors to stop.
Read input token from inputA with value 1.0
Checking for deadlock:
There are 2 Blocked actors, 0 Stopped actors, and 4 active threads.
Waiting for actors to stop.
-- Read input: 0.0, which is expected to match: 0.0
Called prefire()
Called fire()
Checking for deadlock:
There are 3 Blocked actors, 0 Stopped actors, and 4 active threads.
Waiting for actors to stop.
Sent output token with value 0.0
Next port to read input from is inputB
Called postfire()
Called prefire()
Called fire()
Checking for deadlock:
There are 2 Blocked actors, 0 Stopped actors, and 4 active threads.
Waiting for actors to stop.
Called postfire()
Called prefire()
Called fire()
Checking for deadlock:
There are 3 Blocked actors, 0 Stopped actors, and 4 active threads.
Waiting for actors to stop.
Read input token from inputB with value 1.5
Checking for deadlock:
There are 2 Blocked actors, 0 Stopped actors, and 4 active threads.
Waiting for actors to stop.
-- Read input: 1.0, which is expected to match: 1.0
Called prefire()
Called fire()
Checking for deadlock:
There are 3 Blocked actors, 0 Stopped actors, and 4 active threads.
Waiting for actors to stop.
Sent output token with value 1.0
Next port to read input from is inputA
Called postfire()
Called prefire()
Called fire()
Checking for deadlock:
There are 2 Blocked actors, 0 Stopped actors, and 4 active threads.
Waiting for actors to stop.
Called postfire()
Called prefire()
Called fire()
Checking for deadlock:
There are 3 Blocked actors, 0 Stopped actors, and 4 active threads.
Waiting for actors to stop.
Read input token from inputA with value 2.0
Checking for deadlock:
There are 2 Blocked actors, 0 Stopped actors, and 4 active threads.
Waiting for actors to stop.
-- Read input: 1.5, which is expected to match: 1.5
Called prefire()
Called fire()
Checking for deadlock:
There are 3 Blocked actors, 0 Stopped actors, and 4 active threads.
Waiting for actors to stop.
Sent output token with value 1.5
Next port to read input from is inputB
Called postfire()
Called prefire()
Called fire()
Checking for deadlock:
There are 2 Blocked actors, 0 Stopped actors, and 4 active threads.
Waiting for actors to stop.
Called postfire()
Called prefire()
Called fire()
Checking for deadlock:
There are 3 Blocked actors, 0 Stopped actors, and 4 active threads.
Waiting for actors to stop.
Read input token from inputB with value 3.0
Checking for deadlock:
There are 2 Blocked actors, 0 Stopped actors, and 4 active threads.
Waiting for actors to stop.
-- Read input: 2.0, which is expected to match: 2.0
Called prefire()
Called fire()
Checking for deadlock:
There are 3 Blocked actors, 0 Stopped actors, and 4 active threads.
Waiting for actors to stop.
Sent output token with value 2.0
Next port to read input from is inputA
Called postfire()
Called prefire()
Called fire()
Checking for deadlock:
There are 2 Blocked actors, 0 Stopped actors, and 4 active threads.
Waiting for actors to stop.
Called postfire()
Called prefire()
Called fire()
Checking for deadlock:
There are 3 Blocked actors, 0 Stopped actors, and 4 active threads.
Waiting for actors to stop.
Read input token from inputA with value 3.0
Checking for deadlock:
There are 2 Blocked actors, 0 Stopped actors, and 4 active threads.
Waiting for actors to stop.
-- Read input: 3.0, which is expected to match: 3.0
Called prefire()
Called fire()
Checking for deadlock:
There are 3 Blocked actors, 0 Stopped actors, and 4 active threads.
Waiting for actors to stop.
Sent output token with value 3.0
Next port to read input from is inputB
Called postfire()
Called prefire()
Called fire()
Checking for deadlock:
There are 2 Blocked actors, 0 Stopped actors, and 4 active threads.
Waiting for actors to stop.
Called postfire()
Called prefire()
Called fire()
Checking for deadlock:
There are 3 Blocked actors, 0 Stopped actors, and 4 active threads.
Waiting for actors to stop.
Read input token from inputB with value 4.5
Checking for deadlock:
There are 2 Blocked actors, 0 Stopped actors, and 4 active threads.
Waiting for actors to stop.
-- Read input: 3.0, which is expected to match: 3.0
Called prefire()
Called fire()
Checking for deadlock:
There are 3 Blocked actors, 0 Stopped actors, and 4 active threads.
Waiting for actors to stop.
Sent output token with value 3.0
Next port to read input from is inputA
Called postfire()
Called prefire()
Called fire()
Checking for deadlock:
There are 2 Blocked actors, 0 Stopped actors, and 4 active threads.
Waiting for actors to stop.
Called postfire()
Called prefire()
Called fire()
Checking for deadlock:
There are 3 Blocked actors, 0 Stopped actors, and 4 active threads.
Waiting for actors to stop.
Read input token from inputA with value 4.0
Checking for deadlock:
There are 2 Blocked actors, 0 Stopped actors, and 4 active threads.
Waiting for actors to stop.
-- Read input: 4.0, which is expected to match: 4.0
Called prefire()
Called fire()
Past the end of training data. Read and discard all inputs.
Checking for deadlock:
There are 3 Blocked actors, 0 Stopped actors, and 4 active threads.
Waiting for actors to stop.
Sent output token with value 4.0
Next port to read input from is inputA
Called postfire()
Called prefire()
Called fire()
Checking for deadlock:
There are 2 Blocked actors, 0 Stopped actors, and 4 active threads.
Waiting for actors to stop.
Called postfire()
Called prefire()
Called fire()
Checking for deadlock:
There are 3 Blocked actors, 0 Stopped actors, and 4 active threads.
Waiting for actors to stop.
Read input token from inputA with value 5.0
Checking for deadlock:
There are 2 Blocked actors, 0 Stopped actors, and 4 active threads.
Waiting for actors to stop.
Called prefire()
Called fire()
Past the end of training data. Read and discard all inputs.
Checking for deadlock:
There are 3 Blocked actors, 0 Stopped actors, and 4 active threads.
Waiting for actors to stop.
Sent output token with value 4.5
Next port to read input from is inputB
Called postfire()
Called prefire()
Called fire()
Checking for deadlock:
There are 2 Blocked actors, 0 Stopped actors, and 4 active threads.
Waiting for actors to stop.
Called postfire()
Called prefire()
Called fire()
Checking for deadlock:
There are 3 Blocked actors, 0 Stopped actors, and 4 active threads.
Waiting for actors to stop.
Read input token from inputB with value 6.0
Checking for deadlock:
There are 2 Blocked actors, 0 Stopped actors, and 4 active threads.
Waiting for actors to stop.
Called prefire()
Called fire()
Past the end of training data. Read and discard all inputs.
Checking for deadlock:
There are 3 Blocked actors, 0 Stopped actors, and 4 active threads.
Waiting for actors to stop.
Sent output token with value 5.0
Next port to read input from is inputA
Called postfire()
Called prefire()
Called fire()
Called postfire()
Called prefire()
Called fire()
Checking for deadlock:
There are 3 Blocked actors, 0 Stopped actors, and 4 active threads.
Waiting for actors to stop.
Read input token from inputA with value 6.0
Called prefire()
Called fire()
Past the end of training data. Read and discard all inputs.
Checking for deadlock:
There are 3 Blocked actors, 0 Stopped actors, and 4 active threads.
Waiting for actors to stop.
Sent output token with value 6.0
Next port to read input from is inputB
Called postfire()
Called prefire()
Called fire()
Checking for deadlock:
There are 2 Blocked actors, 0 Stopped actors, and 4 active threads.
Waiting for actors to stop.
Called postfire()
Called prefire()
Called fire()
Checking for deadlock:
There are 3 Blocked actors, 0 Stopped actors, and 4 active threads.
Waiting for actors to stop.
Read input token from inputB with value 7.5
Checking for deadlock:
There are 2 Blocked actors, 0 Stopped actors, and 4 active threads.
Waiting for actors to stop.
Called prefire()
Called fire()
Past the end of training data. Read and discard all inputs.
Checking for deadlock:
There are 3 Blocked actors, 0 Stopped actors, and 4 active threads.
Waiting for actors to stop.
Sent output token with value 6.0
Next port to read input from is inputA
Called postfire()
Called prefire()
Called fire()
Called postfire()
Called prefire()
Called fire()
Checking for deadlock:
There are 3 Blocked actors, 0 Stopped actors, and 4 active threads.
Waiting for actors to stop.
Read input token from inputA with value 7.0
Called prefire()
Called fire()
Past the end of training data. Read and discard all inputs.
Checking for deadlock:
There are 3 Blocked actors, 0 Stopped actors, and 4 active threads.
Waiting for actors to stop.
Sent output token with value 7.0
Next port to read input from is inputA
Called postfire()
Called prefire()
Called fire()
-- Thread wrapup() called.
Called wrapup()
Thread .top.Ramp is exiting.
-- Thread stopped.
Checking for deadlock:
There are 2 Blocked actors, 0 Stopped actors, and 3 active threads.
Waiting for actors to stop.
Read input token from inputA with value 8.0
Called prefire()
Called fire()
Past the end of training data. Read and discard all inputs.
Checking for deadlock:
There are 2 Blocked actors, 0 Stopped actors, and 3 active threads.
Waiting for actors to stop.
Sent output token with value 7.5
Next port to read input from is inputB
Called postfire()
Called prefire()
Called fire()
Checking for deadlock:
There are 1 Blocked actors, 0 Stopped actors, and 3 active threads.
Waiting for actors to stop.
Called postfire()
Called prefire()
Called fire()
Checking for deadlock:
There are 2 Blocked actors, 0 Stopped actors, and 3 active threads.
Waiting for actors to stop.
Read input token from inputB with value 9.0
Checking for deadlock:
There are 1 Blocked actors, 0 Stopped actors, and 3 active threads.
Waiting for actors to stop.
Called prefire()
Called fire()
Past the end of training data. Read and discard all inputs.
Checking for deadlock:
There are 2 Blocked actors, 0 Stopped actors, and 3 active threads.
Waiting for actors to stop.
Sent output token with value 8.0
Next port to read input from is inputA
Called postfire()
Called prefire()
Called fire()
Read input token from inputA with value 9.0
Checking for deadlock:
There are 1 Blocked actors, 0 Stopped actors, and 3 active threads.
Waiting for actors to stop.
Called prefire()
Called fire()
Past the end of training data. Read and discard all inputs.
Checking for deadlock:
There are 2 Blocked actors, 0 Stopped actors, and 3 active threads.
Waiting for actors to stop.
Sent output token with value 9.0
Next port to read input from is inputB
Called postfire()
Called prefire()
Called fire()
Checking for deadlock:
There are 1 Blocked actors, 0 Stopped actors, and 3 active threads.
Waiting for actors to stop.
Called postfire()
Called prefire()
Called fire()
Checking for deadlock:
There are 2 Blocked actors, 0 Stopped actors, and 3 active threads.
Waiting for actors to stop.
Read input token from inputB with value 10.5
Checking for deadlock:
There are 1 Blocked actors, 0 Stopped actors, and 3 active threads.
Waiting for actors to stop.
Called prefire()
Called fire()
Past the end of training data. Read and discard all inputs.
Checking for deadlock:
There are 2 Blocked actors, 0 Stopped actors, and 3 active threads.
Waiting for actors to stop.
Sent output token with value 9.0
Next port to read input from is inputA
Called postfire()
Called prefire()
Called fire()
Checking for deadlock:
There are 3 Blocked actors, 0 Stopped actors, and 3 active threads.
Actors have stopped.
Checking for deadlock:
There are 3 Blocked actors, 0 Stopped actors, and 3 active threads.
Deadlock detected.
Resolving Deadlock
Checking for deadlock:
There are 3 Blocked actors, 0 Stopped actors, and 3 active threads.
Artificial Deadlock - increasing queue capacity.
increasing the capacity of receiver ptolemy.actor.TypedIOPort {.top.OrderedMerge.inputB} to 2
Director: Called postfire().
Called postfire().
_stopRequested = false
_stopFireRequested = false
Returning from postfire(): true
Called fire().
Checking for deadlock:
There are 2 Blocked actors, 0 Stopped actors, and 3 active threads.
Waiting for actors to stop.
-- Thread wrapup() called.
Called wrapup()
Thread .top.Ramp2 is exiting.
-- Thread stopped.
Checking for deadlock:
There are 2 Blocked actors, 0 Stopped actors, and 2 active threads.
Actors have stopped.
Checking for deadlock:
There are 2 Blocked actors, 0 Stopped actors, and 2 active threads.
Deadlock detected.
Resolving Deadlock
Checking for deadlock:
There are 2 Blocked actors, 0 Stopped actors, and 2 active threads.
Deadlock detected: no processes blocked on write, but some are blocked on read.
Called postfire().
_stopRequested = false
_stopFireRequested = false
Returning from postfire(): false
Finished deactivating branches.
Called wrapup().
-- Thread wrapup() called.
Called wrapup()
Thread .top.Test is exiting.
-- Thread stopped.
-- Blocked Receiver call threw TerminateProcessException.
-- Thread wrapup() called.
Called wrapup()
Thread .top.OrderedMerge is exiting.
14 ms. Memory: 208384K Free: 166305K (80%)
/home/travis/build/icyphy/ptII/ptolemy/actor/lib/test/Publisher.tcl
-- Thread stopped.
-- Blocked Receiver call threw TerminateProcessException.
17 ms. Memory: 208384K Free: 159040K (76%)
9 ms. Memory: 208384K Free: 154196K (74%)
6 ms. Memory: 208384K Free: 149352K (72%)
8 ms. Memory: 208384K Free: 149352K (72%)
6 ms. Memory: 208384K Free: 146930K (71%)
9 ms. Memory: 208384K Free: 146930K (71%)
3 ms. Memory: 208384K Free: 146930K (71%)
9 ms. Memory: 208384K Free: 144508K (69%)
1 ms. Memory: 208384K Free: 137242K (66%)
7 ms. Memory: 208384K Free: 132398K (64%)
4 ms. Memory: 208384K Free: 129976K (62%)
2 ms. Memory: 208384K Free: 129976K (62%)
7 ms. Memory: 208384K Free: 120273K (58%)
8 ms. Memory: 208384K Free: 110585K (53%)
6 ms. Memory: 208384K Free: 98476K (47%)
/home/travis/build/icyphy/ptII/ptolemy/actor/lib/test/Pulse.tcl
3 ms. Memory: 208896K Free: 178300K (85%)
1 ms. Memory: 208896K Free: 175940K (84%)
1 ms. Memory: 208896K Free: 175940K (84%)
1 ms. Memory: 208896K Free: 175940K (84%)
1 ms. Memory: 208896K Free: 175940K (84%)
2 ms. Memory: 208896K Free: 173580K (83%)
3 ms. Memory: 208896K Free: 173580K (83%)
2 ms. Memory: 208896K Free: 173580K (83%)
1 ms. Memory: 208896K Free: 171221K (82%)
/home/travis/build/icyphy/ptII/ptolemy/actor/lib/test/Ramp.tcl
3 ms. Memory: 208896K Free: 171221K (82%)
1 ms. Memory: 208896K Free: 168845K (81%)
1 ms. Memory: 208896K Free: 168845K (81%)
1 ms. Memory: 208896K Free: 168845K (81%)
3 ms. Memory: 208896K Free: 166478K (80%)
4 ms. Memory: 208896K Free: 166478K (80%)
7 ms. Memory: 208896K Free: 166478K (80%)
5 actors
13000 microseconds per iteration to create
15 ms. Memory: 208896K Free: 161601K (77%)
2 ms. Memory: 208896K Free: 161601K (77%)
2 ms. Memory: 208896K Free: 161601K (77%)
1 ms. Memory: 208896K Free: 161601K (77%)
50 actors
31000 microseconds per iteration to create
36 ms. Memory: 208896K Free: 145012K (69%)
6 ms. Memory: 208896K Free: 145012K (69%)
11 ms. Memory: 208896K Free: 142637K (68%)
13 ms. Memory: 208896K Free: 142637K (68%)
500 actors
1628000 microseconds per iteration to create
344 ms. Memory: 330240K Free: 209717K (64%)
57 ms. Memory: 330240K Free: 204961K (62%)
39 ms. Memory: 330240K Free: 200190K (61%)
41 ms. Memory: 330240K Free: 195417K (59%)
/home/travis/build/icyphy/ptII/ptolemy/actor/lib/test/RampContinuous.tcl
9 ms. Memory: 330240K Free: 190645K (58%)
/home/travis/build/icyphy/ptII/ptolemy/actor/lib/test/RecordAssembler.tcl
6 ms. Memory: 330240K Free: 190645K (58%)
5 ms. Memory: 330240K Free: 190645K (58%)
/home/travis/build/icyphy/ptII/ptolemy/actor/lib/test/RecordDisassembler.tcl
6 ms. Memory: 330240K Free: 185888K (56%)
5 ms. Memory: 330240K Free: 185888K (56%)
6 ms. Memory: 330240K Free: 185888K (56%)
/home/travis/build/icyphy/ptII/ptolemy/actor/lib/test/Scale.tcl
3 ms. Memory: 330240K Free: 185888K (56%)
3 ms. Memory: 330240K Free: 181132K (55%)
1 ms. Memory: 330240K Free: 181132K (55%)
5 ms. Memory: 330240K Free: 181132K (55%)
9 ms. Memory: 330240K Free: 181132K (55%)
/home/travis/build/icyphy/ptII/ptolemy/actor/lib/test/SequentialClock.tcl
preinitializing
resolving types
initializing
executing number 1
wrapping up
idle
5 ms. Memory: 330240K Free: 181132K (55%)
Completed execution with 5 iterations
preinitializing
resolving types
initializing
executing number 1
wrapping up
idle
2 ms. Memory: 330240K Free: 181132K (55%)
Completed execution with 5 iterations
preinitializing
resolving types
initializing
executing number 1
wrapping up
idle
1 ms. Memory: 330240K Free: 176375K (53%)
Completed execution with 5 iterations
/home/travis/build/icyphy/ptII/ptolemy/actor/lib/test/SetVariable.tcl
6 ms. Memory: 330240K Free: 176375K (53%)
/home/travis/build/icyphy/ptII/ptolemy/actor/lib/test/Sinewave.tcl
/home/travis/build/icyphy/ptII/ptolemy/actor/lib/test/SubscriptionAggregator.tcl
10 ms. Memory: 330240K Free: 162090K (49%)
2 ms. Memory: 330240K Free: 162090K (49%)
1 ms. Memory: 330240K Free: 162090K (49%)
1 ms. Memory: 330240K Free: 162090K (49%)
2 ms. Memory: 330240K Free: 157333K (48%)
4 ms. Memory: 330240K Free: 157333K (48%)
...............................................................839 ms. Memory: 478208K Free: 264431K (55%)
/home/travis/build/icyphy/ptII/ptolemy/actor/lib/test/Test.tcl
 The next command will produce a warning about training mode,
   which may be ignored.
4 ms. Memory: 478208K Free: 256740K (54%)
1 ms. Memory: 478208K Free: 256740K (54%)
2 ms. Memory: 478208K Free: 256740K (54%)
1 ms. Memory: 478208K Free: 256740K (54%)
2 ms. Memory: 478208K Free: 256740K (54%)
2 ms. Memory: 478208K Free: 256740K (54%)
3 ms. Memory: 478208K Free: 256740K (54%)
 The next command will produce a warning about training mode,
   which may be ignored.
4 ms. Memory: 478208K Free: 249048K (52%)
 The next command will produce a warning about training mode,
   which may be ignored.
3 ms. Memory: 478208K Free: 249048K (52%)
1 ms. Memory: 478208K Free: 249048K (52%)
1 ms. Memory: 478208K Free: 249048K (52%)
2 ms. Memory: 478208K Free: 249048K (52%)
1 ms. Memory: 478208K Free: 249048K (52%)
3 ms. Memory: 478208K Free: 241357K (50%)
/home/travis/build/icyphy/ptII/ptolemy/actor/lib/test/TestExceptionHandler.tcl
 The next command will produce a warning about training mode,
   which may be ignored.
2 ms. Memory: 478208K Free: 241357K (50%)
1 ms. Memory: 478208K Free: 241357K (50%)
1 ms. Memory: 478208K Free: 241357K (50%)
/home/travis/build/icyphy/ptII/ptolemy/actor/lib/test/UnionDisassembler.tcl
24 ms. Memory: 478208K Free: 233682K (49%)
/home/travis/build/icyphy/ptII/ptolemy/actor/lib/test/VariableClock.tcl
preinitializing
resolving types
initializing
executing number 1
wrapping up
idle
10 ms. Memory: 478208K Free: 233682K (49%)
Completed execution with 11 iterations
preinitializing
resolving types
initializing
executing number 1
wrapping up
idle
4 ms. Memory: 478208K Free: 233682K (49%)
Completed execution with 10 iterations
06/16/18 01:23:36
Failed: 0  Total Tests: 234  ((Passed: 234, Newly Passed: 0)  Known Failed: 0) /home/travis/build/icyphy/ptII/ptolemy/actor/lib/test
----------------- testing (KnownFailure) /home/travis/build/icyphy/ptII/ptolemy/actor/lib/test/auto/knownFailedTests/PublisherPortToplevelSubscriber.xml
1 ms. Memory: 478208K Free: 225920K (47%)
Known Failure: java.lang.reflect.InvocationTargetException
----------------- testing (KnownFailure) /home/travis/build/icyphy/ptII/ptolemy/actor/lib/test/auto/knownFailedTests/PublisherSubscriberPortToplevel.xml
0 ms. Memory: 478208K Free: 210396K (44%)
Known Failure: java.lang.reflect.InvocationTargetException
----------------- testing (KnownFailure) /home/travis/build/icyphy/ptII/ptolemy/actor/lib/test/auto/knownFailedTests/PublisherSubscriptionAggregatorPort.xml
2 ms. Memory: 478208K Free: 194872K (41%)
Known Failure: java.lang.reflect.InvocationTargetException
----------------- testing (KnownFailure) /home/travis/build/icyphy/ptII/ptolemy/actor/lib/test/auto/knownFailedTests/sizedarray3.xml
5 ms. Memory: 478208K Free: 179348K (38%)
Known Failure: java.lang.reflect.InvocationTargetException
No auto/linux-amd64/*.xml tests in /home/travis/build/icyphy/ptII/ptolemy/actor/lib/test
AutoTests.java: About to close Vertx.
AutoTests.java: Vertx closed.

===========================================================================================
----------------- testing Sat Jun 16 01:23:36 UTC 2018 /home/travis/build/icyphy/ptII/ptolemy/actor/lib/test/auto/AbsoluteValue.xml
----------------- Instantiating /home/travis/build/icyphy/ptII/ptolemy/actor/lib/test/auto/AbsoluteValue.xml
5 ms. Memory: 478208K Free: 102068K (21%)
----------------- Invoking toplevel() on ptolemy.moml.MoMLSimpleApplication@4680e298
----------------- Done invoking toplevel() on ptolemy.moml.MoMLSimpleApplication@4680e298
reloadAllAccessors: .AbsoluteValue

===========================================================================================
----------------- testing Sat Jun 16 01:23:36 UTC 2018 /home/travis/build/icyphy/ptII/ptolemy/actor/lib/test/auto/AbsoluteValue2.xml
----------------- Instantiating /home/travis/build/icyphy/ptII/ptolemy/actor/lib/test/auto/AbsoluteValue2.xml
5 ms. Memory: 478208K Free: 90409K (19%)
----------------- Invoking toplevel() on ptolemy.moml.MoMLSimpleApplication@3aa77cc9
----------------- Done invoking toplevel() on ptolemy.moml.MoMLSimpleApplication@3aa77cc9
reloadAllAccessors: .AbsoluteValue2

===========================================================================================
----------------- testing Sat Jun 16 01:23:36 UTC 2018 /home/travis/build/icyphy/ptII/ptolemy/actor/lib/test/auto/Accumulator.xml
----------------- Instantiating /home/travis/build/icyphy/ptII/ptolemy/actor/lib/test/auto/Accumulator.xml
11 ms. Memory: 478208K Free: 78765K (16%)
----------------- Invoking toplevel() on ptolemy.moml.MoMLSimpleApplication@27088e1b
----------------- Done invoking toplevel() on ptolemy.moml.MoMLSimpleApplication@27088e1b
reloadAllAccessors: .Accumulator

===========================================================================================
----------------- testing Sat Jun 16 01:23:36 UTC 2018 /home/travis/build/icyphy/ptII/ptolemy/actor/lib/test/auto/Accumulator2.xml
----------------- Instantiating /home/travis/build/icyphy/ptII/ptolemy/actor/lib/test/auto/Accumulator2.xml
12 ms. Memory: 480256K Free: 436411K (91%)
----------------- Invoking toplevel() on ptolemy.moml.MoMLSimpleApplication@409cc496
----------------- Done invoking toplevel() on ptolemy.moml.MoMLSimpleApplication@409cc496
reloadAllAccessors: .Accumulator2

===========================================================================================
----------------- testing Sat Jun 16 01:23:36 UTC 2018 /home/travis/build/icyphy/ptII/ptolemy/actor/lib/test/auto/Accumulator3.xml
----------------- Instantiating /home/travis/build/icyphy/ptII/ptolemy/actor/lib/test/auto/Accumulator3.xml
3 ms. Memory: 480256K Free: 424393K (88%)
----------------- Invoking toplevel() on ptolemy.moml.MoMLSimpleApplication@4fb0a129
----------------- Done invoking toplevel() on ptolemy.moml.MoMLSimpleApplication@4fb0a129
reloadAllAccessors: .Accumulator3

===========================================================================================
----------------- testing Sat Jun 16 01:23:36 UTC 2018 /home/travis/build/icyphy/ptII/ptolemy/actor/lib/test/auto/ArrayAppend.xml
----------------- Instantiating /home/travis/build/icyphy/ptII/ptolemy/actor/lib/test/auto/ArrayAppend.xml
4 ms. Memory: 480256K Free: 416631K (87%)
----------------- Invoking toplevel() on ptolemy.moml.MoMLSimpleApplication@73b4a2aa
----------------- Done invoking toplevel() on ptolemy.moml.MoMLSimpleApplication@73b4a2aa
reloadAllAccessors: .ArrayAppend

===========================================================================================
----------------- testing Sat Jun 16 01:23:36 UTC 2018 /home/travis/build/icyphy/ptII/ptolemy/actor/lib/test/auto/ArrayAppend2.xml
----------------- Instantiating /home/travis/build/icyphy/ptII/ptolemy/actor/lib/test/auto/ArrayAppend2.xml
357 ms. Memory: 480256K Free: 331233K (69%)
----------------- Invoking toplevel() on ptolemy.moml.MoMLSimpleApplication@51a5030c
----------------- Done invoking toplevel() on ptolemy.moml.MoMLSimpleApplication@51a5030c
reloadAllAccessors: .ArrayAppend2

===========================================================================================
----------------- testing Sat Jun 16 01:23:37 UTC 2018 /home/travis/build/icyphy/ptII/ptolemy/actor/lib/test/auto/ArrayAppend3.xml
----------------- Instantiating /home/travis/build/icyphy/ptII/ptolemy/actor/lib/test/auto/ArrayAppend3.xml
3 ms. Memory: 480256K Free: 316692K (66%)
----------------- Invoking toplevel() on ptolemy.moml.MoMLSimpleApplication@4961d251
----------------- Done invoking toplevel() on ptolemy.moml.MoMLSimpleApplication@4961d251
reloadAllAccessors: .ArrayAppend3

===========================================================================================
----------------- testing Sat Jun 16 01:23:37 UTC 2018 /home/travis/build/icyphy/ptII/ptolemy/actor/lib/test/auto/ArrayAppend4.xml
----------------- Instantiating /home/travis/build/icyphy/ptII/ptolemy/actor/lib/test/auto/ArrayAppend4.xml
8 ms. Memory: 480256K Free: 308914K (64%)
----------------- Invoking toplevel() on ptolemy.moml.MoMLSimpleApplication@2728121b
----------------- Done invoking toplevel() on ptolemy.moml.MoMLSimpleApplication@2728121b
reloadAllAccessors: .ArrayAppend4

===========================================================================================
----------------- testing Sat Jun 16 01:23:37 UTC 2018 /home/travis/build/icyphy/ptII/ptolemy/actor/lib/test/auto/ArrayAppend5.xml
----------------- Instantiating /home/travis/build/icyphy/ptII/ptolemy/actor/lib/test/auto/ArrayAppend5.xml
4 ms. Memory: 480256K Free: 301136K (63%)
----------------- Invoking toplevel() on ptolemy.moml.MoMLSimpleApplication@75abe6b6
----------------- Done invoking toplevel() on ptolemy.moml.MoMLSimpleApplication@75abe6b6
reloadAllAccessors: .ArrayAppend5

===========================================================================================
----------------- testing Sat Jun 16 01:23:37 UTC 2018 /home/travis/build/icyphy/ptII/ptolemy/actor/lib/test/auto/ArrayAppend6.xml
----------------- Instantiating /home/travis/build/icyphy/ptII/ptolemy/actor/lib/test/auto/ArrayAppend6.xml
3 ms. Memory: 480256K Free: 286595K (60%)
----------------- Invoking toplevel() on ptolemy.moml.MoMLSimpleApplication@7d4faefa
----------------- Done invoking toplevel() on ptolemy.moml.MoMLSimpleApplication@7d4faefa
reloadAllAccessors: .ArrayAppend6

===========================================================================================
----------------- testing Sat Jun 16 01:23:37 UTC 2018 /home/travis/build/icyphy/ptII/ptolemy/actor/lib/test/auto/ArrayAppendPerformanceTest.xml
----------------- Instantiating /home/travis/build/icyphy/ptII/ptolemy/actor/lib/test/auto/ArrayAppendPerformanceTest.xml
23 ms. Memory: 480256K Free: 276230K (58%)
----------------- Invoking toplevel() on ptolemy.moml.MoMLSimpleApplication@2be90273
----------------- Done invoking toplevel() on ptolemy.moml.MoMLSimpleApplication@2be90273
reloadAllAccessors: .ArrayAppendPerformanceTest

===========================================================================================
----------------- testing Sat Jun 16 01:23:37 UTC 2018 /home/travis/build/icyphy/ptII/ptolemy/actor/lib/test/auto/ArrayAppendWithEmptyInput.xml
----------------- Instantiating /home/travis/build/icyphy/ptII/ptolemy/actor/lib/test/auto/ArrayAppendWithEmptyInput.xml
26 ms. Memory: 480256K Free: 265864K (55%)
----------------- Invoking toplevel() on ptolemy.moml.MoMLSimpleApplication@416a8bfc
----------------- Done invoking toplevel() on ptolemy.moml.MoMLSimpleApplication@416a8bfc
reloadAllAccessors: .ArrayAppendWithEmptyInput

===========================================================================================
----------------- testing Sat Jun 16 01:23:37 UTC 2018 /home/travis/build/icyphy/ptII/ptolemy/actor/lib/test/auto/ArrayAverage.xml
----------------- Instantiating /home/travis/build/icyphy/ptII/ptolemy/actor/lib/test/auto/ArrayAverage.xml
5 ms. Memory: 480256K Free: 248736K (52%)
----------------- Invoking toplevel() on ptolemy.moml.MoMLSimpleApplication@5c8cb31f
----------------- Done invoking toplevel() on ptolemy.moml.MoMLSimpleApplication@5c8cb31f
reloadAllAccessors: .ArrayAverage

===========================================================================================
----------------- testing Sat Jun 16 01:23:37 UTC 2018 /home/travis/build/icyphy/ptII/ptolemy/actor/lib/test/auto/ArrayContains.xml
----------------- Instantiating /home/travis/build/icyphy/ptII/ptolemy/actor/lib/test/auto/ArrayContains.xml
9 ms. Memory: 480256K Free: 240958K (50%)
----------------- Invoking toplevel() on ptolemy.moml.MoMLSimpleApplication@5ffc4224
----------------- Done invoking toplevel() on ptolemy.moml.MoMLSimpleApplication@5ffc4224
reloadAllAccessors: .ArrayContains

===========================================================================================
----------------- testing Sat Jun 16 01:23:37 UTC 2018 /home/travis/build/icyphy/ptII/ptolemy/actor/lib/test/auto/ArrayElement.xml
----------------- Instantiating /home/travis/build/icyphy/ptII/ptolemy/actor/lib/test/auto/ArrayElement.xml
9 ms. Memory: 480256K Free: 233180K (49%)
----------------- Invoking toplevel() on ptolemy.moml.MoMLSimpleApplication@db466d6
----------------- Done invoking toplevel() on ptolemy.moml.MoMLSimpleApplication@db466d6
reloadAllAccessors: .ArrayElement

===========================================================================================
----------------- testing Sat Jun 16 01:23:37 UTC 2018 /home/travis/build/icyphy/ptII/ptolemy/actor/lib/test/auto/ArrayElementAsMatrix.xml
----------------- Instantiating /home/travis/build/icyphy/ptII/ptolemy/actor/lib/test/auto/ArrayElementAsMatrix.xml
25 ms. Memory: 480256K Free: 216020K (45%)
----------------- Invoking toplevel() on ptolemy.moml.MoMLSimpleApplication@2888c68e
----------------- Done invoking toplevel() on ptolemy.moml.MoMLSimpleApplication@2888c68e
reloadAllAccessors: .ArrayElementAsMatrix

===========================================================================================
----------------- testing Sat Jun 16 01:23:37 UTC 2018 /home/travis/build/icyphy/ptII/ptolemy/actor/lib/test/auto/ArrayElementI.xml
----------------- Instantiating /home/travis/build/icyphy/ptII/ptolemy/actor/lib/test/auto/ArrayElementI.xml
4 ms. Memory: 480256K Free: 208250K (43%)
----------------- Invoking toplevel() on ptolemy.moml.MoMLSimpleApplication@429f64e8
----------------- Done invoking toplevel() on ptolemy.moml.MoMLSimpleApplication@429f64e8
reloadAllAccessors: .ArrayElementI

===========================================================================================
----------------- testing Sat Jun 16 01:23:37 UTC 2018 /home/travis/build/icyphy/ptII/ptolemy/actor/lib/test/auto/ArrayExtract.xml
----------------- Instantiating /home/travis/build/icyphy/ptII/ptolemy/actor/lib/test/auto/ArrayExtract.xml
4 ms. Memory: 480256K Free: 200472K (42%)
----------------- Invoking toplevel() on ptolemy.moml.MoMLSimpleApplication@7e59cde8
----------------- Done invoking toplevel() on ptolemy.moml.MoMLSimpleApplication@7e59cde8
reloadAllAccessors: .ArrayExtract

===========================================================================================
----------------- testing Sat Jun 16 01:23:37 UTC 2018 /home/travis/build/icyphy/ptII/ptolemy/actor/lib/test/auto/ArrayExtract2.xml
----------------- Instantiating /home/travis/build/icyphy/ptII/ptolemy/actor/lib/test/auto/ArrayExtract2.xml
6 ms. Memory: 480256K Free: 185931K (39%)
----------------- Invoking toplevel() on ptolemy.moml.MoMLSimpleApplication@1d9f96be
----------------- Done invoking toplevel() on ptolemy.moml.MoMLSimpleApplication@1d9f96be
reloadAllAccessors: .ArrayExtract2

===========================================================================================
----------------- testing Sat Jun 16 01:23:37 UTC 2018 /home/travis/build/icyphy/ptII/ptolemy/actor/lib/test/auto/ArrayLength.xml
----------------- Instantiating /home/travis/build/icyphy/ptII/ptolemy/actor/lib/test/auto/ArrayLength.xml
1 ms. Memory: 480256K Free: 180756K (38%)
----------------- Invoking toplevel() on ptolemy.moml.MoMLSimpleApplication@57a699cb
----------------- Done invoking toplevel() on ptolemy.moml.MoMLSimpleApplication@57a699cb
reloadAllAccessors: .ArrayLength

===========================================================================================
----------------- testing Sat Jun 16 01:23:37 UTC 2018 /home/travis/build/icyphy/ptII/ptolemy/actor/lib/test/auto/ArrayLevelCrossing.xml
----------------- Instantiating /home/travis/build/icyphy/ptII/ptolemy/actor/lib/test/auto/ArrayLevelCrossing.xml
9 ms. Memory: 480256K Free: 170375K (35%)
----------------- Invoking toplevel() on ptolemy.moml.MoMLSimpleApplication@661ef076
----------------- Done invoking toplevel() on ptolemy.moml.MoMLSimpleApplication@661ef076
reloadAllAccessors: .ArrayLevelCrossing

===========================================================================================
----------------- testing Sat Jun 16 01:23:38 UTC 2018 /home/travis/build/icyphy/ptII/ptolemy/actor/lib/test/auto/ArrayLevelCrossing2.xml
----------------- Instantiating /home/travis/build/icyphy/ptII/ptolemy/actor/lib/test/auto/ArrayLevelCrossing2.xml
2 ms. Memory: 480256K Free: 155850K (32%)
----------------- Invoking toplevel() on ptolemy.moml.MoMLSimpleApplication@4cefbede
----------------- Done invoking toplevel() on ptolemy.moml.MoMLSimpleApplication@4cefbede
reloadAllAccessors: .ArrayLevelCrossing2

===========================================================================================
----------------- testing Sat Jun 16 01:23:38 UTC 2018 /home/travis/build/icyphy/ptII/ptolemy/actor/lib/test/auto/ArrayPeakSearch.xml
----------------- Instantiating /home/travis/build/icyphy/ptII/ptolemy/actor/lib/test/auto/ArrayPeakSearch.xml
4 ms. Memory: 480256K Free: 145485K (30%)
----------------- Invoking toplevel() on ptolemy.moml.MoMLSimpleApplication@ba77e13
----------------- Done invoking toplevel() on ptolemy.moml.MoMLSimpleApplication@ba77e13
reloadAllAccessors: .ArrayPeakSearch

===========================================================================================
----------------- testing Sat Jun 16 01:23:38 UTC 2018 /home/travis/build/icyphy/ptII/ptolemy/actor/lib/test/auto/ArrayPeakSearch2.xml
----------------- Instantiating /home/travis/build/icyphy/ptII/ptolemy/actor/lib/test/auto/ArrayPeakSearch2.xml
3 ms. Memory: 480256K Free: 132532K (28%)
----------------- Invoking toplevel() on ptolemy.moml.MoMLSimpleApplication@5d6bd772
----------------- Done invoking toplevel() on ptolemy.moml.MoMLSimpleApplication@5d6bd772
reloadAllAccessors: .ArrayPeakSearch2

===========================================================================================
----------------- testing Sat Jun 16 01:23:38 UTC 2018 /home/travis/build/icyphy/ptII/ptolemy/actor/lib/test/auto/ArrayPeakSearch3.xml
----------------- Instantiating /home/travis/build/icyphy/ptII/ptolemy/actor/lib/test/auto/ArrayPeakSearch3.xml
3 ms. Memory: 480256K Free: 115404K (24%)
----------------- Invoking toplevel() on ptolemy.moml.MoMLSimpleApplication@8e2017a
----------------- Done invoking toplevel() on ptolemy.moml.MoMLSimpleApplication@8e2017a
reloadAllAccessors: .ArrayPeakSearch3

===========================================================================================
----------------- testing Sat Jun 16 01:23:38 UTC 2018 /home/travis/build/icyphy/ptII/ptolemy/actor/lib/test/auto/ArrayRemoveElement.xml
----------------- Instantiating /home/travis/build/icyphy/ptII/ptolemy/actor/lib/test/auto/ArrayRemoveElement.xml
3 ms. Memory: 480256K Free: 105039K (22%)
----------------- Invoking toplevel() on ptolemy.moml.MoMLSimpleApplication@77364bb4
----------------- Done invoking toplevel() on ptolemy.moml.MoMLSimpleApplication@77364bb4
reloadAllAccessors: .ArrayRemoveElement

===========================================================================================
----------------- testing Sat Jun 16 01:23:38 UTC 2018 /home/travis/build/icyphy/ptII/ptolemy/actor/lib/test/auto/ArraySort.xml
----------------- Instantiating /home/travis/build/icyphy/ptII/ptolemy/actor/lib/test/auto/ArraySort.xml
5 ms. Memory: 480256K Free: 94673K (20%)
----------------- Invoking toplevel() on ptolemy.moml.MoMLSimpleApplication@7c84a23d
----------------- Done invoking toplevel() on ptolemy.moml.MoMLSimpleApplication@7c84a23d
reloadAllAccessors: .ArraySort

===========================================================================================
----------------- testing Sat Jun 16 01:23:38 UTC 2018 /home/travis/build/icyphy/ptII/ptolemy/actor/lib/test/auto/ArraySum.xml
----------------- Instantiating /home/travis/build/icyphy/ptII/ptolemy/actor/lib/test/auto/ArraySum.xml
4 ms. Memory: 480256K Free: 80132K (17%)
----------------- Invoking toplevel() on ptolemy.moml.MoMLSimpleApplication@625aebd5
----------------- Done invoking toplevel() on ptolemy.moml.MoMLSimpleApplication@625aebd5
reloadAllAccessors: .ArraySum

===========================================================================================
----------------- testing Sat Jun 16 01:23:38 UTC 2018 /home/travis/build/icyphy/ptII/ptolemy/actor/lib/test/auto/ArrayToElements.xml
----------------- Instantiating /home/travis/build/icyphy/ptII/ptolemy/actor/lib/test/auto/ArrayToElements.xml
8 ms. Memory: 480256K Free: 72354K (15%)
----------------- Invoking toplevel() on ptolemy.moml.MoMLSimpleApplication@6f3f76cb
----------------- Done invoking toplevel() on ptolemy.moml.MoMLSimpleApplication@6f3f76cb
reloadAllAccessors: .ArrayToElements

===========================================================================================
----------------- testing Sat Jun 16 01:23:38 UTC 2018 /home/travis/build/icyphy/ptII/ptolemy/actor/lib/test/auto/ArrayToMatrix.xml
----------------- Instantiating /home/travis/build/icyphy/ptII/ptolemy/actor/lib/test/auto/ArrayToMatrix.xml
10 ms. Memory: 480256K Free: 54187K (11%)
----------------- Invoking toplevel() on ptolemy.moml.MoMLSimpleApplication@75095120
----------------- Done invoking toplevel() on ptolemy.moml.MoMLSimpleApplication@75095120
reloadAllAccessors: .ArrayToMatrix

===========================================================================================
----------------- testing Sat Jun 16 01:23:38 UTC 2018 /home/travis/build/icyphy/ptII/ptolemy/actor/lib/test/auto/ArrayUpdate1.xml
----------------- Instantiating /home/travis/build/icyphy/ptII/ptolemy/actor/lib/test/auto/ArrayUpdate1.xml
5 ms. Memory: 720384K Free: 670063K (93%)
----------------- Invoking toplevel() on ptolemy.moml.MoMLSimpleApplication@2678d854
----------------- Done invoking toplevel() on ptolemy.moml.MoMLSimpleApplication@2678d854
reloadAllAccessors: .ArrayUpdate1

===========================================================================================
----------------- testing Sat Jun 16 01:23:38 UTC 2018 /home/travis/build/icyphy/ptII/ptolemy/actor/lib/test/auto/ArrayUpdate2.xml
----------------- Instantiating /home/travis/build/icyphy/ptII/ptolemy/actor/lib/test/auto/ArrayUpdate2.xml
4 ms. Memory: 720384K Free: 649749K (90%)
----------------- Invoking toplevel() on ptolemy.moml.MoMLSimpleApplication@406a9d19
----------------- Done invoking toplevel() on ptolemy.moml.MoMLSimpleApplication@406a9d19
reloadAllAccessors: .ArrayUpdate2

===========================================================================================
----------------- testing Sat Jun 16 01:23:38 UTC 2018 /home/travis/build/icyphy/ptII/ptolemy/actor/lib/test/auto/ArrayUpdate3.xml
----------------- Instantiating /home/travis/build/icyphy/ptII/ptolemy/actor/lib/test/auto/ArrayUpdate3.xml
2 ms. Memory: 720384K Free: 637328K (88%)
----------------- Invoking toplevel() on ptolemy.moml.MoMLSimpleApplication@20700ad
----------------- Done invoking toplevel() on ptolemy.moml.MoMLSimpleApplication@20700ad
reloadAllAccessors: .ArrayUpdate3

===========================================================================================
----------------- testing Sat Jun 16 01:23:38 UTC 2018 /home/travis/build/icyphy/ptII/ptolemy/actor/lib/test/auto/Assert1.xml
----------------- Instantiating /home/travis/build/icyphy/ptII/ptolemy/actor/lib/test/auto/Assert1.xml
4 ms. Memory: 720384K Free: 624907K (87%)
----------------- Invoking toplevel() on ptolemy.moml.MoMLSimpleApplication@7f79d7a7
----------------- Done invoking toplevel() on ptolemy.moml.MoMLSimpleApplication@7f79d7a7
reloadAllAccessors: .Assert1

===========================================================================================
----------------- testing Sat Jun 16 01:23:38 UTC 2018 /home/travis/build/icyphy/ptII/ptolemy/actor/lib/test/auto/Assert2.xml
----------------- Instantiating /home/travis/build/icyphy/ptII/ptolemy/actor/lib/test/auto/Assert2.xml
6 ms. Memory: 720384K Free: 604676K (84%)
----------------- Invoking toplevel() on ptolemy.moml.MoMLSimpleApplication@5c02e944
----------------- Done invoking toplevel() on ptolemy.moml.MoMLSimpleApplication@5c02e944
reloadAllAccessors: .Assert2

===========================================================================================
----------------- testing Sat Jun 16 01:23:38 UTC 2018 /home/travis/build/icyphy/ptII/ptolemy/actor/lib/test/auto/BooleanMultiplexor.xml
----------------- Instantiating /home/travis/build/icyphy/ptII/ptolemy/actor/lib/test/auto/BooleanMultiplexor.xml
2 ms. Memory: 720384K Free: 592255K (82%)
----------------- Invoking toplevel() on ptolemy.moml.MoMLSimpleApplication@20d534e0
----------------- Done invoking toplevel() on ptolemy.moml.MoMLSimpleApplication@20d534e0
reloadAllAccessors: .BooleanMultiplexor

===========================================================================================
----------------- testing Sat Jun 16 01:23:38 UTC 2018 /home/travis/build/icyphy/ptII/ptolemy/actor/lib/test/auto/BooleanMultiplexor2.xml
----------------- Instantiating /home/travis/build/icyphy/ptII/ptolemy/actor/lib/test/auto/BooleanMultiplexor2.xml
4 ms. Memory: 720384K Free: 579834K (80%)
----------------- Invoking toplevel() on ptolemy.moml.MoMLSimpleApplication@3a41f49a
----------------- Done invoking toplevel() on ptolemy.moml.MoMLSimpleApplication@3a41f49a
reloadAllAccessors: .BooleanMultiplexor2

===========================================================================================
----------------- testing Sat Jun 16 01:23:38 UTC 2018 /home/travis/build/icyphy/ptII/ptolemy/actor/lib/test/auto/BooleanMultiplexor3.xml
----------------- Instantiating /home/travis/build/icyphy/ptII/ptolemy/actor/lib/test/auto/BooleanMultiplexor3.xml
2 ms. Memory: 720384K Free: 567413K (79%)
----------------- Invoking toplevel() on ptolemy.moml.MoMLSimpleApplication@16a74453
----------------- Done invoking toplevel() on ptolemy.moml.MoMLSimpleApplication@16a74453
reloadAllAccessors: .BooleanMultiplexor3

===========================================================================================
----------------- testing Sat Jun 16 01:23:38 UTC 2018 /home/travis/build/icyphy/ptII/ptolemy/actor/lib/test/auto/BooleanSelect.xml
----------------- Instantiating /home/travis/build/icyphy/ptII/ptolemy/actor/lib/test/auto/BooleanSelect.xml
3 ms. Memory: 720384K Free: 547183K (76%)
----------------- Invoking toplevel() on ptolemy.moml.MoMLSimpleApplication@22fb68b5
----------------- Done invoking toplevel() on ptolemy.moml.MoMLSimpleApplication@22fb68b5
reloadAllAccessors: .BooleanSelect

===========================================================================================
----------------- testing Sat Jun 16 01:23:38 UTC 2018 /home/travis/build/icyphy/ptII/ptolemy/actor/lib/test/auto/BooleanSelect2.xml
----------------- Instantiating /home/travis/build/icyphy/ptII/ptolemy/actor/lib/test/auto/BooleanSelect2.xml
1 ms. Memory: 720384K Free: 534762K (74%)
----------------- Invoking toplevel() on ptolemy.moml.MoMLSimpleApplication@4d456936
----------------- Done invoking toplevel() on ptolemy.moml.MoMLSimpleApplication@4d456936
reloadAllAccessors: .BooleanSelect2

===========================================================================================
----------------- testing Sat Jun 16 01:23:38 UTC 2018 /home/travis/build/icyphy/ptII/ptolemy/actor/lib/test/auto/BooleanSwitch.xml
----------------- Instantiating /home/travis/build/icyphy/ptII/ptolemy/actor/lib/test/auto/BooleanSwitch.xml
3 ms. Memory: 720384K Free: 522340K (73%)
----------------- Invoking toplevel() on ptolemy.moml.MoMLSimpleApplication@361bd0e7
----------------- Done invoking toplevel() on ptolemy.moml.MoMLSimpleApplication@361bd0e7
reloadAllAccessors: .BooleanSwitch

===========================================================================================
----------------- testing Sat Jun 16 01:23:38 UTC 2018 /home/travis/build/icyphy/ptII/ptolemy/actor/lib/test/auto/BooleanSwitch2.xml
----------------- Instantiating /home/travis/build/icyphy/ptII/ptolemy/actor/lib/test/auto/BooleanSwitch2.xml
1 ms. Memory: 720384K Free: 502110K (70%)
----------------- Invoking toplevel() on ptolemy.moml.MoMLSimpleApplication@6a701e73
----------------- Done invoking toplevel() on ptolemy.moml.MoMLSimpleApplication@6a701e73
reloadAllAccessors: .BooleanSwitch2

===========================================================================================
----------------- testing Sat Jun 16 01:23:38 UTC 2018 /home/travis/build/icyphy/ptII/ptolemy/actor/lib/test/auto/BooleanSwitchCloningBugWithClassRelationGroup.xml
----------------- Instantiating /home/travis/build/icyphy/ptII/ptolemy/actor/lib/test/auto/BooleanSwitchCloningBugWithClassRelationGroup.xml
2 ms. Memory: 720384K Free: 489689K (68%)
----------------- Invoking toplevel() on ptolemy.moml.MoMLSimpleApplication@28533267
----------------- Done invoking toplevel() on ptolemy.moml.MoMLSimpleApplication@28533267
reloadAllAccessors: .BooleanSwitchCloningBugWithClassRelationGroup

===========================================================================================
----------------- testing Sat Jun 16 01:23:38 UTC 2018 /home/travis/build/icyphy/ptII/ptolemy/actor/lib/test/auto/BusActors.xml
----------------- Instantiating /home/travis/build/icyphy/ptII/ptolemy/actor/lib/test/auto/BusActors.xml
3 ms. Memory: 720384K Free: 471041K (65%)
----------------- Invoking toplevel() on ptolemy.moml.MoMLSimpleApplication@22eb4d5e
----------------- Done invoking toplevel() on ptolemy.moml.MoMLSimpleApplication@22eb4d5e
reloadAllAccessors: .BusActors

===========================================================================================
----------------- testing Sat Jun 16 01:23:38 UTC 2018 /home/travis/build/icyphy/ptII/ptolemy/actor/lib/test/auto/ClassWrapper.xml
----------------- Instantiating /home/travis/build/icyphy/ptII/ptolemy/actor/lib/test/auto/ClassWrapper.xml
2 ms. Memory: 720384K Free: 458620K (64%)
----------------- Invoking toplevel() on ptolemy.moml.MoMLSimpleApplication@2b072165
----------------- Done invoking toplevel() on ptolemy.moml.MoMLSimpleApplication@2b072165
reloadAllAccessors: .ClassWrapper

===========================================================================================
----------------- testing Sat Jun 16 01:23:38 UTC 2018 /home/travis/build/icyphy/ptII/ptolemy/actor/lib/test/auto/Clock.xml
----------------- Instantiating /home/travis/build/icyphy/ptII/ptolemy/actor/lib/test/auto/Clock.xml
2 ms. Memory: 720384K Free: 438390K (61%)
----------------- Invoking toplevel() on ptolemy.moml.MoMLSimpleApplication@5aec6ab6
----------------- Done invoking toplevel() on ptolemy.moml.MoMLSimpleApplication@5aec6ab6
reloadAllAccessors: .Clock

===========================================================================================
----------------- testing Sat Jun 16 01:23:38 UTC 2018 /home/travis/build/icyphy/ptII/ptolemy/actor/lib/test/auto/Clock10.xml
----------------- Instantiating /home/travis/build/icyphy/ptII/ptolemy/actor/lib/test/auto/Clock10.xml
2 ms. Memory: 720384K Free: 425968K (59%)
----------------- Invoking toplevel() on ptolemy.moml.MoMLSimpleApplication@18c27971
----------------- Done invoking toplevel() on ptolemy.moml.MoMLSimpleApplication@18c27971
reloadAllAccessors: .Clock10

===========================================================================================
----------------- testing Sat Jun 16 01:23:38 UTC 2018 /home/travis/build/icyphy/ptII/ptolemy/actor/lib/test/auto/Clock11.xml
----------------- Instantiating /home/travis/build/icyphy/ptII/ptolemy/actor/lib/test/auto/Clock11.xml
3 ms. Memory: 720384K Free: 413547K (57%)
----------------- Invoking toplevel() on ptolemy.moml.MoMLSimpleApplication@46006553
----------------- Done invoking toplevel() on ptolemy.moml.MoMLSimpleApplication@46006553
reloadAllAccessors: .Clock11

===========================================================================================
----------------- testing Sat Jun 16 01:23:38 UTC 2018 /home/travis/build/icyphy/ptII/ptolemy/actor/lib/test/auto/Clock12.xml
----------------- Instantiating /home/travis/build/icyphy/ptII/ptolemy/actor/lib/test/auto/Clock12.xml
2 ms. Memory: 720384K Free: 393317K (55%)
----------------- Invoking toplevel() on ptolemy.moml.MoMLSimpleApplication@2d5e91ad
----------------- Done invoking toplevel() on ptolemy.moml.MoMLSimpleApplication@2d5e91ad
reloadAllAccessors: .Clock12

===========================================================================================
----------------- testing Sat Jun 16 01:23:38 UTC 2018 /home/travis/build/icyphy/ptII/ptolemy/actor/lib/test/auto/Clock13.xml
----------------- Instantiating /home/travis/build/icyphy/ptII/ptolemy/actor/lib/test/auto/Clock13.xml
4 ms. Memory: 720384K Free: 380896K (53%)
----------------- Invoking toplevel() on ptolemy.moml.MoMLSimpleApplication@59ce95c7
----------------- Done invoking toplevel() on ptolemy.moml.MoMLSimpleApplication@59ce95c7
reloadAllAccessors: .Clock13

===========================================================================================
----------------- testing Sat Jun 16 01:23:38 UTC 2018 /home/travis/build/icyphy/ptII/ptolemy/actor/lib/test/auto/Clock14.xml
----------------- Instantiating /home/travis/build/icyphy/ptII/ptolemy/actor/lib/test/auto/Clock14.xml
3 ms. Memory: 720384K Free: 368475K (51%)
----------------- Invoking toplevel() on ptolemy.moml.MoMLSimpleApplication@2fb3ddec
----------------- Done invoking toplevel() on ptolemy.moml.MoMLSimpleApplication@2fb3ddec
reloadAllAccessors: .Clock14

===========================================================================================
----------------- testing Sat Jun 16 01:23:38 UTC 2018 /home/travis/build/icyphy/ptII/ptolemy/actor/lib/test/auto/Clock15.xml
----------------- Instantiating /home/travis/build/icyphy/ptII/ptolemy/actor/lib/test/auto/Clock15.xml
6 ms. Memory: 720384K Free: 356054K (49%)
----------------- Invoking toplevel() on ptolemy.moml.MoMLSimpleApplication@15f4ca5e
----------------- Done invoking toplevel() on ptolemy.moml.MoMLSimpleApplication@15f4ca5e
reloadAllAccessors: .Clock15

===========================================================================================
----------------- testing Sat Jun 16 01:23:38 UTC 2018 /home/travis/build/icyphy/ptII/ptolemy/actor/lib/test/auto/Clock16.xml
----------------- Instantiating /home/travis/build/icyphy/ptII/ptolemy/actor/lib/test/auto/Clock16.xml
34 ms. Memory: 720384K Free: 329613K (46%)
----------------- Invoking toplevel() on ptolemy.moml.MoMLSimpleApplication@5bcd467a
----------------- Done invoking toplevel() on ptolemy.moml.MoMLSimpleApplication@5bcd467a
reloadAllAccessors: .Clock16

===========================================================================================
----------------- testing Sat Jun 16 01:23:39 UTC 2018 /home/travis/build/icyphy/ptII/ptolemy/actor/lib/test/auto/Clock17.xml
----------------- Instantiating /home/travis/build/icyphy/ptII/ptolemy/actor/lib/test/auto/Clock17.xml
16 ms. Memory: 720384K Free: 310965K (43%)
----------------- Invoking toplevel() on ptolemy.moml.MoMLSimpleApplication@2274df54
----------------- Done invoking toplevel() on ptolemy.moml.MoMLSimpleApplication@2274df54
reloadAllAccessors: .Clock17

===========================================================================================
----------------- testing Sat Jun 16 01:23:39 UTC 2018 /home/travis/build/icyphy/ptII/ptolemy/actor/lib/test/auto/Clock18.xml
----------------- Instantiating /home/travis/build/icyphy/ptII/ptolemy/actor/lib/test/auto/Clock18.xml
21 ms. Memory: 720384K Free: 292333K (41%)
----------------- Invoking toplevel() on ptolemy.moml.MoMLSimpleApplication@569400c0
----------------- Done invoking toplevel() on ptolemy.moml.MoMLSimpleApplication@569400c0
reloadAllAccessors: .Clock18

===========================================================================================
----------------- testing Sat Jun 16 01:23:39 UTC 2018 /home/travis/build/icyphy/ptII/ptolemy/actor/lib/test/auto/Clock19.xml
----------------- Instantiating /home/travis/build/icyphy/ptII/ptolemy/actor/lib/test/auto/Clock19.xml
19 ms. Memory: 720384K Free: 259666K (36%)
----------------- Invoking toplevel() on ptolemy.moml.MoMLSimpleApplication@48461962
----------------- Done invoking toplevel() on ptolemy.moml.MoMLSimpleApplication@48461962
reloadAllAccessors: .Clock19

===========================================================================================
----------------- testing Sat Jun 16 01:23:39 UTC 2018 /home/travis/build/icyphy/ptII/ptolemy/actor/lib/test/auto/Clock2.xml
----------------- Instantiating /home/travis/build/icyphy/ptII/ptolemy/actor/lib/test/auto/Clock2.xml
9 ms. Memory: 720384K Free: 247245K (34%)
----------------- Invoking toplevel() on ptolemy.moml.MoMLSimpleApplication@6bcf26a1
----------------- Done invoking toplevel() on ptolemy.moml.MoMLSimpleApplication@6bcf26a1
reloadAllAccessors: .Clock2

===========================================================================================
----------------- testing Sat Jun 16 01:23:39 UTC 2018 /home/travis/build/icyphy/ptII/ptolemy/actor/lib/test/auto/Clock20.xml
----------------- Instantiating /home/travis/build/icyphy/ptII/ptolemy/actor/lib/test/auto/Clock20.xml
12 ms. Memory: 720384K Free: 234823K (33%)
----------------- Invoking toplevel() on ptolemy.moml.MoMLSimpleApplication@7ebe2496
----------------- Done invoking toplevel() on ptolemy.moml.MoMLSimpleApplication@7ebe2496
reloadAllAccessors: .Clock20

===========================================================================================
----------------- testing Sat Jun 16 01:23:39 UTC 2018 /home/travis/build/icyphy/ptII/ptolemy/actor/lib/test/auto/Clock21.xml
----------------- Instantiating /home/travis/build/icyphy/ptII/ptolemy/actor/lib/test/auto/Clock21.xml
7 ms. Memory: 720384K Free: 214593K (30%)
----------------- Invoking toplevel() on ptolemy.moml.MoMLSimpleApplication@22926862
----------------- Done invoking toplevel() on ptolemy.moml.MoMLSimpleApplication@22926862
reloadAllAccessors: .Clock21

===========================================================================================
----------------- testing Sat Jun 16 01:23:39 UTC 2018 /home/travis/build/icyphy/ptII/ptolemy/actor/lib/test/auto/Clock22.xml
----------------- Instantiating /home/travis/build/icyphy/ptII/ptolemy/actor/lib/test/auto/Clock22.xml
8 ms. Memory: 720384K Free: 202172K (28%)
----------------- Invoking toplevel() on ptolemy.moml.MoMLSimpleApplication@5a4a4350
----------------- Done invoking toplevel() on ptolemy.moml.MoMLSimpleApplication@5a4a4350
reloadAllAccessors: .Clock22

===========================================================================================
----------------- testing Sat Jun 16 01:23:39 UTC 2018 /home/travis/build/icyphy/ptII/ptolemy/actor/lib/test/auto/Clock23.xml
----------------- Instantiating /home/travis/build/icyphy/ptII/ptolemy/actor/lib/test/auto/Clock23.xml
2 ms. Memory: 720384K Free: 189751K (26%)
----------------- Invoking toplevel() on ptolemy.moml.MoMLSimpleApplication@24141f8e
----------------- Done invoking toplevel() on ptolemy.moml.MoMLSimpleApplication@24141f8e
reloadAllAccessors: .Clock23

===========================================================================================
----------------- testing Sat Jun 16 01:23:39 UTC 2018 /home/travis/build/icyphy/ptII/ptolemy/actor/lib/test/auto/Clock24.xml
----------------- Instantiating /home/travis/build/icyphy/ptII/ptolemy/actor/lib/test/auto/Clock24.xml
2 ms. Memory: 720384K Free: 177330K (25%)
----------------- Invoking toplevel() on ptolemy.moml.MoMLSimpleApplication@22f19e08
----------------- Done invoking toplevel() on ptolemy.moml.MoMLSimpleApplication@22f19e08
reloadAllAccessors: .Clock24

===========================================================================================
----------------- testing Sat Jun 16 01:23:39 UTC 2018 /home/travis/build/icyphy/ptII/ptolemy/actor/lib/test/auto/Clock4.xml
----------------- Instantiating /home/travis/build/icyphy/ptII/ptolemy/actor/lib/test/auto/Clock4.xml
5 ms. Memory: 720384K Free: 157099K (22%)
----------------- Invoking toplevel() on ptolemy.moml.MoMLSimpleApplication@786442db
----------------- Done invoking toplevel() on ptolemy.moml.MoMLSimpleApplication@786442db
reloadAllAccessors: .Clock4

===========================================================================================
----------------- testing Sat Jun 16 01:23:39 UTC 2018 /home/travis/build/icyphy/ptII/ptolemy/actor/lib/test/auto/Clock5.xml
----------------- Instantiating /home/travis/build/icyphy/ptII/ptolemy/actor/lib/test/auto/Clock5.xml
2 ms. Memory: 720384K Free: 144678K (20%)
----------------- Invoking toplevel() on ptolemy.moml.MoMLSimpleApplication@3d8ceabe
----------------- Done invoking toplevel() on ptolemy.moml.MoMLSimpleApplication@3d8ceabe
reloadAllAccessors: .Clock5

===========================================================================================
----------------- testing Sat Jun 16 01:23:39 UTC 2018 /home/travis/build/icyphy/ptII/ptolemy/actor/lib/test/auto/Clock6.xml
----------------- Instantiating /home/travis/build/icyphy/ptII/ptolemy/actor/lib/test/auto/Clock6.xml
1 ms. Memory: 720384K Free: 132257K (18%)
----------------- Invoking toplevel() on ptolemy.moml.MoMLSimpleApplication@3aa38e5e
----------------- Done invoking toplevel() on ptolemy.moml.MoMLSimpleApplication@3aa38e5e
reloadAllAccessors: .Clock6

===========================================================================================
----------------- testing Sat Jun 16 01:23:39 UTC 2018 /home/travis/build/icyphy/ptII/ptolemy/actor/lib/test/auto/Clock7.xml
----------------- Instantiating /home/travis/build/icyphy/ptII/ptolemy/actor/lib/test/auto/Clock7.xml
3 ms. Memory: 720384K Free: 112027K (16%)
----------------- Invoking toplevel() on ptolemy.moml.MoMLSimpleApplication@3cb9e0e2
----------------- Done invoking toplevel() on ptolemy.moml.MoMLSimpleApplication@3cb9e0e2
reloadAllAccessors: .Clock7

===========================================================================================
----------------- testing Sat Jun 16 01:23:39 UTC 2018 /home/travis/build/icyphy/ptII/ptolemy/actor/lib/test/auto/Clock8.xml
----------------- Instantiating /home/travis/build/icyphy/ptII/ptolemy/actor/lib/test/auto/Clock8.xml
3 ms. Memory: 720384K Free: 99606K (14%)
----------------- Invoking toplevel() on ptolemy.moml.MoMLSimpleApplication@31ca1bb1
----------------- Done invoking toplevel() on ptolemy.moml.MoMLSimpleApplication@31ca1bb1
reloadAllAccessors: .Clock8

===========================================================================================
----------------- testing Sat Jun 16 01:23:39 UTC 2018 /home/travis/build/icyphy/ptII/ptolemy/actor/lib/test/auto/Clock9.xml
----------------- Instantiating /home/travis/build/icyphy/ptII/ptolemy/actor/lib/test/auto/Clock9.xml
7 ms. Memory: 720384K Free: 87185K (12%)
----------------- Invoking toplevel() on ptolemy.moml.MoMLSimpleApplication@2db6be6e
----------------- Done invoking toplevel() on ptolemy.moml.MoMLSimpleApplication@2db6be6e
reloadAllAccessors: .Clock9

===========================================================================================
----------------- testing Sat Jun 16 01:23:39 UTC 2018 /home/travis/build/icyphy/ptII/ptolemy/actor/lib/test/auto/CommDistDiscard.xml
----------------- Instantiating /home/travis/build/icyphy/ptII/ptolemy/actor/lib/test/auto/CommDistDiscard.xml
2 ms. Memory: 720384K Free: 74763K (10%)
----------------- Invoking toplevel() on ptolemy.moml.MoMLSimpleApplication@7edcb068
----------------- Done invoking toplevel() on ptolemy.moml.MoMLSimpleApplication@7edcb068
reloadAllAccessors: .CommDistDiscard

===========================================================================================
----------------- testing Sat Jun 16 01:23:39 UTC 2018 /home/travis/build/icyphy/ptII/ptolemy/actor/lib/test/auto/Commutator.xml
----------------- Instantiating /home/travis/build/icyphy/ptII/ptolemy/actor/lib/test/auto/Commutator.xml
2 ms. Memory: 720384K Free: 59358K (8%)
----------------- Invoking toplevel() on ptolemy.moml.MoMLSimpleApplication@1a3a438b
----------------- Done invoking toplevel() on ptolemy.moml.MoMLSimpleApplication@1a3a438b
reloadAllAccessors: .Commutator

===========================================================================================
----------------- testing Sat Jun 16 01:23:39 UTC 2018 /home/travis/build/icyphy/ptII/ptolemy/actor/lib/test/auto/Commutator2.xml
----------------- Instantiating /home/travis/build/icyphy/ptII/ptolemy/actor/lib/test/auto/Commutator2.xml
1 ms. Memory: 720384K Free: 669814K (93%)
----------------- Invoking toplevel() on ptolemy.moml.MoMLSimpleApplication@f0faa70
----------------- Done invoking toplevel() on ptolemy.moml.MoMLSimpleApplication@f0faa70
reloadAllAccessors: .Commutator2

===========================================================================================
----------------- testing Sat Jun 16 01:23:39 UTC 2018 /home/travis/build/icyphy/ptII/ptolemy/actor/lib/test/auto/Commutator3.xml
----------------- Instantiating /home/travis/build/icyphy/ptII/ptolemy/actor/lib/test/auto/Commutator3.xml
2 ms. Memory: 720384K Free: 655852K (91%)
----------------- Invoking toplevel() on ptolemy.moml.MoMLSimpleApplication@1c8736c
----------------- Done invoking toplevel() on ptolemy.moml.MoMLSimpleApplication@1c8736c
reloadAllAccessors: .Commutator3

===========================================================================================
----------------- testing Sat Jun 16 01:23:39 UTC 2018 /home/travis/build/icyphy/ptII/ptolemy/actor/lib/test/auto/Compare.xml
----------------- Instantiating /home/travis/build/icyphy/ptII/ptolemy/actor/lib/test/auto/Compare.xml
2 ms. Memory: 720384K Free: 643415K (89%)
----------------- Invoking toplevel() on ptolemy.moml.MoMLSimpleApplication@5c15d116
----------------- Done invoking toplevel() on ptolemy.moml.MoMLSimpleApplication@5c15d116
reloadAllAccessors: .Compare

===========================================================================================
----------------- testing Sat Jun 16 01:23:39 UTC 2018 /home/travis/build/icyphy/ptII/ptolemy/actor/lib/test/auto/CompareDE.xml
----------------- Instantiating /home/travis/build/icyphy/ptII/ptolemy/actor/lib/test/auto/CompareDE.xml
3 ms. Memory: 720384K Free: 625297K (87%)
----------------- Invoking toplevel() on ptolemy.moml.MoMLSimpleApplication@33b56aee
----------------- Done invoking toplevel() on ptolemy.moml.MoMLSimpleApplication@33b56aee
reloadAllAccessors: .CompareDE

===========================================================================================
----------------- testing Sat Jun 16 01:23:39 UTC 2018 /home/travis/build/icyphy/ptII/ptolemy/actor/lib/test/auto/ComplexDivide.xml
----------------- Instantiating /home/travis/build/icyphy/ptII/ptolemy/actor/lib/test/auto/ComplexDivide.xml
1 ms. Memory: 720384K Free: 617016K (86%)
----------------- Invoking toplevel() on ptolemy.moml.MoMLSimpleApplication@3a253df8
----------------- Done invoking toplevel() on ptolemy.moml.MoMLSimpleApplication@3a253df8
reloadAllAccessors: .ComplexDivide

===========================================================================================
----------------- testing Sat Jun 16 01:23:39 UTC 2018 /home/travis/build/icyphy/ptII/ptolemy/actor/lib/test/auto/ComputeHistogram.xml
----------------- Instantiating /home/travis/build/icyphy/ptII/ptolemy/actor/lib/test/auto/ComputeHistogram.xml
27 ms. Memory: 720384K Free: 600446K (83%)
----------------- Invoking toplevel() on ptolemy.moml.MoMLSimpleApplication@3f1f9f3e
----------------- Done invoking toplevel() on ptolemy.moml.MoMLSimpleApplication@3f1f9f3e
reloadAllAccessors: .ComputeHistogram

===========================================================================================
----------------- testing Sat Jun 16 01:23:39 UTC 2018 /home/travis/build/icyphy/ptII/ptolemy/actor/lib/test/auto/ConfigurationSelect.xml
----------------- Instantiating /home/travis/build/icyphy/ptII/ptolemy/actor/lib/test/auto/ConfigurationSelect.xml
2 ms. Memory: 720384K Free: 586484K (81%)
----------------- Invoking toplevel() on ptolemy.moml.MoMLSimpleApplication@2c1af9e6
----------------- Done invoking toplevel() on ptolemy.moml.MoMLSimpleApplication@2c1af9e6
reloadAllAccessors: .ConfigurationSelect

===========================================================================================
----------------- testing Sat Jun 16 01:23:39 UTC 2018 /home/travis/build/icyphy/ptII/ptolemy/actor/lib/test/auto/ConfigurationSelect2.xml
----------------- Instantiating /home/travis/build/icyphy/ptII/ptolemy/actor/lib/test/auto/ConfigurationSelect2.xml
2 ms. Memory: 720384K Free: 578203K (80%)
----------------- Invoking toplevel() on ptolemy.moml.MoMLSimpleApplication@51157919
----------------- Done invoking toplevel() on ptolemy.moml.MoMLSimpleApplication@51157919
reloadAllAccessors: .ConfigurationSelect2

===========================================================================================
----------------- testing Sat Jun 16 01:23:39 UTC 2018 /home/travis/build/icyphy/ptII/ptolemy/actor/lib/test/auto/ConfigurationSwitch.xml
----------------- Instantiating /home/travis/build/icyphy/ptII/ptolemy/actor/lib/test/auto/ConfigurationSwitch.xml
2 ms. Memory: 720384K Free: 564241K (78%)
----------------- Invoking toplevel() on ptolemy.moml.MoMLSimpleApplication@31e98776
----------------- Done invoking toplevel() on ptolemy.moml.MoMLSimpleApplication@31e98776
reloadAllAccessors: .ConfigurationSwitch

===========================================================================================
----------------- testing Sat Jun 16 01:23:39 UTC 2018 /home/travis/build/icyphy/ptII/ptolemy/actor/lib/test/auto/ConfigurationSwitch2.xml
----------------- Instantiating /home/travis/build/icyphy/ptII/ptolemy/actor/lib/test/auto/ConfigurationSwitch2.xml
1 ms. Memory: 720384K Free: 555960K (77%)
----------------- Invoking toplevel() on ptolemy.moml.MoMLSimpleApplication@7da12e95
----------------- Done invoking toplevel() on ptolemy.moml.MoMLSimpleApplication@7da12e95
reloadAllAccessors: .ConfigurationSwitch2

===========================================================================================
----------------- testing Sat Jun 16 01:23:39 UTC 2018 /home/travis/build/icyphy/ptII/ptolemy/actor/lib/test/auto/ConfigurationSwitchCloningBugWithClassRelationGroup.xml
----------------- Instantiating /home/travis/build/icyphy/ptII/ptolemy/actor/lib/test/auto/ConfigurationSwitchCloningBugWithClassRelationGroup.xml
1 ms. Memory: 720384K Free: 537842K (75%)
----------------- Invoking toplevel() on ptolemy.moml.MoMLSimpleApplication@5c49fee9
----------------- Done invoking toplevel() on ptolemy.moml.MoMLSimpleApplication@5c49fee9
reloadAllAccessors: .ConfigurationSwitchCloningBugWithClassRelationGroup

===========================================================================================
----------------- testing Sat Jun 16 01:23:39 UTC 2018 /home/travis/build/icyphy/ptII/ptolemy/actor/lib/test/auto/ConfigurationSwitchSelectSDF.xml
----------------- Instantiating /home/travis/build/icyphy/ptII/ptolemy/actor/lib/test/auto/ConfigurationSwitchSelectSDF.xml
3 ms. Memory: 720384K Free: 529561K (74%)
----------------- Invoking toplevel() on ptolemy.moml.MoMLSimpleApplication@5d31bf8a
----------------- Done invoking toplevel() on ptolemy.moml.MoMLSimpleApplication@5d31bf8a
reloadAllAccessors: .ConfigurationSwitchSelectSDF

===========================================================================================
----------------- testing Sat Jun 16 01:23:39 UTC 2018 /home/travis/build/icyphy/ptII/ptolemy/actor/lib/test/auto/ConfigurationSwitchSelectSDF2.xml
----------------- Instantiating /home/travis/build/icyphy/ptII/ptolemy/actor/lib/test/auto/ConfigurationSwitchSelectSDF2.xml
2 ms. Memory: 720384K Free: 521280K (72%)
----------------- Invoking toplevel() on ptolemy.moml.MoMLSimpleApplication@4031f817
----------------- Done invoking toplevel() on ptolemy.moml.MoMLSimpleApplication@4031f817
reloadAllAccessors: .ConfigurationSwitchSelectSDF2

===========================================================================================
----------------- testing Sat Jun 16 01:23:39 UTC 2018 /home/travis/build/icyphy/ptII/ptolemy/actor/lib/test/auto/Const.xml
----------------- Instantiating /home/travis/build/icyphy/ptII/ptolemy/actor/lib/test/auto/Const.xml
1 ms. Memory: 720384K Free: 507318K (70%)
----------------- Invoking toplevel() on ptolemy.moml.MoMLSimpleApplication@7e0e4b3b
----------------- Done invoking toplevel() on ptolemy.moml.MoMLSimpleApplication@7e0e4b3b
reloadAllAccessors: .Const

===========================================================================================
----------------- testing Sat Jun 16 01:23:39 UTC 2018 /home/travis/build/icyphy/ptII/ptolemy/actor/lib/test/auto/Const2.xml
----------------- Instantiating /home/travis/build/icyphy/ptII/ptolemy/actor/lib/test/auto/Const2.xml
2 ms. Memory: 720384K Free: 499037K (69%)
----------------- Invoking toplevel() on ptolemy.moml.MoMLSimpleApplication@31dc38e8
----------------- Done invoking toplevel() on ptolemy.moml.MoMLSimpleApplication@31dc38e8
reloadAllAccessors: .Const2

===========================================================================================
----------------- testing Sat Jun 16 01:23:39 UTC 2018 /home/travis/build/icyphy/ptII/ptolemy/actor/lib/test/auto/Const3.xml
----------------- Instantiating /home/travis/build/icyphy/ptII/ptolemy/actor/lib/test/auto/Const3.xml
1 ms. Memory: 720384K Free: 485075K (67%)
----------------- Invoking toplevel() on ptolemy.moml.MoMLSimpleApplication@6faaccae
----------------- Done invoking toplevel() on ptolemy.moml.MoMLSimpleApplication@6faaccae
reloadAllAccessors: .Const3

===========================================================================================
----------------- testing Sat Jun 16 01:23:39 UTC 2018 /home/travis/build/icyphy/ptII/ptolemy/actor/lib/test/auto/ConstantPublisherPort1.xml
----------------- Instantiating /home/travis/build/icyphy/ptII/ptolemy/actor/lib/test/auto/ConstantPublisherPort1.xml
6 ms. Memory: 720384K Free: 472638K (66%)
----------------- Invoking toplevel() on ptolemy.moml.MoMLSimpleApplication@5bd75ef6
----------------- Done invoking toplevel() on ptolemy.moml.MoMLSimpleApplication@5bd75ef6
reloadAllAccessors: .ConstantPublisherPort1

===========================================================================================
----------------- testing Sat Jun 16 01:23:39 UTC 2018 /home/travis/build/icyphy/ptII/ptolemy/actor/lib/test/auto/ConstantPublisherPort2.xml
----------------- Instantiating /home/travis/build/icyphy/ptII/ptolemy/actor/lib/test/auto/ConstantPublisherPort2.xml
9 ms. Memory: 720384K Free: 460201K (64%)
----------------- Invoking toplevel() on ptolemy.moml.MoMLSimpleApplication@7682e188
----------------- Done invoking toplevel() on ptolemy.moml.MoMLSimpleApplication@7682e188
reloadAllAccessors: .ConstantPublisherPort2

===========================================================================================
----------------- testing Sat Jun 16 01:23:39 UTC 2018 /home/travis/build/icyphy/ptII/ptolemy/actor/lib/test/auto/ConstantPublisherPort3.xml
----------------- Instantiating /home/travis/build/icyphy/ptII/ptolemy/actor/lib/test/auto/ConstantPublisherPort3.xml
6 ms. Memory: 720384K Free: 442098K (61%)
----------------- Invoking toplevel() on ptolemy.moml.MoMLSimpleApplication@6127e1c5
----------------- Done invoking toplevel() on ptolemy.moml.MoMLSimpleApplication@6127e1c5
reloadAllAccessors: .ConstantPublisherPort3

===========================================================================================
----------------- testing Sat Jun 16 01:23:40 UTC 2018 /home/travis/build/icyphy/ptII/ptolemy/actor/lib/test/auto/ConstantPublisherPort4.xml
----------------- Instantiating /home/travis/build/icyphy/ptII/ptolemy/actor/lib/test/auto/ConstantPublisherPort4.xml
2 ms. Memory: 720384K Free: 429661K (60%)
----------------- Invoking toplevel() on ptolemy.moml.MoMLSimpleApplication@29f5d264
----------------- Done invoking toplevel() on ptolemy.moml.MoMLSimpleApplication@29f5d264
reloadAllAccessors: .ConstantPublisherPort4

===========================================================================================
----------------- testing Sat Jun 16 01:23:40 UTC 2018 /home/travis/build/icyphy/ptII/ptolemy/actor/lib/test/auto/ConstantPublisherPort5.xml
----------------- Instantiating /home/travis/build/icyphy/ptII/ptolemy/actor/lib/test/auto/ConstantPublisherPort5.xml
33 ms. Memory: 720384K Free: 403261K (56%)
----------------- Invoking toplevel() on ptolemy.moml.MoMLSimpleApplication@723751b5
----------------- Done invoking toplevel() on ptolemy.moml.MoMLSimpleApplication@723751b5
reloadAllAccessors: .ConstantPublisherPort5

===========================================================================================
----------------- testing Sat Jun 16 01:23:40 UTC 2018 /home/travis/build/icyphy/ptII/ptolemy/actor/lib/test/auto/ConstantPublisherPort6.xml
----------------- Instantiating /home/travis/build/icyphy/ptII/ptolemy/actor/lib/test/auto/ConstantPublisherPort6.xml
13 ms. Memory: 720384K Free: 378403K (53%)
----------------- Invoking toplevel() on ptolemy.moml.MoMLSimpleApplication@2481c133
----------------- Done invoking toplevel() on ptolemy.moml.MoMLSimpleApplication@2481c133
reloadAllAccessors: .ConstantPublisherPort6

===========================================================================================
----------------- testing Sat Jun 16 01:23:40 UTC 2018 /home/travis/build/icyphy/ptII/ptolemy/actor/lib/test/auto/ConstantPublisherPort7.xml
----------------- Instantiating /home/travis/build/icyphy/ptII/ptolemy/actor/lib/test/auto/ConstantPublisherPort7.xml
12 ms. Memory: 720384K Free: 353560K (49%)
----------------- Invoking toplevel() on ptolemy.moml.MoMLSimpleApplication@4d13b785
----------------- Done invoking toplevel() on ptolemy.moml.MoMLSimpleApplication@4d13b785
reloadAllAccessors: .ConstantPublisherPort7

===========================================================================================
----------------- testing Sat Jun 16 01:23:40 UTC 2018 /home/travis/build/icyphy/ptII/ptolemy/actor/lib/test/auto/ConstraintMonitor1.xml
----------------- Instantiating /home/travis/build/icyphy/ptII/ptolemy/actor/lib/test/auto/ConstraintMonitor1.xml
9 ms. Memory: 720384K Free: 339597K (47%)
----------------- Invoking toplevel() on ptolemy.moml.MoMLSimpleApplication@279f4744
----------------- Done invoking toplevel() on ptolemy.moml.MoMLSimpleApplication@279f4744
reloadAllAccessors: .ConstraintMonitor1

===========================================================================================
----------------- testing Sat Jun 16 01:23:40 UTC 2018 /home/travis/build/icyphy/ptII/ptolemy/actor/lib/test/auto/ConstraintMonitor2.xml
----------------- Instantiating /home/travis/build/icyphy/ptII/ptolemy/actor/lib/test/auto/ConstraintMonitor2.xml
6 ms. Memory: 720384K Free: 331317K (46%)
----------------- Invoking toplevel() on ptolemy.moml.MoMLSimpleApplication@45bc1bcc
----------------- Done invoking toplevel() on ptolemy.moml.MoMLSimpleApplication@45bc1bcc
reloadAllAccessors: .ConstraintMonitor2

===========================================================================================
----------------- testing Sat Jun 16 01:23:40 UTC 2018 /home/travis/build/icyphy/ptII/ptolemy/actor/lib/test/auto/ConstraintMonitor3.xml
----------------- Instantiating /home/travis/build/icyphy/ptII/ptolemy/actor/lib/test/auto/ConstraintMonitor3.xml
6 ms. Memory: 720384K Free: 317354K (44%)
----------------- Invoking toplevel() on ptolemy.moml.MoMLSimpleApplication@5e9707b6
----------------- Done invoking toplevel() on ptolemy.moml.MoMLSimpleApplication@5e9707b6
reloadAllAccessors: .ConstraintMonitor3

===========================================================================================
----------------- testing Sat Jun 16 01:23:40 UTC 2018 /home/travis/build/icyphy/ptII/ptolemy/actor/lib/test/auto/ConstraintMonitor4.xml
----------------- Instantiating /home/travis/build/icyphy/ptII/ptolemy/actor/lib/test/auto/ConstraintMonitor4.xml
2 ms. Memory: 720384K Free: 309074K (43%)
----------------- Invoking toplevel() on ptolemy.moml.MoMLSimpleApplication@4159d3ce
----------------- Done invoking toplevel() on ptolemy.moml.MoMLSimpleApplication@4159d3ce
reloadAllAccessors: .ConstraintMonitor4

===========================================================================================
----------------- testing Sat Jun 16 01:23:40 UTC 2018 /home/travis/build/icyphy/ptII/ptolemy/actor/lib/test/auto/ConstraintMonitor5.xml
----------------- Instantiating /home/travis/build/icyphy/ptII/ptolemy/actor/lib/test/auto/ConstraintMonitor5.xml
2 ms. Memory: 720384K Free: 300793K (42%)
----------------- Invoking toplevel() on ptolemy.moml.MoMLSimpleApplication@218e8735
----------------- Done invoking toplevel() on ptolemy.moml.MoMLSimpleApplication@218e8735
reloadAllAccessors: .ConstraintMonitor5

===========================================================================================
----------------- testing Sat Jun 16 01:23:40 UTC 2018 /home/travis/build/icyphy/ptII/ptolemy/actor/lib/test/auto/ConstraintMonitor6.xml
----------------- Instantiating /home/travis/build/icyphy/ptII/ptolemy/actor/lib/test/auto/ConstraintMonitor6.xml
7 ms. Memory: 720384K Free: 286831K (40%)
----------------- Invoking toplevel() on ptolemy.moml.MoMLSimpleApplication@43bfca62
----------------- Done invoking toplevel() on ptolemy.moml.MoMLSimpleApplication@43bfca62
reloadAllAccessors: .ConstraintMonitor6

===========================================================================================
----------------- testing Sat Jun 16 01:23:40 UTC 2018 /home/travis/build/icyphy/ptII/ptolemy/actor/lib/test/auto/ConstraintMonitor7.xml
----------------- Instantiating /home/travis/build/icyphy/ptII/ptolemy/actor/lib/test/auto/ConstraintMonitor7.xml
7 ms. Memory: 720384K Free: 274401K (38%)
----------------- Invoking toplevel() on ptolemy.moml.MoMLSimpleApplication@196ca980
----------------- Done invoking toplevel() on ptolemy.moml.MoMLSimpleApplication@196ca980
reloadAllAccessors: .ConstraintMonitor7

===========================================================================================
----------------- testing Sat Jun 16 01:23:40 UTC 2018 /home/travis/build/icyphy/ptII/ptolemy/actor/lib/test/auto/ConstraintMonitor8.xml
----------------- Instantiating /home/travis/build/icyphy/ptII/ptolemy/actor/lib/test/auto/ConstraintMonitor8.xml
9 ms. Memory: 720384K Free: 256283K (36%)
----------------- Invoking toplevel() on ptolemy.moml.MoMLSimpleApplication@32ae3b6c
----------------- Done invoking toplevel() on ptolemy.moml.MoMLSimpleApplication@32ae3b6c
reloadAllAccessors: .ConstraintMonitor8

===========================================================================================
----------------- testing Sat Jun 16 01:23:40 UTC 2018 /home/travis/build/icyphy/ptII/ptolemy/actor/lib/test/auto/Counter.xml
----------------- Instantiating /home/travis/build/icyphy/ptII/ptolemy/actor/lib/test/auto/Counter.xml
3 ms. Memory: 720384K Free: 248002K (34%)
----------------- Invoking toplevel() on ptolemy.moml.MoMLSimpleApplication@2b9aa0f7
----------------- Done invoking toplevel() on ptolemy.moml.MoMLSimpleApplication@2b9aa0f7
reloadAllAccessors: .Counter

===========================================================================================
----------------- testing Sat Jun 16 01:23:40 UTC 2018 /home/travis/build/icyphy/ptII/ptolemy/actor/lib/test/auto/CurrentTimeSDF.xml
----------------- Instantiating /home/travis/build/icyphy/ptII/ptolemy/actor/lib/test/auto/CurrentTimeSDF.xml
2 ms. Memory: 720384K Free: 239721K (33%)
----------------- Invoking toplevel() on ptolemy.moml.MoMLSimpleApplication@32eff96c
----------------- Done invoking toplevel() on ptolemy.moml.MoMLSimpleApplication@32eff96c
reloadAllAccessors: .CurrentTimeSDF

===========================================================================================
----------------- testing Sat Jun 16 01:23:40 UTC 2018 /home/travis/build/icyphy/ptII/ptolemy/actor/lib/test/auto/DB.xml
----------------- Instantiating /home/travis/build/icyphy/ptII/ptolemy/actor/lib/test/auto/DB.xml
1 ms. Memory: 720384K Free: 225759K (31%)
----------------- Invoking toplevel() on ptolemy.moml.MoMLSimpleApplication@2a3173d
----------------- Done invoking toplevel() on ptolemy.moml.MoMLSimpleApplication@2a3173d
reloadAllAccessors: .DB

===========================================================================================
----------------- testing Sat Jun 16 01:23:40 UTC 2018 /home/travis/build/icyphy/ptII/ptolemy/actor/lib/test/auto/DBDE.xml
----------------- Instantiating /home/travis/build/icyphy/ptII/ptolemy/actor/lib/test/auto/DBDE.xml
2 ms. Memory: 720384K Free: 217478K (30%)
----------------- Invoking toplevel() on ptolemy.moml.MoMLSimpleApplication@70645976
----------------- Done invoking toplevel() on ptolemy.moml.MoMLSimpleApplication@70645976
reloadAllAccessors: .DBDE

===========================================================================================
----------------- testing Sat Jun 16 01:23:40 UTC 2018 /home/travis/build/icyphy/ptII/ptolemy/actor/lib/test/auto/DateConstructor.xml
----------------- Instantiating /home/travis/build/icyphy/ptII/ptolemy/actor/lib/test/auto/DateConstructor.xml
14 ms. Memory: 720384K Free: 191078K (27%)
----------------- Invoking toplevel() on ptolemy.moml.MoMLSimpleApplication@28e93a2a
----------------- Done invoking toplevel() on ptolemy.moml.MoMLSimpleApplication@28e93a2a
reloadAllAccessors: .DateConstructor

===========================================================================================
----------------- testing Sat Jun 16 01:23:40 UTC 2018 /home/travis/build/icyphy/ptII/ptolemy/actor/lib/test/auto/DelayTime.xml
----------------- Instantiating /home/travis/build/icyphy/ptII/ptolemy/actor/lib/test/auto/DelayTime.xml
3 ms. Memory: 720384K Free: 182798K (25%)
----------------- Invoking toplevel() on ptolemy.moml.MoMLSimpleApplication@16b05980
----------------- Done invoking toplevel() on ptolemy.moml.MoMLSimpleApplication@16b05980
reloadAllAccessors: .DelayTime

===========================================================================================
----------------- testing Sat Jun 16 01:23:40 UTC 2018 /home/travis/build/icyphy/ptII/ptolemy/actor/lib/test/auto/Dictionary1.xml
----------------- Instantiating /home/travis/build/icyphy/ptII/ptolemy/actor/lib/test/auto/Dictionary1.xml
3 ms. Memory: 720384K Free: 174517K (24%)
----------------- Invoking toplevel() on ptolemy.moml.MoMLSimpleApplication@33d3524a
----------------- Done invoking toplevel() on ptolemy.moml.MoMLSimpleApplication@33d3524a
reloadAllAccessors: .Dictionary1

===========================================================================================
----------------- testing Sat Jun 16 01:23:40 UTC 2018 /home/travis/build/icyphy/ptII/ptolemy/actor/lib/test/auto/Dictionary2.xml
----------------- Instantiating /home/travis/build/icyphy/ptII/ptolemy/actor/lib/test/auto/Dictionary2.xml
1 ms. Memory: 720384K Free: 160554K (22%)
----------------- Invoking toplevel() on ptolemy.moml.MoMLSimpleApplication@6eaa8de2
----------------- Done invoking toplevel() on ptolemy.moml.MoMLSimpleApplication@6eaa8de2
reloadAllAccessors: .Dictionary2

===========================================================================================
----------------- testing Sat Jun 16 01:23:40 UTC 2018 /home/travis/build/icyphy/ptII/ptolemy/actor/lib/test/auto/Dictionary3.xml
----------------- Instantiating /home/travis/build/icyphy/ptII/ptolemy/actor/lib/test/auto/Dictionary3.xml
1 ms. Memory: 720384K Free: 152274K (21%)
----------------- Invoking toplevel() on ptolemy.moml.MoMLSimpleApplication@6c1bef27
----------------- Done invoking toplevel() on ptolemy.moml.MoMLSimpleApplication@6c1bef27
reloadAllAccessors: .Dictionary3

===========================================================================================
----------------- testing Sat Jun 16 01:23:40 UTC 2018 /home/travis/build/icyphy/ptII/ptolemy/actor/lib/test/auto/Dictionary4.xml
----------------- Instantiating /home/travis/build/icyphy/ptII/ptolemy/actor/lib/test/auto/Dictionary4.xml
3 ms. Memory: 720384K Free: 134155K (19%)
----------------- Invoking toplevel() on ptolemy.moml.MoMLSimpleApplication@19ee03ed
----------------- Done invoking toplevel() on ptolemy.moml.MoMLSimpleApplication@19ee03ed
reloadAllAccessors: .Dictionary4

===========================================================================================
----------------- testing Sat Jun 16 01:23:40 UTC 2018 /home/travis/build/icyphy/ptII/ptolemy/actor/lib/test/auto/Differential.xml
----------------- Instantiating /home/travis/build/icyphy/ptII/ptolemy/actor/lib/test/auto/Differential.xml
2 ms. Memory: 720384K Free: 125874K (17%)
----------------- Invoking toplevel() on ptolemy.moml.MoMLSimpleApplication@174fdca
----------------- Done invoking toplevel() on ptolemy.moml.MoMLSimpleApplication@174fdca
reloadAllAccessors: .Differential

===========================================================================================
----------------- testing Sat Jun 16 01:23:40 UTC 2018 /home/travis/build/icyphy/ptII/ptolemy/actor/lib/test/auto/Director.xml
----------------- Instantiating /home/travis/build/icyphy/ptII/ptolemy/actor/lib/test/auto/Director.xml
2 ms. Memory: 720384K Free: 117593K (16%)
----------------- Invoking toplevel() on ptolemy.moml.MoMLSimpleApplication@645456c
----------------- Done invoking toplevel() on ptolemy.moml.MoMLSimpleApplication@645456c
reloadAllAccessors: .Director

===========================================================================================
----------------- testing Sat Jun 16 01:23:40 UTC 2018 /home/travis/build/icyphy/ptII/ptolemy/actor/lib/test/auto/DiscreteClock.xml
----------------- Instantiating /home/travis/build/icyphy/ptII/ptolemy/actor/lib/test/auto/DiscreteClock.xml
2 ms. Memory: 720384K Free: 103631K (14%)
----------------- Invoking toplevel() on ptolemy.moml.MoMLSimpleApplication@433bb4a8
----------------- Done invoking toplevel() on ptolemy.moml.MoMLSimpleApplication@433bb4a8
reloadAllAccessors: .DiscreteClock

===========================================================================================
----------------- testing Sat Jun 16 01:23:40 UTC 2018 /home/travis/build/icyphy/ptII/ptolemy/actor/lib/test/auto/DiscreteClock10.xml
----------------- Instantiating /home/travis/build/icyphy/ptII/ptolemy/actor/lib/test/auto/DiscreteClock10.xml
2 ms. Memory: 720384K Free: 95350K (13%)
----------------- Invoking toplevel() on ptolemy.moml.MoMLSimpleApplication@4906a379
----------------- Done invoking toplevel() on ptolemy.moml.MoMLSimpleApplication@4906a379
reloadAllAccessors: .DiscreteClock10

===========================================================================================
----------------- testing Sat Jun 16 01:23:40 UTC 2018 /home/travis/build/icyphy/ptII/ptolemy/actor/lib/test/auto/DiscreteClock11.xml
----------------- Instantiating /home/travis/build/icyphy/ptII/ptolemy/actor/lib/test/auto/DiscreteClock11.xml
2 ms. Memory: 720384K Free: 81388K (11%)
----------------- Invoking toplevel() on ptolemy.moml.MoMLSimpleApplication@21980c21
----------------- Done invoking toplevel() on ptolemy.moml.MoMLSimpleApplication@21980c21
reloadAllAccessors: .DiscreteClock11

===========================================================================================
----------------- testing Sat Jun 16 01:23:40 UTC 2018 /home/travis/build/icyphy/ptII/ptolemy/actor/lib/test/auto/DiscreteClock12.xml
----------------- Instantiating /home/travis/build/icyphy/ptII/ptolemy/actor/lib/test/auto/DiscreteClock12.xml
3 ms. Memory: 720384K Free: 73107K (10%)
----------------- Invoking toplevel() on ptolemy.moml.MoMLSimpleApplication@75073a8c
----------------- Done invoking toplevel() on ptolemy.moml.MoMLSimpleApplication@75073a8c
reloadAllAccessors: .DiscreteClock12

===========================================================================================
----------------- testing Sat Jun 16 01:23:40 UTC 2018 /home/travis/build/icyphy/ptII/ptolemy/actor/lib/test/auto/DiscreteClock13.xml
----------------- Instantiating /home/travis/build/icyphy/ptII/ptolemy/actor/lib/test/auto/DiscreteClock13.xml
3 ms. Memory: 720384K Free: 59164K (8%)
----------------- Invoking toplevel() on ptolemy.moml.MoMLSimpleApplication@3a8b072b
----------------- Done invoking toplevel() on ptolemy.moml.MoMLSimpleApplication@3a8b072b
reloadAllAccessors: .DiscreteClock13

===========================================================================================
----------------- testing Sat Jun 16 01:23:40 UTC 2018 /home/travis/build/icyphy/ptII/ptolemy/actor/lib/test/auto/DiscreteClock14.xml
----------------- Instantiating /home/travis/build/icyphy/ptII/ptolemy/actor/lib/test/auto/DiscreteClock14.xml
7 ms. Memory: 1092608K Free: 1025122K (94%)
----------------- Invoking toplevel() on ptolemy.moml.MoMLSimpleApplication@43a5fbdd
----------------- Done invoking toplevel() on ptolemy.moml.MoMLSimpleApplication@43a5fbdd
reloadAllAccessors: .DiscreteClock14

===========================================================================================
----------------- testing Sat Jun 16 01:23:40 UTC 2018 /home/travis/build/icyphy/ptII/ptolemy/actor/lib/test/auto/DiscreteClock15.xml
----------------- Instantiating /home/travis/build/icyphy/ptII/ptolemy/actor/lib/test/auto/DiscreteClock15.xml
6 ms. Memory: 1092608K Free: 998086K (91%)
----------------- Invoking toplevel() on ptolemy.moml.MoMLSimpleApplication@2c766206
----------------- Done invoking toplevel() on ptolemy.moml.MoMLSimpleApplication@2c766206
reloadAllAccessors: .DiscreteClock15

===========================================================================================
----------------- testing Sat Jun 16 01:23:40 UTC 2018 /home/travis/build/icyphy/ptII/ptolemy/actor/lib/test/auto/DiscreteClock16.xml
----------------- Instantiating /home/travis/build/icyphy/ptII/ptolemy/actor/lib/test/auto/DiscreteClock16.xml
18 ms. Memory: 1092608K Free: 968256K (89%)
----------------- Invoking toplevel() on ptolemy.moml.MoMLSimpleApplication@41927093
----------------- Done invoking toplevel() on ptolemy.moml.MoMLSimpleApplication@41927093
reloadAllAccessors: .DiscreteClock16

===========================================================================================
----------------- testing Sat Jun 16 01:23:40 UTC 2018 /home/travis/build/icyphy/ptII/ptolemy/actor/lib/test/auto/DiscreteClock17.xml
----------------- Instantiating /home/travis/build/icyphy/ptII/ptolemy/actor/lib/test/auto/DiscreteClock17.xml
17 ms. Memory: 1092608K Free: 938442K (86%)
----------------- Invoking toplevel() on ptolemy.moml.MoMLSimpleApplication@41c03d12
----------------- Done invoking toplevel() on ptolemy.moml.MoMLSimpleApplication@41c03d12
reloadAllAccessors: .DiscreteClock17

===========================================================================================
----------------- testing Sat Jun 16 01:23:40 UTC 2018 /home/travis/build/icyphy/ptII/ptolemy/actor/lib/test/auto/DiscreteClock18.xml
----------------- Instantiating /home/travis/build/icyphy/ptII/ptolemy/actor/lib/test/auto/DiscreteClock18.xml
25 ms. Memory: 1092608K Free: 901453K (83%)
----------------- Invoking toplevel() on ptolemy.moml.MoMLSimpleApplication@6bfc26af
----------------- Done invoking toplevel() on ptolemy.moml.MoMLSimpleApplication@6bfc26af
reloadAllAccessors: .DiscreteClock18

===========================================================================================
----------------- testing Sat Jun 16 01:23:40 UTC 2018 /home/travis/build/icyphy/ptII/ptolemy/actor/lib/test/auto/DiscreteClock19.xml
----------------- Instantiating /home/travis/build/icyphy/ptII/ptolemy/actor/lib/test/auto/DiscreteClock19.xml
13 ms. Memory: 1092608K Free: 871631K (80%)
----------------- Invoking toplevel() on ptolemy.moml.MoMLSimpleApplication@6167a138
----------------- Done invoking toplevel() on ptolemy.moml.MoMLSimpleApplication@6167a138
reloadAllAccessors: .DiscreteClock19

===========================================================================================
----------------- testing Sat Jun 16 01:23:40 UTC 2018 /home/travis/build/icyphy/ptII/ptolemy/actor/lib/test/auto/DiscreteClock2.xml
----------------- Instantiating /home/travis/build/icyphy/ptII/ptolemy/actor/lib/test/auto/DiscreteClock2.xml
5 ms. Memory: 1092608K Free: 851755K (78%)
----------------- Invoking toplevel() on ptolemy.moml.MoMLSimpleApplication@4e8d448d
----------------- Done invoking toplevel() on ptolemy.moml.MoMLSimpleApplication@4e8d448d
reloadAllAccessors: .DiscreteClock2

===========================================================================================
----------------- testing Sat Jun 16 01:23:41 UTC 2018 /home/travis/build/icyphy/ptII/ptolemy/actor/lib/test/auto/DiscreteClock20.xml
----------------- Instantiating /home/travis/build/icyphy/ptII/ptolemy/actor/lib/test/auto/DiscreteClock20.xml
12 ms. Memory: 1092608K Free: 824719K (75%)
----------------- Invoking toplevel() on ptolemy.moml.MoMLSimpleApplication@5664a7ba
----------------- Done invoking toplevel() on ptolemy.moml.MoMLSimpleApplication@5664a7ba
reloadAllAccessors: .DiscreteClock20

===========================================================================================
----------------- testing Sat Jun 16 01:23:41 UTC 2018 /home/travis/build/icyphy/ptII/ptolemy/actor/lib/test/auto/DiscreteClock21.xml
----------------- Instantiating /home/travis/build/icyphy/ptII/ptolemy/actor/lib/test/auto/DiscreteClock21.xml
2 ms. Memory: 1092608K Free: 804844K (74%)
----------------- Invoking toplevel() on ptolemy.moml.MoMLSimpleApplication@4e6ae41d
----------------- Done invoking toplevel() on ptolemy.moml.MoMLSimpleApplication@4e6ae41d
reloadAllAccessors: .DiscreteClock21

===========================================================================================
----------------- testing Sat Jun 16 01:23:41 UTC 2018 /home/travis/build/icyphy/ptII/ptolemy/actor/lib/test/auto/DiscreteClock22.xml
----------------- Instantiating /home/travis/build/icyphy/ptII/ptolemy/actor/lib/test/auto/DiscreteClock22.xml
2 ms. Memory: 1092608K Free: 784968K (72%)
----------------- Invoking toplevel() on ptolemy.moml.MoMLSimpleApplication@700e1653
----------------- Done invoking toplevel() on ptolemy.moml.MoMLSimpleApplication@700e1653
reloadAllAccessors: .DiscreteClock22

===========================================================================================
----------------- testing Sat Jun 16 01:23:41 UTC 2018 /home/travis/build/icyphy/ptII/ptolemy/actor/lib/test/auto/DiscreteClock23.xml
----------------- Instantiating /home/travis/build/icyphy/ptII/ptolemy/actor/lib/test/auto/DiscreteClock23.xml
2 ms. Memory: 1092608K Free: 757932K (69%)
----------------- Invoking toplevel() on ptolemy.moml.MoMLSimpleApplication@16ac6504
----------------- Done invoking toplevel() on ptolemy.moml.MoMLSimpleApplication@16ac6504
reloadAllAccessors: .DiscreteClock23

===========================================================================================
----------------- testing Sat Jun 16 01:23:41 UTC 2018 /home/travis/build/icyphy/ptII/ptolemy/actor/lib/test/auto/DiscreteClock24.xml
----------------- Instantiating /home/travis/build/icyphy/ptII/ptolemy/actor/lib/test/auto/DiscreteClock24.xml
3 ms. Memory: 1113088K Free: 1047543K (94%)
----------------- Invoking toplevel() on ptolemy.moml.MoMLSimpleApplication@121c7bdb
----------------- Done invoking toplevel() on ptolemy.moml.MoMLSimpleApplication@121c7bdb
reloadAllAccessors: .DiscreteClock24

===========================================================================================
----------------- testing Sat Jun 16 01:23:41 UTC 2018 /home/travis/build/icyphy/ptII/ptolemy/actor/lib/test/auto/DiscreteClock4.xml
----------------- Instantiating /home/travis/build/icyphy/ptII/ptolemy/actor/lib/test/auto/DiscreteClock4.xml
2 ms. Memory: 1113088K Free: 1027132K (92%)
----------------- Invoking toplevel() on ptolemy.moml.MoMLSimpleApplication@2660467
----------------- Done invoking toplevel() on ptolemy.moml.MoMLSimpleApplication@2660467
reloadAllAccessors: .DiscreteClock4

===========================================================================================
----------------- testing Sat Jun 16 01:23:41 UTC 2018 /home/travis/build/icyphy/ptII/ptolemy/actor/lib/test/auto/DiscreteClock5.xml
----------------- Instantiating /home/travis/build/icyphy/ptII/ptolemy/actor/lib/test/auto/DiscreteClock5.xml
2 ms. Memory: 1113088K Free: 1013882K (91%)
----------------- Invoking toplevel() on ptolemy.moml.MoMLSimpleApplication@428b2ecb
----------------- Done invoking toplevel() on ptolemy.moml.MoMLSimpleApplication@428b2ecb
reloadAllAccessors: .DiscreteClock5

===========================================================================================
----------------- testing Sat Jun 16 01:23:41 UTC 2018 /home/travis/build/icyphy/ptII/ptolemy/actor/lib/test/auto/DiscreteClock6.xml
----------------- Instantiating /home/travis/build/icyphy/ptII/ptolemy/actor/lib/test/auto/DiscreteClock6.xml
1 ms. Memory: 1113088K Free: 1000631K (90%)
----------------- Invoking toplevel() on ptolemy.moml.MoMLSimpleApplication@718842fe
----------------- Done invoking toplevel() on ptolemy.moml.MoMLSimpleApplication@718842fe
reloadAllAccessors: .DiscreteClock6

===========================================================================================
----------------- testing Sat Jun 16 01:23:41 UTC 2018 /home/travis/build/icyphy/ptII/ptolemy/actor/lib/test/auto/DiscreteClock7.xml
----------------- Instantiating /home/travis/build/icyphy/ptII/ptolemy/actor/lib/test/auto/DiscreteClock7.xml
1 ms. Memory: 1113088K Free: 980221K (88%)
----------------- Invoking toplevel() on ptolemy.moml.MoMLSimpleApplication@19e1f5b3
----------------- Done invoking toplevel() on ptolemy.moml.MoMLSimpleApplication@19e1f5b3
reloadAllAccessors: .DiscreteClock7

===========================================================================================
----------------- testing Sat Jun 16 01:23:41 UTC 2018 /home/travis/build/icyphy/ptII/ptolemy/actor/lib/test/auto/DiscreteClock8.xml
----------------- Instantiating /home/travis/build/icyphy/ptII/ptolemy/actor/lib/test/auto/DiscreteClock8.xml
4 ms. Memory: 1113088K Free: 966970K (87%)
----------------- Invoking toplevel() on ptolemy.moml.MoMLSimpleApplication@502d69a
----------------- Done invoking toplevel() on ptolemy.moml.MoMLSimpleApplication@502d69a
reloadAllAccessors: .DiscreteClock8

===========================================================================================
----------------- testing Sat Jun 16 01:23:41 UTC 2018 /home/travis/build/icyphy/ptII/ptolemy/actor/lib/test/auto/DiscreteClock9.xml
----------------- Instantiating /home/travis/build/icyphy/ptII/ptolemy/actor/lib/test/auto/DiscreteClock9.xml
5 ms. Memory: 1113088K Free: 953720K (86%)
----------------- Invoking toplevel() on ptolemy.moml.MoMLSimpleApplication@28a6fcc0
----------------- Done invoking toplevel() on ptolemy.moml.MoMLSimpleApplication@28a6fcc0
reloadAllAccessors: .DiscreteClock9

===========================================================================================
----------------- testing Sat Jun 16 01:23:41 UTC 2018 /home/travis/build/icyphy/ptII/ptolemy/actor/lib/test/auto/DisplayArray.xml
----------------- Instantiating /home/travis/build/icyphy/ptII/ptolemy/actor/lib/test/auto/DisplayArray.xml
2 ms. Memory: 1113088K Free: 933252K (84%)
----------------- Invoking toplevel() on ptolemy.moml.MoMLSimpleApplication@382d06ce
----------------- Done invoking toplevel() on ptolemy.moml.MoMLSimpleApplication@382d06ce
reloadAllAccessors: .DisplayArray

===========================================================================================
----------------- testing Sat Jun 16 01:23:41 UTC 2018 /home/travis/build/icyphy/ptII/ptolemy/actor/lib/test/auto/Distributor.xml
----------------- Instantiating /home/travis/build/icyphy/ptII/ptolemy/actor/lib/test/auto/Distributor.xml
1 ms. Memory: 1113088K Free: 920001K (83%)
----------------- Invoking toplevel() on ptolemy.moml.MoMLSimpleApplication@2524b440
----------------- Done invoking toplevel() on ptolemy.moml.MoMLSimpleApplication@2524b440
reloadAllAccessors: .Distributor

===========================================================================================
----------------- testing Sat Jun 16 01:23:41 UTC 2018 /home/travis/build/icyphy/ptII/ptolemy/actor/lib/test/auto/Distributor2.xml
----------------- Instantiating /home/travis/build/icyphy/ptII/ptolemy/actor/lib/test/auto/Distributor2.xml
1 ms. Memory: 1113088K Free: 906751K (81%)
----------------- Invoking toplevel() on ptolemy.moml.MoMLSimpleApplication@48c235e9
----------------- Done invoking toplevel() on ptolemy.moml.MoMLSimpleApplication@48c235e9
reloadAllAccessors: .Distributor2

===========================================================================================
----------------- testing Sat Jun 16 01:23:41 UTC 2018 /home/travis/build/icyphy/ptII/ptolemy/actor/lib/test/auto/DownSample.xml
----------------- Instantiating /home/travis/build/icyphy/ptII/ptolemy/actor/lib/test/auto/DownSample.xml
2 ms. Memory: 1113088K Free: 886341K (80%)
----------------- Invoking toplevel() on ptolemy.moml.MoMLSimpleApplication@106014d2
----------------- Done invoking toplevel() on ptolemy.moml.MoMLSimpleApplication@106014d2
reloadAllAccessors: .DownSample

===========================================================================================
----------------- testing Sat Jun 16 01:23:41 UTC 2018 /home/travis/build/icyphy/ptII/ptolemy/actor/lib/test/auto/ElectronicUnitBase1.xml
----------------- Instantiating /home/travis/build/icyphy/ptII/ptolemy/actor/lib/test/auto/ElectronicUnitBase1.xml
19 ms. Memory: 1113088K Free: 859815K (77%)
----------------- Invoking toplevel() on ptolemy.moml.MoMLSimpleApplication@47fcf835
----------------- Done invoking toplevel() on ptolemy.moml.MoMLSimpleApplication@47fcf835
reloadAllAccessors: .ElectronicUnitBase1

===========================================================================================
----------------- testing Sat Jun 16 01:23:41 UTC 2018 /home/travis/build/icyphy/ptII/ptolemy/actor/lib/test/auto/ElementsToArray.xml
----------------- Instantiating /home/travis/build/icyphy/ptII/ptolemy/actor/lib/test/auto/ElementsToArray.xml
2 ms. Memory: 1113088K Free: 846565K (76%)
----------------- Invoking toplevel() on ptolemy.moml.MoMLSimpleApplication@2f3b99cf
----------------- Done invoking toplevel() on ptolemy.moml.MoMLSimpleApplication@2f3b99cf
reloadAllAccessors: .ElementsToArray

===========================================================================================
----------------- testing Sat Jun 16 01:23:41 UTC 2018 /home/travis/build/icyphy/ptII/ptolemy/actor/lib/test/auto/Equals.xml
----------------- Instantiating /home/travis/build/icyphy/ptII/ptolemy/actor/lib/test/auto/Equals.xml
1 ms. Memory: 1113088K Free: 826154K (74%)
----------------- Invoking toplevel() on ptolemy.moml.MoMLSimpleApplication@3e29aacc
----------------- Done invoking toplevel() on ptolemy.moml.MoMLSimpleApplication@3e29aacc
reloadAllAccessors: .Equals

===========================================================================================
----------------- testing Sat Jun 16 01:23:41 UTC 2018 /home/travis/build/icyphy/ptII/ptolemy/actor/lib/test/auto/Exec.xml
----------------- Instantiating /home/travis/build/icyphy/ptII/ptolemy/actor/lib/test/auto/Exec.xml
7 ms. Memory: 1113088K Free: 789715K (71%)
----------------- Invoking toplevel() on ptolemy.moml.MoMLSimpleApplication@35172cbf
----------------- Done invoking toplevel() on ptolemy.moml.MoMLSimpleApplication@35172cbf
reloadAllAccessors: .Exec

===========================================================================================
----------------- testing Sat Jun 16 01:23:41 UTC 2018 /home/travis/build/icyphy/ptII/ptolemy/actor/lib/test/auto/ExecEnvironment.xml
----------------- Instantiating /home/travis/build/icyphy/ptII/ptolemy/actor/lib/test/auto/ExecEnvironment.xml
20 ms. Memory: 1113088K Free: 763213K (69%)
----------------- Invoking toplevel() on ptolemy.moml.MoMLSimpleApplication@339d7793
----------------- Done invoking toplevel() on ptolemy.moml.MoMLSimpleApplication@339d7793
reloadAllAccessors: .ExecEnvironment

===========================================================================================
----------------- testing Sat Jun 16 01:23:41 UTC 2018 /home/travis/build/icyphy/ptII/ptolemy/actor/lib/test/auto/ExecNonZeroReturnOutput.xml
----------------- Instantiating /home/travis/build/icyphy/ptII/ptolemy/actor/lib/test/auto/ExecNonZeroReturnOutput.xml
133 ms. Memory: 1113088K Free: 656673K (59%)
----------------- Invoking toplevel() on ptolemy.moml.MoMLSimpleApplication@3b577d43
----------------- Done invoking toplevel() on ptolemy.moml.MoMLSimpleApplication@3b577d43
reloadAllAccessors: .ExecNonZeroReturnOutput

===========================================================================================
----------------- testing Sat Jun 16 01:23:42 UTC 2018 /home/travis/build/icyphy/ptII/ptolemy/actor/lib/test/auto/ExecRunDemos.xml
----------------- Instantiating /home/travis/build/icyphy/ptII/ptolemy/actor/lib/test/auto/ExecRunDemos.xml
Finished: 54 ms. Memory: 116224K Free: 100103K (86%)

Finished: 53 ms. Memory: 116224K Free: 96344K (83%)

Finished: 74 ms. Memory: 116224K Free: 96957K (83%)

Finished: 59 ms. Memory: 116224K Free: 98219K (85%)

Finished: 50 ms. Memory: 116224K Free: 99505K (86%)

9441 ms. Memory: 1113088K Free: 563905K (51%)
----------------- Invoking toplevel() on ptolemy.moml.MoMLSimpleApplication@6c3578c6
----------------- Done invoking toplevel() on ptolemy.moml.MoMLSimpleApplication@6c3578c6
reloadAllAccessors: .ExecRunDemos

===========================================================================================
----------------- testing Sat Jun 16 01:23:51 UTC 2018 /home/travis/build/icyphy/ptII/ptolemy/actor/lib/test/auto/ExecStop.xml
----------------- Instantiating /home/travis/build/icyphy/ptII/ptolemy/actor/lib/test/auto/ExecStop.xml
5013 ms. Memory: 1113088K Free: 371770K (33%)
----------------- Invoking toplevel() on ptolemy.moml.MoMLSimpleApplication@52ef2668
----------------- Done invoking toplevel() on ptolemy.moml.MoMLSimpleApplication@52ef2668
reloadAllAccessors: .ExecStop

===========================================================================================
----------------- testing Sat Jun 16 01:23:56 UTC 2018 /home/travis/build/icyphy/ptII/ptolemy/actor/lib/test/auto/ExecutionTimeSDF.xml
----------------- Instantiating /home/travis/build/icyphy/ptII/ptolemy/actor/lib/test/auto/ExecutionTimeSDF.xml
Fired ExecutionTime: -414967296
Fired ExecutionTime: 918400000
Fired ExecutionTime: -1233367296
6005 ms. Memory: 1113088K Free: 344718K (31%)
----------------- Invoking toplevel() on ptolemy.moml.MoMLSimpleApplication@49af5103
----------------- Done invoking toplevel() on ptolemy.moml.MoMLSimpleApplication@49af5103
reloadAllAccessors: .ExecutionTimeSDF

===========================================================================================
----------------- testing Sat Jun 16 01:24:02 UTC 2018 /home/travis/build/icyphy/ptII/ptolemy/actor/lib/test/auto/Expression1.xml
----------------- Instantiating /home/travis/build/icyphy/ptII/ptolemy/actor/lib/test/auto/Expression1.xml
2 ms. Memory: 1113088K Free: 331468K (30%)
----------------- Invoking toplevel() on ptolemy.moml.MoMLSimpleApplication@546534c2
----------------- Done invoking toplevel() on ptolemy.moml.MoMLSimpleApplication@546534c2
reloadAllAccessors: .Expression1

===========================================================================================
----------------- testing Sat Jun 16 01:24:02 UTC 2018 /home/travis/build/icyphy/ptII/ptolemy/actor/lib/test/auto/Expression10.xml
----------------- Instantiating /home/travis/build/icyphy/ptII/ptolemy/actor/lib/test/auto/Expression10.xml
6 ms. Memory: 1113088K Free: 318217K (29%)
----------------- Invoking toplevel() on ptolemy.moml.MoMLSimpleApplication@42dd3c9b
----------------- Done invoking toplevel() on ptolemy.moml.MoMLSimpleApplication@42dd3c9b
reloadAllAccessors: .Expression10

===========================================================================================
----------------- testing Sat Jun 16 01:24:02 UTC 2018 /home/travis/build/icyphy/ptII/ptolemy/actor/lib/test/auto/Expression11.xml
----------------- Instantiating /home/travis/build/icyphy/ptII/ptolemy/actor/lib/test/auto/Expression11.xml
2 ms. Memory: 1113088K Free: 297807K (27%)
----------------- Invoking toplevel() on ptolemy.moml.MoMLSimpleApplication@3b9c2779
----------------- Done invoking toplevel() on ptolemy.moml.MoMLSimpleApplication@3b9c2779
reloadAllAccessors: .Expression11

===========================================================================================
----------------- testing Sat Jun 16 01:24:02 UTC 2018 /home/travis/build/icyphy/ptII/ptolemy/actor/lib/test/auto/Expression12.xml
----------------- Instantiating /home/travis/build/icyphy/ptII/ptolemy/actor/lib/test/auto/Expression12.xml
2 ms. Memory: 1113088K Free: 284556K (26%)
----------------- Invoking toplevel() on ptolemy.moml.MoMLSimpleApplication@4fb07f0f
----------------- Done invoking toplevel() on ptolemy.moml.MoMLSimpleApplication@4fb07f0f
reloadAllAccessors: .Expression12

===========================================================================================
----------------- testing Sat Jun 16 01:24:02 UTC 2018 /home/travis/build/icyphy/ptII/ptolemy/actor/lib/test/auto/Expression13.xml
----------------- Instantiating /home/travis/build/icyphy/ptII/ptolemy/actor/lib/test/auto/Expression13.xml
4 ms. Memory: 1113088K Free: 271306K (24%)
----------------- Invoking toplevel() on ptolemy.moml.MoMLSimpleApplication@c013f5d
----------------- Done invoking toplevel() on ptolemy.moml.MoMLSimpleApplication@c013f5d
reloadAllAccessors: .Expression13

===========================================================================================
----------------- testing Sat Jun 16 01:24:02 UTC 2018 /home/travis/build/icyphy/ptII/ptolemy/actor/lib/test/auto/Expression14.xml
----------------- Instantiating /home/travis/build/icyphy/ptII/ptolemy/actor/lib/test/auto/Expression14.xml
5 ms. Memory: 1113088K Free: 250895K (23%)
----------------- Invoking toplevel() on ptolemy.moml.MoMLSimpleApplication@be9a3ac
----------------- Done invoking toplevel() on ptolemy.moml.MoMLSimpleApplication@be9a3ac
reloadAllAccessors: .Expression14

===========================================================================================
----------------- testing Sat Jun 16 01:24:02 UTC 2018 /home/travis/build/icyphy/ptII/ptolemy/actor/lib/test/auto/Expression15.xml
----------------- Instantiating /home/travis/build/icyphy/ptII/ptolemy/actor/lib/test/auto/Expression15.xml
2 ms. Memory: 1113088K Free: 237644K (21%)
----------------- Invoking toplevel() on ptolemy.moml.MoMLSimpleApplication@bf2593c
----------------- Done invoking toplevel() on ptolemy.moml.MoMLSimpleApplication@bf2593c
reloadAllAccessors: .Expression15

===========================================================================================
----------------- testing Sat Jun 16 01:24:02 UTC 2018 /home/travis/build/icyphy/ptII/ptolemy/actor/lib/test/auto/Expression16.xml
----------------- Instantiating /home/travis/build/icyphy/ptII/ptolemy/actor/lib/test/auto/Expression16.xml
2 ms. Memory: 1113088K Free: 224394K (20%)
----------------- Invoking toplevel() on ptolemy.moml.MoMLSimpleApplication@7174b6bd
----------------- Done invoking toplevel() on ptolemy.moml.MoMLSimpleApplication@7174b6bd
reloadAllAccessors: .Expression16

===========================================================================================
----------------- testing Sat Jun 16 01:24:02 UTC 2018 /home/travis/build/icyphy/ptII/ptolemy/actor/lib/test/auto/Expression17.xml
----------------- Instantiating /home/travis/build/icyphy/ptII/ptolemy/actor/lib/test/auto/Expression17.xml
3 ms. Memory: 1113088K Free: 203983K (18%)
----------------- Invoking toplevel() on ptolemy.moml.MoMLSimpleApplication@62c99d2
----------------- Done invoking toplevel() on ptolemy.moml.MoMLSimpleApplication@62c99d2
reloadAllAccessors: .Expression17

===========================================================================================
----------------- testing Sat Jun 16 01:24:02 UTC 2018 /home/travis/build/icyphy/ptII/ptolemy/actor/lib/test/auto/Expression18.xml
----------------- Instantiating /home/travis/build/icyphy/ptII/ptolemy/actor/lib/test/auto/Expression18.xml
2 ms. Memory: 1113088K Free: 190733K (17%)
----------------- Invoking toplevel() on ptolemy.moml.MoMLSimpleApplication@7298b1de
----------------- Done invoking toplevel() on ptolemy.moml.MoMLSimpleApplication@7298b1de
reloadAllAccessors: .Expression18

===========================================================================================
----------------- testing Sat Jun 16 01:24:02 UTC 2018 /home/travis/build/icyphy/ptII/ptolemy/actor/lib/test/auto/Expression2.xml
----------------- Instantiating /home/travis/build/icyphy/ptII/ptolemy/actor/lib/test/auto/Expression2.xml
3 ms. Memory: 1113088K Free: 177482K (16%)
----------------- Invoking toplevel() on ptolemy.moml.MoMLSimpleApplication@5a1f454
----------------- Done invoking toplevel() on ptolemy.moml.MoMLSimpleApplication@5a1f454
reloadAllAccessors: .Expression2

===========================================================================================
----------------- testing Sat Jun 16 01:24:02 UTC 2018 /home/travis/build/icyphy/ptII/ptolemy/actor/lib/test/auto/Expression3.xml
----------------- Instantiating /home/travis/build/icyphy/ptII/ptolemy/actor/lib/test/auto/Expression3.xml
3 ms. Memory: 1113088K Free: 164232K (15%)
----------------- Invoking toplevel() on ptolemy.moml.MoMLSimpleApplication@20663d6a
----------------- Done invoking toplevel() on ptolemy.moml.MoMLSimpleApplication@20663d6a
reloadAllAccessors: .Expression3

===========================================================================================
----------------- testing Sat Jun 16 01:24:02 UTC 2018 /home/travis/build/icyphy/ptII/ptolemy/actor/lib/test/auto/Expression4.xml
----------------- Instantiating /home/travis/build/icyphy/ptII/ptolemy/actor/lib/test/auto/Expression4.xml
4 ms. Memory: 1113088K Free: 143821K (13%)
----------------- Invoking toplevel() on ptolemy.moml.MoMLSimpleApplication@307203ab
----------------- Done invoking toplevel() on ptolemy.moml.MoMLSimpleApplication@307203ab
reloadAllAccessors: .Expression4

===========================================================================================
----------------- testing Sat Jun 16 01:24:02 UTC 2018 /home/travis/build/icyphy/ptII/ptolemy/actor/lib/test/auto/Expression5.xml
----------------- Instantiating /home/travis/build/icyphy/ptII/ptolemy/actor/lib/test/auto/Expression5.xml
3 ms. Memory: 1113088K Free: 130570K (12%)
----------------- Invoking toplevel() on ptolemy.moml.MoMLSimpleApplication@2b1d1349
----------------- Done invoking toplevel() on ptolemy.moml.MoMLSimpleApplication@2b1d1349
reloadAllAccessors: .Expression5

===========================================================================================
----------------- testing Sat Jun 16 01:24:02 UTC 2018 /home/travis/build/icyphy/ptII/ptolemy/actor/lib/test/auto/Expression6.xml
----------------- Instantiating /home/travis/build/icyphy/ptII/ptolemy/actor/lib/test/auto/Expression6.xml
3 ms. Memory: 1113088K Free: 117320K (11%)
----------------- Invoking toplevel() on ptolemy.moml.MoMLSimpleApplication@7ea097b8
----------------- Done invoking toplevel() on ptolemy.moml.MoMLSimpleApplication@7ea097b8
reloadAllAccessors: .Expression6

===========================================================================================
----------------- testing Sat Jun 16 01:24:02 UTC 2018 /home/travis/build/icyphy/ptII/ptolemy/actor/lib/test/auto/Expression7.xml
----------------- Instantiating /home/travis/build/icyphy/ptII/ptolemy/actor/lib/test/auto/Expression7.xml
3 ms. Memory: 1113088K Free: 96909K (9%)
----------------- Invoking toplevel() on ptolemy.moml.MoMLSimpleApplication@2de928d1
----------------- Done invoking toplevel() on ptolemy.moml.MoMLSimpleApplication@2de928d1
reloadAllAccessors: .Expression7

===========================================================================================
----------------- testing Sat Jun 16 01:24:03 UTC 2018 /home/travis/build/icyphy/ptII/ptolemy/actor/lib/test/auto/Expression8.xml
----------------- Instantiating /home/travis/build/icyphy/ptII/ptolemy/actor/lib/test/auto/Expression8.xml
4 ms. Memory: 1113088K Free: 83659K (8%)
----------------- Invoking toplevel() on ptolemy.moml.MoMLSimpleApplication@54d0195b
----------------- Done invoking toplevel() on ptolemy.moml.MoMLSimpleApplication@54d0195b
reloadAllAccessors: .Expression8

===========================================================================================
----------------- testing Sat Jun 16 01:24:03 UTC 2018 /home/travis/build/icyphy/ptII/ptolemy/actor/lib/test/auto/Expression9.xml
----------------- Instantiating /home/travis/build/icyphy/ptII/ptolemy/actor/lib/test/auto/Expression9.xml
11 ms. Memory: 1263616K Free: 1219956K (97%)
----------------- Invoking toplevel() on ptolemy.moml.MoMLSimpleApplication@b5c9e77
----------------- Done invoking toplevel() on ptolemy.moml.MoMLSimpleApplication@b5c9e77
reloadAllAccessors: .Expression9

===========================================================================================
----------------- testing Sat Jun 16 01:24:03 UTC 2018 /home/travis/build/icyphy/ptII/ptolemy/actor/lib/test/auto/ExpressionConcatenateArrayType.xml
----------------- Instantiating /home/travis/build/icyphy/ptII/ptolemy/actor/lib/test/auto/ExpressionConcatenateArrayType.xml
2 ms. Memory: 1263616K Free: 1192556K (94%)
----------------- Invoking toplevel() on ptolemy.moml.MoMLSimpleApplication@342353c0
----------------- Done invoking toplevel() on ptolemy.moml.MoMLSimpleApplication@342353c0
reloadAllAccessors: .ExpressionConcatenateArrayType

===========================================================================================
----------------- testing Sat Jun 16 01:24:03 UTC 2018 /home/travis/build/icyphy/ptII/ptolemy/actor/lib/test/auto/ExpressionConcatenateArrayType2.xml
----------------- Instantiating /home/travis/build/icyphy/ptII/ptolemy/actor/lib/test/auto/ExpressionConcatenateArrayType2.xml
2 ms. Memory: 1263616K Free: 1180939K (93%)
----------------- Invoking toplevel() on ptolemy.moml.MoMLSimpleApplication@4153c4b0
----------------- Done invoking toplevel() on ptolemy.moml.MoMLSimpleApplication@4153c4b0
reloadAllAccessors: .ExpressionConcatenateArrayType2

===========================================================================================
----------------- testing Sat Jun 16 01:24:03 UTC 2018 /home/travis/build/icyphy/ptII/ptolemy/actor/lib/test/auto/ExpressionFix.xml
----------------- Instantiating /home/travis/build/icyphy/ptII/ptolemy/actor/lib/test/auto/ExpressionFix.xml
9 ms. Memory: 1263616K Free: 1163194K (92%)
----------------- Invoking toplevel() on ptolemy.moml.MoMLSimpleApplication@620882f4
----------------- Done invoking toplevel() on ptolemy.moml.MoMLSimpleApplication@620882f4
reloadAllAccessors: .ExpressionFix

===========================================================================================
----------------- testing Sat Jun 16 01:24:03 UTC 2018 /home/travis/build/icyphy/ptII/ptolemy/actor/lib/test/auto/ExpressionFix2.xml
----------------- Instantiating /home/travis/build/icyphy/ptII/ptolemy/actor/lib/test/auto/ExpressionFix2.xml
4 ms. Memory: 1263616K Free: 1151576K (91%)
----------------- Invoking toplevel() on ptolemy.moml.MoMLSimpleApplication@56d2c2ee
----------------- Done invoking toplevel() on ptolemy.moml.MoMLSimpleApplication@56d2c2ee
reloadAllAccessors: .ExpressionFix2

===========================================================================================
----------------- testing Sat Jun 16 01:24:03 UTC 2018 /home/travis/build/icyphy/ptII/ptolemy/actor/lib/test/auto/ExpressionFix3.xml
----------------- Instantiating /home/travis/build/icyphy/ptII/ptolemy/actor/lib/test/auto/ExpressionFix3.xml
3 ms. Memory: 1263616K Free: 1139959K (90%)
----------------- Invoking toplevel() on ptolemy.moml.MoMLSimpleApplication@48e0661e
----------------- Done invoking toplevel() on ptolemy.moml.MoMLSimpleApplication@48e0661e
reloadAllAccessors: .ExpressionFix3

===========================================================================================
----------------- testing Sat Jun 16 01:24:03 UTC 2018 /home/travis/build/icyphy/ptII/ptolemy/actor/lib/test/auto/FileWriter1.xml
----------------- Instantiating /home/travis/build/icyphy/ptII/ptolemy/actor/lib/test/auto/FileWriter1.xml
3 ms. Memory: 1263616K Free: 1122257K (89%)
----------------- Invoking toplevel() on ptolemy.moml.MoMLSimpleApplication@6d420c05
----------------- Done invoking toplevel() on ptolemy.moml.MoMLSimpleApplication@6d420c05
reloadAllAccessors: .FileWriter1

===========================================================================================
----------------- testing Sat Jun 16 01:24:03 UTC 2018 /home/travis/build/icyphy/ptII/ptolemy/actor/lib/test/auto/FileWriter2.xml
----------------- Instantiating /home/travis/build/icyphy/ptII/ptolemy/actor/lib/test/auto/FileWriter2.xml
6 ms. Memory: 1263616K Free: 1110639K (88%)
----------------- Invoking toplevel() on ptolemy.moml.MoMLSimpleApplication@eaf9343
----------------- Done invoking toplevel() on ptolemy.moml.MoMLSimpleApplication@eaf9343
reloadAllAccessors: .FileWriter2

===========================================================================================
----------------- testing Sat Jun 16 01:24:03 UTC 2018 /home/travis/build/icyphy/ptII/ptolemy/actor/lib/test/auto/FileWriter3.xml
----------------- Instantiating /home/travis/build/icyphy/ptII/ptolemy/actor/lib/test/auto/FileWriter3.xml
5 ms. Memory: 1263616K Free: 1099022K (87%)
----------------- Invoking toplevel() on ptolemy.moml.MoMLSimpleApplication@1faeb2d6
----------------- Done invoking toplevel() on ptolemy.moml.MoMLSimpleApplication@1faeb2d6
reloadAllAccessors: .FileWriter3

===========================================================================================
----------------- testing Sat Jun 16 01:24:03 UTC 2018 /home/travis/build/icyphy/ptII/ptolemy/actor/lib/test/auto/Gaussian.xml
----------------- Instantiating /home/travis/build/icyphy/ptII/ptolemy/actor/lib/test/auto/Gaussian.xml
2 ms. Memory: 1263616K Free: 1081320K (86%)
----------------- Invoking toplevel() on ptolemy.moml.MoMLSimpleApplication@5d020f63
----------------- Done invoking toplevel() on ptolemy.moml.MoMLSimpleApplication@5d020f63
reloadAllAccessors: .Gaussian

===========================================================================================
----------------- testing Sat Jun 16 01:24:03 UTC 2018 /home/travis/build/icyphy/ptII/ptolemy/actor/lib/test/auto/Gaussian1.xml
----------------- Instantiating /home/travis/build/icyphy/ptII/ptolemy/actor/lib/test/auto/Gaussian1.xml
3 ms. Memory: 1263616K Free: 1069703K (85%)
----------------- Invoking toplevel() on ptolemy.moml.MoMLSimpleApplication@6d2683a3
----------------- Done invoking toplevel() on ptolemy.moml.MoMLSimpleApplication@6d2683a3
reloadAllAccessors: .Gaussian1

===========================================================================================
----------------- testing Sat Jun 16 01:24:03 UTC 2018 /home/travis/build/icyphy/ptII/ptolemy/actor/lib/test/auto/Gaussian2.xml
----------------- Instantiating /home/travis/build/icyphy/ptII/ptolemy/actor/lib/test/auto/Gaussian2.xml
2 ms. Memory: 1263616K Free: 1052000K (83%)
----------------- Invoking toplevel() on ptolemy.moml.MoMLSimpleApplication@66015f4
----------------- Done invoking toplevel() on ptolemy.moml.MoMLSimpleApplication@66015f4
reloadAllAccessors: .Gaussian2

===========================================================================================
----------------- testing Sat Jun 16 01:24:03 UTC 2018 /home/travis/build/icyphy/ptII/ptolemy/actor/lib/test/auto/GradientAdaptiveLattice.xml
----------------- Instantiating /home/travis/build/icyphy/ptII/ptolemy/actor/lib/test/auto/GradientAdaptiveLattice.xml
3 ms. Memory: 1263616K Free: 1040383K (82%)
----------------- Invoking toplevel() on ptolemy.moml.MoMLSimpleApplication@52590768
----------------- Done invoking toplevel() on ptolemy.moml.MoMLSimpleApplication@52590768
reloadAllAccessors: .GradientAdaptiveLattice

===========================================================================================
----------------- testing Sat Jun 16 01:24:03 UTC 2018 /home/travis/build/icyphy/ptII/ptolemy/actor/lib/test/auto/IIR.xml
----------------- Instantiating /home/travis/build/icyphy/ptII/ptolemy/actor/lib/test/auto/IIR.xml
1 ms. Memory: 1263616K Free: 1028766K (81%)
----------------- Invoking toplevel() on ptolemy.moml.MoMLSimpleApplication@4bbd592f
----------------- Done invoking toplevel() on ptolemy.moml.MoMLSimpleApplication@4bbd592f
reloadAllAccessors: .IIR

===========================================================================================
----------------- testing Sat Jun 16 01:24:03 UTC 2018 /home/travis/build/icyphy/ptII/ptolemy/actor/lib/test/auto/InputOutputTransparentPorts.xml
----------------- Instantiating /home/travis/build/icyphy/ptII/ptolemy/actor/lib/test/auto/InputOutputTransparentPorts.xml
1 ms. Memory: 1263616K Free: 1005247K (80%)
----------------- Invoking toplevel() on ptolemy.moml.MoMLSimpleApplication@75785057
----------------- Done invoking toplevel() on ptolemy.moml.MoMLSimpleApplication@75785057
reloadAllAccessors: .InputOutputTransparentPorts

===========================================================================================
----------------- testing Sat Jun 16 01:24:03 UTC 2018 /home/travis/build/icyphy/ptII/ptolemy/actor/lib/test/auto/Interpolator.xml
----------------- Instantiating /home/travis/build/icyphy/ptII/ptolemy/actor/lib/test/auto/Interpolator.xml
3 ms. Memory: 1263616K Free: 993629K (79%)
----------------- Invoking toplevel() on ptolemy.moml.MoMLSimpleApplication@44aee2de
----------------- Done invoking toplevel() on ptolemy.moml.MoMLSimpleApplication@44aee2de
reloadAllAccessors: .Interpolator

===========================================================================================
----------------- testing Sat Jun 16 01:24:03 UTC 2018 /home/travis/build/icyphy/ptII/ptolemy/actor/lib/test/auto/InterpolatorFiringLimitDE.xml
----------------- Instantiating /home/travis/build/icyphy/ptII/ptolemy/actor/lib/test/auto/InterpolatorFiringLimitDE.xml
2 ms. Memory: 1263616K Free: 982012K (78%)
----------------- Invoking toplevel() on ptolemy.moml.MoMLSimpleApplication@6ee6df03
----------------- Done invoking toplevel() on ptolemy.moml.MoMLSimpleApplication@6ee6df03
reloadAllAccessors: .InterpolatorFiringLimitDE

===========================================================================================
----------------- testing Sat Jun 16 01:24:03 UTC 2018 /home/travis/build/icyphy/ptII/ptolemy/actor/lib/test/auto/Lattice.xml
----------------- Instantiating /home/travis/build/icyphy/ptII/ptolemy/actor/lib/test/auto/Lattice.xml
1 ms. Memory: 1263616K Free: 964310K (76%)
----------------- Invoking toplevel() on ptolemy.moml.MoMLSimpleApplication@1649917f
----------------- Done invoking toplevel() on ptolemy.moml.MoMLSimpleApplication@1649917f
reloadAllAccessors: .Lattice

===========================================================================================
----------------- testing Sat Jun 16 01:24:03 UTC 2018 /home/travis/build/icyphy/ptII/ptolemy/actor/lib/test/auto/LazyAOCTestLazy.xml
----------------- Instantiating /home/travis/build/icyphy/ptII/ptolemy/actor/lib/test/auto/LazyAOCTestLazy.xml
6 ms. Memory: 1263616K Free: 952692K (75%)
----------------- Invoking toplevel() on ptolemy.moml.MoMLSimpleApplication@209e6966
----------------- Done invoking toplevel() on ptolemy.moml.MoMLSimpleApplication@209e6966
reloadAllAccessors: .LazyAOCTestLazy

===========================================================================================
----------------- testing Sat Jun 16 01:24:03 UTC 2018 /home/travis/build/icyphy/ptII/ptolemy/actor/lib/test/auto/LazyAOCTestNonLazy.xml
----------------- Instantiating /home/travis/build/icyphy/ptII/ptolemy/actor/lib/test/auto/LazyAOCTestNonLazy.xml
2 ms. Memory: 1263616K Free: 934990K (74%)
----------------- Invoking toplevel() on ptolemy.moml.MoMLSimpleApplication@4adab4ae
----------------- Done invoking toplevel() on ptolemy.moml.MoMLSimpleApplication@4adab4ae
reloadAllAccessors: .LazyAOCTestNonLazy

===========================================================================================
----------------- testing Sat Jun 16 01:24:03 UTC 2018 /home/travis/build/icyphy/ptII/ptolemy/actor/lib/test/auto/LazyInnerClass.xml
----------------- Instantiating /home/travis/build/icyphy/ptII/ptolemy/actor/lib/test/auto/LazyInnerClass.xml
12 ms. Memory: 1263616K Free: 923373K (73%)
----------------- Invoking toplevel() on ptolemy.moml.MoMLSimpleApplication@3a5bf245
----------------- Done invoking toplevel() on ptolemy.moml.MoMLSimpleApplication@3a5bf245
reloadAllAccessors: .LazyInnerClass

===========================================================================================
----------------- testing Sat Jun 16 01:24:03 UTC 2018 /home/travis/build/icyphy/ptII/ptolemy/actor/lib/test/auto/LazyPubSub.xml
----------------- Instantiating /home/travis/build/icyphy/ptII/ptolemy/actor/lib/test/auto/LazyPubSub.xml
15 ms. Memory: 1263616K Free: 911756K (72%)
----------------- Invoking toplevel() on ptolemy.moml.MoMLSimpleApplication@13634fad
----------------- Done invoking toplevel() on ptolemy.moml.MoMLSimpleApplication@13634fad
reloadAllAccessors: .LazyPubSub

===========================================================================================
----------------- testing Sat Jun 16 01:24:03 UTC 2018 /home/travis/build/icyphy/ptII/ptolemy/actor/lib/test/auto/LazyPubSub2.xml
----------------- Instantiating /home/travis/build/icyphy/ptII/ptolemy/actor/lib/test/auto/LazyPubSub2.xml
15 ms. Memory: 1263616K Free: 894054K (71%)
----------------- Invoking toplevel() on ptolemy.moml.MoMLSimpleApplication@6df9bba
----------------- Done invoking toplevel() on ptolemy.moml.MoMLSimpleApplication@6df9bba
reloadAllAccessors: .LazyPubSub2

===========================================================================================
----------------- testing Sat Jun 16 01:24:03 UTC 2018 /home/travis/build/icyphy/ptII/ptolemy/actor/lib/test/auto/LazyPubSub3.xml
----------------- Instantiating /home/travis/build/icyphy/ptII/ptolemy/actor/lib/test/auto/LazyPubSub3.xml
16 ms. Memory: 1263616K Free: 882436K (70%)
----------------- Invoking toplevel() on ptolemy.moml.MoMLSimpleApplication@62ba5c9c
----------------- Done invoking toplevel() on ptolemy.moml.MoMLSimpleApplication@62ba5c9c
reloadAllAccessors: .LazyPubSub3

===========================================================================================
----------------- testing Sat Jun 16 01:24:03 UTC 2018 /home/travis/build/icyphy/ptII/ptolemy/actor/lib/test/auto/LazySubClassModel.xml
----------------- Instantiating /home/travis/build/icyphy/ptII/ptolemy/actor/lib/test/auto/LazySubClassModel.xml
10 ms. Memory: 1263616K Free: 858925K (68%)
----------------- Invoking toplevel() on ptolemy.moml.MoMLSimpleApplication@12139297
----------------- Done invoking toplevel() on ptolemy.moml.MoMLSimpleApplication@12139297
reloadAllAccessors: .LazySubClassModel

===========================================================================================
----------------- testing Sat Jun 16 01:24:03 UTC 2018 /home/travis/build/icyphy/ptII/ptolemy/actor/lib/test/auto/LevelCrossTest1.xml
----------------- Instantiating /home/travis/build/icyphy/ptII/ptolemy/actor/lib/test/auto/LevelCrossTest1.xml
8 ms. Memory: 1263616K Free: 847308K (67%)
----------------- Invoking toplevel() on ptolemy.moml.MoMLSimpleApplication@32075bb
----------------- Done invoking toplevel() on ptolemy.moml.MoMLSimpleApplication@32075bb
reloadAllAccessors: .broken

===========================================================================================
----------------- testing Sat Jun 16 01:24:03 UTC 2018 /home/travis/build/icyphy/ptII/ptolemy/actor/lib/test/auto/LevelCrossTest10.xml
----------------- Instantiating /home/travis/build/icyphy/ptII/ptolemy/actor/lib/test/auto/LevelCrossTest10.xml
1 ms. Memory: 1263616K Free: 829874K (66%)
----------------- Invoking toplevel() on ptolemy.moml.MoMLSimpleApplication@19c86508
----------------- Done invoking toplevel() on ptolemy.moml.MoMLSimpleApplication@19c86508
reloadAllAccessors: .LevelCrossTest10

===========================================================================================
----------------- testing Sat Jun 16 01:24:03 UTC 2018 /home/travis/build/icyphy/ptII/ptolemy/actor/lib/test/auto/LevelCrossTest11.xml
----------------- Instantiating /home/travis/build/icyphy/ptII/ptolemy/actor/lib/test/auto/LevelCrossTest11.xml
1 ms. Memory: 1263616K Free: 812172K (64%)
----------------- Invoking toplevel() on ptolemy.moml.MoMLSimpleApplication@648a16ec
----------------- Done invoking toplevel() on ptolemy.moml.MoMLSimpleApplication@648a16ec
reloadAllAccessors: .LevelCrossTest11

===========================================================================================
----------------- testing Sat Jun 16 01:24:03 UTC 2018 /home/travis/build/icyphy/ptII/ptolemy/actor/lib/test/auto/LevelCrossTest12.xml
----------------- Instantiating /home/travis/build/icyphy/ptII/ptolemy/actor/lib/test/auto/LevelCrossTest12.xml
1 ms. Memory: 1263616K Free: 800554K (63%)
----------------- Invoking toplevel() on ptolemy.moml.MoMLSimpleApplication@20350d02
----------------- Done invoking toplevel() on ptolemy.moml.MoMLSimpleApplication@20350d02
reloadAllAccessors: .LevelCrossTest12

===========================================================================================
----------------- testing Sat Jun 16 01:24:03 UTC 2018 /home/travis/build/icyphy/ptII/ptolemy/actor/lib/test/auto/LevelCrossTest13.xml
----------------- Instantiating /home/travis/build/icyphy/ptII/ptolemy/actor/lib/test/auto/LevelCrossTest13.xml
1 ms. Memory: 1263616K Free: 788937K (62%)
----------------- Invoking toplevel() on ptolemy.moml.MoMLSimpleApplication@29d67734
----------------- Done invoking toplevel() on ptolemy.moml.MoMLSimpleApplication@29d67734
reloadAllAccessors: .LevelCrossTest13

===========================================================================================
----------------- testing Sat Jun 16 01:24:03 UTC 2018 /home/travis/build/icyphy/ptII/ptolemy/actor/lib/test/auto/LevelCrossTest2.xml
----------------- Instantiating /home/travis/build/icyphy/ptII/ptolemy/actor/lib/test/auto/LevelCrossTest2.xml
1 ms. Memory: 1263616K Free: 771235K (61%)
----------------- Invoking toplevel() on ptolemy.moml.MoMLSimpleApplication@19e1a8d3
----------------- Done invoking toplevel() on ptolemy.moml.MoMLSimpleApplication@19e1a8d3
reloadAllAccessors: .broken

===========================================================================================
----------------- testing Sat Jun 16 01:24:03 UTC 2018 /home/travis/build/icyphy/ptII/ptolemy/actor/lib/test/auto/LevelCrossTest3.xml
----------------- Instantiating /home/travis/build/icyphy/ptII/ptolemy/actor/lib/test/auto/LevelCrossTest3.xml
2 ms. Memory: 1263616K Free: 759618K (60%)
----------------- Invoking toplevel() on ptolemy.moml.MoMLSimpleApplication@c1798eb
----------------- Done invoking toplevel() on ptolemy.moml.MoMLSimpleApplication@c1798eb
reloadAllAccessors: .LevelCrossTest3

===========================================================================================
----------------- testing Sat Jun 16 01:24:03 UTC 2018 /home/travis/build/icyphy/ptII/ptolemy/actor/lib/test/auto/LevelCrossTest4.xml
----------------- Instantiating /home/travis/build/icyphy/ptII/ptolemy/actor/lib/test/auto/LevelCrossTest4.xml
1 ms. Memory: 1263616K Free: 741916K (59%)
----------------- Invoking toplevel() on ptolemy.moml.MoMLSimpleApplication@276dcc16
----------------- Done invoking toplevel() on ptolemy.moml.MoMLSimpleApplication@276dcc16
reloadAllAccessors: .broken

===========================================================================================
----------------- testing Sat Jun 16 01:24:03 UTC 2018 /home/travis/build/icyphy/ptII/ptolemy/actor/lib/test/auto/LevelCrossTest5.xml
----------------- Instantiating /home/travis/build/icyphy/ptII/ptolemy/actor/lib/test/auto/LevelCrossTest5.xml
1 ms. Memory: 1263616K Free: 730298K (58%)
----------------- Invoking toplevel() on ptolemy.moml.MoMLSimpleApplication@57f93c62
----------------- Done invoking toplevel() on ptolemy.moml.MoMLSimpleApplication@57f93c62
reloadAllAccessors: .LevelCrossTest5

===========================================================================================
----------------- testing Sat Jun 16 01:24:03 UTC 2018 /home/travis/build/icyphy/ptII/ptolemy/actor/lib/test/auto/LevelCrossTest6.xml
----------------- Instantiating /home/travis/build/icyphy/ptII/ptolemy/actor/lib/test/auto/LevelCrossTest6.xml
1 ms. Memory: 1263616K Free: 718681K (57%)
----------------- Invoking toplevel() on ptolemy.moml.MoMLSimpleApplication@5509c3bc
----------------- Done invoking toplevel() on ptolemy.moml.MoMLSimpleApplication@5509c3bc
reloadAllAccessors: .LevelCrossTest6

===========================================================================================
----------------- testing Sat Jun 16 01:24:03 UTC 2018 /home/travis/build/icyphy/ptII/ptolemy/actor/lib/test/auto/LevelCrossTest7.xml
----------------- Instantiating /home/travis/build/icyphy/ptII/ptolemy/actor/lib/test/auto/LevelCrossTest7.xml
1 ms. Memory: 1263616K Free: 700979K (55%)
----------------- Invoking toplevel() on ptolemy.moml.MoMLSimpleApplication@3c8a8fe5
----------------- Done invoking toplevel() on ptolemy.moml.MoMLSimpleApplication@3c8a8fe5
reloadAllAccessors: .LevelCrossTest7

===========================================================================================
----------------- testing Sat Jun 16 01:24:03 UTC 2018 /home/travis/build/icyphy/ptII/ptolemy/actor/lib/test/auto/LevelCrossTest8.xml
----------------- Instantiating /home/travis/build/icyphy/ptII/ptolemy/actor/lib/test/auto/LevelCrossTest8.xml
1 ms. Memory: 1263616K Free: 689361K (55%)
----------------- Invoking toplevel() on ptolemy.moml.MoMLSimpleApplication@746b51bb
----------------- Done invoking toplevel() on ptolemy.moml.MoMLSimpleApplication@746b51bb
reloadAllAccessors: .LevelCrossTest8

===========================================================================================
----------------- testing Sat Jun 16 01:24:03 UTC 2018 /home/travis/build/icyphy/ptII/ptolemy/actor/lib/test/auto/LevelCrossTest9.xml
----------------- Instantiating /home/travis/build/icyphy/ptII/ptolemy/actor/lib/test/auto/LevelCrossTest9.xml
1 ms. Memory: 1263616K Free: 677744K (54%)
----------------- Invoking toplevel() on ptolemy.moml.MoMLSimpleApplication@1f9cc2b9
----------------- Done invoking toplevel() on ptolemy.moml.MoMLSimpleApplication@1f9cc2b9
reloadAllAccessors: .LevelCrossTest9

===========================================================================================
----------------- testing Sat Jun 16 01:24:03 UTC 2018 /home/travis/build/icyphy/ptII/ptolemy/actor/lib/test/auto/LevinsonDurbin.xml
----------------- Instantiating /home/travis/build/icyphy/ptII/ptolemy/actor/lib/test/auto/LevinsonDurbin.xml
1 ms. Memory: 1263616K Free: 660042K (52%)
----------------- Invoking toplevel() on ptolemy.moml.MoMLSimpleApplication@29f1bce0
----------------- Done invoking toplevel() on ptolemy.moml.MoMLSimpleApplication@29f1bce0
reloadAllAccessors: .LevinsonDurbin

===========================================================================================
----------------- testing Sat Jun 16 01:24:03 UTC 2018 /home/travis/build/icyphy/ptII/ptolemy/actor/lib/test/auto/LevinsonDurbin2.xml
----------------- Instantiating /home/travis/build/icyphy/ptII/ptolemy/actor/lib/test/auto/LevinsonDurbin2.xml
2 ms. Memory: 1263616K Free: 648424K (51%)
----------------- Invoking toplevel() on ptolemy.moml.MoMLSimpleApplication@616f18de
----------------- Done invoking toplevel() on ptolemy.moml.MoMLSimpleApplication@616f18de
reloadAllAccessors: .LevinsonDurbin2

===========================================================================================
----------------- testing Sat Jun 16 01:24:03 UTC 2018 /home/travis/build/icyphy/ptII/ptolemy/actor/lib/test/auto/LevinsonDurbin3.xml
----------------- Instantiating /home/travis/build/icyphy/ptII/ptolemy/actor/lib/test/auto/LevinsonDurbin3.xml
2 ms. Memory: 1263616K Free: 630722K (50%)
----------------- Invoking toplevel() on ptolemy.moml.MoMLSimpleApplication@7a6270af
----------------- Done invoking toplevel() on ptolemy.moml.MoMLSimpleApplication@7a6270af
reloadAllAccessors: .LevinsonDurbin3

===========================================================================================
----------------- testing Sat Jun 16 01:24:03 UTC 2018 /home/travis/build/icyphy/ptII/ptolemy/actor/lib/test/auto/Limiter.xml
----------------- Instantiating /home/travis/build/icyphy/ptII/ptolemy/actor/lib/test/auto/Limiter.xml
4 ms. Memory: 1263616K Free: 613280K (49%)
----------------- Invoking toplevel() on ptolemy.moml.MoMLSimpleApplication@13a92f7e
----------------- Done invoking toplevel() on ptolemy.moml.MoMLSimpleApplication@13a92f7e
reloadAllAccessors: .Limiter

===========================================================================================
----------------- testing Sat Jun 16 01:24:04 UTC 2018 /home/travis/build/icyphy/ptII/ptolemy/actor/lib/test/auto/LinearDifferenceEquationSystem.xml
----------------- Instantiating /home/travis/build/icyphy/ptII/ptolemy/actor/lib/test/auto/LinearDifferenceEquationSystem.xml
2 ms. Memory: 1263616K Free: 601663K (48%)
----------------- Invoking toplevel() on ptolemy.moml.MoMLSimpleApplication@40c7047d
----------------- Done invoking toplevel() on ptolemy.moml.MoMLSimpleApplication@40c7047d
reloadAllAccessors: .LinearDifferenceEquationSystem

===========================================================================================
----------------- testing Sat Jun 16 01:24:04 UTC 2018 /home/travis/build/icyphy/ptII/ptolemy/actor/lib/test/auto/LookupTable.xml
----------------- Instantiating /home/travis/build/icyphy/ptII/ptolemy/actor/lib/test/auto/LookupTable.xml
1 ms. Memory: 1263616K Free: 583961K (46%)
----------------- Invoking toplevel() on ptolemy.moml.MoMLSimpleApplication@35ebd83e
----------------- Done invoking toplevel() on ptolemy.moml.MoMLSimpleApplication@35ebd83e
reloadAllAccessors: .LookupTable

===========================================================================================
----------------- testing Sat Jun 16 01:24:04 UTC 2018 /home/travis/build/icyphy/ptII/ptolemy/actor/lib/test/auto/MathFunction.xml
----------------- Instantiating /home/travis/build/icyphy/ptII/ptolemy/actor/lib/test/auto/MathFunction.xml
3 ms. Memory: 1263616K Free: 566535K (45%)
----------------- Invoking toplevel() on ptolemy.moml.MoMLSimpleApplication@265fd1fd
----------------- Done invoking toplevel() on ptolemy.moml.MoMLSimpleApplication@265fd1fd
reloadAllAccessors: .MathFunction

===========================================================================================
----------------- testing Sat Jun 16 01:24:04 UTC 2018 /home/travis/build/icyphy/ptII/ptolemy/actor/lib/test/auto/MathFunction2.xml
----------------- Instantiating /home/travis/build/icyphy/ptII/ptolemy/actor/lib/test/auto/MathFunction2.xml
1 ms. Memory: 1263616K Free: 554917K (44%)
----------------- Invoking toplevel() on ptolemy.moml.MoMLSimpleApplication@599441c6
----------------- Done invoking toplevel() on ptolemy.moml.MoMLSimpleApplication@599441c6
reloadAllAccessors: .MathFunction2

===========================================================================================
----------------- testing Sat Jun 16 01:24:04 UTC 2018 /home/travis/build/icyphy/ptII/ptolemy/actor/lib/test/auto/MathFunction3.xml
----------------- Instantiating /home/travis/build/icyphy/ptII/ptolemy/actor/lib/test/auto/MathFunction3.xml
2 ms. Memory: 1263616K Free: 537215K (43%)
----------------- Invoking toplevel() on ptolemy.moml.MoMLSimpleApplication@f4cafd9
----------------- Done invoking toplevel() on ptolemy.moml.MoMLSimpleApplication@f4cafd9
reloadAllAccessors: .MathFunction3

===========================================================================================
----------------- testing Sat Jun 16 01:24:04 UTC 2018 /home/travis/build/icyphy/ptII/ptolemy/actor/lib/test/auto/MatrixCropBoolean.xml
----------------- Instantiating /home/travis/build/icyphy/ptII/ptolemy/actor/lib/test/auto/MatrixCropBoolean.xml
3 ms. Memory: 1263616K Free: 525598K (42%)
----------------- Invoking toplevel() on ptolemy.moml.MoMLSimpleApplication@355cef4a
----------------- Done invoking toplevel() on ptolemy.moml.MoMLSimpleApplication@355cef4a
reloadAllAccessors: .MatrixCropBoolean

===========================================================================================
----------------- testing Sat Jun 16 01:24:04 UTC 2018 /home/travis/build/icyphy/ptII/ptolemy/actor/lib/test/auto/MatrixCropComplex.xml
----------------- Instantiating /home/travis/build/icyphy/ptII/ptolemy/actor/lib/test/auto/MatrixCropComplex.xml
1 ms. Memory: 1263616K Free: 507896K (40%)
----------------- Invoking toplevel() on ptolemy.moml.MoMLSimpleApplication@68a9f3f2
----------------- Done invoking toplevel() on ptolemy.moml.MoMLSimpleApplication@68a9f3f2
reloadAllAccessors: .MatrixCropComplex

===========================================================================================
----------------- testing Sat Jun 16 01:24:04 UTC 2018 /home/travis/build/icyphy/ptII/ptolemy/actor/lib/test/auto/MatrixCropDouble.xml
----------------- Instantiating /home/travis/build/icyphy/ptII/ptolemy/actor/lib/test/auto/MatrixCropDouble.xml
2 ms. Memory: 1263616K Free: 496279K (39%)
----------------- Invoking toplevel() on ptolemy.moml.MoMLSimpleApplication@3a58b31a
----------------- Done invoking toplevel() on ptolemy.moml.MoMLSimpleApplication@3a58b31a
reloadAllAccessors: .MatrixCropDouble

===========================================================================================
----------------- testing Sat Jun 16 01:24:04 UTC 2018 /home/travis/build/icyphy/ptII/ptolemy/actor/lib/test/auto/MatrixCropFix.xml
----------------- Instantiating /home/travis/build/icyphy/ptII/ptolemy/actor/lib/test/auto/MatrixCropFix.xml
3 ms. Memory: 1263616K Free: 484661K (38%)
----------------- Invoking toplevel() on ptolemy.moml.MoMLSimpleApplication@5d77f154
----------------- Done invoking toplevel() on ptolemy.moml.MoMLSimpleApplication@5d77f154
reloadAllAccessors: .MatrixCropFix

===========================================================================================
----------------- testing Sat Jun 16 01:24:04 UTC 2018 /home/travis/build/icyphy/ptII/ptolemy/actor/lib/test/auto/MatrixCropInt.xml
----------------- Instantiating /home/travis/build/icyphy/ptII/ptolemy/actor/lib/test/auto/MatrixCropInt.xml
2 ms. Memory: 1263616K Free: 466959K (37%)
----------------- Invoking toplevel() on ptolemy.moml.MoMLSimpleApplication@22dbf940
----------------- Done invoking toplevel() on ptolemy.moml.MoMLSimpleApplication@22dbf940
reloadAllAccessors: .MatrixCropInt

===========================================================================================
----------------- testing Sat Jun 16 01:24:04 UTC 2018 /home/travis/build/icyphy/ptII/ptolemy/actor/lib/test/auto/MatrixCropLong.xml
----------------- Instantiating /home/travis/build/icyphy/ptII/ptolemy/actor/lib/test/auto/MatrixCropLong.xml
1 ms. Memory: 1263616K Free: 455342K (36%)
----------------- Invoking toplevel() on ptolemy.moml.MoMLSimpleApplication@aaf3b6c
----------------- Done invoking toplevel() on ptolemy.moml.MoMLSimpleApplication@aaf3b6c
reloadAllAccessors: .MatrixCropLong

===========================================================================================
----------------- testing Sat Jun 16 01:24:04 UTC 2018 /home/travis/build/icyphy/ptII/ptolemy/actor/lib/test/auto/MatrixToArray.xml
----------------- Instantiating /home/travis/build/icyphy/ptII/ptolemy/actor/lib/test/auto/MatrixToArray.xml
8 ms. Memory: 1263616K Free: 425991K (34%)
----------------- Invoking toplevel() on ptolemy.moml.MoMLSimpleApplication@e8c2bc7
----------------- Done invoking toplevel() on ptolemy.moml.MoMLSimpleApplication@e8c2bc7
reloadAllAccessors: .MatrixToArray

===========================================================================================
----------------- testing Sat Jun 16 01:24:04 UTC 2018 /home/travis/build/icyphy/ptII/ptolemy/actor/lib/test/auto/MaxIndex.xml
----------------- Instantiating /home/travis/build/icyphy/ptII/ptolemy/actor/lib/test/auto/MaxIndex.xml
2 ms. Memory: 1263616K Free: 414373K (33%)
----------------- Invoking toplevel() on ptolemy.moml.MoMLSimpleApplication@1bba0b8f
----------------- Done invoking toplevel() on ptolemy.moml.MoMLSimpleApplication@1bba0b8f
reloadAllAccessors: .MaxIndex

===========================================================================================
----------------- testing Sat Jun 16 01:24:04 UTC 2018 /home/travis/build/icyphy/ptII/ptolemy/actor/lib/test/auto/Maximum.xml
----------------- Instantiating /home/travis/build/icyphy/ptII/ptolemy/actor/lib/test/auto/Maximum.xml
2 ms. Memory: 1263616K Free: 402756K (32%)
----------------- Invoking toplevel() on ptolemy.moml.MoMLSimpleApplication@26ea269
----------------- Done invoking toplevel() on ptolemy.moml.MoMLSimpleApplication@26ea269
reloadAllAccessors: .Maximum

===========================================================================================
----------------- testing Sat Jun 16 01:24:04 UTC 2018 /home/travis/build/icyphy/ptII/ptolemy/actor/lib/test/auto/MaximumComplex.xml
----------------- Instantiating /home/travis/build/icyphy/ptII/ptolemy/actor/lib/test/auto/MaximumComplex.xml
3 ms. Memory: 1263616K Free: 385054K (30%)
----------------- Invoking toplevel() on ptolemy.moml.MoMLSimpleApplication@304d1c05
----------------- Done invoking toplevel() on ptolemy.moml.MoMLSimpleApplication@304d1c05
reloadAllAccessors: .MaximumComplex

===========================================================================================
----------------- testing Sat Jun 16 01:24:04 UTC 2018 /home/travis/build/icyphy/ptII/ptolemy/actor/lib/test/auto/MethodCallTest.xml
----------------- Instantiating /home/travis/build/icyphy/ptII/ptolemy/actor/lib/test/auto/MethodCallTest.xml
2 ms. Memory: 1263616K Free: 373437K (30%)
----------------- Invoking toplevel() on ptolemy.moml.MoMLSimpleApplication@4e02bd14
----------------- Done invoking toplevel() on ptolemy.moml.MoMLSimpleApplication@4e02bd14
reloadAllAccessors: .MethodCallTest

===========================================================================================
----------------- testing Sat Jun 16 01:24:04 UTC 2018 /home/travis/build/icyphy/ptII/ptolemy/actor/lib/test/auto/Minimum.xml
----------------- Instantiating /home/travis/build/icyphy/ptII/ptolemy/actor/lib/test/auto/Minimum.xml
2 ms. Memory: 1263616K Free: 361819K (29%)
----------------- Invoking toplevel() on ptolemy.moml.MoMLSimpleApplication@1e750af
----------------- Done invoking toplevel() on ptolemy.moml.MoMLSimpleApplication@1e750af
reloadAllAccessors: .Minimum

===========================================================================================
----------------- testing Sat Jun 16 01:24:04 UTC 2018 /home/travis/build/icyphy/ptII/ptolemy/actor/lib/test/auto/MinimumComplex.xml
----------------- Instantiating /home/travis/build/icyphy/ptII/ptolemy/actor/lib/test/auto/MinimumComplex.xml
2 ms. Memory: 1263616K Free: 344117K (27%)
----------------- Invoking toplevel() on ptolemy.moml.MoMLSimpleApplication@10191e21
----------------- Done invoking toplevel() on ptolemy.moml.MoMLSimpleApplication@10191e21
reloadAllAccessors: .MinimumComplex

===========================================================================================
----------------- testing Sat Jun 16 01:24:04 UTC 2018 /home/travis/build/icyphy/ptII/ptolemy/actor/lib/test/auto/MinimumMultiports.xml
----------------- Instantiating /home/travis/build/icyphy/ptII/ptolemy/actor/lib/test/auto/MinimumMultiports.xml
5 ms. Memory: 1263616K Free: 332500K (26%)
----------------- Invoking toplevel() on ptolemy.moml.MoMLSimpleApplication@3be1c3bf
----------------- Done invoking toplevel() on ptolemy.moml.MoMLSimpleApplication@3be1c3bf
reloadAllAccessors: .MinimumMultiports

===========================================================================================
----------------- testing Sat Jun 16 01:24:04 UTC 2018 /home/travis/build/icyphy/ptII/ptolemy/actor/lib/test/auto/ModifyDate.xml
----------------- Instantiating /home/travis/build/icyphy/ptII/ptolemy/actor/lib/test/auto/ModifyDate.xml
4 ms. Memory: 1263616K Free: 303149K (24%)
----------------- Invoking toplevel() on ptolemy.moml.MoMLSimpleApplication@1a037dd9
----------------- Done invoking toplevel() on ptolemy.moml.MoMLSimpleApplication@1a037dd9
reloadAllAccessors: .ModifyDate

===========================================================================================
----------------- testing Sat Jun 16 01:24:04 UTC 2018 /home/travis/build/icyphy/ptII/ptolemy/actor/lib/test/auto/ModifyDate2.xml
----------------- Instantiating /home/travis/build/icyphy/ptII/ptolemy/actor/lib/test/auto/ModifyDate2.xml
2 ms. Memory: 1263616K Free: 285723K (23%)
----------------- Invoking toplevel() on ptolemy.moml.MoMLSimpleApplication@676243da
----------------- Done invoking toplevel() on ptolemy.moml.MoMLSimpleApplication@676243da
reloadAllAccessors: .ModifyDate2

===========================================================================================
----------------- testing Sat Jun 16 01:24:04 UTC 2018 /home/travis/build/icyphy/ptII/ptolemy/actor/lib/test/auto/MovingAverage.xml
----------------- Instantiating /home/travis/build/icyphy/ptII/ptolemy/actor/lib/test/auto/MovingAverage.xml
2 ms. Memory: 1263616K Free: 274105K (22%)
----------------- Invoking toplevel() on ptolemy.moml.MoMLSimpleApplication@19308ca7
----------------- Done invoking toplevel() on ptolemy.moml.MoMLSimpleApplication@19308ca7
reloadAllAccessors: .MovingAverage

===========================================================================================
----------------- testing Sat Jun 16 01:24:04 UTC 2018 /home/travis/build/icyphy/ptII/ptolemy/actor/lib/test/auto/MovingMaximum.xml
----------------- Instantiating /home/travis/build/icyphy/ptII/ptolemy/actor/lib/test/auto/MovingMaximum.xml
2 ms. Memory: 1263616K Free: 256403K (20%)
----------------- Invoking toplevel() on ptolemy.moml.MoMLSimpleApplication@2e8490ca
----------------- Done invoking toplevel() on ptolemy.moml.MoMLSimpleApplication@2e8490ca
reloadAllAccessors: .MovingMaximum

===========================================================================================
----------------- testing Sat Jun 16 01:24:04 UTC 2018 /home/travis/build/icyphy/ptII/ptolemy/actor/lib/test/auto/MultipleLinksToSameRelation.xml
----------------- Instantiating /home/travis/build/icyphy/ptII/ptolemy/actor/lib/test/auto/MultipleLinksToSameRelation.xml
3 ms. Memory: 1263616K Free: 244786K (19%)
----------------- Invoking toplevel() on ptolemy.moml.MoMLSimpleApplication@14c2ba19
----------------- Done invoking toplevel() on ptolemy.moml.MoMLSimpleApplication@14c2ba19
reloadAllAccessors: .MultipleLinksToSameRelation

===========================================================================================
----------------- testing Sat Jun 16 01:24:04 UTC 2018 /home/travis/build/icyphy/ptII/ptolemy/actor/lib/test/auto/MultipleLinksToSameRelationDE.xml
----------------- Instantiating /home/travis/build/icyphy/ptII/ptolemy/actor/lib/test/auto/MultipleLinksToSameRelationDE.xml
2 ms. Memory: 1263616K Free: 227084K (18%)
----------------- Invoking toplevel() on ptolemy.moml.MoMLSimpleApplication@3d49589b
----------------- Done invoking toplevel() on ptolemy.moml.MoMLSimpleApplication@3d49589b
reloadAllAccessors: .MultipleLinksToSameRelationDE

===========================================================================================
----------------- testing Sat Jun 16 01:24:04 UTC 2018 /home/travis/build/icyphy/ptII/ptolemy/actor/lib/test/auto/Multiplexor.xml
----------------- Instantiating /home/travis/build/icyphy/ptII/ptolemy/actor/lib/test/auto/Multiplexor.xml
2 ms. Memory: 1263616K Free: 215467K (17%)
----------------- Invoking toplevel() on ptolemy.moml.MoMLSimpleApplication@67effbd5
----------------- Done invoking toplevel() on ptolemy.moml.MoMLSimpleApplication@67effbd5
reloadAllAccessors: .Multiplexor

===========================================================================================
----------------- testing Sat Jun 16 01:24:04 UTC 2018 /home/travis/build/icyphy/ptII/ptolemy/actor/lib/test/auto/Multiplexor1.xml
----------------- Instantiating /home/travis/build/icyphy/ptII/ptolemy/actor/lib/test/auto/Multiplexor1.xml
3 ms. Memory: 1263616K Free: 203849K (16%)
----------------- Invoking toplevel() on ptolemy.moml.MoMLSimpleApplication@2072788f
----------------- Done invoking toplevel() on ptolemy.moml.MoMLSimpleApplication@2072788f
reloadAllAccessors: .Multiplexor1

===========================================================================================
----------------- testing Sat Jun 16 01:24:04 UTC 2018 /home/travis/build/icyphy/ptII/ptolemy/actor/lib/test/auto/Multiplexor2.xml
----------------- Instantiating /home/travis/build/icyphy/ptII/ptolemy/actor/lib/test/auto/Multiplexor2.xml
2 ms. Memory: 1263616K Free: 186147K (15%)
----------------- Invoking toplevel() on ptolemy.moml.MoMLSimpleApplication@4f03064a
----------------- Done invoking toplevel() on ptolemy.moml.MoMLSimpleApplication@4f03064a
reloadAllAccessors: .Multiplexor2

===========================================================================================
----------------- testing Sat Jun 16 01:24:04 UTC 2018 /home/travis/build/icyphy/ptII/ptolemy/actor/lib/test/auto/Multiplexor3.xml
----------------- Instantiating /home/travis/build/icyphy/ptII/ptolemy/actor/lib/test/auto/Multiplexor3.xml
2 ms. Memory: 1263616K Free: 174530K (14%)
----------------- Invoking toplevel() on ptolemy.moml.MoMLSimpleApplication@2870420e
----------------- Done invoking toplevel() on ptolemy.moml.MoMLSimpleApplication@2870420e
reloadAllAccessors: .Multiplexor3

===========================================================================================
----------------- testing Sat Jun 16 01:24:04 UTC 2018 /home/travis/build/icyphy/ptII/ptolemy/actor/lib/test/auto/MultiplexorDE.xml
----------------- Instantiating /home/travis/build/icyphy/ptII/ptolemy/actor/lib/test/auto/MultiplexorDE.xml
3 ms. Memory: 1263616K Free: 156828K (12%)
----------------- Invoking toplevel() on ptolemy.moml.MoMLSimpleApplication@17bf362
----------------- Done invoking toplevel() on ptolemy.moml.MoMLSimpleApplication@17bf362
reloadAllAccessors: .MultiplexorDE

===========================================================================================
----------------- testing Sat Jun 16 01:24:04 UTC 2018 /home/travis/build/icyphy/ptII/ptolemy/actor/lib/test/auto/MultiportBroadcastTest.xml
----------------- Instantiating /home/travis/build/icyphy/ptII/ptolemy/actor/lib/test/auto/MultiportBroadcastTest.xml
55 ms. Memory: 1263616K Free: 137659K (11%)
----------------- Invoking toplevel() on ptolemy.moml.MoMLSimpleApplication@42d32454
----------------- Done invoking toplevel() on ptolemy.moml.MoMLSimpleApplication@42d32454
reloadAllAccessors: .MultiportBroadcastTest

===========================================================================================
----------------- testing Sat Jun 16 01:24:04 UTC 2018 /home/travis/build/icyphy/ptII/ptolemy/actor/lib/test/auto/MultiportOutHangDuringGetWidth.xml
----------------- Instantiating /home/travis/build/icyphy/ptII/ptolemy/actor/lib/test/auto/MultiportOutHangDuringGetWidth.xml
5 ms. Memory: 1263616K Free: 120217K (10%)
----------------- Invoking toplevel() on ptolemy.moml.MoMLSimpleApplication@2b919ded
----------------- Done invoking toplevel() on ptolemy.moml.MoMLSimpleApplication@2b919ded
reloadAllAccessors: .MultiportOutHangDuringGetWidth

===========================================================================================
----------------- testing Sat Jun 16 01:24:04 UTC 2018 /home/travis/build/icyphy/ptII/ptolemy/actor/lib/test/auto/NilToken.xml
----------------- Instantiating /home/travis/build/icyphy/ptII/ptolemy/actor/lib/test/auto/NilToken.xml
2 ms. Memory: 1263616K Free: 102515K (8%)
----------------- Invoking toplevel() on ptolemy.moml.MoMLSimpleApplication@18be5107
----------------- Done invoking toplevel() on ptolemy.moml.MoMLSimpleApplication@18be5107
reloadAllAccessors: .NilToken

===========================================================================================
----------------- testing Sat Jun 16 01:24:04 UTC 2018 /home/travis/build/icyphy/ptII/ptolemy/actor/lib/test/auto/NilTokenNonStrictTest.xml
----------------- Instantiating /home/travis/build/icyphy/ptII/ptolemy/actor/lib/test/auto/NilTokenNonStrictTest.xml
2 ms. Memory: 1263616K Free: 90898K (7%)
----------------- Invoking toplevel() on ptolemy.moml.MoMLSimpleApplication@6a9ff7df
----------------- Done invoking toplevel() on ptolemy.moml.MoMLSimpleApplication@6a9ff7df
reloadAllAccessors: .NilTokenNonStrictTest

===========================================================================================
----------------- testing Sat Jun 16 01:24:04 UTC 2018 /home/travis/build/icyphy/ptII/ptolemy/actor/lib/test/auto/NilTokenRecord.xml
----------------- Instantiating /home/travis/build/icyphy/ptII/ptolemy/actor/lib/test/auto/NilTokenRecord.xml
6 ms. Memory: 1263616K Free: 79281K (6%)
----------------- Invoking toplevel() on ptolemy.moml.MoMLSimpleApplication@66e39c25
----------------- Done invoking toplevel() on ptolemy.moml.MoMLSimpleApplication@66e39c25
reloadAllAccessors: .NilTokenRecord

===========================================================================================
----------------- testing Sat Jun 16 01:24:04 UTC 2018 /home/travis/build/icyphy/ptII/ptolemy/actor/lib/test/auto/NilTokenTypeTest.xml
----------------- Instantiating /home/travis/build/icyphy/ptII/ptolemy/actor/lib/test/auto/NilTokenTypeTest.xml
9 ms. Memory: 1390592K Free: 1346928K (97%)
----------------- Invoking toplevel() on ptolemy.moml.MoMLSimpleApplication@5ed10e5f
----------------- Done invoking toplevel() on ptolemy.moml.MoMLSimpleApplication@5ed10e5f
reloadAllAccessors: .NilTokenTypeTest

===========================================================================================
----------------- testing Sat Jun 16 01:24:04 UTC 2018 /home/travis/build/icyphy/ptII/ptolemy/actor/lib/test/auto/ObjectToken1.xml
----------------- Instantiating /home/travis/build/icyphy/ptII/ptolemy/actor/lib/test/auto/ObjectToken1.xml
2 ms. Memory: 1390592K Free: 1325174K (95%)
----------------- Invoking toplevel() on ptolemy.moml.MoMLSimpleApplication@ec97db8
----------------- Done invoking toplevel() on ptolemy.moml.MoMLSimpleApplication@ec97db8
reloadAllAccessors: .ObjectToken1

===========================================================================================
----------------- testing Sat Jun 16 01:24:04 UTC 2018 /home/travis/build/icyphy/ptII/ptolemy/actor/lib/test/auto/OrderedMerge.xml
----------------- Instantiating /home/travis/build/icyphy/ptII/ptolemy/actor/lib/test/auto/OrderedMerge.xml
5 ms. Memory: 1390592K Free: 1287019K (93%)
----------------- Invoking toplevel() on ptolemy.moml.MoMLSimpleApplication@551cc1df
----------------- Done invoking toplevel() on ptolemy.moml.MoMLSimpleApplication@551cc1df
reloadAllAccessors: .OrderedMerge

===========================================================================================
----------------- testing Sat Jun 16 01:24:04 UTC 2018 /home/travis/build/icyphy/ptII/ptolemy/actor/lib/test/auto/OrderedRecordDisassembler.xml
----------------- Instantiating /home/travis/build/icyphy/ptII/ptolemy/actor/lib/test/auto/OrderedRecordDisassembler.xml
3 ms. Memory: 1390592K Free: 1268540K (91%)
----------------- Invoking toplevel() on ptolemy.moml.MoMLSimpleApplication@1d6fa422
----------------- Done invoking toplevel() on ptolemy.moml.MoMLSimpleApplication@1d6fa422
reloadAllAccessors: .OrderedRecordDisassembler

===========================================================================================
----------------- testing Sat Jun 16 01:24:04 UTC 2018 /home/travis/build/icyphy/ptII/ptolemy/actor/lib/test/auto/OrderedRecordDisassembler2.xml
----------------- Instantiating /home/travis/build/icyphy/ptII/ptolemy/actor/lib/test/auto/OrderedRecordDisassembler2.xml
4 ms. Memory: 1390592K Free: 1255822K (90%)
----------------- Invoking toplevel() on ptolemy.moml.MoMLSimpleApplication@1c28bb4e
----------------- Done invoking toplevel() on ptolemy.moml.MoMLSimpleApplication@1c28bb4e
reloadAllAccessors: .OrderedRecordDisassembler2

===========================================================================================
----------------- testing Sat Jun 16 01:24:04 UTC 2018 /home/travis/build/icyphy/ptII/ptolemy/actor/lib/test/auto/OrderedRecordUpdater.xml
----------------- Instantiating /home/travis/build/icyphy/ptII/ptolemy/actor/lib/test/auto/OrderedRecordUpdater.xml
1 ms. Memory: 1390592K Free: 1237374K (89%)
----------------- Invoking toplevel() on ptolemy.moml.MoMLSimpleApplication@56d18fe
----------------- Done invoking toplevel() on ptolemy.moml.MoMLSimpleApplication@56d18fe
reloadAllAccessors: .RecordUpdater

===========================================================================================
----------------- testing Sat Jun 16 01:24:04 UTC 2018 /home/travis/build/icyphy/ptII/ptolemy/actor/lib/test/auto/OrderedRecordUpdater2.xml
----------------- Instantiating /home/travis/build/icyphy/ptII/ptolemy/actor/lib/test/auto/OrderedRecordUpdater2.xml
1 ms. Memory: 1390592K Free: 1224656K (88%)
----------------- Invoking toplevel() on ptolemy.moml.MoMLSimpleApplication@11acfebf
----------------- Done invoking toplevel() on ptolemy.moml.MoMLSimpleApplication@11acfebf
reloadAllAccessors: .RecordUpdater2

===========================================================================================
----------------- testing Sat Jun 16 01:24:04 UTC 2018 /home/travis/build/icyphy/ptII/ptolemy/actor/lib/test/auto/PhaseUnwrap.xml
----------------- Instantiating /home/travis/build/icyphy/ptII/ptolemy/actor/lib/test/auto/PhaseUnwrap.xml
2 ms. Memory: 1390592K Free: 1211938K (87%)
----------------- Invoking toplevel() on ptolemy.moml.MoMLSimpleApplication@6c18f897
----------------- Done invoking toplevel() on ptolemy.moml.MoMLSimpleApplication@6c18f897
reloadAllAccessors: .PhaseUnwrap

===========================================================================================
----------------- testing Sat Jun 16 01:24:05 UTC 2018 /home/travis/build/icyphy/ptII/ptolemy/actor/lib/test/auto/PoissonClock.xml
----------------- Instantiating /home/travis/build/icyphy/ptII/ptolemy/actor/lib/test/auto/PoissonClock.xml
2 ms. Memory: 1390592K Free: 1193490K (86%)
----------------- Invoking toplevel() on ptolemy.moml.MoMLSimpleApplication@3cfb8ba6
----------------- Done invoking toplevel() on ptolemy.moml.MoMLSimpleApplication@3cfb8ba6
reloadAllAccessors: .PoissonClock

===========================================================================================
----------------- testing Sat Jun 16 01:24:05 UTC 2018 /home/travis/build/icyphy/ptII/ptolemy/actor/lib/test/auto/PoissonClock2.xml
----------------- Instantiating /home/travis/build/icyphy/ptII/ptolemy/actor/lib/test/auto/PoissonClock2.xml
2 ms. Memory: 1390592K Free: 1180772K (85%)
----------------- Invoking toplevel() on ptolemy.moml.MoMLSimpleApplication@3e7101af
----------------- Done invoking toplevel() on ptolemy.moml.MoMLSimpleApplication@3e7101af
reloadAllAccessors: .PoissonClock2

===========================================================================================
----------------- testing Sat Jun 16 01:24:05 UTC 2018 /home/travis/build/icyphy/ptII/ptolemy/actor/lib/test/auto/PoissonClock3.xml
----------------- Instantiating /home/travis/build/icyphy/ptII/ptolemy/actor/lib/test/auto/PoissonClock3.xml
2 ms. Memory: 1390592K Free: 1162324K (84%)
----------------- Invoking toplevel() on ptolemy.moml.MoMLSimpleApplication@379e5ef
----------------- Done invoking toplevel() on ptolemy.moml.MoMLSimpleApplication@379e5ef
reloadAllAccessors: .PoissonClock3

===========================================================================================
----------------- testing Sat Jun 16 01:24:05 UTC 2018 /home/travis/build/icyphy/ptII/ptolemy/actor/lib/test/auto/PubSubWithInitialTokens.xml
----------------- Instantiating /home/travis/build/icyphy/ptII/ptolemy/actor/lib/test/auto/PubSubWithInitialTokens.xml
2 ms. Memory: 1390592K Free: 1149606K (83%)
----------------- Invoking toplevel() on ptolemy.moml.MoMLSimpleApplication@427cd0cd
----------------- Done invoking toplevel() on ptolemy.moml.MoMLSimpleApplication@427cd0cd
reloadAllAccessors: .PubSubWithInitialTokens

===========================================================================================
----------------- testing Sat Jun 16 01:24:05 UTC 2018 /home/travis/build/icyphy/ptII/ptolemy/actor/lib/test/auto/PubSubWithInitialTokens2.xml
----------------- Instantiating /home/travis/build/icyphy/ptII/ptolemy/actor/lib/test/auto/PubSubWithInitialTokens2.xml
2 ms. Memory: 1390592K Free: 1136888K (82%)
----------------- Invoking toplevel() on ptolemy.moml.MoMLSimpleApplication@552d5f1d
----------------- Done invoking toplevel() on ptolemy.moml.MoMLSimpleApplication@552d5f1d
reloadAllAccessors: .PubSubWithInitialTokens2

===========================================================================================
----------------- testing Sat Jun 16 01:24:05 UTC 2018 /home/travis/build/icyphy/ptII/ptolemy/actor/lib/test/auto/PublisherClassNoParameter.xml
----------------- Instantiating /home/travis/build/icyphy/ptII/ptolemy/actor/lib/test/auto/PublisherClassNoParameter.xml
2 ms. Memory: 1390592K Free: 1112065K (80%)
----------------- Invoking toplevel() on ptolemy.moml.MoMLSimpleApplication@1ef59075
----------------- Done invoking toplevel() on ptolemy.moml.MoMLSimpleApplication@1ef59075
reloadAllAccessors: .PublisherClassNoParameter

===========================================================================================
----------------- testing Sat Jun 16 01:24:05 UTC 2018 /home/travis/build/icyphy/ptII/ptolemy/actor/lib/test/auto/PublisherClassParameter.xml
----------------- Instantiating /home/travis/build/icyphy/ptII/ptolemy/actor/lib/test/auto/PublisherClassParameter.xml
3 ms. Memory: 1390592K Free: 1092971K (79%)
----------------- Invoking toplevel() on ptolemy.moml.MoMLSimpleApplication@49398ff0
----------------- Done invoking toplevel() on ptolemy.moml.MoMLSimpleApplication@49398ff0
reloadAllAccessors: .PublisherClassParameter

===========================================================================================
----------------- testing Sat Jun 16 01:24:05 UTC 2018 /home/travis/build/icyphy/ptII/ptolemy/actor/lib/test/auto/PublisherNonStrictTest.xml
----------------- Instantiating /home/travis/build/icyphy/ptII/ptolemy/actor/lib/test/auto/PublisherNonStrictTest.xml
3 ms. Memory: 1390592K Free: 1074523K (77%)
----------------- Invoking toplevel() on ptolemy.moml.MoMLSimpleApplication@bf41364
----------------- Done invoking toplevel() on ptolemy.moml.MoMLSimpleApplication@bf41364
reloadAllAccessors: .PublisherNonStrictTest

===========================================================================================
----------------- testing Sat Jun 16 01:24:05 UTC 2018 /home/travis/build/icyphy/ptII/ptolemy/actor/lib/test/auto/PublisherPort1.xml
----------------- Instantiating /home/travis/build/icyphy/ptII/ptolemy/actor/lib/test/auto/PublisherPort1.xml
3 ms. Memory: 1390592K Free: 1061805K (76%)
----------------- Invoking toplevel() on ptolemy.moml.MoMLSimpleApplication@6f8ad851
----------------- Done invoking toplevel() on ptolemy.moml.MoMLSimpleApplication@6f8ad851
reloadAllAccessors: .PublisherPort1

===========================================================================================
----------------- testing Sat Jun 16 01:24:05 UTC 2018 /home/travis/build/icyphy/ptII/ptolemy/actor/lib/test/auto/PublisherPort2.xml
----------------- Instantiating /home/travis/build/icyphy/ptII/ptolemy/actor/lib/test/auto/PublisherPort2.xml
2 ms. Memory: 1390592K Free: 1043357K (75%)
----------------- Invoking toplevel() on ptolemy.moml.MoMLSimpleApplication@1a05e866
----------------- Done invoking toplevel() on ptolemy.moml.MoMLSimpleApplication@1a05e866
reloadAllAccessors: .PublisherPort2

===========================================================================================
----------------- testing Sat Jun 16 01:24:05 UTC 2018 /home/travis/build/icyphy/ptII/ptolemy/actor/lib/test/auto/PublisherPort3.xml
----------------- Instantiating /home/travis/build/icyphy/ptII/ptolemy/actor/lib/test/auto/PublisherPort3.xml
3 ms. Memory: 1390592K Free: 1030639K (74%)
----------------- Invoking toplevel() on ptolemy.moml.MoMLSimpleApplication@177bb5ce
----------------- Done invoking toplevel() on ptolemy.moml.MoMLSimpleApplication@177bb5ce
reloadAllAccessors: .PublisherPort3

===========================================================================================
----------------- testing Sat Jun 16 01:24:05 UTC 2018 /home/travis/build/icyphy/ptII/ptolemy/actor/lib/test/auto/PublisherPort4.xml
----------------- Instantiating /home/travis/build/icyphy/ptII/ptolemy/actor/lib/test/auto/PublisherPort4.xml
2 ms. Memory: 1390592K Free: 1017921K (73%)
----------------- Invoking toplevel() on ptolemy.moml.MoMLSimpleApplication@78e49d64
----------------- Done invoking toplevel() on ptolemy.moml.MoMLSimpleApplication@78e49d64
reloadAllAccessors: .PublisherPort4

===========================================================================================
----------------- testing Sat Jun 16 01:24:05 UTC 2018 /home/travis/build/icyphy/ptII/ptolemy/actor/lib/test/auto/PublisherPort5.xml
----------------- Instantiating /home/travis/build/icyphy/ptII/ptolemy/actor/lib/test/auto/PublisherPort5.xml
4 ms. Memory: 1390592K Free: 999473K (72%)
----------------- Invoking toplevel() on ptolemy.moml.MoMLSimpleApplication@3b8791ca
----------------- Done invoking toplevel() on ptolemy.moml.MoMLSimpleApplication@3b8791ca
reloadAllAccessors: .PublisherPort5

===========================================================================================
----------------- testing Sat Jun 16 01:24:05 UTC 2018 /home/travis/build/icyphy/ptII/ptolemy/actor/lib/test/auto/PublisherPort5LookAlike.xml
----------------- Instantiating /home/travis/build/icyphy/ptII/ptolemy/actor/lib/test/auto/PublisherPort5LookAlike.xml
6 ms. Memory: 1390592K Free: 986755K (71%)
----------------- Invoking toplevel() on ptolemy.moml.MoMLSimpleApplication@1cce3e61
----------------- Done invoking toplevel() on ptolemy.moml.MoMLSimpleApplication@1cce3e61
reloadAllAccessors: .PublisherPort5LookAlike

===========================================================================================
----------------- testing Sat Jun 16 01:24:05 UTC 2018 /home/travis/build/icyphy/ptII/ptolemy/actor/lib/test/auto/PublisherPort6.xml
----------------- Instantiating /home/travis/build/icyphy/ptII/ptolemy/actor/lib/test/auto/PublisherPort6.xml
2 ms. Memory: 1390592K Free: 968307K (70%)
----------------- Invoking toplevel() on ptolemy.moml.MoMLSimpleApplication@57baf4f3
----------------- Done invoking toplevel() on ptolemy.moml.MoMLSimpleApplication@57baf4f3
reloadAllAccessors: .PublisherPort6

===========================================================================================
----------------- testing Sat Jun 16 01:24:05 UTC 2018 /home/travis/build/icyphy/ptII/ptolemy/actor/lib/test/auto/PublisherPort7.xml
----------------- Instantiating /home/travis/build/icyphy/ptII/ptolemy/actor/lib/test/auto/PublisherPort7.xml
3 ms. Memory: 1390592K Free: 955589K (69%)
----------------- Invoking toplevel() on ptolemy.moml.MoMLSimpleApplication@6b1cf65b
----------------- Done invoking toplevel() on ptolemy.moml.MoMLSimpleApplication@6b1cf65b
reloadAllAccessors: .PublisherPort7

===========================================================================================
----------------- testing Sat Jun 16 01:24:05 UTC 2018 /home/travis/build/icyphy/ptII/ptolemy/actor/lib/test/auto/PublisherPort8.xml
----------------- Instantiating /home/travis/build/icyphy/ptII/ptolemy/actor/lib/test/auto/PublisherPort8.xml
5 ms. Memory: 1390592K Free: 937141K (67%)
----------------- Invoking toplevel() on ptolemy.moml.MoMLSimpleApplication@44bc2205
----------------- Done invoking toplevel() on ptolemy.moml.MoMLSimpleApplication@44bc2205
reloadAllAccessors: .PublisherPort8

===========================================================================================
----------------- testing Sat Jun 16 01:24:05 UTC 2018 /home/travis/build/icyphy/ptII/ptolemy/actor/lib/test/auto/PublisherPortSubscriberChannelVariablesAOC2.xml
----------------- Instantiating /home/travis/build/icyphy/ptII/ptolemy/actor/lib/test/auto/PublisherPortSubscriberChannelVariablesAOC2.xml
3 ms. Memory: 1390592K Free: 911673K (66%)
----------------- Invoking toplevel() on ptolemy.moml.MoMLSimpleApplication@7325d1fe
----------------- Done invoking toplevel() on ptolemy.moml.MoMLSimpleApplication@7325d1fe
reloadAllAccessors: .PublisherPortSubscriberChannelVariablesAOC2

===========================================================================================
----------------- testing Sat Jun 16 01:24:05 UTC 2018 /home/travis/build/icyphy/ptII/ptolemy/actor/lib/test/auto/PublisherPortSubscriberOpaqueWidthInference.xml
----------------- Instantiating /home/travis/build/icyphy/ptII/ptolemy/actor/lib/test/auto/PublisherPortSubscriberOpaqueWidthInference.xml
3 ms. Memory: 1390592K Free: 898955K (65%)
----------------- Invoking toplevel() on ptolemy.moml.MoMLSimpleApplication@4b808783
----------------- Done invoking toplevel() on ptolemy.moml.MoMLSimpleApplication@4b808783
reloadAllAccessors: .PublisherPortSubscriberOpaqueWidthInference

===========================================================================================
----------------- testing Sat Jun 16 01:24:05 UTC 2018 /home/travis/build/icyphy/ptII/ptolemy/actor/lib/test/auto/PublisherPortSubscriberPortAdjacent.xml
----------------- Instantiating /home/travis/build/icyphy/ptII/ptolemy/actor/lib/test/auto/PublisherPortSubscriberPortAdjacent.xml
2 ms. Memory: 1390592K Free: 874131K (63%)
----------------- Invoking toplevel() on ptolemy.moml.MoMLSimpleApplication@7b830cc1
----------------- Done invoking toplevel() on ptolemy.moml.MoMLSimpleApplication@7b830cc1
reloadAllAccessors: .PublisherPortSubscriberPortAdjacent

===========================================================================================
----------------- testing Sat Jun 16 01:24:05 UTC 2018 /home/travis/build/icyphy/ptII/ptolemy/actor/lib/test/auto/PublisherPortSubscriberPortExpression.xml
----------------- Instantiating /home/travis/build/icyphy/ptII/ptolemy/actor/lib/test/auto/PublisherPortSubscriberPortExpression.xml
4 ms. Memory: 1390592K Free: 861413K (62%)
----------------- Invoking toplevel() on ptolemy.moml.MoMLSimpleApplication@32e82215
----------------- Done invoking toplevel() on ptolemy.moml.MoMLSimpleApplication@32e82215
reloadAllAccessors: .PublisherPortSubscriberPortExpression

===========================================================================================
----------------- testing Sat Jun 16 01:24:05 UTC 2018 /home/travis/build/icyphy/ptII/ptolemy/actor/lib/test/auto/PublisherPortSubscriberPortOpaqueD3Reverse.xml
----------------- Instantiating /home/travis/build/icyphy/ptII/ptolemy/actor/lib/test/auto/PublisherPortSubscriberPortOpaqueD3Reverse.xml
6 ms. Memory: 1390592K Free: 836590K (60%)
----------------- Invoking toplevel() on ptolemy.moml.MoMLSimpleApplication@1daeba61
----------------- Done invoking toplevel() on ptolemy.moml.MoMLSimpleApplication@1daeba61
reloadAllAccessors: .PublisherPortSubscriberPortOpaqueD3Reverse

===========================================================================================
----------------- testing Sat Jun 16 01:24:05 UTC 2018 /home/travis/build/icyphy/ptII/ptolemy/actor/lib/test/auto/PublisherPortSubscriberPortOpaqueWidthInference.xml
----------------- Instantiating /home/travis/build/icyphy/ptII/ptolemy/actor/lib/test/auto/PublisherPortSubscriberPortOpaqueWidthInference.xml
5 ms. Memory: 1390592K Free: 823872K (59%)
----------------- Invoking toplevel() on ptolemy.moml.MoMLSimpleApplication@4a4caeed
----------------- Done invoking toplevel() on ptolemy.moml.MoMLSimpleApplication@4a4caeed
reloadAllAccessors: .PublisherPortSubscriberPortOpaqueWidthInference

===========================================================================================
----------------- testing Sat Jun 16 01:24:05 UTC 2018 /home/travis/build/icyphy/ptII/ptolemy/actor/lib/test/auto/PublisherPortToplevelSubscriberPortAOC.xml
----------------- Instantiating /home/travis/build/icyphy/ptII/ptolemy/actor/lib/test/auto/PublisherPortToplevelSubscriberPortAOC.xml
.PublisherPortToplevelSubscriberPortAOC.TestExceptionAttribute: initialize() was not invoked, but wrapup() was.  This is unusual, but not always a problem.  For example, exporting JNLP will do this.
0 ms. Memory: 1390592K Free: 811154K (58%)
----------------- Invoking toplevel() on ptolemy.moml.MoMLSimpleApplication@34217831
----------------- Done invoking toplevel() on ptolemy.moml.MoMLSimpleApplication@34217831
reloadAllAccessors: .PublisherPortToplevelSubscriberPortAOC

===========================================================================================
----------------- testing Sat Jun 16 01:24:05 UTC 2018 /home/travis/build/icyphy/ptII/ptolemy/actor/lib/test/auto/PublisherSubscriber.xml
----------------- Instantiating /home/travis/build/icyphy/ptII/ptolemy/actor/lib/test/auto/PublisherSubscriber.xml
3 ms. Memory: 1390592K Free: 792706K (57%)
----------------- Invoking toplevel() on ptolemy.moml.MoMLSimpleApplication@560a25bd
----------------- Done invoking toplevel() on ptolemy.moml.MoMLSimpleApplication@560a25bd
reloadAllAccessors: .PublisherSubscriber

===========================================================================================
----------------- testing Sat Jun 16 01:24:05 UTC 2018 /home/travis/build/icyphy/ptII/ptolemy/actor/lib/test/auto/PublisherSubscriber10.xml
----------------- Instantiating /home/travis/build/icyphy/ptII/ptolemy/actor/lib/test/auto/PublisherSubscriber10.xml
6 ms. Memory: 1390592K Free: 773629K (56%)
----------------- Invoking toplevel() on ptolemy.moml.MoMLSimpleApplication@7fc81244
----------------- Done invoking toplevel() on ptolemy.moml.MoMLSimpleApplication@7fc81244
reloadAllAccessors: .PublisherSubscriber10

===========================================================================================
----------------- testing Sat Jun 16 01:24:05 UTC 2018 /home/travis/build/icyphy/ptII/ptolemy/actor/lib/test/auto/PublisherSubscriber10InitialOutputs.xml
----------------- Instantiating /home/travis/build/icyphy/ptII/ptolemy/actor/lib/test/auto/PublisherSubscriber10InitialOutputs.xml
10 ms. Memory: 1390592K Free: 748814K (54%)
----------------- Invoking toplevel() on ptolemy.moml.MoMLSimpleApplication@2a5571e4
----------------- Done invoking toplevel() on ptolemy.moml.MoMLSimpleApplication@2a5571e4
reloadAllAccessors: .PublisherSubscriber10InitialOutputs

===========================================================================================
----------------- testing Sat Jun 16 01:24:05 UTC 2018 /home/travis/build/icyphy/ptII/ptolemy/actor/lib/test/auto/PublisherSubscriber11.xml
----------------- Instantiating /home/travis/build/icyphy/ptII/ptolemy/actor/lib/test/auto/PublisherSubscriber11.xml
3 ms. Memory: 1390592K Free: 736095K (53%)
----------------- Invoking toplevel() on ptolemy.moml.MoMLSimpleApplication@4fb9524
----------------- Done invoking toplevel() on ptolemy.moml.MoMLSimpleApplication@4fb9524
reloadAllAccessors: .PublisherSubscriber11

===========================================================================================
----------------- testing Sat Jun 16 01:24:05 UTC 2018 /home/travis/build/icyphy/ptII/ptolemy/actor/lib/test/auto/PublisherSubscriber12.xml
----------------- Instantiating /home/travis/build/icyphy/ptII/ptolemy/actor/lib/test/auto/PublisherSubscriber12.xml
2 ms. Memory: 1390592K Free: 717647K (52%)
----------------- Invoking toplevel() on ptolemy.moml.MoMLSimpleApplication@367fcc78
----------------- Done invoking toplevel() on ptolemy.moml.MoMLSimpleApplication@367fcc78
reloadAllAccessors: .PublisherSubscriber12

===========================================================================================
----------------- testing Sat Jun 16 01:24:05 UTC 2018 /home/travis/build/icyphy/ptII/ptolemy/actor/lib/test/auto/PublisherSubscriber13.xml
----------------- Instantiating /home/travis/build/icyphy/ptII/ptolemy/actor/lib/test/auto/PublisherSubscriber13.xml
3 ms. Memory: 1390592K Free: 704929K (51%)
----------------- Invoking toplevel() on ptolemy.moml.MoMLSimpleApplication@5e8f916b
----------------- Done invoking toplevel() on ptolemy.moml.MoMLSimpleApplication@5e8f916b
reloadAllAccessors: .PublisherSubscriber13

===========================================================================================
----------------- testing Sat Jun 16 01:24:05 UTC 2018 /home/travis/build/icyphy/ptII/ptolemy/actor/lib/test/auto/PublisherSubscriber14.xml
----------------- Instantiating /home/travis/build/icyphy/ptII/ptolemy/actor/lib/test/auto/PublisherSubscriber14.xml
2 ms. Memory: 1390592K Free: 685836K (49%)
----------------- Invoking toplevel() on ptolemy.moml.MoMLSimpleApplication@c26a1bc
----------------- Done invoking toplevel() on ptolemy.moml.MoMLSimpleApplication@c26a1bc
reloadAllAccessors: .PublisherSubscriber14

===========================================================================================
----------------- testing Sat Jun 16 01:24:05 UTC 2018 /home/travis/build/icyphy/ptII/ptolemy/actor/lib/test/auto/PublisherSubscriber2.xml
----------------- Instantiating /home/travis/build/icyphy/ptII/ptolemy/actor/lib/test/auto/PublisherSubscriber2.xml
2 ms. Memory: 1390592K Free: 667388K (48%)
----------------- Invoking toplevel() on ptolemy.moml.MoMLSimpleApplication@6d04418e
----------------- Done invoking toplevel() on ptolemy.moml.MoMLSimpleApplication@6d04418e
reloadAllAccessors: .PublisherSubscriber2

===========================================================================================
----------------- testing Sat Jun 16 01:24:05 UTC 2018 /home/travis/build/icyphy/ptII/ptolemy/actor/lib/test/auto/PublisherSubscriber3.xml
----------------- Instantiating /home/travis/build/icyphy/ptII/ptolemy/actor/lib/test/auto/PublisherSubscriber3.xml
2 ms. Memory: 1390592K Free: 654670K (47%)
----------------- Invoking toplevel() on ptolemy.moml.MoMLSimpleApplication@57d2290e
----------------- Done invoking toplevel() on ptolemy.moml.MoMLSimpleApplication@57d2290e
reloadAllAccessors: .PublisherSubscriber3

===========================================================================================
----------------- testing Sat Jun 16 01:24:05 UTC 2018 /home/travis/build/icyphy/ptII/ptolemy/actor/lib/test/auto/PublisherSubscriber4.xml
----------------- Instantiating /home/travis/build/icyphy/ptII/ptolemy/actor/lib/test/auto/PublisherSubscriber4.xml
2 ms. Memory: 1390592K Free: 636222K (46%)
----------------- Invoking toplevel() on ptolemy.moml.MoMLSimpleApplication@3a21adea
----------------- Done invoking toplevel() on ptolemy.moml.MoMLSimpleApplication@3a21adea
reloadAllAccessors: .PublisherSubscriber4

===========================================================================================
----------------- testing Sat Jun 16 01:24:05 UTC 2018 /home/travis/build/icyphy/ptII/ptolemy/actor/lib/test/auto/PublisherSubscriber5.xml
----------------- Instantiating /home/travis/build/icyphy/ptII/ptolemy/actor/lib/test/auto/PublisherSubscriber5.xml
2 ms. Memory: 1390592K Free: 623504K (45%)
----------------- Invoking toplevel() on ptolemy.moml.MoMLSimpleApplication@2be8629c
----------------- Done invoking toplevel() on ptolemy.moml.MoMLSimpleApplication@2be8629c
reloadAllAccessors: .PublisherSubscriber5

===========================================================================================
----------------- testing Sat Jun 16 01:24:05 UTC 2018 /home/travis/build/icyphy/ptII/ptolemy/actor/lib/test/auto/PublisherSubscriber6.xml
----------------- Instantiating /home/travis/build/icyphy/ptII/ptolemy/actor/lib/test/auto/PublisherSubscriber6.xml
3 ms. Memory: 1390592K Free: 605056K (44%)
----------------- Invoking toplevel() on ptolemy.moml.MoMLSimpleApplication@6270cfc6
----------------- Done invoking toplevel() on ptolemy.moml.MoMLSimpleApplication@6270cfc6
reloadAllAccessors: .PublisherSubscriber6

===========================================================================================
----------------- testing Sat Jun 16 01:24:05 UTC 2018 /home/travis/build/icyphy/ptII/ptolemy/actor/lib/test/auto/PublisherSubscriber7.xml
----------------- Instantiating /home/travis/build/icyphy/ptII/ptolemy/actor/lib/test/auto/PublisherSubscriber7.xml
3 ms. Memory: 1390592K Free: 592338K (43%)
----------------- Invoking toplevel() on ptolemy.moml.MoMLSimpleApplication@5376b193
----------------- Done invoking toplevel() on ptolemy.moml.MoMLSimpleApplication@5376b193
reloadAllAccessors: .PublisherSubscriber7

===========================================================================================
----------------- testing Sat Jun 16 01:24:05 UTC 2018 /home/travis/build/icyphy/ptII/ptolemy/actor/lib/test/auto/PublisherSubscriber8.xml
----------------- Instantiating /home/travis/build/icyphy/ptII/ptolemy/actor/lib/test/auto/PublisherSubscriber8.xml
22 ms. Memory: 1390592K Free: 516029K (37%)
----------------- Invoking toplevel() on ptolemy.moml.MoMLSimpleApplication@62656f37
----------------- Done invoking toplevel() on ptolemy.moml.MoMLSimpleApplication@62656f37
reloadAllAccessors: .PublisherSubscriber8

===========================================================================================
----------------- testing Sat Jun 16 01:24:05 UTC 2018 /home/travis/build/icyphy/ptII/ptolemy/actor/lib/test/auto/PublisherSubscriber9.xml
----------------- Instantiating /home/travis/build/icyphy/ptII/ptolemy/actor/lib/test/auto/PublisherSubscriber9.xml
3 ms. Memory: 1390592K Free: 497581K (36%)
----------------- Invoking toplevel() on ptolemy.moml.MoMLSimpleApplication@52605a8a
----------------- Done invoking toplevel() on ptolemy.moml.MoMLSimpleApplication@52605a8a
reloadAllAccessors: .PublisherSubscriber9

===========================================================================================
----------------- testing Sat Jun 16 01:24:05 UTC 2018 /home/travis/build/icyphy/ptII/ptolemy/actor/lib/test/auto/PublisherSubscriberAdjacent.xml
----------------- Instantiating /home/travis/build/icyphy/ptII/ptolemy/actor/lib/test/auto/PublisherSubscriberAdjacent.xml
2 ms. Memory: 1390592K Free: 478488K (34%)
----------------- Invoking toplevel() on ptolemy.moml.MoMLSimpleApplication@1f1cfcfd
----------------- Done invoking toplevel() on ptolemy.moml.MoMLSimpleApplication@1f1cfcfd
reloadAllAccessors: .PublisherSubscriberAdjacent

===========================================================================================
----------------- testing Sat Jun 16 01:24:05 UTC 2018 /home/travis/build/icyphy/ptII/ptolemy/actor/lib/test/auto/PublisherSubscriberChannelVariablesAOC2.xml
----------------- Instantiating /home/travis/build/icyphy/ptII/ptolemy/actor/lib/test/auto/PublisherSubscriberChannelVariablesAOC2.xml
3 ms. Memory: 1390592K Free: 453681K (33%)
----------------- Invoking toplevel() on ptolemy.moml.MoMLSimpleApplication@2a7c88ca
----------------- Done invoking toplevel() on ptolemy.moml.MoMLSimpleApplication@2a7c88ca
reloadAllAccessors: .PublisherSubscriberChannelVariablesAOC2

===========================================================================================
----------------- testing Sat Jun 16 01:24:05 UTC 2018 /home/travis/build/icyphy/ptII/ptolemy/actor/lib/test/auto/PublisherSubscriberD3.xml
----------------- Instantiating /home/travis/build/icyphy/ptII/ptolemy/actor/lib/test/auto/PublisherSubscriberD3.xml
2 ms. Memory: 1390592K Free: 440963K (32%)
----------------- Invoking toplevel() on ptolemy.moml.MoMLSimpleApplication@3d4a8122
----------------- Done invoking toplevel() on ptolemy.moml.MoMLSimpleApplication@3d4a8122
reloadAllAccessors: .PublisherSubscriberD3

===========================================================================================
----------------- testing Sat Jun 16 01:24:05 UTC 2018 /home/travis/build/icyphy/ptII/ptolemy/actor/lib/test/auto/PublisherSubscriberD3Reverse.xml
----------------- Instantiating /home/travis/build/icyphy/ptII/ptolemy/actor/lib/test/auto/PublisherSubscriberD3Reverse.xml
1 ms. Memory: 1390592K Free: 428245K (31%)
----------------- Invoking toplevel() on ptolemy.moml.MoMLSimpleApplication@70f26b2a
----------------- Done invoking toplevel() on ptolemy.moml.MoMLSimpleApplication@70f26b2a
reloadAllAccessors: .PublisherSubscriberD3Reverse

===========================================================================================
----------------- testing Sat Jun 16 01:24:05 UTC 2018 /home/travis/build/icyphy/ptII/ptolemy/actor/lib/test/auto/PublisherSubscriberExpression.xml
----------------- Instantiating /home/travis/build/icyphy/ptII/ptolemy/actor/lib/test/auto/PublisherSubscriberExpression.xml
4 ms. Memory: 1390592K Free: 403421K (29%)
----------------- Invoking toplevel() on ptolemy.moml.MoMLSimpleApplication@533364bb
----------------- Done invoking toplevel() on ptolemy.moml.MoMLSimpleApplication@533364bb
reloadAllAccessors: .PublisherSubscriberExpression

===========================================================================================
----------------- testing Sat Jun 16 01:24:05 UTC 2018 /home/travis/build/icyphy/ptII/ptolemy/actor/lib/test/auto/PublisherSubscriberOpaque.xml
----------------- Instantiating /home/travis/build/icyphy/ptII/ptolemy/actor/lib/test/auto/PublisherSubscriberOpaque.xml
4 ms. Memory: 1390592K Free: 390703K (28%)
----------------- Invoking toplevel() on ptolemy.moml.MoMLSimpleApplication@13885551
----------------- Done invoking toplevel() on ptolemy.moml.MoMLSimpleApplication@13885551
reloadAllAccessors: .PublisherSubscriberOpaque

===========================================================================================
----------------- testing Sat Jun 16 01:24:06 UTC 2018 /home/travis/build/icyphy/ptII/ptolemy/actor/lib/test/auto/PublisherSubscriberOpaqueD3.xml
----------------- Instantiating /home/travis/build/icyphy/ptII/ptolemy/actor/lib/test/auto/PublisherSubscriberOpaqueD3.xml
5 ms. Memory: 1390592K Free: 365880K (26%)
----------------- Invoking toplevel() on ptolemy.moml.MoMLSimpleApplication@64af67e9
----------------- Done invoking toplevel() on ptolemy.moml.MoMLSimpleApplication@64af67e9
reloadAllAccessors: .PublisherSubscriberOpaqueD3

===========================================================================================
----------------- testing Sat Jun 16 01:24:06 UTC 2018 /home/travis/build/icyphy/ptII/ptolemy/actor/lib/test/auto/PublisherSubscriberOpaqueD3Reverse.xml
----------------- Instantiating /home/travis/build/icyphy/ptII/ptolemy/actor/lib/test/auto/PublisherSubscriberOpaqueD3Reverse.xml
6 ms. Memory: 1390592K Free: 346787K (25%)
----------------- Invoking toplevel() on ptolemy.moml.MoMLSimpleApplication@4bf4ebf6
----------------- Done invoking toplevel() on ptolemy.moml.MoMLSimpleApplication@4bf4ebf6
reloadAllAccessors: .PublisherSubscriberOpaqueD3Reverse

===========================================================================================
----------------- testing Sat Jun 16 01:24:06 UTC 2018 /home/travis/build/icyphy/ptII/ptolemy/actor/lib/test/auto/PublisherSubscriberOpaqueWidthInference.xml
----------------- Instantiating /home/travis/build/icyphy/ptII/ptolemy/actor/lib/test/auto/PublisherSubscriberOpaqueWidthInference.xml
4 ms. Memory: 1390592K Free: 328339K (24%)
----------------- Invoking toplevel() on ptolemy.moml.MoMLSimpleApplication@1a227b3e
----------------- Done invoking toplevel() on ptolemy.moml.MoMLSimpleApplication@1a227b3e
reloadAllAccessors: .PublisherSubscriberOpaqueWidthInference

===========================================================================================
----------------- testing Sat Jun 16 01:24:06 UTC 2018 /home/travis/build/icyphy/ptII/ptolemy/actor/lib/test/auto/PublisherTestSubscriber.xml
----------------- Instantiating /home/travis/build/icyphy/ptII/ptolemy/actor/lib/test/auto/PublisherTestSubscriber.xml
5 ms. Memory: 1390592K Free: 315621K (23%)
----------------- Invoking toplevel() on ptolemy.moml.MoMLSimpleApplication@44fe6693
----------------- Done invoking toplevel() on ptolemy.moml.MoMLSimpleApplication@44fe6693
reloadAllAccessors: .PublisherTestSubscriber

===========================================================================================
----------------- testing Sat Jun 16 01:24:06 UTC 2018 /home/travis/build/icyphy/ptII/ptolemy/actor/lib/test/auto/PublisherToplevelSubscriberPortAOC.xml
----------------- Instantiating /home/travis/build/icyphy/ptII/ptolemy/actor/lib/test/auto/PublisherToplevelSubscriberPortAOC.xml
2 ms. Memory: 1390592K Free: 302903K (22%)
----------------- Invoking toplevel() on ptolemy.moml.MoMLSimpleApplication@893fc6f
----------------- Done invoking toplevel() on ptolemy.moml.MoMLSimpleApplication@893fc6f
reloadAllAccessors: .PublisherToplevelSubscriberPortAOC

===========================================================================================
----------------- testing Sat Jun 16 01:24:06 UTC 2018 /home/travis/build/icyphy/ptII/ptolemy/actor/lib/test/auto/PulseFiringLimitDE.xml
----------------- Instantiating /home/travis/build/icyphy/ptII/ptolemy/actor/lib/test/auto/PulseFiringLimitDE.xml
2 ms. Memory: 1390592K Free: 284455K (20%)
----------------- Invoking toplevel() on ptolemy.moml.MoMLSimpleApplication@39ebb4f6
----------------- Done invoking toplevel() on ptolemy.moml.MoMLSimpleApplication@39ebb4f6
reloadAllAccessors: .PulseFiringLimitDE

===========================================================================================
----------------- testing Sat Jun 16 01:24:06 UTC 2018 /home/travis/build/icyphy/ptII/ptolemy/actor/lib/test/auto/Ramp1.xml
----------------- Instantiating /home/travis/build/icyphy/ptII/ptolemy/actor/lib/test/auto/Ramp1.xml
2 ms. Memory: 1390592K Free: 271737K (20%)
----------------- Invoking toplevel() on ptolemy.moml.MoMLSimpleApplication@1e9a33e8
----------------- Done invoking toplevel() on ptolemy.moml.MoMLSimpleApplication@1e9a33e8
reloadAllAccessors: .Ramp1

===========================================================================================
----------------- testing Sat Jun 16 01:24:06 UTC 2018 /home/travis/build/icyphy/ptII/ptolemy/actor/lib/test/auto/RampFiringLimitDE.xml
----------------- Instantiating /home/travis/build/icyphy/ptII/ptolemy/actor/lib/test/auto/RampFiringLimitDE.xml
2 ms. Memory: 1390592K Free: 253289K (18%)
----------------- Invoking toplevel() on ptolemy.moml.MoMLSimpleApplication@2799e15c
----------------- Done invoking toplevel() on ptolemy.moml.MoMLSimpleApplication@2799e15c
reloadAllAccessors: .RampFiringLimitDE

===========================================================================================
----------------- testing Sat Jun 16 01:24:06 UTC 2018 /home/travis/build/icyphy/ptII/ptolemy/actor/lib/test/auto/RampFiringLimitSDF.xml
----------------- Instantiating /home/travis/build/icyphy/ptII/ptolemy/actor/lib/test/auto/RampFiringLimitSDF.xml
2 ms. Memory: 1390592K Free: 240571K (17%)
----------------- Invoking toplevel() on ptolemy.moml.MoMLSimpleApplication@1a947dfb
----------------- Done invoking toplevel() on ptolemy.moml.MoMLSimpleApplication@1a947dfb
reloadAllAccessors: .RampFiringLimitSDF

===========================================================================================
----------------- testing Sat Jun 16 01:24:06 UTC 2018 /home/travis/build/icyphy/ptII/ptolemy/actor/lib/test/auto/RandomInteger.xml
----------------- Instantiating /home/travis/build/icyphy/ptII/ptolemy/actor/lib/test/auto/RandomInteger.xml
1 ms. Memory: 1390592K Free: 222123K (16%)
----------------- Invoking toplevel() on ptolemy.moml.MoMLSimpleApplication@6a8109d1
----------------- Done invoking toplevel() on ptolemy.moml.MoMLSimpleApplication@6a8109d1
reloadAllAccessors: .RandomInteger

===========================================================================================
----------------- testing Sat Jun 16 01:24:06 UTC 2018 /home/travis/build/icyphy/ptII/ptolemy/actor/lib/test/auto/ReadFile1.xml
----------------- Instantiating /home/travis/build/icyphy/ptII/ptolemy/actor/lib/test/auto/ReadFile1.xml
2 ms. Memory: 1390592K Free: 209405K (15%)
----------------- Invoking toplevel() on ptolemy.moml.MoMLSimpleApplication@1a7a95b9
----------------- Done invoking toplevel() on ptolemy.moml.MoMLSimpleApplication@1a7a95b9
reloadAllAccessors: .ReadFile1

===========================================================================================
----------------- testing Sat Jun 16 01:24:06 UTC 2018 /home/travis/build/icyphy/ptII/ptolemy/actor/lib/test/auto/ReadFile2.xml
----------------- Instantiating /home/travis/build/icyphy/ptII/ptolemy/actor/lib/test/auto/ReadFile2.xml
2 ms. Memory: 1390592K Free: 196687K (14%)
----------------- Invoking toplevel() on ptolemy.moml.MoMLSimpleApplication@117fd699
----------------- Done invoking toplevel() on ptolemy.moml.MoMLSimpleApplication@117fd699
reloadAllAccessors: .ReadFile2

===========================================================================================
----------------- testing Sat Jun 16 01:24:06 UTC 2018 /home/travis/build/icyphy/ptII/ptolemy/actor/lib/test/auto/Reader.xml
----------------- Instantiating /home/travis/build/icyphy/ptII/ptolemy/actor/lib/test/auto/Reader.xml
actor.lib.Reader is obsolete, use actor.lib.io.ExpressionReader instead
2 ms. Memory: 1390592K Free: 178239K (13%)
----------------- Invoking toplevel() on ptolemy.moml.MoMLSimpleApplication@7824f10
----------------- Done invoking toplevel() on ptolemy.moml.MoMLSimpleApplication@7824f10
reloadAllAccessors: .Reader

===========================================================================================
----------------- testing Sat Jun 16 01:24:06 UTC 2018 /home/travis/build/icyphy/ptII/ptolemy/actor/lib/test/auto/RecordAssemblerDisplayNameTest.xml
----------------- Instantiating /home/travis/build/icyphy/ptII/ptolemy/actor/lib/test/auto/RecordAssemblerDisplayNameTest.xml
3763 ms. Memory: 1483264K Free: 254546K (17%)
----------------- Invoking toplevel() on ptolemy.moml.MoMLSimpleApplication@2f4b3df4
----------------- Done invoking toplevel() on ptolemy.moml.MoMLSimpleApplication@2f4b3df4
reloadAllAccessors: .RecordAssemblerDisplayNameTest

===========================================================================================
----------------- testing Sat Jun 16 01:24:10 UTC 2018 /home/travis/build/icyphy/ptII/ptolemy/actor/lib/test/auto/RecordAssemblerTypeError.xml
----------------- Instantiating /home/travis/build/icyphy/ptII/ptolemy/actor/lib/test/auto/RecordAssemblerTypeError.xml
9 ms. Memory: 1483264K Free: 225145K (15%)
----------------- Invoking toplevel() on ptolemy.moml.MoMLSimpleApplication@62a073a2
----------------- Done invoking toplevel() on ptolemy.moml.MoMLSimpleApplication@62a073a2
reloadAllAccessors: .RecordAssemblerTypeError

===========================================================================================
----------------- testing Sat Jun 16 01:24:10 UTC 2018 /home/travis/build/icyphy/ptII/ptolemy/actor/lib/test/auto/RecordDisassember.xml
----------------- Instantiating /home/travis/build/icyphy/ptII/ptolemy/actor/lib/test/auto/RecordDisassember.xml
3 ms. Memory: 1483264K Free: 211337K (14%)
----------------- Invoking toplevel() on ptolemy.moml.MoMLSimpleApplication@19a7aaad
----------------- Done invoking toplevel() on ptolemy.moml.MoMLSimpleApplication@19a7aaad
reloadAllAccessors: .RecordDisassember

===========================================================================================
----------------- testing Sat Jun 16 01:24:10 UTC 2018 /home/travis/build/icyphy/ptII/ptolemy/actor/lib/test/auto/RecordDisassemberDisplayNameTest.xml
----------------- Instantiating /home/travis/build/icyphy/ptII/ptolemy/actor/lib/test/auto/RecordDisassemberDisplayNameTest.xml
6 ms. Memory: 1483264K Free: 192293K (13%)
----------------- Invoking toplevel() on ptolemy.moml.MoMLSimpleApplication@3ad51d0f
----------------- Done invoking toplevel() on ptolemy.moml.MoMLSimpleApplication@3ad51d0f
reloadAllAccessors: .RecordDisassemberDisplayNameTest

===========================================================================================
----------------- testing Sat Jun 16 01:24:10 UTC 2018 /home/travis/build/icyphy/ptII/ptolemy/actor/lib/test/auto/RecordDisassembler.xml
----------------- Instantiating /home/travis/build/icyphy/ptII/ptolemy/actor/lib/test/auto/RecordDisassembler.xml
2 ms. Memory: 1483264K Free: 178484K (12%)
----------------- Invoking toplevel() on ptolemy.moml.MoMLSimpleApplication@5ebcb875
----------------- Done invoking toplevel() on ptolemy.moml.MoMLSimpleApplication@5ebcb875
reloadAllAccessors: .RecordDisassembler

===========================================================================================
----------------- testing Sat Jun 16 01:24:10 UTC 2018 /home/travis/build/icyphy/ptII/ptolemy/actor/lib/test/auto/RecordDisassembler2.xml
----------------- Instantiating /home/travis/build/icyphy/ptII/ptolemy/actor/lib/test/auto/RecordDisassembler2.xml
4 ms. Memory: 1483264K Free: 159440K (11%)
----------------- Invoking toplevel() on ptolemy.moml.MoMLSimpleApplication@16558ded
----------------- Done invoking toplevel() on ptolemy.moml.MoMLSimpleApplication@16558ded
reloadAllAccessors: .RecordDisassembler2

===========================================================================================
----------------- testing Sat Jun 16 01:24:10 UTC 2018 /home/travis/build/icyphy/ptII/ptolemy/actor/lib/test/auto/RecordUpdater.xml
----------------- Instantiating /home/travis/build/icyphy/ptII/ptolemy/actor/lib/test/auto/RecordUpdater.xml
2 ms. Memory: 1483264K Free: 145631K (10%)
----------------- Invoking toplevel() on ptolemy.moml.MoMLSimpleApplication@3b8c1000
----------------- Done invoking toplevel() on ptolemy.moml.MoMLSimpleApplication@3b8c1000
reloadAllAccessors: .RecordUpdater

===========================================================================================
----------------- testing Sat Jun 16 01:24:10 UTC 2018 /home/travis/build/icyphy/ptII/ptolemy/actor/lib/test/auto/RecordUpdater2.xml
----------------- Instantiating /home/travis/build/icyphy/ptII/ptolemy/actor/lib/test/auto/RecordUpdater2.xml
2 ms. Memory: 1483264K Free: 126587K (9%)
----------------- Invoking toplevel() on ptolemy.moml.MoMLSimpleApplication@5de7f6c5
----------------- Done invoking toplevel() on ptolemy.moml.MoMLSimpleApplication@5de7f6c5
reloadAllAccessors: .RecordUpdater2

===========================================================================================
----------------- testing Sat Jun 16 01:24:10 UTC 2018 /home/travis/build/icyphy/ptII/ptolemy/actor/lib/test/auto/RecursiveLattice.xml
----------------- Instantiating /home/travis/build/icyphy/ptII/ptolemy/actor/lib/test/auto/RecursiveLattice.xml
1 ms. Memory: 1483264K Free: 112779K (8%)
----------------- Invoking toplevel() on ptolemy.moml.MoMLSimpleApplication@4ada4206
----------------- Done invoking toplevel() on ptolemy.moml.MoMLSimpleApplication@4ada4206
reloadAllAccessors: .RecursiveLattice

===========================================================================================
----------------- testing Sat Jun 16 01:24:10 UTC 2018 /home/travis/build/icyphy/ptII/ptolemy/actor/lib/test/auto/Router.xml
----------------- Instantiating /home/travis/build/icyphy/ptII/ptolemy/actor/lib/test/auto/Router.xml
3004 ms. Memory: 1483264K Free: 93735K (6%)
----------------- Invoking toplevel() on ptolemy.moml.MoMLSimpleApplication@6be839ec
----------------- Done invoking toplevel() on ptolemy.moml.MoMLSimpleApplication@6be839ec
reloadAllAccessors: .Router

===========================================================================================
----------------- testing Sat Jun 16 01:24:13 UTC 2018 /home/travis/build/icyphy/ptII/ptolemy/actor/lib/test/auto/Router2.xml
----------------- Instantiating /home/travis/build/icyphy/ptII/ptolemy/actor/lib/test/auto/Router2.xml
3004 ms. Memory: 1483264K Free: 79926K (5%)
----------------- Invoking toplevel() on ptolemy.moml.MoMLSimpleApplication@323017b6
----------------- Done invoking toplevel() on ptolemy.moml.MoMLSimpleApplication@323017b6
reloadAllAccessors: .Router2

===========================================================================================
----------------- testing Sat Jun 16 01:24:16 UTC 2018 /home/travis/build/icyphy/ptII/ptolemy/actor/lib/test/auto/RunningMaximum.xml
----------------- Instantiating /home/travis/build/icyphy/ptII/ptolemy/actor/lib/test/auto/RunningMaximum.xml
9 ms. Memory: 1483264K Free: 61836K (4%)
----------------- Invoking toplevel() on ptolemy.moml.MoMLSimpleApplication@7415b62
----------------- Done invoking toplevel() on ptolemy.moml.MoMLSimpleApplication@7415b62
reloadAllAccessors: .RunningMaximum

===========================================================================================
----------------- testing Sat Jun 16 01:24:16 UTC 2018 /home/travis/build/icyphy/ptII/ptolemy/actor/lib/test/auto/RunningMinimum.xml
----------------- Instantiating /home/travis/build/icyphy/ptII/ptolemy/actor/lib/test/auto/RunningMinimum.xml
4 ms. Memory: 1578496K Free: 1524409K (97%)
----------------- Invoking toplevel() on ptolemy.moml.MoMLSimpleApplication@718e70b2
----------------- Done invoking toplevel() on ptolemy.moml.MoMLSimpleApplication@718e70b2
reloadAllAccessors: .RunningMinimum

===========================================================================================
----------------- testing Sat Jun 16 01:24:16 UTC 2018 /home/travis/build/icyphy/ptII/ptolemy/actor/lib/test/auto/Scale.xml
----------------- Instantiating /home/travis/build/icyphy/ptII/ptolemy/actor/lib/test/auto/Scale.xml
1 ms. Memory: 1578496K Free: 1500858K (95%)
----------------- Invoking toplevel() on ptolemy.moml.MoMLSimpleApplication@22cf6f40
----------------- Done invoking toplevel() on ptolemy.moml.MoMLSimpleApplication@22cf6f40
reloadAllAccessors: .Scale

===========================================================================================
----------------- testing Sat Jun 16 01:24:16 UTC 2018 /home/travis/build/icyphy/ptII/ptolemy/actor/lib/test/auto/Scale2.xml
----------------- Instantiating /home/travis/build/icyphy/ptII/ptolemy/actor/lib/test/auto/Scale2.xml
7 ms. Memory: 1578496K Free: 1477307K (94%)
----------------- Invoking toplevel() on ptolemy.moml.MoMLSimpleApplication@7c83fffe
----------------- Done invoking toplevel() on ptolemy.moml.MoMLSimpleApplication@7c83fffe
reloadAllAccessors: .Scale2

===========================================================================================
----------------- testing Sat Jun 16 01:24:16 UTC 2018 /home/travis/build/icyphy/ptII/ptolemy/actor/lib/test/auto/Scale3.xml
----------------- Instantiating /home/travis/build/icyphy/ptII/ptolemy/actor/lib/test/auto/Scale3.xml
3 ms. Memory: 1578496K Free: 1457626K (92%)
----------------- Invoking toplevel() on ptolemy.moml.MoMLSimpleApplication@d28b7be
----------------- Done invoking toplevel() on ptolemy.moml.MoMLSimpleApplication@d28b7be
reloadAllAccessors: .Scale3

===========================================================================================
----------------- testing Sat Jun 16 01:24:16 UTC 2018 /home/travis/build/icyphy/ptII/ptolemy/actor/lib/test/auto/ScaleArray.xml
----------------- Instantiating /home/travis/build/icyphy/ptII/ptolemy/actor/lib/test/auto/ScaleArray.xml
1 ms. Memory: 1578496K Free: 1434075K (91%)
----------------- Invoking toplevel() on ptolemy.moml.MoMLSimpleApplication@779425a0
----------------- Done invoking toplevel() on ptolemy.moml.MoMLSimpleApplication@779425a0
reloadAllAccessors: .ScaleArray

===========================================================================================
----------------- testing Sat Jun 16 01:24:16 UTC 2018 /home/travis/build/icyphy/ptII/ptolemy/actor/lib/test/auto/ScaleArray2.xml
----------------- Instantiating /home/travis/build/icyphy/ptII/ptolemy/actor/lib/test/auto/ScaleArray2.xml
2 ms. Memory: 1578496K Free: 1410524K (89%)
----------------- Invoking toplevel() on ptolemy.moml.MoMLSimpleApplication@c7f3508
----------------- Done invoking toplevel() on ptolemy.moml.MoMLSimpleApplication@c7f3508
reloadAllAccessors: .ScaleArray2

===========================================================================================
----------------- testing Sat Jun 16 01:24:16 UTC 2018 /home/travis/build/icyphy/ptII/ptolemy/actor/lib/test/auto/ScaleMatrix.xml
----------------- Instantiating /home/travis/build/icyphy/ptII/ptolemy/actor/lib/test/auto/ScaleMatrix.xml
110 ms. Memory: 1578496K Free: 1380979K (87%)
----------------- Invoking toplevel() on ptolemy.moml.MoMLSimpleApplication@46772171
----------------- Done invoking toplevel() on ptolemy.moml.MoMLSimpleApplication@46772171
reloadAllAccessors: .ScaleMatrix

===========================================================================================
----------------- testing Sat Jun 16 01:24:16 UTC 2018 /home/travis/build/icyphy/ptII/ptolemy/actor/lib/test/auto/Select.xml
----------------- Instantiating /home/travis/build/icyphy/ptII/ptolemy/actor/lib/test/auto/Select.xml
2 ms. Memory: 1578496K Free: 1357428K (86%)
----------------- Invoking toplevel() on ptolemy.moml.MoMLSimpleApplication@5c390c7d
----------------- Done invoking toplevel() on ptolemy.moml.MoMLSimpleApplication@5c390c7d
reloadAllAccessors: .Select

===========================================================================================
----------------- testing Sat Jun 16 01:24:16 UTC 2018 /home/travis/build/icyphy/ptII/ptolemy/actor/lib/test/auto/Select2.xml
----------------- Instantiating /home/travis/build/icyphy/ptII/ptolemy/actor/lib/test/auto/Select2.xml
1 ms. Memory: 1578496K Free: 1333878K (85%)
----------------- Invoking toplevel() on ptolemy.moml.MoMLSimpleApplication@67c8f031
----------------- Done invoking toplevel() on ptolemy.moml.MoMLSimpleApplication@67c8f031
reloadAllAccessors: .Select2

===========================================================================================
----------------- testing Sat Jun 16 01:24:16 UTC 2018 /home/travis/build/icyphy/ptII/ptolemy/actor/lib/test/auto/SequenceToArray2.xml
----------------- Instantiating /home/travis/build/icyphy/ptII/ptolemy/actor/lib/test/auto/SequenceToArray2.xml
80 ms. Memory: 1578496K Free: 1215789K (77%)
----------------- Invoking toplevel() on ptolemy.moml.MoMLSimpleApplication@4d86c7ee
----------------- Done invoking toplevel() on ptolemy.moml.MoMLSimpleApplication@4d86c7ee
reloadAllAccessors: .SequenceToArray2

===========================================================================================
----------------- testing Sat Jun 16 01:24:16 UTC 2018 /home/travis/build/icyphy/ptII/ptolemy/actor/lib/test/auto/SequentialClock.xml
----------------- Instantiating /home/travis/build/icyphy/ptII/ptolemy/actor/lib/test/auto/SequentialClock.xml
1 ms. Memory: 1578496K Free: 1192239K (76%)
----------------- Invoking toplevel() on ptolemy.moml.MoMLSimpleApplication@12941159
----------------- Done invoking toplevel() on ptolemy.moml.MoMLSimpleApplication@12941159
reloadAllAccessors: .SequentialClock

===========================================================================================
----------------- testing Sat Jun 16 01:24:16 UTC 2018 /home/travis/build/icyphy/ptII/ptolemy/actor/lib/test/auto/SetVariable.xml
----------------- Instantiating /home/travis/build/icyphy/ptII/ptolemy/actor/lib/test/auto/SetVariable.xml
4 ms. Memory: 1578496K Free: 1172557K (74%)
----------------- Invoking toplevel() on ptolemy.moml.MoMLSimpleApplication@3db73b49
----------------- Done invoking toplevel() on ptolemy.moml.MoMLSimpleApplication@3db73b49
reloadAllAccessors: .SetVariable

===========================================================================================
----------------- testing Sat Jun 16 01:24:16 UTC 2018 /home/travis/build/icyphy/ptII/ptolemy/actor/lib/test/auto/SetVariable2.xml
----------------- Instantiating /home/travis/build/icyphy/ptII/ptolemy/actor/lib/test/auto/SetVariable2.xml
3 ms. Memory: 1578496K Free: 1149007K (73%)
----------------- Invoking toplevel() on ptolemy.moml.MoMLSimpleApplication@5ba8efbd
----------------- Done invoking toplevel() on ptolemy.moml.MoMLSimpleApplication@5ba8efbd
reloadAllAccessors: .SetVariable2

===========================================================================================
----------------- testing Sat Jun 16 01:24:16 UTC 2018 /home/travis/build/icyphy/ptII/ptolemy/actor/lib/test/auto/SetVariable3.xml
----------------- Instantiating /home/travis/build/icyphy/ptII/ptolemy/actor/lib/test/auto/SetVariable3.xml
4 ms. Memory: 1578496K Free: 1125456K (71%)
----------------- Invoking toplevel() on ptolemy.moml.MoMLSimpleApplication@6a171034
----------------- Done invoking toplevel() on ptolemy.moml.MoMLSimpleApplication@6a171034
reloadAllAccessors: .SetVariable3

===========================================================================================
----------------- testing Sat Jun 16 01:24:16 UTC 2018 /home/travis/build/icyphy/ptII/ptolemy/actor/lib/test/auto/SetVariable4.xml
----------------- Instantiating /home/travis/build/icyphy/ptII/ptolemy/actor/lib/test/auto/SetVariable4.xml
18 ms. Memory: 1578496K Free: 1036890K (66%)
----------------- Invoking toplevel() on ptolemy.moml.MoMLSimpleApplication@58bcf595
----------------- Done invoking toplevel() on ptolemy.moml.MoMLSimpleApplication@58bcf595
reloadAllAccessors: .SetVariable4

===========================================================================================
----------------- testing Sat Jun 16 01:24:16 UTC 2018 /home/travis/build/icyphy/ptII/ptolemy/actor/lib/test/auto/SetVariable5.xml
----------------- Instantiating /home/travis/build/icyphy/ptII/ptolemy/actor/lib/test/auto/SetVariable5.xml
16 ms. Memory: 1578496K Free: 1013339K (64%)
----------------- Invoking toplevel() on ptolemy.moml.MoMLSimpleApplication@1cdc08d
----------------- Done invoking toplevel() on ptolemy.moml.MoMLSimpleApplication@1cdc08d
reloadAllAccessors: .SetVariable5

===========================================================================================
----------------- testing Sat Jun 16 01:24:16 UTC 2018 /home/travis/build/icyphy/ptII/ptolemy/actor/lib/test/auto/Sinewave.xml
----------------- Instantiating /home/travis/build/icyphy/ptII/ptolemy/actor/lib/test/auto/Sinewave.xml
4 ms. Memory: 1578496K Free: 989789K (63%)
----------------- Invoking toplevel() on ptolemy.moml.MoMLSimpleApplication@1c5d706c
----------------- Done invoking toplevel() on ptolemy.moml.MoMLSimpleApplication@1c5d706c
reloadAllAccessors: .Sinewave

===========================================================================================
----------------- testing Sat Jun 16 01:24:16 UTC 2018 /home/travis/build/icyphy/ptII/ptolemy/actor/lib/test/auto/Sinewave2.xml
----------------- Instantiating /home/travis/build/icyphy/ptII/ptolemy/actor/lib/test/auto/Sinewave2.xml
7 ms. Memory: 1578496K Free: 970108K (61%)
----------------- Invoking toplevel() on ptolemy.moml.MoMLSimpleApplication@7885714b
----------------- Done invoking toplevel() on ptolemy.moml.MoMLSimpleApplication@7885714b
reloadAllAccessors: .Sinewave2

===========================================================================================
----------------- testing Sat Jun 16 01:24:16 UTC 2018 /home/travis/build/icyphy/ptII/ptolemy/actor/lib/test/auto/Sinewave3.xml
----------------- Instantiating /home/travis/build/icyphy/ptII/ptolemy/actor/lib/test/auto/Sinewave3.xml
12 ms. Memory: 1578496K Free: 946557K (60%)
----------------- Invoking toplevel() on ptolemy.moml.MoMLSimpleApplication@4b7fd6d7
----------------- Done invoking toplevel() on ptolemy.moml.MoMLSimpleApplication@4b7fd6d7
reloadAllAccessors: .Sinewave3

===========================================================================================
----------------- testing Sat Jun 16 01:24:16 UTC 2018 /home/travis/build/icyphy/ptII/ptolemy/actor/lib/test/auto/SingleEvent.xml
----------------- Instantiating /home/travis/build/icyphy/ptII/ptolemy/actor/lib/test/auto/SingleEvent.xml
1 ms. Memory: 1578496K Free: 926875K (59%)
----------------- Invoking toplevel() on ptolemy.moml.MoMLSimpleApplication@6282b820
----------------- Done invoking toplevel() on ptolemy.moml.MoMLSimpleApplication@6282b820
reloadAllAccessors: .SingleEvent

===========================================================================================
----------------- testing Sat Jun 16 01:24:16 UTC 2018 /home/travis/build/icyphy/ptII/ptolemy/actor/lib/test/auto/Sleep.xml
----------------- Instantiating /home/travis/build/icyphy/ptII/ptolemy/actor/lib/test/auto/Sleep.xml
6003 ms. Memory: 1578496K Free: 903325K (57%)
----------------- Invoking toplevel() on ptolemy.moml.MoMLSimpleApplication@5e3df2d3
----------------- Done invoking toplevel() on ptolemy.moml.MoMLSimpleApplication@5e3df2d3
reloadAllAccessors: .Sleep

===========================================================================================
----------------- testing Sat Jun 16 01:24:22 UTC 2018 /home/travis/build/icyphy/ptII/ptolemy/actor/lib/test/auto/SleepMultipleFire.xml
----------------- Instantiating /home/travis/build/icyphy/ptII/ptolemy/actor/lib/test/auto/SleepMultipleFire.xml
1005 ms. Memory: 1578496K Free: 879774K (56%)
----------------- Invoking toplevel() on ptolemy.moml.MoMLSimpleApplication@7f9b28de
----------------- Done invoking toplevel() on ptolemy.moml.MoMLSimpleApplication@7f9b28de
reloadAllAccessors: .SleepMultipleFire

===========================================================================================
----------------- testing Sat Jun 16 01:24:23 UTC 2018 /home/travis/build/icyphy/ptII/ptolemy/actor/lib/test/auto/StopDE.xml
----------------- Instantiating /home/travis/build/icyphy/ptII/ptolemy/actor/lib/test/auto/StopDE.xml
2 ms. Memory: 1578496K Free: 860093K (54%)
----------------- Invoking toplevel() on ptolemy.moml.MoMLSimpleApplication@2f54d7c2
----------------- Done invoking toplevel() on ptolemy.moml.MoMLSimpleApplication@2f54d7c2
reloadAllAccessors: .StopDE

===========================================================================================
----------------- testing Sat Jun 16 01:24:23 UTC 2018 /home/travis/build/icyphy/ptII/ptolemy/actor/lib/test/auto/StopSDF.xml
----------------- Instantiating /home/travis/build/icyphy/ptII/ptolemy/actor/lib/test/auto/StopSDF.xml
2 ms. Memory: 1578496K Free: 836542K (53%)
----------------- Invoking toplevel() on ptolemy.moml.MoMLSimpleApplication@4d752b72
----------------- Done invoking toplevel() on ptolemy.moml.MoMLSimpleApplication@4d752b72
reloadAllAccessors: .StopSDF

===========================================================================================
----------------- testing Sat Jun 16 01:24:24 UTC 2018 /home/travis/build/icyphy/ptII/ptolemy/actor/lib/test/auto/StringConstant.xml
----------------- Instantiating /home/travis/build/icyphy/ptII/ptolemy/actor/lib/test/auto/StringConstant.xml
2 ms. Memory: 1578496K Free: 812991K (52%)
----------------- Invoking toplevel() on ptolemy.moml.MoMLSimpleApplication@24085cf1
----------------- Done invoking toplevel() on ptolemy.moml.MoMLSimpleApplication@24085cf1
reloadAllAccessors: .StringConstant

===========================================================================================
----------------- testing Sat Jun 16 01:24:24 UTC 2018 /home/travis/build/icyphy/ptII/ptolemy/actor/lib/test/auto/SubscriberPortInitialValues1.xml
----------------- Instantiating /home/travis/build/icyphy/ptII/ptolemy/actor/lib/test/auto/SubscriberPortInitialValues1.xml
5 ms. Memory: 1578496K Free: 793310K (50%)
----------------- Invoking toplevel() on ptolemy.moml.MoMLSimpleApplication@17399e04
----------------- Done invoking toplevel() on ptolemy.moml.MoMLSimpleApplication@17399e04
reloadAllAccessors: .SubscriberPortInitialValues1

===========================================================================================
----------------- testing Sat Jun 16 01:24:24 UTC 2018 /home/travis/build/icyphy/ptII/ptolemy/actor/lib/test/auto/SubscriberPortInitialValues13.xml
----------------- Instantiating /home/travis/build/icyphy/ptII/ptolemy/actor/lib/test/auto/SubscriberPortInitialValues13.xml
4 ms. Memory: 1578496K Free: 759903K (48%)
----------------- Invoking toplevel() on ptolemy.moml.MoMLSimpleApplication@257a28df
----------------- Done invoking toplevel() on ptolemy.moml.MoMLSimpleApplication@257a28df
reloadAllAccessors: .SubscriberPortInitialValues13

===========================================================================================
----------------- testing Sat Jun 16 01:24:24 UTC 2018 /home/travis/build/icyphy/ptII/ptolemy/actor/lib/test/auto/SubscriberPortInitialValues14.xml
----------------- Instantiating /home/travis/build/icyphy/ptII/ptolemy/actor/lib/test/auto/SubscriberPortInitialValues14.xml
4 ms. Memory: 1578496K Free: 736352K (47%)
----------------- Invoking toplevel() on ptolemy.moml.MoMLSimpleApplication@6b601543
----------------- Done invoking toplevel() on ptolemy.moml.MoMLSimpleApplication@6b601543
reloadAllAccessors: .SubscriberPortInitialValues14

===========================================================================================
----------------- testing Sat Jun 16 01:24:24 UTC 2018 /home/travis/build/icyphy/ptII/ptolemy/actor/lib/test/auto/SubscriberPortInitialValues2.xml
----------------- Instantiating /home/travis/build/icyphy/ptII/ptolemy/actor/lib/test/auto/SubscriberPortInitialValues2.xml
4 ms. Memory: 1578496K Free: 716671K (45%)
----------------- Invoking toplevel() on ptolemy.moml.MoMLSimpleApplication@1457f52
----------------- Done invoking toplevel() on ptolemy.moml.MoMLSimpleApplication@1457f52
reloadAllAccessors: .SubscriberPortInitialValues2

===========================================================================================
----------------- testing Sat Jun 16 01:24:24 UTC 2018 /home/travis/build/icyphy/ptII/ptolemy/actor/lib/test/auto/SubscriberPortInitialValues3.xml
----------------- Instantiating /home/travis/build/icyphy/ptII/ptolemy/actor/lib/test/auto/SubscriberPortInitialValues3.xml
4 ms. Memory: 1578496K Free: 693120K (44%)
----------------- Invoking toplevel() on ptolemy.moml.MoMLSimpleApplication@796daab8
----------------- Done invoking toplevel() on ptolemy.moml.MoMLSimpleApplication@796daab8
reloadAllAccessors: .SubscriberPortInitialValues3

===========================================================================================
----------------- testing Sat Jun 16 01:24:24 UTC 2018 /home/travis/build/icyphy/ptII/ptolemy/actor/lib/test/auto/SubscriptionAggregator.xml
----------------- Instantiating /home/travis/build/icyphy/ptII/ptolemy/actor/lib/test/auto/SubscriptionAggregator.xml
3 ms. Memory: 1578496K Free: 673439K (43%)
----------------- Invoking toplevel() on ptolemy.moml.MoMLSimpleApplication@2d831e97
----------------- Done invoking toplevel() on ptolemy.moml.MoMLSimpleApplication@2d831e97
reloadAllAccessors: .SubscriptionAggregator

===========================================================================================
----------------- testing Sat Jun 16 01:24:24 UTC 2018 /home/travis/build/icyphy/ptII/ptolemy/actor/lib/test/auto/SubscriptionAggregator2.xml
----------------- Instantiating /home/travis/build/icyphy/ptII/ptolemy/actor/lib/test/auto/SubscriptionAggregator2.xml
2 ms. Memory: 1578496K Free: 649888K (41%)
----------------- Invoking toplevel() on ptolemy.moml.MoMLSimpleApplication@5c2a05f4
----------------- Done invoking toplevel() on ptolemy.moml.MoMLSimpleApplication@5c2a05f4
reloadAllAccessors: .SubscriptionAggregator2

===========================================================================================
----------------- testing Sat Jun 16 01:24:24 UTC 2018 /home/travis/build/icyphy/ptII/ptolemy/actor/lib/test/auto/SubscriptionAggregator3.xml
----------------- Instantiating /home/travis/build/icyphy/ptII/ptolemy/actor/lib/test/auto/SubscriptionAggregator3.xml
2 ms. Memory: 1578496K Free: 626337K (40%)
----------------- Invoking toplevel() on ptolemy.moml.MoMLSimpleApplication@20e65fe7
----------------- Done invoking toplevel() on ptolemy.moml.MoMLSimpleApplication@20e65fe7
reloadAllAccessors: .SubscriptionAggregator3

===========================================================================================
----------------- testing Sat Jun 16 01:24:24 UTC 2018 /home/travis/build/icyphy/ptII/ptolemy/actor/lib/test/auto/SubscriptionAggregatorMultiply.xml
----------------- Instantiating /home/travis/build/icyphy/ptII/ptolemy/actor/lib/test/auto/SubscriptionAggregatorMultiply.xml
3 ms. Memory: 1578496K Free: 606656K (38%)
----------------- Invoking toplevel() on ptolemy.moml.MoMLSimpleApplication@7ec411fb
----------------- Done invoking toplevel() on ptolemy.moml.MoMLSimpleApplication@7ec411fb
reloadAllAccessors: .SubscriptionAggregatorMultiply

===========================================================================================
----------------- testing Sat Jun 16 01:24:24 UTC 2018 /home/travis/build/icyphy/ptII/ptolemy/actor/lib/test/auto/SubscriptionAggregatorPortMultiply1.xml
----------------- Instantiating /home/travis/build/icyphy/ptII/ptolemy/actor/lib/test/auto/SubscriptionAggregatorPortMultiply1.xml
3 ms. Memory: 1578496K Free: 583105K (37%)
----------------- Invoking toplevel() on ptolemy.moml.MoMLSimpleApplication@7f0e38e4
----------------- Done invoking toplevel() on ptolemy.moml.MoMLSimpleApplication@7f0e38e4
reloadAllAccessors: .SubscriptionAggregatorPortMultiply1

===========================================================================================
----------------- testing Sat Jun 16 01:24:24 UTC 2018 /home/travis/build/icyphy/ptII/ptolemy/actor/lib/test/auto/Switch.xml
----------------- Instantiating /home/travis/build/icyphy/ptII/ptolemy/actor/lib/test/auto/Switch.xml
3 ms. Memory: 1578496K Free: 500511K (32%)
----------------- Invoking toplevel() on ptolemy.moml.MoMLSimpleApplication@24a188bf
----------------- Done invoking toplevel() on ptolemy.moml.MoMLSimpleApplication@24a188bf
reloadAllAccessors: .Switch

===========================================================================================
----------------- testing Sat Jun 16 01:24:24 UTC 2018 /home/travis/build/icyphy/ptII/ptolemy/actor/lib/test/auto/Switch2.xml
----------------- Instantiating /home/travis/build/icyphy/ptII/ptolemy/actor/lib/test/auto/Switch2.xml
1 ms. Memory: 1578496K Free: 480830K (30%)
----------------- Invoking toplevel() on ptolemy.moml.MoMLSimpleApplication@1debaed1
----------------- Done invoking toplevel() on ptolemy.moml.MoMLSimpleApplication@1debaed1
reloadAllAccessors: .Switch2

===========================================================================================
----------------- testing Sat Jun 16 01:24:24 UTC 2018 /home/travis/build/icyphy/ptII/ptolemy/actor/lib/test/auto/SwitchDE.xml
----------------- Instantiating /home/travis/build/icyphy/ptII/ptolemy/actor/lib/test/auto/SwitchDE.xml
2 ms. Memory: 1578496K Free: 457279K (29%)
----------------- Invoking toplevel() on ptolemy.moml.MoMLSimpleApplication@2ad243d6
----------------- Done invoking toplevel() on ptolemy.moml.MoMLSimpleApplication@2ad243d6
reloadAllAccessors: .SwitchDE

===========================================================================================
----------------- testing Sat Jun 16 01:24:24 UTC 2018 /home/travis/build/icyphy/ptII/ptolemy/actor/lib/test/auto/SynchronizerDE.xml
----------------- Instantiating /home/travis/build/icyphy/ptII/ptolemy/actor/lib/test/auto/SynchronizerDE.xml
11 ms. Memory: 1578496K Free: 433728K (27%)
----------------- Invoking toplevel() on ptolemy.moml.MoMLSimpleApplication@4b7ec5e2
----------------- Done invoking toplevel() on ptolemy.moml.MoMLSimpleApplication@4b7ec5e2
reloadAllAccessors: .SynchronizerDE

===========================================================================================
----------------- testing Sat Jun 16 01:24:24 UTC 2018 /home/travis/build/icyphy/ptII/ptolemy/actor/lib/test/auto/Test.xml
----------------- Instantiating /home/travis/build/icyphy/ptII/ptolemy/actor/lib/test/auto/Test.xml
6 ms. Memory: 1578496K Free: 414047K (26%)
----------------- Invoking toplevel() on ptolemy.moml.MoMLSimpleApplication@6cb58fb2
----------------- Done invoking toplevel() on ptolemy.moml.MoMLSimpleApplication@6cb58fb2
reloadAllAccessors: .Test

===========================================================================================
----------------- testing Sat Jun 16 01:24:24 UTC 2018 /home/travis/build/icyphy/ptII/ptolemy/actor/lib/test/auto/TestExceptionAttribute1.xml
----------------- Instantiating /home/travis/build/icyphy/ptII/ptolemy/actor/lib/test/auto/TestExceptionAttribute1.xml
1 ms. Memory: 1578496K Free: 390496K (25%)
----------------- Invoking toplevel() on ptolemy.moml.MoMLSimpleApplication@2b4712c7
----------------- Done invoking toplevel() on ptolemy.moml.MoMLSimpleApplication@2b4712c7
reloadAllAccessors: .TestExceptionAttribute1

===========================================================================================
----------------- testing Sat Jun 16 01:24:24 UTC 2018 /home/travis/build/icyphy/ptII/ptolemy/actor/lib/test/auto/TestExceptionAttribute2.xml
----------------- Instantiating /home/travis/build/icyphy/ptII/ptolemy/actor/lib/test/auto/TestExceptionAttribute2.xml
2 ms. Memory: 1578496K Free: 370815K (23%)
----------------- Invoking toplevel() on ptolemy.moml.MoMLSimpleApplication@10d0c564
----------------- Done invoking toplevel() on ptolemy.moml.MoMLSimpleApplication@10d0c564
reloadAllAccessors: .TestExceptionAttribute2

===========================================================================================
----------------- testing Sat Jun 16 01:24:24 UTC 2018 /home/travis/build/icyphy/ptII/ptolemy/actor/lib/test/auto/TestExceptionAttribute3.xml
----------------- Instantiating /home/travis/build/icyphy/ptII/ptolemy/actor/lib/test/auto/TestExceptionAttribute3.xml
.TestExceptionAttribute3.TestExceptionAttribute: initialize() was not invoked, but wrapup() was.  This is unusual, but not always a problem.  For example, exporting JNLP will do this.
0 ms. Memory: 1578496K Free: 347264K (22%)
----------------- Invoking toplevel() on ptolemy.moml.MoMLSimpleApplication@2d345619
----------------- Done invoking toplevel() on ptolemy.moml.MoMLSimpleApplication@2d345619
reloadAllAccessors: .TestExceptionAttribute3

===========================================================================================
----------------- testing Sat Jun 16 01:24:24 UTC 2018 /home/travis/build/icyphy/ptII/ptolemy/actor/lib/test/auto/TestExceptionAttribute4.xml
----------------- Instantiating /home/travis/build/icyphy/ptII/ptolemy/actor/lib/test/auto/TestExceptionAttribute4.xml
.TestExceptionAttribute4.TestExceptionAttribute: initialize() was not invoked, but wrapup() was.  This is unusual, but not always a problem.  For example, exporting JNLP will do this.
.TestExceptionAttribute4.TestExceptionAttribute2: initialize() was not invoked, but wrapup() was.  This is unusual, but not always a problem.  For example, exporting JNLP will do this.
0 ms. Memory: 1578496K Free: 323713K (21%)
----------------- Invoking toplevel() on ptolemy.moml.MoMLSimpleApplication@40122f0e
----------------- Done invoking toplevel() on ptolemy.moml.MoMLSimpleApplication@40122f0e
reloadAllAccessors: .TestExceptionAttribute4

===========================================================================================
----------------- testing Sat Jun 16 01:24:24 UTC 2018 /home/travis/build/icyphy/ptII/ptolemy/actor/lib/test/auto/TestExceptionHandler1.xml
----------------- Instantiating /home/travis/build/icyphy/ptII/ptolemy/actor/lib/test/auto/TestExceptionHandler1.xml
1 ms. Memory: 1578496K Free: 304032K (19%)
----------------- Invoking toplevel() on ptolemy.moml.MoMLSimpleApplication@68dfe7e1
----------------- Done invoking toplevel() on ptolemy.moml.MoMLSimpleApplication@68dfe7e1
reloadAllAccessors: .TestExceptionHandler1

===========================================================================================
----------------- testing Sat Jun 16 01:24:24 UTC 2018 /home/travis/build/icyphy/ptII/ptolemy/actor/lib/test/auto/TestExceptionHandler2.xml
----------------- Instantiating /home/travis/build/icyphy/ptII/ptolemy/actor/lib/test/auto/TestExceptionHandler2.xml
2 ms. Memory: 1578496K Free: 280481K (18%)
----------------- Invoking toplevel() on ptolemy.moml.MoMLSimpleApplication@7fe1efc8
----------------- Done invoking toplevel() on ptolemy.moml.MoMLSimpleApplication@7fe1efc8
reloadAllAccessors: .TestExceptionHandler2

===========================================================================================
----------------- testing Sat Jun 16 01:24:24 UTC 2018 /home/travis/build/icyphy/ptII/ptolemy/actor/lib/test/auto/TestExceptionHandler3.xml
----------------- Instantiating /home/travis/build/icyphy/ptII/ptolemy/actor/lib/test/auto/TestExceptionHandler3.xml
1 ms. Memory: 1578496K Free: 256930K (16%)
----------------- Invoking toplevel() on ptolemy.moml.MoMLSimpleApplication@2c0d4b74
----------------- Done invoking toplevel() on ptolemy.moml.MoMLSimpleApplication@2c0d4b74
reloadAllAccessors: .TestExceptionHandler3

===========================================================================================
----------------- testing Sat Jun 16 01:24:24 UTC 2018 /home/travis/build/icyphy/ptII/ptolemy/actor/lib/test/auto/TestExceptionHandler4.xml
----------------- Instantiating /home/travis/build/icyphy/ptII/ptolemy/actor/lib/test/auto/TestExceptionHandler4.xml
1 ms. Memory: 1578496K Free: 237249K (15%)
----------------- Invoking toplevel() on ptolemy.moml.MoMLSimpleApplication@4e920274
----------------- Done invoking toplevel() on ptolemy.moml.MoMLSimpleApplication@4e920274
reloadAllAccessors: .TestExceptionHandler4

===========================================================================================
----------------- testing Sat Jun 16 01:24:24 UTC 2018 /home/travis/build/icyphy/ptII/ptolemy/actor/lib/test/auto/TestRequireCorrectOrder.xml
----------------- Instantiating /home/travis/build/icyphy/ptII/ptolemy/actor/lib/test/auto/TestRequireCorrectOrder.xml
3 ms. Memory: 1578496K Free: 213699K (14%)
----------------- Invoking toplevel() on ptolemy.moml.MoMLSimpleApplication@65f21433
----------------- Done invoking toplevel() on ptolemy.moml.MoMLSimpleApplication@65f21433
reloadAllAccessors: .TestRequireCorrectOrder

===========================================================================================
----------------- testing Sat Jun 16 01:24:24 UTC 2018 /home/travis/build/icyphy/ptII/ptolemy/actor/lib/test/auto/TestSimple.xml
----------------- Instantiating /home/travis/build/icyphy/ptII/ptolemy/actor/lib/test/auto/TestSimple.xml
2 ms. Memory: 1578496K Free: 190148K (12%)
----------------- Invoking toplevel() on ptolemy.moml.MoMLSimpleApplication@505d7323
----------------- Done invoking toplevel() on ptolemy.moml.MoMLSimpleApplication@505d7323
reloadAllAccessors: .TestSimple

===========================================================================================
----------------- testing Sat Jun 16 01:24:24 UTC 2018 /home/travis/build/icyphy/ptII/ptolemy/actor/lib/test/auto/ThrowModelError.xml
----------------- Instantiating /home/travis/build/icyphy/ptII/ptolemy/actor/lib/test/auto/ThrowModelError.xml
2 ms. Memory: 1578496K Free: 170467K (11%)
----------------- Invoking toplevel() on ptolemy.moml.MoMLSimpleApplication@6f4a1146
----------------- Done invoking toplevel() on ptolemy.moml.MoMLSimpleApplication@6f4a1146
reloadAllAccessors: .ThrowModelError

===========================================================================================
----------------- testing Sat Jun 16 01:24:24 UTC 2018 /home/travis/build/icyphy/ptII/ptolemy/actor/lib/test/auto/TimeDelayMicrosteps.xml
----------------- Instantiating /home/travis/build/icyphy/ptII/ptolemy/actor/lib/test/auto/TimeDelayMicrosteps.xml
3 ms. Memory: 1578496K Free: 146916K (9%)
----------------- Invoking toplevel() on ptolemy.moml.MoMLSimpleApplication@5dc9942c
----------------- Done invoking toplevel() on ptolemy.moml.MoMLSimpleApplication@5dc9942c
reloadAllAccessors: .TimeDelayMicrosteps

===========================================================================================
----------------- testing Sat Jun 16 01:24:24 UTC 2018 /home/travis/build/icyphy/ptII/ptolemy/actor/lib/test/auto/TimeDelayMicrosteps2.xml
----------------- Instantiating /home/travis/build/icyphy/ptII/ptolemy/actor/lib/test/auto/TimeDelayMicrosteps2.xml
4 ms. Memory: 1578496K Free: 127234K (8%)
----------------- Invoking toplevel() on ptolemy.moml.MoMLSimpleApplication@11bc5011
----------------- Done invoking toplevel() on ptolemy.moml.MoMLSimpleApplication@11bc5011
reloadAllAccessors: .TimeDelayMicrosteps2

===========================================================================================
----------------- testing Sat Jun 16 01:24:24 UTC 2018 /home/travis/build/icyphy/ptII/ptolemy/actor/lib/test/auto/TimeDelayMicrosteps3.xml
----------------- Instantiating /home/travis/build/icyphy/ptII/ptolemy/actor/lib/test/auto/TimeDelayMicrosteps3.xml
4 ms. Memory: 1578496K Free: 103683K (7%)
----------------- Invoking toplevel() on ptolemy.moml.MoMLSimpleApplication@53f90fa1
----------------- Done invoking toplevel() on ptolemy.moml.MoMLSimpleApplication@53f90fa1
reloadAllAccessors: .TimeDelayMicrosteps3

===========================================================================================
----------------- testing Sat Jun 16 01:24:24 UTC 2018 /home/travis/build/icyphy/ptII/ptolemy/actor/lib/test/auto/TimeDelayVariableMicrosteps.xml
----------------- Instantiating /home/travis/build/icyphy/ptII/ptolemy/actor/lib/test/auto/TimeDelayVariableMicrosteps.xml
4 ms. Memory: 1578496K Free: 80133K (5%)
----------------- Invoking toplevel() on ptolemy.moml.MoMLSimpleApplication@5e6076cd
----------------- Done invoking toplevel() on ptolemy.moml.MoMLSimpleApplication@5e6076cd
reloadAllAccessors: .TimeDelayVariableMicrosteps

===========================================================================================
----------------- testing Sat Jun 16 01:24:24 UTC 2018 /home/travis/build/icyphy/ptII/ptolemy/actor/lib/test/auto/TimeGap.xml
----------------- Instantiating /home/travis/build/icyphy/ptII/ptolemy/actor/lib/test/auto/TimeGap.xml
4 ms. Memory: 1578496K Free: 61844K (4%)
----------------- Invoking toplevel() on ptolemy.moml.MoMLSimpleApplication@22c33f94
----------------- Done invoking toplevel() on ptolemy.moml.MoMLSimpleApplication@22c33f94
reloadAllAccessors: .TimeGap

===========================================================================================
----------------- testing Sat Jun 16 01:24:24 UTC 2018 /home/travis/build/icyphy/ptII/ptolemy/actor/lib/test/auto/TimeGap2.xml
----------------- Instantiating /home/travis/build/icyphy/ptII/ptolemy/actor/lib/test/auto/TimeGap2.xml
1 ms. Memory: 1670144K Free: 1604177K (96%)
----------------- Invoking toplevel() on ptolemy.moml.MoMLSimpleApplication@79cf9433
----------------- Done invoking toplevel() on ptolemy.moml.MoMLSimpleApplication@79cf9433
reloadAllAccessors: .TimeGap2

===========================================================================================
----------------- testing Sat Jun 16 01:24:24 UTC 2018 /home/travis/build/icyphy/ptII/ptolemy/actor/lib/test/auto/TimedSinewave.xml
----------------- Instantiating /home/travis/build/icyphy/ptII/ptolemy/actor/lib/test/auto/TimedSinewave.xml
28 ms. Memory: 1670144K Free: 1569321K (94%)
----------------- Invoking toplevel() on ptolemy.moml.MoMLSimpleApplication@2f3b4746
----------------- Done invoking toplevel() on ptolemy.moml.MoMLSimpleApplication@2f3b4746
reloadAllAccessors: .TimedSinewave

===========================================================================================
----------------- testing Sat Jun 16 01:24:24 UTC 2018 /home/travis/build/icyphy/ptII/ptolemy/actor/lib/test/auto/TimedSinewavePhase.xml
----------------- Instantiating /home/travis/build/icyphy/ptII/ptolemy/actor/lib/test/auto/TimedSinewavePhase.xml
9 ms. Memory: 1670144K Free: 1548547K (93%)
----------------- Invoking toplevel() on ptolemy.moml.MoMLSimpleApplication@3c6ba026
----------------- Done invoking toplevel() on ptolemy.moml.MoMLSimpleApplication@3c6ba026
reloadAllAccessors: .TimedSinewavePhase

===========================================================================================
----------------- testing Sat Jun 16 01:24:24 UTC 2018 /home/travis/build/icyphy/ptII/ptolemy/actor/lib/test/auto/Timer.xml
----------------- Instantiating /home/travis/build/icyphy/ptII/ptolemy/actor/lib/test/auto/Timer.xml
3 ms. Memory: 1670144K Free: 1524094K (91%)
----------------- Invoking toplevel() on ptolemy.moml.MoMLSimpleApplication@7d0e903c
----------------- Done invoking toplevel() on ptolemy.moml.MoMLSimpleApplication@7d0e903c
reloadAllAccessors: .Timer

===========================================================================================
----------------- testing Sat Jun 16 01:24:24 UTC 2018 /home/travis/build/icyphy/ptII/ptolemy/actor/lib/test/auto/TriangularDistTestModel.xml
----------------- Instantiating /home/travis/build/icyphy/ptII/ptolemy/actor/lib/test/auto/TriangularDistTestModel.xml
2 ms. Memory: 1670144K Free: 1499624K (90%)
----------------- Invoking toplevel() on ptolemy.moml.MoMLSimpleApplication@533a68f4
----------------- Done invoking toplevel() on ptolemy.moml.MoMLSimpleApplication@533a68f4
reloadAllAccessors: .TriangularDistTestModel

===========================================================================================
----------------- testing Sat Jun 16 01:24:24 UTC 2018 /home/travis/build/icyphy/ptII/ptolemy/actor/lib/test/auto/TrigFunction.xml
----------------- Instantiating /home/travis/build/icyphy/ptII/ptolemy/actor/lib/test/auto/TrigFunction.xml
2 ms. Memory: 1670144K Free: 1475171K (88%)
----------------- Invoking toplevel() on ptolemy.moml.MoMLSimpleApplication@61464bc2
----------------- Done invoking toplevel() on ptolemy.moml.MoMLSimpleApplication@61464bc2
reloadAllAccessors: .TrigFunction

===========================================================================================
----------------- testing Sat Jun 16 01:24:24 UTC 2018 /home/travis/build/icyphy/ptII/ptolemy/actor/lib/test/auto/TrigFunctionDE.xml
----------------- Instantiating /home/travis/build/icyphy/ptII/ptolemy/actor/lib/test/auto/TrigFunctionDE.xml
2 ms. Memory: 1670144K Free: 1454398K (87%)
----------------- Invoking toplevel() on ptolemy.moml.MoMLSimpleApplication@3b30ca31
----------------- Done invoking toplevel() on ptolemy.moml.MoMLSimpleApplication@3b30ca31
reloadAllAccessors: .TrigFunctionDE

===========================================================================================
----------------- testing Sat Jun 16 01:24:24 UTC 2018 /home/travis/build/icyphy/ptII/ptolemy/actor/lib/test/auto/TrigFunctionInverse.xml
----------------- Instantiating /home/travis/build/icyphy/ptII/ptolemy/actor/lib/test/auto/TrigFunctionInverse.xml
2 ms. Memory: 1670144K Free: 1429945K (86%)
----------------- Invoking toplevel() on ptolemy.moml.MoMLSimpleApplication@1e2c6263
----------------- Done invoking toplevel() on ptolemy.moml.MoMLSimpleApplication@1e2c6263
reloadAllAccessors: .TrigFunctionInverse

===========================================================================================
----------------- testing Sat Jun 16 01:24:24 UTC 2018 /home/travis/build/icyphy/ptII/ptolemy/actor/lib/test/auto/TrigFunctionTan.xml
----------------- Instantiating /home/travis/build/icyphy/ptII/ptolemy/actor/lib/test/auto/TrigFunctionTan.xml
1 ms. Memory: 1670144K Free: 1405492K (84%)
----------------- Invoking toplevel() on ptolemy.moml.MoMLSimpleApplication@3586657e
----------------- Done invoking toplevel() on ptolemy.moml.MoMLSimpleApplication@3586657e
reloadAllAccessors: .TrigFunctionTan

===========================================================================================
----------------- testing Sat Jun 16 01:24:24 UTC 2018 /home/travis/build/icyphy/ptII/ptolemy/actor/lib/test/auto/TriggeredClock.xml
----------------- Instantiating /home/travis/build/icyphy/ptII/ptolemy/actor/lib/test/auto/TriggeredClock.xml
1 ms. Memory: 1670144K Free: 1384718K (83%)
----------------- Invoking toplevel() on ptolemy.moml.MoMLSimpleApplication@49e1c7e0
----------------- Done invoking toplevel() on ptolemy.moml.MoMLSimpleApplication@49e1c7e0
reloadAllAccessors: .TriggeredClock

===========================================================================================
----------------- testing Sat Jun 16 01:24:24 UTC 2018 /home/travis/build/icyphy/ptII/ptolemy/actor/lib/test/auto/URLDirectoryReader.xml
----------------- Instantiating /home/travis/build/icyphy/ptII/ptolemy/actor/lib/test/auto/URLDirectoryReader.xml
35 ms. Memory: 1670144K Free: 1360265K (81%)
----------------- Invoking toplevel() on ptolemy.moml.MoMLSimpleApplication@495423c9
----------------- Done invoking toplevel() on ptolemy.moml.MoMLSimpleApplication@495423c9
reloadAllAccessors: .URLDirectoryReader

===========================================================================================
----------------- testing Sat Jun 16 01:24:24 UTC 2018 /home/travis/build/icyphy/ptII/ptolemy/actor/lib/test/auto/URLDirectoryReader3.xml
----------------- Instantiating /home/travis/build/icyphy/ptII/ptolemy/actor/lib/test/auto/URLDirectoryReader3.xml
1030 ms. Memory: 1670144K Free: 1294265K (77%)
----------------- Invoking toplevel() on ptolemy.moml.MoMLSimpleApplication@2d1d9b8f
----------------- Done invoking toplevel() on ptolemy.moml.MoMLSimpleApplication@2d1d9b8f
reloadAllAccessors: .URLDirectoryReader3

===========================================================================================
----------------- testing Sat Jun 16 01:24:26 UTC 2018 /home/travis/build/icyphy/ptII/ptolemy/actor/lib/test/auto/UnaryMathFunction.xml
----------------- Instantiating /home/travis/build/icyphy/ptII/ptolemy/actor/lib/test/auto/UnaryMathFunction.xml
6 ms. Memory: 1670144K Free: 1273491K (76%)
----------------- Invoking toplevel() on ptolemy.moml.MoMLSimpleApplication@64e6798e
----------------- Done invoking toplevel() on ptolemy.moml.MoMLSimpleApplication@64e6798e
reloadAllAccessors: .UnaryMathFunction

===========================================================================================
----------------- testing Sat Jun 16 01:24:26 UTC 2018 /home/travis/build/icyphy/ptII/ptolemy/actor/lib/test/auto/Uniform.xml
----------------- Instantiating /home/travis/build/icyphy/ptII/ptolemy/actor/lib/test/auto/Uniform.xml
6 ms. Memory: 1670144K Free: 1249038K (75%)
----------------- Invoking toplevel() on ptolemy.moml.MoMLSimpleApplication@62308721
----------------- Done invoking toplevel() on ptolemy.moml.MoMLSimpleApplication@62308721
reloadAllAccessors: .Uniform

===========================================================================================
----------------- testing Sat Jun 16 01:24:26 UTC 2018 /home/travis/build/icyphy/ptII/ptolemy/actor/lib/test/auto/UnionDisassemblerTest.xml
----------------- Instantiating /home/travis/build/icyphy/ptII/ptolemy/actor/lib/test/auto/UnionDisassemblerTest.xml
13 ms. Memory: 1670144K Free: 1224584K (73%)
----------------- Invoking toplevel() on ptolemy.moml.MoMLSimpleApplication@33ce5c2
----------------- Done invoking toplevel() on ptolemy.moml.MoMLSimpleApplication@33ce5c2
reloadAllAccessors: .UnionDisassemblerTest

===========================================================================================
----------------- testing Sat Jun 16 01:24:26 UTC 2018 /home/travis/build/icyphy/ptII/ptolemy/actor/lib/test/auto/UtilityFunctions.xml
----------------- Instantiating /home/travis/build/icyphy/ptII/ptolemy/actor/lib/test/auto/UtilityFunctions.xml
9 ms. Memory: 1670144K Free: 1203811K (72%)
----------------- Invoking toplevel() on ptolemy.moml.MoMLSimpleApplication@8ba0f2b
----------------- Done invoking toplevel() on ptolemy.moml.MoMLSimpleApplication@8ba0f2b
reloadAllAccessors: .UtilityFunctions

===========================================================================================
----------------- testing Sat Jun 16 01:24:26 UTC 2018 /home/travis/build/icyphy/ptII/ptolemy/actor/lib/test/auto/VariableSleep.xml
----------------- Instantiating /home/travis/build/icyphy/ptII/ptolemy/actor/lib/test/auto/VariableSleep.xml
503 ms. Memory: 1670144K Free: 1179358K (71%)
----------------- Invoking toplevel() on ptolemy.moml.MoMLSimpleApplication@290801fc
----------------- Done invoking toplevel() on ptolemy.moml.MoMLSimpleApplication@290801fc
reloadAllAccessors: .VariableSleep

===========================================================================================
----------------- testing Sat Jun 16 01:24:26 UTC 2018 /home/travis/build/icyphy/ptII/ptolemy/actor/lib/test/auto/VectorAssemblerDisassemblerCT.xml
----------------- Instantiating /home/travis/build/icyphy/ptII/ptolemy/actor/lib/test/auto/VectorAssemblerDisassemblerCT.xml
79 ms. Memory: 1670144K Free: 1144502K (69%)
----------------- Invoking toplevel() on ptolemy.moml.MoMLSimpleApplication@325f71dc
----------------- Done invoking toplevel() on ptolemy.moml.MoMLSimpleApplication@325f71dc
reloadAllAccessors: .VectorAssemblerDisassemblerCT

===========================================================================================
----------------- testing Sat Jun 16 01:24:27 UTC 2018 /home/travis/build/icyphy/ptII/ptolemy/actor/lib/test/auto/VectorAssemblerDisassemblerDE.xml
----------------- Instantiating /home/travis/build/icyphy/ptII/ptolemy/actor/lib/test/auto/VectorAssemblerDisassemblerDE.xml
2 ms. Memory: 1670144K Free: 1123728K (67%)
----------------- Invoking toplevel() on ptolemy.moml.MoMLSimpleApplication@1af37960
----------------- Done invoking toplevel() on ptolemy.moml.MoMLSimpleApplication@1af37960
reloadAllAccessors: .VectorAssemblerDisassemblerDE

===========================================================================================
----------------- testing Sat Jun 16 01:24:27 UTC 2018 /home/travis/build/icyphy/ptII/ptolemy/actor/lib/test/auto/VectorAssemblerDisassemblerSDF.xml
----------------- Instantiating /home/travis/build/icyphy/ptII/ptolemy/actor/lib/test/auto/VectorAssemblerDisassemblerSDF.xml
2 ms. Memory: 1670144K Free: 1099275K (66%)
----------------- Invoking toplevel() on ptolemy.moml.MoMLSimpleApplication@2204a2f5
----------------- Done invoking toplevel() on ptolemy.moml.MoMLSimpleApplication@2204a2f5
reloadAllAccessors: .VectorAssemblerDisassemblerSDF

===========================================================================================
----------------- testing Sat Jun 16 01:24:27 UTC 2018 /home/travis/build/icyphy/ptII/ptolemy/actor/lib/test/auto/WallClockTime.xml
----------------- Instantiating /home/travis/build/icyphy/ptII/ptolemy/actor/lib/test/auto/WallClockTime.xml
1004 ms. Memory: 1670144K Free: 1074822K (64%)
----------------- Invoking toplevel() on ptolemy.moml.MoMLSimpleApplication@576854d2
----------------- Done invoking toplevel() on ptolemy.moml.MoMLSimpleApplication@576854d2
reloadAllAccessors: .WallClockTime

===========================================================================================
----------------- testing Sat Jun 16 01:24:28 UTC 2018 /home/travis/build/icyphy/ptII/ptolemy/actor/lib/test/auto/WidthTestWithSubscriberPublisher.xml
----------------- Instantiating /home/travis/build/icyphy/ptII/ptolemy/actor/lib/test/auto/WidthTestWithSubscriberPublisher.xml
7 ms. Memory: 1670144K Free: 1043653K (62%)
----------------- Invoking toplevel() on ptolemy.moml.MoMLSimpleApplication@1d3d1277
----------------- Done invoking toplevel() on ptolemy.moml.MoMLSimpleApplication@1d3d1277
reloadAllAccessors: .WidthTestWithSubscriberPublisher

===========================================================================================
----------------- testing Sat Jun 16 01:24:28 UTC 2018 /home/travis/build/icyphy/ptII/ptolemy/actor/lib/test/auto/WidthTestWithSubscriberPublisher2.xml
----------------- Instantiating /home/travis/build/icyphy/ptII/ptolemy/actor/lib/test/auto/WidthTestWithSubscriberPublisher2.xml
2 ms. Memory: 1670144K Free: 1019200K (61%)
----------------- Invoking toplevel() on ptolemy.moml.MoMLSimpleApplication@46ef78f0
----------------- Done invoking toplevel() on ptolemy.moml.MoMLSimpleApplication@46ef78f0
reloadAllAccessors: .WidthTestWithSubscriberPublisher2

===========================================================================================
----------------- testing Sat Jun 16 01:24:28 UTC 2018 /home/travis/build/icyphy/ptII/ptolemy/actor/lib/test/auto/WidthTestWithSubscriberPublisher3.xml
----------------- Instantiating /home/travis/build/icyphy/ptII/ptolemy/actor/lib/test/auto/WidthTestWithSubscriberPublisher3.xml
1 ms. Memory: 1670144K Free: 994747K (60%)
----------------- Invoking toplevel() on ptolemy.moml.MoMLSimpleApplication@414cfe53
----------------- Done invoking toplevel() on ptolemy.moml.MoMLSimpleApplication@414cfe53
reloadAllAccessors: .WidthTestWithSubscriberPublisher3

===========================================================================================
----------------- testing Sat Jun 16 01:24:28 UTC 2018 /home/travis/build/icyphy/ptII/ptolemy/actor/lib/test/auto/Writer.xml
----------------- Instantiating /home/travis/build/icyphy/ptII/ptolemy/actor/lib/test/auto/Writer.xml
0
1
2
3
4
2 ms. Memory: 1670144K Free: 970294K (58%)
----------------- Invoking toplevel() on ptolemy.moml.MoMLSimpleApplication@5da7c6d1
----------------- Done invoking toplevel() on ptolemy.moml.MoMLSimpleApplication@5da7c6d1
reloadAllAccessors: .Writer

===========================================================================================
----------------- testing Sat Jun 16 01:24:28 UTC 2018 /home/travis/build/icyphy/ptII/ptolemy/actor/lib/test/auto/array.xml
----------------- Instantiating /home/travis/build/icyphy/ptII/ptolemy/actor/lib/test/auto/array.xml
2 ms. Memory: 1670144K Free: 949521K (57%)
----------------- Invoking toplevel() on ptolemy.moml.MoMLSimpleApplication@43887b23
----------------- Done invoking toplevel() on ptolemy.moml.MoMLSimpleApplication@43887b23
reloadAllAccessors: .array

===========================================================================================
----------------- testing Sat Jun 16 01:24:28 UTC 2018 /home/travis/build/icyphy/ptII/ptolemy/actor/lib/test/auto/array2.xml
----------------- Instantiating /home/travis/build/icyphy/ptII/ptolemy/actor/lib/test/auto/array2.xml
2 ms. Memory: 1670144K Free: 925067K (55%)
----------------- Invoking toplevel() on ptolemy.moml.MoMLSimpleApplication@5210578e
----------------- Done invoking toplevel() on ptolemy.moml.MoMLSimpleApplication@5210578e
reloadAllAccessors: .array2

===========================================================================================
----------------- testing Sat Jun 16 01:24:28 UTC 2018 /home/travis/build/icyphy/ptII/ptolemy/actor/lib/test/auto/arrayType.xml
----------------- Instantiating /home/travis/build/icyphy/ptII/ptolemy/actor/lib/test/auto/arrayType.xml
2 ms. Memory: 1670144K Free: 900614K (54%)
----------------- Invoking toplevel() on ptolemy.moml.MoMLSimpleApplication@6db9a27d
----------------- Done invoking toplevel() on ptolemy.moml.MoMLSimpleApplication@6db9a27d
reloadAllAccessors: .arrayType

===========================================================================================
----------------- testing Sat Jun 16 01:24:28 UTC 2018 /home/travis/build/icyphy/ptII/ptolemy/actor/lib/test/auto/arrayType10.xml
----------------- Instantiating /home/travis/build/icyphy/ptII/ptolemy/actor/lib/test/auto/arrayType10.xml
2 ms. Memory: 1670144K Free: 879840K (53%)
----------------- Invoking toplevel() on ptolemy.moml.MoMLSimpleApplication@60479a6d
----------------- Done invoking toplevel() on ptolemy.moml.MoMLSimpleApplication@60479a6d
reloadAllAccessors: .arrayType10

===========================================================================================
----------------- testing Sat Jun 16 01:24:28 UTC 2018 /home/travis/build/icyphy/ptII/ptolemy/actor/lib/test/auto/arrayType11.xml
----------------- Instantiating /home/travis/build/icyphy/ptII/ptolemy/actor/lib/test/auto/arrayType11.xml
2 ms. Memory: 1670144K Free: 855387K (51%)
----------------- Invoking toplevel() on ptolemy.moml.MoMLSimpleApplication@3aebfa79
----------------- Done invoking toplevel() on ptolemy.moml.MoMLSimpleApplication@3aebfa79
reloadAllAccessors: .arrayType11

===========================================================================================
----------------- testing Sat Jun 16 01:24:28 UTC 2018 /home/travis/build/icyphy/ptII/ptolemy/actor/lib/test/auto/arrayType12.xml
----------------- Instantiating /home/travis/build/icyphy/ptII/ptolemy/actor/lib/test/auto/arrayType12.xml
1 ms. Memory: 1670144K Free: 830934K (50%)
----------------- Invoking toplevel() on ptolemy.moml.MoMLSimpleApplication@5aa636d0
----------------- Done invoking toplevel() on ptolemy.moml.MoMLSimpleApplication@5aa636d0
reloadAllAccessors: .arrayType12

===========================================================================================
----------------- testing Sat Jun 16 01:24:28 UTC 2018 /home/travis/build/icyphy/ptII/ptolemy/actor/lib/test/auto/arrayType13.xml
----------------- Instantiating /home/travis/build/icyphy/ptII/ptolemy/actor/lib/test/auto/arrayType13.xml
1 ms. Memory: 1670144K Free: 810161K (49%)
----------------- Invoking toplevel() on ptolemy.moml.MoMLSimpleApplication@a37cdf
----------------- Done invoking toplevel() on ptolemy.moml.MoMLSimpleApplication@a37cdf
reloadAllAccessors: .arrayType13

===========================================================================================
----------------- testing Sat Jun 16 01:24:28 UTC 2018 /home/travis/build/icyphy/ptII/ptolemy/actor/lib/test/auto/arrayType14.xml
----------------- Instantiating /home/travis/build/icyphy/ptII/ptolemy/actor/lib/test/auto/arrayType14.xml
1 ms. Memory: 1670144K Free: 785708K (47%)
----------------- Invoking toplevel() on ptolemy.moml.MoMLSimpleApplication@640844ff
----------------- Done invoking toplevel() on ptolemy.moml.MoMLSimpleApplication@640844ff
reloadAllAccessors: .arrayType14

===========================================================================================
----------------- testing Sat Jun 16 01:24:28 UTC 2018 /home/travis/build/icyphy/ptII/ptolemy/actor/lib/test/auto/arrayType15.xml
----------------- Instantiating /home/travis/build/icyphy/ptII/ptolemy/actor/lib/test/auto/arrayType15.xml
2 ms. Memory: 1670144K Free: 761254K (46%)
----------------- Invoking toplevel() on ptolemy.moml.MoMLSimpleApplication@5fd7787c
----------------- Done invoking toplevel() on ptolemy.moml.MoMLSimpleApplication@5fd7787c
reloadAllAccessors: .arrayType15

===========================================================================================
----------------- testing Sat Jun 16 01:24:28 UTC 2018 /home/travis/build/icyphy/ptII/ptolemy/actor/lib/test/auto/arrayType16.xml
----------------- Instantiating /home/travis/build/icyphy/ptII/ptolemy/actor/lib/test/auto/arrayType16.xml
1 ms. Memory: 1670144K Free: 740481K (44%)
----------------- Invoking toplevel() on ptolemy.moml.MoMLSimpleApplication@2398dffa
----------------- Done invoking toplevel() on ptolemy.moml.MoMLSimpleApplication@2398dffa
reloadAllAccessors: .arrayType16

===========================================================================================
----------------- testing Sat Jun 16 01:24:28 UTC 2018 /home/travis/build/icyphy/ptII/ptolemy/actor/lib/test/auto/arrayType17.xml
----------------- Instantiating /home/travis/build/icyphy/ptII/ptolemy/actor/lib/test/auto/arrayType17.xml
2 ms. Memory: 1670144K Free: 716028K (43%)
----------------- Invoking toplevel() on ptolemy.moml.MoMLSimpleApplication@525ec57e
----------------- Done invoking toplevel() on ptolemy.moml.MoMLSimpleApplication@525ec57e
reloadAllAccessors: .arrayType17

===========================================================================================
----------------- testing Sat Jun 16 01:24:28 UTC 2018 /home/travis/build/icyphy/ptII/ptolemy/actor/lib/test/auto/arrayType18.xml
----------------- Instantiating /home/travis/build/icyphy/ptII/ptolemy/actor/lib/test/auto/arrayType18.xml
1 ms. Memory: 1670144K Free: 691575K (41%)
----------------- Invoking toplevel() on ptolemy.moml.MoMLSimpleApplication@3fff6d5e
----------------- Done invoking toplevel() on ptolemy.moml.MoMLSimpleApplication@3fff6d5e
reloadAllAccessors: .arrayType18

===========================================================================================
----------------- testing Sat Jun 16 01:24:28 UTC 2018 /home/travis/build/icyphy/ptII/ptolemy/actor/lib/test/auto/arrayType19.xml
----------------- Instantiating /home/travis/build/icyphy/ptII/ptolemy/actor/lib/test/auto/arrayType19.xml
2 ms. Memory: 1670144K Free: 670801K (40%)
----------------- Invoking toplevel() on ptolemy.moml.MoMLSimpleApplication@10852296
----------------- Done invoking toplevel() on ptolemy.moml.MoMLSimpleApplication@10852296
reloadAllAccessors: .arrayType19

===========================================================================================
----------------- testing Sat Jun 16 01:24:28 UTC 2018 /home/travis/build/icyphy/ptII/ptolemy/actor/lib/test/auto/arrayType2.xml
----------------- Instantiating /home/travis/build/icyphy/ptII/ptolemy/actor/lib/test/auto/arrayType2.xml
1 ms. Memory: 1670144K Free: 646348K (39%)
----------------- Invoking toplevel() on ptolemy.moml.MoMLSimpleApplication@1f6c60d8
----------------- Done invoking toplevel() on ptolemy.moml.MoMLSimpleApplication@1f6c60d8
reloadAllAccessors: .arrayType2

===========================================================================================
----------------- testing Sat Jun 16 01:24:28 UTC 2018 /home/travis/build/icyphy/ptII/ptolemy/actor/lib/test/auto/arrayType20.xml
----------------- Instantiating /home/travis/build/icyphy/ptII/ptolemy/actor/lib/test/auto/arrayType20.xml
1 ms. Memory: 1670144K Free: 621895K (37%)
----------------- Invoking toplevel() on ptolemy.moml.MoMLSimpleApplication@331a863a
----------------- Done invoking toplevel() on ptolemy.moml.MoMLSimpleApplication@331a863a
reloadAllAccessors: .arrayType20

===========================================================================================
----------------- testing Sat Jun 16 01:24:28 UTC 2018 /home/travis/build/icyphy/ptII/ptolemy/actor/lib/test/auto/arrayType21.xml
----------------- Instantiating /home/travis/build/icyphy/ptII/ptolemy/actor/lib/test/auto/arrayType21.xml
2 ms. Memory: 1670144K Free: 597441K (36%)
----------------- Invoking toplevel() on ptolemy.moml.MoMLSimpleApplication@41b0b869
----------------- Done invoking toplevel() on ptolemy.moml.MoMLSimpleApplication@41b0b869
reloadAllAccessors: .arrayType21

===========================================================================================
----------------- testing Sat Jun 16 01:24:28 UTC 2018 /home/travis/build/icyphy/ptII/ptolemy/actor/lib/test/auto/arrayType22.xml
----------------- Instantiating /home/travis/build/icyphy/ptII/ptolemy/actor/lib/test/auto/arrayType22.xml
2 ms. Memory: 1670144K Free: 576668K (35%)
----------------- Invoking toplevel() on ptolemy.moml.MoMLSimpleApplication@38b12170
----------------- Done invoking toplevel() on ptolemy.moml.MoMLSimpleApplication@38b12170
reloadAllAccessors: .arrayType22

===========================================================================================
----------------- testing Sat Jun 16 01:24:28 UTC 2018 /home/travis/build/icyphy/ptII/ptolemy/actor/lib/test/auto/arrayType23.xml
----------------- Instantiating /home/travis/build/icyphy/ptII/ptolemy/actor/lib/test/auto/arrayType23.xml
1 ms. Memory: 1670144K Free: 552215K (33%)
----------------- Invoking toplevel() on ptolemy.moml.MoMLSimpleApplication@6a70e96f
----------------- Done invoking toplevel() on ptolemy.moml.MoMLSimpleApplication@6a70e96f
reloadAllAccessors: .arrayType23

===========================================================================================
----------------- testing Sat Jun 16 01:24:28 UTC 2018 /home/travis/build/icyphy/ptII/ptolemy/actor/lib/test/auto/arrayType24.xml
----------------- Instantiating /home/travis/build/icyphy/ptII/ptolemy/actor/lib/test/auto/arrayType24.xml
1 ms. Memory: 1670144K Free: 527762K (32%)
----------------- Invoking toplevel() on ptolemy.moml.MoMLSimpleApplication@76fe9a47
----------------- Done invoking toplevel() on ptolemy.moml.MoMLSimpleApplication@76fe9a47
reloadAllAccessors: .arrayType24

===========================================================================================
----------------- testing Sat Jun 16 01:24:28 UTC 2018 /home/travis/build/icyphy/ptII/ptolemy/actor/lib/test/auto/arrayType25.xml
----------------- Instantiating /home/travis/build/icyphy/ptII/ptolemy/actor/lib/test/auto/arrayType25.xml
2 ms. Memory: 1670144K Free: 506988K (30%)
----------------- Invoking toplevel() on ptolemy.moml.MoMLSimpleApplication@25588c29
----------------- Done invoking toplevel() on ptolemy.moml.MoMLSimpleApplication@25588c29
reloadAllAccessors: .arrayType25

===========================================================================================
----------------- testing Sat Jun 16 01:24:28 UTC 2018 /home/travis/build/icyphy/ptII/ptolemy/actor/lib/test/auto/arrayType26.xml
----------------- Instantiating /home/travis/build/icyphy/ptII/ptolemy/actor/lib/test/auto/arrayType26.xml
2 ms. Memory: 1670144K Free: 482535K (29%)
----------------- Invoking toplevel() on ptolemy.moml.MoMLSimpleApplication@2018f712
----------------- Done invoking toplevel() on ptolemy.moml.MoMLSimpleApplication@2018f712
reloadAllAccessors: .arrayType26

===========================================================================================
----------------- testing Sat Jun 16 01:24:28 UTC 2018 /home/travis/build/icyphy/ptII/ptolemy/actor/lib/test/auto/arrayType27.xml
----------------- Instantiating /home/travis/build/icyphy/ptII/ptolemy/actor/lib/test/auto/arrayType27.xml
2 ms. Memory: 1670144K Free: 458082K (27%)
----------------- Invoking toplevel() on ptolemy.moml.MoMLSimpleApplication@441bbaaf
----------------- Done invoking toplevel() on ptolemy.moml.MoMLSimpleApplication@441bbaaf
reloadAllAccessors: .arrayType27

===========================================================================================
----------------- testing Sat Jun 16 01:24:28 UTC 2018 /home/travis/build/icyphy/ptII/ptolemy/actor/lib/test/auto/arrayType28.xml
----------------- Instantiating /home/travis/build/icyphy/ptII/ptolemy/actor/lib/test/auto/arrayType28.xml
1 ms. Memory: 1670144K Free: 437308K (26%)
----------------- Invoking toplevel() on ptolemy.moml.MoMLSimpleApplication@53bd46ae
----------------- Done invoking toplevel() on ptolemy.moml.MoMLSimpleApplication@53bd46ae
reloadAllAccessors: .arrayType28

===========================================================================================
----------------- testing Sat Jun 16 01:24:28 UTC 2018 /home/travis/build/icyphy/ptII/ptolemy/actor/lib/test/auto/arrayType3.xml
----------------- Instantiating /home/travis/build/icyphy/ptII/ptolemy/actor/lib/test/auto/arrayType3.xml
1 ms. Memory: 1670144K Free: 412855K (25%)
----------------- Invoking toplevel() on ptolemy.moml.MoMLSimpleApplication@68276932
----------------- Done invoking toplevel() on ptolemy.moml.MoMLSimpleApplication@68276932
reloadAllAccessors: .arrayType3

===========================================================================================
----------------- testing Sat Jun 16 01:24:28 UTC 2018 /home/travis/build/icyphy/ptII/ptolemy/actor/lib/test/auto/arrayType4.xml
----------------- Instantiating /home/travis/build/icyphy/ptII/ptolemy/actor/lib/test/auto/arrayType4.xml
2 ms. Memory: 1670144K Free: 388402K (23%)
----------------- Invoking toplevel() on ptolemy.moml.MoMLSimpleApplication@5a2bc648
----------------- Done invoking toplevel() on ptolemy.moml.MoMLSimpleApplication@5a2bc648
reloadAllAccessors: .arrayType4

===========================================================================================
----------------- testing Sat Jun 16 01:24:28 UTC 2018 /home/travis/build/icyphy/ptII/ptolemy/actor/lib/test/auto/arrayType5.xml
----------------- Instantiating /home/travis/build/icyphy/ptII/ptolemy/actor/lib/test/auto/arrayType5.xml
1 ms. Memory: 1670144K Free: 367628K (22%)
----------------- Invoking toplevel() on ptolemy.moml.MoMLSimpleApplication@5690649d
----------------- Done invoking toplevel() on ptolemy.moml.MoMLSimpleApplication@5690649d
reloadAllAccessors: .arrayType5

===========================================================================================
----------------- testing Sat Jun 16 01:24:28 UTC 2018 /home/travis/build/icyphy/ptII/ptolemy/actor/lib/test/auto/arrayType6.xml
----------------- Instantiating /home/travis/build/icyphy/ptII/ptolemy/actor/lib/test/auto/arrayType6.xml
2 ms. Memory: 1670144K Free: 343175K (21%)
----------------- Invoking toplevel() on ptolemy.moml.MoMLSimpleApplication@185bdb1
----------------- Done invoking toplevel() on ptolemy.moml.MoMLSimpleApplication@185bdb1
reloadAllAccessors: .arrayType6

===========================================================================================
----------------- testing Sat Jun 16 01:24:28 UTC 2018 /home/travis/build/icyphy/ptII/ptolemy/actor/lib/test/auto/arrayType7.xml
----------------- Instantiating /home/travis/build/icyphy/ptII/ptolemy/actor/lib/test/auto/arrayType7.xml
2 ms. Memory: 1670144K Free: 318722K (19%)
----------------- Invoking toplevel() on ptolemy.moml.MoMLSimpleApplication@3e6f30dc
----------------- Done invoking toplevel() on ptolemy.moml.MoMLSimpleApplication@3e6f30dc
reloadAllAccessors: .arrayType7

===========================================================================================
----------------- testing Sat Jun 16 01:24:28 UTC 2018 /home/travis/build/icyphy/ptII/ptolemy/actor/lib/test/auto/arrayType8.xml
----------------- Instantiating /home/travis/build/icyphy/ptII/ptolemy/actor/lib/test/auto/arrayType8.xml
1 ms. Memory: 1670144K Free: 294252K (18%)
----------------- Invoking toplevel() on ptolemy.moml.MoMLSimpleApplication@3eeae451
----------------- Done invoking toplevel() on ptolemy.moml.MoMLSimpleApplication@3eeae451
reloadAllAccessors: .arrayType8

===========================================================================================
----------------- testing Sat Jun 16 01:24:28 UTC 2018 /home/travis/build/icyphy/ptII/ptolemy/actor/lib/test/auto/arrayType9.xml
----------------- Instantiating /home/travis/build/icyphy/ptII/ptolemy/actor/lib/test/auto/arrayType9.xml
1 ms. Memory: 1670144K Free: 273479K (16%)
----------------- Invoking toplevel() on ptolemy.moml.MoMLSimpleApplication@399bbb4d
----------------- Done invoking toplevel() on ptolemy.moml.MoMLSimpleApplication@399bbb4d
reloadAllAccessors: .arrayType9

===========================================================================================
----------------- testing Sat Jun 16 01:24:28 UTC 2018 /home/travis/build/icyphy/ptII/ptolemy/actor/lib/test/auto/cast.xml
----------------- Instantiating /home/travis/build/icyphy/ptII/ptolemy/actor/lib/test/auto/cast.xml
2 ms. Memory: 1670144K Free: 249025K (15%)
----------------- Invoking toplevel() on ptolemy.moml.MoMLSimpleApplication@72cbf817
----------------- Done invoking toplevel() on ptolemy.moml.MoMLSimpleApplication@72cbf817
reloadAllAccessors: .cast

===========================================================================================
----------------- testing Sat Jun 16 01:24:28 UTC 2018 /home/travis/build/icyphy/ptII/ptolemy/actor/lib/test/auto/compositeMultiPort.xml
----------------- Instantiating /home/travis/build/icyphy/ptII/ptolemy/actor/lib/test/auto/compositeMultiPort.xml
3 ms. Memory: 1670144K Free: 224572K (13%)
----------------- Invoking toplevel() on ptolemy.moml.MoMLSimpleApplication@42058eb8
----------------- Done invoking toplevel() on ptolemy.moml.MoMLSimpleApplication@42058eb8
reloadAllAccessors: .compositeMultiPort

===========================================================================================
----------------- testing Sat Jun 16 01:24:28 UTC 2018 /home/travis/build/icyphy/ptII/ptolemy/actor/lib/test/auto/expressionCastInference.xml
----------------- Instantiating /home/travis/build/icyphy/ptII/ptolemy/actor/lib/test/auto/expressionCastInference.xml
2 ms. Memory: 1670144K Free: 203799K (12%)
----------------- Invoking toplevel() on ptolemy.moml.MoMLSimpleApplication@79ee2ca9
----------------- Done invoking toplevel() on ptolemy.moml.MoMLSimpleApplication@79ee2ca9
reloadAllAccessors: .expressionCastInference

===========================================================================================
----------------- testing Sat Jun 16 01:24:28 UTC 2018 /home/travis/build/icyphy/ptII/ptolemy/actor/lib/test/auto/expressionCastInference2.xml
----------------- Instantiating /home/travis/build/icyphy/ptII/ptolemy/actor/lib/test/auto/expressionCastInference2.xml
2 ms. Memory: 1670144K Free: 179346K (11%)
----------------- Invoking toplevel() on ptolemy.moml.MoMLSimpleApplication@70bbe580
----------------- Done invoking toplevel() on ptolemy.moml.MoMLSimpleApplication@70bbe580
reloadAllAccessors: .expressionCastInference2

===========================================================================================
----------------- testing Sat Jun 16 01:24:28 UTC 2018 /home/travis/build/icyphy/ptII/ptolemy/actor/lib/test/auto/expressionInference.xml
----------------- Instantiating /home/travis/build/icyphy/ptII/ptolemy/actor/lib/test/auto/expressionInference.xml
1 ms. Memory: 1670144K Free: 154892K (9%)
----------------- Invoking toplevel() on ptolemy.moml.MoMLSimpleApplication@5a86caab
----------------- Done invoking toplevel() on ptolemy.moml.MoMLSimpleApplication@5a86caab
reloadAllAccessors: .expressionInference

===========================================================================================
----------------- testing Sat Jun 16 01:24:28 UTC 2018 /home/travis/build/icyphy/ptII/ptolemy/actor/lib/test/auto/expression_bug.xml
----------------- Instantiating /home/travis/build/icyphy/ptII/ptolemy/actor/lib/test/auto/expression_bug.xml
2 ms. Memory: 1670144K Free: 134119K (8%)
----------------- Invoking toplevel() on ptolemy.moml.MoMLSimpleApplication@7daf4739
----------------- Done invoking toplevel() on ptolemy.moml.MoMLSimpleApplication@7daf4739
reloadAllAccessors: .expression_bug

===========================================================================================
----------------- testing Sat Jun 16 01:24:28 UTC 2018 /home/travis/build/icyphy/ptII/ptolemy/actor/lib/test/auto/factorial.xml
----------------- Instantiating /home/travis/build/icyphy/ptII/ptolemy/actor/lib/test/auto/factorial.xml
31 ms. Memory: 1670144K Free: 109666K (7%)
----------------- Invoking toplevel() on ptolemy.moml.MoMLSimpleApplication@5c8129fc
----------------- Done invoking toplevel() on ptolemy.moml.MoMLSimpleApplication@5c8129fc
reloadAllAccessors: .factorial

===========================================================================================
----------------- testing Sat Jun 16 01:24:28 UTC 2018 /home/travis/build/icyphy/ptII/ptolemy/actor/lib/test/auto/filterTest1.xml
----------------- Instantiating /home/travis/build/icyphy/ptII/ptolemy/actor/lib/test/auto/filterTest1.xml
3 ms. Memory: 1670144K Free: 85212K (5%)
----------------- Invoking toplevel() on ptolemy.moml.MoMLSimpleApplication@6d7ee35f
----------------- Done invoking toplevel() on ptolemy.moml.MoMLSimpleApplication@6d7ee35f
reloadAllAccessors: .filterTest1

===========================================================================================
----------------- testing Sat Jun 16 01:24:28 UTC 2018 /home/travis/build/icyphy/ptII/ptolemy/actor/lib/test/auto/funcApplyInConst.xml
----------------- Instantiating /home/travis/build/icyphy/ptII/ptolemy/actor/lib/test/auto/funcApplyInConst.xml
1 ms. Memory: 1670144K Free: 70614K (4%)
----------------- Invoking toplevel() on ptolemy.moml.MoMLSimpleApplication@7ac7c617
----------------- Done invoking toplevel() on ptolemy.moml.MoMLSimpleApplication@7ac7c617
reloadAllAccessors: .funcApplyInConst

===========================================================================================
----------------- testing Sat Jun 16 01:24:28 UTC 2018 /home/travis/build/icyphy/ptII/ptolemy/actor/lib/test/auto/funcApplyInExpr.xml
----------------- Instantiating /home/travis/build/icyphy/ptII/ptolemy/actor/lib/test/auto/funcApplyInExpr.xml
2 ms. Memory: 1673728K Free: 1602392K (96%)
----------------- Invoking toplevel() on ptolemy.moml.MoMLSimpleApplication@53bed03e
----------------- Done invoking toplevel() on ptolemy.moml.MoMLSimpleApplication@53bed03e
reloadAllAccessors: .funcApplyInExpr

===========================================================================================
----------------- testing Sat Jun 16 01:24:28 UTC 2018 /home/travis/build/icyphy/ptII/ptolemy/actor/lib/test/auto/function.xml
----------------- Instantiating /home/travis/build/icyphy/ptII/ptolemy/actor/lib/test/auto/function.xml
2 ms. Memory: 1673728K Free: 1578094K (94%)
----------------- Invoking toplevel() on ptolemy.moml.MoMLSimpleApplication@a040b1e
----------------- Done invoking toplevel() on ptolemy.moml.MoMLSimpleApplication@a040b1e
reloadAllAccessors: .function

===========================================================================================
----------------- testing Sat Jun 16 01:24:28 UTC 2018 /home/travis/build/icyphy/ptII/ptolemy/actor/lib/test/auto/function2.xml
----------------- Instantiating /home/travis/build/icyphy/ptII/ptolemy/actor/lib/test/auto/function2.xml
1 ms. Memory: 1673728K Free: 1553795K (93%)
----------------- Invoking toplevel() on ptolemy.moml.MoMLSimpleApplication@3bb08c8a
----------------- Done invoking toplevel() on ptolemy.moml.MoMLSimpleApplication@3bb08c8a
reloadAllAccessors: .function2

===========================================================================================
----------------- testing Sat Jun 16 01:24:28 UTC 2018 /home/travis/build/icyphy/ptII/ptolemy/actor/lib/test/auto/function3.xml
----------------- Instantiating /home/travis/build/icyphy/ptII/ptolemy/actor/lib/test/auto/function3.xml
1 ms. Memory: 1673728K Free: 1529496K (91%)
----------------- Invoking toplevel() on ptolemy.moml.MoMLSimpleApplication@421009fa
----------------- Done invoking toplevel() on ptolemy.moml.MoMLSimpleApplication@421009fa
reloadAllAccessors: .function3

===========================================================================================
----------------- testing Sat Jun 16 01:24:28 UTC 2018 /home/travis/build/icyphy/ptII/ptolemy/actor/lib/test/auto/functionClosureTest1.xml
----------------- Instantiating /home/travis/build/icyphy/ptII/ptolemy/actor/lib/test/auto/functionClosureTest1.xml
2 ms. Memory: 1673728K Free: 1508722K (90%)
----------------- Invoking toplevel() on ptolemy.moml.MoMLSimpleApplication@7ef9f681
----------------- Done invoking toplevel() on ptolemy.moml.MoMLSimpleApplication@7ef9f681
reloadAllAccessors: .functionClosureTest1

===========================================================================================
----------------- testing Sat Jun 16 01:24:28 UTC 2018 /home/travis/build/icyphy/ptII/ptolemy/actor/lib/test/auto/functionClosureTest2.xml
----------------- Instantiating /home/travis/build/icyphy/ptII/ptolemy/actor/lib/test/auto/functionClosureTest2.xml
1 ms. Memory: 1673728K Free: 1484424K (89%)
----------------- Invoking toplevel() on ptolemy.moml.MoMLSimpleApplication@79402065
----------------- Done invoking toplevel() on ptolemy.moml.MoMLSimpleApplication@79402065
reloadAllAccessors: .functionClosureTest2

===========================================================================================
----------------- testing Sat Jun 16 01:24:28 UTC 2018 /home/travis/build/icyphy/ptII/ptolemy/actor/lib/test/auto/functionClosureTest3.xml
----------------- Instantiating /home/travis/build/icyphy/ptII/ptolemy/actor/lib/test/auto/functionClosureTest3.xml
1 ms. Memory: 1673728K Free: 1460125K (87%)
----------------- Invoking toplevel() on ptolemy.moml.MoMLSimpleApplication@2cd41d17
----------------- Done invoking toplevel() on ptolemy.moml.MoMLSimpleApplication@2cd41d17
reloadAllAccessors: .functionClosureTest3

===========================================================================================
----------------- testing Sat Jun 16 01:24:28 UTC 2018 /home/travis/build/icyphy/ptII/ptolemy/actor/lib/test/auto/functionClosureTest4.xml
----------------- Instantiating /home/travis/build/icyphy/ptII/ptolemy/actor/lib/test/auto/functionClosureTest4.xml
2 ms. Memory: 1673728K Free: 1435826K (86%)
----------------- Invoking toplevel() on ptolemy.moml.MoMLSimpleApplication@3688ed71
----------------- Done invoking toplevel() on ptolemy.moml.MoMLSimpleApplication@3688ed71
reloadAllAccessors: .functionClosureTest4

===========================================================================================
----------------- testing Sat Jun 16 01:24:29 UTC 2018 /home/travis/build/icyphy/ptII/ptolemy/actor/lib/test/auto/functionClosureTest5.xml
----------------- Instantiating /home/travis/build/icyphy/ptII/ptolemy/actor/lib/test/auto/functionClosureTest5.xml
3 ms. Memory: 1673728K Free: 1415053K (85%)
----------------- Invoking toplevel() on ptolemy.moml.MoMLSimpleApplication@725eb7c0
----------------- Done invoking toplevel() on ptolemy.moml.MoMLSimpleApplication@725eb7c0
reloadAllAccessors: .functionClosureTest5

===========================================================================================
----------------- testing Sat Jun 16 01:24:29 UTC 2018 /home/travis/build/icyphy/ptII/ptolemy/actor/lib/test/auto/functionClosureTest6.xml
----------------- Instantiating /home/travis/build/icyphy/ptII/ptolemy/actor/lib/test/auto/functionClosureTest6.xml
4 ms. Memory: 1673728K Free: 1390754K (83%)
----------------- Invoking toplevel() on ptolemy.moml.MoMLSimpleApplication@42c17f
----------------- Done invoking toplevel() on ptolemy.moml.MoMLSimpleApplication@42c17f
reloadAllAccessors: .functionClosureTest6

===========================================================================================
----------------- testing Sat Jun 16 01:24:29 UTC 2018 /home/travis/build/icyphy/ptII/ptolemy/actor/lib/test/auto/functionsOnArcs.xml
----------------- Instantiating /home/travis/build/icyphy/ptII/ptolemy/actor/lib/test/auto/functionsOnArcs.xml
2 ms. Memory: 1673728K Free: 1366456K (82%)
----------------- Invoking toplevel() on ptolemy.moml.MoMLSimpleApplication@16516be
----------------- Done invoking toplevel() on ptolemy.moml.MoMLSimpleApplication@16516be
reloadAllAccessors: .functionsOnArcs

===========================================================================================
----------------- testing Sat Jun 16 01:24:29 UTC 2018 /home/travis/build/icyphy/ptII/ptolemy/actor/lib/test/auto/functionsOnArcsHOF.xml
----------------- Instantiating /home/travis/build/icyphy/ptII/ptolemy/actor/lib/test/auto/functionsOnArcsHOF.xml
2 ms. Memory: 1673728K Free: 1342157K (80%)
----------------- Invoking toplevel() on ptolemy.moml.MoMLSimpleApplication@3068d8cb
----------------- Done invoking toplevel() on ptolemy.moml.MoMLSimpleApplication@3068d8cb
reloadAllAccessors: .functionsOnArcsHOF

===========================================================================================
----------------- testing Sat Jun 16 01:24:29 UTC 2018 /home/travis/build/icyphy/ptII/ptolemy/actor/lib/test/auto/logic.xml
----------------- Instantiating /home/travis/build/icyphy/ptII/ptolemy/actor/lib/test/auto/logic.xml
2 ms. Memory: 1673728K Free: 1321384K (79%)
----------------- Invoking toplevel() on ptolemy.moml.MoMLSimpleApplication@4d688390
----------------- Done invoking toplevel() on ptolemy.moml.MoMLSimpleApplication@4d688390
reloadAllAccessors: .logic

===========================================================================================
----------------- testing Sat Jun 16 01:24:29 UTC 2018 /home/travis/build/icyphy/ptII/ptolemy/actor/lib/test/auto/matrixType.xml
----------------- Instantiating /home/travis/build/icyphy/ptII/ptolemy/actor/lib/test/auto/matrixType.xml
1 ms. Memory: 1673728K Free: 1297085K (77%)
----------------- Invoking toplevel() on ptolemy.moml.MoMLSimpleApplication@201965eb
----------------- Done invoking toplevel() on ptolemy.moml.MoMLSimpleApplication@201965eb
reloadAllAccessors: .matrixType

===========================================================================================
----------------- testing Sat Jun 16 01:24:29 UTC 2018 /home/travis/build/icyphy/ptII/ptolemy/actor/lib/test/auto/matrixType10.xml
----------------- Instantiating /home/travis/build/icyphy/ptII/ptolemy/actor/lib/test/auto/matrixType10.xml
1 ms. Memory: 1673728K Free: 1272787K (76%)
----------------- Invoking toplevel() on ptolemy.moml.MoMLSimpleApplication@8a53e47
----------------- Done invoking toplevel() on ptolemy.moml.MoMLSimpleApplication@8a53e47
reloadAllAccessors: .matrixType10

===========================================================================================
----------------- testing Sat Jun 16 01:24:29 UTC 2018 /home/travis/build/icyphy/ptII/ptolemy/actor/lib/test/auto/matrixType11.xml
----------------- Instantiating /home/travis/build/icyphy/ptII/ptolemy/actor/lib/test/auto/matrixType11.xml
1 ms. Memory: 1673728K Free: 1248488K (75%)
----------------- Invoking toplevel() on ptolemy.moml.MoMLSimpleApplication@fc12271
----------------- Done invoking toplevel() on ptolemy.moml.MoMLSimpleApplication@fc12271
reloadAllAccessors: .matrixType11

===========================================================================================
----------------- testing Sat Jun 16 01:24:29 UTC 2018 /home/travis/build/icyphy/ptII/ptolemy/actor/lib/test/auto/matrixType12.xml
----------------- Instantiating /home/travis/build/icyphy/ptII/ptolemy/actor/lib/test/auto/matrixType12.xml
3 ms. Memory: 1673728K Free: 1227704K (73%)
----------------- Invoking toplevel() on ptolemy.moml.MoMLSimpleApplication@7b5d499d
----------------- Done invoking toplevel() on ptolemy.moml.MoMLSimpleApplication@7b5d499d
reloadAllAccessors: .matrixType12

===========================================================================================
----------------- testing Sat Jun 16 01:24:29 UTC 2018 /home/travis/build/icyphy/ptII/ptolemy/actor/lib/test/auto/matrixType13.xml
----------------- Instantiating /home/travis/build/icyphy/ptII/ptolemy/actor/lib/test/auto/matrixType13.xml
2 ms. Memory: 1673728K Free: 1203406K (72%)
----------------- Invoking toplevel() on ptolemy.moml.MoMLSimpleApplication@67abd192
----------------- Done invoking toplevel() on ptolemy.moml.MoMLSimpleApplication@67abd192
reloadAllAccessors: .matrixType13

===========================================================================================
----------------- testing Sat Jun 16 01:24:29 UTC 2018 /home/travis/build/icyphy/ptII/ptolemy/actor/lib/test/auto/matrixType14.xml
----------------- Instantiating /home/travis/build/icyphy/ptII/ptolemy/actor/lib/test/auto/matrixType14.xml
1 ms. Memory: 1673728K Free: 1179107K (70%)
----------------- Invoking toplevel() on ptolemy.moml.MoMLSimpleApplication@42d417e7
----------------- Done invoking toplevel() on ptolemy.moml.MoMLSimpleApplication@42d417e7
reloadAllAccessors: .matrixType14

===========================================================================================
----------------- testing Sat Jun 16 01:24:29 UTC 2018 /home/travis/build/icyphy/ptII/ptolemy/actor/lib/test/auto/matrixType2.xml
----------------- Instantiating /home/travis/build/icyphy/ptII/ptolemy/actor/lib/test/auto/matrixType2.xml
2 ms. Memory: 1673728K Free: 1158334K (69%)
----------------- Invoking toplevel() on ptolemy.moml.MoMLSimpleApplication@4d200c70
----------------- Done invoking toplevel() on ptolemy.moml.MoMLSimpleApplication@4d200c70
reloadAllAccessors: .matrixType2

===========================================================================================
----------------- testing Sat Jun 16 01:24:29 UTC 2018 /home/travis/build/icyphy/ptII/ptolemy/actor/lib/test/auto/matrixType3.xml
----------------- Instantiating /home/travis/build/icyphy/ptII/ptolemy/actor/lib/test/auto/matrixType3.xml
4 ms. Memory: 1673728K Free: 1134035K (68%)
----------------- Invoking toplevel() on ptolemy.moml.MoMLSimpleApplication@5f6bdef0
----------------- Done invoking toplevel() on ptolemy.moml.MoMLSimpleApplication@5f6bdef0
reloadAllAccessors: .matrixType3

===========================================================================================
----------------- testing Sat Jun 16 01:24:29 UTC 2018 /home/travis/build/icyphy/ptII/ptolemy/actor/lib/test/auto/matrixType4.xml
----------------- Instantiating /home/travis/build/icyphy/ptII/ptolemy/actor/lib/test/auto/matrixType4.xml
2 ms. Memory: 1673728K Free: 1109736K (66%)
----------------- Invoking toplevel() on ptolemy.moml.MoMLSimpleApplication@1d340885
----------------- Done invoking toplevel() on ptolemy.moml.MoMLSimpleApplication@1d340885
reloadAllAccessors: .matrixType4

===========================================================================================
----------------- testing Sat Jun 16 01:24:29 UTC 2018 /home/travis/build/icyphy/ptII/ptolemy/actor/lib/test/auto/matrixType5.xml
----------------- Instantiating /home/travis/build/icyphy/ptII/ptolemy/actor/lib/test/auto/matrixType5.xml
1 ms. Memory: 1673728K Free: 1085438K (65%)
----------------- Invoking toplevel() on ptolemy.moml.MoMLSimpleApplication@52eaa3a1
----------------- Done invoking toplevel() on ptolemy.moml.MoMLSimpleApplication@52eaa3a1
reloadAllAccessors: .matrixType5

===========================================================================================
----------------- testing Sat Jun 16 01:24:29 UTC 2018 /home/travis/build/icyphy/ptII/ptolemy/actor/lib/test/auto/matrixType6.xml
----------------- Instantiating /home/travis/build/icyphy/ptII/ptolemy/actor/lib/test/auto/matrixType6.xml
1 ms. Memory: 1673728K Free: 1064664K (64%)
----------------- Invoking toplevel() on ptolemy.moml.MoMLSimpleApplication@571b14f
----------------- Done invoking toplevel() on ptolemy.moml.MoMLSimpleApplication@571b14f
reloadAllAccessors: .matrixType6

===========================================================================================
----------------- testing Sat Jun 16 01:24:29 UTC 2018 /home/travis/build/icyphy/ptII/ptolemy/actor/lib/test/auto/matrixType7.xml
----------------- Instantiating /home/travis/build/icyphy/ptII/ptolemy/actor/lib/test/auto/matrixType7.xml
1 ms. Memory: 1673728K Free: 1040365K (62%)
----------------- Invoking toplevel() on ptolemy.moml.MoMLSimpleApplication@15f144c1
----------------- Done invoking toplevel() on ptolemy.moml.MoMLSimpleApplication@15f144c1
reloadAllAccessors: .matrixType7

===========================================================================================
----------------- testing Sat Jun 16 01:24:29 UTC 2018 /home/travis/build/icyphy/ptII/ptolemy/actor/lib/test/auto/matrixType8.xml
----------------- Instantiating /home/travis/build/icyphy/ptII/ptolemy/actor/lib/test/auto/matrixType8.xml
4 ms. Memory: 1673728K Free: 1016066K (61%)
----------------- Invoking toplevel() on ptolemy.moml.MoMLSimpleApplication@3bd9577a
----------------- Done invoking toplevel() on ptolemy.moml.MoMLSimpleApplication@3bd9577a
reloadAllAccessors: .matrixType8

===========================================================================================
----------------- testing Sat Jun 16 01:24:29 UTC 2018 /home/travis/build/icyphy/ptII/ptolemy/actor/lib/test/auto/matrixType9.xml
----------------- Instantiating /home/travis/build/icyphy/ptII/ptolemy/actor/lib/test/auto/matrixType9.xml
1 ms. Memory: 1673728K Free: 991768K (59%)
----------------- Invoking toplevel() on ptolemy.moml.MoMLSimpleApplication@2fd8b0e4
----------------- Done invoking toplevel() on ptolemy.moml.MoMLSimpleApplication@2fd8b0e4
reloadAllAccessors: .matrixType9

===========================================================================================
----------------- testing Sat Jun 16 01:24:29 UTC 2018 /home/travis/build/icyphy/ptII/ptolemy/actor/lib/test/auto/paraFunctest.xml
----------------- Instantiating /home/travis/build/icyphy/ptII/ptolemy/actor/lib/test/auto/paraFunctest.xml
1 ms. Memory: 1673728K Free: 970994K (58%)
----------------- Invoking toplevel() on ptolemy.moml.MoMLSimpleApplication@30a99b3
----------------- Done invoking toplevel() on ptolemy.moml.MoMLSimpleApplication@30a99b3
reloadAllAccessors: .paraFunctest

===========================================================================================
----------------- testing Sat Jun 16 01:24:29 UTC 2018 /home/travis/build/icyphy/ptII/ptolemy/actor/lib/test/auto/paraFunctest2.xml
----------------- Instantiating /home/travis/build/icyphy/ptII/ptolemy/actor/lib/test/auto/paraFunctest2.xml
1 ms. Memory: 1673728K Free: 946695K (57%)
----------------- Invoking toplevel() on ptolemy.moml.MoMLSimpleApplication@4ce085b
----------------- Done invoking toplevel() on ptolemy.moml.MoMLSimpleApplication@4ce085b
reloadAllAccessors: .paraFunctest2

===========================================================================================
----------------- testing Sat Jun 16 01:24:29 UTC 2018 /home/travis/build/icyphy/ptII/ptolemy/actor/lib/test/auto/parameterPassing.xml
----------------- Instantiating /home/travis/build/icyphy/ptII/ptolemy/actor/lib/test/auto/parameterPassing.xml
1 ms. Memory: 1673728K Free: 922396K (55%)
----------------- Invoking toplevel() on ptolemy.moml.MoMLSimpleApplication@616eecc
----------------- Done invoking toplevel() on ptolemy.moml.MoMLSimpleApplication@616eecc
reloadAllAccessors: .parameterPassing

===========================================================================================
----------------- testing Sat Jun 16 01:24:29 UTC 2018 /home/travis/build/icyphy/ptII/ptolemy/actor/lib/test/auto/record.xml
----------------- Instantiating /home/travis/build/icyphy/ptII/ptolemy/actor/lib/test/auto/record.xml
2 ms. Memory: 1673728K Free: 898098K (54%)
----------------- Invoking toplevel() on ptolemy.moml.MoMLSimpleApplication@6645ef8b
----------------- Done invoking toplevel() on ptolemy.moml.MoMLSimpleApplication@6645ef8b
reloadAllAccessors: .record

===========================================================================================
----------------- testing Sat Jun 16 01:24:29 UTC 2018 /home/travis/build/icyphy/ptII/ptolemy/actor/lib/test/auto/sizedarray1.xml
----------------- Instantiating /home/travis/build/icyphy/ptII/ptolemy/actor/lib/test/auto/sizedarray1.xml
1 ms. Memory: 1673728K Free: 877324K (52%)
----------------- Invoking toplevel() on ptolemy.moml.MoMLSimpleApplication@1cda5a0b
----------------- Done invoking toplevel() on ptolemy.moml.MoMLSimpleApplication@1cda5a0b
reloadAllAccessors: .sizedarray1

===========================================================================================
----------------- testing Sat Jun 16 01:24:29 UTC 2018 /home/travis/build/icyphy/ptII/ptolemy/actor/lib/test/auto/sizedarray2.xml
----------------- Instantiating /home/travis/build/icyphy/ptII/ptolemy/actor/lib/test/auto/sizedarray2.xml
2 ms. Memory: 1673728K Free: 853026K (51%)
----------------- Invoking toplevel() on ptolemy.moml.MoMLSimpleApplication@1281316
----------------- Done invoking toplevel() on ptolemy.moml.MoMLSimpleApplication@1281316
reloadAllAccessors: .sizedarray2

===========================================================================================
----------------- testing Sat Jun 16 01:24:29 UTC 2018 /home/travis/build/icyphy/ptII/ptolemy/actor/lib/test/auto/twoPublishers.xml
----------------- Instantiating /home/travis/build/icyphy/ptII/ptolemy/actor/lib/test/auto/twoPublishers.xml
2 ms. Memory: 1673728K Free: 828727K (50%)
----------------- Invoking toplevel() on ptolemy.moml.MoMLSimpleApplication@4045f9a6
----------------- Done invoking toplevel() on ptolemy.moml.MoMLSimpleApplication@4045f9a6
reloadAllAccessors: .twoPublishers
AutoTests.java: About to close Vertx.
AutoTests.java: Vertx closed.
]]></system-out>
  <system-err><![CDATA[java.lang.RuntimeException: Execution failed
	at ptolemy.moml.MoMLSimpleApplication$UnloadThread.run(MoMLSimpleApplication.java:402)
Caused by: java.lang.RuntimeException: Normally, we would exit here because Manager.exitAfterWrapup() was called.  However, because the ptolemy.ptII.exitAfterWrapup property is set, we throw this exception instead.
	at ptolemy.util.StringUtilities.exit(StringUtilities.java:363)
	at ptolemy.actor.Manager.wrapup(Manager.java:1531)
	at ptolemy.actor.Manager.execute(Manager.java:407)
	at ptolemy.actor.Manager.run(Manager.java:1263)
	at ptolemy.actor.Manager$PtolemyRunThread.run(Manager.java:1915)
Warning: '.top.test' is in training mode, set the trainingMode parameter to false before checking in
Warning: '.top.test' is in training mode, set the trainingMode parameter to false before checking in
Warning: '.top.test' is in training mode, set the trainingMode parameter to false before checking in
Warning: '.BooleanSwitch_RegressionTest_WrongTrainingValues.Test' is in training mode, set the trainingMode parameter to false before checking in
Warning: '.BooleanSwitch_RegressionTest_WrongTrainingValues.Test2' is in training mode, set the trainingMode parameter to false before checking in
Warning: '.BooleanSwitch_RegressionTest_WrongTrainingValues.Test2' The test produced 0 tokens.
Warning: '.top.testExceptionHandler' is in training mode, set the trainingMode parameter to false before checking in
java.lang.RuntimeException: Execution failed
	at ptolemy.moml.MoMLSimpleApplication$UnloadThread.run(MoMLSimpleApplication.java:402)
Caused by: ptolemy.kernel.util.IllegalActionException: PublisherPorts cannot be used at the top level, use a Publisher actor instead.
  in .PublisherPortToplevelSubscriber.PublisherPort
	at ptolemy.actor.PublisherPort.preinitialize(PublisherPort.java:403)
	at ptolemy.actor.CompositeActor.preinitialize(CompositeActor.java:1769)
	at ptolemy.actor.Manager.preinitializeAndResolveTypes(Manager.java:1040)
	at ptolemy.actor.Manager.initialize(Manager.java:710)
	at ptolemy.actor.Manager.execute(Manager.java:356)
	at ptolemy.actor.Manager.run(Manager.java:1263)
	at ptolemy.actor.Manager$PtolemyRunThread.run(Manager.java:1915)
java.lang.reflect.InvocationTargetException
	at sun.reflect.NativeConstructorAccessorImpl.newInstance0(Native Method)
	at sun.reflect.NativeConstructorAccessorImpl.newInstance(NativeConstructorAccessorImpl.java:62)
	at sun.reflect.DelegatingConstructorAccessorImpl.newInstance(DelegatingConstructorAccessorImpl.java:45)
	at java.lang.reflect.Constructor.newInstance(Constructor.java:423)
	at ptolemy.util.test.junit.AutoKnownFailedTests.RunModel(AutoKnownFailedTests.java:107)
	at sun.reflect.NativeMethodAccessorImpl.invoke0(Native Method)
	at sun.reflect.NativeMethodAccessorImpl.invoke(NativeMethodAccessorImpl.java:62)
	at sun.reflect.DelegatingMethodAccessorImpl.invoke(DelegatingMethodAccessorImpl.java:43)
	at java.lang.reflect.Method.invoke(Method.java:498)
	at org.junit.runners.model.FrameworkMethod$1.runReflectiveCall(FrameworkMethod.java:44)
	at org.junit.internal.runners.model.ReflectiveCallable.run(ReflectiveCallable.java:15)
	at org.junit.runners.model.FrameworkMethod.invokeExplosively(FrameworkMethod.java:41)
	at junitparams.internal.InvokeParameterisedMethod.evaluate(InvokeParameterisedMethod.java:102)
	at org.junit.internal.runners.statements.FailOnTimeout$1.run(FailOnTimeout.java:28)
Caused by: ptolemy.kernel.util.IllegalActionException: PublisherPorts cannot be used at the top level, use a Publisher actor instead.
  in .PublisherPortToplevelSubscriber.PublisherPort
	at ptolemy.actor.PublisherPort.preinitialize(PublisherPort.java:403)
	at ptolemy.actor.CompositeActor.preinitialize(CompositeActor.java:1769)
	at ptolemy.actor.Manager.preinitializeAndResolveTypes(Manager.java:1040)
	at ptolemy.actor.Manager.initialize(Manager.java:710)
	at ptolemy.actor.Manager.execute(Manager.java:356)
	at ptolemy.actor.Manager.run(Manager.java:1263)
	at ptolemy.actor.Manager$PtolemyRunThread.run(Manager.java:1915)
java.lang.RuntimeException: Execution failed
	at ptolemy.moml.MoMLSimpleApplication$UnloadThread.run(MoMLSimpleApplication.java:402)
Caused by: ptolemy.kernel.util.IllegalActionException: SubscriberPorts cannot be used at the top level, use a Subscriber actor instead.
  in .PublisherSubscriberPortToplevel.SubscriberPort
	at ptolemy.actor.SubscriberPort.preinitialize(SubscriberPort.java:328)
	at ptolemy.actor.CompositeActor.preinitialize(CompositeActor.java:1769)
	at ptolemy.actor.Manager.preinitializeAndResolveTypes(Manager.java:1040)
	at ptolemy.actor.Manager.initialize(Manager.java:710)
	at ptolemy.actor.Manager.execute(Manager.java:356)
	at ptolemy.actor.Manager.run(Manager.java:1263)
	at ptolemy.actor.Manager$PtolemyRunThread.run(Manager.java:1915)
java.lang.reflect.InvocationTargetException
	at sun.reflect.NativeConstructorAccessorImpl.newInstance0(Native Method)
	at sun.reflect.NativeConstructorAccessorImpl.newInstance(NativeConstructorAccessorImpl.java:62)
	at sun.reflect.DelegatingConstructorAccessorImpl.newInstance(DelegatingConstructorAccessorImpl.java:45)
	at java.lang.reflect.Constructor.newInstance(Constructor.java:423)
	at ptolemy.util.test.junit.AutoKnownFailedTests.RunModel(AutoKnownFailedTests.java:107)
	at sun.reflect.NativeMethodAccessorImpl.invoke0(Native Method)
	at sun.reflect.NativeMethodAccessorImpl.invoke(NativeMethodAccessorImpl.java:62)
	at sun.reflect.DelegatingMethodAccessorImpl.invoke(DelegatingMethodAccessorImpl.java:43)
	at java.lang.reflect.Method.invoke(Method.java:498)
	at org.junit.runners.model.FrameworkMethod$1.runReflectiveCall(FrameworkMethod.java:44)
	at org.junit.internal.runners.model.ReflectiveCallable.run(ReflectiveCallable.java:15)
	at org.junit.runners.model.FrameworkMethod.invokeExplosively(FrameworkMethod.java:41)
	at junitparams.internal.InvokeParameterisedMethod.evaluate(InvokeParameterisedMethod.java:102)
	at org.junit.internal.runners.statements.FailOnTimeout$1.run(FailOnTimeout.java:28)
Caused by: ptolemy.kernel.util.IllegalActionException: SubscriberPorts cannot be used at the top level, use a Subscriber actor instead.
  in .PublisherSubscriberPortToplevel.SubscriberPort
	at ptolemy.actor.SubscriberPort.preinitialize(SubscriberPort.java:328)
	at ptolemy.actor.CompositeActor.preinitialize(CompositeActor.java:1769)
	at ptolemy.actor.Manager.preinitializeAndResolveTypes(Manager.java:1040)
	at ptolemy.actor.Manager.initialize(Manager.java:710)
	at ptolemy.actor.Manager.execute(Manager.java:356)
	at ptolemy.actor.Manager.run(Manager.java:1263)
	at ptolemy.actor.Manager$PtolemyRunThread.run(Manager.java:1915)
java.lang.RuntimeException: Execution failed
	at ptolemy.moml.MoMLSimpleApplication$UnloadThread.run(MoMLSimpleApplication.java:402)
Caused by: ptolemy.kernel.util.IllegalActionException: SubscriptionAggregatorPorts cannot be used at the top level, use a SubscriptionAggregator actor instead.
  in .PublisherSubscriptionAggregatorPort.SubscriptionAggregatorPort
	at ptolemy.actor.SubscriptionAggregatorPort.preinitialize(SubscriptionAggregatorPort.java:353)
	at ptolemy.actor.CompositeActor.preinitialize(CompositeActor.java:1769)
	at ptolemy.actor.Manager.preinitializeAndResolveTypes(Manager.java:1040)
	at ptolemy.actor.Manager.initialize(Manager.java:710)
	at ptolemy.actor.Manager.execute(Manager.java:356)
	at ptolemy.actor.Manager.run(Manager.java:1263)
	at ptolemy.actor.Manager$PtolemyRunThread.run(Manager.java:1915)
java.lang.reflect.InvocationTargetException
	at sun.reflect.NativeConstructorAccessorImpl.newInstance0(Native Method)
	at sun.reflect.NativeConstructorAccessorImpl.newInstance(NativeConstructorAccessorImpl.java:62)
	at sun.reflect.DelegatingConstructorAccessorImpl.newInstance(DelegatingConstructorAccessorImpl.java:45)
	at java.lang.reflect.Constructor.newInstance(Constructor.java:423)
	at ptolemy.util.test.junit.AutoKnownFailedTests.RunModel(AutoKnownFailedTests.java:107)
	at sun.reflect.NativeMethodAccessorImpl.invoke0(Native Method)
	at sun.reflect.NativeMethodAccessorImpl.invoke(NativeMethodAccessorImpl.java:62)
	at sun.reflect.DelegatingMethodAccessorImpl.invoke(DelegatingMethodAccessorImpl.java:43)
	at java.lang.reflect.Method.invoke(Method.java:498)
	at org.junit.runners.model.FrameworkMethod$1.runReflectiveCall(FrameworkMethod.java:44)
	at org.junit.internal.runners.model.ReflectiveCallable.run(ReflectiveCallable.java:15)
	at org.junit.runners.model.FrameworkMethod.invokeExplosively(FrameworkMethod.java:41)
	at junitparams.internal.InvokeParameterisedMethod.evaluate(InvokeParameterisedMethod.java:102)
	at org.junit.internal.runners.statements.FailOnTimeout$1.run(FailOnTimeout.java:28)
Caused by: ptolemy.kernel.util.IllegalActionException: SubscriptionAggregatorPorts cannot be used at the top level, use a SubscriptionAggregator actor instead.
  in .PublisherSubscriptionAggregatorPort.SubscriptionAggregatorPort
	at ptolemy.actor.SubscriptionAggregatorPort.preinitialize(SubscriptionAggregatorPort.java:353)
	at ptolemy.actor.CompositeActor.preinitialize(CompositeActor.java:1769)
	at ptolemy.actor.Manager.preinitializeAndResolveTypes(Manager.java:1040)
	at ptolemy.actor.Manager.initialize(Manager.java:710)
	at ptolemy.actor.Manager.execute(Manager.java:356)
	at ptolemy.actor.Manager.run(Manager.java:1263)
	at ptolemy.actor.Manager$PtolemyRunThread.run(Manager.java:1915)
java.lang.RuntimeException: Execution failed
	at ptolemy.moml.MoMLSimpleApplication$UnloadThread.run(MoMLSimpleApplication.java:402)
Caused by: ptolemy.kernel.util.IllegalActionException: TypeTest actor has no training data.
  in .sizedarray3.TypeTest
	at ptolemy.actor.lib.TypeTest.initialize(TypeTest.java:250)
	at ptolemy.actor.Director.initialize(Director.java:938)
	at ptolemy.actor.Director.initialize(Director.java:907)
	at ptolemy.actor.sched.StaticSchedulingDirector.initialize(StaticSchedulingDirector.java:159)
	at ptolemy.domains.sdf.kernel.SDFDirector.initialize(SDFDirector.java:544)
	at ptolemy.actor.CompositeActor.initialize(CompositeActor.java:935)
	at ptolemy.actor.Manager.initialize(Manager.java:724)
	at ptolemy.actor.Manager.execute(Manager.java:356)
	at ptolemy.actor.Manager.run(Manager.java:1263)
	at ptolemy.actor.Manager$PtolemyRunThread.run(Manager.java:1915)
java.lang.reflect.InvocationTargetException
	at sun.reflect.NativeConstructorAccessorImpl.newInstance0(Native Method)
	at sun.reflect.NativeConstructorAccessorImpl.newInstance(NativeConstructorAccessorImpl.java:62)
	at sun.reflect.DelegatingConstructorAccessorImpl.newInstance(DelegatingConstructorAccessorImpl.java:45)
	at java.lang.reflect.Constructor.newInstance(Constructor.java:423)
	at ptolemy.util.test.junit.AutoKnownFailedTests.RunModel(AutoKnownFailedTests.java:107)
	at sun.reflect.NativeMethodAccessorImpl.invoke0(Native Method)
	at sun.reflect.NativeMethodAccessorImpl.invoke(NativeMethodAccessorImpl.java:62)
	at sun.reflect.DelegatingMethodAccessorImpl.invoke(DelegatingMethodAccessorImpl.java:43)
	at java.lang.reflect.Method.invoke(Method.java:498)
	at org.junit.runners.model.FrameworkMethod$1.runReflectiveCall(FrameworkMethod.java:44)
	at org.junit.internal.runners.model.ReflectiveCallable.run(ReflectiveCallable.java:15)
	at org.junit.runners.model.FrameworkMethod.invokeExplosively(FrameworkMethod.java:41)
	at junitparams.internal.InvokeParameterisedMethod.evaluate(InvokeParameterisedMethod.java:102)
	at org.junit.internal.runners.statements.FailOnTimeout$1.run(FailOnTimeout.java:28)
Caused by: ptolemy.kernel.util.IllegalActionException: TypeTest actor has no training data.
  in .sizedarray3.TypeTest
	at ptolemy.actor.lib.TypeTest.initialize(TypeTest.java:250)
	at ptolemy.actor.Director.initialize(Director.java:938)
	at ptolemy.actor.Director.initialize(Director.java:907)
	at ptolemy.actor.sched.StaticSchedulingDirector.initialize(StaticSchedulingDirector.java:159)
	at ptolemy.domains.sdf.kernel.SDFDirector.initialize(SDFDirector.java:544)
	at ptolemy.actor.CompositeActor.initialize(CompositeActor.java:935)
	at ptolemy.actor.Manager.initialize(Manager.java:724)
	at ptolemy.actor.Manager.execute(Manager.java:356)
	at ptolemy.actor.Manager.run(Manager.java:1263)
	at ptolemy.actor.Manager$PtolemyRunThread.run(Manager.java:1915)
ptolemy.kernel.util.InternalErrorException: Exec Stdout Gobbler-2: Failed while reading from java.lang.UNIXProcess$ProcessPipeInputStream@20b6ddac. To avoid this, try setting the ignoreIOExceptionReadErrors parameter to true.null
  in .ExecEnvironment.Exec
Because:
Stream closed
	at ptolemy.actor.lib.Exec$_StreamReaderThread._read(Exec.java:762)
	at ptolemy.actor.lib.Exec$_StreamReaderThread.run(Exec.java:706)
Caused by: java.io.IOException: Stream closed
	at sun.nio.cs.StreamDecoder.ensureOpen(StreamDecoder.java:46)
	at sun.nio.cs.StreamDecoder.read(StreamDecoder.java:148)
	at java.io.InputStreamReader.read(InputStreamReader.java:184)
	at ptolemy.actor.lib.Exec$_StreamReaderThread._read(Exec.java:724)
	... 1 more
Caused by: java.io.IOException: Stream closed
	at sun.nio.cs.StreamDecoder.ensureOpen(StreamDecoder.java:46)
	at sun.nio.cs.StreamDecoder.read(StreamDecoder.java:148)
	at java.io.InputStreamReader.read(InputStreamReader.java:184)
	at ptolemy.actor.lib.Exec$_StreamReaderThread._read(Exec.java:724)
	at ptolemy.actor.lib.Exec$_StreamReaderThread.run(Exec.java:706)
]]></system-err>
</testsuite>
