<?xml version="1.0" encoding="UTF-8" ?>
<testsuite errors="1" failures="2" hostname="travis-job-c6415b90-829a-498f-89ce-98e1a7a641a7" name="ptolemy.actor.lib.test.junit.JUnitTclTest" skipped="0" tests="517" time="62.051" timestamp="2019-06-23T15:07:00">
  <properties>
    <property name="npm.executable" value="npm" />
    <property name="env.TRAVIS_ROOT" value="/" />
    <property name="ptII.mk.exists" value="true" />
    <property name="env.TRAVIS_APP_HOST" value="build.travis-ci.org" />
    <property name="env.rvm_bin_path" value="/home/travis/.rvm/bin" />
    <property name="java.home" value="/usr/local/lib/jvm/openjdk11" />
    <property name="env.TRAVIS_JOB_NUMBER" value="1178.8" />
    <property name="env.TRAVIS_HOME" value="/home/travis" />
    <property name="env.DISPLAY" value=":99.0" />
    <property name="env.TRAVIS_INIT" value="systemd" />
    <property name="env.SSH_TTY" value="/dev/pts/0" />
    <property name="java.net.preferIPv4Stack" value="true" />
    <property name="env.RUN_TESTS" value="true" />
    <property name="timeout.short" value="1000000" />
    <property name="junit.formatter" value="xml" />
    <property name="env.TRAVIS_SUDO" value="true" />
    <property name="env.TRAVIS_JOB_NAME" value="" />
    <property name="env.TRAVIS_STACK_NODE_ATTRIBUTES" value="/.node-attributes.yml" />
    <property name="env.LOGNAME" value="travis" />
    <property name="env.PT_TRAVIS_TEST_CORE1_XML" value="true" />
    <property name="jsdoc.home" value="node_modules/@terraswarm/jsdoc" />
    <property name="debuglevel" value="source,lines,vars" />
    <property name="checkstyle.formatter" value="xml" />
    <property name="env._system_version" value="16.04" />
    <property name="bin.vergil.makeable" value="true" />
    <property name="sun.os.patch.level" value="unknown" />
    <property name="java.vendor.url" value="http://java.oracle.com/" />
    <property name="env.TRAVIS_BUILD_WEB_URL" value="https://travis-ci.org/icyphy/ptII/builds/549374662" />
    <property name="java.version" value="11.0.2" />
    <property name="env.TZ" value="UTC" />
    <property name="env.TRAVIS_PULL_REQUEST_SHA" value="" />
    <property name="env.PT_NO_NET" value="true" />
    <property name="env.TRAVIS_SECURE_ENV_VARS" value="true" />
    <property name="env._system_type" value="Linux" />
    <property name="java.vendor.url.bug" value="http://bugreport.java.com/bugreport/" />
    <property name="npmjs-org-is-up" value="true" />
    <property name="env.LANGUAGE" value="en_US.UTF-8" />
    <property name="env.SSH_CLIENT" value="10.10.4.71 33538 22" />
    <property name="env.GEM_HOME" value="/home/travis/.rvm/gems/ruby-2.5.3" />
    <property name="env.HAS_ANTARES_THREE_LITTLE_FRONZIES_BADGE" value="true" />
    <property name="java.version.date" value="2019-01-15" />
    <property name="env.PS4" value="+" />
    <property name="ant.project.invoked-targets" value="build,test.core1.xml" />
    <property name="env.TRAVIS_PULL_REQUEST_BRANCH" value="" />
    <property name="env.TRAVIS_REPO_SLUG" value="icyphy/ptII" />
    <property name="env.XDG_DATA_DIRS" value="/usr/local/share:/usr/share:/var/lib/snapd/desktop" />
    <property name="jdk.debug" value="release" />
    <property name="env.TRAVIS_APT_PROXY" value="http://apt.cache.travis-ci.com" />
    <property name="node.in.path" value="true" />
    <property name="user.name" value="travis" />
    <property name="java.maxmemory" value="1400m" />
    <property name="env.RUBY_VERSION" value="ruby-2.5.3" />
    <property name="env.LANG" value="en_US.UTF-8" />
    <property name="sun.io.unicode.encoding" value="UnicodeLittle" />
    <property name="sun.jnu.encoding" value="UTF-8" />
    <property name="java.runtime.name" value="OpenJDK Runtime Environment" />
    <property name="usefile" value="false" />
    <property name="return.code" value="0" />
    <property name="junit.single.formatter" value="plain" />
    <property name="env.DYLD_LIBRARY_PATH" value="/home/travis/pthla/certi-tools/lib:" />
    <property name="env.DEBIAN_FRONTEND" value="noninteractive" />
    <property name="env.SSH_CONNECTION" value="10.10.4.71 33538 10.20.4.22 22" />
    <property name="env.MYSQL_UNIX_PORT" value="/var/run/mysqld/mysqld.sock" />
    <property name="env.LC_ALL" value="en_US.UTF-8" />
    <property name="env.TRAVIS_ALLOW_FAILURE" value="false" />
    <property name="env.TRAVIS_JOB_WEB_URL" value="https://travis-ci.org/icyphy/ptII/jobs/549374670" />
    <property name="java.specification.name" value="Java Platform API Specification" />
    <property name="node.works" value="true" />
    <property name="user.timezone" value="" />
    <property name="path.separator" value=":" />
    <property name="env.TRAVIS_ENABLE_INFRA_DETECTION" value="true" />
    <property name="env.PYTHON_CFLAGS" value="-g -fstack-protector --param=ssp-buffer-size=4 -Wformat -Werror=format-security" />
    <property name="timeout.long" value="4000000" />
    <property name="env.CERTI_HOME" value="/home/travis/pthla/certi-tools" />
    <property name="ant.file.ptII" value="/home/travis/build/icyphy/ptII/build.xml" />
    <property name="javadoc.packagenames" value="com.*,diva.*,lbnl.*,org.hlacerti.*,org.json.*,org.ptolemy.*,org.terraswarm.*,ptolemy.*,ptserver.*" />
    <property name="file.encoding" value="UTF-8" />
    <property name="env.TRAVIS_PULL_REQUEST_SLUG" value="" />
    <property name="ant.project.default-target" value="build" />
    <property name="env.GIT_ASKPASS" value="echo" />
    <property name="env.HOME" value="/home/travis" />
    <property name="sun.java.command" value="org.apache.tools.ant.taskdefs.optional.junit.JUnitTestRunner ptolemy.actor.lib.test.junit.JUnitTclTest skipNonTests=false filtertrace=true haltOnError=false haltOnFailure=false formatter=org.apache.tools.ant.taskdefs.optional.junit.OutErrSummaryJUnitResultFormatter showoutput=true outputtoformatters=true logfailedtests=true threadid=0 logtestlistenerevents=false formatter=org.apache.tools.ant.taskdefs.optional.junit.XMLJUnitResultFormatter,/home/travis/build/icyphy/ptII/reports/junit/TEST-ptolemy.actor.lib.test.junit.JUnitTclTest.xml crashfile=/home/travis/build/icyphy/ptII/junitvmwatcher7472716447694661057.properties propsfile=/home/travis/build/icyphy/ptII/junit14525431928439402896.properties" />
    <property name="env.COMPOSER_NO_INTERACTION" value="1" />
    <property name="env.MANPATH" value="/home/travis/.nvm/versions/node/v7.10.1/share/man:/home/travis/.rvm/rubies/ruby-2.5.3/share/man:/usr/local/cmake-3.12.4/man:/usr/local/clang-7.0.0/share/man:/usr/local/man:/usr/local/share/man:/usr/share/man:/home/travis/.rvm/man" />
    <property name="env.TRAVIS_TIMER_ID" value="037ce013" />
    <property name="ant.file" value="/home/travis/build/icyphy/ptII/build.xml" />
    <property name="env.TRAVIS_COMMIT_RANGE" value="02afe38d4688...e55319cffb99" />
    <property name="env._system_name" value="Ubuntu" />
    <property name="ptII.classpath.optional.property" value="/home/travis/build/icyphy/ptII/lib/bsh-2.0b4.jar:/home/travis/build/icyphy/ptII/lib/ptCal.jar:/home/travis/build/icyphy/ptII/lib/java_cup.jar:/home/travis/build/icyphy/ptII/lib/saxon8.jar:/home/travis/build/icyphy/ptII/lib/saxon8-dom.jar:/home/travis/build/icyphy/ptII/lib/chic.jar:/home/travis/build/icyphy/ptII/lib/ptcolt.jar:/home/travis/build/icyphy/ptII/vendors/misc/itext/iText.jar:/home/travis/build/icyphy/ptII/lib/g4ltl.jar:/home/travis/build/icyphy/ptII/lib/StructuralCoder.jar:/home/travis/build/icyphy/ptII/vendors/jai-1_1_2_01/lib/jai_core.jar:/home/travis/build/icyphy/ptII/vendors/jai-1_1_2_01/lib/jai_codec.jar:/home/travis/build/icyphy/ptII/lib/jcerti.jar:/home/travis/build/icyphy/ptII/lib/javax.mail.jar:/home/travis/build/icyphy/ptII/vendors/JMF-2.1.1e/lib/jmf.jar:/home/travis/build/icyphy/ptII/lib/jna-4.0.0-variadic.jar:/home/travis/build/icyphy/ptII/vendors/misc/joystick/Joystick.jar:/home/travis/build/icyphy/ptII/lib/ptjacl.jar:/home/travis/build/icyphy/ptII/lib/jsoup-1.8.2.jar:/home/travis/build/icyphy/ptII/lib/junit-4.8.2.jar:/home/travis/build/icyphy/ptII/lib/JUnitParams-0.4.0.jar:/home/travis/build/icyphy/ptII/ptolemy/actor/lib/excel/jxl.jar:/home/travis/build/icyphy/ptII/lib/jython.jar:/home/travis/build/icyphy/ptII/lib/kieler.jar:/home/travis/build/icyphy/ptII/vendors/opencv/share/OpenCV/java/opencv-341.jar:/home/travis/build/icyphy/ptII/lib/oscP5.jar:/home/travis/build/icyphy/ptII/lib/nrjavaserial-3.11.0.devel.jar:/home/travis/build/icyphy/ptII/vendors/j3d/lib/j3dcore.jar:/home/travis/build/icyphy/ptII/vendors/j3d/lib/j3dutils.jar:/home/travis/build/icyphy/ptII/vendors/j3d/lib/vecmath.jar:/home/travis/build/icyphy/ptII/ptolemy/distributed/jini/jar/jini-core.jar:/home/travis/build/icyphy/ptII/ptolemy/distributed/jini/jar/jini-ext.jar:/home/travis/build/icyphy/ptII/ptolemy/distributed/jini/jar/sun-util.jar:/home/travis/build/icyphy/ptII/lib/protobuf-java-2.4.1.jar:/home/travis/build/icyphy/ptII/lib/org.eclipse.paho.client.mqttv3.jar:/home/travis/build/icyphy/ptII/lib/mapss.jar:/home/travis/build/icyphy/ptII/ptolemy/actor/ptalon/antlr/antlr.jar:/home/travis/build/icyphy/ptII/lib/JRI.jar:/home/travis/build/icyphy/ptII/lib/commons-lang-2.6.jar:/home/travis/build/icyphy/ptII/lib/commons-logging-1.1.1.jar:/home/travis/build/icyphy/ptII/lib/sootclasses.jar:/home/travis/build/icyphy/ptII/ptolemy/actor/lib/database/mysql-connector-java-5.1.6-bin.jar:/home/travis/build/icyphy/ptII/vendors/misc/sphinx4/sphinx4-data-5prealpha.jar:/home/travis/build/icyphy/ptII/vendors/misc/sphinx4/sphinx4-core-5prealpha.jar:/home/travis/build/icyphy/ptII/lib/PDFRenderer.jar:/home/travis/build/icyphy/ptII/lib/svgSalamander.jar:/home/travis/build/icyphy/ptII/lib/rsyntaxtextarea-2.6.0-SNAPSHOT.jar:/home/travis/build/icyphy/ptII/lib/hazelcast-3.8.2.jar:/home/travis/build/icyphy/ptII/lib/jackson-annotations-2.9.0.jar:/home/travis/build/icyphy/ptII/lib/jackson-core-2.9.3.jar:/home/travis/build/icyphy/ptII/lib/jackson-databind-2.9.3.jar:/home/travis/build/icyphy/ptII/lib/netty-buffer-4.1.19.Final.jar:/home/travis/build/icyphy/ptII/lib/netty-codec-4.1.19.Final.jar:/home/travis/build/icyphy/ptII/lib/netty-codec-dns-4.1.19.Final.jar:/home/travis/build/icyphy/ptII/lib/netty-codec-http-4.1.19.Final.jar:/home/travis/build/icyphy/ptII/lib/netty-codec-http2-4.1.19.Final.jar:/home/travis/build/icyphy/ptII/lib/netty-common-4.1.19.Final.jar:/home/travis/build/icyphy/ptII/lib/netty-handler-4.1.19.Final.jar:/home/travis/build/icyphy/ptII/lib/netty-resolver-4.1.19.Final.jar:/home/travis/build/icyphy/ptII/lib/netty-resolver-dns-4.1.19.Final.jar:/home/travis/build/icyphy/ptII/lib/netty-transport-4.1.19.Final.jar:/home/travis/build/icyphy/ptII/lib/vertx-codegen-3.5.1.jar:/home/travis/build/icyphy/ptII/lib/vertx-core-3.5.2-SNAPSHOT.jar:/home/travis/build/icyphy/ptII/lib/vertx-hazelcast-3.5.1.jar:/home/travis/build/icyphy/ptII/lib/vertx-lang-js-3.5.1.jar:/home/travis/build/icyphy/ptII/lib/vertx-service-proxy-3.5.1.jar:/home/travis/build/icyphy/ptII/lib/vertx-web-3.5.1.jar:/home/travis/build/icyphy/ptII/lib/slf4j-api-1.7.13.jar:/home/travis/build/icyphy/ptII/lib/slf4j-simple-1.7.13.jar:/home/travis/build/icyphy/ptII/lib/webcam-capture-0.3.12.jar:/home/travis/build/icyphy/ptII/lib/bridj-0.7.0.jar:/home/travis/build/icyphy/ptII/lib/xbjlib-1.1.0.nrjavaserial.jar" />
    <property name="timeout" value="2400000" />
    <property name="test.batch" value="**/junit/*.java" />
    <property name="env._" value="/usr/bin/timeout" />
    <property name="java.io.tmpdir" value="/tmp" />
    <property name="user.language" value="en" />
    <property name="env.TRAVIS_INTERNAL_RUBY_REGEX" value="^ruby-(2\.[0-4]\.[0-9]|1\.9\.3)" />
    <property name="env.HISTCONTROL" value="ignoredups:ignorespace" />
    <property name="env.GOROOT" value="/home/travis/.gimme/versions/go1.11.1.linux.amd64" />
    <property name="line.separator" value="&#xa;" />
    <property name="target" value="11" />
    <property name="env.TRAVIS_BUILD_DIR" value="/home/travis/build/icyphy/ptII" />
    <property name="env.ANT_OPTS" value="-Xmx2048m" />
    <property name="ant.file.type" value="file" />
    <property name="ptolemy.ptII.batchMode" value="true" />
    <property name="env.HISTSIZE" value="1000" />
    <property name="env.MERB_ENV" value="test" />
    <property name="java.vm.info" value="mixed mode" />
    <property name="source" value="11" />
    <property name="java.vm.specification.name" value="Java Virtual Machine Specification" />
    <property name="env.TRAVIS_TEST_RESULT" value="0" />
    <property name="jsdoc.command" value="node_modules/@terraswarm/jsdoc/jsdoc.js" />
    <property name="npm.works" value="true" />
    <property name="cobertura.dir" value="/home/travis/build/icyphy/ptII/vendors/cobertura-2.0.3" />
    <property name="env.rvm_path" value="/home/travis/.rvm" />
    <property name="env.GEM_PATH" value="/home/travis/.rvm/gems/ruby-2.5.3:/home/travis/.rvm/gems/ruby-2.5.3@global" />
    <property name="env.LC_CTYPE" value="en_US.UTF-8" />
    <property name="env.TRAVIS_CMD" value="$PTII/bin/ptIITravisBuild.sh $SECONDS" />
    <property name="java.awt.printerjob" value="sun.print.PSPrinterJob" />
    <property name="env.TRAVIS_STACK_NAME" value="sardonyx" />
    <property name="env.TRAVIS_TIMER_START_TIME" value="1561301787657499620" />
    <property name="ant.version" value="Apache Ant(TM) version 1.10.1 compiled on February 2 2017" />
    <property name="ptII.reports" value="/home/travis/build/icyphy/ptII/reports" />
    <property name="env.TRAVIS_STACK_TIMESTAMP" value="2019-03-25 16:16:56 UTC" />
    <property name="ant.file.type.ptII" value="file" />
    <property name="env.RBENV_SHELL" value="bash" />
    <property name="os.name" value="Linux" />
    <property name="java.specification.vendor" value="Oracle Corporation" />
    <property name="env.rvm_version" value="1.29.7 (latest)" />
    <property name="env.TRAVIS_INFRA" value="gce" />
    <property name="env.TERM" value="xterm" />
    <property name="java.vm.name" value="OpenJDK 64-Bit Server VM" />
    <property name="env.TRAVIS_BUILD_NUMBER" value="1178" />
    <property name="env.CI" value="true" />
    <property name="java.library.path" value="/home/travis/pthla/certi-tools/lib:/usr/lib/jni:/usr/local/share/OpenCV/java/:/usr/share/OpenCV/java::/usr/java/packages/lib:/usr/lib64:/lib64:/lib:/usr/lib" />
    <property name="env.rvm_prefix" value="/home/travis" />
    <property name="env.PATH" value="/home/travis/pthla/certi-tools/share/scripts:/home/travis/.rvm/gems/ruby-2.5.3/bin:/home/travis/.rvm/gems/ruby-2.5.3@global/bin:/home/travis/.rvm/rubies/ruby-2.5.3/bin:/home/travis/.rvm/bin:/home/travis/.nvm/versions/node/v7.10.1/bin:./node_modules/.bin:/home/travis/build/icyphy/ptII/bin:/home/travis/pthla/certi-tools/bin:/home/travis/bin:/home/travis/.local/bin:/usr/local/lib/jvm/openjdk11/bin:/opt/pyenv/shims:/home/travis/.phpenv/shims:/home/travis/perl5/perlbrew/bin:/home/travis/gopath/bin:/home/travis/.gimme/versions/go1.11.1.linux.amd64/bin:/usr/local/maven-3.6.0/bin:/usr/local/cmake-3.12.4/bin:/usr/local/clang-7.0.0/bin:/usr/local/sbin:/usr/local/bin:/usr/sbin:/usr/bin:/sbin:/bin:/snap/bin:/home/travis/.phpenv/bin:/opt/pyenv/bin:/home/travis/.yarn/bin" />
    <property name="env.TRAVIS_OS_NAME" value="linux" />
    <property name="ant.java.version" value="9" />
    <property name="basedir" value="/home/travis/build/icyphy/ptII" />
    <property name="java.class.version" value="55.0" />
    <property name="env.SHLVL" value="3" />
    <property name="env.LD_LIBRARY_PATH" value="/home/travis/pthla/certi-tools/lib:/usr/lib/jni:/usr/local/share/OpenCV/java/:/usr/share/OpenCV/java:" />
    <property name="env.RACK_ENV" value="test" />
    <property name="ant.home" value="/home/travis/build/icyphy/ptII/ant" />
    <property name="env.NVM_DIR" value="/home/travis/.nvm" />
    <property name="env.CERTI_FOM_PATH" value="/home/travis/pthla/certi-tools/share/federations" />
    <property name="env.TRAVIS_BUILD_ID" value="549374662" />
    <property name="env.PYENV_ROOT" value="/opt/pyenv" />
    <property name="env.TRAVIS_UID" value="2000" />
    <property name="env.NVM_BIN" value="/home/travis/.nvm/versions/node/v7.10.1/bin" />
    <property name="env.TRAVIS_COMMIT" value="e55319cffb99869882c56e4fbeea8a5225d53eff" />
    <property name="env._system_arch" value="x86_64" />
    <property name="node.executable" value="node" />
    <property name="sun.boot.library.path" value="/usr/local/lib/jvm/openjdk11/lib" />
    <property name="sun.management.compiler" value="HotSpot 64-Bit Tiered Compilers" />
    <property name="java.awt.graphicsenv" value="sun.awt.X11GraphicsEnvironment" />
    <property name="env.GOPATH" value="/home/travis/gopath" />
    <property name="ptolemy.ptII.dir" value="/home/travis/build/icyphy/ptII" />
    <property name="env.USER" value="travis" />
    <property name="env.HISTFILESIZE" value="2000" />
    <property name="timeout.longest" value="19000000" />
    <property name="env.PERLBREW_SHELLRC_VERSION" value="0.86" />
    <property name="env.TRAVIS_STACK_FEATURES" value="basic couchdb disabled-ipv6 docker docker-compose elasticsearch firefox go-toolchain google-chrome jdk memcached mongodb mysql nodejs_interpreter perl_interpreter perlbrew phantomjs postgresql python_interpreter redis ruby_interpreter sqlite xserver" />
    <property name="env.TRAVIS_PULL_REQUEST" value="false" />
    <property name="env.PYENV_SHELL" value="bash" />
    <property name="ant.project.name" value="ptII" />
    <property name="env.ANSI_RESET" value="\033[0m" />
    <property name="java.vm.specification.version" value="11" />
    <property name="env.TRAVIS_DIST" value="xenial" />
    <property name="env.CERTI_VERSION" value="4.0.0" />
    <property name="env.CERTI_HOST" value="localhost" />
    <property name="awt.toolkit" value="sun.awt.X11.XToolkit" />
    <property name="env.MY_RUBY_HOME" value="/home/travis/.rvm/rubies/ruby-2.5.3" />
    <property name="sun.cpu.isalist" value="" />
    <property name="env.TRAVIS_TMPDIR" value="/tmp/tmp.lMxaRr7nju" />
    <property name="java.vm.compressedOopsMode" value="Zero based" />
    <property name="os.version" value="4.15.0-1028-gcp" />
    <property name="user.home" value="/home/travis" />
    <property name="java.vm.vendor" value="Oracle Corporation" />
    <property name="env.TRAVIS_TAG" value="nightly" />
    <property name="env.ANSI_YELLOW" value="\033[33;1m" />
    <property name="env.TRAVIS_FILTERED" value="redirect_io" />
    <property name="env.ANSI_GREEN" value="\033[32;1m" />
    <property name="env.JAVA_HOME" value="/usr/local/lib/jvm/openjdk11" />
    <property name="javadoc.excludepackagenames" value="adm.cvs2svn.*,build.*,config.*,doc.coding.templates.*,jni.test.jni.meaningOfLife.*,jni.test.jni.testDeux.*,jni.test.jni.testTrois.*,org.terraswarm.accessor.accessors.web.node_modules.*,org.terraswarm.accessor.accessors.web.hosts.cordova.demo.*,org.terraswarm.accessor.accessors.web.hosts.cordova.plugins.*,org.terraswarm.accessor.accessors-svn.*,pt-modules.*,ptolemy.apps.agilent.*,ptolemy.apps.anytimecontrol.*,ptolemy.apps.apes.*,ptolemy.apps.charon.*,ptolemy.apps.crazyboard.*,ptolemy.apps.eclipse.*,ptolemy.apps.etherealSting.*,ptolemy.apps.fullscreen.*,ptolemy.apps.giotto.*,ptolemy.apps.ia.*,ptolemy.apps.interfaces.*,ptolemy.apps.jmf.*,ptolemy.apps.kurt.*,ptolemy.apps.kvm.*,ptolemy.apps.lego.*,ptolemy.apps.lejos.*,ptolemy.apps.midp.*,ptolemy.apps.mobileCoding.*,ptolemy.apps.pendulum.*,ptolemy.apps.rijndael.*,ptolemy.apps.robot.*,ptolemy.apps.security.*,ptolemy.apps.sobel.*,ptolemy.apps.soot.*,ptolemy.apps.throttle.*,ptolemy.apps.tini.*,ptolemy.apps.transmission.*,ptolemy.apps.vergil.*,ptolemy.apps.waba.*,ptolemy.apps.websensor.*,ptolemy.apps.webstart.*,ptolemy.apps.xsl.*,ptolemy.apps.zaurus.*,ptolemy.codegen.c.actor.lib.oldJavaFiles.*,ptolemy.codegen.dsp.lib.*,ptolemy.codegen.kernel.newInterfaces.*,ptolemy.codegen.lib.*,ptolemy.copernicus.kernel.fragment.*,ptolemy.copernicus.shallow.cg.*,ptolemy.domains.giotto.demo.Hierarchy.Hierarchy.*,ptolemy.domains.giotto.demo.Multimode.Multimode.*,ptolemy.domains.giotto.demo.Simple.Simple.*,ptolemy.domains.gr.lib.experimental.*,ptolemy.domains.gro.*,ptolemy.domains.pdf.*,ptolemy.domains.ptinyos.demo.Surge.output.*,ptolemy.moml.test.NoPackageActor.java*,ptolemy.plot.adm.*,ptolemy.plot.servlet.*,reports.*,signed.*,src.*,target.*,vendors.*,ptolemy.copernicus.applet.*,ptolemy.media.viewer.*,ptolemy.actor.corba.*,doc.doclets.*,ptolemy.apps.eclipse.awt.*,ptolemy.backtrack.*,ptolemy.backtrack.ast.*,ptolemy.cg.adapter.generic.program.procedural.c.mbed*,ptolemy.homer.*,ptolemy.actor.lib.jjs.modules.audio.*,org.ptolemy.scala.*,diva.util.java2d.svg.*,ptolemy.domains.ptinyos.*,ptolemy.actor.lib.fmi.fmipp.*,,org.terraswarm.accessor.accessors.web.node_modules.*,org.terraswarm.accessor.accessors-svn,ptolemy.apps.*,ptolemy.actor.ptalon.demo.ptinyos.SendAndReceiveCnt.output,ptolemy.actor.ptalon.demo.ptinyos.SenseToLeds.output,ptolemy.domains.ptinyos.demo.CntToLedsAndRfm.output,ptolemy.domains.ptinyos.demo.RfmToLeds.output,ptolemy.domains.ptinyos.demo.SendAndReceiveCnt.output,ptolemy.domains.ptinyos.demo.SenseToLeds.output,ptolemy.actor.lib.jjs.modules.udpSocket.*" />
    <property name="env.PTII" value="/home/travis/build/icyphy/ptII" />
    <property name="env.XDG_SESSION_ID" value="2" />
    <property name="keystore" value="ptKeystore" />
    <property name="env.TRAVIS_COMMIT_MESSAGE" value="Give better messages about starting the build too late because of caching OpenCV." />
    <property name="junit.output.dir" value="/home/travis/build/icyphy/ptII/reports/junit" />
    <property name="npm.return.code" value="0" />
    <property name="user.dir" value="/home/travis/build/icyphy/ptII/ptolemy/actor/lib/test" />
    <property name="env.TRAVIS_NODE_VERSION" value="7" />
    <property name="env.TRAVIS_EVENT_TYPE" value="push" />
    <property name="env.MAIL" value="/var/mail/travis" />
    <property name="env.PERLBREW_ROOT" value="/home/travis/perl5/perlbrew" />
    <property name="env.PWD" value="/home/travis/build/icyphy/ptII" />
    <property name="timeout.npm" value="45000" />
    <property name="env.TRAVIS_ARCH" value="amd64" />
    <property name="sun.cpu.endian" value="little" />
    <property name="env.PAGER" value="cat" />
    <property name="env.TRAVIS_BUILD_STAGE_NAME" value="Test" />
    <property name="env.PERLBREW_HOME" value="/home/travis/.perlbrew" />
    <property name="java.vm.version" value="11.0.2+9" />
    <property name="env.RAILS_ENV" value="test" />
    <property name="java.class.path" value="/home/travis/.ptolemyII:/home/travis/.ptolemyII/*:/home/travis/build/icyphy/ptII:/home/travis/build/icyphy/ptII/lib/bsh-2.0b4.jar:/home/travis/build/icyphy/ptII/lib/ptCal.jar:/home/travis/build/icyphy/ptII/lib/java_cup.jar:/home/travis/build/icyphy/ptII/lib/saxon8.jar:/home/travis/build/icyphy/ptII/lib/saxon8-dom.jar:/home/travis/build/icyphy/ptII/lib/chic.jar:/home/travis/build/icyphy/ptII/lib/ptcolt.jar:/home/travis/build/icyphy/ptII/vendors/misc/itext/iText.jar:/home/travis/build/icyphy/ptII/lib/g4ltl.jar:/home/travis/build/icyphy/ptII/lib/StructuralCoder.jar:/home/travis/build/icyphy/ptII/vendors/jai-1_1_2_01/lib/jai_core.jar:/home/travis/build/icyphy/ptII/vendors/jai-1_1_2_01/lib/jai_codec.jar:/home/travis/build/icyphy/ptII/lib/jcerti.jar:/home/travis/build/icyphy/ptII/lib/javax.mail.jar:/home/travis/build/icyphy/ptII/vendors/JMF-2.1.1e/lib/jmf.jar:/home/travis/build/icyphy/ptII/lib/jna-4.0.0-variadic.jar:/home/travis/build/icyphy/ptII/vendors/misc/joystick/Joystick.jar:/home/travis/build/icyphy/ptII/lib/ptjacl.jar:/home/travis/build/icyphy/ptII/lib/jsoup-1.8.2.jar:/home/travis/build/icyphy/ptII/lib/junit-4.8.2.jar:/home/travis/build/icyphy/ptII/lib/JUnitParams-0.4.0.jar:/home/travis/build/icyphy/ptII/ptolemy/actor/lib/excel/jxl.jar:/home/travis/build/icyphy/ptII/lib/jython.jar:/home/travis/build/icyphy/ptII/lib/kieler.jar:/home/travis/build/icyphy/ptII/vendors/opencv/share/OpenCV/java/opencv-341.jar:/home/travis/build/icyphy/ptII/lib/oscP5.jar:/home/travis/build/icyphy/ptII/lib/nrjavaserial-3.11.0.devel.jar:/home/travis/build/icyphy/ptII/vendors/j3d/lib/j3dcore.jar:/home/travis/build/icyphy/ptII/vendors/j3d/lib/j3dutils.jar:/home/travis/build/icyphy/ptII/vendors/j3d/lib/vecmath.jar:/home/travis/build/icyphy/ptII/ptolemy/distributed/jini/jar/jini-core.jar:/home/travis/build/icyphy/ptII/ptolemy/distributed/jini/jar/jini-ext.jar:/home/travis/build/icyphy/ptII/ptolemy/distributed/jini/jar/sun-util.jar:/home/travis/build/icyphy/ptII/lib/protobuf-java-2.4.1.jar:/home/travis/build/icyphy/ptII/lib/org.eclipse.paho.client.mqttv3.jar:/home/travis/build/icyphy/ptII/lib/mapss.jar:/home/travis/build/icyphy/ptII/ptolemy/actor/ptalon/antlr/antlr.jar:/home/travis/build/icyphy/ptII/lib/JRI.jar:/home/travis/build/icyphy/ptII/lib/commons-lang-2.6.jar:/home/travis/build/icyphy/ptII/lib/commons-logging-1.1.1.jar:/home/travis/build/icyphy/ptII/lib/sootclasses.jar:/home/travis/build/icyphy/ptII/ptolemy/actor/lib/database/mysql-connector-java-5.1.6-bin.jar:/home/travis/build/icyphy/ptII/vendors/misc/sphinx4/sphinx4-data-5prealpha.jar:/home/travis/build/icyphy/ptII/vendors/misc/sphinx4/sphinx4-core-5prealpha.jar:/home/travis/build/icyphy/ptII/lib/PDFRenderer.jar:/home/travis/build/icyphy/ptII/lib/svgSalamander.jar:/home/travis/build/icyphy/ptII/lib/rsyntaxtextarea-2.6.0-SNAPSHOT.jar:/home/travis/build/icyphy/ptII/lib/hazelcast-3.8.2.jar:/home/travis/build/icyphy/ptII/lib/jackson-annotations-2.9.0.jar:/home/travis/build/icyphy/ptII/lib/jackson-core-2.9.3.jar:/home/travis/build/icyphy/ptII/lib/jackson-databind-2.9.3.jar:/home/travis/build/icyphy/ptII/lib/netty-buffer-4.1.19.Final.jar:/home/travis/build/icyphy/ptII/lib/netty-codec-4.1.19.Final.jar:/home/travis/build/icyphy/ptII/lib/netty-codec-dns-4.1.19.Final.jar:/home/travis/build/icyphy/ptII/lib/netty-codec-http-4.1.19.Final.jar:/home/travis/build/icyphy/ptII/lib/netty-codec-http2-4.1.19.Final.jar:/home/travis/build/icyphy/ptII/lib/netty-common-4.1.19.Final.jar:/home/travis/build/icyphy/ptII/lib/netty-handler-4.1.19.Final.jar:/home/travis/build/icyphy/ptII/lib/netty-resolver-4.1.19.Final.jar:/home/travis/build/icyphy/ptII/lib/netty-resolver-dns-4.1.19.Final.jar:/home/travis/build/icyphy/ptII/lib/netty-transport-4.1.19.Final.jar:/home/travis/build/icyphy/ptII/lib/vertx-codegen-3.5.1.jar:/home/travis/build/icyphy/ptII/lib/vertx-core-3.5.2-SNAPSHOT.jar:/home/travis/build/icyphy/ptII/lib/vertx-hazelcast-3.5.1.jar:/home/travis/build/icyphy/ptII/lib/vertx-lang-js-3.5.1.jar:/home/travis/build/icyphy/ptII/lib/vertx-service-proxy-3.5.1.jar:/home/travis/build/icyphy/ptII/lib/vertx-web-3.5.1.jar:/home/travis/build/icyphy/ptII/lib/slf4j-api-1.7.13.jar:/home/travis/build/icyphy/ptII/lib/slf4j-simple-1.7.13.jar:/home/travis/build/icyphy/ptII/lib/webcam-capture-0.3.12.jar:/home/travis/build/icyphy/ptII/lib/bridj-0.7.0.jar:/home/travis/build/icyphy/ptII/lib/xbjlib-1.1.0.nrjavaserial.jar:/home/travis/build/icyphy/ptII/ptolemy/moml/test:/home/travis/build/icyphy/ptII/ant/lib/ant-launcher.jar:/home/travis/build/icyphy/ptII/ant/lib/ant.jar:/home/travis/build/icyphy/ptII/ant/lib/ant-junit.jar:/home/travis/build/icyphy/ptII/ant/lib/ant-junit4.jar" />
    <property name="ant.library.dir" value="/home/travis/build/icyphy/ptII/ant/lib" />
    <property name="os.arch" value="amd64" />
    <property name="env.CONTINUOUS_INTEGRATION" value="true" />
    <property name="env.TRAVIS_LANGUAGE" value="node_js" />
    <property name="env.TRAVIS_STACK_LANGUAGES" value="__sardonyx__ c c++ clojure cplusplus cpp default generic go groovy java node_js php pure_java python ruby scala" />
    <property name="test.name" value="ptolemy.actor.lib.test.junit.JUnitTclTest" />
    <property name="env.APT_KEY_DONT_WARN_ON_DANGEROUS_USAGE" value="1" />
    <property name="sun.java.launcher" value="SUN_STANDARD" />
    <property name="env.PYTHON_CONFIGURE_OPTS" value="--enable-unicode=ucs4 --with-wide-unicode --enable-shared --enable-ipv6 --enable-loadable-sqlite-extensions --with-computed-gotos" />
    <property name="ant.core.lib" value="/home/travis/build/icyphy/ptII/ant/lib/ant.jar" />
    <property name="java.vm.specification.vendor" value="Oracle Corporation" />
    <property name="env.BCVTB_HOME" value="/home/travis/build/icyphy/ptII/lbnl" />
    <property name="file.separator" value="/" />
    <property name="spotbugs.home" value="/home/travis/build/icyphy/ptII/vendors/spotbugs-3.1.1" />
    <property name="java.runtime.version" value="11.0.2+9" />
    <property name="env.ANSI_CLEAR" value="\033[0K" />
    <property name="env.HAS_JOSH_K_SEAL_OF_APPROVAL" value="true" />
    <property name="env.XDG_RUNTIME_DIR" value="/run/user/2000" />
    <property name="env.TRAVIS_OSX_IMAGE" value="" />
    <property name="env.TRAVIS_JOB_ID" value="549374670" />
    <property name="env.TRAVIS_BRANCH" value="master" />
    <property name="user.country" value="US" />
    <property name="env.CERTI_HOME_TRAVIS" value="/home/travis/pthla/certi-tools" />
    <property name="env.SHELL" value="/bin/bash" />
    <property name="java.maxmemory.large" value="5000m" />
    <property name="model" value="" />
    <property name="env.CASHER_DIR" value="/home/travis/.casher" />
    <property name="env.NVM_CD_FLAGS" value="" />
    <property name="java.vendor.version" value="18.9" />
    <property name="jshint.executable" value="/home/travis/node_modules/jshint/bin/jshint" />
    <property name="env.JRUBY_OPTS" value=" --client -J-XX:+TieredCompilation -J-XX:TieredStopAtLevel=1 -J-Xss2m -Xcompile.invokedynamic=false" />
    <property name="java.vendor" value="Oracle Corporation" />
    <property name="env.TRAVIS_PRE_CHEF_BOOTSTRAP_TIME" value="2019-03-25T16:16:42" />
    <property name="env.TRAVIS_STACK_JOB_BOARD_REGISTER" value="/.job-board-register.yml" />
    <property name="env.ANSI_RED" value="\033[31;1m" />
    <property name="java.specification.version" value="11" />
    <property name="env.IRBRC" value="/home/travis/.rvm/rubies/ruby-2.5.3/.irbrc" />
    <property name="env.TRAVIS" value="true" />
    <property name="sun.arch.data.model" value="64" />
  </properties>
  <testcase classname="ptolemy.util.test.junit.TclTests" name="[0] /home/travis/build/icyphy/ptII/ptolemy/actor/lib/test/AbsoluteValue.tcl (RunTclFile)" time="0.615" />
  <testcase classname="ptolemy.util.test.junit.TclTests" name="[1] /home/travis/build/icyphy/ptII/ptolemy/actor/lib/test/AddSubtract.tcl (RunTclFile)" time="0.142" />
  <testcase classname="ptolemy.util.test.junit.TclTests" name="[2] /home/travis/build/icyphy/ptII/ptolemy/actor/lib/test/Average.tcl (RunTclFile)" time="0.071" />
  <testcase classname="ptolemy.util.test.junit.TclTests" name="[3] /home/travis/build/icyphy/ptII/ptolemy/actor/lib/test/Bernoulli.tcl (RunTclFile)" time="0.055" />
  <testcase classname="ptolemy.util.test.junit.TclTests" name="[4] /home/travis/build/icyphy/ptII/ptolemy/actor/lib/test/Clock.tcl (RunTclFile)" time="0.113" />
  <testcase classname="ptolemy.util.test.junit.TclTests" name="[5] /home/travis/build/icyphy/ptII/ptolemy/actor/lib/test/Commutator.tcl (RunTclFile)" time="0.193">
    <failure message="Number of failed tests is has increased. expected:&lt;0&gt; but was:&lt;1&gt;" type="junit.framework.AssertionFailedError">junit.framework.AssertionFailedError: Number of failed tests is has increased. expected:&lt;0&gt; but was:&lt;1&gt;
	at ptolemy.util.test.junit.TclTests.RunTclFile(TclTests.java:286)
	at java.base/jdk.internal.reflect.NativeMethodAccessorImpl.invoke0(Native Method)
	at java.base/jdk.internal.reflect.NativeMethodAccessorImpl.invoke(NativeMethodAccessorImpl.java:62)
	at java.base/jdk.internal.reflect.DelegatingMethodAccessorImpl.invoke(DelegatingMethodAccessorImpl.java:43)
	at junitparams.internal.InvokeParameterisedMethod.evaluate(InvokeParameterisedMethod.java:102)
	at junitparams.internal.ParameterisedTestMethodRunner.runMethodInvoker(ParameterisedTestMethodRunner.java:47)
	at junitparams.internal.ParameterisedTestMethodRunner.runTestMethod(ParameterisedTestMethodRunner.java:41)
	at junitparams.internal.ParameterisedTestClassRunner.runParameterisedTest(ParameterisedTestClassRunner.java:143)
	at junitparams.JUnitParamsRunner.runChild(JUnitParamsRunner.java:237)
	at junitparams.JUnitParamsRunner.runChild(JUnitParamsRunner.java:215)
</failure>
  </testcase>
  <testcase classname="ptolemy.util.test.junit.TclTests" name="[6] /home/travis/build/icyphy/ptII/ptolemy/actor/lib/test/Const.tcl (RunTclFile)" time="0.134" />
  <testcase classname="ptolemy.util.test.junit.TclTests" name="[7] /home/travis/build/icyphy/ptII/ptolemy/actor/lib/test/CurrentTime.tcl (RunTclFile)" time="0.021" />
  <testcase classname="ptolemy.util.test.junit.TclTests" name="[8] /home/travis/build/icyphy/ptII/ptolemy/actor/lib/test/DB.tcl (RunTclFile)" time="0.035" />
  <testcase classname="ptolemy.util.test.junit.TclTests" name="[9] /home/travis/build/icyphy/ptII/ptolemy/actor/lib/test/DiscreteRandomSource.tcl (RunTclFile)" time="0.062" />
  <testcase classname="ptolemy.util.test.junit.TclTests" name="[10] /home/travis/build/icyphy/ptII/ptolemy/actor/lib/test/Distributor.tcl (RunTclFile)" time="0.077" />
  <testcase classname="ptolemy.util.test.junit.TclTests" name="[11] /home/travis/build/icyphy/ptII/ptolemy/actor/lib/test/Exit.tcl (RunTclFile)" time="0.108" />
  <testcase classname="ptolemy.util.test.junit.TclTests" name="[12] /home/travis/build/icyphy/ptII/ptolemy/actor/lib/test/Expression.tcl (RunTclFile)" time="0.088" />
  <testcase classname="ptolemy.util.test.junit.TclTests" name="[13] /home/travis/build/icyphy/ptII/ptolemy/actor/lib/test/Gaussian.tcl (RunTclFile)" time="0.06" />
  <testcase classname="ptolemy.util.test.junit.TclTests" name="[14] /home/travis/build/icyphy/ptII/ptolemy/actor/lib/test/IIR.tcl (RunTclFile)" time="0.022" />
  <testcase classname="ptolemy.util.test.junit.TclTests" name="[15] /home/travis/build/icyphy/ptII/ptolemy/actor/lib/test/Interpolator.tcl (RunTclFile)" time="0.056" />
  <testcase classname="ptolemy.util.test.junit.TclTests" name="[16] /home/travis/build/icyphy/ptII/ptolemy/actor/lib/test/MathFunction.tcl (RunTclFile)" time="0.103" />
  <testcase classname="ptolemy.util.test.junit.TclTests" name="[17] /home/travis/build/icyphy/ptII/ptolemy/actor/lib/test/Maximum.tcl (RunTclFile)" time="0.041" />
  <testcase classname="ptolemy.util.test.junit.TclTests" name="[18] /home/travis/build/icyphy/ptII/ptolemy/actor/lib/test/Minimum.tcl (RunTclFile)" time="0.042" />
  <testcase classname="ptolemy.util.test.junit.TclTests" name="[19] /home/travis/build/icyphy/ptII/ptolemy/actor/lib/test/MultiplyDivide.tcl (RunTclFile)" time="0.067" />
  <testcase classname="ptolemy.util.test.junit.TclTests" name="[20] /home/travis/build/icyphy/ptII/ptolemy/actor/lib/test/OrderedMerge.tcl (RunTclFile)" time="0.153" />
  <testcase classname="ptolemy.util.test.junit.TclTests" name="[21] /home/travis/build/icyphy/ptII/ptolemy/actor/lib/test/Publisher.tcl (RunTclFile)" time="0.95" />
  <testcase classname="ptolemy.util.test.junit.TclTests" name="[22] /home/travis/build/icyphy/ptII/ptolemy/actor/lib/test/Pulse.tcl (RunTclFile)" time="0.035" />
  <testcase classname="ptolemy.util.test.junit.TclTests" name="[23] /home/travis/build/icyphy/ptII/ptolemy/actor/lib/test/Ramp.tcl (RunTclFile)" time="2.37" />
  <testcase classname="ptolemy.util.test.junit.TclTests" name="[24] /home/travis/build/icyphy/ptII/ptolemy/actor/lib/test/RampContinuous.tcl (RunTclFile)" time="0.022" />
  <testcase classname="ptolemy.util.test.junit.TclTests" name="[25] /home/travis/build/icyphy/ptII/ptolemy/actor/lib/test/RecordAssembler.tcl (RunTclFile)" time="0.026" />
  <testcase classname="ptolemy.util.test.junit.TclTests" name="[26] /home/travis/build/icyphy/ptII/ptolemy/actor/lib/test/RecordDisassembler.tcl (RunTclFile)" time="0.038" />
  <testcase classname="ptolemy.util.test.junit.TclTests" name="[27] /home/travis/build/icyphy/ptII/ptolemy/actor/lib/test/Scale.tcl (RunTclFile)" time="0.033" />
  <testcase classname="ptolemy.util.test.junit.TclTests" name="[28] /home/travis/build/icyphy/ptII/ptolemy/actor/lib/test/SequentialClock.tcl (RunTclFile)" time="0.019" />
  <testcase classname="ptolemy.util.test.junit.TclTests" name="[29] /home/travis/build/icyphy/ptII/ptolemy/actor/lib/test/SetVariable.tcl (RunTclFile)" time="0.027">
    <failure message="Number of failed tests is has increased. expected:&lt;1&gt; but was:&lt;2&gt;" type="junit.framework.AssertionFailedError">junit.framework.AssertionFailedError: Number of failed tests is has increased. expected:&lt;1&gt; but was:&lt;2&gt;
	at ptolemy.util.test.junit.TclTests.RunTclFile(TclTests.java:286)
	at jdk.internal.reflect.GeneratedMethodAccessor19.invoke(Unknown Source)
	at java.base/jdk.internal.reflect.DelegatingMethodAccessorImpl.invoke(DelegatingMethodAccessorImpl.java:43)
	at junitparams.internal.InvokeParameterisedMethod.evaluate(InvokeParameterisedMethod.java:102)
	at junitparams.internal.ParameterisedTestMethodRunner.runMethodInvoker(ParameterisedTestMethodRunner.java:47)
	at junitparams.internal.ParameterisedTestMethodRunner.runTestMethod(ParameterisedTestMethodRunner.java:41)
	at junitparams.internal.ParameterisedTestClassRunner.runParameterisedTest(ParameterisedTestClassRunner.java:143)
	at junitparams.JUnitParamsRunner.runChild(JUnitParamsRunner.java:237)
	at junitparams.JUnitParamsRunner.runChild(JUnitParamsRunner.java:215)
</failure>
  </testcase>
  <testcase classname="ptolemy.util.test.junit.TclTests" name="[30] /home/travis/build/icyphy/ptII/ptolemy/actor/lib/test/Sinewave.tcl (RunTclFile)" time="0.061" />
  <testcase classname="ptolemy.util.test.junit.TclTests" name="[31] /home/travis/build/icyphy/ptII/ptolemy/actor/lib/test/SubscriptionAggregator.tcl (RunTclFile)" time="2.229" />
  <testcase classname="ptolemy.util.test.junit.TclTests" name="[32] /home/travis/build/icyphy/ptII/ptolemy/actor/lib/test/Test.tcl (RunTclFile)" time="0.072" />
  <testcase classname="ptolemy.util.test.junit.TclTests" name="[33] /home/travis/build/icyphy/ptII/ptolemy/actor/lib/test/TestExceptionHandler.tcl (RunTclFile)" time="0.01" />
  <testcase classname="ptolemy.util.test.junit.TclTests" name="[34] /home/travis/build/icyphy/ptII/ptolemy/actor/lib/test/UnionDisassembler.tcl (RunTclFile)" time="0.046" />
  <testcase classname="ptolemy.util.test.junit.TclTests" name="[35] /home/travis/build/icyphy/ptII/ptolemy/actor/lib/test/VariableClock.tcl (RunTclFile)" time="0.016" />
  <testcase classname="ptolemy.util.test.junit.AutoKnownFailedTests" name="[0] /home/travis/build/icyphy/ptII/ptolemy/actor/lib/test/auto/knownFailedTests/PublisherPortToplevelSubscriber.xml (RunModel)" time="0.027" />
  <testcase classname="ptolemy.util.test.junit.AutoKnownFailedTests" name="[1] /home/travis/build/icyphy/ptII/ptolemy/actor/lib/test/auto/knownFailedTests/PublisherSubscriberPortToplevel.xml (RunModel)" time="0.02" />
  <testcase classname="ptolemy.util.test.junit.AutoKnownFailedTests" name="[2] /home/travis/build/icyphy/ptII/ptolemy/actor/lib/test/auto/knownFailedTests/PublisherSubscriptionAggregatorPort.xml (RunModel)" time="0.017" />
  <testcase classname="ptolemy.util.test.junit.AutoKnownFailedTests" name="[3] /home/travis/build/icyphy/ptII/ptolemy/actor/lib/test/auto/knownFailedTests/sizedarray3.xml (RunModel)" time="0.026" />
  <testcase classname="ptolemy.util.test.junit.AutoNameArchTests" name="[0] ThereAreNoAutoArchTests (RunModel)" time="0.004" />
  <testcase classname="ptolemy.util.test.junit.AutoTests" name="[0] /home/travis/build/icyphy/ptII/ptolemy/actor/lib/test/auto/AbsoluteValue.xml (RunModel)" time="0.107" />
  <testcase classname="ptolemy.util.test.junit.AutoTests" name="[1] /home/travis/build/icyphy/ptII/ptolemy/actor/lib/test/auto/AbsoluteValue2.xml (RunModel)" time="0.06" />
  <testcase classname="ptolemy.util.test.junit.AutoTests" name="[2] /home/travis/build/icyphy/ptII/ptolemy/actor/lib/test/auto/Accumulator.xml (RunModel)" time="0.071" />
  <testcase classname="ptolemy.util.test.junit.AutoTests" name="[3] /home/travis/build/icyphy/ptII/ptolemy/actor/lib/test/auto/Accumulator2.xml (RunModel)" time="0.055" />
  <testcase classname="ptolemy.util.test.junit.AutoTests" name="[4] /home/travis/build/icyphy/ptII/ptolemy/actor/lib/test/auto/Accumulator3.xml (RunModel)" time="0.04" />
  <testcase classname="ptolemy.util.test.junit.AutoTests" name="[5] /home/travis/build/icyphy/ptII/ptolemy/actor/lib/test/auto/ArrayAppend.xml (RunModel)" time="0.044" />
  <testcase classname="ptolemy.util.test.junit.AutoTests" name="[6] /home/travis/build/icyphy/ptII/ptolemy/actor/lib/test/auto/ArrayAppend2.xml (RunModel)" time="0.375" />
  <testcase classname="ptolemy.util.test.junit.AutoTests" name="[7] /home/travis/build/icyphy/ptII/ptolemy/actor/lib/test/auto/ArrayAppend3.xml (RunModel)" time="0.045" />
  <testcase classname="ptolemy.util.test.junit.AutoTests" name="[8] /home/travis/build/icyphy/ptII/ptolemy/actor/lib/test/auto/ArrayAppend4.xml (RunModel)" time="0.027" />
  <testcase classname="ptolemy.util.test.junit.AutoTests" name="[9] /home/travis/build/icyphy/ptII/ptolemy/actor/lib/test/auto/ArrayAppend5.xml (RunModel)" time="0.021" />
  <testcase classname="ptolemy.util.test.junit.AutoTests" name="[10] /home/travis/build/icyphy/ptII/ptolemy/actor/lib/test/auto/ArrayAppend6.xml (RunModel)" time="0.013" />
  <testcase classname="ptolemy.util.test.junit.AutoTests" name="[11] /home/travis/build/icyphy/ptII/ptolemy/actor/lib/test/auto/ArrayAppendPerformanceTest.xml (RunModel)" time="0.134" />
  <testcase classname="ptolemy.util.test.junit.AutoTests" name="[12] /home/travis/build/icyphy/ptII/ptolemy/actor/lib/test/auto/ArrayAppendWithEmptyInput.xml (RunModel)" time="0.03" />
  <testcase classname="ptolemy.util.test.junit.AutoTests" name="[13] /home/travis/build/icyphy/ptII/ptolemy/actor/lib/test/auto/ArrayAverage.xml (RunModel)" time="0.037" />
  <testcase classname="ptolemy.util.test.junit.AutoTests" name="[14] /home/travis/build/icyphy/ptII/ptolemy/actor/lib/test/auto/ArrayContains.xml (RunModel)" time="0.037" />
  <testcase classname="ptolemy.util.test.junit.AutoTests" name="[15] /home/travis/build/icyphy/ptII/ptolemy/actor/lib/test/auto/ArrayElement.xml (RunModel)" time="0.023" />
  <testcase classname="ptolemy.util.test.junit.AutoTests" name="[16] /home/travis/build/icyphy/ptII/ptolemy/actor/lib/test/auto/ArrayElementAsMatrix.xml (RunModel)" time="0.058" />
  <testcase classname="ptolemy.util.test.junit.AutoTests" name="[17] /home/travis/build/icyphy/ptII/ptolemy/actor/lib/test/auto/ArrayElementI.xml (RunModel)" time="0.015" />
  <testcase classname="ptolemy.util.test.junit.AutoTests" name="[18] /home/travis/build/icyphy/ptII/ptolemy/actor/lib/test/auto/ArrayExtract.xml (RunModel)" time="0.027" />
  <testcase classname="ptolemy.util.test.junit.AutoTests" name="[19] /home/travis/build/icyphy/ptII/ptolemy/actor/lib/test/auto/ArrayExtract2.xml (RunModel)" time="0.018" />
  <testcase classname="ptolemy.util.test.junit.AutoTests" name="[20] /home/travis/build/icyphy/ptII/ptolemy/actor/lib/test/auto/ArrayLength.xml (RunModel)" time="0.022" />
  <testcase classname="ptolemy.util.test.junit.AutoTests" name="[21] /home/travis/build/icyphy/ptII/ptolemy/actor/lib/test/auto/ArrayLevelCrossing.xml (RunModel)" time="0.031" />
  <testcase classname="ptolemy.util.test.junit.AutoTests" name="[22] /home/travis/build/icyphy/ptII/ptolemy/actor/lib/test/auto/ArrayLevelCrossing2.xml (RunModel)" time="0.024" />
  <testcase classname="ptolemy.util.test.junit.AutoTests" name="[23] /home/travis/build/icyphy/ptII/ptolemy/actor/lib/test/auto/ArrayPeakSearch.xml (RunModel)" time="0.04" />
  <testcase classname="ptolemy.util.test.junit.AutoTests" name="[24] /home/travis/build/icyphy/ptII/ptolemy/actor/lib/test/auto/ArrayPeakSearch2.xml (RunModel)" time="0.037" />
  <testcase classname="ptolemy.util.test.junit.AutoTests" name="[25] /home/travis/build/icyphy/ptII/ptolemy/actor/lib/test/auto/ArrayPeakSearch3.xml (RunModel)" time="0.036" />
  <testcase classname="ptolemy.util.test.junit.AutoTests" name="[26] /home/travis/build/icyphy/ptII/ptolemy/actor/lib/test/auto/ArrayRemoveElement.xml (RunModel)" time="0.031" />
  <testcase classname="ptolemy.util.test.junit.AutoTests" name="[27] /home/travis/build/icyphy/ptII/ptolemy/actor/lib/test/auto/ArraySort.xml (RunModel)" time="0.033" />
  <testcase classname="ptolemy.util.test.junit.AutoTests" name="[28] /home/travis/build/icyphy/ptII/ptolemy/actor/lib/test/auto/ArraySum.xml (RunModel)" time="0.021" />
  <testcase classname="ptolemy.util.test.junit.AutoTests" name="[29] /home/travis/build/icyphy/ptII/ptolemy/actor/lib/test/auto/ArrayToElements.xml (RunModel)" time="0.019" />
  <testcase classname="ptolemy.util.test.junit.AutoTests" name="[30] /home/travis/build/icyphy/ptII/ptolemy/actor/lib/test/auto/ArrayToMatrix.xml (RunModel)" time="0.056" />
  <testcase classname="ptolemy.util.test.junit.AutoTests" name="[31] /home/travis/build/icyphy/ptII/ptolemy/actor/lib/test/auto/ArrayUpdate1.xml (RunModel)" time="0.015" />
  <testcase classname="ptolemy.util.test.junit.AutoTests" name="[32] /home/travis/build/icyphy/ptII/ptolemy/actor/lib/test/auto/ArrayUpdate2.xml (RunModel)" time="0.023" />
  <testcase classname="ptolemy.util.test.junit.AutoTests" name="[33] /home/travis/build/icyphy/ptII/ptolemy/actor/lib/test/auto/ArrayUpdate3.xml (RunModel)" time="0.025" />
  <testcase classname="ptolemy.util.test.junit.AutoTests" name="[34] /home/travis/build/icyphy/ptII/ptolemy/actor/lib/test/auto/Assert1.xml (RunModel)" time="0.031" />
  <testcase classname="ptolemy.util.test.junit.AutoTests" name="[35] /home/travis/build/icyphy/ptII/ptolemy/actor/lib/test/auto/Assert2.xml (RunModel)" time="0.016" />
  <testcase classname="ptolemy.util.test.junit.AutoTests" name="[36] /home/travis/build/icyphy/ptII/ptolemy/actor/lib/test/auto/BooleanMultiplexor.xml (RunModel)" time="0.017" />
  <testcase classname="ptolemy.util.test.junit.AutoTests" name="[37] /home/travis/build/icyphy/ptII/ptolemy/actor/lib/test/auto/BooleanMultiplexor2.xml (RunModel)" time="0.025" />
  <testcase classname="ptolemy.util.test.junit.AutoTests" name="[38] /home/travis/build/icyphy/ptII/ptolemy/actor/lib/test/auto/BooleanMultiplexor3.xml (RunModel)" time="0.026" />
  <testcase classname="ptolemy.util.test.junit.AutoTests" name="[39] /home/travis/build/icyphy/ptII/ptolemy/actor/lib/test/auto/BooleanSelect.xml (RunModel)" time="0.022" />
  <testcase classname="ptolemy.util.test.junit.AutoTests" name="[40] /home/travis/build/icyphy/ptII/ptolemy/actor/lib/test/auto/BooleanSelect2.xml (RunModel)" time="0.014" />
  <testcase classname="ptolemy.util.test.junit.AutoTests" name="[41] /home/travis/build/icyphy/ptII/ptolemy/actor/lib/test/auto/BooleanSwitch.xml (RunModel)" time="0.026" />
  <testcase classname="ptolemy.util.test.junit.AutoTests" name="[42] /home/travis/build/icyphy/ptII/ptolemy/actor/lib/test/auto/BooleanSwitch2.xml (RunModel)" time="0.015" />
  <testcase classname="ptolemy.util.test.junit.AutoTests" name="[43] /home/travis/build/icyphy/ptII/ptolemy/actor/lib/test/auto/BooleanSwitchCloningBugWithClassRelationGroup.xml (RunModel)" time="0.037" />
  <testcase classname="ptolemy.util.test.junit.AutoTests" name="[44] /home/travis/build/icyphy/ptII/ptolemy/actor/lib/test/auto/BusActors.xml (RunModel)" time="0.037" />
  <testcase classname="ptolemy.util.test.junit.AutoTests" name="[45] /home/travis/build/icyphy/ptII/ptolemy/actor/lib/test/auto/ClassWrapper.xml (RunModel)" time="0.016" />
  <testcase classname="ptolemy.util.test.junit.AutoTests" name="[46] /home/travis/build/icyphy/ptII/ptolemy/actor/lib/test/auto/Clock.xml (RunModel)" time="0.023" />
  <testcase classname="ptolemy.util.test.junit.AutoTests" name="[47] /home/travis/build/icyphy/ptII/ptolemy/actor/lib/test/auto/Clock10.xml (RunModel)" time="0.019" />
  <testcase classname="ptolemy.util.test.junit.AutoTests" name="[48] /home/travis/build/icyphy/ptII/ptolemy/actor/lib/test/auto/Clock11.xml (RunModel)" time="0.021" />
  <testcase classname="ptolemy.util.test.junit.AutoTests" name="[49] /home/travis/build/icyphy/ptII/ptolemy/actor/lib/test/auto/Clock12.xml (RunModel)" time="0.034" />
  <testcase classname="ptolemy.util.test.junit.AutoTests" name="[50] /home/travis/build/icyphy/ptII/ptolemy/actor/lib/test/auto/Clock13.xml (RunModel)" time="0.015" />
  <testcase classname="ptolemy.util.test.junit.AutoTests" name="[51] /home/travis/build/icyphy/ptII/ptolemy/actor/lib/test/auto/Clock14.xml (RunModel)" time="0.023" />
  <testcase classname="ptolemy.util.test.junit.AutoTests" name="[52] /home/travis/build/icyphy/ptII/ptolemy/actor/lib/test/auto/Clock15.xml (RunModel)" time="0.017" />
  <testcase classname="ptolemy.util.test.junit.AutoTests" name="[53] /home/travis/build/icyphy/ptII/ptolemy/actor/lib/test/auto/Clock16.xml (RunModel)" time="0.113" />
  <testcase classname="ptolemy.util.test.junit.AutoTests" name="[54] /home/travis/build/icyphy/ptII/ptolemy/actor/lib/test/auto/Clock17.xml (RunModel)" time="0.056" />
  <testcase classname="ptolemy.util.test.junit.AutoTests" name="[55] /home/travis/build/icyphy/ptII/ptolemy/actor/lib/test/auto/Clock18.xml (RunModel)" time="0.056" />
  <testcase classname="ptolemy.util.test.junit.AutoTests" name="[56] /home/travis/build/icyphy/ptII/ptolemy/actor/lib/test/auto/Clock19.xml (RunModel)" time="0.04" />
  <testcase classname="ptolemy.util.test.junit.AutoTests" name="[57] /home/travis/build/icyphy/ptII/ptolemy/actor/lib/test/auto/Clock2.xml (RunModel)" time="0.016" />
  <testcase classname="ptolemy.util.test.junit.AutoTests" name="[58] /home/travis/build/icyphy/ptII/ptolemy/actor/lib/test/auto/Clock20.xml (RunModel)" time="0.019" />
  <testcase classname="ptolemy.util.test.junit.AutoTests" name="[59] /home/travis/build/icyphy/ptII/ptolemy/actor/lib/test/auto/Clock21.xml (RunModel)" time="0.016" />
  <testcase classname="ptolemy.util.test.junit.AutoTests" name="[60] /home/travis/build/icyphy/ptII/ptolemy/actor/lib/test/auto/Clock22.xml (RunModel)" time="0.016" />
  <testcase classname="ptolemy.util.test.junit.AutoTests" name="[61] /home/travis/build/icyphy/ptII/ptolemy/actor/lib/test/auto/Clock23.xml (RunModel)" time="0.016" />
  <testcase classname="ptolemy.util.test.junit.AutoTests" name="[62] /home/travis/build/icyphy/ptII/ptolemy/actor/lib/test/auto/Clock24.xml (RunModel)" time="0.012" />
  <testcase classname="ptolemy.util.test.junit.AutoTests" name="[63] /home/travis/build/icyphy/ptII/ptolemy/actor/lib/test/auto/Clock4.xml (RunModel)" time="0.013" />
  <testcase classname="ptolemy.util.test.junit.AutoTests" name="[64] /home/travis/build/icyphy/ptII/ptolemy/actor/lib/test/auto/Clock5.xml (RunModel)" time="0.012" />
  <testcase classname="ptolemy.util.test.junit.AutoTests" name="[65] /home/travis/build/icyphy/ptII/ptolemy/actor/lib/test/auto/Clock6.xml (RunModel)" time="0.015" />
  <testcase classname="ptolemy.util.test.junit.AutoTests" name="[66] /home/travis/build/icyphy/ptII/ptolemy/actor/lib/test/auto/Clock7.xml (RunModel)" time="0.011" />
  <testcase classname="ptolemy.util.test.junit.AutoTests" name="[67] /home/travis/build/icyphy/ptII/ptolemy/actor/lib/test/auto/Clock8.xml (RunModel)" time="0.012" />
  <testcase classname="ptolemy.util.test.junit.AutoTests" name="[68] /home/travis/build/icyphy/ptII/ptolemy/actor/lib/test/auto/Clock9.xml (RunModel)" time="0.016" />
  <testcase classname="ptolemy.util.test.junit.AutoTests" name="[69] /home/travis/build/icyphy/ptII/ptolemy/actor/lib/test/auto/CommDistDiscard.xml (RunModel)" time="0.023" />
  <testcase classname="ptolemy.util.test.junit.AutoTests" name="[70] /home/travis/build/icyphy/ptII/ptolemy/actor/lib/test/auto/Commutator.xml (RunModel)" time="0.014" />
  <testcase classname="ptolemy.util.test.junit.AutoTests" name="[71] /home/travis/build/icyphy/ptII/ptolemy/actor/lib/test/auto/Commutator2.xml (RunModel)" time="0.01" />
  <testcase classname="ptolemy.util.test.junit.AutoTests" name="[72] /home/travis/build/icyphy/ptII/ptolemy/actor/lib/test/auto/Commutator3.xml (RunModel)" time="0.011" />
  <testcase classname="ptolemy.util.test.junit.AutoTests" name="[73] /home/travis/build/icyphy/ptII/ptolemy/actor/lib/test/auto/Compare.xml (RunModel)" time="0.023" />
  <testcase classname="ptolemy.util.test.junit.AutoTests" name="[74] /home/travis/build/icyphy/ptII/ptolemy/actor/lib/test/auto/CompareDE.xml (RunModel)" time="0.018" />
  <testcase classname="ptolemy.util.test.junit.AutoTests" name="[75] /home/travis/build/icyphy/ptII/ptolemy/actor/lib/test/auto/ComplexDivide.xml (RunModel)" time="0.015" />
  <testcase classname="ptolemy.util.test.junit.AutoTests" name="[76] /home/travis/build/icyphy/ptII/ptolemy/actor/lib/test/auto/ComputeHistogram.xml (RunModel)" time="0.066" />
  <testcase classname="ptolemy.util.test.junit.AutoTests" name="[77] /home/travis/build/icyphy/ptII/ptolemy/actor/lib/test/auto/ConfigurationSelect.xml (RunModel)" time="0.02" />
  <testcase classname="ptolemy.util.test.junit.AutoTests" name="[78] /home/travis/build/icyphy/ptII/ptolemy/actor/lib/test/auto/ConfigurationSelect2.xml (RunModel)" time="0.012" />
  <testcase classname="ptolemy.util.test.junit.AutoTests" name="[79] /home/travis/build/icyphy/ptII/ptolemy/actor/lib/test/auto/ConfigurationSwitch.xml (RunModel)" time="0.024" />
  <testcase classname="ptolemy.util.test.junit.AutoTests" name="[80] /home/travis/build/icyphy/ptII/ptolemy/actor/lib/test/auto/ConfigurationSwitch2.xml (RunModel)" time="0.025" />
  <testcase classname="ptolemy.util.test.junit.AutoTests" name="[81] /home/travis/build/icyphy/ptII/ptolemy/actor/lib/test/auto/ConfigurationSwitchCloningBugWithClassRelationGroup.xml (RunModel)" time="0.021" />
  <testcase classname="ptolemy.util.test.junit.AutoTests" name="[82] /home/travis/build/icyphy/ptII/ptolemy/actor/lib/test/auto/ConfigurationSwitchSelectSDF.xml (RunModel)" time="0.03" />
  <testcase classname="ptolemy.util.test.junit.AutoTests" name="[83] /home/travis/build/icyphy/ptII/ptolemy/actor/lib/test/auto/ConfigurationSwitchSelectSDF2.xml (RunModel)" time="0.017" />
  <testcase classname="ptolemy.util.test.junit.AutoTests" name="[84] /home/travis/build/icyphy/ptII/ptolemy/actor/lib/test/auto/Const.xml (RunModel)" time="0.01" />
  <testcase classname="ptolemy.util.test.junit.AutoTests" name="[85] /home/travis/build/icyphy/ptII/ptolemy/actor/lib/test/auto/Const2.xml (RunModel)" time="0.01" />
  <testcase classname="ptolemy.util.test.junit.AutoTests" name="[86] /home/travis/build/icyphy/ptII/ptolemy/actor/lib/test/auto/Const3.xml (RunModel)" time="0.008" />
  <testcase classname="ptolemy.util.test.junit.AutoTests" name="[87] /home/travis/build/icyphy/ptII/ptolemy/actor/lib/test/auto/ConstantPublisherPort1.xml (RunModel)" time="0.029" />
  <testcase classname="ptolemy.util.test.junit.AutoTests" name="[88] /home/travis/build/icyphy/ptII/ptolemy/actor/lib/test/auto/ConstantPublisherPort2.xml (RunModel)" time="0.027" />
  <testcase classname="ptolemy.util.test.junit.AutoTests" name="[89] /home/travis/build/icyphy/ptII/ptolemy/actor/lib/test/auto/ConstantPublisherPort3.xml (RunModel)" time="0.03" />
  <testcase classname="ptolemy.util.test.junit.AutoTests" name="[90] /home/travis/build/icyphy/ptII/ptolemy/actor/lib/test/auto/ConstantPublisherPort4.xml (RunModel)" time="0.02" />
  <testcase classname="ptolemy.util.test.junit.AutoTests" name="[91] /home/travis/build/icyphy/ptII/ptolemy/actor/lib/test/auto/ConstantPublisherPort5.xml (RunModel)" time="0.039" />
  <testcase classname="ptolemy.util.test.junit.AutoTests" name="[92] /home/travis/build/icyphy/ptII/ptolemy/actor/lib/test/auto/ConstantPublisherPort6.xml (RunModel)" time="0.04" />
  <testcase classname="ptolemy.util.test.junit.AutoTests" name="[93] /home/travis/build/icyphy/ptII/ptolemy/actor/lib/test/auto/ConstantPublisherPort7.xml (RunModel)" time="0.038" />
  <testcase classname="ptolemy.util.test.junit.AutoTests" name="[94] /home/travis/build/icyphy/ptII/ptolemy/actor/lib/test/auto/ConstraintMonitor1.xml (RunModel)" time="0.043" />
  <testcase classname="ptolemy.util.test.junit.AutoTests" name="[95] /home/travis/build/icyphy/ptII/ptolemy/actor/lib/test/auto/ConstraintMonitor2.xml (RunModel)" time="0.015" />
  <testcase classname="ptolemy.util.test.junit.AutoTests" name="[96] /home/travis/build/icyphy/ptII/ptolemy/actor/lib/test/auto/ConstraintMonitor3.xml (RunModel)" time="0.011" />
  <testcase classname="ptolemy.util.test.junit.AutoTests" name="[97] /home/travis/build/icyphy/ptII/ptolemy/actor/lib/test/auto/ConstraintMonitor4.xml (RunModel)" time="0.015" />
  <testcase classname="ptolemy.util.test.junit.AutoTests" name="[98] /home/travis/build/icyphy/ptII/ptolemy/actor/lib/test/auto/ConstraintMonitor5.xml (RunModel)" time="0.016" />
  <testcase classname="ptolemy.util.test.junit.AutoTests" name="[99] /home/travis/build/icyphy/ptII/ptolemy/actor/lib/test/auto/ConstraintMonitor6.xml (RunModel)" time="0.027" />
  <testcase classname="ptolemy.util.test.junit.AutoTests" name="[100] /home/travis/build/icyphy/ptII/ptolemy/actor/lib/test/auto/ConstraintMonitor7.xml (RunModel)" time="0.023" />
  <testcase classname="ptolemy.util.test.junit.AutoTests" name="[101] /home/travis/build/icyphy/ptII/ptolemy/actor/lib/test/auto/ConstraintMonitor8.xml (RunModel)" time="0.018" />
  <testcase classname="ptolemy.util.test.junit.AutoTests" name="[102] /home/travis/build/icyphy/ptII/ptolemy/actor/lib/test/auto/Counter.xml (RunModel)" time="0.016" />
  <testcase classname="ptolemy.util.test.junit.AutoTests" name="[103] /home/travis/build/icyphy/ptII/ptolemy/actor/lib/test/auto/CurrentTimeSDF.xml (RunModel)" time="0.015" />
  <testcase classname="ptolemy.util.test.junit.AutoTests" name="[104] /home/travis/build/icyphy/ptII/ptolemy/actor/lib/test/auto/DB.xml (RunModel)" time="0.014" />
  <testcase classname="ptolemy.util.test.junit.AutoTests" name="[105] /home/travis/build/icyphy/ptII/ptolemy/actor/lib/test/auto/DBDE.xml (RunModel)" time="0.016" />
  <testcase classname="ptolemy.util.test.junit.AutoTests" name="[106] /home/travis/build/icyphy/ptII/ptolemy/actor/lib/test/auto/DateConstructor.xml (RunModel)" time="0.086" />
  <testcase classname="ptolemy.util.test.junit.AutoTests" name="[107] /home/travis/build/icyphy/ptII/ptolemy/actor/lib/test/auto/DelayTime.xml (RunModel)" time="0.029" />
  <testcase classname="ptolemy.util.test.junit.AutoTests" name="[108] /home/travis/build/icyphy/ptII/ptolemy/actor/lib/test/auto/Dictionary1.xml (RunModel)" time="0.021" />
  <testcase classname="ptolemy.util.test.junit.AutoTests" name="[109] /home/travis/build/icyphy/ptII/ptolemy/actor/lib/test/auto/Dictionary2.xml (RunModel)" time="0.021" />
  <testcase classname="ptolemy.util.test.junit.AutoTests" name="[110] /home/travis/build/icyphy/ptII/ptolemy/actor/lib/test/auto/Dictionary3.xml (RunModel)" time="0.014" />
  <testcase classname="ptolemy.util.test.junit.AutoTests" name="[111] /home/travis/build/icyphy/ptII/ptolemy/actor/lib/test/auto/Dictionary4.xml (RunModel)" time="0.019" />
  <testcase classname="ptolemy.util.test.junit.AutoTests" name="[112] /home/travis/build/icyphy/ptII/ptolemy/actor/lib/test/auto/Differential.xml (RunModel)" time="0.014" />
  <testcase classname="ptolemy.util.test.junit.AutoTests" name="[113] /home/travis/build/icyphy/ptII/ptolemy/actor/lib/test/auto/Director.xml (RunModel)" time="0.011" />
  <testcase classname="ptolemy.util.test.junit.AutoTests" name="[114] /home/travis/build/icyphy/ptII/ptolemy/actor/lib/test/auto/DiscreteClock.xml (RunModel)" time="0.008" />
  <testcase classname="ptolemy.util.test.junit.AutoTests" name="[115] /home/travis/build/icyphy/ptII/ptolemy/actor/lib/test/auto/DiscreteClock10.xml (RunModel)" time="0.015" />
  <testcase classname="ptolemy.util.test.junit.AutoTests" name="[116] /home/travis/build/icyphy/ptII/ptolemy/actor/lib/test/auto/DiscreteClock11.xml (RunModel)" time="0.019" />
  <testcase classname="ptolemy.util.test.junit.AutoTests" name="[117] /home/travis/build/icyphy/ptII/ptolemy/actor/lib/test/auto/DiscreteClock12.xml (RunModel)" time="0.018" />
  <testcase classname="ptolemy.util.test.junit.AutoTests" name="[118] /home/travis/build/icyphy/ptII/ptolemy/actor/lib/test/auto/DiscreteClock13.xml (RunModel)" time="0.018" />
  <testcase classname="ptolemy.util.test.junit.AutoTests" name="[119] /home/travis/build/icyphy/ptII/ptolemy/actor/lib/test/auto/DiscreteClock14.xml (RunModel)" time="0.02" />
  <testcase classname="ptolemy.util.test.junit.AutoTests" name="[120] /home/travis/build/icyphy/ptII/ptolemy/actor/lib/test/auto/DiscreteClock15.xml (RunModel)" time="0.017" />
  <testcase classname="ptolemy.util.test.junit.AutoTests" name="[121] /home/travis/build/icyphy/ptII/ptolemy/actor/lib/test/auto/DiscreteClock16.xml (RunModel)" time="0.047" />
  <testcase classname="ptolemy.util.test.junit.AutoTests" name="[122] /home/travis/build/icyphy/ptII/ptolemy/actor/lib/test/auto/DiscreteClock17.xml (RunModel)" time="0.039" />
  <testcase classname="ptolemy.util.test.junit.AutoTests" name="[123] /home/travis/build/icyphy/ptII/ptolemy/actor/lib/test/auto/DiscreteClock18.xml (RunModel)" time="0.047" />
  <testcase classname="ptolemy.util.test.junit.AutoTests" name="[124] /home/travis/build/icyphy/ptII/ptolemy/actor/lib/test/auto/DiscreteClock19.xml (RunModel)" time="0.042" />
  <testcase classname="ptolemy.util.test.junit.AutoTests" name="[125] /home/travis/build/icyphy/ptII/ptolemy/actor/lib/test/auto/DiscreteClock2.xml (RunModel)" time="0.015" />
  <testcase classname="ptolemy.util.test.junit.AutoTests" name="[126] /home/travis/build/icyphy/ptII/ptolemy/actor/lib/test/auto/DiscreteClock20.xml (RunModel)" time="0.02" />
  <testcase classname="ptolemy.util.test.junit.AutoTests" name="[127] /home/travis/build/icyphy/ptII/ptolemy/actor/lib/test/auto/DiscreteClock21.xml (RunModel)" time="0.017" />
  <testcase classname="ptolemy.util.test.junit.AutoTests" name="[128] /home/travis/build/icyphy/ptII/ptolemy/actor/lib/test/auto/DiscreteClock22.xml (RunModel)" time="0.015" />
  <testcase classname="ptolemy.util.test.junit.AutoTests" name="[129] /home/travis/build/icyphy/ptII/ptolemy/actor/lib/test/auto/DiscreteClock23.xml (RunModel)" time="0.021" />
  <testcase classname="ptolemy.util.test.junit.AutoTests" name="[130] /home/travis/build/icyphy/ptII/ptolemy/actor/lib/test/auto/DiscreteClock24.xml (RunModel)" time="0.014" />
  <testcase classname="ptolemy.util.test.junit.AutoTests" name="[131] /home/travis/build/icyphy/ptII/ptolemy/actor/lib/test/auto/DiscreteClock4.xml (RunModel)" time="0.015" />
  <testcase classname="ptolemy.util.test.junit.AutoTests" name="[132] /home/travis/build/icyphy/ptII/ptolemy/actor/lib/test/auto/DiscreteClock5.xml (RunModel)" time="0.012" />
  <testcase classname="ptolemy.util.test.junit.AutoTests" name="[133] /home/travis/build/icyphy/ptII/ptolemy/actor/lib/test/auto/DiscreteClock6.xml (RunModel)" time="0.01" />
  <testcase classname="ptolemy.util.test.junit.AutoTests" name="[134] /home/travis/build/icyphy/ptII/ptolemy/actor/lib/test/auto/DiscreteClock7.xml (RunModel)" time="0.01" />
  <testcase classname="ptolemy.util.test.junit.AutoTests" name="[135] /home/travis/build/icyphy/ptII/ptolemy/actor/lib/test/auto/DiscreteClock8.xml (RunModel)" time="0.02" />
  <testcase classname="ptolemy.util.test.junit.AutoTests" name="[136] /home/travis/build/icyphy/ptII/ptolemy/actor/lib/test/auto/DiscreteClock9.xml (RunModel)" time="0.013" />
  <testcase classname="ptolemy.util.test.junit.AutoTests" name="[137] /home/travis/build/icyphy/ptII/ptolemy/actor/lib/test/auto/DisplayArray.xml (RunModel)" time="0.009" />
  <testcase classname="ptolemy.util.test.junit.AutoTests" name="[138] /home/travis/build/icyphy/ptII/ptolemy/actor/lib/test/auto/Distributor.xml (RunModel)" time="0.009" />
  <testcase classname="ptolemy.util.test.junit.AutoTests" name="[139] /home/travis/build/icyphy/ptII/ptolemy/actor/lib/test/auto/Distributor2.xml (RunModel)" time="0.012" />
  <testcase classname="ptolemy.util.test.junit.AutoTests" name="[140] /home/travis/build/icyphy/ptII/ptolemy/actor/lib/test/auto/DownSample.xml (RunModel)" time="0.009" />
  <testcase classname="ptolemy.util.test.junit.AutoTests" name="[141] /home/travis/build/icyphy/ptII/ptolemy/actor/lib/test/auto/ElectronicUnitBase1.xml (RunModel)" time="0.061" />
  <testcase classname="ptolemy.util.test.junit.AutoTests" name="[142] /home/travis/build/icyphy/ptII/ptolemy/actor/lib/test/auto/ElementsToArray.xml (RunModel)" time="0.01" />
  <testcase classname="ptolemy.util.test.junit.AutoTests" name="[143] /home/travis/build/icyphy/ptII/ptolemy/actor/lib/test/auto/Equals.xml (RunModel)" time="0.012" />
  <testcase classname="ptolemy.util.test.junit.AutoTests" name="[144] /home/travis/build/icyphy/ptII/ptolemy/actor/lib/test/auto/Exec.xml (RunModel)" time="0.028" />
  <testcase classname="ptolemy.util.test.junit.AutoTests" name="[145] /home/travis/build/icyphy/ptII/ptolemy/actor/lib/test/auto/ExecEnvironment.xml (RunModel)" time="0.046" />
  <testcase classname="ptolemy.util.test.junit.AutoTests" name="[146] /home/travis/build/icyphy/ptII/ptolemy/actor/lib/test/auto/ExecNonZeroReturnOutput.xml (RunModel)" time="0.208" />
  <testcase classname="ptolemy.util.test.junit.AutoTests" name="[147] /home/travis/build/icyphy/ptII/ptolemy/actor/lib/test/auto/ExecRunDemos.xml (RunModel)" time="10.586">
    <error type="java.lang.reflect.InvocationTargetException">java.lang.reflect.InvocationTargetException
	at jdk.internal.reflect.GeneratedConstructorAccessor36.newInstance(Unknown Source)
	at java.base/jdk.internal.reflect.DelegatingConstructorAccessorImpl.newInstance(DelegatingConstructorAccessorImpl.java:45)
	at java.base/java.lang.reflect.Constructor.newInstance(Constructor.java:490)
	at ptolemy.util.test.junit.AutoTests.RunModel(AutoTests.java:193)
	at jdk.internal.reflect.GeneratedMethodAccessor43.invoke(Unknown Source)
	at java.base/jdk.internal.reflect.DelegatingMethodAccessorImpl.invoke(DelegatingMethodAccessorImpl.java:43)
	at junitparams.internal.InvokeParameterisedMethod.evaluate(InvokeParameterisedMethod.java:102)
Caused by: ptolemy.kernel.util.IllegalActionException: Test fails in iteration 0.
Value was: &quot;WARNING: An illegal reflective access operation has occurred\nWARNING: Illegal reflective access by io.netty.util.internal.ReflectionUtil (file:/home/travis/build/icyphy/ptII/lib/netty-common-4.1.19.Final.jar) to constructor java.nio.DirectByteBuffer(long,int)\nWARNING: Please consider reporting this to the maintainers of io.netty.util.internal.ReflectionUtil\nWARNING: Use --illegal-access=warn to enable warnings of further illegal reflective access operations\nWARNING: All illegal access operations will be denied in a future release\n&quot;. Should have been: &quot;&quot;
  in .ExecRunDemos.Test
	at ptolemy.actor.lib.Test.fire(Test.java:268)
	at ptolemy.actor.AtomicActor.iterate(AtomicActor.java:512)
	at ptolemy.actor.sched.StaticSchedulingDirector.fire(StaticSchedulingDirector.java:216)
	at ptolemy.domains.sdf.kernel.SDFDirector.fire(SDFDirector.java:500)
	at ptolemy.actor.CompositeActor.fire(CompositeActor.java:455)
	at ptolemy.actor.Manager.iterate(Manager.java:851)
	at ptolemy.actor.Manager.execute(Manager.java:369)
	at ptolemy.actor.Manager.run(Manager.java:1263)
	at ptolemy.actor.Manager$PtolemyRunThread.run(Manager.java:1915)
</error>
  </testcase>
  <testcase classname="ptolemy.util.test.junit.AutoTests" name="[148] /home/travis/build/icyphy/ptII/ptolemy/actor/lib/test/auto/ExecStop.xml (RunModel)" time="5.035" />
  <testcase classname="ptolemy.util.test.junit.AutoTests" name="[149] /home/travis/build/icyphy/ptII/ptolemy/actor/lib/test/auto/ExecutionTimeSDF.xml (RunModel)" time="6.037" />
  <testcase classname="ptolemy.util.test.junit.AutoTests" name="[150] /home/travis/build/icyphy/ptII/ptolemy/actor/lib/test/auto/Expression1.xml (RunModel)" time="0.01" />
  <testcase classname="ptolemy.util.test.junit.AutoTests" name="[151] /home/travis/build/icyphy/ptII/ptolemy/actor/lib/test/auto/Expression10.xml (RunModel)" time="0.029" />
  <testcase classname="ptolemy.util.test.junit.AutoTests" name="[152] /home/travis/build/icyphy/ptII/ptolemy/actor/lib/test/auto/Expression11.xml (RunModel)" time="0.011" />
  <testcase classname="ptolemy.util.test.junit.AutoTests" name="[153] /home/travis/build/icyphy/ptII/ptolemy/actor/lib/test/auto/Expression12.xml (RunModel)" time="0.014" />
  <testcase classname="ptolemy.util.test.junit.AutoTests" name="[154] /home/travis/build/icyphy/ptII/ptolemy/actor/lib/test/auto/Expression13.xml (RunModel)" time="0.015" />
  <testcase classname="ptolemy.util.test.junit.AutoTests" name="[155] /home/travis/build/icyphy/ptII/ptolemy/actor/lib/test/auto/Expression14.xml (RunModel)" time="0.019" />
  <testcase classname="ptolemy.util.test.junit.AutoTests" name="[156] /home/travis/build/icyphy/ptII/ptolemy/actor/lib/test/auto/Expression15.xml (RunModel)" time="0.008" />
  <testcase classname="ptolemy.util.test.junit.AutoTests" name="[157] /home/travis/build/icyphy/ptII/ptolemy/actor/lib/test/auto/Expression16.xml (RunModel)" time="0.011" />
  <testcase classname="ptolemy.util.test.junit.AutoTests" name="[158] /home/travis/build/icyphy/ptII/ptolemy/actor/lib/test/auto/Expression17.xml (RunModel)" time="0.011" />
  <testcase classname="ptolemy.util.test.junit.AutoTests" name="[159] /home/travis/build/icyphy/ptII/ptolemy/actor/lib/test/auto/Expression18.xml (RunModel)" time="0.012" />
  <testcase classname="ptolemy.util.test.junit.AutoTests" name="[160] /home/travis/build/icyphy/ptII/ptolemy/actor/lib/test/auto/Expression2.xml (RunModel)" time="0.012" />
  <testcase classname="ptolemy.util.test.junit.AutoTests" name="[161] /home/travis/build/icyphy/ptII/ptolemy/actor/lib/test/auto/Expression3.xml (RunModel)" time="0.014" />
  <testcase classname="ptolemy.util.test.junit.AutoTests" name="[162] /home/travis/build/icyphy/ptII/ptolemy/actor/lib/test/auto/Expression4.xml (RunModel)" time="0.019" />
  <testcase classname="ptolemy.util.test.junit.AutoTests" name="[163] /home/travis/build/icyphy/ptII/ptolemy/actor/lib/test/auto/Expression5.xml (RunModel)" time="0.011" />
  <testcase classname="ptolemy.util.test.junit.AutoTests" name="[164] /home/travis/build/icyphy/ptII/ptolemy/actor/lib/test/auto/Expression6.xml (RunModel)" time="0.012" />
  <testcase classname="ptolemy.util.test.junit.AutoTests" name="[165] /home/travis/build/icyphy/ptII/ptolemy/actor/lib/test/auto/Expression7.xml (RunModel)" time="0.011" />
  <testcase classname="ptolemy.util.test.junit.AutoTests" name="[166] /home/travis/build/icyphy/ptII/ptolemy/actor/lib/test/auto/Expression8.xml (RunModel)" time="0.015" />
  <testcase classname="ptolemy.util.test.junit.AutoTests" name="[167] /home/travis/build/icyphy/ptII/ptolemy/actor/lib/test/auto/Expression9.xml (RunModel)" time="0.007" />
  <testcase classname="ptolemy.util.test.junit.AutoTests" name="[168] /home/travis/build/icyphy/ptII/ptolemy/actor/lib/test/auto/ExpressionConcatenateArrayType.xml (RunModel)" time="0.041" />
  <testcase classname="ptolemy.util.test.junit.AutoTests" name="[169] /home/travis/build/icyphy/ptII/ptolemy/actor/lib/test/auto/ExpressionConcatenateArrayType2.xml (RunModel)" time="0.02" />
  <testcase classname="ptolemy.util.test.junit.AutoTests" name="[170] /home/travis/build/icyphy/ptII/ptolemy/actor/lib/test/auto/ExpressionFix.xml (RunModel)" time="0.045" />
  <testcase classname="ptolemy.util.test.junit.AutoTests" name="[171] /home/travis/build/icyphy/ptII/ptolemy/actor/lib/test/auto/ExpressionFix2.xml (RunModel)" time="0.018" />
  <testcase classname="ptolemy.util.test.junit.AutoTests" name="[172] /home/travis/build/icyphy/ptII/ptolemy/actor/lib/test/auto/ExpressionFix3.xml (RunModel)" time="0.015" />
  <testcase classname="ptolemy.util.test.junit.AutoTests" name="[173] /home/travis/build/icyphy/ptII/ptolemy/actor/lib/test/auto/FileWriter1.xml (RunModel)" time="0.009" />
  <testcase classname="ptolemy.util.test.junit.AutoTests" name="[174] /home/travis/build/icyphy/ptII/ptolemy/actor/lib/test/auto/FileWriter2.xml (RunModel)" time="0.013" />
  <testcase classname="ptolemy.util.test.junit.AutoTests" name="[175] /home/travis/build/icyphy/ptII/ptolemy/actor/lib/test/auto/FileWriter3.xml (RunModel)" time="0.011" />
  <testcase classname="ptolemy.util.test.junit.AutoTests" name="[176] /home/travis/build/icyphy/ptII/ptolemy/actor/lib/test/auto/Gaussian.xml (RunModel)" time="0.014" />
  <testcase classname="ptolemy.util.test.junit.AutoTests" name="[177] /home/travis/build/icyphy/ptII/ptolemy/actor/lib/test/auto/Gaussian1.xml (RunModel)" time="0.022" />
  <testcase classname="ptolemy.util.test.junit.AutoTests" name="[178] /home/travis/build/icyphy/ptII/ptolemy/actor/lib/test/auto/Gaussian2.xml (RunModel)" time="0.019" />
  <testcase classname="ptolemy.util.test.junit.AutoTests" name="[179] /home/travis/build/icyphy/ptII/ptolemy/actor/lib/test/auto/GradientAdaptiveLattice.xml (RunModel)" time="0.018" />
  <testcase classname="ptolemy.util.test.junit.AutoTests" name="[180] /home/travis/build/icyphy/ptII/ptolemy/actor/lib/test/auto/IIR.xml (RunModel)" time="0.01" />
  <testcase classname="ptolemy.util.test.junit.AutoTests" name="[181] /home/travis/build/icyphy/ptII/ptolemy/actor/lib/test/auto/InputOutputTransparentPorts.xml (RunModel)" time="0.017" />
  <testcase classname="ptolemy.util.test.junit.AutoTests" name="[182] /home/travis/build/icyphy/ptII/ptolemy/actor/lib/test/auto/Interpolator.xml (RunModel)" time="0.011" />
  <testcase classname="ptolemy.util.test.junit.AutoTests" name="[183] /home/travis/build/icyphy/ptII/ptolemy/actor/lib/test/auto/InterpolatorFiringLimitDE.xml (RunModel)" time="0.013" />
  <testcase classname="ptolemy.util.test.junit.AutoTests" name="[184] /home/travis/build/icyphy/ptII/ptolemy/actor/lib/test/auto/Lattice.xml (RunModel)" time="0.007" />
  <testcase classname="ptolemy.util.test.junit.AutoTests" name="[185] /home/travis/build/icyphy/ptII/ptolemy/actor/lib/test/auto/LazyAOCTestLazy.xml (RunModel)" time="0.04" />
  <testcase classname="ptolemy.util.test.junit.AutoTests" name="[186] /home/travis/build/icyphy/ptII/ptolemy/actor/lib/test/auto/LazyAOCTestNonLazy.xml (RunModel)" time="0.045" />
  <testcase classname="ptolemy.util.test.junit.AutoTests" name="[187] /home/travis/build/icyphy/ptII/ptolemy/actor/lib/test/auto/LazyInnerClass.xml (RunModel)" time="0.045" />
  <testcase classname="ptolemy.util.test.junit.AutoTests" name="[188] /home/travis/build/icyphy/ptII/ptolemy/actor/lib/test/auto/LazyPubSub.xml (RunModel)" time="0.062" />
  <testcase classname="ptolemy.util.test.junit.AutoTests" name="[189] /home/travis/build/icyphy/ptII/ptolemy/actor/lib/test/auto/LazyPubSub2.xml (RunModel)" time="0.029" />
  <testcase classname="ptolemy.util.test.junit.AutoTests" name="[190] /home/travis/build/icyphy/ptII/ptolemy/actor/lib/test/auto/LazyPubSub3.xml (RunModel)" time="0.029" />
  <testcase classname="ptolemy.util.test.junit.AutoTests" name="[191] /home/travis/build/icyphy/ptII/ptolemy/actor/lib/test/auto/LazySubClassModel.xml (RunModel)" time="0.019" />
  <testcase classname="ptolemy.util.test.junit.AutoTests" name="[192] /home/travis/build/icyphy/ptII/ptolemy/actor/lib/test/auto/LevelCrossTest1.xml (RunModel)" time="0.009" />
  <testcase classname="ptolemy.util.test.junit.AutoTests" name="[193] /home/travis/build/icyphy/ptII/ptolemy/actor/lib/test/auto/LevelCrossTest10.xml (RunModel)" time="0.013" />
  <testcase classname="ptolemy.util.test.junit.AutoTests" name="[194] /home/travis/build/icyphy/ptII/ptolemy/actor/lib/test/auto/LevelCrossTest11.xml (RunModel)" time="0.011" />
  <testcase classname="ptolemy.util.test.junit.AutoTests" name="[195] /home/travis/build/icyphy/ptII/ptolemy/actor/lib/test/auto/LevelCrossTest12.xml (RunModel)" time="0.014" />
  <testcase classname="ptolemy.util.test.junit.AutoTests" name="[196] /home/travis/build/icyphy/ptII/ptolemy/actor/lib/test/auto/LevelCrossTest13.xml (RunModel)" time="0.014" />
  <testcase classname="ptolemy.util.test.junit.AutoTests" name="[197] /home/travis/build/icyphy/ptII/ptolemy/actor/lib/test/auto/LevelCrossTest2.xml (RunModel)" time="0.01" />
  <testcase classname="ptolemy.util.test.junit.AutoTests" name="[198] /home/travis/build/icyphy/ptII/ptolemy/actor/lib/test/auto/LevelCrossTest3.xml (RunModel)" time="0.013" />
  <testcase classname="ptolemy.util.test.junit.AutoTests" name="[199] /home/travis/build/icyphy/ptII/ptolemy/actor/lib/test/auto/LevelCrossTest4.xml (RunModel)" time="0.01" />
  <testcase classname="ptolemy.util.test.junit.AutoTests" name="[200] /home/travis/build/icyphy/ptII/ptolemy/actor/lib/test/auto/LevelCrossTest5.xml (RunModel)" time="0.011" />
  <testcase classname="ptolemy.util.test.junit.AutoTests" name="[201] /home/travis/build/icyphy/ptII/ptolemy/actor/lib/test/auto/LevelCrossTest6.xml (RunModel)" time="0.021" />
  <testcase classname="ptolemy.util.test.junit.AutoTests" name="[202] /home/travis/build/icyphy/ptII/ptolemy/actor/lib/test/auto/LevelCrossTest7.xml (RunModel)" time="0.015" />
  <testcase classname="ptolemy.util.test.junit.AutoTests" name="[203] /home/travis/build/icyphy/ptII/ptolemy/actor/lib/test/auto/LevelCrossTest8.xml (RunModel)" time="0.014" />
  <testcase classname="ptolemy.util.test.junit.AutoTests" name="[204] /home/travis/build/icyphy/ptII/ptolemy/actor/lib/test/auto/LevelCrossTest9.xml (RunModel)" time="0.013" />
  <testcase classname="ptolemy.util.test.junit.AutoTests" name="[205] /home/travis/build/icyphy/ptII/ptolemy/actor/lib/test/auto/LevinsonDurbin.xml (RunModel)" time="0.017" />
  <testcase classname="ptolemy.util.test.junit.AutoTests" name="[206] /home/travis/build/icyphy/ptII/ptolemy/actor/lib/test/auto/LevinsonDurbin2.xml (RunModel)" time="0.01" />
  <testcase classname="ptolemy.util.test.junit.AutoTests" name="[207] /home/travis/build/icyphy/ptII/ptolemy/actor/lib/test/auto/LevinsonDurbin3.xml (RunModel)" time="0.017" />
  <testcase classname="ptolemy.util.test.junit.AutoTests" name="[208] /home/travis/build/icyphy/ptII/ptolemy/actor/lib/test/auto/Limiter.xml (RunModel)" time="0.039" />
  <testcase classname="ptolemy.util.test.junit.AutoTests" name="[209] /home/travis/build/icyphy/ptII/ptolemy/actor/lib/test/auto/LinearDifferenceEquationSystem.xml (RunModel)" time="0.021" />
  <testcase classname="ptolemy.util.test.junit.AutoTests" name="[210] /home/travis/build/icyphy/ptII/ptolemy/actor/lib/test/auto/LookupTable.xml (RunModel)" time="0.009" />
  <testcase classname="ptolemy.util.test.junit.AutoTests" name="[211] /home/travis/build/icyphy/ptII/ptolemy/actor/lib/test/auto/MathFunction.xml (RunModel)" time="0.019" />
  <testcase classname="ptolemy.util.test.junit.AutoTests" name="[212] /home/travis/build/icyphy/ptII/ptolemy/actor/lib/test/auto/MathFunction2.xml (RunModel)" time="0.022" />
  <testcase classname="ptolemy.util.test.junit.AutoTests" name="[213] /home/travis/build/icyphy/ptII/ptolemy/actor/lib/test/auto/MathFunction3.xml (RunModel)" time="0.032" />
  <testcase classname="ptolemy.util.test.junit.AutoTests" name="[214] /home/travis/build/icyphy/ptII/ptolemy/actor/lib/test/auto/MatrixCropBoolean.xml (RunModel)" time="0.011" />
  <testcase classname="ptolemy.util.test.junit.AutoTests" name="[215] /home/travis/build/icyphy/ptII/ptolemy/actor/lib/test/auto/MatrixCropComplex.xml (RunModel)" time="0.014" />
  <testcase classname="ptolemy.util.test.junit.AutoTests" name="[216] /home/travis/build/icyphy/ptII/ptolemy/actor/lib/test/auto/MatrixCropDouble.xml (RunModel)" time="0.008" />
  <testcase classname="ptolemy.util.test.junit.AutoTests" name="[217] /home/travis/build/icyphy/ptII/ptolemy/actor/lib/test/auto/MatrixCropFix.xml (RunModel)" time="0.013" />
  <testcase classname="ptolemy.util.test.junit.AutoTests" name="[218] /home/travis/build/icyphy/ptII/ptolemy/actor/lib/test/auto/MatrixCropInt.xml (RunModel)" time="0.009" />
  <testcase classname="ptolemy.util.test.junit.AutoTests" name="[219] /home/travis/build/icyphy/ptII/ptolemy/actor/lib/test/auto/MatrixCropLong.xml (RunModel)" time="0.009" />
  <testcase classname="ptolemy.util.test.junit.AutoTests" name="[220] /home/travis/build/icyphy/ptII/ptolemy/actor/lib/test/auto/MatrixToArray.xml (RunModel)" time="0.053" />
  <testcase classname="ptolemy.util.test.junit.AutoTests" name="[221] /home/travis/build/icyphy/ptII/ptolemy/actor/lib/test/auto/MaxIndex.xml (RunModel)" time="0.013" />
  <testcase classname="ptolemy.util.test.junit.AutoTests" name="[222] /home/travis/build/icyphy/ptII/ptolemy/actor/lib/test/auto/Maximum.xml (RunModel)" time="0.014" />
  <testcase classname="ptolemy.util.test.junit.AutoTests" name="[223] /home/travis/build/icyphy/ptII/ptolemy/actor/lib/test/auto/MaximumComplex.xml (RunModel)" time="0.016" />
  <testcase classname="ptolemy.util.test.junit.AutoTests" name="[224] /home/travis/build/icyphy/ptII/ptolemy/actor/lib/test/auto/MethodCallTest.xml (RunModel)" time="0.023" />
  <testcase classname="ptolemy.util.test.junit.AutoTests" name="[225] /home/travis/build/icyphy/ptII/ptolemy/actor/lib/test/auto/Minimum.xml (RunModel)" time="0.012" />
  <testcase classname="ptolemy.util.test.junit.AutoTests" name="[226] /home/travis/build/icyphy/ptII/ptolemy/actor/lib/test/auto/MinimumComplex.xml (RunModel)" time="0.022" />
  <testcase classname="ptolemy.util.test.junit.AutoTests" name="[227] /home/travis/build/icyphy/ptII/ptolemy/actor/lib/test/auto/MinimumMultiports.xml (RunModel)" time="0.022" />
  <testcase classname="ptolemy.util.test.junit.AutoTests" name="[228] /home/travis/build/icyphy/ptII/ptolemy/actor/lib/test/auto/ModifyDate.xml (RunModel)" time="0.042" />
  <testcase classname="ptolemy.util.test.junit.AutoTests" name="[229] /home/travis/build/icyphy/ptII/ptolemy/actor/lib/test/auto/ModifyDate2.xml (RunModel)" time="0.026" />
  <testcase classname="ptolemy.util.test.junit.AutoTests" name="[230] /home/travis/build/icyphy/ptII/ptolemy/actor/lib/test/auto/MovingAverage.xml (RunModel)" time="0.01" />
  <testcase classname="ptolemy.util.test.junit.AutoTests" name="[231] /home/travis/build/icyphy/ptII/ptolemy/actor/lib/test/auto/MovingMaximum.xml (RunModel)" time="0.01" />
  <testcase classname="ptolemy.util.test.junit.AutoTests" name="[232] /home/travis/build/icyphy/ptII/ptolemy/actor/lib/test/auto/MultipleLinksToSameRelation.xml (RunModel)" time="0.006" />
  <testcase classname="ptolemy.util.test.junit.AutoTests" name="[233] /home/travis/build/icyphy/ptII/ptolemy/actor/lib/test/auto/MultipleLinksToSameRelationDE.xml (RunModel)" time="0.007" />
  <testcase classname="ptolemy.util.test.junit.AutoTests" name="[234] /home/travis/build/icyphy/ptII/ptolemy/actor/lib/test/auto/Multiplexor.xml (RunModel)" time="0.01" />
  <testcase classname="ptolemy.util.test.junit.AutoTests" name="[235] /home/travis/build/icyphy/ptII/ptolemy/actor/lib/test/auto/Multiplexor1.xml (RunModel)" time="0.011" />
  <testcase classname="ptolemy.util.test.junit.AutoTests" name="[236] /home/travis/build/icyphy/ptII/ptolemy/actor/lib/test/auto/Multiplexor2.xml (RunModel)" time="0.012" />
  <testcase classname="ptolemy.util.test.junit.AutoTests" name="[237] /home/travis/build/icyphy/ptII/ptolemy/actor/lib/test/auto/Multiplexor3.xml (RunModel)" time="0.007" />
  <testcase classname="ptolemy.util.test.junit.AutoTests" name="[238] /home/travis/build/icyphy/ptII/ptolemy/actor/lib/test/auto/MultiplexorDE.xml (RunModel)" time="0.016" />
  <testcase classname="ptolemy.util.test.junit.AutoTests" name="[239] /home/travis/build/icyphy/ptII/ptolemy/actor/lib/test/auto/MultiportBroadcastTest.xml (RunModel)" time="0.059" />
  <testcase classname="ptolemy.util.test.junit.AutoTests" name="[240] /home/travis/build/icyphy/ptII/ptolemy/actor/lib/test/auto/MultiportOutHangDuringGetWidth.xml (RunModel)" time="0.034" />
  <testcase classname="ptolemy.util.test.junit.AutoTests" name="[241] /home/travis/build/icyphy/ptII/ptolemy/actor/lib/test/auto/NilToken.xml (RunModel)" time="0.007" />
  <testcase classname="ptolemy.util.test.junit.AutoTests" name="[242] /home/travis/build/icyphy/ptII/ptolemy/actor/lib/test/auto/NilTokenNonStrictTest.xml (RunModel)" time="0.01" />
  <testcase classname="ptolemy.util.test.junit.AutoTests" name="[243] /home/travis/build/icyphy/ptII/ptolemy/actor/lib/test/auto/NilTokenRecord.xml (RunModel)" time="0.038" />
  <testcase classname="ptolemy.util.test.junit.AutoTests" name="[244] /home/travis/build/icyphy/ptII/ptolemy/actor/lib/test/auto/NilTokenTypeTest.xml (RunModel)" time="0.034" />
  <testcase classname="ptolemy.util.test.junit.AutoTests" name="[245] /home/travis/build/icyphy/ptII/ptolemy/actor/lib/test/auto/ObjectToken1.xml (RunModel)" time="0.008" />
  <testcase classname="ptolemy.util.test.junit.AutoTests" name="[246] /home/travis/build/icyphy/ptII/ptolemy/actor/lib/test/auto/OrderedMerge.xml (RunModel)" time="0.019" />
  <testcase classname="ptolemy.util.test.junit.AutoTests" name="[247] /home/travis/build/icyphy/ptII/ptolemy/actor/lib/test/auto/OrderedRecordDisassembler.xml (RunModel)" time="0.019" />
  <testcase classname="ptolemy.util.test.junit.AutoTests" name="[248] /home/travis/build/icyphy/ptII/ptolemy/actor/lib/test/auto/OrderedRecordDisassembler2.xml (RunModel)" time="0.016" />
  <testcase classname="ptolemy.util.test.junit.AutoTests" name="[249] /home/travis/build/icyphy/ptII/ptolemy/actor/lib/test/auto/OrderedRecordUpdater.xml (RunModel)" time="0.009" />
  <testcase classname="ptolemy.util.test.junit.AutoTests" name="[250] /home/travis/build/icyphy/ptII/ptolemy/actor/lib/test/auto/OrderedRecordUpdater2.xml (RunModel)" time="0.016" />
  <testcase classname="ptolemy.util.test.junit.AutoTests" name="[251] /home/travis/build/icyphy/ptII/ptolemy/actor/lib/test/auto/PhaseUnwrap.xml (RunModel)" time="0.012" />
  <testcase classname="ptolemy.util.test.junit.AutoTests" name="[252] /home/travis/build/icyphy/ptII/ptolemy/actor/lib/test/auto/PoissonClock.xml (RunModel)" time="0.009" />
  <testcase classname="ptolemy.util.test.junit.AutoTests" name="[253] /home/travis/build/icyphy/ptII/ptolemy/actor/lib/test/auto/PoissonClock2.xml (RunModel)" time="0.007" />
  <testcase classname="ptolemy.util.test.junit.AutoTests" name="[254] /home/travis/build/icyphy/ptII/ptolemy/actor/lib/test/auto/PoissonClock3.xml (RunModel)" time="0.024" />
  <testcase classname="ptolemy.util.test.junit.AutoTests" name="[255] /home/travis/build/icyphy/ptII/ptolemy/actor/lib/test/auto/PubSubWithInitialTokens.xml (RunModel)" time="0.012" />
  <testcase classname="ptolemy.util.test.junit.AutoTests" name="[256] /home/travis/build/icyphy/ptII/ptolemy/actor/lib/test/auto/PubSubWithInitialTokens2.xml (RunModel)" time="0.012" />
  <testcase classname="ptolemy.util.test.junit.AutoTests" name="[257] /home/travis/build/icyphy/ptII/ptolemy/actor/lib/test/auto/PublisherClassNoParameter.xml (RunModel)" time="0.024" />
  <testcase classname="ptolemy.util.test.junit.AutoTests" name="[258] /home/travis/build/icyphy/ptII/ptolemy/actor/lib/test/auto/PublisherClassParameter.xml (RunModel)" time="0.018" />
  <testcase classname="ptolemy.util.test.junit.AutoTests" name="[259] /home/travis/build/icyphy/ptII/ptolemy/actor/lib/test/auto/PublisherNonStrictTest.xml (RunModel)" time="0.015" />
  <testcase classname="ptolemy.util.test.junit.AutoTests" name="[260] /home/travis/build/icyphy/ptII/ptolemy/actor/lib/test/auto/PublisherPort1.xml (RunModel)" time="0.009" />
  <testcase classname="ptolemy.util.test.junit.AutoTests" name="[261] /home/travis/build/icyphy/ptII/ptolemy/actor/lib/test/auto/PublisherPort2.xml (RunModel)" time="0.007" />
  <testcase classname="ptolemy.util.test.junit.AutoTests" name="[262] /home/travis/build/icyphy/ptII/ptolemy/actor/lib/test/auto/PublisherPort3.xml (RunModel)" time="0.017" />
  <testcase classname="ptolemy.util.test.junit.AutoTests" name="[263] /home/travis/build/icyphy/ptII/ptolemy/actor/lib/test/auto/PublisherPort4.xml (RunModel)" time="0.016" />
  <testcase classname="ptolemy.util.test.junit.AutoTests" name="[264] /home/travis/build/icyphy/ptII/ptolemy/actor/lib/test/auto/PublisherPort5.xml (RunModel)" time="0.013" />
  <testcase classname="ptolemy.util.test.junit.AutoTests" name="[265] /home/travis/build/icyphy/ptII/ptolemy/actor/lib/test/auto/PublisherPort5LookAlike.xml (RunModel)" time="0.017" />
  <testcase classname="ptolemy.util.test.junit.AutoTests" name="[266] /home/travis/build/icyphy/ptII/ptolemy/actor/lib/test/auto/PublisherPort6.xml (RunModel)" time="0.01" />
  <testcase classname="ptolemy.util.test.junit.AutoTests" name="[267] /home/travis/build/icyphy/ptII/ptolemy/actor/lib/test/auto/PublisherPort7.xml (RunModel)" time="0.013" />
  <testcase classname="ptolemy.util.test.junit.AutoTests" name="[268] /home/travis/build/icyphy/ptII/ptolemy/actor/lib/test/auto/PublisherPort8.xml (RunModel)" time="0.015" />
  <testcase classname="ptolemy.util.test.junit.AutoTests" name="[269] /home/travis/build/icyphy/ptII/ptolemy/actor/lib/test/auto/PublisherPortSubscriberChannelVariablesAOC2.xml (RunModel)" time="0.041" />
  <testcase classname="ptolemy.util.test.junit.AutoTests" name="[270] /home/travis/build/icyphy/ptII/ptolemy/actor/lib/test/auto/PublisherPortSubscriberOpaqueWidthInference.xml (RunModel)" time="0.014" />
  <testcase classname="ptolemy.util.test.junit.AutoTests" name="[271] /home/travis/build/icyphy/ptII/ptolemy/actor/lib/test/auto/PublisherPortSubscriberPortAdjacent.xml (RunModel)" time="0.016" />
  <testcase classname="ptolemy.util.test.junit.AutoTests" name="[272] /home/travis/build/icyphy/ptII/ptolemy/actor/lib/test/auto/PublisherPortSubscriberPortExpression.xml (RunModel)" time="0.015" />
  <testcase classname="ptolemy.util.test.junit.AutoTests" name="[273] /home/travis/build/icyphy/ptII/ptolemy/actor/lib/test/auto/PublisherPortSubscriberPortOpaqueD3Reverse.xml (RunModel)" time="0.02" />
  <testcase classname="ptolemy.util.test.junit.AutoTests" name="[274] /home/travis/build/icyphy/ptII/ptolemy/actor/lib/test/auto/PublisherPortSubscriberPortOpaqueWidthInference.xml (RunModel)" time="0.018" />
  <testcase classname="ptolemy.util.test.junit.AutoTests" name="[275] /home/travis/build/icyphy/ptII/ptolemy/actor/lib/test/auto/PublisherPortToplevelSubscriberPortAOC.xml (RunModel)" time="0.011" />
  <testcase classname="ptolemy.util.test.junit.AutoTests" name="[276] /home/travis/build/icyphy/ptII/ptolemy/actor/lib/test/auto/PublisherSubscriber.xml (RunModel)" time="0.013" />
  <testcase classname="ptolemy.util.test.junit.AutoTests" name="[277] /home/travis/build/icyphy/ptII/ptolemy/actor/lib/test/auto/PublisherSubscriber10.xml (RunModel)" time="0.02" />
  <testcase classname="ptolemy.util.test.junit.AutoTests" name="[278] /home/travis/build/icyphy/ptII/ptolemy/actor/lib/test/auto/PublisherSubscriber10InitialOutputs.xml (RunModel)" time="0.03" />
  <testcase classname="ptolemy.util.test.junit.AutoTests" name="[279] /home/travis/build/icyphy/ptII/ptolemy/actor/lib/test/auto/PublisherSubscriber11.xml (RunModel)" time="0.015" />
  <testcase classname="ptolemy.util.test.junit.AutoTests" name="[280] /home/travis/build/icyphy/ptII/ptolemy/actor/lib/test/auto/PublisherSubscriber12.xml (RunModel)" time="0.011" />
  <testcase classname="ptolemy.util.test.junit.AutoTests" name="[281] /home/travis/build/icyphy/ptII/ptolemy/actor/lib/test/auto/PublisherSubscriber13.xml (RunModel)" time="0.018" />
  <testcase classname="ptolemy.util.test.junit.AutoTests" name="[282] /home/travis/build/icyphy/ptII/ptolemy/actor/lib/test/auto/PublisherSubscriber14.xml (RunModel)" time="0.019" />
  <testcase classname="ptolemy.util.test.junit.AutoTests" name="[283] /home/travis/build/icyphy/ptII/ptolemy/actor/lib/test/auto/PublisherSubscriber2.xml (RunModel)" time="0.009" />
  <testcase classname="ptolemy.util.test.junit.AutoTests" name="[284] /home/travis/build/icyphy/ptII/ptolemy/actor/lib/test/auto/PublisherSubscriber3.xml (RunModel)" time="0.009" />
  <testcase classname="ptolemy.util.test.junit.AutoTests" name="[285] /home/travis/build/icyphy/ptII/ptolemy/actor/lib/test/auto/PublisherSubscriber4.xml (RunModel)" time="0.007" />
  <testcase classname="ptolemy.util.test.junit.AutoTests" name="[286] /home/travis/build/icyphy/ptII/ptolemy/actor/lib/test/auto/PublisherSubscriber5.xml (RunModel)" time="0.011" />
  <testcase classname="ptolemy.util.test.junit.AutoTests" name="[287] /home/travis/build/icyphy/ptII/ptolemy/actor/lib/test/auto/PublisherSubscriber6.xml (RunModel)" time="0.014" />
  <testcase classname="ptolemy.util.test.junit.AutoTests" name="[288] /home/travis/build/icyphy/ptII/ptolemy/actor/lib/test/auto/PublisherSubscriber7.xml (RunModel)" time="0.017" />
  <testcase classname="ptolemy.util.test.junit.AutoTests" name="[289] /home/travis/build/icyphy/ptII/ptolemy/actor/lib/test/auto/PublisherSubscriber8.xml (RunModel)" time="0.03" />
  <testcase classname="ptolemy.util.test.junit.AutoTests" name="[290] /home/travis/build/icyphy/ptII/ptolemy/actor/lib/test/auto/PublisherSubscriber9.xml (RunModel)" time="0.014" />
  <testcase classname="ptolemy.util.test.junit.AutoTests" name="[291] /home/travis/build/icyphy/ptII/ptolemy/actor/lib/test/auto/PublisherSubscriberAdjacent.xml (RunModel)" time="0.015" />
  <testcase classname="ptolemy.util.test.junit.AutoTests" name="[292] /home/travis/build/icyphy/ptII/ptolemy/actor/lib/test/auto/PublisherSubscriberChannelVariablesAOC2.xml (RunModel)" time="0.027" />
  <testcase classname="ptolemy.util.test.junit.AutoTests" name="[293] /home/travis/build/icyphy/ptII/ptolemy/actor/lib/test/auto/PublisherSubscriberD3.xml (RunModel)" time="0.012" />
  <testcase classname="ptolemy.util.test.junit.AutoTests" name="[294] /home/travis/build/icyphy/ptII/ptolemy/actor/lib/test/auto/PublisherSubscriberD3Reverse.xml (RunModel)" time="0.01" />
  <testcase classname="ptolemy.util.test.junit.AutoTests" name="[295] /home/travis/build/icyphy/ptII/ptolemy/actor/lib/test/auto/PublisherSubscriberExpression.xml (RunModel)" time="0.015" />
  <testcase classname="ptolemy.util.test.junit.AutoTests" name="[296] /home/travis/build/icyphy/ptII/ptolemy/actor/lib/test/auto/PublisherSubscriberOpaque.xml (RunModel)" time="0.016" />
  <testcase classname="ptolemy.util.test.junit.AutoTests" name="[297] /home/travis/build/icyphy/ptII/ptolemy/actor/lib/test/auto/PublisherSubscriberOpaqueD3.xml (RunModel)" time="0.023" />
  <testcase classname="ptolemy.util.test.junit.AutoTests" name="[298] /home/travis/build/icyphy/ptII/ptolemy/actor/lib/test/auto/PublisherSubscriberOpaqueD3Reverse.xml (RunModel)" time="0.02" />
  <testcase classname="ptolemy.util.test.junit.AutoTests" name="[299] /home/travis/build/icyphy/ptII/ptolemy/actor/lib/test/auto/PublisherSubscriberOpaqueWidthInference.xml (RunModel)" time="0.015" />
  <testcase classname="ptolemy.util.test.junit.AutoTests" name="[300] /home/travis/build/icyphy/ptII/ptolemy/actor/lib/test/auto/PublisherTestSubscriber.xml (RunModel)" time="0.017" />
  <testcase classname="ptolemy.util.test.junit.AutoTests" name="[301] /home/travis/build/icyphy/ptII/ptolemy/actor/lib/test/auto/PublisherToplevelSubscriberPortAOC.xml (RunModel)" time="0.01" />
  <testcase classname="ptolemy.util.test.junit.AutoTests" name="[302] /home/travis/build/icyphy/ptII/ptolemy/actor/lib/test/auto/PulseFiringLimitDE.xml (RunModel)" time="0.013" />
  <testcase classname="ptolemy.util.test.junit.AutoTests" name="[303] /home/travis/build/icyphy/ptII/ptolemy/actor/lib/test/auto/Ramp1.xml (RunModel)" time="0.006" />
  <testcase classname="ptolemy.util.test.junit.AutoTests" name="[304] /home/travis/build/icyphy/ptII/ptolemy/actor/lib/test/auto/RampFiringLimitDE.xml (RunModel)" time="0.01" />
  <testcase classname="ptolemy.util.test.junit.AutoTests" name="[305] /home/travis/build/icyphy/ptII/ptolemy/actor/lib/test/auto/RampFiringLimitSDF.xml (RunModel)" time="0.009" />
  <testcase classname="ptolemy.util.test.junit.AutoTests" name="[306] /home/travis/build/icyphy/ptII/ptolemy/actor/lib/test/auto/RandomInteger.xml (RunModel)" time="0.008" />
  <testcase classname="ptolemy.util.test.junit.AutoTests" name="[307] /home/travis/build/icyphy/ptII/ptolemy/actor/lib/test/auto/ReadFile1.xml (RunModel)" time="0.006" />
  <testcase classname="ptolemy.util.test.junit.AutoTests" name="[308] /home/travis/build/icyphy/ptII/ptolemy/actor/lib/test/auto/ReadFile2.xml (RunModel)" time="0.008" />
  <testcase classname="ptolemy.util.test.junit.AutoTests" name="[309] /home/travis/build/icyphy/ptII/ptolemy/actor/lib/test/auto/Reader.xml (RunModel)" time="0.01" />
  <testcase classname="ptolemy.util.test.junit.AutoTests" name="[310] /home/travis/build/icyphy/ptII/ptolemy/actor/lib/test/auto/RecordAssemblerDisplayNameTest.xml (RunModel)" time="3.553" />
  <testcase classname="ptolemy.util.test.junit.AutoTests" name="[311] /home/travis/build/icyphy/ptII/ptolemy/actor/lib/test/auto/RecordAssemblerTypeError.xml (RunModel)" time="0.037" />
  <testcase classname="ptolemy.util.test.junit.AutoTests" name="[312] /home/travis/build/icyphy/ptII/ptolemy/actor/lib/test/auto/RecordDisassember.xml (RunModel)" time="0.011" />
  <testcase classname="ptolemy.util.test.junit.AutoTests" name="[313] /home/travis/build/icyphy/ptII/ptolemy/actor/lib/test/auto/RecordDisassemberDisplayNameTest.xml (RunModel)" time="0.018" />
  <testcase classname="ptolemy.util.test.junit.AutoTests" name="[314] /home/travis/build/icyphy/ptII/ptolemy/actor/lib/test/auto/RecordDisassembler.xml (RunModel)" time="0.01" />
  <testcase classname="ptolemy.util.test.junit.AutoTests" name="[315] /home/travis/build/icyphy/ptII/ptolemy/actor/lib/test/auto/RecordDisassembler2.xml (RunModel)" time="0.009" />
  <testcase classname="ptolemy.util.test.junit.AutoTests" name="[316] /home/travis/build/icyphy/ptII/ptolemy/actor/lib/test/auto/RecordUpdater.xml (RunModel)" time="0.008" />
  <testcase classname="ptolemy.util.test.junit.AutoTests" name="[317] /home/travis/build/icyphy/ptII/ptolemy/actor/lib/test/auto/RecordUpdater2.xml (RunModel)" time="0.007" />
  <testcase classname="ptolemy.util.test.junit.AutoTests" name="[318] /home/travis/build/icyphy/ptII/ptolemy/actor/lib/test/auto/RecursiveLattice.xml (RunModel)" time="0.006" />
  <testcase classname="ptolemy.util.test.junit.AutoTests" name="[319] /home/travis/build/icyphy/ptII/ptolemy/actor/lib/test/auto/Router.xml (RunModel)" time="3.021" />
  <testcase classname="ptolemy.util.test.junit.AutoTests" name="[320] /home/travis/build/icyphy/ptII/ptolemy/actor/lib/test/auto/Router2.xml (RunModel)" time="3.027" />
  <testcase classname="ptolemy.util.test.junit.AutoTests" name="[321] /home/travis/build/icyphy/ptII/ptolemy/actor/lib/test/auto/RunningMaximum.xml (RunModel)" time="0.016" />
  <testcase classname="ptolemy.util.test.junit.AutoTests" name="[322] /home/travis/build/icyphy/ptII/ptolemy/actor/lib/test/auto/RunningMinimum.xml (RunModel)" time="0.017" />
  <testcase classname="ptolemy.util.test.junit.AutoTests" name="[323] /home/travis/build/icyphy/ptII/ptolemy/actor/lib/test/auto/Scale.xml (RunModel)" time="0.007" />
  <testcase classname="ptolemy.util.test.junit.AutoTests" name="[324] /home/travis/build/icyphy/ptII/ptolemy/actor/lib/test/auto/Scale2.xml (RunModel)" time="0.008" />
  <testcase classname="ptolemy.util.test.junit.AutoTests" name="[325] /home/travis/build/icyphy/ptII/ptolemy/actor/lib/test/auto/Scale3.xml (RunModel)" time="0.019" />
  <testcase classname="ptolemy.util.test.junit.AutoTests" name="[326] /home/travis/build/icyphy/ptII/ptolemy/actor/lib/test/auto/ScaleArray.xml (RunModel)" time="0.006" />
  <testcase classname="ptolemy.util.test.junit.AutoTests" name="[327] /home/travis/build/icyphy/ptII/ptolemy/actor/lib/test/auto/ScaleArray2.xml (RunModel)" time="0.006" />
  <testcase classname="ptolemy.util.test.junit.AutoTests" name="[328] /home/travis/build/icyphy/ptII/ptolemy/actor/lib/test/auto/ScaleMatrix.xml (RunModel)" time="0.17" />
  <testcase classname="ptolemy.util.test.junit.AutoTests" name="[329] /home/travis/build/icyphy/ptII/ptolemy/actor/lib/test/auto/Select.xml (RunModel)" time="0.014" />
  <testcase classname="ptolemy.util.test.junit.AutoTests" name="[330] /home/travis/build/icyphy/ptII/ptolemy/actor/lib/test/auto/Select2.xml (RunModel)" time="0.008" />
  <testcase classname="ptolemy.util.test.junit.AutoTests" name="[331] /home/travis/build/icyphy/ptII/ptolemy/actor/lib/test/auto/SequenceToArray2.xml (RunModel)" time="0.122" />
  <testcase classname="ptolemy.util.test.junit.AutoTests" name="[332] /home/travis/build/icyphy/ptII/ptolemy/actor/lib/test/auto/SequentialClock.xml (RunModel)" time="0.009" />
  <testcase classname="ptolemy.util.test.junit.AutoTests" name="[333] /home/travis/build/icyphy/ptII/ptolemy/actor/lib/test/auto/SetVariable.xml (RunModel)" time="0.01" />
  <testcase classname="ptolemy.util.test.junit.AutoTests" name="[334] /home/travis/build/icyphy/ptII/ptolemy/actor/lib/test/auto/SetVariable2.xml (RunModel)" time="0.011" />
  <testcase classname="ptolemy.util.test.junit.AutoTests" name="[335] /home/travis/build/icyphy/ptII/ptolemy/actor/lib/test/auto/SetVariable3.xml (RunModel)" time="0.018" />
  <testcase classname="ptolemy.util.test.junit.AutoTests" name="[336] /home/travis/build/icyphy/ptII/ptolemy/actor/lib/test/auto/SetVariable4.xml (RunModel)" time="0.03" />
  <testcase classname="ptolemy.util.test.junit.AutoTests" name="[337] /home/travis/build/icyphy/ptII/ptolemy/actor/lib/test/auto/SetVariable5.xml (RunModel)" time="0.035" />
  <testcase classname="ptolemy.util.test.junit.AutoTests" name="[338] /home/travis/build/icyphy/ptII/ptolemy/actor/lib/test/auto/Sinewave.xml (RunModel)" time="0.022" />
  <testcase classname="ptolemy.util.test.junit.AutoTests" name="[339] /home/travis/build/icyphy/ptII/ptolemy/actor/lib/test/auto/Sinewave2.xml (RunModel)" time="0.014" />
  <testcase classname="ptolemy.util.test.junit.AutoTests" name="[340] /home/travis/build/icyphy/ptII/ptolemy/actor/lib/test/auto/Sinewave3.xml (RunModel)" time="0.02" />
  <testcase classname="ptolemy.util.test.junit.AutoTests" name="[341] /home/travis/build/icyphy/ptII/ptolemy/actor/lib/test/auto/SingleEvent.xml (RunModel)" time="0.006" />
  <testcase classname="ptolemy.util.test.junit.AutoTests" name="[342] /home/travis/build/icyphy/ptII/ptolemy/actor/lib/test/auto/Sleep.xml (RunModel)" time="6.013" />
  <testcase classname="ptolemy.util.test.junit.AutoTests" name="[343] /home/travis/build/icyphy/ptII/ptolemy/actor/lib/test/auto/SleepMultipleFire.xml (RunModel)" time="1.032" />
  <testcase classname="ptolemy.util.test.junit.AutoTests" name="[344] /home/travis/build/icyphy/ptII/ptolemy/actor/lib/test/auto/StopDE.xml (RunModel)" time="0.013" />
  <testcase classname="ptolemy.util.test.junit.AutoTests" name="[345] /home/travis/build/icyphy/ptII/ptolemy/actor/lib/test/auto/StopSDF.xml (RunModel)" time="0.009" />
  <testcase classname="ptolemy.util.test.junit.AutoTests" name="[346] /home/travis/build/icyphy/ptII/ptolemy/actor/lib/test/auto/StringConstant.xml (RunModel)" time="0.016" />
  <testcase classname="ptolemy.util.test.junit.AutoTests" name="[347] /home/travis/build/icyphy/ptII/ptolemy/actor/lib/test/auto/SubscriberPortInitialValues1.xml (RunModel)" time="0.021" />
  <testcase classname="ptolemy.util.test.junit.AutoTests" name="[348] /home/travis/build/icyphy/ptII/ptolemy/actor/lib/test/auto/SubscriberPortInitialValues13.xml (RunModel)" time="0.027" />
  <testcase classname="ptolemy.util.test.junit.AutoTests" name="[349] /home/travis/build/icyphy/ptII/ptolemy/actor/lib/test/auto/SubscriberPortInitialValues14.xml (RunModel)" time="0.016" />
  <testcase classname="ptolemy.util.test.junit.AutoTests" name="[350] /home/travis/build/icyphy/ptII/ptolemy/actor/lib/test/auto/SubscriberPortInitialValues2.xml (RunModel)" time="0.014" />
  <testcase classname="ptolemy.util.test.junit.AutoTests" name="[351] /home/travis/build/icyphy/ptII/ptolemy/actor/lib/test/auto/SubscriberPortInitialValues3.xml (RunModel)" time="0.017" />
  <testcase classname="ptolemy.util.test.junit.AutoTests" name="[352] /home/travis/build/icyphy/ptII/ptolemy/actor/lib/test/auto/SubscriptionAggregator.xml (RunModel)" time="0.01" />
  <testcase classname="ptolemy.util.test.junit.AutoTests" name="[353] /home/travis/build/icyphy/ptII/ptolemy/actor/lib/test/auto/SubscriptionAggregator2.xml (RunModel)" time="0.011" />
  <testcase classname="ptolemy.util.test.junit.AutoTests" name="[354] /home/travis/build/icyphy/ptII/ptolemy/actor/lib/test/auto/SubscriptionAggregator3.xml (RunModel)" time="0.02" />
  <testcase classname="ptolemy.util.test.junit.AutoTests" name="[355] /home/travis/build/icyphy/ptII/ptolemy/actor/lib/test/auto/SubscriptionAggregatorMultiply.xml (RunModel)" time="0.022" />
  <testcase classname="ptolemy.util.test.junit.AutoTests" name="[356] /home/travis/build/icyphy/ptII/ptolemy/actor/lib/test/auto/SubscriptionAggregatorPortMultiply1.xml (RunModel)" time="0.016" />
  <testcase classname="ptolemy.util.test.junit.AutoTests" name="[357] /home/travis/build/icyphy/ptII/ptolemy/actor/lib/test/auto/Switch.xml (RunModel)" time="0.015" />
  <testcase classname="ptolemy.util.test.junit.AutoTests" name="[358] /home/travis/build/icyphy/ptII/ptolemy/actor/lib/test/auto/Switch2.xml (RunModel)" time="0.009" />
  <testcase classname="ptolemy.util.test.junit.AutoTests" name="[359] /home/travis/build/icyphy/ptII/ptolemy/actor/lib/test/auto/SwitchDE.xml (RunModel)" time="0.012" />
  <testcase classname="ptolemy.util.test.junit.AutoTests" name="[360] /home/travis/build/icyphy/ptII/ptolemy/actor/lib/test/auto/SynchronizerDE.xml (RunModel)" time="0.019" />
  <testcase classname="ptolemy.util.test.junit.AutoTests" name="[361] /home/travis/build/icyphy/ptII/ptolemy/actor/lib/test/auto/Test.xml (RunModel)" time="0.015" />
  <testcase classname="ptolemy.util.test.junit.AutoTests" name="[362] /home/travis/build/icyphy/ptII/ptolemy/actor/lib/test/auto/TestExceptionAttribute1.xml (RunModel)" time="0.007" />
  <testcase classname="ptolemy.util.test.junit.AutoTests" name="[363] /home/travis/build/icyphy/ptII/ptolemy/actor/lib/test/auto/TestExceptionAttribute2.xml (RunModel)" time="0.007" />
  <testcase classname="ptolemy.util.test.junit.AutoTests" name="[364] /home/travis/build/icyphy/ptII/ptolemy/actor/lib/test/auto/TestExceptionAttribute3.xml (RunModel)" time="0.005" />
  <testcase classname="ptolemy.util.test.junit.AutoTests" name="[365] /home/travis/build/icyphy/ptII/ptolemy/actor/lib/test/auto/TestExceptionAttribute4.xml (RunModel)" time="0.006" />
  <testcase classname="ptolemy.util.test.junit.AutoTests" name="[366] /home/travis/build/icyphy/ptII/ptolemy/actor/lib/test/auto/TestExceptionHandler1.xml (RunModel)" time="0.006" />
  <testcase classname="ptolemy.util.test.junit.AutoTests" name="[367] /home/travis/build/icyphy/ptII/ptolemy/actor/lib/test/auto/TestExceptionHandler2.xml (RunModel)" time="0.013" />
  <testcase classname="ptolemy.util.test.junit.AutoTests" name="[368] /home/travis/build/icyphy/ptII/ptolemy/actor/lib/test/auto/TestExceptionHandler3.xml (RunModel)" time="0.008" />
  <testcase classname="ptolemy.util.test.junit.AutoTests" name="[369] /home/travis/build/icyphy/ptII/ptolemy/actor/lib/test/auto/TestExceptionHandler4.xml (RunModel)" time="0.005" />
  <testcase classname="ptolemy.util.test.junit.AutoTests" name="[370] /home/travis/build/icyphy/ptII/ptolemy/actor/lib/test/auto/TestRequireCorrectOrder.xml (RunModel)" time="0.008" />
  <testcase classname="ptolemy.util.test.junit.AutoTests" name="[371] /home/travis/build/icyphy/ptII/ptolemy/actor/lib/test/auto/TestSimple.xml (RunModel)" time="0.009" />
  <testcase classname="ptolemy.util.test.junit.AutoTests" name="[372] /home/travis/build/icyphy/ptII/ptolemy/actor/lib/test/auto/ThrowModelError.xml (RunModel)" time="0.009" />
  <testcase classname="ptolemy.util.test.junit.AutoTests" name="[373] /home/travis/build/icyphy/ptII/ptolemy/actor/lib/test/auto/TimeDelayMicrosteps.xml (RunModel)" time="0.012" />
  <testcase classname="ptolemy.util.test.junit.AutoTests" name="[374] /home/travis/build/icyphy/ptII/ptolemy/actor/lib/test/auto/TimeDelayMicrosteps2.xml (RunModel)" time="0.015" />
  <testcase classname="ptolemy.util.test.junit.AutoTests" name="[375] /home/travis/build/icyphy/ptII/ptolemy/actor/lib/test/auto/TimeDelayMicrosteps3.xml (RunModel)" time="0.011" />
  <testcase classname="ptolemy.util.test.junit.AutoTests" name="[376] /home/travis/build/icyphy/ptII/ptolemy/actor/lib/test/auto/TimeDelayVariableMicrosteps.xml (RunModel)" time="0.013" />
  <testcase classname="ptolemy.util.test.junit.AutoTests" name="[377] /home/travis/build/icyphy/ptII/ptolemy/actor/lib/test/auto/TimeGap.xml (RunModel)" time="0.019" />
  <testcase classname="ptolemy.util.test.junit.AutoTests" name="[378] /home/travis/build/icyphy/ptII/ptolemy/actor/lib/test/auto/TimeGap2.xml (RunModel)" time="0.01" />
  <testcase classname="ptolemy.util.test.junit.AutoTests" name="[379] /home/travis/build/icyphy/ptII/ptolemy/actor/lib/test/auto/TimedSinewave.xml (RunModel)" time="0.061" />
  <testcase classname="ptolemy.util.test.junit.AutoTests" name="[380] /home/travis/build/icyphy/ptII/ptolemy/actor/lib/test/auto/TimedSinewavePhase.xml (RunModel)" time="0.037" />
  <testcase classname="ptolemy.util.test.junit.AutoTests" name="[381] /home/travis/build/icyphy/ptII/ptolemy/actor/lib/test/auto/Timer.xml (RunModel)" time="0.015" />
  <testcase classname="ptolemy.util.test.junit.AutoTests" name="[382] /home/travis/build/icyphy/ptII/ptolemy/actor/lib/test/auto/TriangularDistTestModel.xml (RunModel)" time="0.015" />
  <testcase classname="ptolemy.util.test.junit.AutoTests" name="[383] /home/travis/build/icyphy/ptII/ptolemy/actor/lib/test/auto/TrigFunction.xml (RunModel)" time="0.007" />
  <testcase classname="ptolemy.util.test.junit.AutoTests" name="[384] /home/travis/build/icyphy/ptII/ptolemy/actor/lib/test/auto/TrigFunctionDE.xml (RunModel)" time="0.009" />
  <testcase classname="ptolemy.util.test.junit.AutoTests" name="[385] /home/travis/build/icyphy/ptII/ptolemy/actor/lib/test/auto/TrigFunctionInverse.xml (RunModel)" time="0.008" />
  <testcase classname="ptolemy.util.test.junit.AutoTests" name="[386] /home/travis/build/icyphy/ptII/ptolemy/actor/lib/test/auto/TrigFunctionTan.xml (RunModel)" time="0.005" />
  <testcase classname="ptolemy.util.test.junit.AutoTests" name="[387] /home/travis/build/icyphy/ptII/ptolemy/actor/lib/test/auto/TriggeredClock.xml (RunModel)" time="0.008" />
  <testcase classname="ptolemy.util.test.junit.AutoTests" name="[388] /home/travis/build/icyphy/ptII/ptolemy/actor/lib/test/auto/URLDirectoryReader.xml (RunModel)" time="0.133" />
  <testcase classname="ptolemy.util.test.junit.AutoTests" name="[389] /home/travis/build/icyphy/ptII/ptolemy/actor/lib/test/auto/URLDirectoryReader3.xml (RunModel)" time="1.314" />
  <testcase classname="ptolemy.util.test.junit.AutoTests" name="[390] /home/travis/build/icyphy/ptII/ptolemy/actor/lib/test/auto/UnaryMathFunction.xml (RunModel)" time="0.024" />
  <testcase classname="ptolemy.util.test.junit.AutoTests" name="[391] /home/travis/build/icyphy/ptII/ptolemy/actor/lib/test/auto/Uniform.xml (RunModel)" time="0.009" />
  <testcase classname="ptolemy.util.test.junit.AutoTests" name="[392] /home/travis/build/icyphy/ptII/ptolemy/actor/lib/test/auto/UnionDisassemblerTest.xml (RunModel)" time="0.009" />
  <testcase classname="ptolemy.util.test.junit.AutoTests" name="[393] /home/travis/build/icyphy/ptII/ptolemy/actor/lib/test/auto/UtilityFunctions.xml (RunModel)" time="0.007" />
  <testcase classname="ptolemy.util.test.junit.AutoTests" name="[394] /home/travis/build/icyphy/ptII/ptolemy/actor/lib/test/auto/VariableSleep.xml (RunModel)" time="0.51" />
  <testcase classname="ptolemy.util.test.junit.AutoTests" name="[395] /home/travis/build/icyphy/ptII/ptolemy/actor/lib/test/auto/VectorAssemblerDisassemblerCT.xml (RunModel)" time="0.12" />
  <testcase classname="ptolemy.util.test.junit.AutoTests" name="[396] /home/travis/build/icyphy/ptII/ptolemy/actor/lib/test/auto/VectorAssemblerDisassemblerDE.xml (RunModel)" time="0.012" />
  <testcase classname="ptolemy.util.test.junit.AutoTests" name="[397] /home/travis/build/icyphy/ptII/ptolemy/actor/lib/test/auto/VectorAssemblerDisassemblerSDF.xml (RunModel)" time="0.011" />
  <testcase classname="ptolemy.util.test.junit.AutoTests" name="[398] /home/travis/build/icyphy/ptII/ptolemy/actor/lib/test/auto/WallClockTime.xml (RunModel)" time="1.018" />
  <testcase classname="ptolemy.util.test.junit.AutoTests" name="[399] /home/travis/build/icyphy/ptII/ptolemy/actor/lib/test/auto/WidthTestWithSubscriberPublisher.xml (RunModel)" time="0.042" />
  <testcase classname="ptolemy.util.test.junit.AutoTests" name="[400] /home/travis/build/icyphy/ptII/ptolemy/actor/lib/test/auto/WidthTestWithSubscriberPublisher2.xml (RunModel)" time="0.013" />
  <testcase classname="ptolemy.util.test.junit.AutoTests" name="[401] /home/travis/build/icyphy/ptII/ptolemy/actor/lib/test/auto/WidthTestWithSubscriberPublisher3.xml (RunModel)" time="0.01" />
  <testcase classname="ptolemy.util.test.junit.AutoTests" name="[402] /home/travis/build/icyphy/ptII/ptolemy/actor/lib/test/auto/Writer.xml (RunModel)" time="0.009" />
  <testcase classname="ptolemy.util.test.junit.AutoTests" name="[403] /home/travis/build/icyphy/ptII/ptolemy/actor/lib/test/auto/array.xml (RunModel)" time="0.008" />
  <testcase classname="ptolemy.util.test.junit.AutoTests" name="[404] /home/travis/build/icyphy/ptII/ptolemy/actor/lib/test/auto/array2.xml (RunModel)" time="0.011" />
  <testcase classname="ptolemy.util.test.junit.AutoTests" name="[405] /home/travis/build/icyphy/ptII/ptolemy/actor/lib/test/auto/arrayType.xml (RunModel)" time="0.009" />
  <testcase classname="ptolemy.util.test.junit.AutoTests" name="[406] /home/travis/build/icyphy/ptII/ptolemy/actor/lib/test/auto/arrayType10.xml (RunModel)" time="0.007" />
  <testcase classname="ptolemy.util.test.junit.AutoTests" name="[407] /home/travis/build/icyphy/ptII/ptolemy/actor/lib/test/auto/arrayType11.xml (RunModel)" time="0.007" />
  <testcase classname="ptolemy.util.test.junit.AutoTests" name="[408] /home/travis/build/icyphy/ptII/ptolemy/actor/lib/test/auto/arrayType12.xml (RunModel)" time="0.007" />
  <testcase classname="ptolemy.util.test.junit.AutoTests" name="[409] /home/travis/build/icyphy/ptII/ptolemy/actor/lib/test/auto/arrayType13.xml (RunModel)" time="0.008" />
  <testcase classname="ptolemy.util.test.junit.AutoTests" name="[410] /home/travis/build/icyphy/ptII/ptolemy/actor/lib/test/auto/arrayType14.xml (RunModel)" time="0.01" />
  <testcase classname="ptolemy.util.test.junit.AutoTests" name="[411] /home/travis/build/icyphy/ptII/ptolemy/actor/lib/test/auto/arrayType15.xml (RunModel)" time="0.008" />
  <testcase classname="ptolemy.util.test.junit.AutoTests" name="[412] /home/travis/build/icyphy/ptII/ptolemy/actor/lib/test/auto/arrayType16.xml (RunModel)" time="0.008" />
  <testcase classname="ptolemy.util.test.junit.AutoTests" name="[413] /home/travis/build/icyphy/ptII/ptolemy/actor/lib/test/auto/arrayType17.xml (RunModel)" time="0.007" />
  <testcase classname="ptolemy.util.test.junit.AutoTests" name="[414] /home/travis/build/icyphy/ptII/ptolemy/actor/lib/test/auto/arrayType18.xml (RunModel)" time="0.006" />
  <testcase classname="ptolemy.util.test.junit.AutoTests" name="[415] /home/travis/build/icyphy/ptII/ptolemy/actor/lib/test/auto/arrayType19.xml (RunModel)" time="0.007" />
  <testcase classname="ptolemy.util.test.junit.AutoTests" name="[416] /home/travis/build/icyphy/ptII/ptolemy/actor/lib/test/auto/arrayType2.xml (RunModel)" time="0.008" />
  <testcase classname="ptolemy.util.test.junit.AutoTests" name="[417] /home/travis/build/icyphy/ptII/ptolemy/actor/lib/test/auto/arrayType20.xml (RunModel)" time="0.008" />
  <testcase classname="ptolemy.util.test.junit.AutoTests" name="[418] /home/travis/build/icyphy/ptII/ptolemy/actor/lib/test/auto/arrayType21.xml (RunModel)" time="0.007" />
  <testcase classname="ptolemy.util.test.junit.AutoTests" name="[419] /home/travis/build/icyphy/ptII/ptolemy/actor/lib/test/auto/arrayType22.xml (RunModel)" time="0.008" />
  <testcase classname="ptolemy.util.test.junit.AutoTests" name="[420] /home/travis/build/icyphy/ptII/ptolemy/actor/lib/test/auto/arrayType23.xml (RunModel)" time="0.006" />
  <testcase classname="ptolemy.util.test.junit.AutoTests" name="[421] /home/travis/build/icyphy/ptII/ptolemy/actor/lib/test/auto/arrayType24.xml (RunModel)" time="0.007" />
  <testcase classname="ptolemy.util.test.junit.AutoTests" name="[422] /home/travis/build/icyphy/ptII/ptolemy/actor/lib/test/auto/arrayType25.xml (RunModel)" time="0.007" />
  <testcase classname="ptolemy.util.test.junit.AutoTests" name="[423] /home/travis/build/icyphy/ptII/ptolemy/actor/lib/test/auto/arrayType26.xml (RunModel)" time="0.007" />
  <testcase classname="ptolemy.util.test.junit.AutoTests" name="[424] /home/travis/build/icyphy/ptII/ptolemy/actor/lib/test/auto/arrayType27.xml (RunModel)" time="0.008" />
  <testcase classname="ptolemy.util.test.junit.AutoTests" name="[425] /home/travis/build/icyphy/ptII/ptolemy/actor/lib/test/auto/arrayType28.xml (RunModel)" time="0.009" />
  <testcase classname="ptolemy.util.test.junit.AutoTests" name="[426] /home/travis/build/icyphy/ptII/ptolemy/actor/lib/test/auto/arrayType3.xml (RunModel)" time="0.008" />
  <testcase classname="ptolemy.util.test.junit.AutoTests" name="[427] /home/travis/build/icyphy/ptII/ptolemy/actor/lib/test/auto/arrayType4.xml (RunModel)" time="0.008" />
  <testcase classname="ptolemy.util.test.junit.AutoTests" name="[428] /home/travis/build/icyphy/ptII/ptolemy/actor/lib/test/auto/arrayType5.xml (RunModel)" time="0.007" />
  <testcase classname="ptolemy.util.test.junit.AutoTests" name="[429] /home/travis/build/icyphy/ptII/ptolemy/actor/lib/test/auto/arrayType6.xml (RunModel)" time="0.007" />
  <testcase classname="ptolemy.util.test.junit.AutoTests" name="[430] /home/travis/build/icyphy/ptII/ptolemy/actor/lib/test/auto/arrayType7.xml (RunModel)" time="0.007" />
  <testcase classname="ptolemy.util.test.junit.AutoTests" name="[431] /home/travis/build/icyphy/ptII/ptolemy/actor/lib/test/auto/arrayType8.xml (RunModel)" time="0.025" />
  <testcase classname="ptolemy.util.test.junit.AutoTests" name="[432] /home/travis/build/icyphy/ptII/ptolemy/actor/lib/test/auto/arrayType9.xml (RunModel)" time="0.007" />
  <testcase classname="ptolemy.util.test.junit.AutoTests" name="[433] /home/travis/build/icyphy/ptII/ptolemy/actor/lib/test/auto/cast.xml (RunModel)" time="0.007" />
  <testcase classname="ptolemy.util.test.junit.AutoTests" name="[434] /home/travis/build/icyphy/ptII/ptolemy/actor/lib/test/auto/compositeMultiPort.xml (RunModel)" time="0.016" />
  <testcase classname="ptolemy.util.test.junit.AutoTests" name="[435] /home/travis/build/icyphy/ptII/ptolemy/actor/lib/test/auto/expressionCastInference.xml (RunModel)" time="0.007" />
  <testcase classname="ptolemy.util.test.junit.AutoTests" name="[436] /home/travis/build/icyphy/ptII/ptolemy/actor/lib/test/auto/expressionCastInference2.xml (RunModel)" time="0.006" />
  <testcase classname="ptolemy.util.test.junit.AutoTests" name="[437] /home/travis/build/icyphy/ptII/ptolemy/actor/lib/test/auto/expressionInference.xml (RunModel)" time="0.006" />
  <testcase classname="ptolemy.util.test.junit.AutoTests" name="[438] /home/travis/build/icyphy/ptII/ptolemy/actor/lib/test/auto/expression_bug.xml (RunModel)" time="0.006" />
  <testcase classname="ptolemy.util.test.junit.AutoTests" name="[439] /home/travis/build/icyphy/ptII/ptolemy/actor/lib/test/auto/factorial.xml (RunModel)" time="0.053" />
  <testcase classname="ptolemy.util.test.junit.AutoTests" name="[440] /home/travis/build/icyphy/ptII/ptolemy/actor/lib/test/auto/filterTest1.xml (RunModel)" time="0.012" />
  <testcase classname="ptolemy.util.test.junit.AutoTests" name="[441] /home/travis/build/icyphy/ptII/ptolemy/actor/lib/test/auto/funcApplyInConst.xml (RunModel)" time="0.008" />
  <testcase classname="ptolemy.util.test.junit.AutoTests" name="[442] /home/travis/build/icyphy/ptII/ptolemy/actor/lib/test/auto/funcApplyInExpr.xml (RunModel)" time="0.006" />
  <testcase classname="ptolemy.util.test.junit.AutoTests" name="[443] /home/travis/build/icyphy/ptII/ptolemy/actor/lib/test/auto/function.xml (RunModel)" time="0.013" />
  <testcase classname="ptolemy.util.test.junit.AutoTests" name="[444] /home/travis/build/icyphy/ptII/ptolemy/actor/lib/test/auto/function2.xml (RunModel)" time="0.008" />
  <testcase classname="ptolemy.util.test.junit.AutoTests" name="[445] /home/travis/build/icyphy/ptII/ptolemy/actor/lib/test/auto/function3.xml (RunModel)" time="0.007" />
  <testcase classname="ptolemy.util.test.junit.AutoTests" name="[446] /home/travis/build/icyphy/ptII/ptolemy/actor/lib/test/auto/functionClosureTest1.xml (RunModel)" time="0.009" />
  <testcase classname="ptolemy.util.test.junit.AutoTests" name="[447] /home/travis/build/icyphy/ptII/ptolemy/actor/lib/test/auto/functionClosureTest2.xml (RunModel)" time="0.006" />
  <testcase classname="ptolemy.util.test.junit.AutoTests" name="[448] /home/travis/build/icyphy/ptII/ptolemy/actor/lib/test/auto/functionClosureTest3.xml (RunModel)" time="0.009" />
  <testcase classname="ptolemy.util.test.junit.AutoTests" name="[449] /home/travis/build/icyphy/ptII/ptolemy/actor/lib/test/auto/functionClosureTest4.xml (RunModel)" time="0.013" />
  <testcase classname="ptolemy.util.test.junit.AutoTests" name="[450] /home/travis/build/icyphy/ptII/ptolemy/actor/lib/test/auto/functionClosureTest5.xml (RunModel)" time="0.014" />
  <testcase classname="ptolemy.util.test.junit.AutoTests" name="[451] /home/travis/build/icyphy/ptII/ptolemy/actor/lib/test/auto/functionClosureTest6.xml (RunModel)" time="0.007" />
  <testcase classname="ptolemy.util.test.junit.AutoTests" name="[452] /home/travis/build/icyphy/ptII/ptolemy/actor/lib/test/auto/functionsOnArcs.xml (RunModel)" time="0.008" />
  <testcase classname="ptolemy.util.test.junit.AutoTests" name="[453] /home/travis/build/icyphy/ptII/ptolemy/actor/lib/test/auto/functionsOnArcsHOF.xml (RunModel)" time="0.01" />
  <testcase classname="ptolemy.util.test.junit.AutoTests" name="[454] /home/travis/build/icyphy/ptII/ptolemy/actor/lib/test/auto/logic.xml (RunModel)" time="0.015" />
  <testcase classname="ptolemy.util.test.junit.AutoTests" name="[455] /home/travis/build/icyphy/ptII/ptolemy/actor/lib/test/auto/matrixType.xml (RunModel)" time="0.008" />
  <testcase classname="ptolemy.util.test.junit.AutoTests" name="[456] /home/travis/build/icyphy/ptII/ptolemy/actor/lib/test/auto/matrixType10.xml (RunModel)" time="0.051" />
  <testcase classname="ptolemy.util.test.junit.AutoTests" name="[457] /home/travis/build/icyphy/ptII/ptolemy/actor/lib/test/auto/matrixType11.xml (RunModel)" time="0.031" />
  <testcase classname="ptolemy.util.test.junit.AutoTests" name="[458] /home/travis/build/icyphy/ptII/ptolemy/actor/lib/test/auto/matrixType12.xml (RunModel)" time="0.031" />
  <testcase classname="ptolemy.util.test.junit.AutoTests" name="[459] /home/travis/build/icyphy/ptII/ptolemy/actor/lib/test/auto/matrixType13.xml (RunModel)" time="0.031" />
  <testcase classname="ptolemy.util.test.junit.AutoTests" name="[460] /home/travis/build/icyphy/ptII/ptolemy/actor/lib/test/auto/matrixType14.xml (RunModel)" time="0.027" />
  <testcase classname="ptolemy.util.test.junit.AutoTests" name="[461] /home/travis/build/icyphy/ptII/ptolemy/actor/lib/test/auto/matrixType2.xml (RunModel)" time="0.039" />
  <testcase classname="ptolemy.util.test.junit.AutoTests" name="[462] /home/travis/build/icyphy/ptII/ptolemy/actor/lib/test/auto/matrixType3.xml (RunModel)" time="0.009" />
  <testcase classname="ptolemy.util.test.junit.AutoTests" name="[463] /home/travis/build/icyphy/ptII/ptolemy/actor/lib/test/auto/matrixType4.xml (RunModel)" time="0.007" />
  <testcase classname="ptolemy.util.test.junit.AutoTests" name="[464] /home/travis/build/icyphy/ptII/ptolemy/actor/lib/test/auto/matrixType5.xml (RunModel)" time="0.006" />
  <testcase classname="ptolemy.util.test.junit.AutoTests" name="[465] /home/travis/build/icyphy/ptII/ptolemy/actor/lib/test/auto/matrixType6.xml (RunModel)" time="0.006" />
  <testcase classname="ptolemy.util.test.junit.AutoTests" name="[466] /home/travis/build/icyphy/ptII/ptolemy/actor/lib/test/auto/matrixType7.xml (RunModel)" time="0.007" />
  <testcase classname="ptolemy.util.test.junit.AutoTests" name="[467] /home/travis/build/icyphy/ptII/ptolemy/actor/lib/test/auto/matrixType8.xml (RunModel)" time="0.007" />
  <testcase classname="ptolemy.util.test.junit.AutoTests" name="[468] /home/travis/build/icyphy/ptII/ptolemy/actor/lib/test/auto/matrixType9.xml (RunModel)" time="0.007" />
  <testcase classname="ptolemy.util.test.junit.AutoTests" name="[469] /home/travis/build/icyphy/ptII/ptolemy/actor/lib/test/auto/paraFunctest.xml (RunModel)" time="0.006" />
  <testcase classname="ptolemy.util.test.junit.AutoTests" name="[470] /home/travis/build/icyphy/ptII/ptolemy/actor/lib/test/auto/paraFunctest2.xml (RunModel)" time="0.018" />
  <testcase classname="ptolemy.util.test.junit.AutoTests" name="[471] /home/travis/build/icyphy/ptII/ptolemy/actor/lib/test/auto/parameterPassing.xml (RunModel)" time="0.027" />
  <testcase classname="ptolemy.util.test.junit.AutoTests" name="[472] /home/travis/build/icyphy/ptII/ptolemy/actor/lib/test/auto/record.xml (RunModel)" time="0.008" />
  <testcase classname="ptolemy.util.test.junit.AutoTests" name="[473] /home/travis/build/icyphy/ptII/ptolemy/actor/lib/test/auto/sizedarray1.xml (RunModel)" time="0.008" />
  <testcase classname="ptolemy.util.test.junit.AutoTests" name="[474] /home/travis/build/icyphy/ptII/ptolemy/actor/lib/test/auto/sizedarray2.xml (RunModel)" time="0.009" />
  <testcase classname="ptolemy.util.test.junit.AutoTests" name="[475] /home/travis/build/icyphy/ptII/ptolemy/actor/lib/test/auto/twoPublishers.xml (RunModel)" time="0.021" />
  <system-out><![CDATA[/home/travis/build/icyphy/ptII/ptolemy/actor/lib/test/AbsoluteValue.tcl
testDefs.tcl: setting time out to 9000 seconds at Sun Jun 23 15:07:00 UTC 2019
114 ms. Memory: 120832K Free: 100241K (83%)
7 ms. Memory: 120832K Free: 98618K (82%)
5 ms. Memory: 120832K Free: 97870K (81%)
5 ms. Memory: 120832K Free: 97147K (80%)
/home/travis/build/icyphy/ptII/ptolemy/actor/lib/test/AddSubtract.tcl
9 ms. Memory: 120832K Free: 107803K (89%)
5 ms. Memory: 120832K Free: 106779K (88%)
6 ms. Memory: 120832K Free: 106342K (88%)
7 ms. Memory: 120832K Free: 105304K (87%)
59 ms. Memory: 120832K Free: 102260K (85%)
10 ms. Memory: 120832K Free: 101659K (84%)
/home/travis/build/icyphy/ptII/ptolemy/actor/lib/test/Average.tcl
14 ms. Memory: 120832K Free: 100168K (83%)
11 ms. Memory: 120832K Free: 98573K (82%)
/home/travis/build/icyphy/ptII/ptolemy/actor/lib/test/Bernoulli.tcl
8 ms. Memory: 120832K Free: 97118K (80%)
4 ms. Memory: 120832K Free: 96963K (80%)
/home/travis/build/icyphy/ptII/ptolemy/actor/lib/test/Clock.tcl
preinitializing
resolving types
initializing
executing number 1
wrapping up
idle
40 ms. Memory: 120832K Free: 94069K (78%)
Completed execution with 5 iterations
preinitializing
resolving types
initializing
executing number 1
wrapping up
idle
9 ms. Memory: 120832K Free: 93429K (77%)
Completed execution with 5 iterations
preinitializing
resolving types
initializing
executing number 1
wrapping up
idle
6 ms. Memory: 120832K Free: 92867K (77%)
Completed execution with 5 iterations
/home/travis/build/icyphy/ptII/ptolemy/actor/lib/test/Commutator.tcl
6 ms. Memory: 120832K Free: 90997K (75%)
6 ms. Memory: 120832K Free: 89795K (74%)


==== $PTII/ptolemy/actor/lib/test/Commutator.tcl: Commutator-4.1 run with mutations
==== Contents of test case:

    # Grab stdout and put it into results
    jdkCapture {
	$m addChangeListener  [java::new ptolemy.kernel.util.StreamChangeListener]

	set dir [$e0 getDirector]
	#	$dir addDebugListener  #		[java::new ptolemy.kernel.util.StreamListener]
	$m initialize
	$m iterate
	set c1 [java::new ptolemy.moml.MoMLChangeRequest $e0 $e0  {<deleteEntity name="ramp1"/>}]
	set c2 [java::new ptolemy.moml.MoMLChangeRequest $e0 $e0  {<deleteRelation name="r1"/>}]
	$e0 requestChange $c1
	$e0 requestChange $c2
	$m iterate
	$m wrapup
    } results
    # The MoML within <group> ...</group> comes 
    # from SDFScheduler._setBufferSize
    list $results  [enumToTokenValues [$rec getRecord 0]]

==== Result was:
{} {0 0 1}
---- Result should have been:
{StreamChangeRequest.changeExecuted(): <deleteEntity name="ramp1"/> succeeded
StreamChangeRequest.changeExecuted(): <deleteRelation name="r1"/> succeeded
StreamChangeRequest.changeExecuted(): Record firings per iteration succeeded
} {0 0 1}
---- Commutator-4.1 FAILED
19 ms. Memory: 171008K Free: 154461K (90%)
/home/travis/build/icyphy/ptII/ptolemy/actor/lib/test/Const.tcl
4 ms. Memory: 171008K Free: 152909K (89%)
2 ms. Memory: 171008K Free: 152413K (89%)
3 ms. Memory: 171008K Free: 151899K (89%)
6 ms. Memory: 171008K Free: 151389K (89%)
6 ms. Memory: 171008K Free: 150365K (88%)
29 ms. Memory: 171008K Free: 148827K (87%)
15 ms. Memory: 171008K Free: 147797K (86%)
3 ms. Memory: 171008K Free: 146765K (86%)
/home/travis/build/icyphy/ptII/ptolemy/actor/lib/test/CurrentTime.tcl
preinitializing
resolving types
initializing
executing number 1
wrapping up
idle
8 ms. Memory: 171008K Free: 145245K (85%)
Completed execution with 11 iterations
/home/travis/build/icyphy/ptII/ptolemy/actor/lib/test/DB.tcl
5 ms. Memory: 171008K Free: 143197K (84%)
2 ms. Memory: 171008K Free: 142683K (83%)
5 ms. Memory: 171008K Free: 142173K (83%)
/home/travis/build/icyphy/ptII/ptolemy/actor/lib/test/DiscreteRandomSource.tcl
preinitializing
resolving types
initializing
executing number 1
wrapping up
idle
10 ms. Memory: 171008K Free: 141149K (83%)
Completed execution with 4 iterations
preinitializing
resolving types
initializing
executing number 1
wrapping up
idle
3 ms. Memory: 171008K Free: 140635K (82%)
Completed execution with 4 iterations
preinitializing
resolving types
initializing
executing number 1
wrapping up
idle
3 ms. Memory: 171008K Free: 140125K (82%)
Completed execution with 4 iterations
preinitializing
resolving types
initializing
executing number 1
wrapping up
idle
12 ms. Memory: 171008K Free: 139536K (82%)
Completed execution with 4 iterations
preinitializing
resolving types
initializing
executing number 1
wrapping up
idle
4 ms. Memory: 171008K Free: 139101K (81%)
Completed execution with 4 iterations
/home/travis/build/icyphy/ptII/ptolemy/actor/lib/test/Distributor.tcl
11 ms. Memory: 171008K Free: 137557K (80%)
8 ms. Memory: 171008K Free: 136525K (80%)
StreamChangeRequest.changeExecuted(): <deleteEntity name="rec2"/> succeeded
StreamChangeRequest.changeExecuted(): <deleteRelation name="r2"/> succeeded
StreamChangeRequest.changeExecuted(): Record firings per iteration succeeded
11 ms. Memory: 171008K Free: 134139K (78%)
/home/travis/build/icyphy/ptII/ptolemy/actor/lib/test/Exit.tcl
Exit.tcl: this will print a message about Manager.exitAfterWrapup, which can be ignored.
9 ms. Memory: 171008K Free: 130909K (77%)
/home/travis/build/icyphy/ptII/ptolemy/actor/lib/test/Expression.tcl
14 ms. Memory: 171008K Free: 127323K (74%)
4 ms. Memory: 171008K Free: 126813K (74%)
3 ms. Memory: 171008K Free: 125789K (74%)
preinitializing
resolving types
initializing
20 ms. Memory: 171008K Free: 157028K (92%)
4 ms. Memory: 171008K Free: 156532K (92%)
2 ms. Memory: 171008K Free: 155508K (91%)
5 ms. Memory: 171008K Free: 154484K (90%)
4 ms. Memory: 171008K Free: 152940K (89%)
3 ms. Memory: 171008K Free: 151908K (89%)
/home/travis/build/icyphy/ptII/ptolemy/actor/lib/test/Gaussian.tcl
4 ms. Memory: 171008K Free: 150388K (88%)
sleeping 1 seconds: ....................................................................................................................................................................................................................................................................................................................................................................................................................................................................................................................................................................................................................................................................................................................................................................................................................................................................................................................................................................................................................................................................................................2 ms. Memory: 171008K Free: 145268K (85%)
2 ms. Memory: 171008K Free: 144244K (84%)
2 ms. Memory: 171008K Free: 143716K (84%)
2 ms. Memory: 171008K Free: 143220K (84%)
1 ms. Memory: 171008K Free: 142692K (83%)
/home/travis/build/icyphy/ptII/ptolemy/actor/lib/test/IIR.tcl
/home/travis/build/icyphy/ptII/ptolemy/actor/lib/test/Interpolator.tcl
4 ms. Memory: 171008K Free: 138610K (81%)
2 ms. Memory: 171008K Free: 138100K (81%)
2 ms. Memory: 171008K Free: 137572K (80%)
1 ms. Memory: 171008K Free: 137074K (80%)
3 ms. Memory: 171008K Free: 136052K (80%)
2 ms. Memory: 171008K Free: 135524K (79%)
3 ms. Memory: 171008K Free: 134500K (79%)
2 ms. Memory: 171008K Free: 133484K (78%)
2 ms. Memory: 171008K Free: 132980K (78%)
3 ms. Memory: 171008K Free: 131956K (77%)
/home/travis/build/icyphy/ptII/ptolemy/actor/lib/test/MathFunction.tcl
12 ms. Memory: 171008K Free: 129908K (76%)
14 ms. Memory: 171008K Free: 128884K (75%)
2 ms. Memory: 171008K Free: 127346K (74%)
10 ms. Memory: 171008K Free: 126836K (74%)
3 ms. Memory: 171008K Free: 125298K (73%)
13 ms. Memory: 171008K Free: 123764K (72%)
/home/travis/build/icyphy/ptII/ptolemy/actor/lib/test/Maximum.tcl
10 ms. Memory: 171008K Free: 121716K (71%)
2 ms. Memory: 171008K Free: 120692K (71%)
2 ms. Memory: 171008K Free: 120172K (70%)
2 ms. Memory: 171008K Free: 119668K (70%)
/home/travis/build/icyphy/ptII/ptolemy/actor/lib/test/Minimum.tcl
8 ms. Memory: 171008K Free: 117620K (69%)
2 ms. Memory: 171008K Free: 117106K (68%)
5 ms. Memory: 171008K Free: 116596K (68%)
4 ms. Memory: 171008K Free: 116068K (68%)
/home/travis/build/icyphy/ptII/ptolemy/actor/lib/test/MultiplyDivide.tcl
16 ms. Memory: 171008K Free: 114004K (67%)
11 ms. Memory: 171008K Free: 112996K (66%)
4 ms. Memory: 171008K Free: 112500K (66%)
6 ms. Memory: 171008K Free: 111972K (65%)
2 ms. Memory: 171008K Free: 110962K (65%)
/home/travis/build/icyphy/ptII/ptolemy/actor/lib/test/OrderedMerge.tcl
Connections changed on port: inputA
Connections changed on port: inputB
Connections changed on port: output
Connections changed on port: output
Connections changed on port: output
Connections changed on port: input
.top. Preinitializing ...
Invoking preinitialize():  .top.OrderedMerge
Called preinitialize()
Invoking preinitialize():  .top.Ramp
Called preinitialize()
Invoking preinitialize():  .top.Ramp2
Called preinitialize()
Invoking preinitialize():  .top.Test
Called preinitialize()
Connections changed on port: inputA
Connections changed on port: output
Connections changed on port: output
Connections changed on port: input
Connections changed on port: inputB
Connections changed on port: output
.top. Finished preinitialize().
Called initialize().
Invoking initialize():  .top.OrderedMerge
Initializing actor: .top.OrderedMerge
Adding a thread: .top.OrderedMerge
Invoking initialize():  .top.Ramp
Initializing actor: .top.Ramp
Adding a thread: .top.Ramp
Invoking initialize():  .top.Ramp2
Initializing actor: .top.Ramp2
Adding a thread: .top.Ramp2
Invoking initialize():  .top.Test
Initializing actor: .top.Test
Adding a thread: .top.Test
Called fire().
Checking for deadlock:
-- Starting thread.
Called initialize()
-- Starting thread.
Called initialize()
-- Starting thread.
Called prefire()
Called prefire()
Called fire()
Called initialize()
-- Starting thread.
Called initialize()
Called prefire()
Called fire()
Called prefire()
Called fire()
Called fire()
There are 0 Blocked actors, 0 Stopped actors, and 4 active threads.
Waiting for actors to stop.
Called postfire()
Called postfire()
Called prefire()
Called prefire()
Called fire()
Called fire()
Checking for deadlock:
Read input token from inputA with value 0.0
There are 1 Blocked actors, 0 Stopped actors, and 4 active threads.
Waiting for actors to stop.
Called postfire()
Called prefire()
Called fire()
Next port to read input from is inputB
Called postfire()
Called prefire()
Called fire()
Read input token from inputB with value 0.0
Sent output token with value 0.0
Next port to read input from is inputA
Called postfire()
Called prefire()
Called fire()
Read input token from inputA with value 1.0
Called postfire()
Called postfire()
Called prefire()
Called prefire()
Called fire()
Called fire()
Checking for deadlock:
There are 2 Blocked actors, 0 Stopped actors, and 4 active threads.
Waiting for actors to stop.
-- Read input: 0.0, which is expected to match: 0.0
Called prefire()
Called fire()
Sent output token with value 0.0
Next port to read input from is inputB
Called postfire()
Called prefire()
Called fire()
Read input token from inputB with value 1.5
Called postfire()
Called prefire()
Called fire()
Checking for deadlock:
There are 3 Blocked actors, 0 Stopped actors, and 4 active threads.
Waiting for actors to stop.
-- Read input: 0.0, which is expected to match: 0.0
Called prefire()
Called fire()
Sent output token with value 1.0
-- Read input: 1.0, which is expected to match: 1.0
Next port to read input from is inputA
Called postfire()
Called prefire()
Called prefire()
Called fire()
Called fire()
Read input token from inputA with value 2.0
Checking for deadlock:
There are 2 Blocked actors, 0 Stopped actors, and 4 active threads.
Waiting for actors to stop.
Sent output token with value 1.5
Next port to read input from is inputB
Called postfire()
Called prefire()
Called fire()
Read input token from inputB with value 3.0
Called postfire()
Called postfire()
Called prefire()
Called prefire()
Called fire()
Called fire()
Checking for deadlock:
There are 1 Blocked actors, 0 Stopped actors, and 4 active threads.
Waiting for actors to stop.
-- Read input: 1.5, which is expected to match: 1.5
Called prefire()
Called fire()
Checking for deadlock:
There are 2 Blocked actors, 0 Stopped actors, and 4 active threads.
Waiting for actors to stop.
Checking for deadlock:
There are 3 Blocked actors, 0 Stopped actors, and 4 active threads.
Waiting for actors to stop.
Sent output token with value 2.0
-- Read input: 2.0, which is expected to match: 2.0
Next port to read input from is inputA
Called postfire()
Called prefire()
Called prefire()
Called fire()
Checking for deadlock:
Called fire()
There are 2 Blocked actors, 0 Stopped actors, and 4 active threads.
Waiting for actors to stop.
Read input token from inputA with value 3.0
Called postfire()
Called prefire()
Called fire()
Sent output token with value 3.0
Next port to read input from is inputB
Called postfire()
Called prefire()
Called fire()
Read input token from inputB with value 4.5
Checking for deadlock:
There are 2 Blocked actors, 0 Stopped actors, and 4 active threads.
Waiting for actors to stop.
Called postfire()
Called prefire()
Called fire()
-- Read input: 3.0, which is expected to match: 3.0
Called prefire()
Called fire()
Checking for deadlock:
There are 3 Blocked actors, 0 Stopped actors, and 4 active threads.
Waiting for actors to stop.
Sent output token with value 3.0
Next port to read input from is inputA
Called postfire()
Called prefire()
Called fire()
Read input token from inputA with value 4.0
Checking for deadlock:
There are 2 Blocked actors, 0 Stopped actors, and 4 active threads.
Waiting for actors to stop.
-- Read input: 3.0, which is expected to match: 3.0
Called prefire()
Called fire()
Checking for deadlock:
Called postfire()
There are 2 Blocked actors, 0 Stopped actors, and 4 active threads.
Called prefire()
Waiting for actors to stop.
Called fire()
-- Read input: 4.0, which is expected to match: 4.0
Called prefire()
Called fire()
Past the end of training data. Read and discard all inputs.
Sent output token with value 4.0
Next port to read input from is inputA
Called postfire()
Called prefire()
Called fire()
Read input token from inputA with value 5.0
Sent output token with value 4.5
Next port to read input from is inputB
Called postfire()
Called prefire()
Called fire()
Read input token from inputB with value 6.0
Checking for deadlock:
There are 1 Blocked actors, 0 Stopped actors, and 4 active threads.
Waiting for actors to stop.
Called postfire()
Called prefire()
Called prefire()
Checking for deadlock:
Called fire()
Called fire()
Past the end of training data. Read and discard all inputs.
There are 0 Blocked actors, 0 Stopped actors, and 4 active threads.
Waiting for actors to stop.
Called postfire()
Called prefire()
Called fire()
Sent output token with value 5.0
Next port to read input from is inputA
Called postfire()
Called prefire()
Called fire()
Read input token from inputA with value 6.0
Checking for deadlock:
There are 2 Blocked actors, 0 Stopped actors, and 4 active threads.
Waiting for actors to stop.
Called postfire()
Called prefire()
Called fire()
Called prefire()
Called fire()
Past the end of training data. Read and discard all inputs.
Checking for deadlock:
There are 3 Blocked actors, 0 Stopped actors, and 4 active threads.
Waiting for actors to stop.
Sent output token with value 6.0
Next port to read input from is inputB
Called postfire()
Called prefire()
Called fire()
Read input token from inputB with value 7.5
Checking for deadlock:
There are 2 Blocked actors, 0 Stopped actors, and 4 active threads.
Waiting for actors to stop.
Called prefire()
Called fire()
Past the end of training data. Read and discard all inputs.
Called postfire()
Called prefire()
Called fire()
Checking for deadlock:
There are 3 Blocked actors, 0 Stopped actors, and 4 active threads.
Waiting for actors to stop.
Sent output token with value 6.0
Next port to read input from is inputA
Called postfire()
Called prefire()
Called fire()
Read input token from inputA with value 7.0
Checking for deadlock:
There are 2 Blocked actors, 0 Stopped actors, and 4 active threads.
Waiting for actors to stop.
Called prefire()
Called fire()
Past the end of training data. Read and discard all inputs.
Checking for deadlock:
There are 2 Blocked actors, 0 Stopped actors, and 4 active threads.
Waiting for actors to stop.
Called postfire()
Checking for deadlock:
Called prefire()
There are 1 Blocked actors, 0 Stopped actors, and 4 active threads.
Waiting for actors to stop.
Sent output token with value 7.0
Called prefire()
Next port to read input from is inputA
Called postfire()
Called fire()
Called prefire()
Called fire()
Called fire()
Past the end of training data. Read and discard all inputs.
Read input token from inputA with value 8.0
Sent output token with value 7.5
Next port to read input from is inputB
Called postfire()
Called prefire()
Called fire()
Read input token from inputB with value 9.0
Checking for deadlock:
There are 1 Blocked actors, 0 Stopped actors, and 4 active threads.
Waiting for actors to stop.
Called prefire()
Called fire()
Past the end of training data. Read and discard all inputs.
Called postfire()
Called prefire()
Called fire()
-- Thread wrapup() called.
Called wrapup()
Thread .top.Ramp is exiting.
-- Thread stopped.
Checking for deadlock:
There are 2 Blocked actors, 0 Stopped actors, and 3 active threads.
Waiting for actors to stop.
Sent output token with value 8.0
Called prefire()
Called fire()
Past the end of training data. Read and discard all inputs.
Next port to read input from is inputA
Called postfire()
Called prefire()
Called fire()
Read input token from inputA with value 9.0
Sent output token with value 9.0
Next port to read input from is inputB
Called postfire()
Called prefire()
Called fire()
Read input token from inputB with value 10.5
Checking for deadlock:
There are 1 Blocked actors, 0 Stopped actors, and 3 active threads.
Waiting for actors to stop.
Called prefire()
Called fire()
Past the end of training data. Read and discard all inputs.
Checking for deadlock:
There are 1 Blocked actors, 0 Stopped actors, and 3 active threads.
Waiting for actors to stop.
Called postfire()
Called prefire()
Called fire()
Sent output token with value 9.0
Called prefire()
Called fire()
Next port to read input from is inputA
Called postfire()
Past the end of training data. Read and discard all inputs.
Checking for deadlock:
There are 1 Blocked actors, 0 Stopped actors, and 3 active threads.
Waiting for actors to stop.
Called prefire()
Called fire()
Checking for deadlock:
There are 3 Blocked actors, 0 Stopped actors, and 3 active threads.
Actors have stopped.
Checking for deadlock:
There are 3 Blocked actors, 0 Stopped actors, and 3 active threads.
Deadlock detected.
Resolving Deadlock
Checking for deadlock:
There are 3 Blocked actors, 0 Stopped actors, and 3 active threads.
Artificial Deadlock - increasing queue capacity.
increasing the capacity of receiver ptolemy.actor.TypedIOPort {.top.OrderedMerge.inputB} to 2
-- Thread wrapup() called.
Called wrapup()
Director: Called postfire().
Thread .top.Ramp2 is exiting.
-- Thread stopped.
Called postfire().
_stopRequested = false
_stopFireRequested = false
Returning from postfire(): true
Called fire().
Checking for deadlock:
There are 2 Blocked actors, 0 Stopped actors, and 2 active threads.
Actors have stopped.
Checking for deadlock:
There are 2 Blocked actors, 0 Stopped actors, and 2 active threads.
Deadlock detected.
Resolving Deadlock
Checking for deadlock:
There are 2 Blocked actors, 0 Stopped actors, and 2 active threads.
Deadlock detected: no processes blocked on write, but some are blocked on read.
Called postfire().
_stopRequested = false
_stopFireRequested = false
Returning from postfire(): false
Finished deactivating branches.
Called wrapup().
-- Thread wrapup() called.
Called wrapup()
Thread .top.Test is exiting.
-- Thread stopped.
-- Blocked Receiver call threw TerminateProcessException.
-- Thread wrapup() called.
Called wrapup()
Thread .top.OrderedMerge is exiting.
-- Thread stopped.
-- Blocked Receiver call threw TerminateProcessException.
83 ms. Memory: 171008K Free: 106436K (62%)
.top. Preinitializing ...
Invoking preinitialize():  .top.OrderedMerge
Called preinitialize()
Invoking preinitialize():  .top.Ramp
Called preinitialize()
Invoking preinitialize():  .top.Ramp2
Called preinitialize()
Invoking preinitialize():  .top.Test
Called preinitialize()
.top. Finished preinitialize().
Called initialize().
Invoking initialize():  .top.OrderedMerge
Initializing actor: .top.OrderedMerge
Adding a thread: .top.OrderedMerge
Invoking initialize():  .top.Ramp
Initializing actor: .top.Ramp
Adding a thread: .top.Ramp
Invoking initialize():  .top.Ramp2
Initializing actor: .top.Ramp2
Adding a thread: .top.Ramp2
Invoking initialize():  .top.Test
Initializing actor: .top.Test
Adding a thread: .top.Test
-- Starting thread.
Called initialize()
Called prefire()
Called fire()
-- Starting thread.
Called initialize()
Called prefire()
Called fire()
Called postfire()
Called prefire()
Called fire()
-- Starting thread.
Called initialize()
Called prefire()
Called fire()
Called postfire()
Called prefire()
Called fire()
Called fire().
Checking for deadlock:
There are 3 Blocked actors, 0 Stopped actors, and 4 active threads.
Waiting for actors to stop.
-- Starting thread.
Called initialize()
Called prefire()
Called fire()
Checking for deadlock:
There are 2 Blocked actors, 0 Stopped actors, and 4 active threads.
Waiting for actors to stop.
Called postfire()
Called prefire()
Called fire()
Checking for deadlock:
There are 3 Blocked actors, 0 Stopped actors, and 4 active threads.
Waiting for actors to stop.
Read input token from inputA with value 0.0
Next port to read input from is inputB
Called postfire()
Called prefire()
Called fire()
Called postfire()
Called prefire()
Called fire()
Checking for deadlock:
There are 3 Blocked actors, 0 Stopped actors, and 4 active threads.
Waiting for actors to stop.
Read input token from inputB with value 0.0
-- Read input: 0.0, which is expected to match: 0.0
Called prefire()
Called fire()
Checking for deadlock:
There are 3 Blocked actors, 0 Stopped actors, and 4 active threads.
Waiting for actors to stop.
Sent output token with value 0.0
Next port to read input from is inputA
Called postfire()
Called prefire()
Called fire()
Checking for deadlock:
There are 2 Blocked actors, 0 Stopped actors, and 4 active threads.
Waiting for actors to stop.
Called postfire()
Called prefire()
Called fire()
Checking for deadlock:
There are 3 Blocked actors, 0 Stopped actors, and 4 active threads.
Waiting for actors to stop.
Read input token from inputA with value 1.0
Checking for deadlock:
There are 2 Blocked actors, 0 Stopped actors, and 4 active threads.
Waiting for actors to stop.
-- Read input: 0.0, which is expected to match: 0.0
Called prefire()
Called fire()
Checking for deadlock:
There are 3 Blocked actors, 0 Stopped actors, and 4 active threads.
Waiting for actors to stop.
Sent output token with value 0.0
Next port to read input from is inputB
Called postfire()
Called prefire()
Called fire()
Checking for deadlock:
There are 2 Blocked actors, 0 Stopped actors, and 4 active threads.
Waiting for actors to stop.
Called postfire()
Called prefire()
Called fire()
Checking for deadlock:
There are 3 Blocked actors, 0 Stopped actors, and 4 active threads.
Waiting for actors to stop.
Read input token from inputB with value 1.5
Checking for deadlock:
There are 2 Blocked actors, 0 Stopped actors, and 4 active threads.
Waiting for actors to stop.
-- Read input: 1.0, which is expected to match: 1.0
Called prefire()
Called fire()
Checking for deadlock:
There are 3 Blocked actors, 0 Stopped actors, and 4 active threads.
Waiting for actors to stop.
Sent output token with value 1.0
Next port to read input from is inputA
Called postfire()
Called prefire()
Called fire()
Checking for deadlock:
There are 2 Blocked actors, 0 Stopped actors, and 4 active threads.
Waiting for actors to stop.
Called postfire()
Called prefire()
Called fire()
Checking for deadlock:
There are 3 Blocked actors, 0 Stopped actors, and 4 active threads.
Waiting for actors to stop.
Read input token from inputA with value 2.0
Checking for deadlock:
There are 2 Blocked actors, 0 Stopped actors, and 4 active threads.
Waiting for actors to stop.
-- Read input: 1.5, which is expected to match: 1.5
Called prefire()
Called fire()
Checking for deadlock:
There are 3 Blocked actors, 0 Stopped actors, and 4 active threads.
Waiting for actors to stop.
Sent output token with value 1.5
Next port to read input from is inputB
Called postfire()
Called prefire()
Called fire()
Called postfire()
Called prefire()
Called fire()
Checking for deadlock:
There are 3 Blocked actors, 0 Stopped actors, and 4 active threads.
Waiting for actors to stop.
Read input token from inputB with value 3.0
-- Read input: 2.0, which is expected to match: 2.0
Called prefire()
Called fire()
Checking for deadlock:
There are 3 Blocked actors, 0 Stopped actors, and 4 active threads.
Waiting for actors to stop.
Sent output token with value 2.0
Next port to read input from is inputA
Called postfire()
Called prefire()
Called fire()
Called postfire()
Called prefire()
Called fire()
Checking for deadlock:
There are 3 Blocked actors, 0 Stopped actors, and 4 active threads.
Waiting for actors to stop.
Read input token from inputA with value 3.0
-- Read input: 3.0, which is expected to match: 3.0
Called prefire()
Called fire()
Checking for deadlock:
There are 3 Blocked actors, 0 Stopped actors, and 4 active threads.
Waiting for actors to stop.
Sent output token with value 3.0
Next port to read input from is inputB
Called postfire()
Called prefire()
Called fire()
Called postfire()
Called prefire()
Called fire()
Checking for deadlock:
There are 3 Blocked actors, 0 Stopped actors, and 4 active threads.
Waiting for actors to stop.
Read input token from inputB with value 4.5
-- Read input: 3.0, which is expected to match: 3.0
Called prefire()
Called fire()
Checking for deadlock:
There are 3 Blocked actors, 0 Stopped actors, and 4 active threads.
Waiting for actors to stop.
Sent output token with value 3.0
Next port to read input from is inputA
Called postfire()
Called prefire()
Called fire()
Checking for deadlock:
There are 2 Blocked actors, 0 Stopped actors, and 4 active threads.
Waiting for actors to stop.
Called postfire()
Called prefire()
Called fire()
Checking for deadlock:
There are 3 Blocked actors, 0 Stopped actors, and 4 active threads.
Waiting for actors to stop.
Read input token from inputA with value 4.0
Checking for deadlock:
There are 2 Blocked actors, 0 Stopped actors, and 4 active threads.
Waiting for actors to stop.
-- Read input: 4.0, which is expected to match: 4.0
Called prefire()
Called fire()
Past the end of training data. Read and discard all inputs.
Checking for deadlock:
There are 3 Blocked actors, 0 Stopped actors, and 4 active threads.
Waiting for actors to stop.
Sent output token with value 4.0
Next port to read input from is inputA
Called postfire()
Called prefire()
Called fire()
Checking for deadlock:
There are 2 Blocked actors, 0 Stopped actors, and 4 active threads.
Waiting for actors to stop.
Called postfire()
Called prefire()
Called fire()
Checking for deadlock:
There are 3 Blocked actors, 0 Stopped actors, and 4 active threads.
Waiting for actors to stop.
Read input token from inputA with value 5.0
Checking for deadlock:
There are 2 Blocked actors, 0 Stopped actors, and 4 active threads.
Waiting for actors to stop.
Called prefire()
Called fire()
Past the end of training data. Read and discard all inputs.
Checking for deadlock:
There are 3 Blocked actors, 0 Stopped actors, and 4 active threads.
Waiting for actors to stop.
Sent output token with value 4.5
Next port to read input from is inputB
Called postfire()
Called prefire()
Called fire()
Called postfire()
Called prefire()
Called fire()
Checking for deadlock:
There are 3 Blocked actors, 0 Stopped actors, and 4 active threads.
Waiting for actors to stop.
Read input token from inputB with value 6.0
Called prefire()
Called fire()
Past the end of training data. Read and discard all inputs.
Checking for deadlock:
There are 3 Blocked actors, 0 Stopped actors, and 4 active threads.
Waiting for actors to stop.
Sent output token with value 5.0
Next port to read input from is inputA
Called postfire()
Called prefire()
Called fire()
Checking for deadlock:
There are 2 Blocked actors, 0 Stopped actors, and 4 active threads.
Waiting for actors to stop.
Called postfire()
Called prefire()
Called fire()
Checking for deadlock:
There are 3 Blocked actors, 0 Stopped actors, and 4 active threads.
Waiting for actors to stop.
Read input token from inputA with value 6.0
Checking for deadlock:
There are 2 Blocked actors, 0 Stopped actors, and 4 active threads.
Waiting for actors to stop.
Called prefire()
Called fire()
Past the end of training data. Read and discard all inputs.
Checking for deadlock:
There are 3 Blocked actors, 0 Stopped actors, and 4 active threads.
Waiting for actors to stop.
Sent output token with value 6.0
Next port to read input from is inputB
Called postfire()
Called prefire()
Called fire()
Called postfire()
Called prefire()
Called fire()
Checking for deadlock:
There are 3 Blocked actors, 0 Stopped actors, and 4 active threads.
Waiting for actors to stop.
Read input token from inputB with value 7.5
Called prefire()
Called fire()
Past the end of training data. Read and discard all inputs.
Checking for deadlock:
There are 3 Blocked actors, 0 Stopped actors, and 4 active threads.
Waiting for actors to stop.
Sent output token with value 6.0
Next port to read input from is inputA
Called postfire()
Called prefire()
Called fire()
Checking for deadlock:
There are 2 Blocked actors, 0 Stopped actors, and 4 active threads.
Waiting for actors to stop.
Called postfire()
Called prefire()
Called fire()
Checking for deadlock:
There are 3 Blocked actors, 0 Stopped actors, and 4 active threads.
Waiting for actors to stop.
Read input token from inputA with value 7.0
Checking for deadlock:
There are 2 Blocked actors, 0 Stopped actors, and 4 active threads.
Waiting for actors to stop.
Called prefire()
Called fire()
Past the end of training data. Read and discard all inputs.
Checking for deadlock:
There are 3 Blocked actors, 0 Stopped actors, and 4 active threads.
Waiting for actors to stop.
Sent output token with value 7.0
Next port to read input from is inputA
Called postfire()
Called prefire()
Called fire()
Checking for deadlock:
There are 2 Blocked actors, 0 Stopped actors, and 4 active threads.
Waiting for actors to stop.
-- Thread wrapup() called.
Called wrapup()
Thread .top.Ramp is exiting.
-- Thread stopped.
Checking for deadlock:
There are 2 Blocked actors, 0 Stopped actors, and 3 active threads.
Waiting for actors to stop.
Read input token from inputA with value 8.0
Called prefire()
Called fire()
Past the end of training data. Read and discard all inputs.
Checking for deadlock:
There are 2 Blocked actors, 0 Stopped actors, and 3 active threads.
Waiting for actors to stop.
Sent output token with value 7.5
Next port to read input from is inputB
Called postfire()
Called prefire()
Called fire()
Checking for deadlock:
There are 1 Blocked actors, 0 Stopped actors, and 3 active threads.
Waiting for actors to stop.
Called postfire()
Called prefire()
Called fire()
Checking for deadlock:
There are 2 Blocked actors, 0 Stopped actors, and 3 active threads.
Waiting for actors to stop.
Read input token from inputB with value 9.0
Checking for deadlock:
There are 1 Blocked actors, 0 Stopped actors, and 3 active threads.
Waiting for actors to stop.
Called prefire()
Called fire()
Past the end of training data. Read and discard all inputs.
Checking for deadlock:
There are 2 Blocked actors, 0 Stopped actors, and 3 active threads.
Waiting for actors to stop.
Sent output token with value 8.0
Next port to read input from is inputA
Called postfire()
Called prefire()
Called fire()
Read input token from inputA with value 9.0
Called prefire()
Called fire()
Past the end of training data. Read and discard all inputs.
Checking for deadlock:
There are 2 Blocked actors, 0 Stopped actors, and 3 active threads.
Waiting for actors to stop.
Sent output token with value 9.0
Next port to read input from is inputB
Called postfire()
Called prefire()
Called fire()
Called postfire()
Called prefire()
Called fire()
Checking for deadlock:
There are 2 Blocked actors, 0 Stopped actors, and 3 active threads.
Waiting for actors to stop.
Read input token from inputB with value 10.5
Called prefire()
Called fire()
Past the end of training data. Read and discard all inputs.
Checking for deadlock:
There are 2 Blocked actors, 0 Stopped actors, and 3 active threads.
Waiting for actors to stop.
Sent output token with value 9.0
Next port to read input from is inputA
Called postfire()
Called prefire()
Called fire()
Checking for deadlock:
There are 3 Blocked actors, 0 Stopped actors, and 3 active threads.
Actors have stopped.
Checking for deadlock:
There are 3 Blocked actors, 0 Stopped actors, and 3 active threads.
Deadlock detected.
Resolving Deadlock
Checking for deadlock:
There are 3 Blocked actors, 0 Stopped actors, and 3 active threads.
Artificial Deadlock - increasing queue capacity.
increasing the capacity of receiver ptolemy.actor.TypedIOPort {.top.OrderedMerge.inputB} to 2
Director: Called postfire().
Called postfire().
_stopRequested = false
_stopFireRequested = false
Returning from postfire(): true
Called fire().
Checking for deadlock:
There are 2 Blocked actors, 0 Stopped actors, and 3 active threads.
Waiting for actors to stop.
-- Thread wrapup() called.
Called wrapup()
Thread .top.Ramp2 is exiting.
-- Thread stopped.
Checking for deadlock:
There are 2 Blocked actors, 0 Stopped actors, and 2 active threads.
Actors have stopped.
Checking for deadlock:
There are 2 Blocked actors, 0 Stopped actors, and 2 active threads.
Deadlock detected.
Resolving Deadlock
Checking for deadlock:
There are 2 Blocked actors, 0 Stopped actors, and 2 active threads.
Deadlock detected: no processes blocked on write, but some are blocked on read.
Called postfire().
_stopRequested = false
_stopFireRequested = false
Returning from postfire(): false
Finished deactivating branches.
Called wrapup().
-- Thread wrapup() called.
Called wrapup()
-- Thread wrapup() called.
Called wrapup()
Thread .top.Test is exiting.
-- Thread stopped.
-- Blocked Receiver call threw TerminateProcessException.
Thread .top.OrderedMerge is exiting.
-- Thread stopped.
-- Blocked Receiver call threw TerminateProcessException.
42 ms. Memory: 171008K Free: 104308K (61%)
/home/travis/build/icyphy/ptII/ptolemy/actor/lib/test/Publisher.tcl
20 ms. Memory: 171008K Free: 98164K (57%)
13 ms. Memory: 171008K Free: 93044K (54%)
5 ms. Memory: 171008K Free: 151928K (89%)
4 ms. Memory: 171008K Free: 151408K (89%)
2 ms. Memory: 171008K Free: 150360K (88%)
3 ms. Memory: 171008K Free: 149352K (87%)
2 ms. Memory: 171008K Free: 148856K (87%)
3 ms. Memory: 171008K Free: 147832K (86%)
20 ms. Memory: 171008K Free: 138102K (81%)
7 ms. Memory: 171008K Free: 134006K (78%)
4 ms. Memory: 171008K Free: 133496K (78%)
12 ms. Memory: 171008K Free: 130934K (77%)
6 ms. Memory: 171008K Free: 123766K (72%)
7 ms. Memory: 171008K Free: 114550K (67%)
6 ms. Memory: 171008K Free: 103286K (60%)
/home/travis/build/icyphy/ptII/ptolemy/actor/lib/test/Pulse.tcl
2 ms. Memory: 171008K Free: 118635K (69%)
1 ms. Memory: 171008K Free: 118107K (69%)
1 ms. Memory: 171008K Free: 117611K (69%)
1 ms. Memory: 171008K Free: 117091K (68%)
1 ms. Memory: 171008K Free: 116587K (68%)
6 ms. Memory: 171008K Free: 115563K (68%)
2 ms. Memory: 171008K Free: 114539K (67%)
1 ms. Memory: 171008K Free: 113515K (66%)
1 ms. Memory: 171008K Free: 112995K (66%)
/home/travis/build/icyphy/ptII/ptolemy/actor/lib/test/Ramp.tcl
3 ms. Memory: 171008K Free: 110953K (65%)
1 ms. Memory: 171008K Free: 110443K (65%)
1 ms. Memory: 171008K Free: 109419K (64%)
2 ms. Memory: 171008K Free: 108891K (64%)
3 ms. Memory: 171008K Free: 107867K (63%)
4 ms. Memory: 171008K Free: 107371K (63%)
7 ms. Memory: 171008K Free: 106347K (62%)
5 actors
8000 microseconds per iteration to create
13 ms. Memory: 171008K Free: 103713K (61%)
1 ms. Memory: 171008K Free: 102761K (60%)
2 ms. Memory: 171008K Free: 102251K (60%)
8 ms. Memory: 171008K Free: 101737K (59%)
50 actors
56000 microseconds per iteration to create
44 ms. Memory: 171008K Free: 85867K (50%)
13 ms. Memory: 171008K Free: 84843K (50%)
5 ms. Memory: 171008K Free: 83819K (49%)
5 ms. Memory: 171008K Free: 82795K (48%)
500 actors
1712000 microseconds per iteration to create
334 ms. Memory: 237568K Free: 192788K (81%)
44 ms. Memory: 237568K Free: 187654K (79%)
37 ms. Memory: 237568K Free: 182548K (77%)
36 ms. Memory: 237568K Free: 177414K (75%)
/home/travis/build/icyphy/ptII/ptolemy/actor/lib/test/RampContinuous.tcl
9 ms. Memory: 237568K Free: 175894K (74%)
/home/travis/build/icyphy/ptII/ptolemy/actor/lib/test/RecordAssembler.tcl
6 ms. Memory: 237568K Free: 174356K (73%)
5 ms. Memory: 237568K Free: 173332K (73%)
/home/travis/build/icyphy/ptII/ptolemy/actor/lib/test/RecordDisassembler.tcl
11 ms. Memory: 237568K Free: 171798K (72%)
4 ms. Memory: 237568K Free: 170774K (72%)
8 ms. Memory: 237568K Free: 169750K (71%)
/home/travis/build/icyphy/ptII/ptolemy/actor/lib/test/Scale.tcl
3 ms. Memory: 237568K Free: 168198K (71%)
2 ms. Memory: 237568K Free: 167158K (70%)
1 ms. Memory: 237568K Free: 166164K (70%)
8 ms. Memory: 237568K Free: 165654K (70%)
3 ms. Memory: 237568K Free: 164630K (69%)
/home/travis/build/icyphy/ptII/ptolemy/actor/lib/test/SequentialClock.tcl
preinitializing
resolving types
initializing
executing number 1
wrapping up
idle
5 ms. Memory: 237568K Free: 163606K (69%)
Completed execution with 5 iterations
preinitializing
resolving types
initializing
executing number 1
wrapping up
idle
2 ms. Memory: 237568K Free: 163092K (69%)
Completed execution with 5 iterations
preinitializing
resolving types
initializing
executing number 1
wrapping up
idle
1 ms. Memory: 237568K Free: 162582K (68%)
Completed execution with 5 iterations
/home/travis/build/icyphy/ptII/ptolemy/actor/lib/test/SetVariable.tcl
3 ms. Memory: 237568K Free: 160534K (68%)


==== $PTII/ptolemy/actor/lib/test/SetVariable.tcl: SetVariable-3.1 changeFailed
==== Contents of test case:

    #Uses 2.1 above
    jdkCaptureErr {
        # This test was failing if we ran Exit.tcl and then this test.
        # MessageHandler.error() now actually throws the Exception.
	catch {$setVariable changeFailed [java::null]  [java::new Exception {Test exception for SetVariable.changeFailed()}]} errMsg
    } results
    list [string range $results 0 89] "\n" $errMsg

==== Result was:
{java.lang.Exception: Test exception for SetVariable.changeFailed()
	at java.base/jdk.inter} {
} {java.lang.RuntimeException: java.lang.Exception: Test exception for SetVariable.changeFailed()}
---- Result should have been:
{java.lang.Exception: Test exception for SetVariable.changeFailed()
	at sun.reflect.NativeC} {
} {java.lang.RuntimeException: java.lang.Exception: Test exception for SetVariable.changeFailed()}
---- SetVariable-3.1 FAILED
/home/travis/build/icyphy/ptII/ptolemy/actor/lib/test/Sinewave.tcl
/home/travis/build/icyphy/ptII/ptolemy/actor/lib/test/SubscriptionAggregator.tcl
10 ms. Memory: 237568K Free: 148756K (63%)
2 ms. Memory: 237568K Free: 148246K (62%)
1 ms. Memory: 237568K Free: 147718K (62%)
1 ms. Memory: 237568K Free: 147222K (62%)
2 ms. Memory: 237568K Free: 144150K (61%)
9 ms. Memory: 237568K Free: 141588K (60%)
...............................................................1013 ms. Memory: 396288K Free: 346550K (87%)
/home/travis/build/icyphy/ptII/ptolemy/actor/lib/test/Test.tcl
 The next command will produce a warning about training mode,
   which may be ignored.
5 ms. Memory: 396288K Free: 344504K (87%)
3 ms. Memory: 396288K Free: 343480K (87%)
1 ms. Memory: 396288K Free: 342951K (87%)
1 ms. Memory: 396288K Free: 342456K (86%)
1 ms. Memory: 396288K Free: 341911K (86%)
2 ms. Memory: 396288K Free: 340408K (86%)
2 ms. Memory: 396288K Free: 339384K (86%)
 The next command will produce a warning about training mode,
   which may be ignored.
3 ms. Memory: 396288K Free: 336807K (85%)
 The next command will produce a warning about training mode,
   which may be ignored.
2 ms. Memory: 396288K Free: 335767K (85%)
1 ms. Memory: 396288K Free: 335288K (85%)
1 ms. Memory: 396288K Free: 334759K (84%)
1 ms. Memory: 396288K Free: 334264K (84%)
6 ms. Memory: 396288K Free: 333240K (84%)
3 ms. Memory: 396288K Free: 329647K (83%)
/home/travis/build/icyphy/ptII/ptolemy/actor/lib/test/TestExceptionHandler.tcl
 The next command will produce a warning about training mode,
   which may be ignored.
3 ms. Memory: 396288K Free: 328120K (83%)
1 ms. Memory: 396288K Free: 327591K (83%)
1 ms. Memory: 396288K Free: 327096K (83%)
/home/travis/build/icyphy/ptII/ptolemy/actor/lib/test/UnionDisassembler.tcl
13 ms. Memory: 396288K Free: 319928K (81%)
/home/travis/build/icyphy/ptII/ptolemy/actor/lib/test/VariableClock.tcl
preinitializing
resolving types
initializing
executing number 1
wrapping up
idle
4 ms. Memory: 396288K Free: 317880K (80%)
Completed execution with 11 iterations
preinitializing
resolving types
initializing
executing number 1
wrapping up
idle
3 ms. Memory: 396288K Free: 316856K (80%)
Completed execution with 10 iterations
06/23/19 03:07:08
Failed: 2  Total Tests: 234  ((Passed: 232, Newly Passed: 0)  Known Failed: 0) /home/travis/build/icyphy/ptII/ptolemy/actor/lib/test
----------------- testing (KnownFailure) /home/travis/build/icyphy/ptII/ptolemy/actor/lib/test/auto/knownFailedTests/PublisherPortToplevelSubscriber.xml
0 ms. Memory: 396288K Free: 313270K (79%)
Known Failure: java.lang.reflect.InvocationTargetException
----------------- testing (KnownFailure) /home/travis/build/icyphy/ptII/ptolemy/actor/lib/test/auto/knownFailedTests/PublisherSubscriberPortToplevel.xml
1 ms. Memory: 396288K Free: 309174K (78%)
Known Failure: java.lang.reflect.InvocationTargetException
----------------- testing (KnownFailure) /home/travis/build/icyphy/ptII/ptolemy/actor/lib/test/auto/knownFailedTests/PublisherSubscriptionAggregatorPort.xml
1 ms. Memory: 396288K Free: 305078K (77%)
Known Failure: java.lang.reflect.InvocationTargetException
----------------- testing (KnownFailure) /home/travis/build/icyphy/ptII/ptolemy/actor/lib/test/auto/knownFailedTests/sizedarray3.xml
5 ms. Memory: 396288K Free: 300472K (76%)
Known Failure: java.lang.reflect.InvocationTargetException
No auto/linux-amd64/*.xml tests in /home/travis/build/icyphy/ptII/ptolemy/actor/lib/test
AutoTests.java: About to close Vertx.
AutoTests.java: Vertx closed.

===========================================================================================
----------------- testing Sun Jun 23 15:07:08 UTC 2019 /home/travis/build/icyphy/ptII/ptolemy/actor/lib/test/auto/AbsoluteValue.xml
----------------- Instantiating /home/travis/build/icyphy/ptII/ptolemy/actor/lib/test/auto/AbsoluteValue.xml
5 ms. Memory: 396288K Free: 277944K (70%)
----------------- Invoking toplevel() on ptolemy.moml.MoMLSimpleApplication@349ba809
----------------- Done invoking toplevel() on ptolemy.moml.MoMLSimpleApplication@349ba809
reloadAllAccessors: .AbsoluteValue

===========================================================================================
----------------- testing Sun Jun 23 15:07:09 UTC 2019 /home/travis/build/icyphy/ptII/ptolemy/actor/lib/test/auto/AbsoluteValue2.xml
----------------- Instantiating /home/travis/build/icyphy/ptII/ptolemy/actor/lib/test/auto/AbsoluteValue2.xml
4 ms. Memory: 396288K Free: 271286K (68%)
----------------- Invoking toplevel() on ptolemy.moml.MoMLSimpleApplication@6c036b8e
----------------- Done invoking toplevel() on ptolemy.moml.MoMLSimpleApplication@6c036b8e
reloadAllAccessors: .AbsoluteValue2

===========================================================================================
----------------- testing Sun Jun 23 15:07:09 UTC 2019 /home/travis/build/icyphy/ptII/ptolemy/actor/lib/test/auto/Accumulator.xml
----------------- Instantiating /home/travis/build/icyphy/ptII/ptolemy/actor/lib/test/auto/Accumulator.xml
6 ms. Memory: 396288K Free: 264632K (67%)
----------------- Invoking toplevel() on ptolemy.moml.MoMLSimpleApplication@74f66423
----------------- Done invoking toplevel() on ptolemy.moml.MoMLSimpleApplication@74f66423
reloadAllAccessors: .Accumulator

===========================================================================================
----------------- testing Sun Jun 23 15:07:09 UTC 2019 /home/travis/build/icyphy/ptII/ptolemy/actor/lib/test/auto/Accumulator2.xml
----------------- Instantiating /home/travis/build/icyphy/ptII/ptolemy/actor/lib/test/auto/Accumulator2.xml
3 ms. Memory: 396288K Free: 259512K (65%)
----------------- Invoking toplevel() on ptolemy.moml.MoMLSimpleApplication@60f9a8a9
----------------- Done invoking toplevel() on ptolemy.moml.MoMLSimpleApplication@60f9a8a9
reloadAllAccessors: .Accumulator2

===========================================================================================
----------------- testing Sun Jun 23 15:07:09 UTC 2019 /home/travis/build/icyphy/ptII/ptolemy/actor/lib/test/auto/Accumulator3.xml
----------------- Instantiating /home/travis/build/icyphy/ptII/ptolemy/actor/lib/test/auto/Accumulator3.xml
2 ms. Memory: 396288K Free: 254902K (64%)
----------------- Invoking toplevel() on ptolemy.moml.MoMLSimpleApplication@383bc9b7
----------------- Done invoking toplevel() on ptolemy.moml.MoMLSimpleApplication@383bc9b7
reloadAllAccessors: .Accumulator3

===========================================================================================
----------------- testing Sun Jun 23 15:07:09 UTC 2019 /home/travis/build/icyphy/ptII/ptolemy/actor/lib/test/auto/ArrayAppend.xml
----------------- Instantiating /home/travis/build/icyphy/ptII/ptolemy/actor/lib/test/auto/ArrayAppend.xml
9 ms. Memory: 396288K Free: 249272K (63%)
----------------- Invoking toplevel() on ptolemy.moml.MoMLSimpleApplication@c429255
----------------- Done invoking toplevel() on ptolemy.moml.MoMLSimpleApplication@c429255
reloadAllAccessors: .ArrayAppend

===========================================================================================
----------------- testing Sun Jun 23 15:07:09 UTC 2019 /home/travis/build/icyphy/ptII/ptolemy/actor/lib/test/auto/ArrayAppend2.xml
----------------- Instantiating /home/travis/build/icyphy/ptII/ptolemy/actor/lib/test/auto/ArrayAppend2.xml
346 ms. Memory: 396288K Free: 167352K (42%)
----------------- Invoking toplevel() on ptolemy.moml.MoMLSimpleApplication@1e567e34
----------------- Done invoking toplevel() on ptolemy.moml.MoMLSimpleApplication@1e567e34
reloadAllAccessors: .ArrayAppend2

===========================================================================================
----------------- testing Sun Jun 23 15:07:09 UTC 2019 /home/travis/build/icyphy/ptII/ptolemy/actor/lib/test/auto/ArrayAppend3.xml
----------------- Instantiating /home/travis/build/icyphy/ptII/ptolemy/actor/lib/test/auto/ArrayAppend3.xml
6 ms. Memory: 396288K Free: 161718K (41%)
----------------- Invoking toplevel() on ptolemy.moml.MoMLSimpleApplication@294c1ad1
----------------- Done invoking toplevel() on ptolemy.moml.MoMLSimpleApplication@294c1ad1
reloadAllAccessors: .ArrayAppend3

===========================================================================================
----------------- testing Sun Jun 23 15:07:09 UTC 2019 /home/travis/build/icyphy/ptII/ptolemy/actor/lib/test/auto/ArrayAppend4.xml
----------------- Instantiating /home/travis/build/icyphy/ptII/ptolemy/actor/lib/test/auto/ArrayAppend4.xml
3 ms. Memory: 396288K Free: 156598K (40%)
----------------- Invoking toplevel() on ptolemy.moml.MoMLSimpleApplication@504ec58d
----------------- Done invoking toplevel() on ptolemy.moml.MoMLSimpleApplication@504ec58d
reloadAllAccessors: .ArrayAppend4

===========================================================================================
----------------- testing Sun Jun 23 15:07:09 UTC 2019 /home/travis/build/icyphy/ptII/ptolemy/actor/lib/test/auto/ArrayAppend5.xml
----------------- Instantiating /home/travis/build/icyphy/ptII/ptolemy/actor/lib/test/auto/ArrayAppend5.xml
5 ms. Memory: 396288K Free: 151478K (38%)
----------------- Invoking toplevel() on ptolemy.moml.MoMLSimpleApplication@40bb9ea3
----------------- Done invoking toplevel() on ptolemy.moml.MoMLSimpleApplication@40bb9ea3
reloadAllAccessors: .ArrayAppend5

===========================================================================================
----------------- testing Sun Jun 23 15:07:09 UTC 2019 /home/travis/build/icyphy/ptII/ptolemy/actor/lib/test/auto/ArrayAppend6.xml
----------------- Instantiating /home/travis/build/icyphy/ptII/ptolemy/actor/lib/test/auto/ArrayAppend6.xml
2 ms. Memory: 396288K Free: 146358K (37%)
----------------- Invoking toplevel() on ptolemy.moml.MoMLSimpleApplication@370e708b
----------------- Done invoking toplevel() on ptolemy.moml.MoMLSimpleApplication@370e708b
reloadAllAccessors: .ArrayAppend6

===========================================================================================
----------------- testing Sun Jun 23 15:07:09 UTC 2019 /home/travis/build/icyphy/ptII/ptolemy/actor/lib/test/auto/ArrayAppendPerformanceTest.xml
----------------- Instantiating /home/travis/build/icyphy/ptII/ptolemy/actor/lib/test/auto/ArrayAppendPerformanceTest.xml
110 ms. Memory: 396288K Free: 346700K (87%)
----------------- Invoking toplevel() on ptolemy.moml.MoMLSimpleApplication@3287e78b
----------------- Done invoking toplevel() on ptolemy.moml.MoMLSimpleApplication@3287e78b
reloadAllAccessors: .ArrayAppendPerformanceTest

===========================================================================================
----------------- testing Sun Jun 23 15:07:10 UTC 2019 /home/travis/build/icyphy/ptII/ptolemy/actor/lib/test/auto/ArrayAppendWithEmptyInput.xml
----------------- Instantiating /home/travis/build/icyphy/ptII/ptolemy/actor/lib/test/auto/ArrayAppendWithEmptyInput.xml
8 ms. Memory: 396288K Free: 338306K (85%)
----------------- Invoking toplevel() on ptolemy.moml.MoMLSimpleApplication@2a6e7812
----------------- Done invoking toplevel() on ptolemy.moml.MoMLSimpleApplication@2a6e7812
reloadAllAccessors: .ArrayAppendWithEmptyInput

===========================================================================================
----------------- testing Sun Jun 23 15:07:10 UTC 2019 /home/travis/build/icyphy/ptII/ptolemy/actor/lib/test/auto/ArrayAverage.xml
----------------- Instantiating /home/travis/build/icyphy/ptII/ptolemy/actor/lib/test/auto/ArrayAverage.xml
5 ms. Memory: 396288K Free: 330114K (83%)
----------------- Invoking toplevel() on ptolemy.moml.MoMLSimpleApplication@237ca7a5
----------------- Done invoking toplevel() on ptolemy.moml.MoMLSimpleApplication@237ca7a5
reloadAllAccessors: .ArrayAverage

===========================================================================================
----------------- testing Sun Jun 23 15:07:10 UTC 2019 /home/travis/build/icyphy/ptII/ptolemy/actor/lib/test/auto/ArrayContains.xml
----------------- Instantiating /home/travis/build/icyphy/ptII/ptolemy/actor/lib/test/auto/ArrayContains.xml
11 ms. Memory: 396288K Free: 324484K (82%)
----------------- Invoking toplevel() on ptolemy.moml.MoMLSimpleApplication@359e7a57
----------------- Done invoking toplevel() on ptolemy.moml.MoMLSimpleApplication@359e7a57
reloadAllAccessors: .ArrayContains

===========================================================================================
----------------- testing Sun Jun 23 15:07:10 UTC 2019 /home/travis/build/icyphy/ptII/ptolemy/actor/lib/test/auto/ArrayElement.xml
----------------- Instantiating /home/travis/build/icyphy/ptII/ptolemy/actor/lib/test/auto/ArrayElement.xml
5 ms. Memory: 396288K Free: 318819K (80%)
----------------- Invoking toplevel() on ptolemy.moml.MoMLSimpleApplication@5a4f1fe9
----------------- Done invoking toplevel() on ptolemy.moml.MoMLSimpleApplication@5a4f1fe9
reloadAllAccessors: .ArrayElement

===========================================================================================
----------------- testing Sun Jun 23 15:07:10 UTC 2019 /home/travis/build/icyphy/ptII/ptolemy/actor/lib/test/auto/ArrayElementAsMatrix.xml
----------------- Instantiating /home/travis/build/icyphy/ptII/ptolemy/actor/lib/test/auto/ArrayElementAsMatrix.xml
13 ms. Memory: 396288K Free: 309124K (78%)
----------------- Invoking toplevel() on ptolemy.moml.MoMLSimpleApplication@1200c32b
----------------- Done invoking toplevel() on ptolemy.moml.MoMLSimpleApplication@1200c32b
reloadAllAccessors: .ArrayElementAsMatrix

===========================================================================================
----------------- testing Sun Jun 23 15:07:10 UTC 2019 /home/travis/build/icyphy/ptII/ptolemy/actor/lib/test/auto/ArrayElementI.xml
----------------- Instantiating /home/travis/build/icyphy/ptII/ptolemy/actor/lib/test/auto/ArrayElementI.xml
3 ms. Memory: 396288K Free: 304499K (77%)
----------------- Invoking toplevel() on ptolemy.moml.MoMLSimpleApplication@233bc739
----------------- Done invoking toplevel() on ptolemy.moml.MoMLSimpleApplication@233bc739
reloadAllAccessors: .ArrayElementI

===========================================================================================
----------------- testing Sun Jun 23 15:07:10 UTC 2019 /home/travis/build/icyphy/ptII/ptolemy/actor/lib/test/auto/ArrayExtract.xml
----------------- Instantiating /home/travis/build/icyphy/ptII/ptolemy/actor/lib/test/auto/ArrayExtract.xml
9 ms. Memory: 396288K Free: 295812K (75%)
----------------- Invoking toplevel() on ptolemy.moml.MoMLSimpleApplication@765c39b2
----------------- Done invoking toplevel() on ptolemy.moml.MoMLSimpleApplication@765c39b2
reloadAllAccessors: .ArrayExtract

===========================================================================================
----------------- testing Sun Jun 23 15:07:10 UTC 2019 /home/travis/build/icyphy/ptII/ptolemy/actor/lib/test/auto/ArrayExtract2.xml
----------------- Instantiating /home/travis/build/icyphy/ptII/ptolemy/actor/lib/test/auto/ArrayExtract2.xml
4 ms. Memory: 396288K Free: 290692K (73%)
----------------- Invoking toplevel() on ptolemy.moml.MoMLSimpleApplication@34903394
----------------- Done invoking toplevel() on ptolemy.moml.MoMLSimpleApplication@34903394
reloadAllAccessors: .ArrayExtract2

===========================================================================================
----------------- testing Sun Jun 23 15:07:10 UTC 2019 /home/travis/build/icyphy/ptII/ptolemy/actor/lib/test/auto/ArrayLength.xml
----------------- Instantiating /home/travis/build/icyphy/ptII/ptolemy/actor/lib/test/auto/ArrayLength.xml
2 ms. Memory: 396288K Free: 286596K (72%)
----------------- Invoking toplevel() on ptolemy.moml.MoMLSimpleApplication@24aea443
----------------- Done invoking toplevel() on ptolemy.moml.MoMLSimpleApplication@24aea443
reloadAllAccessors: .ArrayLength

===========================================================================================
----------------- testing Sun Jun 23 15:07:10 UTC 2019 /home/travis/build/icyphy/ptII/ptolemy/actor/lib/test/auto/ArrayLevelCrossing.xml
----------------- Instantiating /home/travis/build/icyphy/ptII/ptolemy/actor/lib/test/auto/ArrayLevelCrossing.xml
4 ms. Memory: 396288K Free: 278914K (70%)
----------------- Invoking toplevel() on ptolemy.moml.MoMLSimpleApplication@459a18e
----------------- Done invoking toplevel() on ptolemy.moml.MoMLSimpleApplication@459a18e
reloadAllAccessors: .ArrayLevelCrossing

===========================================================================================
----------------- testing Sun Jun 23 15:07:10 UTC 2019 /home/travis/build/icyphy/ptII/ptolemy/actor/lib/test/auto/ArrayLevelCrossing2.xml
----------------- Instantiating /home/travis/build/icyphy/ptII/ptolemy/actor/lib/test/auto/ArrayLevelCrossing2.xml
3 ms. Memory: 396288K Free: 271731K (69%)
----------------- Invoking toplevel() on ptolemy.moml.MoMLSimpleApplication@5102086
----------------- Done invoking toplevel() on ptolemy.moml.MoMLSimpleApplication@5102086
reloadAllAccessors: .ArrayLevelCrossing2

===========================================================================================
----------------- testing Sun Jun 23 15:07:10 UTC 2019 /home/travis/build/icyphy/ptII/ptolemy/actor/lib/test/auto/ArrayPeakSearch.xml
----------------- Instantiating /home/travis/build/icyphy/ptII/ptolemy/actor/lib/test/auto/ArrayPeakSearch.xml
6 ms. Memory: 396288K Free: 263044K (66%)
----------------- Invoking toplevel() on ptolemy.moml.MoMLSimpleApplication@179335ac
----------------- Done invoking toplevel() on ptolemy.moml.MoMLSimpleApplication@179335ac
reloadAllAccessors: .ArrayPeakSearch

===========================================================================================
----------------- testing Sun Jun 23 15:07:10 UTC 2019 /home/travis/build/icyphy/ptII/ptolemy/actor/lib/test/auto/ArrayPeakSearch2.xml
----------------- Instantiating /home/travis/build/icyphy/ptII/ptolemy/actor/lib/test/auto/ArrayPeakSearch2.xml
5 ms. Memory: 396288K Free: 252275K (64%)
----------------- Invoking toplevel() on ptolemy.moml.MoMLSimpleApplication@62e7691e
----------------- Done invoking toplevel() on ptolemy.moml.MoMLSimpleApplication@62e7691e
reloadAllAccessors: .ArrayPeakSearch2

===========================================================================================
----------------- testing Sun Jun 23 15:07:10 UTC 2019 /home/travis/build/icyphy/ptII/ptolemy/actor/lib/test/auto/ArrayPeakSearch3.xml
----------------- Instantiating /home/travis/build/icyphy/ptII/ptolemy/actor/lib/test/auto/ArrayPeakSearch3.xml
5 ms. Memory: 396288K Free: 243588K (61%)
----------------- Invoking toplevel() on ptolemy.moml.MoMLSimpleApplication@547259f6
----------------- Done invoking toplevel() on ptolemy.moml.MoMLSimpleApplication@547259f6
reloadAllAccessors: .ArrayPeakSearch3

===========================================================================================
----------------- testing Sun Jun 23 15:07:10 UTC 2019 /home/travis/build/icyphy/ptII/ptolemy/actor/lib/test/auto/ArrayRemoveElement.xml
----------------- Instantiating /home/travis/build/icyphy/ptII/ptolemy/actor/lib/test/auto/ArrayRemoveElement.xml
5 ms. Memory: 396288K Free: 235396K (59%)
----------------- Invoking toplevel() on ptolemy.moml.MoMLSimpleApplication@553fb1c6
----------------- Done invoking toplevel() on ptolemy.moml.MoMLSimpleApplication@553fb1c6
reloadAllAccessors: .ArrayRemoveElement

===========================================================================================
----------------- testing Sun Jun 23 15:07:10 UTC 2019 /home/travis/build/icyphy/ptII/ptolemy/actor/lib/test/auto/ArraySort.xml
----------------- Instantiating /home/travis/build/icyphy/ptII/ptolemy/actor/lib/test/auto/ArraySort.xml
9 ms. Memory: 396288K Free: 226690K (57%)
----------------- Invoking toplevel() on ptolemy.moml.MoMLSimpleApplication@72f5be2f
----------------- Done invoking toplevel() on ptolemy.moml.MoMLSimpleApplication@72f5be2f
reloadAllAccessors: .ArraySort

===========================================================================================
----------------- testing Sun Jun 23 15:07:10 UTC 2019 /home/travis/build/icyphy/ptII/ptolemy/actor/lib/test/auto/ArraySum.xml
----------------- Instantiating /home/travis/build/icyphy/ptII/ptolemy/actor/lib/test/auto/ArraySum.xml
5 ms. Memory: 396288K Free: 221060K (56%)
----------------- Invoking toplevel() on ptolemy.moml.MoMLSimpleApplication@759670f1
----------------- Done invoking toplevel() on ptolemy.moml.MoMLSimpleApplication@759670f1
reloadAllAccessors: .ArraySum

===========================================================================================
----------------- testing Sun Jun 23 15:07:10 UTC 2019 /home/travis/build/icyphy/ptII/ptolemy/actor/lib/test/auto/ArrayToElements.xml
----------------- Instantiating /home/travis/build/icyphy/ptII/ptolemy/actor/lib/test/auto/ArrayToElements.xml
6 ms. Memory: 396288K Free: 215940K (54%)
----------------- Invoking toplevel() on ptolemy.moml.MoMLSimpleApplication@83dc7e
----------------- Done invoking toplevel() on ptolemy.moml.MoMLSimpleApplication@83dc7e
reloadAllAccessors: .ArrayToElements

===========================================================================================
----------------- testing Sun Jun 23 15:07:10 UTC 2019 /home/travis/build/icyphy/ptII/ptolemy/actor/lib/test/auto/ArrayToMatrix.xml
----------------- Instantiating /home/travis/build/icyphy/ptII/ptolemy/actor/lib/test/auto/ArrayToMatrix.xml
12 ms. Memory: 396288K Free: 201604K (51%)
----------------- Invoking toplevel() on ptolemy.moml.MoMLSimpleApplication@3bf4db0b
----------------- Done invoking toplevel() on ptolemy.moml.MoMLSimpleApplication@3bf4db0b
reloadAllAccessors: .ArrayToMatrix

===========================================================================================
----------------- testing Sun Jun 23 15:07:10 UTC 2019 /home/travis/build/icyphy/ptII/ptolemy/actor/lib/test/auto/ArrayUpdate1.xml
----------------- Instantiating /home/travis/build/icyphy/ptII/ptolemy/actor/lib/test/auto/ArrayUpdate1.xml
2 ms. Memory: 396288K Free: 196994K (50%)
----------------- Invoking toplevel() on ptolemy.moml.MoMLSimpleApplication@6408caf1
----------------- Done invoking toplevel() on ptolemy.moml.MoMLSimpleApplication@6408caf1
reloadAllAccessors: .ArrayUpdate1

===========================================================================================
----------------- testing Sun Jun 23 15:07:10 UTC 2019 /home/travis/build/icyphy/ptII/ptolemy/actor/lib/test/auto/ArrayUpdate2.xml
----------------- Instantiating /home/travis/build/icyphy/ptII/ptolemy/actor/lib/test/auto/ArrayUpdate2.xml
12 ms. Memory: 396288K Free: 190340K (48%)
----------------- Invoking toplevel() on ptolemy.moml.MoMLSimpleApplication@1ec7634b
----------------- Done invoking toplevel() on ptolemy.moml.MoMLSimpleApplication@1ec7634b
reloadAllAccessors: .ArrayUpdate2

===========================================================================================
----------------- testing Sun Jun 23 15:07:10 UTC 2019 /home/travis/build/icyphy/ptII/ptolemy/actor/lib/test/auto/ArrayUpdate3.xml
----------------- Instantiating /home/travis/build/icyphy/ptII/ptolemy/actor/lib/test/auto/ArrayUpdate3.xml
11 ms. Memory: 396288K Free: 185730K (47%)
----------------- Invoking toplevel() on ptolemy.moml.MoMLSimpleApplication@76432259
----------------- Done invoking toplevel() on ptolemy.moml.MoMLSimpleApplication@76432259
reloadAllAccessors: .ArrayUpdate3

===========================================================================================
----------------- testing Sun Jun 23 15:07:10 UTC 2019 /home/travis/build/icyphy/ptII/ptolemy/actor/lib/test/auto/Assert1.xml
----------------- Instantiating /home/travis/build/icyphy/ptII/ptolemy/actor/lib/test/auto/Assert1.xml
4 ms. Memory: 396288K Free: 181124K (46%)
----------------- Invoking toplevel() on ptolemy.moml.MoMLSimpleApplication@597f6be1
----------------- Done invoking toplevel() on ptolemy.moml.MoMLSimpleApplication@597f6be1
reloadAllAccessors: .Assert1

===========================================================================================
----------------- testing Sun Jun 23 15:07:10 UTC 2019 /home/travis/build/icyphy/ptII/ptolemy/actor/lib/test/auto/Assert2.xml
----------------- Instantiating /home/travis/build/icyphy/ptII/ptolemy/actor/lib/test/auto/Assert2.xml
2 ms. Memory: 396288K Free: 176514K (45%)
----------------- Invoking toplevel() on ptolemy.moml.MoMLSimpleApplication@4323e8a1
----------------- Done invoking toplevel() on ptolemy.moml.MoMLSimpleApplication@4323e8a1
reloadAllAccessors: .Assert2

===========================================================================================
----------------- testing Sun Jun 23 15:07:10 UTC 2019 /home/travis/build/icyphy/ptII/ptolemy/actor/lib/test/auto/BooleanMultiplexor.xml
----------------- Instantiating /home/travis/build/icyphy/ptII/ptolemy/actor/lib/test/auto/BooleanMultiplexor.xml
2 ms. Memory: 396288K Free: 170884K (43%)
----------------- Invoking toplevel() on ptolemy.moml.MoMLSimpleApplication@270c08cf
----------------- Done invoking toplevel() on ptolemy.moml.MoMLSimpleApplication@270c08cf
reloadAllAccessors: .BooleanMultiplexor

===========================================================================================
----------------- testing Sun Jun 23 15:07:10 UTC 2019 /home/travis/build/icyphy/ptII/ptolemy/actor/lib/test/auto/BooleanMultiplexor2.xml
----------------- Instantiating /home/travis/build/icyphy/ptII/ptolemy/actor/lib/test/auto/BooleanMultiplexor2.xml
13 ms. Memory: 396288K Free: 164740K (42%)
----------------- Invoking toplevel() on ptolemy.moml.MoMLSimpleApplication@65329a28
----------------- Done invoking toplevel() on ptolemy.moml.MoMLSimpleApplication@65329a28
reloadAllAccessors: .BooleanMultiplexor2

===========================================================================================
----------------- testing Sun Jun 23 15:07:10 UTC 2019 /home/travis/build/icyphy/ptII/ptolemy/actor/lib/test/auto/BooleanMultiplexor3.xml
----------------- Instantiating /home/travis/build/icyphy/ptII/ptolemy/actor/lib/test/auto/BooleanMultiplexor3.xml
4 ms. Memory: 396288K Free: 160644K (41%)
----------------- Invoking toplevel() on ptolemy.moml.MoMLSimpleApplication@404e548a
----------------- Done invoking toplevel() on ptolemy.moml.MoMLSimpleApplication@404e548a
reloadAllAccessors: .BooleanMultiplexor3

===========================================================================================
----------------- testing Sun Jun 23 15:07:10 UTC 2019 /home/travis/build/icyphy/ptII/ptolemy/actor/lib/test/auto/BooleanSelect.xml
----------------- Instantiating /home/travis/build/icyphy/ptII/ptolemy/actor/lib/test/auto/BooleanSelect.xml
6 ms. Memory: 396288K Free: 154995K (39%)
----------------- Invoking toplevel() on ptolemy.moml.MoMLSimpleApplication@58da426e
----------------- Done invoking toplevel() on ptolemy.moml.MoMLSimpleApplication@58da426e
reloadAllAccessors: .BooleanSelect

===========================================================================================
----------------- testing Sun Jun 23 15:07:10 UTC 2019 /home/travis/build/icyphy/ptII/ptolemy/actor/lib/test/auto/BooleanSelect2.xml
----------------- Instantiating /home/travis/build/icyphy/ptII/ptolemy/actor/lib/test/auto/BooleanSelect2.xml
3 ms. Memory: 396288K Free: 150404K (38%)
----------------- Invoking toplevel() on ptolemy.moml.MoMLSimpleApplication@501d79
----------------- Done invoking toplevel() on ptolemy.moml.MoMLSimpleApplication@501d79
reloadAllAccessors: .BooleanSelect2

===========================================================================================
----------------- testing Sun Jun 23 15:07:10 UTC 2019 /home/travis/build/icyphy/ptII/ptolemy/actor/lib/test/auto/BooleanSwitch.xml
----------------- Instantiating /home/travis/build/icyphy/ptII/ptolemy/actor/lib/test/auto/BooleanSwitch.xml
5 ms. Memory: 396288K Free: 144770K (37%)
----------------- Invoking toplevel() on ptolemy.moml.MoMLSimpleApplication@72a8ac7b
----------------- Done invoking toplevel() on ptolemy.moml.MoMLSimpleApplication@72a8ac7b
reloadAllAccessors: .BooleanSwitch

===========================================================================================
----------------- testing Sun Jun 23 15:07:10 UTC 2019 /home/travis/build/icyphy/ptII/ptolemy/actor/lib/test/auto/BooleanSwitch2.xml
----------------- Instantiating /home/travis/build/icyphy/ptII/ptolemy/actor/lib/test/auto/BooleanSwitch2.xml
2 ms. Memory: 396288K Free: 140164K (35%)
----------------- Invoking toplevel() on ptolemy.moml.MoMLSimpleApplication@a23a432
----------------- Done invoking toplevel() on ptolemy.moml.MoMLSimpleApplication@a23a432
reloadAllAccessors: .BooleanSwitch2

===========================================================================================
----------------- testing Sun Jun 23 15:07:11 UTC 2019 /home/travis/build/icyphy/ptII/ptolemy/actor/lib/test/auto/BooleanSwitchCloningBugWithClassRelationGroup.xml
----------------- Instantiating /home/travis/build/icyphy/ptII/ptolemy/actor/lib/test/auto/BooleanSwitchCloningBugWithClassRelationGroup.xml
4 ms. Memory: 396288K Free: 134020K (34%)
----------------- Invoking toplevel() on ptolemy.moml.MoMLSimpleApplication@61d224ac
----------------- Done invoking toplevel() on ptolemy.moml.MoMLSimpleApplication@61d224ac
reloadAllAccessors: .BooleanSwitchCloningBugWithClassRelationGroup

===========================================================================================
----------------- testing Sun Jun 23 15:07:11 UTC 2019 /home/travis/build/icyphy/ptII/ptolemy/actor/lib/test/auto/BusActors.xml
----------------- Instantiating /home/travis/build/icyphy/ptII/ptolemy/actor/lib/test/auto/BusActors.xml
7 ms. Memory: 396288K Free: 125828K (32%)
----------------- Invoking toplevel() on ptolemy.moml.MoMLSimpleApplication@3726b510
----------------- Done invoking toplevel() on ptolemy.moml.MoMLSimpleApplication@3726b510
reloadAllAccessors: .BusActors

===========================================================================================
----------------- testing Sun Jun 23 15:07:11 UTC 2019 /home/travis/build/icyphy/ptII/ptolemy/actor/lib/test/auto/ClassWrapper.xml
----------------- Instantiating /home/travis/build/icyphy/ptII/ptolemy/actor/lib/test/auto/ClassWrapper.xml
4 ms. Memory: 396288K Free: 121732K (31%)
----------------- Invoking toplevel() on ptolemy.moml.MoMLSimpleApplication@1f13dd34
----------------- Done invoking toplevel() on ptolemy.moml.MoMLSimpleApplication@1f13dd34
reloadAllAccessors: .ClassWrapper

===========================================================================================
----------------- testing Sun Jun 23 15:07:11 UTC 2019 /home/travis/build/icyphy/ptII/ptolemy/actor/lib/test/auto/Clock.xml
----------------- Instantiating /home/travis/build/icyphy/ptII/ptolemy/actor/lib/test/auto/Clock.xml
1 ms. Memory: 396288K Free: 348753K (88%)
----------------- Invoking toplevel() on ptolemy.moml.MoMLSimpleApplication@26916349
----------------- Done invoking toplevel() on ptolemy.moml.MoMLSimpleApplication@26916349
reloadAllAccessors: .Clock

===========================================================================================
----------------- testing Sun Jun 23 15:07:11 UTC 2019 /home/travis/build/icyphy/ptII/ptolemy/actor/lib/test/auto/Clock10.xml
----------------- Instantiating /home/travis/build/icyphy/ptII/ptolemy/actor/lib/test/auto/Clock10.xml
3 ms. Memory: 396288K Free: 342404K (86%)
----------------- Invoking toplevel() on ptolemy.moml.MoMLSimpleApplication@71be32fe
----------------- Done invoking toplevel() on ptolemy.moml.MoMLSimpleApplication@71be32fe
reloadAllAccessors: .Clock10

===========================================================================================
----------------- testing Sun Jun 23 15:07:11 UTC 2019 /home/travis/build/icyphy/ptII/ptolemy/actor/lib/test/auto/Clock11.xml
----------------- Instantiating /home/travis/build/icyphy/ptII/ptolemy/actor/lib/test/auto/Clock11.xml
8 ms. Memory: 396288K Free: 336770K (85%)
----------------- Invoking toplevel() on ptolemy.moml.MoMLSimpleApplication@3c51264
----------------- Done invoking toplevel() on ptolemy.moml.MoMLSimpleApplication@3c51264
reloadAllAccessors: .Clock11

===========================================================================================
----------------- testing Sun Jun 23 15:07:11 UTC 2019 /home/travis/build/icyphy/ptII/ptolemy/actor/lib/test/auto/Clock12.xml
----------------- Instantiating /home/travis/build/icyphy/ptII/ptolemy/actor/lib/test/auto/Clock12.xml
2 ms. Memory: 396288K Free: 330626K (83%)
----------------- Invoking toplevel() on ptolemy.moml.MoMLSimpleApplication@2585d893
----------------- Done invoking toplevel() on ptolemy.moml.MoMLSimpleApplication@2585d893
reloadAllAccessors: .Clock12

===========================================================================================
----------------- testing Sun Jun 23 15:07:11 UTC 2019 /home/travis/build/icyphy/ptII/ptolemy/actor/lib/test/auto/Clock13.xml
----------------- Instantiating /home/travis/build/icyphy/ptII/ptolemy/actor/lib/test/auto/Clock13.xml
2 ms. Memory: 396288K Free: 324996K (82%)
----------------- Invoking toplevel() on ptolemy.moml.MoMLSimpleApplication@54979ac0
----------------- Done invoking toplevel() on ptolemy.moml.MoMLSimpleApplication@54979ac0
reloadAllAccessors: .Clock13

===========================================================================================
----------------- testing Sun Jun 23 15:07:11 UTC 2019 /home/travis/build/icyphy/ptII/ptolemy/actor/lib/test/auto/Clock14.xml
----------------- Instantiating /home/travis/build/icyphy/ptII/ptolemy/actor/lib/test/auto/Clock14.xml
7 ms. Memory: 396288K Free: 318852K (80%)
----------------- Invoking toplevel() on ptolemy.moml.MoMLSimpleApplication@7ee9b8e7
----------------- Done invoking toplevel() on ptolemy.moml.MoMLSimpleApplication@7ee9b8e7
reloadAllAccessors: .Clock14

===========================================================================================
----------------- testing Sun Jun 23 15:07:11 UTC 2019 /home/travis/build/icyphy/ptII/ptolemy/actor/lib/test/auto/Clock15.xml
----------------- Instantiating /home/travis/build/icyphy/ptII/ptolemy/actor/lib/test/auto/Clock15.xml
3 ms. Memory: 396288K Free: 313187K (79%)
----------------- Invoking toplevel() on ptolemy.moml.MoMLSimpleApplication@582e87d9
----------------- Done invoking toplevel() on ptolemy.moml.MoMLSimpleApplication@582e87d9
reloadAllAccessors: .Clock15

===========================================================================================
----------------- testing Sun Jun 23 15:07:11 UTC 2019 /home/travis/build/icyphy/ptII/ptolemy/actor/lib/test/auto/Clock16.xml
----------------- Instantiating /home/travis/build/icyphy/ptII/ptolemy/actor/lib/test/auto/Clock16.xml
38 ms. Memory: 396288K Free: 297858K (75%)
----------------- Invoking toplevel() on ptolemy.moml.MoMLSimpleApplication@38291bab
----------------- Done invoking toplevel() on ptolemy.moml.MoMLSimpleApplication@38291bab
reloadAllAccessors: .Clock16

===========================================================================================
----------------- testing Sun Jun 23 15:07:11 UTC 2019 /home/travis/build/icyphy/ptII/ptolemy/actor/lib/test/auto/Clock17.xml
----------------- Instantiating /home/travis/build/icyphy/ptII/ptolemy/actor/lib/test/auto/Clock17.xml
24 ms. Memory: 396288K Free: 283507K (72%)
----------------- Invoking toplevel() on ptolemy.moml.MoMLSimpleApplication@c73ef97
----------------- Done invoking toplevel() on ptolemy.moml.MoMLSimpleApplication@c73ef97
reloadAllAccessors: .Clock17

===========================================================================================
----------------- testing Sun Jun 23 15:07:11 UTC 2019 /home/travis/build/icyphy/ptII/ptolemy/actor/lib/test/auto/Clock18.xml
----------------- Instantiating /home/travis/build/icyphy/ptII/ptolemy/actor/lib/test/auto/Clock18.xml
21 ms. Memory: 396288K Free: 270724K (68%)
----------------- Invoking toplevel() on ptolemy.moml.MoMLSimpleApplication@546359ae
----------------- Done invoking toplevel() on ptolemy.moml.MoMLSimpleApplication@546359ae
reloadAllAccessors: .Clock18

===========================================================================================
----------------- testing Sun Jun 23 15:07:11 UTC 2019 /home/travis/build/icyphy/ptII/ptolemy/actor/lib/test/auto/Clock19.xml
----------------- Instantiating /home/travis/build/icyphy/ptII/ptolemy/actor/lib/test/auto/Clock19.xml
14 ms. Memory: 396288K Free: 257412K (65%)
----------------- Invoking toplevel() on ptolemy.moml.MoMLSimpleApplication@14cb3edc
----------------- Done invoking toplevel() on ptolemy.moml.MoMLSimpleApplication@14cb3edc
reloadAllAccessors: .Clock19

===========================================================================================
----------------- testing Sun Jun 23 15:07:11 UTC 2019 /home/travis/build/icyphy/ptII/ptolemy/actor/lib/test/auto/Clock2.xml
----------------- Instantiating /home/travis/build/icyphy/ptII/ptolemy/actor/lib/test/auto/Clock2.xml
5 ms. Memory: 396288K Free: 252771K (64%)
----------------- Invoking toplevel() on ptolemy.moml.MoMLSimpleApplication@50c6aea9
----------------- Done invoking toplevel() on ptolemy.moml.MoMLSimpleApplication@50c6aea9
reloadAllAccessors: .Clock2

===========================================================================================
----------------- testing Sun Jun 23 15:07:11 UTC 2019 /home/travis/build/icyphy/ptII/ptolemy/actor/lib/test/auto/Clock20.xml
----------------- Instantiating /home/travis/build/icyphy/ptII/ptolemy/actor/lib/test/auto/Clock20.xml
8 ms. Memory: 396288K Free: 247170K (62%)
----------------- Invoking toplevel() on ptolemy.moml.MoMLSimpleApplication@3cf18cce
----------------- Done invoking toplevel() on ptolemy.moml.MoMLSimpleApplication@3cf18cce
reloadAllAccessors: .Clock20

===========================================================================================
----------------- testing Sun Jun 23 15:07:11 UTC 2019 /home/travis/build/icyphy/ptII/ptolemy/actor/lib/test/auto/Clock21.xml
----------------- Instantiating /home/travis/build/icyphy/ptII/ptolemy/actor/lib/test/auto/Clock21.xml
2 ms. Memory: 396288K Free: 242052K (61%)
----------------- Invoking toplevel() on ptolemy.moml.MoMLSimpleApplication@3f96309e
----------------- Done invoking toplevel() on ptolemy.moml.MoMLSimpleApplication@3f96309e
reloadAllAccessors: .Clock21

===========================================================================================
----------------- testing Sun Jun 23 15:07:11 UTC 2019 /home/travis/build/icyphy/ptII/ptolemy/actor/lib/test/auto/Clock22.xml
----------------- Instantiating /home/travis/build/icyphy/ptII/ptolemy/actor/lib/test/auto/Clock22.xml
2 ms. Memory: 396288K Free: 236418K (60%)
----------------- Invoking toplevel() on ptolemy.moml.MoMLSimpleApplication@6d8f154c
----------------- Done invoking toplevel() on ptolemy.moml.MoMLSimpleApplication@6d8f154c
reloadAllAccessors: .Clock22

===========================================================================================
----------------- testing Sun Jun 23 15:07:11 UTC 2019 /home/travis/build/icyphy/ptII/ptolemy/actor/lib/test/auto/Clock23.xml
----------------- Instantiating /home/travis/build/icyphy/ptII/ptolemy/actor/lib/test/auto/Clock23.xml
3 ms. Memory: 396288K Free: 230788K (58%)
----------------- Invoking toplevel() on ptolemy.moml.MoMLSimpleApplication@4ff7636
----------------- Done invoking toplevel() on ptolemy.moml.MoMLSimpleApplication@4ff7636
reloadAllAccessors: .Clock23

===========================================================================================
----------------- testing Sun Jun 23 15:07:11 UTC 2019 /home/travis/build/icyphy/ptII/ptolemy/actor/lib/test/auto/Clock24.xml
----------------- Instantiating /home/travis/build/icyphy/ptII/ptolemy/actor/lib/test/auto/Clock24.xml
2 ms. Memory: 396288K Free: 225668K (57%)
----------------- Invoking toplevel() on ptolemy.moml.MoMLSimpleApplication@1f94d1e3
----------------- Done invoking toplevel() on ptolemy.moml.MoMLSimpleApplication@1f94d1e3
reloadAllAccessors: .Clock24

===========================================================================================
----------------- testing Sun Jun 23 15:07:11 UTC 2019 /home/travis/build/icyphy/ptII/ptolemy/actor/lib/test/auto/Clock4.xml
----------------- Instantiating /home/travis/build/icyphy/ptII/ptolemy/actor/lib/test/auto/Clock4.xml
1 ms. Memory: 396288K Free: 220548K (56%)
----------------- Invoking toplevel() on ptolemy.moml.MoMLSimpleApplication@67f8ad36
----------------- Done invoking toplevel() on ptolemy.moml.MoMLSimpleApplication@67f8ad36
reloadAllAccessors: .Clock4

===========================================================================================
----------------- testing Sun Jun 23 15:07:11 UTC 2019 /home/travis/build/icyphy/ptII/ptolemy/actor/lib/test/auto/Clock5.xml
----------------- Instantiating /home/travis/build/icyphy/ptII/ptolemy/actor/lib/test/auto/Clock5.xml
2 ms. Memory: 396288K Free: 215428K (54%)
----------------- Invoking toplevel() on ptolemy.moml.MoMLSimpleApplication@61fbf64
----------------- Done invoking toplevel() on ptolemy.moml.MoMLSimpleApplication@61fbf64
reloadAllAccessors: .Clock5

===========================================================================================
----------------- testing Sun Jun 23 15:07:11 UTC 2019 /home/travis/build/icyphy/ptII/ptolemy/actor/lib/test/auto/Clock6.xml
----------------- Instantiating /home/travis/build/icyphy/ptII/ptolemy/actor/lib/test/auto/Clock6.xml
1 ms. Memory: 396288K Free: 210818K (53%)
----------------- Invoking toplevel() on ptolemy.moml.MoMLSimpleApplication@49b51e46
----------------- Done invoking toplevel() on ptolemy.moml.MoMLSimpleApplication@49b51e46
reloadAllAccessors: .Clock6

===========================================================================================
----------------- testing Sun Jun 23 15:07:11 UTC 2019 /home/travis/build/icyphy/ptII/ptolemy/actor/lib/test/auto/Clock7.xml
----------------- Instantiating /home/travis/build/icyphy/ptII/ptolemy/actor/lib/test/auto/Clock7.xml
2 ms. Memory: 396288K Free: 206722K (52%)
----------------- Invoking toplevel() on ptolemy.moml.MoMLSimpleApplication@13105320
----------------- Done invoking toplevel() on ptolemy.moml.MoMLSimpleApplication@13105320
reloadAllAccessors: .Clock7

===========================================================================================
----------------- testing Sun Jun 23 15:07:11 UTC 2019 /home/travis/build/icyphy/ptII/ptolemy/actor/lib/test/auto/Clock8.xml
----------------- Instantiating /home/travis/build/icyphy/ptII/ptolemy/actor/lib/test/auto/Clock8.xml
3 ms. Memory: 396288K Free: 201092K (51%)
----------------- Invoking toplevel() on ptolemy.moml.MoMLSimpleApplication@8590a93
----------------- Done invoking toplevel() on ptolemy.moml.MoMLSimpleApplication@8590a93
reloadAllAccessors: .Clock8

===========================================================================================
----------------- testing Sun Jun 23 15:07:11 UTC 2019 /home/travis/build/icyphy/ptII/ptolemy/actor/lib/test/auto/Clock9.xml
----------------- Instantiating /home/travis/build/icyphy/ptII/ptolemy/actor/lib/test/auto/Clock9.xml
2 ms. Memory: 396288K Free: 195451K (49%)
----------------- Invoking toplevel() on ptolemy.moml.MoMLSimpleApplication@7241c799
----------------- Done invoking toplevel() on ptolemy.moml.MoMLSimpleApplication@7241c799
reloadAllAccessors: .Clock9

===========================================================================================
----------------- testing Sun Jun 23 15:07:11 UTC 2019 /home/travis/build/icyphy/ptII/ptolemy/actor/lib/test/auto/CommDistDiscard.xml
----------------- Instantiating /home/travis/build/icyphy/ptII/ptolemy/actor/lib/test/auto/CommDistDiscard.xml
3 ms. Memory: 396288K Free: 190338K (48%)
----------------- Invoking toplevel() on ptolemy.moml.MoMLSimpleApplication@7954f640
----------------- Done invoking toplevel() on ptolemy.moml.MoMLSimpleApplication@7954f640
reloadAllAccessors: .CommDistDiscard

===========================================================================================
----------------- testing Sun Jun 23 15:07:11 UTC 2019 /home/travis/build/icyphy/ptII/ptolemy/actor/lib/test/auto/Commutator.xml
----------------- Instantiating /home/travis/build/icyphy/ptII/ptolemy/actor/lib/test/auto/Commutator.xml
1 ms. Memory: 396288K Free: 185732K (47%)
----------------- Invoking toplevel() on ptolemy.moml.MoMLSimpleApplication@77d080da
----------------- Done invoking toplevel() on ptolemy.moml.MoMLSimpleApplication@77d080da
reloadAllAccessors: .Commutator

===========================================================================================
----------------- testing Sun Jun 23 15:07:11 UTC 2019 /home/travis/build/icyphy/ptII/ptolemy/actor/lib/test/auto/Commutator2.xml
----------------- Instantiating /home/travis/build/icyphy/ptII/ptolemy/actor/lib/test/auto/Commutator2.xml
1 ms. Memory: 396288K Free: 181636K (46%)
----------------- Invoking toplevel() on ptolemy.moml.MoMLSimpleApplication@30a02b46
----------------- Done invoking toplevel() on ptolemy.moml.MoMLSimpleApplication@30a02b46
reloadAllAccessors: .Commutator2

===========================================================================================
----------------- testing Sun Jun 23 15:07:11 UTC 2019 /home/travis/build/icyphy/ptII/ptolemy/actor/lib/test/auto/Commutator3.xml
----------------- Instantiating /home/travis/build/icyphy/ptII/ptolemy/actor/lib/test/auto/Commutator3.xml
2 ms. Memory: 396288K Free: 177026K (45%)
----------------- Invoking toplevel() on ptolemy.moml.MoMLSimpleApplication@6ab5412a
----------------- Done invoking toplevel() on ptolemy.moml.MoMLSimpleApplication@6ab5412a
reloadAllAccessors: .Commutator3

===========================================================================================
----------------- testing Sun Jun 23 15:07:11 UTC 2019 /home/travis/build/icyphy/ptII/ptolemy/actor/lib/test/auto/Compare.xml
----------------- Instantiating /home/travis/build/icyphy/ptII/ptolemy/actor/lib/test/auto/Compare.xml
2 ms. Memory: 396288K Free: 170372K (43%)
----------------- Invoking toplevel() on ptolemy.moml.MoMLSimpleApplication@7075d41b
----------------- Done invoking toplevel() on ptolemy.moml.MoMLSimpleApplication@7075d41b
reloadAllAccessors: .Compare

===========================================================================================
----------------- testing Sun Jun 23 15:07:11 UTC 2019 /home/travis/build/icyphy/ptII/ptolemy/actor/lib/test/auto/CompareDE.xml
----------------- Instantiating /home/travis/build/icyphy/ptII/ptolemy/actor/lib/test/auto/CompareDE.xml
4 ms. Memory: 396288K Free: 163699K (41%)
----------------- Invoking toplevel() on ptolemy.moml.MoMLSimpleApplication@5b234a60
----------------- Done invoking toplevel() on ptolemy.moml.MoMLSimpleApplication@5b234a60
reloadAllAccessors: .CompareDE

===========================================================================================
----------------- testing Sun Jun 23 15:07:11 UTC 2019 /home/travis/build/icyphy/ptII/ptolemy/actor/lib/test/auto/ComplexDivide.xml
----------------- Instantiating /home/travis/build/icyphy/ptII/ptolemy/actor/lib/test/auto/ComplexDivide.xml
1 ms. Memory: 396288K Free: 159618K (40%)
----------------- Invoking toplevel() on ptolemy.moml.MoMLSimpleApplication@72e195bc
----------------- Done invoking toplevel() on ptolemy.moml.MoMLSimpleApplication@72e195bc
reloadAllAccessors: .ComplexDivide

===========================================================================================
----------------- testing Sun Jun 23 15:07:12 UTC 2019 /home/travis/build/icyphy/ptII/ptolemy/actor/lib/test/auto/ComputeHistogram.xml
----------------- Instantiating /home/travis/build/icyphy/ptII/ptolemy/actor/lib/test/auto/ComputeHistogram.xml
33 ms. Memory: 396288K Free: 147330K (37%)
----------------- Invoking toplevel() on ptolemy.moml.MoMLSimpleApplication@1c51ae5f
----------------- Done invoking toplevel() on ptolemy.moml.MoMLSimpleApplication@1c51ae5f
reloadAllAccessors: .ComputeHistogram

===========================================================================================
----------------- testing Sun Jun 23 15:07:12 UTC 2019 /home/travis/build/icyphy/ptII/ptolemy/actor/lib/test/auto/ConfigurationSelect.xml
----------------- Instantiating /home/travis/build/icyphy/ptII/ptolemy/actor/lib/test/auto/ConfigurationSelect.xml
8 ms. Memory: 396288K Free: 141700K (36%)
----------------- Invoking toplevel() on ptolemy.moml.MoMLSimpleApplication@2b397b84
----------------- Done invoking toplevel() on ptolemy.moml.MoMLSimpleApplication@2b397b84
reloadAllAccessors: .ConfigurationSelect

===========================================================================================
----------------- testing Sun Jun 23 15:07:12 UTC 2019 /home/travis/build/icyphy/ptII/ptolemy/actor/lib/test/auto/ConfigurationSelect2.xml
----------------- Instantiating /home/travis/build/icyphy/ptII/ptolemy/actor/lib/test/auto/ConfigurationSelect2.xml
2 ms. Memory: 396288K Free: 137090K (35%)
----------------- Invoking toplevel() on ptolemy.moml.MoMLSimpleApplication@75a25fc1
----------------- Done invoking toplevel() on ptolemy.moml.MoMLSimpleApplication@75a25fc1
reloadAllAccessors: .ConfigurationSelect2

===========================================================================================
----------------- testing Sun Jun 23 15:07:12 UTC 2019 /home/travis/build/icyphy/ptII/ptolemy/actor/lib/test/auto/ConfigurationSwitch.xml
----------------- Instantiating /home/travis/build/icyphy/ptII/ptolemy/actor/lib/test/auto/ConfigurationSwitch.xml
2 ms. Memory: 396288K Free: 131970K (33%)
----------------- Invoking toplevel() on ptolemy.moml.MoMLSimpleApplication@5a0d606c
----------------- Done invoking toplevel() on ptolemy.moml.MoMLSimpleApplication@5a0d606c
reloadAllAccessors: .ConfigurationSwitch

===========================================================================================
----------------- testing Sun Jun 23 15:07:12 UTC 2019 /home/travis/build/icyphy/ptII/ptolemy/actor/lib/test/auto/ConfigurationSwitch2.xml
----------------- Instantiating /home/travis/build/icyphy/ptII/ptolemy/actor/lib/test/auto/ConfigurationSwitch2.xml
6 ms. Memory: 396288K Free: 126340K (32%)
----------------- Invoking toplevel() on ptolemy.moml.MoMLSimpleApplication@2bbd8c0c
----------------- Done invoking toplevel() on ptolemy.moml.MoMLSimpleApplication@2bbd8c0c
reloadAllAccessors: .ConfigurationSwitch2

===========================================================================================
----------------- testing Sun Jun 23 15:07:12 UTC 2019 /home/travis/build/icyphy/ptII/ptolemy/actor/lib/test/auto/ConfigurationSwitchCloningBugWithClassRelationGroup.xml
----------------- Instantiating /home/travis/build/icyphy/ptII/ptolemy/actor/lib/test/auto/ConfigurationSwitchCloningBugWithClassRelationGroup.xml
1 ms. Memory: 396288K Free: 119172K (30%)
----------------- Invoking toplevel() on ptolemy.moml.MoMLSimpleApplication@a04523e
----------------- Done invoking toplevel() on ptolemy.moml.MoMLSimpleApplication@a04523e
reloadAllAccessors: .ConfigurationSwitchCloningBugWithClassRelationGroup

===========================================================================================
----------------- testing Sun Jun 23 15:07:12 UTC 2019 /home/travis/build/icyphy/ptII/ptolemy/actor/lib/test/auto/ConfigurationSwitchSelectSDF.xml
----------------- Instantiating /home/travis/build/icyphy/ptII/ptolemy/actor/lib/test/auto/ConfigurationSwitchSelectSDF.xml
16 ms. Memory: 640000K Free: 592260K (93%)
----------------- Invoking toplevel() on ptolemy.moml.MoMLSimpleApplication@7d085600
----------------- Done invoking toplevel() on ptolemy.moml.MoMLSimpleApplication@7d085600
reloadAllAccessors: .ConfigurationSwitchSelectSDF

===========================================================================================
----------------- testing Sun Jun 23 15:07:12 UTC 2019 /home/travis/build/icyphy/ptII/ptolemy/actor/lib/test/auto/ConfigurationSwitchSelectSDF2.xml
----------------- Instantiating /home/travis/build/icyphy/ptII/ptolemy/actor/lib/test/auto/ConfigurationSwitchSelectSDF2.xml
2 ms. Memory: 640000K Free: 586116K (92%)
----------------- Invoking toplevel() on ptolemy.moml.MoMLSimpleApplication@21e9b873
----------------- Done invoking toplevel() on ptolemy.moml.MoMLSimpleApplication@21e9b873
reloadAllAccessors: .ConfigurationSwitchSelectSDF2

===========================================================================================
----------------- testing Sun Jun 23 15:07:12 UTC 2019 /home/travis/build/icyphy/ptII/ptolemy/actor/lib/test/auto/Const.xml
----------------- Instantiating /home/travis/build/icyphy/ptII/ptolemy/actor/lib/test/auto/Const.xml
1 ms. Memory: 640000K Free: 582530K (91%)
----------------- Invoking toplevel() on ptolemy.moml.MoMLSimpleApplication@10bf2d26
----------------- Done invoking toplevel() on ptolemy.moml.MoMLSimpleApplication@10bf2d26
reloadAllAccessors: .Const

===========================================================================================
----------------- testing Sun Jun 23 15:07:12 UTC 2019 /home/travis/build/icyphy/ptII/ptolemy/actor/lib/test/auto/Const2.xml
----------------- Instantiating /home/travis/build/icyphy/ptII/ptolemy/actor/lib/test/auto/Const2.xml
1 ms. Memory: 640000K Free: 578948K (90%)
----------------- Invoking toplevel() on ptolemy.moml.MoMLSimpleApplication@5bc3663b
----------------- Done invoking toplevel() on ptolemy.moml.MoMLSimpleApplication@5bc3663b
reloadAllAccessors: .Const2

===========================================================================================
----------------- testing Sun Jun 23 15:07:12 UTC 2019 /home/travis/build/icyphy/ptII/ptolemy/actor/lib/test/auto/Const3.xml
----------------- Instantiating /home/travis/build/icyphy/ptII/ptolemy/actor/lib/test/auto/Const3.xml
1 ms. Memory: 640000K Free: 575876K (90%)
----------------- Invoking toplevel() on ptolemy.moml.MoMLSimpleApplication@70e03307
----------------- Done invoking toplevel() on ptolemy.moml.MoMLSimpleApplication@70e03307
reloadAllAccessors: .Const3

===========================================================================================
----------------- testing Sun Jun 23 15:07:12 UTC 2019 /home/travis/build/icyphy/ptII/ptolemy/actor/lib/test/auto/ConstantPublisherPort1.xml
----------------- Instantiating /home/travis/build/icyphy/ptII/ptolemy/actor/lib/test/auto/ConstantPublisherPort1.xml
8 ms. Memory: 640000K Free: 567170K (89%)
----------------- Invoking toplevel() on ptolemy.moml.MoMLSimpleApplication@884711b
----------------- Done invoking toplevel() on ptolemy.moml.MoMLSimpleApplication@884711b
reloadAllAccessors: .ConstantPublisherPort1

===========================================================================================
----------------- testing Sun Jun 23 15:07:12 UTC 2019 /home/travis/build/icyphy/ptII/ptolemy/actor/lib/test/auto/ConstantPublisherPort2.xml
----------------- Instantiating /home/travis/build/icyphy/ptII/ptolemy/actor/lib/test/auto/ConstantPublisherPort2.xml
10 ms. Memory: 640000K Free: 560002K (88%)
----------------- Invoking toplevel() on ptolemy.moml.MoMLSimpleApplication@7e1ac8e3
----------------- Done invoking toplevel() on ptolemy.moml.MoMLSimpleApplication@7e1ac8e3
reloadAllAccessors: .ConstantPublisherPort2

===========================================================================================
----------------- testing Sun Jun 23 15:07:12 UTC 2019 /home/travis/build/icyphy/ptII/ptolemy/actor/lib/test/auto/ConstantPublisherPort3.xml
----------------- Instantiating /home/travis/build/icyphy/ptII/ptolemy/actor/lib/test/auto/ConstantPublisherPort3.xml
9 ms. Memory: 640000K Free: 552324K (86%)
----------------- Invoking toplevel() on ptolemy.moml.MoMLSimpleApplication@ff552a1
----------------- Done invoking toplevel() on ptolemy.moml.MoMLSimpleApplication@ff552a1
reloadAllAccessors: .ConstantPublisherPort3

===========================================================================================
----------------- testing Sun Jun 23 15:07:12 UTC 2019 /home/travis/build/icyphy/ptII/ptolemy/actor/lib/test/auto/ConstantPublisherPort4.xml
----------------- Instantiating /home/travis/build/icyphy/ptII/ptolemy/actor/lib/test/auto/ConstantPublisherPort4.xml
4 ms. Memory: 640000K Free: 545156K (85%)
----------------- Invoking toplevel() on ptolemy.moml.MoMLSimpleApplication@4c26a961
----------------- Done invoking toplevel() on ptolemy.moml.MoMLSimpleApplication@4c26a961
reloadAllAccessors: .ConstantPublisherPort4

===========================================================================================
----------------- testing Sun Jun 23 15:07:12 UTC 2019 /home/travis/build/icyphy/ptII/ptolemy/actor/lib/test/auto/ConstantPublisherPort5.xml
----------------- Instantiating /home/travis/build/icyphy/ptII/ptolemy/actor/lib/test/auto/ConstantPublisherPort5.xml
20 ms. Memory: 640000K Free: 536450K (84%)
----------------- Invoking toplevel() on ptolemy.moml.MoMLSimpleApplication@7d1cb975
----------------- Done invoking toplevel() on ptolemy.moml.MoMLSimpleApplication@7d1cb975
reloadAllAccessors: .ConstantPublisherPort5

===========================================================================================
----------------- testing Sun Jun 23 15:07:12 UTC 2019 /home/travis/build/icyphy/ptII/ptolemy/actor/lib/test/auto/ConstantPublisherPort6.xml
----------------- Instantiating /home/travis/build/icyphy/ptII/ptolemy/actor/lib/test/auto/ConstantPublisherPort6.xml
22 ms. Memory: 640000K Free: 526210K (82%)
----------------- Invoking toplevel() on ptolemy.moml.MoMLSimpleApplication@36a4c1b0
----------------- Done invoking toplevel() on ptolemy.moml.MoMLSimpleApplication@36a4c1b0
reloadAllAccessors: .ConstantPublisherPort6

===========================================================================================
----------------- testing Sun Jun 23 15:07:12 UTC 2019 /home/travis/build/icyphy/ptII/ptolemy/actor/lib/test/auto/ConstantPublisherPort7.xml
----------------- Instantiating /home/travis/build/icyphy/ptII/ptolemy/actor/lib/test/auto/ConstantPublisherPort7.xml
24 ms. Memory: 640000K Free: 516994K (81%)
----------------- Invoking toplevel() on ptolemy.moml.MoMLSimpleApplication@2ff236c7
----------------- Done invoking toplevel() on ptolemy.moml.MoMLSimpleApplication@2ff236c7
reloadAllAccessors: .ConstantPublisherPort7

===========================================================================================
----------------- testing Sun Jun 23 15:07:12 UTC 2019 /home/travis/build/icyphy/ptII/ptolemy/actor/lib/test/auto/ConstraintMonitor1.xml
----------------- Instantiating /home/travis/build/icyphy/ptII/ptolemy/actor/lib/test/auto/ConstraintMonitor1.xml
8 ms. Memory: 640000K Free: 511874K (80%)
----------------- Invoking toplevel() on ptolemy.moml.MoMLSimpleApplication@436a6e88
----------------- Done invoking toplevel() on ptolemy.moml.MoMLSimpleApplication@436a6e88
reloadAllAccessors: .ConstraintMonitor1

===========================================================================================
----------------- testing Sun Jun 23 15:07:12 UTC 2019 /home/travis/build/icyphy/ptII/ptolemy/actor/lib/test/auto/ConstraintMonitor2.xml
----------------- Instantiating /home/travis/build/icyphy/ptII/ptolemy/actor/lib/test/auto/ConstraintMonitor2.xml
1 ms. Memory: 640000K Free: 507268K (79%)
----------------- Invoking toplevel() on ptolemy.moml.MoMLSimpleApplication@2b6792b9
----------------- Done invoking toplevel() on ptolemy.moml.MoMLSimpleApplication@2b6792b9
reloadAllAccessors: .ConstraintMonitor2

===========================================================================================
----------------- testing Sun Jun 23 15:07:12 UTC 2019 /home/travis/build/icyphy/ptII/ptolemy/actor/lib/test/auto/ConstraintMonitor3.xml
----------------- Instantiating /home/travis/build/icyphy/ptII/ptolemy/actor/lib/test/auto/ConstraintMonitor3.xml
2 ms. Memory: 640000K Free: 503172K (79%)
----------------- Invoking toplevel() on ptolemy.moml.MoMLSimpleApplication@12d911ee
----------------- Done invoking toplevel() on ptolemy.moml.MoMLSimpleApplication@12d911ee
reloadAllAccessors: .ConstraintMonitor3

===========================================================================================
----------------- testing Sun Jun 23 15:07:12 UTC 2019 /home/travis/build/icyphy/ptII/ptolemy/actor/lib/test/auto/ConstraintMonitor4.xml
----------------- Instantiating /home/travis/build/icyphy/ptII/ptolemy/actor/lib/test/auto/ConstraintMonitor4.xml
5 ms. Memory: 640000K Free: 498052K (78%)
----------------- Invoking toplevel() on ptolemy.moml.MoMLSimpleApplication@2d9ac148
----------------- Done invoking toplevel() on ptolemy.moml.MoMLSimpleApplication@2d9ac148
reloadAllAccessors: .ConstraintMonitor4

===========================================================================================
----------------- testing Sun Jun 23 15:07:12 UTC 2019 /home/travis/build/icyphy/ptII/ptolemy/actor/lib/test/auto/ConstraintMonitor5.xml
----------------- Instantiating /home/travis/build/icyphy/ptII/ptolemy/actor/lib/test/auto/ConstraintMonitor5.xml
5 ms. Memory: 640000K Free: 492418K (77%)
----------------- Invoking toplevel() on ptolemy.moml.MoMLSimpleApplication@11ae99e4
----------------- Done invoking toplevel() on ptolemy.moml.MoMLSimpleApplication@11ae99e4
reloadAllAccessors: .ConstraintMonitor5

===========================================================================================
----------------- testing Sun Jun 23 15:07:12 UTC 2019 /home/travis/build/icyphy/ptII/ptolemy/actor/lib/test/auto/ConstraintMonitor6.xml
----------------- Instantiating /home/travis/build/icyphy/ptII/ptolemy/actor/lib/test/auto/ConstraintMonitor6.xml
7 ms. Memory: 640000K Free: 485764K (76%)
----------------- Invoking toplevel() on ptolemy.moml.MoMLSimpleApplication@705be562
----------------- Done invoking toplevel() on ptolemy.moml.MoMLSimpleApplication@705be562
reloadAllAccessors: .ConstraintMonitor6

===========================================================================================
----------------- testing Sun Jun 23 15:07:12 UTC 2019 /home/travis/build/icyphy/ptII/ptolemy/actor/lib/test/auto/ConstraintMonitor7.xml
----------------- Instantiating /home/travis/build/icyphy/ptII/ptolemy/actor/lib/test/auto/ConstraintMonitor7.xml
5 ms. Memory: 640000K Free: 479620K (75%)
----------------- Invoking toplevel() on ptolemy.moml.MoMLSimpleApplication@6b85ec8
----------------- Done invoking toplevel() on ptolemy.moml.MoMLSimpleApplication@6b85ec8
reloadAllAccessors: .ConstraintMonitor7

===========================================================================================
----------------- testing Sun Jun 23 15:07:12 UTC 2019 /home/travis/build/icyphy/ptII/ptolemy/actor/lib/test/auto/ConstraintMonitor8.xml
----------------- Instantiating /home/travis/build/icyphy/ptII/ptolemy/actor/lib/test/auto/ConstraintMonitor8.xml
4 ms. Memory: 640000K Free: 471938K (74%)
----------------- Invoking toplevel() on ptolemy.moml.MoMLSimpleApplication@195fe1c3
----------------- Done invoking toplevel() on ptolemy.moml.MoMLSimpleApplication@195fe1c3
reloadAllAccessors: .ConstraintMonitor8

===========================================================================================
----------------- testing Sun Jun 23 15:07:12 UTC 2019 /home/travis/build/icyphy/ptII/ptolemy/actor/lib/test/auto/Counter.xml
----------------- Instantiating /home/travis/build/icyphy/ptII/ptolemy/actor/lib/test/auto/Counter.xml
2 ms. Memory: 640000K Free: 466818K (73%)
----------------- Invoking toplevel() on ptolemy.moml.MoMLSimpleApplication@67932b31
----------------- Done invoking toplevel() on ptolemy.moml.MoMLSimpleApplication@67932b31
reloadAllAccessors: .Counter

===========================================================================================
----------------- testing Sun Jun 23 15:07:12 UTC 2019 /home/travis/build/icyphy/ptII/ptolemy/actor/lib/test/auto/CurrentTimeSDF.xml
----------------- Instantiating /home/travis/build/icyphy/ptII/ptolemy/actor/lib/test/auto/CurrentTimeSDF.xml
3 ms. Memory: 640000K Free: 463236K (72%)
----------------- Invoking toplevel() on ptolemy.moml.MoMLSimpleApplication@1d4a09c8
----------------- Done invoking toplevel() on ptolemy.moml.MoMLSimpleApplication@1d4a09c8
reloadAllAccessors: .CurrentTimeSDF

===========================================================================================
----------------- testing Sun Jun 23 15:07:12 UTC 2019 /home/travis/build/icyphy/ptII/ptolemy/actor/lib/test/auto/DB.xml
----------------- Instantiating /home/travis/build/icyphy/ptII/ptolemy/actor/lib/test/auto/DB.xml
3 ms. Memory: 640000K Free: 458116K (72%)
----------------- Invoking toplevel() on ptolemy.moml.MoMLSimpleApplication@414c804f
----------------- Done invoking toplevel() on ptolemy.moml.MoMLSimpleApplication@414c804f
reloadAllAccessors: .DB

===========================================================================================
----------------- testing Sun Jun 23 15:07:12 UTC 2019 /home/travis/build/icyphy/ptII/ptolemy/actor/lib/test/auto/DBDE.xml
----------------- Instantiating /home/travis/build/icyphy/ptII/ptolemy/actor/lib/test/auto/DBDE.xml
3 ms. Memory: 640000K Free: 451972K (71%)
----------------- Invoking toplevel() on ptolemy.moml.MoMLSimpleApplication@8ce8bf9
----------------- Done invoking toplevel() on ptolemy.moml.MoMLSimpleApplication@8ce8bf9
reloadAllAccessors: .DBDE

===========================================================================================
----------------- testing Sun Jun 23 15:07:12 UTC 2019 /home/travis/build/icyphy/ptII/ptolemy/actor/lib/test/auto/DateConstructor.xml
----------------- Instantiating /home/travis/build/icyphy/ptII/ptolemy/actor/lib/test/auto/DateConstructor.xml
38 ms. Memory: 640000K Free: 434564K (68%)
----------------- Invoking toplevel() on ptolemy.moml.MoMLSimpleApplication@60421fca
----------------- Done invoking toplevel() on ptolemy.moml.MoMLSimpleApplication@60421fca
reloadAllAccessors: .DateConstructor

===========================================================================================
----------------- testing Sun Jun 23 15:07:12 UTC 2019 /home/travis/build/icyphy/ptII/ptolemy/actor/lib/test/auto/DelayTime.xml
----------------- Instantiating /home/travis/build/icyphy/ptII/ptolemy/actor/lib/test/auto/DelayTime.xml
8 ms. Memory: 640000K Free: 429444K (67%)
----------------- Invoking toplevel() on ptolemy.moml.MoMLSimpleApplication@2fab67d0
----------------- Done invoking toplevel() on ptolemy.moml.MoMLSimpleApplication@2fab67d0
reloadAllAccessors: .DelayTime

===========================================================================================
----------------- testing Sun Jun 23 15:07:12 UTC 2019 /home/travis/build/icyphy/ptII/ptolemy/actor/lib/test/auto/Dictionary1.xml
----------------- Instantiating /home/travis/build/icyphy/ptII/ptolemy/actor/lib/test/auto/Dictionary1.xml
2 ms. Memory: 640000K Free: 423810K (66%)
----------------- Invoking toplevel() on ptolemy.moml.MoMLSimpleApplication@21f7b880
----------------- Done invoking toplevel() on ptolemy.moml.MoMLSimpleApplication@21f7b880
reloadAllAccessors: .Dictionary1

===========================================================================================
----------------- testing Sun Jun 23 15:07:13 UTC 2019 /home/travis/build/icyphy/ptII/ptolemy/actor/lib/test/auto/Dictionary2.xml
----------------- Instantiating /home/travis/build/icyphy/ptII/ptolemy/actor/lib/test/auto/Dictionary2.xml
4 ms. Memory: 640000K Free: 418690K (65%)
----------------- Invoking toplevel() on ptolemy.moml.MoMLSimpleApplication@5717ff76
----------------- Done invoking toplevel() on ptolemy.moml.MoMLSimpleApplication@5717ff76
reloadAllAccessors: .Dictionary2

===========================================================================================
----------------- testing Sun Jun 23 15:07:13 UTC 2019 /home/travis/build/icyphy/ptII/ptolemy/actor/lib/test/auto/Dictionary3.xml
----------------- Instantiating /home/travis/build/icyphy/ptII/ptolemy/actor/lib/test/auto/Dictionary3.xml
2 ms. Memory: 640000K Free: 413060K (65%)
----------------- Invoking toplevel() on ptolemy.moml.MoMLSimpleApplication@9ef7bbd
----------------- Done invoking toplevel() on ptolemy.moml.MoMLSimpleApplication@9ef7bbd
reloadAllAccessors: .Dictionary3

===========================================================================================
----------------- testing Sun Jun 23 15:07:13 UTC 2019 /home/travis/build/icyphy/ptII/ptolemy/actor/lib/test/auto/Dictionary4.xml
----------------- Instantiating /home/travis/build/icyphy/ptII/ptolemy/actor/lib/test/auto/Dictionary4.xml
4 ms. Memory: 640000K Free: 405892K (63%)
----------------- Invoking toplevel() on ptolemy.moml.MoMLSimpleApplication@1df9b211
----------------- Done invoking toplevel() on ptolemy.moml.MoMLSimpleApplication@1df9b211
reloadAllAccessors: .Dictionary4

===========================================================================================
----------------- testing Sun Jun 23 15:07:13 UTC 2019 /home/travis/build/icyphy/ptII/ptolemy/actor/lib/test/auto/Differential.xml
----------------- Instantiating /home/travis/build/icyphy/ptII/ptolemy/actor/lib/test/auto/Differential.xml
4 ms. Memory: 640000K Free: 401282K (63%)
----------------- Invoking toplevel() on ptolemy.moml.MoMLSimpleApplication@3c89205e
----------------- Done invoking toplevel() on ptolemy.moml.MoMLSimpleApplication@3c89205e
reloadAllAccessors: .Differential

===========================================================================================
----------------- testing Sun Jun 23 15:07:13 UTC 2019 /home/travis/build/icyphy/ptII/ptolemy/actor/lib/test/auto/Director.xml
----------------- Instantiating /home/travis/build/icyphy/ptII/ptolemy/actor/lib/test/auto/Director.xml
2 ms. Memory: 640000K Free: 398210K (62%)
----------------- Invoking toplevel() on ptolemy.moml.MoMLSimpleApplication@6f25b88d
----------------- Done invoking toplevel() on ptolemy.moml.MoMLSimpleApplication@6f25b88d
reloadAllAccessors: .Director

===========================================================================================
----------------- testing Sun Jun 23 15:07:13 UTC 2019 /home/travis/build/icyphy/ptII/ptolemy/actor/lib/test/auto/DiscreteClock.xml
----------------- Instantiating /home/travis/build/icyphy/ptII/ptolemy/actor/lib/test/auto/DiscreteClock.xml
2 ms. Memory: 640000K Free: 394114K (62%)
----------------- Invoking toplevel() on ptolemy.moml.MoMLSimpleApplication@7dba059
----------------- Done invoking toplevel() on ptolemy.moml.MoMLSimpleApplication@7dba059
reloadAllAccessors: .DiscreteClock

===========================================================================================
----------------- testing Sun Jun 23 15:07:13 UTC 2019 /home/travis/build/icyphy/ptII/ptolemy/actor/lib/test/auto/DiscreteClock10.xml
----------------- Instantiating /home/travis/build/icyphy/ptII/ptolemy/actor/lib/test/auto/DiscreteClock10.xml
4 ms. Memory: 640000K Free: 387970K (61%)
----------------- Invoking toplevel() on ptolemy.moml.MoMLSimpleApplication@5e0182a9
----------------- Done invoking toplevel() on ptolemy.moml.MoMLSimpleApplication@5e0182a9
reloadAllAccessors: .DiscreteClock10

===========================================================================================
----------------- testing Sun Jun 23 15:07:13 UTC 2019 /home/travis/build/icyphy/ptII/ptolemy/actor/lib/test/auto/DiscreteClock11.xml
----------------- Instantiating /home/travis/build/icyphy/ptII/ptolemy/actor/lib/test/auto/DiscreteClock11.xml
5 ms. Memory: 640000K Free: 382340K (60%)
----------------- Invoking toplevel() on ptolemy.moml.MoMLSimpleApplication@8078a17
----------------- Done invoking toplevel() on ptolemy.moml.MoMLSimpleApplication@8078a17
reloadAllAccessors: .DiscreteClock11

===========================================================================================
----------------- testing Sun Jun 23 15:07:13 UTC 2019 /home/travis/build/icyphy/ptII/ptolemy/actor/lib/test/auto/DiscreteClock12.xml
----------------- Instantiating /home/travis/build/icyphy/ptII/ptolemy/actor/lib/test/auto/DiscreteClock12.xml
3 ms. Memory: 640000K Free: 376196K (59%)
----------------- Invoking toplevel() on ptolemy.moml.MoMLSimpleApplication@2024e508
----------------- Done invoking toplevel() on ptolemy.moml.MoMLSimpleApplication@2024e508
reloadAllAccessors: .DiscreteClock12

===========================================================================================
----------------- testing Sun Jun 23 15:07:13 UTC 2019 /home/travis/build/icyphy/ptII/ptolemy/actor/lib/test/auto/DiscreteClock13.xml
----------------- Instantiating /home/travis/build/icyphy/ptII/ptolemy/actor/lib/test/auto/DiscreteClock13.xml
5 ms. Memory: 640000K Free: 370052K (58%)
----------------- Invoking toplevel() on ptolemy.moml.MoMLSimpleApplication@66160a7c
----------------- Done invoking toplevel() on ptolemy.moml.MoMLSimpleApplication@66160a7c
reloadAllAccessors: .DiscreteClock13

===========================================================================================
----------------- testing Sun Jun 23 15:07:13 UTC 2019 /home/travis/build/icyphy/ptII/ptolemy/actor/lib/test/auto/DiscreteClock14.xml
----------------- Instantiating /home/travis/build/icyphy/ptII/ptolemy/actor/lib/test/auto/DiscreteClock14.xml
6 ms. Memory: 640000K Free: 363908K (57%)
----------------- Invoking toplevel() on ptolemy.moml.MoMLSimpleApplication@744581bf
----------------- Done invoking toplevel() on ptolemy.moml.MoMLSimpleApplication@744581bf
reloadAllAccessors: .DiscreteClock14

===========================================================================================
----------------- testing Sun Jun 23 15:07:13 UTC 2019 /home/travis/build/icyphy/ptII/ptolemy/actor/lib/test/auto/DiscreteClock15.xml
----------------- Instantiating /home/travis/build/icyphy/ptII/ptolemy/actor/lib/test/auto/DiscreteClock15.xml
5 ms. Memory: 640000K Free: 358259K (56%)
----------------- Invoking toplevel() on ptolemy.moml.MoMLSimpleApplication@716d0a36
----------------- Done invoking toplevel() on ptolemy.moml.MoMLSimpleApplication@716d0a36
reloadAllAccessors: .DiscreteClock15

===========================================================================================
----------------- testing Sun Jun 23 15:07:13 UTC 2019 /home/travis/build/icyphy/ptII/ptolemy/actor/lib/test/auto/DiscreteClock16.xml
----------------- Instantiating /home/travis/build/icyphy/ptII/ptolemy/actor/lib/test/auto/DiscreteClock16.xml
18 ms. Memory: 640000K Free: 344931K (54%)
----------------- Invoking toplevel() on ptolemy.moml.MoMLSimpleApplication@4fb4d45
----------------- Done invoking toplevel() on ptolemy.moml.MoMLSimpleApplication@4fb4d45
reloadAllAccessors: .DiscreteClock16

===========================================================================================
----------------- testing Sun Jun 23 15:07:13 UTC 2019 /home/travis/build/icyphy/ptII/ptolemy/actor/lib/test/auto/DiscreteClock17.xml
----------------- Instantiating /home/travis/build/icyphy/ptII/ptolemy/actor/lib/test/auto/DiscreteClock17.xml
17 ms. Memory: 640000K Free: 330611K (52%)
----------------- Invoking toplevel() on ptolemy.moml.MoMLSimpleApplication@1b1ddb5e
----------------- Done invoking toplevel() on ptolemy.moml.MoMLSimpleApplication@1b1ddb5e
reloadAllAccessors: .DiscreteClock17

===========================================================================================
----------------- testing Sun Jun 23 15:07:13 UTC 2019 /home/travis/build/icyphy/ptII/ptolemy/actor/lib/test/auto/DiscreteClock18.xml
----------------- Instantiating /home/travis/build/icyphy/ptII/ptolemy/actor/lib/test/auto/DiscreteClock18.xml
25 ms. Memory: 640000K Free: 317307K (50%)
----------------- Invoking toplevel() on ptolemy.moml.MoMLSimpleApplication@7e9fd8ca
----------------- Done invoking toplevel() on ptolemy.moml.MoMLSimpleApplication@7e9fd8ca
reloadAllAccessors: .DiscreteClock18

===========================================================================================
----------------- testing Sun Jun 23 15:07:13 UTC 2019 /home/travis/build/icyphy/ptII/ptolemy/actor/lib/test/auto/DiscreteClock19.xml
----------------- Instantiating /home/travis/build/icyphy/ptII/ptolemy/actor/lib/test/auto/DiscreteClock19.xml
13 ms. Memory: 640000K Free: 303492K (47%)
----------------- Invoking toplevel() on ptolemy.moml.MoMLSimpleApplication@6d345509
----------------- Done invoking toplevel() on ptolemy.moml.MoMLSimpleApplication@6d345509
reloadAllAccessors: .DiscreteClock19

===========================================================================================
----------------- testing Sun Jun 23 15:07:13 UTC 2019 /home/travis/build/icyphy/ptII/ptolemy/actor/lib/test/auto/DiscreteClock2.xml
----------------- Instantiating /home/travis/build/icyphy/ptII/ptolemy/actor/lib/test/auto/DiscreteClock2.xml
7 ms. Memory: 640000K Free: 298867K (47%)
----------------- Invoking toplevel() on ptolemy.moml.MoMLSimpleApplication@6a80a1cb
----------------- Done invoking toplevel() on ptolemy.moml.MoMLSimpleApplication@6a80a1cb
reloadAllAccessors: .DiscreteClock2

===========================================================================================
----------------- testing Sun Jun 23 15:07:13 UTC 2019 /home/travis/build/icyphy/ptII/ptolemy/actor/lib/test/auto/DiscreteClock20.xml
----------------- Instantiating /home/travis/build/icyphy/ptII/ptolemy/actor/lib/test/auto/DiscreteClock20.xml
8 ms. Memory: 640000K Free: 293252K (46%)
----------------- Invoking toplevel() on ptolemy.moml.MoMLSimpleApplication@788e79b5
----------------- Done invoking toplevel() on ptolemy.moml.MoMLSimpleApplication@788e79b5
reloadAllAccessors: .DiscreteClock20

===========================================================================================
----------------- testing Sun Jun 23 15:07:13 UTC 2019 /home/travis/build/icyphy/ptII/ptolemy/actor/lib/test/auto/DiscreteClock21.xml
----------------- Instantiating /home/travis/build/icyphy/ptII/ptolemy/actor/lib/test/auto/DiscreteClock21.xml
4 ms. Memory: 640000K Free: 287618K (45%)
----------------- Invoking toplevel() on ptolemy.moml.MoMLSimpleApplication@297158a8
----------------- Done invoking toplevel() on ptolemy.moml.MoMLSimpleApplication@297158a8
reloadAllAccessors: .DiscreteClock21

===========================================================================================
----------------- testing Sun Jun 23 15:07:13 UTC 2019 /home/travis/build/icyphy/ptII/ptolemy/actor/lib/test/auto/DiscreteClock22.xml
----------------- Instantiating /home/travis/build/icyphy/ptII/ptolemy/actor/lib/test/auto/DiscreteClock22.xml
5 ms. Memory: 640000K Free: 281988K (44%)
----------------- Invoking toplevel() on ptolemy.moml.MoMLSimpleApplication@296f9adc
----------------- Done invoking toplevel() on ptolemy.moml.MoMLSimpleApplication@296f9adc
reloadAllAccessors: .DiscreteClock22

===========================================================================================
----------------- testing Sun Jun 23 15:07:13 UTC 2019 /home/travis/build/icyphy/ptII/ptolemy/actor/lib/test/auto/DiscreteClock23.xml
----------------- Instantiating /home/travis/build/icyphy/ptII/ptolemy/actor/lib/test/auto/DiscreteClock23.xml
10 ms. Memory: 640000K Free: 276868K (43%)
----------------- Invoking toplevel() on ptolemy.moml.MoMLSimpleApplication@6bc6d118
----------------- Done invoking toplevel() on ptolemy.moml.MoMLSimpleApplication@6bc6d118
reloadAllAccessors: .DiscreteClock23

===========================================================================================
----------------- testing Sun Jun 23 15:07:13 UTC 2019 /home/travis/build/icyphy/ptII/ptolemy/actor/lib/test/auto/DiscreteClock24.xml
----------------- Instantiating /home/travis/build/icyphy/ptII/ptolemy/actor/lib/test/auto/DiscreteClock24.xml
2 ms. Memory: 640000K Free: 271234K (42%)
----------------- Invoking toplevel() on ptolemy.moml.MoMLSimpleApplication@b215c6d
----------------- Done invoking toplevel() on ptolemy.moml.MoMLSimpleApplication@b215c6d
reloadAllAccessors: .DiscreteClock24

===========================================================================================
----------------- testing Sun Jun 23 15:07:13 UTC 2019 /home/travis/build/icyphy/ptII/ptolemy/actor/lib/test/auto/DiscreteClock4.xml
----------------- Instantiating /home/travis/build/icyphy/ptII/ptolemy/actor/lib/test/auto/DiscreteClock4.xml
7 ms. Memory: 640000K Free: 265604K (42%)
----------------- Invoking toplevel() on ptolemy.moml.MoMLSimpleApplication@584eaf2a
----------------- Done invoking toplevel() on ptolemy.moml.MoMLSimpleApplication@584eaf2a
reloadAllAccessors: .DiscreteClock4

===========================================================================================
----------------- testing Sun Jun 23 15:07:13 UTC 2019 /home/travis/build/icyphy/ptII/ptolemy/actor/lib/test/auto/DiscreteClock5.xml
----------------- Instantiating /home/travis/build/icyphy/ptII/ptolemy/actor/lib/test/auto/DiscreteClock5.xml
2 ms. Memory: 640000K Free: 259955K (41%)
----------------- Invoking toplevel() on ptolemy.moml.MoMLSimpleApplication@6bdf77ba
----------------- Done invoking toplevel() on ptolemy.moml.MoMLSimpleApplication@6bdf77ba
reloadAllAccessors: .DiscreteClock5

===========================================================================================
----------------- testing Sun Jun 23 15:07:13 UTC 2019 /home/travis/build/icyphy/ptII/ptolemy/actor/lib/test/auto/DiscreteClock6.xml
----------------- Instantiating /home/travis/build/icyphy/ptII/ptolemy/actor/lib/test/auto/DiscreteClock6.xml
2 ms. Memory: 640000K Free: 256388K (40%)
----------------- Invoking toplevel() on ptolemy.moml.MoMLSimpleApplication@60759d7c
----------------- Done invoking toplevel() on ptolemy.moml.MoMLSimpleApplication@60759d7c
reloadAllAccessors: .DiscreteClock6

===========================================================================================
----------------- testing Sun Jun 23 15:07:13 UTC 2019 /home/travis/build/icyphy/ptII/ptolemy/actor/lib/test/auto/DiscreteClock7.xml
----------------- Instantiating /home/travis/build/icyphy/ptII/ptolemy/actor/lib/test/auto/DiscreteClock7.xml
1 ms. Memory: 640000K Free: 251778K (39%)
----------------- Invoking toplevel() on ptolemy.moml.MoMLSimpleApplication@50204d64
----------------- Done invoking toplevel() on ptolemy.moml.MoMLSimpleApplication@50204d64
reloadAllAccessors: .DiscreteClock7

===========================================================================================
----------------- testing Sun Jun 23 15:07:13 UTC 2019 /home/travis/build/icyphy/ptII/ptolemy/actor/lib/test/auto/DiscreteClock8.xml
----------------- Instantiating /home/travis/build/icyphy/ptII/ptolemy/actor/lib/test/auto/DiscreteClock8.xml
5 ms. Memory: 640000K Free: 246148K (38%)
----------------- Invoking toplevel() on ptolemy.moml.MoMLSimpleApplication@6fe6c110
----------------- Done invoking toplevel() on ptolemy.moml.MoMLSimpleApplication@6fe6c110
reloadAllAccessors: .DiscreteClock8

===========================================================================================
----------------- testing Sun Jun 23 15:07:13 UTC 2019 /home/travis/build/icyphy/ptII/ptolemy/actor/lib/test/auto/DiscreteClock9.xml
----------------- Instantiating /home/travis/build/icyphy/ptII/ptolemy/actor/lib/test/auto/DiscreteClock9.xml
5 ms. Memory: 640000K Free: 240483K (38%)
----------------- Invoking toplevel() on ptolemy.moml.MoMLSimpleApplication@7f24f188
----------------- Done invoking toplevel() on ptolemy.moml.MoMLSimpleApplication@7f24f188
reloadAllAccessors: .DiscreteClock9

===========================================================================================
----------------- testing Sun Jun 23 15:07:13 UTC 2019 /home/travis/build/icyphy/ptII/ptolemy/actor/lib/test/auto/DisplayArray.xml
----------------- Instantiating /home/travis/build/icyphy/ptII/ptolemy/actor/lib/test/auto/DisplayArray.xml
1 ms. Memory: 640000K Free: 236932K (37%)
----------------- Invoking toplevel() on ptolemy.moml.MoMLSimpleApplication@2994eeb7
----------------- Done invoking toplevel() on ptolemy.moml.MoMLSimpleApplication@2994eeb7
reloadAllAccessors: .DisplayArray

===========================================================================================
----------------- testing Sun Jun 23 15:07:13 UTC 2019 /home/travis/build/icyphy/ptII/ptolemy/actor/lib/test/auto/Distributor.xml
----------------- Instantiating /home/travis/build/icyphy/ptII/ptolemy/actor/lib/test/auto/Distributor.xml
1 ms. Memory: 640000K Free: 232836K (36%)
----------------- Invoking toplevel() on ptolemy.moml.MoMLSimpleApplication@3e8ec8d8
----------------- Done invoking toplevel() on ptolemy.moml.MoMLSimpleApplication@3e8ec8d8
reloadAllAccessors: .Distributor

===========================================================================================
----------------- testing Sun Jun 23 15:07:13 UTC 2019 /home/travis/build/icyphy/ptII/ptolemy/actor/lib/test/auto/Distributor2.xml
----------------- Instantiating /home/travis/build/icyphy/ptII/ptolemy/actor/lib/test/auto/Distributor2.xml
1 ms. Memory: 640000K Free: 228226K (36%)
----------------- Invoking toplevel() on ptolemy.moml.MoMLSimpleApplication@4e1861a8
----------------- Done invoking toplevel() on ptolemy.moml.MoMLSimpleApplication@4e1861a8
reloadAllAccessors: .Distributor2

===========================================================================================
----------------- testing Sun Jun 23 15:07:13 UTC 2019 /home/travis/build/icyphy/ptII/ptolemy/actor/lib/test/auto/DownSample.xml
----------------- Instantiating /home/travis/build/icyphy/ptII/ptolemy/actor/lib/test/auto/DownSample.xml
2 ms. Memory: 640000K Free: 588879K (92%)
----------------- Invoking toplevel() on ptolemy.moml.MoMLSimpleApplication@5bdedd0
----------------- Done invoking toplevel() on ptolemy.moml.MoMLSimpleApplication@5bdedd0
reloadAllAccessors: .DownSample

===========================================================================================
----------------- testing Sun Jun 23 15:07:13 UTC 2019 /home/travis/build/icyphy/ptII/ptolemy/actor/lib/test/auto/ElectronicUnitBase1.xml
----------------- Instantiating /home/travis/build/icyphy/ptII/ptolemy/actor/lib/test/auto/ElectronicUnitBase1.xml
19 ms. Memory: 640000K Free: 573009K (90%)
----------------- Invoking toplevel() on ptolemy.moml.MoMLSimpleApplication@347877dd
----------------- Done invoking toplevel() on ptolemy.moml.MoMLSimpleApplication@347877dd
reloadAllAccessors: .ElectronicUnitBase1

===========================================================================================
----------------- testing Sun Jun 23 15:07:13 UTC 2019 /home/travis/build/icyphy/ptII/ptolemy/actor/lib/test/auto/ElementsToArray.xml
----------------- Instantiating /home/travis/build/icyphy/ptII/ptolemy/actor/lib/test/auto/ElementsToArray.xml
2 ms. Memory: 640000K Free: 567889K (89%)
----------------- Invoking toplevel() on ptolemy.moml.MoMLSimpleApplication@5e119714
----------------- Done invoking toplevel() on ptolemy.moml.MoMLSimpleApplication@5e119714
reloadAllAccessors: .ElementsToArray

===========================================================================================
----------------- testing Sun Jun 23 15:07:13 UTC 2019 /home/travis/build/icyphy/ptII/ptolemy/actor/lib/test/auto/Equals.xml
----------------- Instantiating /home/travis/build/icyphy/ptII/ptolemy/actor/lib/test/auto/Equals.xml
3 ms. Memory: 640000K Free: 563793K (88%)
----------------- Invoking toplevel() on ptolemy.moml.MoMLSimpleApplication@2860ce1e
----------------- Done invoking toplevel() on ptolemy.moml.MoMLSimpleApplication@2860ce1e
reloadAllAccessors: .Equals

===========================================================================================
----------------- testing Sun Jun 23 15:07:13 UTC 2019 /home/travis/build/icyphy/ptII/ptolemy/actor/lib/test/auto/Exec.xml
----------------- Instantiating /home/travis/build/icyphy/ptII/ptolemy/actor/lib/test/auto/Exec.xml
19 ms. Memory: 640000K Free: 558159K (87%)
----------------- Invoking toplevel() on ptolemy.moml.MoMLSimpleApplication@4e823a16
----------------- Done invoking toplevel() on ptolemy.moml.MoMLSimpleApplication@4e823a16
reloadAllAccessors: .Exec

===========================================================================================
----------------- testing Sun Jun 23 15:07:13 UTC 2019 /home/travis/build/icyphy/ptII/ptolemy/actor/lib/test/auto/ExecEnvironment.xml
----------------- Instantiating /home/travis/build/icyphy/ptII/ptolemy/actor/lib/test/auto/ExecEnvironment.xml
33 ms. Memory: 640000K Free: 553039K (86%)
----------------- Invoking toplevel() on ptolemy.moml.MoMLSimpleApplication@3c069994
----------------- Done invoking toplevel() on ptolemy.moml.MoMLSimpleApplication@3c069994
reloadAllAccessors: .ExecEnvironment

===========================================================================================
----------------- testing Sun Jun 23 15:07:14 UTC 2019 /home/travis/build/icyphy/ptII/ptolemy/actor/lib/test/auto/ExecNonZeroReturnOutput.xml
----------------- Instantiating /home/travis/build/icyphy/ptII/ptolemy/actor/lib/test/auto/ExecNonZeroReturnOutput.xml
182 ms. Memory: 640000K Free: 541265K (85%)
----------------- Invoking toplevel() on ptolemy.moml.MoMLSimpleApplication@7d8271c
----------------- Done invoking toplevel() on ptolemy.moml.MoMLSimpleApplication@7d8271c
reloadAllAccessors: .ExecNonZeroReturnOutput

===========================================================================================
----------------- testing Sun Jun 23 15:07:14 UTC 2019 /home/travis/build/icyphy/ptII/ptolemy/actor/lib/test/auto/ExecRunDemos.xml
----------------- Instantiating /home/travis/build/icyphy/ptII/ptolemy/actor/lib/test/auto/ExecRunDemos.xml
10538 ms. Memory: 640000K Free: 521809K (82%)

===========================================================================================
----------------- testing Sun Jun 23 15:07:24 UTC 2019 /home/travis/build/icyphy/ptII/ptolemy/actor/lib/test/auto/ExecStop.xml
----------------- Instantiating /home/travis/build/icyphy/ptII/ptolemy/actor/lib/test/auto/ExecStop.xml
5022 ms. Memory: 640000K Free: 401487K (63%)
----------------- Invoking toplevel() on ptolemy.moml.MoMLSimpleApplication@1b7b0a14
----------------- Done invoking toplevel() on ptolemy.moml.MoMLSimpleApplication@1b7b0a14
reloadAllAccessors: .ExecStop

===========================================================================================
----------------- testing Sun Jun 23 15:07:29 UTC 2019 /home/travis/build/icyphy/ptII/ptolemy/actor/lib/test/auto/ExecutionTimeSDF.xml
----------------- Instantiating /home/travis/build/icyphy/ptII/ptolemy/actor/lib/test/auto/ExecutionTimeSDF.xml
Fired ExecutionTime: -1913767296
Fired ExecutionTime: 1036000000
Fired ExecutionTime: 1086800000
6015 ms. Memory: 640000K Free: 389713K (61%)
----------------- Invoking toplevel() on ptolemy.moml.MoMLSimpleApplication@7327aecf
----------------- Done invoking toplevel() on ptolemy.moml.MoMLSimpleApplication@7327aecf
reloadAllAccessors: .ExecutionTimeSDF

===========================================================================================
----------------- testing Sun Jun 23 15:07:35 UTC 2019 /home/travis/build/icyphy/ptII/ptolemy/actor/lib/test/auto/Expression1.xml
----------------- Instantiating /home/travis/build/icyphy/ptII/ptolemy/actor/lib/test/auto/Expression1.xml
2 ms. Memory: 640000K Free: 386127K (60%)
----------------- Invoking toplevel() on ptolemy.moml.MoMLSimpleApplication@71813525
----------------- Done invoking toplevel() on ptolemy.moml.MoMLSimpleApplication@71813525
reloadAllAccessors: .Expression1

===========================================================================================
----------------- testing Sun Jun 23 15:07:35 UTC 2019 /home/travis/build/icyphy/ptII/ptolemy/actor/lib/test/auto/Expression10.xml
----------------- Instantiating /home/travis/build/icyphy/ptII/ptolemy/actor/lib/test/auto/Expression10.xml
5 ms. Memory: 640000K Free: 381007K (60%)
----------------- Invoking toplevel() on ptolemy.moml.MoMLSimpleApplication@4c09aa1a
----------------- Done invoking toplevel() on ptolemy.moml.MoMLSimpleApplication@4c09aa1a
reloadAllAccessors: .Expression10

===========================================================================================
----------------- testing Sun Jun 23 15:07:35 UTC 2019 /home/travis/build/icyphy/ptII/ptolemy/actor/lib/test/auto/Expression11.xml
----------------- Instantiating /home/travis/build/icyphy/ptII/ptolemy/actor/lib/test/auto/Expression11.xml
2 ms. Memory: 640000K Free: 375887K (59%)
----------------- Invoking toplevel() on ptolemy.moml.MoMLSimpleApplication@e39baba
----------------- Done invoking toplevel() on ptolemy.moml.MoMLSimpleApplication@e39baba
reloadAllAccessors: .Expression11

===========================================================================================
----------------- testing Sun Jun 23 15:07:35 UTC 2019 /home/travis/build/icyphy/ptII/ptolemy/actor/lib/test/auto/Expression12.xml
----------------- Instantiating /home/travis/build/icyphy/ptII/ptolemy/actor/lib/test/auto/Expression12.xml
5 ms. Memory: 640000K Free: 370767K (58%)
----------------- Invoking toplevel() on ptolemy.moml.MoMLSimpleApplication@59039e54
----------------- Done invoking toplevel() on ptolemy.moml.MoMLSimpleApplication@59039e54
reloadAllAccessors: .Expression12

===========================================================================================
----------------- testing Sun Jun 23 15:07:35 UTC 2019 /home/travis/build/icyphy/ptII/ptolemy/actor/lib/test/auto/Expression13.xml
----------------- Instantiating /home/travis/build/icyphy/ptII/ptolemy/actor/lib/test/auto/Expression13.xml
4 ms. Memory: 640000K Free: 365647K (57%)
----------------- Invoking toplevel() on ptolemy.moml.MoMLSimpleApplication@508c366b
----------------- Done invoking toplevel() on ptolemy.moml.MoMLSimpleApplication@508c366b
reloadAllAccessors: .Expression13

===========================================================================================
----------------- testing Sun Jun 23 15:07:35 UTC 2019 /home/travis/build/icyphy/ptII/ptolemy/actor/lib/test/auto/Expression14.xml
----------------- Instantiating /home/travis/build/icyphy/ptII/ptolemy/actor/lib/test/auto/Expression14.xml
7 ms. Memory: 640000K Free: 360017K (56%)
----------------- Invoking toplevel() on ptolemy.moml.MoMLSimpleApplication@77c0f445
----------------- Done invoking toplevel() on ptolemy.moml.MoMLSimpleApplication@77c0f445
reloadAllAccessors: .Expression14

===========================================================================================
----------------- testing Sun Jun 23 15:07:36 UTC 2019 /home/travis/build/icyphy/ptII/ptolemy/actor/lib/test/auto/Expression15.xml
----------------- Instantiating /home/travis/build/icyphy/ptII/ptolemy/actor/lib/test/auto/Expression15.xml
1 ms. Memory: 640000K Free: 355921K (56%)
----------------- Invoking toplevel() on ptolemy.moml.MoMLSimpleApplication@38802615
----------------- Done invoking toplevel() on ptolemy.moml.MoMLSimpleApplication@38802615
reloadAllAccessors: .Expression15

===========================================================================================
----------------- testing Sun Jun 23 15:07:36 UTC 2019 /home/travis/build/icyphy/ptII/ptolemy/actor/lib/test/auto/Expression16.xml
----------------- Instantiating /home/travis/build/icyphy/ptII/ptolemy/actor/lib/test/auto/Expression16.xml
3 ms. Memory: 640000K Free: 350801K (55%)
----------------- Invoking toplevel() on ptolemy.moml.MoMLSimpleApplication@533826bc
----------------- Done invoking toplevel() on ptolemy.moml.MoMLSimpleApplication@533826bc
reloadAllAccessors: .Expression16

===========================================================================================
----------------- testing Sun Jun 23 15:07:36 UTC 2019 /home/travis/build/icyphy/ptII/ptolemy/actor/lib/test/auto/Expression17.xml
----------------- Instantiating /home/travis/build/icyphy/ptII/ptolemy/actor/lib/test/auto/Expression17.xml
3 ms. Memory: 640000K Free: 346191K (54%)
----------------- Invoking toplevel() on ptolemy.moml.MoMLSimpleApplication@2e21907f
----------------- Done invoking toplevel() on ptolemy.moml.MoMLSimpleApplication@2e21907f
reloadAllAccessors: .Expression17

===========================================================================================
----------------- testing Sun Jun 23 15:07:36 UTC 2019 /home/travis/build/icyphy/ptII/ptolemy/actor/lib/test/auto/Expression18.xml
----------------- Instantiating /home/travis/build/icyphy/ptII/ptolemy/actor/lib/test/auto/Expression18.xml
3 ms. Memory: 640000K Free: 341071K (53%)
----------------- Invoking toplevel() on ptolemy.moml.MoMLSimpleApplication@2266fadb
----------------- Done invoking toplevel() on ptolemy.moml.MoMLSimpleApplication@2266fadb
reloadAllAccessors: .Expression18

===========================================================================================
----------------- testing Sun Jun 23 15:07:36 UTC 2019 /home/travis/build/icyphy/ptII/ptolemy/actor/lib/test/auto/Expression2.xml
----------------- Instantiating /home/travis/build/icyphy/ptII/ptolemy/actor/lib/test/auto/Expression2.xml
3 ms. Memory: 640000K Free: 336465K (53%)
----------------- Invoking toplevel() on ptolemy.moml.MoMLSimpleApplication@19e88e6a
----------------- Done invoking toplevel() on ptolemy.moml.MoMLSimpleApplication@19e88e6a
reloadAllAccessors: .Expression2

===========================================================================================
----------------- testing Sun Jun 23 15:07:36 UTC 2019 /home/travis/build/icyphy/ptII/ptolemy/actor/lib/test/auto/Expression3.xml
----------------- Instantiating /home/travis/build/icyphy/ptII/ptolemy/actor/lib/test/auto/Expression3.xml
6 ms. Memory: 640000K Free: 331345K (52%)
----------------- Invoking toplevel() on ptolemy.moml.MoMLSimpleApplication@c36b44c
----------------- Done invoking toplevel() on ptolemy.moml.MoMLSimpleApplication@c36b44c
reloadAllAccessors: .Expression3

===========================================================================================
----------------- testing Sun Jun 23 15:07:36 UTC 2019 /home/travis/build/icyphy/ptII/ptolemy/actor/lib/test/auto/Expression4.xml
----------------- Instantiating /home/travis/build/icyphy/ptII/ptolemy/actor/lib/test/auto/Expression4.xml
6 ms. Memory: 640000K Free: 324177K (51%)
----------------- Invoking toplevel() on ptolemy.moml.MoMLSimpleApplication@365e2436
----------------- Done invoking toplevel() on ptolemy.moml.MoMLSimpleApplication@365e2436
reloadAllAccessors: .Expression4

===========================================================================================
----------------- testing Sun Jun 23 15:07:36 UTC 2019 /home/travis/build/icyphy/ptII/ptolemy/actor/lib/test/auto/Expression5.xml
----------------- Instantiating /home/travis/build/icyphy/ptII/ptolemy/actor/lib/test/auto/Expression5.xml
3 ms. Memory: 640000K Free: 319057K (50%)
----------------- Invoking toplevel() on ptolemy.moml.MoMLSimpleApplication@78c4fdbc
----------------- Done invoking toplevel() on ptolemy.moml.MoMLSimpleApplication@78c4fdbc
reloadAllAccessors: .Expression5

===========================================================================================
----------------- testing Sun Jun 23 15:07:36 UTC 2019 /home/travis/build/icyphy/ptII/ptolemy/actor/lib/test/auto/Expression6.xml
----------------- Instantiating /home/travis/build/icyphy/ptII/ptolemy/actor/lib/test/auto/Expression6.xml
2 ms. Memory: 640000K Free: 314447K (49%)
----------------- Invoking toplevel() on ptolemy.moml.MoMLSimpleApplication@525a0c50
----------------- Done invoking toplevel() on ptolemy.moml.MoMLSimpleApplication@525a0c50
reloadAllAccessors: .Expression6

===========================================================================================
----------------- testing Sun Jun 23 15:07:36 UTC 2019 /home/travis/build/icyphy/ptII/ptolemy/actor/lib/test/auto/Expression7.xml
----------------- Instantiating /home/travis/build/icyphy/ptII/ptolemy/actor/lib/test/auto/Expression7.xml
2 ms. Memory: 640000K Free: 309841K (48%)
----------------- Invoking toplevel() on ptolemy.moml.MoMLSimpleApplication@47fe377e
----------------- Done invoking toplevel() on ptolemy.moml.MoMLSimpleApplication@47fe377e
reloadAllAccessors: .Expression7

===========================================================================================
----------------- testing Sun Jun 23 15:07:36 UTC 2019 /home/travis/build/icyphy/ptII/ptolemy/actor/lib/test/auto/Expression8.xml
----------------- Instantiating /home/travis/build/icyphy/ptII/ptolemy/actor/lib/test/auto/Expression8.xml
8 ms. Memory: 640000K Free: 304721K (48%)
----------------- Invoking toplevel() on ptolemy.moml.MoMLSimpleApplication@11c2c8f3
----------------- Done invoking toplevel() on ptolemy.moml.MoMLSimpleApplication@11c2c8f3
reloadAllAccessors: .Expression8

===========================================================================================
----------------- testing Sun Jun 23 15:07:36 UTC 2019 /home/travis/build/icyphy/ptII/ptolemy/actor/lib/test/auto/Expression9.xml
----------------- Instantiating /home/travis/build/icyphy/ptII/ptolemy/actor/lib/test/auto/Expression9.xml
0 ms. Memory: 640000K Free: 301135K (47%)
----------------- Invoking toplevel() on ptolemy.moml.MoMLSimpleApplication@2916c147
----------------- Done invoking toplevel() on ptolemy.moml.MoMLSimpleApplication@2916c147
reloadAllAccessors: .Expression9

===========================================================================================
----------------- testing Sun Jun 23 15:07:36 UTC 2019 /home/travis/build/icyphy/ptII/ptolemy/actor/lib/test/auto/ExpressionConcatenateArrayType.xml
----------------- Instantiating /home/travis/build/icyphy/ptII/ptolemy/actor/lib/test/auto/ExpressionConcatenateArrayType.xml
3 ms. Memory: 640000K Free: 294481K (46%)
----------------- Invoking toplevel() on ptolemy.moml.MoMLSimpleApplication@17145862
----------------- Done invoking toplevel() on ptolemy.moml.MoMLSimpleApplication@17145862
reloadAllAccessors: .ExpressionConcatenateArrayType

===========================================================================================
----------------- testing Sun Jun 23 15:07:36 UTC 2019 /home/travis/build/icyphy/ptII/ptolemy/actor/lib/test/auto/ExpressionConcatenateArrayType2.xml
----------------- Instantiating /home/travis/build/icyphy/ptII/ptolemy/actor/lib/test/auto/ExpressionConcatenateArrayType2.xml
2 ms. Memory: 640000K Free: 289361K (45%)
----------------- Invoking toplevel() on ptolemy.moml.MoMLSimpleApplication@79f5817d
----------------- Done invoking toplevel() on ptolemy.moml.MoMLSimpleApplication@79f5817d
reloadAllAccessors: .ExpressionConcatenateArrayType2

===========================================================================================
----------------- testing Sun Jun 23 15:07:36 UTC 2019 /home/travis/build/icyphy/ptII/ptolemy/actor/lib/test/auto/ExpressionFix.xml
----------------- Instantiating /home/travis/build/icyphy/ptII/ptolemy/actor/lib/test/auto/ExpressionFix.xml
22 ms. Memory: 640000K Free: 282703K (44%)
----------------- Invoking toplevel() on ptolemy.moml.MoMLSimpleApplication@235de107
----------------- Done invoking toplevel() on ptolemy.moml.MoMLSimpleApplication@235de107
reloadAllAccessors: .ExpressionFix

===========================================================================================
----------------- testing Sun Jun 23 15:07:36 UTC 2019 /home/travis/build/icyphy/ptII/ptolemy/actor/lib/test/auto/ExpressionFix2.xml
----------------- Instantiating /home/travis/build/icyphy/ptII/ptolemy/actor/lib/test/auto/ExpressionFix2.xml
3 ms. Memory: 640000K Free: 278607K (44%)
----------------- Invoking toplevel() on ptolemy.moml.MoMLSimpleApplication@76c27955
----------------- Done invoking toplevel() on ptolemy.moml.MoMLSimpleApplication@76c27955
reloadAllAccessors: .ExpressionFix2

===========================================================================================
----------------- testing Sun Jun 23 15:07:36 UTC 2019 /home/travis/build/icyphy/ptII/ptolemy/actor/lib/test/auto/ExpressionFix3.xml
----------------- Instantiating /home/travis/build/icyphy/ptII/ptolemy/actor/lib/test/auto/ExpressionFix3.xml
2 ms. Memory: 640000K Free: 274511K (43%)
----------------- Invoking toplevel() on ptolemy.moml.MoMLSimpleApplication@6860f3c3
----------------- Done invoking toplevel() on ptolemy.moml.MoMLSimpleApplication@6860f3c3
reloadAllAccessors: .ExpressionFix3

===========================================================================================
----------------- testing Sun Jun 23 15:07:36 UTC 2019 /home/travis/build/icyphy/ptII/ptolemy/actor/lib/test/auto/FileWriter1.xml
----------------- Instantiating /home/travis/build/icyphy/ptII/ptolemy/actor/lib/test/auto/FileWriter1.xml
2 ms. Memory: 640000K Free: 270415K (42%)
----------------- Invoking toplevel() on ptolemy.moml.MoMLSimpleApplication@1080325d
----------------- Done invoking toplevel() on ptolemy.moml.MoMLSimpleApplication@1080325d
reloadAllAccessors: .FileWriter1

===========================================================================================
----------------- testing Sun Jun 23 15:07:36 UTC 2019 /home/travis/build/icyphy/ptII/ptolemy/actor/lib/test/auto/FileWriter2.xml
----------------- Instantiating /home/travis/build/icyphy/ptII/ptolemy/actor/lib/test/auto/FileWriter2.xml
6 ms. Memory: 640000K Free: 266319K (42%)
----------------- Invoking toplevel() on ptolemy.moml.MoMLSimpleApplication@7a06cb9f
----------------- Done invoking toplevel() on ptolemy.moml.MoMLSimpleApplication@7a06cb9f
reloadAllAccessors: .FileWriter2

===========================================================================================
----------------- testing Sun Jun 23 15:07:36 UTC 2019 /home/travis/build/icyphy/ptII/ptolemy/actor/lib/test/auto/FileWriter3.xml
----------------- Instantiating /home/travis/build/icyphy/ptII/ptolemy/actor/lib/test/auto/FileWriter3.xml
2 ms. Memory: 640000K Free: 262223K (41%)
----------------- Invoking toplevel() on ptolemy.moml.MoMLSimpleApplication@7f1d5ee6
----------------- Done invoking toplevel() on ptolemy.moml.MoMLSimpleApplication@7f1d5ee6
reloadAllAccessors: .FileWriter3

===========================================================================================
----------------- testing Sun Jun 23 15:07:36 UTC 2019 /home/travis/build/icyphy/ptII/ptolemy/actor/lib/test/auto/Gaussian.xml
----------------- Instantiating /home/travis/build/icyphy/ptII/ptolemy/actor/lib/test/auto/Gaussian.xml
2 ms. Memory: 640000K Free: 257617K (40%)
----------------- Invoking toplevel() on ptolemy.moml.MoMLSimpleApplication@78ac6e99
----------------- Done invoking toplevel() on ptolemy.moml.MoMLSimpleApplication@78ac6e99
reloadAllAccessors: .Gaussian

===========================================================================================
----------------- testing Sun Jun 23 15:07:36 UTC 2019 /home/travis/build/icyphy/ptII/ptolemy/actor/lib/test/auto/Gaussian1.xml
----------------- Instantiating /home/travis/build/icyphy/ptII/ptolemy/actor/lib/test/auto/Gaussian1.xml
8 ms. Memory: 640000K Free: 252497K (39%)
----------------- Invoking toplevel() on ptolemy.moml.MoMLSimpleApplication@ded4c42
----------------- Done invoking toplevel() on ptolemy.moml.MoMLSimpleApplication@ded4c42
reloadAllAccessors: .Gaussian1

===========================================================================================
----------------- testing Sun Jun 23 15:07:36 UTC 2019 /home/travis/build/icyphy/ptII/ptolemy/actor/lib/test/auto/Gaussian2.xml
----------------- Instantiating /home/travis/build/icyphy/ptII/ptolemy/actor/lib/test/auto/Gaussian2.xml
2 ms. Memory: 640000K Free: 246857K (39%)
----------------- Invoking toplevel() on ptolemy.moml.MoMLSimpleApplication@463b6093
----------------- Done invoking toplevel() on ptolemy.moml.MoMLSimpleApplication@463b6093
reloadAllAccessors: .Gaussian2

===========================================================================================
----------------- testing Sun Jun 23 15:07:36 UTC 2019 /home/travis/build/icyphy/ptII/ptolemy/actor/lib/test/auto/GradientAdaptiveLattice.xml
----------------- Instantiating /home/travis/build/icyphy/ptII/ptolemy/actor/lib/test/auto/GradientAdaptiveLattice.xml
2 ms. Memory: 640000K Free: 241743K (38%)
----------------- Invoking toplevel() on ptolemy.moml.MoMLSimpleApplication@4bc816aa
----------------- Done invoking toplevel() on ptolemy.moml.MoMLSimpleApplication@4bc816aa
reloadAllAccessors: .GradientAdaptiveLattice

===========================================================================================
----------------- testing Sun Jun 23 15:07:36 UTC 2019 /home/travis/build/icyphy/ptII/ptolemy/actor/lib/test/auto/IIR.xml
----------------- Instantiating /home/travis/build/icyphy/ptII/ptolemy/actor/lib/test/auto/IIR.xml
2 ms. Memory: 640000K Free: 237647K (37%)
----------------- Invoking toplevel() on ptolemy.moml.MoMLSimpleApplication@2364a279
----------------- Done invoking toplevel() on ptolemy.moml.MoMLSimpleApplication@2364a279
reloadAllAccessors: .IIR

===========================================================================================
----------------- testing Sun Jun 23 15:07:36 UTC 2019 /home/travis/build/icyphy/ptII/ptolemy/actor/lib/test/auto/InputOutputTransparentPorts.xml
----------------- Instantiating /home/travis/build/icyphy/ptII/ptolemy/actor/lib/test/auto/InputOutputTransparentPorts.xml
2 ms. Memory: 640000K Free: 230479K (36%)
----------------- Invoking toplevel() on ptolemy.moml.MoMLSimpleApplication@68e93206
----------------- Done invoking toplevel() on ptolemy.moml.MoMLSimpleApplication@68e93206
reloadAllAccessors: .InputOutputTransparentPorts

===========================================================================================
----------------- testing Sun Jun 23 15:07:36 UTC 2019 /home/travis/build/icyphy/ptII/ptolemy/actor/lib/test/auto/Interpolator.xml
----------------- Instantiating /home/travis/build/icyphy/ptII/ptolemy/actor/lib/test/auto/Interpolator.xml
4 ms. Memory: 640000K Free: 226383K (35%)
----------------- Invoking toplevel() on ptolemy.moml.MoMLSimpleApplication@50e7e093
----------------- Done invoking toplevel() on ptolemy.moml.MoMLSimpleApplication@50e7e093
reloadAllAccessors: .Interpolator

===========================================================================================
----------------- testing Sun Jun 23 15:07:36 UTC 2019 /home/travis/build/icyphy/ptII/ptolemy/actor/lib/test/auto/InterpolatorFiringLimitDE.xml
----------------- Instantiating /home/travis/build/icyphy/ptII/ptolemy/actor/lib/test/auto/InterpolatorFiringLimitDE.xml
2 ms. Memory: 640000K Free: 220239K (34%)
----------------- Invoking toplevel() on ptolemy.moml.MoMLSimpleApplication@4b025695
----------------- Done invoking toplevel() on ptolemy.moml.MoMLSimpleApplication@4b025695
reloadAllAccessors: .InterpolatorFiringLimitDE

===========================================================================================
----------------- testing Sun Jun 23 15:07:36 UTC 2019 /home/travis/build/icyphy/ptII/ptolemy/actor/lib/test/auto/Lattice.xml
----------------- Instantiating /home/travis/build/icyphy/ptII/ptolemy/actor/lib/test/auto/Lattice.xml
1 ms. Memory: 640000K Free: 216143K (34%)
----------------- Invoking toplevel() on ptolemy.moml.MoMLSimpleApplication@19a6ad8
----------------- Done invoking toplevel() on ptolemy.moml.MoMLSimpleApplication@19a6ad8
reloadAllAccessors: .Lattice

===========================================================================================
----------------- testing Sun Jun 23 15:07:36 UTC 2019 /home/travis/build/icyphy/ptII/ptolemy/actor/lib/test/auto/LazyAOCTestLazy.xml
----------------- Instantiating /home/travis/build/icyphy/ptII/ptolemy/actor/lib/test/auto/LazyAOCTestLazy.xml
29 ms. Memory: 640000K Free: 590399K (92%)
----------------- Invoking toplevel() on ptolemy.moml.MoMLSimpleApplication@6c402dcd
----------------- Done invoking toplevel() on ptolemy.moml.MoMLSimpleApplication@6c402dcd
reloadAllAccessors: .LazyAOCTestLazy

===========================================================================================
----------------- testing Sun Jun 23 15:07:36 UTC 2019 /home/travis/build/icyphy/ptII/ptolemy/actor/lib/test/auto/LazyAOCTestNonLazy.xml
----------------- Instantiating /home/travis/build/icyphy/ptII/ptolemy/actor/lib/test/auto/LazyAOCTestNonLazy.xml
2 ms. Memory: 640000K Free: 583231K (91%)
----------------- Invoking toplevel() on ptolemy.moml.MoMLSimpleApplication@6a441d7a
----------------- Done invoking toplevel() on ptolemy.moml.MoMLSimpleApplication@6a441d7a
reloadAllAccessors: .LazyAOCTestNonLazy

===========================================================================================
----------------- testing Sun Jun 23 15:07:36 UTC 2019 /home/travis/build/icyphy/ptII/ptolemy/actor/lib/test/auto/LazyInnerClass.xml
----------------- Instantiating /home/travis/build/icyphy/ptII/ptolemy/actor/lib/test/auto/LazyInnerClass.xml
20 ms. Memory: 640000K Free: 575039K (90%)
----------------- Invoking toplevel() on ptolemy.moml.MoMLSimpleApplication@3f1c99f1
----------------- Done invoking toplevel() on ptolemy.moml.MoMLSimpleApplication@3f1c99f1
reloadAllAccessors: .LazyInnerClass

===========================================================================================
----------------- testing Sun Jun 23 15:07:36 UTC 2019 /home/travis/build/icyphy/ptII/ptolemy/actor/lib/test/auto/LazyPubSub.xml
----------------- Instantiating /home/travis/build/icyphy/ptII/ptolemy/actor/lib/test/auto/LazyPubSub.xml
22 ms. Memory: 640000K Free: 564285K (88%)
----------------- Invoking toplevel() on ptolemy.moml.MoMLSimpleApplication@71d08178
----------------- Done invoking toplevel() on ptolemy.moml.MoMLSimpleApplication@71d08178
reloadAllAccessors: .LazyPubSub

===========================================================================================
----------------- testing Sun Jun 23 15:07:36 UTC 2019 /home/travis/build/icyphy/ptII/ptolemy/actor/lib/test/auto/LazyPubSub2.xml
----------------- Instantiating /home/travis/build/icyphy/ptII/ptolemy/actor/lib/test/auto/LazyPubSub2.xml
11 ms. Memory: 640000K Free: 554557K (87%)
----------------- Invoking toplevel() on ptolemy.moml.MoMLSimpleApplication@42ec610e
----------------- Done invoking toplevel() on ptolemy.moml.MoMLSimpleApplication@42ec610e
reloadAllAccessors: .LazyPubSub2

===========================================================================================
----------------- testing Sun Jun 23 15:07:36 UTC 2019 /home/travis/build/icyphy/ptII/ptolemy/actor/lib/test/auto/LazyPubSub3.xml
----------------- Instantiating /home/travis/build/icyphy/ptII/ptolemy/actor/lib/test/auto/LazyPubSub3.xml
19 ms. Memory: 640000K Free: 544829K (85%)
----------------- Invoking toplevel() on ptolemy.moml.MoMLSimpleApplication@267aad06
----------------- Done invoking toplevel() on ptolemy.moml.MoMLSimpleApplication@267aad06
reloadAllAccessors: .LazyPubSub3

===========================================================================================
----------------- testing Sun Jun 23 15:07:36 UTC 2019 /home/travis/build/icyphy/ptII/ptolemy/actor/lib/test/auto/LazySubClassModel.xml
----------------- Instantiating /home/travis/build/icyphy/ptII/ptolemy/actor/lib/test/auto/LazySubClassModel.xml
1 ms. Memory: 640000K Free: 535613K (84%)
----------------- Invoking toplevel() on ptolemy.moml.MoMLSimpleApplication@6105ee20
----------------- Done invoking toplevel() on ptolemy.moml.MoMLSimpleApplication@6105ee20
reloadAllAccessors: .LazySubClassModel

===========================================================================================
----------------- testing Sun Jun 23 15:07:36 UTC 2019 /home/travis/build/icyphy/ptII/ptolemy/actor/lib/test/auto/LevelCrossTest1.xml
----------------- Instantiating /home/travis/build/icyphy/ptII/ptolemy/actor/lib/test/auto/LevelCrossTest1.xml
1 ms. Memory: 640000K Free: 530493K (83%)
----------------- Invoking toplevel() on ptolemy.moml.MoMLSimpleApplication@158eaada
----------------- Done invoking toplevel() on ptolemy.moml.MoMLSimpleApplication@158eaada
reloadAllAccessors: .broken

===========================================================================================
----------------- testing Sun Jun 23 15:07:36 UTC 2019 /home/travis/build/icyphy/ptII/ptolemy/actor/lib/test/auto/LevelCrossTest10.xml
----------------- Instantiating /home/travis/build/icyphy/ptII/ptolemy/actor/lib/test/auto/LevelCrossTest10.xml
1 ms. Memory: 640000K Free: 523839K (82%)
----------------- Invoking toplevel() on ptolemy.moml.MoMLSimpleApplication@45a3f92d
----------------- Done invoking toplevel() on ptolemy.moml.MoMLSimpleApplication@45a3f92d
reloadAllAccessors: .LevelCrossTest10

===========================================================================================
----------------- testing Sun Jun 23 15:07:36 UTC 2019 /home/travis/build/icyphy/ptII/ptolemy/actor/lib/test/auto/LevelCrossTest11.xml
----------------- Instantiating /home/travis/build/icyphy/ptII/ptolemy/actor/lib/test/auto/LevelCrossTest11.xml
1 ms. Memory: 640000K Free: 517181K (81%)
----------------- Invoking toplevel() on ptolemy.moml.MoMLSimpleApplication@159bda57
----------------- Done invoking toplevel() on ptolemy.moml.MoMLSimpleApplication@159bda57
reloadAllAccessors: .LevelCrossTest11

===========================================================================================
----------------- testing Sun Jun 23 15:07:36 UTC 2019 /home/travis/build/icyphy/ptII/ptolemy/actor/lib/test/auto/LevelCrossTest12.xml
----------------- Instantiating /home/travis/build/icyphy/ptII/ptolemy/actor/lib/test/auto/LevelCrossTest12.xml
1 ms. Memory: 640000K Free: 510013K (80%)
----------------- Invoking toplevel() on ptolemy.moml.MoMLSimpleApplication@6e9f8132
----------------- Done invoking toplevel() on ptolemy.moml.MoMLSimpleApplication@6e9f8132
reloadAllAccessors: .LevelCrossTest12

===========================================================================================
----------------- testing Sun Jun 23 15:07:36 UTC 2019 /home/travis/build/icyphy/ptII/ptolemy/actor/lib/test/auto/LevelCrossTest13.xml
----------------- Instantiating /home/travis/build/icyphy/ptII/ptolemy/actor/lib/test/auto/LevelCrossTest13.xml
1 ms. Memory: 640000K Free: 502845K (79%)
----------------- Invoking toplevel() on ptolemy.moml.MoMLSimpleApplication@5e125b4b
----------------- Done invoking toplevel() on ptolemy.moml.MoMLSimpleApplication@5e125b4b
reloadAllAccessors: .LevelCrossTest13

===========================================================================================
----------------- testing Sun Jun 23 15:07:36 UTC 2019 /home/travis/build/icyphy/ptII/ptolemy/actor/lib/test/auto/LevelCrossTest2.xml
----------------- Instantiating /home/travis/build/icyphy/ptII/ptolemy/actor/lib/test/auto/LevelCrossTest2.xml
1 ms. Memory: 640000K Free: 497215K (78%)
----------------- Invoking toplevel() on ptolemy.moml.MoMLSimpleApplication@f778067
----------------- Done invoking toplevel() on ptolemy.moml.MoMLSimpleApplication@f778067
reloadAllAccessors: .broken

===========================================================================================
----------------- testing Sun Jun 23 15:07:36 UTC 2019 /home/travis/build/icyphy/ptII/ptolemy/actor/lib/test/auto/LevelCrossTest3.xml
----------------- Instantiating /home/travis/build/icyphy/ptII/ptolemy/actor/lib/test/auto/LevelCrossTest3.xml
2 ms. Memory: 640000K Free: 491071K (77%)
----------------- Invoking toplevel() on ptolemy.moml.MoMLSimpleApplication@115434a1
----------------- Done invoking toplevel() on ptolemy.moml.MoMLSimpleApplication@115434a1
reloadAllAccessors: .LevelCrossTest3

===========================================================================================
----------------- testing Sun Jun 23 15:07:36 UTC 2019 /home/travis/build/icyphy/ptII/ptolemy/actor/lib/test/auto/LevelCrossTest4.xml
----------------- Instantiating /home/travis/build/icyphy/ptII/ptolemy/actor/lib/test/auto/LevelCrossTest4.xml
1 ms. Memory: 640000K Free: 485951K (76%)
----------------- Invoking toplevel() on ptolemy.moml.MoMLSimpleApplication@503693f7
----------------- Done invoking toplevel() on ptolemy.moml.MoMLSimpleApplication@503693f7
reloadAllAccessors: .broken

===========================================================================================
----------------- testing Sun Jun 23 15:07:36 UTC 2019 /home/travis/build/icyphy/ptII/ptolemy/actor/lib/test/auto/LevelCrossTest5.xml
----------------- Instantiating /home/travis/build/icyphy/ptII/ptolemy/actor/lib/test/auto/LevelCrossTest5.xml
1 ms. Memory: 640000K Free: 479293K (75%)
----------------- Invoking toplevel() on ptolemy.moml.MoMLSimpleApplication@33736409
----------------- Done invoking toplevel() on ptolemy.moml.MoMLSimpleApplication@33736409
reloadAllAccessors: .LevelCrossTest5

===========================================================================================
----------------- testing Sun Jun 23 15:07:36 UTC 2019 /home/travis/build/icyphy/ptII/ptolemy/actor/lib/test/auto/LevelCrossTest6.xml
----------------- Instantiating /home/travis/build/icyphy/ptII/ptolemy/actor/lib/test/auto/LevelCrossTest6.xml
4 ms. Memory: 640000K Free: 472639K (74%)
----------------- Invoking toplevel() on ptolemy.moml.MoMLSimpleApplication@3b13c2aa
----------------- Done invoking toplevel() on ptolemy.moml.MoMLSimpleApplication@3b13c2aa
reloadAllAccessors: .LevelCrossTest6

===========================================================================================
----------------- testing Sun Jun 23 15:07:37 UTC 2019 /home/travis/build/icyphy/ptII/ptolemy/actor/lib/test/auto/LevelCrossTest7.xml
----------------- Instantiating /home/travis/build/icyphy/ptII/ptolemy/actor/lib/test/auto/LevelCrossTest7.xml
1 ms. Memory: 640000K Free: 464957K (73%)
----------------- Invoking toplevel() on ptolemy.moml.MoMLSimpleApplication@64274e65
----------------- Done invoking toplevel() on ptolemy.moml.MoMLSimpleApplication@64274e65
reloadAllAccessors: .LevelCrossTest7

===========================================================================================
----------------- testing Sun Jun 23 15:07:37 UTC 2019 /home/travis/build/icyphy/ptII/ptolemy/actor/lib/test/auto/LevelCrossTest8.xml
----------------- Instantiating /home/travis/build/icyphy/ptII/ptolemy/actor/lib/test/auto/LevelCrossTest8.xml
2 ms. Memory: 640000K Free: 457789K (72%)
----------------- Invoking toplevel() on ptolemy.moml.MoMLSimpleApplication@7787ac5b
----------------- Done invoking toplevel() on ptolemy.moml.MoMLSimpleApplication@7787ac5b
reloadAllAccessors: .LevelCrossTest8

===========================================================================================
----------------- testing Sun Jun 23 15:07:37 UTC 2019 /home/travis/build/icyphy/ptII/ptolemy/actor/lib/test/auto/LevelCrossTest9.xml
----------------- Instantiating /home/travis/build/icyphy/ptII/ptolemy/actor/lib/test/auto/LevelCrossTest9.xml
2 ms. Memory: 640000K Free: 450621K (70%)
----------------- Invoking toplevel() on ptolemy.moml.MoMLSimpleApplication@49ed4c82
----------------- Done invoking toplevel() on ptolemy.moml.MoMLSimpleApplication@49ed4c82
reloadAllAccessors: .LevelCrossTest9

===========================================================================================
----------------- testing Sun Jun 23 15:07:37 UTC 2019 /home/travis/build/icyphy/ptII/ptolemy/actor/lib/test/auto/LevinsonDurbin.xml
----------------- Instantiating /home/travis/build/icyphy/ptII/ptolemy/actor/lib/test/auto/LevinsonDurbin.xml
9 ms. Memory: 640000K Free: 447039K (70%)
----------------- Invoking toplevel() on ptolemy.moml.MoMLSimpleApplication@68f80bf8
----------------- Done invoking toplevel() on ptolemy.moml.MoMLSimpleApplication@68f80bf8
reloadAllAccessors: .LevinsonDurbin

===========================================================================================
----------------- testing Sun Jun 23 15:07:37 UTC 2019 /home/travis/build/icyphy/ptII/ptolemy/actor/lib/test/auto/LevinsonDurbin2.xml
----------------- Instantiating /home/travis/build/icyphy/ptII/ptolemy/actor/lib/test/auto/LevinsonDurbin2.xml
1 ms. Memory: 640000K Free: 442943K (69%)
----------------- Invoking toplevel() on ptolemy.moml.MoMLSimpleApplication@216fd991
----------------- Done invoking toplevel() on ptolemy.moml.MoMLSimpleApplication@216fd991
reloadAllAccessors: .LevinsonDurbin2

===========================================================================================
----------------- testing Sun Jun 23 15:07:37 UTC 2019 /home/travis/build/icyphy/ptII/ptolemy/actor/lib/test/auto/LevinsonDurbin3.xml
----------------- Instantiating /home/travis/build/icyphy/ptII/ptolemy/actor/lib/test/auto/LevinsonDurbin3.xml
4 ms. Memory: 640000K Free: 438847K (69%)
----------------- Invoking toplevel() on ptolemy.moml.MoMLSimpleApplication@4101f02
----------------- Done invoking toplevel() on ptolemy.moml.MoMLSimpleApplication@4101f02
reloadAllAccessors: .LevinsonDurbin3

===========================================================================================
----------------- testing Sun Jun 23 15:07:37 UTC 2019 /home/travis/build/icyphy/ptII/ptolemy/actor/lib/test/auto/Limiter.xml
----------------- Instantiating /home/travis/build/icyphy/ptII/ptolemy/actor/lib/test/auto/Limiter.xml
4 ms. Memory: 640000K Free: 430135K (67%)
----------------- Invoking toplevel() on ptolemy.moml.MoMLSimpleApplication@3969e0ae
----------------- Done invoking toplevel() on ptolemy.moml.MoMLSimpleApplication@3969e0ae
reloadAllAccessors: .Limiter

===========================================================================================
----------------- testing Sun Jun 23 15:07:37 UTC 2019 /home/travis/build/icyphy/ptII/ptolemy/actor/lib/test/auto/LinearDifferenceEquationSystem.xml
----------------- Instantiating /home/travis/build/icyphy/ptII/ptolemy/actor/lib/test/auto/LinearDifferenceEquationSystem.xml
4 ms. Memory: 640000K Free: 422973K (66%)
----------------- Invoking toplevel() on ptolemy.moml.MoMLSimpleApplication@25da6d08
----------------- Done invoking toplevel() on ptolemy.moml.MoMLSimpleApplication@25da6d08
reloadAllAccessors: .LinearDifferenceEquationSystem

===========================================================================================
----------------- testing Sun Jun 23 15:07:37 UTC 2019 /home/travis/build/icyphy/ptII/ptolemy/actor/lib/test/auto/LookupTable.xml
----------------- Instantiating /home/travis/build/icyphy/ptII/ptolemy/actor/lib/test/auto/LookupTable.xml
3 ms. Memory: 640000K Free: 418367K (65%)
----------------- Invoking toplevel() on ptolemy.moml.MoMLSimpleApplication@7b3b4cd8
----------------- Done invoking toplevel() on ptolemy.moml.MoMLSimpleApplication@7b3b4cd8
reloadAllAccessors: .LookupTable

===========================================================================================
----------------- testing Sun Jun 23 15:07:37 UTC 2019 /home/travis/build/icyphy/ptII/ptolemy/actor/lib/test/auto/MathFunction.xml
----------------- Instantiating /home/travis/build/icyphy/ptII/ptolemy/actor/lib/test/auto/MathFunction.xml
3 ms. Memory: 640000K Free: 410175K (64%)
----------------- Invoking toplevel() on ptolemy.moml.MoMLSimpleApplication@2679e993
----------------- Done invoking toplevel() on ptolemy.moml.MoMLSimpleApplication@2679e993
reloadAllAccessors: .MathFunction

===========================================================================================
----------------- testing Sun Jun 23 15:07:37 UTC 2019 /home/travis/build/icyphy/ptII/ptolemy/actor/lib/test/auto/MathFunction2.xml
----------------- Instantiating /home/travis/build/icyphy/ptII/ptolemy/actor/lib/test/auto/MathFunction2.xml
8 ms. Memory: 640000K Free: 406589K (64%)
----------------- Invoking toplevel() on ptolemy.moml.MoMLSimpleApplication@6da5eb4
----------------- Done invoking toplevel() on ptolemy.moml.MoMLSimpleApplication@6da5eb4
reloadAllAccessors: .MathFunction2

===========================================================================================
----------------- testing Sun Jun 23 15:07:37 UTC 2019 /home/travis/build/icyphy/ptII/ptolemy/actor/lib/test/auto/MathFunction3.xml
----------------- Instantiating /home/travis/build/icyphy/ptII/ptolemy/actor/lib/test/auto/MathFunction3.xml
4 ms. Memory: 640000K Free: 399421K (62%)
----------------- Invoking toplevel() on ptolemy.moml.MoMLSimpleApplication@3d6acc1e
----------------- Done invoking toplevel() on ptolemy.moml.MoMLSimpleApplication@3d6acc1e
reloadAllAccessors: .MathFunction3

===========================================================================================
----------------- testing Sun Jun 23 15:07:37 UTC 2019 /home/travis/build/icyphy/ptII/ptolemy/actor/lib/test/auto/MatrixCropBoolean.xml
----------------- Instantiating /home/travis/build/icyphy/ptII/ptolemy/actor/lib/test/auto/MatrixCropBoolean.xml
2 ms. Memory: 640000K Free: 394815K (62%)
----------------- Invoking toplevel() on ptolemy.moml.MoMLSimpleApplication@6fc889d0
----------------- Done invoking toplevel() on ptolemy.moml.MoMLSimpleApplication@6fc889d0
reloadAllAccessors: .MatrixCropBoolean

===========================================================================================
----------------- testing Sun Jun 23 15:07:37 UTC 2019 /home/travis/build/icyphy/ptII/ptolemy/actor/lib/test/auto/MatrixCropComplex.xml
----------------- Instantiating /home/travis/build/icyphy/ptII/ptolemy/actor/lib/test/auto/MatrixCropComplex.xml
2 ms. Memory: 640000K Free: 389695K (61%)
----------------- Invoking toplevel() on ptolemy.moml.MoMLSimpleApplication@66075048
----------------- Done invoking toplevel() on ptolemy.moml.MoMLSimpleApplication@66075048
reloadAllAccessors: .MatrixCropComplex

===========================================================================================
----------------- testing Sun Jun 23 15:07:37 UTC 2019 /home/travis/build/icyphy/ptII/ptolemy/actor/lib/test/auto/MatrixCropDouble.xml
----------------- Instantiating /home/travis/build/icyphy/ptII/ptolemy/actor/lib/test/auto/MatrixCropDouble.xml
2 ms. Memory: 640000K Free: 384575K (60%)
----------------- Invoking toplevel() on ptolemy.moml.MoMLSimpleApplication@6572dee7
----------------- Done invoking toplevel() on ptolemy.moml.MoMLSimpleApplication@6572dee7
reloadAllAccessors: .MatrixCropDouble

===========================================================================================
----------------- testing Sun Jun 23 15:07:37 UTC 2019 /home/travis/build/icyphy/ptII/ptolemy/actor/lib/test/auto/MatrixCropFix.xml
----------------- Instantiating /home/travis/build/icyphy/ptII/ptolemy/actor/lib/test/auto/MatrixCropFix.xml
1 ms. Memory: 640000K Free: 379455K (59%)
----------------- Invoking toplevel() on ptolemy.moml.MoMLSimpleApplication@5cbf5c96
----------------- Done invoking toplevel() on ptolemy.moml.MoMLSimpleApplication@5cbf5c96
reloadAllAccessors: .MatrixCropFix

===========================================================================================
----------------- testing Sun Jun 23 15:07:37 UTC 2019 /home/travis/build/icyphy/ptII/ptolemy/actor/lib/test/auto/MatrixCropInt.xml
----------------- Instantiating /home/travis/build/icyphy/ptII/ptolemy/actor/lib/test/auto/MatrixCropInt.xml
2 ms. Memory: 640000K Free: 374831K (59%)
----------------- Invoking toplevel() on ptolemy.moml.MoMLSimpleApplication@40122e9d
----------------- Done invoking toplevel() on ptolemy.moml.MoMLSimpleApplication@40122e9d
reloadAllAccessors: .MatrixCropInt

===========================================================================================
----------------- testing Sun Jun 23 15:07:37 UTC 2019 /home/travis/build/icyphy/ptII/ptolemy/actor/lib/test/auto/MatrixCropLong.xml
----------------- Instantiating /home/travis/build/icyphy/ptII/ptolemy/actor/lib/test/auto/MatrixCropLong.xml
1 ms. Memory: 640000K Free: 370719K (58%)
----------------- Invoking toplevel() on ptolemy.moml.MoMLSimpleApplication@2c59fde5
----------------- Done invoking toplevel() on ptolemy.moml.MoMLSimpleApplication@2c59fde5
reloadAllAccessors: .MatrixCropLong

===========================================================================================
----------------- testing Sun Jun 23 15:07:37 UTC 2019 /home/travis/build/icyphy/ptII/ptolemy/actor/lib/test/auto/MatrixToArray.xml
----------------- Instantiating /home/travis/build/icyphy/ptII/ptolemy/actor/lib/test/auto/MatrixToArray.xml
6 ms. Memory: 640000K Free: 355903K (56%)
----------------- Invoking toplevel() on ptolemy.moml.MoMLSimpleApplication@2ea2639c
----------------- Done invoking toplevel() on ptolemy.moml.MoMLSimpleApplication@2ea2639c
reloadAllAccessors: .MatrixToArray

===========================================================================================
----------------- testing Sun Jun 23 15:07:37 UTC 2019 /home/travis/build/icyphy/ptII/ptolemy/actor/lib/test/auto/MaxIndex.xml
----------------- Instantiating /home/travis/build/icyphy/ptII/ptolemy/actor/lib/test/auto/MaxIndex.xml
2 ms. Memory: 640000K Free: 350783K (55%)
----------------- Invoking toplevel() on ptolemy.moml.MoMLSimpleApplication@768675be
----------------- Done invoking toplevel() on ptolemy.moml.MoMLSimpleApplication@768675be
reloadAllAccessors: .MaxIndex

===========================================================================================
----------------- testing Sun Jun 23 15:07:37 UTC 2019 /home/travis/build/icyphy/ptII/ptolemy/actor/lib/test/auto/Maximum.xml
----------------- Instantiating /home/travis/build/icyphy/ptII/ptolemy/actor/lib/test/auto/Maximum.xml
3 ms. Memory: 640000K Free: 344095K (54%)
----------------- Invoking toplevel() on ptolemy.moml.MoMLSimpleApplication@63a04582
----------------- Done invoking toplevel() on ptolemy.moml.MoMLSimpleApplication@63a04582
reloadAllAccessors: .Maximum

===========================================================================================
----------------- testing Sun Jun 23 15:07:37 UTC 2019 /home/travis/build/icyphy/ptII/ptolemy/actor/lib/test/auto/MaximumComplex.xml
----------------- Instantiating /home/travis/build/icyphy/ptII/ptolemy/actor/lib/test/auto/MaximumComplex.xml
4 ms. Memory: 640000K Free: 338495K (53%)
----------------- Invoking toplevel() on ptolemy.moml.MoMLSimpleApplication@6be00f8d
----------------- Done invoking toplevel() on ptolemy.moml.MoMLSimpleApplication@6be00f8d
reloadAllAccessors: .MaximumComplex

===========================================================================================
----------------- testing Sun Jun 23 15:07:37 UTC 2019 /home/travis/build/icyphy/ptII/ptolemy/actor/lib/test/auto/MethodCallTest.xml
----------------- Instantiating /home/travis/build/icyphy/ptII/ptolemy/actor/lib/test/auto/MethodCallTest.xml
2 ms. Memory: 640000K Free: 331837K (52%)
----------------- Invoking toplevel() on ptolemy.moml.MoMLSimpleApplication@384acd29
----------------- Done invoking toplevel() on ptolemy.moml.MoMLSimpleApplication@384acd29
reloadAllAccessors: .MethodCallTest

===========================================================================================
----------------- testing Sun Jun 23 15:07:37 UTC 2019 /home/travis/build/icyphy/ptII/ptolemy/actor/lib/test/auto/Minimum.xml
----------------- Instantiating /home/travis/build/icyphy/ptII/ptolemy/actor/lib/test/auto/Minimum.xml
2 ms. Memory: 640000K Free: 325679K (51%)
----------------- Invoking toplevel() on ptolemy.moml.MoMLSimpleApplication@6538035e
----------------- Done invoking toplevel() on ptolemy.moml.MoMLSimpleApplication@6538035e
reloadAllAccessors: .Minimum

===========================================================================================
----------------- testing Sun Jun 23 15:07:37 UTC 2019 /home/travis/build/icyphy/ptII/ptolemy/actor/lib/test/auto/MinimumComplex.xml
----------------- Instantiating /home/travis/build/icyphy/ptII/ptolemy/actor/lib/test/auto/MinimumComplex.xml
3 ms. Memory: 640000K Free: 319535K (50%)
----------------- Invoking toplevel() on ptolemy.moml.MoMLSimpleApplication@1c989ba
----------------- Done invoking toplevel() on ptolemy.moml.MoMLSimpleApplication@1c989ba
reloadAllAccessors: .MinimumComplex

===========================================================================================
----------------- testing Sun Jun 23 15:07:37 UTC 2019 /home/travis/build/icyphy/ptII/ptolemy/actor/lib/test/auto/MinimumMultiports.xml
----------------- Instantiating /home/travis/build/icyphy/ptII/ptolemy/actor/lib/test/auto/MinimumMultiports.xml
4 ms. Memory: 640000K Free: 311343K (49%)
----------------- Invoking toplevel() on ptolemy.moml.MoMLSimpleApplication@91f708e
----------------- Done invoking toplevel() on ptolemy.moml.MoMLSimpleApplication@91f708e
reloadAllAccessors: .MinimumMultiports

===========================================================================================
----------------- testing Sun Jun 23 15:07:37 UTC 2019 /home/travis/build/icyphy/ptII/ptolemy/actor/lib/test/auto/ModifyDate.xml
----------------- Instantiating /home/travis/build/icyphy/ptII/ptolemy/actor/lib/test/auto/ModifyDate.xml
8 ms. Memory: 640000K Free: 298559K (47%)
----------------- Invoking toplevel() on ptolemy.moml.MoMLSimpleApplication@77b9cc1f
----------------- Done invoking toplevel() on ptolemy.moml.MoMLSimpleApplication@77b9cc1f
reloadAllAccessors: .ModifyDate

===========================================================================================
----------------- testing Sun Jun 23 15:07:37 UTC 2019 /home/travis/build/icyphy/ptII/ptolemy/actor/lib/test/auto/ModifyDate2.xml
----------------- Instantiating /home/travis/build/icyphy/ptII/ptolemy/actor/lib/test/auto/ModifyDate2.xml
5 ms. Memory: 640000K Free: 289853K (45%)
----------------- Invoking toplevel() on ptolemy.moml.MoMLSimpleApplication@1ab65546
----------------- Done invoking toplevel() on ptolemy.moml.MoMLSimpleApplication@1ab65546
reloadAllAccessors: .ModifyDate2

===========================================================================================
----------------- testing Sun Jun 23 15:07:37 UTC 2019 /home/travis/build/icyphy/ptII/ptolemy/actor/lib/test/auto/MovingAverage.xml
----------------- Instantiating /home/travis/build/icyphy/ptII/ptolemy/actor/lib/test/auto/MovingAverage.xml
2 ms. Memory: 640000K Free: 284733K (44%)
----------------- Invoking toplevel() on ptolemy.moml.MoMLSimpleApplication@fb5def3
----------------- Done invoking toplevel() on ptolemy.moml.MoMLSimpleApplication@fb5def3
reloadAllAccessors: .MovingAverage

===========================================================================================
----------------- testing Sun Jun 23 15:07:37 UTC 2019 /home/travis/build/icyphy/ptII/ptolemy/actor/lib/test/auto/MovingMaximum.xml
----------------- Instantiating /home/travis/build/icyphy/ptII/ptolemy/actor/lib/test/auto/MovingMaximum.xml
1 ms. Memory: 640000K Free: 280637K (44%)
----------------- Invoking toplevel() on ptolemy.moml.MoMLSimpleApplication@4dcaece3
----------------- Done invoking toplevel() on ptolemy.moml.MoMLSimpleApplication@4dcaece3
reloadAllAccessors: .MovingMaximum

===========================================================================================
----------------- testing Sun Jun 23 15:07:37 UTC 2019 /home/travis/build/icyphy/ptII/ptolemy/actor/lib/test/auto/MultipleLinksToSameRelation.xml
----------------- Instantiating /home/travis/build/icyphy/ptII/ptolemy/actor/lib/test/auto/MultipleLinksToSameRelation.xml
2 ms. Memory: 640000K Free: 276541K (43%)
----------------- Invoking toplevel() on ptolemy.moml.MoMLSimpleApplication@e343237
----------------- Done invoking toplevel() on ptolemy.moml.MoMLSimpleApplication@e343237
reloadAllAccessors: .MultipleLinksToSameRelation

===========================================================================================
----------------- testing Sun Jun 23 15:07:37 UTC 2019 /home/travis/build/icyphy/ptII/ptolemy/actor/lib/test/auto/MultipleLinksToSameRelationDE.xml
----------------- Instantiating /home/travis/build/icyphy/ptII/ptolemy/actor/lib/test/auto/MultipleLinksToSameRelationDE.xml
2 ms. Memory: 640000K Free: 271935K (42%)
----------------- Invoking toplevel() on ptolemy.moml.MoMLSimpleApplication@1d78dcf1
----------------- Done invoking toplevel() on ptolemy.moml.MoMLSimpleApplication@1d78dcf1
reloadAllAccessors: .MultipleLinksToSameRelationDE

===========================================================================================
----------------- testing Sun Jun 23 15:07:37 UTC 2019 /home/travis/build/icyphy/ptII/ptolemy/actor/lib/test/auto/Multiplexor.xml
----------------- Instantiating /home/travis/build/icyphy/ptII/ptolemy/actor/lib/test/auto/Multiplexor.xml
1 ms. Memory: 640000K Free: 266815K (42%)
----------------- Invoking toplevel() on ptolemy.moml.MoMLSimpleApplication@1ac3d1ab
----------------- Done invoking toplevel() on ptolemy.moml.MoMLSimpleApplication@1ac3d1ab
reloadAllAccessors: .Multiplexor

===========================================================================================
----------------- testing Sun Jun 23 15:07:37 UTC 2019 /home/travis/build/icyphy/ptII/ptolemy/actor/lib/test/auto/Multiplexor1.xml
----------------- Instantiating /home/travis/build/icyphy/ptII/ptolemy/actor/lib/test/auto/Multiplexor1.xml
2 ms. Memory: 640000K Free: 261151K (41%)
----------------- Invoking toplevel() on ptolemy.moml.MoMLSimpleApplication@7bca5000
----------------- Done invoking toplevel() on ptolemy.moml.MoMLSimpleApplication@7bca5000
reloadAllAccessors: .Multiplexor1

===========================================================================================
----------------- testing Sun Jun 23 15:07:37 UTC 2019 /home/travis/build/icyphy/ptII/ptolemy/actor/lib/test/auto/Multiplexor2.xml
----------------- Instantiating /home/travis/build/icyphy/ptII/ptolemy/actor/lib/test/auto/Multiplexor2.xml
2 ms. Memory: 640000K Free: 255037K (40%)
----------------- Invoking toplevel() on ptolemy.moml.MoMLSimpleApplication@3eb94184
----------------- Done invoking toplevel() on ptolemy.moml.MoMLSimpleApplication@3eb94184
reloadAllAccessors: .Multiplexor2

===========================================================================================
----------------- testing Sun Jun 23 15:07:37 UTC 2019 /home/travis/build/icyphy/ptII/ptolemy/actor/lib/test/auto/Multiplexor3.xml
----------------- Instantiating /home/travis/build/icyphy/ptII/ptolemy/actor/lib/test/auto/Multiplexor3.xml
2 ms. Memory: 640000K Free: 250941K (39%)
----------------- Invoking toplevel() on ptolemy.moml.MoMLSimpleApplication@452ccfc3
----------------- Done invoking toplevel() on ptolemy.moml.MoMLSimpleApplication@452ccfc3
reloadAllAccessors: .Multiplexor3

===========================================================================================
----------------- testing Sun Jun 23 15:07:37 UTC 2019 /home/travis/build/icyphy/ptII/ptolemy/actor/lib/test/auto/MultiplexorDE.xml
----------------- Instantiating /home/travis/build/icyphy/ptII/ptolemy/actor/lib/test/auto/MultiplexorDE.xml
3 ms. Memory: 640000K Free: 243263K (38%)
----------------- Invoking toplevel() on ptolemy.moml.MoMLSimpleApplication@27dc1336
----------------- Done invoking toplevel() on ptolemy.moml.MoMLSimpleApplication@27dc1336
reloadAllAccessors: .MultiplexorDE

===========================================================================================
----------------- testing Sun Jun 23 15:07:37 UTC 2019 /home/travis/build/icyphy/ptII/ptolemy/actor/lib/test/auto/MultiportBroadcastTest.xml
----------------- Instantiating /home/travis/build/icyphy/ptII/ptolemy/actor/lib/test/auto/MultiportBroadcastTest.xml
51 ms. Memory: 640000K Free: 237119K (37%)
----------------- Invoking toplevel() on ptolemy.moml.MoMLSimpleApplication@1a83c0aa
----------------- Done invoking toplevel() on ptolemy.moml.MoMLSimpleApplication@1a83c0aa
reloadAllAccessors: .MultiportBroadcastTest

===========================================================================================
----------------- testing Sun Jun 23 15:07:37 UTC 2019 /home/travis/build/icyphy/ptII/ptolemy/actor/lib/test/auto/MultiportOutHangDuringGetWidth.xml
----------------- Instantiating /home/travis/build/icyphy/ptII/ptolemy/actor/lib/test/auto/MultiportOutHangDuringGetWidth.xml
5 ms. Memory: 640000K Free: 225855K (35%)
----------------- Invoking toplevel() on ptolemy.moml.MoMLSimpleApplication@5ec71de7
----------------- Done invoking toplevel() on ptolemy.moml.MoMLSimpleApplication@5ec71de7
reloadAllAccessors: .MultiportOutHangDuringGetWidth

===========================================================================================
----------------- testing Sun Jun 23 15:07:37 UTC 2019 /home/travis/build/icyphy/ptII/ptolemy/actor/lib/test/auto/NilToken.xml
----------------- Instantiating /home/travis/build/icyphy/ptII/ptolemy/actor/lib/test/auto/NilToken.xml
2 ms. Memory: 640000K Free: 221759K (35%)
----------------- Invoking toplevel() on ptolemy.moml.MoMLSimpleApplication@7b6bdf1d
----------------- Done invoking toplevel() on ptolemy.moml.MoMLSimpleApplication@7b6bdf1d
reloadAllAccessors: .NilToken

===========================================================================================
----------------- testing Sun Jun 23 15:07:37 UTC 2019 /home/travis/build/icyphy/ptII/ptolemy/actor/lib/test/auto/NilTokenNonStrictTest.xml
----------------- Instantiating /home/travis/build/icyphy/ptII/ptolemy/actor/lib/test/auto/NilTokenNonStrictTest.xml
2 ms. Memory: 640000K Free: 217149K (34%)
----------------- Invoking toplevel() on ptolemy.moml.MoMLSimpleApplication@5b769467
----------------- Done invoking toplevel() on ptolemy.moml.MoMLSimpleApplication@5b769467
reloadAllAccessors: .NilTokenNonStrictTest

===========================================================================================
----------------- testing Sun Jun 23 15:07:37 UTC 2019 /home/travis/build/icyphy/ptII/ptolemy/actor/lib/test/auto/NilTokenRecord.xml
----------------- Instantiating /home/travis/build/icyphy/ptII/ptolemy/actor/lib/test/auto/NilTokenRecord.xml
7 ms. Memory: 640000K Free: 589892K (92%)
----------------- Invoking toplevel() on ptolemy.moml.MoMLSimpleApplication@3531ab6f
----------------- Done invoking toplevel() on ptolemy.moml.MoMLSimpleApplication@3531ab6f
reloadAllAccessors: .NilTokenRecord

===========================================================================================
----------------- testing Sun Jun 23 15:07:37 UTC 2019 /home/travis/build/icyphy/ptII/ptolemy/actor/lib/test/auto/NilTokenTypeTest.xml
----------------- Instantiating /home/travis/build/icyphy/ptII/ptolemy/actor/lib/test/auto/NilTokenTypeTest.xml
12 ms. Memory: 640000K Free: 580162K (91%)
----------------- Invoking toplevel() on ptolemy.moml.MoMLSimpleApplication@76c1d3da
----------------- Done invoking toplevel() on ptolemy.moml.MoMLSimpleApplication@76c1d3da
reloadAllAccessors: .NilTokenTypeTest

===========================================================================================
----------------- testing Sun Jun 23 15:07:37 UTC 2019 /home/travis/build/icyphy/ptII/ptolemy/actor/lib/test/auto/ObjectToken1.xml
----------------- Instantiating /home/travis/build/icyphy/ptII/ptolemy/actor/lib/test/auto/ObjectToken1.xml
4 ms. Memory: 640000K Free: 576066K (90%)
----------------- Invoking toplevel() on ptolemy.moml.MoMLSimpleApplication@694a7375
----------------- Done invoking toplevel() on ptolemy.moml.MoMLSimpleApplication@694a7375
reloadAllAccessors: .ObjectToken1

===========================================================================================
----------------- testing Sun Jun 23 15:07:38 UTC 2019 /home/travis/build/icyphy/ptII/ptolemy/actor/lib/test/auto/OrderedMerge.xml
----------------- Instantiating /home/travis/build/icyphy/ptII/ptolemy/actor/lib/test/auto/OrderedMerge.xml
11 ms. Memory: 640000K Free: 570436K (89%)
----------------- Invoking toplevel() on ptolemy.moml.MoMLSimpleApplication@414e8ff1
----------------- Done invoking toplevel() on ptolemy.moml.MoMLSimpleApplication@414e8ff1
reloadAllAccessors: .OrderedMerge

===========================================================================================
----------------- testing Sun Jun 23 15:07:38 UTC 2019 /home/travis/build/icyphy/ptII/ptolemy/actor/lib/test/auto/OrderedRecordDisassembler.xml
----------------- Instantiating /home/travis/build/icyphy/ptII/ptolemy/actor/lib/test/auto/OrderedRecordDisassembler.xml
2 ms. Memory: 640000K Free: 565316K (88%)
----------------- Invoking toplevel() on ptolemy.moml.MoMLSimpleApplication@3e45e8a2
----------------- Done invoking toplevel() on ptolemy.moml.MoMLSimpleApplication@3e45e8a2
reloadAllAccessors: .OrderedRecordDisassembler

===========================================================================================
----------------- testing Sun Jun 23 15:07:38 UTC 2019 /home/travis/build/icyphy/ptII/ptolemy/actor/lib/test/auto/OrderedRecordDisassembler2.xml
----------------- Instantiating /home/travis/build/icyphy/ptII/ptolemy/actor/lib/test/auto/OrderedRecordDisassembler2.xml
4 ms. Memory: 640000K Free: 557634K (87%)
----------------- Invoking toplevel() on ptolemy.moml.MoMLSimpleApplication@62f238f4
----------------- Done invoking toplevel() on ptolemy.moml.MoMLSimpleApplication@62f238f4
reloadAllAccessors: .OrderedRecordDisassembler2

===========================================================================================
----------------- testing Sun Jun 23 15:07:38 UTC 2019 /home/travis/build/icyphy/ptII/ptolemy/actor/lib/test/auto/OrderedRecordUpdater.xml
----------------- Instantiating /home/travis/build/icyphy/ptII/ptolemy/actor/lib/test/auto/OrderedRecordUpdater.xml
1 ms. Memory: 640000K Free: 553028K (86%)
----------------- Invoking toplevel() on ptolemy.moml.MoMLSimpleApplication@1afe95e8
----------------- Done invoking toplevel() on ptolemy.moml.MoMLSimpleApplication@1afe95e8
reloadAllAccessors: .RecordUpdater

===========================================================================================
----------------- testing Sun Jun 23 15:07:38 UTC 2019 /home/travis/build/icyphy/ptII/ptolemy/actor/lib/test/auto/OrderedRecordUpdater2.xml
----------------- Instantiating /home/travis/build/icyphy/ptII/ptolemy/actor/lib/test/auto/OrderedRecordUpdater2.xml
2 ms. Memory: 640000K Free: 548418K (86%)
----------------- Invoking toplevel() on ptolemy.moml.MoMLSimpleApplication@7fa88997
----------------- Done invoking toplevel() on ptolemy.moml.MoMLSimpleApplication@7fa88997
reloadAllAccessors: .RecordUpdater2

===========================================================================================
----------------- testing Sun Jun 23 15:07:38 UTC 2019 /home/travis/build/icyphy/ptII/ptolemy/actor/lib/test/auto/PhaseUnwrap.xml
----------------- Instantiating /home/travis/build/icyphy/ptII/ptolemy/actor/lib/test/auto/PhaseUnwrap.xml
1 ms. Memory: 640000K Free: 543812K (85%)
----------------- Invoking toplevel() on ptolemy.moml.MoMLSimpleApplication@328d6542
----------------- Done invoking toplevel() on ptolemy.moml.MoMLSimpleApplication@328d6542
reloadAllAccessors: .PhaseUnwrap

===========================================================================================
----------------- testing Sun Jun 23 15:07:38 UTC 2019 /home/travis/build/icyphy/ptII/ptolemy/actor/lib/test/auto/PoissonClock.xml
----------------- Instantiating /home/travis/build/icyphy/ptII/ptolemy/actor/lib/test/auto/PoissonClock.xml
1 ms. Memory: 640000K Free: 539716K (84%)
----------------- Invoking toplevel() on ptolemy.moml.MoMLSimpleApplication@2606d000
----------------- Done invoking toplevel() on ptolemy.moml.MoMLSimpleApplication@2606d000
reloadAllAccessors: .PoissonClock

===========================================================================================
----------------- testing Sun Jun 23 15:07:38 UTC 2019 /home/travis/build/icyphy/ptII/ptolemy/actor/lib/test/auto/PoissonClock2.xml
----------------- Instantiating /home/travis/build/icyphy/ptII/ptolemy/actor/lib/test/auto/PoissonClock2.xml
1 ms. Memory: 640000K Free: 535106K (84%)
----------------- Invoking toplevel() on ptolemy.moml.MoMLSimpleApplication@332fb1df
----------------- Done invoking toplevel() on ptolemy.moml.MoMLSimpleApplication@332fb1df
reloadAllAccessors: .PoissonClock2

===========================================================================================
----------------- testing Sun Jun 23 15:07:38 UTC 2019 /home/travis/build/icyphy/ptII/ptolemy/actor/lib/test/auto/PoissonClock3.xml
----------------- Instantiating /home/travis/build/icyphy/ptII/ptolemy/actor/lib/test/auto/PoissonClock3.xml
1 ms. Memory: 640000K Free: 531010K (83%)
----------------- Invoking toplevel() on ptolemy.moml.MoMLSimpleApplication@b482bd3
----------------- Done invoking toplevel() on ptolemy.moml.MoMLSimpleApplication@b482bd3
reloadAllAccessors: .PoissonClock3

===========================================================================================
----------------- testing Sun Jun 23 15:07:38 UTC 2019 /home/travis/build/icyphy/ptII/ptolemy/actor/lib/test/auto/PubSubWithInitialTokens.xml
----------------- Instantiating /home/travis/build/icyphy/ptII/ptolemy/actor/lib/test/auto/PubSubWithInitialTokens.xml
2 ms. Memory: 640000K Free: 525380K (82%)
----------------- Invoking toplevel() on ptolemy.moml.MoMLSimpleApplication@364c7bfc
----------------- Done invoking toplevel() on ptolemy.moml.MoMLSimpleApplication@364c7bfc
reloadAllAccessors: .PubSubWithInitialTokens

===========================================================================================
----------------- testing Sun Jun 23 15:07:38 UTC 2019 /home/travis/build/icyphy/ptII/ptolemy/actor/lib/test/auto/PubSubWithInitialTokens2.xml
----------------- Instantiating /home/travis/build/icyphy/ptII/ptolemy/actor/lib/test/auto/PubSubWithInitialTokens2.xml
1 ms. Memory: 640000K Free: 519236K (81%)
----------------- Invoking toplevel() on ptolemy.moml.MoMLSimpleApplication@44d88516
----------------- Done invoking toplevel() on ptolemy.moml.MoMLSimpleApplication@44d88516
reloadAllAccessors: .PubSubWithInitialTokens2

===========================================================================================
----------------- testing Sun Jun 23 15:07:38 UTC 2019 /home/travis/build/icyphy/ptII/ptolemy/actor/lib/test/auto/PublisherClassNoParameter.xml
----------------- Instantiating /home/travis/build/icyphy/ptII/ptolemy/actor/lib/test/auto/PublisherClassNoParameter.xml
2 ms. Memory: 640000K Free: 509506K (80%)
----------------- Invoking toplevel() on ptolemy.moml.MoMLSimpleApplication@5f647426
----------------- Done invoking toplevel() on ptolemy.moml.MoMLSimpleApplication@5f647426
reloadAllAccessors: .PublisherClassNoParameter

===========================================================================================
----------------- testing Sun Jun 23 15:07:38 UTC 2019 /home/travis/build/icyphy/ptII/ptolemy/actor/lib/test/auto/PublisherClassParameter.xml
----------------- Instantiating /home/travis/build/icyphy/ptII/ptolemy/actor/lib/test/auto/PublisherClassParameter.xml
2 ms. Memory: 640000K Free: 499266K (78%)
----------------- Invoking toplevel() on ptolemy.moml.MoMLSimpleApplication@eb3aaf
----------------- Done invoking toplevel() on ptolemy.moml.MoMLSimpleApplication@eb3aaf
reloadAllAccessors: .PublisherClassParameter

===========================================================================================
----------------- testing Sun Jun 23 15:07:38 UTC 2019 /home/travis/build/icyphy/ptII/ptolemy/actor/lib/test/auto/PublisherNonStrictTest.xml
----------------- Instantiating /home/travis/build/icyphy/ptII/ptolemy/actor/lib/test/auto/PublisherNonStrictTest.xml
3 ms. Memory: 640000K Free: 491588K (77%)
----------------- Invoking toplevel() on ptolemy.moml.MoMLSimpleApplication@c5be773
----------------- Done invoking toplevel() on ptolemy.moml.MoMLSimpleApplication@c5be773
reloadAllAccessors: .PublisherNonStrictTest

===========================================================================================
----------------- testing Sun Jun 23 15:07:38 UTC 2019 /home/travis/build/icyphy/ptII/ptolemy/actor/lib/test/auto/PublisherPort1.xml
----------------- Instantiating /home/travis/build/icyphy/ptII/ptolemy/actor/lib/test/auto/PublisherPort1.xml
3 ms. Memory: 640000K Free: 486468K (76%)
----------------- Invoking toplevel() on ptolemy.moml.MoMLSimpleApplication@b02446
----------------- Done invoking toplevel() on ptolemy.moml.MoMLSimpleApplication@b02446
reloadAllAccessors: .PublisherPort1

===========================================================================================
----------------- testing Sun Jun 23 15:07:38 UTC 2019 /home/travis/build/icyphy/ptII/ptolemy/actor/lib/test/auto/PublisherPort2.xml
----------------- Instantiating /home/travis/build/icyphy/ptII/ptolemy/actor/lib/test/auto/PublisherPort2.xml
2 ms. Memory: 640000K Free: 481348K (75%)
----------------- Invoking toplevel() on ptolemy.moml.MoMLSimpleApplication@38e6da59
----------------- Done invoking toplevel() on ptolemy.moml.MoMLSimpleApplication@38e6da59
reloadAllAccessors: .PublisherPort2

===========================================================================================
----------------- testing Sun Jun 23 15:07:38 UTC 2019 /home/travis/build/icyphy/ptII/ptolemy/actor/lib/test/auto/PublisherPort3.xml
----------------- Instantiating /home/travis/build/icyphy/ptII/ptolemy/actor/lib/test/auto/PublisherPort3.xml
9 ms. Memory: 640000K Free: 474660K (74%)
----------------- Invoking toplevel() on ptolemy.moml.MoMLSimpleApplication@854807e
----------------- Done invoking toplevel() on ptolemy.moml.MoMLSimpleApplication@854807e
reloadAllAccessors: .PublisherPort3

===========================================================================================
----------------- testing Sun Jun 23 15:07:38 UTC 2019 /home/travis/build/icyphy/ptII/ptolemy/actor/lib/test/auto/PublisherPort4.xml
----------------- Instantiating /home/travis/build/icyphy/ptII/ptolemy/actor/lib/test/auto/PublisherPort4.xml
2 ms. Memory: 640000K Free: 469060K (73%)
----------------- Invoking toplevel() on ptolemy.moml.MoMLSimpleApplication@15d6f8cd
----------------- Done invoking toplevel() on ptolemy.moml.MoMLSimpleApplication@15d6f8cd
reloadAllAccessors: .PublisherPort4

===========================================================================================
----------------- testing Sun Jun 23 15:07:38 UTC 2019 /home/travis/build/icyphy/ptII/ptolemy/actor/lib/test/auto/PublisherPort5.xml
----------------- Instantiating /home/travis/build/icyphy/ptII/ptolemy/actor/lib/test/auto/PublisherPort5.xml
3 ms. Memory: 640000K Free: 461378K (72%)
----------------- Invoking toplevel() on ptolemy.moml.MoMLSimpleApplication@4b96b73c
----------------- Done invoking toplevel() on ptolemy.moml.MoMLSimpleApplication@4b96b73c
reloadAllAccessors: .PublisherPort5

===========================================================================================
----------------- testing Sun Jun 23 15:07:38 UTC 2019 /home/travis/build/icyphy/ptII/ptolemy/actor/lib/test/auto/PublisherPort5LookAlike.xml
----------------- Instantiating /home/travis/build/icyphy/ptII/ptolemy/actor/lib/test/auto/PublisherPort5LookAlike.xml
7 ms. Memory: 640000K Free: 453700K (71%)
----------------- Invoking toplevel() on ptolemy.moml.MoMLSimpleApplication@2f04f330
----------------- Done invoking toplevel() on ptolemy.moml.MoMLSimpleApplication@2f04f330
reloadAllAccessors: .PublisherPort5LookAlike

===========================================================================================
----------------- testing Sun Jun 23 15:07:38 UTC 2019 /home/travis/build/icyphy/ptII/ptolemy/actor/lib/test/auto/PublisherPort6.xml
----------------- Instantiating /home/travis/build/icyphy/ptII/ptolemy/actor/lib/test/auto/PublisherPort6.xml
2 ms. Memory: 640000K Free: 447028K (70%)
----------------- Invoking toplevel() on ptolemy.moml.MoMLSimpleApplication@c311587
----------------- Done invoking toplevel() on ptolemy.moml.MoMLSimpleApplication@c311587
reloadAllAccessors: .PublisherPort6

===========================================================================================
----------------- testing Sun Jun 23 15:07:38 UTC 2019 /home/travis/build/icyphy/ptII/ptolemy/actor/lib/test/auto/PublisherPort7.xml
----------------- Instantiating /home/travis/build/icyphy/ptII/ptolemy/actor/lib/test/auto/PublisherPort7.xml
3 ms. Memory: 640000K Free: 439874K (69%)
----------------- Invoking toplevel() on ptolemy.moml.MoMLSimpleApplication@6dd16ba2
----------------- Done invoking toplevel() on ptolemy.moml.MoMLSimpleApplication@6dd16ba2
reloadAllAccessors: .PublisherPort7

===========================================================================================
----------------- testing Sun Jun 23 15:07:38 UTC 2019 /home/travis/build/icyphy/ptII/ptolemy/actor/lib/test/auto/PublisherPort8.xml
----------------- Instantiating /home/travis/build/icyphy/ptII/ptolemy/actor/lib/test/auto/PublisherPort8.xml
4 ms. Memory: 640000K Free: 431172K (67%)
----------------- Invoking toplevel() on ptolemy.moml.MoMLSimpleApplication@1b1cbede
----------------- Done invoking toplevel() on ptolemy.moml.MoMLSimpleApplication@1b1cbede
reloadAllAccessors: .PublisherPort8

===========================================================================================
----------------- testing Sun Jun 23 15:07:38 UTC 2019 /home/travis/build/icyphy/ptII/ptolemy/actor/lib/test/auto/PublisherPortSubscriberChannelVariablesAOC2.xml
----------------- Instantiating /home/travis/build/icyphy/ptII/ptolemy/actor/lib/test/auto/PublisherPortSubscriberChannelVariablesAOC2.xml
3 ms. Memory: 640000K Free: 413764K (65%)
----------------- Invoking toplevel() on ptolemy.moml.MoMLSimpleApplication@707f9f46
----------------- Done invoking toplevel() on ptolemy.moml.MoMLSimpleApplication@707f9f46
reloadAllAccessors: .PublisherPortSubscriberChannelVariablesAOC2

===========================================================================================
----------------- testing Sun Jun 23 15:07:38 UTC 2019 /home/travis/build/icyphy/ptII/ptolemy/actor/lib/test/auto/PublisherPortSubscriberOpaqueWidthInference.xml
----------------- Instantiating /home/travis/build/icyphy/ptII/ptolemy/actor/lib/test/auto/PublisherPortSubscriberOpaqueWidthInference.xml
3 ms. Memory: 640000K Free: 406068K (63%)
----------------- Invoking toplevel() on ptolemy.moml.MoMLSimpleApplication@1ed1dcbf
----------------- Done invoking toplevel() on ptolemy.moml.MoMLSimpleApplication@1ed1dcbf
reloadAllAccessors: .PublisherPortSubscriberOpaqueWidthInference

===========================================================================================
----------------- testing Sun Jun 23 15:07:38 UTC 2019 /home/travis/build/icyphy/ptII/ptolemy/actor/lib/test/auto/PublisherPortSubscriberPortAdjacent.xml
----------------- Instantiating /home/travis/build/icyphy/ptII/ptolemy/actor/lib/test/auto/PublisherPortSubscriberPortAdjacent.xml
1 ms. Memory: 640000K Free: 397890K (62%)
----------------- Invoking toplevel() on ptolemy.moml.MoMLSimpleApplication@64117b4d
----------------- Done invoking toplevel() on ptolemy.moml.MoMLSimpleApplication@64117b4d
reloadAllAccessors: .PublisherPortSubscriberPortAdjacent

===========================================================================================
----------------- testing Sun Jun 23 15:07:38 UTC 2019 /home/travis/build/icyphy/ptII/ptolemy/actor/lib/test/auto/PublisherPortSubscriberPortExpression.xml
----------------- Instantiating /home/travis/build/icyphy/ptII/ptolemy/actor/lib/test/auto/PublisherPortSubscriberPortExpression.xml
3 ms. Memory: 640000K Free: 390212K (61%)
----------------- Invoking toplevel() on ptolemy.moml.MoMLSimpleApplication@5a708439
----------------- Done invoking toplevel() on ptolemy.moml.MoMLSimpleApplication@5a708439
reloadAllAccessors: .PublisherPortSubscriberPortExpression

===========================================================================================
----------------- testing Sun Jun 23 15:07:38 UTC 2019 /home/travis/build/icyphy/ptII/ptolemy/actor/lib/test/auto/PublisherPortSubscriberPortOpaqueD3Reverse.xml
----------------- Instantiating /home/travis/build/icyphy/ptII/ptolemy/actor/lib/test/auto/PublisherPortSubscriberPortOpaqueD3Reverse.xml
9 ms. Memory: 640000K Free: 379972K (59%)
----------------- Invoking toplevel() on ptolemy.moml.MoMLSimpleApplication@718f16ca
----------------- Done invoking toplevel() on ptolemy.moml.MoMLSimpleApplication@718f16ca
reloadAllAccessors: .PublisherPortSubscriberPortOpaqueD3Reverse

===========================================================================================
----------------- testing Sun Jun 23 15:07:38 UTC 2019 /home/travis/build/icyphy/ptII/ptolemy/actor/lib/test/auto/PublisherPortSubscriberPortOpaqueWidthInference.xml
----------------- Instantiating /home/travis/build/icyphy/ptII/ptolemy/actor/lib/test/auto/PublisherPortSubscriberPortOpaqueWidthInference.xml
4 ms. Memory: 640000K Free: 372276K (58%)
----------------- Invoking toplevel() on ptolemy.moml.MoMLSimpleApplication@43837401
----------------- Done invoking toplevel() on ptolemy.moml.MoMLSimpleApplication@43837401
reloadAllAccessors: .PublisherPortSubscriberPortOpaqueWidthInference

===========================================================================================
----------------- testing Sun Jun 23 15:07:38 UTC 2019 /home/travis/build/icyphy/ptII/ptolemy/actor/lib/test/auto/PublisherPortToplevelSubscriberPortAOC.xml
----------------- Instantiating /home/travis/build/icyphy/ptII/ptolemy/actor/lib/test/auto/PublisherPortToplevelSubscriberPortAOC.xml
.PublisherPortToplevelSubscriberPortAOC.TestExceptionAttribute: initialize() was not invoked, but wrapup() was.  This is unusual, but not always a problem.  For example, exporting JNLP will do this.
2 ms. Memory: 640000K Free: 367170K (57%)
----------------- Invoking toplevel() on ptolemy.moml.MoMLSimpleApplication@54146b34
----------------- Done invoking toplevel() on ptolemy.moml.MoMLSimpleApplication@54146b34
reloadAllAccessors: .PublisherPortToplevelSubscriberPortAOC

===========================================================================================
----------------- testing Sun Jun 23 15:07:38 UTC 2019 /home/travis/build/icyphy/ptII/ptolemy/actor/lib/test/auto/PublisherSubscriber.xml
----------------- Instantiating /home/travis/build/icyphy/ptII/ptolemy/actor/lib/test/auto/PublisherSubscriber.xml
2 ms. Memory: 640000K Free: 359492K (56%)
----------------- Invoking toplevel() on ptolemy.moml.MoMLSimpleApplication@399b3921
----------------- Done invoking toplevel() on ptolemy.moml.MoMLSimpleApplication@399b3921
reloadAllAccessors: .PublisherSubscriber

===========================================================================================
----------------- testing Sun Jun 23 15:07:38 UTC 2019 /home/travis/build/icyphy/ptII/ptolemy/actor/lib/test/auto/PublisherSubscriber10.xml
----------------- Instantiating /home/travis/build/icyphy/ptII/ptolemy/actor/lib/test/auto/PublisherSubscriber10.xml
7 ms. Memory: 640000K Free: 349762K (55%)
----------------- Invoking toplevel() on ptolemy.moml.MoMLSimpleApplication@9fd6e80
----------------- Done invoking toplevel() on ptolemy.moml.MoMLSimpleApplication@9fd6e80
reloadAllAccessors: .PublisherSubscriber10

===========================================================================================
----------------- testing Sun Jun 23 15:07:38 UTC 2019 /home/travis/build/icyphy/ptII/ptolemy/actor/lib/test/auto/PublisherSubscriber10InitialOutputs.xml
----------------- Instantiating /home/travis/build/icyphy/ptII/ptolemy/actor/lib/test/auto/PublisherSubscriber10InitialOutputs.xml
15 ms. Memory: 640000K Free: 340546K (53%)
----------------- Invoking toplevel() on ptolemy.moml.MoMLSimpleApplication@7134c33a
----------------- Done invoking toplevel() on ptolemy.moml.MoMLSimpleApplication@7134c33a
reloadAllAccessors: .PublisherSubscriber10InitialOutputs

===========================================================================================
----------------- testing Sun Jun 23 15:07:38 UTC 2019 /home/travis/build/icyphy/ptII/ptolemy/actor/lib/test/auto/PublisherSubscriber11.xml
----------------- Instantiating /home/travis/build/icyphy/ptII/ptolemy/actor/lib/test/auto/PublisherSubscriber11.xml
2 ms. Memory: 640000K Free: 334372K (52%)
----------------- Invoking toplevel() on ptolemy.moml.MoMLSimpleApplication@7c89aca6
----------------- Done invoking toplevel() on ptolemy.moml.MoMLSimpleApplication@7c89aca6
reloadAllAccessors: .PublisherSubscriber11

===========================================================================================
----------------- testing Sun Jun 23 15:07:38 UTC 2019 /home/travis/build/icyphy/ptII/ptolemy/actor/lib/test/auto/PublisherSubscriber12.xml
----------------- Instantiating /home/travis/build/icyphy/ptII/ptolemy/actor/lib/test/auto/PublisherSubscriber12.xml
3 ms. Memory: 640000K Free: 327748K (51%)
----------------- Invoking toplevel() on ptolemy.moml.MoMLSimpleApplication@5e788cd6
----------------- Done invoking toplevel() on ptolemy.moml.MoMLSimpleApplication@5e788cd6
reloadAllAccessors: .PublisherSubscriber12

===========================================================================================
----------------- testing Sun Jun 23 15:07:38 UTC 2019 /home/travis/build/icyphy/ptII/ptolemy/actor/lib/test/auto/PublisherSubscriber13.xml
----------------- Instantiating /home/travis/build/icyphy/ptII/ptolemy/actor/lib/test/auto/PublisherSubscriber13.xml
5 ms. Memory: 640000K Free: 322100K (50%)
----------------- Invoking toplevel() on ptolemy.moml.MoMLSimpleApplication@32955253
----------------- Done invoking toplevel() on ptolemy.moml.MoMLSimpleApplication@32955253
reloadAllAccessors: .PublisherSubscriber13

===========================================================================================
----------------- testing Sun Jun 23 15:07:38 UTC 2019 /home/travis/build/icyphy/ptII/ptolemy/actor/lib/test/auto/PublisherSubscriber14.xml
----------------- Instantiating /home/travis/build/icyphy/ptII/ptolemy/actor/lib/test/auto/PublisherSubscriber14.xml
1 ms. Memory: 640000K Free: 313412K (49%)
----------------- Invoking toplevel() on ptolemy.moml.MoMLSimpleApplication@520e890d
----------------- Done invoking toplevel() on ptolemy.moml.MoMLSimpleApplication@520e890d
reloadAllAccessors: .PublisherSubscriber14

===========================================================================================
----------------- testing Sun Jun 23 15:07:38 UTC 2019 /home/travis/build/icyphy/ptII/ptolemy/actor/lib/test/auto/PublisherSubscriber2.xml
----------------- Instantiating /home/travis/build/icyphy/ptII/ptolemy/actor/lib/test/auto/PublisherSubscriber2.xml
3 ms. Memory: 640000K Free: 307748K (48%)
----------------- Invoking toplevel() on ptolemy.moml.MoMLSimpleApplication@73830de1
----------------- Done invoking toplevel() on ptolemy.moml.MoMLSimpleApplication@73830de1
reloadAllAccessors: .PublisherSubscriber2

===========================================================================================
----------------- testing Sun Jun 23 15:07:38 UTC 2019 /home/travis/build/icyphy/ptII/ptolemy/actor/lib/test/auto/PublisherSubscriber3.xml
----------------- Instantiating /home/travis/build/icyphy/ptII/ptolemy/actor/lib/test/auto/PublisherSubscriber3.xml
1 ms. Memory: 640000K Free: 302148K (47%)
----------------- Invoking toplevel() on ptolemy.moml.MoMLSimpleApplication@37289e1
----------------- Done invoking toplevel() on ptolemy.moml.MoMLSimpleApplication@37289e1
reloadAllAccessors: .PublisherSubscriber3

===========================================================================================
----------------- testing Sun Jun 23 15:07:38 UTC 2019 /home/travis/build/icyphy/ptII/ptolemy/actor/lib/test/auto/PublisherSubscriber4.xml
----------------- Instantiating /home/travis/build/icyphy/ptII/ptolemy/actor/lib/test/auto/PublisherSubscriber4.xml
2 ms. Memory: 640000K Free: 297028K (46%)
----------------- Invoking toplevel() on ptolemy.moml.MoMLSimpleApplication@6d8f51a0
----------------- Done invoking toplevel() on ptolemy.moml.MoMLSimpleApplication@6d8f51a0
reloadAllAccessors: .PublisherSubscriber4

===========================================================================================
----------------- testing Sun Jun 23 15:07:38 UTC 2019 /home/travis/build/icyphy/ptII/ptolemy/actor/lib/test/auto/PublisherSubscriber5.xml
----------------- Instantiating /home/travis/build/icyphy/ptII/ptolemy/actor/lib/test/auto/PublisherSubscriber5.xml
2 ms. Memory: 640000K Free: 290884K (45%)
----------------- Invoking toplevel() on ptolemy.moml.MoMLSimpleApplication@18bd27c3
----------------- Done invoking toplevel() on ptolemy.moml.MoMLSimpleApplication@18bd27c3
reloadAllAccessors: .PublisherSubscriber5

===========================================================================================
----------------- testing Sun Jun 23 15:07:38 UTC 2019 /home/travis/build/icyphy/ptII/ptolemy/actor/lib/test/auto/PublisherSubscriber6.xml
----------------- Instantiating /home/travis/build/icyphy/ptII/ptolemy/actor/lib/test/auto/PublisherSubscriber6.xml
3 ms. Memory: 640000K Free: 284220K (44%)
----------------- Invoking toplevel() on ptolemy.moml.MoMLSimpleApplication@10c865e1
----------------- Done invoking toplevel() on ptolemy.moml.MoMLSimpleApplication@10c865e1
reloadAllAccessors: .PublisherSubscriber6

===========================================================================================
----------------- testing Sun Jun 23 15:07:38 UTC 2019 /home/travis/build/icyphy/ptII/ptolemy/actor/lib/test/auto/PublisherSubscriber7.xml
----------------- Instantiating /home/travis/build/icyphy/ptII/ptolemy/actor/lib/test/auto/PublisherSubscriber7.xml
7 ms. Memory: 640000K Free: 277044K (43%)
----------------- Invoking toplevel() on ptolemy.moml.MoMLSimpleApplication@7e468a9f
----------------- Done invoking toplevel() on ptolemy.moml.MoMLSimpleApplication@7e468a9f
reloadAllAccessors: .PublisherSubscriber7

===========================================================================================
----------------- testing Sun Jun 23 15:07:38 UTC 2019 /home/travis/build/icyphy/ptII/ptolemy/actor/lib/test/auto/PublisherSubscriber8.xml
----------------- Instantiating /home/travis/build/icyphy/ptII/ptolemy/actor/lib/test/auto/PublisherSubscriber8.xml
19 ms. Memory: 640000K Free: 265284K (41%)
----------------- Invoking toplevel() on ptolemy.moml.MoMLSimpleApplication@77cdd8d1
----------------- Done invoking toplevel() on ptolemy.moml.MoMLSimpleApplication@77cdd8d1
reloadAllAccessors: .PublisherSubscriber8

===========================================================================================
----------------- testing Sun Jun 23 15:07:38 UTC 2019 /home/travis/build/icyphy/ptII/ptolemy/actor/lib/test/auto/PublisherSubscriber9.xml
----------------- Instantiating /home/travis/build/icyphy/ptII/ptolemy/actor/lib/test/auto/PublisherSubscriber9.xml
3 ms. Memory: 640000K Free: 258116K (40%)
----------------- Invoking toplevel() on ptolemy.moml.MoMLSimpleApplication@40683e51
----------------- Done invoking toplevel() on ptolemy.moml.MoMLSimpleApplication@40683e51
reloadAllAccessors: .PublisherSubscriber9

===========================================================================================
----------------- testing Sun Jun 23 15:07:38 UTC 2019 /home/travis/build/icyphy/ptII/ptolemy/actor/lib/test/auto/PublisherSubscriberAdjacent.xml
----------------- Instantiating /home/travis/build/icyphy/ptII/ptolemy/actor/lib/test/auto/PublisherSubscriberAdjacent.xml
2 ms. Memory: 640000K Free: 249924K (39%)
----------------- Invoking toplevel() on ptolemy.moml.MoMLSimpleApplication@3016bfc6
----------------- Done invoking toplevel() on ptolemy.moml.MoMLSimpleApplication@3016bfc6
reloadAllAccessors: .PublisherSubscriberAdjacent

===========================================================================================
----------------- testing Sun Jun 23 15:07:38 UTC 2019 /home/travis/build/icyphy/ptII/ptolemy/actor/lib/test/auto/PublisherSubscriberChannelVariablesAOC2.xml
----------------- Instantiating /home/travis/build/icyphy/ptII/ptolemy/actor/lib/test/auto/PublisherSubscriberChannelVariablesAOC2.xml
3 ms. Memory: 640000K Free: 235060K (37%)
----------------- Invoking toplevel() on ptolemy.moml.MoMLSimpleApplication@58a0ab78
----------------- Done invoking toplevel() on ptolemy.moml.MoMLSimpleApplication@58a0ab78
reloadAllAccessors: .PublisherSubscriberChannelVariablesAOC2

===========================================================================================
----------------- testing Sun Jun 23 15:07:38 UTC 2019 /home/travis/build/icyphy/ptII/ptolemy/actor/lib/test/auto/PublisherSubscriberD3.xml
----------------- Instantiating /home/travis/build/icyphy/ptII/ptolemy/actor/lib/test/auto/PublisherSubscriberD3.xml
2 ms. Memory: 640000K Free: 227906K (36%)
----------------- Invoking toplevel() on ptolemy.moml.MoMLSimpleApplication@6f62272c
----------------- Done invoking toplevel() on ptolemy.moml.MoMLSimpleApplication@6f62272c
reloadAllAccessors: .PublisherSubscriberD3

===========================================================================================
----------------- testing Sun Jun 23 15:07:38 UTC 2019 /home/travis/build/icyphy/ptII/ptolemy/actor/lib/test/auto/PublisherSubscriberD3Reverse.xml
----------------- Instantiating /home/travis/build/icyphy/ptII/ptolemy/actor/lib/test/auto/PublisherSubscriberD3Reverse.xml
2 ms. Memory: 640000K Free: 221762K (35%)
----------------- Invoking toplevel() on ptolemy.moml.MoMLSimpleApplication@2861bd7d
----------------- Done invoking toplevel() on ptolemy.moml.MoMLSimpleApplication@2861bd7d
reloadAllAccessors: .PublisherSubscriberD3Reverse

===========================================================================================
----------------- testing Sun Jun 23 15:07:38 UTC 2019 /home/travis/build/icyphy/ptII/ptolemy/actor/lib/test/auto/PublisherSubscriberExpression.xml
----------------- Instantiating /home/travis/build/icyphy/ptII/ptolemy/actor/lib/test/auto/PublisherSubscriberExpression.xml
3 ms. Memory: 640000K Free: 213540K (33%)
----------------- Invoking toplevel() on ptolemy.moml.MoMLSimpleApplication@52594fb0
----------------- Done invoking toplevel() on ptolemy.moml.MoMLSimpleApplication@52594fb0
reloadAllAccessors: .PublisherSubscriberExpression

===========================================================================================
----------------- testing Sun Jun 23 15:07:39 UTC 2019 /home/travis/build/icyphy/ptII/ptolemy/actor/lib/test/auto/PublisherSubscriberOpaque.xml
----------------- Instantiating /home/travis/build/icyphy/ptII/ptolemy/actor/lib/test/auto/PublisherSubscriberOpaque.xml
4 ms. Memory: 640000K Free: 584203K (91%)
----------------- Invoking toplevel() on ptolemy.moml.MoMLSimpleApplication@2fcee61b
----------------- Done invoking toplevel() on ptolemy.moml.MoMLSimpleApplication@2fcee61b
reloadAllAccessors: .PublisherSubscriberOpaque

===========================================================================================
----------------- testing Sun Jun 23 15:07:39 UTC 2019 /home/travis/build/icyphy/ptII/ptolemy/actor/lib/test/auto/PublisherSubscriberOpaqueD3.xml
----------------- Instantiating /home/travis/build/icyphy/ptII/ptolemy/actor/lib/test/auto/PublisherSubscriberOpaqueD3.xml
5 ms. Memory: 640000K Free: 572953K (90%)
----------------- Invoking toplevel() on ptolemy.moml.MoMLSimpleApplication@26711be6
----------------- Done invoking toplevel() on ptolemy.moml.MoMLSimpleApplication@26711be6
reloadAllAccessors: .PublisherSubscriberOpaqueD3

===========================================================================================
----------------- testing Sun Jun 23 15:07:39 UTC 2019 /home/travis/build/icyphy/ptII/ptolemy/actor/lib/test/auto/PublisherSubscriberOpaqueD3Reverse.xml
----------------- Instantiating /home/travis/build/icyphy/ptII/ptolemy/actor/lib/test/auto/PublisherSubscriberOpaqueD3Reverse.xml
8 ms. Memory: 640000K Free: 562203K (88%)
----------------- Invoking toplevel() on ptolemy.moml.MoMLSimpleApplication@7d079906
----------------- Done invoking toplevel() on ptolemy.moml.MoMLSimpleApplication@7d079906
reloadAllAccessors: .PublisherSubscriberOpaqueD3Reverse

===========================================================================================
----------------- testing Sun Jun 23 15:07:39 UTC 2019 /home/travis/build/icyphy/ptII/ptolemy/actor/lib/test/auto/PublisherSubscriberOpaqueWidthInference.xml
----------------- Instantiating /home/travis/build/icyphy/ptII/ptolemy/actor/lib/test/auto/PublisherSubscriberOpaqueWidthInference.xml
4 ms. Memory: 640000K Free: 554011K (87%)
----------------- Invoking toplevel() on ptolemy.moml.MoMLSimpleApplication@4a30151f
----------------- Done invoking toplevel() on ptolemy.moml.MoMLSimpleApplication@4a30151f
reloadAllAccessors: .PublisherSubscriberOpaqueWidthInference

===========================================================================================
----------------- testing Sun Jun 23 15:07:39 UTC 2019 /home/travis/build/icyphy/ptII/ptolemy/actor/lib/test/auto/PublisherTestSubscriber.xml
----------------- Instantiating /home/travis/build/icyphy/ptII/ptolemy/actor/lib/test/auto/PublisherTestSubscriber.xml
7 ms. Memory: 640000K Free: 546323K (85%)
----------------- Invoking toplevel() on ptolemy.moml.MoMLSimpleApplication@2a07a0cb
----------------- Done invoking toplevel() on ptolemy.moml.MoMLSimpleApplication@2a07a0cb
reloadAllAccessors: .PublisherTestSubscriber

===========================================================================================
----------------- testing Sun Jun 23 15:07:39 UTC 2019 /home/travis/build/icyphy/ptII/ptolemy/actor/lib/test/auto/PublisherToplevelSubscriberPortAOC.xml
----------------- Instantiating /home/travis/build/icyphy/ptII/ptolemy/actor/lib/test/auto/PublisherToplevelSubscriberPortAOC.xml
1 ms. Memory: 640000K Free: 540179K (84%)
----------------- Invoking toplevel() on ptolemy.moml.MoMLSimpleApplication@6763dd5a
----------------- Done invoking toplevel() on ptolemy.moml.MoMLSimpleApplication@6763dd5a
reloadAllAccessors: .PublisherToplevelSubscriberPortAOC

===========================================================================================
----------------- testing Sun Jun 23 15:07:39 UTC 2019 /home/travis/build/icyphy/ptII/ptolemy/actor/lib/test/auto/PulseFiringLimitDE.xml
----------------- Instantiating /home/travis/build/icyphy/ptII/ptolemy/actor/lib/test/auto/PulseFiringLimitDE.xml
2 ms. Memory: 640000K Free: 534041K (83%)
----------------- Invoking toplevel() on ptolemy.moml.MoMLSimpleApplication@5176383d
----------------- Done invoking toplevel() on ptolemy.moml.MoMLSimpleApplication@5176383d
reloadAllAccessors: .PulseFiringLimitDE

===========================================================================================
----------------- testing Sun Jun 23 15:07:39 UTC 2019 /home/travis/build/icyphy/ptII/ptolemy/actor/lib/test/auto/Ramp1.xml
----------------- Instantiating /home/travis/build/icyphy/ptII/ptolemy/actor/lib/test/auto/Ramp1.xml
1 ms. Memory: 640000K Free: 529939K (83%)
----------------- Invoking toplevel() on ptolemy.moml.MoMLSimpleApplication@12b31de9
----------------- Done invoking toplevel() on ptolemy.moml.MoMLSimpleApplication@12b31de9
reloadAllAccessors: .Ramp1

===========================================================================================
----------------- testing Sun Jun 23 15:07:39 UTC 2019 /home/travis/build/icyphy/ptII/ptolemy/actor/lib/test/auto/RampFiringLimitDE.xml
----------------- Instantiating /home/travis/build/icyphy/ptII/ptolemy/actor/lib/test/auto/RampFiringLimitDE.xml
4 ms. Memory: 640000K Free: 523787K (82%)
----------------- Invoking toplevel() on ptolemy.moml.MoMLSimpleApplication@55ddf09
----------------- Done invoking toplevel() on ptolemy.moml.MoMLSimpleApplication@55ddf09
reloadAllAccessors: .RampFiringLimitDE

===========================================================================================
----------------- testing Sun Jun 23 15:07:39 UTC 2019 /home/travis/build/icyphy/ptII/ptolemy/actor/lib/test/auto/RampFiringLimitSDF.xml
----------------- Instantiating /home/travis/build/icyphy/ptII/ptolemy/actor/lib/test/auto/RampFiringLimitSDF.xml
3 ms. Memory: 640000K Free: 518651K (81%)
----------------- Invoking toplevel() on ptolemy.moml.MoMLSimpleApplication@19fdaeac
----------------- Done invoking toplevel() on ptolemy.moml.MoMLSimpleApplication@19fdaeac
reloadAllAccessors: .RampFiringLimitSDF

===========================================================================================
----------------- testing Sun Jun 23 15:07:39 UTC 2019 /home/travis/build/icyphy/ptII/ptolemy/actor/lib/test/auto/RandomInteger.xml
----------------- Instantiating /home/travis/build/icyphy/ptII/ptolemy/actor/lib/test/auto/RandomInteger.xml
2 ms. Memory: 640000K Free: 514585K (80%)
----------------- Invoking toplevel() on ptolemy.moml.MoMLSimpleApplication@54c27181
----------------- Done invoking toplevel() on ptolemy.moml.MoMLSimpleApplication@54c27181
reloadAllAccessors: .RandomInteger

===========================================================================================
----------------- testing Sun Jun 23 15:07:39 UTC 2019 /home/travis/build/icyphy/ptII/ptolemy/actor/lib/test/auto/ReadFile1.xml
----------------- Instantiating /home/travis/build/icyphy/ptII/ptolemy/actor/lib/test/auto/ReadFile1.xml
2 ms. Memory: 640000K Free: 509979K (80%)
----------------- Invoking toplevel() on ptolemy.moml.MoMLSimpleApplication@3bbabfec
----------------- Done invoking toplevel() on ptolemy.moml.MoMLSimpleApplication@3bbabfec
reloadAllAccessors: .ReadFile1

===========================================================================================
----------------- testing Sun Jun 23 15:07:39 UTC 2019 /home/travis/build/icyphy/ptII/ptolemy/actor/lib/test/auto/ReadFile2.xml
----------------- Instantiating /home/travis/build/icyphy/ptII/ptolemy/actor/lib/test/auto/ReadFile2.xml
1 ms. Memory: 640000K Free: 505883K (79%)
----------------- Invoking toplevel() on ptolemy.moml.MoMLSimpleApplication@1aca5a98
----------------- Done invoking toplevel() on ptolemy.moml.MoMLSimpleApplication@1aca5a98
reloadAllAccessors: .ReadFile2

===========================================================================================
----------------- testing Sun Jun 23 15:07:39 UTC 2019 /home/travis/build/icyphy/ptII/ptolemy/actor/lib/test/auto/Reader.xml
----------------- Instantiating /home/travis/build/icyphy/ptII/ptolemy/actor/lib/test/auto/Reader.xml
actor.lib.Reader is obsolete, use actor.lib.io.ExpressionReader instead
4 ms. Memory: 640000K Free: 501787K (78%)
----------------- Invoking toplevel() on ptolemy.moml.MoMLSimpleApplication@2643f8b
----------------- Done invoking toplevel() on ptolemy.moml.MoMLSimpleApplication@2643f8b
reloadAllAccessors: .Reader

===========================================================================================
----------------- testing Sun Jun 23 15:07:39 UTC 2019 /home/travis/build/icyphy/ptII/ptolemy/actor/lib/test/auto/RecordAssemblerDisplayNameTest.xml
----------------- Instantiating /home/travis/build/icyphy/ptII/ptolemy/actor/lib/test/auto/RecordAssemblerDisplayNameTest.xml
3545 ms. Memory: 640000K Free: 441841K (69%)
----------------- Invoking toplevel() on ptolemy.moml.MoMLSimpleApplication@75a7d104
----------------- Done invoking toplevel() on ptolemy.moml.MoMLSimpleApplication@75a7d104
reloadAllAccessors: .RecordAssemblerDisplayNameTest

===========================================================================================
----------------- testing Sun Jun 23 15:07:42 UTC 2019 /home/travis/build/icyphy/ptII/ptolemy/actor/lib/test/auto/RecordAssemblerTypeError.xml
----------------- Instantiating /home/travis/build/icyphy/ptII/ptolemy/actor/lib/test/auto/RecordAssemblerTypeError.xml
16 ms. Memory: 640000K Free: 432625K (68%)
----------------- Invoking toplevel() on ptolemy.moml.MoMLSimpleApplication@5157cd1d
----------------- Done invoking toplevel() on ptolemy.moml.MoMLSimpleApplication@5157cd1d
reloadAllAccessors: .RecordAssemblerTypeError

===========================================================================================
----------------- testing Sun Jun 23 15:07:42 UTC 2019 /home/travis/build/icyphy/ptII/ptolemy/actor/lib/test/auto/RecordDisassember.xml
----------------- Instantiating /home/travis/build/icyphy/ptII/ptolemy/actor/lib/test/auto/RecordDisassember.xml
2 ms. Memory: 640000K Free: 428019K (67%)
----------------- Invoking toplevel() on ptolemy.moml.MoMLSimpleApplication@171ea847
----------------- Done invoking toplevel() on ptolemy.moml.MoMLSimpleApplication@171ea847
reloadAllAccessors: .RecordDisassember

===========================================================================================
----------------- testing Sun Jun 23 15:07:42 UTC 2019 /home/travis/build/icyphy/ptII/ptolemy/actor/lib/test/auto/RecordDisassemberDisplayNameTest.xml
----------------- Instantiating /home/travis/build/icyphy/ptII/ptolemy/actor/lib/test/auto/RecordDisassemberDisplayNameTest.xml
5 ms. Memory: 640000K Free: 420337K (66%)
----------------- Invoking toplevel() on ptolemy.moml.MoMLSimpleApplication@404226d2
----------------- Done invoking toplevel() on ptolemy.moml.MoMLSimpleApplication@404226d2
reloadAllAccessors: .RecordDisassemberDisplayNameTest

===========================================================================================
----------------- testing Sun Jun 23 15:07:42 UTC 2019 /home/travis/build/icyphy/ptII/ptolemy/actor/lib/test/auto/RecordDisassembler.xml
----------------- Instantiating /home/travis/build/icyphy/ptII/ptolemy/actor/lib/test/auto/RecordDisassembler.xml
2 ms. Memory: 640000K Free: 415187K (65%)
----------------- Invoking toplevel() on ptolemy.moml.MoMLSimpleApplication@2449ed04
----------------- Done invoking toplevel() on ptolemy.moml.MoMLSimpleApplication@2449ed04
reloadAllAccessors: .RecordDisassembler

===========================================================================================
----------------- testing Sun Jun 23 15:07:42 UTC 2019 /home/travis/build/icyphy/ptII/ptolemy/actor/lib/test/auto/RecordDisassembler2.xml
----------------- Instantiating /home/travis/build/icyphy/ptII/ptolemy/actor/lib/test/auto/RecordDisassembler2.xml
2 ms. Memory: 640000K Free: 410067K (64%)
----------------- Invoking toplevel() on ptolemy.moml.MoMLSimpleApplication@4856448d
----------------- Done invoking toplevel() on ptolemy.moml.MoMLSimpleApplication@4856448d
reloadAllAccessors: .RecordDisassembler2

===========================================================================================
----------------- testing Sun Jun 23 15:07:42 UTC 2019 /home/travis/build/icyphy/ptII/ptolemy/actor/lib/test/auto/RecordUpdater.xml
----------------- Instantiating /home/travis/build/icyphy/ptII/ptolemy/actor/lib/test/auto/RecordUpdater.xml
2 ms. Memory: 640000K Free: 404977K (63%)
----------------- Invoking toplevel() on ptolemy.moml.MoMLSimpleApplication@4d70ab81
----------------- Done invoking toplevel() on ptolemy.moml.MoMLSimpleApplication@4d70ab81
reloadAllAccessors: .RecordUpdater

===========================================================================================
----------------- testing Sun Jun 23 15:07:42 UTC 2019 /home/travis/build/icyphy/ptII/ptolemy/actor/lib/test/auto/RecordUpdater2.xml
----------------- Instantiating /home/travis/build/icyphy/ptII/ptolemy/actor/lib/test/auto/RecordUpdater2.xml
2 ms. Memory: 640000K Free: 399857K (62%)
----------------- Invoking toplevel() on ptolemy.moml.MoMLSimpleApplication@2ba6ba42
----------------- Done invoking toplevel() on ptolemy.moml.MoMLSimpleApplication@2ba6ba42
reloadAllAccessors: .RecordUpdater2

===========================================================================================
----------------- testing Sun Jun 23 15:07:42 UTC 2019 /home/travis/build/icyphy/ptII/ptolemy/actor/lib/test/auto/RecursiveLattice.xml
----------------- Instantiating /home/travis/build/icyphy/ptII/ptolemy/actor/lib/test/auto/RecursiveLattice.xml
1 ms. Memory: 640000K Free: 395251K (62%)
----------------- Invoking toplevel() on ptolemy.moml.MoMLSimpleApplication@32e91db5
----------------- Done invoking toplevel() on ptolemy.moml.MoMLSimpleApplication@32e91db5
reloadAllAccessors: .RecursiveLattice

===========================================================================================
----------------- testing Sun Jun 23 15:07:42 UTC 2019 /home/travis/build/icyphy/ptII/ptolemy/actor/lib/test/auto/Router.xml
----------------- Instantiating /home/travis/build/icyphy/ptII/ptolemy/actor/lib/test/auto/Router.xml
3004 ms. Memory: 640000K Free: 384497K (60%)
----------------- Invoking toplevel() on ptolemy.moml.MoMLSimpleApplication@3d6b1c7
----------------- Done invoking toplevel() on ptolemy.moml.MoMLSimpleApplication@3d6b1c7
reloadAllAccessors: .Router

===========================================================================================
----------------- testing Sun Jun 23 15:07:45 UTC 2019 /home/travis/build/icyphy/ptII/ptolemy/actor/lib/test/auto/Router2.xml
----------------- Instantiating /home/travis/build/icyphy/ptII/ptolemy/actor/lib/test/auto/Router2.xml
3004 ms. Memory: 640000K Free: 374257K (58%)
----------------- Invoking toplevel() on ptolemy.moml.MoMLSimpleApplication@176aaa29
----------------- Done invoking toplevel() on ptolemy.moml.MoMLSimpleApplication@176aaa29
reloadAllAccessors: .Router2

===========================================================================================
----------------- testing Sun Jun 23 15:07:48 UTC 2019 /home/travis/build/icyphy/ptII/ptolemy/actor/lib/test/auto/RunningMaximum.xml
----------------- Instantiating /home/travis/build/icyphy/ptII/ptolemy/actor/lib/test/auto/RunningMaximum.xml
1 ms. Memory: 640000K Free: 369651K (58%)
----------------- Invoking toplevel() on ptolemy.moml.MoMLSimpleApplication@71fa812e
----------------- Done invoking toplevel() on ptolemy.moml.MoMLSimpleApplication@71fa812e
reloadAllAccessors: .RunningMaximum

===========================================================================================
----------------- testing Sun Jun 23 15:07:49 UTC 2019 /home/travis/build/icyphy/ptII/ptolemy/actor/lib/test/auto/RunningMinimum.xml
----------------- Instantiating /home/travis/build/icyphy/ptII/ptolemy/actor/lib/test/auto/RunningMinimum.xml
9 ms. Memory: 640000K Free: 365041K (57%)
----------------- Invoking toplevel() on ptolemy.moml.MoMLSimpleApplication@6076939
----------------- Done invoking toplevel() on ptolemy.moml.MoMLSimpleApplication@6076939
reloadAllAccessors: .RunningMinimum

===========================================================================================
----------------- testing Sun Jun 23 15:07:49 UTC 2019 /home/travis/build/icyphy/ptII/ptolemy/actor/lib/test/auto/Scale.xml
----------------- Instantiating /home/travis/build/icyphy/ptII/ptolemy/actor/lib/test/auto/Scale.xml
2 ms. Memory: 640000K Free: 360435K (56%)
----------------- Invoking toplevel() on ptolemy.moml.MoMLSimpleApplication@5fb63689
----------------- Done invoking toplevel() on ptolemy.moml.MoMLSimpleApplication@5fb63689
reloadAllAccessors: .Scale

===========================================================================================
----------------- testing Sun Jun 23 15:07:49 UTC 2019 /home/travis/build/icyphy/ptII/ptolemy/actor/lib/test/auto/Scale2.xml
----------------- Instantiating /home/travis/build/icyphy/ptII/ptolemy/actor/lib/test/auto/Scale2.xml
2 ms. Memory: 640000K Free: 355825K (56%)
----------------- Invoking toplevel() on ptolemy.moml.MoMLSimpleApplication@597a8840
----------------- Done invoking toplevel() on ptolemy.moml.MoMLSimpleApplication@597a8840
reloadAllAccessors: .Scale2

===========================================================================================
----------------- testing Sun Jun 23 15:07:49 UTC 2019 /home/travis/build/icyphy/ptII/ptolemy/actor/lib/test/auto/Scale3.xml
----------------- Instantiating /home/travis/build/icyphy/ptII/ptolemy/actor/lib/test/auto/Scale3.xml
11 ms. Memory: 640000K Free: 349681K (55%)
----------------- Invoking toplevel() on ptolemy.moml.MoMLSimpleApplication@5599bc5
----------------- Done invoking toplevel() on ptolemy.moml.MoMLSimpleApplication@5599bc5
reloadAllAccessors: .Scale3

===========================================================================================
----------------- testing Sun Jun 23 15:07:49 UTC 2019 /home/travis/build/icyphy/ptII/ptolemy/actor/lib/test/auto/ScaleArray.xml
----------------- Instantiating /home/travis/build/icyphy/ptII/ptolemy/actor/lib/test/auto/ScaleArray.xml
1 ms. Memory: 640000K Free: 345075K (54%)
----------------- Invoking toplevel() on ptolemy.moml.MoMLSimpleApplication@4aa0d43c
----------------- Done invoking toplevel() on ptolemy.moml.MoMLSimpleApplication@4aa0d43c
reloadAllAccessors: .ScaleArray

===========================================================================================
----------------- testing Sun Jun 23 15:07:49 UTC 2019 /home/travis/build/icyphy/ptII/ptolemy/actor/lib/test/auto/ScaleArray2.xml
----------------- Instantiating /home/travis/build/icyphy/ptII/ptolemy/actor/lib/test/auto/ScaleArray2.xml
1 ms. Memory: 640000K Free: 340979K (53%)
----------------- Invoking toplevel() on ptolemy.moml.MoMLSimpleApplication@28f5fc8b
----------------- Done invoking toplevel() on ptolemy.moml.MoMLSimpleApplication@28f5fc8b
reloadAllAccessors: .ScaleArray2

===========================================================================================
----------------- testing Sun Jun 23 15:07:49 UTC 2019 /home/travis/build/icyphy/ptII/ptolemy/actor/lib/test/auto/ScaleMatrix.xml
----------------- Instantiating /home/travis/build/icyphy/ptII/ptolemy/actor/lib/test/auto/ScaleMatrix.xml
164 ms. Memory: 640000K Free: 326643K (51%)
----------------- Invoking toplevel() on ptolemy.moml.MoMLSimpleApplication@1862bdf6
----------------- Done invoking toplevel() on ptolemy.moml.MoMLSimpleApplication@1862bdf6
reloadAllAccessors: .ScaleMatrix

===========================================================================================
----------------- testing Sun Jun 23 15:07:49 UTC 2019 /home/travis/build/icyphy/ptII/ptolemy/actor/lib/test/auto/Select.xml
----------------- Instantiating /home/travis/build/icyphy/ptII/ptolemy/actor/lib/test/auto/Select.xml
3 ms. Memory: 640000K Free: 320499K (50%)
----------------- Invoking toplevel() on ptolemy.moml.MoMLSimpleApplication@52383aeb
----------------- Done invoking toplevel() on ptolemy.moml.MoMLSimpleApplication@52383aeb
reloadAllAccessors: .Select

===========================================================================================
----------------- testing Sun Jun 23 15:07:49 UTC 2019 /home/travis/build/icyphy/ptII/ptolemy/actor/lib/test/auto/Select2.xml
----------------- Instantiating /home/travis/build/icyphy/ptII/ptolemy/actor/lib/test/auto/Select2.xml
1 ms. Memory: 640000K Free: 315889K (49%)
----------------- Invoking toplevel() on ptolemy.moml.MoMLSimpleApplication@2f7ef29e
----------------- Done invoking toplevel() on ptolemy.moml.MoMLSimpleApplication@2f7ef29e
reloadAllAccessors: .Select2

===========================================================================================
----------------- testing Sun Jun 23 15:07:49 UTC 2019 /home/travis/build/icyphy/ptII/ptolemy/actor/lib/test/auto/SequenceToArray2.xml
----------------- Instantiating /home/travis/build/icyphy/ptII/ptolemy/actor/lib/test/auto/SequenceToArray2.xml
90 ms. Memory: 640000K Free: 292337K (46%)
----------------- Invoking toplevel() on ptolemy.moml.MoMLSimpleApplication@58cdacf9
----------------- Done invoking toplevel() on ptolemy.moml.MoMLSimpleApplication@58cdacf9
reloadAllAccessors: .SequenceToArray2

===========================================================================================
----------------- testing Sun Jun 23 15:07:49 UTC 2019 /home/travis/build/icyphy/ptII/ptolemy/actor/lib/test/auto/SequentialClock.xml
----------------- Instantiating /home/travis/build/icyphy/ptII/ptolemy/actor/lib/test/auto/SequentialClock.xml
2 ms. Memory: 640000K Free: 288241K (45%)
----------------- Invoking toplevel() on ptolemy.moml.MoMLSimpleApplication@32a872a1
----------------- Done invoking toplevel() on ptolemy.moml.MoMLSimpleApplication@32a872a1
reloadAllAccessors: .SequentialClock

===========================================================================================
----------------- testing Sun Jun 23 15:07:49 UTC 2019 /home/travis/build/icyphy/ptII/ptolemy/actor/lib/test/auto/SetVariable.xml
----------------- Instantiating /home/travis/build/icyphy/ptII/ptolemy/actor/lib/test/auto/SetVariable.xml
3 ms. Memory: 640000K Free: 283635K (44%)
----------------- Invoking toplevel() on ptolemy.moml.MoMLSimpleApplication@398b1f09
----------------- Done invoking toplevel() on ptolemy.moml.MoMLSimpleApplication@398b1f09
reloadAllAccessors: .SetVariable

===========================================================================================
----------------- testing Sun Jun 23 15:07:49 UTC 2019 /home/travis/build/icyphy/ptII/ptolemy/actor/lib/test/auto/SetVariable2.xml
----------------- Instantiating /home/travis/build/icyphy/ptII/ptolemy/actor/lib/test/auto/SetVariable2.xml
6 ms. Memory: 640000K Free: 278515K (44%)
----------------- Invoking toplevel() on ptolemy.moml.MoMLSimpleApplication@288e940e
----------------- Done invoking toplevel() on ptolemy.moml.MoMLSimpleApplication@288e940e
reloadAllAccessors: .SetVariable2

===========================================================================================
----------------- testing Sun Jun 23 15:07:49 UTC 2019 /home/travis/build/icyphy/ptII/ptolemy/actor/lib/test/auto/SetVariable3.xml
----------------- Instantiating /home/travis/build/icyphy/ptII/ptolemy/actor/lib/test/auto/SetVariable3.xml
7 ms. Memory: 640000K Free: 273395K (43%)
----------------- Invoking toplevel() on ptolemy.moml.MoMLSimpleApplication@1a6fc817
----------------- Done invoking toplevel() on ptolemy.moml.MoMLSimpleApplication@1a6fc817
reloadAllAccessors: .SetVariable3

===========================================================================================
----------------- testing Sun Jun 23 15:07:49 UTC 2019 /home/travis/build/icyphy/ptII/ptolemy/actor/lib/test/auto/SetVariable4.xml
----------------- Instantiating /home/travis/build/icyphy/ptII/ptolemy/actor/lib/test/auto/SetVariable4.xml
20 ms. Memory: 640000K Free: 263155K (41%)
----------------- Invoking toplevel() on ptolemy.moml.MoMLSimpleApplication@11fe423e
----------------- Done invoking toplevel() on ptolemy.moml.MoMLSimpleApplication@11fe423e
reloadAllAccessors: .SetVariable4

===========================================================================================
----------------- testing Sun Jun 23 15:07:49 UTC 2019 /home/travis/build/icyphy/ptII/ptolemy/actor/lib/test/auto/SetVariable5.xml
----------------- Instantiating /home/travis/build/icyphy/ptII/ptolemy/actor/lib/test/auto/SetVariable5.xml
18 ms. Memory: 640000K Free: 253939K (40%)
----------------- Invoking toplevel() on ptolemy.moml.MoMLSimpleApplication@4dac0228
----------------- Done invoking toplevel() on ptolemy.moml.MoMLSimpleApplication@4dac0228
reloadAllAccessors: .SetVariable5

===========================================================================================
----------------- testing Sun Jun 23 15:07:49 UTC 2019 /home/travis/build/icyphy/ptII/ptolemy/actor/lib/test/auto/Sinewave.xml
----------------- Instantiating /home/travis/build/icyphy/ptII/ptolemy/actor/lib/test/auto/Sinewave.xml
4 ms. Memory: 640000K Free: 243699K (38%)
----------------- Invoking toplevel() on ptolemy.moml.MoMLSimpleApplication@3694a251
----------------- Done invoking toplevel() on ptolemy.moml.MoMLSimpleApplication@3694a251
reloadAllAccessors: .Sinewave

===========================================================================================
----------------- testing Sun Jun 23 15:07:49 UTC 2019 /home/travis/build/icyphy/ptII/ptolemy/actor/lib/test/auto/Sinewave2.xml
----------------- Instantiating /home/travis/build/icyphy/ptII/ptolemy/actor/lib/test/auto/Sinewave2.xml
5 ms. Memory: 640000K Free: 235507K (37%)
----------------- Invoking toplevel() on ptolemy.moml.MoMLSimpleApplication@46f33cb5
----------------- Done invoking toplevel() on ptolemy.moml.MoMLSimpleApplication@46f33cb5
reloadAllAccessors: .Sinewave2

===========================================================================================
----------------- testing Sun Jun 23 15:07:49 UTC 2019 /home/travis/build/icyphy/ptII/ptolemy/actor/lib/test/auto/Sinewave3.xml
----------------- Instantiating /home/travis/build/icyphy/ptII/ptolemy/actor/lib/test/auto/Sinewave3.xml
9 ms. Memory: 640000K Free: 227315K (36%)
----------------- Invoking toplevel() on ptolemy.moml.MoMLSimpleApplication@6e75ea74
----------------- Done invoking toplevel() on ptolemy.moml.MoMLSimpleApplication@6e75ea74
reloadAllAccessors: .Sinewave3

===========================================================================================
----------------- testing Sun Jun 23 15:07:49 UTC 2019 /home/travis/build/icyphy/ptII/ptolemy/actor/lib/test/auto/SingleEvent.xml
----------------- Instantiating /home/travis/build/icyphy/ptII/ptolemy/actor/lib/test/auto/SingleEvent.xml
1 ms. Memory: 640000K Free: 223219K (35%)
----------------- Invoking toplevel() on ptolemy.moml.MoMLSimpleApplication@2c1541e2
----------------- Done invoking toplevel() on ptolemy.moml.MoMLSimpleApplication@2c1541e2
reloadAllAccessors: .SingleEvent

===========================================================================================
----------------- testing Sun Jun 23 15:07:49 UTC 2019 /home/travis/build/icyphy/ptII/ptolemy/actor/lib/test/auto/Sleep.xml
----------------- Instantiating /home/travis/build/icyphy/ptII/ptolemy/actor/lib/test/auto/Sleep.xml
6003 ms. Memory: 640000K Free: 217585K (34%)
----------------- Invoking toplevel() on ptolemy.moml.MoMLSimpleApplication@b7f69c3
----------------- Done invoking toplevel() on ptolemy.moml.MoMLSimpleApplication@b7f69c3
reloadAllAccessors: .Sleep

===========================================================================================
----------------- testing Sun Jun 23 15:07:55 UTC 2019 /home/travis/build/icyphy/ptII/ptolemy/actor/lib/test/auto/SleepMultipleFire.xml
----------------- Instantiating /home/travis/build/icyphy/ptII/ptolemy/actor/lib/test/auto/SleepMultipleFire.xml
1015 ms. Memory: 640000K Free: 590545K (92%)
----------------- Invoking toplevel() on ptolemy.moml.MoMLSimpleApplication@7b5a10a2
----------------- Done invoking toplevel() on ptolemy.moml.MoMLSimpleApplication@7b5a10a2
reloadAllAccessors: .SleepMultipleFire

===========================================================================================
----------------- testing Sun Jun 23 15:07:56 UTC 2019 /home/travis/build/icyphy/ptII/ptolemy/actor/lib/test/auto/StopDE.xml
----------------- Instantiating /home/travis/build/icyphy/ptII/ptolemy/actor/lib/test/auto/StopDE.xml
4 ms. Memory: 640000K Free: 584401K (91%)
----------------- Invoking toplevel() on ptolemy.moml.MoMLSimpleApplication@1284664c
----------------- Done invoking toplevel() on ptolemy.moml.MoMLSimpleApplication@1284664c
reloadAllAccessors: .StopDE

===========================================================================================
----------------- testing Sun Jun 23 15:07:56 UTC 2019 /home/travis/build/icyphy/ptII/ptolemy/actor/lib/test/auto/StopSDF.xml
----------------- Instantiating /home/travis/build/icyphy/ptII/ptolemy/actor/lib/test/auto/StopSDF.xml
2 ms. Memory: 640000K Free: 579281K (91%)
----------------- Invoking toplevel() on ptolemy.moml.MoMLSimpleApplication@3d6321e8
----------------- Done invoking toplevel() on ptolemy.moml.MoMLSimpleApplication@3d6321e8
reloadAllAccessors: .StopSDF

===========================================================================================
----------------- testing Sun Jun 23 15:07:56 UTC 2019 /home/travis/build/icyphy/ptII/ptolemy/actor/lib/test/auto/StringConstant.xml
----------------- Instantiating /home/travis/build/icyphy/ptII/ptolemy/actor/lib/test/auto/StringConstant.xml
6 ms. Memory: 640000K Free: 575185K (90%)
----------------- Invoking toplevel() on ptolemy.moml.MoMLSimpleApplication@a6e33d2
----------------- Done invoking toplevel() on ptolemy.moml.MoMLSimpleApplication@a6e33d2
reloadAllAccessors: .StringConstant

===========================================================================================
----------------- testing Sun Jun 23 15:07:56 UTC 2019 /home/travis/build/icyphy/ptII/ptolemy/actor/lib/test/auto/SubscriberPortInitialValues1.xml
----------------- Instantiating /home/travis/build/icyphy/ptII/ptolemy/actor/lib/test/auto/SubscriberPortInitialValues1.xml
5 ms. Memory: 640000K Free: 566479K (89%)
----------------- Invoking toplevel() on ptolemy.moml.MoMLSimpleApplication@41cb86d2
----------------- Done invoking toplevel() on ptolemy.moml.MoMLSimpleApplication@41cb86d2
reloadAllAccessors: .SubscriberPortInitialValues1

===========================================================================================
----------------- testing Sun Jun 23 15:07:56 UTC 2019 /home/travis/build/icyphy/ptII/ptolemy/actor/lib/test/auto/SubscriberPortInitialValues13.xml
----------------- Instantiating /home/travis/build/icyphy/ptII/ptolemy/actor/lib/test/auto/SubscriberPortInitialValues13.xml
5 ms. Memory: 640000K Free: 554191K (87%)
----------------- Invoking toplevel() on ptolemy.moml.MoMLSimpleApplication@36fd1d6
----------------- Done invoking toplevel() on ptolemy.moml.MoMLSimpleApplication@36fd1d6
reloadAllAccessors: .SubscriberPortInitialValues13

===========================================================================================
----------------- testing Sun Jun 23 15:07:56 UTC 2019 /home/travis/build/icyphy/ptII/ptolemy/actor/lib/test/auto/SubscriberPortInitialValues14.xml
----------------- Instantiating /home/travis/build/icyphy/ptII/ptolemy/actor/lib/test/auto/SubscriberPortInitialValues14.xml
6 ms. Memory: 640000K Free: 545999K (85%)
----------------- Invoking toplevel() on ptolemy.moml.MoMLSimpleApplication@2e3fd3c0
----------------- Done invoking toplevel() on ptolemy.moml.MoMLSimpleApplication@2e3fd3c0
reloadAllAccessors: .SubscriberPortInitialValues14

===========================================================================================
----------------- testing Sun Jun 23 15:07:56 UTC 2019 /home/travis/build/icyphy/ptII/ptolemy/actor/lib/test/auto/SubscriberPortInitialValues2.xml
----------------- Instantiating /home/travis/build/icyphy/ptII/ptolemy/actor/lib/test/auto/SubscriberPortInitialValues2.xml
4 ms. Memory: 640000K Free: 538321K (84%)
----------------- Invoking toplevel() on ptolemy.moml.MoMLSimpleApplication@65ebf22
----------------- Done invoking toplevel() on ptolemy.moml.MoMLSimpleApplication@65ebf22
reloadAllAccessors: .SubscriberPortInitialValues2

===========================================================================================
----------------- testing Sun Jun 23 15:07:56 UTC 2019 /home/travis/build/icyphy/ptII/ptolemy/actor/lib/test/auto/SubscriberPortInitialValues3.xml
----------------- Instantiating /home/travis/build/icyphy/ptII/ptolemy/actor/lib/test/auto/SubscriberPortInitialValues3.xml
4 ms. Memory: 640000K Free: 527567K (82%)
----------------- Invoking toplevel() on ptolemy.moml.MoMLSimpleApplication@2c90c60
----------------- Done invoking toplevel() on ptolemy.moml.MoMLSimpleApplication@2c90c60
reloadAllAccessors: .SubscriberPortInitialValues3

===========================================================================================
----------------- testing Sun Jun 23 15:07:56 UTC 2019 /home/travis/build/icyphy/ptII/ptolemy/actor/lib/test/auto/SubscriptionAggregator.xml
----------------- Instantiating /home/travis/build/icyphy/ptII/ptolemy/actor/lib/test/auto/SubscriptionAggregator.xml
2 ms. Memory: 640000K Free: 520913K (81%)
----------------- Invoking toplevel() on ptolemy.moml.MoMLSimpleApplication@61075557
----------------- Done invoking toplevel() on ptolemy.moml.MoMLSimpleApplication@61075557
reloadAllAccessors: .SubscriptionAggregator

===========================================================================================
----------------- testing Sun Jun 23 15:07:56 UTC 2019 /home/travis/build/icyphy/ptII/ptolemy/actor/lib/test/auto/SubscriptionAggregator2.xml
----------------- Instantiating /home/travis/build/icyphy/ptII/ptolemy/actor/lib/test/auto/SubscriptionAggregator2.xml
2 ms. Memory: 640000K Free: 514249K (80%)
----------------- Invoking toplevel() on ptolemy.moml.MoMLSimpleApplication@560dfcf4
----------------- Done invoking toplevel() on ptolemy.moml.MoMLSimpleApplication@560dfcf4
reloadAllAccessors: .SubscriptionAggregator2

===========================================================================================
----------------- testing Sun Jun 23 15:07:56 UTC 2019 /home/travis/build/icyphy/ptII/ptolemy/actor/lib/test/auto/SubscriptionAggregator3.xml
----------------- Instantiating /home/travis/build/icyphy/ptII/ptolemy/actor/lib/test/auto/SubscriptionAggregator3.xml
6 ms. Memory: 640000K Free: 505553K (79%)
----------------- Invoking toplevel() on ptolemy.moml.MoMLSimpleApplication@7c5be3e7
----------------- Done invoking toplevel() on ptolemy.moml.MoMLSimpleApplication@7c5be3e7
reloadAllAccessors: .SubscriptionAggregator3

===========================================================================================
----------------- testing Sun Jun 23 15:07:56 UTC 2019 /home/travis/build/icyphy/ptII/ptolemy/actor/lib/test/auto/SubscriptionAggregatorMultiply.xml
----------------- Instantiating /home/travis/build/icyphy/ptII/ptolemy/actor/lib/test/auto/SubscriptionAggregatorMultiply.xml
13 ms. Memory: 640000K Free: 497361K (78%)
----------------- Invoking toplevel() on ptolemy.moml.MoMLSimpleApplication@5d56a973
----------------- Done invoking toplevel() on ptolemy.moml.MoMLSimpleApplication@5d56a973
reloadAllAccessors: .SubscriptionAggregatorMultiply

===========================================================================================
----------------- testing Sun Jun 23 15:07:56 UTC 2019 /home/travis/build/icyphy/ptII/ptolemy/actor/lib/test/auto/SubscriptionAggregatorPortMultiply1.xml
----------------- Instantiating /home/travis/build/icyphy/ptII/ptolemy/actor/lib/test/auto/SubscriptionAggregatorPortMultiply1.xml
4 ms. Memory: 640000K Free: 489169K (76%)
----------------- Invoking toplevel() on ptolemy.moml.MoMLSimpleApplication@99cdd6f
----------------- Done invoking toplevel() on ptolemy.moml.MoMLSimpleApplication@99cdd6f
reloadAllAccessors: .SubscriptionAggregatorPortMultiply1

===========================================================================================
----------------- testing Sun Jun 23 15:07:56 UTC 2019 /home/travis/build/icyphy/ptII/ptolemy/actor/lib/test/auto/Switch.xml
----------------- Instantiating /home/travis/build/icyphy/ptII/ptolemy/actor/lib/test/auto/Switch.xml
7 ms. Memory: 640000K Free: 480977K (75%)
----------------- Invoking toplevel() on ptolemy.moml.MoMLSimpleApplication@6117c1ac
----------------- Done invoking toplevel() on ptolemy.moml.MoMLSimpleApplication@6117c1ac
reloadAllAccessors: .Switch

===========================================================================================
----------------- testing Sun Jun 23 15:07:56 UTC 2019 /home/travis/build/icyphy/ptII/ptolemy/actor/lib/test/auto/Switch2.xml
----------------- Instantiating /home/travis/build/icyphy/ptII/ptolemy/actor/lib/test/auto/Switch2.xml
1 ms. Memory: 640000K Free: 476367K (74%)
----------------- Invoking toplevel() on ptolemy.moml.MoMLSimpleApplication@77ce75e0
----------------- Done invoking toplevel() on ptolemy.moml.MoMLSimpleApplication@77ce75e0
reloadAllAccessors: .Switch2

===========================================================================================
----------------- testing Sun Jun 23 15:07:57 UTC 2019 /home/travis/build/icyphy/ptII/ptolemy/actor/lib/test/auto/SwitchDE.xml
----------------- Instantiating /home/travis/build/icyphy/ptII/ptolemy/actor/lib/test/auto/SwitchDE.xml
4 ms. Memory: 640000K Free: 470193K (73%)
----------------- Invoking toplevel() on ptolemy.moml.MoMLSimpleApplication@253d352f
----------------- Done invoking toplevel() on ptolemy.moml.MoMLSimpleApplication@253d352f
reloadAllAccessors: .SwitchDE

===========================================================================================
----------------- testing Sun Jun 23 15:07:57 UTC 2019 /home/travis/build/icyphy/ptII/ptolemy/actor/lib/test/auto/SynchronizerDE.xml
----------------- Instantiating /home/travis/build/icyphy/ptII/ptolemy/actor/lib/test/auto/SynchronizerDE.xml
7 ms. Memory: 640000K Free: 461521K (72%)
----------------- Invoking toplevel() on ptolemy.moml.MoMLSimpleApplication@1372e0a7
----------------- Done invoking toplevel() on ptolemy.moml.MoMLSimpleApplication@1372e0a7
reloadAllAccessors: .SynchronizerDE

===========================================================================================
----------------- testing Sun Jun 23 15:07:57 UTC 2019 /home/travis/build/icyphy/ptII/ptolemy/actor/lib/test/auto/Test.xml
----------------- Instantiating /home/travis/build/icyphy/ptII/ptolemy/actor/lib/test/auto/Test.xml
10 ms. Memory: 640000K Free: 456401K (71%)
----------------- Invoking toplevel() on ptolemy.moml.MoMLSimpleApplication@5b6b6514
----------------- Done invoking toplevel() on ptolemy.moml.MoMLSimpleApplication@5b6b6514
reloadAllAccessors: .Test

===========================================================================================
----------------- testing Sun Jun 23 15:07:57 UTC 2019 /home/travis/build/icyphy/ptII/ptolemy/actor/lib/test/auto/TestExceptionAttribute1.xml
----------------- Instantiating /home/travis/build/icyphy/ptII/ptolemy/actor/lib/test/auto/TestExceptionAttribute1.xml
1 ms. Memory: 640000K Free: 452815K (71%)
----------------- Invoking toplevel() on ptolemy.moml.MoMLSimpleApplication@1894a253
----------------- Done invoking toplevel() on ptolemy.moml.MoMLSimpleApplication@1894a253
reloadAllAccessors: .TestExceptionAttribute1

===========================================================================================
----------------- testing Sun Jun 23 15:07:57 UTC 2019 /home/travis/build/icyphy/ptII/ptolemy/actor/lib/test/auto/TestExceptionAttribute2.xml
----------------- Instantiating /home/travis/build/icyphy/ptII/ptolemy/actor/lib/test/auto/TestExceptionAttribute2.xml
2 ms. Memory: 640000K Free: 449233K (70%)
----------------- Invoking toplevel() on ptolemy.moml.MoMLSimpleApplication@46301314
----------------- Done invoking toplevel() on ptolemy.moml.MoMLSimpleApplication@46301314
reloadAllAccessors: .TestExceptionAttribute2

===========================================================================================
----------------- testing Sun Jun 23 15:07:57 UTC 2019 /home/travis/build/icyphy/ptII/ptolemy/actor/lib/test/auto/TestExceptionAttribute3.xml
----------------- Instantiating /home/travis/build/icyphy/ptII/ptolemy/actor/lib/test/auto/TestExceptionAttribute3.xml
.TestExceptionAttribute3.TestExceptionAttribute: initialize() was not invoked, but wrapup() was.  This is unusual, but not always a problem.  For example, exporting JNLP will do this.
0 ms. Memory: 640000K Free: 445647K (70%)
----------------- Invoking toplevel() on ptolemy.moml.MoMLSimpleApplication@29c54ae1
----------------- Done invoking toplevel() on ptolemy.moml.MoMLSimpleApplication@29c54ae1
reloadAllAccessors: .TestExceptionAttribute3

===========================================================================================
----------------- testing Sun Jun 23 15:07:57 UTC 2019 /home/travis/build/icyphy/ptII/ptolemy/actor/lib/test/auto/TestExceptionAttribute4.xml
----------------- Instantiating /home/travis/build/icyphy/ptII/ptolemy/actor/lib/test/auto/TestExceptionAttribute4.xml
.TestExceptionAttribute4.TestExceptionAttribute: initialize() was not invoked, but wrapup() was.  This is unusual, but not always a problem.  For example, exporting JNLP will do this.
.TestExceptionAttribute4.TestExceptionAttribute2: initialize() was not invoked, but wrapup() was.  This is unusual, but not always a problem.  For example, exporting JNLP will do this.
1 ms. Memory: 640000K Free: 441551K (69%)
----------------- Invoking toplevel() on ptolemy.moml.MoMLSimpleApplication@46a91a1a
----------------- Done invoking toplevel() on ptolemy.moml.MoMLSimpleApplication@46a91a1a
reloadAllAccessors: .TestExceptionAttribute4

===========================================================================================
----------------- testing Sun Jun 23 15:07:57 UTC 2019 /home/travis/build/icyphy/ptII/ptolemy/actor/lib/test/auto/TestExceptionHandler1.xml
----------------- Instantiating /home/travis/build/icyphy/ptII/ptolemy/actor/lib/test/auto/TestExceptionHandler1.xml
1 ms. Memory: 640000K Free: 437969K (68%)
----------------- Invoking toplevel() on ptolemy.moml.MoMLSimpleApplication@10f63068
----------------- Done invoking toplevel() on ptolemy.moml.MoMLSimpleApplication@10f63068
reloadAllAccessors: .TestExceptionHandler1

===========================================================================================
----------------- testing Sun Jun 23 15:07:57 UTC 2019 /home/travis/build/icyphy/ptII/ptolemy/actor/lib/test/auto/TestExceptionHandler2.xml
----------------- Instantiating /home/travis/build/icyphy/ptII/ptolemy/actor/lib/test/auto/TestExceptionHandler2.xml
2 ms. Memory: 640000K Free: 433873K (68%)
----------------- Invoking toplevel() on ptolemy.moml.MoMLSimpleApplication@4a3bd94d
----------------- Done invoking toplevel() on ptolemy.moml.MoMLSimpleApplication@4a3bd94d
reloadAllAccessors: .TestExceptionHandler2

===========================================================================================
----------------- testing Sun Jun 23 15:07:57 UTC 2019 /home/travis/build/icyphy/ptII/ptolemy/actor/lib/test/auto/TestExceptionHandler3.xml
----------------- Instantiating /home/travis/build/icyphy/ptII/ptolemy/actor/lib/test/auto/TestExceptionHandler3.xml
0 ms. Memory: 640000K Free: 430287K (67%)
----------------- Invoking toplevel() on ptolemy.moml.MoMLSimpleApplication@5eb92aa7
----------------- Done invoking toplevel() on ptolemy.moml.MoMLSimpleApplication@5eb92aa7
reloadAllAccessors: .TestExceptionHandler3

===========================================================================================
----------------- testing Sun Jun 23 15:07:57 UTC 2019 /home/travis/build/icyphy/ptII/ptolemy/actor/lib/test/auto/TestExceptionHandler4.xml
----------------- Instantiating /home/travis/build/icyphy/ptII/ptolemy/actor/lib/test/auto/TestExceptionHandler4.xml
0 ms. Memory: 640000K Free: 426191K (67%)
----------------- Invoking toplevel() on ptolemy.moml.MoMLSimpleApplication@5cfe4b0d
----------------- Done invoking toplevel() on ptolemy.moml.MoMLSimpleApplication@5cfe4b0d
reloadAllAccessors: .TestExceptionHandler4

===========================================================================================
----------------- testing Sun Jun 23 15:07:57 UTC 2019 /home/travis/build/icyphy/ptII/ptolemy/actor/lib/test/auto/TestRequireCorrectOrder.xml
----------------- Instantiating /home/travis/build/icyphy/ptII/ptolemy/actor/lib/test/auto/TestRequireCorrectOrder.xml
2 ms. Memory: 640000K Free: 421041K (66%)
----------------- Invoking toplevel() on ptolemy.moml.MoMLSimpleApplication@2e9ec
----------------- Done invoking toplevel() on ptolemy.moml.MoMLSimpleApplication@2e9ec
reloadAllAccessors: .TestRequireCorrectOrder

===========================================================================================
----------------- testing Sun Jun 23 15:07:57 UTC 2019 /home/travis/build/icyphy/ptII/ptolemy/actor/lib/test/auto/TestSimple.xml
----------------- Instantiating /home/travis/build/icyphy/ptII/ptolemy/actor/lib/test/auto/TestSimple.xml
4 ms. Memory: 640000K Free: 416975K (65%)
----------------- Invoking toplevel() on ptolemy.moml.MoMLSimpleApplication@19f1129b
----------------- Done invoking toplevel() on ptolemy.moml.MoMLSimpleApplication@19f1129b
reloadAllAccessors: .TestSimple

===========================================================================================
----------------- testing Sun Jun 23 15:07:57 UTC 2019 /home/travis/build/icyphy/ptII/ptolemy/actor/lib/test/auto/ThrowModelError.xml
----------------- Instantiating /home/travis/build/icyphy/ptII/ptolemy/actor/lib/test/auto/ThrowModelError.xml
2 ms. Memory: 640000K Free: 412369K (64%)
----------------- Invoking toplevel() on ptolemy.moml.MoMLSimpleApplication@5eb755dd
----------------- Done invoking toplevel() on ptolemy.moml.MoMLSimpleApplication@5eb755dd
reloadAllAccessors: .ThrowModelError

===========================================================================================
----------------- testing Sun Jun 23 15:07:57 UTC 2019 /home/travis/build/icyphy/ptII/ptolemy/actor/lib/test/auto/TimeDelayMicrosteps.xml
----------------- Instantiating /home/travis/build/icyphy/ptII/ptolemy/actor/lib/test/auto/TimeDelayMicrosteps.xml
3 ms. Memory: 640000K Free: 405697K (63%)
----------------- Invoking toplevel() on ptolemy.moml.MoMLSimpleApplication@73d4e5e
----------------- Done invoking toplevel() on ptolemy.moml.MoMLSimpleApplication@73d4e5e
reloadAllAccessors: .TimeDelayMicrosteps

===========================================================================================
----------------- testing Sun Jun 23 15:07:57 UTC 2019 /home/travis/build/icyphy/ptII/ptolemy/actor/lib/test/auto/TimeDelayMicrosteps2.xml
----------------- Instantiating /home/travis/build/icyphy/ptII/ptolemy/actor/lib/test/auto/TimeDelayMicrosteps2.xml
5 ms. Memory: 640000K Free: 398033K (62%)
----------------- Invoking toplevel() on ptolemy.moml.MoMLSimpleApplication@4589850c
----------------- Done invoking toplevel() on ptolemy.moml.MoMLSimpleApplication@4589850c
reloadAllAccessors: .TimeDelayMicrosteps2

===========================================================================================
----------------- testing Sun Jun 23 15:07:57 UTC 2019 /home/travis/build/icyphy/ptII/ptolemy/actor/lib/test/auto/TimeDelayMicrosteps3.xml
----------------- Instantiating /home/travis/build/icyphy/ptII/ptolemy/actor/lib/test/auto/TimeDelayMicrosteps3.xml
2 ms. Memory: 640000K Free: 391369K (61%)
----------------- Invoking toplevel() on ptolemy.moml.MoMLSimpleApplication@5fb2baae
----------------- Done invoking toplevel() on ptolemy.moml.MoMLSimpleApplication@5fb2baae
reloadAllAccessors: .TimeDelayMicrosteps3

===========================================================================================
----------------- testing Sun Jun 23 15:07:57 UTC 2019 /home/travis/build/icyphy/ptII/ptolemy/actor/lib/test/auto/TimeDelayVariableMicrosteps.xml
----------------- Instantiating /home/travis/build/icyphy/ptII/ptolemy/actor/lib/test/auto/TimeDelayVariableMicrosteps.xml
3 ms. Memory: 640000K Free: 385231K (60%)
----------------- Invoking toplevel() on ptolemy.moml.MoMLSimpleApplication@70440e04
----------------- Done invoking toplevel() on ptolemy.moml.MoMLSimpleApplication@70440e04
reloadAllAccessors: .TimeDelayVariableMicrosteps

===========================================================================================
----------------- testing Sun Jun 23 15:07:57 UTC 2019 /home/travis/build/icyphy/ptII/ptolemy/actor/lib/test/auto/TimeGap.xml
----------------- Instantiating /home/travis/build/icyphy/ptII/ptolemy/actor/lib/test/auto/TimeGap.xml
4 ms. Memory: 640000K Free: 380081K (59%)
----------------- Invoking toplevel() on ptolemy.moml.MoMLSimpleApplication@5dd0327a
----------------- Done invoking toplevel() on ptolemy.moml.MoMLSimpleApplication@5dd0327a
reloadAllAccessors: .TimeGap

===========================================================================================
----------------- testing Sun Jun 23 15:07:57 UTC 2019 /home/travis/build/icyphy/ptII/ptolemy/actor/lib/test/auto/TimeGap2.xml
----------------- Instantiating /home/travis/build/icyphy/ptII/ptolemy/actor/lib/test/auto/TimeGap2.xml
1 ms. Memory: 640000K Free: 374481K (59%)
----------------- Invoking toplevel() on ptolemy.moml.MoMLSimpleApplication@6e76e9
----------------- Done invoking toplevel() on ptolemy.moml.MoMLSimpleApplication@6e76e9
reloadAllAccessors: .TimeGap2

===========================================================================================
----------------- testing Sun Jun 23 15:07:57 UTC 2019 /home/travis/build/icyphy/ptII/ptolemy/actor/lib/test/auto/TimedSinewave.xml
----------------- Instantiating /home/travis/build/icyphy/ptII/ptolemy/actor/lib/test/auto/TimedSinewave.xml
36 ms. Memory: 640000K Free: 360655K (56%)
----------------- Invoking toplevel() on ptolemy.moml.MoMLSimpleApplication@75adbb7d
----------------- Done invoking toplevel() on ptolemy.moml.MoMLSimpleApplication@75adbb7d
reloadAllAccessors: .TimedSinewave

===========================================================================================
----------------- testing Sun Jun 23 15:07:57 UTC 2019 /home/travis/build/icyphy/ptII/ptolemy/actor/lib/test/auto/TimedSinewavePhase.xml
----------------- Instantiating /home/travis/build/icyphy/ptII/ptolemy/actor/lib/test/auto/TimedSinewavePhase.xml
9 ms. Memory: 640000K Free: 350415K (55%)
----------------- Invoking toplevel() on ptolemy.moml.MoMLSimpleApplication@6d34cdc0
----------------- Done invoking toplevel() on ptolemy.moml.MoMLSimpleApplication@6d34cdc0
reloadAllAccessors: .TimedSinewavePhase

===========================================================================================
----------------- testing Sun Jun 23 15:07:57 UTC 2019 /home/travis/build/icyphy/ptII/ptolemy/actor/lib/test/auto/Timer.xml
----------------- Instantiating /home/travis/build/icyphy/ptII/ptolemy/actor/lib/test/auto/Timer.xml
1 ms. Memory: 640000K Free: 344785K (54%)
----------------- Invoking toplevel() on ptolemy.moml.MoMLSimpleApplication@4aee3f97
----------------- Done invoking toplevel() on ptolemy.moml.MoMLSimpleApplication@4aee3f97
reloadAllAccessors: .Timer

===========================================================================================
----------------- testing Sun Jun 23 15:07:57 UTC 2019 /home/travis/build/icyphy/ptII/ptolemy/actor/lib/test/auto/TriangularDistTestModel.xml
----------------- Instantiating /home/travis/build/icyphy/ptII/ptolemy/actor/lib/test/auto/TriangularDistTestModel.xml
2 ms. Memory: 640000K Free: 339145K (53%)
----------------- Invoking toplevel() on ptolemy.moml.MoMLSimpleApplication@24399ba6
----------------- Done invoking toplevel() on ptolemy.moml.MoMLSimpleApplication@24399ba6
reloadAllAccessors: .TriangularDistTestModel

===========================================================================================
----------------- testing Sun Jun 23 15:07:57 UTC 2019 /home/travis/build/icyphy/ptII/ptolemy/actor/lib/test/auto/TrigFunction.xml
----------------- Instantiating /home/travis/build/icyphy/ptII/ptolemy/actor/lib/test/auto/TrigFunction.xml
2 ms. Memory: 640000K Free: 334545K (52%)
----------------- Invoking toplevel() on ptolemy.moml.MoMLSimpleApplication@4943f43e
----------------- Done invoking toplevel() on ptolemy.moml.MoMLSimpleApplication@4943f43e
reloadAllAccessors: .TrigFunction

===========================================================================================
----------------- testing Sun Jun 23 15:07:57 UTC 2019 /home/travis/build/icyphy/ptII/ptolemy/actor/lib/test/auto/TrigFunctionDE.xml
----------------- Instantiating /home/travis/build/icyphy/ptII/ptolemy/actor/lib/test/auto/TrigFunctionDE.xml
2 ms. Memory: 640000K Free: 328911K (51%)
----------------- Invoking toplevel() on ptolemy.moml.MoMLSimpleApplication@4c109536
----------------- Done invoking toplevel() on ptolemy.moml.MoMLSimpleApplication@4c109536
reloadAllAccessors: .TrigFunctionDE

===========================================================================================
----------------- testing Sun Jun 23 15:07:57 UTC 2019 /home/travis/build/icyphy/ptII/ptolemy/actor/lib/test/auto/TrigFunctionInverse.xml
----------------- Instantiating /home/travis/build/icyphy/ptII/ptolemy/actor/lib/test/auto/TrigFunctionInverse.xml
2 ms. Memory: 640000K Free: 323281K (51%)
----------------- Invoking toplevel() on ptolemy.moml.MoMLSimpleApplication@2bc82860
----------------- Done invoking toplevel() on ptolemy.moml.MoMLSimpleApplication@2bc82860
reloadAllAccessors: .TrigFunctionInverse

===========================================================================================
----------------- testing Sun Jun 23 15:07:57 UTC 2019 /home/travis/build/icyphy/ptII/ptolemy/actor/lib/test/auto/TrigFunctionTan.xml
----------------- Instantiating /home/travis/build/icyphy/ptII/ptolemy/actor/lib/test/auto/TrigFunctionTan.xml
1 ms. Memory: 640000K Free: 319185K (50%)
----------------- Invoking toplevel() on ptolemy.moml.MoMLSimpleApplication@3ddb5cd0
----------------- Done invoking toplevel() on ptolemy.moml.MoMLSimpleApplication@3ddb5cd0
reloadAllAccessors: .TrigFunctionTan

===========================================================================================
----------------- testing Sun Jun 23 15:07:57 UTC 2019 /home/travis/build/icyphy/ptII/ptolemy/actor/lib/test/auto/TriggeredClock.xml
----------------- Instantiating /home/travis/build/icyphy/ptII/ptolemy/actor/lib/test/auto/TriggeredClock.xml
1 ms. Memory: 640000K Free: 314065K (49%)
----------------- Invoking toplevel() on ptolemy.moml.MoMLSimpleApplication@aa87dc8
----------------- Done invoking toplevel() on ptolemy.moml.MoMLSimpleApplication@aa87dc8
reloadAllAccessors: .TriggeredClock

===========================================================================================
----------------- testing Sun Jun 23 15:07:57 UTC 2019 /home/travis/build/icyphy/ptII/ptolemy/actor/lib/test/auto/URLDirectoryReader.xml
----------------- Instantiating /home/travis/build/icyphy/ptII/ptolemy/actor/lib/test/auto/URLDirectoryReader.xml
43 ms. Memory: 640000K Free: 305359K (48%)
----------------- Invoking toplevel() on ptolemy.moml.MoMLSimpleApplication@491e497c
----------------- Done invoking toplevel() on ptolemy.moml.MoMLSimpleApplication@491e497c
reloadAllAccessors: .URLDirectoryReader

===========================================================================================
----------------- testing Sun Jun 23 15:07:57 UTC 2019 /home/travis/build/icyphy/ptII/ptolemy/actor/lib/test/auto/URLDirectoryReader3.xml
----------------- Instantiating /home/travis/build/icyphy/ptII/ptolemy/actor/lib/test/auto/URLDirectoryReader3.xml
1072 ms. Memory: 640000K Free: 583658K (91%)
----------------- Invoking toplevel() on ptolemy.moml.MoMLSimpleApplication@46d3fcf7
----------------- Done invoking toplevel() on ptolemy.moml.MoMLSimpleApplication@46d3fcf7
reloadAllAccessors: .URLDirectoryReader3

===========================================================================================
----------------- testing Sun Jun 23 15:07:58 UTC 2019 /home/travis/build/icyphy/ptII/ptolemy/actor/lib/test/auto/UnaryMathFunction.xml
----------------- Instantiating /home/travis/build/icyphy/ptII/ptolemy/actor/lib/test/auto/UnaryMathFunction.xml
3 ms. Memory: 640000K Free: 575876K (90%)
----------------- Invoking toplevel() on ptolemy.moml.MoMLSimpleApplication@2e4a7194
----------------- Done invoking toplevel() on ptolemy.moml.MoMLSimpleApplication@2e4a7194
reloadAllAccessors: .UnaryMathFunction

===========================================================================================
----------------- testing Sun Jun 23 15:07:59 UTC 2019 /home/travis/build/icyphy/ptII/ptolemy/actor/lib/test/auto/Uniform.xml
----------------- Instantiating /home/travis/build/icyphy/ptII/ptolemy/actor/lib/test/auto/Uniform.xml
1 ms. Memory: 640000K Free: 571266K (89%)
----------------- Invoking toplevel() on ptolemy.moml.MoMLSimpleApplication@48a67d69
----------------- Done invoking toplevel() on ptolemy.moml.MoMLSimpleApplication@48a67d69
reloadAllAccessors: .Uniform

===========================================================================================
----------------- testing Sun Jun 23 15:07:59 UTC 2019 /home/travis/build/icyphy/ptII/ptolemy/actor/lib/test/auto/UnionDisassemblerTest.xml
----------------- Instantiating /home/travis/build/icyphy/ptII/ptolemy/actor/lib/test/auto/UnionDisassemblerTest.xml
8 ms. Memory: 640000K Free: 567684K (89%)
----------------- Invoking toplevel() on ptolemy.moml.MoMLSimpleApplication@4642b9ab
----------------- Done invoking toplevel() on ptolemy.moml.MoMLSimpleApplication@4642b9ab
reloadAllAccessors: .UnionDisassemblerTest

===========================================================================================
----------------- testing Sun Jun 23 15:07:59 UTC 2019 /home/travis/build/icyphy/ptII/ptolemy/actor/lib/test/auto/UtilityFunctions.xml
----------------- Instantiating /home/travis/build/icyphy/ptII/ptolemy/actor/lib/test/auto/UtilityFunctions.xml
1 ms. Memory: 640000K Free: 563588K (88%)
----------------- Invoking toplevel() on ptolemy.moml.MoMLSimpleApplication@6d7be9ff
----------------- Done invoking toplevel() on ptolemy.moml.MoMLSimpleApplication@6d7be9ff
reloadAllAccessors: .UtilityFunctions

===========================================================================================
----------------- testing Sun Jun 23 15:07:59 UTC 2019 /home/travis/build/icyphy/ptII/ptolemy/actor/lib/test/auto/VariableSleep.xml
----------------- Instantiating /home/travis/build/icyphy/ptII/ptolemy/actor/lib/test/auto/VariableSleep.xml
503 ms. Memory: 640000K Free: 558468K (87%)
----------------- Invoking toplevel() on ptolemy.moml.MoMLSimpleApplication@1f28578b
----------------- Done invoking toplevel() on ptolemy.moml.MoMLSimpleApplication@1f28578b
reloadAllAccessors: .VariableSleep

===========================================================================================
----------------- testing Sun Jun 23 15:07:59 UTC 2019 /home/travis/build/icyphy/ptII/ptolemy/actor/lib/test/auto/VectorAssemblerDisassemblerCT.xml
----------------- Instantiating /home/travis/build/icyphy/ptII/ptolemy/actor/lib/test/auto/VectorAssemblerDisassemblerCT.xml
82 ms. Memory: 640000K Free: 537988K (84%)
----------------- Invoking toplevel() on ptolemy.moml.MoMLSimpleApplication@5d23ac34
----------------- Done invoking toplevel() on ptolemy.moml.MoMLSimpleApplication@5d23ac34
reloadAllAccessors: .VectorAssemblerDisassemblerCT

===========================================================================================
----------------- testing Sun Jun 23 15:07:59 UTC 2019 /home/travis/build/icyphy/ptII/ptolemy/actor/lib/test/auto/VectorAssemblerDisassemblerDE.xml
----------------- Instantiating /home/travis/build/icyphy/ptII/ptolemy/actor/lib/test/auto/VectorAssemblerDisassemblerDE.xml
3 ms. Memory: 640000K Free: 530820K (83%)
----------------- Invoking toplevel() on ptolemy.moml.MoMLSimpleApplication@29cbd775
----------------- Done invoking toplevel() on ptolemy.moml.MoMLSimpleApplication@29cbd775
reloadAllAccessors: .VectorAssemblerDisassemblerDE

===========================================================================================
----------------- testing Sun Jun 23 15:07:59 UTC 2019 /home/travis/build/icyphy/ptII/ptolemy/actor/lib/test/auto/VectorAssemblerDisassemblerSDF.xml
----------------- Instantiating /home/travis/build/icyphy/ptII/ptolemy/actor/lib/test/auto/VectorAssemblerDisassemblerSDF.xml
2 ms. Memory: 640000K Free: 524676K (82%)
----------------- Invoking toplevel() on ptolemy.moml.MoMLSimpleApplication@6a8e4440
----------------- Done invoking toplevel() on ptolemy.moml.MoMLSimpleApplication@6a8e4440
reloadAllAccessors: .VectorAssemblerDisassemblerSDF

===========================================================================================
----------------- testing Sun Jun 23 15:07:59 UTC 2019 /home/travis/build/icyphy/ptII/ptolemy/actor/lib/test/auto/WallClockTime.xml
----------------- Instantiating /home/travis/build/icyphy/ptII/ptolemy/actor/lib/test/auto/WallClockTime.xml
1005 ms. Memory: 640000K Free: 519042K (81%)
----------------- Invoking toplevel() on ptolemy.moml.MoMLSimpleApplication@3bf978ec
----------------- Done invoking toplevel() on ptolemy.moml.MoMLSimpleApplication@3bf978ec
reloadAllAccessors: .WallClockTime

===========================================================================================
----------------- testing Sun Jun 23 15:08:00 UTC 2019 /home/travis/build/icyphy/ptII/ptolemy/actor/lib/test/auto/WidthTestWithSubscriberPublisher.xml
----------------- Instantiating /home/travis/build/icyphy/ptII/ptolemy/actor/lib/test/auto/WidthTestWithSubscriberPublisher.xml
7 ms. Memory: 640000K Free: 501634K (78%)
----------------- Invoking toplevel() on ptolemy.moml.MoMLSimpleApplication@30897010
----------------- Done invoking toplevel() on ptolemy.moml.MoMLSimpleApplication@30897010
reloadAllAccessors: .WidthTestWithSubscriberPublisher

===========================================================================================
----------------- testing Sun Jun 23 15:08:00 UTC 2019 /home/travis/build/icyphy/ptII/ptolemy/actor/lib/test/auto/WidthTestWithSubscriberPublisher2.xml
----------------- Instantiating /home/travis/build/icyphy/ptII/ptolemy/actor/lib/test/auto/WidthTestWithSubscriberPublisher2.xml
2 ms. Memory: 640000K Free: 495490K (77%)
----------------- Invoking toplevel() on ptolemy.moml.MoMLSimpleApplication@31b569c5
----------------- Done invoking toplevel() on ptolemy.moml.MoMLSimpleApplication@31b569c5
reloadAllAccessors: .WidthTestWithSubscriberPublisher2

===========================================================================================
----------------- testing Sun Jun 23 15:08:00 UTC 2019 /home/travis/build/icyphy/ptII/ptolemy/actor/lib/test/auto/WidthTestWithSubscriberPublisher3.xml
----------------- Instantiating /home/travis/build/icyphy/ptII/ptolemy/actor/lib/test/auto/WidthTestWithSubscriberPublisher3.xml
2 ms. Memory: 640000K Free: 489860K (77%)
----------------- Invoking toplevel() on ptolemy.moml.MoMLSimpleApplication@4b18c583
----------------- Done invoking toplevel() on ptolemy.moml.MoMLSimpleApplication@4b18c583
reloadAllAccessors: .WidthTestWithSubscriberPublisher3

===========================================================================================
----------------- testing Sun Jun 23 15:08:00 UTC 2019 /home/travis/build/icyphy/ptII/ptolemy/actor/lib/test/auto/Writer.xml
----------------- Instantiating /home/travis/build/icyphy/ptII/ptolemy/actor/lib/test/auto/Writer.xml
0
1
2
3
4
1 ms. Memory: 640000K Free: 485764K (76%)
----------------- Invoking toplevel() on ptolemy.moml.MoMLSimpleApplication@1c80546a
----------------- Done invoking toplevel() on ptolemy.moml.MoMLSimpleApplication@1c80546a
reloadAllAccessors: .Writer

===========================================================================================
----------------- testing Sun Jun 23 15:08:00 UTC 2019 /home/travis/build/icyphy/ptII/ptolemy/actor/lib/test/auto/array.xml
----------------- Instantiating /home/travis/build/icyphy/ptII/ptolemy/actor/lib/test/auto/array.xml
2 ms. Memory: 640000K Free: 481154K (75%)
----------------- Invoking toplevel() on ptolemy.moml.MoMLSimpleApplication@365f0a3f
----------------- Done invoking toplevel() on ptolemy.moml.MoMLSimpleApplication@365f0a3f
reloadAllAccessors: .array

===========================================================================================
----------------- testing Sun Jun 23 15:08:00 UTC 2019 /home/travis/build/icyphy/ptII/ptolemy/actor/lib/test/auto/array2.xml
----------------- Instantiating /home/travis/build/icyphy/ptII/ptolemy/actor/lib/test/auto/array2.xml
5 ms. Memory: 640000K Free: 476019K (74%)
----------------- Invoking toplevel() on ptolemy.moml.MoMLSimpleApplication@4bdc05e6
----------------- Done invoking toplevel() on ptolemy.moml.MoMLSimpleApplication@4bdc05e6
reloadAllAccessors: .array2

===========================================================================================
----------------- testing Sun Jun 23 15:08:00 UTC 2019 /home/travis/build/icyphy/ptII/ptolemy/actor/lib/test/auto/arrayType.xml
----------------- Instantiating /home/travis/build/icyphy/ptII/ptolemy/actor/lib/test/auto/arrayType.xml
1 ms. Memory: 640000K Free: 470914K (74%)
----------------- Invoking toplevel() on ptolemy.moml.MoMLSimpleApplication@716bc1c2
----------------- Done invoking toplevel() on ptolemy.moml.MoMLSimpleApplication@716bc1c2
reloadAllAccessors: .arrayType

===========================================================================================
----------------- testing Sun Jun 23 15:08:00 UTC 2019 /home/travis/build/icyphy/ptII/ptolemy/actor/lib/test/auto/arrayType10.xml
----------------- Instantiating /home/travis/build/icyphy/ptII/ptolemy/actor/lib/test/auto/arrayType10.xml
2 ms. Memory: 640000K Free: 466308K (73%)
----------------- Invoking toplevel() on ptolemy.moml.MoMLSimpleApplication@32378ee6
----------------- Done invoking toplevel() on ptolemy.moml.MoMLSimpleApplication@32378ee6
reloadAllAccessors: .arrayType10

===========================================================================================
----------------- testing Sun Jun 23 15:08:00 UTC 2019 /home/travis/build/icyphy/ptII/ptolemy/actor/lib/test/auto/arrayType11.xml
----------------- Instantiating /home/travis/build/icyphy/ptII/ptolemy/actor/lib/test/auto/arrayType11.xml
1 ms. Memory: 640000K Free: 461698K (72%)
----------------- Invoking toplevel() on ptolemy.moml.MoMLSimpleApplication@3d098133
----------------- Done invoking toplevel() on ptolemy.moml.MoMLSimpleApplication@3d098133
reloadAllAccessors: .arrayType11

===========================================================================================
----------------- testing Sun Jun 23 15:08:00 UTC 2019 /home/travis/build/icyphy/ptII/ptolemy/actor/lib/test/auto/arrayType12.xml
----------------- Instantiating /home/travis/build/icyphy/ptII/ptolemy/actor/lib/test/auto/arrayType12.xml
2 ms. Memory: 640000K Free: 457092K (71%)
----------------- Invoking toplevel() on ptolemy.moml.MoMLSimpleApplication@158cfe6f
----------------- Done invoking toplevel() on ptolemy.moml.MoMLSimpleApplication@158cfe6f
reloadAllAccessors: .arrayType12

===========================================================================================
----------------- testing Sun Jun 23 15:08:00 UTC 2019 /home/travis/build/icyphy/ptII/ptolemy/actor/lib/test/auto/arrayType13.xml
----------------- Instantiating /home/travis/build/icyphy/ptII/ptolemy/actor/lib/test/auto/arrayType13.xml
2 ms. Memory: 640000K Free: 451458K (71%)
----------------- Invoking toplevel() on ptolemy.moml.MoMLSimpleApplication@2d355c65
----------------- Done invoking toplevel() on ptolemy.moml.MoMLSimpleApplication@2d355c65
reloadAllAccessors: .arrayType13

===========================================================================================
----------------- testing Sun Jun 23 15:08:00 UTC 2019 /home/travis/build/icyphy/ptII/ptolemy/actor/lib/test/auto/arrayType14.xml
----------------- Instantiating /home/travis/build/icyphy/ptII/ptolemy/actor/lib/test/auto/arrayType14.xml
2 ms. Memory: 640000K Free: 446338K (70%)
----------------- Invoking toplevel() on ptolemy.moml.MoMLSimpleApplication@19605288
----------------- Done invoking toplevel() on ptolemy.moml.MoMLSimpleApplication@19605288
reloadAllAccessors: .arrayType14

===========================================================================================
----------------- testing Sun Jun 23 15:08:00 UTC 2019 /home/travis/build/icyphy/ptII/ptolemy/actor/lib/test/auto/arrayType15.xml
----------------- Instantiating /home/travis/build/icyphy/ptII/ptolemy/actor/lib/test/auto/arrayType15.xml
2 ms. Memory: 640000K Free: 441218K (69%)
----------------- Invoking toplevel() on ptolemy.moml.MoMLSimpleApplication@40b0ea65
----------------- Done invoking toplevel() on ptolemy.moml.MoMLSimpleApplication@40b0ea65
reloadAllAccessors: .arrayType15

===========================================================================================
----------------- testing Sun Jun 23 15:08:00 UTC 2019 /home/travis/build/icyphy/ptII/ptolemy/actor/lib/test/auto/arrayType16.xml
----------------- Instantiating /home/travis/build/icyphy/ptII/ptolemy/actor/lib/test/auto/arrayType16.xml
2 ms. Memory: 640000K Free: 436098K (68%)
----------------- Invoking toplevel() on ptolemy.moml.MoMLSimpleApplication@5ebb5310
----------------- Done invoking toplevel() on ptolemy.moml.MoMLSimpleApplication@5ebb5310
reloadAllAccessors: .arrayType16

===========================================================================================
----------------- testing Sun Jun 23 15:08:00 UTC 2019 /home/travis/build/icyphy/ptII/ptolemy/actor/lib/test/auto/arrayType17.xml
----------------- Instantiating /home/travis/build/icyphy/ptII/ptolemy/actor/lib/test/auto/arrayType17.xml
2 ms. Memory: 640000K Free: 430468K (67%)
----------------- Invoking toplevel() on ptolemy.moml.MoMLSimpleApplication@7d5f67cd
----------------- Done invoking toplevel() on ptolemy.moml.MoMLSimpleApplication@7d5f67cd
reloadAllAccessors: .arrayType17

===========================================================================================
----------------- testing Sun Jun 23 15:08:00 UTC 2019 /home/travis/build/icyphy/ptII/ptolemy/actor/lib/test/auto/arrayType18.xml
----------------- Instantiating /home/travis/build/icyphy/ptII/ptolemy/actor/lib/test/auto/arrayType18.xml
1 ms. Memory: 640000K Free: 425858K (67%)
----------------- Invoking toplevel() on ptolemy.moml.MoMLSimpleApplication@3539d7f9
----------------- Done invoking toplevel() on ptolemy.moml.MoMLSimpleApplication@3539d7f9
reloadAllAccessors: .arrayType18

===========================================================================================
----------------- testing Sun Jun 23 15:08:00 UTC 2019 /home/travis/build/icyphy/ptII/ptolemy/actor/lib/test/auto/arrayType19.xml
----------------- Instantiating /home/travis/build/icyphy/ptII/ptolemy/actor/lib/test/auto/arrayType19.xml
1 ms. Memory: 640000K Free: 421252K (66%)
----------------- Invoking toplevel() on ptolemy.moml.MoMLSimpleApplication@2db5602a
----------------- Done invoking toplevel() on ptolemy.moml.MoMLSimpleApplication@2db5602a
reloadAllAccessors: .arrayType19

===========================================================================================
----------------- testing Sun Jun 23 15:08:01 UTC 2019 /home/travis/build/icyphy/ptII/ptolemy/actor/lib/test/auto/arrayType2.xml
----------------- Instantiating /home/travis/build/icyphy/ptII/ptolemy/actor/lib/test/auto/arrayType2.xml
1 ms. Memory: 640000K Free: 415108K (65%)
----------------- Invoking toplevel() on ptolemy.moml.MoMLSimpleApplication@1f3493c4
----------------- Done invoking toplevel() on ptolemy.moml.MoMLSimpleApplication@1f3493c4
reloadAllAccessors: .arrayType2

===========================================================================================
----------------- testing Sun Jun 23 15:08:01 UTC 2019 /home/travis/build/icyphy/ptII/ptolemy/actor/lib/test/auto/arrayType20.xml
----------------- Instantiating /home/travis/build/icyphy/ptII/ptolemy/actor/lib/test/auto/arrayType20.xml
1 ms. Memory: 640000K Free: 410498K (64%)
----------------- Invoking toplevel() on ptolemy.moml.MoMLSimpleApplication@38e3cac9
----------------- Done invoking toplevel() on ptolemy.moml.MoMLSimpleApplication@38e3cac9
reloadAllAccessors: .arrayType20

===========================================================================================
----------------- testing Sun Jun 23 15:08:01 UTC 2019 /home/travis/build/icyphy/ptII/ptolemy/actor/lib/test/auto/arrayType21.xml
----------------- Instantiating /home/travis/build/icyphy/ptII/ptolemy/actor/lib/test/auto/arrayType21.xml
2 ms. Memory: 640000K Free: 405378K (63%)
----------------- Invoking toplevel() on ptolemy.moml.MoMLSimpleApplication@7e5c1ad
----------------- Done invoking toplevel() on ptolemy.moml.MoMLSimpleApplication@7e5c1ad
reloadAllAccessors: .arrayType21

===========================================================================================
----------------- testing Sun Jun 23 15:08:01 UTC 2019 /home/travis/build/icyphy/ptII/ptolemy/actor/lib/test/auto/arrayType22.xml
----------------- Instantiating /home/travis/build/icyphy/ptII/ptolemy/actor/lib/test/auto/arrayType22.xml
2 ms. Memory: 640000K Free: 400772K (63%)
----------------- Invoking toplevel() on ptolemy.moml.MoMLSimpleApplication@5cc9bcff
----------------- Done invoking toplevel() on ptolemy.moml.MoMLSimpleApplication@5cc9bcff
reloadAllAccessors: .arrayType22

===========================================================================================
----------------- testing Sun Jun 23 15:08:01 UTC 2019 /home/travis/build/icyphy/ptII/ptolemy/actor/lib/test/auto/arrayType23.xml
----------------- Instantiating /home/travis/build/icyphy/ptII/ptolemy/actor/lib/test/auto/arrayType23.xml
2 ms. Memory: 640000K Free: 396162K (62%)
----------------- Invoking toplevel() on ptolemy.moml.MoMLSimpleApplication@361066ed
----------------- Done invoking toplevel() on ptolemy.moml.MoMLSimpleApplication@361066ed
reloadAllAccessors: .arrayType23

===========================================================================================
----------------- testing Sun Jun 23 15:08:01 UTC 2019 /home/travis/build/icyphy/ptII/ptolemy/actor/lib/test/auto/arrayType24.xml
----------------- Instantiating /home/travis/build/icyphy/ptII/ptolemy/actor/lib/test/auto/arrayType24.xml
1 ms. Memory: 640000K Free: 391556K (61%)
----------------- Invoking toplevel() on ptolemy.moml.MoMLSimpleApplication@44d57172
----------------- Done invoking toplevel() on ptolemy.moml.MoMLSimpleApplication@44d57172
reloadAllAccessors: .arrayType24

===========================================================================================
----------------- testing Sun Jun 23 15:08:01 UTC 2019 /home/travis/build/icyphy/ptII/ptolemy/actor/lib/test/auto/arrayType25.xml
----------------- Instantiating /home/travis/build/icyphy/ptII/ptolemy/actor/lib/test/auto/arrayType25.xml
1 ms. Memory: 640000K Free: 385922K (60%)
----------------- Invoking toplevel() on ptolemy.moml.MoMLSimpleApplication@6a2daeb9
----------------- Done invoking toplevel() on ptolemy.moml.MoMLSimpleApplication@6a2daeb9
reloadAllAccessors: .arrayType25

===========================================================================================
----------------- testing Sun Jun 23 15:08:01 UTC 2019 /home/travis/build/icyphy/ptII/ptolemy/actor/lib/test/auto/arrayType26.xml
----------------- Instantiating /home/travis/build/icyphy/ptII/ptolemy/actor/lib/test/auto/arrayType26.xml
1 ms. Memory: 640000K Free: 380802K (60%)
----------------- Invoking toplevel() on ptolemy.moml.MoMLSimpleApplication@39875108
----------------- Done invoking toplevel() on ptolemy.moml.MoMLSimpleApplication@39875108
reloadAllAccessors: .arrayType26

===========================================================================================
----------------- testing Sun Jun 23 15:08:01 UTC 2019 /home/travis/build/icyphy/ptII/ptolemy/actor/lib/test/auto/arrayType27.xml
----------------- Instantiating /home/travis/build/icyphy/ptII/ptolemy/actor/lib/test/auto/arrayType27.xml
1 ms. Memory: 640000K Free: 375682K (59%)
----------------- Invoking toplevel() on ptolemy.moml.MoMLSimpleApplication@66e8d58e
----------------- Done invoking toplevel() on ptolemy.moml.MoMLSimpleApplication@66e8d58e
reloadAllAccessors: .arrayType27

===========================================================================================
----------------- testing Sun Jun 23 15:08:01 UTC 2019 /home/travis/build/icyphy/ptII/ptolemy/actor/lib/test/auto/arrayType28.xml
----------------- Instantiating /home/travis/build/icyphy/ptII/ptolemy/actor/lib/test/auto/arrayType28.xml
3 ms. Memory: 640000K Free: 370562K (58%)
----------------- Invoking toplevel() on ptolemy.moml.MoMLSimpleApplication@8eca139
----------------- Done invoking toplevel() on ptolemy.moml.MoMLSimpleApplication@8eca139
reloadAllAccessors: .arrayType28

===========================================================================================
----------------- testing Sun Jun 23 15:08:01 UTC 2019 /home/travis/build/icyphy/ptII/ptolemy/actor/lib/test/auto/arrayType3.xml
----------------- Instantiating /home/travis/build/icyphy/ptII/ptolemy/actor/lib/test/auto/arrayType3.xml
1 ms. Memory: 640000K Free: 365442K (57%)
----------------- Invoking toplevel() on ptolemy.moml.MoMLSimpleApplication@2039ce02
----------------- Done invoking toplevel() on ptolemy.moml.MoMLSimpleApplication@2039ce02
reloadAllAccessors: .arrayType3

===========================================================================================
----------------- testing Sun Jun 23 15:08:01 UTC 2019 /home/travis/build/icyphy/ptII/ptolemy/actor/lib/test/auto/arrayType4.xml
----------------- Instantiating /home/travis/build/icyphy/ptII/ptolemy/actor/lib/test/auto/arrayType4.xml
1 ms. Memory: 640000K Free: 359812K (56%)
----------------- Invoking toplevel() on ptolemy.moml.MoMLSimpleApplication@3fa10689
----------------- Done invoking toplevel() on ptolemy.moml.MoMLSimpleApplication@3fa10689
reloadAllAccessors: .arrayType4

===========================================================================================
----------------- testing Sun Jun 23 15:08:01 UTC 2019 /home/travis/build/icyphy/ptII/ptolemy/actor/lib/test/auto/arrayType5.xml
----------------- Instantiating /home/travis/build/icyphy/ptII/ptolemy/actor/lib/test/auto/arrayType5.xml
1 ms. Memory: 640000K Free: 354692K (55%)
----------------- Invoking toplevel() on ptolemy.moml.MoMLSimpleApplication@61ecf41
----------------- Done invoking toplevel() on ptolemy.moml.MoMLSimpleApplication@61ecf41
reloadAllAccessors: .arrayType5

===========================================================================================
----------------- testing Sun Jun 23 15:08:01 UTC 2019 /home/travis/build/icyphy/ptII/ptolemy/actor/lib/test/auto/arrayType6.xml
----------------- Instantiating /home/travis/build/icyphy/ptII/ptolemy/actor/lib/test/auto/arrayType6.xml
1 ms. Memory: 640000K Free: 350082K (55%)
----------------- Invoking toplevel() on ptolemy.moml.MoMLSimpleApplication@3eea4dd3
----------------- Done invoking toplevel() on ptolemy.moml.MoMLSimpleApplication@3eea4dd3
reloadAllAccessors: .arrayType6

===========================================================================================
----------------- testing Sun Jun 23 15:08:01 UTC 2019 /home/travis/build/icyphy/ptII/ptolemy/actor/lib/test/auto/arrayType7.xml
----------------- Instantiating /home/travis/build/icyphy/ptII/ptolemy/actor/lib/test/auto/arrayType7.xml
1 ms. Memory: 640000K Free: 345476K (54%)
----------------- Invoking toplevel() on ptolemy.moml.MoMLSimpleApplication@1c8b5439
----------------- Done invoking toplevel() on ptolemy.moml.MoMLSimpleApplication@1c8b5439
reloadAllAccessors: .arrayType7

===========================================================================================
----------------- testing Sun Jun 23 15:08:01 UTC 2019 /home/travis/build/icyphy/ptII/ptolemy/actor/lib/test/auto/arrayType8.xml
----------------- Instantiating /home/travis/build/icyphy/ptII/ptolemy/actor/lib/test/auto/arrayType8.xml
2 ms. Memory: 640000K Free: 340356K (53%)
----------------- Invoking toplevel() on ptolemy.moml.MoMLSimpleApplication@14470e23
----------------- Done invoking toplevel() on ptolemy.moml.MoMLSimpleApplication@14470e23
reloadAllAccessors: .arrayType8

===========================================================================================
----------------- testing Sun Jun 23 15:08:01 UTC 2019 /home/travis/build/icyphy/ptII/ptolemy/actor/lib/test/auto/arrayType9.xml
----------------- Instantiating /home/travis/build/icyphy/ptII/ptolemy/actor/lib/test/auto/arrayType9.xml
2 ms. Memory: 640000K Free: 335746K (52%)
----------------- Invoking toplevel() on ptolemy.moml.MoMLSimpleApplication@a90877d
----------------- Done invoking toplevel() on ptolemy.moml.MoMLSimpleApplication@a90877d
reloadAllAccessors: .arrayType9

===========================================================================================
----------------- testing Sun Jun 23 15:08:01 UTC 2019 /home/travis/build/icyphy/ptII/ptolemy/actor/lib/test/auto/cast.xml
----------------- Instantiating /home/travis/build/icyphy/ptII/ptolemy/actor/lib/test/auto/cast.xml
1 ms. Memory: 640000K Free: 331140K (52%)
----------------- Invoking toplevel() on ptolemy.moml.MoMLSimpleApplication@6027eb85
----------------- Done invoking toplevel() on ptolemy.moml.MoMLSimpleApplication@6027eb85
reloadAllAccessors: .cast

===========================================================================================
----------------- testing Sun Jun 23 15:08:01 UTC 2019 /home/travis/build/icyphy/ptII/ptolemy/actor/lib/test/auto/compositeMultiPort.xml
----------------- Instantiating /home/travis/build/icyphy/ptII/ptolemy/actor/lib/test/auto/compositeMultiPort.xml
3 ms. Memory: 640000K Free: 321924K (50%)
----------------- Invoking toplevel() on ptolemy.moml.MoMLSimpleApplication@1c39a43b
----------------- Done invoking toplevel() on ptolemy.moml.MoMLSimpleApplication@1c39a43b
reloadAllAccessors: .compositeMultiPort

===========================================================================================
----------------- testing Sun Jun 23 15:08:01 UTC 2019 /home/travis/build/icyphy/ptII/ptolemy/actor/lib/test/auto/expressionCastInference.xml
----------------- Instantiating /home/travis/build/icyphy/ptII/ptolemy/actor/lib/test/auto/expressionCastInference.xml
2 ms. Memory: 640000K Free: 317314K (50%)
----------------- Invoking toplevel() on ptolemy.moml.MoMLSimpleApplication@ab24886
----------------- Done invoking toplevel() on ptolemy.moml.MoMLSimpleApplication@ab24886
reloadAllAccessors: .expressionCastInference

===========================================================================================
----------------- testing Sun Jun 23 15:08:01 UTC 2019 /home/travis/build/icyphy/ptII/ptolemy/actor/lib/test/auto/expressionCastInference2.xml
----------------- Instantiating /home/travis/build/icyphy/ptII/ptolemy/actor/lib/test/auto/expressionCastInference2.xml
2 ms. Memory: 640000K Free: 312708K (49%)
----------------- Invoking toplevel() on ptolemy.moml.MoMLSimpleApplication@543431e2
----------------- Done invoking toplevel() on ptolemy.moml.MoMLSimpleApplication@543431e2
reloadAllAccessors: .expressionCastInference2

===========================================================================================
----------------- testing Sun Jun 23 15:08:01 UTC 2019 /home/travis/build/icyphy/ptII/ptolemy/actor/lib/test/auto/expressionInference.xml
----------------- Instantiating /home/travis/build/icyphy/ptII/ptolemy/actor/lib/test/auto/expressionInference.xml
1 ms. Memory: 640000K Free: 308612K (48%)
----------------- Invoking toplevel() on ptolemy.moml.MoMLSimpleApplication@48c387dc
----------------- Done invoking toplevel() on ptolemy.moml.MoMLSimpleApplication@48c387dc
reloadAllAccessors: .expressionInference

===========================================================================================
----------------- testing Sun Jun 23 15:08:01 UTC 2019 /home/travis/build/icyphy/ptII/ptolemy/actor/lib/test/auto/expression_bug.xml
----------------- Instantiating /home/travis/build/icyphy/ptII/ptolemy/actor/lib/test/auto/expression_bug.xml
1 ms. Memory: 640000K Free: 304002K (48%)
----------------- Invoking toplevel() on ptolemy.moml.MoMLSimpleApplication@6d1b6c3c
----------------- Done invoking toplevel() on ptolemy.moml.MoMLSimpleApplication@6d1b6c3c
reloadAllAccessors: .expression_bug

===========================================================================================
----------------- testing Sun Jun 23 15:08:01 UTC 2019 /home/travis/build/icyphy/ptII/ptolemy/actor/lib/test/auto/factorial.xml
----------------- Instantiating /home/travis/build/icyphy/ptII/ptolemy/actor/lib/test/auto/factorial.xml
42 ms. Memory: 640000K Free: 295810K (46%)
----------------- Invoking toplevel() on ptolemy.moml.MoMLSimpleApplication@fc51498
----------------- Done invoking toplevel() on ptolemy.moml.MoMLSimpleApplication@fc51498
reloadAllAccessors: .factorial

===========================================================================================
----------------- testing Sun Jun 23 15:08:01 UTC 2019 /home/travis/build/icyphy/ptII/ptolemy/actor/lib/test/auto/filterTest1.xml
----------------- Instantiating /home/travis/build/icyphy/ptII/ptolemy/actor/lib/test/auto/filterTest1.xml
3 ms. Memory: 640000K Free: 290180K (45%)
----------------- Invoking toplevel() on ptolemy.moml.MoMLSimpleApplication@207a0129
----------------- Done invoking toplevel() on ptolemy.moml.MoMLSimpleApplication@207a0129
reloadAllAccessors: .filterTest1

===========================================================================================
----------------- testing Sun Jun 23 15:08:01 UTC 2019 /home/travis/build/icyphy/ptII/ptolemy/actor/lib/test/auto/funcApplyInConst.xml
----------------- Instantiating /home/travis/build/icyphy/ptII/ptolemy/actor/lib/test/auto/funcApplyInConst.xml
4 ms. Memory: 640000K Free: 286084K (45%)
----------------- Invoking toplevel() on ptolemy.moml.MoMLSimpleApplication@3cfcdcc6
----------------- Done invoking toplevel() on ptolemy.moml.MoMLSimpleApplication@3cfcdcc6
reloadAllAccessors: .funcApplyInConst

===========================================================================================
----------------- testing Sun Jun 23 15:08:01 UTC 2019 /home/travis/build/icyphy/ptII/ptolemy/actor/lib/test/auto/funcApplyInExpr.xml
----------------- Instantiating /home/travis/build/icyphy/ptII/ptolemy/actor/lib/test/auto/funcApplyInExpr.xml
1 ms. Memory: 640000K Free: 282498K (44%)
----------------- Invoking toplevel() on ptolemy.moml.MoMLSimpleApplication@7aa5c98f
----------------- Done invoking toplevel() on ptolemy.moml.MoMLSimpleApplication@7aa5c98f
reloadAllAccessors: .funcApplyInExpr

===========================================================================================
----------------- testing Sun Jun 23 15:08:01 UTC 2019 /home/travis/build/icyphy/ptII/ptolemy/actor/lib/test/auto/function.xml
----------------- Instantiating /home/travis/build/icyphy/ptII/ptolemy/actor/lib/test/auto/function.xml
4 ms. Memory: 640000K Free: 277892K (43%)
----------------- Invoking toplevel() on ptolemy.moml.MoMLSimpleApplication@70c85ace
----------------- Done invoking toplevel() on ptolemy.moml.MoMLSimpleApplication@70c85ace
reloadAllAccessors: .function

===========================================================================================
----------------- testing Sun Jun 23 15:08:01 UTC 2019 /home/travis/build/icyphy/ptII/ptolemy/actor/lib/test/auto/function2.xml
----------------- Instantiating /home/travis/build/icyphy/ptII/ptolemy/actor/lib/test/auto/function2.xml
2 ms. Memory: 640000K Free: 273282K (43%)
----------------- Invoking toplevel() on ptolemy.moml.MoMLSimpleApplication@55146cc1
----------------- Done invoking toplevel() on ptolemy.moml.MoMLSimpleApplication@55146cc1
reloadAllAccessors: .function2

===========================================================================================
----------------- testing Sun Jun 23 15:08:01 UTC 2019 /home/travis/build/icyphy/ptII/ptolemy/actor/lib/test/auto/function3.xml
----------------- Instantiating /home/travis/build/icyphy/ptII/ptolemy/actor/lib/test/auto/function3.xml
1 ms. Memory: 640000K Free: 269186K (42%)
----------------- Invoking toplevel() on ptolemy.moml.MoMLSimpleApplication@32b4dabd
----------------- Done invoking toplevel() on ptolemy.moml.MoMLSimpleApplication@32b4dabd
reloadAllAccessors: .function3

===========================================================================================
----------------- testing Sun Jun 23 15:08:01 UTC 2019 /home/travis/build/icyphy/ptII/ptolemy/actor/lib/test/auto/functionClosureTest1.xml
----------------- Instantiating /home/travis/build/icyphy/ptII/ptolemy/actor/lib/test/auto/functionClosureTest1.xml
2 ms. Memory: 640000K Free: 263556K (41%)
----------------- Invoking toplevel() on ptolemy.moml.MoMLSimpleApplication@13412aad
----------------- Done invoking toplevel() on ptolemy.moml.MoMLSimpleApplication@13412aad
reloadAllAccessors: .functionClosureTest1

===========================================================================================
----------------- testing Sun Jun 23 15:08:01 UTC 2019 /home/travis/build/icyphy/ptII/ptolemy/actor/lib/test/auto/functionClosureTest2.xml
----------------- Instantiating /home/travis/build/icyphy/ptII/ptolemy/actor/lib/test/auto/functionClosureTest2.xml
1 ms. Memory: 640000K Free: 259970K (41%)
----------------- Invoking toplevel() on ptolemy.moml.MoMLSimpleApplication@414caab3
----------------- Done invoking toplevel() on ptolemy.moml.MoMLSimpleApplication@414caab3
reloadAllAccessors: .functionClosureTest2

===========================================================================================
----------------- testing Sun Jun 23 15:08:01 UTC 2019 /home/travis/build/icyphy/ptII/ptolemy/actor/lib/test/auto/functionClosureTest3.xml
----------------- Instantiating /home/travis/build/icyphy/ptII/ptolemy/actor/lib/test/auto/functionClosureTest3.xml
2 ms. Memory: 640000K Free: 254340K (40%)
----------------- Invoking toplevel() on ptolemy.moml.MoMLSimpleApplication@126d6f52
----------------- Done invoking toplevel() on ptolemy.moml.MoMLSimpleApplication@126d6f52
reloadAllAccessors: .functionClosureTest3

===========================================================================================
----------------- testing Sun Jun 23 15:08:01 UTC 2019 /home/travis/build/icyphy/ptII/ptolemy/actor/lib/test/auto/functionClosureTest4.xml
----------------- Instantiating /home/travis/build/icyphy/ptII/ptolemy/actor/lib/test/auto/functionClosureTest4.xml
4 ms. Memory: 640000K Free: 248196K (39%)
----------------- Invoking toplevel() on ptolemy.moml.MoMLSimpleApplication@1f5ba476
----------------- Done invoking toplevel() on ptolemy.moml.MoMLSimpleApplication@1f5ba476
reloadAllAccessors: .functionClosureTest4

===========================================================================================
----------------- testing Sun Jun 23 15:08:01 UTC 2019 /home/travis/build/icyphy/ptII/ptolemy/actor/lib/test/auto/functionClosureTest5.xml
----------------- Instantiating /home/travis/build/icyphy/ptII/ptolemy/actor/lib/test/auto/functionClosureTest5.xml
4 ms. Memory: 640000K Free: 243076K (38%)
----------------- Invoking toplevel() on ptolemy.moml.MoMLSimpleApplication@6f947afc
----------------- Done invoking toplevel() on ptolemy.moml.MoMLSimpleApplication@6f947afc
reloadAllAccessors: .functionClosureTest5

===========================================================================================
----------------- testing Sun Jun 23 15:08:01 UTC 2019 /home/travis/build/icyphy/ptII/ptolemy/actor/lib/test/auto/functionClosureTest6.xml
----------------- Instantiating /home/travis/build/icyphy/ptII/ptolemy/actor/lib/test/auto/functionClosureTest6.xml
1 ms. Memory: 640000K Free: 237956K (37%)
----------------- Invoking toplevel() on ptolemy.moml.MoMLSimpleApplication@38102de1
----------------- Done invoking toplevel() on ptolemy.moml.MoMLSimpleApplication@38102de1
reloadAllAccessors: .functionClosureTest6

===========================================================================================
----------------- testing Sun Jun 23 15:08:01 UTC 2019 /home/travis/build/icyphy/ptII/ptolemy/actor/lib/test/auto/functionsOnArcs.xml
----------------- Instantiating /home/travis/build/icyphy/ptII/ptolemy/actor/lib/test/auto/functionsOnArcs.xml
2 ms. Memory: 640000K Free: 232836K (36%)
----------------- Invoking toplevel() on ptolemy.moml.MoMLSimpleApplication@5b76ff13
----------------- Done invoking toplevel() on ptolemy.moml.MoMLSimpleApplication@5b76ff13
reloadAllAccessors: .functionsOnArcs

===========================================================================================
----------------- testing Sun Jun 23 15:08:01 UTC 2019 /home/travis/build/icyphy/ptII/ptolemy/actor/lib/test/auto/functionsOnArcsHOF.xml
----------------- Instantiating /home/travis/build/icyphy/ptII/ptolemy/actor/lib/test/auto/functionsOnArcsHOF.xml
3 ms. Memory: 640000K Free: 227202K (36%)
----------------- Invoking toplevel() on ptolemy.moml.MoMLSimpleApplication@5f539e05
----------------- Done invoking toplevel() on ptolemy.moml.MoMLSimpleApplication@5f539e05
reloadAllAccessors: .functionsOnArcsHOF

===========================================================================================
----------------- testing Sun Jun 23 15:08:01 UTC 2019 /home/travis/build/icyphy/ptII/ptolemy/actor/lib/test/auto/logic.xml
----------------- Instantiating /home/travis/build/icyphy/ptII/ptolemy/actor/lib/test/auto/logic.xml
2 ms. Memory: 640000K Free: 220034K (34%)
----------------- Invoking toplevel() on ptolemy.moml.MoMLSimpleApplication@64e83515
----------------- Done invoking toplevel() on ptolemy.moml.MoMLSimpleApplication@64e83515
reloadAllAccessors: .logic

===========================================================================================
----------------- testing Sun Jun 23 15:08:01 UTC 2019 /home/travis/build/icyphy/ptII/ptolemy/actor/lib/test/auto/matrixType.xml
----------------- Instantiating /home/travis/build/icyphy/ptII/ptolemy/actor/lib/test/auto/matrixType.xml
1 ms. Memory: 640000K Free: 214914K (34%)
----------------- Invoking toplevel() on ptolemy.moml.MoMLSimpleApplication@3cd65282
----------------- Done invoking toplevel() on ptolemy.moml.MoMLSimpleApplication@3cd65282
reloadAllAccessors: .matrixType

===========================================================================================
----------------- testing Sun Jun 23 15:08:01 UTC 2019 /home/travis/build/icyphy/ptII/ptolemy/actor/lib/test/auto/matrixType10.xml
----------------- Instantiating /home/travis/build/icyphy/ptII/ptolemy/actor/lib/test/auto/matrixType10.xml
2 ms. Memory: 640000K Free: 586626K (92%)
----------------- Invoking toplevel() on ptolemy.moml.MoMLSimpleApplication@6ae7c88b
----------------- Done invoking toplevel() on ptolemy.moml.MoMLSimpleApplication@6ae7c88b
reloadAllAccessors: .matrixType10

===========================================================================================
----------------- testing Sun Jun 23 15:08:01 UTC 2019 /home/travis/build/icyphy/ptII/ptolemy/actor/lib/test/auto/matrixType11.xml
----------------- Instantiating /home/travis/build/icyphy/ptII/ptolemy/actor/lib/test/auto/matrixType11.xml
1 ms. Memory: 640000K Free: 581506K (91%)
----------------- Invoking toplevel() on ptolemy.moml.MoMLSimpleApplication@62dd6a54
----------------- Done invoking toplevel() on ptolemy.moml.MoMLSimpleApplication@62dd6a54
reloadAllAccessors: .matrixType11

===========================================================================================
----------------- testing Sun Jun 23 15:08:01 UTC 2019 /home/travis/build/icyphy/ptII/ptolemy/actor/lib/test/auto/matrixType12.xml
----------------- Instantiating /home/travis/build/icyphy/ptII/ptolemy/actor/lib/test/auto/matrixType12.xml
1 ms. Memory: 640000K Free: 576900K (90%)
----------------- Invoking toplevel() on ptolemy.moml.MoMLSimpleApplication@60f6804b
----------------- Done invoking toplevel() on ptolemy.moml.MoMLSimpleApplication@60f6804b
reloadAllAccessors: .matrixType12

===========================================================================================
----------------- testing Sun Jun 23 15:08:01 UTC 2019 /home/travis/build/icyphy/ptII/ptolemy/actor/lib/test/auto/matrixType13.xml
----------------- Instantiating /home/travis/build/icyphy/ptII/ptolemy/actor/lib/test/auto/matrixType13.xml
1 ms. Memory: 640000K Free: 571780K (89%)
----------------- Invoking toplevel() on ptolemy.moml.MoMLSimpleApplication@e340da
----------------- Done invoking toplevel() on ptolemy.moml.MoMLSimpleApplication@e340da
reloadAllAccessors: .matrixType13

===========================================================================================
----------------- testing Sun Jun 23 15:08:01 UTC 2019 /home/travis/build/icyphy/ptII/ptolemy/actor/lib/test/auto/matrixType14.xml
----------------- Instantiating /home/travis/build/icyphy/ptII/ptolemy/actor/lib/test/auto/matrixType14.xml
2 ms. Memory: 640000K Free: 567170K (89%)
----------------- Invoking toplevel() on ptolemy.moml.MoMLSimpleApplication@1bce8297
----------------- Done invoking toplevel() on ptolemy.moml.MoMLSimpleApplication@1bce8297
reloadAllAccessors: .matrixType14

===========================================================================================
----------------- testing Sun Jun 23 15:08:01 UTC 2019 /home/travis/build/icyphy/ptII/ptolemy/actor/lib/test/auto/matrixType2.xml
----------------- Instantiating /home/travis/build/icyphy/ptII/ptolemy/actor/lib/test/auto/matrixType2.xml
2 ms. Memory: 640000K Free: 562564K (88%)
----------------- Invoking toplevel() on ptolemy.moml.MoMLSimpleApplication@7c86fa35
----------------- Done invoking toplevel() on ptolemy.moml.MoMLSimpleApplication@7c86fa35
reloadAllAccessors: .matrixType2

===========================================================================================
----------------- testing Sun Jun 23 15:08:01 UTC 2019 /home/travis/build/icyphy/ptII/ptolemy/actor/lib/test/auto/matrixType3.xml
----------------- Instantiating /home/travis/build/icyphy/ptII/ptolemy/actor/lib/test/auto/matrixType3.xml
4 ms. Memory: 640000K Free: 557444K (87%)
----------------- Invoking toplevel() on ptolemy.moml.MoMLSimpleApplication@cb58625
----------------- Done invoking toplevel() on ptolemy.moml.MoMLSimpleApplication@cb58625
reloadAllAccessors: .matrixType3

===========================================================================================
----------------- testing Sun Jun 23 15:08:01 UTC 2019 /home/travis/build/icyphy/ptII/ptolemy/actor/lib/test/auto/matrixType4.xml
----------------- Instantiating /home/travis/build/icyphy/ptII/ptolemy/actor/lib/test/auto/matrixType4.xml
1 ms. Memory: 640000K Free: 552834K (86%)
----------------- Invoking toplevel() on ptolemy.moml.MoMLSimpleApplication@15723abf
----------------- Done invoking toplevel() on ptolemy.moml.MoMLSimpleApplication@15723abf
reloadAllAccessors: .matrixType4

===========================================================================================
----------------- testing Sun Jun 23 15:08:01 UTC 2019 /home/travis/build/icyphy/ptII/ptolemy/actor/lib/test/auto/matrixType5.xml
----------------- Instantiating /home/travis/build/icyphy/ptII/ptolemy/actor/lib/test/auto/matrixType5.xml
1 ms. Memory: 640000K Free: 548228K (86%)
----------------- Invoking toplevel() on ptolemy.moml.MoMLSimpleApplication@308bff7
----------------- Done invoking toplevel() on ptolemy.moml.MoMLSimpleApplication@308bff7
reloadAllAccessors: .matrixType5

===========================================================================================
----------------- testing Sun Jun 23 15:08:01 UTC 2019 /home/travis/build/icyphy/ptII/ptolemy/actor/lib/test/auto/matrixType6.xml
----------------- Instantiating /home/travis/build/icyphy/ptII/ptolemy/actor/lib/test/auto/matrixType6.xml
1 ms. Memory: 640000K Free: 543108K (85%)
----------------- Invoking toplevel() on ptolemy.moml.MoMLSimpleApplication@17fd0f54
----------------- Done invoking toplevel() on ptolemy.moml.MoMLSimpleApplication@17fd0f54
reloadAllAccessors: .matrixType6

===========================================================================================
----------------- testing Sun Jun 23 15:08:01 UTC 2019 /home/travis/build/icyphy/ptII/ptolemy/actor/lib/test/auto/matrixType7.xml
----------------- Instantiating /home/travis/build/icyphy/ptII/ptolemy/actor/lib/test/auto/matrixType7.xml
1 ms. Memory: 640000K Free: 538498K (84%)
----------------- Invoking toplevel() on ptolemy.moml.MoMLSimpleApplication@4b2e22bc
----------------- Done invoking toplevel() on ptolemy.moml.MoMLSimpleApplication@4b2e22bc
reloadAllAccessors: .matrixType7

===========================================================================================
----------------- testing Sun Jun 23 15:08:01 UTC 2019 /home/travis/build/icyphy/ptII/ptolemy/actor/lib/test/auto/matrixType8.xml
----------------- Instantiating /home/travis/build/icyphy/ptII/ptolemy/actor/lib/test/auto/matrixType8.xml
1 ms. Memory: 640000K Free: 533892K (83%)
----------------- Invoking toplevel() on ptolemy.moml.MoMLSimpleApplication@3663e70c
----------------- Done invoking toplevel() on ptolemy.moml.MoMLSimpleApplication@3663e70c
reloadAllAccessors: .matrixType8

===========================================================================================
----------------- testing Sun Jun 23 15:08:01 UTC 2019 /home/travis/build/icyphy/ptII/ptolemy/actor/lib/test/auto/matrixType9.xml
----------------- Instantiating /home/travis/build/icyphy/ptII/ptolemy/actor/lib/test/auto/matrixType9.xml
1 ms. Memory: 640000K Free: 528772K (83%)
----------------- Invoking toplevel() on ptolemy.moml.MoMLSimpleApplication@73371f91
----------------- Done invoking toplevel() on ptolemy.moml.MoMLSimpleApplication@73371f91
reloadAllAccessors: .matrixType9

===========================================================================================
----------------- testing Sun Jun 23 15:08:01 UTC 2019 /home/travis/build/icyphy/ptII/ptolemy/actor/lib/test/auto/paraFunctest.xml
----------------- Instantiating /home/travis/build/icyphy/ptII/ptolemy/actor/lib/test/auto/paraFunctest.xml
2 ms. Memory: 640000K Free: 524676K (82%)
----------------- Invoking toplevel() on ptolemy.moml.MoMLSimpleApplication@3bcc99c5
----------------- Done invoking toplevel() on ptolemy.moml.MoMLSimpleApplication@3bcc99c5
reloadAllAccessors: .paraFunctest

===========================================================================================
----------------- testing Sun Jun 23 15:08:01 UTC 2019 /home/travis/build/icyphy/ptII/ptolemy/actor/lib/test/auto/paraFunctest2.xml
----------------- Instantiating /home/travis/build/icyphy/ptII/ptolemy/actor/lib/test/auto/paraFunctest2.xml
2 ms. Memory: 640000K Free: 520066K (81%)
----------------- Invoking toplevel() on ptolemy.moml.MoMLSimpleApplication@182ccce3
----------------- Done invoking toplevel() on ptolemy.moml.MoMLSimpleApplication@182ccce3
reloadAllAccessors: .paraFunctest2

===========================================================================================
----------------- testing Sun Jun 23 15:08:01 UTC 2019 /home/travis/build/icyphy/ptII/ptolemy/actor/lib/test/auto/parameterPassing.xml
----------------- Instantiating /home/travis/build/icyphy/ptII/ptolemy/actor/lib/test/auto/parameterPassing.xml
1 ms. Memory: 640000K Free: 515460K (81%)
----------------- Invoking toplevel() on ptolemy.moml.MoMLSimpleApplication@47e5af36
----------------- Done invoking toplevel() on ptolemy.moml.MoMLSimpleApplication@47e5af36
reloadAllAccessors: .parameterPassing

===========================================================================================
----------------- testing Sun Jun 23 15:08:01 UTC 2019 /home/travis/build/icyphy/ptII/ptolemy/actor/lib/test/auto/record.xml
----------------- Instantiating /home/travis/build/icyphy/ptII/ptolemy/actor/lib/test/auto/record.xml
2 ms. Memory: 640000K Free: 510850K (80%)
----------------- Invoking toplevel() on ptolemy.moml.MoMLSimpleApplication@219b3cb5
----------------- Done invoking toplevel() on ptolemy.moml.MoMLSimpleApplication@219b3cb5
reloadAllAccessors: .record

===========================================================================================
----------------- testing Sun Jun 23 15:08:01 UTC 2019 /home/travis/build/icyphy/ptII/ptolemy/actor/lib/test/auto/sizedarray1.xml
----------------- Instantiating /home/travis/build/icyphy/ptII/ptolemy/actor/lib/test/auto/sizedarray1.xml
2 ms. Memory: 640000K Free: 505220K (79%)
----------------- Invoking toplevel() on ptolemy.moml.MoMLSimpleApplication@4e305f3
----------------- Done invoking toplevel() on ptolemy.moml.MoMLSimpleApplication@4e305f3
reloadAllAccessors: .sizedarray1

===========================================================================================
----------------- testing Sun Jun 23 15:08:01 UTC 2019 /home/travis/build/icyphy/ptII/ptolemy/actor/lib/test/auto/sizedarray2.xml
----------------- Instantiating /home/travis/build/icyphy/ptII/ptolemy/actor/lib/test/auto/sizedarray2.xml
2 ms. Memory: 640000K Free: 500100K (78%)
----------------- Invoking toplevel() on ptolemy.moml.MoMLSimpleApplication@700061fa
----------------- Done invoking toplevel() on ptolemy.moml.MoMLSimpleApplication@700061fa
reloadAllAccessors: .sizedarray2

===========================================================================================
----------------- testing Sun Jun 23 15:08:02 UTC 2019 /home/travis/build/icyphy/ptII/ptolemy/actor/lib/test/auto/twoPublishers.xml
----------------- Instantiating /home/travis/build/icyphy/ptII/ptolemy/actor/lib/test/auto/twoPublishers.xml
7 ms. Memory: 640000K Free: 489860K (77%)
----------------- Invoking toplevel() on ptolemy.moml.MoMLSimpleApplication@7dfdf527
----------------- Done invoking toplevel() on ptolemy.moml.MoMLSimpleApplication@7dfdf527
reloadAllAccessors: .twoPublishers
AutoTests.java: About to close Vertx.
AutoTests.java: Vertx closed.
]]></system-out>
  <system-err><![CDATA[java.lang.RuntimeException: Execution failed
	at ptolemy.moml.MoMLSimpleApplication$UnloadThread.run(MoMLSimpleApplication.java:402)
Caused by: java.lang.RuntimeException: StringUtilities.exit() was called. Normally, we would exit here because Manager.exitAfterWrapup() was called.  However, because the ptolemy.ptII.exitAfterWrapup property is set, we throw this exception instead.
	at ptolemy.util.StringUtilities.exit(StringUtilities.java:363)
	at ptolemy.actor.Manager.wrapup(Manager.java:1531)
	at ptolemy.actor.Manager.execute(Manager.java:407)
	at ptolemy.actor.Manager.run(Manager.java:1263)
	at ptolemy.actor.Manager$PtolemyRunThread.run(Manager.java:1915)
Warning: '.top.test' is in training mode, set the trainingMode parameter to false before checking in
Warning: '.top.test' is in training mode, set the trainingMode parameter to false before checking in
Warning: '.top.test' is in training mode, set the trainingMode parameter to false before checking in
Warning: '.BooleanSwitch_RegressionTest_WrongTrainingValues.Test' is in training mode, set the trainingMode parameter to false before checking in
Warning: '.BooleanSwitch_RegressionTest_WrongTrainingValues.Test2' is in training mode, set the trainingMode parameter to false before checking in
Warning: '.BooleanSwitch_RegressionTest_WrongTrainingValues.Test2' The test produced 0 tokens.
Warning: '.top.testExceptionHandler' is in training mode, set the trainingMode parameter to false before checking in
java.lang.RuntimeException: Execution failed
	at ptolemy.moml.MoMLSimpleApplication$UnloadThread.run(MoMLSimpleApplication.java:402)
Caused by: ptolemy.kernel.util.IllegalActionException: PublisherPorts cannot be used at the top level, use a Publisher actor instead.
  in .PublisherPortToplevelSubscriber.PublisherPort
	at ptolemy.actor.PublisherPort.preinitialize(PublisherPort.java:403)
	at ptolemy.actor.CompositeActor.preinitialize(CompositeActor.java:1769)
	at ptolemy.actor.Manager.preinitializeAndResolveTypes(Manager.java:1040)
	at ptolemy.actor.Manager.initialize(Manager.java:710)
	at ptolemy.actor.Manager.execute(Manager.java:356)
	at ptolemy.actor.Manager.run(Manager.java:1263)
	at ptolemy.actor.Manager$PtolemyRunThread.run(Manager.java:1915)
java.lang.reflect.InvocationTargetException
	at java.base/jdk.internal.reflect.NativeConstructorAccessorImpl.newInstance0(Native Method)
	at java.base/jdk.internal.reflect.NativeConstructorAccessorImpl.newInstance(NativeConstructorAccessorImpl.java:62)
	at java.base/jdk.internal.reflect.DelegatingConstructorAccessorImpl.newInstance(DelegatingConstructorAccessorImpl.java:45)
	at java.base/java.lang.reflect.Constructor.newInstance(Constructor.java:490)
	at ptolemy.util.test.junit.AutoKnownFailedTests.RunModel(AutoKnownFailedTests.java:105)
	at java.base/jdk.internal.reflect.NativeMethodAccessorImpl.invoke0(Native Method)
	at java.base/jdk.internal.reflect.NativeMethodAccessorImpl.invoke(NativeMethodAccessorImpl.java:62)
	at java.base/jdk.internal.reflect.DelegatingMethodAccessorImpl.invoke(DelegatingMethodAccessorImpl.java:43)
	at java.base/java.lang.reflect.Method.invoke(Method.java:566)
	at org.junit.runners.model.FrameworkMethod$1.runReflectiveCall(FrameworkMethod.java:44)
	at org.junit.internal.runners.model.ReflectiveCallable.run(ReflectiveCallable.java:15)
	at org.junit.runners.model.FrameworkMethod.invokeExplosively(FrameworkMethod.java:41)
	at junitparams.internal.InvokeParameterisedMethod.evaluate(InvokeParameterisedMethod.java:102)
	at org.junit.internal.runners.statements.FailOnTimeout$1.run(FailOnTimeout.java:28)
Caused by: ptolemy.kernel.util.IllegalActionException: PublisherPorts cannot be used at the top level, use a Publisher actor instead.
  in .PublisherPortToplevelSubscriber.PublisherPort
	at ptolemy.actor.PublisherPort.preinitialize(PublisherPort.java:403)
	at ptolemy.actor.CompositeActor.preinitialize(CompositeActor.java:1769)
	at ptolemy.actor.Manager.preinitializeAndResolveTypes(Manager.java:1040)
	at ptolemy.actor.Manager.initialize(Manager.java:710)
	at ptolemy.actor.Manager.execute(Manager.java:356)
	at ptolemy.actor.Manager.run(Manager.java:1263)
	at ptolemy.actor.Manager$PtolemyRunThread.run(Manager.java:1915)
java.lang.RuntimeException: Execution failed
	at ptolemy.moml.MoMLSimpleApplication$UnloadThread.run(MoMLSimpleApplication.java:402)
Caused by: ptolemy.kernel.util.IllegalActionException: SubscriberPorts cannot be used at the top level, use a Subscriber actor instead.
  in .PublisherSubscriberPortToplevel.SubscriberPort
	at ptolemy.actor.SubscriberPort.preinitialize(SubscriberPort.java:328)
	at ptolemy.actor.CompositeActor.preinitialize(CompositeActor.java:1769)
	at ptolemy.actor.Manager.preinitializeAndResolveTypes(Manager.java:1040)
	at ptolemy.actor.Manager.initialize(Manager.java:710)
	at ptolemy.actor.Manager.execute(Manager.java:356)
	at ptolemy.actor.Manager.run(Manager.java:1263)
	at ptolemy.actor.Manager$PtolemyRunThread.run(Manager.java:1915)
java.lang.reflect.InvocationTargetException
	at java.base/jdk.internal.reflect.NativeConstructorAccessorImpl.newInstance0(Native Method)
	at java.base/jdk.internal.reflect.NativeConstructorAccessorImpl.newInstance(NativeConstructorAccessorImpl.java:62)
	at java.base/jdk.internal.reflect.DelegatingConstructorAccessorImpl.newInstance(DelegatingConstructorAccessorImpl.java:45)
	at java.base/java.lang.reflect.Constructor.newInstance(Constructor.java:490)
	at ptolemy.util.test.junit.AutoKnownFailedTests.RunModel(AutoKnownFailedTests.java:105)
	at java.base/jdk.internal.reflect.NativeMethodAccessorImpl.invoke0(Native Method)
	at java.base/jdk.internal.reflect.NativeMethodAccessorImpl.invoke(NativeMethodAccessorImpl.java:62)
	at java.base/jdk.internal.reflect.DelegatingMethodAccessorImpl.invoke(DelegatingMethodAccessorImpl.java:43)
	at java.base/java.lang.reflect.Method.invoke(Method.java:566)
	at org.junit.runners.model.FrameworkMethod$1.runReflectiveCall(FrameworkMethod.java:44)
	at org.junit.internal.runners.model.ReflectiveCallable.run(ReflectiveCallable.java:15)
	at org.junit.runners.model.FrameworkMethod.invokeExplosively(FrameworkMethod.java:41)
	at junitparams.internal.InvokeParameterisedMethod.evaluate(InvokeParameterisedMethod.java:102)
	at org.junit.internal.runners.statements.FailOnTimeout$1.run(FailOnTimeout.java:28)
Caused by: ptolemy.kernel.util.IllegalActionException: SubscriberPorts cannot be used at the top level, use a Subscriber actor instead.
  in .PublisherSubscriberPortToplevel.SubscriberPort
	at ptolemy.actor.SubscriberPort.preinitialize(SubscriberPort.java:328)
	at ptolemy.actor.CompositeActor.preinitialize(CompositeActor.java:1769)
	at ptolemy.actor.Manager.preinitializeAndResolveTypes(Manager.java:1040)
	at ptolemy.actor.Manager.initialize(Manager.java:710)
	at ptolemy.actor.Manager.execute(Manager.java:356)
	at ptolemy.actor.Manager.run(Manager.java:1263)
	at ptolemy.actor.Manager$PtolemyRunThread.run(Manager.java:1915)
java.lang.RuntimeException: Execution failed
	at ptolemy.moml.MoMLSimpleApplication$UnloadThread.run(MoMLSimpleApplication.java:402)
Caused by: ptolemy.kernel.util.IllegalActionException: SubscriptionAggregatorPorts cannot be used at the top level, use a SubscriptionAggregator actor instead.
  in .PublisherSubscriptionAggregatorPort.SubscriptionAggregatorPort
	at ptolemy.actor.SubscriptionAggregatorPort.preinitialize(SubscriptionAggregatorPort.java:353)
	at ptolemy.actor.CompositeActor.preinitialize(CompositeActor.java:1769)
	at ptolemy.actor.Manager.preinitializeAndResolveTypes(Manager.java:1040)
	at ptolemy.actor.Manager.initialize(Manager.java:710)
	at ptolemy.actor.Manager.execute(Manager.java:356)
	at ptolemy.actor.Manager.run(Manager.java:1263)
	at ptolemy.actor.Manager$PtolemyRunThread.run(Manager.java:1915)
java.lang.reflect.InvocationTargetException
	at java.base/jdk.internal.reflect.NativeConstructorAccessorImpl.newInstance0(Native Method)
	at java.base/jdk.internal.reflect.NativeConstructorAccessorImpl.newInstance(NativeConstructorAccessorImpl.java:62)
	at java.base/jdk.internal.reflect.DelegatingConstructorAccessorImpl.newInstance(DelegatingConstructorAccessorImpl.java:45)
	at java.base/java.lang.reflect.Constructor.newInstance(Constructor.java:490)
	at ptolemy.util.test.junit.AutoKnownFailedTests.RunModel(AutoKnownFailedTests.java:105)
	at java.base/jdk.internal.reflect.NativeMethodAccessorImpl.invoke0(Native Method)
	at java.base/jdk.internal.reflect.NativeMethodAccessorImpl.invoke(NativeMethodAccessorImpl.java:62)
	at java.base/jdk.internal.reflect.DelegatingMethodAccessorImpl.invoke(DelegatingMethodAccessorImpl.java:43)
	at java.base/java.lang.reflect.Method.invoke(Method.java:566)
	at org.junit.runners.model.FrameworkMethod$1.runReflectiveCall(FrameworkMethod.java:44)
	at org.junit.internal.runners.model.ReflectiveCallable.run(ReflectiveCallable.java:15)
	at org.junit.runners.model.FrameworkMethod.invokeExplosively(FrameworkMethod.java:41)
	at junitparams.internal.InvokeParameterisedMethod.evaluate(InvokeParameterisedMethod.java:102)
	at org.junit.internal.runners.statements.FailOnTimeout$1.run(FailOnTimeout.java:28)
Caused by: ptolemy.kernel.util.IllegalActionException: SubscriptionAggregatorPorts cannot be used at the top level, use a SubscriptionAggregator actor instead.
  in .PublisherSubscriptionAggregatorPort.SubscriptionAggregatorPort
	at ptolemy.actor.SubscriptionAggregatorPort.preinitialize(SubscriptionAggregatorPort.java:353)
	at ptolemy.actor.CompositeActor.preinitialize(CompositeActor.java:1769)
	at ptolemy.actor.Manager.preinitializeAndResolveTypes(Manager.java:1040)
	at ptolemy.actor.Manager.initialize(Manager.java:710)
	at ptolemy.actor.Manager.execute(Manager.java:356)
	at ptolemy.actor.Manager.run(Manager.java:1263)
	at ptolemy.actor.Manager$PtolemyRunThread.run(Manager.java:1915)
java.lang.RuntimeException: Execution failed
	at ptolemy.moml.MoMLSimpleApplication$UnloadThread.run(MoMLSimpleApplication.java:402)
Caused by: ptolemy.kernel.util.IllegalActionException: TypeTest actor has no training data.
  in .sizedarray3.TypeTest
	at ptolemy.actor.lib.TypeTest.initialize(TypeTest.java:250)
	at ptolemy.actor.Director.initialize(Director.java:938)
	at ptolemy.actor.Director.initialize(Director.java:907)
	at ptolemy.actor.sched.StaticSchedulingDirector.initialize(StaticSchedulingDirector.java:159)
	at ptolemy.domains.sdf.kernel.SDFDirector.initialize(SDFDirector.java:544)
	at ptolemy.actor.CompositeActor.initialize(CompositeActor.java:935)
	at ptolemy.actor.Manager.initialize(Manager.java:724)
	at ptolemy.actor.Manager.execute(Manager.java:356)
	at ptolemy.actor.Manager.run(Manager.java:1263)
	at ptolemy.actor.Manager$PtolemyRunThread.run(Manager.java:1915)
java.lang.reflect.InvocationTargetException
	at java.base/jdk.internal.reflect.NativeConstructorAccessorImpl.newInstance0(Native Method)
	at java.base/jdk.internal.reflect.NativeConstructorAccessorImpl.newInstance(NativeConstructorAccessorImpl.java:62)
	at java.base/jdk.internal.reflect.DelegatingConstructorAccessorImpl.newInstance(DelegatingConstructorAccessorImpl.java:45)
	at java.base/java.lang.reflect.Constructor.newInstance(Constructor.java:490)
	at ptolemy.util.test.junit.AutoKnownFailedTests.RunModel(AutoKnownFailedTests.java:105)
	at java.base/jdk.internal.reflect.NativeMethodAccessorImpl.invoke0(Native Method)
	at java.base/jdk.internal.reflect.NativeMethodAccessorImpl.invoke(NativeMethodAccessorImpl.java:62)
	at java.base/jdk.internal.reflect.DelegatingMethodAccessorImpl.invoke(DelegatingMethodAccessorImpl.java:43)
	at java.base/java.lang.reflect.Method.invoke(Method.java:566)
	at org.junit.runners.model.FrameworkMethod$1.runReflectiveCall(FrameworkMethod.java:44)
	at org.junit.internal.runners.model.ReflectiveCallable.run(ReflectiveCallable.java:15)
	at org.junit.runners.model.FrameworkMethod.invokeExplosively(FrameworkMethod.java:41)
	at junitparams.internal.InvokeParameterisedMethod.evaluate(InvokeParameterisedMethod.java:102)
	at org.junit.internal.runners.statements.FailOnTimeout$1.run(FailOnTimeout.java:28)
Caused by: ptolemy.kernel.util.IllegalActionException: TypeTest actor has no training data.
  in .sizedarray3.TypeTest
	at ptolemy.actor.lib.TypeTest.initialize(TypeTest.java:250)
	at ptolemy.actor.Director.initialize(Director.java:938)
	at ptolemy.actor.Director.initialize(Director.java:907)
	at ptolemy.actor.sched.StaticSchedulingDirector.initialize(StaticSchedulingDirector.java:159)
	at ptolemy.domains.sdf.kernel.SDFDirector.initialize(SDFDirector.java:544)
	at ptolemy.actor.CompositeActor.initialize(CompositeActor.java:935)
	at ptolemy.actor.Manager.initialize(Manager.java:724)
	at ptolemy.actor.Manager.execute(Manager.java:356)
	at ptolemy.actor.Manager.run(Manager.java:1263)
	at ptolemy.actor.Manager$PtolemyRunThread.run(Manager.java:1915)
java.lang.RuntimeException: Execution failed
	at ptolemy.moml.MoMLSimpleApplication$UnloadThread.run(MoMLSimpleApplication.java:402)
Caused by: ptolemy.kernel.util.IllegalActionException: Test fails in iteration 0.
Value was: "WARNING: An illegal reflective access operation has occurred\nWARNING: Illegal reflective access by io.netty.util.internal.ReflectionUtil (file:/home/travis/build/icyphy/ptII/lib/netty-common-4.1.19.Final.jar) to constructor java.nio.DirectByteBuffer(long,int)\nWARNING: Please consider reporting this to the maintainers of io.netty.util.internal.ReflectionUtil\nWARNING: Use --illegal-access=warn to enable warnings of further illegal reflective access operations\nWARNING: All illegal access operations will be denied in a future release\n". Should have been: ""
  in .ExecRunDemos.Test
	at ptolemy.actor.lib.Test.fire(Test.java:268)
	at ptolemy.actor.AtomicActor.iterate(AtomicActor.java:512)
	at ptolemy.actor.sched.StaticSchedulingDirector.fire(StaticSchedulingDirector.java:216)
	at ptolemy.domains.sdf.kernel.SDFDirector.fire(SDFDirector.java:500)
	at ptolemy.actor.CompositeActor.fire(CompositeActor.java:455)
	at ptolemy.actor.Manager.iterate(Manager.java:851)
	at ptolemy.actor.Manager.execute(Manager.java:369)
	at ptolemy.actor.Manager.run(Manager.java:1263)
	at ptolemy.actor.Manager$PtolemyRunThread.run(Manager.java:1915)
]]></system-err>
</testsuite>
