<?xml version="1.0" encoding="UTF-8" ?>
<testsuite errors="0" failures="0" hostname="travis-job-9cc40f52-74f8-4ece-aa86-cd2906aa09fe" name="ptolemy.actor.lib.test.junit.JUnitTclTest" skipped="0" tests="518" time="61.046" timestamp="2018-06-08T20:26:22">
  <properties>
    <property name="npm.executable" value="npm" />
    <property name="file.encoding.pkg" value="sun.io" />
    <property name="ptII.mk.exists" value="true" />
    <property name="env.rvm_bin_path" value="/home/travis/.rvm/bin" />
    <property name="java.home" value="/usr/lib/jvm/java-8-oracle/jre" />
    <property name="env.TRAVIS_JOB_NUMBER" value="548.7" />
    <property name="env.DISPLAY" value=":99.0" />
    <property name="java.net.preferIPv4Stack" value="true" />
    <property name="env.SSH_TTY" value="/dev/pts/0" />
    <property name="env.RUN_TESTS" value="true" />
    <property name="timeout.short" value="1000000" />
    <property name="env.TRAVIS_STACK_NODE_ATTRIBUTES" value="/.node-attributes.yml" />
    <property name="junit.formatter" value="xml" />
    <property name="java.endorsed.dirs" value="/usr/lib/jvm/java-8-oracle/jre/lib/endorsed" />
    <property name="env.TRAVIS_SUDO" value="true" />
    <property name="env.LOGNAME" value="travis" />
    <property name="env.PT_TRAVIS_TEST_CORE1_XML" value="true" />
    <property name="jsdoc.home" value="node_modules/@terraswarm/jsdoc" />
    <property name="debuglevel" value="source,lines,vars" />
    <property name="checkstyle.formatter" value="xml" />
    <property name="bin.vergil.makeable" value="true" />
    <property name="env._system_version" value="14.04" />
    <property name="sun.os.patch.level" value="unknown" />
    <property name="java.vendor.url" value="http://java.oracle.com/" />
    <property name="java.version" value="1.8.0_151" />
    <property name="env.TZ" value="UTC" />
    <property name="env.PT_NO_NET" value="true" />
    <property name="env.TRAVIS_PULL_REQUEST_SHA" value="" />
    <property name="env.TRAVIS_SECURE_ENV_VARS" value="true" />
    <property name="env._system_type" value="Linux" />
    <property name="java.vendor.url.bug" value="http://bugreport.sun.com/bugreport/" />
    <property name="env.SSH_CLIENT" value="10.10.4.21 41700 22" />
    <property name="npmjs-org-is-up" value="true" />
    <property name="env.GEM_HOME" value="/home/travis/.rvm/gems/ruby-2.4.1" />
    <property name="env.HAS_ANTARES_THREE_LITTLE_FRONZIES_BADGE" value="true" />
    <property name="env.PS4" value="+" />
    <property name="ant.project.invoked-targets" value="build,test.core1.xml" />
    <property name="env.TRAVIS_PULL_REQUEST_BRANCH" value="" />
    <property name="env.TRAVIS_REPO_SLUG" value="icyphy/ptII" />
    <property name="node.in.path" value="true" />
    <property name="java.maxmemory" value="1400m" />
    <property name="env.RUBY_VERSION" value="ruby-2.4.1" />
    <property name="user.name" value="travis" />
    <property name="env.LANG" value="en_US.UTF-8" />
    <property name="sun.io.unicode.encoding" value="UnicodeLittle" />
    <property name="sun.jnu.encoding" value="UTF-8" />
    <property name="java.runtime.name" value="Java(TM) SE Runtime Environment" />
    <property name="usefile" value="false" />
    <property name="return.code" value="0" />
    <property name="junit.single.formatter" value="plain" />
    <property name="env.DYLD_LIBRARY_PATH" value="/home/travis/pthla/certi-tools/lib:" />
    <property name="env.DEBIAN_FRONTEND" value="noninteractive" />
    <property name="env.SSH_CONNECTION" value="10.10.4.21 41700 10.20.0.139 22" />
    <property name="env.MYSQL_UNIX_PORT" value="/var/run/mysqld/mysqld.sock" />
    <property name="env.TRAVIS_ALLOW_FAILURE" value="false" />
    <property name="env.LC_ALL" value="en_US.UTF-8" />
    <property name="java.specification.name" value="Java Platform API Specification" />
    <property name="node.works" value="true" />
    <property name="user.timezone" value="" />
    <property name="path.separator" value=":" />
    <property name="env.PYTHON_CFLAGS" value="-g -fstack-protector --param=ssp-buffer-size=4 -Wformat -Werror=format-security" />
    <property name="timeout.long" value="4000000" />
    <property name="env.CERTI_HOME" value="/home/travis/pthla/certi-tools" />
    <property name="file.encoding" value="UTF-8" />
    <property name="ant.file.ptII" value="/home/travis/build/icyphy/ptII/build.xml" />
    <property name="javadoc.packagenames" value="com.*,diva.*,lbnl.*,org.hlacerti.*,org.json.*,org.ptolemy.*,org.terraswarm.*,ptolemy.*,ptserver.*" />
    <property name="env.TRAVIS_PULL_REQUEST_SLUG" value="" />
    <property name="ant.project.default-target" value="build" />
    <property name="env.GIT_ASKPASS" value="echo" />
    <property name="env.HOME" value="/home/travis" />
    <property name="sun.java.command" value="org.apache.tools.ant.taskdefs.optional.junit.JUnitTestRunner ptolemy.actor.lib.test.junit.JUnitTclTest skipNonTests=false filtertrace=true haltOnError=false haltOnFailure=false formatter=org.apache.tools.ant.taskdefs.optional.junit.OutErrSummaryJUnitResultFormatter showoutput=true outputtoformatters=true logfailedtests=true threadid=0 logtestlistenerevents=false formatter=org.apache.tools.ant.taskdefs.optional.junit.XMLJUnitResultFormatter,/home/travis/build/icyphy/ptII/reports/junit/TEST-ptolemy.actor.lib.test.junit.JUnitTclTest.xml crashfile=/home/travis/build/icyphy/ptII/junitvmwatcher4396337569755226489.properties propsfile=/home/travis/build/icyphy/ptII/junit367376308162398589.properties" />
    <property name="env.MANPATH" value="/home/travis/.nvm/versions/node/v7.10.1/share/man:/home/travis/.kiex/elixirs/elixir-1.4.5/man:/home/travis/.rvm/rubies/ruby-2.4.1/share/man:/usr/local/man:/usr/local/cmake-3.9.2/man:/usr/local/clang-5.0.0/share/man:/usr/local/share/man:/usr/share/man:/home/travis/.rvm/man" />
    <property name="env.COMPOSER_NO_INTERACTION" value="1" />
    <property name="env.JDK_SWITCHER_DEFAULT" value="oraclejdk8" />
    <property name="ant.file" value="/home/travis/build/icyphy/ptII/build.xml" />
    <property name="env.TRAVIS_COMMIT_RANGE" value="0ab3c57c1030...197a50203150" />
    <property name="env._system_name" value="Ubuntu" />
    <property name="timeout" value="2400000" />
    <property name="ptII.classpath.optional.property" value="/home/travis/build/icyphy/ptII/lib/bsh-2.0b4.jar:/home/travis/build/icyphy/ptII/lib/ptCal.jar:/home/travis/build/icyphy/ptII/lib/java_cup.jar:/home/travis/build/icyphy/ptII/lib/saxon8.jar:/home/travis/build/icyphy/ptII/lib/saxon8-dom.jar:/home/travis/build/icyphy/ptII/lib/chic.jar:/home/travis/build/icyphy/ptII/lib/ptcolt.jar:/usr/lib/jvm/java-8-oracle/lib/tools.jar:/usr/lib/eclipse/plugins/org.eclipse.jdt.core_3.8.2.dist.jar:/usr/lib/eclipse/plugins/org.eclipse.core.runtime_3.8.0.dist.jar:/usr/lib/eclipse/plugins/org.eclipse.osgi_3.8.1.dist.jar:/usr/lib/eclipse/plugins/org.eclipse.core.resources_3.8.1.dist.jar:/usr/lib/eclipse/plugins/org.eclipse.equinox.common_3.6.100.dist.jar:/usr/lib/eclipse/plugins/org.eclipse.core.jobs_3.5.200.dist.jar:/usr/lib/eclipse/plugins/org.eclipse.core.contenttype_3.4.200.dist.jar:/usr/lib/eclipse/plugins/org.eclipse.equinox.preferences_3.5.0.dist.jar:/usr/lib/eclipse/plugins/org.eclipse.text_3.5.200.dist.jar:/usr/lib/eclipse/plugins/org.eclipse.ui.workbench_3.8.1.dist.jar:/usr/lib/eclipse/plugins/org.eclipse.jface_3.8.0.dist.jar:/usr/lib/eclipse/plugins/org.eclipse.swt_3.8.2.jar:/usr/lib/eclipse/plugins/org.eclipse.jface.text_3.8.1.dist.jar:/usr/lib/eclipse/plugins/org.eclipse.ui.workbench.texteditor_3.8.0.dist.jar:/usr/lib/eclipse/plugins/org.eclipse.ui.editors_3.8.0.dist.jar:/usr/lib/eclipse/plugins/org.eclipse.core.commands_3.6.1.dist.jar:/usr/lib/eclipse/plugins/org.eclipse.equinox.registry_3.5.200.dist.jar:/usr/lib/eclipse/plugins/org.eclipse.ui.console_3.5.100.dist.jar:/usr/lib/eclipse/plugins/org.eclipse.ui.forms_3.5.200.dist.jar:/usr/lib/eclipse/plugins/org.eclipse.ui.ide_3.8.1.dist.jar:/home/travis/build/icyphy/ptII/vendors/oracle/dbxml.jar:/home/travis/build/icyphy/ptII/vendors/oracle/db.jar:/home/travis/build/icyphy/ptII/vendors/misc/itext/iText.jar:/home/travis/build/icyphy/ptII/lib/g4ltl.jar:/home/travis/build/icyphy/ptII/lib/StructuralCoder.jar:/home/travis/build/icyphy/ptII/lib/org-openide-util.jar:/home/travis/build/icyphy/ptII/lib/org-openide-util-lookup.jar:/home/travis/build/icyphy/ptII/lib/org-netbeans-api-visual.jar:/home/travis/build/icyphy/ptII/vendors/jai-1_1_2_01/lib/jai_core.jar:/home/travis/build/icyphy/ptII/vendors/jai-1_1_2_01/lib/jai_codec.jar:/home/travis/build/icyphy/ptII/lib/jcerti.jar:/home/travis/build/icyphy/ptII/lib/smack.jar:/home/travis/build/icyphy/ptII/lib/smackx.jar:/home/travis/build/icyphy/ptII/lib/jetty-all-8.1.5-v20120716.jar:/home/travis/build/icyphy/ptII/lib/javax.servlet-api-3.0.1.jar:/home/travis/build/icyphy/ptII/lib/javax.mail.jar:/home/travis/build/icyphy/ptII/vendors/JMF-2.1.1e/lib/jmf.jar:/home/travis/build/icyphy/ptII/lib/jna-4.0.0-variadic.jar:/home/travis/build/icyphy/ptII/vendors/misc/joystick/Joystick.jar:/home/travis/build/icyphy/ptII/lib/ptjacl.jar:/home/travis/build/icyphy/ptII/lib/jsoup-1.8.2.jar:/home/travis/build/icyphy/ptII/lib/junit-4.8.2.jar:/home/travis/build/icyphy/ptII/lib/JUnitParams-0.4.0.jar:/home/travis/build/icyphy/ptII/ptolemy/actor/lib/excel/jxl.jar:/home/travis/build/icyphy/ptII/lib/jython.jar:/home/travis/build/icyphy/ptII/lib/kieler.jar:/home/travis/build/icyphy/ptII/vendors/opencv/share/OpenCV/java/opencv-341.jar:/home/travis/build/icyphy/ptII/lib/oscP5.jar:/home/travis/build/icyphy/ptII/lib/nrjavaserial-3.11.0.devel.jar:/usr/share/java/j3dcore.jar:/usr/share/java/j3dutils.jar:/usr/share/java/vecmath.jar:/home/travis/build/icyphy/ptII/ptolemy/distributed/jini/jar/jini-core.jar:/home/travis/build/icyphy/ptII/ptolemy/distributed/jini/jar/jini-ext.jar:/home/travis/build/icyphy/ptII/ptolemy/distributed/jini/jar/sun-util.jar:/home/travis/build/icyphy/ptII/lib/protobuf-java-2.4.1.jar:/home/travis/build/icyphy/ptII/lib/org.eclipse.paho.client.mqttv3.jar:/home/travis/build/icyphy/ptII/ptserver/lib/hessian-4.0.7.jar:/home/travis/build/icyphy/ptII/ptserver/lib/wmqtt.jar:/home/travis/build/icyphy/ptII/lib/mapss.jar:/home/travis/build/icyphy/ptII/ptolemy/actor/ptalon/antlr/antlr.jar:/home/travis/build/icyphy/ptII/lib/JRI.jar:/home/travis/build/icyphy/ptII/lib/commons-lang-2.6.jar:/home/travis/build/icyphy/ptII/lib/commons-logging-1.1.1.jar:/home/travis/build/icyphy/ptII/lib/sootclasses.jar:/home/travis/build/icyphy/ptII/ptolemy/actor/lib/database/mysql-connector-java-5.1.6-bin.jar:/home/travis/build/icyphy/ptII/vendors/misc/sphinx4/sphinx4-data-5prealpha.jar:/home/travis/build/icyphy/ptII/vendors/misc/sphinx4/sphinx4-core-5prealpha.jar:/home/travis/build/icyphy/ptII/lib/PDFRenderer.jar:/home/travis/build/icyphy/ptII/lib/svgSalamander.jar:/home/travis/build/icyphy/ptII/lib/rsyntaxtextarea-2.6.0-SNAPSHOT.jar:/home/travis/build/icyphy/ptII/lib/hazelcast-3.8.2.jar:/home/travis/build/icyphy/ptII/lib/jackson-annotations-2.9.0.jar:/home/travis/build/icyphy/ptII/lib/jackson-core-2.9.3.jar:/home/travis/build/icyphy/ptII/lib/jackson-databind-2.9.3.jar:/home/travis/build/icyphy/ptII/lib/netty-buffer-4.1.19.Final.jar:/home/travis/build/icyphy/ptII/lib/netty-codec-4.1.19.Final.jar:/home/travis/build/icyphy/ptII/lib/netty-codec-dns-4.1.19.Final.jar:/home/travis/build/icyphy/ptII/lib/netty-codec-http-4.1.19.Final.jar:/home/travis/build/icyphy/ptII/lib/netty-codec-http2-4.1.19.Final.jar:/home/travis/build/icyphy/ptII/lib/netty-common-4.1.19.Final.jar:/home/travis/build/icyphy/ptII/lib/netty-handler-4.1.19.Final.jar:/home/travis/build/icyphy/ptII/lib/netty-resolver-4.1.19.Final.jar:/home/travis/build/icyphy/ptII/lib/netty-resolver-dns-4.1.19.Final.jar:/home/travis/build/icyphy/ptII/lib/netty-transport-4.1.19.Final.jar:/home/travis/build/icyphy/ptII/lib/vertx-codegen-3.5.1.jar:/home/travis/build/icyphy/ptII/lib/vertx-core-3.5.2-SNAPSHOT.jar:/home/travis/build/icyphy/ptII/lib/vertx-hazelcast-3.5.1.jar:/home/travis/build/icyphy/ptII/lib/vertx-lang-js-3.5.1.jar:/home/travis/build/icyphy/ptII/lib/vertx-service-proxy-3.5.1.jar:/home/travis/build/icyphy/ptII/lib/vertx-web-3.5.1.jar:/home/travis/build/icyphy/ptII/lib/slf4j-api-1.7.13.jar:/home/travis/build/icyphy/ptII/lib/slf4j-simple-1.7.13.jar:/home/travis/build/icyphy/ptII/lib/webcam-capture-0.3.12.jar:/home/travis/build/icyphy/ptII/lib/bridj-0.7.0.jar:/home/travis/build/icyphy/ptII/lib/xbjlib-1.1.0.nrjavaserial.jar" />
    <property name="test.batch" value="**/junit/*.java" />
    <property name="env._" value="/usr/bin/timeout" />
    <property name="java.io.tmpdir" value="/tmp" />
    <property name="user.language" value="en" />
    <property name="env.HISTCONTROL" value="ignoredups:ignorespace" />
    <property name="env.GOROOT" value="/home/travis/.gimme/versions/go1.7.4.linux.amd64" />
    <property name="line.separator" value="&#xa;" />
    <property name="target" value="1.8" />
    <property name="env.TRAVIS_BUILD_DIR" value="/home/travis/build/icyphy/ptII" />
    <property name="env.ANT_OPTS" value="-Xmx2048m" />
    <property name="ant.file.type" value="file" />
    <property name="ptolemy.ptII.batchMode" value="true" />
    <property name="env.HISTSIZE" value="1000" />
    <property name="env.MERB_ENV" value="test" />
    <property name="java.vm.info" value="mixed mode" />
    <property name="source" value="1.8" />
    <property name="java.vm.specification.name" value="Java Virtual Machine Specification" />
    <property name="env.TRAVIS_TEST_RESULT" value="0" />
    <property name="jsdoc.command" value="node_modules/@terraswarm/jsdoc/jsdoc.js" />
    <property name="npm.works" value="true" />
    <property name="cobertura.dir" value="/home/travis/build/icyphy/ptII/vendors/cobertura-2.0.3" />
    <property name="env.rvm_path" value="/home/travis/.rvm" />
    <property name="env.GEM_PATH" value="/home/travis/.rvm/gems/ruby-2.4.1:/home/travis/.rvm/gems/ruby-2.4.1@global" />
    <property name="env.LC_CTYPE" value="en_US.UTF-8" />
    <property name="java.awt.printerjob" value="sun.print.PSPrinterJob" />
    <property name="env.TRAVIS_STACK_NAME" value="garnet" />
    <property name="ant.version" value="Apache Ant(TM) version 1.10.1 compiled on February 2 2017" />
    <property name="ptII.reports" value="/home/travis/build/icyphy/ptII/reports" />
    <property name="env.TRAVIS_STACK_TIMESTAMP" value="2017-12-05 19:33:09 UTC" />
    <property name="ant.file.type.ptII" value="file" />
    <property name="env.RBENV_SHELL" value="bash" />
    <property name="os.name" value="Linux" />
    <property name="java.specification.vendor" value="Oracle Corporation" />
    <property name="env.rvm_version" value="1.29.3 (latest)" />
    <property name="env.TERM" value="xterm" />
    <property name="java.vm.name" value="Java HotSpot(TM) 64-Bit Server VM" />
    <property name="env.TRAVIS_BUILD_NUMBER" value="548" />
    <property name="env.CI" value="true" />
    <property name="java.library.path" value="/home/travis/pthla/certi-tools/lib:/usr/lib/jni:/usr/local/share/OpenCV/java/:/usr/share/OpenCV/java::/usr/java/packages/lib/amd64:/usr/lib64:/lib64:/lib:/usr/lib" />
    <property name="env.rvm_prefix" value="/home/travis" />
    <property name="env.PATH" value="/home/travis/pthla/certi-tools/share/scripts:/home/travis/.rvm/gems/ruby-2.4.1/bin:/home/travis/.rvm/gems/ruby-2.4.1@global/bin:/home/travis/.rvm/rubies/ruby-2.4.1/bin:/home/travis/.rvm/bin:/home/travis/.nvm/versions/node/v7.10.1/bin:./node_modules/.bin:/home/travis/build/icyphy/ptII/bin:/home/travis/pthla/certi-tools/bin:/home/travis/bin:/home/travis/.local/bin:/opt/pyenv/shims:/home/travis/.phpenv/shims:/home/travis/perl5/perlbrew/bin:/home/travis/.kiex/elixirs/elixir-1.4.5/bin:/home/travis/.kiex/bin:/home/travis/gopath/bin:/home/travis/.gimme/versions/go1.7.4.linux.amd64/bin:/usr/local/phantomjs/bin:/usr/local/phantomjs:/usr/local/neo4j-3.2.7/bin:/usr/local/maven-3.5.2/bin:/usr/local/cmake-3.9.2/bin:/usr/local/clang-5.0.0/bin:/usr/local/sbin:/usr/local/bin:/usr/sbin:/usr/bin:/sbin:/bin:/home/travis/.phpenv/bin:/opt/pyenv/bin:/home/travis/.yarn/bin" />
    <property name="env.TRAVIS_OS_NAME" value="linux" />
    <property name="ant.java.version" value="1.8" />
    <property name="basedir" value="/home/travis/build/icyphy/ptII" />
    <property name="java.class.version" value="52.0" />
    <property name="env.SHLVL" value="3" />
    <property name="env.LD_LIBRARY_PATH" value="/home/travis/pthla/certi-tools/lib:/usr/lib/jni:/usr/local/share/OpenCV/java/:/usr/share/OpenCV/java:" />
    <property name="env.RACK_ENV" value="test" />
    <property name="ant.home" value="/home/travis/build/icyphy/ptII/ant" />
    <property name="env.NVM_DIR" value="/home/travis/.nvm" />
    <property name="env.PERLBREW_BASHRC_VERSION" value="0.80" />
    <property name="env.CERTI_FOM_PATH" value="/home/travis/pthla/certi-tools/share/federations" />
    <property name="env.TRAVIS_BUILD_ID" value="389883514" />
    <property name="env.PYENV_ROOT" value="/opt/pyenv" />
    <property name="env.TRAVIS_UID" value="2000" />
    <property name="env.rvm_pretty_print_flag" value="auto" />
    <property name="env.NVM_BIN" value="/home/travis/.nvm/versions/node/v7.10.1/bin" />
    <property name="env.TRAVIS_COMMIT" value="197a50203150d7601472b1bb248bd4b56ee66479" />
    <property name="env._system_arch" value="x86_64" />
    <property name="node.executable" value="node" />
    <property name="sun.boot.library.path" value="/usr/lib/jvm/java-8-oracle/jre/lib/amd64" />
    <property name="sun.management.compiler" value="HotSpot 64-Bit Tiered Compilers" />
    <property name="env.GOPATH" value="/home/travis/gopath" />
    <property name="java.awt.graphicsenv" value="sun.awt.X11GraphicsEnvironment" />
    <property name="ptolemy.ptII.dir" value="/home/travis/build/icyphy/ptII" />
    <property name="env.USER" value="travis" />
    <property name="env.HISTFILESIZE" value="2000" />
    <property name="timeout.longest" value="19000000" />
    <property name="env.TRAVIS_STACK_FEATURES" value="basic cassandra chromium couchdb disabled-ipv6 docker docker-compose elasticsearch firefox go-toolchain google-chrome jdk memcached mongodb mysql neo4j nodejs_interpreter perl_interpreter perlbrew phantomjs postgresql python_interpreter rabbitmq redis riak ruby_interpreter sqlite xserver" />
    <property name="env.TRAVIS_PULL_REQUEST" value="false" />
    <property name="env.PYENV_SHELL" value="bash" />
    <property name="ant.project.name" value="ptII" />
    <property name="java.vm.specification.version" value="1.8" />
    <property name="env.CERTI_VERSION" value="4.0.0" />
    <property name="env.NLSPATH" value="/usr/dt/lib/nls/msg/%L/%N.cat" />
    <property name="awt.toolkit" value="sun.awt.X11.XToolkit" />
    <property name="env.CERTI_HOST" value="localhost" />
    <property name="env.MY_RUBY_HOME" value="/home/travis/.rvm/rubies/ruby-2.4.1" />
    <property name="sun.cpu.isalist" value="" />
    <property name="java.ext.dirs" value="/usr/lib/jvm/java-8-oracle/jre/lib/ext:/usr/java/packages/lib/ext" />
    <property name="os.version" value="4.4.0-101-generic" />
    <property name="user.home" value="/home/travis" />
    <property name="env.MIX_ARCHIVES" value="/home/travis/.kiex/mix/elixir-1.4.5" />
    <property name="java.vm.vendor" value="Oracle Corporation" />
    <property name="env.TRAVIS_TAG" value="nightly" />
    <property name="env.TRAVIS_FILTERED" value="redirect_io" />
    <property name="javadoc.excludepackagenames" value="adm.cvs2svn.*,build.*,config.*,doc.coding.templates.*,jni.test.jni.meaningOfLife.*,jni.test.jni.testDeux.*,jni.test.jni.testTrois.*,org.terraswarm.accessor.accessors.web.node_modules.*,org.terraswarm.accessor.accessors.web.hosts.cordova.demo.*,org.terraswarm.accessor.accessors.web.hosts.cordova.plugins.*,org.terraswarm.accessor.accessors-svn.*,pt-modules.*,ptolemy.apps.agilent.*,ptolemy.apps.anytimecontrol.*,ptolemy.apps.apes.*,ptolemy.apps.charon.*,ptolemy.apps.crazyboard.*,ptolemy.apps.eclipse.*,ptolemy.apps.etherealSting.*,ptolemy.apps.fullscreen.*,ptolemy.apps.giotto.*,ptolemy.apps.ia.*,ptolemy.apps.interfaces.*,ptolemy.apps.jmf.*,ptolemy.apps.kurt.*,ptolemy.apps.kvm.*,ptolemy.apps.lego.*,ptolemy.apps.lejos.*,ptolemy.apps.midp.*,ptolemy.apps.mobileCoding.*,ptolemy.apps.pendulum.*,ptolemy.apps.rijndael.*,ptolemy.apps.robot.*,ptolemy.apps.security.*,ptolemy.apps.sobel.*,ptolemy.apps.soot.*,ptolemy.apps.throttle.*,ptolemy.apps.tini.*,ptolemy.apps.transmission.*,ptolemy.apps.vergil.*,ptolemy.apps.waba.*,ptolemy.apps.websensor.*,ptolemy.apps.webstart.*,ptolemy.apps.xsl.*,ptolemy.apps.zaurus.*,ptolemy.backtrack.eclipse.plugin.*,ptolemy.backtrack.test.*,ptolemy.codegen.c.actor.lib.oldJavaFiles.*,ptolemy.codegen.dsp.lib.*,ptolemy.codegen.kernel.newInterfaces.*,ptolemy.codegen.lib.*,ptolemy.copernicus.kernel.fragment.*,ptolemy.copernicus.shallow.cg.*,ptolemy.domains.giotto.demo.Hierarchy.Hierarchy.*,ptolemy.domains.giotto.demo.Multimode.Multimode.*,ptolemy.domains.giotto.demo.Simple.Simple.*,ptolemy.domains.gr.lib.experimental.*,ptolemy.domains.gro.*,ptolemy.domains.pdf.*,ptolemy.domains.ptinyos.demo.Surge.output.*,ptolemy.moml.test.NoPackageActor.java*,ptolemy.plot.adm.*,ptolemy.plot.servlet.*,reports.*,signed.*,src.*,target.*,vendors.*,ptolemy.cg.adapter.generic.program.procedural.c.mbed*,ptolemy.actor.lib.fmi.fmus.omc*,ptolemy.domains.openmodelica*,ptdb.kernel.bl.save.test.*,ptdb.kernel.bl.load.test.*,ptdb.kernel.bl.search.test.*,ptdb.kernel.bl.migration.test.*,ptdb.kernel.database.test.*,ptdb.test.*,ptdb.gui.test.*,org.ptolemy.scala.*,diva.util.java2d.svg.*,ptolemy.domains.ptinyos.*,ptolemy.actor.lib.fmi.fmipp.*,,org.terraswarm.accessor.accessors.web.node_modules.*,org.terraswarm.accessor.accessors-svn,ptolemy.apps.*,ptolemy.actor.ptalon.demo.ptinyos.SendAndReceiveCnt.output,ptolemy.actor.ptalon.demo.ptinyos.SenseToLeds.output,ptolemy.domains.ptinyos.demo.CntToLedsAndRfm.output,ptolemy.domains.ptinyos.demo.RfmToLeds.output,ptolemy.domains.ptinyos.demo.SendAndReceiveCnt.output,ptolemy.domains.ptinyos.demo.SenseToLeds.output,ptolemy.actor.lib.jjs.modules.udpSocket.*" />
    <property name="env.JAVA_HOME" value="/usr/lib/jvm/java-8-oracle" />
    <property name="env.PTII" value="/home/travis/build/icyphy/ptII" />
    <property name="env.TRAVIS_COMMIT_MESSAGE" value="Added package.html and README.txt." />
    <property name="keystore" value="ptKeystore" />
    <property name="env.XDG_SESSION_ID" value="2" />
    <property name="junit.output.dir" value="/home/travis/build/icyphy/ptII/reports/junit" />
    <property name="npm.return.code" value="0" />
    <property name="user.dir" value="/home/travis/build/icyphy/ptII/ptolemy/actor/lib/test" />
    <property name="env.TRAVIS_NODE_VERSION" value="7" />
    <property name="env.XFILESEARCHPATH" value="/usr/dt/app-defaults/%L/Dt" />
    <property name="env.TRAVIS_EVENT_TYPE" value="push" />
    <property name="env.MAIL" value="/var/mail/travis" />
    <property name="env.PWD" value="/home/travis/build/icyphy/ptII" />
    <property name="env.PERLBREW_ROOT" value="/home/travis/perl5/perlbrew" />
    <property name="timeout.npm" value="45000" />
    <property name="env.PAGER" value="cat" />
    <property name="sun.cpu.endian" value="little" />
    <property name="env.TRAVIS_BUILD_STAGE_NAME" value="Test" />
    <property name="env.PERLBREW_HOME" value="/home/travis/.perlbrew" />
    <property name="env.RAILS_ENV" value="test" />
    <property name="java.vm.version" value="25.151-b12" />
    <property name="java.class.path" value="/home/travis/.ptolemyII:/home/travis/.ptolemyII/*:/home/travis/build/icyphy/ptII:/home/travis/build/icyphy/ptII/lib/bsh-2.0b4.jar:/home/travis/build/icyphy/ptII/lib/ptCal.jar:/home/travis/build/icyphy/ptII/lib/java_cup.jar:/home/travis/build/icyphy/ptII/lib/saxon8.jar:/home/travis/build/icyphy/ptII/lib/saxon8-dom.jar:/home/travis/build/icyphy/ptII/lib/chic.jar:/home/travis/build/icyphy/ptII/lib/ptcolt.jar:/usr/lib/jvm/java-8-oracle/lib/tools.jar:/usr/lib/eclipse/plugins/org.eclipse.jdt.core_3.8.2.dist.jar:/usr/lib/eclipse/plugins/org.eclipse.core.runtime_3.8.0.dist.jar:/usr/lib/eclipse/plugins/org.eclipse.osgi_3.8.1.dist.jar:/usr/lib/eclipse/plugins/org.eclipse.core.resources_3.8.1.dist.jar:/usr/lib/eclipse/plugins/org.eclipse.equinox.common_3.6.100.dist.jar:/usr/lib/eclipse/plugins/org.eclipse.core.jobs_3.5.200.dist.jar:/usr/lib/eclipse/plugins/org.eclipse.core.contenttype_3.4.200.dist.jar:/usr/lib/eclipse/plugins/org.eclipse.equinox.preferences_3.5.0.dist.jar:/usr/lib/eclipse/plugins/org.eclipse.text_3.5.200.dist.jar:/usr/lib/eclipse/plugins/org.eclipse.ui.workbench_3.8.1.dist.jar:/usr/lib/eclipse/plugins/org.eclipse.jface_3.8.0.dist.jar:/usr/lib/eclipse/plugins/org.eclipse.swt_3.8.2.jar:/usr/lib/eclipse/plugins/org.eclipse.jface.text_3.8.1.dist.jar:/usr/lib/eclipse/plugins/org.eclipse.ui.workbench.texteditor_3.8.0.dist.jar:/usr/lib/eclipse/plugins/org.eclipse.ui.editors_3.8.0.dist.jar:/usr/lib/eclipse/plugins/org.eclipse.core.commands_3.6.1.dist.jar:/usr/lib/eclipse/plugins/org.eclipse.equinox.registry_3.5.200.dist.jar:/usr/lib/eclipse/plugins/org.eclipse.ui.console_3.5.100.dist.jar:/usr/lib/eclipse/plugins/org.eclipse.ui.forms_3.5.200.dist.jar:/usr/lib/eclipse/plugins/org.eclipse.ui.ide_3.8.1.dist.jar:/home/travis/build/icyphy/ptII/vendors/oracle/dbxml.jar:/home/travis/build/icyphy/ptII/vendors/oracle/db.jar:/home/travis/build/icyphy/ptII/vendors/misc/itext/iText.jar:/home/travis/build/icyphy/ptII/lib/g4ltl.jar:/home/travis/build/icyphy/ptII/lib/StructuralCoder.jar:/home/travis/build/icyphy/ptII/lib/org-openide-util.jar:/home/travis/build/icyphy/ptII/lib/org-openide-util-lookup.jar:/home/travis/build/icyphy/ptII/lib/org-netbeans-api-visual.jar:/home/travis/build/icyphy/ptII/vendors/jai-1_1_2_01/lib/jai_core.jar:/home/travis/build/icyphy/ptII/vendors/jai-1_1_2_01/lib/jai_codec.jar:/home/travis/build/icyphy/ptII/lib/jcerti.jar:/home/travis/build/icyphy/ptII/lib/smack.jar:/home/travis/build/icyphy/ptII/lib/smackx.jar:/home/travis/build/icyphy/ptII/lib/jetty-all-8.1.5-v20120716.jar:/home/travis/build/icyphy/ptII/lib/javax.servlet-api-3.0.1.jar:/home/travis/build/icyphy/ptII/lib/javax.mail.jar:/home/travis/build/icyphy/ptII/vendors/JMF-2.1.1e/lib/jmf.jar:/home/travis/build/icyphy/ptII/lib/jna-4.0.0-variadic.jar:/home/travis/build/icyphy/ptII/vendors/misc/joystick/Joystick.jar:/home/travis/build/icyphy/ptII/lib/ptjacl.jar:/home/travis/build/icyphy/ptII/lib/jsoup-1.8.2.jar:/home/travis/build/icyphy/ptII/lib/junit-4.8.2.jar:/home/travis/build/icyphy/ptII/lib/JUnitParams-0.4.0.jar:/home/travis/build/icyphy/ptII/ptolemy/actor/lib/excel/jxl.jar:/home/travis/build/icyphy/ptII/lib/jython.jar:/home/travis/build/icyphy/ptII/lib/kieler.jar:/home/travis/build/icyphy/ptII/vendors/opencv/share/OpenCV/java/opencv-341.jar:/home/travis/build/icyphy/ptII/lib/oscP5.jar:/home/travis/build/icyphy/ptII/lib/nrjavaserial-3.11.0.devel.jar:/usr/share/java/j3dcore.jar:/usr/share/java/j3dutils.jar:/usr/share/java/vecmath.jar:/home/travis/build/icyphy/ptII/ptolemy/distributed/jini/jar/jini-core.jar:/home/travis/build/icyphy/ptII/ptolemy/distributed/jini/jar/jini-ext.jar:/home/travis/build/icyphy/ptII/ptolemy/distributed/jini/jar/sun-util.jar:/home/travis/build/icyphy/ptII/lib/protobuf-java-2.4.1.jar:/home/travis/build/icyphy/ptII/lib/org.eclipse.paho.client.mqttv3.jar:/home/travis/build/icyphy/ptII/ptserver/lib/hessian-4.0.7.jar:/home/travis/build/icyphy/ptII/ptserver/lib/wmqtt.jar:/home/travis/build/icyphy/ptII/lib/mapss.jar:/home/travis/build/icyphy/ptII/ptolemy/actor/ptalon/antlr/antlr.jar:/home/travis/build/icyphy/ptII/lib/JRI.jar:/home/travis/build/icyphy/ptII/lib/commons-lang-2.6.jar:/home/travis/build/icyphy/ptII/lib/commons-logging-1.1.1.jar:/home/travis/build/icyphy/ptII/lib/sootclasses.jar:/home/travis/build/icyphy/ptII/ptolemy/actor/lib/database/mysql-connector-java-5.1.6-bin.jar:/home/travis/build/icyphy/ptII/vendors/misc/sphinx4/sphinx4-data-5prealpha.jar:/home/travis/build/icyphy/ptII/vendors/misc/sphinx4/sphinx4-core-5prealpha.jar:/home/travis/build/icyphy/ptII/lib/PDFRenderer.jar:/home/travis/build/icyphy/ptII/lib/svgSalamander.jar:/home/travis/build/icyphy/ptII/lib/rsyntaxtextarea-2.6.0-SNAPSHOT.jar:/home/travis/build/icyphy/ptII/lib/hazelcast-3.8.2.jar:/home/travis/build/icyphy/ptII/lib/jackson-annotations-2.9.0.jar:/home/travis/build/icyphy/ptII/lib/jackson-core-2.9.3.jar:/home/travis/build/icyphy/ptII/lib/jackson-databind-2.9.3.jar:/home/travis/build/icyphy/ptII/lib/netty-buffer-4.1.19.Final.jar:/home/travis/build/icyphy/ptII/lib/netty-codec-4.1.19.Final.jar:/home/travis/build/icyphy/ptII/lib/netty-codec-dns-4.1.19.Final.jar:/home/travis/build/icyphy/ptII/lib/netty-codec-http-4.1.19.Final.jar:/home/travis/build/icyphy/ptII/lib/netty-codec-http2-4.1.19.Final.jar:/home/travis/build/icyphy/ptII/lib/netty-common-4.1.19.Final.jar:/home/travis/build/icyphy/ptII/lib/netty-handler-4.1.19.Final.jar:/home/travis/build/icyphy/ptII/lib/netty-resolver-4.1.19.Final.jar:/home/travis/build/icyphy/ptII/lib/netty-resolver-dns-4.1.19.Final.jar:/home/travis/build/icyphy/ptII/lib/netty-transport-4.1.19.Final.jar:/home/travis/build/icyphy/ptII/lib/vertx-codegen-3.5.1.jar:/home/travis/build/icyphy/ptII/lib/vertx-core-3.5.2-SNAPSHOT.jar:/home/travis/build/icyphy/ptII/lib/vertx-hazelcast-3.5.1.jar:/home/travis/build/icyphy/ptII/lib/vertx-lang-js-3.5.1.jar:/home/travis/build/icyphy/ptII/lib/vertx-service-proxy-3.5.1.jar:/home/travis/build/icyphy/ptII/lib/vertx-web-3.5.1.jar:/home/travis/build/icyphy/ptII/lib/slf4j-api-1.7.13.jar:/home/travis/build/icyphy/ptII/lib/slf4j-simple-1.7.13.jar:/home/travis/build/icyphy/ptII/lib/webcam-capture-0.3.12.jar:/home/travis/build/icyphy/ptII/lib/bridj-0.7.0.jar:/home/travis/build/icyphy/ptII/lib/xbjlib-1.1.0.nrjavaserial.jar:/home/travis/build/icyphy/ptII/ptolemy/moml/test:/home/travis/build/icyphy/ptII/ant/lib/ant-launcher.jar:/home/travis/build/icyphy/ptII/ant/lib/ant.jar:/home/travis/build/icyphy/ptII/ant/lib/ant-junit.jar:/home/travis/build/icyphy/ptII/ant/lib/ant-junit4.jar" />
    <property name="ant.library.dir" value="/home/travis/build/icyphy/ptII/ant/lib" />
    <property name="os.arch" value="amd64" />
    <property name="env.TRAVIS_LANGUAGE" value="node_js" />
    <property name="env.CONTINUOUS_INTEGRATION" value="true" />
    <property name="env.TRAVIS_STACK_LANGUAGES" value="__garnet__ c c++ clojure cplusplus cpp default go groovy java node_js php pure_java python ruby scala" />
    <property name="test.name" value="ptolemy.actor.lib.test.junit.JUnitTclTest" />
    <property name="sun.java.launcher" value="SUN_STANDARD" />
    <property name="env.PYTHON_CONFIGURE_OPTS" value="--enable-unicode=ucs4 --with-wide-unicode --enable-shared --enable-ipv6 --enable-loadable-sqlite-extensions --with-computed-gotos" />
    <property name="ant.core.lib" value="/home/travis/build/icyphy/ptII/ant/lib/ant.jar" />
    <property name="java.vm.specification.vendor" value="Oracle Corporation" />
    <property name="env.BCVTB_HOME" value="/home/travis/build/icyphy/ptII/lbnl" />
    <property name="file.separator" value="/" />
    <property name="java.runtime.version" value="1.8.0_151-b12" />
    <property name="spotbugs.home" value="/home/travis/build/icyphy/ptII/vendors/spotbugs-3.1.1" />
    <property name="sun.boot.class.path" value="/usr/lib/jvm/java-8-oracle/jre/lib/resources.jar:/usr/lib/jvm/java-8-oracle/jre/lib/rt.jar:/usr/lib/jvm/java-8-oracle/jre/lib/sunrsasign.jar:/usr/lib/jvm/java-8-oracle/jre/lib/jsse.jar:/usr/lib/jvm/java-8-oracle/jre/lib/jce.jar:/usr/lib/jvm/java-8-oracle/jre/lib/charsets.jar:/usr/lib/jvm/java-8-oracle/jre/lib/jfr.jar:/usr/lib/jvm/java-8-oracle/jre/classes" />
    <property name="env.HAS_JOSH_K_SEAL_OF_APPROVAL" value="true" />
    <property name="env.TRAVIS_OSX_IMAGE" value="" />
    <property name="env.XDG_RUNTIME_DIR" value="/run/user/2000" />
    <property name="env.TRAVIS_BRANCH" value="master" />
    <property name="env.TRAVIS_JOB_ID" value="389883521" />
    <property name="env.CERTI_HOME_TRAVIS" value="/home/travis/pthla/certi-tools" />
    <property name="user.country" value="US" />
    <property name="env.SHELL" value="/bin/bash" />
    <property name="java.maxmemory.large" value="5000m" />
    <property name="model" value="" />
    <property name="env.CASHER_DIR" value="/home/travis/.casher" />
    <property name="env.NVM_CD_FLAGS" value="" />
    <property name="jshint.executable" value="/home/travis/node_modules/jshint/bin/jshint" />
    <property name="java.vendor" value="Oracle Corporation" />
    <property name="env.JRUBY_OPTS" value=" --client -J-XX:+TieredCompilation -J-XX:TieredStopAtLevel=1 -J-Xss2m -Xcompile.invokedynamic=false" />
    <property name="env.TRAVIS_PRE_CHEF_BOOTSTRAP_TIME" value="2017-12-05T19:32:55" />
    <property name="env.TRAVIS_STACK_JOB_BOARD_REGISTER" value="/.job-board-register.yml" />
    <property name="env.ELIXIR_VERSION" value="1.4.5" />
    <property name="java.specification.version" value="1.8" />
    <property name="env.IRBRC" value="/home/travis/.rvm/rubies/ruby-2.4.1/.irbrc" />
    <property name="env.TRAVIS" value="true" />
    <property name="sun.arch.data.model" value="64" />
  </properties>
  <testcase classname="ptolemy.util.test.junit.TclTests" name="[0] /home/travis/build/icyphy/ptII/ptolemy/actor/lib/test/AbsoluteValue.tcl (RunTclFile)" time="0.441" />
  <testcase classname="ptolemy.util.test.junit.TclTests" name="[1] /home/travis/build/icyphy/ptII/ptolemy/actor/lib/test/AddSubtract.tcl (RunTclFile)" time="0.05" />
  <testcase classname="ptolemy.util.test.junit.TclTests" name="[2] /home/travis/build/icyphy/ptII/ptolemy/actor/lib/test/Average.tcl (RunTclFile)" time="0.027" />
  <testcase classname="ptolemy.util.test.junit.TclTests" name="[3] /home/travis/build/icyphy/ptII/ptolemy/actor/lib/test/Bernoulli.tcl (RunTclFile)" time="0.016" />
  <testcase classname="ptolemy.util.test.junit.TclTests" name="[4] /home/travis/build/icyphy/ptII/ptolemy/actor/lib/test/Clock.tcl (RunTclFile)" time="0.077" />
  <testcase classname="ptolemy.util.test.junit.TclTests" name="[5] /home/travis/build/icyphy/ptII/ptolemy/actor/lib/test/Commutator.tcl (RunTclFile)" time="0.088" />
  <testcase classname="ptolemy.util.test.junit.TclTests" name="[6] /home/travis/build/icyphy/ptII/ptolemy/actor/lib/test/Const.tcl (RunTclFile)" time="0.108" />
  <testcase classname="ptolemy.util.test.junit.TclTests" name="[7] /home/travis/build/icyphy/ptII/ptolemy/actor/lib/test/CurrentTime.tcl (RunTclFile)" time="0.038" />
  <testcase classname="ptolemy.util.test.junit.TclTests" name="[8] /home/travis/build/icyphy/ptII/ptolemy/actor/lib/test/DB.tcl (RunTclFile)" time="0.02" />
  <testcase classname="ptolemy.util.test.junit.TclTests" name="[9] /home/travis/build/icyphy/ptII/ptolemy/actor/lib/test/DiscreteRandomSource.tcl (RunTclFile)" time="0.028" />
  <testcase classname="ptolemy.util.test.junit.TclTests" name="[10] /home/travis/build/icyphy/ptII/ptolemy/actor/lib/test/Distributor.tcl (RunTclFile)" time="0.031" />
  <testcase classname="ptolemy.util.test.junit.TclTests" name="[11] /home/travis/build/icyphy/ptII/ptolemy/actor/lib/test/Exit.tcl (RunTclFile)" time="0.042" />
  <testcase classname="ptolemy.util.test.junit.TclTests" name="[12] /home/travis/build/icyphy/ptII/ptolemy/actor/lib/test/Expression.tcl (RunTclFile)" time="0.118" />
  <testcase classname="ptolemy.util.test.junit.TclTests" name="[13] /home/travis/build/icyphy/ptII/ptolemy/actor/lib/test/Gaussian.tcl (RunTclFile)" time="0.871" />
  <testcase classname="ptolemy.util.test.junit.TclTests" name="[14] /home/travis/build/icyphy/ptII/ptolemy/actor/lib/test/IIR.tcl (RunTclFile)" time="0.029" />
  <testcase classname="ptolemy.util.test.junit.TclTests" name="[15] /home/travis/build/icyphy/ptII/ptolemy/actor/lib/test/Interpolator.tcl (RunTclFile)" time="0.051" />
  <testcase classname="ptolemy.util.test.junit.TclTests" name="[16] /home/travis/build/icyphy/ptII/ptolemy/actor/lib/test/MathFunction.tcl (RunTclFile)" time="0.041" />
  <testcase classname="ptolemy.util.test.junit.TclTests" name="[17] /home/travis/build/icyphy/ptII/ptolemy/actor/lib/test/Maximum.tcl (RunTclFile)" time="0.03" />
  <testcase classname="ptolemy.util.test.junit.TclTests" name="[18] /home/travis/build/icyphy/ptII/ptolemy/actor/lib/test/Minimum.tcl (RunTclFile)" time="0.033" />
  <testcase classname="ptolemy.util.test.junit.TclTests" name="[19] /home/travis/build/icyphy/ptII/ptolemy/actor/lib/test/MultiplyDivide.tcl (RunTclFile)" time="0.039" />
  <testcase classname="ptolemy.util.test.junit.TclTests" name="[20] /home/travis/build/icyphy/ptII/ptolemy/actor/lib/test/OrderedMerge.tcl (RunTclFile)" time="0.076" />
  <testcase classname="ptolemy.util.test.junit.TclTests" name="[21] /home/travis/build/icyphy/ptII/ptolemy/actor/lib/test/Publisher.tcl (RunTclFile)" time="0.566" />
  <testcase classname="ptolemy.util.test.junit.TclTests" name="[22] /home/travis/build/icyphy/ptII/ptolemy/actor/lib/test/Pulse.tcl (RunTclFile)" time="0.058" />
  <testcase classname="ptolemy.util.test.junit.TclTests" name="[23] /home/travis/build/icyphy/ptII/ptolemy/actor/lib/test/Ramp.tcl (RunTclFile)" time="1.637" />
  <testcase classname="ptolemy.util.test.junit.TclTests" name="[24] /home/travis/build/icyphy/ptII/ptolemy/actor/lib/test/RampContinuous.tcl (RunTclFile)" time="0.016" />
  <testcase classname="ptolemy.util.test.junit.TclTests" name="[25] /home/travis/build/icyphy/ptII/ptolemy/actor/lib/test/RecordAssembler.tcl (RunTclFile)" time="0.015" />
  <testcase classname="ptolemy.util.test.junit.TclTests" name="[26] /home/travis/build/icyphy/ptII/ptolemy/actor/lib/test/RecordDisassembler.tcl (RunTclFile)" time="0.016" />
  <testcase classname="ptolemy.util.test.junit.TclTests" name="[27] /home/travis/build/icyphy/ptII/ptolemy/actor/lib/test/Scale.tcl (RunTclFile)" time="0.014" />
  <testcase classname="ptolemy.util.test.junit.TclTests" name="[28] /home/travis/build/icyphy/ptII/ptolemy/actor/lib/test/SequentialClock.tcl (RunTclFile)" time="0.011" />
  <testcase classname="ptolemy.util.test.junit.TclTests" name="[29] /home/travis/build/icyphy/ptII/ptolemy/actor/lib/test/SetVariable.tcl (RunTclFile)" time="0.011" />
  <testcase classname="ptolemy.util.test.junit.TclTests" name="[30] /home/travis/build/icyphy/ptII/ptolemy/actor/lib/test/Sinewave.tcl (RunTclFile)" time="0.024" />
  <testcase classname="ptolemy.util.test.junit.TclTests" name="[31] /home/travis/build/icyphy/ptII/ptolemy/actor/lib/test/SubscriptionAggregator.tcl (RunTclFile)" time="1.924" />
  <testcase classname="ptolemy.util.test.junit.TclTests" name="[32] /home/travis/build/icyphy/ptII/ptolemy/actor/lib/test/Test.tcl (RunTclFile)" time="0.096" />
  <testcase classname="ptolemy.util.test.junit.TclTests" name="[33] /home/travis/build/icyphy/ptII/ptolemy/actor/lib/test/TestExceptionHandler.tcl (RunTclFile)" time="0.009" />
  <testcase classname="ptolemy.util.test.junit.TclTests" name="[34] /home/travis/build/icyphy/ptII/ptolemy/actor/lib/test/UnionDisassembler.tcl (RunTclFile)" time="0.08" />
  <testcase classname="ptolemy.util.test.junit.TclTests" name="[35] /home/travis/build/icyphy/ptII/ptolemy/actor/lib/test/VariableClock.tcl (RunTclFile)" time="0.033" />
  <testcase classname="ptolemy.util.test.junit.AutoKnownFailedTests" name="[0] /home/travis/build/icyphy/ptII/ptolemy/actor/lib/test/auto/knownFailedTests/PublisherPortToplevelSubscriber.xml (RunModel)" time="0.03" />
  <testcase classname="ptolemy.util.test.junit.AutoKnownFailedTests" name="[1] /home/travis/build/icyphy/ptII/ptolemy/actor/lib/test/auto/knownFailedTests/PublisherSubscriberPortToplevel.xml (RunModel)" time="0.016" />
  <testcase classname="ptolemy.util.test.junit.AutoKnownFailedTests" name="[2] /home/travis/build/icyphy/ptII/ptolemy/actor/lib/test/auto/knownFailedTests/PublisherSubscriptionAggregatorPort.xml (RunModel)" time="0.024" />
  <testcase classname="ptolemy.util.test.junit.AutoKnownFailedTests" name="[3] /home/travis/build/icyphy/ptII/ptolemy/actor/lib/test/auto/knownFailedTests/sizedarray3.xml (RunModel)" time="0.031" />
  <testcase classname="ptolemy.util.test.junit.AutoNameArchTests" name="[0] ThereAreNoAutoArchTests (RunModel)" time="0.0" />
  <testcase classname="ptolemy.util.test.junit.AutoTests" name="[0] /home/travis/build/icyphy/ptII/ptolemy/actor/lib/test/auto/AbsoluteValue.xml (RunModel)" time="0.088" />
  <testcase classname="ptolemy.util.test.junit.AutoTests" name="[1] /home/travis/build/icyphy/ptII/ptolemy/actor/lib/test/auto/AbsoluteValue2.xml (RunModel)" time="0.034" />
  <testcase classname="ptolemy.util.test.junit.AutoTests" name="[2] /home/travis/build/icyphy/ptII/ptolemy/actor/lib/test/auto/Accumulator.xml (RunModel)" time="0.021" />
  <testcase classname="ptolemy.util.test.junit.AutoTests" name="[3] /home/travis/build/icyphy/ptII/ptolemy/actor/lib/test/auto/Accumulator2.xml (RunModel)" time="0.012" />
  <testcase classname="ptolemy.util.test.junit.AutoTests" name="[4] /home/travis/build/icyphy/ptII/ptolemy/actor/lib/test/auto/Accumulator3.xml (RunModel)" time="0.013" />
  <testcase classname="ptolemy.util.test.junit.AutoTests" name="[5] /home/travis/build/icyphy/ptII/ptolemy/actor/lib/test/auto/ArrayAppend.xml (RunModel)" time="0.026" />
  <testcase classname="ptolemy.util.test.junit.AutoTests" name="[6] /home/travis/build/icyphy/ptII/ptolemy/actor/lib/test/auto/ArrayAppend2.xml (RunModel)" time="0.564" />
  <testcase classname="ptolemy.util.test.junit.AutoTests" name="[7] /home/travis/build/icyphy/ptII/ptolemy/actor/lib/test/auto/ArrayAppend3.xml (RunModel)" time="0.026" />
  <testcase classname="ptolemy.util.test.junit.AutoTests" name="[8] /home/travis/build/icyphy/ptII/ptolemy/actor/lib/test/auto/ArrayAppend4.xml (RunModel)" time="0.023" />
  <testcase classname="ptolemy.util.test.junit.AutoTests" name="[9] /home/travis/build/icyphy/ptII/ptolemy/actor/lib/test/auto/ArrayAppend5.xml (RunModel)" time="0.034" />
  <testcase classname="ptolemy.util.test.junit.AutoTests" name="[10] /home/travis/build/icyphy/ptII/ptolemy/actor/lib/test/auto/ArrayAppend6.xml (RunModel)" time="0.023" />
  <testcase classname="ptolemy.util.test.junit.AutoTests" name="[11] /home/travis/build/icyphy/ptII/ptolemy/actor/lib/test/auto/ArrayAppendPerformanceTest.xml (RunModel)" time="0.056" />
  <testcase classname="ptolemy.util.test.junit.AutoTests" name="[12] /home/travis/build/icyphy/ptII/ptolemy/actor/lib/test/auto/ArrayAppendWithEmptyInput.xml (RunModel)" time="0.053" />
  <testcase classname="ptolemy.util.test.junit.AutoTests" name="[13] /home/travis/build/icyphy/ptII/ptolemy/actor/lib/test/auto/ArrayAverage.xml (RunModel)" time="0.043" />
  <testcase classname="ptolemy.util.test.junit.AutoTests" name="[14] /home/travis/build/icyphy/ptII/ptolemy/actor/lib/test/auto/ArrayContains.xml (RunModel)" time="0.068" />
  <testcase classname="ptolemy.util.test.junit.AutoTests" name="[15] /home/travis/build/icyphy/ptII/ptolemy/actor/lib/test/auto/ArrayElement.xml (RunModel)" time="0.022" />
  <testcase classname="ptolemy.util.test.junit.AutoTests" name="[16] /home/travis/build/icyphy/ptII/ptolemy/actor/lib/test/auto/ArrayElementAsMatrix.xml (RunModel)" time="0.039" />
  <testcase classname="ptolemy.util.test.junit.AutoTests" name="[17] /home/travis/build/icyphy/ptII/ptolemy/actor/lib/test/auto/ArrayElementI.xml (RunModel)" time="0.039" />
  <testcase classname="ptolemy.util.test.junit.AutoTests" name="[18] /home/travis/build/icyphy/ptII/ptolemy/actor/lib/test/auto/ArrayExtract.xml (RunModel)" time="0.034" />
  <testcase classname="ptolemy.util.test.junit.AutoTests" name="[19] /home/travis/build/icyphy/ptII/ptolemy/actor/lib/test/auto/ArrayExtract2.xml (RunModel)" time="0.026" />
  <testcase classname="ptolemy.util.test.junit.AutoTests" name="[20] /home/travis/build/icyphy/ptII/ptolemy/actor/lib/test/auto/ArrayLength.xml (RunModel)" time="0.024" />
  <testcase classname="ptolemy.util.test.junit.AutoTests" name="[21] /home/travis/build/icyphy/ptII/ptolemy/actor/lib/test/auto/ArrayLevelCrossing.xml (RunModel)" time="0.03" />
  <testcase classname="ptolemy.util.test.junit.AutoTests" name="[22] /home/travis/build/icyphy/ptII/ptolemy/actor/lib/test/auto/ArrayLevelCrossing2.xml (RunModel)" time="0.022" />
  <testcase classname="ptolemy.util.test.junit.AutoTests" name="[23] /home/travis/build/icyphy/ptII/ptolemy/actor/lib/test/auto/ArrayPeakSearch.xml (RunModel)" time="0.041" />
  <testcase classname="ptolemy.util.test.junit.AutoTests" name="[24] /home/travis/build/icyphy/ptII/ptolemy/actor/lib/test/auto/ArrayPeakSearch2.xml (RunModel)" time="0.035" />
  <testcase classname="ptolemy.util.test.junit.AutoTests" name="[25] /home/travis/build/icyphy/ptII/ptolemy/actor/lib/test/auto/ArrayPeakSearch3.xml (RunModel)" time="0.036" />
  <testcase classname="ptolemy.util.test.junit.AutoTests" name="[26] /home/travis/build/icyphy/ptII/ptolemy/actor/lib/test/auto/ArrayRemoveElement.xml (RunModel)" time="0.026" />
  <testcase classname="ptolemy.util.test.junit.AutoTests" name="[27] /home/travis/build/icyphy/ptII/ptolemy/actor/lib/test/auto/ArraySort.xml (RunModel)" time="0.031" />
  <testcase classname="ptolemy.util.test.junit.AutoTests" name="[28] /home/travis/build/icyphy/ptII/ptolemy/actor/lib/test/auto/ArraySum.xml (RunModel)" time="0.021" />
  <testcase classname="ptolemy.util.test.junit.AutoTests" name="[29] /home/travis/build/icyphy/ptII/ptolemy/actor/lib/test/auto/ArrayToElements.xml (RunModel)" time="0.019" />
  <testcase classname="ptolemy.util.test.junit.AutoTests" name="[30] /home/travis/build/icyphy/ptII/ptolemy/actor/lib/test/auto/ArrayToMatrix.xml (RunModel)" time="0.046" />
  <testcase classname="ptolemy.util.test.junit.AutoTests" name="[31] /home/travis/build/icyphy/ptII/ptolemy/actor/lib/test/auto/ArrayUpdate1.xml (RunModel)" time="0.015" />
  <testcase classname="ptolemy.util.test.junit.AutoTests" name="[32] /home/travis/build/icyphy/ptII/ptolemy/actor/lib/test/auto/ArrayUpdate2.xml (RunModel)" time="0.034" />
  <testcase classname="ptolemy.util.test.junit.AutoTests" name="[33] /home/travis/build/icyphy/ptII/ptolemy/actor/lib/test/auto/ArrayUpdate3.xml (RunModel)" time="0.016" />
  <testcase classname="ptolemy.util.test.junit.AutoTests" name="[34] /home/travis/build/icyphy/ptII/ptolemy/actor/lib/test/auto/Assert1.xml (RunModel)" time="0.023" />
  <testcase classname="ptolemy.util.test.junit.AutoTests" name="[35] /home/travis/build/icyphy/ptII/ptolemy/actor/lib/test/auto/Assert2.xml (RunModel)" time="0.016" />
  <testcase classname="ptolemy.util.test.junit.AutoTests" name="[36] /home/travis/build/icyphy/ptII/ptolemy/actor/lib/test/auto/BooleanMultiplexor.xml (RunModel)" time="0.012" />
  <testcase classname="ptolemy.util.test.junit.AutoTests" name="[37] /home/travis/build/icyphy/ptII/ptolemy/actor/lib/test/auto/BooleanMultiplexor2.xml (RunModel)" time="0.013" />
  <testcase classname="ptolemy.util.test.junit.AutoTests" name="[38] /home/travis/build/icyphy/ptII/ptolemy/actor/lib/test/auto/BooleanMultiplexor3.xml (RunModel)" time="0.02" />
  <testcase classname="ptolemy.util.test.junit.AutoTests" name="[39] /home/travis/build/icyphy/ptII/ptolemy/actor/lib/test/auto/BooleanSelect.xml (RunModel)" time="0.02" />
  <testcase classname="ptolemy.util.test.junit.AutoTests" name="[40] /home/travis/build/icyphy/ptII/ptolemy/actor/lib/test/auto/BooleanSelect2.xml (RunModel)" time="0.012" />
  <testcase classname="ptolemy.util.test.junit.AutoTests" name="[41] /home/travis/build/icyphy/ptII/ptolemy/actor/lib/test/auto/BooleanSwitch.xml (RunModel)" time="0.019" />
  <testcase classname="ptolemy.util.test.junit.AutoTests" name="[42] /home/travis/build/icyphy/ptII/ptolemy/actor/lib/test/auto/BooleanSwitch2.xml (RunModel)" time="0.013" />
  <testcase classname="ptolemy.util.test.junit.AutoTests" name="[43] /home/travis/build/icyphy/ptII/ptolemy/actor/lib/test/auto/BooleanSwitchCloningBugWithClassRelationGroup.xml (RunModel)" time="0.028" />
  <testcase classname="ptolemy.util.test.junit.AutoTests" name="[44] /home/travis/build/icyphy/ptII/ptolemy/actor/lib/test/auto/BusActors.xml (RunModel)" time="0.037" />
  <testcase classname="ptolemy.util.test.junit.AutoTests" name="[45] /home/travis/build/icyphy/ptII/ptolemy/actor/lib/test/auto/ClassWrapper.xml (RunModel)" time="0.009" />
  <testcase classname="ptolemy.util.test.junit.AutoTests" name="[46] /home/travis/build/icyphy/ptII/ptolemy/actor/lib/test/auto/Clock.xml (RunModel)" time="0.016" />
  <testcase classname="ptolemy.util.test.junit.AutoTests" name="[47] /home/travis/build/icyphy/ptII/ptolemy/actor/lib/test/auto/Clock10.xml (RunModel)" time="0.012" />
  <testcase classname="ptolemy.util.test.junit.AutoTests" name="[48] /home/travis/build/icyphy/ptII/ptolemy/actor/lib/test/auto/Clock11.xml (RunModel)" time="0.012" />
  <testcase classname="ptolemy.util.test.junit.AutoTests" name="[49] /home/travis/build/icyphy/ptII/ptolemy/actor/lib/test/auto/Clock12.xml (RunModel)" time="0.015" />
  <testcase classname="ptolemy.util.test.junit.AutoTests" name="[50] /home/travis/build/icyphy/ptII/ptolemy/actor/lib/test/auto/Clock13.xml (RunModel)" time="0.026" />
  <testcase classname="ptolemy.util.test.junit.AutoTests" name="[51] /home/travis/build/icyphy/ptII/ptolemy/actor/lib/test/auto/Clock14.xml (RunModel)" time="0.024" />
  <testcase classname="ptolemy.util.test.junit.AutoTests" name="[52] /home/travis/build/icyphy/ptII/ptolemy/actor/lib/test/auto/Clock15.xml (RunModel)" time="0.017" />
  <testcase classname="ptolemy.util.test.junit.AutoTests" name="[53] /home/travis/build/icyphy/ptII/ptolemy/actor/lib/test/auto/Clock16.xml (RunModel)" time="0.083" />
  <testcase classname="ptolemy.util.test.junit.AutoTests" name="[54] /home/travis/build/icyphy/ptII/ptolemy/actor/lib/test/auto/Clock17.xml (RunModel)" time="0.044" />
  <testcase classname="ptolemy.util.test.junit.AutoTests" name="[55] /home/travis/build/icyphy/ptII/ptolemy/actor/lib/test/auto/Clock18.xml (RunModel)" time="0.04" />
  <testcase classname="ptolemy.util.test.junit.AutoTests" name="[56] /home/travis/build/icyphy/ptII/ptolemy/actor/lib/test/auto/Clock19.xml (RunModel)" time="0.036" />
  <testcase classname="ptolemy.util.test.junit.AutoTests" name="[57] /home/travis/build/icyphy/ptII/ptolemy/actor/lib/test/auto/Clock2.xml (RunModel)" time="0.014" />
  <testcase classname="ptolemy.util.test.junit.AutoTests" name="[58] /home/travis/build/icyphy/ptII/ptolemy/actor/lib/test/auto/Clock20.xml (RunModel)" time="0.019" />
  <testcase classname="ptolemy.util.test.junit.AutoTests" name="[59] /home/travis/build/icyphy/ptII/ptolemy/actor/lib/test/auto/Clock21.xml (RunModel)" time="0.018" />
  <testcase classname="ptolemy.util.test.junit.AutoTests" name="[60] /home/travis/build/icyphy/ptII/ptolemy/actor/lib/test/auto/Clock22.xml (RunModel)" time="0.017" />
  <testcase classname="ptolemy.util.test.junit.AutoTests" name="[61] /home/travis/build/icyphy/ptII/ptolemy/actor/lib/test/auto/Clock23.xml (RunModel)" time="0.016" />
  <testcase classname="ptolemy.util.test.junit.AutoTests" name="[62] /home/travis/build/icyphy/ptII/ptolemy/actor/lib/test/auto/Clock24.xml (RunModel)" time="0.017" />
  <testcase classname="ptolemy.util.test.junit.AutoTests" name="[63] /home/travis/build/icyphy/ptII/ptolemy/actor/lib/test/auto/Clock4.xml (RunModel)" time="0.015" />
  <testcase classname="ptolemy.util.test.junit.AutoTests" name="[64] /home/travis/build/icyphy/ptII/ptolemy/actor/lib/test/auto/Clock5.xml (RunModel)" time="0.012" />
  <testcase classname="ptolemy.util.test.junit.AutoTests" name="[65] /home/travis/build/icyphy/ptII/ptolemy/actor/lib/test/auto/Clock6.xml (RunModel)" time="0.009" />
  <testcase classname="ptolemy.util.test.junit.AutoTests" name="[66] /home/travis/build/icyphy/ptII/ptolemy/actor/lib/test/auto/Clock7.xml (RunModel)" time="0.01" />
  <testcase classname="ptolemy.util.test.junit.AutoTests" name="[67] /home/travis/build/icyphy/ptII/ptolemy/actor/lib/test/auto/Clock8.xml (RunModel)" time="0.015" />
  <testcase classname="ptolemy.util.test.junit.AutoTests" name="[68] /home/travis/build/icyphy/ptII/ptolemy/actor/lib/test/auto/Clock9.xml (RunModel)" time="0.015" />
  <testcase classname="ptolemy.util.test.junit.AutoTests" name="[69] /home/travis/build/icyphy/ptII/ptolemy/actor/lib/test/auto/CommDistDiscard.xml (RunModel)" time="0.055" />
  <testcase classname="ptolemy.util.test.junit.AutoTests" name="[70] /home/travis/build/icyphy/ptII/ptolemy/actor/lib/test/auto/Commutator.xml (RunModel)" time="0.014" />
  <testcase classname="ptolemy.util.test.junit.AutoTests" name="[71] /home/travis/build/icyphy/ptII/ptolemy/actor/lib/test/auto/Commutator2.xml (RunModel)" time="0.012" />
  <testcase classname="ptolemy.util.test.junit.AutoTests" name="[72] /home/travis/build/icyphy/ptII/ptolemy/actor/lib/test/auto/Commutator3.xml (RunModel)" time="0.011" />
  <testcase classname="ptolemy.util.test.junit.AutoTests" name="[73] /home/travis/build/icyphy/ptII/ptolemy/actor/lib/test/auto/Compare.xml (RunModel)" time="0.019" />
  <testcase classname="ptolemy.util.test.junit.AutoTests" name="[74] /home/travis/build/icyphy/ptII/ptolemy/actor/lib/test/auto/CompareDE.xml (RunModel)" time="0.017" />
  <testcase classname="ptolemy.util.test.junit.AutoTests" name="[75] /home/travis/build/icyphy/ptII/ptolemy/actor/lib/test/auto/ComplexDivide.xml (RunModel)" time="0.008" />
  <testcase classname="ptolemy.util.test.junit.AutoTests" name="[76] /home/travis/build/icyphy/ptII/ptolemy/actor/lib/test/auto/ComputeHistogram.xml (RunModel)" time="0.069" />
  <testcase classname="ptolemy.util.test.junit.AutoTests" name="[77] /home/travis/build/icyphy/ptII/ptolemy/actor/lib/test/auto/ConfigurationSelect.xml (RunModel)" time="0.018" />
  <testcase classname="ptolemy.util.test.junit.AutoTests" name="[78] /home/travis/build/icyphy/ptII/ptolemy/actor/lib/test/auto/ConfigurationSelect2.xml (RunModel)" time="0.013" />
  <testcase classname="ptolemy.util.test.junit.AutoTests" name="[79] /home/travis/build/icyphy/ptII/ptolemy/actor/lib/test/auto/ConfigurationSwitch.xml (RunModel)" time="0.025" />
  <testcase classname="ptolemy.util.test.junit.AutoTests" name="[80] /home/travis/build/icyphy/ptII/ptolemy/actor/lib/test/auto/ConfigurationSwitch2.xml (RunModel)" time="0.015" />
  <testcase classname="ptolemy.util.test.junit.AutoTests" name="[81] /home/travis/build/icyphy/ptII/ptolemy/actor/lib/test/auto/ConfigurationSwitchCloningBugWithClassRelationGroup.xml (RunModel)" time="0.019" />
  <testcase classname="ptolemy.util.test.junit.AutoTests" name="[82] /home/travis/build/icyphy/ptII/ptolemy/actor/lib/test/auto/ConfigurationSwitchSelectSDF.xml (RunModel)" time="0.02" />
  <testcase classname="ptolemy.util.test.junit.AutoTests" name="[83] /home/travis/build/icyphy/ptII/ptolemy/actor/lib/test/auto/ConfigurationSwitchSelectSDF2.xml (RunModel)" time="0.012" />
  <testcase classname="ptolemy.util.test.junit.AutoTests" name="[84] /home/travis/build/icyphy/ptII/ptolemy/actor/lib/test/auto/Const.xml (RunModel)" time="0.006" />
  <testcase classname="ptolemy.util.test.junit.AutoTests" name="[85] /home/travis/build/icyphy/ptII/ptolemy/actor/lib/test/auto/Const2.xml (RunModel)" time="0.01" />
  <testcase classname="ptolemy.util.test.junit.AutoTests" name="[86] /home/travis/build/icyphy/ptII/ptolemy/actor/lib/test/auto/Const3.xml (RunModel)" time="0.005" />
  <testcase classname="ptolemy.util.test.junit.AutoTests" name="[87] /home/travis/build/icyphy/ptII/ptolemy/actor/lib/test/auto/ConstantPublisherPort1.xml (RunModel)" time="0.021" />
  <testcase classname="ptolemy.util.test.junit.AutoTests" name="[88] /home/travis/build/icyphy/ptII/ptolemy/actor/lib/test/auto/ConstantPublisherPort2.xml (RunModel)" time="0.023" />
  <testcase classname="ptolemy.util.test.junit.AutoTests" name="[89] /home/travis/build/icyphy/ptII/ptolemy/actor/lib/test/auto/ConstantPublisherPort3.xml (RunModel)" time="0.019" />
  <testcase classname="ptolemy.util.test.junit.AutoTests" name="[90] /home/travis/build/icyphy/ptII/ptolemy/actor/lib/test/auto/ConstantPublisherPort4.xml (RunModel)" time="0.017" />
  <testcase classname="ptolemy.util.test.junit.AutoTests" name="[91] /home/travis/build/icyphy/ptII/ptolemy/actor/lib/test/auto/ConstantPublisherPort5.xml (RunModel)" time="0.043" />
  <testcase classname="ptolemy.util.test.junit.AutoTests" name="[92] /home/travis/build/icyphy/ptII/ptolemy/actor/lib/test/auto/ConstantPublisherPort6.xml (RunModel)" time="0.019" />
  <testcase classname="ptolemy.util.test.junit.AutoTests" name="[93] /home/travis/build/icyphy/ptII/ptolemy/actor/lib/test/auto/ConstantPublisherPort7.xml (RunModel)" time="0.021" />
  <testcase classname="ptolemy.util.test.junit.AutoTests" name="[94] /home/travis/build/icyphy/ptII/ptolemy/actor/lib/test/auto/ConstraintMonitor1.xml (RunModel)" time="0.028" />
  <testcase classname="ptolemy.util.test.junit.AutoTests" name="[95] /home/travis/build/icyphy/ptII/ptolemy/actor/lib/test/auto/ConstraintMonitor2.xml (RunModel)" time="0.009" />
  <testcase classname="ptolemy.util.test.junit.AutoTests" name="[96] /home/travis/build/icyphy/ptII/ptolemy/actor/lib/test/auto/ConstraintMonitor3.xml (RunModel)" time="0.012" />
  <testcase classname="ptolemy.util.test.junit.AutoTests" name="[97] /home/travis/build/icyphy/ptII/ptolemy/actor/lib/test/auto/ConstraintMonitor4.xml (RunModel)" time="0.014" />
  <testcase classname="ptolemy.util.test.junit.AutoTests" name="[98] /home/travis/build/icyphy/ptII/ptolemy/actor/lib/test/auto/ConstraintMonitor5.xml (RunModel)" time="0.014" />
  <testcase classname="ptolemy.util.test.junit.AutoTests" name="[99] /home/travis/build/icyphy/ptII/ptolemy/actor/lib/test/auto/ConstraintMonitor6.xml (RunModel)" time="0.011" />
  <testcase classname="ptolemy.util.test.junit.AutoTests" name="[100] /home/travis/build/icyphy/ptII/ptolemy/actor/lib/test/auto/ConstraintMonitor7.xml (RunModel)" time="0.023" />
  <testcase classname="ptolemy.util.test.junit.AutoTests" name="[101] /home/travis/build/icyphy/ptII/ptolemy/actor/lib/test/auto/ConstraintMonitor8.xml (RunModel)" time="0.02" />
  <testcase classname="ptolemy.util.test.junit.AutoTests" name="[102] /home/travis/build/icyphy/ptII/ptolemy/actor/lib/test/auto/Counter.xml (RunModel)" time="0.011" />
  <testcase classname="ptolemy.util.test.junit.AutoTests" name="[103] /home/travis/build/icyphy/ptII/ptolemy/actor/lib/test/auto/CurrentTimeSDF.xml (RunModel)" time="0.018" />
  <testcase classname="ptolemy.util.test.junit.AutoTests" name="[104] /home/travis/build/icyphy/ptII/ptolemy/actor/lib/test/auto/DB.xml (RunModel)" time="0.013" />
  <testcase classname="ptolemy.util.test.junit.AutoTests" name="[105] /home/travis/build/icyphy/ptII/ptolemy/actor/lib/test/auto/DBDE.xml (RunModel)" time="0.012" />
  <testcase classname="ptolemy.util.test.junit.AutoTests" name="[106] /home/travis/build/icyphy/ptII/ptolemy/actor/lib/test/auto/DateConstructor.xml (RunModel)" time="0.052" />
  <testcase classname="ptolemy.util.test.junit.AutoTests" name="[107] /home/travis/build/icyphy/ptII/ptolemy/actor/lib/test/auto/DelayTime.xml (RunModel)" time="0.015" />
  <testcase classname="ptolemy.util.test.junit.AutoTests" name="[108] /home/travis/build/icyphy/ptII/ptolemy/actor/lib/test/auto/Dictionary1.xml (RunModel)" time="0.015" />
  <testcase classname="ptolemy.util.test.junit.AutoTests" name="[109] /home/travis/build/icyphy/ptII/ptolemy/actor/lib/test/auto/Dictionary2.xml (RunModel)" time="0.014" />
  <testcase classname="ptolemy.util.test.junit.AutoTests" name="[110] /home/travis/build/icyphy/ptII/ptolemy/actor/lib/test/auto/Dictionary3.xml (RunModel)" time="0.013" />
  <testcase classname="ptolemy.util.test.junit.AutoTests" name="[111] /home/travis/build/icyphy/ptII/ptolemy/actor/lib/test/auto/Dictionary4.xml (RunModel)" time="0.014" />
  <testcase classname="ptolemy.util.test.junit.AutoTests" name="[112] /home/travis/build/icyphy/ptII/ptolemy/actor/lib/test/auto/Differential.xml (RunModel)" time="0.013" />
  <testcase classname="ptolemy.util.test.junit.AutoTests" name="[113] /home/travis/build/icyphy/ptII/ptolemy/actor/lib/test/auto/Director.xml (RunModel)" time="0.009" />
  <testcase classname="ptolemy.util.test.junit.AutoTests" name="[114] /home/travis/build/icyphy/ptII/ptolemy/actor/lib/test/auto/DiscreteClock.xml (RunModel)" time="0.008" />
  <testcase classname="ptolemy.util.test.junit.AutoTests" name="[115] /home/travis/build/icyphy/ptII/ptolemy/actor/lib/test/auto/DiscreteClock10.xml (RunModel)" time="0.014" />
  <testcase classname="ptolemy.util.test.junit.AutoTests" name="[116] /home/travis/build/icyphy/ptII/ptolemy/actor/lib/test/auto/DiscreteClock11.xml (RunModel)" time="0.011" />
  <testcase classname="ptolemy.util.test.junit.AutoTests" name="[117] /home/travis/build/icyphy/ptII/ptolemy/actor/lib/test/auto/DiscreteClock12.xml (RunModel)" time="0.014" />
  <testcase classname="ptolemy.util.test.junit.AutoTests" name="[118] /home/travis/build/icyphy/ptII/ptolemy/actor/lib/test/auto/DiscreteClock13.xml (RunModel)" time="0.016" />
  <testcase classname="ptolemy.util.test.junit.AutoTests" name="[119] /home/travis/build/icyphy/ptII/ptolemy/actor/lib/test/auto/DiscreteClock14.xml (RunModel)" time="0.016" />
  <testcase classname="ptolemy.util.test.junit.AutoTests" name="[120] /home/travis/build/icyphy/ptII/ptolemy/actor/lib/test/auto/DiscreteClock15.xml (RunModel)" time="0.016" />
  <testcase classname="ptolemy.util.test.junit.AutoTests" name="[121] /home/travis/build/icyphy/ptII/ptolemy/actor/lib/test/auto/DiscreteClock16.xml (RunModel)" time="0.042" />
  <testcase classname="ptolemy.util.test.junit.AutoTests" name="[122] /home/travis/build/icyphy/ptII/ptolemy/actor/lib/test/auto/DiscreteClock17.xml (RunModel)" time="0.484" />
  <testcase classname="ptolemy.util.test.junit.AutoTests" name="[123] /home/travis/build/icyphy/ptII/ptolemy/actor/lib/test/auto/DiscreteClock18.xml (RunModel)" time="0.035" />
  <testcase classname="ptolemy.util.test.junit.AutoTests" name="[124] /home/travis/build/icyphy/ptII/ptolemy/actor/lib/test/auto/DiscreteClock19.xml (RunModel)" time="0.032" />
  <testcase classname="ptolemy.util.test.junit.AutoTests" name="[125] /home/travis/build/icyphy/ptII/ptolemy/actor/lib/test/auto/DiscreteClock2.xml (RunModel)" time="0.008" />
  <testcase classname="ptolemy.util.test.junit.AutoTests" name="[126] /home/travis/build/icyphy/ptII/ptolemy/actor/lib/test/auto/DiscreteClock20.xml (RunModel)" time="0.016" />
  <testcase classname="ptolemy.util.test.junit.AutoTests" name="[127] /home/travis/build/icyphy/ptII/ptolemy/actor/lib/test/auto/DiscreteClock21.xml (RunModel)" time="0.016" />
  <testcase classname="ptolemy.util.test.junit.AutoTests" name="[128] /home/travis/build/icyphy/ptII/ptolemy/actor/lib/test/auto/DiscreteClock22.xml (RunModel)" time="0.012" />
  <testcase classname="ptolemy.util.test.junit.AutoTests" name="[129] /home/travis/build/icyphy/ptII/ptolemy/actor/lib/test/auto/DiscreteClock23.xml (RunModel)" time="0.013" />
  <testcase classname="ptolemy.util.test.junit.AutoTests" name="[130] /home/travis/build/icyphy/ptII/ptolemy/actor/lib/test/auto/DiscreteClock24.xml (RunModel)" time="0.012" />
  <testcase classname="ptolemy.util.test.junit.AutoTests" name="[131] /home/travis/build/icyphy/ptII/ptolemy/actor/lib/test/auto/DiscreteClock4.xml (RunModel)" time="0.009" />
  <testcase classname="ptolemy.util.test.junit.AutoTests" name="[132] /home/travis/build/icyphy/ptII/ptolemy/actor/lib/test/auto/DiscreteClock5.xml (RunModel)" time="0.014" />
  <testcase classname="ptolemy.util.test.junit.AutoTests" name="[133] /home/travis/build/icyphy/ptII/ptolemy/actor/lib/test/auto/DiscreteClock6.xml (RunModel)" time="0.009" />
  <testcase classname="ptolemy.util.test.junit.AutoTests" name="[134] /home/travis/build/icyphy/ptII/ptolemy/actor/lib/test/auto/DiscreteClock7.xml (RunModel)" time="0.009" />
  <testcase classname="ptolemy.util.test.junit.AutoTests" name="[135] /home/travis/build/icyphy/ptII/ptolemy/actor/lib/test/auto/DiscreteClock8.xml (RunModel)" time="0.009" />
  <testcase classname="ptolemy.util.test.junit.AutoTests" name="[136] /home/travis/build/icyphy/ptII/ptolemy/actor/lib/test/auto/DiscreteClock9.xml (RunModel)" time="0.009" />
  <testcase classname="ptolemy.util.test.junit.AutoTests" name="[137] /home/travis/build/icyphy/ptII/ptolemy/actor/lib/test/auto/DisplayArray.xml (RunModel)" time="0.007" />
  <testcase classname="ptolemy.util.test.junit.AutoTests" name="[138] /home/travis/build/icyphy/ptII/ptolemy/actor/lib/test/auto/Distributor.xml (RunModel)" time="0.008" />
  <testcase classname="ptolemy.util.test.junit.AutoTests" name="[139] /home/travis/build/icyphy/ptII/ptolemy/actor/lib/test/auto/Distributor2.xml (RunModel)" time="0.008" />
  <testcase classname="ptolemy.util.test.junit.AutoTests" name="[140] /home/travis/build/icyphy/ptII/ptolemy/actor/lib/test/auto/DownSample.xml (RunModel)" time="0.009" />
  <testcase classname="ptolemy.util.test.junit.AutoTests" name="[141] /home/travis/build/icyphy/ptII/ptolemy/actor/lib/test/auto/ElectronicUnitBase1.xml (RunModel)" time="0.053" />
  <testcase classname="ptolemy.util.test.junit.AutoTests" name="[142] /home/travis/build/icyphy/ptII/ptolemy/actor/lib/test/auto/ElementsToArray.xml (RunModel)" time="0.009" />
  <testcase classname="ptolemy.util.test.junit.AutoTests" name="[143] /home/travis/build/icyphy/ptII/ptolemy/actor/lib/test/auto/Equals.xml (RunModel)" time="0.009" />
  <testcase classname="ptolemy.util.test.junit.AutoTests" name="[144] /home/travis/build/icyphy/ptII/ptolemy/actor/lib/test/auto/Exec.xml (RunModel)" time="0.019" />
  <testcase classname="ptolemy.util.test.junit.AutoTests" name="[145] /home/travis/build/icyphy/ptII/ptolemy/actor/lib/test/auto/ExecEnvironment.xml (RunModel)" time="0.042" />
  <testcase classname="ptolemy.util.test.junit.AutoTests" name="[146] /home/travis/build/icyphy/ptII/ptolemy/actor/lib/test/auto/ExecNonZeroReturnOutput.xml (RunModel)" time="0.127" />
  <testcase classname="ptolemy.util.test.junit.AutoTests" name="[147] /home/travis/build/icyphy/ptII/ptolemy/actor/lib/test/auto/ExecRunDemos.xml (RunModel)" time="10.087" />
  <testcase classname="ptolemy.util.test.junit.AutoTests" name="[148] /home/travis/build/icyphy/ptII/ptolemy/actor/lib/test/auto/ExecStop.xml (RunModel)" time="5.026" />
  <testcase classname="ptolemy.util.test.junit.AutoTests" name="[149] /home/travis/build/icyphy/ptII/ptolemy/actor/lib/test/auto/ExecutionTimePN.xml (RunModel)" time="2.04" />
  <testcase classname="ptolemy.util.test.junit.AutoTests" name="[150] /home/travis/build/icyphy/ptII/ptolemy/actor/lib/test/auto/ExecutionTimeSDF.xml (RunModel)" time="6.021" />
  <testcase classname="ptolemy.util.test.junit.AutoTests" name="[151] /home/travis/build/icyphy/ptII/ptolemy/actor/lib/test/auto/Expression1.xml (RunModel)" time="0.01" />
  <testcase classname="ptolemy.util.test.junit.AutoTests" name="[152] /home/travis/build/icyphy/ptII/ptolemy/actor/lib/test/auto/Expression10.xml (RunModel)" time="0.016" />
  <testcase classname="ptolemy.util.test.junit.AutoTests" name="[153] /home/travis/build/icyphy/ptII/ptolemy/actor/lib/test/auto/Expression11.xml (RunModel)" time="0.013" />
  <testcase classname="ptolemy.util.test.junit.AutoTests" name="[154] /home/travis/build/icyphy/ptII/ptolemy/actor/lib/test/auto/Expression12.xml (RunModel)" time="0.02" />
  <testcase classname="ptolemy.util.test.junit.AutoTests" name="[155] /home/travis/build/icyphy/ptII/ptolemy/actor/lib/test/auto/Expression13.xml (RunModel)" time="0.012" />
  <testcase classname="ptolemy.util.test.junit.AutoTests" name="[156] /home/travis/build/icyphy/ptII/ptolemy/actor/lib/test/auto/Expression14.xml (RunModel)" time="0.018" />
  <testcase classname="ptolemy.util.test.junit.AutoTests" name="[157] /home/travis/build/icyphy/ptII/ptolemy/actor/lib/test/auto/Expression15.xml (RunModel)" time="0.02" />
  <testcase classname="ptolemy.util.test.junit.AutoTests" name="[158] /home/travis/build/icyphy/ptII/ptolemy/actor/lib/test/auto/Expression16.xml (RunModel)" time="0.011" />
  <testcase classname="ptolemy.util.test.junit.AutoTests" name="[159] /home/travis/build/icyphy/ptII/ptolemy/actor/lib/test/auto/Expression17.xml (RunModel)" time="0.012" />
  <testcase classname="ptolemy.util.test.junit.AutoTests" name="[160] /home/travis/build/icyphy/ptII/ptolemy/actor/lib/test/auto/Expression18.xml (RunModel)" time="0.013" />
  <testcase classname="ptolemy.util.test.junit.AutoTests" name="[161] /home/travis/build/icyphy/ptII/ptolemy/actor/lib/test/auto/Expression2.xml (RunModel)" time="0.01" />
  <testcase classname="ptolemy.util.test.junit.AutoTests" name="[162] /home/travis/build/icyphy/ptII/ptolemy/actor/lib/test/auto/Expression3.xml (RunModel)" time="0.014" />
  <testcase classname="ptolemy.util.test.junit.AutoTests" name="[163] /home/travis/build/icyphy/ptII/ptolemy/actor/lib/test/auto/Expression4.xml (RunModel)" time="0.017" />
  <testcase classname="ptolemy.util.test.junit.AutoTests" name="[164] /home/travis/build/icyphy/ptII/ptolemy/actor/lib/test/auto/Expression5.xml (RunModel)" time="0.012" />
  <testcase classname="ptolemy.util.test.junit.AutoTests" name="[165] /home/travis/build/icyphy/ptII/ptolemy/actor/lib/test/auto/Expression6.xml (RunModel)" time="0.01" />
  <testcase classname="ptolemy.util.test.junit.AutoTests" name="[166] /home/travis/build/icyphy/ptII/ptolemy/actor/lib/test/auto/Expression7.xml (RunModel)" time="0.009" />
  <testcase classname="ptolemy.util.test.junit.AutoTests" name="[167] /home/travis/build/icyphy/ptII/ptolemy/actor/lib/test/auto/Expression8.xml (RunModel)" time="0.012" />
  <testcase classname="ptolemy.util.test.junit.AutoTests" name="[168] /home/travis/build/icyphy/ptII/ptolemy/actor/lib/test/auto/Expression9.xml (RunModel)" time="0.007" />
  <testcase classname="ptolemy.util.test.junit.AutoTests" name="[169] /home/travis/build/icyphy/ptII/ptolemy/actor/lib/test/auto/ExpressionConcatenateArrayType.xml (RunModel)" time="0.037" />
  <testcase classname="ptolemy.util.test.junit.AutoTests" name="[170] /home/travis/build/icyphy/ptII/ptolemy/actor/lib/test/auto/ExpressionConcatenateArrayType2.xml (RunModel)" time="0.018" />
  <testcase classname="ptolemy.util.test.junit.AutoTests" name="[171] /home/travis/build/icyphy/ptII/ptolemy/actor/lib/test/auto/ExpressionFix.xml (RunModel)" time="0.031" />
  <testcase classname="ptolemy.util.test.junit.AutoTests" name="[172] /home/travis/build/icyphy/ptII/ptolemy/actor/lib/test/auto/ExpressionFix2.xml (RunModel)" time="0.013" />
  <testcase classname="ptolemy.util.test.junit.AutoTests" name="[173] /home/travis/build/icyphy/ptII/ptolemy/actor/lib/test/auto/ExpressionFix3.xml (RunModel)" time="0.01" />
  <testcase classname="ptolemy.util.test.junit.AutoTests" name="[174] /home/travis/build/icyphy/ptII/ptolemy/actor/lib/test/auto/FileWriter1.xml (RunModel)" time="0.008" />
  <testcase classname="ptolemy.util.test.junit.AutoTests" name="[175] /home/travis/build/icyphy/ptII/ptolemy/actor/lib/test/auto/FileWriter2.xml (RunModel)" time="0.009" />
  <testcase classname="ptolemy.util.test.junit.AutoTests" name="[176] /home/travis/build/icyphy/ptII/ptolemy/actor/lib/test/auto/FileWriter3.xml (RunModel)" time="0.009" />
  <testcase classname="ptolemy.util.test.junit.AutoTests" name="[177] /home/travis/build/icyphy/ptII/ptolemy/actor/lib/test/auto/Gaussian.xml (RunModel)" time="0.009" />
  <testcase classname="ptolemy.util.test.junit.AutoTests" name="[178] /home/travis/build/icyphy/ptII/ptolemy/actor/lib/test/auto/Gaussian1.xml (RunModel)" time="0.011" />
  <testcase classname="ptolemy.util.test.junit.AutoTests" name="[179] /home/travis/build/icyphy/ptII/ptolemy/actor/lib/test/auto/Gaussian2.xml (RunModel)" time="0.013" />
  <testcase classname="ptolemy.util.test.junit.AutoTests" name="[180] /home/travis/build/icyphy/ptII/ptolemy/actor/lib/test/auto/GradientAdaptiveLattice.xml (RunModel)" time="0.013" />
  <testcase classname="ptolemy.util.test.junit.AutoTests" name="[181] /home/travis/build/icyphy/ptII/ptolemy/actor/lib/test/auto/IIR.xml (RunModel)" time="0.009" />
  <testcase classname="ptolemy.util.test.junit.AutoTests" name="[182] /home/travis/build/icyphy/ptII/ptolemy/actor/lib/test/auto/InputOutputTransparentPorts.xml (RunModel)" time="0.015" />
  <testcase classname="ptolemy.util.test.junit.AutoTests" name="[183] /home/travis/build/icyphy/ptII/ptolemy/actor/lib/test/auto/Interpolator.xml (RunModel)" time="0.009" />
  <testcase classname="ptolemy.util.test.junit.AutoTests" name="[184] /home/travis/build/icyphy/ptII/ptolemy/actor/lib/test/auto/InterpolatorFiringLimitDE.xml (RunModel)" time="0.011" />
  <testcase classname="ptolemy.util.test.junit.AutoTests" name="[185] /home/travis/build/icyphy/ptII/ptolemy/actor/lib/test/auto/Lattice.xml (RunModel)" time="0.007" />
  <testcase classname="ptolemy.util.test.junit.AutoTests" name="[186] /home/travis/build/icyphy/ptII/ptolemy/actor/lib/test/auto/LazyAOCTestLazy.xml (RunModel)" time="0.017" />
  <testcase classname="ptolemy.util.test.junit.AutoTests" name="[187] /home/travis/build/icyphy/ptII/ptolemy/actor/lib/test/auto/LazyAOCTestNonLazy.xml (RunModel)" time="0.013" />
  <testcase classname="ptolemy.util.test.junit.AutoTests" name="[188] /home/travis/build/icyphy/ptII/ptolemy/actor/lib/test/auto/LazyInnerClass.xml (RunModel)" time="0.016" />
  <testcase classname="ptolemy.util.test.junit.AutoTests" name="[189] /home/travis/build/icyphy/ptII/ptolemy/actor/lib/test/auto/LazyPubSub.xml (RunModel)" time="0.039" />
  <testcase classname="ptolemy.util.test.junit.AutoTests" name="[190] /home/travis/build/icyphy/ptII/ptolemy/actor/lib/test/auto/LazyPubSub2.xml (RunModel)" time="0.06" />
  <testcase classname="ptolemy.util.test.junit.AutoTests" name="[191] /home/travis/build/icyphy/ptII/ptolemy/actor/lib/test/auto/LazyPubSub3.xml (RunModel)" time="0.048" />
  <testcase classname="ptolemy.util.test.junit.AutoTests" name="[192] /home/travis/build/icyphy/ptII/ptolemy/actor/lib/test/auto/LazySubClassModel.xml (RunModel)" time="0.019" />
  <testcase classname="ptolemy.util.test.junit.AutoTests" name="[193] /home/travis/build/icyphy/ptII/ptolemy/actor/lib/test/auto/LevelCrossTest1.xml (RunModel)" time="0.009" />
  <testcase classname="ptolemy.util.test.junit.AutoTests" name="[194] /home/travis/build/icyphy/ptII/ptolemy/actor/lib/test/auto/LevelCrossTest10.xml (RunModel)" time="0.013" />
  <testcase classname="ptolemy.util.test.junit.AutoTests" name="[195] /home/travis/build/icyphy/ptII/ptolemy/actor/lib/test/auto/LevelCrossTest11.xml (RunModel)" time="0.011" />
  <testcase classname="ptolemy.util.test.junit.AutoTests" name="[196] /home/travis/build/icyphy/ptII/ptolemy/actor/lib/test/auto/LevelCrossTest12.xml (RunModel)" time="0.011" />
  <testcase classname="ptolemy.util.test.junit.AutoTests" name="[197] /home/travis/build/icyphy/ptII/ptolemy/actor/lib/test/auto/LevelCrossTest13.xml (RunModel)" time="0.011" />
  <testcase classname="ptolemy.util.test.junit.AutoTests" name="[198] /home/travis/build/icyphy/ptII/ptolemy/actor/lib/test/auto/LevelCrossTest2.xml (RunModel)" time="0.009" />
  <testcase classname="ptolemy.util.test.junit.AutoTests" name="[199] /home/travis/build/icyphy/ptII/ptolemy/actor/lib/test/auto/LevelCrossTest3.xml (RunModel)" time="0.011" />
  <testcase classname="ptolemy.util.test.junit.AutoTests" name="[200] /home/travis/build/icyphy/ptII/ptolemy/actor/lib/test/auto/LevelCrossTest4.xml (RunModel)" time="0.009" />
  <testcase classname="ptolemy.util.test.junit.AutoTests" name="[201] /home/travis/build/icyphy/ptII/ptolemy/actor/lib/test/auto/LevelCrossTest5.xml (RunModel)" time="0.011" />
  <testcase classname="ptolemy.util.test.junit.AutoTests" name="[202] /home/travis/build/icyphy/ptII/ptolemy/actor/lib/test/auto/LevelCrossTest6.xml (RunModel)" time="0.012" />
  <testcase classname="ptolemy.util.test.junit.AutoTests" name="[203] /home/travis/build/icyphy/ptII/ptolemy/actor/lib/test/auto/LevelCrossTest7.xml (RunModel)" time="0.015" />
  <testcase classname="ptolemy.util.test.junit.AutoTests" name="[204] /home/travis/build/icyphy/ptII/ptolemy/actor/lib/test/auto/LevelCrossTest8.xml (RunModel)" time="0.013" />
  <testcase classname="ptolemy.util.test.junit.AutoTests" name="[205] /home/travis/build/icyphy/ptII/ptolemy/actor/lib/test/auto/LevelCrossTest9.xml (RunModel)" time="0.012" />
  <testcase classname="ptolemy.util.test.junit.AutoTests" name="[206] /home/travis/build/icyphy/ptII/ptolemy/actor/lib/test/auto/LevinsonDurbin.xml (RunModel)" time="0.008" />
  <testcase classname="ptolemy.util.test.junit.AutoTests" name="[207] /home/travis/build/icyphy/ptII/ptolemy/actor/lib/test/auto/LevinsonDurbin2.xml (RunModel)" time="0.006" />
  <testcase classname="ptolemy.util.test.junit.AutoTests" name="[208] /home/travis/build/icyphy/ptII/ptolemy/actor/lib/test/auto/LevinsonDurbin3.xml (RunModel)" time="0.006" />
  <testcase classname="ptolemy.util.test.junit.AutoTests" name="[209] /home/travis/build/icyphy/ptII/ptolemy/actor/lib/test/auto/Limiter.xml (RunModel)" time="0.02" />
  <testcase classname="ptolemy.util.test.junit.AutoTests" name="[210] /home/travis/build/icyphy/ptII/ptolemy/actor/lib/test/auto/LinearDifferenceEquationSystem.xml (RunModel)" time="0.019" />
  <testcase classname="ptolemy.util.test.junit.AutoTests" name="[211] /home/travis/build/icyphy/ptII/ptolemy/actor/lib/test/auto/LookupTable.xml (RunModel)" time="0.01" />
  <testcase classname="ptolemy.util.test.junit.AutoTests" name="[212] /home/travis/build/icyphy/ptII/ptolemy/actor/lib/test/auto/MathFunction.xml (RunModel)" time="0.018" />
  <testcase classname="ptolemy.util.test.junit.AutoTests" name="[213] /home/travis/build/icyphy/ptII/ptolemy/actor/lib/test/auto/MathFunction2.xml (RunModel)" time="0.011" />
  <testcase classname="ptolemy.util.test.junit.AutoTests" name="[214] /home/travis/build/icyphy/ptII/ptolemy/actor/lib/test/auto/MathFunction3.xml (RunModel)" time="0.02" />
  <testcase classname="ptolemy.util.test.junit.AutoTests" name="[215] /home/travis/build/icyphy/ptII/ptolemy/actor/lib/test/auto/MatrixCropBoolean.xml (RunModel)" time="0.01" />
  <testcase classname="ptolemy.util.test.junit.AutoTests" name="[216] /home/travis/build/icyphy/ptII/ptolemy/actor/lib/test/auto/MatrixCropComplex.xml (RunModel)" time="0.008" />
  <testcase classname="ptolemy.util.test.junit.AutoTests" name="[217] /home/travis/build/icyphy/ptII/ptolemy/actor/lib/test/auto/MatrixCropDouble.xml (RunModel)" time="0.009" />
  <testcase classname="ptolemy.util.test.junit.AutoTests" name="[218] /home/travis/build/icyphy/ptII/ptolemy/actor/lib/test/auto/MatrixCropFix.xml (RunModel)" time="0.01" />
  <testcase classname="ptolemy.util.test.junit.AutoTests" name="[219] /home/travis/build/icyphy/ptII/ptolemy/actor/lib/test/auto/MatrixCropInt.xml (RunModel)" time="0.012" />
  <testcase classname="ptolemy.util.test.junit.AutoTests" name="[220] /home/travis/build/icyphy/ptII/ptolemy/actor/lib/test/auto/MatrixCropLong.xml (RunModel)" time="0.01" />
  <testcase classname="ptolemy.util.test.junit.AutoTests" name="[221] /home/travis/build/icyphy/ptII/ptolemy/actor/lib/test/auto/MatrixToArray.xml (RunModel)" time="0.057" />
  <testcase classname="ptolemy.util.test.junit.AutoTests" name="[222] /home/travis/build/icyphy/ptII/ptolemy/actor/lib/test/auto/MaxIndex.xml (RunModel)" time="0.021" />
  <testcase classname="ptolemy.util.test.junit.AutoTests" name="[223] /home/travis/build/icyphy/ptII/ptolemy/actor/lib/test/auto/Maximum.xml (RunModel)" time="0.012" />
  <testcase classname="ptolemy.util.test.junit.AutoTests" name="[224] /home/travis/build/icyphy/ptII/ptolemy/actor/lib/test/auto/MaximumComplex.xml (RunModel)" time="0.014" />
  <testcase classname="ptolemy.util.test.junit.AutoTests" name="[225] /home/travis/build/icyphy/ptII/ptolemy/actor/lib/test/auto/MethodCallTest.xml (RunModel)" time="0.019" />
  <testcase classname="ptolemy.util.test.junit.AutoTests" name="[226] /home/travis/build/icyphy/ptII/ptolemy/actor/lib/test/auto/Minimum.xml (RunModel)" time="0.011" />
  <testcase classname="ptolemy.util.test.junit.AutoTests" name="[227] /home/travis/build/icyphy/ptII/ptolemy/actor/lib/test/auto/MinimumComplex.xml (RunModel)" time="0.014" />
  <testcase classname="ptolemy.util.test.junit.AutoTests" name="[228] /home/travis/build/icyphy/ptII/ptolemy/actor/lib/test/auto/MinimumMultiports.xml (RunModel)" time="0.021" />
  <testcase classname="ptolemy.util.test.junit.AutoTests" name="[229] /home/travis/build/icyphy/ptII/ptolemy/actor/lib/test/auto/ModifyDate.xml (RunModel)" time="0.038" />
  <testcase classname="ptolemy.util.test.junit.AutoTests" name="[230] /home/travis/build/icyphy/ptII/ptolemy/actor/lib/test/auto/ModifyDate2.xml (RunModel)" time="0.027" />
  <testcase classname="ptolemy.util.test.junit.AutoTests" name="[231] /home/travis/build/icyphy/ptII/ptolemy/actor/lib/test/auto/MovingAverage.xml (RunModel)" time="0.012" />
  <testcase classname="ptolemy.util.test.junit.AutoTests" name="[232] /home/travis/build/icyphy/ptII/ptolemy/actor/lib/test/auto/MovingMaximum.xml (RunModel)" time="0.009" />
  <testcase classname="ptolemy.util.test.junit.AutoTests" name="[233] /home/travis/build/icyphy/ptII/ptolemy/actor/lib/test/auto/MultipleLinksToSameRelation.xml (RunModel)" time="0.006" />
  <testcase classname="ptolemy.util.test.junit.AutoTests" name="[234] /home/travis/build/icyphy/ptII/ptolemy/actor/lib/test/auto/MultipleLinksToSameRelationDE.xml (RunModel)" time="0.007" />
  <testcase classname="ptolemy.util.test.junit.AutoTests" name="[235] /home/travis/build/icyphy/ptII/ptolemy/actor/lib/test/auto/Multiplexor.xml (RunModel)" time="0.01" />
  <testcase classname="ptolemy.util.test.junit.AutoTests" name="[236] /home/travis/build/icyphy/ptII/ptolemy/actor/lib/test/auto/Multiplexor1.xml (RunModel)" time="0.01" />
  <testcase classname="ptolemy.util.test.junit.AutoTests" name="[237] /home/travis/build/icyphy/ptII/ptolemy/actor/lib/test/auto/Multiplexor2.xml (RunModel)" time="0.012" />
  <testcase classname="ptolemy.util.test.junit.AutoTests" name="[238] /home/travis/build/icyphy/ptII/ptolemy/actor/lib/test/auto/Multiplexor3.xml (RunModel)" time="0.007" />
  <testcase classname="ptolemy.util.test.junit.AutoTests" name="[239] /home/travis/build/icyphy/ptII/ptolemy/actor/lib/test/auto/MultiplexorDE.xml (RunModel)" time="0.016" />
  <testcase classname="ptolemy.util.test.junit.AutoTests" name="[240] /home/travis/build/icyphy/ptII/ptolemy/actor/lib/test/auto/MultiportBroadcastTest.xml (RunModel)" time="0.054" />
  <testcase classname="ptolemy.util.test.junit.AutoTests" name="[241] /home/travis/build/icyphy/ptII/ptolemy/actor/lib/test/auto/MultiportOutHangDuringGetWidth.xml (RunModel)" time="0.028" />
  <testcase classname="ptolemy.util.test.junit.AutoTests" name="[242] /home/travis/build/icyphy/ptII/ptolemy/actor/lib/test/auto/NilToken.xml (RunModel)" time="0.007" />
  <testcase classname="ptolemy.util.test.junit.AutoTests" name="[243] /home/travis/build/icyphy/ptII/ptolemy/actor/lib/test/auto/NilTokenNonStrictTest.xml (RunModel)" time="0.009" />
  <testcase classname="ptolemy.util.test.junit.AutoTests" name="[244] /home/travis/build/icyphy/ptII/ptolemy/actor/lib/test/auto/NilTokenRecord.xml (RunModel)" time="0.016" />
  <testcase classname="ptolemy.util.test.junit.AutoTests" name="[245] /home/travis/build/icyphy/ptII/ptolemy/actor/lib/test/auto/NilTokenTypeTest.xml (RunModel)" time="0.024" />
  <testcase classname="ptolemy.util.test.junit.AutoTests" name="[246] /home/travis/build/icyphy/ptII/ptolemy/actor/lib/test/auto/ObjectToken1.xml (RunModel)" time="0.006" />
  <testcase classname="ptolemy.util.test.junit.AutoTests" name="[247] /home/travis/build/icyphy/ptII/ptolemy/actor/lib/test/auto/OrderedMerge.xml (RunModel)" time="0.014" />
  <testcase classname="ptolemy.util.test.junit.AutoTests" name="[248] /home/travis/build/icyphy/ptII/ptolemy/actor/lib/test/auto/OrderedRecordDisassembler.xml (RunModel)" time="0.014" />
  <testcase classname="ptolemy.util.test.junit.AutoTests" name="[249] /home/travis/build/icyphy/ptII/ptolemy/actor/lib/test/auto/OrderedRecordDisassembler2.xml (RunModel)" time="0.017" />
  <testcase classname="ptolemy.util.test.junit.AutoTests" name="[250] /home/travis/build/icyphy/ptII/ptolemy/actor/lib/test/auto/OrderedRecordUpdater.xml (RunModel)" time="0.015" />
  <testcase classname="ptolemy.util.test.junit.AutoTests" name="[251] /home/travis/build/icyphy/ptII/ptolemy/actor/lib/test/auto/OrderedRecordUpdater2.xml (RunModel)" time="0.01" />
  <testcase classname="ptolemy.util.test.junit.AutoTests" name="[252] /home/travis/build/icyphy/ptII/ptolemy/actor/lib/test/auto/PhaseUnwrap.xml (RunModel)" time="0.011" />
  <testcase classname="ptolemy.util.test.junit.AutoTests" name="[253] /home/travis/build/icyphy/ptII/ptolemy/actor/lib/test/auto/PoissonClock.xml (RunModel)" time="0.01" />
  <testcase classname="ptolemy.util.test.junit.AutoTests" name="[254] /home/travis/build/icyphy/ptII/ptolemy/actor/lib/test/auto/PoissonClock2.xml (RunModel)" time="0.013" />
  <testcase classname="ptolemy.util.test.junit.AutoTests" name="[255] /home/travis/build/icyphy/ptII/ptolemy/actor/lib/test/auto/PoissonClock3.xml (RunModel)" time="0.012" />
  <testcase classname="ptolemy.util.test.junit.AutoTests" name="[256] /home/travis/build/icyphy/ptII/ptolemy/actor/lib/test/auto/PubSubWithInitialTokens.xml (RunModel)" time="0.009" />
  <testcase classname="ptolemy.util.test.junit.AutoTests" name="[257] /home/travis/build/icyphy/ptII/ptolemy/actor/lib/test/auto/PubSubWithInitialTokens2.xml (RunModel)" time="0.01" />
  <testcase classname="ptolemy.util.test.junit.AutoTests" name="[258] /home/travis/build/icyphy/ptII/ptolemy/actor/lib/test/auto/PublisherClassNoParameter.xml (RunModel)" time="0.019" />
  <testcase classname="ptolemy.util.test.junit.AutoTests" name="[259] /home/travis/build/icyphy/ptII/ptolemy/actor/lib/test/auto/PublisherClassParameter.xml (RunModel)" time="0.018" />
  <testcase classname="ptolemy.util.test.junit.AutoTests" name="[260] /home/travis/build/icyphy/ptII/ptolemy/actor/lib/test/auto/PublisherNonStrictTest.xml (RunModel)" time="0.013" />
  <testcase classname="ptolemy.util.test.junit.AutoTests" name="[261] /home/travis/build/icyphy/ptII/ptolemy/actor/lib/test/auto/PublisherPort1.xml (RunModel)" time="0.009" />
  <testcase classname="ptolemy.util.test.junit.AutoTests" name="[262] /home/travis/build/icyphy/ptII/ptolemy/actor/lib/test/auto/PublisherPort2.xml (RunModel)" time="0.007" />
  <testcase classname="ptolemy.util.test.junit.AutoTests" name="[263] /home/travis/build/icyphy/ptII/ptolemy/actor/lib/test/auto/PublisherPort3.xml (RunModel)" time="0.011" />
  <testcase classname="ptolemy.util.test.junit.AutoTests" name="[264] /home/travis/build/icyphy/ptII/ptolemy/actor/lib/test/auto/PublisherPort4.xml (RunModel)" time="0.01" />
  <testcase classname="ptolemy.util.test.junit.AutoTests" name="[265] /home/travis/build/icyphy/ptII/ptolemy/actor/lib/test/auto/PublisherPort5.xml (RunModel)" time="0.024" />
  <testcase classname="ptolemy.util.test.junit.AutoTests" name="[266] /home/travis/build/icyphy/ptII/ptolemy/actor/lib/test/auto/PublisherPort5LookAlike.xml (RunModel)" time="0.016" />
  <testcase classname="ptolemy.util.test.junit.AutoTests" name="[267] /home/travis/build/icyphy/ptII/ptolemy/actor/lib/test/auto/PublisherPort6.xml (RunModel)" time="0.011" />
  <testcase classname="ptolemy.util.test.junit.AutoTests" name="[268] /home/travis/build/icyphy/ptII/ptolemy/actor/lib/test/auto/PublisherPort7.xml (RunModel)" time="0.012" />
  <testcase classname="ptolemy.util.test.junit.AutoTests" name="[269] /home/travis/build/icyphy/ptII/ptolemy/actor/lib/test/auto/PublisherPort8.xml (RunModel)" time="0.014" />
  <testcase classname="ptolemy.util.test.junit.AutoTests" name="[270] /home/travis/build/icyphy/ptII/ptolemy/actor/lib/test/auto/PublisherPortSubscriberChannelVariablesAOC2.xml (RunModel)" time="0.028" />
  <testcase classname="ptolemy.util.test.junit.AutoTests" name="[271] /home/travis/build/icyphy/ptII/ptolemy/actor/lib/test/auto/PublisherPortSubscriberOpaqueWidthInference.xml (RunModel)" time="0.015" />
  <testcase classname="ptolemy.util.test.junit.AutoTests" name="[272] /home/travis/build/icyphy/ptII/ptolemy/actor/lib/test/auto/PublisherPortSubscriberPortAdjacent.xml (RunModel)" time="0.016" />
  <testcase classname="ptolemy.util.test.junit.AutoTests" name="[273] /home/travis/build/icyphy/ptII/ptolemy/actor/lib/test/auto/PublisherPortSubscriberPortExpression.xml (RunModel)" time="0.014" />
  <testcase classname="ptolemy.util.test.junit.AutoTests" name="[274] /home/travis/build/icyphy/ptII/ptolemy/actor/lib/test/auto/PublisherPortSubscriberPortOpaqueD3Reverse.xml (RunModel)" time="0.017" />
  <testcase classname="ptolemy.util.test.junit.AutoTests" name="[275] /home/travis/build/icyphy/ptII/ptolemy/actor/lib/test/auto/PublisherPortSubscriberPortOpaqueWidthInference.xml (RunModel)" time="0.014" />
  <testcase classname="ptolemy.util.test.junit.AutoTests" name="[276] /home/travis/build/icyphy/ptII/ptolemy/actor/lib/test/auto/PublisherPortToplevelSubscriberPortAOC.xml (RunModel)" time="0.008" />
  <testcase classname="ptolemy.util.test.junit.AutoTests" name="[277] /home/travis/build/icyphy/ptII/ptolemy/actor/lib/test/auto/PublisherSubscriber.xml (RunModel)" time="0.01" />
  <testcase classname="ptolemy.util.test.junit.AutoTests" name="[278] /home/travis/build/icyphy/ptII/ptolemy/actor/lib/test/auto/PublisherSubscriber10.xml (RunModel)" time="0.025" />
  <testcase classname="ptolemy.util.test.junit.AutoTests" name="[279] /home/travis/build/icyphy/ptII/ptolemy/actor/lib/test/auto/PublisherSubscriber10InitialOutputs.xml (RunModel)" time="0.029" />
  <testcase classname="ptolemy.util.test.junit.AutoTests" name="[280] /home/travis/build/icyphy/ptII/ptolemy/actor/lib/test/auto/PublisherSubscriber11.xml (RunModel)" time="0.03" />
  <testcase classname="ptolemy.util.test.junit.AutoTests" name="[281] /home/travis/build/icyphy/ptII/ptolemy/actor/lib/test/auto/PublisherSubscriber12.xml (RunModel)" time="0.013" />
  <testcase classname="ptolemy.util.test.junit.AutoTests" name="[282] /home/travis/build/icyphy/ptII/ptolemy/actor/lib/test/auto/PublisherSubscriber13.xml (RunModel)" time="0.009" />
  <testcase classname="ptolemy.util.test.junit.AutoTests" name="[283] /home/travis/build/icyphy/ptII/ptolemy/actor/lib/test/auto/PublisherSubscriber14.xml (RunModel)" time="0.019" />
  <testcase classname="ptolemy.util.test.junit.AutoTests" name="[284] /home/travis/build/icyphy/ptII/ptolemy/actor/lib/test/auto/PublisherSubscriber2.xml (RunModel)" time="0.01" />
  <testcase classname="ptolemy.util.test.junit.AutoTests" name="[285] /home/travis/build/icyphy/ptII/ptolemy/actor/lib/test/auto/PublisherSubscriber3.xml (RunModel)" time="0.008" />
  <testcase classname="ptolemy.util.test.junit.AutoTests" name="[286] /home/travis/build/icyphy/ptII/ptolemy/actor/lib/test/auto/PublisherSubscriber4.xml (RunModel)" time="0.008" />
  <testcase classname="ptolemy.util.test.junit.AutoTests" name="[287] /home/travis/build/icyphy/ptII/ptolemy/actor/lib/test/auto/PublisherSubscriber5.xml (RunModel)" time="0.011" />
  <testcase classname="ptolemy.util.test.junit.AutoTests" name="[288] /home/travis/build/icyphy/ptII/ptolemy/actor/lib/test/auto/PublisherSubscriber6.xml (RunModel)" time="0.014" />
  <testcase classname="ptolemy.util.test.junit.AutoTests" name="[289] /home/travis/build/icyphy/ptII/ptolemy/actor/lib/test/auto/PublisherSubscriber7.xml (RunModel)" time="0.021" />
  <testcase classname="ptolemy.util.test.junit.AutoTests" name="[290] /home/travis/build/icyphy/ptII/ptolemy/actor/lib/test/auto/PublisherSubscriber8.xml (RunModel)" time="0.028" />
  <testcase classname="ptolemy.util.test.junit.AutoTests" name="[291] /home/travis/build/icyphy/ptII/ptolemy/actor/lib/test/auto/PublisherSubscriber9.xml (RunModel)" time="0.015" />
  <testcase classname="ptolemy.util.test.junit.AutoTests" name="[292] /home/travis/build/icyphy/ptII/ptolemy/actor/lib/test/auto/PublisherSubscriberAdjacent.xml (RunModel)" time="0.017" />
  <testcase classname="ptolemy.util.test.junit.AutoTests" name="[293] /home/travis/build/icyphy/ptII/ptolemy/actor/lib/test/auto/PublisherSubscriberChannelVariablesAOC2.xml (RunModel)" time="0.027" />
  <testcase classname="ptolemy.util.test.junit.AutoTests" name="[294] /home/travis/build/icyphy/ptII/ptolemy/actor/lib/test/auto/PublisherSubscriberD3.xml (RunModel)" time="0.014" />
  <testcase classname="ptolemy.util.test.junit.AutoTests" name="[295] /home/travis/build/icyphy/ptII/ptolemy/actor/lib/test/auto/PublisherSubscriberD3Reverse.xml (RunModel)" time="0.014" />
  <testcase classname="ptolemy.util.test.junit.AutoTests" name="[296] /home/travis/build/icyphy/ptII/ptolemy/actor/lib/test/auto/PublisherSubscriberExpression.xml (RunModel)" time="0.018" />
  <testcase classname="ptolemy.util.test.junit.AutoTests" name="[297] /home/travis/build/icyphy/ptII/ptolemy/actor/lib/test/auto/PublisherSubscriberOpaque.xml (RunModel)" time="0.019" />
  <testcase classname="ptolemy.util.test.junit.AutoTests" name="[298] /home/travis/build/icyphy/ptII/ptolemy/actor/lib/test/auto/PublisherSubscriberOpaqueD3.xml (RunModel)" time="0.026" />
  <testcase classname="ptolemy.util.test.junit.AutoTests" name="[299] /home/travis/build/icyphy/ptII/ptolemy/actor/lib/test/auto/PublisherSubscriberOpaqueD3Reverse.xml (RunModel)" time="0.02" />
  <testcase classname="ptolemy.util.test.junit.AutoTests" name="[300] /home/travis/build/icyphy/ptII/ptolemy/actor/lib/test/auto/PublisherSubscriberOpaqueWidthInference.xml (RunModel)" time="0.018" />
  <testcase classname="ptolemy.util.test.junit.AutoTests" name="[301] /home/travis/build/icyphy/ptII/ptolemy/actor/lib/test/auto/PublisherTestSubscriber.xml (RunModel)" time="0.013" />
  <testcase classname="ptolemy.util.test.junit.AutoTests" name="[302] /home/travis/build/icyphy/ptII/ptolemy/actor/lib/test/auto/PublisherToplevelSubscriberPortAOC.xml (RunModel)" time="0.011" />
  <testcase classname="ptolemy.util.test.junit.AutoTests" name="[303] /home/travis/build/icyphy/ptII/ptolemy/actor/lib/test/auto/PulseFiringLimitDE.xml (RunModel)" time="0.013" />
  <testcase classname="ptolemy.util.test.junit.AutoTests" name="[304] /home/travis/build/icyphy/ptII/ptolemy/actor/lib/test/auto/Ramp1.xml (RunModel)" time="0.007" />
  <testcase classname="ptolemy.util.test.junit.AutoTests" name="[305] /home/travis/build/icyphy/ptII/ptolemy/actor/lib/test/auto/RampFiringLimitDE.xml (RunModel)" time="0.011" />
  <testcase classname="ptolemy.util.test.junit.AutoTests" name="[306] /home/travis/build/icyphy/ptII/ptolemy/actor/lib/test/auto/RampFiringLimitSDF.xml (RunModel)" time="0.01" />
  <testcase classname="ptolemy.util.test.junit.AutoTests" name="[307] /home/travis/build/icyphy/ptII/ptolemy/actor/lib/test/auto/RandomInteger.xml (RunModel)" time="0.007" />
  <testcase classname="ptolemy.util.test.junit.AutoTests" name="[308] /home/travis/build/icyphy/ptII/ptolemy/actor/lib/test/auto/ReadFile1.xml (RunModel)" time="0.007" />
  <testcase classname="ptolemy.util.test.junit.AutoTests" name="[309] /home/travis/build/icyphy/ptII/ptolemy/actor/lib/test/auto/ReadFile2.xml (RunModel)" time="0.007" />
  <testcase classname="ptolemy.util.test.junit.AutoTests" name="[310] /home/travis/build/icyphy/ptII/ptolemy/actor/lib/test/auto/Reader.xml (RunModel)" time="0.012" />
  <testcase classname="ptolemy.util.test.junit.AutoTests" name="[311] /home/travis/build/icyphy/ptII/ptolemy/actor/lib/test/auto/RecordAssemblerDisplayNameTest.xml (RunModel)" time="2.93" />
  <testcase classname="ptolemy.util.test.junit.AutoTests" name="[312] /home/travis/build/icyphy/ptII/ptolemy/actor/lib/test/auto/RecordAssemblerTypeError.xml (RunModel)" time="0.028" />
  <testcase classname="ptolemy.util.test.junit.AutoTests" name="[313] /home/travis/build/icyphy/ptII/ptolemy/actor/lib/test/auto/RecordDisassember.xml (RunModel)" time="0.01" />
  <testcase classname="ptolemy.util.test.junit.AutoTests" name="[314] /home/travis/build/icyphy/ptII/ptolemy/actor/lib/test/auto/RecordDisassemberDisplayNameTest.xml (RunModel)" time="0.016" />
  <testcase classname="ptolemy.util.test.junit.AutoTests" name="[315] /home/travis/build/icyphy/ptII/ptolemy/actor/lib/test/auto/RecordDisassembler.xml (RunModel)" time="0.007" />
  <testcase classname="ptolemy.util.test.junit.AutoTests" name="[316] /home/travis/build/icyphy/ptII/ptolemy/actor/lib/test/auto/RecordDisassembler2.xml (RunModel)" time="0.008" />
  <testcase classname="ptolemy.util.test.junit.AutoTests" name="[317] /home/travis/build/icyphy/ptII/ptolemy/actor/lib/test/auto/RecordUpdater.xml (RunModel)" time="0.01" />
  <testcase classname="ptolemy.util.test.junit.AutoTests" name="[318] /home/travis/build/icyphy/ptII/ptolemy/actor/lib/test/auto/RecordUpdater2.xml (RunModel)" time="0.008" />
  <testcase classname="ptolemy.util.test.junit.AutoTests" name="[319] /home/travis/build/icyphy/ptII/ptolemy/actor/lib/test/auto/RecursiveLattice.xml (RunModel)" time="0.007" />
  <testcase classname="ptolemy.util.test.junit.AutoTests" name="[320] /home/travis/build/icyphy/ptII/ptolemy/actor/lib/test/auto/Router.xml (RunModel)" time="3.019" />
  <testcase classname="ptolemy.util.test.junit.AutoTests" name="[321] /home/travis/build/icyphy/ptII/ptolemy/actor/lib/test/auto/Router2.xml (RunModel)" time="3.025" />
  <testcase classname="ptolemy.util.test.junit.AutoTests" name="[322] /home/travis/build/icyphy/ptII/ptolemy/actor/lib/test/auto/RunningMaximum.xml (RunModel)" time="0.009" />
  <testcase classname="ptolemy.util.test.junit.AutoTests" name="[323] /home/travis/build/icyphy/ptII/ptolemy/actor/lib/test/auto/RunningMinimum.xml (RunModel)" time="0.009" />
  <testcase classname="ptolemy.util.test.junit.AutoTests" name="[324] /home/travis/build/icyphy/ptII/ptolemy/actor/lib/test/auto/Scale.xml (RunModel)" time="0.006" />
  <testcase classname="ptolemy.util.test.junit.AutoTests" name="[325] /home/travis/build/icyphy/ptII/ptolemy/actor/lib/test/auto/Scale2.xml (RunModel)" time="0.009" />
  <testcase classname="ptolemy.util.test.junit.AutoTests" name="[326] /home/travis/build/icyphy/ptII/ptolemy/actor/lib/test/auto/Scale3.xml (RunModel)" time="0.011" />
  <testcase classname="ptolemy.util.test.junit.AutoTests" name="[327] /home/travis/build/icyphy/ptII/ptolemy/actor/lib/test/auto/ScaleArray.xml (RunModel)" time="0.007" />
  <testcase classname="ptolemy.util.test.junit.AutoTests" name="[328] /home/travis/build/icyphy/ptII/ptolemy/actor/lib/test/auto/ScaleArray2.xml (RunModel)" time="0.007" />
  <testcase classname="ptolemy.util.test.junit.AutoTests" name="[329] /home/travis/build/icyphy/ptII/ptolemy/actor/lib/test/auto/ScaleMatrix.xml (RunModel)" time="0.102" />
  <testcase classname="ptolemy.util.test.junit.AutoTests" name="[330] /home/travis/build/icyphy/ptII/ptolemy/actor/lib/test/auto/Select.xml (RunModel)" time="0.012" />
  <testcase classname="ptolemy.util.test.junit.AutoTests" name="[331] /home/travis/build/icyphy/ptII/ptolemy/actor/lib/test/auto/Select2.xml (RunModel)" time="0.008" />
  <testcase classname="ptolemy.util.test.junit.AutoTests" name="[332] /home/travis/build/icyphy/ptII/ptolemy/actor/lib/test/auto/SequenceToArray2.xml (RunModel)" time="0.13" />
  <testcase classname="ptolemy.util.test.junit.AutoTests" name="[333] /home/travis/build/icyphy/ptII/ptolemy/actor/lib/test/auto/SequentialClock.xml (RunModel)" time="0.008" />
  <testcase classname="ptolemy.util.test.junit.AutoTests" name="[334] /home/travis/build/icyphy/ptII/ptolemy/actor/lib/test/auto/SetVariable.xml (RunModel)" time="0.008" />
  <testcase classname="ptolemy.util.test.junit.AutoTests" name="[335] /home/travis/build/icyphy/ptII/ptolemy/actor/lib/test/auto/SetVariable2.xml (RunModel)" time="0.008" />
  <testcase classname="ptolemy.util.test.junit.AutoTests" name="[336] /home/travis/build/icyphy/ptII/ptolemy/actor/lib/test/auto/SetVariable3.xml (RunModel)" time="0.009" />
  <testcase classname="ptolemy.util.test.junit.AutoTests" name="[337] /home/travis/build/icyphy/ptII/ptolemy/actor/lib/test/auto/SetVariable4.xml (RunModel)" time="0.024" />
  <testcase classname="ptolemy.util.test.junit.AutoTests" name="[338] /home/travis/build/icyphy/ptII/ptolemy/actor/lib/test/auto/SetVariable5.xml (RunModel)" time="0.03" />
  <testcase classname="ptolemy.util.test.junit.AutoTests" name="[339] /home/travis/build/icyphy/ptII/ptolemy/actor/lib/test/auto/Sinewave.xml (RunModel)" time="0.023" />
  <testcase classname="ptolemy.util.test.junit.AutoTests" name="[340] /home/travis/build/icyphy/ptII/ptolemy/actor/lib/test/auto/Sinewave2.xml (RunModel)" time="0.013" />
  <testcase classname="ptolemy.util.test.junit.AutoTests" name="[341] /home/travis/build/icyphy/ptII/ptolemy/actor/lib/test/auto/Sinewave3.xml (RunModel)" time="0.014" />
  <testcase classname="ptolemy.util.test.junit.AutoTests" name="[342] /home/travis/build/icyphy/ptII/ptolemy/actor/lib/test/auto/SingleEvent.xml (RunModel)" time="0.007" />
  <testcase classname="ptolemy.util.test.junit.AutoTests" name="[343] /home/travis/build/icyphy/ptII/ptolemy/actor/lib/test/auto/Sleep.xml (RunModel)" time="6.015" />
  <testcase classname="ptolemy.util.test.junit.AutoTests" name="[344] /home/travis/build/icyphy/ptII/ptolemy/actor/lib/test/auto/SleepMultipleFire.xml (RunModel)" time="1.015" />
  <testcase classname="ptolemy.util.test.junit.AutoTests" name="[345] /home/travis/build/icyphy/ptII/ptolemy/actor/lib/test/auto/StopDE.xml (RunModel)" time="0.012" />
  <testcase classname="ptolemy.util.test.junit.AutoTests" name="[346] /home/travis/build/icyphy/ptII/ptolemy/actor/lib/test/auto/StopSDF.xml (RunModel)" time="0.01" />
  <testcase classname="ptolemy.util.test.junit.AutoTests" name="[347] /home/travis/build/icyphy/ptII/ptolemy/actor/lib/test/auto/StringConstant.xml (RunModel)" time="0.008" />
  <testcase classname="ptolemy.util.test.junit.AutoTests" name="[348] /home/travis/build/icyphy/ptII/ptolemy/actor/lib/test/auto/SubscriberPortInitialValues1.xml (RunModel)" time="0.016" />
  <testcase classname="ptolemy.util.test.junit.AutoTests" name="[349] /home/travis/build/icyphy/ptII/ptolemy/actor/lib/test/auto/SubscriberPortInitialValues13.xml (RunModel)" time="0.021" />
  <testcase classname="ptolemy.util.test.junit.AutoTests" name="[350] /home/travis/build/icyphy/ptII/ptolemy/actor/lib/test/auto/SubscriberPortInitialValues14.xml (RunModel)" time="0.013" />
  <testcase classname="ptolemy.util.test.junit.AutoTests" name="[351] /home/travis/build/icyphy/ptII/ptolemy/actor/lib/test/auto/SubscriberPortInitialValues2.xml (RunModel)" time="0.013" />
  <testcase classname="ptolemy.util.test.junit.AutoTests" name="[352] /home/travis/build/icyphy/ptII/ptolemy/actor/lib/test/auto/SubscriberPortInitialValues3.xml (RunModel)" time="0.017" />
  <testcase classname="ptolemy.util.test.junit.AutoTests" name="[353] /home/travis/build/icyphy/ptII/ptolemy/actor/lib/test/auto/SubscriptionAggregator.xml (RunModel)" time="0.01" />
  <testcase classname="ptolemy.util.test.junit.AutoTests" name="[354] /home/travis/build/icyphy/ptII/ptolemy/actor/lib/test/auto/SubscriptionAggregator2.xml (RunModel)" time="0.011" />
  <testcase classname="ptolemy.util.test.junit.AutoTests" name="[355] /home/travis/build/icyphy/ptII/ptolemy/actor/lib/test/auto/SubscriptionAggregator3.xml (RunModel)" time="0.015" />
  <testcase classname="ptolemy.util.test.junit.AutoTests" name="[356] /home/travis/build/icyphy/ptII/ptolemy/actor/lib/test/auto/SubscriptionAggregatorMultiply.xml (RunModel)" time="0.013" />
  <testcase classname="ptolemy.util.test.junit.AutoTests" name="[357] /home/travis/build/icyphy/ptII/ptolemy/actor/lib/test/auto/SubscriptionAggregatorPortMultiply1.xml (RunModel)" time="0.012" />
  <testcase classname="ptolemy.util.test.junit.AutoTests" name="[358] /home/travis/build/icyphy/ptII/ptolemy/actor/lib/test/auto/Switch.xml (RunModel)" time="0.012" />
  <testcase classname="ptolemy.util.test.junit.AutoTests" name="[359] /home/travis/build/icyphy/ptII/ptolemy/actor/lib/test/auto/Switch2.xml (RunModel)" time="0.012" />
  <testcase classname="ptolemy.util.test.junit.AutoTests" name="[360] /home/travis/build/icyphy/ptII/ptolemy/actor/lib/test/auto/SwitchDE.xml (RunModel)" time="0.011" />
  <testcase classname="ptolemy.util.test.junit.AutoTests" name="[361] /home/travis/build/icyphy/ptII/ptolemy/actor/lib/test/auto/SynchronizerDE.xml (RunModel)" time="0.016" />
  <testcase classname="ptolemy.util.test.junit.AutoTests" name="[362] /home/travis/build/icyphy/ptII/ptolemy/actor/lib/test/auto/Test.xml (RunModel)" time="0.01" />
  <testcase classname="ptolemy.util.test.junit.AutoTests" name="[363] /home/travis/build/icyphy/ptII/ptolemy/actor/lib/test/auto/TestExceptionAttribute1.xml (RunModel)" time="0.008" />
  <testcase classname="ptolemy.util.test.junit.AutoTests" name="[364] /home/travis/build/icyphy/ptII/ptolemy/actor/lib/test/auto/TestExceptionAttribute2.xml (RunModel)" time="0.007" />
  <testcase classname="ptolemy.util.test.junit.AutoTests" name="[365] /home/travis/build/icyphy/ptII/ptolemy/actor/lib/test/auto/TestExceptionAttribute3.xml (RunModel)" time="0.005" />
  <testcase classname="ptolemy.util.test.junit.AutoTests" name="[366] /home/travis/build/icyphy/ptII/ptolemy/actor/lib/test/auto/TestExceptionAttribute4.xml (RunModel)" time="0.006" />
  <testcase classname="ptolemy.util.test.junit.AutoTests" name="[367] /home/travis/build/icyphy/ptII/ptolemy/actor/lib/test/auto/TestExceptionHandler1.xml (RunModel)" time="0.006" />
  <testcase classname="ptolemy.util.test.junit.AutoTests" name="[368] /home/travis/build/icyphy/ptII/ptolemy/actor/lib/test/auto/TestExceptionHandler2.xml (RunModel)" time="0.013" />
  <testcase classname="ptolemy.util.test.junit.AutoTests" name="[369] /home/travis/build/icyphy/ptII/ptolemy/actor/lib/test/auto/TestExceptionHandler3.xml (RunModel)" time="0.02" />
  <testcase classname="ptolemy.util.test.junit.AutoTests" name="[370] /home/travis/build/icyphy/ptII/ptolemy/actor/lib/test/auto/TestExceptionHandler4.xml (RunModel)" time="0.005" />
  <testcase classname="ptolemy.util.test.junit.AutoTests" name="[371] /home/travis/build/icyphy/ptII/ptolemy/actor/lib/test/auto/TestRequireCorrectOrder.xml (RunModel)" time="0.008" />
  <testcase classname="ptolemy.util.test.junit.AutoTests" name="[372] /home/travis/build/icyphy/ptII/ptolemy/actor/lib/test/auto/TestSimple.xml (RunModel)" time="0.008" />
  <testcase classname="ptolemy.util.test.junit.AutoTests" name="[373] /home/travis/build/icyphy/ptII/ptolemy/actor/lib/test/auto/ThrowModelError.xml (RunModel)" time="0.009" />
  <testcase classname="ptolemy.util.test.junit.AutoTests" name="[374] /home/travis/build/icyphy/ptII/ptolemy/actor/lib/test/auto/TimeDelayMicrosteps.xml (RunModel)" time="0.011" />
  <testcase classname="ptolemy.util.test.junit.AutoTests" name="[375] /home/travis/build/icyphy/ptII/ptolemy/actor/lib/test/auto/TimeDelayMicrosteps2.xml (RunModel)" time="0.012" />
  <testcase classname="ptolemy.util.test.junit.AutoTests" name="[376] /home/travis/build/icyphy/ptII/ptolemy/actor/lib/test/auto/TimeDelayMicrosteps3.xml (RunModel)" time="0.017" />
  <testcase classname="ptolemy.util.test.junit.AutoTests" name="[377] /home/travis/build/icyphy/ptII/ptolemy/actor/lib/test/auto/TimeDelayVariableMicrosteps.xml (RunModel)" time="0.013" />
  <testcase classname="ptolemy.util.test.junit.AutoTests" name="[378] /home/travis/build/icyphy/ptII/ptolemy/actor/lib/test/auto/TimeGap.xml (RunModel)" time="0.032" />
  <testcase classname="ptolemy.util.test.junit.AutoTests" name="[379] /home/travis/build/icyphy/ptII/ptolemy/actor/lib/test/auto/TimeGap2.xml (RunModel)" time="0.01" />
  <testcase classname="ptolemy.util.test.junit.AutoTests" name="[380] /home/travis/build/icyphy/ptII/ptolemy/actor/lib/test/auto/TimedSinewave.xml (RunModel)" time="0.064" />
  <testcase classname="ptolemy.util.test.junit.AutoTests" name="[381] /home/travis/build/icyphy/ptII/ptolemy/actor/lib/test/auto/TimedSinewavePhase.xml (RunModel)" time="0.026" />
  <testcase classname="ptolemy.util.test.junit.AutoTests" name="[382] /home/travis/build/icyphy/ptII/ptolemy/actor/lib/test/auto/Timer.xml (RunModel)" time="0.014" />
  <testcase classname="ptolemy.util.test.junit.AutoTests" name="[383] /home/travis/build/icyphy/ptII/ptolemy/actor/lib/test/auto/TriangularDistTestModel.xml (RunModel)" time="0.013" />
  <testcase classname="ptolemy.util.test.junit.AutoTests" name="[384] /home/travis/build/icyphy/ptII/ptolemy/actor/lib/test/auto/TrigFunction.xml (RunModel)" time="0.008" />
  <testcase classname="ptolemy.util.test.junit.AutoTests" name="[385] /home/travis/build/icyphy/ptII/ptolemy/actor/lib/test/auto/TrigFunctionDE.xml (RunModel)" time="0.011" />
  <testcase classname="ptolemy.util.test.junit.AutoTests" name="[386] /home/travis/build/icyphy/ptII/ptolemy/actor/lib/test/auto/TrigFunctionInverse.xml (RunModel)" time="0.008" />
  <testcase classname="ptolemy.util.test.junit.AutoTests" name="[387] /home/travis/build/icyphy/ptII/ptolemy/actor/lib/test/auto/TrigFunctionTan.xml (RunModel)" time="0.006" />
  <testcase classname="ptolemy.util.test.junit.AutoTests" name="[388] /home/travis/build/icyphy/ptII/ptolemy/actor/lib/test/auto/TriggeredClock.xml (RunModel)" time="0.007" />
  <testcase classname="ptolemy.util.test.junit.AutoTests" name="[389] /home/travis/build/icyphy/ptII/ptolemy/actor/lib/test/auto/URLDirectoryReader.xml (RunModel)" time="0.1" />
  <testcase classname="ptolemy.util.test.junit.AutoTests" name="[390] /home/travis/build/icyphy/ptII/ptolemy/actor/lib/test/auto/URLDirectoryReader3.xml (RunModel)" time="1.619" />
  <testcase classname="ptolemy.util.test.junit.AutoTests" name="[391] /home/travis/build/icyphy/ptII/ptolemy/actor/lib/test/auto/UnaryMathFunction.xml (RunModel)" time="0.017" />
  <testcase classname="ptolemy.util.test.junit.AutoTests" name="[392] /home/travis/build/icyphy/ptII/ptolemy/actor/lib/test/auto/Uniform.xml (RunModel)" time="0.027" />
  <testcase classname="ptolemy.util.test.junit.AutoTests" name="[393] /home/travis/build/icyphy/ptII/ptolemy/actor/lib/test/auto/UnionDisassemblerTest.xml (RunModel)" time="0.007" />
  <testcase classname="ptolemy.util.test.junit.AutoTests" name="[394] /home/travis/build/icyphy/ptII/ptolemy/actor/lib/test/auto/UtilityFunctions.xml (RunModel)" time="0.006" />
  <testcase classname="ptolemy.util.test.junit.AutoTests" name="[395] /home/travis/build/icyphy/ptII/ptolemy/actor/lib/test/auto/VariableSleep.xml (RunModel)" time="0.511" />
  <testcase classname="ptolemy.util.test.junit.AutoTests" name="[396] /home/travis/build/icyphy/ptII/ptolemy/actor/lib/test/auto/VectorAssemblerDisassemblerCT.xml (RunModel)" time="0.105" />
  <testcase classname="ptolemy.util.test.junit.AutoTests" name="[397] /home/travis/build/icyphy/ptII/ptolemy/actor/lib/test/auto/VectorAssemblerDisassemblerDE.xml (RunModel)" time="0.014" />
  <testcase classname="ptolemy.util.test.junit.AutoTests" name="[398] /home/travis/build/icyphy/ptII/ptolemy/actor/lib/test/auto/VectorAssemblerDisassemblerSDF.xml (RunModel)" time="0.012" />
  <testcase classname="ptolemy.util.test.junit.AutoTests" name="[399] /home/travis/build/icyphy/ptII/ptolemy/actor/lib/test/auto/WallClockTime.xml (RunModel)" time="1.014" />
  <testcase classname="ptolemy.util.test.junit.AutoTests" name="[400] /home/travis/build/icyphy/ptII/ptolemy/actor/lib/test/auto/WidthTestWithSubscriberPublisher.xml (RunModel)" time="0.039" />
  <testcase classname="ptolemy.util.test.junit.AutoTests" name="[401] /home/travis/build/icyphy/ptII/ptolemy/actor/lib/test/auto/WidthTestWithSubscriberPublisher2.xml (RunModel)" time="0.012" />
  <testcase classname="ptolemy.util.test.junit.AutoTests" name="[402] /home/travis/build/icyphy/ptII/ptolemy/actor/lib/test/auto/WidthTestWithSubscriberPublisher3.xml (RunModel)" time="0.009" />
  <testcase classname="ptolemy.util.test.junit.AutoTests" name="[403] /home/travis/build/icyphy/ptII/ptolemy/actor/lib/test/auto/Writer.xml (RunModel)" time="0.007" />
  <testcase classname="ptolemy.util.test.junit.AutoTests" name="[404] /home/travis/build/icyphy/ptII/ptolemy/actor/lib/test/auto/array.xml (RunModel)" time="0.008" />
  <testcase classname="ptolemy.util.test.junit.AutoTests" name="[405] /home/travis/build/icyphy/ptII/ptolemy/actor/lib/test/auto/array2.xml (RunModel)" time="0.012" />
  <testcase classname="ptolemy.util.test.junit.AutoTests" name="[406] /home/travis/build/icyphy/ptII/ptolemy/actor/lib/test/auto/arrayType.xml (RunModel)" time="0.01" />
  <testcase classname="ptolemy.util.test.junit.AutoTests" name="[407] /home/travis/build/icyphy/ptII/ptolemy/actor/lib/test/auto/arrayType10.xml (RunModel)" time="0.007" />
  <testcase classname="ptolemy.util.test.junit.AutoTests" name="[408] /home/travis/build/icyphy/ptII/ptolemy/actor/lib/test/auto/arrayType11.xml (RunModel)" time="0.008" />
  <testcase classname="ptolemy.util.test.junit.AutoTests" name="[409] /home/travis/build/icyphy/ptII/ptolemy/actor/lib/test/auto/arrayType12.xml (RunModel)" time="0.008" />
  <testcase classname="ptolemy.util.test.junit.AutoTests" name="[410] /home/travis/build/icyphy/ptII/ptolemy/actor/lib/test/auto/arrayType13.xml (RunModel)" time="0.009" />
  <testcase classname="ptolemy.util.test.junit.AutoTests" name="[411] /home/travis/build/icyphy/ptII/ptolemy/actor/lib/test/auto/arrayType14.xml (RunModel)" time="0.008" />
  <testcase classname="ptolemy.util.test.junit.AutoTests" name="[412] /home/travis/build/icyphy/ptII/ptolemy/actor/lib/test/auto/arrayType15.xml (RunModel)" time="0.007" />
  <testcase classname="ptolemy.util.test.junit.AutoTests" name="[413] /home/travis/build/icyphy/ptII/ptolemy/actor/lib/test/auto/arrayType16.xml (RunModel)" time="0.008" />
  <testcase classname="ptolemy.util.test.junit.AutoTests" name="[414] /home/travis/build/icyphy/ptII/ptolemy/actor/lib/test/auto/arrayType17.xml (RunModel)" time="0.008" />
  <testcase classname="ptolemy.util.test.junit.AutoTests" name="[415] /home/travis/build/icyphy/ptII/ptolemy/actor/lib/test/auto/arrayType18.xml (RunModel)" time="0.007" />
  <testcase classname="ptolemy.util.test.junit.AutoTests" name="[416] /home/travis/build/icyphy/ptII/ptolemy/actor/lib/test/auto/arrayType19.xml (RunModel)" time="0.007" />
  <testcase classname="ptolemy.util.test.junit.AutoTests" name="[417] /home/travis/build/icyphy/ptII/ptolemy/actor/lib/test/auto/arrayType2.xml (RunModel)" time="0.008" />
  <testcase classname="ptolemy.util.test.junit.AutoTests" name="[418] /home/travis/build/icyphy/ptII/ptolemy/actor/lib/test/auto/arrayType20.xml (RunModel)" time="0.008" />
  <testcase classname="ptolemy.util.test.junit.AutoTests" name="[419] /home/travis/build/icyphy/ptII/ptolemy/actor/lib/test/auto/arrayType21.xml (RunModel)" time="0.007" />
  <testcase classname="ptolemy.util.test.junit.AutoTests" name="[420] /home/travis/build/icyphy/ptII/ptolemy/actor/lib/test/auto/arrayType22.xml (RunModel)" time="0.008" />
  <testcase classname="ptolemy.util.test.junit.AutoTests" name="[421] /home/travis/build/icyphy/ptII/ptolemy/actor/lib/test/auto/arrayType23.xml (RunModel)" time="0.008" />
  <testcase classname="ptolemy.util.test.junit.AutoTests" name="[422] /home/travis/build/icyphy/ptII/ptolemy/actor/lib/test/auto/arrayType24.xml (RunModel)" time="0.008" />
  <testcase classname="ptolemy.util.test.junit.AutoTests" name="[423] /home/travis/build/icyphy/ptII/ptolemy/actor/lib/test/auto/arrayType25.xml (RunModel)" time="0.008" />
  <testcase classname="ptolemy.util.test.junit.AutoTests" name="[424] /home/travis/build/icyphy/ptII/ptolemy/actor/lib/test/auto/arrayType26.xml (RunModel)" time="0.008" />
  <testcase classname="ptolemy.util.test.junit.AutoTests" name="[425] /home/travis/build/icyphy/ptII/ptolemy/actor/lib/test/auto/arrayType27.xml (RunModel)" time="0.008" />
  <testcase classname="ptolemy.util.test.junit.AutoTests" name="[426] /home/travis/build/icyphy/ptII/ptolemy/actor/lib/test/auto/arrayType28.xml (RunModel)" time="0.008" />
  <testcase classname="ptolemy.util.test.junit.AutoTests" name="[427] /home/travis/build/icyphy/ptII/ptolemy/actor/lib/test/auto/arrayType3.xml (RunModel)" time="0.009" />
  <testcase classname="ptolemy.util.test.junit.AutoTests" name="[428] /home/travis/build/icyphy/ptII/ptolemy/actor/lib/test/auto/arrayType4.xml (RunModel)" time="0.008" />
  <testcase classname="ptolemy.util.test.junit.AutoTests" name="[429] /home/travis/build/icyphy/ptII/ptolemy/actor/lib/test/auto/arrayType5.xml (RunModel)" time="0.01" />
  <testcase classname="ptolemy.util.test.junit.AutoTests" name="[430] /home/travis/build/icyphy/ptII/ptolemy/actor/lib/test/auto/arrayType6.xml (RunModel)" time="0.008" />
  <testcase classname="ptolemy.util.test.junit.AutoTests" name="[431] /home/travis/build/icyphy/ptII/ptolemy/actor/lib/test/auto/arrayType7.xml (RunModel)" time="0.008" />
  <testcase classname="ptolemy.util.test.junit.AutoTests" name="[432] /home/travis/build/icyphy/ptII/ptolemy/actor/lib/test/auto/arrayType8.xml (RunModel)" time="0.009" />
  <testcase classname="ptolemy.util.test.junit.AutoTests" name="[433] /home/travis/build/icyphy/ptII/ptolemy/actor/lib/test/auto/arrayType9.xml (RunModel)" time="0.009" />
  <testcase classname="ptolemy.util.test.junit.AutoTests" name="[434] /home/travis/build/icyphy/ptII/ptolemy/actor/lib/test/auto/cast.xml (RunModel)" time="0.008" />
  <testcase classname="ptolemy.util.test.junit.AutoTests" name="[435] /home/travis/build/icyphy/ptII/ptolemy/actor/lib/test/auto/compositeMultiPort.xml (RunModel)" time="0.016" />
  <testcase classname="ptolemy.util.test.junit.AutoTests" name="[436] /home/travis/build/icyphy/ptII/ptolemy/actor/lib/test/auto/expressionCastInference.xml (RunModel)" time="0.007" />
  <testcase classname="ptolemy.util.test.junit.AutoTests" name="[437] /home/travis/build/icyphy/ptII/ptolemy/actor/lib/test/auto/expressionCastInference2.xml (RunModel)" time="0.007" />
  <testcase classname="ptolemy.util.test.junit.AutoTests" name="[438] /home/travis/build/icyphy/ptII/ptolemy/actor/lib/test/auto/expressionInference.xml (RunModel)" time="0.006" />
  <testcase classname="ptolemy.util.test.junit.AutoTests" name="[439] /home/travis/build/icyphy/ptII/ptolemy/actor/lib/test/auto/expression_bug.xml (RunModel)" time="0.006" />
  <testcase classname="ptolemy.util.test.junit.AutoTests" name="[440] /home/travis/build/icyphy/ptII/ptolemy/actor/lib/test/auto/factorial.xml (RunModel)" time="0.034" />
  <testcase classname="ptolemy.util.test.junit.AutoTests" name="[441] /home/travis/build/icyphy/ptII/ptolemy/actor/lib/test/auto/filterTest1.xml (RunModel)" time="0.015" />
  <testcase classname="ptolemy.util.test.junit.AutoTests" name="[442] /home/travis/build/icyphy/ptII/ptolemy/actor/lib/test/auto/funcApplyInConst.xml (RunModel)" time="0.005" />
  <testcase classname="ptolemy.util.test.junit.AutoTests" name="[443] /home/travis/build/icyphy/ptII/ptolemy/actor/lib/test/auto/funcApplyInExpr.xml (RunModel)" time="0.004" />
  <testcase classname="ptolemy.util.test.junit.AutoTests" name="[444] /home/travis/build/icyphy/ptII/ptolemy/actor/lib/test/auto/function.xml (RunModel)" time="0.01" />
  <testcase classname="ptolemy.util.test.junit.AutoTests" name="[445] /home/travis/build/icyphy/ptII/ptolemy/actor/lib/test/auto/function2.xml (RunModel)" time="0.009" />
  <testcase classname="ptolemy.util.test.junit.AutoTests" name="[446] /home/travis/build/icyphy/ptII/ptolemy/actor/lib/test/auto/function3.xml (RunModel)" time="0.006" />
  <testcase classname="ptolemy.util.test.junit.AutoTests" name="[447] /home/travis/build/icyphy/ptII/ptolemy/actor/lib/test/auto/functionClosureTest1.xml (RunModel)" time="0.009" />
  <testcase classname="ptolemy.util.test.junit.AutoTests" name="[448] /home/travis/build/icyphy/ptII/ptolemy/actor/lib/test/auto/functionClosureTest2.xml (RunModel)" time="0.006" />
  <testcase classname="ptolemy.util.test.junit.AutoTests" name="[449] /home/travis/build/icyphy/ptII/ptolemy/actor/lib/test/auto/functionClosureTest3.xml (RunModel)" time="0.009" />
  <testcase classname="ptolemy.util.test.junit.AutoTests" name="[450] /home/travis/build/icyphy/ptII/ptolemy/actor/lib/test/auto/functionClosureTest4.xml (RunModel)" time="0.015" />
  <testcase classname="ptolemy.util.test.junit.AutoTests" name="[451] /home/travis/build/icyphy/ptII/ptolemy/actor/lib/test/auto/functionClosureTest5.xml (RunModel)" time="0.011" />
  <testcase classname="ptolemy.util.test.junit.AutoTests" name="[452] /home/travis/build/icyphy/ptII/ptolemy/actor/lib/test/auto/functionClosureTest6.xml (RunModel)" time="0.006" />
  <testcase classname="ptolemy.util.test.junit.AutoTests" name="[453] /home/travis/build/icyphy/ptII/ptolemy/actor/lib/test/auto/functionsOnArcs.xml (RunModel)" time="0.009" />
  <testcase classname="ptolemy.util.test.junit.AutoTests" name="[454] /home/travis/build/icyphy/ptII/ptolemy/actor/lib/test/auto/functionsOnArcsHOF.xml (RunModel)" time="0.014" />
  <testcase classname="ptolemy.util.test.junit.AutoTests" name="[455] /home/travis/build/icyphy/ptII/ptolemy/actor/lib/test/auto/logic.xml (RunModel)" time="0.014" />
  <testcase classname="ptolemy.util.test.junit.AutoTests" name="[456] /home/travis/build/icyphy/ptII/ptolemy/actor/lib/test/auto/matrixType.xml (RunModel)" time="0.008" />
  <testcase classname="ptolemy.util.test.junit.AutoTests" name="[457] /home/travis/build/icyphy/ptII/ptolemy/actor/lib/test/auto/matrixType10.xml (RunModel)" time="0.007" />
  <testcase classname="ptolemy.util.test.junit.AutoTests" name="[458] /home/travis/build/icyphy/ptII/ptolemy/actor/lib/test/auto/matrixType11.xml (RunModel)" time="0.006" />
  <testcase classname="ptolemy.util.test.junit.AutoTests" name="[459] /home/travis/build/icyphy/ptII/ptolemy/actor/lib/test/auto/matrixType12.xml (RunModel)" time="0.008" />
  <testcase classname="ptolemy.util.test.junit.AutoTests" name="[460] /home/travis/build/icyphy/ptII/ptolemy/actor/lib/test/auto/matrixType13.xml (RunModel)" time="0.006" />
  <testcase classname="ptolemy.util.test.junit.AutoTests" name="[461] /home/travis/build/icyphy/ptII/ptolemy/actor/lib/test/auto/matrixType14.xml (RunModel)" time="0.008" />
  <testcase classname="ptolemy.util.test.junit.AutoTests" name="[462] /home/travis/build/icyphy/ptII/ptolemy/actor/lib/test/auto/matrixType2.xml (RunModel)" time="0.007" />
  <testcase classname="ptolemy.util.test.junit.AutoTests" name="[463] /home/travis/build/icyphy/ptII/ptolemy/actor/lib/test/auto/matrixType3.xml (RunModel)" time="0.01" />
  <testcase classname="ptolemy.util.test.junit.AutoTests" name="[464] /home/travis/build/icyphy/ptII/ptolemy/actor/lib/test/auto/matrixType4.xml (RunModel)" time="0.007" />
  <testcase classname="ptolemy.util.test.junit.AutoTests" name="[465] /home/travis/build/icyphy/ptII/ptolemy/actor/lib/test/auto/matrixType5.xml (RunModel)" time="0.006" />
  <testcase classname="ptolemy.util.test.junit.AutoTests" name="[466] /home/travis/build/icyphy/ptII/ptolemy/actor/lib/test/auto/matrixType6.xml (RunModel)" time="0.006" />
  <testcase classname="ptolemy.util.test.junit.AutoTests" name="[467] /home/travis/build/icyphy/ptII/ptolemy/actor/lib/test/auto/matrixType7.xml (RunModel)" time="0.01" />
  <testcase classname="ptolemy.util.test.junit.AutoTests" name="[468] /home/travis/build/icyphy/ptII/ptolemy/actor/lib/test/auto/matrixType8.xml (RunModel)" time="0.009" />
  <testcase classname="ptolemy.util.test.junit.AutoTests" name="[469] /home/travis/build/icyphy/ptII/ptolemy/actor/lib/test/auto/matrixType9.xml (RunModel)" time="0.008" />
  <testcase classname="ptolemy.util.test.junit.AutoTests" name="[470] /home/travis/build/icyphy/ptII/ptolemy/actor/lib/test/auto/paraFunctest.xml (RunModel)" time="0.009" />
  <testcase classname="ptolemy.util.test.junit.AutoTests" name="[471] /home/travis/build/icyphy/ptII/ptolemy/actor/lib/test/auto/paraFunctest2.xml (RunModel)" time="0.007" />
  <testcase classname="ptolemy.util.test.junit.AutoTests" name="[472] /home/travis/build/icyphy/ptII/ptolemy/actor/lib/test/auto/parameterPassing.xml (RunModel)" time="0.008" />
  <testcase classname="ptolemy.util.test.junit.AutoTests" name="[473] /home/travis/build/icyphy/ptII/ptolemy/actor/lib/test/auto/record.xml (RunModel)" time="0.009" />
  <testcase classname="ptolemy.util.test.junit.AutoTests" name="[474] /home/travis/build/icyphy/ptII/ptolemy/actor/lib/test/auto/sizedarray1.xml (RunModel)" time="0.009" />
  <testcase classname="ptolemy.util.test.junit.AutoTests" name="[475] /home/travis/build/icyphy/ptII/ptolemy/actor/lib/test/auto/sizedarray2.xml (RunModel)" time="0.009" />
  <testcase classname="ptolemy.util.test.junit.AutoTests" name="[476] /home/travis/build/icyphy/ptII/ptolemy/actor/lib/test/auto/twoPublishers.xml (RunModel)" time="0.02" />
  <system-out><![CDATA[/home/travis/build/icyphy/ptII/ptolemy/actor/lib/test/AbsoluteValue.tcl
testDefs.tcl: setting time out to 9000 seconds at Fri Jun 08 20:26:23 UTC 2018
82 ms. Memory: 116224K Free: 107891K (93%)
4 ms. Memory: 116224K Free: 106704K (92%)
4 ms. Memory: 116224K Free: 106099K (91%)
3 ms. Memory: 116224K Free: 104905K (90%)
/home/travis/build/icyphy/ptII/ptolemy/actor/lib/test/AddSubtract.tcl
7 ms. Memory: 116224K Free: 103097K (89%)
4 ms. Memory: 116224K Free: 102492K (88%)
4 ms. Memory: 116224K Free: 101297K (87%)
5 ms. Memory: 116224K Free: 100708K (87%)
5 ms. Memory: 116224K Free: 100079K (86%)
4 ms. Memory: 116224K Free: 99473K (86%)
/home/travis/build/icyphy/ptII/ptolemy/actor/lib/test/Average.tcl
5 ms. Memory: 116224K Free: 97673K (84%)
5 ms. Memory: 116224K Free: 96479K (83%)
/home/travis/build/icyphy/ptII/ptolemy/actor/lib/test/Bernoulli.tcl
3 ms. Memory: 116224K Free: 94687K (81%)
2 ms. Memory: 116224K Free: 94098K (81%)
/home/travis/build/icyphy/ptII/ptolemy/actor/lib/test/Clock.tcl
preinitializing
resolving types
initializing
executing number 1
wrapping up
idle
19 ms. Memory: 116224K Free: 91693K (79%)
Completed execution with 5 iterations
preinitializing
resolving types
initializing
executing number 1
wrapping up
idle
3 ms. Memory: 116224K Free: 91103K (78%)
Completed execution with 5 iterations
preinitializing
resolving types
initializing
executing number 1
wrapping up
idle
3 ms. Memory: 116224K Free: 90490K (78%)
Completed execution with 5 iterations
/home/travis/build/icyphy/ptII/ptolemy/actor/lib/test/Commutator.tcl
7 ms. Memory: 116224K Free: 88722K (76%)
5 ms. Memory: 116224K Free: 87528K (75%)
7 ms. Memory: 116224K Free: 82562K (71%)
/home/travis/build/icyphy/ptII/ptolemy/actor/lib/test/Const.tcl
3 ms. Memory: 116224K Free: 81105K (70%)
17 ms. Memory: 146944K Free: 139903K (95%)
2 ms. Memory: 146944K Free: 139903K (95%)
2 ms. Memory: 146944K Free: 138691K (94%)
1 ms. Memory: 146944K Free: 138691K (94%)
20 ms. Memory: 146944K Free: 136299K (93%)
3 ms. Memory: 146944K Free: 136299K (93%)
7 ms. Memory: 146944K Free: 135103K (92%)
/home/travis/build/icyphy/ptII/ptolemy/actor/lib/test/CurrentTime.tcl
preinitializing
resolving types
initializing
executing number 1
wrapping up
idle
15 ms. Memory: 146944K Free: 132695K (90%)
Completed execution with 11 iterations
/home/travis/build/icyphy/ptII/ptolemy/actor/lib/test/DB.tcl
3 ms. Memory: 146944K Free: 131498K (89%)
1 ms. Memory: 146944K Free: 130302K (89%)
1 ms. Memory: 146944K Free: 130302K (89%)
/home/travis/build/icyphy/ptII/ptolemy/actor/lib/test/DiscreteRandomSource.tcl
preinitializing
resolving types
initializing
executing number 1
wrapping up
idle
3 ms. Memory: 146944K Free: 129106K (88%)
Completed execution with 4 iterations
preinitializing
resolving types
initializing
executing number 1
wrapping up
idle
4 ms. Memory: 146944K Free: 127910K (87%)
Completed execution with 4 iterations
preinitializing
resolving types
initializing
executing number 1
wrapping up
idle
5 ms. Memory: 146944K Free: 127910K (87%)
Completed execution with 4 iterations
preinitializing
resolving types
initializing
executing number 1
wrapping up
idle
3 ms. Memory: 146944K Free: 126706K (86%)
Completed execution with 4 iterations
preinitializing
resolving types
initializing
executing number 1
wrapping up
idle
3 ms. Memory: 146944K Free: 126706K (86%)
Completed execution with 4 iterations
/home/travis/build/icyphy/ptII/ptolemy/actor/lib/test/Distributor.tcl
4 ms. Memory: 146944K Free: 125510K (85%)
3 ms. Memory: 146944K Free: 124314K (85%)
StreamChangeRequest.changeExecuted(): <deleteEntity name="rec2"/> succeeded
StreamChangeRequest.changeExecuted(): <deleteRelation name="r2"/> succeeded
StreamChangeRequest.changeExecuted(): Record firings per iteration succeeded
4 ms. Memory: 146944K Free: 121906K (83%)
/home/travis/build/icyphy/ptII/ptolemy/actor/lib/test/Exit.tcl
Exit.tcl: this will print a message about Manager.exitAfterWrapup, which can be ignored.
3 ms. Memory: 146944K Free: 118899K (81%)
/home/travis/build/icyphy/ptII/ptolemy/actor/lib/test/Expression.tcl
11 ms. Memory: 146944K Free: 115262K (78%)
3 ms. Memory: 146944K Free: 115262K (78%)
2 ms. Memory: 146944K Free: 114066K (78%)
preinitializing
resolving types
initializing
executing number 1
wrapping up
idle
4 ms. Memory: 146944K Free: 111625K (76%)
Completed execution with 6 iterations
8 ms. Memory: 146944K Free: 110413K (75%)
2 ms. Memory: 146944K Free: 109217K (74%)
15 ms. Memory: 146944K Free: 108005K (74%)
6 ms. Memory: 146944K Free: 106809K (73%)
8 ms. Memory: 146944K Free: 105605K (72%)
/home/travis/build/icyphy/ptII/ptolemy/actor/lib/test/Gaussian.tcl
6 ms. Memory: 146944K Free: 104393K (71%)
sleeping 1 seconds: .........................................................................................................................................................................................................................................................................................................................................................................................................................................................................................................................................................................................................................................................................................................................................................................................................................................................................................................................................................................................................................................................................................................................................................................................................................................................................................................................................................................................................................................................................................................................................................................................................................................................................................................................................................................................................................................................................................................................................................................................................................................................................................................................................................................................................................................................................................................................................................................................................................................................................................................................................................................................................................................................................................................................................................................................................................................................................................................................................................................................................................................................................................................................................................................................................................................................................................................................................................................................................................................................................................................................................................................................................................................................................................................................................................................................................................................................................................................................................................................................................................................................................................................................................................................................................................................................................................................................................................................................................................................................................................................................................................................................................................................................................................................................................................................................................................................................................................................................................................................................................................................................................................................................................................................................................................................................................................................................................................................................................................................................................................................................................................................................................................................................................................................................................................................................................................................................................................................................................................................................................................................................................................................................................................................................................................................................................................................................................................................................................................................................................................................................................................................................................................................................................................................................................................................................................................................................................................................................................................................................................................................................................................................................................................................................................................................................................................................................................................................................................................................................................................................................................................................................................................................................................................................................................................................................................................................................................................................................................................................................................................................................................................................................................................................................................................................................................................................................................................................................................................................................................................................................................................................................................................................................................................................................................................................................................................................................................................................................................................................................................................................................................................................................................................................................................................................................................................................................................................................................................................................................................................................................................................................................................................................................................................................................................................................................................................................................................................................................................................................................................................................................................................................................................................................................................................................................................................................................................................................................................................................................................................................................................................................................................................................................................................................................................................................................................................................................................................................................................................................................................................................................................................................................................................................................................................................................................................................................................................................................................................................................................................................................................................................................................................................................................................................................................................................................................................................................................................................................................................................................................................................................................................................................................................................................................................................................................................................................................................................................................................................................................................................................................................................................................................................................................................................................................................................................................................................................................................................................................................................................................................................................................................................................................................................................................................................................................................................................................................................................................................................................................................................................................................................................................................................................................................................................................................................................................................................................................................................................................................................................................................................................................................................................................................................................................................................................................................................................................................................................................................................................................................................................................................................................................................................................................................................................................................................................................................................................................................................................................................................................................................................................................................................................................................................................................................................................................................................................................................................................................................................................................................................................................................................................................................................................................................................................................................................................................................................................................................................................................................................................................................................................................................................................................................................................................................................................................................................................................................................................................................................................................................................................................................................................................................................................................................................................................................................................................................................................................................................................................................................................................................................................................................................................................................................................................................................................................................................................................................................................................................................................................................................................................................................................................................................................................................................................................................................................................................................................................................................................................................................................................................................................................................................................................................................................................................................................................................................................................................................................................................................................................................................................................................................................................................................................................................................................................................................................................................................................................................................................................................................................................................................................................................................................................................................................................................................................................................................................................................................................................................................................................................................................................................................................................................................................................................................................................................................................................................................................................................................................................................................................................................................................................................................................................................................................................................................................................................................................................................................................................................................................................................................................................................................................................................................................................................................................................................................................................................................................................................................................................................................................................................................................................................................................................................................................................................................................................................................................................................................................................................................................................................................................................................................................................................................................................................................................................................................................................................................................................................................................................................................................................................................................................................................................................................................................................................................................................................................................................................................................................................................................................................................................................................................................................................................................................................................................................................................................................................................................................................................................................................................................................................................................................................................................................................................................................................................................................................................................................................................................................................................................................................................................................................................................................................................................................................................................................................................................................................................................................................................................................................................................................................................................................................................................................................................................................................................................................................................................................................................................................................................................................................................................................................................................................................................................................................................................................................................................................................................................................................................................................................................................................................................................................................................................................................................................................................................................................................................................................................................................................................................................................................................................................................................................................................................................................................................................................................................................................................................................................................................................................................................................................................................................................................................................................................................................................................................................................................................................................................................................................................................................................................................................................................................................................................................................................................................................................................................................................................................................................................................................................................................................................................................................................................................................................................................................................................................................................................................................................................................................................................................................................................................................................................................................................................................................................................................................................................................................................................................................................................................................................................................................................................................................................................................................................................................................................................................................................................................................................................................................................................................................................................................................................................................................................................................................................................................................................................................................................................................................................................................................................................................................................................................................................................................................................................................................................................................................................................................................................................................................................................................................................................................................................................................................................................................................................................................................................................................................................................................................................................................................................................................................................................................................................................................................................................................................................................................................................................................................................................................................................................................................................................................................................................................................................................................................................................................................................................................................................................................................................................................................................................................................................................................................................................................................................................................................................................................................................................................................................................................................................................................................................................................................................................................................................................................................................................................................................................................................................................................................................................................................................................................................................................................................................................................................................................................................................................................................................................................................................................................................................................................................................................................................................................................................................................................................................................................................................................................................................................................................................................................................................................................................................................................................................................................................................................................................................................................................................................................................................................................................................................................................................................................................................................................................................................................................................................................................................................................................................................................................................................................................................................................................................................................................................................................................................................................................................................................................................................................................................................................................................................................................................................................................................................................................................................................................................................................................................................................................................................................................................................................................................................................................................................................................................................................................................................................................................................................................................................................................................................................................................................................................................................................................................................................................................................................................................................................................................................................................................................................................................................................................................................................................................................................................................................................................................................................................................................................................................................................................................................................................................................................................................................................................................................................................................................................................................................................................................................................................................................................................................................................................................................................................................................................................................................................................................................................................................................................................................................................................................................................................................................................................................................................................................................................................................................................................................................................................................................................................................................................................................................................................................................................................................................................................................................................................................................................................................................................................................................................................................................................................................................................................................................................................................................................................................................................................................................................................................................................................................................................................................................................................................................................................................................................................................................................................................................................................................................................................................................................................................................................................................................................................................................................................................................................................................................................................................................................................................................................................................................................................................................................................................................................................................................................................................................................................................................................................................................................................................................................................................................................................................................................................................................................................................................................................................................................................................................................................................................................................................................................................................................................................................................................................................................................................................................................................................................................................................................................................................................................................................................................................................................................................................................................................................................................................................................................................................................................................................................................................................................................................................................................................................................................................................................................................................................................................................................................................................................................................................................................................................................................................................................................................................................................................................................................................................................................................................................................................................................................................................................................................................................................................................................................................................................................................................................................................................................................................................................................................................................................................................................................................................................................................................................................................................................................................................................................................................................................................................................................................................................................................................................................................................................................................................................................................................................................................................................................................................................................................................................................................................................................................................................................................................................................................................................................................................................................................................................................................................................................................................................................................................................................................................................................................................................................................................................................................................................................................................................................................................................................................................................................................................................................................................................................................................................................................................................................................................................................................................................................................................................................................................................................................................................................................................................................................................................................................................................................................................................................................................................................................................................................................................................................................................................................................................................................................................................................................................................................................................................................................................................................................................................................................................................................................................................................................................................................................................................................................................................................................................................................................................................................................................................................................................................................................................................................................................................................................................................................................................................................................................................................................................................................................................................................................................................................................................................................................................................................................................................................................................................................................................................................................................................................................................................................................................................................................................................................................................................................................................................................................................................................................................................................................................................................................................................................................................................................................................................................................................................................................................................................................................................................................................................................................................................................................................................................................................................................................................................................................................................................................................................................................................................................................................................................................................................................................................................................................................................................................................................................................................................................................................................................................................................................................................................................................................................................................................................................................................................................................................................................................................................................................................................................................................................................................................................................................................................................................................................................................................................................................................................................................................................................................................................................................................................................................................................................................................................................................................................................................................................................................................................................................................................................................................................................................................................................................................................................................................................................................................................................................................................................................................................................................................................................................................................................................................................................................................................................................................................................................................................................................................................................................................................................................................................................................................................................................................................................................................................................................................................................................................................................................................................................................................................................................................................................................................................................................................................................................................................................................................................................................................................................................................................................................................................................................................................................................................................................................................................................................................................................................................................................................................................................................................................................................................................................................................................................................................................................................................................................................................................................................................................................................................................................................................................................................................................................................................................................................................................................................................................................................................................................................................................................................................................................................................................................................................................................................................................................................................................................................................................................................................................................................................................................................................................................................................................................................................................................................................................................................................................................................................................................................................................................................................................................................................................................................................................................................................................................................................................................................................................................................................................................................................................................................................................................................................................................................................................................................................................................................................................................................................................................................................................................................................................................................................................................................................................................................................................................................................................................................................................................................................................................................................................................................................................................................................................................................................................................................................................................................................................................................................................................................................................................................................................................................................................................................................................................................................................................................................................................................................................................................................................................................................................................................................................................................................................................................................................................................................................................................................................................................................................................................................................................................................................................................................................................................................................................................................................................................................................................................................................................................................................................................................................................................................................................................................................................................................................................................................................................................................................................................................................................................................................................................................................................................................................................................................................................................................................................................................................................................................................................................................................................................................................................................................................................................................................................................................................................................................................................................................................................................................................................................................................................................................................................................................................................................................................................................................................................................................................................................................................................................................................................................................................................................................................................................................................................................................................................................................................................................................................................................................................................................................................................................................................................................................................................................................................................................................................................................................................................................................................................................................................................................................................................................................................................................................................................................................................................................................................................................................................................................................................................................................................................................................................................................................................................................................................................................................................................................................................................................................................................................................................................................................................................................................................................................................................................................................................................................................................................................................................................................................................................................................................................................................................................................................................................................................................................................................................................................................................................................................................................................................................................................................................................................................................................................................................................................................................................................................................................................................................................................................................................................................................................................................................................................................................................................................................................................................................................................................................................................................................................................................................................................................................................................................................................................................................................................................................................................................................................................................................................................................................................................................................................................................................................................................................................................................................................................................................................................................................................................................................................................................................................................................................................................................................................................................................................................................................................................................................................................................................................................................................................................................................................................................................................................................................................................................................................................................................................................................................................................................................................................................................................................................................................................................................................................................................................................................................................................................................................................................................................................................................................................................................................................................................................................................................................................................................................................................................................................................................................................................................................................................................................................................................................................................................................................................................................................................................................................................................................................................................................................................................................................................................................................................................................................................................................................................................................................................................................................................................................................................................................................................................................................................................................................................................................................................................................................................................................................................................................................................................................................................................................................................................................................................................................................................................................................................................................................................................................................................................................................................................................................................................................................................................................................................................................................................................................................................................................................................................................................................................................................................................................................................................................................................................................................................................................................................................................................................................................................................................................................................................................................................................................................................................................................................................................................................................................................................................................................................................................................................................................................................................................................................................................................................................................................................................................................................................................................................................................................................................................................................................................................................................................................................................................................................................................................................................................................................................................................................................................................................................................................................................................................................................................................................................................................................................................................................................................................................................................................................................................................................................................................................................................................................................................................................................................................................................................................................................................................................................................................................................................................................................................................................................................................................................................................................................................................................................................................................................................................................................................................................................................................................................................................................................................................................................................................................................................................................................................................................................................................................................................................................................................................................................................................................................................................................................................................................................................................................................................................................................................................................................................................................................................................................................................................................................................................................................................................................................................................................................................................................................................................................................................................................................................................................................................................................................................................................................................................................................................................................................................................................................................................................................................................................................................................................................................................................................................................................................................................................................................................................................................................................................................................................................................................................................................................................................................................................................................................................................................................................................................................................................................................................................................................................................................................................................................................................................................................................................................................................................................................................................................................................................................................................................................................................................................................................................................................................................................................................................................................................................................................................................................................................................................................................................................................................................................................................................................................................................................................................................................................................................................................................................................................................................................................................................................................................................................................................................................................................................................................................................................................................................................................................................................................................................................................................................................................................................................................................................................................................................................................................................................................................................................................................................................................................................................................................................................................................................................................................................................................................................................................................................................................................................................................................................................................................................................................................................................................................................................................................................................................................................................................................................................................................................................................................................................................................................................................................................................................................................................................................................................................................................................................................................................................................................................................................................................................................................................................................................................................................................................................................................................................................................................................................................2 ms. Memory: 208384K Free: 80979K (39%)
2 ms. Memory: 208384K Free: 80979K (39%)
1 ms. Memory: 208384K Free: 80979K (39%)
1 ms. Memory: 208384K Free: 80414K (39%)
11 ms. Memory: 331776K Free: 321697K (97%)
/home/travis/build/icyphy/ptII/ptolemy/actor/lib/test/IIR.tcl
/home/travis/build/icyphy/ptII/ptolemy/actor/lib/test/Interpolator.tcl
3 ms. Memory: 331776K Free: 321021K (97%)
1 ms. Memory: 331776K Free: 316191K (95%)
2 ms. Memory: 331776K Free: 316191K (95%)
1 ms. Memory: 331776K Free: 316191K (95%)
2 ms. Memory: 331776K Free: 316191K (95%)
2 ms. Memory: 331776K Free: 316191K (95%)
2 ms. Memory: 331776K Free: 316191K (95%)
5 ms. Memory: 331776K Free: 316191K (95%)
2 ms. Memory: 331776K Free: 311360K (94%)
2 ms. Memory: 331776K Free: 311360K (94%)
/home/travis/build/icyphy/ptII/ptolemy/actor/lib/test/MathFunction.tcl
6 ms. Memory: 331776K Free: 311360K (94%)
3 ms. Memory: 331776K Free: 311360K (94%)
1 ms. Memory: 331776K Free: 306530K (92%)
1 ms. Memory: 331776K Free: 306530K (92%)
3 ms. Memory: 331776K Free: 306530K (92%)
4 ms. Memory: 331776K Free: 301699K (91%)
/home/travis/build/icyphy/ptII/ptolemy/actor/lib/test/Maximum.tcl
3 ms. Memory: 331776K Free: 301699K (91%)
5 ms. Memory: 331776K Free: 301699K (91%)
2 ms. Memory: 331776K Free: 301699K (91%)
3 ms. Memory: 331776K Free: 301699K (91%)
/home/travis/build/icyphy/ptII/ptolemy/actor/lib/test/Minimum.tcl
6 ms. Memory: 331776K Free: 296869K (89%)
1 ms. Memory: 331776K Free: 296869K (89%)
2 ms. Memory: 331776K Free: 296869K (89%)
1 ms. Memory: 331776K Free: 296869K (89%)
/home/travis/build/icyphy/ptII/ptolemy/actor/lib/test/MultiplyDivide.tcl
8 ms. Memory: 331776K Free: 292038K (88%)
8 ms. Memory: 331776K Free: 292038K (88%)
2 ms. Memory: 331776K Free: 292038K (88%)
2 ms. Memory: 331776K Free: 292038K (88%)
7 ms. Memory: 331776K Free: 292038K (88%)
/home/travis/build/icyphy/ptII/ptolemy/actor/lib/test/OrderedMerge.tcl
Connections changed on port: inputA
Connections changed on port: inputB
Connections changed on port: output
Connections changed on port: output
Connections changed on port: output
Connections changed on port: input
.top. Preinitializing ...
Invoking preinitialize():  .top.OrderedMerge
Called preinitialize()
Invoking preinitialize():  .top.Ramp
Called preinitialize()
Invoking preinitialize():  .top.Ramp2
Called preinitialize()
Invoking preinitialize():  .top.Test
Called preinitialize()
Connections changed on port: inputA
Connections changed on port: output
Connections changed on port: inputB
Connections changed on port: output
Connections changed on port: output
Connections changed on port: input
.top. Finished preinitialize().
Called initialize().
Invoking initialize():  .top.OrderedMerge
Initializing actor: .top.OrderedMerge
Adding a thread: .top.OrderedMerge
Invoking initialize():  .top.Ramp
Initializing actor: .top.Ramp
Adding a thread: .top.Ramp
Invoking initialize():  .top.Ramp2
Initializing actor: .top.Ramp2
Adding a thread: .top.Ramp2
Invoking initialize():  .top.Test
Initializing actor: .top.Test
Adding a thread: .top.Test
-- Starting thread.
Called initialize()
Called prefire()
Called fire()
-- Starting thread.
Called initialize()
Called prefire()
Called fire()
Called postfire()
Called prefire()
Called fire()
-- Starting thread.
Called initialize()
Called prefire()
Called fire()
Called postfire()
Called prefire()
Called fire()
Called fire().
Checking for deadlock:
There are 3 Blocked actors, 0 Stopped actors, and 4 active threads.
Waiting for actors to stop.
-- Starting thread.
Called initialize()
Called prefire()
Called fire()
Checking for deadlock:
There are 2 Blocked actors, 0 Stopped actors, and 4 active threads.
Waiting for actors to stop.
Called postfire()
Called prefire()
Called fire()
Checking for deadlock:
There are 3 Blocked actors, 0 Stopped actors, and 4 active threads.
Waiting for actors to stop.
Read input token from inputA with value 0.0
Next port to read input from is inputB
Called postfire()
Called prefire()
Called fire()
Checking for deadlock:
There are 2 Blocked actors, 0 Stopped actors, and 4 active threads.
Waiting for actors to stop.
Called postfire()
Called prefire()
Called fire()
Checking for deadlock:
There are 3 Blocked actors, 0 Stopped actors, and 4 active threads.
Waiting for actors to stop.
Read input token from inputB with value 0.0
Checking for deadlock:
There are 2 Blocked actors, 0 Stopped actors, and 4 active threads.
Waiting for actors to stop.
-- Read input: 0.0, which is expected to match: 0.0
Called prefire()
Called fire()
Checking for deadlock:
There are 3 Blocked actors, 0 Stopped actors, and 4 active threads.
Waiting for actors to stop.
Sent output token with value 0.0
Next port to read input from is inputA
Called postfire()
Called prefire()
Called fire()
Called postfire()
Called prefire()
Called fire()
Checking for deadlock:
There are 3 Blocked actors, 0 Stopped actors, and 4 active threads.
Waiting for actors to stop.
Read input token from inputA with value 1.0
-- Read input: 0.0, which is expected to match: 0.0
Called prefire()
Called fire()
Checking for deadlock:
There are 3 Blocked actors, 0 Stopped actors, and 4 active threads.
Waiting for actors to stop.
Sent output token with value 0.0
Next port to read input from is inputB
Called postfire()
Called prefire()
Called fire()
Checking for deadlock:
There are 2 Blocked actors, 0 Stopped actors, and 4 active threads.
Waiting for actors to stop.
Called postfire()
Called prefire()
Called fire()
Checking for deadlock:
There are 3 Blocked actors, 0 Stopped actors, and 4 active threads.
Waiting for actors to stop.
Read input token from inputB with value 1.5
Checking for deadlock:
There are 2 Blocked actors, 0 Stopped actors, and 4 active threads.
Waiting for actors to stop.
-- Read input: 1.0, which is expected to match: 1.0
Called prefire()
Called fire()
Checking for deadlock:
There are 3 Blocked actors, 0 Stopped actors, and 4 active threads.
Waiting for actors to stop.
Sent output token with value 1.0
Next port to read input from is inputA
Called postfire()
Called prefire()
Called fire()
Called postfire()
Called prefire()
Called fire()
Checking for deadlock:
There are 3 Blocked actors, 0 Stopped actors, and 4 active threads.
Waiting for actors to stop.
Read input token from inputA with value 2.0
-- Read input: 1.5, which is expected to match: 1.5
Called prefire()
Called fire()
Checking for deadlock:
There are 3 Blocked actors, 0 Stopped actors, and 4 active threads.
Waiting for actors to stop.
Sent output token with value 1.5
Next port to read input from is inputB
Called postfire()
Called prefire()
Called fire()
Checking for deadlock:
There are 2 Blocked actors, 0 Stopped actors, and 4 active threads.
Waiting for actors to stop.
Called postfire()
Called prefire()
Called fire()
Checking for deadlock:
There are 3 Blocked actors, 0 Stopped actors, and 4 active threads.
Waiting for actors to stop.
Read input token from inputB with value 3.0
Checking for deadlock:
There are 2 Blocked actors, 0 Stopped actors, and 4 active threads.
Waiting for actors to stop.
-- Read input: 2.0, which is expected to match: 2.0
Called prefire()
Called fire()
Checking for deadlock:
There are 3 Blocked actors, 0 Stopped actors, and 4 active threads.
Waiting for actors to stop.
Sent output token with value 2.0
Next port to read input from is inputA
Called postfire()
Called prefire()
Called fire()
Called postfire()
Called prefire()
Called fire()
Checking for deadlock:
There are 3 Blocked actors, 0 Stopped actors, and 4 active threads.
Waiting for actors to stop.
Read input token from inputA with value 3.0
-- Read input: 3.0, which is expected to match: 3.0
Called prefire()
Called fire()
Checking for deadlock:
There are 3 Blocked actors, 0 Stopped actors, and 4 active threads.
Waiting for actors to stop.
Sent output token with value 3.0
Next port to read input from is inputB
Called postfire()
Called prefire()
Called fire()
Checking for deadlock:
There are 2 Blocked actors, 0 Stopped actors, and 4 active threads.
Waiting for actors to stop.
Called postfire()
Called prefire()
Called fire()
Checking for deadlock:
There are 3 Blocked actors, 0 Stopped actors, and 4 active threads.
Waiting for actors to stop.
Read input token from inputB with value 4.5
Checking for deadlock:
There are 2 Blocked actors, 0 Stopped actors, and 4 active threads.
Waiting for actors to stop.
-- Read input: 3.0, which is expected to match: 3.0
Called prefire()
Called fire()
Checking for deadlock:
There are 3 Blocked actors, 0 Stopped actors, and 4 active threads.
Waiting for actors to stop.
Sent output token with value 3.0
Next port to read input from is inputA
Called postfire()
Called prefire()
Called fire()
Called postfire()
Called prefire()
Called fire()
Checking for deadlock:
There are 3 Blocked actors, 0 Stopped actors, and 4 active threads.
Waiting for actors to stop.
Read input token from inputA with value 4.0
-- Read input: 4.0, which is expected to match: 4.0
Called prefire()
Called fire()
Past the end of training data. Read and discard all inputs.
Checking for deadlock:
There are 3 Blocked actors, 0 Stopped actors, and 4 active threads.
Waiting for actors to stop.
Sent output token with value 4.0
Next port to read input from is inputA
Called postfire()
Called prefire()
Called fire()
Called postfire()
Called prefire()
Called fire()
Checking for deadlock:
There are 3 Blocked actors, 0 Stopped actors, and 4 active threads.
Waiting for actors to stop.
Read input token from inputA with value 5.0
Called prefire()
Called fire()
Past the end of training data. Read and discard all inputs.
Checking for deadlock:
There are 3 Blocked actors, 0 Stopped actors, and 4 active threads.
Waiting for actors to stop.
Sent output token with value 4.5
Next port to read input from is inputB
Called postfire()
Called prefire()
Called fire()
Checking for deadlock:
There are 2 Blocked actors, 0 Stopped actors, and 4 active threads.
Waiting for actors to stop.
Called postfire()
Called prefire()
Called fire()
Checking for deadlock:
There are 3 Blocked actors, 0 Stopped actors, and 4 active threads.
Waiting for actors to stop.
Read input token from inputB with value 6.0
Checking for deadlock:
There are 2 Blocked actors, 0 Stopped actors, and 4 active threads.
Waiting for actors to stop.
Called prefire()
Called fire()
Past the end of training data. Read and discard all inputs.
Checking for deadlock:
There are 3 Blocked actors, 0 Stopped actors, and 4 active threads.
Waiting for actors to stop.
Sent output token with value 5.0
Next port to read input from is inputA
Called postfire()
Called prefire()
Called fire()
Called postfire()
Called prefire()
Called fire()
Checking for deadlock:
There are 3 Blocked actors, 0 Stopped actors, and 4 active threads.
Waiting for actors to stop.
Read input token from inputA with value 6.0
Called prefire()
Called fire()
Past the end of training data. Read and discard all inputs.
Checking for deadlock:
There are 3 Blocked actors, 0 Stopped actors, and 4 active threads.
Waiting for actors to stop.
Sent output token with value 6.0
Next port to read input from is inputB
Called postfire()
Called prefire()
Called fire()
Checking for deadlock:
There are 2 Blocked actors, 0 Stopped actors, and 4 active threads.
Waiting for actors to stop.
Called postfire()
Called prefire()
Called fire()
Checking for deadlock:
There are 3 Blocked actors, 0 Stopped actors, and 4 active threads.
Waiting for actors to stop.
Read input token from inputB with value 7.5
Checking for deadlock:
There are 2 Blocked actors, 0 Stopped actors, and 4 active threads.
Waiting for actors to stop.
Called prefire()
Called fire()
Past the end of training data. Read and discard all inputs.
Checking for deadlock:
There are 3 Blocked actors, 0 Stopped actors, and 4 active threads.
Waiting for actors to stop.
Sent output token with value 6.0
Next port to read input from is inputA
Called postfire()
Called prefire()
Called fire()
Called postfire()
Called prefire()
Called fire()
Checking for deadlock:
There are 3 Blocked actors, 0 Stopped actors, and 4 active threads.
Waiting for actors to stop.
Read input token from inputA with value 7.0
Called prefire()
Called fire()
Past the end of training data. Read and discard all inputs.
Checking for deadlock:
There are 3 Blocked actors, 0 Stopped actors, and 4 active threads.
Waiting for actors to stop.
Sent output token with value 7.0
Next port to read input from is inputA
Called postfire()
Called prefire()
Called fire()
-- Thread wrapup() called.
Called wrapup()
Thread .top.Ramp is exiting.
-- Thread stopped.
Checking for deadlock:
There are 2 Blocked actors, 0 Stopped actors, and 3 active threads.
Waiting for actors to stop.
Read input token from inputA with value 8.0
Called prefire()
Called fire()
Past the end of training data. Read and discard all inputs.
Checking for deadlock:
There are 2 Blocked actors, 0 Stopped actors, and 3 active threads.
Waiting for actors to stop.
Sent output token with value 7.5
Next port to read input from is inputB
Called postfire()
Called prefire()
Called fire()
Checking for deadlock:
There are 1 Blocked actors, 0 Stopped actors, and 3 active threads.
Waiting for actors to stop.
Called postfire()
Called prefire()
Called fire()
Checking for deadlock:
There are 2 Blocked actors, 0 Stopped actors, and 3 active threads.
Waiting for actors to stop.
Read input token from inputB with value 9.0
Checking for deadlock:
There are 1 Blocked actors, 0 Stopped actors, and 3 active threads.
Waiting for actors to stop.
Called prefire()
Called fire()
Past the end of training data. Read and discard all inputs.
Checking for deadlock:
There are 2 Blocked actors, 0 Stopped actors, and 3 active threads.
Waiting for actors to stop.
Sent output token with value 8.0
Next port to read input from is inputA
Called postfire()
Called prefire()
Called fire()
Read input token from inputA with value 9.0
Checking for deadlock:
There are 1 Blocked actors, 0 Stopped actors, and 3 active threads.
Waiting for actors to stop.
Called prefire()
Called fire()
Past the end of training data. Read and discard all inputs.
Checking for deadlock:
There are 2 Blocked actors, 0 Stopped actors, and 3 active threads.
Waiting for actors to stop.
Sent output token with value 9.0
Next port to read input from is inputB
Called postfire()
Called prefire()
Called fire()
Checking for deadlock:
There are 1 Blocked actors, 0 Stopped actors, and 3 active threads.
Waiting for actors to stop.
Called postfire()
Called prefire()
Called fire()
Checking for deadlock:
There are 2 Blocked actors, 0 Stopped actors, and 3 active threads.
Waiting for actors to stop.
Read input token from inputB with value 10.5
Checking for deadlock:
There are 1 Blocked actors, 0 Stopped actors, and 3 active threads.
Waiting for actors to stop.
Called prefire()
Called fire()
Past the end of training data. Read and discard all inputs.
Checking for deadlock:
There are 2 Blocked actors, 0 Stopped actors, and 3 active threads.
Waiting for actors to stop.
Sent output token with value 9.0
Next port to read input from is inputA
Called postfire()
Called prefire()
Called fire()
Checking for deadlock:
There are 3 Blocked actors, 0 Stopped actors, and 3 active threads.
Actors have stopped.
Checking for deadlock:
There are 3 Blocked actors, 0 Stopped actors, and 3 active threads.
Deadlock detected.
Resolving Deadlock
Checking for deadlock:
There are 3 Blocked actors, 0 Stopped actors, and 3 active threads.
Artificial Deadlock - increasing queue capacity.
increasing the capacity of receiver ptolemy.actor.TypedIOPort {.top.OrderedMerge.inputB} to 2
Director: Called postfire().
Called postfire().
_stopRequested = false
_stopFireRequested = false
Returning from postfire(): true
Called fire().
Checking for deadlock:
There are 2 Blocked actors, 0 Stopped actors, and 3 active threads.
Waiting for actors to stop.
-- Thread wrapup() called.
Called wrapup()
Thread .top.Ramp2 is exiting.
-- Thread stopped.
Checking for deadlock:
There are 2 Blocked actors, 0 Stopped actors, and 2 active threads.
Actors have stopped.
Checking for deadlock:
There are 2 Blocked actors, 0 Stopped actors, and 2 active threads.
Deadlock detected.
Resolving Deadlock
Checking for deadlock:
There are 2 Blocked actors, 0 Stopped actors, and 2 active threads.
Deadlock detected: no processes blocked on write, but some are blocked on read.
Called postfire().
_stopRequested = false
_stopFireRequested = false
Returning from postfire(): false
Finished deactivating branches.
Called wrapup().
-- Thread wrapup() called.
Called wrapup()
Thread .top.Test is exiting.
-- Thread stopped.
-- Blocked Receiver call threw TerminateProcessException.
-- Thread wrapup() called.
Called wrapup()
Thread .top.OrderedMerge is exiting.
29 ms. Memory: 331776K Free: 277378K (84%)
.top. Preinitializing ...
Invoking preinitialize():  .top.OrderedMerge
Called preinitialize()
Invoking preinitialize():  .top.Ramp
Called preinitialize()
Invoking preinitialize():  .top.Ramp2
Called preinitialize()
Invoking preinitialize():  .top.Test
Called preinitialize()
.top. Finished preinitialize().
Called initialize().
Invoking initialize():  .top.OrderedMerge
Initializing actor: .top.OrderedMerge
Adding a thread: .top.OrderedMerge
Invoking initialize():  .top.Ramp
Initializing actor: .top.Ramp
Adding a thread: .top.Ramp
Invoking initialize():  .top.Ramp2
Initializing actor: .top.Ramp2
Adding a thread: .top.Ramp2
Invoking initialize():  .top.Test
Initializing actor: .top.Test
Adding a thread: .top.Test
-- Thread stopped.
-- Blocked Receiver call threw TerminateProcessException.
-- Starting thread.
Called initialize()
Called prefire()
Called fire()
-- Starting thread.
Called initialize()
Called prefire()
Called fire()
Called postfire()
Called prefire()
Called fire()
-- Starting thread.
Called fire().
Checking for deadlock:
There are 2 Blocked actors, 0 Stopped actors, and 4 active threads.
Waiting for actors to stop.
-- Starting thread.
Called initialize()
Called prefire()
Called fire()
Checking for deadlock:
There are 3 Blocked actors, 0 Stopped actors, and 4 active threads.
Waiting for actors to stop.
Called initialize()
Called prefire()
Called fire()
Called postfire()
Checking for deadlock:
There are 2 Blocked actors, 0 Stopped actors, and 4 active threads.
Called prefire()
Waiting for actors to stop.
Called fire()
Called postfire()
Called prefire()
Called fire()
Read input token from inputA with value 0.0
Checking for deadlock:
There are 3 Blocked actors, 0 Stopped actors, and 4 active threads.
Waiting for actors to stop.
Next port to read input from is inputB
Called postfire()
Called prefire()
Called fire()
Called postfire()
Called prefire()
Called fire()
Checking for deadlock:
There are 3 Blocked actors, 0 Stopped actors, and 4 active threads.
Waiting for actors to stop.
Read input token from inputB with value 0.0
Checking for deadlock:
Sent output token with value 0.0
There are 2 Blocked actors, 0 Stopped actors, and 4 active threads.
Waiting for actors to stop.
Next port to read input from is inputA
Called postfire()
-- Read input: 0.0, which is expected to match: 0.0
Called prefire()
Called fire()
Checking for deadlock:
There are 3 Blocked actors, 0 Stopped actors, and 4 active threads.
Waiting for actors to stop.
Called prefire()
Called fire()
Called postfire()
Called prefire()
Called fire()
Read input token from inputA with value 1.0
Checking for deadlock:
There are 3 Blocked actors, 0 Stopped actors, and 4 active threads.
Waiting for actors to stop.
-- Read input: 0.0, which is expected to match: 0.0
Called prefire()
Called fire()
Checking for deadlock:
There are 3 Blocked actors, 0 Stopped actors, and 4 active threads.
Waiting for actors to stop.
Sent output token with value 0.0
Next port to read input from is inputB
Called postfire()
Called prefire()
Called fire()
Checking for deadlock:
There are 2 Blocked actors, 0 Stopped actors, and 4 active threads.
Called postfire()
Waiting for actors to stop.
Called prefire()
Called fire()
Checking for deadlock:
There are 3 Blocked actors, 0 Stopped actors, and 4 active threads.
Waiting for actors to stop.
Read input token from inputB with value 1.5
Checking for deadlock:
Sent output token with value 1.0
There are 2 Blocked actors, 0 Stopped actors, and 4 active threads.
Waiting for actors to stop.
-- Read input: 1.0, which is expected to match: 1.0
Called prefire()
Called fire()
Checking for deadlock:
There are 3 Blocked actors, 0 Stopped actors, and 4 active threads.
Waiting for actors to stop.
Next port to read input from is inputA
Called postfire()
Called prefire()
Called fire()
Read input token from inputA with value 2.0
Called postfire()
Called prefire()
Called fire()
Sent output token with value 1.5
Checking for deadlock:
There are 2 Blocked actors, 0 Stopped actors, and 4 active threads.
Waiting for actors to stop.
-- Read input: 1.5, which is expected to match: 1.5
Called prefire()
Called fire()
Checking for deadlock:
There are 3 Blocked actors, 0 Stopped actors, and 4 active threads.
Waiting for actors to stop.
Next port to read input from is inputB
Called postfire()
Called prefire()
Called fire()
Called postfire()
Checking for deadlock:
There are 2 Blocked actors, 0 Stopped actors, and 4 active threads.
Waiting for actors to stop.
Called prefire()
Called fire()
Read input token from inputB with value 3.0
Checking for deadlock:
There are 3 Blocked actors, 0 Stopped actors, and 4 active threads.
Waiting for actors to stop.
Checking for deadlock:
There are 2 Blocked actors, 0 Stopped actors, and 4 active threads.
Waiting for actors to stop.
-- Read input: 2.0, which is expected to match: 2.0
Called prefire()
Called fire()
Sent output token with value 2.0
Checking for deadlock:
There are 3 Blocked actors, 0 Stopped actors, and 4 active threads.
Waiting for actors to stop.
Next port to read input from is inputA
Called postfire()
Called prefire()
Called fire()
Checking for deadlock:
There are 2 Blocked actors, 0 Stopped actors, and 4 active threads.
Waiting for actors to stop.
Called postfire()
Read input token from inputA with value 3.0
Called prefire()
Called fire()
Sent output token with value 3.0
Checking for deadlock:
There are 2 Blocked actors, 0 Stopped actors, and 4 active threads.
Waiting for actors to stop.
-- Read input: 3.0, which is expected to match: 3.0
Called prefire()
Called fire()
Checking for deadlock:
There are 3 Blocked actors, 0 Stopped actors, and 4 active threads.
Waiting for actors to stop.
Next port to read input from is inputB
Called postfire()
Called prefire()
Called fire()
Checking for deadlock:
There are 2 Blocked actors, 0 Stopped actors, and 4 active threads.
Waiting for actors to stop.
Called postfire()
Called prefire()
Called fire()
Checking for deadlock:
There are 3 Blocked actors, 0 Stopped actors, and 4 active threads.
Waiting for actors to stop.
Read input token from inputB with value 4.5
Checking for deadlock:
There are 2 Blocked actors, 0 Stopped actors, and 4 active threads.
Waiting for actors to stop.
-- Read input: 3.0, which is expected to match: 3.0
Called prefire()
Called fire()
Sent output token with value 3.0
Checking for deadlock:
There are 3 Blocked actors, 0 Stopped actors, and 4 active threads.
Waiting for actors to stop.
Next port to read input from is inputA
Called postfire()
Called prefire()
Called fire()
Checking for deadlock:
There are 2 Blocked actors, 0 Stopped actors, and 4 active threads.
Waiting for actors to stop.
Read input token from inputA with value 4.0
Called postfire()
Called prefire()
Sent output token with value 4.0
Called fire()
Next port to read input from is inputA
Called postfire()
Called prefire()
Called fire()
-- Read input: 4.0, which is expected to match: 4.0
Called prefire()
Called fire()
Past the end of training data. Read and discard all inputs.
Checking for deadlock:
There are 2 Blocked actors, 0 Stopped actors, and 4 active threads.
Waiting for actors to stop.
Called postfire()
Read input token from inputA with value 5.0
Called prefire()
Called fire()
Sent output token with value 4.5
Checking for deadlock:
There are 2 Blocked actors, 0 Stopped actors, and 4 active threads.
Waiting for actors to stop.
Called prefire()
Called fire()
Past the end of training data. Read and discard all inputs.
Checking for deadlock:
There are 3 Blocked actors, 0 Stopped actors, and 4 active threads.
Waiting for actors to stop.
Next port to read input from is inputB
Called postfire()
Called prefire()
Called fire()
Checking for deadlock:
There are 2 Blocked actors, 0 Stopped actors, and 4 active threads.
Waiting for actors to stop.
Called postfire()
Read input token from inputB with value 6.0
Called prefire()
Called fire()
Called prefire()
Called fire()
Past the end of training data. Read and discard all inputs.
Checking for deadlock:
There are 3 Blocked actors, 0 Stopped actors, and 4 active threads.
Waiting for actors to stop.
Sent output token with value 5.0
Next port to read input from is inputA
Called postfire()
Called prefire()
Called fire()
Checking for deadlock:
There are 2 Blocked actors, 0 Stopped actors, and 4 active threads.
Waiting for actors to stop.
Called postfire()
Called prefire()
Read input token from inputA with value 6.0
Called fire()
Called prefire()
Called fire()
Past the end of training data. Read and discard all inputs.
Checking for deadlock:
There are 3 Blocked actors, 0 Stopped actors, and 4 active threads.
Waiting for actors to stop.
Sent output token with value 6.0
Next port to read input from is inputB
Called postfire()
Called prefire()
Called fire()
Checking for deadlock:
There are 2 Blocked actors, 0 Stopped actors, and 4 active threads.
Waiting for actors to stop.
Called postfire()
Called prefire()
Called fire()
Checking for deadlock:
There are 3 Blocked actors, 0 Stopped actors, and 4 active threads.
Waiting for actors to stop.
Read input token from inputB with value 7.5
Checking for deadlock:
There are 2 Blocked actors, 0 Stopped actors, and 4 active threads.
Waiting for actors to stop.
Called prefire()
Called fire()
Past the end of training data. Read and discard all inputs.
Checking for deadlock:
There are 3 Blocked actors, 0 Stopped actors, and 4 active threads.
Waiting for actors to stop.
Sent output token with value 6.0
Next port to read input from is inputA
Called postfire()
Called prefire()
Called fire()
Checking for deadlock:
There are 2 Blocked actors, 0 Stopped actors, and 4 active threads.
Waiting for actors to stop.
Read input token from inputA with value 7.0
Called postfire()
Called prefire()
Called fire()
Sent output token with value 7.0
Next port to read input from is inputA
Called postfire()
Called prefire()
Called fire()
Called prefire()
Called fire()
Past the end of training data. Read and discard all inputs.
Checking for deadlock:
There are 2 Blocked actors, 0 Stopped actors, and 4 active threads.
Waiting for actors to stop.
Read input token from inputA with value 8.0
-- Thread wrapup() called.
Called wrapup()
Thread .top.Ramp is exiting.
-- Thread stopped.
Sent output token with value 7.5
Next port to read input from is inputB
Called postfire()
Called prefire()
Called fire()
Read input token from inputB with value 9.0
Checking for deadlock:
There are 1 Blocked actors, 0 Stopped actors, and 3 active threads.
Waiting for actors to stop.
Called prefire()
Called postfire()
Called fire()
Called prefire()
Past the end of training data. Read and discard all inputs.
Called fire()
Checking for deadlock:
There are 1 Blocked actors, 0 Stopped actors, and 3 active threads.
Waiting for actors to stop.
Checking for deadlock:
There are 1 Blocked actors, 0 Stopped actors, and 3 active threads.
Waiting for actors to stop.
Sent output token with value 8.0
Next port to read input from is inputA
Called postfire()
Called prefire()
Called fire()
Read input token from inputA with value 9.0
Checking for deadlock:
There are 1 Blocked actors, 0 Stopped actors, and 3 active threads.
Called prefire()
Waiting for actors to stop.
Called fire()
Past the end of training data. Read and discard all inputs.
Checking for deadlock:
There are 1 Blocked actors, 0 Stopped actors, and 3 active threads.
Sent output token with value 9.0
Waiting for actors to stop.
Next port to read input from is inputB
Called postfire()
Called prefire()
Called fire()
Read input token from inputB with value 10.5
Checking for deadlock:
There are 0 Blocked actors, 0 Stopped actors, and 3 active threads.
Called prefire()
Waiting for actors to stop.
Called fire()
Past the end of training data. Read and discard all inputs.
Called postfire()
Called prefire()
Called fire()
Sent output token with value 9.0
Checking for deadlock:
There are 1 Blocked actors, 0 Stopped actors, and 3 active threads.
Waiting for actors to stop.
Next port to read input from is inputA
Called prefire()
Called fire()
Past the end of training data. Read and discard all inputs.
Called postfire()
Checking for deadlock:
Called prefire()
There are 2 Blocked actors, 0 Stopped actors, and 3 active threads.
Called fire()
Waiting for actors to stop.
Checking for deadlock:
There are 3 Blocked actors, 0 Stopped actors, and 3 active threads.
Actors have stopped.
Checking for deadlock:
There are 3 Blocked actors, 0 Stopped actors, and 3 active threads.
Deadlock detected.
Resolving Deadlock
Checking for deadlock:
There are 3 Blocked actors, 0 Stopped actors, and 3 active threads.
Artificial Deadlock - increasing queue capacity.
increasing the capacity of receiver ptolemy.actor.TypedIOPort {.top.OrderedMerge.inputB} to 2
Director: Called postfire().
Called postfire().
_stopRequested = false
_stopFireRequested = false
Returning from postfire(): true
Called fire().
Checking for deadlock:
There are 2 Blocked actors, 0 Stopped actors, and 3 active threads.
Waiting for actors to stop.
-- Thread wrapup() called.
Called wrapup()
Thread .top.Ramp2 is exiting.
-- Thread stopped.
Checking for deadlock:
There are 2 Blocked actors, 0 Stopped actors, and 2 active threads.
Actors have stopped.
Checking for deadlock:
There are 2 Blocked actors, 0 Stopped actors, and 2 active threads.
Deadlock detected.
Resolving Deadlock
Checking for deadlock:
There are 2 Blocked actors, 0 Stopped actors, and 2 active threads.
Deadlock detected: no processes blocked on write, but some are blocked on read.
Called postfire().
_stopRequested = false
_stopFireRequested = false
Returning from postfire(): false
Finished deactivating branches.
Called wrapup().
-- Thread wrapup() called.
Called wrapup()
Thread .top.OrderedMerge is exiting.
-- Thread stopped.
-- Blocked Receiver call threw TerminateProcessException.
-- Thread wrapup() called.
Called wrapup()
Thread .top.Test is exiting.
-- Thread stopped.
-- Blocked Receiver call threw TerminateProcessException.
23 ms. Memory: 331776K Free: 267547K (81%)
/home/travis/build/icyphy/ptII/ptolemy/actor/lib/test/Publisher.tcl
15 ms. Memory: 331776K Free: 262717K (79%)
3 ms. Memory: 331776K Free: 257886K (78%)
2 ms. Memory: 331776K Free: 253056K (76%)
3 ms. Memory: 331776K Free: 253056K (76%)
3 ms. Memory: 331776K Free: 253056K (76%)
3 ms. Memory: 331776K Free: 248225K (75%)
2 ms. Memory: 331776K Free: 248225K (75%)
3 ms. Memory: 331776K Free: 248225K (75%)
1 ms. Memory: 331776K Free: 238564K (72%)
7 ms. Memory: 331776K Free: 233734K (70%)
2 ms. Memory: 331776K Free: 233734K (70%)
5 ms. Memory: 331776K Free: 233734K (70%)
6 ms. Memory: 331776K Free: 224073K (68%)
5 ms. Memory: 331776K Free: 214396K (65%)
5 ms. Memory: 331776K Free: 199904K (60%)
/home/travis/build/icyphy/ptII/ptolemy/actor/lib/test/Pulse.tcl
2 ms. Memory: 331776K Free: 161197K (49%)
1 ms. Memory: 331776K Free: 161197K (49%)
4 ms. Memory: 331776K Free: 156350K (47%)
1 ms. Memory: 331776K Free: 156350K (47%)
2 ms. Memory: 331776K Free: 156350K (47%)
2 ms. Memory: 331776K Free: 156350K (47%)
2 ms. Memory: 331776K Free: 156350K (47%)
6 ms. Memory: 331776K Free: 156350K (47%)
2 ms. Memory: 331776K Free: 156350K (47%)
/home/travis/build/icyphy/ptII/ptolemy/actor/lib/test/Ramp.tcl
3 ms. Memory: 331776K Free: 151520K (46%)
1 ms. Memory: 331776K Free: 151520K (46%)
1 ms. Memory: 331776K Free: 151520K (46%)
2 ms. Memory: 331776K Free: 151520K (46%)
3 ms. Memory: 331776K Free: 151520K (46%)
11 ms. Memory: 331776K Free: 146689K (44%)
8 ms. Memory: 331776K Free: 146689K (44%)
5 actors
7000 microseconds per iteration to create
11 ms. Memory: 331776K Free: 146689K (44%)
3 ms. Memory: 331776K Free: 141859K (43%)
4 ms. Memory: 331776K Free: 141859K (43%)
9 ms. Memory: 331776K Free: 141859K (43%)
50 actors
39000 microseconds per iteration to create
40 ms. Memory: 331776K Free: 127335K (38%)
5 ms. Memory: 331776K Free: 127335K (38%)
5 ms. Memory: 331776K Free: 127335K (38%)
5 ms. Memory: 331776K Free: 122489K (37%)
500 actors
1167000 microseconds per iteration to create
185 ms. Memory: 331776K Free: 197358K (59%)
35 ms. Memory: 331776K Free: 192607K (58%)
37 ms. Memory: 331776K Free: 187856K (57%)
35 ms. Memory: 331776K Free: 178354K (54%)
/home/travis/build/icyphy/ptII/ptolemy/actor/lib/test/RampContinuous.tcl
7 ms. Memory: 331776K Free: 178354K (54%)
/home/travis/build/icyphy/ptII/ptolemy/actor/lib/test/RecordAssembler.tcl
5 ms. Memory: 331776K Free: 178354K (54%)
3 ms. Memory: 331776K Free: 178354K (54%)
/home/travis/build/icyphy/ptII/ptolemy/actor/lib/test/RecordDisassembler.tcl
3 ms. Memory: 331776K Free: 173603K (52%)
2 ms. Memory: 331776K Free: 173603K (52%)
3 ms. Memory: 331776K Free: 173603K (52%)
/home/travis/build/icyphy/ptII/ptolemy/actor/lib/test/Scale.tcl
3 ms. Memory: 331776K Free: 168845K (51%)
1 ms. Memory: 331776K Free: 168845K (51%)
2 ms. Memory: 331776K Free: 168845K (51%)
1 ms. Memory: 331776K Free: 168845K (51%)
2 ms. Memory: 331776K Free: 168845K (51%)
/home/travis/build/icyphy/ptII/ptolemy/actor/lib/test/SequentialClock.tcl
preinitializing
resolving types
initializing
executing number 1
wrapping up
idle
2 ms. Memory: 331776K Free: 164078K (49%)
Completed execution with 5 iterations
preinitializing
resolving types
initializing
executing number 1
wrapping up
idle
1 ms. Memory: 331776K Free: 164078K (49%)
Completed execution with 5 iterations
preinitializing
resolving types
initializing
executing number 1
wrapping up
idle
1 ms. Memory: 331776K Free: 164078K (49%)
Completed execution with 5 iterations
/home/travis/build/icyphy/ptII/ptolemy/actor/lib/test/SetVariable.tcl
3 ms. Memory: 331776K Free: 164078K (49%)
/home/travis/build/icyphy/ptII/ptolemy/actor/lib/test/Sinewave.tcl
/home/travis/build/icyphy/ptII/ptolemy/actor/lib/test/SubscriptionAggregator.tcl
3 ms. Memory: 331776K Free: 149809K (45%)
2 ms. Memory: 331776K Free: 149809K (45%)
1 ms. Memory: 331776K Free: 149809K (45%)
1 ms. Memory: 331776K Free: 149809K (45%)
1 ms. Memory: 331776K Free: 145058K (44%)
3 ms. Memory: 331776K Free: 140291K (42%)
...............................................................1037 ms. Memory: 580096K Free: 495664K (85%)
/home/travis/build/icyphy/ptII/ptolemy/actor/lib/test/Test.tcl
 The next command will produce a warning about training mode,
   which may be ignored.
4 ms. Memory: 580096K Free: 495664K (85%)
2 ms. Memory: 580096K Free: 495664K (85%)
1 ms. Memory: 580096K Free: 495664K (85%)
3 ms. Memory: 580096K Free: 495664K (85%)
3 ms. Memory: 580096K Free: 495664K (85%)
2 ms. Memory: 580096K Free: 495664K (85%)
3 ms. Memory: 580096K Free: 495664K (85%)
 The next command will produce a warning about training mode,
   which may be ignored.
3 ms. Memory: 580096K Free: 486043K (84%)
 The next command will produce a warning about training mode,
   which may be ignored.
2 ms. Memory: 580096K Free: 486043K (84%)
1 ms. Memory: 580096K Free: 486043K (84%)
0 ms. Memory: 580096K Free: 486043K (84%)
1 ms. Memory: 580096K Free: 486043K (84%)
3 ms. Memory: 580096K Free: 486043K (84%)
3 ms. Memory: 580096K Free: 486043K (84%)
/home/travis/build/icyphy/ptII/ptolemy/actor/lib/test/TestExceptionHandler.tcl
 The next command will produce a warning about training mode,
   which may be ignored.
1 ms. Memory: 580096K Free: 486043K (84%)
1 ms. Memory: 580096K Free: 476405K (82%)
0 ms. Memory: 580096K Free: 476405K (82%)
/home/travis/build/icyphy/ptII/ptolemy/actor/lib/test/UnionDisassembler.tcl
19 ms. Memory: 580096K Free: 476405K (82%)
/home/travis/build/icyphy/ptII/ptolemy/actor/lib/test/VariableClock.tcl
preinitializing
resolving types
initializing
executing number 1
wrapping up
idle
4 ms. Memory: 580096K Free: 466776K (80%)
Completed execution with 11 iterations
preinitializing
resolving types
initializing
executing number 1
wrapping up
idle
8 ms. Memory: 580096K Free: 466776K (80%)
Completed execution with 10 iterations
06/08/18 08:26:29
Failed: 0  Total Tests: 234  ((Passed: 234, Newly Passed: 0)  Known Failed: 0) /home/travis/build/icyphy/ptII/ptolemy/actor/lib/test
----------------- testing (KnownFailure) /home/travis/build/icyphy/ptII/ptolemy/actor/lib/test/auto/knownFailedTests/PublisherPortToplevelSubscriber.xml
0 ms. Memory: 580096K Free: 456997K (79%)
Known Failure: java.lang.reflect.InvocationTargetException
----------------- testing (KnownFailure) /home/travis/build/icyphy/ptII/ptolemy/actor/lib/test/auto/knownFailedTests/PublisherSubscriberPortToplevel.xml
0 ms. Memory: 580096K Free: 437438K (75%)
Known Failure: java.lang.reflect.InvocationTargetException
----------------- testing (KnownFailure) /home/travis/build/icyphy/ptII/ptolemy/actor/lib/test/auto/knownFailedTests/PublisherSubscriptionAggregatorPort.xml
3 ms. Memory: 580096K Free: 417879K (72%)
Known Failure: java.lang.reflect.InvocationTargetException
----------------- testing (KnownFailure) /home/travis/build/icyphy/ptII/ptolemy/actor/lib/test/auto/knownFailedTests/sizedarray3.xml
4 ms. Memory: 580096K Free: 398321K (69%)
Known Failure: java.lang.reflect.InvocationTargetException
No auto/linux-amd64/*.xml tests in /home/travis/build/icyphy/ptII/ptolemy/actor/lib/test
AutoTests.java: About to close Vertx.
AutoTests.java: Vertx closed.

===========================================================================================
----------------- testing Fri Jun 08 20:26:30 UTC 2018 /home/travis/build/icyphy/ptII/ptolemy/actor/lib/test/auto/AbsoluteValue.xml
----------------- Instantiating /home/travis/build/icyphy/ptII/ptolemy/actor/lib/test/auto/AbsoluteValue.xml
7 ms. Memory: 580096K Free: 310781K (54%)
----------------- Invoking toplevel() on ptolemy.moml.MoMLSimpleApplication@2bce127b
----------------- Done invoking toplevel() on ptolemy.moml.MoMLSimpleApplication@2bce127b
reloadAllAccessors: .AbsoluteValue

===========================================================================================
----------------- testing Fri Jun 08 20:26:30 UTC 2018 /home/travis/build/icyphy/ptII/ptolemy/actor/lib/test/auto/AbsoluteValue2.xml
----------------- Instantiating /home/travis/build/icyphy/ptII/ptolemy/actor/lib/test/auto/AbsoluteValue2.xml
4 ms. Memory: 580096K Free: 296112K (51%)
----------------- Invoking toplevel() on ptolemy.moml.MoMLSimpleApplication@3a50c803
----------------- Done invoking toplevel() on ptolemy.moml.MoMLSimpleApplication@3a50c803
reloadAllAccessors: .AbsoluteValue2

===========================================================================================
----------------- testing Fri Jun 08 20:26:30 UTC 2018 /home/travis/build/icyphy/ptII/ptolemy/actor/lib/test/auto/Accumulator.xml
----------------- Instantiating /home/travis/build/icyphy/ptII/ptolemy/actor/lib/test/auto/Accumulator.xml
5 ms. Memory: 580096K Free: 286332K (49%)
----------------- Invoking toplevel() on ptolemy.moml.MoMLSimpleApplication@5a20f6e
----------------- Done invoking toplevel() on ptolemy.moml.MoMLSimpleApplication@5a20f6e
reloadAllAccessors: .Accumulator

===========================================================================================
----------------- testing Fri Jun 08 20:26:30 UTC 2018 /home/travis/build/icyphy/ptII/ptolemy/actor/lib/test/auto/Accumulator2.xml
----------------- Instantiating /home/travis/build/icyphy/ptII/ptolemy/actor/lib/test/auto/Accumulator2.xml
3 ms. Memory: 580096K Free: 276553K (48%)
----------------- Invoking toplevel() on ptolemy.moml.MoMLSimpleApplication@64d6fd4f
----------------- Done invoking toplevel() on ptolemy.moml.MoMLSimpleApplication@64d6fd4f
reloadAllAccessors: .Accumulator2

===========================================================================================
----------------- testing Fri Jun 08 20:26:30 UTC 2018 /home/travis/build/icyphy/ptII/ptolemy/actor/lib/test/auto/Accumulator3.xml
----------------- Instantiating /home/travis/build/icyphy/ptII/ptolemy/actor/lib/test/auto/Accumulator3.xml
2 ms. Memory: 580096K Free: 266774K (46%)
----------------- Invoking toplevel() on ptolemy.moml.MoMLSimpleApplication@72df0455
----------------- Done invoking toplevel() on ptolemy.moml.MoMLSimpleApplication@72df0455
reloadAllAccessors: .Accumulator3

===========================================================================================
----------------- testing Fri Jun 08 20:26:30 UTC 2018 /home/travis/build/icyphy/ptII/ptolemy/actor/lib/test/auto/ArrayAppend.xml
----------------- Instantiating /home/travis/build/icyphy/ptII/ptolemy/actor/lib/test/auto/ArrayAppend.xml
4 ms. Memory: 580096K Free: 247373K (43%)
----------------- Invoking toplevel() on ptolemy.moml.MoMLSimpleApplication@299fc816
----------------- Done invoking toplevel() on ptolemy.moml.MoMLSimpleApplication@299fc816
reloadAllAccessors: .ArrayAppend

===========================================================================================
----------------- testing Fri Jun 08 20:26:30 UTC 2018 /home/travis/build/icyphy/ptII/ptolemy/actor/lib/test/auto/ArrayAppend2.xml
----------------- Instantiating /home/travis/build/icyphy/ptII/ptolemy/actor/lib/test/auto/ArrayAppend2.xml
544 ms. Memory: 580096K Free: 159360K (27%)
----------------- Invoking toplevel() on ptolemy.moml.MoMLSimpleApplication@3d83273e
----------------- Done invoking toplevel() on ptolemy.moml.MoMLSimpleApplication@3d83273e
reloadAllAccessors: .ArrayAppend2

===========================================================================================
----------------- testing Fri Jun 08 20:26:31 UTC 2018 /home/travis/build/icyphy/ptII/ptolemy/actor/lib/test/auto/ArrayAppend3.xml
----------------- Instantiating /home/travis/build/icyphy/ptII/ptolemy/actor/lib/test/auto/ArrayAppend3.xml
3 ms. Memory: 580096K Free: 149581K (26%)
----------------- Invoking toplevel() on ptolemy.moml.MoMLSimpleApplication@1d3f26f7
----------------- Done invoking toplevel() on ptolemy.moml.MoMLSimpleApplication@1d3f26f7
reloadAllAccessors: .ArrayAppend3

===========================================================================================
----------------- testing Fri Jun 08 20:26:31 UTC 2018 /home/travis/build/icyphy/ptII/ptolemy/actor/lib/test/auto/ArrayAppend4.xml
----------------- Instantiating /home/travis/build/icyphy/ptII/ptolemy/actor/lib/test/auto/ArrayAppend4.xml
2 ms. Memory: 580096K Free: 139802K (24%)
----------------- Invoking toplevel() on ptolemy.moml.MoMLSimpleApplication@129da27b
----------------- Done invoking toplevel() on ptolemy.moml.MoMLSimpleApplication@129da27b
reloadAllAccessors: .ArrayAppend4

===========================================================================================
----------------- testing Fri Jun 08 20:26:31 UTC 2018 /home/travis/build/icyphy/ptII/ptolemy/actor/lib/test/auto/ArrayAppend5.xml
----------------- Instantiating /home/travis/build/icyphy/ptII/ptolemy/actor/lib/test/auto/ArrayAppend5.xml
8 ms. Memory: 580096K Free: 120401K (21%)
----------------- Invoking toplevel() on ptolemy.moml.MoMLSimpleApplication@33aa0c07
----------------- Done invoking toplevel() on ptolemy.moml.MoMLSimpleApplication@33aa0c07
reloadAllAccessors: .ArrayAppend5

===========================================================================================
----------------- testing Fri Jun 08 20:26:31 UTC 2018 /home/travis/build/icyphy/ptII/ptolemy/actor/lib/test/auto/ArrayAppend6.xml
----------------- Instantiating /home/travis/build/icyphy/ptII/ptolemy/actor/lib/test/auto/ArrayAppend6.xml
3 ms. Memory: 580096K Free: 110622K (19%)
----------------- Invoking toplevel() on ptolemy.moml.MoMLSimpleApplication@7d4faefa
----------------- Done invoking toplevel() on ptolemy.moml.MoMLSimpleApplication@7d4faefa
reloadAllAccessors: .ArrayAppend6

===========================================================================================
----------------- testing Fri Jun 08 20:26:31 UTC 2018 /home/travis/build/icyphy/ptII/ptolemy/actor/lib/test/auto/ArrayAppendPerformanceTest.xml
----------------- Instantiating /home/travis/build/icyphy/ptII/ptolemy/actor/lib/test/auto/ArrayAppendPerformanceTest.xml
25 ms. Memory: 580096K Free: 95953K (17%)
----------------- Invoking toplevel() on ptolemy.moml.MoMLSimpleApplication@32acb373
----------------- Done invoking toplevel() on ptolemy.moml.MoMLSimpleApplication@32acb373
reloadAllAccessors: .ArrayAppendPerformanceTest

===========================================================================================
----------------- testing Fri Jun 08 20:26:31 UTC 2018 /home/travis/build/icyphy/ptII/ptolemy/actor/lib/test/auto/ArrayAppendWithEmptyInput.xml
----------------- Instantiating /home/travis/build/icyphy/ptII/ptolemy/actor/lib/test/auto/ArrayAppendWithEmptyInput.xml
16 ms. Memory: 580096K Free: 81268K (14%)
----------------- Invoking toplevel() on ptolemy.moml.MoMLSimpleApplication@776bb5ea
----------------- Done invoking toplevel() on ptolemy.moml.MoMLSimpleApplication@776bb5ea
reloadAllAccessors: .ArrayAppendWithEmptyInput

===========================================================================================
----------------- testing Fri Jun 08 20:26:31 UTC 2018 /home/travis/build/icyphy/ptII/ptolemy/actor/lib/test/auto/ArrayAverage.xml
----------------- Instantiating /home/travis/build/icyphy/ptII/ptolemy/actor/lib/test/auto/ArrayAverage.xml
10 ms. Memory: 580096K Free: 66591K (11%)
----------------- Invoking toplevel() on ptolemy.moml.MoMLSimpleApplication@27d1978
----------------- Done invoking toplevel() on ptolemy.moml.MoMLSimpleApplication@27d1978
reloadAllAccessors: .ArrayAverage

===========================================================================================
----------------- testing Fri Jun 08 20:26:31 UTC 2018 /home/travis/build/icyphy/ptII/ptolemy/actor/lib/test/auto/ArrayContains.xml
----------------- Instantiating /home/travis/build/icyphy/ptII/ptolemy/actor/lib/test/auto/ArrayContains.xml
2 ms. Memory: 880640K Free: 828976K (94%)
----------------- Invoking toplevel() on ptolemy.moml.MoMLSimpleApplication@8042349
----------------- Done invoking toplevel() on ptolemy.moml.MoMLSimpleApplication@8042349
reloadAllAccessors: .ArrayContains

===========================================================================================
----------------- testing Fri Jun 08 20:26:31 UTC 2018 /home/travis/build/icyphy/ptII/ptolemy/actor/lib/test/auto/ArrayElement.xml
----------------- Instantiating /home/travis/build/icyphy/ptII/ptolemy/actor/lib/test/auto/ArrayElement.xml
3 ms. Memory: 880640K Free: 799353K (91%)
----------------- Invoking toplevel() on ptolemy.moml.MoMLSimpleApplication@20d3c849
----------------- Done invoking toplevel() on ptolemy.moml.MoMLSimpleApplication@20d3c849
reloadAllAccessors: .ArrayElement

===========================================================================================
----------------- testing Fri Jun 08 20:26:31 UTC 2018 /home/travis/build/icyphy/ptII/ptolemy/actor/lib/test/auto/ArrayElementAsMatrix.xml
----------------- Instantiating /home/travis/build/icyphy/ptII/ptolemy/actor/lib/test/auto/ArrayElementAsMatrix.xml
13 ms. Memory: 880640K Free: 783719K (89%)
----------------- Invoking toplevel() on ptolemy.moml.MoMLSimpleApplication@1f8afe5f
----------------- Done invoking toplevel() on ptolemy.moml.MoMLSimpleApplication@1f8afe5f
reloadAllAccessors: .ArrayElementAsMatrix

===========================================================================================
----------------- testing Fri Jun 08 20:26:31 UTC 2018 /home/travis/build/icyphy/ptII/ptolemy/actor/lib/test/auto/ArrayElementI.xml
----------------- Instantiating /home/travis/build/icyphy/ptII/ptolemy/actor/lib/test/auto/ArrayElementI.xml
6 ms. Memory: 880640K Free: 772918K (88%)
----------------- Invoking toplevel() on ptolemy.moml.MoMLSimpleApplication@9e3812a
----------------- Done invoking toplevel() on ptolemy.moml.MoMLSimpleApplication@9e3812a
reloadAllAccessors: .ArrayElementI

===========================================================================================
----------------- testing Fri Jun 08 20:26:31 UTC 2018 /home/travis/build/icyphy/ptII/ptolemy/actor/lib/test/auto/ArrayExtract.xml
----------------- Instantiating /home/travis/build/icyphy/ptII/ptolemy/actor/lib/test/auto/ArrayExtract.xml
6 ms. Memory: 880640K Free: 762500K (87%)
----------------- Invoking toplevel() on ptolemy.moml.MoMLSimpleApplication@3e3c2898
----------------- Done invoking toplevel() on ptolemy.moml.MoMLSimpleApplication@3e3c2898
reloadAllAccessors: .ArrayExtract

===========================================================================================
----------------- testing Fri Jun 08 20:26:31 UTC 2018 /home/travis/build/icyphy/ptII/ptolemy/actor/lib/test/auto/ArrayExtract2.xml
----------------- Instantiating /home/travis/build/icyphy/ptII/ptolemy/actor/lib/test/auto/ArrayExtract2.xml
5 ms. Memory: 880640K Free: 752083K (85%)
----------------- Invoking toplevel() on ptolemy.moml.MoMLSimpleApplication@339faba6
----------------- Done invoking toplevel() on ptolemy.moml.MoMLSimpleApplication@339faba6
reloadAllAccessors: .ArrayExtract2

===========================================================================================
----------------- testing Fri Jun 08 20:26:31 UTC 2018 /home/travis/build/icyphy/ptII/ptolemy/actor/lib/test/auto/ArrayLength.xml
----------------- Instantiating /home/travis/build/icyphy/ptII/ptolemy/actor/lib/test/auto/ArrayLength.xml
1 ms. Memory: 880640K Free: 730273K (83%)
----------------- Invoking toplevel() on ptolemy.moml.MoMLSimpleApplication@2fef025f
----------------- Done invoking toplevel() on ptolemy.moml.MoMLSimpleApplication@2fef025f
reloadAllAccessors: .ArrayLength

===========================================================================================
----------------- testing Fri Jun 08 20:26:31 UTC 2018 /home/travis/build/icyphy/ptII/ptolemy/actor/lib/test/auto/ArrayLevelCrossing.xml
----------------- Instantiating /home/travis/build/icyphy/ptII/ptolemy/actor/lib/test/auto/ArrayLevelCrossing.xml
2 ms. Memory: 880640K Free: 714630K (81%)
----------------- Invoking toplevel() on ptolemy.moml.MoMLSimpleApplication@cae72be
----------------- Done invoking toplevel() on ptolemy.moml.MoMLSimpleApplication@cae72be
reloadAllAccessors: .ArrayLevelCrossing

===========================================================================================
----------------- testing Fri Jun 08 20:26:31 UTC 2018 /home/travis/build/icyphy/ptII/ptolemy/actor/lib/test/auto/ArrayLevelCrossing2.xml
----------------- Instantiating /home/travis/build/icyphy/ptII/ptolemy/actor/lib/test/auto/ArrayLevelCrossing2.xml
2 ms. Memory: 880640K Free: 704213K (80%)
----------------- Invoking toplevel() on ptolemy.moml.MoMLSimpleApplication@2e94e400
----------------- Done invoking toplevel() on ptolemy.moml.MoMLSimpleApplication@2e94e400
reloadAllAccessors: .ArrayLevelCrossing2

===========================================================================================
----------------- testing Fri Jun 08 20:26:31 UTC 2018 /home/travis/build/icyphy/ptII/ptolemy/actor/lib/test/auto/ArrayPeakSearch.xml
----------------- Instantiating /home/travis/build/icyphy/ptII/ptolemy/actor/lib/test/auto/ArrayPeakSearch.xml
3 ms. Memory: 880640K Free: 688571K (78%)
----------------- Invoking toplevel() on ptolemy.moml.MoMLSimpleApplication@5086bfe5
----------------- Done invoking toplevel() on ptolemy.moml.MoMLSimpleApplication@5086bfe5
reloadAllAccessors: .ArrayPeakSearch

===========================================================================================
----------------- testing Fri Jun 08 20:26:31 UTC 2018 /home/travis/build/icyphy/ptII/ptolemy/actor/lib/test/auto/ArrayPeakSearch2.xml
----------------- Instantiating /home/travis/build/icyphy/ptII/ptolemy/actor/lib/test/auto/ArrayPeakSearch2.xml
10 ms. Memory: 880640K Free: 672928K (76%)
----------------- Invoking toplevel() on ptolemy.moml.MoMLSimpleApplication@148b8126
----------------- Done invoking toplevel() on ptolemy.moml.MoMLSimpleApplication@148b8126
reloadAllAccessors: .ArrayPeakSearch2

===========================================================================================
----------------- testing Fri Jun 08 20:26:31 UTC 2018 /home/travis/build/icyphy/ptII/ptolemy/actor/lib/test/auto/ArrayPeakSearch3.xml
----------------- Instantiating /home/travis/build/icyphy/ptII/ptolemy/actor/lib/test/auto/ArrayPeakSearch3.xml
6 ms. Memory: 880640K Free: 645894K (73%)
----------------- Invoking toplevel() on ptolemy.moml.MoMLSimpleApplication@d73974e
----------------- Done invoking toplevel() on ptolemy.moml.MoMLSimpleApplication@d73974e
reloadAllAccessors: .ArrayPeakSearch3

===========================================================================================
----------------- testing Fri Jun 08 20:26:31 UTC 2018 /home/travis/build/icyphy/ptII/ptolemy/actor/lib/test/auto/ArrayRemoveElement.xml
----------------- Instantiating /home/travis/build/icyphy/ptII/ptolemy/actor/lib/test/auto/ArrayRemoveElement.xml
4 ms. Memory: 880640K Free: 630251K (72%)
----------------- Invoking toplevel() on ptolemy.moml.MoMLSimpleApplication@2dabddf8
----------------- Done invoking toplevel() on ptolemy.moml.MoMLSimpleApplication@2dabddf8
reloadAllAccessors: .ArrayRemoveElement

===========================================================================================
----------------- testing Fri Jun 08 20:26:31 UTC 2018 /home/travis/build/icyphy/ptII/ptolemy/actor/lib/test/auto/ArraySort.xml
----------------- Instantiating /home/travis/build/icyphy/ptII/ptolemy/actor/lib/test/auto/ArraySort.xml
7 ms. Memory: 880640K Free: 614625K (70%)
----------------- Invoking toplevel() on ptolemy.moml.MoMLSimpleApplication@12e004dc
----------------- Done invoking toplevel() on ptolemy.moml.MoMLSimpleApplication@12e004dc
reloadAllAccessors: .ArraySort

===========================================================================================
----------------- testing Fri Jun 08 20:26:31 UTC 2018 /home/travis/build/icyphy/ptII/ptolemy/actor/lib/test/auto/ArraySum.xml
----------------- Instantiating /home/travis/build/icyphy/ptII/ptolemy/actor/lib/test/auto/ArraySum.xml
6 ms. Memory: 880640K Free: 604207K (69%)
----------------- Invoking toplevel() on ptolemy.moml.MoMLSimpleApplication@2c938b6c
----------------- Done invoking toplevel() on ptolemy.moml.MoMLSimpleApplication@2c938b6c
reloadAllAccessors: .ArraySum

===========================================================================================
----------------- testing Fri Jun 08 20:26:32 UTC 2018 /home/travis/build/icyphy/ptII/ptolemy/actor/lib/test/auto/ArrayToElements.xml
----------------- Instantiating /home/travis/build/icyphy/ptII/ptolemy/actor/lib/test/auto/ArrayToElements.xml
3 ms. Memory: 880640K Free: 593790K (67%)
----------------- Invoking toplevel() on ptolemy.moml.MoMLSimpleApplication@7cd0d341
----------------- Done invoking toplevel() on ptolemy.moml.MoMLSimpleApplication@7cd0d341
reloadAllAccessors: .ArrayToElements

===========================================================================================
----------------- testing Fri Jun 08 20:26:32 UTC 2018 /home/travis/build/icyphy/ptII/ptolemy/actor/lib/test/auto/ArrayToMatrix.xml
----------------- Instantiating /home/travis/build/icyphy/ptII/ptolemy/actor/lib/test/auto/ArrayToMatrix.xml
5 ms. Memory: 880640K Free: 561562K (64%)
----------------- Invoking toplevel() on ptolemy.moml.MoMLSimpleApplication@46d38d5
----------------- Done invoking toplevel() on ptolemy.moml.MoMLSimpleApplication@46d38d5
reloadAllAccessors: .ArrayToMatrix

===========================================================================================
----------------- testing Fri Jun 08 20:26:32 UTC 2018 /home/travis/build/icyphy/ptII/ptolemy/actor/lib/test/auto/ArrayUpdate1.xml
----------------- Instantiating /home/travis/build/icyphy/ptII/ptolemy/actor/lib/test/auto/ArrayUpdate1.xml
3 ms. Memory: 880640K Free: 551144K (63%)
----------------- Invoking toplevel() on ptolemy.moml.MoMLSimpleApplication@6070d4be
----------------- Done invoking toplevel() on ptolemy.moml.MoMLSimpleApplication@6070d4be
reloadAllAccessors: .ArrayUpdate1

===========================================================================================
----------------- testing Fri Jun 08 20:26:32 UTC 2018 /home/travis/build/icyphy/ptII/ptolemy/actor/lib/test/auto/ArrayUpdate2.xml
----------------- Instantiating /home/travis/build/icyphy/ptII/ptolemy/actor/lib/test/auto/ArrayUpdate2.xml
13 ms. Memory: 880640K Free: 540727K (61%)
----------------- Invoking toplevel() on ptolemy.moml.MoMLSimpleApplication@25a228b2
----------------- Done invoking toplevel() on ptolemy.moml.MoMLSimpleApplication@25a228b2
reloadAllAccessors: .ArrayUpdate2

===========================================================================================
----------------- testing Fri Jun 08 20:26:32 UTC 2018 /home/travis/build/icyphy/ptII/ptolemy/actor/lib/test/auto/ArrayUpdate3.xml
----------------- Instantiating /home/travis/build/icyphy/ptII/ptolemy/actor/lib/test/auto/ArrayUpdate3.xml
1 ms. Memory: 880640K Free: 530309K (60%)
----------------- Invoking toplevel() on ptolemy.moml.MoMLSimpleApplication@1cc723e0
----------------- Done invoking toplevel() on ptolemy.moml.MoMLSimpleApplication@1cc723e0
reloadAllAccessors: .ArrayUpdate3

===========================================================================================
----------------- testing Fri Jun 08 20:26:32 UTC 2018 /home/travis/build/icyphy/ptII/ptolemy/actor/lib/test/auto/Assert1.xml
----------------- Instantiating /home/travis/build/icyphy/ptII/ptolemy/actor/lib/test/auto/Assert1.xml
2 ms. Memory: 880640K Free: 519892K (59%)
----------------- Invoking toplevel() on ptolemy.moml.MoMLSimpleApplication@5118c89c
----------------- Done invoking toplevel() on ptolemy.moml.MoMLSimpleApplication@5118c89c
reloadAllAccessors: .Assert1

===========================================================================================
----------------- testing Fri Jun 08 20:26:32 UTC 2018 /home/travis/build/icyphy/ptII/ptolemy/actor/lib/test/auto/Assert2.xml
----------------- Instantiating /home/travis/build/icyphy/ptII/ptolemy/actor/lib/test/auto/Assert2.xml
6 ms. Memory: 880640K Free: 498082K (57%)
----------------- Invoking toplevel() on ptolemy.moml.MoMLSimpleApplication@67e9c9f3
----------------- Done invoking toplevel() on ptolemy.moml.MoMLSimpleApplication@67e9c9f3
reloadAllAccessors: .Assert2

===========================================================================================
----------------- testing Fri Jun 08 20:26:32 UTC 2018 /home/travis/build/icyphy/ptII/ptolemy/actor/lib/test/auto/BooleanMultiplexor.xml
----------------- Instantiating /home/travis/build/icyphy/ptII/ptolemy/actor/lib/test/auto/BooleanMultiplexor.xml
2 ms. Memory: 880640K Free: 487664K (55%)
----------------- Invoking toplevel() on ptolemy.moml.MoMLSimpleApplication@82482c
----------------- Done invoking toplevel() on ptolemy.moml.MoMLSimpleApplication@82482c
reloadAllAccessors: .BooleanMultiplexor

===========================================================================================
----------------- testing Fri Jun 08 20:26:32 UTC 2018 /home/travis/build/icyphy/ptII/ptolemy/actor/lib/test/auto/BooleanMultiplexor2.xml
----------------- Instantiating /home/travis/build/icyphy/ptII/ptolemy/actor/lib/test/auto/BooleanMultiplexor2.xml
3 ms. Memory: 880640K Free: 477247K (54%)
----------------- Invoking toplevel() on ptolemy.moml.MoMLSimpleApplication@24b36485
----------------- Done invoking toplevel() on ptolemy.moml.MoMLSimpleApplication@24b36485
reloadAllAccessors: .BooleanMultiplexor2

===========================================================================================
----------------- testing Fri Jun 08 20:26:32 UTC 2018 /home/travis/build/icyphy/ptII/ptolemy/actor/lib/test/auto/BooleanMultiplexor3.xml
----------------- Instantiating /home/travis/build/icyphy/ptII/ptolemy/actor/lib/test/auto/BooleanMultiplexor3.xml
5 ms. Memory: 880640K Free: 466829K (53%)
----------------- Invoking toplevel() on ptolemy.moml.MoMLSimpleApplication@6396d8e1
----------------- Done invoking toplevel() on ptolemy.moml.MoMLSimpleApplication@6396d8e1
reloadAllAccessors: .BooleanMultiplexor3

===========================================================================================
----------------- testing Fri Jun 08 20:26:32 UTC 2018 /home/travis/build/icyphy/ptII/ptolemy/actor/lib/test/auto/BooleanSelect.xml
----------------- Instantiating /home/travis/build/icyphy/ptII/ptolemy/actor/lib/test/auto/BooleanSelect.xml
6 ms. Memory: 880640K Free: 456412K (52%)
----------------- Invoking toplevel() on ptolemy.moml.MoMLSimpleApplication@654d38c6
----------------- Done invoking toplevel() on ptolemy.moml.MoMLSimpleApplication@654d38c6
reloadAllAccessors: .BooleanSelect

===========================================================================================
----------------- testing Fri Jun 08 20:26:32 UTC 2018 /home/travis/build/icyphy/ptII/ptolemy/actor/lib/test/auto/BooleanSelect2.xml
----------------- Instantiating /home/travis/build/icyphy/ptII/ptolemy/actor/lib/test/auto/BooleanSelect2.xml
1 ms. Memory: 880640K Free: 434602K (49%)
----------------- Invoking toplevel() on ptolemy.moml.MoMLSimpleApplication@6f97933
----------------- Done invoking toplevel() on ptolemy.moml.MoMLSimpleApplication@6f97933
reloadAllAccessors: .BooleanSelect2

===========================================================================================
----------------- testing Fri Jun 08 20:26:32 UTC 2018 /home/travis/build/icyphy/ptII/ptolemy/actor/lib/test/auto/BooleanSwitch.xml
----------------- Instantiating /home/travis/build/icyphy/ptII/ptolemy/actor/lib/test/auto/BooleanSwitch.xml
4 ms. Memory: 880640K Free: 424184K (48%)
----------------- Invoking toplevel() on ptolemy.moml.MoMLSimpleApplication@17a7a9a7
----------------- Done invoking toplevel() on ptolemy.moml.MoMLSimpleApplication@17a7a9a7
reloadAllAccessors: .BooleanSwitch

===========================================================================================
----------------- testing Fri Jun 08 20:26:32 UTC 2018 /home/travis/build/icyphy/ptII/ptolemy/actor/lib/test/auto/BooleanSwitch2.xml
----------------- Instantiating /home/travis/build/icyphy/ptII/ptolemy/actor/lib/test/auto/BooleanSwitch2.xml
2 ms. Memory: 880640K Free: 413767K (47%)
----------------- Invoking toplevel() on ptolemy.moml.MoMLSimpleApplication@3195c6f3
----------------- Done invoking toplevel() on ptolemy.moml.MoMLSimpleApplication@3195c6f3
reloadAllAccessors: .BooleanSwitch2

===========================================================================================
----------------- testing Fri Jun 08 20:26:32 UTC 2018 /home/travis/build/icyphy/ptII/ptolemy/actor/lib/test/auto/BooleanSwitchCloningBugWithClassRelationGroup.xml
----------------- Instantiating /home/travis/build/icyphy/ptII/ptolemy/actor/lib/test/auto/BooleanSwitchCloningBugWithClassRelationGroup.xml
3 ms. Memory: 880640K Free: 403349K (46%)
----------------- Invoking toplevel() on ptolemy.moml.MoMLSimpleApplication@4f991af7
----------------- Done invoking toplevel() on ptolemy.moml.MoMLSimpleApplication@4f991af7
reloadAllAccessors: .BooleanSwitchCloningBugWithClassRelationGroup

===========================================================================================
----------------- testing Fri Jun 08 20:26:32 UTC 2018 /home/travis/build/icyphy/ptII/ptolemy/actor/lib/test/auto/BusActors.xml
----------------- Instantiating /home/travis/build/icyphy/ptII/ptolemy/actor/lib/test/auto/BusActors.xml
3 ms. Memory: 880640K Free: 387723K (44%)
----------------- Invoking toplevel() on ptolemy.moml.MoMLSimpleApplication@2a819b
----------------- Done invoking toplevel() on ptolemy.moml.MoMLSimpleApplication@2a819b
reloadAllAccessors: .BusActors

===========================================================================================
----------------- testing Fri Jun 08 20:26:32 UTC 2018 /home/travis/build/icyphy/ptII/ptolemy/actor/lib/test/auto/ClassWrapper.xml
----------------- Instantiating /home/travis/build/icyphy/ptII/ptolemy/actor/lib/test/auto/ClassWrapper.xml
2 ms. Memory: 880640K Free: 365913K (42%)
----------------- Invoking toplevel() on ptolemy.moml.MoMLSimpleApplication@349912a1
----------------- Done invoking toplevel() on ptolemy.moml.MoMLSimpleApplication@349912a1
reloadAllAccessors: .ClassWrapper

===========================================================================================
----------------- testing Fri Jun 08 20:26:32 UTC 2018 /home/travis/build/icyphy/ptII/ptolemy/actor/lib/test/auto/Clock.xml
----------------- Instantiating /home/travis/build/icyphy/ptII/ptolemy/actor/lib/test/auto/Clock.xml
5 ms. Memory: 880640K Free: 355495K (40%)
----------------- Invoking toplevel() on ptolemy.moml.MoMLSimpleApplication@5a134a2e
----------------- Done invoking toplevel() on ptolemy.moml.MoMLSimpleApplication@5a134a2e
reloadAllAccessors: .Clock

===========================================================================================
----------------- testing Fri Jun 08 20:26:32 UTC 2018 /home/travis/build/icyphy/ptII/ptolemy/actor/lib/test/auto/Clock10.xml
----------------- Instantiating /home/travis/build/icyphy/ptII/ptolemy/actor/lib/test/auto/Clock10.xml
2 ms. Memory: 880640K Free: 345077K (39%)
----------------- Invoking toplevel() on ptolemy.moml.MoMLSimpleApplication@2d5e91ad
----------------- Done invoking toplevel() on ptolemy.moml.MoMLSimpleApplication@2d5e91ad
reloadAllAccessors: .Clock10

===========================================================================================
----------------- testing Fri Jun 08 20:26:32 UTC 2018 /home/travis/build/icyphy/ptII/ptolemy/actor/lib/test/auto/Clock11.xml
----------------- Instantiating /home/travis/build/icyphy/ptII/ptolemy/actor/lib/test/auto/Clock11.xml
2 ms. Memory: 880640K Free: 334660K (38%)
----------------- Invoking toplevel() on ptolemy.moml.MoMLSimpleApplication@7157a98c
----------------- Done invoking toplevel() on ptolemy.moml.MoMLSimpleApplication@7157a98c
reloadAllAccessors: .Clock11

===========================================================================================
----------------- testing Fri Jun 08 20:26:32 UTC 2018 /home/travis/build/icyphy/ptII/ptolemy/actor/lib/test/auto/Clock12.xml
----------------- Instantiating /home/travis/build/icyphy/ptII/ptolemy/actor/lib/test/auto/Clock12.xml
2 ms. Memory: 880640K Free: 324242K (37%)
----------------- Invoking toplevel() on ptolemy.moml.MoMLSimpleApplication@796e5a3f
----------------- Done invoking toplevel() on ptolemy.moml.MoMLSimpleApplication@796e5a3f
reloadAllAccessors: .Clock12

===========================================================================================
----------------- testing Fri Jun 08 20:26:32 UTC 2018 /home/travis/build/icyphy/ptII/ptolemy/actor/lib/test/auto/Clock13.xml
----------------- Instantiating /home/travis/build/icyphy/ptII/ptolemy/actor/lib/test/auto/Clock13.xml
11 ms. Memory: 880640K Free: 302432K (34%)
----------------- Invoking toplevel() on ptolemy.moml.MoMLSimpleApplication@15f4ca5e
----------------- Done invoking toplevel() on ptolemy.moml.MoMLSimpleApplication@15f4ca5e
reloadAllAccessors: .Clock13

===========================================================================================
----------------- testing Fri Jun 08 20:26:32 UTC 2018 /home/travis/build/icyphy/ptII/ptolemy/actor/lib/test/auto/Clock14.xml
----------------- Instantiating /home/travis/build/icyphy/ptII/ptolemy/actor/lib/test/auto/Clock14.xml
9 ms. Memory: 880640K Free: 292015K (33%)
----------------- Invoking toplevel() on ptolemy.moml.MoMLSimpleApplication@5d030e26
----------------- Done invoking toplevel() on ptolemy.moml.MoMLSimpleApplication@5d030e26
reloadAllAccessors: .Clock14

===========================================================================================
----------------- testing Fri Jun 08 20:26:32 UTC 2018 /home/travis/build/icyphy/ptII/ptolemy/actor/lib/test/auto/Clock15.xml
----------------- Instantiating /home/travis/build/icyphy/ptII/ptolemy/actor/lib/test/auto/Clock15.xml
7 ms. Memory: 880640K Free: 281597K (32%)
----------------- Invoking toplevel() on ptolemy.moml.MoMLSimpleApplication@3dc85c58
----------------- Done invoking toplevel() on ptolemy.moml.MoMLSimpleApplication@3dc85c58
reloadAllAccessors: .Clock15

===========================================================================================
----------------- testing Fri Jun 08 20:26:32 UTC 2018 /home/travis/build/icyphy/ptII/ptolemy/actor/lib/test/auto/Clock16.xml
----------------- Instantiating /home/travis/build/icyphy/ptII/ptolemy/actor/lib/test/auto/Clock16.xml
20 ms. Memory: 880640K Free: 260730K (30%)
----------------- Invoking toplevel() on ptolemy.moml.MoMLSimpleApplication@7848d778
----------------- Done invoking toplevel() on ptolemy.moml.MoMLSimpleApplication@7848d778
reloadAllAccessors: .Clock16

===========================================================================================
----------------- testing Fri Jun 08 20:26:32 UTC 2018 /home/travis/build/icyphy/ptII/ptolemy/actor/lib/test/auto/Clock17.xml
----------------- Instantiating /home/travis/build/icyphy/ptII/ptolemy/actor/lib/test/auto/Clock17.xml
15 ms. Memory: 880640K Free: 245104K (28%)
----------------- Invoking toplevel() on ptolemy.moml.MoMLSimpleApplication@2174925f
----------------- Done invoking toplevel() on ptolemy.moml.MoMLSimpleApplication@2174925f
reloadAllAccessors: .Clock17

===========================================================================================
----------------- testing Fri Jun 08 20:26:32 UTC 2018 /home/travis/build/icyphy/ptII/ptolemy/actor/lib/test/auto/Clock18.xml
----------------- Instantiating /home/travis/build/icyphy/ptII/ptolemy/actor/lib/test/auto/Clock18.xml
14 ms. Memory: 880640K Free: 218085K (25%)
----------------- Invoking toplevel() on ptolemy.moml.MoMLSimpleApplication@39107272
----------------- Done invoking toplevel() on ptolemy.moml.MoMLSimpleApplication@39107272
reloadAllAccessors: .Clock18

===========================================================================================
----------------- testing Fri Jun 08 20:26:32 UTC 2018 /home/travis/build/icyphy/ptII/ptolemy/actor/lib/test/auto/Clock19.xml
----------------- Instantiating /home/travis/build/icyphy/ptII/ptolemy/actor/lib/test/auto/Clock19.xml
12 ms. Memory: 880640K Free: 202443K (23%)
----------------- Invoking toplevel() on ptolemy.moml.MoMLSimpleApplication@761937df
----------------- Done invoking toplevel() on ptolemy.moml.MoMLSimpleApplication@761937df
reloadAllAccessors: .Clock19

===========================================================================================
----------------- testing Fri Jun 08 20:26:32 UTC 2018 /home/travis/build/icyphy/ptII/ptolemy/actor/lib/test/auto/Clock2.xml
----------------- Instantiating /home/travis/build/icyphy/ptII/ptolemy/actor/lib/test/auto/Clock2.xml
6 ms. Memory: 880640K Free: 192025K (22%)
----------------- Invoking toplevel() on ptolemy.moml.MoMLSimpleApplication@1fcfb4b3
----------------- Done invoking toplevel() on ptolemy.moml.MoMLSimpleApplication@1fcfb4b3
reloadAllAccessors: .Clock2

===========================================================================================
----------------- testing Fri Jun 08 20:26:32 UTC 2018 /home/travis/build/icyphy/ptII/ptolemy/actor/lib/test/auto/Clock20.xml
----------------- Instantiating /home/travis/build/icyphy/ptII/ptolemy/actor/lib/test/auto/Clock20.xml
8 ms. Memory: 880640K Free: 181608K (21%)
----------------- Invoking toplevel() on ptolemy.moml.MoMLSimpleApplication@332fed68
----------------- Done invoking toplevel() on ptolemy.moml.MoMLSimpleApplication@332fed68
reloadAllAccessors: .Clock20

===========================================================================================
----------------- testing Fri Jun 08 20:26:32 UTC 2018 /home/travis/build/icyphy/ptII/ptolemy/actor/lib/test/auto/Clock21.xml
----------------- Instantiating /home/travis/build/icyphy/ptII/ptolemy/actor/lib/test/auto/Clock21.xml
7 ms. Memory: 880640K Free: 171190K (19%)
----------------- Invoking toplevel() on ptolemy.moml.MoMLSimpleApplication@5a4a4350
----------------- Done invoking toplevel() on ptolemy.moml.MoMLSimpleApplication@5a4a4350
reloadAllAccessors: .Clock21

===========================================================================================
----------------- testing Fri Jun 08 20:26:32 UTC 2018 /home/travis/build/icyphy/ptII/ptolemy/actor/lib/test/auto/Clock22.xml
----------------- Instantiating /home/travis/build/icyphy/ptII/ptolemy/actor/lib/test/auto/Clock22.xml
7 ms. Memory: 880640K Free: 160773K (18%)
----------------- Invoking toplevel() on ptolemy.moml.MoMLSimpleApplication@4f667761
----------------- Done invoking toplevel() on ptolemy.moml.MoMLSimpleApplication@4f667761
reloadAllAccessors: .Clock22

===========================================================================================
----------------- testing Fri Jun 08 20:26:32 UTC 2018 /home/travis/build/icyphy/ptII/ptolemy/actor/lib/test/auto/Clock23.xml
----------------- Instantiating /home/travis/build/icyphy/ptII/ptolemy/actor/lib/test/auto/Clock23.xml
6 ms. Memory: 880640K Free: 138962K (16%)
----------------- Invoking toplevel() on ptolemy.moml.MoMLSimpleApplication@2f2d296a
----------------- Done invoking toplevel() on ptolemy.moml.MoMLSimpleApplication@2f2d296a
reloadAllAccessors: .Clock23

===========================================================================================
----------------- testing Fri Jun 08 20:26:32 UTC 2018 /home/travis/build/icyphy/ptII/ptolemy/actor/lib/test/auto/Clock24.xml
----------------- Instantiating /home/travis/build/icyphy/ptII/ptolemy/actor/lib/test/auto/Clock24.xml
7 ms. Memory: 880640K Free: 128545K (15%)
----------------- Invoking toplevel() on ptolemy.moml.MoMLSimpleApplication@4169fc1e
----------------- Done invoking toplevel() on ptolemy.moml.MoMLSimpleApplication@4169fc1e
reloadAllAccessors: .Clock24

===========================================================================================
----------------- testing Fri Jun 08 20:26:33 UTC 2018 /home/travis/build/icyphy/ptII/ptolemy/actor/lib/test/auto/Clock4.xml
----------------- Instantiating /home/travis/build/icyphy/ptII/ptolemy/actor/lib/test/auto/Clock4.xml
6 ms. Memory: 880640K Free: 118127K (13%)
----------------- Invoking toplevel() on ptolemy.moml.MoMLSimpleApplication@e21e563
----------------- Done invoking toplevel() on ptolemy.moml.MoMLSimpleApplication@e21e563
reloadAllAccessors: .Clock4

===========================================================================================
----------------- testing Fri Jun 08 20:26:33 UTC 2018 /home/travis/build/icyphy/ptII/ptolemy/actor/lib/test/auto/Clock5.xml
----------------- Instantiating /home/travis/build/icyphy/ptII/ptolemy/actor/lib/test/auto/Clock5.xml
3 ms. Memory: 880640K Free: 107710K (12%)
----------------- Invoking toplevel() on ptolemy.moml.MoMLSimpleApplication@5d3a7b59
----------------- Done invoking toplevel() on ptolemy.moml.MoMLSimpleApplication@5d3a7b59
reloadAllAccessors: .Clock5

===========================================================================================
----------------- testing Fri Jun 08 20:26:33 UTC 2018 /home/travis/build/icyphy/ptII/ptolemy/actor/lib/test/auto/Clock6.xml
----------------- Instantiating /home/travis/build/icyphy/ptII/ptolemy/actor/lib/test/auto/Clock6.xml
2 ms. Memory: 880640K Free: 97292K (11%)
----------------- Invoking toplevel() on ptolemy.moml.MoMLSimpleApplication@5d2c4a99
----------------- Done invoking toplevel() on ptolemy.moml.MoMLSimpleApplication@5d2c4a99
reloadAllAccessors: .Clock6

===========================================================================================
----------------- testing Fri Jun 08 20:26:33 UTC 2018 /home/travis/build/icyphy/ptII/ptolemy/actor/lib/test/auto/Clock7.xml
----------------- Instantiating /home/travis/build/icyphy/ptII/ptolemy/actor/lib/test/auto/Clock7.xml
2 ms. Memory: 880640K Free: 75482K (9%)
----------------- Invoking toplevel() on ptolemy.moml.MoMLSimpleApplication@297d0c2f
----------------- Done invoking toplevel() on ptolemy.moml.MoMLSimpleApplication@297d0c2f
reloadAllAccessors: .Clock7

===========================================================================================
----------------- testing Fri Jun 08 20:26:33 UTC 2018 /home/travis/build/icyphy/ptII/ptolemy/actor/lib/test/auto/Clock8.xml
----------------- Instantiating /home/travis/build/icyphy/ptII/ptolemy/actor/lib/test/auto/Clock8.xml
7 ms. Memory: 880640K Free: 65065K (7%)
----------------- Invoking toplevel() on ptolemy.moml.MoMLSimpleApplication@2db6be6e
----------------- Done invoking toplevel() on ptolemy.moml.MoMLSimpleApplication@2db6be6e
reloadAllAccessors: .Clock8

===========================================================================================
----------------- testing Fri Jun 08 20:26:33 UTC 2018 /home/travis/build/icyphy/ptII/ptolemy/actor/lib/test/auto/Clock9.xml
----------------- Instantiating /home/travis/build/icyphy/ptII/ptolemy/actor/lib/test/auto/Clock9.xml
7 ms. Memory: 880640K Free: 56808K (6%)
----------------- Invoking toplevel() on ptolemy.moml.MoMLSimpleApplication@5590e856
----------------- Done invoking toplevel() on ptolemy.moml.MoMLSimpleApplication@5590e856
reloadAllAccessors: .Clock9

===========================================================================================
----------------- testing Fri Jun 08 20:26:33 UTC 2018 /home/travis/build/icyphy/ptII/ptolemy/actor/lib/test/auto/CommDistDiscard.xml
----------------- Instantiating /home/travis/build/icyphy/ptII/ptolemy/actor/lib/test/auto/CommDistDiscard.xml
4 ms. Memory: 881664K Free: 829458K (94%)
----------------- Invoking toplevel() on ptolemy.moml.MoMLSimpleApplication@5944a528
----------------- Done invoking toplevel() on ptolemy.moml.MoMLSimpleApplication@5944a528
reloadAllAccessors: .CommDistDiscard

===========================================================================================
----------------- testing Fri Jun 08 20:26:33 UTC 2018 /home/travis/build/icyphy/ptII/ptolemy/actor/lib/test/auto/Commutator.xml
----------------- Instantiating /home/travis/build/icyphy/ptII/ptolemy/actor/lib/test/auto/Commutator.xml
2 ms. Memory: 881664K Free: 810823K (92%)
----------------- Invoking toplevel() on ptolemy.moml.MoMLSimpleApplication@2e1a5f36
----------------- Done invoking toplevel() on ptolemy.moml.MoMLSimpleApplication@2e1a5f36
reloadAllAccessors: .Commutator

===========================================================================================
----------------- testing Fri Jun 08 20:26:33 UTC 2018 /home/travis/build/icyphy/ptII/ptolemy/actor/lib/test/auto/Commutator2.xml
----------------- Instantiating /home/travis/build/icyphy/ptII/ptolemy/actor/lib/test/auto/Commutator2.xml
2 ms. Memory: 881664K Free: 800406K (91%)
----------------- Invoking toplevel() on ptolemy.moml.MoMLSimpleApplication@36cd34d
----------------- Done invoking toplevel() on ptolemy.moml.MoMLSimpleApplication@36cd34d
reloadAllAccessors: .Commutator2

===========================================================================================
----------------- testing Fri Jun 08 20:26:33 UTC 2018 /home/travis/build/icyphy/ptII/ptolemy/actor/lib/test/auto/Commutator3.xml
----------------- Instantiating /home/travis/build/icyphy/ptII/ptolemy/actor/lib/test/auto/Commutator3.xml
1 ms. Memory: 881664K Free: 789988K (90%)
----------------- Invoking toplevel() on ptolemy.moml.MoMLSimpleApplication@6b768cc7
----------------- Done invoking toplevel() on ptolemy.moml.MoMLSimpleApplication@6b768cc7
reloadAllAccessors: .Commutator3

===========================================================================================
----------------- testing Fri Jun 08 20:26:33 UTC 2018 /home/travis/build/icyphy/ptII/ptolemy/actor/lib/test/auto/Compare.xml
----------------- Instantiating /home/travis/build/icyphy/ptII/ptolemy/actor/lib/test/auto/Compare.xml
2 ms. Memory: 881664K Free: 771354K (87%)
----------------- Invoking toplevel() on ptolemy.moml.MoMLSimpleApplication@6cce7b2c
----------------- Done invoking toplevel() on ptolemy.moml.MoMLSimpleApplication@6cce7b2c
reloadAllAccessors: .Compare

===========================================================================================
----------------- testing Fri Jun 08 20:26:33 UTC 2018 /home/travis/build/icyphy/ptII/ptolemy/actor/lib/test/auto/CompareDE.xml
----------------- Instantiating /home/travis/build/icyphy/ptII/ptolemy/actor/lib/test/auto/CompareDE.xml
4 ms. Memory: 881664K Free: 760936K (86%)
----------------- Invoking toplevel() on ptolemy.moml.MoMLSimpleApplication@3b86b451
----------------- Done invoking toplevel() on ptolemy.moml.MoMLSimpleApplication@3b86b451
reloadAllAccessors: .CompareDE

===========================================================================================
----------------- testing Fri Jun 08 20:26:33 UTC 2018 /home/travis/build/icyphy/ptII/ptolemy/actor/lib/test/auto/ComplexDivide.xml
----------------- Instantiating /home/travis/build/icyphy/ptII/ptolemy/actor/lib/test/auto/ComplexDivide.xml
1 ms. Memory: 881664K Free: 750518K (85%)
----------------- Invoking toplevel() on ptolemy.moml.MoMLSimpleApplication@71b843b9
----------------- Done invoking toplevel() on ptolemy.moml.MoMLSimpleApplication@71b843b9
reloadAllAccessors: .ComplexDivide

===========================================================================================
----------------- testing Fri Jun 08 20:26:33 UTC 2018 /home/travis/build/icyphy/ptII/ptolemy/actor/lib/test/auto/ComputeHistogram.xml
----------------- Instantiating /home/travis/build/icyphy/ptII/ptolemy/actor/lib/test/auto/ComputeHistogram.xml
37 ms. Memory: 881664K Free: 734892K (83%)
----------------- Invoking toplevel() on ptolemy.moml.MoMLSimpleApplication@5538c2d3
----------------- Done invoking toplevel() on ptolemy.moml.MoMLSimpleApplication@5538c2d3
reloadAllAccessors: .ComputeHistogram

===========================================================================================
----------------- testing Fri Jun 08 20:26:33 UTC 2018 /home/travis/build/icyphy/ptII/ptolemy/actor/lib/test/auto/ConfigurationSelect.xml
----------------- Instantiating /home/travis/build/icyphy/ptII/ptolemy/actor/lib/test/auto/ConfigurationSelect.xml
3 ms. Memory: 881664K Free: 716257K (81%)
----------------- Invoking toplevel() on ptolemy.moml.MoMLSimpleApplication@69c68b77
----------------- Done invoking toplevel() on ptolemy.moml.MoMLSimpleApplication@69c68b77
reloadAllAccessors: .ConfigurationSelect

===========================================================================================
----------------- testing Fri Jun 08 20:26:33 UTC 2018 /home/travis/build/icyphy/ptII/ptolemy/actor/lib/test/auto/ConfigurationSelect2.xml
----------------- Instantiating /home/travis/build/icyphy/ptII/ptolemy/actor/lib/test/auto/ConfigurationSelect2.xml
2 ms. Memory: 881664K Free: 705840K (80%)
----------------- Invoking toplevel() on ptolemy.moml.MoMLSimpleApplication@6c92f748
----------------- Done invoking toplevel() on ptolemy.moml.MoMLSimpleApplication@6c92f748
reloadAllAccessors: .ConfigurationSelect2

===========================================================================================
----------------- testing Fri Jun 08 20:26:33 UTC 2018 /home/travis/build/icyphy/ptII/ptolemy/actor/lib/test/auto/ConfigurationSwitch.xml
----------------- Instantiating /home/travis/build/icyphy/ptII/ptolemy/actor/lib/test/auto/ConfigurationSwitch.xml
1 ms. Memory: 881664K Free: 695422K (79%)
----------------- Invoking toplevel() on ptolemy.moml.MoMLSimpleApplication@1c0250cc
----------------- Done invoking toplevel() on ptolemy.moml.MoMLSimpleApplication@1c0250cc
reloadAllAccessors: .ConfigurationSwitch

===========================================================================================
----------------- testing Fri Jun 08 20:26:33 UTC 2018 /home/travis/build/icyphy/ptII/ptolemy/actor/lib/test/auto/ConfigurationSwitch2.xml
----------------- Instantiating /home/travis/build/icyphy/ptII/ptolemy/actor/lib/test/auto/ConfigurationSwitch2.xml
3 ms. Memory: 881664K Free: 676788K (77%)
----------------- Invoking toplevel() on ptolemy.moml.MoMLSimpleApplication@5fe40afd
----------------- Done invoking toplevel() on ptolemy.moml.MoMLSimpleApplication@5fe40afd
reloadAllAccessors: .ConfigurationSwitch2

===========================================================================================
----------------- testing Fri Jun 08 20:26:33 UTC 2018 /home/travis/build/icyphy/ptII/ptolemy/actor/lib/test/auto/ConfigurationSwitchCloningBugWithClassRelationGroup.xml
----------------- Instantiating /home/travis/build/icyphy/ptII/ptolemy/actor/lib/test/auto/ConfigurationSwitchCloningBugWithClassRelationGroup.xml
1 ms. Memory: 881664K Free: 666370K (76%)
----------------- Invoking toplevel() on ptolemy.moml.MoMLSimpleApplication@4b3b6b64
----------------- Done invoking toplevel() on ptolemy.moml.MoMLSimpleApplication@4b3b6b64
reloadAllAccessors: .ConfigurationSwitchCloningBugWithClassRelationGroup

===========================================================================================
----------------- testing Fri Jun 08 20:26:33 UTC 2018 /home/travis/build/icyphy/ptII/ptolemy/actor/lib/test/auto/ConfigurationSwitchSelectSDF.xml
----------------- Instantiating /home/travis/build/icyphy/ptII/ptolemy/actor/lib/test/auto/ConfigurationSwitchSelectSDF.xml
2 ms. Memory: 881664K Free: 650744K (74%)
----------------- Invoking toplevel() on ptolemy.moml.MoMLSimpleApplication@7960a41
----------------- Done invoking toplevel() on ptolemy.moml.MoMLSimpleApplication@7960a41
reloadAllAccessors: .ConfigurationSwitchSelectSDF

===========================================================================================
----------------- testing Fri Jun 08 20:26:33 UTC 2018 /home/travis/build/icyphy/ptII/ptolemy/actor/lib/test/auto/ConfigurationSwitchSelectSDF2.xml
----------------- Instantiating /home/travis/build/icyphy/ptII/ptolemy/actor/lib/test/auto/ConfigurationSwitchSelectSDF2.xml
3 ms. Memory: 881664K Free: 640326K (73%)
----------------- Invoking toplevel() on ptolemy.moml.MoMLSimpleApplication@7b9b4b42
----------------- Done invoking toplevel() on ptolemy.moml.MoMLSimpleApplication@7b9b4b42
reloadAllAccessors: .ConfigurationSwitchSelectSDF2

===========================================================================================
----------------- testing Fri Jun 08 20:26:33 UTC 2018 /home/travis/build/icyphy/ptII/ptolemy/actor/lib/test/auto/Const.xml
----------------- Instantiating /home/travis/build/icyphy/ptII/ptolemy/actor/lib/test/auto/Const.xml
1 ms. Memory: 881664K Free: 621692K (71%)
----------------- Invoking toplevel() on ptolemy.moml.MoMLSimpleApplication@3bd7d57f
----------------- Done invoking toplevel() on ptolemy.moml.MoMLSimpleApplication@3bd7d57f
reloadAllAccessors: .Const

===========================================================================================
----------------- testing Fri Jun 08 20:26:33 UTC 2018 /home/travis/build/icyphy/ptII/ptolemy/actor/lib/test/auto/Const2.xml
----------------- Instantiating /home/travis/build/icyphy/ptII/ptolemy/actor/lib/test/auto/Const2.xml
1 ms. Memory: 881664K Free: 611274K (69%)
----------------- Invoking toplevel() on ptolemy.moml.MoMLSimpleApplication@4bd91a9
----------------- Done invoking toplevel() on ptolemy.moml.MoMLSimpleApplication@4bd91a9
reloadAllAccessors: .Const2

===========================================================================================
----------------- testing Fri Jun 08 20:26:33 UTC 2018 /home/travis/build/icyphy/ptII/ptolemy/actor/lib/test/auto/Const3.xml
----------------- Instantiating /home/travis/build/icyphy/ptII/ptolemy/actor/lib/test/auto/Const3.xml
1 ms. Memory: 881664K Free: 600856K (68%)
----------------- Invoking toplevel() on ptolemy.moml.MoMLSimpleApplication@67d243b
----------------- Done invoking toplevel() on ptolemy.moml.MoMLSimpleApplication@67d243b
reloadAllAccessors: .Const3

===========================================================================================
----------------- testing Fri Jun 08 20:26:33 UTC 2018 /home/travis/build/icyphy/ptII/ptolemy/actor/lib/test/auto/ConstantPublisherPort1.xml
----------------- Instantiating /home/travis/build/icyphy/ptII/ptolemy/actor/lib/test/auto/ConstantPublisherPort1.xml
8 ms. Memory: 881664K Free: 585230K (66%)
----------------- Invoking toplevel() on ptolemy.moml.MoMLSimpleApplication@3bc7be71
----------------- Done invoking toplevel() on ptolemy.moml.MoMLSimpleApplication@3bc7be71
reloadAllAccessors: .ConstantPublisherPort1

===========================================================================================
----------------- testing Fri Jun 08 20:26:33 UTC 2018 /home/travis/build/icyphy/ptII/ptolemy/actor/lib/test/auto/ConstantPublisherPort2.xml
----------------- Instantiating /home/travis/build/icyphy/ptII/ptolemy/actor/lib/test/auto/ConstantPublisherPort2.xml
9 ms. Memory: 881664K Free: 566595K (64%)
----------------- Invoking toplevel() on ptolemy.moml.MoMLSimpleApplication@4451d5dc
----------------- Done invoking toplevel() on ptolemy.moml.MoMLSimpleApplication@4451d5dc
reloadAllAccessors: .ConstantPublisherPort2

===========================================================================================
----------------- testing Fri Jun 08 20:26:33 UTC 2018 /home/travis/build/icyphy/ptII/ptolemy/actor/lib/test/auto/ConstantPublisherPort3.xml
----------------- Instantiating /home/travis/build/icyphy/ptII/ptolemy/actor/lib/test/auto/ConstantPublisherPort3.xml
6 ms. Memory: 881664K Free: 556178K (63%)
----------------- Invoking toplevel() on ptolemy.moml.MoMLSimpleApplication@2ef101bf
----------------- Done invoking toplevel() on ptolemy.moml.MoMLSimpleApplication@2ef101bf
reloadAllAccessors: .ConstantPublisherPort3

===========================================================================================
----------------- testing Fri Jun 08 20:26:33 UTC 2018 /home/travis/build/icyphy/ptII/ptolemy/actor/lib/test/auto/ConstantPublisherPort4.xml
----------------- Instantiating /home/travis/build/icyphy/ptII/ptolemy/actor/lib/test/auto/ConstantPublisherPort4.xml
4 ms. Memory: 881664K Free: 545760K (62%)
----------------- Invoking toplevel() on ptolemy.moml.MoMLSimpleApplication@5ad0b3be
----------------- Done invoking toplevel() on ptolemy.moml.MoMLSimpleApplication@5ad0b3be
reloadAllAccessors: .ConstantPublisherPort4

===========================================================================================
----------------- testing Fri Jun 08 20:26:33 UTC 2018 /home/travis/build/icyphy/ptII/ptolemy/actor/lib/test/auto/ConstantPublisherPort5.xml
----------------- Instantiating /home/travis/build/icyphy/ptII/ptolemy/actor/lib/test/auto/ConstantPublisherPort5.xml
26 ms. Memory: 881664K Free: 511483K (58%)
----------------- Invoking toplevel() on ptolemy.moml.MoMLSimpleApplication@4ff5140
----------------- Done invoking toplevel() on ptolemy.moml.MoMLSimpleApplication@4ff5140
reloadAllAccessors: .ConstantPublisherPort5

===========================================================================================
----------------- testing Fri Jun 08 20:26:33 UTC 2018 /home/travis/build/icyphy/ptII/ptolemy/actor/lib/test/auto/ConstantPublisherPort6.xml
----------------- Instantiating /home/travis/build/icyphy/ptII/ptolemy/actor/lib/test/auto/ConstantPublisherPort6.xml
6 ms. Memory: 881664K Free: 485440K (55%)
----------------- Invoking toplevel() on ptolemy.moml.MoMLSimpleApplication@56dc3d4a
----------------- Done invoking toplevel() on ptolemy.moml.MoMLSimpleApplication@56dc3d4a
reloadAllAccessors: .ConstantPublisherPort6

===========================================================================================
----------------- testing Fri Jun 08 20:26:33 UTC 2018 /home/travis/build/icyphy/ptII/ptolemy/actor/lib/test/auto/ConstantPublisherPort7.xml
----------------- Instantiating /home/travis/build/icyphy/ptII/ptolemy/actor/lib/test/auto/ConstantPublisherPort7.xml
10 ms. Memory: 881664K Free: 459396K (52%)
----------------- Invoking toplevel() on ptolemy.moml.MoMLSimpleApplication@3cfab472
----------------- Done invoking toplevel() on ptolemy.moml.MoMLSimpleApplication@3cfab472
reloadAllAccessors: .ConstantPublisherPort7

===========================================================================================
----------------- testing Fri Jun 08 20:26:33 UTC 2018 /home/travis/build/icyphy/ptII/ptolemy/actor/lib/test/auto/ConstraintMonitor1.xml
----------------- Instantiating /home/travis/build/icyphy/ptII/ptolemy/actor/lib/test/auto/ConstraintMonitor1.xml
1 ms. Memory: 881664K Free: 448978K (51%)
----------------- Invoking toplevel() on ptolemy.moml.MoMLSimpleApplication@374c45f0
----------------- Done invoking toplevel() on ptolemy.moml.MoMLSimpleApplication@374c45f0
reloadAllAccessors: .ConstraintMonitor1

===========================================================================================
----------------- testing Fri Jun 08 20:26:33 UTC 2018 /home/travis/build/icyphy/ptII/ptolemy/actor/lib/test/auto/ConstraintMonitor2.xml
----------------- Instantiating /home/travis/build/icyphy/ptII/ptolemy/actor/lib/test/auto/ConstraintMonitor2.xml
1 ms. Memory: 881664K Free: 430344K (49%)
----------------- Invoking toplevel() on ptolemy.moml.MoMLSimpleApplication@48538aef
----------------- Done invoking toplevel() on ptolemy.moml.MoMLSimpleApplication@48538aef
reloadAllAccessors: .ConstraintMonitor2

===========================================================================================
----------------- testing Fri Jun 08 20:26:33 UTC 2018 /home/travis/build/icyphy/ptII/ptolemy/actor/lib/test/auto/ConstraintMonitor3.xml
----------------- Instantiating /home/travis/build/icyphy/ptII/ptolemy/actor/lib/test/auto/ConstraintMonitor3.xml
5 ms. Memory: 881664K Free: 419926K (48%)
----------------- Invoking toplevel() on ptolemy.moml.MoMLSimpleApplication@7fc3d29c
----------------- Done invoking toplevel() on ptolemy.moml.MoMLSimpleApplication@7fc3d29c
reloadAllAccessors: .ConstraintMonitor3

===========================================================================================
----------------- testing Fri Jun 08 20:26:33 UTC 2018 /home/travis/build/icyphy/ptII/ptolemy/actor/lib/test/auto/ConstraintMonitor4.xml
----------------- Instantiating /home/travis/build/icyphy/ptII/ptolemy/actor/lib/test/auto/ConstraintMonitor4.xml
6 ms. Memory: 881664K Free: 409508K (46%)
----------------- Invoking toplevel() on ptolemy.moml.MoMLSimpleApplication@7ea069c6
----------------- Done invoking toplevel() on ptolemy.moml.MoMLSimpleApplication@7ea069c6
reloadAllAccessors: .ConstraintMonitor4

===========================================================================================
----------------- testing Fri Jun 08 20:26:33 UTC 2018 /home/travis/build/icyphy/ptII/ptolemy/actor/lib/test/auto/ConstraintMonitor5.xml
----------------- Instantiating /home/travis/build/icyphy/ptII/ptolemy/actor/lib/test/auto/ConstraintMonitor5.xml
6 ms. Memory: 881664K Free: 390874K (44%)
----------------- Invoking toplevel() on ptolemy.moml.MoMLSimpleApplication@1a095183
----------------- Done invoking toplevel() on ptolemy.moml.MoMLSimpleApplication@1a095183
reloadAllAccessors: .ConstraintMonitor5

===========================================================================================
----------------- testing Fri Jun 08 20:26:33 UTC 2018 /home/travis/build/icyphy/ptII/ptolemy/actor/lib/test/auto/ConstraintMonitor6.xml
----------------- Instantiating /home/travis/build/icyphy/ptII/ptolemy/actor/lib/test/auto/ConstraintMonitor6.xml
2 ms. Memory: 881664K Free: 380456K (43%)
----------------- Invoking toplevel() on ptolemy.moml.MoMLSimpleApplication@72e84ce8
----------------- Done invoking toplevel() on ptolemy.moml.MoMLSimpleApplication@72e84ce8
reloadAllAccessors: .ConstraintMonitor6

===========================================================================================
----------------- testing Fri Jun 08 20:26:33 UTC 2018 /home/travis/build/icyphy/ptII/ptolemy/actor/lib/test/auto/ConstraintMonitor7.xml
----------------- Instantiating /home/travis/build/icyphy/ptII/ptolemy/actor/lib/test/auto/ConstraintMonitor7.xml
7 ms. Memory: 881664K Free: 370039K (42%)
----------------- Invoking toplevel() on ptolemy.moml.MoMLSimpleApplication@661cf25d
----------------- Done invoking toplevel() on ptolemy.moml.MoMLSimpleApplication@661cf25d
reloadAllAccessors: .ConstraintMonitor7

===========================================================================================
----------------- testing Fri Jun 08 20:26:33 UTC 2018 /home/travis/build/icyphy/ptII/ptolemy/actor/lib/test/auto/ConstraintMonitor8.xml
----------------- Instantiating /home/travis/build/icyphy/ptII/ptolemy/actor/lib/test/auto/ConstraintMonitor8.xml
8 ms. Memory: 881664K Free: 359621K (41%)
----------------- Invoking toplevel() on ptolemy.moml.MoMLSimpleApplication@6c9e67da
----------------- Done invoking toplevel() on ptolemy.moml.MoMLSimpleApplication@6c9e67da
reloadAllAccessors: .ConstraintMonitor8

===========================================================================================
----------------- testing Fri Jun 08 20:26:33 UTC 2018 /home/travis/build/icyphy/ptII/ptolemy/actor/lib/test/auto/Counter.xml
----------------- Instantiating /home/travis/build/icyphy/ptII/ptolemy/actor/lib/test/auto/Counter.xml
2 ms. Memory: 881664K Free: 340987K (39%)
----------------- Invoking toplevel() on ptolemy.moml.MoMLSimpleApplication@6e281e36
----------------- Done invoking toplevel() on ptolemy.moml.MoMLSimpleApplication@6e281e36
reloadAllAccessors: .Counter

===========================================================================================
----------------- testing Fri Jun 08 20:26:33 UTC 2018 /home/travis/build/icyphy/ptII/ptolemy/actor/lib/test/auto/CurrentTimeSDF.xml
----------------- Instantiating /home/travis/build/icyphy/ptII/ptolemy/actor/lib/test/auto/CurrentTimeSDF.xml
10 ms. Memory: 881664K Free: 330569K (37%)
----------------- Invoking toplevel() on ptolemy.moml.MoMLSimpleApplication@5b9f04a7
----------------- Done invoking toplevel() on ptolemy.moml.MoMLSimpleApplication@5b9f04a7
reloadAllAccessors: .CurrentTimeSDF

===========================================================================================
----------------- testing Fri Jun 08 20:26:33 UTC 2018 /home/travis/build/icyphy/ptII/ptolemy/actor/lib/test/auto/DB.xml
----------------- Instantiating /home/travis/build/icyphy/ptII/ptolemy/actor/lib/test/auto/DB.xml
2 ms. Memory: 881664K Free: 320152K (36%)
----------------- Invoking toplevel() on ptolemy.moml.MoMLSimpleApplication@633b373b
----------------- Done invoking toplevel() on ptolemy.moml.MoMLSimpleApplication@633b373b
reloadAllAccessors: .DB

===========================================================================================
----------------- testing Fri Jun 08 20:26:34 UTC 2018 /home/travis/build/icyphy/ptII/ptolemy/actor/lib/test/auto/DBDE.xml
----------------- Instantiating /home/travis/build/icyphy/ptII/ptolemy/actor/lib/test/auto/DBDE.xml
2 ms. Memory: 881664K Free: 301517K (34%)
----------------- Invoking toplevel() on ptolemy.moml.MoMLSimpleApplication@df7b467
----------------- Done invoking toplevel() on ptolemy.moml.MoMLSimpleApplication@df7b467
reloadAllAccessors: .DBDE

===========================================================================================
----------------- testing Fri Jun 08 20:26:34 UTC 2018 /home/travis/build/icyphy/ptII/ptolemy/actor/lib/test/auto/DateConstructor.xml
----------------- Instantiating /home/travis/build/icyphy/ptII/ptolemy/actor/lib/test/auto/DateConstructor.xml
14 ms. Memory: 881664K Free: 280666K (32%)
----------------- Invoking toplevel() on ptolemy.moml.MoMLSimpleApplication@6962a9e0
----------------- Done invoking toplevel() on ptolemy.moml.MoMLSimpleApplication@6962a9e0
reloadAllAccessors: .DateConstructor

===========================================================================================
----------------- testing Fri Jun 08 20:26:34 UTC 2018 /home/travis/build/icyphy/ptII/ptolemy/actor/lib/test/auto/DelayTime.xml
----------------- Instantiating /home/travis/build/icyphy/ptII/ptolemy/actor/lib/test/auto/DelayTime.xml
2 ms. Memory: 881664K Free: 270249K (31%)
----------------- Invoking toplevel() on ptolemy.moml.MoMLSimpleApplication@3e8401d3
----------------- Done invoking toplevel() on ptolemy.moml.MoMLSimpleApplication@3e8401d3
reloadAllAccessors: .DelayTime

===========================================================================================
----------------- testing Fri Jun 08 20:26:34 UTC 2018 /home/travis/build/icyphy/ptII/ptolemy/actor/lib/test/auto/Dictionary1.xml
----------------- Instantiating /home/travis/build/icyphy/ptII/ptolemy/actor/lib/test/auto/Dictionary1.xml
1 ms. Memory: 881664K Free: 259831K (29%)
----------------- Invoking toplevel() on ptolemy.moml.MoMLSimpleApplication@3976a0bf
----------------- Done invoking toplevel() on ptolemy.moml.MoMLSimpleApplication@3976a0bf
reloadAllAccessors: .Dictionary1

===========================================================================================
----------------- testing Fri Jun 08 20:26:34 UTC 2018 /home/travis/build/icyphy/ptII/ptolemy/actor/lib/test/auto/Dictionary2.xml
----------------- Instantiating /home/travis/build/icyphy/ptII/ptolemy/actor/lib/test/auto/Dictionary2.xml
3 ms. Memory: 881664K Free: 241196K (27%)
----------------- Invoking toplevel() on ptolemy.moml.MoMLSimpleApplication@5efbb93d
----------------- Done invoking toplevel() on ptolemy.moml.MoMLSimpleApplication@5efbb93d
reloadAllAccessors: .Dictionary2

===========================================================================================
----------------- testing Fri Jun 08 20:26:34 UTC 2018 /home/travis/build/icyphy/ptII/ptolemy/actor/lib/test/auto/Dictionary3.xml
----------------- Instantiating /home/travis/build/icyphy/ptII/ptolemy/actor/lib/test/auto/Dictionary3.xml
1 ms. Memory: 881664K Free: 230779K (26%)
----------------- Invoking toplevel() on ptolemy.moml.MoMLSimpleApplication@37cbbf88
----------------- Done invoking toplevel() on ptolemy.moml.MoMLSimpleApplication@37cbbf88
reloadAllAccessors: .Dictionary3

===========================================================================================
----------------- testing Fri Jun 08 20:26:34 UTC 2018 /home/travis/build/icyphy/ptII/ptolemy/actor/lib/test/auto/Dictionary4.xml
----------------- Instantiating /home/travis/build/icyphy/ptII/ptolemy/actor/lib/test/auto/Dictionary4.xml
3 ms. Memory: 881664K Free: 220361K (25%)
----------------- Invoking toplevel() on ptolemy.moml.MoMLSimpleApplication@77106aa2
----------------- Done invoking toplevel() on ptolemy.moml.MoMLSimpleApplication@77106aa2
reloadAllAccessors: .Dictionary4

===========================================================================================
----------------- testing Fri Jun 08 20:26:34 UTC 2018 /home/travis/build/icyphy/ptII/ptolemy/actor/lib/test/auto/Differential.xml
----------------- Instantiating /home/travis/build/icyphy/ptII/ptolemy/actor/lib/test/auto/Differential.xml
3 ms. Memory: 881664K Free: 201727K (23%)
----------------- Invoking toplevel() on ptolemy.moml.MoMLSimpleApplication@6d85c498
----------------- Done invoking toplevel() on ptolemy.moml.MoMLSimpleApplication@6d85c498
reloadAllAccessors: .Differential

===========================================================================================
----------------- testing Fri Jun 08 20:26:34 UTC 2018 /home/travis/build/icyphy/ptII/ptolemy/actor/lib/test/auto/Director.xml
----------------- Instantiating /home/travis/build/icyphy/ptII/ptolemy/actor/lib/test/auto/Director.xml
2 ms. Memory: 881664K Free: 191309K (22%)
----------------- Invoking toplevel() on ptolemy.moml.MoMLSimpleApplication@2dd72958
----------------- Done invoking toplevel() on ptolemy.moml.MoMLSimpleApplication@2dd72958
reloadAllAccessors: .Director

===========================================================================================
----------------- testing Fri Jun 08 20:26:34 UTC 2018 /home/travis/build/icyphy/ptII/ptolemy/actor/lib/test/auto/DiscreteClock.xml
----------------- Instantiating /home/travis/build/icyphy/ptII/ptolemy/actor/lib/test/auto/DiscreteClock.xml
2 ms. Memory: 881664K Free: 180892K (21%)
----------------- Invoking toplevel() on ptolemy.moml.MoMLSimpleApplication@9bc752d
----------------- Done invoking toplevel() on ptolemy.moml.MoMLSimpleApplication@9bc752d
reloadAllAccessors: .DiscreteClock

===========================================================================================
----------------- testing Fri Jun 08 20:26:34 UTC 2018 /home/travis/build/icyphy/ptII/ptolemy/actor/lib/test/auto/DiscreteClock10.xml
----------------- Instantiating /home/travis/build/icyphy/ptII/ptolemy/actor/lib/test/auto/DiscreteClock10.xml
4 ms. Memory: 881664K Free: 170474K (19%)
----------------- Invoking toplevel() on ptolemy.moml.MoMLSimpleApplication@bc15a48
----------------- Done invoking toplevel() on ptolemy.moml.MoMLSimpleApplication@bc15a48
reloadAllAccessors: .DiscreteClock10

===========================================================================================
----------------- testing Fri Jun 08 20:26:34 UTC 2018 /home/travis/build/icyphy/ptII/ptolemy/actor/lib/test/auto/DiscreteClock11.xml
----------------- Instantiating /home/travis/build/icyphy/ptII/ptolemy/actor/lib/test/auto/DiscreteClock11.xml
2 ms. Memory: 881664K Free: 151839K (17%)
----------------- Invoking toplevel() on ptolemy.moml.MoMLSimpleApplication@6a2fe023
----------------- Done invoking toplevel() on ptolemy.moml.MoMLSimpleApplication@6a2fe023
reloadAllAccessors: .DiscreteClock11

===========================================================================================
----------------- testing Fri Jun 08 20:26:34 UTC 2018 /home/travis/build/icyphy/ptII/ptolemy/actor/lib/test/auto/DiscreteClock12.xml
----------------- Instantiating /home/travis/build/icyphy/ptII/ptolemy/actor/lib/test/auto/DiscreteClock12.xml
2 ms. Memory: 881664K Free: 141422K (16%)
----------------- Invoking toplevel() on ptolemy.moml.MoMLSimpleApplication@34e0e670
----------------- Done invoking toplevel() on ptolemy.moml.MoMLSimpleApplication@34e0e670
reloadAllAccessors: .DiscreteClock12

===========================================================================================
----------------- testing Fri Jun 08 20:26:34 UTC 2018 /home/travis/build/icyphy/ptII/ptolemy/actor/lib/test/auto/DiscreteClock13.xml
----------------- Instantiating /home/travis/build/icyphy/ptII/ptolemy/actor/lib/test/auto/DiscreteClock13.xml
6 ms. Memory: 881664K Free: 131004K (15%)
----------------- Invoking toplevel() on ptolemy.moml.MoMLSimpleApplication@45fe7418
----------------- Done invoking toplevel() on ptolemy.moml.MoMLSimpleApplication@45fe7418
reloadAllAccessors: .DiscreteClock13

===========================================================================================
----------------- testing Fri Jun 08 20:26:34 UTC 2018 /home/travis/build/icyphy/ptII/ptolemy/actor/lib/test/auto/DiscreteClock14.xml
----------------- Instantiating /home/travis/build/icyphy/ptII/ptolemy/actor/lib/test/auto/DiscreteClock14.xml
6 ms. Memory: 881664K Free: 112369K (13%)
----------------- Invoking toplevel() on ptolemy.moml.MoMLSimpleApplication@19a57187
----------------- Done invoking toplevel() on ptolemy.moml.MoMLSimpleApplication@19a57187
reloadAllAccessors: .DiscreteClock14

===========================================================================================
----------------- testing Fri Jun 08 20:26:34 UTC 2018 /home/travis/build/icyphy/ptII/ptolemy/actor/lib/test/auto/DiscreteClock15.xml
----------------- Instantiating /home/travis/build/icyphy/ptII/ptolemy/actor/lib/test/auto/DiscreteClock15.xml
6 ms. Memory: 881664K Free: 101952K (12%)
----------------- Invoking toplevel() on ptolemy.moml.MoMLSimpleApplication@75530a4e
----------------- Done invoking toplevel() on ptolemy.moml.MoMLSimpleApplication@75530a4e
reloadAllAccessors: .DiscreteClock15

===========================================================================================
----------------- testing Fri Jun 08 20:26:34 UTC 2018 /home/travis/build/icyphy/ptII/ptolemy/actor/lib/test/auto/DiscreteClock16.xml
----------------- Instantiating /home/travis/build/icyphy/ptII/ptolemy/actor/lib/test/auto/DiscreteClock16.xml
17 ms. Memory: 881664K Free: 86310K (10%)
----------------- Invoking toplevel() on ptolemy.moml.MoMLSimpleApplication@1a92c410
----------------- Done invoking toplevel() on ptolemy.moml.MoMLSimpleApplication@1a92c410
reloadAllAccessors: .DiscreteClock16

===========================================================================================
----------------- testing Fri Jun 08 20:26:34 UTC 2018 /home/travis/build/icyphy/ptII/ptolemy/actor/lib/test/auto/DiscreteClock17.xml
----------------- Instantiating /home/travis/build/icyphy/ptII/ptolemy/actor/lib/test/auto/DiscreteClock17.xml
462 ms. Memory: 1369600K Free: 1327698K (97%)
----------------- Invoking toplevel() on ptolemy.moml.MoMLSimpleApplication@1160c90d
----------------- Done invoking toplevel() on ptolemy.moml.MoMLSimpleApplication@1160c90d
reloadAllAccessors: .DiscreteClock17

===========================================================================================
----------------- testing Fri Jun 08 20:26:34 UTC 2018 /home/travis/build/icyphy/ptII/ptolemy/actor/lib/test/auto/DiscreteClock18.xml
----------------- Instantiating /home/travis/build/icyphy/ptII/ptolemy/actor/lib/test/auto/DiscreteClock18.xml
7 ms. Memory: 1369600K Free: 1280349K (93%)
----------------- Invoking toplevel() on ptolemy.moml.MoMLSimpleApplication@7affd93f
----------------- Done invoking toplevel() on ptolemy.moml.MoMLSimpleApplication@7affd93f
reloadAllAccessors: .DiscreteClock18

===========================================================================================
----------------- testing Fri Jun 08 20:26:34 UTC 2018 /home/travis/build/icyphy/ptII/ptolemy/actor/lib/test/auto/DiscreteClock19.xml
----------------- Instantiating /home/travis/build/icyphy/ptII/ptolemy/actor/lib/test/auto/DiscreteClock19.xml
10 ms. Memory: 1369600K Free: 1255327K (92%)
----------------- Invoking toplevel() on ptolemy.moml.MoMLSimpleApplication@2f8e7fc5
----------------- Done invoking toplevel() on ptolemy.moml.MoMLSimpleApplication@2f8e7fc5
reloadAllAccessors: .DiscreteClock19

===========================================================================================
----------------- testing Fri Jun 08 20:26:34 UTC 2018 /home/travis/build/icyphy/ptII/ptolemy/actor/lib/test/auto/DiscreteClock2.xml
----------------- Instantiating /home/travis/build/icyphy/ptII/ptolemy/actor/lib/test/auto/DiscreteClock2.xml
2 ms. Memory: 1369600K Free: 1238656K (90%)
----------------- Invoking toplevel() on ptolemy.moml.MoMLSimpleApplication@4440c2de
----------------- Done invoking toplevel() on ptolemy.moml.MoMLSimpleApplication@4440c2de
reloadAllAccessors: .DiscreteClock2

===========================================================================================
----------------- testing Fri Jun 08 20:26:34 UTC 2018 /home/travis/build/icyphy/ptII/ptolemy/actor/lib/test/auto/DiscreteClock20.xml
----------------- Instantiating /home/travis/build/icyphy/ptII/ptolemy/actor/lib/test/auto/DiscreteClock20.xml
6 ms. Memory: 1369600K Free: 1221985K (89%)
----------------- Invoking toplevel() on ptolemy.moml.MoMLSimpleApplication@16ac6504
----------------- Done invoking toplevel() on ptolemy.moml.MoMLSimpleApplication@16ac6504
reloadAllAccessors: .DiscreteClock20

===========================================================================================
----------------- testing Fri Jun 08 20:26:35 UTC 2018 /home/travis/build/icyphy/ptII/ptolemy/actor/lib/test/auto/DiscreteClock21.xml
----------------- Instantiating /home/travis/build/icyphy/ptII/ptolemy/actor/lib/test/auto/DiscreteClock21.xml
6 ms. Memory: 1369600K Free: 1195358K (87%)
----------------- Invoking toplevel() on ptolemy.moml.MoMLSimpleApplication@121c7bdb
----------------- Done invoking toplevel() on ptolemy.moml.MoMLSimpleApplication@121c7bdb
reloadAllAccessors: .DiscreteClock21

===========================================================================================
----------------- testing Fri Jun 08 20:26:35 UTC 2018 /home/travis/build/icyphy/ptII/ptolemy/actor/lib/test/auto/DiscreteClock22.xml
----------------- Instantiating /home/travis/build/icyphy/ptII/ptolemy/actor/lib/test/auto/DiscreteClock22.xml
3 ms. Memory: 1369600K Free: 1178687K (86%)
----------------- Invoking toplevel() on ptolemy.moml.MoMLSimpleApplication@62eef561
----------------- Done invoking toplevel() on ptolemy.moml.MoMLSimpleApplication@62eef561
reloadAllAccessors: .DiscreteClock22

===========================================================================================
----------------- testing Fri Jun 08 20:26:35 UTC 2018 /home/travis/build/icyphy/ptII/ptolemy/actor/lib/test/auto/DiscreteClock23.xml
----------------- Instantiating /home/travis/build/icyphy/ptII/ptolemy/actor/lib/test/auto/DiscreteClock23.xml
2 ms. Memory: 1369600K Free: 1162017K (85%)
----------------- Invoking toplevel() on ptolemy.moml.MoMLSimpleApplication@c4ec072
----------------- Done invoking toplevel() on ptolemy.moml.MoMLSimpleApplication@c4ec072
reloadAllAccessors: .DiscreteClock23

===========================================================================================
----------------- testing Fri Jun 08 20:26:35 UTC 2018 /home/travis/build/icyphy/ptII/ptolemy/actor/lib/test/auto/DiscreteClock24.xml
----------------- Instantiating /home/travis/build/icyphy/ptII/ptolemy/actor/lib/test/auto/DiscreteClock24.xml
4 ms. Memory: 1369600K Free: 1145346K (84%)
----------------- Invoking toplevel() on ptolemy.moml.MoMLSimpleApplication@1c7f9c33
----------------- Done invoking toplevel() on ptolemy.moml.MoMLSimpleApplication@1c7f9c33
reloadAllAccessors: .DiscreteClock24

===========================================================================================
----------------- testing Fri Jun 08 20:26:35 UTC 2018 /home/travis/build/icyphy/ptII/ptolemy/actor/lib/test/auto/DiscreteClock4.xml
----------------- Instantiating /home/travis/build/icyphy/ptII/ptolemy/actor/lib/test/auto/DiscreteClock4.xml
3 ms. Memory: 1369600K Free: 1118718K (82%)
----------------- Invoking toplevel() on ptolemy.moml.MoMLSimpleApplication@792b55c5
----------------- Done invoking toplevel() on ptolemy.moml.MoMLSimpleApplication@792b55c5
reloadAllAccessors: .DiscreteClock4

===========================================================================================
----------------- testing Fri Jun 08 20:26:35 UTC 2018 /home/travis/build/icyphy/ptII/ptolemy/actor/lib/test/auto/DiscreteClock5.xml
----------------- Instantiating /home/travis/build/icyphy/ptII/ptolemy/actor/lib/test/auto/DiscreteClock5.xml
1 ms. Memory: 1369600K Free: 1102048K (80%)
----------------- Invoking toplevel() on ptolemy.moml.MoMLSimpleApplication@7035074d
----------------- Done invoking toplevel() on ptolemy.moml.MoMLSimpleApplication@7035074d
reloadAllAccessors: .DiscreteClock5

===========================================================================================
----------------- testing Fri Jun 08 20:26:35 UTC 2018 /home/travis/build/icyphy/ptII/ptolemy/actor/lib/test/auto/DiscreteClock6.xml
----------------- Instantiating /home/travis/build/icyphy/ptII/ptolemy/actor/lib/test/auto/DiscreteClock6.xml
1 ms. Memory: 1369600K Free: 1085377K (79%)
----------------- Invoking toplevel() on ptolemy.moml.MoMLSimpleApplication@219432e4
----------------- Done invoking toplevel() on ptolemy.moml.MoMLSimpleApplication@219432e4
reloadAllAccessors: .DiscreteClock6

===========================================================================================
----------------- testing Fri Jun 08 20:26:35 UTC 2018 /home/travis/build/icyphy/ptII/ptolemy/actor/lib/test/auto/DiscreteClock7.xml
----------------- Instantiating /home/travis/build/icyphy/ptII/ptolemy/actor/lib/test/auto/DiscreteClock7.xml
2 ms. Memory: 1369600K Free: 1068706K (78%)
----------------- Invoking toplevel() on ptolemy.moml.MoMLSimpleApplication@56329c93
----------------- Done invoking toplevel() on ptolemy.moml.MoMLSimpleApplication@56329c93
reloadAllAccessors: .DiscreteClock7

===========================================================================================
----------------- testing Fri Jun 08 20:26:35 UTC 2018 /home/travis/build/icyphy/ptII/ptolemy/actor/lib/test/auto/DiscreteClock8.xml
----------------- Instantiating /home/travis/build/icyphy/ptII/ptolemy/actor/lib/test/auto/DiscreteClock8.xml
2 ms. Memory: 1369600K Free: 1042079K (76%)
----------------- Invoking toplevel() on ptolemy.moml.MoMLSimpleApplication@66f969d8
----------------- Done invoking toplevel() on ptolemy.moml.MoMLSimpleApplication@66f969d8
reloadAllAccessors: .DiscreteClock8

===========================================================================================
----------------- testing Fri Jun 08 20:26:35 UTC 2018 /home/travis/build/icyphy/ptII/ptolemy/actor/lib/test/auto/DiscreteClock9.xml
----------------- Instantiating /home/travis/build/icyphy/ptII/ptolemy/actor/lib/test/auto/DiscreteClock9.xml
2 ms. Memory: 1369600K Free: 1025408K (75%)
----------------- Invoking toplevel() on ptolemy.moml.MoMLSimpleApplication@60e9ac10
----------------- Done invoking toplevel() on ptolemy.moml.MoMLSimpleApplication@60e9ac10
reloadAllAccessors: .DiscreteClock9

===========================================================================================
----------------- testing Fri Jun 08 20:26:35 UTC 2018 /home/travis/build/icyphy/ptII/ptolemy/actor/lib/test/auto/DisplayArray.xml
----------------- Instantiating /home/travis/build/icyphy/ptII/ptolemy/actor/lib/test/auto/DisplayArray.xml
1 ms. Memory: 1369600K Free: 1008737K (74%)
----------------- Invoking toplevel() on ptolemy.moml.MoMLSimpleApplication@759c4129
----------------- Done invoking toplevel() on ptolemy.moml.MoMLSimpleApplication@759c4129
reloadAllAccessors: .DisplayArray

===========================================================================================
----------------- testing Fri Jun 08 20:26:35 UTC 2018 /home/travis/build/icyphy/ptII/ptolemy/actor/lib/test/auto/Distributor.xml
----------------- Instantiating /home/travis/build/icyphy/ptII/ptolemy/actor/lib/test/auto/Distributor.xml
1 ms. Memory: 1369600K Free: 992067K (72%)
----------------- Invoking toplevel() on ptolemy.moml.MoMLSimpleApplication@6a56fc0f
----------------- Done invoking toplevel() on ptolemy.moml.MoMLSimpleApplication@6a56fc0f
reloadAllAccessors: .Distributor

===========================================================================================
----------------- testing Fri Jun 08 20:26:35 UTC 2018 /home/travis/build/icyphy/ptII/ptolemy/actor/lib/test/auto/Distributor2.xml
----------------- Instantiating /home/travis/build/icyphy/ptII/ptolemy/actor/lib/test/auto/Distributor2.xml
2 ms. Memory: 1369600K Free: 965440K (70%)
----------------- Invoking toplevel() on ptolemy.moml.MoMLSimpleApplication@16730b4c
----------------- Done invoking toplevel() on ptolemy.moml.MoMLSimpleApplication@16730b4c
reloadAllAccessors: .Distributor2

===========================================================================================
----------------- testing Fri Jun 08 20:26:35 UTC 2018 /home/travis/build/icyphy/ptII/ptolemy/actor/lib/test/auto/DownSample.xml
----------------- Instantiating /home/travis/build/icyphy/ptII/ptolemy/actor/lib/test/auto/DownSample.xml
1 ms. Memory: 1369600K Free: 948769K (69%)
----------------- Invoking toplevel() on ptolemy.moml.MoMLSimpleApplication@46da1bfb
----------------- Done invoking toplevel() on ptolemy.moml.MoMLSimpleApplication@46da1bfb
reloadAllAccessors: .DownSample

===========================================================================================
----------------- testing Fri Jun 08 20:26:35 UTC 2018 /home/travis/build/icyphy/ptII/ptolemy/actor/lib/test/auto/ElectronicUnitBase1.xml
----------------- Instantiating /home/travis/build/icyphy/ptII/ptolemy/actor/lib/test/auto/ElectronicUnitBase1.xml
15 ms. Memory: 1369600K Free: 923747K (67%)
----------------- Invoking toplevel() on ptolemy.moml.MoMLSimpleApplication@45eff153
----------------- Done invoking toplevel() on ptolemy.moml.MoMLSimpleApplication@45eff153
reloadAllAccessors: .ElectronicUnitBase1

===========================================================================================
----------------- testing Fri Jun 08 20:26:35 UTC 2018 /home/travis/build/icyphy/ptII/ptolemy/actor/lib/test/auto/ElementsToArray.xml
----------------- Instantiating /home/travis/build/icyphy/ptII/ptolemy/actor/lib/test/auto/ElementsToArray.xml
2 ms. Memory: 1369600K Free: 907076K (66%)
----------------- Invoking toplevel() on ptolemy.moml.MoMLSimpleApplication@de3346f
----------------- Done invoking toplevel() on ptolemy.moml.MoMLSimpleApplication@de3346f
reloadAllAccessors: .ElementsToArray

===========================================================================================
----------------- testing Fri Jun 08 20:26:35 UTC 2018 /home/travis/build/icyphy/ptII/ptolemy/actor/lib/test/auto/Equals.xml
----------------- Instantiating /home/travis/build/icyphy/ptII/ptolemy/actor/lib/test/auto/Equals.xml
1 ms. Memory: 1369600K Free: 890405K (65%)
----------------- Invoking toplevel() on ptolemy.moml.MoMLSimpleApplication@7f220ea9
----------------- Done invoking toplevel() on ptolemy.moml.MoMLSimpleApplication@7f220ea9
reloadAllAccessors: .Equals

===========================================================================================
----------------- testing Fri Jun 08 20:26:35 UTC 2018 /home/travis/build/icyphy/ptII/ptolemy/actor/lib/test/auto/Exec.xml
----------------- Instantiating /home/travis/build/icyphy/ptII/ptolemy/actor/lib/test/auto/Exec.xml
9 ms. Memory: 1369600K Free: 842940K (62%)
----------------- Invoking toplevel() on ptolemy.moml.MoMLSimpleApplication@495214eb
----------------- Done invoking toplevel() on ptolemy.moml.MoMLSimpleApplication@495214eb
reloadAllAccessors: .Exec

===========================================================================================
----------------- testing Fri Jun 08 20:26:35 UTC 2018 /home/travis/build/icyphy/ptII/ptolemy/actor/lib/test/auto/ExecEnvironment.xml
----------------- Instantiating /home/travis/build/icyphy/ptII/ptolemy/actor/lib/test/auto/ExecEnvironment.xml
28 ms. Memory: 1369600K Free: 792927K (58%)
----------------- Invoking toplevel() on ptolemy.moml.MoMLSimpleApplication@240e357e
----------------- Done invoking toplevel() on ptolemy.moml.MoMLSimpleApplication@240e357e
reloadAllAccessors: .ExecEnvironment

===========================================================================================
----------------- testing Fri Jun 08 20:26:35 UTC 2018 /home/travis/build/icyphy/ptII/ptolemy/actor/lib/test/auto/ExecNonZeroReturnOutput.xml
----------------- Instantiating /home/travis/build/icyphy/ptII/ptolemy/actor/lib/test/auto/ExecNonZeroReturnOutput.xml
114 ms. Memory: 1369600K Free: 667896K (49%)
----------------- Invoking toplevel() on ptolemy.moml.MoMLSimpleApplication@ed5ad96
----------------- Done invoking toplevel() on ptolemy.moml.MoMLSimpleApplication@ed5ad96
reloadAllAccessors: .ExecNonZeroReturnOutput

===========================================================================================
----------------- testing Fri Jun 08 20:26:35 UTC 2018 /home/travis/build/icyphy/ptII/ptolemy/actor/lib/test/auto/ExecRunDemos.xml
----------------- Instantiating /home/travis/build/icyphy/ptII/ptolemy/actor/lib/test/auto/ExecRunDemos.xml
Finished: 50 ms. Memory: 116224K Free: 101390K (87%)

Finished: 77 ms. Memory: 116224K Free: 98307K (85%)

Finished: 103 ms. Memory: 116224K Free: 98342K (85%)

Finished: 46 ms. Memory: 116224K Free: 99496K (86%)

Finished: 34 ms. Memory: 116224K Free: 100805K (87%)

10047 ms. Memory: 1369600K Free: 559518K (41%)
----------------- Invoking toplevel() on ptolemy.moml.MoMLSimpleApplication@3001d2d9
----------------- Done invoking toplevel() on ptolemy.moml.MoMLSimpleApplication@3001d2d9
reloadAllAccessors: .ExecRunDemos

===========================================================================================
----------------- testing Fri Jun 08 20:26:45 UTC 2018 /home/travis/build/icyphy/ptII/ptolemy/actor/lib/test/auto/ExecStop.xml
----------------- Instantiating /home/travis/build/icyphy/ptII/ptolemy/actor/lib/test/auto/ExecStop.xml
5015 ms. Memory: 1369600K Free: 307835K (22%)
----------------- Invoking toplevel() on ptolemy.moml.MoMLSimpleApplication@1f5d06be
----------------- Done invoking toplevel() on ptolemy.moml.MoMLSimpleApplication@1f5d06be
reloadAllAccessors: .ExecStop

===========================================================================================
----------------- testing Fri Jun 08 20:26:50 UTC 2018 /home/travis/build/icyphy/ptII/ptolemy/actor/lib/test/auto/ExecutionTimePN.xml
----------------- Instantiating /home/travis/build/icyphy/ptII/ptolemy/actor/lib/test/auto/ExecutionTimePN.xml
Fired ExecutionTime: 1085600000
Fired ExecutionTime: 1395600000
Fired ExecutionTime: 1296000000
2011 ms. Memory: 1369600K Free: 224465K (16%)
----------------- Invoking toplevel() on ptolemy.moml.MoMLSimpleApplication@19177eb8
----------------- Done invoking toplevel() on ptolemy.moml.MoMLSimpleApplication@19177eb8
reloadAllAccessors: .ExecutionTimePN

===========================================================================================
----------------- testing Fri Jun 08 20:26:52 UTC 2018 /home/travis/build/icyphy/ptII/ptolemy/actor/lib/test/auto/ExecutionTimeSDF.xml
----------------- Instantiating /home/travis/build/icyphy/ptII/ptolemy/actor/lib/test/auto/ExecutionTimeSDF.xml
Fired ExecutionTime: 979600000
Fired ExecutionTime: -1626567296
Fired ExecutionTime: -1632567296
6003 ms. Memory: 1369600K Free: 199459K (15%)
----------------- Invoking toplevel() on ptolemy.moml.MoMLSimpleApplication@7d9b1547
----------------- Done invoking toplevel() on ptolemy.moml.MoMLSimpleApplication@7d9b1547
reloadAllAccessors: .ExecutionTimeSDF

===========================================================================================
----------------- testing Fri Jun 08 20:26:58 UTC 2018 /home/travis/build/icyphy/ptII/ptolemy/actor/lib/test/auto/Expression1.xml
----------------- Instantiating /home/travis/build/icyphy/ptII/ptolemy/actor/lib/test/auto/Expression1.xml
2 ms. Memory: 1369600K Free: 182788K (13%)
----------------- Invoking toplevel() on ptolemy.moml.MoMLSimpleApplication@74c8588c
----------------- Done invoking toplevel() on ptolemy.moml.MoMLSimpleApplication@74c8588c
reloadAllAccessors: .Expression1

===========================================================================================
----------------- testing Fri Jun 08 20:26:58 UTC 2018 /home/travis/build/icyphy/ptII/ptolemy/actor/lib/test/auto/Expression10.xml
----------------- Instantiating /home/travis/build/icyphy/ptII/ptolemy/actor/lib/test/auto/Expression10.xml
6 ms. Memory: 1369600K Free: 156161K (11%)
----------------- Invoking toplevel() on ptolemy.moml.MoMLSimpleApplication@73e3d000
----------------- Done invoking toplevel() on ptolemy.moml.MoMLSimpleApplication@73e3d000
reloadAllAccessors: .Expression10

===========================================================================================
----------------- testing Fri Jun 08 20:26:58 UTC 2018 /home/travis/build/icyphy/ptII/ptolemy/actor/lib/test/auto/Expression11.xml
----------------- Instantiating /home/travis/build/icyphy/ptII/ptolemy/actor/lib/test/auto/Expression11.xml
3 ms. Memory: 1369600K Free: 139490K (10%)
----------------- Invoking toplevel() on ptolemy.moml.MoMLSimpleApplication@79324b48
----------------- Done invoking toplevel() on ptolemy.moml.MoMLSimpleApplication@79324b48
reloadAllAccessors: .Expression11

===========================================================================================
----------------- testing Fri Jun 08 20:26:58 UTC 2018 /home/travis/build/icyphy/ptII/ptolemy/actor/lib/test/auto/Expression12.xml
----------------- Instantiating /home/travis/build/icyphy/ptII/ptolemy/actor/lib/test/auto/Expression12.xml
5 ms. Memory: 1369600K Free: 122820K (9%)
----------------- Invoking toplevel() on ptolemy.moml.MoMLSimpleApplication@c0f5fac
----------------- Done invoking toplevel() on ptolemy.moml.MoMLSimpleApplication@c0f5fac
reloadAllAccessors: .Expression12

===========================================================================================
----------------- testing Fri Jun 08 20:26:58 UTC 2018 /home/travis/build/icyphy/ptII/ptolemy/actor/lib/test/auto/Expression13.xml
----------------- Instantiating /home/travis/build/icyphy/ptII/ptolemy/actor/lib/test/auto/Expression13.xml
3 ms. Memory: 1369600K Free: 106149K (8%)
----------------- Invoking toplevel() on ptolemy.moml.MoMLSimpleApplication@227ac69
----------------- Done invoking toplevel() on ptolemy.moml.MoMLSimpleApplication@227ac69
reloadAllAccessors: .Expression13

===========================================================================================
----------------- testing Fri Jun 08 20:26:58 UTC 2018 /home/travis/build/icyphy/ptII/ptolemy/actor/lib/test/auto/Expression14.xml
----------------- Instantiating /home/travis/build/icyphy/ptII/ptolemy/actor/lib/test/auto/Expression14.xml
6 ms. Memory: 1369600K Free: 89478K (7%)
----------------- Invoking toplevel() on ptolemy.moml.MoMLSimpleApplication@11928678
----------------- Done invoking toplevel() on ptolemy.moml.MoMLSimpleApplication@11928678
reloadAllAccessors: .Expression14

===========================================================================================
----------------- testing Fri Jun 08 20:26:58 UTC 2018 /home/travis/build/icyphy/ptII/ptolemy/actor/lib/test/auto/Expression15.xml
----------------- Instantiating /home/travis/build/icyphy/ptII/ptolemy/actor/lib/test/auto/Expression15.xml
1 ms. Memory: 1369600K Free: 1314807K (96%)
----------------- Invoking toplevel() on ptolemy.moml.MoMLSimpleApplication@5eb7f16f
----------------- Done invoking toplevel() on ptolemy.moml.MoMLSimpleApplication@5eb7f16f
reloadAllAccessors: .Expression15

===========================================================================================
----------------- testing Fri Jun 08 20:26:58 UTC 2018 /home/travis/build/icyphy/ptII/ptolemy/actor/lib/test/auto/Expression16.xml
----------------- Instantiating /home/travis/build/icyphy/ptII/ptolemy/actor/lib/test/auto/Expression16.xml
3 ms. Memory: 1369600K Free: 1291107K (94%)
----------------- Invoking toplevel() on ptolemy.moml.MoMLSimpleApplication@174ad21
----------------- Done invoking toplevel() on ptolemy.moml.MoMLSimpleApplication@174ad21
reloadAllAccessors: .Expression16

===========================================================================================
----------------- testing Fri Jun 08 20:26:58 UTC 2018 /home/travis/build/icyphy/ptII/ptolemy/actor/lib/test/auto/Expression17.xml
----------------- Instantiating /home/travis/build/icyphy/ptII/ptolemy/actor/lib/test/auto/Expression17.xml
3 ms. Memory: 1369600K Free: 1274436K (93%)
----------------- Invoking toplevel() on ptolemy.moml.MoMLSimpleApplication@233e2226
----------------- Done invoking toplevel() on ptolemy.moml.MoMLSimpleApplication@233e2226
reloadAllAccessors: .Expression17

===========================================================================================
----------------- testing Fri Jun 08 20:26:58 UTC 2018 /home/travis/build/icyphy/ptII/ptolemy/actor/lib/test/auto/Expression18.xml
----------------- Instantiating /home/travis/build/icyphy/ptII/ptolemy/actor/lib/test/auto/Expression18.xml
3 ms. Memory: 1369600K Free: 1257765K (92%)
----------------- Invoking toplevel() on ptolemy.moml.MoMLSimpleApplication@6d78e32
----------------- Done invoking toplevel() on ptolemy.moml.MoMLSimpleApplication@6d78e32
reloadAllAccessors: .Expression18

===========================================================================================
----------------- testing Fri Jun 08 20:26:58 UTC 2018 /home/travis/build/icyphy/ptII/ptolemy/actor/lib/test/auto/Expression2.xml
----------------- Instantiating /home/travis/build/icyphy/ptII/ptolemy/actor/lib/test/auto/Expression2.xml
2 ms. Memory: 1369600K Free: 1234065K (90%)
----------------- Invoking toplevel() on ptolemy.moml.MoMLSimpleApplication@42a093d0
----------------- Done invoking toplevel() on ptolemy.moml.MoMLSimpleApplication@42a093d0
reloadAllAccessors: .Expression2

===========================================================================================
----------------- testing Fri Jun 08 20:26:58 UTC 2018 /home/travis/build/icyphy/ptII/ptolemy/actor/lib/test/auto/Expression3.xml
----------------- Instantiating /home/travis/build/icyphy/ptII/ptolemy/actor/lib/test/auto/Expression3.xml
5 ms. Memory: 1369600K Free: 1217394K (89%)
----------------- Invoking toplevel() on ptolemy.moml.MoMLSimpleApplication@57066c5b
----------------- Done invoking toplevel() on ptolemy.moml.MoMLSimpleApplication@57066c5b
reloadAllAccessors: .Expression3

===========================================================================================
----------------- testing Fri Jun 08 20:26:58 UTC 2018 /home/travis/build/icyphy/ptII/ptolemy/actor/lib/test/auto/Expression4.xml
----------------- Instantiating /home/travis/build/icyphy/ptII/ptolemy/actor/lib/test/auto/Expression4.xml
4 ms. Memory: 1369600K Free: 1200723K (88%)
----------------- Invoking toplevel() on ptolemy.moml.MoMLSimpleApplication@53a2e93f
----------------- Done invoking toplevel() on ptolemy.moml.MoMLSimpleApplication@53a2e93f
reloadAllAccessors: .Expression4

===========================================================================================
----------------- testing Fri Jun 08 20:26:58 UTC 2018 /home/travis/build/icyphy/ptII/ptolemy/actor/lib/test/auto/Expression5.xml
----------------- Instantiating /home/travis/build/icyphy/ptII/ptolemy/actor/lib/test/auto/Expression5.xml
3 ms. Memory: 1369600K Free: 1177023K (86%)
----------------- Invoking toplevel() on ptolemy.moml.MoMLSimpleApplication@74cdf51e
----------------- Done invoking toplevel() on ptolemy.moml.MoMLSimpleApplication@74cdf51e
reloadAllAccessors: .Expression5

===========================================================================================
----------------- testing Fri Jun 08 20:26:58 UTC 2018 /home/travis/build/icyphy/ptII/ptolemy/actor/lib/test/auto/Expression6.xml
----------------- Instantiating /home/travis/build/icyphy/ptII/ptolemy/actor/lib/test/auto/Expression6.xml
4 ms. Memory: 1369600K Free: 1160353K (85%)
----------------- Invoking toplevel() on ptolemy.moml.MoMLSimpleApplication@4a720918
----------------- Done invoking toplevel() on ptolemy.moml.MoMLSimpleApplication@4a720918
reloadAllAccessors: .Expression6

===========================================================================================
----------------- testing Fri Jun 08 20:26:59 UTC 2018 /home/travis/build/icyphy/ptII/ptolemy/actor/lib/test/auto/Expression7.xml
----------------- Instantiating /home/travis/build/icyphy/ptII/ptolemy/actor/lib/test/auto/Expression7.xml
2 ms. Memory: 1369600K Free: 1143682K (84%)
----------------- Invoking toplevel() on ptolemy.moml.MoMLSimpleApplication@47f44c84
----------------- Done invoking toplevel() on ptolemy.moml.MoMLSimpleApplication@47f44c84
reloadAllAccessors: .Expression7

===========================================================================================
----------------- testing Fri Jun 08 20:26:59 UTC 2018 /home/travis/build/icyphy/ptII/ptolemy/actor/lib/test/auto/Expression8.xml
----------------- Instantiating /home/travis/build/icyphy/ptII/ptolemy/actor/lib/test/auto/Expression8.xml
7 ms. Memory: 1369600K Free: 1119982K (82%)
----------------- Invoking toplevel() on ptolemy.moml.MoMLSimpleApplication@3f808cf6
----------------- Done invoking toplevel() on ptolemy.moml.MoMLSimpleApplication@3f808cf6
reloadAllAccessors: .Expression8

===========================================================================================
----------------- testing Fri Jun 08 20:26:59 UTC 2018 /home/travis/build/icyphy/ptII/ptolemy/actor/lib/test/auto/Expression9.xml
----------------- Instantiating /home/travis/build/icyphy/ptII/ptolemy/actor/lib/test/auto/Expression9.xml
1 ms. Memory: 1369600K Free: 1103311K (81%)
----------------- Invoking toplevel() on ptolemy.moml.MoMLSimpleApplication@48a226c3
----------------- Done invoking toplevel() on ptolemy.moml.MoMLSimpleApplication@48a226c3
reloadAllAccessors: .Expression9

===========================================================================================
----------------- testing Fri Jun 08 20:26:59 UTC 2018 /home/travis/build/icyphy/ptII/ptolemy/actor/lib/test/auto/ExpressionConcatenateArrayType.xml
----------------- Instantiating /home/travis/build/icyphy/ptII/ptolemy/actor/lib/test/auto/ExpressionConcatenateArrayType.xml
2 ms. Memory: 1369600K Free: 1086640K (79%)
----------------- Invoking toplevel() on ptolemy.moml.MoMLSimpleApplication@75c327f0
----------------- Done invoking toplevel() on ptolemy.moml.MoMLSimpleApplication@75c327f0
reloadAllAccessors: .ExpressionConcatenateArrayType

===========================================================================================
----------------- testing Fri Jun 08 20:26:59 UTC 2018 /home/travis/build/icyphy/ptII/ptolemy/actor/lib/test/auto/ExpressionConcatenateArrayType2.xml
----------------- Instantiating /home/travis/build/icyphy/ptII/ptolemy/actor/lib/test/auto/ExpressionConcatenateArrayType2.xml
2 ms. Memory: 1369600K Free: 1062771K (78%)
----------------- Invoking toplevel() on ptolemy.moml.MoMLSimpleApplication@7546
----------------- Done invoking toplevel() on ptolemy.moml.MoMLSimpleApplication@7546
reloadAllAccessors: .ExpressionConcatenateArrayType2

===========================================================================================
----------------- testing Fri Jun 08 20:26:59 UTC 2018 /home/travis/build/icyphy/ptII/ptolemy/actor/lib/test/auto/ExpressionFix.xml
----------------- Instantiating /home/travis/build/icyphy/ptII/ptolemy/actor/lib/test/auto/ExpressionFix.xml
10 ms. Memory: 1369600K Free: 1046101K (76%)
----------------- Invoking toplevel() on ptolemy.moml.MoMLSimpleApplication@79debeee
----------------- Done invoking toplevel() on ptolemy.moml.MoMLSimpleApplication@79debeee
reloadAllAccessors: .ExpressionFix

===========================================================================================
----------------- testing Fri Jun 08 20:26:59 UTC 2018 /home/travis/build/icyphy/ptII/ptolemy/actor/lib/test/auto/ExpressionFix2.xml
----------------- Instantiating /home/travis/build/icyphy/ptII/ptolemy/actor/lib/test/auto/ExpressionFix2.xml
4 ms. Memory: 1369600K Free: 1029430K (75%)
----------------- Invoking toplevel() on ptolemy.moml.MoMLSimpleApplication@3f64c3d2
----------------- Done invoking toplevel() on ptolemy.moml.MoMLSimpleApplication@3f64c3d2
reloadAllAccessors: .ExpressionFix2

===========================================================================================
----------------- testing Fri Jun 08 20:26:59 UTC 2018 /home/travis/build/icyphy/ptII/ptolemy/actor/lib/test/auto/ExpressionFix3.xml
----------------- Instantiating /home/travis/build/icyphy/ptII/ptolemy/actor/lib/test/auto/ExpressionFix3.xml
3 ms. Memory: 1369600K Free: 1005730K (73%)
----------------- Invoking toplevel() on ptolemy.moml.MoMLSimpleApplication@70725532
----------------- Done invoking toplevel() on ptolemy.moml.MoMLSimpleApplication@70725532
reloadAllAccessors: .ExpressionFix3

===========================================================================================
----------------- testing Fri Jun 08 20:26:59 UTC 2018 /home/travis/build/icyphy/ptII/ptolemy/actor/lib/test/auto/FileWriter1.xml
----------------- Instantiating /home/travis/build/icyphy/ptII/ptolemy/actor/lib/test/auto/FileWriter1.xml
2 ms. Memory: 1369600K Free: 989059K (72%)
----------------- Invoking toplevel() on ptolemy.moml.MoMLSimpleApplication@6e38e1bf
----------------- Done invoking toplevel() on ptolemy.moml.MoMLSimpleApplication@6e38e1bf
reloadAllAccessors: .FileWriter1

===========================================================================================
----------------- testing Fri Jun 08 20:26:59 UTC 2018 /home/travis/build/icyphy/ptII/ptolemy/actor/lib/test/auto/FileWriter2.xml
----------------- Instantiating /home/travis/build/icyphy/ptII/ptolemy/actor/lib/test/auto/FileWriter2.xml
2 ms. Memory: 1369600K Free: 972388K (71%)
----------------- Invoking toplevel() on ptolemy.moml.MoMLSimpleApplication@4f349444
----------------- Done invoking toplevel() on ptolemy.moml.MoMLSimpleApplication@4f349444
reloadAllAccessors: .FileWriter2

===========================================================================================
----------------- testing Fri Jun 08 20:26:59 UTC 2018 /home/travis/build/icyphy/ptII/ptolemy/actor/lib/test/auto/FileWriter3.xml
----------------- Instantiating /home/travis/build/icyphy/ptII/ptolemy/actor/lib/test/auto/FileWriter3.xml
1 ms. Memory: 1369600K Free: 948688K (69%)
----------------- Invoking toplevel() on ptolemy.moml.MoMLSimpleApplication@75e1cf5b
----------------- Done invoking toplevel() on ptolemy.moml.MoMLSimpleApplication@75e1cf5b
reloadAllAccessors: .FileWriter3

===========================================================================================
----------------- testing Fri Jun 08 20:26:59 UTC 2018 /home/travis/build/icyphy/ptII/ptolemy/actor/lib/test/auto/Gaussian.xml
----------------- Instantiating /home/travis/build/icyphy/ptII/ptolemy/actor/lib/test/auto/Gaussian.xml
1 ms. Memory: 1369600K Free: 932017K (68%)
----------------- Invoking toplevel() on ptolemy.moml.MoMLSimpleApplication@4e524120
----------------- Done invoking toplevel() on ptolemy.moml.MoMLSimpleApplication@4e524120
reloadAllAccessors: .Gaussian

===========================================================================================
----------------- testing Fri Jun 08 20:26:59 UTC 2018 /home/travis/build/icyphy/ptII/ptolemy/actor/lib/test/auto/Gaussian1.xml
----------------- Instantiating /home/travis/build/icyphy/ptII/ptolemy/actor/lib/test/auto/Gaussian1.xml
1 ms. Memory: 1369600K Free: 915347K (67%)
----------------- Invoking toplevel() on ptolemy.moml.MoMLSimpleApplication@5439a26c
----------------- Done invoking toplevel() on ptolemy.moml.MoMLSimpleApplication@5439a26c
reloadAllAccessors: .Gaussian1

===========================================================================================
----------------- testing Fri Jun 08 20:26:59 UTC 2018 /home/travis/build/icyphy/ptII/ptolemy/actor/lib/test/auto/Gaussian2.xml
----------------- Instantiating /home/travis/build/icyphy/ptII/ptolemy/actor/lib/test/auto/Gaussian2.xml
1 ms. Memory: 1369600K Free: 891647K (65%)
----------------- Invoking toplevel() on ptolemy.moml.MoMLSimpleApplication@2566d47c
----------------- Done invoking toplevel() on ptolemy.moml.MoMLSimpleApplication@2566d47c
reloadAllAccessors: .Gaussian2

===========================================================================================
----------------- testing Fri Jun 08 20:26:59 UTC 2018 /home/travis/build/icyphy/ptII/ptolemy/actor/lib/test/auto/GradientAdaptiveLattice.xml
----------------- Instantiating /home/travis/build/icyphy/ptII/ptolemy/actor/lib/test/auto/GradientAdaptiveLattice.xml
3 ms. Memory: 1369600K Free: 874976K (64%)
----------------- Invoking toplevel() on ptolemy.moml.MoMLSimpleApplication@2b49e1c6
----------------- Done invoking toplevel() on ptolemy.moml.MoMLSimpleApplication@2b49e1c6
reloadAllAccessors: .GradientAdaptiveLattice

===========================================================================================
----------------- testing Fri Jun 08 20:26:59 UTC 2018 /home/travis/build/icyphy/ptII/ptolemy/actor/lib/test/auto/IIR.xml
----------------- Instantiating /home/travis/build/icyphy/ptII/ptolemy/actor/lib/test/auto/IIR.xml
2 ms. Memory: 1369600K Free: 858305K (63%)
----------------- Invoking toplevel() on ptolemy.moml.MoMLSimpleApplication@5e3b9a1b
----------------- Done invoking toplevel() on ptolemy.moml.MoMLSimpleApplication@5e3b9a1b
reloadAllAccessors: .IIR

===========================================================================================
----------------- testing Fri Jun 08 20:26:59 UTC 2018 /home/travis/build/icyphy/ptII/ptolemy/actor/lib/test/auto/InputOutputTransparentPorts.xml
----------------- Instantiating /home/travis/build/icyphy/ptII/ptolemy/actor/lib/test/auto/InputOutputTransparentPorts.xml
1 ms. Memory: 1369600K Free: 834605K (61%)
----------------- Invoking toplevel() on ptolemy.moml.MoMLSimpleApplication@5c6c61c5
----------------- Done invoking toplevel() on ptolemy.moml.MoMLSimpleApplication@5c6c61c5
reloadAllAccessors: .InputOutputTransparentPorts

===========================================================================================
----------------- testing Fri Jun 08 20:26:59 UTC 2018 /home/travis/build/icyphy/ptII/ptolemy/actor/lib/test/auto/Interpolator.xml
----------------- Instantiating /home/travis/build/icyphy/ptII/ptolemy/actor/lib/test/auto/Interpolator.xml
2 ms. Memory: 1369600K Free: 817934K (60%)
----------------- Invoking toplevel() on ptolemy.moml.MoMLSimpleApplication@2e88a5e4
----------------- Done invoking toplevel() on ptolemy.moml.MoMLSimpleApplication@2e88a5e4
reloadAllAccessors: .Interpolator

===========================================================================================
----------------- testing Fri Jun 08 20:26:59 UTC 2018 /home/travis/build/icyphy/ptII/ptolemy/actor/lib/test/auto/InterpolatorFiringLimitDE.xml
----------------- Instantiating /home/travis/build/icyphy/ptII/ptolemy/actor/lib/test/auto/InterpolatorFiringLimitDE.xml
1 ms. Memory: 1369600K Free: 801263K (59%)
----------------- Invoking toplevel() on ptolemy.moml.MoMLSimpleApplication@76132b74
----------------- Done invoking toplevel() on ptolemy.moml.MoMLSimpleApplication@76132b74
reloadAllAccessors: .InterpolatorFiringLimitDE

===========================================================================================
----------------- testing Fri Jun 08 20:26:59 UTC 2018 /home/travis/build/icyphy/ptII/ptolemy/actor/lib/test/auto/Lattice.xml
----------------- Instantiating /home/travis/build/icyphy/ptII/ptolemy/actor/lib/test/auto/Lattice.xml
1 ms. Memory: 1369600K Free: 777563K (57%)
----------------- Invoking toplevel() on ptolemy.moml.MoMLSimpleApplication@6a326751
----------------- Done invoking toplevel() on ptolemy.moml.MoMLSimpleApplication@6a326751
reloadAllAccessors: .Lattice

===========================================================================================
----------------- testing Fri Jun 08 20:26:59 UTC 2018 /home/travis/build/icyphy/ptII/ptolemy/actor/lib/test/auto/LazyAOCTestLazy.xml
----------------- Instantiating /home/travis/build/icyphy/ptII/ptolemy/actor/lib/test/auto/LazyAOCTestLazy.xml
6 ms. Memory: 1369600K Free: 760893K (56%)
----------------- Invoking toplevel() on ptolemy.moml.MoMLSimpleApplication@349a07c
----------------- Done invoking toplevel() on ptolemy.moml.MoMLSimpleApplication@349a07c
reloadAllAccessors: .LazyAOCTestLazy

===========================================================================================
----------------- testing Fri Jun 08 20:26:59 UTC 2018 /home/travis/build/icyphy/ptII/ptolemy/actor/lib/test/auto/LazyAOCTestNonLazy.xml
----------------- Instantiating /home/travis/build/icyphy/ptII/ptolemy/actor/lib/test/auto/LazyAOCTestNonLazy.xml
1 ms. Memory: 1369600K Free: 744222K (54%)
----------------- Invoking toplevel() on ptolemy.moml.MoMLSimpleApplication@774cf74e
----------------- Done invoking toplevel() on ptolemy.moml.MoMLSimpleApplication@774cf74e
reloadAllAccessors: .LazyAOCTestNonLazy

===========================================================================================
----------------- testing Fri Jun 08 20:26:59 UTC 2018 /home/travis/build/icyphy/ptII/ptolemy/actor/lib/test/auto/LazyInnerClass.xml
----------------- Instantiating /home/travis/build/icyphy/ptII/ptolemy/actor/lib/test/auto/LazyInnerClass.xml
9 ms. Memory: 1369600K Free: 720522K (53%)
----------------- Invoking toplevel() on ptolemy.moml.MoMLSimpleApplication@f52108b
----------------- Done invoking toplevel() on ptolemy.moml.MoMLSimpleApplication@f52108b
reloadAllAccessors: .LazyInnerClass

===========================================================================================
----------------- testing Fri Jun 08 20:26:59 UTC 2018 /home/travis/build/icyphy/ptII/ptolemy/actor/lib/test/auto/LazyPubSub.xml
----------------- Instantiating /home/travis/build/icyphy/ptII/ptolemy/actor/lib/test/auto/LazyPubSub.xml
27 ms. Memory: 1369600K Free: 703851K (51%)
----------------- Invoking toplevel() on ptolemy.moml.MoMLSimpleApplication@c3568ab
----------------- Done invoking toplevel() on ptolemy.moml.MoMLSimpleApplication@c3568ab
reloadAllAccessors: .LazyPubSub

===========================================================================================
----------------- testing Fri Jun 08 20:26:59 UTC 2018 /home/travis/build/icyphy/ptII/ptolemy/actor/lib/test/auto/LazyPubSub2.xml
----------------- Instantiating /home/travis/build/icyphy/ptII/ptolemy/actor/lib/test/auto/LazyPubSub2.xml
25 ms. Memory: 1369600K Free: 687180K (50%)
----------------- Invoking toplevel() on ptolemy.moml.MoMLSimpleApplication@6e51af75
----------------- Done invoking toplevel() on ptolemy.moml.MoMLSimpleApplication@6e51af75
reloadAllAccessors: .LazyPubSub2

===========================================================================================
----------------- testing Fri Jun 08 20:26:59 UTC 2018 /home/travis/build/icyphy/ptII/ptolemy/actor/lib/test/auto/LazyPubSub3.xml
----------------- Instantiating /home/travis/build/icyphy/ptII/ptolemy/actor/lib/test/auto/LazyPubSub3.xml
13 ms. Memory: 1369600K Free: 663480K (48%)
----------------- Invoking toplevel() on ptolemy.moml.MoMLSimpleApplication@a3890f3
----------------- Done invoking toplevel() on ptolemy.moml.MoMLSimpleApplication@a3890f3
reloadAllAccessors: .LazyPubSub3

===========================================================================================
----------------- testing Fri Jun 08 20:26:59 UTC 2018 /home/travis/build/icyphy/ptII/ptolemy/actor/lib/test/auto/LazySubClassModel.xml
----------------- Instantiating /home/travis/build/icyphy/ptII/ptolemy/actor/lib/test/auto/LazySubClassModel.xml
3 ms. Memory: 1369600K Free: 646809K (47%)
----------------- Invoking toplevel() on ptolemy.moml.MoMLSimpleApplication@544303b3
----------------- Done invoking toplevel() on ptolemy.moml.MoMLSimpleApplication@544303b3
reloadAllAccessors: .LazySubClassModel

===========================================================================================
----------------- testing Fri Jun 08 20:26:59 UTC 2018 /home/travis/build/icyphy/ptII/ptolemy/actor/lib/test/auto/LevelCrossTest1.xml
----------------- Instantiating /home/travis/build/icyphy/ptII/ptolemy/actor/lib/test/auto/LevelCrossTest1.xml
1 ms. Memory: 1369600K Free: 630139K (46%)
----------------- Invoking toplevel() on ptolemy.moml.MoMLSimpleApplication@ef5c11a
----------------- Done invoking toplevel() on ptolemy.moml.MoMLSimpleApplication@ef5c11a
reloadAllAccessors: .broken

===========================================================================================
----------------- testing Fri Jun 08 20:26:59 UTC 2018 /home/travis/build/icyphy/ptII/ptolemy/actor/lib/test/auto/LevelCrossTest10.xml
----------------- Instantiating /home/travis/build/icyphy/ptII/ptolemy/actor/lib/test/auto/LevelCrossTest10.xml
1 ms. Memory: 1369600K Free: 606439K (44%)
----------------- Invoking toplevel() on ptolemy.moml.MoMLSimpleApplication@6edd124c
----------------- Done invoking toplevel() on ptolemy.moml.MoMLSimpleApplication@6edd124c
reloadAllAccessors: .LevelCrossTest10

===========================================================================================
----------------- testing Fri Jun 08 20:26:59 UTC 2018 /home/travis/build/icyphy/ptII/ptolemy/actor/lib/test/auto/LevelCrossTest11.xml
----------------- Instantiating /home/travis/build/icyphy/ptII/ptolemy/actor/lib/test/auto/LevelCrossTest11.xml
1 ms. Memory: 1369600K Free: 589768K (43%)
----------------- Invoking toplevel() on ptolemy.moml.MoMLSimpleApplication@28f9adad
----------------- Done invoking toplevel() on ptolemy.moml.MoMLSimpleApplication@28f9adad
reloadAllAccessors: .LevelCrossTest11

===========================================================================================
----------------- testing Fri Jun 08 20:26:59 UTC 2018 /home/travis/build/icyphy/ptII/ptolemy/actor/lib/test/auto/LevelCrossTest12.xml
----------------- Instantiating /home/travis/build/icyphy/ptII/ptolemy/actor/lib/test/auto/LevelCrossTest12.xml
1 ms. Memory: 1369600K Free: 573097K (42%)
----------------- Invoking toplevel() on ptolemy.moml.MoMLSimpleApplication@668ca6b3
----------------- Done invoking toplevel() on ptolemy.moml.MoMLSimpleApplication@668ca6b3
reloadAllAccessors: .LevelCrossTest12

===========================================================================================
----------------- testing Fri Jun 08 20:26:59 UTC 2018 /home/travis/build/icyphy/ptII/ptolemy/actor/lib/test/auto/LevelCrossTest13.xml
----------------- Instantiating /home/travis/build/icyphy/ptII/ptolemy/actor/lib/test/auto/LevelCrossTest13.xml
1 ms. Memory: 1369600K Free: 549397K (40%)
----------------- Invoking toplevel() on ptolemy.moml.MoMLSimpleApplication@dd09d0a
----------------- Done invoking toplevel() on ptolemy.moml.MoMLSimpleApplication@dd09d0a
reloadAllAccessors: .LevelCrossTest13

===========================================================================================
----------------- testing Fri Jun 08 20:26:59 UTC 2018 /home/travis/build/icyphy/ptII/ptolemy/actor/lib/test/auto/LevelCrossTest2.xml
----------------- Instantiating /home/travis/build/icyphy/ptII/ptolemy/actor/lib/test/auto/LevelCrossTest2.xml
1 ms. Memory: 1369600K Free: 532726K (39%)
----------------- Invoking toplevel() on ptolemy.moml.MoMLSimpleApplication@3e7334a5
----------------- Done invoking toplevel() on ptolemy.moml.MoMLSimpleApplication@3e7334a5
reloadAllAccessors: .broken

===========================================================================================
----------------- testing Fri Jun 08 20:26:59 UTC 2018 /home/travis/build/icyphy/ptII/ptolemy/actor/lib/test/auto/LevelCrossTest3.xml
----------------- Instantiating /home/travis/build/icyphy/ptII/ptolemy/actor/lib/test/auto/LevelCrossTest3.xml
1 ms. Memory: 1369600K Free: 516055K (38%)
----------------- Invoking toplevel() on ptolemy.moml.MoMLSimpleApplication@7fbe43ef
----------------- Done invoking toplevel() on ptolemy.moml.MoMLSimpleApplication@7fbe43ef
reloadAllAccessors: .LevelCrossTest3

===========================================================================================
----------------- testing Fri Jun 08 20:26:59 UTC 2018 /home/travis/build/icyphy/ptII/ptolemy/actor/lib/test/auto/LevelCrossTest4.xml
----------------- Instantiating /home/travis/build/icyphy/ptII/ptolemy/actor/lib/test/auto/LevelCrossTest4.xml
1 ms. Memory: 1369600K Free: 499385K (36%)
----------------- Invoking toplevel() on ptolemy.moml.MoMLSimpleApplication@59f10c76
----------------- Done invoking toplevel() on ptolemy.moml.MoMLSimpleApplication@59f10c76
reloadAllAccessors: .broken

===========================================================================================
----------------- testing Fri Jun 08 20:26:59 UTC 2018 /home/travis/build/icyphy/ptII/ptolemy/actor/lib/test/auto/LevelCrossTest5.xml
----------------- Instantiating /home/travis/build/icyphy/ptII/ptolemy/actor/lib/test/auto/LevelCrossTest5.xml
1 ms. Memory: 1369600K Free: 475685K (35%)
----------------- Invoking toplevel() on ptolemy.moml.MoMLSimpleApplication@2c6e6db4
----------------- Done invoking toplevel() on ptolemy.moml.MoMLSimpleApplication@2c6e6db4
reloadAllAccessors: .LevelCrossTest5

===========================================================================================
----------------- testing Fri Jun 08 20:26:59 UTC 2018 /home/travis/build/icyphy/ptII/ptolemy/actor/lib/test/auto/LevelCrossTest6.xml
----------------- Instantiating /home/travis/build/icyphy/ptII/ptolemy/actor/lib/test/auto/LevelCrossTest6.xml
1 ms. Memory: 1369600K Free: 459014K (34%)
----------------- Invoking toplevel() on ptolemy.moml.MoMLSimpleApplication@56112f0e
----------------- Done invoking toplevel() on ptolemy.moml.MoMLSimpleApplication@56112f0e
reloadAllAccessors: .LevelCrossTest6

===========================================================================================
----------------- testing Fri Jun 08 20:26:59 UTC 2018 /home/travis/build/icyphy/ptII/ptolemy/actor/lib/test/auto/LevelCrossTest7.xml
----------------- Instantiating /home/travis/build/icyphy/ptII/ptolemy/actor/lib/test/auto/LevelCrossTest7.xml
2 ms. Memory: 1369600K Free: 442343K (32%)
----------------- Invoking toplevel() on ptolemy.moml.MoMLSimpleApplication@79e2139d
----------------- Done invoking toplevel() on ptolemy.moml.MoMLSimpleApplication@79e2139d
reloadAllAccessors: .LevelCrossTest7

===========================================================================================
----------------- testing Fri Jun 08 20:26:59 UTC 2018 /home/travis/build/icyphy/ptII/ptolemy/actor/lib/test/auto/LevelCrossTest8.xml
----------------- Instantiating /home/travis/build/icyphy/ptII/ptolemy/actor/lib/test/auto/LevelCrossTest8.xml
1 ms. Memory: 1369600K Free: 418643K (31%)
----------------- Invoking toplevel() on ptolemy.moml.MoMLSimpleApplication@2d25586f
----------------- Done invoking toplevel() on ptolemy.moml.MoMLSimpleApplication@2d25586f
reloadAllAccessors: .LevelCrossTest8

===========================================================================================
----------------- testing Fri Jun 08 20:26:59 UTC 2018 /home/travis/build/icyphy/ptII/ptolemy/actor/lib/test/auto/LevelCrossTest9.xml
----------------- Instantiating /home/travis/build/icyphy/ptII/ptolemy/actor/lib/test/auto/LevelCrossTest9.xml
1 ms. Memory: 1369600K Free: 401973K (29%)
----------------- Invoking toplevel() on ptolemy.moml.MoMLSimpleApplication@5025f8b1
----------------- Done invoking toplevel() on ptolemy.moml.MoMLSimpleApplication@5025f8b1
reloadAllAccessors: .LevelCrossTest9

===========================================================================================
----------------- testing Fri Jun 08 20:26:59 UTC 2018 /home/travis/build/icyphy/ptII/ptolemy/actor/lib/test/auto/LevinsonDurbin.xml
----------------- Instantiating /home/travis/build/icyphy/ptII/ptolemy/actor/lib/test/auto/LevinsonDurbin.xml
2 ms. Memory: 1369600K Free: 385302K (28%)
----------------- Invoking toplevel() on ptolemy.moml.MoMLSimpleApplication@8ee18c
----------------- Done invoking toplevel() on ptolemy.moml.MoMLSimpleApplication@8ee18c
reloadAllAccessors: .LevinsonDurbin

===========================================================================================
----------------- testing Fri Jun 08 20:26:59 UTC 2018 /home/travis/build/icyphy/ptII/ptolemy/actor/lib/test/auto/LevinsonDurbin2.xml
----------------- Instantiating /home/travis/build/icyphy/ptII/ptolemy/actor/lib/test/auto/LevinsonDurbin2.xml
1 ms. Memory: 1369600K Free: 361602K (26%)
----------------- Invoking toplevel() on ptolemy.moml.MoMLSimpleApplication@2d8ffdeb
----------------- Done invoking toplevel() on ptolemy.moml.MoMLSimpleApplication@2d8ffdeb
reloadAllAccessors: .LevinsonDurbin2

===========================================================================================
----------------- testing Fri Jun 08 20:26:59 UTC 2018 /home/travis/build/icyphy/ptII/ptolemy/actor/lib/test/auto/LevinsonDurbin3.xml
----------------- Instantiating /home/travis/build/icyphy/ptII/ptolemy/actor/lib/test/auto/LevinsonDurbin3.xml
1 ms. Memory: 1369600K Free: 344931K (25%)
----------------- Invoking toplevel() on ptolemy.moml.MoMLSimpleApplication@2214cd9
----------------- Done invoking toplevel() on ptolemy.moml.MoMLSimpleApplication@2214cd9
reloadAllAccessors: .LevinsonDurbin3

===========================================================================================
----------------- testing Fri Jun 08 20:26:59 UTC 2018 /home/travis/build/icyphy/ptII/ptolemy/actor/lib/test/auto/Limiter.xml
----------------- Instantiating /home/travis/build/icyphy/ptII/ptolemy/actor/lib/test/auto/Limiter.xml
3 ms. Memory: 1369600K Free: 328260K (24%)
----------------- Invoking toplevel() on ptolemy.moml.MoMLSimpleApplication@201130e1
----------------- Done invoking toplevel() on ptolemy.moml.MoMLSimpleApplication@201130e1
reloadAllAccessors: .Limiter

===========================================================================================
----------------- testing Fri Jun 08 20:26:59 UTC 2018 /home/travis/build/icyphy/ptII/ptolemy/actor/lib/test/auto/LinearDifferenceEquationSystem.xml
----------------- Instantiating /home/travis/build/icyphy/ptII/ptolemy/actor/lib/test/auto/LinearDifferenceEquationSystem.xml
3 ms. Memory: 1369600K Free: 304560K (22%)
----------------- Invoking toplevel() on ptolemy.moml.MoMLSimpleApplication@7d2ee1a6
----------------- Done invoking toplevel() on ptolemy.moml.MoMLSimpleApplication@7d2ee1a6
reloadAllAccessors: .LinearDifferenceEquationSystem

===========================================================================================
----------------- testing Fri Jun 08 20:26:59 UTC 2018 /home/travis/build/icyphy/ptII/ptolemy/actor/lib/test/auto/LookupTable.xml
----------------- Instantiating /home/travis/build/icyphy/ptII/ptolemy/actor/lib/test/auto/LookupTable.xml
1 ms. Memory: 1369600K Free: 287889K (21%)
----------------- Invoking toplevel() on ptolemy.moml.MoMLSimpleApplication@8d9ff01
----------------- Done invoking toplevel() on ptolemy.moml.MoMLSimpleApplication@8d9ff01
reloadAllAccessors: .LookupTable

===========================================================================================
----------------- testing Fri Jun 08 20:26:59 UTC 2018 /home/travis/build/icyphy/ptII/ptolemy/actor/lib/test/auto/MathFunction.xml
----------------- Instantiating /home/travis/build/icyphy/ptII/ptolemy/actor/lib/test/auto/MathFunction.xml
2 ms. Memory: 1369600K Free: 271218K (20%)
----------------- Invoking toplevel() on ptolemy.moml.MoMLSimpleApplication@56b01e64
----------------- Done invoking toplevel() on ptolemy.moml.MoMLSimpleApplication@56b01e64
reloadAllAccessors: .MathFunction

===========================================================================================
----------------- testing Fri Jun 08 20:26:59 UTC 2018 /home/travis/build/icyphy/ptII/ptolemy/actor/lib/test/auto/MathFunction2.xml
----------------- Instantiating /home/travis/build/icyphy/ptII/ptolemy/actor/lib/test/auto/MathFunction2.xml
1 ms. Memory: 1369600K Free: 247519K (18%)
----------------- Invoking toplevel() on ptolemy.moml.MoMLSimpleApplication@183e898c
----------------- Done invoking toplevel() on ptolemy.moml.MoMLSimpleApplication@183e898c
reloadAllAccessors: .MathFunction2

===========================================================================================
----------------- testing Fri Jun 08 20:26:59 UTC 2018 /home/travis/build/icyphy/ptII/ptolemy/actor/lib/test/auto/MathFunction3.xml
----------------- Instantiating /home/travis/build/icyphy/ptII/ptolemy/actor/lib/test/auto/MathFunction3.xml
3 ms. Memory: 1369600K Free: 230848K (17%)
----------------- Invoking toplevel() on ptolemy.moml.MoMLSimpleApplication@1b7e99ce
----------------- Done invoking toplevel() on ptolemy.moml.MoMLSimpleApplication@1b7e99ce
reloadAllAccessors: .MathFunction3

===========================================================================================
----------------- testing Fri Jun 08 20:26:59 UTC 2018 /home/travis/build/icyphy/ptII/ptolemy/actor/lib/test/auto/MatrixCropBoolean.xml
----------------- Instantiating /home/travis/build/icyphy/ptII/ptolemy/actor/lib/test/auto/MatrixCropBoolean.xml
1 ms. Memory: 1369600K Free: 214177K (16%)
----------------- Invoking toplevel() on ptolemy.moml.MoMLSimpleApplication@25e49841
----------------- Done invoking toplevel() on ptolemy.moml.MoMLSimpleApplication@25e49841
reloadAllAccessors: .MatrixCropBoolean

===========================================================================================
----------------- testing Fri Jun 08 20:26:59 UTC 2018 /home/travis/build/icyphy/ptII/ptolemy/actor/lib/test/auto/MatrixCropComplex.xml
----------------- Instantiating /home/travis/build/icyphy/ptII/ptolemy/actor/lib/test/auto/MatrixCropComplex.xml
1 ms. Memory: 1369600K Free: 190477K (14%)
----------------- Invoking toplevel() on ptolemy.moml.MoMLSimpleApplication@5cc3a61e
----------------- Done invoking toplevel() on ptolemy.moml.MoMLSimpleApplication@5cc3a61e
reloadAllAccessors: .MatrixCropComplex

===========================================================================================
----------------- testing Fri Jun 08 20:26:59 UTC 2018 /home/travis/build/icyphy/ptII/ptolemy/actor/lib/test/auto/MatrixCropDouble.xml
----------------- Instantiating /home/travis/build/icyphy/ptII/ptolemy/actor/lib/test/auto/MatrixCropDouble.xml
2 ms. Memory: 1369600K Free: 173806K (13%)
----------------- Invoking toplevel() on ptolemy.moml.MoMLSimpleApplication@7c15bc2b
----------------- Done invoking toplevel() on ptolemy.moml.MoMLSimpleApplication@7c15bc2b
reloadAllAccessors: .MatrixCropDouble

===========================================================================================
----------------- testing Fri Jun 08 20:27:00 UTC 2018 /home/travis/build/icyphy/ptII/ptolemy/actor/lib/test/auto/MatrixCropFix.xml
----------------- Instantiating /home/travis/build/icyphy/ptII/ptolemy/actor/lib/test/auto/MatrixCropFix.xml
2 ms. Memory: 1369600K Free: 157135K (11%)
----------------- Invoking toplevel() on ptolemy.moml.MoMLSimpleApplication@3572eeb1
----------------- Done invoking toplevel() on ptolemy.moml.MoMLSimpleApplication@3572eeb1
reloadAllAccessors: .MatrixCropFix

===========================================================================================
----------------- testing Fri Jun 08 20:27:00 UTC 2018 /home/travis/build/icyphy/ptII/ptolemy/actor/lib/test/auto/MatrixCropInt.xml
----------------- Instantiating /home/travis/build/icyphy/ptII/ptolemy/actor/lib/test/auto/MatrixCropInt.xml
3 ms. Memory: 1369600K Free: 133436K (10%)
----------------- Invoking toplevel() on ptolemy.moml.MoMLSimpleApplication@3c19300f
----------------- Done invoking toplevel() on ptolemy.moml.MoMLSimpleApplication@3c19300f
reloadAllAccessors: .MatrixCropInt

===========================================================================================
----------------- testing Fri Jun 08 20:27:00 UTC 2018 /home/travis/build/icyphy/ptII/ptolemy/actor/lib/test/auto/MatrixCropLong.xml
----------------- Instantiating /home/travis/build/icyphy/ptII/ptolemy/actor/lib/test/auto/MatrixCropLong.xml
2 ms. Memory: 1369600K Free: 116765K (9%)
----------------- Invoking toplevel() on ptolemy.moml.MoMLSimpleApplication@290247bf
----------------- Done invoking toplevel() on ptolemy.moml.MoMLSimpleApplication@290247bf
reloadAllAccessors: .MatrixCropLong

===========================================================================================
----------------- testing Fri Jun 08 20:27:00 UTC 2018 /home/travis/build/icyphy/ptII/ptolemy/actor/lib/test/auto/MatrixToArray.xml
----------------- Instantiating /home/travis/build/icyphy/ptII/ptolemy/actor/lib/test/auto/MatrixToArray.xml
8 ms. Memory: 1369600K Free: 91743K (7%)
----------------- Invoking toplevel() on ptolemy.moml.MoMLSimpleApplication@3c8022eb
----------------- Done invoking toplevel() on ptolemy.moml.MoMLSimpleApplication@3c8022eb
reloadAllAccessors: .MatrixToArray

===========================================================================================
----------------- testing Fri Jun 08 20:27:00 UTC 2018 /home/travis/build/icyphy/ptII/ptolemy/actor/lib/test/auto/MaxIndex.xml
----------------- Instantiating /home/travis/build/icyphy/ptII/ptolemy/actor/lib/test/auto/MaxIndex.xml
10 ms. Memory: 1570304K Free: 1526827K (97%)
----------------- Invoking toplevel() on ptolemy.moml.MoMLSimpleApplication@66819176
----------------- Done invoking toplevel() on ptolemy.moml.MoMLSimpleApplication@66819176
reloadAllAccessors: .MaxIndex

===========================================================================================
----------------- testing Fri Jun 08 20:27:00 UTC 2018 /home/travis/build/icyphy/ptII/ptolemy/actor/lib/test/auto/Maximum.xml
----------------- Instantiating /home/travis/build/icyphy/ptII/ptolemy/actor/lib/test/auto/Maximum.xml
2 ms. Memory: 1570304K Free: 1500634K (96%)
----------------- Invoking toplevel() on ptolemy.moml.MoMLSimpleApplication@2778be30
----------------- Done invoking toplevel() on ptolemy.moml.MoMLSimpleApplication@2778be30
reloadAllAccessors: .Maximum

===========================================================================================
----------------- testing Fri Jun 08 20:27:00 UTC 2018 /home/travis/build/icyphy/ptII/ptolemy/actor/lib/test/auto/MaximumComplex.xml
----------------- Instantiating /home/travis/build/icyphy/ptII/ptolemy/actor/lib/test/auto/MaximumComplex.xml
4 ms. Memory: 1570304K Free: 1485940K (95%)
----------------- Invoking toplevel() on ptolemy.moml.MoMLSimpleApplication@6ad221d6
----------------- Done invoking toplevel() on ptolemy.moml.MoMLSimpleApplication@6ad221d6
reloadAllAccessors: .MaximumComplex

===========================================================================================
----------------- testing Fri Jun 08 20:27:00 UTC 2018 /home/travis/build/icyphy/ptII/ptolemy/actor/lib/test/auto/MethodCallTest.xml
----------------- Instantiating /home/travis/build/icyphy/ptII/ptolemy/actor/lib/test/auto/MethodCallTest.xml
2 ms. Memory: 1570304K Free: 1464516K (93%)
----------------- Invoking toplevel() on ptolemy.moml.MoMLSimpleApplication@2cf62da7
----------------- Done invoking toplevel() on ptolemy.moml.MoMLSimpleApplication@2cf62da7
reloadAllAccessors: .MethodCallTest

===========================================================================================
----------------- testing Fri Jun 08 20:27:00 UTC 2018 /home/travis/build/icyphy/ptII/ptolemy/actor/lib/test/auto/Minimum.xml
----------------- Instantiating /home/travis/build/icyphy/ptII/ptolemy/actor/lib/test/auto/Minimum.xml
2 ms. Memory: 1570304K Free: 1449821K (92%)
----------------- Invoking toplevel() on ptolemy.moml.MoMLSimpleApplication@4f4f2ef1
----------------- Done invoking toplevel() on ptolemy.moml.MoMLSimpleApplication@4f4f2ef1
reloadAllAccessors: .Minimum

===========================================================================================
----------------- testing Fri Jun 08 20:27:00 UTC 2018 /home/travis/build/icyphy/ptII/ptolemy/actor/lib/test/auto/MinimumComplex.xml
----------------- Instantiating /home/travis/build/icyphy/ptII/ptolemy/actor/lib/test/auto/MinimumComplex.xml
2 ms. Memory: 1570304K Free: 1435127K (91%)
----------------- Invoking toplevel() on ptolemy.moml.MoMLSimpleApplication@502a2ad6
----------------- Done invoking toplevel() on ptolemy.moml.MoMLSimpleApplication@502a2ad6
reloadAllAccessors: .MinimumComplex

===========================================================================================
----------------- testing Fri Jun 08 20:27:00 UTC 2018 /home/travis/build/icyphy/ptII/ptolemy/actor/lib/test/auto/MinimumMultiports.xml
----------------- Instantiating /home/travis/build/icyphy/ptII/ptolemy/actor/lib/test/auto/MinimumMultiports.xml
3 ms. Memory: 1570304K Free: 1413832K (90%)
----------------- Invoking toplevel() on ptolemy.moml.MoMLSimpleApplication@76298a7
----------------- Done invoking toplevel() on ptolemy.moml.MoMLSimpleApplication@76298a7
reloadAllAccessors: .MinimumMultiports

===========================================================================================
----------------- testing Fri Jun 08 20:27:00 UTC 2018 /home/travis/build/icyphy/ptII/ptolemy/actor/lib/test/auto/ModifyDate.xml
----------------- Instantiating /home/travis/build/icyphy/ptII/ptolemy/actor/lib/test/auto/ModifyDate.xml
9 ms. Memory: 1570304K Free: 1391790K (89%)
----------------- Invoking toplevel() on ptolemy.moml.MoMLSimpleApplication@7c844a33
----------------- Done invoking toplevel() on ptolemy.moml.MoMLSimpleApplication@7c844a33
reloadAllAccessors: .ModifyDate

===========================================================================================
----------------- testing Fri Jun 08 20:27:00 UTC 2018 /home/travis/build/icyphy/ptII/ptolemy/actor/lib/test/auto/ModifyDate2.xml
----------------- Instantiating /home/travis/build/icyphy/ptII/ptolemy/actor/lib/test/auto/ModifyDate2.xml
2 ms. Memory: 1570304K Free: 1369732K (87%)
----------------- Invoking toplevel() on ptolemy.moml.MoMLSimpleApplication@633516b3
----------------- Done invoking toplevel() on ptolemy.moml.MoMLSimpleApplication@633516b3
reloadAllAccessors: .ModifyDate2

===========================================================================================
----------------- testing Fri Jun 08 20:27:00 UTC 2018 /home/travis/build/icyphy/ptII/ptolemy/actor/lib/test/auto/MovingAverage.xml
----------------- Instantiating /home/travis/build/icyphy/ptII/ptolemy/actor/lib/test/auto/MovingAverage.xml
1 ms. Memory: 1570304K Free: 1348437K (86%)
----------------- Invoking toplevel() on ptolemy.moml.MoMLSimpleApplication@3d8ab99b
----------------- Done invoking toplevel() on ptolemy.moml.MoMLSimpleApplication@3d8ab99b
reloadAllAccessors: .MovingAverage

===========================================================================================
----------------- testing Fri Jun 08 20:27:00 UTC 2018 /home/travis/build/icyphy/ptII/ptolemy/actor/lib/test/auto/MovingMaximum.xml
----------------- Instantiating /home/travis/build/icyphy/ptII/ptolemy/actor/lib/test/auto/MovingMaximum.xml
1 ms. Memory: 1570304K Free: 1333743K (85%)
----------------- Invoking toplevel() on ptolemy.moml.MoMLSimpleApplication@6c389dd7
----------------- Done invoking toplevel() on ptolemy.moml.MoMLSimpleApplication@6c389dd7
reloadAllAccessors: .MovingMaximum

===========================================================================================
----------------- testing Fri Jun 08 20:27:00 UTC 2018 /home/travis/build/icyphy/ptII/ptolemy/actor/lib/test/auto/MultipleLinksToSameRelation.xml
----------------- Instantiating /home/travis/build/icyphy/ptII/ptolemy/actor/lib/test/auto/MultipleLinksToSameRelation.xml
1 ms. Memory: 1570304K Free: 1319048K (84%)
----------------- Invoking toplevel() on ptolemy.moml.MoMLSimpleApplication@369a3e4
----------------- Done invoking toplevel() on ptolemy.moml.MoMLSimpleApplication@369a3e4
reloadAllAccessors: .MultipleLinksToSameRelation

===========================================================================================
----------------- testing Fri Jun 08 20:27:00 UTC 2018 /home/travis/build/icyphy/ptII/ptolemy/actor/lib/test/auto/MultipleLinksToSameRelationDE.xml
----------------- Instantiating /home/travis/build/icyphy/ptII/ptolemy/actor/lib/test/auto/MultipleLinksToSameRelationDE.xml
2 ms. Memory: 1570304K Free: 1297753K (83%)
----------------- Invoking toplevel() on ptolemy.moml.MoMLSimpleApplication@6a7b3136
----------------- Done invoking toplevel() on ptolemy.moml.MoMLSimpleApplication@6a7b3136
reloadAllAccessors: .MultipleLinksToSameRelationDE

===========================================================================================
----------------- testing Fri Jun 08 20:27:00 UTC 2018 /home/travis/build/icyphy/ptII/ptolemy/actor/lib/test/auto/Multiplexor.xml
----------------- Instantiating /home/travis/build/icyphy/ptII/ptolemy/actor/lib/test/auto/Multiplexor.xml
1 ms. Memory: 1570304K Free: 1283059K (82%)
----------------- Invoking toplevel() on ptolemy.moml.MoMLSimpleApplication@5e86dc9a
----------------- Done invoking toplevel() on ptolemy.moml.MoMLSimpleApplication@5e86dc9a
reloadAllAccessors: .Multiplexor

===========================================================================================
----------------- testing Fri Jun 08 20:27:00 UTC 2018 /home/travis/build/icyphy/ptII/ptolemy/actor/lib/test/auto/Multiplexor1.xml
----------------- Instantiating /home/travis/build/icyphy/ptII/ptolemy/actor/lib/test/auto/Multiplexor1.xml
2 ms. Memory: 1570304K Free: 1268364K (81%)
----------------- Invoking toplevel() on ptolemy.moml.MoMLSimpleApplication@174067dc
----------------- Done invoking toplevel() on ptolemy.moml.MoMLSimpleApplication@174067dc
reloadAllAccessors: .Multiplexor1

===========================================================================================
----------------- testing Fri Jun 08 20:27:00 UTC 2018 /home/travis/build/icyphy/ptII/ptolemy/actor/lib/test/auto/Multiplexor2.xml
----------------- Instantiating /home/travis/build/icyphy/ptII/ptolemy/actor/lib/test/auto/Multiplexor2.xml
1 ms. Memory: 1570304K Free: 1240861K (79%)
----------------- Invoking toplevel() on ptolemy.moml.MoMLSimpleApplication@56db4027
----------------- Done invoking toplevel() on ptolemy.moml.MoMLSimpleApplication@56db4027
reloadAllAccessors: .Multiplexor2

===========================================================================================
----------------- testing Fri Jun 08 20:27:00 UTC 2018 /home/travis/build/icyphy/ptII/ptolemy/actor/lib/test/auto/Multiplexor3.xml
----------------- Instantiating /home/travis/build/icyphy/ptII/ptolemy/actor/lib/test/auto/Multiplexor3.xml
1 ms. Memory: 1570304K Free: 1226166K (78%)
----------------- Invoking toplevel() on ptolemy.moml.MoMLSimpleApplication@3e9415e7
----------------- Done invoking toplevel() on ptolemy.moml.MoMLSimpleApplication@3e9415e7
reloadAllAccessors: .Multiplexor3

===========================================================================================
----------------- testing Fri Jun 08 20:27:00 UTC 2018 /home/travis/build/icyphy/ptII/ptolemy/actor/lib/test/auto/MultiplexorDE.xml
----------------- Instantiating /home/travis/build/icyphy/ptII/ptolemy/actor/lib/test/auto/MultiplexorDE.xml
2 ms. Memory: 1570304K Free: 1204871K (77%)
----------------- Invoking toplevel() on ptolemy.moml.MoMLSimpleApplication@61c255ec
----------------- Done invoking toplevel() on ptolemy.moml.MoMLSimpleApplication@61c255ec
reloadAllAccessors: .MultiplexorDE

===========================================================================================
----------------- testing Fri Jun 08 20:27:00 UTC 2018 /home/travis/build/icyphy/ptII/ptolemy/actor/lib/test/auto/MultiportBroadcastTest.xml
----------------- Instantiating /home/travis/build/icyphy/ptII/ptolemy/actor/lib/test/auto/MultiportBroadcastTest.xml
47 ms. Memory: 1570304K Free: 1190177K (76%)
----------------- Invoking toplevel() on ptolemy.moml.MoMLSimpleApplication@190dd292
----------------- Done invoking toplevel() on ptolemy.moml.MoMLSimpleApplication@190dd292
reloadAllAccessors: .MultiportBroadcastTest

===========================================================================================
----------------- testing Fri Jun 08 20:27:00 UTC 2018 /home/travis/build/icyphy/ptII/ptolemy/actor/lib/test/auto/MultiportOutHangDuringGetWidth.xml
----------------- Instantiating /home/travis/build/icyphy/ptII/ptolemy/actor/lib/test/auto/MultiportOutHangDuringGetWidth.xml
4 ms. Memory: 1570304K Free: 1168127K (74%)
----------------- Invoking toplevel() on ptolemy.moml.MoMLSimpleApplication@3bac0bd
----------------- Done invoking toplevel() on ptolemy.moml.MoMLSimpleApplication@3bac0bd
reloadAllAccessors: .MultiportOutHangDuringGetWidth

===========================================================================================
----------------- testing Fri Jun 08 20:27:00 UTC 2018 /home/travis/build/icyphy/ptII/ptolemy/actor/lib/test/auto/NilToken.xml
----------------- Instantiating /home/travis/build/icyphy/ptII/ptolemy/actor/lib/test/auto/NilToken.xml
1 ms. Memory: 1570304K Free: 1146832K (73%)
----------------- Invoking toplevel() on ptolemy.moml.MoMLSimpleApplication@3a064d2d
----------------- Done invoking toplevel() on ptolemy.moml.MoMLSimpleApplication@3a064d2d
reloadAllAccessors: .NilToken

===========================================================================================
----------------- testing Fri Jun 08 20:27:00 UTC 2018 /home/travis/build/icyphy/ptII/ptolemy/actor/lib/test/auto/NilTokenNonStrictTest.xml
----------------- Instantiating /home/travis/build/icyphy/ptII/ptolemy/actor/lib/test/auto/NilTokenNonStrictTest.xml
2 ms. Memory: 1570304K Free: 1132138K (72%)
----------------- Invoking toplevel() on ptolemy.moml.MoMLSimpleApplication@63ffdeec
----------------- Done invoking toplevel() on ptolemy.moml.MoMLSimpleApplication@63ffdeec
reloadAllAccessors: .NilTokenNonStrictTest

===========================================================================================
----------------- testing Fri Jun 08 20:27:00 UTC 2018 /home/travis/build/icyphy/ptII/ptolemy/actor/lib/test/auto/NilTokenRecord.xml
----------------- Instantiating /home/travis/build/icyphy/ptII/ptolemy/actor/lib/test/auto/NilTokenRecord.xml
4 ms. Memory: 1570304K Free: 1117443K (71%)
----------------- Invoking toplevel() on ptolemy.moml.MoMLSimpleApplication@198e8100
----------------- Done invoking toplevel() on ptolemy.moml.MoMLSimpleApplication@198e8100
reloadAllAccessors: .NilTokenRecord

===========================================================================================
----------------- testing Fri Jun 08 20:27:00 UTC 2018 /home/travis/build/icyphy/ptII/ptolemy/actor/lib/test/auto/NilTokenTypeTest.xml
----------------- Instantiating /home/travis/build/icyphy/ptII/ptolemy/actor/lib/test/auto/NilTokenTypeTest.xml
7 ms. Memory: 1570304K Free: 1088801K (69%)
----------------- Invoking toplevel() on ptolemy.moml.MoMLSimpleApplication@75b29a97
----------------- Done invoking toplevel() on ptolemy.moml.MoMLSimpleApplication@75b29a97
reloadAllAccessors: .NilTokenTypeTest

===========================================================================================
----------------- testing Fri Jun 08 20:27:00 UTC 2018 /home/travis/build/icyphy/ptII/ptolemy/actor/lib/test/auto/ObjectToken1.xml
----------------- Instantiating /home/travis/build/icyphy/ptII/ptolemy/actor/lib/test/auto/ObjectToken1.xml
1 ms. Memory: 1570304K Free: 1074107K (68%)
----------------- Invoking toplevel() on ptolemy.moml.MoMLSimpleApplication@4e362194
----------------- Done invoking toplevel() on ptolemy.moml.MoMLSimpleApplication@4e362194
reloadAllAccessors: .ObjectToken1

===========================================================================================
----------------- testing Fri Jun 08 20:27:00 UTC 2018 /home/travis/build/icyphy/ptII/ptolemy/actor/lib/test/auto/OrderedMerge.xml
----------------- Instantiating /home/travis/build/icyphy/ptII/ptolemy/actor/lib/test/auto/OrderedMerge.xml
8 ms. Memory: 1570304K Free: 1030023K (66%)
----------------- Invoking toplevel() on ptolemy.moml.MoMLSimpleApplication@38393a4b
----------------- Done invoking toplevel() on ptolemy.moml.MoMLSimpleApplication@38393a4b
reloadAllAccessors: .OrderedMerge

===========================================================================================
----------------- testing Fri Jun 08 20:27:00 UTC 2018 /home/travis/build/icyphy/ptII/ptolemy/actor/lib/test/auto/OrderedRecordDisassembler.xml
----------------- Instantiating /home/travis/build/icyphy/ptII/ptolemy/actor/lib/test/auto/OrderedRecordDisassembler.xml
3 ms. Memory: 1570304K Free: 1008728K (64%)
----------------- Invoking toplevel() on ptolemy.moml.MoMLSimpleApplication@7cc19977
----------------- Done invoking toplevel() on ptolemy.moml.MoMLSimpleApplication@7cc19977
reloadAllAccessors: .OrderedRecordDisassembler

===========================================================================================
----------------- testing Fri Jun 08 20:27:00 UTC 2018 /home/travis/build/icyphy/ptII/ptolemy/actor/lib/test/auto/OrderedRecordDisassembler2.xml
----------------- Instantiating /home/travis/build/icyphy/ptII/ptolemy/actor/lib/test/auto/OrderedRecordDisassembler2.xml
3 ms. Memory: 1570304K Free: 994034K (63%)
----------------- Invoking toplevel() on ptolemy.moml.MoMLSimpleApplication@4db90557
----------------- Done invoking toplevel() on ptolemy.moml.MoMLSimpleApplication@4db90557
reloadAllAccessors: .OrderedRecordDisassembler2

===========================================================================================
----------------- testing Fri Jun 08 20:27:00 UTC 2018 /home/travis/build/icyphy/ptII/ptolemy/actor/lib/test/auto/OrderedRecordUpdater.xml
----------------- Instantiating /home/travis/build/icyphy/ptII/ptolemy/actor/lib/test/auto/OrderedRecordUpdater.xml
2 ms. Memory: 1570304K Free: 972739K (62%)
----------------- Invoking toplevel() on ptolemy.moml.MoMLSimpleApplication@7272bd4e
----------------- Done invoking toplevel() on ptolemy.moml.MoMLSimpleApplication@7272bd4e
reloadAllAccessors: .RecordUpdater

===========================================================================================
----------------- testing Fri Jun 08 20:27:00 UTC 2018 /home/travis/build/icyphy/ptII/ptolemy/actor/lib/test/auto/OrderedRecordUpdater2.xml
----------------- Instantiating /home/travis/build/icyphy/ptII/ptolemy/actor/lib/test/auto/OrderedRecordUpdater2.xml
2 ms. Memory: 1570304K Free: 958044K (61%)
----------------- Invoking toplevel() on ptolemy.moml.MoMLSimpleApplication@553677e3
----------------- Done invoking toplevel() on ptolemy.moml.MoMLSimpleApplication@553677e3
reloadAllAccessors: .RecordUpdater2

===========================================================================================
----------------- testing Fri Jun 08 20:27:00 UTC 2018 /home/travis/build/icyphy/ptII/ptolemy/actor/lib/test/auto/PhaseUnwrap.xml
----------------- Instantiating /home/travis/build/icyphy/ptII/ptolemy/actor/lib/test/auto/PhaseUnwrap.xml
1 ms. Memory: 1570304K Free: 943350K (60%)
----------------- Invoking toplevel() on ptolemy.moml.MoMLSimpleApplication@678c3a1b
----------------- Done invoking toplevel() on ptolemy.moml.MoMLSimpleApplication@678c3a1b
reloadAllAccessors: .PhaseUnwrap

===========================================================================================
----------------- testing Fri Jun 08 20:27:00 UTC 2018 /home/travis/build/icyphy/ptII/ptolemy/actor/lib/test/auto/PoissonClock.xml
----------------- Instantiating /home/travis/build/icyphy/ptII/ptolemy/actor/lib/test/auto/PoissonClock.xml
1 ms. Memory: 1570304K Free: 922055K (59%)
----------------- Invoking toplevel() on ptolemy.moml.MoMLSimpleApplication@4181d54d
----------------- Done invoking toplevel() on ptolemy.moml.MoMLSimpleApplication@4181d54d
reloadAllAccessors: .PoissonClock

===========================================================================================
----------------- testing Fri Jun 08 20:27:00 UTC 2018 /home/travis/build/icyphy/ptII/ptolemy/actor/lib/test/auto/PoissonClock2.xml
----------------- Instantiating /home/travis/build/icyphy/ptII/ptolemy/actor/lib/test/auto/PoissonClock2.xml
1 ms. Memory: 1570304K Free: 907361K (58%)
----------------- Invoking toplevel() on ptolemy.moml.MoMLSimpleApplication@7969ed16
----------------- Done invoking toplevel() on ptolemy.moml.MoMLSimpleApplication@7969ed16
reloadAllAccessors: .PoissonClock2

===========================================================================================
----------------- testing Fri Jun 08 20:27:00 UTC 2018 /home/travis/build/icyphy/ptII/ptolemy/actor/lib/test/auto/PoissonClock3.xml
----------------- Instantiating /home/travis/build/icyphy/ptII/ptolemy/actor/lib/test/auto/PoissonClock3.xml
1 ms. Memory: 1570304K Free: 892666K (57%)
----------------- Invoking toplevel() on ptolemy.moml.MoMLSimpleApplication@42bd4b1f
----------------- Done invoking toplevel() on ptolemy.moml.MoMLSimpleApplication@42bd4b1f
reloadAllAccessors: .PoissonClock3

===========================================================================================
----------------- testing Fri Jun 08 20:27:00 UTC 2018 /home/travis/build/icyphy/ptII/ptolemy/actor/lib/test/auto/PubSubWithInitialTokens.xml
----------------- Instantiating /home/travis/build/icyphy/ptII/ptolemy/actor/lib/test/auto/PubSubWithInitialTokens.xml
2 ms. Memory: 1570304K Free: 871371K (55%)
----------------- Invoking toplevel() on ptolemy.moml.MoMLSimpleApplication@7ded7d33
----------------- Done invoking toplevel() on ptolemy.moml.MoMLSimpleApplication@7ded7d33
reloadAllAccessors: .PubSubWithInitialTokens

===========================================================================================
----------------- testing Fri Jun 08 20:27:00 UTC 2018 /home/travis/build/icyphy/ptII/ptolemy/actor/lib/test/auto/PubSubWithInitialTokens2.xml
----------------- Instantiating /home/travis/build/icyphy/ptII/ptolemy/actor/lib/test/auto/PubSubWithInitialTokens2.xml
1 ms. Memory: 1570304K Free: 856677K (55%)
----------------- Invoking toplevel() on ptolemy.moml.MoMLSimpleApplication@2491d1a5
----------------- Done invoking toplevel() on ptolemy.moml.MoMLSimpleApplication@2491d1a5
reloadAllAccessors: .PubSubWithInitialTokens2

===========================================================================================
----------------- testing Fri Jun 08 20:27:00 UTC 2018 /home/travis/build/icyphy/ptII/ptolemy/actor/lib/test/auto/PublisherClassNoParameter.xml
----------------- Instantiating /home/travis/build/icyphy/ptII/ptolemy/actor/lib/test/auto/PublisherClassNoParameter.xml
2 ms. Memory: 1570304K Free: 834635K (53%)
----------------- Invoking toplevel() on ptolemy.moml.MoMLSimpleApplication@1cc4a14f
----------------- Done invoking toplevel() on ptolemy.moml.MoMLSimpleApplication@1cc4a14f
reloadAllAccessors: .PublisherClassNoParameter

===========================================================================================
----------------- testing Fri Jun 08 20:27:00 UTC 2018 /home/travis/build/icyphy/ptII/ptolemy/actor/lib/test/auto/PublisherClassParameter.xml
----------------- Instantiating /home/travis/build/icyphy/ptII/ptolemy/actor/lib/test/auto/PublisherClassParameter.xml
2 ms. Memory: 1570304K Free: 805992K (51%)
----------------- Invoking toplevel() on ptolemy.moml.MoMLSimpleApplication@4b04cab0
----------------- Done invoking toplevel() on ptolemy.moml.MoMLSimpleApplication@4b04cab0
reloadAllAccessors: .PublisherClassParameter

===========================================================================================
----------------- testing Fri Jun 08 20:27:00 UTC 2018 /home/travis/build/icyphy/ptII/ptolemy/actor/lib/test/auto/PublisherNonStrictTest.xml
----------------- Instantiating /home/travis/build/icyphy/ptII/ptolemy/actor/lib/test/auto/PublisherNonStrictTest.xml
2 ms. Memory: 1570304K Free: 791298K (50%)
----------------- Invoking toplevel() on ptolemy.moml.MoMLSimpleApplication@544eb078
----------------- Done invoking toplevel() on ptolemy.moml.MoMLSimpleApplication@544eb078
reloadAllAccessors: .PublisherNonStrictTest

===========================================================================================
----------------- testing Fri Jun 08 20:27:00 UTC 2018 /home/travis/build/icyphy/ptII/ptolemy/actor/lib/test/auto/PublisherPort1.xml
----------------- Instantiating /home/travis/build/icyphy/ptII/ptolemy/actor/lib/test/auto/PublisherPort1.xml
1 ms. Memory: 1570304K Free: 770003K (49%)
----------------- Invoking toplevel() on ptolemy.moml.MoMLSimpleApplication@50f45969
----------------- Done invoking toplevel() on ptolemy.moml.MoMLSimpleApplication@50f45969
reloadAllAccessors: .PublisherPort1

===========================================================================================
----------------- testing Fri Jun 08 20:27:00 UTC 2018 /home/travis/build/icyphy/ptII/ptolemy/actor/lib/test/auto/PublisherPort2.xml
----------------- Instantiating /home/travis/build/icyphy/ptII/ptolemy/actor/lib/test/auto/PublisherPort2.xml
1 ms. Memory: 1570304K Free: 755308K (48%)
----------------- Invoking toplevel() on ptolemy.moml.MoMLSimpleApplication@7182cdc1
----------------- Done invoking toplevel() on ptolemy.moml.MoMLSimpleApplication@7182cdc1
reloadAllAccessors: .PublisherPort2

===========================================================================================
----------------- testing Fri Jun 08 20:27:00 UTC 2018 /home/travis/build/icyphy/ptII/ptolemy/actor/lib/test/auto/PublisherPort3.xml
----------------- Instantiating /home/travis/build/icyphy/ptII/ptolemy/actor/lib/test/auto/PublisherPort3.xml
2 ms. Memory: 1570304K Free: 740614K (47%)
----------------- Invoking toplevel() on ptolemy.moml.MoMLSimpleApplication@392ad80a
----------------- Done invoking toplevel() on ptolemy.moml.MoMLSimpleApplication@392ad80a
reloadAllAccessors: .PublisherPort3

===========================================================================================
----------------- testing Fri Jun 08 20:27:00 UTC 2018 /home/travis/build/icyphy/ptII/ptolemy/actor/lib/test/auto/PublisherPort4.xml
----------------- Instantiating /home/travis/build/icyphy/ptII/ptolemy/actor/lib/test/auto/PublisherPort4.xml
2 ms. Memory: 1570304K Free: 719319K (46%)
----------------- Invoking toplevel() on ptolemy.moml.MoMLSimpleApplication@48c489d7
----------------- Done invoking toplevel() on ptolemy.moml.MoMLSimpleApplication@48c489d7
reloadAllAccessors: .PublisherPort4

===========================================================================================
----------------- testing Fri Jun 08 20:27:00 UTC 2018 /home/travis/build/icyphy/ptII/ptolemy/actor/lib/test/auto/PublisherPort5.xml
----------------- Instantiating /home/travis/build/icyphy/ptII/ptolemy/actor/lib/test/auto/PublisherPort5.xml
10 ms. Memory: 1570304K Free: 704624K (45%)
----------------- Invoking toplevel() on ptolemy.moml.MoMLSimpleApplication@7b0d6c41
----------------- Done invoking toplevel() on ptolemy.moml.MoMLSimpleApplication@7b0d6c41
reloadAllAccessors: .PublisherPort5

===========================================================================================
----------------- testing Fri Jun 08 20:27:00 UTC 2018 /home/travis/build/icyphy/ptII/ptolemy/actor/lib/test/auto/PublisherPort5LookAlike.xml
----------------- Instantiating /home/travis/build/icyphy/ptII/ptolemy/actor/lib/test/auto/PublisherPort5LookAlike.xml
4 ms. Memory: 1570304K Free: 689930K (44%)
----------------- Invoking toplevel() on ptolemy.moml.MoMLSimpleApplication@5f5a6879
----------------- Done invoking toplevel() on ptolemy.moml.MoMLSimpleApplication@5f5a6879
reloadAllAccessors: .PublisherPort5LookAlike

===========================================================================================
----------------- testing Fri Jun 08 20:27:00 UTC 2018 /home/travis/build/icyphy/ptII/ptolemy/actor/lib/test/auto/PublisherPort6.xml
----------------- Instantiating /home/travis/build/icyphy/ptII/ptolemy/actor/lib/test/auto/PublisherPort6.xml
1 ms. Memory: 1570304K Free: 668635K (43%)
----------------- Invoking toplevel() on ptolemy.moml.MoMLSimpleApplication@7de766cd
----------------- Done invoking toplevel() on ptolemy.moml.MoMLSimpleApplication@7de766cd
reloadAllAccessors: .PublisherPort6

===========================================================================================
----------------- testing Fri Jun 08 20:27:00 UTC 2018 /home/travis/build/icyphy/ptII/ptolemy/actor/lib/test/auto/PublisherPort7.xml
----------------- Instantiating /home/travis/build/icyphy/ptII/ptolemy/actor/lib/test/auto/PublisherPort7.xml
3 ms. Memory: 1570304K Free: 653940K (42%)
----------------- Invoking toplevel() on ptolemy.moml.MoMLSimpleApplication@73869279
----------------- Done invoking toplevel() on ptolemy.moml.MoMLSimpleApplication@73869279
reloadAllAccessors: .PublisherPort7

===========================================================================================
----------------- testing Fri Jun 08 20:27:01 UTC 2018 /home/travis/build/icyphy/ptII/ptolemy/actor/lib/test/auto/PublisherPort8.xml
----------------- Instantiating /home/travis/build/icyphy/ptII/ptolemy/actor/lib/test/auto/PublisherPort8.xml
4 ms. Memory: 1570304K Free: 639246K (41%)
----------------- Invoking toplevel() on ptolemy.moml.MoMLSimpleApplication@e0d8349
----------------- Done invoking toplevel() on ptolemy.moml.MoMLSimpleApplication@e0d8349
reloadAllAccessors: .PublisherPort8

===========================================================================================
----------------- testing Fri Jun 08 20:27:01 UTC 2018 /home/travis/build/icyphy/ptII/ptolemy/actor/lib/test/auto/PublisherPortSubscriberChannelVariablesAOC2.xml
----------------- Instantiating /home/travis/build/icyphy/ptII/ptolemy/actor/lib/test/auto/PublisherPortSubscriberChannelVariablesAOC2.xml
3 ms. Memory: 1570304K Free: 603224K (38%)
----------------- Invoking toplevel() on ptolemy.moml.MoMLSimpleApplication@9d3fdbf
----------------- Done invoking toplevel() on ptolemy.moml.MoMLSimpleApplication@9d3fdbf
reloadAllAccessors: .PublisherPortSubscriberChannelVariablesAOC2

===========================================================================================
----------------- testing Fri Jun 08 20:27:01 UTC 2018 /home/travis/build/icyphy/ptII/ptolemy/actor/lib/test/auto/PublisherPortSubscriberOpaqueWidthInference.xml
----------------- Instantiating /home/travis/build/icyphy/ptII/ptolemy/actor/lib/test/auto/PublisherPortSubscriberOpaqueWidthInference.xml
3 ms. Memory: 1570304K Free: 588530K (37%)
----------------- Invoking toplevel() on ptolemy.moml.MoMLSimpleApplication@3524286c
----------------- Done invoking toplevel() on ptolemy.moml.MoMLSimpleApplication@3524286c
reloadAllAccessors: .PublisherPortSubscriberOpaqueWidthInference

===========================================================================================
----------------- testing Fri Jun 08 20:27:01 UTC 2018 /home/travis/build/icyphy/ptII/ptolemy/actor/lib/test/auto/PublisherPortSubscriberPortAdjacent.xml
----------------- Instantiating /home/travis/build/icyphy/ptII/ptolemy/actor/lib/test/auto/PublisherPortSubscriberPortAdjacent.xml
2 ms. Memory: 1570304K Free: 567235K (36%)
----------------- Invoking toplevel() on ptolemy.moml.MoMLSimpleApplication@13e2cd9f
----------------- Done invoking toplevel() on ptolemy.moml.MoMLSimpleApplication@13e2cd9f
reloadAllAccessors: .PublisherPortSubscriberPortAdjacent

===========================================================================================
----------------- testing Fri Jun 08 20:27:01 UTC 2018 /home/travis/build/icyphy/ptII/ptolemy/actor/lib/test/auto/PublisherPortSubscriberPortExpression.xml
----------------- Instantiating /home/travis/build/icyphy/ptII/ptolemy/actor/lib/test/auto/PublisherPortSubscriberPortExpression.xml
3 ms. Memory: 1570304K Free: 552540K (35%)
----------------- Invoking toplevel() on ptolemy.moml.MoMLSimpleApplication@4bd1ea76
----------------- Done invoking toplevel() on ptolemy.moml.MoMLSimpleApplication@4bd1ea76
reloadAllAccessors: .PublisherPortSubscriberPortExpression

===========================================================================================
----------------- testing Fri Jun 08 20:27:01 UTC 2018 /home/travis/build/icyphy/ptII/ptolemy/actor/lib/test/auto/PublisherPortSubscriberPortOpaqueD3Reverse.xml
----------------- Instantiating /home/travis/build/icyphy/ptII/ptolemy/actor/lib/test/auto/PublisherPortSubscriberPortOpaqueD3Reverse.xml
6 ms. Memory: 1570304K Free: 537846K (34%)
----------------- Invoking toplevel() on ptolemy.moml.MoMLSimpleApplication@b60bd1c
----------------- Done invoking toplevel() on ptolemy.moml.MoMLSimpleApplication@b60bd1c
reloadAllAccessors: .PublisherPortSubscriberPortOpaqueD3Reverse

===========================================================================================
----------------- testing Fri Jun 08 20:27:01 UTC 2018 /home/travis/build/icyphy/ptII/ptolemy/actor/lib/test/auto/PublisherPortSubscriberPortOpaqueWidthInference.xml
----------------- Instantiating /home/travis/build/icyphy/ptII/ptolemy/actor/lib/test/auto/PublisherPortSubscriberPortOpaqueWidthInference.xml
3 ms. Memory: 1570304K Free: 516551K (33%)
----------------- Invoking toplevel() on ptolemy.moml.MoMLSimpleApplication@12833a43
----------------- Done invoking toplevel() on ptolemy.moml.MoMLSimpleApplication@12833a43
reloadAllAccessors: .PublisherPortSubscriberPortOpaqueWidthInference

===========================================================================================
----------------- testing Fri Jun 08 20:27:01 UTC 2018 /home/travis/build/icyphy/ptII/ptolemy/actor/lib/test/auto/PublisherPortToplevelSubscriberPortAOC.xml
----------------- Instantiating /home/travis/build/icyphy/ptII/ptolemy/actor/lib/test/auto/PublisherPortToplevelSubscriberPortAOC.xml
.PublisherPortToplevelSubscriberPortAOC.TestExceptionAttribute: initialize() was not invoked, but wrapup() was.  This is unusual, but not always a problem.  For example, exporting JNLP will do this.
0 ms. Memory: 1570304K Free: 501857K (32%)
----------------- Invoking toplevel() on ptolemy.moml.MoMLSimpleApplication@7fda3c8
----------------- Done invoking toplevel() on ptolemy.moml.MoMLSimpleApplication@7fda3c8
reloadAllAccessors: .PublisherPortToplevelSubscriberPortAOC

===========================================================================================
----------------- testing Fri Jun 08 20:27:01 UTC 2018 /home/travis/build/icyphy/ptII/ptolemy/actor/lib/test/auto/PublisherSubscriber.xml
----------------- Instantiating /home/travis/build/icyphy/ptII/ptolemy/actor/lib/test/auto/PublisherSubscriber.xml
2 ms. Memory: 1570304K Free: 487162K (31%)
----------------- Invoking toplevel() on ptolemy.moml.MoMLSimpleApplication@3abc645c
----------------- Done invoking toplevel() on ptolemy.moml.MoMLSimpleApplication@3abc645c
reloadAllAccessors: .PublisherSubscriber

===========================================================================================
----------------- testing Fri Jun 08 20:27:01 UTC 2018 /home/travis/build/icyphy/ptII/ptolemy/actor/lib/test/auto/PublisherSubscriber10.xml
----------------- Instantiating /home/travis/build/icyphy/ptII/ptolemy/actor/lib/test/auto/PublisherSubscriber10.xml
7 ms. Memory: 1570304K Free: 465867K (30%)
----------------- Invoking toplevel() on ptolemy.moml.MoMLSimpleApplication@254be889
----------------- Done invoking toplevel() on ptolemy.moml.MoMLSimpleApplication@254be889
reloadAllAccessors: .PublisherSubscriber10

===========================================================================================
----------------- testing Fri Jun 08 20:27:01 UTC 2018 /home/travis/build/icyphy/ptII/ptolemy/actor/lib/test/auto/PublisherSubscriber10InitialOutputs.xml
----------------- Instantiating /home/travis/build/icyphy/ptII/ptolemy/actor/lib/test/auto/PublisherSubscriber10InitialOutputs.xml
11 ms. Memory: 1570304K Free: 451173K (29%)
----------------- Invoking toplevel() on ptolemy.moml.MoMLSimpleApplication@849721f
----------------- Done invoking toplevel() on ptolemy.moml.MoMLSimpleApplication@849721f
reloadAllAccessors: .PublisherSubscriber10InitialOutputs

===========================================================================================
----------------- testing Fri Jun 08 20:27:01 UTC 2018 /home/travis/build/icyphy/ptII/ptolemy/actor/lib/test/auto/PublisherSubscriber11.xml
----------------- Instantiating /home/travis/build/icyphy/ptII/ptolemy/actor/lib/test/auto/PublisherSubscriber11.xml
2 ms. Memory: 1570304K Free: 436478K (28%)
----------------- Invoking toplevel() on ptolemy.moml.MoMLSimpleApplication@331c2aa4
----------------- Done invoking toplevel() on ptolemy.moml.MoMLSimpleApplication@331c2aa4
reloadAllAccessors: .PublisherSubscriber11

===========================================================================================
----------------- testing Fri Jun 08 20:27:01 UTC 2018 /home/travis/build/icyphy/ptII/ptolemy/actor/lib/test/auto/PublisherSubscriber12.xml
----------------- Instantiating /home/travis/build/icyphy/ptII/ptolemy/actor/lib/test/auto/PublisherSubscriber12.xml
5 ms. Memory: 1570304K Free: 415183K (26%)
----------------- Invoking toplevel() on ptolemy.moml.MoMLSimpleApplication@2f35379c
----------------- Done invoking toplevel() on ptolemy.moml.MoMLSimpleApplication@2f35379c
reloadAllAccessors: .PublisherSubscriber12

===========================================================================================
----------------- testing Fri Jun 08 20:27:01 UTC 2018 /home/travis/build/icyphy/ptII/ptolemy/actor/lib/test/auto/PublisherSubscriber13.xml
----------------- Instantiating /home/travis/build/icyphy/ptII/ptolemy/actor/lib/test/auto/PublisherSubscriber13.xml
1 ms. Memory: 1570304K Free: 400489K (26%)
----------------- Invoking toplevel() on ptolemy.moml.MoMLSimpleApplication@18b724e7
----------------- Done invoking toplevel() on ptolemy.moml.MoMLSimpleApplication@18b724e7
reloadAllAccessors: .PublisherSubscriber13

===========================================================================================
----------------- testing Fri Jun 08 20:27:01 UTC 2018 /home/travis/build/icyphy/ptII/ptolemy/actor/lib/test/auto/PublisherSubscriber14.xml
----------------- Instantiating /home/travis/build/icyphy/ptII/ptolemy/actor/lib/test/auto/PublisherSubscriber14.xml
2 ms. Memory: 1570304K Free: 379194K (24%)
----------------- Invoking toplevel() on ptolemy.moml.MoMLSimpleApplication@6b97f6ed
----------------- Done invoking toplevel() on ptolemy.moml.MoMLSimpleApplication@6b97f6ed
reloadAllAccessors: .PublisherSubscriber14

===========================================================================================
----------------- testing Fri Jun 08 20:27:01 UTC 2018 /home/travis/build/icyphy/ptII/ptolemy/actor/lib/test/auto/PublisherSubscriber2.xml
----------------- Instantiating /home/travis/build/icyphy/ptII/ptolemy/actor/lib/test/auto/PublisherSubscriber2.xml
3 ms. Memory: 1570304K Free: 364499K (23%)
----------------- Invoking toplevel() on ptolemy.moml.MoMLSimpleApplication@6e89df8a
----------------- Done invoking toplevel() on ptolemy.moml.MoMLSimpleApplication@6e89df8a
reloadAllAccessors: .PublisherSubscriber2

===========================================================================================
----------------- testing Fri Jun 08 20:27:01 UTC 2018 /home/travis/build/icyphy/ptII/ptolemy/actor/lib/test/auto/PublisherSubscriber3.xml
----------------- Instantiating /home/travis/build/icyphy/ptII/ptolemy/actor/lib/test/auto/PublisherSubscriber3.xml
1 ms. Memory: 1570304K Free: 349805K (22%)
----------------- Invoking toplevel() on ptolemy.moml.MoMLSimpleApplication@30cf2cc
----------------- Done invoking toplevel() on ptolemy.moml.MoMLSimpleApplication@30cf2cc
reloadAllAccessors: .PublisherSubscriber3

===========================================================================================
----------------- testing Fri Jun 08 20:27:01 UTC 2018 /home/travis/build/icyphy/ptII/ptolemy/actor/lib/test/auto/PublisherSubscriber4.xml
----------------- Instantiating /home/travis/build/icyphy/ptII/ptolemy/actor/lib/test/auto/PublisherSubscriber4.xml
1 ms. Memory: 1570304K Free: 328510K (21%)
----------------- Invoking toplevel() on ptolemy.moml.MoMLSimpleApplication@3f2b79f6
----------------- Done invoking toplevel() on ptolemy.moml.MoMLSimpleApplication@3f2b79f6
reloadAllAccessors: .PublisherSubscriber4

===========================================================================================
----------------- testing Fri Jun 08 20:27:01 UTC 2018 /home/travis/build/icyphy/ptII/ptolemy/actor/lib/test/auto/PublisherSubscriber5.xml
----------------- Instantiating /home/travis/build/icyphy/ptII/ptolemy/actor/lib/test/auto/PublisherSubscriber5.xml
2 ms. Memory: 1570304K Free: 313815K (20%)
----------------- Invoking toplevel() on ptolemy.moml.MoMLSimpleApplication@2f4b1f1b
----------------- Done invoking toplevel() on ptolemy.moml.MoMLSimpleApplication@2f4b1f1b
reloadAllAccessors: .PublisherSubscriber5

===========================================================================================
----------------- testing Fri Jun 08 20:27:01 UTC 2018 /home/travis/build/icyphy/ptII/ptolemy/actor/lib/test/auto/PublisherSubscriber6.xml
----------------- Instantiating /home/travis/build/icyphy/ptII/ptolemy/actor/lib/test/auto/PublisherSubscriber6.xml
4 ms. Memory: 1570304K Free: 299121K (19%)
----------------- Invoking toplevel() on ptolemy.moml.MoMLSimpleApplication@5ad7446a
----------------- Done invoking toplevel() on ptolemy.moml.MoMLSimpleApplication@5ad7446a
reloadAllAccessors: .PublisherSubscriber6

===========================================================================================
----------------- testing Fri Jun 08 20:27:01 UTC 2018 /home/travis/build/icyphy/ptII/ptolemy/actor/lib/test/auto/PublisherSubscriber7.xml
----------------- Instantiating /home/travis/build/icyphy/ptII/ptolemy/actor/lib/test/auto/PublisherSubscriber7.xml
6 ms. Memory: 1570304K Free: 277826K (18%)
----------------- Invoking toplevel() on ptolemy.moml.MoMLSimpleApplication@76838293
----------------- Done invoking toplevel() on ptolemy.moml.MoMLSimpleApplication@76838293
reloadAllAccessors: .PublisherSubscriber7

===========================================================================================
----------------- testing Fri Jun 08 20:27:01 UTC 2018 /home/travis/build/icyphy/ptII/ptolemy/actor/lib/test/auto/PublisherSubscriber8.xml
----------------- Instantiating /home/travis/build/icyphy/ptII/ptolemy/actor/lib/test/auto/PublisherSubscriber8.xml
14 ms. Memory: 1570304K Free: 189659K (12%)
----------------- Invoking toplevel() on ptolemy.moml.MoMLSimpleApplication@48f6d585
----------------- Done invoking toplevel() on ptolemy.moml.MoMLSimpleApplication@48f6d585
reloadAllAccessors: .PublisherSubscriber8

===========================================================================================
----------------- testing Fri Jun 08 20:27:01 UTC 2018 /home/travis/build/icyphy/ptII/ptolemy/actor/lib/test/auto/PublisherSubscriber9.xml
----------------- Instantiating /home/travis/build/icyphy/ptII/ptolemy/actor/lib/test/auto/PublisherSubscriber9.xml
4 ms. Memory: 1570304K Free: 168364K (11%)
----------------- Invoking toplevel() on ptolemy.moml.MoMLSimpleApplication@7d7a549e
----------------- Done invoking toplevel() on ptolemy.moml.MoMLSimpleApplication@7d7a549e
reloadAllAccessors: .PublisherSubscriber9

===========================================================================================
----------------- testing Fri Jun 08 20:27:01 UTC 2018 /home/travis/build/icyphy/ptII/ptolemy/actor/lib/test/auto/PublisherSubscriberAdjacent.xml
----------------- Instantiating /home/travis/build/icyphy/ptII/ptolemy/actor/lib/test/auto/PublisherSubscriberAdjacent.xml
1 ms. Memory: 1570304K Free: 153670K (10%)
----------------- Invoking toplevel() on ptolemy.moml.MoMLSimpleApplication@25f64c47
----------------- Done invoking toplevel() on ptolemy.moml.MoMLSimpleApplication@25f64c47
reloadAllAccessors: .PublisherSubscriberAdjacent

===========================================================================================
----------------- testing Fri Jun 08 20:27:01 UTC 2018 /home/travis/build/icyphy/ptII/ptolemy/actor/lib/test/auto/PublisherSubscriberChannelVariablesAOC2.xml
----------------- Instantiating /home/travis/build/icyphy/ptII/ptolemy/actor/lib/test/auto/PublisherSubscriberChannelVariablesAOC2.xml
3 ms. Memory: 1570304K Free: 131628K (8%)
----------------- Invoking toplevel() on ptolemy.moml.MoMLSimpleApplication@19e69a51
----------------- Done invoking toplevel() on ptolemy.moml.MoMLSimpleApplication@19e69a51
reloadAllAccessors: .PublisherSubscriberChannelVariablesAOC2

===========================================================================================
----------------- testing Fri Jun 08 20:27:01 UTC 2018 /home/travis/build/icyphy/ptII/ptolemy/actor/lib/test/auto/PublisherSubscriberD3.xml
----------------- Instantiating /home/travis/build/icyphy/ptII/ptolemy/actor/lib/test/auto/PublisherSubscriberD3.xml
2 ms. Memory: 1570304K Free: 110333K (7%)
----------------- Invoking toplevel() on ptolemy.moml.MoMLSimpleApplication@3e903f50
----------------- Done invoking toplevel() on ptolemy.moml.MoMLSimpleApplication@3e903f50
reloadAllAccessors: .PublisherSubscriberD3

===========================================================================================
----------------- testing Fri Jun 08 20:27:01 UTC 2018 /home/travis/build/icyphy/ptII/ptolemy/actor/lib/test/auto/PublisherSubscriberD3Reverse.xml
----------------- Instantiating /home/travis/build/icyphy/ptII/ptolemy/actor/lib/test/auto/PublisherSubscriberD3Reverse.xml
2 ms. Memory: 1570304K Free: 95638K (6%)
----------------- Invoking toplevel() on ptolemy.moml.MoMLSimpleApplication@62546b67
----------------- Done invoking toplevel() on ptolemy.moml.MoMLSimpleApplication@62546b67
reloadAllAccessors: .PublisherSubscriberD3Reverse

===========================================================================================
----------------- testing Fri Jun 08 20:27:01 UTC 2018 /home/travis/build/icyphy/ptII/ptolemy/actor/lib/test/auto/PublisherSubscriberExpression.xml
----------------- Instantiating /home/travis/build/icyphy/ptII/ptolemy/actor/lib/test/auto/PublisherSubscriberExpression.xml
4 ms. Memory: 1570304K Free: 80944K (5%)
----------------- Invoking toplevel() on ptolemy.moml.MoMLSimpleApplication@e6aad3
----------------- Done invoking toplevel() on ptolemy.moml.MoMLSimpleApplication@e6aad3
reloadAllAccessors: .PublisherSubscriberExpression

===========================================================================================
----------------- testing Fri Jun 08 20:27:01 UTC 2018 /home/travis/build/icyphy/ptII/ptolemy/actor/lib/test/auto/PublisherSubscriberOpaque.xml
----------------- Instantiating /home/travis/build/icyphy/ptII/ptolemy/actor/lib/test/auto/PublisherSubscriberOpaque.xml
4 ms. Memory: 1570304K Free: 62285K (4%)
----------------- Invoking toplevel() on ptolemy.moml.MoMLSimpleApplication@10a1a164
----------------- Done invoking toplevel() on ptolemy.moml.MoMLSimpleApplication@10a1a164
reloadAllAccessors: .PublisherSubscriberOpaque

===========================================================================================
----------------- testing Fri Jun 08 20:27:01 UTC 2018 /home/travis/build/icyphy/ptII/ptolemy/actor/lib/test/auto/PublisherSubscriberOpaqueD3.xml
----------------- Instantiating /home/travis/build/icyphy/ptII/ptolemy/actor/lib/test/auto/PublisherSubscriberOpaqueD3.xml
4 ms. Memory: 1600512K Free: 1542492K (96%)
----------------- Invoking toplevel() on ptolemy.moml.MoMLSimpleApplication@40e7d642
----------------- Done invoking toplevel() on ptolemy.moml.MoMLSimpleApplication@40e7d642
reloadAllAccessors: .PublisherSubscriberOpaqueD3

===========================================================================================
----------------- testing Fri Jun 08 20:27:01 UTC 2018 /home/travis/build/icyphy/ptII/ptolemy/actor/lib/test/auto/PublisherSubscriberOpaqueD3Reverse.xml
----------------- Instantiating /home/travis/build/icyphy/ptII/ptolemy/actor/lib/test/auto/PublisherSubscriberOpaqueD3Reverse.xml
6 ms. Memory: 1600512K Free: 1521991K (95%)
----------------- Invoking toplevel() on ptolemy.moml.MoMLSimpleApplication@3b4521d0
----------------- Done invoking toplevel() on ptolemy.moml.MoMLSimpleApplication@3b4521d0
reloadAllAccessors: .PublisherSubscriberOpaqueD3Reverse

===========================================================================================
----------------- testing Fri Jun 08 20:27:01 UTC 2018 /home/travis/build/icyphy/ptII/ptolemy/actor/lib/test/auto/PublisherSubscriberOpaqueWidthInference.xml
----------------- Instantiating /home/travis/build/icyphy/ptII/ptolemy/actor/lib/test/auto/PublisherSubscriberOpaqueWidthInference.xml
4 ms. Memory: 1600512K Free: 1507174K (94%)
----------------- Invoking toplevel() on ptolemy.moml.MoMLSimpleApplication@34e7dcf3
----------------- Done invoking toplevel() on ptolemy.moml.MoMLSimpleApplication@34e7dcf3
reloadAllAccessors: .PublisherSubscriberOpaqueWidthInference

===========================================================================================
----------------- testing Fri Jun 08 20:27:01 UTC 2018 /home/travis/build/icyphy/ptII/ptolemy/actor/lib/test/auto/PublisherTestSubscriber.xml
----------------- Instantiating /home/travis/build/icyphy/ptII/ptolemy/actor/lib/test/auto/PublisherTestSubscriber.xml
3 ms. Memory: 1600512K Free: 1486758K (93%)
----------------- Invoking toplevel() on ptolemy.moml.MoMLSimpleApplication@5742590a
----------------- Done invoking toplevel() on ptolemy.moml.MoMLSimpleApplication@5742590a
reloadAllAccessors: .PublisherTestSubscriber

===========================================================================================
----------------- testing Fri Jun 08 20:27:01 UTC 2018 /home/travis/build/icyphy/ptII/ptolemy/actor/lib/test/auto/PublisherToplevelSubscriberPortAOC.xml
----------------- Instantiating /home/travis/build/icyphy/ptII/ptolemy/actor/lib/test/auto/PublisherToplevelSubscriberPortAOC.xml
2 ms. Memory: 1600512K Free: 1471940K (92%)
----------------- Invoking toplevel() on ptolemy.moml.MoMLSimpleApplication@1e2c0764
----------------- Done invoking toplevel() on ptolemy.moml.MoMLSimpleApplication@1e2c0764
reloadAllAccessors: .PublisherToplevelSubscriberPortAOC

===========================================================================================
----------------- testing Fri Jun 08 20:27:01 UTC 2018 /home/travis/build/icyphy/ptII/ptolemy/actor/lib/test/auto/PulseFiringLimitDE.xml
----------------- Instantiating /home/travis/build/icyphy/ptII/ptolemy/actor/lib/test/auto/PulseFiringLimitDE.xml
1 ms. Memory: 1600512K Free: 1451524K (91%)
----------------- Invoking toplevel() on ptolemy.moml.MoMLSimpleApplication@7d5910b0
----------------- Done invoking toplevel() on ptolemy.moml.MoMLSimpleApplication@7d5910b0
reloadAllAccessors: .PulseFiringLimitDE

===========================================================================================
----------------- testing Fri Jun 08 20:27:01 UTC 2018 /home/travis/build/icyphy/ptII/ptolemy/actor/lib/test/auto/Ramp1.xml
----------------- Instantiating /home/travis/build/icyphy/ptII/ptolemy/actor/lib/test/auto/Ramp1.xml
1 ms. Memory: 1600512K Free: 1436707K (90%)
----------------- Invoking toplevel() on ptolemy.moml.MoMLSimpleApplication@6e01b8c6
----------------- Done invoking toplevel() on ptolemy.moml.MoMLSimpleApplication@6e01b8c6
reloadAllAccessors: .Ramp1

===========================================================================================
----------------- testing Fri Jun 08 20:27:01 UTC 2018 /home/travis/build/icyphy/ptII/ptolemy/actor/lib/test/auto/RampFiringLimitDE.xml
----------------- Instantiating /home/travis/build/icyphy/ptII/ptolemy/actor/lib/test/auto/RampFiringLimitDE.xml
4 ms. Memory: 1600512K Free: 1416291K (88%)
----------------- Invoking toplevel() on ptolemy.moml.MoMLSimpleApplication@6eb65be
----------------- Done invoking toplevel() on ptolemy.moml.MoMLSimpleApplication@6eb65be
reloadAllAccessors: .RampFiringLimitDE

===========================================================================================
----------------- testing Fri Jun 08 20:27:01 UTC 2018 /home/travis/build/icyphy/ptII/ptolemy/actor/lib/test/auto/RampFiringLimitSDF.xml
----------------- Instantiating /home/travis/build/icyphy/ptII/ptolemy/actor/lib/test/auto/RampFiringLimitSDF.xml
2 ms. Memory: 1600512K Free: 1401474K (88%)
----------------- Invoking toplevel() on ptolemy.moml.MoMLSimpleApplication@30e5f796
----------------- Done invoking toplevel() on ptolemy.moml.MoMLSimpleApplication@30e5f796
reloadAllAccessors: .RampFiringLimitSDF

===========================================================================================
----------------- testing Fri Jun 08 20:27:01 UTC 2018 /home/travis/build/icyphy/ptII/ptolemy/actor/lib/test/auto/RandomInteger.xml
----------------- Instantiating /home/travis/build/icyphy/ptII/ptolemy/actor/lib/test/auto/RandomInteger.xml
1 ms. Memory: 1600512K Free: 1386656K (87%)
----------------- Invoking toplevel() on ptolemy.moml.MoMLSimpleApplication@7b3269c2
----------------- Done invoking toplevel() on ptolemy.moml.MoMLSimpleApplication@7b3269c2
reloadAllAccessors: .RandomInteger

===========================================================================================
----------------- testing Fri Jun 08 20:27:01 UTC 2018 /home/travis/build/icyphy/ptII/ptolemy/actor/lib/test/auto/ReadFile1.xml
----------------- Instantiating /home/travis/build/icyphy/ptII/ptolemy/actor/lib/test/auto/ReadFile1.xml
1 ms. Memory: 1600512K Free: 1366240K (85%)
----------------- Invoking toplevel() on ptolemy.moml.MoMLSimpleApplication@24f7d335
----------------- Done invoking toplevel() on ptolemy.moml.MoMLSimpleApplication@24f7d335
reloadAllAccessors: .ReadFile1

===========================================================================================
----------------- testing Fri Jun 08 20:27:01 UTC 2018 /home/travis/build/icyphy/ptII/ptolemy/actor/lib/test/auto/ReadFile2.xml
----------------- Instantiating /home/travis/build/icyphy/ptII/ptolemy/actor/lib/test/auto/ReadFile2.xml
1 ms. Memory: 1600512K Free: 1351423K (84%)
----------------- Invoking toplevel() on ptolemy.moml.MoMLSimpleApplication@340c514
----------------- Done invoking toplevel() on ptolemy.moml.MoMLSimpleApplication@340c514
reloadAllAccessors: .ReadFile2

===========================================================================================
----------------- testing Fri Jun 08 20:27:01 UTC 2018 /home/travis/build/icyphy/ptII/ptolemy/actor/lib/test/auto/Reader.xml
----------------- Instantiating /home/travis/build/icyphy/ptII/ptolemy/actor/lib/test/auto/Reader.xml
actor.lib.Reader is obsolete, use actor.lib.io.ExpressionReader instead
5 ms. Memory: 1600512K Free: 1331007K (83%)
----------------- Invoking toplevel() on ptolemy.moml.MoMLSimpleApplication@2008cfbc
----------------- Done invoking toplevel() on ptolemy.moml.MoMLSimpleApplication@2008cfbc
reloadAllAccessors: .Reader

===========================================================================================
----------------- testing Fri Jun 08 20:27:01 UTC 2018 /home/travis/build/icyphy/ptII/ptolemy/actor/lib/test/auto/RecordAssemblerDisplayNameTest.xml
----------------- Instantiating /home/travis/build/icyphy/ptII/ptolemy/actor/lib/test/auto/RecordAssemblerDisplayNameTest.xml
2921 ms. Memory: 1600512K Free: 79309K (5%)
----------------- Invoking toplevel() on ptolemy.moml.MoMLSimpleApplication@2d97c4ca
----------------- Done invoking toplevel() on ptolemy.moml.MoMLSimpleApplication@2d97c4ca
reloadAllAccessors: .RecordAssemblerDisplayNameTest

===========================================================================================
----------------- testing Fri Jun 08 20:27:04 UTC 2018 /home/travis/build/icyphy/ptII/ptolemy/actor/lib/test/auto/RecordAssemblerTypeError.xml
----------------- Instantiating /home/travis/build/icyphy/ptII/ptolemy/actor/lib/test/auto/RecordAssemblerTypeError.xml
4 ms. Memory: 1784832K Free: 1718701K (96%)
----------------- Invoking toplevel() on ptolemy.moml.MoMLSimpleApplication@4475fa7f
----------------- Done invoking toplevel() on ptolemy.moml.MoMLSimpleApplication@4475fa7f
reloadAllAccessors: .RecordAssemblerTypeError

===========================================================================================
----------------- testing Fri Jun 08 20:27:04 UTC 2018 /home/travis/build/icyphy/ptII/ptolemy/actor/lib/test/auto/RecordDisassember.xml
----------------- Instantiating /home/travis/build/icyphy/ptII/ptolemy/actor/lib/test/auto/RecordDisassember.xml
2 ms. Memory: 1784832K Free: 1696459K (95%)
----------------- Invoking toplevel() on ptolemy.moml.MoMLSimpleApplication@5f1c0001
----------------- Done invoking toplevel() on ptolemy.moml.MoMLSimpleApplication@5f1c0001
reloadAllAccessors: .RecordDisassember

===========================================================================================
----------------- testing Fri Jun 08 20:27:04 UTC 2018 /home/travis/build/icyphy/ptII/ptolemy/actor/lib/test/auto/RecordDisassemberDisplayNameTest.xml
----------------- Instantiating /home/travis/build/icyphy/ptII/ptolemy/actor/lib/test/auto/RecordDisassemberDisplayNameTest.xml
4 ms. Memory: 1784832K Free: 1669825K (94%)
----------------- Invoking toplevel() on ptolemy.moml.MoMLSimpleApplication@1581e902
----------------- Done invoking toplevel() on ptolemy.moml.MoMLSimpleApplication@1581e902
reloadAllAccessors: .RecordDisassemberDisplayNameTest

===========================================================================================
----------------- testing Fri Jun 08 20:27:04 UTC 2018 /home/travis/build/icyphy/ptII/ptolemy/actor/lib/test/auto/RecordDisassembler.xml
----------------- Instantiating /home/travis/build/icyphy/ptII/ptolemy/actor/lib/test/auto/RecordDisassembler.xml
2 ms. Memory: 1784832K Free: 1647584K (92%)
----------------- Invoking toplevel() on ptolemy.moml.MoMLSimpleApplication@6bcc7211
----------------- Done invoking toplevel() on ptolemy.moml.MoMLSimpleApplication@6bcc7211
reloadAllAccessors: .RecordDisassembler

===========================================================================================
----------------- testing Fri Jun 08 20:27:04 UTC 2018 /home/travis/build/icyphy/ptII/ptolemy/actor/lib/test/auto/RecordDisassembler2.xml
----------------- Instantiating /home/travis/build/icyphy/ptII/ptolemy/actor/lib/test/auto/RecordDisassembler2.xml
2 ms. Memory: 1784832K Free: 1620949K (91%)
----------------- Invoking toplevel() on ptolemy.moml.MoMLSimpleApplication@65eace1d
----------------- Done invoking toplevel() on ptolemy.moml.MoMLSimpleApplication@65eace1d
reloadAllAccessors: .RecordDisassembler2

===========================================================================================
----------------- testing Fri Jun 08 20:27:04 UTC 2018 /home/travis/build/icyphy/ptII/ptolemy/actor/lib/test/auto/RecordUpdater.xml
----------------- Instantiating /home/travis/build/icyphy/ptII/ptolemy/actor/lib/test/auto/RecordUpdater.xml
2 ms. Memory: 1784832K Free: 1598708K (90%)
----------------- Invoking toplevel() on ptolemy.moml.MoMLSimpleApplication@73cecd5c
----------------- Done invoking toplevel() on ptolemy.moml.MoMLSimpleApplication@73cecd5c
reloadAllAccessors: .RecordUpdater

===========================================================================================
----------------- testing Fri Jun 08 20:27:04 UTC 2018 /home/travis/build/icyphy/ptII/ptolemy/actor/lib/test/auto/RecordUpdater2.xml
----------------- Instantiating /home/travis/build/icyphy/ptII/ptolemy/actor/lib/test/auto/RecordUpdater2.xml
1 ms. Memory: 1784832K Free: 1572073K (88%)
----------------- Invoking toplevel() on ptolemy.moml.MoMLSimpleApplication@18c17923
----------------- Done invoking toplevel() on ptolemy.moml.MoMLSimpleApplication@18c17923
reloadAllAccessors: .RecordUpdater2

===========================================================================================
----------------- testing Fri Jun 08 20:27:04 UTC 2018 /home/travis/build/icyphy/ptII/ptolemy/actor/lib/test/auto/RecursiveLattice.xml
----------------- Instantiating /home/travis/build/icyphy/ptII/ptolemy/actor/lib/test/auto/RecursiveLattice.xml
1 ms. Memory: 1784832K Free: 1545438K (87%)
----------------- Invoking toplevel() on ptolemy.moml.MoMLSimpleApplication@32e5a210
----------------- Done invoking toplevel() on ptolemy.moml.MoMLSimpleApplication@32e5a210
reloadAllAccessors: .RecursiveLattice

===========================================================================================
----------------- testing Fri Jun 08 20:27:04 UTC 2018 /home/travis/build/icyphy/ptII/ptolemy/actor/lib/test/auto/Router.xml
----------------- Instantiating /home/travis/build/icyphy/ptII/ptolemy/actor/lib/test/auto/Router.xml
3003 ms. Memory: 1784832K Free: 1523197K (85%)
----------------- Invoking toplevel() on ptolemy.moml.MoMLSimpleApplication@3aacaebc
----------------- Done invoking toplevel() on ptolemy.moml.MoMLSimpleApplication@3aacaebc
reloadAllAccessors: .Router

===========================================================================================
----------------- testing Fri Jun 08 20:27:07 UTC 2018 /home/travis/build/icyphy/ptII/ptolemy/actor/lib/test/auto/Router2.xml
----------------- Instantiating /home/travis/build/icyphy/ptII/ptolemy/actor/lib/test/auto/Router2.xml
3003 ms. Memory: 1784832K Free: 1496563K (84%)
----------------- Invoking toplevel() on ptolemy.moml.MoMLSimpleApplication@28fa06ee
----------------- Done invoking toplevel() on ptolemy.moml.MoMLSimpleApplication@28fa06ee
reloadAllAccessors: .Router2

===========================================================================================
----------------- testing Fri Jun 08 20:27:10 UTC 2018 /home/travis/build/icyphy/ptII/ptolemy/actor/lib/test/auto/RunningMaximum.xml
----------------- Instantiating /home/travis/build/icyphy/ptII/ptolemy/actor/lib/test/auto/RunningMaximum.xml
2 ms. Memory: 1784832K Free: 1474321K (83%)
----------------- Invoking toplevel() on ptolemy.moml.MoMLSimpleApplication@4e8da55c
----------------- Done invoking toplevel() on ptolemy.moml.MoMLSimpleApplication@4e8da55c
reloadAllAccessors: .RunningMaximum

===========================================================================================
----------------- testing Fri Jun 08 20:27:11 UTC 2018 /home/travis/build/icyphy/ptII/ptolemy/actor/lib/test/auto/RunningMinimum.xml
----------------- Instantiating /home/travis/build/icyphy/ptII/ptolemy/actor/lib/test/auto/RunningMinimum.xml
2 ms. Memory: 1784832K Free: 1447687K (81%)
----------------- Invoking toplevel() on ptolemy.moml.MoMLSimpleApplication@66e4c2b4
----------------- Done invoking toplevel() on ptolemy.moml.MoMLSimpleApplication@66e4c2b4
reloadAllAccessors: .RunningMinimum

===========================================================================================
----------------- testing Fri Jun 08 20:27:11 UTC 2018 /home/travis/build/icyphy/ptII/ptolemy/actor/lib/test/auto/Scale.xml
----------------- Instantiating /home/travis/build/icyphy/ptII/ptolemy/actor/lib/test/auto/Scale.xml
1 ms. Memory: 1784832K Free: 1425445K (80%)
----------------- Invoking toplevel() on ptolemy.moml.MoMLSimpleApplication@734680c9
----------------- Done invoking toplevel() on ptolemy.moml.MoMLSimpleApplication@734680c9
reloadAllAccessors: .Scale

===========================================================================================
----------------- testing Fri Jun 08 20:27:11 UTC 2018 /home/travis/build/icyphy/ptII/ptolemy/actor/lib/test/auto/Scale2.xml
----------------- Instantiating /home/travis/build/icyphy/ptII/ptolemy/actor/lib/test/auto/Scale2.xml
1 ms. Memory: 1784832K Free: 1398811K (78%)
----------------- Invoking toplevel() on ptolemy.moml.MoMLSimpleApplication@26ed5d13
----------------- Done invoking toplevel() on ptolemy.moml.MoMLSimpleApplication@26ed5d13
reloadAllAccessors: .Scale2

===========================================================================================
----------------- testing Fri Jun 08 20:27:11 UTC 2018 /home/travis/build/icyphy/ptII/ptolemy/actor/lib/test/auto/Scale3.xml
----------------- Instantiating /home/travis/build/icyphy/ptII/ptolemy/actor/lib/test/auto/Scale3.xml
3 ms. Memory: 1784832K Free: 1376569K (77%)
----------------- Invoking toplevel() on ptolemy.moml.MoMLSimpleApplication@5805163e
----------------- Done invoking toplevel() on ptolemy.moml.MoMLSimpleApplication@5805163e
reloadAllAccessors: .Scale3

===========================================================================================
----------------- testing Fri Jun 08 20:27:11 UTC 2018 /home/travis/build/icyphy/ptII/ptolemy/actor/lib/test/auto/ScaleArray.xml
----------------- Instantiating /home/travis/build/icyphy/ptII/ptolemy/actor/lib/test/auto/ScaleArray.xml
1 ms. Memory: 1784832K Free: 1349934K (76%)
----------------- Invoking toplevel() on ptolemy.moml.MoMLSimpleApplication@1e216df4
----------------- Done invoking toplevel() on ptolemy.moml.MoMLSimpleApplication@1e216df4
reloadAllAccessors: .ScaleArray

===========================================================================================
----------------- testing Fri Jun 08 20:27:11 UTC 2018 /home/travis/build/icyphy/ptII/ptolemy/actor/lib/test/auto/ScaleArray2.xml
----------------- Instantiating /home/travis/build/icyphy/ptII/ptolemy/actor/lib/test/auto/ScaleArray2.xml
1 ms. Memory: 1784832K Free: 1327693K (74%)
----------------- Invoking toplevel() on ptolemy.moml.MoMLSimpleApplication@16d8b279
----------------- Done invoking toplevel() on ptolemy.moml.MoMLSimpleApplication@16d8b279
reloadAllAccessors: .ScaleArray2

===========================================================================================
----------------- testing Fri Jun 08 20:27:11 UTC 2018 /home/travis/build/icyphy/ptII/ptolemy/actor/lib/test/auto/ScaleMatrix.xml
----------------- Instantiating /home/travis/build/icyphy/ptII/ptolemy/actor/lib/test/auto/ScaleMatrix.xml
96 ms. Memory: 1784832K Free: 1301058K (73%)
----------------- Invoking toplevel() on ptolemy.moml.MoMLSimpleApplication@6e5a5b18
----------------- Done invoking toplevel() on ptolemy.moml.MoMLSimpleApplication@6e5a5b18
reloadAllAccessors: .ScaleMatrix

===========================================================================================
----------------- testing Fri Jun 08 20:27:11 UTC 2018 /home/travis/build/icyphy/ptII/ptolemy/actor/lib/test/auto/Select.xml
----------------- Instantiating /home/travis/build/icyphy/ptII/ptolemy/actor/lib/test/auto/Select.xml
2 ms. Memory: 1784832K Free: 1274424K (71%)
----------------- Invoking toplevel() on ptolemy.moml.MoMLSimpleApplication@618688c4
----------------- Done invoking toplevel() on ptolemy.moml.MoMLSimpleApplication@618688c4
reloadAllAccessors: .Select

===========================================================================================
----------------- testing Fri Jun 08 20:27:11 UTC 2018 /home/travis/build/icyphy/ptII/ptolemy/actor/lib/test/auto/Select2.xml
----------------- Instantiating /home/travis/build/icyphy/ptII/ptolemy/actor/lib/test/auto/Select2.xml
0 ms. Memory: 1784832K Free: 1252183K (70%)
----------------- Invoking toplevel() on ptolemy.moml.MoMLSimpleApplication@5c25dce
----------------- Done invoking toplevel() on ptolemy.moml.MoMLSimpleApplication@5c25dce
reloadAllAccessors: .Select2

===========================================================================================
----------------- testing Fri Jun 08 20:27:11 UTC 2018 /home/travis/build/icyphy/ptII/ptolemy/actor/lib/test/auto/SequenceToArray2.xml
----------------- Instantiating /home/travis/build/icyphy/ptII/ptolemy/actor/lib/test/auto/SequenceToArray2.xml
77 ms. Memory: 1784832K Free: 1114342K (62%)
----------------- Invoking toplevel() on ptolemy.moml.MoMLSimpleApplication@75daadea
----------------- Done invoking toplevel() on ptolemy.moml.MoMLSimpleApplication@75daadea
reloadAllAccessors: .SequenceToArray2

===========================================================================================
----------------- testing Fri Jun 08 20:27:11 UTC 2018 /home/travis/build/icyphy/ptII/ptolemy/actor/lib/test/auto/SequentialClock.xml
----------------- Instantiating /home/travis/build/icyphy/ptII/ptolemy/actor/lib/test/auto/SequentialClock.xml
1 ms. Memory: 1784832K Free: 1092100K (61%)
----------------- Invoking toplevel() on ptolemy.moml.MoMLSimpleApplication@856fdb0
----------------- Done invoking toplevel() on ptolemy.moml.MoMLSimpleApplication@856fdb0
reloadAllAccessors: .SequentialClock

===========================================================================================
----------------- testing Fri Jun 08 20:27:11 UTC 2018 /home/travis/build/icyphy/ptII/ptolemy/actor/lib/test/auto/SetVariable.xml
----------------- Instantiating /home/travis/build/icyphy/ptII/ptolemy/actor/lib/test/auto/SetVariable.xml
2 ms. Memory: 1784832K Free: 1065466K (60%)
----------------- Invoking toplevel() on ptolemy.moml.MoMLSimpleApplication@23b7d80
----------------- Done invoking toplevel() on ptolemy.moml.MoMLSimpleApplication@23b7d80
reloadAllAccessors: .SetVariable

===========================================================================================
----------------- testing Fri Jun 08 20:27:11 UTC 2018 /home/travis/build/icyphy/ptII/ptolemy/actor/lib/test/auto/SetVariable2.xml
----------------- Instantiating /home/travis/build/icyphy/ptII/ptolemy/actor/lib/test/auto/SetVariable2.xml
2 ms. Memory: 1784832K Free: 1043225K (58%)
----------------- Invoking toplevel() on ptolemy.moml.MoMLSimpleApplication@645adfc4
----------------- Done invoking toplevel() on ptolemy.moml.MoMLSimpleApplication@645adfc4
reloadAllAccessors: .SetVariable2

===========================================================================================
----------------- testing Fri Jun 08 20:27:11 UTC 2018 /home/travis/build/icyphy/ptII/ptolemy/actor/lib/test/auto/SetVariable3.xml
----------------- Instantiating /home/travis/build/icyphy/ptII/ptolemy/actor/lib/test/auto/SetVariable3.xml
2 ms. Memory: 1784832K Free: 1016590K (57%)
----------------- Invoking toplevel() on ptolemy.moml.MoMLSimpleApplication@349c4019
----------------- Done invoking toplevel() on ptolemy.moml.MoMLSimpleApplication@349c4019
reloadAllAccessors: .SetVariable3

===========================================================================================
----------------- testing Fri Jun 08 20:27:11 UTC 2018 /home/travis/build/icyphy/ptII/ptolemy/actor/lib/test/auto/SetVariable4.xml
----------------- Instantiating /home/travis/build/icyphy/ptII/ptolemy/actor/lib/test/auto/SetVariable4.xml
14 ms. Memory: 1784832K Free: 916504K (51%)
----------------- Invoking toplevel() on ptolemy.moml.MoMLSimpleApplication@729f6dc4
----------------- Done invoking toplevel() on ptolemy.moml.MoMLSimpleApplication@729f6dc4
reloadAllAccessors: .SetVariable4

===========================================================================================
----------------- testing Fri Jun 08 20:27:11 UTC 2018 /home/travis/build/icyphy/ptII/ptolemy/actor/lib/test/auto/SetVariable5.xml
----------------- Instantiating /home/travis/build/icyphy/ptII/ptolemy/actor/lib/test/auto/SetVariable5.xml
11 ms. Memory: 1784832K Free: 889869K (50%)
----------------- Invoking toplevel() on ptolemy.moml.MoMLSimpleApplication@410b7c6a
----------------- Done invoking toplevel() on ptolemy.moml.MoMLSimpleApplication@410b7c6a
reloadAllAccessors: .SetVariable5

===========================================================================================
----------------- testing Fri Jun 08 20:27:11 UTC 2018 /home/travis/build/icyphy/ptII/ptolemy/actor/lib/test/auto/Sinewave.xml
----------------- Instantiating /home/travis/build/icyphy/ptII/ptolemy/actor/lib/test/auto/Sinewave.xml
4 ms. Memory: 1784832K Free: 863235K (48%)
----------------- Invoking toplevel() on ptolemy.moml.MoMLSimpleApplication@2e6925e0
----------------- Done invoking toplevel() on ptolemy.moml.MoMLSimpleApplication@2e6925e0
reloadAllAccessors: .Sinewave

===========================================================================================
----------------- testing Fri Jun 08 20:27:11 UTC 2018 /home/travis/build/icyphy/ptII/ptolemy/actor/lib/test/auto/Sinewave2.xml
----------------- Instantiating /home/travis/build/icyphy/ptII/ptolemy/actor/lib/test/auto/Sinewave2.xml
4 ms. Memory: 1784832K Free: 840994K (47%)
----------------- Invoking toplevel() on ptolemy.moml.MoMLSimpleApplication@68608fde
----------------- Done invoking toplevel() on ptolemy.moml.MoMLSimpleApplication@68608fde
reloadAllAccessors: .Sinewave2

===========================================================================================
----------------- testing Fri Jun 08 20:27:11 UTC 2018 /home/travis/build/icyphy/ptII/ptolemy/actor/lib/test/auto/Sinewave3.xml
----------------- Instantiating /home/travis/build/icyphy/ptII/ptolemy/actor/lib/test/auto/Sinewave3.xml
5 ms. Memory: 1784832K Free: 814359K (46%)
----------------- Invoking toplevel() on ptolemy.moml.MoMLSimpleApplication@52e296f1
----------------- Done invoking toplevel() on ptolemy.moml.MoMLSimpleApplication@52e296f1
reloadAllAccessors: .Sinewave3

===========================================================================================
----------------- testing Fri Jun 08 20:27:11 UTC 2018 /home/travis/build/icyphy/ptII/ptolemy/actor/lib/test/auto/SingleEvent.xml
----------------- Instantiating /home/travis/build/icyphy/ptII/ptolemy/actor/lib/test/auto/SingleEvent.xml
1 ms. Memory: 1784832K Free: 792118K (44%)
----------------- Invoking toplevel() on ptolemy.moml.MoMLSimpleApplication@2bc2a53
----------------- Done invoking toplevel() on ptolemy.moml.MoMLSimpleApplication@2bc2a53
reloadAllAccessors: .SingleEvent

===========================================================================================
----------------- testing Fri Jun 08 20:27:11 UTC 2018 /home/travis/build/icyphy/ptII/ptolemy/actor/lib/test/auto/Sleep.xml
----------------- Instantiating /home/travis/build/icyphy/ptII/ptolemy/actor/lib/test/auto/Sleep.xml
6003 ms. Memory: 1784832K Free: 765483K (43%)
----------------- Invoking toplevel() on ptolemy.moml.MoMLSimpleApplication@2b9f863e
----------------- Done invoking toplevel() on ptolemy.moml.MoMLSimpleApplication@2b9f863e
reloadAllAccessors: .Sleep

===========================================================================================
----------------- testing Fri Jun 08 20:27:17 UTC 2018 /home/travis/build/icyphy/ptII/ptolemy/actor/lib/test/auto/SleepMultipleFire.xml
----------------- Instantiating /home/travis/build/icyphy/ptII/ptolemy/actor/lib/test/auto/SleepMultipleFire.xml
1004 ms. Memory: 1784832K Free: 743242K (42%)
----------------- Invoking toplevel() on ptolemy.moml.MoMLSimpleApplication@d46cf1c
----------------- Done invoking toplevel() on ptolemy.moml.MoMLSimpleApplication@d46cf1c
reloadAllAccessors: .SleepMultipleFire

===========================================================================================
----------------- testing Fri Jun 08 20:27:18 UTC 2018 /home/travis/build/icyphy/ptII/ptolemy/actor/lib/test/auto/StopDE.xml
----------------- Instantiating /home/travis/build/icyphy/ptII/ptolemy/actor/lib/test/auto/StopDE.xml
2 ms. Memory: 1784832K Free: 716607K (40%)
----------------- Invoking toplevel() on ptolemy.moml.MoMLSimpleApplication@37e09b8e
----------------- Done invoking toplevel() on ptolemy.moml.MoMLSimpleApplication@37e09b8e
reloadAllAccessors: .StopDE

===========================================================================================
----------------- testing Fri Jun 08 20:27:18 UTC 2018 /home/travis/build/icyphy/ptII/ptolemy/actor/lib/test/auto/StopSDF.xml
----------------- Instantiating /home/travis/build/icyphy/ptII/ptolemy/actor/lib/test/auto/StopSDF.xml
2 ms. Memory: 1784832K Free: 689973K (39%)
----------------- Invoking toplevel() on ptolemy.moml.MoMLSimpleApplication@56362ecd
----------------- Done invoking toplevel() on ptolemy.moml.MoMLSimpleApplication@56362ecd
reloadAllAccessors: .StopSDF

===========================================================================================
----------------- testing Fri Jun 08 20:27:18 UTC 2018 /home/travis/build/icyphy/ptII/ptolemy/actor/lib/test/auto/StringConstant.xml
----------------- Instantiating /home/travis/build/icyphy/ptII/ptolemy/actor/lib/test/auto/StringConstant.xml
1 ms. Memory: 1784832K Free: 667731K (37%)
----------------- Invoking toplevel() on ptolemy.moml.MoMLSimpleApplication@63f40373
----------------- Done invoking toplevel() on ptolemy.moml.MoMLSimpleApplication@63f40373
reloadAllAccessors: .StringConstant

===========================================================================================
----------------- testing Fri Jun 08 20:27:18 UTC 2018 /home/travis/build/icyphy/ptII/ptolemy/actor/lib/test/auto/SubscriberPortInitialValues1.xml
----------------- Instantiating /home/travis/build/icyphy/ptII/ptolemy/actor/lib/test/auto/SubscriberPortInitialValues1.xml
4 ms. Memory: 1784832K Free: 641097K (36%)
----------------- Invoking toplevel() on ptolemy.moml.MoMLSimpleApplication@48441028
----------------- Done invoking toplevel() on ptolemy.moml.MoMLSimpleApplication@48441028
reloadAllAccessors: .SubscriberPortInitialValues1

===========================================================================================
----------------- testing Fri Jun 08 20:27:18 UTC 2018 /home/travis/build/icyphy/ptII/ptolemy/actor/lib/test/auto/SubscriberPortInitialValues13.xml
----------------- Instantiating /home/travis/build/icyphy/ptII/ptolemy/actor/lib/test/auto/SubscriberPortInitialValues13.xml
4 ms. Memory: 1784832K Free: 618855K (35%)
----------------- Invoking toplevel() on ptolemy.moml.MoMLSimpleApplication@2d617bee
----------------- Done invoking toplevel() on ptolemy.moml.MoMLSimpleApplication@2d617bee
reloadAllAccessors: .SubscriberPortInitialValues13

===========================================================================================
----------------- testing Fri Jun 08 20:27:18 UTC 2018 /home/travis/build/icyphy/ptII/ptolemy/actor/lib/test/auto/SubscriberPortInitialValues14.xml
----------------- Instantiating /home/travis/build/icyphy/ptII/ptolemy/actor/lib/test/auto/SubscriberPortInitialValues14.xml
3 ms. Memory: 1784832K Free: 592221K (33%)
----------------- Invoking toplevel() on ptolemy.moml.MoMLSimpleApplication@20773539
----------------- Done invoking toplevel() on ptolemy.moml.MoMLSimpleApplication@20773539
reloadAllAccessors: .SubscriberPortInitialValues14

===========================================================================================
----------------- testing Fri Jun 08 20:27:18 UTC 2018 /home/travis/build/icyphy/ptII/ptolemy/actor/lib/test/auto/SubscriberPortInitialValues2.xml
----------------- Instantiating /home/travis/build/icyphy/ptII/ptolemy/actor/lib/test/auto/SubscriberPortInitialValues2.xml
3 ms. Memory: 1784832K Free: 569980K (32%)
----------------- Invoking toplevel() on ptolemy.moml.MoMLSimpleApplication@72983c3c
----------------- Done invoking toplevel() on ptolemy.moml.MoMLSimpleApplication@72983c3c
reloadAllAccessors: .SubscriberPortInitialValues2

===========================================================================================
----------------- testing Fri Jun 08 20:27:18 UTC 2018 /home/travis/build/icyphy/ptII/ptolemy/actor/lib/test/auto/SubscriberPortInitialValues3.xml
----------------- Instantiating /home/travis/build/icyphy/ptII/ptolemy/actor/lib/test/auto/SubscriberPortInitialValues3.xml
3 ms. Memory: 1784832K Free: 543345K (30%)
----------------- Invoking toplevel() on ptolemy.moml.MoMLSimpleApplication@63af69e6
----------------- Done invoking toplevel() on ptolemy.moml.MoMLSimpleApplication@63af69e6
reloadAllAccessors: .SubscriberPortInitialValues3

===========================================================================================
----------------- testing Fri Jun 08 20:27:18 UTC 2018 /home/travis/build/icyphy/ptII/ptolemy/actor/lib/test/auto/SubscriptionAggregator.xml
----------------- Instantiating /home/travis/build/icyphy/ptII/ptolemy/actor/lib/test/auto/SubscriptionAggregator.xml
2 ms. Memory: 1784832K Free: 521104K (29%)
----------------- Invoking toplevel() on ptolemy.moml.MoMLSimpleApplication@55cc0ea8
----------------- Done invoking toplevel() on ptolemy.moml.MoMLSimpleApplication@55cc0ea8
reloadAllAccessors: .SubscriptionAggregator

===========================================================================================
----------------- testing Fri Jun 08 20:27:18 UTC 2018 /home/travis/build/icyphy/ptII/ptolemy/actor/lib/test/auto/SubscriptionAggregator2.xml
----------------- Instantiating /home/travis/build/icyphy/ptII/ptolemy/actor/lib/test/auto/SubscriptionAggregator2.xml
2 ms. Memory: 1784832K Free: 494469K (28%)
----------------- Invoking toplevel() on ptolemy.moml.MoMLSimpleApplication@148b28b
----------------- Done invoking toplevel() on ptolemy.moml.MoMLSimpleApplication@148b28b
reloadAllAccessors: .SubscriptionAggregator2

===========================================================================================
----------------- testing Fri Jun 08 20:27:18 UTC 2018 /home/travis/build/icyphy/ptII/ptolemy/actor/lib/test/auto/SubscriptionAggregator3.xml
----------------- Instantiating /home/travis/build/icyphy/ptII/ptolemy/actor/lib/test/auto/SubscriptionAggregator3.xml
2 ms. Memory: 1784832K Free: 467835K (26%)
----------------- Invoking toplevel() on ptolemy.moml.MoMLSimpleApplication@34c62ef1
----------------- Done invoking toplevel() on ptolemy.moml.MoMLSimpleApplication@34c62ef1
reloadAllAccessors: .SubscriptionAggregator3

===========================================================================================
----------------- testing Fri Jun 08 20:27:18 UTC 2018 /home/travis/build/icyphy/ptII/ptolemy/actor/lib/test/auto/SubscriptionAggregatorMultiply.xml
----------------- Instantiating /home/travis/build/icyphy/ptII/ptolemy/actor/lib/test/auto/SubscriptionAggregatorMultiply.xml
2 ms. Memory: 1784832K Free: 445593K (25%)
----------------- Invoking toplevel() on ptolemy.moml.MoMLSimpleApplication@7476054b
----------------- Done invoking toplevel() on ptolemy.moml.MoMLSimpleApplication@7476054b
reloadAllAccessors: .SubscriptionAggregatorMultiply

===========================================================================================
----------------- testing Fri Jun 08 20:27:18 UTC 2018 /home/travis/build/icyphy/ptII/ptolemy/actor/lib/test/auto/SubscriptionAggregatorPortMultiply1.xml
----------------- Instantiating /home/travis/build/icyphy/ptII/ptolemy/actor/lib/test/auto/SubscriptionAggregatorPortMultiply1.xml
3 ms. Memory: 1784832K Free: 418959K (23%)
----------------- Invoking toplevel() on ptolemy.moml.MoMLSimpleApplication@18d814fa
----------------- Done invoking toplevel() on ptolemy.moml.MoMLSimpleApplication@18d814fa
reloadAllAccessors: .SubscriptionAggregatorPortMultiply1

===========================================================================================
----------------- testing Fri Jun 08 20:27:18 UTC 2018 /home/travis/build/icyphy/ptII/ptolemy/actor/lib/test/auto/Switch.xml
----------------- Instantiating /home/travis/build/icyphy/ptII/ptolemy/actor/lib/test/auto/Switch.xml
3 ms. Memory: 1784832K Free: 329994K (18%)
----------------- Invoking toplevel() on ptolemy.moml.MoMLSimpleApplication@4755478f
----------------- Done invoking toplevel() on ptolemy.moml.MoMLSimpleApplication@4755478f
reloadAllAccessors: .Switch

===========================================================================================
----------------- testing Fri Jun 08 20:27:18 UTC 2018 /home/travis/build/icyphy/ptII/ptolemy/actor/lib/test/auto/Switch2.xml
----------------- Instantiating /home/travis/build/icyphy/ptII/ptolemy/actor/lib/test/auto/Switch2.xml
1 ms. Memory: 1784832K Free: 303359K (17%)
----------------- Invoking toplevel() on ptolemy.moml.MoMLSimpleApplication@3976d063
----------------- Done invoking toplevel() on ptolemy.moml.MoMLSimpleApplication@3976d063
reloadAllAccessors: .Switch2

===========================================================================================
----------------- testing Fri Jun 08 20:27:18 UTC 2018 /home/travis/build/icyphy/ptII/ptolemy/actor/lib/test/auto/SwitchDE.xml
----------------- Instantiating /home/travis/build/icyphy/ptII/ptolemy/actor/lib/test/auto/SwitchDE.xml
1 ms. Memory: 1784832K Free: 281118K (16%)
----------------- Invoking toplevel() on ptolemy.moml.MoMLSimpleApplication@7649899a
----------------- Done invoking toplevel() on ptolemy.moml.MoMLSimpleApplication@7649899a
reloadAllAccessors: .SwitchDE

===========================================================================================
----------------- testing Fri Jun 08 20:27:18 UTC 2018 /home/travis/build/icyphy/ptII/ptolemy/actor/lib/test/auto/SynchronizerDE.xml
----------------- Instantiating /home/travis/build/icyphy/ptII/ptolemy/actor/lib/test/auto/SynchronizerDE.xml
3 ms. Memory: 1784832K Free: 254483K (14%)
----------------- Invoking toplevel() on ptolemy.moml.MoMLSimpleApplication@28e87bcc
----------------- Done invoking toplevel() on ptolemy.moml.MoMLSimpleApplication@28e87bcc
reloadAllAccessors: .SynchronizerDE

===========================================================================================
----------------- testing Fri Jun 08 20:27:18 UTC 2018 /home/travis/build/icyphy/ptII/ptolemy/actor/lib/test/auto/Test.xml
----------------- Instantiating /home/travis/build/icyphy/ptII/ptolemy/actor/lib/test/auto/Test.xml
2 ms. Memory: 1784832K Free: 227848K (13%)
----------------- Invoking toplevel() on ptolemy.moml.MoMLSimpleApplication@6efe01e9
----------------- Done invoking toplevel() on ptolemy.moml.MoMLSimpleApplication@6efe01e9
reloadAllAccessors: .Test

===========================================================================================
----------------- testing Fri Jun 08 20:27:18 UTC 2018 /home/travis/build/icyphy/ptII/ptolemy/actor/lib/test/auto/TestExceptionAttribute1.xml
----------------- Instantiating /home/travis/build/icyphy/ptII/ptolemy/actor/lib/test/auto/TestExceptionAttribute1.xml
1 ms. Memory: 1784832K Free: 205607K (12%)
----------------- Invoking toplevel() on ptolemy.moml.MoMLSimpleApplication@551c041f
----------------- Done invoking toplevel() on ptolemy.moml.MoMLSimpleApplication@551c041f
reloadAllAccessors: .TestExceptionAttribute1

===========================================================================================
----------------- testing Fri Jun 08 20:27:18 UTC 2018 /home/travis/build/icyphy/ptII/ptolemy/actor/lib/test/auto/TestExceptionAttribute2.xml
----------------- Instantiating /home/travis/build/icyphy/ptII/ptolemy/actor/lib/test/auto/TestExceptionAttribute2.xml
2 ms. Memory: 1784832K Free: 178972K (10%)
----------------- Invoking toplevel() on ptolemy.moml.MoMLSimpleApplication@41a97cac
----------------- Done invoking toplevel() on ptolemy.moml.MoMLSimpleApplication@41a97cac
reloadAllAccessors: .TestExceptionAttribute2

===========================================================================================
----------------- testing Fri Jun 08 20:27:18 UTC 2018 /home/travis/build/icyphy/ptII/ptolemy/actor/lib/test/auto/TestExceptionAttribute3.xml
----------------- Instantiating /home/travis/build/icyphy/ptII/ptolemy/actor/lib/test/auto/TestExceptionAttribute3.xml
.TestExceptionAttribute3.TestExceptionAttribute: initialize() was not invoked, but wrapup() was.  This is unusual, but not always a problem.  For example, exporting JNLP will do this.
1 ms. Memory: 1784832K Free: 156731K (9%)
----------------- Invoking toplevel() on ptolemy.moml.MoMLSimpleApplication@4bc742f9
----------------- Done invoking toplevel() on ptolemy.moml.MoMLSimpleApplication@4bc742f9
reloadAllAccessors: .TestExceptionAttribute3

===========================================================================================
----------------- testing Fri Jun 08 20:27:18 UTC 2018 /home/travis/build/icyphy/ptII/ptolemy/actor/lib/test/auto/TestExceptionAttribute4.xml
----------------- Instantiating /home/travis/build/icyphy/ptII/ptolemy/actor/lib/test/auto/TestExceptionAttribute4.xml
.TestExceptionAttribute4.TestExceptionAttribute: initialize() was not invoked, but wrapup() was.  This is unusual, but not always a problem.  For example, exporting JNLP will do this.
.TestExceptionAttribute4.TestExceptionAttribute2: initialize() was not invoked, but wrapup() was.  This is unusual, but not always a problem.  For example, exporting JNLP will do this.
1 ms. Memory: 1784832K Free: 130096K (7%)
----------------- Invoking toplevel() on ptolemy.moml.MoMLSimpleApplication@26d1eea4
----------------- Done invoking toplevel() on ptolemy.moml.MoMLSimpleApplication@26d1eea4
reloadAllAccessors: .TestExceptionAttribute4

===========================================================================================
----------------- testing Fri Jun 08 20:27:18 UTC 2018 /home/travis/build/icyphy/ptII/ptolemy/actor/lib/test/auto/TestExceptionHandler1.xml
----------------- Instantiating /home/travis/build/icyphy/ptII/ptolemy/actor/lib/test/auto/TestExceptionHandler1.xml
2 ms. Memory: 1784832K Free: 107855K (6%)
----------------- Invoking toplevel() on ptolemy.moml.MoMLSimpleApplication@ecf2678
----------------- Done invoking toplevel() on ptolemy.moml.MoMLSimpleApplication@ecf2678
reloadAllAccessors: .TestExceptionHandler1

===========================================================================================
----------------- testing Fri Jun 08 20:27:18 UTC 2018 /home/travis/build/icyphy/ptII/ptolemy/actor/lib/test/auto/TestExceptionHandler2.xml
----------------- Instantiating /home/travis/build/icyphy/ptII/ptolemy/actor/lib/test/auto/TestExceptionHandler2.xml
3 ms. Memory: 1784832K Free: 81220K (5%)
----------------- Invoking toplevel() on ptolemy.moml.MoMLSimpleApplication@150c95c8
----------------- Done invoking toplevel() on ptolemy.moml.MoMLSimpleApplication@150c95c8
reloadAllAccessors: .TestExceptionHandler2

===========================================================================================
----------------- testing Fri Jun 08 20:27:18 UTC 2018 /home/travis/build/icyphy/ptII/ptolemy/actor/lib/test/auto/TestExceptionHandler3.xml
----------------- Instantiating /home/travis/build/icyphy/ptII/ptolemy/actor/lib/test/auto/TestExceptionHandler3.xml
14 ms. Memory: 1785856K Free: 1740231K (97%)
----------------- Invoking toplevel() on ptolemy.moml.MoMLSimpleApplication@2578523d
----------------- Done invoking toplevel() on ptolemy.moml.MoMLSimpleApplication@2578523d
reloadAllAccessors: .TestExceptionHandler3

===========================================================================================
----------------- testing Fri Jun 08 20:27:19 UTC 2018 /home/travis/build/icyphy/ptII/ptolemy/actor/lib/test/auto/TestExceptionHandler4.xml
----------------- Instantiating /home/travis/build/icyphy/ptII/ptolemy/actor/lib/test/auto/TestExceptionHandler4.xml
0 ms. Memory: 1785856K Free: 1708621K (96%)
----------------- Invoking toplevel() on ptolemy.moml.MoMLSimpleApplication@5257d85
----------------- Done invoking toplevel() on ptolemy.moml.MoMLSimpleApplication@5257d85
reloadAllAccessors: .TestExceptionHandler4

===========================================================================================
----------------- testing Fri Jun 08 20:27:19 UTC 2018 /home/travis/build/icyphy/ptII/ptolemy/actor/lib/test/auto/TestRequireCorrectOrder.xml
----------------- Instantiating /home/travis/build/icyphy/ptII/ptolemy/actor/lib/test/auto/TestRequireCorrectOrder.xml
2 ms. Memory: 1785856K Free: 1682570K (94%)
----------------- Invoking toplevel() on ptolemy.moml.MoMLSimpleApplication@308d095f
----------------- Done invoking toplevel() on ptolemy.moml.MoMLSimpleApplication@308d095f
reloadAllAccessors: .TestRequireCorrectOrder

===========================================================================================
----------------- testing Fri Jun 08 20:27:19 UTC 2018 /home/travis/build/icyphy/ptII/ptolemy/actor/lib/test/auto/TestSimple.xml
----------------- Instantiating /home/travis/build/icyphy/ptII/ptolemy/actor/lib/test/auto/TestSimple.xml
3 ms. Memory: 1785856K Free: 1660329K (93%)
----------------- Invoking toplevel() on ptolemy.moml.MoMLSimpleApplication@616410ce
----------------- Done invoking toplevel() on ptolemy.moml.MoMLSimpleApplication@616410ce
reloadAllAccessors: .TestSimple

===========================================================================================
----------------- testing Fri Jun 08 20:27:19 UTC 2018 /home/travis/build/icyphy/ptII/ptolemy/actor/lib/test/auto/ThrowModelError.xml
----------------- Instantiating /home/travis/build/icyphy/ptII/ptolemy/actor/lib/test/auto/ThrowModelError.xml
2 ms. Memory: 1785856K Free: 1634279K (92%)
----------------- Invoking toplevel() on ptolemy.moml.MoMLSimpleApplication@341f655
----------------- Done invoking toplevel() on ptolemy.moml.MoMLSimpleApplication@341f655
reloadAllAccessors: .ThrowModelError

===========================================================================================
----------------- testing Fri Jun 08 20:27:19 UTC 2018 /home/travis/build/icyphy/ptII/ptolemy/actor/lib/test/auto/TimeDelayMicrosteps.xml
----------------- Instantiating /home/travis/build/icyphy/ptII/ptolemy/actor/lib/test/auto/TimeDelayMicrosteps.xml
2 ms. Memory: 1785856K Free: 1608228K (90%)
----------------- Invoking toplevel() on ptolemy.moml.MoMLSimpleApplication@65f528e8
----------------- Done invoking toplevel() on ptolemy.moml.MoMLSimpleApplication@65f528e8
reloadAllAccessors: .TimeDelayMicrosteps

===========================================================================================
----------------- testing Fri Jun 08 20:27:19 UTC 2018 /home/travis/build/icyphy/ptII/ptolemy/actor/lib/test/auto/TimeDelayMicrosteps2.xml
----------------- Instantiating /home/travis/build/icyphy/ptII/ptolemy/actor/lib/test/auto/TimeDelayMicrosteps2.xml
2 ms. Memory: 1785856K Free: 1585987K (89%)
----------------- Invoking toplevel() on ptolemy.moml.MoMLSimpleApplication@37fb9ea1
----------------- Done invoking toplevel() on ptolemy.moml.MoMLSimpleApplication@37fb9ea1
reloadAllAccessors: .TimeDelayMicrosteps2

===========================================================================================
----------------- testing Fri Jun 08 20:27:19 UTC 2018 /home/travis/build/icyphy/ptII/ptolemy/actor/lib/test/auto/TimeDelayMicrosteps3.xml
----------------- Instantiating /home/travis/build/icyphy/ptII/ptolemy/actor/lib/test/auto/TimeDelayMicrosteps3.xml
3 ms. Memory: 1785856K Free: 1559937K (87%)
----------------- Invoking toplevel() on ptolemy.moml.MoMLSimpleApplication@66c4ab74
----------------- Done invoking toplevel() on ptolemy.moml.MoMLSimpleApplication@66c4ab74
reloadAllAccessors: .TimeDelayMicrosteps3

===========================================================================================
----------------- testing Fri Jun 08 20:27:19 UTC 2018 /home/travis/build/icyphy/ptII/ptolemy/actor/lib/test/auto/TimeDelayVariableMicrosteps.xml
----------------- Instantiating /home/travis/build/icyphy/ptII/ptolemy/actor/lib/test/auto/TimeDelayVariableMicrosteps.xml
2 ms. Memory: 1785856K Free: 1533846K (86%)
----------------- Invoking toplevel() on ptolemy.moml.MoMLSimpleApplication@27c1bb81
----------------- Done invoking toplevel() on ptolemy.moml.MoMLSimpleApplication@27c1bb81
reloadAllAccessors: .TimeDelayVariableMicrosteps

===========================================================================================
----------------- testing Fri Jun 08 20:27:19 UTC 2018 /home/travis/build/icyphy/ptII/ptolemy/actor/lib/test/auto/TimeGap.xml
----------------- Instantiating /home/travis/build/icyphy/ptII/ptolemy/actor/lib/test/auto/TimeGap.xml
5 ms. Memory: 1785856K Free: 1511605K (85%)
----------------- Invoking toplevel() on ptolemy.moml.MoMLSimpleApplication@424c9b4e
----------------- Done invoking toplevel() on ptolemy.moml.MoMLSimpleApplication@424c9b4e
reloadAllAccessors: .TimeGap

===========================================================================================
----------------- testing Fri Jun 08 20:27:19 UTC 2018 /home/travis/build/icyphy/ptII/ptolemy/actor/lib/test/auto/TimeGap2.xml
----------------- Instantiating /home/travis/build/icyphy/ptII/ptolemy/actor/lib/test/auto/TimeGap2.xml
1 ms. Memory: 1785856K Free: 1485554K (83%)
----------------- Invoking toplevel() on ptolemy.moml.MoMLSimpleApplication@33513a25
----------------- Done invoking toplevel() on ptolemy.moml.MoMLSimpleApplication@33513a25
reloadAllAccessors: .TimeGap2

===========================================================================================
----------------- testing Fri Jun 08 20:27:19 UTC 2018 /home/travis/build/icyphy/ptII/ptolemy/actor/lib/test/auto/TimedSinewave.xml
----------------- Instantiating /home/travis/build/icyphy/ptII/ptolemy/actor/lib/test/auto/TimedSinewave.xml
19 ms. Memory: 1785856K Free: 1448383K (81%)
----------------- Invoking toplevel() on ptolemy.moml.MoMLSimpleApplication@7ce94593
----------------- Done invoking toplevel() on ptolemy.moml.MoMLSimpleApplication@7ce94593
reloadAllAccessors: .TimedSinewave

===========================================================================================
----------------- testing Fri Jun 08 20:27:19 UTC 2018 /home/travis/build/icyphy/ptII/ptolemy/actor/lib/test/auto/TimedSinewavePhase.xml
----------------- Instantiating /home/travis/build/icyphy/ptII/ptolemy/actor/lib/test/auto/TimedSinewavePhase.xml
8 ms. Memory: 1785856K Free: 1426142K (80%)
----------------- Invoking toplevel() on ptolemy.moml.MoMLSimpleApplication@566e9750
----------------- Done invoking toplevel() on ptolemy.moml.MoMLSimpleApplication@566e9750
reloadAllAccessors: .TimedSinewavePhase

===========================================================================================
----------------- testing Fri Jun 08 20:27:19 UTC 2018 /home/travis/build/icyphy/ptII/ptolemy/actor/lib/test/auto/Timer.xml
----------------- Instantiating /home/travis/build/icyphy/ptII/ptolemy/actor/lib/test/auto/Timer.xml
4 ms. Memory: 1785856K Free: 1400092K (78%)
----------------- Invoking toplevel() on ptolemy.moml.MoMLSimpleApplication@728f528f
----------------- Done invoking toplevel() on ptolemy.moml.MoMLSimpleApplication@728f528f
reloadAllAccessors: .Timer

===========================================================================================
----------------- testing Fri Jun 08 20:27:19 UTC 2018 /home/travis/build/icyphy/ptII/ptolemy/actor/lib/test/auto/TriangularDistTestModel.xml
----------------- Instantiating /home/travis/build/icyphy/ptII/ptolemy/actor/lib/test/auto/TriangularDistTestModel.xml
2 ms. Memory: 1785856K Free: 1374042K (77%)
----------------- Invoking toplevel() on ptolemy.moml.MoMLSimpleApplication@5c1498d8
----------------- Done invoking toplevel() on ptolemy.moml.MoMLSimpleApplication@5c1498d8
reloadAllAccessors: .TriangularDistTestModel

===========================================================================================
----------------- testing Fri Jun 08 20:27:19 UTC 2018 /home/travis/build/icyphy/ptII/ptolemy/actor/lib/test/auto/TrigFunction.xml
----------------- Instantiating /home/travis/build/icyphy/ptII/ptolemy/actor/lib/test/auto/TrigFunction.xml
1 ms. Memory: 1785856K Free: 1351800K (76%)
----------------- Invoking toplevel() on ptolemy.moml.MoMLSimpleApplication@765ea432
----------------- Done invoking toplevel() on ptolemy.moml.MoMLSimpleApplication@765ea432
reloadAllAccessors: .TrigFunction

===========================================================================================
----------------- testing Fri Jun 08 20:27:19 UTC 2018 /home/travis/build/icyphy/ptII/ptolemy/actor/lib/test/auto/TrigFunctionDE.xml
----------------- Instantiating /home/travis/build/icyphy/ptII/ptolemy/actor/lib/test/auto/TrigFunctionDE.xml
2 ms. Memory: 1785856K Free: 1325750K (74%)
----------------- Invoking toplevel() on ptolemy.moml.MoMLSimpleApplication@ee8e24
----------------- Done invoking toplevel() on ptolemy.moml.MoMLSimpleApplication@ee8e24
reloadAllAccessors: .TrigFunctionDE

===========================================================================================
----------------- testing Fri Jun 08 20:27:19 UTC 2018 /home/travis/build/icyphy/ptII/ptolemy/actor/lib/test/auto/TrigFunctionInverse.xml
----------------- Instantiating /home/travis/build/icyphy/ptII/ptolemy/actor/lib/test/auto/TrigFunctionInverse.xml
2 ms. Memory: 1785856K Free: 1299700K (73%)
----------------- Invoking toplevel() on ptolemy.moml.MoMLSimpleApplication@5caf5a5b
----------------- Done invoking toplevel() on ptolemy.moml.MoMLSimpleApplication@5caf5a5b
reloadAllAccessors: .TrigFunctionInverse

===========================================================================================
----------------- testing Fri Jun 08 20:27:19 UTC 2018 /home/travis/build/icyphy/ptII/ptolemy/actor/lib/test/auto/TrigFunctionTan.xml
----------------- Instantiating /home/travis/build/icyphy/ptII/ptolemy/actor/lib/test/auto/TrigFunctionTan.xml
2 ms. Memory: 1785856K Free: 1277458K (72%)
----------------- Invoking toplevel() on ptolemy.moml.MoMLSimpleApplication@362e80a0
----------------- Done invoking toplevel() on ptolemy.moml.MoMLSimpleApplication@362e80a0
reloadAllAccessors: .TrigFunctionTan

===========================================================================================
----------------- testing Fri Jun 08 20:27:19 UTC 2018 /home/travis/build/icyphy/ptII/ptolemy/actor/lib/test/auto/TriggeredClock.xml
----------------- Instantiating /home/travis/build/icyphy/ptII/ptolemy/actor/lib/test/auto/TriggeredClock.xml
1 ms. Memory: 1785856K Free: 1251408K (70%)
----------------- Invoking toplevel() on ptolemy.moml.MoMLSimpleApplication@1ce7b8a9
----------------- Done invoking toplevel() on ptolemy.moml.MoMLSimpleApplication@1ce7b8a9
reloadAllAccessors: .TriggeredClock

===========================================================================================
----------------- testing Fri Jun 08 20:27:19 UTC 2018 /home/travis/build/icyphy/ptII/ptolemy/actor/lib/test/auto/URLDirectoryReader.xml
----------------- Instantiating /home/travis/build/icyphy/ptII/ptolemy/actor/lib/test/auto/URLDirectoryReader.xml
35 ms. Memory: 1785856K Free: 1225357K (69%)
----------------- Invoking toplevel() on ptolemy.moml.MoMLSimpleApplication@283a6cc6
----------------- Done invoking toplevel() on ptolemy.moml.MoMLSimpleApplication@283a6cc6
reloadAllAccessors: .URLDirectoryReader

===========================================================================================
----------------- testing Fri Jun 08 20:27:19 UTC 2018 /home/travis/build/icyphy/ptII/ptolemy/actor/lib/test/auto/URLDirectoryReader3.xml
----------------- Instantiating /home/travis/build/icyphy/ptII/ptolemy/actor/lib/test/auto/URLDirectoryReader3.xml
1408 ms. Memory: 1785856K Free: 1158633K (65%)
----------------- Invoking toplevel() on ptolemy.moml.MoMLSimpleApplication@39a03eab
----------------- Done invoking toplevel() on ptolemy.moml.MoMLSimpleApplication@39a03eab
reloadAllAccessors: .URLDirectoryReader3

===========================================================================================
----------------- testing Fri Jun 08 20:27:21 UTC 2018 /home/travis/build/icyphy/ptII/ptolemy/actor/lib/test/auto/UnaryMathFunction.xml
----------------- Instantiating /home/travis/build/icyphy/ptII/ptolemy/actor/lib/test/auto/UnaryMathFunction.xml
2 ms. Memory: 1785856K Free: 1132583K (63%)
----------------- Invoking toplevel() on ptolemy.moml.MoMLSimpleApplication@2187b43
----------------- Done invoking toplevel() on ptolemy.moml.MoMLSimpleApplication@2187b43
reloadAllAccessors: .UnaryMathFunction

===========================================================================================
----------------- testing Fri Jun 08 20:27:21 UTC 2018 /home/travis/build/icyphy/ptII/ptolemy/actor/lib/test/auto/Uniform.xml
----------------- Instantiating /home/travis/build/icyphy/ptII/ptolemy/actor/lib/test/auto/Uniform.xml
5 ms. Memory: 1785856K Free: 1106533K (62%)
----------------- Invoking toplevel() on ptolemy.moml.MoMLSimpleApplication@61583740
----------------- Done invoking toplevel() on ptolemy.moml.MoMLSimpleApplication@61583740
reloadAllAccessors: .Uniform

===========================================================================================
----------------- testing Fri Jun 08 20:27:21 UTC 2018 /home/travis/build/icyphy/ptII/ptolemy/actor/lib/test/auto/UnionDisassemblerTest.xml
----------------- Instantiating /home/travis/build/icyphy/ptII/ptolemy/actor/lib/test/auto/UnionDisassemblerTest.xml
6 ms. Memory: 1785856K Free: 1084292K (61%)
----------------- Invoking toplevel() on ptolemy.moml.MoMLSimpleApplication@43735ab5
----------------- Done invoking toplevel() on ptolemy.moml.MoMLSimpleApplication@43735ab5
reloadAllAccessors: .UnionDisassemblerTest

===========================================================================================
----------------- testing Fri Jun 08 20:27:21 UTC 2018 /home/travis/build/icyphy/ptII/ptolemy/actor/lib/test/auto/UtilityFunctions.xml
----------------- Instantiating /home/travis/build/icyphy/ptII/ptolemy/actor/lib/test/auto/UtilityFunctions.xml
1 ms. Memory: 1785856K Free: 1058241K (59%)
----------------- Invoking toplevel() on ptolemy.moml.MoMLSimpleApplication@535fec7d
----------------- Done invoking toplevel() on ptolemy.moml.MoMLSimpleApplication@535fec7d
reloadAllAccessors: .UtilityFunctions

===========================================================================================
----------------- testing Fri Jun 08 20:27:21 UTC 2018 /home/travis/build/icyphy/ptII/ptolemy/actor/lib/test/auto/VariableSleep.xml
----------------- Instantiating /home/travis/build/icyphy/ptII/ptolemy/actor/lib/test/auto/VariableSleep.xml
502 ms. Memory: 1785856K Free: 1032191K (58%)
----------------- Invoking toplevel() on ptolemy.moml.MoMLSimpleApplication@1235464d
----------------- Done invoking toplevel() on ptolemy.moml.MoMLSimpleApplication@1235464d
reloadAllAccessors: .VariableSleep

===========================================================================================
----------------- testing Fri Jun 08 20:27:21 UTC 2018 /home/travis/build/icyphy/ptII/ptolemy/actor/lib/test/auto/VectorAssemblerDisassemblerCT.xml
----------------- Instantiating /home/travis/build/icyphy/ptII/ptolemy/actor/lib/test/auto/VectorAssemblerDisassemblerCT.xml
65 ms. Memory: 1785856K Free: 998813K (56%)
----------------- Invoking toplevel() on ptolemy.moml.MoMLSimpleApplication@5cb67e02
----------------- Done invoking toplevel() on ptolemy.moml.MoMLSimpleApplication@5cb67e02
reloadAllAccessors: .VectorAssemblerDisassemblerCT

===========================================================================================
----------------- testing Fri Jun 08 20:27:21 UTC 2018 /home/travis/build/icyphy/ptII/ptolemy/actor/lib/test/auto/VectorAssemblerDisassemblerDE.xml
----------------- Instantiating /home/travis/build/icyphy/ptII/ptolemy/actor/lib/test/auto/VectorAssemblerDisassemblerDE.xml
2 ms. Memory: 1785856K Free: 972763K (54%)
----------------- Invoking toplevel() on ptolemy.moml.MoMLSimpleApplication@3ca5bc8
----------------- Done invoking toplevel() on ptolemy.moml.MoMLSimpleApplication@3ca5bc8
reloadAllAccessors: .VectorAssemblerDisassemblerDE

===========================================================================================
----------------- testing Fri Jun 08 20:27:21 UTC 2018 /home/travis/build/icyphy/ptII/ptolemy/actor/lib/test/auto/VectorAssemblerDisassemblerSDF.xml
----------------- Instantiating /home/travis/build/icyphy/ptII/ptolemy/actor/lib/test/auto/VectorAssemblerDisassemblerSDF.xml
3 ms. Memory: 1785856K Free: 946712K (53%)
----------------- Invoking toplevel() on ptolemy.moml.MoMLSimpleApplication@7d1c1bda
----------------- Done invoking toplevel() on ptolemy.moml.MoMLSimpleApplication@7d1c1bda
reloadAllAccessors: .VectorAssemblerDisassemblerSDF

===========================================================================================
----------------- testing Fri Jun 08 20:27:21 UTC 2018 /home/travis/build/icyphy/ptII/ptolemy/actor/lib/test/auto/WallClockTime.xml
----------------- Instantiating /home/travis/build/icyphy/ptII/ptolemy/actor/lib/test/auto/WallClockTime.xml
1006 ms. Memory: 1785856K Free: 924471K (52%)
----------------- Invoking toplevel() on ptolemy.moml.MoMLSimpleApplication@3fa162f1
----------------- Done invoking toplevel() on ptolemy.moml.MoMLSimpleApplication@3fa162f1
reloadAllAccessors: .WallClockTime

===========================================================================================
----------------- testing Fri Jun 08 20:27:22 UTC 2018 /home/travis/build/icyphy/ptII/ptolemy/actor/lib/test/auto/WidthTestWithSubscriberPublisher.xml
----------------- Instantiating /home/travis/build/icyphy/ptII/ptolemy/actor/lib/test/auto/WidthTestWithSubscriberPublisher.xml
8 ms. Memory: 1785856K Free: 887284K (50%)
----------------- Invoking toplevel() on ptolemy.moml.MoMLSimpleApplication@35cfa015
----------------- Done invoking toplevel() on ptolemy.moml.MoMLSimpleApplication@35cfa015
reloadAllAccessors: .WidthTestWithSubscriberPublisher

===========================================================================================
----------------- testing Fri Jun 08 20:27:22 UTC 2018 /home/travis/build/icyphy/ptII/ptolemy/actor/lib/test/auto/WidthTestWithSubscriberPublisher2.xml
----------------- Instantiating /home/travis/build/icyphy/ptII/ptolemy/actor/lib/test/auto/WidthTestWithSubscriberPublisher2.xml
2 ms. Memory: 1785856K Free: 861234K (48%)
----------------- Invoking toplevel() on ptolemy.moml.MoMLSimpleApplication@7997b825
----------------- Done invoking toplevel() on ptolemy.moml.MoMLSimpleApplication@7997b825
reloadAllAccessors: .WidthTestWithSubscriberPublisher2

===========================================================================================
----------------- testing Fri Jun 08 20:27:22 UTC 2018 /home/travis/build/icyphy/ptII/ptolemy/actor/lib/test/auto/WidthTestWithSubscriberPublisher3.xml
----------------- Instantiating /home/travis/build/icyphy/ptII/ptolemy/actor/lib/test/auto/WidthTestWithSubscriberPublisher3.xml
1 ms. Memory: 1785856K Free: 838993K (47%)
----------------- Invoking toplevel() on ptolemy.moml.MoMLSimpleApplication@239af7c4
----------------- Done invoking toplevel() on ptolemy.moml.MoMLSimpleApplication@239af7c4
reloadAllAccessors: .WidthTestWithSubscriberPublisher3

===========================================================================================
----------------- testing Fri Jun 08 20:27:22 UTC 2018 /home/travis/build/icyphy/ptII/ptolemy/actor/lib/test/auto/Writer.xml
----------------- Instantiating /home/travis/build/icyphy/ptII/ptolemy/actor/lib/test/auto/Writer.xml
0
1
2
3
4
1 ms. Memory: 1785856K Free: 812942K (46%)
----------------- Invoking toplevel() on ptolemy.moml.MoMLSimpleApplication@2ef48cef
----------------- Done invoking toplevel() on ptolemy.moml.MoMLSimpleApplication@2ef48cef
reloadAllAccessors: .Writer

===========================================================================================
----------------- testing Fri Jun 08 20:27:22 UTC 2018 /home/travis/build/icyphy/ptII/ptolemy/actor/lib/test/auto/array.xml
----------------- Instantiating /home/travis/build/icyphy/ptII/ptolemy/actor/lib/test/auto/array.xml
1 ms. Memory: 1785856K Free: 786892K (44%)
----------------- Invoking toplevel() on ptolemy.moml.MoMLSimpleApplication@464edd81
----------------- Done invoking toplevel() on ptolemy.moml.MoMLSimpleApplication@464edd81
reloadAllAccessors: .array

===========================================================================================
----------------- testing Fri Jun 08 20:27:22 UTC 2018 /home/travis/build/icyphy/ptII/ptolemy/actor/lib/test/auto/array2.xml
----------------- Instantiating /home/travis/build/icyphy/ptII/ptolemy/actor/lib/test/auto/array2.xml
6 ms. Memory: 1785856K Free: 764651K (43%)
----------------- Invoking toplevel() on ptolemy.moml.MoMLSimpleApplication@e758f3e
----------------- Done invoking toplevel() on ptolemy.moml.MoMLSimpleApplication@e758f3e
reloadAllAccessors: .array2

===========================================================================================
----------------- testing Fri Jun 08 20:27:22 UTC 2018 /home/travis/build/icyphy/ptII/ptolemy/actor/lib/test/auto/arrayType.xml
----------------- Instantiating /home/travis/build/icyphy/ptII/ptolemy/actor/lib/test/auto/arrayType.xml
1 ms. Memory: 1785856K Free: 738600K (41%)
----------------- Invoking toplevel() on ptolemy.moml.MoMLSimpleApplication@362f3d46
----------------- Done invoking toplevel() on ptolemy.moml.MoMLSimpleApplication@362f3d46
reloadAllAccessors: .arrayType

===========================================================================================
----------------- testing Fri Jun 08 20:27:23 UTC 2018 /home/travis/build/icyphy/ptII/ptolemy/actor/lib/test/auto/arrayType10.xml
----------------- Instantiating /home/travis/build/icyphy/ptII/ptolemy/actor/lib/test/auto/arrayType10.xml
1 ms. Memory: 1785856K Free: 712550K (40%)
----------------- Invoking toplevel() on ptolemy.moml.MoMLSimpleApplication@6ea6bbf3
----------------- Done invoking toplevel() on ptolemy.moml.MoMLSimpleApplication@6ea6bbf3
reloadAllAccessors: .arrayType10

===========================================================================================
----------------- testing Fri Jun 08 20:27:23 UTC 2018 /home/travis/build/icyphy/ptII/ptolemy/actor/lib/test/auto/arrayType11.xml
----------------- Instantiating /home/travis/build/icyphy/ptII/ptolemy/actor/lib/test/auto/arrayType11.xml
1 ms. Memory: 1785856K Free: 690309K (39%)
----------------- Invoking toplevel() on ptolemy.moml.MoMLSimpleApplication@85eb335
----------------- Done invoking toplevel() on ptolemy.moml.MoMLSimpleApplication@85eb335
reloadAllAccessors: .arrayType11

===========================================================================================
----------------- testing Fri Jun 08 20:27:23 UTC 2018 /home/travis/build/icyphy/ptII/ptolemy/actor/lib/test/auto/arrayType12.xml
----------------- Instantiating /home/travis/build/icyphy/ptII/ptolemy/actor/lib/test/auto/arrayType12.xml
1 ms. Memory: 1785856K Free: 664258K (37%)
----------------- Invoking toplevel() on ptolemy.moml.MoMLSimpleApplication@612e9810
----------------- Done invoking toplevel() on ptolemy.moml.MoMLSimpleApplication@612e9810
reloadAllAccessors: .arrayType12

===========================================================================================
----------------- testing Fri Jun 08 20:27:23 UTC 2018 /home/travis/build/icyphy/ptII/ptolemy/actor/lib/test/auto/arrayType13.xml
----------------- Instantiating /home/travis/build/icyphy/ptII/ptolemy/actor/lib/test/auto/arrayType13.xml
2 ms. Memory: 1785856K Free: 638208K (36%)
----------------- Invoking toplevel() on ptolemy.moml.MoMLSimpleApplication@727c9a4e
----------------- Done invoking toplevel() on ptolemy.moml.MoMLSimpleApplication@727c9a4e
reloadAllAccessors: .arrayType13

===========================================================================================
----------------- testing Fri Jun 08 20:27:23 UTC 2018 /home/travis/build/icyphy/ptII/ptolemy/actor/lib/test/auto/arrayType14.xml
----------------- Instantiating /home/travis/build/icyphy/ptII/ptolemy/actor/lib/test/auto/arrayType14.xml
1 ms. Memory: 1785856K Free: 615967K (34%)
----------------- Invoking toplevel() on ptolemy.moml.MoMLSimpleApplication@7032d231
----------------- Done invoking toplevel() on ptolemy.moml.MoMLSimpleApplication@7032d231
reloadAllAccessors: .arrayType14

===========================================================================================
----------------- testing Fri Jun 08 20:27:23 UTC 2018 /home/travis/build/icyphy/ptII/ptolemy/actor/lib/test/auto/arrayType15.xml
----------------- Instantiating /home/travis/build/icyphy/ptII/ptolemy/actor/lib/test/auto/arrayType15.xml
1 ms. Memory: 1785856K Free: 589917K (33%)
----------------- Invoking toplevel() on ptolemy.moml.MoMLSimpleApplication@73355c44
----------------- Done invoking toplevel() on ptolemy.moml.MoMLSimpleApplication@73355c44
reloadAllAccessors: .arrayType15

===========================================================================================
----------------- testing Fri Jun 08 20:27:23 UTC 2018 /home/travis/build/icyphy/ptII/ptolemy/actor/lib/test/auto/arrayType16.xml
----------------- Instantiating /home/travis/build/icyphy/ptII/ptolemy/actor/lib/test/auto/arrayType16.xml
1 ms. Memory: 1785856K Free: 563866K (32%)
----------------- Invoking toplevel() on ptolemy.moml.MoMLSimpleApplication@484baf40
----------------- Done invoking toplevel() on ptolemy.moml.MoMLSimpleApplication@484baf40
reloadAllAccessors: .arrayType16

===========================================================================================
----------------- testing Fri Jun 08 20:27:23 UTC 2018 /home/travis/build/icyphy/ptII/ptolemy/actor/lib/test/auto/arrayType17.xml
----------------- Instantiating /home/travis/build/icyphy/ptII/ptolemy/actor/lib/test/auto/arrayType17.xml
1 ms. Memory: 1785856K Free: 541625K (30%)
----------------- Invoking toplevel() on ptolemy.moml.MoMLSimpleApplication@7a6dce99
----------------- Done invoking toplevel() on ptolemy.moml.MoMLSimpleApplication@7a6dce99
reloadAllAccessors: .arrayType17

===========================================================================================
----------------- testing Fri Jun 08 20:27:23 UTC 2018 /home/travis/build/icyphy/ptII/ptolemy/actor/lib/test/auto/arrayType18.xml
----------------- Instantiating /home/travis/build/icyphy/ptII/ptolemy/actor/lib/test/auto/arrayType18.xml
1 ms. Memory: 1785856K Free: 515575K (29%)
----------------- Invoking toplevel() on ptolemy.moml.MoMLSimpleApplication@2919dd3a
----------------- Done invoking toplevel() on ptolemy.moml.MoMLSimpleApplication@2919dd3a
reloadAllAccessors: .arrayType18

===========================================================================================
----------------- testing Fri Jun 08 20:27:23 UTC 2018 /home/travis/build/icyphy/ptII/ptolemy/actor/lib/test/auto/arrayType19.xml
----------------- Instantiating /home/travis/build/icyphy/ptII/ptolemy/actor/lib/test/auto/arrayType19.xml
1 ms. Memory: 1785856K Free: 489524K (27%)
----------------- Invoking toplevel() on ptolemy.moml.MoMLSimpleApplication@de6097e
----------------- Done invoking toplevel() on ptolemy.moml.MoMLSimpleApplication@de6097e
reloadAllAccessors: .arrayType19

===========================================================================================
----------------- testing Fri Jun 08 20:27:23 UTC 2018 /home/travis/build/icyphy/ptII/ptolemy/actor/lib/test/auto/arrayType2.xml
----------------- Instantiating /home/travis/build/icyphy/ptII/ptolemy/actor/lib/test/auto/arrayType2.xml
2 ms. Memory: 1785856K Free: 467283K (26%)
----------------- Invoking toplevel() on ptolemy.moml.MoMLSimpleApplication@66f2d67b
----------------- Done invoking toplevel() on ptolemy.moml.MoMLSimpleApplication@66f2d67b
reloadAllAccessors: .arrayType2

===========================================================================================
----------------- testing Fri Jun 08 20:27:23 UTC 2018 /home/travis/build/icyphy/ptII/ptolemy/actor/lib/test/auto/arrayType20.xml
----------------- Instantiating /home/travis/build/icyphy/ptII/ptolemy/actor/lib/test/auto/arrayType20.xml
1 ms. Memory: 1785856K Free: 441233K (25%)
----------------- Invoking toplevel() on ptolemy.moml.MoMLSimpleApplication@75411
----------------- Done invoking toplevel() on ptolemy.moml.MoMLSimpleApplication@75411
reloadAllAccessors: .arrayType20

===========================================================================================
----------------- testing Fri Jun 08 20:27:23 UTC 2018 /home/travis/build/icyphy/ptII/ptolemy/actor/lib/test/auto/arrayType21.xml
----------------- Instantiating /home/travis/build/icyphy/ptII/ptolemy/actor/lib/test/auto/arrayType21.xml
1 ms. Memory: 1785856K Free: 415182K (23%)
----------------- Invoking toplevel() on ptolemy.moml.MoMLSimpleApplication@665dcff3
----------------- Done invoking toplevel() on ptolemy.moml.MoMLSimpleApplication@665dcff3
reloadAllAccessors: .arrayType21

===========================================================================================
----------------- testing Fri Jun 08 20:27:23 UTC 2018 /home/travis/build/icyphy/ptII/ptolemy/actor/lib/test/auto/arrayType22.xml
----------------- Instantiating /home/travis/build/icyphy/ptII/ptolemy/actor/lib/test/auto/arrayType22.xml
1 ms. Memory: 1785856K Free: 392941K (22%)
----------------- Invoking toplevel() on ptolemy.moml.MoMLSimpleApplication@1de11442
----------------- Done invoking toplevel() on ptolemy.moml.MoMLSimpleApplication@1de11442
reloadAllAccessors: .arrayType22

===========================================================================================
----------------- testing Fri Jun 08 20:27:23 UTC 2018 /home/travis/build/icyphy/ptII/ptolemy/actor/lib/test/auto/arrayType23.xml
----------------- Instantiating /home/travis/build/icyphy/ptII/ptolemy/actor/lib/test/auto/arrayType23.xml
1 ms. Memory: 1785856K Free: 366891K (21%)
----------------- Invoking toplevel() on ptolemy.moml.MoMLSimpleApplication@3412ad9
----------------- Done invoking toplevel() on ptolemy.moml.MoMLSimpleApplication@3412ad9
reloadAllAccessors: .arrayType23

===========================================================================================
----------------- testing Fri Jun 08 20:27:23 UTC 2018 /home/travis/build/icyphy/ptII/ptolemy/actor/lib/test/auto/arrayType24.xml
----------------- Instantiating /home/travis/build/icyphy/ptII/ptolemy/actor/lib/test/auto/arrayType24.xml
1 ms. Memory: 1785856K Free: 340840K (19%)
----------------- Invoking toplevel() on ptolemy.moml.MoMLSimpleApplication@63eea0be
----------------- Done invoking toplevel() on ptolemy.moml.MoMLSimpleApplication@63eea0be
reloadAllAccessors: .arrayType24

===========================================================================================
----------------- testing Fri Jun 08 20:27:23 UTC 2018 /home/travis/build/icyphy/ptII/ptolemy/actor/lib/test/auto/arrayType25.xml
----------------- Instantiating /home/travis/build/icyphy/ptII/ptolemy/actor/lib/test/auto/arrayType25.xml
1 ms. Memory: 1785856K Free: 318599K (18%)
----------------- Invoking toplevel() on ptolemy.moml.MoMLSimpleApplication@7f2e186c
----------------- Done invoking toplevel() on ptolemy.moml.MoMLSimpleApplication@7f2e186c
reloadAllAccessors: .arrayType25

===========================================================================================
----------------- testing Fri Jun 08 20:27:23 UTC 2018 /home/travis/build/icyphy/ptII/ptolemy/actor/lib/test/auto/arrayType26.xml
----------------- Instantiating /home/travis/build/icyphy/ptII/ptolemy/actor/lib/test/auto/arrayType26.xml
1 ms. Memory: 1785856K Free: 292549K (16%)
----------------- Invoking toplevel() on ptolemy.moml.MoMLSimpleApplication@108ee544
----------------- Done invoking toplevel() on ptolemy.moml.MoMLSimpleApplication@108ee544
reloadAllAccessors: .arrayType26

===========================================================================================
----------------- testing Fri Jun 08 20:27:23 UTC 2018 /home/travis/build/icyphy/ptII/ptolemy/actor/lib/test/auto/arrayType27.xml
----------------- Instantiating /home/travis/build/icyphy/ptII/ptolemy/actor/lib/test/auto/arrayType27.xml
1 ms. Memory: 1785856K Free: 266498K (15%)
----------------- Invoking toplevel() on ptolemy.moml.MoMLSimpleApplication@409eae4f
----------------- Done invoking toplevel() on ptolemy.moml.MoMLSimpleApplication@409eae4f
reloadAllAccessors: .arrayType27

===========================================================================================
----------------- testing Fri Jun 08 20:27:23 UTC 2018 /home/travis/build/icyphy/ptII/ptolemy/actor/lib/test/auto/arrayType28.xml
----------------- Instantiating /home/travis/build/icyphy/ptII/ptolemy/actor/lib/test/auto/arrayType28.xml
1 ms. Memory: 1785856K Free: 244257K (14%)
----------------- Invoking toplevel() on ptolemy.moml.MoMLSimpleApplication@2233fa2c
----------------- Done invoking toplevel() on ptolemy.moml.MoMLSimpleApplication@2233fa2c
reloadAllAccessors: .arrayType28

===========================================================================================
----------------- testing Fri Jun 08 20:27:23 UTC 2018 /home/travis/build/icyphy/ptII/ptolemy/actor/lib/test/auto/arrayType3.xml
----------------- Instantiating /home/travis/build/icyphy/ptII/ptolemy/actor/lib/test/auto/arrayType3.xml
2 ms. Memory: 1785856K Free: 218207K (12%)
----------------- Invoking toplevel() on ptolemy.moml.MoMLSimpleApplication@7426648e
----------------- Done invoking toplevel() on ptolemy.moml.MoMLSimpleApplication@7426648e
reloadAllAccessors: .arrayType3

===========================================================================================
----------------- testing Fri Jun 08 20:27:23 UTC 2018 /home/travis/build/icyphy/ptII/ptolemy/actor/lib/test/auto/arrayType4.xml
----------------- Instantiating /home/travis/build/icyphy/ptII/ptolemy/actor/lib/test/auto/arrayType4.xml
1 ms. Memory: 1785856K Free: 192156K (11%)
----------------- Invoking toplevel() on ptolemy.moml.MoMLSimpleApplication@3c1dd446
----------------- Done invoking toplevel() on ptolemy.moml.MoMLSimpleApplication@3c1dd446
reloadAllAccessors: .arrayType4

===========================================================================================
----------------- testing Fri Jun 08 20:27:23 UTC 2018 /home/travis/build/icyphy/ptII/ptolemy/actor/lib/test/auto/arrayType5.xml
----------------- Instantiating /home/travis/build/icyphy/ptII/ptolemy/actor/lib/test/auto/arrayType5.xml
1 ms. Memory: 1785856K Free: 169915K (10%)
----------------- Invoking toplevel() on ptolemy.moml.MoMLSimpleApplication@318b2606
----------------- Done invoking toplevel() on ptolemy.moml.MoMLSimpleApplication@318b2606
reloadAllAccessors: .arrayType5

===========================================================================================
----------------- testing Fri Jun 08 20:27:23 UTC 2018 /home/travis/build/icyphy/ptII/ptolemy/actor/lib/test/auto/arrayType6.xml
----------------- Instantiating /home/travis/build/icyphy/ptII/ptolemy/actor/lib/test/auto/arrayType6.xml
1 ms. Memory: 1785856K Free: 143864K (8%)
----------------- Invoking toplevel() on ptolemy.moml.MoMLSimpleApplication@72601d57
----------------- Done invoking toplevel() on ptolemy.moml.MoMLSimpleApplication@72601d57
reloadAllAccessors: .arrayType6

===========================================================================================
----------------- testing Fri Jun 08 20:27:23 UTC 2018 /home/travis/build/icyphy/ptII/ptolemy/actor/lib/test/auto/arrayType7.xml
----------------- Instantiating /home/travis/build/icyphy/ptII/ptolemy/actor/lib/test/auto/arrayType7.xml
2 ms. Memory: 1785856K Free: 117814K (7%)
----------------- Invoking toplevel() on ptolemy.moml.MoMLSimpleApplication@5d08768b
----------------- Done invoking toplevel() on ptolemy.moml.MoMLSimpleApplication@5d08768b
reloadAllAccessors: .arrayType7

===========================================================================================
----------------- testing Fri Jun 08 20:27:23 UTC 2018 /home/travis/build/icyphy/ptII/ptolemy/actor/lib/test/auto/arrayType8.xml
----------------- Instantiating /home/travis/build/icyphy/ptII/ptolemy/actor/lib/test/auto/arrayType8.xml
1 ms. Memory: 1785856K Free: 95573K (5%)
----------------- Invoking toplevel() on ptolemy.moml.MoMLSimpleApplication@3923f562
----------------- Done invoking toplevel() on ptolemy.moml.MoMLSimpleApplication@3923f562
reloadAllAccessors: .arrayType8

===========================================================================================
----------------- testing Fri Jun 08 20:27:23 UTC 2018 /home/travis/build/icyphy/ptII/ptolemy/actor/lib/test/auto/arrayType9.xml
----------------- Instantiating /home/travis/build/icyphy/ptII/ptolemy/actor/lib/test/auto/arrayType9.xml
1 ms. Memory: 1785856K Free: 77695K (4%)
----------------- Invoking toplevel() on ptolemy.moml.MoMLSimpleApplication@4f2e636
----------------- Done invoking toplevel() on ptolemy.moml.MoMLSimpleApplication@4f2e636
reloadAllAccessors: .arrayType9

===========================================================================================
----------------- testing Fri Jun 08 20:27:23 UTC 2018 /home/travis/build/icyphy/ptII/ptolemy/actor/lib/test/auto/cast.xml
----------------- Instantiating /home/travis/build/icyphy/ptII/ptolemy/actor/lib/test/auto/cast.xml
2 ms. Memory: 1786368K Free: 1709297K (96%)
----------------- Invoking toplevel() on ptolemy.moml.MoMLSimpleApplication@3ca7dd62
----------------- Done invoking toplevel() on ptolemy.moml.MoMLSimpleApplication@3ca7dd62
reloadAllAccessors: .cast

===========================================================================================
----------------- testing Fri Jun 08 20:27:23 UTC 2018 /home/travis/build/icyphy/ptII/ptolemy/actor/lib/test/auto/compositeMultiPort.xml
----------------- Instantiating /home/travis/build/icyphy/ptII/ptolemy/actor/lib/test/auto/compositeMultiPort.xml
3 ms. Memory: 1786368K Free: 1687022K (94%)
----------------- Invoking toplevel() on ptolemy.moml.MoMLSimpleApplication@5391062d
----------------- Done invoking toplevel() on ptolemy.moml.MoMLSimpleApplication@5391062d
reloadAllAccessors: .compositeMultiPort

===========================================================================================
----------------- testing Fri Jun 08 20:27:23 UTC 2018 /home/travis/build/icyphy/ptII/ptolemy/actor/lib/test/auto/expressionCastInference.xml
----------------- Instantiating /home/travis/build/icyphy/ptII/ptolemy/actor/lib/test/auto/expressionCastInference.xml
2 ms. Memory: 1786368K Free: 1661088K (93%)
----------------- Invoking toplevel() on ptolemy.moml.MoMLSimpleApplication@4d054bd2
----------------- Done invoking toplevel() on ptolemy.moml.MoMLSimpleApplication@4d054bd2
reloadAllAccessors: .expressionCastInference

===========================================================================================
----------------- testing Fri Jun 08 20:27:23 UTC 2018 /home/travis/build/icyphy/ptII/ptolemy/actor/lib/test/auto/expressionCastInference2.xml
----------------- Instantiating /home/travis/build/icyphy/ptII/ptolemy/actor/lib/test/auto/expressionCastInference2.xml
1 ms. Memory: 1786368K Free: 1635156K (92%)
----------------- Invoking toplevel() on ptolemy.moml.MoMLSimpleApplication@25d646ca
----------------- Done invoking toplevel() on ptolemy.moml.MoMLSimpleApplication@25d646ca
reloadAllAccessors: .expressionCastInference2

===========================================================================================
----------------- testing Fri Jun 08 20:27:23 UTC 2018 /home/travis/build/icyphy/ptII/ptolemy/actor/lib/test/auto/expressionInference.xml
----------------- Instantiating /home/travis/build/icyphy/ptII/ptolemy/actor/lib/test/auto/expressionInference.xml
1 ms. Memory: 1786368K Free: 1609223K (90%)
----------------- Invoking toplevel() on ptolemy.moml.MoMLSimpleApplication@7fe0801e
----------------- Done invoking toplevel() on ptolemy.moml.MoMLSimpleApplication@7fe0801e
reloadAllAccessors: .expressionInference

===========================================================================================
----------------- testing Fri Jun 08 20:27:23 UTC 2018 /home/travis/build/icyphy/ptII/ptolemy/actor/lib/test/auto/expression_bug.xml
----------------- Instantiating /home/travis/build/icyphy/ptII/ptolemy/actor/lib/test/auto/expression_bug.xml
1 ms. Memory: 1786368K Free: 1586947K (89%)
----------------- Invoking toplevel() on ptolemy.moml.MoMLSimpleApplication@60f97992
----------------- Done invoking toplevel() on ptolemy.moml.MoMLSimpleApplication@60f97992
reloadAllAccessors: .expression_bug

===========================================================================================
----------------- testing Fri Jun 08 20:27:23 UTC 2018 /home/travis/build/icyphy/ptII/ptolemy/actor/lib/test/auto/factorial.xml
----------------- Instantiating /home/travis/build/icyphy/ptII/ptolemy/actor/lib/test/auto/factorial.xml
23 ms. Memory: 1786368K Free: 1560988K (87%)
----------------- Invoking toplevel() on ptolemy.moml.MoMLSimpleApplication@113e8880
----------------- Done invoking toplevel() on ptolemy.moml.MoMLSimpleApplication@113e8880
reloadAllAccessors: .factorial

===========================================================================================
----------------- testing Fri Jun 08 20:27:23 UTC 2018 /home/travis/build/icyphy/ptII/ptolemy/actor/lib/test/auto/filterTest1.xml
----------------- Instantiating /home/travis/build/icyphy/ptII/ptolemy/actor/lib/test/auto/filterTest1.xml
3 ms. Memory: 1786368K Free: 1535056K (86%)
----------------- Invoking toplevel() on ptolemy.moml.MoMLSimpleApplication@1cfb38c6
----------------- Done invoking toplevel() on ptolemy.moml.MoMLSimpleApplication@1cfb38c6
reloadAllAccessors: .filterTest1

===========================================================================================
----------------- testing Fri Jun 08 20:27:23 UTC 2018 /home/travis/build/icyphy/ptII/ptolemy/actor/lib/test/auto/funcApplyInConst.xml
----------------- Instantiating /home/travis/build/icyphy/ptII/ptolemy/actor/lib/test/auto/funcApplyInConst.xml
1 ms. Memory: 1786368K Free: 1512780K (85%)
----------------- Invoking toplevel() on ptolemy.moml.MoMLSimpleApplication@35d6e2a5
----------------- Done invoking toplevel() on ptolemy.moml.MoMLSimpleApplication@35d6e2a5
reloadAllAccessors: .funcApplyInConst

===========================================================================================
----------------- testing Fri Jun 08 20:27:23 UTC 2018 /home/travis/build/icyphy/ptII/ptolemy/actor/lib/test/auto/funcApplyInExpr.xml
----------------- Instantiating /home/travis/build/icyphy/ptII/ptolemy/actor/lib/test/auto/funcApplyInExpr.xml
1 ms. Memory: 1786368K Free: 1486847K (83%)
----------------- Invoking toplevel() on ptolemy.moml.MoMLSimpleApplication@79070114
----------------- Done invoking toplevel() on ptolemy.moml.MoMLSimpleApplication@79070114
reloadAllAccessors: .funcApplyInExpr

===========================================================================================
----------------- testing Fri Jun 08 20:27:23 UTC 2018 /home/travis/build/icyphy/ptII/ptolemy/actor/lib/test/auto/function.xml
----------------- Instantiating /home/travis/build/icyphy/ptII/ptolemy/actor/lib/test/auto/function.xml
3 ms. Memory: 1786368K Free: 1460915K (82%)
----------------- Invoking toplevel() on ptolemy.moml.MoMLSimpleApplication@6a3df352
----------------- Done invoking toplevel() on ptolemy.moml.MoMLSimpleApplication@6a3df352
reloadAllAccessors: .function

===========================================================================================
----------------- testing Fri Jun 08 20:27:23 UTC 2018 /home/travis/build/icyphy/ptII/ptolemy/actor/lib/test/auto/function2.xml
----------------- Instantiating /home/travis/build/icyphy/ptII/ptolemy/actor/lib/test/auto/function2.xml
2 ms. Memory: 1786368K Free: 1438639K (81%)
----------------- Invoking toplevel() on ptolemy.moml.MoMLSimpleApplication@5ae9da3a
----------------- Done invoking toplevel() on ptolemy.moml.MoMLSimpleApplication@5ae9da3a
reloadAllAccessors: .function2

===========================================================================================
----------------- testing Fri Jun 08 20:27:23 UTC 2018 /home/travis/build/icyphy/ptII/ptolemy/actor/lib/test/auto/function3.xml
----------------- Instantiating /home/travis/build/icyphy/ptII/ptolemy/actor/lib/test/auto/function3.xml
1 ms. Memory: 1786368K Free: 1412706K (79%)
----------------- Invoking toplevel() on ptolemy.moml.MoMLSimpleApplication@61b6f745
----------------- Done invoking toplevel() on ptolemy.moml.MoMLSimpleApplication@61b6f745
reloadAllAccessors: .function3

===========================================================================================
----------------- testing Fri Jun 08 20:27:23 UTC 2018 /home/travis/build/icyphy/ptII/ptolemy/actor/lib/test/auto/functionClosureTest1.xml
----------------- Instantiating /home/travis/build/icyphy/ptII/ptolemy/actor/lib/test/auto/functionClosureTest1.xml
2 ms. Memory: 1786368K Free: 1386773K (78%)
----------------- Invoking toplevel() on ptolemy.moml.MoMLSimpleApplication@3c383b1f
----------------- Done invoking toplevel() on ptolemy.moml.MoMLSimpleApplication@3c383b1f
reloadAllAccessors: .functionClosureTest1

===========================================================================================
----------------- testing Fri Jun 08 20:27:23 UTC 2018 /home/travis/build/icyphy/ptII/ptolemy/actor/lib/test/auto/functionClosureTest2.xml
----------------- Instantiating /home/travis/build/icyphy/ptII/ptolemy/actor/lib/test/auto/functionClosureTest2.xml
1 ms. Memory: 1786368K Free: 1360840K (76%)
----------------- Invoking toplevel() on ptolemy.moml.MoMLSimpleApplication@5fb4d6d8
----------------- Done invoking toplevel() on ptolemy.moml.MoMLSimpleApplication@5fb4d6d8
reloadAllAccessors: .functionClosureTest2

===========================================================================================
----------------- testing Fri Jun 08 20:27:23 UTC 2018 /home/travis/build/icyphy/ptII/ptolemy/actor/lib/test/auto/functionClosureTest3.xml
----------------- Instantiating /home/travis/build/icyphy/ptII/ptolemy/actor/lib/test/auto/functionClosureTest3.xml
2 ms. Memory: 1786368K Free: 1338565K (75%)
----------------- Invoking toplevel() on ptolemy.moml.MoMLSimpleApplication@537de992
----------------- Done invoking toplevel() on ptolemy.moml.MoMLSimpleApplication@537de992
reloadAllAccessors: .functionClosureTest3

===========================================================================================
----------------- testing Fri Jun 08 20:27:23 UTC 2018 /home/travis/build/icyphy/ptII/ptolemy/actor/lib/test/auto/functionClosureTest4.xml
----------------- Instantiating /home/travis/build/icyphy/ptII/ptolemy/actor/lib/test/auto/functionClosureTest4.xml
3 ms. Memory: 1786368K Free: 1312632K (73%)
----------------- Invoking toplevel() on ptolemy.moml.MoMLSimpleApplication@3a01db20
----------------- Done invoking toplevel() on ptolemy.moml.MoMLSimpleApplication@3a01db20
reloadAllAccessors: .functionClosureTest4

===========================================================================================
----------------- testing Fri Jun 08 20:27:23 UTC 2018 /home/travis/build/icyphy/ptII/ptolemy/actor/lib/test/auto/functionClosureTest5.xml
----------------- Instantiating /home/travis/build/icyphy/ptII/ptolemy/actor/lib/test/auto/functionClosureTest5.xml
2 ms. Memory: 1786368K Free: 1286699K (72%)
----------------- Invoking toplevel() on ptolemy.moml.MoMLSimpleApplication@13569df7
----------------- Done invoking toplevel() on ptolemy.moml.MoMLSimpleApplication@13569df7
reloadAllAccessors: .functionClosureTest5

===========================================================================================
----------------- testing Fri Jun 08 20:27:23 UTC 2018 /home/travis/build/icyphy/ptII/ptolemy/actor/lib/test/auto/functionClosureTest6.xml
----------------- Instantiating /home/travis/build/icyphy/ptII/ptolemy/actor/lib/test/auto/functionClosureTest6.xml
1 ms. Memory: 1786368K Free: 1264424K (71%)
----------------- Invoking toplevel() on ptolemy.moml.MoMLSimpleApplication@5299c1fc
----------------- Done invoking toplevel() on ptolemy.moml.MoMLSimpleApplication@5299c1fc
reloadAllAccessors: .functionClosureTest6

===========================================================================================
----------------- testing Fri Jun 08 20:27:23 UTC 2018 /home/travis/build/icyphy/ptII/ptolemy/actor/lib/test/auto/functionsOnArcs.xml
----------------- Instantiating /home/travis/build/icyphy/ptII/ptolemy/actor/lib/test/auto/functionsOnArcs.xml
2 ms. Memory: 1786368K Free: 1238491K (69%)
----------------- Invoking toplevel() on ptolemy.moml.MoMLSimpleApplication@227aeda5
----------------- Done invoking toplevel() on ptolemy.moml.MoMLSimpleApplication@227aeda5
reloadAllAccessors: .functionsOnArcs

===========================================================================================
----------------- testing Fri Jun 08 20:27:23 UTC 2018 /home/travis/build/icyphy/ptII/ptolemy/actor/lib/test/auto/functionsOnArcsHOF.xml
----------------- Instantiating /home/travis/build/icyphy/ptII/ptolemy/actor/lib/test/auto/functionsOnArcsHOF.xml
6 ms. Memory: 1786368K Free: 1212558K (68%)
----------------- Invoking toplevel() on ptolemy.moml.MoMLSimpleApplication@54764726
----------------- Done invoking toplevel() on ptolemy.moml.MoMLSimpleApplication@54764726
reloadAllAccessors: .functionsOnArcsHOF

===========================================================================================
----------------- testing Fri Jun 08 20:27:23 UTC 2018 /home/travis/build/icyphy/ptII/ptolemy/actor/lib/test/auto/logic.xml
----------------- Instantiating /home/travis/build/icyphy/ptII/ptolemy/actor/lib/test/auto/logic.xml
1 ms. Memory: 1786368K Free: 1186625K (66%)
----------------- Invoking toplevel() on ptolemy.moml.MoMLSimpleApplication@c4119ef
----------------- Done invoking toplevel() on ptolemy.moml.MoMLSimpleApplication@c4119ef
reloadAllAccessors: .logic

===========================================================================================
----------------- testing Fri Jun 08 20:27:23 UTC 2018 /home/travis/build/icyphy/ptII/ptolemy/actor/lib/test/auto/matrixType.xml
----------------- Instantiating /home/travis/build/icyphy/ptII/ptolemy/actor/lib/test/auto/matrixType.xml
2 ms. Memory: 1786368K Free: 1164349K (65%)
----------------- Invoking toplevel() on ptolemy.moml.MoMLSimpleApplication@42d417e7
----------------- Done invoking toplevel() on ptolemy.moml.MoMLSimpleApplication@42d417e7
reloadAllAccessors: .matrixType

===========================================================================================
----------------- testing Fri Jun 08 20:27:23 UTC 2018 /home/travis/build/icyphy/ptII/ptolemy/actor/lib/test/auto/matrixType10.xml
----------------- Instantiating /home/travis/build/icyphy/ptII/ptolemy/actor/lib/test/auto/matrixType10.xml
1 ms. Memory: 1786368K Free: 1138417K (64%)
----------------- Invoking toplevel() on ptolemy.moml.MoMLSimpleApplication@27df6eba
----------------- Done invoking toplevel() on ptolemy.moml.MoMLSimpleApplication@27df6eba
reloadAllAccessors: .matrixType10

===========================================================================================
----------------- testing Fri Jun 08 20:27:23 UTC 2018 /home/travis/build/icyphy/ptII/ptolemy/actor/lib/test/auto/matrixType11.xml
----------------- Instantiating /home/travis/build/icyphy/ptII/ptolemy/actor/lib/test/auto/matrixType11.xml
1 ms. Memory: 1786368K Free: 1112484K (62%)
----------------- Invoking toplevel() on ptolemy.moml.MoMLSimpleApplication@5f6bdef0
----------------- Done invoking toplevel() on ptolemy.moml.MoMLSimpleApplication@5f6bdef0
reloadAllAccessors: .matrixType11

===========================================================================================
----------------- testing Fri Jun 08 20:27:23 UTC 2018 /home/travis/build/icyphy/ptII/ptolemy/actor/lib/test/auto/matrixType12.xml
----------------- Instantiating /home/travis/build/icyphy/ptII/ptolemy/actor/lib/test/auto/matrixType12.xml
1 ms. Memory: 1786368K Free: 1090208K (61%)
----------------- Invoking toplevel() on ptolemy.moml.MoMLSimpleApplication@2b75e802
----------------- Done invoking toplevel() on ptolemy.moml.MoMLSimpleApplication@2b75e802
reloadAllAccessors: .matrixType12

===========================================================================================
----------------- testing Fri Jun 08 20:27:23 UTC 2018 /home/travis/build/icyphy/ptII/ptolemy/actor/lib/test/auto/matrixType13.xml
----------------- Instantiating /home/travis/build/icyphy/ptII/ptolemy/actor/lib/test/auto/matrixType13.xml
1 ms. Memory: 1786368K Free: 1064275K (60%)
----------------- Invoking toplevel() on ptolemy.moml.MoMLSimpleApplication@6d545a5
----------------- Done invoking toplevel() on ptolemy.moml.MoMLSimpleApplication@6d545a5
reloadAllAccessors: .matrixType13

===========================================================================================
----------------- testing Fri Jun 08 20:27:23 UTC 2018 /home/travis/build/icyphy/ptII/ptolemy/actor/lib/test/auto/matrixType14.xml
----------------- Instantiating /home/travis/build/icyphy/ptII/ptolemy/actor/lib/test/auto/matrixType14.xml
1 ms. Memory: 1786368K Free: 1038342K (58%)
----------------- Invoking toplevel() on ptolemy.moml.MoMLSimpleApplication@6f6aee44
----------------- Done invoking toplevel() on ptolemy.moml.MoMLSimpleApplication@6f6aee44
reloadAllAccessors: .matrixType14

===========================================================================================
----------------- testing Fri Jun 08 20:27:23 UTC 2018 /home/travis/build/icyphy/ptII/ptolemy/actor/lib/test/auto/matrixType2.xml
----------------- Instantiating /home/travis/build/icyphy/ptII/ptolemy/actor/lib/test/auto/matrixType2.xml
1 ms. Memory: 1786368K Free: 1012409K (57%)
----------------- Invoking toplevel() on ptolemy.moml.MoMLSimpleApplication@2e7c3032
----------------- Done invoking toplevel() on ptolemy.moml.MoMLSimpleApplication@2e7c3032
reloadAllAccessors: .matrixType2

===========================================================================================
----------------- testing Fri Jun 08 20:27:23 UTC 2018 /home/travis/build/icyphy/ptII/ptolemy/actor/lib/test/auto/matrixType3.xml
----------------- Instantiating /home/travis/build/icyphy/ptII/ptolemy/actor/lib/test/auto/matrixType3.xml
3 ms. Memory: 1786368K Free: 990134K (55%)
----------------- Invoking toplevel() on ptolemy.moml.MoMLSimpleApplication@55907ce
----------------- Done invoking toplevel() on ptolemy.moml.MoMLSimpleApplication@55907ce
reloadAllAccessors: .matrixType3

===========================================================================================
----------------- testing Fri Jun 08 20:27:23 UTC 2018 /home/travis/build/icyphy/ptII/ptolemy/actor/lib/test/auto/matrixType4.xml
----------------- Instantiating /home/travis/build/icyphy/ptII/ptolemy/actor/lib/test/auto/matrixType4.xml
2 ms. Memory: 1786368K Free: 964201K (54%)
----------------- Invoking toplevel() on ptolemy.moml.MoMLSimpleApplication@4e1a00e1
----------------- Done invoking toplevel() on ptolemy.moml.MoMLSimpleApplication@4e1a00e1
reloadAllAccessors: .matrixType4

===========================================================================================
----------------- testing Fri Jun 08 20:27:23 UTC 2018 /home/travis/build/icyphy/ptII/ptolemy/actor/lib/test/auto/matrixType5.xml
----------------- Instantiating /home/travis/build/icyphy/ptII/ptolemy/actor/lib/test/auto/matrixType5.xml
1 ms. Memory: 1786368K Free: 938268K (53%)
----------------- Invoking toplevel() on ptolemy.moml.MoMLSimpleApplication@23d35d03
----------------- Done invoking toplevel() on ptolemy.moml.MoMLSimpleApplication@23d35d03
reloadAllAccessors: .matrixType5

===========================================================================================
----------------- testing Fri Jun 08 20:27:23 UTC 2018 /home/travis/build/icyphy/ptII/ptolemy/actor/lib/test/auto/matrixType6.xml
----------------- Instantiating /home/travis/build/icyphy/ptII/ptolemy/actor/lib/test/auto/matrixType6.xml
1 ms. Memory: 1786368K Free: 915993K (51%)
----------------- Invoking toplevel() on ptolemy.moml.MoMLSimpleApplication@5b0feda6
----------------- Done invoking toplevel() on ptolemy.moml.MoMLSimpleApplication@5b0feda6
reloadAllAccessors: .matrixType6

===========================================================================================
----------------- testing Fri Jun 08 20:27:23 UTC 2018 /home/travis/build/icyphy/ptII/ptolemy/actor/lib/test/auto/matrixType7.xml
----------------- Instantiating /home/travis/build/icyphy/ptII/ptolemy/actor/lib/test/auto/matrixType7.xml
2 ms. Memory: 1786368K Free: 890060K (50%)
----------------- Invoking toplevel() on ptolemy.moml.MoMLSimpleApplication@14cf4c33
----------------- Done invoking toplevel() on ptolemy.moml.MoMLSimpleApplication@14cf4c33
reloadAllAccessors: .matrixType7

===========================================================================================
----------------- testing Fri Jun 08 20:27:23 UTC 2018 /home/travis/build/icyphy/ptII/ptolemy/actor/lib/test/auto/matrixType8.xml
----------------- Instantiating /home/travis/build/icyphy/ptII/ptolemy/actor/lib/test/auto/matrixType8.xml
1 ms. Memory: 1786368K Free: 864127K (48%)
----------------- Invoking toplevel() on ptolemy.moml.MoMLSimpleApplication@150a4c
----------------- Done invoking toplevel() on ptolemy.moml.MoMLSimpleApplication@150a4c
reloadAllAccessors: .matrixType8

===========================================================================================
----------------- testing Fri Jun 08 20:27:23 UTC 2018 /home/travis/build/icyphy/ptII/ptolemy/actor/lib/test/auto/matrixType9.xml
----------------- Instantiating /home/travis/build/icyphy/ptII/ptolemy/actor/lib/test/auto/matrixType9.xml
1 ms. Memory: 1786368K Free: 838194K (47%)
----------------- Invoking toplevel() on ptolemy.moml.MoMLSimpleApplication@73f9b70b
----------------- Done invoking toplevel() on ptolemy.moml.MoMLSimpleApplication@73f9b70b
reloadAllAccessors: .matrixType9

===========================================================================================
----------------- testing Fri Jun 08 20:27:23 UTC 2018 /home/travis/build/icyphy/ptII/ptolemy/actor/lib/test/auto/paraFunctest.xml
----------------- Instantiating /home/travis/build/icyphy/ptII/ptolemy/actor/lib/test/auto/paraFunctest.xml
1 ms. Memory: 1786368K Free: 815918K (46%)
----------------- Invoking toplevel() on ptolemy.moml.MoMLSimpleApplication@780280fc
----------------- Done invoking toplevel() on ptolemy.moml.MoMLSimpleApplication@780280fc
reloadAllAccessors: .paraFunctest

===========================================================================================
----------------- testing Fri Jun 08 20:27:23 UTC 2018 /home/travis/build/icyphy/ptII/ptolemy/actor/lib/test/auto/paraFunctest2.xml
----------------- Instantiating /home/travis/build/icyphy/ptII/ptolemy/actor/lib/test/auto/paraFunctest2.xml
1 ms. Memory: 1786368K Free: 789985K (44%)
----------------- Invoking toplevel() on ptolemy.moml.MoMLSimpleApplication@5f033ec4
----------------- Done invoking toplevel() on ptolemy.moml.MoMLSimpleApplication@5f033ec4
reloadAllAccessors: .paraFunctest2

===========================================================================================
----------------- testing Fri Jun 08 20:27:23 UTC 2018 /home/travis/build/icyphy/ptII/ptolemy/actor/lib/test/auto/parameterPassing.xml
----------------- Instantiating /home/travis/build/icyphy/ptII/ptolemy/actor/lib/test/auto/parameterPassing.xml
1 ms. Memory: 1786368K Free: 764052K (43%)
----------------- Invoking toplevel() on ptolemy.moml.MoMLSimpleApplication@2f5e8248
----------------- Done invoking toplevel() on ptolemy.moml.MoMLSimpleApplication@2f5e8248
reloadAllAccessors: .parameterPassing

===========================================================================================
----------------- testing Fri Jun 08 20:27:23 UTC 2018 /home/travis/build/icyphy/ptII/ptolemy/actor/lib/test/auto/record.xml
----------------- Instantiating /home/travis/build/icyphy/ptII/ptolemy/actor/lib/test/auto/record.xml
3 ms. Memory: 1786368K Free: 741777K (42%)
----------------- Invoking toplevel() on ptolemy.moml.MoMLSimpleApplication@6e5e5d28
----------------- Done invoking toplevel() on ptolemy.moml.MoMLSimpleApplication@6e5e5d28
reloadAllAccessors: .record

===========================================================================================
----------------- testing Fri Jun 08 20:27:23 UTC 2018 /home/travis/build/icyphy/ptII/ptolemy/actor/lib/test/auto/sizedarray1.xml
----------------- Instantiating /home/travis/build/icyphy/ptII/ptolemy/actor/lib/test/auto/sizedarray1.xml
2 ms. Memory: 1786368K Free: 715844K (40%)
----------------- Invoking toplevel() on ptolemy.moml.MoMLSimpleApplication@69afe46b
----------------- Done invoking toplevel() on ptolemy.moml.MoMLSimpleApplication@69afe46b
reloadAllAccessors: .sizedarray1

===========================================================================================
----------------- testing Fri Jun 08 20:27:23 UTC 2018 /home/travis/build/icyphy/ptII/ptolemy/actor/lib/test/auto/sizedarray2.xml
----------------- Instantiating /home/travis/build/icyphy/ptII/ptolemy/actor/lib/test/auto/sizedarray2.xml
2 ms. Memory: 1786368K Free: 689911K (39%)
----------------- Invoking toplevel() on ptolemy.moml.MoMLSimpleApplication@4d09892c
----------------- Done invoking toplevel() on ptolemy.moml.MoMLSimpleApplication@4d09892c
reloadAllAccessors: .sizedarray2

===========================================================================================
----------------- testing Fri Jun 08 20:27:23 UTC 2018 /home/travis/build/icyphy/ptII/ptolemy/actor/lib/test/auto/twoPublishers.xml
----------------- Instantiating /home/travis/build/icyphy/ptII/ptolemy/actor/lib/test/auto/twoPublishers.xml
2 ms. Memory: 1786368K Free: 663978K (37%)
----------------- Invoking toplevel() on ptolemy.moml.MoMLSimpleApplication@235dbd26
----------------- Done invoking toplevel() on ptolemy.moml.MoMLSimpleApplication@235dbd26
reloadAllAccessors: .twoPublishers
AutoTests.java: About to close Vertx.
AutoTests.java: Vertx closed.
]]></system-out>
  <system-err><![CDATA[java.lang.RuntimeException: Execution failed
	at ptolemy.moml.MoMLSimpleApplication$UnloadThread.run(MoMLSimpleApplication.java:402)
Caused by: java.lang.RuntimeException: Normally, we would exit here because Manager.exitAfterWrapup() was called.  However, because the ptolemy.ptII.exitAfterWrapup property is set, we throw this exception instead.
	at ptolemy.util.StringUtilities.exit(StringUtilities.java:365)
	at ptolemy.actor.Manager.wrapup(Manager.java:1531)
	at ptolemy.actor.Manager.execute(Manager.java:407)
	at ptolemy.actor.Manager.run(Manager.java:1263)
	at ptolemy.actor.Manager$PtolemyRunThread.run(Manager.java:1915)
Warning: '.top.test' is in training mode, set the trainingMode parameter to false before checking in
Warning: '.top.test' is in training mode, set the trainingMode parameter to false before checking in
Warning: '.top.test' is in training mode, set the trainingMode parameter to false before checking in
Warning: '.BooleanSwitch_RegressionTest_WrongTrainingValues.Test' is in training mode, set the trainingMode parameter to false before checking in
Warning: '.BooleanSwitch_RegressionTest_WrongTrainingValues.Test2' is in training mode, set the trainingMode parameter to false before checking in
Warning: '.BooleanSwitch_RegressionTest_WrongTrainingValues.Test2' The test produced 0 tokens.
Warning: '.top.testExceptionHandler' is in training mode, set the trainingMode parameter to false before checking in
java.lang.RuntimeException: Execution failed
	at ptolemy.moml.MoMLSimpleApplication$UnloadThread.run(MoMLSimpleApplication.java:402)
Caused by: ptolemy.kernel.util.IllegalActionException: PublisherPorts cannot be used at the top level, use a Publisher actor instead.
  in .PublisherPortToplevelSubscriber.PublisherPort
	at ptolemy.actor.PublisherPort.preinitialize(PublisherPort.java:403)
	at ptolemy.actor.CompositeActor.preinitialize(CompositeActor.java:1769)
	at ptolemy.actor.Manager.preinitializeAndResolveTypes(Manager.java:1040)
	at ptolemy.actor.Manager.initialize(Manager.java:710)
	at ptolemy.actor.Manager.execute(Manager.java:356)
	at ptolemy.actor.Manager.run(Manager.java:1263)
	at ptolemy.actor.Manager$PtolemyRunThread.run(Manager.java:1915)
java.lang.reflect.InvocationTargetException
	at sun.reflect.NativeConstructorAccessorImpl.newInstance0(Native Method)
	at sun.reflect.NativeConstructorAccessorImpl.newInstance(NativeConstructorAccessorImpl.java:62)
	at sun.reflect.DelegatingConstructorAccessorImpl.newInstance(DelegatingConstructorAccessorImpl.java:45)
	at java.lang.reflect.Constructor.newInstance(Constructor.java:423)
	at ptolemy.util.test.junit.AutoKnownFailedTests.RunModel(AutoKnownFailedTests.java:107)
	at sun.reflect.NativeMethodAccessorImpl.invoke0(Native Method)
	at sun.reflect.NativeMethodAccessorImpl.invoke(NativeMethodAccessorImpl.java:62)
	at sun.reflect.DelegatingMethodAccessorImpl.invoke(DelegatingMethodAccessorImpl.java:43)
	at java.lang.reflect.Method.invoke(Method.java:498)
	at org.junit.runners.model.FrameworkMethod$1.runReflectiveCall(FrameworkMethod.java:44)
	at org.junit.internal.runners.model.ReflectiveCallable.run(ReflectiveCallable.java:15)
	at org.junit.runners.model.FrameworkMethod.invokeExplosively(FrameworkMethod.java:41)
	at junitparams.internal.InvokeParameterisedMethod.evaluate(InvokeParameterisedMethod.java:102)
	at org.junit.internal.runners.statements.FailOnTimeout$1.run(FailOnTimeout.java:28)
Caused by: ptolemy.kernel.util.IllegalActionException: PublisherPorts cannot be used at the top level, use a Publisher actor instead.
  in .PublisherPortToplevelSubscriber.PublisherPort
	at ptolemy.actor.PublisherPort.preinitialize(PublisherPort.java:403)
	at ptolemy.actor.CompositeActor.preinitialize(CompositeActor.java:1769)
	at ptolemy.actor.Manager.preinitializeAndResolveTypes(Manager.java:1040)
	at ptolemy.actor.Manager.initialize(Manager.java:710)
	at ptolemy.actor.Manager.execute(Manager.java:356)
	at ptolemy.actor.Manager.run(Manager.java:1263)
	at ptolemy.actor.Manager$PtolemyRunThread.run(Manager.java:1915)
java.lang.RuntimeException: Execution failed
	at ptolemy.moml.MoMLSimpleApplication$UnloadThread.run(MoMLSimpleApplication.java:402)
Caused by: ptolemy.kernel.util.IllegalActionException: SubscriberPorts cannot be used at the top level, use a Subscriber actor instead.
  in .PublisherSubscriberPortToplevel.SubscriberPort
	at ptolemy.actor.SubscriberPort.preinitialize(SubscriberPort.java:328)
	at ptolemy.actor.CompositeActor.preinitialize(CompositeActor.java:1769)
	at ptolemy.actor.Manager.preinitializeAndResolveTypes(Manager.java:1040)
	at ptolemy.actor.Manager.initialize(Manager.java:710)
	at ptolemy.actor.Manager.execute(Manager.java:356)
	at ptolemy.actor.Manager.run(Manager.java:1263)
	at ptolemy.actor.Manager$PtolemyRunThread.run(Manager.java:1915)
java.lang.reflect.InvocationTargetException
	at sun.reflect.NativeConstructorAccessorImpl.newInstance0(Native Method)
	at sun.reflect.NativeConstructorAccessorImpl.newInstance(NativeConstructorAccessorImpl.java:62)
	at sun.reflect.DelegatingConstructorAccessorImpl.newInstance(DelegatingConstructorAccessorImpl.java:45)
	at java.lang.reflect.Constructor.newInstance(Constructor.java:423)
	at ptolemy.util.test.junit.AutoKnownFailedTests.RunModel(AutoKnownFailedTests.java:107)
	at sun.reflect.NativeMethodAccessorImpl.invoke0(Native Method)
	at sun.reflect.NativeMethodAccessorImpl.invoke(NativeMethodAccessorImpl.java:62)
	at sun.reflect.DelegatingMethodAccessorImpl.invoke(DelegatingMethodAccessorImpl.java:43)
	at java.lang.reflect.Method.invoke(Method.java:498)
	at org.junit.runners.model.FrameworkMethod$1.runReflectiveCall(FrameworkMethod.java:44)
	at org.junit.internal.runners.model.ReflectiveCallable.run(ReflectiveCallable.java:15)
	at org.junit.runners.model.FrameworkMethod.invokeExplosively(FrameworkMethod.java:41)
	at junitparams.internal.InvokeParameterisedMethod.evaluate(InvokeParameterisedMethod.java:102)
	at org.junit.internal.runners.statements.FailOnTimeout$1.run(FailOnTimeout.java:28)
Caused by: ptolemy.kernel.util.IllegalActionException: SubscriberPorts cannot be used at the top level, use a Subscriber actor instead.
  in .PublisherSubscriberPortToplevel.SubscriberPort
	at ptolemy.actor.SubscriberPort.preinitialize(SubscriberPort.java:328)
	at ptolemy.actor.CompositeActor.preinitialize(CompositeActor.java:1769)
	at ptolemy.actor.Manager.preinitializeAndResolveTypes(Manager.java:1040)
	at ptolemy.actor.Manager.initialize(Manager.java:710)
	at ptolemy.actor.Manager.execute(Manager.java:356)
	at ptolemy.actor.Manager.run(Manager.java:1263)
	at ptolemy.actor.Manager$PtolemyRunThread.run(Manager.java:1915)
java.lang.RuntimeException: Execution failed
	at ptolemy.moml.MoMLSimpleApplication$UnloadThread.run(MoMLSimpleApplication.java:402)
Caused by: ptolemy.kernel.util.IllegalActionException: SubscriptionAggregatorPorts cannot be used at the top level, use a SubscriptionAggregator actor instead.
  in .PublisherSubscriptionAggregatorPort.SubscriptionAggregatorPort
	at ptolemy.actor.SubscriptionAggregatorPort.preinitialize(SubscriptionAggregatorPort.java:353)
	at ptolemy.actor.CompositeActor.preinitialize(CompositeActor.java:1769)
	at ptolemy.actor.Manager.preinitializeAndResolveTypes(Manager.java:1040)
	at ptolemy.actor.Manager.initialize(Manager.java:710)
	at ptolemy.actor.Manager.execute(Manager.java:356)
	at ptolemy.actor.Manager.run(Manager.java:1263)
	at ptolemy.actor.Manager$PtolemyRunThread.run(Manager.java:1915)
java.lang.reflect.InvocationTargetException
	at sun.reflect.NativeConstructorAccessorImpl.newInstance0(Native Method)
	at sun.reflect.NativeConstructorAccessorImpl.newInstance(NativeConstructorAccessorImpl.java:62)
	at sun.reflect.DelegatingConstructorAccessorImpl.newInstance(DelegatingConstructorAccessorImpl.java:45)
	at java.lang.reflect.Constructor.newInstance(Constructor.java:423)
	at ptolemy.util.test.junit.AutoKnownFailedTests.RunModel(AutoKnownFailedTests.java:107)
	at sun.reflect.NativeMethodAccessorImpl.invoke0(Native Method)
	at sun.reflect.NativeMethodAccessorImpl.invoke(NativeMethodAccessorImpl.java:62)
	at sun.reflect.DelegatingMethodAccessorImpl.invoke(DelegatingMethodAccessorImpl.java:43)
	at java.lang.reflect.Method.invoke(Method.java:498)
	at org.junit.runners.model.FrameworkMethod$1.runReflectiveCall(FrameworkMethod.java:44)
	at org.junit.internal.runners.model.ReflectiveCallable.run(ReflectiveCallable.java:15)
	at org.junit.runners.model.FrameworkMethod.invokeExplosively(FrameworkMethod.java:41)
	at junitparams.internal.InvokeParameterisedMethod.evaluate(InvokeParameterisedMethod.java:102)
	at org.junit.internal.runners.statements.FailOnTimeout$1.run(FailOnTimeout.java:28)
Caused by: ptolemy.kernel.util.IllegalActionException: SubscriptionAggregatorPorts cannot be used at the top level, use a SubscriptionAggregator actor instead.
  in .PublisherSubscriptionAggregatorPort.SubscriptionAggregatorPort
	at ptolemy.actor.SubscriptionAggregatorPort.preinitialize(SubscriptionAggregatorPort.java:353)
	at ptolemy.actor.CompositeActor.preinitialize(CompositeActor.java:1769)
	at ptolemy.actor.Manager.preinitializeAndResolveTypes(Manager.java:1040)
	at ptolemy.actor.Manager.initialize(Manager.java:710)
	at ptolemy.actor.Manager.execute(Manager.java:356)
	at ptolemy.actor.Manager.run(Manager.java:1263)
	at ptolemy.actor.Manager$PtolemyRunThread.run(Manager.java:1915)
java.lang.RuntimeException: Execution failed
	at ptolemy.moml.MoMLSimpleApplication$UnloadThread.run(MoMLSimpleApplication.java:402)
Caused by: ptolemy.kernel.util.IllegalActionException: TypeTest actor has no training data.
  in .sizedarray3.TypeTest
	at ptolemy.actor.lib.TypeTest.initialize(TypeTest.java:250)
	at ptolemy.actor.Director.initialize(Director.java:938)
	at ptolemy.actor.Director.initialize(Director.java:907)
	at ptolemy.actor.sched.StaticSchedulingDirector.initialize(StaticSchedulingDirector.java:159)
	at ptolemy.domains.sdf.kernel.SDFDirector.initialize(SDFDirector.java:544)
	at ptolemy.actor.CompositeActor.initialize(CompositeActor.java:935)
	at ptolemy.actor.Manager.initialize(Manager.java:724)
	at ptolemy.actor.Manager.execute(Manager.java:356)
	at ptolemy.actor.Manager.run(Manager.java:1263)
	at ptolemy.actor.Manager$PtolemyRunThread.run(Manager.java:1915)
java.lang.reflect.InvocationTargetException
	at sun.reflect.NativeConstructorAccessorImpl.newInstance0(Native Method)
	at sun.reflect.NativeConstructorAccessorImpl.newInstance(NativeConstructorAccessorImpl.java:62)
	at sun.reflect.DelegatingConstructorAccessorImpl.newInstance(DelegatingConstructorAccessorImpl.java:45)
	at java.lang.reflect.Constructor.newInstance(Constructor.java:423)
	at ptolemy.util.test.junit.AutoKnownFailedTests.RunModel(AutoKnownFailedTests.java:107)
	at sun.reflect.NativeMethodAccessorImpl.invoke0(Native Method)
	at sun.reflect.NativeMethodAccessorImpl.invoke(NativeMethodAccessorImpl.java:62)
	at sun.reflect.DelegatingMethodAccessorImpl.invoke(DelegatingMethodAccessorImpl.java:43)
	at java.lang.reflect.Method.invoke(Method.java:498)
	at org.junit.runners.model.FrameworkMethod$1.runReflectiveCall(FrameworkMethod.java:44)
	at org.junit.internal.runners.model.ReflectiveCallable.run(ReflectiveCallable.java:15)
	at org.junit.runners.model.FrameworkMethod.invokeExplosively(FrameworkMethod.java:41)
	at junitparams.internal.InvokeParameterisedMethod.evaluate(InvokeParameterisedMethod.java:102)
	at org.junit.internal.runners.statements.FailOnTimeout$1.run(FailOnTimeout.java:28)
Caused by: ptolemy.kernel.util.IllegalActionException: TypeTest actor has no training data.
  in .sizedarray3.TypeTest
	at ptolemy.actor.lib.TypeTest.initialize(TypeTest.java:250)
	at ptolemy.actor.Director.initialize(Director.java:938)
	at ptolemy.actor.Director.initialize(Director.java:907)
	at ptolemy.actor.sched.StaticSchedulingDirector.initialize(StaticSchedulingDirector.java:159)
	at ptolemy.domains.sdf.kernel.SDFDirector.initialize(SDFDirector.java:544)
	at ptolemy.actor.CompositeActor.initialize(CompositeActor.java:935)
	at ptolemy.actor.Manager.initialize(Manager.java:724)
	at ptolemy.actor.Manager.execute(Manager.java:356)
	at ptolemy.actor.Manager.run(Manager.java:1263)
	at ptolemy.actor.Manager$PtolemyRunThread.run(Manager.java:1915)
ptolemy.kernel.util.InternalErrorException: Exec Stdout Gobbler-4: Failed while reading from java.lang.UNIXProcess$ProcessPipeInputStream@33ec40dd. To avoid this, try setting the ignoreIOExceptionReadErrors parameter to true.null
  in .ExecEnvironment.Exec
Because:
Stream closed
	at ptolemy.actor.lib.Exec$_StreamReaderThread._read(Exec.java:762)
	at ptolemy.actor.lib.Exec$_StreamReaderThread.run(Exec.java:706)
Caused by: java.io.IOException: Stream closed
	at sun.nio.cs.StreamDecoder.ensureOpen(StreamDecoder.java:46)
	at sun.nio.cs.StreamDecoder.read(StreamDecoder.java:148)
	at java.io.InputStreamReader.read(InputStreamReader.java:184)
	at ptolemy.actor.lib.Exec$_StreamReaderThread._read(Exec.java:724)
	... 1 more
Caused by: java.io.IOException: Stream closed
	at sun.nio.cs.StreamDecoder.ensureOpen(StreamDecoder.java:46)
	at sun.nio.cs.StreamDecoder.read(StreamDecoder.java:148)
	at java.io.InputStreamReader.read(InputStreamReader.java:184)
	at ptolemy.actor.lib.Exec$_StreamReaderThread._read(Exec.java:724)
	at ptolemy.actor.lib.Exec$_StreamReaderThread.run(Exec.java:706)
ptolemy.kernel.util.InternalErrorException: Exec Stdout Gobbler-6: Failed while reading from java.lang.UNIXProcess$ProcessPipeInputStream@3ef2c604. To avoid this, try setting the ignoreIOExceptionReadErrors parameter to true.null
  in .ExecEnvironment.Exec
Because:
Stream closed
	at ptolemy.actor.lib.Exec$_StreamReaderThread._read(Exec.java:762)
	at ptolemy.actor.lib.Exec$_StreamReaderThread.run(Exec.java:706)
Caused by: java.io.IOException: Stream closed
	at sun.nio.cs.StreamDecoder.ensureOpen(StreamDecoder.java:46)
	at sun.nio.cs.StreamDecoder.read(StreamDecoder.java:148)
	at java.io.InputStreamReader.read(InputStreamReader.java:184)
	at ptolemy.actor.lib.Exec$_StreamReaderThread._read(Exec.java:724)
	... 1 more
Caused by: java.io.IOException: Stream closed
	at sun.nio.cs.StreamDecoder.ensureOpen(StreamDecoder.java:46)
	at sun.nio.cs.StreamDecoder.read(StreamDecoder.java:148)
	at java.io.InputStreamReader.read(InputStreamReader.java:184)
	at ptolemy.actor.lib.Exec$_StreamReaderThread._read(Exec.java:724)
	at ptolemy.actor.lib.Exec$_StreamReaderThread.run(Exec.java:706)
]]></system-err>
</testsuite>
